[
  {
    "Plan": {
      "Node Type": "Aggregate",
      "Strategy": "Plain",
      "Partial Mode": "Finalize",
      "Parallel Aware": false,
      "Startup Cost": 129811.97,
      "Total Cost": 129811.98,
      "Plan Rows": 1,
      "Plan Width": 8,
      "Actual Startup Time": 292.904,
      "Actual Total Time": 317.816,
      "Actual Rows": 1,
      "Actual Loops": 1,
      "Plans": [
        {
          "Node Type": "Gather",
          "Parent Relationship": "Outer",
          "Parallel Aware": false,
          "Startup Cost": 129811.65,
          "Total Cost": 129811.96,
          "Plan Rows": 3,
          "Plan Width": 8,
          "Actual Startup Time": 291.992,
          "Actual Total Time": 317.807,
          "Actual Rows": 4,
          "Actual Loops": 1,
          "Workers Planned": 3,
          "Workers Launched": 3,
          "Single Copy": false,
          "Plans": [
            {
              "Node Type": "Aggregate",
              "Strategy": "Plain",
              "Partial Mode": "Partial",
              "Parent Relationship": "Outer",
              "Parallel Aware": false,
              "Startup Cost": 128811.65,
              "Total Cost": 128811.66,
              "Plan Rows": 1,
              "Plan Width": 8,
              "Actual Startup Time": 282.564,
              "Actual Total Time": 282.568,
              "Actual Rows": 1,
              "Actual Loops": 4,
              "Plans": [
                {
                  "Node Type": "Nested Loop",
                  "Parent Relationship": "Outer",
                  "Parallel Aware": false,
                  "Join Type": "Inner",
                  "Startup Cost": 59340.66,
                  "Total Cost": 128612.9,
                  "Plan Rows": 79500,
                  "Plan Width": 0,
                  "Actual Startup Time": 154.412,
                  "Actual Total Time": 281.293,
                  "Actual Rows": 16140,
                  "Actual Loops": 4,
                  "Inner Unique": false,
                  "Join Filter": "(t.id = mi.movie_id)",
                  "Rows Removed by Join Filter": 0,
                  "Plans": [
                    {
                      "Node Type": "Hash Join",
                      "Parent Relationship": "Outer",
                      "Parallel Aware": true,
                      "Join Type": "Inner",
                      "Startup Cost": 59340.23,
                      "Total Cost": 86860.68,
                      "Plan Rows": 13596,
                      "Plan Width": 8,
                      "Actual Startup Time": 154.27,
                      "Actual Total Time": 236.234,
                      "Actual Rows": 2095,
                      "Actual Loops": 4,
                      "Inner Unique": true,
                      "Hash Cond": "(mk.movie_id = t.id)",
                      "Plans": [
                        {
                          "Node Type": "Bitmap Heap Scan",
                          "Parent Relationship": "Outer",
                          "Parallel Aware": true,
                          "Relation Name": "movie_keyword",
                          "Alias": "mk",
                          "Startup Cost": 13331.28,
                          "Total Cost": 40319.53,
                          "Plan Rows": 202741,
                          "Plan Width": 4,
                          "Actual Startup Time": 38.939,
                          "Actual Total Time": 93.533,
                          "Actual Rows": 159910,
                          "Actual Loops": 4,
                          "Recheck Cond": "(keyword_id < 496)",
                          "Rows Removed by Index Recheck": 0,
                          "Exact Heap Blocks": 8882,
                          "Lossy Heap Blocks": 0,
                          "Plans": [
                            {
                              "Node Type": "Bitmap Index Scan",
                              "Parent Relationship": "Outer",
                              "Parallel Aware": false,
                              "Index Name": "keyword_id_movie_keyword",
                              "Startup Cost": 0.0,
                              "Total Cost": 13174.15,
                              "Plan Rows": 628496,
                              "Plan Width": 0,
                              "Actual Startup Time": 35.233,
                              "Actual Total Time": 35.234,
                              "Actual Rows": 639638,
                              "Actual Loops": 1,
                              "Index Cond": "(keyword_id < 496)"
                            }
                          ]
                        },
                        {
                          "Node Type": "Hash",
                          "Parent Relationship": "Inner",
                          "Parallel Aware": true,
                          "Startup Cost": 45479.1,
                          "Total Cost": 45479.1,
                          "Plan Rows": 42388,
                          "Plan Width": 4,
                          "Actual Startup Time": 112.891,
                          "Actual Total Time": 112.892,
                          "Actual Rows": 42517,
                          "Actual Loops": 4,
                          "Hash Buckets": 262144,
                          "Original Hash Buckets": 262144,
                          "Hash Batches": 1,
                          "Original Hash Batches": 1,
                          "Peak Memory Usage": 8736,
                          "Plans": [
                            {
                              "Node Type": "Seq Scan",
                              "Parent Relationship": "Outer",
                              "Parallel Aware": true,
                              "Relation Name": "title",
                              "Alias": "t",
                              "Startup Cost": 0.0,
                              "Total Cost": 45479.1,
                              "Plan Rows": 42388,
                              "Plan Width": 4,
                              "Actual Startup Time": 0.042,
                              "Actual Total Time": 95.758,
                              "Actual Rows": 42517,
                              "Actual Loops": 4,
                              "Filter": "((kind_id > 1) AND (production_year > 2011))",
                              "Rows Removed by Filter": 589561
                            }
                          ]
                        }
                      ]
                    },
                    {
                      "Node Type": "Index Only Scan",
                      "Parent Relationship": "Inner",
                      "Parallel Aware": false,
                      "Scan Direction": "Forward",
                      "Index Name": "movie_id_movie_info",
                      "Relation Name": "movie_info",
                      "Alias": "mi",
                      "Startup Cost": 0.43,
                      "Total Cost": 2.55,
                      "Plan Rows": 42,
                      "Plan Width": 4,
                      "Actual Startup Time": 0.008,
                      "Actual Total Time": 0.02,
                      "Actual Rows": 8,
                      "Actual Loops": 8381,
                      "Index Cond": "(movie_id = mk.movie_id)",
                      "Rows Removed by Index Recheck": 0,
                      "Heap Fetches": 64562
                    }
                  ]
                }
              ]
            }
          ]
        }
      ]
    },
    "Planning Time": 1.384,
    "Triggers": [],
    "Execution Time": 317.924
  }
]