[
  {
    "Plan": {
      "Node Type": "Aggregate",
      "Strategy": "Plain",
      "Partial Mode": "Finalize",
      "Parallel Aware": false,
      "Startup Cost": 30741.84,
      "Total Cost": 30741.85,
      "Plan Rows": 1,
      "Plan Width": 8,
      "Actual Startup Time": 84.462,
      "Actual Total Time": 92.941,
      "Actual Rows": 1,
      "Actual Loops": 1,
      "Plans": [
        {
          "Node Type": "Gather",
          "Parent Relationship": "Outer",
          "Parallel Aware": false,
          "Startup Cost": 30741.52,
          "Total Cost": 30741.83,
          "Plan Rows": 3,
          "Plan Width": 8,
          "Actual Startup Time": 84.265,
          "Actual Total Time": 92.933,
          "Actual Rows": 4,
          "Actual Loops": 1,
          "Workers Planned": 3,
          "Workers Launched": 3,
          "Single Copy": false,
          "Plans": [
            {
              "Node Type": "Aggregate",
              "Strategy": "Plain",
              "Partial Mode": "Partial",
              "Parent Relationship": "Outer",
              "Parallel Aware": false,
              "Startup Cost": 29741.52,
              "Total Cost": 29741.53,
              "Plan Rows": 1,
              "Plan Width": 8,
              "Actual Startup Time": 78.078,
              "Actual Total Time": 78.08,
              "Actual Rows": 1,
              "Actual Loops": 4,
              "Plans": [
                {
                  "Node Type": "Seq Scan",
                  "Parent Relationship": "Outer",
                  "Parallel Aware": true,
                  "Relation Name": "movie_companies",
                  "Alias": "mc",
                  "Startup Cost": 0.0,
                  "Total Cost": 29310.68,
                  "Plan Rows": 172335,
                  "Plan Width": 0,
                  "Actual Startup Time": 43.278,
                  "Actual Total Time": 72.559,
                  "Actual Rows": 136018,
                  "Actual Loops": 4,
                  "Filter": "(company_id > 72071)",
                  "Rows Removed by Filter": 516265
                }
              ]
            }
          ]
        }
      ]
    },
    "Planning Time": 0.152,
    "Triggers": [],
    "Execution Time": 92.989
  }
]