{
  "Plan": {
    "Node Type": "Aggregate",
    "Strategy": "Plain",
    "Partial Mode": "Finalize",
    "Parallel Aware": false,
    "Startup Cost": 459709.35,
    "Total Cost": 459709.36,
    "Plan Rows": 1,
    "Plan Width": 8,
    "Actual Startup Time": 1865.646,
    "Actual Total Time": 1904.381,
    "Actual Rows": 1,
    "Actual Loops": 1,
    "Plans": [
      {
        "Node Type": "Gather",
        "Parent Relationship": "Outer",
        "Parallel Aware": false,
        "Startup Cost": 459709.24,
        "Total Cost": 459709.35,
        "Plan Rows": 1,
        "Plan Width": 8,
        "Actual Startup Time": 1865.056,
        "Actual Total Time": 1904.372,
        "Actual Rows": 2,
        "Actual Loops": 1,
        "Workers Planned": 1,
        "Workers Launched": 1,
        "Single Copy": false,
        "Plans": [
          {
            "Node Type": "Aggregate",
            "Strategy": "Plain",
            "Partial Mode": "Partial",
            "Parent Relationship": "Outer",
            "Parallel Aware": false,
            "Startup Cost": 458709.24,
            "Total Cost": 458709.25,
            "Plan Rows": 1,
            "Plan Width": 8,
            "Actual Startup Time": 1859.286,
            "Actual Total Time": 1859.289,
            "Actual Rows": 1,
            "Actual Loops": 2,
            "Plans": [
              {
                "Node Type": "Hash Join",
                "Parent Relationship": "Outer",
                "Parallel Aware": true,
                "Join Type": "Inner",
                "Startup Cost": 55709.19,
                "Total Cost": 457603.69,
                "Plan Rows": 442219,
                "Plan Width": 0,
                "Actual Startup Time": 156.55,
                "Actual Total Time": 1844.271,
                "Actual Rows": 319476,
                "Actual Loops": 2,
                "Inner Unique": true,
                "Hash Cond": "(ci.movie_id = t.id)",
                "Plans": [
                  {
                    "Node Type": "Index Scan",
                    "Parent Relationship": "Outer",
                    "Parallel Aware": true,
                    "Scan Direction": "Forward",
                    "Index Name": "role_id_cast_info",
                    "Relation Name": "cast_info",
                    "Alias": "ci",
                    "Startup Cost": 0.56,
                    "Total Cost": 382631.05,
                    "Plan Rows": 7338659,
                    "Plan Width": 4,
                    "Actual Startup Time": 0.058,
                    "Actual Total Time": 843.059,
                    "Actual Rows": 6335344,
                    "Actual Loops": 2,
                    "Index Cond": "(role_id < 2)",
                    "Rows Removed by Index Recheck": 0
                  },
                  {
                    "Node Type": "Hash",
                    "Parent Relationship": "Inner",
                    "Parallel Aware": true,
                    "Startup Cost": 54588.39,
                    "Total Cost": 54588.39,
                    "Plan Rows": 89619,
                    "Plan Width": 4,
                    "Actual Startup Time": 152.92,
                    "Actual Total Time": 152.921,
                    "Actual Rows": 78748,
                    "Actual Loops": 2,
                    "Hash Buckets": 262144,
                    "Original Hash Buckets": 262144,
                    "Hash Batches": 1,
                    "Original Hash Batches": 1,
                    "Peak Memory Usage": 8224,
                    "Plans": [
                      {
                        "Node Type": "Seq Scan",
                        "Parent Relationship": "Outer",
                        "Parallel Aware": true,
                        "Relation Name": "title",
                        "Alias": "t",
                        "Startup Cost": 0.0,
                        "Total Cost": 54588.39,
                        "Plan Rows": 89619,
                        "Plan Width": 4,
                        "Actual Startup Time": 5.077,
                        "Actual Total Time": 135.419,
                        "Actual Rows": 78748,
                        "Actual Loops": 2,
                        "Filter": "(production_year < 1948)",
                        "Rows Removed by Filter": 1185408
                      }
                    ]
                  }
                ]
              }
            ]
          }
        ]
      }
    ]
  },
  "Planning Time": 0.572,
  "Triggers": [],
  "Execution Time": 1904.463
}