[
  {
    "Plan": {
      "Node Type": "Aggregate",
      "Strategy": "Plain",
      "Partial Mode": "Finalize",
      "Parallel Aware": false,
      "Startup Cost": 32923.98,
      "Total Cost": 32923.99,
      "Plan Rows": 1,
      "Plan Width": 8,
      "Actual Startup Time": 94.854,
      "Actual Total Time": 102.735,
      "Actual Rows": 1,
      "Actual Loops": 1,
      "Plans": [
        {
          "Node Type": "Gather",
          "Parent Relationship": "Outer",
          "Parallel Aware": false,
          "Startup Cost": 32923.66,
          "Total Cost": 32923.97,
          "Plan Rows": 3,
          "Plan Width": 8,
          "Actual Startup Time": 94.764,
          "Actual Total Time": 102.727,
          "Actual Rows": 4,
          "Actual Loops": 1,
          "Workers Planned": 3,
          "Workers Launched": 3,
          "Single Copy": false,
          "Plans": [
            {
              "Node Type": "Aggregate",
              "Strategy": "Plain",
              "Partial Mode": "Partial",
              "Parent Relationship": "Outer",
              "Parallel Aware": false,
              "Startup Cost": 31923.66,
              "Total Cost": 31923.67,
              "Plan Rows": 1,
              "Plan Width": 8,
              "Actual Startup Time": 88.216,
              "Actual Total Time": 88.217,
              "Actual Rows": 1,
              "Actual Loops": 4,
              "Plans": [
                {
                  "Node Type": "Seq Scan",
                  "Parent Relationship": "Outer",
                  "Parallel Aware": true,
                  "Relation Name": "movie_companies",
                  "Alias": "mc",
                  "Startup Cost": 0.0,
                  "Total Cost": 31414.82,
                  "Plan Rows": 203536,
                  "Plan Width": 0,
                  "Actual Startup Time": 46.712,
                  "Actual Total Time": 79.729,
                  "Actual Rows": 223127,
                  "Actual Loops": 4,
                  "Filter": "((company_id > 11705) AND (company_type_id = 2))",
                  "Rows Removed by Filter": 429155
                }
              ]
            }
          ]
        }
      ]
    },
    "Planning Time": 0.251,
    "Triggers": [],
    "Execution Time": 102.79
  }
]