[
  {
    "Plan": {
      "Node Type": "Aggregate",
      "Strategy": "Plain",
      "Partial Mode": "Finalize",
      "Parallel Aware": false,
      "Startup Cost": 350250.1,
      "Total Cost": 350250.11,
      "Plan Rows": 1,
      "Plan Width": 8,
      "Actual Startup Time": 807.957,
      "Actual Total Time": 866.439,
      "Actual Rows": 1,
      "Actual Loops": 1,
      "Plans": [
        {
          "Node Type": "Gather",
          "Parent Relationship": "Outer",
          "Parallel Aware": false,
          "Startup Cost": 350249.47,
          "Total Cost": 350250.08,
          "Plan Rows": 6,
          "Plan Width": 8,
          "Actual Startup Time": 807.825,
          "Actual Total Time": 866.429,
          "Actual Rows": 7,
          "Actual Loops": 1,
          "Workers Planned": 6,
          "Workers Launched": 6,
          "Single Copy": false,
          "Plans": [
            {
              "Node Type": "Aggregate",
              "Strategy": "Plain",
              "Partial Mode": "Partial",
              "Parent Relationship": "Outer",
              "Parallel Aware": false,
              "Startup Cost": 349249.47,
              "Total Cost": 349249.48,
              "Plan Rows": 1,
              "Plan Width": 8,
              "Actual Startup Time": 797.989,
              "Actual Total Time": 797.99,
              "Actual Rows": 1,
              "Actual Loops": 7,
              "Plans": [
                {
                  "Node Type": "Seq Scan",
                  "Parent Relationship": "Outer",
                  "Parallel Aware": true,
                  "Relation Name": "cast_info",
                  "Alias": "ci",
                  "Startup Cost": 0.0,
                  "Total Cost": 343257.03,
                  "Plan Rows": 2396977,
                  "Plan Width": 0,
                  "Actual Startup Time": 0.053,
                  "Actual Total Time": 682.163,
                  "Actual Rows": 2566090,
                  "Actual Loops": 7,
                  "Filter": "((person_id < 2226179) AND (role_id < 4))",
                  "Rows Removed by Filter": 2611673
                }
              ]
            }
          ]
        }
      ]
    },
    "Planning Time": 0.207,
    "Triggers": [],
    "Execution Time": 866.505
  }
]