[
  {
    "Plan": {
      "Node Type": "Aggregate",
      "Strategy": "Plain",
      "Partial Mode": "Finalize",
      "Parallel Aware": false,
      "Startup Cost": 25040.83,
      "Total Cost": 25040.84,
      "Plan Rows": 1,
      "Plan Width": 8,
      "Actual Startup Time": 62.126,
      "Actual Total Time": 66.095,
      "Actual Rows": 1,
      "Actual Loops": 1,
      "Plans": [
        {
          "Node Type": "Gather",
          "Parent Relationship": "Outer",
          "Parallel Aware": false,
          "Startup Cost": 25040.51,
          "Total Cost": 25040.82,
          "Plan Rows": 3,
          "Plan Width": 8,
          "Actual Startup Time": 61.965,
          "Actual Total Time": 66.087,
          "Actual Rows": 4,
          "Actual Loops": 1,
          "Workers Planned": 3,
          "Workers Launched": 3,
          "Single Copy": false,
          "Plans": [
            {
              "Node Type": "Aggregate",
              "Strategy": "Plain",
              "Partial Mode": "Partial",
              "Parent Relationship": "Outer",
              "Parallel Aware": false,
              "Startup Cost": 24040.51,
              "Total Cost": 24040.52,
              "Plan Rows": 1,
              "Plan Width": 8,
              "Actual Startup Time": 53.066,
              "Actual Total Time": 53.067,
              "Actual Rows": 1,
              "Actual Loops": 4,
              "Plans": [
                {
                  "Node Type": "Bitmap Heap Scan",
                  "Parent Relationship": "Outer",
                  "Parallel Aware": true,
                  "Relation Name": "movie_companies",
                  "Alias": "mc",
                  "Startup Cost": 4222.45,
                  "Total Cost": 23960.3,
                  "Plan Rows": 32084,
                  "Plan Width": 0,
                  "Actual Startup Time": 19.114,
                  "Actual Total Time": 48.819,
                  "Actual Rows": 47563,
                  "Actual Loops": 4,
                  "Recheck Cond": "(company_id > 116619)",
                  "Rows Removed by Index Recheck": 0,
                  "Filter": "(company_type_id > 1)",
                  "Rows Removed by Filter": 0,
                  "Exact Heap Blocks": 2003,
                  "Lossy Heap Blocks": 0,
                  "Plans": [
                    {
                      "Node Type": "Bitmap Index Scan",
                      "Parent Relationship": "Outer",
                      "Parallel Aware": false,
                      "Index Name": "company_id_movie_companies",
                      "Startup Cost": 0.0,
                      "Total Cost": 4197.59,
                      "Plan Rows": 195888,
                      "Plan Width": 0,
                      "Actual Startup Time": 25.619,
                      "Actual Total Time": 25.619,
                      "Actual Rows": 190251,
                      "Actual Loops": 1,
                      "Index Cond": "(company_id > 116619)"
                    }
                  ]
                }
              ]
            }
          ]
        }
      ]
    },
    "Planning Time": 0.199,
    "Triggers": [],
    "Execution Time": 66.165
  }
]