{
    "Plan": {
        "Node Type": "Aggregate",
        "Strategy": "Plain",
        "Partial Mode": "Finalize",
        "Parallel Aware": false,
        "Startup Cost": 469837.05,
        "Total Cost": 469837.06,
        "Plan Rows": 1,
        "Plan Width": 8,
        "Actual Startup Time": 2679.002,
        "Actual Total Time": 2727.954,
        "Actual Rows": 1,
        "Actual Loops": 1,
        "Output": [
            "count(*)"
        ],
        "Plans": [
            {
                "Node Type": "Gather",
                "Parent Relationship": "Outer",
                "Parallel Aware": false,
                "Startup Cost": 469836.42,
                "Total Cost": 469837.03,
                "Plan Rows": 6,
                "Plan Width": 8,
                "Actual Startup Time": 2646.61,
                "Actual Total Time": 2727.941,
                "Actual Rows": 7,
                "Actual Loops": 1,
                "Output": [
                    "(PARTIAL count(*))"
                ],
                "Workers Planned": 6,
                "Workers Launched": 6,
                "Single Copy": false,
                "Plans": [
                    {
                        "Node Type": "Aggregate",
                        "Strategy": "Plain",
                        "Partial Mode": "Partial",
                        "Parent Relationship": "Outer",
                        "Parallel Aware": false,
                        "Startup Cost": 468836.42,
                        "Total Cost": 468836.43,
                        "Plan Rows": 1,
                        "Plan Width": 8,
                        "Actual Startup Time": 2626.028,
                        "Actual Total Time": 2626.209,
                        "Actual Rows": 1,
                        "Actual Loops": 7,
                        "Output": [
                            "PARTIAL count(*)"
                        ],
                        "Workers": [
                            {
                                "Worker Number": 0,
                                "Actual Startup Time": 2622.507,
                                "Actual Total Time": 2622.513,
                                "Actual Rows": 1,
                                "Actual Loops": 1
                            },
                            {
                                "Worker Number": 1,
                                "Actual Startup Time": 2622.524,
                                "Actual Total Time": 2622.538,
                                "Actual Rows": 1,
                                "Actual Loops": 1
                            },
                            {
                                "Worker Number": 2,
                                "Actual Startup Time": 2622.619,
                                "Actual Total Time": 2622.624,
                                "Actual Rows": 1,
                                "Actual Loops": 1
                            },
                            {
                                "Worker Number": 3,
                                "Actual Startup Time": 2622.621,
                                "Actual Total Time": 2622.626,
                                "Actual Rows": 1,
                                "Actual Loops": 1
                            },
                            {
                                "Worker Number": 4,
                                "Actual Startup Time": 2622.623,
                                "Actual Total Time": 2622.628,
                                "Actual Rows": 1,
                                "Actual Loops": 1
                            },
                            {
                                "Worker Number": 5,
                                "Actual Startup Time": 2623.65,
                                "Actual Total Time": 2623.654,
                                "Actual Rows": 1,
                                "Actual Loops": 1
                            }
                        ],
                        "Plans": [
                            {
                                "Node Type": "Hash Join",
                                "Parent Relationship": "Outer",
                                "Parallel Aware": true,
                                "Join Type": "Inner",
                                "Startup Cost": 103574.66,
                                "Total Cost": 455958.12,
                                "Plan Rows": 5151322,
                                "Plan Width": 0,
                                "Actual Startup Time": 429.337,
                                "Actual Total Time": 2426.457,
                                "Actual Rows": 4362573,
                                "Actual Loops": 7,
                                "Inner Unique": false,
                                "Hash Cond": "(ci.movie_id = t.id)",
                                "Workers": [
                                    {
                                        "Worker Number": 0,
                                        "Actual Startup Time": 425.953,
                                        "Actual Total Time": 2417.341,
                                        "Actual Rows": 3719381,
                                        "Actual Loops": 1
                                    },
                                    {
                                        "Worker Number": 1,
                                        "Actual Startup Time": 426.036,
                                        "Actual Total Time": 2407.654,
                                        "Actual Rows": 3574374,
                                        "Actual Loops": 1
                                    },
                                    {
                                        "Worker Number": 2,
                                        "Actual Startup Time": 426.043,
                                        "Actual Total Time": 2418.098,
                                        "Actual Rows": 3730836,
                                        "Actual Loops": 1
                                    },
                                    {
                                        "Worker Number": 3,
                                        "Actual Startup Time": 426.046,
                                        "Actual Total Time": 2436.983,
                                        "Actual Rows": 4643635,
                                        "Actual Loops": 1
                                    },
                                    {
                                        "Worker Number": 4,
                                        "Actual Startup Time": 426.056,
                                        "Actual Total Time": 2432.474,
                                        "Actual Rows": 4755506,
                                        "Actual Loops": 1
                                    },
                                    {
                                        "Worker Number": 5,
                                        "Actual Startup Time": 426.139,
                                        "Actual Total Time": 2430.839,
                                        "Actual Rows": 4861443,
                                        "Actual Loops": 1
                                    }
                                ],
                                "Plans": [
                                    {
                                        "Node Type": "Seq Scan",
                                        "Parent Relationship": "Outer",
                                        "Parallel Aware": true,
                                        "Relation Name": "cast_info",
                                        "Schema": "public",
                                        "Alias": "ci",
                                        "Startup Cost": 0.0,
                                        "Total Cost": 313108.29,
                                        "Plan Rows": 6042129,
                                        "Plan Width": 4,
                                        "Actual Startup Time": 0.027,
                                        "Actual Total Time": 573.285,
                                        "Actual Rows": 5177763,
                                        "Actual Loops": 7,
                                        "Output": [
                                            "ci.id",
                                            "ci.person_id",
                                            "ci.movie_id",
                                            "ci.person_role_id",
                                            "ci.note",
                                            "ci.nr_order",
                                            "ci.role_id"
                                        ],
                                        "Workers": [
                                            {
                                                "Worker Number": 0,
                                                "Actual Startup Time": 0.036,
                                                "Actual Total Time": 600.402,
                                                "Actual Rows": 4322049,
                                                "Actual Loops": 1
                                            },
                                            {
                                                "Worker Number": 1,
                                                "Actual Startup Time": 0.037,
                                                "Actual Total Time": 595.489,
                                                "Actual Rows": 4236954,
                                                "Actual Loops": 1
                                            },
                                            {
                                                "Worker Number": 2,
                                                "Actual Startup Time": 0.031,
                                                "Actual Total Time": 599.548,
                                                "Actual Rows": 4374856,
                                                "Actual Loops": 1
                                            },
                                            {
                                                "Worker Number": 3,
                                                "Actual Startup Time": 0.026,
                                                "Actual Total Time": 587.592,
                                                "Actual Rows": 5541203,
                                                "Actual Loops": 1
                                            },
                                            {
                                                "Worker Number": 4,
                                                "Actual Startup Time": 0.024,
                                                "Actual Total Time": 584.698,
                                                "Actual Rows": 5567326,
                                                "Actual Loops": 1
                                            },
                                            {
                                                "Worker Number": 5,
                                                "Actual Startup Time": 0.026,
                                                "Actual Total Time": 575.497,
                                                "Actual Rows": 5799240,
                                                "Actual Loops": 1
                                            }
                                        ]
                                    },
                                    {
                                        "Node Type": "Hash",
                                        "Parent Relationship": "Inner",
                                        "Parallel Aware": true,
                                        "Startup Cost": 94882.86,
                                        "Total Cost": 94882.86,
                                        "Plan Rows": 695344,
                                        "Plan Width": 8,
                                        "Actual Startup Time": 422.671,
                                        "Actual Total Time": 422.85,
                                        "Actual Rows": 150779,
                                        "Actual Loops": 7,
                                        "Output": [
                                            "t.id",
                                            "mk.movie_id"
                                        ],
                                        "Hash Buckets": 4194304,
                                        "Original Hash Buckets": 4194304,
                                        "Hash Batches": 1,
                                        "Original Hash Batches": 1,
                                        "Peak Memory Usage": 74176,
                                        "Workers": [
                                            {
                                                "Worker Number": 0,
                                                "Actual Startup Time": 425.25,
                                                "Actual Total Time": 425.254,
                                                "Actual Rows": 113791,
                                                "Actual Loops": 1
                                            },
                                            {
                                                "Worker Number": 1,
                                                "Actual Startup Time": 425.167,
                                                "Actual Total Time": 425.179,
                                                "Actual Rows": 117903,
                                                "Actual Loops": 1
                                            },
                                            {
                                                "Worker Number": 2,
                                                "Actual Startup Time": 425.329,
                                                "Actual Total Time": 425.332,
                                                "Actual Rows": 115097,
                                                "Actual Loops": 1
                                            },
                                            {
                                                "Worker Number": 3,
                                                "Actual Startup Time": 425.296,
                                                "Actual Total Time": 425.299,
                                                "Actual Rows": 168576,
                                                "Actual Loops": 1
                                            },
                                            {
                                                "Worker Number": 4,
                                                "Actual Startup Time": 425.294,
                                                "Actual Total Time": 425.297,
                                                "Actual Rows": 169244,
                                                "Actual Loops": 1
                                            },
                                            {
                                                "Worker Number": 5,
                                                "Actual Startup Time": 425.425,
                                                "Actual Total Time": 425.428,
                                                "Actual Rows": 169868,
                                                "Actual Loops": 1
                                            }
                                        ],
                                        "Plans": [
                                            {
                                                "Node Type": "Hash Join",
                                                "Parent Relationship": "Outer",
                                                "Parallel Aware": true,
                                                "Join Type": "Inner",
                                                "Startup Cost": 49702.03,
                                                "Total Cost": 94882.86,
                                                "Plan Rows": 695344,
                                                "Plan Width": 8,
                                                "Actual Startup Time": 204.649,
                                                "Actual Total Time": 359.848,
                                                "Actual Rows": 150779,
                                                "Actual Loops": 7,
                                                "Output": [
                                                    "t.id",
                                                    "mk.movie_id"
                                                ],
                                                "Inner Unique": true,
                                                "Hash Cond": "(mk.movie_id = t.id)",
                                                "Workers": [
                                                    {
                                                        "Worker Number": 0,
                                                        "Actual Startup Time": 204.66,
                                                        "Actual Total Time": 359.196,
                                                        "Actual Rows": 113791,
                                                        "Actual Loops": 1
                                                    },
                                                    {
                                                        "Worker Number": 1,
                                                        "Actual Startup Time": 204.659,
                                                        "Actual Total Time": 360.813,
                                                        "Actual Rows": 117903,
                                                        "Actual Loops": 1
                                                    },
                                                    {
                                                        "Worker Number": 2,
                                                        "Actual Startup Time": 204.618,
                                                        "Actual Total Time": 359.987,
                                                        "Actual Rows": 115097,
                                                        "Actual Loops": 1
                                                    },
                                                    {
                                                        "Worker Number": 3,
                                                        "Actual Startup Time": 204.63,
                                                        "Actual Total Time": 360.105,
                                                        "Actual Rows": 168576,
                                                        "Actual Loops": 1
                                                    },
                                                    {
                                                        "Worker Number": 4,
                                                        "Actual Startup Time": 204.636,
                                                        "Actual Total Time": 359.841,
                                                        "Actual Rows": 169244,
                                                        "Actual Loops": 1
                                                    },
                                                    {
                                                        "Worker Number": 5,
                                                        "Actual Startup Time": 204.585,
                                                        "Actual Total Time": 359.239,
                                                        "Actual Rows": 169868,
                                                        "Actual Loops": 1
                                                    }
                                                ],
                                                "Plans": [
                                                    {
                                                        "Node Type": "Seq Scan",
                                                        "Parent Relationship": "Outer",
                                                        "Parallel Aware": true,
                                                        "Relation Name": "movie_keyword",
                                                        "Schema": "public",
                                                        "Alias": "mk",
                                                        "Startup Cost": 0.0,
                                                        "Total Cost": 42695.65,
                                                        "Plan Rows": 946733,
                                                        "Plan Width": 4,
                                                        "Actual Startup Time": 0.102,
                                                        "Actual Total Time": 86.722,
                                                        "Actual Rows": 418488,
                                                        "Actual Loops": 7,
                                                        "Output": [
                                                            "mk.id",
                                                            "mk.movie_id",
                                                            "mk.keyword_id"
                                                        ],
                                                        "Filter": "(mk.keyword_id > 2440)",
                                                        "Rows Removed by Filter": 227788,
                                                        "Workers": [
                                                            {
                                                                "Worker Number": 0,
                                                                "Actual Startup Time": 0.152,
                                                                "Actual Total Time": 88.319,
                                                                "Actual Rows": 317317,
                                                                "Actual Loops": 1
                                                            },
                                                            {
                                                                "Worker Number": 1,
                                                                "Actual Startup Time": 0.054,
                                                                "Actual Total Time": 89.095,
                                                                "Actual Rows": 325040,
                                                                "Actual Loops": 1
                                                            },
                                                            {
                                                                "Worker Number": 2,
                                                                "Actual Startup Time": 0.12,
                                                                "Actual Total Time": 88.893,
                                                                "Actual Rows": 318773,
                                                                "Actual Loops": 1
                                                            },
                                                            {
                                                                "Worker Number": 3,
                                                                "Actual Startup Time": 0.058,
                                                                "Actual Total Time": 88.27,
                                                                "Actual Rows": 465863,
                                                                "Actual Loops": 1
                                                            },
                                                            {
                                                                "Worker Number": 4,
                                                                "Actual Startup Time": 0.134,
                                                                "Actual Total Time": 87.887,
                                                                "Actual Rows": 465951,
                                                                "Actual Loops": 1
                                                            },
                                                            {
                                                                "Worker Number": 5,
                                                                "Actual Startup Time": 0.129,
                                                                "Actual Total Time": 88.218,
                                                                "Actual Rows": 468236,
                                                                "Actual Loops": 1
                                                            }
                                                        ]
                                                    },
                                                    {
                                                        "Node Type": "Hash",
                                                        "Parent Relationship": "Inner",
                                                        "Parallel Aware": true,
                                                        "Startup Cost": 43899.01,
                                                        "Total Cost": 43899.01,
                                                        "Plan Rows": 464242,
                                                        "Plan Width": 4,
                                                        "Actual Startup Time": 202.833,
                                                        "Actual Total Time": 202.834,
                                                        "Actual Rows": 266498,
                                                        "Actual Loops": 7,
                                                        "Output": [
                                                            "t.id"
                                                        ],
                                                        "Hash Buckets": 2097152,
                                                        "Original Hash Buckets": 2097152,
                                                        "Hash Batches": 1,
                                                        "Original Hash Batches": 1,
                                                        "Peak Memory Usage": 89472,
                                                        "Workers": [
                                                            {
                                                                "Worker Number": 0,
                                                                "Actual Startup Time": 204.424,
                                                                "Actual Total Time": 204.425,
                                                                "Actual Rows": 214161,
                                                                "Actual Loops": 1
                                                            },
                                                            {
                                                                "Worker Number": 1,
                                                                "Actual Startup Time": 204.211,
                                                                "Actual Total Time": 204.213,
                                                                "Actual Rows": 215543,
                                                                "Actual Loops": 1
                                                            },
                                                            {
                                                                "Worker Number": 2,
                                                                "Actual Startup Time": 204.358,
                                                                "Actual Total Time": 204.359,
                                                                "Actual Rows": 206607,
                                                                "Actual Loops": 1
                                                            },
                                                            {
                                                                "Worker Number": 3,
                                                                "Actual Startup Time": 204.236,
                                                                "Actual Total Time": 204.237,
                                                                "Actual Rows": 268032,
                                                                "Actual Loops": 1
                                                            },
                                                            {
                                                                "Worker Number": 4,
                                                                "Actual Startup Time": 204.393,
                                                                "Actual Total Time": 204.394,
                                                                "Actual Rows": 271659,
                                                                "Actual Loops": 1
                                                            },
                                                            {
                                                                "Worker Number": 5,
                                                                "Actual Startup Time": 204.285,
                                                                "Actual Total Time": 204.286,
                                                                "Actual Rows": 278307,
                                                                "Actual Loops": 1
                                                            }
                                                        ],
                                                        "Plans": [
                                                            {
                                                                "Node Type": "Seq Scan",
                                                                "Parent Relationship": "Outer",
                                                                "Parallel Aware": true,
                                                                "Relation Name": "title",
                                                                "Schema": "public",
                                                                "Alias": "t",
                                                                "Startup Cost": 0.0,
                                                                "Total Cost": 43899.01,
                                                                "Plan Rows": 464242,
                                                                "Plan Width": 4,
                                                                "Actual Startup Time": 0.065,
                                                                "Actual Total Time": 81.707,
                                                                "Actual Rows": 266498,
                                                                "Actual Loops": 7,
                                                                "Output": [
                                                                    "t.id"
                                                                ],
                                                                "Filter": "(t.kind_id > 1)",
                                                                "Rows Removed by Filter": 94689,
                                                                "Workers": [
                                                                    {
                                                                        "Worker Number": 0,
                                                                        "Actual Startup Time": 0.073,
                                                                        "Actual Total Time": 85.921,
                                                                        "Actual Rows": 214161,
                                                                        "Actual Loops": 1
                                                                    },
                                                                    {
                                                                        "Worker Number": 1,
                                                                        "Actual Startup Time": 0.072,
                                                                        "Actual Total Time": 85.582,
                                                                        "Actual Rows": 215543,
                                                                        "Actual Loops": 1
                                                                    },
                                                                    {
                                                                        "Worker Number": 2,
                                                                        "Actual Startup Time": 0.067,
                                                                        "Actual Total Time": 84.801,
                                                                        "Actual Rows": 206607,
                                                                        "Actual Loops": 1
                                                                    },
                                                                    {
                                                                        "Worker Number": 3,
                                                                        "Actual Startup Time": 0.074,
                                                                        "Actual Total Time": 82.03,
                                                                        "Actual Rows": 268032,
                                                                        "Actual Loops": 1
                                                                    },
                                                                    {
                                                                        "Worker Number": 4,
                                                                        "Actual Startup Time": 0.074,
                                                                        "Actual Total Time": 82.051,
                                                                        "Actual Rows": 271659,
                                                                        "Actual Loops": 1
                                                                    },
                                                                    {
                                                                        "Worker Number": 5,
                                                                        "Actual Startup Time": 0.08,
                                                                        "Actual Total Time": 83.967,
                                                                        "Actual Rows": 278307,
                                                                        "Actual Loops": 1
                                                                    }
                                                                ]
                                                            }
                                                        ]
                                                    }
                                                ]
                                            }
                                        ]
                                    }
                                ]
                            }
                        ]
                    }
                ]
            }
        ]
    },
    "Planning Time": 1.42,
    "Triggers": [],
    "Execution Time": 2728.046
}