[
  {
    "Plan": {
      "Node Type": "Aggregate",
      "Strategy": "Plain",
      "Partial Mode": "Finalize",
      "Parallel Aware": false,
      "Startup Cost": 83952.52,
      "Total Cost": 83952.53,
      "Plan Rows": 1,
      "Plan Width": 8,
      "Actual Startup Time": 492.027,
      "Actual Total Time": 510.639,
      "Actual Rows": 1,
      "Actual Loops": 1,
      "Plans": [
        {
          "Node Type": "Gather",
          "Parent Relationship": "Outer",
          "Parallel Aware": false,
          "Startup Cost": 83952.2,
          "Total Cost": 83952.51,
          "Plan Rows": 3,
          "Plan Width": 8,
          "Actual Startup Time": 484.8,
          "Actual Total Time": 510.628,
          "Actual Rows": 4,
          "Actual Loops": 1,
          "Workers Planned": 3,
          "Workers Launched": 3,
          "Single Copy": false,
          "Plans": [
            {
              "Node Type": "Aggregate",
              "Strategy": "Plain",
              "Partial Mode": "Partial",
              "Parent Relationship": "Outer",
              "Parallel Aware": false,
              "Startup Cost": 82952.2,
              "Total Cost": 82952.21,
              "Plan Rows": 1,
              "Plan Width": 8,
              "Actual Startup Time": 465.523,
              "Actual Total Time": 465.527,
              "Actual Rows": 1,
              "Actual Loops": 4,
              "Plans": [
                {
                  "Node Type": "Hash Join",
                  "Parent Relationship": "Outer",
                  "Parallel Aware": true,
                  "Join Type": "Inner",
                  "Startup Cost": 56748.77,
                  "Total Cost": 82704.06,
                  "Plan Rows": 99259,
                  "Plan Width": 0,
                  "Actual Startup Time": 384.709,
                  "Actual Total Time": 461.105,
                  "Actual Rows": 75694,
                  "Actual Loops": 4,
                  "Inner Unique": true,
                  "Hash Cond": "(mk.movie_id = t.id)",
                  "Plans": [
                    {
                      "Node Type": "Bitmap Heap Scan",
                      "Parent Relationship": "Outer",
                      "Parallel Aware": true,
                      "Relation Name": "movie_keyword",
                      "Alias": "mk",
                      "Startup Cost": 6529.12,
                      "Total Cost": 32223.86,
                      "Plan Rows": 99259,
                      "Plan Width": 4,
                      "Actual Startup Time": 28.87,
                      "Actual Total Time": 75.203,
                      "Actual Rows": 75694,
                      "Actual Loops": 4,
                      "Recheck Cond": "(keyword_id > 53577)",
                      "Rows Removed by Index Recheck": 0,
                      "Exact Heap Blocks": 5835,
                      "Lossy Heap Blocks": 0,
                      "Plans": [
                        {
                          "Node Type": "Bitmap Index Scan",
                          "Parent Relationship": "Outer",
                          "Parallel Aware": false,
                          "Index Name": "keyword_id_movie_keyword",
                          "Startup Cost": 0.0,
                          "Total Cost": 6452.2,
                          "Plan Rows": 307702,
                          "Plan Width": 0,
                          "Actual Startup Time": 23.672,
                          "Actual Total Time": 23.673,
                          "Actual Rows": 302775,
                          "Actual Loops": 1,
                          "Index Cond": "(keyword_id > 53577)"
                        }
                      ]
                    },
                    {
                      "Node Type": "Hash",
                      "Parent Relationship": "Inner",
                      "Parallel Aware": true,
                      "Startup Cost": 42318.73,
                      "Total Cost": 42318.73,
                      "Plan Rows": 632073,
                      "Plan Width": 4,
                      "Actual Startup Time": 344.166,
                      "Actual Total Time": 344.167,
                      "Actual Rows": 632078,
                      "Actual Loops": 4,
                      "Hash Buckets": 4194304,
                      "Original Hash Buckets": 4194304,
                      "Hash Batches": 1,
                      "Original Hash Batches": 1,
                      "Peak Memory Usage": 131776,
                      "Plans": [
                        {
                          "Node Type": "Seq Scan",
                          "Parent Relationship": "Outer",
                          "Parallel Aware": true,
                          "Relation Name": "title",
                          "Alias": "t",
                          "Startup Cost": 0.0,
                          "Total Cost": 42318.73,
                          "Plan Rows": 632073,
                          "Plan Width": 4,
                          "Actual Startup Time": 0.036,
                          "Actual Total Time": 101.546,
                          "Actual Rows": 632078,
                          "Actual Loops": 4
                        }
                      ]
                    }
                  ]
                }
              ]
            }
          ]
        }
      ]
    },
    "Planning Time": 0.59,
    "Triggers": [],
    "Execution Time": 510.734
  }
]