[
  {
    "Plan": {
      "Node Type": "Aggregate",
      "Strategy": "Plain",
      "Partial Mode": "Finalize",
      "Parallel Aware": false,
      "Startup Cost": 32731.14,
      "Total Cost": 32731.15,
      "Plan Rows": 1,
      "Plan Width": 8,
      "Actual Startup Time": 80.62,
      "Actual Total Time": 87.721,
      "Actual Rows": 1,
      "Actual Loops": 1,
      "Plans": [
        {
          "Node Type": "Gather",
          "Parent Relationship": "Outer",
          "Parallel Aware": false,
          "Startup Cost": 32730.82,
          "Total Cost": 32731.13,
          "Plan Rows": 3,
          "Plan Width": 8,
          "Actual Startup Time": 80.486,
          "Actual Total Time": 87.713,
          "Actual Rows": 4,
          "Actual Loops": 1,
          "Workers Planned": 3,
          "Workers Launched": 3,
          "Single Copy": false,
          "Plans": [
            {
              "Node Type": "Aggregate",
              "Strategy": "Plain",
              "Partial Mode": "Partial",
              "Parent Relationship": "Outer",
              "Parallel Aware": false,
              "Startup Cost": 31730.82,
              "Total Cost": 31730.83,
              "Plan Rows": 1,
              "Plan Width": 8,
              "Actual Startup Time": 74.192,
              "Actual Total Time": 74.193,
              "Actual Rows": 1,
              "Actual Loops": 4,
              "Plans": [
                {
                  "Node Type": "Seq Scan",
                  "Parent Relationship": "Outer",
                  "Parallel Aware": true,
                  "Relation Name": "movie_companies",
                  "Alias": "mc",
                  "Startup Cost": 0.0,
                  "Total Cost": 31414.82,
                  "Plan Rows": 126402,
                  "Plan Width": 0,
                  "Actual Startup Time": 24.937,
                  "Actual Total Time": 73.185,
                  "Actual Rows": 19071,
                  "Actual Loops": 4,
                  "Filter": "((company_id > 29206) AND (company_type_id = 1))",
                  "Rows Removed by Filter": 633211
                }
              ]
            }
          ]
        }
      ]
    },
    "Planning Time": 0.217,
    "Triggers": [],
    "Execution Time": 87.821
  }
]