[
  {
    "Bao": {
      "Bao prediction": 715.394,
      "Bao recommended hint": "(no hint)"
    }
  },
  {
    "Plan": {
      "Node Type": "Aggregate",
      "Strategy": "Plain",
      "Partial Mode": "Simple",
      "Parallel Aware": false,
      "Startup Cost": 15235.4,
      "Total Cost": 15235.41,
      "Plan Rows": 1,
      "Plan Width": 96,
      "Actual Startup Time": 5310.969,
      "Actual Total Time": 5310.974,
      "Actual Rows": 1,
      "Actual Loops": 1,
      "Plans": [
        {
          "Node Type": "Nested Loop",
          "Parent Relationship": "Outer",
          "Parallel Aware": false,
          "Join Type": "Inner",
          "Startup Cost": 12.21,
          "Total Cost": 15235.39,
          "Plan Rows": 1,
          "Plan Width": 48,
          "Actual Startup Time": 423.449,
          "Actual Total Time": 5310.77,
          "Actual Rows": 88,
          "Actual Loops": 1,
          "Inner Unique": true,
          "Plans": [
            {
              "Node Type": "Nested Loop",
              "Parent Relationship": "Outer",
              "Parallel Aware": false,
              "Join Type": "Inner",
              "Startup Cost": 11.78,
              "Total Cost": 12697.4,
              "Plan Rows": 5544,
              "Plan Width": 37,
              "Actual Startup Time": 1.33,
              "Actual Total Time": 1889.785,
              "Actual Rows": 785477,
              "Actual Loops": 1,
              "Inner Unique": false,
              "Join Filter": "(t.id = ci.movie_id)",
              "Rows Removed by Join Filter": 0,
              "Plans": [
                {
                  "Node Type": "Nested Loop",
                  "Parent Relationship": "Outer",
                  "Parallel Aware": false,
                  "Join Type": "Inner",
                  "Startup Cost": 11.21,
                  "Total Cost": 12399.41,
                  "Plan Rows": 148,
                  "Plan Width": 41,
                  "Actual Startup Time": 1.247,
                  "Actual Total Time": 297.492,
                  "Actual Rows": 14165,
                  "Actual Loops": 1,
                  "Inner Unique": true,
                  "Plans": [
                    {
                      "Node Type": "Nested Loop",
                      "Parent Relationship": "Outer",
                      "Parallel Aware": false,
                      "Join Type": "Inner",
                      "Startup Cost": 10.78,
                      "Total Cost": 12267.17,
                      "Plan Rows": 270,
                      "Plan Width": 20,
                      "Actual Startup Time": 1.166,
                      "Actual Total Time": 106.672,
                      "Actual Rows": 35548,
                      "Actual Loops": 1,
                      "Inner Unique": false,
                      "Plans": [
                        {
                          "Node Type": "Seq Scan",
                          "Parent Relationship": "Outer",
                          "Parallel Aware": false,
                          "Relation Name": "keyword",
                          "Alias": "k",
                          "Startup Cost": 0.0,
                          "Total Cost": 3632.4,
                          "Plan Rows": 8,
                          "Plan Width": 20,
                          "Actual Startup Time": 0.223,
                          "Actual Total Time": 22.99,
                          "Actual Rows": 8,
                          "Actual Loops": 1,
                          "Filter": "(keyword = ANY ('{superhero,sequel,second-part,marvel-comics,based-on-comic,tv-special,fight,violence}'::text[]))",
                          "Rows Removed by Filter": 134162
                        },
                        {
                          "Node Type": "Bitmap Heap Scan",
                          "Parent Relationship": "Inner",
                          "Parallel Aware": false,
                          "Relation Name": "movie_keyword",
                          "Alias": "mk",
                          "Startup Cost": 10.78,
                          "Total Cost": 1076.32,
                          "Plan Rows": 303,
                          "Plan Width": 8,
                          "Actual Startup Time": 1.032,
                          "Actual Total Time": 9.803,
                          "Actual Rows": 4444,
                          "Actual Loops": 8,
                          "Recheck Cond": "(keyword_id = k.id)",
                          "Rows Removed by Index Recheck": 0,
                          "Exact Heap Blocks": 23488,
                          "Lossy Heap Blocks": 0,
                          "Plans": [
                            {
                              "Node Type": "Bitmap Index Scan",
                              "Parent Relationship": "Outer",
                              "Parallel Aware": false,
                              "Index Name": "keyword_id_movie_keyword",
                              "Startup Cost": 0.0,
                              "Total Cost": 10.71,
                              "Plan Rows": 303,
                              "Plan Width": 0,
                              "Actual Startup Time": 0.703,
                              "Actual Total Time": 0.703,
                              "Actual Rows": 4444,
                              "Actual Loops": 8,
                              "Index Cond": "(keyword_id = k.id)"
                            }
                          ]
                        }
                      ]
                    },
                    {
                      "Node Type": "Index Scan",
                      "Parent Relationship": "Inner",
                      "Parallel Aware": false,
                      "Scan Direction": "Forward",
                      "Index Name": "title_pkey",
                      "Relation Name": "title",
                      "Alias": "t",
                      "Startup Cost": 0.43,
                      "Total Cost": 0.49,
                      "Plan Rows": 1,
                      "Plan Width": 21,
                      "Actual Startup Time": 0.005,
                      "Actual Total Time": 0.005,
                      "Actual Rows": 0,
                      "Actual Loops": 35548,
                      "Index Cond": "(id = mk.movie_id)",
                      "Rows Removed by Index Recheck": 0,
                      "Filter": "(production_year > 2000)",
                      "Rows Removed by Filter": 1
                    }
                  ]
                },
                {
                  "Node Type": "Index Scan",
                  "Parent Relationship": "Inner",
                  "Parallel Aware": false,
                  "Scan Direction": "Forward",
                  "Index Name": "movie_id_cast_info",
                  "Relation Name": "cast_info",
                  "Alias": "ci",
                  "Startup Cost": 0.56,
                  "Total Cost": 1.55,
                  "Plan Rows": 37,
                  "Plan Width": 8,
                  "Actual Startup Time": 0.013,
                  "Actual Total Time": 0.105,
                  "Actual Rows": 55,
                  "Actual Loops": 14165,
                  "Index Cond": "(movie_id = mk.movie_id)",
                  "Rows Removed by Index Recheck": 0
                }
              ]
            },
            {
              "Node Type": "Index Scan",
              "Parent Relationship": "Inner",
              "Parallel Aware": false,
              "Scan Direction": "Forward",
              "Index Name": "name_pkey",
              "Relation Name": "name",
              "Alias": "n",
              "Startup Cost": 0.43,
              "Total Cost": 0.46,
              "Plan Rows": 1,
              "Plan Width": 19,
              "Actual Startup Time": 0.004,
              "Actual Total Time": 0.004,
              "Actual Rows": 0,
              "Actual Loops": 785477,
              "Index Cond": "(id = ci.person_id)",
              "Rows Removed by Index Recheck": 0,
              "Filter": "(name ~~ '%Downey%Robert%'::text)",
              "Rows Removed by Filter": 1
            }
          ]
        }
      ]
    },
    "Planning Time": 410.412,
    "Triggers": [],
    "Execution Time": 5311.368
  }
]