[
    {
        "Bao": {
            "Bao prediction": "NaN",
            "Bao recommended hint": "(no hint)"
        }
    },
    {
        "Plan": {
            "Node Type": "Aggregate",
            "Strategy": "Plain",
            "Partial Mode": "Simple",
            "Parallel Aware": false,
            "Startup Cost": 1308.62,
            "Total Cost": 1308.63,
            "Plan Rows": 1,
            "Plan Width": 8,
            "Actual Startup Time": 2.152,
            "Actual Total Time": 2.153,
            "Actual Rows": 1,
            "Actual Loops": 1,
            "Output": [
                "count(*)"
            ],
            "Plans": [
                {
                    "Node Type": "Nested Loop",
                    "Parent Relationship": "Outer",
                    "Parallel Aware": false,
                    "Join Type": "Inner",
                    "Startup Cost": 1.29,
                    "Total Cost": 1308.35,
                    "Plan Rows": 108,
                    "Plan Width": 0,
                    "Actual Startup Time": 0.06,
                    "Actual Total Time": 2.142,
                    "Actual Rows": 144,
                    "Actual Loops": 1,
                    "Inner Unique": false,
                    "Plans": [
                        {
                            "Node Type": "Nested Loop",
                            "Parent Relationship": "Outer",
                            "Parallel Aware": false,
                            "Join Type": "Inner",
                            "Startup Cost": 0.86,
                            "Total Cost": 1135.49,
                            "Plan Rows": 102,
                            "Plan Width": 8,
                            "Actual Startup Time": 0.05,
                            "Actual Total Time": 1.467,
                            "Actual Rows": 614,
                            "Actual Loops": 1,
                            "Output": [
                                "t.id",
                                "mc.movie_id"
                            ],
                            "Inner Unique": true,
                            "Plans": [
                                {
                                    "Node Type": "Index Scan",
                                    "Parent Relationship": "Outer",
                                    "Parallel Aware": false,
                                    "Scan Direction": "Forward",
                                    "Index Name": "company_id_movie_companies",
                                    "Relation Name": "movie_companies",
                                    "Schema": "public",
                                    "Alias": "mc",
                                    "Startup Cost": 0.43,
                                    "Total Cost": 273.84,
                                    "Plan Rows": 102,
                                    "Plan Width": 4,
                                    "Actual Startup Time": 0.036,
                                    "Actual Total Time": 0.142,
                                    "Actual Rows": 614,
                                    "Actual Loops": 1,
                                    "Output": [
                                        "mc.id",
                                        "mc.movie_id",
                                        "mc.company_id",
                                        "mc.company_type_id",
                                        "mc.note"
                                    ],
                                    "Index Cond": "(mc.company_id = 72075)",
                                    "Rows Removed by Index Recheck": 0
                                },
                                {
                                    "Node Type": "Index Only Scan",
                                    "Parent Relationship": "Inner",
                                    "Parallel Aware": false,
                                    "Scan Direction": "Forward",
                                    "Index Name": "title_pkey",
                                    "Relation Name": "title",
                                    "Schema": "public",
                                    "Alias": "t",
                                    "Startup Cost": 0.43,
                                    "Total Cost": 8.45,
                                    "Plan Rows": 1,
                                    "Plan Width": 4,
                                    "Actual Startup Time": 0.002,
                                    "Actual Total Time": 0.002,
                                    "Actual Rows": 1,
                                    "Actual Loops": 614,
                                    "Output": [
                                        "t.id"
                                    ],
                                    "Index Cond": "(t.id = mc.movie_id)",
                                    "Rows Removed by Index Recheck": 0,
                                    "Heap Fetches": 614
                                }
                            ]
                        },
                        {
                            "Node Type": "Index Scan",
                            "Parent Relationship": "Inner",
                            "Parallel Aware": false,
                            "Scan Direction": "Forward",
                            "Index Name": "movie_id_movie_keyword",
                            "Relation Name": "movie_keyword",
                            "Schema": "public",
                            "Alias": "mk",
                            "Startup Cost": 0.43,
                            "Total Cost": 1.42,
                            "Plan Rows": 27,
                            "Plan Width": 4,
                            "Actual Startup Time": 0.001,
                            "Actual Total Time": 0.001,
                            "Actual Rows": 0,
                            "Actual Loops": 614,
                            "Output": [
                                "mk.id",
                                "mk.movie_id",
                                "mk.keyword_id"
                            ],
                            "Index Cond": "(mk.movie_id = t.id)",
                            "Rows Removed by Index Recheck": 0,
                            "Filter": "(mk.keyword_id < 7663)",
                            "Rows Removed by Filter": 0
                        }
                    ]
                }
            ]
        },
        "Planning Time": 212.674,
        "Triggers": [],
        "Execution Time": 2.196
    }
]