[
  {
    "Plan": {
      "Node Type": "Aggregate",
      "Strategy": "Plain",
      "Partial Mode": "Finalize",
      "Parallel Aware": false,
      "Startup Cost": 337531.48,
      "Total Cost": 337531.49,
      "Plan Rows": 1,
      "Plan Width": 8,
      "Actual Startup Time": 716.143,
      "Actual Total Time": 774.491,
      "Actual Rows": 1,
      "Actual Loops": 1,
      "Plans": [
        {
          "Node Type": "Gather",
          "Parent Relationship": "Outer",
          "Parallel Aware": false,
          "Startup Cost": 337530.85,
          "Total Cost": 337531.46,
          "Plan Rows": 6,
          "Plan Width": 8,
          "Actual Startup Time": 716.024,
          "Actual Total Time": 774.481,
          "Actual Rows": 7,
          "Actual Loops": 1,
          "Workers Planned": 6,
          "Workers Launched": 6,
          "Single Copy": false,
          "Plans": [
            {
              "Node Type": "Aggregate",
              "Strategy": "Plain",
              "Partial Mode": "Partial",
              "Parent Relationship": "Outer",
              "Parallel Aware": false,
              "Startup Cost": 336530.85,
              "Total Cost": 336530.86,
              "Plan Rows": 1,
              "Plan Width": 8,
              "Actual Startup Time": 709.106,
              "Actual Total Time": 709.107,
              "Actual Rows": 1,
              "Actual Loops": 7,
              "Plans": [
                {
                  "Node Type": "Seq Scan",
                  "Parent Relationship": "Outer",
                  "Parallel Aware": true,
                  "Relation Name": "cast_info",
                  "Alias": "ci",
                  "Startup Cost": 0.0,
                  "Total Cost": 328162.03,
                  "Plan Rows": 3347531,
                  "Plan Width": 0,
                  "Actual Startup Time": 174.421,
                  "Actual Total Time": 592.212,
                  "Actual Rows": 2874349,
                  "Actual Loops": 7,
                  "Filter": "(person_id > 1597386)",
                  "Rows Removed by Filter": 2303414
                }
              ]
            }
          ]
        }
      ]
    },
    "Planning Time": 0.176,
    "Triggers": [],
    "Execution Time": 774.56
  }
]