[
  {
    "Plan": {
      "Node Type": "Aggregate",
      "Strategy": "Plain",
      "Partial Mode": "Finalize",
      "Parallel Aware": false,
      "Startup Cost": 83520.75,
      "Total Cost": 83520.76,
      "Plan Rows": 1,
      "Plan Width": 8,
      "Actual Startup Time": 467.663,
      "Actual Total Time": 482.727,
      "Actual Rows": 1,
      "Actual Loops": 1,
      "Plans": [
        {
          "Node Type": "Gather",
          "Parent Relationship": "Outer",
          "Parallel Aware": false,
          "Startup Cost": 83520.43,
          "Total Cost": 83520.74,
          "Plan Rows": 3,
          "Plan Width": 8,
          "Actual Startup Time": 460.403,
          "Actual Total Time": 482.718,
          "Actual Rows": 4,
          "Actual Loops": 1,
          "Workers Planned": 3,
          "Workers Launched": 3,
          "Single Copy": false,
          "Plans": [
            {
              "Node Type": "Aggregate",
              "Strategy": "Plain",
              "Partial Mode": "Partial",
              "Parent Relationship": "Outer",
              "Parallel Aware": false,
              "Startup Cost": 82520.43,
              "Total Cost": 82520.44,
              "Plan Rows": 1,
              "Plan Width": 8,
              "Actual Startup Time": 454.074,
              "Actual Total Time": 454.079,
              "Actual Rows": 1,
              "Actual Loops": 4,
              "Plans": [
                {
                  "Node Type": "Hash Join",
                  "Parent Relationship": "Outer",
                  "Parallel Aware": true,
                  "Join Type": "Inner",
                  "Startup Cost": 49977.95,
                  "Total Cost": 82043.58,
                  "Plan Rows": 190738,
                  "Plan Width": 0,
                  "Actual Startup Time": 291.431,
                  "Actual Total Time": 446.153,
                  "Actual Rows": 172622,
                  "Actual Loops": 4,
                  "Inner Unique": true,
                  "Hash Cond": "(mc.movie_id = t.id)",
                  "Plans": [
                    {
                      "Node Type": "Seq Scan",
                      "Parent Relationship": "Outer",
                      "Parallel Aware": true,
                      "Relation Name": "movie_companies",
                      "Alias": "mc",
                      "Startup Cost": 0.0,
                      "Total Cost": 31414.82,
                      "Plan Rows": 247931,
                      "Plan Width": 4,
                      "Actual Startup Time": 0.01,
                      "Actual Total Time": 71.051,
                      "Actual Rows": 268223,
                      "Actual Loops": 4,
                      "Filter": "((company_id < 15549) AND (company_type_id < 2))",
                      "Rows Removed by Filter": 384060
                    },
                    {
                      "Node Type": "Hash",
                      "Parent Relationship": "Inner",
                      "Parallel Aware": true,
                      "Startup Cost": 43899.32,
                      "Total Cost": 43899.32,
                      "Plan Rows": 486290,
                      "Plan Width": 4,
                      "Actual Startup Time": 286.71,
                      "Actual Total Time": 286.712,
                      "Actual Rows": 483121,
                      "Actual Loops": 4,
                      "Hash Buckets": 2097152,
                      "Original Hash Buckets": 2097152,
                      "Hash Batches": 1,
                      "Original Hash Batches": 1,
                      "Peak Memory Usage": 92032,
                      "Plans": [
                        {
                          "Node Type": "Seq Scan",
                          "Parent Relationship": "Outer",
                          "Parallel Aware": true,
                          "Relation Name": "title",
                          "Alias": "t",
                          "Startup Cost": 0.0,
                          "Total Cost": 43899.32,
                          "Plan Rows": 486290,
                          "Plan Width": 4,
                          "Actual Startup Time": 0.024,
                          "Actual Total Time": 113.897,
                          "Actual Rows": 483121,
                          "Actual Loops": 4,
                          "Filter": "(production_year > 1980)",
                          "Rows Removed by Filter": 148957
                        }
                      ]
                    }
                  ]
                }
              ]
            }
          ]
        }
      ]
    },
    "Planning Time": 0.276,
    "Triggers": [],
    "Execution Time": 482.76
  }
]