[
  {
    "Plan": {
      "Node Type": "Aggregate",
      "Strategy": "Plain",
      "Partial Mode": "Finalize",
      "Parallel Aware": false,
      "Startup Cost": 82760.61,
      "Total Cost": 82760.62,
      "Plan Rows": 1,
      "Plan Width": 8,
      "Actual Startup Time": 403.35,
      "Actual Total Time": 419.703,
      "Actual Rows": 1,
      "Actual Loops": 1,
      "Plans": [
        {
          "Node Type": "Gather",
          "Parent Relationship": "Outer",
          "Parallel Aware": false,
          "Startup Cost": 82760.19,
          "Total Cost": 82760.6,
          "Plan Rows": 4,
          "Plan Width": 8,
          "Actual Startup Time": 395.345,
          "Actual Total Time": 419.688,
          "Actual Rows": 5,
          "Actual Loops": 1,
          "Workers Planned": 4,
          "Workers Launched": 4,
          "Single Copy": false,
          "Plans": [
            {
              "Node Type": "Aggregate",
              "Strategy": "Plain",
              "Partial Mode": "Partial",
              "Parent Relationship": "Outer",
              "Parallel Aware": false,
              "Startup Cost": 81760.19,
              "Total Cost": 81760.2,
              "Plan Rows": 1,
              "Plan Width": 8,
              "Actual Startup Time": 385.529,
              "Actual Total Time": 385.691,
              "Actual Rows": 1,
              "Actual Loops": 5,
              "Plans": [
                {
                  "Node Type": "Hash Join",
                  "Parent Relationship": "Outer",
                  "Parallel Aware": true,
                  "Join Type": "Inner",
                  "Startup Cost": 34569.32,
                  "Total Cost": 81384.14,
                  "Plan Rows": 150422,
                  "Plan Width": 0,
                  "Actual Startup Time": 177.398,
                  "Actual Total Time": 379.239,
                  "Actual Rows": 138098,
                  "Actual Loops": 5,
                  "Inner Unique": false,
                  "Hash Cond": "(t.id = mc.movie_id)",
                  "Plans": [
                    {
                      "Node Type": "Seq Scan",
                      "Parent Relationship": "Outer",
                      "Parallel Aware": true,
                      "Relation Name": "title",
                      "Alias": "t",
                      "Startup Cost": 0.0,
                      "Total Cost": 43898.92,
                      "Plan Rows": 486135,
                      "Plan Width": 4,
                      "Actual Startup Time": 0.012,
                      "Actual Total Time": 82.623,
                      "Actual Rows": 386497,
                      "Actual Loops": 5,
                      "Filter": "(production_year > 1980)",
                      "Rows Removed by Filter": 119166
                    },
                    {
                      "Node Type": "Hash",
                      "Parent Relationship": "Inner",
                      "Parallel Aware": true,
                      "Startup Cost": 31414.82,
                      "Total Cost": 31414.82,
                      "Plan Rows": 252360,
                      "Plan Width": 4,
                      "Actual Startup Time": 173.004,
                      "Actual Total Time": 173.005,
                      "Actual Rows": 214578,
                      "Actual Loops": 5,
                      "Hash Buckets": 2097152,
                      "Original Hash Buckets": 1048576,
                      "Hash Batches": 1,
                      "Original Hash Batches": 1,
                      "Peak Memory Usage": 66624,
                      "Plans": [
                        {
                          "Node Type": "Seq Scan",
                          "Parent Relationship": "Outer",
                          "Parallel Aware": true,
                          "Relation Name": "movie_companies",
                          "Alias": "mc",
                          "Startup Cost": 0.0,
                          "Total Cost": 31414.82,
                          "Plan Rows": 252360,
                          "Plan Width": 4,
                          "Actual Startup Time": 0.05,
                          "Actual Total Time": 75.292,
                          "Actual Rows": 214578,
                          "Actual Loops": 5,
                          "Filter": "((company_id < 15549) AND (company_type_id < 2))",
                          "Rows Removed by Filter": 307248
                        }
                      ]
                    }
                  ]
                }
              ]
            }
          ]
        }
      ]
    },
    "Planning Time": 0.619,
    "Triggers": [],
    "Execution Time": 419.77
  }
]