[
    {
        "Bao": {
            "Bao prediction": "NaN",
            "Bao recommended hint": "(no hint)"
        }
    },
    {
        "Plan": {
            "Node Type": "Aggregate",
            "Strategy": "Plain",
            "Partial Mode": "Finalize",
            "Parallel Aware": false,
            "Startup Cost": 33405.72,
            "Total Cost": 33405.73,
            "Plan Rows": 1,
            "Plan Width": 8,
            "Actual Startup Time": 102.741,
            "Actual Total Time": 107.873,
            "Actual Rows": 1,
            "Actual Loops": 1,
            "Output": [
                "count(*)"
            ],
            "Plans": [
                {
                    "Node Type": "Gather",
                    "Parent Relationship": "Outer",
                    "Parallel Aware": false,
                    "Startup Cost": 33405.4,
                    "Total Cost": 33405.71,
                    "Plan Rows": 3,
                    "Plan Width": 8,
                    "Actual Startup Time": 102.61,
                    "Actual Total Time": 107.865,
                    "Actual Rows": 4,
                    "Actual Loops": 1,
                    "Output": [
                        "(PARTIAL count(*))"
                    ],
                    "Workers Planned": 3,
                    "Workers Launched": 3,
                    "Single Copy": false,
                    "Plans": [
                        {
                            "Node Type": "Aggregate",
                            "Strategy": "Plain",
                            "Partial Mode": "Partial",
                            "Parent Relationship": "Outer",
                            "Parallel Aware": false,
                            "Startup Cost": 32405.4,
                            "Total Cost": 32405.41,
                            "Plan Rows": 1,
                            "Plan Width": 8,
                            "Actual Startup Time": 94.597,
                            "Actual Total Time": 94.598,
                            "Actual Rows": 1,
                            "Actual Loops": 4,
                            "Output": [
                                "PARTIAL count(*)"
                            ],
                            "Workers": [
                                {
                                    "Worker Number": 0,
                                    "Actual Startup Time": 91.759,
                                    "Actual Total Time": 91.76,
                                    "Actual Rows": 1,
                                    "Actual Loops": 1
                                },
                                {
                                    "Worker Number": 1,
                                    "Actual Startup Time": 91.867,
                                    "Actual Total Time": 91.868,
                                    "Actual Rows": 1,
                                    "Actual Loops": 1
                                },
                                {
                                    "Worker Number": 2,
                                    "Actual Startup Time": 92.475,
                                    "Actual Total Time": 92.476,
                                    "Actual Rows": 1,
                                    "Actual Loops": 1
                                }
                            ],
                            "Plans": [
                                {
                                    "Node Type": "Seq Scan",
                                    "Parent Relationship": "Outer",
                                    "Parallel Aware": true,
                                    "Relation Name": "movie_companies",
                                    "Schema": "public",
                                    "Alias": "mc",
                                    "Startup Cost": 0.0,
                                    "Total Cost": 31414.82,
                                    "Plan Rows": 396232,
                                    "Plan Width": 0,
                                    "Actual Startup Time": 44.42,
                                    "Actual Total Time": 82.068,
                                    "Actual Rows": 282832,
                                    "Actual Loops": 4,
                                    "Output": [
                                        "id",
                                        "movie_id",
                                        "company_id",
                                        "company_type_id",
                                        "note"
                                    ],
                                    "Filter": "((mc.company_id < 112396) AND (mc.company_type_id = 2))",
                                    "Rows Removed by Filter": 369450,
                                    "Workers": [
                                        {
                                            "Worker Number": 0,
                                            "Actual Startup Time": 41.581,
                                            "Actual Total Time": 79.493,
                                            "Actual Rows": 187453,
                                            "Actual Loops": 1
                                        },
                                        {
                                            "Worker Number": 1,
                                            "Actual Startup Time": 41.693,
                                            "Actual Total Time": 79.494,
                                            "Actual Rows": 296406,
                                            "Actual Loops": 1
                                        },
                                        {
                                            "Worker Number": 2,
                                            "Actual Startup Time": 42.288,
                                            "Actual Total Time": 80.33,
                                            "Actual Rows": 300533,
                                            "Actual Loops": 1
                                        }
                                    ]
                                }
                            ]
                        }
                    ]
                }
            ]
        },
        "Planning Time": 211.873,
        "Triggers": [],
        "Execution Time": 107.929
    }
]