[
    {
        "Bao": {
            "Bao prediction": 1316.232,
            "Bao recommended hint": "SET enable_mergejoin TO off; SET enable_indexscan TO off; "
        }
    },
    {
        "Plan": {
            "Node Type": "Aggregate",
            "Strategy": "Plain",
            "Partial Mode": "Finalize",
            "Parallel Aware": false,
            "Startup Cost": 645127.95,
            "Total Cost": 645127.96,
            "Plan Rows": 1,
            "Plan Width": 8,
            "Actual Startup Time": 5710.511,
            "Actual Total Time": 5791.919,
            "Actual Rows": 1,
            "Actual Loops": 1,
            "Output": [
                "count(*)"
            ],
            "Plans": [
                {
                    "Node Type": "Gather",
                    "Parent Relationship": "Outer",
                    "Parallel Aware": false,
                    "Startup Cost": 645127.43,
                    "Total Cost": 645127.94,
                    "Plan Rows": 5,
                    "Plan Width": 8,
                    "Actual Startup Time": 5617.467,
                    "Actual Total Time": 5791.902,
                    "Actual Rows": 6,
                    "Actual Loops": 1,
                    "Output": [
                        "(PARTIAL count(*))"
                    ],
                    "Workers Planned": 5,
                    "Workers Launched": 5,
                    "Single Copy": false,
                    "Plans": [
                        {
                            "Node Type": "Aggregate",
                            "Strategy": "Plain",
                            "Partial Mode": "Partial",
                            "Parent Relationship": "Outer",
                            "Parallel Aware": false,
                            "Startup Cost": 644127.43,
                            "Total Cost": 644127.44,
                            "Plan Rows": 1,
                            "Plan Width": 8,
                            "Actual Startup Time": 5586.881,
                            "Actual Total Time": 5588.494,
                            "Actual Rows": 1,
                            "Actual Loops": 6,
                            "Output": [
                                "PARTIAL count(*)"
                            ],
                            "Workers": [
                                {
                                    "Worker Number": 0,
                                    "Actual Startup Time": 5579.822,
                                    "Actual Total Time": 5579.827,
                                    "Actual Rows": 1,
                                    "Actual Loops": 1
                                },
                                {
                                    "Worker Number": 1,
                                    "Actual Startup Time": 5584.919,
                                    "Actual Total Time": 5584.923,
                                    "Actual Rows": 1,
                                    "Actual Loops": 1
                                },
                                {
                                    "Worker Number": 2,
                                    "Actual Startup Time": 5579.88,
                                    "Actual Total Time": 5579.885,
                                    "Actual Rows": 1,
                                    "Actual Loops": 1
                                },
                                {
                                    "Worker Number": 3,
                                    "Actual Startup Time": 5580.04,
                                    "Actual Total Time": 5580.045,
                                    "Actual Rows": 1,
                                    "Actual Loops": 1
                                },
                                {
                                    "Worker Number": 4,
                                    "Actual Startup Time": 5580.059,
                                    "Actual Total Time": 5580.063,
                                    "Actual Rows": 1,
                                    "Actual Loops": 1
                                }
                            ],
                            "Plans": [
                                {
                                    "Node Type": "Hash Join",
                                    "Parent Relationship": "Outer",
                                    "Parallel Aware": true,
                                    "Join Type": "Inner",
                                    "Startup Cost": 409931.84,
                                    "Total Cost": 625151.78,
                                    "Plan Rows": 7590258,
                                    "Plan Width": 0,
                                    "Actual Startup Time": 2425.902,
                                    "Actual Total Time": 5041.88,
                                    "Actual Rows": 12645534,
                                    "Actual Loops": 6,
                                    "Inner Unique": false,
                                    "Hash Cond": "(mi.movie_id = t.id)",
                                    "Workers": [
                                        {
                                            "Worker Number": 0,
                                            "Actual Startup Time": 2419.719,
                                            "Actual Total Time": 5020.461,
                                            "Actual Rows": 12321773,
                                            "Actual Loops": 1
                                        },
                                        {
                                            "Worker Number": 1,
                                            "Actual Startup Time": 2419.712,
                                            "Actual Total Time": 5026.204,
                                            "Actual Rows": 12365538,
                                            "Actual Loops": 1
                                        },
                                        {
                                            "Worker Number": 2,
                                            "Actual Startup Time": 2419.746,
                                            "Actual Total Time": 5047.085,
                                            "Actual Rows": 12957785,
                                            "Actual Loops": 1
                                        },
                                        {
                                            "Worker Number": 3,
                                            "Actual Startup Time": 2419.817,
                                            "Actual Total Time": 5045.545,
                                            "Actual Rows": 12696141,
                                            "Actual Loops": 1
                                        },
                                        {
                                            "Worker Number": 4,
                                            "Actual Startup Time": 2419.961,
                                            "Actual Total Time": 5017.579,
                                            "Actual Rows": 12076817,
                                            "Actual Loops": 1
                                        }
                                    ],
                                    "Plans": [
                                        {
                                            "Node Type": "Seq Scan",
                                            "Parent Relationship": "Outer",
                                            "Parallel Aware": true,
                                            "Relation Name": "movie_info",
                                            "Schema": "public",
                                            "Alias": "mi",
                                            "Startup Cost": 0.0,
                                            "Total Cost": 191503.19,
                                            "Plan Rows": 2951019,
                                            "Plan Width": 4,
                                            "Actual Startup Time": 0.032,
                                            "Actual Total Time": 271.583,
                                            "Actual Rows": 2472620,
                                            "Actual Loops": 6,
                                            "Output": [
                                                "mi.id",
                                                "mi.movie_id",
                                                "mi.info_type_id",
                                                "mi.info",
                                                "mi.note"
                                            ],
                                            "Workers": [
                                                {
                                                    "Worker Number": 0,
                                                    "Actual Startup Time": 0.041,
                                                    "Actual Total Time": 279.563,
                                                    "Actual Rows": 2432002,
                                                    "Actual Loops": 1
                                                },
                                                {
                                                    "Worker Number": 1,
                                                    "Actual Startup Time": 0.038,
                                                    "Actual Total Time": 279.248,
                                                    "Actual Rows": 2440417,
                                                    "Actual Loops": 1
                                                },
                                                {
                                                    "Worker Number": 2,
                                                    "Actual Startup Time": 0.033,
                                                    "Actual Total Time": 284.671,
                                                    "Actual Rows": 2504068,
                                                    "Actual Loops": 1
                                                },
                                                {
                                                    "Worker Number": 3,
                                                    "Actual Startup Time": 0.038,
                                                    "Actual Total Time": 287.202,
                                                    "Actual Rows": 2453013,
                                                    "Actual Loops": 1
                                                },
                                                {
                                                    "Worker Number": 4,
                                                    "Actual Startup Time": 0.03,
                                                    "Actual Total Time": 280.898,
                                                    "Actual Rows": 2364117,
                                                    "Actual Loops": 1
                                                }
                                            ]
                                        },
                                        {
                                            "Node Type": "Hash",
                                            "Parent Relationship": "Inner",
                                            "Parallel Aware": true,
                                            "Startup Cost": 396383.83,
                                            "Total Cost": 396383.83,
                                            "Plan Rows": 1083841,
                                            "Plan Width": 8,
                                            "Actual Startup Time": 2413.963,
                                            "Actual Total Time": 2415.573,
                                            "Actual Rows": 1241782,
                                            "Actual Loops": 6,
                                            "Output": [
                                                "t.id",
                                                "ci.movie_id"
                                            ],
                                            "Hash Buckets": 8388608,
                                            "Original Hash Buckets": 8388608,
                                            "Hash Batches": 1,
                                            "Original Hash Batches": 1,
                                            "Peak Memory Usage": 357088,
                                            "Workers": [
                                                {
                                                    "Worker Number": 0,
                                                    "Actual Startup Time": 2418.875,
                                                    "Actual Total Time": 2418.879,
                                                    "Actual Rows": 1201094,
                                                    "Actual Loops": 1
                                                },
                                                {
                                                    "Worker Number": 1,
                                                    "Actual Startup Time": 2418.847,
                                                    "Actual Total Time": 2418.85,
                                                    "Actual Rows": 1201541,
                                                    "Actual Loops": 1
                                                },
                                                {
                                                    "Worker Number": 2,
                                                    "Actual Startup Time": 2418.807,
                                                    "Actual Total Time": 2418.81,
                                                    "Actual Rows": 1168632,
                                                    "Actual Loops": 1
                                                },
                                                {
                                                    "Worker Number": 3,
                                                    "Actual Startup Time": 2419.024,
                                                    "Actual Total Time": 2419.028,
                                                    "Actual Rows": 1162865,
                                                    "Actual Loops": 1
                                                },
                                                {
                                                    "Worker Number": 4,
                                                    "Actual Startup Time": 2419.195,
                                                    "Actual Total Time": 2419.198,
                                                    "Actual Rows": 1191429,
                                                    "Actual Loops": 1
                                                }
                                            ],
                                            "Plans": [
                                                {
                                                    "Node Type": "Hash Join",
                                                    "Parent Relationship": "Outer",
                                                    "Parallel Aware": true,
                                                    "Join Type": "Inner",
                                                    "Startup Cost": 50219.81,
                                                    "Total Cost": 396383.83,
                                                    "Plan Rows": 1083841,
                                                    "Plan Width": 8,
                                                    "Actual Startup Time": 570.31,
                                                    "Actual Total Time": 1834.042,
                                                    "Actual Rows": 1241782,
                                                    "Actual Loops": 6,
                                                    "Output": [
                                                        "t.id",
                                                        "ci.movie_id"
                                                    ],
                                                    "Inner Unique": true,
                                                    "Hash Cond": "(ci.movie_id = t.id)",
                                                    "Workers": [
                                                        {
                                                            "Worker Number": 0,
                                                            "Actual Startup Time": 570.29,
                                                            "Actual Total Time": 1833.838,
                                                            "Actual Rows": 1201094,
                                                            "Actual Loops": 1
                                                        },
                                                        {
                                                            "Worker Number": 1,
                                                            "Actual Startup Time": 570.299,
                                                            "Actual Total Time": 1833.117,
                                                            "Actual Rows": 1201541,
                                                            "Actual Loops": 1
                                                        },
                                                        {
                                                            "Worker Number": 2,
                                                            "Actual Startup Time": 570.273,
                                                            "Actual Total Time": 1836.582,
                                                            "Actual Rows": 1168632,
                                                            "Actual Loops": 1
                                                        },
                                                        {
                                                            "Worker Number": 3,
                                                            "Actual Startup Time": 570.299,
                                                            "Actual Total Time": 1833.891,
                                                            "Actual Rows": 1162865,
                                                            "Actual Loops": 1
                                                        },
                                                        {
                                                            "Worker Number": 4,
                                                            "Actual Startup Time": 570.293,
                                                            "Actual Total Time": 1833.223,
                                                            "Actual Rows": 1191429,
                                                            "Actual Loops": 1
                                                        }
                                                    ],
                                                    "Plans": [
                                                        {
                                                            "Node Type": "Seq Scan",
                                                            "Parent Relationship": "Outer",
                                                            "Parallel Aware": true,
                                                            "Relation Name": "cast_info",
                                                            "Schema": "public",
                                                            "Alias": "ci",
                                                            "Startup Cost": 0.0,
                                                            "Total Cost": 343318.94,
                                                            "Plan Rows": 1083841,
                                                            "Plan Width": 4,
                                                            "Actual Startup Time": 280.896,
                                                            "Actual Total Time": 883.279,
                                                            "Actual Rows": 1241782,
                                                            "Actual Loops": 6,
                                                            "Output": [
                                                                "ci.id",
                                                                "ci.person_id",
                                                                "ci.movie_id",
                                                                "ci.person_role_id",
                                                                "ci.note",
                                                                "ci.nr_order",
                                                                "ci.role_id"
                                                            ],
                                                            "Filter": "((ci.person_id > 468197) AND (ci.role_id = 2))",
                                                            "Rows Removed by Filter": 4798942,
                                                            "Workers": [
                                                                {
                                                                    "Worker Number": 0,
                                                                    "Actual Startup Time": 280.854,
                                                                    "Actual Total Time": 892.317,
                                                                    "Actual Rows": 1201094,
                                                                    "Actual Loops": 1
                                                                },
                                                                {
                                                                    "Worker Number": 1,
                                                                    "Actual Startup Time": 280.966,
                                                                    "Actual Total Time": 892.728,
                                                                    "Actual Rows": 1201541,
                                                                    "Actual Loops": 1
                                                                },
                                                                {
                                                                    "Worker Number": 2,
                                                                    "Actual Startup Time": 280.802,
                                                                    "Actual Total Time": 892.884,
                                                                    "Actual Rows": 1168632,
                                                                    "Actual Loops": 1
                                                                },
                                                                {
                                                                    "Worker Number": 3,
                                                                    "Actual Startup Time": 280.974,
                                                                    "Actual Total Time": 892.123,
                                                                    "Actual Rows": 1162865,
                                                                    "Actual Loops": 1
                                                                },
                                                                {
                                                                    "Worker Number": 4,
                                                                    "Actual Startup Time": 280.99,
                                                                    "Actual Total Time": 891.336,
                                                                    "Actual Rows": 1191429,
                                                                    "Actual Loops": 1
                                                                }
                                                            ]
                                                        },
                                                        {
                                                            "Node Type": "Hash",
                                                            "Parent Relationship": "Inner",
                                                            "Parallel Aware": true,
                                                            "Startup Cost": 42318.81,
                                                            "Total Cost": 42318.81,
                                                            "Plan Rows": 632080,
                                                            "Plan Width": 4,
                                                            "Actual Startup Time": 285.526,
                                                            "Actual Total Time": 285.527,
                                                            "Actual Rows": 421385,
                                                            "Actual Loops": 6,
                                                            "Output": [
                                                                "t.id"
                                                            ],
                                                            "Hash Buckets": 4194304,
                                                            "Original Hash Buckets": 4194304,
                                                            "Hash Batches": 1,
                                                            "Original Hash Batches": 1,
                                                            "Peak Memory Usage": 131776,
                                                            "Workers": [
                                                                {
                                                                    "Worker Number": 0,
                                                                    "Actual Startup Time": 289.212,
                                                                    "Actual Total Time": 289.213,
                                                                    "Actual Rows": 376968,
                                                                    "Actual Loops": 1
                                                                },
                                                                {
                                                                    "Worker Number": 1,
                                                                    "Actual Startup Time": 289.205,
                                                                    "Actual Total Time": 289.207,
                                                                    "Actual Rows": 380938,
                                                                    "Actual Loops": 1
                                                                },
                                                                {
                                                                    "Worker Number": 2,
                                                                    "Actual Startup Time": 289.224,
                                                                    "Actual Total Time": 289.225,
                                                                    "Actual Rows": 374835,
                                                                    "Actual Loops": 1
                                                                },
                                                                {
                                                                    "Worker Number": 3,
                                                                    "Actual Startup Time": 289.221,
                                                                    "Actual Total Time": 289.222,
                                                                    "Actual Rows": 378799,
                                                                    "Actual Loops": 1
                                                                },
                                                                {
                                                                    "Worker Number": 4,
                                                                    "Actual Startup Time": 289.237,
                                                                    "Actual Total Time": 289.238,
                                                                    "Actual Rows": 376682,
                                                                    "Actual Loops": 1
                                                                }
                                                            ],
                                                            "Plans": [
                                                                {
                                                                    "Node Type": "Seq Scan",
                                                                    "Parent Relationship": "Outer",
                                                                    "Parallel Aware": true,
                                                                    "Relation Name": "title",
                                                                    "Schema": "public",
                                                                    "Alias": "t",
                                                                    "Startup Cost": 0.0,
                                                                    "Total Cost": 42318.81,
                                                                    "Plan Rows": 632080,
                                                                    "Plan Width": 4,
                                                                    "Actual Startup Time": 0.037,
                                                                    "Actual Total Time": 85.987,
                                                                    "Actual Rows": 421385,
                                                                    "Actual Loops": 6,
                                                                    "Output": [
                                                                        "t.id"
                                                                    ],
                                                                    "Workers": [
                                                                        {
                                                                            "Worker Number": 0,
                                                                            "Actual Startup Time": 0.046,
                                                                            "Actual Total Time": 88.459,
                                                                            "Actual Rows": 376968,
                                                                            "Actual Loops": 1
                                                                        },
                                                                        {
                                                                            "Worker Number": 1,
                                                                            "Actual Startup Time": 0.045,
                                                                            "Actual Total Time": 89.158,
                                                                            "Actual Rows": 380938,
                                                                            "Actual Loops": 1
                                                                        },
                                                                        {
                                                                            "Worker Number": 2,
                                                                            "Actual Startup Time": 0.028,
                                                                            "Actual Total Time": 90.275,
                                                                            "Actual Rows": 374835,
                                                                            "Actual Loops": 1
                                                                        },
                                                                        {
                                                                            "Worker Number": 3,
                                                                            "Actual Startup Time": 0.047,
                                                                            "Actual Total Time": 90.543,
                                                                            "Actual Rows": 378799,
                                                                            "Actual Loops": 1
                                                                        },
                                                                        {
                                                                            "Worker Number": 4,
                                                                            "Actual Startup Time": 0.041,
                                                                            "Actual Total Time": 88.508,
                                                                            "Actual Rows": 376682,
                                                                            "Actual Loops": 1
                                                                        }
                                                                    ]
                                                                }
                                                            ]
                                                        }
                                                    ]
                                                }
                                            ]
                                        }
                                    ]
                                }
                            ]
                        }
                    ]
                }
            ]
        },
        "Planning Time": 980.689,
        "Triggers": [],
        "Execution Time": 5792.048
    }
]