[
  {
    "Plan": {
      "Node Type": "Aggregate",
      "Strategy": "Plain",
      "Partial Mode": "Finalize",
      "Parallel Aware": false,
      "Startup Cost": 347225.86,
      "Total Cost": 347225.87,
      "Plan Rows": 1,
      "Plan Width": 8,
      "Actual Startup Time": 716.702,
      "Actual Total Time": 762.7,
      "Actual Rows": 1,
      "Actual Loops": 1,
      "Plans": [
        {
          "Node Type": "Gather",
          "Parent Relationship": "Outer",
          "Parallel Aware": false,
          "Startup Cost": 347225.24,
          "Total Cost": 347225.85,
          "Plan Rows": 6,
          "Plan Width": 8,
          "Actual Startup Time": 716.469,
          "Actual Total Time": 762.687,
          "Actual Rows": 7,
          "Actual Loops": 1,
          "Workers Planned": 6,
          "Workers Launched": 6,
          "Single Copy": false,
          "Plans": [
            {
              "Node Type": "Aggregate",
              "Strategy": "Plain",
              "Partial Mode": "Partial",
              "Parent Relationship": "Outer",
              "Parallel Aware": false,
              "Startup Cost": 346225.24,
              "Total Cost": 346225.25,
              "Plan Rows": 1,
              "Plan Width": 8,
              "Actual Startup Time": 707.732,
              "Actual Total Time": 707.734,
              "Actual Rows": 1,
              "Actual Loops": 7,
              "Plans": [
                {
                  "Node Type": "Seq Scan",
                  "Parent Relationship": "Outer",
                  "Parallel Aware": true,
                  "Relation Name": "cast_info",
                  "Alias": "ci",
                  "Startup Cost": 0.0,
                  "Total Cost": 343316.27,
                  "Plan Rows": 1163587,
                  "Plan Width": 0,
                  "Actual Startup Time": 326.177,
                  "Actual Total Time": 634.692,
                  "Actual Rows": 1518454,
                  "Actual Loops": 7,
                  "Filter": "((person_id > 2644891) AND (role_id > 1))",
                  "Rows Removed by Filter": 3659309
                }
              ]
            }
          ]
        }
      ]
    },
    "Planning Time": 0.227,
    "Triggers": [],
    "Execution Time": 762.771
  }
]