[
    {
        "Bao": {
            "Bao prediction": "NaN",
            "Bao recommended hint": "(no hint)"
        }
    },
    {
        "Plan": {
            "Node Type": "Aggregate",
            "Strategy": "Plain",
            "Partial Mode": "Finalize",
            "Parallel Aware": false,
            "Startup Cost": 113641.69,
            "Total Cost": 113641.7,
            "Plan Rows": 1,
            "Plan Width": 8,
            "Actual Startup Time": 410.15,
            "Actual Total Time": 430.119,
            "Actual Rows": 1,
            "Actual Loops": 1,
            "Output": [
                "count(*)"
            ],
            "Plans": [
                {
                    "Node Type": "Gather",
                    "Parent Relationship": "Outer",
                    "Parallel Aware": false,
                    "Startup Cost": 113641.37,
                    "Total Cost": 113641.68,
                    "Plan Rows": 3,
                    "Plan Width": 8,
                    "Actual Startup Time": 409.572,
                    "Actual Total Time": 430.108,
                    "Actual Rows": 4,
                    "Actual Loops": 1,
                    "Output": [
                        "(PARTIAL count(*))"
                    ],
                    "Workers Planned": 3,
                    "Workers Launched": 3,
                    "Single Copy": false,
                    "Plans": [
                        {
                            "Node Type": "Aggregate",
                            "Strategy": "Plain",
                            "Partial Mode": "Partial",
                            "Parent Relationship": "Outer",
                            "Parallel Aware": false,
                            "Startup Cost": 112641.37,
                            "Total Cost": 112641.38,
                            "Plan Rows": 1,
                            "Plan Width": 8,
                            "Actual Startup Time": 401.112,
                            "Actual Total Time": 401.118,
                            "Actual Rows": 1,
                            "Actual Loops": 4,
                            "Output": [
                                "PARTIAL count(*)"
                            ],
                            "Workers": [
                                {
                                    "Worker Number": 0,
                                    "Actual Startup Time": 398.247,
                                    "Actual Total Time": 398.25,
                                    "Actual Rows": 1,
                                    "Actual Loops": 1
                                },
                                {
                                    "Worker Number": 1,
                                    "Actual Startup Time": 398.225,
                                    "Actual Total Time": 398.23,
                                    "Actual Rows": 1,
                                    "Actual Loops": 1
                                },
                                {
                                    "Worker Number": 2,
                                    "Actual Startup Time": 398.809,
                                    "Actual Total Time": 398.812,
                                    "Actual Rows": 1,
                                    "Actual Loops": 1
                                }
                            ],
                            "Plans": [
                                {
                                    "Node Type": "Nested Loop",
                                    "Parent Relationship": "Outer",
                                    "Parallel Aware": false,
                                    "Join Type": "Inner",
                                    "Startup Cost": 44278.16,
                                    "Total Cost": 112554.78,
                                    "Plan Rows": 34634,
                                    "Plan Width": 0,
                                    "Actual Startup Time": 121.067,
                                    "Actual Total Time": 390.014,
                                    "Actual Rows": 193150,
                                    "Actual Loops": 4,
                                    "Inner Unique": false,
                                    "Join Filter": "(t.id = mk.movie_id)",
                                    "Rows Removed by Join Filter": 0,
                                    "Workers": [
                                        {
                                            "Worker Number": 0,
                                            "Actual Startup Time": 118.19,
                                            "Actual Total Time": 387.62,
                                            "Actual Rows": 251912,
                                            "Actual Loops": 1
                                        },
                                        {
                                            "Worker Number": 1,
                                            "Actual Startup Time": 118.398,
                                            "Actual Total Time": 387.861,
                                            "Actual Rows": 154365,
                                            "Actual Loops": 1
                                        },
                                        {
                                            "Worker Number": 2,
                                            "Actual Startup Time": 118.599,
                                            "Actual Total Time": 388.046,
                                            "Actual Rows": 160240,
                                            "Actual Loops": 1
                                        }
                                    ],
                                    "Plans": [
                                        {
                                            "Node Type": "Hash Join",
                                            "Parent Relationship": "Outer",
                                            "Parallel Aware": true,
                                            "Join Type": "Inner",
                                            "Startup Cost": 44277.73,
                                            "Total Cost": 74648.41,
                                            "Plan Rows": 19356,
                                            "Plan Width": 8,
                                            "Actual Startup Time": 120.956,
                                            "Actual Total Time": 245.674,
                                            "Actual Rows": 13813,
                                            "Actual Loops": 4,
                                            "Output": [
                                                "t.id",
                                                "mc.movie_id"
                                            ],
                                            "Inner Unique": true,
                                            "Hash Cond": "(mc.movie_id = t.id)",
                                            "Workers": [
                                                {
                                                    "Worker Number": 0,
                                                    "Actual Startup Time": 118.12,
                                                    "Actual Total Time": 237.868,
                                                    "Actual Rows": 16982,
                                                    "Actual Loops": 1
                                                },
                                                {
                                                    "Worker Number": 1,
                                                    "Actual Startup Time": 118.169,
                                                    "Actual Total Time": 240.929,
                                                    "Actual Rows": 11891,
                                                    "Actual Loops": 1
                                                },
                                                {
                                                    "Worker Number": 2,
                                                    "Actual Startup Time": 118.482,
                                                    "Actual Total Time": 240.43,
                                                    "Actual Rows": 11892,
                                                    "Actual Loops": 1
                                                }
                                            ],
                                            "Plans": [
                                                {
                                                    "Node Type": "Seq Scan",
                                                    "Parent Relationship": "Outer",
                                                    "Parallel Aware": true,
                                                    "Relation Name": "movie_companies",
                                                    "Schema": "public",
                                                    "Alias": "mc",
                                                    "Startup Cost": 0.0,
                                                    "Total Cost": 29310.68,
                                                    "Plan Rows": 403810,
                                                    "Plan Width": 4,
                                                    "Actual Startup Time": 9.905,
                                                    "Actual Total Time": 78.031,
                                                    "Actual Rows": 314545,
                                                    "Actual Loops": 4,
                                                    "Output": [
                                                        "mc.id",
                                                        "mc.movie_id",
                                                        "mc.company_id",
                                                        "mc.company_type_id",
                                                        "mc.note"
                                                    ],
                                                    "Filter": "(mc.company_id > 11594)",
                                                    "Rows Removed by Filter": 337737,
                                                    "Workers": [
                                                        {
                                                            "Worker Number": 0,
                                                            "Actual Startup Time": 9.904,
                                                            "Actual Total Time": 74.31,
                                                            "Actual Rows": 395545,
                                                            "Actual Loops": 1
                                                        },
                                                        {
                                                            "Worker Number": 1,
                                                            "Actual Startup Time": 9.883,
                                                            "Actual Total Time": 78.408,
                                                            "Actual Rows": 267341,
                                                            "Actual Loops": 1
                                                        },
                                                        {
                                                            "Worker Number": 2,
                                                            "Actual Startup Time": 9.882,
                                                            "Actual Total Time": 77.334,
                                                            "Actual Rows": 265843,
                                                            "Actual Loops": 1
                                                        }
                                                    ]
                                                },
                                                {
                                                    "Node Type": "Hash",
                                                    "Parent Relationship": "Inner",
                                                    "Parallel Aware": true,
                                                    "Startup Cost": 43899.01,
                                                    "Total Cost": 43899.01,
                                                    "Plan Rows": 30298,
                                                    "Plan Width": 4,
                                                    "Actual Startup Time": 110.063,
                                                    "Actual Total Time": 110.064,
                                                    "Actual Rows": 30715,
                                                    "Actual Loops": 4,
                                                    "Output": [
                                                        "t.id"
                                                    ],
                                                    "Hash Buckets": 131072,
                                                    "Original Hash Buckets": 131072,
                                                    "Hash Batches": 1,
                                                    "Original Hash Batches": 1,
                                                    "Peak Memory Usage": 5920,
                                                    "Workers": [
                                                        {
                                                            "Worker Number": 0,
                                                            "Actual Startup Time": 107.624,
                                                            "Actual Total Time": 107.625,
                                                            "Actual Rows": 35300,
                                                            "Actual Loops": 1
                                                        },
                                                        {
                                                            "Worker Number": 1,
                                                            "Actual Startup Time": 107.771,
                                                            "Actual Total Time": 107.773,
                                                            "Actual Rows": 23895,
                                                            "Actual Loops": 1
                                                        },
                                                        {
                                                            "Worker Number": 2,
                                                            "Actual Startup Time": 107.993,
                                                            "Actual Total Time": 107.994,
                                                            "Actual Rows": 23913,
                                                            "Actual Loops": 1
                                                        }
                                                    ],
                                                    "Plans": [
                                                        {
                                                            "Node Type": "Seq Scan",
                                                            "Parent Relationship": "Outer",
                                                            "Parallel Aware": true,
                                                            "Relation Name": "title",
                                                            "Schema": "public",
                                                            "Alias": "t",
                                                            "Startup Cost": 0.0,
                                                            "Total Cost": 43899.01,
                                                            "Plan Rows": 30298,
                                                            "Plan Width": 4,
                                                            "Actual Startup Time": 0.04,
                                                            "Actual Total Time": 96.688,
                                                            "Actual Rows": 30715,
                                                            "Actual Loops": 4,
                                                            "Output": [
                                                                "t.id"
                                                            ],
                                                            "Filter": "(t.production_year = 2008)",
                                                            "Rows Removed by Filter": 601363,
                                                            "Workers": [
                                                                {
                                                                    "Worker Number": 0,
                                                                    "Actual Startup Time": 0.047,
                                                                    "Actual Total Time": 94.779,
                                                                    "Actual Rows": 35300,
                                                                    "Actual Loops": 1
                                                                },
                                                                {
                                                                    "Worker Number": 1,
                                                                    "Actual Startup Time": 0.048,
                                                                    "Actual Total Time": 94.917,
                                                                    "Actual Rows": 23895,
                                                                    "Actual Loops": 1
                                                                },
                                                                {
                                                                    "Worker Number": 2,
                                                                    "Actual Startup Time": 0.049,
                                                                    "Actual Total Time": 95.386,
                                                                    "Actual Rows": 23913,
                                                                    "Actual Loops": 1
                                                                }
                                                            ]
                                                        }
                                                    ]
                                                }
                                            ]
                                        },
                                        {
                                            "Node Type": "Index Only Scan",
                                            "Parent Relationship": "Inner",
                                            "Parallel Aware": false,
                                            "Scan Direction": "Forward",
                                            "Index Name": "movie_id_movie_keyword",
                                            "Relation Name": "movie_keyword",
                                            "Schema": "public",
                                            "Alias": "mk",
                                            "Startup Cost": 0.43,
                                            "Total Cost": 1.38,
                                            "Plan Rows": 46,
                                            "Plan Width": 4,
                                            "Actual Startup Time": 0.006,
                                            "Actual Total Time": 0.009,
                                            "Actual Rows": 14,
                                            "Actual Loops": 55252,
                                            "Output": [
                                                "mk.movie_id"
                                            ],
                                            "Index Cond": "(mk.movie_id = mc.movie_id)",
                                            "Rows Removed by Index Recheck": 0,
                                            "Heap Fetches": 772602,
                                            "Workers": [
                                                {
                                                    "Worker Number": 0,
                                                    "Actual Startup Time": 0.005,
                                                    "Actual Total Time": 0.007,
                                                    "Actual Rows": 15,
                                                    "Actual Loops": 16982
                                                },
                                                {
                                                    "Worker Number": 1,
                                                    "Actual Startup Time": 0.007,
                                                    "Actual Total Time": 0.01,
                                                    "Actual Rows": 13,
                                                    "Actual Loops": 11891
                                                },
                                                {
                                                    "Worker Number": 2,
                                                    "Actual Startup Time": 0.007,
                                                    "Actual Total Time": 0.01,
                                                    "Actual Rows": 13,
                                                    "Actual Loops": 11892
                                                }
                                            ]
                                        }
                                    ]
                                }
                            ]
                        }
                    ]
                }
            ]
        },
        "Planning Time": 273.795,
        "Triggers": [],
        "Execution Time": 430.2
    }
]