{
  "Plan": {
    "Node Type": "Aggregate",
    "Strategy": "Plain",
    "Partial Mode": "Finalize",
    "Parallel Aware": false,
    "Startup Cost": 285623.52,
    "Total Cost": 285623.53,
    "Plan Rows": 1,
    "Plan Width": 8,
    "Actual Startup Time": 908.289,
    "Actual Total Time": 929.859,
    "Actual Rows": 1,
    "Actual Loops": 1,
    "Plans": [
      {
        "Node Type": "Gather",
        "Parent Relationship": "Outer",
        "Parallel Aware": false,
        "Startup Cost": 285623.4,
        "Total Cost": 285623.51,
        "Plan Rows": 1,
        "Plan Width": 8,
        "Actual Startup Time": 902.73,
        "Actual Total Time": 929.851,
        "Actual Rows": 2,
        "Actual Loops": 1,
        "Workers Planned": 1,
        "Workers Launched": 1,
        "Single Copy": false,
        "Plans": [
          {
            "Node Type": "Aggregate",
            "Strategy": "Plain",
            "Partial Mode": "Partial",
            "Parent Relationship": "Outer",
            "Parallel Aware": false,
            "Startup Cost": 284623.4,
            "Total Cost": 284623.41,
            "Plan Rows": 1,
            "Plan Width": 8,
            "Actual Startup Time": 890.655,
            "Actual Total Time": 890.661,
            "Actual Rows": 1,
            "Actual Loops": 2,
            "Plans": [
              {
                "Node Type": "Hash Join",
                "Parent Relationship": "Outer",
                "Parallel Aware": false,
                "Join Type": "Inner",
                "Startup Cost": 87701.75,
                "Total Cost": 284623.13,
                "Plan Rows": 109,
                "Plan Width": 0,
                "Actual Startup Time": 640.592,
                "Actual Total Time": 890.648,
                "Actual Rows": 22,
                "Actual Loops": 2,
                "Inner Unique": false,
                "Hash Cond": "(t.id = ci.movie_id)",
                "Plans": [
                  {
                    "Node Type": "Hash Join",
                    "Parent Relationship": "Outer",
                    "Parallel Aware": true,
                    "Join Type": "Inner",
                    "Startup Cost": 86637.11,
                    "Total Cost": 257065.64,
                    "Plan Rows": 557721,
                    "Plan Width": 8,
                    "Actual Startup Time": 613.055,
                    "Actual Total Time": 865.824,
                    "Actual Rows": 450170,
                    "Actual Loops": 2,
                    "Inner Unique": true,
                    "Hash Cond": "(mi.movie_id = t.id)",
                    "Plans": [
                      {
                        "Node Type": "Bitmap Heap Scan",
                        "Parent Relationship": "Outer",
                        "Parallel Aware": true,
                        "Relation Name": "movie_info",
                        "Alias": "mi",
                        "Startup Cost": 17176.41,
                        "Total Cost": 186140.93,
                        "Plan Rows": 557721,
                        "Plan Width": 4,
                        "Actual Startup Time": 34.918,
                        "Actual Total Time": 125.864,
                        "Actual Rows": 450170,
                        "Actual Loops": 2,
                        "Recheck Cond": "(info_type_id > 94)",
                        "Rows Removed by Index Recheck": 0,
                        "Exact Heap Blocks": 19311,
                        "Lossy Heap Blocks": 0,
                        "Plans": [
                          {
                            "Node Type": "Bitmap Index Scan",
                            "Parent Relationship": "Outer",
                            "Parallel Aware": false,
                            "Index Name": "info_type_id_movie_info",
                            "Startup Cost": 0.0,
                            "Total Cost": 16939.38,
                            "Plan Rows": 948126,
                            "Plan Width": 0,
                            "Actual Startup Time": 29.476,
                            "Actual Total Time": 29.477,
                            "Actual Rows": 900340,
                            "Actual Loops": 1,
                            "Index Cond": "(info_type_id > 94)"
                          }
                        ]
                      },
                      {
                        "Node Type": "Hash",
                        "Parent Relationship": "Inner",
                        "Parallel Aware": true,
                        "Startup Cost": 50870.31,
                        "Total Cost": 50870.31,
                        "Plan Rows": 1487231,
                        "Plan Width": 4,
                        "Actual Startup Time": 556.196,
                        "Actual Total Time": 556.197,
                        "Actual Rows": 1264156,
                        "Actual Loops": 2,
                        "Hash Buckets": 4194304,
                        "Original Hash Buckets": 4194304,
                        "Hash Batches": 1,
                        "Original Hash Batches": 1,
                        "Peak Memory Usage": 131712,
                        "Plans": [
                          {
                            "Node Type": "Seq Scan",
                            "Parent Relationship": "Outer",
                            "Parallel Aware": true,
                            "Relation Name": "title",
                            "Alias": "t",
                            "Startup Cost": 0.0,
                            "Total Cost": 50870.31,
                            "Plan Rows": 1487231,
                            "Plan Width": 4,
                            "Actual Startup Time": 0.03,
                            "Actual Total Time": 158.718,
                            "Actual Rows": 1264156,
                            "Actual Loops": 2
                          }
                        ]
                      }
                    ]
                  },
                  {
                    "Node Type": "Hash",
                    "Parent Relationship": "Inner",
                    "Parallel Aware": false,
                    "Startup Cost": 1058.43,
                    "Total Cost": 1058.43,
                    "Plan Rows": 497,
                    "Plan Width": 4,
                    "Actual Startup Time": 0.333,
                    "Actual Total Time": 0.334,
                    "Actual Rows": 18,
                    "Actual Loops": 2,
                    "Hash Buckets": 1024,
                    "Original Hash Buckets": 1024,
                    "Hash Batches": 1,
                    "Original Hash Batches": 1,
                    "Peak Memory Usage": 9,
                    "Plans": [
                      {
                        "Node Type": "Index Scan",
                        "Parent Relationship": "Outer",
                        "Parallel Aware": false,
                        "Scan Direction": "Forward",
                        "Index Name": "person_id_cast_info",
                        "Relation Name": "cast_info",
                        "Alias": "ci",
                        "Startup Cost": 0.56,
                        "Total Cost": 1058.43,
                        "Plan Rows": 497,
                        "Plan Width": 4,
                        "Actual Startup Time": 0.283,
                        "Actual Total Time": 0.314,
                        "Actual Rows": 18,
                        "Actual Loops": 2,
                        "Index Cond": "(person_id = 2707818)",
                        "Rows Removed by Index Recheck": 0
                      }
                    ]
                  }
                ]
              }
            ]
          }
        ]
      }
    ]
  },
  "Planning Time": 0.927,
  "Triggers": [],
  "Execution Time": 929.967
}