[
  {
    "Plan": {
      "Node Type": "Aggregate",
      "Strategy": "Plain",
      "Partial Mode": "Finalize",
      "Parallel Aware": false,
      "Startup Cost": 253565.17,
      "Total Cost": 253565.18,
      "Plan Rows": 1,
      "Plan Width": 8,
      "Actual Startup Time": 806.831,
      "Actual Total Time": 854.733,
      "Actual Rows": 1,
      "Actual Loops": 1,
      "Plans": [
        {
          "Node Type": "Gather",
          "Parent Relationship": "Outer",
          "Parallel Aware": false,
          "Startup Cost": 253564.65,
          "Total Cost": 253565.16,
          "Plan Rows": 5,
          "Plan Width": 8,
          "Actual Startup Time": 803.644,
          "Actual Total Time": 854.722,
          "Actual Rows": 6,
          "Actual Loops": 1,
          "Workers Planned": 5,
          "Workers Launched": 5,
          "Single Copy": false,
          "Plans": [
            {
              "Node Type": "Aggregate",
              "Strategy": "Plain",
              "Partial Mode": "Partial",
              "Parent Relationship": "Outer",
              "Parallel Aware": false,
              "Startup Cost": 252564.65,
              "Total Cost": 252564.66,
              "Plan Rows": 1,
              "Plan Width": 8,
              "Actual Startup Time": 795.546,
              "Actual Total Time": 795.549,
              "Actual Rows": 1,
              "Actual Loops": 6,
              "Plans": [
                {
                  "Node Type": "Hash Join",
                  "Parent Relationship": "Outer",
                  "Parallel Aware": true,
                  "Join Type": "Inner",
                  "Startup Cost": 45112.8,
                  "Total Cost": 251499.99,
                  "Plan Rows": 425863,
                  "Plan Width": 0,
                  "Actual Startup Time": 108.304,
                  "Actual Total Time": 783.899,
                  "Actual Rows": 265560,
                  "Actual Loops": 6,
                  "Inner Unique": true,
                  "Hash Cond": "(mi.movie_id = t.id)",
                  "Plans": [
                    {
                      "Node Type": "Seq Scan",
                      "Parent Relationship": "Outer",
                      "Parallel Aware": true,
                      "Relation Name": "movie_info",
                      "Alias": "mi",
                      "Startup Cost": 0.0,
                      "Total Cost": 199108.24,
                      "Plan Rows": 2772929,
                      "Plan Width": 4,
                      "Actual Startup Time": 0.022,
                      "Actual Total Time": 357.948,
                      "Actual Rows": 2311226,
                      "Actual Loops": 6,
                      "Filter": "(info_type_id < 94)",
                      "Rows Removed by Filter": 161394
                    },
                    {
                      "Node Type": "Hash",
                      "Parent Relationship": "Inner",
                      "Parallel Aware": true,
                      "Startup Cost": 43899.32,
                      "Total Cost": 43899.32,
                      "Plan Rows": 97078,
                      "Plan Width": 4,
                      "Actual Startup Time": 105.315,
                      "Actual Total Time": 105.316,
                      "Actual Rows": 65278,
                      "Actual Loops": 6,
                      "Hash Buckets": 524288,
                      "Original Hash Buckets": 524288,
                      "Hash Batches": 1,
                      "Original Hash Batches": 1,
                      "Peak Memory Usage": 19488,
                      "Plans": [
                        {
                          "Node Type": "Seq Scan",
                          "Parent Relationship": "Outer",
                          "Parallel Aware": true,
                          "Relation Name": "title",
                          "Alias": "t",
                          "Startup Cost": 0.0,
                          "Total Cost": 43899.32,
                          "Plan Rows": 97078,
                          "Plan Width": 4,
                          "Actual Startup Time": 0.047,
                          "Actual Total Time": 77.098,
                          "Actual Rows": 65278,
                          "Actual Loops": 6,
                          "Filter": "(production_year > 2010)",
                          "Rows Removed by Filter": 356108
                        }
                      ]
                    }
                  ]
                }
              ]
            }
          ]
        }
      ]
    },
    "Planning Time": 0.339,
    "Triggers": [],
    "Execution Time": 854.783
  }
]