[
  {
    "Plan": {
      "Node Type": "Aggregate",
      "Strategy": "Plain",
      "Partial Mode": "Finalize",
      "Parallel Aware": false,
      "Startup Cost": 184954.35,
      "Total Cost": 184954.36,
      "Plan Rows": 1,
      "Plan Width": 8,
      "Actual Startup Time": 124.233,
      "Actual Total Time": 142.242,
      "Actual Rows": 1,
      "Actual Loops": 1,
      "Plans": [
        {
          "Node Type": "Gather",
          "Parent Relationship": "Outer",
          "Parallel Aware": false,
          "Startup Cost": 184953.93,
          "Total Cost": 184954.34,
          "Plan Rows": 4,
          "Plan Width": 8,
          "Actual Startup Time": 124.103,
          "Actual Total Time": 142.235,
          "Actual Rows": 5,
          "Actual Loops": 1,
          "Workers Planned": 4,
          "Workers Launched": 4,
          "Single Copy": false,
          "Plans": [
            {
              "Node Type": "Aggregate",
              "Strategy": "Plain",
              "Partial Mode": "Partial",
              "Parent Relationship": "Outer",
              "Parallel Aware": false,
              "Startup Cost": 183953.93,
              "Total Cost": 183953.94,
              "Plan Rows": 1,
              "Plan Width": 8,
              "Actual Startup Time": 113.571,
              "Actual Total Time": 113.574,
              "Actual Rows": 1,
              "Actual Loops": 5,
              "Plans": [
                {
                  "Node Type": "Nested Loop",
                  "Parent Relationship": "Outer",
                  "Parallel Aware": false,
                  "Join Type": "Inner",
                  "Startup Cost": 1.0,
                  "Total Cost": 183946.68,
                  "Plan Rows": 2901,
                  "Plan Width": 0,
                  "Actual Startup Time": 3.012,
                  "Actual Total Time": 113.283,
                  "Actual Rows": 2689,
                  "Actual Loops": 5,
                  "Inner Unique": false,
                  "Join Filter": "(t.id = ci.movie_id)",
                  "Rows Removed by Join Filter": 0,
                  "Plans": [
                    {
                      "Node Type": "Nested Loop",
                      "Parent Relationship": "Outer",
                      "Parallel Aware": false,
                      "Join Type": "Inner",
                      "Startup Cost": 0.43,
                      "Total Cost": 182565.15,
                      "Plan Rows": 370,
                      "Plan Width": 8,
                      "Actual Startup Time": 2.792,
                      "Actual Total Time": 91.092,
                      "Actual Rows": 329,
                      "Actual Loops": 5,
                      "Inner Unique": false,
                      "Plans": [
                        {
                          "Node Type": "Seq Scan",
                          "Parent Relationship": "Outer",
                          "Parallel Aware": true,
                          "Relation Name": "title",
                          "Alias": "t",
                          "Startup Cost": 0.0,
                          "Total Cost": 45479.1,
                          "Plan Rows": 1330,
                          "Plan Width": 4,
                          "Actual Startup Time": 0.432,
                          "Actual Total Time": 72.36,
                          "Actual Rows": 1040,
                          "Actual Loops": 5,
                          "Filter": "((kind_id > 4) AND (production_year = 1956))",
                          "Rows Removed by Filter": 504622
                        },
                        {
                          "Node Type": "Index Scan",
                          "Parent Relationship": "Inner",
                          "Parallel Aware": false,
                          "Scan Direction": "Forward",
                          "Index Name": "movie_id_movie_info",
                          "Relation Name": "movie_info",
                          "Alias": "mi",
                          "Startup Cost": 0.43,
                          "Total Cost": 103.05,
                          "Plan Rows": 2,
                          "Plan Width": 4,
                          "Actual Startup Time": 0.014,
                          "Actual Total Time": 0.017,
                          "Actual Rows": 0,
                          "Actual Loops": 5201,
                          "Index Cond": "(movie_id = t.id)",
                          "Rows Removed by Index Recheck": 0,
                          "Filter": "(info_type_id = 18)",
                          "Rows Removed by Filter": 6
                        }
                      ]
                    },
                    {
                      "Node Type": "Index Scan",
                      "Parent Relationship": "Inner",
                      "Parallel Aware": false,
                      "Scan Direction": "Forward",
                      "Index Name": "movie_id_cast_info",
                      "Relation Name": "cast_info",
                      "Alias": "ci",
                      "Startup Cost": 0.56,
                      "Total Cost": 3.48,
                      "Plan Rows": 20,
                      "Plan Width": 4,
                      "Actual Startup Time": 0.013,
                      "Actual Total Time": 0.066,
                      "Actual Rows": 8,
                      "Actual Loops": 1645,
                      "Index Cond": "(movie_id = mi.movie_id)",
                      "Rows Removed by Index Recheck": 0,
                      "Filter": "(role_id < 3)",
                      "Rows Removed by Filter": 4
                    }
                  ]
                }
              ]
            }
          ]
        }
      ]
    },
    "Planning Time": 1.202,
    "Triggers": [],
    "Execution Time": 142.321
  }
]