[
  {
    "Plan": {
      "Node Type": "Aggregate",
      "Strategy": "Plain",
      "Partial Mode": "Finalize",
      "Parallel Aware": false,
      "Startup Cost": 29897.95,
      "Total Cost": 29897.96,
      "Plan Rows": 1,
      "Plan Width": 8,
      "Actual Startup Time": 37.084,
      "Actual Total Time": 41.116,
      "Actual Rows": 1,
      "Actual Loops": 1,
      "Plans": [
        {
          "Node Type": "Gather",
          "Parent Relationship": "Outer",
          "Parallel Aware": false,
          "Startup Cost": 29897.74,
          "Total Cost": 29897.95,
          "Plan Rows": 2,
          "Plan Width": 8,
          "Actual Startup Time": 36.587,
          "Actual Total Time": 41.108,
          "Actual Rows": 3,
          "Actual Loops": 1,
          "Workers Planned": 2,
          "Workers Launched": 2,
          "Single Copy": false,
          "Plans": [
            {
              "Node Type": "Aggregate",
              "Strategy": "Plain",
              "Partial Mode": "Partial",
              "Parent Relationship": "Outer",
              "Parallel Aware": false,
              "Startup Cost": 28897.74,
              "Total Cost": 28897.75,
              "Plan Rows": 1,
              "Plan Width": 8,
              "Actual Startup Time": 29.589,
              "Actual Total Time": 29.591,
              "Actual Rows": 1,
              "Actual Loops": 3,
              "Plans": [
                {
                  "Node Type": "Nested Loop",
                  "Parent Relationship": "Outer",
                  "Parallel Aware": false,
                  "Join Type": "Inner",
                  "Startup Cost": 124.0,
                  "Total Cost": 28891.94,
                  "Plan Rows": 2319,
                  "Plan Width": 0,
                  "Actual Startup Time": 2.14,
                  "Actual Total Time": 29.228,
                  "Actual Rows": 1892,
                  "Actual Loops": 3,
                  "Inner Unique": true,
                  "Plans": [
                    {
                      "Node Type": "Bitmap Heap Scan",
                      "Parent Relationship": "Outer",
                      "Parallel Aware": true,
                      "Relation Name": "movie_companies",
                      "Alias": "mc",
                      "Startup Cost": 123.57,
                      "Total Cost": 12156.98,
                      "Plan Rows": 2319,
                      "Plan Width": 4,
                      "Actual Startup Time": 1.959,
                      "Actual Total Time": 7.778,
                      "Actual Rows": 1892,
                      "Actual Loops": 3,
                      "Recheck Cond": "(company_id = 73)",
                      "Rows Removed by Index Recheck": 0,
                      "Exact Heap Blocks": 2003,
                      "Lossy Heap Blocks": 0,
                      "Plans": [
                        {
                          "Node Type": "Bitmap Index Scan",
                          "Parent Relationship": "Outer",
                          "Parallel Aware": false,
                          "Index Name": "company_id_movie_companies",
                          "Startup Cost": 0.0,
                          "Total Cost": 122.18,
                          "Plan Rows": 5566,
                          "Plan Width": 0,
                          "Actual Startup Time": 4.328,
                          "Actual Total Time": 4.328,
                          "Actual Rows": 5677,
                          "Actual Loops": 1,
                          "Index Cond": "(company_id = 73)"
                        }
                      ]
                    },
                    {
                      "Node Type": "Index Only Scan",
                      "Parent Relationship": "Inner",
                      "Parallel Aware": false,
                      "Scan Direction": "Forward",
                      "Index Name": "title_pkey",
                      "Relation Name": "title",
                      "Alias": "t",
                      "Startup Cost": 0.43,
                      "Total Cost": 7.22,
                      "Plan Rows": 1,
                      "Plan Width": 4,
                      "Actual Startup Time": 0.01,
                      "Actual Total Time": 0.01,
                      "Actual Rows": 1,
                      "Actual Loops": 5677,
                      "Index Cond": "(id = mc.movie_id)",
                      "Rows Removed by Index Recheck": 0,
                      "Heap Fetches": 5677
                    }
                  ]
                }
              ]
            }
          ]
        }
      ]
    },
    "Planning Time": 0.659,
    "Triggers": [],
    "Execution Time": 41.215
  }
]