{
    "Plan": {
        "Node Type": "Aggregate",
        "Strategy": "Plain",
        "Partial Mode": "Simple",
        "Parallel Aware": false,
        "Startup Cost": 70001451038.99,
        "Total Cost": 70001451039.0,
        "Plan Rows": 1,
        "Plan Width": 64,
        "Actual Startup Time": 3711.028,
        "Actual Total Time": 3711.046,
        "Actual Rows": 1,
        "Actual Loops": 1,
        "Output": [
            "min((kt.kind)::text)",
            "min(t.title)"
        ],
        "Plans": [
            {
                "Node Type": "Nested Loop",
                "Parent Relationship": "Outer",
                "Parallel Aware": false,
                "Join Type": "Inner",
                "Startup Cost": 70001451017.73,
                "Total Cost": 70001451038.98,
                "Plan Rows": 1,
                "Plan Width": 27,
                "Actual Startup Time": 3707.104,
                "Actual Total Time": 3710.853,
                "Actual Rows": 628,
                "Actual Loops": 1,
                "Output": [
                    "kt.kind",
                    "t.title"
                ],
                "Inner Unique": true,
                "Plans": [
                    {
                        "Node Type": "Hash Join",
                        "Parent Relationship": "Outer",
                        "Parallel Aware": false,
                        "Join Type": "Inner",
                        "Startup Cost": 60001451017.3,
                        "Total Cost": 60001451034.54,
                        "Plan Rows": 1,
                        "Plan Width": 31,
                        "Actual Startup Time": 3707.085,
                        "Actual Total Time": 3707.555,
                        "Actual Rows": 628,
                        "Actual Loops": 1,
                        "Output": [
                            "mk.keyword_id",
                            "t.title",
                            "kt.kind"
                        ],
                        "Inner Unique": true,
                        "Hash Cond": "(mc.company_id = cn.id)",
                        "Plans": [
                            {
                                "Node Type": "Nested Loop",
                                "Parent Relationship": "Outer",
                                "Parallel Aware": false,
                                "Join Type": "Inner",
                                "Startup Cost": 60001437509.1,
                                "Total Cost": 60001437526.33,
                                "Plan Rows": 1,
                                "Plan Width": 35,
                                "Actual Startup Time": 3553.493,
                                "Actual Total Time": 3553.775,
                                "Actual Rows": 628,
                                "Actual Loops": 1,
                                "Output": [
                                    "mc.company_id",
                                    "mk.keyword_id",
                                    "t.title",
                                    "kt.kind"
                                ],
                                "Inner Unique": false,
                                "Join Filter": "(t.id = mk.movie_id)",
                                "Rows Removed by Join Filter": 0,
                                "Plans": [
                                    {
                                        "Node Type": "Merge Join",
                                        "Parent Relationship": "Outer",
                                        "Parallel Aware": false,
                                        "Join Type": "Inner",
                                        "Startup Cost": 50001437508.28,
                                        "Total Cost": 50001437520.36,
                                        "Plan Rows": 1,
                                        "Plan Width": 47,
                                        "Actual Startup Time": 3553.456,
                                        "Actual Total Time": 3553.476,
                                        "Actual Rows": 7,
                                        "Actual Loops": 1,
                                        "Output": [
                                            "cc.movie_id",
                                            "mc.movie_id",
                                            "mc.company_id",
                                            "mi.movie_id",
                                            "t.title",
                                            "t.id",
                                            "kt.kind"
                                        ],
                                        "Inner Unique": true,
                                        "Merge Cond": "(mc.company_type_id = ct.id)",
                                        "Plans": [
                                            {
                                                "Node Type": "Sort",
                                                "Parent Relationship": "Outer",
                                                "Parallel Aware": false,
                                                "Startup Cost": 50001437508.15,
                                                "Total Cost": 50001437508.15,
                                                "Plan Rows": 1,
                                                "Plan Width": 51,
                                                "Actual Startup Time": 3553.438,
                                                "Actual Total Time": 3553.454,
                                                "Actual Rows": 7,
                                                "Actual Loops": 1,
                                                "Output": [
                                                    "cc.movie_id",
                                                    "mc.movie_id",
                                                    "mc.company_id",
                                                    "mc.company_type_id",
                                                    "mi.movie_id",
                                                    "t.title",
                                                    "t.id",
                                                    "kt.kind"
                                                ],
                                                "Sort Key": [
                                                    "mc.company_type_id"
                                                ],
                                                "Sort Method": "quicksort",
                                                "Sort Space Used": 25,
                                                "Sort Space Type": "Memory",
                                                "Plans": [
                                                    {
                                                        "Node Type": "Hash Join",
                                                        "Parent Relationship": "Outer",
                                                        "Parallel Aware": false,
                                                        "Join Type": "Inner",
                                                        "Startup Cost": 50001382842.6,
                                                        "Total Cost": 50001437508.14,
                                                        "Plan Rows": 1,
                                                        "Plan Width": 51,
                                                        "Actual Startup Time": 3300.73,
                                                        "Actual Total Time": 3553.434,
                                                        "Actual Rows": 7,
                                                        "Actual Loops": 1,
                                                        "Output": [
                                                            "cc.movie_id",
                                                            "mc.movie_id",
                                                            "mc.company_id",
                                                            "mc.company_type_id",
                                                            "mi.movie_id",
                                                            "t.title",
                                                            "t.id",
                                                            "kt.kind"
                                                        ],
                                                        "Inner Unique": false,
                                                        "Hash Cond": "(mc.movie_id = t.id)",
                                                        "Plans": [
                                                            {
                                                                "Node Type": "Seq Scan",
                                                                "Parent Relationship": "Outer",
                                                                "Parallel Aware": false,
                                                                "Relation Name": "movie_companies",
                                                                "Schema": "public",
                                                                "Alias": "mc",
                                                                "Startup Cost": 10000000000.0,
                                                                "Total Cost": 10000044881.29,
                                                                "Plan Rows": 2609129,
                                                                "Plan Width": 12,
                                                                "Actual Startup Time": 0.015,
                                                                "Actual Total Time": 181.263,
                                                                "Actual Rows": 2609129,
                                                                "Actual Loops": 1,
                                                                "Output": [
                                                                    "mc.id",
                                                                    "mc.movie_id",
                                                                    "mc.company_id",
                                                                    "mc.company_type_id",
                                                                    "mc.note"
                                                                ]
                                                            },
                                                            {
                                                                "Node Type": "Hash",
                                                                "Parent Relationship": "Inner",
                                                                "Parallel Aware": false,
                                                                "Startup Cost": 40001382842.59,
                                                                "Total Cost": 40001382842.59,
                                                                "Plan Rows": 1,
                                                                "Plan Width": 39,
                                                                "Actual Startup Time": 3221.616,
                                                                "Actual Total Time": 3221.63,
                                                                "Actual Rows": 6,
                                                                "Actual Loops": 1,
                                                                "Output": [
                                                                    "cc.movie_id",
                                                                    "mi.movie_id",
                                                                    "t.title",
                                                                    "t.id",
                                                                    "kt.kind"
                                                                ],
                                                                "Hash Buckets": 1024,
                                                                "Original Hash Buckets": 1024,
                                                                "Hash Batches": 1,
                                                                "Original Hash Batches": 1,
                                                                "Peak Memory Usage": 9,
                                                                "Plans": [
                                                                    {
                                                                        "Node Type": "Hash Join",
                                                                        "Parent Relationship": "Outer",
                                                                        "Parallel Aware": false,
                                                                        "Join Type": "Inner",
                                                                        "Startup Cost": 40001382842.52,
                                                                        "Total Cost": 40001382842.59,
                                                                        "Plan Rows": 1,
                                                                        "Plan Width": 39,
                                                                        "Actual Startup Time": 3221.604,
                                                                        "Actual Total Time": 3221.624,
                                                                        "Actual Rows": 6,
                                                                        "Actual Loops": 1,
                                                                        "Output": [
                                                                            "cc.movie_id",
                                                                            "mi.movie_id",
                                                                            "t.title",
                                                                            "t.id",
                                                                            "kt.kind"
                                                                        ],
                                                                        "Inner Unique": true,
                                                                        "Hash Cond": "(cc.status_id = cct1.id)",
                                                                        "Plans": [
                                                                            {
                                                                                "Node Type": "Merge Join",
                                                                                "Parent Relationship": "Outer",
                                                                                "Parallel Aware": false,
                                                                                "Join Type": "Inner",
                                                                                "Startup Cost": 40001382830.31,
                                                                                "Total Cost": 40001382830.37,
                                                                                "Plan Rows": 1,
                                                                                "Plan Width": 43,
                                                                                "Actual Startup Time": 3221.561,
                                                                                "Actual Total Time": 3221.579,
                                                                                "Actual Rows": 33,
                                                                                "Actual Loops": 1,
                                                                                "Output": [
                                                                                    "cc.movie_id",
                                                                                    "cc.status_id",
                                                                                    "mi.movie_id",
                                                                                    "t.title",
                                                                                    "t.id",
                                                                                    "kt.kind"
                                                                                ],
                                                                                "Inner Unique": false,
                                                                                "Merge Cond": "(it1.id = mi.info_type_id)",
                                                                                "Plans": [
                                                                                    {
                                                                                        "Node Type": "Sort",
                                                                                        "Parent Relationship": "Outer",
                                                                                        "Parallel Aware": false,
                                                                                        "Startup Cost": 2.42,
                                                                                        "Total Cost": 2.43,
                                                                                        "Plan Rows": 1,
                                                                                        "Plan Width": 4,
                                                                                        "Actual Startup Time": 0.024,
                                                                                        "Actual Total Time": 0.025,
                                                                                        "Actual Rows": 1,
                                                                                        "Actual Loops": 1,
                                                                                        "Output": [
                                                                                            "it1.id"
                                                                                        ],
                                                                                        "Sort Key": [
                                                                                            "it1.id"
                                                                                        ],
                                                                                        "Sort Method": "quicksort",
                                                                                        "Sort Space Used": 25,
                                                                                        "Sort Space Type": "Memory",
                                                                                        "Plans": [
                                                                                            {
                                                                                                "Node Type": "Seq Scan",
                                                                                                "Parent Relationship": "Outer",
                                                                                                "Parallel Aware": false,
                                                                                                "Relation Name": "info_type",
                                                                                                "Schema": "public",
                                                                                                "Alias": "it1",
                                                                                                "Startup Cost": 0.0,
                                                                                                "Total Cost": 2.41,
                                                                                                "Plan Rows": 1,
                                                                                                "Plan Width": 4,
                                                                                                "Actual Startup Time": 0.012,
                                                                                                "Actual Total Time": 0.019,
                                                                                                "Actual Rows": 1,
                                                                                                "Actual Loops": 1,
                                                                                                "Output": [
                                                                                                    "it1.id"
                                                                                                ],
                                                                                                "Filter": "((it1.info)::text = 'release dates'::text)",
                                                                                                "Rows Removed by Filter": 112
                                                                                            }
                                                                                        ]
                                                                                    },
                                                                                    {
                                                                                        "Node Type": "Sort",
                                                                                        "Parent Relationship": "Inner",
                                                                                        "Parallel Aware": false,
                                                                                        "Startup Cost": 40001382827.88,
                                                                                        "Total Cost": 40001382827.91,
                                                                                        "Plan Rows": 10,
                                                                                        "Plan Width": 47,
                                                                                        "Actual Startup Time": 3221.532,
                                                                                        "Actual Total Time": 3221.543,
                                                                                        "Actual Rows": 33,
                                                                                        "Actual Loops": 1,
                                                                                        "Output": [
                                                                                            "cc.movie_id",
                                                                                            "cc.status_id",
                                                                                            "mi.movie_id",
                                                                                            "mi.info_type_id",
                                                                                            "t.title",
                                                                                            "t.id",
                                                                                            "kt.kind"
                                                                                        ],
                                                                                        "Sort Key": [
                                                                                            "mi.info_type_id"
                                                                                        ],
                                                                                        "Sort Method": "quicksort",
                                                                                        "Sort Space Used": 27,
                                                                                        "Sort Space Type": "Memory",
                                                                                        "Plans": [
                                                                                            {
                                                                                                "Node Type": "Hash Join",
                                                                                                "Parent Relationship": "Outer",
                                                                                                "Parallel Aware": false,
                                                                                                "Join Type": "Inner",
                                                                                                "Startup Cost": 40001381734.53,
                                                                                                "Total Cost": 40001382827.72,
                                                                                                "Plan Rows": 10,
                                                                                                "Plan Width": 47,
                                                                                                "Actual Startup Time": 3156.093,
                                                                                                "Actual Total Time": 3221.52,
                                                                                                "Actual Rows": 33,
                                                                                                "Actual Loops": 1,
                                                                                                "Output": [
                                                                                                    "cc.movie_id",
                                                                                                    "cc.status_id",
                                                                                                    "mi.movie_id",
                                                                                                    "mi.info_type_id",
                                                                                                    "t.title",
                                                                                                    "t.id",
                                                                                                    "kt.kind"
                                                                                                ],
                                                                                                "Inner Unique": false,
                                                                                                "Hash Cond": "(t.id = cc.movie_id)",
                                                                                                "Plans": [
                                                                                                    {
                                                                                                        "Node Type": "Merge Join",
                                                                                                        "Parent Relationship": "Outer",
                                                                                                        "Parallel Aware": false,
                                                                                                        "Join Type": "Inner",
                                                                                                        "Startup Cost": 30001377964.1,
                                                                                                        "Total Cost": 30001379057.13,
                                                                                                        "Plan Rows": 28,
                                                                                                        "Plan Width": 39,
                                                                                                        "Actual Startup Time": 3113.334,
                                                                                                        "Actual Total Time": 3179.064,
                                                                                                        "Actual Rows": 829,
                                                                                                        "Actual Loops": 1,
                                                                                                        "Output": [
                                                                                                            "kt.kind",
                                                                                                            "t.title",
                                                                                                            "t.id",
                                                                                                            "mi.movie_id",
                                                                                                            "mi.info_type_id"
                                                                                                        ],
                                                                                                        "Inner Unique": false,
                                                                                                        "Merge Cond": "(mi.movie_id = t.id)",
                                                                                                        "Plans": [
                                                                                                            {
                                                                                                                "Node Type": "Sort",
                                                                                                                "Parent Relationship": "Outer",
                                                                                                                "Parallel Aware": false,
                                                                                                                "Startup Cost": 10001124108.06,
                                                                                                                "Total Cost": 10001124108.86,
                                                                                                                "Plan Rows": 322,
                                                                                                                "Plan Width": 8,
                                                                                                                "Actual Startup Time": 2475.777,
                                                                                                                "Actual Total Time": 2475.908,
                                                                                                                "Actual Rows": 1783,
                                                                                                                "Actual Loops": 1,
                                                                                                                "Output": [
                                                                                                                    "mi.movie_id",
                                                                                                                    "mi.info_type_id"
                                                                                                                ],
                                                                                                                "Sort Key": [
                                                                                                                    "mi.movie_id"
                                                                                                                ],
                                                                                                                "Sort Method": "quicksort",
                                                                                                                "Sort Space Used": 132,
                                                                                                                "Sort Space Type": "Memory",
                                                                                                                "Plans": [
                                                                                                                    {
                                                                                                                        "Node Type": "Index Scan",
                                                                                                                        "Parent Relationship": "Outer",
                                                                                                                        "Parallel Aware": false,
                                                                                                                        "Scan Direction": "Forward",
                                                                                                                        "Index Name": "info_type_id_movie_info",
                                                                                                                        "Relation Name": "movie_info",
                                                                                                                        "Schema": "public",
                                                                                                                        "Alias": "mi",
                                                                                                                        "Startup Cost": 10000000000.43,
                                                                                                                        "Total Cost": 10001124094.65,
                                                                                                                        "Plan Rows": 322,
                                                                                                                        "Plan Width": 8,
                                                                                                                        "Actual Startup Time": 1608.124,
                                                                                                                        "Actual Total Time": 2475.312,
                                                                                                                        "Actual Rows": 1783,
                                                                                                                        "Actual Loops": 1,
                                                                                                                        "Output": [
                                                                                                                            "mi.movie_id",
                                                                                                                            "mi.info_type_id"
                                                                                                                        ],
                                                                                                                        "Filter": "((mi.info IS NOT NULL) AND (mi.note ~~ '%internet%'::text) AND ((mi.info ~~ 'USA:% 199%'::text) OR (mi.info ~~ 'USA:% 200%'::text)))",
                                                                                                                        "Rows Removed by Filter": 14833937
                                                                                                                    }
                                                                                                                ]
                                                                                                            },
                                                                                                            {
                                                                                                                "Node Type": "Sort",
                                                                                                                "Parent Relationship": "Inner",
                                                                                                                "Parallel Aware": false,
                                                                                                                "Startup Cost": 20000253855.93,
                                                                                                                "Total Cost": 20000254401.98,
                                                                                                                "Plan Rows": 218420,
                                                                                                                "Plan Width": 31,
                                                                                                                "Actual Startup Time": 637.301,
                                                                                                                "Actual Total Time": 672.47,
                                                                                                                "Actual Rows": 295449,
                                                                                                                "Actual Loops": 1,
                                                                                                                "Output": [
                                                                                                                    "kt.kind",
                                                                                                                    "t.title",
                                                                                                                    "t.id"
                                                                                                                ],
                                                                                                                "Sort Key": [
                                                                                                                    "t.id"
                                                                                                                ],
                                                                                                                "Sort Method": "quicksort",
                                                                                                                "Sort Space Used": 35681,
                                                                                                                "Sort Space Type": "Memory",
                                                                                                                "Plans": [
                                                                                                                    {
                                                                                                                        "Node Type": "Merge Join",
                                                                                                                        "Parent Relationship": "Outer",
                                                                                                                        "Parallel Aware": false,
                                                                                                                        "Join Type": "Inner",
                                                                                                                        "Startup Cost": 20000224656.72,
                                                                                                                        "Total Cost": 20000234485.63,
                                                                                                                        "Plan Rows": 218420,
                                                                                                                        "Plan Width": 31,
                                                                                                                        "Actual Startup Time": 514.824,
                                                                                                                        "Actual Total Time": 559.379,
                                                                                                                        "Actual Rows": 296768,
                                                                                                                        "Actual Loops": 1,
                                                                                                                        "Output": [
                                                                                                                            "kt.kind",
                                                                                                                            "t.title",
                                                                                                                            "t.id"
                                                                                                                        ],
                                                                                                                        "Inner Unique": false,
                                                                                                                        "Merge Cond": "(kt.id = t.kind_id)",
                                                                                                                        "Plans": [
                                                                                                                            {
                                                                                                                                "Node Type": "Sort",
                                                                                                                                "Parent Relationship": "Outer",
                                                                                                                                "Parallel Aware": false,
                                                                                                                                "Startup Cost": 10000000001.1,
                                                                                                                                "Total Cost": 10000000001.1,
                                                                                                                                "Plan Rows": 1,
                                                                                                                                "Plan Width": 14,
                                                                                                                                "Actual Startup Time": 0.024,
                                                                                                                                "Actual Total Time": 0.026,
                                                                                                                                "Actual Rows": 1,
                                                                                                                                "Actual Loops": 1,
                                                                                                                                "Output": [
                                                                                                                                    "kt.kind",
                                                                                                                                    "kt.id"
                                                                                                                                ],
                                                                                                                                "Sort Key": [
                                                                                                                                    "kt.id"
                                                                                                                                ],
                                                                                                                                "Sort Method": "quicksort",
                                                                                                                                "Sort Space Used": 25,
                                                                                                                                "Sort Space Type": "Memory",
                                                                                                                                "Plans": [
                                                                                                                                    {
                                                                                                                                        "Node Type": "Seq Scan",
                                                                                                                                        "Parent Relationship": "Outer",
                                                                                                                                        "Parallel Aware": false,
                                                                                                                                        "Relation Name": "kind_type",
                                                                                                                                        "Schema": "public",
                                                                                                                                        "Alias": "kt",
                                                                                                                                        "Startup Cost": 10000000000.0,
                                                                                                                                        "Total Cost": 10000000001.09,
                                                                                                                                        "Plan Rows": 1,
                                                                                                                                        "Plan Width": 14,
                                                                                                                                        "Actual Startup Time": 0.018,
                                                                                                                                        "Actual Total Time": 0.019,
                                                                                                                                        "Actual Rows": 1,
                                                                                                                                        "Actual Loops": 1,
                                                                                                                                        "Output": [
                                                                                                                                            "kt.kind",
                                                                                                                                            "kt.id"
                                                                                                                                        ],
                                                                                                                                        "Filter": "((kt.kind)::text = 'movie'::text)",
                                                                                                                                        "Rows Removed by Filter": 6
                                                                                                                                    }
                                                                                                                                ]
                                                                                                                            },
                                                                                                                            {
                                                                                                                                "Node Type": "Sort",
                                                                                                                                "Parent Relationship": "Inner",
                                                                                                                                "Parallel Aware": false,
                                                                                                                                "Startup Cost": 10000224655.62,
                                                                                                                                "Total Cost": 10000228477.97,
                                                                                                                                "Plan Rows": 1528941,
                                                                                                                                "Plan Width": 25,
                                                                                                                                "Actual Startup Time": 514.79,
                                                                                                                                "Actual Total Time": 527.724,
                                                                                                                                "Actual Rows": 296769,
                                                                                                                                "Actual Loops": 1,
                                                                                                                                "Output": [
                                                                                                                                    "t.title",
                                                                                                                                    "t.kind_id",
                                                                                                                                    "t.id"
                                                                                                                                ],
                                                                                                                                "Sort Key": [
                                                                                                                                    "t.kind_id"
                                                                                                                                ],
                                                                                                                                "Sort Method": "quicksort",
                                                                                                                                "Sort Space Used": 165150,
                                                                                                                                "Sort Space Type": "Memory",
                                                                                                                                "Plans": [
                                                                                                                                    {
                                                                                                                                        "Node Type": "Seq Scan",
                                                                                                                                        "Parent Relationship": "Outer",
                                                                                                                                        "Parallel Aware": false,
                                                                                                                                        "Relation Name": "title",
                                                                                                                                        "Schema": "public",
                                                                                                                                        "Alias": "t",
                                                                                                                                        "Startup Cost": 10000000000.0,
                                                                                                                                        "Total Cost": 10000067602.02,
                                                                                                                                        "Plan Rows": 1528941,
                                                                                                                                        "Plan Width": 25,
                                                                                                                                        "Actual Startup Time": 0.009,
                                                                                                                                        "Actual Total Time": 292.808,
                                                                                                                                        "Actual Rows": 1531613,
                                                                                                                                        "Actual Loops": 1,
                                                                                                                                        "Output": [
                                                                                                                                            "t.title",
                                                                                                                                            "t.kind_id",
                                                                                                                                            "t.id"
                                                                                                                                        ],
                                                                                                                                        "Filter": "(t.production_year > 1997)",
                                                                                                                                        "Rows Removed by Filter": 996699
                                                                                                                                    }
                                                                                                                                ]
                                                                                                                            }
                                                                                                                        ]
                                                                                                                    }
                                                                                                                ]
                                                                                                            }
                                                                                                        ]
                                                                                                    },
                                                                                                    {
                                                                                                        "Node Type": "Hash",
                                                                                                        "Parent Relationship": "Inner",
                                                                                                        "Parallel Aware": false,
                                                                                                        "Startup Cost": 10000002081.86,
                                                                                                        "Total Cost": 10000002081.86,
                                                                                                        "Plan Rows": 135086,
                                                                                                        "Plan Width": 8,
                                                                                                        "Actual Startup Time": 41.739,
                                                                                                        "Actual Total Time": 41.739,
                                                                                                        "Actual Rows": 135086,
                                                                                                        "Actual Loops": 1,
                                                                                                        "Output": [
                                                                                                            "cc.movie_id",
                                                                                                            "cc.status_id"
                                                                                                        ],
                                                                                                        "Hash Buckets": 262144,
                                                                                                        "Original Hash Buckets": 262144,
                                                                                                        "Hash Batches": 1,
                                                                                                        "Original Hash Batches": 1,
                                                                                                        "Peak Memory Usage": 7325,
                                                                                                        "Plans": [
                                                                                                            {
                                                                                                                "Node Type": "Seq Scan",
                                                                                                                "Parent Relationship": "Outer",
                                                                                                                "Parallel Aware": false,
                                                                                                                "Relation Name": "complete_cast",
                                                                                                                "Schema": "public",
                                                                                                                "Alias": "cc",
                                                                                                                "Startup Cost": 10000000000.0,
                                                                                                                "Total Cost": 10000002081.86,
                                                                                                                "Plan Rows": 135086,
                                                                                                                "Plan Width": 8,
                                                                                                                "Actual Startup Time": 0.016,
                                                                                                                "Actual Total Time": 19.42,
                                                                                                                "Actual Rows": 135086,
                                                                                                                "Actual Loops": 1,
                                                                                                                "Output": [
                                                                                                                    "cc.movie_id",
                                                                                                                    "cc.status_id"
                                                                                                                ]
                                                                                                            }
                                                                                                        ]
                                                                                                    }
                                                                                                ]
                                                                                            }
                                                                                        ]
                                                                                    }
                                                                                ]
                                                                            },
                                                                            {
                                                                                "Node Type": "Hash",
                                                                                "Parent Relationship": "Inner",
                                                                                "Parallel Aware": false,
                                                                                "Startup Cost": 12.2,
                                                                                "Total Cost": 12.2,
                                                                                "Plan Rows": 1,
                                                                                "Plan Width": 4,
                                                                                "Actual Startup Time": 0.032,
                                                                                "Actual Total Time": 0.033,
                                                                                "Actual Rows": 1,
                                                                                "Actual Loops": 1,
                                                                                "Output": [
                                                                                    "cct1.id"
                                                                                ],
                                                                                "Hash Buckets": 1024,
                                                                                "Original Hash Buckets": 1024,
                                                                                "Hash Batches": 1,
                                                                                "Original Hash Batches": 1,
                                                                                "Peak Memory Usage": 9,
                                                                                "Plans": [
                                                                                    {
                                                                                        "Node Type": "Index Scan",
                                                                                        "Parent Relationship": "Outer",
                                                                                        "Parallel Aware": false,
                                                                                        "Scan Direction": "Forward",
                                                                                        "Index Name": "comp_cast_type_pkey",
                                                                                        "Relation Name": "comp_cast_type",
                                                                                        "Schema": "public",
                                                                                        "Alias": "cct1",
                                                                                        "Startup Cost": 0.13,
                                                                                        "Total Cost": 12.2,
                                                                                        "Plan Rows": 1,
                                                                                        "Plan Width": 4,
                                                                                        "Actual Startup Time": 0.029,
                                                                                        "Actual Total Time": 0.031,
                                                                                        "Actual Rows": 1,
                                                                                        "Actual Loops": 1,
                                                                                        "Output": [
                                                                                            "cct1.id"
                                                                                        ],
                                                                                        "Filter": "((cct1.kind)::text = 'complete+verified'::text)",
                                                                                        "Rows Removed by Filter": 3
                                                                                    }
                                                                                ]
                                                                            }
                                                                        ]
                                                                    }
                                                                ]
                                                            }
                                                        ]
                                                    }
                                                ]
                                            },
                                            {
                                                "Node Type": "Index Scan",
                                                "Parent Relationship": "Inner",
                                                "Parallel Aware": false,
                                                "Scan Direction": "Forward",
                                                "Index Name": "company_type_pkey",
                                                "Relation Name": "company_type",
                                                "Schema": "public",
                                                "Alias": "ct",
                                                "Startup Cost": 0.13,
                                                "Total Cost": 12.19,
                                                "Plan Rows": 4,
                                                "Plan Width": 4,
                                                "Actual Startup Time": 0.013,
                                                "Actual Total Time": 0.014,
                                                "Actual Rows": 2,
                                                "Actual Loops": 1,
                                                "Output": [
                                                    "ct.id",
                                                    "ct.kind"
                                                ]
                                            }
                                        ]
                                    },
                                    {
                                        "Node Type": "Bitmap Heap Scan",
                                        "Parent Relationship": "Inner",
                                        "Parallel Aware": false,
                                        "Relation Name": "movie_keyword",
                                        "Schema": "public",
                                        "Alias": "mk",
                                        "Startup Cost": 0.82,
                                        "Total Cost": 5.4,
                                        "Plan Rows": 46,
                                        "Plan Width": 8,
                                        "Actual Startup Time": 0.012,
                                        "Actual Total Time": 0.022,
                                        "Actual Rows": 90,
                                        "Actual Loops": 7,
                                        "Output": [
                                            "mk.id",
                                            "mk.movie_id",
                                            "mk.keyword_id"
                                        ],
                                        "Recheck Cond": "(mk.movie_id = mc.movie_id)",
                                        "Rows Removed by Index Recheck": 0,
                                        "Exact Heap Blocks": 11,
                                        "Lossy Heap Blocks": 0,
                                        "Plans": [
                                            {
                                                "Node Type": "Bitmap Index Scan",
                                                "Parent Relationship": "Outer",
                                                "Parallel Aware": false,
                                                "Index Name": "movie_id_movie_keyword",
                                                "Startup Cost": 0.0,
                                                "Total Cost": 0.81,
                                                "Plan Rows": 46,
                                                "Plan Width": 0,
                                                "Actual Startup Time": 0.008,
                                                "Actual Total Time": 0.008,
                                                "Actual Rows": 90,
                                                "Actual Loops": 7,
                                                "Index Cond": "(mk.movie_id = mc.movie_id)"
                                            }
                                        ]
                                    }
                                ]
                            },
                            {
                                "Node Type": "Hash",
                                "Parent Relationship": "Inner",
                                "Parallel Aware": false,
                                "Startup Cost": 12454.44,
                                "Total Cost": 12454.44,
                                "Plan Rows": 84301,
                                "Plan Width": 4,
                                "Actual Startup Time": 153.426,
                                "Actual Total Time": 153.426,
                                "Actual Rows": 84843,
                                "Actual Loops": 1,
                                "Output": [
                                    "cn.id"
                                ],
                                "Hash Buckets": 131072,
                                "Original Hash Buckets": 131072,
                                "Hash Batches": 1,
                                "Original Hash Batches": 1,
                                "Peak Memory Usage": 4007,
                                "Plans": [
                                    {
                                        "Node Type": "Index Scan",
                                        "Parent Relationship": "Outer",
                                        "Parallel Aware": false,
                                        "Scan Direction": "Forward",
                                        "Index Name": "company_name_pkey",
                                        "Relation Name": "company_name",
                                        "Schema": "public",
                                        "Alias": "cn",
                                        "Startup Cost": 0.42,
                                        "Total Cost": 12454.44,
                                        "Plan Rows": 84301,
                                        "Plan Width": 4,
                                        "Actual Startup Time": 0.027,
                                        "Actual Total Time": 136.052,
                                        "Actual Rows": 84843,
                                        "Actual Loops": 1,
                                        "Output": [
                                            "cn.id"
                                        ],
                                        "Filter": "((cn.country_code)::text = '[us]'::text)",
                                        "Rows Removed by Filter": 150154
                                    }
                                ]
                            }
                        ]
                    },
                    {
                        "Node Type": "Bitmap Heap Scan",
                        "Parent Relationship": "Inner",
                        "Parallel Aware": false,
                        "Relation Name": "keyword",
                        "Schema": "public",
                        "Alias": "k",
                        "Startup Cost": 0.43,
                        "Total Cost": 4.44,
                        "Plan Rows": 1,
                        "Plan Width": 4,
                        "Actual Startup Time": 0.003,
                        "Actual Total Time": 0.003,
                        "Actual Rows": 1,
                        "Actual Loops": 628,
                        "Output": [
                            "k.id",
                            "k.keyword",
                            "k.phonetic_code"
                        ],
                        "Recheck Cond": "(k.id = mk.keyword_id)",
                        "Rows Removed by Index Recheck": 0,
                        "Exact Heap Blocks": 628,
                        "Lossy Heap Blocks": 0,
                        "Plans": [
                            {
                                "Node Type": "Bitmap Index Scan",
                                "Parent Relationship": "Outer",
                                "Parallel Aware": false,
                                "Index Name": "keyword_pkey",
                                "Startup Cost": 0.0,
                                "Total Cost": 0.43,
                                "Plan Rows": 1,
                                "Plan Width": 0,
                                "Actual Startup Time": 0.002,
                                "Actual Total Time": 0.002,
                                "Actual Rows": 1,
                                "Actual Loops": 628,
                                "Index Cond": "(k.id = mk.keyword_id)"
                            }
                        ]
                    }
                ]
            }
        ]
    },
    "Planning Time": 25.564,
    "Triggers": [],
    "Execution Time": 3711.317
}