[
  {
    "Plan": {
      "Node Type": "Aggregate",
      "Strategy": "Plain",
      "Partial Mode": "Finalize",
      "Parallel Aware": false,
      "Startup Cost": 342864.14,
      "Total Cost": 342864.15,
      "Plan Rows": 1,
      "Plan Width": 8,
      "Actual Startup Time": 869.724,
      "Actual Total Time": 914.978,
      "Actual Rows": 1,
      "Actual Loops": 1,
      "Plans": [
        {
          "Node Type": "Gather",
          "Parent Relationship": "Outer",
          "Parallel Aware": false,
          "Startup Cost": 342863.52,
          "Total Cost": 342864.13,
          "Plan Rows": 6,
          "Plan Width": 8,
          "Actual Startup Time": 869.532,
          "Actual Total Time": 914.966,
          "Actual Rows": 7,
          "Actual Loops": 1,
          "Workers Planned": 6,
          "Workers Launched": 6,
          "Single Copy": false,
          "Plans": [
            {
              "Node Type": "Aggregate",
              "Strategy": "Plain",
              "Partial Mode": "Partial",
              "Parent Relationship": "Outer",
              "Parallel Aware": false,
              "Startup Cost": 341863.52,
              "Total Cost": 341863.53,
              "Plan Rows": 1,
              "Plan Width": 8,
              "Actual Startup Time": 861.891,
              "Actual Total Time": 861.892,
              "Actual Rows": 1,
              "Actual Loops": 7,
              "Plans": [
                {
                  "Node Type": "Seq Scan",
                  "Parent Relationship": "Outer",
                  "Parallel Aware": true,
                  "Relation Name": "cast_info",
                  "Alias": "ci",
                  "Startup Cost": 0.0,
                  "Total Cost": 328211.39,
                  "Plan Rows": 5460850,
                  "Plan Width": 0,
                  "Actual Startup Time": 48.968,
                  "Actual Total Time": 641.37,
                  "Actual Rows": 4661099,
                  "Actual Loops": 7,
                  "Filter": "(person_id > 346459)",
                  "Rows Removed by Filter": 516664
                }
              ]
            }
          ]
        }
      ]
    },
    "Planning Time": 0.14,
    "Triggers": [],
    "Execution Time": 915.03
  }
]