[
  {
    "Plan": {
      "Node Type": "Aggregate",
      "Strategy": "Plain",
      "Partial Mode": "Finalize",
      "Parallel Aware": false,
      "Startup Cost": 342799.38,
      "Total Cost": 342799.39,
      "Plan Rows": 1,
      "Plan Width": 8,
      "Actual Startup Time": 881.72,
      "Actual Total Time": 936.798,
      "Actual Rows": 1,
      "Actual Loops": 1,
      "Plans": [
        {
          "Node Type": "Gather",
          "Parent Relationship": "Outer",
          "Parallel Aware": false,
          "Startup Cost": 342798.75,
          "Total Cost": 342799.36,
          "Plan Rows": 6,
          "Plan Width": 8,
          "Actual Startup Time": 881.578,
          "Actual Total Time": 936.788,
          "Actual Rows": 7,
          "Actual Loops": 1,
          "Workers Planned": 6,
          "Workers Launched": 6,
          "Single Copy": false,
          "Plans": [
            {
              "Node Type": "Aggregate",
              "Strategy": "Plain",
              "Partial Mode": "Partial",
              "Parent Relationship": "Outer",
              "Parallel Aware": false,
              "Startup Cost": 341798.75,
              "Total Cost": 341798.76,
              "Plan Rows": 1,
              "Plan Width": 8,
              "Actual Startup Time": 873.368,
              "Actual Total Time": 873.369,
              "Actual Rows": 1,
              "Actual Loops": 7,
              "Plans": [
                {
                  "Node Type": "Seq Scan",
                  "Parent Relationship": "Outer",
                  "Parallel Aware": true,
                  "Relation Name": "cast_info",
                  "Alias": "ci",
                  "Startup Cost": 0.0,
                  "Total Cost": 328162.03,
                  "Plan Rows": 5454691,
                  "Plan Width": 0,
                  "Actual Startup Time": 49.362,
                  "Actual Total Time": 665.485,
                  "Actual Rows": 4661099,
                  "Actual Loops": 7,
                  "Filter": "(person_id > 346459)",
                  "Rows Removed by Filter": 516664
                }
              ]
            }
          ]
        }
      ]
    },
    "Planning Time": 0.132,
    "Triggers": [],
    "Execution Time": 936.864
  }
]