[
  {
    "Plan": {
      "Node Type": "Aggregate",
      "Strategy": "Plain",
      "Partial Mode": "Finalize",
      "Parallel Aware": false,
      "Startup Cost": 345604.73,
      "Total Cost": 345604.74,
      "Plan Rows": 1,
      "Plan Width": 8,
      "Actual Startup Time": 609.216,
      "Actual Total Time": 666.475,
      "Actual Rows": 1,
      "Actual Loops": 1,
      "Plans": [
        {
          "Node Type": "Gather",
          "Parent Relationship": "Outer",
          "Parallel Aware": false,
          "Startup Cost": 345604.1,
          "Total Cost": 345604.71,
          "Plan Rows": 6,
          "Plan Width": 8,
          "Actual Startup Time": 609.071,
          "Actual Total Time": 666.464,
          "Actual Rows": 7,
          "Actual Loops": 1,
          "Workers Planned": 6,
          "Workers Launched": 6,
          "Single Copy": false,
          "Plans": [
            {
              "Node Type": "Aggregate",
              "Strategy": "Plain",
              "Partial Mode": "Partial",
              "Parent Relationship": "Outer",
              "Parallel Aware": false,
              "Startup Cost": 344604.1,
              "Total Cost": 344604.11,
              "Plan Rows": 1,
              "Plan Width": 8,
              "Actual Startup Time": 600.201,
              "Actual Total Time": 600.202,
              "Actual Rows": 1,
              "Actual Loops": 7,
              "Plans": [
                {
                  "Node Type": "Seq Scan",
                  "Parent Relationship": "Outer",
                  "Parallel Aware": true,
                  "Relation Name": "cast_info",
                  "Alias": "ci",
                  "Startup Cost": 0.0,
                  "Total Cost": 343257.03,
                  "Plan Rows": 538829,
                  "Plan Width": 0,
                  "Actual Startup Time": 218.301,
                  "Actual Total Time": 591.531,
                  "Actual Rows": 201650,
                  "Actual Loops": 7,
                  "Filter": "((person_id < 493150) AND (role_id > 1))",
                  "Rows Removed by Filter": 4976114
                }
              ]
            }
          ]
        }
      ]
    },
    "Planning Time": 0.213,
    "Triggers": [],
    "Execution Time": 666.543
  }
]