{
  "Plan": {
    "Node Type": "Aggregate",
    "Strategy": "Plain",
    "Partial Mode": "Finalize",
    "Parallel Aware": false,
    "Startup Cost": 399753.0,
    "Total Cost": 399753.01,
    "Plan Rows": 1,
    "Plan Width": 8,
    "Actual Startup Time": 1539.195,
    "Actual Total Time": 1594.713,
    "Actual Rows": 1,
    "Actual Loops": 1,
    "Plans": [
      {
        "Node Type": "Gather",
        "Parent Relationship": "Outer",
        "Parallel Aware": false,
        "Startup Cost": 399752.89,
        "Total Cost": 399753.0,
        "Plan Rows": 1,
        "Plan Width": 8,
        "Actual Startup Time": 1539.021,
        "Actual Total Time": 1594.704,
        "Actual Rows": 2,
        "Actual Loops": 1,
        "Workers Planned": 1,
        "Workers Launched": 1,
        "Single Copy": false,
        "Plans": [
          {
            "Node Type": "Aggregate",
            "Strategy": "Plain",
            "Partial Mode": "Partial",
            "Parent Relationship": "Outer",
            "Parallel Aware": false,
            "Startup Cost": 398752.89,
            "Total Cost": 398752.9,
            "Plan Rows": 1,
            "Plan Width": 8,
            "Actual Startup Time": 1532.933,
            "Actual Total Time": 1532.938,
            "Actual Rows": 1,
            "Actual Loops": 2,
            "Plans": [
              {
                "Node Type": "Hash Join",
                "Parent Relationship": "Outer",
                "Parallel Aware": true,
                "Join Type": "Inner",
                "Startup Cost": 337511.96,
                "Total Cost": 398694.34,
                "Plan Rows": 23420,
                "Plan Width": 0,
                "Actual Startup Time": 1207.844,
                "Actual Total Time": 1531.979,
                "Actual Rows": 19785,
                "Actual Loops": 2,
                "Inner Unique": false,
                "Hash Cond": "(mk.movie_id = t.id)",
                "Plans": [
                  {
                    "Node Type": "Seq Scan",
                    "Parent Relationship": "Outer",
                    "Parallel Aware": true,
                    "Relation Name": "movie_keyword",
                    "Alias": "mk",
                    "Startup Cost": 0.0,
                    "Total Cost": 51065.35,
                    "Plan Rows": 2661135,
                    "Plan Width": 4,
                    "Actual Startup Time": 0.012,
                    "Actual Total Time": 165.67,
                    "Actual Rows": 2261965,
                    "Actual Loops": 2
                  },
                  {
                    "Node Type": "Hash",
                    "Parent Relationship": "Inner",
                    "Parallel Aware": true,
                    "Startup Cost": 337348.35,
                    "Total Cost": 337348.35,
                    "Plan Rows": 13089,
                    "Plan Width": 8,
                    "Actual Startup Time": 1206.274,
                    "Actual Total Time": 1206.277,
                    "Actual Rows": 7694,
                    "Actual Loops": 2,
                    "Hash Buckets": 32768,
                    "Original Hash Buckets": 32768,
                    "Hash Batches": 1,
                    "Original Hash Batches": 1,
                    "Peak Memory Usage": 896,
                    "Plans": [
                      {
                        "Node Type": "Hash Join",
                        "Parent Relationship": "Outer",
                        "Parallel Aware": true,
                        "Join Type": "Inner",
                        "Startup Cost": 58383.72,
                        "Total Cost": 337348.35,
                        "Plan Rows": 13089,
                        "Plan Width": 8,
                        "Actual Startup Time": 164.205,
                        "Actual Total Time": 1203.031,
                        "Actual Rows": 7694,
                        "Actual Loops": 2,
                        "Inner Unique": true,
                        "Hash Cond": "(mi.movie_id = t.id)",
                        "Plans": [
                          {
                            "Node Type": "Seq Scan",
                            "Parent Relationship": "Outer",
                            "Parallel Aware": true,
                            "Relation Name": "movie_info",
                            "Alias": "mi",
                            "Startup Cost": 0.0,
                            "Total Cost": 270696.42,
                            "Plan Rows": 3149790,
                            "Plan Width": 4,
                            "Actual Startup Time": 0.013,
                            "Actual Total Time": 809.252,
                            "Actual Rows": 2705260,
                            "Actual Loops": 2,
                            "Filter": "(info_type_id < 6)",
                            "Rows Removed by Filter": 4712600
                          },
                          {
                            "Node Type": "Hash",
                            "Parent Relationship": "Inner",
                            "Parallel Aware": true,
                            "Startup Cost": 58306.47,
                            "Total Cost": 58306.47,
                            "Plan Rows": 6180,
                            "Plan Width": 4,
                            "Actual Startup Time": 163.188,
                            "Actual Total Time": 163.189,
                            "Actual Rows": 5134,
                            "Actual Loops": 2,
                            "Hash Buckets": 16384,
                            "Original Hash Buckets": 16384,
                            "Hash Batches": 1,
                            "Original Hash Batches": 1,
                            "Peak Memory Usage": 576,
                            "Plans": [
                              {
                                "Node Type": "Seq Scan",
                                "Parent Relationship": "Outer",
                                "Parallel Aware": true,
                                "Relation Name": "title",
                                "Alias": "t",
                                "Startup Cost": 0.0,
                                "Total Cost": 58306.47,
                                "Plan Rows": 6180,
                                "Plan Width": 4,
                                "Actual Startup Time": 0.056,
                                "Actual Total Time": 160.787,
                                "Actual Rows": 5134,
                                "Actual Loops": 2,
                                "Filter": "((kind_id > 1) AND (production_year = 1981))",
                                "Rows Removed by Filter": 1259022
                              }
                            ]
                          }
                        ]
                      }
                    ]
                  }
                ]
              }
            ]
          }
        ]
      }
    ]
  },
  "Planning Time": 1.149,
  "Triggers": [],
  "Execution Time": 1594.811
}