[
  {
    "Plan": {
      "Node Type": "Aggregate",
      "Strategy": "Plain",
      "Partial Mode": "Finalize",
      "Parallel Aware": false,
      "Startup Cost": 32111.24,
      "Total Cost": 32111.25,
      "Plan Rows": 1,
      "Plan Width": 8,
      "Actual Startup Time": 121.81,
      "Actual Total Time": 130.315,
      "Actual Rows": 1,
      "Actual Loops": 1,
      "Plans": [
        {
          "Node Type": "Gather",
          "Parent Relationship": "Outer",
          "Parallel Aware": false,
          "Startup Cost": 32110.92,
          "Total Cost": 32111.23,
          "Plan Rows": 3,
          "Plan Width": 8,
          "Actual Startup Time": 121.708,
          "Actual Total Time": 130.306,
          "Actual Rows": 4,
          "Actual Loops": 1,
          "Workers Planned": 3,
          "Workers Launched": 3,
          "Single Copy": false,
          "Plans": [
            {
              "Node Type": "Aggregate",
              "Strategy": "Plain",
              "Partial Mode": "Partial",
              "Parent Relationship": "Outer",
              "Parallel Aware": false,
              "Startup Cost": 31110.92,
              "Total Cost": 31110.93,
              "Plan Rows": 1,
              "Plan Width": 8,
              "Actual Startup Time": 117.843,
              "Actual Total Time": 117.844,
              "Actual Rows": 1,
              "Actual Loops": 4,
              "Plans": [
                {
                  "Node Type": "Seq Scan",
                  "Parent Relationship": "Outer",
                  "Parallel Aware": true,
                  "Relation Name": "movie_companies",
                  "Alias": "mc",
                  "Startup Cost": 0.0,
                  "Total Cost": 29310.68,
                  "Plan Rows": 720096,
                  "Plan Width": 0,
                  "Actual Startup Time": 0.017,
                  "Actual Total Time": 88.714,
                  "Actual Rows": 558168,
                  "Actual Loops": 4,
                  "Filter": "(company_id < 84838)",
                  "Rows Removed by Filter": 94114
                }
              ]
            }
          ]
        }
      ]
    },
    "Planning Time": 0.103,
    "Triggers": [],
    "Execution Time": 130.353
  }
]