{
    "Plan": {
        "Node Type": "Aggregate",
        "Strategy": "Plain",
        "Partial Mode": "Finalize",
        "Parallel Aware": false,
        "Startup Cost": 164477.28,
        "Total Cost": 164477.29,
        "Plan Rows": 1,
        "Plan Width": 8,
        "Actual Startup Time": 322.985,
        "Actual Total Time": 350.954,
        "Actual Rows": 1,
        "Actual Loops": 1,
        "Output": [
            "count(*)"
        ],
        "Plans": [
            {
                "Node Type": "Gather",
                "Parent Relationship": "Outer",
                "Parallel Aware": false,
                "Startup Cost": 164476.96,
                "Total Cost": 164477.27,
                "Plan Rows": 3,
                "Plan Width": 8,
                "Actual Startup Time": 322.635,
                "Actual Total Time": 350.944,
                "Actual Rows": 4,
                "Actual Loops": 1,
                "Output": [
                    "(PARTIAL count(*))"
                ],
                "Workers Planned": 3,
                "Workers Launched": 3,
                "Single Copy": false,
                "Plans": [
                    {
                        "Node Type": "Aggregate",
                        "Strategy": "Plain",
                        "Partial Mode": "Partial",
                        "Parent Relationship": "Outer",
                        "Parallel Aware": false,
                        "Startup Cost": 163476.96,
                        "Total Cost": 163476.97,
                        "Plan Rows": 1,
                        "Plan Width": 8,
                        "Actual Startup Time": 313.109,
                        "Actual Total Time": 313.113,
                        "Actual Rows": 1,
                        "Actual Loops": 4,
                        "Output": [
                            "PARTIAL count(*)"
                        ],
                        "Workers": [
                            {
                                "Worker Number": 0,
                                "Actual Startup Time": 309.981,
                                "Actual Total Time": 309.984,
                                "Actual Rows": 1,
                                "Actual Loops": 1
                            },
                            {
                                "Worker Number": 1,
                                "Actual Startup Time": 310.122,
                                "Actual Total Time": 310.126,
                                "Actual Rows": 1,
                                "Actual Loops": 1
                            },
                            {
                                "Worker Number": 2,
                                "Actual Startup Time": 310.427,
                                "Actual Total Time": 310.431,
                                "Actual Rows": 1,
                                "Actual Loops": 1
                            }
                        ],
                        "Plans": [
                            {
                                "Node Type": "Nested Loop",
                                "Parent Relationship": "Outer",
                                "Parallel Aware": false,
                                "Join Type": "Inner",
                                "Startup Cost": 45835.59,
                                "Total Cost": 162118.27,
                                "Plan Rows": 543477,
                                "Plan Width": 0,
                                "Actual Startup Time": 114.057,
                                "Actual Total Time": 310.892,
                                "Actual Rows": 29783,
                                "Actual Loops": 4,
                                "Inner Unique": false,
                                "Join Filter": "(t.id = ci.movie_id)",
                                "Rows Removed by Join Filter": 0,
                                "Workers": [
                                    {
                                        "Worker Number": 0,
                                        "Actual Startup Time": 110.378,
                                        "Actual Total Time": 308.05,
                                        "Actual Rows": 29239,
                                        "Actual Loops": 1
                                    },
                                    {
                                        "Worker Number": 1,
                                        "Actual Startup Time": 110.765,
                                        "Actual Total Time": 308.286,
                                        "Actual Rows": 28234,
                                        "Actual Loops": 1
                                    },
                                    {
                                        "Worker Number": 2,
                                        "Actual Startup Time": 112.537,
                                        "Actual Total Time": 308.113,
                                        "Actual Rows": 21144,
                                        "Actual Loops": 1
                                    }
                                ],
                                "Plans": [
                                    {
                                        "Node Type": "Hash Join",
                                        "Parent Relationship": "Outer",
                                        "Parallel Aware": true,
                                        "Join Type": "Inner",
                                        "Startup Cost": 45835.02,
                                        "Total Cost": 75250.91,
                                        "Plan Rows": 37903,
                                        "Plan Width": 8,
                                        "Actual Startup Time": 113.953,
                                        "Actual Total Time": 241.667,
                                        "Actual Rows": 3617,
                                        "Actual Loops": 4,
                                        "Output": [
                                            "t.id",
                                            "mc.movie_id"
                                        ],
                                        "Inner Unique": true,
                                        "Hash Cond": "(mc.movie_id = t.id)",
                                        "Workers": [
                                            {
                                                "Worker Number": 0,
                                                "Actual Startup Time": 110.275,
                                                "Actual Total Time": 236.977,
                                                "Actual Rows": 3659,
                                                "Actual Loops": 1
                                            },
                                            {
                                                "Worker Number": 1,
                                                "Actual Startup Time": 110.625,
                                                "Actual Total Time": 232.055,
                                                "Actual Rows": 3267,
                                                "Actual Loops": 1
                                            },
                                            {
                                                "Worker Number": 2,
                                                "Actual Startup Time": 112.396,
                                                "Actual Total Time": 231.316,
                                                "Actual Rows": 2551,
                                                "Actual Loops": 1
                                            }
                                        ],
                                        "Plans": [
                                            {
                                                "Node Type": "Seq Scan",
                                                "Parent Relationship": "Outer",
                                                "Parallel Aware": true,
                                                "Relation Name": "movie_companies",
                                                "Schema": "public",
                                                "Alias": "mc",
                                                "Startup Cost": 0.0,
                                                "Total Cost": 27206.55,
                                                "Plan Rows": 841655,
                                                "Plan Width": 4,
                                                "Actual Startup Time": 0.019,
                                                "Actual Total Time": 62.582,
                                                "Actual Rows": 652282,
                                                "Actual Loops": 4,
                                                "Output": [
                                                    "mc.id",
                                                    "mc.movie_id",
                                                    "mc.company_id",
                                                    "mc.company_type_id",
                                                    "mc.note"
                                                ],
                                                "Workers": [
                                                    {
                                                        "Worker Number": 0,
                                                        "Actual Startup Time": 0.023,
                                                        "Actual Total Time": 62.423,
                                                        "Actual Rows": 759143,
                                                        "Actual Loops": 1
                                                    },
                                                    {
                                                        "Worker Number": 1,
                                                        "Actual Startup Time": 0.024,
                                                        "Actual Total Time": 61.233,
                                                        "Actual Rows": 703446,
                                                        "Actual Loops": 1
                                                    },
                                                    {
                                                        "Worker Number": 2,
                                                        "Actual Startup Time": 0.022,
                                                        "Actual Total Time": 59.486,
                                                        "Actual Rows": 474193,
                                                        "Actual Loops": 1
                                                    }
                                                ]
                                            },
                                            {
                                                "Node Type": "Hash",
                                                "Parent Relationship": "Inner",
                                                "Parallel Aware": true,
                                                "Startup Cost": 45479.21,
                                                "Total Cost": 45479.21,
                                                "Plan Rows": 28465,
                                                "Plan Width": 4,
                                                "Actual Startup Time": 110.904,
                                                "Actual Total Time": 110.905,
                                                "Actual Rows": 3474,
                                                "Actual Loops": 4,
                                                "Output": [
                                                    "t.id"
                                                ],
                                                "Hash Buckets": 131072,
                                                "Original Hash Buckets": 131072,
                                                "Hash Batches": 1,
                                                "Original Hash Batches": 1,
                                                "Peak Memory Usage": 1600,
                                                "Workers": [
                                                    {
                                                        "Worker Number": 0,
                                                        "Actual Startup Time": 109.165,
                                                        "Actual Total Time": 109.166,
                                                        "Actual Rows": 3996,
                                                        "Actual Loops": 1
                                                    },
                                                    {
                                                        "Worker Number": 1,
                                                        "Actual Startup Time": 109.294,
                                                        "Actual Total Time": 109.295,
                                                        "Actual Rows": 3783,
                                                        "Actual Loops": 1
                                                    },
                                                    {
                                                        "Worker Number": 2,
                                                        "Actual Startup Time": 109.588,
                                                        "Actual Total Time": 109.589,
                                                        "Actual Rows": 1215,
                                                        "Actual Loops": 1
                                                    }
                                                ],
                                                "Plans": [
                                                    {
                                                        "Node Type": "Seq Scan",
                                                        "Parent Relationship": "Outer",
                                                        "Parallel Aware": true,
                                                        "Relation Name": "title",
                                                        "Schema": "public",
                                                        "Alias": "t",
                                                        "Startup Cost": 0.0,
                                                        "Total Cost": 45479.21,
                                                        "Plan Rows": 28465,
                                                        "Plan Width": 4,
                                                        "Actual Startup Time": 0.203,
                                                        "Actual Total Time": 108.517,
                                                        "Actual Rows": 3474,
                                                        "Actual Loops": 4,
                                                        "Output": [
                                                            "t.id"
                                                        ],
                                                        "Filter": "((t.production_year < 1954) AND (t.kind_id = 7))",
                                                        "Rows Removed by Filter": 628604,
                                                        "Workers": [
                                                            {
                                                                "Worker Number": 0,
                                                                "Actual Startup Time": 0.169,
                                                                "Actual Total Time": 106.627,
                                                                "Actual Rows": 3996,
                                                                "Actual Loops": 1
                                                            },
                                                            {
                                                                "Worker Number": 1,
                                                                "Actual Startup Time": 0.348,
                                                                "Actual Total Time": 106.607,
                                                                "Actual Rows": 3783,
                                                                "Actual Loops": 1
                                                            },
                                                            {
                                                                "Worker Number": 2,
                                                                "Actual Startup Time": 0.269,
                                                                "Actual Total Time": 107.498,
                                                                "Actual Rows": 1215,
                                                                "Actual Loops": 1
                                                            }
                                                        ]
                                                    }
                                                ]
                                            }
                                        ]
                                    },
                                    {
                                        "Node Type": "Index Only Scan",
                                        "Parent Relationship": "Inner",
                                        "Parallel Aware": false,
                                        "Scan Direction": "Forward",
                                        "Index Name": "movie_id_cast_info",
                                        "Relation Name": "cast_info",
                                        "Schema": "public",
                                        "Alias": "ci",
                                        "Startup Cost": 0.56,
                                        "Total Cost": 1.82,
                                        "Plan Rows": 38,
                                        "Plan Width": 4,
                                        "Actual Startup Time": 0.005,
                                        "Actual Total Time": 0.018,
                                        "Actual Rows": 8,
                                        "Actual Loops": 14469,
                                        "Output": [
                                            "ci.movie_id"
                                        ],
                                        "Index Cond": "(ci.movie_id = mc.movie_id)",
                                        "Rows Removed by Index Recheck": 0,
                                        "Heap Fetches": 119132,
                                        "Workers": [
                                            {
                                                "Worker Number": 0,
                                                "Actual Startup Time": 0.005,
                                                "Actual Total Time": 0.018,
                                                "Actual Rows": 8,
                                                "Actual Loops": 3659
                                            },
                                            {
                                                "Worker Number": 1,
                                                "Actual Startup Time": 0.006,
                                                "Actual Total Time": 0.022,
                                                "Actual Rows": 9,
                                                "Actual Loops": 3267
                                            },
                                            {
                                                "Worker Number": 2,
                                                "Actual Startup Time": 0.007,
                                                "Actual Total Time": 0.028,
                                                "Actual Rows": 8,
                                                "Actual Loops": 2551
                                            }
                                        ]
                                    }
                                ]
                            }
                        ]
                    }
                ]
            }
        ]
    },
    "Planning Time": 1.527,
    "Triggers": [],
    "Execution Time": 351.045
}