[
  {
    "Plan": {
      "Node Type": "Aggregate",
      "Strategy": "Plain",
      "Partial Mode": "Finalize",
      "Parallel Aware": false,
      "Startup Cost": 358202.39,
      "Total Cost": 358202.4,
      "Plan Rows": 1,
      "Plan Width": 8,
      "Actual Startup Time": 364.702,
      "Actual Total Time": 379.651,
      "Actual Rows": 1,
      "Actual Loops": 1,
      "Plans": [
        {
          "Node Type": "Gather",
          "Parent Relationship": "Outer",
          "Parallel Aware": false,
          "Startup Cost": 358201.77,
          "Total Cost": 358202.38,
          "Plan Rows": 6,
          "Plan Width": 8,
          "Actual Startup Time": 360.307,
          "Actual Total Time": 379.63,
          "Actual Rows": 7,
          "Actual Loops": 1,
          "Workers Planned": 6,
          "Workers Launched": 6,
          "Single Copy": false,
          "Plans": [
            {
              "Node Type": "Aggregate",
              "Strategy": "Plain",
              "Partial Mode": "Partial",
              "Parent Relationship": "Outer",
              "Parallel Aware": false,
              "Startup Cost": 357201.77,
              "Total Cost": 357201.78,
              "Plan Rows": 1,
              "Plan Width": 8,
              "Actual Startup Time": 348.547,
              "Actual Total Time": 348.551,
              "Actual Rows": 1,
              "Actual Loops": 7,
              "Plans": [
                {
                  "Node Type": "Hash Join",
                  "Parent Relationship": "Outer",
                  "Parallel Aware": true,
                  "Join Type": "Inner",
                  "Startup Cost": 98454.14,
                  "Total Cost": 356971.89,
                  "Plan Rows": 91950,
                  "Plan Width": 0,
                  "Actual Startup Time": 200.775,
                  "Actual Total Time": 344.549,
                  "Actual Rows": 71722,
                  "Actual Loops": 7,
                  "Inner Unique": true,
                  "Hash Cond": "(ci.movie_id = t.id)",
                  "Plans": [
                    {
                      "Node Type": "Bitmap Heap Scan",
                      "Parent Relationship": "Outer",
                      "Parallel Aware": true,
                      "Relation Name": "cast_info",
                      "Alias": "ci",
                      "Startup Cost": 51090.52,
                      "Total Cost": 308596.32,
                      "Plan Rows": 385504,
                      "Plan Width": 4,
                      "Actual Startup Time": 84.334,
                      "Actual Total Time": 146.565,
                      "Actual Rows": 331708,
                      "Actual Loops": 7,
                      "Recheck Cond": "(person_id < 226278)",
                      "Rows Removed by Index Recheck": 0,
                      "Exact Heap Blocks": 3677,
                      "Lossy Heap Blocks": 0,
                      "Plans": [
                        {
                          "Node Type": "Bitmap Index Scan",
                          "Parent Relationship": "Outer",
                          "Parallel Aware": false,
                          "Index Name": "person_id_cast_info",
                          "Startup Cost": 0.0,
                          "Total Cost": 50512.26,
                          "Plan Rows": 2313026,
                          "Plan Width": 0,
                          "Actual Startup Time": 80.401,
                          "Actual Total Time": 80.402,
                          "Actual Rows": 2321957,
                          "Actual Loops": 1,
                          "Index Cond": "(person_id < 226278)"
                        }
                      ]
                    },
                    {
                      "Node Type": "Hash",
                      "Parent Relationship": "Inner",
                      "Parallel Aware": true,
                      "Startup Cost": 45479.1,
                      "Total Cost": 45479.1,
                      "Plan Rows": 150762,
                      "Plan Width": 4,
                      "Actual Startup Time": 113.108,
                      "Actual Total Time": 113.109,
                      "Actual Rows": 72487,
                      "Actual Loops": 7,
                      "Hash Buckets": 1048576,
                      "Original Hash Buckets": 1048576,
                      "Hash Batches": 1,
                      "Original Hash Batches": 1,
                      "Peak Memory Usage": 28160,
                      "Plans": [
                        {
                          "Node Type": "Seq Scan",
                          "Parent Relationship": "Outer",
                          "Parallel Aware": true,
                          "Relation Name": "title",
                          "Alias": "t",
                          "Startup Cost": 0.0,
                          "Total Cost": 45479.1,
                          "Plan Rows": 150762,
                          "Plan Width": 4,
                          "Actual Startup Time": 0.051,
                          "Actual Total Time": 76.524,
                          "Actual Rows": 72487,
                          "Actual Loops": 7,
                          "Filter": "((kind_id < 7) AND (production_year > 1997))",
                          "Rows Removed by Filter": 288701
                        }
                      ]
                    }
                  ]
                }
              ]
            }
          ]
        }
      ]
    },
    "Planning Time": 0.641,
    "Triggers": [],
    "Execution Time": 379.745
  }
]