[
  {
    "Plan": {
      "Node Type": "Aggregate",
      "Strategy": "Plain",
      "Partial Mode": "Finalize",
      "Parallel Aware": false,
      "Startup Cost": 32099.26,
      "Total Cost": 32099.27,
      "Plan Rows": 1,
      "Plan Width": 8,
      "Actual Startup Time": 139.859,
      "Actual Total Time": 150.51,
      "Actual Rows": 1,
      "Actual Loops": 1,
      "Plans": [
        {
          "Node Type": "Gather",
          "Parent Relationship": "Outer",
          "Parallel Aware": false,
          "Startup Cost": 32098.94,
          "Total Cost": 32099.25,
          "Plan Rows": 3,
          "Plan Width": 8,
          "Actual Startup Time": 139.752,
          "Actual Total Time": 150.501,
          "Actual Rows": 4,
          "Actual Loops": 1,
          "Workers Planned": 3,
          "Workers Launched": 3,
          "Single Copy": false,
          "Plans": [
            {
              "Node Type": "Aggregate",
              "Strategy": "Plain",
              "Partial Mode": "Partial",
              "Parent Relationship": "Outer",
              "Parallel Aware": false,
              "Startup Cost": 31098.94,
              "Total Cost": 31098.95,
              "Plan Rows": 1,
              "Plan Width": 8,
              "Actual Startup Time": 130.854,
              "Actual Total Time": 130.855,
              "Actual Rows": 1,
              "Actual Loops": 4,
              "Plans": [
                {
                  "Node Type": "Seq Scan",
                  "Parent Relationship": "Outer",
                  "Parallel Aware": true,
                  "Relation Name": "movie_companies",
                  "Alias": "mc",
                  "Startup Cost": 0.0,
                  "Total Cost": 29310.68,
                  "Plan Rows": 715303,
                  "Plan Width": 0,
                  "Actual Startup Time": 0.07,
                  "Actual Total Time": 97.709,
                  "Actual Rows": 554496,
                  "Actual Loops": 4,
                  "Filter": "(company_id < 83193)",
                  "Rows Removed by Filter": 97787
                }
              ]
            }
          ]
        }
      ]
    },
    "Planning Time": 0.2,
    "Triggers": [],
    "Execution Time": 150.566
  }
]