{
  "Plan": {
    "Node Type": "Aggregate",
    "Strategy": "Plain",
    "Partial Mode": "Simple",
    "Parallel Aware": false,
    "Startup Cost": 92528.07,
    "Total Cost": 92528.08,
    "Plan Rows": 1,
    "Plan Width": 32,
    "Actual Startup Time": 1220.67,
    "Actual Total Time": 1245.608,
    "Actual Rows": 1,
    "Actual Loops": 1,
    "Plans": [
      {
        "Node Type": "Gather",
        "Parent Relationship": "Outer",
        "Parallel Aware": false,
        "Startup Cost": 42479.12,
        "Total Cost": 92528.06,
        "Plan Rows": 1,
        "Plan Width": 17,
        "Actual Startup Time": 1220.657,
        "Actual Total Time": 1245.593,
        "Actual Rows": 0,
        "Actual Loops": 1,
        "Workers Planned": 4,
        "Workers Launched": 4,
        "Single Copy": false,
        "Plans": [
          {
            "Node Type": "Nested Loop",
            "Parent Relationship": "Outer",
            "Parallel Aware": false,
            "Join Type": "Inner",
            "Startup Cost": 41479.12,
            "Total Cost": 91527.96,
            "Plan Rows": 1,
            "Plan Width": 17,
            "Actual Startup Time": 1184.246,
            "Actual Total Time": 1184.255,
            "Actual Rows": 0,
            "Actual Loops": 5,
            "Inner Unique": true,
            "Plans": [
              {
                "Node Type": "Hash Join",
                "Parent Relationship": "Outer",
                "Parallel Aware": false,
                "Join Type": "Inner",
                "Startup Cost": 41478.7,
                "Total Cost": 91509.23,
                "Plan Rows": 42,
                "Plan Width": 21,
                "Actual Startup Time": 495.579,
                "Actual Total Time": 1055.115,
                "Actual Rows": 29710,
                "Actual Loops": 5,
                "Inner Unique": false,
                "Hash Cond": "(mc.movie_id = mk.movie_id)",
                "Plans": [
                  {
                    "Node Type": "Hash Join",
                    "Parent Relationship": "Outer",
                    "Parallel Aware": true,
                    "Join Type": "Inner",
                    "Startup Cost": 37727.23,
                    "Total Cost": 85311.28,
                    "Plan Rows": 652282,
                    "Plan Width": 29,
                    "Actual Startup Time": 343.164,
                    "Actual Total Time": 821.355,
                    "Actual Rows": 521826,
                    "Actual Loops": 5,
                    "Inner Unique": false,
                    "Hash Cond": "(t.id = mc.movie_id)",
                    "Plans": [
                      {
                        "Node Type": "Seq Scan",
                        "Parent Relationship": "Outer",
                        "Parallel Aware": true,
                        "Relation Name": "title",
                        "Alias": "t",
                        "Startup Cost": 0.0,
                        "Total Cost": 42319.27,
                        "Plan Rows": 632127,
                        "Plan Width": 21,
                        "Actual Startup Time": 0.044,
                        "Actual Total Time": 141.285,
                        "Actual Rows": 505662,
                        "Actual Loops": 5
                      },
                      {
                        "Node Type": "Hash",
                        "Parent Relationship": "Inner",
                        "Parallel Aware": true,
                        "Startup Cost": 27206.55,
                        "Total Cost": 27206.55,
                        "Plan Rows": 841655,
                        "Plan Width": 8,
                        "Actual Startup Time": 336.495,
                        "Actual Total Time": 336.496,
                        "Actual Rows": 521826,
                        "Actual Loops": 5,
                        "Hash Buckets": 4194304,
                        "Original Hash Buckets": 4194304,
                        "Hash Batches": 1,
                        "Original Hash Batches": 1,
                        "Peak Memory Usage": 134880,
                        "Plans": [
                          {
                            "Node Type": "Seq Scan",
                            "Parent Relationship": "Outer",
                            "Parallel Aware": true,
                            "Relation Name": "movie_companies",
                            "Alias": "mc",
                            "Startup Cost": 0.0,
                            "Total Cost": 27206.55,
                            "Plan Rows": 841655,
                            "Plan Width": 8,
                            "Actual Startup Time": 0.049,
                            "Actual Total Time": 115.357,
                            "Actual Rows": 521826,
                            "Actual Loops": 5
                          }
                        ]
                      }
                    ]
                  },
                  {
                    "Node Type": "Hash",
                    "Parent Relationship": "Inner",
                    "Parallel Aware": false,
                    "Startup Cost": 3751.04,
                    "Total Cost": 3751.04,
                    "Plan Rows": 34,
                    "Plan Width": 4,
                    "Actual Startup Time": 151.688,
                    "Actual Total Time": 151.692,
                    "Actual Rows": 41840,
                    "Actual Loops": 5,
                    "Hash Buckets": 65536,
                    "Original Hash Buckets": 1024,
                    "Hash Batches": 1,
                    "Original Hash Batches": 1,
                    "Peak Memory Usage": 1983,
                    "Plans": [
                      {
                        "Node Type": "Nested Loop",
                        "Parent Relationship": "Outer",
                        "Parallel Aware": false,
                        "Join Type": "Inner",
                        "Startup Cost": 10.78,
                        "Total Cost": 3751.04,
                        "Plan Rows": 34,
                        "Plan Width": 4,
                        "Actual Startup Time": 15.4,
                        "Actual Total Time": 136.969,
                        "Actual Rows": 41840,
                        "Actual Loops": 5,
                        "Inner Unique": false,
                        "Plans": [
                          {
                            "Node Type": "Seq Scan",
                            "Parent Relationship": "Outer",
                            "Parallel Aware": false,
                            "Relation Name": "keyword",
                            "Alias": "k",
                            "Startup Cost": 0.0,
                            "Total Cost": 2626.12,
                            "Plan Rows": 1,
                            "Plan Width": 4,
                            "Actual Startup Time": 2.172,
                            "Actual Total Time": 18.877,
                            "Actual Rows": 1,
                            "Actual Loops": 5,
                            "Filter": "(keyword = 'character-name-in-title'::text)",
                            "Rows Removed by Filter": 134169
                          },
                          {
                            "Node Type": "Bitmap Heap Scan",
                            "Parent Relationship": "Inner",
                            "Parallel Aware": false,
                            "Relation Name": "movie_keyword",
                            "Alias": "mk",
                            "Startup Cost": 10.78,
                            "Total Cost": 1121.89,
                            "Plan Rows": 303,
                            "Plan Width": 8,
                            "Actual Startup Time": 13.215,
                            "Actual Total Time": 110.321,
                            "Actual Rows": 41840,
                            "Actual Loops": 5,
                            "Recheck Cond": "(keyword_id = k.id)",
                            "Rows Removed by Index Recheck": 0,
                            "Exact Heap Blocks": 11541,
                            "Lossy Heap Blocks": 0,
                            "Plans": [
                              {
                                "Node Type": "Bitmap Index Scan",
                                "Parent Relationship": "Outer",
                                "Parallel Aware": false,
                                "Index Name": "keyword_id_movie_keyword",
                                "Startup Cost": 0.0,
                                "Total Cost": 10.71,
                                "Plan Rows": 303,
                                "Plan Width": 0,
                                "Actual Startup Time": 10.427,
                                "Actual Total Time": 10.427,
                                "Actual Rows": 41840,
                                "Actual Loops": 5,
                                "Index Cond": "(keyword_id = k.id)"
                              }
                            ]
                          }
                        ]
                      }
                    ]
                  }
                ]
              },
              {
                "Node Type": "Index Scan",
                "Parent Relationship": "Inner",
                "Parallel Aware": false,
                "Scan Direction": "Forward",
                "Index Name": "company_name_pkey",
                "Relation Name": "company_name",
                "Alias": "cn",
                "Startup Cost": 0.42,
                "Total Cost": 0.45,
                "Plan Rows": 1,
                "Plan Width": 4,
                "Actual Startup Time": 0.004,
                "Actual Total Time": 0.004,
                "Actual Rows": 0,
                "Actual Loops": 148552,
                "Index Cond": "(id = mc.company_id)",
                "Rows Removed by Index Recheck": 0,
                "Filter": "((country_code)::text = '[sm]'::text)",
                "Rows Removed by Filter": 1
              }
            ]
          }
        ]
      }
    ]
  },
  "Planning Time": 8.051,
  "Triggers": [],
  "Execution Time": 1246.191
}