{
  "Plan": {
    "Node Type": "Aggregate",
    "Strategy": "Plain",
    "Partial Mode": "Finalize",
    "Parallel Aware": false,
    "Startup Cost": 88832.45,
    "Total Cost": 88832.46,
    "Plan Rows": 1,
    "Plan Width": 8,
    "Actual Startup Time": 288.081,
    "Actual Total Time": 303.73,
    "Actual Rows": 1,
    "Actual Loops": 1,
    "Plans": [
      {
        "Node Type": "Gather",
        "Parent Relationship": "Outer",
        "Parallel Aware": false,
        "Startup Cost": 88832.33,
        "Total Cost": 88832.44,
        "Plan Rows": 1,
        "Plan Width": 8,
        "Actual Startup Time": 287.339,
        "Actual Total Time": 303.72,
        "Actual Rows": 2,
        "Actual Loops": 1,
        "Workers Planned": 1,
        "Workers Launched": 1,
        "Single Copy": false,
        "Plans": [
          {
            "Node Type": "Aggregate",
            "Strategy": "Plain",
            "Partial Mode": "Partial",
            "Parent Relationship": "Outer",
            "Parallel Aware": false,
            "Startup Cost": 87832.33,
            "Total Cost": 87832.34,
            "Plan Rows": 1,
            "Plan Width": 8,
            "Actual Startup Time": 281.541,
            "Actual Total Time": 281.698,
            "Actual Rows": 1,
            "Actual Loops": 2,
            "Plans": [
              {
                "Node Type": "Hash Join",
                "Parent Relationship": "Outer",
                "Parallel Aware": true,
                "Join Type": "Inner",
                "Startup Cost": 26600.06,
                "Total Cost": 87782.95,
                "Plan Rows": 19753,
                "Plan Width": 0,
                "Actual Startup Time": 87.653,
                "Actual Total Time": 279.335,
                "Actual Rows": 50696,
                "Actual Loops": 2,
                "Inner Unique": false,
                "Hash Cond": "(t.id = mc.movie_id)",
                "Plans": [
                  {
                    "Node Type": "Seq Scan",
                    "Parent Relationship": "Outer",
                    "Parallel Aware": true,
                    "Relation Name": "title",
                    "Alias": "t",
                    "Startup Cost": 0.0,
                    "Total Cost": 58306.47,
                    "Plan Rows": 441636,
                    "Plan Width": 4,
                    "Actual Startup Time": 0.01,
                    "Actual Total Time": 135.204,
                    "Actual Rows": 323778,
                    "Actual Loops": 2,
                    "Filter": "((kind_id > 1) AND (production_year < 2000))",
                    "Rows Removed by Filter": 940378
                  },
                  {
                    "Node Type": "Hash",
                    "Parent Relationship": "Inner",
                    "Parallel Aware": true,
                    "Startup Cost": 25768.56,
                    "Total Cost": 25768.56,
                    "Plan Rows": 66520,
                    "Plan Width": 4,
                    "Actual Startup Time": 86.523,
                    "Actual Total Time": 86.525,
                    "Actual Rows": 88267,
                    "Actual Loops": 2,
                    "Hash Buckets": 262144,
                    "Original Hash Buckets": 131072,
                    "Hash Batches": 1,
                    "Original Hash Batches": 1,
                    "Peak Memory Usage": 9984,
                    "Plans": [
                      {
                        "Node Type": "Bitmap Heap Scan",
                        "Parent Relationship": "Outer",
                        "Parallel Aware": true,
                        "Relation Name": "movie_companies",
                        "Alias": "mc",
                        "Startup Cost": 4951.61,
                        "Total Cost": 25768.56,
                        "Plan Rows": 66520,
                        "Plan Width": 4,
                        "Actual Startup Time": 18.162,
                        "Actual Total Time": 63.065,
                        "Actual Rows": 88267,
                        "Actual Loops": 2,
                        "Recheck Cond": "(company_id < 92)",
                        "Rows Removed by Index Recheck": 0,
                        "Filter": "(company_type_id < 2)",
                        "Rows Removed by Filter": 26535,
                        "Exact Heap Blocks": 11961,
                        "Lossy Heap Blocks": 0,
                        "Plans": [
                          {
                            "Node Type": "Bitmap Index Scan",
                            "Parent Relationship": "Outer",
                            "Parallel Aware": false,
                            "Index Name": "company_id_movie_companies",
                            "Startup Cost": 0.0,
                            "Total Cost": 4923.34,
                            "Plan Rows": 229721,
                            "Plan Width": 0,
                            "Actual Startup Time": 19.4,
                            "Actual Total Time": 19.4,
                            "Actual Rows": 229604,
                            "Actual Loops": 1,
                            "Index Cond": "(company_id < 92)"
                          }
                        ]
                      }
                    ]
                  }
                ]
              }
            ]
          }
        ]
      }
    ]
  },
  "Planning Time": 0.411,
  "Triggers": [],
  "Execution Time": 303.793
}