[
  {
    "Plan": {
      "Node Type": "Aggregate",
      "Strategy": "Plain",
      "Partial Mode": "Finalize",
      "Parallel Aware": false,
      "Startup Cost": 333802.66,
      "Total Cost": 333802.67,
      "Plan Rows": 1,
      "Plan Width": 8,
      "Actual Startup Time": 714.88,
      "Actual Total Time": 773.871,
      "Actual Rows": 1,
      "Actual Loops": 1,
      "Plans": [
        {
          "Node Type": "Gather",
          "Parent Relationship": "Outer",
          "Parallel Aware": false,
          "Startup Cost": 333802.03,
          "Total Cost": 333802.64,
          "Plan Rows": 6,
          "Plan Width": 8,
          "Actual Startup Time": 714.749,
          "Actual Total Time": 773.857,
          "Actual Rows": 7,
          "Actual Loops": 1,
          "Workers Planned": 6,
          "Workers Launched": 6,
          "Single Copy": false,
          "Plans": [
            {
              "Node Type": "Aggregate",
              "Strategy": "Plain",
              "Partial Mode": "Partial",
              "Parent Relationship": "Outer",
              "Parallel Aware": false,
              "Startup Cost": 332802.03,
              "Total Cost": 332802.04,
              "Plan Rows": 1,
              "Plan Width": 8,
              "Actual Startup Time": 704.66,
              "Actual Total Time": 704.661,
              "Actual Rows": 1,
              "Actual Loops": 7,
              "Plans": [
                {
                  "Node Type": "Seq Scan",
                  "Parent Relationship": "Outer",
                  "Parallel Aware": true,
                  "Relation Name": "cast_info",
                  "Alias": "ci",
                  "Startup Cost": 0.0,
                  "Total Cost": 328162.03,
                  "Plan Rows": 1856002,
                  "Plan Width": 0,
                  "Actual Startup Time": 299.538,
                  "Actual Total Time": 623.001,
                  "Actual Rows": 1577348,
                  "Actual Loops": 7,
                  "Filter": "(person_id > 2599620)",
                  "Rows Removed by Filter": 3600415
                }
              ]
            }
          ]
        }
      ]
    },
    "Planning Time": 0.201,
    "Triggers": [],
    "Execution Time": 773.948
  }
]