[
  {
    "Plan": {
      "Node Type": "Aggregate",
      "Strategy": "Plain",
      "Partial Mode": "Simple",
      "Parallel Aware": false,
      "Startup Cost": 22510.8,
      "Total Cost": 22510.81,
      "Plan Rows": 1,
      "Plan Width": 8,
      "Actual Startup Time": 40.957,
      "Actual Total Time": 40.958,
      "Actual Rows": 1,
      "Actual Loops": 1,
      "Plans": [
        {
          "Node Type": "Bitmap Heap Scan",
          "Parent Relationship": "Outer",
          "Parallel Aware": false,
          "Relation Name": "movie_companies",
          "Alias": "mc",
          "Startup Cost": 2198.8,
          "Total Cost": 22257.14,
          "Plan Rows": 101467,
          "Plan Width": 0,
          "Actual Startup Time": 11.682,
          "Actual Total Time": 34.095,
          "Actual Rows": 103697,
          "Actual Loops": 1,
          "Recheck Cond": "(company_id > 155395)",
          "Rows Removed by Index Recheck": 0,
          "Exact Heap Blocks": 3224,
          "Lossy Heap Blocks": 0,
          "Plans": [
            {
              "Node Type": "Bitmap Index Scan",
              "Parent Relationship": "Outer",
              "Parallel Aware": false,
              "Index Name": "company_id_movie_companies",
              "Startup Cost": 0.0,
              "Total Cost": 2173.43,
              "Plan Rows": 101467,
              "Plan Width": 0,
              "Actual Startup Time": 10.615,
              "Actual Total Time": 10.615,
              "Actual Rows": 103697,
              "Actual Loops": 1,
              "Index Cond": "(company_id > 155395)"
            }
          ]
        }
      ]
    },
    "Planning Time": 0.079,
    "Triggers": [],
    "Execution Time": 40.986
  }
]