[
  {
    "Plan": {
      "Node Type": "Aggregate",
      "Strategy": "Plain",
      "Partial Mode": "Finalize",
      "Parallel Aware": false,
      "Startup Cost": 42683.06,
      "Total Cost": 42683.07,
      "Plan Rows": 1,
      "Plan Width": 8,
      "Actual Startup Time": 121.993,
      "Actual Total Time": 130.631,
      "Actual Rows": 1,
      "Actual Loops": 1,
      "Plans": [
        {
          "Node Type": "Gather",
          "Parent Relationship": "Outer",
          "Parallel Aware": false,
          "Startup Cost": 42682.74,
          "Total Cost": 42683.05,
          "Plan Rows": 3,
          "Plan Width": 8,
          "Actual Startup Time": 121.723,
          "Actual Total Time": 130.613,
          "Actual Rows": 4,
          "Actual Loops": 1,
          "Workers Planned": 3,
          "Workers Launched": 3,
          "Single Copy": false,
          "Plans": [
            {
              "Node Type": "Aggregate",
              "Strategy": "Plain",
              "Partial Mode": "Partial",
              "Parent Relationship": "Outer",
              "Parallel Aware": false,
              "Startup Cost": 41682.74,
              "Total Cost": 41682.75,
              "Plan Rows": 1,
              "Plan Width": 8,
              "Actual Startup Time": 116.702,
              "Actual Total Time": 116.703,
              "Actual Rows": 1,
              "Actual Loops": 4,
              "Plans": [
                {
                  "Node Type": "Bitmap Heap Scan",
                  "Parent Relationship": "Outer",
                  "Parallel Aware": true,
                  "Relation Name": "movie_keyword",
                  "Alias": "mk",
                  "Startup Cost": 14029.14,
                  "Total Cost": 41149.47,
                  "Plan Rows": 213307,
                  "Plan Width": 0,
                  "Actual Startup Time": 35.934,
                  "Actual Total Time": 108.122,
                  "Actual Rows": 167239,
                  "Actual Loops": 4,
                  "Recheck Cond": "(keyword_id < 523)",
                  "Rows Removed by Index Recheck": 0,
                  "Exact Heap Blocks": 10200,
                  "Lossy Heap Blocks": 0,
                  "Plans": [
                    {
                      "Node Type": "Bitmap Index Scan",
                      "Parent Relationship": "Outer",
                      "Parallel Aware": false,
                      "Index Name": "keyword_id_movie_keyword",
                      "Startup Cost": 0.0,
                      "Total Cost": 13863.82,
                      "Plan Rows": 661252,
                      "Plan Width": 0,
                      "Actual Startup Time": 36.893,
                      "Actual Total Time": 36.893,
                      "Actual Rows": 668955,
                      "Actual Loops": 1,
                      "Index Cond": "(keyword_id < 523)"
                    }
                  ]
                }
              ]
            }
          ]
        }
      ]
    },
    "Planning Time": 0.086,
    "Triggers": [],
    "Execution Time": 130.671
  }
]