[
  {
    "Plan": {
      "Node Type": "Aggregate",
      "Strategy": "Plain",
      "Partial Mode": "Finalize",
      "Parallel Aware": false,
      "Startup Cost": 32888.76,
      "Total Cost": 32888.77,
      "Plan Rows": 1,
      "Plan Width": 8,
      "Actual Startup Time": 98.96,
      "Actual Total Time": 107.443,
      "Actual Rows": 1,
      "Actual Loops": 1,
      "Plans": [
        {
          "Node Type": "Gather",
          "Parent Relationship": "Outer",
          "Parallel Aware": false,
          "Startup Cost": 32888.44,
          "Total Cost": 32888.75,
          "Plan Rows": 3,
          "Plan Width": 8,
          "Actual Startup Time": 98.831,
          "Actual Total Time": 107.436,
          "Actual Rows": 4,
          "Actual Loops": 1,
          "Workers Planned": 3,
          "Workers Launched": 3,
          "Single Copy": false,
          "Plans": [
            {
              "Node Type": "Aggregate",
              "Strategy": "Plain",
              "Partial Mode": "Partial",
              "Parent Relationship": "Outer",
              "Parallel Aware": false,
              "Startup Cost": 31888.44,
              "Total Cost": 31888.45,
              "Plan Rows": 1,
              "Plan Width": 8,
              "Actual Startup Time": 92.68,
              "Actual Total Time": 92.681,
              "Actual Rows": 1,
              "Actual Loops": 4,
              "Plans": [
                {
                  "Node Type": "Seq Scan",
                  "Parent Relationship": "Outer",
                  "Parallel Aware": true,
                  "Relation Name": "movie_companies",
                  "Alias": "mc",
                  "Startup Cost": 0.0,
                  "Total Cost": 31414.82,
                  "Plan Rows": 189450,
                  "Plan Width": 0,
                  "Actual Startup Time": 47.226,
                  "Actual Total Time": 83.408,
                  "Actual Rows": 217822,
                  "Actual Loops": 4,
                  "Filter": "((company_id > 12980) AND (company_type_id = 2))",
                  "Rows Removed by Filter": 434460
                }
              ]
            }
          ]
        }
      ]
    },
    "Planning Time": 0.188,
    "Triggers": [],
    "Execution Time": 107.494
  }
]