{
  "Plan": {
    "Node Type": "Aggregate",
    "Strategy": "Plain",
    "Partial Mode": "Finalize",
    "Parallel Aware": false,
    "Startup Cost": 353468.41,
    "Total Cost": 353468.42,
    "Plan Rows": 1,
    "Plan Width": 8,
    "Actual Startup Time": 2827.514,
    "Actual Total Time": 2867.78,
    "Actual Rows": 1,
    "Actual Loops": 1,
    "Plans": [
      {
        "Node Type": "Gather",
        "Parent Relationship": "Outer",
        "Parallel Aware": false,
        "Startup Cost": 353468.3,
        "Total Cost": 353468.41,
        "Plan Rows": 1,
        "Plan Width": 8,
        "Actual Startup Time": 2824.024,
        "Actual Total Time": 2867.771,
        "Actual Rows": 2,
        "Actual Loops": 1,
        "Workers Planned": 1,
        "Workers Launched": 1,
        "Single Copy": false,
        "Plans": [
          {
            "Node Type": "Aggregate",
            "Strategy": "Plain",
            "Partial Mode": "Partial",
            "Parent Relationship": "Outer",
            "Parallel Aware": false,
            "Startup Cost": 352468.3,
            "Total Cost": 352468.31,
            "Plan Rows": 1,
            "Plan Width": 8,
            "Actual Startup Time": 2819.925,
            "Actual Total Time": 2819.929,
            "Actual Rows": 1,
            "Actual Loops": 2,
            "Plans": [
              {
                "Node Type": "Hash Join",
                "Parent Relationship": "Outer",
                "Parallel Aware": true,
                "Join Type": "Inner",
                "Startup Cost": 68621.64,
                "Total Cost": 340405.13,
                "Plan Rows": 4825267,
                "Plan Width": 0,
                "Actual Startup Time": 363.974,
                "Actual Total Time": 2742.511,
                "Actual Rows": 1968645,
                "Actual Loops": 2,
                "Inner Unique": true,
                "Hash Cond": "(mi.movie_id = t.id)",
                "Plans": [
                  {
                    "Node Type": "Seq Scan",
                    "Parent Relationship": "Outer",
                    "Parallel Aware": true,
                    "Relation Name": "movie_info",
                    "Alias": "mi",
                    "Startup Cost": 0.0,
                    "Total Cost": 248955.74,
                    "Plan Rows": 8696274,
                    "Plan Width": 4,
                    "Actual Startup Time": 0.013,
                    "Actual Total Time": 612.433,
                    "Actual Rows": 7417860,
                    "Actual Loops": 2
                  },
                  {
                    "Node Type": "Hash",
                    "Parent Relationship": "Inner",
                    "Parallel Aware": true,
                    "Startup Cost": 58306.47,
                    "Total Cost": 58306.47,
                    "Plan Rows": 825214,
                    "Plan Width": 4,
                    "Actual Startup Time": 354.088,
                    "Actual Total Time": 354.089,
                    "Actual Rows": 739195,
                    "Actual Loops": 2,
                    "Hash Buckets": 2097152,
                    "Original Hash Buckets": 2097152,
                    "Hash Batches": 1,
                    "Original Hash Batches": 1,
                    "Peak Memory Usage": 74272,
                    "Plans": [
                      {
                        "Node Type": "Seq Scan",
                        "Parent Relationship": "Outer",
                        "Parallel Aware": true,
                        "Relation Name": "title",
                        "Alias": "t",
                        "Startup Cost": 0.0,
                        "Total Cost": 58306.47,
                        "Plan Rows": 825214,
                        "Plan Width": 4,
                        "Actual Startup Time": 0.023,
                        "Actual Total Time": 162.516,
                        "Actual Rows": 739195,
                        "Actual Loops": 2,
                        "Filter": "((production_year > 1944) AND (kind_id = 7))",
                        "Rows Removed by Filter": 524961
                      }
                    ]
                  }
                ]
              }
            ]
          }
        ]
      }
    ]
  },
  "Planning Time": 0.319,
  "Triggers": [],
  "Execution Time": 2867.825
}