[
    {
        "Bao": {
            "Bao prediction": "NaN",
            "Bao recommended hint": "(no hint)"
        }
    },
    {
        "Plan": {
            "Node Type": "Aggregate",
            "Strategy": "Plain",
            "Partial Mode": "Finalize",
            "Parallel Aware": false,
            "Startup Cost": 33022.67,
            "Total Cost": 33022.68,
            "Plan Rows": 1,
            "Plan Width": 8,
            "Actual Startup Time": 86.721,
            "Actual Total Time": 92.145,
            "Actual Rows": 1,
            "Actual Loops": 1,
            "Output": [
                "count(*)"
            ],
            "Plans": [
                {
                    "Node Type": "Gather",
                    "Parent Relationship": "Outer",
                    "Parallel Aware": false,
                    "Startup Cost": 33022.35,
                    "Total Cost": 33022.66,
                    "Plan Rows": 3,
                    "Plan Width": 8,
                    "Actual Startup Time": 86.659,
                    "Actual Total Time": 92.137,
                    "Actual Rows": 4,
                    "Actual Loops": 1,
                    "Output": [
                        "(PARTIAL count(*))"
                    ],
                    "Workers Planned": 3,
                    "Workers Launched": 3,
                    "Single Copy": false,
                    "Plans": [
                        {
                            "Node Type": "Aggregate",
                            "Strategy": "Plain",
                            "Partial Mode": "Partial",
                            "Parent Relationship": "Outer",
                            "Parallel Aware": false,
                            "Startup Cost": 32022.35,
                            "Total Cost": 32022.36,
                            "Plan Rows": 1,
                            "Plan Width": 8,
                            "Actual Startup Time": 78.37,
                            "Actual Total Time": 78.371,
                            "Actual Rows": 1,
                            "Actual Loops": 4,
                            "Output": [
                                "PARTIAL count(*)"
                            ],
                            "Workers": [
                                {
                                    "Worker Number": 0,
                                    "Actual Startup Time": 75.356,
                                    "Actual Total Time": 75.357,
                                    "Actual Rows": 1,
                                    "Actual Loops": 1
                                },
                                {
                                    "Worker Number": 1,
                                    "Actual Startup Time": 75.672,
                                    "Actual Total Time": 75.673,
                                    "Actual Rows": 1,
                                    "Actual Loops": 1
                                },
                                {
                                    "Worker Number": 2,
                                    "Actual Startup Time": 76.315,
                                    "Actual Total Time": 76.316,
                                    "Actual Rows": 1,
                                    "Actual Loops": 1
                                }
                            ],
                            "Plans": [
                                {
                                    "Node Type": "Seq Scan",
                                    "Parent Relationship": "Outer",
                                    "Parallel Aware": true,
                                    "Relation Name": "movie_companies",
                                    "Schema": "public",
                                    "Alias": "mc",
                                    "Startup Cost": 0.0,
                                    "Total Cost": 31414.82,
                                    "Plan Rows": 243014,
                                    "Plan Width": 0,
                                    "Actual Startup Time": 3.634,
                                    "Actual Total Time": 71.173,
                                    "Actual Rows": 134308,
                                    "Actual Loops": 4,
                                    "Output": [
                                        "id",
                                        "movie_id",
                                        "company_id",
                                        "company_type_id",
                                        "note"
                                    ],
                                    "Filter": "((mc.company_id > 6635) AND (mc.company_type_id = 1))",
                                    "Rows Removed by Filter": 517974,
                                    "Workers": [
                                        {
                                            "Worker Number": 0,
                                            "Actual Startup Time": 0.653,
                                            "Actual Total Time": 68.459,
                                            "Actual Rows": 108600,
                                            "Actual Loops": 1
                                        },
                                        {
                                            "Worker Number": 1,
                                            "Actual Startup Time": 0.918,
                                            "Actual Total Time": 68.829,
                                            "Actual Rows": 113260,
                                            "Actual Loops": 1
                                        },
                                        {
                                            "Worker Number": 2,
                                            "Actual Startup Time": 1.593,
                                            "Actual Total Time": 69.456,
                                            "Actual Rows": 112734,
                                            "Actual Loops": 1
                                        }
                                    ]
                                }
                            ]
                        }
                    ]
                }
            ]
        },
        "Planning Time": 181.847,
        "Triggers": [],
        "Execution Time": 92.223
    }
]