{
  "Plan": {
    "Node Type": "Aggregate",
    "Strategy": "Plain",
    "Partial Mode": "Finalize",
    "Parallel Aware": false,
    "Startup Cost": 369165.32,
    "Total Cost": 369165.33,
    "Plan Rows": 1,
    "Plan Width": 8,
    "Actual Startup Time": 1432.64,
    "Actual Total Time": 1456.919,
    "Actual Rows": 1,
    "Actual Loops": 1,
    "Plans": [
      {
        "Node Type": "Gather",
        "Parent Relationship": "Outer",
        "Parallel Aware": false,
        "Startup Cost": 369165.21,
        "Total Cost": 369165.32,
        "Plan Rows": 1,
        "Plan Width": 8,
        "Actual Startup Time": 1431.825,
        "Actual Total Time": 1456.912,
        "Actual Rows": 2,
        "Actual Loops": 1,
        "Workers Planned": 1,
        "Workers Launched": 1,
        "Single Copy": false,
        "Plans": [
          {
            "Node Type": "Aggregate",
            "Strategy": "Plain",
            "Partial Mode": "Partial",
            "Parent Relationship": "Outer",
            "Parallel Aware": false,
            "Startup Cost": 368165.21,
            "Total Cost": 368165.22,
            "Plan Rows": 1,
            "Plan Width": 8,
            "Actual Startup Time": 1425.564,
            "Actual Total Time": 1425.568,
            "Actual Rows": 1,
            "Actual Loops": 2,
            "Plans": [
              {
                "Node Type": "Hash Join",
                "Parent Relationship": "Outer",
                "Parallel Aware": true,
                "Join Type": "Inner",
                "Startup Cost": 57072.37,
                "Total Cost": 367302.99,
                "Plan Rows": 344889,
                "Plan Width": 0,
                "Actual Startup Time": 143.351,
                "Actual Total Time": 1395.414,
                "Actual Rows": 705058,
                "Actual Loops": 2,
                "Inner Unique": true,
                "Hash Cond": "(ci.movie_id = t.id)",
                "Plans": [
                  {
                    "Node Type": "Index Scan",
                    "Parent Relationship": "Outer",
                    "Parallel Aware": true,
                    "Scan Direction": "Forward",
                    "Index Name": "role_id_cast_info",
                    "Relation Name": "cast_info",
                    "Alias": "ci",
                    "Startup Cost": 0.56,
                    "Total Cost": 305110.75,
                    "Plan Rows": 1950639,
                    "Plan Width": 4,
                    "Actual Startup Time": 0.107,
                    "Actual Total Time": 695.881,
                    "Actual Rows": 3342196,
                    "Actual Loops": 2,
                    "Index Cond": "(role_id > 4)",
                    "Rows Removed by Index Recheck": 0,
                    "Filter": "(person_id > 2418761)",
                    "Rows Removed by Filter": 1350155
                  },
                  {
                    "Node Type": "Hash",
                    "Parent Relationship": "Inner",
                    "Parallel Aware": true,
                    "Startup Cost": 53784.86,
                    "Total Cost": 53784.86,
                    "Plan Rows": 262955,
                    "Plan Width": 4,
                    "Actual Startup Time": 137.573,
                    "Actual Total Time": 137.574,
                    "Actual Rows": 162544,
                    "Actual Loops": 2,
                    "Hash Buckets": 524288,
                    "Original Hash Buckets": 524288,
                    "Hash Batches": 1,
                    "Original Hash Batches": 1,
                    "Peak Memory Usage": 16832,
                    "Plans": [
                      {
                        "Node Type": "Bitmap Heap Scan",
                        "Parent Relationship": "Outer",
                        "Parallel Aware": true,
                        "Relation Name": "title",
                        "Alias": "t",
                        "Startup Cost": 11934.61,
                        "Total Cost": 53784.86,
                        "Plan Rows": 262955,
                        "Plan Width": 4,
                        "Actual Startup Time": 36.108,
                        "Actual Total Time": 103.371,
                        "Actual Rows": 162544,
                        "Actual Loops": 2,
                        "Recheck Cond": "(kind_id = 1)",
                        "Rows Removed by Index Recheck": 0,
                        "Filter": "(production_year > 1992)",
                        "Rows Removed by Filter": 168868,
                        "Exact Heap Blocks": 8196,
                        "Lossy Heap Blocks": 0,
                        "Plans": [
                          {
                            "Node Type": "Bitmap Index Scan",
                            "Parent Relationship": "Outer",
                            "Parallel Aware": false,
                            "Index Name": "kind_id_title",
                            "Startup Cost": 0.0,
                            "Total Cost": 11822.85,
                            "Plan Rows": 663256,
                            "Plan Width": 0,
                            "Actual Startup Time": 34.698,
                            "Actual Total Time": 34.698,
                            "Actual Rows": 662825,
                            "Actual Loops": 1,
                            "Index Cond": "(kind_id = 1)"
                          }
                        ]
                      }
                    ]
                  }
                ]
              }
            ]
          }
        ]
      }
    ]
  },
  "Planning Time": 0.76,
  "Triggers": [],
  "Execution Time": 1457.035
}