[
  {
    "Plan": {
      "Node Type": "Aggregate",
      "Strategy": "Plain",
      "Partial Mode": "Finalize",
      "Parallel Aware": false,
      "Startup Cost": 201652.69,
      "Total Cost": 201652.7,
      "Plan Rows": 1,
      "Plan Width": 8,
      "Actual Startup Time": 629.266,
      "Actual Total Time": 664.046,
      "Actual Rows": 1,
      "Actual Loops": 1,
      "Plans": [
        {
          "Node Type": "Gather",
          "Parent Relationship": "Outer",
          "Parallel Aware": false,
          "Startup Cost": 201652.37,
          "Total Cost": 201652.68,
          "Plan Rows": 3,
          "Plan Width": 8,
          "Actual Startup Time": 624.779,
          "Actual Total Time": 664.036,
          "Actual Rows": 4,
          "Actual Loops": 1,
          "Workers Planned": 3,
          "Workers Launched": 3,
          "Single Copy": false,
          "Plans": [
            {
              "Node Type": "Aggregate",
              "Strategy": "Plain",
              "Partial Mode": "Partial",
              "Parent Relationship": "Outer",
              "Parallel Aware": false,
              "Startup Cost": 200652.37,
              "Total Cost": 200652.38,
              "Plan Rows": 1,
              "Plan Width": 8,
              "Actual Startup Time": 615.76,
              "Actual Total Time": 615.832,
              "Actual Rows": 1,
              "Actual Loops": 4,
              "Plans": [
                {
                  "Node Type": "Hash Join",
                  "Parent Relationship": "Outer",
                  "Parallel Aware": true,
                  "Join Type": "Inner",
                  "Startup Cost": 168196.82,
                  "Total Cost": 200266.65,
                  "Plan Rows": 154290,
                  "Plan Width": 0,
                  "Actual Startup Time": 467.304,
                  "Actual Total Time": 613.853,
                  "Actual Rows": 38298,
                  "Actual Loops": 4,
                  "Inner Unique": false,
                  "Hash Cond": "(mc.movie_id = t.id)",
                  "Plans": [
                    {
                      "Node Type": "Seq Scan",
                      "Parent Relationship": "Outer",
                      "Parallel Aware": true,
                      "Relation Name": "movie_companies",
                      "Alias": "mc",
                      "Startup Cost": 0.0,
                      "Total Cost": 29310.68,
                      "Plan Rows": 653485,
                      "Plan Width": 4,
                      "Actual Startup Time": 0.022,
                      "Actual Total Time": 81.807,
                      "Actual Rows": 505727,
                      "Actual Loops": 4,
                      "Filter": "(company_id < 70913)",
                      "Rows Removed by Filter": 146556
                    },
                    {
                      "Node Type": "Hash",
                      "Parent Relationship": "Inner",
                      "Parallel Aware": true,
                      "Startup Cost": 166704.39,
                      "Total Cost": 166704.39,
                      "Plan Rows": 119394,
                      "Plan Width": 8,
                      "Actual Startup Time": 463.584,
                      "Actual Total Time": 463.654,
                      "Actual Rows": 23475,
                      "Actual Loops": 4,
                      "Hash Buckets": 1048576,
                      "Original Hash Buckets": 1048576,
                      "Hash Batches": 1,
                      "Original Hash Batches": 1,
                      "Peak Memory Usage": 11936,
                      "Plans": [
                        {
                          "Node Type": "Hash Join",
                          "Parent Relationship": "Outer",
                          "Parallel Aware": true,
                          "Join Type": "Inner",
                          "Startup Cost": 46930.9,
                          "Total Cost": 166704.39,
                          "Plan Rows": 119394,
                          "Plan Width": 8,
                          "Actual Startup Time": 145.431,
                          "Actual Total Time": 453.069,
                          "Actual Rows": 23475,
                          "Actual Loops": 4,
                          "Inner Unique": true,
                          "Hash Cond": "(ci.movie_id = t.id)",
                          "Plans": [
                            {
                              "Node Type": "Index Scan",
                              "Parent Relationship": "Outer",
                              "Parallel Aware": true,
                              "Scan Direction": "Forward",
                              "Index Name": "role_id_cast_info",
                              "Relation Name": "cast_info",
                              "Alias": "ci",
                              "Startup Cost": 0.56,
                              "Total Cost": 118067.1,
                              "Plan Rows": 650268,
                              "Plan Width": 4,
                              "Actual Startup Time": 0.267,
                              "Actual Total Time": 226.297,
                              "Actual Rows": 302123,
                              "Actual Loops": 4,
                              "Index Cond": "(role_id = 10)",
                              "Rows Removed by Index Recheck": 0,
                              "Filter": "(person_id < 2804720)",
                              "Rows Removed by Filter": 778632
                            },
                            {
                              "Node Type": "Hash",
                              "Parent Relationship": "Inner",
                              "Parallel Aware": true,
                              "Startup Cost": 45479.59,
                              "Total Cost": 45479.59,
                              "Plan Rows": 116060,
                              "Plan Width": 4,
                              "Actual Startup Time": 143.454,
                              "Actual Total Time": 143.455,
                              "Actual Rows": 84302,
                              "Actual Loops": 4,
                              "Hash Buckets": 524288,
                              "Original Hash Buckets": 524288,
                              "Hash Batches": 1,
                              "Original Hash Batches": 1,
                              "Peak Memory Usage": 17344,
                              "Plans": [
                                {
                                  "Node Type": "Seq Scan",
                                  "Parent Relationship": "Outer",
                                  "Parallel Aware": true,
                                  "Relation Name": "title",
                                  "Alias": "t",
                                  "Startup Cost": 0.0,
                                  "Total Cost": 45479.59,
                                  "Plan Rows": 116060,
                                  "Plan Width": 4,
                                  "Actual Startup Time": 0.055,
                                  "Actual Total Time": 108.169,
                                  "Actual Rows": 84302,
                                  "Actual Loops": 4,
                                  "Filter": "((kind_id > 1) AND (production_year < 1988))",
                                  "Rows Removed by Filter": 547776
                                }
                              ]
                            }
                          ]
                        }
                      ]
                    }
                  ]
                }
              ]
            }
          ]
        }
      ]
    },
    "Planning Time": 0.482,
    "Triggers": [],
    "Execution Time": 664.098
  }
]