[
  {
    "Plan": {
      "Node Type": "Aggregate",
      "Strategy": "Plain",
      "Partial Mode": "Finalize",
      "Parallel Aware": false,
      "Startup Cost": 32978.55,
      "Total Cost": 32978.56,
      "Plan Rows": 1,
      "Plan Width": 8,
      "Actual Startup Time": 88.654,
      "Actual Total Time": 96.552,
      "Actual Rows": 1,
      "Actual Loops": 1,
      "Plans": [
        {
          "Node Type": "Gather",
          "Parent Relationship": "Outer",
          "Parallel Aware": false,
          "Startup Cost": 32978.24,
          "Total Cost": 32978.55,
          "Plan Rows": 3,
          "Plan Width": 8,
          "Actual Startup Time": 88.545,
          "Actual Total Time": 96.545,
          "Actual Rows": 4,
          "Actual Loops": 1,
          "Workers Planned": 3,
          "Workers Launched": 3,
          "Single Copy": false,
          "Plans": [
            {
              "Node Type": "Aggregate",
              "Strategy": "Plain",
              "Partial Mode": "Partial",
              "Parent Relationship": "Outer",
              "Parallel Aware": false,
              "Startup Cost": 31978.24,
              "Total Cost": 31978.25,
              "Plan Rows": 1,
              "Plan Width": 8,
              "Actual Startup Time": 82.952,
              "Actual Total Time": 82.953,
              "Actual Rows": 1,
              "Actual Loops": 4,
              "Plans": [
                {
                  "Node Type": "Seq Scan",
                  "Parent Relationship": "Outer",
                  "Parallel Aware": true,
                  "Relation Name": "movie_companies",
                  "Alias": "mc",
                  "Startup Cost": 0.0,
                  "Total Cost": 31414.82,
                  "Plan Rows": 225367,
                  "Plan Width": 0,
                  "Actual Startup Time": 45.266,
                  "Actual Total Time": 77.827,
                  "Actual Rows": 111312,
                  "Actual Loops": 4,
                  "Filter": "((company_id < 11872) AND (company_type_id > 1))",
                  "Rows Removed by Filter": 540971
                }
              ]
            }
          ]
        }
      ]
    },
    "Planning Time": 0.119,
    "Triggers": [],
    "Execution Time": 96.594
  }
]