[
  {
    "Plan": {
      "Node Type": "Aggregate",
      "Strategy": "Plain",
      "Partial Mode": "Finalize",
      "Parallel Aware": false,
      "Startup Cost": 57335.93,
      "Total Cost": 57335.94,
      "Plan Rows": 1,
      "Plan Width": 8,
      "Actual Startup Time": 80.456,
      "Actual Total Time": 89.842,
      "Actual Rows": 1,
      "Actual Loops": 1,
      "Plans": [
        {
          "Node Type": "Gather",
          "Parent Relationship": "Outer",
          "Parallel Aware": false,
          "Startup Cost": 57335.51,
          "Total Cost": 57335.92,
          "Plan Rows": 4,
          "Plan Width": 8,
          "Actual Startup Time": 80.375,
          "Actual Total Time": 89.836,
          "Actual Rows": 5,
          "Actual Loops": 1,
          "Workers Planned": 4,
          "Workers Launched": 4,
          "Single Copy": false,
          "Plans": [
            {
              "Node Type": "Aggregate",
              "Strategy": "Plain",
              "Partial Mode": "Partial",
              "Parent Relationship": "Outer",
              "Parallel Aware": false,
              "Startup Cost": 56335.51,
              "Total Cost": 56335.52,
              "Plan Rows": 1,
              "Plan Width": 8,
              "Actual Startup Time": 75.704,
              "Actual Total Time": 75.705,
              "Actual Rows": 1,
              "Actual Loops": 5,
              "Plans": [
                {
                  "Node Type": "Nested Loop",
                  "Parent Relationship": "Outer",
                  "Parallel Aware": false,
                  "Join Type": "Inner",
                  "Startup Cost": 0.43,
                  "Total Cost": 56334.64,
                  "Plan Rows": 347,
                  "Plan Width": 0,
                  "Actual Startup Time": 1.317,
                  "Actual Total Time": 75.633,
                  "Actual Rows": 569,
                  "Actual Loops": 5,
                  "Inner Unique": false,
                  "Plans": [
                    {
                      "Node Type": "Seq Scan",
                      "Parent Relationship": "Outer",
                      "Parallel Aware": true,
                      "Relation Name": "title",
                      "Alias": "t",
                      "Startup Cost": 0.0,
                      "Total Cost": 45479.21,
                      "Plan Rows": 1911,
                      "Plan Width": 4,
                      "Actual Startup Time": 0.405,
                      "Actual Total Time": 64.378,
                      "Actual Rows": 1280,
                      "Actual Loops": 5,
                      "Filter": "((kind_id < 3) AND (production_year = 1993))",
                      "Rows Removed by Filter": 504382
                    },
                    {
                      "Node Type": "Index Scan",
                      "Parent Relationship": "Inner",
                      "Parallel Aware": false,
                      "Scan Direction": "Forward",
                      "Index Name": "movie_id_movie_info_idx",
                      "Relation Name": "movie_info_idx",
                      "Alias": "mi_idx",
                      "Startup Cost": 0.43,
                      "Total Cost": 5.67,
                      "Plan Rows": 1,
                      "Plan Width": 4,
                      "Actual Startup Time": 0.008,
                      "Actual Total Time": 0.008,
                      "Actual Rows": 0,
                      "Actual Loops": 6402,
                      "Index Cond": "(movie_id = t.id)",
                      "Rows Removed by Index Recheck": 0,
                      "Filter": "(info_type_id < 100)",
                      "Rows Removed by Filter": 1
                    }
                  ]
                }
              ]
            }
          ]
        }
      ]
    },
    "Planning Time": 0.225,
    "Triggers": [],
    "Execution Time": 89.872
  }
]