{
  "Plan": {
    "Node Type": "Aggregate",
    "Strategy": "Plain",
    "Partial Mode": "Finalize",
    "Parallel Aware": false,
    "Startup Cost": 127002.44,
    "Total Cost": 127002.45,
    "Plan Rows": 1,
    "Plan Width": 8,
    "Actual Startup Time": 595.963,
    "Actual Total Time": 614.565,
    "Actual Rows": 1,
    "Actual Loops": 1,
    "Plans": [
      {
        "Node Type": "Gather",
        "Parent Relationship": "Outer",
        "Parallel Aware": false,
        "Startup Cost": 127002.33,
        "Total Cost": 127002.44,
        "Plan Rows": 1,
        "Plan Width": 8,
        "Actual Startup Time": 593.391,
        "Actual Total Time": 614.557,
        "Actual Rows": 2,
        "Actual Loops": 1,
        "Workers Planned": 1,
        "Workers Launched": 1,
        "Single Copy": false,
        "Plans": [
          {
            "Node Type": "Aggregate",
            "Strategy": "Plain",
            "Partial Mode": "Partial",
            "Parent Relationship": "Outer",
            "Parallel Aware": false,
            "Startup Cost": 126002.33,
            "Total Cost": 126002.34,
            "Plan Rows": 1,
            "Plan Width": 8,
            "Actual Startup Time": 585.411,
            "Actual Total Time": 585.417,
            "Actual Rows": 1,
            "Actual Loops": 2,
            "Plans": [
              {
                "Node Type": "Hash Join",
                "Parent Relationship": "Outer",
                "Parallel Aware": true,
                "Join Type": "Inner",
                "Startup Cost": 105573.89,
                "Total Cost": 125907.25,
                "Plan Rows": 38031,
                "Plan Width": 0,
                "Actual Startup Time": 487.385,
                "Actual Total Time": 584.21,
                "Actual Rows": 29327,
                "Actual Loops": 2,
                "Inner Unique": false,
                "Hash Cond": "(mi_idx.movie_id = t.id)",
                "Plans": [
                  {
                    "Node Type": "Seq Scan",
                    "Parent Relationship": "Outer",
                    "Parallel Aware": true,
                    "Relation Name": "movie_info_idx",
                    "Alias": "mi_idx",
                    "Startup Cost": 0.0,
                    "Total Cost": 18082.32,
                    "Plan Rows": 540622,
                    "Plan Width": 4,
                    "Actual Startup Time": 0.027,
                    "Actual Total Time": 56.95,
                    "Actual Rows": 459925,
                    "Actual Loops": 2,
                    "Filter": "(info_type_id < 101)",
                    "Rows Removed by Filter": 230092
                  },
                  {
                    "Node Type": "Hash",
                    "Parent Relationship": "Inner",
                    "Parallel Aware": true,
                    "Startup Cost": 104266.1,
                    "Total Cost": 104266.1,
                    "Plan Rows": 104623,
                    "Plan Width": 8,
                    "Actual Startup Time": 483.902,
                    "Actual Total Time": 483.906,
                    "Actual Rows": 44762,
                    "Actual Loops": 2,
                    "Hash Buckets": 262144,
                    "Original Hash Buckets": 262144,
                    "Hash Batches": 1,
                    "Original Hash Batches": 1,
                    "Peak Memory Usage": 5568,
                    "Plans": [
                      {
                        "Node Type": "Hash Join",
                        "Parent Relationship": "Outer",
                        "Parallel Aware": true,
                        "Join Type": "Inner",
                        "Startup Cost": 75451.75,
                        "Total Cost": 104266.1,
                        "Plan Rows": 104623,
                        "Plan Width": 8,
                        "Actual Startup Time": 332.672,
                        "Actual Total Time": 472.469,
                        "Actual Rows": 44762,
                        "Actual Loops": 2,
                        "Inner Unique": true,
                        "Hash Cond": "(mk.movie_id = t.id)",
                        "Plans": [
                          {
                            "Node Type": "Bitmap Heap Scan",
                            "Parent Relationship": "Outer",
                            "Parallel Aware": true,
                            "Relation Name": "movie_keyword",
                            "Alias": "mk",
                            "Startup Cost": 10398.62,
                            "Total Cost": 38456.22,
                            "Plan Rows": 288288,
                            "Plan Width": 4,
                            "Actual Startup Time": 29.692,
                            "Actual Total Time": 99.352,
                            "Actual Rows": 251317,
                            "Actual Loops": 2,
                            "Recheck Cond": "(keyword_id < 365)",
                            "Rows Removed by Index Recheck": 0,
                            "Exact Heap Blocks": 13628,
                            "Lossy Heap Blocks": 0,
                            "Plans": [
                              {
                                "Node Type": "Bitmap Index Scan",
                                "Parent Relationship": "Outer",
                                "Parallel Aware": false,
                                "Index Name": "keyword_id_movie_keyword",
                                "Startup Cost": 0.0,
                                "Total Cost": 10276.1,
                                "Plan Rows": 490089,
                                "Plan Width": 0,
                                "Actual Startup Time": 26.143,
                                "Actual Total Time": 26.143,
                                "Actual Rows": 502634,
                                "Actual Loops": 1,
                                "Index Cond": "(keyword_id < 365)"
                              }
                            ]
                          },
                          {
                            "Node Type": "Hash",
                            "Parent Relationship": "Inner",
                            "Parallel Aware": true,
                            "Startup Cost": 58306.47,
                            "Total Cost": 58306.47,
                            "Plan Rows": 539733,
                            "Plan Width": 4,
                            "Actual Startup Time": 295.322,
                            "Actual Total Time": 295.323,
                            "Actual Rows": 507183,
                            "Actual Loops": 2,
                            "Hash Buckets": 1048576,
                            "Original Hash Buckets": 1048576,
                            "Hash Batches": 1,
                            "Original Hash Batches": 1,
                            "Peak Memory Usage": 47904,
                            "Plans": [
                              {
                                "Node Type": "Seq Scan",
                                "Parent Relationship": "Outer",
                                "Parallel Aware": true,
                                "Relation Name": "title",
                                "Alias": "t",
                                "Startup Cost": 0.0,
                                "Total Cost": 58306.47,
                                "Plan Rows": 539733,
                                "Plan Width": 4,
                                "Actual Startup Time": 0.03,
                                "Actual Total Time": 169.436,
                                "Actual Rows": 507183,
                                "Actual Loops": 2,
                                "Filter": "((kind_id > 3) AND (production_year > 2000))",
                                "Rows Removed by Filter": 756973
                              }
                            ]
                          }
                        ]
                      }
                    ]
                  }
                ]
              }
            ]
          }
        ]
      }
    ]
  },
  "Planning Time": 0.954,
  "Triggers": [],
  "Execution Time": 614.671
}