{
  "Plan": {
    "Node Type": "Aggregate",
    "Strategy": "Plain",
    "Partial Mode": "Finalize",
    "Parallel Aware": false,
    "Startup Cost": 35897.14,
    "Total Cost": 35897.15,
    "Plan Rows": 1,
    "Plan Width": 8,
    "Actual Startup Time": 37.018,
    "Actual Total Time": 41.933,
    "Actual Rows": 1,
    "Actual Loops": 1,
    "Plans": [
      {
        "Node Type": "Gather",
        "Parent Relationship": "Outer",
        "Parallel Aware": false,
        "Startup Cost": 35897.02,
        "Total Cost": 35897.13,
        "Plan Rows": 1,
        "Plan Width": 8,
        "Actual Startup Time": 36.918,
        "Actual Total Time": 41.928,
        "Actual Rows": 2,
        "Actual Loops": 1,
        "Workers Planned": 1,
        "Workers Launched": 1,
        "Single Copy": false,
        "Plans": [
          {
            "Node Type": "Aggregate",
            "Strategy": "Plain",
            "Partial Mode": "Partial",
            "Parent Relationship": "Outer",
            "Parallel Aware": false,
            "Startup Cost": 34897.02,
            "Total Cost": 34897.03,
            "Plan Rows": 1,
            "Plan Width": 8,
            "Actual Startup Time": 32.104,
            "Actual Total Time": 32.105,
            "Actual Rows": 1,
            "Actual Loops": 2,
            "Plans": [
              {
                "Node Type": "Nested Loop",
                "Parent Relationship": "Outer",
                "Parallel Aware": false,
                "Join Type": "Inner",
                "Startup Cost": 113.02,
                "Total Cost": 34896.88,
                "Plan Rows": 59,
                "Plan Width": 0,
                "Actual Startup Time": 2.629,
                "Actual Total Time": 32.067,
                "Actual Rows": 51,
                "Actual Loops": 2,
                "Inner Unique": false,
                "Plans": [
                  {
                    "Node Type": "Nested Loop",
                    "Parent Relationship": "Outer",
                    "Parallel Aware": false,
                    "Join Type": "Inner",
                    "Startup Cost": 112.6,
                    "Total Cost": 34668.07,
                    "Plan Rows": 324,
                    "Plan Width": 8,
                    "Actual Startup Time": 2.496,
                    "Actual Total Time": 30.883,
                    "Actual Rows": 66,
                    "Actual Loops": 2,
                    "Inner Unique": true,
                    "Plans": [
                      {
                        "Node Type": "Bitmap Heap Scan",
                        "Parent Relationship": "Outer",
                        "Parallel Aware": true,
                        "Relation Name": "movie_keyword",
                        "Alias": "mk",
                        "Startup Cost": 112.17,
                        "Total Cost": 12648.41,
                        "Plan Rows": 3016,
                        "Plan Width": 4,
                        "Actual Startup Time": 2.305,
                        "Actual Total Time": 9.668,
                        "Actual Rows": 2338,
                        "Actual Loops": 2,
                        "Recheck Cond": "(keyword_id = 2849)",
                        "Rows Removed by Index Recheck": 0,
                        "Exact Heap Blocks": 2845,
                        "Lossy Heap Blocks": 0,
                        "Plans": [
                          {
                            "Node Type": "Bitmap Index Scan",
                            "Parent Relationship": "Outer",
                            "Parallel Aware": false,
                            "Index Name": "keyword_id_movie_keyword",
                            "Startup Cost": 0.0,
                            "Total Cost": 110.89,
                            "Plan Rows": 5127,
                            "Plan Width": 0,
                            "Actual Startup Time": 2.702,
                            "Actual Total Time": 2.703,
                            "Actual Rows": 4676,
                            "Actual Loops": 1,
                            "Index Cond": "(keyword_id = 2849)"
                          }
                        ]
                      },
                      {
                        "Node Type": "Index Scan",
                        "Parent Relationship": "Inner",
                        "Parallel Aware": false,
                        "Scan Direction": "Forward",
                        "Index Name": "title_pkey",
                        "Relation Name": "title",
                        "Alias": "t",
                        "Startup Cost": 0.43,
                        "Total Cost": 7.3,
                        "Plan Rows": 1,
                        "Plan Width": 4,
                        "Actual Startup Time": 0.009,
                        "Actual Total Time": 0.009,
                        "Actual Rows": 0,
                        "Actual Loops": 4676,
                        "Index Cond": "(id = mk.movie_id)",
                        "Rows Removed by Index Recheck": 0,
                        "Filter": "((kind_id < 3) AND (production_year > 2006))",
                        "Rows Removed by Filter": 1
                      }
                    ]
                  },
                  {
                    "Node Type": "Index Scan",
                    "Parent Relationship": "Inner",
                    "Parallel Aware": false,
                    "Scan Direction": "Forward",
                    "Index Name": "movie_id_movie_info_idx",
                    "Relation Name": "movie_info_idx",
                    "Alias": "mi_idx",
                    "Startup Cost": 0.43,
                    "Total Cost": 0.7,
                    "Plan Rows": 1,
                    "Plan Width": 4,
                    "Actual Startup Time": 0.017,
                    "Actual Total Time": 0.017,
                    "Actual Rows": 1,
                    "Actual Loops": 131,
                    "Index Cond": "(movie_id = t.id)",
                    "Rows Removed by Index Recheck": 0,
                    "Filter": "(info_type_id = 100)",
                    "Rows Removed by Filter": 2
                  }
                ]
              }
            ]
          }
        ]
      }
    ]
  },
  "Planning Time": 0.818,
  "Triggers": [],
  "Execution Time": 42.016
}