[
  {
    "Plan": {
      "Node Type": "Aggregate",
      "Strategy": "Plain",
      "Partial Mode": "Finalize",
      "Parallel Aware": false,
      "Startup Cost": 98405.09,
      "Total Cost": 98405.1,
      "Plan Rows": 1,
      "Plan Width": 8,
      "Actual Startup Time": 501.87,
      "Actual Total Time": 518.708,
      "Actual Rows": 1,
      "Actual Loops": 1,
      "Plans": [
        {
          "Node Type": "Gather",
          "Parent Relationship": "Outer",
          "Parallel Aware": false,
          "Startup Cost": 98404.77,
          "Total Cost": 98405.08,
          "Plan Rows": 3,
          "Plan Width": 8,
          "Actual Startup Time": 495.801,
          "Actual Total Time": 518.698,
          "Actual Rows": 4,
          "Actual Loops": 1,
          "Workers Planned": 3,
          "Workers Launched": 3,
          "Single Copy": false,
          "Plans": [
            {
              "Node Type": "Aggregate",
              "Strategy": "Plain",
              "Partial Mode": "Partial",
              "Parent Relationship": "Outer",
              "Parallel Aware": false,
              "Startup Cost": 97404.77,
              "Total Cost": 97404.78,
              "Plan Rows": 1,
              "Plan Width": 8,
              "Actual Startup Time": 483.516,
              "Actual Total Time": 483.519,
              "Actual Rows": 1,
              "Actual Loops": 4,
              "Plans": [
                {
                  "Node Type": "Hash Join",
                  "Parent Relationship": "Outer",
                  "Parallel Aware": true,
                  "Join Type": "Inner",
                  "Startup Cost": 49777.11,
                  "Total Cost": 95721.6,
                  "Plan Rows": 673269,
                  "Plan Width": 0,
                  "Actual Startup Time": 257.299,
                  "Actual Total Time": 477.588,
                  "Actual Rows": 136645,
                  "Actual Loops": 4,
                  "Inner Unique": true,
                  "Hash Cond": "(mk.movie_id = t.id)",
                  "Plans": [
                    {
                      "Node Type": "Seq Scan",
                      "Parent Relationship": "Outer",
                      "Parallel Aware": true,
                      "Relation Name": "movie_keyword",
                      "Alias": "mk",
                      "Startup Cost": 0.0,
                      "Total Cost": 42695.65,
                      "Plan Rows": 1237650,
                      "Plan Width": 4,
                      "Actual Startup Time": 0.059,
                      "Actual Total Time": 117.607,
                      "Actual Rows": 957407,
                      "Actual Loops": 4,
                      "Filter": "(keyword_id > 574)",
                      "Rows Removed by Filter": 173575
                    },
                    {
                      "Node Type": "Hash",
                      "Parent Relationship": "Inner",
                      "Parallel Aware": true,
                      "Startup Cost": 45479.1,
                      "Total Cost": 45479.1,
                      "Plan Rows": 343841,
                      "Plan Width": 4,
                      "Actual Startup Time": 249.199,
                      "Actual Total Time": 249.2,
                      "Actual Rows": 363958,
                      "Actual Loops": 4,
                      "Hash Buckets": 2097152,
                      "Original Hash Buckets": 2097152,
                      "Hash Batches": 1,
                      "Original Hash Batches": 1,
                      "Peak Memory Usage": 73376,
                      "Plans": [
                        {
                          "Node Type": "Seq Scan",
                          "Parent Relationship": "Outer",
                          "Parallel Aware": true,
                          "Relation Name": "title",
                          "Alias": "t",
                          "Startup Cost": 0.0,
                          "Total Cost": 45479.1,
                          "Plan Rows": 343841,
                          "Plan Width": 4,
                          "Actual Startup Time": 0.042,
                          "Actual Total Time": 111.996,
                          "Actual Rows": 363958,
                          "Actual Loops": 4,
                          "Filter": "((production_year > 1955) AND (kind_id = 7))",
                          "Rows Removed by Filter": 268120
                        }
                      ]
                    }
                  ]
                }
              ]
            }
          ]
        }
      ]
    },
    "Planning Time": 0.621,
    "Triggers": [],
    "Execution Time": 518.775
  }
]