[
  {
    "Plan": {
      "Node Type": "Aggregate",
      "Strategy": "Plain",
      "Partial Mode": "Finalize",
      "Parallel Aware": false,
      "Startup Cost": 42080.12,
      "Total Cost": 42080.13,
      "Plan Rows": 1,
      "Plan Width": 8,
      "Actual Startup Time": 190.565,
      "Actual Total Time": 208.449,
      "Actual Rows": 1,
      "Actual Loops": 1,
      "Plans": [
        {
          "Node Type": "Gather",
          "Parent Relationship": "Outer",
          "Parallel Aware": false,
          "Startup Cost": 42079.8,
          "Total Cost": 42080.11,
          "Plan Rows": 3,
          "Plan Width": 8,
          "Actual Startup Time": 189.833,
          "Actual Total Time": 208.352,
          "Actual Rows": 4,
          "Actual Loops": 1,
          "Workers Planned": 3,
          "Workers Launched": 3,
          "Single Copy": false,
          "Plans": [
            {
              "Node Type": "Aggregate",
              "Strategy": "Plain",
              "Partial Mode": "Partial",
              "Parent Relationship": "Outer",
              "Parallel Aware": false,
              "Startup Cost": 41079.8,
              "Total Cost": 41079.81,
              "Plan Rows": 1,
              "Plan Width": 8,
              "Actual Startup Time": 184.345,
              "Actual Total Time": 184.348,
              "Actual Rows": 1,
              "Actual Loops": 4,
              "Plans": [
                {
                  "Node Type": "Bitmap Heap Scan",
                  "Parent Relationship": "Outer",
                  "Parallel Aware": true,
                  "Relation Name": "movie_keyword",
                  "Alias": "mk",
                  "Startup Cost": 13538.03,
                  "Total Cost": 40565.17,
                  "Plan Rows": 205852,
                  "Plan Width": 0,
                  "Actual Startup Time": 52.598,
                  "Actual Total Time": 169.344,
                  "Actual Rows": 162014,
                  "Actual Loops": 4,
                  "Recheck Cond": "(keyword_id < 500)",
                  "Rows Removed by Index Recheck": 0,
                  "Exact Heap Blocks": 10550,
                  "Lossy Heap Blocks": 0,
                  "Plans": [
                    {
                      "Node Type": "Bitmap Index Scan",
                      "Parent Relationship": "Outer",
                      "Parallel Aware": false,
                      "Index Name": "keyword_id_movie_keyword",
                      "Startup Cost": 0.0,
                      "Total Cost": 13378.49,
                      "Plan Rows": 638141,
                      "Plan Width": 0,
                      "Actual Startup Time": 51.251,
                      "Actual Total Time": 51.252,
                      "Actual Rows": 648054,
                      "Actual Loops": 1,
                      "Index Cond": "(keyword_id < 500)"
                    }
                  ]
                }
              ]
            }
          ]
        }
      ]
    },
    "Planning Time": 0.18,
    "Triggers": [],
    "Execution Time": 208.529
  }
]