[
  {
    "Plan": {
      "Node Type": "Aggregate",
      "Strategy": "Plain",
      "Partial Mode": "Finalize",
      "Parallel Aware": false,
      "Startup Cost": 42058.34,
      "Total Cost": 42058.35,
      "Plan Rows": 1,
      "Plan Width": 8,
      "Actual Startup Time": 145.707,
      "Actual Total Time": 154.514,
      "Actual Rows": 1,
      "Actual Loops": 1,
      "Plans": [
        {
          "Node Type": "Gather",
          "Parent Relationship": "Outer",
          "Parallel Aware": false,
          "Startup Cost": 42058.02,
          "Total Cost": 42058.33,
          "Plan Rows": 3,
          "Plan Width": 8,
          "Actual Startup Time": 145.454,
          "Actual Total Time": 154.506,
          "Actual Rows": 4,
          "Actual Loops": 1,
          "Workers Planned": 3,
          "Workers Launched": 3,
          "Single Copy": false,
          "Plans": [
            {
              "Node Type": "Aggregate",
              "Strategy": "Plain",
              "Partial Mode": "Partial",
              "Parent Relationship": "Outer",
              "Parallel Aware": false,
              "Startup Cost": 41058.02,
              "Total Cost": 41058.03,
              "Plan Rows": 1,
              "Plan Width": 8,
              "Actual Startup Time": 136.318,
              "Actual Total Time": 136.319,
              "Actual Rows": 1,
              "Actual Loops": 4,
              "Plans": [
                {
                  "Node Type": "Bitmap Heap Scan",
                  "Parent Relationship": "Outer",
                  "Parallel Aware": true,
                  "Relation Name": "movie_keyword",
                  "Alias": "mk",
                  "Startup Cost": 13520.0,
                  "Total Cost": 40544.02,
                  "Plan Rows": 205601,
                  "Plan Width": 0,
                  "Actual Startup Time": 51.694,
                  "Actual Total Time": 127.649,
                  "Actual Rows": 162014,
                  "Actual Loops": 4,
                  "Recheck Cond": "(keyword_id < 500)",
                  "Rows Removed by Index Recheck": 0,
                  "Exact Heap Blocks": 10348,
                  "Lossy Heap Blocks": 0,
                  "Plans": [
                    {
                      "Node Type": "Bitmap Index Scan",
                      "Parent Relationship": "Outer",
                      "Parallel Aware": false,
                      "Index Name": "keyword_id_movie_keyword",
                      "Startup Cost": 0.0,
                      "Total Cost": 13360.66,
                      "Plan Rows": 637364,
                      "Plan Width": 0,
                      "Actual Startup Time": 56.241,
                      "Actual Total Time": 56.241,
                      "Actual Rows": 648054,
                      "Actual Loops": 1,
                      "Index Cond": "(keyword_id < 500)"
                    }
                  ]
                }
              ]
            }
          ]
        }
      ]
    },
    "Planning Time": 0.177,
    "Triggers": [],
    "Execution Time": 154.588
  }
]