[
  {
    "Plan": {
      "Node Type": "Aggregate",
      "Strategy": "Plain",
      "Partial Mode": "Finalize",
      "Parallel Aware": false,
      "Startup Cost": 347536.11,
      "Total Cost": 347536.12,
      "Plan Rows": 1,
      "Plan Width": 8,
      "Actual Startup Time": 623.822,
      "Actual Total Time": 668.946,
      "Actual Rows": 1,
      "Actual Loops": 1,
      "Plans": [
        {
          "Node Type": "Gather",
          "Parent Relationship": "Outer",
          "Parallel Aware": false,
          "Startup Cost": 347535.49,
          "Total Cost": 347536.1,
          "Plan Rows": 6,
          "Plan Width": 8,
          "Actual Startup Time": 623.632,
          "Actual Total Time": 668.932,
          "Actual Rows": 7,
          "Actual Loops": 1,
          "Workers Planned": 6,
          "Workers Launched": 6,
          "Single Copy": false,
          "Plans": [
            {
              "Node Type": "Aggregate",
              "Strategy": "Plain",
              "Partial Mode": "Partial",
              "Parent Relationship": "Outer",
              "Parallel Aware": false,
              "Startup Cost": 346535.49,
              "Total Cost": 346535.5,
              "Plan Rows": 1,
              "Plan Width": 8,
              "Actual Startup Time": 614.735,
              "Actual Total Time": 614.737,
              "Actual Rows": 1,
              "Actual Loops": 7,
              "Plans": [
                {
                  "Node Type": "Seq Scan",
                  "Parent Relationship": "Outer",
                  "Parallel Aware": true,
                  "Relation Name": "cast_info",
                  "Alias": "ci",
                  "Startup Cost": 0.0,
                  "Total Cost": 343316.27,
                  "Plan Rows": 1287687,
                  "Plan Width": 0,
                  "Actual Startup Time": 223.345,
                  "Actual Total Time": 591.374,
                  "Actual Rows": 476815,
                  "Actual Loops": 7,
                  "Filter": "((person_id < 1182093) AND (role_id > 1))",
                  "Rows Removed by Filter": 4700948
                }
              ]
            }
          ]
        }
      ]
    },
    "Planning Time": 0.222,
    "Triggers": [],
    "Execution Time": 669.019
  }
]