[
  {
    "Plan": {
      "Node Type": "Aggregate",
      "Strategy": "Plain",
      "Partial Mode": "Finalize",
      "Parallel Aware": false,
      "Startup Cost": 377054.72,
      "Total Cost": 377054.73,
      "Plan Rows": 1,
      "Plan Width": 8,
      "Actual Startup Time": 1502.608,
      "Actual Total Time": 1534.721,
      "Actual Rows": 1,
      "Actual Loops": 1,
      "Plans": [
        {
          "Node Type": "Gather",
          "Parent Relationship": "Outer",
          "Parallel Aware": false,
          "Startup Cost": 377054.09,
          "Total Cost": 377054.7,
          "Plan Rows": 6,
          "Plan Width": 8,
          "Actual Startup Time": 1501.373,
          "Actual Total Time": 1534.711,
          "Actual Rows": 7,
          "Actual Loops": 1,
          "Workers Planned": 6,
          "Workers Launched": 6,
          "Single Copy": false,
          "Plans": [
            {
              "Node Type": "Aggregate",
              "Strategy": "Plain",
              "Partial Mode": "Partial",
              "Parent Relationship": "Outer",
              "Parallel Aware": false,
              "Startup Cost": 376054.09,
              "Total Cost": 376054.1,
              "Plan Rows": 1,
              "Plan Width": 8,
              "Actual Startup Time": 1495.697,
              "Actual Total Time": 1495.7,
              "Actual Rows": 1,
              "Actual Loops": 7,
              "Plans": [
                {
                  "Node Type": "Hash Join",
                  "Parent Relationship": "Outer",
                  "Parallel Aware": true,
                  "Join Type": "Inner",
                  "Startup Cost": 46030.75,
                  "Total Cost": 374999.65,
                  "Plan Rows": 421777,
                  "Plan Width": 0,
                  "Actual Startup Time": 81.137,
                  "Actual Total Time": 1471.242,
                  "Actual Rows": 388229,
                  "Actual Loops": 7,
                  "Inner Unique": true,
                  "Hash Cond": "(ci.movie_id = t.id)",
                  "Plans": [
                    {
                      "Node Type": "Seq Scan",
                      "Parent Relationship": "Outer",
                      "Parallel Aware": true,
                      "Relation Name": "cast_info",
                      "Alias": "ci",
                      "Startup Cost": 0.0,
                      "Total Cost": 313108.29,
                      "Plan Rows": 6042129,
                      "Plan Width": 4,
                      "Actual Startup Time": 0.021,
                      "Actual Total Time": 565.938,
                      "Actual Rows": 5177763,
                      "Actual Loops": 7
                    },
                    {
                      "Node Type": "Hash",
                      "Parent Relationship": "Inner",
                      "Parallel Aware": true,
                      "Startup Cost": 45479.21,
                      "Total Cost": 45479.21,
                      "Plan Rows": 44123,
                      "Plan Width": 4,
                      "Actual Startup Time": 80.061,
                      "Actual Total Time": 80.062,
                      "Actual Rows": 22898,
                      "Actual Loops": 7,
                      "Hash Buckets": 262144,
                      "Original Hash Buckets": 262144,
                      "Hash Batches": 1,
                      "Original Hash Batches": 1,
                      "Peak Memory Usage": 8480,
                      "Plans": [
                        {
                          "Node Type": "Seq Scan",
                          "Parent Relationship": "Outer",
                          "Parallel Aware": true,
                          "Relation Name": "title",
                          "Alias": "t",
                          "Startup Cost": 0.0,
                          "Total Cost": 45479.21,
                          "Plan Rows": 44123,
                          "Plan Width": 4,
                          "Actual Startup Time": 35.072,
                          "Actual Total Time": 70.659,
                          "Actual Rows": 22898,
                          "Actual Loops": 7,
                          "Filter": "((production_year > 2008) AND (kind_id = 1))",
                          "Rows Removed by Filter": 338289
                        }
                      ]
                    }
                  ]
                }
              ]
            }
          ]
        }
      ]
    },
    "Planning Time": 0.249,
    "Triggers": [],
    "Execution Time": 1534.761
  }
]