{
    "Plan": {
        "Node Type": "Aggregate",
        "Strategy": "Plain",
        "Partial Mode": "Finalize",
        "Parallel Aware": false,
        "Startup Cost": 110121.25,
        "Total Cost": 110121.26,
        "Plan Rows": 1,
        "Plan Width": 8,
        "Actual Startup Time": 451.642,
        "Actual Total Time": 475.088,
        "Actual Rows": 1,
        "Actual Loops": 1,
        "Output": [
            "count(*)"
        ],
        "Plans": [
            {
                "Node Type": "Gather",
                "Parent Relationship": "Outer",
                "Parallel Aware": false,
                "Startup Cost": 110120.93,
                "Total Cost": 110121.24,
                "Plan Rows": 3,
                "Plan Width": 8,
                "Actual Startup Time": 449.77,
                "Actual Total Time": 475.077,
                "Actual Rows": 4,
                "Actual Loops": 1,
                "Output": [
                    "(PARTIAL count(*))"
                ],
                "Workers Planned": 3,
                "Workers Launched": 3,
                "Single Copy": false,
                "Plans": [
                    {
                        "Node Type": "Aggregate",
                        "Strategy": "Plain",
                        "Partial Mode": "Partial",
                        "Parent Relationship": "Outer",
                        "Parallel Aware": false,
                        "Startup Cost": 109120.93,
                        "Total Cost": 109120.94,
                        "Plan Rows": 1,
                        "Plan Width": 8,
                        "Actual Startup Time": 440.867,
                        "Actual Total Time": 441.078,
                        "Actual Rows": 1,
                        "Actual Loops": 4,
                        "Output": [
                            "PARTIAL count(*)"
                        ],
                        "Workers": [
                            {
                                "Worker Number": 0,
                                "Actual Startup Time": 438.342,
                                "Actual Total Time": 438.346,
                                "Actual Rows": 1,
                                "Actual Loops": 1
                            },
                            {
                                "Worker Number": 1,
                                "Actual Startup Time": 438.056,
                                "Actual Total Time": 438.061,
                                "Actual Rows": 1,
                                "Actual Loops": 1
                            },
                            {
                                "Worker Number": 2,
                                "Actual Startup Time": 438.128,
                                "Actual Total Time": 438.133,
                                "Actual Rows": 1,
                                "Actual Loops": 1
                            }
                        ],
                        "Plans": [
                            {
                                "Node Type": "Hash Join",
                                "Parent Relationship": "Outer",
                                "Parallel Aware": true,
                                "Join Type": "Inner",
                                "Startup Cost": 64007.05,
                                "Total Cost": 108966.26,
                                "Plan Rows": 61866,
                                "Plan Width": 0,
                                "Actual Startup Time": 290.146,
                                "Actual Total Time": 439.481,
                                "Actual Rows": 39741,
                                "Actual Loops": 4,
                                "Inner Unique": false,
                                "Hash Cond": "(mk.movie_id = t.id)",
                                "Workers": [
                                    {
                                        "Worker Number": 0,
                                        "Actual Startup Time": 287.342,
                                        "Actual Total Time": 436.856,
                                        "Actual Rows": 36476,
                                        "Actual Loops": 1
                                    },
                                    {
                                        "Worker Number": 1,
                                        "Actual Startup Time": 287.41,
                                        "Actual Total Time": 436.499,
                                        "Actual Rows": 38411,
                                        "Actual Loops": 1
                                    },
                                    {
                                        "Worker Number": 2,
                                        "Actual Startup Time": 287.519,
                                        "Actual Total Time": 436.529,
                                        "Actual Rows": 39190,
                                        "Actual Loops": 1
                                    }
                                ],
                                "Plans": [
                                    {
                                        "Node Type": "Seq Scan",
                                        "Parent Relationship": "Outer",
                                        "Parallel Aware": true,
                                        "Relation Name": "movie_keyword",
                                        "Schema": "public",
                                        "Alias": "mk",
                                        "Startup Cost": 0.0,
                                        "Total Cost": 42695.65,
                                        "Plan Rows": 562373,
                                        "Plan Width": 4,
                                        "Actual Startup Time": 0.409,
                                        "Actual Total Time": 107.475,
                                        "Actual Rows": 430326,
                                        "Actual Loops": 4,
                                        "Output": [
                                            "mk.id",
                                            "mk.movie_id",
                                            "mk.keyword_id"
                                        ],
                                        "Filter": "(mk.keyword_id > 8234)",
                                        "Rows Removed by Filter": 700657,
                                        "Workers": [
                                            {
                                                "Worker Number": 0,
                                                "Actual Startup Time": 0.354,
                                                "Actual Total Time": 109.208,
                                                "Actual Rows": 409642,
                                                "Actual Loops": 1
                                            },
                                            {
                                                "Worker Number": 1,
                                                "Actual Startup Time": 0.427,
                                                "Actual Total Time": 109.255,
                                                "Actual Rows": 406897,
                                                "Actual Loops": 1
                                            },
                                            {
                                                "Worker Number": 2,
                                                "Actual Startup Time": 0.436,
                                                "Actual Total Time": 109.132,
                                                "Actual Rows": 408559,
                                                "Actual Loops": 1
                                            }
                                        ]
                                    },
                                    {
                                        "Node Type": "Hash",
                                        "Parent Relationship": "Inner",
                                        "Parallel Aware": true,
                                        "Startup Cost": 63137.88,
                                        "Total Cost": 63137.88,
                                        "Plan Rows": 69534,
                                        "Plan Width": 8,
                                        "Actual Startup Time": 286.248,
                                        "Actual Total Time": 286.457,
                                        "Actual Rows": 35476,
                                        "Actual Loops": 4,
                                        "Output": [
                                            "t.id",
                                            "mi_idx.movie_id"
                                        ],
                                        "Hash Buckets": 524288,
                                        "Original Hash Buckets": 524288,
                                        "Hash Batches": 1,
                                        "Original Hash Batches": 1,
                                        "Peak Memory Usage": 9696,
                                        "Workers": [
                                            {
                                                "Worker Number": 0,
                                                "Actual Startup Time": 286.152,
                                                "Actual Total Time": 286.154,
                                                "Actual Rows": 36101,
                                                "Actual Loops": 1
                                            },
                                            {
                                                "Worker Number": 1,
                                                "Actual Startup Time": 286.334,
                                                "Actual Total Time": 286.337,
                                                "Actual Rows": 34919,
                                                "Actual Loops": 1
                                            },
                                            {
                                                "Worker Number": 2,
                                                "Actual Startup Time": 286.417,
                                                "Actual Total Time": 286.42,
                                                "Actual Rows": 35806,
                                                "Actual Loops": 1
                                            }
                                        ],
                                        "Plans": [
                                            {
                                                "Node Type": "Hash Join",
                                                "Parent Relationship": "Outer",
                                                "Parallel Aware": true,
                                                "Join Type": "Inner",
                                                "Startup Cost": 17512.11,
                                                "Total Cost": 63137.88,
                                                "Plan Rows": 69534,
                                                "Plan Width": 8,
                                                "Actual Startup Time": 93.649,
                                                "Actual Total Time": 273.265,
                                                "Actual Rows": 35476,
                                                "Actual Loops": 4,
                                                "Output": [
                                                    "t.id",
                                                    "mi_idx.movie_id"
                                                ],
                                                "Inner Unique": false,
                                                "Hash Cond": "(t.id = mi_idx.movie_id)",
                                                "Workers": [
                                                    {
                                                        "Worker Number": 0,
                                                        "Actual Startup Time": 93.632,
                                                        "Actual Total Time": 273.6,
                                                        "Actual Rows": 36101,
                                                        "Actual Loops": 1
                                                    },
                                                    {
                                                        "Worker Number": 1,
                                                        "Actual Startup Time": 93.603,
                                                        "Actual Total Time": 271.931,
                                                        "Actual Rows": 34919,
                                                        "Actual Loops": 1
                                                    },
                                                    {
                                                        "Worker Number": 2,
                                                        "Actual Startup Time": 93.588,
                                                        "Actual Total Time": 273.154,
                                                        "Actual Rows": 35806,
                                                        "Actual Loops": 1
                                                    }
                                                ],
                                                "Plans": [
                                                    {
                                                        "Node Type": "Seq Scan",
                                                        "Parent Relationship": "Outer",
                                                        "Parallel Aware": true,
                                                        "Relation Name": "title",
                                                        "Schema": "public",
                                                        "Alias": "t",
                                                        "Startup Cost": 0.0,
                                                        "Total Cost": 43899.01,
                                                        "Plan Rows": 383209,
                                                        "Plan Width": 4,
                                                        "Actual Startup Time": 0.023,
                                                        "Actual Total Time": 86.704,
                                                        "Actual Rows": 385816,
                                                        "Actual Loops": 4,
                                                        "Output": [
                                                            "t.id",
                                                            "t.title",
                                                            "t.imdb_index",
                                                            "t.kind_id",
                                                            "t.production_year",
                                                            "t.imdb_id",
                                                            "t.phonetic_code",
                                                            "t.episode_of_id",
                                                            "t.season_nr",
                                                            "t.episode_nr",
                                                            "t.series_years",
                                                            "t.md5sum"
                                                        ],
                                                        "Filter": "(t.kind_id = 7)",
                                                        "Rows Removed by Filter": 246262,
                                                        "Workers": [
                                                            {
                                                                "Worker Number": 0,
                                                                "Actual Startup Time": 0.026,
                                                                "Actual Total Time": 90.599,
                                                                "Actual Rows": 390334,
                                                                "Actual Loops": 1
                                                            },
                                                            {
                                                                "Worker Number": 1,
                                                                "Actual Startup Time": 0.03,
                                                                "Actual Total Time": 89.683,
                                                                "Actual Rows": 383291,
                                                                "Actual Loops": 1
                                                            },
                                                            {
                                                                "Worker Number": 2,
                                                                "Actual Startup Time": 0.027,
                                                                "Actual Total Time": 90.326,
                                                                "Actual Rows": 387929,
                                                                "Actual Loops": 1
                                                            }
                                                        ]
                                                    },
                                                    {
                                                        "Node Type": "Hash",
                                                        "Parent Relationship": "Inner",
                                                        "Parallel Aware": true,
                                                        "Startup Cost": 15122.68,
                                                        "Total Cost": 15122.68,
                                                        "Plan Rows": 191154,
                                                        "Plan Width": 4,
                                                        "Actual Startup Time": 91.753,
                                                        "Actual Total Time": 91.754,
                                                        "Actual Rows": 114981,
                                                        "Actual Loops": 4,
                                                        "Output": [
                                                            "mi_idx.movie_id"
                                                        ],
                                                        "Hash Buckets": 524288,
                                                        "Original Hash Buckets": 524288,
                                                        "Hash Batches": 1,
                                                        "Original Hash Batches": 1,
                                                        "Peak Memory Usage": 22144,
                                                        "Workers": [
                                                            {
                                                                "Worker Number": 0,
                                                                "Actual Startup Time": 93.52,
                                                                "Actual Total Time": 93.521,
                                                                "Actual Rows": 106620,
                                                                "Actual Loops": 1
                                                            },
                                                            {
                                                                "Worker Number": 1,
                                                                "Actual Startup Time": 93.51,
                                                                "Actual Total Time": 93.511,
                                                                "Actual Rows": 105232,
                                                                "Actual Loops": 1
                                                            },
                                                            {
                                                                "Worker Number": 2,
                                                                "Actual Startup Time": 93.491,
                                                                "Actual Total Time": 93.492,
                                                                "Actual Rows": 108295,
                                                                "Actual Loops": 1
                                                            }
                                                        ],
                                                        "Plans": [
                                                            {
                                                                "Node Type": "Seq Scan",
                                                                "Parent Relationship": "Outer",
                                                                "Parallel Aware": true,
                                                                "Relation Name": "movie_info_idx",
                                                                "Schema": "public",
                                                                "Alias": "mi_idx",
                                                                "Startup Cost": 0.0,
                                                                "Total Cost": 15122.68,
                                                                "Plan Rows": 191154,
                                                                "Plan Width": 4,
                                                                "Actual Startup Time": 0.042,
                                                                "Actual Total Time": 43.784,
                                                                "Actual Rows": 114981,
                                                                "Actual Loops": 4,
                                                                "Output": [
                                                                    "mi_idx.movie_id"
                                                                ],
                                                                "Filter": "(mi_idx.info_type_id < 100)",
                                                                "Rows Removed by Filter": 230028,
                                                                "Workers": [
                                                                    {
                                                                        "Worker Number": 0,
                                                                        "Actual Startup Time": 0.05,
                                                                        "Actual Total Time": 45.17,
                                                                        "Actual Rows": 106620,
                                                                        "Actual Loops": 1
                                                                    },
                                                                    {
                                                                        "Worker Number": 1,
                                                                        "Actual Startup Time": 0.049,
                                                                        "Actual Total Time": 45.101,
                                                                        "Actual Rows": 105232,
                                                                        "Actual Loops": 1
                                                                    },
                                                                    {
                                                                        "Worker Number": 2,
                                                                        "Actual Startup Time": 0.046,
                                                                        "Actual Total Time": 44.996,
                                                                        "Actual Rows": 108295,
                                                                        "Actual Loops": 1
                                                                    }
                                                                ]
                                                            }
                                                        ]
                                                    }
                                                ]
                                            }
                                        ]
                                    }
                                ]
                            }
                        ]
                    }
                ]
            }
        ]
    },
    "Planning Time": 1.557,
    "Triggers": [],
    "Execution Time": 475.185
}