{
  "Plan": {
    "Node Type": "Aggregate",
    "Strategy": "Plain",
    "Partial Mode": "Finalize",
    "Parallel Aware": false,
    "Startup Cost": 132276.79,
    "Total Cost": 132276.8,
    "Plan Rows": 1,
    "Plan Width": 8,
    "Actual Startup Time": 755.407,
    "Actual Total Time": 772.77,
    "Actual Rows": 1,
    "Actual Loops": 1,
    "Plans": [
      {
        "Node Type": "Gather",
        "Parent Relationship": "Outer",
        "Parallel Aware": false,
        "Startup Cost": 132276.68,
        "Total Cost": 132276.79,
        "Plan Rows": 1,
        "Plan Width": 8,
        "Actual Startup Time": 752.37,
        "Actual Total Time": 772.763,
        "Actual Rows": 2,
        "Actual Loops": 1,
        "Workers Planned": 1,
        "Workers Launched": 1,
        "Single Copy": false,
        "Plans": [
          {
            "Node Type": "Aggregate",
            "Strategy": "Plain",
            "Partial Mode": "Partial",
            "Parent Relationship": "Outer",
            "Parallel Aware": false,
            "Startup Cost": 131276.68,
            "Total Cost": 131276.69,
            "Plan Rows": 1,
            "Plan Width": 8,
            "Actual Startup Time": 744.644,
            "Actual Total Time": 744.648,
            "Actual Rows": 1,
            "Actual Loops": 2,
            "Plans": [
              {
                "Node Type": "Hash Join",
                "Parent Relationship": "Outer",
                "Parallel Aware": true,
                "Join Type": "Inner",
                "Startup Cost": 69293.84,
                "Total Cost": 127344.69,
                "Plan Rows": 1572796,
                "Plan Width": 0,
                "Actual Startup Time": 357.806,
                "Actual Total Time": 732.246,
                "Actual Rows": 317742,
                "Actual Loops": 2,
                "Inner Unique": true,
                "Hash Cond": "(mk.movie_id = t.id)",
                "Plans": [
                  {
                    "Node Type": "Seq Scan",
                    "Parent Relationship": "Outer",
                    "Parallel Aware": true,
                    "Relation Name": "movie_keyword",
                    "Alias": "mk",
                    "Startup Cost": 0.0,
                    "Total Cost": 51065.35,
                    "Plan Rows": 2661135,
                    "Plan Width": 4,
                    "Actual Startup Time": 0.012,
                    "Actual Total Time": 148.536,
                    "Actual Rows": 2261965,
                    "Actual Loops": 2
                  },
                  {
                    "Node Type": "Hash",
                    "Parent Relationship": "Inner",
                    "Parallel Aware": true,
                    "Startup Cost": 58306.47,
                    "Total Cost": 58306.47,
                    "Plan Rows": 878990,
                    "Plan Width": 4,
                    "Actual Startup Time": 343.15,
                    "Actual Total Time": 343.151,
                    "Actual Rows": 739220,
                    "Actual Loops": 2,
                    "Hash Buckets": 2097152,
                    "Original Hash Buckets": 2097152,
                    "Hash Batches": 1,
                    "Original Hash Batches": 1,
                    "Peak Memory Usage": 74240,
                    "Plans": [
                      {
                        "Node Type": "Seq Scan",
                        "Parent Relationship": "Outer",
                        "Parallel Aware": true,
                        "Relation Name": "title",
                        "Alias": "t",
                        "Startup Cost": 0.0,
                        "Total Cost": 58306.47,
                        "Plan Rows": 878990,
                        "Plan Width": 4,
                        "Actual Startup Time": 0.029,
                        "Actual Total Time": 164.067,
                        "Actual Rows": 739220,
                        "Actual Loops": 2,
                        "Filter": "((production_year > 0) AND (kind_id = 7))",
                        "Rows Removed by Filter": 524936
                      }
                    ]
                  }
                ]
              }
            ]
          }
        ]
      }
    ]
  },
  "Planning Time": 0.44,
  "Triggers": [],
  "Execution Time": 772.84
}