[
  {
    "Plan": {
      "Node Type": "Aggregate",
      "Strategy": "Plain",
      "Partial Mode": "Finalize",
      "Parallel Aware": false,
      "Startup Cost": 244700.82,
      "Total Cost": 244700.83,
      "Plan Rows": 1,
      "Plan Width": 8,
      "Actual Startup Time": 659.126,
      "Actual Total Time": 682.567,
      "Actual Rows": 1,
      "Actual Loops": 1,
      "Plans": [
        {
          "Node Type": "Gather",
          "Parent Relationship": "Outer",
          "Parallel Aware": false,
          "Startup Cost": 244700.3,
          "Total Cost": 244700.81,
          "Plan Rows": 5,
          "Plan Width": 8,
          "Actual Startup Time": 658.034,
          "Actual Total Time": 682.561,
          "Actual Rows": 6,
          "Actual Loops": 1,
          "Workers Planned": 5,
          "Workers Launched": 5,
          "Single Copy": false,
          "Plans": [
            {
              "Node Type": "Aggregate",
              "Strategy": "Plain",
              "Partial Mode": "Partial",
              "Parent Relationship": "Outer",
              "Parallel Aware": false,
              "Startup Cost": 243700.3,
              "Total Cost": 243700.31,
              "Plan Rows": 1,
              "Plan Width": 8,
              "Actual Startup Time": 652.854,
              "Actual Total Time": 652.857,
              "Actual Rows": 1,
              "Actual Loops": 6,
              "Plans": [
                {
                  "Node Type": "Hash Join",
                  "Parent Relationship": "Outer",
                  "Parallel Aware": true,
                  "Join Type": "Inner",
                  "Startup Cost": 44184.29,
                  "Total Cost": 243433.92,
                  "Plan Rows": 106553,
                  "Plan Width": 0,
                  "Actual Startup Time": 74.629,
                  "Actual Total Time": 644.196,
                  "Actual Rows": 161672,
                  "Actual Loops": 6,
                  "Inner Unique": true,
                  "Hash Cond": "(mi.movie_id = t.id)",
                  "Plans": [
                    {
                      "Node Type": "Seq Scan",
                      "Parent Relationship": "Outer",
                      "Parallel Aware": true,
                      "Relation Name": "movie_info",
                      "Alias": "mi",
                      "Startup Cost": 0.0,
                      "Total Cost": 191503.19,
                      "Plan Rows": 2951019,
                      "Plan Width": 4,
                      "Actual Startup Time": 0.023,
                      "Actual Total Time": 282.052,
                      "Actual Rows": 2472620,
                      "Actual Loops": 6
                    },
                    {
                      "Node Type": "Hash",
                      "Parent Relationship": "Inner",
                      "Parallel Aware": true,
                      "Startup Cost": 43899.01,
                      "Total Cost": 43899.01,
                      "Plan Rows": 22823,
                      "Plan Width": 4,
                      "Actual Startup Time": 65.094,
                      "Actual Total Time": 65.094,
                      "Actual Rows": 14879,
                      "Actual Loops": 6,
                      "Hash Buckets": 131072,
                      "Original Hash Buckets": 131072,
                      "Hash Batches": 1,
                      "Original Hash Batches": 1,
                      "Peak Memory Usage": 4608,
                      "Plans": [
                        {
                          "Node Type": "Seq Scan",
                          "Parent Relationship": "Outer",
                          "Parallel Aware": true,
                          "Relation Name": "title",
                          "Alias": "t",
                          "Startup Cost": 0.0,
                          "Total Cost": 43899.01,
                          "Plan Rows": 22823,
                          "Plan Width": 4,
                          "Actual Startup Time": 34.845,
                          "Actual Total Time": 60.474,
                          "Actual Rows": 14879,
                          "Actual Loops": 6,
                          "Filter": "(production_year < 1921)",
                          "Rows Removed by Filter": 406507
                        }
                      ]
                    }
                  ]
                }
              ]
            }
          ]
        }
      ]
    },
    "Planning Time": 0.205,
    "Triggers": [],
    "Execution Time": 682.599
  }
]