[
  {
    "Plan": {
      "Node Type": "Aggregate",
      "Strategy": "Plain",
      "Partial Mode": "Finalize",
      "Parallel Aware": false,
      "Startup Cost": 244741.33,
      "Total Cost": 244741.34,
      "Plan Rows": 1,
      "Plan Width": 8,
      "Actual Startup Time": 698.432,
      "Actual Total Time": 744.619,
      "Actual Rows": 1,
      "Actual Loops": 1,
      "Plans": [
        {
          "Node Type": "Gather",
          "Parent Relationship": "Outer",
          "Parallel Aware": false,
          "Startup Cost": 244740.81,
          "Total Cost": 244741.32,
          "Plan Rows": 5,
          "Plan Width": 8,
          "Actual Startup Time": 697.755,
          "Actual Total Time": 744.605,
          "Actual Rows": 6,
          "Actual Loops": 1,
          "Workers Planned": 5,
          "Workers Launched": 5,
          "Single Copy": false,
          "Plans": [
            {
              "Node Type": "Aggregate",
              "Strategy": "Plain",
              "Partial Mode": "Partial",
              "Parent Relationship": "Outer",
              "Parallel Aware": false,
              "Startup Cost": 243740.81,
              "Total Cost": 243740.82,
              "Plan Rows": 1,
              "Plan Width": 8,
              "Actual Startup Time": 687.755,
              "Actual Total Time": 687.76,
              "Actual Rows": 1,
              "Actual Loops": 6,
              "Plans": [
                {
                  "Node Type": "Hash Join",
                  "Parent Relationship": "Outer",
                  "Parallel Aware": true,
                  "Join Type": "Inner",
                  "Startup Cost": 44167.64,
                  "Total Cost": 243489.41,
                  "Plan Rows": 100562,
                  "Plan Width": 0,
                  "Actual Startup Time": 92.944,
                  "Actual Total Time": 680.296,
                  "Actual Rows": 161672,
                  "Actual Loops": 6,
                  "Inner Unique": true,
                  "Hash Cond": "(mi.movie_id = t.id)",
                  "Plans": [
                    {
                      "Node Type": "Seq Scan",
                      "Parent Relationship": "Outer",
                      "Parallel Aware": true,
                      "Relation Name": "movie_info",
                      "Alias": "mi",
                      "Startup Cost": 0.0,
                      "Total Cost": 191560.33,
                      "Plan Rows": 2956733,
                      "Plan Width": 4,
                      "Actual Startup Time": 0.03,
                      "Actual Total Time": 303.025,
                      "Actual Rows": 2472620,
                      "Actual Loops": 6
                    },
                    {
                      "Node Type": "Hash",
                      "Parent Relationship": "Inner",
                      "Parallel Aware": true,
                      "Startup Cost": 43898.92,
                      "Total Cost": 43898.92,
                      "Plan Rows": 21498,
                      "Plan Width": 4,
                      "Actual Startup Time": 81.424,
                      "Actual Total Time": 81.425,
                      "Actual Rows": 14879,
                      "Actual Loops": 6,
                      "Hash Buckets": 131072,
                      "Original Hash Buckets": 131072,
                      "Hash Batches": 1,
                      "Original Hash Batches": 1,
                      "Peak Memory Usage": 4640,
                      "Plans": [
                        {
                          "Node Type": "Seq Scan",
                          "Parent Relationship": "Outer",
                          "Parallel Aware": true,
                          "Relation Name": "title",
                          "Alias": "t",
                          "Startup Cost": 0.0,
                          "Total Cost": 43898.92,
                          "Plan Rows": 21498,
                          "Plan Width": 4,
                          "Actual Startup Time": 45.978,
                          "Actual Total Time": 75.884,
                          "Actual Rows": 14879,
                          "Actual Loops": 6,
                          "Filter": "(production_year < 1921)",
                          "Rows Removed by Filter": 406507
                        }
                      ]
                    }
                  ]
                }
              ]
            }
          ]
        }
      ]
    },
    "Planning Time": 0.621,
    "Triggers": [],
    "Execution Time": 744.698
  }
]