{
  "Plan": {
    "Node Type": "Aggregate",
    "Strategy": "Plain",
    "Partial Mode": "Finalize",
    "Parallel Aware": false,
    "Startup Cost": 640741.63,
    "Total Cost": 640741.64,
    "Plan Rows": 1,
    "Plan Width": 8,
    "Actual Startup Time": 4613.883,
    "Actual Total Time": 4672.437,
    "Actual Rows": 1,
    "Actual Loops": 1,
    "Plans": [
      {
        "Node Type": "Gather",
        "Parent Relationship": "Outer",
        "Parallel Aware": false,
        "Startup Cost": 640741.51,
        "Total Cost": 640741.62,
        "Plan Rows": 1,
        "Plan Width": 8,
        "Actual Startup Time": 4613.131,
        "Actual Total Time": 4672.429,
        "Actual Rows": 2,
        "Actual Loops": 1,
        "Workers Planned": 1,
        "Workers Launched": 1,
        "Single Copy": false,
        "Plans": [
          {
            "Node Type": "Aggregate",
            "Strategy": "Plain",
            "Partial Mode": "Partial",
            "Parent Relationship": "Outer",
            "Parallel Aware": false,
            "Startup Cost": 639741.51,
            "Total Cost": 639741.52,
            "Plan Rows": 1,
            "Plan Width": 8,
            "Actual Startup Time": 4606.456,
            "Actual Total Time": 4606.463,
            "Actual Rows": 1,
            "Actual Loops": 2,
            "Plans": [
              {
                "Node Type": "Hash Join",
                "Parent Relationship": "Outer",
                "Parallel Aware": true,
                "Join Type": "Inner",
                "Startup Cost": 86955.22,
                "Total Cost": 637630.36,
                "Plan Rows": 844461,
                "Plan Width": 0,
                "Actual Startup Time": 433.965,
                "Actual Total Time": 4496.619,
                "Actual Rows": 2430260,
                "Actual Loops": 2,
                "Inner Unique": false,
                "Hash Cond": "(ci.movie_id = t.id)",
                "Plans": [
                  {
                    "Node Type": "Seq Scan",
                    "Parent Relationship": "Outer",
                    "Parallel Aware": true,
                    "Relation Name": "cast_info",
                    "Alias": "ci",
                    "Startup Cost": 0.0,
                    "Total Cost": 465792.95,
                    "Plan Rows": 21310595,
                    "Plan Width": 4,
                    "Actual Startup Time": 0.018,
                    "Actual Total Time": 1474.966,
                    "Actual Rows": 18122172,
                    "Actual Loops": 2
                  },
                  {
                    "Node Type": "Hash",
                    "Parent Relationship": "Inner",
                    "Parallel Aware": true,
                    "Startup Cost": 86218.54,
                    "Total Cost": 86218.54,
                    "Plan Rows": 58934,
                    "Plan Width": 8,
                    "Actual Startup Time": 431.332,
                    "Actual Total Time": 431.337,
                    "Actual Rows": 80638,
                    "Actual Loops": 2,
                    "Hash Buckets": 262144,
                    "Original Hash Buckets": 131072,
                    "Hash Batches": 1,
                    "Original Hash Batches": 1,
                    "Peak Memory Usage": 9408,
                    "Plans": [
                      {
                        "Node Type": "Hash Join",
                        "Parent Relationship": "Outer",
                        "Parallel Aware": true,
                        "Join Type": "Inner",
                        "Startup Cost": 25706.37,
                        "Total Cost": 86218.54,
                        "Plan Rows": 58934,
                        "Plan Width": 8,
                        "Actual Startup Time": 93.895,
                        "Actual Total Time": 401.488,
                        "Actual Rows": 80638,
                        "Actual Loops": 2,
                        "Inner Unique": false,
                        "Hash Cond": "(t.id = mc.movie_id)",
                        "Plans": [
                          {
                            "Node Type": "Seq Scan",
                            "Parent Relationship": "Outer",
                            "Parallel Aware": true,
                            "Relation Name": "title",
                            "Alias": "t",
                            "Startup Cost": 0.0,
                            "Total Cost": 50870.31,
                            "Plan Rows": 1487231,
                            "Plan Width": 4,
                            "Actual Startup Time": 0.009,
                            "Actual Total Time": 124.382,
                            "Actual Rows": 1264156,
                            "Actual Loops": 2
                          },
                          {
                            "Node Type": "Hash",
                            "Parent Relationship": "Inner",
                            "Parallel Aware": true,
                            "Startup Cost": 24969.69,
                            "Total Cost": 24969.69,
                            "Plan Rows": 58934,
                            "Plan Width": 4,
                            "Actual Startup Time": 92.696,
                            "Actual Total Time": 92.697,
                            "Actual Rows": 80638,
                            "Actual Loops": 2,
                            "Hash Buckets": 262144,
                            "Original Hash Buckets": 131072,
                            "Hash Batches": 1,
                            "Original Hash Batches": 1,
                            "Peak Memory Usage": 9408,
                            "Plans": [
                              {
                                "Node Type": "Bitmap Heap Scan",
                                "Parent Relationship": "Outer",
                                "Parallel Aware": true,
                                "Relation Name": "movie_companies",
                                "Alias": "mc",
                                "Startup Cost": 4383.9,
                                "Total Cost": 24969.69,
                                "Plan Rows": 58934,
                                "Plan Width": 4,
                                "Actual Startup Time": 22.983,
                                "Actual Total Time": 67.306,
                                "Actual Rows": 80638,
                                "Actual Loops": 2,
                                "Recheck Cond": "(company_id < 67)",
                                "Rows Removed by Index Recheck": 0,
                                "Filter": "(company_type_id < 2)",
                                "Rows Removed by Filter": 21008,
                                "Exact Heap Blocks": 11220,
                                "Lossy Heap Blocks": 0,
                                "Plans": [
                                  {
                                    "Node Type": "Bitmap Index Scan",
                                    "Parent Relationship": "Outer",
                                    "Parallel Aware": false,
                                    "Index Name": "company_id_movie_companies",
                                    "Startup Cost": 0.0,
                                    "Total Cost": 4358.85,
                                    "Plan Rows": 203523,
                                    "Plan Width": 0,
                                    "Actual Startup Time": 21.762,
                                    "Actual Total Time": 21.762,
                                    "Actual Rows": 203291,
                                    "Actual Loops": 1,
                                    "Index Cond": "(company_id < 67)"
                                  }
                                ]
                              }
                            ]
                          }
                        ]
                      }
                    ]
                  }
                ]
              }
            ]
          }
        ]
      }
    ]
  },
  "Planning Time": 0.895,
  "Triggers": [],
  "Execution Time": 4672.56
}