{
  "Plan": {
    "Node Type": "Aggregate",
    "Strategy": "Plain",
    "Partial Mode": "Finalize",
    "Parallel Aware": false,
    "Startup Cost": 17628.56,
    "Total Cost": 17628.57,
    "Plan Rows": 1,
    "Plan Width": 8,
    "Actual Startup Time": 51.411,
    "Actual Total Time": 59.852,
    "Actual Rows": 1,
    "Actual Loops": 1,
    "Plans": [
      {
        "Node Type": "Gather",
        "Parent Relationship": "Outer",
        "Parallel Aware": false,
        "Startup Cost": 17628.44,
        "Total Cost": 17628.55,
        "Plan Rows": 1,
        "Plan Width": 8,
        "Actual Startup Time": 51.282,
        "Actual Total Time": 59.846,
        "Actual Rows": 2,
        "Actual Loops": 1,
        "Workers Planned": 1,
        "Workers Launched": 1,
        "Single Copy": false,
        "Plans": [
          {
            "Node Type": "Aggregate",
            "Strategy": "Plain",
            "Partial Mode": "Partial",
            "Parent Relationship": "Outer",
            "Parallel Aware": false,
            "Startup Cost": 16628.44,
            "Total Cost": 16628.45,
            "Plan Rows": 1,
            "Plan Width": 8,
            "Actual Startup Time": 45.212,
            "Actual Total Time": 45.213,
            "Actual Rows": 1,
            "Actual Loops": 2,
            "Plans": [
              {
                "Node Type": "Nested Loop",
                "Parent Relationship": "Outer",
                "Parallel Aware": false,
                "Join Type": "Inner",
                "Startup Cost": 44.84,
                "Total Cost": 16610.72,
                "Plan Rows": 7089,
                "Plan Width": 0,
                "Actual Startup Time": 3.432,
                "Actual Total Time": 44.417,
                "Actual Rows": 7250,
                "Actual Loops": 2,
                "Inner Unique": false,
                "Plans": [
                  {
                    "Node Type": "Nested Loop",
                    "Parent Relationship": "Outer",
                    "Parallel Aware": false,
                    "Join Type": "Inner",
                    "Startup Cost": 44.27,
                    "Total Cost": 15118.48,
                    "Plan Rows": 495,
                    "Plan Width": 8,
                    "Actual Startup Time": 3.268,
                    "Actual Total Time": 20.586,
                    "Actual Rows": 296,
                    "Actual Loops": 2,
                    "Inner Unique": true,
                    "Plans": [
                      {
                        "Node Type": "Bitmap Heap Scan",
                        "Parent Relationship": "Outer",
                        "Parallel Aware": true,
                        "Relation Name": "movie_companies",
                        "Alias": "mc",
                        "Startup Cost": 43.84,
                        "Total Cost": 5820.22,
                        "Plan Rows": 1170,
                        "Plan Width": 4,
                        "Actual Startup Time": 1.822,
                        "Actual Total Time": 5.166,
                        "Actual Rows": 2356,
                        "Actual Loops": 2,
                        "Recheck Cond": "(company_id < 6)",
                        "Rows Removed by Index Recheck": 0,
                        "Exact Heap Blocks": 1605,
                        "Lossy Heap Blocks": 0,
                        "Plans": [
                          {
                            "Node Type": "Bitmap Index Scan",
                            "Parent Relationship": "Outer",
                            "Parallel Aware": false,
                            "Index Name": "company_id_movie_companies",
                            "Startup Cost": 0.0,
                            "Total Cost": 43.35,
                            "Plan Rows": 1989,
                            "Plan Width": 0,
                            "Actual Startup Time": 2.613,
                            "Actual Total Time": 2.613,
                            "Actual Rows": 4712,
                            "Actual Loops": 1,
                            "Index Cond": "(company_id < 6)"
                          }
                        ]
                      },
                      {
                        "Node Type": "Index Scan",
                        "Parent Relationship": "Inner",
                        "Parallel Aware": false,
                        "Scan Direction": "Forward",
                        "Index Name": "title_pkey",
                        "Relation Name": "title",
                        "Alias": "t",
                        "Startup Cost": 0.43,
                        "Total Cost": 7.95,
                        "Plan Rows": 1,
                        "Plan Width": 4,
                        "Actual Startup Time": 0.006,
                        "Actual Total Time": 0.006,
                        "Actual Rows": 0,
                        "Actual Loops": 4712,
                        "Index Cond": "(id = mc.movie_id)",
                        "Rows Removed by Index Recheck": 0,
                        "Filter": "(production_year < 2001)",
                        "Rows Removed by Filter": 1
                      }
                    ]
                  },
                  {
                    "Node Type": "Index Only Scan",
                    "Parent Relationship": "Inner",
                    "Parallel Aware": false,
                    "Scan Direction": "Forward",
                    "Index Name": "movie_id_cast_info",
                    "Relation Name": "cast_info",
                    "Alias": "ci",
                    "Startup Cost": 0.56,
                    "Total Cost": 2.64,
                    "Plan Rows": 37,
                    "Plan Width": 4,
                    "Actual Startup Time": 0.013,
                    "Actual Total Time": 0.076,
                    "Actual Rows": 24,
                    "Actual Loops": 593,
                    "Index Cond": "(movie_id = t.id)",
                    "Rows Removed by Index Recheck": 0,
                    "Heap Fetches": 14500
                  }
                ]
              }
            ]
          }
        ]
      }
    ]
  },
  "Planning Time": 1.101,
  "Triggers": [],
  "Execution Time": 59.947
}