[
  {
    "Plan": {
      "Node Type": "Aggregate",
      "Strategy": "Plain",
      "Partial Mode": "Finalize",
      "Parallel Aware": false,
      "Startup Cost": 41026.48,
      "Total Cost": 41026.49,
      "Plan Rows": 1,
      "Plan Width": 8,
      "Actual Startup Time": 145.387,
      "Actual Total Time": 156.16,
      "Actual Rows": 1,
      "Actual Loops": 1,
      "Plans": [
        {
          "Node Type": "Gather",
          "Parent Relationship": "Outer",
          "Parallel Aware": false,
          "Startup Cost": 41026.16,
          "Total Cost": 41026.47,
          "Plan Rows": 3,
          "Plan Width": 8,
          "Actual Startup Time": 145.064,
          "Actual Total Time": 156.151,
          "Actual Rows": 4,
          "Actual Loops": 1,
          "Workers Planned": 3,
          "Workers Launched": 3,
          "Single Copy": false,
          "Plans": [
            {
              "Node Type": "Aggregate",
              "Strategy": "Plain",
              "Partial Mode": "Partial",
              "Parent Relationship": "Outer",
              "Parallel Aware": false,
              "Startup Cost": 40026.16,
              "Total Cost": 40026.17,
              "Plan Rows": 1,
              "Plan Width": 8,
              "Actual Startup Time": 139.298,
              "Actual Total Time": 139.3,
              "Actual Rows": 1,
              "Actual Loops": 4,
              "Plans": [
                {
                  "Node Type": "Bitmap Heap Scan",
                  "Parent Relationship": "Outer",
                  "Parallel Aware": true,
                  "Relation Name": "movie_keyword",
                  "Alias": "mk",
                  "Startup Cost": 12680.27,
                  "Total Cost": 39544.18,
                  "Plan Rows": 192793,
                  "Plan Width": 0,
                  "Actual Startup Time": 50.743,
                  "Actual Total Time": 130.549,
                  "Actual Rows": 149681,
                  "Actual Loops": 4,
                  "Recheck Cond": "(keyword_id > 30667)",
                  "Rows Removed by Index Recheck": 0,
                  "Exact Heap Blocks": 10934,
                  "Lossy Heap Blocks": 0,
                  "Plans": [
                    {
                      "Node Type": "Bitmap Index Scan",
                      "Parent Relationship": "Outer",
                      "Parallel Aware": false,
                      "Index Name": "keyword_id_movie_keyword",
                      "Startup Cost": 0.0,
                      "Total Cost": 12530.86,
                      "Plan Rows": 597657,
                      "Plan Width": 0,
                      "Actual Startup Time": 52.448,
                      "Actual Total Time": 52.449,
                      "Actual Rows": 598725,
                      "Actual Loops": 1,
                      "Index Cond": "(keyword_id > 30667)"
                    }
                  ]
                }
              ]
            }
          ]
        }
      ]
    },
    "Planning Time": 0.128,
    "Triggers": [],
    "Execution Time": 156.216
  }
]