[
  {
    "Plan": {
      "Node Type": "Aggregate",
      "Strategy": "Plain",
      "Partial Mode": "Finalize",
      "Parallel Aware": false,
      "Startup Cost": 246798.98,
      "Total Cost": 246798.99,
      "Plan Rows": 1,
      "Plan Width": 8,
      "Actual Startup Time": 2314.068,
      "Actual Total Time": 2407.054,
      "Actual Rows": 1,
      "Actual Loops": 1,
      "Plans": [
        {
          "Node Type": "Gather",
          "Parent Relationship": "Outer",
          "Parallel Aware": false,
          "Startup Cost": 246798.56,
          "Total Cost": 246798.97,
          "Plan Rows": 4,
          "Plan Width": 8,
          "Actual Startup Time": 2311.868,
          "Actual Total Time": 2407.045,
          "Actual Rows": 5,
          "Actual Loops": 1,
          "Workers Planned": 4,
          "Workers Launched": 4,
          "Single Copy": false,
          "Plans": [
            {
              "Node Type": "Aggregate",
              "Strategy": "Plain",
              "Partial Mode": "Partial",
              "Parent Relationship": "Outer",
              "Parallel Aware": false,
              "Startup Cost": 245798.56,
              "Total Cost": 245798.57,
              "Plan Rows": 1,
              "Plan Width": 8,
              "Actual Startup Time": 2301.354,
              "Actual Total Time": 2301.37,
              "Actual Rows": 1,
              "Actual Loops": 5,
              "Plans": [
                {
                  "Node Type": "Nested Loop",
                  "Parent Relationship": "Outer",
                  "Parallel Aware": false,
                  "Join Type": "Inner",
                  "Startup Cost": 28172.76,
                  "Total Cost": 244530.75,
                  "Plan Rows": 507124,
                  "Plan Width": 0,
                  "Actual Startup Time": 162.55,
                  "Actual Total Time": 2260.908,
                  "Actual Rows": 879297,
                  "Actual Loops": 5,
                  "Inner Unique": false,
                  "Plans": [
                    {
                      "Node Type": "Hash Join",
                      "Parent Relationship": "Outer",
                      "Parallel Aware": true,
                      "Join Type": "Inner",
                      "Startup Cost": 28172.19,
                      "Total Cost": 73905.74,
                      "Plan Rows": 78880,
                      "Plan Width": 8,
                      "Actual Startup Time": 162.413,
                      "Actual Total Time": 279.553,
                      "Actual Rows": 62767,
                      "Actual Loops": 5,
                      "Inner Unique": false,
                      "Hash Cond": "(t.id = mc.movie_id)",
                      "Plans": [
                        {
                          "Node Type": "Seq Scan",
                          "Parent Relationship": "Outer",
                          "Parallel Aware": true,
                          "Relation Name": "title",
                          "Alias": "t",
                          "Startup Cost": 0.0,
                          "Total Cost": 42318.73,
                          "Plan Rows": 632073,
                          "Plan Width": 4,
                          "Actual Startup Time": 0.013,
                          "Actual Total Time": 67.418,
                          "Actual Rows": 505662,
                          "Actual Loops": 5
                        },
                        {
                          "Node Type": "Hash",
                          "Parent Relationship": "Inner",
                          "Parallel Aware": true,
                          "Startup Cost": 26899.94,
                          "Total Cost": 26899.94,
                          "Plan Rows": 101780,
                          "Plan Width": 4,
                          "Actual Startup Time": 75.332,
                          "Actual Total Time": 75.335,
                          "Actual Rows": 62767,
                          "Actual Loops": 5,
                          "Hash Buckets": 524288,
                          "Original Hash Buckets": 524288,
                          "Hash Batches": 1,
                          "Original Hash Batches": 1,
                          "Peak Memory Usage": 16480,
                          "Plans": [
                            {
                              "Node Type": "Bitmap Heap Scan",
                              "Parent Relationship": "Outer",
                              "Parallel Aware": true,
                              "Relation Name": "movie_companies",
                              "Alias": "mc",
                              "Startup Cost": 6837.69,
                              "Total Cost": 26899.94,
                              "Plan Rows": 101780,
                              "Plan Width": 4,
                              "Actual Startup Time": 25.033,
                              "Actual Total Time": 52.175,
                              "Actual Rows": 62767,
                              "Actual Loops": 5,
                              "Recheck Cond": "(company_id > 92195)",
                              "Rows Removed by Index Recheck": 0,
                              "Exact Heap Blocks": 1882,
                              "Lossy Heap Blocks": 0,
                              "Plans": [
                                {
                                  "Node Type": "Bitmap Index Scan",
                                  "Parent Relationship": "Outer",
                                  "Parallel Aware": false,
                                  "Index Name": "company_id_movie_companies",
                                  "Startup Cost": 0.0,
                                  "Total Cost": 6758.82,
                                  "Plan Rows": 315518,
                                  "Plan Width": 0,
                                  "Actual Startup Time": 24.289,
                                  "Actual Total Time": 24.29,
                                  "Actual Rows": 313836,
                                  "Actual Loops": 1,
                                  "Index Cond": "(company_id > 92195)"
                                }
                              ]
                            }
                          ]
                        }
                      ]
                    },
                    {
                      "Node Type": "Index Scan",
                      "Parent Relationship": "Inner",
                      "Parallel Aware": false,
                      "Scan Direction": "Forward",
                      "Index Name": "movie_id_cast_info",
                      "Relation Name": "cast_info",
                      "Alias": "ci",
                      "Startup Cost": 0.56,
                      "Total Cost": 2.0,
                      "Plan Rows": 16,
                      "Plan Width": 4,
                      "Actual Startup Time": 0.014,
                      "Actual Total Time": 0.03,
                      "Actual Rows": 14,
                      "Actual Loops": 313836,
                      "Index Cond": "(movie_id = t.id)",
                      "Rows Removed by Index Recheck": 0,
                      "Filter": "((person_id > 1123949) AND (role_id > 1))",
                      "Rows Removed by Filter": 11
                    }
                  ]
                }
              ]
            }
          ]
        }
      ]
    },
    "Planning Time": 1.47,
    "Triggers": [],
    "Execution Time": 2407.194
  }
]