[
  {
    "Plan": {
      "Node Type": "Aggregate",
      "Strategy": "Plain",
      "Partial Mode": "Finalize",
      "Parallel Aware": false,
      "Startup Cost": 32126.02,
      "Total Cost": 32126.03,
      "Plan Rows": 1,
      "Plan Width": 8,
      "Actual Startup Time": 121.837,
      "Actual Total Time": 129.193,
      "Actual Rows": 1,
      "Actual Loops": 1,
      "Plans": [
        {
          "Node Type": "Gather",
          "Parent Relationship": "Outer",
          "Parallel Aware": false,
          "Startup Cost": 32125.7,
          "Total Cost": 32126.01,
          "Plan Rows": 3,
          "Plan Width": 8,
          "Actual Startup Time": 121.712,
          "Actual Total Time": 129.185,
          "Actual Rows": 4,
          "Actual Loops": 1,
          "Workers Planned": 3,
          "Workers Launched": 3,
          "Single Copy": false,
          "Plans": [
            {
              "Node Type": "Aggregate",
              "Strategy": "Plain",
              "Partial Mode": "Partial",
              "Parent Relationship": "Outer",
              "Parallel Aware": false,
              "Startup Cost": 31125.7,
              "Total Cost": 31125.71,
              "Plan Rows": 1,
              "Plan Width": 8,
              "Actual Startup Time": 115.875,
              "Actual Total Time": 115.876,
              "Actual Rows": 1,
              "Actual Loops": 4,
              "Plans": [
                {
                  "Node Type": "Seq Scan",
                  "Parent Relationship": "Outer",
                  "Parallel Aware": true,
                  "Relation Name": "movie_companies",
                  "Alias": "mc",
                  "Startup Cost": 0.0,
                  "Total Cost": 29310.68,
                  "Plan Rows": 726007,
                  "Plan Width": 0,
                  "Actual Startup Time": 0.036,
                  "Actual Total Time": 87.076,
                  "Actual Rows": 562304,
                  "Actual Loops": 4,
                  "Filter": "(company_id < 86997)",
                  "Rows Removed by Filter": 89979
                }
              ]
            }
          ]
        }
      ]
    },
    "Planning Time": 0.184,
    "Triggers": [],
    "Execution Time": 129.248
  }
]