[
  {
    "Plan": {
      "Node Type": "Aggregate",
      "Strategy": "Plain",
      "Partial Mode": "Finalize",
      "Parallel Aware": false,
      "Startup Cost": 287928.21,
      "Total Cost": 287928.22,
      "Plan Rows": 1,
      "Plan Width": 8,
      "Actual Startup Time": 888.374,
      "Actual Total Time": 914.627,
      "Actual Rows": 1,
      "Actual Loops": 1,
      "Plans": [
        {
          "Node Type": "Gather",
          "Parent Relationship": "Outer",
          "Parallel Aware": false,
          "Startup Cost": 287927.59,
          "Total Cost": 287928.2,
          "Plan Rows": 6,
          "Plan Width": 8,
          "Actual Startup Time": 873.386,
          "Actual Total Time": 914.613,
          "Actual Rows": 7,
          "Actual Loops": 1,
          "Workers Planned": 6,
          "Workers Launched": 6,
          "Single Copy": false,
          "Plans": [
            {
              "Node Type": "Aggregate",
              "Strategy": "Plain",
              "Partial Mode": "Partial",
              "Parent Relationship": "Outer",
              "Parallel Aware": false,
              "Startup Cost": 286927.59,
              "Total Cost": 286927.6,
              "Plan Rows": 1,
              "Plan Width": 8,
              "Actual Startup Time": 862.002,
              "Actual Total Time": 862.314,
              "Actual Rows": 1,
              "Actual Loops": 7,
              "Plans": [
                {
                  "Node Type": "Hash Join",
                  "Parent Relationship": "Outer",
                  "Parallel Aware": true,
                  "Join Type": "Inner",
                  "Startup Cost": 84906.84,
                  "Total Cost": 286209.39,
                  "Plan Rows": 287280,
                  "Plan Width": 0,
                  "Actual Startup Time": 449.781,
                  "Actual Total Time": 848.014,
                  "Actual Rows": 308904,
                  "Actual Loops": 7,
                  "Inner Unique": false,
                  "Hash Cond": "(ci.movie_id = t.id)",
                  "Plans": [
                    {
                      "Node Type": "Index Scan",
                      "Parent Relationship": "Outer",
                      "Parallel Aware": true,
                      "Scan Direction": "Forward",
                      "Index Name": "role_id_cast_info",
                      "Relation Name": "cast_info",
                      "Alias": "ci",
                      "Startup Cost": 0.56,
                      "Total Cost": 197877.72,
                      "Plan Rows": 721918,
                      "Plan Width": 4,
                      "Actual Startup Time": 0.066,
                      "Actual Total Time": 227.309,
                      "Actual Rows": 470516,
                      "Actual Loops": 7,
                      "Index Cond": "(role_id = 2)",
                      "Rows Removed by Index Recheck": 0,
                      "Filter": "(person_id < 2161006)",
                      "Rows Removed by Filter": 594052
                    },
                    {
                      "Node Type": "Hash",
                      "Parent Relationship": "Inner",
                      "Parallel Aware": true,
                      "Startup Cost": 81762.18,
                      "Total Cost": 81762.18,
                      "Plan Rows": 251527,
                      "Plan Width": 8,
                      "Actual Startup Time": 445.319,
                      "Actual Total Time": 445.628,
                      "Actual Rows": 165868,
                      "Actual Loops": 7,
                      "Hash Buckets": 2097152,
                      "Original Hash Buckets": 1048576,
                      "Hash Batches": 1,
                      "Original Hash Batches": 1,
                      "Peak Memory Usage": 70112,
                      "Plans": [
                        {
                          "Node Type": "Hash Join",
                          "Parent Relationship": "Outer",
                          "Parallel Aware": true,
                          "Join Type": "Inner",
                          "Startup Cost": 35471.71,
                          "Total Cost": 81762.18,
                          "Plan Rows": 251527,
                          "Plan Width": 8,
                          "Actual Startup Time": 159.651,
                          "Actual Total Time": 353.473,
                          "Actual Rows": 165868,
                          "Actual Loops": 7,
                          "Inner Unique": false,
                          "Hash Cond": "(t.id = mc.movie_id)",
                          "Plans": [
                            {
                              "Node Type": "Seq Scan",
                              "Parent Relationship": "Outer",
                              "Parallel Aware": true,
                              "Relation Name": "title",
                              "Alias": "t",
                              "Startup Cost": 0.0,
                              "Total Cost": 42318.73,
                              "Plan Rows": 632073,
                              "Plan Width": 4,
                              "Actual Startup Time": 0.012,
                              "Actual Total Time": 58.111,
                              "Actual Rows": 361187,
                              "Actual Loops": 7
                            },
                            {
                              "Node Type": "Hash",
                              "Parent Relationship": "Inner",
                              "Parallel Aware": true,
                              "Startup Cost": 31414.82,
                              "Total Cost": 31414.82,
                              "Plan Rows": 324551,
                              "Plan Width": 4,
                              "Actual Startup Time": 158.044,
                              "Actual Total Time": 158.045,
                              "Actual Rows": 165868,
                              "Actual Loops": 7,
                              "Hash Buckets": 2097152,
                              "Original Hash Buckets": 1048576,
                              "Hash Batches": 1,
                              "Original Hash Batches": 1,
                              "Peak Memory Usage": 70144,
                              "Plans": [
                                {
                                  "Node Type": "Seq Scan",
                                  "Parent Relationship": "Outer",
                                  "Parallel Aware": true,
                                  "Relation Name": "movie_companies",
                                  "Alias": "mc",
                                  "Startup Cost": 0.0,
                                  "Total Cost": 31414.82,
                                  "Plan Rows": 324551,
                                  "Plan Width": 4,
                                  "Actual Startup Time": 40.622,
                                  "Actual Total Time": 70.184,
                                  "Actual Rows": 165868,
                                  "Actual Loops": 7,
                                  "Filter": "((company_id > 789) AND (company_type_id = 2))",
                                  "Rows Removed by Filter": 206865
                                }
                              ]
                            }
                          ]
                        }
                      ]
                    }
                  ]
                }
              ]
            }
          ]
        }
      ]
    },
    "Planning Time": 1.437,
    "Triggers": [],
    "Execution Time": 914.723
  }
]