[
  {
    "Plan": {
      "Node Type": "Aggregate",
      "Strategy": "Plain",
      "Partial Mode": "Finalize",
      "Parallel Aware": false,
      "Startup Cost": 76963.62,
      "Total Cost": 76963.63,
      "Plan Rows": 1,
      "Plan Width": 8,
      "Actual Startup Time": 115.164,
      "Actual Total Time": 129.574,
      "Actual Rows": 1,
      "Actual Loops": 1,
      "Plans": [
        {
          "Node Type": "Gather",
          "Parent Relationship": "Outer",
          "Parallel Aware": false,
          "Startup Cost": 76963.2,
          "Total Cost": 76963.61,
          "Plan Rows": 4,
          "Plan Width": 8,
          "Actual Startup Time": 114.901,
          "Actual Total Time": 129.565,
          "Actual Rows": 5,
          "Actual Loops": 1,
          "Workers Planned": 4,
          "Workers Launched": 4,
          "Single Copy": false,
          "Plans": [
            {
              "Node Type": "Aggregate",
              "Strategy": "Plain",
              "Partial Mode": "Partial",
              "Parent Relationship": "Outer",
              "Parallel Aware": false,
              "Startup Cost": 75963.2,
              "Total Cost": 75963.21,
              "Plan Rows": 1,
              "Plan Width": 8,
              "Actual Startup Time": 108.041,
              "Actual Total Time": 108.043,
              "Actual Rows": 1,
              "Actual Loops": 5,
              "Plans": [
                {
                  "Node Type": "Nested Loop",
                  "Parent Relationship": "Outer",
                  "Parallel Aware": false,
                  "Join Type": "Inner",
                  "Startup Cost": 0.86,
                  "Total Cost": 75945.28,
                  "Plan Rows": 7166,
                  "Plan Width": 0,
                  "Actual Startup Time": 0.872,
                  "Actual Total Time": 107.66,
                  "Actual Rows": 4169,
                  "Actual Loops": 5,
                  "Inner Unique": false,
                  "Join Filter": "(t.id = mi.movie_id)",
                  "Rows Removed by Join Filter": 0,
                  "Plans": [
                    {
                      "Node Type": "Nested Loop",
                      "Parent Relationship": "Outer",
                      "Parallel Aware": false,
                      "Join Type": "Inner",
                      "Startup Cost": 0.43,
                      "Total Cost": 70668.92,
                      "Plan Rows": 2881,
                      "Plan Width": 8,
                      "Actual Startup Time": 0.639,
                      "Actual Total Time": 87.786,
                      "Actual Rows": 1337,
                      "Actual Loops": 5,
                      "Inner Unique": false,
                      "Plans": [
                        {
                          "Node Type": "Seq Scan",
                          "Parent Relationship": "Outer",
                          "Parallel Aware": true,
                          "Relation Name": "title",
                          "Alias": "t",
                          "Startup Cost": 0.0,
                          "Total Cost": 45479.1,
                          "Plan Rows": 2792,
                          "Plan Width": 4,
                          "Actual Startup Time": 0.127,
                          "Actual Total Time": 74.471,
                          "Actual Rows": 2399,
                          "Actual Loops": 5,
                          "Filter": "((kind_id = 7) AND (production_year = 1987))",
                          "Rows Removed by Filter": 503263
                        },
                        {
                          "Node Type": "Index Only Scan",
                          "Parent Relationship": "Inner",
                          "Parallel Aware": false,
                          "Scan Direction": "Forward",
                          "Index Name": "movie_id_movie_companies",
                          "Relation Name": "movie_companies",
                          "Alias": "mc",
                          "Startup Cost": 0.43,
                          "Total Cost": 8.97,
                          "Plan Rows": 5,
                          "Plan Width": 4,
                          "Actual Startup Time": 0.004,
                          "Actual Total Time": 0.005,
                          "Actual Rows": 1,
                          "Actual Loops": 11996,
                          "Index Cond": "(movie_id = t.id)",
                          "Rows Removed by Index Recheck": 0,
                          "Heap Fetches": 6687
                        }
                      ]
                    },
                    {
                      "Node Type": "Index Scan",
                      "Parent Relationship": "Inner",
                      "Parallel Aware": false,
                      "Scan Direction": "Forward",
                      "Index Name": "movie_id_movie_info",
                      "Relation Name": "movie_info",
                      "Alias": "mi",
                      "Startup Cost": 0.43,
                      "Total Cost": 1.61,
                      "Plan Rows": 18,
                      "Plan Width": 4,
                      "Actual Startup Time": 0.007,
                      "Actual Total Time": 0.014,
                      "Actual Rows": 3,
                      "Actual Loops": 6687,
                      "Index Cond": "(movie_id = mc.movie_id)",
                      "Rows Removed by Index Recheck": 0,
                      "Filter": "(info_type_id > 8)",
                      "Rows Removed by Filter": 4
                    }
                  ]
                }
              ]
            }
          ]
        }
      ]
    },
    "Planning Time": 2.513,
    "Triggers": [],
    "Execution Time": 129.686
  }
]