[
  {
    "Plan": {
      "Node Type": "Aggregate",
      "Strategy": "Plain",
      "Partial Mode": "Finalize",
      "Parallel Aware": false,
      "Startup Cost": 79510.59,
      "Total Cost": 79510.6,
      "Plan Rows": 1,
      "Plan Width": 8,
      "Actual Startup Time": 127.299,
      "Actual Total Time": 135.342,
      "Actual Rows": 1,
      "Actual Loops": 1,
      "Plans": [
        {
          "Node Type": "Gather",
          "Parent Relationship": "Outer",
          "Parallel Aware": false,
          "Startup Cost": 79510.07,
          "Total Cost": 79510.58,
          "Plan Rows": 5,
          "Plan Width": 8,
          "Actual Startup Time": 127.216,
          "Actual Total Time": 135.332,
          "Actual Rows": 6,
          "Actual Loops": 1,
          "Workers Planned": 5,
          "Workers Launched": 5,
          "Single Copy": false,
          "Plans": [
            {
              "Node Type": "Aggregate",
              "Strategy": "Plain",
              "Partial Mode": "Partial",
              "Parent Relationship": "Outer",
              "Parallel Aware": false,
              "Startup Cost": 78510.07,
              "Total Cost": 78510.08,
              "Plan Rows": 1,
              "Plan Width": 8,
              "Actual Startup Time": 118.475,
              "Actual Total Time": 118.476,
              "Actual Rows": 1,
              "Actual Loops": 6,
              "Plans": [
                {
                  "Node Type": "Index Scan",
                  "Parent Relationship": "Outer",
                  "Parallel Aware": true,
                  "Scan Direction": "Forward",
                  "Index Name": "role_id_cast_info",
                  "Relation Name": "cast_info",
                  "Alias": "ci",
                  "Startup Cost": 0.56,
                  "Total Cost": 77740.85,
                  "Plan Rows": 307686,
                  "Plan Width": 0,
                  "Actual Startup Time": 0.132,
                  "Actual Total Time": 106.433,
                  "Actual Rows": 212395,
                  "Actual Loops": 6,
                  "Index Cond": "(role_id = 4)",
                  "Rows Removed by Index Recheck": 0,
                  "Filter": "(person_id < 1967315)",
                  "Rows Removed by Filter": 242429
                }
              ]
            }
          ]
        }
      ]
    },
    "Planning Time": 0.194,
    "Triggers": [],
    "Execution Time": 135.396
  }
]