[
    {
        "Bao": {
            "Bao prediction": 1246.89,
            "Bao recommended hint": "SET enable_mergejoin TO off; "
        }
    },
    {
        "Plan": {
            "Node Type": "Aggregate",
            "Strategy": "Plain",
            "Partial Mode": "Finalize",
            "Parallel Aware": false,
            "Startup Cost": 301137.43,
            "Total Cost": 301137.44,
            "Plan Rows": 1,
            "Plan Width": 8,
            "Actual Startup Time": 2363.175,
            "Actual Total Time": 2383.615,
            "Actual Rows": 1,
            "Actual Loops": 1,
            "Output": [
                "count(*)"
            ],
            "Plans": [
                {
                    "Node Type": "Gather",
                    "Parent Relationship": "Outer",
                    "Parallel Aware": false,
                    "Startup Cost": 301136.9,
                    "Total Cost": 301137.41,
                    "Plan Rows": 5,
                    "Plan Width": 8,
                    "Actual Startup Time": 2356.389,
                    "Actual Total Time": 2383.606,
                    "Actual Rows": 6,
                    "Actual Loops": 1,
                    "Output": [
                        "(PARTIAL count(*))"
                    ],
                    "Workers Planned": 5,
                    "Workers Launched": 5,
                    "Single Copy": false,
                    "Plans": [
                        {
                            "Node Type": "Aggregate",
                            "Strategy": "Plain",
                            "Partial Mode": "Partial",
                            "Parent Relationship": "Outer",
                            "Parallel Aware": false,
                            "Startup Cost": 300136.9,
                            "Total Cost": 300136.91,
                            "Plan Rows": 1,
                            "Plan Width": 8,
                            "Actual Startup Time": 2346.628,
                            "Actual Total Time": 2346.984,
                            "Actual Rows": 1,
                            "Actual Loops": 6,
                            "Output": [
                                "PARTIAL count(*)"
                            ],
                            "Workers": [
                                {
                                    "Worker Number": 0,
                                    "Actual Startup Time": 2344.633,
                                    "Actual Total Time": 2344.638,
                                    "Actual Rows": 1,
                                    "Actual Loops": 1
                                },
                                {
                                    "Worker Number": 1,
                                    "Actual Startup Time": 2344.611,
                                    "Actual Total Time": 2344.626,
                                    "Actual Rows": 1,
                                    "Actual Loops": 1
                                },
                                {
                                    "Worker Number": 2,
                                    "Actual Startup Time": 2345.849,
                                    "Actual Total Time": 2345.854,
                                    "Actual Rows": 1,
                                    "Actual Loops": 1
                                },
                                {
                                    "Worker Number": 3,
                                    "Actual Startup Time": 2344.613,
                                    "Actual Total Time": 2344.618,
                                    "Actual Rows": 1,
                                    "Actual Loops": 1
                                },
                                {
                                    "Worker Number": 4,
                                    "Actual Startup Time": 2344.615,
                                    "Actual Total Time": 2344.621,
                                    "Actual Rows": 1,
                                    "Actual Loops": 1
                                }
                            ],
                            "Plans": [
                                {
                                    "Node Type": "Hash Join",
                                    "Parent Relationship": "Outer",
                                    "Parallel Aware": true,
                                    "Join Type": "Inner",
                                    "Startup Cost": 84448.27,
                                    "Total Cost": 297382.95,
                                    "Plan Rows": 1101583,
                                    "Plan Width": 0,
                                    "Actual Startup Time": 483.83,
                                    "Actual Total Time": 1961.754,
                                    "Actual Rows": 6049538,
                                    "Actual Loops": 6,
                                    "Inner Unique": false,
                                    "Hash Cond": "(mi.movie_id = t.id)",
                                    "Workers": [
                                        {
                                            "Worker Number": 0,
                                            "Actual Startup Time": 480.854,
                                            "Actual Total Time": 1956.847,
                                            "Actual Rows": 6023631,
                                            "Actual Loops": 1
                                        },
                                        {
                                            "Worker Number": 1,
                                            "Actual Startup Time": 481.969,
                                            "Actual Total Time": 1956.94,
                                            "Actual Rows": 6158512,
                                            "Actual Loops": 1
                                        },
                                        {
                                            "Worker Number": 2,
                                            "Actual Startup Time": 482.402,
                                            "Actual Total Time": 1957.691,
                                            "Actual Rows": 5763895,
                                            "Actual Loops": 1
                                        },
                                        {
                                            "Worker Number": 3,
                                            "Actual Startup Time": 482.294,
                                            "Actual Total Time": 1960.243,
                                            "Actual Rows": 6226561,
                                            "Actual Loops": 1
                                        },
                                        {
                                            "Worker Number": 4,
                                            "Actual Startup Time": 482.321,
                                            "Actual Total Time": 1959.192,
                                            "Actual Rows": 5890606,
                                            "Actual Loops": 1
                                        }
                                    ],
                                    "Plans": [
                                        {
                                            "Node Type": "Seq Scan",
                                            "Parent Relationship": "Outer",
                                            "Parallel Aware": true,
                                            "Relation Name": "movie_info",
                                            "Schema": "public",
                                            "Alias": "mi",
                                            "Startup Cost": 0.0,
                                            "Total Cost": 198880.74,
                                            "Plan Rows": 2800119,
                                            "Plan Width": 4,
                                            "Actual Startup Time": 0.026,
                                            "Actual Total Time": 406.023,
                                            "Actual Rows": 2338930,
                                            "Actual Loops": 6,
                                            "Output": [
                                                "mi.id",
                                                "mi.movie_id",
                                                "mi.info_type_id",
                                                "mi.info",
                                                "mi.note"
                                            ],
                                            "Filter": "(mi.info_type_id > 1)",
                                            "Rows Removed by Filter": 133690,
                                            "Workers": [
                                                {
                                                    "Worker Number": 0,
                                                    "Actual Startup Time": 0.032,
                                                    "Actual Total Time": 409.26,
                                                    "Actual Rows": 2345999,
                                                    "Actual Loops": 1
                                                },
                                                {
                                                    "Worker Number": 1,
                                                    "Actual Startup Time": 0.033,
                                                    "Actual Total Time": 407.353,
                                                    "Actual Rows": 2330543,
                                                    "Actual Loops": 1
                                                },
                                                {
                                                    "Worker Number": 2,
                                                    "Actual Startup Time": 0.021,
                                                    "Actual Total Time": 408.957,
                                                    "Actual Rows": 2258336,
                                                    "Actual Loops": 1
                                                },
                                                {
                                                    "Worker Number": 3,
                                                    "Actual Startup Time": 0.022,
                                                    "Actual Total Time": 420.825,
                                                    "Actual Rows": 2384660,
                                                    "Actual Loops": 1
                                                },
                                                {
                                                    "Worker Number": 4,
                                                    "Actual Startup Time": 0.032,
                                                    "Actual Total Time": 421.714,
                                                    "Actual Rows": 2316595,
                                                    "Actual Loops": 1
                                                }
                                            ]
                                        },
                                        {
                                            "Node Type": "Hash",
                                            "Parent Relationship": "Inner",
                                            "Parallel Aware": true,
                                            "Startup Cost": 80437.56,
                                            "Total Cost": 80437.56,
                                            "Plan Rows": 320857,
                                            "Plan Width": 8,
                                            "Actual Startup Time": 478.688,
                                            "Actual Total Time": 479.041,
                                            "Actual Rows": 142212,
                                            "Actual Loops": 6,
                                            "Output": [
                                                "t.id",
                                                "mc.movie_id"
                                            ],
                                            "Hash Buckets": 1048576,
                                            "Original Hash Buckets": 1048576,
                                            "Hash Batches": 1,
                                            "Original Hash Batches": 1,
                                            "Peak Memory Usage": 41664,
                                            "Workers": [
                                                {
                                                    "Worker Number": 0,
                                                    "Actual Startup Time": 480.009,
                                                    "Actual Total Time": 480.012,
                                                    "Actual Rows": 142081,
                                                    "Actual Loops": 1
                                                },
                                                {
                                                    "Worker Number": 1,
                                                    "Actual Startup Time": 480.012,
                                                    "Actual Total Time": 480.015,
                                                    "Actual Rows": 143307,
                                                    "Actual Loops": 1
                                                },
                                                {
                                                    "Worker Number": 2,
                                                    "Actual Startup Time": 479.961,
                                                    "Actual Total Time": 479.965,
                                                    "Actual Rows": 142047,
                                                    "Actual Loops": 1
                                                },
                                                {
                                                    "Worker Number": 3,
                                                    "Actual Startup Time": 479.913,
                                                    "Actual Total Time": 479.917,
                                                    "Actual Rows": 138601,
                                                    "Actual Loops": 1
                                                },
                                                {
                                                    "Worker Number": 4,
                                                    "Actual Startup Time": 479.914,
                                                    "Actual Total Time": 479.918,
                                                    "Actual Rows": 139047,
                                                    "Actual Loops": 1
                                                }
                                            ],
                                            "Plans": [
                                                {
                                                    "Node Type": "Hash Join",
                                                    "Parent Relationship": "Outer",
                                                    "Parallel Aware": true,
                                                    "Join Type": "Inner",
                                                    "Startup Cost": 50043.93,
                                                    "Total Cost": 80437.56,
                                                    "Plan Rows": 320857,
                                                    "Plan Width": 8,
                                                    "Actual Startup Time": 272.293,
                                                    "Actual Total Time": 419.457,
                                                    "Actual Rows": 142212,
                                                    "Actual Loops": 6,
                                                    "Output": [
                                                        "t.id",
                                                        "mc.movie_id"
                                                    ],
                                                    "Inner Unique": true,
                                                    "Hash Cond": "(mc.movie_id = t.id)",
                                                    "Workers": [
                                                        {
                                                            "Worker Number": 0,
                                                            "Actual Startup Time": 272.287,
                                                            "Actual Total Time": 418.59,
                                                            "Actual Rows": 142081,
                                                            "Actual Loops": 1
                                                        },
                                                        {
                                                            "Worker Number": 1,
                                                            "Actual Startup Time": 272.325,
                                                            "Actual Total Time": 418.532,
                                                            "Actual Rows": 143307,
                                                            "Actual Loops": 1
                                                        },
                                                        {
                                                            "Worker Number": 2,
                                                            "Actual Startup Time": 272.147,
                                                            "Actual Total Time": 419.944,
                                                            "Actual Rows": 142047,
                                                            "Actual Loops": 1
                                                        },
                                                        {
                                                            "Worker Number": 3,
                                                            "Actual Startup Time": 272.311,
                                                            "Actual Total Time": 419.662,
                                                            "Actual Rows": 138601,
                                                            "Actual Loops": 1
                                                        },
                                                        {
                                                            "Worker Number": 4,
                                                            "Actual Startup Time": 272.296,
                                                            "Actual Total Time": 419.394,
                                                            "Actual Rows": 139047,
                                                            "Actual Loops": 1
                                                        }
                                                    ],
                                                    "Plans": [
                                                        {
                                                            "Node Type": "Seq Scan",
                                                            "Parent Relationship": "Outer",
                                                            "Parallel Aware": true,
                                                            "Relation Name": "movie_companies",
                                                            "Schema": "public",
                                                            "Alias": "mc",
                                                            "Startup Cost": 0.0,
                                                            "Total Cost": 29310.68,
                                                            "Plan Rows": 412551,
                                                            "Plan Width": 4,
                                                            "Actual Startup Time": 0.031,
                                                            "Actual Total Time": 66.161,
                                                            "Actual Rows": 212374,
                                                            "Actual Loops": 6,
                                                            "Output": [
                                                                "mc.id",
                                                                "mc.movie_id",
                                                                "mc.company_id",
                                                                "mc.company_type_id",
                                                                "mc.note"
                                                            ],
                                                            "Filter": "(mc.company_type_id < 2)",
                                                            "Rows Removed by Filter": 222480,
                                                            "Workers": [
                                                                {
                                                                    "Worker Number": 0,
                                                                    "Actual Startup Time": 0.036,
                                                                    "Actual Total Time": 66.908,
                                                                    "Actual Rows": 213980,
                                                                    "Actual Loops": 1
                                                                },
                                                                {
                                                                    "Worker Number": 1,
                                                                    "Actual Startup Time": 0.035,
                                                                    "Actual Total Time": 66.623,
                                                                    "Actual Rows": 211426,
                                                                    "Actual Loops": 1
                                                                },
                                                                {
                                                                    "Worker Number": 2,
                                                                    "Actual Startup Time": 0.032,
                                                                    "Actual Total Time": 66.866,
                                                                    "Actual Rows": 212019,
                                                                    "Actual Loops": 1
                                                                },
                                                                {
                                                                    "Worker Number": 3,
                                                                    "Actual Startup Time": 0.034,
                                                                    "Actual Total Time": 67.18,
                                                                    "Actual Rows": 209163,
                                                                    "Actual Loops": 1
                                                                },
                                                                {
                                                                    "Worker Number": 4,
                                                                    "Actual Startup Time": 0.037,
                                                                    "Actual Total Time": 67.173,
                                                                    "Actual Rows": 208496,
                                                                    "Actual Loops": 1
                                                                }
                                                            ]
                                                        },
                                                        {
                                                            "Node Type": "Hash",
                                                            "Parent Relationship": "Inner",
                                                            "Parallel Aware": true,
                                                            "Startup Cost": 43899.01,
                                                            "Total Cost": 43899.01,
                                                            "Plan Rows": 491594,
                                                            "Plan Width": 4,
                                                            "Actual Startup Time": 268.958,
                                                            "Actual Total Time": 268.96,
                                                            "Actual Rows": 329436,
                                                            "Actual Loops": 6,
                                                            "Output": [
                                                                "t.id"
                                                            ],
                                                            "Hash Buckets": 2097152,
                                                            "Original Hash Buckets": 2097152,
                                                            "Hash Batches": 1,
                                                            "Original Hash Batches": 1,
                                                            "Peak Memory Usage": 93824,
                                                            "Workers": [
                                                                {
                                                                    "Worker Number": 0,
                                                                    "Actual Startup Time": 272.013,
                                                                    "Actual Total Time": 272.014,
                                                                    "Actual Rows": 314921,
                                                                    "Actual Loops": 1
                                                                },
                                                                {
                                                                    "Worker Number": 1,
                                                                    "Actual Startup Time": 272.015,
                                                                    "Actual Total Time": 272.016,
                                                                    "Actual Rows": 312553,
                                                                    "Actual Loops": 1
                                                                },
                                                                {
                                                                    "Worker Number": 2,
                                                                    "Actual Startup Time": 272.052,
                                                                    "Actual Total Time": 272.053,
                                                                    "Actual Rows": 308649,
                                                                    "Actual Loops": 1
                                                                },
                                                                {
                                                                    "Worker Number": 3,
                                                                    "Actual Startup Time": 271.995,
                                                                    "Actual Total Time": 271.997,
                                                                    "Actual Rows": 318922,
                                                                    "Actual Loops": 1
                                                                },
                                                                {
                                                                    "Worker Number": 4,
                                                                    "Actual Startup Time": 271.984,
                                                                    "Actual Total Time": 271.985,
                                                                    "Actual Rows": 314190,
                                                                    "Actual Loops": 1
                                                                }
                                                            ],
                                                            "Plans": [
                                                                {
                                                                    "Node Type": "Seq Scan",
                                                                    "Parent Relationship": "Outer",
                                                                    "Parallel Aware": true,
                                                                    "Relation Name": "title",
                                                                    "Schema": "public",
                                                                    "Alias": "t",
                                                                    "Startup Cost": 0.0,
                                                                    "Total Cost": 43899.01,
                                                                    "Plan Rows": 491594,
                                                                    "Plan Width": 4,
                                                                    "Actual Startup Time": 0.042,
                                                                    "Actual Total Time": 105.99,
                                                                    "Actual Rows": 329436,
                                                                    "Actual Loops": 6,
                                                                    "Output": [
                                                                        "t.id"
                                                                    ],
                                                                    "Filter": "(t.production_year > 1977)",
                                                                    "Rows Removed by Filter": 91949,
                                                                    "Workers": [
                                                                        {
                                                                            "Worker Number": 0,
                                                                            "Actual Startup Time": 0.033,
                                                                            "Actual Total Time": 108.412,
                                                                            "Actual Rows": 314921,
                                                                            "Actual Loops": 1
                                                                        },
                                                                        {
                                                                            "Worker Number": 1,
                                                                            "Actual Startup Time": 0.047,
                                                                            "Actual Total Time": 107.862,
                                                                            "Actual Rows": 312553,
                                                                            "Actual Loops": 1
                                                                        },
                                                                        {
                                                                            "Worker Number": 2,
                                                                            "Actual Startup Time": 0.046,
                                                                            "Actual Total Time": 107.217,
                                                                            "Actual Rows": 308649,
                                                                            "Actual Loops": 1
                                                                        },
                                                                        {
                                                                            "Worker Number": 3,
                                                                            "Actual Startup Time": 0.049,
                                                                            "Actual Total Time": 108.896,
                                                                            "Actual Rows": 318922,
                                                                            "Actual Loops": 1
                                                                        },
                                                                        {
                                                                            "Worker Number": 4,
                                                                            "Actual Startup Time": 0.062,
                                                                            "Actual Total Time": 109.381,
                                                                            "Actual Rows": 314190,
                                                                            "Actual Loops": 1
                                                                        }
                                                                    ]
                                                                }
                                                            ]
                                                        }
                                                    ]
                                                }
                                            ]
                                        }
                                    ]
                                }
                            ]
                        }
                    ]
                }
            ]
        },
        "Planning Time": 1114.99,
        "Triggers": [],
        "Execution Time": 2383.729
    }
]