{
  "Plan": {
    "Node Type": "Aggregate",
    "Strategy": "Plain",
    "Partial Mode": "Simple",
    "Parallel Aware": false,
    "Startup Cost": 686847.12,
    "Total Cost": 686847.13,
    "Plan Rows": 1,
    "Plan Width": 64,
    "Actual Startup Time": 3091.085,
    "Actual Total Time": 3091.275,
    "Actual Rows": 1,
    "Actual Loops": 1,
    "Plans": [
      {
        "Node Type": "Merge Join",
        "Parent Relationship": "Outer",
        "Parallel Aware": false,
        "Join Type": "Inner",
        "Startup Cost": 681519.26,
        "Total Cost": 686847.11,
        "Plan Rows": 2,
        "Plan Width": 60,
        "Actual Startup Time": 3055.692,
        "Actual Total Time": 3091.254,
        "Actual Rows": 37,
        "Actual Loops": 1,
        "Inner Unique": false,
        "Merge Cond": "(k.id = mk.keyword_id)",
        "Plans": [
          {
            "Node Type": "Index Only Scan",
            "Parent Relationship": "Outer",
            "Parallel Aware": false,
            "Scan Direction": "Forward",
            "Index Name": "keyword_pkey",
            "Relation Name": "keyword",
            "Alias": "k",
            "Startup Cost": 0.42,
            "Total Cost": 5007.75,
            "Plan Rows": 134170,
            "Plan Width": 4,
            "Actual Startup Time": 0.034,
            "Actual Total Time": 30.722,
            "Actual Rows": 102272,
            "Actual Loops": 1,
            "Heap Fetches": 102272
          },
          {
            "Node Type": "Sort",
            "Parent Relationship": "Inner",
            "Parallel Aware": false,
            "Startup Cost": 681518.84,
            "Total Cost": 681518.85,
            "Plan Rows": 2,
            "Plan Width": 64,
            "Actual Startup Time": 3055.653,
            "Actual Total Time": 3055.849,
            "Actual Rows": 37,
            "Actual Loops": 1,
            "Sort Key": [
              "mk.keyword_id"
            ],
            "Sort Method": "quicksort",
            "Sort Space Used": 27,
            "Sort Space Type": "Memory",
            "Plans": [
              {
                "Node Type": "Merge Join",
                "Parent Relationship": "Outer",
                "Parallel Aware": false,
                "Join Type": "Inner",
                "Startup Cost": 346353.53,
                "Total Cost": 681518.83,
                "Plan Rows": 2,
                "Plan Width": 64,
                "Actual Startup Time": 2661.25,
                "Actual Total Time": 3055.818,
                "Actual Rows": 37,
                "Actual Loops": 1,
                "Inner Unique": false,
                "Merge Cond": "(mi.movie_id = at.movie_id)",
                "Plans": [
                  {
                    "Node Type": "Merge Join",
                    "Parent Relationship": "Outer",
                    "Parallel Aware": false,
                    "Join Type": "Inner",
                    "Startup Cost": 346347.19,
                    "Total Cost": 659479.2,
                    "Plan Rows": 2,
                    "Plan Width": 80,
                    "Actual Startup Time": 1039.158,
                    "Actual Total Time": 2878.339,
                    "Actual Rows": 151,
                    "Actual Loops": 1,
                    "Inner Unique": false,
                    "Merge Cond": "(mi.movie_id = mk.movie_id)",
                    "Plans": [
                      {
                        "Node Type": "Merge Join",
                        "Parent Relationship": "Outer",
                        "Parallel Aware": false,
                        "Join Type": "Inner",
                        "Startup Cost": 346346.76,
                        "Total Cost": 471020.76,
                        "Plan Rows": 1,
                        "Plan Width": 72,
                        "Actual Startup Time": 1038.088,
                        "Actual Total Time": 2122.447,
                        "Actual Rows": 74,
                        "Actual Loops": 1,
                        "Inner Unique": false,
                        "Merge Cond": "(t.id = mi.movie_id)",
                        "Plans": [
                          {
                            "Node Type": "Index Scan",
                            "Parent Relationship": "Outer",
                            "Parallel Aware": false,
                            "Scan Direction": "Forward",
                            "Index Name": "title_pkey",
                            "Relation Name": "title",
                            "Alias": "t",
                            "Startup Cost": 0.43,
                            "Total Cost": 123001.61,
                            "Plan Rows": 720077,
                            "Plan Width": 21,
                            "Actual Startup Time": 0.023,
                            "Actual Total Time": 1059.512,
                            "Actual Rows": 714296,
                            "Actual Loops": 1,
                            "Filter": "((production_year >= 2005) AND (production_year <= 2010))",
                            "Rows Removed by Filter": 1801394
                          },
                          {
                            "Node Type": "Sort",
                            "Parent Relationship": "Inner",
                            "Parallel Aware": false,
                            "Startup Cost": 346343.04,
                            "Total Cost": 346343.04,
                            "Plan Rows": 1,
                            "Plan Width": 51,
                            "Actual Startup Time": 1029.361,
                            "Actual Total Time": 1029.59,
                            "Actual Rows": 75,
                            "Actual Loops": 1,
                            "Sort Key": [
                              "mc.movie_id"
                            ],
                            "Sort Method": "quicksort",
                            "Sort Space Used": 30,
                            "Sort Space Type": "Memory",
                            "Plans": [
                              {
                                "Node Type": "Merge Join",
                                "Parent Relationship": "Outer",
                                "Parallel Aware": false,
                                "Join Type": "Inner",
                                "Startup Cost": 346343.0,
                                "Total Cost": 346343.03,
                                "Plan Rows": 1,
                                "Plan Width": 51,
                                "Actual Startup Time": 1029.336,
                                "Actual Total Time": 1029.536,
                                "Actual Rows": 75,
                                "Actual Loops": 1,
                                "Inner Unique": true,
                                "Merge Cond": "(mi.info_type_id = it1.id)",
                                "Plans": [
                                  {
                                    "Node Type": "Sort",
                                    "Parent Relationship": "Outer",
                                    "Parallel Aware": false,
                                    "Startup Cost": 346340.58,
                                    "Total Cost": 346340.59,
                                    "Plan Rows": 1,
                                    "Plan Width": 55,
                                    "Actual Startup Time": 1029.307,
                                    "Actual Total Time": 1029.497,
                                    "Actual Rows": 75,
                                    "Actual Loops": 1,
                                    "Sort Key": [
                                      "mi.info_type_id"
                                    ],
                                    "Sort Method": "quicksort",
                                    "Sort Space Used": 30,
                                    "Sort Space Type": "Memory",
                                    "Plans": [
                                      {
                                        "Node Type": "Merge Join",
                                        "Parent Relationship": "Outer",
                                        "Parallel Aware": false,
                                        "Join Type": "Inner",
                                        "Startup Cost": 346339.05,
                                        "Total Cost": 346340.57,
                                        "Plan Rows": 1,
                                        "Plan Width": 55,
                                        "Actual Startup Time": 1029.07,
                                        "Actual Total Time": 1029.474,
                                        "Actual Rows": 75,
                                        "Actual Loops": 1,
                                        "Inner Unique": false,
                                        "Merge Cond": "(mc.movie_id = mi.movie_id)",
                                        "Plans": [
                                          {
                                            "Node Type": "Sort",
                                            "Parent Relationship": "Outer",
                                            "Parallel Aware": false,
                                            "Startup Cost": 52110.86,
                                            "Total Cost": 52110.86,
                                            "Plan Rows": 1,
                                            "Plan Width": 4,
                                            "Actual Startup Time": 327.488,
                                            "Actual Total Time": 327.658,
                                            "Actual Rows": 278,
                                            "Actual Loops": 1,
                                            "Sort Key": [
                                              "mc.movie_id"
                                            ],
                                            "Sort Method": "quicksort",
                                            "Sort Space Used": 38,
                                            "Sort Space Type": "Memory",
                                            "Plans": [
                                              {
                                                "Node Type": "Merge Join",
                                                "Parent Relationship": "Outer",
                                                "Parallel Aware": false,
                                                "Join Type": "Inner",
                                                "Startup Cost": 52110.81,
                                                "Total Cost": 52110.85,
                                                "Plan Rows": 1,
                                                "Plan Width": 4,
                                                "Actual Startup Time": 327.408,
                                                "Actual Total Time": 327.596,
                                                "Actual Rows": 278,
                                                "Actual Loops": 1,
                                                "Inner Unique": true,
                                                "Merge Cond": "(mc.company_type_id = ct.id)",
                                                "Plans": [
                                                  {
                                                    "Node Type": "Sort",
                                                    "Parent Relationship": "Outer",
                                                    "Parallel Aware": false,
                                                    "Startup Cost": 52109.73,
                                                    "Total Cost": 52109.73,
                                                    "Plan Rows": 1,
                                                    "Plan Width": 8,
                                                    "Actual Startup Time": 327.384,
                                                    "Actual Total Time": 327.542,
                                                    "Actual Rows": 278,
                                                    "Actual Loops": 1,
                                                    "Sort Key": [
                                                      "mc.company_type_id"
                                                    ],
                                                    "Sort Method": "quicksort",
                                                    "Sort Space Used": 38,
                                                    "Sort Space Type": "Memory",
                                                    "Plans": [
                                                      {
                                                        "Node Type": "Merge Join",
                                                        "Parent Relationship": "Outer",
                                                        "Parallel Aware": false,
                                                        "Join Type": "Inner",
                                                        "Startup Cost": 52020.68,
                                                        "Total Cost": 52109.72,
                                                        "Plan Rows": 1,
                                                        "Plan Width": 8,
                                                        "Actual Startup Time": 327.248,
                                                        "Actual Total Time": 327.502,
                                                        "Actual Rows": 278,
                                                        "Actual Loops": 1,
                                                        "Inner Unique": false,
                                                        "Merge Cond": "(cn.id = mc.company_id)",
                                                        "Plans": [
                                                          {
                                                            "Node Type": "Sort",
                                                            "Parent Relationship": "Outer",
                                                            "Parallel Aware": false,
                                                            "Startup Cost": 6068.61,
                                                            "Total Cost": 6068.62,
                                                            "Plan Rows": 1,
                                                            "Plan Width": 4,
                                                            "Actual Startup Time": 35.962,
                                                            "Actual Total Time": 36.074,
                                                            "Actual Rows": 1,
                                                            "Actual Loops": 1,
                                                            "Sort Key": [
                                                              "cn.id"
                                                            ],
                                                            "Sort Method": "quicksort",
                                                            "Sort Space Used": 25,
                                                            "Sort Space Type": "Memory",
                                                            "Plans": [
                                                              {
                                                                "Node Type": "Gather",
                                                                "Parent Relationship": "Outer",
                                                                "Parallel Aware": false,
                                                                "Startup Cost": 1000.0,
                                                                "Total Cost": 6068.6,
                                                                "Plan Rows": 1,
                                                                "Plan Width": 4,
                                                                "Actual Startup Time": 11.118,
                                                                "Actual Total Time": 36.066,
                                                                "Actual Rows": 1,
                                                                "Actual Loops": 1,
                                                                "Workers Planned": 1,
                                                                "Workers Launched": 1,
                                                                "Single Copy": false,
                                                                "Plans": [
                                                                  {
                                                                    "Node Type": "Seq Scan",
                                                                    "Parent Relationship": "Outer",
                                                                    "Parallel Aware": true,
                                                                    "Relation Name": "company_name",
                                                                    "Alias": "cn",
                                                                    "Startup Cost": 0.0,
                                                                    "Total Cost": 5068.5,
                                                                    "Plan Rows": 1,
                                                                    "Plan Width": 4,
                                                                    "Actual Startup Time": 17.639,
                                                                    "Actual Total Time": 30.003,
                                                                    "Actual Rows": 0,
                                                                    "Actual Loops": 2,
                                                                    "Filter": "(((country_code)::text = '[us]'::text) AND (name = 'YouTube'::text))",
                                                                    "Rows Removed by Filter": 117498
                                                                  }
                                                                ]
                                                              }
                                                            ]
                                                          },
                                                          {
                                                            "Node Type": "Sort",
                                                            "Parent Relationship": "Inner",
                                                            "Parallel Aware": false,
                                                            "Startup Cost": 45949.25,
                                                            "Total Cost": 45995.17,
                                                            "Plan Rows": 18367,
                                                            "Plan Width": 12,
                                                            "Actual Startup Time": 291.247,
                                                            "Actual Total Time": 291.369,
                                                            "Actual Rows": 414,
                                                            "Actual Loops": 1,
                                                            "Sort Key": [
                                                              "mc.company_id"
                                                            ],
                                                            "Sort Method": "quicksort",
                                                            "Sort Space Used": 4427,
                                                            "Sort Space Type": "Memory",
                                                            "Plans": [
                                                              {
                                                                "Node Type": "Gather",
                                                                "Parent Relationship": "Outer",
                                                                "Parallel Aware": false,
                                                                "Startup Cost": 1000.0,
                                                                "Total Cost": 44648.43,
                                                                "Plan Rows": 18367,
                                                                "Plan Width": 12,
                                                                "Actual Startup Time": 0.229,
                                                                "Actual Total Time": 280.838,
                                                                "Actual Rows": 61664,
                                                                "Actual Loops": 1,
                                                                "Workers Planned": 1,
                                                                "Workers Launched": 0,
                                                                "Single Copy": false,
                                                                "Plans": [
                                                                  {
                                                                    "Node Type": "Seq Scan",
                                                                    "Parent Relationship": "Outer",
                                                                    "Parallel Aware": true,
                                                                    "Relation Name": "movie_companies",
                                                                    "Alias": "mc",
                                                                    "Startup Cost": 0.0,
                                                                    "Total Cost": 41811.73,
                                                                    "Plan Rows": 10804,
                                                                    "Plan Width": 12,
                                                                    "Actual Startup Time": 0.01,
                                                                    "Actual Total Time": 276.983,
                                                                    "Actual Rows": 61664,
                                                                    "Actual Loops": 1,
                                                                    "Filter": "((note ~~ '%(200%)%'::text) AND (note ~~ '%(worldwide)%'::text))",
                                                                    "Rows Removed by Filter": 2547465
                                                                  }
                                                                ]
                                                              }
                                                            ]
                                                          }
                                                        ]
                                                      }
                                                    ]
                                                  },
                                                  {
                                                    "Node Type": "Sort",
                                                    "Parent Relationship": "Inner",
                                                    "Parallel Aware": false,
                                                    "Startup Cost": 1.08,
                                                    "Total Cost": 1.09,
                                                    "Plan Rows": 4,
                                                    "Plan Width": 4,
                                                    "Actual Startup Time": 0.021,
                                                    "Actual Total Time": 0.021,
                                                    "Actual Rows": 1,
                                                    "Actual Loops": 1,
                                                    "Sort Key": [
                                                      "ct.id"
                                                    ],
                                                    "Sort Method": "quicksort",
                                                    "Sort Space Used": 25,
                                                    "Sort Space Type": "Memory",
                                                    "Plans": [
                                                      {
                                                        "Node Type": "Seq Scan",
                                                        "Parent Relationship": "Outer",
                                                        "Parallel Aware": false,
                                                        "Relation Name": "company_type",
                                                        "Alias": "ct",
                                                        "Startup Cost": 0.0,
                                                        "Total Cost": 1.04,
                                                        "Plan Rows": 4,
                                                        "Plan Width": 4,
                                                        "Actual Startup Time": 0.013,
                                                        "Actual Total Time": 0.013,
                                                        "Actual Rows": 4,
                                                        "Actual Loops": 1
                                                      }
                                                    ]
                                                  }
                                                ]
                                              }
                                            ]
                                          },
                                          {
                                            "Node Type": "Sort",
                                            "Parent Relationship": "Inner",
                                            "Parallel Aware": false,
                                            "Startup Cost": 294228.19,
                                            "Total Cost": 294228.94,
                                            "Plan Rows": 301,
                                            "Plan Width": 51,
                                            "Actual Startup Time": 701.574,
                                            "Actual Total Time": 701.681,
                                            "Actual Rows": 1771,
                                            "Actual Loops": 1,
                                            "Sort Key": [
                                              "mi.movie_id"
                                            ],
                                            "Sort Method": "quicksort",
                                            "Sort Space Used": 187,
                                            "Sort Space Type": "Memory",
                                            "Plans": [
                                              {
                                                "Node Type": "Gather",
                                                "Parent Relationship": "Outer",
                                                "Parallel Aware": false,
                                                "Startup Cost": 1000.0,
                                                "Total Cost": 294215.8,
                                                "Plan Rows": 301,
                                                "Plan Width": 51,
                                                "Actual Startup Time": 193.269,
                                                "Actual Total Time": 701.176,
                                                "Actual Rows": 1771,
                                                "Actual Loops": 1,
                                                "Workers Planned": 1,
                                                "Workers Launched": 1,
                                                "Single Copy": false,
                                                "Plans": [
                                                  {
                                                    "Node Type": "Seq Scan",
                                                    "Parent Relationship": "Outer",
                                                    "Parallel Aware": true,
                                                    "Relation Name": "movie_info",
                                                    "Alias": "mi",
                                                    "Startup Cost": 0.0,
                                                    "Total Cost": 293185.7,
                                                    "Plan Rows": 177,
                                                    "Plan Width": 51,
                                                    "Actual Startup Time": 187.551,
                                                    "Actual Total Time": 695.15,
                                                    "Actual Rows": 886,
                                                    "Actual Loops": 2,
                                                    "Filter": "((note ~~ '%internet%'::text) AND (info ~~ 'USA:% 200%'::text))",
                                                    "Rows Removed by Filter": 7416974
                                                  }
                                                ]
                                              }
                                            ]
                                          }
                                        ]
                                      }
                                    ]
                                  },
                                  {
                                    "Node Type": "Sort",
                                    "Parent Relationship": "Inner",
                                    "Parallel Aware": false,
                                    "Startup Cost": 2.42,
                                    "Total Cost": 2.43,
                                    "Plan Rows": 1,
                                    "Plan Width": 4,
                                    "Actual Startup Time": 0.026,
                                    "Actual Total Time": 0.027,
                                    "Actual Rows": 1,
                                    "Actual Loops": 1,
                                    "Sort Key": [
                                      "it1.id"
                                    ],
                                    "Sort Method": "quicksort",
                                    "Sort Space Used": 25,
                                    "Sort Space Type": "Memory",
                                    "Plans": [
                                      {
                                        "Node Type": "Seq Scan",
                                        "Parent Relationship": "Outer",
                                        "Parallel Aware": false,
                                        "Relation Name": "info_type",
                                        "Alias": "it1",
                                        "Startup Cost": 0.0,
                                        "Total Cost": 2.41,
                                        "Plan Rows": 1,
                                        "Plan Width": 4,
                                        "Actual Startup Time": 0.014,
                                        "Actual Total Time": 0.018,
                                        "Actual Rows": 1,
                                        "Actual Loops": 1,
                                        "Filter": "((info)::text = 'release dates'::text)",
                                        "Rows Removed by Filter": 112
                                      }
                                    ]
                                  }
                                ]
                              }
                            ]
                          }
                        ]
                      },
                      {
                        "Node Type": "Index Scan",
                        "Parent Relationship": "Inner",
                        "Parallel Aware": false,
                        "Scan Direction": "Forward",
                        "Index Name": "movie_id_movie_keyword",
                        "Relation Name": "movie_keyword",
                        "Alias": "mk",
                        "Startup Cost": 0.43,
                        "Total Cost": 177148.48,
                        "Plan Rows": 4523930,
                        "Plan Width": 8,
                        "Actual Startup Time": 0.019,
                        "Actual Total Time": 499.097,
                        "Actual Rows": 4492584,
                        "Actual Loops": 1
                      }
                    ]
                  },
                  {
                    "Node Type": "Index Only Scan",
                    "Parent Relationship": "Inner",
                    "Parallel Aware": false,
                    "Scan Direction": "Forward",
                    "Index Name": "movie_id_aka_title",
                    "Relation Name": "aka_title",
                    "Alias": "at",
                    "Startup Cost": 0.42,
                    "Total Cost": 21135.93,
                    "Plan Rows": 361472,
                    "Plan Width": 4,
                    "Actual Startup Time": 0.016,
                    "Actual Total Time": 161.126,
                    "Actual Rows": 355409,
                    "Actual Loops": 1,
                    "Heap Fetches": 355409
                  }
                ]
              }
            ]
          }
        ]
      }
    ]
  },
  "Planning Time": 3.667,
  "Triggers": [],
  "Execution Time": 3091.451
}