[
  {
    "Plan": {
      "Node Type": "Aggregate",
      "Strategy": "Plain",
      "Partial Mode": "Finalize",
      "Parallel Aware": false,
      "Startup Cost": 81999.14,
      "Total Cost": 81999.15,
      "Plan Rows": 1,
      "Plan Width": 8,
      "Actual Startup Time": 359.11,
      "Actual Total Time": 398.25,
      "Actual Rows": 1,
      "Actual Loops": 1,
      "Plans": [
        {
          "Node Type": "Gather",
          "Parent Relationship": "Outer",
          "Parallel Aware": false,
          "Startup Cost": 81998.82,
          "Total Cost": 81999.13,
          "Plan Rows": 3,
          "Plan Width": 8,
          "Actual Startup Time": 357.47,
          "Actual Total Time": 398.24,
          "Actual Rows": 4,
          "Actual Loops": 1,
          "Workers Planned": 3,
          "Workers Launched": 3,
          "Single Copy": false,
          "Plans": [
            {
              "Node Type": "Aggregate",
              "Strategy": "Plain",
              "Partial Mode": "Partial",
              "Parent Relationship": "Outer",
              "Parallel Aware": false,
              "Startup Cost": 80998.82,
              "Total Cost": 80998.83,
              "Plan Rows": 1,
              "Plan Width": 8,
              "Actual Startup Time": 351.408,
              "Actual Total Time": 351.413,
              "Actual Rows": 1,
              "Actual Loops": 4,
              "Plans": [
                {
                  "Node Type": "Nested Loop",
                  "Parent Relationship": "Outer",
                  "Parallel Aware": false,
                  "Join Type": "Inner",
                  "Startup Cost": 47631.37,
                  "Total Cost": 80967.57,
                  "Plan Rows": 12501,
                  "Plan Width": 0,
                  "Actual Startup Time": 159.114,
                  "Actual Total Time": 343.748,
                  "Actual Rows": 130708,
                  "Actual Loops": 4,
                  "Inner Unique": false,
                  "Plans": [
                    {
                      "Node Type": "Hash Join",
                      "Parent Relationship": "Outer",
                      "Parallel Aware": true,
                      "Join Type": "Inner",
                      "Startup Cost": 47630.94,
                      "Total Cost": 73215.52,
                      "Plan Rows": 2129,
                      "Plan Width": 8,
                      "Actual Startup Time": 158.999,
                      "Actual Total Time": 182.494,
                      "Actual Rows": 6046,
                      "Actual Loops": 4,
                      "Inner Unique": true,
                      "Hash Cond": "(mk.movie_id = t.id)",
                      "Plans": [
                        {
                          "Node Type": "Bitmap Heap Scan",
                          "Parent Relationship": "Outer",
                          "Parallel Aware": true,
                          "Relation Name": "movie_keyword",
                          "Alias": "mk",
                          "Startup Cost": 851.3,
                          "Total Cost": 26401.92,
                          "Plan Rows": 12939,
                          "Plan Width": 4,
                          "Actual Startup Time": 6.44,
                          "Actual Total Time": 21.657,
                          "Actual Rows": 10460,
                          "Actual Loops": 4,
                          "Recheck Cond": "(keyword_id = 117)",
                          "Rows Removed by Index Recheck": 0,
                          "Exact Heap Blocks": 3671,
                          "Lossy Heap Blocks": 0,
                          "Plans": [
                            {
                              "Node Type": "Bitmap Index Scan",
                              "Parent Relationship": "Outer",
                              "Parallel Aware": false,
                              "Index Name": "keyword_id_movie_keyword",
                              "Startup Cost": 0.0,
                              "Total Cost": 841.27,
                              "Plan Rows": 40112,
                              "Plan Width": 0,
                              "Actual Startup Time": 3.782,
                              "Actual Total Time": 3.783,
                              "Actual Rows": 41840,
                              "Actual Loops": 1,
                              "Index Cond": "(keyword_id = 117)"
                            }
                          ]
                        },
                        {
                          "Node Type": "Hash",
                          "Parent Relationship": "Inner",
                          "Parallel Aware": true,
                          "Startup Cost": 45479.59,
                          "Total Cost": 45479.59,
                          "Plan Rows": 104004,
                          "Plan Width": 4,
                          "Actual Startup Time": 150.444,
                          "Actual Total Time": 150.445,
                          "Actual Rows": 129492,
                          "Actual Loops": 4,
                          "Hash Buckets": 524288,
                          "Original Hash Buckets": 524288,
                          "Hash Batches": 1,
                          "Original Hash Batches": 1,
                          "Peak Memory Usage": 24416,
                          "Plans": [
                            {
                              "Node Type": "Seq Scan",
                              "Parent Relationship": "Outer",
                              "Parallel Aware": true,
                              "Relation Name": "title",
                              "Alias": "t",
                              "Startup Cost": 0.0,
                              "Total Cost": 45479.59,
                              "Plan Rows": 104004,
                              "Plan Width": 4,
                              "Actual Startup Time": 0.051,
                              "Actual Total Time": 103.276,
                              "Actual Rows": 129492,
                              "Actual Loops": 4,
                              "Filter": "((kind_id < 7) AND (production_year < 2001))",
                              "Rows Removed by Filter": 502586
                            }
                          ]
                        }
                      ]
                    },
                    {
                      "Node Type": "Index Only Scan",
                      "Parent Relationship": "Inner",
                      "Parallel Aware": false,
                      "Scan Direction": "Forward",
                      "Index Name": "movie_id_movie_info",
                      "Relation Name": "movie_info",
                      "Alias": "mi",
                      "Startup Cost": 0.43,
                      "Total Cost": 3.23,
                      "Plan Rows": 41,
                      "Plan Width": 4,
                      "Actual Startup Time": 0.007,
                      "Actual Total Time": 0.024,
                      "Actual Rows": 22,
                      "Actual Loops": 24186,
                      "Index Cond": "(movie_id = t.id)",
                      "Rows Removed by Index Recheck": 0,
                      "Heap Fetches": 522833
                    }
                  ]
                }
              ]
            }
          ]
        }
      ]
    },
    "Planning Time": 0.675,
    "Triggers": [],
    "Execution Time": 398.345
  }
]