[
  {
    "Plan": {
      "Node Type": "Aggregate",
      "Strategy": "Plain",
      "Partial Mode": "Finalize",
      "Parallel Aware": false,
      "Startup Cost": 296012.6,
      "Total Cost": 296012.61,
      "Plan Rows": 1,
      "Plan Width": 8,
      "Actual Startup Time": 2435.134,
      "Actual Total Time": 2485.816,
      "Actual Rows": 1,
      "Actual Loops": 1,
      "Plans": [
        {
          "Node Type": "Gather",
          "Parent Relationship": "Outer",
          "Parallel Aware": false,
          "Startup Cost": 296012.08,
          "Total Cost": 296012.59,
          "Plan Rows": 5,
          "Plan Width": 8,
          "Actual Startup Time": 2425.534,
          "Actual Total Time": 2485.807,
          "Actual Rows": 6,
          "Actual Loops": 1,
          "Workers Planned": 5,
          "Workers Launched": 5,
          "Single Copy": false,
          "Plans": [
            {
              "Node Type": "Aggregate",
              "Strategy": "Plain",
              "Partial Mode": "Partial",
              "Parent Relationship": "Outer",
              "Parallel Aware": false,
              "Startup Cost": 295012.08,
              "Total Cost": 295012.09,
              "Plan Rows": 1,
              "Plan Width": 8,
              "Actual Startup Time": 2409.389,
              "Actual Total Time": 2409.394,
              "Actual Rows": 1,
              "Actual Loops": 6,
              "Plans": [
                {
                  "Node Type": "Hash Join",
                  "Parent Relationship": "Outer",
                  "Parallel Aware": true,
                  "Join Type": "Inner",
                  "Startup Cost": 85814.28,
                  "Total Cost": 291737.22,
                  "Plan Rows": 1309942,
                  "Plan Width": 0,
                  "Actual Startup Time": 449.825,
                  "Actual Total Time": 2019.455,
                  "Actual Rows": 7146072,
                  "Actual Loops": 6,
                  "Inner Unique": false,
                  "Hash Cond": "(mi.movie_id = t.id)",
                  "Plans": [
                    {
                      "Node Type": "Seq Scan",
                      "Parent Relationship": "Outer",
                      "Parallel Aware": true,
                      "Relation Name": "movie_info",
                      "Alias": "mi",
                      "Startup Cost": 0.0,
                      "Total Cost": 191560.33,
                      "Plan Rows": 2956733,
                      "Plan Width": 4,
                      "Actual Startup Time": 0.019,
                      "Actual Total Time": 347.61,
                      "Actual Rows": 2472620,
                      "Actual Loops": 6
                    },
                    {
                      "Node Type": "Hash",
                      "Parent Relationship": "Inner",
                      "Parallel Aware": true,
                      "Startup Cost": 82313.88,
                      "Total Cost": 82313.88,
                      "Plan Rows": 280032,
                      "Plan Width": 8,
                      "Actual Startup Time": 443.263,
                      "Actual Total Time": 443.266,
                      "Actual Rows": 169058,
                      "Actual Loops": 6,
                      "Hash Buckets": 2097152,
                      "Original Hash Buckets": 2097152,
                      "Hash Batches": 1,
                      "Original Hash Batches": 1,
                      "Peak Memory Usage": 56160,
                      "Plans": [
                        {
                          "Node Type": "Hash Join",
                          "Parent Relationship": "Outer",
                          "Parallel Aware": true,
                          "Join Type": "Inner",
                          "Startup Cost": 35931.46,
                          "Total Cost": 82313.88,
                          "Plan Rows": 280032,
                          "Plan Width": 8,
                          "Actual Startup Time": 154.609,
                          "Actual Total Time": 369.305,
                          "Actual Rows": 169058,
                          "Actual Loops": 6,
                          "Inner Unique": false,
                          "Hash Cond": "(t.id = mc.movie_id)",
                          "Plans": [
                            {
                              "Node Type": "Seq Scan",
                              "Parent Relationship": "Outer",
                              "Parallel Aware": true,
                              "Relation Name": "title",
                              "Alias": "t",
                              "Startup Cost": 0.0,
                              "Total Cost": 42318.73,
                              "Plan Rows": 632073,
                              "Plan Width": 4,
                              "Actual Startup Time": 0.016,
                              "Actual Total Time": 67.752,
                              "Actual Rows": 421385,
                              "Actual Loops": 6
                            },
                            {
                              "Node Type": "Hash",
                              "Parent Relationship": "Inner",
                              "Parallel Aware": true,
                              "Startup Cost": 31414.82,
                              "Total Cost": 31414.82,
                              "Plan Rows": 361331,
                              "Plan Width": 4,
                              "Actual Startup Time": 151.499,
                              "Actual Total Time": 151.5,
                              "Actual Rows": 169058,
                              "Actual Loops": 6,
                              "Hash Buckets": 2097152,
                              "Original Hash Buckets": 2097152,
                              "Hash Batches": 1,
                              "Original Hash Batches": 1,
                              "Peak Memory Usage": 56160,
                              "Plans": [
                                {
                                  "Node Type": "Seq Scan",
                                  "Parent Relationship": "Outer",
                                  "Parallel Aware": true,
                                  "Relation Name": "movie_companies",
                                  "Alias": "mc",
                                  "Startup Cost": 0.0,
                                  "Total Cost": 31414.82,
                                  "Plan Rows": 361331,
                                  "Plan Width": 4,
                                  "Actual Startup Time": 0.092,
                                  "Actual Total Time": 73.366,
                                  "Actual Rows": 169058,
                                  "Actual Loops": 6,
                                  "Filter": "((company_id > 160) AND (company_type_id = 1))",
                                  "Rows Removed by Filter": 265797
                                }
                              ]
                            }
                          ]
                        }
                      ]
                    }
                  ]
                }
              ]
            }
          ]
        }
      ]
    },
    "Planning Time": 1.451,
    "Triggers": [],
    "Execution Time": 2485.908
  }
]