[
  {
    "Plan": {
      "Node Type": "Aggregate",
      "Strategy": "Plain",
      "Partial Mode": "Finalize",
      "Parallel Aware": false,
      "Startup Cost": 72166.26,
      "Total Cost": 72166.27,
      "Plan Rows": 1,
      "Plan Width": 8,
      "Actual Startup Time": 94.528,
      "Actual Total Time": 108.006,
      "Actual Rows": 1,
      "Actual Loops": 1,
      "Plans": [
        {
          "Node Type": "Gather",
          "Parent Relationship": "Outer",
          "Parallel Aware": false,
          "Startup Cost": 72165.84,
          "Total Cost": 72166.25,
          "Plan Rows": 4,
          "Plan Width": 8,
          "Actual Startup Time": 94.37,
          "Actual Total Time": 107.993,
          "Actual Rows": 5,
          "Actual Loops": 1,
          "Workers Planned": 4,
          "Workers Launched": 4,
          "Single Copy": false,
          "Plans": [
            {
              "Node Type": "Aggregate",
              "Strategy": "Plain",
              "Partial Mode": "Partial",
              "Parent Relationship": "Outer",
              "Parallel Aware": false,
              "Startup Cost": 71165.84,
              "Total Cost": 71165.85,
              "Plan Rows": 1,
              "Plan Width": 8,
              "Actual Startup Time": 88.798,
              "Actual Total Time": 88.799,
              "Actual Rows": 1,
              "Actual Loops": 5,
              "Plans": [
                {
                  "Node Type": "Nested Loop",
                  "Parent Relationship": "Outer",
                  "Parallel Aware": false,
                  "Join Type": "Inner",
                  "Startup Cost": 0.43,
                  "Total Cost": 71151.36,
                  "Plan Rows": 5794,
                  "Plan Width": 0,
                  "Actual Startup Time": 1.104,
                  "Actual Total Time": 88.736,
                  "Actual Rows": 775,
                  "Actual Loops": 5,
                  "Inner Unique": false,
                  "Plans": [
                    {
                      "Node Type": "Seq Scan",
                      "Parent Relationship": "Outer",
                      "Parallel Aware": true,
                      "Relation Name": "title",
                      "Alias": "t",
                      "Startup Cost": 0.0,
                      "Total Cost": 45479.59,
                      "Plan Rows": 3238,
                      "Plan Width": 4,
                      "Actual Startup Time": 0.047,
                      "Actual Total Time": 78.446,
                      "Actual Rows": 2308,
                      "Actual Loops": 5,
                      "Filter": "((kind_id = 7) AND (production_year = 1988))",
                      "Rows Removed by Filter": 503354
                    },
                    {
                      "Node Type": "Index Only Scan",
                      "Parent Relationship": "Inner",
                      "Parallel Aware": false,
                      "Scan Direction": "Forward",
                      "Index Name": "movie_id_movie_keyword",
                      "Relation Name": "movie_keyword",
                      "Alias": "mk",
                      "Startup Cost": 0.43,
                      "Total Cost": 7.47,
                      "Plan Rows": 46,
                      "Plan Width": 4,
                      "Actual Startup Time": 0.004,
                      "Actual Total Time": 0.004,
                      "Actual Rows": 0,
                      "Actual Loops": 11542,
                      "Index Cond": "(movie_id = t.id)",
                      "Rows Removed by Index Recheck": 0,
                      "Heap Fetches": 3874
                    }
                  ]
                }
              ]
            }
          ]
        }
      ]
    },
    "Planning Time": 0.263,
    "Triggers": [],
    "Execution Time": 108.045
  }
]