[
  {
    "Plan": {
      "Node Type": "Aggregate",
      "Strategy": "Plain",
      "Partial Mode": "Finalize",
      "Parallel Aware": false,
      "Startup Cost": 422890.8,
      "Total Cost": 422890.81,
      "Plan Rows": 1,
      "Plan Width": 8,
      "Actual Startup Time": 1775.819,
      "Actual Total Time": 1852.218,
      "Actual Rows": 1,
      "Actual Loops": 1,
      "Plans": [
        {
          "Node Type": "Gather",
          "Parent Relationship": "Outer",
          "Parallel Aware": false,
          "Startup Cost": 422890.18,
          "Total Cost": 422890.79,
          "Plan Rows": 6,
          "Plan Width": 8,
          "Actual Startup Time": 1754.264,
          "Actual Total Time": 1852.169,
          "Actual Rows": 7,
          "Actual Loops": 1,
          "Workers Planned": 6,
          "Workers Launched": 6,
          "Single Copy": false,
          "Plans": [
            {
              "Node Type": "Aggregate",
              "Strategy": "Plain",
              "Partial Mode": "Partial",
              "Parent Relationship": "Outer",
              "Parallel Aware": false,
              "Startup Cost": 421890.18,
              "Total Cost": 421890.19,
              "Plan Rows": 1,
              "Plan Width": 8,
              "Actual Startup Time": 1737.805,
              "Actual Total Time": 1738.567,
              "Actual Rows": 1,
              "Actual Loops": 7,
              "Plans": [
                {
                  "Node Type": "Hash Join",
                  "Parent Relationship": "Outer",
                  "Parallel Aware": true,
                  "Join Type": "Inner",
                  "Startup Cost": 73395.72,
                  "Total Cost": 420959.88,
                  "Plan Rows": 372120,
                  "Plan Width": 0,
                  "Actual Startup Time": 960.78,
                  "Actual Total Time": 1675.868,
                  "Actual Rows": 1129937,
                  "Actual Loops": 7,
                  "Inner Unique": false,
                  "Hash Cond": "(ci.movie_id = t.id)",
                  "Plans": [
                    {
                      "Node Type": "Seq Scan",
                      "Parent Relationship": "Outer",
                      "Parallel Aware": true,
                      "Relation Name": "cast_info",
                      "Alias": "ci",
                      "Startup Cost": 0.0,
                      "Total Cost": 343316.27,
                      "Plan Rows": 719303,
                      "Plan Width": 4,
                      "Actual Startup Time": 462.435,
                      "Actual Total Time": 768.526,
                      "Actual Rows": 938402,
                      "Actual Loops": 7,
                      "Filter": "((person_id > 3001378) AND (role_id > 1))",
                      "Rows Removed by Filter": 4239361
                    },
                    {
                      "Node Type": "Hash",
                      "Parent Relationship": "Inner",
                      "Parallel Aware": true,
                      "Startup Cost": 66583.01,
                      "Total Cost": 66583.01,
                      "Plan Rows": 545017,
                      "Plan Width": 8,
                      "Actual Startup Time": 493.32,
                      "Actual Total Time": 494.081,
                      "Actual Rows": 195278,
                      "Actual Loops": 7,
                      "Hash Buckets": 2097152,
                      "Original Hash Buckets": 2097152,
                      "Hash Batches": 1,
                      "Original Hash Batches": 1,
                      "Peak Memory Usage": 69984,
                      "Plans": [
                        {
                          "Node Type": "Hash Join",
                          "Parent Relationship": "Outer",
                          "Parallel Aware": true,
                          "Join Type": "Inner",
                          "Startup Cost": 51388.45,
                          "Total Cost": 66583.01,
                          "Plan Rows": 545017,
                          "Plan Width": 8,
                          "Actual Startup Time": 313.9,
                          "Actual Total Time": 412.765,
                          "Actual Rows": 195278,
                          "Actual Loops": 7,
                          "Inner Unique": true,
                          "Hash Cond": "(mi_idx.movie_id = t.id)",
                          "Plans": [
                            {
                              "Node Type": "Seq Scan",
                              "Parent Relationship": "Outer",
                              "Parallel Aware": true,
                              "Relation Name": "movie_info_idx",
                              "Alias": "mi_idx",
                              "Startup Cost": 0.0,
                              "Total Cost": 13685.15,
                              "Plan Rows": 575015,
                              "Plan Width": 4,
                              "Actual Startup Time": 0.038,
                              "Actual Total Time": 25.245,
                              "Actual Rows": 197148,
                              "Actual Loops": 7
                            },
                            {
                              "Node Type": "Hash",
                              "Parent Relationship": "Inner",
                              "Parallel Aware": true,
                              "Startup Cost": 43899.32,
                              "Total Cost": 43899.32,
                              "Plan Rows": 599130,
                              "Plan Width": 4,
                              "Actual Startup Time": 308.429,
                              "Actual Total Time": 308.431,
                              "Actual Rows": 342339,
                              "Actual Loops": 7,
                              "Hash Buckets": 4194304,
                              "Original Hash Buckets": 4194304,
                              "Hash Batches": 1,
                              "Original Hash Batches": 1,
                              "Peak Memory Usage": 126624,
                              "Plans": [
                                {
                                  "Node Type": "Seq Scan",
                                  "Parent Relationship": "Outer",
                                  "Parallel Aware": true,
                                  "Relation Name": "title",
                                  "Alias": "t",
                                  "Startup Cost": 0.0,
                                  "Total Cost": 43899.32,
                                  "Plan Rows": 599130,
                                  "Plan Width": 4,
                                  "Actual Startup Time": 0.082,
                                  "Actual Total Time": 99.507,
                                  "Actual Rows": 342339,
                                  "Actual Loops": 7,
                                  "Filter": "(production_year > 1914)",
                                  "Rows Removed by Filter": 18849
                                }
                              ]
                            }
                          ]
                        }
                      ]
                    }
                  ]
                }
              ]
            }
          ]
        }
      ]
    },
    "Planning Time": 1.328,
    "Triggers": [],
    "Execution Time": 1852.328
  }
]