[
    {
        "Bao": {
            "Bao prediction": "NaN",
            "Bao recommended hint": "(no hint)"
        }
    },
    {
        "Plan": {
            "Node Type": "Aggregate",
            "Strategy": "Plain",
            "Partial Mode": "Finalize",
            "Parallel Aware": false,
            "Startup Cost": 85433.0,
            "Total Cost": 85433.01,
            "Plan Rows": 1,
            "Plan Width": 8,
            "Actual Startup Time": 265.137,
            "Actual Total Time": 277.219,
            "Actual Rows": 1,
            "Actual Loops": 1,
            "Output": [
                "count(*)"
            ],
            "Plans": [
                {
                    "Node Type": "Gather",
                    "Parent Relationship": "Outer",
                    "Parallel Aware": false,
                    "Startup Cost": 85432.68,
                    "Total Cost": 85432.99,
                    "Plan Rows": 3,
                    "Plan Width": 8,
                    "Actual Startup Time": 263.821,
                    "Actual Total Time": 277.206,
                    "Actual Rows": 4,
                    "Actual Loops": 1,
                    "Output": [
                        "(PARTIAL count(*))"
                    ],
                    "Workers Planned": 3,
                    "Workers Launched": 3,
                    "Single Copy": false,
                    "Plans": [
                        {
                            "Node Type": "Aggregate",
                            "Strategy": "Plain",
                            "Partial Mode": "Partial",
                            "Parent Relationship": "Outer",
                            "Parallel Aware": false,
                            "Startup Cost": 84432.68,
                            "Total Cost": 84432.69,
                            "Plan Rows": 1,
                            "Plan Width": 8,
                            "Actual Startup Time": 254.958,
                            "Actual Total Time": 254.961,
                            "Actual Rows": 1,
                            "Actual Loops": 4,
                            "Output": [
                                "PARTIAL count(*)"
                            ],
                            "Workers": [
                                {
                                    "Worker Number": 0,
                                    "Actual Startup Time": 252.021,
                                    "Actual Total Time": 252.024,
                                    "Actual Rows": 1,
                                    "Actual Loops": 1
                                },
                                {
                                    "Worker Number": 1,
                                    "Actual Startup Time": 252.129,
                                    "Actual Total Time": 252.132,
                                    "Actual Rows": 1,
                                    "Actual Loops": 1
                                },
                                {
                                    "Worker Number": 2,
                                    "Actual Startup Time": 252.215,
                                    "Actual Total Time": 252.219,
                                    "Actual Rows": 1,
                                    "Actual Loops": 1
                                }
                            ],
                            "Plans": [
                                {
                                    "Node Type": "Hash Join",
                                    "Parent Relationship": "Outer",
                                    "Parallel Aware": true,
                                    "Join Type": "Inner",
                                    "Startup Cost": 57439.31,
                                    "Total Cost": 84371.11,
                                    "Plan Rows": 24630,
                                    "Plan Width": 0,
                                    "Actual Startup Time": 186.188,
                                    "Actual Total Time": 253.486,
                                    "Actual Rows": 24721,
                                    "Actual Loops": 4,
                                    "Inner Unique": true,
                                    "Hash Cond": "(mk.movie_id = t.id)",
                                    "Workers": [
                                        {
                                            "Worker Number": 0,
                                            "Actual Startup Time": 183.288,
                                            "Actual Total Time": 250.628,
                                            "Actual Rows": 24653,
                                            "Actual Loops": 1
                                        },
                                        {
                                            "Worker Number": 1,
                                            "Actual Startup Time": 183.252,
                                            "Actual Total Time": 250.758,
                                            "Actual Rows": 25663,
                                            "Actual Loops": 1
                                        },
                                        {
                                            "Worker Number": 2,
                                            "Actual Startup Time": 183.488,
                                            "Actual Total Time": 250.758,
                                            "Actual Rows": 26057,
                                            "Actual Loops": 1
                                        }
                                    ],
                                    "Plans": [
                                        {
                                            "Node Type": "Bitmap Heap Scan",
                                            "Parent Relationship": "Outer",
                                            "Parallel Aware": true,
                                            "Relation Name": "movie_keyword",
                                            "Schema": "public",
                                            "Alias": "mk",
                                            "Startup Cost": 10772.23,
                                            "Total Cost": 37273.99,
                                            "Plan Rows": 163821,
                                            "Plan Width": 4,
                                            "Actual Startup Time": 40.932,
                                            "Actual Total Time": 102.412,
                                            "Actual Rows": 125599,
                                            "Actual Loops": 4,
                                            "Output": [
                                                "mk.id",
                                                "mk.movie_id",
                                                "mk.keyword_id"
                                            ],
                                            "Recheck Cond": "(mk.keyword_id < 364)",
                                            "Rows Removed by Index Recheck": 0,
                                            "Exact Heap Blocks": 5664,
                                            "Lossy Heap Blocks": 0,
                                            "Workers": [
                                                {
                                                    "Worker Number": 0,
                                                    "Actual Startup Time": 41.006,
                                                    "Actual Total Time": 104.191,
                                                    "Actual Rows": 118633,
                                                    "Actual Loops": 1
                                                },
                                                {
                                                    "Worker Number": 1,
                                                    "Actual Startup Time": 40.73,
                                                    "Actual Total Time": 102.965,
                                                    "Actual Rows": 145580,
                                                    "Actual Loops": 1
                                                },
                                                {
                                                    "Worker Number": 2,
                                                    "Actual Startup Time": 41.067,
                                                    "Actual Total Time": 104.067,
                                                    "Actual Rows": 120969,
                                                    "Actual Loops": 1
                                                }
                                            ],
                                            "Plans": [
                                                {
                                                    "Node Type": "Bitmap Index Scan",
                                                    "Parent Relationship": "Outer",
                                                    "Parallel Aware": false,
                                                    "Index Name": "keyword_id_movie_keyword",
                                                    "Startup Cost": 0.0,
                                                    "Total Cost": 10645.27,
                                                    "Plan Rows": 507845,
                                                    "Plan Width": 0,
                                                    "Actual Startup Time": 37.281,
                                                    "Actual Total Time": 37.281,
                                                    "Actual Rows": 502395,
                                                    "Actual Loops": 1,
                                                    "Index Cond": "(mk.keyword_id < 364)",
                                                    "Workers": [
                                                        {
                                                            "Worker Number": 1,
                                                            "Actual Startup Time": 37.281,
                                                            "Actual Total Time": 37.281,
                                                            "Actual Rows": 502395,
                                                            "Actual Loops": 1
                                                        }
                                                    ]
                                                }
                                            ]
                                        },
                                        {
                                            "Node Type": "Hash",
                                            "Parent Relationship": "Inner",
                                            "Parallel Aware": true,
                                            "Startup Cost": 45479.21,
                                            "Total Cost": 45479.21,
                                            "Plan Rows": 95030,
                                            "Plan Width": 4,
                                            "Actual Startup Time": 119.26,
                                            "Actual Total Time": 119.261,
                                            "Actual Rows": 70529,
                                            "Actual Loops": 4,
                                            "Output": [
                                                "t.id"
                                            ],
                                            "Hash Buckets": 524288,
                                            "Original Hash Buckets": 524288,
                                            "Hash Batches": 1,
                                            "Original Hash Batches": 1,
                                            "Peak Memory Usage": 15200,
                                            "Workers": [
                                                {
                                                    "Worker Number": 0,
                                                    "Actual Startup Time": 117.806,
                                                    "Actual Total Time": 117.806,
                                                    "Actual Rows": 73795,
                                                    "Actual Loops": 1
                                                },
                                                {
                                                    "Worker Number": 1,
                                                    "Actual Startup Time": 117.795,
                                                    "Actual Total Time": 117.796,
                                                    "Actual Rows": 72576,
                                                    "Actual Loops": 1
                                                },
                                                {
                                                    "Worker Number": 2,
                                                    "Actual Startup Time": 118.028,
                                                    "Actual Total Time": 118.029,
                                                    "Actual Rows": 73270,
                                                    "Actual Loops": 1
                                                }
                                            ],
                                            "Plans": [
                                                {
                                                    "Node Type": "Seq Scan",
                                                    "Parent Relationship": "Outer",
                                                    "Parallel Aware": true,
                                                    "Relation Name": "title",
                                                    "Schema": "public",
                                                    "Alias": "t",
                                                    "Startup Cost": 0.0,
                                                    "Total Cost": 45479.21,
                                                    "Plan Rows": 95030,
                                                    "Plan Width": 4,
                                                    "Actual Startup Time": 42.606,
                                                    "Actual Total Time": 95.301,
                                                    "Actual Rows": 70529,
                                                    "Actual Loops": 4,
                                                    "Output": [
                                                        "t.id"
                                                    ],
                                                    "Filter": "((t.kind_id < 2) AND (t.production_year > 1999))",
                                                    "Rows Removed by Filter": 561549,
                                                    "Workers": [
                                                        {
                                                            "Worker Number": 0,
                                                            "Actual Startup Time": 54.013,
                                                            "Actual Total Time": 94.615,
                                                            "Actual Rows": 73795,
                                                            "Actual Loops": 1
                                                        },
                                                        {
                                                            "Worker Number": 1,
                                                            "Actual Startup Time": 54.151,
                                                            "Actual Total Time": 93.9,
                                                            "Actual Rows": 72576,
                                                            "Actual Loops": 1
                                                        },
                                                        {
                                                            "Worker Number": 2,
                                                            "Actual Startup Time": 54.437,
                                                            "Actual Total Time": 94.533,
                                                            "Actual Rows": 73270,
                                                            "Actual Loops": 1
                                                        }
                                                    ]
                                                }
                                            ]
                                        }
                                    ]
                                }
                            ]
                        }
                    ]
                }
            ]
        },
        "Planning Time": 278.499,
        "Triggers": [],
        "Execution Time": 277.294
    }
]