{
  "Plan": {
    "Node Type": "Aggregate",
    "Strategy": "Plain",
    "Partial Mode": "Finalize",
    "Parallel Aware": false,
    "Startup Cost": 80662.82,
    "Total Cost": 80662.83,
    "Plan Rows": 1,
    "Plan Width": 8,
    "Actual Startup Time": 163.342,
    "Actual Total Time": 177.554,
    "Actual Rows": 1,
    "Actual Loops": 1,
    "Plans": [
      {
        "Node Type": "Gather",
        "Parent Relationship": "Outer",
        "Parallel Aware": false,
        "Startup Cost": 80662.7,
        "Total Cost": 80662.81,
        "Plan Rows": 1,
        "Plan Width": 8,
        "Actual Startup Time": 163.15,
        "Actual Total Time": 177.548,
        "Actual Rows": 2,
        "Actual Loops": 1,
        "Workers Planned": 1,
        "Workers Launched": 1,
        "Single Copy": false,
        "Plans": [
          {
            "Node Type": "Aggregate",
            "Strategy": "Plain",
            "Partial Mode": "Partial",
            "Parent Relationship": "Outer",
            "Parallel Aware": false,
            "Startup Cost": 79662.7,
            "Total Cost": 79662.71,
            "Plan Rows": 1,
            "Plan Width": 8,
            "Actual Startup Time": 159.232,
            "Actual Total Time": 159.236,
            "Actual Rows": 1,
            "Actual Loops": 2,
            "Plans": [
              {
                "Node Type": "Hash Join",
                "Parent Relationship": "Outer",
                "Parallel Aware": true,
                "Join Type": "Inner",
                "Startup Cost": 60096.84,
                "Total Cost": 79662.54,
                "Plan Rows": 65,
                "Plan Width": 0,
                "Actual Startup Time": 154.467,
                "Actual Total Time": 159.216,
                "Actual Rows": 258,
                "Actual Loops": 2,
                "Inner Unique": true,
                "Hash Cond": "(mc.movie_id = t.id)",
                "Plans": [
                  {
                    "Node Type": "Bitmap Heap Scan",
                    "Parent Relationship": "Outer",
                    "Parallel Aware": true,
                    "Relation Name": "movie_companies",
                    "Alias": "mc",
                    "Startup Cost": 1740.22,
                    "Total Cost": 21242.62,
                    "Plan Rows": 24114,
                    "Plan Width": 4,
                    "Actual Startup Time": 16.515,
                    "Actual Total Time": 20.214,
                    "Actual Rows": 8776,
                    "Actual Loops": 2,
                    "Recheck Cond": "(company_id < 19)",
                    "Rows Removed by Index Recheck": 0,
                    "Filter": "(company_type_id > 1)",
                    "Rows Removed by Filter": 33260,
                    "Exact Heap Blocks": 6163,
                    "Lossy Heap Blocks": 0,
                    "Plans": [
                      {
                        "Node Type": "Bitmap Index Scan",
                        "Parent Relationship": "Outer",
                        "Parallel Aware": false,
                        "Index Name": "company_id_movie_companies",
                        "Startup Cost": 0.0,
                        "Total Cost": 1729.97,
                        "Plan Rows": 80739,
                        "Plan Width": 0,
                        "Actual Startup Time": 4.752,
                        "Actual Total Time": 4.753,
                        "Actual Rows": 84071,
                        "Actual Loops": 1,
                        "Index Cond": "(company_id < 19)"
                      }
                    ]
                  },
                  {
                    "Node Type": "Hash",
                    "Parent Relationship": "Inner",
                    "Parallel Aware": true,
                    "Startup Cost": 58306.47,
                    "Total Cost": 58306.47,
                    "Plan Rows": 4012,
                    "Plan Width": 4,
                    "Actual Startup Time": 136.974,
                    "Actual Total Time": 136.975,
                    "Actual Rows": 3367,
                    "Actual Loops": 2,
                    "Hash Buckets": 8192,
                    "Original Hash Buckets": 8192,
                    "Hash Batches": 1,
                    "Original Hash Batches": 1,
                    "Peak Memory Usage": 352,
                    "Plans": [
                      {
                        "Node Type": "Seq Scan",
                        "Parent Relationship": "Outer",
                        "Parallel Aware": true,
                        "Relation Name": "title",
                        "Alias": "t",
                        "Startup Cost": 0.0,
                        "Total Cost": 58306.47,
                        "Plan Rows": 4012,
                        "Plan Width": 4,
                        "Actual Startup Time": 0.136,
                        "Actual Total Time": 135.624,
                        "Actual Rows": 3367,
                        "Actual Loops": 2,
                        "Filter": "((kind_id > 4) AND (production_year = 1961))",
                        "Rows Removed by Filter": 1260789
                      }
                    ]
                  }
                ]
              }
            ]
          }
        ]
      }
    ]
  },
  "Planning Time": 0.632,
  "Triggers": [],
  "Execution Time": 177.648
}