[
  {
    "Plan": {
      "Node Type": "Aggregate",
      "Strategy": "Plain",
      "Partial Mode": "Finalize",
      "Parallel Aware": false,
      "Startup Cost": 213186.86,
      "Total Cost": 213186.87,
      "Plan Rows": 1,
      "Plan Width": 8,
      "Actual Startup Time": 185.888,
      "Actual Total Time": 198.641,
      "Actual Rows": 1,
      "Actual Loops": 1,
      "Plans": [
        {
          "Node Type": "Gather",
          "Parent Relationship": "Outer",
          "Parallel Aware": false,
          "Startup Cost": 213186.33,
          "Total Cost": 213186.84,
          "Plan Rows": 5,
          "Plan Width": 8,
          "Actual Startup Time": 182.297,
          "Actual Total Time": 198.624,
          "Actual Rows": 6,
          "Actual Loops": 1,
          "Workers Planned": 5,
          "Workers Launched": 5,
          "Single Copy": false,
          "Plans": [
            {
              "Node Type": "Aggregate",
              "Strategy": "Plain",
              "Partial Mode": "Partial",
              "Parent Relationship": "Outer",
              "Parallel Aware": false,
              "Startup Cost": 212186.33,
              "Total Cost": 212186.34,
              "Plan Rows": 1,
              "Plan Width": 8,
              "Actual Startup Time": 171.355,
              "Actual Total Time": 171.358,
              "Actual Rows": 1,
              "Actual Loops": 6,
              "Plans": [
                {
                  "Node Type": "Hash Join",
                  "Parent Relationship": "Outer",
                  "Parallel Aware": true,
                  "Join Type": "Inner",
                  "Startup Cost": 48404.34,
                  "Total Cost": 212168.87,
                  "Plan Rows": 6985,
                  "Plan Width": 0,
                  "Actual Startup Time": 157.581,
                  "Actual Total Time": 170.935,
                  "Actual Rows": 7211,
                  "Actual Loops": 6,
                  "Inner Unique": true,
                  "Hash Cond": "(mi.movie_id = t.id)",
                  "Plans": [
                    {
                      "Node Type": "Bitmap Heap Scan",
                      "Parent Relationship": "Outer",
                      "Parallel Aware": true,
                      "Relation Name": "movie_info",
                      "Alias": "mi",
                      "Startup Cost": 2541.64,
                      "Total Cost": 166232.39,
                      "Plan Rows": 28109,
                      "Plan Width": 4,
                      "Actual Startup Time": 4.525,
                      "Actual Total Time": 9.328,
                      "Actual Rows": 23344,
                      "Actual Loops": 6,
                      "Recheck Cond": "(info_type_id = 9)",
                      "Rows Removed by Index Recheck": 0,
                      "Exact Heap Blocks": 401,
                      "Lossy Heap Blocks": 0,
                      "Plans": [
                        {
                          "Node Type": "Bitmap Index Scan",
                          "Parent Relationship": "Outer",
                          "Parallel Aware": false,
                          "Index Name": "info_type_id_movie_info",
                          "Startup Cost": 0.0,
                          "Total Cost": 2506.51,
                          "Plan Rows": 140543,
                          "Plan Width": 0,
                          "Actual Startup Time": 4.303,
                          "Actual Total Time": 4.305,
                          "Actual Rows": 140065,
                          "Actual Loops": 1,
                          "Index Cond": "(info_type_id = 9)"
                        }
                      ]
                    },
                    {
                      "Node Type": "Hash",
                      "Parent Relationship": "Inner",
                      "Parallel Aware": true,
                      "Startup Cost": 43899.32,
                      "Total Cost": 43899.32,
                      "Plan Rows": 157070,
                      "Plan Width": 4,
                      "Actual Startup Time": 149.092,
                      "Actual Total Time": 149.093,
                      "Actual Rows": 107162,
                      "Actual Loops": 6,
                      "Hash Buckets": 1048576,
                      "Original Hash Buckets": 1048576,
                      "Hash Batches": 1,
                      "Original Hash Batches": 1,
                      "Peak Memory Usage": 33440,
                      "Plans": [
                        {
                          "Node Type": "Seq Scan",
                          "Parent Relationship": "Outer",
                          "Parallel Aware": true,
                          "Relation Name": "title",
                          "Alias": "t",
                          "Startup Cost": 0.0,
                          "Total Cost": 43899.32,
                          "Plan Rows": 157070,
                          "Plan Width": 4,
                          "Actual Startup Time": 0.047,
                          "Actual Total Time": 93.032,
                          "Actual Rows": 107162,
                          "Actual Loops": 6,
                          "Filter": "(production_year < 1988)",
                          "Rows Removed by Filter": 314223
                        }
                      ]
                    }
                  ]
                }
              ]
            }
          ]
        }
      ]
    },
    "Planning Time": 0.632,
    "Triggers": [],
    "Execution Time": 198.737
  }
]