[
  {
    "Plan": {
      "Node Type": "Aggregate",
      "Strategy": "Plain",
      "Partial Mode": "Finalize",
      "Parallel Aware": false,
      "Startup Cost": 340010.49,
      "Total Cost": 340010.5,
      "Plan Rows": 1,
      "Plan Width": 8,
      "Actual Startup Time": 410.044,
      "Actual Total Time": 431.19,
      "Actual Rows": 1,
      "Actual Loops": 1,
      "Plans": [
        {
          "Node Type": "Gather",
          "Parent Relationship": "Outer",
          "Parallel Aware": false,
          "Startup Cost": 340009.86,
          "Total Cost": 340010.47,
          "Plan Rows": 6,
          "Plan Width": 8,
          "Actual Startup Time": 409.905,
          "Actual Total Time": 431.181,
          "Actual Rows": 7,
          "Actual Loops": 1,
          "Workers Planned": 6,
          "Workers Launched": 6,
          "Single Copy": false,
          "Plans": [
            {
              "Node Type": "Aggregate",
              "Strategy": "Plain",
              "Partial Mode": "Partial",
              "Parent Relationship": "Outer",
              "Parallel Aware": false,
              "Startup Cost": 339009.86,
              "Total Cost": 339009.87,
              "Plan Rows": 1,
              "Plan Width": 8,
              "Actual Startup Time": 400.426,
              "Actual Total Time": 400.428,
              "Actual Rows": 1,
              "Actual Loops": 7,
              "Plans": [
                {
                  "Node Type": "Index Scan",
                  "Parent Relationship": "Outer",
                  "Parallel Aware": true,
                  "Scan Direction": "Forward",
                  "Index Name": "role_id_cast_info",
                  "Relation Name": "cast_info",
                  "Alias": "ci",
                  "Startup Cost": 0.56,
                  "Total Cost": 335235.55,
                  "Plan Rows": 1509726,
                  "Plan Width": 0,
                  "Actual Startup Time": 209.636,
                  "Actual Total Time": 366.64,
                  "Actual Rows": 784108,
                  "Actual Loops": 7,
                  "Index Cond": "(role_id = 1)",
                  "Rows Removed by Index Recheck": 0,
                  "Filter": "(person_id > 982362)",
                  "Rows Removed by Filter": 1025991
                }
              ]
            }
          ]
        }
      ]
    },
    "Planning Time": 0.234,
    "Triggers": [],
    "Execution Time": 431.263
  }
]