[
    {
        "Bao": {
            "Bao prediction": 475.781,
            "Bao recommended hint": "(no hint)"
        }
    },
    {
        "Plan": {
            "Node Type": "Aggregate",
            "Strategy": "Plain",
            "Partial Mode": "Finalize",
            "Parallel Aware": false,
            "Startup Cost": 347869.85,
            "Total Cost": 347869.86,
            "Plan Rows": 1,
            "Plan Width": 8,
            "Actual Startup Time": 981.215,
            "Actual Total Time": 1013.331,
            "Actual Rows": 1,
            "Actual Loops": 1,
            "Output": [
                "count(*)"
            ],
            "Plans": [
                {
                    "Node Type": "Gather",
                    "Parent Relationship": "Outer",
                    "Parallel Aware": false,
                    "Startup Cost": 347869.23,
                    "Total Cost": 347869.84,
                    "Plan Rows": 6,
                    "Plan Width": 8,
                    "Actual Startup Time": 981.121,
                    "Actual Total Time": 1013.323,
                    "Actual Rows": 7,
                    "Actual Loops": 1,
                    "Output": [
                        "(PARTIAL count(*))"
                    ],
                    "Workers Planned": 6,
                    "Workers Launched": 6,
                    "Single Copy": false,
                    "Plans": [
                        {
                            "Node Type": "Aggregate",
                            "Strategy": "Plain",
                            "Partial Mode": "Partial",
                            "Parent Relationship": "Outer",
                            "Parallel Aware": false,
                            "Startup Cost": 346869.23,
                            "Total Cost": 346869.24,
                            "Plan Rows": 1,
                            "Plan Width": 8,
                            "Actual Startup Time": 971.601,
                            "Actual Total Time": 971.602,
                            "Actual Rows": 1,
                            "Actual Loops": 7,
                            "Output": [
                                "PARTIAL count(*)"
                            ],
                            "Workers": [
                                {
                                    "Worker Number": 0,
                                    "Actual Startup Time": 969.339,
                                    "Actual Total Time": 969.34,
                                    "Actual Rows": 1,
                                    "Actual Loops": 1
                                },
                                {
                                    "Worker Number": 1,
                                    "Actual Startup Time": 969.338,
                                    "Actual Total Time": 969.339,
                                    "Actual Rows": 1,
                                    "Actual Loops": 1
                                },
                                {
                                    "Worker Number": 2,
                                    "Actual Startup Time": 970.235,
                                    "Actual Total Time": 970.236,
                                    "Actual Rows": 1,
                                    "Actual Loops": 1
                                },
                                {
                                    "Worker Number": 3,
                                    "Actual Startup Time": 970.472,
                                    "Actual Total Time": 970.473,
                                    "Actual Rows": 1,
                                    "Actual Loops": 1
                                },
                                {
                                    "Worker Number": 4,
                                    "Actual Startup Time": 970.668,
                                    "Actual Total Time": 970.669,
                                    "Actual Rows": 1,
                                    "Actual Loops": 1
                                },
                                {
                                    "Worker Number": 5,
                                    "Actual Startup Time": 970.895,
                                    "Actual Total Time": 970.896,
                                    "Actual Rows": 1,
                                    "Actual Loops": 1
                                }
                            ],
                            "Plans": [
                                {
                                    "Node Type": "Seq Scan",
                                    "Parent Relationship": "Outer",
                                    "Parallel Aware": true,
                                    "Relation Name": "cast_info",
                                    "Schema": "public",
                                    "Alias": "ci",
                                    "Startup Cost": 0.0,
                                    "Total Cost": 343318.94,
                                    "Plan Rows": 1420116,
                                    "Plan Width": 0,
                                    "Actual Startup Time": 373.716,
                                    "Actual Total Time": 847.54,
                                    "Actual Rows": 1894746,
                                    "Actual Loops": 7,
                                    "Output": [
                                        "id",
                                        "person_id",
                                        "movie_id",
                                        "person_role_id",
                                        "note",
                                        "nr_order",
                                        "role_id"
                                    ],
                                    "Filter": "((ci.person_id > 2347011) AND (ci.role_id > 1))",
                                    "Rows Removed by Filter": 3283018,
                                    "Workers": [
                                        {
                                            "Worker Number": 0,
                                            "Actual Startup Time": 371.488,
                                            "Actual Total Time": 847.377,
                                            "Actual Rows": 1834994,
                                            "Actual Loops": 1
                                        },
                                        {
                                            "Worker Number": 1,
                                            "Actual Startup Time": 371.485,
                                            "Actual Total Time": 847.097,
                                            "Actual Rows": 1844126,
                                            "Actual Loops": 1
                                        },
                                        {
                                            "Worker Number": 2,
                                            "Actual Startup Time": 372.322,
                                            "Actual Total Time": 849.259,
                                            "Actual Rows": 1819193,
                                            "Actual Loops": 1
                                        },
                                        {
                                            "Worker Number": 3,
                                            "Actual Startup Time": 372.597,
                                            "Actual Total Time": 849.111,
                                            "Actual Rows": 1824509,
                                            "Actual Loops": 1
                                        },
                                        {
                                            "Worker Number": 4,
                                            "Actual Startup Time": 372.757,
                                            "Actual Total Time": 849.198,
                                            "Actual Rows": 1828801,
                                            "Actual Loops": 1
                                        },
                                        {
                                            "Worker Number": 5,
                                            "Actual Startup Time": 373.027,
                                            "Actual Total Time": 848.397,
                                            "Actual Rows": 1843001,
                                            "Actual Loops": 1
                                        }
                                    ]
                                }
                            ]
                        }
                    ]
                }
            ]
        },
        "Planning Time": 1517.995,
        "Triggers": [],
        "Execution Time": 1013.415
    }
]