[
    {
        "Bao": {
            "Bao prediction": "NaN",
            "Bao recommended hint": "(no hint)"
        }
    },
    {
        "Plan": {
            "Node Type": "Aggregate",
            "Strategy": "Plain",
            "Partial Mode": "Finalize",
            "Parallel Aware": false,
            "Startup Cost": 77611.05,
            "Total Cost": 77611.06,
            "Plan Rows": 1,
            "Plan Width": 8,
            "Actual Startup Time": 252.064,
            "Actual Total Time": 263.289,
            "Actual Rows": 1,
            "Actual Loops": 1,
            "Output": [
                "count(*)"
            ],
            "Plans": [
                {
                    "Node Type": "Gather",
                    "Parent Relationship": "Outer",
                    "Parallel Aware": false,
                    "Startup Cost": 77610.63,
                    "Total Cost": 77611.04,
                    "Plan Rows": 4,
                    "Plan Width": 8,
                    "Actual Startup Time": 249.861,
                    "Actual Total Time": 263.28,
                    "Actual Rows": 5,
                    "Actual Loops": 1,
                    "Output": [
                        "(PARTIAL count(*))"
                    ],
                    "Workers Planned": 4,
                    "Workers Launched": 4,
                    "Single Copy": false,
                    "Plans": [
                        {
                            "Node Type": "Aggregate",
                            "Strategy": "Plain",
                            "Partial Mode": "Partial",
                            "Parent Relationship": "Outer",
                            "Parallel Aware": false,
                            "Startup Cost": 76610.63,
                            "Total Cost": 76610.64,
                            "Plan Rows": 1,
                            "Plan Width": 8,
                            "Actual Startup Time": 240.424,
                            "Actual Total Time": 240.428,
                            "Actual Rows": 1,
                            "Actual Loops": 5,
                            "Output": [
                                "PARTIAL count(*)"
                            ],
                            "Workers": [
                                {
                                    "Worker Number": 0,
                                    "Actual Startup Time": 237.768,
                                    "Actual Total Time": 237.771,
                                    "Actual Rows": 1,
                                    "Actual Loops": 1
                                },
                                {
                                    "Worker Number": 1,
                                    "Actual Startup Time": 237.79,
                                    "Actual Total Time": 237.794,
                                    "Actual Rows": 1,
                                    "Actual Loops": 1
                                },
                                {
                                    "Worker Number": 2,
                                    "Actual Startup Time": 238.264,
                                    "Actual Total Time": 238.268,
                                    "Actual Rows": 1,
                                    "Actual Loops": 1
                                },
                                {
                                    "Worker Number": 3,
                                    "Actual Startup Time": 238.736,
                                    "Actual Total Time": 238.739,
                                    "Actual Rows": 1,
                                    "Actual Loops": 1
                                }
                            ],
                            "Plans": [
                                {
                                    "Node Type": "Hash Join",
                                    "Parent Relationship": "Outer",
                                    "Parallel Aware": true,
                                    "Join Type": "Inner",
                                    "Startup Cost": 30097.12,
                                    "Total Cost": 76544.27,
                                    "Plan Rows": 26545,
                                    "Plan Width": 0,
                                    "Actual Startup Time": 99.608,
                                    "Actual Total Time": 238.901,
                                    "Actual Rows": 17514,
                                    "Actual Loops": 5,
                                    "Inner Unique": false,
                                    "Hash Cond": "(t.id = mc.movie_id)",
                                    "Workers": [
                                        {
                                            "Worker Number": 0,
                                            "Actual Startup Time": 96.999,
                                            "Actual Total Time": 236.147,
                                            "Actual Rows": 14916,
                                            "Actual Loops": 1
                                        },
                                        {
                                            "Worker Number": 1,
                                            "Actual Startup Time": 97.117,
                                            "Actual Total Time": 236.11,
                                            "Actual Rows": 15738,
                                            "Actual Loops": 1
                                        },
                                        {
                                            "Worker Number": 2,
                                            "Actual Startup Time": 97.471,
                                            "Actual Total Time": 236.707,
                                            "Actual Rows": 14299,
                                            "Actual Loops": 1
                                        },
                                        {
                                            "Worker Number": 3,
                                            "Actual Startup Time": 97.643,
                                            "Actual Total Time": 237.185,
                                            "Actual Rows": 14100,
                                            "Actual Loops": 1
                                        }
                                    ],
                                    "Plans": [
                                        {
                                            "Node Type": "Seq Scan",
                                            "Parent Relationship": "Outer",
                                            "Parallel Aware": true,
                                            "Relation Name": "title",
                                            "Schema": "public",
                                            "Alias": "t",
                                            "Startup Cost": 0.0,
                                            "Total Cost": 45479.21,
                                            "Plan Rows": 176463,
                                            "Plan Width": 4,
                                            "Actual Startup Time": 0.013,
                                            "Actual Total Time": 92.224,
                                            "Actual Rows": 152544,
                                            "Actual Loops": 5,
                                            "Output": [
                                                "t.id",
                                                "t.title",
                                                "t.imdb_index",
                                                "t.kind_id",
                                                "t.production_year",
                                                "t.imdb_id",
                                                "t.phonetic_code",
                                                "t.episode_of_id",
                                                "t.season_nr",
                                                "t.episode_nr",
                                                "t.series_years",
                                                "t.md5sum"
                                            ],
                                            "Filter": "((t.kind_id > 2) AND (t.production_year > 2005))",
                                            "Rows Removed by Filter": 353119,
                                            "Workers": [
                                                {
                                                    "Worker Number": 0,
                                                    "Actual Startup Time": 0.016,
                                                    "Actual Total Time": 95.421,
                                                    "Actual Rows": 133483,
                                                    "Actual Loops": 1
                                                },
                                                {
                                                    "Worker Number": 1,
                                                    "Actual Startup Time": 0.011,
                                                    "Actual Total Time": 95.312,
                                                    "Actual Rows": 132575,
                                                    "Actual Loops": 1
                                                },
                                                {
                                                    "Worker Number": 2,
                                                    "Actual Startup Time": 0.015,
                                                    "Actual Total Time": 92.614,
                                                    "Actual Rows": 124078,
                                                    "Actual Loops": 1
                                                },
                                                {
                                                    "Worker Number": 3,
                                                    "Actual Startup Time": 0.013,
                                                    "Actual Total Time": 92.867,
                                                    "Actual Rows": 124702,
                                                    "Actual Loops": 1
                                                }
                                            ]
                                        },
                                        {
                                            "Node Type": "Hash",
                                            "Parent Relationship": "Inner",
                                            "Parallel Aware": true,
                                            "Startup Cost": 28563.54,
                                            "Total Cost": 28563.54,
                                            "Plan Rows": 122686,
                                            "Plan Width": 4,
                                            "Actual Startup Time": 97.989,
                                            "Actual Total Time": 97.99,
                                            "Actual Rows": 75324,
                                            "Actual Loops": 5,
                                            "Output": [
                                                "mc.movie_id"
                                            ],
                                            "Hash Buckets": 524288,
                                            "Original Hash Buckets": 524288,
                                            "Hash Batches": 1,
                                            "Original Hash Batches": 1,
                                            "Peak Memory Usage": 18912,
                                            "Workers": [
                                                {
                                                    "Worker Number": 0,
                                                    "Actual Startup Time": 96.543,
                                                    "Actual Total Time": 96.545,
                                                    "Actual Rows": 55483,
                                                    "Actual Loops": 1
                                                },
                                                {
                                                    "Worker Number": 1,
                                                    "Actual Startup Time": 96.55,
                                                    "Actual Total Time": 96.551,
                                                    "Actual Rows": 55670,
                                                    "Actual Loops": 1
                                                },
                                                {
                                                    "Worker Number": 2,
                                                    "Actual Startup Time": 97.027,
                                                    "Actual Total Time": 97.028,
                                                    "Actual Rows": 50243,
                                                    "Actual Loops": 1
                                                },
                                                {
                                                    "Worker Number": 3,
                                                    "Actual Startup Time": 97.186,
                                                    "Actual Total Time": 97.188,
                                                    "Actual Rows": 50034,
                                                    "Actual Loops": 1
                                                }
                                            ],
                                            "Plans": [
                                                {
                                                    "Node Type": "Bitmap Heap Scan",
                                                    "Parent Relationship": "Outer",
                                                    "Parallel Aware": true,
                                                    "Relation Name": "movie_companies",
                                                    "Schema": "public",
                                                    "Alias": "mc",
                                                    "Startup Cost": 8239.96,
                                                    "Total Cost": 28563.54,
                                                    "Plan Rows": 122686,
                                                    "Plan Width": 4,
                                                    "Actual Startup Time": 16.616,
                                                    "Actual Total Time": 65.725,
                                                    "Actual Rows": 75324,
                                                    "Actual Loops": 5,
                                                    "Output": [
                                                        "mc.movie_id"
                                                    ],
                                                    "Recheck Cond": "(mc.company_id < 225)",
                                                    "Rows Removed by Index Recheck": 0,
                                                    "Exact Heap Blocks": 7827,
                                                    "Lossy Heap Blocks": 0,
                                                    "Workers": [
                                                        {
                                                            "Worker Number": 0,
                                                            "Actual Startup Time": 15.313,
                                                            "Actual Total Time": 66.113,
                                                            "Actual Rows": 55483,
                                                            "Actual Loops": 1
                                                        },
                                                        {
                                                            "Worker Number": 1,
                                                            "Actual Startup Time": 15.272,
                                                            "Actual Total Time": 65.895,
                                                            "Actual Rows": 55670,
                                                            "Actual Loops": 1
                                                        },
                                                        {
                                                            "Worker Number": 2,
                                                            "Actual Startup Time": 15.609,
                                                            "Actual Total Time": 66.315,
                                                            "Actual Rows": 50243,
                                                            "Actual Loops": 1
                                                        },
                                                        {
                                                            "Worker Number": 3,
                                                            "Actual Startup Time": 15.789,
                                                            "Actual Total Time": 66.505,
                                                            "Actual Rows": 50034,
                                                            "Actual Loops": 1
                                                        }
                                                    ],
                                                    "Plans": [
                                                        {
                                                            "Node Type": "Bitmap Index Scan",
                                                            "Parent Relationship": "Outer",
                                                            "Parallel Aware": false,
                                                            "Index Name": "company_id_movie_companies",
                                                            "Startup Cost": 0.0,
                                                            "Total Cost": 8144.88,
                                                            "Plan Rows": 380327,
                                                            "Plan Width": 0,
                                                            "Actual Startup Time": 18.477,
                                                            "Actual Total Time": 18.477,
                                                            "Actual Rows": 376622,
                                                            "Actual Loops": 1,
                                                            "Index Cond": "(mc.company_id < 225)"
                                                        }
                                                    ]
                                                }
                                            ]
                                        }
                                    ]
                                }
                            ]
                        }
                    ]
                }
            ]
        },
        "Planning Time": 182.17,
        "Triggers": [],
        "Execution Time": 263.352
    }
]