[
  {
    "Plan": {
      "Node Type": "Aggregate",
      "Strategy": "Plain",
      "Partial Mode": "Finalize",
      "Parallel Aware": false,
      "Startup Cost": 369503.78,
      "Total Cost": 369503.79,
      "Plan Rows": 1,
      "Plan Width": 8,
      "Actual Startup Time": 1391.082,
      "Actual Total Time": 1459.761,
      "Actual Rows": 1,
      "Actual Loops": 1,
      "Plans": [
        {
          "Node Type": "Gather",
          "Parent Relationship": "Outer",
          "Parallel Aware": false,
          "Startup Cost": 369503.16,
          "Total Cost": 369503.77,
          "Plan Rows": 6,
          "Plan Width": 8,
          "Actual Startup Time": 1389.79,
          "Actual Total Time": 1459.751,
          "Actual Rows": 7,
          "Actual Loops": 1,
          "Workers Planned": 6,
          "Workers Launched": 6,
          "Single Copy": false,
          "Plans": [
            {
              "Node Type": "Aggregate",
              "Strategy": "Plain",
              "Partial Mode": "Partial",
              "Parent Relationship": "Outer",
              "Parallel Aware": false,
              "Startup Cost": 368503.16,
              "Total Cost": 368503.17,
              "Plan Rows": 1,
              "Plan Width": 8,
              "Actual Startup Time": 1378.488,
              "Actual Total Time": 1378.491,
              "Actual Rows": 1,
              "Actual Loops": 7,
              "Plans": [
                {
                  "Node Type": "Hash Join",
                  "Parent Relationship": "Outer",
                  "Parallel Aware": true,
                  "Join Type": "Inner",
                  "Startup Cost": 38979.97,
                  "Total Cost": 367896.77,
                  "Plan Rows": 242555,
                  "Plan Width": 0,
                  "Actual Startup Time": 61.28,
                  "Actual Total Time": 1367.611,
                  "Actual Rows": 196673,
                  "Actual Loops": 7,
                  "Inner Unique": true,
                  "Hash Cond": "(ci.movie_id = t.id)",
                  "Plans": [
                    {
                      "Node Type": "Seq Scan",
                      "Parent Relationship": "Outer",
                      "Parallel Aware": true,
                      "Relation Name": "cast_info",
                      "Alias": "ci",
                      "Startup Cost": 0.0,
                      "Total Cost": 313067.02,
                      "Plan Rows": 6038002,
                      "Plan Width": 4,
                      "Actual Startup Time": 0.021,
                      "Actual Total Time": 556.035,
                      "Actual Rows": 5177763,
                      "Actual Loops": 7
                    },
                    {
                      "Node Type": "Hash",
                      "Parent Relationship": "Inner",
                      "Parallel Aware": true,
                      "Startup Cost": 38662.58,
                      "Total Cost": 38662.58,
                      "Plan Rows": 25391,
                      "Plan Width": 4,
                      "Actual Startup Time": 59.914,
                      "Actual Total Time": 59.915,
                      "Actual Rows": 16844,
                      "Actual Loops": 7,
                      "Hash Buckets": 131072,
                      "Original Hash Buckets": 131072,
                      "Hash Batches": 1,
                      "Original Hash Batches": 1,
                      "Peak Memory Usage": 5728,
                      "Plans": [
                        {
                          "Node Type": "Bitmap Heap Scan",
                          "Parent Relationship": "Outer",
                          "Parallel Aware": true,
                          "Relation Name": "title",
                          "Alias": "t",
                          "Startup Cost": 2206.33,
                          "Total Cost": 38662.58,
                          "Plan Rows": 25391,
                          "Plan Width": 4,
                          "Actual Startup Time": 14.46,
                          "Actual Total Time": 50.484,
                          "Actual Rows": 16844,
                          "Actual Loops": 7,
                          "Recheck Cond": "(kind_id = 4)",
                          "Rows Removed by Index Recheck": 0,
                          "Filter": "(production_year > 1969)",
                          "Rows Removed by Filter": 46,
                          "Exact Heap Blocks": 4228,
                          "Lossy Heap Blocks": 0,
                          "Plans": [
                            {
                              "Node Type": "Bitmap Index Scan",
                              "Parent Relationship": "Outer",
                              "Parallel Aware": false,
                              "Index Name": "kind_id_title",
                              "Startup Cost": 0.0,
                              "Total Cost": 2180.94,
                              "Plan Rows": 122201,
                              "Plan Width": 0,
                              "Actual Startup Time": 15.518,
                              "Actual Total Time": 15.518,
                              "Actual Rows": 118234,
                              "Actual Loops": 1,
                              "Index Cond": "(kind_id = 4)"
                            }
                          ]
                        }
                      ]
                    }
                  ]
                }
              ]
            }
          ]
        }
      ]
    },
    "Planning Time": 0.557,
    "Triggers": [],
    "Execution Time": 1459.867
  }
]