[
  {
    "Plan": {
      "Node Type": "Aggregate",
      "Strategy": "Plain",
      "Partial Mode": "Finalize",
      "Parallel Aware": false,
      "Startup Cost": 46088.05,
      "Total Cost": 46088.06,
      "Plan Rows": 1,
      "Plan Width": 8,
      "Actual Startup Time": 175.107,
      "Actual Total Time": 184.654,
      "Actual Rows": 1,
      "Actual Loops": 1,
      "Plans": [
        {
          "Node Type": "Gather",
          "Parent Relationship": "Outer",
          "Parallel Aware": false,
          "Startup Cost": 46087.73,
          "Total Cost": 46088.04,
          "Plan Rows": 3,
          "Plan Width": 8,
          "Actual Startup Time": 174.978,
          "Actual Total Time": 184.646,
          "Actual Rows": 4,
          "Actual Loops": 1,
          "Workers Planned": 3,
          "Workers Launched": 3,
          "Single Copy": false,
          "Plans": [
            {
              "Node Type": "Aggregate",
              "Strategy": "Plain",
              "Partial Mode": "Partial",
              "Parent Relationship": "Outer",
              "Parallel Aware": false,
              "Startup Cost": 45087.73,
              "Total Cost": 45087.74,
              "Plan Rows": 1,
              "Plan Width": 8,
              "Actual Startup Time": 167.222,
              "Actual Total Time": 167.223,
              "Actual Rows": 1,
              "Actual Loops": 4,
              "Plans": [
                {
                  "Node Type": "Seq Scan",
                  "Parent Relationship": "Outer",
                  "Parallel Aware": true,
                  "Relation Name": "movie_keyword",
                  "Alias": "mk",
                  "Startup Cost": 0.0,
                  "Total Cost": 42695.65,
                  "Plan Rows": 956830,
                  "Plan Width": 0,
                  "Actual Startup Time": 0.055,
                  "Actual Total Time": 131.102,
                  "Actual Rows": 739851,
                  "Actual Loops": 4,
                  "Filter": "(keyword_id < 10029)",
                  "Rows Removed by Filter": 391131
                }
              ]
            }
          ]
        }
      ]
    },
    "Planning Time": 0.147,
    "Triggers": [],
    "Execution Time": 184.7
  }
]