[
    {
        "Bao": {
            "Bao prediction": 493.399,
            "Bao recommended hint": "(no hint)"
        }
    },
    {
        "Plan": {
            "Node Type": "Aggregate",
            "Strategy": "Plain",
            "Partial Mode": "Finalize",
            "Parallel Aware": false,
            "Startup Cost": 350155.19,
            "Total Cost": 350155.2,
            "Plan Rows": 1,
            "Plan Width": 8,
            "Actual Startup Time": 776.146,
            "Actual Total Time": 806.437,
            "Actual Rows": 1,
            "Actual Loops": 1,
            "Output": [
                "count(*)"
            ],
            "Plans": [
                {
                    "Node Type": "Gather",
                    "Parent Relationship": "Outer",
                    "Parallel Aware": false,
                    "Startup Cost": 350154.57,
                    "Total Cost": 350155.18,
                    "Plan Rows": 6,
                    "Plan Width": 8,
                    "Actual Startup Time": 776.051,
                    "Actual Total Time": 806.427,
                    "Actual Rows": 7,
                    "Actual Loops": 1,
                    "Output": [
                        "(PARTIAL count(*))"
                    ],
                    "Workers Planned": 6,
                    "Workers Launched": 6,
                    "Single Copy": false,
                    "Plans": [
                        {
                            "Node Type": "Aggregate",
                            "Strategy": "Plain",
                            "Partial Mode": "Partial",
                            "Parent Relationship": "Outer",
                            "Parallel Aware": false,
                            "Startup Cost": 349154.57,
                            "Total Cost": 349154.58,
                            "Plan Rows": 1,
                            "Plan Width": 8,
                            "Actual Startup Time": 766.849,
                            "Actual Total Time": 766.85,
                            "Actual Rows": 1,
                            "Actual Loops": 7,
                            "Output": [
                                "PARTIAL count(*)"
                            ],
                            "Workers": [
                                {
                                    "Worker Number": 0,
                                    "Actual Startup Time": 764.886,
                                    "Actual Total Time": 764.887,
                                    "Actual Rows": 1,
                                    "Actual Loops": 1
                                },
                                {
                                    "Worker Number": 1,
                                    "Actual Startup Time": 765.12,
                                    "Actual Total Time": 765.121,
                                    "Actual Rows": 1,
                                    "Actual Loops": 1
                                },
                                {
                                    "Worker Number": 2,
                                    "Actual Startup Time": 764.972,
                                    "Actual Total Time": 764.973,
                                    "Actual Rows": 1,
                                    "Actual Loops": 1
                                },
                                {
                                    "Worker Number": 3,
                                    "Actual Startup Time": 765.732,
                                    "Actual Total Time": 765.733,
                                    "Actual Rows": 1,
                                    "Actual Loops": 1
                                },
                                {
                                    "Worker Number": 4,
                                    "Actual Startup Time": 765.848,
                                    "Actual Total Time": 765.849,
                                    "Actual Rows": 1,
                                    "Actual Loops": 1
                                },
                                {
                                    "Worker Number": 5,
                                    "Actual Startup Time": 766.143,
                                    "Actual Total Time": 766.145,
                                    "Actual Rows": 1,
                                    "Actual Loops": 1
                                }
                            ],
                            "Plans": [
                                {
                                    "Node Type": "Seq Scan",
                                    "Parent Relationship": "Outer",
                                    "Parallel Aware": true,
                                    "Relation Name": "cast_info",
                                    "Schema": "public",
                                    "Alias": "ci",
                                    "Startup Cost": 0.0,
                                    "Total Cost": 343318.94,
                                    "Plan Rows": 2334251,
                                    "Plan Width": 0,
                                    "Actual Startup Time": 243.014,
                                    "Actual Total Time": 695.257,
                                    "Actual Rows": 1263261,
                                    "Actual Loops": 7,
                                    "Output": [
                                        "id",
                                        "person_id",
                                        "movie_id",
                                        "person_role_id",
                                        "note",
                                        "nr_order",
                                        "role_id"
                                    ],
                                    "Filter": "((ci.person_id < 2180832) AND (ci.role_id > 1))",
                                    "Rows Removed by Filter": 3914503,
                                    "Workers": [
                                        {
                                            "Worker Number": 0,
                                            "Actual Startup Time": 241.05,
                                            "Actual Total Time": 694.73,
                                            "Actual Rows": 1678215,
                                            "Actual Loops": 1
                                        },
                                        {
                                            "Worker Number": 1,
                                            "Actual Startup Time": 241.278,
                                            "Actual Total Time": 694.247,
                                            "Actual Rows": 1054254,
                                            "Actual Loops": 1
                                        },
                                        {
                                            "Worker Number": 2,
                                            "Actual Startup Time": 241.161,
                                            "Actual Total Time": 695.973,
                                            "Actual Rows": 1017804,
                                            "Actual Loops": 1
                                        },
                                        {
                                            "Worker Number": 3,
                                            "Actual Startup Time": 241.889,
                                            "Actual Total Time": 695.208,
                                            "Actual Rows": 1684409,
                                            "Actual Loops": 1
                                        },
                                        {
                                            "Worker Number": 4,
                                            "Actual Startup Time": 242.001,
                                            "Actual Total Time": 694.907,
                                            "Actual Rows": 1052834,
                                            "Actual Loops": 1
                                        },
                                        {
                                            "Worker Number": 5,
                                            "Actual Startup Time": 242.313,
                                            "Actual Total Time": 695.648,
                                            "Actual Rows": 1044253,
                                            "Actual Loops": 1
                                        }
                                    ]
                                }
                            ]
                        }
                    ]
                }
            ]
        },
        "Planning Time": 569.08,
        "Triggers": [],
        "Execution Time": 806.52
    }
]