[
  {
    "Plan": {
      "Node Type": "Aggregate",
      "Strategy": "Plain",
      "Partial Mode": "Simple",
      "Parallel Aware": false,
      "Startup Cost": 5288.3,
      "Total Cost": 5288.31,
      "Plan Rows": 1,
      "Plan Width": 8,
      "Actual Startup Time": 11.439,
      "Actual Total Time": 11.441,
      "Actual Rows": 1,
      "Actual Loops": 1,
      "Plans": [
        {
          "Node Type": "Nested Loop",
          "Parent Relationship": "Outer",
          "Parallel Aware": false,
          "Join Type": "Inner",
          "Startup Cost": 1.43,
          "Total Cost": 5287.68,
          "Plan Rows": 249,
          "Plan Width": 0,
          "Actual Startup Time": 9.344,
          "Actual Total Time": 11.398,
          "Actual Rows": 301,
          "Actual Loops": 1,
          "Inner Unique": false,
          "Plans": [
            {
              "Node Type": "Nested Loop",
              "Parent Relationship": "Outer",
              "Parallel Aware": false,
              "Join Type": "Inner",
              "Startup Cost": 0.99,
              "Total Cost": 5016.87,
              "Plan Rows": 139,
              "Plan Width": 8,
              "Actual Startup Time": 9.294,
              "Actual Total Time": 10.933,
              "Actual Rows": 37,
              "Actual Loops": 1,
              "Inner Unique": true,
              "Plans": [
                {
                  "Node Type": "Index Scan",
                  "Parent Relationship": "Outer",
                  "Parallel Aware": false,
                  "Scan Direction": "Forward",
                  "Index Name": "person_id_cast_info",
                  "Relation Name": "cast_info",
                  "Alias": "ci",
                  "Startup Cost": 0.56,
                  "Total Cost": 985.86,
                  "Plan Rows": 484,
                  "Plan Width": 4,
                  "Actual Startup Time": 9.258,
                  "Actual Total Time": 9.342,
                  "Actual Rows": 255,
                  "Actual Loops": 1,
                  "Index Cond": "(person_id = 1860189)",
                  "Rows Removed by Index Recheck": 0
                },
                {
                  "Node Type": "Index Scan",
                  "Parent Relationship": "Inner",
                  "Parallel Aware": false,
                  "Scan Direction": "Forward",
                  "Index Name": "title_pkey",
                  "Relation Name": "title",
                  "Alias": "t",
                  "Startup Cost": 0.43,
                  "Total Cost": 8.33,
                  "Plan Rows": 1,
                  "Plan Width": 4,
                  "Actual Startup Time": 0.006,
                  "Actual Total Time": 0.006,
                  "Actual Rows": 0,
                  "Actual Loops": 255,
                  "Index Cond": "(id = ci.movie_id)",
                  "Rows Removed by Index Recheck": 0,
                  "Filter": "((kind_id < 7) AND (production_year > 1985))",
                  "Rows Removed by Filter": 1
                }
              ]
            },
            {
              "Node Type": "Index Only Scan",
              "Parent Relationship": "Inner",
              "Parallel Aware": false,
              "Scan Direction": "Forward",
              "Index Name": "movie_id_movie_keyword",
              "Relation Name": "movie_keyword",
              "Alias": "mk",
              "Startup Cost": 0.43,
              "Total Cost": 1.49,
              "Plan Rows": 46,
              "Plan Width": 4,
              "Actual Startup Time": 0.008,
              "Actual Total Time": 0.011,
              "Actual Rows": 8,
              "Actual Loops": 37,
              "Index Cond": "(movie_id = t.id)",
              "Rows Removed by Index Recheck": 0,
              "Heap Fetches": 301
            }
          ]
        }
      ]
    },
    "Planning Time": 0.604,
    "Triggers": [],
    "Execution Time": 11.479
  }
]