[
  {
    "Plan": {
      "Node Type": "Aggregate",
      "Strategy": "Plain",
      "Partial Mode": "Finalize",
      "Parallel Aware": false,
      "Startup Cost": 247999.51,
      "Total Cost": 247999.52,
      "Plan Rows": 1,
      "Plan Width": 8,
      "Actual Startup Time": 519.032,
      "Actual Total Time": 565.356,
      "Actual Rows": 1,
      "Actual Loops": 1,
      "Plans": [
        {
          "Node Type": "Gather",
          "Parent Relationship": "Outer",
          "Parallel Aware": false,
          "Startup Cost": 247998.98,
          "Total Cost": 247999.49,
          "Plan Rows": 5,
          "Plan Width": 8,
          "Actual Startup Time": 516.903,
          "Actual Total Time": 565.343,
          "Actual Rows": 6,
          "Actual Loops": 1,
          "Workers Planned": 5,
          "Workers Launched": 5,
          "Single Copy": false,
          "Plans": [
            {
              "Node Type": "Aggregate",
              "Strategy": "Plain",
              "Partial Mode": "Partial",
              "Parent Relationship": "Outer",
              "Parallel Aware": false,
              "Startup Cost": 246998.98,
              "Total Cost": 246998.99,
              "Plan Rows": 1,
              "Plan Width": 8,
              "Actual Startup Time": 506.72,
              "Actual Total Time": 506.762,
              "Actual Rows": 1,
              "Actual Loops": 6,
              "Plans": [
                {
                  "Node Type": "Hash Join",
                  "Parent Relationship": "Outer",
                  "Parallel Aware": true,
                  "Join Type": "Inner",
                  "Startup Cost": 46034.75,
                  "Total Cost": 246872.68,
                  "Plan Rows": 50522,
                  "Plan Width": 0,
                  "Actual Startup Time": 149.645,
                  "Actual Total Time": 500.54,
                  "Actual Rows": 151564,
                  "Actual Loops": 6,
                  "Inner Unique": true,
                  "Hash Cond": "(mi.movie_id = t.id)",
                  "Plans": [
                    {
                      "Node Type": "Seq Scan",
                      "Parent Relationship": "Outer",
                      "Parallel Aware": true,
                      "Relation Name": "movie_info",
                      "Alias": "mi",
                      "Startup Cost": 0.0,
                      "Total Cost": 198952.16,
                      "Plan Rows": 718388,
                      "Plan Width": 4,
                      "Actual Startup Time": 28.207,
                      "Actual Total Time": 292.057,
                      "Actual Rows": 604163,
                      "Actual Loops": 6,
                      "Filter": "(info_type_id < 4)",
                      "Rows Removed by Filter": 1868457
                    },
                    {
                      "Node Type": "Hash",
                      "Parent Relationship": "Inner",
                      "Parallel Aware": true,
                      "Startup Cost": 45479.1,
                      "Total Cost": 45479.1,
                      "Plan Rows": 44452,
                      "Plan Width": 4,
                      "Actual Startup Time": 106.234,
                      "Actual Total Time": 106.235,
                      "Actual Rows": 52594,
                      "Actual Loops": 6,
                      "Hash Buckets": 524288,
                      "Original Hash Buckets": 262144,
                      "Hash Batches": 1,
                      "Original Hash Batches": 1,
                      "Peak Memory Usage": 18560,
                      "Plans": [
                        {
                          "Node Type": "Seq Scan",
                          "Parent Relationship": "Outer",
                          "Parallel Aware": true,
                          "Relation Name": "title",
                          "Alias": "t",
                          "Startup Cost": 0.0,
                          "Total Cost": 45479.1,
                          "Plan Rows": 44452,
                          "Plan Width": 4,
                          "Actual Startup Time": 51.068,
                          "Actual Total Time": 81.607,
                          "Actual Rows": 52594,
                          "Actual Loops": 6,
                          "Filter": "((kind_id < 2) AND (production_year < 1990))",
                          "Rows Removed by Filter": 368791
                        }
                      ]
                    }
                  ]
                }
              ]
            }
          ]
        }
      ]
    },
    "Planning Time": 0.654,
    "Triggers": [],
    "Execution Time": 565.441
  }
]