[
  {
    "Plan": {
      "Node Type": "Aggregate",
      "Strategy": "Plain",
      "Partial Mode": "Finalize",
      "Parallel Aware": false,
      "Startup Cost": 297384.87,
      "Total Cost": 297384.88,
      "Plan Rows": 1,
      "Plan Width": 8,
      "Actual Startup Time": 3230.944,
      "Actual Total Time": 3274.79,
      "Actual Rows": 1,
      "Actual Loops": 1,
      "Plans": [
        {
          "Node Type": "Gather",
          "Parent Relationship": "Outer",
          "Parallel Aware": false,
          "Startup Cost": 297384.35,
          "Total Cost": 297384.86,
          "Plan Rows": 5,
          "Plan Width": 8,
          "Actual Startup Time": 3219.69,
          "Actual Total Time": 3274.763,
          "Actual Rows": 6,
          "Actual Loops": 1,
          "Workers Planned": 5,
          "Workers Launched": 5,
          "Single Copy": false,
          "Plans": [
            {
              "Node Type": "Aggregate",
              "Strategy": "Plain",
              "Partial Mode": "Partial",
              "Parent Relationship": "Outer",
              "Parallel Aware": false,
              "Startup Cost": 296384.35,
              "Total Cost": 296384.36,
              "Plan Rows": 1,
              "Plan Width": 8,
              "Actual Startup Time": 3209.855,
              "Actual Total Time": 3209.962,
              "Actual Rows": 1,
              "Actual Loops": 6,
              "Plans": [
                {
                  "Node Type": "Hash Join",
                  "Parent Relationship": "Outer",
                  "Parallel Aware": true,
                  "Join Type": "Inner",
                  "Startup Cost": 90848.94,
                  "Total Cost": 295123.68,
                  "Plan Rows": 504266,
                  "Plan Width": 0,
                  "Actual Startup Time": 425.328,
                  "Actual Total Time": 2430.009,
                  "Actual Rows": 16155391,
                  "Actual Loops": 6,
                  "Inner Unique": false,
                  "Hash Cond": "(mi.movie_id = t.id)",
                  "Plans": [
                    {
                      "Node Type": "Seq Scan",
                      "Parent Relationship": "Outer",
                      "Parallel Aware": true,
                      "Relation Name": "movie_info",
                      "Alias": "mi",
                      "Startup Cost": 0.0,
                      "Total Cost": 191560.33,
                      "Plan Rows": 2956733,
                      "Plan Width": 4,
                      "Actual Startup Time": 0.025,
                      "Actual Total Time": 311.665,
                      "Actual Rows": 2472620,
                      "Actual Loops": 6
                    },
                    {
                      "Node Type": "Hash",
                      "Parent Relationship": "Inner",
                      "Parallel Aware": true,
                      "Startup Cost": 89110.25,
                      "Total Cost": 89110.25,
                      "Plan Rows": 139095,
                      "Plan Width": 8,
                      "Actual Startup Time": 408.391,
                      "Actual Total Time": 408.496,
                      "Actual Rows": 277296,
                      "Actual Loops": 6,
                      "Hash Buckets": 2097152,
                      "Original Hash Buckets": 524288,
                      "Hash Batches": 1,
                      "Original Hash Batches": 1,
                      "Peak Memory Usage": 93856,
                      "Plans": [
                        {
                          "Node Type": "Hash Join",
                          "Parent Relationship": "Outer",
                          "Parallel Aware": true,
                          "Join Type": "Inner",
                          "Startup Cost": 46232.17,
                          "Total Cost": 89110.25,
                          "Plan Rows": 139095,
                          "Plan Width": 8,
                          "Actual Startup Time": 147.307,
                          "Actual Total Time": 293.812,
                          "Actual Rows": 277296,
                          "Actual Loops": 6,
                          "Inner Unique": true,
                          "Hash Cond": "(mk.movie_id = t.id)",
                          "Plans": [
                            {
                              "Node Type": "Seq Scan",
                              "Parent Relationship": "Outer",
                              "Parallel Aware": true,
                              "Relation Name": "movie_keyword",
                              "Alias": "mk",
                              "Startup Cost": 0.0,
                              "Total Cost": 39047.32,
                              "Plan Rows": 1459332,
                              "Plan Width": 4,
                              "Actual Startup Time": 0.024,
                              "Actual Total Time": 71.189,
                              "Actual Rows": 753988,
                              "Actual Loops": 6
                            },
                            {
                              "Node Type": "Hash",
                              "Parent Relationship": "Inner",
                              "Parallel Aware": true,
                              "Startup Cost": 45479.1,
                              "Total Cost": 45479.1,
                              "Plan Rows": 60246,
                              "Plan Width": 4,
                              "Actual Startup Time": 119.081,
                              "Actual Total Time": 119.082,
                              "Actual Rows": 59924,
                              "Actual Loops": 6,
                              "Hash Buckets": 524288,
                              "Original Hash Buckets": 262144,
                              "Hash Batches": 1,
                              "Original Hash Batches": 1,
                              "Peak Memory Usage": 20320,
                              "Plans": [
                                {
                                  "Node Type": "Seq Scan",
                                  "Parent Relationship": "Outer",
                                  "Parallel Aware": true,
                                  "Relation Name": "title",
                                  "Alias": "t",
                                  "Startup Cost": 0.0,
                                  "Total Cost": 45479.1,
                                  "Plan Rows": 60246,
                                  "Plan Width": 4,
                                  "Actual Startup Time": 54.79,
                                  "Actual Total Time": 87.499,
                                  "Actual Rows": 59924,
                                  "Actual Loops": 6,
                                  "Filter": "((production_year < 1998) AND (kind_id = 1))",
                                  "Rows Removed by Filter": 361462
                                }
                              ]
                            }
                          ]
                        }
                      ]
                    }
                  ]
                }
              ]
            }
          ]
        }
      ]
    },
    "Planning Time": 1.32,
    "Triggers": [],
    "Execution Time": 3274.877
  }
]