[
  {
    "Plan": {
      "Node Type": "Aggregate",
      "Strategy": "Plain",
      "Partial Mode": "Finalize",
      "Parallel Aware": false,
      "Startup Cost": 45421.93,
      "Total Cost": 45421.94,
      "Plan Rows": 1,
      "Plan Width": 8,
      "Actual Startup Time": 167.049,
      "Actual Total Time": 175.286,
      "Actual Rows": 1,
      "Actual Loops": 1,
      "Plans": [
        {
          "Node Type": "Gather",
          "Parent Relationship": "Outer",
          "Parallel Aware": false,
          "Startup Cost": 45421.61,
          "Total Cost": 45421.92,
          "Plan Rows": 3,
          "Plan Width": 8,
          "Actual Startup Time": 166.941,
          "Actual Total Time": 175.279,
          "Actual Rows": 4,
          "Actual Loops": 1,
          "Workers Planned": 3,
          "Workers Launched": 3,
          "Single Copy": false,
          "Plans": [
            {
              "Node Type": "Aggregate",
              "Strategy": "Plain",
              "Partial Mode": "Partial",
              "Parent Relationship": "Outer",
              "Parallel Aware": false,
              "Startup Cost": 44421.61,
              "Total Cost": 44421.62,
              "Plan Rows": 1,
              "Plan Width": 8,
              "Actual Startup Time": 158.711,
              "Actual Total Time": 158.712,
              "Actual Rows": 1,
              "Actual Loops": 4,
              "Plans": [
                {
                  "Node Type": "Seq Scan",
                  "Parent Relationship": "Outer",
                  "Parallel Aware": true,
                  "Relation Name": "movie_keyword",
                  "Alias": "mk",
                  "Startup Cost": 0.0,
                  "Total Cost": 42695.65,
                  "Plan Rows": 690382,
                  "Plan Width": 0,
                  "Actual Startup Time": 0.059,
                  "Actual Total Time": 129.032,
                  "Actual Rows": 535750,
                  "Actual Loops": 4,
                  "Filter": "(keyword_id < 4007)",
                  "Rows Removed by Filter": 595232
                }
              ]
            }
          ]
        }
      ]
    },
    "Planning Time": 0.151,
    "Triggers": [],
    "Execution Time": 175.335
  }
]