[
  {
    "Plan": {
      "Node Type": "Aggregate",
      "Strategy": "Plain",
      "Partial Mode": "Finalize",
      "Parallel Aware": false,
      "Startup Cost": 346287.37,
      "Total Cost": 346287.38,
      "Plan Rows": 1,
      "Plan Width": 8,
      "Actual Startup Time": 750.511,
      "Actual Total Time": 799.02,
      "Actual Rows": 1,
      "Actual Loops": 1,
      "Plans": [
        {
          "Node Type": "Gather",
          "Parent Relationship": "Outer",
          "Parallel Aware": false,
          "Startup Cost": 346286.75,
          "Total Cost": 346287.36,
          "Plan Rows": 6,
          "Plan Width": 8,
          "Actual Startup Time": 750.287,
          "Actual Total Time": 799.005,
          "Actual Rows": 7,
          "Actual Loops": 1,
          "Workers Planned": 6,
          "Workers Launched": 6,
          "Single Copy": false,
          "Plans": [
            {
              "Node Type": "Aggregate",
              "Strategy": "Plain",
              "Partial Mode": "Partial",
              "Parent Relationship": "Outer",
              "Parallel Aware": false,
              "Startup Cost": 345286.75,
              "Total Cost": 345286.76,
              "Plan Rows": 1,
              "Plan Width": 8,
              "Actual Startup Time": 742.048,
              "Actual Total Time": 742.05,
              "Actual Rows": 1,
              "Actual Loops": 7,
              "Plans": [
                {
                  "Node Type": "Seq Scan",
                  "Parent Relationship": "Outer",
                  "Parallel Aware": true,
                  "Relation Name": "cast_info",
                  "Alias": "ci",
                  "Startup Cost": 0.0,
                  "Total Cost": 343316.27,
                  "Plan Rows": 788191,
                  "Plan Width": 0,
                  "Actual Startup Time": 345.141,
                  "Actual Total Time": 668.239,
                  "Actual Rows": 1457979,
                  "Actual Loops": 7,
                  "Filter": "((person_id > 2651419) AND (role_id > 2))",
                  "Rows Removed by Filter": 3719785
                }
              ]
            }
          ]
        }
      ]
    },
    "Planning Time": 0.112,
    "Triggers": [],
    "Execution Time": 799.071
  }
]