{
  "Plan": {
    "Node Type": "Aggregate",
    "Strategy": "Plain",
    "Partial Mode": "Finalize",
    "Parallel Aware": false,
    "Startup Cost": 392656.34,
    "Total Cost": 392656.35,
    "Plan Rows": 1,
    "Plan Width": 8,
    "Actual Startup Time": 1421.836,
    "Actual Total Time": 1440.678,
    "Actual Rows": 1,
    "Actual Loops": 1,
    "Plans": [
      {
        "Node Type": "Gather",
        "Parent Relationship": "Outer",
        "Parallel Aware": false,
        "Startup Cost": 392656.23,
        "Total Cost": 392656.34,
        "Plan Rows": 1,
        "Plan Width": 8,
        "Actual Startup Time": 1415.093,
        "Actual Total Time": 1440.67,
        "Actual Rows": 2,
        "Actual Loops": 1,
        "Workers Planned": 1,
        "Workers Launched": 1,
        "Single Copy": false,
        "Plans": [
          {
            "Node Type": "Aggregate",
            "Strategy": "Plain",
            "Partial Mode": "Partial",
            "Parent Relationship": "Outer",
            "Parallel Aware": false,
            "Startup Cost": 391656.23,
            "Total Cost": 391656.24,
            "Plan Rows": 1,
            "Plan Width": 8,
            "Actual Startup Time": 1407.812,
            "Actual Total Time": 1407.816,
            "Actual Rows": 1,
            "Actual Loops": 2,
            "Plans": [
              {
                "Node Type": "Hash Join",
                "Parent Relationship": "Outer",
                "Parallel Aware": true,
                "Join Type": "Inner",
                "Startup Cost": 116935.42,
                "Total Cost": 390217.39,
                "Plan Rows": 575536,
                "Plan Width": 0,
                "Actual Startup Time": 690.346,
                "Actual Total Time": 1353.885,
                "Actual Rows": 1038742,
                "Actual Loops": 2,
                "Inner Unique": true,
                "Hash Cond": "(ci.movie_id = t.id)",
                "Plans": [
                  {
                    "Node Type": "Bitmap Heap Scan",
                    "Parent Relationship": "Outer",
                    "Parallel Aware": true,
                    "Relation Name": "cast_info",
                    "Alias": "ci",
                    "Startup Cost": 47474.72,
                    "Total Cost": 319245.91,
                    "Plan Rows": 575536,
                    "Plan Width": 4,
                    "Actual Startup Time": 94.987,
                    "Actual Total Time": 282.162,
                    "Actual Rows": 1038742,
                    "Actual Loops": 2,
                    "Recheck Cond": "(person_id > 3655155)",
                    "Rows Removed by Index Recheck": 0,
                    "Filter": "(role_id > 2)",
                    "Rows Removed by Filter": 0,
                    "Exact Heap Blocks": 18036,
                    "Lossy Heap Blocks": 0,
                    "Plans": [
                      {
                        "Node Type": "Bitmap Index Scan",
                        "Parent Relationship": "Outer",
                        "Parallel Aware": false,
                        "Index Name": "person_id_cast_info",
                        "Startup Cost": 0.0,
                        "Total Cost": 47230.12,
                        "Plan Rows": 2162874,
                        "Plan Width": 0,
                        "Actual Startup Time": 90.062,
                        "Actual Total Time": 90.063,
                        "Actual Rows": 2077485,
                        "Actual Loops": 1,
                        "Index Cond": "(person_id > 3655155)"
                      }
                    ]
                  },
                  {
                    "Node Type": "Hash",
                    "Parent Relationship": "Inner",
                    "Parallel Aware": true,
                    "Startup Cost": 50870.31,
                    "Total Cost": 50870.31,
                    "Plan Rows": 1487231,
                    "Plan Width": 4,
                    "Actual Startup Time": 579.608,
                    "Actual Total Time": 579.609,
                    "Actual Rows": 1264156,
                    "Actual Loops": 2,
                    "Hash Buckets": 4194304,
                    "Original Hash Buckets": 4194304,
                    "Hash Batches": 1,
                    "Original Hash Batches": 1,
                    "Peak Memory Usage": 131712,
                    "Plans": [
                      {
                        "Node Type": "Seq Scan",
                        "Parent Relationship": "Outer",
                        "Parallel Aware": true,
                        "Relation Name": "title",
                        "Alias": "t",
                        "Startup Cost": 0.0,
                        "Total Cost": 50870.31,
                        "Plan Rows": 1487231,
                        "Plan Width": 4,
                        "Actual Startup Time": 0.019,
                        "Actual Total Time": 173.587,
                        "Actual Rows": 1264156,
                        "Actual Loops": 2
                      }
                    ]
                  }
                ]
              }
            ]
          }
        ]
      }
    ]
  },
  "Planning Time": 0.351,
  "Triggers": [],
  "Execution Time": 1440.73
}