[
  {
    "Plan": {
      "Node Type": "Aggregate",
      "Strategy": "Plain",
      "Partial Mode": "Finalize",
      "Parallel Aware": false,
      "Startup Cost": 204903.16,
      "Total Cost": 204903.17,
      "Plan Rows": 1,
      "Plan Width": 8,
      "Actual Startup Time": 313.283,
      "Actual Total Time": 333.887,
      "Actual Rows": 1,
      "Actual Loops": 1,
      "Plans": [
        {
          "Node Type": "Gather",
          "Parent Relationship": "Outer",
          "Parallel Aware": false,
          "Startup Cost": 204902.53,
          "Total Cost": 204903.14,
          "Plan Rows": 6,
          "Plan Width": 8,
          "Actual Startup Time": 313.123,
          "Actual Total Time": 333.873,
          "Actual Rows": 7,
          "Actual Loops": 1,
          "Workers Planned": 6,
          "Workers Launched": 6,
          "Single Copy": false,
          "Plans": [
            {
              "Node Type": "Aggregate",
              "Strategy": "Plain",
              "Partial Mode": "Partial",
              "Parent Relationship": "Outer",
              "Parallel Aware": false,
              "Startup Cost": 203902.53,
              "Total Cost": 203902.54,
              "Plan Rows": 1,
              "Plan Width": 8,
              "Actual Startup Time": 307.39,
              "Actual Total Time": 307.391,
              "Actual Rows": 1,
              "Actual Loops": 7,
              "Plans": [
                {
                  "Node Type": "Index Scan",
                  "Parent Relationship": "Outer",
                  "Parallel Aware": true,
                  "Scan Direction": "Forward",
                  "Index Name": "role_id_cast_info",
                  "Relation Name": "cast_info",
                  "Alias": "ci",
                  "Startup Cost": 0.56,
                  "Total Cost": 201884.69,
                  "Plan Rows": 807136,
                  "Plan Width": 0,
                  "Actual Startup Time": 0.086,
                  "Actual Total Time": 253.41,
                  "Actual Rows": 1064249,
                  "Actual Loops": 7,
                  "Index Cond": "(role_id = 2)",
                  "Rows Removed by Index Recheck": 0,
                  "Filter": "(person_id > 1282505)",
                  "Rows Removed by Filter": 319
                }
              ]
            }
          ]
        }
      ]
    },
    "Planning Time": 0.156,
    "Triggers": [],
    "Execution Time": 333.947
  }
]