{
  "Plan": {
    "Node Type": "Aggregate",
    "Strategy": "Plain",
    "Partial Mode": "Finalize",
    "Parallel Aware": false,
    "Startup Cost": 43596.43,
    "Total Cost": 43596.44,
    "Plan Rows": 1,
    "Plan Width": 8,
    "Actual Startup Time": 48.763,
    "Actual Total Time": 55.321,
    "Actual Rows": 1,
    "Actual Loops": 1,
    "Plans": [
      {
        "Node Type": "Gather",
        "Parent Relationship": "Outer",
        "Parallel Aware": false,
        "Startup Cost": 43596.31,
        "Total Cost": 43596.42,
        "Plan Rows": 1,
        "Plan Width": 8,
        "Actual Startup Time": 48.651,
        "Actual Total Time": 55.315,
        "Actual Rows": 2,
        "Actual Loops": 1,
        "Workers Planned": 1,
        "Workers Launched": 1,
        "Single Copy": false,
        "Plans": [
          {
            "Node Type": "Aggregate",
            "Strategy": "Plain",
            "Partial Mode": "Partial",
            "Parent Relationship": "Outer",
            "Parallel Aware": false,
            "Startup Cost": 42596.31,
            "Total Cost": 42596.32,
            "Plan Rows": 1,
            "Plan Width": 8,
            "Actual Startup Time": 42.553,
            "Actual Total Time": 42.555,
            "Actual Rows": 1,
            "Actual Loops": 2,
            "Plans": [
              {
                "Node Type": "Nested Loop",
                "Parent Relationship": "Outer",
                "Parallel Aware": false,
                "Join Type": "Inner",
                "Startup Cost": 138.39,
                "Total Cost": 42594.8,
                "Plan Rows": 607,
                "Plan Width": 0,
                "Actual Startup Time": 4.824,
                "Actual Total Time": 42.506,
                "Actual Rows": 124,
                "Actual Loops": 2,
                "Inner Unique": false,
                "Plans": [
                  {
                    "Node Type": "Nested Loop",
                    "Parent Relationship": "Outer",
                    "Parallel Aware": false,
                    "Join Type": "Inner",
                    "Startup Cost": 137.95,
                    "Total Cost": 40970.88,
                    "Plan Rows": 244,
                    "Plan Width": 8,
                    "Actual Startup Time": 4.704,
                    "Actual Total Time": 40.68,
                    "Actual Rows": 27,
                    "Actual Loops": 2,
                    "Inner Unique": true,
                    "Plans": [
                      {
                        "Node Type": "Bitmap Heap Scan",
                        "Parent Relationship": "Outer",
                        "Parallel Aware": true,
                        "Relation Name": "movie_keyword",
                        "Alias": "mk",
                        "Startup Cost": 137.52,
                        "Total Cost": 14559.37,
                        "Plan Rows": 3726,
                        "Plan Width": 4,
                        "Actual Startup Time": 3.569,
                        "Actual Total Time": 13.791,
                        "Actual Rows": 3262,
                        "Actual Loops": 2,
                        "Recheck Cond": "(keyword_id = 70)",
                        "Rows Removed by Index Recheck": 0,
                        "Exact Heap Blocks": 4336,
                        "Lossy Heap Blocks": 0,
                        "Plans": [
                          {
                            "Node Type": "Bitmap Index Scan",
                            "Parent Relationship": "Outer",
                            "Parallel Aware": false,
                            "Index Name": "keyword_id_movie_keyword",
                            "Startup Cost": 0.0,
                            "Total Cost": 135.94,
                            "Plan Rows": 6334,
                            "Plan Width": 0,
                            "Actual Startup Time": 4.32,
                            "Actual Total Time": 4.32,
                            "Actual Rows": 6525,
                            "Actual Loops": 1,
                            "Index Cond": "(keyword_id = 70)"
                          }
                        ]
                      },
                      {
                        "Node Type": "Index Scan",
                        "Parent Relationship": "Inner",
                        "Parallel Aware": false,
                        "Scan Direction": "Forward",
                        "Index Name": "title_pkey",
                        "Relation Name": "title",
                        "Alias": "t",
                        "Startup Cost": 0.43,
                        "Total Cost": 7.09,
                        "Plan Rows": 1,
                        "Plan Width": 4,
                        "Actual Startup Time": 0.008,
                        "Actual Total Time": 0.008,
                        "Actual Rows": 0,
                        "Actual Loops": 6525,
                        "Index Cond": "(id = mk.movie_id)",
                        "Rows Removed by Index Recheck": 0,
                        "Filter": "((production_year < 1964) AND (kind_id = 7))",
                        "Rows Removed by Filter": 1
                      }
                    ]
                  },
                  {
                    "Node Type": "Index Scan",
                    "Parent Relationship": "Inner",
                    "Parallel Aware": false,
                    "Scan Direction": "Forward",
                    "Index Name": "movie_id_movie_info",
                    "Relation Name": "movie_info",
                    "Alias": "mi",
                    "Startup Cost": 0.43,
                    "Total Cost": 6.48,
                    "Plan Rows": 18,
                    "Plan Width": 4,
                    "Actual Startup Time": 0.03,
                    "Actual Total Time": 0.065,
                    "Actual Rows": 5,
                    "Actual Loops": 54,
                    "Index Cond": "(movie_id = t.id)",
                    "Rows Removed by Index Recheck": 0,
                    "Filter": "(info_type_id > 8)",
                    "Rows Removed by Filter": 5
                  }
                ]
              }
            ]
          }
        ]
      }
    ]
  },
  "Planning Time": 1.002,
  "Triggers": [],
  "Execution Time": 55.416
}