{
  "Plan": {
    "Node Type": "Aggregate",
    "Strategy": "Plain",
    "Partial Mode": "Finalize",
    "Parallel Aware": false,
    "Startup Cost": 678277.77,
    "Total Cost": 678277.78,
    "Plan Rows": 1,
    "Plan Width": 8,
    "Actual Startup Time": 5207.028,
    "Actual Total Time": 5278.672,
    "Actual Rows": 1,
    "Actual Loops": 1,
    "Plans": [
      {
        "Node Type": "Gather",
        "Parent Relationship": "Outer",
        "Parallel Aware": false,
        "Startup Cost": 678277.66,
        "Total Cost": 678277.77,
        "Plan Rows": 1,
        "Plan Width": 8,
        "Actual Startup Time": 5202.215,
        "Actual Total Time": 5278.662,
        "Actual Rows": 2,
        "Actual Loops": 1,
        "Workers Planned": 1,
        "Workers Launched": 1,
        "Single Copy": false,
        "Plans": [
          {
            "Node Type": "Aggregate",
            "Strategy": "Plain",
            "Partial Mode": "Partial",
            "Parent Relationship": "Outer",
            "Parallel Aware": false,
            "Startup Cost": 677277.66,
            "Total Cost": 677277.67,
            "Plan Rows": 1,
            "Plan Width": 8,
            "Actual Startup Time": 5196.674,
            "Actual Total Time": 5197.201,
            "Actual Rows": 1,
            "Actual Loops": 2,
            "Plans": [
              {
                "Node Type": "Hash Join",
                "Parent Relationship": "Outer",
                "Parallel Aware": true,
                "Join Type": "Inner",
                "Startup Cost": 586123.98,
                "Total Cost": 675242.39,
                "Plan Rows": 814106,
                "Plan Width": 0,
                "Actual Startup Time": 3900.728,
                "Actual Total Time": 4854.62,
                "Actual Rows": 8461929,
                "Actual Loops": 2,
                "Inner Unique": false,
                "Hash Cond": "(mk.movie_id = t.id)",
                "Plans": [
                  {
                    "Node Type": "Seq Scan",
                    "Parent Relationship": "Outer",
                    "Parallel Aware": true,
                    "Relation Name": "movie_keyword",
                    "Alias": "mk",
                    "Startup Cost": 0.0,
                    "Total Cost": 51065.35,
                    "Plan Rows": 2661135,
                    "Plan Width": 4,
                    "Actual Startup Time": 0.015,
                    "Actual Total Time": 151.063,
                    "Actual Rows": 2261965,
                    "Actual Loops": 2
                  },
                  {
                    "Node Type": "Hash",
                    "Parent Relationship": "Inner",
                    "Parallel Aware": true,
                    "Startup Cost": 580436.72,
                    "Total Cost": 580436.72,
                    "Plan Rows": 454981,
                    "Plan Width": 8,
                    "Actual Startup Time": 3889.614,
                    "Actual Total Time": 3890.14,
                    "Actual Rows": 731772,
                    "Actual Loops": 2,
                    "Hash Buckets": 2097152,
                    "Original Hash Buckets": 1048576,
                    "Hash Batches": 1,
                    "Original Hash Batches": 1,
                    "Peak Memory Usage": 81856,
                    "Plans": [
                      {
                        "Node Type": "Hash Join",
                        "Parent Relationship": "Outer",
                        "Parallel Aware": true,
                        "Join Type": "Inner",
                        "Startup Cost": 58703.37,
                        "Total Cost": 580436.72,
                        "Plan Rows": 454981,
                        "Plan Width": 8,
                        "Actual Startup Time": 157.263,
                        "Actual Total Time": 3655.228,
                        "Actual Rows": 731772,
                        "Actual Loops": 2,
                        "Inner Unique": true,
                        "Hash Cond": "(ci.movie_id = t.id)",
                        "Plans": [
                          {
                            "Node Type": "Seq Scan",
                            "Parent Relationship": "Outer",
                            "Parallel Aware": true,
                            "Relation Name": "cast_info",
                            "Alias": "ci",
                            "Startup Cost": 0.0,
                            "Total Cost": 465792.95,
                            "Plan Rows": 21310595,
                            "Plan Width": 4,
                            "Actual Startup Time": 0.013,
                            "Actual Total Time": 1290.19,
                            "Actual Rows": 18122172,
                            "Actual Loops": 2
                          },
                          {
                            "Node Type": "Hash",
                            "Parent Relationship": "Inner",
                            "Parallel Aware": true,
                            "Startup Cost": 58306.47,
                            "Total Cost": 58306.47,
                            "Plan Rows": 31752,
                            "Plan Width": 4,
                            "Actual Startup Time": 156.831,
                            "Actual Total Time": 156.831,
                            "Actual Rows": 81106,
                            "Actual Loops": 2,
                            "Hash Buckets": 262144,
                            "Original Hash Buckets": 65536,
                            "Hash Batches": 1,
                            "Original Hash Batches": 1,
                            "Peak Memory Usage": 9952,
                            "Plans": [
                              {
                                "Node Type": "Seq Scan",
                                "Parent Relationship": "Outer",
                                "Parallel Aware": true,
                                "Relation Name": "title",
                                "Alias": "t",
                                "Startup Cost": 0.0,
                                "Total Cost": 58306.47,
                                "Plan Rows": 31752,
                                "Plan Width": 4,
                                "Actual Startup Time": 0.321,
                                "Actual Total Time": 136.734,
                                "Actual Rows": 81106,
                                "Actual Loops": 2,
                                "Filter": "((kind_id < 4) AND (production_year < 1950))",
                                "Rows Removed by Filter": 1183050
                              }
                            ]
                          }
                        ]
                      }
                    ]
                  }
                ]
              }
            ]
          }
        ]
      }
    ]
  },
  "Planning Time": 0.925,
  "Triggers": [],
  "Execution Time": 5278.764
}