[
  {
    "Plan": {
      "Node Type": "Aggregate",
      "Strategy": "Plain",
      "Partial Mode": "Finalize",
      "Parallel Aware": false,
      "Startup Cost": 32992.54,
      "Total Cost": 32992.55,
      "Plan Rows": 1,
      "Plan Width": 8,
      "Actual Startup Time": 94.089,
      "Actual Total Time": 100.085,
      "Actual Rows": 1,
      "Actual Loops": 1,
      "Plans": [
        {
          "Node Type": "Gather",
          "Parent Relationship": "Outer",
          "Parallel Aware": false,
          "Startup Cost": 32992.22,
          "Total Cost": 32992.53,
          "Plan Rows": 3,
          "Plan Width": 8,
          "Actual Startup Time": 93.853,
          "Actual Total Time": 100.074,
          "Actual Rows": 4,
          "Actual Loops": 1,
          "Workers Planned": 3,
          "Workers Launched": 3,
          "Single Copy": false,
          "Plans": [
            {
              "Node Type": "Aggregate",
              "Strategy": "Plain",
              "Partial Mode": "Partial",
              "Parent Relationship": "Outer",
              "Parallel Aware": false,
              "Startup Cost": 31992.22,
              "Total Cost": 31992.23,
              "Plan Rows": 1,
              "Plan Width": 8,
              "Actual Startup Time": 88.457,
              "Actual Total Time": 88.458,
              "Actual Rows": 1,
              "Actual Loops": 4,
              "Plans": [
                {
                  "Node Type": "Seq Scan",
                  "Parent Relationship": "Outer",
                  "Parallel Aware": true,
                  "Relation Name": "movie_companies",
                  "Alias": "mc",
                  "Startup Cost": 0.0,
                  "Total Cost": 31414.82,
                  "Plan Rows": 230961,
                  "Plan Width": 0,
                  "Actual Startup Time": 12.284,
                  "Actual Total Time": 81.45,
                  "Actual Rows": 124110,
                  "Actual Loops": 4,
                  "Filter": "((company_id > 9172) AND (company_type_id < 2))",
                  "Rows Removed by Filter": 528172
                }
              ]
            }
          ]
        }
      ]
    },
    "Planning Time": 0.222,
    "Triggers": [],
    "Execution Time": 100.14
  }
]