{
  "Plan": {
    "Node Type": "Aggregate",
    "Strategy": "Plain",
    "Partial Mode": "Finalize",
    "Parallel Aware": false,
    "Startup Cost": 165075.76,
    "Total Cost": 165075.77,
    "Plan Rows": 1,
    "Plan Width": 8,
    "Actual Startup Time": 634.264,
    "Actual Total Time": 647.764,
    "Actual Rows": 1,
    "Actual Loops": 1,
    "Plans": [
      {
        "Node Type": "Gather",
        "Parent Relationship": "Outer",
        "Parallel Aware": false,
        "Startup Cost": 165075.64,
        "Total Cost": 165075.75,
        "Plan Rows": 1,
        "Plan Width": 8,
        "Actual Startup Time": 571.323,
        "Actual Total Time": 647.747,
        "Actual Rows": 2,
        "Actual Loops": 1,
        "Workers Planned": 1,
        "Workers Launched": 1,
        "Single Copy": false,
        "Plans": [
          {
            "Node Type": "Aggregate",
            "Strategy": "Plain",
            "Partial Mode": "Partial",
            "Parent Relationship": "Outer",
            "Parallel Aware": false,
            "Startup Cost": 164075.64,
            "Total Cost": 164075.65,
            "Plan Rows": 1,
            "Plan Width": 8,
            "Actual Startup Time": 595.292,
            "Actual Total Time": 595.297,
            "Actual Rows": 1,
            "Actual Loops": 2,
            "Plans": [
              {
                "Node Type": "Nested Loop",
                "Parent Relationship": "Outer",
                "Parallel Aware": false,
                "Join Type": "Inner",
                "Startup Cost": 131037.26,
                "Total Cost": 163983.26,
                "Plan Rows": 36952,
                "Plan Width": 0,
                "Actual Startup Time": 361.906,
                "Actual Total Time": 588.089,
                "Actual Rows": 142452,
                "Actual Loops": 2,
                "Inner Unique": false,
                "Join Filter": "(t.id = mc.movie_id)",
                "Rows Removed by Join Filter": 0,
                "Plans": [
                  {
                    "Node Type": "Merge Join",
                    "Parent Relationship": "Outer",
                    "Parallel Aware": false,
                    "Join Type": "Inner",
                    "Startup Cost": 131036.83,
                    "Total Cost": 134418.33,
                    "Plan Rows": 35808,
                    "Plan Width": 8,
                    "Actual Startup Time": 361.802,
                    "Actual Total Time": 441.929,
                    "Actual Rows": 38588,
                    "Actual Loops": 2,
                    "Inner Unique": true,
                    "Merge Cond": "(mi_idx.movie_id = t.id)",
                    "Plans": [
                      {
                        "Node Type": "Sort",
                        "Parent Relationship": "Outer",
                        "Parallel Aware": false,
                        "Startup Cost": 42553.25,
                        "Total Cost": 43231.16,
                        "Plan Rows": 271164,
                        "Plan Width": 4,
                        "Actual Startup Time": 130.677,
                        "Actual Total Time": 142.984,
                        "Actual Rows": 230092,
                        "Actual Loops": 2,
                        "Sort Key": [
                          "mi_idx.movie_id"
                        ],
                        "Sort Method": "quicksort",
                        "Sort Space Used": 26654,
                        "Sort Space Type": "Memory",
                        "Workers": [
                          {
                            "Worker Number": 0,
                            "Sort Method": "quicksort",
                            "Sort Space Used": 13351,
                            "Sort Space Type": "Memory"
                          }
                        ],
                        "Plans": [
                          {
                            "Node Type": "Seq Scan",
                            "Parent Relationship": "Outer",
                            "Parallel Aware": true,
                            "Relation Name": "movie_info_idx",
                            "Alias": "mi_idx",
                            "Startup Cost": 0.0,
                            "Total Cost": 18082.32,
                            "Plan Rows": 271164,
                            "Plan Width": 4,
                            "Actual Startup Time": 0.045,
                            "Actual Total Time": 77.548,
                            "Actual Rows": 230092,
                            "Actual Loops": 2,
                            "Filter": "(info_type_id > 100)",
                            "Rows Removed by Filter": 459925
                          }
                        ]
                      },
                      {
                        "Node Type": "Sort",
                        "Parent Relationship": "Inner",
                        "Parallel Aware": false,
                        "Startup Cost": 88483.54,
                        "Total Cost": 89318.21,
                        "Plan Rows": 333866,
                        "Plan Width": 4,
                        "Actual Startup Time": 222.187,
                        "Actual Total Time": 257.18,
                        "Actual Rows": 255332,
                        "Actual Loops": 2,
                        "Sort Key": [
                          "t.id"
                        ],
                        "Sort Method": "quicksort",
                        "Sort Space Used": 18124,
                        "Sort Space Type": "Memory",
                        "Workers": [
                          {
                            "Worker Number": 0,
                            "Sort Method": "quicksort",
                            "Sort Space Used": 18124,
                            "Sort Space Type": "Memory"
                          }
                        ],
                        "Plans": [
                          {
                            "Node Type": "Bitmap Heap Scan",
                            "Parent Relationship": "Outer",
                            "Parallel Aware": false,
                            "Relation Name": "title",
                            "Alias": "t",
                            "Startup Cost": 11906.32,
                            "Total Cost": 57853.16,
                            "Plan Rows": 333866,
                            "Plan Width": 4,
                            "Actual Startup Time": 27.213,
                            "Actual Total Time": 143.099,
                            "Actual Rows": 255571,
                            "Actual Loops": 2,
                            "Recheck Cond": "(kind_id < 2)",
                            "Rows Removed by Index Recheck": 0,
                            "Filter": "(production_year > 2002)",
                            "Rows Removed by Filter": 407254,
                            "Exact Heap Blocks": 12863,
                            "Lossy Heap Blocks": 0,
                            "Plans": [
                              {
                                "Node Type": "Bitmap Index Scan",
                                "Parent Relationship": "Outer",
                                "Parallel Aware": false,
                                "Index Name": "kind_id_title",
                                "Startup Cost": 0.0,
                                "Total Cost": 11822.85,
                                "Plan Rows": 663256,
                                "Plan Width": 0,
                                "Actual Startup Time": 25.274,
                                "Actual Total Time": 25.274,
                                "Actual Rows": 662825,
                                "Actual Loops": 2,
                                "Index Cond": "(kind_id < 2)"
                              }
                            ]
                          }
                        ]
                      }
                    ]
                  },
                  {
                    "Node Type": "Index Only Scan",
                    "Parent Relationship": "Inner",
                    "Parallel Aware": false,
                    "Scan Direction": "Forward",
                    "Index Name": "movie_id_movie_companies",
                    "Relation Name": "movie_companies",
                    "Alias": "mc",
                    "Startup Cost": 0.43,
                    "Total Cost": 0.76,
                    "Plan Rows": 5,
                    "Plan Width": 4,
                    "Actual Startup Time": 0.002,
                    "Actual Total Time": 0.003,
                    "Actual Rows": 4,
                    "Actual Loops": 77175,
                    "Index Cond": "(movie_id = mi_idx.movie_id)",
                    "Rows Removed by Index Recheck": 0,
                    "Heap Fetches": 284905
                  }
                ]
              }
            ]
          }
        ]
      }
    ]
  },
  "Planning Time": 0.936,
  "Triggers": [],
  "Execution Time": 655.763
}