[
  {
    "Plan": {
      "Node Type": "Aggregate",
      "Strategy": "Plain",
      "Partial Mode": "Finalize",
      "Parallel Aware": false,
      "Startup Cost": 9792.75,
      "Total Cost": 9792.76,
      "Plan Rows": 1,
      "Plan Width": 8,
      "Actual Startup Time": 35.659,
      "Actual Total Time": 38.537,
      "Actual Rows": 1,
      "Actual Loops": 1,
      "Plans": [
        {
          "Node Type": "Gather",
          "Parent Relationship": "Outer",
          "Parallel Aware": false,
          "Startup Cost": 9792.43,
          "Total Cost": 9792.74,
          "Plan Rows": 3,
          "Plan Width": 8,
          "Actual Startup Time": 35.47,
          "Actual Total Time": 38.53,
          "Actual Rows": 4,
          "Actual Loops": 1,
          "Workers Planned": 3,
          "Workers Launched": 3,
          "Single Copy": false,
          "Plans": [
            {
              "Node Type": "Aggregate",
              "Strategy": "Plain",
              "Partial Mode": "Partial",
              "Parent Relationship": "Outer",
              "Parallel Aware": false,
              "Startup Cost": 8792.43,
              "Total Cost": 8792.44,
              "Plan Rows": 1,
              "Plan Width": 8,
              "Actual Startup Time": 29.076,
              "Actual Total Time": 29.077,
              "Actual Rows": 1,
              "Actual Loops": 4,
              "Plans": [
                {
                  "Node Type": "Index Scan",
                  "Parent Relationship": "Outer",
                  "Parallel Aware": true,
                  "Scan Direction": "Forward",
                  "Index Name": "role_id_cast_info",
                  "Relation Name": "cast_info",
                  "Alias": "ci",
                  "Startup Cost": 0.56,
                  "Total Cost": 8600.37,
                  "Plan Rows": 76824,
                  "Plan Width": 0,
                  "Actual Startup Time": 0.109,
                  "Actual Total Time": 26.661,
                  "Actual Rows": 24396,
                  "Actual Loops": 4,
                  "Index Cond": "(role_id = 11)",
                  "Rows Removed by Index Recheck": 0,
                  "Filter": "(person_id < 2949179)",
                  "Rows Removed by Filter": 54633
                }
              ]
            }
          ]
        }
      ]
    },
    "Planning Time": 0.193,
    "Triggers": [],
    "Execution Time": 38.59
  }
]