[
  {
    "Plan": {
      "Node Type": "Aggregate",
      "Strategy": "Plain",
      "Partial Mode": "Finalize",
      "Parallel Aware": false,
      "Startup Cost": 257555.96,
      "Total Cost": 257555.97,
      "Plan Rows": 1,
      "Plan Width": 8,
      "Actual Startup Time": 1150.603,
      "Actual Total Time": 1199.403,
      "Actual Rows": 1,
      "Actual Loops": 1,
      "Plans": [
        {
          "Node Type": "Gather",
          "Parent Relationship": "Outer",
          "Parallel Aware": false,
          "Startup Cost": 257555.64,
          "Total Cost": 257555.95,
          "Plan Rows": 3,
          "Plan Width": 8,
          "Actual Startup Time": 1145.648,
          "Actual Total Time": 1199.391,
          "Actual Rows": 4,
          "Actual Loops": 1,
          "Workers Planned": 3,
          "Workers Launched": 3,
          "Single Copy": false,
          "Plans": [
            {
              "Node Type": "Aggregate",
              "Strategy": "Plain",
              "Partial Mode": "Partial",
              "Parent Relationship": "Outer",
              "Parallel Aware": false,
              "Startup Cost": 256555.64,
              "Total Cost": 256555.65,
              "Plan Rows": 1,
              "Plan Width": 8,
              "Actual Startup Time": 1134.701,
              "Actual Total Time": 1134.708,
              "Actual Rows": 1,
              "Actual Loops": 4,
              "Plans": [
                {
                  "Node Type": "Hash Join",
                  "Parent Relationship": "Outer",
                  "Parallel Aware": true,
                  "Join Type": "Inner",
                  "Startup Cost": 208899.36,
                  "Total Cost": 254813.16,
                  "Plan Rows": 696993,
                  "Plan Width": 0,
                  "Actual Startup Time": 865.179,
                  "Actual Total Time": 1112.955,
                  "Actual Rows": 442323,
                  "Actual Loops": 4,
                  "Inner Unique": false,
                  "Hash Cond": "(mk.movie_id = t.id)",
                  "Plans": [
                    {
                      "Node Type": "Seq Scan",
                      "Parent Relationship": "Outer",
                      "Parallel Aware": true,
                      "Relation Name": "movie_keyword",
                      "Alias": "mk",
                      "Startup Cost": 0.0,
                      "Total Cost": 39047.32,
                      "Plan Rows": 1459332,
                      "Plan Width": 4,
                      "Actual Startup Time": 0.025,
                      "Actual Total Time": 94.379,
                      "Actual Rows": 1130982,
                      "Actual Loops": 4
                    },
                    {
                      "Node Type": "Hash",
                      "Parent Relationship": "Inner",
                      "Parallel Aware": true,
                      "Startup Cost": 205880.36,
                      "Total Cost": 205880.36,
                      "Plan Rows": 241520,
                      "Plan Width": 8,
                      "Actual Startup Time": 858.739,
                      "Actual Total Time": 858.744,
                      "Actual Rows": 173402,
                      "Actual Loops": 4,
                      "Hash Buckets": 2097152,
                      "Original Hash Buckets": 2097152,
                      "Hash Batches": 1,
                      "Original Hash Batches": 1,
                      "Peak Memory Usage": 43584,
                      "Plans": [
                        {
                          "Node Type": "Hash Join",
                          "Parent Relationship": "Outer",
                          "Parallel Aware": true,
                          "Join Type": "Inner",
                          "Startup Cost": 47401.89,
                          "Total Cost": 205880.36,
                          "Plan Rows": 241520,
                          "Plan Width": 8,
                          "Actual Startup Time": 174.338,
                          "Actual Total Time": 780.66,
                          "Actual Rows": 173402,
                          "Actual Loops": 4,
                          "Inner Unique": true,
                          "Hash Cond": "(ci.movie_id = t.id)",
                          "Plans": [
                            {
                              "Node Type": "Index Scan",
                              "Parent Relationship": "Outer",
                              "Parallel Aware": true,
                              "Scan Direction": "Forward",
                              "Index Name": "role_id_cast_info",
                              "Relation Name": "cast_info",
                              "Alias": "ci",
                              "Startup Cost": 0.56,
                              "Total Cost": 155872.35,
                              "Plan Rows": 993025,
                              "Plan Width": 4,
                              "Actual Startup Time": 0.108,
                              "Actual Total Time": 312.627,
                              "Actual Rows": 1364948,
                              "Actual Loops": 4,
                              "Index Cond": "(role_id > 8)",
                              "Rows Removed by Index Recheck": 0,
                              "Filter": "(person_id > 478574)",
                              "Rows Removed by Filter": 68225
                            },
                            {
                              "Node Type": "Hash",
                              "Parent Relationship": "Inner",
                              "Parallel Aware": true,
                              "Startup Cost": 45479.59,
                              "Total Cost": 45479.59,
                              "Plan Rows": 153739,
                              "Plan Width": 4,
                              "Actual Startup Time": 171.083,
                              "Actual Total Time": 171.085,
                              "Actual Rows": 125482,
                              "Actual Loops": 4,
                              "Hash Buckets": 1048576,
                              "Original Hash Buckets": 1048576,
                              "Hash Batches": 1,
                              "Original Hash Batches": 1,
                              "Peak Memory Usage": 27872,
                              "Plans": [
                                {
                                  "Node Type": "Seq Scan",
                                  "Parent Relationship": "Outer",
                                  "Parallel Aware": true,
                                  "Relation Name": "title",
                                  "Alias": "t",
                                  "Startup Cost": 0.0,
                                  "Total Cost": 45479.59,
                                  "Plan Rows": 153739,
                                  "Plan Width": 4,
                                  "Actual Startup Time": 0.059,
                                  "Actual Total Time": 111.395,
                                  "Actual Rows": 125482,
                                  "Actual Loops": 4,
                                  "Filter": "((kind_id > 1) AND (production_year < 1996))",
                                  "Rows Removed by Filter": 506596
                                }
                              ]
                            }
                          ]
                        }
                      ]
                    }
                  ]
                }
              ]
            }
          ]
        }
      ]
    },
    "Planning Time": 0.653,
    "Triggers": [],
    "Execution Time": 1199.473
  }
]