{
  "Plan": {
    "Node Type": "Aggregate",
    "Strategy": "Plain",
    "Partial Mode": "Finalize",
    "Parallel Aware": false,
    "Startup Cost": 135907.14,
    "Total Cost": 135907.15,
    "Plan Rows": 1,
    "Plan Width": 8,
    "Actual Startup Time": 902.094,
    "Actual Total Time": 918.959,
    "Actual Rows": 1,
    "Actual Loops": 1,
    "Plans": [
      {
        "Node Type": "Gather",
        "Parent Relationship": "Outer",
        "Parallel Aware": false,
        "Startup Cost": 135907.03,
        "Total Cost": 135907.14,
        "Plan Rows": 1,
        "Plan Width": 8,
        "Actual Startup Time": 898.864,
        "Actual Total Time": 918.952,
        "Actual Rows": 2,
        "Actual Loops": 1,
        "Workers Planned": 1,
        "Workers Launched": 1,
        "Single Copy": false,
        "Plans": [
          {
            "Node Type": "Aggregate",
            "Strategy": "Plain",
            "Partial Mode": "Partial",
            "Parent Relationship": "Outer",
            "Parallel Aware": false,
            "Startup Cost": 134907.03,
            "Total Cost": 134907.04,
            "Plan Rows": 1,
            "Plan Width": 8,
            "Actual Startup Time": 890.321,
            "Actual Total Time": 890.325,
            "Actual Rows": 1,
            "Actual Loops": 2,
            "Plans": [
              {
                "Node Type": "Hash Join",
                "Parent Relationship": "Outer",
                "Parallel Aware": true,
                "Join Type": "Inner",
                "Startup Cost": 67117.99,
                "Total Cost": 130969.89,
                "Plan Rows": 1574858,
                "Plan Width": 0,
                "Actual Startup Time": 408.038,
                "Actual Total Time": 846.415,
                "Actual Rows": 1150624,
                "Actual Loops": 2,
                "Inner Unique": true,
                "Hash Cond": "(mk.movie_id = t.id)",
                "Plans": [
                  {
                    "Node Type": "Seq Scan",
                    "Parent Relationship": "Outer",
                    "Parallel Aware": true,
                    "Relation Name": "movie_keyword",
                    "Alias": "mk",
                    "Startup Cost": 0.0,
                    "Total Cost": 57718.19,
                    "Plan Rows": 2336645,
                    "Plan Width": 4,
                    "Actual Startup Time": 0.035,
                    "Actual Total Time": 199.394,
                    "Actual Rows": 1978830,
                    "Actual Loops": 2,
                    "Filter": "(keyword_id > 398)",
                    "Rows Removed by Filter": 283135
                  },
                  {
                    "Node Type": "Hash",
                    "Parent Relationship": "Inner",
                    "Parallel Aware": true,
                    "Startup Cost": 54588.39,
                    "Total Cost": 54588.39,
                    "Plan Rows": 1002368,
                    "Plan Width": 4,
                    "Actual Startup Time": 392.932,
                    "Actual Total Time": 392.933,
                    "Actual Rows": 850158,
                    "Actual Loops": 2,
                    "Hash Buckets": 2097152,
                    "Original Hash Buckets": 2097152,
                    "Hash Batches": 1,
                    "Original Hash Batches": 1,
                    "Peak Memory Usage": 82944,
                    "Plans": [
                      {
                        "Node Type": "Seq Scan",
                        "Parent Relationship": "Outer",
                        "Parallel Aware": true,
                        "Relation Name": "title",
                        "Alias": "t",
                        "Startup Cost": 0.0,
                        "Total Cost": 54588.39,
                        "Plan Rows": 1002368,
                        "Plan Width": 4,
                        "Actual Startup Time": 0.032,
                        "Actual Total Time": 176.266,
                        "Actual Rows": 850158,
                        "Actual Loops": 2,
                        "Filter": "(production_year > 1992)",
                        "Rows Removed by Filter": 413998
                      }
                    ]
                  }
                ]
              }
            ]
          }
        ]
      }
    ]
  },
  "Planning Time": 0.812,
  "Triggers": [],
  "Execution Time": 919.046
}