{
    "Plan": {
        "Node Type": "Aggregate",
        "Strategy": "Plain",
        "Partial Mode": "Finalize",
        "Parallel Aware": false,
        "Startup Cost": 248794.2,
        "Total Cost": 248794.21,
        "Plan Rows": 1,
        "Plan Width": 8,
        "Actual Startup Time": 521.312,
        "Actual Total Time": 558.15,
        "Actual Rows": 1,
        "Actual Loops": 1,
        "Output": [
            "count(*)"
        ],
        "Plans": [
            {
                "Node Type": "Gather",
                "Parent Relationship": "Outer",
                "Parallel Aware": false,
                "Startup Cost": 248793.67,
                "Total Cost": 248794.18,
                "Plan Rows": 5,
                "Plan Width": 8,
                "Actual Startup Time": 517.354,
                "Actual Total Time": 558.138,
                "Actual Rows": 6,
                "Actual Loops": 1,
                "Output": [
                    "(PARTIAL count(*))"
                ],
                "Workers Planned": 5,
                "Workers Launched": 5,
                "Single Copy": false,
                "Plans": [
                    {
                        "Node Type": "Aggregate",
                        "Strategy": "Plain",
                        "Partial Mode": "Partial",
                        "Parent Relationship": "Outer",
                        "Parallel Aware": false,
                        "Startup Cost": 247793.67,
                        "Total Cost": 247793.68,
                        "Plan Rows": 1,
                        "Plan Width": 8,
                        "Actual Startup Time": 506.787,
                        "Actual Total Time": 506.79,
                        "Actual Rows": 1,
                        "Actual Loops": 6,
                        "Output": [
                            "PARTIAL count(*)"
                        ],
                        "Workers": [
                            {
                                "Worker Number": 0,
                                "Actual Startup Time": 504.378,
                                "Actual Total Time": 504.381,
                                "Actual Rows": 1,
                                "Actual Loops": 1
                            },
                            {
                                "Worker Number": 1,
                                "Actual Startup Time": 504.757,
                                "Actual Total Time": 504.759,
                                "Actual Rows": 1,
                                "Actual Loops": 1
                            },
                            {
                                "Worker Number": 2,
                                "Actual Startup Time": 504.888,
                                "Actual Total Time": 504.892,
                                "Actual Rows": 1,
                                "Actual Loops": 1
                            },
                            {
                                "Worker Number": 3,
                                "Actual Startup Time": 504.724,
                                "Actual Total Time": 504.728,
                                "Actual Rows": 1,
                                "Actual Loops": 1
                            },
                            {
                                "Worker Number": 4,
                                "Actual Startup Time": 505.486,
                                "Actual Total Time": 505.489,
                                "Actual Rows": 1,
                                "Actual Loops": 1
                            }
                        ],
                        "Plans": [
                            {
                                "Node Type": "Hash Join",
                                "Parent Relationship": "Outer",
                                "Parallel Aware": true,
                                "Join Type": "Inner",
                                "Startup Cost": 48015.75,
                                "Total Cost": 247583.59,
                                "Plan Rows": 84034,
                                "Plan Width": 0,
                                "Actual Startup Time": 371.176,
                                "Actual Total Time": 504.933,
                                "Actual Rows": 41114,
                                "Actual Loops": 6,
                                "Inner Unique": true,
                                "Hash Cond": "(mi.movie_id = t.id)",
                                "Workers": [
                                    {
                                        "Worker Number": 0,
                                        "Actual Startup Time": 368.85,
                                        "Actual Total Time": 502.731,
                                        "Actual Rows": 39253,
                                        "Actual Loops": 1
                                    },
                                    {
                                        "Worker Number": 1,
                                        "Actual Startup Time": 369.209,
                                        "Actual Total Time": 502.898,
                                        "Actual Rows": 45071,
                                        "Actual Loops": 1
                                    },
                                    {
                                        "Worker Number": 2,
                                        "Actual Startup Time": 369.375,
                                        "Actual Total Time": 502.788,
                                        "Actual Rows": 31092,
                                        "Actual Loops": 1
                                    },
                                    {
                                        "Worker Number": 3,
                                        "Actual Startup Time": 369.312,
                                        "Actual Total Time": 503.088,
                                        "Actual Rows": 39481,
                                        "Actual Loops": 1
                                    },
                                    {
                                        "Worker Number": 4,
                                        "Actual Startup Time": 369.354,
                                        "Actual Total Time": 503.618,
                                        "Actual Rows": 44968,
                                        "Actual Loops": 1
                                    }
                                ],
                                "Plans": [
                                    {
                                        "Node Type": "Seq Scan",
                                        "Parent Relationship": "Outer",
                                        "Parallel Aware": true,
                                        "Relation Name": "movie_info",
                                        "Schema": "public",
                                        "Alias": "mi",
                                        "Startup Cost": 0.0,
                                        "Total Cost": 198880.74,
                                        "Plan Rows": 261755,
                                        "Plan Width": 4,
                                        "Actual Startup Time": 218.244,
                                        "Actual Total Time": 288.87,
                                        "Actual Rows": 214821,
                                        "Actual Loops": 6,
                                        "Output": [
                                            "mi.id",
                                            "mi.movie_id",
                                            "mi.info_type_id",
                                            "mi.info",
                                            "mi.note"
                                        ],
                                        "Filter": "(mi.info_type_id = 2)",
                                        "Rows Removed by Filter": 2257799,
                                        "Workers": [
                                            {
                                                "Worker Number": 0,
                                                "Actual Startup Time": 218.383,
                                                "Actual Total Time": 288.171,
                                                "Actual Rows": 204183,
                                                "Actual Loops": 1
                                            },
                                            {
                                                "Worker Number": 1,
                                                "Actual Startup Time": 218.23,
                                                "Actual Total Time": 289.101,
                                                "Actual Rows": 231827,
                                                "Actual Loops": 1
                                            },
                                            {
                                                "Worker Number": 2,
                                                "Actual Startup Time": 218.218,
                                                "Actual Total Time": 292.576,
                                                "Actual Rows": 165620,
                                                "Actual Loops": 1
                                            },
                                            {
                                                "Worker Number": 3,
                                                "Actual Startup Time": 218.191,
                                                "Actual Total Time": 288.346,
                                                "Actual Rows": 206421,
                                                "Actual Loops": 1
                                            },
                                            {
                                                "Worker Number": 4,
                                                "Actual Startup Time": 218.236,
                                                "Actual Total Time": 289.078,
                                                "Actual Rows": 231572,
                                                "Actual Loops": 1
                                            }
                                        ]
                                    },
                                    {
                                        "Node Type": "Hash",
                                        "Parent Relationship": "Inner",
                                        "Parallel Aware": true,
                                        "Startup Cost": 45479.21,
                                        "Total Cost": 45479.21,
                                        "Plan Rows": 202923,
                                        "Plan Width": 4,
                                        "Actual Startup Time": 148.986,
                                        "Actual Total Time": 148.987,
                                        "Actual Rows": 146031,
                                        "Actual Loops": 6,
                                        "Output": [
                                            "t.id"
                                        ],
                                        "Hash Buckets": 1048576,
                                        "Original Hash Buckets": 1048576,
                                        "Hash Batches": 1,
                                        "Original Hash Batches": 1,
                                        "Peak Memory Usage": 42592,
                                        "Workers": [
                                            {
                                                "Worker Number": 0,
                                                "Actual Startup Time": 149.841,
                                                "Actual Total Time": 149.842,
                                                "Actual Rows": 130242,
                                                "Actual Loops": 1
                                            },
                                            {
                                                "Worker Number": 1,
                                                "Actual Startup Time": 150.172,
                                                "Actual Total Time": 150.173,
                                                "Actual Rows": 147949,
                                                "Actual Loops": 1
                                            },
                                            {
                                                "Worker Number": 2,
                                                "Actual Startup Time": 150.216,
                                                "Actual Total Time": 150.217,
                                                "Actual Rows": 107995,
                                                "Actual Loops": 1
                                            },
                                            {
                                                "Worker Number": 3,
                                                "Actual Startup Time": 150.156,
                                                "Actual Total Time": 150.157,
                                                "Actual Rows": 132795,
                                                "Actual Loops": 1
                                            },
                                            {
                                                "Worker Number": 4,
                                                "Actual Startup Time": 150.257,
                                                "Actual Total Time": 150.258,
                                                "Actual Rows": 143344,
                                                "Actual Loops": 1
                                            }
                                        ],
                                        "Plans": [
                                            {
                                                "Node Type": "Seq Scan",
                                                "Parent Relationship": "Outer",
                                                "Parallel Aware": true,
                                                "Relation Name": "title",
                                                "Schema": "public",
                                                "Alias": "t",
                                                "Startup Cost": 0.0,
                                                "Total Cost": 45479.21,
                                                "Plan Rows": 202923,
                                                "Plan Width": 4,
                                                "Actual Startup Time": 0.061,
                                                "Actual Total Time": 82.697,
                                                "Actual Rows": 146031,
                                                "Actual Loops": 6,
                                                "Output": [
                                                    "t.id"
                                                ],
                                                "Filter": "((t.kind_id > 1) AND (t.production_year > 2004))",
                                                "Rows Removed by Filter": 275354,
                                                "Workers": [
                                                    {
                                                        "Worker Number": 0,
                                                        "Actual Startup Time": 0.081,
                                                        "Actual Total Time": 83.209,
                                                        "Actual Rows": 130242,
                                                        "Actual Loops": 1
                                                    },
                                                    {
                                                        "Worker Number": 1,
                                                        "Actual Startup Time": 0.064,
                                                        "Actual Total Time": 84.668,
                                                        "Actual Rows": 147949,
                                                        "Actual Loops": 1
                                                    },
                                                    {
                                                        "Worker Number": 2,
                                                        "Actual Startup Time": 0.072,
                                                        "Actual Total Time": 85.913,
                                                        "Actual Rows": 107995,
                                                        "Actual Loops": 1
                                                    },
                                                    {
                                                        "Worker Number": 3,
                                                        "Actual Startup Time": 0.061,
                                                        "Actual Total Time": 83.781,
                                                        "Actual Rows": 132795,
                                                        "Actual Loops": 1
                                                    },
                                                    {
                                                        "Worker Number": 4,
                                                        "Actual Startup Time": 0.072,
                                                        "Actual Total Time": 84.328,
                                                        "Actual Rows": 143344,
                                                        "Actual Loops": 1
                                                    }
                                                ]
                                            }
                                        ]
                                    }
                                ]
                            }
                        ]
                    }
                ]
            }
        ]
    },
    "Planning Time": 0.796,
    "Triggers": [],
    "Execution Time": 558.232
}