[
  {
    "Plan": {
      "Node Type": "Aggregate",
      "Strategy": "Plain",
      "Partial Mode": "Finalize",
      "Parallel Aware": false,
      "Startup Cost": 56213.68,
      "Total Cost": 56213.69,
      "Plan Rows": 1,
      "Plan Width": 8,
      "Actual Startup Time": 105.512,
      "Actual Total Time": 121.895,
      "Actual Rows": 1,
      "Actual Loops": 1,
      "Plans": [
        {
          "Node Type": "Gather",
          "Parent Relationship": "Outer",
          "Parallel Aware": false,
          "Startup Cost": 56213.26,
          "Total Cost": 56213.67,
          "Plan Rows": 4,
          "Plan Width": 8,
          "Actual Startup Time": 105.379,
          "Actual Total Time": 121.886,
          "Actual Rows": 5,
          "Actual Loops": 1,
          "Workers Planned": 4,
          "Workers Launched": 4,
          "Single Copy": false,
          "Plans": [
            {
              "Node Type": "Aggregate",
              "Strategy": "Plain",
              "Partial Mode": "Partial",
              "Parent Relationship": "Outer",
              "Parallel Aware": false,
              "Startup Cost": 55213.26,
              "Total Cost": 55213.27,
              "Plan Rows": 1,
              "Plan Width": 8,
              "Actual Startup Time": 100.193,
              "Actual Total Time": 100.195,
              "Actual Rows": 1,
              "Actual Loops": 5,
              "Plans": [
                {
                  "Node Type": "Nested Loop",
                  "Parent Relationship": "Outer",
                  "Parallel Aware": false,
                  "Join Type": "Inner",
                  "Startup Cost": 0.43,
                  "Total Cost": 55210.93,
                  "Plan Rows": 930,
                  "Plan Width": 0,
                  "Actual Startup Time": 59.082,
                  "Actual Total Time": 100.018,
                  "Actual Rows": 2444,
                  "Actual Loops": 5,
                  "Inner Unique": false,
                  "Plans": [
                    {
                      "Node Type": "Seq Scan",
                      "Parent Relationship": "Outer",
                      "Parallel Aware": true,
                      "Relation Name": "title",
                      "Alias": "t",
                      "Startup Cost": 0.0,
                      "Total Cost": 45479.59,
                      "Plan Rows": 1095,
                      "Plan Width": 4,
                      "Actual Startup Time": 57.748,
                      "Actual Total Time": 87.289,
                      "Actual Rows": 903,
                      "Actual Loops": 5,
                      "Filter": "((kind_id = 1) AND (production_year = 1984))",
                      "Rows Removed by Filter": 504760
                    },
                    {
                      "Node Type": "Index Scan",
                      "Parent Relationship": "Inner",
                      "Parallel Aware": false,
                      "Scan Direction": "Forward",
                      "Index Name": "movie_id_movie_keyword",
                      "Relation Name": "movie_keyword",
                      "Alias": "mk",
                      "Startup Cost": 0.43,
                      "Total Cost": 8.67,
                      "Plan Rows": 22,
                      "Plan Width": 4,
                      "Actual Startup Time": 0.012,
                      "Actual Total Time": 0.013,
                      "Actual Rows": 3,
                      "Actual Loops": 4514,
                      "Index Cond": "(movie_id = t.id)",
                      "Rows Removed by Index Recheck": 0,
                      "Filter": "(keyword_id < 4147)",
                      "Rows Removed by Filter": 3
                    }
                  ]
                }
              ]
            }
          ]
        }
      ]
    },
    "Planning Time": 0.645,
    "Triggers": [],
    "Execution Time": 121.969
  }
]