{
  "Plan": {
    "Node Type": "Aggregate",
    "Strategy": "Plain",
    "Partial Mode": "Finalize",
    "Parallel Aware": false,
    "Startup Cost": 98758.2,
    "Total Cost": 98758.21,
    "Plan Rows": 1,
    "Plan Width": 8,
    "Actual Startup Time": 283.575,
    "Actual Total Time": 298.43,
    "Actual Rows": 1,
    "Actual Loops": 1,
    "Plans": [
      {
        "Node Type": "Gather",
        "Parent Relationship": "Outer",
        "Parallel Aware": false,
        "Startup Cost": 98758.09,
        "Total Cost": 98758.2,
        "Plan Rows": 1,
        "Plan Width": 8,
        "Actual Startup Time": 283.464,
        "Actual Total Time": 298.422,
        "Actual Rows": 2,
        "Actual Loops": 1,
        "Workers Planned": 1,
        "Workers Launched": 1,
        "Single Copy": false,
        "Plans": [
          {
            "Node Type": "Aggregate",
            "Strategy": "Plain",
            "Partial Mode": "Partial",
            "Parent Relationship": "Outer",
            "Parallel Aware": false,
            "Startup Cost": 97758.09,
            "Total Cost": 97758.1,
            "Plan Rows": 1,
            "Plan Width": 8,
            "Actual Startup Time": 277.576,
            "Actual Total Time": 277.579,
            "Actual Rows": 1,
            "Actual Loops": 2,
            "Plans": [
              {
                "Node Type": "Hash Join",
                "Parent Relationship": "Outer",
                "Parallel Aware": true,
                "Join Type": "Inner",
                "Startup Cost": 54700.98,
                "Total Cost": 97749.61,
                "Plan Rows": 3389,
                "Plan Width": 0,
                "Actual Startup Time": 138.433,
                "Actual Total Time": 277.393,
                "Actual Rows": 2659,
                "Actual Loops": 2,
                "Inner Unique": true,
                "Hash Cond": "(mc.movie_id = t.id)",
                "Plans": [
                  {
                    "Node Type": "Index Scan",
                    "Parent Relationship": "Outer",
                    "Parallel Aware": true,
                    "Scan Direction": "Forward",
                    "Index Name": "company_type_id_movie_companies",
                    "Relation Name": "movie_companies",
                    "Alias": "mc",
                    "Startup Cost": 0.43,
                    "Total Cost": 41574.35,
                    "Plan Rows": 561793,
                    "Plan Width": 4,
                    "Actual Startup Time": 0.722,
                    "Actual Total Time": 105.397,
                    "Actual Rows": 399154,
                    "Actual Loops": 2,
                    "Index Cond": "(company_type_id < 2)",
                    "Rows Removed by Index Recheck": 0,
                    "Filter": "(company_id > 998)",
                    "Rows Removed by Filter": 237969
                  },
                  {
                    "Node Type": "Hash",
                    "Parent Relationship": "Inner",
                    "Parallel Aware": true,
                    "Startup Cost": 54588.39,
                    "Total Cost": 54588.39,
                    "Plan Rows": 8973,
                    "Plan Width": 4,
                    "Actual Startup Time": 136.068,
                    "Actual Total Time": 136.069,
                    "Actual Rows": 6997,
                    "Actual Loops": 2,
                    "Hash Buckets": 16384,
                    "Original Hash Buckets": 16384,
                    "Hash Batches": 1,
                    "Original Hash Batches": 1,
                    "Peak Memory Usage": 704,
                    "Plans": [
                      {
                        "Node Type": "Seq Scan",
                        "Parent Relationship": "Outer",
                        "Parallel Aware": true,
                        "Relation Name": "title",
                        "Alias": "t",
                        "Startup Cost": 0.0,
                        "Total Cost": 54588.39,
                        "Plan Rows": 8973,
                        "Plan Width": 4,
                        "Actual Startup Time": 0.099,
                        "Actual Total Time": 133.465,
                        "Actual Rows": 6997,
                        "Actual Loops": 2,
                        "Filter": "(production_year = 1976)",
                        "Rows Removed by Filter": 1257159
                      }
                    ]
                  }
                ]
              }
            ]
          }
        ]
      }
    ]
  },
  "Planning Time": 0.535,
  "Triggers": [],
  "Execution Time": 298.505
}