{
  "Plan": {
    "Node Type": "Aggregate",
    "Strategy": "Plain",
    "Partial Mode": "Finalize",
    "Parallel Aware": false,
    "Startup Cost": 121596.21,
    "Total Cost": 121596.22,
    "Plan Rows": 1,
    "Plan Width": 8,
    "Actual Startup Time": 344.401,
    "Actual Total Time": 356.234,
    "Actual Rows": 1,
    "Actual Loops": 1,
    "Plans": [
      {
        "Node Type": "Gather",
        "Parent Relationship": "Outer",
        "Parallel Aware": false,
        "Startup Cost": 121596.1,
        "Total Cost": 121596.21,
        "Plan Rows": 1,
        "Plan Width": 8,
        "Actual Startup Time": 344.167,
        "Actual Total Time": 356.226,
        "Actual Rows": 2,
        "Actual Loops": 1,
        "Workers Planned": 1,
        "Workers Launched": 1,
        "Single Copy": false,
        "Plans": [
          {
            "Node Type": "Aggregate",
            "Strategy": "Plain",
            "Partial Mode": "Partial",
            "Parent Relationship": "Outer",
            "Parallel Aware": false,
            "Startup Cost": 120596.1,
            "Total Cost": 120596.11,
            "Plan Rows": 1,
            "Plan Width": 8,
            "Actual Startup Time": 338.065,
            "Actual Total Time": 338.071,
            "Actual Rows": 1,
            "Actual Loops": 2,
            "Plans": [
              {
                "Node Type": "Hash Join",
                "Parent Relationship": "Outer",
                "Parallel Aware": true,
                "Join Type": "Inner",
                "Startup Cost": 59452.51,
                "Total Cost": 120566.58,
                "Plan Rows": 11808,
                "Plan Width": 0,
                "Actual Startup Time": 40.413,
                "Actual Total Time": 337.264,
                "Actual Rows": 19126,
                "Actual Loops": 2,
                "Inner Unique": false,
                "Hash Cond": "(mk.movie_id = t.id)",
                "Plans": [
                  {
                    "Node Type": "Seq Scan",
                    "Parent Relationship": "Outer",
                    "Parallel Aware": true,
                    "Relation Name": "movie_keyword",
                    "Alias": "mk",
                    "Startup Cost": 0.0,
                    "Total Cost": 51065.35,
                    "Plan Rows": 2661135,
                    "Plan Width": 4,
                    "Actual Startup Time": 0.01,
                    "Actual Total Time": 150.524,
                    "Actual Rows": 2261965,
                    "Actual Loops": 2
                  },
                  {
                    "Node Type": "Hash",
                    "Parent Relationship": "Inner",
                    "Parallel Aware": true,
                    "Startup Cost": 59370.02,
                    "Total Cost": 59370.02,
                    "Plan Rows": 6599,
                    "Plan Width": 8,
                    "Actual Startup Time": 39.368,
                    "Actual Total Time": 39.37,
                    "Actual Rows": 5334,
                    "Actual Loops": 2,
                    "Hash Buckets": 16384,
                    "Original Hash Buckets": 16384,
                    "Hash Batches": 1,
                    "Original Hash Batches": 1,
                    "Peak Memory Usage": 576,
                    "Plans": [
                      {
                        "Node Type": "Nested Loop",
                        "Parent Relationship": "Outer",
                        "Parallel Aware": false,
                        "Join Type": "Inner",
                        "Startup Cost": 247.81,
                        "Total Cost": 59370.02,
                        "Plan Rows": 6599,
                        "Plan Width": 8,
                        "Actual Startup Time": 1.374,
                        "Actual Total Time": 36.896,
                        "Actual Rows": 5334,
                        "Actual Loops": 2,
                        "Inner Unique": true,
                        "Plans": [
                          {
                            "Node Type": "Bitmap Heap Scan",
                            "Parent Relationship": "Outer",
                            "Parallel Aware": true,
                            "Relation Name": "movie_companies",
                            "Alias": "mc",
                            "Startup Cost": 247.38,
                            "Total Cost": 17313.53,
                            "Plan Rows": 6599,
                            "Plan Width": 4,
                            "Actual Startup Time": 1.226,
                            "Actual Total Time": 4.467,
                            "Actual Rows": 5334,
                            "Actual Loops": 2,
                            "Recheck Cond": "(company_id = 11)",
                            "Rows Removed by Index Recheck": 0,
                            "Exact Heap Blocks": 1107,
                            "Lossy Heap Blocks": 0,
                            "Plans": [
                              {
                                "Node Type": "Bitmap Index Scan",
                                "Parent Relationship": "Outer",
                                "Parallel Aware": false,
                                "Index Name": "company_id_movie_companies",
                                "Startup Cost": 0.0,
                                "Total Cost": 244.57,
                                "Plan Rows": 11219,
                                "Plan Width": 0,
                                "Actual Startup Time": 1.771,
                                "Actual Total Time": 1.772,
                                "Actual Rows": 10667,
                                "Actual Loops": 1,
                                "Index Cond": "(company_id = 11)"
                              }
                            ]
                          },
                          {
                            "Node Type": "Index Only Scan",
                            "Parent Relationship": "Inner",
                            "Parallel Aware": false,
                            "Scan Direction": "Forward",
                            "Index Name": "title_pkey",
                            "Relation Name": "title",
                            "Alias": "t",
                            "Startup Cost": 0.43,
                            "Total Cost": 6.37,
                            "Plan Rows": 1,
                            "Plan Width": 4,
                            "Actual Startup Time": 0.005,
                            "Actual Total Time": 0.005,
                            "Actual Rows": 1,
                            "Actual Loops": 10667,
                            "Index Cond": "(id = mc.movie_id)",
                            "Rows Removed by Index Recheck": 0,
                            "Heap Fetches": 10667
                          }
                        ]
                      }
                    ]
                  }
                ]
              }
            ]
          }
        ]
      }
    ]
  },
  "Planning Time": 1.061,
  "Triggers": [],
  "Execution Time": 356.33
}