{
  "Plan": {
    "Node Type": "Aggregate",
    "Strategy": "Plain",
    "Partial Mode": "Finalize",
    "Parallel Aware": false,
    "Startup Cost": 592663.96,
    "Total Cost": 592663.97,
    "Plan Rows": 1,
    "Plan Width": 8,
    "Actual Startup Time": 2532.027,
    "Actual Total Time": 2571.671,
    "Actual Rows": 1,
    "Actual Loops": 1,
    "Plans": [
      {
        "Node Type": "Gather",
        "Parent Relationship": "Outer",
        "Parallel Aware": false,
        "Startup Cost": 592663.85,
        "Total Cost": 592663.96,
        "Plan Rows": 1,
        "Plan Width": 8,
        "Actual Startup Time": 2531.549,
        "Actual Total Time": 2571.663,
        "Actual Rows": 2,
        "Actual Loops": 1,
        "Workers Planned": 1,
        "Workers Launched": 1,
        "Single Copy": false,
        "Plans": [
          {
            "Node Type": "Aggregate",
            "Strategy": "Plain",
            "Partial Mode": "Partial",
            "Parent Relationship": "Outer",
            "Parallel Aware": false,
            "Startup Cost": 591663.85,
            "Total Cost": 591663.86,
            "Plan Rows": 1,
            "Plan Width": 8,
            "Actual Startup Time": 2525.491,
            "Actual Total Time": 2525.495,
            "Actual Rows": 1,
            "Actual Loops": 2,
            "Plans": [
              {
                "Node Type": "Hash Join",
                "Parent Relationship": "Outer",
                "Parallel Aware": true,
                "Join Type": "Inner",
                "Startup Cost": 39347.54,
                "Total Cost": 590896.74,
                "Plan Rows": 306844,
                "Plan Width": 0,
                "Actual Startup Time": 63.991,
                "Actual Total Time": 2506.833,
                "Actual Rows": 339186,
                "Actual Loops": 2,
                "Inner Unique": true,
                "Hash Cond": "(ci.movie_id = t.id)",
                "Plans": [
                  {
                    "Node Type": "Index Scan",
                    "Parent Relationship": "Outer",
                    "Parallel Aware": true,
                    "Scan Direction": "Forward",
                    "Index Name": "role_id_cast_info",
                    "Relation Name": "cast_info",
                    "Alias": "ci",
                    "Startup Cost": 0.56,
                    "Total Cost": 526730.69,
                    "Plan Rows": 9454868,
                    "Plan Width": 4,
                    "Actual Startup Time": 0.201,
                    "Actual Total Time": 1432.193,
                    "Actual Rows": 7733580,
                    "Actual Loops": 2,
                    "Index Cond": "(role_id > 2)",
                    "Rows Removed by Index Recheck": 0,
                    "Filter": "(person_id < 3934662)",
                    "Rows Removed by Filter": 327262
                  },
                  {
                    "Node Type": "Hash",
                    "Parent Relationship": "Inner",
                    "Parallel Aware": true,
                    "Startup Cost": 38743.65,
                    "Total Cost": 38743.65,
                    "Plan Rows": 48266,
                    "Plan Width": 4,
                    "Actual Startup Time": 61.28,
                    "Actual Total Time": 61.281,
                    "Actual Rows": 41925,
                    "Actual Loops": 2,
                    "Hash Buckets": 131072,
                    "Original Hash Buckets": 131072,
                    "Hash Batches": 1,
                    "Original Hash Batches": 1,
                    "Peak Memory Usage": 4320,
                    "Plans": [
                      {
                        "Node Type": "Bitmap Heap Scan",
                        "Parent Relationship": "Outer",
                        "Parallel Aware": true,
                        "Relation Name": "title",
                        "Alias": "t",
                        "Startup Cost": 1843.65,
                        "Total Cost": 38743.65,
                        "Plan Rows": 48266,
                        "Plan Width": 4,
                        "Actual Startup Time": 14.162,
                        "Actual Total Time": 50.384,
                        "Actual Rows": 41925,
                        "Actual Loops": 2,
                        "Recheck Cond": "(kind_id = 3)",
                        "Rows Removed by Index Recheck": 0,
                        "Filter": "(production_year > 1974)",
                        "Rows Removed by Filter": 8344,
                        "Exact Heap Blocks": 10642,
                        "Lossy Heap Blocks": 0,
                        "Plans": [
                          {
                            "Node Type": "Bitmap Index Scan",
                            "Parent Relationship": "Outer",
                            "Parallel Aware": false,
                            "Index Name": "kind_id_title",
                            "Startup Cost": 0.0,
                            "Total Cost": 1823.13,
                            "Plan Rows": 102227,
                            "Plan Width": 0,
                            "Actual Startup Time": 13.382,
                            "Actual Total Time": 13.382,
                            "Actual Rows": 100537,
                            "Actual Loops": 1,
                            "Index Cond": "(kind_id = 3)"
                          }
                        ]
                      }
                    ]
                  }
                ]
              }
            ]
          }
        ]
      }
    ]
  },
  "Planning Time": 0.897,
  "Triggers": [],
  "Execution Time": 2571.774
}