[
    {
        "Bao": {
            "Bao prediction": "NaN",
            "Bao recommended hint": "(no hint)"
        }
    },
    {
        "Plan": {
            "Node Type": "Aggregate",
            "Strategy": "Plain",
            "Partial Mode": "Finalize",
            "Parallel Aware": false,
            "Startup Cost": 68283.19,
            "Total Cost": 68283.2,
            "Plan Rows": 1,
            "Plan Width": 8,
            "Actual Startup Time": 160.014,
            "Actual Total Time": 169.098,
            "Actual Rows": 1,
            "Actual Loops": 1,
            "Output": [
                "count(*)"
            ],
            "Plans": [
                {
                    "Node Type": "Gather",
                    "Parent Relationship": "Outer",
                    "Parallel Aware": false,
                    "Startup Cost": 68282.77,
                    "Total Cost": 68283.18,
                    "Plan Rows": 4,
                    "Plan Width": 8,
                    "Actual Startup Time": 159.541,
                    "Actual Total Time": 169.092,
                    "Actual Rows": 5,
                    "Actual Loops": 1,
                    "Output": [
                        "(PARTIAL count(*))"
                    ],
                    "Workers Planned": 4,
                    "Workers Launched": 4,
                    "Single Copy": false,
                    "Plans": [
                        {
                            "Node Type": "Aggregate",
                            "Strategy": "Plain",
                            "Partial Mode": "Partial",
                            "Parent Relationship": "Outer",
                            "Parallel Aware": false,
                            "Startup Cost": 67282.77,
                            "Total Cost": 67282.78,
                            "Plan Rows": 1,
                            "Plan Width": 8,
                            "Actual Startup Time": 149.767,
                            "Actual Total Time": 149.771,
                            "Actual Rows": 1,
                            "Actual Loops": 5,
                            "Output": [
                                "PARTIAL count(*)"
                            ],
                            "Workers": [
                                {
                                    "Worker Number": 0,
                                    "Actual Startup Time": 147.181,
                                    "Actual Total Time": 147.184,
                                    "Actual Rows": 1,
                                    "Actual Loops": 1
                                },
                                {
                                    "Worker Number": 1,
                                    "Actual Startup Time": 147.395,
                                    "Actual Total Time": 147.398,
                                    "Actual Rows": 1,
                                    "Actual Loops": 1
                                },
                                {
                                    "Worker Number": 2,
                                    "Actual Startup Time": 147.448,
                                    "Actual Total Time": 147.452,
                                    "Actual Rows": 1,
                                    "Actual Loops": 1
                                },
                                {
                                    "Worker Number": 3,
                                    "Actual Startup Time": 147.69,
                                    "Actual Total Time": 147.694,
                                    "Actual Rows": 1,
                                    "Actual Loops": 1
                                }
                            ],
                            "Plans": [
                                {
                                    "Node Type": "Hash Join",
                                    "Parent Relationship": "Outer",
                                    "Parallel Aware": true,
                                    "Join Type": "Inner",
                                    "Startup Cost": 21256.38,
                                    "Total Cost": 67249.18,
                                    "Plan Rows": 13435,
                                    "Plan Width": 0,
                                    "Actual Startup Time": 115.32,
                                    "Actual Total Time": 149.188,
                                    "Actual Rows": 11668,
                                    "Actual Loops": 5,
                                    "Inner Unique": false,
                                    "Hash Cond": "(t.id = mc.movie_id)",
                                    "Workers": [
                                        {
                                            "Worker Number": 0,
                                            "Actual Startup Time": 115.85,
                                            "Actual Total Time": 146.614,
                                            "Actual Rows": 10897,
                                            "Actual Loops": 1
                                        },
                                        {
                                            "Worker Number": 1,
                                            "Actual Startup Time": 117.164,
                                            "Actual Total Time": 146.832,
                                            "Actual Rows": 10681,
                                            "Actual Loops": 1
                                        },
                                        {
                                            "Worker Number": 2,
                                            "Actual Startup Time": 110.58,
                                            "Actual Total Time": 146.879,
                                            "Actual Rows": 10843,
                                            "Actual Loops": 1
                                        },
                                        {
                                            "Worker Number": 3,
                                            "Actual Startup Time": 109.397,
                                            "Actual Total Time": 147.127,
                                            "Actual Rows": 10643,
                                            "Actual Loops": 1
                                        }
                                    ],
                                    "Plans": [
                                        {
                                            "Node Type": "Seq Scan",
                                            "Parent Relationship": "Outer",
                                            "Parallel Aware": true,
                                            "Relation Name": "title",
                                            "Schema": "public",
                                            "Alias": "t",
                                            "Startup Cost": 0.0,
                                            "Total Cost": 43899.01,
                                            "Plan Rows": 410091,
                                            "Plan Width": 4,
                                            "Actual Startup Time": 0.02,
                                            "Actual Total Time": 75.86,
                                            "Actual Rows": 328703,
                                            "Actual Loops": 5,
                                            "Output": [
                                                "t.id",
                                                "t.title",
                                                "t.imdb_index",
                                                "t.kind_id",
                                                "t.production_year",
                                                "t.imdb_id",
                                                "t.phonetic_code",
                                                "t.episode_of_id",
                                                "t.season_nr",
                                                "t.episode_nr",
                                                "t.series_years",
                                                "t.md5sum"
                                            ],
                                            "Filter": "(t.production_year > 1994)",
                                            "Rows Removed by Filter": 176960,
                                            "Workers": [
                                                {
                                                    "Worker Number": 0,
                                                    "Actual Startup Time": 0.018,
                                                    "Actual Total Time": 76.71,
                                                    "Actual Rows": 306063,
                                                    "Actual Loops": 1
                                                },
                                                {
                                                    "Worker Number": 1,
                                                    "Actual Startup Time": 0.029,
                                                    "Actual Total Time": 76.754,
                                                    "Actual Rows": 292777,
                                                    "Actual Loops": 1
                                                },
                                                {
                                                    "Worker Number": 2,
                                                    "Actual Startup Time": 0.023,
                                                    "Actual Total Time": 77.139,
                                                    "Actual Rows": 309306,
                                                    "Actual Loops": 1
                                                },
                                                {
                                                    "Worker Number": 3,
                                                    "Actual Startup Time": 0.02,
                                                    "Actual Total Time": 76.71,
                                                    "Actual Rows": 293256,
                                                    "Actual Loops": 1
                                                }
                                            ]
                                        },
                                        {
                                            "Node Type": "Hash",
                                            "Parent Relationship": "Inner",
                                            "Parallel Aware": true,
                                            "Startup Cost": 20922.38,
                                            "Total Cost": 20922.38,
                                            "Plan Rows": 26720,
                                            "Plan Width": 4,
                                            "Actual Startup Time": 29.363,
                                            "Actual Total Time": 29.365,
                                            "Actual Rows": 16960,
                                            "Actual Loops": 5,
                                            "Output": [
                                                "mc.movie_id"
                                            ],
                                            "Hash Buckets": 131072,
                                            "Original Hash Buckets": 131072,
                                            "Hash Batches": 1,
                                            "Original Hash Batches": 1,
                                            "Peak Memory Usage": 4448,
                                            "Workers": [
                                                {
                                                    "Worker Number": 0,
                                                    "Actual Startup Time": 27.275,
                                                    "Actual Total Time": 27.277,
                                                    "Actual Rows": 10946,
                                                    "Actual Loops": 1
                                                },
                                                {
                                                    "Worker Number": 1,
                                                    "Actual Startup Time": 27.544,
                                                    "Actual Total Time": 27.546,
                                                    "Actual Rows": 9858,
                                                    "Actual Loops": 1
                                                },
                                                {
                                                    "Worker Number": 2,
                                                    "Actual Startup Time": 27.603,
                                                    "Actual Total Time": 27.604,
                                                    "Actual Rows": 11528,
                                                    "Actual Loops": 1
                                                },
                                                {
                                                    "Worker Number": 3,
                                                    "Actual Startup Time": 27.864,
                                                    "Actual Total Time": 27.865,
                                                    "Actual Rows": 10137,
                                                    "Actual Loops": 1
                                                }
                                            ],
                                            "Plans": [
                                                {
                                                    "Node Type": "Bitmap Heap Scan",
                                                    "Parent Relationship": "Outer",
                                                    "Parallel Aware": true,
                                                    "Relation Name": "movie_companies",
                                                    "Schema": "public",
                                                    "Alias": "mc",
                                                    "Startup Cost": 1798.38,
                                                    "Total Cost": 20922.38,
                                                    "Plan Rows": 26720,
                                                    "Plan Width": 4,
                                                    "Actual Startup Time": 4.773,
                                                    "Actual Total Time": 21.503,
                                                    "Actual Rows": 16960,
                                                    "Actual Loops": 5,
                                                    "Output": [
                                                        "mc.movie_id"
                                                    ],
                                                    "Recheck Cond": "(mc.company_id > 166963)",
                                                    "Rows Removed by Index Recheck": 0,
                                                    "Exact Heap Blocks": 1435,
                                                    "Lossy Heap Blocks": 0,
                                                    "Workers": [
                                                        {
                                                            "Worker Number": 0,
                                                            "Actual Startup Time": 2.617,
                                                            "Actual Total Time": 20.065,
                                                            "Actual Rows": 10946,
                                                            "Actual Loops": 1
                                                        },
                                                        {
                                                            "Worker Number": 1,
                                                            "Actual Startup Time": 3.201,
                                                            "Actual Total Time": 20.376,
                                                            "Actual Rows": 9858,
                                                            "Actual Loops": 1
                                                        },
                                                        {
                                                            "Worker Number": 2,
                                                            "Actual Startup Time": 3.017,
                                                            "Actual Total Time": 21.018,
                                                            "Actual Rows": 11528,
                                                            "Actual Loops": 1
                                                        },
                                                        {
                                                            "Worker Number": 3,
                                                            "Actual Startup Time": 3.251,
                                                            "Actual Total Time": 20.446,
                                                            "Actual Rows": 10137,
                                                            "Actual Loops": 1
                                                        }
                                                    ],
                                                    "Plans": [
                                                        {
                                                            "Node Type": "Bitmap Index Scan",
                                                            "Parent Relationship": "Outer",
                                                            "Parallel Aware": false,
                                                            "Index Name": "company_id_movie_companies",
                                                            "Startup Cost": 0.0,
                                                            "Total Cost": 1777.67,
                                                            "Plan Rows": 82832,
                                                            "Plan Width": 0,
                                                            "Actual Startup Time": 11.04,
                                                            "Actual Total Time": 11.04,
                                                            "Actual Rows": 84799,
                                                            "Actual Loops": 1,
                                                            "Index Cond": "(mc.company_id > 166963)"
                                                        }
                                                    ]
                                                }
                                            ]
                                        }
                                    ]
                                }
                            ]
                        }
                    ]
                }
            ]
        },
        "Planning Time": 180.416,
        "Triggers": [],
        "Execution Time": 169.19
    }
]