[
  {
    "Plan": {
      "Node Type": "Aggregate",
      "Strategy": "Plain",
      "Partial Mode": "Finalize",
      "Parallel Aware": false,
      "Startup Cost": 96803.64,
      "Total Cost": 96803.65,
      "Plan Rows": 1,
      "Plan Width": 8,
      "Actual Startup Time": 561.399,
      "Actual Total Time": 577.923,
      "Actual Rows": 1,
      "Actual Loops": 1,
      "Plans": [
        {
          "Node Type": "Gather",
          "Parent Relationship": "Outer",
          "Parallel Aware": false,
          "Startup Cost": 96803.43,
          "Total Cost": 96803.64,
          "Plan Rows": 2,
          "Plan Width": 8,
          "Actual Startup Time": 557.055,
          "Actual Total Time": 577.912,
          "Actual Rows": 3,
          "Actual Loops": 1,
          "Workers Planned": 2,
          "Workers Launched": 2,
          "Single Copy": false,
          "Plans": [
            {
              "Node Type": "Aggregate",
              "Strategy": "Plain",
              "Partial Mode": "Partial",
              "Parent Relationship": "Outer",
              "Parallel Aware": false,
              "Startup Cost": 95803.43,
              "Total Cost": 95803.44,
              "Plan Rows": 1,
              "Plan Width": 8,
              "Actual Startup Time": 549.585,
              "Actual Total Time": 550.024,
              "Actual Rows": 1,
              "Actual Loops": 3,
              "Plans": [
                {
                  "Node Type": "Hash Join",
                  "Parent Relationship": "Outer",
                  "Parallel Aware": true,
                  "Join Type": "Inner",
                  "Startup Cost": 79737.47,
                  "Total Cost": 95705.4,
                  "Plan Rows": 39210,
                  "Plan Width": 0,
                  "Actual Startup Time": 448.387,
                  "Actual Total Time": 534.992,
                  "Actual Rows": 343728,
                  "Actual Loops": 3,
                  "Inner Unique": false,
                  "Hash Cond": "(mi_idx.movie_id = t.id)",
                  "Plans": [
                    {
                      "Node Type": "Seq Scan",
                      "Parent Relationship": "Outer",
                      "Parallel Aware": true,
                      "Relation Name": "movie_info_idx",
                      "Alias": "mi_idx",
                      "Startup Cost": 0.0,
                      "Total Cost": 13685.15,
                      "Plan Rows": 575015,
                      "Plan Width": 4,
                      "Actual Startup Time": 0.028,
                      "Actual Total Time": 38.126,
                      "Actual Rows": 460012,
                      "Actual Loops": 3
                    },
                    {
                      "Node Type": "Hash",
                      "Parent Relationship": "Inner",
                      "Parallel Aware": true,
                      "Startup Cost": 79042.3,
                      "Total Cost": 79042.3,
                      "Plan Rows": 55614,
                      "Plan Width": 8,
                      "Actual Startup Time": 405.729,
                      "Actual Total Time": 406.166,
                      "Actual Rows": 165361,
                      "Actual Loops": 3,
                      "Hash Buckets": 524288,
                      "Original Hash Buckets": 262144,
                      "Hash Batches": 1,
                      "Original Hash Batches": 1,
                      "Peak Memory Usage": 25600,
                      "Plans": [
                        {
                          "Node Type": "Hash Join",
                          "Parent Relationship": "Outer",
                          "Parallel Aware": true,
                          "Join Type": "Inner",
                          "Startup Cost": 46574.46,
                          "Total Cost": 79042.3,
                          "Plan Rows": 55614,
                          "Plan Width": 8,
                          "Actual Startup Time": 220.238,
                          "Actual Total Time": 358.648,
                          "Actual Rows": 165361,
                          "Actual Loops": 3,
                          "Inner Unique": true,
                          "Hash Cond": "(mc.movie_id = t.id)",
                          "Plans": [
                            {
                              "Node Type": "Seq Scan",
                              "Parent Relationship": "Outer",
                              "Parallel Aware": true,
                              "Relation Name": "movie_companies",
                              "Alias": "mc",
                              "Startup Cost": 0.0,
                              "Total Cost": 31414.82,
                              "Plan Rows": 401149,
                              "Plan Width": 4,
                              "Actual Startup Time": 0.02,
                              "Actual Total Time": 97.17,
                              "Actual Rows": 424749,
                              "Actual Loops": 3,
                              "Filter": "((company_id < 170397) AND (company_type_id = 1))",
                              "Rows Removed by Filter": 444961
                            },
                            {
                              "Node Type": "Hash",
                              "Parent Relationship": "Inner",
                              "Parallel Aware": true,
                              "Startup Cost": 45479.1,
                              "Total Cost": 45479.1,
                              "Plan Rows": 87629,
                              "Plan Width": 4,
                              "Actual Startup Time": 173.69,
                              "Actual Total Time": 173.691,
                              "Actual Rows": 141524,
                              "Actual Loops": 3,
                              "Hash Buckets": 524288,
                              "Original Hash Buckets": 524288,
                              "Hash Batches": 1,
                              "Original Hash Batches": 1,
                              "Peak Memory Usage": 20768,
                              "Plans": [
                                {
                                  "Node Type": "Seq Scan",
                                  "Parent Relationship": "Outer",
                                  "Parallel Aware": true,
                                  "Relation Name": "title",
                                  "Alias": "t",
                                  "Startup Cost": 0.0,
                                  "Total Cost": 45479.1,
                                  "Plan Rows": 87629,
                                  "Plan Width": 4,
                                  "Actual Startup Time": 74.255,
                                  "Actual Total Time": 129.814,
                                  "Actual Rows": 141524,
                                  "Actual Loops": 3,
                                  "Filter": "((production_year < 2005) AND (kind_id = 1))",
                                  "Rows Removed by Filter": 701247
                                }
                              ]
                            }
                          ]
                        }
                      ]
                    }
                  ]
                }
              ]
            }
          ]
        }
      ]
    },
    "Planning Time": 1.433,
    "Triggers": [],
    "Execution Time": 578.014
  }
]