[
  {
    "Plan": {
      "Node Type": "Aggregate",
      "Strategy": "Plain",
      "Partial Mode": "Finalize",
      "Parallel Aware": false,
      "Startup Cost": 347868.4,
      "Total Cost": 347868.41,
      "Plan Rows": 1,
      "Plan Width": 8,
      "Actual Startup Time": 767.321,
      "Actual Total Time": 816.471,
      "Actual Rows": 1,
      "Actual Loops": 1,
      "Plans": [
        {
          "Node Type": "Gather",
          "Parent Relationship": "Outer",
          "Parallel Aware": false,
          "Startup Cost": 347867.78,
          "Total Cost": 347868.39,
          "Plan Rows": 6,
          "Plan Width": 8,
          "Actual Startup Time": 767.145,
          "Actual Total Time": 816.457,
          "Actual Rows": 7,
          "Actual Loops": 1,
          "Workers Planned": 6,
          "Workers Launched": 6,
          "Single Copy": false,
          "Plans": [
            {
              "Node Type": "Aggregate",
              "Strategy": "Plain",
              "Partial Mode": "Partial",
              "Parent Relationship": "Outer",
              "Parallel Aware": false,
              "Startup Cost": 346867.78,
              "Total Cost": 346867.79,
              "Plan Rows": 1,
              "Plan Width": 8,
              "Actual Startup Time": 758.783,
              "Actual Total Time": 758.785,
              "Actual Rows": 1,
              "Actual Loops": 7,
              "Plans": [
                {
                  "Node Type": "Seq Scan",
                  "Parent Relationship": "Outer",
                  "Parallel Aware": true,
                  "Relation Name": "cast_info",
                  "Alias": "ci",
                  "Startup Cost": 0.0,
                  "Total Cost": 343316.27,
                  "Plan Rows": 1420603,
                  "Plan Width": 0,
                  "Actual Startup Time": 280.608,
                  "Actual Total Time": 727.399,
                  "Actual Rows": 522806,
                  "Actual Loops": 7,
                  "Filter": "((person_id < 1303640) AND (role_id > 1))",
                  "Rows Removed by Filter": 4654958
                }
              ]
            }
          ]
        }
      ]
    },
    "Planning Time": 0.112,
    "Triggers": [],
    "Execution Time": 816.517
  }
]