[
  {
    "Plan": {
      "Node Type": "Aggregate",
      "Strategy": "Plain",
      "Partial Mode": "Finalize",
      "Parallel Aware": false,
      "Startup Cost": 347865.38,
      "Total Cost": 347865.39,
      "Plan Rows": 1,
      "Plan Width": 8,
      "Actual Startup Time": 662.578,
      "Actual Total Time": 718.886,
      "Actual Rows": 1,
      "Actual Loops": 1,
      "Plans": [
        {
          "Node Type": "Gather",
          "Parent Relationship": "Outer",
          "Parallel Aware": false,
          "Startup Cost": 347864.76,
          "Total Cost": 347865.37,
          "Plan Rows": 6,
          "Plan Width": 8,
          "Actual Startup Time": 662.448,
          "Actual Total Time": 718.873,
          "Actual Rows": 7,
          "Actual Loops": 1,
          "Workers Planned": 6,
          "Workers Launched": 6,
          "Single Copy": false,
          "Plans": [
            {
              "Node Type": "Aggregate",
              "Strategy": "Plain",
              "Partial Mode": "Partial",
              "Parent Relationship": "Outer",
              "Parallel Aware": false,
              "Startup Cost": 346864.76,
              "Total Cost": 346864.77,
              "Plan Rows": 1,
              "Plan Width": 8,
              "Actual Startup Time": 652.127,
              "Actual Total Time": 652.128,
              "Actual Rows": 1,
              "Actual Loops": 7,
              "Plans": [
                {
                  "Node Type": "Seq Scan",
                  "Parent Relationship": "Outer",
                  "Parallel Aware": true,
                  "Relation Name": "cast_info",
                  "Alias": "ci",
                  "Startup Cost": 0.0,
                  "Total Cost": 343257.03,
                  "Plan Rows": 1443092,
                  "Plan Width": 0,
                  "Actual Startup Time": 233.215,
                  "Actual Total Time": 628.15,
                  "Actual Rows": 522806,
                  "Actual Loops": 7,
                  "Filter": "((person_id < 1303640) AND (role_id > 1))",
                  "Rows Removed by Filter": 4654958
                }
              ]
            }
          ]
        }
      ]
    },
    "Planning Time": 0.224,
    "Triggers": [],
    "Execution Time": 718.963
  }
]