[
  {
    "Plan": {
      "Node Type": "Aggregate",
      "Strategy": "Plain",
      "Partial Mode": "Finalize",
      "Parallel Aware": false,
      "Startup Cost": 46257.25,
      "Total Cost": 46257.26,
      "Plan Rows": 1,
      "Plan Width": 8,
      "Actual Startup Time": 170.466,
      "Actual Total Time": 180.219,
      "Actual Rows": 1,
      "Actual Loops": 1,
      "Plans": [
        {
          "Node Type": "Gather",
          "Parent Relationship": "Outer",
          "Parallel Aware": false,
          "Startup Cost": 46256.93,
          "Total Cost": 46257.24,
          "Plan Rows": 3,
          "Plan Width": 8,
          "Actual Startup Time": 170.342,
          "Actual Total Time": 180.209,
          "Actual Rows": 4,
          "Actual Loops": 1,
          "Workers Planned": 3,
          "Workers Launched": 3,
          "Single Copy": false,
          "Plans": [
            {
              "Node Type": "Aggregate",
              "Strategy": "Plain",
              "Partial Mode": "Partial",
              "Parent Relationship": "Outer",
              "Parallel Aware": false,
              "Startup Cost": 45256.93,
              "Total Cost": 45256.94,
              "Plan Rows": 1,
              "Plan Width": 8,
              "Actual Startup Time": 162.452,
              "Actual Total Time": 162.453,
              "Actual Rows": 1,
              "Actual Loops": 4,
              "Plans": [
                {
                  "Node Type": "Seq Scan",
                  "Parent Relationship": "Outer",
                  "Parallel Aware": true,
                  "Relation Name": "movie_keyword",
                  "Alias": "mk",
                  "Startup Cost": 0.0,
                  "Total Cost": 42695.65,
                  "Plan Rows": 1024510,
                  "Plan Width": 0,
                  "Actual Startup Time": 0.06,
                  "Actual Total Time": 124.637,
                  "Actual Rows": 793998,
                  "Actual Loops": 4,
                  "Filter": "(keyword_id < 12625)",
                  "Rows Removed by Filter": 336984
                }
              ]
            }
          ]
        }
      ]
    },
    "Planning Time": 0.155,
    "Triggers": [],
    "Execution Time": 180.272
  }
]