[
  {
    "Plan": {
      "Node Type": "Aggregate",
      "Strategy": "Plain",
      "Partial Mode": "Finalize",
      "Parallel Aware": false,
      "Startup Cost": 77557.99,
      "Total Cost": 77558.0,
      "Plan Rows": 1,
      "Plan Width": 8,
      "Actual Startup Time": 213.271,
      "Actual Total Time": 228.454,
      "Actual Rows": 1,
      "Actual Loops": 1,
      "Plans": [
        {
          "Node Type": "Gather",
          "Parent Relationship": "Outer",
          "Parallel Aware": false,
          "Startup Cost": 77557.57,
          "Total Cost": 77557.98,
          "Plan Rows": 4,
          "Plan Width": 8,
          "Actual Startup Time": 205.523,
          "Actual Total Time": 228.445,
          "Actual Rows": 5,
          "Actual Loops": 1,
          "Workers Planned": 4,
          "Workers Launched": 4,
          "Single Copy": false,
          "Plans": [
            {
              "Node Type": "Aggregate",
              "Strategy": "Plain",
              "Partial Mode": "Partial",
              "Parent Relationship": "Outer",
              "Parallel Aware": false,
              "Startup Cost": 76557.57,
              "Total Cost": 76557.58,
              "Plan Rows": 1,
              "Plan Width": 8,
              "Actual Startup Time": 200.163,
              "Actual Total Time": 200.167,
              "Actual Rows": 1,
              "Actual Loops": 5,
              "Plans": [
                {
                  "Node Type": "Hash Join",
                  "Parent Relationship": "Outer",
                  "Parallel Aware": true,
                  "Join Type": "Inner",
                  "Startup Cost": 46562.64,
                  "Total Cost": 76529.03,
                  "Plan Rows": 11414,
                  "Plan Width": 0,
                  "Actual Startup Time": 151.331,
                  "Actual Total Time": 199.823,
                  "Actual Rows": 6637,
                  "Actual Loops": 5,
                  "Inner Unique": true,
                  "Hash Cond": "(ci.movie_id = t.id)",
                  "Plans": [
                    {
                      "Node Type": "Index Scan",
                      "Parent Relationship": "Outer",
                      "Parallel Aware": true,
                      "Scan Direction": "Forward",
                      "Index Name": "role_id_cast_info",
                      "Relation Name": "cast_info",
                      "Alias": "ci",
                      "Startup Cost": 0.56,
                      "Total Cost": 29878.05,
                      "Plan Rows": 33871,
                      "Plan Width": 4,
                      "Actual Startup Time": 0.156,
                      "Actual Total Time": 40.966,
                      "Actual Rows": 12188,
                      "Actual Loops": 5,
                      "Index Cond": "(role_id = 9)",
                      "Rows Removed by Index Recheck": 0,
                      "Filter": "(person_id < 460920)",
                      "Rows Removed by Filter": 206524
                    },
                    {
                      "Node Type": "Hash",
                      "Parent Relationship": "Inner",
                      "Parallel Aware": true,
                      "Startup Cost": 43899.32,
                      "Total Cost": 43899.32,
                      "Plan Rows": 213020,
                      "Plan Width": 4,
                      "Actual Startup Time": 148.527,
                      "Actual Total Time": 148.528,
                      "Actual Rows": 170843,
                      "Actual Loops": 5,
                      "Hash Buckets": 1048576,
                      "Original Hash Buckets": 1048576,
                      "Hash Batches": 1,
                      "Original Hash Batches": 1,
                      "Peak Memory Usage": 41696,
                      "Plans": [
                        {
                          "Node Type": "Seq Scan",
                          "Parent Relationship": "Outer",
                          "Parallel Aware": true,
                          "Relation Name": "title",
                          "Alias": "t",
                          "Startup Cost": 0.0,
                          "Total Cost": 43899.32,
                          "Plan Rows": 213020,
                          "Plan Width": 4,
                          "Actual Startup Time": 0.024,
                          "Actual Total Time": 84.032,
                          "Actual Rows": 170843,
                          "Actual Loops": 5,
                          "Filter": "(kind_id < 4)",
                          "Rows Removed by Filter": 334820
                        }
                      ]
                    }
                  ]
                }
              ]
            }
          ]
        }
      ]
    },
    "Planning Time": 0.294,
    "Triggers": [],
    "Execution Time": 228.496
  }
]