{
  "Plan": {
    "Node Type": "Aggregate",
    "Strategy": "Plain",
    "Partial Mode": "Finalize",
    "Parallel Aware": false,
    "Startup Cost": 120905.64,
    "Total Cost": 120905.65,
    "Plan Rows": 1,
    "Plan Width": 8,
    "Actual Startup Time": 747.04,
    "Actual Total Time": 764.802,
    "Actual Rows": 1,
    "Actual Loops": 1,
    "Plans": [
      {
        "Node Type": "Gather",
        "Parent Relationship": "Outer",
        "Parallel Aware": false,
        "Startup Cost": 120905.52,
        "Total Cost": 120905.63,
        "Plan Rows": 1,
        "Plan Width": 8,
        "Actual Startup Time": 742.959,
        "Actual Total Time": 764.795,
        "Actual Rows": 2,
        "Actual Loops": 1,
        "Workers Planned": 1,
        "Workers Launched": 1,
        "Single Copy": false,
        "Plans": [
          {
            "Node Type": "Aggregate",
            "Strategy": "Plain",
            "Partial Mode": "Partial",
            "Parent Relationship": "Outer",
            "Parallel Aware": false,
            "Startup Cost": 119905.52,
            "Total Cost": 119905.53,
            "Plan Rows": 1,
            "Plan Width": 8,
            "Actual Startup Time": 739.385,
            "Actual Total Time": 739.392,
            "Actual Rows": 1,
            "Actual Loops": 2,
            "Plans": [
              {
                "Node Type": "Hash Join",
                "Parent Relationship": "Outer",
                "Parallel Aware": true,
                "Join Type": "Inner",
                "Startup Cost": 100636.26,
                "Total Cost": 119857.07,
                "Plan Rows": 19383,
                "Plan Width": 0,
                "Actual Startup Time": 685.217,
                "Actual Total Time": 736.489,
                "Actual Rows": 68086,
                "Actual Loops": 2,
                "Inner Unique": false,
                "Hash Cond": "(mi_idx.movie_id = t.id)",
                "Plans": [
                  {
                    "Node Type": "Seq Scan",
                    "Parent Relationship": "Outer",
                    "Parallel Aware": true,
                    "Relation Name": "movie_info_idx",
                    "Alias": "mi_idx",
                    "Startup Cost": 0.0,
                    "Total Cost": 18082.32,
                    "Plan Rows": 273193,
                    "Plan Width": 4,
                    "Actual Startup Time": 0.019,
                    "Actual Total Time": 48.581,
                    "Actual Rows": 229962,
                    "Actual Loops": 2,
                    "Filter": "(info_type_id = 100)",
                    "Rows Removed by Filter": 460055
                  },
                  {
                    "Node Type": "Hash",
                    "Parent Relationship": "Inner",
                    "Parallel Aware": true,
                    "Startup Cost": 99317.28,
                    "Total Cost": 99317.28,
                    "Plan Rows": 105518,
                    "Plan Width": 8,
                    "Actual Startup Time": 650.648,
                    "Actual Total Time": 650.653,
                    "Actual Rows": 86286,
                    "Actual Loops": 2,
                    "Hash Buckets": 262144,
                    "Original Hash Buckets": 262144,
                    "Hash Batches": 1,
                    "Original Hash Batches": 1,
                    "Peak Memory Usage": 8832,
                    "Plans": [
                      {
                        "Node Type": "Hash Join",
                        "Parent Relationship": "Outer",
                        "Parallel Aware": true,
                        "Join Type": "Inner",
                        "Startup Cost": 73267.33,
                        "Total Cost": 99317.28,
                        "Plan Rows": 105518,
                        "Plan Width": 8,
                        "Actual Startup Time": 559.974,
                        "Actual Total Time": 629.974,
                        "Actual Rows": 86286,
                        "Actual Loops": 2,
                        "Inner Unique": true,
                        "Hash Cond": "(mk.movie_id = t.id)",
                        "Plans": [
                          {
                            "Node Type": "Bitmap Heap Scan",
                            "Parent Relationship": "Outer",
                            "Parallel Aware": true,
                            "Relation Name": "movie_keyword",
                            "Alias": "mk",
                            "Startup Cost": 3806.63,
                            "Total Cost": 29579.6,
                            "Plan Rows": 105518,
                            "Plan Width": 4,
                            "Actual Startup Time": 13.396,
                            "Actual Total Time": 54.38,
                            "Actual Rows": 86286,
                            "Actual Loops": 2,
                            "Recheck Cond": "(keyword_id > 72034)",
                            "Rows Removed by Index Recheck": 0,
                            "Exact Heap Blocks": 11277,
                            "Lossy Heap Blocks": 0,
                            "Plans": [
                              {
                                "Node Type": "Bitmap Index Scan",
                                "Parent Relationship": "Outer",
                                "Parallel Aware": false,
                                "Index Name": "keyword_id_movie_keyword",
                                "Startup Cost": 0.0,
                                "Total Cost": 3761.78,
                                "Plan Rows": 179380,
                                "Plan Width": 0,
                                "Actual Startup Time": 10.52,
                                "Actual Total Time": 10.52,
                                "Actual Rows": 172573,
                                "Actual Loops": 1,
                                "Index Cond": "(keyword_id > 72034)"
                              }
                            ]
                          },
                          {
                            "Node Type": "Hash",
                            "Parent Relationship": "Inner",
                            "Parallel Aware": true,
                            "Startup Cost": 50870.31,
                            "Total Cost": 50870.31,
                            "Plan Rows": 1487231,
                            "Plan Width": 4,
                            "Actual Startup Time": 526.856,
                            "Actual Total Time": 526.857,
                            "Actual Rows": 1264156,
                            "Actual Loops": 2,
                            "Hash Buckets": 4194304,
                            "Original Hash Buckets": 4194304,
                            "Hash Batches": 1,
                            "Original Hash Batches": 1,
                            "Peak Memory Usage": 131680,
                            "Plans": [
                              {
                                "Node Type": "Seq Scan",
                                "Parent Relationship": "Outer",
                                "Parallel Aware": true,
                                "Relation Name": "title",
                                "Alias": "t",
                                "Startup Cost": 0.0,
                                "Total Cost": 50870.31,
                                "Plan Rows": 1487231,
                                "Plan Width": 4,
                                "Actual Startup Time": 0.027,
                                "Actual Total Time": 150.473,
                                "Actual Rows": 1264156,
                                "Actual Loops": 2
                              }
                            ]
                          }
                        ]
                      }
                    ]
                  }
                ]
              }
            ]
          }
        ]
      }
    ]
  },
  "Planning Time": 0.755,
  "Triggers": [],
  "Execution Time": 764.892
}