[
    {
        "Bao": {
            "Bao prediction": "NaN",
            "Bao recommended hint": "(no hint)"
        }
    },
    {
        "Plan": {
            "Node Type": "Aggregate",
            "Strategy": "Plain",
            "Partial Mode": "Finalize",
            "Parallel Aware": false,
            "Startup Cost": 33464.44,
            "Total Cost": 33464.45,
            "Plan Rows": 1,
            "Plan Width": 8,
            "Actual Startup Time": 111.326,
            "Actual Total Time": 116.046,
            "Actual Rows": 1,
            "Actual Loops": 1,
            "Output": [
                "count(*)"
            ],
            "Plans": [
                {
                    "Node Type": "Gather",
                    "Parent Relationship": "Outer",
                    "Parallel Aware": false,
                    "Startup Cost": 33464.13,
                    "Total Cost": 33464.44,
                    "Plan Rows": 3,
                    "Plan Width": 8,
                    "Actual Startup Time": 111.249,
                    "Actual Total Time": 116.039,
                    "Actual Rows": 4,
                    "Actual Loops": 1,
                    "Output": [
                        "(PARTIAL count(*))"
                    ],
                    "Workers Planned": 3,
                    "Workers Launched": 3,
                    "Single Copy": false,
                    "Plans": [
                        {
                            "Node Type": "Aggregate",
                            "Strategy": "Plain",
                            "Partial Mode": "Partial",
                            "Parent Relationship": "Outer",
                            "Parallel Aware": false,
                            "Startup Cost": 32464.13,
                            "Total Cost": 32464.14,
                            "Plan Rows": 1,
                            "Plan Width": 8,
                            "Actual Startup Time": 103.446,
                            "Actual Total Time": 103.446,
                            "Actual Rows": 1,
                            "Actual Loops": 4,
                            "Output": [
                                "PARTIAL count(*)"
                            ],
                            "Workers": [
                                {
                                    "Worker Number": 0,
                                    "Actual Startup Time": 100.735,
                                    "Actual Total Time": 100.736,
                                    "Actual Rows": 1,
                                    "Actual Loops": 1
                                },
                                {
                                    "Worker Number": 1,
                                    "Actual Startup Time": 100.949,
                                    "Actual Total Time": 100.949,
                                    "Actual Rows": 1,
                                    "Actual Loops": 1
                                },
                                {
                                    "Worker Number": 2,
                                    "Actual Startup Time": 101.145,
                                    "Actual Total Time": 101.146,
                                    "Actual Rows": 1,
                                    "Actual Loops": 1
                                }
                            ],
                            "Plans": [
                                {
                                    "Node Type": "Seq Scan",
                                    "Parent Relationship": "Outer",
                                    "Parallel Aware": true,
                                    "Relation Name": "movie_companies",
                                    "Schema": "public",
                                    "Alias": "mc",
                                    "Startup Cost": 0.0,
                                    "Total Cost": 31414.82,
                                    "Plan Rows": 419723,
                                    "Plan Width": 0,
                                    "Actual Startup Time": 46.326,
                                    "Actual Total Time": 87.735,
                                    "Actual Rows": 319008,
                                    "Actual Loops": 4,
                                    "Output": [
                                        "id",
                                        "movie_id",
                                        "company_id",
                                        "company_type_id",
                                        "note"
                                    ],
                                    "Filter": "((mc.company_id < 184675) AND (mc.company_type_id = 2))",
                                    "Rows Removed by Filter": 333274,
                                    "Workers": [
                                        {
                                            "Worker Number": 0,
                                            "Actual Startup Time": 43.618,
                                            "Actual Total Time": 85.334,
                                            "Actual Rows": 382810,
                                            "Actual Loops": 1
                                        },
                                        {
                                            "Worker Number": 1,
                                            "Actual Startup Time": 43.831,
                                            "Actual Total Time": 85.593,
                                            "Actual Rows": 234783,
                                            "Actual Loops": 1
                                        },
                                        {
                                            "Worker Number": 2,
                                            "Actual Startup Time": 44.023,
                                            "Actual Total Time": 85.719,
                                            "Actual Rows": 383258,
                                            "Actual Loops": 1
                                        }
                                    ]
                                }
                            ]
                        }
                    ]
                }
            ]
        },
        "Planning Time": 309.796,
        "Triggers": [],
        "Execution Time": 116.108
    }
]