[
  {
    "Plan": {
      "Node Type": "Aggregate",
      "Strategy": "Plain",
      "Partial Mode": "Finalize",
      "Parallel Aware": false,
      "Startup Cost": 77606.29,
      "Total Cost": 77606.3,
      "Plan Rows": 1,
      "Plan Width": 8,
      "Actual Startup Time": 174.42,
      "Actual Total Time": 184.845,
      "Actual Rows": 1,
      "Actual Loops": 1,
      "Plans": [
        {
          "Node Type": "Gather",
          "Parent Relationship": "Outer",
          "Parallel Aware": false,
          "Startup Cost": 77605.97,
          "Total Cost": 77606.28,
          "Plan Rows": 3,
          "Plan Width": 8,
          "Actual Startup Time": 173.384,
          "Actual Total Time": 184.837,
          "Actual Rows": 4,
          "Actual Loops": 1,
          "Workers Planned": 3,
          "Workers Launched": 3,
          "Single Copy": false,
          "Plans": [
            {
              "Node Type": "Aggregate",
              "Strategy": "Plain",
              "Partial Mode": "Partial",
              "Parent Relationship": "Outer",
              "Parallel Aware": false,
              "Startup Cost": 76605.97,
              "Total Cost": 76605.98,
              "Plan Rows": 1,
              "Plan Width": 8,
              "Actual Startup Time": 168.879,
              "Actual Total Time": 168.882,
              "Actual Rows": 1,
              "Actual Loops": 4,
              "Plans": [
                {
                  "Node Type": "Hash Join",
                  "Parent Relationship": "Outer",
                  "Parallel Aware": true,
                  "Join Type": "Inner",
                  "Startup Cost": 44415.47,
                  "Total Cost": 76560.51,
                  "Plan Rows": 18184,
                  "Plan Width": 0,
                  "Actual Startup Time": 118.392,
                  "Actual Total Time": 168.558,
                  "Actual Rows": 6058,
                  "Actual Loops": 4,
                  "Inner Unique": true,
                  "Hash Cond": "(mc.movie_id = t.id)",
                  "Plans": [
                    {
                      "Node Type": "Seq Scan",
                      "Parent Relationship": "Outer",
                      "Parallel Aware": true,
                      "Relation Name": "movie_companies",
                      "Alias": "mc",
                      "Startup Cost": 0.0,
                      "Total Cost": 31414.82,
                      "Plan Rows": 278180,
                      "Plan Width": 4,
                      "Actual Startup Time": 27.407,
                      "Actual Total Time": 57.744,
                      "Actual Rows": 136506,
                      "Actual Loops": 4,
                      "Filter": "((company_id < 20036) AND (company_type_id = 2))",
                      "Rows Removed by Filter": 515777
                    },
                    {
                      "Node Type": "Hash",
                      "Parent Relationship": "Inner",
                      "Parallel Aware": true,
                      "Startup Cost": 43899.01,
                      "Total Cost": 43899.01,
                      "Plan Rows": 41317,
                      "Plan Width": 4,
                      "Actual Startup Time": 89.532,
                      "Actual Total Time": 89.533,
                      "Actual Rows": 41077,
                      "Actual Loops": 4,
                      "Hash Buckets": 262144,
                      "Original Hash Buckets": 262144,
                      "Hash Batches": 1,
                      "Original Hash Batches": 1,
                      "Peak Memory Usage": 8544,
                      "Plans": [
                        {
                          "Node Type": "Seq Scan",
                          "Parent Relationship": "Outer",
                          "Parallel Aware": true,
                          "Relation Name": "title",
                          "Alias": "t",
                          "Startup Cost": 0.0,
                          "Total Cost": 43899.01,
                          "Plan Rows": 41317,
                          "Plan Width": 4,
                          "Actual Startup Time": 0.025,
                          "Actual Total Time": 77.146,
                          "Actual Rows": 41077,
                          "Actual Loops": 4,
                          "Filter": "(production_year = 2012)",
                          "Rows Removed by Filter": 591001
                        }
                      ]
                    }
                  ]
                }
              ]
            }
          ]
        }
      ]
    },
    "Planning Time": 0.289,
    "Triggers": [],
    "Execution Time": 184.878
  }
]