[
  {
    "Plan": {
      "Node Type": "Aggregate",
      "Strategy": "Plain",
      "Partial Mode": "Finalize",
      "Parallel Aware": false,
      "Startup Cost": 339640.22,
      "Total Cost": 339640.23,
      "Plan Rows": 1,
      "Plan Width": 8,
      "Actual Startup Time": 777.782,
      "Actual Total Time": 835.256,
      "Actual Rows": 1,
      "Actual Loops": 1,
      "Plans": [
        {
          "Node Type": "Gather",
          "Parent Relationship": "Outer",
          "Parallel Aware": false,
          "Startup Cost": 339639.59,
          "Total Cost": 339640.2,
          "Plan Rows": 6,
          "Plan Width": 8,
          "Actual Startup Time": 777.688,
          "Actual Total Time": 835.247,
          "Actual Rows": 7,
          "Actual Loops": 1,
          "Workers Planned": 6,
          "Workers Launched": 6,
          "Single Copy": false,
          "Plans": [
            {
              "Node Type": "Aggregate",
              "Strategy": "Plain",
              "Partial Mode": "Partial",
              "Parent Relationship": "Outer",
              "Parallel Aware": false,
              "Startup Cost": 338639.59,
              "Total Cost": 338639.6,
              "Plan Rows": 1,
              "Plan Width": 8,
              "Actual Startup Time": 768.646,
              "Actual Total Time": 768.647,
              "Actual Rows": 1,
              "Actual Loops": 7,
              "Plans": [
                {
                  "Node Type": "Seq Scan",
                  "Parent Relationship": "Outer",
                  "Parallel Aware": true,
                  "Relation Name": "cast_info",
                  "Alias": "ci",
                  "Startup Cost": 0.0,
                  "Total Cost": 328162.03,
                  "Plan Rows": 4191027,
                  "Plan Width": 0,
                  "Actual Startup Time": 0.05,
                  "Actual Total Time": 616.353,
                  "Actual Rows": 3609198,
                  "Actual Loops": 7,
                  "Filter": "(person_id < 2606206)",
                  "Rows Removed by Filter": 1568566
                }
              ]
            }
          ]
        }
      ]
    },
    "Planning Time": 0.171,
    "Triggers": [],
    "Execution Time": 835.32
  }
]