[
  {
    "Plan": {
      "Node Type": "Aggregate",
      "Strategy": "Plain",
      "Partial Mode": "Finalize",
      "Parallel Aware": false,
      "Startup Cost": 332140.44,
      "Total Cost": 332140.45,
      "Plan Rows": 1,
      "Plan Width": 8,
      "Actual Startup Time": 657.058,
      "Actual Total Time": 702.121,
      "Actual Rows": 1,
      "Actual Loops": 1,
      "Plans": [
        {
          "Node Type": "Gather",
          "Parent Relationship": "Outer",
          "Parallel Aware": false,
          "Startup Cost": 332139.82,
          "Total Cost": 332140.43,
          "Plan Rows": 6,
          "Plan Width": 8,
          "Actual Startup Time": 656.826,
          "Actual Total Time": 702.109,
          "Actual Rows": 7,
          "Actual Loops": 1,
          "Workers Planned": 6,
          "Workers Launched": 6,
          "Single Copy": false,
          "Plans": [
            {
              "Node Type": "Aggregate",
              "Strategy": "Plain",
              "Partial Mode": "Partial",
              "Parent Relationship": "Outer",
              "Parallel Aware": false,
              "Startup Cost": 331139.82,
              "Total Cost": 331139.83,
              "Plan Rows": 1,
              "Plan Width": 8,
              "Actual Startup Time": 647.681,
              "Actual Total Time": 647.682,
              "Actual Rows": 1,
              "Actual Loops": 7,
              "Plans": [
                {
                  "Node Type": "Seq Scan",
                  "Parent Relationship": "Outer",
                  "Parallel Aware": true,
                  "Relation Name": "cast_info",
                  "Alias": "ci",
                  "Startup Cost": 0.0,
                  "Total Cost": 328211.39,
                  "Plan Rows": 1171371,
                  "Plan Width": 0,
                  "Actual Startup Time": 0.061,
                  "Actual Total Time": 589.978,
                  "Actual Rows": 1022340,
                  "Actual Loops": 7,
                  "Filter": "(person_id < 691776)",
                  "Rows Removed by Filter": 4155423
                }
              ]
            }
          ]
        }
      ]
    },
    "Planning Time": 0.078,
    "Triggers": [],
    "Execution Time": 702.157
  }
]