[
  {
    "Plan": {
      "Node Type": "Aggregate",
      "Strategy": "Plain",
      "Partial Mode": "Finalize",
      "Parallel Aware": false,
      "Startup Cost": 465241.12,
      "Total Cost": 465241.13,
      "Plan Rows": 1,
      "Plan Width": 8,
      "Actual Startup Time": 2140.922,
      "Actual Total Time": 2230.034,
      "Actual Rows": 1,
      "Actual Loops": 1,
      "Plans": [
        {
          "Node Type": "Gather",
          "Parent Relationship": "Outer",
          "Parallel Aware": false,
          "Startup Cost": 465240.5,
          "Total Cost": 465241.11,
          "Plan Rows": 6,
          "Plan Width": 8,
          "Actual Startup Time": 2139.087,
          "Actual Total Time": 2230.015,
          "Actual Rows": 7,
          "Actual Loops": 1,
          "Workers Planned": 6,
          "Workers Launched": 6,
          "Single Copy": false,
          "Plans": [
            {
              "Node Type": "Aggregate",
              "Strategy": "Plain",
              "Partial Mode": "Partial",
              "Parent Relationship": "Outer",
              "Parallel Aware": false,
              "Startup Cost": 464240.5,
              "Total Cost": 464240.51,
              "Plan Rows": 1,
              "Plan Width": 8,
              "Actual Startup Time": 2128.027,
              "Actual Total Time": 2128.033,
              "Actual Rows": 1,
              "Actual Loops": 7,
              "Plans": [
                {
                  "Node Type": "Nested Loop",
                  "Parent Relationship": "Outer",
                  "Parallel Aware": false,
                  "Join Type": "Inner",
                  "Startup Cost": 44293.28,
                  "Total Cost": 463633.61,
                  "Plan Rows": 242755,
                  "Plan Width": 0,
                  "Actual Startup Time": 104.339,
                  "Actual Total Time": 2076.204,
                  "Actual Rows": 813503,
                  "Actual Loops": 7,
                  "Inner Unique": false,
                  "Join Filter": "(t.id = mi.movie_id)",
                  "Rows Removed by Join Filter": 0,
                  "Plans": [
                    {
                      "Node Type": "Hash Join",
                      "Parent Relationship": "Outer",
                      "Parallel Aware": true,
                      "Join Type": "Inner",
                      "Startup Cost": 44292.85,
                      "Total Cost": 387629.66,
                      "Plan Rows": 41343,
                      "Plan Width": 8,
                      "Actual Startup Time": 104.198,
                      "Actual Total Time": 900.806,
                      "Actual Rows": 79386,
                      "Actual Loops": 7,
                      "Inner Unique": true,
                      "Hash Cond": "(ci.movie_id = t.id)",
                      "Plans": [
                        {
                          "Node Type": "Index Scan",
                          "Parent Relationship": "Outer",
                          "Parallel Aware": true,
                          "Scan Direction": "Forward",
                          "Index Name": "role_id_cast_info",
                          "Relation Name": "cast_info",
                          "Alias": "ci",
                          "Startup Cost": 0.56,
                          "Total Cost": 341155.22,
                          "Plan Rows": 831299,
                          "Plan Width": 4,
                          "Actual Startup Time": 0.189,
                          "Actual Total Time": 456.236,
                          "Actual Rows": 1482563,
                          "Actual Loops": 7,
                          "Index Cond": "(role_id < 2)",
                          "Rows Removed by Index Recheck": 0,
                          "Filter": "(person_id < 1415270)",
                          "Rows Removed by Filter": 327535
                        },
                        {
                          "Node Type": "Hash",
                          "Parent Relationship": "Inner",
                          "Parallel Aware": true,
                          "Startup Cost": 43899.32,
                          "Total Cost": 43899.32,
                          "Plan Rows": 31437,
                          "Plan Width": 4,
                          "Actual Startup Time": 102.964,
                          "Actual Total Time": 102.966,
                          "Actual Rows": 18385,
                          "Actual Loops": 7,
                          "Hash Buckets": 131072,
                          "Original Hash Buckets": 131072,
                          "Hash Batches": 1,
                          "Original Hash Batches": 1,
                          "Peak Memory Usage": 6208,
                          "Plans": [
                            {
                              "Node Type": "Seq Scan",
                              "Parent Relationship": "Outer",
                              "Parallel Aware": true,
                              "Relation Name": "title",
                              "Alias": "t",
                              "Startup Cost": 0.0,
                              "Total Cost": 43899.32,
                              "Plan Rows": 31437,
                              "Plan Width": 4,
                              "Actual Startup Time": 0.053,
                              "Actual Total Time": 92.413,
                              "Actual Rows": 18385,
                              "Actual Loops": 7,
                              "Filter": "(production_year = 2009)",
                              "Rows Removed by Filter": 342802
                            }
                          ]
                        }
                      ]
                    },
                    {
                      "Node Type": "Index Only Scan",
                      "Parent Relationship": "Inner",
                      "Parallel Aware": false,
                      "Scan Direction": "Forward",
                      "Index Name": "movie_id_movie_info",
                      "Relation Name": "movie_info",
                      "Alias": "mi",
                      "Startup Cost": 0.43,
                      "Total Cost": 1.33,
                      "Plan Rows": 41,
                      "Plan Width": 4,
                      "Actual Startup Time": 0.006,
                      "Actual Total Time": 0.013,
                      "Actual Rows": 10,
                      "Actual Loops": 555702,
                      "Index Cond": "(movie_id = ci.movie_id)",
                      "Rows Removed by Index Recheck": 0,
                      "Heap Fetches": 5694519
                    }
                  ]
                }
              ]
            }
          ]
        }
      ]
    },
    "Planning Time": 0.648,
    "Triggers": [],
    "Execution Time": 2230.128
  }
]