[
  {
    "Plan": {
      "Node Type": "Aggregate",
      "Strategy": "Plain",
      "Partial Mode": "Finalize",
      "Parallel Aware": false,
      "Startup Cost": 72760.74,
      "Total Cost": 72760.75,
      "Plan Rows": 1,
      "Plan Width": 8,
      "Actual Startup Time": 355.232,
      "Actual Total Time": 371.635,
      "Actual Rows": 1,
      "Actual Loops": 1,
      "Plans": [
        {
          "Node Type": "Gather",
          "Parent Relationship": "Outer",
          "Parallel Aware": false,
          "Startup Cost": 72760.53,
          "Total Cost": 72760.74,
          "Plan Rows": 2,
          "Plan Width": 8,
          "Actual Startup Time": 352.559,
          "Actual Total Time": 371.626,
          "Actual Rows": 3,
          "Actual Loops": 1,
          "Workers Planned": 2,
          "Workers Launched": 2,
          "Single Copy": false,
          "Plans": [
            {
              "Node Type": "Aggregate",
              "Strategy": "Plain",
              "Partial Mode": "Partial",
              "Parent Relationship": "Outer",
              "Parallel Aware": false,
              "Startup Cost": 71760.53,
              "Total Cost": 71760.54,
              "Plan Rows": 1,
              "Plan Width": 8,
              "Actual Startup Time": 345.101,
              "Actual Total Time": 345.105,
              "Actual Rows": 1,
              "Actual Loops": 3,
              "Plans": [
                {
                  "Node Type": "Nested Loop",
                  "Parent Relationship": "Outer",
                  "Parallel Aware": false,
                  "Join Type": "Inner",
                  "Startup Cost": 48100.99,
                  "Total Cost": 71692.91,
                  "Plan Rows": 27046,
                  "Plan Width": 0,
                  "Actual Startup Time": 281.561,
                  "Actual Total Time": 343.698,
                  "Actual Rows": 28382,
                  "Actual Loops": 3,
                  "Inner Unique": false,
                  "Plans": [
                    {
                      "Node Type": "Hash Join",
                      "Parent Relationship": "Outer",
                      "Parallel Aware": true,
                      "Join Type": "Inner",
                      "Startup Cost": 48100.56,
                      "Total Cost": 54610.74,
                      "Plan Rows": 26210,
                      "Plan Width": 8,
                      "Actual Startup Time": 281.399,
                      "Actual Total Time": 301.863,
                      "Actual Rows": 6845,
                      "Actual Loops": 3,
                      "Inner Unique": true,
                      "Hash Cond": "(ci.movie_id = t.id)",
                      "Plans": [
                        {
                          "Node Type": "Index Scan",
                          "Parent Relationship": "Outer",
                          "Parallel Aware": true,
                          "Scan Direction": "Forward",
                          "Index Name": "role_id_cast_info",
                          "Relation Name": "cast_info",
                          "Alias": "ci",
                          "Startup Cost": 0.56,
                          "Total Cost": 6381.34,
                          "Plan Rows": 49300,
                          "Plan Width": 4,
                          "Actual Startup Time": 0.163,
                          "Actual Total Time": 12.367,
                          "Actual Rows": 11731,
                          "Actual Loops": 3,
                          "Index Cond": "(role_id = 7)",
                          "Rows Removed by Index Recheck": 0,
                          "Filter": "(person_id < 2055866)",
                          "Rows Removed by Filter": 80403
                        },
                        {
                          "Node Type": "Hash",
                          "Parent Relationship": "Inner",
                          "Parallel Aware": true,
                          "Startup Cost": 43899.32,
                          "Total Cost": 43899.32,
                          "Plan Rows": 336054,
                          "Plan Width": 4,
                          "Actual Startup Time": 273.953,
                          "Actual Total Time": 273.954,
                          "Actual Rows": 449431,
                          "Actual Loops": 3,
                          "Hash Buckets": 2097152,
                          "Original Hash Buckets": 2097152,
                          "Hash Batches": 1,
                          "Original Hash Batches": 1,
                          "Peak Memory Usage": 69184,
                          "Plans": [
                            {
                              "Node Type": "Seq Scan",
                              "Parent Relationship": "Outer",
                              "Parallel Aware": true,
                              "Relation Name": "title",
                              "Alias": "t",
                              "Startup Cost": 0.0,
                              "Total Cost": 43899.32,
                              "Plan Rows": 336054,
                              "Plan Width": 4,
                              "Actual Startup Time": 0.018,
                              "Actual Total Time": 130.348,
                              "Actual Rows": 449431,
                              "Actual Loops": 3,
                              "Filter": "(production_year < 2005)",
                              "Rows Removed by Filter": 393340
                            }
                          ]
                        }
                      ]
                    },
                    {
                      "Node Type": "Index Only Scan",
                      "Parent Relationship": "Inner",
                      "Parallel Aware": false,
                      "Scan Direction": "Forward",
                      "Index Name": "movie_id_movie_companies",
                      "Relation Name": "movie_companies",
                      "Alias": "mc",
                      "Startup Cost": 0.43,
                      "Total Cost": 0.6,
                      "Plan Rows": 5,
                      "Plan Width": 4,
                      "Actual Startup Time": 0.004,
                      "Actual Total Time": 0.006,
                      "Actual Rows": 4,
                      "Actual Loops": 20536,
                      "Index Cond": "(movie_id = t.id)",
                      "Rows Removed by Index Recheck": 0,
                      "Heap Fetches": 85145
                    }
                  ]
                }
              ]
            }
          ]
        }
      ]
    },
    "Planning Time": 0.776,
    "Triggers": [],
    "Execution Time": 371.691
  }
]