{
  "Plan": {
    "Node Type": "Aggregate",
    "Strategy": "Plain",
    "Partial Mode": "Finalize",
    "Parallel Aware": false,
    "Startup Cost": 720104.15,
    "Total Cost": 720104.16,
    "Plan Rows": 1,
    "Plan Width": 8,
    "Actual Startup Time": 9911.999,
    "Actual Total Time": 9967.276,
    "Actual Rows": 1,
    "Actual Loops": 1,
    "Plans": [
      {
        "Node Type": "Gather",
        "Parent Relationship": "Outer",
        "Parallel Aware": false,
        "Startup Cost": 720104.03,
        "Total Cost": 720104.14,
        "Plan Rows": 1,
        "Plan Width": 8,
        "Actual Startup Time": 9903.529,
        "Actual Total Time": 9967.269,
        "Actual Rows": 2,
        "Actual Loops": 1,
        "Workers Planned": 1,
        "Workers Launched": 1,
        "Single Copy": false,
        "Plans": [
          {
            "Node Type": "Aggregate",
            "Strategy": "Plain",
            "Partial Mode": "Partial",
            "Parent Relationship": "Outer",
            "Parallel Aware": false,
            "Startup Cost": 719104.03,
            "Total Cost": 719104.04,
            "Plan Rows": 1,
            "Plan Width": 8,
            "Actual Startup Time": 9883.145,
            "Actual Total Time": 9883.151,
            "Actual Rows": 1,
            "Actual Loops": 2,
            "Plans": [
              {
                "Node Type": "Hash Join",
                "Parent Relationship": "Outer",
                "Parallel Aware": true,
                "Join Type": "Inner",
                "Startup Cost": 629879.68,
                "Total Cost": 713122.65,
                "Plan Rows": 2392554,
                "Plan Width": 0,
                "Actual Startup Time": 6843.789,
                "Actual Total Time": 8982.879,
                "Actual Rows": 21721833,
                "Actual Loops": 2,
                "Inner Unique": false,
                "Hash Cond": "(mk.movie_id = t.id)",
                "Plans": [
                  {
                    "Node Type": "Seq Scan",
                    "Parent Relationship": "Outer",
                    "Parallel Aware": true,
                    "Relation Name": "movie_keyword",
                    "Alias": "mk",
                    "Startup Cost": 0.0,
                    "Total Cost": 57718.19,
                    "Plan Rows": 916075,
                    "Plan Width": 4,
                    "Actual Startup Time": 0.018,
                    "Actual Total Time": 173.301,
                    "Actual Rows": 786186,
                    "Actual Loops": 2,
                    "Filter": "(keyword_id < 2375)",
                    "Rows Removed by Filter": 1475779
                  },
                  {
                    "Node Type": "Hash",
                    "Parent Relationship": "Inner",
                    "Parallel Aware": true,
                    "Startup Cost": 581326.35,
                    "Total Cost": 581326.35,
                    "Plan Rows": 3884266,
                    "Plan Width": 8,
                    "Actual Startup Time": 6810.902,
                    "Actual Total Time": 6810.906,
                    "Actual Rows": 3787976,
                    "Actual Loops": 2,
                    "Hash Buckets": 8388608,
                    "Original Hash Buckets": 8388608,
                    "Hash Batches": 1,
                    "Original Hash Batches": 1,
                    "Peak Memory Usage": 361952,
                    "Plans": [
                      {
                        "Node Type": "Hash Join",
                        "Parent Relationship": "Outer",
                        "Parallel Aware": true,
                        "Join Type": "Inner",
                        "Startup Cost": 59593.0,
                        "Total Cost": 581326.35,
                        "Plan Rows": 3884266,
                        "Plan Width": 8,
                        "Actual Startup Time": 186.748,
                        "Actual Total Time": 5575.501,
                        "Actual Rows": 3787976,
                        "Actual Loops": 2,
                        "Inner Unique": true,
                        "Hash Cond": "(ci.movie_id = t.id)",
                        "Plans": [
                          {
                            "Node Type": "Seq Scan",
                            "Parent Relationship": "Outer",
                            "Parallel Aware": true,
                            "Relation Name": "cast_info",
                            "Alias": "ci",
                            "Startup Cost": 0.0,
                            "Total Cost": 465792.95,
                            "Plan Rows": 21310595,
                            "Plan Width": 4,
                            "Actual Startup Time": 0.013,
                            "Actual Total Time": 1416.166,
                            "Actual Rows": 18122172,
                            "Actual Loops": 2
                          },
                          {
                            "Node Type": "Hash",
                            "Parent Relationship": "Inner",
                            "Parallel Aware": true,
                            "Startup Cost": 56204.55,
                            "Total Cost": 56204.55,
                            "Plan Rows": 271076,
                            "Plan Width": 4,
                            "Actual Startup Time": 185.257,
                            "Actual Total Time": 185.258,
                            "Actual Rows": 258487,
                            "Actual Loops": 2,
                            "Hash Buckets": 524288,
                            "Original Hash Buckets": 524288,
                            "Hash Batches": 1,
                            "Original Hash Batches": 1,
                            "Peak Memory Usage": 24352,
                            "Plans": [
                              {
                                "Node Type": "Bitmap Heap Scan",
                                "Parent Relationship": "Outer",
                                "Parallel Aware": true,
                                "Relation Name": "title",
                                "Alias": "t",
                                "Startup Cost": 13554.17,
                                "Total Cost": 56204.55,
                                "Plan Rows": 271076,
                                "Plan Width": 4,
                                "Actual Startup Time": 32.673,
                                "Actual Total Time": 131.629,
                                "Actual Rows": 258487,
                                "Actual Loops": 2,
                                "Recheck Cond": "(kind_id < 3)",
                                "Rows Removed by Index Recheck": 0,
                                "Filter": "(production_year < 2007)",
                                "Rows Removed by Filter": 118352,
                                "Exact Heap Blocks": 25965,
                                "Lossy Heap Blocks": 0,
                                "Plans": [
                                  {
                                    "Node Type": "Bitmap Index Scan",
                                    "Parent Relationship": "Outer",
                                    "Parallel Aware": false,
                                    "Index Name": "kind_id_title",
                                    "Startup Cost": 0.0,
                                    "Total Cost": 13438.96,
                                    "Plan Rows": 753937,
                                    "Plan Width": 0,
                                    "Actual Startup Time": 26.995,
                                    "Actual Total Time": 26.995,
                                    "Actual Rows": 753677,
                                    "Actual Loops": 1,
                                    "Index Cond": "(kind_id < 3)"
                                  }
                                ]
                              }
                            ]
                          }
                        ]
                      }
                    ]
                  }
                ]
              }
            ]
          }
        ]
      }
    ]
  },
  "Planning Time": 1.045,
  "Triggers": [],
  "Execution Time": 9967.383
}