[
  {
    "Plan": {
      "Node Type": "Aggregate",
      "Strategy": "Plain",
      "Partial Mode": "Finalize",
      "Parallel Aware": false,
      "Startup Cost": 92658.54,
      "Total Cost": 92658.55,
      "Plan Rows": 1,
      "Plan Width": 8,
      "Actual Startup Time": 528.306,
      "Actual Total Time": 549.105,
      "Actual Rows": 1,
      "Actual Loops": 1,
      "Plans": [
        {
          "Node Type": "Gather",
          "Parent Relationship": "Outer",
          "Parallel Aware": false,
          "Startup Cost": 92658.22,
          "Total Cost": 92658.53,
          "Plan Rows": 3,
          "Plan Width": 8,
          "Actual Startup Time": 519.933,
          "Actual Total Time": 549.094,
          "Actual Rows": 4,
          "Actual Loops": 1,
          "Workers Planned": 3,
          "Workers Launched": 3,
          "Single Copy": false,
          "Plans": [
            {
              "Node Type": "Aggregate",
              "Strategy": "Plain",
              "Partial Mode": "Partial",
              "Parent Relationship": "Outer",
              "Parallel Aware": false,
              "Startup Cost": 91658.22,
              "Total Cost": 91658.23,
              "Plan Rows": 1,
              "Plan Width": 8,
              "Actual Startup Time": 508.828,
              "Actual Total Time": 508.832,
              "Actual Rows": 1,
              "Actual Loops": 4,
              "Plans": [
                {
                  "Node Type": "Hash Join",
                  "Parent Relationship": "Outer",
                  "Parallel Aware": true,
                  "Join Type": "Inner",
                  "Startup Cost": 63614.3,
                  "Total Cost": 91149.01,
                  "Plan Rows": 203683,
                  "Plan Width": 0,
                  "Actual Startup Time": 382.546,
                  "Actual Total Time": 500.489,
                  "Actual Rows": 157890,
                  "Actual Loops": 4,
                  "Inner Unique": true,
                  "Hash Cond": "(mk.movie_id = t.id)",
                  "Plans": [
                    {
                      "Node Type": "Bitmap Heap Scan",
                      "Parent Relationship": "Outer",
                      "Parallel Aware": true,
                      "Relation Name": "movie_keyword",
                      "Alias": "mk",
                      "Startup Cost": 13393.92,
                      "Total Cost": 40393.96,
                      "Plan Rows": 203683,
                      "Plan Width": 4,
                      "Actual Startup Time": 45.096,
                      "Actual Total Time": 106.756,
                      "Actual Rows": 157890,
                      "Actual Loops": 4,
                      "Recheck Cond": "(keyword_id > 29033)",
                      "Rows Removed by Index Recheck": 0,
                      "Exact Heap Blocks": 6513,
                      "Lossy Heap Blocks": 0,
                      "Plans": [
                        {
                          "Node Type": "Bitmap Index Scan",
                          "Parent Relationship": "Outer",
                          "Parallel Aware": false,
                          "Index Name": "keyword_id_movie_keyword",
                          "Startup Cost": 0.0,
                          "Total Cost": 13236.07,
                          "Plan Rows": 631418,
                          "Plan Width": 0,
                          "Actual Startup Time": 41.521,
                          "Actual Total Time": 41.522,
                          "Actual Rows": 631561,
                          "Actual Loops": 1,
                          "Index Cond": "(keyword_id > 29033)"
                        }
                      ]
                    },
                    {
                      "Node Type": "Hash",
                      "Parent Relationship": "Inner",
                      "Parallel Aware": true,
                      "Startup Cost": 42319.06,
                      "Total Cost": 42319.06,
                      "Plan Rows": 632106,
                      "Plan Width": 4,
                      "Actual Startup Time": 329.558,
                      "Actual Total Time": 329.559,
                      "Actual Rows": 632078,
                      "Actual Loops": 4,
                      "Hash Buckets": 4194304,
                      "Original Hash Buckets": 4194304,
                      "Hash Batches": 1,
                      "Original Hash Batches": 1,
                      "Peak Memory Usage": 131712,
                      "Plans": [
                        {
                          "Node Type": "Seq Scan",
                          "Parent Relationship": "Outer",
                          "Parallel Aware": true,
                          "Relation Name": "title",
                          "Alias": "t",
                          "Startup Cost": 0.0,
                          "Total Cost": 42319.06,
                          "Plan Rows": 632106,
                          "Plan Width": 4,
                          "Actual Startup Time": 0.032,
                          "Actual Total Time": 95.824,
                          "Actual Rows": 632078,
                          "Actual Loops": 4
                        }
                      ]
                    }
                  ]
                }
              ]
            }
          ]
        }
      ]
    },
    "Planning Time": 0.243,
    "Triggers": [],
    "Execution Time": 549.153
  }
]