[
  {
    "Plan": {
      "Node Type": "Aggregate",
      "Strategy": "Plain",
      "Partial Mode": "Finalize",
      "Parallel Aware": false,
      "Startup Cost": 93095.12,
      "Total Cost": 93095.13,
      "Plan Rows": 1,
      "Plan Width": 8,
      "Actual Startup Time": 513.552,
      "Actual Total Time": 532.003,
      "Actual Rows": 1,
      "Actual Loops": 1,
      "Plans": [
        {
          "Node Type": "Gather",
          "Parent Relationship": "Outer",
          "Parallel Aware": false,
          "Startup Cost": 93094.8,
          "Total Cost": 93095.11,
          "Plan Rows": 3,
          "Plan Width": 8,
          "Actual Startup Time": 506.68,
          "Actual Total Time": 531.992,
          "Actual Rows": 4,
          "Actual Loops": 1,
          "Workers Planned": 3,
          "Workers Launched": 3,
          "Single Copy": false,
          "Plans": [
            {
              "Node Type": "Aggregate",
              "Strategy": "Plain",
              "Partial Mode": "Partial",
              "Parent Relationship": "Outer",
              "Parallel Aware": false,
              "Startup Cost": 92094.8,
              "Total Cost": 92094.81,
              "Plan Rows": 1,
              "Plan Width": 8,
              "Actual Startup Time": 488.989,
              "Actual Total Time": 488.993,
              "Actual Rows": 1,
              "Actual Loops": 4,
              "Plans": [
                {
                  "Node Type": "Hash Join",
                  "Parent Relationship": "Outer",
                  "Parallel Aware": true,
                  "Join Type": "Inner",
                  "Startup Cost": 63958.92,
                  "Total Cost": 91572.55,
                  "Plan Rows": 208901,
                  "Plan Width": 0,
                  "Actual Startup Time": 376.541,
                  "Actual Total Time": 480.994,
                  "Actual Rows": 157890,
                  "Actual Loops": 4,
                  "Inner Unique": true,
                  "Hash Cond": "(mk.movie_id = t.id)",
                  "Plans": [
                    {
                      "Node Type": "Bitmap Heap Scan",
                      "Parent Relationship": "Outer",
                      "Parallel Aware": true,
                      "Relation Name": "movie_keyword",
                      "Alias": "mk",
                      "Startup Cost": 13739.28,
                      "Total Cost": 40804.54,
                      "Plan Rows": 208901,
                      "Plan Width": 4,
                      "Actual Startup Time": 39.626,
                      "Actual Total Time": 93.15,
                      "Actual Rows": 157890,
                      "Actual Loops": 4,
                      "Recheck Cond": "(keyword_id > 29033)",
                      "Rows Removed by Index Recheck": 0,
                      "Exact Heap Blocks": 4940,
                      "Lossy Heap Blocks": 0,
                      "Plans": [
                        {
                          "Node Type": "Bitmap Index Scan",
                          "Parent Relationship": "Outer",
                          "Parallel Aware": false,
                          "Index Name": "keyword_id_movie_keyword",
                          "Startup Cost": 0.0,
                          "Total Cost": 13577.38,
                          "Plan Rows": 647593,
                          "Plan Width": 0,
                          "Actual Startup Time": 36.114,
                          "Actual Total Time": 36.115,
                          "Actual Rows": 631561,
                          "Actual Loops": 1,
                          "Index Cond": "(keyword_id > 29033)"
                        }
                      ]
                    },
                    {
                      "Node Type": "Hash",
                      "Parent Relationship": "Inner",
                      "Parallel Aware": true,
                      "Startup Cost": 42318.73,
                      "Total Cost": 42318.73,
                      "Plan Rows": 632073,
                      "Plan Width": 4,
                      "Actual Startup Time": 325.418,
                      "Actual Total Time": 325.419,
                      "Actual Rows": 632078,
                      "Actual Loops": 4,
                      "Hash Buckets": 4194304,
                      "Original Hash Buckets": 4194304,
                      "Hash Batches": 1,
                      "Original Hash Batches": 1,
                      "Peak Memory Usage": 131712,
                      "Plans": [
                        {
                          "Node Type": "Seq Scan",
                          "Parent Relationship": "Outer",
                          "Parallel Aware": true,
                          "Relation Name": "title",
                          "Alias": "t",
                          "Startup Cost": 0.0,
                          "Total Cost": 42318.73,
                          "Plan Rows": 632073,
                          "Plan Width": 4,
                          "Actual Startup Time": 0.045,
                          "Actual Total Time": 98.157,
                          "Actual Rows": 632078,
                          "Actual Loops": 4
                        }
                      ]
                    }
                  ]
                }
              ]
            }
          ]
        }
      ]
    },
    "Planning Time": 0.53,
    "Triggers": [],
    "Execution Time": 532.08
  }
]