{
  "Plan": {
    "Node Type": "Aggregate",
    "Strategy": "Plain",
    "Partial Mode": "Finalize",
    "Parallel Aware": false,
    "Startup Cost": 638749.97,
    "Total Cost": 638749.98,
    "Plan Rows": 1,
    "Plan Width": 8,
    "Actual Startup Time": 4279.678,
    "Actual Total Time": 4335.982,
    "Actual Rows": 1,
    "Actual Loops": 1,
    "Plans": [
      {
        "Node Type": "Gather",
        "Parent Relationship": "Outer",
        "Parallel Aware": false,
        "Startup Cost": 638749.86,
        "Total Cost": 638749.97,
        "Plan Rows": 1,
        "Plan Width": 8,
        "Actual Startup Time": 4274.558,
        "Actual Total Time": 4335.973,
        "Actual Rows": 2,
        "Actual Loops": 1,
        "Workers Planned": 1,
        "Workers Launched": 1,
        "Single Copy": false,
        "Plans": [
          {
            "Node Type": "Aggregate",
            "Strategy": "Plain",
            "Partial Mode": "Partial",
            "Parent Relationship": "Outer",
            "Parallel Aware": false,
            "Startup Cost": 637749.86,
            "Total Cost": 637749.87,
            "Plan Rows": 1,
            "Plan Width": 8,
            "Actual Startup Time": 4268.406,
            "Actual Total Time": 4268.412,
            "Actual Rows": 1,
            "Actual Loops": 2,
            "Plans": [
              {
                "Node Type": "Merge Join",
                "Parent Relationship": "Outer",
                "Parallel Aware": false,
                "Join Type": "Inner",
                "Startup Cost": 459379.77,
                "Total Cost": 635869.64,
                "Plan Rows": 752089,
                "Plan Width": 0,
                "Actual Startup Time": 3404.723,
                "Actual Total Time": 4174.222,
                "Actual Rows": 2539344,
                "Actual Loops": 2,
                "Inner Unique": false,
                "Merge Cond": "(mk.movie_id = t.id)",
                "Plans": [
                  {
                    "Node Type": "Index Only Scan",
                    "Parent Relationship": "Outer",
                    "Parallel Aware": true,
                    "Scan Direction": "Forward",
                    "Index Name": "movie_id_movie_keyword",
                    "Relation Name": "movie_keyword",
                    "Alias": "mk",
                    "Startup Cost": 0.43,
                    "Total Cost": 158560.11,
                    "Plan Rows": 2661135,
                    "Plan Width": 4,
                    "Actual Startup Time": 0.098,
                    "Actual Total Time": 396.718,
                    "Actual Rows": 2261965,
                    "Actual Loops": 2,
                    "Heap Fetches": 4523930
                  },
                  {
                    "Node Type": "Sort",
                    "Parent Relationship": "Inner",
                    "Parallel Aware": false,
                    "Startup Cost": 459378.94,
                    "Total Cost": 461165.3,
                    "Plan Rows": 714545,
                    "Plan Width": 8,
                    "Actual Startup Time": 3306.878,
                    "Actual Total Time": 3423.347,
                    "Actual Rows": 3143734,
                    "Actual Loops": 2,
                    "Sort Key": [
                      "t.id"
                    ],
                    "Sort Method": "quicksort",
                    "Sort Space Used": 65963,
                    "Sort Space Type": "Memory",
                    "Workers": [
                      {
                        "Worker Number": 0,
                        "Sort Method": "quicksort",
                        "Sort Space Used": 65963,
                        "Sort Space Type": "Memory"
                      }
                    ],
                    "Plans": [
                      {
                        "Node Type": "Hash Join",
                        "Parent Relationship": "Outer",
                        "Parallel Aware": false,
                        "Join Type": "Inner",
                        "Startup Cost": 41264.51,
                        "Total Cost": 389901.35,
                        "Plan Rows": 714545,
                        "Plan Width": 8,
                        "Actual Startup Time": 141.037,
                        "Actual Total Time": 3099.783,
                        "Actual Rows": 882915,
                        "Actual Loops": 2,
                        "Inner Unique": true,
                        "Hash Cond": "(mi.movie_id = t.id)",
                        "Plans": [
                          {
                            "Node Type": "Seq Scan",
                            "Parent Relationship": "Outer",
                            "Parallel Aware": false,
                            "Relation Name": "movie_info",
                            "Alias": "mi",
                            "Startup Cost": 0.0,
                            "Total Cost": 309829.65,
                            "Plan Rows": 14783665,
                            "Plan Width": 4,
                            "Actual Startup Time": 0.044,
                            "Actual Total Time": 1220.003,
                            "Actual Rows": 14835720,
                            "Actual Loops": 2
                          },
                          {
                            "Node Type": "Hash",
                            "Parent Relationship": "Inner",
                            "Parallel Aware": false,
                            "Startup Cost": 39737.0,
                            "Total Cost": 39737.0,
                            "Plan Rows": 122201,
                            "Plan Width": 4,
                            "Actual Startup Time": 89.683,
                            "Actual Total Time": 89.685,
                            "Actual Rows": 118234,
                            "Actual Loops": 2,
                            "Hash Buckets": 131072,
                            "Original Hash Buckets": 131072,
                            "Hash Batches": 1,
                            "Original Hash Batches": 1,
                            "Peak Memory Usage": 5181,
                            "Plans": [
                              {
                                "Node Type": "Bitmap Heap Scan",
                                "Parent Relationship": "Outer",
                                "Parallel Aware": false,
                                "Relation Name": "title",
                                "Alias": "t",
                                "Startup Cost": 2211.49,
                                "Total Cost": 39737.0,
                                "Plan Rows": 122201,
                                "Plan Width": 4,
                                "Actual Startup Time": 19.181,
                                "Actual Total Time": 67.195,
                                "Actual Rows": 118234,
                                "Actual Loops": 2,
                                "Recheck Cond": "(kind_id = 4)",
                                "Rows Removed by Index Recheck": 0,
                                "Exact Heap Blocks": 12711,
                                "Lossy Heap Blocks": 0,
                                "Plans": [
                                  {
                                    "Node Type": "Bitmap Index Scan",
                                    "Parent Relationship": "Outer",
                                    "Parallel Aware": false,
                                    "Index Name": "kind_id_title",
                                    "Startup Cost": 0.0,
                                    "Total Cost": 2180.94,
                                    "Plan Rows": 122201,
                                    "Plan Width": 0,
                                    "Actual Startup Time": 15.601,
                                    "Actual Total Time": 15.601,
                                    "Actual Rows": 118234,
                                    "Actual Loops": 2,
                                    "Index Cond": "(kind_id = 4)"
                                  }
                                ]
                              }
                            ]
                          }
                        ]
                      }
                    ]
                  }
                ]
              }
            ]
          }
        ]
      }
    ]
  },
  "Planning Time": 1.01,
  "Triggers": [],
  "Execution Time": 4348.486
}