[
  {
    "Plan": {
      "Node Type": "Aggregate",
      "Strategy": "Plain",
      "Partial Mode": "Finalize",
      "Parallel Aware": false,
      "Startup Cost": 343742.17,
      "Total Cost": 343742.18,
      "Plan Rows": 1,
      "Plan Width": 8,
      "Actual Startup Time": 826.361,
      "Actual Total Time": 881.272,
      "Actual Rows": 1,
      "Actual Loops": 1,
      "Plans": [
        {
          "Node Type": "Gather",
          "Parent Relationship": "Outer",
          "Parallel Aware": false,
          "Startup Cost": 343741.55,
          "Total Cost": 343742.16,
          "Plan Rows": 6,
          "Plan Width": 8,
          "Actual Startup Time": 826.245,
          "Actual Total Time": 881.262,
          "Actual Rows": 7,
          "Actual Loops": 1,
          "Workers Planned": 6,
          "Workers Launched": 6,
          "Single Copy": false,
          "Plans": [
            {
              "Node Type": "Aggregate",
              "Strategy": "Plain",
              "Partial Mode": "Partial",
              "Parent Relationship": "Outer",
              "Parallel Aware": false,
              "Startup Cost": 342741.55,
              "Total Cost": 342741.56,
              "Plan Rows": 1,
              "Plan Width": 8,
              "Actual Startup Time": 819.391,
              "Actual Total Time": 819.392,
              "Actual Rows": 1,
              "Actual Loops": 7,
              "Plans": [
                {
                  "Node Type": "Seq Scan",
                  "Parent Relationship": "Outer",
                  "Parallel Aware": true,
                  "Relation Name": "cast_info",
                  "Alias": "ci",
                  "Startup Cost": 0.0,
                  "Total Cost": 328162.03,
                  "Plan Rows": 5831808,
                  "Plan Width": 0,
                  "Actual Startup Time": 0.04,
                  "Actual Total Time": 621.393,
                  "Actual Rows": 5004514,
                  "Actual Loops": 7,
                  "Filter": "(person_id < 3826722)",
                  "Rows Removed by Filter": 173249
                }
              ]
            }
          ]
        }
      ]
    },
    "Planning Time": 0.083,
    "Triggers": [],
    "Execution Time": 881.313
  }
]