[
    {
        "Bao": {
            "Bao prediction": "NaN",
            "Bao recommended hint": "(no hint)"
        }
    },
    {
        "Plan": {
            "Node Type": "Aggregate",
            "Strategy": "Plain",
            "Partial Mode": "Finalize",
            "Parallel Aware": false,
            "Startup Cost": 27302.26,
            "Total Cost": 27302.27,
            "Plan Rows": 1,
            "Plan Width": 8,
            "Actual Startup Time": 62.061,
            "Actual Total Time": 67.131,
            "Actual Rows": 1,
            "Actual Loops": 1,
            "Output": [
                "count(*)"
            ],
            "Plans": [
                {
                    "Node Type": "Gather",
                    "Parent Relationship": "Outer",
                    "Parallel Aware": false,
                    "Startup Cost": 27301.94,
                    "Total Cost": 27302.25,
                    "Plan Rows": 3,
                    "Plan Width": 8,
                    "Actual Startup Time": 61.904,
                    "Actual Total Time": 67.124,
                    "Actual Rows": 4,
                    "Actual Loops": 1,
                    "Output": [
                        "(PARTIAL count(*))"
                    ],
                    "Workers Planned": 3,
                    "Workers Launched": 3,
                    "Single Copy": false,
                    "Plans": [
                        {
                            "Node Type": "Aggregate",
                            "Strategy": "Plain",
                            "Partial Mode": "Partial",
                            "Parent Relationship": "Outer",
                            "Parallel Aware": false,
                            "Startup Cost": 26301.94,
                            "Total Cost": 26301.95,
                            "Plan Rows": 1,
                            "Plan Width": 8,
                            "Actual Startup Time": 52.763,
                            "Actual Total Time": 52.765,
                            "Actual Rows": 1,
                            "Actual Loops": 4,
                            "Output": [
                                "PARTIAL count(*)"
                            ],
                            "Workers": [
                                {
                                    "Worker Number": 0,
                                    "Actual Startup Time": 50.946,
                                    "Actual Total Time": 50.948,
                                    "Actual Rows": 1,
                                    "Actual Loops": 1
                                },
                                {
                                    "Worker Number": 1,
                                    "Actual Startup Time": 49.761,
                                    "Actual Total Time": 49.763,
                                    "Actual Rows": 1,
                                    "Actual Loops": 1
                                },
                                {
                                    "Worker Number": 2,
                                    "Actual Startup Time": 49.766,
                                    "Actual Total Time": 49.768,
                                    "Actual Rows": 1,
                                    "Actual Loops": 1
                                }
                            ],
                            "Plans": [
                                {
                                    "Node Type": "Bitmap Heap Scan",
                                    "Parent Relationship": "Outer",
                                    "Parallel Aware": true,
                                    "Relation Name": "movie_companies",
                                    "Schema": "public",
                                    "Alias": "mc",
                                    "Startup Cost": 6140.7,
                                    "Total Cost": 26073.4,
                                    "Plan Rows": 91416,
                                    "Plan Width": 0,
                                    "Actual Startup Time": 13.284,
                                    "Actual Total Time": 47.226,
                                    "Actual Rows": 72028,
                                    "Actual Loops": 4,
                                    "Recheck Cond": "(mc.company_id > 95066)",
                                    "Rows Removed by Index Recheck": 0,
                                    "Exact Heap Blocks": 2505,
                                    "Lossy Heap Blocks": 0,
                                    "Workers": [
                                        {
                                            "Worker Number": 0,
                                            "Actual Startup Time": 11.668,
                                            "Actual Total Time": 45.956,
                                            "Actual Rows": 44426,
                                            "Actual Loops": 1
                                        },
                                        {
                                            "Worker Number": 1,
                                            "Actual Startup Time": 10.319,
                                            "Actual Total Time": 44.765,
                                            "Actual Rows": 44993,
                                            "Actual Loops": 1
                                        },
                                        {
                                            "Worker Number": 2,
                                            "Actual Startup Time": 10.293,
                                            "Actual Total Time": 44.67,
                                            "Actual Rows": 46443,
                                            "Actual Loops": 1
                                        }
                                    ],
                                    "Plans": [
                                        {
                                            "Node Type": "Bitmap Index Scan",
                                            "Parent Relationship": "Outer",
                                            "Parallel Aware": false,
                                            "Index Name": "company_id_movie_companies",
                                            "Startup Cost": 0.0,
                                            "Total Cost": 6069.85,
                                            "Plan Rows": 283390,
                                            "Plan Width": 0,
                                            "Actual Startup Time": 20.164,
                                            "Actual Total Time": 20.164,
                                            "Actual Rows": 288110,
                                            "Actual Loops": 1,
                                            "Index Cond": "(mc.company_id > 95066)"
                                        }
                                    ]
                                }
                            ]
                        }
                    ]
                }
            ]
        },
        "Planning Time": 282.967,
        "Triggers": [],
        "Execution Time": 67.202
    }
]