{
  "Plan": {
    "Node Type": "Aggregate",
    "Strategy": "Plain",
    "Partial Mode": "Finalize",
    "Parallel Aware": false,
    "Startup Cost": 427016.54,
    "Total Cost": 427016.55,
    "Plan Rows": 1,
    "Plan Width": 64,
    "Actual Startup Time": 5053.684,
    "Actual Total Time": 5060.512,
    "Actual Rows": 1,
    "Actual Loops": 1,
    "Plans": [
      {
        "Node Type": "Gather",
        "Parent Relationship": "Outer",
        "Parallel Aware": false,
        "Startup Cost": 427016.43,
        "Total Cost": 427016.54,
        "Plan Rows": 1,
        "Plan Width": 64,
        "Actual Startup Time": 5053.673,
        "Actual Total Time": 5060.506,
        "Actual Rows": 2,
        "Actual Loops": 1,
        "Workers Planned": 1,
        "Workers Launched": 1,
        "Single Copy": false,
        "Plans": [
          {
            "Node Type": "Aggregate",
            "Strategy": "Plain",
            "Partial Mode": "Partial",
            "Parent Relationship": "Outer",
            "Parallel Aware": false,
            "Startup Cost": 426016.43,
            "Total Cost": 426016.44,
            "Plan Rows": 1,
            "Plan Width": 64,
            "Actual Startup Time": 4877.17,
            "Actual Total Time": 4877.181,
            "Actual Rows": 1,
            "Actual Loops": 2,
            "Plans": [
              {
                "Node Type": "Nested Loop",
                "Parent Relationship": "Outer",
                "Parallel Aware": false,
                "Join Type": "Inner",
                "Startup Cost": 423137.5,
                "Total Cost": 425997.6,
                "Plan Rows": 3766,
                "Plan Width": 33,
                "Actual Startup Time": 4820.598,
                "Actual Total Time": 4875.225,
                "Actual Rows": 17991,
                "Actual Loops": 2,
                "Inner Unique": true,
                "Plans": [
                  {
                    "Node Type": "Merge Join",
                    "Parent Relationship": "Outer",
                    "Parallel Aware": false,
                    "Join Type": "Inner",
                    "Startup Cost": 423137.07,
                    "Total Cost": 423400.7,
                    "Plan Rows": 3766,
                    "Plan Width": 21,
                    "Actual Startup Time": 4820.555,
                    "Actual Total Time": 4825.892,
                    "Actual Rows": 19211,
                    "Actual Loops": 2,
                    "Inner Unique": true,
                    "Merge Cond": "(ci.role_id = rt.id)",
                    "Plans": [
                      {
                        "Node Type": "Sort",
                        "Parent Relationship": "Outer",
                        "Parallel Aware": false,
                        "Startup Cost": 423135.91,
                        "Total Cost": 423248.89,
                        "Plan Rows": 45191,
                        "Plan Width": 25,
                        "Actual Startup Time": 4816.12,
                        "Actual Total Time": 4819.993,
                        "Actual Rows": 68613,
                        "Actual Loops": 2,
                        "Sort Key": [
                          "ci.role_id"
                        ],
                        "Sort Method": "quicksort",
                        "Sort Space Used": 9901,
                        "Sort Space Type": "Memory",
                        "Workers": [
                          {
                            "Worker Number": 0,
                            "Sort Method": "quicksort",
                            "Sort Space Used": 5736,
                            "Sort Space Type": "Memory"
                          }
                        ],
                        "Plans": [
                          {
                            "Node Type": "Nested Loop",
                            "Parent Relationship": "Outer",
                            "Parallel Aware": false,
                            "Join Type": "Inner",
                            "Startup Cost": 147686.64,
                            "Total Cost": 419641.8,
                            "Plan Rows": 45191,
                            "Plan Width": 25,
                            "Actual Startup Time": 1014.048,
                            "Actual Total Time": 4799.168,
                            "Actual Rows": 68716,
                            "Actual Loops": 2,
                            "Inner Unique": false,
                            "Join Filter": "(t.id = ci.movie_id)",
                            "Rows Removed by Join Filter": 0,
                            "Plans": [
                              {
                                "Node Type": "Hash Join",
                                "Parent Relationship": "Outer",
                                "Parallel Aware": false,
                                "Join Type": "Inner",
                                "Startup Cost": 147686.08,
                                "Total Cost": 152342.56,
                                "Plan Rows": 144930,
                                "Plan Width": 25,
                                "Actual Startup Time": 1013.708,
                                "Actual Total Time": 1157.48,
                                "Actual Rows": 109017,
                                "Actual Loops": 2,
                                "Inner Unique": true,
                                "Hash Cond": "(mc.company_type_id = ct.id)",
                                "Plans": [
                                  {
                                    "Node Type": "Merge Join",
                                    "Parent Relationship": "Outer",
                                    "Parallel Aware": false,
                                    "Join Type": "Inner",
                                    "Startup Cost": 147684.99,
                                    "Total Cost": 151557.95,
                                    "Plan Rows": 144930,
                                    "Plan Width": 29,
                                    "Actual Startup Time": 1013.42,
                                    "Actual Total Time": 1137.573,
                                    "Actual Rows": 109017,
                                    "Actual Loops": 2,
                                    "Inner Unique": true,
                                    "Merge Cond": "(mc.company_id = cn.id)",
                                    "Plans": [
                                      {
                                        "Node Type": "Sort",
                                        "Parent Relationship": "Outer",
                                        "Parallel Aware": false,
                                        "Startup Cost": 134772.32,
                                        "Total Cost": 135771.29,
                                        "Plan Rows": 399589,
                                        "Plan Width": 33,
                                        "Actual Startup Time": 956.879,
                                        "Actual Total Time": 1015.662,
                                        "Actual Rows": 262288,
                                        "Actual Loops": 2,
                                        "Sort Key": [
                                          "mc.company_id"
                                        ],
                                        "Sort Method": "quicksort",
                                        "Sort Space Used": 39481,
                                        "Sort Space Type": "Memory",
                                        "Workers": [
                                          {
                                            "Worker Number": 0,
                                            "Sort Method": "quicksort",
                                            "Sort Space Used": 24163,
                                            "Sort Space Type": "Memory"
                                          }
                                        ],
                                        "Plans": [
                                          {
                                            "Node Type": "Hash Join",
                                            "Parent Relationship": "Outer",
                                            "Parallel Aware": true,
                                            "Join Type": "Inner",
                                            "Startup Cost": 59427.61,
                                            "Total Cost": 97594.24,
                                            "Plan Rows": 399589,
                                            "Plan Width": 33,
                                            "Actual Startup Time": 358.073,
                                            "Actual Total Time": 862.118,
                                            "Actual Rows": 262288,
                                            "Actual Loops": 2,
                                            "Inner Unique": true,
                                            "Hash Cond": "(mc.movie_id = t.id)",
                                            "Plans": [
                                              {
                                                "Node Type": "Seq Scan",
                                                "Parent Relationship": "Outer",
                                                "Parallel Aware": true,
                                                "Relation Name": "movie_companies",
                                                "Alias": "mc",
                                                "Startup Cost": 0.0,
                                                "Total Cost": 34137.82,
                                                "Plan Rows": 1534782,
                                                "Plan Width": 12,
                                                "Actual Startup Time": 0.018,
                                                "Actual Total Time": 135.83,
                                                "Actual Rows": 1304564,
                                                "Actual Loops": 2
                                              },
                                              {
                                                "Node Type": "Hash",
                                                "Parent Relationship": "Inner",
                                                "Parallel Aware": true,
                                                "Startup Cost": 54587.68,
                                                "Total Cost": 54587.68,
                                                "Plan Rows": 387194,
                                                "Plan Width": 21,
                                                "Actual Startup Time": 348.64,
                                                "Actual Total Time": 348.642,
                                                "Actual Rows": 331032,
                                                "Actual Loops": 2,
                                                "Hash Buckets": 1048576,
                                                "Original Hash Buckets": 1048576,
                                                "Hash Batches": 1,
                                                "Original Hash Batches": 1,
                                                "Peak Memory Usage": 45504,
                                                "Plans": [
                                                  {
                                                    "Node Type": "Seq Scan",
                                                    "Parent Relationship": "Outer",
                                                    "Parallel Aware": true,
                                                    "Relation Name": "title",
                                                    "Alias": "t",
                                                    "Startup Cost": 0.0,
                                                    "Total Cost": 54587.68,
                                                    "Plan Rows": 387194,
                                                    "Plan Width": 21,
                                                    "Actual Startup Time": 0.053,
                                                    "Actual Total Time": 199.864,
                                                    "Actual Rows": 331032,
                                                    "Actual Loops": 2,
                                                    "Filter": "(production_year > 2008)",
                                                    "Rows Removed by Filter": 933124
                                                  }
                                                ]
                                              }
                                            ]
                                          }
                                        ]
                                      },
                                      {
                                        "Node Type": "Sort",
                                        "Parent Relationship": "Inner",
                                        "Parallel Aware": false,
                                        "Startup Cost": 12912.67,
                                        "Total Cost": 13125.75,
                                        "Plan Rows": 85233,
                                        "Plan Width": 4,
                                        "Actual Startup Time": 56.529,
                                        "Actual Total Time": 76.174,
                                        "Actual Rows": 84843,
                                        "Actual Loops": 2,
                                        "Sort Key": [
                                          "cn.id"
                                        ],
                                        "Sort Method": "quicksort",
                                        "Sort Space Used": 7050,
                                        "Sort Space Type": "Memory",
                                        "Workers": [
                                          {
                                            "Worker Number": 0,
                                            "Sort Method": "quicksort",
                                            "Sort Space Used": 7050,
                                            "Sort Space Type": "Memory"
                                          }
                                        ],
                                        "Plans": [
                                          {
                                            "Node Type": "Seq Scan",
                                            "Parent Relationship": "Outer",
                                            "Parallel Aware": false,
                                            "Relation Name": "company_name",
                                            "Alias": "cn",
                                            "Startup Cost": 0.0,
                                            "Total Cost": 5932.46,
                                            "Plan Rows": 85233,
                                            "Plan Width": 4,
                                            "Actual Startup Time": 0.044,
                                            "Actual Total Time": 32.056,
                                            "Actual Rows": 84843,
                                            "Actual Loops": 2,
                                            "Filter": "((country_code)::text = '[us]'::text)",
                                            "Rows Removed by Filter": 150154
                                          }
                                        ]
                                      }
                                    ]
                                  },
                                  {
                                    "Node Type": "Hash",
                                    "Parent Relationship": "Inner",
                                    "Parallel Aware": false,
                                    "Startup Cost": 1.04,
                                    "Total Cost": 1.04,
                                    "Plan Rows": 4,
                                    "Plan Width": 4,
                                    "Actual Startup Time": 0.074,
                                    "Actual Total Time": 0.075,
                                    "Actual Rows": 4,
                                    "Actual Loops": 2,
                                    "Hash Buckets": 1024,
                                    "Original Hash Buckets": 1024,
                                    "Hash Batches": 1,
                                    "Original Hash Batches": 1,
                                    "Peak Memory Usage": 9,
                                    "Plans": [
                                      {
                                        "Node Type": "Seq Scan",
                                        "Parent Relationship": "Outer",
                                        "Parallel Aware": false,
                                        "Relation Name": "company_type",
                                        "Alias": "ct",
                                        "Startup Cost": 0.0,
                                        "Total Cost": 1.04,
                                        "Plan Rows": 4,
                                        "Plan Width": 4,
                                        "Actual Startup Time": 0.053,
                                        "Actual Total Time": 0.056,
                                        "Actual Rows": 4,
                                        "Actual Loops": 2
                                      }
                                    ]
                                  }
                                ]
                              },
                              {
                                "Node Type": "Index Scan",
                                "Parent Relationship": "Inner",
                                "Parallel Aware": false,
                                "Scan Direction": "Forward",
                                "Index Name": "movie_id_cast_info",
                                "Relation Name": "cast_info",
                                "Alias": "ci",
                                "Startup Cost": 0.56,
                                "Total Cost": 1.83,
                                "Plan Rows": 1,
                                "Plan Width": 12,
                                "Actual Startup Time": 0.029,
                                "Actual Total Time": 0.033,
                                "Actual Rows": 1,
                                "Actual Loops": 218034,
                                "Index Cond": "(movie_id = mc.movie_id)",
                                "Rows Removed by Index Recheck": 0,
                                "Filter": "(note ~~ '%(voice)%'::text)",
                                "Rows Removed by Filter": 32
                              }
                            ]
                          }
                        ]
                      },
                      {
                        "Node Type": "Sort",
                        "Parent Relationship": "Inner",
                        "Parallel Aware": false,
                        "Startup Cost": 1.16,
                        "Total Cost": 1.16,
                        "Plan Rows": 1,
                        "Plan Width": 4,
                        "Actual Startup Time": 0.048,
                        "Actual Total Time": 0.049,
                        "Actual Rows": 1,
                        "Actual Loops": 2,
                        "Sort Key": [
                          "rt.id"
                        ],
                        "Sort Method": "quicksort",
                        "Sort Space Used": 25,
                        "Sort Space Type": "Memory",
                        "Workers": [
                          {
                            "Worker Number": 0,
                            "Sort Method": "quicksort",
                            "Sort Space Used": 25,
                            "Sort Space Type": "Memory"
                          }
                        ],
                        "Plans": [
                          {
                            "Node Type": "Seq Scan",
                            "Parent Relationship": "Outer",
                            "Parallel Aware": false,
                            "Relation Name": "role_type",
                            "Alias": "rt",
                            "Startup Cost": 0.0,
                            "Total Cost": 1.15,
                            "Plan Rows": 1,
                            "Plan Width": 4,
                            "Actual Startup Time": 0.033,
                            "Actual Total Time": 0.034,
                            "Actual Rows": 1,
                            "Actual Loops": 2,
                            "Filter": "((role)::text = 'actress'::text)",
                            "Rows Removed by Filter": 11
                          }
                        ]
                      }
                    ]
                  },
                  {
                    "Node Type": "Index Scan",
                    "Parent Relationship": "Inner",
                    "Parallel Aware": false,
                    "Scan Direction": "Forward",
                    "Index Name": "char_name_pkey",
                    "Relation Name": "char_name",
                    "Alias": "chn",
                    "Startup Cost": 0.43,
                    "Total Cost": 0.69,
                    "Plan Rows": 1,
                    "Plan Width": 20,
                    "Actual Startup Time": 0.002,
                    "Actual Total Time": 0.002,
                    "Actual Rows": 1,
                    "Actual Loops": 38422,
                    "Index Cond": "(id = ci.person_role_id)",
                    "Rows Removed by Index Recheck": 0
                  }
                ]
              }
            ]
          }
        ]
      }
    ]
  },
  "Planning Time": 1.727,
  "Triggers": [],
  "Execution Time": 5060.658
}