[
  {
    "Plan": {
      "Node Type": "Aggregate",
      "Strategy": "Plain",
      "Partial Mode": "Finalize",
      "Parallel Aware": false,
      "Startup Cost": 78992.4,
      "Total Cost": 78992.41,
      "Plan Rows": 1,
      "Plan Width": 8,
      "Actual Startup Time": 205.204,
      "Actual Total Time": 221.082,
      "Actual Rows": 1,
      "Actual Loops": 1,
      "Plans": [
        {
          "Node Type": "Gather",
          "Parent Relationship": "Outer",
          "Parallel Aware": false,
          "Startup Cost": 78992.08,
          "Total Cost": 78992.39,
          "Plan Rows": 3,
          "Plan Width": 8,
          "Actual Startup Time": 204.309,
          "Actual Total Time": 221.073,
          "Actual Rows": 4,
          "Actual Loops": 1,
          "Workers Planned": 3,
          "Workers Launched": 3,
          "Single Copy": false,
          "Plans": [
            {
              "Node Type": "Aggregate",
              "Strategy": "Plain",
              "Partial Mode": "Partial",
              "Parent Relationship": "Outer",
              "Parallel Aware": false,
              "Startup Cost": 77992.08,
              "Total Cost": 77992.09,
              "Plan Rows": 1,
              "Plan Width": 8,
              "Actual Startup Time": 195.717,
              "Actual Total Time": 195.72,
              "Actual Rows": 1,
              "Actual Loops": 4,
              "Plans": [
                {
                  "Node Type": "Hash Join",
                  "Parent Relationship": "Outer",
                  "Parallel Aware": true,
                  "Join Type": "Inner",
                  "Startup Cost": 45915.71,
                  "Total Cost": 77959.0,
                  "Plan Rows": 13231,
                  "Plan Width": 0,
                  "Actual Startup Time": 116.172,
                  "Actual Total Time": 195.703,
                  "Actual Rows": 124,
                  "Actual Loops": 4,
                  "Inner Unique": true,
                  "Hash Cond": "(mc.movie_id = t.id)",
                  "Plans": [
                    {
                      "Node Type": "Seq Scan",
                      "Parent Relationship": "Outer",
                      "Parallel Aware": true,
                      "Relation Name": "movie_companies",
                      "Alias": "mc",
                      "Startup Cost": 0.0,
                      "Total Cost": 31414.82,
                      "Plan Rows": 239418,
                      "Plan Width": 4,
                      "Actual Startup Time": 4.652,
                      "Actual Total Time": 65.085,
                      "Actual Rows": 130978,
                      "Actual Loops": 4,
                      "Filter": "((company_id > 7500) AND (company_type_id = 1))",
                      "Rows Removed by Filter": 521304
                    },
                    {
                      "Node Type": "Hash",
                      "Parent Relationship": "Inner",
                      "Parallel Aware": true,
                      "Startup Cost": 45479.1,
                      "Total Cost": 45479.1,
                      "Plan Rows": 34929,
                      "Plan Width": 4,
                      "Actual Startup Time": 108.83,
                      "Actual Total Time": 108.831,
                      "Actual Rows": 37665,
                      "Actual Loops": 4,
                      "Hash Buckets": 262144,
                      "Original Hash Buckets": 262144,
                      "Hash Batches": 1,
                      "Original Hash Batches": 1,
                      "Peak Memory Usage": 8032,
                      "Plans": [
                        {
                          "Node Type": "Seq Scan",
                          "Parent Relationship": "Outer",
                          "Parallel Aware": true,
                          "Relation Name": "title",
                          "Alias": "t",
                          "Startup Cost": 0.0,
                          "Total Cost": 45479.1,
                          "Plan Rows": 34929,
                          "Plan Width": 4,
                          "Actual Startup Time": 0.041,
                          "Actual Total Time": 94.676,
                          "Actual Rows": 37665,
                          "Actual Loops": 4,
                          "Filter": "((production_year > 2011) AND (kind_id = 7))",
                          "Rows Removed by Filter": 594413
                        }
                      ]
                    }
                  ]
                }
              ]
            }
          ]
        }
      ]
    },
    "Planning Time": 0.661,
    "Triggers": [],
    "Execution Time": 221.15
  }
]