[
  {
    "Plan": {
      "Node Type": "Aggregate",
      "Strategy": "Plain",
      "Partial Mode": "Finalize",
      "Parallel Aware": false,
      "Startup Cost": 46482.3,
      "Total Cost": 46482.31,
      "Plan Rows": 1,
      "Plan Width": 8,
      "Actual Startup Time": 133.598,
      "Actual Total Time": 155.076,
      "Actual Rows": 1,
      "Actual Loops": 1,
      "Plans": [
        {
          "Node Type": "Gather",
          "Parent Relationship": "Outer",
          "Parallel Aware": false,
          "Startup Cost": 46481.88,
          "Total Cost": 46482.29,
          "Plan Rows": 4,
          "Plan Width": 8,
          "Actual Startup Time": 133.157,
          "Actual Total Time": 155.055,
          "Actual Rows": 5,
          "Actual Loops": 1,
          "Workers Planned": 4,
          "Workers Launched": 4,
          "Single Copy": false,
          "Plans": [
            {
              "Node Type": "Aggregate",
              "Strategy": "Plain",
              "Partial Mode": "Partial",
              "Parent Relationship": "Outer",
              "Parallel Aware": false,
              "Startup Cost": 45481.88,
              "Total Cost": 45481.89,
              "Plan Rows": 1,
              "Plan Width": 8,
              "Actual Startup Time": 125.132,
              "Actual Total Time": 125.134,
              "Actual Rows": 1,
              "Actual Loops": 5,
              "Plans": [
                {
                  "Node Type": "Seq Scan",
                  "Parent Relationship": "Outer",
                  "Parallel Aware": true,
                  "Relation Name": "title",
                  "Alias": "t",
                  "Startup Cost": 0.0,
                  "Total Cost": 45479.59,
                  "Plan Rows": 919,
                  "Plan Width": 0,
                  "Actual Startup Time": 80.815,
                  "Actual Total Time": 124.862,
                  "Actual Rows": 1887,
                  "Actual Loops": 5,
                  "Filter": "((kind_id < 7) AND (production_year < 1902))",
                  "Rows Removed by Filter": 503776
                }
              ]
            }
          ]
        }
      ]
    },
    "Planning Time": 0.133,
    "Triggers": [],
    "Execution Time": 155.13
  }
]