{
  "Plan": {
    "Node Type": "Aggregate",
    "Strategy": "Plain",
    "Partial Mode": "Finalize",
    "Parallel Aware": false,
    "Startup Cost": 98833.6,
    "Total Cost": 98833.61,
    "Plan Rows": 1,
    "Plan Width": 8,
    "Actual Startup Time": 407.999,
    "Actual Total Time": 424.083,
    "Actual Rows": 1,
    "Actual Loops": 1,
    "Plans": [
      {
        "Node Type": "Gather",
        "Parent Relationship": "Outer",
        "Parallel Aware": false,
        "Startup Cost": 98833.49,
        "Total Cost": 98833.6,
        "Plan Rows": 1,
        "Plan Width": 8,
        "Actual Startup Time": 407.451,
        "Actual Total Time": 424.074,
        "Actual Rows": 2,
        "Actual Loops": 1,
        "Workers Planned": 1,
        "Workers Launched": 1,
        "Single Copy": false,
        "Plans": [
          {
            "Node Type": "Aggregate",
            "Strategy": "Plain",
            "Partial Mode": "Partial",
            "Parent Relationship": "Outer",
            "Parallel Aware": false,
            "Startup Cost": 97833.49,
            "Total Cost": 97833.5,
            "Plan Rows": 1,
            "Plan Width": 8,
            "Actual Startup Time": 401.938,
            "Actual Total Time": 401.941,
            "Actual Rows": 1,
            "Actual Loops": 2,
            "Plans": [
              {
                "Node Type": "Hash Join",
                "Parent Relationship": "Outer",
                "Parallel Aware": true,
                "Join Type": "Inner",
                "Startup Cost": 59434.12,
                "Total Cost": 97600.75,
                "Plan Rows": 93096,
                "Plan Width": 0,
                "Actual Startup Time": 161.649,
                "Actual Total Time": 398.115,
                "Actual Rows": 94315,
                "Actual Loops": 2,
                "Inner Unique": true,
                "Hash Cond": "(mc.movie_id = t.id)",
                "Plans": [
                  {
                    "Node Type": "Seq Scan",
                    "Parent Relationship": "Outer",
                    "Parallel Aware": true,
                    "Relation Name": "movie_companies",
                    "Alias": "mc",
                    "Startup Cost": 0.0,
                    "Total Cost": 34137.82,
                    "Plan Rows": 1534782,
                    "Plan Width": 4,
                    "Actual Startup Time": 0.013,
                    "Actual Total Time": 96.974,
                    "Actual Rows": 1304564,
                    "Actual Loops": 2
                  },
                  {
                    "Node Type": "Hash",
                    "Parent Relationship": "Inner",
                    "Parallel Aware": true,
                    "Startup Cost": 58306.47,
                    "Total Cost": 58306.47,
                    "Plan Rows": 90212,
                    "Plan Width": 4,
                    "Actual Startup Time": 158.129,
                    "Actual Total Time": 158.13,
                    "Actual Rows": 67380,
                    "Actual Loops": 2,
                    "Hash Buckets": 262144,
                    "Original Hash Buckets": 262144,
                    "Hash Batches": 1,
                    "Original Hash Batches": 1,
                    "Peak Memory Usage": 7328,
                    "Plans": [
                      {
                        "Node Type": "Seq Scan",
                        "Parent Relationship": "Outer",
                        "Parallel Aware": true,
                        "Relation Name": "title",
                        "Alias": "t",
                        "Startup Cost": 0.0,
                        "Total Cost": 58306.47,
                        "Plan Rows": 90212,
                        "Plan Width": 4,
                        "Actual Startup Time": 0.082,
                        "Actual Total Time": 141.056,
                        "Actual Rows": 67380,
                        "Actual Loops": 2,
                        "Filter": "((kind_id < 7) AND (production_year > 2010))",
                        "Rows Removed by Filter": 1196776
                      }
                    ]
                  }
                ]
              }
            ]
          }
        ]
      }
    ]
  },
  "Planning Time": 0.636,
  "Triggers": [],
  "Execution Time": 424.157
}