[
  {
    "Plan": {
      "Node Type": "Aggregate",
      "Strategy": "Plain",
      "Partial Mode": "Finalize",
      "Parallel Aware": false,
      "Startup Cost": 601652.96,
      "Total Cost": 601652.97,
      "Plan Rows": 1,
      "Plan Width": 8,
      "Actual Startup Time": 2834.254,
      "Actual Total Time": 2912.94,
      "Actual Rows": 1,
      "Actual Loops": 1,
      "Plans": [
        {
          "Node Type": "Gather",
          "Parent Relationship": "Outer",
          "Parallel Aware": false,
          "Startup Cost": 601652.34,
          "Total Cost": 601652.95,
          "Plan Rows": 6,
          "Plan Width": 8,
          "Actual Startup Time": 2808.631,
          "Actual Total Time": 2912.91,
          "Actual Rows": 7,
          "Actual Loops": 1,
          "Workers Planned": 6,
          "Workers Launched": 6,
          "Single Copy": false,
          "Plans": [
            {
              "Node Type": "Aggregate",
              "Strategy": "Plain",
              "Partial Mode": "Partial",
              "Parent Relationship": "Outer",
              "Parallel Aware": false,
              "Startup Cost": 600652.34,
              "Total Cost": 600652.35,
              "Plan Rows": 1,
              "Plan Width": 8,
              "Actual Startup Time": 2788.441,
              "Actual Total Time": 2789.122,
              "Actual Rows": 1,
              "Actual Loops": 7,
              "Plans": [
                {
                  "Node Type": "Hash Join",
                  "Parent Relationship": "Outer",
                  "Parallel Aware": true,
                  "Join Type": "Inner",
                  "Startup Cost": 257727.06,
                  "Total Cost": 595860.19,
                  "Plan Rows": 1916857,
                  "Plan Width": 0,
                  "Actual Startup Time": 1271.238,
                  "Actual Total Time": 2550.686,
                  "Actual Rows": 5014140,
                  "Actual Loops": 7,
                  "Inner Unique": false,
                  "Hash Cond": "(ci.movie_id = t.id)",
                  "Plans": [
                    {
                      "Node Type": "Seq Scan",
                      "Parent Relationship": "Outer",
                      "Parallel Aware": true,
                      "Relation Name": "cast_info",
                      "Alias": "ci",
                      "Startup Cost": 0.0,
                      "Total Cost": 328211.39,
                      "Plan Rows": 1623475,
                      "Plan Width": 4,
                      "Actual Startup Time": 295.297,
                      "Actual Total Time": 572.646,
                      "Actual Rows": 1378109,
                      "Actual Loops": 7,
                      "Filter": "(person_id > 2743356)",
                      "Rows Removed by Filter": 3799655
                    },
                    {
                      "Node Type": "Hash",
                      "Parent Relationship": "Inner",
                      "Parallel Aware": true,
                      "Startup Cost": 250263.71,
                      "Total Cost": 250263.71,
                      "Plan Rows": 597068,
                      "Plan Width": 8,
                      "Actual Startup Time": 969.431,
                      "Actual Total Time": 970.11,
                      "Actual Rows": 462007,
                      "Actual Loops": 7,
                      "Hash Buckets": 4194304,
                      "Original Hash Buckets": 4194304,
                      "Hash Batches": 1,
                      "Original Hash Batches": 1,
                      "Peak Memory Usage": 159392,
                      "Plans": [
                        {
                          "Node Type": "Hash Join",
                          "Parent Relationship": "Outer",
                          "Parallel Aware": true,
                          "Join Type": "Inner",
                          "Startup Cost": 48410.07,
                          "Total Cost": 250263.71,
                          "Plan Rows": 597068,
                          "Plan Width": 8,
                          "Actual Startup Time": 213.489,
                          "Actual Total Time": 769.929,
                          "Actual Rows": 462007,
                          "Actual Loops": 7,
                          "Inner Unique": true,
                          "Hash Cond": "(mi.movie_id = t.id)",
                          "Plans": [
                            {
                              "Node Type": "Seq Scan",
                              "Parent Relationship": "Outer",
                              "Parallel Aware": true,
                              "Relation Name": "movie_info",
                              "Alias": "mi",
                              "Startup Cost": 0.0,
                              "Total Cost": 199108.24,
                              "Plan Rows": 1045865,
                              "Plan Width": 4,
                              "Actual Startup Time": 15.304,
                              "Actual Total Time": 323.32,
                              "Actual Rows": 752938,
                              "Actual Loops": 7,
                              "Filter": "(info_type_id > 15)",
                              "Rows Removed by Filter": 1366450
                            },
                            {
                              "Node Type": "Hash",
                              "Parent Relationship": "Inner",
                              "Parallel Aware": true,
                              "Startup Cost": 43899.32,
                              "Total Cost": 43899.32,
                              "Plan Rows": 360860,
                              "Plan Width": 4,
                              "Actual Startup Time": 195.842,
                              "Actual Total Time": 195.843,
                              "Actual Rows": 206185,
                              "Actual Loops": 7,
                              "Hash Buckets": 2097152,
                              "Original Hash Buckets": 2097152,
                              "Hash Batches": 1,
                              "Original Hash Batches": 1,
                              "Peak Memory Usage": 72960,
                              "Plans": [
                                {
                                  "Node Type": "Seq Scan",
                                  "Parent Relationship": "Outer",
                                  "Parallel Aware": true,
                                  "Relation Name": "title",
                                  "Alias": "t",
                                  "Startup Cost": 0.0,
                                  "Total Cost": 43899.32,
                                  "Plan Rows": 360860,
                                  "Plan Width": 4,
                                  "Actual Startup Time": 0.063,
                                  "Actual Total Time": 86.046,
                                  "Actual Rows": 206185,
                                  "Actual Loops": 7,
                                  "Filter": "(production_year < 2006)",
                                  "Rows Removed by Filter": 155002
                                }
                              ]
                            }
                          ]
                        }
                      ]
                    }
                  ]
                }
              ]
            }
          ]
        }
      ]
    },
    "Planning Time": 0.846,
    "Triggers": [],
    "Execution Time": 2913.037
  }
]