[
  {
    "Plan": {
      "Node Type": "Aggregate",
      "Strategy": "Plain",
      "Partial Mode": "Finalize",
      "Parallel Aware": false,
      "Startup Cost": 395589.37,
      "Total Cost": 395589.38,
      "Plan Rows": 1,
      "Plan Width": 8,
      "Actual Startup Time": 1963.806,
      "Actual Total Time": 2034.609,
      "Actual Rows": 1,
      "Actual Loops": 1,
      "Plans": [
        {
          "Node Type": "Gather",
          "Parent Relationship": "Outer",
          "Parallel Aware": false,
          "Startup Cost": 395588.95,
          "Total Cost": 395589.36,
          "Plan Rows": 4,
          "Plan Width": 8,
          "Actual Startup Time": 1962.189,
          "Actual Total Time": 2034.597,
          "Actual Rows": 5,
          "Actual Loops": 1,
          "Workers Planned": 4,
          "Workers Launched": 4,
          "Single Copy": false,
          "Plans": [
            {
              "Node Type": "Aggregate",
              "Strategy": "Plain",
              "Partial Mode": "Partial",
              "Parent Relationship": "Outer",
              "Parallel Aware": false,
              "Startup Cost": 394588.95,
              "Total Cost": 394588.96,
              "Plan Rows": 1,
              "Plan Width": 8,
              "Actual Startup Time": 1954.87,
              "Actual Total Time": 1954.874,
              "Actual Rows": 1,
              "Actual Loops": 5,
              "Plans": [
                {
                  "Node Type": "Nested Loop",
                  "Parent Relationship": "Outer",
                  "Parallel Aware": false,
                  "Join Type": "Inner",
                  "Startup Cost": 33671.91,
                  "Total Cost": 389573.83,
                  "Plan Rows": 2006048,
                  "Plan Width": 0,
                  "Actual Startup Time": 159.544,
                  "Actual Total Time": 1872.825,
                  "Actual Rows": 1756208,
                  "Actual Loops": 5,
                  "Inner Unique": false,
                  "Plans": [
                    {
                      "Node Type": "Hash Join",
                      "Parent Relationship": "Outer",
                      "Parallel Aware": true,
                      "Join Type": "Inner",
                      "Startup Cost": 33671.34,
                      "Total Cost": 79601.85,
                      "Plan Rows": 139905,
                      "Plan Width": 8,
                      "Actual Startup Time": 159.453,
                      "Actual Total Time": 258.459,
                      "Actual Rows": 55799,
                      "Actual Loops": 5,
                      "Inner Unique": false,
                      "Hash Cond": "(t.id = mc.movie_id)",
                      "Plans": [
                        {
                          "Node Type": "Seq Scan",
                          "Parent Relationship": "Outer",
                          "Parallel Aware": true,
                          "Relation Name": "title",
                          "Alias": "t",
                          "Startup Cost": 0.0,
                          "Total Cost": 42318.81,
                          "Plan Rows": 632080,
                          "Plan Width": 4,
                          "Actual Startup Time": 0.014,
                          "Actual Total Time": 59.701,
                          "Actual Rows": 505662,
                          "Actual Loops": 5
                        },
                        {
                          "Node Type": "Hash",
                          "Parent Relationship": "Inner",
                          "Parallel Aware": true,
                          "Startup Cost": 31414.82,
                          "Total Cost": 31414.82,
                          "Plan Rows": 180522,
                          "Plan Width": 4,
                          "Actual Startup Time": 77.914,
                          "Actual Total Time": 77.915,
                          "Actual Rows": 55799,
                          "Actual Loops": 5,
                          "Hash Buckets": 1048576,
                          "Original Hash Buckets": 1048576,
                          "Hash Batches": 1,
                          "Original Hash Batches": 1,
                          "Peak Memory Usage": 19200,
                          "Plans": [
                            {
                              "Node Type": "Seq Scan",
                              "Parent Relationship": "Outer",
                              "Parallel Aware": true,
                              "Relation Name": "movie_companies",
                              "Alias": "mc",
                              "Startup Cost": 0.0,
                              "Total Cost": 31414.82,
                              "Plan Rows": 180522,
                              "Plan Width": 4,
                              "Actual Startup Time": 13.578,
                              "Actual Total Time": 59.477,
                              "Actual Rows": 55799,
                              "Actual Loops": 5,
                              "Filter": "((company_id > 13171) AND (company_type_id = 1))",
                              "Rows Removed by Filter": 466026
                            }
                          ]
                        }
                      ]
                    },
                    {
                      "Node Type": "Index Only Scan",
                      "Parent Relationship": "Inner",
                      "Parallel Aware": false,
                      "Scan Direction": "Forward",
                      "Index Name": "movie_id_cast_info",
                      "Relation Name": "cast_info",
                      "Alias": "ci",
                      "Startup Cost": 0.56,
                      "Total Cost": 1.84,
                      "Plan Rows": 38,
                      "Plan Width": 4,
                      "Actual Startup Time": 0.006,
                      "Actual Total Time": 0.027,
                      "Actual Rows": 31,
                      "Actual Loops": 278997,
                      "Index Cond": "(movie_id = t.id)",
                      "Rows Removed by Index Recheck": 0,
                      "Heap Fetches": 8781038
                    }
                  ]
                }
              ]
            }
          ]
        }
      ]
    },
    "Planning Time": 0.439,
    "Triggers": [],
    "Execution Time": 2034.669
  }
]