[
  {
    "Plan": {
      "Node Type": "Aggregate",
      "Strategy": "Plain",
      "Partial Mode": "Finalize",
      "Parallel Aware": false,
      "Startup Cost": 437796.62,
      "Total Cost": 437796.63,
      "Plan Rows": 1,
      "Plan Width": 8,
      "Actual Startup Time": 3040.361,
      "Actual Total Time": 3104.271,
      "Actual Rows": 1,
      "Actual Loops": 1,
      "Plans": [
        {
          "Node Type": "Gather",
          "Parent Relationship": "Outer",
          "Parallel Aware": false,
          "Startup Cost": 437796.0,
          "Total Cost": 437796.61,
          "Plan Rows": 6,
          "Plan Width": 8,
          "Actual Startup Time": 3034.828,
          "Actual Total Time": 3104.262,
          "Actual Rows": 7,
          "Actual Loops": 1,
          "Workers Planned": 6,
          "Workers Launched": 6,
          "Single Copy": false,
          "Plans": [
            {
              "Node Type": "Aggregate",
              "Strategy": "Plain",
              "Partial Mode": "Partial",
              "Parent Relationship": "Outer",
              "Parallel Aware": false,
              "Startup Cost": 436796.0,
              "Total Cost": 436796.01,
              "Plan Rows": 1,
              "Plan Width": 8,
              "Actual Startup Time": 3023.315,
              "Actual Total Time": 3023.32,
              "Actual Rows": 1,
              "Actual Loops": 7,
              "Plans": [
                {
                  "Node Type": "Hash Join",
                  "Parent Relationship": "Outer",
                  "Parallel Aware": true,
                  "Join Type": "Inner",
                  "Startup Cost": 94001.83,
                  "Total Cost": 433702.7,
                  "Plan Rows": 1237318,
                  "Plan Width": 0,
                  "Actual Startup Time": 339.167,
                  "Actual Total Time": 2612.312,
                  "Actual Rows": 10167783,
                  "Actual Loops": 7,
                  "Inner Unique": false,
                  "Hash Cond": "(ci.movie_id = t.id)",
                  "Plans": [
                    {
                      "Node Type": "Seq Scan",
                      "Parent Relationship": "Outer",
                      "Parallel Aware": true,
                      "Relation Name": "cast_info",
                      "Alias": "ci",
                      "Startup Cost": 0.0,
                      "Total Cost": 313067.02,
                      "Plan Rows": 6038002,
                      "Plan Width": 4,
                      "Actual Startup Time": 0.021,
                      "Actual Total Time": 522.93,
                      "Actual Rows": 5177763,
                      "Actual Loops": 7
                    },
                    {
                      "Node Type": "Hash",
                      "Parent Relationship": "Inner",
                      "Parallel Aware": true,
                      "Startup Cost": 91912.7,
                      "Total Cost": 91912.7,
                      "Plan Rows": 167130,
                      "Plan Width": 8,
                      "Actual Startup Time": 336.823,
                      "Actual Total Time": 336.827,
                      "Actual Rows": 184809,
                      "Actual Loops": 7,
                      "Hash Buckets": 2097152,
                      "Original Hash Buckets": 524288,
                      "Hash Batches": 1,
                      "Original Hash Batches": 1,
                      "Peak Memory Usage": 79392,
                      "Plans": [
                        {
                          "Node Type": "Hash Join",
                          "Parent Relationship": "Outer",
                          "Parallel Aware": true,
                          "Join Type": "Inner",
                          "Startup Cost": 47511.77,
                          "Total Cost": 91912.7,
                          "Plan Rows": 167130,
                          "Plan Width": 8,
                          "Actual Startup Time": 133.482,
                          "Actual Total Time": 254.08,
                          "Actual Rows": 184809,
                          "Actual Loops": 7,
                          "Inner Unique": true,
                          "Hash Cond": "(mk.movie_id = t.id)",
                          "Plans": [
                            {
                              "Node Type": "Seq Scan",
                              "Parent Relationship": "Outer",
                              "Parallel Aware": true,
                              "Relation Name": "movie_keyword",
                              "Alias": "mk",
                              "Startup Cost": 0.0,
                              "Total Cost": 42695.65,
                              "Plan Rows": 649628,
                              "Plan Width": 4,
                              "Actual Startup Time": 0.261,
                              "Actual Total Time": 70.578,
                              "Actual Rows": 287579,
                              "Actual Loops": 7,
                              "Filter": "(keyword_id > 6194)",
                              "Rows Removed by Filter": 358696
                            },
                            {
                              "Node Type": "Hash",
                              "Parent Relationship": "Inner",
                              "Parallel Aware": true,
                              "Startup Cost": 45479.1,
                              "Total Cost": 45479.1,
                              "Plan Rows": 162614,
                              "Plan Width": 4,
                              "Actual Startup Time": 131.375,
                              "Actual Total Time": 131.376,
                              "Actual Rows": 98008,
                              "Actual Loops": 7,
                              "Hash Buckets": 1048576,
                              "Original Hash Buckets": 1048576,
                              "Hash Batches": 1,
                              "Original Hash Batches": 1,
                              "Peak Memory Usage": 35168,
                              "Plans": [
                                {
                                  "Node Type": "Seq Scan",
                                  "Parent Relationship": "Outer",
                                  "Parallel Aware": true,
                                  "Relation Name": "title",
                                  "Alias": "t",
                                  "Startup Cost": 0.0,
                                  "Total Cost": 45479.1,
                                  "Plan Rows": 162614,
                                  "Plan Width": 4,
                                  "Actual Startup Time": 0.057,
                                  "Actual Total Time": 78.471,
                                  "Actual Rows": 98008,
                                  "Actual Loops": 7,
                                  "Filter": "((kind_id < 4) AND (production_year < 2010))",
                                  "Rows Removed by Filter": 263180
                                }
                              ]
                            }
                          ]
                        }
                      ]
                    }
                  ]
                }
              ]
            }
          ]
        }
      ]
    },
    "Planning Time": 1.396,
    "Triggers": [],
    "Execution Time": 3104.381
  }
]