[
  {
    "Plan": {
      "Node Type": "Aggregate",
      "Strategy": "Plain",
      "Partial Mode": "Finalize",
      "Parallel Aware": false,
      "Startup Cost": 44819.11,
      "Total Cost": 44819.12,
      "Plan Rows": 1,
      "Plan Width": 8,
      "Actual Startup Time": 127.442,
      "Actual Total Time": 135.476,
      "Actual Rows": 1,
      "Actual Loops": 1,
      "Plans": [
        {
          "Node Type": "Gather",
          "Parent Relationship": "Outer",
          "Parallel Aware": false,
          "Startup Cost": 44818.79,
          "Total Cost": 44819.1,
          "Plan Rows": 3,
          "Plan Width": 8,
          "Actual Startup Time": 127.294,
          "Actual Total Time": 135.467,
          "Actual Rows": 4,
          "Actual Loops": 1,
          "Workers Planned": 3,
          "Workers Launched": 3,
          "Single Copy": false,
          "Plans": [
            {
              "Node Type": "Aggregate",
              "Strategy": "Plain",
              "Partial Mode": "Partial",
              "Parent Relationship": "Outer",
              "Parallel Aware": false,
              "Startup Cost": 43818.79,
              "Total Cost": 43818.8,
              "Plan Rows": 1,
              "Plan Width": 8,
              "Actual Startup Time": 121.921,
              "Actual Total Time": 121.922,
              "Actual Rows": 1,
              "Actual Loops": 4,
              "Plans": [
                {
                  "Node Type": "Seq Scan",
                  "Parent Relationship": "Outer",
                  "Parallel Aware": true,
                  "Relation Name": "movie_keyword",
                  "Alias": "mk",
                  "Startup Cost": 0.0,
                  "Total Cost": 42695.65,
                  "Plan Rows": 449256,
                  "Plan Width": 0,
                  "Actual Startup Time": 0.053,
                  "Actual Total Time": 104.788,
                  "Actual Rows": 350765,
                  "Actual Loops": 4,
                  "Filter": "(keyword_id < 1907)",
                  "Rows Removed by Filter": 780218
                }
              ]
            }
          ]
        }
      ]
    },
    "Planning Time": 0.173,
    "Triggers": [],
    "Execution Time": 135.529
  }
]