[
  {
    "Bao": {
      "Bao prediction": 834.075,
      "Bao recommended hint": "SET enable_nestloop TO off; "
    }
  },
  {
    "Plan": {
      "Node Type": "Aggregate",
      "Strategy": "Plain",
      "Partial Mode": "Simple",
      "Parallel Aware": false,
      "Startup Cost": 103682.59,
      "Total Cost": 103682.6,
      "Plan Rows": 1,
      "Plan Width": 64,
      "Actual Startup Time": 565.881,
      "Actual Total Time": 583.728,
      "Actual Rows": 1,
      "Actual Loops": 1,
      "Plans": [
        {
          "Node Type": "Gather",
          "Parent Relationship": "Outer",
          "Parallel Aware": false,
          "Startup Cost": 66712.93,
          "Total Cost": 103682.58,
          "Plan Rows": 1,
          "Plan Width": 22,
          "Actual Startup Time": 519.785,
          "Actual Total Time": 583.5,
          "Actual Rows": 925,
          "Actual Loops": 1,
          "Workers Planned": 4,
          "Workers Launched": 4,
          "Single Copy": false,
          "Plans": [
            {
              "Node Type": "Hash Join",
              "Parent Relationship": "Outer",
              "Parallel Aware": true,
              "Join Type": "Inner",
              "Startup Cost": 65712.93,
              "Total Cost": 102682.48,
              "Plan Rows": 1,
              "Plan Width": 22,
              "Actual Startup Time": 514.374,
              "Actual Total Time": 552.036,
              "Actual Rows": 185,
              "Actual Loops": 5,
              "Inner Unique": false,
              "Hash Cond": "(t.id = mi_idx.movie_id)",
              "Plans": [
                {
                  "Node Type": "Bitmap Heap Scan",
                  "Parent Relationship": "Outer",
                  "Parallel Aware": true,
                  "Relation Name": "title",
                  "Alias": "t",
                  "Startup Cost": 4481.83,
                  "Total Cost": 41227.16,
                  "Plan Rows": 59787,
                  "Plan Width": 21,
                  "Actual Startup Time": 46.328,
                  "Actual Total Time": 113.79,
                  "Actual Rows": 48280,
                  "Actual Loops": 5,
                  "Recheck Cond": "(production_year < 1960)",
                  "Rows Removed by Index Recheck": 0,
                  "Exact Heap Blocks": 4713,
                  "Lossy Heap Blocks": 0,
                  "Plans": [
                    {
                      "Node Type": "Bitmap Index Scan",
                      "Parent Relationship": "Outer",
                      "Parallel Aware": false,
                      "Index Name": "idx_title_production_year",
                      "Startup Cost": 0.0,
                      "Total Cost": 4422.04,
                      "Plan Rows": 239148,
                      "Plan Width": 0,
                      "Actual Startup Time": 40.136,
                      "Actual Total Time": 40.136,
                      "Actual Rows": 241400,
                      "Actual Loops": 1,
                      "Index Cond": "(production_year < 1960)"
                    }
                  ]
                },
                {
                  "Node Type": "Hash",
                  "Parent Relationship": "Inner",
                  "Parallel Aware": true,
                  "Startup Cost": 61231.08,
                  "Total Cost": 61231.08,
                  "Plan Rows": 2,
                  "Plan Width": 13,
                  "Actual Startup Time": 427.538,
                  "Actual Total Time": 427.546,
                  "Actual Rows": 1164,
                  "Actual Loops": 5,
                  "Hash Buckets": 8192,
                  "Original Hash Buckets": 1024,
                  "Hash Batches": 1,
                  "Original Hash Batches": 1,
                  "Peak Memory Usage": 504,
                  "Plans": [
                    {
                      "Node Type": "Hash Join",
                      "Parent Relationship": "Outer",
                      "Parallel Aware": true,
                      "Join Type": "Inner",
                      "Startup Cost": 45508.67,
                      "Total Cost": 61231.08,
                      "Plan Rows": 2,
                      "Plan Width": 13,
                      "Actual Startup Time": 326.428,
                      "Actual Total Time": 396.641,
                      "Actual Rows": 1164,
                      "Actual Loops": 5,
                      "Inner Unique": false,
                      "Hash Cond": "(mi_idx.movie_id = mk.movie_id)",
                      "Plans": [
                        {
                          "Node Type": "Hash Join",
                          "Parent Relationship": "Outer",
                          "Parallel Aware": false,
                          "Join Type": "Inner",
                          "Startup Cost": 2.43,
                          "Total Cost": 15717.61,
                          "Plan Rows": 1925,
                          "Plan Width": 9,
                          "Actual Startup Time": 0.184,
                          "Actual Total Time": 61.049,
                          "Actual Rows": 70598,
                          "Actual Loops": 5,
                          "Inner Unique": true,
                          "Hash Cond": "(mi_idx.info_type_id = it.id)",
                          "Plans": [
                            {
                              "Node Type": "Seq Scan",
                              "Parent Relationship": "Outer",
                              "Parallel Aware": true,
                              "Relation Name": "movie_info_idx",
                              "Alias": "mi_idx",
                              "Startup Cost": 0.0,
                              "Total Cost": 15122.68,
                              "Plan Rows": 217558,
                              "Plan Width": 13,
                              "Actual Startup Time": 0.034,
                              "Actual Total Time": 44.951,
                              "Actual Rows": 103536,
                              "Actual Loops": 5,
                              "Filter": "(info > '5.0'::text)",
                              "Rows Removed by Filter": 172471
                            },
                            {
                              "Node Type": "Hash",
                              "Parent Relationship": "Inner",
                              "Parallel Aware": false,
                              "Startup Cost": 2.41,
                              "Total Cost": 2.41,
                              "Plan Rows": 1,
                              "Plan Width": 4,
                              "Actual Startup Time": 0.073,
                              "Actual Total Time": 0.074,
                              "Actual Rows": 1,
                              "Actual Loops": 5,
                              "Hash Buckets": 1024,
                              "Original Hash Buckets": 1024,
                              "Hash Batches": 1,
                              "Original Hash Batches": 1,
                              "Peak Memory Usage": 9,
                              "Plans": [
                                {
                                  "Node Type": "Seq Scan",
                                  "Parent Relationship": "Outer",
                                  "Parallel Aware": false,
                                  "Relation Name": "info_type",
                                  "Alias": "it",
                                  "Startup Cost": 0.0,
                                  "Total Cost": 2.41,
                                  "Plan Rows": 1,
                                  "Plan Width": 4,
                                  "Actual Startup Time": 0.058,
                                  "Actual Total Time": 0.062,
                                  "Actual Rows": 1,
                                  "Actual Loops": 5,
                                  "Filter": "((info)::text = 'rating'::text)",
                                  "Rows Removed by Filter": 112
                                }
                              ]
                            }
                          ]
                        },
                        {
                          "Node Type": "Hash",
                          "Parent Relationship": "Inner",
                          "Parallel Aware": true,
                          "Startup Cost": 45504.48,
                          "Total Cost": 45504.48,
                          "Plan Rows": 141,
                          "Plan Width": 4,
                          "Actual Startup Time": 324.544,
                          "Actual Total Time": 324.547,
                          "Actual Rows": 2590,
                          "Actual Loops": 5,
                          "Hash Buckets": 16384,
                          "Original Hash Buckets": 1024,
                          "Hash Batches": 1,
                          "Original Hash Batches": 1,
                          "Peak Memory Usage": 888,
                          "Plans": [
                            {
                              "Node Type": "Hash Join",
                              "Parent Relationship": "Outer",
                              "Parallel Aware": false,
                              "Join Type": "Inner",
                              "Startup Cost": 2626.29,
                              "Total Cost": 45504.48,
                              "Plan Rows": 141,
                              "Plan Width": 4,
                              "Actual Startup Time": 37.974,
                              "Actual Total Time": 226.304,
                              "Actual Rows": 2590,
                              "Actual Loops": 5,
                              "Inner Unique": true,
                              "Hash Cond": "(mk.keyword_id = k.id)",
                              "Plans": [
                                {
                                  "Node Type": "Seq Scan",
                                  "Parent Relationship": "Outer",
                                  "Parallel Aware": true,
                                  "Relation Name": "movie_keyword",
                                  "Alias": "mk",
                                  "Startup Cost": 0.0,
                                  "Total Cost": 39047.32,
                                  "Plan Rows": 1459332,
                                  "Plan Width": 8,
                                  "Actual Startup Time": 0.044,
                                  "Actual Total Time": 103.863,
                                  "Actual Rows": 904786,
                                  "Actual Loops": 5
                                },
                                {
                                  "Node Type": "Hash",
                                  "Parent Relationship": "Inner",
                                  "Parallel Aware": false,
                                  "Startup Cost": 2626.12,
                                  "Total Cost": 2626.12,
                                  "Plan Rows": 13,
                                  "Plan Width": 4,
                                  "Actual Startup Time": 37.458,
                                  "Actual Total Time": 37.459,
                                  "Actual Rows": 30,
                                  "Actual Loops": 5,
                                  "Hash Buckets": 1024,
                                  "Original Hash Buckets": 1024,
                                  "Hash Batches": 1,
                                  "Original Hash Batches": 1,
                                  "Peak Memory Usage": 10,
                                  "Plans": [
                                    {
                                      "Node Type": "Seq Scan",
                                      "Parent Relationship": "Outer",
                                      "Parallel Aware": false,
                                      "Relation Name": "keyword",
                                      "Alias": "k",
                                      "Startup Cost": 0.0,
                                      "Total Cost": 2626.12,
                                      "Plan Rows": 13,
                                      "Plan Width": 4,
                                      "Actual Startup Time": 3.561,
                                      "Actual Total Time": 37.384,
                                      "Actual Rows": 30,
                                      "Actual Loops": 5,
                                      "Filter": "(keyword ~~ '%sequel%'::text)",
                                      "Rows Removed by Filter": 134140
                                    }
                                  ]
                                }
                              ]
                            }
                          ]
                        }
                      ]
                    }
                  ]
                }
              ]
            }
          ]
        }
      ]
    },
    "Planning Time": 415.595,
    "Triggers": [],
    "Execution Time": 584.341
  }
]