{
  "Plan": {
    "Node Type": "Aggregate",
    "Strategy": "Plain",
    "Partial Mode": "Finalize",
    "Parallel Aware": false,
    "Startup Cost": 83859.67,
    "Total Cost": 83859.68,
    "Plan Rows": 1,
    "Plan Width": 8,
    "Actual Startup Time": 313.379,
    "Actual Total Time": 325.403,
    "Actual Rows": 1,
    "Actual Loops": 1,
    "Plans": [
      {
        "Node Type": "Gather",
        "Parent Relationship": "Outer",
        "Parallel Aware": false,
        "Startup Cost": 83859.56,
        "Total Cost": 83859.67,
        "Plan Rows": 1,
        "Plan Width": 8,
        "Actual Startup Time": 313.029,
        "Actual Total Time": 325.395,
        "Actual Rows": 2,
        "Actual Loops": 1,
        "Workers Planned": 1,
        "Workers Launched": 1,
        "Single Copy": false,
        "Plans": [
          {
            "Node Type": "Aggregate",
            "Strategy": "Plain",
            "Partial Mode": "Partial",
            "Parent Relationship": "Outer",
            "Parallel Aware": false,
            "Startup Cost": 82859.56,
            "Total Cost": 82859.57,
            "Plan Rows": 1,
            "Plan Width": 8,
            "Actual Startup Time": 309.699,
            "Actual Total Time": 309.703,
            "Actual Rows": 1,
            "Actual Loops": 2,
            "Plans": [
              {
                "Node Type": "Hash Join",
                "Parent Relationship": "Outer",
                "Parallel Aware": true,
                "Join Type": "Inner",
                "Startup Cost": 22228.17,
                "Total Cost": 82720.61,
                "Plan Rows": 55579,
                "Plan Width": 0,
                "Actual Startup Time": 216.665,
                "Actual Total Time": 307.838,
                "Actual Rows": 44832,
                "Actual Loops": 2,
                "Inner Unique": false,
                "Hash Cond": "(t.id = mc.movie_id)",
                "Plans": [
                  {
                    "Node Type": "Seq Scan",
                    "Parent Relationship": "Outer",
                    "Parallel Aware": true,
                    "Relation Name": "title",
                    "Alias": "t",
                    "Startup Cost": 0.0,
                    "Total Cost": 50870.31,
                    "Plan Rows": 1487231,
                    "Plan Width": 4,
                    "Actual Startup Time": 0.01,
                    "Actual Total Time": 115.509,
                    "Actual Rows": 1264156,
                    "Actual Loops": 2
                  },
                  {
                    "Node Type": "Hash",
                    "Parent Relationship": "Inner",
                    "Parallel Aware": true,
                    "Startup Cost": 21533.43,
                    "Total Cost": 21533.43,
                    "Plan Rows": 55579,
                    "Plan Width": 4,
                    "Actual Startup Time": 43.269,
                    "Actual Total Time": 43.271,
                    "Actual Rows": 44832,
                    "Actual Loops": 2,
                    "Hash Buckets": 131072,
                    "Original Hash Buckets": 131072,
                    "Hash Batches": 1,
                    "Original Hash Batches": 1,
                    "Peak Memory Usage": 4576,
                    "Plans": [
                      {
                        "Node Type": "Bitmap Heap Scan",
                        "Parent Relationship": "Outer",
                        "Parallel Aware": true,
                        "Relation Name": "movie_companies",
                        "Alias": "mc",
                        "Startup Cost": 2048.69,
                        "Total Cost": 21533.43,
                        "Plan Rows": 55579,
                        "Plan Width": 4,
                        "Actual Startup Time": 10.82,
                        "Actual Total Time": 30.441,
                        "Actual Rows": 44832,
                        "Actual Loops": 2,
                        "Recheck Cond": "(company_id > 163904)",
                        "Rows Removed by Index Recheck": 0,
                        "Exact Heap Blocks": 2135,
                        "Lossy Heap Blocks": 0,
                        "Plans": [
                          {
                            "Node Type": "Bitmap Index Scan",
                            "Parent Relationship": "Outer",
                            "Parallel Aware": false,
                            "Index Name": "company_id_movie_companies",
                            "Startup Cost": 0.0,
                            "Total Cost": 2025.07,
                            "Plan Rows": 94485,
                            "Plan Width": 0,
                            "Actual Startup Time": 10.55,
                            "Actual Total Time": 10.551,
                            "Actual Rows": 89664,
                            "Actual Loops": 1,
                            "Index Cond": "(company_id > 163904)"
                          }
                        ]
                      }
                    ]
                  }
                ]
              }
            ]
          }
        ]
      }
    ]
  },
  "Planning Time": 0.618,
  "Triggers": [],
  "Execution Time": 325.494
}