[
  {
    "Plan": {
      "Node Type": "Aggregate",
      "Strategy": "Plain",
      "Partial Mode": "Finalize",
      "Parallel Aware": false,
      "Startup Cost": 164638.98,
      "Total Cost": 164638.99,
      "Plan Rows": 1,
      "Plan Width": 8,
      "Actual Startup Time": 156.503,
      "Actual Total Time": 186.879,
      "Actual Rows": 1,
      "Actual Loops": 1,
      "Plans": [
        {
          "Node Type": "Gather",
          "Parent Relationship": "Outer",
          "Parallel Aware": false,
          "Startup Cost": 164638.56,
          "Total Cost": 164638.97,
          "Plan Rows": 4,
          "Plan Width": 8,
          "Actual Startup Time": 156.216,
          "Actual Total Time": 186.868,
          "Actual Rows": 5,
          "Actual Loops": 1,
          "Workers Planned": 4,
          "Workers Launched": 4,
          "Single Copy": false,
          "Plans": [
            {
              "Node Type": "Aggregate",
              "Strategy": "Plain",
              "Partial Mode": "Partial",
              "Parent Relationship": "Outer",
              "Parallel Aware": false,
              "Startup Cost": 163638.56,
              "Total Cost": 163638.57,
              "Plan Rows": 1,
              "Plan Width": 8,
              "Actual Startup Time": 147.554,
              "Actual Total Time": 147.556,
              "Actual Rows": 1,
              "Actual Loops": 5,
              "Plans": [
                {
                  "Node Type": "Nested Loop",
                  "Parent Relationship": "Outer",
                  "Parallel Aware": false,
                  "Join Type": "Inner",
                  "Startup Cost": 0.43,
                  "Total Cost": 163636.23,
                  "Plan Rows": 931,
                  "Plan Width": 0,
                  "Actual Startup Time": 64.087,
                  "Actual Total Time": 147.326,
                  "Actual Rows": 1621,
                  "Actual Loops": 5,
                  "Inner Unique": false,
                  "Plans": [
                    {
                      "Node Type": "Seq Scan",
                      "Parent Relationship": "Outer",
                      "Parallel Aware": true,
                      "Relation Name": "title",
                      "Alias": "t",
                      "Startup Cost": 0.0,
                      "Total Cost": 45479.59,
                      "Plan Rows": 1072,
                      "Plan Width": 4,
                      "Actual Startup Time": 63.906,
                      "Actual Total Time": 90.42,
                      "Actual Rows": 2247,
                      "Actual Loops": 5,
                      "Filter": "((kind_id < 7) AND (production_year < 1903))",
                      "Rows Removed by Filter": 503416
                    },
                    {
                      "Node Type": "Index Scan",
                      "Parent Relationship": "Inner",
                      "Parallel Aware": false,
                      "Scan Direction": "Forward",
                      "Index Name": "movie_id_movie_info",
                      "Relation Name": "movie_info",
                      "Alias": "mi",
                      "Startup Cost": 0.43,
                      "Total Cost": 110.16,
                      "Plan Rows": 6,
                      "Plan Width": 4,
                      "Actual Startup Time": 0.018,
                      "Actual Total Time": 0.025,
                      "Actual Rows": 1,
                      "Actual Loops": 11233,
                      "Index Cond": "(movie_id = t.id)",
                      "Rows Removed by Index Recheck": 0,
                      "Filter": "(info_type_id > 16)",
                      "Rows Removed by Filter": 8
                    }
                  ]
                }
              ]
            }
          ]
        }
      ]
    },
    "Planning Time": 0.684,
    "Triggers": [],
    "Execution Time": 186.959
  }
]