[
  {
    "Plan": {
      "Node Type": "Aggregate",
      "Strategy": "Plain",
      "Partial Mode": "Finalize",
      "Parallel Aware": false,
      "Startup Cost": 88508.81,
      "Total Cost": 88508.82,
      "Plan Rows": 1,
      "Plan Width": 8,
      "Actual Startup Time": 312.767,
      "Actual Total Time": 330.349,
      "Actual Rows": 1,
      "Actual Loops": 1,
      "Plans": [
        {
          "Node Type": "Gather",
          "Parent Relationship": "Outer",
          "Parallel Aware": false,
          "Startup Cost": 88508.49,
          "Total Cost": 88508.8,
          "Plan Rows": 3,
          "Plan Width": 8,
          "Actual Startup Time": 311.711,
          "Actual Total Time": 330.341,
          "Actual Rows": 4,
          "Actual Loops": 1,
          "Workers Planned": 3,
          "Workers Launched": 3,
          "Single Copy": false,
          "Plans": [
            {
              "Node Type": "Aggregate",
              "Strategy": "Plain",
              "Partial Mode": "Partial",
              "Parent Relationship": "Outer",
              "Parallel Aware": false,
              "Startup Cost": 87508.49,
              "Total Cost": 87508.5,
              "Plan Rows": 1,
              "Plan Width": 8,
              "Actual Startup Time": 304.899,
              "Actual Total Time": 304.902,
              "Actual Rows": 1,
              "Actual Loops": 4,
              "Plans": [
                {
                  "Node Type": "Hash Join",
                  "Parent Relationship": "Outer",
                  "Parallel Aware": true,
                  "Join Type": "Inner",
                  "Startup Cost": 44399.47,
                  "Total Cost": 87277.55,
                  "Plan Rows": 92375,
                  "Plan Width": 0,
                  "Actual Startup Time": 113.791,
                  "Actual Total Time": 303.579,
                  "Actual Rows": 26894,
                  "Actual Loops": 4,
                  "Inner Unique": true,
                  "Hash Cond": "(mk.movie_id = t.id)",
                  "Plans": [
                    {
                      "Node Type": "Seq Scan",
                      "Parent Relationship": "Outer",
                      "Parallel Aware": true,
                      "Relation Name": "movie_keyword",
                      "Alias": "mk",
                      "Startup Cost": 0.0,
                      "Total Cost": 39047.32,
                      "Plan Rows": 1459332,
                      "Plan Width": 4,
                      "Actual Startup Time": 0.027,
                      "Actual Total Time": 92.696,
                      "Actual Rows": 1130982,
                      "Actual Loops": 4
                    },
                    {
                      "Node Type": "Hash",
                      "Parent Relationship": "Inner",
                      "Parallel Aware": true,
                      "Startup Cost": 43899.32,
                      "Total Cost": 43899.32,
                      "Plan Rows": 40012,
                      "Plan Width": 4,
                      "Actual Startup Time": 112.142,
                      "Actual Total Time": 112.143,
                      "Actual Rows": 41077,
                      "Actual Loops": 4,
                      "Hash Buckets": 262144,
                      "Original Hash Buckets": 262144,
                      "Hash Batches": 1,
                      "Original Hash Batches": 1,
                      "Peak Memory Usage": 8512,
                      "Plans": [
                        {
                          "Node Type": "Seq Scan",
                          "Parent Relationship": "Outer",
                          "Parallel Aware": true,
                          "Relation Name": "title",
                          "Alias": "t",
                          "Startup Cost": 0.0,
                          "Total Cost": 43899.32,
                          "Plan Rows": 40012,
                          "Plan Width": 4,
                          "Actual Startup Time": 0.042,
                          "Actual Total Time": 95.657,
                          "Actual Rows": 41077,
                          "Actual Loops": 4,
                          "Filter": "(production_year = 2012)",
                          "Rows Removed by Filter": 591001
                        }
                      ]
                    }
                  ]
                }
              ]
            }
          ]
        }
      ]
    },
    "Planning Time": 0.293,
    "Triggers": [],
    "Execution Time": 330.391
  }
]