[
    {
        "Bao": {
            "Bao prediction": "NaN",
            "Bao recommended hint": "(no hint)"
        }
    },
    {
        "Plan": {
            "Node Type": "Aggregate",
            "Strategy": "Plain",
            "Partial Mode": "Finalize",
            "Parallel Aware": false,
            "Startup Cost": 218722.26,
            "Total Cost": 218722.27,
            "Plan Rows": 1,
            "Plan Width": 8,
            "Actual Startup Time": 1396.052,
            "Actual Total Time": 1434.477,
            "Actual Rows": 1,
            "Actual Loops": 1,
            "Output": [
                "count(*)"
            ],
            "Plans": [
                {
                    "Node Type": "Gather",
                    "Parent Relationship": "Outer",
                    "Parallel Aware": false,
                    "Startup Cost": 218721.74,
                    "Total Cost": 218722.25,
                    "Plan Rows": 5,
                    "Plan Width": 8,
                    "Actual Startup Time": 1392.354,
                    "Actual Total Time": 1434.47,
                    "Actual Rows": 6,
                    "Actual Loops": 1,
                    "Output": [
                        "(PARTIAL count(*))"
                    ],
                    "Workers Planned": 5,
                    "Workers Launched": 5,
                    "Single Copy": false,
                    "Plans": [
                        {
                            "Node Type": "Aggregate",
                            "Strategy": "Plain",
                            "Partial Mode": "Partial",
                            "Parent Relationship": "Outer",
                            "Parallel Aware": false,
                            "Startup Cost": 217721.74,
                            "Total Cost": 217721.75,
                            "Plan Rows": 1,
                            "Plan Width": 8,
                            "Actual Startup Time": 1381.644,
                            "Actual Total Time": 1381.647,
                            "Actual Rows": 1,
                            "Actual Loops": 6,
                            "Output": [
                                "PARTIAL count(*)"
                            ],
                            "Workers": [
                                {
                                    "Worker Number": 0,
                                    "Actual Startup Time": 1379.084,
                                    "Actual Total Time": 1379.087,
                                    "Actual Rows": 1,
                                    "Actual Loops": 1
                                },
                                {
                                    "Worker Number": 1,
                                    "Actual Startup Time": 1379.8,
                                    "Actual Total Time": 1379.802,
                                    "Actual Rows": 1,
                                    "Actual Loops": 1
                                },
                                {
                                    "Worker Number": 2,
                                    "Actual Startup Time": 1379.0,
                                    "Actual Total Time": 1379.002,
                                    "Actual Rows": 1,
                                    "Actual Loops": 1
                                },
                                {
                                    "Worker Number": 3,
                                    "Actual Startup Time": 1379.637,
                                    "Actual Total Time": 1379.64,
                                    "Actual Rows": 1,
                                    "Actual Loops": 1
                                },
                                {
                                    "Worker Number": 4,
                                    "Actual Startup Time": 1380.336,
                                    "Actual Total Time": 1380.339,
                                    "Actual Rows": 1,
                                    "Actual Loops": 1
                                }
                            ],
                            "Plans": [
                                {
                                    "Node Type": "Nested Loop",
                                    "Parent Relationship": "Outer",
                                    "Parallel Aware": false,
                                    "Join Type": "Inner",
                                    "Startup Cost": 96889.46,
                                    "Total Cost": 217230.21,
                                    "Plan Rows": 196610,
                                    "Plan Width": 0,
                                    "Actual Startup Time": 411.551,
                                    "Actual Total Time": 1317.968,
                                    "Actual Rows": 1211041,
                                    "Actual Loops": 6,
                                    "Inner Unique": false,
                                    "Join Filter": "(t.id = mi.movie_id)",
                                    "Rows Removed by Join Filter": 0,
                                    "Workers": [
                                        {
                                            "Worker Number": 0,
                                            "Actual Startup Time": 477.474,
                                            "Actual Total Time": 1319.684,
                                            "Actual Rows": 827356,
                                            "Actual Loops": 1
                                        },
                                        {
                                            "Worker Number": 1,
                                            "Actual Startup Time": 491.825,
                                            "Actual Total Time": 1318.355,
                                            "Actual Rows": 857559,
                                            "Actual Loops": 1
                                        },
                                        {
                                            "Worker Number": 2,
                                            "Actual Startup Time": 350.036,
                                            "Actual Total Time": 1315.75,
                                            "Actual Rows": 1430599,
                                            "Actual Loops": 1
                                        },
                                        {
                                            "Worker Number": 3,
                                            "Actual Startup Time": 350.227,
                                            "Actual Total Time": 1313.66,
                                            "Actual Rows": 1490582,
                                            "Actual Loops": 1
                                        },
                                        {
                                            "Worker Number": 4,
                                            "Actual Startup Time": 492.304,
                                            "Actual Total Time": 1318.345,
                                            "Actual Rows": 864994,
                                            "Actual Loops": 1
                                        }
                                    ],
                                    "Plans": [
                                        {
                                            "Node Type": "Merge Join",
                                            "Parent Relationship": "Outer",
                                            "Parallel Aware": false,
                                            "Join Type": "Inner",
                                            "Startup Cost": 96889.03,
                                            "Total Cost": 142046.87,
                                            "Plan Rows": 33690,
                                            "Plan Width": 8,
                                            "Actual Startup Time": 411.463,
                                            "Actual Total Time": 594.045,
                                            "Actual Rows": 65072,
                                            "Actual Loops": 6,
                                            "Output": [
                                                "t.id",
                                                "mi_idx.movie_id"
                                            ],
                                            "Inner Unique": true,
                                            "Merge Cond": "(mi_idx.movie_id = t.id)",
                                            "Workers": [
                                                {
                                                    "Worker Number": 0,
                                                    "Actual Startup Time": 477.369,
                                                    "Actual Total Time": 654.776,
                                                    "Actual Rows": 45637,
                                                    "Actual Loops": 1
                                                },
                                                {
                                                    "Worker Number": 1,
                                                    "Actual Startup Time": 491.737,
                                                    "Actual Total Time": 657.815,
                                                    "Actual Rows": 45375,
                                                    "Actual Loops": 1
                                                },
                                                {
                                                    "Worker Number": 2,
                                                    "Actual Startup Time": 349.941,
                                                    "Actual Total Time": 545.232,
                                                    "Actual Rows": 75929,
                                                    "Actual Loops": 1
                                                },
                                                {
                                                    "Worker Number": 3,
                                                    "Actual Startup Time": 350.128,
                                                    "Actual Total Time": 534.755,
                                                    "Actual Rows": 79868,
                                                    "Actual Loops": 1
                                                },
                                                {
                                                    "Worker Number": 4,
                                                    "Actual Startup Time": 492.201,
                                                    "Actual Total Time": 658.002,
                                                    "Actual Rows": 44821,
                                                    "Actual Loops": 1
                                                }
                                            ],
                                            "Plans": [
                                                {
                                                    "Node Type": "Index Only Scan",
                                                    "Parent Relationship": "Outer",
                                                    "Parallel Aware": true,
                                                    "Scan Direction": "Forward",
                                                    "Index Name": "movie_id_movie_info_idx",
                                                    "Relation Name": "movie_info_idx",
                                                    "Schema": "public",
                                                    "Alias": "mi_idx",
                                                    "Startup Cost": 0.43,
                                                    "Total Cost": 42590.53,
                                                    "Plan Rows": 276007,
                                                    "Plan Width": 4,
                                                    "Actual Startup Time": 0.15,
                                                    "Actual Total Time": 59.029,
                                                    "Actual Rows": 230006,
                                                    "Actual Loops": 6,
                                                    "Output": [
                                                        "mi_idx.movie_id"
                                                    ],
                                                    "Heap Fetches": 1380035,
                                                    "Workers": [
                                                        {
                                                            "Worker Number": 0,
                                                            "Actual Startup Time": 0.23,
                                                            "Actual Total Time": 42.531,
                                                            "Actual Rows": 110493,
                                                            "Actual Loops": 1
                                                        },
                                                        {
                                                            "Worker Number": 1,
                                                            "Actual Startup Time": 0.132,
                                                            "Actual Total Time": 39.863,
                                                            "Actual Rows": 106502,
                                                            "Actual Loops": 1
                                                        },
                                                        {
                                                            "Worker Number": 2,
                                                            "Actual Startup Time": 0.213,
                                                            "Actual Total Time": 73.799,
                                                            "Actual Rows": 295489,
                                                            "Actual Loops": 1
                                                        },
                                                        {
                                                            "Worker Number": 3,
                                                            "Actual Startup Time": 0.144,
                                                            "Actual Total Time": 71.554,
                                                            "Actual Rows": 303098,
                                                            "Actual Loops": 1
                                                        },
                                                        {
                                                            "Worker Number": 4,
                                                            "Actual Startup Time": 0.163,
                                                            "Actual Total Time": 39.255,
                                                            "Actual Rows": 105003,
                                                            "Actual Loops": 1
                                                        }
                                                    ]
                                                },
                                                {
                                                    "Node Type": "Sort",
                                                    "Parent Relationship": "Inner",
                                                    "Parallel Aware": false,
                                                    "Startup Cost": 96887.97,
                                                    "Total Cost": 97659.49,
                                                    "Plan Rows": 308608,
                                                    "Plan Width": 4,
                                                    "Actual Startup Time": 411.271,
                                                    "Actual Total Time": 478.057,
                                                    "Actual Rows": 421252,
                                                    "Actual Loops": 6,
                                                    "Output": [
                                                        "t.id"
                                                    ],
                                                    "Sort Key": [
                                                        "t.id"
                                                    ],
                                                    "Sort Method": "quicksort",
                                                    "Sort Space Used": 32080,
                                                    "Sort Space Type": "Memory",
                                                    "Workers": [
                                                        {
                                                            "Worker Number": 0,
                                                            "Actual Startup Time": 477.094,
                                                            "Actual Total Time": 552.588,
                                                            "Actual Rows": 421168,
                                                            "Actual Loops": 1
                                                        },
                                                        {
                                                            "Worker Number": 1,
                                                            "Actual Startup Time": 491.532,
                                                            "Actual Total Time": 560.235,
                                                            "Actual Rows": 420877,
                                                            "Actual Loops": 1
                                                        },
                                                        {
                                                            "Worker Number": 2,
                                                            "Actual Startup Time": 349.693,
                                                            "Actual Total Time": 417.763,
                                                            "Actual Rows": 421328,
                                                            "Actual Loops": 1
                                                        },
                                                        {
                                                            "Worker Number": 3,
                                                            "Actual Startup Time": 349.944,
                                                            "Actual Total Time": 410.768,
                                                            "Actual Rows": 421557,
                                                            "Actual Loops": 1
                                                        },
                                                        {
                                                            "Worker Number": 4,
                                                            "Actual Startup Time": 492.006,
                                                            "Actual Total Time": 561.093,
                                                            "Actual Rows": 421041,
                                                            "Actual Loops": 1
                                                        }
                                                    ],
                                                    "Plans": [
                                                        {
                                                            "Node Type": "Bitmap Heap Scan",
                                                            "Parent Relationship": "Outer",
                                                            "Parallel Aware": false,
                                                            "Relation Name": "title",
                                                            "Schema": "public",
                                                            "Alias": "t",
                                                            "Startup Cost": 17819.72,
                                                            "Total Cost": 68749.99,
                                                            "Plan Rows": 308608,
                                                            "Plan Width": 4,
                                                            "Actual Startup Time": 77.86,
                                                            "Actual Total Time": 276.388,
                                                            "Actual Rows": 422218,
                                                            "Actual Loops": 6,
                                                            "Output": [
                                                                "t.id"
                                                            ],
                                                            "Recheck Cond": "(t.kind_id < 7)",
                                                            "Rows Removed by Index Recheck": 0,
                                                            "Filter": "(t.production_year < 1994)",
                                                            "Rows Removed by Filter": 562830,
                                                            "Exact Heap Blocks": 35472,
                                                            "Lossy Heap Blocks": 0,
                                                            "Workers": [
                                                                {
                                                                    "Worker Number": 0,
                                                                    "Actual Startup Time": 88.019,
                                                                    "Actual Total Time": 312.28,
                                                                    "Actual Rows": 422218,
                                                                    "Actual Loops": 1
                                                                },
                                                                {
                                                                    "Worker Number": 1,
                                                                    "Actual Startup Time": 88.535,
                                                                    "Actual Total Time": 326.893,
                                                                    "Actual Rows": 422218,
                                                                    "Actual Loops": 1
                                                                },
                                                                {
                                                                    "Worker Number": 2,
                                                                    "Actual Startup Time": 71.691,
                                                                    "Actual Total Time": 244.555,
                                                                    "Actual Rows": 422218,
                                                                    "Actual Loops": 1
                                                                },
                                                                {
                                                                    "Worker Number": 3,
                                                                    "Actual Startup Time": 71.734,
                                                                    "Actual Total Time": 245.798,
                                                                    "Actual Rows": 422218,
                                                                    "Actual Loops": 1
                                                                },
                                                                {
                                                                    "Worker Number": 4,
                                                                    "Actual Startup Time": 89.04,
                                                                    "Actual Total Time": 327.576,
                                                                    "Actual Rows": 422218,
                                                                    "Actual Loops": 1
                                                                }
                                                            ],
                                                            "Plans": [
                                                                {
                                                                    "Node Type": "Bitmap Index Scan",
                                                                    "Parent Relationship": "Outer",
                                                                    "Parallel Aware": false,
                                                                    "Index Name": "kind_id_title",
                                                                    "Startup Cost": 0.0,
                                                                    "Total Cost": 17742.57,
                                                                    "Plan Rows": 995485,
                                                                    "Plan Width": 0,
                                                                    "Actual Startup Time": 71.528,
                                                                    "Actual Total Time": 71.528,
                                                                    "Actual Rows": 985048,
                                                                    "Actual Loops": 6,
                                                                    "Index Cond": "(t.kind_id < 7)",
                                                                    "Workers": [
                                                                        {
                                                                            "Worker Number": 0,
                                                                            "Actual Startup Time": 80.241,
                                                                            "Actual Total Time": 80.241,
                                                                            "Actual Rows": 985048,
                                                                            "Actual Loops": 1
                                                                        },
                                                                        {
                                                                            "Worker Number": 1,
                                                                            "Actual Startup Time": 80.743,
                                                                            "Actual Total Time": 80.743,
                                                                            "Actual Rows": 985048,
                                                                            "Actual Loops": 1
                                                                        },
                                                                        {
                                                                            "Worker Number": 2,
                                                                            "Actual Startup Time": 66.808,
                                                                            "Actual Total Time": 66.809,
                                                                            "Actual Rows": 985048,
                                                                            "Actual Loops": 1
                                                                        },
                                                                        {
                                                                            "Worker Number": 3,
                                                                            "Actual Startup Time": 66.789,
                                                                            "Actual Total Time": 66.789,
                                                                            "Actual Rows": 985048,
                                                                            "Actual Loops": 1
                                                                        },
                                                                        {
                                                                            "Worker Number": 4,
                                                                            "Actual Startup Time": 81.261,
                                                                            "Actual Total Time": 81.261,
                                                                            "Actual Rows": 985048,
                                                                            "Actual Loops": 1
                                                                        }
                                                                    ]
                                                                }
                                                            ]
                                                        }
                                                    ]
                                                }
                                            ]
                                        },
                                        {
                                            "Node Type": "Index Only Scan",
                                            "Parent Relationship": "Inner",
                                            "Parallel Aware": false,
                                            "Scan Direction": "Forward",
                                            "Index Name": "movie_id_movie_info",
                                            "Relation Name": "movie_info",
                                            "Schema": "public",
                                            "Alias": "mi",
                                            "Startup Cost": 0.43,
                                            "Total Cost": 1.74,
                                            "Plan Rows": 39,
                                            "Plan Width": 4,
                                            "Actual Startup Time": 0.003,
                                            "Actual Total Time": 0.009,
                                            "Actual Rows": 19,
                                            "Actual Loops": 390434,
                                            "Output": [
                                                "mi.movie_id"
                                            ],
                                            "Index Cond": "(mi.movie_id = mi_idx.movie_id)",
                                            "Rows Removed by Index Recheck": 0,
                                            "Heap Fetches": 7266248,
                                            "Workers": [
                                                {
                                                    "Worker Number": 0,
                                                    "Actual Startup Time": 0.004,
                                                    "Actual Total Time": 0.012,
                                                    "Actual Rows": 18,
                                                    "Actual Loops": 45637
                                                },
                                                {
                                                    "Worker Number": 1,
                                                    "Actual Startup Time": 0.004,
                                                    "Actual Total Time": 0.012,
                                                    "Actual Rows": 19,
                                                    "Actual Loops": 45375
                                                },
                                                {
                                                    "Worker Number": 2,
                                                    "Actual Startup Time": 0.003,
                                                    "Actual Total Time": 0.008,
                                                    "Actual Rows": 19,
                                                    "Actual Loops": 75929
                                                },
                                                {
                                                    "Worker Number": 3,
                                                    "Actual Startup Time": 0.003,
                                                    "Actual Total Time": 0.008,
                                                    "Actual Rows": 19,
                                                    "Actual Loops": 79868
                                                },
                                                {
                                                    "Worker Number": 4,
                                                    "Actual Startup Time": 0.004,
                                                    "Actual Total Time": 0.012,
                                                    "Actual Rows": 19,
                                                    "Actual Loops": 44821
                                                }
                                            ]
                                        }
                                    ]
                                }
                            ]
                        }
                    ]
                }
            ]
        },
        "Planning Time": 181.255,
        "Triggers": [],
        "Execution Time": 1439.15
    }
]