{
  "Plan": {
    "Node Type": "Aggregate",
    "Strategy": "Plain",
    "Partial Mode": "Finalize",
    "Parallel Aware": false,
    "Startup Cost": 78148.2,
    "Total Cost": 78148.21,
    "Plan Rows": 1,
    "Plan Width": 8,
    "Actual Startup Time": 220.338,
    "Actual Total Time": 230.879,
    "Actual Rows": 1,
    "Actual Loops": 1,
    "Plans": [
      {
        "Node Type": "Gather",
        "Parent Relationship": "Outer",
        "Parallel Aware": false,
        "Startup Cost": 78148.09,
        "Total Cost": 78148.2,
        "Plan Rows": 1,
        "Plan Width": 8,
        "Actual Startup Time": 220.212,
        "Actual Total Time": 230.872,
        "Actual Rows": 2,
        "Actual Loops": 1,
        "Workers Planned": 1,
        "Workers Launched": 1,
        "Single Copy": false,
        "Plans": [
          {
            "Node Type": "Aggregate",
            "Strategy": "Plain",
            "Partial Mode": "Partial",
            "Parent Relationship": "Outer",
            "Parallel Aware": false,
            "Startup Cost": 77148.09,
            "Total Cost": 77148.1,
            "Plan Rows": 1,
            "Plan Width": 8,
            "Actual Startup Time": 214.664,
            "Actual Total Time": 214.667,
            "Actual Rows": 1,
            "Actual Loops": 2,
            "Plans": [
              {
                "Node Type": "Hash Join",
                "Parent Relationship": "Outer",
                "Parallel Aware": true,
                "Join Type": "Inner",
                "Startup Cost": 58361.78,
                "Total Cost": 77146.1,
                "Plan Rows": 796,
                "Plan Width": 0,
                "Actual Startup Time": 147.116,
                "Actual Total Time": 214.627,
                "Actual Rows": 415,
                "Actual Loops": 2,
                "Inner Unique": true,
                "Hash Cond": "(mi_idx.movie_id = t.id)",
                "Plans": [
                  {
                    "Node Type": "Seq Scan",
                    "Parent Relationship": "Outer",
                    "Parallel Aware": true,
                    "Relation Name": "movie_info_idx",
                    "Alias": "mi_idx",
                    "Startup Cost": 0.0,
                    "Total Cost": 18082.32,
                    "Plan Rows": 267429,
                    "Plan Width": 4,
                    "Actual Startup Time": 0.019,
                    "Actual Total Time": 50.819,
                    "Actual Rows": 229962,
                    "Actual Loops": 2,
                    "Filter": "(info_type_id < 100)",
                    "Rows Removed by Filter": 460055
                  },
                  {
                    "Node Type": "Hash",
                    "Parent Relationship": "Inner",
                    "Parallel Aware": true,
                    "Startup Cost": 58306.47,
                    "Total Cost": 58306.47,
                    "Plan Rows": 4425,
                    "Plan Width": 4,
                    "Actual Startup Time": 145.459,
                    "Actual Total Time": 145.46,
                    "Actual Rows": 3368,
                    "Actual Loops": 2,
                    "Hash Buckets": 8192,
                    "Original Hash Buckets": 8192,
                    "Hash Batches": 1,
                    "Original Hash Batches": 1,
                    "Peak Memory Usage": 384,
                    "Plans": [
                      {
                        "Node Type": "Seq Scan",
                        "Parent Relationship": "Outer",
                        "Parallel Aware": true,
                        "Relation Name": "title",
                        "Alias": "t",
                        "Startup Cost": 0.0,
                        "Total Cost": 58306.47,
                        "Plan Rows": 4425,
                        "Plan Width": 4,
                        "Actual Startup Time": 0.187,
                        "Actual Total Time": 143.921,
                        "Actual Rows": 3368,
                        "Actual Loops": 2,
                        "Filter": "((kind_id > 1) AND (production_year = 1958))",
                        "Rows Removed by Filter": 1260788
                      }
                    ]
                  }
                ]
              }
            ]
          }
        ]
      }
    ]
  },
  "Planning Time": 0.447,
  "Triggers": [],
  "Execution Time": 230.951
}