{
  "Plan": {
    "Node Type": "Aggregate",
    "Strategy": "Plain",
    "Partial Mode": "Finalize",
    "Parallel Aware": false,
    "Startup Cost": 75043.63,
    "Total Cost": 75043.64,
    "Plan Rows": 1,
    "Plan Width": 8,
    "Actual Startup Time": 232.2,
    "Actual Total Time": 243.467,
    "Actual Rows": 1,
    "Actual Loops": 1,
    "Plans": [
      {
        "Node Type": "Gather",
        "Parent Relationship": "Outer",
        "Parallel Aware": false,
        "Startup Cost": 75043.51,
        "Total Cost": 75043.62,
        "Plan Rows": 1,
        "Plan Width": 8,
        "Actual Startup Time": 232.034,
        "Actual Total Time": 243.46,
        "Actual Rows": 2,
        "Actual Loops": 1,
        "Workers Planned": 1,
        "Workers Launched": 1,
        "Single Copy": false,
        "Plans": [
          {
            "Node Type": "Aggregate",
            "Strategy": "Plain",
            "Partial Mode": "Partial",
            "Parent Relationship": "Outer",
            "Parallel Aware": false,
            "Startup Cost": 74043.51,
            "Total Cost": 74043.52,
            "Plan Rows": 1,
            "Plan Width": 8,
            "Actual Startup Time": 226.006,
            "Actual Total Time": 226.01,
            "Actual Rows": 1,
            "Actual Loops": 2,
            "Plans": [
              {
                "Node Type": "Nested Loop",
                "Parent Relationship": "Outer",
                "Parallel Aware": false,
                "Join Type": "Inner",
                "Startup Cost": 26274.29,
                "Total Cost": 74025.5,
                "Plan Rows": 7205,
                "Plan Width": 0,
                "Actual Startup Time": 114.094,
                "Actual Total Time": 223.636,
                "Actual Rows": 54285,
                "Actual Loops": 2,
                "Inner Unique": false,
                "Join Filter": "(t.id = mk.movie_id)",
                "Rows Removed by Join Filter": 0,
                "Plans": [
                  {
                    "Node Type": "Hash Join",
                    "Parent Relationship": "Outer",
                    "Parallel Aware": true,
                    "Join Type": "Inner",
                    "Startup Cost": 26273.85,
                    "Total Cost": 66294.18,
                    "Plan Rows": 4026,
                    "Plan Width": 8,
                    "Actual Startup Time": 114.02,
                    "Actual Total Time": 184.835,
                    "Actual Rows": 6636,
                    "Actual Loops": 2,
                    "Inner Unique": true,
                    "Hash Cond": "(mc.movie_id = t.id)",
                    "Plans": [
                      {
                        "Node Type": "Seq Scan",
                        "Parent Relationship": "Outer",
                        "Parallel Aware": true,
                        "Relation Name": "movie_companies",
                        "Alias": "mc",
                        "Startup Cost": 0.0,
                        "Total Cost": 37974.77,
                        "Plan Rows": 779260,
                        "Plan Width": 4,
                        "Actual Startup Time": 47.737,
                        "Actual Total Time": 109.181,
                        "Actual Rows": 667442,
                        "Actual Loops": 2,
                        "Filter": "(company_type_id > 1)",
                        "Rows Removed by Filter": 637123
                      },
                      {
                        "Node Type": "Hash",
                        "Parent Relationship": "Inner",
                        "Parallel Aware": true,
                        "Startup Cost": 26177.8,
                        "Total Cost": 26177.8,
                        "Plan Rows": 7684,
                        "Plan Width": 4,
                        "Actual Startup Time": 24.944,
                        "Actual Total Time": 24.945,
                        "Actual Rows": 6300,
                        "Actual Loops": 2,
                        "Hash Buckets": 16384,
                        "Original Hash Buckets": 16384,
                        "Hash Batches": 1,
                        "Original Hash Batches": 1,
                        "Peak Memory Usage": 640,
                        "Plans": [
                          {
                            "Node Type": "Bitmap Heap Scan",
                            "Parent Relationship": "Outer",
                            "Parallel Aware": true,
                            "Relation Name": "title",
                            "Alias": "t",
                            "Startup Cost": 237.67,
                            "Total Cost": 26177.8,
                            "Plan Rows": 7684,
                            "Plan Width": 4,
                            "Actual Startup Time": 5.393,
                            "Actual Total Time": 22.639,
                            "Actual Rows": 6300,
                            "Actual Loops": 2,
                            "Recheck Cond": "(kind_id = 6)",
                            "Rows Removed by Index Recheck": 0,
                            "Exact Heap Blocks": 7093,
                            "Lossy Heap Blocks": 0,
                            "Plans": [
                              {
                                "Node Type": "Bitmap Index Scan",
                                "Parent Relationship": "Outer",
                                "Parallel Aware": false,
                                "Index Name": "kind_id_title",
                                "Startup Cost": 0.0,
                                "Total Cost": 234.4,
                                "Plan Rows": 13063,
                                "Plan Width": 0,
                                "Actual Startup Time": 6.408,
                                "Actual Total Time": 6.408,
                                "Actual Rows": 12600,
                                "Actual Loops": 1,
                                "Index Cond": "(kind_id = 6)"
                              }
                            ]
                          }
                        ]
                      }
                    ]
                  },
                  {
                    "Node Type": "Index Only Scan",
                    "Parent Relationship": "Inner",
                    "Parallel Aware": false,
                    "Scan Direction": "Forward",
                    "Index Name": "movie_id_movie_keyword",
                    "Relation Name": "movie_keyword",
                    "Alias": "mk",
                    "Startup Cost": 0.43,
                    "Total Cost": 1.36,
                    "Plan Rows": 45,
                    "Plan Width": 4,
                    "Actual Startup Time": 0.004,
                    "Actual Total Time": 0.005,
                    "Actual Rows": 8,
                    "Actual Loops": 13271,
                    "Index Cond": "(movie_id = mc.movie_id)",
                    "Rows Removed by Index Recheck": 0,
                    "Heap Fetches": 108570
                  }
                ]
              }
            ]
          }
        ]
      }
    ]
  },
  "Planning Time": 0.934,
  "Triggers": [],
  "Execution Time": 243.566
}