[
  {
    "Plan": {
      "Node Type": "Aggregate",
      "Strategy": "Plain",
      "Partial Mode": "Finalize",
      "Parallel Aware": false,
      "Startup Cost": 143157.55,
      "Total Cost": 143157.56,
      "Plan Rows": 1,
      "Plan Width": 8,
      "Actual Startup Time": 694.782,
      "Actual Total Time": 752.667,
      "Actual Rows": 1,
      "Actual Loops": 1,
      "Plans": [
        {
          "Node Type": "Gather",
          "Parent Relationship": "Outer",
          "Parallel Aware": false,
          "Startup Cost": 143157.13,
          "Total Cost": 143157.54,
          "Plan Rows": 4,
          "Plan Width": 8,
          "Actual Startup Time": 693.116,
          "Actual Total Time": 752.657,
          "Actual Rows": 5,
          "Actual Loops": 1,
          "Workers Planned": 4,
          "Workers Launched": 4,
          "Single Copy": false,
          "Plans": [
            {
              "Node Type": "Aggregate",
              "Strategy": "Plain",
              "Partial Mode": "Partial",
              "Parent Relationship": "Outer",
              "Parallel Aware": false,
              "Startup Cost": 142157.13,
              "Total Cost": 142157.14,
              "Plan Rows": 1,
              "Plan Width": 8,
              "Actual Startup Time": 683.594,
              "Actual Total Time": 683.598,
              "Actual Rows": 1,
              "Actual Loops": 5,
              "Plans": [
                {
                  "Node Type": "Nested Loop",
                  "Parent Relationship": "Outer",
                  "Parallel Aware": false,
                  "Join Type": "Inner",
                  "Startup Cost": 27316.7,
                  "Total Cost": 141746.29,
                  "Plan Rows": 164338,
                  "Plan Width": 0,
                  "Actual Startup Time": 97.516,
                  "Actual Total Time": 652.826,
                  "Actual Rows": 643421,
                  "Actual Loops": 5,
                  "Inner Unique": false,
                  "Plans": [
                    {
                      "Node Type": "Hash Join",
                      "Parent Relationship": "Outer",
                      "Parallel Aware": true,
                      "Join Type": "Inner",
                      "Startup Cost": 27316.26,
                      "Total Cost": 72545.12,
                      "Plan Rows": 28105,
                      "Plan Width": 8,
                      "Actual Startup Time": 97.435,
                      "Actual Total Time": 225.992,
                      "Actual Rows": 20475,
                      "Actual Loops": 5,
                      "Inner Unique": false,
                      "Hash Cond": "(t.id = mc.movie_id)",
                      "Plans": [
                        {
                          "Node Type": "Seq Scan",
                          "Parent Relationship": "Outer",
                          "Parallel Aware": true,
                          "Relation Name": "title",
                          "Alias": "t",
                          "Startup Cost": 0.0,
                          "Total Cost": 43898.92,
                          "Plan Rows": 247857,
                          "Plan Width": 4,
                          "Actual Startup Time": 0.019,
                          "Actual Total Time": 68.088,
                          "Actual Rows": 197010,
                          "Actual Loops": 5,
                          "Filter": "(kind_id < 7)",
                          "Rows Removed by Filter": 308653
                        },
                        {
                          "Node Type": "Hash",
                          "Parent Relationship": "Inner",
                          "Parallel Aware": true,
                          "Startup Cost": 26160.26,
                          "Total Cost": 26160.26,
                          "Plan Rows": 92480,
                          "Plan Width": 4,
                          "Actual Startup Time": 94.964,
                          "Actual Total Time": 94.965,
                          "Actual Rows": 57063,
                          "Actual Loops": 5,
                          "Hash Buckets": 524288,
                          "Original Hash Buckets": 524288,
                          "Hash Batches": 1,
                          "Original Hash Batches": 1,
                          "Peak Memory Usage": 15328,
                          "Plans": [
                            {
                              "Node Type": "Bitmap Heap Scan",
                              "Parent Relationship": "Outer",
                              "Parallel Aware": true,
                              "Relation Name": "movie_companies",
                              "Alias": "mc",
                              "Startup Cost": 6214.26,
                              "Total Cost": 26160.26,
                              "Plan Rows": 92480,
                              "Plan Width": 4,
                              "Actual Startup Time": 27.691,
                              "Actual Total Time": 69.668,
                              "Actual Rows": 57063,
                              "Actual Loops": 5,
                              "Recheck Cond": "(company_id < 159)",
                              "Rows Removed by Index Recheck": 0,
                              "Exact Heap Blocks": 7378,
                              "Lossy Heap Blocks": 0,
                              "Plans": [
                                {
                                  "Node Type": "Bitmap Index Scan",
                                  "Parent Relationship": "Outer",
                                  "Parallel Aware": false,
                                  "Index Name": "company_id_movie_companies",
                                  "Startup Cost": 0.0,
                                  "Total Cost": 6142.59,
                                  "Plan Rows": 286688,
                                  "Plan Width": 0,
                                  "Actual Startup Time": 24.312,
                                  "Actual Total Time": 24.313,
                                  "Actual Rows": 285317,
                                  "Actual Loops": 1,
                                  "Index Cond": "(company_id < 159)"
                                }
                              ]
                            }
                          ]
                        }
                      ]
                    },
                    {
                      "Node Type": "Index Only Scan",
                      "Parent Relationship": "Inner",
                      "Parallel Aware": false,
                      "Scan Direction": "Forward",
                      "Index Name": "movie_id_movie_info",
                      "Relation Name": "movie_info",
                      "Alias": "mi",
                      "Startup Cost": 0.43,
                      "Total Cost": 2.04,
                      "Plan Rows": 42,
                      "Plan Width": 4,
                      "Actual Startup Time": 0.006,
                      "Actual Total Time": 0.018,
                      "Actual Rows": 31,
                      "Actual Loops": 102376,
                      "Index Cond": "(movie_id = t.id)",
                      "Rows Removed by Index Recheck": 0,
                      "Heap Fetches": 3217107
                    }
                  ]
                }
              ]
            }
          ]
        }
      ]
    },
    "Planning Time": 1.412,
    "Triggers": [],
    "Execution Time": 752.797
  }
]