[
    {
        "Bao": {
            "Bao prediction": "NaN",
            "Bao recommended hint": "(no hint)"
        }
    },
    {
        "Plan": {
            "Node Type": "Aggregate",
            "Strategy": "Plain",
            "Partial Mode": "Finalize",
            "Parallel Aware": false,
            "Startup Cost": 352382.91,
            "Total Cost": 352382.92,
            "Plan Rows": 1,
            "Plan Width": 8,
            "Actual Startup Time": 399.753,
            "Actual Total Time": 417.824,
            "Actual Rows": 1,
            "Actual Loops": 1,
            "Output": [
                "count(*)"
            ],
            "Plans": [
                {
                    "Node Type": "Gather",
                    "Parent Relationship": "Outer",
                    "Parallel Aware": false,
                    "Startup Cost": 352382.29,
                    "Total Cost": 352382.9,
                    "Plan Rows": 6,
                    "Plan Width": 8,
                    "Actual Startup Time": 394.519,
                    "Actual Total Time": 417.815,
                    "Actual Rows": 7,
                    "Actual Loops": 1,
                    "Output": [
                        "(PARTIAL count(*))"
                    ],
                    "Workers Planned": 6,
                    "Workers Launched": 6,
                    "Single Copy": false,
                    "Plans": [
                        {
                            "Node Type": "Aggregate",
                            "Strategy": "Plain",
                            "Partial Mode": "Partial",
                            "Parent Relationship": "Outer",
                            "Parallel Aware": false,
                            "Startup Cost": 351382.29,
                            "Total Cost": 351382.3,
                            "Plan Rows": 1,
                            "Plan Width": 8,
                            "Actual Startup Time": 383.658,
                            "Actual Total Time": 383.661,
                            "Actual Rows": 1,
                            "Actual Loops": 7,
                            "Output": [
                                "PARTIAL count(*)"
                            ],
                            "Workers": [
                                {
                                    "Worker Number": 0,
                                    "Actual Startup Time": 381.119,
                                    "Actual Total Time": 381.123,
                                    "Actual Rows": 1,
                                    "Actual Loops": 1
                                },
                                {
                                    "Worker Number": 1,
                                    "Actual Startup Time": 382.171,
                                    "Actual Total Time": 382.174,
                                    "Actual Rows": 1,
                                    "Actual Loops": 1
                                },
                                {
                                    "Worker Number": 2,
                                    "Actual Startup Time": 381.377,
                                    "Actual Total Time": 381.38,
                                    "Actual Rows": 1,
                                    "Actual Loops": 1
                                },
                                {
                                    "Worker Number": 3,
                                    "Actual Startup Time": 382.296,
                                    "Actual Total Time": 382.299,
                                    "Actual Rows": 1,
                                    "Actual Loops": 1
                                },
                                {
                                    "Worker Number": 4,
                                    "Actual Startup Time": 382.443,
                                    "Actual Total Time": 382.446,
                                    "Actual Rows": 1,
                                    "Actual Loops": 1
                                },
                                {
                                    "Worker Number": 5,
                                    "Actual Startup Time": 382.43,
                                    "Actual Total Time": 382.434,
                                    "Actual Rows": 1,
                                    "Actual Loops": 1
                                }
                            ],
                            "Plans": [
                                {
                                    "Node Type": "Hash Join",
                                    "Parent Relationship": "Outer",
                                    "Parallel Aware": true,
                                    "Join Type": "Inner",
                                    "Startup Cost": 93082.85,
                                    "Total Cost": 351146.31,
                                    "Plan Rows": 94389,
                                    "Plan Width": 0,
                                    "Actual Startup Time": 236.439,
                                    "Actual Total Time": 378.03,
                                    "Actual Rows": 91368,
                                    "Actual Loops": 7,
                                    "Inner Unique": true,
                                    "Hash Cond": "(ci.movie_id = t.id)",
                                    "Workers": [
                                        {
                                            "Worker Number": 0,
                                            "Actual Startup Time": 234.204,
                                            "Actual Total Time": 374.854,
                                            "Actual Rows": 72135,
                                            "Actual Loops": 1
                                        },
                                        {
                                            "Worker Number": 1,
                                            "Actual Startup Time": 234.62,
                                            "Actual Total Time": 375.995,
                                            "Actual Rows": 71038,
                                            "Actual Loops": 1
                                        },
                                        {
                                            "Worker Number": 2,
                                            "Actual Startup Time": 234.404,
                                            "Actual Total Time": 376.016,
                                            "Actual Rows": 90991,
                                            "Actual Loops": 1
                                        },
                                        {
                                            "Worker Number": 3,
                                            "Actual Startup Time": 234.67,
                                            "Actual Total Time": 377.116,
                                            "Actual Rows": 110881,
                                            "Actual Loops": 1
                                        },
                                        {
                                            "Worker Number": 4,
                                            "Actual Startup Time": 235.257,
                                            "Actual Total Time": 376.648,
                                            "Actual Rows": 97606,
                                            "Actual Loops": 1
                                        },
                                        {
                                            "Worker Number": 5,
                                            "Actual Startup Time": 235.414,
                                            "Actual Total Time": 376.927,
                                            "Actual Rows": 93164,
                                            "Actual Loops": 1
                                        }
                                    ],
                                    "Plans": [
                                        {
                                            "Node Type": "Bitmap Heap Scan",
                                            "Parent Relationship": "Outer",
                                            "Parallel Aware": true,
                                            "Relation Name": "cast_info",
                                            "Schema": "public",
                                            "Alias": "ci",
                                            "Startup Cost": 47085.87,
                                            "Total Cost": 304216.23,
                                            "Plan Rows": 355469,
                                            "Plan Width": 4,
                                            "Actual Startup Time": 125.275,
                                            "Actual Total Time": 182.633,
                                            "Actual Rows": 304890,
                                            "Actual Loops": 7,
                                            "Output": [
                                                "ci.id",
                                                "ci.person_id",
                                                "ci.movie_id",
                                                "ci.person_role_id",
                                                "ci.note",
                                                "ci.nr_order",
                                                "ci.role_id"
                                            ],
                                            "Recheck Cond": "(ci.person_id < 209601)",
                                            "Rows Removed by Index Recheck": 0,
                                            "Exact Heap Blocks": 3790,
                                            "Lossy Heap Blocks": 0,
                                            "Workers": [
                                                {
                                                    "Worker Number": 0,
                                                    "Actual Startup Time": 125.539,
                                                    "Actual Total Time": 185.316,
                                                    "Actual Rows": 238252,
                                                    "Actual Loops": 1
                                                },
                                                {
                                                    "Worker Number": 1,
                                                    "Actual Startup Time": 125.166,
                                                    "Actual Total Time": 184.761,
                                                    "Actual Rows": 240631,
                                                    "Actual Loops": 1
                                                },
                                                {
                                                    "Worker Number": 2,
                                                    "Actual Startup Time": 125.558,
                                                    "Actual Total Time": 182.948,
                                                    "Actual Rows": 304761,
                                                    "Actual Loops": 1
                                                },
                                                {
                                                    "Worker Number": 3,
                                                    "Actual Startup Time": 124.935,
                                                    "Actual Total Time": 182.012,
                                                    "Actual Rows": 377269,
                                                    "Actual Loops": 1
                                                },
                                                {
                                                    "Worker Number": 4,
                                                    "Actual Startup Time": 125.349,
                                                    "Actual Total Time": 183.728,
                                                    "Actual Rows": 317238,
                                                    "Actual Loops": 1
                                                },
                                                {
                                                    "Worker Number": 5,
                                                    "Actual Startup Time": 125.154,
                                                    "Actual Total Time": 184.044,
                                                    "Actual Rows": 315322,
                                                    "Actual Loops": 1
                                                }
                                            ],
                                            "Plans": [
                                                {
                                                    "Node Type": "Bitmap Index Scan",
                                                    "Parent Relationship": "Outer",
                                                    "Parallel Aware": false,
                                                    "Index Name": "person_id_cast_info",
                                                    "Startup Cost": 0.0,
                                                    "Total Cost": 46552.66,
                                                    "Plan Rows": 2132813,
                                                    "Plan Width": 0,
                                                    "Actual Startup Time": 121.613,
                                                    "Actual Total Time": 121.614,
                                                    "Actual Rows": 2134232,
                                                    "Actual Loops": 1,
                                                    "Index Cond": "(ci.person_id < 209601)",
                                                    "Workers": [
                                                        {
                                                            "Worker Number": 3,
                                                            "Actual Startup Time": 121.613,
                                                            "Actual Total Time": 121.614,
                                                            "Actual Rows": 2134232,
                                                            "Actual Loops": 1
                                                        }
                                                    ]
                                                }
                                            ]
                                        },
                                        {
                                            "Node Type": "Hash",
                                            "Parent Relationship": "Inner",
                                            "Parallel Aware": true,
                                            "Startup Cost": 43899.01,
                                            "Total Cost": 43899.01,
                                            "Plan Rows": 167838,
                                            "Plan Width": 4,
                                            "Actual Startup Time": 108.6,
                                            "Actual Total Time": 108.601,
                                            "Actual Rows": 94689,
                                            "Actual Loops": 7,
                                            "Output": [
                                                "t.id"
                                            ],
                                            "Hash Buckets": 1048576,
                                            "Original Hash Buckets": 1048576,
                                            "Hash Batches": 1,
                                            "Original Hash Batches": 1,
                                            "Peak Memory Usage": 34240,
                                            "Workers": [
                                                {
                                                    "Worker Number": 0,
                                                    "Actual Startup Time": 107.989,
                                                    "Actual Total Time": 107.99,
                                                    "Actual Rows": 72495,
                                                    "Actual Loops": 1
                                                },
                                                {
                                                    "Worker Number": 1,
                                                    "Actual Startup Time": 108.543,
                                                    "Actual Total Time": 108.544,
                                                    "Actual Rows": 72412,
                                                    "Actual Loops": 1
                                                },
                                                {
                                                    "Worker Number": 2,
                                                    "Actual Startup Time": 108.403,
                                                    "Actual Total Time": 108.404,
                                                    "Actual Rows": 92540,
                                                    "Actual Loops": 1
                                                },
                                                {
                                                    "Worker Number": 3,
                                                    "Actual Startup Time": 109.344,
                                                    "Actual Total Time": 109.345,
                                                    "Actual Rows": 105682,
                                                    "Actual Loops": 1
                                                },
                                                {
                                                    "Worker Number": 4,
                                                    "Actual Startup Time": 109.372,
                                                    "Actual Total Time": 109.373,
                                                    "Actual Rows": 104725,
                                                    "Actual Loops": 1
                                                },
                                                {
                                                    "Worker Number": 5,
                                                    "Actual Startup Time": 109.332,
                                                    "Actual Total Time": 109.333,
                                                    "Actual Rows": 102916,
                                                    "Actual Loops": 1
                                                }
                                            ],
                                            "Plans": [
                                                {
                                                    "Node Type": "Seq Scan",
                                                    "Parent Relationship": "Outer",
                                                    "Parallel Aware": true,
                                                    "Relation Name": "title",
                                                    "Schema": "public",
                                                    "Alias": "t",
                                                    "Startup Cost": 0.0,
                                                    "Total Cost": 43899.01,
                                                    "Plan Rows": 167838,
                                                    "Plan Width": 4,
                                                    "Actual Startup Time": 38.305,
                                                    "Actual Total Time": 71.54,
                                                    "Actual Rows": 94689,
                                                    "Actual Loops": 7,
                                                    "Output": [
                                                        "t.id"
                                                    ],
                                                    "Filter": "(t.kind_id = 1)",
                                                    "Rows Removed by Filter": 266498,
                                                    "Workers": [
                                                        {
                                                            "Worker Number": 0,
                                                            "Actual Startup Time": 43.945,
                                                            "Actual Total Time": 73.352,
                                                            "Actual Rows": 72495,
                                                            "Actual Loops": 1
                                                        },
                                                        {
                                                            "Worker Number": 1,
                                                            "Actual Startup Time": 43.783,
                                                            "Actual Total Time": 72.967,
                                                            "Actual Rows": 72412,
                                                            "Actual Loops": 1
                                                        },
                                                        {
                                                            "Worker Number": 2,
                                                            "Actual Startup Time": 43.817,
                                                            "Actual Total Time": 71.242,
                                                            "Actual Rows": 92540,
                                                            "Actual Loops": 1
                                                        },
                                                        {
                                                            "Worker Number": 3,
                                                            "Actual Startup Time": 43.837,
                                                            "Actual Total Time": 72.213,
                                                            "Actual Rows": 105682,
                                                            "Actual Loops": 1
                                                        },
                                                        {
                                                            "Worker Number": 4,
                                                            "Actual Startup Time": 43.776,
                                                            "Actual Total Time": 71.926,
                                                            "Actual Rows": 104725,
                                                            "Actual Loops": 1
                                                        },
                                                        {
                                                            "Worker Number": 5,
                                                            "Actual Startup Time": 43.849,
                                                            "Actual Total Time": 71.977,
                                                            "Actual Rows": 102916,
                                                            "Actual Loops": 1
                                                        }
                                                    ]
                                                }
                                            ]
                                        }
                                    ]
                                }
                            ]
                        }
                    ]
                }
            ]
        },
        "Planning Time": 226.379,
        "Triggers": [],
        "Execution Time": 417.943
    }
]