[
  {
    "Plan": {
      "Node Type": "Aggregate",
      "Strategy": "Plain",
      "Partial Mode": "Finalize",
      "Parallel Aware": false,
      "Startup Cost": 97688.95,
      "Total Cost": 97688.96,
      "Plan Rows": 1,
      "Plan Width": 8,
      "Actual Startup Time": 408.668,
      "Actual Total Time": 435.107,
      "Actual Rows": 1,
      "Actual Loops": 1,
      "Plans": [
        {
          "Node Type": "Gather",
          "Parent Relationship": "Outer",
          "Parallel Aware": false,
          "Startup Cost": 97688.53,
          "Total Cost": 97688.94,
          "Plan Rows": 4,
          "Plan Width": 8,
          "Actual Startup Time": 404.786,
          "Actual Total Time": 435.089,
          "Actual Rows": 5,
          "Actual Loops": 1,
          "Workers Planned": 4,
          "Workers Launched": 4,
          "Single Copy": false,
          "Plans": [
            {
              "Node Type": "Aggregate",
              "Strategy": "Plain",
              "Partial Mode": "Partial",
              "Parent Relationship": "Outer",
              "Parallel Aware": false,
              "Startup Cost": 96688.53,
              "Total Cost": 96688.54,
              "Plan Rows": 1,
              "Plan Width": 8,
              "Actual Startup Time": 395.683,
              "Actual Total Time": 395.69,
              "Actual Rows": 1,
              "Actual Loops": 5,
              "Plans": [
                {
                  "Node Type": "Hash Join",
                  "Parent Relationship": "Outer",
                  "Parallel Aware": true,
                  "Join Type": "Inner",
                  "Startup Cost": 51710.4,
                  "Total Cost": 96653.74,
                  "Plan Rows": 13915,
                  "Plan Width": 0,
                  "Actual Startup Time": 218.078,
                  "Actual Total Time": 392.918,
                  "Actual Rows": 43344,
                  "Actual Loops": 5,
                  "Inner Unique": false,
                  "Hash Cond": "(t.id = mi_idx.movie_id)",
                  "Plans": [
                    {
                      "Node Type": "Seq Scan",
                      "Parent Relationship": "Outer",
                      "Parallel Aware": true,
                      "Relation Name": "title",
                      "Alias": "t",
                      "Startup Cost": 0.0,
                      "Total Cost": 42319.06,
                      "Plan Rows": 632106,
                      "Plan Width": 4,
                      "Actual Startup Time": 0.022,
                      "Actual Total Time": 81.671,
                      "Actual Rows": 505662,
                      "Actual Loops": 5
                    },
                    {
                      "Node Type": "Hash",
                      "Parent Relationship": "Inner",
                      "Parallel Aware": true,
                      "Startup Cost": 50441.0,
                      "Total Cost": 50441.0,
                      "Plan Rows": 101552,
                      "Plan Width": 8,
                      "Actual Startup Time": 215.631,
                      "Actual Total Time": 215.637,
                      "Actual Rows": 43344,
                      "Actual Loops": 5,
                      "Hash Buckets": 524288,
                      "Original Hash Buckets": 524288,
                      "Hash Batches": 1,
                      "Original Hash Batches": 1,
                      "Peak Memory Usage": 12640,
                      "Plans": [
                        {
                          "Node Type": "Hash Join",
                          "Parent Relationship": "Outer",
                          "Parallel Aware": true,
                          "Join Type": "Inner",
                          "Startup Cost": 23974.45,
                          "Total Cost": 50441.0,
                          "Plan Rows": 101552,
                          "Plan Width": 8,
                          "Actual Startup Time": 119.323,
                          "Actual Total Time": 196.344,
                          "Actual Rows": 43344,
                          "Actual Loops": 5,
                          "Inner Unique": false,
                          "Hash Cond": "(mk.movie_id = mi_idx.movie_id)",
                          "Plans": [
                            {
                              "Node Type": "Bitmap Heap Scan",
                              "Parent Relationship": "Outer",
                              "Parallel Aware": true,
                              "Relation Name": "movie_keyword",
                              "Alias": "mk",
                              "Startup Cost": 6434.31,
                              "Total Cost": 32110.93,
                              "Plan Rows": 97810,
                              "Plan Width": 4,
                              "Actual Startup Time": 21.593,
                              "Actual Total Time": 71.984,
                              "Actual Rows": 59569,
                              "Actual Loops": 5,
                              "Recheck Cond": "(keyword_id < 245)",
                              "Rows Removed by Index Recheck": 0,
                              "Exact Heap Blocks": 5351,
                              "Lossy Heap Blocks": 0,
                              "Plans": [
                                {
                                  "Node Type": "Bitmap Index Scan",
                                  "Parent Relationship": "Outer",
                                  "Parallel Aware": false,
                                  "Index Name": "keyword_id_movie_keyword",
                                  "Startup Cost": 0.0,
                                  "Total Cost": 6358.51,
                                  "Plan Rows": 303210,
                                  "Plan Width": 0,
                                  "Actual Startup Time": 17.957,
                                  "Actual Total Time": 17.957,
                                  "Actual Rows": 297845,
                                  "Actual Loops": 1,
                                  "Index Cond": "(keyword_id < 245)"
                                }
                              ]
                            },
                            {
                              "Node Type": "Hash",
                              "Parent Relationship": "Inner",
                              "Parallel Aware": true,
                              "Startup Cost": 15122.68,
                              "Total Cost": 15122.68,
                              "Plan Rows": 193397,
                              "Plan Width": 4,
                              "Actual Startup Time": 96.156,
                              "Actual Total Time": 96.157,
                              "Actual Rows": 92037,
                              "Actual Loops": 5,
                              "Hash Buckets": 524288,
                              "Original Hash Buckets": 524288,
                              "Hash Batches": 1,
                              "Original Hash Batches": 1,
                              "Peak Memory Usage": 22144,
                              "Plans": [
                                {
                                  "Node Type": "Seq Scan",
                                  "Parent Relationship": "Outer",
                                  "Parallel Aware": true,
                                  "Relation Name": "movie_info_idx",
                                  "Alias": "mi_idx",
                                  "Startup Cost": 0.0,
                                  "Total Cost": 15122.68,
                                  "Plan Rows": 193397,
                                  "Plan Width": 4,
                                  "Actual Startup Time": 0.072,
                                  "Actual Total Time": 47.62,
                                  "Actual Rows": 92037,
                                  "Actual Loops": 5,
                                  "Filter": "(info_type_id > 100)",
                                  "Rows Removed by Filter": 183970
                                }
                              ]
                            }
                          ]
                        }
                      ]
                    }
                  ]
                }
              ]
            }
          ]
        }
      ]
    },
    "Planning Time": 1.225,
    "Triggers": [],
    "Execution Time": 435.187
  }
]