[
  {
    "Plan": {
      "Node Type": "Aggregate",
      "Strategy": "Plain",
      "Partial Mode": "Finalize",
      "Parallel Aware": false,
      "Startup Cost": 93721.38,
      "Total Cost": 93721.39,
      "Plan Rows": 1,
      "Plan Width": 8,
      "Actual Startup Time": 357.056,
      "Actual Total Time": 373.958,
      "Actual Rows": 1,
      "Actual Loops": 1,
      "Plans": [
        {
          "Node Type": "Gather",
          "Parent Relationship": "Outer",
          "Parallel Aware": false,
          "Startup Cost": 93721.07,
          "Total Cost": 93721.38,
          "Plan Rows": 3,
          "Plan Width": 8,
          "Actual Startup Time": 355.16,
          "Actual Total Time": 373.946,
          "Actual Rows": 4,
          "Actual Loops": 1,
          "Workers Planned": 3,
          "Workers Launched": 3,
          "Single Copy": false,
          "Plans": [
            {
              "Node Type": "Aggregate",
              "Strategy": "Plain",
              "Partial Mode": "Partial",
              "Parent Relationship": "Outer",
              "Parallel Aware": false,
              "Startup Cost": 92721.07,
              "Total Cost": 92721.08,
              "Plan Rows": 1,
              "Plan Width": 8,
              "Actual Startup Time": 345.431,
              "Actual Total Time": 345.435,
              "Actual Rows": 1,
              "Actual Loops": 4,
              "Plans": [
                {
                  "Node Type": "Hash Join",
                  "Parent Relationship": "Outer",
                  "Parallel Aware": true,
                  "Join Type": "Inner",
                  "Startup Cost": 46771.94,
                  "Total Cost": 92282.41,
                  "Plan Rows": 175463,
                  "Plan Width": 0,
                  "Actual Startup Time": 142.412,
                  "Actual Total Time": 336.86,
                  "Actual Rows": 212458,
                  "Actual Loops": 4,
                  "Inner Unique": true,
                  "Hash Cond": "(mk.movie_id = t.id)",
                  "Plans": [
                    {
                      "Node Type": "Seq Scan",
                      "Parent Relationship": "Outer",
                      "Parallel Aware": true,
                      "Relation Name": "movie_keyword",
                      "Alias": "mk",
                      "Startup Cost": 0.0,
                      "Total Cost": 42695.65,
                      "Plan Rows": 1072312,
                      "Plan Width": 4,
                      "Actual Startup Time": 0.034,
                      "Actual Total Time": 108.653,
                      "Actual Rows": 830108,
                      "Actual Loops": 4,
                      "Filter": "(keyword_id < 15257)",
                      "Rows Removed by Filter": 300875
                    },
                    {
                      "Node Type": "Hash",
                      "Parent Relationship": "Inner",
                      "Parallel Aware": true,
                      "Startup Cost": 45479.1,
                      "Total Cost": 45479.1,
                      "Plan Rows": 103427,
                      "Plan Width": 4,
                      "Actual Startup Time": 138.309,
                      "Actual Total Time": 138.31,
                      "Actual Rows": 80802,
                      "Actual Loops": 4,
                      "Hash Buckets": 524288,
                      "Original Hash Buckets": 524288,
                      "Hash Batches": 1,
                      "Original Hash Batches": 1,
                      "Peak Memory Usage": 16800,
                      "Plans": [
                        {
                          "Node Type": "Seq Scan",
                          "Parent Relationship": "Outer",
                          "Parallel Aware": true,
                          "Relation Name": "title",
                          "Alias": "t",
                          "Startup Cost": 0.0,
                          "Total Cost": 45479.1,
                          "Plan Rows": 103427,
                          "Plan Width": 4,
                          "Actual Startup Time": 0.061,
                          "Actual Total Time": 107.09,
                          "Actual Rows": 80802,
                          "Actual Loops": 4,
                          "Filter": "((kind_id < 3) AND (production_year > 2000))",
                          "Rows Removed by Filter": 551276
                        }
                      ]
                    }
                  ]
                }
              ]
            }
          ]
        }
      ]
    },
    "Planning Time": 0.697,
    "Triggers": [],
    "Execution Time": 374.04
  }
]