[
  {
    "Plan": {
      "Node Type": "Aggregate",
      "Strategy": "Plain",
      "Partial Mode": "Finalize",
      "Parallel Aware": false,
      "Startup Cost": 32849.9,
      "Total Cost": 32849.91,
      "Plan Rows": 1,
      "Plan Width": 8,
      "Actual Startup Time": 107.045,
      "Actual Total Time": 114.775,
      "Actual Rows": 1,
      "Actual Loops": 1,
      "Plans": [
        {
          "Node Type": "Gather",
          "Parent Relationship": "Outer",
          "Parallel Aware": false,
          "Startup Cost": 32849.58,
          "Total Cost": 32849.89,
          "Plan Rows": 3,
          "Plan Width": 8,
          "Actual Startup Time": 106.95,
          "Actual Total Time": 114.765,
          "Actual Rows": 4,
          "Actual Loops": 1,
          "Workers Planned": 3,
          "Workers Launched": 3,
          "Single Copy": false,
          "Plans": [
            {
              "Node Type": "Aggregate",
              "Strategy": "Plain",
              "Partial Mode": "Partial",
              "Parent Relationship": "Outer",
              "Parallel Aware": false,
              "Startup Cost": 31849.58,
              "Total Cost": 31849.59,
              "Plan Rows": 1,
              "Plan Width": 8,
              "Actual Startup Time": 98.58,
              "Actual Total Time": 98.581,
              "Actual Rows": 1,
              "Actual Loops": 4,
              "Plans": [
                {
                  "Node Type": "Seq Scan",
                  "Parent Relationship": "Outer",
                  "Parallel Aware": true,
                  "Relation Name": "movie_companies",
                  "Alias": "mc",
                  "Startup Cost": 0.0,
                  "Total Cost": 31414.82,
                  "Plan Rows": 173904,
                  "Plan Width": 0,
                  "Actual Startup Time": 51.182,
                  "Actual Total Time": 89.046,
                  "Actual Rows": 210172,
                  "Actual Loops": 4,
                  "Filter": "((company_id > 14492) AND (company_type_id = 2))",
                  "Rows Removed by Filter": 442110
                }
              ]
            }
          ]
        }
      ]
    },
    "Planning Time": 0.223,
    "Triggers": [],
    "Execution Time": 114.832
  }
]