[
  {
    "Plan": {
      "Node Type": "Aggregate",
      "Strategy": "Plain",
      "Partial Mode": "Simple",
      "Parallel Aware": false,
      "Startup Cost": 123363.63,
      "Total Cost": 123363.64,
      "Plan Rows": 1,
      "Plan Width": 8,
      "Actual Startup Time": 40.078,
      "Actual Total Time": 40.08,
      "Actual Rows": 1,
      "Actual Loops": 1,
      "Plans": [
        {
          "Node Type": "Bitmap Heap Scan",
          "Parent Relationship": "Outer",
          "Parallel Aware": false,
          "Relation Name": "movie_info",
          "Alias": "mi",
          "Startup Cost": 1153.1,
          "Total Cost": 123204.7,
          "Plan Rows": 63570,
          "Plan Width": 0,
          "Actual Startup Time": 9.901,
          "Actual Total Time": 34.406,
          "Actual Rows": 61128,
          "Actual Loops": 1,
          "Recheck Cond": "(info_type_id = 103)",
          "Rows Removed by Index Recheck": 0,
          "Exact Heap Blocks": 4954,
          "Lossy Heap Blocks": 0,
          "Plans": [
            {
              "Node Type": "Bitmap Index Scan",
              "Parent Relationship": "Outer",
              "Parallel Aware": false,
              "Index Name": "info_type_id_movie_info",
              "Startup Cost": 0.0,
              "Total Cost": 1137.21,
              "Plan Rows": 63570,
              "Plan Width": 0,
              "Actual Startup Time": 7.956,
              "Actual Total Time": 7.956,
              "Actual Rows": 61128,
              "Actual Loops": 1,
              "Index Cond": "(info_type_id = 103)"
            }
          ]
        }
      ]
    },
    "Planning Time": 0.147,
    "Triggers": [],
    "Execution Time": 40.133
  }
]