[
    {
        "Bao": {
            "Bao prediction": "NaN",
            "Bao recommended hint": "(no hint)"
        }
    },
    {
        "Plan": {
            "Node Type": "Aggregate",
            "Strategy": "Plain",
            "Partial Mode": "Finalize",
            "Parallel Aware": false,
            "Startup Cost": 75278.62,
            "Total Cost": 75278.63,
            "Plan Rows": 1,
            "Plan Width": 8,
            "Actual Startup Time": 181.929,
            "Actual Total Time": 197.556,
            "Actual Rows": 1,
            "Actual Loops": 1,
            "Output": [
                "count(*)"
            ],
            "Plans": [
                {
                    "Node Type": "Gather",
                    "Parent Relationship": "Outer",
                    "Parallel Aware": false,
                    "Startup Cost": 75278.2,
                    "Total Cost": 75278.61,
                    "Plan Rows": 4,
                    "Plan Width": 8,
                    "Actual Startup Time": 181.316,
                    "Actual Total Time": 197.547,
                    "Actual Rows": 5,
                    "Actual Loops": 1,
                    "Output": [
                        "(PARTIAL count(*))"
                    ],
                    "Workers Planned": 4,
                    "Workers Launched": 4,
                    "Single Copy": false,
                    "Plans": [
                        {
                            "Node Type": "Aggregate",
                            "Strategy": "Plain",
                            "Partial Mode": "Partial",
                            "Parent Relationship": "Outer",
                            "Parallel Aware": false,
                            "Startup Cost": 74278.2,
                            "Total Cost": 74278.21,
                            "Plan Rows": 1,
                            "Plan Width": 8,
                            "Actual Startup Time": 171.411,
                            "Actual Total Time": 171.416,
                            "Actual Rows": 1,
                            "Actual Loops": 5,
                            "Output": [
                                "PARTIAL count(*)"
                            ],
                            "Workers": [
                                {
                                    "Worker Number": 0,
                                    "Actual Startup Time": 169.027,
                                    "Actual Total Time": 169.029,
                                    "Actual Rows": 1,
                                    "Actual Loops": 1
                                },
                                {
                                    "Worker Number": 1,
                                    "Actual Startup Time": 169.043,
                                    "Actual Total Time": 169.046,
                                    "Actual Rows": 1,
                                    "Actual Loops": 1
                                },
                                {
                                    "Worker Number": 2,
                                    "Actual Startup Time": 169.166,
                                    "Actual Total Time": 169.168,
                                    "Actual Rows": 1,
                                    "Actual Loops": 1
                                },
                                {
                                    "Worker Number": 3,
                                    "Actual Startup Time": 169.088,
                                    "Actual Total Time": 169.097,
                                    "Actual Rows": 1,
                                    "Actual Loops": 1
                                }
                            ],
                            "Plans": [
                                {
                                    "Node Type": "Nested Loop",
                                    "Parent Relationship": "Outer",
                                    "Parallel Aware": false,
                                    "Join Type": "Inner",
                                    "Startup Cost": 20452.93,
                                    "Total Cost": 74245.8,
                                    "Plan Rows": 12960,
                                    "Plan Width": 0,
                                    "Actual Startup Time": 86.683,
                                    "Actual Total Time": 169.448,
                                    "Actual Rows": 28706,
                                    "Actual Loops": 5,
                                    "Inner Unique": false,
                                    "Workers": [
                                        {
                                            "Worker Number": 0,
                                            "Actual Startup Time": 86.155,
                                            "Actual Total Time": 167.253,
                                            "Actual Rows": 24835,
                                            "Actual Loops": 1
                                        },
                                        {
                                            "Worker Number": 1,
                                            "Actual Startup Time": 83.693,
                                            "Actual Total Time": 167.138,
                                            "Actual Rows": 28249,
                                            "Actual Loops": 1
                                        },
                                        {
                                            "Worker Number": 2,
                                            "Actual Startup Time": 81.204,
                                            "Actual Total Time": 167.294,
                                            "Actual Rows": 26835,
                                            "Actual Loops": 1
                                        },
                                        {
                                            "Worker Number": 3,
                                            "Actual Startup Time": 80.143,
                                            "Actual Total Time": 167.46,
                                            "Actual Rows": 25941,
                                            "Actual Loops": 1
                                        }
                                    ],
                                    "Plans": [
                                        {
                                            "Node Type": "Hash Join",
                                            "Parent Relationship": "Outer",
                                            "Parallel Aware": true,
                                            "Join Type": "Inner",
                                            "Startup Cost": 20452.5,
                                            "Total Cost": 65026.59,
                                            "Plan Rows": 2937,
                                            "Plan Width": 8,
                                            "Actual Startup Time": 86.619,
                                            "Actual Total Time": 111.677,
                                            "Actual Rows": 2902,
                                            "Actual Loops": 5,
                                            "Output": [
                                                "t.id",
                                                "mc.movie_id"
                                            ],
                                            "Inner Unique": false,
                                            "Hash Cond": "(t.id = mc.movie_id)",
                                            "Workers": [
                                                {
                                                    "Worker Number": 0,
                                                    "Actual Startup Time": 86.094,
                                                    "Actual Total Time": 108.879,
                                                    "Actual Rows": 2644,
                                                    "Actual Loops": 1
                                                },
                                                {
                                                    "Worker Number": 1,
                                                    "Actual Startup Time": 83.626,
                                                    "Actual Total Time": 108.097,
                                                    "Actual Rows": 2641,
                                                    "Actual Loops": 1
                                                },
                                                {
                                                    "Worker Number": 2,
                                                    "Actual Startup Time": 81.118,
                                                    "Actual Total Time": 108.19,
                                                    "Actual Rows": 2665,
                                                    "Actual Loops": 1
                                                },
                                                {
                                                    "Worker Number": 3,
                                                    "Actual Startup Time": 80.061,
                                                    "Actual Total Time": 107.041,
                                                    "Actual Rows": 2584,
                                                    "Actual Loops": 1
                                                }
                                            ],
                                            "Plans": [
                                                {
                                                    "Node Type": "Seq Scan",
                                                    "Parent Relationship": "Outer",
                                                    "Parallel Aware": true,
                                                    "Relation Name": "title",
                                                    "Schema": "public",
                                                    "Alias": "t",
                                                    "Startup Cost": 0.0,
                                                    "Total Cost": 43899.01,
                                                    "Plan Rows": 133123,
                                                    "Plan Width": 4,
                                                    "Actual Startup Time": 0.023,
                                                    "Actual Total Time": 73.168,
                                                    "Actual Rows": 106674,
                                                    "Actual Loops": 5,
                                                    "Output": [
                                                        "t.id",
                                                        "t.title",
                                                        "t.imdb_index",
                                                        "t.kind_id",
                                                        "t.production_year",
                                                        "t.imdb_id",
                                                        "t.phonetic_code",
                                                        "t.episode_of_id",
                                                        "t.season_nr",
                                                        "t.episode_nr",
                                                        "t.series_years",
                                                        "t.md5sum"
                                                    ],
                                                    "Filter": "(t.production_year > 2009)",
                                                    "Rows Removed by Filter": 398989,
                                                    "Workers": [
                                                        {
                                                            "Worker Number": 0,
                                                            "Actual Startup Time": 0.014,
                                                            "Actual Total Time": 73.695,
                                                            "Actual Rows": 103021,
                                                            "Actual Loops": 1
                                                        },
                                                        {
                                                            "Worker Number": 1,
                                                            "Actual Startup Time": 0.026,
                                                            "Actual Total Time": 73.039,
                                                            "Actual Rows": 103377,
                                                            "Actual Loops": 1
                                                        },
                                                        {
                                                            "Worker Number": 2,
                                                            "Actual Startup Time": 0.026,
                                                            "Actual Total Time": 73.091,
                                                            "Actual Rows": 101131,
                                                            "Actual Loops": 1
                                                        },
                                                        {
                                                            "Worker Number": 3,
                                                            "Actual Startup Time": 0.042,
                                                            "Actual Total Time": 71.486,
                                                            "Actual Rows": 100532,
                                                            "Actual Loops": 1
                                                        }
                                                    ]
                                                },
                                                {
                                                    "Node Type": "Hash",
                                                    "Parent Relationship": "Inner",
                                                    "Parallel Aware": true,
                                                    "Startup Cost": 20227.6,
                                                    "Total Cost": 20227.6,
                                                    "Plan Rows": 17992,
                                                    "Plan Width": 4,
                                                    "Actual Startup Time": 18.694,
                                                    "Actual Total Time": 18.695,
                                                    "Actual Rows": 11516,
                                                    "Actual Loops": 5,
                                                    "Output": [
                                                        "mc.movie_id"
                                                    ],
                                                    "Hash Buckets": 65536,
                                                    "Original Hash Buckets": 65536,
                                                    "Hash Batches": 1,
                                                    "Original Hash Batches": 1,
                                                    "Peak Memory Usage": 2816,
                                                    "Workers": [
                                                        {
                                                            "Worker Number": 0,
                                                            "Actual Startup Time": 16.422,
                                                            "Actual Total Time": 16.423,
                                                            "Actual Rows": 6391,
                                                            "Actual Loops": 1
                                                        },
                                                        {
                                                            "Worker Number": 1,
                                                            "Actual Startup Time": 16.432,
                                                            "Actual Total Time": 16.434,
                                                            "Actual Rows": 7119,
                                                            "Actual Loops": 1
                                                        },
                                                        {
                                                            "Worker Number": 2,
                                                            "Actual Startup Time": 16.499,
                                                            "Actual Total Time": 16.5,
                                                            "Actual Rows": 6366,
                                                            "Actual Loops": 1
                                                        },
                                                        {
                                                            "Worker Number": 3,
                                                            "Actual Startup Time": 16.486,
                                                            "Actual Total Time": 16.487,
                                                            "Actual Rows": 5996,
                                                            "Actual Loops": 1
                                                        }
                                                    ],
                                                    "Plans": [
                                                        {
                                                            "Node Type": "Bitmap Heap Scan",
                                                            "Parent Relationship": "Outer",
                                                            "Parallel Aware": true,
                                                            "Relation Name": "movie_companies",
                                                            "Schema": "public",
                                                            "Alias": "mc",
                                                            "Startup Cost": 1212.69,
                                                            "Total Cost": 20227.6,
                                                            "Plan Rows": 17992,
                                                            "Plan Width": 4,
                                                            "Actual Startup Time": 1.153,
                                                            "Actual Total Time": 12.678,
                                                            "Actual Rows": 11516,
                                                            "Actual Loops": 5,
                                                            "Output": [
                                                                "mc.movie_id"
                                                            ],
                                                            "Recheck Cond": "(mc.company_id > 185599)",
                                                            "Rows Removed by Index Recheck": 0,
                                                            "Exact Heap Blocks": 1155,
                                                            "Lossy Heap Blocks": 0,
                                                            "Workers": [
                                                                {
                                                                    "Worker Number": 0,
                                                                    "Actual Startup Time": 0.142,
                                                                    "Actual Total Time": 11.335,
                                                                    "Actual Rows": 6391,
                                                                    "Actual Loops": 1
                                                                },
                                                                {
                                                                    "Worker Number": 1,
                                                                    "Actual Startup Time": 0.145,
                                                                    "Actual Total Time": 12.077,
                                                                    "Actual Rows": 7119,
                                                                    "Actual Loops": 1
                                                                },
                                                                {
                                                                    "Worker Number": 2,
                                                                    "Actual Startup Time": 0.096,
                                                                    "Actual Total Time": 11.31,
                                                                    "Actual Rows": 6366,
                                                                    "Actual Loops": 1
                                                                },
                                                                {
                                                                    "Worker Number": 3,
                                                                    "Actual Startup Time": 0.132,
                                                                    "Actual Total Time": 11.794,
                                                                    "Actual Rows": 5996,
                                                                    "Actual Loops": 1
                                                                }
                                                            ],
                                                            "Plans": [
                                                                {
                                                                    "Node Type": "Bitmap Index Scan",
                                                                    "Parent Relationship": "Outer",
                                                                    "Parallel Aware": false,
                                                                    "Index Name": "company_id_movie_companies",
                                                                    "Startup Cost": 0.0,
                                                                    "Total Cost": 1198.75,
                                                                    "Plan Rows": 55776,
                                                                    "Plan Width": 0,
                                                                    "Actual Startup Time": 4.634,
                                                                    "Actual Total Time": 4.634,
                                                                    "Actual Rows": 57579,
                                                                    "Actual Loops": 1,
                                                                    "Index Cond": "(mc.company_id > 185599)"
                                                                }
                                                            ]
                                                        }
                                                    ]
                                                }
                                            ]
                                        },
                                        {
                                            "Node Type": "Index Scan",
                                            "Parent Relationship": "Inner",
                                            "Parallel Aware": false,
                                            "Scan Direction": "Forward",
                                            "Index Name": "movie_id_movie_info",
                                            "Relation Name": "movie_info",
                                            "Schema": "public",
                                            "Alias": "mi",
                                            "Startup Cost": 0.43,
                                            "Total Cost": 2.84,
                                            "Plan Rows": 30,
                                            "Plan Width": 4,
                                            "Actual Startup Time": 0.008,
                                            "Actual Total Time": 0.019,
                                            "Actual Rows": 10,
                                            "Actual Loops": 14510,
                                            "Output": [
                                                "mi.id",
                                                "mi.movie_id",
                                                "mi.info_type_id",
                                                "mi.info",
                                                "mi.note"
                                            ],
                                            "Index Cond": "(mi.movie_id = t.id)",
                                            "Rows Removed by Index Recheck": 0,
                                            "Filter": "(mi.info_type_id > 3)",
                                            "Rows Removed by Filter": 4,
                                            "Workers": [
                                                {
                                                    "Worker Number": 0,
                                                    "Actual Startup Time": 0.009,
                                                    "Actual Total Time": 0.021,
                                                    "Actual Rows": 9,
                                                    "Actual Loops": 2644
                                                },
                                                {
                                                    "Worker Number": 1,
                                                    "Actual Startup Time": 0.009,
                                                    "Actual Total Time": 0.021,
                                                    "Actual Rows": 11,
                                                    "Actual Loops": 2641
                                                },
                                                {
                                                    "Worker Number": 2,
                                                    "Actual Startup Time": 0.009,
                                                    "Actual Total Time": 0.021,
                                                    "Actual Rows": 10,
                                                    "Actual Loops": 2665
                                                },
                                                {
                                                    "Worker Number": 3,
                                                    "Actual Startup Time": 0.009,
                                                    "Actual Total Time": 0.022,
                                                    "Actual Rows": 10,
                                                    "Actual Loops": 2584
                                                }
                                            ]
                                        }
                                    ]
                                }
                            ]
                        }
                    ]
                }
            ]
        },
        "Planning Time": 292.439,
        "Triggers": [],
        "Execution Time": 197.657
    }
]