{
  "Plan": {
    "Node Type": "Aggregate",
    "Strategy": "Plain",
    "Partial Mode": "Finalize",
    "Parallel Aware": false,
    "Startup Cost": 184684.12,
    "Total Cost": 184684.13,
    "Plan Rows": 1,
    "Plan Width": 8,
    "Actual Startup Time": 80.215,
    "Actual Total Time": 90.216,
    "Actual Rows": 1,
    "Actual Loops": 1,
    "Plans": [
      {
        "Node Type": "Gather",
        "Parent Relationship": "Outer",
        "Parallel Aware": false,
        "Startup Cost": 184684.01,
        "Total Cost": 184684.12,
        "Plan Rows": 1,
        "Plan Width": 8,
        "Actual Startup Time": 80.084,
        "Actual Total Time": 90.209,
        "Actual Rows": 2,
        "Actual Loops": 1,
        "Workers Planned": 1,
        "Workers Launched": 1,
        "Single Copy": false,
        "Plans": [
          {
            "Node Type": "Aggregate",
            "Strategy": "Plain",
            "Partial Mode": "Partial",
            "Parent Relationship": "Outer",
            "Parallel Aware": false,
            "Startup Cost": 183684.01,
            "Total Cost": 183684.02,
            "Plan Rows": 1,
            "Plan Width": 8,
            "Actual Startup Time": 75.902,
            "Actual Total Time": 75.904,
            "Actual Rows": 1,
            "Actual Loops": 2,
            "Plans": [
              {
                "Node Type": "Nested Loop",
                "Parent Relationship": "Outer",
                "Parallel Aware": false,
                "Join Type": "Inner",
                "Startup Cost": 2181.81,
                "Total Cost": 183668.99,
                "Plan Rows": 6009,
                "Plan Width": 0,
                "Actual Startup Time": 19.035,
                "Actual Total Time": 75.23,
                "Actual Rows": 8378,
                "Actual Loops": 2,
                "Inner Unique": false,
                "Plans": [
                  {
                    "Node Type": "Bitmap Heap Scan",
                    "Parent Relationship": "Outer",
                    "Parallel Aware": true,
                    "Relation Name": "title",
                    "Alias": "t",
                    "Startup Cost": 2181.37,
                    "Total Cost": 39257.62,
                    "Plan Rows": 1028,
                    "Plan Width": 4,
                    "Actual Startup Time": 18.878,
                    "Actual Total Time": 46.345,
                    "Actual Rows": 1200,
                    "Actual Loops": 2,
                    "Recheck Cond": "(kind_id = 4)",
                    "Rows Removed by Index Recheck": 0,
                    "Filter": "(production_year = 1995)",
                    "Rows Removed by Filter": 57917,
                    "Exact Heap Blocks": 10555,
                    "Lossy Heap Blocks": 0,
                    "Plans": [
                      {
                        "Node Type": "Bitmap Index Scan",
                        "Parent Relationship": "Outer",
                        "Parallel Aware": false,
                        "Index Name": "kind_id_title",
                        "Startup Cost": 0.0,
                        "Total Cost": 2180.94,
                        "Plan Rows": 122201,
                        "Plan Width": 0,
                        "Actual Startup Time": 17.263,
                        "Actual Total Time": 17.263,
                        "Actual Rows": 118234,
                        "Actual Loops": 1,
                        "Index Cond": "(kind_id = 4)"
                      }
                    ]
                  },
                  {
                    "Node Type": "Index Only Scan",
                    "Parent Relationship": "Inner",
                    "Parallel Aware": false,
                    "Scan Direction": "Forward",
                    "Index Name": "movie_id_movie_info",
                    "Relation Name": "movie_info",
                    "Alias": "mi",
                    "Startup Cost": 0.43,
                    "Total Cost": 140.06,
                    "Plan Rows": 42,
                    "Plan Width": 4,
                    "Actual Startup Time": 0.01,
                    "Actual Total Time": 0.023,
                    "Actual Rows": 7,
                    "Actual Loops": 2400,
                    "Index Cond": "(movie_id = t.id)",
                    "Rows Removed by Index Recheck": 0,
                    "Heap Fetches": 16756
                  }
                ]
              }
            ]
          }
        ]
      }
    ]
  },
  "Planning Time": 0.446,
  "Triggers": [],
  "Execution Time": 90.307
}