[
  {
    "Plan": {
      "Node Type": "Aggregate",
      "Strategy": "Plain",
      "Partial Mode": "Finalize",
      "Parallel Aware": false,
      "Startup Cost": 464435.96,
      "Total Cost": 464435.97,
      "Plan Rows": 1,
      "Plan Width": 8,
      "Actual Startup Time": 2371.165,
      "Actual Total Time": 2447.627,
      "Actual Rows": 1,
      "Actual Loops": 1,
      "Plans": [
        {
          "Node Type": "Gather",
          "Parent Relationship": "Outer",
          "Parallel Aware": false,
          "Startup Cost": 464435.65,
          "Total Cost": 464435.96,
          "Plan Rows": 3,
          "Plan Width": 8,
          "Actual Startup Time": 2331.161,
          "Actual Total Time": 2447.615,
          "Actual Rows": 4,
          "Actual Loops": 1,
          "Workers Planned": 3,
          "Workers Launched": 3,
          "Single Copy": false,
          "Plans": [
            {
              "Node Type": "Aggregate",
              "Strategy": "Plain",
              "Partial Mode": "Partial",
              "Parent Relationship": "Outer",
              "Parallel Aware": false,
              "Startup Cost": 463435.65,
              "Total Cost": 463435.66,
              "Plan Rows": 1,
              "Plan Width": 8,
              "Actual Startup Time": 2307.93,
              "Actual Total Time": 2307.938,
              "Actual Rows": 1,
              "Actual Loops": 4,
              "Plans": [
                {
                  "Node Type": "Hash Join",
                  "Parent Relationship": "Outer",
                  "Parallel Aware": true,
                  "Join Type": "Inner",
                  "Startup Cost": 407973.9,
                  "Total Cost": 457954.01,
                  "Plan Rows": 2192654,
                  "Plan Width": 0,
                  "Actual Startup Time": 1954.923,
                  "Actual Total Time": 2262.558,
                  "Actual Rows": 824210,
                  "Actual Loops": 4,
                  "Inner Unique": false,
                  "Hash Cond": "(mk.movie_id = t.id)",
                  "Plans": [
                    {
                      "Node Type": "Seq Scan",
                      "Parent Relationship": "Outer",
                      "Parallel Aware": true,
                      "Relation Name": "movie_keyword",
                      "Alias": "mk",
                      "Startup Cost": 0.0,
                      "Total Cost": 42695.65,
                      "Plan Rows": 968009,
                      "Plan Width": 4,
                      "Actual Startup Time": 0.18,
                      "Actual Total Time": 138.145,
                      "Actual Rows": 751682,
                      "Actual Loops": 4,
                      "Filter": "(keyword_id > 2197)",
                      "Rows Removed by Filter": 379300
                    },
                    {
                      "Node Type": "Hash",
                      "Parent Relationship": "Inner",
                      "Parallel Aware": true,
                      "Startup Cost": 396042.29,
                      "Total Cost": 396042.29,
                      "Plan Rows": 954529,
                      "Plan Width": 8,
                      "Actual Startup Time": 1936.023,
                      "Actual Total Time": 1936.028,
                      "Actual Rows": 363762,
                      "Actual Loops": 4,
                      "Hash Buckets": 8388608,
                      "Original Hash Buckets": 8388608,
                      "Hash Batches": 1,
                      "Original Hash Batches": 1,
                      "Peak Memory Usage": 122560,
                      "Plans": [
                        {
                          "Node Type": "Hash Join",
                          "Parent Relationship": "Outer",
                          "Parallel Aware": true,
                          "Join Type": "Inner",
                          "Startup Cost": 50220.38,
                          "Total Cost": 396042.29,
                          "Plan Rows": 954529,
                          "Plan Width": 8,
                          "Actual Startup Time": 1074.459,
                          "Actual Total Time": 1731.703,
                          "Actual Rows": 363762,
                          "Actual Loops": 4,
                          "Inner Unique": true,
                          "Hash Cond": "(ci.movie_id = t.id)",
                          "Plans": [
                            {
                              "Node Type": "Seq Scan",
                              "Parent Relationship": "Outer",
                              "Parallel Aware": true,
                              "Relation Name": "cast_info",
                              "Alias": "ci",
                              "Startup Cost": 0.0,
                              "Total Cost": 343316.27,
                              "Plan Rows": 954529,
                              "Plan Width": 4,
                              "Actual Startup Time": 662.725,
                              "Actual Total Time": 1111.972,
                              "Actual Rows": 363762,
                              "Actual Loops": 4,
                              "Filter": "((person_id > 2835900) AND (role_id < 4))",
                              "Rows Removed by Filter": 8697324
                            },
                            {
                              "Node Type": "Hash",
                              "Parent Relationship": "Inner",
                              "Parallel Aware": true,
                              "Startup Cost": 42319.06,
                              "Total Cost": 42319.06,
                              "Plan Rows": 632106,
                              "Plan Width": 4,
                              "Actual Startup Time": 402.908,
                              "Actual Total Time": 402.91,
                              "Actual Rows": 632078,
                              "Actual Loops": 4,
                              "Hash Buckets": 4194304,
                              "Original Hash Buckets": 4194304,
                              "Hash Batches": 1,
                              "Original Hash Batches": 1,
                              "Peak Memory Usage": 131712,
                              "Plans": [
                                {
                                  "Node Type": "Seq Scan",
                                  "Parent Relationship": "Outer",
                                  "Parallel Aware": true,
                                  "Relation Name": "title",
                                  "Alias": "t",
                                  "Startup Cost": 0.0,
                                  "Total Cost": 42319.06,
                                  "Plan Rows": 632106,
                                  "Plan Width": 4,
                                  "Actual Startup Time": 0.061,
                                  "Actual Total Time": 121.265,
                                  "Actual Rows": 632078,
                                  "Actual Loops": 4
                                }
                              ]
                            }
                          ]
                        }
                      ]
                    }
                  ]
                }
              ]
            }
          ]
        }
      ]
    },
    "Planning Time": 1.058,
    "Triggers": [],
    "Execution Time": 2447.696
  }
]