[
  {
    "Plan": {
      "Node Type": "Aggregate",
      "Strategy": "Plain",
      "Partial Mode": "Simple",
      "Parallel Aware": false,
      "Startup Cost": 19944.48,
      "Total Cost": 19944.49,
      "Plan Rows": 1,
      "Plan Width": 8,
      "Actual Startup Time": 4.336,
      "Actual Total Time": 4.337,
      "Actual Rows": 1,
      "Actual Loops": 1,
      "Plans": [
        {
          "Node Type": "Bitmap Heap Scan",
          "Parent Relationship": "Outer",
          "Parallel Aware": false,
          "Relation Name": "movie_info",
          "Alias": "mi",
          "Startup Cost": 109.79,
          "Total Cost": 19929.85,
          "Plan Rows": 5852,
          "Plan Width": 0,
          "Actual Startup Time": 0.62,
          "Actual Total Time": 3.905,
          "Actual Rows": 6620,
          "Actual Loops": 1,
          "Recheck Cond": "(info_type_id = 81)",
          "Rows Removed by Index Recheck": 0,
          "Exact Heap Blocks": 1314,
          "Lossy Heap Blocks": 0,
          "Plans": [
            {
              "Node Type": "Bitmap Index Scan",
              "Parent Relationship": "Outer",
              "Parallel Aware": false,
              "Index Name": "info_type_id_movie_info",
              "Startup Cost": 0.0,
              "Total Cost": 108.33,
              "Plan Rows": 5852,
              "Plan Width": 0,
              "Actual Startup Time": 0.426,
              "Actual Total Time": 0.427,
              "Actual Rows": 6620,
              "Actual Loops": 1,
              "Index Cond": "(info_type_id = 81)"
            }
          ]
        }
      ]
    },
    "Planning Time": 0.053,
    "Triggers": [],
    "Execution Time": 4.358
  }
]