[
  {
    "Plan": {
      "Node Type": "Aggregate",
      "Strategy": "Plain",
      "Partial Mode": "Finalize",
      "Parallel Aware": false,
      "Startup Cost": 348537.43,
      "Total Cost": 348537.44,
      "Plan Rows": 1,
      "Plan Width": 8,
      "Actual Startup Time": 815.729,
      "Actual Total Time": 860.747,
      "Actual Rows": 1,
      "Actual Loops": 1,
      "Plans": [
        {
          "Node Type": "Gather",
          "Parent Relationship": "Outer",
          "Parallel Aware": false,
          "Startup Cost": 348536.8,
          "Total Cost": 348537.41,
          "Plan Rows": 6,
          "Plan Width": 8,
          "Actual Startup Time": 815.549,
          "Actual Total Time": 860.734,
          "Actual Rows": 7,
          "Actual Loops": 1,
          "Workers Planned": 6,
          "Workers Launched": 6,
          "Single Copy": false,
          "Plans": [
            {
              "Node Type": "Aggregate",
              "Strategy": "Plain",
              "Partial Mode": "Partial",
              "Parent Relationship": "Outer",
              "Parallel Aware": false,
              "Startup Cost": 347536.8,
              "Total Cost": 347536.81,
              "Plan Rows": 1,
              "Plan Width": 8,
              "Actual Startup Time": 808.488,
              "Actual Total Time": 808.489,
              "Actual Rows": 1,
              "Actual Loops": 7,
              "Plans": [
                {
                  "Node Type": "Seq Scan",
                  "Parent Relationship": "Outer",
                  "Parallel Aware": true,
                  "Relation Name": "cast_info",
                  "Alias": "ci",
                  "Startup Cost": 0.0,
                  "Total Cost": 343316.27,
                  "Plan Rows": 1688212,
                  "Plan Width": 0,
                  "Actual Startup Time": 371.729,
                  "Actual Total Time": 714.116,
                  "Actual Rows": 1771274,
                  "Actual Loops": 7,
                  "Filter": "((person_id > 1327142) AND (role_id > 2))",
                  "Rows Removed by Filter": 3406490
                }
              ]
            }
          ]
        }
      ]
    },
    "Planning Time": 0.195,
    "Triggers": [],
    "Execution Time": 860.814
  }
]