[
  {
    "Plan": {
      "Node Type": "Aggregate",
      "Strategy": "Plain",
      "Partial Mode": "Finalize",
      "Parallel Aware": false,
      "Startup Cost": 348548.53,
      "Total Cost": 348548.54,
      "Plan Rows": 1,
      "Plan Width": 8,
      "Actual Startup Time": 772.847,
      "Actual Total Time": 833.116,
      "Actual Rows": 1,
      "Actual Loops": 1,
      "Plans": [
        {
          "Node Type": "Gather",
          "Parent Relationship": "Outer",
          "Parallel Aware": false,
          "Startup Cost": 348547.9,
          "Total Cost": 348548.51,
          "Plan Rows": 6,
          "Plan Width": 8,
          "Actual Startup Time": 772.716,
          "Actual Total Time": 833.103,
          "Actual Rows": 7,
          "Actual Loops": 1,
          "Workers Planned": 6,
          "Workers Launched": 6,
          "Single Copy": false,
          "Plans": [
            {
              "Node Type": "Aggregate",
              "Strategy": "Plain",
              "Partial Mode": "Partial",
              "Parent Relationship": "Outer",
              "Parallel Aware": false,
              "Startup Cost": 347547.9,
              "Total Cost": 347547.91,
              "Plan Rows": 1,
              "Plan Width": 8,
              "Actual Startup Time": 762.403,
              "Actual Total Time": 762.404,
              "Actual Rows": 1,
              "Actual Loops": 7,
              "Plans": [
                {
                  "Node Type": "Seq Scan",
                  "Parent Relationship": "Outer",
                  "Parallel Aware": true,
                  "Relation Name": "cast_info",
                  "Alias": "ci",
                  "Startup Cost": 0.0,
                  "Total Cost": 343257.03,
                  "Plan Rows": 1716350,
                  "Plan Width": 0,
                  "Actual Startup Time": 358.114,
                  "Actual Total Time": 683.887,
                  "Actual Rows": 1771274,
                  "Actual Loops": 7,
                  "Filter": "((person_id > 1327142) AND (role_id > 2))",
                  "Rows Removed by Filter": 3406490
                }
              ]
            }
          ]
        }
      ]
    },
    "Planning Time": 0.233,
    "Triggers": [],
    "Execution Time": 833.194
  }
]