[
  {
    "Plan": {
      "Node Type": "Aggregate",
      "Strategy": "Plain",
      "Partial Mode": "Finalize",
      "Parallel Aware": false,
      "Startup Cost": 64528.53,
      "Total Cost": 64528.54,
      "Plan Rows": 1,
      "Plan Width": 8,
      "Actual Startup Time": 183.704,
      "Actual Total Time": 214.12,
      "Actual Rows": 1,
      "Actual Loops": 1,
      "Plans": [
        {
          "Node Type": "Gather",
          "Parent Relationship": "Outer",
          "Parallel Aware": false,
          "Startup Cost": 64528.11,
          "Total Cost": 64528.52,
          "Plan Rows": 4,
          "Plan Width": 8,
          "Actual Startup Time": 183.492,
          "Actual Total Time": 214.108,
          "Actual Rows": 5,
          "Actual Loops": 1,
          "Workers Planned": 4,
          "Workers Launched": 4,
          "Single Copy": false,
          "Plans": [
            {
              "Node Type": "Aggregate",
              "Strategy": "Plain",
              "Partial Mode": "Partial",
              "Parent Relationship": "Outer",
              "Parallel Aware": false,
              "Startup Cost": 63528.11,
              "Total Cost": 63528.12,
              "Plan Rows": 1,
              "Plan Width": 8,
              "Actual Startup Time": 177.019,
              "Actual Total Time": 177.022,
              "Actual Rows": 1,
              "Actual Loops": 5,
              "Plans": [
                {
                  "Node Type": "Nested Loop",
                  "Parent Relationship": "Outer",
                  "Parallel Aware": false,
                  "Join Type": "Inner",
                  "Startup Cost": 1.0,
                  "Total Cost": 63522.48,
                  "Plan Rows": 2250,
                  "Plan Width": 0,
                  "Actual Startup Time": 23.094,
                  "Actual Total Time": 175.672,
                  "Actual Rows": 21262,
                  "Actual Loops": 5,
                  "Inner Unique": false,
                  "Join Filter": "(t.id = ci.movie_id)",
                  "Rows Removed by Join Filter": 0,
                  "Plans": [
                    {
                      "Node Type": "Nested Loop",
                      "Parent Relationship": "Outer",
                      "Parallel Aware": false,
                      "Join Type": "Inner",
                      "Startup Cost": 0.43,
                      "Total Cost": 61608.3,
                      "Plan Rows": 489,
                      "Plan Width": 8,
                      "Actual Startup Time": 21.304,
                      "Actual Total Time": 100.975,
                      "Actual Rows": 1239,
                      "Actual Loops": 5,
                      "Inner Unique": false,
                      "Plans": [
                        {
                          "Node Type": "Seq Scan",
                          "Parent Relationship": "Outer",
                          "Parallel Aware": true,
                          "Relation Name": "title",
                          "Alias": "t",
                          "Startup Cost": 0.0,
                          "Total Cost": 45479.59,
                          "Plan Rows": 1956,
                          "Plan Width": 4,
                          "Actual Startup Time": 0.392,
                          "Actual Total Time": 81.185,
                          "Actual Rows": 1734,
                          "Actual Loops": 5,
                          "Filter": "((kind_id < 7) AND (production_year = 1989))",
                          "Rows Removed by Filter": 503929
                        },
                        {
                          "Node Type": "Index Scan",
                          "Parent Relationship": "Inner",
                          "Parallel Aware": false,
                          "Scan Direction": "Forward",
                          "Index Name": "movie_id_movie_keyword",
                          "Relation Name": "movie_keyword",
                          "Alias": "mk",
                          "Startup Cost": 0.43,
                          "Total Cost": 8.19,
                          "Plan Rows": 6,
                          "Plan Width": 4,
                          "Actual Startup Time": 0.01,
                          "Actual Total Time": 0.011,
                          "Actual Rows": 1,
                          "Actual Loops": 8669,
                          "Index Cond": "(movie_id = t.id)",
                          "Rows Removed by Index Recheck": 0,
                          "Filter": "(keyword_id > 29029)",
                          "Rows Removed by Filter": 5
                        }
                      ]
                    },
                    {
                      "Node Type": "Index Scan",
                      "Parent Relationship": "Inner",
                      "Parallel Aware": false,
                      "Scan Direction": "Forward",
                      "Index Name": "movie_id_cast_info",
                      "Relation Name": "cast_info",
                      "Alias": "ci",
                      "Startup Cost": 0.56,
                      "Total Cost": 3.78,
                      "Plan Rows": 11,
                      "Plan Width": 4,
                      "Actual Startup Time": 0.039,
                      "Actual Total Time": 0.058,
                      "Actual Rows": 17,
                      "Actual Loops": 6197,
                      "Index Cond": "(movie_id = mk.movie_id)",
                      "Rows Removed by Index Recheck": 0,
                      "Filter": "((person_id > 143086) AND (role_id > 3))",
                      "Rows Removed by Filter": 28
                    }
                  ]
                }
              ]
            }
          ]
        }
      ]
    },
    "Planning Time": 1.129,
    "Triggers": [],
    "Execution Time": 214.205
  }
]