{
  "Plan": {
    "Node Type": "Aggregate",
    "Strategy": "Plain",
    "Partial Mode": "Finalize",
    "Parallel Aware": false,
    "Startup Cost": 648168.89,
    "Total Cost": 648168.9,
    "Plan Rows": 1,
    "Plan Width": 8,
    "Actual Startup Time": 6001.685,
    "Actual Total Time": 6068.438,
    "Actual Rows": 1,
    "Actual Loops": 1,
    "Plans": [
      {
        "Node Type": "Gather",
        "Parent Relationship": "Outer",
        "Parallel Aware": false,
        "Startup Cost": 648168.78,
        "Total Cost": 648168.89,
        "Plan Rows": 1,
        "Plan Width": 8,
        "Actual Startup Time": 6000.073,
        "Actual Total Time": 6068.43,
        "Actual Rows": 2,
        "Actual Loops": 1,
        "Workers Planned": 1,
        "Workers Launched": 1,
        "Single Copy": false,
        "Plans": [
          {
            "Node Type": "Aggregate",
            "Strategy": "Plain",
            "Partial Mode": "Partial",
            "Parent Relationship": "Outer",
            "Parallel Aware": false,
            "Startup Cost": 647168.78,
            "Total Cost": 647168.79,
            "Plan Rows": 1,
            "Plan Width": 8,
            "Actual Startup Time": 5994.361,
            "Actual Total Time": 5994.364,
            "Actual Rows": 1,
            "Actual Loops": 2,
            "Plans": [
              {
                "Node Type": "Hash Join",
                "Parent Relationship": "Outer",
                "Parallel Aware": true,
                "Join Type": "Inner",
                "Startup Cost": 63405.62,
                "Total Cost": 633769.31,
                "Plan Rows": 5359789,
                "Plan Width": 0,
                "Actual Startup Time": 336.503,
                "Actual Total Time": 5781.302,
                "Actual Rows": 5022962,
                "Actual Loops": 2,
                "Inner Unique": true,
                "Hash Cond": "(ci.movie_id = t.id)",
                "Plans": [
                  {
                    "Node Type": "Seq Scan",
                    "Parent Relationship": "Outer",
                    "Parallel Aware": true,
                    "Relation Name": "cast_info",
                    "Alias": "ci",
                    "Startup Cost": 0.0,
                    "Total Cost": 519069.44,
                    "Plan Rows": 19540632,
                    "Plan Width": 4,
                    "Actual Startup Time": 70.447,
                    "Actual Total Time": 1717.212,
                    "Actual Rows": 16588059,
                    "Actual Loops": 2,
                    "Filter": "(person_id > 297799)",
                    "Rows Removed by Filter": 1534113
                  },
                  {
                    "Node Type": "Hash",
                    "Parent Relationship": "Inner",
                    "Parallel Aware": true,
                    "Startup Cost": 58306.47,
                    "Total Cost": 58306.47,
                    "Plan Rows": 407932,
                    "Plan Width": 4,
                    "Actual Startup Time": 256.32,
                    "Actual Total Time": 256.321,
                    "Actual Rows": 369654,
                    "Actual Loops": 2,
                    "Hash Buckets": 1048576,
                    "Original Hash Buckets": 1048576,
                    "Hash Batches": 1,
                    "Original Hash Batches": 1,
                    "Peak Memory Usage": 37152,
                    "Plans": [
                      {
                        "Node Type": "Seq Scan",
                        "Parent Relationship": "Outer",
                        "Parallel Aware": true,
                        "Relation Name": "title",
                        "Alias": "t",
                        "Startup Cost": 0.0,
                        "Total Cost": 58306.47,
                        "Plan Rows": 407932,
                        "Plan Width": 4,
                        "Actual Startup Time": 0.04,
                        "Actual Total Time": 162.531,
                        "Actual Rows": 369654,
                        "Actual Loops": 2,
                        "Filter": "((kind_id < 6) AND (production_year < 2009))",
                        "Rows Removed by Filter": 894502
                      }
                    ]
                  }
                ]
              }
            ]
          }
        ]
      }
    ]
  },
  "Planning Time": 0.7,
  "Triggers": [],
  "Execution Time": 6068.521
}