{
  "Plan": {
    "Node Type": "Aggregate",
    "Strategy": "Plain",
    "Partial Mode": "Finalize",
    "Parallel Aware": false,
    "Startup Cost": 272758.59,
    "Total Cost": 272758.6,
    "Plan Rows": 1,
    "Plan Width": 8,
    "Actual Startup Time": 388.885,
    "Actual Total Time": 397.416,
    "Actual Rows": 1,
    "Actual Loops": 1,
    "Plans": [
      {
        "Node Type": "Gather",
        "Parent Relationship": "Outer",
        "Parallel Aware": false,
        "Startup Cost": 272758.47,
        "Total Cost": 272758.58,
        "Plan Rows": 1,
        "Plan Width": 8,
        "Actual Startup Time": 388.501,
        "Actual Total Time": 397.409,
        "Actual Rows": 2,
        "Actual Loops": 1,
        "Workers Planned": 1,
        "Workers Launched": 1,
        "Single Copy": false,
        "Plans": [
          {
            "Node Type": "Aggregate",
            "Strategy": "Plain",
            "Partial Mode": "Partial",
            "Parent Relationship": "Outer",
            "Parallel Aware": false,
            "Startup Cost": 271758.47,
            "Total Cost": 271758.48,
            "Plan Rows": 1,
            "Plan Width": 8,
            "Actual Startup Time": 382.452,
            "Actual Total Time": 382.455,
            "Actual Rows": 1,
            "Actual Loops": 2,
            "Plans": [
              {
                "Node Type": "Hash Join",
                "Parent Relationship": "Outer",
                "Parallel Aware": true,
                "Join Type": "Inner",
                "Startup Cost": 91392.96,
                "Total Cost": 271686.33,
                "Plan Rows": 28856,
                "Plan Width": 0,
                "Actual Startup Time": 180.514,
                "Actual Total Time": 380.173,
                "Actual Rows": 51476,
                "Actual Loops": 2,
                "Inner Unique": true,
                "Hash Cond": "(mi.movie_id = t.id)",
                "Plans": [
                  {
                    "Node Type": "Bitmap Heap Scan",
                    "Parent Relationship": "Outer",
                    "Parallel Aware": true,
                    "Relation Name": "movie_info",
                    "Alias": "mi",
                    "Startup Cost": 37261.42,
                    "Total Cost": 214378.69,
                    "Plan Rows": 1209942,
                    "Plan Width": 4,
                    "Actual Startup Time": 58.297,
                    "Actual Total Time": 150.43,
                    "Actual Rows": 1045534,
                    "Actual Loops": 2,
                    "Recheck Cond": "(info_type_id < 3)",
                    "Rows Removed by Index Recheck": 0,
                    "Exact Heap Blocks": 7534,
                    "Lossy Heap Blocks": 0,
                    "Plans": [
                      {
                        "Node Type": "Bitmap Index Scan",
                        "Parent Relationship": "Outer",
                        "Parallel Aware": false,
                        "Index Name": "info_type_id_movie_info",
                        "Startup Cost": 0.0,
                        "Total Cost": 36747.19,
                        "Plan Rows": 2056901,
                        "Plan Width": 0,
                        "Actual Startup Time": 56.285,
                        "Actual Total Time": 56.286,
                        "Actual Rows": 2091068,
                        "Actual Loops": 1,
                        "Index Cond": "(info_type_id < 3)"
                      }
                    ]
                  },
                  {
                    "Node Type": "Hash",
                    "Parent Relationship": "Inner",
                    "Parallel Aware": true,
                    "Startup Cost": 53688.18,
                    "Total Cost": 53688.18,
                    "Plan Rows": 35469,
                    "Plan Width": 4,
                    "Actual Startup Time": 102.384,
                    "Actual Total Time": 102.385,
                    "Actual Rows": 30790,
                    "Actual Loops": 2,
                    "Hash Buckets": 65536,
                    "Original Hash Buckets": 65536,
                    "Hash Batches": 1,
                    "Original Hash Batches": 1,
                    "Peak Memory Usage": 2976,
                    "Plans": [
                      {
                        "Node Type": "Bitmap Heap Scan",
                        "Parent Relationship": "Outer",
                        "Parallel Aware": true,
                        "Relation Name": "title",
                        "Alias": "t",
                        "Startup Cost": 11837.92,
                        "Total Cost": 53688.18,
                        "Plan Rows": 35469,
                        "Plan Width": 4,
                        "Actual Startup Time": 37.83,
                        "Actual Total Time": 95.242,
                        "Actual Rows": 30790,
                        "Actual Loops": 2,
                        "Recheck Cond": "(kind_id = 1)",
                        "Rows Removed by Index Recheck": 0,
                        "Filter": "(production_year > 2011)",
                        "Rows Removed by Filter": 300622,
                        "Exact Heap Blocks": 9269,
                        "Lossy Heap Blocks": 0,
                        "Plans": [
                          {
                            "Node Type": "Bitmap Index Scan",
                            "Parent Relationship": "Outer",
                            "Parallel Aware": false,
                            "Index Name": "kind_id_title",
                            "Startup Cost": 0.0,
                            "Total Cost": 11822.85,
                            "Plan Rows": 663256,
                            "Plan Width": 0,
                            "Actual Startup Time": 40.292,
                            "Actual Total Time": 40.292,
                            "Actual Rows": 662825,
                            "Actual Loops": 1,
                            "Index Cond": "(kind_id = 1)"
                          }
                        ]
                      }
                    ]
                  }
                ]
              }
            ]
          }
        ]
      }
    ]
  },
  "Planning Time": 0.47,
  "Triggers": [],
  "Execution Time": 397.52
}