[
  {
    "Plan": {
      "Node Type": "Aggregate",
      "Strategy": "Plain",
      "Partial Mode": "Finalize",
      "Parallel Aware": false,
      "Startup Cost": 31370.25,
      "Total Cost": 31370.26,
      "Plan Rows": 1,
      "Plan Width": 8,
      "Actual Startup Time": 91.555,
      "Actual Total Time": 98.685,
      "Actual Rows": 1,
      "Actual Loops": 1,
      "Plans": [
        {
          "Node Type": "Gather",
          "Parent Relationship": "Outer",
          "Parallel Aware": false,
          "Startup Cost": 31369.94,
          "Total Cost": 31370.25,
          "Plan Rows": 3,
          "Plan Width": 8,
          "Actual Startup Time": 91.394,
          "Actual Total Time": 98.677,
          "Actual Rows": 4,
          "Actual Loops": 1,
          "Workers Planned": 3,
          "Workers Launched": 3,
          "Single Copy": false,
          "Plans": [
            {
              "Node Type": "Aggregate",
              "Strategy": "Plain",
              "Partial Mode": "Partial",
              "Parent Relationship": "Outer",
              "Parallel Aware": false,
              "Startup Cost": 30369.94,
              "Total Cost": 30369.95,
              "Plan Rows": 1,
              "Plan Width": 8,
              "Actual Startup Time": 86.669,
              "Actual Total Time": 86.671,
              "Actual Rows": 1,
              "Actual Loops": 4,
              "Plans": [
                {
                  "Node Type": "Seq Scan",
                  "Parent Relationship": "Outer",
                  "Parallel Aware": true,
                  "Relation Name": "movie_companies",
                  "Alias": "mc",
                  "Startup Cost": 0.0,
                  "Total Cost": 29310.68,
                  "Plan Rows": 423702,
                  "Plan Width": 0,
                  "Actual Startup Time": 0.027,
                  "Actual Total Time": 71.283,
                  "Actual Rows": 331474,
                  "Actual Loops": 4,
                  "Filter": "(company_id < 11387)",
                  "Rows Removed by Filter": 320808
                }
              ]
            }
          ]
        }
      ]
    },
    "Planning Time": 0.098,
    "Triggers": [],
    "Execution Time": 98.718
  }
]