{
  "Plan": {
    "Node Type": "Aggregate",
    "Strategy": "Plain",
    "Partial Mode": "Finalize",
    "Parallel Aware": false,
    "Startup Cost": 1870668.07,
    "Total Cost": 1870668.08,
    "Plan Rows": 1,
    "Plan Width": 8,
    "Actual Startup Time": 10521.389,
    "Actual Total Time": 10590.057,
    "Actual Rows": 1,
    "Actual Loops": 1,
    "Plans": [
      {
        "Node Type": "Gather",
        "Parent Relationship": "Outer",
        "Parallel Aware": false,
        "Startup Cost": 1870667.96,
        "Total Cost": 1870668.07,
        "Plan Rows": 1,
        "Plan Width": 8,
        "Actual Startup Time": 10395.703,
        "Actual Total Time": 10590.036,
        "Actual Rows": 2,
        "Actual Loops": 1,
        "Workers Planned": 1,
        "Workers Launched": 1,
        "Single Copy": false,
        "Plans": [
          {
            "Node Type": "Aggregate",
            "Strategy": "Plain",
            "Partial Mode": "Partial",
            "Parent Relationship": "Outer",
            "Parallel Aware": false,
            "Startup Cost": 1869667.96,
            "Total Cost": 1869667.97,
            "Plan Rows": 1,
            "Plan Width": 8,
            "Actual Startup Time": 10428.629,
            "Actual Total Time": 10428.647,
            "Actual Rows": 1,
            "Actual Loops": 2,
            "Plans": [
              {
                "Node Type": "Merge Join",
                "Parent Relationship": "Outer",
                "Parallel Aware": false,
                "Join Type": "Inner",
                "Startup Cost": 1819265.9,
                "Total Cost": 1869523.44,
                "Plan Rows": 57806,
                "Plan Width": 0,
                "Actual Startup Time": 9061.371,
                "Actual Total Time": 10427.702,
                "Actual Rows": 19852,
                "Actual Loops": 2,
                "Inner Unique": false,
                "Merge Cond": "(t.id = mi.movie_id)",
                "Plans": [
                  {
                    "Node Type": "Sort",
                    "Parent Relationship": "Outer",
                    "Parallel Aware": false,
                    "Startup Cost": 1773760.62,
                    "Total Cost": 1798474.97,
                    "Plan Rows": 9885740,
                    "Plan Width": 8,
                    "Actual Startup Time": 9041.587,
                    "Actual Total Time": 9841.584,
                    "Actual Rows": 8113824,
                    "Actual Loops": 2,
                    "Sort Key": [
                      "t.id"
                    ],
                    "Sort Method": "quicksort",
                    "Sort Space Used": 566186,
                    "Sort Space Type": "Memory",
                    "Workers": [
                      {
                        "Worker Number": 0,
                        "Sort Method": "quicksort",
                        "Sort Space Used": 587745,
                        "Sort Space Type": "Memory"
                      }
                    ],
                    "Plans": [
                      {
                        "Node Type": "Hash Join",
                        "Parent Relationship": "Outer",
                        "Parallel Aware": true,
                        "Join Type": "Inner",
                        "Startup Cost": 66883.45,
                        "Total Cost": 625189.99,
                        "Plan Rows": 9885740,
                        "Plan Width": 8,
                        "Actual Startup Time": 431.12,
                        "Actual Total Time": 6926.445,
                        "Actual Rows": 8114291,
                        "Actual Loops": 2,
                        "Inner Unique": true,
                        "Hash Cond": "(ci.movie_id = t.id)",
                        "Plans": [
                          {
                            "Node Type": "Seq Scan",
                            "Parent Relationship": "Outer",
                            "Parallel Aware": true,
                            "Relation Name": "cast_info",
                            "Alias": "ci",
                            "Startup Cost": 0.0,
                            "Total Cost": 519069.44,
                            "Plan Rows": 14947440,
                            "Plan Width": 4,
                            "Actual Startup Time": 0.019,
                            "Actual Total Time": 1717.852,
                            "Actual Rows": 12771569,
                            "Actual Loops": 2,
                            "Filter": "(person_id < 2638075)",
                            "Rows Removed by Filter": 5350603
                          },
                          {
                            "Node Type": "Hash",
                            "Parent Relationship": "Inner",
                            "Parallel Aware": true,
                            "Startup Cost": 54588.39,
                            "Total Cost": 54588.39,
                            "Plan Rows": 983605,
                            "Plan Width": 4,
                            "Actual Startup Time": 416.558,
                            "Actual Total Time": 416.56,
                            "Actual Rows": 837049,
                            "Actual Loops": 2,
                            "Hash Buckets": 2097152,
                            "Original Hash Buckets": 2097152,
                            "Hash Batches": 1,
                            "Original Hash Batches": 1,
                            "Peak Memory Usage": 81888,
                            "Plans": [
                              {
                                "Node Type": "Seq Scan",
                                "Parent Relationship": "Outer",
                                "Parallel Aware": true,
                                "Relation Name": "title",
                                "Alias": "t",
                                "Startup Cost": 0.0,
                                "Total Cost": 54588.39,
                                "Plan Rows": 983605,
                                "Plan Width": 4,
                                "Actual Startup Time": 0.048,
                                "Actual Total Time": 169.674,
                                "Actual Rows": 837049,
                                "Actual Loops": 2,
                                "Filter": "(kind_id > 3)",
                                "Rows Removed by Filter": 427107
                              }
                            ]
                          }
                        ]
                      }
                    ]
                  },
                  {
                    "Node Type": "Sort",
                    "Parent Relationship": "Inner",
                    "Parallel Aware": false,
                    "Startup Cost": 45504.29,
                    "Total Cost": 45541.25,
                    "Plan Rows": 14784,
                    "Plan Width": 4,
                    "Actual Startup Time": 15.22,
                    "Actual Total Time": 18.473,
                    "Actual Rows": 33897,
                    "Actual Loops": 2,
                    "Sort Key": [
                      "mi.movie_id"
                    ],
                    "Sort Method": "quicksort",
                    "Sort Space Used": 1547,
                    "Sort Space Type": "Memory",
                    "Workers": [
                      {
                        "Worker Number": 0,
                        "Sort Method": "quicksort",
                        "Sort Space Used": 1547,
                        "Sort Space Type": "Memory"
                      }
                    ],
                    "Plans": [
                      {
                        "Node Type": "Bitmap Heap Scan",
                        "Parent Relationship": "Outer",
                        "Parallel Aware": false,
                        "Relation Name": "movie_info",
                        "Alias": "mi",
                        "Startup Cost": 271.01,
                        "Total Cost": 44480.37,
                        "Plan Rows": 14784,
                        "Plan Width": 4,
                        "Actual Startup Time": 1.883,
                        "Actual Total Time": 11.605,
                        "Actual Rows": 16603,
                        "Actual Loops": 2,
                        "Recheck Cond": "(info_type_id = 102)",
                        "Rows Removed by Index Recheck": 0,
                        "Exact Heap Blocks": 3868,
                        "Lossy Heap Blocks": 0,
                        "Plans": [
                          {
                            "Node Type": "Bitmap Index Scan",
                            "Parent Relationship": "Outer",
                            "Parallel Aware": false,
                            "Index Name": "info_type_id_movie_info",
                            "Startup Cost": 0.0,
                            "Total Cost": 267.31,
                            "Plan Rows": 14784,
                            "Plan Width": 0,
                            "Actual Startup Time": 1.452,
                            "Actual Total Time": 1.453,
                            "Actual Rows": 16603,
                            "Actual Loops": 2,
                            "Index Cond": "(info_type_id = 102)"
                          }
                        ]
                      }
                    ]
                  }
                ]
              }
            ]
          }
        ]
      }
    ]
  },
  "Planning Time": 1.095,
  "Triggers": [],
  "Execution Time": 10634.967
}