{
    "Plan": {
        "Node Type": "Aggregate",
        "Strategy": "Plain",
        "Partial Mode": "Finalize",
        "Parallel Aware": false,
        "Startup Cost": 686456.43,
        "Total Cost": 686456.44,
        "Plan Rows": 1,
        "Plan Width": 8,
        "Actual Startup Time": 4996.654,
        "Actual Total Time": 5066.209,
        "Actual Rows": 1,
        "Actual Loops": 1,
        "Output": [
            "count(*)"
        ],
        "Plans": [
            {
                "Node Type": "Gather",
                "Parent Relationship": "Outer",
                "Parallel Aware": false,
                "Startup Cost": 686455.8,
                "Total Cost": 686456.41,
                "Plan Rows": 6,
                "Plan Width": 8,
                "Actual Startup Time": 4953.967,
                "Actual Total Time": 5066.192,
                "Actual Rows": 7,
                "Actual Loops": 1,
                "Output": [
                    "(PARTIAL count(*))"
                ],
                "Workers Planned": 6,
                "Workers Launched": 6,
                "Single Copy": false,
                "Plans": [
                    {
                        "Node Type": "Aggregate",
                        "Strategy": "Plain",
                        "Partial Mode": "Partial",
                        "Parent Relationship": "Outer",
                        "Parallel Aware": false,
                        "Startup Cost": 685455.8,
                        "Total Cost": 685455.81,
                        "Plan Rows": 1,
                        "Plan Width": 8,
                        "Actual Startup Time": 4910.989,
                        "Actual Total Time": 4912.094,
                        "Actual Rows": 1,
                        "Actual Loops": 7,
                        "Output": [
                            "PARTIAL count(*)"
                        ],
                        "Workers": [
                            {
                                "Worker Number": 0,
                                "Actual Startup Time": 4902.854,
                                "Actual Total Time": 4902.861,
                                "Actual Rows": 1,
                                "Actual Loops": 1
                            },
                            {
                                "Worker Number": 1,
                                "Actual Startup Time": 4902.852,
                                "Actual Total Time": 4902.859,
                                "Actual Rows": 1,
                                "Actual Loops": 1
                            },
                            {
                                "Worker Number": 2,
                                "Actual Startup Time": 4902.989,
                                "Actual Total Time": 4902.995,
                                "Actual Rows": 1,
                                "Actual Loops": 1
                            },
                            {
                                "Worker Number": 3,
                                "Actual Startup Time": 4902.992,
                                "Actual Total Time": 4902.997,
                                "Actual Rows": 1,
                                "Actual Loops": 1
                            },
                            {
                                "Worker Number": 4,
                                "Actual Startup Time": 4909.123,
                                "Actual Total Time": 4909.129,
                                "Actual Rows": 1,
                                "Actual Loops": 1
                            },
                            {
                                "Worker Number": 5,
                                "Actual Startup Time": 4903.141,
                                "Actual Total Time": 4903.148,
                                "Actual Rows": 1,
                                "Actual Loops": 1
                            }
                        ],
                        "Plans": [
                            {
                                "Node Type": "Hash Join",
                                "Parent Relationship": "Outer",
                                "Parallel Aware": true,
                                "Join Type": "Inner",
                                "Startup Cost": 273620.06,
                                "Total Cost": 656065.59,
                                "Plan Rows": 11756084,
                                "Plan Width": 0,
                                "Actual Startup Time": 1826.666,
                                "Actual Total Time": 4544.593,
                                "Actual Rows": 8219561,
                                "Actual Loops": 7,
                                "Inner Unique": false,
                                "Hash Cond": "(ci.movie_id = t.id)",
                                "Workers": [
                                    {
                                        "Worker Number": 0,
                                        "Actual Startup Time": 1819.399,
                                        "Actual Total Time": 4522.817,
                                        "Actual Rows": 7443131,
                                        "Actual Loops": 1
                                    },
                                    {
                                        "Worker Number": 1,
                                        "Actual Startup Time": 1819.382,
                                        "Actual Total Time": 4547.376,
                                        "Actual Rows": 8171994,
                                        "Actual Loops": 1
                                    },
                                    {
                                        "Worker Number": 2,
                                        "Actual Startup Time": 1819.538,
                                        "Actual Total Time": 4514.864,
                                        "Actual Rows": 7120121,
                                        "Actual Loops": 1
                                    },
                                    {
                                        "Worker Number": 3,
                                        "Actual Startup Time": 1819.513,
                                        "Actual Total Time": 4544.218,
                                        "Actual Rows": 9156648,
                                        "Actual Loops": 1
                                    },
                                    {
                                        "Worker Number": 4,
                                        "Actual Startup Time": 1819.662,
                                        "Actual Total Time": 4546.745,
                                        "Actual Rows": 8094922,
                                        "Actual Loops": 1
                                    },
                                    {
                                        "Worker Number": 5,
                                        "Actual Startup Time": 1819.674,
                                        "Actual Total Time": 4552.119,
                                        "Actual Rows": 8063377,
                                        "Actual Loops": 1
                                    }
                                ],
                                "Plans": [
                                    {
                                        "Node Type": "Seq Scan",
                                        "Parent Relationship": "Outer",
                                        "Parallel Aware": true,
                                        "Relation Name": "cast_info",
                                        "Schema": "public",
                                        "Alias": "ci",
                                        "Startup Cost": 0.0,
                                        "Total Cost": 343318.94,
                                        "Plan Rows": 3122885,
                                        "Plan Width": 4,
                                        "Actual Startup Time": 178.809,
                                        "Actual Total Time": 701.186,
                                        "Actual Rows": 2491951,
                                        "Actual Loops": 7,
                                        "Output": [
                                            "ci.id",
                                            "ci.person_id",
                                            "ci.movie_id",
                                            "ci.person_role_id",
                                            "ci.note",
                                            "ci.nr_order",
                                            "ci.role_id"
                                        ],
                                        "Filter": "((ci.person_id > 1459381) AND (ci.role_id < 10))",
                                        "Rows Removed by Filter": 2685812,
                                        "Workers": [
                                            {
                                                "Worker Number": 0,
                                                "Actual Startup Time": 178.82,
                                                "Actual Total Time": 717.556,
                                                "Actual Rows": 2234697,
                                                "Actual Loops": 1
                                            },
                                            {
                                                "Worker Number": 1,
                                                "Actual Startup Time": 178.832,
                                                "Actual Total Time": 707.591,
                                                "Actual Rows": 2477093,
                                                "Actual Loops": 1
                                            },
                                            {
                                                "Worker Number": 2,
                                                "Actual Startup Time": 178.759,
                                                "Actual Total Time": 726.982,
                                                "Actual Rows": 2141536,
                                                "Actual Loops": 1
                                            },
                                            {
                                                "Worker Number": 3,
                                                "Actual Startup Time": 178.817,
                                                "Actual Total Time": 706.978,
                                                "Actual Rows": 2788305,
                                                "Actual Loops": 1
                                            },
                                            {
                                                "Worker Number": 4,
                                                "Actual Startup Time": 178.813,
                                                "Actual Total Time": 705.967,
                                                "Actual Rows": 2461679,
                                                "Actual Loops": 1
                                            },
                                            {
                                                "Worker Number": 5,
                                                "Actual Startup Time": 178.804,
                                                "Actual Total Time": 703.459,
                                                "Actual Rows": 2441985,
                                                "Actual Loops": 1
                                            }
                                        ]
                                    },
                                    {
                                        "Node Type": "Hash",
                                        "Parent Relationship": "Inner",
                                        "Parallel Aware": true,
                                        "Startup Cost": 249825.42,
                                        "Total Cost": 249825.42,
                                        "Plan Rows": 1903571,
                                        "Plan Width": 8,
                                        "Actual Startup Time": 1632.125,
                                        "Actual Total Time": 1633.226,
                                        "Actual Rows": 874551,
                                        "Actual Loops": 7,
                                        "Output": [
                                            "t.id",
                                            "mi.movie_id"
                                        ],
                                        "Hash Buckets": 16777216,
                                        "Original Hash Buckets": 16777216,
                                        "Hash Batches": 1,
                                        "Original Hash Batches": 1,
                                        "Peak Memory Usage": 370688,
                                        "Workers": [
                                            {
                                                "Worker Number": 0,
                                                "Actual Startup Time": 1639.823,
                                                "Actual Total Time": 1639.827,
                                                "Actual Rows": 692075,
                                                "Actual Loops": 1
                                            },
                                            {
                                                "Worker Number": 1,
                                                "Actual Startup Time": 1639.814,
                                                "Actual Total Time": 1639.818,
                                                "Actual Rows": 893106,
                                                "Actual Loops": 1
                                            },
                                            {
                                                "Worker Number": 2,
                                                "Actual Startup Time": 1639.833,
                                                "Actual Total Time": 1639.837,
                                                "Actual Rows": 706012,
                                                "Actual Loops": 1
                                            },
                                            {
                                                "Worker Number": 3,
                                                "Actual Startup Time": 1639.927,
                                                "Actual Total Time": 1639.931,
                                                "Actual Rows": 984965,
                                                "Actual Loops": 1
                                            },
                                            {
                                                "Worker Number": 4,
                                                "Actual Startup Time": 1640.147,
                                                "Actual Total Time": 1640.151,
                                                "Actual Rows": 888547,
                                                "Actual Loops": 1
                                            },
                                            {
                                                "Worker Number": 5,
                                                "Actual Startup Time": 1640.147,
                                                "Actual Total Time": 1640.152,
                                                "Actual Rows": 888045,
                                                "Actual Loops": 1
                                            }
                                        ],
                                        "Plans": [
                                            {
                                                "Node Type": "Hash Join",
                                                "Parent Relationship": "Outer",
                                                "Parallel Aware": true,
                                                "Join Type": "Inner",
                                                "Startup Cost": 50575.8,
                                                "Total Cost": 249825.42,
                                                "Plan Rows": 1903571,
                                                "Plan Width": 8,
                                                "Actual Startup Time": 195.112,
                                                "Actual Total Time": 1183.472,
                                                "Actual Rows": 874551,
                                                "Actual Loops": 7,
                                                "Output": [
                                                    "t.id",
                                                    "mi.movie_id"
                                                ],
                                                "Inner Unique": true,
                                                "Hash Cond": "(mi.movie_id = t.id)",
                                                "Workers": [
                                                    {
                                                        "Worker Number": 0,
                                                        "Actual Startup Time": 195.09,
                                                        "Actual Total Time": 1183.659,
                                                        "Actual Rows": 692075,
                                                        "Actual Loops": 1
                                                    },
                                                    {
                                                        "Worker Number": 1,
                                                        "Actual Startup Time": 195.227,
                                                        "Actual Total Time": 1185.409,
                                                        "Actual Rows": 893106,
                                                        "Actual Loops": 1
                                                    },
                                                    {
                                                        "Worker Number": 2,
                                                        "Actual Startup Time": 194.931,
                                                        "Actual Total Time": 1183.778,
                                                        "Actual Rows": 706012,
                                                        "Actual Loops": 1
                                                    },
                                                    {
                                                        "Worker Number": 3,
                                                        "Actual Startup Time": 194.869,
                                                        "Actual Total Time": 1184.184,
                                                        "Actual Rows": 984965,
                                                        "Actual Loops": 1
                                                    },
                                                    {
                                                        "Worker Number": 4,
                                                        "Actual Startup Time": 195.139,
                                                        "Actual Total Time": 1183.29,
                                                        "Actual Rows": 888547,
                                                        "Actual Loops": 1
                                                    },
                                                    {
                                                        "Worker Number": 5,
                                                        "Actual Startup Time": 195.235,
                                                        "Actual Total Time": 1182.726,
                                                        "Actual Rows": 888045,
                                                        "Actual Loops": 1
                                                    }
                                                ],
                                                "Plans": [
                                                    {
                                                        "Node Type": "Seq Scan",
                                                        "Parent Relationship": "Outer",
                                                        "Parallel Aware": true,
                                                        "Relation Name": "movie_info",
                                                        "Schema": "public",
                                                        "Alias": "mi",
                                                        "Startup Cost": 0.0,
                                                        "Total Cost": 191503.19,
                                                        "Plan Rows": 2951019,
                                                        "Plan Width": 4,
                                                        "Actual Startup Time": 0.032,
                                                        "Actual Total Time": 291.55,
                                                        "Actual Rows": 2119389,
                                                        "Actual Loops": 7,
                                                        "Output": [
                                                            "mi.id",
                                                            "mi.movie_id",
                                                            "mi.info_type_id",
                                                            "mi.info",
                                                            "mi.note"
                                                        ],
                                                        "Workers": [
                                                            {
                                                                "Worker Number": 0,
                                                                "Actual Startup Time": 0.039,
                                                                "Actual Total Time": 315.43,
                                                                "Actual Rows": 1664457,
                                                                "Actual Loops": 1
                                                            },
                                                            {
                                                                "Worker Number": 1,
                                                                "Actual Startup Time": 0.031,
                                                                "Actual Total Time": 295.837,
                                                                "Actual Rows": 2158426,
                                                                "Actual Loops": 1
                                                            },
                                                            {
                                                                "Worker Number": 2,
                                                                "Actual Startup Time": 0.039,
                                                                "Actual Total Time": 319.434,
                                                                "Actual Rows": 1678408,
                                                                "Actual Loops": 1
                                                            },
                                                            {
                                                                "Worker Number": 3,
                                                                "Actual Startup Time": 0.032,
                                                                "Actual Total Time": 296.382,
                                                                "Actual Rows": 2392168,
                                                                "Actual Loops": 1
                                                            },
                                                            {
                                                                "Worker Number": 4,
                                                                "Actual Startup Time": 0.034,
                                                                "Actual Total Time": 294.092,
                                                                "Actual Rows": 2143752,
                                                                "Actual Loops": 1
                                                            },
                                                            {
                                                                "Worker Number": 5,
                                                                "Actual Startup Time": 0.034,
                                                                "Actual Total Time": 292.863,
                                                                "Actual Rows": 2132363,
                                                                "Actual Loops": 1
                                                            }
                                                        ]
                                                    },
                                                    {
                                                        "Node Type": "Hash",
                                                        "Parent Relationship": "Inner",
                                                        "Parallel Aware": true,
                                                        "Startup Cost": 45479.21,
                                                        "Total Cost": 45479.21,
                                                        "Plan Rows": 407727,
                                                        "Plan Width": 4,
                                                        "Actual Startup Time": 193.347,
                                                        "Actual Total Time": 193.348,
                                                        "Actual Rows": 232834,
                                                        "Actual Loops": 7,
                                                        "Output": [
                                                            "t.id"
                                                        ],
                                                        "Hash Buckets": 2097152,
                                                        "Original Hash Buckets": 2097152,
                                                        "Hash Batches": 1,
                                                        "Original Hash Batches": 1,
                                                        "Peak Memory Usage": 80224,
                                                        "Workers": [
                                                            {
                                                                "Worker Number": 0,
                                                                "Actual Startup Time": 194.907,
                                                                "Actual Total Time": 194.909,
                                                                "Actual Rows": 178522,
                                                                "Actual Loops": 1
                                                            },
                                                            {
                                                                "Worker Number": 1,
                                                                "Actual Startup Time": 194.928,
                                                                "Actual Total Time": 194.929,
                                                                "Actual Rows": 226484,
                                                                "Actual Loops": 1
                                                            },
                                                            {
                                                                "Worker Number": 2,
                                                                "Actual Startup Time": 194.762,
                                                                "Actual Total Time": 194.764,
                                                                "Actual Rows": 175727,
                                                                "Actual Loops": 1
                                                            },
                                                            {
                                                                "Worker Number": 3,
                                                                "Actual Startup Time": 194.758,
                                                                "Actual Total Time": 194.759,
                                                                "Actual Rows": 233920,
                                                                "Actual Loops": 1
                                                            },
                                                            {
                                                                "Worker Number": 4,
                                                                "Actual Startup Time": 194.852,
                                                                "Actual Total Time": 194.853,
                                                                "Actual Rows": 228974,
                                                                "Actual Loops": 1
                                                            },
                                                            {
                                                                "Worker Number": 5,
                                                                "Actual Startup Time": 194.934,
                                                                "Actual Total Time": 194.935,
                                                                "Actual Rows": 229943,
                                                                "Actual Loops": 1
                                                            }
                                                        ],
                                                        "Plans": [
                                                            {
                                                                "Node Type": "Seq Scan",
                                                                "Parent Relationship": "Outer",
                                                                "Parallel Aware": true,
                                                                "Relation Name": "title",
                                                                "Schema": "public",
                                                                "Alias": "t",
                                                                "Startup Cost": 0.0,
                                                                "Total Cost": 45479.21,
                                                                "Plan Rows": 407727,
                                                                "Plan Width": 4,
                                                                "Actual Startup Time": 0.086,
                                                                "Actual Total Time": 82.077,
                                                                "Actual Rows": 232834,
                                                                "Actual Loops": 7,
                                                                "Output": [
                                                                    "t.id"
                                                                ],
                                                                "Filter": "((t.kind_id > 1) AND (t.production_year < 2012))",
                                                                "Rows Removed by Filter": 128353,
                                                                "Workers": [
                                                                    {
                                                                        "Worker Number": 0,
                                                                        "Actual Startup Time": 0.102,
                                                                        "Actual Total Time": 85.724,
                                                                        "Actual Rows": 178522,
                                                                        "Actual Loops": 1
                                                                    },
                                                                    {
                                                                        "Worker Number": 1,
                                                                        "Actual Startup Time": 0.093,
                                                                        "Actual Total Time": 82.956,
                                                                        "Actual Rows": 226484,
                                                                        "Actual Loops": 1
                                                                    },
                                                                    {
                                                                        "Worker Number": 2,
                                                                        "Actual Startup Time": 0.111,
                                                                        "Actual Total Time": 86.343,
                                                                        "Actual Rows": 175727,
                                                                        "Actual Loops": 1
                                                                    },
                                                                    {
                                                                        "Worker Number": 3,
                                                                        "Actual Startup Time": 0.102,
                                                                        "Actual Total Time": 82.681,
                                                                        "Actual Rows": 233920,
                                                                        "Actual Loops": 1
                                                                    },
                                                                    {
                                                                        "Worker Number": 4,
                                                                        "Actual Startup Time": 0.098,
                                                                        "Actual Total Time": 83.841,
                                                                        "Actual Rows": 228974,
                                                                        "Actual Loops": 1
                                                                    },
                                                                    {
                                                                        "Worker Number": 5,
                                                                        "Actual Startup Time": 0.08,
                                                                        "Actual Total Time": 83.995,
                                                                        "Actual Rows": 229943,
                                                                        "Actual Loops": 1
                                                                    }
                                                                ]
                                                            }
                                                        ]
                                                    }
                                                ]
                                            }
                                        ]
                                    }
                                ]
                            }
                        ]
                    }
                ]
            }
        ]
    },
    "Planning Time": 1.522,
    "Triggers": [],
    "Execution Time": 5066.312
}