{
  "Plan": {
    "Node Type": "Aggregate",
    "Strategy": "Plain",
    "Partial Mode": "Finalize",
    "Parallel Aware": false,
    "Startup Cost": 103048.94,
    "Total Cost": 103048.95,
    "Plan Rows": 1,
    "Plan Width": 8,
    "Actual Startup Time": 308.664,
    "Actual Total Time": 326.432,
    "Actual Rows": 1,
    "Actual Loops": 1,
    "Plans": [
      {
        "Node Type": "Gather",
        "Parent Relationship": "Outer",
        "Parallel Aware": false,
        "Startup Cost": 103048.83,
        "Total Cost": 103048.94,
        "Plan Rows": 1,
        "Plan Width": 8,
        "Actual Startup Time": 308.2,
        "Actual Total Time": 326.415,
        "Actual Rows": 2,
        "Actual Loops": 1,
        "Workers Planned": 1,
        "Workers Launched": 1,
        "Single Copy": false,
        "Plans": [
          {
            "Node Type": "Aggregate",
            "Strategy": "Plain",
            "Partial Mode": "Partial",
            "Parent Relationship": "Outer",
            "Parallel Aware": false,
            "Startup Cost": 102048.83,
            "Total Cost": 102048.84,
            "Plan Rows": 1,
            "Plan Width": 8,
            "Actual Startup Time": 302.157,
            "Actual Total Time": 302.16,
            "Actual Rows": 1,
            "Actual Loops": 2,
            "Plans": [
              {
                "Node Type": "Hash Join",
                "Parent Relationship": "Outer",
                "Parallel Aware": true,
                "Join Type": "Inner",
                "Startup Cost": 71979.09,
                "Total Cost": 102032.78,
                "Plan Rows": 6422,
                "Plan Width": 0,
                "Actual Startup Time": 188.767,
                "Actual Total Time": 301.466,
                "Actual Rows": 11384,
                "Actual Loops": 2,
                "Inner Unique": true,
                "Hash Cond": "(mk.movie_id = t.id)",
                "Plans": [
                  {
                    "Node Type": "Bitmap Heap Scan",
                    "Parent Relationship": "Outer",
                    "Parallel Aware": true,
                    "Relation Name": "movie_keyword",
                    "Alias": "mk",
                    "Startup Cost": 13350.17,
                    "Total Cost": 42432.01,
                    "Plan Rows": 370227,
                    "Plan Width": 4,
                    "Actual Startup Time": 42.705,
                    "Actual Total Time": 120.136,
                    "Actual Rows": 320863,
                    "Actual Loops": 2,
                    "Recheck Cond": "(keyword_id < 498)",
                    "Rows Removed by Index Recheck": 0,
                    "Exact Heap Blocks": 12549,
                    "Lossy Heap Blocks": 0,
                    "Plans": [
                      {
                        "Node Type": "Bitmap Index Scan",
                        "Parent Relationship": "Outer",
                        "Parallel Aware": false,
                        "Index Name": "keyword_id_movie_keyword",
                        "Startup Cost": 0.0,
                        "Total Cost": 13192.83,
                        "Plan Rows": 629386,
                        "Plan Width": 0,
                        "Actual Startup Time": 39.052,
                        "Actual Total Time": 39.053,
                        "Actual Rows": 641726,
                        "Actual Loops": 1,
                        "Index Cond": "(keyword_id < 498)"
                      }
                    ]
                  },
                  {
                    "Node Type": "Hash",
                    "Parent Relationship": "Inner",
                    "Parallel Aware": true,
                    "Startup Cost": 58306.47,
                    "Total Cost": 58306.47,
                    "Plan Rows": 25796,
                    "Plan Width": 4,
                    "Actual Startup Time": 144.588,
                    "Actual Total Time": 144.589,
                    "Actual Rows": 16952,
                    "Actual Loops": 2,
                    "Hash Buckets": 65536,
                    "Original Hash Buckets": 65536,
                    "Hash Batches": 1,
                    "Original Hash Batches": 1,
                    "Peak Memory Usage": 1888,
                    "Plans": [
                      {
                        "Node Type": "Seq Scan",
                        "Parent Relationship": "Outer",
                        "Parallel Aware": true,
                        "Relation Name": "title",
                        "Alias": "t",
                        "Startup Cost": 0.0,
                        "Total Cost": 58306.47,
                        "Plan Rows": 25796,
                        "Plan Width": 4,
                        "Actual Startup Time": 0.212,
                        "Actual Total Time": 139.74,
                        "Actual Rows": 16952,
                        "Actual Loops": 2,
                        "Filter": "((kind_id < 7) AND (production_year = 2006))",
                        "Rows Removed by Filter": 1247204
                      }
                    ]
                  }
                ]
              }
            ]
          }
        ]
      }
    ]
  },
  "Planning Time": 0.491,
  "Triggers": [],
  "Execution Time": 326.527
}