[
  {
    "Plan": {
      "Node Type": "Aggregate",
      "Strategy": "Plain",
      "Partial Mode": "Finalize",
      "Parallel Aware": false,
      "Startup Cost": 377896.58,
      "Total Cost": 377896.59,
      "Plan Rows": 1,
      "Plan Width": 8,
      "Actual Startup Time": 1456.634,
      "Actual Total Time": 1535.95,
      "Actual Rows": 1,
      "Actual Loops": 1,
      "Plans": [
        {
          "Node Type": "Gather",
          "Parent Relationship": "Outer",
          "Parallel Aware": false,
          "Startup Cost": 377896.16,
          "Total Cost": 377896.57,
          "Plan Rows": 4,
          "Plan Width": 8,
          "Actual Startup Time": 1400.056,
          "Actual Total Time": 1535.934,
          "Actual Rows": 5,
          "Actual Loops": 1,
          "Workers Planned": 4,
          "Workers Launched": 4,
          "Single Copy": false,
          "Plans": [
            {
              "Node Type": "Aggregate",
              "Strategy": "Plain",
              "Partial Mode": "Partial",
              "Parent Relationship": "Outer",
              "Parallel Aware": false,
              "Startup Cost": 376896.16,
              "Total Cost": 376896.17,
              "Plan Rows": 1,
              "Plan Width": 8,
              "Actual Startup Time": 1356.573,
              "Actual Total Time": 1356.577,
              "Actual Rows": 1,
              "Actual Loops": 5,
              "Plans": [
                {
                  "Node Type": "Nested Loop",
                  "Parent Relationship": "Outer",
                  "Parallel Aware": false,
                  "Join Type": "Inner",
                  "Startup Cost": 12.82,
                  "Total Cost": 375537.51,
                  "Plan Rows": 543462,
                  "Plan Width": 0,
                  "Actual Startup Time": 4.499,
                  "Actual Total Time": 1333.212,
                  "Actual Rows": 496603,
                  "Actual Loops": 5,
                  "Inner Unique": false,
                  "Join Filter": "(t.id = ci.movie_id)",
                  "Rows Removed by Join Filter": 0,
                  "Plans": [
                    {
                      "Node Type": "Merge Join",
                      "Parent Relationship": "Outer",
                      "Parallel Aware": false,
                      "Join Type": "Inner",
                      "Startup Cost": 12.25,
                      "Total Cost": 154984.53,
                      "Plan Rows": 69482,
                      "Plan Width": 8,
                      "Actual Startup Time": 3.941,
                      "Actual Total Time": 572.371,
                      "Actual Rows": 31547,
                      "Actual Loops": 5,
                      "Inner Unique": false,
                      "Merge Cond": "(t.id = mi_idx.movie_id)",
                      "Plans": [
                        {
                          "Node Type": "Index Scan",
                          "Parent Relationship": "Outer",
                          "Parallel Aware": true,
                          "Scan Direction": "Forward",
                          "Index Name": "title_pkey",
                          "Relation Name": "title",
                          "Alias": "t",
                          "Startup Cost": 0.43,
                          "Total Cost": 94549.76,
                          "Plan Rows": 191814,
                          "Plan Width": 4,
                          "Actual Startup Time": 2.489,
                          "Actual Total Time": 349.978,
                          "Actual Rows": 136456,
                          "Actual Loops": 5,
                          "Filter": "((production_year < 2004) AND (kind_id = 7))",
                          "Rows Removed by Filter": 369080
                        },
                        {
                          "Node Type": "Index Scan",
                          "Parent Relationship": "Inner",
                          "Parallel Aware": false,
                          "Scan Direction": "Forward",
                          "Index Name": "movie_id_movie_info_idx",
                          "Relation Name": "movie_info_idx",
                          "Alias": "mi_idx",
                          "Startup Cost": 0.43,
                          "Total Cost": 57071.77,
                          "Plan Rows": 915883,
                          "Plan Width": 4,
                          "Actual Startup Time": 0.083,
                          "Actual Total Time": 180.801,
                          "Actual Rows": 695446,
                          "Actual Loops": 5,
                          "Filter": "(info_type_id < 101)",
                          "Rows Removed by Filter": 347879
                        }
                      ]
                    },
                    {
                      "Node Type": "Index Scan",
                      "Parent Relationship": "Inner",
                      "Parallel Aware": false,
                      "Scan Direction": "Forward",
                      "Index Name": "movie_id_cast_info",
                      "Relation Name": "cast_info",
                      "Alias": "ci",
                      "Startup Cost": 0.56,
                      "Total Cost": 2.94,
                      "Plan Rows": 19,
                      "Plan Width": 4,
                      "Actual Startup Time": 0.01,
                      "Actual Total Time": 0.022,
                      "Actual Rows": 16,
                      "Actual Loops": 157734,
                      "Index Cond": "(movie_id = mi_idx.movie_id)",
                      "Rows Removed by Index Recheck": 0,
                      "Filter": "(person_id > 1648730)",
                      "Rows Removed by Filter": 15
                    }
                  ]
                }
              ]
            }
          ]
        }
      ]
    },
    "Planning Time": 1.058,
    "Triggers": [],
    "Execution Time": 1536.044
  }
]