[
  {
    "Plan": {
      "Node Type": "Aggregate",
      "Strategy": "Plain",
      "Partial Mode": "Finalize",
      "Parallel Aware": false,
      "Startup Cost": 336110.92,
      "Total Cost": 336110.93,
      "Plan Rows": 1,
      "Plan Width": 8,
      "Actual Startup Time": 752.409,
      "Actual Total Time": 801.225,
      "Actual Rows": 1,
      "Actual Loops": 1,
      "Plans": [
        {
          "Node Type": "Gather",
          "Parent Relationship": "Outer",
          "Parallel Aware": false,
          "Startup Cost": 336110.3,
          "Total Cost": 336110.91,
          "Plan Rows": 6,
          "Plan Width": 8,
          "Actual Startup Time": 752.161,
          "Actual Total Time": 801.213,
          "Actual Rows": 7,
          "Actual Loops": 1,
          "Workers Planned": 6,
          "Workers Launched": 6,
          "Single Copy": false,
          "Plans": [
            {
              "Node Type": "Aggregate",
              "Strategy": "Plain",
              "Partial Mode": "Partial",
              "Parent Relationship": "Outer",
              "Parallel Aware": false,
              "Startup Cost": 335110.3,
              "Total Cost": 335110.31,
              "Plan Rows": 1,
              "Plan Width": 8,
              "Actual Startup Time": 745.196,
              "Actual Total Time": 745.197,
              "Actual Rows": 1,
              "Actual Loops": 7,
              "Plans": [
                {
                  "Node Type": "Seq Scan",
                  "Parent Relationship": "Outer",
                  "Parallel Aware": true,
                  "Relation Name": "cast_info",
                  "Alias": "ci",
                  "Startup Cost": 0.0,
                  "Total Cost": 328211.39,
                  "Plan Rows": 2759562,
                  "Plan Width": 0,
                  "Actual Startup Time": 234.653,
                  "Actual Total Time": 625.171,
                  "Actual Rows": 2330795,
                  "Actual Loops": 7,
                  "Filter": "(person_id > 2001453)",
                  "Rows Removed by Filter": 2846969
                }
              ]
            }
          ]
        }
      ]
    },
    "Planning Time": 0.243,
    "Triggers": [],
    "Execution Time": 801.291
  }
]