{
  "Plan": {
    "Node Type": "Aggregate",
    "Strategy": "Plain",
    "Partial Mode": "Finalize",
    "Parallel Aware": false,
    "Startup Cost": 247047.58,
    "Total Cost": 247047.59,
    "Plan Rows": 1,
    "Plan Width": 8,
    "Actual Startup Time": 1026.56,
    "Actual Total Time": 1042.161,
    "Actual Rows": 1,
    "Actual Loops": 1,
    "Plans": [
      {
        "Node Type": "Gather",
        "Parent Relationship": "Outer",
        "Parallel Aware": false,
        "Startup Cost": 247047.46,
        "Total Cost": 247047.57,
        "Plan Rows": 1,
        "Plan Width": 8,
        "Actual Startup Time": 1025.536,
        "Actual Total Time": 1042.152,
        "Actual Rows": 2,
        "Actual Loops": 1,
        "Workers Planned": 1,
        "Workers Launched": 1,
        "Single Copy": false,
        "Plans": [
          {
            "Node Type": "Aggregate",
            "Strategy": "Plain",
            "Partial Mode": "Partial",
            "Parent Relationship": "Outer",
            "Parallel Aware": false,
            "Startup Cost": 246047.46,
            "Total Cost": 246047.47,
            "Plan Rows": 1,
            "Plan Width": 8,
            "Actual Startup Time": 1021.502,
            "Actual Total Time": 1021.506,
            "Actual Rows": 1,
            "Actual Loops": 2,
            "Plans": [
              {
                "Node Type": "Hash Join",
                "Parent Relationship": "Outer",
                "Parallel Aware": true,
                "Join Type": "Inner",
                "Startup Cost": 54752.83,
                "Total Cost": 245703.61,
                "Plan Rows": 137540,
                "Plan Width": 0,
                "Actual Startup Time": 155.069,
                "Actual Total Time": 1016.551,
                "Actual Rows": 101815,
                "Actual Loops": 2,
                "Inner Unique": true,
                "Hash Cond": "(ci.movie_id = t.id)",
                "Plans": [
                  {
                    "Node Type": "Index Scan",
                    "Parent Relationship": "Outer",
                    "Parallel Aware": true,
                    "Scan Direction": "Forward",
                    "Index Name": "role_id_cast_info",
                    "Relation Name": "cast_info",
                    "Alias": "ci",
                    "Startup Cost": 0.56,
                    "Total Cost": 184520.29,
                    "Plan Rows": 2449921,
                    "Plan Width": 4,
                    "Actual Startup Time": 0.06,
                    "Actual Total Time": 475.422,
                    "Actual Rows": 2586964,
                    "Actual Loops": 2,
                    "Index Cond": "(role_id > 8)",
                    "Rows Removed by Index Recheck": 0,
                    "Filter": "(person_id > 984448)",
                    "Rows Removed by Filter": 279383
                  },
                  {
                    "Node Type": "Hash",
                    "Parent Relationship": "Inner",
                    "Parallel Aware": true,
                    "Startup Cost": 53708.59,
                    "Total Cost": 53708.59,
                    "Plan Rows": 83494,
                    "Plan Width": 4,
                    "Actual Startup Time": 151.921,
                    "Actual Total Time": 151.923,
                    "Actual Rows": 141340,
                    "Actual Loops": 2,
                    "Hash Buckets": 524288,
                    "Original Hash Buckets": 262144,
                    "Hash Batches": 1,
                    "Original Hash Batches": 1,
                    "Peak Memory Usage": 17216,
                    "Plans": [
                      {
                        "Node Type": "Bitmap Heap Scan",
                        "Parent Relationship": "Outer",
                        "Parallel Aware": true,
                        "Relation Name": "title",
                        "Alias": "t",
                        "Startup Cost": 11858.34,
                        "Total Cost": 53708.59,
                        "Plan Rows": 83494,
                        "Plan Width": 4,
                        "Actual Startup Time": 40.101,
                        "Actual Total Time": 107.587,
                        "Actual Rows": 141340,
                        "Actual Loops": 2,
                        "Recheck Cond": "(kind_id = 1)",
                        "Rows Removed by Index Recheck": 0,
                        "Filter": "(production_year < 1983)",
                        "Rows Removed by Filter": 190073,
                        "Exact Heap Blocks": 8304,
                        "Lossy Heap Blocks": 0,
                        "Plans": [
                          {
                            "Node Type": "Bitmap Index Scan",
                            "Parent Relationship": "Outer",
                            "Parallel Aware": false,
                            "Index Name": "kind_id_title",
                            "Startup Cost": 0.0,
                            "Total Cost": 11822.85,
                            "Plan Rows": 663256,
                            "Plan Width": 0,
                            "Actual Startup Time": 38.82,
                            "Actual Total Time": 38.82,
                            "Actual Rows": 662825,
                            "Actual Loops": 1,
                            "Index Cond": "(kind_id = 1)"
                          }
                        ]
                      }
                    ]
                  }
                ]
              }
            ]
          }
        ]
      }
    ]
  },
  "Planning Time": 0.641,
  "Triggers": [],
  "Execution Time": 1042.256
}