[
    {
        "Bao": {
            "Bao prediction": 521.713,
            "Bao recommended hint": "(no hint)"
        }
    },
    {
        "Plan": {
            "Node Type": "Aggregate",
            "Strategy": "Plain",
            "Partial Mode": "Finalize",
            "Parallel Aware": false,
            "Startup Cost": 343442.16,
            "Total Cost": 343442.17,
            "Plan Rows": 1,
            "Plan Width": 8,
            "Actual Startup Time": 1173.829,
            "Actual Total Time": 1224.385,
            "Actual Rows": 1,
            "Actual Loops": 1,
            "Output": [
                "count(*)"
            ],
            "Plans": [
                {
                    "Node Type": "Gather",
                    "Parent Relationship": "Outer",
                    "Parallel Aware": false,
                    "Startup Cost": 343441.53,
                    "Total Cost": 343442.14,
                    "Plan Rows": 6,
                    "Plan Width": 8,
                    "Actual Startup Time": 1173.755,
                    "Actual Total Time": 1224.375,
                    "Actual Rows": 7,
                    "Actual Loops": 1,
                    "Output": [
                        "(PARTIAL count(*))"
                    ],
                    "Workers Planned": 6,
                    "Workers Launched": 6,
                    "Single Copy": false,
                    "Plans": [
                        {
                            "Node Type": "Aggregate",
                            "Strategy": "Plain",
                            "Partial Mode": "Partial",
                            "Parent Relationship": "Outer",
                            "Parallel Aware": false,
                            "Startup Cost": 342441.53,
                            "Total Cost": 342441.54,
                            "Plan Rows": 1,
                            "Plan Width": 8,
                            "Actual Startup Time": 1164.39,
                            "Actual Total Time": 1164.391,
                            "Actual Rows": 1,
                            "Actual Loops": 7,
                            "Output": [
                                "PARTIAL count(*)"
                            ],
                            "Workers": [
                                {
                                    "Worker Number": 0,
                                    "Actual Startup Time": 1162.579,
                                    "Actual Total Time": 1162.581,
                                    "Actual Rows": 1,
                                    "Actual Loops": 1
                                },
                                {
                                    "Worker Number": 1,
                                    "Actual Startup Time": 1162.633,
                                    "Actual Total Time": 1162.634,
                                    "Actual Rows": 1,
                                    "Actual Loops": 1
                                },
                                {
                                    "Worker Number": 2,
                                    "Actual Startup Time": 1162.789,
                                    "Actual Total Time": 1162.789,
                                    "Actual Rows": 1,
                                    "Actual Loops": 1
                                },
                                {
                                    "Worker Number": 3,
                                    "Actual Startup Time": 1162.762,
                                    "Actual Total Time": 1162.763,
                                    "Actual Rows": 1,
                                    "Actual Loops": 1
                                },
                                {
                                    "Worker Number": 4,
                                    "Actual Startup Time": 1163.307,
                                    "Actual Total Time": 1163.308,
                                    "Actual Rows": 1,
                                    "Actual Loops": 1
                                },
                                {
                                    "Worker Number": 5,
                                    "Actual Startup Time": 1163.709,
                                    "Actual Total Time": 1163.71,
                                    "Actual Rows": 1,
                                    "Actual Loops": 1
                                }
                            ],
                            "Plans": [
                                {
                                    "Node Type": "Seq Scan",
                                    "Parent Relationship": "Outer",
                                    "Parallel Aware": true,
                                    "Relation Name": "cast_info",
                                    "Schema": "public",
                                    "Alias": "ci",
                                    "Startup Cost": 0.0,
                                    "Total Cost": 328213.62,
                                    "Plan Rows": 5691167,
                                    "Plan Width": 0,
                                    "Actual Startup Time": 38.352,
                                    "Actual Total Time": 842.721,
                                    "Actual Rows": 4876058,
                                    "Actual Loops": 7,
                                    "Output": [
                                        "id",
                                        "person_id",
                                        "movie_id",
                                        "person_role_id",
                                        "note",
                                        "nr_order",
                                        "role_id"
                                    ],
                                    "Filter": "(ci.person_id > 207122)",
                                    "Rows Removed by Filter": 301705,
                                    "Workers": [
                                        {
                                            "Worker Number": 0,
                                            "Actual Startup Time": 36.557,
                                            "Actual Total Time": 850.05,
                                            "Actual Rows": 4763528,
                                            "Actual Loops": 1
                                        },
                                        {
                                            "Worker Number": 1,
                                            "Actual Startup Time": 36.616,
                                            "Actual Total Time": 849.912,
                                            "Actual Rows": 4766611,
                                            "Actual Loops": 1
                                        },
                                        {
                                            "Worker Number": 2,
                                            "Actual Startup Time": 36.744,
                                            "Actual Total Time": 853.379,
                                            "Actual Rows": 4719580,
                                            "Actual Loops": 1
                                        },
                                        {
                                            "Worker Number": 3,
                                            "Actual Startup Time": 36.731,
                                            "Actual Total Time": 854.219,
                                            "Actual Rows": 4704144,
                                            "Actual Loops": 1
                                        },
                                        {
                                            "Worker Number": 4,
                                            "Actual Startup Time": 37.264,
                                            "Actual Total Time": 851.247,
                                            "Actual Rows": 4704379,
                                            "Actual Loops": 1
                                        },
                                        {
                                            "Worker Number": 5,
                                            "Actual Startup Time": 37.659,
                                            "Actual Total Time": 856.593,
                                            "Actual Rows": 4681400,
                                            "Actual Loops": 1
                                        }
                                    ]
                                }
                            ]
                        }
                    ]
                }
            ]
        },
        "Planning Time": 1507.222,
        "Triggers": [],
        "Execution Time": 1224.499
    }
]