{
  "Plan": {
    "Node Type": "Aggregate",
    "Strategy": "Plain",
    "Partial Mode": "Finalize",
    "Parallel Aware": false,
    "Startup Cost": 1076137.84,
    "Total Cost": 1076137.85,
    "Plan Rows": 1,
    "Plan Width": 8,
    "Actual Startup Time": 11025.871,
    "Actual Total Time": 11109.454,
    "Actual Rows": 1,
    "Actual Loops": 1,
    "Plans": [
      {
        "Node Type": "Gather",
        "Parent Relationship": "Outer",
        "Parallel Aware": false,
        "Startup Cost": 1076137.73,
        "Total Cost": 1076137.84,
        "Plan Rows": 1,
        "Plan Width": 8,
        "Actual Startup Time": 11021.168,
        "Actual Total Time": 11109.444,
        "Actual Rows": 2,
        "Actual Loops": 1,
        "Workers Planned": 1,
        "Workers Launched": 1,
        "Single Copy": false,
        "Plans": [
          {
            "Node Type": "Aggregate",
            "Strategy": "Plain",
            "Partial Mode": "Partial",
            "Parent Relationship": "Outer",
            "Parallel Aware": false,
            "Startup Cost": 1075137.73,
            "Total Cost": 1075137.74,
            "Plan Rows": 1,
            "Plan Width": 8,
            "Actual Startup Time": 11007.866,
            "Actual Total Time": 11007.873,
            "Actual Rows": 1,
            "Actual Loops": 2,
            "Plans": [
              {
                "Node Type": "Hash Join",
                "Parent Relationship": "Outer",
                "Parallel Aware": true,
                "Join Type": "Inner",
                "Startup Cost": 679655.91,
                "Total Cost": 1050889.16,
                "Plan Rows": 9699428,
                "Plan Width": 0,
                "Actual Startup Time": 3996.341,
                "Actual Total Time": 9960.362,
                "Actual Rows": 26751604,
                "Actual Loops": 2,
                "Inner Unique": false,
                "Hash Cond": "(mi.movie_id = t.id)",
                "Plans": [
                  {
                    "Node Type": "Seq Scan",
                    "Parent Relationship": "Outer",
                    "Parallel Aware": true,
                    "Relation Name": "movie_info",
                    "Alias": "mi",
                    "Startup Cost": 0.0,
                    "Total Cost": 248955.74,
                    "Plan Rows": 8696274,
                    "Plan Width": 4,
                    "Actual Startup Time": 0.016,
                    "Actual Total Time": 670.111,
                    "Actual Rows": 7417860,
                    "Actual Loops": 2
                  },
                  {
                    "Node Type": "Hash",
                    "Parent Relationship": "Inner",
                    "Parallel Aware": true,
                    "Startup Cost": 658921.03,
                    "Total Cost": 658921.03,
                    "Plan Rows": 1658790,
                    "Plan Width": 8,
                    "Actual Startup Time": 3970.416,
                    "Actual Total Time": 3970.42,
                    "Actual Rows": 1438816,
                    "Actual Loops": 2,
                    "Hash Buckets": 4194304,
                    "Original Hash Buckets": 4194304,
                    "Hash Batches": 1,
                    "Original Hash Batches": 1,
                    "Peak Memory Usage": 145376,
                    "Plans": [
                      {
                        "Node Type": "Hash Join",
                        "Parent Relationship": "Outer",
                        "Parallel Aware": true,
                        "Join Type": "Inner",
                        "Startup Cost": 61539.86,
                        "Total Cost": 658921.03,
                        "Plan Rows": 1658790,
                        "Plan Width": 8,
                        "Actual Startup Time": 737.843,
                        "Actual Total Time": 3459.237,
                        "Actual Rows": 1438816,
                        "Actual Loops": 2,
                        "Inner Unique": true,
                        "Hash Cond": "(ci.movie_id = t.id)",
                        "Plans": [
                          {
                            "Node Type": "Seq Scan",
                            "Parent Relationship": "Outer",
                            "Parallel Aware": true,
                            "Relation Name": "cast_info",
                            "Alias": "ci",
                            "Startup Cost": 0.0,
                            "Total Cost": 572345.93,
                            "Plan Rows": 9537221,
                            "Plan Width": 4,
                            "Actual Startup Time": 490.907,
                            "Actual Total Time": 1743.431,
                            "Actual Rows": 7222790,
                            "Actual Loops": 2,
                            "Filter": "((person_id > 1681472) AND (role_id < 9))",
                            "Rows Removed by Filter": 10899382
                          },
                          {
                            "Node Type": "Hash",
                            "Parent Relationship": "Inner",
                            "Parallel Aware": true,
                            "Startup Cost": 58306.47,
                            "Total Cost": 58306.47,
                            "Plan Rows": 258671,
                            "Plan Width": 4,
                            "Actual Startup Time": 245.157,
                            "Actual Total Time": 245.158,
                            "Actual Rows": 268430,
                            "Actual Loops": 2,
                            "Hash Buckets": 1048576,
                            "Original Hash Buckets": 524288,
                            "Hash Batches": 1,
                            "Original Hash Batches": 1,
                            "Peak Memory Usage": 33344,
                            "Plans": [
                              {
                                "Node Type": "Seq Scan",
                                "Parent Relationship": "Outer",
                                "Parallel Aware": true,
                                "Relation Name": "title",
                                "Alias": "t",
                                "Startup Cost": 0.0,
                                "Total Cost": 58306.47,
                                "Plan Rows": 258671,
                                "Plan Width": 4,
                                "Actual Startup Time": 0.044,
                                "Actual Total Time": 154.443,
                                "Actual Rows": 268430,
                                "Actual Loops": 2,
                                "Filter": "((kind_id < 7) AND (production_year < 2002))",
                                "Rows Removed by Filter": 995726
                              }
                            ]
                          }
                        ]
                      }
                    ]
                  }
                ]
              }
            ]
          }
        ]
      }
    ]
  },
  "Planning Time": 1.07,
  "Triggers": [],
  "Execution Time": 11109.555
}