[
  {
    "Plan": {
      "Node Type": "Aggregate",
      "Strategy": "Plain",
      "Partial Mode": "Finalize",
      "Parallel Aware": false,
      "Startup Cost": 46179.95,
      "Total Cost": 46179.96,
      "Plan Rows": 1,
      "Plan Width": 8,
      "Actual Startup Time": 158.943,
      "Actual Total Time": 168.758,
      "Actual Rows": 1,
      "Actual Loops": 1,
      "Plans": [
        {
          "Node Type": "Gather",
          "Parent Relationship": "Outer",
          "Parallel Aware": false,
          "Startup Cost": 46179.63,
          "Total Cost": 46179.94,
          "Plan Rows": 3,
          "Plan Width": 8,
          "Actual Startup Time": 158.833,
          "Actual Total Time": 168.749,
          "Actual Rows": 4,
          "Actual Loops": 1,
          "Workers Planned": 3,
          "Workers Launched": 3,
          "Single Copy": false,
          "Plans": [
            {
              "Node Type": "Aggregate",
              "Strategy": "Plain",
              "Partial Mode": "Partial",
              "Parent Relationship": "Outer",
              "Parallel Aware": false,
              "Startup Cost": 45179.63,
              "Total Cost": 45179.64,
              "Plan Rows": 1,
              "Plan Width": 8,
              "Actual Startup Time": 152.492,
              "Actual Total Time": 152.493,
              "Actual Rows": 1,
              "Actual Loops": 4,
              "Plans": [
                {
                  "Node Type": "Seq Scan",
                  "Parent Relationship": "Outer",
                  "Parallel Aware": true,
                  "Relation Name": "movie_keyword",
                  "Alias": "mk",
                  "Startup Cost": 0.0,
                  "Total Cost": 42695.65,
                  "Plan Rows": 993591,
                  "Plan Width": 0,
                  "Actual Startup Time": 0.315,
                  "Actual Total Time": 118.456,
                  "Actual Rows": 766531,
                  "Actual Loops": 4,
                  "Filter": "(keyword_id > 2053)",
                  "Rows Removed by Filter": 364451
                }
              ]
            }
          ]
        }
      ]
    },
    "Planning Time": 0.183,
    "Triggers": [],
    "Execution Time": 168.867
  }
]