[
  {
    "Plan": {
      "Node Type": "Aggregate",
      "Strategy": "Plain",
      "Partial Mode": "Finalize",
      "Parallel Aware": false,
      "Startup Cost": 342602.93,
      "Total Cost": 342602.94,
      "Plan Rows": 1,
      "Plan Width": 8,
      "Actual Startup Time": 866.396,
      "Actual Total Time": 913.069,
      "Actual Rows": 1,
      "Actual Loops": 1,
      "Plans": [
        {
          "Node Type": "Gather",
          "Parent Relationship": "Outer",
          "Parallel Aware": false,
          "Startup Cost": 342602.31,
          "Total Cost": 342602.92,
          "Plan Rows": 6,
          "Plan Width": 8,
          "Actual Startup Time": 866.234,
          "Actual Total Time": 913.052,
          "Actual Rows": 7,
          "Actual Loops": 1,
          "Workers Planned": 6,
          "Workers Launched": 6,
          "Single Copy": false,
          "Plans": [
            {
              "Node Type": "Aggregate",
              "Strategy": "Plain",
              "Partial Mode": "Partial",
              "Parent Relationship": "Outer",
              "Parallel Aware": false,
              "Startup Cost": 341602.31,
              "Total Cost": 341602.32,
              "Plan Rows": 1,
              "Plan Width": 8,
              "Actual Startup Time": 858.069,
              "Actual Total Time": 858.071,
              "Actual Rows": 1,
              "Actual Loops": 7,
              "Plans": [
                {
                  "Node Type": "Seq Scan",
                  "Parent Relationship": "Outer",
                  "Parallel Aware": true,
                  "Relation Name": "cast_info",
                  "Alias": "ci",
                  "Startup Cost": 0.0,
                  "Total Cost": 328211.39,
                  "Plan Rows": 5356367,
                  "Plan Width": 0,
                  "Actual Startup Time": 0.054,
                  "Actual Total Time": 638.597,
                  "Actual Rows": 4597919,
                  "Actual Loops": 7,
                  "Filter": "(person_id < 3312428)",
                  "Rows Removed by Filter": 579844
                }
              ]
            }
          ]
        }
      ]
    },
    "Planning Time": 0.099,
    "Triggers": [],
    "Execution Time": 913.111
  }
]