[
  {
    "Plan": {
      "Node Type": "Aggregate",
      "Strategy": "Plain",
      "Partial Mode": "Finalize",
      "Parallel Aware": false,
      "Startup Cost": 342478.47,
      "Total Cost": 342478.48,
      "Plan Rows": 1,
      "Plan Width": 8,
      "Actual Startup Time": 949.889,
      "Actual Total Time": 1011.424,
      "Actual Rows": 1,
      "Actual Loops": 1,
      "Plans": [
        {
          "Node Type": "Gather",
          "Parent Relationship": "Outer",
          "Parallel Aware": false,
          "Startup Cost": 342477.84,
          "Total Cost": 342478.45,
          "Plan Rows": 6,
          "Plan Width": 8,
          "Actual Startup Time": 949.767,
          "Actual Total Time": 1011.413,
          "Actual Rows": 7,
          "Actual Loops": 1,
          "Workers Planned": 6,
          "Workers Launched": 6,
          "Single Copy": false,
          "Plans": [
            {
              "Node Type": "Aggregate",
              "Strategy": "Plain",
              "Partial Mode": "Partial",
              "Parent Relationship": "Outer",
              "Parallel Aware": false,
              "Startup Cost": 341477.84,
              "Total Cost": 341477.85,
              "Plan Rows": 1,
              "Plan Width": 8,
              "Actual Startup Time": 940.985,
              "Actual Total Time": 940.986,
              "Actual Rows": 1,
              "Actual Loops": 7,
              "Plans": [
                {
                  "Node Type": "Seq Scan",
                  "Parent Relationship": "Outer",
                  "Parallel Aware": true,
                  "Relation Name": "cast_info",
                  "Alias": "ci",
                  "Startup Cost": 0.0,
                  "Total Cost": 328162.03,
                  "Plan Rows": 5326326,
                  "Plan Width": 0,
                  "Actual Startup Time": 0.044,
                  "Actual Total Time": 711.242,
                  "Actual Rows": 4597919,
                  "Actual Loops": 7,
                  "Filter": "(person_id < 3312428)",
                  "Rows Removed by Filter": 579844
                }
              ]
            }
          ]
        }
      ]
    },
    "Planning Time": 0.196,
    "Triggers": [],
    "Execution Time": 1011.494
  }
]