[
  {
    "Plan": {
      "Node Type": "Aggregate",
      "Strategy": "Plain",
      "Partial Mode": "Finalize",
      "Parallel Aware": false,
      "Startup Cost": 242288.41,
      "Total Cost": 242288.42,
      "Plan Rows": 1,
      "Plan Width": 8,
      "Actual Startup Time": 202.207,
      "Actual Total Time": 233.972,
      "Actual Rows": 1,
      "Actual Loops": 1,
      "Plans": [
        {
          "Node Type": "Gather",
          "Parent Relationship": "Outer",
          "Parallel Aware": false,
          "Startup Cost": 242287.99,
          "Total Cost": 242288.4,
          "Plan Rows": 4,
          "Plan Width": 8,
          "Actual Startup Time": 202.061,
          "Actual Total Time": 233.963,
          "Actual Rows": 5,
          "Actual Loops": 1,
          "Workers Planned": 4,
          "Workers Launched": 4,
          "Single Copy": false,
          "Plans": [
            {
              "Node Type": "Aggregate",
              "Strategy": "Plain",
              "Partial Mode": "Partial",
              "Parent Relationship": "Outer",
              "Parallel Aware": false,
              "Startup Cost": 241287.99,
              "Total Cost": 241288.0,
              "Plan Rows": 1,
              "Plan Width": 8,
              "Actual Startup Time": 193.556,
              "Actual Total Time": 193.557,
              "Actual Rows": 1,
              "Actual Loops": 5,
              "Plans": [
                {
                  "Node Type": "Nested Loop",
                  "Parent Relationship": "Outer",
                  "Parallel Aware": false,
                  "Join Type": "Inner",
                  "Startup Cost": 0.43,
                  "Total Cost": 241259.49,
                  "Plan Rows": 11402,
                  "Plan Width": 0,
                  "Actual Startup Time": 56.267,
                  "Actual Total Time": 192.194,
                  "Actual Rows": 16522,
                  "Actual Loops": 5,
                  "Inner Unique": false,
                  "Plans": [
                    {
                      "Node Type": "Seq Scan",
                      "Parent Relationship": "Outer",
                      "Parallel Aware": true,
                      "Relation Name": "title",
                      "Alias": "t",
                      "Startup Cost": 0.0,
                      "Total Cost": 45479.1,
                      "Plan Rows": 8026,
                      "Plan Width": 4,
                      "Actual Startup Time": 56.152,
                      "Actual Total Time": 82.802,
                      "Actual Rows": 4421,
                      "Actual Loops": 5,
                      "Filter": "((kind_id = 1) AND (production_year = 2008))",
                      "Rows Removed by Filter": 501241
                    },
                    {
                      "Node Type": "Index Scan",
                      "Parent Relationship": "Inner",
                      "Parallel Aware": false,
                      "Scan Direction": "Forward",
                      "Index Name": "movie_id_movie_info",
                      "Relation Name": "movie_info",
                      "Alias": "mi",
                      "Startup Cost": 0.43,
                      "Total Cost": 24.29,
                      "Plan Rows": 10,
                      "Plan Width": 4,
                      "Actual Startup Time": 0.012,
                      "Actual Total Time": 0.024,
                      "Actual Rows": 4,
                      "Actual Loops": 22107,
                      "Index Cond": "(movie_id = t.id)",
                      "Rows Removed by Index Recheck": 0,
                      "Filter": "(info_type_id < 4)",
                      "Rows Removed by Filter": 10
                    }
                  ]
                }
              ]
            }
          ]
        }
      ]
    },
    "Planning Time": 0.675,
    "Triggers": [],
    "Execution Time": 234.054
  }
]