[
  {
    "Plan": {
      "Node Type": "Aggregate",
      "Strategy": "Plain",
      "Partial Mode": "Finalize",
      "Parallel Aware": false,
      "Startup Cost": 34106.71,
      "Total Cost": 34106.72,
      "Plan Rows": 1,
      "Plan Width": 8,
      "Actual Startup Time": 88.591,
      "Actual Total Time": 96.585,
      "Actual Rows": 1,
      "Actual Loops": 1,
      "Plans": [
        {
          "Node Type": "Gather",
          "Parent Relationship": "Outer",
          "Parallel Aware": false,
          "Startup Cost": 34106.39,
          "Total Cost": 34106.7,
          "Plan Rows": 3,
          "Plan Width": 8,
          "Actual Startup Time": 88.311,
          "Actual Total Time": 96.576,
          "Actual Rows": 4,
          "Actual Loops": 1,
          "Workers Planned": 3,
          "Workers Launched": 3,
          "Single Copy": false,
          "Plans": [
            {
              "Node Type": "Aggregate",
              "Strategy": "Plain",
              "Partial Mode": "Partial",
              "Parent Relationship": "Outer",
              "Parallel Aware": false,
              "Startup Cost": 33106.39,
              "Total Cost": 33106.4,
              "Plan Rows": 1,
              "Plan Width": 8,
              "Actual Startup Time": 84.569,
              "Actual Total Time": 84.57,
              "Actual Rows": 1,
              "Actual Loops": 4,
              "Plans": [
                {
                  "Node Type": "Bitmap Heap Scan",
                  "Parent Relationship": "Outer",
                  "Parallel Aware": true,
                  "Relation Name": "movie_keyword",
                  "Alias": "mk",
                  "Startup Cost": 7045.74,
                  "Total Cost": 32838.61,
                  "Plan Rows": 107110,
                  "Plan Width": 0,
                  "Actual Startup Time": 24.552,
                  "Actual Total Time": 79.856,
                  "Actual Rows": 83206,
                  "Actual Loops": 4,
                  "Recheck Cond": "(keyword_id > 49656)",
                  "Rows Removed by Index Recheck": 0,
                  "Exact Heap Blocks": 10625,
                  "Lossy Heap Blocks": 0,
                  "Plans": [
                    {
                      "Node Type": "Bitmap Index Scan",
                      "Parent Relationship": "Outer",
                      "Parallel Aware": false,
                      "Index Name": "keyword_id_movie_keyword",
                      "Startup Cost": 0.0,
                      "Total Cost": 6962.73,
                      "Plan Rows": 332040,
                      "Plan Width": 0,
                      "Actual Startup Time": 24.525,
                      "Actual Total Time": 24.525,
                      "Actual Rows": 332823,
                      "Actual Loops": 1,
                      "Index Cond": "(keyword_id > 49656)"
                    }
                  ]
                }
              ]
            }
          ]
        }
      ]
    },
    "Planning Time": 0.184,
    "Triggers": [],
    "Execution Time": 96.658
  }
]