[
  {
    "Plan": {
      "Node Type": "Aggregate",
      "Strategy": "Plain",
      "Partial Mode": "Finalize",
      "Parallel Aware": false,
      "Startup Cost": 34340.64,
      "Total Cost": 34340.65,
      "Plan Rows": 1,
      "Plan Width": 8,
      "Actual Startup Time": 120.168,
      "Actual Total Time": 128.279,
      "Actual Rows": 1,
      "Actual Loops": 1,
      "Plans": [
        {
          "Node Type": "Gather",
          "Parent Relationship": "Outer",
          "Parallel Aware": false,
          "Startup Cost": 34340.33,
          "Total Cost": 34340.64,
          "Plan Rows": 3,
          "Plan Width": 8,
          "Actual Startup Time": 119.878,
          "Actual Total Time": 128.269,
          "Actual Rows": 4,
          "Actual Loops": 1,
          "Workers Planned": 3,
          "Workers Launched": 3,
          "Single Copy": false,
          "Plans": [
            {
              "Node Type": "Aggregate",
              "Strategy": "Plain",
              "Partial Mode": "Partial",
              "Parent Relationship": "Outer",
              "Parallel Aware": false,
              "Startup Cost": 33340.33,
              "Total Cost": 33340.34,
              "Plan Rows": 1,
              "Plan Width": 8,
              "Actual Startup Time": 111.184,
              "Actual Total Time": 111.185,
              "Actual Rows": 1,
              "Actual Loops": 4,
              "Plans": [
                {
                  "Node Type": "Bitmap Heap Scan",
                  "Parent Relationship": "Outer",
                  "Parallel Aware": true,
                  "Relation Name": "movie_keyword",
                  "Alias": "mk",
                  "Startup Cost": 7235.89,
                  "Total Cost": 33065.25,
                  "Plan Rows": 110029,
                  "Plan Width": 0,
                  "Actual Startup Time": 39.068,
                  "Actual Total Time": 105.082,
                  "Actual Rows": 83206,
                  "Actual Loops": 4,
                  "Recheck Cond": "(keyword_id > 49656)",
                  "Rows Removed by Index Recheck": 0,
                  "Exact Heap Blocks": 8354,
                  "Lossy Heap Blocks": 0,
                  "Plans": [
                    {
                      "Node Type": "Bitmap Index Scan",
                      "Parent Relationship": "Outer",
                      "Parallel Aware": false,
                      "Index Name": "keyword_id_movie_keyword",
                      "Startup Cost": 0.0,
                      "Total Cost": 7150.61,
                      "Plan Rows": 341091,
                      "Plan Width": 0,
                      "Actual Startup Time": 41.673,
                      "Actual Total Time": 41.674,
                      "Actual Rows": 332823,
                      "Actual Loops": 1,
                      "Index Cond": "(keyword_id > 49656)"
                    }
                  ]
                }
              ]
            }
          ]
        }
      ]
    },
    "Planning Time": 0.186,
    "Triggers": [],
    "Execution Time": 128.364
  }
]