[
  {
    "Plan": {
      "Node Type": "Aggregate",
      "Strategy": "Plain",
      "Partial Mode": "Finalize",
      "Parallel Aware": false,
      "Startup Cost": 255354.47,
      "Total Cost": 255354.48,
      "Plan Rows": 1,
      "Plan Width": 8,
      "Actual Startup Time": 855.71,
      "Actual Total Time": 879.341,
      "Actual Rows": 1,
      "Actual Loops": 1,
      "Plans": [
        {
          "Node Type": "Gather",
          "Parent Relationship": "Outer",
          "Parallel Aware": false,
          "Startup Cost": 255353.95,
          "Total Cost": 255354.46,
          "Plan Rows": 5,
          "Plan Width": 8,
          "Actual Startup Time": 850.417,
          "Actual Total Time": 879.333,
          "Actual Rows": 6,
          "Actual Loops": 1,
          "Workers Planned": 5,
          "Workers Launched": 5,
          "Single Copy": false,
          "Plans": [
            {
              "Node Type": "Aggregate",
              "Strategy": "Plain",
              "Partial Mode": "Partial",
              "Parent Relationship": "Outer",
              "Parallel Aware": false,
              "Startup Cost": 254353.95,
              "Total Cost": 254353.96,
              "Plan Rows": 1,
              "Plan Width": 8,
              "Actual Startup Time": 843.664,
              "Actual Total Time": 843.666,
              "Actual Rows": 1,
              "Actual Loops": 6,
              "Plans": [
                {
                  "Node Type": "Hash Join",
                  "Parent Relationship": "Outer",
                  "Parallel Aware": true,
                  "Join Type": "Inner",
                  "Startup Cost": 48414.78,
                  "Total Cost": 252509.11,
                  "Plan Rows": 737933,
                  "Plan Width": 0,
                  "Actual Startup Time": 139.397,
                  "Actual Total Time": 790.98,
                  "Actual Rows": 1118532,
                  "Actual Loops": 6,
                  "Inner Unique": true,
                  "Hash Cond": "(mi.movie_id = t.id)",
                  "Plans": [
                    {
                      "Node Type": "Seq Scan",
                      "Parent Relationship": "Outer",
                      "Parallel Aware": true,
                      "Relation Name": "movie_info",
                      "Alias": "mi",
                      "Startup Cost": 0.0,
                      "Total Cost": 198880.74,
                      "Plan Rows": 1986127,
                      "Plan Width": 4,
                      "Actual Startup Time": 13.964,
                      "Actual Total Time": 303.814,
                      "Actual Rows": 1651959,
                      "Actual Loops": 6,
                      "Filter": "(info_type_id > 4)",
                      "Rows Removed by Filter": 820661
                    },
                    {
                      "Node Type": "Hash",
                      "Parent Relationship": "Inner",
                      "Parallel Aware": true,
                      "Startup Cost": 45479.21,
                      "Total Cost": 45479.21,
                      "Plan Rows": 234846,
                      "Plan Width": 4,
                      "Actual Startup Time": 123.681,
                      "Actual Total Time": 123.681,
                      "Actual Rows": 158449,
                      "Actual Loops": 6,
                      "Hash Buckets": 1048576,
                      "Original Hash Buckets": 1048576,
                      "Hash Batches": 1,
                      "Original Hash Batches": 1,
                      "Peak Memory Usage": 45472,
                      "Plans": [
                        {
                          "Node Type": "Seq Scan",
                          "Parent Relationship": "Outer",
                          "Parallel Aware": true,
                          "Relation Name": "title",
                          "Alias": "t",
                          "Startup Cost": 0.0,
                          "Total Cost": 45479.21,
                          "Plan Rows": 234846,
                          "Plan Width": 4,
                          "Actual Startup Time": 0.042,
                          "Actual Total Time": 70.195,
                          "Actual Rows": 158449,
                          "Actual Loops": 6,
                          "Filter": "((kind_id < 7) AND (production_year < 2013))",
                          "Rows Removed by Filter": 262936
                        }
                      ]
                    }
                  ]
                }
              ]
            }
          ]
        }
      ]
    },
    "Planning Time": 0.234,
    "Triggers": [],
    "Execution Time": 879.373
  }
]