[
  {
    "Plan": {
      "Node Type": "Aggregate",
      "Strategy": "Plain",
      "Partial Mode": "Finalize",
      "Parallel Aware": false,
      "Startup Cost": 222793.8,
      "Total Cost": 222793.81,
      "Plan Rows": 1,
      "Plan Width": 8,
      "Actual Startup Time": 151.877,
      "Actual Total Time": 174.946,
      "Actual Rows": 1,
      "Actual Loops": 1,
      "Plans": [
        {
          "Node Type": "Gather",
          "Parent Relationship": "Outer",
          "Parallel Aware": false,
          "Startup Cost": 222793.38,
          "Total Cost": 222793.79,
          "Plan Rows": 4,
          "Plan Width": 8,
          "Actual Startup Time": 151.77,
          "Actual Total Time": 174.931,
          "Actual Rows": 5,
          "Actual Loops": 1,
          "Workers Planned": 4,
          "Workers Launched": 4,
          "Single Copy": false,
          "Plans": [
            {
              "Node Type": "Aggregate",
              "Strategy": "Plain",
              "Partial Mode": "Partial",
              "Parent Relationship": "Outer",
              "Parallel Aware": false,
              "Startup Cost": 221793.38,
              "Total Cost": 221793.39,
              "Plan Rows": 1,
              "Plan Width": 8,
              "Actual Startup Time": 142.636,
              "Actual Total Time": 142.637,
              "Actual Rows": 1,
              "Actual Loops": 5,
              "Plans": [
                {
                  "Node Type": "Nested Loop",
                  "Parent Relationship": "Outer",
                  "Parallel Aware": false,
                  "Join Type": "Inner",
                  "Startup Cost": 0.43,
                  "Total Cost": 221745.3,
                  "Plan Rows": 19233,
                  "Plan Width": 0,
                  "Actual Startup Time": 0.404,
                  "Actual Total Time": 141.049,
                  "Actual Rows": 17044,
                  "Actual Loops": 5,
                  "Inner Unique": false,
                  "Plans": [
                    {
                      "Node Type": "Seq Scan",
                      "Parent Relationship": "Outer",
                      "Parallel Aware": true,
                      "Relation Name": "title",
                      "Alias": "t",
                      "Startup Cost": 0.0,
                      "Total Cost": 43898.92,
                      "Plan Rows": 3476,
                      "Plan Width": 4,
                      "Actual Startup Time": 0.217,
                      "Actual Total Time": 77.439,
                      "Actual Rows": 2613,
                      "Actual Loops": 5,
                      "Filter": "(production_year = 1965)",
                      "Rows Removed by Filter": 503050
                    },
                    {
                      "Node Type": "Index Scan",
                      "Parent Relationship": "Inner",
                      "Parallel Aware": false,
                      "Scan Direction": "Forward",
                      "Index Name": "movie_id_movie_info",
                      "Relation Name": "movie_info",
                      "Alias": "mi",
                      "Startup Cost": 0.43,
                      "Total Cost": 50.76,
                      "Plan Rows": 40,
                      "Plan Width": 4,
                      "Actual Startup Time": 0.01,
                      "Actual Total Time": 0.023,
                      "Actual Rows": 7,
                      "Actual Loops": 13063,
                      "Index Cond": "(movie_id = t.id)",
                      "Rows Removed by Index Recheck": 0,
                      "Filter": "(info_type_id > 1)",
                      "Rows Removed by Filter": 1
                    }
                  ]
                }
              ]
            }
          ]
        }
      ]
    },
    "Planning Time": 0.656,
    "Triggers": [],
    "Execution Time": 175.023
  }
]