[
  {
    "Plan": {
      "Node Type": "Aggregate",
      "Strategy": "Plain",
      "Partial Mode": "Finalize",
      "Parallel Aware": false,
      "Startup Cost": 187922.31,
      "Total Cost": 187922.32,
      "Plan Rows": 1,
      "Plan Width": 8,
      "Actual Startup Time": 139.397,
      "Actual Total Time": 149.174,
      "Actual Rows": 1,
      "Actual Loops": 1,
      "Plans": [
        {
          "Node Type": "Gather",
          "Parent Relationship": "Outer",
          "Parallel Aware": false,
          "Startup Cost": 187921.79,
          "Total Cost": 187922.3,
          "Plan Rows": 5,
          "Plan Width": 8,
          "Actual Startup Time": 138.9,
          "Actual Total Time": 149.164,
          "Actual Rows": 6,
          "Actual Loops": 1,
          "Workers Planned": 5,
          "Workers Launched": 5,
          "Single Copy": false,
          "Plans": [
            {
              "Node Type": "Aggregate",
              "Strategy": "Plain",
              "Partial Mode": "Partial",
              "Parent Relationship": "Outer",
              "Parallel Aware": false,
              "Startup Cost": 186921.79,
              "Total Cost": 186921.8,
              "Plan Rows": 1,
              "Plan Width": 8,
              "Actual Startup Time": 131.041,
              "Actual Total Time": 131.043,
              "Actual Rows": 1,
              "Actual Loops": 6,
              "Plans": [
                {
                  "Node Type": "Bitmap Heap Scan",
                  "Parent Relationship": "Outer",
                  "Parallel Aware": true,
                  "Relation Name": "movie_info",
                  "Alias": "mi",
                  "Startup Cost": 21380.04,
                  "Total Cost": 186330.33,
                  "Plan Rows": 236583,
                  "Plan Width": 0,
                  "Actual Startup Time": 43.337,
                  "Actual Total Time": 118.313,
                  "Actual Rows": 195676,
                  "Actual Loops": 6,
                  "Recheck Cond": "(info_type_id > 43)",
                  "Rows Removed by Index Recheck": 0,
                  "Exact Heap Blocks": 11436,
                  "Lossy Heap Blocks": 0,
                  "Plans": [
                    {
                      "Node Type": "Bitmap Index Scan",
                      "Parent Relationship": "Outer",
                      "Parallel Aware": false,
                      "Index Name": "info_type_id_movie_info",
                      "Startup Cost": 0.0,
                      "Total Cost": 21084.31,
                      "Plan Rows": 1182917,
                      "Plan Width": 0,
                      "Actual Startup Time": 45.184,
                      "Actual Total Time": 45.184,
                      "Actual Rows": 1174054,
                      "Actual Loops": 1,
                      "Index Cond": "(info_type_id > 43)"
                    }
                  ]
                }
              ]
            }
          ]
        }
      ]
    },
    "Planning Time": 0.079,
    "Triggers": [],
    "Execution Time": 149.209
  }
]