[
    {
        "Bao": {
            "Bao prediction": "NaN",
            "Bao recommended hint": "(no hint)"
        }
    },
    {
        "Plan": {
            "Node Type": "Aggregate",
            "Strategy": "Plain",
            "Partial Mode": "Finalize",
            "Parallel Aware": false,
            "Startup Cost": 267178.14,
            "Total Cost": 267178.15,
            "Plan Rows": 1,
            "Plan Width": 8,
            "Actual Startup Time": 53.862,
            "Actual Total Time": 56.932,
            "Actual Rows": 1,
            "Actual Loops": 1,
            "Output": [
                "count(*)"
            ],
            "Plans": [
                {
                    "Node Type": "Gather",
                    "Parent Relationship": "Outer",
                    "Parallel Aware": false,
                    "Startup Cost": 267177.52,
                    "Total Cost": 267178.13,
                    "Plan Rows": 6,
                    "Plan Width": 8,
                    "Actual Startup Time": 53.493,
                    "Actual Total Time": 56.926,
                    "Actual Rows": 7,
                    "Actual Loops": 1,
                    "Output": [
                        "(PARTIAL count(*))"
                    ],
                    "Workers Planned": 6,
                    "Workers Launched": 6,
                    "Single Copy": false,
                    "Plans": [
                        {
                            "Node Type": "Aggregate",
                            "Strategy": "Plain",
                            "Partial Mode": "Partial",
                            "Parent Relationship": "Outer",
                            "Parallel Aware": false,
                            "Startup Cost": 266177.52,
                            "Total Cost": 266177.53,
                            "Plan Rows": 1,
                            "Plan Width": 8,
                            "Actual Startup Time": 43.539,
                            "Actual Total Time": 43.54,
                            "Actual Rows": 1,
                            "Actual Loops": 7,
                            "Output": [
                                "PARTIAL count(*)"
                            ],
                            "Workers": [
                                {
                                    "Worker Number": 0,
                                    "Actual Startup Time": 41.068,
                                    "Actual Total Time": 41.069,
                                    "Actual Rows": 1,
                                    "Actual Loops": 1
                                },
                                {
                                    "Worker Number": 1,
                                    "Actual Startup Time": 41.595,
                                    "Actual Total Time": 41.596,
                                    "Actual Rows": 1,
                                    "Actual Loops": 1
                                },
                                {
                                    "Worker Number": 2,
                                    "Actual Startup Time": 41.815,
                                    "Actual Total Time": 41.816,
                                    "Actual Rows": 1,
                                    "Actual Loops": 1
                                },
                                {
                                    "Worker Number": 3,
                                    "Actual Startup Time": 41.972,
                                    "Actual Total Time": 41.973,
                                    "Actual Rows": 1,
                                    "Actual Loops": 1
                                },
                                {
                                    "Worker Number": 4,
                                    "Actual Startup Time": 42.425,
                                    "Actual Total Time": 42.427,
                                    "Actual Rows": 1,
                                    "Actual Loops": 1
                                },
                                {
                                    "Worker Number": 5,
                                    "Actual Startup Time": 42.688,
                                    "Actual Total Time": 42.689,
                                    "Actual Rows": 1,
                                    "Actual Loops": 1
                                }
                            ],
                            "Plans": [
                                {
                                    "Node Type": "Bitmap Heap Scan",
                                    "Parent Relationship": "Outer",
                                    "Parallel Aware": true,
                                    "Relation Name": "cast_info",
                                    "Schema": "public",
                                    "Alias": "ci",
                                    "Startup Cost": 10921.41,
                                    "Total Cost": 265971.45,
                                    "Plan Rows": 82427,
                                    "Plan Width": 0,
                                    "Actual Startup Time": 10.203,
                                    "Actual Total Time": 37.035,
                                    "Actual Rows": 71334,
                                    "Actual Loops": 7,
                                    "Recheck Cond": "(ci.person_id < 55664)",
                                    "Rows Removed by Index Recheck": 0,
                                    "Exact Heap Blocks": 2123,
                                    "Lossy Heap Blocks": 0,
                                    "Workers": [
                                        {
                                            "Worker Number": 0,
                                            "Actual Startup Time": 8.034,
                                            "Actual Total Time": 34.571,
                                            "Actual Rows": 48679,
                                            "Actual Loops": 1
                                        },
                                        {
                                            "Worker Number": 1,
                                            "Actual Startup Time": 8.384,
                                            "Actual Total Time": 35.108,
                                            "Actual Rows": 51352,
                                            "Actual Loops": 1
                                        },
                                        {
                                            "Worker Number": 2,
                                            "Actual Startup Time": 8.552,
                                            "Actual Total Time": 35.44,
                                            "Actual Rows": 50144,
                                            "Actual Loops": 1
                                        },
                                        {
                                            "Worker Number": 3,
                                            "Actual Startup Time": 8.566,
                                            "Actual Total Time": 35.553,
                                            "Actual Rows": 51133,
                                            "Actual Loops": 1
                                        },
                                        {
                                            "Worker Number": 4,
                                            "Actual Startup Time": 9.083,
                                            "Actual Total Time": 36.215,
                                            "Actual Rows": 49185,
                                            "Actual Loops": 1
                                        },
                                        {
                                            "Worker Number": 5,
                                            "Actual Startup Time": 9.244,
                                            "Actual Total Time": 36.709,
                                            "Actual Rows": 47232,
                                            "Actual Loops": 1
                                        }
                                    ],
                                    "Plans": [
                                        {
                                            "Node Type": "Bitmap Index Scan",
                                            "Parent Relationship": "Outer",
                                            "Parallel Aware": false,
                                            "Index Name": "person_id_cast_info",
                                            "Startup Cost": 0.0,
                                            "Total Cost": 10797.77,
                                            "Plan Rows": 494560,
                                            "Plan Width": 0,
                                            "Actual Startup Time": 18.828,
                                            "Actual Total Time": 18.828,
                                            "Actual Rows": 499338,
                                            "Actual Loops": 1,
                                            "Index Cond": "(ci.person_id < 55664)"
                                        }
                                    ]
                                }
                            ]
                        }
                    ]
                }
            ]
        },
        "Planning Time": 184.65,
        "Triggers": [],
        "Execution Time": 56.978
    }
]