{
  "Plan": {
    "Node Type": "Aggregate",
    "Strategy": "Plain",
    "Partial Mode": "Finalize",
    "Parallel Aware": false,
    "Startup Cost": 161673.32,
    "Total Cost": 161673.33,
    "Plan Rows": 1,
    "Plan Width": 8,
    "Actual Startup Time": 460.426,
    "Actual Total Time": 502.236,
    "Actual Rows": 1,
    "Actual Loops": 1,
    "Plans": [
      {
        "Node Type": "Gather",
        "Parent Relationship": "Outer",
        "Parallel Aware": false,
        "Startup Cost": 161673.2,
        "Total Cost": 161673.31,
        "Plan Rows": 1,
        "Plan Width": 8,
        "Actual Startup Time": 459.896,
        "Actual Total Time": 502.225,
        "Actual Rows": 2,
        "Actual Loops": 1,
        "Workers Planned": 1,
        "Workers Launched": 1,
        "Single Copy": false,
        "Plans": [
          {
            "Node Type": "Aggregate",
            "Strategy": "Plain",
            "Partial Mode": "Partial",
            "Parent Relationship": "Outer",
            "Parallel Aware": false,
            "Startup Cost": 160673.2,
            "Total Cost": 160673.21,
            "Plan Rows": 1,
            "Plan Width": 8,
            "Actual Startup Time": 455.919,
            "Actual Total Time": 455.924,
            "Actual Rows": 1,
            "Actual Loops": 2,
            "Plans": [
              {
                "Node Type": "Nested Loop",
                "Parent Relationship": "Outer",
                "Parallel Aware": false,
                "Join Type": "Inner",
                "Startup Cost": 77515.74,
                "Total Cost": 160348.25,
                "Plan Rows": 129983,
                "Plan Width": 0,
                "Actual Startup Time": 197.644,
                "Actual Total Time": 452.042,
                "Actual Rows": 71490,
                "Actual Loops": 2,
                "Inner Unique": false,
                "Join Filter": "(t.id = ci.movie_id)",
                "Rows Removed by Join Filter": 0,
                "Plans": [
                  {
                    "Node Type": "Hash Join",
                    "Parent Relationship": "Outer",
                    "Parallel Aware": true,
                    "Join Type": "Inner",
                    "Startup Cost": 77515.17,
                    "Total Cost": 109795.52,
                    "Plan Rows": 15224,
                    "Plan Width": 8,
                    "Actual Startup Time": 197.574,
                    "Actual Total Time": 335.307,
                    "Actual Rows": 3790,
                    "Actual Loops": 2,
                    "Inner Unique": true,
                    "Hash Cond": "(mk.movie_id = t.id)",
                    "Plans": [
                      {
                        "Node Type": "Bitmap Heap Scan",
                        "Parent Relationship": "Outer",
                        "Parallel Aware": true,
                        "Relation Name": "movie_keyword",
                        "Alias": "mk",
                        "Startup Cost": 18661.77,
                        "Total Cost": 49583.83,
                        "Plan Rows": 517445,
                        "Plan Width": 4,
                        "Actual Startup Time": 51.439,
                        "Actual Total Time": 134.031,
                        "Actual Rows": 446414,
                        "Actual Loops": 2,
                        "Recheck Cond": "(keyword_id < 845)",
                        "Rows Removed by Index Recheck": 0,
                        "Exact Heap Blocks": 13647,
                        "Lossy Heap Blocks": 0,
                        "Plans": [
                          {
                            "Node Type": "Bitmap Index Scan",
                            "Parent Relationship": "Outer",
                            "Parallel Aware": false,
                            "Index Name": "keyword_id_movie_keyword",
                            "Startup Cost": 0.0,
                            "Total Cost": 18441.85,
                            "Plan Rows": 879656,
                            "Plan Width": 0,
                            "Actual Startup Time": 47.815,
                            "Actual Total Time": 47.816,
                            "Actual Rows": 892828,
                            "Actual Loops": 1,
                            "Index Cond": "(keyword_id < 845)"
                          }
                        ]
                      },
                      {
                        "Node Type": "Hash",
                        "Parent Relationship": "Inner",
                        "Parallel Aware": true,
                        "Startup Cost": 58306.47,
                        "Total Cost": 58306.47,
                        "Plan Rows": 43755,
                        "Plan Width": 4,
                        "Actual Startup Time": 143.841,
                        "Actual Total Time": 143.842,
                        "Actual Rows": 42054,
                        "Actual Loops": 2,
                        "Hash Buckets": 131072,
                        "Original Hash Buckets": 131072,
                        "Hash Batches": 1,
                        "Original Hash Batches": 1,
                        "Peak Memory Usage": 4352,
                        "Plans": [
                          {
                            "Node Type": "Seq Scan",
                            "Parent Relationship": "Outer",
                            "Parallel Aware": true,
                            "Relation Name": "title",
                            "Alias": "t",
                            "Startup Cost": 0.0,
                            "Total Cost": 58306.47,
                            "Plan Rows": 43755,
                            "Plan Width": 4,
                            "Actual Startup Time": 0.026,
                            "Actual Total Time": 132.777,
                            "Actual Rows": 42054,
                            "Actual Loops": 2,
                            "Filter": "((kind_id = 7) AND (production_year = 2008))",
                            "Rows Removed by Filter": 1222102
                          }
                        ]
                      }
                    ]
                  },
                  {
                    "Node Type": "Index Scan",
                    "Parent Relationship": "Inner",
                    "Parallel Aware": false,
                    "Scan Direction": "Forward",
                    "Index Name": "movie_id_cast_info",
                    "Relation Name": "cast_info",
                    "Alias": "ci",
                    "Startup Cost": 0.56,
                    "Total Cost": 3.05,
                    "Plan Rows": 22,
                    "Plan Width": 4,
                    "Actual Startup Time": 0.004,
                    "Actual Total Time": 0.028,
                    "Actual Rows": 19,
                    "Actual Loops": 7580,
                    "Index Cond": "(movie_id = mk.movie_id)",
                    "Rows Removed by Index Recheck": 0,
                    "Filter": "(person_id < 2196580)",
                    "Rows Removed by Filter": 16
                  }
                ]
              }
            ]
          }
        ]
      }
    ]
  },
  "Planning Time": 0.787,
  "Triggers": [],
  "Execution Time": 502.397
}