[
  {
    "Plan": {
      "Node Type": "Aggregate",
      "Strategy": "Plain",
      "Partial Mode": "Finalize",
      "Parallel Aware": false,
      "Startup Cost": 45931.87,
      "Total Cost": 45931.88,
      "Plan Rows": 1,
      "Plan Width": 8,
      "Actual Startup Time": 153.732,
      "Actual Total Time": 163.179,
      "Actual Rows": 1,
      "Actual Loops": 1,
      "Plans": [
        {
          "Node Type": "Gather",
          "Parent Relationship": "Outer",
          "Parallel Aware": false,
          "Startup Cost": 45931.56,
          "Total Cost": 45931.87,
          "Plan Rows": 3,
          "Plan Width": 8,
          "Actual Startup Time": 153.62,
          "Actual Total Time": 163.171,
          "Actual Rows": 4,
          "Actual Loops": 1,
          "Workers Planned": 3,
          "Workers Launched": 3,
          "Single Copy": false,
          "Plans": [
            {
              "Node Type": "Aggregate",
              "Strategy": "Plain",
              "Partial Mode": "Partial",
              "Parent Relationship": "Outer",
              "Parallel Aware": false,
              "Startup Cost": 44931.56,
              "Total Cost": 44931.57,
              "Plan Rows": 1,
              "Plan Width": 8,
              "Actual Startup Time": 146.589,
              "Actual Total Time": 146.59,
              "Actual Rows": 1,
              "Actual Loops": 4,
              "Plans": [
                {
                  "Node Type": "Seq Scan",
                  "Parent Relationship": "Outer",
                  "Parallel Aware": true,
                  "Relation Name": "movie_keyword",
                  "Alias": "mk",
                  "Startup Cost": 0.0,
                  "Total Cost": 42695.65,
                  "Plan Rows": 894361,
                  "Plan Width": 0,
                  "Actual Startup Time": 0.587,
                  "Actual Total Time": 116.605,
                  "Actual Rows": 690547,
                  "Actual Loops": 4,
                  "Filter": "(keyword_id > 2862)",
                  "Rows Removed by Filter": 440436
                }
              ]
            }
          ]
        }
      ]
    },
    "Planning Time": 0.186,
    "Triggers": [],
    "Execution Time": 163.233
  }
]