[
  {
    "Plan": {
      "Node Type": "Aggregate",
      "Strategy": "Plain",
      "Partial Mode": "Finalize",
      "Parallel Aware": false,
      "Startup Cost": 357134.68,
      "Total Cost": 357134.69,
      "Plan Rows": 1,
      "Plan Width": 8,
      "Actual Startup Time": 3073.613,
      "Actual Total Time": 3149.773,
      "Actual Rows": 1,
      "Actual Loops": 1,
      "Plans": [
        {
          "Node Type": "Gather",
          "Parent Relationship": "Outer",
          "Parallel Aware": false,
          "Startup Cost": 357134.26,
          "Total Cost": 357134.67,
          "Plan Rows": 4,
          "Plan Width": 8,
          "Actual Startup Time": 3070.4,
          "Actual Total Time": 3149.764,
          "Actual Rows": 5,
          "Actual Loops": 1,
          "Workers Planned": 4,
          "Workers Launched": 4,
          "Single Copy": false,
          "Plans": [
            {
              "Node Type": "Aggregate",
              "Strategy": "Plain",
              "Partial Mode": "Partial",
              "Parent Relationship": "Outer",
              "Parallel Aware": false,
              "Startup Cost": 356134.26,
              "Total Cost": 356134.27,
              "Plan Rows": 1,
              "Plan Width": 8,
              "Actual Startup Time": 3060.737,
              "Actual Total Time": 3060.739,
              "Actual Rows": 1,
              "Actual Loops": 5,
              "Plans": [
                {
                  "Node Type": "Nested Loop",
                  "Parent Relationship": "Outer",
                  "Parallel Aware": false,
                  "Join Type": "Inner",
                  "Startup Cost": 3.57,
                  "Total Cost": 353548.6,
                  "Plan Rows": 1034263,
                  "Plan Width": 0,
                  "Actual Startup Time": 412.64,
                  "Actual Total Time": 2939.486,
                  "Actual Rows": 2737264,
                  "Actual Loops": 5,
                  "Inner Unique": false,
                  "Join Filter": "(t.id = ci.movie_id)",
                  "Rows Removed by Join Filter": 0,
                  "Plans": [
                    {
                      "Node Type": "Merge Join",
                      "Parent Relationship": "Outer",
                      "Parallel Aware": false,
                      "Join Type": "Inner",
                      "Startup Cost": 3.01,
                      "Total Cost": 152564.69,
                      "Plan Rows": 72180,
                      "Plan Width": 8,
                      "Actual Startup Time": 412.563,
                      "Actual Total Time": 760.073,
                      "Actual Rows": 87405,
                      "Actual Loops": 5,
                      "Inner Unique": false,
                      "Merge Cond": "(t.id = mi_idx.movie_id)",
                      "Plans": [
                        {
                          "Node Type": "Index Scan",
                          "Parent Relationship": "Outer",
                          "Parallel Aware": true,
                          "Scan Direction": "Forward",
                          "Index Name": "title_pkey",
                          "Relation Name": "title",
                          "Alias": "t",
                          "Startup Cost": 0.43,
                          "Total Cost": 94538.14,
                          "Plan Rows": 132236,
                          "Plan Width": 4,
                          "Actual Startup Time": 187.507,
                          "Actual Total Time": 364.828,
                          "Actual Rows": 80624,
                          "Actual Loops": 5,
                          "Filter": "((production_year > 1975) AND (kind_id = 1))",
                          "Rows Removed by Filter": 424563
                        },
                        {
                          "Node Type": "Index Only Scan",
                          "Parent Relationship": "Inner",
                          "Parallel Aware": false,
                          "Scan Direction": "Forward",
                          "Index Name": "movie_id_movie_info_idx",
                          "Relation Name": "movie_info_idx",
                          "Alias": "mi_idx",
                          "Startup Cost": 0.43,
                          "Total Cost": 53620.22,
                          "Plan Rows": 1380035,
                          "Plan Width": 4,
                          "Actual Startup Time": 0.066,
                          "Actual Total Time": 320.667,
                          "Actual Rows": 1380035,
                          "Actual Loops": 5,
                          "Heap Fetches": 6900175
                        }
                      ]
                    },
                    {
                      "Node Type": "Index Only Scan",
                      "Parent Relationship": "Inner",
                      "Parallel Aware": false,
                      "Scan Direction": "Forward",
                      "Index Name": "movie_id_cast_info",
                      "Relation Name": "cast_info",
                      "Alias": "ci",
                      "Startup Cost": 0.56,
                      "Total Cost": 2.32,
                      "Plan Rows": 37,
                      "Plan Width": 4,
                      "Actual Startup Time": 0.003,
                      "Actual Total Time": 0.022,
                      "Actual Rows": 31,
                      "Actual Loops": 437026,
                      "Index Cond": "(movie_id = mi_idx.movie_id)",
                      "Rows Removed by Index Recheck": 0,
                      "Heap Fetches": 13686319
                    }
                  ]
                }
              ]
            }
          ]
        }
      ]
    },
    "Planning Time": 1.212,
    "Triggers": [],
    "Execution Time": 3149.882
  }
]