[
  {
    "Plan": {
      "Node Type": "Aggregate",
      "Strategy": "Plain",
      "Partial Mode": "Finalize",
      "Parallel Aware": false,
      "Startup Cost": 33372.17,
      "Total Cost": 33372.18,
      "Plan Rows": 1,
      "Plan Width": 8,
      "Actual Startup Time": 104.165,
      "Actual Total Time": 112.126,
      "Actual Rows": 1,
      "Actual Loops": 1,
      "Plans": [
        {
          "Node Type": "Gather",
          "Parent Relationship": "Outer",
          "Parallel Aware": false,
          "Startup Cost": 33371.85,
          "Total Cost": 33372.16,
          "Plan Rows": 3,
          "Plan Width": 8,
          "Actual Startup Time": 104.082,
          "Actual Total Time": 112.118,
          "Actual Rows": 4,
          "Actual Loops": 1,
          "Workers Planned": 3,
          "Workers Launched": 3,
          "Single Copy": false,
          "Plans": [
            {
              "Node Type": "Aggregate",
              "Strategy": "Plain",
              "Partial Mode": "Partial",
              "Parent Relationship": "Outer",
              "Parallel Aware": false,
              "Startup Cost": 32371.85,
              "Total Cost": 32371.86,
              "Plan Rows": 1,
              "Plan Width": 8,
              "Actual Startup Time": 95.782,
              "Actual Total Time": 95.783,
              "Actual Rows": 1,
              "Actual Loops": 4,
              "Plans": [
                {
                  "Node Type": "Seq Scan",
                  "Parent Relationship": "Outer",
                  "Parallel Aware": true,
                  "Relation Name": "movie_companies",
                  "Alias": "mc",
                  "Startup Cost": 0.0,
                  "Total Cost": 31414.82,
                  "Plan Rows": 382814,
                  "Plan Width": 0,
                  "Actual Startup Time": 47.464,
                  "Actual Total Time": 83.549,
                  "Actual Rows": 317921,
                  "Actual Loops": 4,
                  "Filter": "((company_id > 139) AND (company_type_id > 1))",
                  "Rows Removed by Filter": 334362
                }
              ]
            }
          ]
        }
      ]
    },
    "Planning Time": 0.152,
    "Triggers": [],
    "Execution Time": 112.167
  }
]