{
    "Plan": {
        "Node Type": "Aggregate",
        "Strategy": "Plain",
        "Partial Mode": "Simple",
        "Parallel Aware": false,
        "Startup Cost": 6433.83,
        "Total Cost": 6433.84,
        "Plan Rows": 1,
        "Plan Width": 96,
        "Actual Startup Time": 37.557,
        "Actual Total Time": 39.977,
        "Actual Rows": 1,
        "Actual Loops": 1,
        "Plans": [
            {
                "Node Type": "Gather",
                "Parent Relationship": "Outer",
                "Parallel Aware": false,
                "Startup Cost": 1005.3,
                "Total Cost": 6433.82,
                "Plan Rows": 1,
                "Plan Width": 48,
                "Actual Startup Time": 18.811,
                "Actual Total Time": 39.946,
                "Actual Rows": 45,
                "Actual Loops": 1,
                "Workers Planned": 1,
                "Workers Launched": 1,
                "Single Copy": false,
                "Plans": [
                    {
                        "Node Type": "Nested Loop",
                        "Parent Relationship": "Outer",
                        "Parallel Aware": false,
                        "Join Type": "Inner",
                        "Startup Cost": 5.3,
                        "Total Cost": 5433.72,
                        "Plan Rows": 1,
                        "Plan Width": 48,
                        "Actual Startup Time": 19.902,
                        "Actual Total Time": 29.19,
                        "Actual Rows": 22,
                        "Actual Loops": 2,
                        "Inner Unique": false,
                        "Join Filter": "(n.id = an.person_id)",
                        "Rows Removed by Join Filter": 0,
                        "Plans": [
                            {
                                "Node Type": "Nested Loop",
                                "Parent Relationship": "Outer",
                                "Parallel Aware": false,
                                "Join Type": "Inner",
                                "Startup Cost": 4.88,
                                "Total Cost": 5433.18,
                                "Plan Rows": 1,
                                "Plan Width": 56,
                                "Actual Startup Time": 19.893,
                                "Actual Total Time": 29.151,
                                "Actual Rows": 4,
                                "Actual Loops": 2,
                                "Inner Unique": true,
                                "Plans": [
                                    {
                                        "Node Type": "Nested Loop",
                                        "Parent Relationship": "Outer",
                                        "Parallel Aware": false,
                                        "Join Type": "Inner",
                                        "Startup Cost": 4.46,
                                        "Total Cost": 5432.73,
                                        "Plan Rows": 1,
                                        "Plan Width": 60,
                                        "Actual Startup Time": 19.811,
                                        "Actual Total Time": 28.805,
                                        "Actual Rows": 81,
                                        "Actual Loops": 2,
                                        "Inner Unique": false,
                                        "Join Filter": "(t.id = mk.movie_id)",
                                        "Rows Removed by Join Filter": 0,
                                        "Plans": [
                                            {
                                                "Node Type": "Nested Loop",
                                                "Parent Relationship": "Outer",
                                                "Parallel Aware": false,
                                                "Join Type": "Inner",
                                                "Startup Cost": 4.03,
                                                "Total Cost": 5430.89,
                                                "Plan Rows": 1,
                                                "Plan Width": 72,
                                                "Actual Startup Time": 19.8,
                                                "Actual Total Time": 28.736,
                                                "Actual Rows": 2,
                                                "Actual Loops": 2,
                                                "Inner Unique": true,
                                                "Plans": [
                                                    {
                                                        "Node Type": "Hash Join",
                                                        "Parent Relationship": "Outer",
                                                        "Parallel Aware": false,
                                                        "Join Type": "Inner",
                                                        "Startup Cost": 3.6,
                                                        "Total Cost": 5430.24,
                                                        "Plan Rows": 1,
                                                        "Plan Width": 60,
                                                        "Actual Startup Time": 19.792,
                                                        "Actual Total Time": 28.718,
                                                        "Actual Rows": 2,
                                                        "Actual Loops": 2,
                                                        "Inner Unique": true,
                                                        "Hash Cond": "(ci.role_id = rt.id)",
                                                        "Plans": [
                                                            {
                                                                "Node Type": "Nested Loop",
                                                                "Parent Relationship": "Outer",
                                                                "Parallel Aware": false,
                                                                "Join Type": "Inner",
                                                                "Startup Cost": 2.43,
                                                                "Total Cost": 5429.08,
                                                                "Plan Rows": 1,
                                                                "Plan Width": 64,
                                                                "Actual Startup Time": 19.485,
                                                                "Actual Total Time": 28.406,
                                                                "Actual Rows": 2,
                                                                "Actual Loops": 2,
                                                                "Inner Unique": true,
                                                                "Plans": [
                                                                    {
                                                                        "Node Type": "Nested Loop",
                                                                        "Parent Relationship": "Outer",
                                                                        "Parallel Aware": false,
                                                                        "Join Type": "Inner",
                                                                        "Startup Cost": 2.0,
                                                                        "Total Cost": 5428.33,
                                                                        "Plan Rows": 1,
                                                                        "Plan Width": 45,
                                                                        "Actual Startup Time": 19.311,
                                                                        "Actual Total Time": 28.032,
                                                                        "Actual Rows": 62,
                                                                        "Actual Loops": 2,
                                                                        "Inner Unique": false,
                                                                        "Join Filter": "(t.id = ci.movie_id)",
                                                                        "Rows Removed by Join Filter": 0,
                                                                        "Plans": [
                                                                            {
                                                                                "Node Type": "Nested Loop",
                                                                                "Parent Relationship": "Outer",
                                                                                "Parallel Aware": false,
                                                                                "Join Type": "Inner",
                                                                                "Startup Cost": 1.44,
                                                                                "Total Cost": 5426.38,
                                                                                "Plan Rows": 1,
                                                                                "Plan Width": 29,
                                                                                "Actual Startup Time": 19.297,
                                                                                "Actual Total Time": 27.658,
                                                                                "Actual Rows": 2,
                                                                                "Actual Loops": 2,
                                                                                "Inner Unique": true,
                                                                                "Plans": [
                                                                                    {
                                                                                        "Node Type": "Nested Loop",
                                                                                        "Parent Relationship": "Outer",
                                                                                        "Parallel Aware": false,
                                                                                        "Join Type": "Inner",
                                                                                        "Startup Cost": 1.29,
                                                                                        "Total Cost": 5426.2,
                                                                                        "Plan Rows": 1,
                                                                                        "Plan Width": 33,
                                                                                        "Actual Startup Time": 19.293,
                                                                                        "Actual Total Time": 27.647,
                                                                                        "Actual Rows": 2,
                                                                                        "Actual Loops": 2,
                                                                                        "Inner Unique": false,
                                                                                        "Join Filter": "(t.id = mi.movie_id)",
                                                                                        "Rows Removed by Join Filter": 0,
                                                                                        "Plans": [
                                                                                            {
                                                                                                "Node Type": "Nested Loop",
                                                                                                "Parent Relationship": "Outer",
                                                                                                "Parallel Aware": false,
                                                                                                "Join Type": "Inner",
                                                                                                "Startup Cost": 0.86,
                                                                                                "Total Cost": 5424.5,
                                                                                                "Plan Rows": 1,
                                                                                                "Plan Width": 25,
                                                                                                "Actual Startup Time": 19.079,
                                                                                                "Actual Total Time": 27.531,
                                                                                                "Actual Rows": 2,
                                                                                                "Actual Loops": 2,
                                                                                                "Inner Unique": true,
                                                                                                "Plans": [
                                                                                                    {
                                                                                                        "Node Type": "Nested Loop",
                                                                                                        "Parent Relationship": "Outer",
                                                                                                        "Parallel Aware": false,
                                                                                                        "Join Type": "Inner",
                                                                                                        "Startup Cost": 0.43,
                                                                                                        "Total Cost": 5421.38,
                                                                                                        "Plan Rows": 6,
                                                                                                        "Plan Width": 4,
                                                                                                        "Actual Startup Time": 18.984,
                                                                                                        "Actual Total Time": 27.178,
                                                                                                        "Actual Rows": 50,
                                                                                                        "Actual Loops": 2,
                                                                                                        "Inner Unique": false,
                                                                                                        "Plans": [
                                                                                                            {
                                                                                                                "Node Type": "Seq Scan",
                                                                                                                "Parent Relationship": "Outer",
                                                                                                                "Parallel Aware": true,
                                                                                                                "Relation Name": "company_name",
                                                                                                                "Alias": "cn",
                                                                                                                "Startup Cost": 0.0,
                                                                                                                "Total Cost": 5068.5,
                                                                                                                "Plan Rows": 1,
                                                                                                                "Plan Width": 4,
                                                                                                                "Actual Startup Time": 18.966,
                                                                                                                "Actual Total Time": 27.063,
                                                                                                                "Actual Rows": 0,
                                                                                                                "Actual Loops": 2,
                                                                                                                "Filter": "(((country_code)::text = '[us]'::text) AND (name = 'DreamWorks Animation'::text))",
                                                                                                                "Rows Removed by Filter": 117498
                                                                                                            },
                                                                                                            {
                                                                                                                "Node Type": "Index Scan",
                                                                                                                "Parent Relationship": "Inner",
                                                                                                                "Parallel Aware": false,
                                                                                                                "Scan Direction": "Forward",
                                                                                                                "Index Name": "company_id_movie_companies",
                                                                                                                "Relation Name": "movie_companies",
                                                                                                                "Alias": "mc",
                                                                                                                "Startup Cost": 0.43,
                                                                                                                "Total Cost": 351.55,
                                                                                                                "Plan Rows": 133,
                                                                                                                "Plan Width": 8,
                                                                                                                "Actual Startup Time": 0.027,
                                                                                                                "Actual Total Time": 0.2,
                                                                                                                "Actual Rows": 99,
                                                                                                                "Actual Loops": 1,
                                                                                                                "Index Cond": "(company_id = cn.id)",
                                                                                                                "Rows Removed by Index Recheck": 0
                                                                                                            }
                                                                                                        ]
                                                                                                    },
                                                                                                    {
                                                                                                        "Node Type": "Index Scan",
                                                                                                        "Parent Relationship": "Inner",
                                                                                                        "Parallel Aware": false,
                                                                                                        "Scan Direction": "Forward",
                                                                                                        "Index Name": "title_pkey",
                                                                                                        "Relation Name": "title",
                                                                                                        "Alias": "t",
                                                                                                        "Startup Cost": 0.43,
                                                                                                        "Total Cost": 0.52,
                                                                                                        "Plan Rows": 1,
                                                                                                        "Plan Width": 21,
                                                                                                        "Actual Startup Time": 0.007,
                                                                                                        "Actual Total Time": 0.007,
                                                                                                        "Actual Rows": 0,
                                                                                                        "Actual Loops": 99,
                                                                                                        "Index Cond": "(id = mc.movie_id)",
                                                                                                        "Rows Removed by Index Recheck": 0,
                                                                                                        "Filter": "((production_year > 2010) AND (title ~~ 'Kung Fu Panda%'::text))",
                                                                                                        "Rows Removed by Filter": 1
                                                                                                    }
                                                                                                ]
                                                                                            },
                                                                                            {
                                                                                                "Node Type": "Index Scan",
                                                                                                "Parent Relationship": "Inner",
                                                                                                "Parallel Aware": false,
                                                                                                "Scan Direction": "Forward",
                                                                                                "Index Name": "movie_id_movie_info",
                                                                                                "Relation Name": "movie_info",
                                                                                                "Alias": "mi",
                                                                                                "Startup Cost": 0.43,
                                                                                                "Total Cost": 1.69,
                                                                                                "Plan Rows": 1,
                                                                                                "Plan Width": 8,
                                                                                                "Actual Startup Time": 0.029,
                                                                                                "Actual Total Time": 0.056,
                                                                                                "Actual Rows": 1,
                                                                                                "Actual Loops": 4,
                                                                                                "Index Cond": "(movie_id = mc.movie_id)",
                                                                                                "Rows Removed by Index Recheck": 0,
                                                                                                "Filter": "((info IS NOT NULL) AND ((info ~~ 'Japan:%201%'::text) OR (info ~~ 'USA:%201%'::text)))",
                                                                                                "Rows Removed by Filter": 70
                                                                                            }
                                                                                        ]
                                                                                    },
                                                                                    {
                                                                                        "Node Type": "Index Scan",
                                                                                        "Parent Relationship": "Inner",
                                                                                        "Parallel Aware": false,
                                                                                        "Scan Direction": "Forward",
                                                                                        "Index Name": "info_type_pkey",
                                                                                        "Relation Name": "info_type",
                                                                                        "Alias": "it",
                                                                                        "Startup Cost": 0.14,
                                                                                        "Total Cost": 0.16,
                                                                                        "Plan Rows": 1,
                                                                                        "Plan Width": 4,
                                                                                        "Actual Startup Time": 0.003,
                                                                                        "Actual Total Time": 0.003,
                                                                                        "Actual Rows": 1,
                                                                                        "Actual Loops": 5,
                                                                                        "Index Cond": "(id = mi.info_type_id)",
                                                                                        "Rows Removed by Index Recheck": 0,
                                                                                        "Filter": "((info)::text = 'release dates'::text)",
                                                                                        "Rows Removed by Filter": 0
                                                                                    }
                                                                                ]
                                                                            },
                                                                            {
                                                                                "Node Type": "Index Scan",
                                                                                "Parent Relationship": "Inner",
                                                                                "Parallel Aware": false,
                                                                                "Scan Direction": "Forward",
                                                                                "Index Name": "movie_id_cast_info",
                                                                                "Relation Name": "cast_info",
                                                                                "Alias": "ci",
                                                                                "Startup Cost": 0.56,
                                                                                "Total Cost": 1.94,
                                                                                "Plan Rows": 1,
                                                                                "Plan Width": 16,
                                                                                "Actual Startup Time": 0.011,
                                                                                "Actual Total Time": 0.141,
                                                                                "Actual Rows": 25,
                                                                                "Actual Loops": 5,
                                                                                "Index Cond": "(movie_id = mc.movie_id)",
                                                                                "Rows Removed by Index Recheck": 0,
                                                                                "Filter": "(note = ANY ('{(voice),\"(voice: Japanese version)\",\"(voice) (uncredited)\",\"(voice: English version)\"}'::text[]))",
                                                                                "Rows Removed by Filter": 83
                                                                            }
                                                                        ]
                                                                    },
                                                                    {
                                                                        "Node Type": "Index Scan",
                                                                        "Parent Relationship": "Inner",
                                                                        "Parallel Aware": false,
                                                                        "Scan Direction": "Forward",
                                                                        "Index Name": "name_pkey",
                                                                        "Relation Name": "name",
                                                                        "Alias": "n",
                                                                        "Startup Cost": 0.43,
                                                                        "Total Cost": 0.74,
                                                                        "Plan Rows": 1,
                                                                        "Plan Width": 19,
                                                                        "Actual Startup Time": 0.006,
                                                                        "Actual Total Time": 0.006,
                                                                        "Actual Rows": 0,
                                                                        "Actual Loops": 125,
                                                                        "Index Cond": "(id = ci.person_id)",
                                                                        "Rows Removed by Index Recheck": 0,
                                                                        "Filter": "((name ~~ '%An%'::text) AND ((gender)::text = 'f'::text))",
                                                                        "Rows Removed by Filter": 1
                                                                    }
                                                                ]
                                                            },
                                                            {
                                                                "Node Type": "Hash",
                                                                "Parent Relationship": "Inner",
                                                                "Parallel Aware": false,
                                                                "Startup Cost": 1.15,
                                                                "Total Cost": 1.15,
                                                                "Plan Rows": 1,
                                                                "Plan Width": 4,
                                                                "Actual Startup Time": 0.082,
                                                                "Actual Total Time": 0.082,
                                                                "Actual Rows": 1,
                                                                "Actual Loops": 2,
                                                                "Hash Buckets": 1024,
                                                                "Original Hash Buckets": 1024,
                                                                "Hash Batches": 1,
                                                                "Original Hash Batches": 1,
                                                                "Peak Memory Usage": 9,
                                                                "Plans": [
                                                                    {
                                                                        "Node Type": "Seq Scan",
                                                                        "Parent Relationship": "Outer",
                                                                        "Parallel Aware": false,
                                                                        "Relation Name": "role_type",
                                                                        "Alias": "rt",
                                                                        "Startup Cost": 0.0,
                                                                        "Total Cost": 1.15,
                                                                        "Plan Rows": 1,
                                                                        "Plan Width": 4,
                                                                        "Actual Startup Time": 0.059,
                                                                        "Actual Total Time": 0.063,
                                                                        "Actual Rows": 1,
                                                                        "Actual Loops": 2,
                                                                        "Filter": "((role)::text = 'actress'::text)",
                                                                        "Rows Removed by Filter": 11
                                                                    }
                                                                ]
                                                            }
                                                        ]
                                                    },
                                                    {
                                                        "Node Type": "Index Scan",
                                                        "Parent Relationship": "Inner",
                                                        "Parallel Aware": false,
                                                        "Scan Direction": "Forward",
                                                        "Index Name": "char_name_pkey",
                                                        "Relation Name": "char_name",
                                                        "Alias": "chn",
                                                        "Startup Cost": 0.43,
                                                        "Total Cost": 0.64,
                                                        "Plan Rows": 1,
                                                        "Plan Width": 20,
                                                        "Actual Startup Time": 0.005,
                                                        "Actual Total Time": 0.005,
                                                        "Actual Rows": 1,
                                                        "Actual Loops": 5,
                                                        "Index Cond": "(id = ci.person_role_id)",
                                                        "Rows Removed by Index Recheck": 0
                                                    }
                                                ]
                                            },
                                            {
                                                "Node Type": "Index Scan",
                                                "Parent Relationship": "Inner",
                                                "Parallel Aware": false,
                                                "Scan Direction": "Forward",
                                                "Index Name": "movie_id_movie_keyword",
                                                "Relation Name": "movie_keyword",
                                                "Alias": "mk",
                                                "Startup Cost": 0.43,
                                                "Total Cost": 1.28,
                                                "Plan Rows": 45,
                                                "Plan Width": 8,
                                                "Actual Startup Time": 0.007,
                                                "Actual Total Time": 0.017,
                                                "Actual Rows": 32,
                                                "Actual Loops": 5,
                                                "Index Cond": "(movie_id = mc.movie_id)",
                                                "Rows Removed by Index Recheck": 0
                                            }
                                        ]
                                    },
                                    {
                                        "Node Type": "Index Scan",
                                        "Parent Relationship": "Inner",
                                        "Parallel Aware": false,
                                        "Scan Direction": "Forward",
                                        "Index Name": "keyword_pkey",
                                        "Relation Name": "keyword",
                                        "Alias": "k",
                                        "Startup Cost": 0.42,
                                        "Total Cost": 0.44,
                                        "Plan Rows": 1,
                                        "Plan Width": 4,
                                        "Actual Startup Time": 0.004,
                                        "Actual Total Time": 0.004,
                                        "Actual Rows": 0,
                                        "Actual Loops": 162,
                                        "Index Cond": "(id = mk.keyword_id)",
                                        "Rows Removed by Index Recheck": 0,
                                        "Filter": "(keyword = ANY ('{hero,martial-arts,hand-to-hand-combat,computer-animated-movie}'::text[]))",
                                        "Rows Removed by Filter": 1
                                    }
                                ]
                            },
                            {
                                "Node Type": "Index Only Scan",
                                "Parent Relationship": "Inner",
                                "Parallel Aware": false,
                                "Scan Direction": "Forward",
                                "Index Name": "person_id_aka_name",
                                "Relation Name": "aka_name",
                                "Alias": "an",
                                "Startup Cost": 0.42,
                                "Total Cost": 0.52,
                                "Plan Rows": 2,
                                "Plan Width": 4,
                                "Actual Startup Time": 0.004,
                                "Actual Total Time": 0.007,
                                "Actual Rows": 5,
                                "Actual Loops": 9,
                                "Index Cond": "(person_id = ci.person_id)",
                                "Rows Removed by Index Recheck": 0,
                                "Heap Fetches": 45
                            }
                        ]
                    }
                ]
            }
        ]
    },
    "Planning Time": 3.958,
    "Triggers": [],
    "Execution Time": 40.171
}