{
    "Plan": {
        "Node Type": "Aggregate",
        "Strategy": "Plain",
        "Partial Mode": "Finalize",
        "Parallel Aware": false,
        "Startup Cost": 276107.52,
        "Total Cost": 276107.53,
        "Plan Rows": 1,
        "Plan Width": 8,
        "Actual Startup Time": 970.282,
        "Actual Total Time": 1014.474,
        "Actual Rows": 1,
        "Actual Loops": 1,
        "Output": [
            "count(*)"
        ],
        "Plans": [
            {
                "Node Type": "Gather",
                "Parent Relationship": "Outer",
                "Parallel Aware": false,
                "Startup Cost": 276107.0,
                "Total Cost": 276107.51,
                "Plan Rows": 5,
                "Plan Width": 8,
                "Actual Startup Time": 944.248,
                "Actual Total Time": 1014.461,
                "Actual Rows": 6,
                "Actual Loops": 1,
                "Output": [
                    "(PARTIAL count(*))"
                ],
                "Workers Planned": 5,
                "Workers Launched": 5,
                "Single Copy": false,
                "Plans": [
                    {
                        "Node Type": "Aggregate",
                        "Strategy": "Plain",
                        "Partial Mode": "Partial",
                        "Parent Relationship": "Outer",
                        "Parallel Aware": false,
                        "Startup Cost": 275107.0,
                        "Total Cost": 275107.01,
                        "Plan Rows": 1,
                        "Plan Width": 8,
                        "Actual Startup Time": 929.706,
                        "Actual Total Time": 930.134,
                        "Actual Rows": 1,
                        "Actual Loops": 6,
                        "Output": [
                            "PARTIAL count(*)"
                        ],
                        "Workers": [
                            {
                                "Worker Number": 0,
                                "Actual Startup Time": 926.624,
                                "Actual Total Time": 926.631,
                                "Actual Rows": 1,
                                "Actual Loops": 1
                            },
                            {
                                "Worker Number": 1,
                                "Actual Startup Time": 926.786,
                                "Actual Total Time": 926.791,
                                "Actual Rows": 1,
                                "Actual Loops": 1
                            },
                            {
                                "Worker Number": 2,
                                "Actual Startup Time": 926.618,
                                "Actual Total Time": 926.623,
                                "Actual Rows": 1,
                                "Actual Loops": 1
                            },
                            {
                                "Worker Number": 3,
                                "Actual Startup Time": 928.034,
                                "Actual Total Time": 928.038,
                                "Actual Rows": 1,
                                "Actual Loops": 1
                            },
                            {
                                "Worker Number": 4,
                                "Actual Startup Time": 926.873,
                                "Actual Total Time": 926.877,
                                "Actual Rows": 1,
                                "Actual Loops": 1
                            }
                        ],
                        "Plans": [
                            {
                                "Node Type": "Hash Join",
                                "Parent Relationship": "Outer",
                                "Parallel Aware": true,
                                "Join Type": "Inner",
                                "Startup Cost": 71399.67,
                                "Total Cost": 274307.38,
                                "Plan Rows": 319845,
                                "Plan Width": 0,
                                "Actual Startup Time": 448.085,
                                "Actual Total Time": 905.378,
                                "Actual Rows": 589152,
                                "Actual Loops": 6,
                                "Inner Unique": false,
                                "Hash Cond": "(mi.movie_id = t.id)",
                                "Workers": [
                                    {
                                        "Worker Number": 0,
                                        "Actual Startup Time": 445.231,
                                        "Actual Total Time": 899.199,
                                        "Actual Rows": 437370,
                                        "Actual Loops": 1
                                    },
                                    {
                                        "Worker Number": 1,
                                        "Actual Startup Time": 445.485,
                                        "Actual Total Time": 902.396,
                                        "Actual Rows": 630784,
                                        "Actual Loops": 1
                                    },
                                    {
                                        "Worker Number": 2,
                                        "Actual Startup Time": 445.234,
                                        "Actual Total Time": 904.131,
                                        "Actual Rows": 570123,
                                        "Actual Loops": 1
                                    },
                                    {
                                        "Worker Number": 3,
                                        "Actual Startup Time": 445.215,
                                        "Actual Total Time": 905.293,
                                        "Actual Rows": 579003,
                                        "Actual Loops": 1
                                    },
                                    {
                                        "Worker Number": 4,
                                        "Actual Startup Time": 445.458,
                                        "Actual Total Time": 902.296,
                                        "Actual Rows": 636600,
                                        "Actual Loops": 1
                                    }
                                ],
                                "Plans": [
                                    {
                                        "Node Type": "Seq Scan",
                                        "Parent Relationship": "Outer",
                                        "Parallel Aware": true,
                                        "Relation Name": "movie_info",
                                        "Schema": "public",
                                        "Alias": "mi",
                                        "Startup Cost": 0.0,
                                        "Total Cost": 198880.74,
                                        "Plan Rows": 718477,
                                        "Plan Width": 4,
                                        "Actual Startup Time": 28.242,
                                        "Actual Total Time": 301.08,
                                        "Actual Rows": 604163,
                                        "Actual Loops": 6,
                                        "Output": [
                                            "mi.id",
                                            "mi.movie_id",
                                            "mi.info_type_id",
                                            "mi.info",
                                            "mi.note"
                                        ],
                                        "Filter": "(mi.info_type_id < 4)",
                                        "Rows Removed by Filter": 1868457,
                                        "Workers": [
                                            {
                                                "Worker Number": 0,
                                                "Actual Startup Time": 28.262,
                                                "Actual Total Time": 309.516,
                                                "Actual Rows": 452874,
                                                "Actual Loops": 1
                                            },
                                            {
                                                "Worker Number": 1,
                                                "Actual Startup Time": 28.193,
                                                "Actual Total Time": 301.473,
                                                "Actual Rows": 645925,
                                                "Actual Loops": 1
                                            },
                                            {
                                                "Worker Number": 2,
                                                "Actual Startup Time": 28.248,
                                                "Actual Total Time": 300.684,
                                                "Actual Rows": 584916,
                                                "Actual Loops": 1
                                            },
                                            {
                                                "Worker Number": 3,
                                                "Actual Startup Time": 28.263,
                                                "Actual Total Time": 300.724,
                                                "Actual Rows": 587789,
                                                "Actual Loops": 1
                                            },
                                            {
                                                "Worker Number": 4,
                                                "Actual Startup Time": 28.242,
                                                "Actual Total Time": 301.936,
                                                "Actual Rows": 652235,
                                                "Actual Loops": 1
                                            }
                                        ]
                                    },
                                    {
                                        "Node Type": "Hash",
                                        "Parent Relationship": "Inner",
                                        "Parallel Aware": true,
                                        "Startup Cost": 65537.5,
                                        "Total Cost": 65537.5,
                                        "Plan Rows": 468973,
                                        "Plan Width": 8,
                                        "Actual Startup Time": 414.121,
                                        "Actual Total Time": 414.547,
                                        "Actual Rows": 208055,
                                        "Actual Loops": 6,
                                        "Output": [
                                            "t.id",
                                            "mi_idx.movie_id"
                                        ],
                                        "Hash Buckets": 2097152,
                                        "Original Hash Buckets": 2097152,
                                        "Hash Batches": 1,
                                        "Original Hash Batches": 1,
                                        "Peak Memory Usage": 65312,
                                        "Workers": [
                                            {
                                                "Worker Number": 0,
                                                "Actual Startup Time": 416.316,
                                                "Actual Total Time": 416.321,
                                                "Actual Rows": 158470,
                                                "Actual Loops": 1
                                            },
                                            {
                                                "Worker Number": 1,
                                                "Actual Startup Time": 416.318,
                                                "Actual Total Time": 416.321,
                                                "Actual Rows": 220168,
                                                "Actual Loops": 1
                                            },
                                            {
                                                "Worker Number": 2,
                                                "Actual Startup Time": 416.147,
                                                "Actual Total Time": 416.15,
                                                "Actual Rows": 202964,
                                                "Actual Loops": 1
                                            },
                                            {
                                                "Worker Number": 3,
                                                "Actual Startup Time": 416.125,
                                                "Actual Total Time": 416.128,
                                                "Actual Rows": 206101,
                                                "Actual Loops": 1
                                            },
                                            {
                                                "Worker Number": 4,
                                                "Actual Startup Time": 416.547,
                                                "Actual Total Time": 416.55,
                                                "Actual Rows": 223025,
                                                "Actual Loops": 1
                                            }
                                        ],
                                        "Plans": [
                                            {
                                                "Node Type": "Hash Join",
                                                "Parent Relationship": "Outer",
                                                "Parallel Aware": true,
                                                "Join Type": "Inner",
                                                "Startup Cost": 50342.94,
                                                "Total Cost": 65537.5,
                                                "Plan Rows": 468973,
                                                "Plan Width": 8,
                                                "Actual Startup Time": 242.1,
                                                "Actual Total Time": 335.934,
                                                "Actual Rows": 208055,
                                                "Actual Loops": 6,
                                                "Output": [
                                                    "t.id",
                                                    "mi_idx.movie_id"
                                                ],
                                                "Inner Unique": true,
                                                "Hash Cond": "(mi_idx.movie_id = t.id)",
                                                "Workers": [
                                                    {
                                                        "Worker Number": 0,
                                                        "Actual Startup Time": 242.216,
                                                        "Actual Total Time": 335.242,
                                                        "Actual Rows": 158470,
                                                        "Actual Loops": 1
                                                    },
                                                    {
                                                        "Worker Number": 1,
                                                        "Actual Startup Time": 242.019,
                                                        "Actual Total Time": 336.121,
                                                        "Actual Rows": 220168,
                                                        "Actual Loops": 1
                                                    },
                                                    {
                                                        "Worker Number": 2,
                                                        "Actual Startup Time": 242.119,
                                                        "Actual Total Time": 335.582,
                                                        "Actual Rows": 202964,
                                                        "Actual Loops": 1
                                                    },
                                                    {
                                                        "Worker Number": 3,
                                                        "Actual Startup Time": 241.99,
                                                        "Actual Total Time": 335.907,
                                                        "Actual Rows": 206101,
                                                        "Actual Loops": 1
                                                    },
                                                    {
                                                        "Worker Number": 4,
                                                        "Actual Startup Time": 242.139,
                                                        "Actual Total Time": 335.364,
                                                        "Actual Rows": 223025,
                                                        "Actual Loops": 1
                                                    }
                                                ],
                                                "Plans": [
                                                    {
                                                        "Node Type": "Seq Scan",
                                                        "Parent Relationship": "Outer",
                                                        "Parallel Aware": true,
                                                        "Relation Name": "movie_info_idx",
                                                        "Schema": "public",
                                                        "Alias": "mi_idx",
                                                        "Startup Cost": 0.0,
                                                        "Total Cost": 13685.15,
                                                        "Plan Rows": 575015,
                                                        "Plan Width": 4,
                                                        "Actual Startup Time": 0.013,
                                                        "Actual Total Time": 22.435,
                                                        "Actual Rows": 230006,
                                                        "Actual Loops": 6,
                                                        "Output": [
                                                            "mi_idx.id",
                                                            "mi_idx.movie_id",
                                                            "mi_idx.info_type_id",
                                                            "mi_idx.info",
                                                            "mi_idx.note"
                                                        ],
                                                        "Workers": [
                                                            {
                                                                "Worker Number": 0,
                                                                "Actual Startup Time": 0.025,
                                                                "Actual Total Time": 24.435,
                                                                "Actual Rows": 175498,
                                                                "Actual Loops": 1
                                                            },
                                                            {
                                                                "Worker Number": 1,
                                                                "Actual Startup Time": 0.009,
                                                                "Actual Total Time": 22.684,
                                                                "Actual Rows": 243501,
                                                                "Actual Loops": 1
                                                            },
                                                            {
                                                                "Worker Number": 2,
                                                                "Actual Startup Time": 0.015,
                                                                "Actual Total Time": 22.582,
                                                                "Actual Rows": 224185,
                                                                "Actual Loops": 1
                                                            },
                                                            {
                                                                "Worker Number": 3,
                                                                "Actual Startup Time": 0.01,
                                                                "Actual Total Time": 22.841,
                                                                "Actual Rows": 227486,
                                                                "Actual Loops": 1
                                                            },
                                                            {
                                                                "Worker Number": 4,
                                                                "Actual Startup Time": 0.012,
                                                                "Actual Total Time": 22.817,
                                                                "Actual Rows": 246741,
                                                                "Actual Loops": 1
                                                            }
                                                        ]
                                                    },
                                                    {
                                                        "Node Type": "Hash",
                                                        "Parent Relationship": "Inner",
                                                        "Parallel Aware": true,
                                                        "Startup Cost": 43899.01,
                                                        "Total Cost": 43899.01,
                                                        "Plan Rows": 515515,
                                                        "Plan Width": 4,
                                                        "Actual Startup Time": 239.511,
                                                        "Actual Total Time": 239.512,
                                                        "Actual Rows": 344092,
                                                        "Actual Loops": 6,
                                                        "Output": [
                                                            "t.id"
                                                        ],
                                                        "Hash Buckets": 2097152,
                                                        "Original Hash Buckets": 2097152,
                                                        "Hash Batches": 1,
                                                        "Original Hash Batches": 1,
                                                        "Peak Memory Usage": 97216,
                                                        "Workers": [
                                                            {
                                                                "Worker Number": 0,
                                                                "Actual Startup Time": 241.906,
                                                                "Actual Total Time": 241.907,
                                                                "Actual Rows": 263126,
                                                                "Actual Loops": 1
                                                            },
                                                            {
                                                                "Worker Number": 1,
                                                                "Actual Startup Time": 241.927,
                                                                "Actual Total Time": 241.929,
                                                                "Actual Rows": 348898,
                                                                "Actual Loops": 1
                                                            },
                                                            {
                                                                "Worker Number": 2,
                                                                "Actual Startup Time": 241.869,
                                                                "Actual Total Time": 241.87,
                                                                "Actual Rows": 316955,
                                                                "Actual Loops": 1
                                                            },
                                                            {
                                                                "Worker Number": 3,
                                                                "Actual Startup Time": 241.901,
                                                                "Actual Total Time": 241.902,
                                                                "Actual Rows": 316280,
                                                                "Actual Loops": 1
                                                            },
                                                            {
                                                                "Worker Number": 4,
                                                                "Actual Startup Time": 241.86,
                                                                "Actual Total Time": 241.861,
                                                                "Actual Rows": 349798,
                                                                "Actual Loops": 1
                                                            }
                                                        ],
                                                        "Plans": [
                                                            {
                                                                "Node Type": "Seq Scan",
                                                                "Parent Relationship": "Outer",
                                                                "Parallel Aware": true,
                                                                "Relation Name": "title",
                                                                "Schema": "public",
                                                                "Alias": "t",
                                                                "Startup Cost": 0.0,
                                                                "Total Cost": 43899.01,
                                                                "Plan Rows": 515515,
                                                                "Plan Width": 4,
                                                                "Actual Startup Time": 0.089,
                                                                "Actual Total Time": 88.492,
                                                                "Actual Rows": 344092,
                                                                "Actual Loops": 6,
                                                                "Output": [
                                                                    "t.id"
                                                                ],
                                                                "Filter": "(t.production_year < 2011)",
                                                                "Rows Removed by Filter": 77293,
                                                                "Workers": [
                                                                    {
                                                                        "Worker Number": 0,
                                                                        "Actual Startup Time": 0.106,
                                                                        "Actual Total Time": 95.319,
                                                                        "Actual Rows": 263126,
                                                                        "Actual Loops": 1
                                                                    },
                                                                    {
                                                                        "Worker Number": 1,
                                                                        "Actual Startup Time": 0.105,
                                                                        "Actual Total Time": 90.577,
                                                                        "Actual Rows": 348898,
                                                                        "Actual Loops": 1
                                                                    },
                                                                    {
                                                                        "Worker Number": 2,
                                                                        "Actual Startup Time": 0.109,
                                                                        "Actual Total Time": 89.092,
                                                                        "Actual Rows": 316955,
                                                                        "Actual Loops": 1
                                                                    },
                                                                    {
                                                                        "Worker Number": 3,
                                                                        "Actual Startup Time": 0.1,
                                                                        "Actual Total Time": 89.166,
                                                                        "Actual Rows": 316280,
                                                                        "Actual Loops": 1
                                                                    },
                                                                    {
                                                                        "Worker Number": 4,
                                                                        "Actual Startup Time": 0.095,
                                                                        "Actual Total Time": 91.018,
                                                                        "Actual Rows": 349798,
                                                                        "Actual Loops": 1
                                                                    }
                                                                ]
                                                            }
                                                        ]
                                                    }
                                                ]
                                            }
                                        ]
                                    }
                                ]
                            }
                        ]
                    }
                ]
            }
        ]
    },
    "Planning Time": 1.466,
    "Triggers": [],
    "Execution Time": 1014.561
}