{
    "Plan": {
        "Node Type": "Aggregate",
        "Strategy": "Plain",
        "Partial Mode": "Finalize",
        "Parallel Aware": false,
        "Startup Cost": 89258.26,
        "Total Cost": 89258.27,
        "Plan Rows": 1,
        "Plan Width": 8,
        "Actual Startup Time": 265.766,
        "Actual Total Time": 285.773,
        "Actual Rows": 1,
        "Actual Loops": 1,
        "Output": [
            "count(*)"
        ],
        "Plans": [
            {
                "Node Type": "Gather",
                "Parent Relationship": "Outer",
                "Parallel Aware": false,
                "Startup Cost": 89257.94,
                "Total Cost": 89258.25,
                "Plan Rows": 3,
                "Plan Width": 8,
                "Actual Startup Time": 265.534,
                "Actual Total Time": 285.764,
                "Actual Rows": 4,
                "Actual Loops": 1,
                "Output": [
                    "(PARTIAL count(*))"
                ],
                "Workers Planned": 3,
                "Workers Launched": 3,
                "Single Copy": false,
                "Plans": [
                    {
                        "Node Type": "Aggregate",
                        "Strategy": "Plain",
                        "Partial Mode": "Partial",
                        "Parent Relationship": "Outer",
                        "Parallel Aware": false,
                        "Startup Cost": 88257.94,
                        "Total Cost": 88257.95,
                        "Plan Rows": 1,
                        "Plan Width": 8,
                        "Actual Startup Time": 256.908,
                        "Actual Total Time": 256.912,
                        "Actual Rows": 1,
                        "Actual Loops": 4,
                        "Output": [
                            "PARTIAL count(*)"
                        ],
                        "Workers": [
                            {
                                "Worker Number": 0,
                                "Actual Startup Time": 254.242,
                                "Actual Total Time": 254.246,
                                "Actual Rows": 1,
                                "Actual Loops": 1
                            },
                            {
                                "Worker Number": 1,
                                "Actual Startup Time": 254.344,
                                "Actual Total Time": 254.347,
                                "Actual Rows": 1,
                                "Actual Loops": 1
                            },
                            {
                                "Worker Number": 2,
                                "Actual Startup Time": 254.193,
                                "Actual Total Time": 254.196,
                                "Actual Rows": 1,
                                "Actual Loops": 1
                            }
                        ],
                        "Plans": [
                            {
                                "Node Type": "Hash Join",
                                "Parent Relationship": "Outer",
                                "Parallel Aware": true,
                                "Join Type": "Inner",
                                "Startup Cost": 43988.82,
                                "Total Cost": 88241.09,
                                "Plan Rows": 6741,
                                "Plan Width": 0,
                                "Actual Startup Time": 103.147,
                                "Actual Total Time": 256.541,
                                "Actual Rows": 6287,
                                "Actual Loops": 4,
                                "Inner Unique": true,
                                "Hash Cond": "(mk.movie_id = t.id)",
                                "Workers": [
                                    {
                                        "Worker Number": 0,
                                        "Actual Startup Time": 100.421,
                                        "Actual Total Time": 253.864,
                                        "Actual Rows": 7013,
                                        "Actual Loops": 1
                                    },
                                    {
                                        "Worker Number": 1,
                                        "Actual Startup Time": 100.769,
                                        "Actual Total Time": 253.974,
                                        "Actual Rows": 4048,
                                        "Actual Loops": 1
                                    },
                                    {
                                        "Worker Number": 2,
                                        "Actual Startup Time": 100.374,
                                        "Actual Total Time": 253.82,
                                        "Actual Rows": 6541,
                                        "Actual Loops": 1
                                    }
                                ],
                                "Plans": [
                                    {
                                        "Node Type": "Seq Scan",
                                        "Parent Relationship": "Outer",
                                        "Parallel Aware": true,
                                        "Relation Name": "movie_keyword",
                                        "Schema": "public",
                                        "Alias": "mk",
                                        "Startup Cost": 0.0,
                                        "Total Cost": 42695.65,
                                        "Plan Rows": 592997,
                                        "Plan Width": 4,
                                        "Actual Startup Time": 0.393,
                                        "Actual Total Time": 117.283,
                                        "Actual Rows": 452486,
                                        "Actual Loops": 4,
                                        "Output": [
                                            "mk.id",
                                            "mk.movie_id",
                                            "mk.keyword_id"
                                        ],
                                        "Filter": "(mk.keyword_id > 7666)",
                                        "Rows Removed by Filter": 678497,
                                        "Workers": [
                                            {
                                                "Worker Number": 0,
                                                "Actual Startup Time": 0.316,
                                                "Actual Total Time": 119.484,
                                                "Actual Rows": 455267,
                                                "Actual Loops": 1
                                            },
                                            {
                                                "Worker Number": 1,
                                                "Actual Startup Time": 0.423,
                                                "Actual Total Time": 118.069,
                                                "Actual Rows": 302211,
                                                "Actual Loops": 1
                                            },
                                            {
                                                "Worker Number": 2,
                                                "Actual Startup Time": 0.393,
                                                "Actual Total Time": 119.551,
                                                "Actual Rows": 451072,
                                                "Actual Loops": 1
                                            }
                                        ]
                                    },
                                    {
                                        "Node Type": "Hash",
                                        "Parent Relationship": "Inner",
                                        "Parallel Aware": true,
                                        "Startup Cost": 43899.01,
                                        "Total Cost": 43899.01,
                                        "Plan Rows": 7185,
                                        "Plan Width": 4,
                                        "Actual Startup Time": 101.094,
                                        "Actual Total Time": 101.095,
                                        "Actual Rows": 7507,
                                        "Actual Loops": 4,
                                        "Output": [
                                            "t.id"
                                        ],
                                        "Hash Buckets": 32768,
                                        "Original Hash Buckets": 32768,
                                        "Hash Batches": 1,
                                        "Original Hash Batches": 1,
                                        "Peak Memory Usage": 1472,
                                        "Workers": [
                                            {
                                                "Worker Number": 0,
                                                "Actual Startup Time": 99.172,
                                                "Actual Total Time": 99.173,
                                                "Actual Rows": 6872,
                                                "Actual Loops": 1
                                            },
                                            {
                                                "Worker Number": 1,
                                                "Actual Startup Time": 99.215,
                                                "Actual Total Time": 99.215,
                                                "Actual Rows": 4761,
                                                "Actual Loops": 1
                                            },
                                            {
                                                "Worker Number": 2,
                                                "Actual Startup Time": 99.07,
                                                "Actual Total Time": 99.071,
                                                "Actual Rows": 7017,
                                                "Actual Loops": 1
                                            }
                                        ],
                                        "Plans": [
                                            {
                                                "Node Type": "Seq Scan",
                                                "Parent Relationship": "Outer",
                                                "Parallel Aware": true,
                                                "Relation Name": "title",
                                                "Schema": "public",
                                                "Alias": "t",
                                                "Startup Cost": 0.0,
                                                "Total Cost": 43899.01,
                                                "Plan Rows": 7185,
                                                "Plan Width": 4,
                                                "Actual Startup Time": 0.087,
                                                "Actual Total Time": 97.13,
                                                "Actual Rows": 7507,
                                                "Actual Loops": 4,
                                                "Output": [
                                                    "t.id"
                                                ],
                                                "Filter": "(t.production_year = 1994)",
                                                "Rows Removed by Filter": 624571,
                                                "Workers": [
                                                    {
                                                        "Worker Number": 0,
                                                        "Actual Startup Time": 0.066,
                                                        "Actual Total Time": 95.395,
                                                        "Actual Rows": 6872,
                                                        "Actual Loops": 1
                                                    },
                                                    {
                                                        "Worker Number": 1,
                                                        "Actual Startup Time": 0.062,
                                                        "Actual Total Time": 94.871,
                                                        "Actual Rows": 4761,
                                                        "Actual Loops": 1
                                                    },
                                                    {
                                                        "Worker Number": 2,
                                                        "Actual Startup Time": 0.191,
                                                        "Actual Total Time": 95.268,
                                                        "Actual Rows": 7017,
                                                        "Actual Loops": 1
                                                    }
                                                ]
                                            }
                                        ]
                                    }
                                ]
                            }
                        ]
                    }
                ]
            }
        ]
    },
    "Planning Time": 0.681,
    "Triggers": [],
    "Execution Time": 285.844
}