[
  {
    "Plan": {
      "Node Type": "Aggregate",
      "Strategy": "Plain",
      "Partial Mode": "Finalize",
      "Parallel Aware": false,
      "Startup Cost": 77265.18,
      "Total Cost": 77265.19,
      "Plan Rows": 1,
      "Plan Width": 8,
      "Actual Startup Time": 527.121,
      "Actual Total Time": 548.504,
      "Actual Rows": 1,
      "Actual Loops": 1,
      "Plans": [
        {
          "Node Type": "Gather",
          "Parent Relationship": "Outer",
          "Parallel Aware": false,
          "Startup Cost": 77264.87,
          "Total Cost": 77265.18,
          "Plan Rows": 3,
          "Plan Width": 8,
          "Actual Startup Time": 514.51,
          "Actual Total Time": 548.492,
          "Actual Rows": 4,
          "Actual Loops": 1,
          "Workers Planned": 3,
          "Workers Launched": 3,
          "Single Copy": false,
          "Plans": [
            {
              "Node Type": "Aggregate",
              "Strategy": "Plain",
              "Partial Mode": "Partial",
              "Parent Relationship": "Outer",
              "Parallel Aware": false,
              "Startup Cost": 76264.87,
              "Total Cost": 76264.88,
              "Plan Rows": 1,
              "Plan Width": 8,
              "Actual Startup Time": 498.989,
              "Actual Total Time": 498.994,
              "Actual Rows": 1,
              "Actual Loops": 4,
              "Plans": [
                {
                  "Node Type": "Hash Join",
                  "Parent Relationship": "Outer",
                  "Parallel Aware": true,
                  "Join Type": "Inner",
                  "Startup Cost": 51474.85,
                  "Total Cost": 76217.2,
                  "Plan Rows": 19065,
                  "Plan Width": 0,
                  "Actual Startup Time": 449.651,
                  "Actual Total Time": 497.801,
                  "Actual Rows": 14401,
                  "Actual Loops": 4,
                  "Inner Unique": true,
                  "Hash Cond": "(mk.movie_id = t.id)",
                  "Plans": [
                    {
                      "Node Type": "Bitmap Heap Scan",
                      "Parent Relationship": "Outer",
                      "Parallel Aware": true,
                      "Relation Name": "movie_keyword",
                      "Alias": "mk",
                      "Startup Cost": 1254.47,
                      "Total Cost": 25946.78,
                      "Plan Rows": 19065,
                      "Plan Width": 4,
                      "Actual Startup Time": 7.877,
                      "Actual Total Time": 37.688,
                      "Actual Rows": 14401,
                      "Actual Loops": 4,
                      "Recheck Cond": "(keyword_id < 56)",
                      "Rows Removed by Index Recheck": 0,
                      "Exact Heap Blocks": 7840,
                      "Lossy Heap Blocks": 0,
                      "Plans": [
                        {
                          "Node Type": "Bitmap Index Scan",
                          "Parent Relationship": "Outer",
                          "Parallel Aware": false,
                          "Index Name": "keyword_id_movie_keyword",
                          "Startup Cost": 0.0,
                          "Total Cost": 1239.69,
                          "Plan Rows": 59101,
                          "Plan Width": 0,
                          "Actual Startup Time": 5.312,
                          "Actual Total Time": 5.313,
                          "Actual Rows": 57603,
                          "Actual Loops": 1,
                          "Index Cond": "(keyword_id < 56)"
                        }
                      ]
                    },
                    {
                      "Node Type": "Hash",
                      "Parent Relationship": "Inner",
                      "Parallel Aware": true,
                      "Startup Cost": 42319.06,
                      "Total Cost": 42319.06,
                      "Plan Rows": 632106,
                      "Plan Width": 4,
                      "Actual Startup Time": 431.904,
                      "Actual Total Time": 431.905,
                      "Actual Rows": 632078,
                      "Actual Loops": 4,
                      "Hash Buckets": 4194304,
                      "Original Hash Buckets": 4194304,
                      "Hash Batches": 1,
                      "Original Hash Batches": 1,
                      "Peak Memory Usage": 131744,
                      "Plans": [
                        {
                          "Node Type": "Seq Scan",
                          "Parent Relationship": "Outer",
                          "Parallel Aware": true,
                          "Relation Name": "title",
                          "Alias": "t",
                          "Startup Cost": 0.0,
                          "Total Cost": 42319.06,
                          "Plan Rows": 632106,
                          "Plan Width": 4,
                          "Actual Startup Time": 0.049,
                          "Actual Total Time": 128.681,
                          "Actual Rows": 632078,
                          "Actual Loops": 4
                        }
                      ]
                    }
                  ]
                }
              ]
            }
          ]
        }
      ]
    },
    "Planning Time": 0.276,
    "Triggers": [],
    "Execution Time": 548.564
  }
]