[
  {
    "Plan": {
      "Node Type": "Aggregate",
      "Strategy": "Plain",
      "Partial Mode": "Finalize",
      "Parallel Aware": false,
      "Startup Cost": 120762.72,
      "Total Cost": 120762.73,
      "Plan Rows": 1,
      "Plan Width": 8,
      "Actual Startup Time": 472.983,
      "Actual Total Time": 495.222,
      "Actual Rows": 1,
      "Actual Loops": 1,
      "Plans": [
        {
          "Node Type": "Gather",
          "Parent Relationship": "Outer",
          "Parallel Aware": false,
          "Startup Cost": 120762.4,
          "Total Cost": 120762.71,
          "Plan Rows": 3,
          "Plan Width": 8,
          "Actual Startup Time": 471.687,
          "Actual Total Time": 495.213,
          "Actual Rows": 4,
          "Actual Loops": 1,
          "Workers Planned": 3,
          "Workers Launched": 3,
          "Single Copy": false,
          "Plans": [
            {
              "Node Type": "Aggregate",
              "Strategy": "Plain",
              "Partial Mode": "Partial",
              "Parent Relationship": "Outer",
              "Parallel Aware": false,
              "Startup Cost": 119762.4,
              "Total Cost": 119762.41,
              "Plan Rows": 1,
              "Plan Width": 8,
              "Actual Startup Time": 463.1,
              "Actual Total Time": 463.179,
              "Actual Rows": 1,
              "Actual Loops": 4,
              "Plans": [
                {
                  "Node Type": "Hash Join",
                  "Parent Relationship": "Outer",
                  "Parallel Aware": true,
                  "Join Type": "Inner",
                  "Startup Cost": 88070.6,
                  "Total Cost": 119638.63,
                  "Plan Rows": 49509,
                  "Plan Width": 0,
                  "Actual Startup Time": 313.693,
                  "Actual Total Time": 449.652,
                  "Actual Rows": 298450,
                  "Actual Loops": 4,
                  "Inner Unique": false,
                  "Hash Cond": "(mc.movie_id = t.id)",
                  "Plans": [
                    {
                      "Node Type": "Seq Scan",
                      "Parent Relationship": "Outer",
                      "Parallel Aware": true,
                      "Relation Name": "movie_companies",
                      "Alias": "mc",
                      "Startup Cost": 0.0,
                      "Total Cost": 29310.68,
                      "Plan Rows": 559373,
                      "Plan Width": 4,
                      "Actual Startup Time": 0.79,
                      "Actual Total Time": 71.17,
                      "Actual Rows": 433626,
                      "Actual Loops": 4,
                      "Filter": "(company_id > 2561)",
                      "Rows Removed by Filter": 218657
                    },
                    {
                      "Node Type": "Hash",
                      "Parent Relationship": "Inner",
                      "Parallel Aware": true,
                      "Startup Cost": 87168.25,
                      "Total Cost": 87168.25,
                      "Plan Rows": 72188,
                      "Plan Width": 8,
                      "Actual Startup Time": 311.559,
                      "Actual Total Time": 311.637,
                      "Actual Rows": 50532,
                      "Actual Loops": 4,
                      "Hash Buckets": 262144,
                      "Original Hash Buckets": 262144,
                      "Hash Batches": 1,
                      "Original Hash Batches": 1,
                      "Peak Memory Usage": 10016,
                      "Plans": [
                        {
                          "Node Type": "Hash Join",
                          "Parent Relationship": "Outer",
                          "Parallel Aware": true,
                          "Join Type": "Inner",
                          "Startup Cost": 44290.17,
                          "Total Cost": 87168.25,
                          "Plan Rows": 72188,
                          "Plan Width": 8,
                          "Actual Startup Time": 109.692,
                          "Actual Total Time": 301.082,
                          "Actual Rows": 50532,
                          "Actual Loops": 4,
                          "Inner Unique": true,
                          "Hash Cond": "(mk.movie_id = t.id)",
                          "Plans": [
                            {
                              "Node Type": "Seq Scan",
                              "Parent Relationship": "Outer",
                              "Parallel Aware": true,
                              "Relation Name": "movie_keyword",
                              "Alias": "mk",
                              "Startup Cost": 0.0,
                              "Total Cost": 39047.32,
                              "Plan Rows": 1459332,
                              "Plan Width": 4,
                              "Actual Startup Time": 0.032,
                              "Actual Total Time": 92.34,
                              "Actual Rows": 1130982,
                              "Actual Loops": 4
                            },
                            {
                              "Node Type": "Hash",
                              "Parent Relationship": "Inner",
                              "Parallel Aware": true,
                              "Startup Cost": 43899.32,
                              "Total Cost": 43899.32,
                              "Plan Rows": 31268,
                              "Plan Width": 4,
                              "Actual Startup Time": 109.187,
                              "Actual Total Time": 109.191,
                              "Actual Rows": 30715,
                              "Actual Loops": 4,
                              "Hash Buckets": 131072,
                              "Original Hash Buckets": 131072,
                              "Hash Batches": 1,
                              "Original Hash Batches": 1,
                              "Peak Memory Usage": 5888,
                              "Plans": [
                                {
                                  "Node Type": "Seq Scan",
                                  "Parent Relationship": "Outer",
                                  "Parallel Aware": true,
                                  "Relation Name": "title",
                                  "Alias": "t",
                                  "Startup Cost": 0.0,
                                  "Total Cost": 43899.32,
                                  "Plan Rows": 31268,
                                  "Plan Width": 4,
                                  "Actual Startup Time": 0.051,
                                  "Actual Total Time": 96.833,
                                  "Actual Rows": 30715,
                                  "Actual Loops": 4,
                                  "Filter": "(production_year = 2008)",
                                  "Rows Removed by Filter": 601363
                                }
                              ]
                            }
                          ]
                        }
                      ]
                    }
                  ]
                }
              ]
            }
          ]
        }
      ]
    },
    "Planning Time": 0.413,
    "Triggers": [],
    "Execution Time": 495.258
  }
]