[
  {
    "Plan": {
      "Node Type": "Aggregate",
      "Strategy": "Plain",
      "Partial Mode": "Finalize",
      "Parallel Aware": false,
      "Startup Cost": 30947.52,
      "Total Cost": 30947.53,
      "Plan Rows": 1,
      "Plan Width": 8,
      "Actual Startup Time": 76.55,
      "Actual Total Time": 83.044,
      "Actual Rows": 1,
      "Actual Loops": 1,
      "Plans": [
        {
          "Node Type": "Gather",
          "Parent Relationship": "Outer",
          "Parallel Aware": false,
          "Startup Cost": 30947.2,
          "Total Cost": 30947.51,
          "Plan Rows": 3,
          "Plan Width": 8,
          "Actual Startup Time": 76.438,
          "Actual Total Time": 83.036,
          "Actual Rows": 4,
          "Actual Loops": 1,
          "Workers Planned": 3,
          "Workers Launched": 3,
          "Single Copy": false,
          "Plans": [
            {
              "Node Type": "Aggregate",
              "Strategy": "Plain",
              "Partial Mode": "Partial",
              "Parent Relationship": "Outer",
              "Parallel Aware": false,
              "Startup Cost": 29947.2,
              "Total Cost": 29947.21,
              "Plan Rows": 1,
              "Plan Width": 8,
              "Actual Startup Time": 73.094,
              "Actual Total Time": 73.095,
              "Actual Rows": 1,
              "Actual Loops": 4,
              "Plans": [
                {
                  "Node Type": "Seq Scan",
                  "Parent Relationship": "Outer",
                  "Parallel Aware": true,
                  "Relation Name": "movie_companies",
                  "Alias": "mc",
                  "Startup Cost": 0.0,
                  "Total Cost": 29310.68,
                  "Plan Rows": 254608,
                  "Plan Width": 0,
                  "Actual Startup Time": 0.025,
                  "Actual Total Time": 63.605,
                  "Actual Rows": 196418,
                  "Actual Loops": 4,
                  "Filter": "(company_id < 1709)",
                  "Rows Removed by Filter": 455864
                }
              ]
            }
          ]
        }
      ]
    },
    "Planning Time": 0.194,
    "Triggers": [],
    "Execution Time": 83.105
  }
]