{
  "Plan": {
    "Node Type": "Aggregate",
    "Strategy": "Plain",
    "Partial Mode": "Finalize",
    "Parallel Aware": false,
    "Startup Cost": 412665.99,
    "Total Cost": 412666.0,
    "Plan Rows": 1,
    "Plan Width": 8,
    "Actual Startup Time": 3104.365,
    "Actual Total Time": 3155.271,
    "Actual Rows": 1,
    "Actual Loops": 1,
    "Plans": [
      {
        "Node Type": "Gather",
        "Parent Relationship": "Outer",
        "Parallel Aware": false,
        "Startup Cost": 412665.87,
        "Total Cost": 412665.98,
        "Plan Rows": 1,
        "Plan Width": 8,
        "Actual Startup Time": 3100.331,
        "Actual Total Time": 3155.263,
        "Actual Rows": 2,
        "Actual Loops": 1,
        "Workers Planned": 1,
        "Workers Launched": 1,
        "Single Copy": false,
        "Plans": [
          {
            "Node Type": "Aggregate",
            "Strategy": "Plain",
            "Partial Mode": "Partial",
            "Parent Relationship": "Outer",
            "Parallel Aware": false,
            "Startup Cost": 411665.87,
            "Total Cost": 411665.88,
            "Plan Rows": 1,
            "Plan Width": 8,
            "Actual Startup Time": 3094.047,
            "Actual Total Time": 3094.052,
            "Actual Rows": 1,
            "Actual Loops": 2,
            "Plans": [
              {
                "Node Type": "Hash Join",
                "Parent Relationship": "Outer",
                "Parallel Aware": true,
                "Join Type": "Inner",
                "Startup Cost": 93724.23,
                "Total Cost": 406021.01,
                "Plan Rows": 2257946,
                "Plan Width": 0,
                "Actual Startup Time": 727.437,
                "Actual Total Time": 2886.528,
                "Actual Rows": 5240228,
                "Actual Loops": 2,
                "Inner Unique": false,
                "Hash Cond": "(mi.movie_id = t.id)",
                "Plans": [
                  {
                    "Node Type": "Seq Scan",
                    "Parent Relationship": "Outer",
                    "Parallel Aware": true,
                    "Relation Name": "movie_info",
                    "Alias": "mi",
                    "Startup Cost": 0.0,
                    "Total Cost": 270696.42,
                    "Plan Rows": 7551554,
                    "Plan Width": 4,
                    "Actual Startup Time": 0.017,
                    "Actual Total Time": 768.259,
                    "Actual Rows": 6485044,
                    "Actual Loops": 2,
                    "Filter": "(info_type_id < 18)",
                    "Rows Removed by Filter": 932816
                  },
                  {
                    "Node Type": "Hash",
                    "Parent Relationship": "Inner",
                    "Parallel Aware": true,
                    "Startup Cost": 88165.63,
                    "Total Cost": 88165.63,
                    "Plan Rows": 444688,
                    "Plan Width": 8,
                    "Actual Startup Time": 716.703,
                    "Actual Total Time": 716.707,
                    "Actual Rows": 416151,
                    "Actual Loops": 2,
                    "Hash Buckets": 1048576,
                    "Original Hash Buckets": 1048576,
                    "Hash Batches": 1,
                    "Original Hash Batches": 1,
                    "Peak Memory Usage": 40768,
                    "Plans": [
                      {
                        "Node Type": "Hash Join",
                        "Parent Relationship": "Outer",
                        "Parallel Aware": true,
                        "Join Type": "Inner",
                        "Startup Cost": 24886.77,
                        "Total Cost": 88165.63,
                        "Plan Rows": 444688,
                        "Plan Width": 8,
                        "Actual Startup Time": 180.059,
                        "Actual Total Time": 620.897,
                        "Actual Rows": 416151,
                        "Actual Loops": 2,
                        "Inner Unique": false,
                        "Hash Cond": "(t.id = mi_idx.movie_id)",
                        "Plans": [
                          {
                            "Node Type": "Seq Scan",
                            "Parent Relationship": "Outer",
                            "Parallel Aware": true,
                            "Relation Name": "title",
                            "Alias": "t",
                            "Startup Cost": 0.0,
                            "Total Cost": 54588.39,
                            "Plan Rows": 1214931,
                            "Plan Width": 4,
                            "Actual Startup Time": 0.011,
                            "Actual Total Time": 159.7,
                            "Actual Rows": 1032276,
                            "Actual Loops": 2,
                            "Filter": "(production_year < 2011)",
                            "Rows Removed by Filter": 231880
                          },
                          {
                            "Node Type": "Hash",
                            "Parent Relationship": "Inner",
                            "Parallel Aware": true,
                            "Startup Cost": 18082.32,
                            "Total Cost": 18082.32,
                            "Plan Rows": 544356,
                            "Plan Width": 4,
                            "Actual Startup Time": 174.504,
                            "Actual Total Time": 174.505,
                            "Actual Rows": 460055,
                            "Actual Loops": 2,
                            "Hash Buckets": 1048576,
                            "Original Hash Buckets": 1048576,
                            "Hash Batches": 1,
                            "Original Hash Batches": 1,
                            "Peak Memory Usage": 44224,
                            "Plans": [
                              {
                                "Node Type": "Seq Scan",
                                "Parent Relationship": "Outer",
                                "Parallel Aware": true,
                                "Relation Name": "movie_info_idx",
                                "Alias": "mi_idx",
                                "Startup Cost": 0.0,
                                "Total Cost": 18082.32,
                                "Plan Rows": 544356,
                                "Plan Width": 4,
                                "Actual Startup Time": 0.057,
                                "Actual Total Time": 82.235,
                                "Actual Rows": 460055,
                                "Actual Loops": 2,
                                "Filter": "(info_type_id > 99)",
                                "Rows Removed by Filter": 229962
                              }
                            ]
                          }
                        ]
                      }
                    ]
                  }
                ]
              }
            ]
          }
        ]
      }
    ]
  },
  "Planning Time": 0.946,
  "Triggers": [],
  "Execution Time": 3155.364
}