[
    {
        "Bao": {
            "Bao prediction": "NaN",
            "Bao recommended hint": "(no hint)"
        }
    },
    {
        "Plan": {
            "Node Type": "Aggregate",
            "Strategy": "Plain",
            "Partial Mode": "Finalize",
            "Parallel Aware": false,
            "Startup Cost": 278994.33,
            "Total Cost": 278994.34,
            "Plan Rows": 1,
            "Plan Width": 8,
            "Actual Startup Time": 113.339,
            "Actual Total Time": 117.955,
            "Actual Rows": 1,
            "Actual Loops": 1,
            "Output": [
                "count(*)"
            ],
            "Plans": [
                {
                    "Node Type": "Gather",
                    "Parent Relationship": "Outer",
                    "Parallel Aware": false,
                    "Startup Cost": 278993.7,
                    "Total Cost": 278994.31,
                    "Plan Rows": 6,
                    "Plan Width": 8,
                    "Actual Startup Time": 112.701,
                    "Actual Total Time": 117.949,
                    "Actual Rows": 7,
                    "Actual Loops": 1,
                    "Output": [
                        "(PARTIAL count(*))"
                    ],
                    "Workers Planned": 6,
                    "Workers Launched": 6,
                    "Single Copy": false,
                    "Plans": [
                        {
                            "Node Type": "Aggregate",
                            "Strategy": "Plain",
                            "Partial Mode": "Partial",
                            "Parent Relationship": "Outer",
                            "Parallel Aware": false,
                            "Startup Cost": 277993.7,
                            "Total Cost": 277993.71,
                            "Plan Rows": 1,
                            "Plan Width": 8,
                            "Actual Startup Time": 102.274,
                            "Actual Total Time": 102.275,
                            "Actual Rows": 1,
                            "Actual Loops": 7,
                            "Output": [
                                "PARTIAL count(*)"
                            ],
                            "Workers": [
                                {
                                    "Worker Number": 0,
                                    "Actual Startup Time": 99.98,
                                    "Actual Total Time": 99.982,
                                    "Actual Rows": 1,
                                    "Actual Loops": 1
                                },
                                {
                                    "Worker Number": 1,
                                    "Actual Startup Time": 100.161,
                                    "Actual Total Time": 100.162,
                                    "Actual Rows": 1,
                                    "Actual Loops": 1
                                },
                                {
                                    "Worker Number": 2,
                                    "Actual Startup Time": 100.42,
                                    "Actual Total Time": 100.422,
                                    "Actual Rows": 1,
                                    "Actual Loops": 1
                                },
                                {
                                    "Worker Number": 3,
                                    "Actual Startup Time": 100.614,
                                    "Actual Total Time": 100.615,
                                    "Actual Rows": 1,
                                    "Actual Loops": 1
                                },
                                {
                                    "Worker Number": 4,
                                    "Actual Startup Time": 101.055,
                                    "Actual Total Time": 101.056,
                                    "Actual Rows": 1,
                                    "Actual Loops": 1
                                },
                                {
                                    "Worker Number": 5,
                                    "Actual Startup Time": 101.347,
                                    "Actual Total Time": 101.348,
                                    "Actual Rows": 1,
                                    "Actual Loops": 1
                                }
                            ],
                            "Plans": [
                                {
                                    "Node Type": "Bitmap Heap Scan",
                                    "Parent Relationship": "Outer",
                                    "Parallel Aware": true,
                                    "Relation Name": "cast_info",
                                    "Schema": "public",
                                    "Alias": "ci",
                                    "Startup Cost": 22732.52,
                                    "Total Cost": 277564.67,
                                    "Plan Rows": 171612,
                                    "Plan Width": 0,
                                    "Actual Startup Time": 38.686,
                                    "Actual Total Time": 92.21,
                                    "Actual Rows": 158933,
                                    "Actual Loops": 7,
                                    "Recheck Cond": "(ci.person_id > 3845796)",
                                    "Rows Removed by Index Recheck": 0,
                                    "Exact Heap Blocks": 4677,
                                    "Lossy Heap Blocks": 0,
                                    "Workers": [
                                        {
                                            "Worker Number": 0,
                                            "Actual Startup Time": 36.618,
                                            "Actual Total Time": 90.211,
                                            "Actual Rows": 110996,
                                            "Actual Loops": 1
                                        },
                                        {
                                            "Worker Number": 1,
                                            "Actual Startup Time": 36.621,
                                            "Actual Total Time": 90.339,
                                            "Actual Rows": 135769,
                                            "Actual Loops": 1
                                        },
                                        {
                                            "Worker Number": 2,
                                            "Actual Startup Time": 37.039,
                                            "Actual Total Time": 90.83,
                                            "Actual Rows": 129080,
                                            "Actual Loops": 1
                                        },
                                        {
                                            "Worker Number": 3,
                                            "Actual Startup Time": 36.94,
                                            "Actual Total Time": 90.989,
                                            "Actual Rows": 140926,
                                            "Actual Loops": 1
                                        },
                                        {
                                            "Worker Number": 4,
                                            "Actual Startup Time": 37.522,
                                            "Actual Total Time": 91.51,
                                            "Actual Rows": 129976,
                                            "Actual Loops": 1
                                        },
                                        {
                                            "Worker Number": 5,
                                            "Actual Startup Time": 37.669,
                                            "Actual Total Time": 91.602,
                                            "Actual Rows": 142015,
                                            "Actual Loops": 1
                                        }
                                    ],
                                    "Plans": [
                                        {
                                            "Node Type": "Bitmap Index Scan",
                                            "Parent Relationship": "Outer",
                                            "Parallel Aware": false,
                                            "Index Name": "person_id_cast_info",
                                            "Startup Cost": 0.0,
                                            "Total Cost": 22475.1,
                                            "Plan Rows": 1029672,
                                            "Plan Width": 0,
                                            "Actual Startup Time": 46.065,
                                            "Actual Total Time": 46.066,
                                            "Actual Rows": 1112531,
                                            "Actual Loops": 1,
                                            "Index Cond": "(ci.person_id > 3845796)"
                                        }
                                    ]
                                }
                            ]
                        }
                    ]
                }
            ]
        },
        "Planning Time": 267.849,
        "Triggers": [],
        "Execution Time": 118.027
    }
]