[
  {
    "Plan": {
      "Node Type": "Aggregate",
      "Strategy": "Plain",
      "Partial Mode": "Finalize",
      "Parallel Aware": false,
      "Startup Cost": 451142.0,
      "Total Cost": 451142.01,
      "Plan Rows": 1,
      "Plan Width": 8,
      "Actual Startup Time": 3648.482,
      "Actual Total Time": 3719.104,
      "Actual Rows": 1,
      "Actual Loops": 1,
      "Plans": [
        {
          "Node Type": "Gather",
          "Parent Relationship": "Outer",
          "Parallel Aware": false,
          "Startup Cost": 451141.68,
          "Total Cost": 451141.99,
          "Plan Rows": 3,
          "Plan Width": 8,
          "Actual Startup Time": 3626.553,
          "Actual Total Time": 3719.088,
          "Actual Rows": 4,
          "Actual Loops": 1,
          "Workers Planned": 3,
          "Workers Launched": 3,
          "Single Copy": false,
          "Plans": [
            {
              "Node Type": "Aggregate",
              "Strategy": "Plain",
              "Partial Mode": "Partial",
              "Parent Relationship": "Outer",
              "Parallel Aware": false,
              "Startup Cost": 450141.68,
              "Total Cost": 450141.69,
              "Plan Rows": 1,
              "Plan Width": 8,
              "Actual Startup Time": 3604.17,
              "Actual Total Time": 3605.286,
              "Actual Rows": 1,
              "Actual Loops": 4,
              "Plans": [
                {
                  "Node Type": "Hash Join",
                  "Parent Relationship": "Outer",
                  "Parallel Aware": true,
                  "Join Type": "Inner",
                  "Startup Cost": 390610.22,
                  "Total Cost": 443265.58,
                  "Plan Rows": 2750440,
                  "Plan Width": 0,
                  "Actual Startup Time": 2159.534,
                  "Actual Total Time": 3184.104,
                  "Actual Rows": 10155124,
                  "Actual Loops": 4,
                  "Inner Unique": false,
                  "Hash Cond": "(mk.movie_id = t.id)",
                  "Plans": [
                    {
                      "Node Type": "Seq Scan",
                      "Parent Relationship": "Outer",
                      "Parallel Aware": true,
                      "Relation Name": "movie_keyword",
                      "Alias": "mk",
                      "Startup Cost": 0.0,
                      "Total Cost": 42695.65,
                      "Plan Rows": 1433505,
                      "Plan Width": 4,
                      "Actual Startup Time": 0.029,
                      "Actual Total Time": 114.931,
                      "Actual Rows": 1110599,
                      "Actual Loops": 4,
                      "Filter": "(keyword_id > 70)",
                      "Rows Removed by Filter": 20383
                    },
                    {
                      "Node Type": "Hash",
                      "Parent Relationship": "Inner",
                      "Parallel Aware": true,
                      "Startup Cost": 380503.98,
                      "Total Cost": 380503.98,
                      "Plan Rows": 808499,
                      "Plan Width": 8,
                      "Actual Startup Time": 2143.462,
                      "Actual Total Time": 2144.576,
                      "Actual Rows": 1165078,
                      "Actual Loops": 4,
                      "Hash Buckets": 8388608,
                      "Original Hash Buckets": 8388608,
                      "Hash Batches": 1,
                      "Original Hash Batches": 1,
                      "Peak Memory Usage": 247936,
                      "Plans": [
                        {
                          "Node Type": "Hash Join",
                          "Parent Relationship": "Outer",
                          "Parallel Aware": true,
                          "Join Type": "Inner",
                          "Startup Cost": 50219.64,
                          "Total Cost": 380503.98,
                          "Plan Rows": 808499,
                          "Plan Width": 8,
                          "Actual Startup Time": 850.136,
                          "Actual Total Time": 1690.154,
                          "Actual Rows": 1165078,
                          "Actual Loops": 4,
                          "Inner Unique": true,
                          "Hash Cond": "(ci.movie_id = t.id)",
                          "Plans": [
                            {
                              "Node Type": "Seq Scan",
                              "Parent Relationship": "Outer",
                              "Parallel Aware": true,
                              "Relation Name": "cast_info",
                              "Alias": "ci",
                              "Startup Cost": 0.0,
                              "Total Cost": 328162.03,
                              "Plan Rows": 808499,
                              "Plan Width": 4,
                              "Actual Startup Time": 515.44,
                              "Actual Total Time": 752.618,
                              "Actual Rows": 1165078,
                              "Actual Loops": 4,
                              "Filter": "(person_id > 3216288)",
                              "Rows Removed by Filter": 7896008
                            },
                            {
                              "Node Type": "Hash",
                              "Parent Relationship": "Inner",
                              "Parallel Aware": true,
                              "Startup Cost": 42318.73,
                              "Total Cost": 42318.73,
                              "Plan Rows": 632073,
                              "Plan Width": 4,
                              "Actual Startup Time": 328.713,
                              "Actual Total Time": 328.714,
                              "Actual Rows": 632078,
                              "Actual Loops": 4,
                              "Hash Buckets": 4194304,
                              "Original Hash Buckets": 4194304,
                              "Hash Batches": 1,
                              "Original Hash Batches": 1,
                              "Peak Memory Usage": 131744,
                              "Plans": [
                                {
                                  "Node Type": "Seq Scan",
                                  "Parent Relationship": "Outer",
                                  "Parallel Aware": true,
                                  "Relation Name": "title",
                                  "Alias": "t",
                                  "Startup Cost": 0.0,
                                  "Total Cost": 42318.73,
                                  "Plan Rows": 632073,
                                  "Plan Width": 4,
                                  "Actual Startup Time": 0.05,
                                  "Actual Total Time": 95.504,
                                  "Actual Rows": 632078,
                                  "Actual Loops": 4
                                }
                              ]
                            }
                          ]
                        }
                      ]
                    }
                  ]
                }
              ]
            }
          ]
        }
      ]
    },
    "Planning Time": 0.637,
    "Triggers": [],
    "Execution Time": 3719.174
  }
]