[
  {
    "Plan": {
      "Node Type": "Aggregate",
      "Strategy": "Plain",
      "Partial Mode": "Finalize",
      "Parallel Aware": false,
      "Startup Cost": 76925.97,
      "Total Cost": 76925.98,
      "Plan Rows": 1,
      "Plan Width": 8,
      "Actual Startup Time": 250.028,
      "Actual Total Time": 264.038,
      "Actual Rows": 1,
      "Actual Loops": 1,
      "Plans": [
        {
          "Node Type": "Gather",
          "Parent Relationship": "Outer",
          "Parallel Aware": false,
          "Startup Cost": 76925.65,
          "Total Cost": 76925.96,
          "Plan Rows": 3,
          "Plan Width": 8,
          "Actual Startup Time": 245.416,
          "Actual Total Time": 264.028,
          "Actual Rows": 4,
          "Actual Loops": 1,
          "Workers Planned": 3,
          "Workers Launched": 3,
          "Single Copy": false,
          "Plans": [
            {
              "Node Type": "Aggregate",
              "Strategy": "Plain",
              "Partial Mode": "Partial",
              "Parent Relationship": "Outer",
              "Parallel Aware": false,
              "Startup Cost": 75925.65,
              "Total Cost": 75925.66,
              "Plan Rows": 1,
              "Plan Width": 8,
              "Actual Startup Time": 239.33,
              "Actual Total Time": 239.334,
              "Actual Rows": 1,
              "Actual Loops": 4,
              "Plans": [
                {
                  "Node Type": "Hash Join",
                  "Parent Relationship": "Outer",
                  "Parallel Aware": true,
                  "Join Type": "Inner",
                  "Startup Cost": 50481.38,
                  "Total Cost": 75876.69,
                  "Plan Rows": 19585,
                  "Plan Width": 0,
                  "Actual Startup Time": 185.041,
                  "Actual Total Time": 238.017,
                  "Actual Rows": 23518,
                  "Actual Loops": 4,
                  "Inner Unique": true,
                  "Hash Cond": "(mk.movie_id = t.id)",
                  "Plans": [
                    {
                      "Node Type": "Bitmap Heap Scan",
                      "Parent Relationship": "Outer",
                      "Parallel Aware": true,
                      "Relation Name": "movie_keyword",
                      "Alias": "mk",
                      "Startup Cost": 4095.63,
                      "Total Cost": 29327.57,
                      "Plan Rows": 62235,
                      "Plan Width": 4,
                      "Actual Startup Time": 16.862,
                      "Actual Total Time": 54.394,
                      "Actual Rows": 49304,
                      "Actual Loops": 4,
                      "Recheck Cond": "(keyword_id > 69319)",
                      "Rows Removed by Index Recheck": 0,
                      "Exact Heap Blocks": 6756,
                      "Lossy Heap Blocks": 0,
                      "Plans": [
                        {
                          "Node Type": "Bitmap Index Scan",
                          "Parent Relationship": "Outer",
                          "Parallel Aware": false,
                          "Index Name": "keyword_id_movie_keyword",
                          "Startup Cost": 0.0,
                          "Total Cost": 4047.4,
                          "Plan Rows": 192929,
                          "Plan Width": 0,
                          "Actual Startup Time": 13.878,
                          "Actual Total Time": 13.879,
                          "Actual Rows": 197217,
                          "Actual Loops": 1,
                          "Index Cond": "(keyword_id > 69319)"
                        }
                      ]
                    },
                    {
                      "Node Type": "Hash",
                      "Parent Relationship": "Inner",
                      "Parallel Aware": true,
                      "Startup Cost": 43899.32,
                      "Total Cost": 43899.32,
                      "Plan Rows": 198914,
                      "Plan Width": 4,
                      "Actual Startup Time": 165.294,
                      "Actual Total Time": 165.295,
                      "Actual Rows": 203176,
                      "Actual Loops": 4,
                      "Hash Buckets": 1048576,
                      "Original Hash Buckets": 1048576,
                      "Hash Batches": 1,
                      "Original Hash Batches": 1,
                      "Peak Memory Usage": 40064,
                      "Plans": [
                        {
                          "Node Type": "Seq Scan",
                          "Parent Relationship": "Outer",
                          "Parallel Aware": true,
                          "Relation Name": "title",
                          "Alias": "t",
                          "Startup Cost": 0.0,
                          "Total Cost": 43899.32,
                          "Plan Rows": 198914,
                          "Plan Width": 4,
                          "Actual Startup Time": 0.048,
                          "Actual Total Time": 96.298,
                          "Actual Rows": 203176,
                          "Actual Loops": 4,
                          "Filter": "(production_year < 1995)",
                          "Rows Removed by Filter": 428902
                        }
                      ]
                    }
                  ]
                }
              ]
            }
          ]
        }
      ]
    },
    "Planning Time": 0.505,
    "Triggers": [],
    "Execution Time": 264.079
  }
]