[
  {
    "Plan": {
      "Node Type": "Aggregate",
      "Strategy": "Plain",
      "Partial Mode": "Finalize",
      "Parallel Aware": false,
      "Startup Cost": 45690.6,
      "Total Cost": 45690.61,
      "Plan Rows": 1,
      "Plan Width": 8,
      "Actual Startup Time": 150.498,
      "Actual Total Time": 157.48,
      "Actual Rows": 1,
      "Actual Loops": 1,
      "Plans": [
        {
          "Node Type": "Gather",
          "Parent Relationship": "Outer",
          "Parallel Aware": false,
          "Startup Cost": 45690.28,
          "Total Cost": 45690.59,
          "Plan Rows": 3,
          "Plan Width": 8,
          "Actual Startup Time": 150.365,
          "Actual Total Time": 157.472,
          "Actual Rows": 4,
          "Actual Loops": 1,
          "Workers Planned": 3,
          "Workers Launched": 3,
          "Single Copy": false,
          "Plans": [
            {
              "Node Type": "Aggregate",
              "Strategy": "Plain",
              "Partial Mode": "Partial",
              "Parent Relationship": "Outer",
              "Parallel Aware": false,
              "Startup Cost": 44690.28,
              "Total Cost": 44690.29,
              "Plan Rows": 1,
              "Plan Width": 8,
              "Actual Startup Time": 146.654,
              "Actual Total Time": 146.655,
              "Actual Rows": 1,
              "Actual Loops": 4,
              "Plans": [
                {
                  "Node Type": "Seq Scan",
                  "Parent Relationship": "Outer",
                  "Parallel Aware": true,
                  "Relation Name": "movie_keyword",
                  "Alias": "mk",
                  "Startup Cost": 0.0,
                  "Total Cost": 42695.65,
                  "Plan Rows": 797851,
                  "Plan Width": 0,
                  "Actual Startup Time": 0.028,
                  "Actual Total Time": 116.296,
                  "Actual Rows": 621975,
                  "Actual Loops": 4,
                  "Filter": "(keyword_id < 6054)",
                  "Rows Removed by Filter": 509008
                }
              ]
            }
          ]
        }
      ]
    },
    "Planning Time": 0.088,
    "Triggers": [],
    "Execution Time": 157.506
  }
]