[
  {
    "Plan": {
      "Node Type": "Aggregate",
      "Strategy": "Plain",
      "Partial Mode": "Finalize",
      "Parallel Aware": false,
      "Startup Cost": 33249.66,
      "Total Cost": 33249.67,
      "Plan Rows": 1,
      "Plan Width": 8,
      "Actual Startup Time": 111.508,
      "Actual Total Time": 119.283,
      "Actual Rows": 1,
      "Actual Loops": 1,
      "Plans": [
        {
          "Node Type": "Gather",
          "Parent Relationship": "Outer",
          "Parallel Aware": false,
          "Startup Cost": 33249.34,
          "Total Cost": 33249.65,
          "Plan Rows": 3,
          "Plan Width": 8,
          "Actual Startup Time": 111.384,
          "Actual Total Time": 119.274,
          "Actual Rows": 4,
          "Actual Loops": 1,
          "Workers Planned": 3,
          "Workers Launched": 3,
          "Single Copy": false,
          "Plans": [
            {
              "Node Type": "Aggregate",
              "Strategy": "Plain",
              "Partial Mode": "Partial",
              "Parent Relationship": "Outer",
              "Parallel Aware": false,
              "Startup Cost": 32249.34,
              "Total Cost": 32249.35,
              "Plan Rows": 1,
              "Plan Width": 8,
              "Actual Startup Time": 103.259,
              "Actual Total Time": 103.26,
              "Actual Rows": 1,
              "Actual Loops": 4,
              "Plans": [
                {
                  "Node Type": "Seq Scan",
                  "Parent Relationship": "Outer",
                  "Parallel Aware": true,
                  "Relation Name": "movie_companies",
                  "Alias": "mc",
                  "Startup Cost": 0.0,
                  "Total Cost": 31414.82,
                  "Plan Rows": 333810,
                  "Plan Width": 0,
                  "Actual Startup Time": 0.208,
                  "Actual Total Time": 89.615,
                  "Actual Rows": 226506,
                  "Actual Loops": 4,
                  "Filter": "((company_id > 452) AND (company_type_id < 2))",
                  "Rows Removed by Filter": 425776
                }
              ]
            }
          ]
        }
      ]
    },
    "Planning Time": 0.219,
    "Triggers": [],
    "Execution Time": 119.335
  }
]