{
  "Plan": {
    "Node Type": "Aggregate",
    "Strategy": "Plain",
    "Partial Mode": "Finalize",
    "Parallel Aware": false,
    "Startup Cost": 610437.54,
    "Total Cost": 610437.55,
    "Plan Rows": 1,
    "Plan Width": 8,
    "Actual Startup Time": 3365.646,
    "Actual Total Time": 3417.209,
    "Actual Rows": 1,
    "Actual Loops": 1,
    "Plans": [
      {
        "Node Type": "Gather",
        "Parent Relationship": "Outer",
        "Parallel Aware": false,
        "Startup Cost": 610437.43,
        "Total Cost": 610437.54,
        "Plan Rows": 1,
        "Plan Width": 8,
        "Actual Startup Time": 3364.221,
        "Actual Total Time": 3417.203,
        "Actual Rows": 2,
        "Actual Loops": 1,
        "Workers Planned": 1,
        "Workers Launched": 1,
        "Single Copy": false,
        "Plans": [
          {
            "Node Type": "Aggregate",
            "Strategy": "Plain",
            "Partial Mode": "Partial",
            "Parent Relationship": "Outer",
            "Parallel Aware": false,
            "Startup Cost": 609437.43,
            "Total Cost": 609437.44,
            "Plan Rows": 1,
            "Plan Width": 8,
            "Actual Startup Time": 3360.595,
            "Actual Total Time": 3360.598,
            "Actual Rows": 1,
            "Actual Loops": 2,
            "Plans": [
              {
                "Node Type": "Hash Join",
                "Parent Relationship": "Outer",
                "Parallel Aware": true,
                "Join Type": "Inner",
                "Startup Cost": 64273.71,
                "Total Cost": 603328.06,
                "Plan Rows": 2443750,
                "Plan Width": 0,
                "Actual Startup Time": 795.741,
                "Actual Total Time": 3251.418,
                "Actual Rows": 2628256,
                "Actual Loops": 2,
                "Inner Unique": true,
                "Hash Cond": "(ci.movie_id = t.id)",
                "Plans": [
                  {
                    "Node Type": "Seq Scan",
                    "Parent Relationship": "Outer",
                    "Parallel Aware": true,
                    "Relation Name": "cast_info",
                    "Alias": "ci",
                    "Startup Cost": 0.0,
                    "Total Cost": 519069.44,
                    "Plan Rows": 7613286,
                    "Plan Width": 4,
                    "Actual Startup Time": 536.604,
                    "Actual Total Time": 1308.786,
                    "Actual Rows": 6452210,
                    "Actual Loops": 2,
                    "Filter": "(person_id > 2388297)",
                    "Rows Removed by Filter": 11669962
                  },
                  {
                    "Node Type": "Hash",
                    "Parent Relationship": "Inner",
                    "Parallel Aware": true,
                    "Startup Cost": 58306.47,
                    "Total Cost": 58306.47,
                    "Plan Rows": 477379,
                    "Plan Width": 4,
                    "Actual Startup Time": 253.824,
                    "Actual Total Time": 253.825,
                    "Actual Rows": 440972,
                    "Actual Loops": 2,
                    "Hash Buckets": 1048576,
                    "Original Hash Buckets": 1048576,
                    "Hash Batches": 1,
                    "Original Hash Batches": 1,
                    "Peak Memory Usage": 42720,
                    "Plans": [
                      {
                        "Node Type": "Seq Scan",
                        "Parent Relationship": "Outer",
                        "Parallel Aware": true,
                        "Relation Name": "title",
                        "Alias": "t",
                        "Startup Cost": 0.0,
                        "Total Cost": 58306.47,
                        "Plan Rows": 477379,
                        "Plan Width": 4,
                        "Actual Startup Time": 0.024,
                        "Actual Total Time": 151.342,
                        "Actual Rows": 440972,
                        "Actual Loops": 2,
                        "Filter": "((production_year > 2001) AND (kind_id = 7))",
                        "Rows Removed by Filter": 823184
                      }
                    ]
                  }
                ]
              }
            ]
          }
        ]
      }
    ]
  },
  "Planning Time": 0.36,
  "Triggers": [],
  "Execution Time": 3417.259
}