[
  {
    "Plan": {
      "Node Type": "Aggregate",
      "Strategy": "Plain",
      "Partial Mode": "Finalize",
      "Parallel Aware": false,
      "Startup Cost": 45481.73,
      "Total Cost": 45481.74,
      "Plan Rows": 1,
      "Plan Width": 8,
      "Actual Startup Time": 147.667,
      "Actual Total Time": 156.704,
      "Actual Rows": 1,
      "Actual Loops": 1,
      "Plans": [
        {
          "Node Type": "Gather",
          "Parent Relationship": "Outer",
          "Parallel Aware": false,
          "Startup Cost": 45481.42,
          "Total Cost": 45481.73,
          "Plan Rows": 3,
          "Plan Width": 8,
          "Actual Startup Time": 147.534,
          "Actual Total Time": 156.695,
          "Actual Rows": 4,
          "Actual Loops": 1,
          "Workers Planned": 3,
          "Workers Launched": 3,
          "Single Copy": false,
          "Plans": [
            {
              "Node Type": "Aggregate",
              "Strategy": "Plain",
              "Partial Mode": "Partial",
              "Parent Relationship": "Outer",
              "Parallel Aware": false,
              "Startup Cost": 44481.42,
              "Total Cost": 44481.43,
              "Plan Rows": 1,
              "Plan Width": 8,
              "Actual Startup Time": 140.948,
              "Actual Total Time": 140.949,
              "Actual Rows": 1,
              "Actual Loops": 4,
              "Plans": [
                {
                  "Node Type": "Seq Scan",
                  "Parent Relationship": "Outer",
                  "Parallel Aware": true,
                  "Relation Name": "movie_keyword",
                  "Alias": "mk",
                  "Startup Cost": 0.0,
                  "Total Cost": 42695.65,
                  "Plan Rows": 714305,
                  "Plan Width": 0,
                  "Actual Startup Time": 0.052,
                  "Actual Total Time": 114.938,
                  "Actual Rows": 557151,
                  "Actual Loops": 4,
                  "Filter": "(keyword_id < 4583)",
                  "Rows Removed by Filter": 573832
                }
              ]
            }
          ]
        }
      ]
    },
    "Planning Time": 0.071,
    "Triggers": [],
    "Execution Time": 156.728
  }
]