[
  {
    "Plan": {
      "Node Type": "Aggregate",
      "Strategy": "Plain",
      "Partial Mode": "Finalize",
      "Parallel Aware": false,
      "Startup Cost": 46844.91,
      "Total Cost": 46844.92,
      "Plan Rows": 1,
      "Plan Width": 8,
      "Actual Startup Time": 189.782,
      "Actual Total Time": 200.119,
      "Actual Rows": 1,
      "Actual Loops": 1,
      "Plans": [
        {
          "Node Type": "Gather",
          "Parent Relationship": "Outer",
          "Parallel Aware": false,
          "Startup Cost": 46844.6,
          "Total Cost": 46844.91,
          "Plan Rows": 3,
          "Plan Width": 8,
          "Actual Startup Time": 189.618,
          "Actual Total Time": 200.106,
          "Actual Rows": 4,
          "Actual Loops": 1,
          "Workers Planned": 3,
          "Workers Launched": 3,
          "Single Copy": false,
          "Plans": [
            {
              "Node Type": "Aggregate",
              "Strategy": "Plain",
              "Partial Mode": "Partial",
              "Parent Relationship": "Outer",
              "Parallel Aware": false,
              "Startup Cost": 45844.6,
              "Total Cost": 45844.61,
              "Plan Rows": 1,
              "Plan Width": 8,
              "Actual Startup Time": 181.09,
              "Actual Total Time": 181.092,
              "Actual Rows": 1,
              "Actual Loops": 4,
              "Plans": [
                {
                  "Node Type": "Seq Scan",
                  "Parent Relationship": "Outer",
                  "Parallel Aware": true,
                  "Relation Name": "movie_keyword",
                  "Alias": "mk",
                  "Startup Cost": 0.0,
                  "Total Cost": 42695.65,
                  "Plan Rows": 1259577,
                  "Plan Width": 0,
                  "Actual Startup Time": 0.065,
                  "Actual Total Time": 132.79,
                  "Actual Rows": 976778,
                  "Actual Loops": 4,
                  "Filter": "(keyword_id < 29570)",
                  "Rows Removed by Filter": 154205
                }
              ]
            }
          ]
        }
      ]
    },
    "Planning Time": 0.345,
    "Triggers": [],
    "Execution Time": 200.173
  }
]