[
  {
    "Plan": {
      "Node Type": "Aggregate",
      "Strategy": "Plain",
      "Partial Mode": "Finalize",
      "Parallel Aware": false,
      "Startup Cost": 70142.81,
      "Total Cost": 70142.82,
      "Plan Rows": 1,
      "Plan Width": 8,
      "Actual Startup Time": 107.575,
      "Actual Total Time": 121.72,
      "Actual Rows": 1,
      "Actual Loops": 1,
      "Plans": [
        {
          "Node Type": "Gather",
          "Parent Relationship": "Outer",
          "Parallel Aware": false,
          "Startup Cost": 70142.39,
          "Total Cost": 70142.8,
          "Plan Rows": 4,
          "Plan Width": 8,
          "Actual Startup Time": 107.39,
          "Actual Total Time": 121.709,
          "Actual Rows": 5,
          "Actual Loops": 1,
          "Workers Planned": 4,
          "Workers Launched": 4,
          "Single Copy": false,
          "Plans": [
            {
              "Node Type": "Aggregate",
              "Strategy": "Plain",
              "Partial Mode": "Partial",
              "Parent Relationship": "Outer",
              "Parallel Aware": false,
              "Startup Cost": 69142.39,
              "Total Cost": 69142.4,
              "Plan Rows": 1,
              "Plan Width": 8,
              "Actual Startup Time": 100.102,
              "Actual Total Time": 100.105,
              "Actual Rows": 1,
              "Actual Loops": 5,
              "Plans": [
                {
                  "Node Type": "Nested Loop",
                  "Parent Relationship": "Outer",
                  "Parallel Aware": false,
                  "Join Type": "Inner",
                  "Startup Cost": 0.43,
                  "Total Cost": 69139.48,
                  "Plan Rows": 1165,
                  "Plan Width": 0,
                  "Actual Startup Time": 1.195,
                  "Actual Total Time": 99.999,
                  "Actual Rows": 595,
                  "Actual Loops": 5,
                  "Inner Unique": false,
                  "Plans": [
                    {
                      "Node Type": "Seq Scan",
                      "Parent Relationship": "Outer",
                      "Parallel Aware": true,
                      "Relation Name": "title",
                      "Alias": "t",
                      "Startup Cost": 0.0,
                      "Total Cost": 45479.59,
                      "Plan Rows": 2210,
                      "Plan Width": 4,
                      "Actual Startup Time": 0.157,
                      "Actual Total Time": 89.268,
                      "Actual Rows": 1572,
                      "Actual Loops": 5,
                      "Filter": "((kind_id = 7) AND (production_year = 1975))",
                      "Rows Removed by Filter": 504091
                    },
                    {
                      "Node Type": "Index Scan",
                      "Parent Relationship": "Inner",
                      "Parallel Aware": false,
                      "Scan Direction": "Forward",
                      "Index Name": "movie_id_movie_companies",
                      "Relation Name": "movie_companies",
                      "Alias": "mc",
                      "Startup Cost": 0.43,
                      "Total Cost": 10.68,
                      "Plan Rows": 3,
                      "Plan Width": 4,
                      "Actual Startup Time": 0.006,
                      "Actual Total Time": 0.006,
                      "Actual Rows": 0,
                      "Actual Loops": 7858,
                      "Index Cond": "(movie_id = t.id)",
                      "Rows Removed by Index Recheck": 0,
                      "Filter": "((company_id > 5) AND (company_type_id = 2))",
                      "Rows Removed by Filter": 0
                    }
                  ]
                }
              ]
            }
          ]
        }
      ]
    },
    "Planning Time": 0.321,
    "Triggers": [],
    "Execution Time": 121.763
  }
]