[
  {
    "Plan": {
      "Node Type": "Aggregate",
      "Strategy": "Plain",
      "Partial Mode": "Finalize",
      "Parallel Aware": false,
      "Startup Cost": 339348.15,
      "Total Cost": 339348.16,
      "Plan Rows": 1,
      "Plan Width": 8,
      "Actual Startup Time": 3063.527,
      "Actual Total Time": 3132.781,
      "Actual Rows": 1,
      "Actual Loops": 1,
      "Plans": [
        {
          "Node Type": "Gather",
          "Parent Relationship": "Outer",
          "Parallel Aware": false,
          "Startup Cost": 339347.63,
          "Total Cost": 339348.14,
          "Plan Rows": 5,
          "Plan Width": 8,
          "Actual Startup Time": 3049.782,
          "Actual Total Time": 3132.75,
          "Actual Rows": 6,
          "Actual Loops": 1,
          "Workers Planned": 5,
          "Workers Launched": 5,
          "Single Copy": false,
          "Plans": [
            {
              "Node Type": "Aggregate",
              "Strategy": "Plain",
              "Partial Mode": "Partial",
              "Parent Relationship": "Outer",
              "Parallel Aware": false,
              "Startup Cost": 338347.63,
              "Total Cost": 338347.64,
              "Plan Rows": 1,
              "Plan Width": 8,
              "Actual Startup Time": 3032.566,
              "Actual Total Time": 3032.57,
              "Actual Rows": 1,
              "Actual Loops": 6,
              "Plans": [
                {
                  "Node Type": "Nested Loop",
                  "Parent Relationship": "Outer",
                  "Parallel Aware": false,
                  "Join Type": "Inner",
                  "Startup Cost": 55572.13,
                  "Total Cost": 338278.6,
                  "Plan Rows": 27610,
                  "Plan Width": 0,
                  "Actual Startup Time": 294.704,
                  "Actual Total Time": 3023.896,
                  "Actual Rows": 144499,
                  "Actual Loops": 6,
                  "Inner Unique": false,
                  "Plans": [
                    {
                      "Node Type": "Hash Join",
                      "Parent Relationship": "Outer",
                      "Parallel Aware": true,
                      "Join Type": "Inner",
                      "Startup Cost": 55571.56,
                      "Total Cost": 221731.77,
                      "Plan Rows": 59219,
                      "Plan Width": 8,
                      "Actual Startup Time": 293.74,
                      "Actual Total Time": 323.24,
                      "Actual Rows": 51131,
                      "Actual Loops": 6,
                      "Inner Unique": true,
                      "Hash Cond": "(mi.movie_id = t.id)",
                      "Plans": [
                        {
                          "Node Type": "Bitmap Heap Scan",
                          "Parent Relationship": "Outer",
                          "Parallel Aware": true,
                          "Relation Name": "movie_info",
                          "Alias": "mi",
                          "Startup Cost": 5351.18,
                          "Total Cost": 171355.94,
                          "Plan Rows": 59219,
                          "Plan Width": 4,
                          "Actual Startup Time": 10.633,
                          "Actual Total Time": 22.49,
                          "Actual Rows": 51131,
                          "Actual Loops": 6,
                          "Recheck Cond": "(info_type_id > 105)",
                          "Rows Removed by Index Recheck": 0,
                          "Exact Heap Blocks": 1127,
                          "Lossy Heap Blocks": 0,
                          "Plans": [
                            {
                              "Node Type": "Bitmap Index Scan",
                              "Parent Relationship": "Outer",
                              "Parallel Aware": false,
                              "Index Name": "info_type_id_movie_info",
                              "Startup Cost": 0.0,
                              "Total Cost": 5277.15,
                              "Plan Rows": 296096,
                              "Plan Width": 0,
                              "Actual Startup Time": 9.929,
                              "Actual Total Time": 9.93,
                              "Actual Rows": 306788,
                              "Actual Loops": 1,
                              "Index Cond": "(info_type_id > 105)"
                            }
                          ]
                        },
                        {
                          "Node Type": "Hash",
                          "Parent Relationship": "Inner",
                          "Parallel Aware": true,
                          "Startup Cost": 42319.06,
                          "Total Cost": 42319.06,
                          "Plan Rows": 632106,
                          "Plan Width": 4,
                          "Actual Startup Time": 276.493,
                          "Actual Total Time": 276.493,
                          "Actual Rows": 421385,
                          "Actual Loops": 6,
                          "Hash Buckets": 4194304,
                          "Original Hash Buckets": 4194304,
                          "Hash Batches": 1,
                          "Original Hash Batches": 1,
                          "Peak Memory Usage": 131776,
                          "Plans": [
                            {
                              "Node Type": "Seq Scan",
                              "Parent Relationship": "Outer",
                              "Parallel Aware": true,
                              "Relation Name": "title",
                              "Alias": "t",
                              "Startup Cost": 0.0,
                              "Total Cost": 42319.06,
                              "Plan Rows": 632106,
                              "Plan Width": 4,
                              "Actual Startup Time": 0.031,
                              "Actual Total Time": 84.674,
                              "Actual Rows": 421385,
                              "Actual Loops": 6
                            }
                          ]
                        }
                      ]
                    },
                    {
                      "Node Type": "Index Scan",
                      "Parent Relationship": "Inner",
                      "Parallel Aware": false,
                      "Scan Direction": "Forward",
                      "Index Name": "movie_id_cast_info",
                      "Relation Name": "cast_info",
                      "Alias": "ci",
                      "Startup Cost": 0.56,
                      "Total Cost": 1.96,
                      "Plan Rows": 1,
                      "Plan Width": 4,
                      "Actual Startup Time": 0.033,
                      "Actual Total Time": 0.052,
                      "Actual Rows": 3,
                      "Actual Loops": 306788,
                      "Index Cond": "(movie_id = t.id)",
                      "Rows Removed by Index Recheck": 0,
                      "Filter": "((person_id < 350711) AND (role_id > 3))",
                      "Rows Removed by Filter": 110
                    }
                  ]
                }
              ]
            }
          ]
        }
      ]
    },
    "Planning Time": 1.179,
    "Triggers": [],
    "Execution Time": 3132.89
  }
]