[
  {
    "Plan": {
      "Node Type": "Aggregate",
      "Strategy": "Plain",
      "Partial Mode": "Finalize",
      "Parallel Aware": false,
      "Startup Cost": 346343.28,
      "Total Cost": 346343.29,
      "Plan Rows": 1,
      "Plan Width": 8,
      "Actual Startup Time": 2904.356,
      "Actual Total Time": 2973.323,
      "Actual Rows": 1,
      "Actual Loops": 1,
      "Plans": [
        {
          "Node Type": "Gather",
          "Parent Relationship": "Outer",
          "Parallel Aware": false,
          "Startup Cost": 346342.76,
          "Total Cost": 346343.27,
          "Plan Rows": 5,
          "Plan Width": 8,
          "Actual Startup Time": 2893.84,
          "Actual Total Time": 2973.311,
          "Actual Rows": 6,
          "Actual Loops": 1,
          "Workers Planned": 5,
          "Workers Launched": 5,
          "Single Copy": false,
          "Plans": [
            {
              "Node Type": "Aggregate",
              "Strategy": "Plain",
              "Partial Mode": "Partial",
              "Parent Relationship": "Outer",
              "Parallel Aware": false,
              "Startup Cost": 345342.76,
              "Total Cost": 345342.77,
              "Plan Rows": 1,
              "Plan Width": 8,
              "Actual Startup Time": 2874.18,
              "Actual Total Time": 2874.183,
              "Actual Rows": 1,
              "Actual Loops": 6,
              "Plans": [
                {
                  "Node Type": "Nested Loop",
                  "Parent Relationship": "Outer",
                  "Parallel Aware": false,
                  "Join Type": "Inner",
                  "Startup Cost": 55838.87,
                  "Total Cost": 345268.81,
                  "Plan Rows": 29578,
                  "Plan Width": 0,
                  "Actual Startup Time": 262.05,
                  "Actual Total Time": 2866.269,
                  "Actual Rows": 144499,
                  "Actual Loops": 6,
                  "Inner Unique": false,
                  "Plans": [
                    {
                      "Node Type": "Hash Join",
                      "Parent Relationship": "Outer",
                      "Parallel Aware": true,
                      "Join Type": "Inner",
                      "Startup Cost": 55838.3,
                      "Total Cost": 220470.96,
                      "Plan Rows": 61993,
                      "Plan Width": 8,
                      "Actual Startup Time": 260.631,
                      "Actual Total Time": 288.217,
                      "Actual Rows": 51131,
                      "Actual Loops": 6,
                      "Inner Unique": true,
                      "Hash Cond": "(mi.movie_id = t.id)",
                      "Plans": [
                        {
                          "Node Type": "Bitmap Heap Scan",
                          "Parent Relationship": "Outer",
                          "Parallel Aware": true,
                          "Relation Name": "movie_info",
                          "Alias": "mi",
                          "Startup Cost": 5618.66,
                          "Total Cost": 170088.58,
                          "Plan Rows": 61993,
                          "Plan Width": 4,
                          "Actual Startup Time": 10.741,
                          "Actual Total Time": 22.041,
                          "Actual Rows": 51131,
                          "Actual Loops": 6,
                          "Recheck Cond": "(info_type_id > 105)",
                          "Rows Removed by Index Recheck": 0,
                          "Exact Heap Blocks": 1099,
                          "Lossy Heap Blocks": 0,
                          "Plans": [
                            {
                              "Node Type": "Bitmap Index Scan",
                              "Parent Relationship": "Outer",
                              "Parallel Aware": false,
                              "Index Name": "info_type_id_movie_info",
                              "Startup Cost": 0.0,
                              "Total Cost": 5541.16,
                              "Plan Rows": 309964,
                              "Plan Width": 0,
                              "Actual Startup Time": 10.046,
                              "Actual Total Time": 10.046,
                              "Actual Rows": 306788,
                              "Actual Loops": 1,
                              "Index Cond": "(info_type_id > 105)"
                            }
                          ]
                        },
                        {
                          "Node Type": "Hash",
                          "Parent Relationship": "Inner",
                          "Parallel Aware": true,
                          "Startup Cost": 42318.73,
                          "Total Cost": 42318.73,
                          "Plan Rows": 632073,
                          "Plan Width": 4,
                          "Actual Startup Time": 242.607,
                          "Actual Total Time": 242.608,
                          "Actual Rows": 421385,
                          "Actual Loops": 6,
                          "Hash Buckets": 4194304,
                          "Original Hash Buckets": 4194304,
                          "Hash Batches": 1,
                          "Original Hash Batches": 1,
                          "Peak Memory Usage": 131776,
                          "Plans": [
                            {
                              "Node Type": "Seq Scan",
                              "Parent Relationship": "Outer",
                              "Parallel Aware": true,
                              "Relation Name": "title",
                              "Alias": "t",
                              "Startup Cost": 0.0,
                              "Total Cost": 42318.73,
                              "Plan Rows": 632073,
                              "Plan Width": 4,
                              "Actual Startup Time": 0.042,
                              "Actual Total Time": 74.998,
                              "Actual Rows": 421385,
                              "Actual Loops": 6
                            }
                          ]
                        }
                      ]
                    },
                    {
                      "Node Type": "Index Scan",
                      "Parent Relationship": "Inner",
                      "Parallel Aware": false,
                      "Scan Direction": "Forward",
                      "Index Name": "movie_id_cast_info",
                      "Relation Name": "cast_info",
                      "Alias": "ci",
                      "Startup Cost": 0.56,
                      "Total Cost": 2.0,
                      "Plan Rows": 1,
                      "Plan Width": 4,
                      "Actual Startup Time": 0.032,
                      "Actual Total Time": 0.05,
                      "Actual Rows": 3,
                      "Actual Loops": 306788,
                      "Index Cond": "(movie_id = t.id)",
                      "Rows Removed by Index Recheck": 0,
                      "Filter": "((person_id < 350711) AND (role_id > 3))",
                      "Rows Removed by Filter": 110
                    }
                  ]
                }
              ]
            }
          ]
        }
      ]
    },
    "Planning Time": 1.359,
    "Triggers": [],
    "Execution Time": 2973.454
  }
]