[
  {
    "Plan": {
      "Node Type": "Aggregate",
      "Strategy": "Plain",
      "Partial Mode": "Finalize",
      "Parallel Aware": false,
      "Startup Cost": 110103.27,
      "Total Cost": 110103.28,
      "Plan Rows": 1,
      "Plan Width": 8,
      "Actual Startup Time": 235.475,
      "Actual Total Time": 252.236,
      "Actual Rows": 1,
      "Actual Loops": 1,
      "Plans": [
        {
          "Node Type": "Gather",
          "Parent Relationship": "Outer",
          "Parallel Aware": false,
          "Startup Cost": 110102.75,
          "Total Cost": 110103.26,
          "Plan Rows": 5,
          "Plan Width": 8,
          "Actual Startup Time": 235.335,
          "Actual Total Time": 252.226,
          "Actual Rows": 6,
          "Actual Loops": 1,
          "Workers Planned": 5,
          "Workers Launched": 5,
          "Single Copy": false,
          "Plans": [
            {
              "Node Type": "Aggregate",
              "Strategy": "Plain",
              "Partial Mode": "Partial",
              "Parent Relationship": "Outer",
              "Parallel Aware": false,
              "Startup Cost": 109102.75,
              "Total Cost": 109102.76,
              "Plan Rows": 1,
              "Plan Width": 8,
              "Actual Startup Time": 226.649,
              "Actual Total Time": 226.651,
              "Actual Rows": 1,
              "Actual Loops": 6,
              "Plans": [
                {
                  "Node Type": "Index Scan",
                  "Parent Relationship": "Outer",
                  "Parallel Aware": true,
                  "Scan Direction": "Forward",
                  "Index Name": "role_id_cast_info",
                  "Relation Name": "cast_info",
                  "Alias": "ci",
                  "Startup Cost": 0.56,
                  "Total Cost": 107159.34,
                  "Plan Rows": 777364,
                  "Plan Width": 0,
                  "Actual Startup Time": 0.258,
                  "Actual Total Time": 185.556,
                  "Actual Rows": 663459,
                  "Actual Loops": 6,
                  "Index Cond": "(role_id = 3)",
                  "Rows Removed by Index Recheck": 0,
                  "Filter": "(person_id > 46239)",
                  "Rows Removed by Filter": 4548
                }
              ]
            }
          ]
        }
      ]
    },
    "Planning Time": 0.128,
    "Triggers": [],
    "Execution Time": 252.288
  }
]