[
  {
    "Plan": {
      "Node Type": "Aggregate",
      "Strategy": "Plain",
      "Partial Mode": "Finalize",
      "Parallel Aware": false,
      "Startup Cost": 232664.68,
      "Total Cost": 232664.69,
      "Plan Rows": 1,
      "Plan Width": 8,
      "Actual Startup Time": 304.38,
      "Actual Total Time": 321.097,
      "Actual Rows": 1,
      "Actual Loops": 1,
      "Plans": [
        {
          "Node Type": "Gather",
          "Parent Relationship": "Outer",
          "Parallel Aware": false,
          "Startup Cost": 232664.16,
          "Total Cost": 232664.67,
          "Plan Rows": 5,
          "Plan Width": 8,
          "Actual Startup Time": 299.462,
          "Actual Total Time": 321.076,
          "Actual Rows": 6,
          "Actual Loops": 1,
          "Workers Planned": 5,
          "Workers Launched": 5,
          "Single Copy": false,
          "Plans": [
            {
              "Node Type": "Aggregate",
              "Strategy": "Plain",
              "Partial Mode": "Partial",
              "Parent Relationship": "Outer",
              "Parallel Aware": false,
              "Startup Cost": 231664.16,
              "Total Cost": 231664.17,
              "Plan Rows": 1,
              "Plan Width": 8,
              "Actual Startup Time": 292.261,
              "Actual Total Time": 292.267,
              "Actual Rows": 1,
              "Actual Loops": 6,
              "Plans": [
                {
                  "Node Type": "Hash Join",
                  "Parent Relationship": "Outer",
                  "Parallel Aware": true,
                  "Join Type": "Inner",
                  "Startup Cost": 66146.74,
                  "Total Cost": 231518.35,
                  "Plan Rows": 58324,
                  "Plan Width": 0,
                  "Actual Startup Time": 166.152,
                  "Actual Total Time": 284.274,
                  "Actual Rows": 141382,
                  "Actual Loops": 6,
                  "Inner Unique": true,
                  "Hash Cond": "(mi.movie_id = t.id)",
                  "Plans": [
                    {
                      "Node Type": "Bitmap Heap Scan",
                      "Parent Relationship": "Outer",
                      "Parallel Aware": true,
                      "Relation Name": "movie_info",
                      "Alias": "mi",
                      "Startup Cost": 20184.38,
                      "Total Cost": 184969.62,
                      "Plan Rows": 223379,
                      "Plan Width": 4,
                      "Actual Startup Time": 42.281,
                      "Actual Total Time": 104.829,
                      "Actual Rows": 184823,
                      "Actual Loops": 6,
                      "Recheck Cond": "(info_type_id > 64)",
                      "Rows Removed by Index Recheck": 0,
                      "Exact Heap Blocks": 9105,
                      "Lossy Heap Blocks": 0,
                      "Plans": [
                        {
                          "Node Type": "Bitmap Index Scan",
                          "Parent Relationship": "Outer",
                          "Parallel Aware": false,
                          "Index Name": "info_type_id_movie_info",
                          "Startup Cost": 0.0,
                          "Total Cost": 19905.16,
                          "Plan Rows": 1116896,
                          "Plan Width": 0,
                          "Actual Startup Time": 36.78,
                          "Actual Total Time": 36.781,
                          "Actual Rows": 1108940,
                          "Actual Loops": 1,
                          "Index Cond": "(info_type_id > 64)"
                        }
                      ]
                    },
                    {
                      "Node Type": "Hash",
                      "Parent Relationship": "Inner",
                      "Parallel Aware": true,
                      "Startup Cost": 43899.32,
                      "Total Cost": 43899.32,
                      "Plan Rows": 165043,
                      "Plan Width": 4,
                      "Actual Startup Time": 121.866,
                      "Actual Total Time": 121.868,
                      "Actual Rows": 110471,
                      "Actual Loops": 6,
                      "Hash Buckets": 1048576,
                      "Original Hash Buckets": 1048576,
                      "Hash Batches": 1,
                      "Original Hash Batches": 1,
                      "Peak Memory Usage": 34176,
                      "Plans": [
                        {
                          "Node Type": "Seq Scan",
                          "Parent Relationship": "Outer",
                          "Parallel Aware": true,
                          "Relation Name": "title",
                          "Alias": "t",
                          "Startup Cost": 0.0,
                          "Total Cost": 43899.32,
                          "Plan Rows": 165043,
                          "Plan Width": 4,
                          "Actual Startup Time": 37.385,
                          "Actual Total Time": 80.11,
                          "Actual Rows": 110471,
                          "Actual Loops": 6,
                          "Filter": "(kind_id = 1)",
                          "Rows Removed by Filter": 310914
                        }
                      ]
                    }
                  ]
                }
              ]
            }
          ]
        }
      ]
    },
    "Planning Time": 0.434,
    "Triggers": [],
    "Execution Time": 321.144
  }
]