[
  {
    "Plan": {
      "Node Type": "Aggregate",
      "Strategy": "Plain",
      "Partial Mode": "Finalize",
      "Parallel Aware": false,
      "Startup Cost": 233631.6,
      "Total Cost": 233631.61,
      "Plan Rows": 1,
      "Plan Width": 8,
      "Actual Startup Time": 340.077,
      "Actual Total Time": 358.455,
      "Actual Rows": 1,
      "Actual Loops": 1,
      "Plans": [
        {
          "Node Type": "Gather",
          "Parent Relationship": "Outer",
          "Parallel Aware": false,
          "Startup Cost": 233631.07,
          "Total Cost": 233631.58,
          "Plan Rows": 5,
          "Plan Width": 8,
          "Actual Startup Time": 332.851,
          "Actual Total Time": 358.445,
          "Actual Rows": 6,
          "Actual Loops": 1,
          "Workers Planned": 5,
          "Workers Launched": 5,
          "Single Copy": false,
          "Plans": [
            {
              "Node Type": "Aggregate",
              "Strategy": "Plain",
              "Partial Mode": "Partial",
              "Parent Relationship": "Outer",
              "Parallel Aware": false,
              "Startup Cost": 232631.07,
              "Total Cost": 232631.08,
              "Plan Rows": 1,
              "Plan Width": 8,
              "Actual Startup Time": 322.18,
              "Actual Total Time": 322.184,
              "Actual Rows": 1,
              "Actual Loops": 6,
              "Plans": [
                {
                  "Node Type": "Hash Join",
                  "Parent Relationship": "Outer",
                  "Parallel Aware": true,
                  "Join Type": "Inner",
                  "Startup Cost": 66978.4,
                  "Total Cost": 232478.98,
                  "Plan Rows": 60837,
                  "Plan Width": 0,
                  "Actual Startup Time": 186.007,
                  "Actual Total Time": 314.028,
                  "Actual Rows": 141382,
                  "Actual Loops": 6,
                  "Inner Unique": true,
                  "Hash Cond": "(mi.movie_id = t.id)",
                  "Plans": [
                    {
                      "Node Type": "Bitmap Heap Scan",
                      "Parent Relationship": "Outer",
                      "Parallel Aware": true,
                      "Relation Name": "movie_info",
                      "Alias": "mi",
                      "Startup Cost": 21006.81,
                      "Total Cost": 185898.64,
                      "Plan Rows": 231906,
                      "Plan Width": 4,
                      "Actual Startup Time": 55.165,
                      "Actual Total Time": 122.91,
                      "Actual Rows": 184823,
                      "Actual Loops": 6,
                      "Recheck Cond": "(info_type_id > 64)",
                      "Rows Removed by Index Recheck": 0,
                      "Exact Heap Blocks": 7680,
                      "Lossy Heap Blocks": 0,
                      "Plans": [
                        {
                          "Node Type": "Bitmap Index Scan",
                          "Parent Relationship": "Outer",
                          "Parallel Aware": false,
                          "Index Name": "info_type_id_movie_info",
                          "Startup Cost": 0.0,
                          "Total Cost": 20716.92,
                          "Plan Rows": 1159532,
                          "Plan Width": 0,
                          "Actual Startup Time": 49.315,
                          "Actual Total Time": 49.316,
                          "Actual Rows": 1108940,
                          "Actual Loops": 1,
                          "Index Cond": "(info_type_id > 64)"
                        }
                      ]
                    },
                    {
                      "Node Type": "Hash",
                      "Parent Relationship": "Inner",
                      "Parallel Aware": true,
                      "Startup Cost": 43898.92,
                      "Total Cost": 43898.92,
                      "Plan Rows": 165814,
                      "Plan Width": 4,
                      "Actual Startup Time": 127.194,
                      "Actual Total Time": 127.196,
                      "Actual Rows": 110471,
                      "Actual Loops": 6,
                      "Hash Buckets": 1048576,
                      "Original Hash Buckets": 1048576,
                      "Hash Batches": 1,
                      "Original Hash Batches": 1,
                      "Peak Memory Usage": 34240,
                      "Plans": [
                        {
                          "Node Type": "Seq Scan",
                          "Parent Relationship": "Outer",
                          "Parallel Aware": true,
                          "Relation Name": "title",
                          "Alias": "t",
                          "Startup Cost": 0.0,
                          "Total Cost": 43898.92,
                          "Plan Rows": 165814,
                          "Plan Width": 4,
                          "Actual Startup Time": 44.972,
                          "Actual Total Time": 83.491,
                          "Actual Rows": 110471,
                          "Actual Loops": 6,
                          "Filter": "(kind_id = 1)",
                          "Rows Removed by Filter": 310914
                        }
                      ]
                    }
                  ]
                }
              ]
            }
          ]
        }
      ]
    },
    "Planning Time": 0.627,
    "Triggers": [],
    "Execution Time": 358.548
  }
]