[
    {
        "Bao": {
            "Bao prediction": 1269.346,
            "Bao recommended hint": "(no hint)"
        }
    },
    {
        "Plan": {
            "Node Type": "Aggregate",
            "Strategy": "Plain",
            "Partial Mode": "Finalize",
            "Parallel Aware": false,
            "Startup Cost": 299259.16,
            "Total Cost": 299259.17,
            "Plan Rows": 1,
            "Plan Width": 8,
            "Actual Startup Time": 1897.893,
            "Actual Total Time": 1926.757,
            "Actual Rows": 1,
            "Actual Loops": 1,
            "Output": [
                "count(*)"
            ],
            "Plans": [
                {
                    "Node Type": "Gather",
                    "Parent Relationship": "Outer",
                    "Parallel Aware": false,
                    "Startup Cost": 299258.63,
                    "Total Cost": 299259.14,
                    "Plan Rows": 5,
                    "Plan Width": 8,
                    "Actual Startup Time": 1880.596,
                    "Actual Total Time": 1926.748,
                    "Actual Rows": 6,
                    "Actual Loops": 1,
                    "Output": [
                        "(PARTIAL count(*))"
                    ],
                    "Workers Planned": 5,
                    "Workers Launched": 5,
                    "Single Copy": false,
                    "Plans": [
                        {
                            "Node Type": "Aggregate",
                            "Strategy": "Plain",
                            "Partial Mode": "Partial",
                            "Parent Relationship": "Outer",
                            "Parallel Aware": false,
                            "Startup Cost": 298258.63,
                            "Total Cost": 298258.64,
                            "Plan Rows": 1,
                            "Plan Width": 8,
                            "Actual Startup Time": 1870.794,
                            "Actual Total Time": 1870.894,
                            "Actual Rows": 1,
                            "Actual Loops": 6,
                            "Output": [
                                "PARTIAL count(*)"
                            ],
                            "Workers": [
                                {
                                    "Worker Number": 0,
                                    "Actual Startup Time": 1869.032,
                                    "Actual Total Time": 1869.037,
                                    "Actual Rows": 1,
                                    "Actual Loops": 1
                                },
                                {
                                    "Worker Number": 1,
                                    "Actual Startup Time": 1868.675,
                                    "Actual Total Time": 1868.681,
                                    "Actual Rows": 1,
                                    "Actual Loops": 1
                                },
                                {
                                    "Worker Number": 2,
                                    "Actual Startup Time": 1869.015,
                                    "Actual Total Time": 1869.02,
                                    "Actual Rows": 1,
                                    "Actual Loops": 1
                                },
                                {
                                    "Worker Number": 3,
                                    "Actual Startup Time": 1869.058,
                                    "Actual Total Time": 1869.063,
                                    "Actual Rows": 1,
                                    "Actual Loops": 1
                                },
                                {
                                    "Worker Number": 4,
                                    "Actual Startup Time": 1869.26,
                                    "Actual Total Time": 1869.265,
                                    "Actual Rows": 1,
                                    "Actual Loops": 1
                                }
                            ],
                            "Plans": [
                                {
                                    "Node Type": "Hash Join",
                                    "Parent Relationship": "Outer",
                                    "Parallel Aware": true,
                                    "Join Type": "Inner",
                                    "Startup Cost": 92420.09,
                                    "Total Cost": 296831.31,
                                    "Plan Rows": 570930,
                                    "Plan Width": 0,
                                    "Actual Startup Time": 418.722,
                                    "Actual Total Time": 1580.886,
                                    "Actual Rows": 5187793,
                                    "Actual Loops": 6,
                                    "Inner Unique": false,
                                    "Hash Cond": "(mi.movie_id = t.id)",
                                    "Workers": [
                                        {
                                            "Worker Number": 0,
                                            "Actual Startup Time": 416.493,
                                            "Actual Total Time": 1575.838,
                                            "Actual Rows": 4482893,
                                            "Actual Loops": 1
                                        },
                                        {
                                            "Worker Number": 1,
                                            "Actual Startup Time": 416.774,
                                            "Actual Total Time": 1577.391,
                                            "Actual Rows": 4466753,
                                            "Actual Loops": 1
                                        },
                                        {
                                            "Worker Number": 2,
                                            "Actual Startup Time": 416.989,
                                            "Actual Total Time": 1577.37,
                                            "Actual Rows": 4467484,
                                            "Actual Loops": 1
                                        },
                                        {
                                            "Worker Number": 3,
                                            "Actual Startup Time": 417.041,
                                            "Actual Total Time": 1584.11,
                                            "Actual Rows": 6446285,
                                            "Actual Loops": 1
                                        },
                                        {
                                            "Worker Number": 4,
                                            "Actual Startup Time": 417.371,
                                            "Actual Total Time": 1576.021,
                                            "Actual Rows": 4490908,
                                            "Actual Loops": 1
                                        }
                                    ],
                                    "Plans": [
                                        {
                                            "Node Type": "Seq Scan",
                                            "Parent Relationship": "Outer",
                                            "Parallel Aware": true,
                                            "Relation Name": "movie_info",
                                            "Schema": "public",
                                            "Alias": "mi",
                                            "Startup Cost": 0.0,
                                            "Total Cost": 191503.19,
                                            "Plan Rows": 2951019,
                                            "Plan Width": 4,
                                            "Actual Startup Time": 0.018,
                                            "Actual Total Time": 292.66,
                                            "Actual Rows": 2472620,
                                            "Actual Loops": 6,
                                            "Output": [
                                                "mi.id",
                                                "mi.movie_id",
                                                "mi.info_type_id",
                                                "mi.info",
                                                "mi.note"
                                            ],
                                            "Workers": [
                                                {
                                                    "Worker Number": 0,
                                                    "Actual Startup Time": 0.019,
                                                    "Actual Total Time": 304.202,
                                                    "Actual Rows": 2133345,
                                                    "Actual Loops": 1
                                                },
                                                {
                                                    "Worker Number": 1,
                                                    "Actual Startup Time": 0.023,
                                                    "Actual Total Time": 305.27,
                                                    "Actual Rows": 2130547,
                                                    "Actual Loops": 1
                                                },
                                                {
                                                    "Worker Number": 2,
                                                    "Actual Startup Time": 0.019,
                                                    "Actual Total Time": 304.531,
                                                    "Actual Rows": 2127147,
                                                    "Actual Loops": 1
                                                },
                                                {
                                                    "Worker Number": 3,
                                                    "Actual Startup Time": 0.016,
                                                    "Actual Total Time": 291.554,
                                                    "Actual Rows": 3010674,
                                                    "Actual Loops": 1
                                                },
                                                {
                                                    "Worker Number": 4,
                                                    "Actual Startup Time": 0.022,
                                                    "Actual Total Time": 304.287,
                                                    "Actual Rows": 2127128,
                                                    "Actual Loops": 1
                                                }
                                            ]
                                        },
                                        {
                                            "Node Type": "Hash",
                                            "Parent Relationship": "Inner",
                                            "Parallel Aware": true,
                                            "Startup Cost": 90447.7,
                                            "Total Cost": 90447.7,
                                            "Plan Rows": 157791,
                                            "Plan Width": 8,
                                            "Actual Startup Time": 415.965,
                                            "Actual Total Time": 416.063,
                                            "Actual Rows": 90465,
                                            "Actual Loops": 6,
                                            "Output": [
                                                "t.id",
                                                "mk.movie_id"
                                            ],
                                            "Hash Buckets": 1048576,
                                            "Original Hash Buckets": 524288,
                                            "Hash Batches": 1,
                                            "Original Hash Batches": 1,
                                            "Peak Memory Usage": 33632,
                                            "Workers": [
                                                {
                                                    "Worker Number": 0,
                                                    "Actual Startup Time": 415.749,
                                                    "Actual Total Time": 415.752,
                                                    "Actual Rows": 77445,
                                                    "Actual Loops": 1
                                                },
                                                {
                                                    "Worker Number": 1,
                                                    "Actual Startup Time": 415.894,
                                                    "Actual Total Time": 415.898,
                                                    "Actual Rows": 76501,
                                                    "Actual Loops": 1
                                                },
                                                {
                                                    "Worker Number": 2,
                                                    "Actual Startup Time": 416.229,
                                                    "Actual Total Time": 416.233,
                                                    "Actual Rows": 75650,
                                                    "Actual Loops": 1
                                                },
                                                {
                                                    "Worker Number": 3,
                                                    "Actual Startup Time": 416.275,
                                                    "Actual Total Time": 416.279,
                                                    "Actual Rows": 123603,
                                                    "Actual Loops": 1
                                                },
                                                {
                                                    "Worker Number": 4,
                                                    "Actual Startup Time": 416.454,
                                                    "Actual Total Time": 416.458,
                                                    "Actual Rows": 76671,
                                                    "Actual Loops": 1
                                                }
                                            ],
                                            "Plans": [
                                                {
                                                    "Node Type": "Hash Join",
                                                    "Parent Relationship": "Outer",
                                                    "Parallel Aware": true,
                                                    "Join Type": "Inner",
                                                    "Startup Cost": 63067.48,
                                                    "Total Cost": 90447.7,
                                                    "Plan Rows": 157791,
                                                    "Plan Width": 8,
                                                    "Actual Startup Time": 286.452,
                                                    "Actual Total Time": 372.817,
                                                    "Actual Rows": 90465,
                                                    "Actual Loops": 6,
                                                    "Output": [
                                                        "t.id",
                                                        "mk.movie_id"
                                                    ],
                                                    "Inner Unique": true,
                                                    "Hash Cond": "(mk.movie_id = t.id)",
                                                    "Workers": [
                                                        {
                                                            "Worker Number": 0,
                                                            "Actual Startup Time": 286.501,
                                                            "Actual Total Time": 373.292,
                                                            "Actual Rows": 77445,
                                                            "Actual Loops": 1
                                                        },
                                                        {
                                                            "Worker Number": 1,
                                                            "Actual Startup Time": 286.675,
                                                            "Actual Total Time": 372.892,
                                                            "Actual Rows": 76501,
                                                            "Actual Loops": 1
                                                        },
                                                        {
                                                            "Worker Number": 2,
                                                            "Actual Startup Time": 286.598,
                                                            "Actual Total Time": 372.63,
                                                            "Actual Rows": 75650,
                                                            "Actual Loops": 1
                                                        },
                                                        {
                                                            "Worker Number": 3,
                                                            "Actual Startup Time": 286.097,
                                                            "Actual Total Time": 372.755,
                                                            "Actual Rows": 123603,
                                                            "Actual Loops": 1
                                                        },
                                                        {
                                                            "Worker Number": 4,
                                                            "Actual Startup Time": 286.364,
                                                            "Actual Total Time": 374.223,
                                                            "Actual Rows": 76671,
                                                            "Actual Loops": 1
                                                        }
                                                    ],
                                                    "Plans": [
                                                        {
                                                            "Node Type": "Bitmap Heap Scan",
                                                            "Parent Relationship": "Outer",
                                                            "Parallel Aware": true,
                                                            "Relation Name": "movie_keyword",
                                                            "Schema": "public",
                                                            "Alias": "mk",
                                                            "Startup Cost": 12724.53,
                                                            "Total Cost": 39596.9,
                                                            "Plan Rows": 193469,
                                                            "Plan Width": 4,
                                                            "Actual Startup Time": 48.48,
                                                            "Actual Total Time": 94.925,
                                                            "Actual Rows": 98839,
                                                            "Actual Loops": 6,
                                                            "Output": [
                                                                "mk.id",
                                                                "mk.movie_id",
                                                                "mk.keyword_id"
                                                            ],
                                                            "Recheck Cond": "(mk.keyword_id > 31015)",
                                                            "Rows Removed by Index Recheck": 0,
                                                            "Exact Heap Blocks": 4887,
                                                            "Lossy Heap Blocks": 0,
                                                            "Workers": [
                                                                {
                                                                    "Worker Number": 0,
                                                                    "Actual Startup Time": 48.45,
                                                                    "Actual Total Time": 96.217,
                                                                    "Actual Rows": 84509,
                                                                    "Actual Loops": 1
                                                                },
                                                                {
                                                                    "Worker Number": 1,
                                                                    "Actual Startup Time": 48.729,
                                                                    "Actual Total Time": 96.327,
                                                                    "Actual Rows": 82881,
                                                                    "Actual Loops": 1
                                                                },
                                                                {
                                                                    "Worker Number": 2,
                                                                    "Actual Startup Time": 48.708,
                                                                    "Actual Total Time": 96.351,
                                                                    "Actual Rows": 82564,
                                                                    "Actual Loops": 1
                                                                },
                                                                {
                                                                    "Worker Number": 3,
                                                                    "Actual Startup Time": 48.233,
                                                                    "Actual Total Time": 96.64,
                                                                    "Actual Rows": 136404,
                                                                    "Actual Loops": 1
                                                                },
                                                                {
                                                                    "Worker Number": 4,
                                                                    "Actual Startup Time": 48.375,
                                                                    "Actual Total Time": 95.815,
                                                                    "Actual Rows": 83780,
                                                                    "Actual Loops": 1
                                                                }
                                                            ],
                                                            "Plans": [
                                                                {
                                                                    "Node Type": "Bitmap Index Scan",
                                                                    "Parent Relationship": "Outer",
                                                                    "Parallel Aware": false,
                                                                    "Index Name": "keyword_id_movie_keyword",
                                                                    "Startup Cost": 0.0,
                                                                    "Total Cost": 12574.59,
                                                                    "Plan Rows": 599755,
                                                                    "Plan Width": 0,
                                                                    "Actual Startup Time": 44.814,
                                                                    "Actual Total Time": 44.815,
                                                                    "Actual Rows": 593035,
                                                                    "Actual Loops": 1,
                                                                    "Index Cond": "(mk.keyword_id > 31015)",
                                                                    "Workers": [
                                                                        {
                                                                            "Worker Number": 3,
                                                                            "Actual Startup Time": 44.814,
                                                                            "Actual Total Time": 44.815,
                                                                            "Actual Rows": 593035,
                                                                            "Actual Loops": 1
                                                                        }
                                                                    ]
                                                                }
                                                            ]
                                                        },
                                                        {
                                                            "Node Type": "Hash",
                                                            "Parent Relationship": "Inner",
                                                            "Parallel Aware": true,
                                                            "Startup Cost": 43899.01,
                                                            "Total Cost": 43899.01,
                                                            "Plan Rows": 515515,
                                                            "Plan Width": 4,
                                                            "Actual Startup Time": 234.028,
                                                            "Actual Total Time": 234.029,
                                                            "Actual Rows": 344092,
                                                            "Actual Loops": 6,
                                                            "Output": [
                                                                "t.id"
                                                            ],
                                                            "Hash Buckets": 2097152,
                                                            "Original Hash Buckets": 2097152,
                                                            "Hash Batches": 1,
                                                            "Original Hash Batches": 1,
                                                            "Peak Memory Usage": 97248,
                                                            "Workers": [
                                                                {
                                                                    "Worker Number": 0,
                                                                    "Actual Startup Time": 237.926,
                                                                    "Actual Total Time": 237.927,
                                                                    "Actual Rows": 293674,
                                                                    "Actual Loops": 1
                                                                },
                                                                {
                                                                    "Worker Number": 1,
                                                                    "Actual Startup Time": 237.8,
                                                                    "Actual Total Time": 237.801,
                                                                    "Actual Rows": 294386,
                                                                    "Actual Loops": 1
                                                                },
                                                                {
                                                                    "Worker Number": 2,
                                                                    "Actual Startup Time": 237.789,
                                                                    "Actual Total Time": 237.79,
                                                                    "Actual Rows": 294150,
                                                                    "Actual Loops": 1
                                                                },
                                                                {
                                                                    "Worker Number": 3,
                                                                    "Actual Startup Time": 237.79,
                                                                    "Actual Total Time": 237.791,
                                                                    "Actual Rows": 379992,
                                                                    "Actual Loops": 1
                                                                },
                                                                {
                                                                    "Worker Number": 4,
                                                                    "Actual Startup Time": 237.727,
                                                                    "Actual Total Time": 237.728,
                                                                    "Actual Rows": 297000,
                                                                    "Actual Loops": 1
                                                                }
                                                            ],
                                                            "Plans": [
                                                                {
                                                                    "Node Type": "Seq Scan",
                                                                    "Parent Relationship": "Outer",
                                                                    "Parallel Aware": true,
                                                                    "Relation Name": "title",
                                                                    "Schema": "public",
                                                                    "Alias": "t",
                                                                    "Startup Cost": 0.0,
                                                                    "Total Cost": 43899.01,
                                                                    "Plan Rows": 515515,
                                                                    "Plan Width": 4,
                                                                    "Actual Startup Time": 0.043,
                                                                    "Actual Total Time": 91.396,
                                                                    "Actual Rows": 344092,
                                                                    "Actual Loops": 6,
                                                                    "Output": [
                                                                        "t.id"
                                                                    ],
                                                                    "Filter": "(t.production_year < 2011)",
                                                                    "Rows Removed by Filter": 77293,
                                                                    "Workers": [
                                                                        {
                                                                            "Worker Number": 0,
                                                                            "Actual Startup Time": 0.056,
                                                                            "Actual Total Time": 94.551,
                                                                            "Actual Rows": 293674,
                                                                            "Actual Loops": 1
                                                                        },
                                                                        {
                                                                            "Worker Number": 1,
                                                                            "Actual Startup Time": 0.046,
                                                                            "Actual Total Time": 94.784,
                                                                            "Actual Rows": 294386,
                                                                            "Actual Loops": 1
                                                                        },
                                                                        {
                                                                            "Worker Number": 2,
                                                                            "Actual Startup Time": 0.045,
                                                                            "Actual Total Time": 94.076,
                                                                            "Actual Rows": 294150,
                                                                            "Actual Loops": 1
                                                                        },
                                                                        {
                                                                            "Worker Number": 3,
                                                                            "Actual Startup Time": 0.062,
                                                                            "Actual Total Time": 90.253,
                                                                            "Actual Rows": 379992,
                                                                            "Actual Loops": 1
                                                                        },
                                                                        {
                                                                            "Worker Number": 4,
                                                                            "Actual Startup Time": 0.035,
                                                                            "Actual Total Time": 95.196,
                                                                            "Actual Rows": 297000,
                                                                            "Actual Loops": 1
                                                                        }
                                                                    ]
                                                                }
                                                            ]
                                                        }
                                                    ]
                                                }
                                            ]
                                        }
                                    ]
                                }
                            ]
                        }
                    ]
                }
            ]
        },
        "Planning Time": 572.091,
        "Triggers": [],
        "Execution Time": 1926.895
    }
]