[
  {
    "Plan": {
      "Node Type": "Aggregate",
      "Strategy": "Plain",
      "Partial Mode": "Finalize",
      "Parallel Aware": false,
      "Startup Cost": 79819.25,
      "Total Cost": 79819.26,
      "Plan Rows": 1,
      "Plan Width": 8,
      "Actual Startup Time": 332.669,
      "Actual Total Time": 348.266,
      "Actual Rows": 1,
      "Actual Loops": 1,
      "Plans": [
        {
          "Node Type": "Gather",
          "Parent Relationship": "Outer",
          "Parallel Aware": false,
          "Startup Cost": 79818.83,
          "Total Cost": 79819.24,
          "Plan Rows": 4,
          "Plan Width": 8,
          "Actual Startup Time": 327.635,
          "Actual Total Time": 348.257,
          "Actual Rows": 5,
          "Actual Loops": 1,
          "Workers Planned": 4,
          "Workers Launched": 4,
          "Single Copy": false,
          "Plans": [
            {
              "Node Type": "Aggregate",
              "Strategy": "Plain",
              "Partial Mode": "Partial",
              "Parent Relationship": "Outer",
              "Parallel Aware": false,
              "Startup Cost": 78818.83,
              "Total Cost": 78818.84,
              "Plan Rows": 1,
              "Plan Width": 8,
              "Actual Startup Time": 317.281,
              "Actual Total Time": 317.284,
              "Actual Rows": 1,
              "Actual Loops": 5,
              "Plans": [
                {
                  "Node Type": "Hash Join",
                  "Parent Relationship": "Outer",
                  "Parallel Aware": true,
                  "Join Type": "Inner",
                  "Startup Cost": 31837.42,
                  "Total Cost": 78521.29,
                  "Plan Rows": 119018,
                  "Plan Width": 0,
                  "Actual Startup Time": 127.199,
                  "Actual Total Time": 312.369,
                  "Actual Rows": 105623,
                  "Actual Loops": 5,
                  "Inner Unique": false,
                  "Hash Cond": "(t.id = mc.movie_id)",
                  "Plans": [
                    {
                      "Node Type": "Seq Scan",
                      "Parent Relationship": "Outer",
                      "Parallel Aware": true,
                      "Relation Name": "title",
                      "Alias": "t",
                      "Startup Cost": 0.0,
                      "Total Cost": 43898.92,
                      "Plan Rows": 480205,
                      "Plan Width": 4,
                      "Actual Startup Time": 0.015,
                      "Actual Total Time": 81.73,
                      "Actual Rows": 384570,
                      "Actual Loops": 5,
                      "Filter": "(production_year < 2010)",
                      "Rows Removed by Filter": 121093
                    },
                    {
                      "Node Type": "Hash",
                      "Parent Relationship": "Inner",
                      "Parallel Aware": true,
                      "Startup Cost": 29310.68,
                      "Total Cost": 29310.68,
                      "Plan Rows": 202139,
                      "Plan Width": 4,
                      "Actual Startup Time": 122.599,
                      "Actual Total Time": 122.6,
                      "Actual Rows": 124532,
                      "Actual Loops": 5,
                      "Hash Buckets": 1048576,
                      "Original Hash Buckets": 1048576,
                      "Hash Batches": 1,
                      "Original Hash Batches": 1,
                      "Peak Memory Usage": 32640,
                      "Plans": [
                        {
                          "Node Type": "Seq Scan",
                          "Parent Relationship": "Outer",
                          "Parallel Aware": true,
                          "Relation Name": "movie_companies",
                          "Alias": "mc",
                          "Startup Cost": 0.0,
                          "Total Cost": 29310.68,
                          "Plan Rows": 202139,
                          "Plan Width": 4,
                          "Actual Startup Time": 0.042,
                          "Actual Total Time": 65.636,
                          "Actual Rows": 124532,
                          "Actual Loops": 5,
                          "Filter": "(company_id < 783)",
                          "Rows Removed by Filter": 397294
                        }
                      ]
                    }
                  ]
                }
              ]
            }
          ]
        }
      ]
    },
    "Planning Time": 0.637,
    "Triggers": [],
    "Execution Time": 348.403
  }
]