[
    {
        "Bao": {
            "Bao prediction": 381.918,
            "Bao recommended hint": "(no hint)"
        }
    },
    {
        "Plan": {
            "Node Type": "Aggregate",
            "Strategy": "Plain",
            "Partial Mode": "Simple",
            "Parallel Aware": false,
            "Startup Cost": 10407.44,
            "Total Cost": 10407.45,
            "Plan Rows": 1,
            "Plan Width": 128,
            "Actual Startup Time": 479.987,
            "Actual Total Time": 509.564,
            "Actual Rows": 1,
            "Actual Loops": 1,
            "Output": [
                "min(mi.info)",
                "min(mi_idx.info)",
                "min(n.name)",
                "min(t.title)"
            ],
            "Plans": [
                {
                    "Node Type": "Nested Loop",
                    "Parent Relationship": "Outer",
                    "Parallel Aware": false,
                    "Join Type": "Inner",
                    "Startup Cost": 1006.14,
                    "Total Cost": 10407.43,
                    "Plan Rows": 1,
                    "Plan Width": 80,
                    "Actual Startup Time": 9.997,
                    "Actual Total Time": 508.51,
                    "Actual Rows": 2791,
                    "Actual Loops": 1,
                    "Output": [
                        "mi.info",
                        "mi_idx.info",
                        "n.name",
                        "t.title"
                    ],
                    "Inner Unique": true,
                    "Plans": [
                        {
                            "Node Type": "Nested Loop",
                            "Parent Relationship": "Outer",
                            "Parallel Aware": false,
                            "Join Type": "Inner",
                            "Startup Cost": 1005.71,
                            "Total Cost": 10406.75,
                            "Plan Rows": 1,
                            "Plan Width": 69,
                            "Actual Startup Time": 9.849,
                            "Actual Total Time": 495.656,
                            "Actual Rows": 2791,
                            "Actual Loops": 1,
                            "Output": [
                                "ci.person_id",
                                "mi.info",
                                "mi_idx.info",
                                "t.title"
                            ],
                            "Inner Unique": false,
                            "Join Filter": "(t.id = ci.movie_id)",
                            "Rows Removed by Join Filter": 0,
                            "Plans": [
                                {
                                    "Node Type": "Gather",
                                    "Parent Relationship": "Outer",
                                    "Parallel Aware": false,
                                    "Startup Cost": 1005.14,
                                    "Total Cost": 10405.0,
                                    "Plan Rows": 1,
                                    "Plan Width": 85,
                                    "Actual Startup Time": 8.625,
                                    "Actual Total Time": 122.789,
                                    "Actual Rows": 2686,
                                    "Actual Loops": 1,
                                    "Output": [
                                        "mc.movie_id",
                                        "mi.info",
                                        "mi.movie_id",
                                        "mi_idx.info",
                                        "mi_idx.movie_id",
                                        "mk.movie_id",
                                        "t.title",
                                        "t.id"
                                    ],
                                    "Workers Planned": 1,
                                    "Workers Launched": 1,
                                    "Single Copy": false,
                                    "Plans": [
                                        {
                                            "Node Type": "Nested Loop",
                                            "Parent Relationship": "Outer",
                                            "Parallel Aware": false,
                                            "Join Type": "Inner",
                                            "Startup Cost": 5.14,
                                            "Total Cost": 9404.9,
                                            "Plan Rows": 1,
                                            "Plan Width": 85,
                                            "Actual Startup Time": 8.01,
                                            "Actual Total Time": 276.94,
                                            "Actual Rows": 1343,
                                            "Actual Loops": 2,
                                            "Output": [
                                                "mc.movie_id",
                                                "mi.info",
                                                "mi.movie_id",
                                                "mi_idx.info",
                                                "mi_idx.movie_id",
                                                "mk.movie_id",
                                                "t.title",
                                                "t.id"
                                            ],
                                            "Inner Unique": true,
                                            "Workers": [
                                                {
                                                    "Worker Number": 0,
                                                    "Actual Startup Time": 9.25,
                                                    "Actual Total Time": 463.509,
                                                    "Actual Rows": 2330,
                                                    "Actual Loops": 1
                                                }
                                            ],
                                            "Plans": [
                                                {
                                                    "Node Type": "Nested Loop",
                                                    "Parent Relationship": "Outer",
                                                    "Parallel Aware": false,
                                                    "Join Type": "Inner",
                                                    "Startup Cost": 4.72,
                                                    "Total Cost": 9401.32,
                                                    "Plan Rows": 8,
                                                    "Plan Width": 89,
                                                    "Actual Startup Time": 3.904,
                                                    "Actual Total Time": 135.322,
                                                    "Actual Rows": 52572,
                                                    "Actual Loops": 2,
                                                    "Output": [
                                                        "mc.movie_id",
                                                        "mi.info",
                                                        "mi.movie_id",
                                                        "mi_idx.info",
                                                        "mi_idx.movie_id",
                                                        "mk.movie_id",
                                                        "mk.keyword_id",
                                                        "t.title",
                                                        "t.id"
                                                    ],
                                                    "Inner Unique": false,
                                                    "Workers": [
                                                        {
                                                            "Worker Number": 0,
                                                            "Actual Startup Time": 3.538,
                                                            "Actual Total Time": 228.374,
                                                            "Actual Rows": 90469,
                                                            "Actual Loops": 1
                                                        }
                                                    ],
                                                    "Plans": [
                                                        {
                                                            "Node Type": "Nested Loop",
                                                            "Parent Relationship": "Outer",
                                                            "Parallel Aware": false,
                                                            "Join Type": "Inner",
                                                            "Startup Cost": 4.29,
                                                            "Total Cost": 9399.55,
                                                            "Plan Rows": 1,
                                                            "Plan Width": 81,
                                                            "Actual Startup Time": 3.625,
                                                            "Actual Total Time": 106.091,
                                                            "Actual Rows": 600,
                                                            "Actual Loops": 2,
                                                            "Output": [
                                                                "mc.movie_id",
                                                                "mi.info",
                                                                "mi.movie_id",
                                                                "mi_idx.info",
                                                                "mi_idx.movie_id",
                                                                "t.title",
                                                                "t.id"
                                                            ],
                                                            "Inner Unique": true,
                                                            "Join Filter": "(mi.movie_id = t.id)",
                                                            "Rows Removed by Join Filter": 0,
                                                            "Workers": [
                                                                {
                                                                    "Worker Number": 0,
                                                                    "Actual Startup Time": 3.251,
                                                                    "Actual Total Time": 178.342,
                                                                    "Actual Rows": 1064,
                                                                    "Actual Loops": 1
                                                                }
                                                            ],
                                                            "Plans": [
                                                                {
                                                                    "Node Type": "Nested Loop",
                                                                    "Parent Relationship": "Outer",
                                                                    "Parallel Aware": false,
                                                                    "Join Type": "Inner",
                                                                    "Startup Cost": 3.86,
                                                                    "Total Cost": 9399.02,
                                                                    "Plan Rows": 1,
                                                                    "Plan Width": 60,
                                                                    "Actual Startup Time": 3.424,
                                                                    "Actual Total Time": 100.161,
                                                                    "Actual Rows": 600,
                                                                    "Actual Loops": 2,
                                                                    "Output": [
                                                                        "mc.movie_id",
                                                                        "mi.info",
                                                                        "mi.movie_id",
                                                                        "mi_idx.info",
                                                                        "mi_idx.movie_id"
                                                                    ],
                                                                    "Inner Unique": true,
                                                                    "Workers": [
                                                                        {
                                                                            "Worker Number": 0,
                                                                            "Actual Startup Time": 3.027,
                                                                            "Actual Total Time": 168.344,
                                                                            "Actual Rows": 1064,
                                                                            "Actual Loops": 1
                                                                        }
                                                                    ],
                                                                    "Plans": [
                                                                        {
                                                                            "Node Type": "Nested Loop",
                                                                            "Parent Relationship": "Outer",
                                                                            "Parallel Aware": false,
                                                                            "Join Type": "Inner",
                                                                            "Startup Cost": 3.72,
                                                                            "Total Cost": 9398.67,
                                                                            "Plan Rows": 2,
                                                                            "Plan Width": 64,
                                                                            "Actual Startup Time": 3.366,
                                                                            "Actual Total Time": 98.61,
                                                                            "Actual Rows": 622,
                                                                            "Actual Loops": 2,
                                                                            "Output": [
                                                                                "mc.movie_id",
                                                                                "mi.info",
                                                                                "mi.movie_id",
                                                                                "mi.info_type_id",
                                                                                "mi_idx.info",
                                                                                "mi_idx.movie_id"
                                                                            ],
                                                                            "Inner Unique": false,
                                                                            "Join Filter": "(mi_idx.movie_id = mi.movie_id)",
                                                                            "Rows Removed by Join Filter": 0,
                                                                            "Workers": [
                                                                                {
                                                                                    "Worker Number": 0,
                                                                                    "Actual Startup Time": 2.951,
                                                                                    "Actual Total Time": 165.743,
                                                                                    "Actual Rows": 1105,
                                                                                    "Actual Loops": 1
                                                                                }
                                                                            ],
                                                                            "Plans": [
                                                                                {
                                                                                    "Node Type": "Hash Join",
                                                                                    "Parent Relationship": "Outer",
                                                                                    "Parallel Aware": false,
                                                                                    "Join Type": "Inner",
                                                                                    "Startup Cost": 3.28,
                                                                                    "Total Cost": 9391.46,
                                                                                    "Plan Rows": 4,
                                                                                    "Plan Width": 13,
                                                                                    "Actual Startup Time": 2.353,
                                                                                    "Actual Total Time": 30.508,
                                                                                    "Actual Rows": 724,
                                                                                    "Actual Loops": 2,
                                                                                    "Output": [
                                                                                        "mc.movie_id",
                                                                                        "mi_idx.info",
                                                                                        "mi_idx.movie_id"
                                                                                    ],
                                                                                    "Inner Unique": true,
                                                                                    "Hash Cond": "(mi_idx.info_type_id = it2.id)",
                                                                                    "Workers": [
                                                                                        {
                                                                                            "Worker Number": 0,
                                                                                            "Actual Startup Time": 1.717,
                                                                                            "Actual Total Time": 48.127,
                                                                                            "Actual Rows": 1351,
                                                                                            "Actual Loops": 1
                                                                                        }
                                                                                    ],
                                                                                    "Plans": [
                                                                                        {
                                                                                            "Node Type": "Nested Loop",
                                                                                            "Parent Relationship": "Outer",
                                                                                            "Parallel Aware": false,
                                                                                            "Join Type": "Inner",
                                                                                            "Startup Cost": 0.86,
                                                                                            "Total Cost": 9387.92,
                                                                                            "Plan Rows": 407,
                                                                                            "Plan Width": 17,
                                                                                            "Actual Startup Time": 1.998,
                                                                                            "Actual Total Time": 29.476,
                                                                                            "Actual Rows": 2185,
                                                                                            "Actual Loops": 2,
                                                                                            "Output": [
                                                                                                "mc.movie_id",
                                                                                                "mi_idx.info",
                                                                                                "mi_idx.movie_id",
                                                                                                "mi_idx.info_type_id"
                                                                                            ],
                                                                                            "Inner Unique": false,
                                                                                            "Workers": [
                                                                                                {
                                                                                                    "Worker Number": 0,
                                                                                                    "Actual Startup Time": 1.219,
                                                                                                    "Actual Total Time": 46.425,
                                                                                                    "Actual Rows": 4071,
                                                                                                    "Actual Loops": 1
                                                                                                }
                                                                                            ],
                                                                                            "Plans": [
                                                                                                {
                                                                                                    "Node Type": "Nested Loop",
                                                                                                    "Parent Relationship": "Outer",
                                                                                                    "Parallel Aware": false,
                                                                                                    "Join Type": "Inner",
                                                                                                    "Startup Cost": 0.43,
                                                                                                    "Total Cost": 9308.16,
                                                                                                    "Plan Rows": 150,
                                                                                                    "Plan Width": 4,
                                                                                                    "Actual Startup Time": 1.77,
                                                                                                    "Actual Total Time": 20.666,
                                                                                                    "Actual Rows": 907,
                                                                                                    "Actual Loops": 2,
                                                                                                    "Output": [
                                                                                                        "mc.movie_id"
                                                                                                    ],
                                                                                                    "Inner Unique": false,
                                                                                                    "Workers": [
                                                                                                        {
                                                                                                            "Worker Number": 0,
                                                                                                            "Actual Startup Time": 0.905,
                                                                                                            "Actual Total Time": 30.733,
                                                                                                            "Actual Rows": 1712,
                                                                                                            "Actual Loops": 1
                                                                                                        }
                                                                                                    ],
                                                                                                    "Plans": [
                                                                                                        {
                                                                                                            "Node Type": "Seq Scan",
                                                                                                            "Parent Relationship": "Outer",
                                                                                                            "Parallel Aware": true,
                                                                                                            "Relation Name": "company_name",
                                                                                                            "Schema": "public",
                                                                                                            "Alias": "cn",
                                                                                                            "Startup Cost": 0.0,
                                                                                                            "Total Cost": 4722.92,
                                                                                                            "Plan Rows": 14,
                                                                                                            "Plan Width": 4,
                                                                                                            "Actual Startup Time": 1.508,
                                                                                                            "Actual Total Time": 16.378,
                                                                                                            "Actual Rows": 5,
                                                                                                            "Actual Loops": 2,
                                                                                                            "Output": [
                                                                                                                "cn.id",
                                                                                                                "cn.name",
                                                                                                                "cn.country_code",
                                                                                                                "cn.imdb_id",
                                                                                                                "cn.name_pcode_nf",
                                                                                                                "cn.name_pcode_sf",
                                                                                                                "cn.md5sum"
                                                                                                            ],
                                                                                                            "Filter": "(cn.name ~~ 'Lionsgate%'::text)",
                                                                                                            "Rows Removed by Filter": 117494,
                                                                                                            "Workers": [
                                                                                                                {
                                                                                                                    "Worker Number": 0,
                                                                                                                    "Actual Startup Time": 0.665,
                                                                                                                    "Actual Total Time": 23.251,
                                                                                                                    "Actual Rows": 9,
                                                                                                                    "Actual Loops": 1
                                                                                                                }
                                                                                                            ]
                                                                                                        },
                                                                                                        {
                                                                                                            "Node Type": "Index Scan",
                                                                                                            "Parent Relationship": "Inner",
                                                                                                            "Parallel Aware": false,
                                                                                                            "Scan Direction": "Forward",
                                                                                                            "Index Name": "company_id_movie_companies",
                                                                                                            "Relation Name": "movie_companies",
                                                                                                            "Schema": "public",
                                                                                                            "Alias": "mc",
                                                                                                            "Startup Cost": 0.43,
                                                                                                            "Total Cost": 326.2,
                                                                                                            "Plan Rows": 132,
                                                                                                            "Plan Width": 8,
                                                                                                            "Actual Startup Time": 0.07,
                                                                                                            "Actual Total Time": 0.804,
                                                                                                            "Actual Rows": 181,
                                                                                                            "Actual Loops": 10,
                                                                                                            "Output": [
                                                                                                                "mc.id",
                                                                                                                "mc.movie_id",
                                                                                                                "mc.company_id",
                                                                                                                "mc.company_type_id",
                                                                                                                "mc.note"
                                                                                                            ],
                                                                                                            "Index Cond": "(mc.company_id = cn.id)",
                                                                                                            "Rows Removed by Index Recheck": 0,
                                                                                                            "Workers": [
                                                                                                                {
                                                                                                                    "Worker Number": 0,
                                                                                                                    "Actual Startup Time": 0.047,
                                                                                                                    "Actual Total Time": 0.78,
                                                                                                                    "Actual Rows": 190,
                                                                                                                    "Actual Loops": 9
                                                                                                                }
                                                                                                            ]
                                                                                                        }
                                                                                                    ]
                                                                                                },
                                                                                                {
                                                                                                    "Node Type": "Index Scan",
                                                                                                    "Parent Relationship": "Inner",
                                                                                                    "Parallel Aware": false,
                                                                                                    "Scan Direction": "Forward",
                                                                                                    "Index Name": "movie_id_movie_info_idx",
                                                                                                    "Relation Name": "movie_info_idx",
                                                                                                    "Schema": "public",
                                                                                                    "Alias": "mi_idx",
                                                                                                    "Startup Cost": 0.43,
                                                                                                    "Total Cost": 0.5,
                                                                                                    "Plan Rows": 3,
                                                                                                    "Plan Width": 13,
                                                                                                    "Actual Startup Time": 0.008,
                                                                                                    "Actual Total Time": 0.009,
                                                                                                    "Actual Rows": 2,
                                                                                                    "Actual Loops": 1814,
                                                                                                    "Output": [
                                                                                                        "mi_idx.id",
                                                                                                        "mi_idx.movie_id",
                                                                                                        "mi_idx.info_type_id",
                                                                                                        "mi_idx.info",
                                                                                                        "mi_idx.note"
                                                                                                    ],
                                                                                                    "Index Cond": "(mi_idx.movie_id = mc.movie_id)",
                                                                                                    "Rows Removed by Index Recheck": 0,
                                                                                                    "Workers": [
                                                                                                        {
                                                                                                            "Worker Number": 0,
                                                                                                            "Actual Startup Time": 0.008,
                                                                                                            "Actual Total Time": 0.008,
                                                                                                            "Actual Rows": 2,
                                                                                                            "Actual Loops": 1712
                                                                                                        }
                                                                                                    ]
                                                                                                }
                                                                                            ]
                                                                                        },
                                                                                        {
                                                                                            "Node Type": "Hash",
                                                                                            "Parent Relationship": "Inner",
                                                                                            "Parallel Aware": false,
                                                                                            "Startup Cost": 2.41,
                                                                                            "Total Cost": 2.41,
                                                                                            "Plan Rows": 1,
                                                                                            "Plan Width": 4,
                                                                                            "Actual Startup Time": 0.081,
                                                                                            "Actual Total Time": 0.082,
                                                                                            "Actual Rows": 1,
                                                                                            "Actual Loops": 2,
                                                                                            "Output": [
                                                                                                "it2.id"
                                                                                            ],
                                                                                            "Hash Buckets": 1024,
                                                                                            "Original Hash Buckets": 1024,
                                                                                            "Hash Batches": 1,
                                                                                            "Original Hash Batches": 1,
                                                                                            "Peak Memory Usage": 9,
                                                                                            "Workers": [
                                                                                                {
                                                                                                    "Worker Number": 0,
                                                                                                    "Actual Startup Time": 0.091,
                                                                                                    "Actual Total Time": 0.092,
                                                                                                    "Actual Rows": 1,
                                                                                                    "Actual Loops": 1
                                                                                                }
                                                                                            ],
                                                                                            "Plans": [
                                                                                                {
                                                                                                    "Node Type": "Seq Scan",
                                                                                                    "Parent Relationship": "Outer",
                                                                                                    "Parallel Aware": false,
                                                                                                    "Relation Name": "info_type",
                                                                                                    "Schema": "public",
                                                                                                    "Alias": "it2",
                                                                                                    "Startup Cost": 0.0,
                                                                                                    "Total Cost": 2.41,
                                                                                                    "Plan Rows": 1,
                                                                                                    "Plan Width": 4,
                                                                                                    "Actual Startup Time": 0.06,
                                                                                                    "Actual Total Time": 0.065,
                                                                                                    "Actual Rows": 1,
                                                                                                    "Actual Loops": 2,
                                                                                                    "Output": [
                                                                                                        "it2.id"
                                                                                                    ],
                                                                                                    "Filter": "((it2.info)::text = 'votes'::text)",
                                                                                                    "Rows Removed by Filter": 112,
                                                                                                    "Workers": [
                                                                                                        {
                                                                                                            "Worker Number": 0,
                                                                                                            "Actual Startup Time": 0.07,
                                                                                                            "Actual Total Time": 0.074,
                                                                                                            "Actual Rows": 1,
                                                                                                            "Actual Loops": 1
                                                                                                        }
                                                                                                    ]
                                                                                                }
                                                                                            ]
                                                                                        }
                                                                                    ]
                                                                                },
                                                                                {
                                                                                    "Node Type": "Index Scan",
                                                                                    "Parent Relationship": "Inner",
                                                                                    "Parallel Aware": false,
                                                                                    "Scan Direction": "Forward",
                                                                                    "Index Name": "movie_id_movie_info",
                                                                                    "Relation Name": "movie_info",
                                                                                    "Schema": "public",
                                                                                    "Alias": "mi",
                                                                                    "Startup Cost": 0.43,
                                                                                    "Total Cost": 1.79,
                                                                                    "Plan Rows": 1,
                                                                                    "Plan Width": 51,
                                                                                    "Actual Startup Time": 0.092,
                                                                                    "Actual Total Time": 0.093,
                                                                                    "Actual Rows": 1,
                                                                                    "Actual Loops": 1449,
                                                                                    "Output": [
                                                                                        "mi.id",
                                                                                        "mi.movie_id",
                                                                                        "mi.info_type_id",
                                                                                        "mi.info",
                                                                                        "mi.note"
                                                                                    ],
                                                                                    "Index Cond": "(mi.movie_id = mc.movie_id)",
                                                                                    "Rows Removed by Index Recheck": 0,
                                                                                    "Filter": "(mi.info = ANY ('{Crime,War,Horror,Family,Thriller,Action}'::text[]))",
                                                                                    "Rows Removed by Filter": 75,
                                                                                    "Workers": [
                                                                                        {
                                                                                            "Worker Number": 0,
                                                                                            "Actual Startup Time": 0.085,
                                                                                            "Actual Total Time": 0.086,
                                                                                            "Actual Rows": 1,
                                                                                            "Actual Loops": 1351
                                                                                        }
                                                                                    ]
                                                                                }
                                                                            ]
                                                                        },
                                                                        {
                                                                            "Node Type": "Index Scan",
                                                                            "Parent Relationship": "Inner",
                                                                            "Parallel Aware": false,
                                                                            "Scan Direction": "Forward",
                                                                            "Index Name": "info_type_pkey",
                                                                            "Relation Name": "info_type",
                                                                            "Schema": "public",
                                                                            "Alias": "it1",
                                                                            "Startup Cost": 0.14,
                                                                            "Total Cost": 0.16,
                                                                            "Plan Rows": 1,
                                                                            "Plan Width": 4,
                                                                            "Actual Startup Time": 0.002,
                                                                            "Actual Total Time": 0.002,
                                                                            "Actual Rows": 1,
                                                                            "Actual Loops": 1243,
                                                                            "Output": [
                                                                                "it1.id",
                                                                                "it1.info"
                                                                            ],
                                                                            "Index Cond": "(it1.id = mi.info_type_id)",
                                                                            "Rows Removed by Index Recheck": 0,
                                                                            "Filter": "((it1.info)::text = 'genres'::text)",
                                                                            "Rows Removed by Filter": 0,
                                                                            "Workers": [
                                                                                {
                                                                                    "Worker Number": 0,
                                                                                    "Actual Startup Time": 0.002,
                                                                                    "Actual Total Time": 0.002,
                                                                                    "Actual Rows": 1,
                                                                                    "Actual Loops": 1105
                                                                                }
                                                                            ]
                                                                        }
                                                                    ]
                                                                },
                                                                {
                                                                    "Node Type": "Index Scan",
                                                                    "Parent Relationship": "Inner",
                                                                    "Parallel Aware": false,
                                                                    "Scan Direction": "Forward",
                                                                    "Index Name": "title_pkey",
                                                                    "Relation Name": "title",
                                                                    "Schema": "public",
                                                                    "Alias": "t",
                                                                    "Startup Cost": 0.43,
                                                                    "Total Cost": 0.52,
                                                                    "Plan Rows": 1,
                                                                    "Plan Width": 21,
                                                                    "Actual Startup Time": 0.009,
                                                                    "Actual Total Time": 0.009,
                                                                    "Actual Rows": 1,
                                                                    "Actual Loops": 1201,
                                                                    "Output": [
                                                                        "t.id",
                                                                        "t.title",
                                                                        "t.imdb_index",
                                                                        "t.kind_id",
                                                                        "t.production_year",
                                                                        "t.imdb_id",
                                                                        "t.phonetic_code",
                                                                        "t.episode_of_id",
                                                                        "t.season_nr",
                                                                        "t.episode_nr",
                                                                        "t.series_years",
                                                                        "t.md5sum"
                                                                    ],
                                                                    "Index Cond": "(t.id = mc.movie_id)",
                                                                    "Rows Removed by Index Recheck": 0,
                                                                    "Workers": [
                                                                        {
                                                                            "Worker Number": 0,
                                                                            "Actual Startup Time": 0.009,
                                                                            "Actual Total Time": 0.009,
                                                                            "Actual Rows": 1,
                                                                            "Actual Loops": 1064
                                                                        }
                                                                    ]
                                                                }
                                                            ]
                                                        },
                                                        {
                                                            "Node Type": "Index Scan",
                                                            "Parent Relationship": "Inner",
                                                            "Parallel Aware": false,
                                                            "Scan Direction": "Forward",
                                                            "Index Name": "movie_id_movie_keyword",
                                                            "Relation Name": "movie_keyword",
                                                            "Schema": "public",
                                                            "Alias": "mk",
                                                            "Startup Cost": 0.43,
                                                            "Total Cost": 1.31,
                                                            "Plan Rows": 46,
                                                            "Plan Width": 8,
                                                            "Actual Startup Time": 0.017,
                                                            "Actual Total Time": 0.034,
                                                            "Actual Rows": 88,
                                                            "Actual Loops": 1201,
                                                            "Output": [
                                                                "mk.id",
                                                                "mk.movie_id",
                                                                "mk.keyword_id"
                                                            ],
                                                            "Index Cond": "(mk.movie_id = t.id)",
                                                            "Rows Removed by Index Recheck": 0,
                                                            "Workers": [
                                                                {
                                                                    "Worker Number": 0,
                                                                    "Actual Startup Time": 0.016,
                                                                    "Actual Total Time": 0.033,
                                                                    "Actual Rows": 85,
                                                                    "Actual Loops": 1064
                                                                }
                                                            ]
                                                        }
                                                    ]
                                                },
                                                {
                                                    "Node Type": "Index Scan",
                                                    "Parent Relationship": "Inner",
                                                    "Parallel Aware": false,
                                                    "Scan Direction": "Forward",
                                                    "Index Name": "keyword_pkey",
                                                    "Relation Name": "keyword",
                                                    "Schema": "public",
                                                    "Alias": "k",
                                                    "Startup Cost": 0.42,
                                                    "Total Cost": 0.45,
                                                    "Plan Rows": 1,
                                                    "Plan Width": 4,
                                                    "Actual Startup Time": 0.002,
                                                    "Actual Total Time": 0.002,
                                                    "Actual Rows": 0,
                                                    "Actual Loops": 105145,
                                                    "Output": [
                                                        "k.id",
                                                        "k.keyword",
                                                        "k.phonetic_code"
                                                    ],
                                                    "Index Cond": "(k.id = mk.keyword_id)",
                                                    "Rows Removed by Index Recheck": 0,
                                                    "Filter": "(k.keyword = ANY ('{murder,violence,blood,gore,death,female-nudity,hospital}'::text[]))",
                                                    "Rows Removed by Filter": 1,
                                                    "Workers": [
                                                        {
                                                            "Worker Number": 0,
                                                            "Actual Startup Time": 0.002,
                                                            "Actual Total Time": 0.002,
                                                            "Actual Rows": 0,
                                                            "Actual Loops": 90469
                                                        }
                                                    ]
                                                }
                                            ]
                                        }
                                    ]
                                },
                                {
                                    "Node Type": "Index Scan",
                                    "Parent Relationship": "Inner",
                                    "Parallel Aware": false,
                                    "Scan Direction": "Forward",
                                    "Index Name": "movie_id_cast_info",
                                    "Relation Name": "cast_info",
                                    "Schema": "public",
                                    "Alias": "ci",
                                    "Startup Cost": 0.56,
                                    "Total Cost": 1.73,
                                    "Plan Rows": 1,
                                    "Plan Width": 8,
                                    "Actual Startup Time": 0.101,
                                    "Actual Total Time": 0.138,
                                    "Actual Rows": 1,
                                    "Actual Loops": 2686,
                                    "Output": [
                                        "ci.id",
                                        "ci.person_id",
                                        "ci.movie_id",
                                        "ci.person_role_id",
                                        "ci.note",
                                        "ci.nr_order",
                                        "ci.role_id"
                                    ],
                                    "Index Cond": "(ci.movie_id = mk.movie_id)",
                                    "Rows Removed by Index Recheck": 0,
                                    "Filter": "(ci.note = ANY ('{(writer),\"(head writer)\",\"(written by)\",(story),\"(story editor)\"}'::text[]))",
                                    "Rows Removed by Filter": 126
                                }
                            ]
                        },
                        {
                            "Node Type": "Index Scan",
                            "Parent Relationship": "Inner",
                            "Parallel Aware": false,
                            "Scan Direction": "Forward",
                            "Index Name": "name_pkey",
                            "Relation Name": "name",
                            "Schema": "public",
                            "Alias": "n",
                            "Startup Cost": 0.43,
                            "Total Cost": 0.68,
                            "Plan Rows": 1,
                            "Plan Width": 19,
                            "Actual Startup Time": 0.004,
                            "Actual Total Time": 0.004,
                            "Actual Rows": 1,
                            "Actual Loops": 2791,
                            "Output": [
                                "n.id",
                                "n.name",
                                "n.imdb_index",
                                "n.imdb_id",
                                "n.gender",
                                "n.name_pcode_cf",
                                "n.name_pcode_nf",
                                "n.surname_pcode",
                                "n.md5sum"
                            ],
                            "Index Cond": "(n.id = ci.person_id)",
                            "Rows Removed by Index Recheck": 0
                        }
                    ]
                }
            ]
        },
        "Planning Time": 3255.266,
        "Triggers": [],
        "Execution Time": 510.629
    }
]