{
  "Plan": {
    "Node Type": "Aggregate",
    "Strategy": "Plain",
    "Partial Mode": "Finalize",
    "Parallel Aware": false,
    "Startup Cost": 90730.34,
    "Total Cost": 90730.35,
    "Plan Rows": 1,
    "Plan Width": 8,
    "Actual Startup Time": 143.621,
    "Actual Total Time": 154.203,
    "Actual Rows": 1,
    "Actual Loops": 1,
    "Plans": [
      {
        "Node Type": "Gather",
        "Parent Relationship": "Outer",
        "Parallel Aware": false,
        "Startup Cost": 90730.22,
        "Total Cost": 90730.33,
        "Plan Rows": 1,
        "Plan Width": 8,
        "Actual Startup Time": 143.464,
        "Actual Total Time": 154.197,
        "Actual Rows": 2,
        "Actual Loops": 1,
        "Workers Planned": 1,
        "Workers Launched": 1,
        "Single Copy": false,
        "Plans": [
          {
            "Node Type": "Aggregate",
            "Strategy": "Plain",
            "Partial Mode": "Partial",
            "Parent Relationship": "Outer",
            "Parallel Aware": false,
            "Startup Cost": 89730.22,
            "Total Cost": 89730.23,
            "Plan Rows": 1,
            "Plan Width": 8,
            "Actual Startup Time": 137.039,
            "Actual Total Time": 137.044,
            "Actual Rows": 1,
            "Actual Loops": 2,
            "Plans": [
              {
                "Node Type": "Hash Join",
                "Parent Relationship": "Outer",
                "Parallel Aware": true,
                "Join Type": "Inner",
                "Startup Cost": 70633.01,
                "Total Cost": 89726.64,
                "Plan Rows": 1435,
                "Plan Width": 0,
                "Actual Startup Time": 61.626,
                "Actual Total Time": 136.797,
                "Actual Rows": 4418,
                "Actual Loops": 2,
                "Inner Unique": false,
                "Hash Cond": "(mi_idx.movie_id = t.id)",
                "Plans": [
                  {
                    "Node Type": "Seq Scan",
                    "Parent Relationship": "Outer",
                    "Parallel Aware": true,
                    "Relation Name": "movie_info_idx",
                    "Alias": "mi_idx",
                    "Startup Cost": 0.0,
                    "Total Cost": 18082.32,
                    "Plan Rows": 267429,
                    "Plan Width": 4,
                    "Actual Startup Time": 0.016,
                    "Actual Total Time": 54.681,
                    "Actual Rows": 229962,
                    "Actual Loops": 2,
                    "Filter": "(info_type_id < 100)",
                    "Rows Removed by Filter": 460055
                  },
                  {
                    "Node Type": "Hash",
                    "Parent Relationship": "Inner",
                    "Parallel Aware": true,
                    "Startup Cost": 70533.21,
                    "Total Cost": 70533.21,
                    "Plan Rows": 7984,
                    "Plan Width": 8,
                    "Actual Startup Time": 60.494,
                    "Actual Total Time": 60.496,
                    "Actual Rows": 6322,
                    "Actual Loops": 2,
                    "Hash Buckets": 16384,
                    "Original Hash Buckets": 16384,
                    "Hash Batches": 1,
                    "Original Hash Batches": 1,
                    "Peak Memory Usage": 672,
                    "Plans": [
                      {
                        "Node Type": "Nested Loop",
                        "Parent Relationship": "Outer",
                        "Parallel Aware": false,
                        "Join Type": "Inner",
                        "Startup Cost": 290.05,
                        "Total Cost": 70533.21,
                        "Plan Rows": 7984,
                        "Plan Width": 8,
                        "Actual Startup Time": 5.545,
                        "Actual Total Time": 57.955,
                        "Actual Rows": 6322,
                        "Actual Loops": 2,
                        "Inner Unique": true,
                        "Plans": [
                          {
                            "Node Type": "Bitmap Heap Scan",
                            "Parent Relationship": "Outer",
                            "Parallel Aware": true,
                            "Relation Name": "movie_keyword",
                            "Alias": "mk",
                            "Startup Cost": 289.62,
                            "Total Cost": 21877.72,
                            "Plan Rows": 7984,
                            "Plan Width": 4,
                            "Actual Startup Time": 5.4,
                            "Actual Total Time": 19.764,
                            "Actual Rows": 6322,
                            "Actual Loops": 2,
                            "Recheck Cond": "(keyword_id = 245)",
                            "Rows Removed by Index Recheck": 0,
                            "Exact Heap Blocks": 6685,
                            "Lossy Heap Blocks": 0,
                            "Plans": [
                              {
                                "Node Type": "Bitmap Index Scan",
                                "Parent Relationship": "Outer",
                                "Parallel Aware": false,
                                "Index Name": "keyword_id_movie_keyword",
                                "Startup Cost": 0.0,
                                "Total Cost": 286.22,
                                "Plan Rows": 13572,
                                "Plan Width": 0,
                                "Actual Startup Time": 6.182,
                                "Actual Total Time": 6.183,
                                "Actual Rows": 12645,
                                "Actual Loops": 1,
                                "Index Cond": "(keyword_id = 245)"
                              }
                            ]
                          },
                          {
                            "Node Type": "Index Only Scan",
                            "Parent Relationship": "Inner",
                            "Parallel Aware": false,
                            "Scan Direction": "Forward",
                            "Index Name": "title_pkey",
                            "Relation Name": "title",
                            "Alias": "t",
                            "Startup Cost": 0.43,
                            "Total Cost": 6.09,
                            "Plan Rows": 1,
                            "Plan Width": 4,
                            "Actual Startup Time": 0.006,
                            "Actual Total Time": 0.006,
                            "Actual Rows": 1,
                            "Actual Loops": 12645,
                            "Index Cond": "(id = mk.movie_id)",
                            "Rows Removed by Index Recheck": 0,
                            "Heap Fetches": 12645
                          }
                        ]
                      }
                    ]
                  }
                ]
              }
            ]
          }
        ]
      }
    ]
  },
  "Planning Time": 1.029,
  "Triggers": [],
  "Execution Time": 154.357
}