[
  {
    "Plan": {
      "Node Type": "Aggregate",
      "Strategy": "Plain",
      "Partial Mode": "Simple",
      "Parallel Aware": false,
      "Startup Cost": 933222.63,
      "Total Cost": 933222.64,
      "Plan Rows": 1,
      "Plan Width": 128,
      "Actual Startup Time": 8107.886,
      "Actual Total Time": 8108.355,
      "Actual Rows": 1,
      "Actual Loops": 1,
      "Plans": [
        {
          "Node Type": "Merge Join",
          "Parent Relationship": "Outer",
          "Parallel Aware": false,
          "Join Type": "Inner",
          "Startup Cost": 796621.89,
          "Total Cost": 933202.94,
          "Plan Rows": 1969,
          "Plan Width": 64,
          "Actual Startup Time": 5102.805,
          "Actual Total Time": 8106.423,
          "Actual Rows": 8144,
          "Actual Loops": 1,
          "Inner Unique": false,
          "Merge Cond": "(chn.id = ci.person_role_id)",
          "Plans": [
            {
              "Node Type": "Index Scan",
              "Parent Relationship": "Outer",
              "Parallel Aware": false,
              "Scan Direction": "Forward",
              "Index Name": "char_name_pkey",
              "Relation Name": "char_name",
              "Alias": "chn",
              "Startup Cost": 0.43,
              "Total Cost": 128716.85,
              "Plan Rows": 3140339,
              "Plan Width": 20,
              "Actual Startup Time": 0.009,
              "Actual Total Time": 2741.145,
              "Actual Rows": 3133145,
              "Actual Loops": 1
            },
            {
              "Node Type": "Sort",
              "Parent Relationship": "Inner",
              "Parallel Aware": false,
              "Startup Cost": 796621.0,
              "Total Cost": 796625.92,
              "Plan Rows": 1969,
              "Plan Width": 52,
              "Actual Startup Time": 5102.669,
              "Actual Total Time": 5104.889,
              "Actual Rows": 8145,
              "Actual Loops": 1,
              "Sort Key": [
                "ci.person_role_id"
              ],
              "Sort Method": "quicksort",
              "Sort Space Used": 1487,
              "Sort Space Type": "Memory",
              "Plans": [
                {
                  "Node Type": "Merge Join",
                  "Parent Relationship": "Outer",
                  "Parallel Aware": false,
                  "Join Type": "Inner",
                  "Startup Cost": 679921.48,
                  "Total Cost": 796513.26,
                  "Plan Rows": 1969,
                  "Plan Width": 52,
                  "Actual Startup Time": 3330.175,
                  "Actual Total Time": 5098.011,
                  "Actual Rows": 8514,
                  "Actual Loops": 1,
                  "Inner Unique": false,
                  "Merge Cond": "(t.id = ci.movie_id)",
                  "Plans": [
                    {
                      "Node Type": "Index Scan",
                      "Parent Relationship": "Outer",
                      "Parallel Aware": false,
                      "Scan Direction": "Forward",
                      "Index Name": "title_pkey",
                      "Relation Name": "title",
                      "Alias": "t",
                      "Startup Cost": 0.43,
                      "Total Cost": 110348.87,
                      "Plan Rows": 2528252,
                      "Plan Width": 21,
                      "Actual Startup Time": 0.008,
                      "Actual Total Time": 1635.285,
                      "Actual Rows": 2519220,
                      "Actual Loops": 1
                    },
                    {
                      "Node Type": "Sort",
                      "Parent Relationship": "Inner",
                      "Parallel Aware": false,
                      "Startup Cost": 679918.33,
                      "Total Cost": 679923.25,
                      "Plan Rows": 1969,
                      "Plan Width": 43,
                      "Actual Startup Time": 3292.71,
                      "Actual Total Time": 3294.533,
                      "Actual Rows": 8514,
                      "Actual Loops": 1,
                      "Sort Key": [
                        "ci.movie_id"
                      ],
                      "Sort Method": "quicksort",
                      "Sort Space Used": 1151,
                      "Sort Space Type": "Memory",
                      "Plans": [
                        {
                          "Node Type": "Merge Join",
                          "Parent Relationship": "Outer",
                          "Parallel Aware": false,
                          "Join Type": "Inner",
                          "Startup Cost": 667081.02,
                          "Total Cost": 679810.59,
                          "Plan Rows": 1969,
                          "Plan Width": 43,
                          "Actual Startup Time": 3120.307,
                          "Actual Total Time": 3288.984,
                          "Actual Rows": 8514,
                          "Actual Loops": 1,
                          "Inner Unique": false,
                          "Merge Cond": "(cn.id = mc.company_id)",
                          "Plans": [
                            {
                              "Node Type": "Index Scan",
                              "Parent Relationship": "Outer",
                              "Parallel Aware": false,
                              "Scan Direction": "Forward",
                              "Index Name": "company_name_pkey",
                              "Relation Name": "company_name",
                              "Alias": "cn",
                              "Startup Cost": 0.42,
                              "Total Cost": 12474.79,
                              "Plan Rows": 84928,
                              "Plan Width": 4,
                              "Actual Startup Time": 0.032,
                              "Actual Total Time": 158.186,
                              "Actual Rows": 84419,
                              "Actual Loops": 1,
                              "Filter": "((country_code)::text = '[us]'::text)",
                              "Rows Removed by Filter": 148512
                            },
                            {
                              "Node Type": "Sort",
                              "Parent Relationship": "Inner",
                              "Parallel Aware": false,
                              "Startup Cost": 667080.59,
                              "Total Cost": 667094.21,
                              "Plan Rows": 5448,
                              "Plan Width": 47,
                              "Actual Startup Time": 3120.197,
                              "Actual Total Time": 3123.239,
                              "Actual Rows": 19561,
                              "Actual Loops": 1,
                              "Sort Key": [
                                "mc.company_id"
                              ],
                              "Sort Method": "quicksort",
                              "Sort Space Used": 2906,
                              "Sort Space Type": "Memory",
                              "Plans": [
                                {
                                  "Node Type": "Merge Join",
                                  "Parent Relationship": "Outer",
                                  "Parallel Aware": false,
                                  "Join Type": "Inner",
                                  "Startup Cost": 519257.54,
                                  "Total Cost": 666742.5,
                                  "Plan Rows": 5448,
                                  "Plan Width": 47,
                                  "Actual Startup Time": 2193.94,
                                  "Actual Total Time": 3110.782,
                                  "Actual Rows": 19561,
                                  "Actual Loops": 1,
                                  "Inner Unique": false,
                                  "Merge Cond": "(mc.movie_id = ci.movie_id)",
                                  "Plans": [
                                    {
                                      "Node Type": "Index Scan",
                                      "Parent Relationship": "Outer",
                                      "Parallel Aware": false,
                                      "Scan Direction": "Forward",
                                      "Index Name": "movie_id_movie_companies",
                                      "Relation Name": "movie_companies",
                                      "Alias": "mc",
                                      "Startup Cost": 0.43,
                                      "Total Cost": 140880.84,
                                      "Plan Rows": 2609129,
                                      "Plan Width": 8,
                                      "Actual Startup Time": 0.02,
                                      "Actual Total Time": 737.794,
                                      "Actual Rows": 2608393,
                                      "Actual Loops": 1
                                    },
                                    {
                                      "Node Type": "Sort",
                                      "Parent Relationship": "Inner",
                                      "Parallel Aware": false,
                                      "Startup Cost": 519257.11,
                                      "Total Cost": 519262.2,
                                      "Plan Rows": 2034,
                                      "Plan Width": 39,
                                      "Actual Startup Time": 2192.915,
                                      "Actual Total Time": 2195.311,
                                      "Actual Rows": 23262,
                                      "Actual Loops": 1,
                                      "Sort Key": [
                                        "ci.movie_id"
                                      ],
                                      "Sort Method": "quicksort",
                                      "Sort Space Used": 1078,
                                      "Sort Space Type": "Memory",
                                      "Plans": [
                                        {
                                          "Node Type": "Merge Join",
                                          "Parent Relationship": "Outer",
                                          "Parallel Aware": false,
                                          "Join Type": "Inner",
                                          "Startup Cost": 451980.22,
                                          "Total Cost": 519145.34,
                                          "Plan Rows": 2034,
                                          "Plan Width": 39,
                                          "Actual Startup Time": 1983.049,
                                          "Actual Total Time": 2189.671,
                                          "Actual Rows": 8204,
                                          "Actual Loops": 1,
                                          "Inner Unique": true,
                                          "Merge Cond": "(ci.person_id = n.id)",
                                          "Plans": [
                                            {
                                              "Node Type": "Merge Join",
                                              "Parent Relationship": "Outer",
                                              "Parallel Aware": false,
                                              "Join Type": "Inner",
                                              "Startup Cost": 371206.82,
                                              "Total Cost": 437676.07,
                                              "Plan Rows": 176600,
                                              "Plan Width": 32,
                                              "Actual Startup Time": 1399.251,
                                              "Actual Total Time": 1824.06,
                                              "Actual Rows": 503508,
                                              "Actual Loops": 1,
                                              "Inner Unique": false,
                                              "Merge Cond": "(an.person_id = ci.person_id)",
                                              "Plans": [
                                                {
                                                  "Node Type": "Index Scan",
                                                  "Parent Relationship": "Outer",
                                                  "Parallel Aware": false,
                                                  "Scan Direction": "Forward",
                                                  "Index Name": "person_id_aka_name",
                                                  "Relation Name": "aka_name",
                                                  "Alias": "an",
                                                  "Startup Cost": 0.42,
                                                  "Total Cost": 72006.77,
                                                  "Plan Rows": 901343,
                                                  "Plan Width": 20,
                                                  "Actual Startup Time": 0.017,
                                                  "Actual Total Time": 288.445,
                                                  "Actual Rows": 578828,
                                                  "Actual Loops": 1
                                                },
                                                {
                                                  "Node Type": "Sort",
                                                  "Parent Relationship": "Inner",
                                                  "Parallel Aware": false,
                                                  "Startup Cost": 371196.84,
                                                  "Total Cost": 371381.17,
                                                  "Plan Rows": 73732,
                                                  "Plan Width": 12,
                                                  "Actual Startup Time": 1398.619,
                                                  "Actual Total Time": 1425.537,
                                                  "Actual Rows": 621321,
                                                  "Actual Loops": 1,
                                                  "Sort Key": [
                                                    "ci.person_id"
                                                  ],
                                                  "Sort Method": "quicksort",
                                                  "Sort Space Used": 25234,
                                                  "Sort Space Type": "Memory",
                                                  "Plans": [
                                                    {
                                                      "Node Type": "Gather",
                                                      "Parent Relationship": "Outer",
                                                      "Parallel Aware": false,
                                                      "Startup Cost": 357002.19,
                                                      "Total Cost": 365235.6,
                                                      "Plan Rows": 73732,
                                                      "Plan Width": 12,
                                                      "Actual Startup Time": 1289.328,
                                                      "Actual Total Time": 1329.109,
                                                      "Actual Rows": 276166,
                                                      "Actual Loops": 1,
                                                      "Workers Planned": 6,
                                                      "Workers Launched": 6,
                                                      "Single Copy": false,
                                                      "Plans": [
                                                        {
                                                          "Node Type": "Merge Join",
                                                          "Parent Relationship": "Outer",
                                                          "Parallel Aware": false,
                                                          "Join Type": "Inner",
                                                          "Startup Cost": 356002.19,
                                                          "Total Cost": 356862.4,
                                                          "Plan Rows": 12289,
                                                          "Plan Width": 12,
                                                          "Actual Startup Time": 1280.009,
                                                          "Actual Total Time": 1291.169,
                                                          "Actual Rows": 39452,
                                                          "Actual Loops": 7,
                                                          "Inner Unique": true,
                                                          "Merge Cond": "(ci.role_id = rt.id)",
                                                          "Plans": [
                                                            {
                                                              "Node Type": "Sort",
                                                              "Parent Relationship": "Outer",
                                                              "Parallel Aware": false,
                                                              "Startup Cost": 356001.03,
                                                              "Total Cost": 356369.69,
                                                              "Plan Rows": 147464,
                                                              "Plan Width": 16,
                                                              "Actual Startup Time": 1269.05,
                                                              "Actual Total Time": 1276.209,
                                                              "Actual Rows": 123876,
                                                              "Actual Loops": 7,
                                                              "Sort Key": [
                                                                "ci.role_id"
                                                              ],
                                                              "Sort Method": "quicksort",
                                                              "Sort Space Used": 12798,
                                                              "Sort Space Type": "Memory",
                                                              "Workers": [
                                                                {
                                                                  "Worker Number": 0,
                                                                  "Sort Method": "quicksort",
                                                                  "Sort Space Used": 8162,
                                                                  "Sort Space Type": "Memory"
                                                                },
                                                                {
                                                                  "Worker Number": 1,
                                                                  "Sort Method": "quicksort",
                                                                  "Sort Space Used": 8146,
                                                                  "Sort Space Type": "Memory"
                                                                },
                                                                {
                                                                  "Worker Number": 2,
                                                                  "Sort Method": "quicksort",
                                                                  "Sort Space Used": 12329,
                                                                  "Sort Space Type": "Memory"
                                                                },
                                                                {
                                                                  "Worker Number": 3,
                                                                  "Sort Method": "quicksort",
                                                                  "Sort Space Used": 9011,
                                                                  "Sort Space Type": "Memory"
                                                                },
                                                                {
                                                                  "Worker Number": 4,
                                                                  "Sort Method": "quicksort",
                                                                  "Sort Space Used": 8316,
                                                                  "Sort Space Type": "Memory"
                                                                },
                                                                {
                                                                  "Worker Number": 5,
                                                                  "Sort Method": "quicksort",
                                                                  "Sort Space Used": 12625,
                                                                  "Sort Space Type": "Memory"
                                                                }
                                                              ],
                                                              "Plans": [
                                                                {
                                                                  "Node Type": "Seq Scan",
                                                                  "Parent Relationship": "Outer",
                                                                  "Parallel Aware": true,
                                                                  "Relation Name": "cast_info",
                                                                  "Alias": "ci",
                                                                  "Startup Cost": 0.0,
                                                                  "Total Cost": 343341.24,
                                                                  "Plan Rows": 147464,
                                                                  "Plan Width": 16,
                                                                  "Actual Startup Time": 0.179,
                                                                  "Actual Total Time": 1229.695,
                                                                  "Actual Rows": 123925,
                                                                  "Actual Loops": 7,
                                                                  "Filter": "(note = ANY ('{(voice),\"(voice: Japanese version)\",\"(voice) (uncredited)\",\"(voice: English version)\"}'::text[]))",
                                                                  "Rows Removed by Filter": 5053838
                                                                }
                                                              ]
                                                            },
                                                            {
                                                              "Node Type": "Sort",
                                                              "Parent Relationship": "Inner",
                                                              "Parallel Aware": false,
                                                              "Startup Cost": 1.16,
                                                              "Total Cost": 1.16,
                                                              "Plan Rows": 1,
                                                              "Plan Width": 4,
                                                              "Actual Startup Time": 0.143,
                                                              "Actual Total Time": 0.145,
                                                              "Actual Rows": 1,
                                                              "Actual Loops": 7,
                                                              "Sort Key": [
                                                                "rt.id"
                                                              ],
                                                              "Sort Method": "quicksort",
                                                              "Sort Space Used": 25,
                                                              "Sort Space Type": "Memory",
                                                              "Workers": [
                                                                {
                                                                  "Worker Number": 0,
                                                                  "Sort Method": "quicksort",
                                                                  "Sort Space Used": 25,
                                                                  "Sort Space Type": "Memory"
                                                                },
                                                                {
                                                                  "Worker Number": 1,
                                                                  "Sort Method": "quicksort",
                                                                  "Sort Space Used": 25,
                                                                  "Sort Space Type": "Memory"
                                                                },
                                                                {
                                                                  "Worker Number": 2,
                                                                  "Sort Method": "quicksort",
                                                                  "Sort Space Used": 25,
                                                                  "Sort Space Type": "Memory"
                                                                },
                                                                {
                                                                  "Worker Number": 3,
                                                                  "Sort Method": "quicksort",
                                                                  "Sort Space Used": 25,
                                                                  "Sort Space Type": "Memory"
                                                                },
                                                                {
                                                                  "Worker Number": 4,
                                                                  "Sort Method": "quicksort",
                                                                  "Sort Space Used": 25,
                                                                  "Sort Space Type": "Memory"
                                                                },
                                                                {
                                                                  "Worker Number": 5,
                                                                  "Sort Method": "quicksort",
                                                                  "Sort Space Used": 25,
                                                                  "Sort Space Type": "Memory"
                                                                }
                                                              ],
                                                              "Plans": [
                                                                {
                                                                  "Node Type": "Seq Scan",
                                                                  "Parent Relationship": "Outer",
                                                                  "Parallel Aware": false,
                                                                  "Relation Name": "role_type",
                                                                  "Alias": "rt",
                                                                  "Startup Cost": 0.0,
                                                                  "Total Cost": 1.15,
                                                                  "Plan Rows": 1,
                                                                  "Plan Width": 4,
                                                                  "Actual Startup Time": 0.111,
                                                                  "Actual Total Time": 0.112,
                                                                  "Actual Rows": 1,
                                                                  "Actual Loops": 7,
                                                                  "Filter": "((role)::text = 'actress'::text)",
                                                                  "Rows Removed by Filter": 11
                                                                }
                                                              ]
                                                            }
                                                          ]
                                                        }
                                                      ]
                                                    }
                                                  ]
                                                }
                                              ]
                                            },
                                            {
                                              "Node Type": "Sort",
                                              "Parent Relationship": "Inner",
                                              "Parallel Aware": false,
                                              "Startup Cost": 80773.37,
                                              "Total Cost": 80893.38,
                                              "Plan Rows": 48002,
                                              "Plan Width": 19,
                                              "Actual Startup Time": 333.464,
                                              "Actual Total Time": 338.811,
                                              "Actual Rows": 50009,
                                              "Actual Loops": 1,
                                              "Sort Key": [
                                                "n.id"
                                              ],
                                              "Sort Method": "quicksort",
                                              "Sort Space Used": 5246,
                                              "Sort Space Type": "Memory",
                                              "Plans": [
                                                {
                                                  "Node Type": "Gather",
                                                  "Parent Relationship": "Outer",
                                                  "Parallel Aware": false,
                                                  "Startup Cost": 1000.0,
                                                  "Total Cost": 77041.02,
                                                  "Plan Rows": 48002,
                                                  "Plan Width": 19,
                                                  "Actual Startup Time": 138.484,
                                                  "Actual Total Time": 305.86,
                                                  "Actual Rows": 50011,
                                                  "Actual Loops": 1,
                                                  "Workers Planned": 4,
                                                  "Workers Launched": 4,
                                                  "Single Copy": false,
                                                  "Plans": [
                                                    {
                                                      "Node Type": "Seq Scan",
                                                      "Parent Relationship": "Outer",
                                                      "Parallel Aware": true,
                                                      "Relation Name": "name",
                                                      "Alias": "n",
                                                      "Startup Cost": 0.0,
                                                      "Total Cost": 71240.82,
                                                      "Plan Rows": 12000,
                                                      "Plan Width": 19,
                                                      "Actual Startup Time": 132.361,
                                                      "Actual Total Time": 311.64,
                                                      "Actual Rows": 10002,
                                                      "Actual Loops": 5,
                                                      "Filter": "((name ~~ '%An%'::text) AND ((gender)::text = 'f'::text))",
                                                      "Rows Removed by Filter": 823496
                                                    }
                                                  ]
                                                }
                                              ]
                                            }
                                          ]
                                        }
                                      ]
                                    }
                                  ]
                                }
                              ]
                            }
                          ]
                        }
                      ]
                    }
                  ]
                }
              ]
            }
          ]
        }
      ]
    },
    "Planning Time": 24.625,
    "Triggers": [],
    "Execution Time": 8113.497
  }
]