{
    "Plan": {
        "Node Type": "Aggregate",
        "Strategy": "Plain",
        "Partial Mode": "Simple",
        "Parallel Aware": false,
        "Startup Cost": 60005189745.41,
        "Total Cost": 60005189745.42,
        "Plan Rows": 1,
        "Plan Width": 96,
        "Actual Startup Time": 20701.642,
        "Actual Total Time": 20701.665,
        "Actual Rows": 1,
        "Actual Loops": 1,
        "Output": [
            "min(cn.name)",
            "min(mi_idx.info)",
            "min(t.title)"
        ],
        "Plans": [
            {
                "Node Type": "Nested Loop",
                "Parent Relationship": "Outer",
                "Parallel Aware": false,
                "Join Type": "Inner",
                "Startup Cost": 60005189107.32,
                "Total Cost": 60005189745.4,
                "Plan Rows": 1,
                "Plan Width": 41,
                "Actual Startup Time": 20162.555,
                "Actual Total Time": 20694.17,
                "Actual Rows": 31087,
                "Actual Loops": 1,
                "Output": [
                    "cn.name",
                    "mi_idx.info",
                    "t.title"
                ],
                "Inner Unique": true,
                "Plans": [
                    {
                        "Node Type": "Merge Join",
                        "Parent Relationship": "Outer",
                        "Parallel Aware": false,
                        "Join Type": "Inner",
                        "Startup Cost": 50005189107.17,
                        "Total Cost": 50005189737.22,
                        "Plan Rows": 1,
                        "Plan Width": 45,
                        "Actual Startup Time": 20162.399,
                        "Actual Total Time": 20246.211,
                        "Actual Rows": 122948,
                        "Actual Loops": 1,
                        "Output": [
                            "cn.name",
                            "mi_idx.info",
                            "mi_idx.info_type_id",
                            "t.title"
                        ],
                        "Inner Unique": false,
                        "Merge Cond": "(cn.id = mc.company_id)",
                        "Plans": [
                            {
                                "Node Type": "Sort",
                                "Parent Relationship": "Outer",
                                "Parallel Aware": false,
                                "Startup Cost": 16616.43,
                                "Total Cost": 16931.7,
                                "Plan Rows": 126107,
                                "Plan Width": 23,
                                "Actual Startup Time": 76.015,
                                "Actual Total Time": 83.911,
                                "Actual Rows": 38788,
                                "Actual Loops": 1,
                                "Output": [
                                    "cn.name",
                                    "cn.id"
                                ],
                                "Sort Key": [
                                    "cn.id"
                                ],
                                "Sort Method": "quicksort",
                                "Sort Space Used": 12078,
                                "Sort Space Type": "Memory",
                                "Plans": [
                                    {
                                        "Node Type": "Seq Scan",
                                        "Parent Relationship": "Outer",
                                        "Parallel Aware": false,
                                        "Relation Name": "company_name",
                                        "Schema": "public",
                                        "Alias": "cn",
                                        "Startup Cost": 0.0,
                                        "Total Cost": 5932.46,
                                        "Plan Rows": 126107,
                                        "Plan Width": 23,
                                        "Actual Startup Time": 0.018,
                                        "Actual Total Time": 38.827,
                                        "Actual Rows": 126230,
                                        "Actual Loops": 1,
                                        "Output": [
                                            "cn.name",
                                            "cn.id"
                                        ],
                                        "Filter": "((cn.country_code)::text <> '[us]'::text)",
                                        "Rows Removed by Filter": 108767
                                    }
                                ]
                            },
                            {
                                "Node Type": "Sort",
                                "Parent Relationship": "Inner",
                                "Parallel Aware": false,
                                "Startup Cost": 50005172490.74,
                                "Total Cost": 50005172490.74,
                                "Plan Rows": 1,
                                "Plan Width": 30,
                                "Actual Startup Time": 20086.361,
                                "Actual Total Time": 20125.57,
                                "Actual Rows": 130376,
                                "Actual Loops": 1,
                                "Output": [
                                    "mc.company_id",
                                    "mi_idx.info",
                                    "mi_idx.info_type_id",
                                    "t.title"
                                ],
                                "Sort Key": [
                                    "mc.company_id"
                                ],
                                "Sort Method": "quicksort",
                                "Sort Space Used": 13642,
                                "Sort Space Type": "Memory",
                                "Plans": [
                                    {
                                        "Node Type": "Nested Loop",
                                        "Parent Relationship": "Outer",
                                        "Parallel Aware": false,
                                        "Join Type": "Inner",
                                        "Startup Cost": 50005166661.31,
                                        "Total Cost": 50005172490.73,
                                        "Plan Rows": 1,
                                        "Plan Width": 30,
                                        "Actual Startup Time": 19376.235,
                                        "Actual Total Time": 20035.979,
                                        "Actual Rows": 130376,
                                        "Actual Loops": 1,
                                        "Output": [
                                            "mc.company_id",
                                            "mi_idx.info",
                                            "mi_idx.info_type_id",
                                            "t.title"
                                        ],
                                        "Inner Unique": true,
                                        "Plans": [
                                            {
                                                "Node Type": "Hash Join",
                                                "Parent Relationship": "Outer",
                                                "Parallel Aware": false,
                                                "Join Type": "Inner",
                                                "Startup Cost": 40005166661.18,
                                                "Total Cost": 40005172484.97,
                                                "Plan Rows": 1,
                                                "Plan Width": 34,
                                                "Actual Startup Time": 19376.194,
                                                "Actual Total Time": 19597.651,
                                                "Actual Rows": 130376,
                                                "Actual Loops": 1,
                                                "Output": [
                                                    "mc.company_type_id",
                                                    "mc.company_id",
                                                    "mi_idx.info",
                                                    "mi_idx.info_type_id",
                                                    "t.title"
                                                ],
                                                "Inner Unique": false,
                                                "Hash Cond": "(t.id = mc.movie_id)",
                                                "Plans": [
                                                    {
                                                        "Node Type": "Merge Join",
                                                        "Parent Relationship": "Outer",
                                                        "Parallel Aware": false,
                                                        "Join Type": "Inner",
                                                        "Startup Cost": 30005106873.53,
                                                        "Total Cost": 30005112697.3,
                                                        "Plan Rows": 1,
                                                        "Plan Width": 42,
                                                        "Actual Startup Time": 18957.722,
                                                        "Actual Total Time": 19147.839,
                                                        "Actual Rows": 19035,
                                                        "Actual Loops": 1,
                                                        "Output": [
                                                            "mi.movie_id",
                                                            "mi_idx.info",
                                                            "mi_idx.movie_id",
                                                            "mi_idx.info_type_id",
                                                            "mk.movie_id",
                                                            "t.title",
                                                            "t.id"
                                                        ],
                                                        "Inner Unique": false,
                                                        "Merge Cond": "(k.id = mk.keyword_id)",
                                                        "Plans": [
                                                            {
                                                                "Node Type": "Index Scan",
                                                                "Parent Relationship": "Outer",
                                                                "Parallel Aware": false,
                                                                "Scan Direction": "Forward",
                                                                "Index Name": "keyword_pkey",
                                                                "Relation Name": "keyword",
                                                                "Schema": "public",
                                                                "Alias": "k",
                                                                "Startup Cost": 0.42,
                                                                "Total Cost": 5678.35,
                                                                "Plan Rows": 4,
                                                                "Plan Width": 4,
                                                                "Actual Startup Time": 0.195,
                                                                "Actual Total Time": 47.321,
                                                                "Actual Rows": 3,
                                                                "Actual Loops": 1,
                                                                "Output": [
                                                                    "k.id",
                                                                    "k.keyword",
                                                                    "k.phonetic_code"
                                                                ],
                                                                "Filter": "(k.keyword = ANY ('{murder,murder-in-title,blood,violence}'::text[]))",
                                                                "Rows Removed by Filter": 134167
                                                            },
                                                            {
                                                                "Node Type": "Sort",
                                                                "Parent Relationship": "Inner",
                                                                "Parallel Aware": false,
                                                                "Startup Cost": 30005106873.11,
                                                                "Total Cost": 30005106946.02,
                                                                "Plan Rows": 29165,
                                                                "Plan Width": 46,
                                                                "Actual Startup Time": 18930.033,
                                                                "Actual Total Time": 19041.999,
                                                                "Actual Rows": 379672,
                                                                "Actual Loops": 1,
                                                                "Output": [
                                                                    "mi.movie_id",
                                                                    "mi_idx.info",
                                                                    "mi_idx.movie_id",
                                                                    "mi_idx.info_type_id",
                                                                    "mk.movie_id",
                                                                    "mk.keyword_id",
                                                                    "t.title",
                                                                    "t.id"
                                                                ],
                                                                "Sort Key": [
                                                                    "mk.keyword_id"
                                                                ],
                                                                "Sort Method": "quicksort",
                                                                "Sort Space Used": 319864,
                                                                "Sort Space Type": "Memory",
                                                                "Plans": [
                                                                    {
                                                                        "Node Type": "Merge Join",
                                                                        "Parent Relationship": "Outer",
                                                                        "Parallel Aware": false,
                                                                        "Join Type": "Inner",
                                                                        "Startup Cost": 30005103896.08,
                                                                        "Total Cost": 30005104710.24,
                                                                        "Plan Rows": 29165,
                                                                        "Plan Width": 46,
                                                                        "Actual Startup Time": 17849.992,
                                                                        "Actual Total Time": 18317.934,
                                                                        "Actual Rows": 2128731,
                                                                        "Actual Loops": 1,
                                                                        "Output": [
                                                                            "mi.movie_id",
                                                                            "mi_idx.info",
                                                                            "mi_idx.movie_id",
                                                                            "mi_idx.info_type_id",
                                                                            "mk.movie_id",
                                                                            "mk.keyword_id",
                                                                            "t.title",
                                                                            "t.id"
                                                                        ],
                                                                        "Inner Unique": true,
                                                                        "Merge Cond": "(t.kind_id = kt.id)",
                                                                        "Plans": [
                                                                            {
                                                                                "Node Type": "Sort",
                                                                                "Parent Relationship": "Outer",
                                                                                "Parallel Aware": false,
                                                                                "Startup Cost": 30005103895.95,
                                                                                "Total Cost": 30005104151.14,
                                                                                "Plan Rows": 102076,
                                                                                "Plan Width": 50,
                                                                                "Actual Startup Time": 17849.948,
                                                                                "Actual Total Time": 17968.404,
                                                                                "Actual Rows": 2766862,
                                                                                "Actual Loops": 1,
                                                                                "Output": [
                                                                                    "mi.movie_id",
                                                                                    "mi_idx.info",
                                                                                    "mi_idx.movie_id",
                                                                                    "mi_idx.info_type_id",
                                                                                    "mk.movie_id",
                                                                                    "mk.keyword_id",
                                                                                    "t.title",
                                                                                    "t.kind_id",
                                                                                    "t.id"
                                                                                ],
                                                                                "Sort Key": [
                                                                                    "t.kind_id"
                                                                                ],
                                                                                "Sort Method": "quicksort",
                                                                                "Sort Space Used": 428808,
                                                                                "Sort Space Type": "Memory",
                                                                                "Plans": [
                                                                                    {
                                                                                        "Node Type": "Merge Join",
                                                                                        "Parent Relationship": "Outer",
                                                                                        "Parallel Aware": false,
                                                                                        "Join Type": "Inner",
                                                                                        "Startup Cost": 30004973151.73,
                                                                                        "Total Cost": 30005095403.59,
                                                                                        "Plan Rows": 102076,
                                                                                        "Plan Width": 50,
                                                                                        "Actual Startup Time": 14879.455,
                                                                                        "Actual Total Time": 17206.796,
                                                                                        "Actual Rows": 2766862,
                                                                                        "Actual Loops": 1,
                                                                                        "Output": [
                                                                                            "mi.movie_id",
                                                                                            "mi_idx.info",
                                                                                            "mi_idx.movie_id",
                                                                                            "mi_idx.info_type_id",
                                                                                            "mk.movie_id",
                                                                                            "mk.keyword_id",
                                                                                            "t.title",
                                                                                            "t.kind_id",
                                                                                            "t.id"
                                                                                        ],
                                                                                        "Inner Unique": true,
                                                                                        "Merge Cond": "(mi.movie_id = t.id)",
                                                                                        "Plans": [
                                                                                            {
                                                                                                "Node Type": "Sort",
                                                                                                "Parent Relationship": "Outer",
                                                                                                "Parallel Aware": false,
                                                                                                "Startup Cost": 20004973148.15,
                                                                                                "Total Cost": 20004973570.15,
                                                                                                "Plan Rows": 168798,
                                                                                                "Plan Width": 25,
                                                                                                "Actual Startup Time": 14879.4,
                                                                                                "Actual Total Time": 15163.711,
                                                                                                "Actual Rows": 5813237,
                                                                                                "Actual Loops": 1,
                                                                                                "Output": [
                                                                                                    "mi.movie_id",
                                                                                                    "mi_idx.info",
                                                                                                    "mi_idx.movie_id",
                                                                                                    "mi_idx.info_type_id",
                                                                                                    "mk.movie_id",
                                                                                                    "mk.keyword_id"
                                                                                                ],
                                                                                                "Sort Key": [
                                                                                                    "mi.movie_id"
                                                                                                ],
                                                                                                "Sort Method": "quicksort",
                                                                                                "Sort Space Used": 650768,
                                                                                                "Sort Space Type": "Memory",
                                                                                                "Plans": [
                                                                                                    {
                                                                                                        "Node Type": "Hash Join",
                                                                                                        "Parent Relationship": "Outer",
                                                                                                        "Parallel Aware": false,
                                                                                                        "Join Type": "Inner",
                                                                                                        "Startup Cost": 20004082976.47,
                                                                                                        "Total Cost": 20004958492.32,
                                                                                                        "Plan Rows": 168798,
                                                                                                        "Plan Width": 25,
                                                                                                        "Actual Startup Time": 12429.476,
                                                                                                        "Actual Total Time": 13579.433,
                                                                                                        "Actual Rows": 5813237,
                                                                                                        "Actual Loops": 1,
                                                                                                        "Output": [
                                                                                                            "mi.movie_id",
                                                                                                            "mi_idx.info",
                                                                                                            "mi_idx.movie_id",
                                                                                                            "mi_idx.info_type_id",
                                                                                                            "mk.movie_id",
                                                                                                            "mk.keyword_id"
                                                                                                        ],
                                                                                                        "Inner Unique": false,
                                                                                                        "Hash Cond": "(mi_idx.movie_id = mi.movie_id)",
                                                                                                        "Plans": [
                                                                                                            {
                                                                                                                "Node Type": "Seq Scan",
                                                                                                                "Parent Relationship": "Outer",
                                                                                                                "Parallel Aware": false,
                                                                                                                "Relation Name": "movie_info_idx",
                                                                                                                "Schema": "public",
                                                                                                                "Alias": "mi_idx",
                                                                                                                "Startup Cost": 10000000000.0,
                                                                                                                "Total Cost": 10000025185.44,
                                                                                                                "Plan Rows": 1172563,
                                                                                                                "Plan Width": 13,
                                                                                                                "Actual Startup Time": 0.016,
                                                                                                                "Actual Total Time": 225.938,
                                                                                                                "Actual Rows": 1172960,
                                                                                                                "Actual Loops": 1,
                                                                                                                "Output": [
                                                                                                                    "mi_idx.id",
                                                                                                                    "mi_idx.movie_id",
                                                                                                                    "mi_idx.info_type_id",
                                                                                                                    "mi_idx.info",
                                                                                                                    "mi_idx.note"
                                                                                                                ],
                                                                                                                "Filter": "(mi_idx.info < '7.0'::text)",
                                                                                                                "Rows Removed by Filter": 207075
                                                                                                            },
                                                                                                            {
                                                                                                                "Node Type": "Hash",
                                                                                                                "Parent Relationship": "Inner",
                                                                                                                "Parallel Aware": false,
                                                                                                                "Startup Cost": 10004082098.64,
                                                                                                                "Total Cost": 10004082098.64,
                                                                                                                "Plan Rows": 70226,
                                                                                                                "Plan Width": 12,
                                                                                                                "Actual Startup Time": 12429.334,
                                                                                                                "Actual Total Time": 12429.34,
                                                                                                                "Actual Rows": 2786897,
                                                                                                                "Actual Loops": 1,
                                                                                                                "Output": [
                                                                                                                    "mi.movie_id",
                                                                                                                    "mk.movie_id",
                                                                                                                    "mk.keyword_id"
                                                                                                                ],
                                                                                                                "Hash Buckets": 4194304,
                                                                                                                "Original Hash Buckets": 131072,
                                                                                                                "Hash Batches": 1,
                                                                                                                "Original Hash Batches": 1,
                                                                                                                "Peak Memory Usage": 152518,
                                                                                                                "Plans": [
                                                                                                                    {
                                                                                                                        "Node Type": "Merge Join",
                                                                                                                        "Parent Relationship": "Outer",
                                                                                                                        "Parallel Aware": false,
                                                                                                                        "Join Type": "Inner",
                                                                                                                        "Startup Cost": 10000000669.44,
                                                                                                                        "Total Cost": 10004082098.64,
                                                                                                                        "Plan Rows": 70226,
                                                                                                                        "Plan Width": 12,
                                                                                                                        "Actual Startup Time": 0.098,
                                                                                                                        "Actual Total Time": 11864.237,
                                                                                                                        "Actual Rows": 2786897,
                                                                                                                        "Actual Loops": 1,
                                                                                                                        "Output": [
                                                                                                                            "mi.movie_id",
                                                                                                                            "mk.movie_id",
                                                                                                                            "mk.keyword_id"
                                                                                                                        ],
                                                                                                                        "Inner Unique": false,
                                                                                                                        "Merge Cond": "(mi.movie_id = mk.movie_id)",
                                                                                                                        "Plans": [
                                                                                                                            {
                                                                                                                                "Node Type": "Nested Loop",
                                                                                                                                "Parent Relationship": "Outer",
                                                                                                                                "Parallel Aware": false,
                                                                                                                                "Join Type": "Inner",
                                                                                                                                "Startup Cost": 10000000000.59,
                                                                                                                                "Total Cost": 10003894899.81,
                                                                                                                                "Plan Rows": 5827,
                                                                                                                                "Plan Width": 4,
                                                                                                                                "Actual Startup Time": 0.079,
                                                                                                                                "Actual Total Time": 10376.089,
                                                                                                                                "Actual Rows": 588764,
                                                                                                                                "Actual Loops": 1,
                                                                                                                                "Output": [
                                                                                                                                    "mi.movie_id"
                                                                                                                                ],
                                                                                                                                "Inner Unique": true,
                                                                                                                                "Plans": [
                                                                                                                                    {
                                                                                                                                        "Node Type": "Index Scan",
                                                                                                                                        "Parent Relationship": "Outer",
                                                                                                                                        "Parallel Aware": false,
                                                                                                                                        "Scan Direction": "Forward",
                                                                                                                                        "Index Name": "movie_id_movie_info",
                                                                                                                                        "Relation Name": "movie_info",
                                                                                                                                        "Schema": "public",
                                                                                                                                        "Alias": "mi",
                                                                                                                                        "Startup Cost": 0.43,
                                                                                                                                        "Total Cost": 1152203.85,
                                                                                                                                        "Plan Rows": 658455,
                                                                                                                                        "Plan Width": 8,
                                                                                                                                        "Actual Startup Time": 0.058,
                                                                                                                                        "Actual Total Time": 7014.177,
                                                                                                                                        "Actual Rows": 669336,
                                                                                                                                        "Actual Loops": 1,
                                                                                                                                        "Output": [
                                                                                                                                            "mi.id",
                                                                                                                                            "mi.movie_id",
                                                                                                                                            "mi.info_type_id",
                                                                                                                                            "mi.info",
                                                                                                                                            "mi.note"
                                                                                                                                        ],
                                                                                                                                        "Filter": "(mi.info = ANY ('{Germany,German,USA,American}'::text[]))",
                                                                                                                                        "Rows Removed by Filter": 14166384
                                                                                                                                    },
                                                                                                                                    {
                                                                                                                                        "Node Type": "Bitmap Heap Scan",
                                                                                                                                        "Parent Relationship": "Inner",
                                                                                                                                        "Parallel Aware": false,
                                                                                                                                        "Relation Name": "info_type",
                                                                                                                                        "Schema": "public",
                                                                                                                                        "Alias": "it1",
                                                                                                                                        "Startup Cost": 0.15,
                                                                                                                                        "Total Cost": 4.17,
                                                                                                                                        "Plan Rows": 1,
                                                                                                                                        "Plan Width": 4,
                                                                                                                                        "Actual Startup Time": 0.003,
                                                                                                                                        "Actual Total Time": 0.003,
                                                                                                                                        "Actual Rows": 1,
                                                                                                                                        "Actual Loops": 669336,
                                                                                                                                        "Output": [
                                                                                                                                            "it1.id",
                                                                                                                                            "it1.info"
                                                                                                                                        ],
                                                                                                                                        "Recheck Cond": "(it1.id = mi.info_type_id)",
                                                                                                                                        "Rows Removed by Index Recheck": 0,
                                                                                                                                        "Filter": "((it1.info)::text = 'countries'::text)",
                                                                                                                                        "Rows Removed by Filter": 0,
                                                                                                                                        "Exact Heap Blocks": 669336,
                                                                                                                                        "Lossy Heap Blocks": 0,
                                                                                                                                        "Plans": [
                                                                                                                                            {
                                                                                                                                                "Node Type": "Bitmap Index Scan",
                                                                                                                                                "Parent Relationship": "Outer",
                                                                                                                                                "Parallel Aware": false,
                                                                                                                                                "Index Name": "info_type_pkey",
                                                                                                                                                "Startup Cost": 0.0,
                                                                                                                                                "Total Cost": 0.15,
                                                                                                                                                "Plan Rows": 1,
                                                                                                                                                "Plan Width": 0,
                                                                                                                                                "Actual Startup Time": 0.001,
                                                                                                                                                "Actual Total Time": 0.001,
                                                                                                                                                "Actual Rows": 1,
                                                                                                                                                "Actual Loops": 669336,
                                                                                                                                                "Index Cond": "(it1.id = mi.info_type_id)"
                                                                                                                                            }
                                                                                                                                        ]
                                                                                                                                    }
                                                                                                                                ]
                                                                                                                            },
                                                                                                                            {
                                                                                                                                "Node Type": "Index Scan",
                                                                                                                                "Parent Relationship": "Inner",
                                                                                                                                "Parallel Aware": false,
                                                                                                                                "Scan Direction": "Forward",
                                                                                                                                "Index Name": "movie_id_movie_keyword",
                                                                                                                                "Relation Name": "movie_keyword",
                                                                                                                                "Schema": "public",
                                                                                                                                "Alias": "mk",
                                                                                                                                "Startup Cost": 0.43,
                                                                                                                                "Total Cost": 177177.46,
                                                                                                                                "Plan Rows": 4523930,
                                                                                                                                "Plan Width": 8,
                                                                                                                                "Actual Startup Time": 0.015,
                                                                                                                                "Actual Total Time": 791.071,
                                                                                                                                "Actual Rows": 4605983,
                                                                                                                                "Actual Loops": 1,
                                                                                                                                "Output": [
                                                                                                                                    "mk.id",
                                                                                                                                    "mk.movie_id",
                                                                                                                                    "mk.keyword_id"
                                                                                                                                ]
                                                                                                                            }
                                                                                                                        ]
                                                                                                                    }
                                                                                                                ]
                                                                                                            }
                                                                                                        ]
                                                                                                    }
                                                                                                ]
                                                                                            },
                                                                                            {
                                                                                                "Node Type": "Index Scan",
                                                                                                "Parent Relationship": "Inner",
                                                                                                "Parallel Aware": false,
                                                                                                "Scan Direction": "Forward",
                                                                                                "Index Name": "title_pkey",
                                                                                                "Relation Name": "title",
                                                                                                "Schema": "public",
                                                                                                "Alias": "t",
                                                                                                "Startup Cost": 10000000000.43,
                                                                                                "Total Cost": 10000116662.9,
                                                                                                "Plan Rows": 1528941,
                                                                                                "Plan Width": 25,
                                                                                                "Actual Startup Time": 0.046,
                                                                                                "Actual Total Time": 1432.907,
                                                                                                "Actual Rows": 1531155,
                                                                                                "Actual Loops": 1,
                                                                                                "Output": [
                                                                                                    "t.id",
                                                                                                    "t.title",
                                                                                                    "t.imdb_index",
                                                                                                    "t.kind_id",
                                                                                                    "t.production_year",
                                                                                                    "t.imdb_id",
                                                                                                    "t.phonetic_code",
                                                                                                    "t.episode_of_id",
                                                                                                    "t.season_nr",
                                                                                                    "t.episode_nr",
                                                                                                    "t.series_years",
                                                                                                    "t.md5sum"
                                                                                                ],
                                                                                                "Filter": "(t.production_year > 1997)",
                                                                                                "Rows Removed by Filter": 994508
                                                                                            }
                                                                                        ]
                                                                                    }
                                                                                ]
                                                                            },
                                                                            {
                                                                                "Node Type": "Index Scan",
                                                                                "Parent Relationship": "Inner",
                                                                                "Parallel Aware": false,
                                                                                "Scan Direction": "Forward",
                                                                                "Index Name": "kind_type_pkey",
                                                                                "Relation Name": "kind_type",
                                                                                "Schema": "public",
                                                                                "Alias": "kt",
                                                                                "Startup Cost": 0.13,
                                                                                "Total Cost": 12.26,
                                                                                "Plan Rows": 2,
                                                                                "Plan Width": 4,
                                                                                "Actual Startup Time": 0.036,
                                                                                "Actual Total Time": 0.055,
                                                                                "Actual Rows": 2,
                                                                                "Actual Loops": 1,
                                                                                "Output": [
                                                                                    "kt.id",
                                                                                    "kt.kind"
                                                                                ],
                                                                                "Filter": "((kt.kind)::text = ANY ('{movie,episode}'::text[]))",
                                                                                "Rows Removed by Filter": 5
                                                                            }
                                                                        ]
                                                                    }
                                                                ]
                                                            }
                                                        ]
                                                    },
                                                    {
                                                        "Node Type": "Hash",
                                                        "Parent Relationship": "Inner",
                                                        "Parallel Aware": false,
                                                        "Startup Cost": 10000057926.93,
                                                        "Total Cost": 10000057926.93,
                                                        "Plan Rows": 148857,
                                                        "Plan Width": 12,
                                                        "Actual Startup Time": 418.121,
                                                        "Actual Total Time": 418.122,
                                                        "Actual Rows": 303271,
                                                        "Actual Loops": 1,
                                                        "Output": [
                                                            "mc.movie_id",
                                                            "mc.company_type_id",
                                                            "mc.company_id"
                                                        ],
                                                        "Hash Buckets": 524288,
                                                        "Original Hash Buckets": 262144,
                                                        "Hash Batches": 1,
                                                        "Original Hash Batches": 1,
                                                        "Peak Memory Usage": 17128,
                                                        "Plans": [
                                                            {
                                                                "Node Type": "Seq Scan",
                                                                "Parent Relationship": "Outer",
                                                                "Parallel Aware": false,
                                                                "Relation Name": "movie_companies",
                                                                "Schema": "public",
                                                                "Alias": "mc",
                                                                "Startup Cost": 10000000000.0,
                                                                "Total Cost": 10000057926.93,
                                                                "Plan Rows": 148857,
                                                                "Plan Width": 12,
                                                                "Actual Startup Time": 0.021,
                                                                "Actual Total Time": 363.129,
                                                                "Actual Rows": 303271,
                                                                "Actual Loops": 1,
                                                                "Output": [
                                                                    "mc.movie_id",
                                                                    "mc.company_type_id",
                                                                    "mc.company_id"
                                                                ],
                                                                "Filter": "((mc.note !~~ '%(USA)%'::text) AND (mc.note ~~ '%(200%)%'::text))",
                                                                "Rows Removed by Filter": 2305858
                                                            }
                                                        ]
                                                    }
                                                ]
                                            },
                                            {
                                                "Node Type": "Bitmap Heap Scan",
                                                "Parent Relationship": "Inner",
                                                "Parallel Aware": false,
                                                "Relation Name": "company_type",
                                                "Schema": "public",
                                                "Alias": "ct",
                                                "Startup Cost": 0.14,
                                                "Total Cost": 4.15,
                                                "Plan Rows": 1,
                                                "Plan Width": 4,
                                                "Actual Startup Time": 0.002,
                                                "Actual Total Time": 0.002,
                                                "Actual Rows": 1,
                                                "Actual Loops": 130376,
                                                "Output": [
                                                    "ct.id",
                                                    "ct.kind"
                                                ],
                                                "Recheck Cond": "(ct.id = mc.company_type_id)",
                                                "Rows Removed by Index Recheck": 0,
                                                "Exact Heap Blocks": 130376,
                                                "Lossy Heap Blocks": 0,
                                                "Plans": [
                                                    {
                                                        "Node Type": "Bitmap Index Scan",
                                                        "Parent Relationship": "Outer",
                                                        "Parallel Aware": false,
                                                        "Index Name": "company_type_pkey",
                                                        "Startup Cost": 0.0,
                                                        "Total Cost": 0.14,
                                                        "Plan Rows": 1,
                                                        "Plan Width": 0,
                                                        "Actual Startup Time": 0.001,
                                                        "Actual Total Time": 0.001,
                                                        "Actual Rows": 1,
                                                        "Actual Loops": 130376,
                                                        "Index Cond": "(ct.id = mc.company_type_id)"
                                                    }
                                                ]
                                            }
                                        ]
                                    }
                                ]
                            }
                        ]
                    },
                    {
                        "Node Type": "Bitmap Heap Scan",
                        "Parent Relationship": "Inner",
                        "Parallel Aware": false,
                        "Relation Name": "info_type",
                        "Schema": "public",
                        "Alias": "it2",
                        "Startup Cost": 0.15,
                        "Total Cost": 4.17,
                        "Plan Rows": 1,
                        "Plan Width": 4,
                        "Actual Startup Time": 0.002,
                        "Actual Total Time": 0.002,
                        "Actual Rows": 0,
                        "Actual Loops": 122948,
                        "Output": [
                            "it2.id",
                            "it2.info"
                        ],
                        "Recheck Cond": "(it2.id = mi_idx.info_type_id)",
                        "Rows Removed by Index Recheck": 0,
                        "Filter": "((it2.info)::text = 'rating'::text)",
                        "Rows Removed by Filter": 1,
                        "Exact Heap Blocks": 122948,
                        "Lossy Heap Blocks": 0,
                        "Plans": [
                            {
                                "Node Type": "Bitmap Index Scan",
                                "Parent Relationship": "Outer",
                                "Parallel Aware": false,
                                "Index Name": "info_type_pkey",
                                "Startup Cost": 0.0,
                                "Total Cost": 0.15,
                                "Plan Rows": 1,
                                "Plan Width": 0,
                                "Actual Startup Time": 0.001,
                                "Actual Total Time": 0.001,
                                "Actual Rows": 1,
                                "Actual Loops": 122948,
                                "Index Cond": "(it2.id = mi_idx.info_type_id)"
                            }
                        ]
                    }
                ]
            }
        ]
    },
    "Planning Time": 27.282,
    "Triggers": [],
    "Execution Time": 20703.694
}