[
  {
    "Plan": {
      "Node Type": "Aggregate",
      "Strategy": "Plain",
      "Partial Mode": "Finalize",
      "Parallel Aware": false,
      "Startup Cost": 88732.02,
      "Total Cost": 88732.03,
      "Plan Rows": 1,
      "Plan Width": 8,
      "Actual Startup Time": 265.817,
      "Actual Total Time": 291.479,
      "Actual Rows": 1,
      "Actual Loops": 1,
      "Plans": [
        {
          "Node Type": "Gather",
          "Parent Relationship": "Outer",
          "Parallel Aware": false,
          "Startup Cost": 88731.7,
          "Total Cost": 88732.01,
          "Plan Rows": 3,
          "Plan Width": 8,
          "Actual Startup Time": 263.09,
          "Actual Total Time": 291.466,
          "Actual Rows": 4,
          "Actual Loops": 1,
          "Workers Planned": 3,
          "Workers Launched": 3,
          "Single Copy": false,
          "Plans": [
            {
              "Node Type": "Aggregate",
              "Strategy": "Plain",
              "Partial Mode": "Partial",
              "Parent Relationship": "Outer",
              "Parallel Aware": false,
              "Startup Cost": 87731.7,
              "Total Cost": 87731.71,
              "Plan Rows": 1,
              "Plan Width": 8,
              "Actual Startup Time": 253.269,
              "Actual Total Time": 253.276,
              "Actual Rows": 1,
              "Actual Loops": 4,
              "Plans": [
                {
                  "Node Type": "Nested Loop",
                  "Parent Relationship": "Outer",
                  "Parallel Aware": false,
                  "Join Type": "Inner",
                  "Startup Cost": 47839.53,
                  "Total Cost": 87635.97,
                  "Plan Rows": 38293,
                  "Plan Width": 0,
                  "Actual Startup Time": 179.736,
                  "Actual Total Time": 251.736,
                  "Actual Rows": 15030,
                  "Actual Loops": 4,
                  "Inner Unique": false,
                  "Plans": [
                    {
                      "Node Type": "Hash Join",
                      "Parent Relationship": "Outer",
                      "Parallel Aware": true,
                      "Join Type": "Inner",
                      "Startup Cost": 47838.97,
                      "Total Cost": 72567.4,
                      "Plan Rows": 2671,
                      "Plan Width": 8,
                      "Actual Startup Time": 179.581,
                      "Actual Total Time": 202.759,
                      "Actual Rows": 1310,
                      "Actual Loops": 4,
                      "Inner Unique": true,
                      "Hash Cond": "(mk.movie_id = t.id)",
                      "Plans": [
                        {
                          "Node Type": "Bitmap Heap Scan",
                          "Parent Relationship": "Outer",
                          "Parallel Aware": true,
                          "Relation Name": "movie_keyword",
                          "Alias": "mk",
                          "Startup Cost": 1196.35,
                          "Total Cost": 25877.16,
                          "Plan Rows": 18145,
                          "Plan Width": 4,
                          "Actual Startup Time": 9.682,
                          "Actual Total Time": 25.381,
                          "Actual Rows": 14612,
                          "Actual Loops": 4,
                          "Recheck Cond": "(keyword_id = 16264)",
                          "Rows Removed by Index Recheck": 0,
                          "Exact Heap Blocks": 5451,
                          "Lossy Heap Blocks": 0,
                          "Plans": [
                            {
                              "Node Type": "Bitmap Index Scan",
                              "Parent Relationship": "Outer",
                              "Parallel Aware": false,
                              "Index Name": "keyword_id_movie_keyword",
                              "Startup Cost": 0.0,
                              "Total Cost": 1182.29,
                              "Plan Rows": 56248,
                              "Plan Width": 0,
                              "Actual Startup Time": 6.945,
                              "Actual Total Time": 6.946,
                              "Actual Rows": 58448,
                              "Actual Loops": 1,
                              "Index Cond": "(keyword_id = 16264)"
                            }
                          ]
                        },
                        {
                          "Node Type": "Hash",
                          "Parent Relationship": "Inner",
                          "Parallel Aware": true,
                          "Startup Cost": 45479.59,
                          "Total Cost": 45479.59,
                          "Plan Rows": 93042,
                          "Plan Width": 4,
                          "Actual Startup Time": 165.584,
                          "Actual Total Time": 165.585,
                          "Actual Rows": 95891,
                          "Actual Loops": 4,
                          "Hash Buckets": 524288,
                          "Original Hash Buckets": 524288,
                          "Hash Batches": 1,
                          "Original Hash Batches": 1,
                          "Peak Memory Usage": 19168,
                          "Plans": [
                            {
                              "Node Type": "Seq Scan",
                              "Parent Relationship": "Outer",
                              "Parallel Aware": true,
                              "Relation Name": "title",
                              "Alias": "t",
                              "Startup Cost": 0.0,
                              "Total Cost": 45479.59,
                              "Plan Rows": 93042,
                              "Plan Width": 4,
                              "Actual Startup Time": 0.044,
                              "Actual Total Time": 123.038,
                              "Actual Rows": 95891,
                              "Actual Loops": 4,
                              "Filter": "((kind_id > 2) AND (production_year > 2009))",
                              "Rows Removed by Filter": 536187
                            }
                          ]
                        }
                      ]
                    },
                    {
                      "Node Type": "Index Only Scan",
                      "Parent Relationship": "Inner",
                      "Parallel Aware": false,
                      "Scan Direction": "Forward",
                      "Index Name": "movie_id_cast_info",
                      "Relation Name": "cast_info",
                      "Alias": "ci",
                      "Startup Cost": 0.56,
                      "Total Cost": 5.29,
                      "Plan Rows": 35,
                      "Plan Width": 4,
                      "Actual Startup Time": 0.01,
                      "Actual Total Time": 0.035,
                      "Actual Rows": 11,
                      "Actual Loops": 5238,
                      "Index Cond": "(movie_id = t.id)",
                      "Rows Removed by Index Recheck": 0,
                      "Heap Fetches": 60121
                    }
                  ]
                }
              ]
            }
          ]
        }
      ]
    },
    "Planning Time": 1.394,
    "Triggers": [],
    "Execution Time": 291.588
  }
]