[
    {
        "Bao": {
            "Bao prediction": 442.127,
            "Bao recommended hint": "(no hint)"
        }
    },
    {
        "Plan": {
            "Node Type": "Aggregate",
            "Strategy": "Plain",
            "Partial Mode": "Finalize",
            "Parallel Aware": false,
            "Startup Cost": 30704.02,
            "Total Cost": 30704.03,
            "Plan Rows": 1,
            "Plan Width": 8,
            "Actual Startup Time": 107.224,
            "Actual Total Time": 114.961,
            "Actual Rows": 1,
            "Actual Loops": 1,
            "Output": [
                "count(*)"
            ],
            "Plans": [
                {
                    "Node Type": "Gather",
                    "Parent Relationship": "Outer",
                    "Parallel Aware": false,
                    "Startup Cost": 30703.7,
                    "Total Cost": 30704.01,
                    "Plan Rows": 3,
                    "Plan Width": 8,
                    "Actual Startup Time": 107.128,
                    "Actual Total Time": 114.953,
                    "Actual Rows": 4,
                    "Actual Loops": 1,
                    "Output": [
                        "(PARTIAL count(*))"
                    ],
                    "Workers Planned": 3,
                    "Workers Launched": 3,
                    "Single Copy": false,
                    "Plans": [
                        {
                            "Node Type": "Aggregate",
                            "Strategy": "Plain",
                            "Partial Mode": "Partial",
                            "Parent Relationship": "Outer",
                            "Parallel Aware": false,
                            "Startup Cost": 29703.7,
                            "Total Cost": 29703.71,
                            "Plan Rows": 1,
                            "Plan Width": 8,
                            "Actual Startup Time": 99.419,
                            "Actual Total Time": 99.421,
                            "Actual Rows": 1,
                            "Actual Loops": 4,
                            "Output": [
                                "PARTIAL count(*)"
                            ],
                            "Workers": [
                                {
                                    "Worker Number": 0,
                                    "Actual Startup Time": 96.803,
                                    "Actual Total Time": 96.804,
                                    "Actual Rows": 1,
                                    "Actual Loops": 1
                                },
                                {
                                    "Worker Number": 1,
                                    "Actual Startup Time": 97.138,
                                    "Actual Total Time": 97.139,
                                    "Actual Rows": 1,
                                    "Actual Loops": 1
                                },
                                {
                                    "Worker Number": 2,
                                    "Actual Startup Time": 97.173,
                                    "Actual Total Time": 97.174,
                                    "Actual Rows": 1,
                                    "Actual Loops": 1
                                }
                            ],
                            "Plans": [
                                {
                                    "Node Type": "Seq Scan",
                                    "Parent Relationship": "Outer",
                                    "Parallel Aware": true,
                                    "Relation Name": "movie_companies",
                                    "Schema": "public",
                                    "Alias": "mc",
                                    "Startup Cost": 0.0,
                                    "Total Cost": 29310.68,
                                    "Plan Rows": 157208,
                                    "Plan Width": 0,
                                    "Actual Startup Time": 49.801,
                                    "Actual Total Time": 90.971,
                                    "Actual Rows": 122151,
                                    "Actual Loops": 4,
                                    "Output": [
                                        "id",
                                        "movie_id",
                                        "company_id",
                                        "company_type_id",
                                        "note"
                                    ],
                                    "Filter": "(mc.company_id > 74784)",
                                    "Rows Removed by Filter": 530131,
                                    "Workers": [
                                        {
                                            "Worker Number": 0,
                                            "Actual Startup Time": 47.186,
                                            "Actual Total Time": 88.857,
                                            "Actual Rows": 114849,
                                            "Actual Loops": 1
                                        },
                                        {
                                            "Worker Number": 1,
                                            "Actual Startup Time": 47.508,
                                            "Actual Total Time": 89.023,
                                            "Actual Rows": 116866,
                                            "Actual Loops": 1
                                        },
                                        {
                                            "Worker Number": 2,
                                            "Actual Startup Time": 47.57,
                                            "Actual Total Time": 89.236,
                                            "Actual Rows": 114698,
                                            "Actual Loops": 1
                                        }
                                    ]
                                }
                            ]
                        }
                    ]
                }
            ]
        },
        "Planning Time": 1535.028,
        "Triggers": [],
        "Execution Time": 115.089
    }
]