[
  {
    "Plan": {
      "Node Type": "Aggregate",
      "Strategy": "Plain",
      "Partial Mode": "Finalize",
      "Parallel Aware": false,
      "Startup Cost": 343763.93,
      "Total Cost": 343763.94,
      "Plan Rows": 1,
      "Plan Width": 8,
      "Actual Startup Time": 988.018,
      "Actual Total Time": 1035.442,
      "Actual Rows": 1,
      "Actual Loops": 1,
      "Plans": [
        {
          "Node Type": "Gather",
          "Parent Relationship": "Outer",
          "Parallel Aware": false,
          "Startup Cost": 343763.3,
          "Total Cost": 343763.91,
          "Plan Rows": 6,
          "Plan Width": 8,
          "Actual Startup Time": 987.823,
          "Actual Total Time": 1035.426,
          "Actual Rows": 7,
          "Actual Loops": 1,
          "Workers Planned": 6,
          "Workers Launched": 6,
          "Single Copy": false,
          "Plans": [
            {
              "Node Type": "Aggregate",
              "Strategy": "Plain",
              "Partial Mode": "Partial",
              "Parent Relationship": "Outer",
              "Parallel Aware": false,
              "Startup Cost": 342763.3,
              "Total Cost": 342763.31,
              "Plan Rows": 1,
              "Plan Width": 8,
              "Actual Startup Time": 979.88,
              "Actual Total Time": 979.881,
              "Actual Rows": 1,
              "Actual Loops": 7,
              "Plans": [
                {
                  "Node Type": "Seq Scan",
                  "Parent Relationship": "Outer",
                  "Parallel Aware": true,
                  "Relation Name": "cast_info",
                  "Alias": "ci",
                  "Startup Cost": 0.0,
                  "Total Cost": 328211.39,
                  "Plan Rows": 5820765,
                  "Plan Width": 0,
                  "Actual Startup Time": 0.052,
                  "Actual Total Time": 711.677,
                  "Actual Rows": 4998163,
                  "Actual Loops": 7,
                  "Filter": "(person_id < 3818350)",
                  "Rows Removed by Filter": 179600
                }
              ]
            }
          ]
        }
      ]
    },
    "Planning Time": 0.08,
    "Triggers": [],
    "Execution Time": 1035.482
  }
]