[
  {
    "Plan": {
      "Node Type": "Aggregate",
      "Strategy": "Plain",
      "Partial Mode": "Finalize",
      "Parallel Aware": false,
      "Startup Cost": 47205.37,
      "Total Cost": 47205.38,
      "Plan Rows": 1,
      "Plan Width": 8,
      "Actual Startup Time": 210.659,
      "Actual Total Time": 223.216,
      "Actual Rows": 1,
      "Actual Loops": 1,
      "Plans": [
        {
          "Node Type": "Gather",
          "Parent Relationship": "Outer",
          "Parallel Aware": false,
          "Startup Cost": 47205.05,
          "Total Cost": 47205.36,
          "Plan Rows": 3,
          "Plan Width": 8,
          "Actual Startup Time": 210.264,
          "Actual Total Time": 223.194,
          "Actual Rows": 4,
          "Actual Loops": 1,
          "Workers Planned": 3,
          "Workers Launched": 3,
          "Single Copy": false,
          "Plans": [
            {
              "Node Type": "Aggregate",
              "Strategy": "Plain",
              "Partial Mode": "Partial",
              "Parent Relationship": "Outer",
              "Parallel Aware": false,
              "Startup Cost": 46205.05,
              "Total Cost": 46205.06,
              "Plan Rows": 1,
              "Plan Width": 8,
              "Actual Startup Time": 202.913,
              "Actual Total Time": 202.916,
              "Actual Rows": 1,
              "Actual Loops": 4,
              "Plans": [
                {
                  "Node Type": "Seq Scan",
                  "Parent Relationship": "Outer",
                  "Parallel Aware": true,
                  "Relation Name": "movie_keyword",
                  "Alias": "mk",
                  "Startup Cost": 0.0,
                  "Total Cost": 42695.65,
                  "Plan Rows": 1403759,
                  "Plan Width": 0,
                  "Actual Startup Time": 0.059,
                  "Actual Total Time": 147.721,
                  "Actual Rows": 1088352,
                  "Actual Loops": 4,
                  "Filter": "(keyword_id < 72109)",
                  "Rows Removed by Filter": 42630
                }
              ]
            }
          ]
        }
      ]
    },
    "Planning Time": 0.122,
    "Triggers": [],
    "Execution Time": 223.256
  }
]