{
  "Plan": {
    "Node Type": "Aggregate",
    "Strategy": "Plain",
    "Partial Mode": "Finalize",
    "Parallel Aware": false,
    "Startup Cost": 82839.69,
    "Total Cost": 82839.7,
    "Plan Rows": 1,
    "Plan Width": 8,
    "Actual Startup Time": 390.284,
    "Actual Total Time": 401.017,
    "Actual Rows": 1,
    "Actual Loops": 1,
    "Plans": [
      {
        "Node Type": "Gather",
        "Parent Relationship": "Outer",
        "Parallel Aware": false,
        "Startup Cost": 82839.58,
        "Total Cost": 82839.69,
        "Plan Rows": 1,
        "Plan Width": 8,
        "Actual Startup Time": 389.054,
        "Actual Total Time": 401.011,
        "Actual Rows": 2,
        "Actual Loops": 1,
        "Workers Planned": 1,
        "Workers Launched": 1,
        "Single Copy": false,
        "Plans": [
          {
            "Node Type": "Aggregate",
            "Strategy": "Plain",
            "Partial Mode": "Partial",
            "Parent Relationship": "Outer",
            "Parallel Aware": false,
            "Startup Cost": 81839.58,
            "Total Cost": 81839.59,
            "Plan Rows": 1,
            "Plan Width": 8,
            "Actual Startup Time": 385.889,
            "Actual Total Time": 385.892,
            "Actual Rows": 1,
            "Actual Loops": 2,
            "Plans": [
              {
                "Node Type": "Hash Join",
                "Parent Relationship": "Outer",
                "Parallel Aware": true,
                "Join Type": "Inner",
                "Startup Cost": 62878.73,
                "Total Cost": 81672.85,
                "Plan Rows": 66692,
                "Plan Width": 0,
                "Actual Startup Time": 269.035,
                "Actual Total Time": 384.817,
                "Actual Rows": 25940,
                "Actual Loops": 2,
                "Inner Unique": true,
                "Hash Cond": "(mi_idx.movie_id = t.id)",
                "Plans": [
                  {
                    "Node Type": "Seq Scan",
                    "Parent Relationship": "Outer",
                    "Parallel Aware": true,
                    "Relation Name": "movie_info_idx",
                    "Alias": "mi_idx",
                    "Startup Cost": 0.0,
                    "Total Cost": 18082.32,
                    "Plan Rows": 271164,
                    "Plan Width": 4,
                    "Actual Startup Time": 0.022,
                    "Actual Total Time": 51.274,
                    "Actual Rows": 230092,
                    "Actual Loops": 2,
                    "Filter": "(info_type_id > 100)",
                    "Rows Removed by Filter": 459925
                  },
                  {
                    "Node Type": "Hash",
                    "Parent Relationship": "Inner",
                    "Parallel Aware": true,
                    "Startup Cost": 58306.47,
                    "Total Cost": 58306.47,
                    "Plan Rows": 365781,
                    "Plan Width": 4,
                    "Actual Startup Time": 262.683,
                    "Actual Total Time": 262.683,
                    "Actual Rows": 338464,
                    "Actual Loops": 2,
                    "Hash Buckets": 1048576,
                    "Original Hash Buckets": 1048576,
                    "Hash Batches": 1,
                    "Original Hash Batches": 1,
                    "Peak Memory Usage": 34688,
                    "Plans": [
                      {
                        "Node Type": "Seq Scan",
                        "Parent Relationship": "Outer",
                        "Parallel Aware": true,
                        "Relation Name": "title",
                        "Alias": "t",
                        "Startup Cost": 0.0,
                        "Total Cost": 58306.47,
                        "Plan Rows": 365781,
                        "Plan Width": 4,
                        "Actual Startup Time": 0.025,
                        "Actual Total Time": 158.782,
                        "Actual Rows": 338464,
                        "Actual Loops": 2,
                        "Filter": "((production_year > 2005) AND (kind_id = 7))",
                        "Rows Removed by Filter": 925692
                      }
                    ]
                  }
                ]
              }
            ]
          }
        ]
      }
    ]
  },
  "Planning Time": 0.313,
  "Triggers": [],
  "Execution Time": 401.056
}