[
  {
    "Plan": {
      "Node Type": "Aggregate",
      "Strategy": "Plain",
      "Partial Mode": "Finalize",
      "Parallel Aware": false,
      "Startup Cost": 101397.9,
      "Total Cost": 101397.91,
      "Plan Rows": 1,
      "Plan Width": 8,
      "Actual Startup Time": 808.505,
      "Actual Total Time": 827.693,
      "Actual Rows": 1,
      "Actual Loops": 1,
      "Plans": [
        {
          "Node Type": "Gather",
          "Parent Relationship": "Outer",
          "Parallel Aware": false,
          "Startup Cost": 101397.68,
          "Total Cost": 101397.89,
          "Plan Rows": 2,
          "Plan Width": 8,
          "Actual Startup Time": 797.365,
          "Actual Total Time": 827.686,
          "Actual Rows": 3,
          "Actual Loops": 1,
          "Workers Planned": 2,
          "Workers Launched": 2,
          "Single Copy": false,
          "Plans": [
            {
              "Node Type": "Aggregate",
              "Strategy": "Plain",
              "Partial Mode": "Partial",
              "Parent Relationship": "Outer",
              "Parallel Aware": false,
              "Startup Cost": 100397.68,
              "Total Cost": 100397.69,
              "Plan Rows": 1,
              "Plan Width": 8,
              "Actual Startup Time": 793.741,
              "Actual Total Time": 793.747,
              "Actual Rows": 1,
              "Actual Loops": 3,
              "Plans": [
                {
                  "Node Type": "Hash Join",
                  "Parent Relationship": "Outer",
                  "Parallel Aware": true,
                  "Join Type": "Inner",
                  "Startup Cost": 84082.63,
                  "Total Cost": 100190.9,
                  "Plan Rows": 82714,
                  "Plan Width": 0,
                  "Actual Startup Time": 661.065,
                  "Actual Total Time": 781.031,
                  "Actual Rows": 313817,
                  "Actual Loops": 3,
                  "Inner Unique": false,
                  "Hash Cond": "(mi_idx.movie_id = t.id)",
                  "Plans": [
                    {
                      "Node Type": "Seq Scan",
                      "Parent Relationship": "Outer",
                      "Parallel Aware": true,
                      "Relation Name": "movie_info_idx",
                      "Alias": "mi_idx",
                      "Startup Cost": 0.0,
                      "Total Cost": 13685.15,
                      "Plan Rows": 575015,
                      "Plan Width": 4,
                      "Actual Startup Time": 0.055,
                      "Actual Total Time": 35.657,
                      "Actual Rows": 460012,
                      "Actual Loops": 3
                    },
                    {
                      "Node Type": "Hash",
                      "Parent Relationship": "Inner",
                      "Parallel Aware": true,
                      "Startup Cost": 82616.08,
                      "Total Cost": 82616.08,
                      "Plan Rows": 117324,
                      "Plan Width": 8,
                      "Actual Startup Time": 659.007,
                      "Actual Total Time": 659.011,
                      "Actual Rows": 215766,
                      "Actual Loops": 3,
                      "Hash Buckets": 1048576,
                      "Original Hash Buckets": 524288,
                      "Hash Batches": 1,
                      "Original Hash Batches": 1,
                      "Peak Memory Usage": 37664,
                      "Plans": [
                        {
                          "Node Type": "Hash Join",
                          "Parent Relationship": "Outer",
                          "Parallel Aware": true,
                          "Join Type": "Inner",
                          "Startup Cost": 50851.22,
                          "Total Cost": 82616.08,
                          "Plan Rows": 117324,
                          "Plan Width": 8,
                          "Actual Startup Time": 441.849,
                          "Actual Total Time": 584.62,
                          "Actual Rows": 215766,
                          "Actual Loops": 3,
                          "Inner Unique": true,
                          "Hash Cond": "(mc.movie_id = t.id)",
                          "Plans": [
                            {
                              "Node Type": "Seq Scan",
                              "Parent Relationship": "Outer",
                              "Parallel Aware": true,
                              "Relation Name": "movie_companies",
                              "Alias": "mc",
                              "Startup Cost": 0.0,
                              "Total Cost": 31414.82,
                              "Plan Rows": 133347,
                              "Plan Width": 4,
                              "Actual Startup Time": 35.344,
                              "Actual Total Time": 81.753,
                              "Actual Rows": 242422,
                              "Actual Loops": 3,
                              "Filter": "((company_id > 30665) AND (company_type_id > 1))",
                              "Rows Removed by Filter": 627287
                            },
                            {
                              "Node Type": "Hash",
                              "Parent Relationship": "Inner",
                              "Parallel Aware": true,
                              "Startup Cost": 43899.32,
                              "Total Cost": 43899.32,
                              "Plan Rows": 556152,
                              "Plan Width": 4,
                              "Actual Startup Time": 397.529,
                              "Actual Total Time": 397.53,
                              "Actual Rows": 741523,
                              "Actual Loops": 3,
                              "Hash Buckets": 4194304,
                              "Original Hash Buckets": 4194304,
                              "Hash Batches": 1,
                              "Original Hash Batches": 1,
                              "Peak Memory Usage": 119872,
                              "Plans": [
                                {
                                  "Node Type": "Seq Scan",
                                  "Parent Relationship": "Outer",
                                  "Parallel Aware": true,
                                  "Relation Name": "title",
                                  "Alias": "t",
                                  "Startup Cost": 0.0,
                                  "Total Cost": 43899.32,
                                  "Plan Rows": 556152,
                                  "Plan Width": 4,
                                  "Actual Startup Time": 0.036,
                                  "Actual Total Time": 134.92,
                                  "Actual Rows": 741523,
                                  "Actual Loops": 3,
                                  "Filter": "(production_year < 2012)",
                                  "Rows Removed by Filter": 101248
                                }
                              ]
                            }
                          ]
                        }
                      ]
                    }
                  ]
                }
              ]
            }
          ]
        }
      ]
    },
    "Planning Time": 0.53,
    "Triggers": [],
    "Execution Time": 827.739
  }
]