[
  {
    "Plan": {
      "Node Type": "Aggregate",
      "Strategy": "Plain",
      "Partial Mode": "Finalize",
      "Parallel Aware": false,
      "Startup Cost": 292228.3,
      "Total Cost": 292228.31,
      "Plan Rows": 1,
      "Plan Width": 8,
      "Actual Startup Time": 1192.466,
      "Actual Total Time": 1246.564,
      "Actual Rows": 1,
      "Actual Loops": 1,
      "Plans": [
        {
          "Node Type": "Gather",
          "Parent Relationship": "Outer",
          "Parallel Aware": false,
          "Startup Cost": 292227.78,
          "Total Cost": 292228.29,
          "Plan Rows": 5,
          "Plan Width": 8,
          "Actual Startup Time": 1180.469,
          "Actual Total Time": 1246.553,
          "Actual Rows": 6,
          "Actual Loops": 1,
          "Workers Planned": 5,
          "Workers Launched": 5,
          "Single Copy": false,
          "Plans": [
            {
              "Node Type": "Aggregate",
              "Strategy": "Plain",
              "Partial Mode": "Partial",
              "Parent Relationship": "Outer",
              "Parallel Aware": false,
              "Startup Cost": 291227.78,
              "Total Cost": 291227.79,
              "Plan Rows": 1,
              "Plan Width": 8,
              "Actual Startup Time": 1170.002,
              "Actual Total Time": 1170.265,
              "Actual Rows": 1,
              "Actual Loops": 6,
              "Plans": [
                {
                  "Node Type": "Hash Join",
                  "Parent Relationship": "Outer",
                  "Parallel Aware": true,
                  "Join Type": "Inner",
                  "Startup Cost": 84490.09,
                  "Total Cost": 289442.18,
                  "Plan Rows": 714241,
                  "Plan Width": 0,
                  "Actual Startup Time": 375.453,
                  "Actual Total Time": 1147.405,
                  "Actual Rows": 419008,
                  "Actual Loops": 6,
                  "Inner Unique": false,
                  "Hash Cond": "(mi.movie_id = t.id)",
                  "Plans": [
                    {
                      "Node Type": "Seq Scan",
                      "Parent Relationship": "Outer",
                      "Parallel Aware": true,
                      "Relation Name": "movie_info",
                      "Alias": "mi",
                      "Startup Cost": 0.0,
                      "Total Cost": 191560.33,
                      "Plan Rows": 2956733,
                      "Plan Width": 4,
                      "Actual Startup Time": 0.017,
                      "Actual Total Time": 358.767,
                      "Actual Rows": 2472620,
                      "Actual Loops": 6
                    },
                    {
                      "Node Type": "Hash",
                      "Parent Relationship": "Inner",
                      "Parallel Aware": true,
                      "Startup Cost": 82027.4,
                      "Total Cost": 82027.4,
                      "Plan Rows": 197015,
                      "Plan Width": 8,
                      "Actual Startup Time": 370.937,
                      "Actual Total Time": 371.198,
                      "Actual Rows": 56064,
                      "Actual Loops": 6,
                      "Hash Buckets": 1048576,
                      "Original Hash Buckets": 1048576,
                      "Hash Batches": 1,
                      "Original Hash Batches": 1,
                      "Peak Memory Usage": 21440,
                      "Plans": [
                        {
                          "Node Type": "Hash Join",
                          "Parent Relationship": "Outer",
                          "Parallel Aware": true,
                          "Join Type": "Inner",
                          "Startup Cost": 49627.65,
                          "Total Cost": 82027.4,
                          "Plan Rows": 197015,
                          "Plan Width": 8,
                          "Actual Startup Time": 245.861,
                          "Actual Total Time": 342.259,
                          "Actual Rows": 56064,
                          "Actual Loops": 6,
                          "Inner Unique": true,
                          "Hash Cond": "(mc.movie_id = t.id)",
                          "Plans": [
                            {
                              "Node Type": "Seq Scan",
                              "Parent Relationship": "Outer",
                              "Parallel Aware": true,
                              "Relation Name": "movie_companies",
                              "Alias": "mc",
                              "Startup Cost": 0.0,
                              "Total Cost": 31414.82,
                              "Plan Rows": 375214,
                              "Plan Width": 4,
                              "Actual Startup Time": 27.726,
                              "Actual Total Time": 62.218,
                              "Actual Rows": 169715,
                              "Actual Loops": 6,
                              "Filter": "((company_id < 91850) AND (company_type_id > 1))",
                              "Rows Removed by Filter": 265140
                            },
                            {
                              "Node Type": "Hash",
                              "Parent Relationship": "Inner",
                              "Parallel Aware": true,
                              "Startup Cost": 45479.1,
                              "Total Cost": 45479.1,
                              "Plan Rows": 331884,
                              "Plan Width": 4,
                              "Actual Startup Time": 214.893,
                              "Actual Total Time": 214.894,
                              "Actual Rows": 234300,
                              "Actual Loops": 6,
                              "Hash Buckets": 2097152,
                              "Original Hash Buckets": 2097152,
                              "Hash Batches": 1,
                              "Original Hash Batches": 1,
                              "Peak Memory Usage": 71456,
                              "Plans": [
                                {
                                  "Node Type": "Seq Scan",
                                  "Parent Relationship": "Outer",
                                  "Parallel Aware": true,
                                  "Relation Name": "title",
                                  "Alias": "t",
                                  "Startup Cost": 0.0,
                                  "Total Cost": 45479.1,
                                  "Plan Rows": 331884,
                                  "Plan Width": 4,
                                  "Actual Startup Time": 0.044,
                                  "Actual Total Time": 98.18,
                                  "Actual Rows": 234300,
                                  "Actual Loops": 6,
                                  "Filter": "((production_year > 1963) AND (kind_id = 7))",
                                  "Rows Removed by Filter": 187085
                                }
                              ]
                            }
                          ]
                        }
                      ]
                    }
                  ]
                }
              ]
            }
          ]
        }
      ]
    },
    "Planning Time": 1.493,
    "Triggers": [],
    "Execution Time": 1246.665
  }
]