[
  {
    "Plan": {
      "Node Type": "Aggregate",
      "Strategy": "Plain",
      "Partial Mode": "Finalize",
      "Parallel Aware": false,
      "Startup Cost": 31925.34,
      "Total Cost": 31925.35,
      "Plan Rows": 1,
      "Plan Width": 8,
      "Actual Startup Time": 122.158,
      "Actual Total Time": 129.678,
      "Actual Rows": 1,
      "Actual Loops": 1,
      "Plans": [
        {
          "Node Type": "Gather",
          "Parent Relationship": "Outer",
          "Parallel Aware": false,
          "Startup Cost": 31925.02,
          "Total Cost": 31925.33,
          "Plan Rows": 3,
          "Plan Width": 8,
          "Actual Startup Time": 122.026,
          "Actual Total Time": 129.669,
          "Actual Rows": 4,
          "Actual Loops": 1,
          "Workers Planned": 3,
          "Workers Launched": 3,
          "Single Copy": false,
          "Plans": [
            {
              "Node Type": "Aggregate",
              "Strategy": "Plain",
              "Partial Mode": "Partial",
              "Parent Relationship": "Outer",
              "Parallel Aware": false,
              "Startup Cost": 30925.02,
              "Total Cost": 30925.03,
              "Plan Rows": 1,
              "Plan Width": 8,
              "Actual Startup Time": 113.52,
              "Actual Total Time": 113.521,
              "Actual Rows": 1,
              "Actual Loops": 4,
              "Plans": [
                {
                  "Node Type": "Seq Scan",
                  "Parent Relationship": "Outer",
                  "Parallel Aware": true,
                  "Relation Name": "movie_companies",
                  "Alias": "mc",
                  "Startup Cost": 0.0,
                  "Total Cost": 29310.68,
                  "Plan Rows": 645737,
                  "Plan Width": 0,
                  "Actual Startup Time": 0.376,
                  "Actual Total Time": 89.007,
                  "Actual Rows": 502242,
                  "Actual Loops": 4,
                  "Filter": "(company_id > 687)",
                  "Rows Removed by Filter": 150040
                }
              ]
            }
          ]
        }
      ]
    },
    "Planning Time": 0.169,
    "Triggers": [],
    "Execution Time": 129.73
  }
]