[
  {
    "Plan": {
      "Node Type": "Aggregate",
      "Strategy": "Plain",
      "Partial Mode": "Finalize",
      "Parallel Aware": false,
      "Startup Cost": 206664.59,
      "Total Cost": 206664.6,
      "Plan Rows": 1,
      "Plan Width": 8,
      "Actual Startup Time": 1038.116,
      "Actual Total Time": 1079.682,
      "Actual Rows": 1,
      "Actual Loops": 1,
      "Plans": [
        {
          "Node Type": "Gather",
          "Parent Relationship": "Outer",
          "Parallel Aware": false,
          "Startup Cost": 206664.07,
          "Total Cost": 206664.58,
          "Plan Rows": 5,
          "Plan Width": 8,
          "Actual Startup Time": 1024.337,
          "Actual Total Time": 1079.665,
          "Actual Rows": 6,
          "Actual Loops": 1,
          "Workers Planned": 5,
          "Workers Launched": 5,
          "Single Copy": false,
          "Plans": [
            {
              "Node Type": "Aggregate",
              "Strategy": "Plain",
              "Partial Mode": "Partial",
              "Parent Relationship": "Outer",
              "Parallel Aware": false,
              "Startup Cost": 205664.07,
              "Total Cost": 205664.08,
              "Plan Rows": 1,
              "Plan Width": 8,
              "Actual Startup Time": 1012.679,
              "Actual Total Time": 1012.931,
              "Actual Rows": 1,
              "Actual Loops": 6,
              "Plans": [
                {
                  "Node Type": "Hash Join",
                  "Parent Relationship": "Outer",
                  "Parallel Aware": true,
                  "Join Type": "Inner",
                  "Startup Cost": 77157.89,
                  "Total Cost": 205369.88,
                  "Plan Rows": 117674,
                  "Plan Width": 0,
                  "Actual Startup Time": 560.927,
                  "Actual Total Time": 992.186,
                  "Actual Rows": 403969,
                  "Actual Loops": 6,
                  "Inner Unique": false,
                  "Hash Cond": "(ci.movie_id = t.id)",
                  "Plans": [
                    {
                      "Node Type": "Index Scan",
                      "Parent Relationship": "Outer",
                      "Parallel Aware": true,
                      "Scan Direction": "Forward",
                      "Index Name": "role_id_cast_info",
                      "Relation Name": "cast_info",
                      "Alias": "ci",
                      "Startup Cost": 0.56,
                      "Total Cost": 124350.08,
                      "Plan Rows": 928769,
                      "Plan Width": 4,
                      "Actual Startup Time": 0.316,
                      "Actual Total Time": 191.705,
                      "Actual Rows": 773189,
                      "Actual Loops": 6,
                      "Index Cond": "(role_id > 9)",
                      "Rows Removed by Index Recheck": 0
                    },
                    {
                      "Node Type": "Hash",
                      "Parent Relationship": "Inner",
                      "Parallel Aware": true,
                      "Startup Cost": 75865.6,
                      "Total Cost": 75865.6,
                      "Plan Rows": 103338,
                      "Plan Width": 8,
                      "Actual Startup Time": 557.716,
                      "Actual Total Time": 557.964,
                      "Actual Rows": 146524,
                      "Actual Loops": 6,
                      "Hash Buckets": 1048576,
                      "Original Hash Buckets": 524288,
                      "Hash Batches": 1,
                      "Original Hash Batches": 1,
                      "Peak Memory Usage": 46784,
                      "Plans": [
                        {
                          "Node Type": "Hash Join",
                          "Parent Relationship": "Outer",
                          "Parallel Aware": true,
                          "Join Type": "Inner",
                          "Startup Cost": 46449.71,
                          "Total Cost": 75865.6,
                          "Plan Rows": 103338,
                          "Plan Width": 8,
                          "Actual Startup Time": 232.871,
                          "Actual Total Time": 450.01,
                          "Actual Rows": 146524,
                          "Actual Loops": 6,
                          "Inner Unique": true,
                          "Hash Cond": "(mc.movie_id = t.id)",
                          "Plans": [
                            {
                              "Node Type": "Seq Scan",
                              "Parent Relationship": "Outer",
                              "Parallel Aware": true,
                              "Relation Name": "movie_companies",
                              "Alias": "mc",
                              "Startup Cost": 0.0,
                              "Total Cost": 27206.55,
                              "Plan Rows": 841655,
                              "Plan Width": 4,
                              "Actual Startup Time": 0.045,
                              "Actual Total Time": 84.16,
                              "Actual Rows": 434855,
                              "Actual Loops": 6
                            },
                            {
                              "Node Type": "Hash",
                              "Parent Relationship": "Inner",
                              "Parallel Aware": true,
                              "Startup Cost": 45479.59,
                              "Total Cost": 45479.59,
                              "Plan Rows": 77610,
                              "Plan Width": 4,
                              "Actual Startup Time": 230.772,
                              "Actual Total Time": 230.773,
                              "Actual Rows": 72226,
                              "Actual Loops": 6,
                              "Hash Buckets": 524288,
                              "Original Hash Buckets": 524288,
                              "Hash Batches": 1,
                              "Original Hash Batches": 1,
                              "Peak Memory Usage": 21120,
                              "Plans": [
                                {
                                  "Node Type": "Seq Scan",
                                  "Parent Relationship": "Outer",
                                  "Parallel Aware": true,
                                  "Relation Name": "title",
                                  "Alias": "t",
                                  "Startup Cost": 0.0,
                                  "Total Cost": 45479.59,
                                  "Plan Rows": 77610,
                                  "Plan Width": 4,
                                  "Actual Startup Time": 0.075,
                                  "Actual Total Time": 172.36,
                                  "Actual Rows": 72226,
                                  "Actual Loops": 6,
                                  "Filter": "((kind_id < 7) AND (production_year < 1995))",
                                  "Rows Removed by Filter": 349159
                                }
                              ]
                            }
                          ]
                        }
                      ]
                    }
                  ]
                }
              ]
            }
          ]
        }
      ]
    },
    "Planning Time": 1.107,
    "Triggers": [],
    "Execution Time": 1079.838
  }
]