{
  "Plan": {
    "Node Type": "Aggregate",
    "Strategy": "Plain",
    "Partial Mode": "Finalize",
    "Parallel Aware": false,
    "Startup Cost": 491442.45,
    "Total Cost": 491442.46,
    "Plan Rows": 1,
    "Plan Width": 8,
    "Actual Startup Time": 9916.429,
    "Actual Total Time": 9960.376,
    "Actual Rows": 1,
    "Actual Loops": 1,
    "Plans": [
      {
        "Node Type": "Gather",
        "Parent Relationship": "Outer",
        "Parallel Aware": false,
        "Startup Cost": 491442.34,
        "Total Cost": 491442.45,
        "Plan Rows": 1,
        "Plan Width": 8,
        "Actual Startup Time": 9909.079,
        "Actual Total Time": 9960.366,
        "Actual Rows": 2,
        "Actual Loops": 1,
        "Workers Planned": 1,
        "Workers Launched": 1,
        "Single Copy": false,
        "Plans": [
          {
            "Node Type": "Aggregate",
            "Strategy": "Plain",
            "Partial Mode": "Partial",
            "Parent Relationship": "Outer",
            "Parallel Aware": false,
            "Startup Cost": 490442.34,
            "Total Cost": 490442.35,
            "Plan Rows": 1,
            "Plan Width": 8,
            "Actual Startup Time": 9897.219,
            "Actual Total Time": 9898.549,
            "Actual Rows": 1,
            "Actual Loops": 2,
            "Plans": [
              {
                "Node Type": "Hash Join",
                "Parent Relationship": "Outer",
                "Parallel Aware": true,
                "Join Type": "Inner",
                "Startup Cost": 146444.26,
                "Total Cost": 471822.48,
                "Plan Rows": 7447946,
                "Plan Width": 0,
                "Actual Startup Time": 1323.261,
                "Actual Total Time": 7474.282,
                "Actual Rows": 59202399,
                "Actual Loops": 2,
                "Inner Unique": false,
                "Hash Cond": "(mi.movie_id = t.id)",
                "Plans": [
                  {
                    "Node Type": "Seq Scan",
                    "Parent Relationship": "Outer",
                    "Parallel Aware": true,
                    "Relation Name": "movie_info",
                    "Alias": "mi",
                    "Startup Cost": 0.0,
                    "Total Cost": 248955.74,
                    "Plan Rows": 8696274,
                    "Plan Width": 4,
                    "Actual Startup Time": 0.018,
                    "Actual Total Time": 622.886,
                    "Actual Rows": 7417860,
                    "Actual Loops": 2
                  },
                  {
                    "Node Type": "Hash",
                    "Parent Relationship": "Inner",
                    "Parallel Aware": true,
                    "Startup Cost": 130522.48,
                    "Total Cost": 130522.48,
                    "Plan Rows": 1273743,
                    "Plan Width": 8,
                    "Actual Startup Time": 1301.134,
                    "Actual Total Time": 1302.462,
                    "Actual Rows": 1081752,
                    "Actual Loops": 2,
                    "Hash Buckets": 4194304,
                    "Original Hash Buckets": 4194304,
                    "Hash Batches": 1,
                    "Original Hash Batches": 1,
                    "Peak Memory Usage": 117440,
                    "Plans": [
                      {
                        "Node Type": "Hash Join",
                        "Parent Relationship": "Outer",
                        "Parallel Aware": true,
                        "Join Type": "Inner",
                        "Startup Cost": 69460.7,
                        "Total Cost": 130522.48,
                        "Plan Rows": 1273743,
                        "Plan Width": 8,
                        "Actual Startup Time": 594.251,
                        "Actual Total Time": 1064.106,
                        "Actual Rows": 1081752,
                        "Actual Loops": 2,
                        "Inner Unique": true,
                        "Hash Cond": "(mk.movie_id = t.id)",
                        "Plans": [
                          {
                            "Node Type": "Seq Scan",
                            "Parent Relationship": "Outer",
                            "Parallel Aware": true,
                            "Relation Name": "movie_keyword",
                            "Alias": "mk",
                            "Startup Cost": 0.0,
                            "Total Cost": 57718.19,
                            "Plan Rows": 1273743,
                            "Plan Width": 4,
                            "Actual Startup Time": 0.539,
                            "Actual Total Time": 230.467,
                            "Actual Rows": 1081752,
                            "Actual Loops": 2,
                            "Filter": "(keyword_id > 5300)",
                            "Rows Removed by Filter": 1180212
                          },
                          {
                            "Node Type": "Hash",
                            "Parent Relationship": "Inner",
                            "Parallel Aware": true,
                            "Startup Cost": 50870.31,
                            "Total Cost": 50870.31,
                            "Plan Rows": 1487231,
                            "Plan Width": 4,
                            "Actual Startup Time": 582.447,
                            "Actual Total Time": 582.448,
                            "Actual Rows": 1264156,
                            "Actual Loops": 2,
                            "Hash Buckets": 4194304,
                            "Original Hash Buckets": 4194304,
                            "Hash Batches": 1,
                            "Original Hash Batches": 1,
                            "Peak Memory Usage": 131712,
                            "Plans": [
                              {
                                "Node Type": "Seq Scan",
                                "Parent Relationship": "Outer",
                                "Parallel Aware": true,
                                "Relation Name": "title",
                                "Alias": "t",
                                "Startup Cost": 0.0,
                                "Total Cost": 50870.31,
                                "Plan Rows": 1487231,
                                "Plan Width": 4,
                                "Actual Startup Time": 0.028,
                                "Actual Total Time": 171.077,
                                "Actual Rows": 1264156,
                                "Actual Loops": 2
                              }
                            ]
                          }
                        ]
                      }
                    ]
                  }
                ]
              }
            ]
          }
        ]
      }
    ]
  },
  "Planning Time": 0.837,
  "Triggers": [],
  "Execution Time": 9960.481
}