[
  {
    "Plan": {
      "Node Type": "Aggregate",
      "Strategy": "Plain",
      "Partial Mode": "Finalize",
      "Parallel Aware": false,
      "Startup Cost": 45943.94,
      "Total Cost": 45943.95,
      "Plan Rows": 1,
      "Plan Width": 8,
      "Actual Startup Time": 185.068,
      "Actual Total Time": 194.847,
      "Actual Rows": 1,
      "Actual Loops": 1,
      "Plans": [
        {
          "Node Type": "Gather",
          "Parent Relationship": "Outer",
          "Parallel Aware": false,
          "Startup Cost": 45943.62,
          "Total Cost": 45943.93,
          "Plan Rows": 3,
          "Plan Width": 8,
          "Actual Startup Time": 184.87,
          "Actual Total Time": 194.835,
          "Actual Rows": 4,
          "Actual Loops": 1,
          "Workers Planned": 3,
          "Workers Launched": 3,
          "Single Copy": false,
          "Plans": [
            {
              "Node Type": "Aggregate",
              "Strategy": "Plain",
              "Partial Mode": "Partial",
              "Parent Relationship": "Outer",
              "Parallel Aware": false,
              "Startup Cost": 44943.62,
              "Total Cost": 44943.63,
              "Plan Rows": 1,
              "Plan Width": 8,
              "Actual Startup Time": 176.231,
              "Actual Total Time": 176.232,
              "Actual Rows": 1,
              "Actual Loops": 4,
              "Plans": [
                {
                  "Node Type": "Seq Scan",
                  "Parent Relationship": "Outer",
                  "Parallel Aware": true,
                  "Relation Name": "movie_keyword",
                  "Alias": "mk",
                  "Startup Cost": 0.0,
                  "Total Cost": 42695.65,
                  "Plan Rows": 899186,
                  "Plan Width": 0,
                  "Actual Startup Time": 0.439,
                  "Actual Total Time": 137.509,
                  "Actual Rows": 697851,
                  "Actual Loops": 4,
                  "Filter": "(keyword_id > 2826)",
                  "Rows Removed by Filter": 433132
                }
              ]
            }
          ]
        }
      ]
    },
    "Planning Time": 0.235,
    "Triggers": [],
    "Execution Time": 194.92
  }
]