[
  {
    "Plan": {
      "Node Type": "Aggregate",
      "Strategy": "Plain",
      "Partial Mode": "Finalize",
      "Parallel Aware": false,
      "Startup Cost": 45953.87,
      "Total Cost": 45953.88,
      "Plan Rows": 1,
      "Plan Width": 8,
      "Actual Startup Time": 159.021,
      "Actual Total Time": 167.449,
      "Actual Rows": 1,
      "Actual Loops": 1,
      "Plans": [
        {
          "Node Type": "Gather",
          "Parent Relationship": "Outer",
          "Parallel Aware": false,
          "Startup Cost": 45953.55,
          "Total Cost": 45953.86,
          "Plan Rows": 3,
          "Plan Width": 8,
          "Actual Startup Time": 158.901,
          "Actual Total Time": 167.442,
          "Actual Rows": 4,
          "Actual Loops": 1,
          "Workers Planned": 3,
          "Workers Launched": 3,
          "Single Copy": false,
          "Plans": [
            {
              "Node Type": "Aggregate",
              "Strategy": "Plain",
              "Partial Mode": "Partial",
              "Parent Relationship": "Outer",
              "Parallel Aware": false,
              "Startup Cost": 44953.55,
              "Total Cost": 44953.56,
              "Plan Rows": 1,
              "Plan Width": 8,
              "Actual Startup Time": 152.908,
              "Actual Total Time": 152.909,
              "Actual Rows": 1,
              "Actual Loops": 4,
              "Plans": [
                {
                  "Node Type": "Seq Scan",
                  "Parent Relationship": "Outer",
                  "Parallel Aware": true,
                  "Relation Name": "movie_keyword",
                  "Alias": "mk",
                  "Startup Cost": 0.0,
                  "Total Cost": 42695.65,
                  "Plan Rows": 903159,
                  "Plan Width": 0,
                  "Actual Startup Time": 0.344,
                  "Actual Total Time": 119.296,
                  "Actual Rows": 697851,
                  "Actual Loops": 4,
                  "Filter": "(keyword_id > 2826)",
                  "Rows Removed by Filter": 433132
                }
              ]
            }
          ]
        }
      ]
    },
    "Planning Time": 0.147,
    "Triggers": [],
    "Execution Time": 167.494
  }
]