[
  {
    "Plan": {
      "Node Type": "Aggregate",
      "Strategy": "Plain",
      "Partial Mode": "Finalize",
      "Parallel Aware": false,
      "Startup Cost": 44691.84,
      "Total Cost": 44691.85,
      "Plan Rows": 1,
      "Plan Width": 8,
      "Actual Startup Time": 161.982,
      "Actual Total Time": 175.003,
      "Actual Rows": 1,
      "Actual Loops": 1,
      "Plans": [
        {
          "Node Type": "Gather",
          "Parent Relationship": "Outer",
          "Parallel Aware": false,
          "Startup Cost": 44691.53,
          "Total Cost": 44691.84,
          "Plan Rows": 3,
          "Plan Width": 8,
          "Actual Startup Time": 161.58,
          "Actual Total Time": 174.989,
          "Actual Rows": 4,
          "Actual Loops": 1,
          "Workers Planned": 3,
          "Workers Launched": 3,
          "Single Copy": false,
          "Plans": [
            {
              "Node Type": "Aggregate",
              "Strategy": "Plain",
              "Partial Mode": "Partial",
              "Parent Relationship": "Outer",
              "Parallel Aware": false,
              "Startup Cost": 43691.53,
              "Total Cost": 43691.54,
              "Plan Rows": 1,
              "Plan Width": 8,
              "Actual Startup Time": 153.045,
              "Actual Total Time": 153.047,
              "Actual Rows": 1,
              "Actual Loops": 4,
              "Plans": [
                {
                  "Node Type": "Seq Scan",
                  "Parent Relationship": "Outer",
                  "Parallel Aware": true,
                  "Relation Name": "movie_keyword",
                  "Alias": "mk",
                  "Startup Cost": 0.0,
                  "Total Cost": 42695.65,
                  "Plan Rows": 398349,
                  "Plan Width": 0,
                  "Actual Startup Time": 2.592,
                  "Actual Total Time": 134.643,
                  "Actual Rows": 309454,
                  "Actual Loops": 4,
                  "Filter": "(keyword_id > 14619)",
                  "Rows Removed by Filter": 821529
                }
              ]
            }
          ]
        }
      ]
    },
    "Planning Time": 0.194,
    "Triggers": [],
    "Execution Time": 175.061
  }
]