[
  {
    "Plan": {
      "Node Type": "Aggregate",
      "Strategy": "Plain",
      "Partial Mode": "Finalize",
      "Parallel Aware": false,
      "Startup Cost": 332866.17,
      "Total Cost": 332866.18,
      "Plan Rows": 1,
      "Plan Width": 8,
      "Actual Startup Time": 606.507,
      "Actual Total Time": 665.856,
      "Actual Rows": 1,
      "Actual Loops": 1,
      "Plans": [
        {
          "Node Type": "Gather",
          "Parent Relationship": "Outer",
          "Parallel Aware": false,
          "Startup Cost": 332865.54,
          "Total Cost": 332866.15,
          "Plan Rows": 6,
          "Plan Width": 8,
          "Actual Startup Time": 606.371,
          "Actual Total Time": 665.843,
          "Actual Rows": 7,
          "Actual Loops": 1,
          "Workers Planned": 6,
          "Workers Launched": 6,
          "Single Copy": false,
          "Plans": [
            {
              "Node Type": "Aggregate",
              "Strategy": "Plain",
              "Partial Mode": "Partial",
              "Parent Relationship": "Outer",
              "Parallel Aware": false,
              "Startup Cost": 331865.54,
              "Total Cost": 331865.55,
              "Plan Rows": 1,
              "Plan Width": 8,
              "Actual Startup Time": 596.338,
              "Actual Total Time": 596.34,
              "Actual Rows": 1,
              "Actual Loops": 7,
              "Plans": [
                {
                  "Node Type": "Seq Scan",
                  "Parent Relationship": "Outer",
                  "Parallel Aware": true,
                  "Relation Name": "cast_info",
                  "Alias": "ci",
                  "Startup Cost": 0.0,
                  "Total Cost": 328162.03,
                  "Plan Rows": 1481406,
                  "Plan Width": 0,
                  "Actual Startup Time": 306.969,
                  "Actual Total Time": 544.564,
                  "Actual Rows": 1258948,
                  "Actual Loops": 7,
                  "Filter": "(person_id > 2810499)",
                  "Rows Removed by Filter": 3918816
                }
              ]
            }
          ]
        }
      ]
    },
    "Planning Time": 0.199,
    "Triggers": [],
    "Execution Time": 665.93
  }
]