[
    {
        "Bao": {
            "Bao prediction": 697.76,
            "Bao recommended hint": "(no hint)"
        }
    },
    {
        "Plan": {
            "Node Type": "Aggregate",
            "Strategy": "Plain",
            "Partial Mode": "Finalize",
            "Parallel Aware": false,
            "Startup Cost": 306428.85,
            "Total Cost": 306428.86,
            "Plan Rows": 1,
            "Plan Width": 68,
            "Actual Startup Time": 1430.651,
            "Actual Total Time": 1488.848,
            "Actual Rows": 1,
            "Actual Loops": 1,
            "Output": [
                "min(t.title)",
                "min(t.production_year)",
                "min(cn.name)"
            ],
            "Plans": [
                {
                    "Node Type": "Gather",
                    "Parent Relationship": "Outer",
                    "Parallel Aware": false,
                    "Startup Cost": 306428.19,
                    "Total Cost": 306428.8,
                    "Plan Rows": 6,
                    "Plan Width": 68,
                    "Actual Startup Time": 1383.853,
                    "Actual Total Time": 1488.827,
                    "Actual Rows": 7,
                    "Actual Loops": 1,
                    "Output": [
                        "(PARTIAL min(t.title))",
                        "(PARTIAL min(t.production_year))",
                        "(PARTIAL min(cn.name))"
                    ],
                    "Workers Planned": 6,
                    "Workers Launched": 6,
                    "Single Copy": false,
                    "Plans": [
                        {
                            "Node Type": "Aggregate",
                            "Strategy": "Plain",
                            "Partial Mode": "Partial",
                            "Parent Relationship": "Outer",
                            "Parallel Aware": false,
                            "Startup Cost": 305428.19,
                            "Total Cost": 305428.2,
                            "Plan Rows": 1,
                            "Plan Width": 68,
                            "Actual Startup Time": 1366.56,
                            "Actual Total Time": 1366.566,
                            "Actual Rows": 1,
                            "Actual Loops": 7,
                            "Output": [
                                "PARTIAL min(t.title)",
                                "PARTIAL min(t.production_year)",
                                "PARTIAL min(cn.name)"
                            ],
                            "Workers": [
                                {
                                    "Worker Number": 0,
                                    "Actual Startup Time": 1362.714,
                                    "Actual Total Time": 1362.718,
                                    "Actual Rows": 1,
                                    "Actual Loops": 1
                                },
                                {
                                    "Worker Number": 1,
                                    "Actual Startup Time": 1362.864,
                                    "Actual Total Time": 1362.868,
                                    "Actual Rows": 1,
                                    "Actual Loops": 1
                                },
                                {
                                    "Worker Number": 2,
                                    "Actual Startup Time": 1363.135,
                                    "Actual Total Time": 1363.14,
                                    "Actual Rows": 1,
                                    "Actual Loops": 1
                                },
                                {
                                    "Worker Number": 3,
                                    "Actual Startup Time": 1363.149,
                                    "Actual Total Time": 1363.154,
                                    "Actual Rows": 1,
                                    "Actual Loops": 1
                                },
                                {
                                    "Worker Number": 4,
                                    "Actual Startup Time": 1363.254,
                                    "Actual Total Time": 1363.258,
                                    "Actual Rows": 1,
                                    "Actual Loops": 1
                                },
                                {
                                    "Worker Number": 5,
                                    "Actual Startup Time": 1367.808,
                                    "Actual Total Time": 1367.813,
                                    "Actual Rows": 1,
                                    "Actual Loops": 1
                                }
                            ],
                            "Plans": [
                                {
                                    "Node Type": "Hash Join",
                                    "Parent Relationship": "Outer",
                                    "Parallel Aware": true,
                                    "Join Type": "Inner",
                                    "Startup Cost": 100075.8,
                                    "Total Cost": 302975.1,
                                    "Plan Rows": 327079,
                                    "Plan Width": 37,
                                    "Actual Startup Time": 554.374,
                                    "Actual Total Time": 1335.904,
                                    "Actual Rows": 201720,
                                    "Actual Loops": 7,
                                    "Output": [
                                        "t.title",
                                        "t.production_year",
                                        "cn.name"
                                    ],
                                    "Inner Unique": true,
                                    "Hash Cond": "(ci.person_role_id = cn.id)",
                                    "Workers": [
                                        {
                                            "Worker Number": 0,
                                            "Actual Startup Time": 551.201,
                                            "Actual Total Time": 1331.911,
                                            "Actual Rows": 190274,
                                            "Actual Loops": 1
                                        },
                                        {
                                            "Worker Number": 1,
                                            "Actual Startup Time": 551.189,
                                            "Actual Total Time": 1331.387,
                                            "Actual Rows": 190879,
                                            "Actual Loops": 1
                                        },
                                        {
                                            "Worker Number": 2,
                                            "Actual Startup Time": 552.258,
                                            "Actual Total Time": 1330.823,
                                            "Actual Rows": 193085,
                                            "Actual Loops": 1
                                        },
                                        {
                                            "Worker Number": 3,
                                            "Actual Startup Time": 551.358,
                                            "Actual Total Time": 1331.884,
                                            "Actual Rows": 183247,
                                            "Actual Loops": 1
                                        },
                                        {
                                            "Worker Number": 4,
                                            "Actual Startup Time": 551.658,
                                            "Actual Total Time": 1336.174,
                                            "Actual Rows": 246503,
                                            "Actual Loops": 1
                                        },
                                        {
                                            "Worker Number": 5,
                                            "Actual Startup Time": 551.659,
                                            "Actual Total Time": 1340.015,
                                            "Actual Rows": 213334,
                                            "Actual Loops": 1
                                        }
                                    ],
                                    "Plans": [
                                        {
                                            "Node Type": "Hash Join",
                                            "Parent Relationship": "Outer",
                                            "Parallel Aware": true,
                                            "Join Type": "Inner",
                                            "Startup Cost": 45962.92,
                                            "Total Cost": 248003.64,
                                            "Plan Rows": 327079,
                                            "Plan Width": 25,
                                            "Actual Startup Time": 147.01,
                                            "Actual Total Time": 783.175,
                                            "Actual Rows": 262994,
                                            "Actual Loops": 7,
                                            "Output": [
                                                "ci.person_role_id",
                                                "t.title",
                                                "t.production_year"
                                            ],
                                            "Inner Unique": true,
                                            "Hash Cond": "(ci.movie_id = t.id)",
                                            "Workers": [
                                                {
                                                    "Worker Number": 0,
                                                    "Actual Startup Time": 146.924,
                                                    "Actual Total Time": 779.635,
                                                    "Actual Rows": 249311,
                                                    "Actual Loops": 1
                                                },
                                                {
                                                    "Worker Number": 1,
                                                    "Actual Startup Time": 146.994,
                                                    "Actual Total Time": 788.864,
                                                    "Actual Rows": 247527,
                                                    "Actual Loops": 1
                                                },
                                                {
                                                    "Worker Number": 2,
                                                    "Actual Startup Time": 147.629,
                                                    "Actual Total Time": 779.098,
                                                    "Actual Rows": 252261,
                                                    "Actual Loops": 1
                                                },
                                                {
                                                    "Worker Number": 3,
                                                    "Actual Startup Time": 146.612,
                                                    "Actual Total Time": 781.66,
                                                    "Actual Rows": 238075,
                                                    "Actual Loops": 1
                                                },
                                                {
                                                    "Worker Number": 4,
                                                    "Actual Startup Time": 146.967,
                                                    "Actual Total Time": 780.935,
                                                    "Actual Rows": 320368,
                                                    "Actual Loops": 1
                                                },
                                                {
                                                    "Worker Number": 5,
                                                    "Actual Startup Time": 147.02,
                                                    "Actual Total Time": 785.712,
                                                    "Actual Rows": 278253,
                                                    "Actual Loops": 1
                                                }
                                            ],
                                            "Plans": [
                                                {
                                                    "Node Type": "Index Scan",
                                                    "Parent Relationship": "Outer",
                                                    "Parallel Aware": true,
                                                    "Scan Direction": "Forward",
                                                    "Index Name": "role_id_cast_info",
                                                    "Relation Name": "cast_info",
                                                    "Schema": "public",
                                                    "Alias": "ci",
                                                    "Startup Cost": 0.56,
                                                    "Total Cost": 198752.95,
                                                    "Plan Rows": 1252698,
                                                    "Plan Width": 8,
                                                    "Actual Startup Time": 0.271,
                                                    "Actual Total Time": 249.337,
                                                    "Actual Rows": 1064568,
                                                    "Actual Loops": 7,
                                                    "Output": [
                                                        "ci.id",
                                                        "ci.person_id",
                                                        "ci.movie_id",
                                                        "ci.person_role_id",
                                                        "ci.note",
                                                        "ci.nr_order",
                                                        "ci.role_id"
                                                    ],
                                                    "Index Cond": "(ci.role_id = 2)",
                                                    "Rows Removed by Index Recheck": 0,
                                                    "Workers": [
                                                        {
                                                            "Worker Number": 0,
                                                            "Actual Startup Time": 0.28,
                                                            "Actual Total Time": 248.298,
                                                            "Actual Rows": 988650,
                                                            "Actual Loops": 1
                                                        },
                                                        {
                                                            "Worker Number": 1,
                                                            "Actual Startup Time": 0.253,
                                                            "Actual Total Time": 259.311,
                                                            "Actual Rows": 1025310,
                                                            "Actual Loops": 1
                                                        },
                                                        {
                                                            "Worker Number": 2,
                                                            "Actual Startup Time": 0.363,
                                                            "Actual Total Time": 249.748,
                                                            "Actual Rows": 1001130,
                                                            "Actual Loops": 1
                                                        },
                                                        {
                                                            "Worker Number": 3,
                                                            "Actual Startup Time": 0.163,
                                                            "Actual Total Time": 250.626,
                                                            "Actual Rows": 977341,
                                                            "Actual Loops": 1
                                                        },
                                                        {
                                                            "Worker Number": 4,
                                                            "Actual Startup Time": 0.088,
                                                            "Actual Total Time": 238.28,
                                                            "Actual Rows": 1300650,
                                                            "Actual Loops": 1
                                                        },
                                                        {
                                                            "Worker Number": 5,
                                                            "Actual Startup Time": 0.47,
                                                            "Actual Total Time": 243.146,
                                                            "Actual Rows": 1146991,
                                                            "Actual Loops": 1
                                                        }
                                                    ]
                                                },
                                                {
                                                    "Node Type": "Hash",
                                                    "Parent Relationship": "Inner",
                                                    "Parallel Aware": true,
                                                    "Startup Cost": 43899.32,
                                                    "Total Cost": 43899.32,
                                                    "Plan Rows": 165043,
                                                    "Plan Width": 25,
                                                    "Actual Startup Time": 145.707,
                                                    "Actual Total Time": 145.708,
                                                    "Actual Rows": 94689,
                                                    "Actual Loops": 7,
                                                    "Output": [
                                                        "t.title",
                                                        "t.production_year",
                                                        "t.id"
                                                    ],
                                                    "Hash Buckets": 1048576,
                                                    "Original Hash Buckets": 1048576,
                                                    "Hash Batches": 1,
                                                    "Original Hash Batches": 1,
                                                    "Peak Memory Usage": 48448,
                                                    "Workers": [
                                                        {
                                                            "Worker Number": 0,
                                                            "Actual Startup Time": 146.331,
                                                            "Actual Total Time": 146.332,
                                                            "Actual Rows": 87133,
                                                            "Actual Loops": 1
                                                        },
                                                        {
                                                            "Worker Number": 1,
                                                            "Actual Startup Time": 146.393,
                                                            "Actual Total Time": 146.394,
                                                            "Actual Rows": 82708,
                                                            "Actual Loops": 1
                                                        },
                                                        {
                                                            "Worker Number": 2,
                                                            "Actual Startup Time": 146.38,
                                                            "Actual Total Time": 146.381,
                                                            "Actual Rows": 87964,
                                                            "Actual Loops": 1
                                                        },
                                                        {
                                                            "Worker Number": 3,
                                                            "Actual Startup Time": 146.366,
                                                            "Actual Total Time": 146.367,
                                                            "Actual Rows": 87018,
                                                            "Actual Loops": 1
                                                        },
                                                        {
                                                            "Worker Number": 4,
                                                            "Actual Startup Time": 146.385,
                                                            "Actual Total Time": 146.386,
                                                            "Actual Rows": 121254,
                                                            "Actual Loops": 1
                                                        },
                                                        {
                                                            "Worker Number": 5,
                                                            "Actual Startup Time": 141.747,
                                                            "Actual Total Time": 141.749,
                                                            "Actual Rows": 114715,
                                                            "Actual Loops": 1
                                                        }
                                                    ],
                                                    "Plans": [
                                                        {
                                                            "Node Type": "Seq Scan",
                                                            "Parent Relationship": "Outer",
                                                            "Parallel Aware": true,
                                                            "Relation Name": "title",
                                                            "Schema": "public",
                                                            "Alias": "t",
                                                            "Startup Cost": 0.0,
                                                            "Total Cost": 43899.32,
                                                            "Plan Rows": 165043,
                                                            "Plan Width": 25,
                                                            "Actual Startup Time": 39.676,
                                                            "Actual Total Time": 85.848,
                                                            "Actual Rows": 94689,
                                                            "Actual Loops": 7,
                                                            "Output": [
                                                                "t.title",
                                                                "t.production_year",
                                                                "t.id"
                                                            ],
                                                            "Filter": "(t.kind_id = 1)",
                                                            "Rows Removed by Filter": 266498,
                                                            "Workers": [
                                                                {
                                                                    "Worker Number": 0,
                                                                    "Actual Startup Time": 45.721,
                                                                    "Actual Total Time": 86.145,
                                                                    "Actual Rows": 87133,
                                                                    "Actual Loops": 1
                                                                },
                                                                {
                                                                    "Worker Number": 1,
                                                                    "Actual Startup Time": 46.126,
                                                                    "Actual Total Time": 85.969,
                                                                    "Actual Rows": 82708,
                                                                    "Actual Loops": 1
                                                                },
                                                                {
                                                                    "Worker Number": 2,
                                                                    "Actual Startup Time": 45.681,
                                                                    "Actual Total Time": 86.417,
                                                                    "Actual Rows": 87964,
                                                                    "Actual Loops": 1
                                                                },
                                                                {
                                                                    "Worker Number": 3,
                                                                    "Actual Startup Time": 45.769,
                                                                    "Actual Total Time": 86.448,
                                                                    "Actual Rows": 87018,
                                                                    "Actual Loops": 1
                                                                },
                                                                {
                                                                    "Worker Number": 4,
                                                                    "Actual Startup Time": 3.122,
                                                                    "Actual Total Time": 84.789,
                                                                    "Actual Rows": 121254,
                                                                    "Actual Loops": 1
                                                                },
                                                                {
                                                                    "Worker Number": 5,
                                                                    "Actual Startup Time": 45.633,
                                                                    "Actual Total Time": 85.668,
                                                                    "Actual Rows": 114715,
                                                                    "Actual Loops": 1
                                                                }
                                                            ]
                                                        }
                                                    ]
                                                }
                                            ]
                                        },
                                        {
                                            "Node Type": "Hash",
                                            "Parent Relationship": "Inner",
                                            "Parallel Aware": true,
                                            "Startup Cost": 44299.06,
                                            "Total Cost": 44299.06,
                                            "Plan Rows": 785106,
                                            "Plan Width": 20,
                                            "Actual Startup Time": 401.994,
                                            "Actual Total Time": 401.995,
                                            "Actual Rows": 448620,
                                            "Actual Loops": 7,
                                            "Output": [
                                                "cn.name",
                                                "cn.id"
                                            ],
                                            "Hash Buckets": 4194304,
                                            "Original Hash Buckets": 4194304,
                                            "Hash Batches": 1,
                                            "Original Hash Batches": 1,
                                            "Peak Memory Usage": 205184,
                                            "Workers": [
                                                {
                                                    "Worker Number": 0,
                                                    "Actual Startup Time": 403.591,
                                                    "Actual Total Time": 403.591,
                                                    "Actual Rows": 391520,
                                                    "Actual Loops": 1
                                                },
                                                {
                                                    "Worker Number": 1,
                                                    "Actual Startup Time": 403.756,
                                                    "Actual Total Time": 403.757,
                                                    "Actual Rows": 395212,
                                                    "Actual Loops": 1
                                                },
                                                {
                                                    "Worker Number": 2,
                                                    "Actual Startup Time": 404.215,
                                                    "Actual Total Time": 404.215,
                                                    "Actual Rows": 397362,
                                                    "Actual Loops": 1
                                                },
                                                {
                                                    "Worker Number": 3,
                                                    "Actual Startup Time": 404.078,
                                                    "Actual Total Time": 404.079,
                                                    "Actual Rows": 388887,
                                                    "Actual Loops": 1
                                                },
                                                {
                                                    "Worker Number": 4,
                                                    "Actual Startup Time": 404.245,
                                                    "Actual Total Time": 404.246,
                                                    "Actual Rows": 492798,
                                                    "Actual Loops": 1
                                                },
                                                {
                                                    "Worker Number": 5,
                                                    "Actual Startup Time": 404.209,
                                                    "Actual Total Time": 404.209,
                                                    "Actual Rows": 491768,
                                                    "Actual Loops": 1
                                                }
                                            ],
                                            "Plans": [
                                                {
                                                    "Node Type": "Seq Scan",
                                                    "Parent Relationship": "Outer",
                                                    "Parallel Aware": true,
                                                    "Relation Name": "char_name",
                                                    "Schema": "public",
                                                    "Alias": "cn",
                                                    "Startup Cost": 0.0,
                                                    "Total Cost": 44299.06,
                                                    "Plan Rows": 785106,
                                                    "Plan Width": 20,
                                                    "Actual Startup Time": 0.113,
                                                    "Actual Total Time": 106.062,
                                                    "Actual Rows": 448620,
                                                    "Actual Loops": 7,
                                                    "Output": [
                                                        "cn.name",
                                                        "cn.id"
                                                    ],
                                                    "Workers": [
                                                        {
                                                            "Worker Number": 0,
                                                            "Actual Startup Time": 0.076,
                                                            "Actual Total Time": 107.398,
                                                            "Actual Rows": 391520,
                                                            "Actual Loops": 1
                                                        },
                                                        {
                                                            "Worker Number": 1,
                                                            "Actual Startup Time": 0.075,
                                                            "Actual Total Time": 109.856,
                                                            "Actual Rows": 395212,
                                                            "Actual Loops": 1
                                                        },
                                                        {
                                                            "Worker Number": 2,
                                                            "Actual Startup Time": 0.165,
                                                            "Actual Total Time": 108.007,
                                                            "Actual Rows": 397362,
                                                            "Actual Loops": 1
                                                        },
                                                        {
                                                            "Worker Number": 3,
                                                            "Actual Startup Time": 0.172,
                                                            "Actual Total Time": 107.918,
                                                            "Actual Rows": 388887,
                                                            "Actual Loops": 1
                                                        },
                                                        {
                                                            "Worker Number": 4,
                                                            "Actual Startup Time": 0.079,
                                                            "Actual Total Time": 102.35,
                                                            "Actual Rows": 492798,
                                                            "Actual Loops": 1
                                                        },
                                                        {
                                                            "Worker Number": 5,
                                                            "Actual Startup Time": 0.191,
                                                            "Actual Total Time": 102.021,
                                                            "Actual Rows": 491768,
                                                            "Actual Loops": 1
                                                        }
                                                    ]
                                                }
                                            ]
                                        }
                                    ]
                                }
                            ]
                        }
                    ]
                }
            ]
        },
        "Planning Time": 243.871,
        "Triggers": [],
        "Execution Time": 1489.191
    }
]