[
  {
    "Plan": {
      "Node Type": "Aggregate",
      "Strategy": "Plain",
      "Partial Mode": "Finalize",
      "Parallel Aware": false,
      "Startup Cost": 55586.27,
      "Total Cost": 55586.28,
      "Plan Rows": 1,
      "Plan Width": 8,
      "Actual Startup Time": 138.509,
      "Actual Total Time": 157.194,
      "Actual Rows": 1,
      "Actual Loops": 1,
      "Plans": [
        {
          "Node Type": "Gather",
          "Parent Relationship": "Outer",
          "Parallel Aware": false,
          "Startup Cost": 55585.85,
          "Total Cost": 55586.26,
          "Plan Rows": 4,
          "Plan Width": 8,
          "Actual Startup Time": 138.36,
          "Actual Total Time": 157.181,
          "Actual Rows": 5,
          "Actual Loops": 1,
          "Workers Planned": 4,
          "Workers Launched": 4,
          "Single Copy": false,
          "Plans": [
            {
              "Node Type": "Aggregate",
              "Strategy": "Plain",
              "Partial Mode": "Partial",
              "Parent Relationship": "Outer",
              "Parallel Aware": false,
              "Startup Cost": 54585.85,
              "Total Cost": 54585.86,
              "Plan Rows": 1,
              "Plan Width": 8,
              "Actual Startup Time": 124.164,
              "Actual Total Time": 124.166,
              "Actual Rows": 1,
              "Actual Loops": 5,
              "Plans": [
                {
                  "Node Type": "Nested Loop",
                  "Parent Relationship": "Outer",
                  "Parallel Aware": false,
                  "Join Type": "Inner",
                  "Startup Cost": 0.43,
                  "Total Cost": 54582.68,
                  "Plan Rows": 1268,
                  "Plan Width": 0,
                  "Actual Startup Time": 9.117,
                  "Actual Total Time": 123.773,
                  "Actual Rows": 4069,
                  "Actual Loops": 5,
                  "Inner Unique": false,
                  "Plans": [
                    {
                      "Node Type": "Seq Scan",
                      "Parent Relationship": "Outer",
                      "Parallel Aware": true,
                      "Relation Name": "title",
                      "Alias": "t",
                      "Startup Cost": 0.0,
                      "Total Cost": 45479.59,
                      "Plan Rows": 1007,
                      "Plan Width": 4,
                      "Actual Startup Time": 1.668,
                      "Actual Total Time": 106.446,
                      "Actual Rows": 954,
                      "Actual Loops": 5,
                      "Filter": "((kind_id < 3) AND (production_year = 1973))",
                      "Rows Removed by Filter": 504709
                    },
                    {
                      "Node Type": "Index Scan",
                      "Parent Relationship": "Inner",
                      "Parallel Aware": false,
                      "Scan Direction": "Forward",
                      "Index Name": "movie_id_movie_keyword",
                      "Relation Name": "movie_keyword",
                      "Alias": "mk",
                      "Startup Cost": 0.43,
                      "Total Cost": 8.72,
                      "Plan Rows": 32,
                      "Plan Width": 4,
                      "Actual Startup Time": 0.015,
                      "Actual Total Time": 0.017,
                      "Actual Rows": 4,
                      "Actual Loops": 4769,
                      "Index Cond": "(movie_id = t.id)",
                      "Rows Removed by Index Recheck": 0,
                      "Filter": "(keyword_id > 1756)",
                      "Rows Removed by Filter": 2
                    }
                  ]
                }
              ]
            }
          ]
        }
      ]
    },
    "Planning Time": 0.659,
    "Triggers": [],
    "Execution Time": 157.278
  }
]