[
  {
    "Plan": {
      "Node Type": "Aggregate",
      "Strategy": "Plain",
      "Partial Mode": "Finalize",
      "Parallel Aware": false,
      "Startup Cost": 44904.02,
      "Total Cost": 44904.03,
      "Plan Rows": 1,
      "Plan Width": 8,
      "Actual Startup Time": 89.206,
      "Actual Total Time": 100.528,
      "Actual Rows": 1,
      "Actual Loops": 1,
      "Plans": [
        {
          "Node Type": "Gather",
          "Parent Relationship": "Outer",
          "Parallel Aware": false,
          "Startup Cost": 44903.6,
          "Total Cost": 44904.01,
          "Plan Rows": 4,
          "Plan Width": 8,
          "Actual Startup Time": 89.082,
          "Actual Total Time": 100.519,
          "Actual Rows": 5,
          "Actual Loops": 1,
          "Workers Planned": 4,
          "Workers Launched": 4,
          "Single Copy": false,
          "Plans": [
            {
              "Node Type": "Aggregate",
              "Strategy": "Plain",
              "Partial Mode": "Partial",
              "Parent Relationship": "Outer",
              "Parallel Aware": false,
              "Startup Cost": 43903.6,
              "Total Cost": 43903.61,
              "Plan Rows": 1,
              "Plan Width": 8,
              "Actual Startup Time": 81.419,
              "Actual Total Time": 81.42,
              "Actual Rows": 1,
              "Actual Loops": 5,
              "Plans": [
                {
                  "Node Type": "Seq Scan",
                  "Parent Relationship": "Outer",
                  "Parallel Aware": true,
                  "Relation Name": "title",
                  "Alias": "t",
                  "Startup Cost": 0.0,
                  "Total Cost": 43898.92,
                  "Plan Rows": 1874,
                  "Plan Width": 0,
                  "Actual Startup Time": 53.753,
                  "Actual Total Time": 81.268,
                  "Actual Rows": 1538,
                  "Actual Loops": 5,
                  "Filter": "(production_year < 1901)",
                  "Rows Removed by Filter": 504125
                }
              ]
            }
          ]
        }
      ]
    },
    "Planning Time": 0.136,
    "Triggers": [],
    "Execution Time": 100.58
  }
]