{
  "Plan": {
    "Node Type": "Aggregate",
    "Strategy": "Plain",
    "Partial Mode": "Finalize",
    "Parallel Aware": false,
    "Startup Cost": 111434.68,
    "Total Cost": 111434.69,
    "Plan Rows": 1,
    "Plan Width": 8,
    "Actual Startup Time": 165.267,
    "Actual Total Time": 175.24,
    "Actual Rows": 1,
    "Actual Loops": 1,
    "Plans": [
      {
        "Node Type": "Gather",
        "Parent Relationship": "Outer",
        "Parallel Aware": false,
        "Startup Cost": 111434.57,
        "Total Cost": 111434.68,
        "Plan Rows": 1,
        "Plan Width": 8,
        "Actual Startup Time": 165.13,
        "Actual Total Time": 175.233,
        "Actual Rows": 2,
        "Actual Loops": 1,
        "Workers Planned": 1,
        "Workers Launched": 1,
        "Single Copy": false,
        "Plans": [
          {
            "Node Type": "Aggregate",
            "Strategy": "Plain",
            "Partial Mode": "Partial",
            "Parent Relationship": "Outer",
            "Parallel Aware": false,
            "Startup Cost": 110434.57,
            "Total Cost": 110434.58,
            "Plan Rows": 1,
            "Plan Width": 8,
            "Actual Startup Time": 158.566,
            "Actual Total Time": 158.571,
            "Actual Rows": 1,
            "Actual Loops": 2,
            "Plans": [
              {
                "Node Type": "Hash Join",
                "Parent Relationship": "Outer",
                "Parallel Aware": true,
                "Join Type": "Inner",
                "Startup Cost": 91300.38,
                "Total Cost": 110423.49,
                "Plan Rows": 4430,
                "Plan Width": 0,
                "Actual Startup Time": 57.188,
                "Actual Total Time": 157.425,
                "Actual Rows": 26534,
                "Actual Loops": 2,
                "Inner Unique": false,
                "Hash Cond": "(mi_idx.movie_id = t.id)",
                "Plans": [
                  {
                    "Node Type": "Seq Scan",
                    "Parent Relationship": "Outer",
                    "Parallel Aware": true,
                    "Relation Name": "movie_info_idx",
                    "Alias": "mi_idx",
                    "Startup Cost": 0.0,
                    "Total Cost": 16052.85,
                    "Plan Rows": 811785,
                    "Plan Width": 4,
                    "Actual Startup Time": 0.019,
                    "Actual Total Time": 49.538,
                    "Actual Rows": 690018,
                    "Actual Loops": 2
                  },
                  {
                    "Node Type": "Hash",
                    "Parent Relationship": "Inner",
                    "Parallel Aware": true,
                    "Startup Cost": 91198.93,
                    "Total Cost": 91198.93,
                    "Plan Rows": 8116,
                    "Plan Width": 8,
                    "Actual Startup Time": 55.868,
                    "Actual Total Time": 55.871,
                    "Actual Rows": 9102,
                    "Actual Loops": 2,
                    "Hash Buckets": 32768,
                    "Original Hash Buckets": 16384,
                    "Hash Batches": 1,
                    "Original Hash Batches": 1,
                    "Peak Memory Usage": 1152,
                    "Plans": [
                      {
                        "Node Type": "Nested Loop",
                        "Parent Relationship": "Outer",
                        "Parallel Aware": false,
                        "Join Type": "Inner",
                        "Startup Cost": 251.8,
                        "Total Cost": 91198.93,
                        "Plan Rows": 8116,
                        "Plan Width": 8,
                        "Actual Startup Time": 2.176,
                        "Actual Total Time": 51.466,
                        "Actual Rows": 9102,
                        "Actual Loops": 2,
                        "Inner Unique": true,
                        "Plans": [
                          {
                            "Node Type": "Bitmap Heap Scan",
                            "Parent Relationship": "Outer",
                            "Parallel Aware": true,
                            "Relation Name": "movie_info",
                            "Alias": "mi",
                            "Startup Cost": 251.37,
                            "Total Cost": 41943.79,
                            "Plan Rows": 8116,
                            "Plan Width": 4,
                            "Actual Startup Time": 2.005,
                            "Actual Total Time": 5.378,
                            "Actual Rows": 9102,
                            "Actual Loops": 2,
                            "Recheck Cond": "(info_type_id = 11)",
                            "Rows Removed by Index Recheck": 0,
                            "Exact Heap Blocks": 526,
                            "Lossy Heap Blocks": 0,
                            "Plans": [
                              {
                                "Node Type": "Bitmap Index Scan",
                                "Parent Relationship": "Outer",
                                "Parallel Aware": false,
                                "Index Name": "info_type_id_movie_info",
                                "Startup Cost": 0.0,
                                "Total Cost": 247.92,
                                "Plan Rows": 13798,
                                "Plan Width": 0,
                                "Actual Startup Time": 3.598,
                                "Actual Total Time": 3.598,
                                "Actual Rows": 18205,
                                "Actual Loops": 1,
                                "Index Cond": "(info_type_id = 11)"
                              }
                            ]
                          },
                          {
                            "Node Type": "Index Only Scan",
                            "Parent Relationship": "Inner",
                            "Parallel Aware": false,
                            "Scan Direction": "Forward",
                            "Index Name": "title_pkey",
                            "Relation Name": "title",
                            "Alias": "t",
                            "Startup Cost": 0.43,
                            "Total Cost": 6.07,
                            "Plan Rows": 1,
                            "Plan Width": 4,
                            "Actual Startup Time": 0.005,
                            "Actual Total Time": 0.005,
                            "Actual Rows": 1,
                            "Actual Loops": 18205,
                            "Index Cond": "(id = mi.movie_id)",
                            "Rows Removed by Index Recheck": 0,
                            "Heap Fetches": 18205
                          }
                        ]
                      }
                    ]
                  }
                ]
              }
            ]
          }
        ]
      }
    ]
  },
  "Planning Time": 1.114,
  "Triggers": [],
  "Execution Time": 175.351
}