{
  "Plan": {
    "Node Type": "Aggregate",
    "Strategy": "Plain",
    "Partial Mode": "Finalize",
    "Parallel Aware": false,
    "Startup Cost": 663725.61,
    "Total Cost": 663725.62,
    "Plan Rows": 1,
    "Plan Width": 8,
    "Actual Startup Time": 7343.051,
    "Actual Total Time": 7410.305,
    "Actual Rows": 1,
    "Actual Loops": 1,
    "Plans": [
      {
        "Node Type": "Gather",
        "Parent Relationship": "Outer",
        "Parallel Aware": false,
        "Startup Cost": 663725.5,
        "Total Cost": 663725.61,
        "Plan Rows": 1,
        "Plan Width": 8,
        "Actual Startup Time": 7338.314,
        "Actual Total Time": 7410.297,
        "Actual Rows": 2,
        "Actual Loops": 1,
        "Workers Planned": 1,
        "Workers Launched": 1,
        "Single Copy": false,
        "Plans": [
          {
            "Node Type": "Aggregate",
            "Strategy": "Plain",
            "Partial Mode": "Partial",
            "Parent Relationship": "Outer",
            "Parallel Aware": false,
            "Startup Cost": 662725.5,
            "Total Cost": 662725.51,
            "Plan Rows": 1,
            "Plan Width": 8,
            "Actual Startup Time": 7329.793,
            "Actual Total Time": 7329.797,
            "Actual Rows": 1,
            "Actual Loops": 2,
            "Plans": [
              {
                "Node Type": "Hash Join",
                "Parent Relationship": "Outer",
                "Parallel Aware": true,
                "Join Type": "Inner",
                "Startup Cost": 70957.96,
                "Total Cost": 629567.16,
                "Plan Rows": 13263336,
                "Plan Width": 0,
                "Actual Startup Time": 497.604,
                "Actual Total Time": 6856.562,
                "Actual Rows": 11770862,
                "Actual Loops": 2,
                "Inner Unique": true,
                "Hash Cond": "(ci.movie_id = t.id)",
                "Plans": [
                  {
                    "Node Type": "Seq Scan",
                    "Parent Relationship": "Outer",
                    "Parallel Aware": true,
                    "Relation Name": "cast_info",
                    "Alias": "ci",
                    "Startup Cost": 0.0,
                    "Total Cost": 519069.44,
                    "Plan Rows": 15062737,
                    "Plan Width": 4,
                    "Actual Startup Time": 0.015,
                    "Actual Total Time": 1564.113,
                    "Actual Rows": 12866372,
                    "Actual Loops": 2,
                    "Filter": "(person_id < 2658648)",
                    "Rows Removed by Filter": 5255800
                  },
                  {
                    "Node Type": "Hash",
                    "Parent Relationship": "Inner",
                    "Parallel Aware": true,
                    "Startup Cost": 54588.39,
                    "Total Cost": 54588.39,
                    "Plan Rows": 1309566,
                    "Plan Width": 4,
                    "Actual Startup Time": 480.823,
                    "Actual Total Time": 480.824,
                    "Actual Rows": 1107409,
                    "Actual Loops": 2,
                    "Hash Buckets": 4194304,
                    "Original Hash Buckets": 4194304,
                    "Hash Batches": 1,
                    "Original Hash Batches": 1,
                    "Peak Memory Usage": 119456,
                    "Plans": [
                      {
                        "Node Type": "Seq Scan",
                        "Parent Relationship": "Outer",
                        "Parallel Aware": true,
                        "Relation Name": "title",
                        "Alias": "t",
                        "Startup Cost": 0.0,
                        "Total Cost": 54588.39,
                        "Plan Rows": 1309566,
                        "Plan Width": 4,
                        "Actual Startup Time": 0.021,
                        "Actual Total Time": 175.879,
                        "Actual Rows": 1107409,
                        "Actual Loops": 2,
                        "Filter": "(production_year > 1959)",
                        "Rows Removed by Filter": 156747
                      }
                    ]
                  }
                ]
              }
            ]
          }
        ]
      }
    ]
  },
  "Planning Time": 0.462,
  "Triggers": [],
  "Execution Time": 7410.362
}