{
    "Plan": {
        "Node Type": "Aggregate",
        "Strategy": "Plain",
        "Partial Mode": "Simple",
        "Parallel Aware": false,
        "Startup Cost": 170000719146.26,
        "Total Cost": 170000719146.27,
        "Plan Rows": 1,
        "Plan Width": 96,
        "Actual Startup Time": 2554.342,
        "Actual Total Time": 2554.369,
        "Actual Rows": 1,
        "Actual Loops": 1,
        "Output": [
            "min(chn.name)",
            "min(n.name)",
            "min(t.title)"
        ],
        "Plans": [
            {
                "Node Type": "Nested Loop",
                "Parent Relationship": "Outer",
                "Parallel Aware": false,
                "Join Type": "Inner",
                "Startup Cost": 170000000012.69,
                "Total Cost": 170000719146.25,
                "Plan Rows": 1,
                "Plan Width": 48,
                "Actual Startup Time": 1093.388,
                "Actual Total Time": 2553.987,
                "Actual Rows": 784,
                "Actual Loops": 1,
                "Output": [
                    "chn.name",
                    "n.name",
                    "t.title"
                ],
                "Inner Unique": false,
                "Join Filter": "(n.id = an.person_id)",
                "Rows Removed by Join Filter": 0,
                "Plans": [
                    {
                        "Node Type": "Nested Loop",
                        "Parent Relationship": "Outer",
                        "Parallel Aware": false,
                        "Join Type": "Inner",
                        "Startup Cost": 160000000012.25,
                        "Total Cost": 160000719141.76,
                        "Plan Rows": 1,
                        "Plan Width": 60,
                        "Actual Startup Time": 1093.339,
                        "Actual Total Time": 2550.358,
                        "Actual Rows": 772,
                        "Actual Loops": 1,
                        "Output": [
                            "ci.person_id",
                            "chn.name",
                            "n.name",
                            "n.id",
                            "pi.person_id",
                            "t.title"
                        ],
                        "Inner Unique": true,
                        "Join Filter": "(mi.movie_id = t.id)",
                        "Rows Removed by Join Filter": 0,
                        "Plans": [
                            {
                                "Node Type": "Nested Loop",
                                "Parent Relationship": "Outer",
                                "Parallel Aware": false,
                                "Join Type": "Inner",
                                "Startup Cost": 150000000011.8,
                                "Total Cost": 150000719137.28,
                                "Plan Rows": 1,
                                "Plan Width": 63,
                                "Actual Startup Time": 1093.293,
                                "Actual Total Time": 2546.646,
                                "Actual Rows": 772,
                                "Actual Loops": 1,
                                "Output": [
                                    "cc.movie_id",
                                    "ci.movie_id",
                                    "ci.person_id",
                                    "chn.name",
                                    "mc.movie_id",
                                    "mi.movie_id",
                                    "mk.movie_id",
                                    "n.name",
                                    "n.id",
                                    "pi.person_id"
                                ],
                                "Inner Unique": true,
                                "Plans": [
                                    {
                                        "Node Type": "Nested Loop",
                                        "Parent Relationship": "Outer",
                                        "Parallel Aware": false,
                                        "Join Type": "Inner",
                                        "Startup Cost": 140000000011.37,
                                        "Total Cost": 140000719128.82,
                                        "Plan Rows": 1,
                                        "Plan Width": 67,
                                        "Actual Startup Time": 677.462,
                                        "Actual Total Time": 2152.178,
                                        "Actual Rows": 93462,
                                        "Actual Loops": 1,
                                        "Output": [
                                            "cc.movie_id",
                                            "ci.movie_id",
                                            "ci.person_id",
                                            "chn.name",
                                            "mc.movie_id",
                                            "mi.movie_id",
                                            "mk.movie_id",
                                            "mk.keyword_id",
                                            "n.name",
                                            "n.id",
                                            "pi.person_id"
                                        ],
                                        "Inner Unique": false,
                                        "Join Filter": "(mi.movie_id = mk.movie_id)",
                                        "Rows Removed by Join Filter": 0,
                                        "Plans": [
                                            {
                                                "Node Type": "Nested Loop",
                                                "Parent Relationship": "Outer",
                                                "Parallel Aware": false,
                                                "Join Type": "Inner",
                                                "Startup Cost": 130000000010.55,
                                                "Total Cost": 130000719122.85,
                                                "Plan Rows": 1,
                                                "Plan Width": 59,
                                                "Actual Startup Time": 677.413,
                                                "Actual Total Time": 2116.212,
                                                "Actual Rows": 1152,
                                                "Actual Loops": 1,
                                                "Output": [
                                                    "cc.movie_id",
                                                    "ci.movie_id",
                                                    "ci.person_id",
                                                    "chn.name",
                                                    "mc.movie_id",
                                                    "mi.movie_id",
                                                    "n.name",
                                                    "n.id",
                                                    "pi.person_id"
                                                ],
                                                "Inner Unique": true,
                                                "Plans": [
                                                    {
                                                        "Node Type": "Nested Loop",
                                                        "Parent Relationship": "Outer",
                                                        "Parallel Aware": false,
                                                        "Join Type": "Inner",
                                                        "Startup Cost": 120000000010.4,
                                                        "Total Cost": 120000719114.67,
                                                        "Plan Rows": 1,
                                                        "Plan Width": 63,
                                                        "Actual Startup Time": 677.407,
                                                        "Actual Total Time": 2111.546,
                                                        "Actual Rows": 1152,
                                                        "Actual Loops": 1,
                                                        "Output": [
                                                            "cc.movie_id",
                                                            "ci.movie_id",
                                                            "ci.person_id",
                                                            "chn.name",
                                                            "mc.movie_id",
                                                            "mi.movie_id",
                                                            "mi.info_type_id",
                                                            "n.name",
                                                            "n.id",
                                                            "pi.person_id"
                                                        ],
                                                        "Inner Unique": false,
                                                        "Plans": [
                                                            {
                                                                "Node Type": "Nested Loop",
                                                                "Parent Relationship": "Outer",
                                                                "Parallel Aware": false,
                                                                "Join Type": "Inner",
                                                                "Startup Cost": 110000000009.59,
                                                                "Total Cost": 110000719109.17,
                                                                "Plan Rows": 1,
                                                                "Plan Width": 55,
                                                                "Actual Startup Time": 677.286,
                                                                "Actual Total Time": 2072.053,
                                                                "Actual Rows": 635,
                                                                "Actual Loops": 1,
                                                                "Output": [
                                                                    "cc.movie_id",
                                                                    "ci.movie_id",
                                                                    "ci.person_id",
                                                                    "chn.name",
                                                                    "mc.movie_id",
                                                                    "n.name",
                                                                    "n.id",
                                                                    "pi.person_id"
                                                                ],
                                                                "Inner Unique": true,
                                                                "Plans": [
                                                                    {
                                                                        "Node Type": "Nested Loop",
                                                                        "Parent Relationship": "Outer",
                                                                        "Parallel Aware": false,
                                                                        "Join Type": "Inner",
                                                                        "Startup Cost": 100000000009.16,
                                                                        "Total Cost": 100000719104.72,
                                                                        "Plan Rows": 1,
                                                                        "Plan Width": 59,
                                                                        "Actual Startup Time": 677.223,
                                                                        "Actual Total Time": 2058.205,
                                                                        "Actual Rows": 2516,
                                                                        "Actual Loops": 1,
                                                                        "Output": [
                                                                            "cc.movie_id",
                                                                            "ci.movie_id",
                                                                            "ci.person_id",
                                                                            "chn.name",
                                                                            "mc.movie_id",
                                                                            "mc.company_id",
                                                                            "n.name",
                                                                            "n.id",
                                                                            "pi.person_id"
                                                                        ],
                                                                        "Inner Unique": false,
                                                                        "Plans": [
                                                                            {
                                                                                "Node Type": "Nested Loop",
                                                                                "Parent Relationship": "Outer",
                                                                                "Parallel Aware": false,
                                                                                "Join Type": "Inner",
                                                                                "Startup Cost": 90000000008.65,
                                                                                "Total Cost": 90000719100.1,
                                                                                "Plan Rows": 1,
                                                                                "Plan Width": 51,
                                                                                "Actual Startup Time": 677.157,
                                                                                "Actual Total Time": 2055.763,
                                                                                "Actual Rows": 135,
                                                                                "Actual Loops": 1,
                                                                                "Output": [
                                                                                    "cc.movie_id",
                                                                                    "ci.movie_id",
                                                                                    "ci.person_id",
                                                                                    "chn.name",
                                                                                    "n.name",
                                                                                    "n.id",
                                                                                    "pi.person_id"
                                                                                ],
                                                                                "Inner Unique": true,
                                                                                "Plans": [
                                                                                    {
                                                                                        "Node Type": "Nested Loop",
                                                                                        "Parent Relationship": "Outer",
                                                                                        "Parallel Aware": false,
                                                                                        "Join Type": "Inner",
                                                                                        "Startup Cost": 80000000008.16,
                                                                                        "Total Cost": 80000719095.59,
                                                                                        "Plan Rows": 1,
                                                                                        "Plan Width": 39,
                                                                                        "Actual Startup Time": 677.104,
                                                                                        "Actual Total Time": 2054.569,
                                                                                        "Actual Rows": 135,
                                                                                        "Actual Loops": 1,
                                                                                        "Output": [
                                                                                            "cc.movie_id",
                                                                                            "ci.movie_id",
                                                                                            "ci.person_id",
                                                                                            "ci.person_role_id",
                                                                                            "n.name",
                                                                                            "n.id",
                                                                                            "pi.person_id"
                                                                                        ],
                                                                                        "Inner Unique": true,
                                                                                        "Plans": [
                                                                                            {
                                                                                                "Node Type": "Nested Loop",
                                                                                                "Parent Relationship": "Outer",
                                                                                                "Parallel Aware": false,
                                                                                                "Join Type": "Inner",
                                                                                                "Startup Cost": 70000000008.02,
                                                                                                "Total Cost": 70000719087.43,
                                                                                                "Plan Rows": 1,
                                                                                                "Plan Width": 43,
                                                                                                "Actual Startup Time": 603.717,
                                                                                                "Actual Total Time": 2049.347,
                                                                                                "Actual Rows": 1571,
                                                                                                "Actual Loops": 1,
                                                                                                "Output": [
                                                                                                    "cc.movie_id",
                                                                                                    "cc.status_id",
                                                                                                    "ci.movie_id",
                                                                                                    "ci.person_id",
                                                                                                    "ci.person_role_id",
                                                                                                    "n.name",
                                                                                                    "n.id",
                                                                                                    "pi.person_id"
                                                                                                ],
                                                                                                "Inner Unique": true,
                                                                                                "Plans": [
                                                                                                    {
                                                                                                        "Node Type": "Nested Loop",
                                                                                                        "Parent Relationship": "Outer",
                                                                                                        "Parallel Aware": false,
                                                                                                        "Join Type": "Inner",
                                                                                                        "Startup Cost": 60000000007.88,
                                                                                                        "Total Cost": 60000719079.26,
                                                                                                        "Plan Rows": 1,
                                                                                                        "Plan Width": 47,
                                                                                                        "Actual Startup Time": 603.706,
                                                                                                        "Actual Total Time": 2041.976,
                                                                                                        "Actual Rows": 2010,
                                                                                                        "Actual Loops": 1,
                                                                                                        "Output": [
                                                                                                            "cc.movie_id",
                                                                                                            "cc.subject_id",
                                                                                                            "cc.status_id",
                                                                                                            "ci.movie_id",
                                                                                                            "ci.person_id",
                                                                                                            "ci.person_role_id",
                                                                                                            "n.name",
                                                                                                            "n.id",
                                                                                                            "pi.person_id"
                                                                                                        ],
                                                                                                        "Inner Unique": false,
                                                                                                        "Plans": [
                                                                                                            {
                                                                                                                "Node Type": "Nested Loop",
                                                                                                                "Parent Relationship": "Outer",
                                                                                                                "Parallel Aware": false,
                                                                                                                "Join Type": "Inner",
                                                                                                                "Startup Cost": 50000000007.44,
                                                                                                                "Total Cost": 50000719061.33,
                                                                                                                "Plan Rows": 4,
                                                                                                                "Plan Width": 35,
                                                                                                                "Actual Startup Time": 603.556,
                                                                                                                "Actual Total Time": 1974.726,
                                                                                                                "Actual Rows": 17875,
                                                                                                                "Actual Loops": 1,
                                                                                                                "Output": [
                                                                                                                    "ci.movie_id",
                                                                                                                    "ci.person_id",
                                                                                                                    "ci.person_role_id",
                                                                                                                    "n.name",
                                                                                                                    "n.id",
                                                                                                                    "pi.person_id"
                                                                                                                ],
                                                                                                                "Inner Unique": true,
                                                                                                                "Plans": [
                                                                                                                    {
                                                                                                                        "Node Type": "Nested Loop",
                                                                                                                        "Parent Relationship": "Outer",
                                                                                                                        "Parallel Aware": false,
                                                                                                                        "Join Type": "Inner",
                                                                                                                        "Startup Cost": 40000000007.3,
                                                                                                                        "Total Cost": 40000718861.72,
                                                                                                                        "Plan Rows": 48,
                                                                                                                        "Plan Width": 39,
                                                                                                                        "Actual Startup Time": 603.541,
                                                                                                                        "Actual Total Time": 1911.813,
                                                                                                                        "Actual Rows": 17875,
                                                                                                                        "Actual Loops": 1,
                                                                                                                        "Output": [
                                                                                                                            "ci.movie_id",
                                                                                                                            "ci.person_id",
                                                                                                                            "ci.role_id",
                                                                                                                            "ci.person_role_id",
                                                                                                                            "n.name",
                                                                                                                            "n.id",
                                                                                                                            "pi.person_id"
                                                                                                                        ],
                                                                                                                        "Inner Unique": false,
                                                                                                                        "Join Filter": "(n.id = ci.person_id)",
                                                                                                                        "Rows Removed by Join Filter": 0,
                                                                                                                        "Plans": [
                                                                                                                            {
                                                                                                                                "Node Type": "Nested Loop",
                                                                                                                                "Parent Relationship": "Outer",
                                                                                                                                "Parallel Aware": false,
                                                                                                                                "Join Type": "Inner",
                                                                                                                                "Startup Cost": 30000000002.73,
                                                                                                                                "Total Cost": 30000714662.62,
                                                                                                                                "Plan Rows": 238,
                                                                                                                                "Plan Width": 23,
                                                                                                                                "Actual Startup Time": 598.079,
                                                                                                                                "Actual Total Time": 1785.488,
                                                                                                                                "Actual Rows": 6079,
                                                                                                                                "Actual Loops": 1,
                                                                                                                                "Output": [
                                                                                                                                    "pi.person_id",
                                                                                                                                    "n.name",
                                                                                                                                    "n.id"
                                                                                                                                ],
                                                                                                                                "Inner Unique": true,
                                                                                                                                "Plans": [
                                                                                                                                    {
                                                                                                                                        "Node Type": "Nested Loop",
                                                                                                                                        "Parent Relationship": "Outer",
                                                                                                                                        "Parallel Aware": false,
                                                                                                                                        "Join Type": "Inner",
                                                                                                                                        "Startup Cost": 20000000002.58,
                                                                                                                                        "Total Cost": 20000602677.42,
                                                                                                                                        "Plan Rows": 26885,
                                                                                                                                        "Plan Width": 27,
                                                                                                                                        "Actual Startup Time": 596.771,
                                                                                                                                        "Actual Total Time": 1695.117,
                                                                                                                                        "Actual Rows": 26008,
                                                                                                                                        "Actual Loops": 1,
                                                                                                                                        "Output": [
                                                                                                                                            "n.name",
                                                                                                                                            "n.id",
                                                                                                                                            "pi.person_id",
                                                                                                                                            "pi.info_type_id"
                                                                                                                                        ],
                                                                                                                                        "Inner Unique": false,
                                                                                                                                        "Plans": [
                                                                                                                                            {
                                                                                                                                                "Node Type": "Index Scan",
                                                                                                                                                "Parent Relationship": "Outer",
                                                                                                                                                "Parallel Aware": false,
                                                                                                                                                "Scan Direction": "Forward",
                                                                                                                                                "Index Name": "name_pkey",
                                                                                                                                                "Relation Name": "name",
                                                                                                                                                "Schema": "public",
                                                                                                                                                "Alias": "n",
                                                                                                                                                "Startup Cost": 10000000000.43,
                                                                                                                                                "Total Cost": 10000199011.55,
                                                                                                                                                "Plan Rows": 37808,
                                                                                                                                                "Plan Width": 19,
                                                                                                                                                "Actual Startup Time": 596.371,
                                                                                                                                                "Actual Total Time": 1520.605,
                                                                                                                                                "Actual Rows": 27877,
                                                                                                                                                "Actual Loops": 1,
                                                                                                                                                "Output": [
                                                                                                                                                    "n.id",
                                                                                                                                                    "n.name",
                                                                                                                                                    "n.imdb_index",
                                                                                                                                                    "n.imdb_id",
                                                                                                                                                    "n.gender",
                                                                                                                                                    "n.name_pcode_cf",
                                                                                                                                                    "n.name_pcode_nf",
                                                                                                                                                    "n.surname_pcode",
                                                                                                                                                    "n.md5sum"
                                                                                                                                                ],
                                                                                                                                                "Filter": "((n.name ~~ '%Al%'::text) AND ((n.gender)::text = 'f'::text))",
                                                                                                                                                "Rows Removed by Filter": 4139614
                                                                                                                                            },
                                                                                                                                            {
                                                                                                                                                "Node Type": "Bitmap Heap Scan",
                                                                                                                                                "Parent Relationship": "Inner",
                                                                                                                                                "Parallel Aware": false,
                                                                                                                                                "Relation Name": "person_info",
                                                                                                                                                "Schema": "public",
                                                                                                                                                "Alias": "pi",
                                                                                                                                                "Startup Cost": 2.15,
                                                                                                                                                "Total Cost": 10.43,
                                                                                                                                                "Plan Rows": 25,
                                                                                                                                                "Plan Width": 8,
                                                                                                                                                "Actual Startup Time": 0.004,
                                                                                                                                                "Actual Total Time": 0.005,
                                                                                                                                                "Actual Rows": 1,
                                                                                                                                                "Actual Loops": 27877,
                                                                                                                                                "Output": [
                                                                                                                                                    "pi.id",
                                                                                                                                                    "pi.person_id",
                                                                                                                                                    "pi.info_type_id",
                                                                                                                                                    "pi.info",
                                                                                                                                                    "pi.note"
                                                                                                                                                ],
                                                                                                                                                "Recheck Cond": "(pi.person_id = n.id)",
                                                                                                                                                "Rows Removed by Index Recheck": 0,
                                                                                                                                                "Exact Heap Blocks": 5393,
                                                                                                                                                "Lossy Heap Blocks": 0,
                                                                                                                                                "Plans": [
                                                                                                                                                    {
                                                                                                                                                        "Node Type": "Bitmap Index Scan",
                                                                                                                                                        "Parent Relationship": "Outer",
                                                                                                                                                        "Parallel Aware": false,
                                                                                                                                                        "Index Name": "person_id_person_info",
                                                                                                                                                        "Startup Cost": 0.0,
                                                                                                                                                        "Total Cost": 2.15,
                                                                                                                                                        "Plan Rows": 25,
                                                                                                                                                        "Plan Width": 0,
                                                                                                                                                        "Actual Startup Time": 0.003,
                                                                                                                                                        "Actual Total Time": 0.003,
                                                                                                                                                        "Actual Rows": 1,
                                                                                                                                                        "Actual Loops": 27877,
                                                                                                                                                        "Index Cond": "(pi.person_id = n.id)"
                                                                                                                                                    }
                                                                                                                                                ]
                                                                                                                                            }
                                                                                                                                        ]
                                                                                                                                    },
                                                                                                                                    {
                                                                                                                                        "Node Type": "Bitmap Heap Scan",
                                                                                                                                        "Parent Relationship": "Inner",
                                                                                                                                        "Parallel Aware": false,
                                                                                                                                        "Relation Name": "info_type",
                                                                                                                                        "Schema": "public",
                                                                                                                                        "Alias": "it3",
                                                                                                                                        "Startup Cost": 0.15,
                                                                                                                                        "Total Cost": 4.17,
                                                                                                                                        "Plan Rows": 1,
                                                                                                                                        "Plan Width": 4,
                                                                                                                                        "Actual Startup Time": 0.002,
                                                                                                                                        "Actual Total Time": 0.002,
                                                                                                                                        "Actual Rows": 0,
                                                                                                                                        "Actual Loops": 26008,
                                                                                                                                        "Output": [
                                                                                                                                            "it3.id",
                                                                                                                                            "it3.info"
                                                                                                                                        ],
                                                                                                                                        "Recheck Cond": "(it3.id = pi.info_type_id)",
                                                                                                                                        "Rows Removed by Index Recheck": 0,
                                                                                                                                        "Filter": "((it3.info)::text = 'trivia'::text)",
                                                                                                                                        "Rows Removed by Filter": 1,
                                                                                                                                        "Exact Heap Blocks": 26008,
                                                                                                                                        "Lossy Heap Blocks": 0,
                                                                                                                                        "Plans": [
                                                                                                                                            {
                                                                                                                                                "Node Type": "Bitmap Index Scan",
                                                                                                                                                "Parent Relationship": "Outer",
                                                                                                                                                "Parallel Aware": false,
                                                                                                                                                "Index Name": "info_type_pkey",
                                                                                                                                                "Startup Cost": 0.0,
                                                                                                                                                "Total Cost": 0.15,
                                                                                                                                                "Plan Rows": 1,
                                                                                                                                                "Plan Width": 0,
                                                                                                                                                "Actual Startup Time": 0.001,
                                                                                                                                                "Actual Total Time": 0.001,
                                                                                                                                                "Actual Rows": 1,
                                                                                                                                                "Actual Loops": 26008,
                                                                                                                                                "Index Cond": "(it3.id = pi.info_type_id)"
                                                                                                                                            }
                                                                                                                                        ]
                                                                                                                                    }
                                                                                                                                ]
                                                                                                                            },
                                                                                                                            {
                                                                                                                                "Node Type": "Bitmap Heap Scan",
                                                                                                                                "Parent Relationship": "Inner",
                                                                                                                                "Parallel Aware": false,
                                                                                                                                "Relation Name": "cast_info",
                                                                                                                                "Schema": "public",
                                                                                                                                "Alias": "ci",
                                                                                                                                "Startup Cost": 4.57,
                                                                                                                                "Total Cost": 17.49,
                                                                                                                                "Plan Rows": 12,
                                                                                                                                "Plan Width": 16,
                                                                                                                                "Actual Startup Time": 0.014,
                                                                                                                                "Actual Total Time": 0.019,
                                                                                                                                "Actual Rows": 3,
                                                                                                                                "Actual Loops": 6079,
                                                                                                                                "Output": [
                                                                                                                                    "ci.id",
                                                                                                                                    "ci.person_id",
                                                                                                                                    "ci.movie_id",
                                                                                                                                    "ci.person_role_id",
                                                                                                                                    "ci.note",
                                                                                                                                    "ci.nr_order",
                                                                                                                                    "ci.role_id"
                                                                                                                                ],
                                                                                                                                "Recheck Cond": "(ci.person_id = pi.person_id)",
                                                                                                                                "Rows Removed by Index Recheck": 0,
                                                                                                                                "Filter": "(ci.note = ANY ('{(voice),\"(voice: Japanese version)\",\"(voice) (uncredited)\",\"(voice: English version)\"}'::text[]))",
                                                                                                                                "Rows Removed by Filter": 107,
                                                                                                                                "Exact Heap Blocks": 14448,
                                                                                                                                "Lossy Heap Blocks": 0,
                                                                                                                                "Plans": [
                                                                                                                                    {
                                                                                                                                        "Node Type": "Bitmap Index Scan",
                                                                                                                                        "Parent Relationship": "Outer",
                                                                                                                                        "Parallel Aware": false,
                                                                                                                                        "Index Name": "person_id_cast_info",
                                                                                                                                        "Startup Cost": 0.0,
                                                                                                                                        "Total Cost": 4.57,
                                                                                                                                        "Plan Rows": 510,
                                                                                                                                        "Plan Width": 0,
                                                                                                                                        "Actual Startup Time": 0.006,
                                                                                                                                        "Actual Total Time": 0.006,
                                                                                                                                        "Actual Rows": 109,
                                                                                                                                        "Actual Loops": 6079,
                                                                                                                                        "Index Cond": "(ci.person_id = pi.person_id)"
                                                                                                                                    }
                                                                                                                                ]
                                                                                                                            }
                                                                                                                        ]
                                                                                                                    },
                                                                                                                    {
                                                                                                                        "Node Type": "Bitmap Heap Scan",
                                                                                                                        "Parent Relationship": "Inner",
                                                                                                                        "Parallel Aware": false,
                                                                                                                        "Relation Name": "role_type",
                                                                                                                        "Schema": "public",
                                                                                                                        "Alias": "rt",
                                                                                                                        "Startup Cost": 0.14,
                                                                                                                        "Total Cost": 4.16,
                                                                                                                        "Plan Rows": 1,
                                                                                                                        "Plan Width": 4,
                                                                                                                        "Actual Startup Time": 0.002,
                                                                                                                        "Actual Total Time": 0.002,
                                                                                                                        "Actual Rows": 1,
                                                                                                                        "Actual Loops": 17875,
                                                                                                                        "Output": [
                                                                                                                            "rt.id",
                                                                                                                            "rt.role"
                                                                                                                        ],
                                                                                                                        "Recheck Cond": "(rt.id = ci.role_id)",
                                                                                                                        "Rows Removed by Index Recheck": 0,
                                                                                                                        "Filter": "((rt.role)::text = 'actress'::text)",
                                                                                                                        "Rows Removed by Filter": 0,
                                                                                                                        "Exact Heap Blocks": 17875,
                                                                                                                        "Lossy Heap Blocks": 0,
                                                                                                                        "Plans": [
                                                                                                                            {
                                                                                                                                "Node Type": "Bitmap Index Scan",
                                                                                                                                "Parent Relationship": "Outer",
                                                                                                                                "Parallel Aware": false,
                                                                                                                                "Index Name": "role_type_pkey",
                                                                                                                                "Startup Cost": 0.0,
                                                                                                                                "Total Cost": 0.14,
                                                                                                                                "Plan Rows": 1,
                                                                                                                                "Plan Width": 0,
                                                                                                                                "Actual Startup Time": 0.001,
                                                                                                                                "Actual Total Time": 0.001,
                                                                                                                                "Actual Rows": 1,
                                                                                                                                "Actual Loops": 17875,
                                                                                                                                "Index Cond": "(rt.id = ci.role_id)"
                                                                                                                            }
                                                                                                                        ]
                                                                                                                    }
                                                                                                                ]
                                                                                                            },
                                                                                                            {
                                                                                                                "Node Type": "Bitmap Heap Scan",
                                                                                                                "Parent Relationship": "Inner",
                                                                                                                "Parallel Aware": false,
                                                                                                                "Relation Name": "complete_cast",
                                                                                                                "Schema": "public",
                                                                                                                "Alias": "cc",
                                                                                                                "Startup Cost": 0.44,
                                                                                                                "Total Cost": 4.46,
                                                                                                                "Plan Rows": 2,
                                                                                                                "Plan Width": 12,
                                                                                                                "Actual Startup Time": 0.002,
                                                                                                                "Actual Total Time": 0.002,
                                                                                                                "Actual Rows": 0,
                                                                                                                "Actual Loops": 17875,
                                                                                                                "Output": [
                                                                                                                    "cc.id",
                                                                                                                    "cc.movie_id",
                                                                                                                    "cc.subject_id",
                                                                                                                    "cc.status_id"
                                                                                                                ],
                                                                                                                "Recheck Cond": "(cc.movie_id = ci.movie_id)",
                                                                                                                "Rows Removed by Index Recheck": 0,
                                                                                                                "Exact Heap Blocks": 2010,
                                                                                                                "Lossy Heap Blocks": 0,
                                                                                                                "Plans": [
                                                                                                                    {
                                                                                                                        "Node Type": "Bitmap Index Scan",
                                                                                                                        "Parent Relationship": "Outer",
                                                                                                                        "Parallel Aware": false,
                                                                                                                        "Index Name": "movie_id_complete_cast",
                                                                                                                        "Startup Cost": 0.0,
                                                                                                                        "Total Cost": 0.44,
                                                                                                                        "Plan Rows": 2,
                                                                                                                        "Plan Width": 0,
                                                                                                                        "Actual Startup Time": 0.002,
                                                                                                                        "Actual Total Time": 0.002,
                                                                                                                        "Actual Rows": 0,
                                                                                                                        "Actual Loops": 17875,
                                                                                                                        "Index Cond": "(cc.movie_id = ci.movie_id)"
                                                                                                                    }
                                                                                                                ]
                                                                                                            }
                                                                                                        ]
                                                                                                    },
                                                                                                    {
                                                                                                        "Node Type": "Bitmap Heap Scan",
                                                                                                        "Parent Relationship": "Inner",
                                                                                                        "Parallel Aware": false,
                                                                                                        "Relation Name": "comp_cast_type",
                                                                                                        "Schema": "public",
                                                                                                        "Alias": "cct1",
                                                                                                        "Startup Cost": 0.14,
                                                                                                        "Total Cost": 4.15,
                                                                                                        "Plan Rows": 1,
                                                                                                        "Plan Width": 4,
                                                                                                        "Actual Startup Time": 0.002,
                                                                                                        "Actual Total Time": 0.002,
                                                                                                        "Actual Rows": 1,
                                                                                                        "Actual Loops": 2010,
                                                                                                        "Output": [
                                                                                                            "cct1.id",
                                                                                                            "cct1.kind"
                                                                                                        ],
                                                                                                        "Recheck Cond": "(cct1.id = cc.subject_id)",
                                                                                                        "Rows Removed by Index Recheck": 0,
                                                                                                        "Filter": "((cct1.kind)::text = 'cast'::text)",
                                                                                                        "Rows Removed by Filter": 0,
                                                                                                        "Exact Heap Blocks": 2010,
                                                                                                        "Lossy Heap Blocks": 0,
                                                                                                        "Plans": [
                                                                                                            {
                                                                                                                "Node Type": "Bitmap Index Scan",
                                                                                                                "Parent Relationship": "Outer",
                                                                                                                "Parallel Aware": false,
                                                                                                                "Index Name": "comp_cast_type_pkey",
                                                                                                                "Startup Cost": 0.0,
                                                                                                                "Total Cost": 0.14,
                                                                                                                "Plan Rows": 1,
                                                                                                                "Plan Width": 0,
                                                                                                                "Actual Startup Time": 0.001,
                                                                                                                "Actual Total Time": 0.001,
                                                                                                                "Actual Rows": 1,
                                                                                                                "Actual Loops": 2010,
                                                                                                                "Index Cond": "(cct1.id = cc.subject_id)"
                                                                                                            }
                                                                                                        ]
                                                                                                    }
                                                                                                ]
                                                                                            },
                                                                                            {
                                                                                                "Node Type": "Bitmap Heap Scan",
                                                                                                "Parent Relationship": "Inner",
                                                                                                "Parallel Aware": false,
                                                                                                "Relation Name": "comp_cast_type",
                                                                                                "Schema": "public",
                                                                                                "Alias": "cct2",
                                                                                                "Startup Cost": 0.14,
                                                                                                "Total Cost": 4.15,
                                                                                                "Plan Rows": 1,
                                                                                                "Plan Width": 4,
                                                                                                "Actual Startup Time": 0.002,
                                                                                                "Actual Total Time": 0.002,
                                                                                                "Actual Rows": 0,
                                                                                                "Actual Loops": 1571,
                                                                                                "Output": [
                                                                                                    "cct2.id",
                                                                                                    "cct2.kind"
                                                                                                ],
                                                                                                "Recheck Cond": "(cct2.id = cc.status_id)",
                                                                                                "Rows Removed by Index Recheck": 0,
                                                                                                "Filter": "((cct2.kind)::text = 'complete+verified'::text)",
                                                                                                "Rows Removed by Filter": 1,
                                                                                                "Exact Heap Blocks": 1571,
                                                                                                "Lossy Heap Blocks": 0,
                                                                                                "Plans": [
                                                                                                    {
                                                                                                        "Node Type": "Bitmap Index Scan",
                                                                                                        "Parent Relationship": "Outer",
                                                                                                        "Parallel Aware": false,
                                                                                                        "Index Name": "comp_cast_type_pkey",
                                                                                                        "Startup Cost": 0.0,
                                                                                                        "Total Cost": 0.14,
                                                                                                        "Plan Rows": 1,
                                                                                                        "Plan Width": 0,
                                                                                                        "Actual Startup Time": 0.001,
                                                                                                        "Actual Total Time": 0.001,
                                                                                                        "Actual Rows": 1,
                                                                                                        "Actual Loops": 1571,
                                                                                                        "Index Cond": "(cct2.id = cc.status_id)"
                                                                                                    }
                                                                                                ]
                                                                                            }
                                                                                        ]
                                                                                    },
                                                                                    {
                                                                                        "Node Type": "Bitmap Heap Scan",
                                                                                        "Parent Relationship": "Inner",
                                                                                        "Parallel Aware": false,
                                                                                        "Relation Name": "char_name",
                                                                                        "Schema": "public",
                                                                                        "Alias": "chn",
                                                                                        "Startup Cost": 0.49,
                                                                                        "Total Cost": 4.5,
                                                                                        "Plan Rows": 1,
                                                                                        "Plan Width": 20,
                                                                                        "Actual Startup Time": 0.007,
                                                                                        "Actual Total Time": 0.007,
                                                                                        "Actual Rows": 1,
                                                                                        "Actual Loops": 135,
                                                                                        "Output": [
                                                                                            "chn.id",
                                                                                            "chn.name",
                                                                                            "chn.imdb_index",
                                                                                            "chn.imdb_id",
                                                                                            "chn.name_pcode_nf",
                                                                                            "chn.surname_pcode",
                                                                                            "chn.md5sum"
                                                                                        ],
                                                                                        "Recheck Cond": "(chn.id = ci.person_role_id)",
                                                                                        "Rows Removed by Index Recheck": 0,
                                                                                        "Exact Heap Blocks": 135,
                                                                                        "Lossy Heap Blocks": 0,
                                                                                        "Plans": [
                                                                                            {
                                                                                                "Node Type": "Bitmap Index Scan",
                                                                                                "Parent Relationship": "Outer",
                                                                                                "Parallel Aware": false,
                                                                                                "Index Name": "char_name_pkey",
                                                                                                "Startup Cost": 0.0,
                                                                                                "Total Cost": 0.49,
                                                                                                "Plan Rows": 1,
                                                                                                "Plan Width": 0,
                                                                                                "Actual Startup Time": 0.004,
                                                                                                "Actual Total Time": 0.004,
                                                                                                "Actual Rows": 1,
                                                                                                "Actual Loops": 135,
                                                                                                "Index Cond": "(chn.id = ci.person_role_id)"
                                                                                            }
                                                                                        ]
                                                                                    }
                                                                                ]
                                                                            },
                                                                            {
                                                                                "Node Type": "Bitmap Heap Scan",
                                                                                "Parent Relationship": "Inner",
                                                                                "Parallel Aware": false,
                                                                                "Relation Name": "movie_companies",
                                                                                "Schema": "public",
                                                                                "Alias": "mc",
                                                                                "Startup Cost": 0.51,
                                                                                "Total Cost": 4.58,
                                                                                "Plan Rows": 5,
                                                                                "Plan Width": 8,
                                                                                "Actual Startup Time": 0.009,
                                                                                "Actual Total Time": 0.013,
                                                                                "Actual Rows": 19,
                                                                                "Actual Loops": 135,
                                                                                "Output": [
                                                                                    "mc.id",
                                                                                    "mc.movie_id",
                                                                                    "mc.company_id",
                                                                                    "mc.company_type_id",
                                                                                    "mc.note"
                                                                                ],
                                                                                "Recheck Cond": "(mc.movie_id = ci.movie_id)",
                                                                                "Rows Removed by Index Recheck": 0,
                                                                                "Exact Heap Blocks": 254,
                                                                                "Lossy Heap Blocks": 0,
                                                                                "Plans": [
                                                                                    {
                                                                                        "Node Type": "Bitmap Index Scan",
                                                                                        "Parent Relationship": "Outer",
                                                                                        "Parallel Aware": false,
                                                                                        "Index Name": "movie_id_movie_companies",
                                                                                        "Startup Cost": 0.0,
                                                                                        "Total Cost": 0.51,
                                                                                        "Plan Rows": 5,
                                                                                        "Plan Width": 0,
                                                                                        "Actual Startup Time": 0.006,
                                                                                        "Actual Total Time": 0.006,
                                                                                        "Actual Rows": 19,
                                                                                        "Actual Loops": 135,
                                                                                        "Index Cond": "(mc.movie_id = ci.movie_id)"
                                                                                    }
                                                                                ]
                                                                            }
                                                                        ]
                                                                    },
                                                                    {
                                                                        "Node Type": "Bitmap Heap Scan",
                                                                        "Parent Relationship": "Inner",
                                                                        "Parallel Aware": false,
                                                                        "Relation Name": "company_name",
                                                                        "Schema": "public",
                                                                        "Alias": "cn",
                                                                        "Startup Cost": 0.43,
                                                                        "Total Cost": 4.44,
                                                                        "Plan Rows": 1,
                                                                        "Plan Width": 4,
                                                                        "Actual Startup Time": 0.004,
                                                                        "Actual Total Time": 0.004,
                                                                        "Actual Rows": 0,
                                                                        "Actual Loops": 2516,
                                                                        "Output": [
                                                                            "cn.id",
                                                                            "cn.name",
                                                                            "cn.country_code",
                                                                            "cn.imdb_id",
                                                                            "cn.name_pcode_nf",
                                                                            "cn.name_pcode_sf",
                                                                            "cn.md5sum"
                                                                        ],
                                                                        "Recheck Cond": "(cn.id = mc.company_id)",
                                                                        "Rows Removed by Index Recheck": 0,
                                                                        "Filter": "((cn.country_code)::text = '[us]'::text)",
                                                                        "Rows Removed by Filter": 1,
                                                                        "Exact Heap Blocks": 2516,
                                                                        "Lossy Heap Blocks": 0,
                                                                        "Plans": [
                                                                            {
                                                                                "Node Type": "Bitmap Index Scan",
                                                                                "Parent Relationship": "Outer",
                                                                                "Parallel Aware": false,
                                                                                "Index Name": "company_name_pkey",
                                                                                "Startup Cost": 0.0,
                                                                                "Total Cost": 0.43,
                                                                                "Plan Rows": 1,
                                                                                "Plan Width": 0,
                                                                                "Actual Startup Time": 0.002,
                                                                                "Actual Total Time": 0.002,
                                                                                "Actual Rows": 1,
                                                                                "Actual Loops": 2516,
                                                                                "Index Cond": "(cn.id = mc.company_id)"
                                                                            }
                                                                        ]
                                                                    }
                                                                ]
                                                            },
                                                            {
                                                                "Node Type": "Bitmap Heap Scan",
                                                                "Parent Relationship": "Inner",
                                                                "Parallel Aware": false,
                                                                "Relation Name": "movie_info",
                                                                "Schema": "public",
                                                                "Alias": "mi",
                                                                "Startup Cost": 0.81,
                                                                "Total Cost": 5.49,
                                                                "Plan Rows": 1,
                                                                "Plan Width": 8,
                                                                "Actual Startup Time": 0.028,
                                                                "Actual Total Time": 0.06,
                                                                "Actual Rows": 2,
                                                                "Actual Loops": 635,
                                                                "Output": [
                                                                    "mi.id",
                                                                    "mi.movie_id",
                                                                    "mi.info_type_id",
                                                                    "mi.info",
                                                                    "mi.note"
                                                                ],
                                                                "Recheck Cond": "(mi.movie_id = mc.movie_id)",
                                                                "Rows Removed by Index Recheck": 0,
                                                                "Filter": "((mi.info IS NOT NULL) AND ((mi.info ~~ 'Japan:%200%'::text) OR (mi.info ~~ 'USA:%200%'::text)))",
                                                                "Rows Removed by Filter": 309,
                                                                "Exact Heap Blocks": 16510,
                                                                "Lossy Heap Blocks": 0,
                                                                "Plans": [
                                                                    {
                                                                        "Node Type": "Bitmap Index Scan",
                                                                        "Parent Relationship": "Outer",
                                                                        "Parallel Aware": false,
                                                                        "Index Name": "movie_id_movie_info",
                                                                        "Startup Cost": 0.0,
                                                                        "Total Cost": 0.81,
                                                                        "Plan Rows": 39,
                                                                        "Plan Width": 0,
                                                                        "Actual Startup Time": 0.01,
                                                                        "Actual Total Time": 0.01,
                                                                        "Actual Rows": 311,
                                                                        "Actual Loops": 635,
                                                                        "Index Cond": "(mi.movie_id = mc.movie_id)"
                                                                    }
                                                                ]
                                                            }
                                                        ]
                                                    },
                                                    {
                                                        "Node Type": "Bitmap Heap Scan",
                                                        "Parent Relationship": "Inner",
                                                        "Parallel Aware": false,
                                                        "Relation Name": "info_type",
                                                        "Schema": "public",
                                                        "Alias": "it",
                                                        "Startup Cost": 0.15,
                                                        "Total Cost": 4.17,
                                                        "Plan Rows": 1,
                                                        "Plan Width": 4,
                                                        "Actual Startup Time": 0.002,
                                                        "Actual Total Time": 0.002,
                                                        "Actual Rows": 1,
                                                        "Actual Loops": 1152,
                                                        "Output": [
                                                            "it.id",
                                                            "it.info"
                                                        ],
                                                        "Recheck Cond": "(it.id = mi.info_type_id)",
                                                        "Rows Removed by Index Recheck": 0,
                                                        "Filter": "((it.info)::text = 'release dates'::text)",
                                                        "Rows Removed by Filter": 0,
                                                        "Exact Heap Blocks": 1152,
                                                        "Lossy Heap Blocks": 0,
                                                        "Plans": [
                                                            {
                                                                "Node Type": "Bitmap Index Scan",
                                                                "Parent Relationship": "Outer",
                                                                "Parallel Aware": false,
                                                                "Index Name": "info_type_pkey",
                                                                "Startup Cost": 0.0,
                                                                "Total Cost": 0.15,
                                                                "Plan Rows": 1,
                                                                "Plan Width": 0,
                                                                "Actual Startup Time": 0.001,
                                                                "Actual Total Time": 0.001,
                                                                "Actual Rows": 1,
                                                                "Actual Loops": 1152,
                                                                "Index Cond": "(it.id = mi.info_type_id)"
                                                            }
                                                        ]
                                                    }
                                                ]
                                            },
                                            {
                                                "Node Type": "Bitmap Heap Scan",
                                                "Parent Relationship": "Inner",
                                                "Parallel Aware": false,
                                                "Relation Name": "movie_keyword",
                                                "Schema": "public",
                                                "Alias": "mk",
                                                "Startup Cost": 0.82,
                                                "Total Cost": 5.4,
                                                "Plan Rows": 46,
                                                "Plan Width": 8,
                                                "Actual Startup Time": 0.006,
                                                "Actual Total Time": 0.016,
                                                "Actual Rows": 81,
                                                "Actual Loops": 1152,
                                                "Output": [
                                                    "mk.id",
                                                    "mk.movie_id",
                                                    "mk.keyword_id"
                                                ],
                                                "Recheck Cond": "(mk.movie_id = mc.movie_id)",
                                                "Rows Removed by Index Recheck": 0,
                                                "Exact Heap Blocks": 1530,
                                                "Lossy Heap Blocks": 0,
                                                "Plans": [
                                                    {
                                                        "Node Type": "Bitmap Index Scan",
                                                        "Parent Relationship": "Outer",
                                                        "Parallel Aware": false,
                                                        "Index Name": "movie_id_movie_keyword",
                                                        "Startup Cost": 0.0,
                                                        "Total Cost": 0.81,
                                                        "Plan Rows": 46,
                                                        "Plan Width": 0,
                                                        "Actual Startup Time": 0.004,
                                                        "Actual Total Time": 0.004,
                                                        "Actual Rows": 81,
                                                        "Actual Loops": 1152,
                                                        "Index Cond": "(mk.movie_id = mc.movie_id)"
                                                    }
                                                ]
                                            }
                                        ]
                                    },
                                    {
                                        "Node Type": "Bitmap Heap Scan",
                                        "Parent Relationship": "Inner",
                                        "Parallel Aware": false,
                                        "Relation Name": "keyword",
                                        "Schema": "public",
                                        "Alias": "k",
                                        "Startup Cost": 0.43,
                                        "Total Cost": 4.44,
                                        "Plan Rows": 1,
                                        "Plan Width": 4,
                                        "Actual Startup Time": 0.003,
                                        "Actual Total Time": 0.003,
                                        "Actual Rows": 0,
                                        "Actual Loops": 93462,
                                        "Output": [
                                            "k.id",
                                            "k.keyword",
                                            "k.phonetic_code"
                                        ],
                                        "Recheck Cond": "(k.id = mk.keyword_id)",
                                        "Rows Removed by Index Recheck": 0,
                                        "Filter": "(k.keyword = 'computer-animation'::text)",
                                        "Rows Removed by Filter": 1,
                                        "Exact Heap Blocks": 93462,
                                        "Lossy Heap Blocks": 0,
                                        "Plans": [
                                            {
                                                "Node Type": "Bitmap Index Scan",
                                                "Parent Relationship": "Outer",
                                                "Parallel Aware": false,
                                                "Index Name": "keyword_pkey",
                                                "Startup Cost": 0.0,
                                                "Total Cost": 0.43,
                                                "Plan Rows": 1,
                                                "Plan Width": 0,
                                                "Actual Startup Time": 0.002,
                                                "Actual Total Time": 0.002,
                                                "Actual Rows": 1,
                                                "Actual Loops": 93462,
                                                "Index Cond": "(k.id = mk.keyword_id)"
                                            }
                                        ]
                                    }
                                ]
                            },
                            {
                                "Node Type": "Bitmap Heap Scan",
                                "Parent Relationship": "Inner",
                                "Parallel Aware": false,
                                "Relation Name": "title",
                                "Schema": "public",
                                "Alias": "t",
                                "Startup Cost": 0.45,
                                "Total Cost": 4.46,
                                "Plan Rows": 1,
                                "Plan Width": 21,
                                "Actual Startup Time": 0.003,
                                "Actual Total Time": 0.003,
                                "Actual Rows": 1,
                                "Actual Loops": 772,
                                "Output": [
                                    "t.id",
                                    "t.title",
                                    "t.imdb_index",
                                    "t.kind_id",
                                    "t.production_year",
                                    "t.imdb_id",
                                    "t.phonetic_code",
                                    "t.episode_of_id",
                                    "t.season_nr",
                                    "t.episode_nr",
                                    "t.series_years",
                                    "t.md5sum"
                                ],
                                "Recheck Cond": "(t.id = mk.movie_id)",
                                "Rows Removed by Index Recheck": 0,
                                "Filter": "((t.production_year >= 1998) AND (t.production_year <= 2009))",
                                "Rows Removed by Filter": 0,
                                "Exact Heap Blocks": 772,
                                "Lossy Heap Blocks": 0,
                                "Plans": [
                                    {
                                        "Node Type": "Bitmap Index Scan",
                                        "Parent Relationship": "Outer",
                                        "Parallel Aware": false,
                                        "Index Name": "title_pkey",
                                        "Startup Cost": 0.0,
                                        "Total Cost": 0.45,
                                        "Plan Rows": 1,
                                        "Plan Width": 0,
                                        "Actual Startup Time": 0.002,
                                        "Actual Total Time": 0.002,
                                        "Actual Rows": 1,
                                        "Actual Loops": 772,
                                        "Index Cond": "(t.id = mk.movie_id)"
                                    }
                                ]
                            }
                        ]
                    },
                    {
                        "Node Type": "Bitmap Heap Scan",
                        "Parent Relationship": "Inner",
                        "Parallel Aware": false,
                        "Relation Name": "aka_name",
                        "Schema": "public",
                        "Alias": "an",
                        "Startup Cost": 0.44,
                        "Total Cost": 4.47,
                        "Plan Rows": 2,
                        "Plan Width": 4,
                        "Actual Startup Time": 0.003,
                        "Actual Total Time": 0.003,
                        "Actual Rows": 1,
                        "Actual Loops": 772,
                        "Output": [
                            "an.id",
                            "an.person_id",
                            "an.name",
                            "an.imdb_index",
                            "an.name_pcode_cf",
                            "an.name_pcode_nf",
                            "an.surname_pcode",
                            "an.md5sum"
                        ],
                        "Recheck Cond": "(an.person_id = pi.person_id)",
                        "Rows Removed by Index Recheck": 0,
                        "Exact Heap Blocks": 772,
                        "Lossy Heap Blocks": 0,
                        "Plans": [
                            {
                                "Node Type": "Bitmap Index Scan",
                                "Parent Relationship": "Outer",
                                "Parallel Aware": false,
                                "Index Name": "person_id_aka_name",
                                "Startup Cost": 0.0,
                                "Total Cost": 0.44,
                                "Plan Rows": 2,
                                "Plan Width": 0,
                                "Actual Startup Time": 0.002,
                                "Actual Total Time": 0.002,
                                "Actual Rows": 1,
                                "Actual Loops": 772,
                                "Index Cond": "(an.person_id = pi.person_id)"
                            }
                        ]
                    }
                ]
            }
        ]
    },
    "Planning Time": 2329.851,
    "Triggers": [],
    "Execution Time": 2554.984
}