[
  {
    "Plan": {
      "Node Type": "Aggregate",
      "Strategy": "Plain",
      "Partial Mode": "Finalize",
      "Parallel Aware": false,
      "Startup Cost": 32029.16,
      "Total Cost": 32029.17,
      "Plan Rows": 1,
      "Plan Width": 8,
      "Actual Startup Time": 43.311,
      "Actual Total Time": 48.095,
      "Actual Rows": 1,
      "Actual Loops": 1,
      "Plans": [
        {
          "Node Type": "Gather",
          "Parent Relationship": "Outer",
          "Parallel Aware": false,
          "Startup Cost": 32028.95,
          "Total Cost": 32029.16,
          "Plan Rows": 2,
          "Plan Width": 8,
          "Actual Startup Time": 43.072,
          "Actual Total Time": 48.088,
          "Actual Rows": 3,
          "Actual Loops": 1,
          "Workers Planned": 2,
          "Workers Launched": 2,
          "Single Copy": false,
          "Plans": [
            {
              "Node Type": "Aggregate",
              "Strategy": "Plain",
              "Partial Mode": "Partial",
              "Parent Relationship": "Outer",
              "Parallel Aware": false,
              "Startup Cost": 31028.95,
              "Total Cost": 31028.96,
              "Plan Rows": 1,
              "Plan Width": 8,
              "Actual Startup Time": 35.045,
              "Actual Total Time": 35.046,
              "Actual Rows": 1,
              "Actual Loops": 3,
              "Plans": [
                {
                  "Node Type": "Nested Loop",
                  "Parent Relationship": "Outer",
                  "Parallel Aware": false,
                  "Join Type": "Inner",
                  "Startup Cost": 211.12,
                  "Total Cost": 31023.95,
                  "Plan Rows": 1998,
                  "Plan Width": 0,
                  "Actual Startup Time": 3.212,
                  "Actual Total Time": 34.684,
                  "Actual Rows": 2003,
                  "Actual Loops": 3,
                  "Inner Unique": true,
                  "Plans": [
                    {
                      "Node Type": "Bitmap Heap Scan",
                      "Parent Relationship": "Outer",
                      "Parallel Aware": true,
                      "Relation Name": "movie_companies",
                      "Alias": "mc",
                      "Startup Cost": 210.69,
                      "Total Cost": 16324.27,
                      "Plan Rows": 1998,
                      "Plan Width": 4,
                      "Actual Startup Time": 3.017,
                      "Actual Total Time": 14.063,
                      "Actual Rows": 2003,
                      "Actual Loops": 3,
                      "Recheck Cond": "(company_id = 846)",
                      "Rows Removed by Index Recheck": 0,
                      "Filter": "(company_type_id = 1)",
                      "Rows Removed by Filter": 1385,
                      "Exact Heap Blocks": 4295,
                      "Lossy Heap Blocks": 0,
                      "Plans": [
                        {
                          "Node Type": "Bitmap Index Scan",
                          "Parent Relationship": "Outer",
                          "Parallel Aware": false,
                          "Index Name": "company_id_movie_companies",
                          "Startup Cost": 0.0,
                          "Total Cost": 209.49,
                          "Plan Rows": 9741,
                          "Plan Width": 0,
                          "Actual Startup Time": 5.692,
                          "Actual Total Time": 5.692,
                          "Actual Rows": 10163,
                          "Actual Loops": 1,
                          "Index Cond": "(company_id = 846)"
                        }
                      ]
                    },
                    {
                      "Node Type": "Index Only Scan",
                      "Parent Relationship": "Inner",
                      "Parallel Aware": false,
                      "Scan Direction": "Forward",
                      "Index Name": "title_pkey",
                      "Relation Name": "title",
                      "Alias": "t",
                      "Startup Cost": 0.43,
                      "Total Cost": 7.36,
                      "Plan Rows": 1,
                      "Plan Width": 4,
                      "Actual Startup Time": 0.01,
                      "Actual Total Time": 0.01,
                      "Actual Rows": 1,
                      "Actual Loops": 6008,
                      "Index Cond": "(id = mc.movie_id)",
                      "Rows Removed by Index Recheck": 0,
                      "Heap Fetches": 6008
                    }
                  ]
                }
              ]
            }
          ]
        }
      ]
    },
    "Planning Time": 0.654,
    "Triggers": [],
    "Execution Time": 48.179
  }
]