[
  {
    "Plan": {
      "Node Type": "Aggregate",
      "Strategy": "Plain",
      "Partial Mode": "Finalize",
      "Parallel Aware": false,
      "Startup Cost": 45763.68,
      "Total Cost": 45763.69,
      "Plan Rows": 1,
      "Plan Width": 8,
      "Actual Startup Time": 137.384,
      "Actual Total Time": 146.932,
      "Actual Rows": 1,
      "Actual Loops": 1,
      "Plans": [
        {
          "Node Type": "Gather",
          "Parent Relationship": "Outer",
          "Parallel Aware": false,
          "Startup Cost": 45763.36,
          "Total Cost": 45763.67,
          "Plan Rows": 3,
          "Plan Width": 8,
          "Actual Startup Time": 137.205,
          "Actual Total Time": 146.921,
          "Actual Rows": 4,
          "Actual Loops": 1,
          "Workers Planned": 3,
          "Workers Launched": 3,
          "Single Copy": false,
          "Plans": [
            {
              "Node Type": "Aggregate",
              "Strategy": "Plain",
              "Partial Mode": "Partial",
              "Parent Relationship": "Outer",
              "Parallel Aware": false,
              "Startup Cost": 44763.36,
              "Total Cost": 44763.37,
              "Plan Rows": 1,
              "Plan Width": 8,
              "Actual Startup Time": 133.385,
              "Actual Total Time": 133.386,
              "Actual Rows": 1,
              "Actual Loops": 4,
              "Plans": [
                {
                  "Node Type": "Seq Scan",
                  "Parent Relationship": "Outer",
                  "Parallel Aware": true,
                  "Relation Name": "movie_keyword",
                  "Alias": "mk",
                  "Startup Cost": 0.0,
                  "Total Cost": 42695.65,
                  "Plan Rows": 827083,
                  "Plan Width": 0,
                  "Actual Startup Time": 0.031,
                  "Actual Total Time": 106.109,
                  "Actual Rows": 643806,
                  "Actual Loops": 4,
                  "Filter": "(keyword_id < 6647)",
                  "Rows Removed by Filter": 487177
                }
              ]
            }
          ]
        }
      ]
    },
    "Planning Time": 0.191,
    "Triggers": [],
    "Execution Time": 146.998
  }
]