[
  {
    "Plan": {
      "Node Type": "Aggregate",
      "Strategy": "Plain",
      "Partial Mode": "Finalize",
      "Parallel Aware": false,
      "Startup Cost": 454015.54,
      "Total Cost": 454015.55,
      "Plan Rows": 1,
      "Plan Width": 8,
      "Actual Startup Time": 2452.421,
      "Actual Total Time": 2518.989,
      "Actual Rows": 1,
      "Actual Loops": 1,
      "Plans": [
        {
          "Node Type": "Gather",
          "Parent Relationship": "Outer",
          "Parallel Aware": false,
          "Startup Cost": 454014.92,
          "Total Cost": 454015.53,
          "Plan Rows": 6,
          "Plan Width": 8,
          "Actual Startup Time": 2431.327,
          "Actual Total Time": 2518.977,
          "Actual Rows": 7,
          "Actual Loops": 1,
          "Workers Planned": 6,
          "Workers Launched": 6,
          "Single Copy": false,
          "Plans": [
            {
              "Node Type": "Aggregate",
              "Strategy": "Plain",
              "Partial Mode": "Partial",
              "Parent Relationship": "Outer",
              "Parallel Aware": false,
              "Startup Cost": 453014.92,
              "Total Cost": 453014.93,
              "Plan Rows": 1,
              "Plan Width": 8,
              "Actual Startup Time": 2419.978,
              "Actual Total Time": 2420.339,
              "Actual Rows": 1,
              "Actual Loops": 7,
              "Plans": [
                {
                  "Node Type": "Hash Join",
                  "Parent Relationship": "Outer",
                  "Parallel Aware": true,
                  "Join Type": "Inner",
                  "Startup Cost": 97132.44,
                  "Total Cost": 448863.91,
                  "Plan Rows": 1660403,
                  "Plan Width": 0,
                  "Actual Startup Time": 419.185,
                  "Actual Total Time": 2210.177,
                  "Actual Rows": 4589842,
                  "Actual Loops": 7,
                  "Inner Unique": false,
                  "Hash Cond": "(ci.movie_id = t.id)",
                  "Plans": [
                    {
                      "Node Type": "Seq Scan",
                      "Parent Relationship": "Outer",
                      "Parallel Aware": true,
                      "Relation Name": "cast_info",
                      "Alias": "ci",
                      "Startup Cost": 0.0,
                      "Total Cost": 328162.03,
                      "Plan Rows": 4856880,
                      "Plan Width": 4,
                      "Actual Startup Time": 0.023,
                      "Actual Total Time": 637.582,
                      "Actual Rows": 4184660,
                      "Actual Loops": 7,
                      "Filter": "(person_id < 2969635)",
                      "Rows Removed by Filter": 993103
                    },
                    {
                      "Node Type": "Hash",
                      "Parent Relationship": "Inner",
                      "Parallel Aware": true,
                      "Startup Cost": 93647.2,
                      "Total Cost": 93647.2,
                      "Plan Rows": 278819,
                      "Plan Width": 8,
                      "Actual Startup Time": 415.783,
                      "Actual Total Time": 416.141,
                      "Actual Rows": 122489,
                      "Actual Loops": 7,
                      "Hash Buckets": 1048576,
                      "Original Hash Buckets": 1048576,
                      "Hash Batches": 1,
                      "Original Hash Batches": 1,
                      "Peak Memory Usage": 41856,
                      "Plans": [
                        {
                          "Node Type": "Hash Join",
                          "Parent Relationship": "Outer",
                          "Parallel Aware": true,
                          "Join Type": "Inner",
                          "Startup Cost": 50219.64,
                          "Total Cost": 93647.2,
                          "Plan Rows": 278819,
                          "Plan Width": 8,
                          "Actual Startup Time": 266.393,
                          "Actual Total Time": 368.638,
                          "Actual Rows": 122489,
                          "Actual Loops": 7,
                          "Inner Unique": true,
                          "Hash Cond": "(mk.movie_id = t.id)",
                          "Plans": [
                            {
                              "Node Type": "Seq Scan",
                              "Parent Relationship": "Outer",
                              "Parallel Aware": true,
                              "Relation Name": "movie_keyword",
                              "Alias": "mk",
                              "Startup Cost": 0.0,
                              "Total Cost": 42695.65,
                              "Plan Rows": 278819,
                              "Plan Width": 4,
                              "Actual Startup Time": 1.172,
                              "Actual Total Time": 65.222,
                              "Actual Rows": 122489,
                              "Actual Loops": 7,
                              "Filter": "(keyword_id > 21419)",
                              "Rows Removed by Filter": 523787
                            },
                            {
                              "Node Type": "Hash",
                              "Parent Relationship": "Inner",
                              "Parallel Aware": true,
                              "Startup Cost": 42318.73,
                              "Total Cost": 42318.73,
                              "Plan Rows": 632073,
                              "Plan Width": 4,
                              "Actual Startup Time": 260.643,
                              "Actual Total Time": 260.644,
                              "Actual Rows": 361187,
                              "Actual Loops": 7,
                              "Hash Buckets": 4194304,
                              "Original Hash Buckets": 4194304,
                              "Hash Batches": 1,
                              "Original Hash Batches": 1,
                              "Peak Memory Usage": 131808,
                              "Plans": [
                                {
                                  "Node Type": "Seq Scan",
                                  "Parent Relationship": "Outer",
                                  "Parallel Aware": true,
                                  "Relation Name": "title",
                                  "Alias": "t",
                                  "Startup Cost": 0.0,
                                  "Total Cost": 42318.73,
                                  "Plan Rows": 632073,
                                  "Plan Width": 4,
                                  "Actual Startup Time": 0.048,
                                  "Actual Total Time": 73.262,
                                  "Actual Rows": 361187,
                                  "Actual Loops": 7
                                }
                              ]
                            }
                          ]
                        }
                      ]
                    }
                  ]
                }
              ]
            }
          ]
        }
      ]
    },
    "Planning Time": 1.312,
    "Triggers": [],
    "Execution Time": 2519.084
  }
]