[
  {
    "Plan": {
      "Node Type": "Aggregate",
      "Strategy": "Plain",
      "Partial Mode": "Finalize",
      "Parallel Aware": false,
      "Startup Cost": 230097.39,
      "Total Cost": 230097.4,
      "Plan Rows": 1,
      "Plan Width": 8,
      "Actual Startup Time": 319.477,
      "Actual Total Time": 344.902,
      "Actual Rows": 1,
      "Actual Loops": 1,
      "Plans": [
        {
          "Node Type": "Gather",
          "Parent Relationship": "Outer",
          "Parallel Aware": false,
          "Startup Cost": 230096.77,
          "Total Cost": 230097.38,
          "Plan Rows": 6,
          "Plan Width": 8,
          "Actual Startup Time": 319.337,
          "Actual Total Time": 344.878,
          "Actual Rows": 7,
          "Actual Loops": 1,
          "Workers Planned": 6,
          "Workers Launched": 6,
          "Single Copy": false,
          "Plans": [
            {
              "Node Type": "Aggregate",
              "Strategy": "Plain",
              "Partial Mode": "Partial",
              "Parent Relationship": "Outer",
              "Parallel Aware": false,
              "Startup Cost": 229096.77,
              "Total Cost": 229096.78,
              "Plan Rows": 1,
              "Plan Width": 8,
              "Actual Startup Time": 311.081,
              "Actual Total Time": 311.083,
              "Actual Rows": 1,
              "Actual Loops": 7,
              "Plans": [
                {
                  "Node Type": "Index Scan",
                  "Parent Relationship": "Outer",
                  "Parallel Aware": true,
                  "Scan Direction": "Forward",
                  "Index Name": "role_id_cast_info",
                  "Relation Name": "cast_info",
                  "Alias": "ci",
                  "Startup Cost": 0.56,
                  "Total Cost": 228010.93,
                  "Plan Rows": 434336,
                  "Plan Width": 0,
                  "Actual Startup Time": 0.14,
                  "Actual Total Time": 298.977,
                  "Actual Rows": 189046,
                  "Actual Loops": 7,
                  "Index Cond": "(role_id > 5)",
                  "Rows Removed by Index Recheck": 0,
                  "Filter": "(person_id < 1101256)",
                  "Rows Removed by Filter": 1023285
                }
              ]
            }
          ]
        }
      ]
    },
    "Planning Time": 0.23,
    "Triggers": [],
    "Execution Time": 344.978
  }
]