[
  {
    "Plan": {
      "Node Type": "Aggregate",
      "Strategy": "Plain",
      "Partial Mode": "Finalize",
      "Parallel Aware": false,
      "Startup Cost": 75067.37,
      "Total Cost": 75067.38,
      "Plan Rows": 1,
      "Plan Width": 8,
      "Actual Startup Time": 257.316,
      "Actual Total Time": 269.756,
      "Actual Rows": 1,
      "Actual Loops": 1,
      "Plans": [
        {
          "Node Type": "Gather",
          "Parent Relationship": "Outer",
          "Parallel Aware": false,
          "Startup Cost": 75066.95,
          "Total Cost": 75067.36,
          "Plan Rows": 4,
          "Plan Width": 8,
          "Actual Startup Time": 255.205,
          "Actual Total Time": 269.748,
          "Actual Rows": 5,
          "Actual Loops": 1,
          "Workers Planned": 4,
          "Workers Launched": 4,
          "Single Copy": false,
          "Plans": [
            {
              "Node Type": "Aggregate",
              "Strategy": "Plain",
              "Partial Mode": "Partial",
              "Parent Relationship": "Outer",
              "Parallel Aware": false,
              "Startup Cost": 74066.95,
              "Total Cost": 74066.96,
              "Plan Rows": 1,
              "Plan Width": 8,
              "Actual Startup Time": 245.882,
              "Actual Total Time": 245.886,
              "Actual Rows": 1,
              "Actual Loops": 5,
              "Plans": [
                {
                  "Node Type": "Hash Join",
                  "Parent Relationship": "Outer",
                  "Parallel Aware": true,
                  "Join Type": "Inner",
                  "Startup Cost": 28137.86,
                  "Total Cost": 73870.47,
                  "Plan Rows": 78590,
                  "Plan Width": 0,
                  "Actual Startup Time": 174.73,
                  "Actual Total Time": 243.237,
                  "Actual Rows": 62471,
                  "Actual Loops": 5,
                  "Inner Unique": false,
                  "Hash Cond": "(t.id = mc.movie_id)",
                  "Plans": [
                    {
                      "Node Type": "Seq Scan",
                      "Parent Relationship": "Outer",
                      "Parallel Aware": true,
                      "Relation Name": "title",
                      "Alias": "t",
                      "Startup Cost": 0.0,
                      "Total Cost": 42318.73,
                      "Plan Rows": 632073,
                      "Plan Width": 4,
                      "Actual Startup Time": 0.014,
                      "Actual Total Time": 65.354,
                      "Actual Rows": 505662,
                      "Actual Loops": 5
                    },
                    {
                      "Node Type": "Hash",
                      "Parent Relationship": "Inner",
                      "Parallel Aware": true,
                      "Startup Cost": 26870.29,
                      "Total Cost": 26870.29,
                      "Plan Rows": 101406,
                      "Plan Width": 4,
                      "Actual Startup Time": 87.791,
                      "Actual Total Time": 87.792,
                      "Actual Rows": 62471,
                      "Actual Loops": 5,
                      "Hash Buckets": 524288,
                      "Original Hash Buckets": 524288,
                      "Hash Batches": 1,
                      "Original Hash Batches": 1,
                      "Peak Memory Usage": 16416,
                      "Plans": [
                        {
                          "Node Type": "Bitmap Heap Scan",
                          "Parent Relationship": "Outer",
                          "Parallel Aware": true,
                          "Relation Name": "movie_companies",
                          "Alias": "mc",
                          "Startup Cost": 6812.71,
                          "Total Cost": 26870.29,
                          "Plan Rows": 101406,
                          "Plan Width": 4,
                          "Actual Startup Time": 32.462,
                          "Actual Total Time": 60.287,
                          "Actual Rows": 62471,
                          "Actual Loops": 5,
                          "Recheck Cond": "(company_id > 92348)",
                          "Rows Removed by Index Recheck": 0,
                          "Exact Heap Blocks": 1978,
                          "Lossy Heap Blocks": 0,
                          "Plans": [
                            {
                              "Node Type": "Bitmap Index Scan",
                              "Parent Relationship": "Outer",
                              "Parallel Aware": false,
                              "Index Name": "company_id_movie_companies",
                              "Startup Cost": 0.0,
                              "Total Cost": 6734.12,
                              "Plan Rows": 314359,
                              "Plan Width": 0,
                              "Actual Startup Time": 31.837,
                              "Actual Total Time": 31.837,
                              "Actual Rows": 312354,
                              "Actual Loops": 1,
                              "Index Cond": "(company_id > 92348)"
                            }
                          ]
                        }
                      ]
                    }
                  ]
                }
              ]
            }
          ]
        }
      ]
    },
    "Planning Time": 0.64,
    "Triggers": [],
    "Execution Time": 269.854
  }
]