[
  {
    "Plan": {
      "Node Type": "Aggregate",
      "Strategy": "Plain",
      "Partial Mode": "Finalize",
      "Parallel Aware": false,
      "Startup Cost": 69802.7,
      "Total Cost": 69802.71,
      "Plan Rows": 1,
      "Plan Width": 8,
      "Actual Startup Time": 217.118,
      "Actual Total Time": 230.582,
      "Actual Rows": 1,
      "Actual Loops": 1,
      "Plans": [
        {
          "Node Type": "Gather",
          "Parent Relationship": "Outer",
          "Parallel Aware": false,
          "Startup Cost": 69802.28,
          "Total Cost": 69802.69,
          "Plan Rows": 4,
          "Plan Width": 8,
          "Actual Startup Time": 216.103,
          "Actual Total Time": 230.571,
          "Actual Rows": 5,
          "Actual Loops": 1,
          "Workers Planned": 4,
          "Workers Launched": 4,
          "Single Copy": false,
          "Plans": [
            {
              "Node Type": "Aggregate",
              "Strategy": "Plain",
              "Partial Mode": "Partial",
              "Parent Relationship": "Outer",
              "Parallel Aware": false,
              "Startup Cost": 68802.28,
              "Total Cost": 68802.29,
              "Plan Rows": 1,
              "Plan Width": 8,
              "Actual Startup Time": 206.367,
              "Actual Total Time": 206.37,
              "Actual Rows": 1,
              "Actual Loops": 5,
              "Plans": [
                {
                  "Node Type": "Hash Join",
                  "Parent Relationship": "Outer",
                  "Parallel Aware": true,
                  "Join Type": "Inner",
                  "Startup Cost": 22188.12,
                  "Total Cost": 68743.98,
                  "Plan Rows": 23318,
                  "Plan Width": 0,
                  "Actual Startup Time": 155.748,
                  "Actual Total Time": 205.321,
                  "Actual Rows": 17671,
                  "Actual Loops": 5,
                  "Inner Unique": false,
                  "Hash Cond": "(t.id = mc.movie_id)",
                  "Plans": [
                    {
                      "Node Type": "Seq Scan",
                      "Parent Relationship": "Outer",
                      "Parallel Aware": true,
                      "Relation Name": "title",
                      "Alias": "t",
                      "Startup Cost": 0.0,
                      "Total Cost": 43898.92,
                      "Plan Rows": 516346,
                      "Plan Width": 4,
                      "Actual Startup Time": 0.017,
                      "Actual Total Time": 96.088,
                      "Actual Rows": 412910,
                      "Actual Loops": 5,
                      "Filter": "(production_year < 2011)",
                      "Rows Removed by Filter": 92752
                    },
                    {
                      "Node Type": "Hash",
                      "Parent Relationship": "Inner",
                      "Parallel Aware": true,
                      "Startup Cost": 21727.72,
                      "Total Cost": 21727.72,
                      "Plan Rows": 36832,
                      "Plan Width": 4,
                      "Actual Startup Time": 42.385,
                      "Actual Total Time": 42.386,
                      "Actual Rows": 21832,
                      "Actual Loops": 5,
                      "Hash Buckets": 131072,
                      "Original Hash Buckets": 131072,
                      "Hash Batches": 1,
                      "Original Hash Batches": 1,
                      "Peak Memory Usage": 5376,
                      "Plans": [
                        {
                          "Node Type": "Bitmap Heap Scan",
                          "Parent Relationship": "Outer",
                          "Parallel Aware": true,
                          "Relation Name": "movie_companies",
                          "Alias": "mc",
                          "Startup Cost": 2477.32,
                          "Total Cost": 21727.72,
                          "Plan Rows": 36832,
                          "Plan Width": 4,
                          "Actual Startup Time": 10.663,
                          "Actual Total Time": 30.969,
                          "Actual Rows": 21832,
                          "Actual Loops": 5,
                          "Recheck Cond": "(company_id > 152359)",
                          "Rows Removed by Index Recheck": 0,
                          "Exact Heap Blocks": 1315,
                          "Lossy Heap Blocks": 0,
                          "Plans": [
                            {
                              "Node Type": "Bitmap Index Scan",
                              "Parent Relationship": "Outer",
                              "Parallel Aware": false,
                              "Index Name": "company_id_movie_companies",
                              "Startup Cost": 0.0,
                              "Total Cost": 2448.77,
                              "Plan Rows": 114179,
                              "Plan Width": 0,
                              "Actual Startup Time": 13.935,
                              "Actual Total Time": 13.935,
                              "Actual Rows": 109159,
                              "Actual Loops": 1,
                              "Index Cond": "(company_id > 152359)"
                            }
                          ]
                        }
                      ]
                    }
                  ]
                }
              ]
            }
          ]
        }
      ]
    },
    "Planning Time": 0.583,
    "Triggers": [],
    "Execution Time": 230.672
  }
]