{
  "Plan": {
    "Node Type": "Aggregate",
    "Strategy": "Plain",
    "Partial Mode": "Finalize",
    "Parallel Aware": false,
    "Startup Cost": 128229.89,
    "Total Cost": 128229.9,
    "Plan Rows": 1,
    "Plan Width": 8,
    "Actual Startup Time": 719.194,
    "Actual Total Time": 736.435,
    "Actual Rows": 1,
    "Actual Loops": 1,
    "Plans": [
      {
        "Node Type": "Gather",
        "Parent Relationship": "Outer",
        "Parallel Aware": false,
        "Startup Cost": 128229.78,
        "Total Cost": 128229.89,
        "Plan Rows": 1,
        "Plan Width": 8,
        "Actual Startup Time": 718.301,
        "Actual Total Time": 736.427,
        "Actual Rows": 2,
        "Actual Loops": 1,
        "Workers Planned": 1,
        "Workers Launched": 1,
        "Single Copy": false,
        "Plans": [
          {
            "Node Type": "Aggregate",
            "Strategy": "Plain",
            "Partial Mode": "Partial",
            "Parent Relationship": "Outer",
            "Parallel Aware": false,
            "Startup Cost": 127229.78,
            "Total Cost": 127229.79,
            "Plan Rows": 1,
            "Plan Width": 8,
            "Actual Startup Time": 714.607,
            "Actual Total Time": 714.61,
            "Actual Rows": 1,
            "Actual Loops": 2,
            "Plans": [
              {
                "Node Type": "Hash Join",
                "Parent Relationship": "Outer",
                "Parallel Aware": true,
                "Join Type": "Inner",
                "Startup Cost": 61536.77,
                "Total Cost": 126097.43,
                "Plan Rows": 452937,
                "Plan Width": 0,
                "Actual Startup Time": 220.959,
                "Actual Total Time": 688.335,
                "Actual Rows": 544192,
                "Actual Loops": 2,
                "Inner Unique": true,
                "Hash Cond": "(mk.movie_id = t.id)",
                "Plans": [
                  {
                    "Node Type": "Seq Scan",
                    "Parent Relationship": "Outer",
                    "Parallel Aware": true,
                    "Relation Name": "movie_keyword",
                    "Alias": "mk",
                    "Startup Cost": 0.0,
                    "Total Cost": 57718.19,
                    "Plan Rows": 2606653,
                    "Plan Width": 4,
                    "Actual Startup Time": 0.016,
                    "Actual Total Time": 237.326,
                    "Actual Rows": 2216768,
                    "Actual Loops": 2,
                    "Filter": "(keyword_id < 84802)",
                    "Rows Removed by Filter": 45196
                  },
                  {
                    "Node Type": "Hash",
                    "Parent Relationship": "Inner",
                    "Parallel Aware": true,
                    "Startup Cost": 58306.47,
                    "Total Cost": 58306.47,
                    "Plan Rows": 258424,
                    "Plan Width": 4,
                    "Actual Startup Time": 216.421,
                    "Actual Total Time": 216.422,
                    "Actual Rows": 184123,
                    "Actual Loops": 2,
                    "Hash Buckets": 524288,
                    "Original Hash Buckets": 524288,
                    "Hash Batches": 1,
                    "Original Hash Batches": 1,
                    "Peak Memory Usage": 18528,
                    "Plans": [
                      {
                        "Node Type": "Seq Scan",
                        "Parent Relationship": "Outer",
                        "Parallel Aware": true,
                        "Relation Name": "title",
                        "Alias": "t",
                        "Startup Cost": 0.0,
                        "Total Cost": 58306.47,
                        "Plan Rows": 258424,
                        "Plan Width": 4,
                        "Actual Startup Time": 0.039,
                        "Actual Total Time": 165.081,
                        "Actual Rows": 184123,
                        "Actual Loops": 2,
                        "Filter": "((kind_id < 7) AND (production_year > 2004))",
                        "Rows Removed by Filter": 1080033
                      }
                    ]
                  }
                ]
              }
            ]
          }
        ]
      }
    ]
  },
  "Planning Time": 0.485,
  "Triggers": [],
  "Execution Time": 736.494
}