[
  {
    "Plan": {
      "Node Type": "Aggregate",
      "Strategy": "Plain",
      "Partial Mode": "Finalize",
      "Parallel Aware": false,
      "Startup Cost": 363905.77,
      "Total Cost": 363905.78,
      "Plan Rows": 1,
      "Plan Width": 8,
      "Actual Startup Time": 409.611,
      "Actual Total Time": 466.252,
      "Actual Rows": 1,
      "Actual Loops": 1,
      "Plans": [
        {
          "Node Type": "Gather",
          "Parent Relationship": "Outer",
          "Parallel Aware": false,
          "Startup Cost": 363905.35,
          "Total Cost": 363905.76,
          "Plan Rows": 4,
          "Plan Width": 8,
          "Actual Startup Time": 409.126,
          "Actual Total Time": 466.242,
          "Actual Rows": 5,
          "Actual Loops": 1,
          "Workers Planned": 4,
          "Workers Launched": 4,
          "Single Copy": false,
          "Plans": [
            {
              "Node Type": "Aggregate",
              "Strategy": "Plain",
              "Partial Mode": "Partial",
              "Parent Relationship": "Outer",
              "Parallel Aware": false,
              "Startup Cost": 362905.35,
              "Total Cost": 362905.36,
              "Plan Rows": 1,
              "Plan Width": 8,
              "Actual Startup Time": 399.471,
              "Actual Total Time": 399.473,
              "Actual Rows": 1,
              "Actual Loops": 5,
              "Plans": [
                {
                  "Node Type": "Nested Loop",
                  "Parent Relationship": "Outer",
                  "Parallel Aware": false,
                  "Join Type": "Inner",
                  "Startup Cost": 0.56,
                  "Total Cost": 362436.64,
                  "Plan Rows": 187481,
                  "Plan Width": 0,
                  "Actual Startup Time": 0.276,
                  "Actual Total Time": 390.735,
                  "Actual Rows": 143261,
                  "Actual Loops": 5,
                  "Inner Unique": false,
                  "Plans": [
                    {
                      "Node Type": "Seq Scan",
                      "Parent Relationship": "Outer",
                      "Parallel Aware": true,
                      "Relation Name": "title",
                      "Alias": "t",
                      "Startup Cost": 0.0,
                      "Total Cost": 45479.1,
                      "Plan Rows": 13084,
                      "Plan Width": 4,
                      "Actual Startup Time": 0.036,
                      "Actual Total Time": 65.664,
                      "Actual Rows": 11382,
                      "Actual Loops": 5,
                      "Filter": "((kind_id > 4) AND (production_year = 2004))",
                      "Rows Removed by Filter": 494280
                    },
                    {
                      "Node Type": "Index Only Scan",
                      "Parent Relationship": "Inner",
                      "Parallel Aware": false,
                      "Scan Direction": "Forward",
                      "Index Name": "movie_id_cast_info",
                      "Relation Name": "cast_info",
                      "Alias": "ci",
                      "Startup Cost": 0.56,
                      "Total Cost": 23.85,
                      "Plan Rows": 37,
                      "Plan Width": 4,
                      "Actual Startup Time": 0.007,
                      "Actual Total Time": 0.027,
                      "Actual Rows": 13,
                      "Actual Loops": 56910,
                      "Index Cond": "(movie_id = t.id)",
                      "Rows Removed by Index Recheck": 0,
                      "Heap Fetches": 716304
                    }
                  ]
                }
              ]
            }
          ]
        }
      ]
    },
    "Planning Time": 0.43,
    "Triggers": [],
    "Execution Time": 466.329
  }
]