{
  "Plan": {
    "Node Type": "Aggregate",
    "Strategy": "Plain",
    "Partial Mode": "Finalize",
    "Parallel Aware": false,
    "Startup Cost": 152170.38,
    "Total Cost": 152170.39,
    "Plan Rows": 1,
    "Plan Width": 8,
    "Actual Startup Time": 716.004,
    "Actual Total Time": 737.137,
    "Actual Rows": 1,
    "Actual Loops": 1,
    "Plans": [
      {
        "Node Type": "Gather",
        "Parent Relationship": "Outer",
        "Parallel Aware": false,
        "Startup Cost": 152170.27,
        "Total Cost": 152170.38,
        "Plan Rows": 1,
        "Plan Width": 8,
        "Actual Startup Time": 715.122,
        "Actual Total Time": 737.128,
        "Actual Rows": 2,
        "Actual Loops": 1,
        "Workers Planned": 1,
        "Workers Launched": 1,
        "Single Copy": false,
        "Plans": [
          {
            "Node Type": "Aggregate",
            "Strategy": "Plain",
            "Partial Mode": "Partial",
            "Parent Relationship": "Outer",
            "Parallel Aware": false,
            "Startup Cost": 151170.27,
            "Total Cost": 151170.28,
            "Plan Rows": 1,
            "Plan Width": 8,
            "Actual Startup Time": 708.848,
            "Actual Total Time": 709.036,
            "Actual Rows": 1,
            "Actual Loops": 2,
            "Plans": [
              {
                "Node Type": "Hash Join",
                "Parent Relationship": "Outer",
                "Parallel Aware": true,
                "Join Type": "Inner",
                "Startup Cost": 86427.25,
                "Total Cost": 150913.01,
                "Plan Rows": 102904,
                "Plan Width": 0,
                "Actual Startup Time": 472.793,
                "Actual Total Time": 693.569,
                "Actual Rows": 386574,
                "Actual Loops": 2,
                "Inner Unique": false,
                "Hash Cond": "(mk.movie_id = t.id)",
                "Plans": [
                  {
                    "Node Type": "Seq Scan",
                    "Parent Relationship": "Outer",
                    "Parallel Aware": true,
                    "Relation Name": "movie_keyword",
                    "Alias": "mk",
                    "Startup Cost": 0.0,
                    "Total Cost": 57718.19,
                    "Plan Rows": 1643270,
                    "Plan Width": 4,
                    "Actual Startup Time": 0.284,
                    "Actual Total Time": 190.354,
                    "Actual Rows": 1390914,
                    "Actual Loops": 2,
                    "Filter": "(keyword_id > 2847)",
                    "Rows Removed by Filter": 871051
                  },
                  {
                    "Node Type": "Hash",
                    "Parent Relationship": "Inner",
                    "Parallel Aware": true,
                    "Startup Cost": 85263.1,
                    "Total Cost": 85263.1,
                    "Plan Rows": 93132,
                    "Plan Width": 8,
                    "Actual Startup Time": 375.229,
                    "Actual Total Time": 375.415,
                    "Actual Rows": 77464,
                    "Actual Loops": 2,
                    "Hash Buckets": 262144,
                    "Original Hash Buckets": 262144,
                    "Hash Batches": 1,
                    "Original Hash Batches": 1,
                    "Peak Memory Usage": 8128,
                    "Plans": [
                      {
                        "Node Type": "Hash Join",
                        "Parent Relationship": "Outer",
                        "Parallel Aware": true,
                        "Join Type": "Inner",
                        "Startup Cost": 24549.75,
                        "Total Cost": 85263.1,
                        "Plan Rows": 93132,
                        "Plan Width": 8,
                        "Actual Startup Time": 247.582,
                        "Actual Total Time": 358.205,
                        "Actual Rows": 77464,
                        "Actual Loops": 2,
                        "Inner Unique": false,
                        "Hash Cond": "(t.id = mc.movie_id)",
                        "Plans": [
                          {
                            "Node Type": "Seq Scan",
                            "Parent Relationship": "Outer",
                            "Parallel Aware": true,
                            "Relation Name": "title",
                            "Alias": "t",
                            "Startup Cost": 0.0,
                            "Total Cost": 50870.31,
                            "Plan Rows": 1487231,
                            "Plan Width": 4,
                            "Actual Startup Time": 0.016,
                            "Actual Total Time": 121.863,
                            "Actual Rows": 1264156,
                            "Actual Loops": 2
                          },
                          {
                            "Node Type": "Hash",
                            "Parent Relationship": "Inner",
                            "Parallel Aware": true,
                            "Startup Cost": 23385.6,
                            "Total Cost": 23385.6,
                            "Plan Rows": 93132,
                            "Plan Width": 4,
                            "Actual Startup Time": 64.359,
                            "Actual Total Time": 64.36,
                            "Actual Rows": 77464,
                            "Actual Loops": 2,
                            "Hash Buckets": 262144,
                            "Original Hash Buckets": 262144,
                            "Hash Batches": 1,
                            "Original Hash Batches": 1,
                            "Peak Memory Usage": 8128,
                            "Plans": [
                              {
                                "Node Type": "Bitmap Heap Scan",
                                "Parent Relationship": "Outer",
                                "Parallel Aware": true,
                                "Relation Name": "movie_companies",
                                "Alias": "mc",
                                "Startup Cost": 3431.45,
                                "Total Cost": 23385.6,
                                "Plan Rows": 93132,
                                "Plan Width": 4,
                                "Actual Startup Time": 15.415,
                                "Actual Total Time": 44.522,
                                "Actual Rows": 77464,
                                "Actual Loops": 2,
                                "Recheck Cond": "(company_id > 129956)",
                                "Rows Removed by Index Recheck": 0,
                                "Exact Heap Blocks": 2987,
                                "Lossy Heap Blocks": 0,
                                "Plans": [
                                  {
                                    "Node Type": "Bitmap Index Scan",
                                    "Parent Relationship": "Outer",
                                    "Parallel Aware": false,
                                    "Index Name": "company_id_movie_companies",
                                    "Startup Cost": 0.0,
                                    "Total Cost": 3391.87,
                                    "Plan Rows": 158325,
                                    "Plan Width": 0,
                                    "Actual Startup Time": 14.587,
                                    "Actual Total Time": 14.588,
                                    "Actual Rows": 154929,
                                    "Actual Loops": 1,
                                    "Index Cond": "(company_id > 129956)"
                                  }
                                ]
                              }
                            ]
                          }
                        ]
                      }
                    ]
                  }
                ]
              }
            ]
          }
        ]
      }
    ]
  },
  "Planning Time": 0.832,
  "Triggers": [],
  "Execution Time": 737.238
}