{
  "Plan": {
    "Node Type": "Aggregate",
    "Strategy": "Plain",
    "Partial Mode": "Finalize",
    "Parallel Aware": false,
    "Startup Cost": 358635.41,
    "Total Cost": 358635.42,
    "Plan Rows": 1,
    "Plan Width": 8,
    "Actual Startup Time": 206.638,
    "Actual Total Time": 231.915,
    "Actual Rows": 1,
    "Actual Loops": 1,
    "Plans": [
      {
        "Node Type": "Gather",
        "Parent Relationship": "Outer",
        "Parallel Aware": false,
        "Startup Cost": 358635.29,
        "Total Cost": 358635.4,
        "Plan Rows": 1,
        "Plan Width": 8,
        "Actual Startup Time": 206.52,
        "Actual Total Time": 231.907,
        "Actual Rows": 2,
        "Actual Loops": 1,
        "Workers Planned": 1,
        "Workers Launched": 1,
        "Single Copy": false,
        "Plans": [
          {
            "Node Type": "Aggregate",
            "Strategy": "Plain",
            "Partial Mode": "Partial",
            "Parent Relationship": "Outer",
            "Parallel Aware": false,
            "Startup Cost": 357635.29,
            "Total Cost": 357635.3,
            "Plan Rows": 1,
            "Plan Width": 8,
            "Actual Startup Time": 200.668,
            "Actual Total Time": 200.669,
            "Actual Rows": 1,
            "Actual Loops": 2,
            "Plans": [
              {
                "Node Type": "Nested Loop",
                "Parent Relationship": "Outer",
                "Parallel Aware": false,
                "Join Type": "Inner",
                "Startup Cost": 0.56,
                "Total Cost": 357574.75,
                "Plan Rows": 24216,
                "Plan Width": 0,
                "Actual Startup Time": 103.735,
                "Actual Total Time": 200.001,
                "Actual Rows": 7994,
                "Actual Loops": 2,
                "Inner Unique": false,
                "Plans": [
                  {
                    "Node Type": "Seq Scan",
                    "Parent Relationship": "Outer",
                    "Parallel Aware": true,
                    "Relation Name": "title",
                    "Alias": "t",
                    "Startup Cost": 0.0,
                    "Total Cost": 54588.39,
                    "Plan Rows": 2578,
                    "Plan Width": 4,
                    "Actual Startup Time": 103.618,
                    "Actual Total Time": 155.105,
                    "Actual Rows": 1806,
                    "Actual Loops": 2,
                    "Filter": "(production_year = 1919)",
                    "Rows Removed by Filter": 1262350
                  },
                  {
                    "Node Type": "Index Scan",
                    "Parent Relationship": "Inner",
                    "Parallel Aware": false,
                    "Scan Direction": "Forward",
                    "Index Name": "movie_id_cast_info",
                    "Relation Name": "cast_info",
                    "Alias": "ci",
                    "Startup Cost": 0.56,
                    "Total Cost": 117.29,
                    "Plan Rows": 24,
                    "Plan Width": 4,
                    "Actual Startup Time": 0.016,
                    "Actual Total Time": 0.024,
                    "Actual Rows": 4,
                    "Actual Loops": 3613,
                    "Index Cond": "(movie_id = t.id)",
                    "Rows Removed by Index Recheck": 0,
                    "Filter": "(role_id > 1)",
                    "Rows Removed by Filter": 3
                  }
                ]
              }
            ]
          }
        ]
      }
    ]
  },
  "Planning Time": 0.455,
  "Triggers": [],
  "Execution Time": 232.023
}