[
  {
    "Plan": {
      "Node Type": "Aggregate",
      "Strategy": "Plain",
      "Partial Mode": "Finalize",
      "Parallel Aware": false,
      "Startup Cost": 343529.63,
      "Total Cost": 343529.64,
      "Plan Rows": 1,
      "Plan Width": 8,
      "Actual Startup Time": 821.833,
      "Actual Total Time": 867.152,
      "Actual Rows": 1,
      "Actual Loops": 1,
      "Plans": [
        {
          "Node Type": "Gather",
          "Parent Relationship": "Outer",
          "Parallel Aware": false,
          "Startup Cost": 343529.0,
          "Total Cost": 343529.61,
          "Plan Rows": 6,
          "Plan Width": 8,
          "Actual Startup Time": 821.678,
          "Actual Total Time": 867.142,
          "Actual Rows": 7,
          "Actual Loops": 1,
          "Workers Planned": 6,
          "Workers Launched": 6,
          "Single Copy": false,
          "Plans": [
            {
              "Node Type": "Aggregate",
              "Strategy": "Plain",
              "Partial Mode": "Partial",
              "Parent Relationship": "Outer",
              "Parallel Aware": false,
              "Startup Cost": 342529.0,
              "Total Cost": 342529.01,
              "Plan Rows": 1,
              "Plan Width": 8,
              "Actual Startup Time": 813.795,
              "Actual Total Time": 813.796,
              "Actual Rows": 1,
              "Actual Loops": 7,
              "Plans": [
                {
                  "Node Type": "Seq Scan",
                  "Parent Relationship": "Outer",
                  "Parallel Aware": true,
                  "Relation Name": "cast_info",
                  "Alias": "ci",
                  "Startup Cost": 0.0,
                  "Total Cost": 328211.39,
                  "Plan Rows": 5727045,
                  "Plan Width": 0,
                  "Actual Startup Time": 32.151,
                  "Actual Total Time": 602.199,
                  "Actual Rows": 4898407,
                  "Actual Loops": 7,
                  "Filter": "(person_id > 191575)",
                  "Rows Removed by Filter": 279356
                }
              ]
            }
          ]
        }
      ]
    },
    "Planning Time": 0.161,
    "Triggers": [],
    "Execution Time": 867.216
  }
]