[
  {
    "Plan": {
      "Node Type": "Aggregate",
      "Strategy": "Plain",
      "Partial Mode": "Finalize",
      "Parallel Aware": false,
      "Startup Cost": 288330.39,
      "Total Cost": 288330.4,
      "Plan Rows": 1,
      "Plan Width": 8,
      "Actual Startup Time": 1023.871,
      "Actual Total Time": 1065.877,
      "Actual Rows": 1,
      "Actual Loops": 1,
      "Plans": [
        {
          "Node Type": "Gather",
          "Parent Relationship": "Outer",
          "Parallel Aware": false,
          "Startup Cost": 288329.87,
          "Total Cost": 288330.38,
          "Plan Rows": 5,
          "Plan Width": 8,
          "Actual Startup Time": 1001.419,
          "Actual Total Time": 1065.863,
          "Actual Rows": 6,
          "Actual Loops": 1,
          "Workers Planned": 5,
          "Workers Launched": 5,
          "Single Copy": false,
          "Plans": [
            {
              "Node Type": "Aggregate",
              "Strategy": "Plain",
              "Partial Mode": "Partial",
              "Parent Relationship": "Outer",
              "Parallel Aware": false,
              "Startup Cost": 287329.87,
              "Total Cost": 287329.88,
              "Plan Rows": 1,
              "Plan Width": 8,
              "Actual Startup Time": 991.833,
              "Actual Total Time": 991.84,
              "Actual Rows": 1,
              "Actual Loops": 6,
              "Plans": [
                {
                  "Node Type": "Hash Join",
                  "Parent Relationship": "Outer",
                  "Parallel Aware": true,
                  "Join Type": "Inner",
                  "Startup Cost": 81350.24,
                  "Total Cost": 286742.01,
                  "Plan Rows": 235144,
                  "Plan Width": 0,
                  "Actual Startup Time": 382.039,
                  "Actual Total Time": 968.998,
                  "Actual Rows": 487184,
                  "Actual Loops": 6,
                  "Inner Unique": false,
                  "Hash Cond": "(mi.movie_id = t.id)",
                  "Plans": [
                    {
                      "Node Type": "Seq Scan",
                      "Parent Relationship": "Outer",
                      "Parallel Aware": true,
                      "Relation Name": "movie_info",
                      "Alias": "mi",
                      "Startup Cost": 0.0,
                      "Total Cost": 199108.24,
                      "Plan Rows": 1473332,
                      "Plan Width": 4,
                      "Actual Startup Time": 0.066,
                      "Actual Total Time": 359.415,
                      "Actual Rows": 1214478,
                      "Actual Loops": 6,
                      "Filter": "(info_type_id < 8)",
                      "Rows Removed by Filter": 1258142
                    },
                    {
                      "Node Type": "Hash",
                      "Parent Relationship": "Inner",
                      "Parallel Aware": true,
                      "Startup Cost": 79723.08,
                      "Total Cost": 79723.08,
                      "Plan Rows": 130173,
                      "Plan Width": 8,
                      "Actual Startup Time": 379.025,
                      "Actual Total Time": 379.03,
                      "Actual Rows": 67032,
                      "Actual Loops": 6,
                      "Hash Buckets": 524288,
                      "Original Hash Buckets": 524288,
                      "Hash Batches": 1,
                      "Original Hash Batches": 1,
                      "Peak Memory Usage": 19936,
                      "Plans": [
                        {
                          "Node Type": "Hash Join",
                          "Parent Relationship": "Outer",
                          "Parallel Aware": true,
                          "Join Type": "Inner",
                          "Startup Cost": 58964.22,
                          "Total Cost": 79723.08,
                          "Plan Rows": 130173,
                          "Plan Width": 8,
                          "Actual Startup Time": 298.471,
                          "Actual Total Time": 351.12,
                          "Actual Rows": 67032,
                          "Actual Loops": 6,
                          "Inner Unique": true,
                          "Hash Cond": "(mc.movie_id = t.id)",
                          "Plans": [
                            {
                              "Node Type": "Bitmap Heap Scan",
                              "Parent Relationship": "Outer",
                              "Parallel Aware": true,
                              "Relation Name": "movie_companies",
                              "Alias": "mc",
                              "Startup Cost": 8743.83,
                              "Total Cost": 29161.0,
                              "Plan Rows": 130173,
                              "Plan Width": 4,
                              "Actual Startup Time": 25.129,
                              "Actual Total Time": 41.361,
                              "Actual Rows": 67032,
                              "Actual Loops": 6,
                              "Recheck Cond": "(company_id > 82003)",
                              "Rows Removed by Index Recheck": 0,
                              "Exact Heap Blocks": 1211,
                              "Lossy Heap Blocks": 0,
                              "Plans": [
                                {
                                  "Node Type": "Bitmap Index Scan",
                                  "Parent Relationship": "Outer",
                                  "Parallel Aware": false,
                                  "Index Name": "company_id_movie_companies",
                                  "Startup Cost": 0.0,
                                  "Total Cost": 8642.95,
                                  "Plan Rows": 403536,
                                  "Plan Width": 0,
                                  "Actual Startup Time": 24.198,
                                  "Actual Total Time": 24.198,
                                  "Actual Rows": 402192,
                                  "Actual Loops": 1,
                                  "Index Cond": "(company_id > 82003)"
                                }
                              ]
                            },
                            {
                              "Node Type": "Hash",
                              "Parent Relationship": "Inner",
                              "Parallel Aware": true,
                              "Startup Cost": 42319.06,
                              "Total Cost": 42319.06,
                              "Plan Rows": 632106,
                              "Plan Width": 4,
                              "Actual Startup Time": 268.977,
                              "Actual Total Time": 268.978,
                              "Actual Rows": 421385,
                              "Actual Loops": 6,
                              "Hash Buckets": 4194304,
                              "Original Hash Buckets": 4194304,
                              "Hash Batches": 1,
                              "Original Hash Batches": 1,
                              "Peak Memory Usage": 131744,
                              "Plans": [
                                {
                                  "Node Type": "Seq Scan",
                                  "Parent Relationship": "Outer",
                                  "Parallel Aware": true,
                                  "Relation Name": "title",
                                  "Alias": "t",
                                  "Startup Cost": 0.0,
                                  "Total Cost": 42319.06,
                                  "Plan Rows": 632106,
                                  "Plan Width": 4,
                                  "Actual Startup Time": 0.045,
                                  "Actual Total Time": 79.114,
                                  "Actual Rows": 421385,
                                  "Actual Loops": 6
                                }
                              ]
                            }
                          ]
                        }
                      ]
                    }
                  ]
                }
              ]
            }
          ]
        }
      ]
    },
    "Planning Time": 0.739,
    "Triggers": [],
    "Execution Time": 1065.941
  }
]