[
  {
    "Plan": {
      "Node Type": "Aggregate",
      "Strategy": "Plain",
      "Partial Mode": "Finalize",
      "Parallel Aware": false,
      "Startup Cost": 67840.77,
      "Total Cost": 67840.78,
      "Plan Rows": 1,
      "Plan Width": 8,
      "Actual Startup Time": 102.397,
      "Actual Total Time": 116.794,
      "Actual Rows": 1,
      "Actual Loops": 1,
      "Plans": [
        {
          "Node Type": "Gather",
          "Parent Relationship": "Outer",
          "Parallel Aware": false,
          "Startup Cost": 67840.35,
          "Total Cost": 67840.76,
          "Plan Rows": 4,
          "Plan Width": 8,
          "Actual Startup Time": 102.222,
          "Actual Total Time": 116.784,
          "Actual Rows": 5,
          "Actual Loops": 1,
          "Workers Planned": 4,
          "Workers Launched": 4,
          "Single Copy": false,
          "Plans": [
            {
              "Node Type": "Aggregate",
              "Strategy": "Plain",
              "Partial Mode": "Partial",
              "Parent Relationship": "Outer",
              "Parallel Aware": false,
              "Startup Cost": 66840.35,
              "Total Cost": 66840.36,
              "Plan Rows": 1,
              "Plan Width": 8,
              "Actual Startup Time": 96.229,
              "Actual Total Time": 96.231,
              "Actual Rows": 1,
              "Actual Loops": 5,
              "Plans": [
                {
                  "Node Type": "Nested Loop",
                  "Parent Relationship": "Outer",
                  "Parallel Aware": false,
                  "Join Type": "Inner",
                  "Startup Cost": 0.43,
                  "Total Cost": 66828.72,
                  "Plan Rows": 4650,
                  "Plan Width": 0,
                  "Actual Startup Time": 0.886,
                  "Actual Total Time": 95.773,
                  "Actual Rows": 8720,
                  "Actual Loops": 5,
                  "Inner Unique": false,
                  "Plans": [
                    {
                      "Node Type": "Seq Scan",
                      "Parent Relationship": "Outer",
                      "Parallel Aware": true,
                      "Relation Name": "title",
                      "Alias": "t",
                      "Startup Cost": 0.0,
                      "Total Cost": 45479.59,
                      "Plan Rows": 2599,
                      "Plan Width": 4,
                      "Actual Startup Time": 0.496,
                      "Actual Total Time": 76.56,
                      "Actual Rows": 1697,
                      "Actual Loops": 5,
                      "Filter": "((kind_id < 4) AND (production_year = 1994))",
                      "Rows Removed by Filter": 503966
                    },
                    {
                      "Node Type": "Index Only Scan",
                      "Parent Relationship": "Inner",
                      "Parallel Aware": false,
                      "Scan Direction": "Forward",
                      "Index Name": "movie_id_movie_keyword",
                      "Relation Name": "movie_keyword",
                      "Alias": "mk",
                      "Startup Cost": 0.43,
                      "Total Cost": 7.75,
                      "Plan Rows": 46,
                      "Plan Width": 4,
                      "Actual Startup Time": 0.01,
                      "Actual Total Time": 0.01,
                      "Actual Rows": 5,
                      "Actual Loops": 8484,
                      "Index Cond": "(movie_id = t.id)",
                      "Rows Removed by Index Recheck": 0,
                      "Heap Fetches": 43599
                    }
                  ]
                }
              ]
            }
          ]
        }
      ]
    },
    "Planning Time": 0.234,
    "Triggers": [],
    "Execution Time": 116.827
  }
]