[
  {
    "Plan": {
      "Node Type": "Aggregate",
      "Strategy": "Plain",
      "Partial Mode": "Finalize",
      "Parallel Aware": false,
      "Startup Cost": 66553.31,
      "Total Cost": 66553.32,
      "Plan Rows": 1,
      "Plan Width": 8,
      "Actual Startup Time": 110.677,
      "Actual Total Time": 125.139,
      "Actual Rows": 1,
      "Actual Loops": 1,
      "Plans": [
        {
          "Node Type": "Gather",
          "Parent Relationship": "Outer",
          "Parallel Aware": false,
          "Startup Cost": 66552.89,
          "Total Cost": 66553.3,
          "Plan Rows": 4,
          "Plan Width": 8,
          "Actual Startup Time": 110.557,
          "Actual Total Time": 125.131,
          "Actual Rows": 5,
          "Actual Loops": 1,
          "Workers Planned": 4,
          "Workers Launched": 4,
          "Single Copy": false,
          "Plans": [
            {
              "Node Type": "Aggregate",
              "Strategy": "Plain",
              "Partial Mode": "Partial",
              "Parent Relationship": "Outer",
              "Parallel Aware": false,
              "Startup Cost": 65552.89,
              "Total Cost": 65552.9,
              "Plan Rows": 1,
              "Plan Width": 8,
              "Actual Startup Time": 100.628,
              "Actual Total Time": 100.629,
              "Actual Rows": 1,
              "Actual Loops": 5,
              "Plans": [
                {
                  "Node Type": "Nested Loop",
                  "Parent Relationship": "Outer",
                  "Parallel Aware": false,
                  "Join Type": "Inner",
                  "Startup Cost": 0.43,
                  "Total Cost": 65542.04,
                  "Plan Rows": 4340,
                  "Plan Width": 0,
                  "Actual Startup Time": 1.946,
                  "Actual Total Time": 100.175,
                  "Actual Rows": 8720,
                  "Actual Loops": 5,
                  "Inner Unique": false,
                  "Plans": [
                    {
                      "Node Type": "Seq Scan",
                      "Parent Relationship": "Outer",
                      "Parallel Aware": true,
                      "Relation Name": "title",
                      "Alias": "t",
                      "Startup Cost": 0.0,
                      "Total Cost": 45479.1,
                      "Plan Rows": 2426,
                      "Plan Width": 4,
                      "Actual Startup Time": 0.732,
                      "Actual Total Time": 80.794,
                      "Actual Rows": 1697,
                      "Actual Loops": 5,
                      "Filter": "((kind_id < 4) AND (production_year = 1994))",
                      "Rows Removed by Filter": 503966
                    },
                    {
                      "Node Type": "Index Only Scan",
                      "Parent Relationship": "Inner",
                      "Parallel Aware": false,
                      "Scan Direction": "Forward",
                      "Index Name": "movie_id_movie_keyword",
                      "Relation Name": "movie_keyword",
                      "Alias": "mk",
                      "Startup Cost": 0.43,
                      "Total Cost": 7.82,
                      "Plan Rows": 45,
                      "Plan Width": 4,
                      "Actual Startup Time": 0.01,
                      "Actual Total Time": 0.011,
                      "Actual Rows": 5,
                      "Actual Loops": 8484,
                      "Index Cond": "(movie_id = t.id)",
                      "Rows Removed by Index Recheck": 0,
                      "Heap Fetches": 43599
                    }
                  ]
                }
              ]
            }
          ]
        }
      ]
    },
    "Planning Time": 0.588,
    "Triggers": [],
    "Execution Time": 125.209
  }
]