[
  {
    "Plan": {
      "Node Type": "Aggregate",
      "Strategy": "Plain",
      "Partial Mode": "Finalize",
      "Parallel Aware": false,
      "Startup Cost": 46284.13,
      "Total Cost": 46284.14,
      "Plan Rows": 1,
      "Plan Width": 8,
      "Actual Startup Time": 188.723,
      "Actual Total Time": 198.258,
      "Actual Rows": 1,
      "Actual Loops": 1,
      "Plans": [
        {
          "Node Type": "Gather",
          "Parent Relationship": "Outer",
          "Parallel Aware": false,
          "Startup Cost": 46283.82,
          "Total Cost": 46284.13,
          "Plan Rows": 3,
          "Plan Width": 8,
          "Actual Startup Time": 188.623,
          "Actual Total Time": 198.247,
          "Actual Rows": 4,
          "Actual Loops": 1,
          "Workers Planned": 3,
          "Workers Launched": 3,
          "Single Copy": false,
          "Plans": [
            {
              "Node Type": "Aggregate",
              "Strategy": "Plain",
              "Partial Mode": "Partial",
              "Parent Relationship": "Outer",
              "Parallel Aware": false,
              "Startup Cost": 45283.82,
              "Total Cost": 45283.83,
              "Plan Rows": 1,
              "Plan Width": 8,
              "Actual Startup Time": 182.411,
              "Actual Total Time": 182.413,
              "Actual Rows": 1,
              "Actual Loops": 4,
              "Plans": [
                {
                  "Node Type": "Seq Scan",
                  "Parent Relationship": "Outer",
                  "Parallel Aware": true,
                  "Relation Name": "movie_keyword",
                  "Alias": "mk",
                  "Startup Cost": 0.0,
                  "Total Cost": 42695.65,
                  "Plan Rows": 1035265,
                  "Plan Width": 0,
                  "Actual Startup Time": 0.227,
                  "Actual Total Time": 139.165,
                  "Actual Rows": 801426,
                  "Actual Loops": 4,
                  "Filter": "(keyword_id > 1727)",
                  "Rows Removed by Filter": 329556
                }
              ]
            }
          ]
        }
      ]
    },
    "Planning Time": 0.223,
    "Triggers": [],
    "Execution Time": 198.321
  }
]