[
  {
    "Plan": {
      "Node Type": "Aggregate",
      "Strategy": "Plain",
      "Partial Mode": "Finalize",
      "Parallel Aware": false,
      "Startup Cost": 46291.92,
      "Total Cost": 46291.93,
      "Plan Rows": 1,
      "Plan Width": 8,
      "Actual Startup Time": 155.007,
      "Actual Total Time": 164.705,
      "Actual Rows": 1,
      "Actual Loops": 1,
      "Plans": [
        {
          "Node Type": "Gather",
          "Parent Relationship": "Outer",
          "Parallel Aware": false,
          "Startup Cost": 46291.6,
          "Total Cost": 46291.91,
          "Plan Rows": 3,
          "Plan Width": 8,
          "Actual Startup Time": 154.764,
          "Actual Total Time": 164.698,
          "Actual Rows": 4,
          "Actual Loops": 1,
          "Workers Planned": 3,
          "Workers Launched": 3,
          "Single Copy": false,
          "Plans": [
            {
              "Node Type": "Aggregate",
              "Strategy": "Plain",
              "Partial Mode": "Partial",
              "Parent Relationship": "Outer",
              "Parallel Aware": false,
              "Startup Cost": 45291.6,
              "Total Cost": 45291.61,
              "Plan Rows": 1,
              "Plan Width": 8,
              "Actual Startup Time": 149.342,
              "Actual Total Time": 149.344,
              "Actual Rows": 1,
              "Actual Loops": 4,
              "Plans": [
                {
                  "Node Type": "Seq Scan",
                  "Parent Relationship": "Outer",
                  "Parallel Aware": true,
                  "Relation Name": "movie_keyword",
                  "Alias": "mk",
                  "Startup Cost": 0.0,
                  "Total Cost": 42695.65,
                  "Plan Rows": 1038380,
                  "Plan Width": 0,
                  "Actual Startup Time": 0.143,
                  "Actual Total Time": 115.279,
                  "Actual Rows": 801426,
                  "Actual Loops": 4,
                  "Filter": "(keyword_id > 1727)",
                  "Rows Removed by Filter": 329556
                }
              ]
            }
          ]
        }
      ]
    },
    "Planning Time": 0.115,
    "Triggers": [],
    "Execution Time": 164.741
  }
]