[
  {
    "Plan": {
      "Node Type": "Aggregate",
      "Strategy": "Plain",
      "Partial Mode": "Finalize",
      "Parallel Aware": false,
      "Startup Cost": 44906.93,
      "Total Cost": 44906.94,
      "Plan Rows": 1,
      "Plan Width": 8,
      "Actual Startup Time": 100.826,
      "Actual Total Time": 113.337,
      "Actual Rows": 1,
      "Actual Loops": 1,
      "Plans": [
        {
          "Node Type": "Gather",
          "Parent Relationship": "Outer",
          "Parallel Aware": false,
          "Startup Cost": 44906.51,
          "Total Cost": 44906.92,
          "Plan Rows": 4,
          "Plan Width": 8,
          "Actual Startup Time": 100.543,
          "Actual Total Time": 113.327,
          "Actual Rows": 5,
          "Actual Loops": 1,
          "Workers Planned": 4,
          "Workers Launched": 4,
          "Single Copy": false,
          "Plans": [
            {
              "Node Type": "Aggregate",
              "Strategy": "Plain",
              "Partial Mode": "Partial",
              "Parent Relationship": "Outer",
              "Parallel Aware": false,
              "Startup Cost": 43906.51,
              "Total Cost": 43906.52,
              "Plan Rows": 1,
              "Plan Width": 8,
              "Actual Startup Time": 91.421,
              "Actual Total Time": 91.422,
              "Actual Rows": 1,
              "Actual Loops": 5,
              "Plans": [
                {
                  "Node Type": "Seq Scan",
                  "Parent Relationship": "Outer",
                  "Parallel Aware": true,
                  "Relation Name": "title",
                  "Alias": "t",
                  "Startup Cost": 0.0,
                  "Total Cost": 43898.92,
                  "Plan Rows": 3038,
                  "Plan Width": 0,
                  "Actual Startup Time": 59.649,
                  "Actual Total Time": 91.192,
                  "Actual Rows": 2770,
                  "Actual Loops": 5,
                  "Filter": "(production_year < 1904)",
                  "Rows Removed by Filter": 502892
                }
              ]
            }
          ]
        }
      ]
    },
    "Planning Time": 0.167,
    "Triggers": [],
    "Execution Time": 113.399
  }
]