[
  {
    "Plan": {
      "Node Type": "Aggregate",
      "Strategy": "Plain",
      "Partial Mode": "Finalize",
      "Parallel Aware": false,
      "Startup Cost": 101177.62,
      "Total Cost": 101177.63,
      "Plan Rows": 1,
      "Plan Width": 8,
      "Actual Startup Time": 643.096,
      "Actual Total Time": 658.302,
      "Actual Rows": 1,
      "Actual Loops": 1,
      "Plans": [
        {
          "Node Type": "Gather",
          "Parent Relationship": "Outer",
          "Parallel Aware": false,
          "Startup Cost": 101177.3,
          "Total Cost": 101177.61,
          "Plan Rows": 3,
          "Plan Width": 8,
          "Actual Startup Time": 635.066,
          "Actual Total Time": 658.29,
          "Actual Rows": 4,
          "Actual Loops": 1,
          "Workers Planned": 3,
          "Workers Launched": 3,
          "Single Copy": false,
          "Plans": [
            {
              "Node Type": "Aggregate",
              "Strategy": "Plain",
              "Partial Mode": "Partial",
              "Parent Relationship": "Outer",
              "Parallel Aware": false,
              "Startup Cost": 100177.3,
              "Total Cost": 100177.31,
              "Plan Rows": 1,
              "Plan Width": 8,
              "Actual Startup Time": 626.631,
              "Actual Total Time": 627.185,
              "Actual Rows": 1,
              "Actual Loops": 4,
              "Plans": [
                {
                  "Node Type": "Hash Join",
                  "Parent Relationship": "Outer",
                  "Parallel Aware": true,
                  "Join Type": "Inner",
                  "Startup Cost": 68005.56,
                  "Total Cost": 99498.93,
                  "Plan Rows": 271348,
                  "Plan Width": 0,
                  "Actual Startup Time": 406.844,
                  "Actual Total Time": 606.22,
                  "Actual Rows": 528350,
                  "Actual Loops": 4,
                  "Inner Unique": false,
                  "Hash Cond": "(mc.movie_id = t.id)",
                  "Plans": [
                    {
                      "Node Type": "Seq Scan",
                      "Parent Relationship": "Outer",
                      "Parallel Aware": true,
                      "Relation Name": "movie_companies",
                      "Alias": "mc",
                      "Startup Cost": 0.0,
                      "Total Cost": 27206.55,
                      "Plan Rows": 841655,
                      "Plan Width": 4,
                      "Actual Startup Time": 0.03,
                      "Actual Total Time": 57.057,
                      "Actual Rows": 652282,
                      "Actual Loops": 4
                    },
                    {
                      "Node Type": "Hash",
                      "Parent Relationship": "Inner",
                      "Parallel Aware": true,
                      "Startup Cost": 63760.15,
                      "Total Cost": 63760.15,
                      "Plan Rows": 339633,
                      "Plan Width": 8,
                      "Actual Startup Time": 401.862,
                      "Actual Total Time": 402.414,
                      "Actual Rows": 182496,
                      "Actual Loops": 4,
                      "Hash Buckets": 1048576,
                      "Original Hash Buckets": 1048576,
                      "Hash Batches": 1,
                      "Original Hash Batches": 1,
                      "Peak Memory Usage": 36800,
                      "Plans": [
                        {
                          "Node Type": "Hash Join",
                          "Parent Relationship": "Outer",
                          "Parallel Aware": true,
                          "Join Type": "Inner",
                          "Startup Cost": 48565.59,
                          "Total Cost": 63760.15,
                          "Plan Rows": 339633,
                          "Plan Width": 8,
                          "Actual Startup Time": 254.185,
                          "Actual Total Time": 358.222,
                          "Actual Rows": 182496,
                          "Actual Loops": 4,
                          "Inner Unique": true,
                          "Hash Cond": "(mi_idx.movie_id = t.id)",
                          "Plans": [
                            {
                              "Node Type": "Seq Scan",
                              "Parent Relationship": "Outer",
                              "Parallel Aware": true,
                              "Relation Name": "movie_info_idx",
                              "Alias": "mi_idx",
                              "Startup Cost": 0.0,
                              "Total Cost": 13685.15,
                              "Plan Rows": 575015,
                              "Plan Width": 4,
                              "Actual Startup Time": 0.024,
                              "Actual Total Time": 28.803,
                              "Actual Rows": 345009,
                              "Actual Loops": 4
                            },
                            {
                              "Node Type": "Hash",
                              "Parent Relationship": "Inner",
                              "Parallel Aware": true,
                              "Startup Cost": 43898.92,
                              "Total Cost": 43898.92,
                              "Plan Rows": 373334,
                              "Plan Width": 4,
                              "Actual Startup Time": 249.704,
                              "Actual Total Time": 249.705,
                              "Actual Rows": 371258,
                              "Actual Loops": 4,
                              "Hash Buckets": 2097152,
                              "Original Hash Buckets": 2097152,
                              "Hash Batches": 1,
                              "Original Hash Batches": 1,
                              "Peak Memory Usage": 74560,
                              "Plans": [
                                {
                                  "Node Type": "Seq Scan",
                                  "Parent Relationship": "Outer",
                                  "Parallel Aware": true,
                                  "Relation Name": "title",
                                  "Alias": "t",
                                  "Startup Cost": 0.0,
                                  "Total Cost": 43898.92,
                                  "Plan Rows": 373334,
                                  "Plan Width": 4,
                                  "Actual Startup Time": 0.041,
                                  "Actual Total Time": 106.574,
                                  "Actual Rows": 371258,
                                  "Actual Loops": 4,
                                  "Filter": "(production_year > 1998)",
                                  "Rows Removed by Filter": 260820
                                }
                              ]
                            }
                          ]
                        }
                      ]
                    }
                  ]
                }
              ]
            }
          ]
        }
      ]
    },
    "Planning Time": 1.327,
    "Triggers": [],
    "Execution Time": 658.379
  }
]