{
  "Plan": {
    "Node Type": "Aggregate",
    "Strategy": "Plain",
    "Partial Mode": "Finalize",
    "Parallel Aware": false,
    "Startup Cost": 167009.82,
    "Total Cost": 167009.83,
    "Plan Rows": 1,
    "Plan Width": 8,
    "Actual Startup Time": 652.618,
    "Actual Total Time": 674.64,
    "Actual Rows": 1,
    "Actual Loops": 1,
    "Plans": [
      {
        "Node Type": "Gather",
        "Parent Relationship": "Outer",
        "Parallel Aware": false,
        "Startup Cost": 167009.7,
        "Total Cost": 167009.81,
        "Plan Rows": 1,
        "Plan Width": 8,
        "Actual Startup Time": 651.616,
        "Actual Total Time": 674.634,
        "Actual Rows": 2,
        "Actual Loops": 1,
        "Workers Planned": 1,
        "Workers Launched": 1,
        "Single Copy": false,
        "Plans": [
          {
            "Node Type": "Aggregate",
            "Strategy": "Plain",
            "Partial Mode": "Partial",
            "Parent Relationship": "Outer",
            "Parallel Aware": false,
            "Startup Cost": 166009.7,
            "Total Cost": 166009.71,
            "Plan Rows": 1,
            "Plan Width": 8,
            "Actual Startup Time": 645.609,
            "Actual Total Time": 645.614,
            "Actual Rows": 1,
            "Actual Loops": 2,
            "Plans": [
              {
                "Node Type": "Hash Join",
                "Parent Relationship": "Outer",
                "Parallel Aware": true,
                "Join Type": "Inner",
                "Startup Cost": 104318.97,
                "Total Cost": 165817.0,
                "Plan Rows": 77082,
                "Plan Width": 0,
                "Actual Startup Time": 324.62,
                "Actual Total Time": 639.682,
                "Actual Rows": 135008,
                "Actual Loops": 2,
                "Inner Unique": false,
                "Hash Cond": "(mk.movie_id = t.id)",
                "Plans": [
                  {
                    "Node Type": "Seq Scan",
                    "Parent Relationship": "Outer",
                    "Parallel Aware": true,
                    "Relation Name": "movie_keyword",
                    "Alias": "mk",
                    "Startup Cost": 0.0,
                    "Total Cost": 51065.35,
                    "Plan Rows": 2661135,
                    "Plan Width": 4,
                    "Actual Startup Time": 0.01,
                    "Actual Total Time": 160.616,
                    "Actual Rows": 2261965,
                    "Actual Loops": 2
                  },
                  {
                    "Node Type": "Hash",
                    "Parent Relationship": "Inner",
                    "Parallel Aware": true,
                    "Startup Cost": 103780.48,
                    "Total Cost": 103780.48,
                    "Plan Rows": 43079,
                    "Plan Width": 8,
                    "Actual Startup Time": 322.129,
                    "Actual Total Time": 322.132,
                    "Actual Rows": 15731,
                    "Actual Loops": 2,
                    "Hash Buckets": 131072,
                    "Original Hash Buckets": 131072,
                    "Hash Batches": 1,
                    "Original Hash Batches": 1,
                    "Peak Memory Usage": 2304,
                    "Plans": [
                      {
                        "Node Type": "Hash Join",
                        "Parent Relationship": "Outer",
                        "Parallel Aware": true,
                        "Join Type": "Inner",
                        "Startup Cost": 61256.03,
                        "Total Cost": 103780.48,
                        "Plan Rows": 43079,
                        "Plan Width": 8,
                        "Actual Startup Time": 239.574,
                        "Actual Total Time": 318.251,
                        "Actual Rows": 15731,
                        "Actual Loops": 2,
                        "Inner Unique": true,
                        "Hash Cond": "(mc.movie_id = t.id)",
                        "Plans": [
                          {
                            "Node Type": "Seq Scan",
                            "Parent Relationship": "Outer",
                            "Parallel Aware": true,
                            "Relation Name": "movie_companies",
                            "Alias": "mc",
                            "Startup Cost": 0.0,
                            "Total Cost": 41811.73,
                            "Plan Rows": 271514,
                            "Plan Width": 4,
                            "Actual Startup Time": 49.422,
                            "Actual Total Time": 99.711,
                            "Actual Rows": 132018,
                            "Actual Loops": 2,
                            "Filter": "((company_id < 2980) AND (company_type_id = 2))",
                            "Rows Removed by Filter": 1172546
                          },
                          {
                            "Node Type": "Hash",
                            "Parent Relationship": "Inner",
                            "Parallel Aware": true,
                            "Startup Cost": 58306.47,
                            "Total Cost": 58306.47,
                            "Plan Rows": 235965,
                            "Plan Width": 4,
                            "Actual Startup Time": 186.097,
                            "Actual Total Time": 186.098,
                            "Actual Rows": 167996,
                            "Actual Loops": 2,
                            "Hash Buckets": 524288,
                            "Original Hash Buckets": 524288,
                            "Hash Batches": 1,
                            "Original Hash Batches": 1,
                            "Peak Memory Usage": 17280,
                            "Plans": [
                              {
                                "Node Type": "Seq Scan",
                                "Parent Relationship": "Outer",
                                "Parallel Aware": true,
                                "Relation Name": "title",
                                "Alias": "t",
                                "Startup Cost": 0.0,
                                "Total Cost": 58306.47,
                                "Plan Rows": 235965,
                                "Plan Width": 4,
                                "Actual Startup Time": 0.083,
                                "Actual Total Time": 146.316,
                                "Actual Rows": 167996,
                                "Actual Loops": 2,
                                "Filter": "((kind_id < 7) AND (production_year > 2005))",
                                "Rows Removed by Filter": 1096160
                              }
                            ]
                          }
                        ]
                      }
                    ]
                  }
                ]
              }
            ]
          }
        ]
      }
    ]
  },
  "Planning Time": 1.14,
  "Triggers": [],
  "Execution Time": 674.74
}