[
  {
    "Plan": {
      "Node Type": "Aggregate",
      "Strategy": "Plain",
      "Partial Mode": "Finalize",
      "Parallel Aware": false,
      "Startup Cost": 64128.42,
      "Total Cost": 64128.43,
      "Plan Rows": 1,
      "Plan Width": 8,
      "Actual Startup Time": 35.932,
      "Actual Total Time": 42.837,
      "Actual Rows": 1,
      "Actual Loops": 1,
      "Plans": [
        {
          "Node Type": "Gather",
          "Parent Relationship": "Outer",
          "Parallel Aware": false,
          "Startup Cost": 64128.1,
          "Total Cost": 64128.41,
          "Plan Rows": 3,
          "Plan Width": 8,
          "Actual Startup Time": 35.836,
          "Actual Total Time": 42.833,
          "Actual Rows": 4,
          "Actual Loops": 1,
          "Workers Planned": 3,
          "Workers Launched": 3,
          "Single Copy": false,
          "Plans": [
            {
              "Node Type": "Aggregate",
              "Strategy": "Plain",
              "Partial Mode": "Partial",
              "Parent Relationship": "Outer",
              "Parallel Aware": false,
              "Startup Cost": 63128.1,
              "Total Cost": 63128.11,
              "Plan Rows": 1,
              "Plan Width": 8,
              "Actual Startup Time": 32.244,
              "Actual Total Time": 32.245,
              "Actual Rows": 1,
              "Actual Loops": 4,
              "Plans": [
                {
                  "Node Type": "Nested Loop",
                  "Parent Relationship": "Outer",
                  "Parallel Aware": false,
                  "Join Type": "Inner",
                  "Startup Cost": 224.75,
                  "Total Cost": 63118.13,
                  "Plan Rows": 3991,
                  "Plan Width": 0,
                  "Actual Startup Time": 0.791,
                  "Actual Total Time": 31.826,
                  "Actual Rows": 4635,
                  "Actual Loops": 4,
                  "Inner Unique": true,
                  "Plans": [
                    {
                      "Node Type": "Bitmap Heap Scan",
                      "Parent Relationship": "Outer",
                      "Parallel Aware": true,
                      "Relation Name": "movie_info",
                      "Alias": "mi",
                      "Startup Cost": 224.32,
                      "Total Cost": 38245.51,
                      "Plan Rows": 3991,
                      "Plan Width": 4,
                      "Actual Startup Time": 0.687,
                      "Actual Total Time": 4.342,
                      "Actual Rows": 4635,
                      "Actual Loops": 4,
                      "Recheck Cond": "(info_type_id = 90)",
                      "Rows Removed by Index Recheck": 0,
                      "Exact Heap Blocks": 1024,
                      "Lossy Heap Blocks": 0,
                      "Plans": [
                        {
                          "Node Type": "Bitmap Index Scan",
                          "Parent Relationship": "Outer",
                          "Parallel Aware": false,
                          "Index Name": "info_type_id_movie_info",
                          "Startup Cost": 0.0,
                          "Total Cost": 221.22,
                          "Plan Rows": 12372,
                          "Plan Width": 0,
                          "Actual Startup Time": 2.162,
                          "Actual Total Time": 2.162,
                          "Actual Rows": 18539,
                          "Actual Loops": 1,
                          "Index Cond": "(info_type_id = 90)"
                        }
                      ]
                    },
                    {
                      "Node Type": "Index Only Scan",
                      "Parent Relationship": "Inner",
                      "Parallel Aware": false,
                      "Scan Direction": "Forward",
                      "Index Name": "title_pkey",
                      "Relation Name": "title",
                      "Alias": "t",
                      "Startup Cost": 0.43,
                      "Total Cost": 6.23,
                      "Plan Rows": 1,
                      "Plan Width": 4,
                      "Actual Startup Time": 0.006,
                      "Actual Total Time": 0.006,
                      "Actual Rows": 1,
                      "Actual Loops": 18539,
                      "Index Cond": "(id = mi.movie_id)",
                      "Rows Removed by Index Recheck": 0,
                      "Heap Fetches": 18539
                    }
                  ]
                }
              ]
            }
          ]
        }
      ]
    },
    "Planning Time": 0.429,
    "Triggers": [],
    "Execution Time": 42.879
  }
]