{
  "Plan": {
    "Node Type": "Aggregate",
    "Strategy": "Plain",
    "Partial Mode": "Finalize",
    "Parallel Aware": false,
    "Startup Cost": 99998.44,
    "Total Cost": 99998.45,
    "Plan Rows": 1,
    "Plan Width": 8,
    "Actual Startup Time": 350.188,
    "Actual Total Time": 379.992,
    "Actual Rows": 1,
    "Actual Loops": 1,
    "Plans": [
      {
        "Node Type": "Gather",
        "Parent Relationship": "Outer",
        "Parallel Aware": false,
        "Startup Cost": 99998.33,
        "Total Cost": 99998.44,
        "Plan Rows": 1,
        "Plan Width": 8,
        "Actual Startup Time": 349.931,
        "Actual Total Time": 379.983,
        "Actual Rows": 2,
        "Actual Loops": 1,
        "Workers Planned": 1,
        "Workers Launched": 1,
        "Single Copy": false,
        "Plans": [
          {
            "Node Type": "Aggregate",
            "Strategy": "Plain",
            "Partial Mode": "Partial",
            "Parent Relationship": "Outer",
            "Parallel Aware": false,
            "Startup Cost": 98998.33,
            "Total Cost": 98998.34,
            "Plan Rows": 1,
            "Plan Width": 8,
            "Actual Startup Time": 343.935,
            "Actual Total Time": 343.939,
            "Actual Rows": 1,
            "Actual Loops": 2,
            "Plans": [
              {
                "Node Type": "Nested Loop",
                "Parent Relationship": "Outer",
                "Parallel Aware": false,
                "Join Type": "Inner",
                "Startup Cost": 54643.97,
                "Total Cost": 98997.64,
                "Plan Rows": 275,
                "Plan Width": 0,
                "Actual Startup Time": 228.141,
                "Actual Total Time": 343.923,
                "Actual Rows": 54,
                "Actual Loops": 2,
                "Inner Unique": false,
                "Join Filter": "(t.id = mi.movie_id)",
                "Rows Removed by Join Filter": 0,
                "Plans": [
                  {
                    "Node Type": "Hash Join",
                    "Parent Relationship": "Outer",
                    "Parallel Aware": true,
                    "Join Type": "Inner",
                    "Startup Cost": 54643.54,
                    "Total Cost": 94601.56,
                    "Plan Rows": 2242,
                    "Plan Width": 8,
                    "Actual Startup Time": 167.69,
                    "Actual Total Time": 285.178,
                    "Actual Rows": 3700,
                    "Actual Loops": 2,
                    "Inner Unique": true,
                    "Hash Cond": "(mc.movie_id = t.id)",
                    "Plans": [
                      {
                        "Node Type": "Seq Scan",
                        "Parent Relationship": "Outer",
                        "Parallel Aware": true,
                        "Relation Name": "movie_companies",
                        "Alias": "mc",
                        "Startup Cost": 0.0,
                        "Total Cost": 37974.77,
                        "Plan Rows": 755522,
                        "Plan Width": 4,
                        "Actual Startup Time": 0.014,
                        "Actual Total Time": 107.969,
                        "Actual Rows": 637123,
                        "Actual Loops": 2,
                        "Filter": "(company_type_id = 1)",
                        "Rows Removed by Filter": 667442
                      },
                      {
                        "Node Type": "Hash",
                        "Parent Relationship": "Inner",
                        "Parallel Aware": true,
                        "Startup Cost": 54588.39,
                        "Total Cost": 54588.39,
                        "Plan Rows": 4412,
                        "Plan Width": 4,
                        "Actual Startup Time": 131.331,
                        "Actual Total Time": 131.332,
                        "Actual Rows": 3835,
                        "Actual Loops": 2,
                        "Hash Buckets": 8192,
                        "Original Hash Buckets": 8192,
                        "Hash Batches": 1,
                        "Original Hash Batches": 1,
                        "Peak Memory Usage": 416,
                        "Plans": [
                          {
                            "Node Type": "Seq Scan",
                            "Parent Relationship": "Outer",
                            "Parallel Aware": true,
                            "Relation Name": "title",
                            "Alias": "t",
                            "Startup Cost": 0.0,
                            "Total Cost": 54588.39,
                            "Plan Rows": 4412,
                            "Plan Width": 4,
                            "Actual Startup Time": 84.453,
                            "Actual Total Time": 130.247,
                            "Actual Rows": 3835,
                            "Actual Loops": 2,
                            "Filter": "(production_year = 1915)",
                            "Rows Removed by Filter": 1260321
                          }
                        ]
                      }
                    ]
                  },
                  {
                    "Node Type": "Index Scan",
                    "Parent Relationship": "Inner",
                    "Parallel Aware": false,
                    "Scan Direction": "Forward",
                    "Index Name": "movie_id_movie_info",
                    "Relation Name": "movie_info",
                    "Alias": "mi",
                    "Startup Cost": 0.43,
                    "Total Cost": 1.95,
                    "Plan Rows": 1,
                    "Plan Width": 4,
                    "Actual Startup Time": 0.016,
                    "Actual Total Time": 0.016,
                    "Actual Rows": 0,
                    "Actual Loops": 7401,
                    "Index Cond": "(movie_id = mc.movie_id)",
                    "Rows Removed by Index Recheck": 0,
                    "Filter": "(info_type_id > 105)",
                    "Rows Removed by Filter": 14
                  }
                ]
              }
            ]
          }
        ]
      }
    ]
  },
  "Planning Time": 1.02,
  "Triggers": [],
  "Execution Time": 380.079
}