{
  "Plan": {
    "Node Type": "Aggregate",
    "Strategy": "Plain",
    "Partial Mode": "Finalize",
    "Parallel Aware": false,
    "Startup Cost": 101979.75,
    "Total Cost": 101979.76,
    "Plan Rows": 1,
    "Plan Width": 8,
    "Actual Startup Time": 258.082,
    "Actual Total Time": 272.777,
    "Actual Rows": 1,
    "Actual Loops": 1,
    "Plans": [
      {
        "Node Type": "Gather",
        "Parent Relationship": "Outer",
        "Parallel Aware": false,
        "Startup Cost": 101979.63,
        "Total Cost": 101979.74,
        "Plan Rows": 1,
        "Plan Width": 8,
        "Actual Startup Time": 257.785,
        "Actual Total Time": 272.769,
        "Actual Rows": 2,
        "Actual Loops": 1,
        "Workers Planned": 1,
        "Workers Launched": 1,
        "Single Copy": false,
        "Plans": [
          {
            "Node Type": "Aggregate",
            "Strategy": "Plain",
            "Partial Mode": "Partial",
            "Parent Relationship": "Outer",
            "Parallel Aware": false,
            "Startup Cost": 100979.63,
            "Total Cost": 100979.64,
            "Plan Rows": 1,
            "Plan Width": 8,
            "Actual Startup Time": 251.88,
            "Actual Total Time": 251.884,
            "Actual Rows": 1,
            "Actual Loops": 2,
            "Plans": [
              {
                "Node Type": "Hash Join",
                "Parent Relationship": "Outer",
                "Parallel Aware": true,
                "Join Type": "Inner",
                "Startup Cost": 58404.26,
                "Total Cost": 100974.66,
                "Plan Rows": 1988,
                "Plan Width": 0,
                "Actual Startup Time": 170.086,
                "Actual Total Time": 251.84,
                "Actual Rows": 334,
                "Actual Loops": 2,
                "Inner Unique": true,
                "Hash Cond": "(mc.movie_id = t.id)",
                "Plans": [
                  {
                    "Node Type": "Index Scan",
                    "Parent Relationship": "Outer",
                    "Parallel Aware": true,
                    "Scan Direction": "Forward",
                    "Index Name": "company_type_id_movie_companies",
                    "Relation Name": "movie_companies",
                    "Alias": "mc",
                    "Startup Cost": 0.43,
                    "Total Cost": 41574.35,
                    "Plan Rows": 379611,
                    "Plan Width": 4,
                    "Actual Startup Time": 25.827,
                    "Actual Total Time": 92.185,
                    "Actual Rows": 202540,
                    "Actual Loops": 2,
                    "Index Cond": "(company_type_id = 1)",
                    "Rows Removed by Index Recheck": 0,
                    "Filter": "(company_id > 11253)",
                    "Rows Removed by Filter": 434583
                  },
                  {
                    "Node Type": "Hash",
                    "Parent Relationship": "Inner",
                    "Parallel Aware": true,
                    "Startup Cost": 58306.47,
                    "Total Cost": 58306.47,
                    "Plan Rows": 7789,
                    "Plan Width": 4,
                    "Actual Startup Time": 141.51,
                    "Actual Total Time": 141.511,
                    "Actual Rows": 6028,
                    "Actual Loops": 2,
                    "Hash Buckets": 16384,
                    "Original Hash Buckets": 16384,
                    "Hash Batches": 1,
                    "Original Hash Batches": 1,
                    "Peak Memory Usage": 640,
                    "Plans": [
                      {
                        "Node Type": "Seq Scan",
                        "Parent Relationship": "Outer",
                        "Parallel Aware": true,
                        "Relation Name": "title",
                        "Alias": "t",
                        "Startup Cost": 0.0,
                        "Total Cost": 58306.47,
                        "Plan Rows": 7789,
                        "Plan Width": 4,
                        "Actual Startup Time": 0.082,
                        "Actual Total Time": 139.182,
                        "Actual Rows": 6028,
                        "Actual Loops": 2,
                        "Filter": "((kind_id > 1) AND (production_year = 1984))",
                        "Rows Removed by Filter": 1258128
                      }
                    ]
                  }
                ]
              }
            ]
          }
        ]
      }
    ]
  },
  "Planning Time": 0.521,
  "Triggers": [],
  "Execution Time": 272.854
}