[
  {
    "Plan": {
      "Node Type": "Aggregate",
      "Strategy": "Plain",
      "Partial Mode": "Simple",
      "Parallel Aware": false,
      "Startup Cost": 537138.35,
      "Total Cost": 537138.36,
      "Plan Rows": 1,
      "Plan Width": 64,
      "Actual Startup Time": 3381.389,
      "Actual Total Time": 3381.722,
      "Actual Rows": 1,
      "Actual Loops": 1,
      "Plans": [
        {
          "Node Type": "Merge Join",
          "Parent Relationship": "Outer",
          "Parallel Aware": false,
          "Join Type": "Inner",
          "Startup Cost": 536828.58,
          "Total Cost": 537138.35,
          "Plan Rows": 1,
          "Plan Width": 23,
          "Actual Startup Time": 3313.013,
          "Actual Total Time": 3381.602,
          "Actual Rows": 761,
          "Actual Loops": 1,
          "Inner Unique": false,
          "Merge Cond": "(t.id = mi.movie_id)",
          "Plans": [
            {
              "Node Type": "Merge Join",
              "Parent Relationship": "Outer",
              "Parallel Aware": false,
              "Join Type": "Inner",
              "Startup Cost": 292975.41,
              "Total Cost": 293253.38,
              "Plan Rows": 1,
              "Plan Width": 35,
              "Actual Startup Time": 2087.926,
              "Actual Total Time": 2117.926,
              "Actual Rows": 1147,
              "Actual Loops": 1,
              "Inner Unique": false,
              "Merge Cond": "(t.id = mk.movie_id)",
              "Plans": [
                {
                  "Node Type": "Sort",
                  "Parent Relationship": "Outer",
                  "Parallel Aware": false,
                  "Startup Cost": 63549.47,
                  "Total Cost": 63688.61,
                  "Plan Rows": 55658,
                  "Plan Width": 21,
                  "Actual Startup Time": 255.444,
                  "Actual Total Time": 268.299,
                  "Actual Rows": 98841,
                  "Actual Loops": 1,
                  "Sort Key": [
                    "t.id"
                  ],
                  "Sort Method": "quicksort",
                  "Sort Space Used": 9799,
                  "Sort Space Type": "Memory",
                  "Plans": [
                    {
                      "Node Type": "Gather",
                      "Parent Relationship": "Outer",
                      "Parallel Aware": false,
                      "Startup Cost": 52970.45,
                      "Total Cost": 59162.42,
                      "Plan Rows": 55658,
                      "Plan Width": 21,
                      "Actual Startup Time": 211.427,
                      "Actual Total Time": 226.772,
                      "Actual Rows": 98992,
                      "Actual Loops": 1,
                      "Workers Planned": 4,
                      "Workers Launched": 4,
                      "Single Copy": false,
                      "Plans": [
                        {
                          "Node Type": "Merge Join",
                          "Parent Relationship": "Outer",
                          "Parallel Aware": false,
                          "Join Type": "Inner",
                          "Startup Cost": 51970.45,
                          "Total Cost": 52596.62,
                          "Plan Rows": 13914,
                          "Plan Width": 21,
                          "Actual Startup Time": 202.335,
                          "Actual Total Time": 206.905,
                          "Actual Rows": 19798,
                          "Actual Loops": 5,
                          "Inner Unique": true,
                          "Merge Cond": "(t.kind_id = kt.id)",
                          "Plans": [
                            {
                              "Node Type": "Sort",
                              "Parent Relationship": "Outer",
                              "Parallel Aware": false,
                              "Startup Cost": 51969.35,
                              "Total Cost": 52212.86,
                              "Plan Rows": 97402,
                              "Plan Width": 25,
                              "Actual Startup Time": 202.205,
                              "Actual Total Time": 203.26,
                              "Actual Rows": 19799,
                              "Actual Loops": 5,
                              "Sort Key": [
                                "t.kind_id"
                              ],
                              "Sort Method": "quicksort",
                              "Sort Space Used": 10608,
                              "Sort Space Type": "Memory",
                              "Workers": [
                                {
                                  "Worker Number": 0,
                                  "Sort Method": "quicksort",
                                  "Sort Space Used": 6535,
                                  "Sort Space Type": "Memory"
                                },
                                {
                                  "Worker Number": 1,
                                  "Sort Method": "quicksort",
                                  "Sort Space Used": 8139,
                                  "Sort Space Type": "Memory"
                                },
                                {
                                  "Worker Number": 2,
                                  "Sort Method": "quicksort",
                                  "Sort Space Used": 10203,
                                  "Sort Space Type": "Memory"
                                },
                                {
                                  "Worker Number": 3,
                                  "Sort Method": "quicksort",
                                  "Sort Space Used": 8280,
                                  "Sort Space Type": "Memory"
                                }
                              ],
                              "Plans": [
                                {
                                  "Node Type": "Seq Scan",
                                  "Parent Relationship": "Outer",
                                  "Parallel Aware": true,
                                  "Relation Name": "title",
                                  "Alias": "t",
                                  "Startup Cost": 0.0,
                                  "Total Cost": 43898.79,
                                  "Plan Rows": 97402,
                                  "Plan Width": 25,
                                  "Actual Startup Time": 0.057,
                                  "Actual Total Time": 171.158,
                                  "Actual Rows": 78333,
                                  "Actual Loops": 5,
                                  "Filter": "(production_year > 2010)",
                                  "Rows Removed by Filter": 427329
                                }
                              ]
                            },
                            {
                              "Node Type": "Sort",
                              "Parent Relationship": "Inner",
                              "Parallel Aware": false,
                              "Startup Cost": 1.1,
                              "Total Cost": 1.1,
                              "Plan Rows": 1,
                              "Plan Width": 4,
                              "Actual Startup Time": 0.114,
                              "Actual Total Time": 0.116,
                              "Actual Rows": 1,
                              "Actual Loops": 5,
                              "Sort Key": [
                                "kt.id"
                              ],
                              "Sort Method": "quicksort",
                              "Sort Space Used": 25,
                              "Sort Space Type": "Memory",
                              "Workers": [
                                {
                                  "Worker Number": 0,
                                  "Sort Method": "quicksort",
                                  "Sort Space Used": 25,
                                  "Sort Space Type": "Memory"
                                },
                                {
                                  "Worker Number": 1,
                                  "Sort Method": "quicksort",
                                  "Sort Space Used": 25,
                                  "Sort Space Type": "Memory"
                                },
                                {
                                  "Worker Number": 2,
                                  "Sort Method": "quicksort",
                                  "Sort Space Used": 25,
                                  "Sort Space Type": "Memory"
                                },
                                {
                                  "Worker Number": 3,
                                  "Sort Method": "quicksort",
                                  "Sort Space Used": 25,
                                  "Sort Space Type": "Memory"
                                }
                              ],
                              "Plans": [
                                {
                                  "Node Type": "Seq Scan",
                                  "Parent Relationship": "Outer",
                                  "Parallel Aware": false,
                                  "Relation Name": "kind_type",
                                  "Alias": "kt",
                                  "Startup Cost": 0.0,
                                  "Total Cost": 1.09,
                                  "Plan Rows": 1,
                                  "Plan Width": 4,
                                  "Actual Startup Time": 0.092,
                                  "Actual Total Time": 0.094,
                                  "Actual Rows": 1,
                                  "Actual Loops": 5,
                                  "Filter": "((kind)::text = 'movie'::text)",
                                  "Rows Removed by Filter": 6
                                }
                              ]
                            }
                          ]
                        }
                      ]
                    }
                  ]
                },
                {
                  "Node Type": "Sort",
                  "Parent Relationship": "Inner",
                  "Parallel Aware": false,
                  "Startup Cost": 229425.88,
                  "Total Cost": 229425.89,
                  "Plan Rows": 3,
                  "Plan Width": 14,
                  "Actual Startup Time": 1831.344,
                  "Actual Total Time": 1836.209,
                  "Actual Rows": 31800,
                  "Actual Loops": 1,
                  "Sort Key": [
                    "mi_idx.movie_id"
                  ],
                  "Sort Method": "quicksort",
                  "Sort Space Used": 2259,
                  "Sort Space Type": "Memory",
                  "Plans": [
                    {
                      "Node Type": "Gather",
                      "Parent Relationship": "Outer",
                      "Parallel Aware": false,
                      "Startup Cost": 229243.63,
                      "Total Cost": 229425.86,
                      "Plan Rows": 3,
                      "Plan Width": 14,
                      "Actual Startup Time": 1694.975,
                      "Actual Total Time": 1812.165,
                      "Actual Rows": 31800,
                      "Actual Loops": 1,
                      "Workers Planned": 3,
                      "Workers Launched": 3,
                      "Single Copy": false,
                      "Plans": [
                        {
                          "Node Type": "Merge Join",
                          "Parent Relationship": "Outer",
                          "Parallel Aware": false,
                          "Join Type": "Inner",
                          "Startup Cost": 228243.63,
                          "Total Cost": 228425.56,
                          "Plan Rows": 1,
                          "Plan Width": 14,
                          "Actual Startup Time": 1677.218,
                          "Actual Total Time": 1721.864,
                          "Actual Rows": 7950,
                          "Actual Loops": 4,
                          "Inner Unique": true,
                          "Merge Cond": "(mk.keyword_id = k.id)",
                          "Plans": [
                            {
                              "Node Type": "Sort",
                              "Parent Relationship": "Outer",
                              "Parallel Aware": false,
                              "Startup Cost": 225281.54,
                              "Total Cost": 225372.74,
                              "Plan Rows": 36479,
                              "Plan Width": 18,
                              "Actual Startup Time": 1642.374,
                              "Actual Total Time": 1675.036,
                              "Actual Rows": 166600,
                              "Actual Loops": 4,
                              "Sort Key": [
                                "mk.keyword_id"
                              ],
                              "Sort Method": "quicksort",
                              "Sort Space Used": 98384,
                              "Sort Space Type": "Memory",
                              "Workers": [
                                {
                                  "Worker Number": 0,
                                  "Sort Method": "quicksort",
                                  "Sort Space Used": 49974,
                                  "Sort Space Type": "Memory"
                                },
                                {
                                  "Worker Number": 1,
                                  "Sort Method": "quicksort",
                                  "Sort Space Used": 56804,
                                  "Sort Space Type": "Memory"
                                },
                                {
                                  "Worker Number": 2,
                                  "Sort Method": "quicksort",
                                  "Sort Space Used": 101837,
                                  "Sort Space Type": "Memory"
                                }
                              ],
                              "Plans": [
                                {
                                  "Node Type": "Merge Join",
                                  "Parent Relationship": "Outer",
                                  "Parallel Aware": false,
                                  "Join Type": "Inner",
                                  "Startup Cost": 71851.01,
                                  "Total Cost": 222517.39,
                                  "Plan Rows": 36479,
                                  "Plan Width": 18,
                                  "Actual Startup Time": 603.242,
                                  "Actual Total Time": 1314.694,
                                  "Actual Rows": 850868,
                                  "Actual Loops": 4,
                                  "Inner Unique": false,
                                  "Merge Cond": "(mk.movie_id = mi_idx.movie_id)",
                                  "Plans": [
                                    {
                                      "Node Type": "Index Scan",
                                      "Parent Relationship": "Outer",
                                      "Parallel Aware": true,
                                      "Scan Direction": "Forward",
                                      "Index Name": "movie_id_movie_keyword",
                                      "Relation Name": "movie_keyword",
                                      "Alias": "mk",
                                      "Startup Cost": 0.43,
                                      "Total Cost": 146510.84,
                                      "Plan Rows": 1459332,
                                      "Plan Width": 8,
                                      "Actual Startup Time": 0.105,
                                      "Actual Total Time": 380.987,
                                      "Actual Rows": 1130981,
                                      "Actual Loops": 4
                                    },
                                    {
                                      "Node Type": "Sort",
                                      "Parent Relationship": "Inner",
                                      "Parallel Aware": false,
                                      "Startup Cost": 71850.56,
                                      "Total Cost": 71880.2,
                                      "Plan Rows": 11857,
                                      "Plan Width": 10,
                                      "Actual Startup Time": 603.075,
                                      "Actual Total Time": 670.217,
                                      "Actual Rows": 1246983,
                                      "Actual Loops": 4,
                                      "Sort Key": [
                                        "mi_idx.movie_id"
                                      ],
                                      "Sort Method": "quicksort",
                                      "Sort Space Used": 33581,
                                      "Sort Space Type": "Memory",
                                      "Workers": [
                                        {
                                          "Worker Number": 0,
                                          "Sort Method": "quicksort",
                                          "Sort Space Used": 33581,
                                          "Sort Space Type": "Memory"
                                        },
                                        {
                                          "Worker Number": 1,
                                          "Sort Method": "quicksort",
                                          "Sort Space Used": 33581,
                                          "Sort Space Type": "Memory"
                                        },
                                        {
                                          "Worker Number": 2,
                                          "Sort Method": "quicksort",
                                          "Sort Space Used": 33581,
                                          "Sort Space Type": "Memory"
                                        }
                                      ],
                                      "Plans": [
                                        {
                                          "Node Type": "Merge Join",
                                          "Parent Relationship": "Outer",
                                          "Parallel Aware": false,
                                          "Join Type": "Inner",
                                          "Startup Cost": 2.86,
                                          "Total Cost": 71048.22,
                                          "Plan Rows": 11857,
                                          "Plan Width": 10,
                                          "Actual Startup Time": 299.864,
                                          "Actual Total Time": 466.742,
                                          "Actual Rows": 454230,
                                          "Actual Loops": 4,
                                          "Inner Unique": true,
                                          "Merge Cond": "(mi_idx.info_type_id = it2.id)",
                                          "Plans": [
                                            {
                                              "Node Type": "Index Scan",
                                              "Parent Relationship": "Outer",
                                              "Parallel Aware": false,
                                              "Scan Direction": "Forward",
                                              "Index Name": "info_type_id_movie_info_idx",
                                              "Relation Name": "movie_info_idx",
                                              "Alias": "mi_idx",
                                              "Startup Cost": 0.43,
                                              "Total Cost": 67577.66,
                                              "Plan Rows": 1339825,
                                              "Plan Width": 14,
                                              "Actual Startup Time": 0.183,
                                              "Actual Total Time": 360.97,
                                              "Actual Rows": 1337397,
                                              "Actual Loops": 4,
                                              "Filter": "(info < '8.5'::text)",
                                              "Rows Removed by Filter": 42379
                                            },
                                            {
                                              "Node Type": "Sort",
                                              "Parent Relationship": "Inner",
                                              "Parallel Aware": false,
                                              "Startup Cost": 2.42,
                                              "Total Cost": 2.43,
                                              "Plan Rows": 1,
                                              "Plan Width": 4,
                                              "Actual Startup Time": 0.099,
                                              "Actual Total Time": 0.101,
                                              "Actual Rows": 1,
                                              "Actual Loops": 4,
                                              "Sort Key": [
                                                "it2.id"
                                              ],
                                              "Sort Method": "quicksort",
                                              "Sort Space Used": 25,
                                              "Sort Space Type": "Memory",
                                              "Workers": [
                                                {
                                                  "Worker Number": 0,
                                                  "Sort Method": "quicksort",
                                                  "Sort Space Used": 25,
                                                  "Sort Space Type": "Memory"
                                                },
                                                {
                                                  "Worker Number": 1,
                                                  "Sort Method": "quicksort",
                                                  "Sort Space Used": 25,
                                                  "Sort Space Type": "Memory"
                                                },
                                                {
                                                  "Worker Number": 2,
                                                  "Sort Method": "quicksort",
                                                  "Sort Space Used": 25,
                                                  "Sort Space Type": "Memory"
                                                }
                                              ],
                                              "Plans": [
                                                {
                                                  "Node Type": "Seq Scan",
                                                  "Parent Relationship": "Outer",
                                                  "Parallel Aware": false,
                                                  "Relation Name": "info_type",
                                                  "Alias": "it2",
                                                  "Startup Cost": 0.0,
                                                  "Total Cost": 2.41,
                                                  "Plan Rows": 1,
                                                  "Plan Width": 4,
                                                  "Actual Startup Time": 0.066,
                                                  "Actual Total Time": 0.069,
                                                  "Actual Rows": 1,
                                                  "Actual Loops": 4,
                                                  "Filter": "((info)::text = 'rating'::text)",
                                                  "Rows Removed by Filter": 112
                                                }
                                              ]
                                            }
                                          ]
                                        }
                                      ]
                                    }
                                  ]
                                }
                              ]
                            },
                            {
                              "Node Type": "Sort",
                              "Parent Relationship": "Inner",
                              "Parallel Aware": false,
                              "Startup Cost": 2961.59,
                              "Total Cost": 2961.6,
                              "Plan Rows": 4,
                              "Plan Width": 4,
                              "Actual Startup Time": 24.591,
                              "Actual Total Time": 24.595,
                              "Actual Rows": 3,
                              "Actual Loops": 4,
                              "Sort Key": [
                                "k.id"
                              ],
                              "Sort Method": "quicksort",
                              "Sort Space Used": 25,
                              "Sort Space Type": "Memory",
                              "Workers": [
                                {
                                  "Worker Number": 0,
                                  "Sort Method": "quicksort",
                                  "Sort Space Used": 25,
                                  "Sort Space Type": "Memory"
                                },
                                {
                                  "Worker Number": 1,
                                  "Sort Method": "quicksort",
                                  "Sort Space Used": 25,
                                  "Sort Space Type": "Memory"
                                },
                                {
                                  "Worker Number": 2,
                                  "Sort Method": "quicksort",
                                  "Sort Space Used": 25,
                                  "Sort Space Type": "Memory"
                                }
                              ],
                              "Plans": [
                                {
                                  "Node Type": "Seq Scan",
                                  "Parent Relationship": "Outer",
                                  "Parallel Aware": false,
                                  "Relation Name": "keyword",
                                  "Alias": "k",
                                  "Startup Cost": 0.0,
                                  "Total Cost": 2961.55,
                                  "Plan Rows": 4,
                                  "Plan Width": 4,
                                  "Actual Startup Time": 1.247,
                                  "Actual Total Time": 24.566,
                                  "Actual Rows": 3,
                                  "Actual Loops": 4,
                                  "Filter": "(keyword = ANY ('{murder,murder-in-title,blood,violence}'::text[]))",
                                  "Rows Removed by Filter": 134167
                                }
                              ]
                            }
                          ]
                        }
                      ]
                    }
                  ]
                }
              ]
            },
            {
              "Node Type": "Sort",
              "Parent Relationship": "Inner",
              "Parallel Aware": false,
              "Startup Cost": 243853.17,
              "Total Cost": 243869.06,
              "Plan Rows": 6356,
              "Plan Width": 4,
              "Actual Startup Time": 1210.639,
              "Actual Total Time": 1232.825,
              "Actual Rows": 614440,
              "Actual Loops": 1,
              "Sort Key": [
                "mi.movie_id"
              ],
              "Sort Method": "quicksort",
              "Sort Space Used": 53370,
              "Sort Space Type": "Memory",
              "Plans": [
                {
                  "Node Type": "Gather",
                  "Parent Relationship": "Outer",
                  "Parallel Aware": false,
                  "Startup Cost": 242085.09,
                  "Total Cost": 243451.66,
                  "Plan Rows": 6356,
                  "Plan Width": 4,
                  "Actual Startup Time": 991.565,
                  "Actual Total Time": 1088.393,
                  "Actual Rows": 614251,
                  "Actual Loops": 1,
                  "Workers Planned": 5,
                  "Workers Launched": 5,
                  "Single Copy": false,
                  "Plans": [
                    {
                      "Node Type": "Merge Join",
                      "Parent Relationship": "Outer",
                      "Parallel Aware": false,
                      "Join Type": "Inner",
                      "Startup Cost": 241085.09,
                      "Total Cost": 241816.06,
                      "Plan Rows": 1271,
                      "Plan Width": 4,
                      "Actual Startup Time": 979.442,
                      "Actual Total Time": 1003.365,
                      "Actual Rows": 102375,
                      "Actual Loops": 6,
                      "Inner Unique": true,
                      "Merge Cond": "(mi.info_type_id = it1.id)",
                      "Plans": [
                        {
                          "Node Type": "Sort",
                          "Parent Relationship": "Outer",
                          "Parallel Aware": false,
                          "Startup Cost": 241082.67,
                          "Total Cost": 241441.8,
                          "Plan Rows": 143651,
                          "Plan Width": 8,
                          "Actual Startup Time": 977.769,
                          "Actual Total Time": 984.675,
                          "Actual Rows": 115117,
                          "Actual Loops": 6,
                          "Sort Key": [
                            "mi.info_type_id"
                          ],
                          "Sort Method": "quicksort",
                          "Sort Space Used": 12731,
                          "Sort Space Type": "Memory",
                          "Workers": [
                            {
                              "Worker Number": 0,
                              "Sort Method": "quicksort",
                              "Sort Space Used": 12851,
                              "Sort Space Type": "Memory"
                            },
                            {
                              "Worker Number": 1,
                              "Sort Method": "quicksort",
                              "Sort Space Used": 7556,
                              "Sort Space Type": "Memory"
                            },
                            {
                              "Worker Number": 2,
                              "Sort Method": "quicksort",
                              "Sort Space Used": 7487,
                              "Sort Space Type": "Memory"
                            },
                            {
                              "Worker Number": 3,
                              "Sort Method": "quicksort",
                              "Sort Space Used": 7604,
                              "Sort Space Type": "Memory"
                            },
                            {
                              "Worker Number": 4,
                              "Sort Method": "quicksort",
                              "Sort Space Used": 12547,
                              "Sort Space Type": "Memory"
                            }
                          ],
                          "Plans": [
                            {
                              "Node Type": "Seq Scan",
                              "Parent Relationship": "Outer",
                              "Parallel Aware": true,
                              "Relation Name": "movie_info",
                              "Alias": "mi",
                              "Startup Cost": 0.0,
                              "Total Cost": 228777.37,
                              "Plan Rows": 143651,
                              "Plan Width": 8,
                              "Actual Startup Time": 0.956,
                              "Actual Total Time": 951.924,
                              "Actual Rows": 117779,
                              "Actual Loops": 6,
                              "Filter": "(info = ANY ('{Sweden,Norway,Germany,Denmark,Swedish,Denish,Norwegian,German,USA,American}'::text[]))",
                              "Rows Removed by Filter": 2354841
                            }
                          ]
                        },
                        {
                          "Node Type": "Sort",
                          "Parent Relationship": "Inner",
                          "Parallel Aware": false,
                          "Startup Cost": 2.42,
                          "Total Cost": 2.43,
                          "Plan Rows": 1,
                          "Plan Width": 4,
                          "Actual Startup Time": 0.163,
                          "Actual Total Time": 0.165,
                          "Actual Rows": 1,
                          "Actual Loops": 6,
                          "Sort Key": [
                            "it1.id"
                          ],
                          "Sort Method": "quicksort",
                          "Sort Space Used": 25,
                          "Sort Space Type": "Memory",
                          "Workers": [
                            {
                              "Worker Number": 0,
                              "Sort Method": "quicksort",
                              "Sort Space Used": 25,
                              "Sort Space Type": "Memory"
                            },
                            {
                              "Worker Number": 1,
                              "Sort Method": "quicksort",
                              "Sort Space Used": 25,
                              "Sort Space Type": "Memory"
                            },
                            {
                              "Worker Number": 2,
                              "Sort Method": "quicksort",
                              "Sort Space Used": 25,
                              "Sort Space Type": "Memory"
                            },
                            {
                              "Worker Number": 3,
                              "Sort Method": "quicksort",
                              "Sort Space Used": 25,
                              "Sort Space Type": "Memory"
                            },
                            {
                              "Worker Number": 4,
                              "Sort Method": "quicksort",
                              "Sort Space Used": 25,
                              "Sort Space Type": "Memory"
                            }
                          ],
                          "Plans": [
                            {
                              "Node Type": "Seq Scan",
                              "Parent Relationship": "Outer",
                              "Parallel Aware": false,
                              "Relation Name": "info_type",
                              "Alias": "it1",
                              "Startup Cost": 0.0,
                              "Total Cost": 2.41,
                              "Plan Rows": 1,
                              "Plan Width": 4,
                              "Actual Startup Time": 0.13,
                              "Actual Total Time": 0.136,
                              "Actual Rows": 1,
                              "Actual Loops": 6,
                              "Filter": "((info)::text = 'countries'::text)",
                              "Rows Removed by Filter": 112
                            }
                          ]
                        }
                      ]
                    }
                  ]
                }
              ]
            }
          ]
        }
      ]
    },
    "Planning Time": 11.19,
    "Triggers": [],
    "Execution Time": 3393.534
  }
]