[
  {
    "Plan": {
      "Node Type": "Aggregate",
      "Strategy": "Plain",
      "Partial Mode": "Finalize",
      "Parallel Aware": false,
      "Startup Cost": 46548.46,
      "Total Cost": 46548.47,
      "Plan Rows": 1,
      "Plan Width": 8,
      "Actual Startup Time": 210.158,
      "Actual Total Time": 222.598,
      "Actual Rows": 1,
      "Actual Loops": 1,
      "Plans": [
        {
          "Node Type": "Gather",
          "Parent Relationship": "Outer",
          "Parallel Aware": false,
          "Startup Cost": 46548.14,
          "Total Cost": 46548.45,
          "Plan Rows": 3,
          "Plan Width": 8,
          "Actual Startup Time": 210.032,
          "Actual Total Time": 222.588,
          "Actual Rows": 4,
          "Actual Loops": 1,
          "Workers Planned": 3,
          "Workers Launched": 3,
          "Single Copy": false,
          "Plans": [
            {
              "Node Type": "Aggregate",
              "Strategy": "Plain",
              "Partial Mode": "Partial",
              "Parent Relationship": "Outer",
              "Parallel Aware": false,
              "Startup Cost": 45548.14,
              "Total Cost": 45548.15,
              "Plan Rows": 1,
              "Plan Width": 8,
              "Actual Startup Time": 203.93,
              "Actual Total Time": 203.931,
              "Actual Rows": 1,
              "Actual Loops": 4,
              "Plans": [
                {
                  "Node Type": "Seq Scan",
                  "Parent Relationship": "Outer",
                  "Parallel Aware": true,
                  "Relation Name": "movie_keyword",
                  "Alias": "mk",
                  "Startup Cost": 0.0,
                  "Total Cost": 42695.65,
                  "Plan Rows": 1140995,
                  "Plan Width": 0,
                  "Actual Startup Time": 0.049,
                  "Actual Total Time": 150.883,
                  "Actual Rows": 885556,
                  "Actual Loops": 4,
                  "Filter": "(keyword_id < 18889)",
                  "Rows Removed by Filter": 245426
                }
              ]
            }
          ]
        }
      ]
    },
    "Planning Time": 0.132,
    "Triggers": [],
    "Execution Time": 222.647
  }
]