[
  {
    "Plan": {
      "Node Type": "Aggregate",
      "Strategy": "Plain",
      "Partial Mode": "Finalize",
      "Parallel Aware": false,
      "Startup Cost": 46544.05,
      "Total Cost": 46544.06,
      "Plan Rows": 1,
      "Plan Width": 8,
      "Actual Startup Time": 160.388,
      "Actual Total Time": 169.898,
      "Actual Rows": 1,
      "Actual Loops": 1,
      "Plans": [
        {
          "Node Type": "Gather",
          "Parent Relationship": "Outer",
          "Parallel Aware": false,
          "Startup Cost": 46543.74,
          "Total Cost": 46544.05,
          "Plan Rows": 3,
          "Plan Width": 8,
          "Actual Startup Time": 160.289,
          "Actual Total Time": 169.891,
          "Actual Rows": 4,
          "Actual Loops": 1,
          "Workers Planned": 3,
          "Workers Launched": 3,
          "Single Copy": false,
          "Plans": [
            {
              "Node Type": "Aggregate",
              "Strategy": "Plain",
              "Partial Mode": "Partial",
              "Parent Relationship": "Outer",
              "Parallel Aware": false,
              "Startup Cost": 45543.74,
              "Total Cost": 45543.75,
              "Plan Rows": 1,
              "Plan Width": 8,
              "Actual Startup Time": 153.874,
              "Actual Total Time": 153.875,
              "Actual Rows": 1,
              "Actual Loops": 4,
              "Plans": [
                {
                  "Node Type": "Seq Scan",
                  "Parent Relationship": "Outer",
                  "Parallel Aware": true,
                  "Relation Name": "movie_keyword",
                  "Alias": "mk",
                  "Startup Cost": 0.0,
                  "Total Cost": 42695.65,
                  "Plan Rows": 1139233,
                  "Plan Width": 0,
                  "Actual Startup Time": 0.049,
                  "Actual Total Time": 116.579,
                  "Actual Rows": 885556,
                  "Actual Loops": 4,
                  "Filter": "(keyword_id < 18889)",
                  "Rows Removed by Filter": 245426
                }
              ]
            }
          ]
        }
      ]
    },
    "Planning Time": 0.116,
    "Triggers": [],
    "Execution Time": 169.934
  }
]