[
    {
        "Bao": {
            "Bao prediction": "NaN",
            "Bao recommended hint": "(no hint)"
        }
    },
    {
        "Plan": {
            "Node Type": "Aggregate",
            "Strategy": "Plain",
            "Partial Mode": "Simple",
            "Parallel Aware": false,
            "Startup Cost": 21949.3,
            "Total Cost": 21949.31,
            "Plan Rows": 1,
            "Plan Width": 8,
            "Actual Startup Time": 32.361,
            "Actual Total Time": 32.362,
            "Actual Rows": 1,
            "Actual Loops": 1,
            "Output": [
                "count(*)"
            ],
            "Plans": [
                {
                    "Node Type": "Bitmap Heap Scan",
                    "Parent Relationship": "Outer",
                    "Parallel Aware": false,
                    "Relation Name": "movie_companies",
                    "Schema": "public",
                    "Alias": "mc",
                    "Startup Cost": 1867.74,
                    "Total Cost": 21734.04,
                    "Plan Rows": 86104,
                    "Plan Width": 0,
                    "Actual Startup Time": 7.767,
                    "Actual Total Time": 27.131,
                    "Actual Rows": 88039,
                    "Actual Loops": 1,
                    "Recheck Cond": "(mc.company_id > 164919)",
                    "Rows Removed by Index Recheck": 0,
                    "Exact Heap Blocks": 2907,
                    "Lossy Heap Blocks": 0,
                    "Plans": [
                        {
                            "Node Type": "Bitmap Index Scan",
                            "Parent Relationship": "Outer",
                            "Parallel Aware": false,
                            "Index Name": "company_id_movie_companies",
                            "Startup Cost": 0.0,
                            "Total Cost": 1846.21,
                            "Plan Rows": 86104,
                            "Plan Width": 0,
                            "Actual Startup Time": 7.082,
                            "Actual Total Time": 7.083,
                            "Actual Rows": 88039,
                            "Actual Loops": 1,
                            "Index Cond": "(mc.company_id > 164919)"
                        }
                    ]
                }
            ]
        },
        "Planning Time": 208.982,
        "Triggers": [],
        "Execution Time": 32.448
    }
]