[
  {
    "Plan": {
      "Node Type": "Aggregate",
      "Strategy": "Plain",
      "Partial Mode": "Finalize",
      "Parallel Aware": false,
      "Startup Cost": 342572.77,
      "Total Cost": 342572.78,
      "Plan Rows": 1,
      "Plan Width": 8,
      "Actual Startup Time": 891.517,
      "Actual Total Time": 951.641,
      "Actual Rows": 1,
      "Actual Loops": 1,
      "Plans": [
        {
          "Node Type": "Gather",
          "Parent Relationship": "Outer",
          "Parallel Aware": false,
          "Startup Cost": 342572.14,
          "Total Cost": 342572.75,
          "Plan Rows": 6,
          "Plan Width": 8,
          "Actual Startup Time": 891.386,
          "Actual Total Time": 951.632,
          "Actual Rows": 7,
          "Actual Loops": 1,
          "Workers Planned": 6,
          "Workers Launched": 6,
          "Single Copy": false,
          "Plans": [
            {
              "Node Type": "Aggregate",
              "Strategy": "Plain",
              "Partial Mode": "Partial",
              "Parent Relationship": "Outer",
              "Parallel Aware": false,
              "Startup Cost": 341572.14,
              "Total Cost": 341572.15,
              "Plan Rows": 1,
              "Plan Width": 8,
              "Actual Startup Time": 881.678,
              "Actual Total Time": 881.679,
              "Actual Rows": 1,
              "Actual Loops": 7,
              "Plans": [
                {
                  "Node Type": "Seq Scan",
                  "Parent Relationship": "Outer",
                  "Parallel Aware": true,
                  "Relation Name": "cast_info",
                  "Alias": "ci",
                  "Startup Cost": 0.0,
                  "Total Cost": 328162.03,
                  "Plan Rows": 5364047,
                  "Plan Width": 0,
                  "Actual Startup Time": 57.335,
                  "Actual Total Time": 673.933,
                  "Actual Rows": 4581274,
                  "Actual Loops": 7,
                  "Filter": "(person_id > 401674)",
                  "Rows Removed by Filter": 596489
                }
              ]
            }
          ]
        }
      ]
    },
    "Planning Time": 0.089,
    "Triggers": [],
    "Execution Time": 951.688
  }
]