[
    {
        "Bao": {
            "Bao prediction": "NaN",
            "Bao recommended hint": "(no hint)"
        }
    },
    {
        "Plan": {
            "Node Type": "Aggregate",
            "Strategy": "Plain",
            "Partial Mode": "Finalize",
            "Parallel Aware": false,
            "Startup Cost": 330408.98,
            "Total Cost": 330408.99,
            "Plan Rows": 1,
            "Plan Width": 8,
            "Actual Startup Time": 4595.505,
            "Actual Total Time": 4639.109,
            "Actual Rows": 1,
            "Actual Loops": 1,
            "Output": [
                "count(*)"
            ],
            "Plans": [
                {
                    "Node Type": "Gather",
                    "Parent Relationship": "Outer",
                    "Parallel Aware": false,
                    "Startup Cost": 330408.46,
                    "Total Cost": 330408.97,
                    "Plan Rows": 5,
                    "Plan Width": 8,
                    "Actual Startup Time": 4562.236,
                    "Actual Total Time": 4639.095,
                    "Actual Rows": 6,
                    "Actual Loops": 1,
                    "Output": [
                        "(PARTIAL count(*))"
                    ],
                    "Workers Planned": 5,
                    "Workers Launched": 5,
                    "Single Copy": false,
                    "Plans": [
                        {
                            "Node Type": "Aggregate",
                            "Strategy": "Plain",
                            "Partial Mode": "Partial",
                            "Parent Relationship": "Outer",
                            "Parallel Aware": false,
                            "Startup Cost": 329408.46,
                            "Total Cost": 329408.47,
                            "Plan Rows": 1,
                            "Plan Width": 8,
                            "Actual Startup Time": 4542.018,
                            "Actual Total Time": 4542.901,
                            "Actual Rows": 1,
                            "Actual Loops": 6,
                            "Output": [
                                "PARTIAL count(*)"
                            ],
                            "Workers": [
                                {
                                    "Worker Number": 0,
                                    "Actual Startup Time": 4537.288,
                                    "Actual Total Time": 4537.293,
                                    "Actual Rows": 1,
                                    "Actual Loops": 1
                                },
                                {
                                    "Worker Number": 1,
                                    "Actual Startup Time": 4537.478,
                                    "Actual Total Time": 4537.483,
                                    "Actual Rows": 1,
                                    "Actual Loops": 1
                                },
                                {
                                    "Worker Number": 2,
                                    "Actual Startup Time": 4537.513,
                                    "Actual Total Time": 4537.518,
                                    "Actual Rows": 1,
                                    "Actual Loops": 1
                                },
                                {
                                    "Worker Number": 3,
                                    "Actual Startup Time": 4540.559,
                                    "Actual Total Time": 4540.563,
                                    "Actual Rows": 1,
                                    "Actual Loops": 1
                                },
                                {
                                    "Worker Number": 4,
                                    "Actual Startup Time": 4537.773,
                                    "Actual Total Time": 4537.778,
                                    "Actual Rows": 1,
                                    "Actual Loops": 1
                                }
                            ],
                            "Plans": [
                                {
                                    "Node Type": "Hash Join",
                                    "Parent Relationship": "Outer",
                                    "Parallel Aware": true,
                                    "Join Type": "Inner",
                                    "Startup Cost": 107230.65,
                                    "Total Cost": 320847.09,
                                    "Plan Rows": 3424546,
                                    "Plan Width": 0,
                                    "Actual Startup Time": 628.074,
                                    "Actual Total Time": 3384.312,
                                    "Actual Rows": 26333698,
                                    "Actual Loops": 6,
                                    "Inner Unique": false,
                                    "Hash Cond": "(mi.movie_id = t.id)",
                                    "Workers": [
                                        {
                                            "Worker Number": 0,
                                            "Actual Startup Time": 623.912,
                                            "Actual Total Time": 3387.068,
                                            "Actual Rows": 28316540,
                                            "Actual Loops": 1
                                        },
                                        {
                                            "Worker Number": 1,
                                            "Actual Startup Time": 624.04,
                                            "Actual Total Time": 3381.447,
                                            "Actual Rows": 28371249,
                                            "Actual Loops": 1
                                        },
                                        {
                                            "Worker Number": 2,
                                            "Actual Startup Time": 623.706,
                                            "Actual Total Time": 3385.463,
                                            "Actual Rows": 28409714,
                                            "Actual Loops": 1
                                        },
                                        {
                                            "Worker Number": 3,
                                            "Actual Startup Time": 624.341,
                                            "Actual Total Time": 3367.533,
                                            "Actual Rows": 24593940,
                                            "Actual Loops": 1
                                        },
                                        {
                                            "Worker Number": 4,
                                            "Actual Startup Time": 624.318,
                                            "Actual Total Time": 3374.467,
                                            "Actual Rows": 24013420,
                                            "Actual Loops": 1
                                        }
                                    ],
                                    "Plans": [
                                        {
                                            "Node Type": "Seq Scan",
                                            "Parent Relationship": "Outer",
                                            "Parallel Aware": true,
                                            "Relation Name": "movie_info",
                                            "Schema": "public",
                                            "Alias": "mi",
                                            "Startup Cost": 0.0,
                                            "Total Cost": 191503.19,
                                            "Plan Rows": 2951019,
                                            "Plan Width": 4,
                                            "Actual Startup Time": 0.027,
                                            "Actual Total Time": 277.838,
                                            "Actual Rows": 2472620,
                                            "Actual Loops": 6,
                                            "Output": [
                                                "mi.id",
                                                "mi.movie_id",
                                                "mi.info_type_id",
                                                "mi.info",
                                                "mi.note"
                                            ],
                                            "Workers": [
                                                {
                                                    "Worker Number": 0,
                                                    "Actual Startup Time": 0.028,
                                                    "Actual Total Time": 290.284,
                                                    "Actual Rows": 2629460,
                                                    "Actual Loops": 1
                                                },
                                                {
                                                    "Worker Number": 1,
                                                    "Actual Startup Time": 0.026,
                                                    "Actual Total Time": 287.417,
                                                    "Actual Rows": 2627037,
                                                    "Actual Loops": 1
                                                },
                                                {
                                                    "Worker Number": 2,
                                                    "Actual Startup Time": 0.026,
                                                    "Actual Total Time": 291.929,
                                                    "Actual Rows": 2659966,
                                                    "Actual Loops": 1
                                                },
                                                {
                                                    "Worker Number": 3,
                                                    "Actual Startup Time": 0.038,
                                                    "Actual Total Time": 292.482,
                                                    "Actual Rows": 2165512,
                                                    "Actual Loops": 1
                                                },
                                                {
                                                    "Worker Number": 4,
                                                    "Actual Startup Time": 0.027,
                                                    "Actual Total Time": 283.519,
                                                    "Actual Rows": 2512279,
                                                    "Actual Loops": 1
                                                }
                                            ]
                                        },
                                        {
                                            "Node Type": "Hash",
                                            "Parent Relationship": "Inner",
                                            "Parallel Aware": true,
                                            "Startup Cost": 95399.91,
                                            "Total Cost": 95399.91,
                                            "Plan Rows": 946459,
                                            "Plan Width": 8,
                                            "Actual Startup Time": 619.619,
                                            "Actual Total Time": 620.5,
                                            "Actual Rows": 488101,
                                            "Actual Loops": 6,
                                            "Output": [
                                                "t.id",
                                                "mk.movie_id"
                                            ],
                                            "Hash Buckets": 4194304,
                                            "Original Hash Buckets": 4194304,
                                            "Hash Batches": 1,
                                            "Original Hash Batches": 1,
                                            "Peak Memory Usage": 147456,
                                            "Workers": [
                                                {
                                                    "Worker Number": 0,
                                                    "Actual Startup Time": 622.624,
                                                    "Actual Total Time": 622.628,
                                                    "Actual Rows": 518698,
                                                    "Actual Loops": 1
                                                },
                                                {
                                                    "Worker Number": 1,
                                                    "Actual Startup Time": 622.8,
                                                    "Actual Total Time": 622.804,
                                                    "Actual Rows": 530642,
                                                    "Actual Loops": 1
                                                },
                                                {
                                                    "Worker Number": 2,
                                                    "Actual Startup Time": 622.802,
                                                    "Actual Total Time": 622.806,
                                                    "Actual Rows": 519408,
                                                    "Actual Loops": 1
                                                },
                                                {
                                                    "Worker Number": 3,
                                                    "Actual Startup Time": 623.069,
                                                    "Actual Total Time": 623.072,
                                                    "Actual Rows": 457347,
                                                    "Actual Loops": 1
                                                },
                                                {
                                                    "Worker Number": 4,
                                                    "Actual Startup Time": 623.083,
                                                    "Actual Total Time": 623.086,
                                                    "Actual Rows": 520259,
                                                    "Actual Loops": 1
                                                }
                                            ],
                                            "Plans": [
                                                {
                                                    "Node Type": "Hash Join",
                                                    "Parent Relationship": "Outer",
                                                    "Parallel Aware": true,
                                                    "Join Type": "Inner",
                                                    "Startup Cost": 50219.81,
                                                    "Total Cost": 95399.91,
                                                    "Plan Rows": 946459,
                                                    "Plan Width": 8,
                                                    "Actual Startup Time": 286.788,
                                                    "Actual Total Time": 477.328,
                                                    "Actual Rows": 488101,
                                                    "Actual Loops": 6,
                                                    "Output": [
                                                        "t.id",
                                                        "mk.movie_id"
                                                    ],
                                                    "Inner Unique": true,
                                                    "Hash Cond": "(mk.movie_id = t.id)",
                                                    "Workers": [
                                                        {
                                                            "Worker Number": 0,
                                                            "Actual Startup Time": 286.811,
                                                            "Actual Total Time": 475.898,
                                                            "Actual Rows": 518698,
                                                            "Actual Loops": 1
                                                        },
                                                        {
                                                            "Worker Number": 1,
                                                            "Actual Startup Time": 286.729,
                                                            "Actual Total Time": 475.704,
                                                            "Actual Rows": 530642,
                                                            "Actual Loops": 1
                                                        },
                                                        {
                                                            "Worker Number": 2,
                                                            "Actual Startup Time": 286.814,
                                                            "Actual Total Time": 476.145,
                                                            "Actual Rows": 519408,
                                                            "Actual Loops": 1
                                                        },
                                                        {
                                                            "Worker Number": 3,
                                                            "Actual Startup Time": 286.699,
                                                            "Actual Total Time": 476.774,
                                                            "Actual Rows": 457347,
                                                            "Actual Loops": 1
                                                        },
                                                        {
                                                            "Worker Number": 4,
                                                            "Actual Startup Time": 286.713,
                                                            "Actual Total Time": 475.938,
                                                            "Actual Rows": 520259,
                                                            "Actual Loops": 1
                                                        }
                                                    ],
                                                    "Plans": [
                                                        {
                                                            "Node Type": "Seq Scan",
                                                            "Parent Relationship": "Outer",
                                                            "Parallel Aware": true,
                                                            "Relation Name": "movie_keyword",
                                                            "Schema": "public",
                                                            "Alias": "mk",
                                                            "Startup Cost": 0.0,
                                                            "Total Cost": 42695.65,
                                                            "Plan Rows": 946459,
                                                            "Plan Width": 4,
                                                            "Actual Startup Time": 0.108,
                                                            "Actual Total Time": 87.426,
                                                            "Actual Rows": 488101,
                                                            "Actual Loops": 6,
                                                            "Output": [
                                                                "mk.id",
                                                                "mk.movie_id",
                                                                "mk.keyword_id"
                                                            ],
                                                            "Filter": "(mk.keyword_id > 2443)",
                                                            "Rows Removed by Filter": 265888,
                                                            "Workers": [
                                                                {
                                                                    "Worker Number": 0,
                                                                    "Actual Startup Time": 0.162,
                                                                    "Actual Total Time": 89.018,
                                                                    "Actual Rows": 518698,
                                                                    "Actual Loops": 1
                                                                },
                                                                {
                                                                    "Worker Number": 1,
                                                                    "Actual Startup Time": 0.181,
                                                                    "Actual Total Time": 87.558,
                                                                    "Actual Rows": 530642,
                                                                    "Actual Loops": 1
                                                                },
                                                                {
                                                                    "Worker Number": 2,
                                                                    "Actual Startup Time": 0.076,
                                                                    "Actual Total Time": 89.039,
                                                                    "Actual Rows": 519408,
                                                                    "Actual Loops": 1
                                                                },
                                                                {
                                                                    "Worker Number": 3,
                                                                    "Actual Startup Time": 0.092,
                                                                    "Actual Total Time": 88.93,
                                                                    "Actual Rows": 457347,
                                                                    "Actual Loops": 1
                                                                },
                                                                {
                                                                    "Worker Number": 4,
                                                                    "Actual Startup Time": 0.058,
                                                                    "Actual Total Time": 87.614,
                                                                    "Actual Rows": 520259,
                                                                    "Actual Loops": 1
                                                                }
                                                            ]
                                                        },
                                                        {
                                                            "Node Type": "Hash",
                                                            "Parent Relationship": "Inner",
                                                            "Parallel Aware": true,
                                                            "Startup Cost": 42318.81,
                                                            "Total Cost": 42318.81,
                                                            "Plan Rows": 632080,
                                                            "Plan Width": 4,
                                                            "Actual Startup Time": 280.637,
                                                            "Actual Total Time": 280.638,
                                                            "Actual Rows": 421385,
                                                            "Actual Loops": 6,
                                                            "Output": [
                                                                "t.id"
                                                            ],
                                                            "Hash Buckets": 4194304,
                                                            "Original Hash Buckets": 4194304,
                                                            "Hash Batches": 1,
                                                            "Original Hash Batches": 1,
                                                            "Peak Memory Usage": 131776,
                                                            "Workers": [
                                                                {
                                                                    "Worker Number": 0,
                                                                    "Actual Startup Time": 286.552,
                                                                    "Actual Total Time": 286.553,
                                                                    "Actual Rows": 420658,
                                                                    "Actual Loops": 1
                                                                },
                                                                {
                                                                    "Worker Number": 1,
                                                                    "Actual Startup Time": 286.477,
                                                                    "Actual Total Time": 286.479,
                                                                    "Actual Rows": 419465,
                                                                    "Actual Loops": 1
                                                                },
                                                                {
                                                                    "Worker Number": 2,
                                                                    "Actual Startup Time": 286.415,
                                                                    "Actual Total Time": 286.416,
                                                                    "Actual Rows": 429158,
                                                                    "Actual Loops": 1
                                                                },
                                                                {
                                                                    "Worker Number": 3,
                                                                    "Actual Startup Time": 286.314,
                                                                    "Actual Total Time": 286.315,
                                                                    "Actual Rows": 422566,
                                                                    "Actual Loops": 1
                                                                },
                                                                {
                                                                    "Worker Number": 4,
                                                                    "Actual Startup Time": 286.34,
                                                                    "Actual Total Time": 286.342,
                                                                    "Actual Rows": 422431,
                                                                    "Actual Loops": 1
                                                                }
                                                            ],
                                                            "Plans": [
                                                                {
                                                                    "Node Type": "Seq Scan",
                                                                    "Parent Relationship": "Outer",
                                                                    "Parallel Aware": true,
                                                                    "Relation Name": "title",
                                                                    "Schema": "public",
                                                                    "Alias": "t",
                                                                    "Startup Cost": 0.0,
                                                                    "Total Cost": 42318.81,
                                                                    "Plan Rows": 632080,
                                                                    "Plan Width": 4,
                                                                    "Actual Startup Time": 0.059,
                                                                    "Actual Total Time": 73.707,
                                                                    "Actual Rows": 421385,
                                                                    "Actual Loops": 6,
                                                                    "Output": [
                                                                        "t.id"
                                                                    ],
                                                                    "Workers": [
                                                                        {
                                                                            "Worker Number": 0,
                                                                            "Actual Startup Time": 0.084,
                                                                            "Actual Total Time": 75.766,
                                                                            "Actual Rows": 420658,
                                                                            "Actual Loops": 1
                                                                        },
                                                                        {
                                                                            "Worker Number": 1,
                                                                            "Actual Startup Time": 0.061,
                                                                            "Actual Total Time": 75.174,
                                                                            "Actual Rows": 419465,
                                                                            "Actual Loops": 1
                                                                        },
                                                                        {
                                                                            "Worker Number": 2,
                                                                            "Actual Startup Time": 0.07,
                                                                            "Actual Total Time": 76.06,
                                                                            "Actual Rows": 429158,
                                                                            "Actual Loops": 1
                                                                        },
                                                                        {
                                                                            "Worker Number": 3,
                                                                            "Actual Startup Time": 0.061,
                                                                            "Actual Total Time": 75.636,
                                                                            "Actual Rows": 422566,
                                                                            "Actual Loops": 1
                                                                        },
                                                                        {
                                                                            "Worker Number": 4,
                                                                            "Actual Startup Time": 0.061,
                                                                            "Actual Total Time": 75.883,
                                                                            "Actual Rows": 422431,
                                                                            "Actual Loops": 1
                                                                        }
                                                                    ]
                                                                }
                                                            ]
                                                        }
                                                    ]
                                                }
                                            ]
                                        }
                                    ]
                                }
                            ]
                        }
                    ]
                }
            ]
        },
        "Planning Time": 272.412,
        "Triggers": [],
        "Execution Time": 4639.234
    }
]