[
  {
    "Plan": {
      "Node Type": "Aggregate",
      "Strategy": "Plain",
      "Partial Mode": "Finalize",
      "Parallel Aware": false,
      "Startup Cost": 436558.32,
      "Total Cost": 436558.33,
      "Plan Rows": 1,
      "Plan Width": 8,
      "Actual Startup Time": 2329.199,
      "Actual Total Time": 2394.453,
      "Actual Rows": 1,
      "Actual Loops": 1,
      "Plans": [
        {
          "Node Type": "Gather",
          "Parent Relationship": "Outer",
          "Parallel Aware": false,
          "Startup Cost": 436557.7,
          "Total Cost": 436558.31,
          "Plan Rows": 6,
          "Plan Width": 8,
          "Actual Startup Time": 2312.301,
          "Actual Total Time": 2394.436,
          "Actual Rows": 7,
          "Actual Loops": 1,
          "Workers Planned": 6,
          "Workers Launched": 6,
          "Single Copy": false,
          "Plans": [
            {
              "Node Type": "Aggregate",
              "Strategy": "Plain",
              "Partial Mode": "Partial",
              "Parent Relationship": "Outer",
              "Parallel Aware": false,
              "Startup Cost": 435557.7,
              "Total Cost": 435557.71,
              "Plan Rows": 1,
              "Plan Width": 8,
              "Actual Startup Time": 2295.902,
              "Actual Total Time": 2296.342,
              "Actual Rows": 1,
              "Actual Loops": 7,
              "Plans": [
                {
                  "Node Type": "Hash Join",
                  "Parent Relationship": "Outer",
                  "Parallel Aware": true,
                  "Join Type": "Inner",
                  "Startup Cost": 85450.11,
                  "Total Cost": 431021.91,
                  "Plan Rows": 1814314,
                  "Plan Width": 0,
                  "Actual Startup Time": 733.001,
                  "Actual Total Time": 2184.148,
                  "Actual Rows": 1847378,
                  "Actual Loops": 7,
                  "Inner Unique": false,
                  "Hash Cond": "(ci.movie_id = t.id)",
                  "Plans": [
                    {
                      "Node Type": "Seq Scan",
                      "Parent Relationship": "Outer",
                      "Parallel Aware": true,
                      "Relation Name": "cast_info",
                      "Alias": "ci",
                      "Startup Cost": 0.0,
                      "Total Cost": 328211.39,
                      "Plan Rows": 3068741,
                      "Plan Width": 4,
                      "Actual Startup Time": 229.899,
                      "Actual Total Time": 750.983,
                      "Actual Rows": 2608414,
                      "Actual Loops": 7,
                      "Filter": "(person_id > 1784564)",
                      "Rows Removed by Filter": 2569349
                    },
                    {
                      "Node Type": "Hash",
                      "Parent Relationship": "Inner",
                      "Parallel Aware": true,
                      "Startup Cost": 79422.43,
                      "Total Cost": 79422.43,
                      "Plan Rows": 482215,
                      "Plan Width": 8,
                      "Actual Startup Time": 497.725,
                      "Actual Total Time": 498.159,
                      "Actual Rows": 136035,
                      "Actual Loops": 7,
                      "Hash Buckets": 2097152,
                      "Original Hash Buckets": 2097152,
                      "Hash Batches": 1,
                      "Original Hash Batches": 1,
                      "Peak Memory Usage": 53760,
                      "Plans": [
                        {
                          "Node Type": "Hash Join",
                          "Parent Relationship": "Outer",
                          "Parallel Aware": true,
                          "Join Type": "Inner",
                          "Startup Cost": 50006.54,
                          "Total Cost": 79422.43,
                          "Plan Rows": 482215,
                          "Plan Width": 8,
                          "Actual Startup Time": 227.121,
                          "Actual Total Time": 416.925,
                          "Actual Rows": 136035,
                          "Actual Loops": 7,
                          "Inner Unique": true,
                          "Hash Cond": "(mc.movie_id = t.id)",
                          "Plans": [
                            {
                              "Node Type": "Seq Scan",
                              "Parent Relationship": "Outer",
                              "Parallel Aware": true,
                              "Relation Name": "movie_companies",
                              "Alias": "mc",
                              "Startup Cost": 0.0,
                              "Total Cost": 27206.55,
                              "Plan Rows": 841655,
                              "Plan Width": 4,
                              "Actual Startup Time": 0.016,
                              "Actual Total Time": 53.956,
                              "Actual Rows": 372733,
                              "Actual Loops": 7
                            },
                            {
                              "Node Type": "Hash",
                              "Parent Relationship": "Inner",
                              "Parallel Aware": true,
                              "Startup Cost": 45479.59,
                              "Total Cost": 45479.59,
                              "Plan Rows": 362156,
                              "Plan Width": 4,
                              "Actual Startup Time": 224.534,
                              "Actual Total Time": 224.536,
                              "Actual Rows": 204254,
                              "Actual Loops": 7,
                              "Hash Buckets": 2097152,
                              "Original Hash Buckets": 2097152,
                              "Hash Batches": 1,
                              "Original Hash Batches": 1,
                              "Peak Memory Usage": 72416,
                              "Plans": [
                                {
                                  "Node Type": "Seq Scan",
                                  "Parent Relationship": "Outer",
                                  "Parallel Aware": true,
                                  "Relation Name": "title",
                                  "Alias": "t",
                                  "Startup Cost": 0.0,
                                  "Total Cost": 45479.59,
                                  "Plan Rows": 362156,
                                  "Plan Width": 4,
                                  "Actual Startup Time": 0.056,
                                  "Actual Total Time": 101.821,
                                  "Actual Rows": 204254,
                                  "Actual Loops": 7,
                                  "Filter": "((kind_id > 2) AND (production_year < 2011))",
                                  "Rows Removed by Filter": 156933
                                }
                              ]
                            }
                          ]
                        }
                      ]
                    }
                  ]
                }
              ]
            }
          ]
        }
      ]
    },
    "Planning Time": 1.406,
    "Triggers": [],
    "Execution Time": 2394.561
  }
]