{
  "Plan": {
    "Node Type": "Aggregate",
    "Strategy": "Plain",
    "Partial Mode": "Finalize",
    "Parallel Aware": false,
    "Startup Cost": 355580.45,
    "Total Cost": 355580.46,
    "Plan Rows": 1,
    "Plan Width": 8,
    "Actual Startup Time": 1746.98,
    "Actual Total Time": 1767.228,
    "Actual Rows": 1,
    "Actual Loops": 1,
    "Plans": [
      {
        "Node Type": "Gather",
        "Parent Relationship": "Outer",
        "Parallel Aware": false,
        "Startup Cost": 355580.34,
        "Total Cost": 355580.45,
        "Plan Rows": 1,
        "Plan Width": 8,
        "Actual Startup Time": 1743.418,
        "Actual Total Time": 1767.22,
        "Actual Rows": 2,
        "Actual Loops": 1,
        "Workers Planned": 1,
        "Workers Launched": 1,
        "Single Copy": false,
        "Plans": [
          {
            "Node Type": "Aggregate",
            "Strategy": "Plain",
            "Partial Mode": "Partial",
            "Parent Relationship": "Outer",
            "Parallel Aware": false,
            "Startup Cost": 354580.34,
            "Total Cost": 354580.35,
            "Plan Rows": 1,
            "Plan Width": 8,
            "Actual Startup Time": 1735.332,
            "Actual Total Time": 1735.338,
            "Actual Rows": 1,
            "Actual Loops": 2,
            "Plans": [
              {
                "Node Type": "Hash Join",
                "Parent Relationship": "Outer",
                "Parallel Aware": true,
                "Join Type": "Inner",
                "Startup Cost": 187051.34,
                "Total Cost": 354272.32,
                "Plan Rows": 123208,
                "Plan Width": 0,
                "Actual Startup Time": 1604.589,
                "Actual Total Time": 1724.495,
                "Actual Rows": 193560,
                "Actual Loops": 2,
                "Inner Unique": false,
                "Hash Cond": "(mi.movie_id = t.id)",
                "Plans": [
                  {
                    "Node Type": "Bitmap Heap Scan",
                    "Parent Relationship": "Outer",
                    "Parallel Aware": true,
                    "Relation Name": "movie_info",
                    "Alias": "mi",
                    "Startup Cost": 8535.51,
                    "Total Cost": 173992.52,
                    "Plan Rows": 277121,
                    "Plan Width": 4,
                    "Actual Startup Time": 22.799,
                    "Actual Total Time": 51.206,
                    "Actual Rows": 237222,
                    "Actual Loops": 2,
                    "Recheck Cond": "(info_type_id = 6)",
                    "Rows Removed by Index Recheck": 0,
                    "Exact Heap Blocks": 1817,
                    "Lossy Heap Blocks": 0,
                    "Plans": [
                      {
                        "Node Type": "Bitmap Index Scan",
                        "Parent Relationship": "Outer",
                        "Parallel Aware": false,
                        "Index Name": "info_type_id_movie_info",
                        "Startup Cost": 0.0,
                        "Total Cost": 8417.73,
                        "Plan Rows": 471106,
                        "Plan Width": 0,
                        "Actual Startup Time": 22.115,
                        "Actual Total Time": 22.116,
                        "Actual Rows": 474443,
                        "Actual Loops": 1,
                        "Index Cond": "(info_type_id = 6)"
                      }
                    ]
                  },
                  {
                    "Node Type": "Hash",
                    "Parent Relationship": "Inner",
                    "Parallel Aware": true,
                    "Startup Cost": 170250.52,
                    "Total Cost": 170250.52,
                    "Plan Rows": 661225,
                    "Plan Width": 8,
                    "Actual Startup Time": 1567.171,
                    "Actual Total Time": 1567.173,
                    "Actual Rows": 566998,
                    "Actual Loops": 2,
                    "Hash Buckets": 2097152,
                    "Original Hash Buckets": 2097152,
                    "Hash Batches": 1,
                    "Original Hash Batches": 1,
                    "Peak Memory Usage": 60800,
                    "Plans": [
                      {
                        "Node Type": "Merge Join",
                        "Parent Relationship": "Outer",
                        "Parallel Aware": false,
                        "Join Type": "Inner",
                        "Startup Cost": 2.97,
                        "Total Cost": 170250.52,
                        "Plan Rows": 661225,
                        "Plan Width": 8,
                        "Actual Startup Time": 0.36,
                        "Actual Total Time": 1410.8,
                        "Actual Rows": 566998,
                        "Actual Loops": 2,
                        "Inner Unique": false,
                        "Merge Cond": "(t.id = mi_idx.movie_id)",
                        "Plans": [
                          {
                            "Node Type": "Index Scan",
                            "Parent Relationship": "Outer",
                            "Parallel Aware": true,
                            "Scan Direction": "Forward",
                            "Index Name": "title_pkey",
                            "Relation Name": "title",
                            "Alias": "t",
                            "Startup Cost": 0.43,
                            "Total Cost": 103647.43,
                            "Plan Rows": 1211398,
                            "Plan Width": 4,
                            "Actual Startup Time": 0.076,
                            "Actual Total Time": 860.432,
                            "Actual Rows": 1022928,
                            "Actual Loops": 2,
                            "Filter": "(production_year > 1972)",
                            "Rows Removed by Filter": 240024
                          },
                          {
                            "Node Type": "Index Only Scan",
                            "Parent Relationship": "Inner",
                            "Parallel Aware": false,
                            "Scan Direction": "Forward",
                            "Index Name": "movie_id_movie_info_idx",
                            "Relation Name": "movie_info_idx",
                            "Alias": "mi_idx",
                            "Startup Cost": 0.43,
                            "Total Cost": 53620.22,
                            "Plan Rows": 1380035,
                            "Plan Width": 4,
                            "Actual Startup Time": 0.147,
                            "Actual Total Time": 350.71,
                            "Actual Rows": 1380035,
                            "Actual Loops": 2,
                            "Heap Fetches": 2760070
                          }
                        ]
                      }
                    ]
                  }
                ]
              }
            ]
          }
        ]
      }
    ]
  },
  "Planning Time": 0.951,
  "Triggers": [],
  "Execution Time": 1767.348
}