[
  {
    "Plan": {
      "Node Type": "Aggregate",
      "Strategy": "Plain",
      "Partial Mode": "Finalize",
      "Parallel Aware": false,
      "Startup Cost": 255202.16,
      "Total Cost": 255202.17,
      "Plan Rows": 1,
      "Plan Width": 8,
      "Actual Startup Time": 985.517,
      "Actual Total Time": 1029.984,
      "Actual Rows": 1,
      "Actual Loops": 1,
      "Plans": [
        {
          "Node Type": "Gather",
          "Parent Relationship": "Outer",
          "Parallel Aware": false,
          "Startup Cost": 255201.64,
          "Total Cost": 255202.15,
          "Plan Rows": 5,
          "Plan Width": 8,
          "Actual Startup Time": 980.066,
          "Actual Total Time": 1029.977,
          "Actual Rows": 6,
          "Actual Loops": 1,
          "Workers Planned": 5,
          "Workers Launched": 5,
          "Single Copy": false,
          "Plans": [
            {
              "Node Type": "Aggregate",
              "Strategy": "Plain",
              "Partial Mode": "Partial",
              "Parent Relationship": "Outer",
              "Parallel Aware": false,
              "Startup Cost": 254201.64,
              "Total Cost": 254201.65,
              "Plan Rows": 1,
              "Plan Width": 8,
              "Actual Startup Time": 965.455,
              "Actual Total Time": 965.458,
              "Actual Rows": 1,
              "Actual Loops": 6,
              "Plans": [
                {
                  "Node Type": "Hash Join",
                  "Parent Relationship": "Outer",
                  "Parallel Aware": true,
                  "Join Type": "Inner",
                  "Startup Cost": 49116.74,
                  "Total Cost": 251833.72,
                  "Plan Rows": 947166,
                  "Plan Width": 0,
                  "Actual Startup Time": 220.471,
                  "Actual Total Time": 926.854,
                  "Actual Rows": 923499,
                  "Actual Loops": 6,
                  "Inner Unique": true,
                  "Hash Cond": "(mi.movie_id = t.id)",
                  "Plans": [
                    {
                      "Node Type": "Seq Scan",
                      "Parent Relationship": "Outer",
                      "Parallel Aware": true,
                      "Relation Name": "movie_info",
                      "Alias": "mi",
                      "Startup Cost": 0.0,
                      "Total Cost": 198952.16,
                      "Plan Rows": 1434213,
                      "Plan Width": 4,
                      "Actual Startup Time": 0.035,
                      "Actual Total Time": 329.58,
                      "Actual Rows": 1214478,
                      "Actual Loops": 6,
                      "Filter": "(info_type_id < 8)",
                      "Rows Removed by Filter": 1258142
                    },
                    {
                      "Node Type": "Hash",
                      "Parent Relationship": "Inner",
                      "Parallel Aware": true,
                      "Startup Cost": 43898.92,
                      "Total Cost": 43898.92,
                      "Plan Rows": 417426,
                      "Plan Width": 4,
                      "Actual Startup Time": 214.907,
                      "Actual Total Time": 214.908,
                      "Actual Rows": 278549,
                      "Actual Loops": 6,
                      "Hash Buckets": 2097152,
                      "Original Hash Buckets": 2097152,
                      "Hash Batches": 1,
                      "Original Hash Batches": 1,
                      "Peak Memory Usage": 81856,
                      "Plans": [
                        {
                          "Node Type": "Seq Scan",
                          "Parent Relationship": "Outer",
                          "Parallel Aware": true,
                          "Relation Name": "title",
                          "Alias": "t",
                          "Startup Cost": 0.0,
                          "Total Cost": 43898.92,
                          "Plan Rows": 417426,
                          "Plan Width": 4,
                          "Actual Startup Time": 0.043,
                          "Actual Total Time": 88.419,
                          "Actual Rows": 278549,
                          "Actual Loops": 6,
                          "Filter": "(production_year < 2008)",
                          "Rows Removed by Filter": 142837
                        }
                      ]
                    }
                  ]
                }
              ]
            }
          ]
        }
      ]
    },
    "Planning Time": 0.503,
    "Triggers": [],
    "Execution Time": 1030.052
  }
]