[
  {
    "Plan": {
      "Node Type": "Aggregate",
      "Strategy": "Plain",
      "Partial Mode": "Finalize",
      "Parallel Aware": false,
      "Startup Cost": 32657.1,
      "Total Cost": 32657.11,
      "Plan Rows": 1,
      "Plan Width": 8,
      "Actual Startup Time": 89.948,
      "Actual Total Time": 97.775,
      "Actual Rows": 1,
      "Actual Loops": 1,
      "Plans": [
        {
          "Node Type": "Gather",
          "Parent Relationship": "Outer",
          "Parallel Aware": false,
          "Startup Cost": 32656.78,
          "Total Cost": 32657.09,
          "Plan Rows": 3,
          "Plan Width": 8,
          "Actual Startup Time": 89.861,
          "Actual Total Time": 97.768,
          "Actual Rows": 4,
          "Actual Loops": 1,
          "Workers Planned": 3,
          "Workers Launched": 3,
          "Single Copy": false,
          "Plans": [
            {
              "Node Type": "Aggregate",
              "Strategy": "Plain",
              "Partial Mode": "Partial",
              "Parent Relationship": "Outer",
              "Parallel Aware": false,
              "Startup Cost": 31656.78,
              "Total Cost": 31656.79,
              "Plan Rows": 1,
              "Plan Width": 8,
              "Actual Startup Time": 82.831,
              "Actual Total Time": 82.832,
              "Actual Rows": 1,
              "Actual Loops": 4,
              "Plans": [
                {
                  "Node Type": "Seq Scan",
                  "Parent Relationship": "Outer",
                  "Parallel Aware": true,
                  "Relation Name": "movie_companies",
                  "Alias": "mc",
                  "Startup Cost": 0.0,
                  "Total Cost": 31414.82,
                  "Plan Rows": 96786,
                  "Plan Width": 0,
                  "Actual Startup Time": 44.983,
                  "Actual Total Time": 76.864,
                  "Actual Rows": 149802,
                  "Actual Loops": 4,
                  "Filter": "((company_id > 66415) AND (company_type_id > 1))",
                  "Rows Removed by Filter": 502481
                }
              ]
            }
          ]
        }
      ]
    },
    "Planning Time": 0.221,
    "Triggers": [],
    "Execution Time": 97.831
  }
]