[
  {
    "Plan": {
      "Node Type": "Aggregate",
      "Strategy": "Plain",
      "Partial Mode": "Finalize",
      "Parallel Aware": false,
      "Startup Cost": 384525.68,
      "Total Cost": 384525.69,
      "Plan Rows": 1,
      "Plan Width": 8,
      "Actual Startup Time": 1196.565,
      "Actual Total Time": 1263.396,
      "Actual Rows": 1,
      "Actual Loops": 1,
      "Plans": [
        {
          "Node Type": "Gather",
          "Parent Relationship": "Outer",
          "Parallel Aware": false,
          "Startup Cost": 384525.06,
          "Total Cost": 384525.67,
          "Plan Rows": 6,
          "Plan Width": 8,
          "Actual Startup Time": 1195.495,
          "Actual Total Time": 1263.372,
          "Actual Rows": 7,
          "Actual Loops": 1,
          "Workers Planned": 6,
          "Workers Launched": 6,
          "Single Copy": false,
          "Plans": [
            {
              "Node Type": "Aggregate",
              "Strategy": "Plain",
              "Partial Mode": "Partial",
              "Parent Relationship": "Outer",
              "Parallel Aware": false,
              "Startup Cost": 383525.06,
              "Total Cost": 383525.07,
              "Plan Rows": 1,
              "Plan Width": 8,
              "Actual Startup Time": 1184.691,
              "Actual Total Time": 1184.694,
              "Actual Rows": 1,
              "Actual Loops": 7,
              "Plans": [
                {
                  "Node Type": "Hash Join",
                  "Parent Relationship": "Outer",
                  "Parallel Aware": true,
                  "Join Type": "Inner",
                  "Startup Cost": 44375.02,
                  "Total Cost": 382928.69,
                  "Plan Rows": 238548,
                  "Plan Width": 0,
                  "Actual Startup Time": 287.938,
                  "Actual Total Time": 1179.271,
                  "Actual Rows": 104998,
                  "Actual Loops": 7,
                  "Inner Unique": true,
                  "Hash Cond": "(ci.movie_id = t.id)",
                  "Plans": [
                    {
                      "Node Type": "Seq Scan",
                      "Parent Relationship": "Outer",
                      "Parallel Aware": true,
                      "Relation Name": "cast_info",
                      "Alias": "ci",
                      "Startup Cost": 0.0,
                      "Total Cost": 328162.03,
                      "Plan Rows": 3958715,
                      "Plan Width": 4,
                      "Actual Startup Time": 202.804,
                      "Actual Total Time": 675.512,
                      "Actual Rows": 3367665,
                      "Actual Loops": 7,
                      "Filter": "(role_id > 1)",
                      "Rows Removed by Filter": 1810098
                    },
                    {
                      "Node Type": "Hash",
                      "Parent Relationship": "Inner",
                      "Parallel Aware": true,
                      "Startup Cost": 43898.92,
                      "Total Cost": 43898.92,
                      "Plan Rows": 38088,
                      "Plan Width": 4,
                      "Actual Startup Time": 83.022,
                      "Actual Total Time": 83.023,
                      "Actual Rows": 22500,
                      "Actual Loops": 7,
                      "Hash Buckets": 262144,
                      "Original Hash Buckets": 262144,
                      "Hash Batches": 1,
                      "Original Hash Batches": 1,
                      "Peak Memory Usage": 8320,
                      "Plans": [
                        {
                          "Node Type": "Seq Scan",
                          "Parent Relationship": "Outer",
                          "Parallel Aware": true,
                          "Relation Name": "title",
                          "Alias": "t",
                          "Startup Cost": 0.0,
                          "Total Cost": 43898.92,
                          "Plan Rows": 38088,
                          "Plan Width": 4,
                          "Actual Startup Time": 4.05,
                          "Actual Total Time": 73.907,
                          "Actual Rows": 22500,
                          "Actual Loops": 7,
                          "Filter": "(production_year < 1948)",
                          "Rows Removed by Filter": 338688
                        }
                      ]
                    }
                  ]
                }
              ]
            }
          ]
        }
      ]
    },
    "Planning Time": 0.607,
    "Triggers": [],
    "Execution Time": 1263.483
  }
]