[
  {
    "Plan": {
      "Node Type": "Aggregate",
      "Strategy": "Plain",
      "Partial Mode": "Finalize",
      "Parallel Aware": false,
      "Startup Cost": 249156.29,
      "Total Cost": 249156.3,
      "Plan Rows": 1,
      "Plan Width": 8,
      "Actual Startup Time": 543.214,
      "Actual Total Time": 587.408,
      "Actual Rows": 1,
      "Actual Loops": 1,
      "Plans": [
        {
          "Node Type": "Gather",
          "Parent Relationship": "Outer",
          "Parallel Aware": false,
          "Startup Cost": 249155.77,
          "Total Cost": 249156.28,
          "Plan Rows": 5,
          "Plan Width": 8,
          "Actual Startup Time": 541.824,
          "Actual Total Time": 587.398,
          "Actual Rows": 6,
          "Actual Loops": 1,
          "Workers Planned": 5,
          "Workers Launched": 5,
          "Single Copy": false,
          "Plans": [
            {
              "Node Type": "Aggregate",
              "Strategy": "Plain",
              "Partial Mode": "Partial",
              "Parent Relationship": "Outer",
              "Parallel Aware": false,
              "Startup Cost": 248155.77,
              "Total Cost": 248155.78,
              "Plan Rows": 1,
              "Plan Width": 8,
              "Actual Startup Time": 531.812,
              "Actual Total Time": 531.816,
              "Actual Rows": 1,
              "Actual Loops": 6,
              "Plans": [
                {
                  "Node Type": "Hash Join",
                  "Parent Relationship": "Outer",
                  "Parallel Aware": true,
                  "Join Type": "Inner",
                  "Startup Cost": 45850.75,
                  "Total Cost": 248012.0,
                  "Plan Rows": 57505,
                  "Plan Width": 0,
                  "Actual Startup Time": 108.438,
                  "Actual Total Time": 530.235,
                  "Actual Rows": 30623,
                  "Actual Loops": 6,
                  "Inner Unique": true,
                  "Hash Cond": "(mi.movie_id = t.id)",
                  "Plans": [
                    {
                      "Node Type": "Seq Scan",
                      "Parent Relationship": "Outer",
                      "Parallel Aware": true,
                      "Relation Name": "movie_info",
                      "Alias": "mi",
                      "Startup Cost": 0.0,
                      "Total Cost": 198952.16,
                      "Plan Rows": 1222511,
                      "Plan Width": 4,
                      "Actual Startup Time": 16.318,
                      "Actual Total Time": 320.229,
                      "Actual Rows": 1008190,
                      "Actual Loops": 6,
                      "Filter": "(info_type_id > 12)",
                      "Rows Removed by Filter": 1464430
                    },
                    {
                      "Node Type": "Hash",
                      "Parent Relationship": "Inner",
                      "Parallel Aware": true,
                      "Startup Cost": 45479.1,
                      "Total Cost": 45479.1,
                      "Plan Rows": 29732,
                      "Plan Width": 4,
                      "Actual Startup Time": 90.381,
                      "Actual Total Time": 90.382,
                      "Actual Rows": 20434,
                      "Actual Loops": 6,
                      "Hash Buckets": 131072,
                      "Original Hash Buckets": 131072,
                      "Hash Batches": 1,
                      "Original Hash Batches": 1,
                      "Peak Memory Usage": 5920,
                      "Plans": [
                        {
                          "Node Type": "Seq Scan",
                          "Parent Relationship": "Outer",
                          "Parallel Aware": true,
                          "Relation Name": "title",
                          "Alias": "t",
                          "Startup Cost": 0.0,
                          "Total Cost": 45479.1,
                          "Plan Rows": 29732,
                          "Plan Width": 4,
                          "Actual Startup Time": 0.051,
                          "Actual Total Time": 81.072,
                          "Actual Rows": 20434,
                          "Actual Loops": 6,
                          "Filter": "((kind_id > 1) AND (production_year = 2011))",
                          "Rows Removed by Filter": 400951
                        }
                      ]
                    }
                  ]
                }
              ]
            }
          ]
        }
      ]
    },
    "Planning Time": 0.64,
    "Triggers": [],
    "Execution Time": 587.489
  }
]