[
  {
    "Plan": {
      "Node Type": "Aggregate",
      "Strategy": "Plain",
      "Partial Mode": "Finalize",
      "Parallel Aware": false,
      "Startup Cost": 45481.53,
      "Total Cost": 45481.54,
      "Plan Rows": 1,
      "Plan Width": 8,
      "Actual Startup Time": 130.014,
      "Actual Total Time": 137.115,
      "Actual Rows": 1,
      "Actual Loops": 1,
      "Plans": [
        {
          "Node Type": "Gather",
          "Parent Relationship": "Outer",
          "Parallel Aware": false,
          "Startup Cost": 45481.22,
          "Total Cost": 45481.53,
          "Plan Rows": 3,
          "Plan Width": 8,
          "Actual Startup Time": 129.878,
          "Actual Total Time": 137.105,
          "Actual Rows": 4,
          "Actual Loops": 1,
          "Workers Planned": 3,
          "Workers Launched": 3,
          "Single Copy": false,
          "Plans": [
            {
              "Node Type": "Aggregate",
              "Strategy": "Plain",
              "Partial Mode": "Partial",
              "Parent Relationship": "Outer",
              "Parallel Aware": false,
              "Startup Cost": 44481.22,
              "Total Cost": 44481.23,
              "Plan Rows": 1,
              "Plan Width": 8,
              "Actual Startup Time": 126.532,
              "Actual Total Time": 126.534,
              "Actual Rows": 1,
              "Actual Loops": 4,
              "Plans": [
                {
                  "Node Type": "Seq Scan",
                  "Parent Relationship": "Outer",
                  "Parallel Aware": true,
                  "Relation Name": "movie_keyword",
                  "Alias": "mk",
                  "Startup Cost": 0.0,
                  "Total Cost": 42695.65,
                  "Plan Rows": 714225,
                  "Plan Width": 0,
                  "Actual Startup Time": 0.342,
                  "Actual Total Time": 102.839,
                  "Actual Rows": 550686,
                  "Actual Loops": 4,
                  "Filter": "(keyword_id > 5064)",
                  "Rows Removed by Filter": 580296
                }
              ]
            }
          ]
        }
      ]
    },
    "Planning Time": 0.108,
    "Triggers": [],
    "Execution Time": 137.15
  }
]