{
  "Plan": {
    "Node Type": "Aggregate",
    "Strategy": "Plain",
    "Partial Mode": "Finalize",
    "Parallel Aware": false,
    "Startup Cost": 105884.68,
    "Total Cost": 105884.69,
    "Plan Rows": 1,
    "Plan Width": 8,
    "Actual Startup Time": 738.363,
    "Actual Total Time": 758.903,
    "Actual Rows": 1,
    "Actual Loops": 1,
    "Plans": [
      {
        "Node Type": "Gather",
        "Parent Relationship": "Outer",
        "Parallel Aware": false,
        "Startup Cost": 105884.57,
        "Total Cost": 105884.68,
        "Plan Rows": 1,
        "Plan Width": 8,
        "Actual Startup Time": 734.947,
        "Actual Total Time": 758.896,
        "Actual Rows": 2,
        "Actual Loops": 1,
        "Workers Planned": 1,
        "Workers Launched": 1,
        "Single Copy": false,
        "Plans": [
          {
            "Node Type": "Aggregate",
            "Strategy": "Plain",
            "Partial Mode": "Partial",
            "Parent Relationship": "Outer",
            "Parallel Aware": false,
            "Startup Cost": 104884.57,
            "Total Cost": 104884.58,
            "Plan Rows": 1,
            "Plan Width": 8,
            "Actual Startup Time": 722.29,
            "Actual Total Time": 722.294,
            "Actual Rows": 1,
            "Actual Loops": 2,
            "Plans": [
              {
                "Node Type": "Hash Join",
                "Parent Relationship": "Outer",
                "Parallel Aware": true,
                "Join Type": "Inner",
                "Startup Cost": 76829.21,
                "Total Cost": 104373.74,
                "Plan Rows": 204332,
                "Plan Width": 0,
                "Actual Startup Time": 603.099,
                "Actual Total Time": 714.589,
                "Actual Rows": 168433,
                "Actual Loops": 2,
                "Inner Unique": true,
                "Hash Cond": "(mk.movie_id = t.id)",
                "Plans": [
                  {
                    "Node Type": "Bitmap Heap Scan",
                    "Parent Relationship": "Outer",
                    "Parallel Aware": true,
                    "Relation Name": "movie_keyword",
                    "Alias": "mk",
                    "Startup Cost": 7368.51,
                    "Total Cost": 34376.67,
                    "Plan Rows": 204332,
                    "Plan Width": 4,
                    "Actual Startup Time": 23.331,
                    "Actual Total Time": 84.855,
                    "Actual Rows": 168433,
                    "Actual Loops": 2,
                    "Recheck Cond": "(keyword_id > 49014)",
                    "Rows Removed by Index Recheck": 0,
                    "Exact Heap Blocks": 11607,
                    "Lossy Heap Blocks": 0,
                    "Plans": [
                      {
                        "Node Type": "Bitmap Index Scan",
                        "Parent Relationship": "Outer",
                        "Parallel Aware": false,
                        "Index Name": "keyword_id_movie_keyword",
                        "Startup Cost": 0.0,
                        "Total Cost": 7281.67,
                        "Plan Rows": 347365,
                        "Plan Width": 0,
                        "Actual Startup Time": 20.113,
                        "Actual Total Time": 20.114,
                        "Actual Rows": 336866,
                        "Actual Loops": 1,
                        "Index Cond": "(keyword_id > 49014)"
                      }
                    ]
                  },
                  {
                    "Node Type": "Hash",
                    "Parent Relationship": "Inner",
                    "Parallel Aware": true,
                    "Startup Cost": 50870.31,
                    "Total Cost": 50870.31,
                    "Plan Rows": 1487231,
                    "Plan Width": 4,
                    "Actual Startup Time": 558.357,
                    "Actual Total Time": 558.357,
                    "Actual Rows": 1264156,
                    "Actual Loops": 2,
                    "Hash Buckets": 4194304,
                    "Original Hash Buckets": 4194304,
                    "Hash Batches": 1,
                    "Original Hash Batches": 1,
                    "Peak Memory Usage": 131712,
                    "Plans": [
                      {
                        "Node Type": "Seq Scan",
                        "Parent Relationship": "Outer",
                        "Parallel Aware": true,
                        "Relation Name": "title",
                        "Alias": "t",
                        "Startup Cost": 0.0,
                        "Total Cost": 50870.31,
                        "Plan Rows": 1487231,
                        "Plan Width": 4,
                        "Actual Startup Time": 0.029,
                        "Actual Total Time": 158.668,
                        "Actual Rows": 1264156,
                        "Actual Loops": 2
                      }
                    ]
                  }
                ]
              }
            ]
          }
        ]
      }
    ]
  },
  "Planning Time": 0.761,
  "Triggers": [],
  "Execution Time": 758.992
}