[
  {
    "Plan": {
      "Node Type": "Aggregate",
      "Strategy": "Plain",
      "Partial Mode": "Finalize",
      "Parallel Aware": false,
      "Startup Cost": 92464.83,
      "Total Cost": 92464.84,
      "Plan Rows": 1,
      "Plan Width": 8,
      "Actual Startup Time": 314.966,
      "Actual Total Time": 331.931,
      "Actual Rows": 1,
      "Actual Loops": 1,
      "Plans": [
        {
          "Node Type": "Gather",
          "Parent Relationship": "Outer",
          "Parallel Aware": false,
          "Startup Cost": 92464.51,
          "Total Cost": 92464.82,
          "Plan Rows": 3,
          "Plan Width": 8,
          "Actual Startup Time": 312.206,
          "Actual Total Time": 331.923,
          "Actual Rows": 4,
          "Actual Loops": 1,
          "Workers Planned": 3,
          "Workers Launched": 3,
          "Single Copy": false,
          "Plans": [
            {
              "Node Type": "Aggregate",
              "Strategy": "Plain",
              "Partial Mode": "Partial",
              "Parent Relationship": "Outer",
              "Parallel Aware": false,
              "Startup Cost": 91464.51,
              "Total Cost": 91464.52,
              "Plan Rows": 1,
              "Plan Width": 8,
              "Actual Startup Time": 308.417,
              "Actual Total Time": 308.421,
              "Actual Rows": 1,
              "Actual Loops": 4,
              "Plans": [
                {
                  "Node Type": "Hash Join",
                  "Parent Relationship": "Outer",
                  "Parallel Aware": true,
                  "Join Type": "Inner",
                  "Startup Cost": 46946.22,
                  "Total Cost": 91190.71,
                  "Plan Rows": 109521,
                  "Plan Width": 0,
                  "Actual Startup Time": 164.157,
                  "Actual Total Time": 298.38,
                  "Actual Rows": 246196,
                  "Actual Loops": 4,
                  "Inner Unique": true,
                  "Hash Cond": "(mk.movie_id = t.id)",
                  "Plans": [
                    {
                      "Node Type": "Seq Scan",
                      "Parent Relationship": "Outer",
                      "Parallel Aware": true,
                      "Relation Name": "movie_keyword",
                      "Alias": "mk",
                      "Startup Cost": 0.0,
                      "Total Cost": 42695.65,
                      "Plan Rows": 590032,
                      "Plan Width": 4,
                      "Actual Startup Time": 0.454,
                      "Actual Total Time": 96.368,
                      "Actual Rows": 453717,
                      "Actual Loops": 4,
                      "Filter": "(keyword_id > 7649)",
                      "Rows Removed by Filter": 677265
                    },
                    {
                      "Node Type": "Hash",
                      "Parent Relationship": "Inner",
                      "Parallel Aware": true,
                      "Startup Cost": 45479.59,
                      "Total Cost": 45479.59,
                      "Plan Rows": 117331,
                      "Plan Width": 4,
                      "Actual Startup Time": 134.165,
                      "Actual Total Time": 134.166,
                      "Actual Rows": 124006,
                      "Actual Loops": 4,
                      "Hash Buckets": 524288,
                      "Original Hash Buckets": 524288,
                      "Hash Batches": 1,
                      "Original Hash Batches": 1,
                      "Peak Memory Usage": 23552,
                      "Plans": [
                        {
                          "Node Type": "Seq Scan",
                          "Parent Relationship": "Outer",
                          "Parallel Aware": true,
                          "Relation Name": "title",
                          "Alias": "t",
                          "Startup Cost": 0.0,
                          "Total Cost": 45479.59,
                          "Plan Rows": 117331,
                          "Plan Width": 4,
                          "Actual Startup Time": 52.316,
                          "Actual Total Time": 95.679,
                          "Actual Rows": 124006,
                          "Actual Loops": 4,
                          "Filter": "((production_year < 2009) AND (kind_id = 1))",
                          "Rows Removed by Filter": 508072
                        }
                      ]
                    }
                  ]
                }
              ]
            }
          ]
        }
      ]
    },
    "Planning Time": 0.223,
    "Triggers": [],
    "Execution Time": 331.964
  }
]