[
  {
    "Plan": {
      "Node Type": "Aggregate",
      "Strategy": "Plain",
      "Partial Mode": "Finalize",
      "Parallel Aware": false,
      "Startup Cost": 92446.92,
      "Total Cost": 92446.93,
      "Plan Rows": 1,
      "Plan Width": 8,
      "Actual Startup Time": 325.108,
      "Actual Total Time": 342.49,
      "Actual Rows": 1,
      "Actual Loops": 1,
      "Plans": [
        {
          "Node Type": "Gather",
          "Parent Relationship": "Outer",
          "Parallel Aware": false,
          "Startup Cost": 92446.6,
          "Total Cost": 92446.91,
          "Plan Rows": 3,
          "Plan Width": 8,
          "Actual Startup Time": 323.156,
          "Actual Total Time": 342.479,
          "Actual Rows": 4,
          "Actual Loops": 1,
          "Workers Planned": 3,
          "Workers Launched": 3,
          "Single Copy": false,
          "Plans": [
            {
              "Node Type": "Aggregate",
              "Strategy": "Plain",
              "Partial Mode": "Partial",
              "Parent Relationship": "Outer",
              "Parallel Aware": false,
              "Startup Cost": 91446.6,
              "Total Cost": 91446.61,
              "Plan Rows": 1,
              "Plan Width": 8,
              "Actual Startup Time": 314.646,
              "Actual Total Time": 314.649,
              "Actual Rows": 1,
              "Actual Loops": 4,
              "Plans": [
                {
                  "Node Type": "Hash Join",
                  "Parent Relationship": "Outer",
                  "Parallel Aware": true,
                  "Join Type": "Inner",
                  "Startup Cost": 46948.25,
                  "Total Cost": 91175.39,
                  "Plan Rows": 108486,
                  "Plan Width": 0,
                  "Actual Startup Time": 170.958,
                  "Actual Total Time": 305.005,
                  "Actual Rows": 246196,
                  "Actual Loops": 4,
                  "Inner Unique": true,
                  "Hash Cond": "(mk.movie_id = t.id)",
                  "Plans": [
                    {
                      "Node Type": "Seq Scan",
                      "Parent Relationship": "Outer",
                      "Parallel Aware": true,
                      "Relation Name": "movie_keyword",
                      "Alias": "mk",
                      "Startup Cost": 0.0,
                      "Total Cost": 42695.65,
                      "Plan Rows": 583423,
                      "Plan Width": 4,
                      "Actual Startup Time": 0.472,
                      "Actual Total Time": 97.167,
                      "Actual Rows": 453717,
                      "Actual Loops": 4,
                      "Filter": "(keyword_id > 7649)",
                      "Rows Removed by Filter": 677265
                    },
                    {
                      "Node Type": "Hash",
                      "Parent Relationship": "Inner",
                      "Parallel Aware": true,
                      "Startup Cost": 45479.1,
                      "Total Cost": 45479.1,
                      "Plan Rows": 117532,
                      "Plan Width": 4,
                      "Actual Startup Time": 139.06,
                      "Actual Total Time": 139.061,
                      "Actual Rows": 124006,
                      "Actual Loops": 4,
                      "Hash Buckets": 524288,
                      "Original Hash Buckets": 524288,
                      "Hash Batches": 1,
                      "Original Hash Batches": 1,
                      "Peak Memory Usage": 23584,
                      "Plans": [
                        {
                          "Node Type": "Seq Scan",
                          "Parent Relationship": "Outer",
                          "Parallel Aware": true,
                          "Relation Name": "title",
                          "Alias": "t",
                          "Startup Cost": 0.0,
                          "Total Cost": 45479.1,
                          "Plan Rows": 117532,
                          "Plan Width": 4,
                          "Actual Startup Time": 59.946,
                          "Actual Total Time": 101.155,
                          "Actual Rows": 124006,
                          "Actual Loops": 4,
                          "Filter": "((production_year < 2009) AND (kind_id = 1))",
                          "Rows Removed by Filter": 508072
                        }
                      ]
                    }
                  ]
                }
              ]
            }
          ]
        }
      ]
    },
    "Planning Time": 0.605,
    "Triggers": [],
    "Execution Time": 342.584
  }
]