{
  "Plan": {
    "Node Type": "Aggregate",
    "Strategy": "Plain",
    "Partial Mode": "Finalize",
    "Parallel Aware": false,
    "Startup Cost": 644799.23,
    "Total Cost": 644799.24,
    "Plan Rows": 1,
    "Plan Width": 8,
    "Actual Startup Time": 10113.641,
    "Actual Total Time": 10167.599,
    "Actual Rows": 1,
    "Actual Loops": 1,
    "Plans": [
      {
        "Node Type": "Gather",
        "Parent Relationship": "Outer",
        "Parallel Aware": false,
        "Startup Cost": 644799.12,
        "Total Cost": 644799.23,
        "Plan Rows": 1,
        "Plan Width": 8,
        "Actual Startup Time": 10110.424,
        "Actual Total Time": 10167.591,
        "Actual Rows": 2,
        "Actual Loops": 1,
        "Workers Planned": 1,
        "Workers Launched": 1,
        "Single Copy": false,
        "Plans": [
          {
            "Node Type": "Aggregate",
            "Strategy": "Plain",
            "Partial Mode": "Partial",
            "Parent Relationship": "Outer",
            "Parallel Aware": false,
            "Startup Cost": 643799.12,
            "Total Cost": 643799.13,
            "Plan Rows": 1,
            "Plan Width": 8,
            "Actual Startup Time": 10100.047,
            "Actual Total Time": 10100.05,
            "Actual Rows": 1,
            "Actual Loops": 2,
            "Plans": [
              {
                "Node Type": "Hash Join",
                "Parent Relationship": "Outer",
                "Parallel Aware": true,
                "Join Type": "Inner",
                "Startup Cost": 72043.31,
                "Total Cost": 593776.67,
                "Plan Rows": 20008979,
                "Plan Width": 0,
                "Actual Startup Time": 534.455,
                "Actual Total Time": 9357.569,
                "Actual Rows": 17754684,
                "Actual Loops": 2,
                "Inner Unique": true,
                "Hash Cond": "(ci.movie_id = t.id)",
                "Plans": [
                  {
                    "Node Type": "Seq Scan",
                    "Parent Relationship": "Outer",
                    "Parallel Aware": true,
                    "Relation Name": "cast_info",
                    "Alias": "ci",
                    "Startup Cost": 0.0,
                    "Total Cost": 465792.95,
                    "Plan Rows": 21310595,
                    "Plan Width": 4,
                    "Actual Startup Time": 0.012,
                    "Actual Total Time": 1308.666,
                    "Actual Rows": 18122172,
                    "Actual Loops": 2
                  },
                  {
                    "Node Type": "Hash",
                    "Parent Relationship": "Inner",
                    "Parallel Aware": true,
                    "Startup Cost": 54588.39,
                    "Total Cost": 54588.39,
                    "Plan Rows": 1396394,
                    "Plan Width": 4,
                    "Actual Startup Time": 516.0,
                    "Actual Total Time": 516.001,
                    "Actual Rows": 1185479,
                    "Actual Loops": 2,
                    "Hash Buckets": 4194304,
                    "Original Hash Buckets": 4194304,
                    "Hash Batches": 1,
                    "Original Hash Batches": 1,
                    "Peak Memory Usage": 125568,
                    "Plans": [
                      {
                        "Node Type": "Seq Scan",
                        "Parent Relationship": "Outer",
                        "Parallel Aware": true,
                        "Relation Name": "title",
                        "Alias": "t",
                        "Startup Cost": 0.0,
                        "Total Cost": 54588.39,
                        "Plan Rows": 1396394,
                        "Plan Width": 4,
                        "Actual Startup Time": 0.026,
                        "Actual Total Time": 177.325,
                        "Actual Rows": 1185479,
                        "Actual Loops": 2,
                        "Filter": "(production_year > 1919)",
                        "Rows Removed by Filter": 78677
                      }
                    ]
                  }
                ]
              }
            ]
          }
        ]
      }
    ]
  },
  "Planning Time": 0.33,
  "Triggers": [],
  "Execution Time": 10167.66
}