{
  "Plan": {
    "Node Type": "Aggregate",
    "Strategy": "Plain",
    "Partial Mode": "Finalize",
    "Parallel Aware": false,
    "Startup Cost": 237077.11,
    "Total Cost": 237077.12,
    "Plan Rows": 1,
    "Plan Width": 8,
    "Actual Startup Time": 150.051,
    "Actual Total Time": 162.597,
    "Actual Rows": 1,
    "Actual Loops": 1,
    "Plans": [
      {
        "Node Type": "Gather",
        "Parent Relationship": "Outer",
        "Parallel Aware": false,
        "Startup Cost": 237076.99,
        "Total Cost": 237077.1,
        "Plan Rows": 1,
        "Plan Width": 8,
        "Actual Startup Time": 149.94,
        "Actual Total Time": 162.591,
        "Actual Rows": 2,
        "Actual Loops": 1,
        "Workers Planned": 1,
        "Workers Launched": 1,
        "Single Copy": false,
        "Plans": [
          {
            "Node Type": "Aggregate",
            "Strategy": "Plain",
            "Partial Mode": "Partial",
            "Parent Relationship": "Outer",
            "Parallel Aware": false,
            "Startup Cost": 236076.99,
            "Total Cost": 236077.0,
            "Plan Rows": 1,
            "Plan Width": 8,
            "Actual Startup Time": 143.991,
            "Actual Total Time": 143.992,
            "Actual Rows": 1,
            "Actual Loops": 2,
            "Plans": [
              {
                "Node Type": "Nested Loop",
                "Parent Relationship": "Outer",
                "Parallel Aware": false,
                "Join Type": "Inner",
                "Startup Cost": 1.0,
                "Total Cost": 236058.75,
                "Plan Rows": 7296,
                "Plan Width": 0,
                "Actual Startup Time": 2.836,
                "Actual Total Time": 143.908,
                "Actual Rows": 489,
                "Actual Loops": 2,
                "Inner Unique": false,
                "Join Filter": "(t.id = mi.movie_id)",
                "Rows Removed by Join Filter": 0,
                "Plans": [
                  {
                    "Node Type": "Nested Loop",
                    "Parent Relationship": "Outer",
                    "Parallel Aware": false,
                    "Join Type": "Inner",
                    "Startup Cost": 0.56,
                    "Total Cost": 227121.01,
                    "Plan Rows": 6185,
                    "Plan Width": 8,
                    "Actual Startup Time": 1.481,
                    "Actual Total Time": 138.885,
                    "Actual Rows": 557,
                    "Actual Loops": 2,
                    "Inner Unique": false,
                    "Plans": [
                      {
                        "Node Type": "Seq Scan",
                        "Parent Relationship": "Outer",
                        "Parallel Aware": true,
                        "Relation Name": "title",
                        "Alias": "t",
                        "Startup Cost": 0.0,
                        "Total Cost": 58306.47,
                        "Plan Rows": 1267,
                        "Plan Width": 4,
                        "Actual Startup Time": 1.156,
                        "Actual Total Time": 130.176,
                        "Actual Rows": 149,
                        "Actual Loops": 2,
                        "Filter": "((kind_id > 1) AND (production_year > 2013))",
                        "Rows Removed by Filter": 1264007
                      },
                      {
                        "Node Type": "Index Scan",
                        "Parent Relationship": "Inner",
                        "Parallel Aware": false,
                        "Scan Direction": "Forward",
                        "Index Name": "movie_id_cast_info",
                        "Relation Name": "cast_info",
                        "Alias": "ci",
                        "Startup Cost": 0.56,
                        "Total Cost": 133.11,
                        "Plan Rows": 13,
                        "Plan Width": 4,
                        "Actual Startup Time": 0.045,
                        "Actual Total Time": 0.057,
                        "Actual Rows": 4,
                        "Actual Loops": 298,
                        "Index Cond": "(movie_id = t.id)",
                        "Rows Removed by Index Recheck": 0,
                        "Filter": "(role_id > 3)",
                        "Rows Removed by Filter": 7
                      }
                    ]
                  },
                  {
                    "Node Type": "Index Scan",
                    "Parent Relationship": "Inner",
                    "Parallel Aware": false,
                    "Scan Direction": "Forward",
                    "Index Name": "movie_id_movie_info",
                    "Relation Name": "movie_info",
                    "Alias": "mi",
                    "Startup Cost": 0.43,
                    "Total Cost": 1.35,
                    "Plan Rows": 8,
                    "Plan Width": 4,
                    "Actual Startup Time": 0.006,
                    "Actual Total Time": 0.009,
                    "Actual Rows": 1,
                    "Actual Loops": 1114,
                    "Index Cond": "(movie_id = ci.movie_id)",
                    "Rows Removed by Index Recheck": 0,
                    "Filter": "(info_type_id = 16)",
                    "Rows Removed by Filter": 4
                  }
                ]
              }
            ]
          }
        ]
      }
    ]
  },
  "Planning Time": 0.967,
  "Triggers": [],
  "Execution Time": 162.679
}