[
  {
    "Plan": {
      "Node Type": "Aggregate",
      "Strategy": "Plain",
      "Partial Mode": "Finalize",
      "Parallel Aware": false,
      "Startup Cost": 337221.26,
      "Total Cost": 337221.27,
      "Plan Rows": 1,
      "Plan Width": 8,
      "Actual Startup Time": 724.105,
      "Actual Total Time": 769.558,
      "Actual Rows": 1,
      "Actual Loops": 1,
      "Plans": [
        {
          "Node Type": "Gather",
          "Parent Relationship": "Outer",
          "Parallel Aware": false,
          "Startup Cost": 337220.64,
          "Total Cost": 337221.25,
          "Plan Rows": 6,
          "Plan Width": 8,
          "Actual Startup Time": 723.919,
          "Actual Total Time": 769.542,
          "Actual Rows": 7,
          "Actual Loops": 1,
          "Workers Planned": 6,
          "Workers Launched": 6,
          "Single Copy": false,
          "Plans": [
            {
              "Node Type": "Aggregate",
              "Strategy": "Plain",
              "Partial Mode": "Partial",
              "Parent Relationship": "Outer",
              "Parallel Aware": false,
              "Startup Cost": 336220.64,
              "Total Cost": 336220.65,
              "Plan Rows": 1,
              "Plan Width": 8,
              "Actual Startup Time": 717.016,
              "Actual Total Time": 717.018,
              "Actual Rows": 1,
              "Actual Loops": 7,
              "Plans": [
                {
                  "Node Type": "Seq Scan",
                  "Parent Relationship": "Outer",
                  "Parallel Aware": true,
                  "Relation Name": "cast_info",
                  "Alias": "ci",
                  "Startup Cost": 0.0,
                  "Total Cost": 328211.39,
                  "Plan Rows": 3203699,
                  "Plan Width": 0,
                  "Actual Startup Time": 0.055,
                  "Actual Total Time": 587.902,
                  "Actual Rows": 2774250,
                  "Actual Loops": 7,
                  "Filter": "(person_id < 1943136)",
                  "Rows Removed by Filter": 2403514
                }
              ]
            }
          ]
        }
      ]
    },
    "Planning Time": 0.091,
    "Triggers": [],
    "Execution Time": 769.6
  }
]