[
  {
    "Plan": {
      "Node Type": "Aggregate",
      "Strategy": "Plain",
      "Partial Mode": "Finalize",
      "Parallel Aware": false,
      "Startup Cost": 46173.35,
      "Total Cost": 46173.36,
      "Plan Rows": 1,
      "Plan Width": 8,
      "Actual Startup Time": 232.861,
      "Actual Total Time": 248.734,
      "Actual Rows": 1,
      "Actual Loops": 1,
      "Plans": [
        {
          "Node Type": "Gather",
          "Parent Relationship": "Outer",
          "Parallel Aware": false,
          "Startup Cost": 46173.03,
          "Total Cost": 46173.34,
          "Plan Rows": 3,
          "Plan Width": 8,
          "Actual Startup Time": 232.705,
          "Actual Total Time": 248.719,
          "Actual Rows": 4,
          "Actual Loops": 1,
          "Workers Planned": 3,
          "Workers Launched": 3,
          "Single Copy": false,
          "Plans": [
            {
              "Node Type": "Aggregate",
              "Strategy": "Plain",
              "Partial Mode": "Partial",
              "Parent Relationship": "Outer",
              "Parallel Aware": false,
              "Startup Cost": 45173.03,
              "Total Cost": 45173.04,
              "Plan Rows": 1,
              "Plan Width": 8,
              "Actual Startup Time": 226.212,
              "Actual Total Time": 226.214,
              "Actual Rows": 1,
              "Actual Loops": 4,
              "Plans": [
                {
                  "Node Type": "Seq Scan",
                  "Parent Relationship": "Outer",
                  "Parallel Aware": true,
                  "Relation Name": "movie_keyword",
                  "Alias": "mk",
                  "Startup Cost": 0.0,
                  "Total Cost": 42695.65,
                  "Plan Rows": 990950,
                  "Plan Width": 0,
                  "Actual Startup Time": 0.191,
                  "Actual Total Time": 176.333,
                  "Actual Rows": 768407,
                  "Actual Loops": 4,
                  "Filter": "(keyword_id > 2039)",
                  "Rows Removed by Filter": 362576
                }
              ]
            }
          ]
        }
      ]
    },
    "Planning Time": 0.177,
    "Triggers": [],
    "Execution Time": 248.796
  }
]