[
  {
    "Plan": {
      "Node Type": "Aggregate",
      "Strategy": "Plain",
      "Partial Mode": "Finalize",
      "Parallel Aware": false,
      "Startup Cost": 337013.77,
      "Total Cost": 337013.78,
      "Plan Rows": 1,
      "Plan Width": 8,
      "Actual Startup Time": 1056.745,
      "Actual Total Time": 1134.52,
      "Actual Rows": 1,
      "Actual Loops": 1,
      "Plans": [
        {
          "Node Type": "Gather",
          "Parent Relationship": "Outer",
          "Parallel Aware": false,
          "Startup Cost": 337013.45,
          "Total Cost": 337013.76,
          "Plan Rows": 3,
          "Plan Width": 8,
          "Actual Startup Time": 1054.505,
          "Actual Total Time": 1134.51,
          "Actual Rows": 4,
          "Actual Loops": 1,
          "Workers Planned": 3,
          "Workers Launched": 3,
          "Single Copy": false,
          "Plans": [
            {
              "Node Type": "Aggregate",
              "Strategy": "Plain",
              "Partial Mode": "Partial",
              "Parent Relationship": "Outer",
              "Parallel Aware": false,
              "Startup Cost": 336013.45,
              "Total Cost": 336013.46,
              "Plan Rows": 1,
              "Plan Width": 8,
              "Actual Startup Time": 1047.531,
              "Actual Total Time": 1047.534,
              "Actual Rows": 1,
              "Actual Loops": 4,
              "Plans": [
                {
                  "Node Type": "Nested Loop",
                  "Parent Relationship": "Outer",
                  "Parallel Aware": false,
                  "Join Type": "Inner",
                  "Startup Cost": 47284.8,
                  "Total Cost": 333140.8,
                  "Plan Rows": 1149061,
                  "Plan Width": 0,
                  "Actual Startup Time": 166.106,
                  "Actual Total Time": 1004.767,
                  "Actual Rows": 927990,
                  "Actual Loops": 4,
                  "Inner Unique": false,
                  "Join Filter": "(t.id = ci.movie_id)",
                  "Rows Removed by Join Filter": 0,
                  "Plans": [
                    {
                      "Node Type": "Hash Join",
                      "Parent Relationship": "Outer",
                      "Parallel Aware": true,
                      "Join Type": "Inner",
                      "Startup Cost": 47284.24,
                      "Total Cost": 90900.98,
                      "Plan Rows": 80143,
                      "Plan Width": 8,
                      "Actual Startup Time": 165.995,
                      "Actual Total Time": 298.423,
                      "Actual Rows": 24737,
                      "Actual Loops": 4,
                      "Inner Unique": true,
                      "Hash Cond": "(mk.movie_id = t.id)",
                      "Plans": [
                        {
                          "Node Type": "Seq Scan",
                          "Parent Relationship": "Outer",
                          "Parallel Aware": true,
                          "Relation Name": "movie_keyword",
                          "Alias": "mk",
                          "Startup Cost": 0.0,
                          "Total Cost": 42695.65,
                          "Plan Rows": 350890,
                          "Plan Width": 4,
                          "Actual Startup Time": 1.164,
                          "Actual Total Time": 90.165,
                          "Actual Rows": 272059,
                          "Actual Loops": 4,
                          "Filter": "(keyword_id > 16264)",
                          "Rows Removed by Filter": 858923
                        },
                        {
                          "Node Type": "Hash",
                          "Parent Relationship": "Inner",
                          "Parallel Aware": true,
                          "Startup Cost": 45479.59,
                          "Total Cost": 45479.59,
                          "Plan Rows": 144372,
                          "Plan Width": 4,
                          "Actual Startup Time": 160.513,
                          "Actual Total Time": 160.514,
                          "Actual Rows": 150633,
                          "Actual Loops": 4,
                          "Hash Buckets": 1048576,
                          "Original Hash Buckets": 1048576,
                          "Hash Batches": 1,
                          "Original Hash Batches": 1,
                          "Peak Memory Usage": 31808,
                          "Plans": [
                            {
                              "Node Type": "Seq Scan",
                              "Parent Relationship": "Outer",
                              "Parallel Aware": true,
                              "Relation Name": "title",
                              "Alias": "t",
                              "Startup Cost": 0.0,
                              "Total Cost": 45479.59,
                              "Plan Rows": 144372,
                              "Plan Width": 4,
                              "Actual Startup Time": 0.031,
                              "Actual Total Time": 100.544,
                              "Actual Rows": 150633,
                              "Actual Loops": 4,
                              "Filter": "((kind_id > 1) AND (production_year > 2007))",
                              "Rows Removed by Filter": 481445
                            }
                          ]
                        }
                      ]
                    },
                    {
                      "Node Type": "Index Only Scan",
                      "Parent Relationship": "Inner",
                      "Parallel Aware": false,
                      "Scan Direction": "Forward",
                      "Index Name": "movie_id_cast_info",
                      "Relation Name": "cast_info",
                      "Alias": "ci",
                      "Startup Cost": 0.56,
                      "Total Cost": 2.59,
                      "Plan Rows": 35,
                      "Plan Width": 4,
                      "Actual Startup Time": 0.004,
                      "Actual Total Time": 0.025,
                      "Actual Rows": 38,
                      "Actual Loops": 98948,
                      "Index Cond": "(movie_id = mk.movie_id)",
                      "Rows Removed by Index Recheck": 0,
                      "Heap Fetches": 3711960
                    }
                  ]
                }
              ]
            }
          ]
        }
      ]
    },
    "Planning Time": 0.819,
    "Triggers": [],
    "Execution Time": 1134.607
  }
]