[
  {
    "Plan": {
      "Node Type": "Aggregate",
      "Strategy": "Plain",
      "Partial Mode": "Finalize",
      "Parallel Aware": false,
      "Startup Cost": 34601.6,
      "Total Cost": 34601.61,
      "Plan Rows": 1,
      "Plan Width": 8,
      "Actual Startup Time": 120.177,
      "Actual Total Time": 128.662,
      "Actual Rows": 1,
      "Actual Loops": 1,
      "Plans": [
        {
          "Node Type": "Gather",
          "Parent Relationship": "Outer",
          "Parallel Aware": false,
          "Startup Cost": 34601.28,
          "Total Cost": 34601.59,
          "Plan Rows": 3,
          "Plan Width": 8,
          "Actual Startup Time": 119.557,
          "Actual Total Time": 128.652,
          "Actual Rows": 4,
          "Actual Loops": 1,
          "Workers Planned": 3,
          "Workers Launched": 3,
          "Single Copy": false,
          "Plans": [
            {
              "Node Type": "Aggregate",
              "Strategy": "Plain",
              "Partial Mode": "Partial",
              "Parent Relationship": "Outer",
              "Parallel Aware": false,
              "Startup Cost": 33601.28,
              "Total Cost": 33601.29,
              "Plan Rows": 1,
              "Plan Width": 8,
              "Actual Startup Time": 110.549,
              "Actual Total Time": 110.551,
              "Actual Rows": 1,
              "Actual Loops": 4,
              "Plans": [
                {
                  "Node Type": "Bitmap Heap Scan",
                  "Parent Relationship": "Outer",
                  "Parallel Aware": true,
                  "Relation Name": "movie_keyword",
                  "Alias": "mk",
                  "Startup Cost": 7448.81,
                  "Total Cost": 33318.21,
                  "Plan Rows": 113231,
                  "Plan Width": 0,
                  "Actual Startup Time": 38.129,
                  "Actual Total Time": 104.895,
                  "Actual Rows": 87449,
                  "Actual Loops": 4,
                  "Recheck Cond": "(keyword_id > 47599)",
                  "Rows Removed by Index Recheck": 0,
                  "Exact Heap Blocks": 11093,
                  "Lossy Heap Blocks": 0,
                  "Plans": [
                    {
                      "Node Type": "Bitmap Index Scan",
                      "Parent Relationship": "Outer",
                      "Parallel Aware": false,
                      "Index Name": "keyword_id_movie_keyword",
                      "Startup Cost": 0.0,
                      "Total Cost": 7361.06,
                      "Plan Rows": 351017,
                      "Plan Width": 0,
                      "Actual Startup Time": 42.44,
                      "Actual Total Time": 42.441,
                      "Actual Rows": 349797,
                      "Actual Loops": 1,
                      "Index Cond": "(keyword_id > 47599)"
                    }
                  ]
                }
              ]
            }
          ]
        }
      ]
    },
    "Planning Time": 0.162,
    "Triggers": [],
    "Execution Time": 128.736
  }
]