[
  {
    "Plan": {
      "Node Type": "Aggregate",
      "Strategy": "Plain",
      "Partial Mode": "Finalize",
      "Parallel Aware": false,
      "Startup Cost": 34865.69,
      "Total Cost": 34865.7,
      "Plan Rows": 1,
      "Plan Width": 8,
      "Actual Startup Time": 103.285,
      "Actual Total Time": 111.429,
      "Actual Rows": 1,
      "Actual Loops": 1,
      "Plans": [
        {
          "Node Type": "Gather",
          "Parent Relationship": "Outer",
          "Parallel Aware": false,
          "Startup Cost": 34865.37,
          "Total Cost": 34865.68,
          "Plan Rows": 3,
          "Plan Width": 8,
          "Actual Startup Time": 103.005,
          "Actual Total Time": 111.419,
          "Actual Rows": 4,
          "Actual Loops": 1,
          "Workers Planned": 3,
          "Workers Launched": 3,
          "Single Copy": false,
          "Plans": [
            {
              "Node Type": "Aggregate",
              "Strategy": "Plain",
              "Partial Mode": "Partial",
              "Parent Relationship": "Outer",
              "Parallel Aware": false,
              "Startup Cost": 33865.37,
              "Total Cost": 33865.38,
              "Plan Rows": 1,
              "Plan Width": 8,
              "Actual Startup Time": 94.229,
              "Actual Total Time": 94.23,
              "Actual Rows": 1,
              "Actual Loops": 4,
              "Plans": [
                {
                  "Node Type": "Bitmap Heap Scan",
                  "Parent Relationship": "Outer",
                  "Parallel Aware": true,
                  "Relation Name": "movie_keyword",
                  "Alias": "mk",
                  "Startup Cost": 7663.67,
                  "Total Cost": 33574.09,
                  "Plan Rows": 116514,
                  "Plan Width": 0,
                  "Actual Startup Time": 26.385,
                  "Actual Total Time": 88.969,
                  "Actual Rows": 87449,
                  "Actual Loops": 4,
                  "Recheck Cond": "(keyword_id > 47599)",
                  "Rows Removed by Index Recheck": 0,
                  "Exact Heap Blocks": 10637,
                  "Lossy Heap Blocks": 0,
                  "Plans": [
                    {
                      "Node Type": "Bitmap Index Scan",
                      "Parent Relationship": "Outer",
                      "Parallel Aware": false,
                      "Index Name": "keyword_id_movie_keyword",
                      "Startup Cost": 0.0,
                      "Total Cost": 7573.37,
                      "Plan Rows": 361192,
                      "Plan Width": 0,
                      "Actual Startup Time": 31.3,
                      "Actual Total Time": 31.3,
                      "Actual Rows": 349797,
                      "Actual Loops": 1,
                      "Index Cond": "(keyword_id > 47599)"
                    }
                  ]
                }
              ]
            }
          ]
        }
      ]
    },
    "Planning Time": 0.154,
    "Triggers": [],
    "Execution Time": 111.485
  }
]