[
  {
    "Plan": {
      "Node Type": "Aggregate",
      "Strategy": "Plain",
      "Partial Mode": "Finalize",
      "Parallel Aware": false,
      "Startup Cost": 79996.67,
      "Total Cost": 79996.68,
      "Plan Rows": 1,
      "Plan Width": 8,
      "Actual Startup Time": 228.906,
      "Actual Total Time": 246.369,
      "Actual Rows": 1,
      "Actual Loops": 1,
      "Plans": [
        {
          "Node Type": "Gather",
          "Parent Relationship": "Outer",
          "Parallel Aware": false,
          "Startup Cost": 79996.35,
          "Total Cost": 79996.66,
          "Plan Rows": 3,
          "Plan Width": 8,
          "Actual Startup Time": 227.339,
          "Actual Total Time": 246.36,
          "Actual Rows": 4,
          "Actual Loops": 1,
          "Workers Planned": 3,
          "Workers Launched": 3,
          "Single Copy": false,
          "Plans": [
            {
              "Node Type": "Aggregate",
              "Strategy": "Plain",
              "Partial Mode": "Partial",
              "Parent Relationship": "Outer",
              "Parallel Aware": false,
              "Startup Cost": 78996.35,
              "Total Cost": 78996.36,
              "Plan Rows": 1,
              "Plan Width": 8,
              "Actual Startup Time": 218.251,
              "Actual Total Time": 218.255,
              "Actual Rows": 1,
              "Actual Loops": 4,
              "Plans": [
                {
                  "Node Type": "Hash Join",
                  "Parent Relationship": "Outer",
                  "Parallel Aware": true,
                  "Join Type": "Inner",
                  "Startup Cost": 52664.42,
                  "Total Cost": 78968.55,
                  "Plan Rows": 11120,
                  "Plan Width": 0,
                  "Actual Startup Time": 147.084,
                  "Actual Total Time": 217.915,
                  "Actual Rows": 3894,
                  "Actual Loops": 4,
                  "Inner Unique": true,
                  "Hash Cond": "(mk.movie_id = t.id)",
                  "Plans": [
                    {
                      "Node Type": "Bitmap Heap Scan",
                      "Parent Relationship": "Outer",
                      "Parallel Aware": true,
                      "Relation Name": "movie_keyword",
                      "Alias": "mk",
                      "Startup Cost": 8047.23,
                      "Total Cost": 34030.26,
                      "Plan Rows": 122323,
                      "Plan Width": 4,
                      "Actual Startup Time": 24.424,
                      "Actual Total Time": 77.713,
                      "Actual Rows": 91162,
                      "Actual Loops": 4,
                      "Recheck Cond": "(keyword_id > 46001)",
                      "Rows Removed by Index Recheck": 0,
                      "Exact Heap Blocks": 8621,
                      "Lossy Heap Blocks": 0,
                      "Plans": [
                        {
                          "Node Type": "Bitmap Index Scan",
                          "Parent Relationship": "Outer",
                          "Parallel Aware": false,
                          "Index Name": "keyword_id_movie_keyword",
                          "Startup Cost": 0.0,
                          "Total Cost": 7952.43,
                          "Plan Rows": 379200,
                          "Plan Width": 0,
                          "Actual Startup Time": 20.967,
                          "Actual Total Time": 20.968,
                          "Actual Rows": 364650,
                          "Actual Loops": 1,
                          "Index Cond": "(keyword_id > 46001)"
                        }
                      ]
                    },
                    {
                      "Node Type": "Hash",
                      "Parent Relationship": "Inner",
                      "Parallel Aware": true,
                      "Startup Cost": 43898.92,
                      "Total Cost": 43898.92,
                      "Plan Rows": 57462,
                      "Plan Width": 4,
                      "Actual Startup Time": 119.87,
                      "Actual Total Time": 119.871,
                      "Actual Rows": 57912,
                      "Actual Loops": 4,
                      "Hash Buckets": 262144,
                      "Original Hash Buckets": 262144,
                      "Hash Batches": 1,
                      "Original Hash Batches": 1,
                      "Peak Memory Usage": 11168,
                      "Plans": [
                        {
                          "Node Type": "Seq Scan",
                          "Parent Relationship": "Outer",
                          "Parallel Aware": true,
                          "Relation Name": "title",
                          "Alias": "t",
                          "Startup Cost": 0.0,
                          "Total Cost": 43898.92,
                          "Plan Rows": 57462,
                          "Plan Width": 4,
                          "Actual Startup Time": 0.044,
                          "Actual Total Time": 99.042,
                          "Actual Rows": 57912,
                          "Actual Loops": 4,
                          "Filter": "(production_year > 2011)",
                          "Rows Removed by Filter": 574166
                        }
                      ]
                    }
                  ]
                }
              ]
            }
          ]
        }
      ]
    },
    "Planning Time": 0.57,
    "Triggers": [],
    "Execution Time": 246.456
  }
]