{
    "Plan": {
        "Node Type": "Aggregate",
        "Strategy": "Plain",
        "Partial Mode": "Simple",
        "Parallel Aware": false,
        "Startup Cost": 100000370979.99,
        "Total Cost": 100000370980.0,
        "Plan Rows": 1,
        "Plan Width": 64,
        "Actual Startup Time": 1834.561,
        "Actual Total Time": 1834.575,
        "Actual Rows": 1,
        "Actual Loops": 1,
        "Output": [
            "min(n.name)",
            "min(t.title)"
        ],
        "Plans": [
            {
                "Node Type": "Nested Loop",
                "Parent Relationship": "Outer",
                "Parallel Aware": false,
                "Join Type": "Inner",
                "Startup Cost": 100000000016.19,
                "Total Cost": 100000370979.99,
                "Plan Rows": 1,
                "Plan Width": 32,
                "Actual Startup Time": 624.357,
                "Actual Total Time": 1834.072,
                "Actual Rows": 4399,
                "Actual Loops": 1,
                "Output": [
                    "n.name",
                    "t.title"
                ],
                "Inner Unique": false,
                "Join Filter": "(n.id = an.person_id)",
                "Rows Removed by Join Filter": 0,
                "Plans": [
                    {
                        "Node Type": "Nested Loop",
                        "Parent Relationship": "Outer",
                        "Parallel Aware": false,
                        "Join Type": "Inner",
                        "Startup Cost": 90000000015.75,
                        "Total Cost": 90000370975.49,
                        "Plan Rows": 1,
                        "Plan Width": 40,
                        "Actual Startup Time": 624.307,
                        "Actual Total Time": 1826.606,
                        "Actual Rows": 1201,
                        "Actual Loops": 1,
                        "Output": [
                            "ci.person_id",
                            "n.name",
                            "n.id",
                            "t.title"
                        ],
                        "Inner Unique": true,
                        "Join Filter": "(mi.movie_id = t.id)",
                        "Rows Removed by Join Filter": 0,
                        "Plans": [
                            {
                                "Node Type": "Nested Loop",
                                "Parent Relationship": "Outer",
                                "Parallel Aware": false,
                                "Join Type": "Inner",
                                "Startup Cost": 80000000015.3,
                                "Total Cost": 80000370971.01,
                                "Plan Rows": 1,
                                "Plan Width": 35,
                                "Actual Startup Time": 624.264,
                                "Actual Total Time": 1816.991,
                                "Actual Rows": 1374,
                                "Actual Loops": 1,
                                "Output": [
                                    "ci.movie_id",
                                    "ci.person_id",
                                    "mc.movie_id",
                                    "mi.movie_id",
                                    "n.name",
                                    "n.id"
                                ],
                                "Inner Unique": true,
                                "Plans": [
                                    {
                                        "Node Type": "Nested Loop",
                                        "Parent Relationship": "Outer",
                                        "Parallel Aware": false,
                                        "Join Type": "Inner",
                                        "Startup Cost": 70000000015.15,
                                        "Total Cost": 70000370962.83,
                                        "Plan Rows": 1,
                                        "Plan Width": 39,
                                        "Actual Startup Time": 624.253,
                                        "Actual Total Time": 1811.558,
                                        "Actual Rows": 1374,
                                        "Actual Loops": 1,
                                        "Output": [
                                            "ci.movie_id",
                                            "ci.person_id",
                                            "mc.movie_id",
                                            "mi.movie_id",
                                            "mi.info_type_id",
                                            "n.name",
                                            "n.id"
                                        ],
                                        "Inner Unique": false,
                                        "Join Filter": "(mc.movie_id = mi.movie_id)",
                                        "Rows Removed by Join Filter": 0,
                                        "Plans": [
                                            {
                                                "Node Type": "Nested Loop",
                                                "Parent Relationship": "Outer",
                                                "Parallel Aware": false,
                                                "Join Type": "Inner",
                                                "Startup Cost": 60000000014.35,
                                                "Total Cost": 60000370957.34,
                                                "Plan Rows": 1,
                                                "Plan Width": 31,
                                                "Actual Startup Time": 622.476,
                                                "Actual Total Time": 1689.772,
                                                "Actual Rows": 2227,
                                                "Actual Loops": 1,
                                                "Output": [
                                                    "ci.movie_id",
                                                    "ci.person_id",
                                                    "mc.movie_id",
                                                    "n.name",
                                                    "n.id"
                                                ],
                                                "Inner Unique": true,
                                                "Plans": [
                                                    {
                                                        "Node Type": "Nested Loop",
                                                        "Parent Relationship": "Outer",
                                                        "Parallel Aware": false,
                                                        "Join Type": "Inner",
                                                        "Startup Cost": 50000000013.91,
                                                        "Total Cost": 50000370948.43,
                                                        "Plan Rows": 2,
                                                        "Plan Width": 35,
                                                        "Actual Startup Time": 622.441,
                                                        "Actual Total Time": 1676.315,
                                                        "Actual Rows": 2300,
                                                        "Actual Loops": 1,
                                                        "Output": [
                                                            "ci.movie_id",
                                                            "ci.person_id",
                                                            "mc.movie_id",
                                                            "mc.company_id",
                                                            "n.name",
                                                            "n.id"
                                                        ],
                                                        "Inner Unique": true,
                                                        "Plans": [
                                                            {
                                                                "Node Type": "Nested Loop",
                                                                "Parent Relationship": "Outer",
                                                                "Parallel Aware": false,
                                                                "Join Type": "Inner",
                                                                "Startup Cost": 40000000013.45,
                                                                "Total Cost": 40000370939.5,
                                                                "Plan Rows": 2,
                                                                "Plan Width": 39,
                                                                "Actual Startup Time": 622.367,
                                                                "Actual Total Time": 1656.659,
                                                                "Actual Rows": 2477,
                                                                "Actual Loops": 1,
                                                                "Output": [
                                                                    "ci.movie_id",
                                                                    "ci.person_id",
                                                                    "ci.person_role_id",
                                                                    "mc.movie_id",
                                                                    "mc.company_id",
                                                                    "n.name",
                                                                    "n.id"
                                                                ],
                                                                "Inner Unique": false,
                                                                "Plans": [
                                                                    {
                                                                        "Node Type": "Nested Loop",
                                                                        "Parent Relationship": "Outer",
                                                                        "Parallel Aware": false,
                                                                        "Join Type": "Inner",
                                                                        "Startup Cost": 30000000012.97,
                                                                        "Total Cost": 30000370912.03,
                                                                        "Plan Rows": 6,
                                                                        "Plan Width": 31,
                                                                        "Actual Startup Time": 622.311,
                                                                        "Actual Total Time": 1622.128,
                                                                        "Actual Rows": 3156,
                                                                        "Actual Loops": 1,
                                                                        "Output": [
                                                                            "ci.movie_id",
                                                                            "ci.person_id",
                                                                            "ci.person_role_id",
                                                                            "n.name",
                                                                            "n.id"
                                                                        ],
                                                                        "Inner Unique": true,
                                                                        "Plans": [
                                                                            {
                                                                                "Node Type": "Nested Loop",
                                                                                "Parent Relationship": "Outer",
                                                                                "Parallel Aware": false,
                                                                                "Join Type": "Inner",
                                                                                "Startup Cost": 20000000012.83,
                                                                                "Total Cost": 20000370629.25,
                                                                                "Plan Rows": 68,
                                                                                "Plan Width": 35,
                                                                                "Actual Startup Time": 622.285,
                                                                                "Actual Total Time": 1605.927,
                                                                                "Actual Rows": 4573,
                                                                                "Actual Loops": 1,
                                                                                "Output": [
                                                                                    "ci.movie_id",
                                                                                    "ci.person_id",
                                                                                    "ci.role_id",
                                                                                    "ci.person_role_id",
                                                                                    "n.name",
                                                                                    "n.id"
                                                                                ],
                                                                                "Inner Unique": false,
                                                                                "Plans": [
                                                                                    {
                                                                                        "Node Type": "Index Scan",
                                                                                        "Parent Relationship": "Outer",
                                                                                        "Parallel Aware": false,
                                                                                        "Scan Direction": "Forward",
                                                                                        "Index Name": "name_pkey",
                                                                                        "Relation Name": "name",
                                                                                        "Schema": "public",
                                                                                        "Alias": "n",
                                                                                        "Startup Cost": 10000000000.43,
                                                                                        "Total Cost": 10000199011.55,
                                                                                        "Plan Rows": 94,
                                                                                        "Plan Width": 19,
                                                                                        "Actual Startup Time": 621.613,
                                                                                        "Actual Total Time": 1531.542,
                                                                                        "Actual Rows": 4481,
                                                                                        "Actual Loops": 1,
                                                                                        "Output": [
                                                                                            "n.id",
                                                                                            "n.name",
                                                                                            "n.imdb_index",
                                                                                            "n.imdb_id",
                                                                                            "n.gender",
                                                                                            "n.name_pcode_cf",
                                                                                            "n.name_pcode_nf",
                                                                                            "n.surname_pcode",
                                                                                            "n.md5sum"
                                                                                        ],
                                                                                        "Filter": "((n.name ~~ '%Julie%'::text) AND ((n.gender)::text = 'f'::text))",
                                                                                        "Rows Removed by Filter": 4163010
                                                                                    },
                                                                                    {
                                                                                        "Node Type": "Bitmap Heap Scan",
                                                                                        "Parent Relationship": "Inner",
                                                                                        "Parallel Aware": false,
                                                                                        "Relation Name": "cast_info",
                                                                                        "Schema": "public",
                                                                                        "Alias": "ci",
                                                                                        "Startup Cost": 12.4,
                                                                                        "Total Cost": 1825.29,
                                                                                        "Plan Rows": 43,
                                                                                        "Plan Width": 16,
                                                                                        "Actual Startup Time": 0.014,
                                                                                        "Actual Total Time": 0.015,
                                                                                        "Actual Rows": 1,
                                                                                        "Actual Loops": 4481,
                                                                                        "Output": [
                                                                                            "ci.id",
                                                                                            "ci.person_id",
                                                                                            "ci.movie_id",
                                                                                            "ci.person_role_id",
                                                                                            "ci.note",
                                                                                            "ci.nr_order",
                                                                                            "ci.role_id"
                                                                                        ],
                                                                                        "Recheck Cond": "(ci.person_id = n.id)",
                                                                                        "Rows Removed by Index Recheck": 0,
                                                                                        "Filter": "(ci.note = ANY ('{(voice),(uncredited),\"(executive producer)\",(voice)}'::text[]))",
                                                                                        "Rows Removed by Filter": 10,
                                                                                        "Exact Heap Blocks": 5678,
                                                                                        "Lossy Heap Blocks": 0,
                                                                                        "Plans": [
                                                                                            {
                                                                                                "Node Type": "Bitmap Index Scan",
                                                                                                "Parent Relationship": "Outer",
                                                                                                "Parallel Aware": false,
                                                                                                "Index Name": "person_id_cast_info",
                                                                                                "Startup Cost": 0.0,
                                                                                                "Total Cost": 12.39,
                                                                                                "Plan Rows": 510,
                                                                                                "Plan Width": 0,
                                                                                                "Actual Startup Time": 0.008,
                                                                                                "Actual Total Time": 0.008,
                                                                                                "Actual Rows": 11,
                                                                                                "Actual Loops": 4481,
                                                                                                "Index Cond": "(ci.person_id = n.id)"
                                                                                            }
                                                                                        ]
                                                                                    }
                                                                                ]
                                                                            },
                                                                            {
                                                                                "Node Type": "Bitmap Heap Scan",
                                                                                "Parent Relationship": "Inner",
                                                                                "Parallel Aware": false,
                                                                                "Relation Name": "role_type",
                                                                                "Schema": "public",
                                                                                "Alias": "rt",
                                                                                "Startup Cost": 0.14,
                                                                                "Total Cost": 4.16,
                                                                                "Plan Rows": 1,
                                                                                "Plan Width": 4,
                                                                                "Actual Startup Time": 0.002,
                                                                                "Actual Total Time": 0.002,
                                                                                "Actual Rows": 1,
                                                                                "Actual Loops": 4573,
                                                                                "Output": [
                                                                                    "rt.id",
                                                                                    "rt.role"
                                                                                ],
                                                                                "Recheck Cond": "(rt.id = ci.role_id)",
                                                                                "Rows Removed by Index Recheck": 0,
                                                                                "Filter": "((rt.role)::text = 'actress'::text)",
                                                                                "Rows Removed by Filter": 0,
                                                                                "Exact Heap Blocks": 4573,
                                                                                "Lossy Heap Blocks": 0,
                                                                                "Plans": [
                                                                                    {
                                                                                        "Node Type": "Bitmap Index Scan",
                                                                                        "Parent Relationship": "Outer",
                                                                                        "Parallel Aware": false,
                                                                                        "Index Name": "role_type_pkey",
                                                                                        "Startup Cost": 0.0,
                                                                                        "Total Cost": 0.14,
                                                                                        "Plan Rows": 1,
                                                                                        "Plan Width": 0,
                                                                                        "Actual Startup Time": 0.001,
                                                                                        "Actual Total Time": 0.001,
                                                                                        "Actual Rows": 1,
                                                                                        "Actual Loops": 4573,
                                                                                        "Index Cond": "(rt.id = ci.role_id)"
                                                                                    }
                                                                                ]
                                                                            }
                                                                        ]
                                                                    },
                                                                    {
                                                                        "Node Type": "Bitmap Heap Scan",
                                                                        "Parent Relationship": "Inner",
                                                                        "Parallel Aware": false,
                                                                        "Relation Name": "movie_companies",
                                                                        "Schema": "public",
                                                                        "Alias": "mc",
                                                                        "Startup Cost": 0.48,
                                                                        "Total Cost": 4.57,
                                                                        "Plan Rows": 1,
                                                                        "Plan Width": 8,
                                                                        "Actual Startup Time": 0.008,
                                                                        "Actual Total Time": 0.009,
                                                                        "Actual Rows": 1,
                                                                        "Actual Loops": 3156,
                                                                        "Output": [
                                                                            "mc.id",
                                                                            "mc.movie_id",
                                                                            "mc.company_id",
                                                                            "mc.company_type_id",
                                                                            "mc.note"
                                                                        ],
                                                                        "Recheck Cond": "(mc.movie_id = ci.movie_id)",
                                                                        "Rows Removed by Index Recheck": 0,
                                                                        "Filter": "((mc.note IS NOT NULL) AND ((mc.note ~~ '%(USA)%'::text) OR (mc.note ~~ '%(worldwide)%'::text)))",
                                                                        "Rows Removed by Filter": 3,
                                                                        "Exact Heap Blocks": 3908,
                                                                        "Lossy Heap Blocks": 0,
                                                                        "Plans": [
                                                                            {
                                                                                "Node Type": "Bitmap Index Scan",
                                                                                "Parent Relationship": "Outer",
                                                                                "Parallel Aware": false,
                                                                                "Index Name": "movie_id_movie_companies",
                                                                                "Startup Cost": 0.0,
                                                                                "Total Cost": 0.48,
                                                                                "Plan Rows": 5,
                                                                                "Plan Width": 0,
                                                                                "Actual Startup Time": 0.005,
                                                                                "Actual Total Time": 0.005,
                                                                                "Actual Rows": 4,
                                                                                "Actual Loops": 3156,
                                                                                "Index Cond": "(mc.movie_id = ci.movie_id)"
                                                                            }
                                                                        ]
                                                                    }
                                                                ]
                                                            },
                                                            {
                                                                "Node Type": "Bitmap Heap Scan",
                                                                "Parent Relationship": "Inner",
                                                                "Parallel Aware": false,
                                                                "Relation Name": "char_name",
                                                                "Schema": "public",
                                                                "Alias": "chn",
                                                                "Startup Cost": 0.45,
                                                                "Total Cost": 4.47,
                                                                "Plan Rows": 1,
                                                                "Plan Width": 4,
                                                                "Actual Startup Time": 0.006,
                                                                "Actual Total Time": 0.006,
                                                                "Actual Rows": 1,
                                                                "Actual Loops": 2477,
                                                                "Output": [
                                                                    "chn.id",
                                                                    "chn.name",
                                                                    "chn.imdb_index",
                                                                    "chn.imdb_id",
                                                                    "chn.name_pcode_nf",
                                                                    "chn.surname_pcode",
                                                                    "chn.md5sum"
                                                                ],
                                                                "Recheck Cond": "(chn.id = ci.person_role_id)",
                                                                "Rows Removed by Index Recheck": 0,
                                                                "Exact Heap Blocks": 2300,
                                                                "Lossy Heap Blocks": 0,
                                                                "Plans": [
                                                                    {
                                                                        "Node Type": "Bitmap Index Scan",
                                                                        "Parent Relationship": "Outer",
                                                                        "Parallel Aware": false,
                                                                        "Index Name": "char_name_pkey",
                                                                        "Startup Cost": 0.0,
                                                                        "Total Cost": 0.45,
                                                                        "Plan Rows": 1,
                                                                        "Plan Width": 0,
                                                                        "Actual Startup Time": 0.003,
                                                                        "Actual Total Time": 0.003,
                                                                        "Actual Rows": 1,
                                                                        "Actual Loops": 2477,
                                                                        "Index Cond": "(chn.id = ci.person_role_id)"
                                                                    }
                                                                ]
                                                            }
                                                        ]
                                                    },
                                                    {
                                                        "Node Type": "Bitmap Heap Scan",
                                                        "Parent Relationship": "Inner",
                                                        "Parallel Aware": false,
                                                        "Relation Name": "company_name",
                                                        "Schema": "public",
                                                        "Alias": "cn",
                                                        "Startup Cost": 0.44,
                                                        "Total Cost": 4.45,
                                                        "Plan Rows": 1,
                                                        "Plan Width": 4,
                                                        "Actual Startup Time": 0.004,
                                                        "Actual Total Time": 0.004,
                                                        "Actual Rows": 1,
                                                        "Actual Loops": 2300,
                                                        "Output": [
                                                            "cn.id",
                                                            "cn.name",
                                                            "cn.country_code",
                                                            "cn.imdb_id",
                                                            "cn.name_pcode_nf",
                                                            "cn.name_pcode_sf",
                                                            "cn.md5sum"
                                                        ],
                                                        "Recheck Cond": "(cn.id = mc.company_id)",
                                                        "Rows Removed by Index Recheck": 0,
                                                        "Filter": "((cn.country_code)::text = '[us]'::text)",
                                                        "Rows Removed by Filter": 0,
                                                        "Exact Heap Blocks": 2300,
                                                        "Lossy Heap Blocks": 0,
                                                        "Plans": [
                                                            {
                                                                "Node Type": "Bitmap Index Scan",
                                                                "Parent Relationship": "Outer",
                                                                "Parallel Aware": false,
                                                                "Index Name": "company_name_pkey",
                                                                "Startup Cost": 0.0,
                                                                "Total Cost": 0.44,
                                                                "Plan Rows": 1,
                                                                "Plan Width": 0,
                                                                "Actual Startup Time": 0.002,
                                                                "Actual Total Time": 0.002,
                                                                "Actual Rows": 1,
                                                                "Actual Loops": 2300,
                                                                "Index Cond": "(cn.id = mc.company_id)"
                                                            }
                                                        ]
                                                    }
                                                ]
                                            },
                                            {
                                                "Node Type": "Bitmap Heap Scan",
                                                "Parent Relationship": "Inner",
                                                "Parallel Aware": false,
                                                "Relation Name": "movie_info",
                                                "Schema": "public",
                                                "Alias": "mi",
                                                "Startup Cost": 0.8,
                                                "Total Cost": 5.48,
                                                "Plan Rows": 1,
                                                "Plan Width": 8,
                                                "Actual Startup Time": 0.041,
                                                "Actual Total Time": 0.053,
                                                "Actual Rows": 1,
                                                "Actual Loops": 2227,
                                                "Output": [
                                                    "mi.id",
                                                    "mi.movie_id",
                                                    "mi.info_type_id",
                                                    "mi.info",
                                                    "mi.note"
                                                ],
                                                "Recheck Cond": "(mi.movie_id = ci.movie_id)",
                                                "Rows Removed by Index Recheck": 0,
                                                "Filter": "((mi.info IS NOT NULL) AND ((mi.info ~~ 'Japan:%200%'::text) OR (mi.info ~~ 'USA:%200%'::text)))",
                                                "Rows Removed by Filter": 102,
                                                "Exact Heap Blocks": 35556,
                                                "Lossy Heap Blocks": 0,
                                                "Plans": [
                                                    {
                                                        "Node Type": "Bitmap Index Scan",
                                                        "Parent Relationship": "Outer",
                                                        "Parallel Aware": false,
                                                        "Index Name": "movie_id_movie_info",
                                                        "Startup Cost": 0.0,
                                                        "Total Cost": 0.8,
                                                        "Plan Rows": 39,
                                                        "Plan Width": 0,
                                                        "Actual Startup Time": 0.008,
                                                        "Actual Total Time": 0.008,
                                                        "Actual Rows": 102,
                                                        "Actual Loops": 2227,
                                                        "Index Cond": "(mi.movie_id = ci.movie_id)"
                                                    }
                                                ]
                                            }
                                        ]
                                    },
                                    {
                                        "Node Type": "Bitmap Heap Scan",
                                        "Parent Relationship": "Inner",
                                        "Parallel Aware": false,
                                        "Relation Name": "info_type",
                                        "Schema": "public",
                                        "Alias": "it",
                                        "Startup Cost": 0.15,
                                        "Total Cost": 4.17,
                                        "Plan Rows": 1,
                                        "Plan Width": 4,
                                        "Actual Startup Time": 0.002,
                                        "Actual Total Time": 0.002,
                                        "Actual Rows": 1,
                                        "Actual Loops": 1374,
                                        "Output": [
                                            "it.id",
                                            "it.info"
                                        ],
                                        "Recheck Cond": "(it.id = mi.info_type_id)",
                                        "Rows Removed by Index Recheck": 0,
                                        "Filter": "((it.info)::text = 'release dates'::text)",
                                        "Rows Removed by Filter": 0,
                                        "Exact Heap Blocks": 1374,
                                        "Lossy Heap Blocks": 0,
                                        "Plans": [
                                            {
                                                "Node Type": "Bitmap Index Scan",
                                                "Parent Relationship": "Outer",
                                                "Parallel Aware": false,
                                                "Index Name": "info_type_pkey",
                                                "Startup Cost": 0.0,
                                                "Total Cost": 0.15,
                                                "Plan Rows": 1,
                                                "Plan Width": 0,
                                                "Actual Startup Time": 0.001,
                                                "Actual Total Time": 0.001,
                                                "Actual Rows": 1,
                                                "Actual Loops": 1374,
                                                "Index Cond": "(it.id = mi.info_type_id)"
                                            }
                                        ]
                                    }
                                ]
                            },
                            {
                                "Node Type": "Bitmap Heap Scan",
                                "Parent Relationship": "Inner",
                                "Parallel Aware": false,
                                "Relation Name": "title",
                                "Schema": "public",
                                "Alias": "t",
                                "Startup Cost": 0.45,
                                "Total Cost": 4.47,
                                "Plan Rows": 1,
                                "Plan Width": 21,
                                "Actual Startup Time": 0.005,
                                "Actual Total Time": 0.005,
                                "Actual Rows": 1,
                                "Actual Loops": 1374,
                                "Output": [
                                    "t.id",
                                    "t.title",
                                    "t.imdb_index",
                                    "t.kind_id",
                                    "t.production_year",
                                    "t.imdb_id",
                                    "t.phonetic_code",
                                    "t.episode_of_id",
                                    "t.season_nr",
                                    "t.episode_nr",
                                    "t.series_years",
                                    "t.md5sum"
                                ],
                                "Recheck Cond": "(t.id = ci.movie_id)",
                                "Rows Removed by Index Recheck": 0,
                                "Filter": "((t.production_year >= 2002) AND (t.production_year <= 2011))",
                                "Rows Removed by Filter": 0,
                                "Exact Heap Blocks": 1374,
                                "Lossy Heap Blocks": 0,
                                "Plans": [
                                    {
                                        "Node Type": "Bitmap Index Scan",
                                        "Parent Relationship": "Outer",
                                        "Parallel Aware": false,
                                        "Index Name": "title_pkey",
                                        "Startup Cost": 0.0,
                                        "Total Cost": 0.45,
                                        "Plan Rows": 1,
                                        "Plan Width": 0,
                                        "Actual Startup Time": 0.003,
                                        "Actual Total Time": 0.003,
                                        "Actual Rows": 1,
                                        "Actual Loops": 1374,
                                        "Index Cond": "(t.id = ci.movie_id)"
                                    }
                                ]
                            }
                        ]
                    },
                    {
                        "Node Type": "Bitmap Heap Scan",
                        "Parent Relationship": "Inner",
                        "Parallel Aware": false,
                        "Relation Name": "aka_name",
                        "Schema": "public",
                        "Alias": "an",
                        "Startup Cost": 0.44,
                        "Total Cost": 4.47,
                        "Plan Rows": 2,
                        "Plan Width": 4,
                        "Actual Startup Time": 0.004,
                        "Actual Total Time": 0.004,
                        "Actual Rows": 4,
                        "Actual Loops": 1201,
                        "Output": [
                            "an.id",
                            "an.person_id",
                            "an.name",
                            "an.imdb_index",
                            "an.name_pcode_cf",
                            "an.name_pcode_nf",
                            "an.surname_pcode",
                            "an.md5sum"
                        ],
                        "Recheck Cond": "(an.person_id = ci.person_id)",
                        "Rows Removed by Index Recheck": 0,
                        "Exact Heap Blocks": 886,
                        "Lossy Heap Blocks": 0,
                        "Plans": [
                            {
                                "Node Type": "Bitmap Index Scan",
                                "Parent Relationship": "Outer",
                                "Parallel Aware": false,
                                "Index Name": "person_id_aka_name",
                                "Startup Cost": 0.0,
                                "Total Cost": 0.44,
                                "Plan Rows": 2,
                                "Plan Width": 0,
                                "Actual Startup Time": 0.003,
                                "Actual Total Time": 0.003,
                                "Actual Rows": 4,
                                "Actual Loops": 1201,
                                "Index Cond": "(an.person_id = ci.person_id)"
                            }
                        ]
                    }
                ]
            }
        ]
    },
    "Planning Time": 25.681,
    "Triggers": [],
    "Execution Time": 1835.065
}