[
  {
    "Plan": {
      "Node Type": "Aggregate",
      "Strategy": "Plain",
      "Partial Mode": "Finalize",
      "Parallel Aware": false,
      "Startup Cost": 255806.21,
      "Total Cost": 255806.22,
      "Plan Rows": 1,
      "Plan Width": 8,
      "Actual Startup Time": 686.62,
      "Actual Total Time": 703.118,
      "Actual Rows": 1,
      "Actual Loops": 1,
      "Plans": [
        {
          "Node Type": "Gather",
          "Parent Relationship": "Outer",
          "Parallel Aware": false,
          "Startup Cost": 255805.89,
          "Total Cost": 255806.2,
          "Plan Rows": 3,
          "Plan Width": 8,
          "Actual Startup Time": 680.031,
          "Actual Total Time": 703.11,
          "Actual Rows": 4,
          "Actual Loops": 1,
          "Workers Planned": 3,
          "Workers Launched": 3,
          "Single Copy": false,
          "Plans": [
            {
              "Node Type": "Aggregate",
              "Strategy": "Plain",
              "Partial Mode": "Partial",
              "Parent Relationship": "Outer",
              "Parallel Aware": false,
              "Startup Cost": 254805.89,
              "Total Cost": 254805.9,
              "Plan Rows": 1,
              "Plan Width": 8,
              "Actual Startup Time": 669.995,
              "Actual Total Time": 670.0,
              "Actual Rows": 1,
              "Actual Loops": 4,
              "Plans": [
                {
                  "Node Type": "Hash Join",
                  "Parent Relationship": "Outer",
                  "Parallel Aware": true,
                  "Join Type": "Inner",
                  "Startup Cost": 222342.0,
                  "Total Cost": 254569.61,
                  "Plan Rows": 94510,
                  "Plan Width": 0,
                  "Actual Startup Time": 383.2,
                  "Actual Total Time": 613.588,
                  "Actual Rows": 1443496,
                  "Actual Loops": 4,
                  "Inner Unique": false,
                  "Hash Cond": "(mc.movie_id = t.id)",
                  "Plans": [
                    {
                      "Node Type": "Seq Scan",
                      "Parent Relationship": "Outer",
                      "Parallel Aware": true,
                      "Relation Name": "movie_companies",
                      "Alias": "mc",
                      "Startup Cost": 0.0,
                      "Total Cost": 29310.68,
                      "Plan Rows": 727442,
                      "Plan Width": 4,
                      "Actual Startup Time": 0.02,
                      "Actual Total Time": 69.469,
                      "Actual Rows": 563124,
                      "Actual Loops": 4,
                      "Filter": "(company_id < 87517)",
                      "Rows Removed by Filter": 89158
                    },
                    {
                      "Node Type": "Hash",
                      "Parent Relationship": "Inner",
                      "Parallel Aware": true,
                      "Startup Cost": 221520.82,
                      "Total Cost": 221520.82,
                      "Plan Rows": 65695,
                      "Plan Width": 8,
                      "Actual Startup Time": 380.039,
                      "Actual Total Time": 380.043,
                      "Actual Rows": 100860,
                      "Actual Loops": 4,
                      "Hash Buckets": 524288,
                      "Original Hash Buckets": 524288,
                      "Hash Batches": 1,
                      "Original Hash Batches": 1,
                      "Peak Memory Usage": 19968,
                      "Plans": [
                        {
                          "Node Type": "Hash Join",
                          "Parent Relationship": "Outer",
                          "Parallel Aware": true,
                          "Join Type": "Inner",
                          "Startup Cost": 58053.53,
                          "Total Cost": 221520.82,
                          "Plan Rows": 65695,
                          "Plan Width": 8,
                          "Actual Startup Time": 304.012,
                          "Actual Total Time": 354.504,
                          "Actual Rows": 100860,
                          "Actual Loops": 4,
                          "Inner Unique": true,
                          "Hash Cond": "(mi.movie_id = t.id)",
                          "Plans": [
                            {
                              "Node Type": "Bitmap Heap Scan",
                              "Parent Relationship": "Outer",
                              "Parallel Aware": true,
                              "Relation Name": "movie_info",
                              "Alias": "mi",
                              "Startup Cost": 8829.54,
                              "Total Cost": 172040.96,
                              "Plan Rows": 97474,
                              "Plan Width": 4,
                              "Actual Startup Time": 17.879,
                              "Actual Total Time": 37.639,
                              "Actual Rows": 116409,
                              "Actual Loops": 4,
                              "Recheck Cond": "(info_type_id > 103)",
                              "Rows Removed by Index Recheck": 0,
                              "Exact Heap Blocks": 1670,
                              "Lossy Heap Blocks": 0,
                              "Plans": [
                                {
                                  "Node Type": "Bitmap Index Scan",
                                  "Parent Relationship": "Outer",
                                  "Parallel Aware": false,
                                  "Index Name": "info_type_id_movie_info",
                                  "Startup Cost": 0.0,
                                  "Total Cost": 8707.69,
                                  "Plan Rows": 487368,
                                  "Plan Width": 0,
                                  "Actual Startup Time": 17.05,
                                  "Actual Total Time": 17.05,
                                  "Actual Rows": 465636,
                                  "Actual Loops": 1,
                                  "Index Cond": "(info_type_id > 103)"
                                }
                              ]
                            },
                            {
                              "Node Type": "Hash",
                              "Parent Relationship": "Inner",
                              "Parallel Aware": true,
                              "Startup Cost": 43898.92,
                              "Total Cost": 43898.92,
                              "Plan Rows": 426006,
                              "Plan Width": 4,
                              "Actual Startup Time": 275.935,
                              "Actual Total Time": 275.936,
                              "Actual Rows": 425079,
                              "Actual Loops": 4,
                              "Hash Buckets": 2097152,
                              "Original Hash Buckets": 2097152,
                              "Hash Batches": 1,
                              "Original Hash Batches": 1,
                              "Peak Memory Usage": 82976,
                              "Plans": [
                                {
                                  "Node Type": "Seq Scan",
                                  "Parent Relationship": "Outer",
                                  "Parallel Aware": true,
                                  "Relation Name": "title",
                                  "Alias": "t",
                                  "Startup Cost": 0.0,
                                  "Total Cost": 43898.92,
                                  "Plan Rows": 426006,
                                  "Plan Width": 4,
                                  "Actual Startup Time": 0.046,
                                  "Actual Total Time": 112.177,
                                  "Actual Rows": 425079,
                                  "Actual Loops": 4,
                                  "Filter": "(production_year > 1992)",
                                  "Rows Removed by Filter": 206999
                                }
                              ]
                            }
                          ]
                        }
                      ]
                    }
                  ]
                }
              ]
            }
          ]
        }
      ]
    },
    "Planning Time": 1.434,
    "Triggers": [],
    "Execution Time": 703.248
  }
]