[
  {
    "Plan": {
      "Node Type": "Aggregate",
      "Strategy": "Plain",
      "Partial Mode": "Finalize",
      "Parallel Aware": false,
      "Startup Cost": 96190.67,
      "Total Cost": 96190.68,
      "Plan Rows": 1,
      "Plan Width": 8,
      "Actual Startup Time": 466.471,
      "Actual Total Time": 484.345,
      "Actual Rows": 1,
      "Actual Loops": 1,
      "Plans": [
        {
          "Node Type": "Gather",
          "Parent Relationship": "Outer",
          "Parallel Aware": false,
          "Startup Cost": 96190.35,
          "Total Cost": 96190.66,
          "Plan Rows": 3,
          "Plan Width": 8,
          "Actual Startup Time": 459.148,
          "Actual Total Time": 484.335,
          "Actual Rows": 4,
          "Actual Loops": 1,
          "Workers Planned": 3,
          "Workers Launched": 3,
          "Single Copy": false,
          "Plans": [
            {
              "Node Type": "Aggregate",
              "Strategy": "Plain",
              "Partial Mode": "Partial",
              "Parent Relationship": "Outer",
              "Parallel Aware": false,
              "Startup Cost": 95190.35,
              "Total Cost": 95190.36,
              "Plan Rows": 1,
              "Plan Width": 8,
              "Actual Startup Time": 447.019,
              "Actual Total Time": 447.022,
              "Actual Rows": 1,
              "Actual Loops": 4,
              "Plans": [
                {
                  "Node Type": "Hash Join",
                  "Parent Relationship": "Outer",
                  "Parallel Aware": true,
                  "Join Type": "Inner",
                  "Startup Cost": 49580.49,
                  "Total Cost": 94226.25,
                  "Plan Rows": 385641,
                  "Plan Width": 0,
                  "Actual Startup Time": 255.303,
                  "Actual Total Time": 443.939,
                  "Actual Rows": 69766,
                  "Actual Loops": 4,
                  "Inner Unique": true,
                  "Hash Cond": "(mk.movie_id = t.id)",
                  "Plans": [
                    {
                      "Node Type": "Seq Scan",
                      "Parent Relationship": "Outer",
                      "Parallel Aware": true,
                      "Relation Name": "movie_keyword",
                      "Alias": "mk",
                      "Startup Cost": 0.0,
                      "Total Cost": 42695.65,
                      "Plan Rows": 742899,
                      "Plan Width": 4,
                      "Actual Startup Time": 0.028,
                      "Actual Total Time": 109.909,
                      "Actual Rows": 576982,
                      "Actual Loops": 4,
                      "Filter": "(keyword_id < 4959)",
                      "Rows Removed by Filter": 554000
                    },
                    {
                      "Node Type": "Hash",
                      "Parent Relationship": "Inner",
                      "Parallel Aware": true,
                      "Startup Cost": 45479.1,
                      "Total Cost": 45479.1,
                      "Plan Rows": 328111,
                      "Plan Width": 4,
                      "Actual Startup Time": 247.397,
                      "Actual Total Time": 247.398,
                      "Actual Rows": 347881,
                      "Actual Loops": 4,
                      "Hash Buckets": 2097152,
                      "Original Hash Buckets": 2097152,
                      "Hash Batches": 1,
                      "Original Hash Batches": 1,
                      "Peak Memory Usage": 70912,
                      "Plans": [
                        {
                          "Node Type": "Seq Scan",
                          "Parent Relationship": "Outer",
                          "Parallel Aware": true,
                          "Relation Name": "title",
                          "Alias": "t",
                          "Startup Cost": 0.0,
                          "Total Cost": 45479.1,
                          "Plan Rows": 328111,
                          "Plan Width": 4,
                          "Actual Startup Time": 0.043,
                          "Actual Total Time": 111.989,
                          "Actual Rows": 347881,
                          "Actual Loops": 4,
                          "Filter": "((production_year > 1965) AND (kind_id = 7))",
                          "Rows Removed by Filter": 284197
                        }
                      ]
                    }
                  ]
                }
              ]
            }
          ]
        }
      ]
    },
    "Planning Time": 0.612,
    "Triggers": [],
    "Execution Time": 484.411
  }
]