[
  {
    "Plan": {
      "Node Type": "Aggregate",
      "Strategy": "Plain",
      "Partial Mode": "Finalize",
      "Parallel Aware": false,
      "Startup Cost": 33127.56,
      "Total Cost": 33127.57,
      "Plan Rows": 1,
      "Plan Width": 8,
      "Actual Startup Time": 88.208,
      "Actual Total Time": 96.165,
      "Actual Rows": 1,
      "Actual Loops": 1,
      "Plans": [
        {
          "Node Type": "Gather",
          "Parent Relationship": "Outer",
          "Parallel Aware": false,
          "Startup Cost": 33127.24,
          "Total Cost": 33127.55,
          "Plan Rows": 3,
          "Plan Width": 8,
          "Actual Startup Time": 88.033,
          "Actual Total Time": 96.155,
          "Actual Rows": 4,
          "Actual Loops": 1,
          "Workers Planned": 3,
          "Workers Launched": 3,
          "Single Copy": false,
          "Plans": [
            {
              "Node Type": "Aggregate",
              "Strategy": "Plain",
              "Partial Mode": "Partial",
              "Parent Relationship": "Outer",
              "Parallel Aware": false,
              "Startup Cost": 32127.24,
              "Total Cost": 32127.25,
              "Plan Rows": 1,
              "Plan Width": 8,
              "Actual Startup Time": 81.365,
              "Actual Total Time": 81.366,
              "Actual Rows": 1,
              "Actual Loops": 4,
              "Plans": [
                {
                  "Node Type": "Seq Scan",
                  "Parent Relationship": "Outer",
                  "Parallel Aware": true,
                  "Relation Name": "movie_companies",
                  "Alias": "mc",
                  "Startup Cost": 0.0,
                  "Total Cost": 31414.82,
                  "Plan Rows": 284970,
                  "Plan Width": 0,
                  "Actual Startup Time": 0.447,
                  "Actual Total Time": 72.863,
                  "Actual Rows": 176196,
                  "Actual Loops": 4,
                  "Filter": "((company_id > 1764) AND (company_type_id = 1))",
                  "Rows Removed by Filter": 476086
                }
              ]
            }
          ]
        }
      ]
    },
    "Planning Time": 0.227,
    "Triggers": [],
    "Execution Time": 96.221
  }
]