{
  "Plan": {
    "Node Type": "Aggregate",
    "Strategy": "Plain",
    "Partial Mode": "Finalize",
    "Parallel Aware": false,
    "Startup Cost": 156097.0,
    "Total Cost": 156097.01,
    "Plan Rows": 1,
    "Plan Width": 8,
    "Actual Startup Time": 529.478,
    "Actual Total Time": 577.947,
    "Actual Rows": 1,
    "Actual Loops": 1,
    "Plans": [
      {
        "Node Type": "Gather",
        "Parent Relationship": "Outer",
        "Parallel Aware": false,
        "Startup Cost": 156096.89,
        "Total Cost": 156097.0,
        "Plan Rows": 1,
        "Plan Width": 8,
        "Actual Startup Time": 528.368,
        "Actual Total Time": 577.938,
        "Actual Rows": 2,
        "Actual Loops": 1,
        "Workers Planned": 1,
        "Workers Launched": 1,
        "Single Copy": false,
        "Plans": [
          {
            "Node Type": "Aggregate",
            "Strategy": "Plain",
            "Partial Mode": "Partial",
            "Parent Relationship": "Outer",
            "Parallel Aware": false,
            "Startup Cost": 155096.89,
            "Total Cost": 155096.9,
            "Plan Rows": 1,
            "Plan Width": 8,
            "Actual Startup Time": 522.439,
            "Actual Total Time": 522.443,
            "Actual Rows": 1,
            "Actual Loops": 2,
            "Plans": [
              {
                "Node Type": "Nested Loop",
                "Parent Relationship": "Outer",
                "Parallel Aware": false,
                "Join Type": "Inner",
                "Startup Cost": 55774.27,
                "Total Cost": 155017.39,
                "Plan Rows": 31799,
                "Plan Width": 0,
                "Actual Startup Time": 181.134,
                "Actual Total Time": 518.896,
                "Actual Rows": 54491,
                "Actual Loops": 2,
                "Inner Unique": false,
                "Join Filter": "(t.id = mi.movie_id)",
                "Rows Removed by Join Filter": 0,
                "Plans": [
                  {
                    "Node Type": "Hash Join",
                    "Parent Relationship": "Outer",
                    "Parallel Aware": true,
                    "Join Type": "Inner",
                    "Startup Cost": 55773.84,
                    "Total Cost": 75285.09,
                    "Plan Rows": 34712,
                    "Plan Width": 8,
                    "Actual Startup Time": 180.926,
                    "Actual Total Time": 305.919,
                    "Actual Rows": 20686,
                    "Actual Loops": 2,
                    "Inner Unique": true,
                    "Hash Cond": "(mi_idx.movie_id = t.id)",
                    "Plans": [
                      {
                        "Node Type": "Seq Scan",
                        "Parent Relationship": "Outer",
                        "Parallel Aware": true,
                        "Relation Name": "movie_info_idx",
                        "Alias": "mi_idx",
                        "Startup Cost": 0.0,
                        "Total Cost": 18082.32,
                        "Plan Rows": 544356,
                        "Plan Width": 4,
                        "Actual Startup Time": 0.023,
                        "Actual Total Time": 65.349,
                        "Actual Rows": 460055,
                        "Actual Loops": 2,
                        "Filter": "(info_type_id > 99)",
                        "Rows Removed by Filter": 229962
                      },
                      {
                        "Node Type": "Hash",
                        "Parent Relationship": "Inner",
                        "Parallel Aware": true,
                        "Startup Cost": 54588.39,
                        "Total Cost": 54588.39,
                        "Plan Rows": 94836,
                        "Plan Width": 4,
                        "Actual Startup Time": 177.078,
                        "Actual Total Time": 177.078,
                        "Actual Rows": 80008,
                        "Actual Loops": 2,
                        "Hash Buckets": 262144,
                        "Original Hash Buckets": 262144,
                        "Hash Batches": 1,
                        "Original Hash Batches": 1,
                        "Peak Memory Usage": 8352,
                        "Plans": [
                          {
                            "Node Type": "Seq Scan",
                            "Parent Relationship": "Outer",
                            "Parallel Aware": true,
                            "Relation Name": "title",
                            "Alias": "t",
                            "Startup Cost": 0.0,
                            "Total Cost": 54588.39,
                            "Plan Rows": 94836,
                            "Plan Width": 4,
                            "Actual Startup Time": 0.033,
                            "Actual Total Time": 153.118,
                            "Actual Rows": 80008,
                            "Actual Loops": 2,
                            "Filter": "(production_year = 2011)",
                            "Rows Removed by Filter": 1184148
                          }
                        ]
                      }
                    ]
                  },
                  {
                    "Node Type": "Index Scan",
                    "Parent Relationship": "Inner",
                    "Parallel Aware": false,
                    "Scan Direction": "Forward",
                    "Index Name": "movie_id_movie_info",
                    "Relation Name": "movie_info",
                    "Alias": "mi",
                    "Startup Cost": 0.43,
                    "Total Cost": 2.21,
                    "Plan Rows": 7,
                    "Plan Width": 4,
                    "Actual Startup Time": 0.006,
                    "Actual Total Time": 0.01,
                    "Actual Rows": 3,
                    "Actual Loops": 41372,
                    "Index Cond": "(movie_id = mi_idx.movie_id)",
                    "Rows Removed by Index Recheck": 0,
                    "Filter": "(info_type_id > 16)",
                    "Rows Removed by Filter": 10
                  }
                ]
              }
            ]
          }
        ]
      }
    ]
  },
  "Planning Time": 0.958,
  "Triggers": [],
  "Execution Time": 578.045
}