{
  "Plan": {
    "Node Type": "Aggregate",
    "Strategy": "Plain",
    "Partial Mode": "Finalize",
    "Parallel Aware": false,
    "Startup Cost": 112884.56,
    "Total Cost": 112884.57,
    "Plan Rows": 1,
    "Plan Width": 8,
    "Actual Startup Time": 724.685,
    "Actual Total Time": 746.844,
    "Actual Rows": 1,
    "Actual Loops": 1,
    "Plans": [
      {
        "Node Type": "Gather",
        "Parent Relationship": "Outer",
        "Parallel Aware": false,
        "Startup Cost": 112884.45,
        "Total Cost": 112884.56,
        "Plan Rows": 1,
        "Plan Width": 8,
        "Actual Startup Time": 718.054,
        "Actual Total Time": 746.835,
        "Actual Rows": 2,
        "Actual Loops": 1,
        "Workers Planned": 1,
        "Workers Launched": 1,
        "Single Copy": false,
        "Plans": [
          {
            "Node Type": "Aggregate",
            "Strategy": "Plain",
            "Partial Mode": "Partial",
            "Parent Relationship": "Outer",
            "Parallel Aware": false,
            "Startup Cost": 111884.45,
            "Total Cost": 111884.46,
            "Plan Rows": 1,
            "Plan Width": 8,
            "Actual Startup Time": 708.636,
            "Actual Total Time": 708.64,
            "Actual Rows": 1,
            "Actual Loops": 2,
            "Plans": [
              {
                "Node Type": "Hash Join",
                "Parent Relationship": "Outer",
                "Parallel Aware": true,
                "Join Type": "Inner",
                "Startup Cost": 81531.04,
                "Total Cost": 111047.66,
                "Plan Rows": 334718,
                "Plan Width": 0,
                "Actual Startup Time": 539.422,
                "Actual Total Time": 695.926,
                "Actual Rows": 291726,
                "Actual Loops": 2,
                "Inner Unique": true,
                "Hash Cond": "(mk.movie_id = t.id)",
                "Plans": [
                  {
                    "Node Type": "Bitmap Heap Scan",
                    "Parent Relationship": "Outer",
                    "Parallel Aware": true,
                    "Relation Name": "movie_keyword",
                    "Alias": "mk",
                    "Startup Cost": 12070.35,
                    "Total Cost": 40708.32,
                    "Plan Rows": 334718,
                    "Plan Width": 4,
                    "Actual Startup Time": 29.289,
                    "Actual Total Time": 97.567,
                    "Actual Rows": 291726,
                    "Actual Loops": 2,
                    "Recheck Cond": "(keyword_id < 414)",
                    "Rows Removed by Index Recheck": 0,
                    "Exact Heap Blocks": 13554,
                    "Lossy Heap Blocks": 0,
                    "Plans": [
                      {
                        "Node Type": "Bitmap Index Scan",
                        "Parent Relationship": "Outer",
                        "Parallel Aware": false,
                        "Index Name": "keyword_id_movie_keyword",
                        "Startup Cost": 0.0,
                        "Total Cost": 11928.09,
                        "Plan Rows": 569021,
                        "Plan Width": 0,
                        "Actual Startup Time": 25.705,
                        "Actual Total Time": 25.706,
                        "Actual Rows": 583452,
                        "Actual Loops": 1,
                        "Index Cond": "(keyword_id < 414)"
                      }
                    ]
                  },
                  {
                    "Node Type": "Hash",
                    "Parent Relationship": "Inner",
                    "Parallel Aware": true,
                    "Startup Cost": 50870.31,
                    "Total Cost": 50870.31,
                    "Plan Rows": 1487231,
                    "Plan Width": 4,
                    "Actual Startup Time": 492.109,
                    "Actual Total Time": 492.11,
                    "Actual Rows": 1264156,
                    "Actual Loops": 2,
                    "Hash Buckets": 4194304,
                    "Original Hash Buckets": 4194304,
                    "Hash Batches": 1,
                    "Original Hash Batches": 1,
                    "Peak Memory Usage": 131712,
                    "Plans": [
                      {
                        "Node Type": "Seq Scan",
                        "Parent Relationship": "Outer",
                        "Parallel Aware": true,
                        "Relation Name": "title",
                        "Alias": "t",
                        "Startup Cost": 0.0,
                        "Total Cost": 50870.31,
                        "Plan Rows": 1487231,
                        "Plan Width": 4,
                        "Actual Startup Time": 0.025,
                        "Actual Total Time": 151.517,
                        "Actual Rows": 1264156,
                        "Actual Loops": 2
                      }
                    ]
                  }
                ]
              }
            ]
          }
        ]
      }
    ]
  },
  "Planning Time": 0.579,
  "Triggers": [],
  "Execution Time": 746.899
}