{
  "Plan": {
    "Node Type": "Aggregate",
    "Strategy": "Plain",
    "Partial Mode": "Simple",
    "Parallel Aware": false,
    "Startup Cost": 513821.96,
    "Total Cost": 513821.97,
    "Plan Rows": 1,
    "Plan Width": 96,
    "Actual Startup Time": 3638.051,
    "Actual Total Time": 3638.193,
    "Actual Rows": 1,
    "Actual Loops": 1,
    "Plans": [
      {
        "Node Type": "Hash Join",
        "Parent Relationship": "Outer",
        "Parallel Aware": false,
        "Join Type": "Inner",
        "Startup Cost": 506507.54,
        "Total Cost": 513821.95,
        "Plan Rows": 1,
        "Plan Width": 48,
        "Actual Startup Time": 3590.205,
        "Actual Total Time": 3638.014,
        "Actual Rows": 1410,
        "Actual Loops": 1,
        "Inner Unique": true,
        "Hash Cond": "(ml.link_type_id = lt.id)",
        "Plans": [
          {
            "Node Type": "Hash Join",
            "Parent Relationship": "Outer",
            "Parallel Aware": false,
            "Join Type": "Inner",
            "Startup Cost": 506506.3,
            "Total Cost": 513820.71,
            "Plan Rows": 1,
            "Plan Width": 40,
            "Actual Startup Time": 3590.061,
            "Actual Total Time": 3637.696,
            "Actual Rows": 1410,
            "Actual Loops": 1,
            "Inner Unique": false,
            "Hash Cond": "(cn.id = mc.company_id)",
            "Plans": [
              {
                "Node Type": "Seq Scan",
                "Parent Relationship": "Outer",
                "Parallel Aware": false,
                "Relation Name": "company_name",
                "Alias": "cn",
                "Startup Cost": 0.0,
                "Total Cost": 7107.45,
                "Plan Rows": 55187,
                "Plan Width": 23,
                "Actual Startup Time": 0.05,
                "Actual Total Time": 45.621,
                "Actual Rows": 48302,
                "Actual Loops": 1,
                "Filter": "(((country_code)::text <> '[pl]'::text) AND ((name ~~ '%Film%'::text) OR (name ~~ '%Warner%'::text)))",
                "Rows Removed by Filter": 186695
              },
              {
                "Node Type": "Hash",
                "Parent Relationship": "Inner",
                "Parallel Aware": false,
                "Startup Cost": 506506.29,
                "Total Cost": 506506.29,
                "Plan Rows": 1,
                "Plan Width": 25,
                "Actual Startup Time": 3588.45,
                "Actual Total Time": 3588.588,
                "Actual Rows": 3029,
                "Actual Loops": 1,
                "Hash Buckets": 4096,
                "Original Hash Buckets": 1024,
                "Hash Batches": 1,
                "Original Hash Batches": 1,
                "Peak Memory Usage": 197,
                "Plans": [
                  {
                    "Node Type": "Hash Join",
                    "Parent Relationship": "Outer",
                    "Parallel Aware": false,
                    "Join Type": "Inner",
                    "Startup Cost": 429171.04,
                    "Total Cost": 506506.29,
                    "Plan Rows": 1,
                    "Plan Width": 25,
                    "Actual Startup Time": 3203.845,
                    "Actual Total Time": 3587.991,
                    "Actual Rows": 3029,
                    "Actual Loops": 1,
                    "Inner Unique": false,
                    "Hash Cond": "(t.id = ml.movie_id)",
                    "Plans": [
                      {
                        "Node Type": "Seq Scan",
                        "Parent Relationship": "Outer",
                        "Parallel Aware": false,
                        "Relation Name": "title",
                        "Alias": "t",
                        "Startup Cost": 0.0,
                        "Total Cost": 73925.64,
                        "Plan Rows": 909227,
                        "Plan Width": 21,
                        "Actual Startup Time": 0.042,
                        "Actual Total Time": 337.744,
                        "Actual Rows": 910581,
                        "Actual Loops": 1,
                        "Filter": "((production_year >= 1950) AND (production_year <= 2000))",
                        "Rows Removed by Filter": 1617731
                      },
                      {
                        "Node Type": "Hash",
                        "Parent Relationship": "Inner",
                        "Parallel Aware": false,
                        "Startup Cost": 429171.02,
                        "Total Cost": 429171.02,
                        "Plan Rows": 2,
                        "Plan Width": 24,
                        "Actual Startup Time": 3194.184,
                        "Actual Total Time": 3194.32,
                        "Actual Rows": 4198,
                        "Actual Loops": 1,
                        "Hash Buckets": 8192,
                        "Original Hash Buckets": 1024,
                        "Hash Batches": 1,
                        "Original Hash Batches": 1,
                        "Peak Memory Usage": 294,
                        "Plans": [
                          {
                            "Node Type": "Hash Join",
                            "Parent Relationship": "Outer",
                            "Parallel Aware": false,
                            "Join Type": "Inner",
                            "Startup Cost": 429169.93,
                            "Total Cost": 429171.02,
                            "Plan Rows": 2,
                            "Plan Width": 24,
                            "Actual Startup Time": 3193.086,
                            "Actual Total Time": 3193.626,
                            "Actual Rows": 4198,
                            "Actual Loops": 1,
                            "Inner Unique": false,
                            "Hash Cond": "(ct.id = mc.company_type_id)",
                            "Plans": [
                              {
                                "Node Type": "Seq Scan",
                                "Parent Relationship": "Outer",
                                "Parallel Aware": false,
                                "Relation Name": "company_type",
                                "Alias": "ct",
                                "Startup Cost": 0.0,
                                "Total Cost": 1.05,
                                "Plan Rows": 1,
                                "Plan Width": 4,
                                "Actual Startup Time": 0.047,
                                "Actual Total Time": 0.05,
                                "Actual Rows": 1,
                                "Actual Loops": 1,
                                "Filter": "((kind)::text = 'production companies'::text)",
                                "Rows Removed by Filter": 3
                              },
                              {
                                "Node Type": "Hash",
                                "Parent Relationship": "Inner",
                                "Parallel Aware": false,
                                "Startup Cost": 429169.81,
                                "Total Cost": 429169.81,
                                "Plan Rows": 10,
                                "Plan Width": 28,
                                "Actual Startup Time": 3193.005,
                                "Actual Total Time": 3193.139,
                                "Actual Rows": 4365,
                                "Actual Loops": 1,
                                "Hash Buckets": 8192,
                                "Original Hash Buckets": 1024,
                                "Hash Batches": 1,
                                "Original Hash Batches": 1,
                                "Peak Memory Usage": 320,
                                "Plans": [
                                  {
                                    "Node Type": "Hash Join",
                                    "Parent Relationship": "Outer",
                                    "Parallel Aware": false,
                                    "Join Type": "Inner",
                                    "Startup Cost": 426293.5,
                                    "Total Cost": 429169.81,
                                    "Plan Rows": 10,
                                    "Plan Width": 28,
                                    "Actual Startup Time": 3182.856,
                                    "Actual Total Time": 3192.304,
                                    "Actual Rows": 4365,
                                    "Actual Loops": 1,
                                    "Inner Unique": false,
                                    "Hash Cond": "(ml.movie_id = mc.movie_id)",
                                    "Plans": [
                                      {
                                        "Node Type": "Hash Join",
                                        "Parent Relationship": "Outer",
                                        "Parallel Aware": false,
                                        "Join Type": "Inner",
                                        "Startup Cost": 365538.92,
                                        "Total Cost": 368415.09,
                                        "Plan Rows": 4,
                                        "Plan Width": 16,
                                        "Actual Startup Time": 2226.398,
                                        "Actual Total Time": 2235.395,
                                        "Actual Rows": 684,
                                        "Actual Loops": 1,
                                        "Inner Unique": false,
                                        "Hash Cond": "(mk.movie_id = ml.movie_id)",
                                        "Plans": [
                                          {
                                            "Node Type": "Hash Join",
                                            "Parent Relationship": "Outer",
                                            "Parallel Aware": false,
                                            "Join Type": "Inner",
                                            "Startup Cost": 364700.99,
                                            "Total Cost": 367567.84,
                                            "Plan Rows": 13,
                                            "Plan Width": 8,
                                            "Actual Startup Time": 2207.898,
                                            "Actual Total Time": 2222.886,
                                            "Actual Rows": 1520,
                                            "Actual Loops": 1,
                                            "Inner Unique": false,
                                            "Hash Cond": "(mk.movie_id = mi.movie_id)",
                                            "Plans": [
                                              {
                                                "Node Type": "Hash Join",
                                                "Parent Relationship": "Outer",
                                                "Parallel Aware": false,
                                                "Join Type": "Inner",
                                                "Startup Cost": 126242.43,
                                                "Total Cost": 128961.63,
                                                "Plan Rows": 34,
                                                "Plan Width": 4,
                                                "Actual Startup Time": 1528.999,
                                                "Actual Total Time": 1541.143,
                                                "Actual Rows": 10544,
                                                "Actual Loops": 1,
                                                "Inner Unique": false,
                                                "Hash Cond": "(k.id = mk.keyword_id)",
                                                "Plans": [
                                                  {
                                                    "Node Type": "Seq Scan",
                                                    "Parent Relationship": "Outer",
                                                    "Parallel Aware": false,
                                                    "Relation Name": "keyword",
                                                    "Alias": "k",
                                                    "Startup Cost": 0.0,
                                                    "Total Cost": 2626.12,
                                                    "Plan Rows": 1,
                                                    "Plan Width": 4,
                                                    "Actual Startup Time": 0.889,
                                                    "Actual Total Time": 9.663,
                                                    "Actual Rows": 1,
                                                    "Actual Loops": 1,
                                                    "Filter": "(keyword = 'sequel'::text)",
                                                    "Rows Removed by Filter": 134169
                                                  },
                                                  {
                                                    "Node Type": "Hash",
                                                    "Parent Relationship": "Inner",
                                                    "Parallel Aware": false,
                                                    "Startup Cost": 69693.3,
                                                    "Total Cost": 69693.3,
                                                    "Plan Rows": 4523930,
                                                    "Plan Width": 8,
                                                    "Actual Startup Time": 1474.299,
                                                    "Actual Total Time": 1474.3,
                                                    "Actual Rows": 4523930,
                                                    "Actual Loops": 1,
                                                    "Hash Buckets": 8388608,
                                                    "Original Hash Buckets": 8388608,
                                                    "Hash Batches": 1,
                                                    "Original Hash Batches": 1,
                                                    "Peak Memory Usage": 242253,
                                                    "Plans": [
                                                      {
                                                        "Node Type": "Seq Scan",
                                                        "Parent Relationship": "Outer",
                                                        "Parallel Aware": false,
                                                        "Relation Name": "movie_keyword",
                                                        "Alias": "mk",
                                                        "Startup Cost": 0.0,
                                                        "Total Cost": 69693.3,
                                                        "Plan Rows": 4523930,
                                                        "Plan Width": 8,
                                                        "Actual Startup Time": 0.052,
                                                        "Actual Total Time": 534.549,
                                                        "Actual Rows": 4523930,
                                                        "Actual Loops": 1
                                                      }
                                                    ]
                                                  }
                                                ]
                                              },
                                              {
                                                "Node Type": "Hash",
                                                "Parent Relationship": "Inner",
                                                "Parallel Aware": false,
                                                "Startup Cost": 236681.72,
                                                "Total Cost": 236681.72,
                                                "Plan Rows": 142147,
                                                "Plan Width": 4,
                                                "Actual Startup Time": 677.783,
                                                "Actual Total Time": 677.906,
                                                "Actual Rows": 153897,
                                                "Actual Loops": 1,
                                                "Hash Buckets": 262144,
                                                "Original Hash Buckets": 262144,
                                                "Hash Batches": 1,
                                                "Original Hash Batches": 1,
                                                "Peak Memory Usage": 7459,
                                                "Plans": [
                                                  {
                                                    "Node Type": "Gather",
                                                    "Parent Relationship": "Outer",
                                                    "Parallel Aware": false,
                                                    "Startup Cost": 1000.0,
                                                    "Total Cost": 236681.72,
                                                    "Plan Rows": 142147,
                                                    "Plan Width": 4,
                                                    "Actual Startup Time": 1.602,
                                                    "Actual Total Time": 648.408,
                                                    "Actual Rows": 153897,
                                                    "Actual Loops": 1,
                                                    "Workers Planned": 5,
                                                    "Workers Launched": 5,
                                                    "Single Copy": false,
                                                    "Plans": [
                                                      {
                                                        "Node Type": "Seq Scan",
                                                        "Parent Relationship": "Outer",
                                                        "Parallel Aware": true,
                                                        "Relation Name": "movie_info",
                                                        "Alias": "mi",
                                                        "Startup Cost": 0.0,
                                                        "Total Cost": 221467.02,
                                                        "Plan Rows": 28429,
                                                        "Plan Width": 4,
                                                        "Actual Startup Time": 0.364,
                                                        "Actual Total Time": 650.551,
                                                        "Actual Rows": 25650,
                                                        "Actual Loops": 6,
                                                        "Filter": "(info = ANY ('{Sweden,Norway,Germany,Denmark,Swedish,Denish,Norwegian,German}'::text[]))",
                                                        "Rows Removed by Filter": 2446970
                                                      }
                                                    ]
                                                  }
                                                ]
                                              }
                                            ]
                                          },
                                          {
                                            "Node Type": "Hash",
                                            "Parent Relationship": "Inner",
                                            "Parallel Aware": false,
                                            "Startup Cost": 462.97,
                                            "Total Cost": 462.97,
                                            "Plan Rows": 29997,
                                            "Plan Width": 8,
                                            "Actual Startup Time": 11.874,
                                            "Actual Total Time": 11.874,
                                            "Actual Rows": 29997,
                                            "Actual Loops": 1,
                                            "Hash Buckets": 32768,
                                            "Original Hash Buckets": 32768,
                                            "Hash Batches": 1,
                                            "Original Hash Batches": 1,
                                            "Peak Memory Usage": 1428,
                                            "Plans": [
                                              {
                                                "Node Type": "Seq Scan",
                                                "Parent Relationship": "Outer",
                                                "Parallel Aware": false,
                                                "Relation Name": "movie_link",
                                                "Alias": "ml",
                                                "Startup Cost": 0.0,
                                                "Total Cost": 462.97,
                                                "Plan Rows": 29997,
                                                "Plan Width": 8,
                                                "Actual Startup Time": 0.043,
                                                "Actual Total Time": 5.673,
                                                "Actual Rows": 29997,
                                                "Actual Loops": 1
                                              }
                                            ]
                                          }
                                        ]
                                      },
                                      {
                                        "Node Type": "Hash",
                                        "Parent Relationship": "Inner",
                                        "Parallel Aware": false,
                                        "Startup Cost": 44881.29,
                                        "Total Cost": 44881.29,
                                        "Plan Rows": 1269863,
                                        "Plan Width": 12,
                                        "Actual Startup Time": 940.796,
                                        "Actual Total Time": 940.797,
                                        "Actual Rows": 1271989,
                                        "Actual Loops": 1,
                                        "Hash Buckets": 2097152,
                                        "Original Hash Buckets": 2097152,
                                        "Hash Batches": 1,
                                        "Original Hash Batches": 1,
                                        "Peak Memory Usage": 71040,
                                        "Plans": [
                                          {
                                            "Node Type": "Seq Scan",
                                            "Parent Relationship": "Outer",
                                            "Parallel Aware": false,
                                            "Relation Name": "movie_companies",
                                            "Alias": "mc",
                                            "Startup Cost": 0.0,
                                            "Total Cost": 44881.29,
                                            "Plan Rows": 1269863,
                                            "Plan Width": 12,
                                            "Actual Startup Time": 0.054,
                                            "Actual Total Time": 429.199,
                                            "Actual Rows": 1271989,
                                            "Actual Loops": 1,
                                            "Filter": "(note IS NULL)",
                                            "Rows Removed by Filter": 1337140
                                          }
                                        ]
                                      }
                                    ]
                                  }
                                ]
                              }
                            ]
                          }
                        ]
                      }
                    ]
                  }
                ]
              }
            ]
          },
          {
            "Node Type": "Hash",
            "Parent Relationship": "Inner",
            "Parallel Aware": false,
            "Startup Cost": 1.23,
            "Total Cost": 1.23,
            "Plan Rows": 1,
            "Plan Width": 16,
            "Actual Startup Time": 0.071,
            "Actual Total Time": 0.071,
            "Actual Rows": 2,
            "Actual Loops": 1,
            "Hash Buckets": 1024,
            "Original Hash Buckets": 1024,
            "Hash Batches": 1,
            "Original Hash Batches": 1,
            "Peak Memory Usage": 9,
            "Plans": [
              {
                "Node Type": "Seq Scan",
                "Parent Relationship": "Outer",
                "Parallel Aware": false,
                "Relation Name": "link_type",
                "Alias": "lt",
                "Startup Cost": 0.0,
                "Total Cost": 1.23,
                "Plan Rows": 1,
                "Plan Width": 16,
                "Actual Startup Time": 0.054,
                "Actual Total Time": 0.06,
                "Actual Rows": 2,
                "Actual Loops": 1,
                "Filter": "((link)::text ~~ '%follow%'::text)",
                "Rows Removed by Filter": 16
              }
            ]
          }
        ]
      }
    ]
  },
  "Planning Time": 22.746,
  "Triggers": [],
  "Execution Time": 3646.629
}