[
  {
    "Plan": {
      "Node Type": "Aggregate",
      "Strategy": "Plain",
      "Partial Mode": "Finalize",
      "Parallel Aware": false,
      "Startup Cost": 49151.36,
      "Total Cost": 49151.37,
      "Plan Rows": 1,
      "Plan Width": 8,
      "Actual Startup Time": 100.819,
      "Actual Total Time": 114.54,
      "Actual Rows": 1,
      "Actual Loops": 1,
      "Plans": [
        {
          "Node Type": "Gather",
          "Parent Relationship": "Outer",
          "Parallel Aware": false,
          "Startup Cost": 49150.94,
          "Total Cost": 49151.35,
          "Plan Rows": 4,
          "Plan Width": 8,
          "Actual Startup Time": 100.701,
          "Actual Total Time": 114.533,
          "Actual Rows": 5,
          "Actual Loops": 1,
          "Workers Planned": 4,
          "Workers Launched": 4,
          "Single Copy": false,
          "Plans": [
            {
              "Node Type": "Aggregate",
              "Strategy": "Plain",
              "Partial Mode": "Partial",
              "Parent Relationship": "Outer",
              "Parallel Aware": false,
              "Startup Cost": 48150.94,
              "Total Cost": 48150.95,
              "Plan Rows": 1,
              "Plan Width": 8,
              "Actual Startup Time": 90.927,
              "Actual Total Time": 90.928,
              "Actual Rows": 1,
              "Actual Loops": 5,
              "Plans": [
                {
                  "Node Type": "Nested Loop",
                  "Parent Relationship": "Outer",
                  "Parallel Aware": false,
                  "Join Type": "Inner",
                  "Startup Cost": 0.43,
                  "Total Cost": 48150.61,
                  "Plan Rows": 130,
                  "Plan Width": 0,
                  "Actual Startup Time": 17.34,
                  "Actual Total Time": 90.886,
                  "Actual Rows": 346,
                  "Actual Loops": 5,
                  "Inner Unique": false,
                  "Plans": [
                    {
                      "Node Type": "Seq Scan",
                      "Parent Relationship": "Outer",
                      "Parallel Aware": true,
                      "Relation Name": "title",
                      "Alias": "t",
                      "Startup Cost": 0.0,
                      "Total Cost": 45479.1,
                      "Plan Rows": 286,
                      "Plan Width": 4,
                      "Actual Startup Time": 1.425,
                      "Actual Total Time": 83.843,
                      "Actual Rows": 676,
                      "Actual Loops": 5,
                      "Filter": "((kind_id < 7) AND (production_year > 2013))",
                      "Rows Removed by Filter": 504987
                    },
                    {
                      "Node Type": "Index Scan",
                      "Parent Relationship": "Inner",
                      "Parallel Aware": false,
                      "Scan Direction": "Forward",
                      "Index Name": "movie_id_movie_keyword",
                      "Relation Name": "movie_keyword",
                      "Alias": "mk",
                      "Startup Cost": 0.43,
                      "Total Cost": 9.22,
                      "Plan Rows": 12,
                      "Plan Width": 4,
                      "Actual Startup Time": 0.01,
                      "Actual Total Time": 0.01,
                      "Actual Rows": 1,
                      "Actual Loops": 3378,
                      "Index Cond": "(movie_id = t.id)",
                      "Rows Removed by Index Recheck": 0,
                      "Filter": "(keyword_id < 1381)",
                      "Rows Removed by Filter": 1
                    }
                  ]
                }
              ]
            }
          ]
        }
      ]
    },
    "Planning Time": 0.568,
    "Triggers": [],
    "Execution Time": 114.605
  }
]