[
  {
    "Plan": {
      "Node Type": "Aggregate",
      "Strategy": "Plain",
      "Partial Mode": "Finalize",
      "Parallel Aware": false,
      "Startup Cost": 36605.78,
      "Total Cost": 36605.79,
      "Plan Rows": 1,
      "Plan Width": 8,
      "Actual Startup Time": 42.684,
      "Actual Total Time": 48.914,
      "Actual Rows": 1,
      "Actual Loops": 1,
      "Plans": [
        {
          "Node Type": "Gather",
          "Parent Relationship": "Outer",
          "Parallel Aware": false,
          "Startup Cost": 36605.57,
          "Total Cost": 36605.78,
          "Plan Rows": 2,
          "Plan Width": 8,
          "Actual Startup Time": 42.556,
          "Actual Total Time": 48.907,
          "Actual Rows": 3,
          "Actual Loops": 1,
          "Workers Planned": 2,
          "Workers Launched": 2,
          "Single Copy": false,
          "Plans": [
            {
              "Node Type": "Aggregate",
              "Strategy": "Plain",
              "Partial Mode": "Partial",
              "Parent Relationship": "Outer",
              "Parallel Aware": false,
              "Startup Cost": 35605.57,
              "Total Cost": 35605.58,
              "Plan Rows": 1,
              "Plan Width": 8,
              "Actual Startup Time": 34.869,
              "Actual Total Time": 34.87,
              "Actual Rows": 1,
              "Actual Loops": 3,
              "Plans": [
                {
                  "Node Type": "Nested Loop",
                  "Parent Relationship": "Outer",
                  "Parallel Aware": false,
                  "Join Type": "Inner",
                  "Startup Cost": 150.62,
                  "Total Cost": 35602.65,
                  "Plan Rows": 1166,
                  "Plan Width": 0,
                  "Actual Startup Time": 3.243,
                  "Actual Total Time": 34.843,
                  "Actual Rows": 70,
                  "Actual Loops": 3,
                  "Inner Unique": true,
                  "Plans": [
                    {
                      "Node Type": "Bitmap Heap Scan",
                      "Parent Relationship": "Outer",
                      "Parallel Aware": true,
                      "Relation Name": "movie_keyword",
                      "Alias": "mk",
                      "Startup Cost": 150.19,
                      "Total Cost": 15404.32,
                      "Plan Rows": 2890,
                      "Plan Width": 4,
                      "Actual Startup Time": 2.659,
                      "Actual Total Time": 12.532,
                      "Actual Rows": 1972,
                      "Actual Loops": 3,
                      "Recheck Cond": "(keyword_id = 807)",
                      "Rows Removed by Index Recheck": 0,
                      "Exact Heap Blocks": 3671,
                      "Lossy Heap Blocks": 0,
                      "Plans": [
                        {
                          "Node Type": "Bitmap Index Scan",
                          "Parent Relationship": "Outer",
                          "Parallel Aware": false,
                          "Index Name": "keyword_id_movie_keyword",
                          "Startup Cost": 0.0,
                          "Total Cost": 148.46,
                          "Plan Rows": 6937,
                          "Plan Width": 0,
                          "Actual Startup Time": 5.036,
                          "Actual Total Time": 5.036,
                          "Actual Rows": 5916,
                          "Actual Loops": 1,
                          "Index Cond": "(keyword_id = 807)"
                        }
                      ]
                    },
                    {
                      "Node Type": "Index Scan",
                      "Parent Relationship": "Inner",
                      "Parallel Aware": false,
                      "Scan Direction": "Forward",
                      "Index Name": "title_pkey",
                      "Relation Name": "title",
                      "Alias": "t",
                      "Startup Cost": 0.43,
                      "Total Cost": 6.99,
                      "Plan Rows": 1,
                      "Plan Width": 4,
                      "Actual Startup Time": 0.011,
                      "Actual Total Time": 0.011,
                      "Actual Rows": 0,
                      "Actual Loops": 5916,
                      "Index Cond": "(id = mk.movie_id)",
                      "Rows Removed by Index Recheck": 0,
                      "Filter": "((production_year > 1993) AND (kind_id = 7))",
                      "Rows Removed by Filter": 1
                    }
                  ]
                }
              ]
            }
          ]
        }
      ]
    },
    "Planning Time": 0.649,
    "Triggers": [],
    "Execution Time": 49.002
  }
]