[
  {
    "Plan": {
      "Node Type": "Aggregate",
      "Strategy": "Plain",
      "Partial Mode": "Finalize",
      "Parallel Aware": false,
      "Startup Cost": 351387.24,
      "Total Cost": 351387.26,
      "Plan Rows": 1,
      "Plan Width": 8,
      "Actual Startup Time": 765.585,
      "Actual Total Time": 825.642,
      "Actual Rows": 1,
      "Actual Loops": 1,
      "Plans": [
        {
          "Node Type": "Gather",
          "Parent Relationship": "Outer",
          "Parallel Aware": false,
          "Startup Cost": 351386.62,
          "Total Cost": 351387.23,
          "Plan Rows": 6,
          "Plan Width": 8,
          "Actual Startup Time": 765.339,
          "Actual Total Time": 825.534,
          "Actual Rows": 7,
          "Actual Loops": 1,
          "Workers Planned": 6,
          "Workers Launched": 6,
          "Single Copy": false,
          "Plans": [
            {
              "Node Type": "Aggregate",
              "Strategy": "Plain",
              "Partial Mode": "Partial",
              "Parent Relationship": "Outer",
              "Parallel Aware": false,
              "Startup Cost": 350386.62,
              "Total Cost": 350386.63,
              "Plan Rows": 1,
              "Plan Width": 8,
              "Actual Startup Time": 757.237,
              "Actual Total Time": 757.238,
              "Actual Rows": 1,
              "Actual Loops": 7,
              "Plans": [
                {
                  "Node Type": "Seq Scan",
                  "Parent Relationship": "Outer",
                  "Parallel Aware": true,
                  "Relation Name": "cast_info",
                  "Alias": "ci",
                  "Startup Cost": 0.0,
                  "Total Cost": 343257.03,
                  "Plan Rows": 2851836,
                  "Plan Width": 0,
                  "Actual Startup Time": 229.75,
                  "Actual Total Time": 672.535,
                  "Actual Rows": 1933910,
                  "Actual Loops": 7,
                  "Filter": "((person_id < 2712038) AND (role_id > 1))",
                  "Rows Removed by Filter": 3243853
                }
              ]
            }
          ]
        }
      ]
    },
    "Planning Time": 0.27,
    "Triggers": [],
    "Execution Time": 825.715
  }
]