[
  {
    "Plan": {
      "Node Type": "Aggregate",
      "Strategy": "Plain",
      "Partial Mode": "Finalize",
      "Parallel Aware": false,
      "Startup Cost": 91706.74,
      "Total Cost": 91706.75,
      "Plan Rows": 1,
      "Plan Width": 8,
      "Actual Startup Time": 257.54,
      "Actual Total Time": 273.442,
      "Actual Rows": 1,
      "Actual Loops": 1,
      "Plans": [
        {
          "Node Type": "Gather",
          "Parent Relationship": "Outer",
          "Parallel Aware": false,
          "Startup Cost": 91706.42,
          "Total Cost": 91706.73,
          "Plan Rows": 3,
          "Plan Width": 8,
          "Actual Startup Time": 256.963,
          "Actual Total Time": 273.433,
          "Actual Rows": 4,
          "Actual Loops": 1,
          "Workers Planned": 3,
          "Workers Launched": 3,
          "Single Copy": false,
          "Plans": [
            {
              "Node Type": "Aggregate",
              "Strategy": "Plain",
              "Partial Mode": "Partial",
              "Parent Relationship": "Outer",
              "Parallel Aware": false,
              "Startup Cost": 90706.42,
              "Total Cost": 90706.43,
              "Plan Rows": 1,
              "Plan Width": 8,
              "Actual Startup Time": 251.685,
              "Actual Total Time": 251.688,
              "Actual Rows": 1,
              "Actual Loops": 4,
              "Plans": [
                {
                  "Node Type": "Hash Join",
                  "Parent Relationship": "Outer",
                  "Parallel Aware": true,
                  "Join Type": "Inner",
                  "Startup Cost": 45769.94,
                  "Total Cost": 90630.65,
                  "Plan Rows": 30309,
                  "Plan Width": 0,
                  "Actual Startup Time": 103.28,
                  "Actual Total Time": 251.108,
                  "Actual Rows": 12298,
                  "Actual Loops": 4,
                  "Inner Unique": true,
                  "Hash Cond": "(mk.movie_id = t.id)",
                  "Plans": [
                    {
                      "Node Type": "Seq Scan",
                      "Parent Relationship": "Outer",
                      "Parallel Aware": true,
                      "Relation Name": "movie_keyword",
                      "Alias": "mk",
                      "Startup Cost": 0.0,
                      "Total Cost": 42695.65,
                      "Plan Rows": 824785,
                      "Plan Width": 4,
                      "Actual Startup Time": 0.209,
                      "Actual Total Time": 101.543,
                      "Actual Rows": 637686,
                      "Actual Loops": 4,
                      "Filter": "(keyword_id > 3458)",
                      "Rows Removed by Filter": 493296
                    },
                    {
                      "Node Type": "Hash",
                      "Parent Relationship": "Inner",
                      "Parallel Aware": true,
                      "Startup Cost": 45479.59,
                      "Total Cost": 45479.59,
                      "Plan Rows": 23228,
                      "Plan Width": 4,
                      "Actual Startup Time": 101.887,
                      "Actual Total Time": 101.888,
                      "Actual Rows": 25148,
                      "Actual Loops": 4,
                      "Hash Buckets": 131072,
                      "Original Hash Buckets": 131072,
                      "Hash Batches": 1,
                      "Original Hash Batches": 1,
                      "Peak Memory Usage": 5024,
                      "Plans": [
                        {
                          "Node Type": "Seq Scan",
                          "Parent Relationship": "Outer",
                          "Parallel Aware": true,
                          "Relation Name": "title",
                          "Alias": "t",
                          "Startup Cost": 0.0,
                          "Total Cost": 45479.59,
                          "Plan Rows": 23228,
                          "Plan Width": 4,
                          "Actual Startup Time": 0.042,
                          "Actual Total Time": 91.558,
                          "Actual Rows": 25148,
                          "Actual Loops": 4,
                          "Filter": "((kind_id > 1) AND (production_year = 2009))",
                          "Rows Removed by Filter": 606930
                        }
                      ]
                    }
                  ]
                }
              ]
            }
          ]
        }
      ]
    },
    "Planning Time": 0.26,
    "Triggers": [],
    "Execution Time": 273.477
  }
]