{
  "Plan": {
    "Node Type": "Aggregate",
    "Strategy": "Plain",
    "Partial Mode": "Finalize",
    "Parallel Aware": false,
    "Startup Cost": 12947.28,
    "Total Cost": 12947.29,
    "Plan Rows": 1,
    "Plan Width": 8,
    "Actual Startup Time": 25.325,
    "Actual Total Time": 29.135,
    "Actual Rows": 1,
    "Actual Loops": 1,
    "Plans": [
      {
        "Node Type": "Gather",
        "Parent Relationship": "Outer",
        "Parallel Aware": false,
        "Startup Cost": 12947.17,
        "Total Cost": 12947.28,
        "Plan Rows": 1,
        "Plan Width": 8,
        "Actual Startup Time": 25.095,
        "Actual Total Time": 29.126,
        "Actual Rows": 2,
        "Actual Loops": 1,
        "Workers Planned": 1,
        "Workers Launched": 1,
        "Single Copy": false,
        "Plans": [
          {
            "Node Type": "Aggregate",
            "Strategy": "Plain",
            "Partial Mode": "Partial",
            "Parent Relationship": "Outer",
            "Parallel Aware": false,
            "Startup Cost": 11947.17,
            "Total Cost": 11947.18,
            "Plan Rows": 1,
            "Plan Width": 8,
            "Actual Startup Time": 19.055,
            "Actual Total Time": 19.057,
            "Actual Rows": 1,
            "Actual Loops": 2,
            "Plans": [
              {
                "Node Type": "Nested Loop",
                "Parent Relationship": "Outer",
                "Parallel Aware": false,
                "Join Type": "Inner",
                "Startup Cost": 50.1,
                "Total Cost": 11947.13,
                "Plan Rows": 14,
                "Plan Width": 0,
                "Actual Startup Time": 2.924,
                "Actual Total Time": 19.04,
                "Actual Rows": 26,
                "Actual Loops": 2,
                "Inner Unique": true,
                "Plans": [
                  {
                    "Node Type": "Bitmap Heap Scan",
                    "Parent Relationship": "Outer",
                    "Parallel Aware": true,
                    "Relation Name": "movie_companies",
                    "Alias": "mc",
                    "Startup Cost": 49.67,
                    "Total Cost": 6445.65,
                    "Plan Rows": 675,
                    "Plan Width": 4,
                    "Actual Startup Time": 2.477,
                    "Actual Total Time": 6.387,
                    "Actual Rows": 1206,
                    "Actual Loops": 2,
                    "Recheck Cond": "(company_id = 68)",
                    "Rows Removed by Index Recheck": 0,
                    "Filter": "(company_type_id > 1)",
                    "Rows Removed by Filter": 342,
                    "Exact Heap Blocks": 1526,
                    "Lossy Heap Blocks": 0,
                    "Plans": [
                      {
                        "Node Type": "Bitmap Index Scan",
                        "Parent Relationship": "Outer",
                        "Parallel Aware": false,
                        "Index Name": "company_id_movie_companies",
                        "Startup Cost": 0.0,
                        "Total Cost": 49.39,
                        "Plan Rows": 2261,
                        "Plan Width": 0,
                        "Actual Startup Time": 2.361,
                        "Actual Total Time": 2.362,
                        "Actual Rows": 3094,
                        "Actual Loops": 1,
                        "Index Cond": "(company_id = 68)"
                      }
                    ]
                  },
                  {
                    "Node Type": "Index Scan",
                    "Parent Relationship": "Inner",
                    "Parallel Aware": false,
                    "Scan Direction": "Forward",
                    "Index Name": "title_pkey",
                    "Relation Name": "title",
                    "Alias": "t",
                    "Startup Cost": 0.43,
                    "Total Cost": 8.15,
                    "Plan Rows": 1,
                    "Plan Width": 4,
                    "Actual Startup Time": 0.01,
                    "Actual Total Time": 0.01,
                    "Actual Rows": 0,
                    "Actual Loops": 2411,
                    "Index Cond": "(id = mc.movie_id)",
                    "Rows Removed by Index Recheck": 0,
                    "Filter": "(production_year = 2000)",
                    "Rows Removed by Filter": 1
                  }
                ]
              }
            ]
          }
        ]
      }
    ]
  },
  "Planning Time": 0.466,
  "Triggers": [],
  "Execution Time": 29.278
}