[
  {
    "Plan": {
      "Node Type": "Aggregate",
      "Strategy": "Plain",
      "Partial Mode": "Finalize",
      "Parallel Aware": false,
      "Startup Cost": 391938.56,
      "Total Cost": 391938.57,
      "Plan Rows": 1,
      "Plan Width": 8,
      "Actual Startup Time": 716.599,
      "Actual Total Time": 745.65,
      "Actual Rows": 1,
      "Actual Loops": 1,
      "Plans": [
        {
          "Node Type": "Gather",
          "Parent Relationship": "Outer",
          "Parallel Aware": false,
          "Startup Cost": 391937.93,
          "Total Cost": 391938.54,
          "Plan Rows": 6,
          "Plan Width": 8,
          "Actual Startup Time": 713.91,
          "Actual Total Time": 745.637,
          "Actual Rows": 7,
          "Actual Loops": 1,
          "Workers Planned": 6,
          "Workers Launched": 6,
          "Single Copy": false,
          "Plans": [
            {
              "Node Type": "Aggregate",
              "Strategy": "Plain",
              "Partial Mode": "Partial",
              "Parent Relationship": "Outer",
              "Parallel Aware": false,
              "Startup Cost": 390937.93,
              "Total Cost": 390937.94,
              "Plan Rows": 1,
              "Plan Width": 8,
              "Actual Startup Time": 706.816,
              "Actual Total Time": 706.819,
              "Actual Rows": 1,
              "Actual Loops": 7,
              "Plans": [
                {
                  "Node Type": "Hash Join",
                  "Parent Relationship": "Outer",
                  "Parallel Aware": true,
                  "Join Type": "Inner",
                  "Startup Cost": 44612.59,
                  "Total Cost": 390528.89,
                  "Plan Rows": 163619,
                  "Plan Width": 0,
                  "Actual Startup Time": 203.518,
                  "Actual Total Time": 700.823,
                  "Actual Rows": 111912,
                  "Actual Loops": 7,
                  "Inner Unique": true,
                  "Hash Cond": "(ci.movie_id = t.id)",
                  "Plans": [
                    {
                      "Node Type": "Index Scan",
                      "Parent Relationship": "Outer",
                      "Parallel Aware": true,
                      "Scan Direction": "Forward",
                      "Index Name": "role_id_cast_info",
                      "Relation Name": "cast_info",
                      "Alias": "ci",
                      "Startup Cost": 0.56,
                      "Total Cost": 341155.22,
                      "Plan Rows": 1813956,
                      "Plan Width": 4,
                      "Actual Startup Time": 113.215,
                      "Actual Total Time": 393.903,
                      "Actual Rows": 1256685,
                      "Actual Loops": 7,
                      "Index Cond": "(role_id = 1)",
                      "Rows Removed by Index Recheck": 0,
                      "Filter": "(person_id > 517289)",
                      "Rows Removed by Filter": 553413
                    },
                    {
                      "Node Type": "Hash",
                      "Parent Relationship": "Inner",
                      "Parallel Aware": true,
                      "Startup Cost": 43899.32,
                      "Total Cost": 43899.32,
                      "Plan Rows": 57016,
                      "Plan Width": 4,
                      "Actual Startup Time": 88.989,
                      "Actual Total Time": 88.991,
                      "Actual Rows": 34486,
                      "Actual Loops": 7,
                      "Hash Buckets": 262144,
                      "Original Hash Buckets": 262144,
                      "Hash Batches": 1,
                      "Original Hash Batches": 1,
                      "Peak Memory Usage": 11616,
                      "Plans": [
                        {
                          "Node Type": "Seq Scan",
                          "Parent Relationship": "Outer",
                          "Parallel Aware": true,
                          "Relation Name": "title",
                          "Alias": "t",
                          "Startup Cost": 0.0,
                          "Total Cost": 43899.32,
                          "Plan Rows": 57016,
                          "Plan Width": 4,
                          "Actual Startup Time": 0.039,
                          "Actual Total Time": 73.618,
                          "Actual Rows": 34486,
                          "Actual Loops": 7,
                          "Filter": "(production_year < 1960)",
                          "Rows Removed by Filter": 326702
                        }
                      ]
                    }
                  ]
                }
              ]
            }
          ]
        }
      ]
    },
    "Planning Time": 0.339,
    "Triggers": [],
    "Execution Time": 745.705
  }
]