[
  {
    "Plan": {
      "Node Type": "Aggregate",
      "Strategy": "Plain",
      "Partial Mode": "Finalize",
      "Parallel Aware": false,
      "Startup Cost": 334638.48,
      "Total Cost": 334638.49,
      "Plan Rows": 1,
      "Plan Width": 8,
      "Actual Startup Time": 708.696,
      "Actual Total Time": 765.087,
      "Actual Rows": 1,
      "Actual Loops": 1,
      "Plans": [
        {
          "Node Type": "Gather",
          "Parent Relationship": "Outer",
          "Parallel Aware": false,
          "Startup Cost": 334637.85,
          "Total Cost": 334638.46,
          "Plan Rows": 6,
          "Plan Width": 8,
          "Actual Startup Time": 708.578,
          "Actual Total Time": 765.077,
          "Actual Rows": 7,
          "Actual Loops": 1,
          "Workers Planned": 6,
          "Workers Launched": 6,
          "Single Copy": false,
          "Plans": [
            {
              "Node Type": "Aggregate",
              "Strategy": "Plain",
              "Partial Mode": "Partial",
              "Parent Relationship": "Outer",
              "Parallel Aware": false,
              "Startup Cost": 333637.85,
              "Total Cost": 333637.86,
              "Plan Rows": 1,
              "Plan Width": 8,
              "Actual Startup Time": 700.667,
              "Actual Total Time": 700.669,
              "Actual Rows": 1,
              "Actual Loops": 7,
              "Plans": [
                {
                  "Node Type": "Seq Scan",
                  "Parent Relationship": "Outer",
                  "Parallel Aware": true,
                  "Relation Name": "cast_info",
                  "Alias": "ci",
                  "Startup Cost": 0.0,
                  "Total Cost": 328162.03,
                  "Plan Rows": 2190330,
                  "Plan Width": 0,
                  "Actual Startup Time": 0.044,
                  "Actual Total Time": 608.613,
                  "Actual Rows": 1877346,
                  "Actual Loops": 7,
                  "Filter": "(person_id < 1297731)",
                  "Rows Removed by Filter": 3300417
                }
              ]
            }
          ]
        }
      ]
    },
    "Planning Time": 0.162,
    "Triggers": [],
    "Execution Time": 765.15
  }
]