{
  "Plan": {
    "Node Type": "Aggregate",
    "Strategy": "Plain",
    "Partial Mode": "Finalize",
    "Parallel Aware": false,
    "Startup Cost": 486161.95,
    "Total Cost": 486161.96,
    "Plan Rows": 1,
    "Plan Width": 8,
    "Actual Startup Time": 8845.343,
    "Actual Total Time": 8903.176,
    "Actual Rows": 1,
    "Actual Loops": 1,
    "Plans": [
      {
        "Node Type": "Gather",
        "Parent Relationship": "Outer",
        "Parallel Aware": false,
        "Startup Cost": 486161.83,
        "Total Cost": 486161.94,
        "Plan Rows": 1,
        "Plan Width": 8,
        "Actual Startup Time": 8844.333,
        "Actual Total Time": 8903.166,
        "Actual Rows": 2,
        "Actual Loops": 1,
        "Workers Planned": 1,
        "Workers Launched": 1,
        "Single Copy": false,
        "Plans": [
          {
            "Node Type": "Aggregate",
            "Strategy": "Plain",
            "Partial Mode": "Partial",
            "Parent Relationship": "Outer",
            "Parallel Aware": false,
            "Startup Cost": 485161.83,
            "Total Cost": 485161.84,
            "Plan Rows": 1,
            "Plan Width": 8,
            "Actual Startup Time": 8841.346,
            "Actual Total Time": 8841.35,
            "Actual Rows": 1,
            "Actual Loops": 2,
            "Plans": [
              {
                "Node Type": "Nested Loop",
                "Parent Relationship": "Outer",
                "Parallel Aware": false,
                "Join Type": "Inner",
                "Startup Cost": 55806.05,
                "Total Cost": 479062.82,
                "Plan Rows": 2439604,
                "Plan Width": 0,
                "Actual Startup Time": 185.843,
                "Actual Total Time": 8337.91,
                "Actual Rows": 11768664,
                "Actual Loops": 2,
                "Inner Unique": false,
                "Join Filter": "(t.id = ci.movie_id)",
                "Rows Removed by Join Filter": 0,
                "Plans": [
                  {
                    "Node Type": "Hash Join",
                    "Parent Relationship": "Outer",
                    "Parallel Aware": true,
                    "Join Type": "Inner",
                    "Startup Cost": 55805.49,
                    "Total Cost": 93972.12,
                    "Plan Rows": 170256,
                    "Plan Width": 8,
                    "Actual Startup Time": 185.758,
                    "Actual Total Time": 602.162,
                    "Actual Rows": 405756,
                    "Actual Loops": 2,
                    "Inner Unique": true,
                    "Hash Cond": "(mc.movie_id = t.id)",
                    "Plans": [
                      {
                        "Node Type": "Seq Scan",
                        "Parent Relationship": "Outer",
                        "Parallel Aware": true,
                        "Relation Name": "movie_companies",
                        "Alias": "mc",
                        "Startup Cost": 0.0,
                        "Total Cost": 34137.82,
                        "Plan Rows": 1534782,
                        "Plan Width": 4,
                        "Actual Startup Time": 0.012,
                        "Actual Total Time": 99.854,
                        "Actual Rows": 1304564,
                        "Actual Loops": 2
                      },
                      {
                        "Node Type": "Hash",
                        "Parent Relationship": "Inner",
                        "Parallel Aware": true,
                        "Startup Cost": 53743.23,
                        "Total Cost": 53743.23,
                        "Plan Rows": 164981,
                        "Plan Width": 4,
                        "Actual Startup Time": 137.224,
                        "Actual Total Time": 137.226,
                        "Actual Rows": 191148,
                        "Actual Loops": 2,
                        "Hash Buckets": 524288,
                        "Original Hash Buckets": 524288,
                        "Hash Batches": 1,
                        "Original Hash Batches": 1,
                        "Peak Memory Usage": 19072,
                        "Plans": [
                          {
                            "Node Type": "Bitmap Heap Scan",
                            "Parent Relationship": "Outer",
                            "Parallel Aware": true,
                            "Relation Name": "title",
                            "Alias": "t",
                            "Startup Cost": 11892.97,
                            "Total Cost": 53743.23,
                            "Plan Rows": 164981,
                            "Plan Width": 4,
                            "Actual Startup Time": 33.05,
                            "Actual Total Time": 97.29,
                            "Actual Rows": 191148,
                            "Actual Loops": 2,
                            "Recheck Cond": "(kind_id = 1)",
                            "Rows Removed by Index Recheck": 0,
                            "Filter": "(production_year < 2001)",
                            "Rows Removed by Filter": 140264,
                            "Exact Heap Blocks": 8117,
                            "Lossy Heap Blocks": 0,
                            "Plans": [
                              {
                                "Node Type": "Bitmap Index Scan",
                                "Parent Relationship": "Outer",
                                "Parallel Aware": false,
                                "Index Name": "kind_id_title",
                                "Startup Cost": 0.0,
                                "Total Cost": 11822.85,
                                "Plan Rows": 663256,
                                "Plan Width": 0,
                                "Actual Startup Time": 31.152,
                                "Actual Total Time": 31.152,
                                "Actual Rows": 662825,
                                "Actual Loops": 1,
                                "Index Cond": "(kind_id = 1)"
                              }
                            ]
                          }
                        ]
                      }
                    ]
                  },
                  {
                    "Node Type": "Index Only Scan",
                    "Parent Relationship": "Inner",
                    "Parallel Aware": false,
                    "Scan Direction": "Forward",
                    "Index Name": "movie_id_cast_info",
                    "Relation Name": "cast_info",
                    "Alias": "ci",
                    "Startup Cost": 0.56,
                    "Total Cost": 1.8,
                    "Plan Rows": 37,
                    "Plan Width": 4,
                    "Actual Startup Time": 0.003,
                    "Actual Total Time": 0.017,
                    "Actual Rows": 29,
                    "Actual Loops": 811511,
                    "Index Cond": "(movie_id = mc.movie_id)",
                    "Rows Removed by Index Recheck": 0,
                    "Heap Fetches": 23537327
                  }
                ]
              }
            ]
          }
        ]
      }
    ]
  },
  "Planning Time": 0.627,
  "Triggers": [],
  "Execution Time": 8903.269
}