[
    {
        "Bao": {
            "Bao prediction": "NaN",
            "Bao recommended hint": "(no hint)"
        }
    },
    {
        "Plan": {
            "Node Type": "Aggregate",
            "Strategy": "Plain",
            "Partial Mode": "Finalize",
            "Parallel Aware": false,
            "Startup Cost": 326665.65,
            "Total Cost": 326665.66,
            "Plan Rows": 1,
            "Plan Width": 8,
            "Actual Startup Time": 313.405,
            "Actual Total Time": 319.87,
            "Actual Rows": 1,
            "Actual Loops": 1,
            "Output": [
                "count(*)"
            ],
            "Plans": [
                {
                    "Node Type": "Gather",
                    "Parent Relationship": "Outer",
                    "Parallel Aware": false,
                    "Startup Cost": 326665.02,
                    "Total Cost": 326665.63,
                    "Plan Rows": 6,
                    "Plan Width": 8,
                    "Actual Startup Time": 312.603,
                    "Actual Total Time": 319.862,
                    "Actual Rows": 7,
                    "Actual Loops": 1,
                    "Output": [
                        "(PARTIAL count(*))"
                    ],
                    "Workers Planned": 6,
                    "Workers Launched": 6,
                    "Single Copy": false,
                    "Plans": [
                        {
                            "Node Type": "Aggregate",
                            "Strategy": "Plain",
                            "Partial Mode": "Partial",
                            "Parent Relationship": "Outer",
                            "Parallel Aware": false,
                            "Startup Cost": 325665.02,
                            "Total Cost": 325665.03,
                            "Plan Rows": 1,
                            "Plan Width": 8,
                            "Actual Startup Time": 302.542,
                            "Actual Total Time": 302.544,
                            "Actual Rows": 1,
                            "Actual Loops": 7,
                            "Output": [
                                "PARTIAL count(*)"
                            ],
                            "Workers": [
                                {
                                    "Worker Number": 0,
                                    "Actual Startup Time": 301.712,
                                    "Actual Total Time": 301.713,
                                    "Actual Rows": 1,
                                    "Actual Loops": 1
                                },
                                {
                                    "Worker Number": 1,
                                    "Actual Startup Time": 301.165,
                                    "Actual Total Time": 301.167,
                                    "Actual Rows": 1,
                                    "Actual Loops": 1
                                },
                                {
                                    "Worker Number": 2,
                                    "Actual Startup Time": 301.119,
                                    "Actual Total Time": 301.121,
                                    "Actual Rows": 1,
                                    "Actual Loops": 1
                                },
                                {
                                    "Worker Number": 3,
                                    "Actual Startup Time": 301.14,
                                    "Actual Total Time": 301.142,
                                    "Actual Rows": 1,
                                    "Actual Loops": 1
                                },
                                {
                                    "Worker Number": 4,
                                    "Actual Startup Time": 301.143,
                                    "Actual Total Time": 301.145,
                                    "Actual Rows": 1,
                                    "Actual Loops": 1
                                },
                                {
                                    "Worker Number": 5,
                                    "Actual Startup Time": 300.686,
                                    "Actual Total Time": 300.688,
                                    "Actual Rows": 1,
                                    "Actual Loops": 1
                                }
                            ],
                            "Plans": [
                                {
                                    "Node Type": "Bitmap Heap Scan",
                                    "Parent Relationship": "Outer",
                                    "Parallel Aware": true,
                                    "Relation Name": "cast_info",
                                    "Schema": "public",
                                    "Alias": "ci",
                                    "Startup Cost": 65114.14,
                                    "Total Cost": 325229.16,
                                    "Plan Rows": 174344,
                                    "Plan Width": 0,
                                    "Actual Startup Time": 173.775,
                                    "Actual Total Time": 285.274,
                                    "Actual Rows": 311081,
                                    "Actual Loops": 7,
                                    "Recheck Cond": "(ci.person_id < 293630)",
                                    "Rows Removed by Index Recheck": 0,
                                    "Filter": "(ci.role_id < 2)",
                                    "Rows Removed by Filter": 121051,
                                    "Exact Heap Blocks": 6591,
                                    "Lossy Heap Blocks": 0,
                                    "Workers": [
                                        {
                                            "Worker Number": 0,
                                            "Actual Startup Time": 172.739,
                                            "Actual Total Time": 285.09,
                                            "Actual Rows": 293852,
                                            "Actual Loops": 1
                                        },
                                        {
                                            "Worker Number": 1,
                                            "Actual Startup Time": 172.519,
                                            "Actual Total Time": 283.731,
                                            "Actual Rows": 297699,
                                            "Actual Loops": 1
                                        },
                                        {
                                            "Worker Number": 2,
                                            "Actual Startup Time": 172.694,
                                            "Actual Total Time": 284.044,
                                            "Actual Rows": 296582,
                                            "Actual Loops": 1
                                        },
                                        {
                                            "Worker Number": 3,
                                            "Actual Startup Time": 172.952,
                                            "Actual Total Time": 283.882,
                                            "Actual Rows": 296924,
                                            "Actual Loops": 1
                                        },
                                        {
                                            "Worker Number": 4,
                                            "Actual Startup Time": 172.341,
                                            "Actual Total Time": 283.889,
                                            "Actual Rows": 216866,
                                            "Actual Loops": 1
                                        },
                                        {
                                            "Worker Number": 5,
                                            "Actual Startup Time": 171.727,
                                            "Actual Total Time": 284.091,
                                            "Actual Rows": 293380,
                                            "Actual Loops": 1
                                        }
                                    ],
                                    "Plans": [
                                        {
                                            "Node Type": "Bitmap Index Scan",
                                            "Parent Relationship": "Outer",
                                            "Parallel Aware": false,
                                            "Index Name": "person_id_cast_info",
                                            "Startup Cost": 0.0,
                                            "Total Cost": 64852.62,
                                            "Plan Rows": 2971208,
                                            "Plan Width": 0,
                                            "Actual Startup Time": 176.387,
                                            "Actual Total Time": 176.388,
                                            "Actual Rows": 3024926,
                                            "Actual Loops": 1,
                                            "Index Cond": "(ci.person_id < 293630)"
                                        }
                                    ]
                                }
                            ]
                        }
                    ]
                }
            ]
        },
        "Planning Time": 187.344,
        "Triggers": [],
        "Execution Time": 319.938
    }
]