[
  {
    "Plan": {
      "Node Type": "Aggregate",
      "Strategy": "Plain",
      "Partial Mode": "Finalize",
      "Parallel Aware": false,
      "Startup Cost": 46532.11,
      "Total Cost": 46532.12,
      "Plan Rows": 1,
      "Plan Width": 8,
      "Actual Startup Time": 98.789,
      "Actual Total Time": 108.985,
      "Actual Rows": 1,
      "Actual Loops": 1,
      "Plans": [
        {
          "Node Type": "Gather",
          "Parent Relationship": "Outer",
          "Parallel Aware": false,
          "Startup Cost": 46531.69,
          "Total Cost": 46532.1,
          "Plan Rows": 4,
          "Plan Width": 8,
          "Actual Startup Time": 98.538,
          "Actual Total Time": 108.975,
          "Actual Rows": 5,
          "Actual Loops": 1,
          "Workers Planned": 4,
          "Workers Launched": 4,
          "Single Copy": false,
          "Plans": [
            {
              "Node Type": "Aggregate",
              "Strategy": "Plain",
              "Partial Mode": "Partial",
              "Parent Relationship": "Outer",
              "Parallel Aware": false,
              "Startup Cost": 45531.69,
              "Total Cost": 45531.7,
              "Plan Rows": 1,
              "Plan Width": 8,
              "Actual Startup Time": 93.472,
              "Actual Total Time": 93.473,
              "Actual Rows": 1,
              "Actual Loops": 5,
              "Plans": [
                {
                  "Node Type": "Seq Scan",
                  "Parent Relationship": "Outer",
                  "Parallel Aware": true,
                  "Relation Name": "title",
                  "Alias": "t",
                  "Startup Cost": 0.0,
                  "Total Cost": 45479.59,
                  "Plan Rows": 20842,
                  "Plan Width": 0,
                  "Actual Startup Time": 0.033,
                  "Actual Total Time": 91.943,
                  "Actual Rows": 18572,
                  "Actual Loops": 5,
                  "Filter": "((kind_id > 3) AND (production_year = 2009))",
                  "Rows Removed by Filter": 487090
                }
              ]
            }
          ]
        }
      ]
    },
    "Planning Time": 0.08,
    "Triggers": [],
    "Execution Time": 109.016
  }
]