[
  {
    "Plan": {
      "Node Type": "Aggregate",
      "Strategy": "Plain",
      "Partial Mode": "Finalize",
      "Parallel Aware": false,
      "Startup Cost": 337672.9,
      "Total Cost": 337672.91,
      "Plan Rows": 1,
      "Plan Width": 8,
      "Actual Startup Time": 834.521,
      "Actual Total Time": 886.963,
      "Actual Rows": 1,
      "Actual Loops": 1,
      "Plans": [
        {
          "Node Type": "Gather",
          "Parent Relationship": "Outer",
          "Parallel Aware": false,
          "Startup Cost": 337672.27,
          "Total Cost": 337672.88,
          "Plan Rows": 6,
          "Plan Width": 8,
          "Actual Startup Time": 834.274,
          "Actual Total Time": 886.946,
          "Actual Rows": 7,
          "Actual Loops": 1,
          "Workers Planned": 6,
          "Workers Launched": 6,
          "Single Copy": false,
          "Plans": [
            {
              "Node Type": "Aggregate",
              "Strategy": "Plain",
              "Partial Mode": "Partial",
              "Parent Relationship": "Outer",
              "Parallel Aware": false,
              "Startup Cost": 336672.27,
              "Total Cost": 336672.28,
              "Plan Rows": 1,
              "Plan Width": 8,
              "Actual Startup Time": 825.615,
              "Actual Total Time": 825.616,
              "Actual Rows": 1,
              "Actual Loops": 7,
              "Plans": [
                {
                  "Node Type": "Seq Scan",
                  "Parent Relationship": "Outer",
                  "Parallel Aware": true,
                  "Relation Name": "cast_info",
                  "Alias": "ci",
                  "Startup Cost": 0.0,
                  "Total Cost": 328211.39,
                  "Plan Rows": 3384353,
                  "Plan Width": 0,
                  "Actual Startup Time": 191.808,
                  "Actual Total Time": 674.116,
                  "Actual Rows": 2874980,
                  "Actual Loops": 7,
                  "Filter": "(person_id > 1596687)",
                  "Rows Removed by Filter": 2302783
                }
              ]
            }
          ]
        }
      ]
    },
    "Planning Time": 0.214,
    "Triggers": [],
    "Execution Time": 887.046
  }
]