[
  {
    "Plan": {
      "Node Type": "Aggregate",
      "Strategy": "Plain",
      "Partial Mode": "Finalize",
      "Parallel Aware": false,
      "Startup Cost": 337383.73,
      "Total Cost": 337383.74,
      "Plan Rows": 1,
      "Plan Width": 8,
      "Actual Startup Time": 434.876,
      "Actual Total Time": 456.174,
      "Actual Rows": 1,
      "Actual Loops": 1,
      "Plans": [
        {
          "Node Type": "Gather",
          "Parent Relationship": "Outer",
          "Parallel Aware": false,
          "Startup Cost": 337383.11,
          "Total Cost": 337383.72,
          "Plan Rows": 6,
          "Plan Width": 8,
          "Actual Startup Time": 434.756,
          "Actual Total Time": 456.157,
          "Actual Rows": 7,
          "Actual Loops": 1,
          "Workers Planned": 6,
          "Workers Launched": 6,
          "Single Copy": false,
          "Plans": [
            {
              "Node Type": "Aggregate",
              "Strategy": "Plain",
              "Partial Mode": "Partial",
              "Parent Relationship": "Outer",
              "Parallel Aware": false,
              "Startup Cost": 336383.11,
              "Total Cost": 336383.12,
              "Plan Rows": 1,
              "Plan Width": 8,
              "Actual Startup Time": 425.198,
              "Actual Total Time": 425.199,
              "Actual Rows": 1,
              "Actual Loops": 7,
              "Plans": [
                {
                  "Node Type": "Index Scan",
                  "Parent Relationship": "Outer",
                  "Parallel Aware": true,
                  "Scan Direction": "Forward",
                  "Index Name": "role_id_cast_info",
                  "Relation Name": "cast_info",
                  "Alias": "ci",
                  "Startup Cost": 0.56,
                  "Total Cost": 331632.96,
                  "Plan Rows": 1900059,
                  "Plan Width": 0,
                  "Actual Startup Time": 0.162,
                  "Actual Total Time": 365.044,
                  "Actual Rows": 1353696,
                  "Actual Loops": 7,
                  "Index Cond": "(role_id > 3)",
                  "Rows Removed by Index Recheck": 0,
                  "Filter": "(person_id < 3552431)",
                  "Rows Removed by Filter": 376825
                }
              ]
            }
          ]
        }
      ]
    },
    "Planning Time": 0.229,
    "Triggers": [],
    "Execution Time": 456.238
  }
]