[
    {
        "Bao": {
            "Bao prediction": 697.76,
            "Bao recommended hint": "(no hint)"
        }
    },
    {
        "Plan": {
            "Node Type": "Aggregate",
            "Strategy": "Plain",
            "Partial Mode": "Finalize",
            "Parallel Aware": false,
            "Startup Cost": 306428.85,
            "Total Cost": 306428.86,
            "Plan Rows": 1,
            "Plan Width": 68,
            "Actual Startup Time": 1424.071,
            "Actual Total Time": 1481.407,
            "Actual Rows": 1,
            "Actual Loops": 1,
            "Output": [
                "min(t.title)",
                "min(t.production_year)",
                "min(cn.name)"
            ],
            "Plans": [
                {
                    "Node Type": "Gather",
                    "Parent Relationship": "Outer",
                    "Parallel Aware": false,
                    "Startup Cost": 306428.19,
                    "Total Cost": 306428.8,
                    "Plan Rows": 6,
                    "Plan Width": 68,
                    "Actual Startup Time": 1379.325,
                    "Actual Total Time": 1481.38,
                    "Actual Rows": 7,
                    "Actual Loops": 1,
                    "Output": [
                        "(PARTIAL min(t.title))",
                        "(PARTIAL min(t.production_year))",
                        "(PARTIAL min(cn.name))"
                    ],
                    "Workers Planned": 6,
                    "Workers Launched": 6,
                    "Single Copy": false,
                    "Plans": [
                        {
                            "Node Type": "Aggregate",
                            "Strategy": "Plain",
                            "Partial Mode": "Partial",
                            "Parent Relationship": "Outer",
                            "Parallel Aware": false,
                            "Startup Cost": 305428.19,
                            "Total Cost": 305428.2,
                            "Plan Rows": 1,
                            "Plan Width": 68,
                            "Actual Startup Time": 1360.801,
                            "Actual Total Time": 1360.808,
                            "Actual Rows": 1,
                            "Actual Loops": 7,
                            "Output": [
                                "PARTIAL min(t.title)",
                                "PARTIAL min(t.production_year)",
                                "PARTIAL min(cn.name)"
                            ],
                            "Workers": [
                                {
                                    "Worker Number": 0,
                                    "Actual Startup Time": 1356.921,
                                    "Actual Total Time": 1356.926,
                                    "Actual Rows": 1,
                                    "Actual Loops": 1
                                },
                                {
                                    "Worker Number": 1,
                                    "Actual Startup Time": 1361.687,
                                    "Actual Total Time": 1361.693,
                                    "Actual Rows": 1,
                                    "Actual Loops": 1
                                },
                                {
                                    "Worker Number": 2,
                                    "Actual Startup Time": 1356.954,
                                    "Actual Total Time": 1356.959,
                                    "Actual Rows": 1,
                                    "Actual Loops": 1
                                },
                                {
                                    "Worker Number": 3,
                                    "Actual Startup Time": 1357.081,
                                    "Actual Total Time": 1357.085,
                                    "Actual Rows": 1,
                                    "Actual Loops": 1
                                },
                                {
                                    "Worker Number": 4,
                                    "Actual Startup Time": 1357.002,
                                    "Actual Total Time": 1357.007,
                                    "Actual Rows": 1,
                                    "Actual Loops": 1
                                },
                                {
                                    "Worker Number": 5,
                                    "Actual Startup Time": 1357.383,
                                    "Actual Total Time": 1357.388,
                                    "Actual Rows": 1,
                                    "Actual Loops": 1
                                }
                            ],
                            "Plans": [
                                {
                                    "Node Type": "Hash Join",
                                    "Parent Relationship": "Outer",
                                    "Parallel Aware": true,
                                    "Join Type": "Inner",
                                    "Startup Cost": 100075.8,
                                    "Total Cost": 302975.1,
                                    "Plan Rows": 327079,
                                    "Plan Width": 37,
                                    "Actual Startup Time": 559.492,
                                    "Actual Total Time": 1331.907,
                                    "Actual Rows": 201720,
                                    "Actual Loops": 7,
                                    "Output": [
                                        "t.title",
                                        "t.production_year",
                                        "cn.name"
                                    ],
                                    "Inner Unique": true,
                                    "Hash Cond": "(ci.person_role_id = cn.id)",
                                    "Workers": [
                                        {
                                            "Worker Number": 0,
                                            "Actual Startup Time": 556.927,
                                            "Actual Total Time": 1328.546,
                                            "Actual Rows": 183648,
                                            "Actual Loops": 1
                                        },
                                        {
                                            "Worker Number": 1,
                                            "Actual Startup Time": 556.307,
                                            "Actual Total Time": 1331.613,
                                            "Actual Rows": 184746,
                                            "Actual Loops": 1
                                        },
                                        {
                                            "Worker Number": 2,
                                            "Actual Startup Time": 556.063,
                                            "Actual Total Time": 1326.942,
                                            "Actual Rows": 187761,
                                            "Actual Loops": 1
                                        },
                                        {
                                            "Worker Number": 3,
                                            "Actual Startup Time": 556.346,
                                            "Actual Total Time": 1327.061,
                                            "Actual Rows": 181120,
                                            "Actual Loops": 1
                                        },
                                        {
                                            "Worker Number": 4,
                                            "Actual Startup Time": 556.253,
                                            "Actual Total Time": 1330.864,
                                            "Actual Rows": 246116,
                                            "Actual Loops": 1
                                        },
                                        {
                                            "Worker Number": 5,
                                            "Actual Startup Time": 556.69,
                                            "Actual Total Time": 1326.873,
                                            "Actual Rows": 181125,
                                            "Actual Loops": 1
                                        }
                                    ],
                                    "Plans": [
                                        {
                                            "Node Type": "Hash Join",
                                            "Parent Relationship": "Outer",
                                            "Parallel Aware": true,
                                            "Join Type": "Inner",
                                            "Startup Cost": 45962.92,
                                            "Total Cost": 248003.64,
                                            "Plan Rows": 327079,
                                            "Plan Width": 25,
                                            "Actual Startup Time": 137.097,
                                            "Actual Total Time": 766.171,
                                            "Actual Rows": 262994,
                                            "Actual Loops": 7,
                                            "Output": [
                                                "ci.person_role_id",
                                                "t.title",
                                                "t.production_year"
                                            ],
                                            "Inner Unique": true,
                                            "Hash Cond": "(ci.movie_id = t.id)",
                                            "Workers": [
                                                {
                                                    "Worker Number": 0,
                                                    "Actual Startup Time": 137.644,
                                                    "Actual Total Time": 765.999,
                                                    "Actual Rows": 238829,
                                                    "Actual Loops": 1
                                                },
                                                {
                                                    "Worker Number": 1,
                                                    "Actual Startup Time": 137.082,
                                                    "Actual Total Time": 764.622,
                                                    "Actual Rows": 241374,
                                                    "Actual Loops": 1
                                                },
                                                {
                                                    "Worker Number": 2,
                                                    "Actual Startup Time": 136.813,
                                                    "Actual Total Time": 764.691,
                                                    "Actual Rows": 244741,
                                                    "Actual Loops": 1
                                                },
                                                {
                                                    "Worker Number": 3,
                                                    "Actual Startup Time": 137.119,
                                                    "Actual Total Time": 765.653,
                                                    "Actual Rows": 236648,
                                                    "Actual Loops": 1
                                                },
                                                {
                                                    "Worker Number": 4,
                                                    "Actual Startup Time": 137.038,
                                                    "Actual Total Time": 764.098,
                                                    "Actual Rows": 319740,
                                                    "Actual Loops": 1
                                                },
                                                {
                                                    "Worker Number": 5,
                                                    "Actual Startup Time": 136.975,
                                                    "Actual Total Time": 775.003,
                                                    "Actual Rows": 236393,
                                                    "Actual Loops": 1
                                                }
                                            ],
                                            "Plans": [
                                                {
                                                    "Node Type": "Index Scan",
                                                    "Parent Relationship": "Outer",
                                                    "Parallel Aware": true,
                                                    "Scan Direction": "Forward",
                                                    "Index Name": "role_id_cast_info",
                                                    "Relation Name": "cast_info",
                                                    "Schema": "public",
                                                    "Alias": "ci",
                                                    "Startup Cost": 0.56,
                                                    "Total Cost": 198752.95,
                                                    "Plan Rows": 1252698,
                                                    "Plan Width": 8,
                                                    "Actual Startup Time": 0.23,
                                                    "Actual Total Time": 248.737,
                                                    "Actual Rows": 1064568,
                                                    "Actual Loops": 7,
                                                    "Output": [
                                                        "ci.id",
                                                        "ci.person_id",
                                                        "ci.movie_id",
                                                        "ci.person_role_id",
                                                        "ci.note",
                                                        "ci.nr_order",
                                                        "ci.role_id"
                                                    ],
                                                    "Index Cond": "(ci.role_id = 2)",
                                                    "Rows Removed by Index Recheck": 0,
                                                    "Workers": [
                                                        {
                                                            "Worker Number": 0,
                                                            "Actual Startup Time": 0.412,
                                                            "Actual Total Time": 251.498,
                                                            "Actual Rows": 970321,
                                                            "Actual Loops": 1
                                                        },
                                                        {
                                                            "Worker Number": 1,
                                                            "Actual Startup Time": 0.097,
                                                            "Actual Total Time": 249.542,
                                                            "Actual Rows": 962130,
                                                            "Actual Loops": 1
                                                        },
                                                        {
                                                            "Worker Number": 2,
                                                            "Actual Startup Time": 0.147,
                                                            "Actual Total Time": 252.932,
                                                            "Actual Rows": 975390,
                                                            "Actual Loops": 1
                                                        },
                                                        {
                                                            "Worker Number": 3,
                                                            "Actual Startup Time": 0.339,
                                                            "Actual Total Time": 249.829,
                                                            "Actual Rows": 966661,
                                                            "Actual Loops": 1
                                                        },
                                                        {
                                                            "Worker Number": 4,
                                                            "Actual Startup Time": 0.149,
                                                            "Actual Total Time": 235.677,
                                                            "Actual Rows": 1300260,
                                                            "Actual Loops": 1
                                                        },
                                                        {
                                                            "Worker Number": 5,
                                                            "Actual Startup Time": 0.277,
                                                            "Actual Total Time": 264.716,
                                                            "Actual Rows": 971490,
                                                            "Actual Loops": 1
                                                        }
                                                    ]
                                                },
                                                {
                                                    "Node Type": "Hash",
                                                    "Parent Relationship": "Inner",
                                                    "Parallel Aware": true,
                                                    "Startup Cost": 43899.32,
                                                    "Total Cost": 43899.32,
                                                    "Plan Rows": 165043,
                                                    "Plan Width": 25,
                                                    "Actual Startup Time": 135.774,
                                                    "Actual Total Time": 135.776,
                                                    "Actual Rows": 94689,
                                                    "Actual Loops": 7,
                                                    "Output": [
                                                        "t.title",
                                                        "t.production_year",
                                                        "t.id"
                                                    ],
                                                    "Hash Buckets": 1048576,
                                                    "Original Hash Buckets": 1048576,
                                                    "Hash Batches": 1,
                                                    "Original Hash Batches": 1,
                                                    "Peak Memory Usage": 48448,
                                                    "Workers": [
                                                        {
                                                            "Worker Number": 0,
                                                            "Actual Startup Time": 136.342,
                                                            "Actual Total Time": 136.343,
                                                            "Actual Rows": 86255,
                                                            "Actual Loops": 1
                                                        },
                                                        {
                                                            "Worker Number": 1,
                                                            "Actual Startup Time": 136.406,
                                                            "Actual Total Time": 136.407,
                                                            "Actual Rows": 86145,
                                                            "Actual Loops": 1
                                                        },
                                                        {
                                                            "Worker Number": 2,
                                                            "Actual Startup Time": 136.579,
                                                            "Actual Total Time": 136.581,
                                                            "Actual Rows": 86558,
                                                            "Actual Loops": 1
                                                        },
                                                        {
                                                            "Worker Number": 3,
                                                            "Actual Startup Time": 136.42,
                                                            "Actual Total Time": 136.422,
                                                            "Actual Rows": 86045,
                                                            "Actual Loops": 1
                                                        },
                                                        {
                                                            "Worker Number": 4,
                                                            "Actual Startup Time": 131.913,
                                                            "Actual Total Time": 131.914,
                                                            "Actual Rows": 114657,
                                                            "Actual Loops": 1
                                                        },
                                                        {
                                                            "Worker Number": 5,
                                                            "Actual Startup Time": 136.352,
                                                            "Actual Total Time": 136.353,
                                                            "Actual Rows": 77898,
                                                            "Actual Loops": 1
                                                        }
                                                    ],
                                                    "Plans": [
                                                        {
                                                            "Node Type": "Seq Scan",
                                                            "Parent Relationship": "Outer",
                                                            "Parallel Aware": true,
                                                            "Relation Name": "title",
                                                            "Schema": "public",
                                                            "Alias": "t",
                                                            "Startup Cost": 0.0,
                                                            "Total Cost": 43899.32,
                                                            "Plan Rows": 165043,
                                                            "Plan Width": 25,
                                                            "Actual Startup Time": 35.651,
                                                            "Actual Total Time": 79.119,
                                                            "Actual Rows": 94689,
                                                            "Actual Loops": 7,
                                                            "Output": [
                                                                "t.title",
                                                                "t.production_year",
                                                                "t.id"
                                                            ],
                                                            "Filter": "(t.kind_id = 1)",
                                                            "Rows Removed by Filter": 266498,
                                                            "Workers": [
                                                                {
                                                                    "Worker Number": 0,
                                                                    "Actual Startup Time": 41.167,
                                                                    "Actual Total Time": 79.342,
                                                                    "Actual Rows": 86255,
                                                                    "Actual Loops": 1
                                                                },
                                                                {
                                                                    "Worker Number": 1,
                                                                    "Actual Startup Time": 41.172,
                                                                    "Actual Total Time": 79.613,
                                                                    "Actual Rows": 86145,
                                                                    "Actual Loops": 1
                                                                },
                                                                {
                                                                    "Worker Number": 2,
                                                                    "Actual Startup Time": 41.075,
                                                                    "Actual Total Time": 79.751,
                                                                    "Actual Rows": 86558,
                                                                    "Actual Loops": 1
                                                                },
                                                                {
                                                                    "Worker Number": 3,
                                                                    "Actual Startup Time": 41.259,
                                                                    "Actual Total Time": 79.484,
                                                                    "Actual Rows": 86045,
                                                                    "Actual Loops": 1
                                                                },
                                                                {
                                                                    "Worker Number": 4,
                                                                    "Actual Startup Time": 2.764,
                                                                    "Actual Total Time": 78.915,
                                                                    "Actual Rows": 114657,
                                                                    "Actual Loops": 1
                                                                },
                                                                {
                                                                    "Worker Number": 5,
                                                                    "Actual Startup Time": 41.092,
                                                                    "Actual Total Time": 78.615,
                                                                    "Actual Rows": 77898,
                                                                    "Actual Loops": 1
                                                                }
                                                            ]
                                                        }
                                                    ]
                                                }
                                            ]
                                        },
                                        {
                                            "Node Type": "Hash",
                                            "Parent Relationship": "Inner",
                                            "Parallel Aware": true,
                                            "Startup Cost": 44299.06,
                                            "Total Cost": 44299.06,
                                            "Plan Rows": 785106,
                                            "Plan Width": 20,
                                            "Actual Startup Time": 416.646,
                                            "Actual Total Time": 416.647,
                                            "Actual Rows": 448620,
                                            "Actual Loops": 7,
                                            "Output": [
                                                "cn.name",
                                                "cn.id"
                                            ],
                                            "Hash Buckets": 4194304,
                                            "Original Hash Buckets": 4194304,
                                            "Hash Batches": 1,
                                            "Original Hash Batches": 1,
                                            "Peak Memory Usage": 205120,
                                            "Workers": [
                                                {
                                                    "Worker Number": 0,
                                                    "Actual Startup Time": 418.62,
                                                    "Actual Total Time": 418.621,
                                                    "Actual Rows": 407385,
                                                    "Actual Loops": 1
                                                },
                                                {
                                                    "Worker Number": 1,
                                                    "Actual Startup Time": 418.785,
                                                    "Actual Total Time": 418.786,
                                                    "Actual Rows": 410680,
                                                    "Actual Loops": 1
                                                },
                                                {
                                                    "Worker Number": 2,
                                                    "Actual Startup Time": 418.671,
                                                    "Actual Total Time": 418.672,
                                                    "Actual Rows": 412633,
                                                    "Actual Loops": 1
                                                },
                                                {
                                                    "Worker Number": 3,
                                                    "Actual Startup Time": 418.803,
                                                    "Actual Total Time": 418.804,
                                                    "Actual Rows": 409521,
                                                    "Actual Loops": 1
                                                },
                                                {
                                                    "Worker Number": 4,
                                                    "Actual Startup Time": 418.726,
                                                    "Actual Total Time": 418.727,
                                                    "Actual Rows": 521711,
                                                    "Actual Loops": 1
                                                },
                                                {
                                                    "Worker Number": 5,
                                                    "Actual Startup Time": 419.061,
                                                    "Actual Total Time": 419.062,
                                                    "Actual Rows": 393732,
                                                    "Actual Loops": 1
                                                }
                                            ],
                                            "Plans": [
                                                {
                                                    "Node Type": "Seq Scan",
                                                    "Parent Relationship": "Outer",
                                                    "Parallel Aware": true,
                                                    "Relation Name": "char_name",
                                                    "Schema": "public",
                                                    "Alias": "cn",
                                                    "Startup Cost": 0.0,
                                                    "Total Cost": 44299.06,
                                                    "Plan Rows": 785106,
                                                    "Plan Width": 20,
                                                    "Actual Startup Time": 0.067,
                                                    "Actual Total Time": 107.284,
                                                    "Actual Rows": 448620,
                                                    "Actual Loops": 7,
                                                    "Output": [
                                                        "cn.name",
                                                        "cn.id"
                                                    ],
                                                    "Workers": [
                                                        {
                                                            "Worker Number": 0,
                                                            "Actual Startup Time": 0.071,
                                                            "Actual Total Time": 108.51,
                                                            "Actual Rows": 407385,
                                                            "Actual Loops": 1
                                                        },
                                                        {
                                                            "Worker Number": 1,
                                                            "Actual Startup Time": 0.068,
                                                            "Actual Total Time": 108.9,
                                                            "Actual Rows": 410680,
                                                            "Actual Loops": 1
                                                        },
                                                        {
                                                            "Worker Number": 2,
                                                            "Actual Startup Time": 0.069,
                                                            "Actual Total Time": 109.287,
                                                            "Actual Rows": 412633,
                                                            "Actual Loops": 1
                                                        },
                                                        {
                                                            "Worker Number": 3,
                                                            "Actual Startup Time": 0.073,
                                                            "Actual Total Time": 109.29,
                                                            "Actual Rows": 409521,
                                                            "Actual Loops": 1
                                                        },
                                                        {
                                                            "Worker Number": 4,
                                                            "Actual Startup Time": 0.076,
                                                            "Actual Total Time": 102.25,
                                                            "Actual Rows": 521711,
                                                            "Actual Loops": 1
                                                        },
                                                        {
                                                            "Worker Number": 5,
                                                            "Actual Startup Time": 0.075,
                                                            "Actual Total Time": 109.986,
                                                            "Actual Rows": 393732,
                                                            "Actual Loops": 1
                                                        }
                                                    ]
                                                }
                                            ]
                                        }
                                    ]
                                }
                            ]
                        }
                    ]
                }
            ]
        },
        "Planning Time": 252.969,
        "Triggers": [],
        "Execution Time": 1481.723
    }
]