{
  "Plan": {
    "Node Type": "Aggregate",
    "Strategy": "Plain",
    "Partial Mode": "Finalize",
    "Parallel Aware": false,
    "Startup Cost": 674117.38,
    "Total Cost": 674117.39,
    "Plan Rows": 1,
    "Plan Width": 8,
    "Actual Startup Time": 8519.352,
    "Actual Total Time": 8576.713,
    "Actual Rows": 1,
    "Actual Loops": 1,
    "Plans": [
      {
        "Node Type": "Gather",
        "Parent Relationship": "Outer",
        "Parallel Aware": false,
        "Startup Cost": 674117.27,
        "Total Cost": 674117.38,
        "Plan Rows": 1,
        "Plan Width": 8,
        "Actual Startup Time": 8515.682,
        "Actual Total Time": 8576.702,
        "Actual Rows": 2,
        "Actual Loops": 1,
        "Workers Planned": 1,
        "Workers Launched": 1,
        "Single Copy": false,
        "Plans": [
          {
            "Node Type": "Aggregate",
            "Strategy": "Plain",
            "Partial Mode": "Partial",
            "Parent Relationship": "Outer",
            "Parallel Aware": false,
            "Startup Cost": 673117.27,
            "Total Cost": 673117.28,
            "Plan Rows": 1,
            "Plan Width": 8,
            "Actual Startup Time": 8508.309,
            "Actual Total Time": 8508.313,
            "Actual Rows": 1,
            "Actual Loops": 2,
            "Plans": [
              {
                "Node Type": "Hash Join",
                "Parent Relationship": "Outer",
                "Parallel Aware": true,
                "Join Type": "Inner",
                "Startup Cost": 68301.9,
                "Total Cost": 637734.92,
                "Plan Rows": 14152937,
                "Plan Width": 0,
                "Actual Startup Time": 551.215,
                "Actual Total Time": 8036.827,
                "Actual Rows": 11612453,
                "Actual Loops": 2,
                "Inner Unique": true,
                "Hash Cond": "(ci.movie_id = t.id)",
                "Plans": [
                  {
                    "Node Type": "Seq Scan",
                    "Parent Relationship": "Outer",
                    "Parallel Aware": true,
                    "Relation Name": "cast_info",
                    "Alias": "ci",
                    "Startup Cost": 0.0,
                    "Total Cost": 519069.44,
                    "Plan Rows": 19186092,
                    "Plan Width": 4,
                    "Actual Startup Time": 88.187,
                    "Actual Total Time": 1711.152,
                    "Actual Rows": 16254066,
                    "Actual Loops": 2,
                    "Filter": "(person_id > 357875)",
                    "Rows Removed by Filter": 1868106
                  },
                  {
                    "Node Type": "Hash",
                    "Parent Relationship": "Inner",
                    "Parallel Aware": true,
                    "Startup Cost": 54588.39,
                    "Total Cost": 54588.39,
                    "Plan Rows": 1097081,
                    "Plan Width": 4,
                    "Actual Startup Time": 448.098,
                    "Actual Total Time": 448.099,
                    "Actual Rows": 932744,
                    "Actual Loops": 2,
                    "Hash Buckets": 2097152,
                    "Original Hash Buckets": 2097152,
                    "Hash Batches": 1,
                    "Original Hash Batches": 1,
                    "Peak Memory Usage": 89408,
                    "Plans": [
                      {
                        "Node Type": "Seq Scan",
                        "Parent Relationship": "Outer",
                        "Parallel Aware": true,
                        "Relation Name": "title",
                        "Alias": "t",
                        "Startup Cost": 0.0,
                        "Total Cost": 54588.39,
                        "Plan Rows": 1097081,
                        "Plan Width": 4,
                        "Actual Startup Time": 0.055,
                        "Actual Total Time": 171.352,
                        "Actual Rows": 932744,
                        "Actual Loops": 2,
                        "Filter": "(kind_id > 1)",
                        "Rows Removed by Filter": 331412
                      }
                    ]
                  }
                ]
              }
            ]
          }
        ]
      }
    ]
  },
  "Planning Time": 0.697,
  "Triggers": [],
  "Execution Time": 8576.795
}