[
  {
    "Plan": {
      "Node Type": "Aggregate",
      "Strategy": "Plain",
      "Partial Mode": "Finalize",
      "Parallel Aware": false,
      "Startup Cost": 116104.83,
      "Total Cost": 116104.84,
      "Plan Rows": 1,
      "Plan Width": 8,
      "Actual Startup Time": 738.638,
      "Actual Total Time": 761.109,
      "Actual Rows": 1,
      "Actual Loops": 1,
      "Plans": [
        {
          "Node Type": "Gather",
          "Parent Relationship": "Outer",
          "Parallel Aware": false,
          "Startup Cost": 116104.51,
          "Total Cost": 116104.82,
          "Plan Rows": 3,
          "Plan Width": 8,
          "Actual Startup Time": 726.727,
          "Actual Total Time": 761.099,
          "Actual Rows": 4,
          "Actual Loops": 1,
          "Workers Planned": 3,
          "Workers Launched": 3,
          "Single Copy": false,
          "Plans": [
            {
              "Node Type": "Aggregate",
              "Strategy": "Plain",
              "Partial Mode": "Partial",
              "Parent Relationship": "Outer",
              "Parallel Aware": false,
              "Startup Cost": 115104.51,
              "Total Cost": 115104.52,
              "Plan Rows": 1,
              "Plan Width": 8,
              "Actual Startup Time": 717.364,
              "Actual Total Time": 717.495,
              "Actual Rows": 1,
              "Actual Loops": 4,
              "Plans": [
                {
                  "Node Type": "Hash Join",
                  "Parent Relationship": "Outer",
                  "Parallel Aware": true,
                  "Join Type": "Inner",
                  "Startup Cost": 84142.68,
                  "Total Cost": 114842.94,
                  "Plan Rows": 104628,
                  "Plan Width": 0,
                  "Actual Startup Time": 501.997,
                  "Actual Total Time": 693.799,
                  "Actual Rows": 538100,
                  "Actual Loops": 4,
                  "Inner Unique": false,
                  "Hash Cond": "(mc.movie_id = t.id)",
                  "Plans": [
                    {
                      "Node Type": "Seq Scan",
                      "Parent Relationship": "Outer",
                      "Parallel Aware": true,
                      "Relation Name": "movie_companies",
                      "Alias": "mc",
                      "Startup Cost": 0.0,
                      "Total Cost": 27206.55,
                      "Plan Rows": 841655,
                      "Plan Width": 4,
                      "Actual Startup Time": 0.022,
                      "Actual Total Time": 59.722,
                      "Actual Rows": 652282,
                      "Actual Loops": 4
                    },
                    {
                      "Node Type": "Hash",
                      "Parent Relationship": "Inner",
                      "Parallel Aware": true,
                      "Startup Cost": 82875.36,
                      "Total Cost": 82875.36,
                      "Plan Rows": 101386,
                      "Plan Width": 8,
                      "Actual Startup Time": 498.781,
                      "Actual Total Time": 498.91,
                      "Actual Rows": 82827,
                      "Actual Loops": 4,
                      "Hash Buckets": 524288,
                      "Original Hash Buckets": 524288,
                      "Hash Batches": 1,
                      "Original Hash Batches": 1,
                      "Peak Memory Usage": 17120,
                      "Plans": [
                        {
                          "Node Type": "Hash Join",
                          "Parent Relationship": "Outer",
                          "Parallel Aware": true,
                          "Join Type": "Inner",
                          "Startup Cost": 56887.89,
                          "Total Cost": 82875.36,
                          "Plan Rows": 101386,
                          "Plan Width": 8,
                          "Actual Startup Time": 385.029,
                          "Actual Total Time": 472.462,
                          "Actual Rows": 82827,
                          "Actual Loops": 4,
                          "Inner Unique": true,
                          "Hash Cond": "(mk.movie_id = t.id)",
                          "Plans": [
                            {
                              "Node Type": "Bitmap Heap Scan",
                              "Parent Relationship": "Outer",
                              "Parallel Aware": true,
                              "Relation Name": "movie_keyword",
                              "Alias": "mk",
                              "Startup Cost": 6668.24,
                              "Total Cost": 32389.57,
                              "Plan Rows": 101386,
                              "Plan Width": 4,
                              "Actual Startup Time": 21.952,
                              "Actual Total Time": 69.925,
                              "Actual Rows": 82827,
                              "Actual Loops": 4,
                              "Recheck Cond": "(keyword_id < 267)",
                              "Rows Removed by Index Recheck": 0,
                              "Exact Heap Blocks": 8154,
                              "Lossy Heap Blocks": 0,
                              "Plans": [
                                {
                                  "Node Type": "Bitmap Index Scan",
                                  "Parent Relationship": "Outer",
                                  "Parallel Aware": false,
                                  "Index Name": "keyword_id_movie_keyword",
                                  "Startup Cost": 0.0,
                                  "Total Cost": 6589.67,
                                  "Plan Rows": 314298,
                                  "Plan Width": 0,
                                  "Actual Startup Time": 18.334,
                                  "Actual Total Time": 18.334,
                                  "Actual Rows": 331308,
                                  "Actual Loops": 1,
                                  "Index Cond": "(keyword_id < 267)"
                                }
                              ]
                            },
                            {
                              "Node Type": "Hash",
                              "Parent Relationship": "Inner",
                              "Parallel Aware": true,
                              "Startup Cost": 42318.73,
                              "Total Cost": 42318.73,
                              "Plan Rows": 632073,
                              "Plan Width": 4,
                              "Actual Startup Time": 354.222,
                              "Actual Total Time": 354.223,
                              "Actual Rows": 632078,
                              "Actual Loops": 4,
                              "Hash Buckets": 4194304,
                              "Original Hash Buckets": 4194304,
                              "Hash Batches": 1,
                              "Original Hash Batches": 1,
                              "Peak Memory Usage": 131712,
                              "Plans": [
                                {
                                  "Node Type": "Seq Scan",
                                  "Parent Relationship": "Outer",
                                  "Parallel Aware": true,
                                  "Relation Name": "title",
                                  "Alias": "t",
                                  "Startup Cost": 0.0,
                                  "Total Cost": 42318.73,
                                  "Plan Rows": 632073,
                                  "Plan Width": 4,
                                  "Actual Startup Time": 0.046,
                                  "Actual Total Time": 101.283,
                                  "Actual Rows": 632078,
                                  "Actual Loops": 4
                                }
                              ]
                            }
                          ]
                        }
                      ]
                    }
                  ]
                }
              ]
            }
          ]
        }
      ]
    },
    "Planning Time": 1.377,
    "Triggers": [],
    "Execution Time": 761.219
  }
]