[
  {
    "Plan": {
      "Node Type": "Aggregate",
      "Strategy": "Plain",
      "Partial Mode": "Finalize",
      "Parallel Aware": false,
      "Startup Cost": 96659.62,
      "Total Cost": 96659.63,
      "Plan Rows": 1,
      "Plan Width": 8,
      "Actual Startup Time": 522.04,
      "Actual Total Time": 538.423,
      "Actual Rows": 1,
      "Actual Loops": 1,
      "Plans": [
        {
          "Node Type": "Gather",
          "Parent Relationship": "Outer",
          "Parallel Aware": false,
          "Startup Cost": 96659.31,
          "Total Cost": 96659.62,
          "Plan Rows": 3,
          "Plan Width": 8,
          "Actual Startup Time": 515.819,
          "Actual Total Time": 538.412,
          "Actual Rows": 4,
          "Actual Loops": 1,
          "Workers Planned": 3,
          "Workers Launched": 3,
          "Single Copy": false,
          "Plans": [
            {
              "Node Type": "Aggregate",
              "Strategy": "Plain",
              "Partial Mode": "Partial",
              "Parent Relationship": "Outer",
              "Parallel Aware": false,
              "Startup Cost": 95659.31,
              "Total Cost": 95659.32,
              "Plan Rows": 1,
              "Plan Width": 8,
              "Actual Startup Time": 504.348,
              "Actual Total Time": 504.351,
              "Actual Rows": 1,
              "Actual Loops": 4,
              "Plans": [
                {
                  "Node Type": "Hash Join",
                  "Parent Relationship": "Outer",
                  "Parallel Aware": true,
                  "Join Type": "Inner",
                  "Startup Cost": 50102.28,
                  "Total Cost": 94435.1,
                  "Plan Rows": 489682,
                  "Plan Width": 0,
                  "Actual Startup Time": 299.233,
                  "Actual Total Time": 490.271,
                  "Actual Rows": 356128,
                  "Actual Loops": 4,
                  "Inner Unique": true,
                  "Hash Cond": "(mk.movie_id = t.id)",
                  "Plans": [
                    {
                      "Node Type": "Seq Scan",
                      "Parent Relationship": "Outer",
                      "Parallel Aware": true,
                      "Relation Name": "movie_keyword",
                      "Alias": "mk",
                      "Startup Cost": 0.0,
                      "Total Cost": 42695.65,
                      "Plan Rows": 623684,
                      "Plan Width": 4,
                      "Actual Startup Time": 0.025,
                      "Actual Total Time": 99.108,
                      "Actual Rows": 484288,
                      "Actual Loops": 4,
                      "Filter": "(keyword_id < 3337)",
                      "Rows Removed by Filter": 646694
                    },
                    {
                      "Node Type": "Hash",
                      "Parent Relationship": "Inner",
                      "Parallel Aware": true,
                      "Startup Cost": 43898.92,
                      "Total Cost": 43898.92,
                      "Plan Rows": 496269,
                      "Plan Width": 4,
                      "Actual Startup Time": 291.6,
                      "Actual Total Time": 291.601,
                      "Actual Rows": 494154,
                      "Actual Loops": 4,
                      "Hash Buckets": 2097152,
                      "Original Hash Buckets": 2097152,
                      "Hash Batches": 1,
                      "Original Hash Batches": 1,
                      "Peak Memory Usage": 93760,
                      "Plans": [
                        {
                          "Node Type": "Seq Scan",
                          "Parent Relationship": "Outer",
                          "Parallel Aware": true,
                          "Relation Name": "title",
                          "Alias": "t",
                          "Startup Cost": 0.0,
                          "Total Cost": 43898.92,
                          "Plan Rows": 496269,
                          "Plan Width": 4,
                          "Actual Startup Time": 0.035,
                          "Actual Total Time": 110.882,
                          "Actual Rows": 494154,
                          "Actual Loops": 4,
                          "Filter": "(production_year > 1977)",
                          "Rows Removed by Filter": 137924
                        }
                      ]
                    }
                  ]
                }
              ]
            }
          ]
        }
      ]
    },
    "Planning Time": 0.594,
    "Triggers": [],
    "Execution Time": 538.491
  }
]