[
  {
    "Plan": {
      "Node Type": "Aggregate",
      "Strategy": "Plain",
      "Partial Mode": "Simple",
      "Parallel Aware": false,
      "Startup Cost": 30623.11,
      "Total Cost": 30623.12,
      "Plan Rows": 1,
      "Plan Width": 68,
      "Actual Startup Time": 2320.297,
      "Actual Total Time": 2320.301,
      "Actual Rows": 1,
      "Actual Loops": 1,
      "Output": [
        "min(mc.note)",
        "min(t.title)",
        "min(t.production_year)"
      ],
      "Plans": [
        {
          "Node Type": "Hash Join",
          "Parent Relationship": "Outer",
          "Parallel Aware": false,
          "Join Type": "Inner",
          "Startup Cost": 6244.17,
          "Total Cost": 30621.83,
          "Plan Rows": 171,
          "Plan Width": 45,
          "Actual Startup Time": 79.545,
          "Actual Total Time": 2314.097,
          "Actual Rows": 20624,
          "Actual Loops": 1,
          "Output": [
            "mc.note",
            "t.title",
            "t.production_year"
          ],
          "Inner Unique": true,
          "Hash Cond": "(mc.company_type_id = ct.id)",
          "Plans": [
            {
              "Node Type": "Nested Loop",
              "Parent Relationship": "Outer",
              "Parallel Aware": false,
              "Join Type": "Inner",
              "Startup Cost": 6243.11,
              "Total Cost": 30249.89,
              "Plan Rows": 68600,
              "Plan Width": 49,
              "Actual Startup Time": 79.349,
              "Actual Total Time": 2306.35,
              "Actual Rows": 20836,
              "Actual Loops": 1,
              "Output": [
                "mc.note",
                "mc.company_type_id",
                "t.title",
                "t.production_year"
              ],
              "Inner Unique": true,
              "Join Filter": "(mc.movie_id = t.id)",
              "Rows Removed by Join Filter": 0,
              "Plans": [
                {
                  "Node Type": "Nested Loop",
                  "Parent Relationship": "Outer",
                  "Parallel Aware": false,
                  "Join Type": "Inner",
                  "Startup Cost": 6242.68,
                  "Total Cost": 29844.86,
                  "Plan Rows": 686,
                  "Plan Width": 36,
                  "Actual Startup Time": 79.25,
                  "Actual Total Time": 2126.566,
                  "Actual Rows": 20836,
                  "Actual Loops": 1,
                  "Output": [
                    "mi_idx.movie_id",
                    "mc.note",
                    "mc.company_type_id",
                    "mc.movie_id"
                  ],
                  "Inner Unique": false,
                  "Plans": [
                    {
                      "Node Type": "Nested Loop",
                      "Parent Relationship": "Outer",
                      "Parallel Aware": false,
                      "Join Type": "Inner",
                      "Startup Cost": 6242.25,
                      "Total Cost": 21942.36,
                      "Plan Rows": 12213,
                      "Plan Width": 4,
                      "Actual Startup Time": 77.666,
                      "Actual Total Time": 299.595,
                      "Actual Rows": 459925,
                      "Actual Loops": 1,
                      "Output": [
                        "mi_idx.movie_id"
                      ],
                      "Inner Unique": false,
                      "Plans": [
                        {
                          "Node Type": "Seq Scan",
                          "Parent Relationship": "Outer",
                          "Parallel Aware": false,
                          "Relation Name": "info_type",
                          "Schema": "public",
                          "Alias": "it",
                          "Startup Cost": 0.0,
                          "Total Cost": 2.41,
                          "Plan Rows": 1,
                          "Plan Width": 4,
                          "Actual Startup Time": 0.033,
                          "Actual Total Time": 0.038,
                          "Actual Rows": 1,
                          "Actual Loops": 1,
                          "Output": [
                            "it.id",
                            "it.info"
                          ],
                          "Filter": "((it.info)::text = 'votes distribution'::text)",
                          "Rows Removed by Filter": 112
                        },
                        {
                          "Node Type": "Bitmap Heap Scan",
                          "Parent Relationship": "Inner",
                          "Parallel Aware": false,
                          "Relation Name": "movie_info_idx",
                          "Schema": "public",
                          "Alias": "mi_idx",
                          "Startup Cost": 6242.25,
                          "Total Cost": 18489.86,
                          "Plan Rows": 345009,
                          "Plan Width": 8,
                          "Actual Startup Time": 77.621,
                          "Actual Total Time": 240.042,
                          "Actual Rows": 459925,
                          "Actual Loops": 1,
                          "Output": [
                            "mi_idx.id",
                            "mi_idx.movie_id",
                            "mi_idx.info_type_id",
                            "mi_idx.info",
                            "mi_idx.note"
                          ],
                          "Recheck Cond": "(mi_idx.info_type_id = it.id)",
                          "Rows Removed by Index Recheck": 0,
                          "Exact Heap Blocks": 7934,
                          "Lossy Heap Blocks": 0,
                          "Plans": [
                            {
                              "Node Type": "Bitmap Index Scan",
                              "Parent Relationship": "Outer",
                              "Parallel Aware": false,
                              "Index Name": "info_type_id_movie_info_idx",
                              "Startup Cost": 0.0,
                              "Total Cost": 6155.99,
                              "Plan Rows": 345009,
                              "Plan Width": 0,
                              "Actual Startup Time": 76.136,
                              "Actual Total Time": 76.137,
                              "Actual Rows": 459925,
                              "Actual Loops": 1,
                              "Index Cond": "(mi_idx.info_type_id = it.id)"
                            }
                          ]
                        }
                      ]
                    },
                    {
                      "Node Type": "Index Scan",
                      "Parent Relationship": "Inner",
                      "Parallel Aware": false,
                      "Scan Direction": "Forward",
                      "Index Name": "movie_id_movie_companies",
                      "Relation Name": "movie_companies",
                      "Schema": "public",
                      "Alias": "mc",
                      "Startup Cost": 0.43,
                      "Total Cost": 0.64,
                      "Plan Rows": 1,
                      "Plan Width": 32,
                      "Actual Startup Time": 0.004,
                      "Actual Total Time": 0.004,
                      "Actual Rows": 0,
                      "Actual Loops": 459925,
                      "Output": [
                        "mc.id",
                        "mc.movie_id",
                        "mc.company_id",
                        "mc.company_type_id",
                        "mc.note"
                      ],
                      "Index Cond": "(mc.movie_id = mi_idx.movie_id)",
                      "Rows Removed by Index Recheck": 0,
                      "Filter": "((mc.note !~~ '%(as Metro-Goldwyn-Mayer Pictures)%'::text) AND ((mc.note ~~ '%(co-production)%'::text) OR (mc.note ~~ '%(presents)%'::text)))",
                      "Rows Removed by Filter": 3
                    }
                  ]
                },
                {
                  "Node Type": "Index Scan",
                  "Parent Relationship": "Inner",
                  "Parallel Aware": false,
                  "Scan Direction": "Forward",
                  "Index Name": "title_pkey",
                  "Relation Name": "title",
                  "Schema": "public",
                  "Alias": "t",
                  "Startup Cost": 0.43,
                  "Total Cost": 0.58,
                  "Plan Rows": 1,
                  "Plan Width": 25,
                  "Actual Startup Time": 0.008,
                  "Actual Total Time": 0.008,
                  "Actual Rows": 1,
                  "Actual Loops": 20836,
                  "Output": [
                    "t.id",
                    "t.title",
                    "t.imdb_index",
                    "t.kind_id",
                    "t.production_year",
                    "t.imdb_id",
                    "t.phonetic_code",
                    "t.episode_of_id",
                    "t.season_nr",
                    "t.episode_nr",
                    "t.series_years",
                    "t.md5sum"
                  ],
                  "Index Cond": "(t.id = mi_idx.movie_id)",
                  "Rows Removed by Index Recheck": 0
                }
              ]
            },
            {
              "Node Type": "Hash",
              "Parent Relationship": "Inner",
              "Parallel Aware": false,
              "Startup Cost": 1.05,
              "Total Cost": 1.05,
              "Plan Rows": 1,
              "Plan Width": 4,
              "Actual Startup Time": 0.032,
              "Actual Total Time": 0.032,
              "Actual Rows": 1,
              "Actual Loops": 1,
              "Output": [
                "ct.id"
              ],
              "Hash Buckets": 1024,
              "Original Hash Buckets": 1024,
              "Hash Batches": 1,
              "Original Hash Batches": 1,
              "Peak Memory Usage": 9,
              "Plans": [
                {
                  "Node Type": "Seq Scan",
                  "Parent Relationship": "Outer",
                  "Parallel Aware": false,
                  "Relation Name": "company_type",
                  "Schema": "public",
                  "Alias": "ct",
                  "Startup Cost": 0.0,
                  "Total Cost": 1.05,
                  "Plan Rows": 1,
                  "Plan Width": 4,
                  "Actual Startup Time": 0.024,
                  "Actual Total Time": 0.026,
                  "Actual Rows": 1,
                  "Actual Loops": 1,
                  "Output": [
                    "ct.id"
                  ],
                  "Filter": "((ct.kind)::text = 'production companies'::text)",
                  "Rows Removed by Filter": 3
                }
              ]
            }
          ]
        }
      ]
    },
    "Planning Time": 47948.123,
    "Triggers": [],
    "Execution Time": 2320.697
  }
]