[
  {
    "Plan": {
      "Node Type": "Aggregate",
      "Strategy": "Plain",
      "Partial Mode": "Finalize",
      "Parallel Aware": false,
      "Startup Cost": 105105.25,
      "Total Cost": 105105.26,
      "Plan Rows": 1,
      "Plan Width": 8,
      "Actual Startup Time": 80.848,
      "Actual Total Time": 95.517,
      "Actual Rows": 1,
      "Actual Loops": 1,
      "Plans": [
        {
          "Node Type": "Gather",
          "Parent Relationship": "Outer",
          "Parallel Aware": false,
          "Startup Cost": 105104.83,
          "Total Cost": 105105.24,
          "Plan Rows": 4,
          "Plan Width": 8,
          "Actual Startup Time": 80.256,
          "Actual Total Time": 95.501,
          "Actual Rows": 5,
          "Actual Loops": 1,
          "Workers Planned": 4,
          "Workers Launched": 4,
          "Single Copy": false,
          "Plans": [
            {
              "Node Type": "Aggregate",
              "Strategy": "Plain",
              "Partial Mode": "Partial",
              "Parent Relationship": "Outer",
              "Parallel Aware": false,
              "Startup Cost": 104104.83,
              "Total Cost": 104104.84,
              "Plan Rows": 1,
              "Plan Width": 8,
              "Actual Startup Time": 70.395,
              "Actual Total Time": 70.397,
              "Actual Rows": 1,
              "Actual Loops": 5,
              "Plans": [
                {
                  "Node Type": "Nested Loop",
                  "Parent Relationship": "Outer",
                  "Parallel Aware": false,
                  "Join Type": "Inner",
                  "Startup Cost": 1698.53,
                  "Total Cost": 104086.32,
                  "Plan Rows": 7406,
                  "Plan Width": 0,
                  "Actual Startup Time": 4.533,
                  "Actual Total Time": 69.63,
                  "Actual Rows": 5683,
                  "Actual Loops": 5,
                  "Inner Unique": false,
                  "Plans": [
                    {
                      "Node Type": "Bitmap Heap Scan",
                      "Parent Relationship": "Outer",
                      "Parallel Aware": true,
                      "Relation Name": "title",
                      "Alias": "t",
                      "Startup Cost": 1697.96,
                      "Total Cost": 38052.47,
                      "Plan Rows": 516,
                      "Plan Width": 4,
                      "Actual Startup Time": 4.294,
                      "Actual Total Time": 29.87,
                      "Actual Rows": 467,
                      "Actual Loops": 5,
                      "Recheck Cond": "(kind_id = 2)",
                      "Rows Removed by Index Recheck": 0,
                      "Filter": "(production_year = 2000)",
                      "Rows Removed by Filter": 17703,
                      "Exact Heap Blocks": 12301,
                      "Lossy Heap Blocks": 0,
                      "Plans": [
                        {
                          "Node Type": "Bitmap Index Scan",
                          "Parent Relationship": "Outer",
                          "Parallel Aware": false,
                          "Index Name": "kind_id_title",
                          "Startup Cost": 0.0,
                          "Total Cost": 1697.45,
                          "Plan Rows": 95069,
                          "Plan Width": 0,
                          "Actual Startup Time": 8.497,
                          "Actual Total Time": 8.497,
                          "Actual Rows": 90852,
                          "Actual Loops": 1,
                          "Index Cond": "(kind_id = 2)"
                        }
                      ]
                    },
                    {
                      "Node Type": "Index Only Scan",
                      "Parent Relationship": "Inner",
                      "Parallel Aware": false,
                      "Scan Direction": "Forward",
                      "Index Name": "movie_id_cast_info",
                      "Relation Name": "cast_info",
                      "Alias": "ci",
                      "Startup Cost": 0.56,
                      "Total Cost": 127.62,
                      "Plan Rows": 35,
                      "Plan Width": 4,
                      "Actual Startup Time": 0.019,
                      "Actual Total Time": 0.083,
                      "Actual Rows": 12,
                      "Actual Loops": 2337,
                      "Index Cond": "(movie_id = t.id)",
                      "Rows Removed by Index Recheck": 0,
                      "Heap Fetches": 28416
                    }
                  ]
                }
              ]
            }
          ]
        }
      ]
    },
    "Planning Time": 0.243,
    "Triggers": [],
    "Execution Time": 95.578
  }
]