{
    "Plan": {
        "Node Type": "Aggregate",
        "Strategy": "Plain",
        "Partial Mode": "Simple",
        "Parallel Aware": false,
        "Startup Cost": 50009358334.21,
        "Total Cost": 50009358334.22,
        "Plan Rows": 1,
        "Plan Width": 96,
        "Actual Startup Time": 7833.641,
        "Actual Total Time": 7833.645,
        "Actual Rows": 1,
        "Actual Loops": 1,
        "Output": [
            "min(k.keyword)",
            "min(n.name)",
            "min(t.title)"
        ],
        "Plans": [
            {
                "Node Type": "Nested Loop",
                "Parent Relationship": "Outer",
                "Parallel Aware": false,
                "Join Type": "Inner",
                "Startup Cost": 50000000003.19,
                "Total Cost": 50009358334.19,
                "Plan Rows": 3,
                "Plan Width": 48,
                "Actual Startup Time": 1239.937,
                "Actual Total Time": 7833.579,
                "Actual Rows": 49,
                "Actual Loops": 1,
                "Output": [
                    "k.keyword",
                    "n.name",
                    "t.title"
                ],
                "Inner Unique": true,
                "Plans": [
                    {
                        "Node Type": "Nested Loop",
                        "Parent Relationship": "Outer",
                        "Parallel Aware": false,
                        "Join Type": "Inner",
                        "Startup Cost": 40000000002.75,
                        "Total Cost": 40009356819.69,
                        "Plan Rows": 340,
                        "Plan Width": 37,
                        "Actual Startup Time": 27.294,
                        "Actual Total Time": 7666.791,
                        "Actual Rows": 17402,
                        "Actual Loops": 1,
                        "Output": [
                            "ci.person_id",
                            "k.keyword",
                            "t.title"
                        ],
                        "Inner Unique": false,
                        "Join Filter": "(t.id = ci.movie_id)",
                        "Rows Removed by Join Filter": 0,
                        "Plans": [
                            {
                                "Node Type": "Nested Loop",
                                "Parent Relationship": "Outer",
                                "Parallel Aware": false,
                                "Join Type": "Inner",
                                "Startup Cost": 30000000001.77,
                                "Total Cost": 30009356766.37,
                                "Plan Rows": 9,
                                "Plan Width": 41,
                                "Actual Startup Time": 27.197,
                                "Actual Total Time": 7594.425,
                                "Actual Rows": 217,
                                "Actual Loops": 1,
                                "Output": [
                                    "k.keyword",
                                    "mk.movie_id",
                                    "t.title",
                                    "t.id"
                                ],
                                "Inner Unique": true,
                                "Plans": [
                                    {
                                        "Node Type": "Nested Loop",
                                        "Parent Relationship": "Outer",
                                        "Parallel Aware": false,
                                        "Join Type": "Inner",
                                        "Startup Cost": 20000000001.35,
                                        "Total Cost": 20004072496.98,
                                        "Plan Rows": 1189295,
                                        "Plan Width": 29,
                                        "Actual Startup Time": 0.528,
                                        "Actual Total Time": 4522.097,
                                        "Actual Rows": 684042,
                                        "Actual Loops": 1,
                                        "Output": [
                                            "mk.keyword_id",
                                            "mk.movie_id",
                                            "t.title",
                                            "t.id"
                                        ],
                                        "Inner Unique": false,
                                        "Plans": [
                                            {
                                                "Node Type": "Index Scan",
                                                "Parent Relationship": "Outer",
                                                "Parallel Aware": false,
                                                "Scan Direction": "Forward",
                                                "Index Name": "title_pkey",
                                                "Relation Name": "title",
                                                "Schema": "public",
                                                "Alias": "t",
                                                "Startup Cost": 10000000000.43,
                                                "Total Cost": 10000116662.9,
                                                "Plan Rows": 664670,
                                                "Plan Width": 21,
                                                "Actual Startup Time": 0.43,
                                                "Actual Total Time": 1522.615,
                                                "Actual Rows": 662065,
                                                "Actual Loops": 1,
                                                "Output": [
                                                    "t.id",
                                                    "t.title",
                                                    "t.imdb_index",
                                                    "t.kind_id",
                                                    "t.production_year",
                                                    "t.imdb_id",
                                                    "t.phonetic_code",
                                                    "t.episode_of_id",
                                                    "t.season_nr",
                                                    "t.episode_nr",
                                                    "t.series_years",
                                                    "t.md5sum"
                                                ],
                                                "Filter": "(t.production_year > 2008)",
                                                "Rows Removed by Filter": 1866247
                                            },
                                            {
                                                "Node Type": "Bitmap Heap Scan",
                                                "Parent Relationship": "Inner",
                                                "Parallel Aware": false,
                                                "Relation Name": "movie_keyword",
                                                "Schema": "public",
                                                "Alias": "mk",
                                                "Startup Cost": 0.92,
                                                "Total Cost": 5.49,
                                                "Plan Rows": 46,
                                                "Plan Width": 8,
                                                "Actual Startup Time": 0.003,
                                                "Actual Total Time": 0.003,
                                                "Actual Rows": 1,
                                                "Actual Loops": 662065,
                                                "Output": [
                                                    "mk.id",
                                                    "mk.movie_id",
                                                    "mk.keyword_id"
                                                ],
                                                "Recheck Cond": "(mk.movie_id = t.id)",
                                                "Rows Removed by Index Recheck": 0,
                                                "Exact Heap Blocks": 80095,
                                                "Lossy Heap Blocks": 0,
                                                "Plans": [
                                                    {
                                                        "Node Type": "Bitmap Index Scan",
                                                        "Parent Relationship": "Outer",
                                                        "Parallel Aware": false,
                                                        "Index Name": "movie_id_movie_keyword",
                                                        "Startup Cost": 0.0,
                                                        "Total Cost": 0.91,
                                                        "Plan Rows": 46,
                                                        "Plan Width": 0,
                                                        "Actual Startup Time": 0.002,
                                                        "Actual Total Time": 0.002,
                                                        "Actual Rows": 1,
                                                        "Actual Loops": 662065,
                                                        "Index Cond": "(mk.movie_id = t.id)"
                                                    }
                                                ]
                                            }
                                        ]
                                    },
                                    {
                                        "Node Type": "Bitmap Heap Scan",
                                        "Parent Relationship": "Inner",
                                        "Parallel Aware": false,
                                        "Relation Name": "keyword",
                                        "Schema": "public",
                                        "Alias": "k",
                                        "Startup Cost": 0.43,
                                        "Total Cost": 4.44,
                                        "Plan Rows": 1,
                                        "Plan Width": 20,
                                        "Actual Startup Time": 0.003,
                                        "Actual Total Time": 0.003,
                                        "Actual Rows": 0,
                                        "Actual Loops": 684042,
                                        "Output": [
                                            "k.id",
                                            "k.keyword",
                                            "k.phonetic_code"
                                        ],
                                        "Recheck Cond": "(k.id = mk.keyword_id)",
                                        "Rows Removed by Index Recheck": 0,
                                        "Filter": "(k.keyword = 'based-on-comic'::text)",
                                        "Rows Removed by Filter": 1,
                                        "Exact Heap Blocks": 684042,
                                        "Lossy Heap Blocks": 0,
                                        "Plans": [
                                            {
                                                "Node Type": "Bitmap Index Scan",
                                                "Parent Relationship": "Outer",
                                                "Parallel Aware": false,
                                                "Index Name": "keyword_pkey",
                                                "Startup Cost": 0.0,
                                                "Total Cost": 0.43,
                                                "Plan Rows": 1,
                                                "Plan Width": 0,
                                                "Actual Startup Time": 0.002,
                                                "Actual Total Time": 0.002,
                                                "Actual Rows": 1,
                                                "Actual Loops": 684042,
                                                "Index Cond": "(k.id = mk.keyword_id)"
                                            }
                                        ]
                                    }
                                ]
                            },
                            {
                                "Node Type": "Bitmap Heap Scan",
                                "Parent Relationship": "Inner",
                                "Parallel Aware": false,
                                "Relation Name": "cast_info",
                                "Schema": "public",
                                "Alias": "ci",
                                "Startup Cost": 0.97,
                                "Total Cost": 5.45,
                                "Plan Rows": 38,
                                "Plan Width": 8,
                                "Actual Startup Time": 0.037,
                                "Actual Total Time": 0.312,
                                "Actual Rows": 80,
                                "Actual Loops": 217,
                                "Output": [
                                    "ci.id",
                                    "ci.person_id",
                                    "ci.movie_id",
                                    "ci.person_role_id",
                                    "ci.note",
                                    "ci.nr_order",
                                    "ci.role_id"
                                ],
                                "Recheck Cond": "(ci.movie_id = mk.movie_id)",
                                "Rows Removed by Index Recheck": 0,
                                "Exact Heap Blocks": 16443,
                                "Lossy Heap Blocks": 0,
                                "Plans": [
                                    {
                                        "Node Type": "Bitmap Index Scan",
                                        "Parent Relationship": "Outer",
                                        "Parallel Aware": false,
                                        "Index Name": "movie_id_cast_info",
                                        "Startup Cost": 0.0,
                                        "Total Cost": 0.97,
                                        "Plan Rows": 38,
                                        "Plan Width": 0,
                                        "Actual Startup Time": 0.026,
                                        "Actual Total Time": 0.026,
                                        "Actual Rows": 80,
                                        "Actual Loops": 217,
                                        "Index Cond": "(ci.movie_id = mk.movie_id)"
                                    }
                                ]
                            }
                        ]
                    },
                    {
                        "Node Type": "Bitmap Heap Scan",
                        "Parent Relationship": "Inner",
                        "Parallel Aware": false,
                        "Relation Name": "name",
                        "Schema": "public",
                        "Alias": "n",
                        "Startup Cost": 0.44,
                        "Total Cost": 4.45,
                        "Plan Rows": 1,
                        "Plan Width": 19,
                        "Actual Startup Time": 0.008,
                        "Actual Total Time": 0.008,
                        "Actual Rows": 0,
                        "Actual Loops": 17402,
                        "Output": [
                            "n.id",
                            "n.name",
                            "n.imdb_index",
                            "n.imdb_id",
                            "n.gender",
                            "n.name_pcode_cf",
                            "n.name_pcode_nf",
                            "n.surname_pcode",
                            "n.md5sum"
                        ],
                        "Recheck Cond": "(n.id = ci.person_id)",
                        "Rows Removed by Index Recheck": 0,
                        "Filter": "(n.name ~~ '%Jones,%'::text)",
                        "Rows Removed by Filter": 1,
                        "Exact Heap Blocks": 17402,
                        "Lossy Heap Blocks": 0,
                        "Plans": [
                            {
                                "Node Type": "Bitmap Index Scan",
                                "Parent Relationship": "Outer",
                                "Parallel Aware": false,
                                "Index Name": "name_pkey",
                                "Startup Cost": 0.0,
                                "Total Cost": 0.44,
                                "Plan Rows": 1,
                                "Plan Width": 0,
                                "Actual Startup Time": 0.005,
                                "Actual Total Time": 0.005,
                                "Actual Rows": 1,
                                "Actual Loops": 17402,
                                "Index Cond": "(n.id = ci.person_id)"
                            }
                        ]
                    }
                ]
            }
        ]
    },
    "Planning Time": 5.88,
    "Triggers": [],
    "Execution Time": 7834.737
}