[
  {
    "Plan": {
      "Node Type": "Aggregate",
      "Strategy": "Plain",
      "Partial Mode": "Finalize",
      "Parallel Aware": false,
      "Startup Cost": 45087.86,
      "Total Cost": 45087.87,
      "Plan Rows": 1,
      "Plan Width": 8,
      "Actual Startup Time": 160.578,
      "Actual Total Time": 170.264,
      "Actual Rows": 1,
      "Actual Loops": 1,
      "Plans": [
        {
          "Node Type": "Gather",
          "Parent Relationship": "Outer",
          "Parallel Aware": false,
          "Startup Cost": 45087.55,
          "Total Cost": 45087.86,
          "Plan Rows": 3,
          "Plan Width": 8,
          "Actual Startup Time": 160.477,
          "Actual Total Time": 170.256,
          "Actual Rows": 4,
          "Actual Loops": 1,
          "Workers Planned": 3,
          "Workers Launched": 3,
          "Single Copy": false,
          "Plans": [
            {
              "Node Type": "Aggregate",
              "Strategy": "Plain",
              "Partial Mode": "Partial",
              "Parent Relationship": "Outer",
              "Parallel Aware": false,
              "Startup Cost": 44087.55,
              "Total Cost": 44087.56,
              "Plan Rows": 1,
              "Plan Width": 8,
              "Actual Startup Time": 152.447,
              "Actual Total Time": 152.449,
              "Actual Rows": 1,
              "Actual Loops": 4,
              "Plans": [
                {
                  "Node Type": "Seq Scan",
                  "Parent Relationship": "Outer",
                  "Parallel Aware": true,
                  "Relation Name": "movie_keyword",
                  "Alias": "mk",
                  "Startup Cost": 0.0,
                  "Total Cost": 42695.65,
                  "Plan Rows": 556757,
                  "Plan Width": 0,
                  "Actual Startup Time": 1.212,
                  "Actual Total Time": 127.569,
                  "Actual Rows": 433553,
                  "Actual Loops": 4,
                  "Filter": "(keyword_id > 8137)",
                  "Rows Removed by Filter": 697430
                }
              ]
            }
          ]
        }
      ]
    },
    "Planning Time": 0.163,
    "Triggers": [],
    "Execution Time": 170.317
  }
]