[
  {
    "Plan": {
      "Node Type": "Aggregate",
      "Strategy": "Plain",
      "Partial Mode": "Finalize",
      "Parallel Aware": false,
      "Startup Cost": 30758.84,
      "Total Cost": 30758.85,
      "Plan Rows": 1,
      "Plan Width": 8,
      "Actual Startup Time": 89.219,
      "Actual Total Time": 98.076,
      "Actual Rows": 1,
      "Actual Loops": 1,
      "Plans": [
        {
          "Node Type": "Gather",
          "Parent Relationship": "Outer",
          "Parallel Aware": false,
          "Startup Cost": 30758.52,
          "Total Cost": 30758.83,
          "Plan Rows": 3,
          "Plan Width": 8,
          "Actual Startup Time": 88.967,
          "Actual Total Time": 98.065,
          "Actual Rows": 4,
          "Actual Loops": 1,
          "Workers Planned": 3,
          "Workers Launched": 3,
          "Single Copy": false,
          "Plans": [
            {
              "Node Type": "Aggregate",
              "Strategy": "Plain",
              "Partial Mode": "Partial",
              "Parent Relationship": "Outer",
              "Parallel Aware": false,
              "Startup Cost": 29758.52,
              "Total Cost": 29758.53,
              "Plan Rows": 1,
              "Plan Width": 8,
              "Actual Startup Time": 83.94,
              "Actual Total Time": 83.942,
              "Actual Rows": 1,
              "Actual Loops": 4,
              "Plans": [
                {
                  "Node Type": "Seq Scan",
                  "Parent Relationship": "Outer",
                  "Parallel Aware": true,
                  "Relation Name": "movie_companies",
                  "Alias": "mc",
                  "Startup Cost": 0.0,
                  "Total Cost": 29310.68,
                  "Plan Rows": 179136,
                  "Plan Width": 0,
                  "Actual Startup Time": 0.023,
                  "Actual Total Time": 74.549,
                  "Actual Rows": 137550,
                  "Actual Loops": 4,
                  "Filter": "(company_id < 562)",
                  "Rows Removed by Filter": 514732
                }
              ]
            }
          ]
        }
      ]
    },
    "Planning Time": 0.202,
    "Triggers": [],
    "Execution Time": 98.134
  }
]