[
  {
    "Plan": {
      "Node Type": "Aggregate",
      "Strategy": "Plain",
      "Partial Mode": "Finalize",
      "Parallel Aware": false,
      "Startup Cost": 46155.44,
      "Total Cost": 46155.45,
      "Plan Rows": 1,
      "Plan Width": 8,
      "Actual Startup Time": 178.069,
      "Actual Total Time": 188.042,
      "Actual Rows": 1,
      "Actual Loops": 1,
      "Plans": [
        {
          "Node Type": "Gather",
          "Parent Relationship": "Outer",
          "Parallel Aware": false,
          "Startup Cost": 46155.13,
          "Total Cost": 46155.44,
          "Plan Rows": 3,
          "Plan Width": 8,
          "Actual Startup Time": 177.952,
          "Actual Total Time": 188.032,
          "Actual Rows": 4,
          "Actual Loops": 1,
          "Workers Planned": 3,
          "Workers Launched": 3,
          "Single Copy": false,
          "Plans": [
            {
              "Node Type": "Aggregate",
              "Strategy": "Plain",
              "Partial Mode": "Partial",
              "Parent Relationship": "Outer",
              "Parallel Aware": false,
              "Startup Cost": 45155.13,
              "Total Cost": 45155.14,
              "Plan Rows": 1,
              "Plan Width": 8,
              "Actual Startup Time": 169.478,
              "Actual Total Time": 169.479,
              "Actual Rows": 1,
              "Actual Loops": 4,
              "Plans": [
                {
                  "Node Type": "Seq Scan",
                  "Parent Relationship": "Outer",
                  "Parallel Aware": true,
                  "Relation Name": "movie_keyword",
                  "Alias": "mk",
                  "Startup Cost": 0.0,
                  "Total Cost": 42695.65,
                  "Plan Rows": 983789,
                  "Plan Width": 0,
                  "Actual Startup Time": 0.075,
                  "Actual Total Time": 130.889,
                  "Actual Rows": 760347,
                  "Actual Loops": 4,
                  "Filter": "(keyword_id < 11044)",
                  "Rows Removed by Filter": 370635
                }
              ]
            }
          ]
        }
      ]
    },
    "Planning Time": 0.161,
    "Triggers": [],
    "Execution Time": 188.103
  }
]