[
    {
        "Bao": {
            "Bao prediction": "NaN",
            "Bao recommended hint": "(no hint)"
        }
    },
    {
        "Plan": {
            "Node Type": "Aggregate",
            "Strategy": "Plain",
            "Partial Mode": "Finalize",
            "Parallel Aware": false,
            "Startup Cost": 232218.75,
            "Total Cost": 232218.76,
            "Plan Rows": 1,
            "Plan Width": 8,
            "Actual Startup Time": 453.984,
            "Actual Total Time": 481.262,
            "Actual Rows": 1,
            "Actual Loops": 1,
            "Output": [
                "count(*)"
            ],
            "Plans": [
                {
                    "Node Type": "Gather",
                    "Parent Relationship": "Outer",
                    "Parallel Aware": false,
                    "Startup Cost": 232218.12,
                    "Total Cost": 232218.73,
                    "Plan Rows": 6,
                    "Plan Width": 8,
                    "Actual Startup Time": 453.829,
                    "Actual Total Time": 481.255,
                    "Actual Rows": 7,
                    "Actual Loops": 1,
                    "Output": [
                        "(PARTIAL count(*))"
                    ],
                    "Workers Planned": 6,
                    "Workers Launched": 6,
                    "Single Copy": false,
                    "Plans": [
                        {
                            "Node Type": "Aggregate",
                            "Strategy": "Plain",
                            "Partial Mode": "Partial",
                            "Parent Relationship": "Outer",
                            "Parallel Aware": false,
                            "Startup Cost": 231218.12,
                            "Total Cost": 231218.13,
                            "Plan Rows": 1,
                            "Plan Width": 8,
                            "Actual Startup Time": 443.033,
                            "Actual Total Time": 443.034,
                            "Actual Rows": 1,
                            "Actual Loops": 7,
                            "Output": [
                                "PARTIAL count(*)"
                            ],
                            "Workers": [
                                {
                                    "Worker Number": 0,
                                    "Actual Startup Time": 441.23,
                                    "Actual Total Time": 441.232,
                                    "Actual Rows": 1,
                                    "Actual Loops": 1
                                },
                                {
                                    "Worker Number": 1,
                                    "Actual Startup Time": 441.09,
                                    "Actual Total Time": 441.092,
                                    "Actual Rows": 1,
                                    "Actual Loops": 1
                                },
                                {
                                    "Worker Number": 2,
                                    "Actual Startup Time": 441.432,
                                    "Actual Total Time": 441.433,
                                    "Actual Rows": 1,
                                    "Actual Loops": 1
                                },
                                {
                                    "Worker Number": 3,
                                    "Actual Startup Time": 440.933,
                                    "Actual Total Time": 440.935,
                                    "Actual Rows": 1,
                                    "Actual Loops": 1
                                },
                                {
                                    "Worker Number": 4,
                                    "Actual Startup Time": 441.368,
                                    "Actual Total Time": 441.369,
                                    "Actual Rows": 1,
                                    "Actual Loops": 1
                                },
                                {
                                    "Worker Number": 5,
                                    "Actual Startup Time": 441.914,
                                    "Actual Total Time": 441.915,
                                    "Actual Rows": 1,
                                    "Actual Loops": 1
                                }
                            ],
                            "Plans": [
                                {
                                    "Node Type": "Nested Loop",
                                    "Parent Relationship": "Outer",
                                    "Parallel Aware": false,
                                    "Join Type": "Inner",
                                    "Startup Cost": 0.99,
                                    "Total Cost": 231200.83,
                                    "Plan Rows": 6919,
                                    "Plan Width": 0,
                                    "Actual Startup Time": 270.705,
                                    "Actual Total Time": 440.169,
                                    "Actual Rows": 31376,
                                    "Actual Loops": 7,
                                    "Inner Unique": true,
                                    "Workers": [
                                        {
                                            "Worker Number": 0,
                                            "Actual Startup Time": 268.613,
                                            "Actual Total Time": 438.203,
                                            "Actual Rows": 25688,
                                            "Actual Loops": 1
                                        },
                                        {
                                            "Worker Number": 1,
                                            "Actual Startup Time": 268.944,
                                            "Actual Total Time": 438.073,
                                            "Actual Rows": 25384,
                                            "Actual Loops": 1
                                        },
                                        {
                                            "Worker Number": 2,
                                            "Actual Startup Time": 269.002,
                                            "Actual Total Time": 438.404,
                                            "Actual Rows": 25245,
                                            "Actual Loops": 1
                                        },
                                        {
                                            "Worker Number": 3,
                                            "Actual Startup Time": 268.825,
                                            "Actual Total Time": 438.087,
                                            "Actual Rows": 23512,
                                            "Actual Loops": 1
                                        },
                                        {
                                            "Worker Number": 4,
                                            "Actual Startup Time": 269.166,
                                            "Actual Total Time": 438.906,
                                            "Actual Rows": 36768,
                                            "Actual Loops": 1
                                        },
                                        {
                                            "Worker Number": 5,
                                            "Actual Startup Time": 269.757,
                                            "Actual Total Time": 438.849,
                                            "Actual Rows": 25808,
                                            "Actual Loops": 1
                                        }
                                    ],
                                    "Plans": [
                                        {
                                            "Node Type": "Index Scan",
                                            "Parent Relationship": "Outer",
                                            "Parallel Aware": true,
                                            "Scan Direction": "Forward",
                                            "Index Name": "role_id_cast_info",
                                            "Relation Name": "cast_info",
                                            "Schema": "public",
                                            "Alias": "ci",
                                            "Startup Cost": 0.56,
                                            "Total Cost": 204547.44,
                                            "Plan Rows": 6919,
                                            "Plan Width": 4,
                                            "Actual Startup Time": 270.609,
                                            "Actual Total Time": 286.738,
                                            "Actual Rows": 31376,
                                            "Actual Loops": 7,
                                            "Output": [
                                                "ci.id",
                                                "ci.person_id",
                                                "ci.movie_id",
                                                "ci.person_role_id",
                                                "ci.note",
                                                "ci.nr_order",
                                                "ci.role_id"
                                            ],
                                            "Index Cond": "(ci.role_id > 6)",
                                            "Rows Removed by Index Recheck": 0,
                                            "Filter": "(ci.person_id > 4022980)",
                                            "Rows Removed by Filter": 1070430,
                                            "Workers": [
                                                {
                                                    "Worker Number": 0,
                                                    "Actual Startup Time": 268.491,
                                                    "Actual Total Time": 284.599,
                                                    "Actual Rows": 25688,
                                                    "Actual Loops": 1
                                                },
                                                {
                                                    "Worker Number": 1,
                                                    "Actual Startup Time": 268.845,
                                                    "Actual Total Time": 284.733,
                                                    "Actual Rows": 25384,
                                                    "Actual Loops": 1
                                                },
                                                {
                                                    "Worker Number": 2,
                                                    "Actual Startup Time": 268.892,
                                                    "Actual Total Time": 284.793,
                                                    "Actual Rows": 25245,
                                                    "Actual Loops": 1
                                                },
                                                {
                                                    "Worker Number": 3,
                                                    "Actual Startup Time": 268.708,
                                                    "Actual Total Time": 284.213,
                                                    "Actual Rows": 23512,
                                                    "Actual Loops": 1
                                                },
                                                {
                                                    "Worker Number": 4,
                                                    "Actual Startup Time": 269.069,
                                                    "Actual Total Time": 284.907,
                                                    "Actual Rows": 36768,
                                                    "Actual Loops": 1
                                                },
                                                {
                                                    "Worker Number": 5,
                                                    "Actual Startup Time": 269.647,
                                                    "Actual Total Time": 285.295,
                                                    "Actual Rows": 25808,
                                                    "Actual Loops": 1
                                                }
                                            ]
                                        },
                                        {
                                            "Node Type": "Index Only Scan",
                                            "Parent Relationship": "Inner",
                                            "Parallel Aware": false,
                                            "Scan Direction": "Forward",
                                            "Index Name": "title_pkey",
                                            "Relation Name": "title",
                                            "Schema": "public",
                                            "Alias": "t",
                                            "Startup Cost": 0.43,
                                            "Total Cost": 3.85,
                                            "Plan Rows": 1,
                                            "Plan Width": 4,
                                            "Actual Startup Time": 0.005,
                                            "Actual Total Time": 0.005,
                                            "Actual Rows": 1,
                                            "Actual Loops": 219629,
                                            "Output": [
                                                "t.id"
                                            ],
                                            "Index Cond": "(t.id = ci.movie_id)",
                                            "Rows Removed by Index Recheck": 0,
                                            "Heap Fetches": 219629,
                                            "Workers": [
                                                {
                                                    "Worker Number": 0,
                                                    "Actual Startup Time": 0.006,
                                                    "Actual Total Time": 0.006,
                                                    "Actual Rows": 1,
                                                    "Actual Loops": 25688
                                                },
                                                {
                                                    "Worker Number": 1,
                                                    "Actual Startup Time": 0.006,
                                                    "Actual Total Time": 0.006,
                                                    "Actual Rows": 1,
                                                    "Actual Loops": 25384
                                                },
                                                {
                                                    "Worker Number": 2,
                                                    "Actual Startup Time": 0.006,
                                                    "Actual Total Time": 0.006,
                                                    "Actual Rows": 1,
                                                    "Actual Loops": 25245
                                                },
                                                {
                                                    "Worker Number": 3,
                                                    "Actual Startup Time": 0.006,
                                                    "Actual Total Time": 0.006,
                                                    "Actual Rows": 1,
                                                    "Actual Loops": 23512
                                                },
                                                {
                                                    "Worker Number": 4,
                                                    "Actual Startup Time": 0.004,
                                                    "Actual Total Time": 0.004,
                                                    "Actual Rows": 1,
                                                    "Actual Loops": 36768
                                                },
                                                {
                                                    "Worker Number": 5,
                                                    "Actual Startup Time": 0.005,
                                                    "Actual Total Time": 0.005,
                                                    "Actual Rows": 1,
                                                    "Actual Loops": 25808
                                                }
                                            ]
                                        }
                                    ]
                                }
                            ]
                        }
                    ]
                }
            ]
        },
        "Planning Time": 207.826,
        "Triggers": [],
        "Execution Time": 481.34
    }
]