[
  {
    "Plan": {
      "Node Type": "Aggregate",
      "Strategy": "Plain",
      "Partial Mode": "Finalize",
      "Parallel Aware": false,
      "Startup Cost": 91632.81,
      "Total Cost": 91632.82,
      "Plan Rows": 1,
      "Plan Width": 8,
      "Actual Startup Time": 368.009,
      "Actual Total Time": 385.384,
      "Actual Rows": 1,
      "Actual Loops": 1,
      "Plans": [
        {
          "Node Type": "Gather",
          "Parent Relationship": "Outer",
          "Parallel Aware": false,
          "Startup Cost": 91632.59,
          "Total Cost": 91632.8,
          "Plan Rows": 2,
          "Plan Width": 8,
          "Actual Startup Time": 366.82,
          "Actual Total Time": 385.375,
          "Actual Rows": 3,
          "Actual Loops": 1,
          "Workers Planned": 2,
          "Workers Launched": 2,
          "Single Copy": false,
          "Plans": [
            {
              "Node Type": "Aggregate",
              "Strategy": "Plain",
              "Partial Mode": "Partial",
              "Parent Relationship": "Outer",
              "Parallel Aware": false,
              "Startup Cost": 90632.59,
              "Total Cost": 90632.6,
              "Plan Rows": 1,
              "Plan Width": 8,
              "Actual Startup Time": 358.49,
              "Actual Total Time": 358.496,
              "Actual Rows": 1,
              "Actual Loops": 3,
              "Plans": [
                {
                  "Node Type": "Hash Join",
                  "Parent Relationship": "Outer",
                  "Parallel Aware": true,
                  "Join Type": "Inner",
                  "Startup Cost": 74595.22,
                  "Total Cost": 90534.64,
                  "Plan Rows": 39182,
                  "Plan Width": 0,
                  "Actual Startup Time": 280.709,
                  "Actual Total Time": 357.113,
                  "Actual Rows": 32383,
                  "Actual Loops": 3,
                  "Inner Unique": false,
                  "Hash Cond": "(mi_idx.movie_id = t.id)",
                  "Plans": [
                    {
                      "Node Type": "Seq Scan",
                      "Parent Relationship": "Outer",
                      "Parallel Aware": true,
                      "Relation Name": "movie_info_idx",
                      "Alias": "mi_idx",
                      "Startup Cost": 0.0,
                      "Total Cost": 13685.15,
                      "Plan Rows": 575015,
                      "Plan Width": 4,
                      "Actual Startup Time": 0.028,
                      "Actual Total Time": 34.443,
                      "Actual Rows": 460012,
                      "Actual Loops": 3
                    },
                    {
                      "Node Type": "Hash",
                      "Parent Relationship": "Inner",
                      "Parallel Aware": true,
                      "Startup Cost": 74056.85,
                      "Total Cost": 74056.85,
                      "Plan Rows": 43070,
                      "Plan Width": 8,
                      "Actual Startup Time": 278.069,
                      "Actual Total Time": 278.073,
                      "Actual Rows": 23117,
                      "Actual Loops": 3,
                      "Hash Buckets": 262144,
                      "Original Hash Buckets": 262144,
                      "Hash Batches": 1,
                      "Original Hash Batches": 1,
                      "Peak Memory Usage": 4832,
                      "Plans": [
                        {
                          "Node Type": "Hash Join",
                          "Parent Relationship": "Outer",
                          "Parallel Aware": true,
                          "Join Type": "Inner",
                          "Startup Cost": 28438.82,
                          "Total Cost": 74056.85,
                          "Plan Rows": 43070,
                          "Plan Width": 8,
                          "Actual Startup Time": 84.393,
                          "Actual Total Time": 269.32,
                          "Actual Rows": 23117,
                          "Actual Loops": 3,
                          "Inner Unique": false,
                          "Hash Cond": "(t.id = mc.movie_id)",
                          "Plans": [
                            {
                              "Node Type": "Seq Scan",
                              "Parent Relationship": "Outer",
                              "Parallel Aware": true,
                              "Relation Name": "title",
                              "Alias": "t",
                              "Startup Cost": 0.0,
                              "Total Cost": 42318.73,
                              "Plan Rows": 632073,
                              "Plan Width": 4,
                              "Actual Startup Time": 0.011,
                              "Actual Total Time": 89.837,
                              "Actual Rows": 842771,
                              "Actual Loops": 3
                            },
                            {
                              "Node Type": "Hash",
                              "Parent Relationship": "Inner",
                              "Parallel Aware": true,
                              "Startup Cost": 27744.15,
                              "Total Cost": 27744.15,
                              "Plan Rows": 55574,
                              "Plan Width": 4,
                              "Actual Startup Time": 82.966,
                              "Actual Total Time": 82.968,
                              "Actual Rows": 23117,
                              "Actual Loops": 3,
                              "Hash Buckets": 262144,
                              "Original Hash Buckets": 262144,
                              "Hash Batches": 1,
                              "Original Hash Batches": 1,
                              "Peak Memory Usage": 4800,
                              "Plans": [
                                {
                                  "Node Type": "Bitmap Heap Scan",
                                  "Parent Relationship": "Outer",
                                  "Parallel Aware": true,
                                  "Relation Name": "movie_companies",
                                  "Alias": "mc",
                                  "Startup Cost": 7312.32,
                                  "Total Cost": 27744.15,
                                  "Plan Rows": 55574,
                                  "Plan Width": 4,
                                  "Actual Startup Time": 63.27,
                                  "Actual Total Time": 76.968,
                                  "Actual Rows": 23117,
                                  "Actual Loops": 3,
                                  "Recheck Cond": "(company_id < 166)",
                                  "Rows Removed by Index Recheck": 0,
                                  "Filter": "(company_type_id > 1)",
                                  "Rows Removed by Filter": 88368,
                                  "Exact Heap Blocks": 11756,
                                  "Lossy Heap Blocks": 0,
                                  "Plans": [
                                    {
                                      "Node Type": "Bitmap Index Scan",
                                      "Parent Relationship": "Outer",
                                      "Parallel Aware": false,
                                      "Index Name": "company_id_movie_companies",
                                      "Startup Cost": 0.0,
                                      "Total Cost": 7269.26,
                                      "Plan Rows": 339310,
                                      "Plan Width": 0,
                                      "Actual Startup Time": 24.979,
                                      "Actual Total Time": 24.98,
                                      "Actual Rows": 334457,
                                      "Actual Loops": 1,
                                      "Index Cond": "(company_id < 166)"
                                    }
                                  ]
                                }
                              ]
                            }
                          ]
                        }
                      ]
                    }
                  ]
                }
              ]
            }
          ]
        }
      ]
    },
    "Planning Time": 1.466,
    "Triggers": [],
    "Execution Time": 385.488
  }
]