{
  "Plan": {
    "Node Type": "Aggregate",
    "Strategy": "Plain",
    "Partial Mode": "Finalize",
    "Parallel Aware": false,
    "Startup Cost": 332664.88,
    "Total Cost": 332664.89,
    "Plan Rows": 1,
    "Plan Width": 8,
    "Actual Startup Time": 3974.601,
    "Actual Total Time": 4003.065,
    "Actual Rows": 1,
    "Actual Loops": 1,
    "Plans": [
      {
        "Node Type": "Gather",
        "Parent Relationship": "Outer",
        "Parallel Aware": false,
        "Startup Cost": 332664.77,
        "Total Cost": 332664.88,
        "Plan Rows": 1,
        "Plan Width": 8,
        "Actual Startup Time": 3967.655,
        "Actual Total Time": 4003.055,
        "Actual Rows": 2,
        "Actual Loops": 1,
        "Workers Planned": 1,
        "Workers Launched": 1,
        "Single Copy": false,
        "Plans": [
          {
            "Node Type": "Aggregate",
            "Strategy": "Plain",
            "Partial Mode": "Partial",
            "Parent Relationship": "Outer",
            "Parallel Aware": false,
            "Startup Cost": 331664.77,
            "Total Cost": 331664.78,
            "Plan Rows": 1,
            "Plan Width": 8,
            "Actual Startup Time": 3962.429,
            "Actual Total Time": 3963.473,
            "Actual Rows": 1,
            "Actual Loops": 2,
            "Plans": [
              {
                "Node Type": "Hash Join",
                "Parent Relationship": "Outer",
                "Parallel Aware": true,
                "Join Type": "Inner",
                "Startup Cost": 264823.09,
                "Total Cost": 329935.82,
                "Plan Rows": 691580,
                "Plan Width": 0,
                "Actual Startup Time": 872.714,
                "Actual Total Time": 2954.098,
                "Actual Rows": 20661048,
                "Actual Loops": 2,
                "Inner Unique": false,
                "Hash Cond": "(mk.movie_id = t.id)",
                "Plans": [
                  {
                    "Node Type": "Seq Scan",
                    "Parent Relationship": "Outer",
                    "Parallel Aware": true,
                    "Relation Name": "movie_keyword",
                    "Alias": "mk",
                    "Startup Cost": 0.0,
                    "Total Cost": 51065.35,
                    "Plan Rows": 2661135,
                    "Plan Width": 4,
                    "Actual Startup Time": 0.023,
                    "Actual Total Time": 183.862,
                    "Actual Rows": 2261965,
                    "Actual Loops": 2
                  },
                  {
                    "Node Type": "Hash",
                    "Parent Relationship": "Inner",
                    "Parallel Aware": true,
                    "Startup Cost": 259991.79,
                    "Total Cost": 259991.79,
                    "Plan Rows": 386504,
                    "Plan Width": 8,
                    "Actual Startup Time": 863.586,
                    "Actual Total Time": 864.629,
                    "Actual Rows": 376296,
                    "Actual Loops": 2,
                    "Hash Buckets": 1048576,
                    "Original Hash Buckets": 1048576,
                    "Hash Batches": 1,
                    "Original Hash Batches": 1,
                    "Peak Memory Usage": 37664,
                    "Plans": [
                      {
                        "Node Type": "Hash Join",
                        "Parent Relationship": "Outer",
                        "Parallel Aware": true,
                        "Join Type": "Inner",
                        "Startup Cost": 86937.02,
                        "Total Cost": 259991.79,
                        "Plan Rows": 386504,
                        "Plan Width": 8,
                        "Actual Startup Time": 478.857,
                        "Actual Total Time": 773.98,
                        "Actual Rows": 376296,
                        "Actual Loops": 2,
                        "Inner Unique": true,
                        "Hash Cond": "(mi.movie_id = t.id)",
                        "Plans": [
                          {
                            "Node Type": "Bitmap Heap Scan",
                            "Parent Relationship": "Outer",
                            "Parallel Aware": true,
                            "Relation Name": "movie_info",
                            "Alias": "mi",
                            "Startup Cost": 22524.06,
                            "Total Cost": 193659.01,
                            "Plan Rows": 731356,
                            "Plan Width": 4,
                            "Actual Startup Time": 56.249,
                            "Actual Total Time": 168.347,
                            "Actual Rows": 602354,
                            "Actual Loops": 2,
                            "Recheck Cond": "(info_type_id > 18)",
                            "Rows Removed by Index Recheck": 0,
                            "Exact Heap Blocks": 21513,
                            "Lossy Heap Blocks": 0,
                            "Plans": [
                              {
                                "Node Type": "Bitmap Index Scan",
                                "Parent Relationship": "Outer",
                                "Parallel Aware": false,
                                "Index Name": "info_type_id_movie_info",
                                "Startup Cost": 0.0,
                                "Total Cost": 22213.23,
                                "Plan Rows": 1243306,
                                "Plan Width": 0,
                                "Actual Startup Time": 50.687,
                                "Actual Total Time": 50.687,
                                "Actual Rows": 1204709,
                                "Actual Loops": 1,
                                "Index Cond": "(info_type_id > 18)"
                              }
                            ]
                          },
                          {
                            "Node Type": "Hash",
                            "Parent Relationship": "Inner",
                            "Parallel Aware": true,
                            "Startup Cost": 54588.39,
                            "Total Cost": 54588.39,
                            "Plan Rows": 785966,
                            "Plan Width": 4,
                            "Actual Startup Time": 412.952,
                            "Actual Total Time": 412.953,
                            "Actual Rows": 674146,
                            "Actual Loops": 2,
                            "Hash Buckets": 2097152,
                            "Original Hash Buckets": 2097152,
                            "Hash Batches": 1,
                            "Original Hash Batches": 1,
                            "Peak Memory Usage": 69152,
                            "Plans": [
                              {
                                "Node Type": "Seq Scan",
                                "Parent Relationship": "Outer",
                                "Parallel Aware": true,
                                "Relation Name": "title",
                                "Alias": "t",
                                "Startup Cost": 0.0,
                                "Total Cost": 54588.39,
                                "Plan Rows": 785966,
                                "Plan Width": 4,
                                "Actual Startup Time": 0.036,
                                "Actual Total Time": 198.884,
                                "Actual Rows": 674146,
                                "Actual Loops": 2,
                                "Filter": "(production_year < 2005)",
                                "Rows Removed by Filter": 590010
                              }
                            ]
                          }
                        ]
                      }
                    ]
                  }
                ]
              }
            ]
          }
        ]
      }
    ]
  },
  "Planning Time": 1.041,
  "Triggers": [],
  "Execution Time": 4003.166
}