[
  {
    "Plan": {
      "Node Type": "Aggregate",
      "Strategy": "Plain",
      "Partial Mode": "Finalize",
      "Parallel Aware": false,
      "Startup Cost": 379034.3,
      "Total Cost": 379034.31,
      "Plan Rows": 1,
      "Plan Width": 8,
      "Actual Startup Time": 1729.912,
      "Actual Total Time": 1813.832,
      "Actual Rows": 1,
      "Actual Loops": 1,
      "Plans": [
        {
          "Node Type": "Gather",
          "Parent Relationship": "Outer",
          "Parallel Aware": false,
          "Startup Cost": 379033.67,
          "Total Cost": 379034.28,
          "Plan Rows": 6,
          "Plan Width": 8,
          "Actual Startup Time": 1728.253,
          "Actual Total Time": 1813.816,
          "Actual Rows": 7,
          "Actual Loops": 1,
          "Workers Planned": 6,
          "Workers Launched": 6,
          "Single Copy": false,
          "Plans": [
            {
              "Node Type": "Aggregate",
              "Strategy": "Plain",
              "Partial Mode": "Partial",
              "Parent Relationship": "Outer",
              "Parallel Aware": false,
              "Startup Cost": 378033.67,
              "Total Cost": 378033.68,
              "Plan Rows": 1,
              "Plan Width": 8,
              "Actual Startup Time": 1719.059,
              "Actual Total Time": 1719.062,
              "Actual Rows": 1,
              "Actual Loops": 7,
              "Plans": [
                {
                  "Node Type": "Hash Join",
                  "Parent Relationship": "Outer",
                  "Parallel Aware": true,
                  "Join Type": "Inner",
                  "Startup Cost": 46711.66,
                  "Total Cost": 375678.32,
                  "Plan Rows": 942141,
                  "Plan Width": 0,
                  "Actual Startup Time": 103.251,
                  "Actual Total Time": 1677.11,
                  "Actual Rows": 765661,
                  "Actual Loops": 7,
                  "Inner Unique": true,
                  "Hash Cond": "(ci.movie_id = t.id)",
                  "Plans": [
                    {
                      "Node Type": "Seq Scan",
                      "Parent Relationship": "Outer",
                      "Parallel Aware": true,
                      "Relation Name": "cast_info",
                      "Alias": "ci",
                      "Startup Cost": 0.0,
                      "Total Cost": 313106.51,
                      "Plan Rows": 6041951,
                      "Plan Width": 4,
                      "Actual Startup Time": 0.035,
                      "Actual Total Time": 599.828,
                      "Actual Rows": 5177763,
                      "Actual Loops": 7
                    },
                    {
                      "Node Type": "Hash",
                      "Parent Relationship": "Inner",
                      "Parallel Aware": true,
                      "Startup Cost": 45479.59,
                      "Total Cost": 45479.59,
                      "Plan Rows": 98566,
                      "Plan Width": 4,
                      "Actual Startup Time": 101.56,
                      "Actual Total Time": 101.561,
                      "Actual Rows": 47999,
                      "Actual Loops": 7,
                      "Hash Buckets": 524288,
                      "Original Hash Buckets": 524288,
                      "Hash Batches": 1,
                      "Original Hash Batches": 1,
                      "Peak Memory Usage": 17376,
                      "Plans": [
                        {
                          "Node Type": "Seq Scan",
                          "Parent Relationship": "Outer",
                          "Parallel Aware": true,
                          "Relation Name": "title",
                          "Alias": "t",
                          "Startup Cost": 0.0,
                          "Total Cost": 45479.59,
                          "Plan Rows": 98566,
                          "Plan Width": 4,
                          "Actual Startup Time": 0.063,
                          "Actual Total Time": 79.599,
                          "Actual Rows": 47999,
                          "Actual Loops": 7,
                          "Filter": "((kind_id < 7) AND (production_year > 2005))",
                          "Rows Removed by Filter": 313188
                        }
                      ]
                    }
                  ]
                }
              ]
            }
          ]
        }
      ]
    },
    "Planning Time": 0.263,
    "Triggers": [],
    "Execution Time": 1813.891
  }
]