[
  {
    "Plan": {
      "Node Type": "Aggregate",
      "Strategy": "Plain",
      "Partial Mode": "Simple",
      "Parallel Aware": false,
      "Startup Cost": 3790.09,
      "Total Cost": 3790.1,
      "Plan Rows": 1,
      "Plan Width": 96,
      "Actual Startup Time": 272.093,
      "Actual Total Time": 272.102,
      "Actual Rows": 1,
      "Actual Loops": 1,
      "Plans": [
        {
          "Node Type": "Nested Loop",
          "Parent Relationship": "Outer",
          "Parallel Aware": false,
          "Join Type": "Inner",
          "Startup Cost": 15.48,
          "Total Cost": 3790.08,
          "Plan Rows": 1,
          "Plan Width": 48,
          "Actual Startup Time": 272.089,
          "Actual Total Time": 272.097,
          "Actual Rows": 0,
          "Actual Loops": 1,
          "Inner Unique": true,
          "Plans": [
            {
              "Node Type": "Nested Loop",
              "Parent Relationship": "Outer",
              "Parallel Aware": false,
              "Join Type": "Inner",
              "Startup Cost": 15.06,
              "Total Cost": 3789.64,
              "Plan Rows": 1,
              "Plan Width": 52,
              "Actual Startup Time": 272.088,
              "Actual Total Time": 272.096,
              "Actual Rows": 0,
              "Actual Loops": 1,
              "Inner Unique": false,
              "Join Filter": "(t.id = mc.movie_id)",
              "Rows Removed by Join Filter": 0,
              "Plans": [
                {
                  "Node Type": "Nested Loop",
                  "Parent Relationship": "Outer",
                  "Parallel Aware": false,
                  "Join Type": "Inner",
                  "Startup Cost": 14.63,
                  "Total Cost": 3789.03,
                  "Plan Rows": 1,
                  "Plan Width": 68,
                  "Actual Startup Time": 272.088,
                  "Actual Total Time": 272.096,
                  "Actual Rows": 0,
                  "Actual Loops": 1,
                  "Inner Unique": true,
                  "Plans": [
                    {
                      "Node Type": "Nested Loop",
                      "Parent Relationship": "Outer",
                      "Parallel Aware": false,
                      "Join Type": "Inner",
                      "Startup Cost": 14.2,
                      "Total Cost": 3788.36,
                      "Plan Rows": 1,
                      "Plan Width": 56,
                      "Actual Startup Time": 272.088,
                      "Actual Total Time": 272.095,
                      "Actual Rows": 0,
                      "Actual Loops": 1,
                      "Inner Unique": true,
                      "Plans": [
                        {
                          "Node Type": "Nested Loop",
                          "Parent Relationship": "Outer",
                          "Parallel Aware": false,
                          "Join Type": "Inner",
                          "Startup Cost": 14.06,
                          "Total Cost": 3788.18,
                          "Plan Rows": 1,
                          "Plan Width": 60,
                          "Actual Startup Time": 272.087,
                          "Actual Total Time": 272.094,
                          "Actual Rows": 0,
                          "Actual Loops": 1,
                          "Inner Unique": true,
                          "Join Filter": "(ci.person_id = n.id)",
                          "Rows Removed by Join Filter": 0,
                          "Plans": [
                            {
                              "Node Type": "Nested Loop",
                              "Parent Relationship": "Outer",
                              "Parallel Aware": false,
                              "Join Type": "Inner",
                              "Startup Cost": 13.63,
                              "Total Cost": 3787.62,
                              "Plan Rows": 1,
                              "Plan Width": 57,
                              "Actual Startup Time": 11.369,
                              "Actual Total Time": 246.39,
                              "Actual Rows": 9487,
                              "Actual Loops": 1,
                              "Inner Unique": true,
                              "Join Filter": "(mi.info_type_id = it.id)",
                              "Rows Removed by Join Filter": 0,
                              "Plans": [
                                {
                                  "Node Type": "Nested Loop",
                                  "Parent Relationship": "Outer",
                                  "Parallel Aware": false,
                                  "Join Type": "Inner",
                                  "Startup Cost": 13.63,
                                  "Total Cost": 3785.2,
                                  "Plan Rows": 1,
                                  "Plan Width": 61,
                                  "Actual Startup Time": 11.358,
                                  "Actual Total Time": 205.649,
                                  "Actual Rows": 9487,
                                  "Actual Loops": 1,
                                  "Inner Unique": false,
                                  "Join Filter": "(t.id = mi.movie_id)",
                                  "Rows Removed by Join Filter": 0,
                                  "Plans": [
                                    {
                                      "Node Type": "Nested Loop",
                                      "Parent Relationship": "Outer",
                                      "Parallel Aware": false,
                                      "Join Type": "Inner",
                                      "Startup Cost": 13.2,
                                      "Total Cost": 3783.64,
                                      "Plan Rows": 1,
                                      "Plan Width": 53,
                                      "Actual Startup Time": 11.197,
                                      "Actual Total Time": 48.227,
                                      "Actual Rows": 1804,
                                      "Actual Loops": 1,
                                      "Inner Unique": true,
                                      "Plans": [
                                        {
                                          "Node Type": "Nested Loop",
                                          "Parent Relationship": "Outer",
                                          "Parallel Aware": false,
                                          "Join Type": "Inner",
                                          "Startup Cost": 13.07,
                                          "Total Cost": 3783.47,
                                          "Plan Rows": 1,
                                          "Plan Width": 57,
                                          "Actual Startup Time": 6.637,
                                          "Actual Total Time": 45.305,
                                          "Actual Rows": 3175,
                                          "Actual Loops": 1,
                                          "Inner Unique": false,
                                          "Join Filter": "(ci.person_id = an.person_id)",
                                          "Rows Removed by Join Filter": 0,
                                          "Plans": [
                                            {
                                              "Node Type": "Nested Loop",
                                              "Parent Relationship": "Outer",
                                              "Parallel Aware": false,
                                              "Join Type": "Inner",
                                              "Startup Cost": 12.64,
                                              "Total Cost": 3782.96,
                                              "Plan Rows": 1,
                                              "Plan Width": 53,
                                              "Actual Startup Time": 6.293,
                                              "Actual Total Time": 39.693,
                                              "Actual Rows": 1438,
                                              "Actual Loops": 1,
                                              "Inner Unique": false,
                                              "Join Filter": "(pi.info_type_id = it3.id)",
                                              "Rows Removed by Join Filter": 3506,
                                              "Plans": [
                                                {
                                                  "Node Type": "Seq Scan",
                                                  "Parent Relationship": "Outer",
                                                  "Parallel Aware": false,
                                                  "Relation Name": "info_type",
                                                  "Alias": "it3",
                                                  "Startup Cost": 0.0,
                                                  "Total Cost": 2.41,
                                                  "Plan Rows": 1,
                                                  "Plan Width": 4,
                                                  "Actual Startup Time": 0.014,
                                                  "Actual Total Time": 0.019,
                                                  "Actual Rows": 1,
                                                  "Actual Loops": 1,
                                                  "Filter": "((info)::text = 'trivia'::text)",
                                                  "Rows Removed by Filter": 112
                                                },
                                                {
                                                  "Node Type": "Nested Loop",
                                                  "Parent Relationship": "Inner",
                                                  "Parallel Aware": false,
                                                  "Join Type": "Inner",
                                                  "Startup Cost": 12.64,
                                                  "Total Cost": 3780.52,
                                                  "Plan Rows": 2,
                                                  "Plan Width": 57,
                                                  "Actual Startup Time": 6.275,
                                                  "Actual Total Time": 39.289,
                                                  "Actual Rows": 4944,
                                                  "Actual Loops": 1,
                                                  "Inner Unique": false,
                                                  "Plans": [
                                                    {
                                                      "Node Type": "Nested Loop",
                                                      "Parent Relationship": "Outer",
                                                      "Parallel Aware": false,
                                                      "Join Type": "Inner",
                                                      "Startup Cost": 12.21,
                                                      "Total Cost": 3779.1,
                                                      "Plan Rows": 1,
                                                      "Plan Width": 49,
                                                      "Actual Startup Time": 6.212,
                                                      "Actual Total Time": 31.79,
                                                      "Actual Rows": 225,
                                                      "Actual Loops": 1,
                                                      "Inner Unique": false,
                                                      "Join Filter": "(t.id = ci.movie_id)",
                                                      "Rows Removed by Join Filter": 0,
                                                      "Plans": [
                                                        {
                                                          "Node Type": "Nested Loop",
                                                          "Parent Relationship": "Outer",
                                                          "Parallel Aware": false,
                                                          "Join Type": "Inner",
                                                          "Startup Cost": 11.65,
                                                          "Total Cost": 3777.39,
                                                          "Plan Rows": 1,
                                                          "Plan Width": 33,
                                                          "Actual Startup Time": 6.148,
                                                          "Actual Total Time": 20.478,
                                                          "Actual Rows": 11,
                                                          "Actual Loops": 1,
                                                          "Inner Unique": false,
                                                          "Join Filter": "(cc.subject_id = cct1.id)",
                                                          "Rows Removed by Join Filter": 6,
                                                          "Plans": [
                                                            {
                                                              "Node Type": "Seq Scan",
                                                              "Parent Relationship": "Outer",
                                                              "Parallel Aware": false,
                                                              "Relation Name": "comp_cast_type",
                                                              "Alias": "cct1",
                                                              "Startup Cost": 0.0,
                                                              "Total Cost": 1.05,
                                                              "Plan Rows": 1,
                                                              "Plan Width": 4,
                                                              "Actual Startup Time": 0.009,
                                                              "Actual Total Time": 0.01,
                                                              "Actual Rows": 1,
                                                              "Actual Loops": 1,
                                                              "Filter": "((kind)::text = 'cast'::text)",
                                                              "Rows Removed by Filter": 3
                                                            },
                                                            {
                                                              "Node Type": "Nested Loop",
                                                              "Parent Relationship": "Inner",
                                                              "Parallel Aware": false,
                                                              "Join Type": "Inner",
                                                              "Startup Cost": 11.65,
                                                              "Total Cost": 3776.28,
                                                              "Plan Rows": 5,
                                                              "Plan Width": 37,
                                                              "Actual Startup Time": 6.137,
                                                              "Actual Total Time": 20.461,
                                                              "Actual Rows": 17,
                                                              "Actual Loops": 1,
                                                              "Inner Unique": false,
                                                              "Join Filter": "(t.id = cc.movie_id)",
                                                              "Rows Removed by Join Filter": 0,
                                                              "Plans": [
                                                                {
                                                                  "Node Type": "Nested Loop",
                                                                  "Parent Relationship": "Outer",
                                                                  "Parallel Aware": false,
                                                                  "Join Type": "Inner",
                                                                  "Startup Cost": 11.23,
                                                                  "Total Cost": 3774.84,
                                                                  "Plan Rows": 3,
                                                                  "Plan Width": 25,
                                                                  "Actual Startup Time": 0.32,
                                                                  "Actual Total Time": 19.023,
                                                                  "Actual Rows": 98,
                                                                  "Actual Loops": 1,
                                                                  "Inner Unique": true,
                                                                  "Plans": [
                                                                    {
                                                                      "Node Type": "Nested Loop",
                                                                      "Parent Relationship": "Outer",
                                                                      "Parallel Aware": false,
                                                                      "Join Type": "Inner",
                                                                      "Startup Cost": 10.8,
                                                                      "Total Cost": 3758.1,
                                                                      "Plan Rows": 34,
                                                                      "Plan Width": 4,
                                                                      "Actual Startup Time": 0.25,
                                                                      "Actual Total Time": 12.044,
                                                                      "Actual Rows": 414,
                                                                      "Actual Loops": 1,
                                                                      "Inner Unique": false,
                                                                      "Plans": [
                                                                        {
                                                                          "Node Type": "Seq Scan",
                                                                          "Parent Relationship": "Outer",
                                                                          "Parallel Aware": false,
                                                                          "Relation Name": "keyword",
                                                                          "Alias": "k",
                                                                          "Startup Cost": 0.0,
                                                                          "Total Cost": 2626.12,
                                                                          "Plan Rows": 1,
                                                                          "Plan Width": 4,
                                                                          "Actual Startup Time": 0.054,
                                                                          "Actual Total Time": 8.747,
                                                                          "Actual Rows": 1,
                                                                          "Actual Loops": 1,
                                                                          "Filter": "(keyword = 'computer-animation'::text)",
                                                                          "Rows Removed by Filter": 134169
                                                                        },
                                                                        {
                                                                          "Node Type": "Bitmap Heap Scan",
                                                                          "Parent Relationship": "Inner",
                                                                          "Parallel Aware": false,
                                                                          "Relation Name": "movie_keyword",
                                                                          "Alias": "mk",
                                                                          "Startup Cost": 10.8,
                                                                          "Total Cost": 1128.92,
                                                                          "Plan Rows": 305,
                                                                          "Plan Width": 8,
                                                                          "Actual Startup Time": 0.193,
                                                                          "Actual Total Time": 3.195,
                                                                          "Actual Rows": 414,
                                                                          "Actual Loops": 1,
                                                                          "Recheck Cond": "(keyword_id = k.id)",
                                                                          "Rows Removed by Index Recheck": 0,
                                                                          "Exact Heap Blocks": 358,
                                                                          "Lossy Heap Blocks": 0,
                                                                          "Plans": [
                                                                            {
                                                                              "Node Type": "Bitmap Index Scan",
                                                                              "Parent Relationship": "Outer",
                                                                              "Parallel Aware": false,
                                                                              "Index Name": "keyword_id_movie_keyword",
                                                                              "Startup Cost": 0.0,
                                                                              "Total Cost": 10.72,
                                                                              "Plan Rows": 305,
                                                                              "Plan Width": 0,
                                                                              "Actual Startup Time": 0.153,
                                                                              "Actual Total Time": 0.154,
                                                                              "Actual Rows": 414,
                                                                              "Actual Loops": 1,
                                                                              "Index Cond": "(keyword_id = k.id)"
                                                                            }
                                                                          ]
                                                                        }
                                                                      ]
                                                                    },
                                                                    {
                                                                      "Node Type": "Index Scan",
                                                                      "Parent Relationship": "Inner",
                                                                      "Parallel Aware": false,
                                                                      "Scan Direction": "Forward",
                                                                      "Index Name": "title_pkey",
                                                                      "Relation Name": "title",
                                                                      "Alias": "t",
                                                                      "Startup Cost": 0.43,
                                                                      "Total Cost": 0.49,
                                                                      "Plan Rows": 1,
                                                                      "Plan Width": 21,
                                                                      "Actual Startup Time": 0.016,
                                                                      "Actual Total Time": 0.016,
                                                                      "Actual Rows": 0,
                                                                      "Actual Loops": 414,
                                                                      "Index Cond": "(id = mk.movie_id)",
                                                                      "Rows Removed by Index Recheck": 0,
                                                                      "Filter": "((production_year >= 2000) AND (production_year <= 2003))",
                                                                      "Rows Removed by Filter": 1
                                                                    }
                                                                  ]
                                                                },
                                                                {
                                                                  "Node Type": "Index Scan",
                                                                  "Parent Relationship": "Inner",
                                                                  "Parallel Aware": false,
                                                                  "Scan Direction": "Forward",
                                                                  "Index Name": "movie_id_complete_cast",
                                                                  "Relation Name": "complete_cast",
                                                                  "Alias": "cc",
                                                                  "Startup Cost": 0.42,
                                                                  "Total Cost": 0.46,
                                                                  "Plan Rows": 2,
                                                                  "Plan Width": 12,
                                                                  "Actual Startup Time": 0.014,
                                                                  "Actual Total Time": 0.014,
                                                                  "Actual Rows": 0,
                                                                  "Actual Loops": 98,
                                                                  "Index Cond": "(movie_id = mk.movie_id)",
                                                                  "Rows Removed by Index Recheck": 0
                                                                }
                                                              ]
                                                            }
                                                          ]
                                                        },
                                                        {
                                                          "Node Type": "Index Scan",
                                                          "Parent Relationship": "Inner",
                                                          "Parallel Aware": false,
                                                          "Scan Direction": "Forward",
                                                          "Index Name": "movie_id_cast_info",
                                                          "Relation Name": "cast_info",
                                                          "Alias": "ci",
                                                          "Startup Cost": 0.56,
                                                          "Total Cost": 1.69,
                                                          "Plan Rows": 1,
                                                          "Plan Width": 16,
                                                          "Actual Startup Time": 0.211,
                                                          "Actual Total Time": 1.022,
                                                          "Actual Rows": 20,
                                                          "Actual Loops": 11,
                                                          "Index Cond": "(movie_id = mk.movie_id)",
                                                          "Rows Removed by Index Recheck": 0,
                                                          "Filter": "(note = ANY ('{(voice),\"(voice: Japanese version)\",\"(voice) (uncredited)\",\"(voice: English version)\"}'::text[]))",
                                                          "Rows Removed by Filter": 104
                                                        }
                                                      ]
                                                    },
                                                    {
                                                      "Node Type": "Index Scan",
                                                      "Parent Relationship": "Inner",
                                                      "Parallel Aware": false,
                                                      "Scan Direction": "Forward",
                                                      "Index Name": "person_id_person_info",
                                                      "Relation Name": "person_info",
                                                      "Alias": "pi",
                                                      "Startup Cost": 0.43,
                                                      "Total Cost": 1.18,
                                                      "Plan Rows": 25,
                                                      "Plan Width": 8,
                                                      "Actual Startup Time": 0.024,
                                                      "Actual Total Time": 0.03,
                                                      "Actual Rows": 22,
                                                      "Actual Loops": 225,
                                                      "Index Cond": "(person_id = ci.person_id)",
                                                      "Rows Removed by Index Recheck": 0
                                                    }
                                                  ]
                                                }
                                              ]
                                            },
                                            {
                                              "Node Type": "Index Only Scan",
                                              "Parent Relationship": "Inner",
                                              "Parallel Aware": false,
                                              "Scan Direction": "Forward",
                                              "Index Name": "person_id_aka_name",
                                              "Relation Name": "aka_name",
                                              "Alias": "an",
                                              "Startup Cost": 0.42,
                                              "Total Cost": 0.48,
                                              "Plan Rows": 2,
                                              "Plan Width": 4,
                                              "Actual Startup Time": 0.003,
                                              "Actual Total Time": 0.003,
                                              "Actual Rows": 2,
                                              "Actual Loops": 1438,
                                              "Index Cond": "(person_id = pi.person_id)",
                                              "Rows Removed by Index Recheck": 0,
                                              "Heap Fetches": 3175
                                            }
                                          ]
                                        },
                                        {
                                          "Node Type": "Index Scan",
                                          "Parent Relationship": "Inner",
                                          "Parallel Aware": false,
                                          "Scan Direction": "Forward",
                                          "Index Name": "comp_cast_type_pkey",
                                          "Relation Name": "comp_cast_type",
                                          "Alias": "cct2",
                                          "Startup Cost": 0.13,
                                          "Total Cost": 0.15,
                                          "Plan Rows": 1,
                                          "Plan Width": 4,
                                          "Actual Startup Time": 0.001,
                                          "Actual Total Time": 0.001,
                                          "Actual Rows": 1,
                                          "Actual Loops": 3175,
                                          "Index Cond": "(id = cc.status_id)",
                                          "Rows Removed by Index Recheck": 0,
                                          "Filter": "((kind)::text = 'complete+verified'::text)",
                                          "Rows Removed by Filter": 0
                                        }
                                      ]
                                    },
                                    {
                                      "Node Type": "Index Scan",
                                      "Parent Relationship": "Inner",
                                      "Parallel Aware": false,
                                      "Scan Direction": "Forward",
                                      "Index Name": "movie_id_movie_info",
                                      "Relation Name": "movie_info",
                                      "Alias": "mi",
                                      "Startup Cost": 0.43,
                                      "Total Cost": 1.55,
                                      "Plan Rows": 1,
                                      "Plan Width": 8,
                                      "Actual Startup Time": 0.009,
                                      "Actual Total Time": 0.086,
                                      "Actual Rows": 5,
                                      "Actual Loops": 1804,
                                      "Index Cond": "(movie_id = mk.movie_id)",
                                      "Rows Removed by Index Recheck": 0,
                                      "Filter": "((info IS NOT NULL) AND ((info ~~ 'Japan:%200%'::text) OR (info ~~ 'USA:%200%'::text)))",
                                      "Rows Removed by Filter": 515
                                    }
                                  ]
                                },
                                {
                                  "Node Type": "Seq Scan",
                                  "Parent Relationship": "Inner",
                                  "Parallel Aware": false,
                                  "Relation Name": "info_type",
                                  "Alias": "it",
                                  "Startup Cost": 0.0,
                                  "Total Cost": 2.41,
                                  "Plan Rows": 1,
                                  "Plan Width": 4,
                                  "Actual Startup Time": 0.003,
                                  "Actual Total Time": 0.003,
                                  "Actual Rows": 1,
                                  "Actual Loops": 9487,
                                  "Filter": "((info)::text = 'release dates'::text)",
                                  "Rows Removed by Filter": 15
                                }
                              ]
                            },
                            {
                              "Node Type": "Index Scan",
                              "Parent Relationship": "Inner",
                              "Parallel Aware": false,
                              "Scan Direction": "Forward",
                              "Index Name": "name_pkey",
                              "Relation Name": "name",
                              "Alias": "n",
                              "Startup Cost": 0.43,
                              "Total Cost": 0.55,
                              "Plan Rows": 1,
                              "Plan Width": 19,
                              "Actual Startup Time": 0.002,
                              "Actual Total Time": 0.002,
                              "Actual Rows": 0,
                              "Actual Loops": 9487,
                              "Index Cond": "(id = pi.person_id)",
                              "Rows Removed by Index Recheck": 0,
                              "Filter": "((name ~~ '%Jo%'::text) AND ((gender)::text = 'f'::text))",
                              "Rows Removed by Filter": 1
                            }
                          ]
                        },
                        {
                          "Node Type": "Index Scan",
                          "Parent Relationship": "Inner",
                          "Parallel Aware": false,
                          "Scan Direction": "Forward",
                          "Index Name": "role_type_pkey",
                          "Relation Name": "role_type",
                          "Alias": "rt",
                          "Startup Cost": 0.14,
                          "Total Cost": 0.16,
                          "Plan Rows": 1,
                          "Plan Width": 4,
                          "Actual Startup Time": 0.0,
                          "Actual Total Time": 0.0,
                          "Actual Rows": 0,
                          "Actual Loops": 0,
                          "Index Cond": "(id = ci.role_id)",
                          "Rows Removed by Index Recheck": 0,
                          "Filter": "((role)::text = 'actress'::text)",
                          "Rows Removed by Filter": 0
                        }
                      ]
                    },
                    {
                      "Node Type": "Index Scan",
                      "Parent Relationship": "Inner",
                      "Parallel Aware": false,
                      "Scan Direction": "Forward",
                      "Index Name": "char_name_pkey",
                      "Relation Name": "char_name",
                      "Alias": "chn",
                      "Startup Cost": 0.43,
                      "Total Cost": 0.67,
                      "Plan Rows": 1,
                      "Plan Width": 20,
                      "Actual Startup Time": 0.0,
                      "Actual Total Time": 0.0,
                      "Actual Rows": 0,
                      "Actual Loops": 0,
                      "Index Cond": "(id = ci.person_role_id)",
                      "Rows Removed by Index Recheck": 0
                    }
                  ]
                },
                {
                  "Node Type": "Index Scan",
                  "Parent Relationship": "Inner",
                  "Parallel Aware": false,
                  "Scan Direction": "Forward",
                  "Index Name": "movie_id_movie_companies",
                  "Relation Name": "movie_companies",
                  "Alias": "mc",
                  "Startup Cost": 0.43,
                  "Total Cost": 0.54,
                  "Plan Rows": 5,
                  "Plan Width": 8,
                  "Actual Startup Time": 0.0,
                  "Actual Total Time": 0.0,
                  "Actual Rows": 0,
                  "Actual Loops": 0,
                  "Index Cond": "(movie_id = mk.movie_id)",
                  "Rows Removed by Index Recheck": 0
                }
              ]
            },
            {
              "Node Type": "Index Scan",
              "Parent Relationship": "Inner",
              "Parallel Aware": false,
              "Scan Direction": "Forward",
              "Index Name": "company_name_pkey",
              "Relation Name": "company_name",
              "Alias": "cn",
              "Startup Cost": 0.42,
              "Total Cost": 0.45,
              "Plan Rows": 1,
              "Plan Width": 4,
              "Actual Startup Time": 0.0,
              "Actual Total Time": 0.0,
              "Actual Rows": 0,
              "Actual Loops": 0,
              "Index Cond": "(id = mc.company_id)",
              "Rows Removed by Index Recheck": 0,
              "Filter": "((country_code)::text = '[us]'::text)",
              "Rows Removed by Filter": 0
            }
          ]
        }
      ]
    },
    "Planning Time": 3876.036,
    "Triggers": [],
    "Execution Time": 272.521
  }
]