[
  {
    "Plan": {
      "Node Type": "Aggregate",
      "Strategy": "Plain",
      "Partial Mode": "Finalize",
      "Parallel Aware": false,
      "Startup Cost": 320563.78,
      "Total Cost": 320563.79,
      "Plan Rows": 1,
      "Plan Width": 8,
      "Actual Startup Time": 1631.678,
      "Actual Total Time": 1686.851,
      "Actual Rows": 1,
      "Actual Loops": 1,
      "Plans": [
        {
          "Node Type": "Gather",
          "Parent Relationship": "Outer",
          "Parallel Aware": false,
          "Startup Cost": 320563.26,
          "Total Cost": 320563.77,
          "Plan Rows": 5,
          "Plan Width": 8,
          "Actual Startup Time": 1612.909,
          "Actual Total Time": 1686.832,
          "Actual Rows": 6,
          "Actual Loops": 1,
          "Workers Planned": 5,
          "Workers Launched": 5,
          "Single Copy": false,
          "Plans": [
            {
              "Node Type": "Aggregate",
              "Strategy": "Plain",
              "Partial Mode": "Partial",
              "Parent Relationship": "Outer",
              "Parallel Aware": false,
              "Startup Cost": 319563.26,
              "Total Cost": 319563.27,
              "Plan Rows": 1,
              "Plan Width": 8,
              "Actual Startup Time": 1595.96,
              "Actual Total Time": 1595.972,
              "Actual Rows": 1,
              "Actual Loops": 6,
              "Plans": [
                {
                  "Node Type": "Hash Join",
                  "Parent Relationship": "Outer",
                  "Parallel Aware": true,
                  "Join Type": "Inner",
                  "Startup Cost": 103613.84,
                  "Total Cost": 313755.63,
                  "Plan Rows": 2323051,
                  "Plan Width": 0,
                  "Actual Startup Time": 454.288,
                  "Actual Total Time": 1456.033,
                  "Actual Rows": 2837427,
                  "Actual Loops": 6,
                  "Inner Unique": false,
                  "Hash Cond": "(mi.movie_id = t.id)",
                  "Plans": [
                    {
                      "Node Type": "Seq Scan",
                      "Parent Relationship": "Outer",
                      "Parallel Aware": true,
                      "Relation Name": "movie_info",
                      "Alias": "mi",
                      "Startup Cost": 0.0,
                      "Total Cost": 191560.33,
                      "Plan Rows": 2956733,
                      "Plan Width": 4,
                      "Actual Startup Time": 0.05,
                      "Actual Total Time": 328.758,
                      "Actual Rows": 2472620,
                      "Actual Loops": 6
                    },
                    {
                      "Node Type": "Hash",
                      "Parent Relationship": "Inner",
                      "Parallel Aware": true,
                      "Startup Cost": 95604.03,
                      "Total Cost": 95604.03,
                      "Plan Rows": 640785,
                      "Plan Width": 8,
                      "Actual Startup Time": 448.4,
                      "Actual Total Time": 448.41,
                      "Actual Rows": 177828,
                      "Actual Loops": 6,
                      "Hash Buckets": 2097152,
                      "Original Hash Buckets": 2097152,
                      "Hash Batches": 1,
                      "Original Hash Batches": 1,
                      "Peak Memory Usage": 58208,
                      "Plans": [
                        {
                          "Node Type": "Hash Join",
                          "Parent Relationship": "Outer",
                          "Parallel Aware": true,
                          "Join Type": "Inner",
                          "Startup Cost": 49906.99,
                          "Total Cost": 95604.03,
                          "Plan Rows": 640785,
                          "Plan Width": 8,
                          "Actual Startup Time": 207.943,
                          "Actual Total Time": 386.34,
                          "Actual Rows": 177828,
                          "Actual Loops": 6,
                          "Inner Unique": true,
                          "Hash Cond": "(mk.movie_id = t.id)",
                          "Plans": [
                            {
                              "Node Type": "Seq Scan",
                              "Parent Relationship": "Outer",
                              "Parallel Aware": true,
                              "Relation Name": "movie_keyword",
                              "Alias": "mk",
                              "Startup Cost": 0.0,
                              "Total Cost": 42695.65,
                              "Plan Rows": 1143386,
                              "Plan Width": 4,
                              "Actual Startup Time": 0.071,
                              "Actual Total Time": 95.74,
                              "Actual Rows": 590655,
                              "Actual Loops": 6,
                              "Filter": "(keyword_id > 917)",
                              "Rows Removed by Filter": 163333
                            },
                            {
                              "Node Type": "Hash",
                              "Parent Relationship": "Inner",
                              "Parallel Aware": true,
                              "Startup Cost": 45479.1,
                              "Total Cost": 45479.1,
                              "Plan Rows": 354231,
                              "Plan Width": 4,
                              "Actual Startup Time": 205.269,
                              "Actual Total Time": 205.275,
                              "Actual Rows": 233120,
                              "Actual Loops": 6,
                              "Hash Buckets": 2097152,
                              "Original Hash Buckets": 2097152,
                              "Hash Batches": 1,
                              "Original Hash Batches": 1,
                              "Peak Memory Usage": 71232,
                              "Plans": [
                                {
                                  "Node Type": "Seq Scan",
                                  "Parent Relationship": "Outer",
                                  "Parallel Aware": true,
                                  "Relation Name": "title",
                                  "Alias": "t",
                                  "Startup Cost": 0.0,
                                  "Total Cost": 45479.1,
                                  "Plan Rows": 354231,
                                  "Plan Width": 4,
                                  "Actual Startup Time": 0.043,
                                  "Actual Total Time": 95.372,
                                  "Actual Rows": 233120,
                                  "Actual Loops": 6,
                                  "Filter": "((kind_id > 1) AND (production_year < 2010))",
                                  "Rows Removed by Filter": 188265
                                }
                              ]
                            }
                          ]
                        }
                      ]
                    }
                  ]
                }
              ]
            }
          ]
        }
      ]
    },
    "Planning Time": 1.36,
    "Triggers": [],
    "Execution Time": 1686.953
  }
]