[
  {
    "Plan": {
      "Node Type": "Aggregate",
      "Strategy": "Plain",
      "Partial Mode": "Finalize",
      "Parallel Aware": false,
      "Startup Cost": 31125.95,
      "Total Cost": 31125.96,
      "Plan Rows": 1,
      "Plan Width": 8,
      "Actual Startup Time": 97.785,
      "Actual Total Time": 103.725,
      "Actual Rows": 1,
      "Actual Loops": 1,
      "Plans": [
        {
          "Node Type": "Gather",
          "Parent Relationship": "Outer",
          "Parallel Aware": false,
          "Startup Cost": 31125.64,
          "Total Cost": 31125.95,
          "Plan Rows": 3,
          "Plan Width": 8,
          "Actual Startup Time": 97.667,
          "Actual Total Time": 103.716,
          "Actual Rows": 4,
          "Actual Loops": 1,
          "Workers Planned": 3,
          "Workers Launched": 3,
          "Single Copy": false,
          "Plans": [
            {
              "Node Type": "Aggregate",
              "Strategy": "Plain",
              "Partial Mode": "Partial",
              "Parent Relationship": "Outer",
              "Parallel Aware": false,
              "Startup Cost": 30125.64,
              "Total Cost": 30125.65,
              "Plan Rows": 1,
              "Plan Width": 8,
              "Actual Startup Time": 91.87,
              "Actual Total Time": 91.871,
              "Actual Rows": 1,
              "Actual Loops": 4,
              "Plans": [
                {
                  "Node Type": "Seq Scan",
                  "Parent Relationship": "Outer",
                  "Parallel Aware": true,
                  "Relation Name": "movie_companies",
                  "Alias": "mc",
                  "Startup Cost": 0.0,
                  "Total Cost": 29310.68,
                  "Plan Rows": 325982,
                  "Plan Width": 0,
                  "Actual Startup Time": 0.041,
                  "Actual Total Time": 76.168,
                  "Actual Rows": 252292,
                  "Actual Loops": 4,
                  "Filter": "(company_id < 4957)",
                  "Rows Removed by Filter": 399991
                }
              ]
            }
          ]
        }
      ]
    },
    "Planning Time": 0.228,
    "Triggers": [],
    "Execution Time": 103.78
  }
]