[
  {
    "Plan": {
      "Node Type": "Aggregate",
      "Strategy": "Plain",
      "Partial Mode": "Finalize",
      "Parallel Aware": false,
      "Startup Cost": 91693.97,
      "Total Cost": 91693.98,
      "Plan Rows": 1,
      "Plan Width": 8,
      "Actual Startup Time": 287.732,
      "Actual Total Time": 307.773,
      "Actual Rows": 1,
      "Actual Loops": 1,
      "Plans": [
        {
          "Node Type": "Gather",
          "Parent Relationship": "Outer",
          "Parallel Aware": false,
          "Startup Cost": 91693.65,
          "Total Cost": 91693.96,
          "Plan Rows": 3,
          "Plan Width": 8,
          "Actual Startup Time": 287.189,
          "Actual Total Time": 307.75,
          "Actual Rows": 4,
          "Actual Loops": 1,
          "Workers Planned": 3,
          "Workers Launched": 3,
          "Single Copy": false,
          "Plans": [
            {
              "Node Type": "Aggregate",
              "Strategy": "Plain",
              "Partial Mode": "Partial",
              "Parent Relationship": "Outer",
              "Parallel Aware": false,
              "Startup Cost": 90693.65,
              "Total Cost": 90693.66,
              "Plan Rows": 1,
              "Plan Width": 8,
              "Actual Startup Time": 278.044,
              "Actual Total Time": 278.048,
              "Actual Rows": 1,
              "Actual Loops": 4,
              "Plans": [
                {
                  "Node Type": "Hash Join",
                  "Parent Relationship": "Outer",
                  "Parallel Aware": true,
                  "Join Type": "Inner",
                  "Startup Cost": 45850.16,
                  "Total Cost": 90601.69,
                  "Plan Rows": 36783,
                  "Plan Width": 0,
                  "Actual Startup Time": 116.278,
                  "Actual Total Time": 277.656,
                  "Actual Rows": 7114,
                  "Actual Loops": 4,
                  "Inner Unique": true,
                  "Hash Cond": "(mk.movie_id = t.id)",
                  "Plans": [
                    {
                      "Node Type": "Seq Scan",
                      "Parent Relationship": "Outer",
                      "Parallel Aware": true,
                      "Relation Name": "movie_keyword",
                      "Alias": "mk",
                      "Startup Cost": 0.0,
                      "Total Cost": 42695.65,
                      "Plan Rows": 783191,
                      "Plan Width": 4,
                      "Actual Startup Time": 0.26,
                      "Actual Total Time": 111.203,
                      "Actual Rows": 605842,
                      "Actual Loops": 4,
                      "Filter": "(keyword_id > 3779)",
                      "Rows Removed by Filter": 525141
                    },
                    {
                      "Node Type": "Hash",
                      "Parent Relationship": "Inner",
                      "Parallel Aware": true,
                      "Startup Cost": 45479.1,
                      "Total Cost": 45479.1,
                      "Plan Rows": 29685,
                      "Plan Width": 4,
                      "Actual Startup Time": 113.779,
                      "Actual Total Time": 113.779,
                      "Actual Rows": 31187,
                      "Actual Loops": 4,
                      "Hash Buckets": 131072,
                      "Original Hash Buckets": 131072,
                      "Hash Batches": 1,
                      "Original Hash Batches": 1,
                      "Peak Memory Usage": 5952,
                      "Plans": [
                        {
                          "Node Type": "Seq Scan",
                          "Parent Relationship": "Outer",
                          "Parallel Aware": true,
                          "Relation Name": "title",
                          "Alias": "t",
                          "Startup Cost": 0.0,
                          "Total Cost": 45479.1,
                          "Plan Rows": 29685,
                          "Plan Width": 4,
                          "Actual Startup Time": 0.044,
                          "Actual Total Time": 101.371,
                          "Actual Rows": 31187,
                          "Actual Loops": 4,
                          "Filter": "((kind_id > 1) AND (production_year = 2012))",
                          "Rows Removed by Filter": 600891
                        }
                      ]
                    }
                  ]
                }
              ]
            }
          ]
        }
      ]
    },
    "Planning Time": 0.639,
    "Triggers": [],
    "Execution Time": 307.85
  }
]