[
    {
        "Bao": {
            "Bao prediction": 488.964,
            "Bao recommended hint": "(no hint)"
        }
    },
    {
        "Plan": {
            "Node Type": "Aggregate",
            "Strategy": "Plain",
            "Partial Mode": "Finalize",
            "Parallel Aware": false,
            "Startup Cost": 349392.62,
            "Total Cost": 349392.63,
            "Plan Rows": 1,
            "Plan Width": 8,
            "Actual Startup Time": 945.796,
            "Actual Total Time": 976.759,
            "Actual Rows": 1,
            "Actual Loops": 1,
            "Output": [
                "count(*)"
            ],
            "Plans": [
                {
                    "Node Type": "Gather",
                    "Parent Relationship": "Outer",
                    "Parallel Aware": false,
                    "Startup Cost": 349391.99,
                    "Total Cost": 349392.6,
                    "Plan Rows": 6,
                    "Plan Width": 8,
                    "Actual Startup Time": 945.534,
                    "Actual Total Time": 976.749,
                    "Actual Rows": 7,
                    "Actual Loops": 1,
                    "Output": [
                        "(PARTIAL count(*))"
                    ],
                    "Workers Planned": 6,
                    "Workers Launched": 6,
                    "Single Copy": false,
                    "Plans": [
                        {
                            "Node Type": "Aggregate",
                            "Strategy": "Plain",
                            "Partial Mode": "Partial",
                            "Parent Relationship": "Outer",
                            "Parallel Aware": false,
                            "Startup Cost": 348391.99,
                            "Total Cost": 348392.01,
                            "Plan Rows": 1,
                            "Plan Width": 8,
                            "Actual Startup Time": 935.995,
                            "Actual Total Time": 935.996,
                            "Actual Rows": 1,
                            "Actual Loops": 7,
                            "Output": [
                                "PARTIAL count(*)"
                            ],
                            "Workers": [
                                {
                                    "Worker Number": 0,
                                    "Actual Startup Time": 934.208,
                                    "Actual Total Time": 934.209,
                                    "Actual Rows": 1,
                                    "Actual Loops": 1
                                },
                                {
                                    "Worker Number": 1,
                                    "Actual Startup Time": 934.21,
                                    "Actual Total Time": 934.211,
                                    "Actual Rows": 1,
                                    "Actual Loops": 1
                                },
                                {
                                    "Worker Number": 2,
                                    "Actual Startup Time": 934.304,
                                    "Actual Total Time": 934.305,
                                    "Actual Rows": 1,
                                    "Actual Loops": 1
                                },
                                {
                                    "Worker Number": 3,
                                    "Actual Startup Time": 934.895,
                                    "Actual Total Time": 934.896,
                                    "Actual Rows": 1,
                                    "Actual Loops": 1
                                },
                                {
                                    "Worker Number": 4,
                                    "Actual Startup Time": 934.313,
                                    "Actual Total Time": 934.315,
                                    "Actual Rows": 1,
                                    "Actual Loops": 1
                                },
                                {
                                    "Worker Number": 5,
                                    "Actual Startup Time": 935.342,
                                    "Actual Total Time": 935.343,
                                    "Actual Rows": 1,
                                    "Actual Loops": 1
                                }
                            ],
                            "Plans": [
                                {
                                    "Node Type": "Seq Scan",
                                    "Parent Relationship": "Outer",
                                    "Parallel Aware": true,
                                    "Relation Name": "cast_info",
                                    "Schema": "public",
                                    "Alias": "ci",
                                    "Startup Cost": 0.0,
                                    "Total Cost": 343318.94,
                                    "Plan Rows": 2029222,
                                    "Plan Width": 0,
                                    "Actual Startup Time": 361.971,
                                    "Actual Total Time": 838.397,
                                    "Actual Rows": 1471752,
                                    "Actual Loops": 7,
                                    "Output": [
                                        "id",
                                        "person_id",
                                        "movie_id",
                                        "person_role_id",
                                        "note",
                                        "nr_order",
                                        "role_id"
                                    ],
                                    "Filter": "((ci.person_id > 2266213) AND (ci.role_id < 10))",
                                    "Rows Removed by Filter": 3706012,
                                    "Workers": [
                                        {
                                            "Worker Number": 0,
                                            "Actual Startup Time": 360.186,
                                            "Actual Total Time": 838.483,
                                            "Actual Rows": 1440534,
                                            "Actual Loops": 1
                                        },
                                        {
                                            "Worker Number": 1,
                                            "Actual Startup Time": 360.177,
                                            "Actual Total Time": 838.101,
                                            "Actual Rows": 1446710,
                                            "Actual Loops": 1
                                        },
                                        {
                                            "Worker Number": 2,
                                            "Actual Startup Time": 360.278,
                                            "Actual Total Time": 838.792,
                                            "Actual Rows": 1438856,
                                            "Actual Loops": 1
                                        },
                                        {
                                            "Worker Number": 3,
                                            "Actual Startup Time": 360.875,
                                            "Actual Total Time": 840.308,
                                            "Actual Rows": 1411286,
                                            "Actual Loops": 1
                                        },
                                        {
                                            "Worker Number": 4,
                                            "Actual Startup Time": 360.304,
                                            "Actual Total Time": 839.33,
                                            "Actual Rows": 1430368,
                                            "Actual Loops": 1
                                        },
                                        {
                                            "Worker Number": 5,
                                            "Actual Startup Time": 361.323,
                                            "Actual Total Time": 840.583,
                                            "Actual Rows": 1426252,
                                            "Actual Loops": 1
                                        }
                                    ]
                                }
                            ]
                        }
                    ]
                }
            ]
        },
        "Planning Time": 2182.825,
        "Triggers": [],
        "Execution Time": 977.782
    }
]