[
  {
    "Plan": {
      "Node Type": "Aggregate",
      "Strategy": "Plain",
      "Partial Mode": "Finalize",
      "Parallel Aware": false,
      "Startup Cost": 197313.34,
      "Total Cost": 197313.35,
      "Plan Rows": 1,
      "Plan Width": 8,
      "Actual Startup Time": 1143.649,
      "Actual Total Time": 1213.336,
      "Actual Rows": 1,
      "Actual Loops": 1,
      "Plans": [
        {
          "Node Type": "Gather",
          "Parent Relationship": "Outer",
          "Parallel Aware": false,
          "Startup Cost": 197313.13,
          "Total Cost": 197313.34,
          "Plan Rows": 2,
          "Plan Width": 8,
          "Actual Startup Time": 1138.631,
          "Actual Total Time": 1213.326,
          "Actual Rows": 3,
          "Actual Loops": 1,
          "Workers Planned": 2,
          "Workers Launched": 2,
          "Single Copy": false,
          "Plans": [
            {
              "Node Type": "Aggregate",
              "Strategy": "Plain",
              "Partial Mode": "Partial",
              "Parent Relationship": "Outer",
              "Parallel Aware": false,
              "Startup Cost": 196313.13,
              "Total Cost": 196313.14,
              "Plan Rows": 1,
              "Plan Width": 8,
              "Actual Startup Time": 1131.824,
              "Actual Total Time": 1131.828,
              "Actual Rows": 1,
              "Actual Loops": 3,
              "Plans": [
                {
                  "Node Type": "Nested Loop",
                  "Parent Relationship": "Outer",
                  "Parallel Aware": false,
                  "Join Type": "Inner",
                  "Startup Cost": 44579.59,
                  "Total Cost": 194540.08,
                  "Plan Rows": 709217,
                  "Plan Width": 0,
                  "Actual Startup Time": 142.406,
                  "Actual Total Time": 1084.223,
                  "Actual Rows": 1031281,
                  "Actual Loops": 3,
                  "Inner Unique": false,
                  "Join Filter": "(t.id = ci.movie_id)",
                  "Rows Removed by Join Filter": 0,
                  "Plans": [
                    {
                      "Node Type": "Hash Join",
                      "Parent Relationship": "Outer",
                      "Parallel Aware": true,
                      "Join Type": "Inner",
                      "Startup Cost": 44579.02,
                      "Total Cost": 59773.58,
                      "Plan Rows": 49465,
                      "Plan Width": 8,
                      "Actual Startup Time": 142.19,
                      "Actual Total Time": 254.746,
                      "Actual Rows": 41977,
                      "Actual Loops": 3,
                      "Inner Unique": true,
                      "Hash Cond": "(mi_idx.movie_id = t.id)",
                      "Plans": [
                        {
                          "Node Type": "Seq Scan",
                          "Parent Relationship": "Outer",
                          "Parallel Aware": true,
                          "Relation Name": "movie_info_idx",
                          "Alias": "mi_idx",
                          "Startup Cost": 0.0,
                          "Total Cost": 13685.15,
                          "Plan Rows": 575015,
                          "Plan Width": 4,
                          "Actual Startup Time": 0.012,
                          "Actual Total Time": 37.296,
                          "Actual Rows": 460012,
                          "Actual Loops": 3
                        },
                        {
                          "Node Type": "Hash",
                          "Parent Relationship": "Inner",
                          "Parallel Aware": true,
                          "Startup Cost": 43899.32,
                          "Total Cost": 43899.32,
                          "Plan Rows": 54376,
                          "Plan Width": 4,
                          "Actual Startup Time": 138.632,
                          "Actual Total Time": 138.633,
                          "Actual Rows": 76961,
                          "Actual Loops": 3,
                          "Hash Buckets": 262144,
                          "Original Hash Buckets": 262144,
                          "Hash Batches": 1,
                          "Original Hash Batches": 1,
                          "Peak Memory Usage": 11136,
                          "Plans": [
                            {
                              "Node Type": "Seq Scan",
                              "Parent Relationship": "Outer",
                              "Parallel Aware": true,
                              "Relation Name": "title",
                              "Alias": "t",
                              "Startup Cost": 0.0,
                              "Total Cost": 43899.32,
                              "Plan Rows": 54376,
                              "Plan Width": 4,
                              "Actual Startup Time": 0.078,
                              "Actual Total Time": 114.007,
                              "Actual Rows": 76961,
                              "Actual Loops": 3,
                              "Filter": "(production_year < 1959)",
                              "Rows Removed by Filter": 765810
                            }
                          ]
                        }
                      ]
                    },
                    {
                      "Node Type": "Index Only Scan",
                      "Parent Relationship": "Inner",
                      "Parallel Aware": false,
                      "Scan Direction": "Forward",
                      "Index Name": "movie_id_cast_info",
                      "Relation Name": "cast_info",
                      "Alias": "ci",
                      "Startup Cost": 0.56,
                      "Total Cost": 2.29,
                      "Plan Rows": 35,
                      "Plan Width": 4,
                      "Actual Startup Time": 0.003,
                      "Actual Total Time": 0.018,
                      "Actual Rows": 25,
                      "Actual Loops": 125931,
                      "Index Cond": "(movie_id = mi_idx.movie_id)",
                      "Rows Removed by Index Recheck": 0,
                      "Heap Fetches": 3093842
                    }
                  ]
                }
              ]
            }
          ]
        }
      ]
    },
    "Planning Time": 1.241,
    "Triggers": [],
    "Execution Time": 1213.438
  }
]