{
  "Plan": {
    "Node Type": "Aggregate",
    "Strategy": "Plain",
    "Partial Mode": "Simple",
    "Parallel Aware": false,
    "Startup Cost": 185316.59,
    "Total Cost": 185316.6,
    "Plan Rows": 1,
    "Plan Width": 96,
    "Actual Startup Time": 478.239,
    "Actual Total Time": 511.899,
    "Actual Rows": 1,
    "Actual Loops": 1,
    "Plans": [
      {
        "Node Type": "Gather",
        "Parent Relationship": "Outer",
        "Parallel Aware": false,
        "Startup Cost": 1006.71,
        "Total Cost": 185316.59,
        "Plan Rows": 1,
        "Plan Width": 66,
        "Actual Startup Time": 81.302,
        "Actual Total Time": 511.829,
        "Actual Rows": 124,
        "Actual Loops": 1,
        "Workers Planned": 1,
        "Workers Launched": 1,
        "Single Copy": false,
        "Plans": [
          {
            "Node Type": "Hash Join",
            "Parent Relationship": "Outer",
            "Parallel Aware": false,
            "Join Type": "Inner",
            "Startup Cost": 6.71,
            "Total Cost": 184316.49,
            "Plan Rows": 1,
            "Plan Width": 66,
            "Actual Startup Time": 66.113,
            "Actual Total Time": 470.605,
            "Actual Rows": 62,
            "Actual Loops": 2,
            "Inner Unique": true,
            "Hash Cond": "(mi_idx.info_type_id = it2.id)",
            "Plans": [
              {
                "Node Type": "Nested Loop",
                "Parent Relationship": "Outer",
                "Parallel Aware": false,
                "Join Type": "Inner",
                "Startup Cost": 4.28,
                "Total Cost": 184314.06,
                "Plan Rows": 1,
                "Plan Width": 70,
                "Actual Startup Time": 65.734,
                "Actual Total Time": 470.172,
                "Actual Rows": 188,
                "Actual Loops": 2,
                "Inner Unique": false,
                "Join Filter": "(t.id = mi_idx.movie_id)",
                "Rows Removed by Join Filter": 0,
                "Plans": [
                  {
                    "Node Type": "Hash Join",
                    "Parent Relationship": "Outer",
                    "Parallel Aware": false,
                    "Join Type": "Inner",
                    "Startup Cost": 3.86,
                    "Total Cost": 184313.02,
                    "Plan Rows": 2,
                    "Plan Width": 72,
                    "Actual Startup Time": 65.68,
                    "Actual Total Time": 468.771,
                    "Actual Rows": 106,
                    "Actual Loops": 2,
                    "Inner Unique": true,
                    "Hash Cond": "(mi.info_type_id = it1.id)",
                    "Plans": [
                      {
                        "Node Type": "Nested Loop",
                        "Parent Relationship": "Outer",
                        "Parallel Aware": false,
                        "Join Type": "Inner",
                        "Startup Cost": 1.43,
                        "Total Cost": 184309.9,
                        "Plan Rows": 255,
                        "Plan Width": 76,
                        "Actual Startup Time": 32.422,
                        "Actual Total Time": 466.584,
                        "Actual Rows": 22748,
                        "Actual Loops": 2,
                        "Inner Unique": false,
                        "Plans": [
                          {
                            "Node Type": "Nested Loop",
                            "Parent Relationship": "Outer",
                            "Parallel Aware": false,
                            "Join Type": "Inner",
                            "Startup Cost": 0.99,
                            "Total Cost": 184228.52,
                            "Plan Rows": 44,
                            "Plan Width": 25,
                            "Actual Startup Time": 32.326,
                            "Actual Total Time": 412.337,
                            "Actual Rows": 1954,
                            "Actual Loops": 2,
                            "Inner Unique": true,
                            "Plans": [
                              {
                                "Node Type": "Nested Loop",
                                "Parent Relationship": "Outer",
                                "Parallel Aware": false,
                                "Join Type": "Inner",
                                "Startup Cost": 0.56,
                                "Total Cost": 184204.29,
                                "Plan Rows": 44,
                                "Plan Width": 4,
                                "Actual Startup Time": 32.232,
                                "Actual Total Time": 398.844,
                                "Actual Rows": 1954,
                                "Actual Loops": 2,
                                "Inner Unique": false,
                                "Plans": [
                                  {
                                    "Node Type": "Seq Scan",
                                    "Parent Relationship": "Outer",
                                    "Parallel Aware": true,
                                    "Relation Name": "name",
                                    "Alias": "n",
                                    "Startup Cost": 0.0,
                                    "Total Cost": 92382.65,
                                    "Plan Rows": 104,
                                    "Plan Width": 4,
                                    "Actual Startup Time": 1.338,
                                    "Actual Total Time": 375.076,
                                    "Actual Rows": 3537,
                                    "Actual Loops": 2,
                                    "Filter": "((name ~~ '%Smith,%'::text) AND ((gender)::text = 'm'::text))",
                                    "Rows Removed by Filter": 2080208
                                  },
                                  {
                                    "Node Type": "Index Scan",
                                    "Parent Relationship": "Inner",
                                    "Parallel Aware": false,
                                    "Scan Direction": "Forward",
                                    "Index Name": "person_id_cast_info",
                                    "Relation Name": "cast_info",
                                    "Alias": "ci",
                                    "Startup Cost": 0.56,
                                    "Total Cost": 882.65,
                                    "Plan Rows": 25,
                                    "Plan Width": 8,
                                    "Actual Startup Time": 0.006,
                                    "Actual Total Time": 0.006,
                                    "Actual Rows": 1,
                                    "Actual Loops": 7074,
                                    "Index Cond": "(person_id = n.id)",
                                    "Rows Removed by Index Recheck": 0,
                                    "Filter": "(note = ANY ('{(voice),\"(executive producer)\"}'::text[]))",
                                    "Rows Removed by Filter": 8
                                  }
                                ]
                              },
                              {
                                "Node Type": "Index Scan",
                                "Parent Relationship": "Inner",
                                "Parallel Aware": false,
                                "Scan Direction": "Forward",
                                "Index Name": "title_pkey",
                                "Relation Name": "title",
                                "Alias": "t",
                                "Startup Cost": 0.43,
                                "Total Cost": 0.55,
                                "Plan Rows": 1,
                                "Plan Width": 21,
                                "Actual Startup Time": 0.006,
                                "Actual Total Time": 0.006,
                                "Actual Rows": 1,
                                "Actual Loops": 3909,
                                "Index Cond": "(id = ci.movie_id)",
                                "Rows Removed by Index Recheck": 0
                              }
                            ]
                          },
                          {
                            "Node Type": "Index Scan",
                            "Parent Relationship": "Inner",
                            "Parallel Aware": false,
                            "Scan Direction": "Forward",
                            "Index Name": "movie_id_movie_info",
                            "Relation Name": "movie_info",
                            "Alias": "mi",
                            "Startup Cost": 0.43,
                            "Total Cost": 1.46,
                            "Plan Rows": 39,
                            "Plan Width": 51,
                            "Actual Startup Time": 0.013,
                            "Actual Total Time": 0.026,
                            "Actual Rows": 12,
                            "Actual Loops": 3909,
                            "Index Cond": "(movie_id = t.id)",
                            "Rows Removed by Index Recheck": 0
                          }
                        ]
                      },
                      {
                        "Node Type": "Hash",
                        "Parent Relationship": "Inner",
                        "Parallel Aware": false,
                        "Startup Cost": 2.41,
                        "Total Cost": 2.41,
                        "Plan Rows": 1,
                        "Plan Width": 4,
                        "Actual Startup Time": 0.032,
                        "Actual Total Time": 0.033,
                        "Actual Rows": 1,
                        "Actual Loops": 2,
                        "Hash Buckets": 1024,
                        "Original Hash Buckets": 1024,
                        "Hash Batches": 1,
                        "Original Hash Batches": 1,
                        "Peak Memory Usage": 9,
                        "Plans": [
                          {
                            "Node Type": "Seq Scan",
                            "Parent Relationship": "Outer",
                            "Parallel Aware": false,
                            "Relation Name": "info_type",
                            "Alias": "it1",
                            "Startup Cost": 0.0,
                            "Total Cost": 2.41,
                            "Plan Rows": 1,
                            "Plan Width": 4,
                            "Actual Startup Time": 0.021,
                            "Actual Total Time": 0.023,
                            "Actual Rows": 1,
                            "Actual Loops": 2,
                            "Filter": "((info)::text = 'budget'::text)",
                            "Rows Removed by Filter": 112
                          }
                        ]
                      }
                    ]
                  },
                  {
                    "Node Type": "Index Scan",
                    "Parent Relationship": "Inner",
                    "Parallel Aware": false,
                    "Scan Direction": "Forward",
                    "Index Name": "movie_id_movie_info_idx",
                    "Relation Name": "movie_info_idx",
                    "Alias": "mi_idx",
                    "Startup Cost": 0.43,
                    "Total Cost": 0.48,
                    "Plan Rows": 3,
                    "Plan Width": 14,
                    "Actual Startup Time": 0.012,
                    "Actual Total Time": 0.012,
                    "Actual Rows": 2,
                    "Actual Loops": 213,
                    "Index Cond": "(movie_id = mi.movie_id)",
                    "Rows Removed by Index Recheck": 0
                  }
                ]
              },
              {
                "Node Type": "Hash",
                "Parent Relationship": "Inner",
                "Parallel Aware": false,
                "Startup Cost": 2.41,
                "Total Cost": 2.41,
                "Plan Rows": 1,
                "Plan Width": 4,
                "Actual Startup Time": 0.095,
                "Actual Total Time": 0.096,
                "Actual Rows": 1,
                "Actual Loops": 2,
                "Hash Buckets": 1024,
                "Original Hash Buckets": 1024,
                "Hash Batches": 1,
                "Original Hash Batches": 1,
                "Peak Memory Usage": 9,
                "Plans": [
                  {
                    "Node Type": "Seq Scan",
                    "Parent Relationship": "Outer",
                    "Parallel Aware": false,
                    "Relation Name": "info_type",
                    "Alias": "it2",
                    "Startup Cost": 0.0,
                    "Total Cost": 2.41,
                    "Plan Rows": 1,
                    "Plan Width": 4,
                    "Actual Startup Time": 0.069,
                    "Actual Total Time": 0.075,
                    "Actual Rows": 1,
                    "Actual Loops": 2,
                    "Filter": "((info)::text = 'votes'::text)",
                    "Rows Removed by Filter": 112
                  }
                ]
              }
            ]
          }
        ]
      }
    ]
  },
  "Planning Time": 2.51,
  "Triggers": [],
  "Execution Time": 512.052
}