{
  "Plan": {
    "Node Type": "Aggregate",
    "Strategy": "Plain",
    "Partial Mode": "Finalize",
    "Parallel Aware": false,
    "Startup Cost": 54908.92,
    "Total Cost": 54908.93,
    "Plan Rows": 1,
    "Plan Width": 8,
    "Actual Startup Time": 263.259,
    "Actual Total Time": 308.461,
    "Actual Rows": 1,
    "Actual Loops": 1,
    "Plans": [
      {
        "Node Type": "Gather",
        "Parent Relationship": "Outer",
        "Parallel Aware": false,
        "Startup Cost": 54908.81,
        "Total Cost": 54908.92,
        "Plan Rows": 1,
        "Plan Width": 8,
        "Actual Startup Time": 263.153,
        "Actual Total Time": 308.453,
        "Actual Rows": 2,
        "Actual Loops": 1,
        "Workers Planned": 1,
        "Workers Launched": 1,
        "Single Copy": false,
        "Plans": [
          {
            "Node Type": "Aggregate",
            "Strategy": "Plain",
            "Partial Mode": "Partial",
            "Parent Relationship": "Outer",
            "Parallel Aware": false,
            "Startup Cost": 53908.81,
            "Total Cost": 53908.82,
            "Plan Rows": 1,
            "Plan Width": 8,
            "Actual Startup Time": 256.911,
            "Actual Total Time": 256.913,
            "Actual Rows": 1,
            "Actual Loops": 2,
            "Plans": [
              {
                "Node Type": "Nested Loop",
                "Parent Relationship": "Outer",
                "Parallel Aware": false,
                "Join Type": "Inner",
                "Startup Cost": 152.35,
                "Total Cost": 53759.47,
                "Plan Rows": 59735,
                "Plan Width": 0,
                "Actual Startup Time": 3.892,
                "Actual Total Time": 249.499,
                "Actual Rows": 88085,
                "Actual Loops": 2,
                "Inner Unique": false,
                "Plans": [
                  {
                    "Node Type": "Nested Loop",
                    "Parent Relationship": "Outer",
                    "Parallel Aware": false,
                    "Join Type": "Inner",
                    "Startup Cost": 151.79,
                    "Total Cost": 44637.3,
                    "Plan Rows": 4169,
                    "Plan Width": 8,
                    "Actual Startup Time": 3.742,
                    "Actual Total Time": 34.26,
                    "Actual Rows": 3163,
                    "Actual Loops": 2,
                    "Inner Unique": true,
                    "Plans": [
                      {
                        "Node Type": "Bitmap Heap Scan",
                        "Parent Relationship": "Outer",
                        "Parallel Aware": true,
                        "Relation Name": "movie_keyword",
                        "Alias": "mk",
                        "Startup Cost": 151.36,
                        "Total Cost": 15622.29,
                        "Plan Rows": 4169,
                        "Plan Width": 4,
                        "Actual Startup Time": 3.596,
                        "Actual Total Time": 12.301,
                        "Actual Rows": 3163,
                        "Actual Loops": 2,
                        "Recheck Cond": "(keyword_id = 498)",
                        "Rows Removed by Index Recheck": 0,
                        "Exact Heap Blocks": 3164,
                        "Lossy Heap Blocks": 0,
                        "Plans": [
                          {
                            "Node Type": "Bitmap Index Scan",
                            "Parent Relationship": "Outer",
                            "Parallel Aware": false,
                            "Index Name": "keyword_id_movie_keyword",
                            "Startup Cost": 0.0,
                            "Total Cost": 149.59,
                            "Plan Rows": 7087,
                            "Plan Width": 0,
                            "Actual Startup Time": 4.494,
                            "Actual Total Time": 4.495,
                            "Actual Rows": 6326,
                            "Actual Loops": 1,
                            "Index Cond": "(keyword_id = 498)"
                          }
                        ]
                      },
                      {
                        "Node Type": "Index Only Scan",
                        "Parent Relationship": "Inner",
                        "Parallel Aware": false,
                        "Scan Direction": "Forward",
                        "Index Name": "title_pkey",
                        "Relation Name": "title",
                        "Alias": "t",
                        "Startup Cost": 0.43,
                        "Total Cost": 6.96,
                        "Plan Rows": 1,
                        "Plan Width": 4,
                        "Actual Startup Time": 0.006,
                        "Actual Total Time": 0.006,
                        "Actual Rows": 1,
                        "Actual Loops": 6326,
                        "Index Cond": "(id = mk.movie_id)",
                        "Rows Removed by Index Recheck": 0,
                        "Heap Fetches": 6326
                      }
                    ]
                  },
                  {
                    "Node Type": "Index Only Scan",
                    "Parent Relationship": "Inner",
                    "Parallel Aware": false,
                    "Scan Direction": "Forward",
                    "Index Name": "movie_id_cast_info",
                    "Relation Name": "cast_info",
                    "Alias": "ci",
                    "Startup Cost": 0.56,
                    "Total Cost": 1.82,
                    "Plan Rows": 37,
                    "Plan Width": 4,
                    "Actual Startup Time": 0.012,
                    "Actual Total Time": 0.064,
                    "Actual Rows": 28,
                    "Actual Loops": 6326,
                    "Index Cond": "(movie_id = t.id)",
                    "Rows Removed by Index Recheck": 0,
                    "Heap Fetches": 176170
                  }
                ]
              }
            ]
          }
        ]
      }
    ]
  },
  "Planning Time": 0.943,
  "Triggers": [],
  "Execution Time": 308.572
}