{
    "Plan": {
        "Node Type": "Aggregate",
        "Strategy": "Plain",
        "Partial Mode": "Finalize",
        "Parallel Aware": false,
        "Startup Cost": 91139.92,
        "Total Cost": 91139.93,
        "Plan Rows": 1,
        "Plan Width": 8,
        "Actual Startup Time": 483.422,
        "Actual Total Time": 501.456,
        "Actual Rows": 1,
        "Actual Loops": 1,
        "Output": [
            "count(*)"
        ],
        "Plans": [
            {
                "Node Type": "Gather",
                "Parent Relationship": "Outer",
                "Parallel Aware": false,
                "Startup Cost": 91139.7,
                "Total Cost": 91139.91,
                "Plan Rows": 2,
                "Plan Width": 8,
                "Actual Startup Time": 480.774,
                "Actual Total Time": 501.446,
                "Actual Rows": 3,
                "Actual Loops": 1,
                "Output": [
                    "(PARTIAL count(*))"
                ],
                "Workers Planned": 2,
                "Workers Launched": 2,
                "Single Copy": false,
                "Plans": [
                    {
                        "Node Type": "Aggregate",
                        "Strategy": "Plain",
                        "Partial Mode": "Partial",
                        "Parent Relationship": "Outer",
                        "Parallel Aware": false,
                        "Startup Cost": 90139.7,
                        "Total Cost": 90139.71,
                        "Plan Rows": 1,
                        "Plan Width": 8,
                        "Actual Startup Time": 471.675,
                        "Actual Total Time": 471.681,
                        "Actual Rows": 1,
                        "Actual Loops": 3,
                        "Output": [
                            "PARTIAL count(*)"
                        ],
                        "Workers": [
                            {
                                "Worker Number": 0,
                                "Actual Startup Time": 467.637,
                                "Actual Total Time": 467.644,
                                "Actual Rows": 1,
                                "Actual Loops": 1
                            },
                            {
                                "Worker Number": 1,
                                "Actual Startup Time": 467.674,
                                "Actual Total Time": 467.679,
                                "Actual Rows": 1,
                                "Actual Loops": 1
                            }
                        ],
                        "Plans": [
                            {
                                "Node Type": "Hash Join",
                                "Parent Relationship": "Outer",
                                "Parallel Aware": true,
                                "Join Type": "Inner",
                                "Startup Cost": 79210.04,
                                "Total Cost": 90036.25,
                                "Plan Rows": 41382,
                                "Plan Width": 0,
                                "Actual Startup Time": 377.386,
                                "Actual Total Time": 470.539,
                                "Actual Rows": 15047,
                                "Actual Loops": 3,
                                "Inner Unique": true,
                                "Hash Cond": "(mi_idx.movie_id = t.id)",
                                "Workers": [
                                    {
                                        "Worker Number": 0,
                                        "Actual Startup Time": 373.223,
                                        "Actual Total Time": 466.56,
                                        "Actual Rows": 15324,
                                        "Actual Loops": 1
                                    },
                                    {
                                        "Worker Number": 1,
                                        "Actual Startup Time": 373.465,
                                        "Actual Total Time": 466.53,
                                        "Actual Rows": 14728,
                                        "Actual Loops": 1
                                    }
                                ],
                                "Plans": [
                                    {
                                        "Node Type": "Bitmap Heap Scan",
                                        "Parent Relationship": "Outer",
                                        "Parallel Aware": true,
                                        "Relation Name": "movie_info_idx",
                                        "Schema": "public",
                                        "Alias": "mi_idx",
                                        "Startup Cost": 8295.89,
                                        "Total Cost": 18620.32,
                                        "Plan Rows": 191154,
                                        "Plan Width": 4,
                                        "Actual Startup Time": 28.947,
                                        "Actual Total Time": 64.524,
                                        "Actual Rows": 153395,
                                        "Actual Loops": 3,
                                        "Output": [
                                            "mi_idx.id",
                                            "mi_idx.movie_id",
                                            "mi_idx.info_type_id",
                                            "mi_idx.info",
                                            "mi_idx.note"
                                        ],
                                        "Recheck Cond": "(mi_idx.info_type_id > 100)",
                                        "Rows Removed by Index Recheck": 0,
                                        "Exact Heap Blocks": 2694,
                                        "Lossy Heap Blocks": 0,
                                        "Workers": [
                                            {
                                                "Worker Number": 0,
                                                "Actual Startup Time": 28.819,
                                                "Actual Total Time": 63.765,
                                                "Actual Rows": 153568,
                                                "Actual Loops": 1
                                            },
                                            {
                                                "Worker Number": 1,
                                                "Actual Startup Time": 29.034,
                                                "Actual Total Time": 64.56,
                                                "Actual Rows": 150337,
                                                "Actual Loops": 1
                                            }
                                        ],
                                        "Plans": [
                                            {
                                                "Node Type": "Bitmap Index Scan",
                                                "Parent Relationship": "Outer",
                                                "Parallel Aware": false,
                                                "Index Name": "info_type_id_movie_info_idx",
                                                "Startup Cost": 0.0,
                                                "Total Cost": 8181.2,
                                                "Plan Rows": 458770,
                                                "Plan Width": 0,
                                                "Actual Startup Time": 27.019,
                                                "Actual Total Time": 27.02,
                                                "Actual Rows": 460185,
                                                "Actual Loops": 1,
                                                "Index Cond": "(mi_idx.info_type_id > 100)",
                                                "Workers": [
                                                    {
                                                        "Worker Number": 0,
                                                        "Actual Startup Time": 27.019,
                                                        "Actual Total Time": 27.02,
                                                        "Actual Rows": 460185,
                                                        "Actual Loops": 1
                                                    }
                                                ]
                                            }
                                        ]
                                    },
                                    {
                                        "Node Type": "Hash",
                                        "Parent Relationship": "Inner",
                                        "Parallel Aware": true,
                                        "Startup Cost": 69203.68,
                                        "Total Cost": 69203.68,
                                        "Plan Rows": 136837,
                                        "Plan Width": 4,
                                        "Actual Startup Time": 343.223,
                                        "Actual Total Time": 343.225,
                                        "Actual Rows": 200801,
                                        "Actual Loops": 3,
                                        "Output": [
                                            "t.id"
                                        ],
                                        "Hash Buckets": 1048576,
                                        "Original Hash Buckets": 1048576,
                                        "Hash Batches": 1,
                                        "Original Hash Batches": 1,
                                        "Peak Memory Usage": 31808,
                                        "Workers": [
                                            {
                                                "Worker Number": 0,
                                                "Actual Startup Time": 344.041,
                                                "Actual Total Time": 344.043,
                                                "Actual Rows": 191209,
                                                "Actual Loops": 1
                                            },
                                            {
                                                "Worker Number": 1,
                                                "Actual Startup Time": 344.068,
                                                "Actual Total Time": 344.07,
                                                "Actual Rows": 191481,
                                                "Actual Loops": 1
                                            }
                                        ],
                                        "Plans": [
                                            {
                                                "Node Type": "Bitmap Heap Scan",
                                                "Parent Relationship": "Outer",
                                                "Parallel Aware": true,
                                                "Relation Name": "title",
                                                "Schema": "public",
                                                "Alias": "t",
                                                "Startup Cost": 27457.54,
                                                "Total Cost": 69203.68,
                                                "Plan Rows": 136837,
                                                "Plan Width": 4,
                                                "Actual Startup Time": 88.108,
                                                "Actual Total Time": 254.395,
                                                "Actual Rows": 200801,
                                                "Actual Loops": 3,
                                                "Output": [
                                                    "t.id"
                                                ],
                                                "Recheck Cond": "(t.kind_id = 7)",
                                                "Rows Removed by Index Recheck": 0,
                                                "Filter": "(t.production_year > 2006)",
                                                "Rows Removed by Filter": 313620,
                                                "Exact Heap Blocks": 8961,
                                                "Lossy Heap Blocks": 0,
                                                "Workers": [
                                                    {
                                                        "Worker Number": 0,
                                                        "Actual Startup Time": 88.095,
                                                        "Actual Total Time": 255.53,
                                                        "Actual Rows": 191209,
                                                        "Actual Loops": 1
                                                    },
                                                    {
                                                        "Worker Number": 1,
                                                        "Actual Startup Time": 88.172,
                                                        "Actual Total Time": 254.914,
                                                        "Actual Rows": 191481,
                                                        "Actual Loops": 1
                                                    }
                                                ],
                                                "Plans": [
                                                    {
                                                        "Node Type": "Bitmap Index Scan",
                                                        "Parent Relationship": "Outer",
                                                        "Parallel Aware": false,
                                                        "Index Name": "kind_id_title",
                                                        "Startup Cost": 0.0,
                                                        "Total Cost": 27320.71,
                                                        "Plan Rows": 1532837,
                                                        "Plan Width": 0,
                                                        "Actual Startup Time": 82.207,
                                                        "Actual Total Time": 82.207,
                                                        "Actual Rows": 1543264,
                                                        "Actual Loops": 1,
                                                        "Index Cond": "(t.kind_id = 7)"
                                                    }
                                                ]
                                            }
                                        ]
                                    }
                                ]
                            }
                        ]
                    }
                ]
            }
        ]
    },
    "Planning Time": 2.37,
    "Triggers": [],
    "Execution Time": 501.91
}