{
  "Plan": {
    "Node Type": "Aggregate",
    "Strategy": "Plain",
    "Partial Mode": "Finalize",
    "Parallel Aware": false,
    "Startup Cost": 76593.38,
    "Total Cost": 76593.39,
    "Plan Rows": 1,
    "Plan Width": 8,
    "Actual Startup Time": 85.05,
    "Actual Total Time": 97.954,
    "Actual Rows": 1,
    "Actual Loops": 1,
    "Plans": [
      {
        "Node Type": "Gather",
        "Parent Relationship": "Outer",
        "Parallel Aware": false,
        "Startup Cost": 76593.27,
        "Total Cost": 76593.38,
        "Plan Rows": 1,
        "Plan Width": 8,
        "Actual Startup Time": 84.809,
        "Actual Total Time": 97.947,
        "Actual Rows": 2,
        "Actual Loops": 1,
        "Workers Planned": 1,
        "Workers Launched": 1,
        "Single Copy": false,
        "Plans": [
          {
            "Node Type": "Aggregate",
            "Strategy": "Plain",
            "Partial Mode": "Partial",
            "Parent Relationship": "Outer",
            "Parallel Aware": false,
            "Startup Cost": 75593.27,
            "Total Cost": 75593.28,
            "Plan Rows": 1,
            "Plan Width": 8,
            "Actual Startup Time": 78.545,
            "Actual Total Time": 78.547,
            "Actual Rows": 1,
            "Actual Loops": 2,
            "Plans": [
              {
                "Node Type": "Nested Loop",
                "Parent Relationship": "Outer",
                "Parallel Aware": false,
                "Join Type": "Inner",
                "Startup Cost": 600.79,
                "Total Cost": 75562.46,
                "Plan Rows": 12324,
                "Plan Width": 0,
                "Actual Startup Time": 43.239,
                "Actual Total Time": 77.679,
                "Actual Rows": 18632,
                "Actual Loops": 2,
                "Inner Unique": false,
                "Plans": [
                  {
                    "Node Type": "Nested Loop",
                    "Parent Relationship": "Outer",
                    "Parallel Aware": false,
                    "Join Type": "Inner",
                    "Startup Cost": 600.35,
                    "Total Cost": 69462.3,
                    "Plan Rows": 2108,
                    "Plan Width": 8,
                    "Actual Startup Time": 43.192,
                    "Actual Total Time": 61.799,
                    "Actual Rows": 225,
                    "Actual Loops": 2,
                    "Inner Unique": true,
                    "Plans": [
                      {
                        "Node Type": "Bitmap Heap Scan",
                        "Parent Relationship": "Outer",
                        "Parallel Aware": true,
                        "Relation Name": "movie_companies",
                        "Alias": "mc",
                        "Startup Cost": 599.92,
                        "Total Cost": 20557.29,
                        "Plan Rows": 8034,
                        "Plan Width": 4,
                        "Actual Startup Time": 7.324,
                        "Actual Total Time": 20.861,
                        "Actual Rows": 6416,
                        "Actual Loops": 2,
                        "Recheck Cond": "(company_id = 27)",
                        "Rows Removed by Index Recheck": 0,
                        "Filter": "(company_type_id = 1)",
                        "Rows Removed by Filter": 7235,
                        "Exact Heap Blocks": 5613,
                        "Lossy Heap Blocks": 0,
                        "Plans": [
                          {
                            "Node Type": "Bitmap Index Scan",
                            "Parent Relationship": "Outer",
                            "Parallel Aware": false,
                            "Index Name": "company_id_movie_companies",
                            "Startup Cost": 0.0,
                            "Total Cost": 596.51,
                            "Plan Rows": 27744,
                            "Plan Width": 0,
                            "Actual Startup Time": 8.964,
                            "Actual Total Time": 8.965,
                            "Actual Rows": 27303,
                            "Actual Loops": 1,
                            "Index Cond": "(company_id = 27)"
                          }
                        ]
                      },
                      {
                        "Node Type": "Index Scan",
                        "Parent Relationship": "Inner",
                        "Parallel Aware": false,
                        "Scan Direction": "Forward",
                        "Index Name": "title_pkey",
                        "Relation Name": "title",
                        "Alias": "t",
                        "Startup Cost": 0.43,
                        "Total Cost": 6.09,
                        "Plan Rows": 1,
                        "Plan Width": 4,
                        "Actual Startup Time": 0.006,
                        "Actual Total Time": 0.006,
                        "Actual Rows": 0,
                        "Actual Loops": 12833,
                        "Index Cond": "(id = mc.movie_id)",
                        "Rows Removed by Index Recheck": 0,
                        "Filter": "(kind_id = 1)",
                        "Rows Removed by Filter": 1
                      }
                    ]
                  },
                  {
                    "Node Type": "Index Only Scan",
                    "Parent Relationship": "Inner",
                    "Parallel Aware": false,
                    "Scan Direction": "Forward",
                    "Index Name": "movie_id_movie_info",
                    "Relation Name": "movie_info",
                    "Alias": "mi",
                    "Startup Cost": 0.43,
                    "Total Cost": 2.47,
                    "Plan Rows": 42,
                    "Plan Width": 4,
                    "Actual Startup Time": 0.012,
                    "Actual Total Time": 0.064,
                    "Actual Rows": 83,
                    "Actual Loops": 450,
                    "Index Cond": "(movie_id = t.id)",
                    "Rows Removed by Index Recheck": 0,
                    "Heap Fetches": 37264
                  }
                ]
              }
            ]
          }
        ]
      }
    ]
  },
  "Planning Time": 1.078,
  "Triggers": [],
  "Execution Time": 98.058
}