{
  "Plan": {
    "Node Type": "Aggregate",
    "Strategy": "Plain",
    "Partial Mode": "Simple",
    "Parallel Aware": false,
    "Startup Cost": 3216.86,
    "Total Cost": 3216.87,
    "Plan Rows": 1,
    "Plan Width": 8,
    "Actual Startup Time": 133.69,
    "Actual Total Time": 133.692,
    "Actual Rows": 1,
    "Actual Loops": 1,
    "Plans": [
      {
        "Node Type": "Nested Loop",
        "Parent Relationship": "Outer",
        "Parallel Aware": false,
        "Join Type": "Inner",
        "Startup Cost": 7.22,
        "Total Cost": 3216.8,
        "Plan Rows": 24,
        "Plan Width": 0,
        "Actual Startup Time": 1.965,
        "Actual Total Time": 131.994,
        "Actual Rows": 30044,
        "Actual Loops": 1,
        "Inner Unique": false,
        "Plans": [
          {
            "Node Type": "Nested Loop",
            "Parent Relationship": "Outer",
            "Parallel Aware": false,
            "Join Type": "Inner",
            "Startup Cost": 6.78,
            "Total Cost": 3006.58,
            "Plan Rows": 97,
            "Plan Width": 8,
            "Actual Startup Time": 1.93,
            "Actual Total Time": 27.318,
            "Actual Rows": 3589,
            "Actual Loops": 1,
            "Inner Unique": true,
            "Plans": [
              {
                "Node Type": "Bitmap Heap Scan",
                "Parent Relationship": "Outer",
                "Parallel Aware": false,
                "Relation Name": "movie_keyword",
                "Alias": "mk",
                "Startup Cost": 6.35,
                "Total Cost": 922.98,
                "Plan Rows": 248,
                "Plan Width": 4,
                "Actual Startup Time": 1.892,
                "Actual Total Time": 7.735,
                "Actual Rows": 4217,
                "Actual Loops": 1,
                "Recheck Cond": "(keyword_id = 394)",
                "Rows Removed by Index Recheck": 0,
                "Exact Heap Blocks": 3689,
                "Lossy Heap Blocks": 0,
                "Plans": [
                  {
                    "Node Type": "Bitmap Index Scan",
                    "Parent Relationship": "Outer",
                    "Parallel Aware": false,
                    "Index Name": "keyword_id_movie_keyword",
                    "Startup Cost": 0.0,
                    "Total Cost": 6.29,
                    "Plan Rows": 248,
                    "Plan Width": 0,
                    "Actual Startup Time": 0.913,
                    "Actual Total Time": 0.914,
                    "Actual Rows": 4217,
                    "Actual Loops": 1,
                    "Index Cond": "(keyword_id = 394)"
                  }
                ]
              },
              {
                "Node Type": "Index Scan",
                "Parent Relationship": "Inner",
                "Parallel Aware": false,
                "Scan Direction": "Forward",
                "Index Name": "title_pkey",
                "Relation Name": "title",
                "Alias": "t",
                "Startup Cost": 0.43,
                "Total Cost": 8.4,
                "Plan Rows": 1,
                "Plan Width": 4,
                "Actual Startup Time": 0.004,
                "Actual Total Time": 0.004,
                "Actual Rows": 1,
                "Actual Loops": 4217,
                "Index Cond": "(id = mk.movie_id)",
                "Rows Removed by Index Recheck": 0,
                "Filter": "(kind_id < 7)",
                "Rows Removed by Filter": 0
              }
            ]
          },
          {
            "Node Type": "Index Scan",
            "Parent Relationship": "Inner",
            "Parallel Aware": false,
            "Scan Direction": "Forward",
            "Index Name": "movie_id_movie_info",
            "Relation Name": "movie_info",
            "Alias": "mi",
            "Startup Cost": 0.43,
            "Total Cost": 2.15,
            "Plan Rows": 2,
            "Plan Width": 4,
            "Actual Startup Time": 0.019,
            "Actual Total Time": 0.028,
            "Actual Rows": 8,
            "Actual Loops": 3589,
            "Index Cond": "(movie_id = t.id)",
            "Rows Removed by Index Recheck": 0,
            "Filter": "(info_type_id = 15)",
            "Rows Removed by Filter": 60
          }
        ]
      }
    ]
  },
  "Planning Time": 0.57,
  "Triggers": [],
  "Execution Time": 133.75
}