[
  {
    "Plan": {
      "Node Type": "Aggregate",
      "Strategy": "Plain",
      "Partial Mode": "Finalize",
      "Parallel Aware": false,
      "Startup Cost": 30781.51,
      "Total Cost": 30781.52,
      "Plan Rows": 1,
      "Plan Width": 8,
      "Actual Startup Time": 87.234,
      "Actual Total Time": 95.002,
      "Actual Rows": 1,
      "Actual Loops": 1,
      "Plans": [
        {
          "Node Type": "Gather",
          "Parent Relationship": "Outer",
          "Parallel Aware": false,
          "Startup Cost": 30781.19,
          "Total Cost": 30781.5,
          "Plan Rows": 3,
          "Plan Width": 8,
          "Actual Startup Time": 87.138,
          "Actual Total Time": 94.994,
          "Actual Rows": 4,
          "Actual Loops": 1,
          "Workers Planned": 3,
          "Workers Launched": 3,
          "Single Copy": false,
          "Plans": [
            {
              "Node Type": "Aggregate",
              "Strategy": "Plain",
              "Partial Mode": "Partial",
              "Parent Relationship": "Outer",
              "Parallel Aware": false,
              "Startup Cost": 29781.19,
              "Total Cost": 29781.2,
              "Plan Rows": 1,
              "Plan Width": 8,
              "Actual Startup Time": 81.626,
              "Actual Total Time": 81.627,
              "Actual Rows": 1,
              "Actual Loops": 4,
              "Plans": [
                {
                  "Node Type": "Seq Scan",
                  "Parent Relationship": "Outer",
                  "Parallel Aware": true,
                  "Relation Name": "movie_companies",
                  "Alias": "mc",
                  "Startup Cost": 0.0,
                  "Total Cost": 29310.68,
                  "Plan Rows": 188205,
                  "Plan Width": 0,
                  "Actual Startup Time": 0.034,
                  "Actual Total Time": 71.98,
                  "Actual Rows": 144250,
                  "Actual Loops": 4,
                  "Filter": "(company_id < 636)",
                  "Rows Removed by Filter": 508032
                }
              ]
            }
          ]
        }
      ]
    },
    "Planning Time": 0.187,
    "Triggers": [],
    "Execution Time": 95.064
  }
]