{
    "Plan": {
        "Node Type": "Aggregate",
        "Strategy": "Plain",
        "Partial Mode": "Simple",
        "Parallel Aware": false,
        "Startup Cost": 40362.41,
        "Total Cost": 40362.42,
        "Plan Rows": 1,
        "Plan Width": 8,
        "Actual Startup Time": 96.463,
        "Actual Total Time": 103.845,
        "Actual Rows": 1,
        "Actual Loops": 1,
        "Output": [
            "count(*)"
        ],
        "Plans": [
            {
                "Node Type": "Gather",
                "Parent Relationship": "Outer",
                "Parallel Aware": false,
                "Startup Cost": 19655.58,
                "Total Cost": 40362.41,
                "Plan Rows": 1,
                "Plan Width": 0,
                "Actual Startup Time": 67.861,
                "Actual Total Time": 103.835,
                "Actual Rows": 2,
                "Actual Loops": 1,
                "Workers Planned": 2,
                "Workers Launched": 2,
                "Single Copy": false,
                "Plans": [
                    {
                        "Node Type": "Nested Loop",
                        "Parent Relationship": "Outer",
                        "Parallel Aware": false,
                        "Join Type": "Inner",
                        "Startup Cost": 18655.58,
                        "Total Cost": 39362.31,
                        "Plan Rows": 1,
                        "Plan Width": 0,
                        "Actual Startup Time": 78.543,
                        "Actual Total Time": 87.987,
                        "Actual Rows": 1,
                        "Actual Loops": 3,
                        "Inner Unique": true,
                        "Join Filter": "(mc.movie_id = t.id)",
                        "Rows Removed by Join Filter": 0,
                        "Workers": [
                            {
                                "Worker Number": 0,
                                "Actual Startup Time": 83.993,
                                "Actual Total Time": 83.996,
                                "Actual Rows": 0,
                                "Actual Loops": 1
                            },
                            {
                                "Worker Number": 1,
                                "Actual Startup Time": 84.488,
                                "Actual Total Time": 84.491,
                                "Actual Rows": 0,
                                "Actual Loops": 1
                            }
                        ],
                        "Plans": [
                            {
                                "Node Type": "Hash Join",
                                "Parent Relationship": "Outer",
                                "Parallel Aware": false,
                                "Join Type": "Inner",
                                "Startup Cost": 18655.15,
                                "Total Cost": 37169.82,
                                "Plan Rows": 3320,
                                "Plan Width": 8,
                                "Actual Startup Time": 50.673,
                                "Actual Total Time": 85.48,
                                "Actual Rows": 290,
                                "Actual Loops": 3,
                                "Output": [
                                    "mc.movie_id",
                                    "mi_idx.movie_id"
                                ],
                                "Inner Unique": false,
                                "Hash Cond": "(mi_idx.movie_id = mc.movie_id)",
                                "Workers": [
                                    {
                                        "Worker Number": 0,
                                        "Actual Startup Time": 45.82,
                                        "Actual Total Time": 80.963,
                                        "Actual Rows": 268,
                                        "Actual Loops": 1
                                    },
                                    {
                                        "Worker Number": 1,
                                        "Actual Startup Time": 47.12,
                                        "Actual Total Time": 81.202,
                                        "Actual Rows": 297,
                                        "Actual Loops": 1
                                    }
                                ],
                                "Plans": [
                                    {
                                        "Node Type": "Seq Scan",
                                        "Parent Relationship": "Outer",
                                        "Parallel Aware": true,
                                        "Relation Name": "movie_info_idx",
                                        "Schema": "public",
                                        "Alias": "mi_idx",
                                        "Startup Cost": 0.0,
                                        "Total Cost": 15122.68,
                                        "Plan Rows": 383860,
                                        "Plan Width": 4,
                                        "Actual Startup Time": 0.029,
                                        "Actual Total Time": 43.858,
                                        "Actual Rows": 306617,
                                        "Actual Loops": 3,
                                        "Output": [
                                            "mi_idx.id",
                                            "mi_idx.movie_id",
                                            "mi_idx.info_type_id",
                                            "mi_idx.info",
                                            "mi_idx.note"
                                        ],
                                        "Filter": "(mi_idx.info_type_id < 101)",
                                        "Rows Removed by Filter": 153395,
                                        "Workers": [
                                            {
                                                "Worker Number": 0,
                                                "Actual Startup Time": 0.032,
                                                "Actual Total Time": 37.469,
                                                "Actual Rows": 257397,
                                                "Actual Loops": 1
                                            },
                                            {
                                                "Worker Number": 1,
                                                "Actual Startup Time": 0.034,
                                                "Actual Total Time": 37.204,
                                                "Actual Rows": 264039,
                                                "Actual Loops": 1
                                            }
                                        ]
                                    },
                                    {
                                        "Node Type": "Hash",
                                        "Parent Relationship": "Inner",
                                        "Parallel Aware": false,
                                        "Startup Cost": 18602.4,
                                        "Total Cost": 18602.4,
                                        "Plan Rows": 4220,
                                        "Plan Width": 4,
                                        "Actual Startup Time": 23.598,
                                        "Actual Total Time": 23.599,
                                        "Actual Rows": 2462,
                                        "Actual Loops": 3,
                                        "Output": [
                                            "mc.movie_id"
                                        ],
                                        "Hash Buckets": 8192,
                                        "Original Hash Buckets": 8192,
                                        "Hash Batches": 1,
                                        "Original Hash Batches": 1,
                                        "Peak Memory Usage": 151,
                                        "Workers": [
                                            {
                                                "Worker Number": 0,
                                                "Actual Startup Time": 28.542,
                                                "Actual Total Time": 28.544,
                                                "Actual Rows": 2462,
                                                "Actual Loops": 1
                                            },
                                            {
                                                "Worker Number": 1,
                                                "Actual Startup Time": 28.93,
                                                "Actual Total Time": 28.931,
                                                "Actual Rows": 2462,
                                                "Actual Loops": 1
                                            }
                                        ],
                                        "Plans": [
                                            {
                                                "Node Type": "Index Scan",
                                                "Parent Relationship": "Outer",
                                                "Parallel Aware": false,
                                                "Scan Direction": "Forward",
                                                "Index Name": "company_id_movie_companies",
                                                "Relation Name": "movie_companies",
                                                "Schema": "public",
                                                "Alias": "mc",
                                                "Startup Cost": 0.43,
                                                "Total Cost": 18602.4,
                                                "Plan Rows": 4220,
                                                "Plan Width": 4,
                                                "Actual Startup Time": 0.241,
                                                "Actual Total Time": 21.911,
                                                "Actual Rows": 2462,
                                                "Actual Loops": 3,
                                                "Output": [
                                                    "mc.movie_id"
                                                ],
                                                "Index Cond": "(mc.company_id = 7851)",
                                                "Rows Removed by Index Recheck": 0,
                                                "Filter": "(mc.company_type_id < 2)",
                                                "Rows Removed by Filter": 4689,
                                                "Workers": [
                                                    {
                                                        "Worker Number": 0,
                                                        "Actual Startup Time": 0.321,
                                                        "Actual Total Time": 26.479,
                                                        "Actual Rows": 2462,
                                                        "Actual Loops": 1
                                                    },
                                                    {
                                                        "Worker Number": 1,
                                                        "Actual Startup Time": 0.284,
                                                        "Actual Total Time": 26.913,
                                                        "Actual Rows": 2462,
                                                        "Actual Loops": 1
                                                    }
                                                ]
                                            }
                                        ]
                                    }
                                ]
                            },
                            {
                                "Node Type": "Index Scan",
                                "Parent Relationship": "Inner",
                                "Parallel Aware": false,
                                "Scan Direction": "Forward",
                                "Index Name": "title_pkey",
                                "Relation Name": "title",
                                "Schema": "public",
                                "Alias": "t",
                                "Startup Cost": 0.43,
                                "Total Cost": 0.65,
                                "Plan Rows": 1,
                                "Plan Width": 4,
                                "Actual Startup Time": 0.008,
                                "Actual Total Time": 0.008,
                                "Actual Rows": 0,
                                "Actual Loops": 870,
                                "Output": [
                                    "t.id",
                                    "t.title",
                                    "t.imdb_index",
                                    "t.kind_id",
                                    "t.production_year",
                                    "t.imdb_id",
                                    "t.phonetic_code",
                                    "t.episode_of_id",
                                    "t.season_nr",
                                    "t.episode_nr",
                                    "t.series_years",
                                    "t.md5sum"
                                ],
                                "Index Cond": "(t.id = mi_idx.movie_id)",
                                "Rows Removed by Index Recheck": 0,
                                "Filter": "((t.kind_id < 4) AND (t.production_year = 1948))",
                                "Rows Removed by Filter": 1,
                                "Workers": [
                                    {
                                        "Worker Number": 0,
                                        "Actual Startup Time": 0.011,
                                        "Actual Total Time": 0.011,
                                        "Actual Rows": 0,
                                        "Actual Loops": 268
                                    },
                                    {
                                        "Worker Number": 1,
                                        "Actual Startup Time": 0.011,
                                        "Actual Total Time": 0.011,
                                        "Actual Rows": 0,
                                        "Actual Loops": 297
                                    }
                                ]
                            }
                        ]
                    }
                ]
            }
        ]
    },
    "Planning Time": 1.728,
    "Triggers": [],
    "Execution Time": 103.932
}