[
    {
        "Bao": {
            "Bao prediction": "NaN",
            "Bao recommended hint": "(no hint)"
        }
    },
    {
        "Plan": {
            "Node Type": "Aggregate",
            "Strategy": "Plain",
            "Partial Mode": "Finalize",
            "Parallel Aware": false,
            "Startup Cost": 32976.89,
            "Total Cost": 32976.9,
            "Plan Rows": 1,
            "Plan Width": 8,
            "Actual Startup Time": 91.954,
            "Actual Total Time": 97.146,
            "Actual Rows": 1,
            "Actual Loops": 1,
            "Output": [
                "count(*)"
            ],
            "Plans": [
                {
                    "Node Type": "Gather",
                    "Parent Relationship": "Outer",
                    "Parallel Aware": false,
                    "Startup Cost": 32976.58,
                    "Total Cost": 32976.89,
                    "Plan Rows": 3,
                    "Plan Width": 8,
                    "Actual Startup Time": 91.866,
                    "Actual Total Time": 97.139,
                    "Actual Rows": 4,
                    "Actual Loops": 1,
                    "Output": [
                        "(PARTIAL count(*))"
                    ],
                    "Workers Planned": 3,
                    "Workers Launched": 3,
                    "Single Copy": false,
                    "Plans": [
                        {
                            "Node Type": "Aggregate",
                            "Strategy": "Plain",
                            "Partial Mode": "Partial",
                            "Parent Relationship": "Outer",
                            "Parallel Aware": false,
                            "Startup Cost": 31976.58,
                            "Total Cost": 31976.59,
                            "Plan Rows": 1,
                            "Plan Width": 8,
                            "Actual Startup Time": 83.234,
                            "Actual Total Time": 83.235,
                            "Actual Rows": 1,
                            "Actual Loops": 4,
                            "Output": [
                                "PARTIAL count(*)"
                            ],
                            "Workers": [
                                {
                                    "Worker Number": 0,
                                    "Actual Startup Time": 80.163,
                                    "Actual Total Time": 80.164,
                                    "Actual Rows": 1,
                                    "Actual Loops": 1
                                },
                                {
                                    "Worker Number": 1,
                                    "Actual Startup Time": 80.388,
                                    "Actual Total Time": 80.389,
                                    "Actual Rows": 1,
                                    "Actual Loops": 1
                                },
                                {
                                    "Worker Number": 2,
                                    "Actual Startup Time": 80.832,
                                    "Actual Total Time": 80.833,
                                    "Actual Rows": 1,
                                    "Actual Loops": 1
                                }
                            ],
                            "Plans": [
                                {
                                    "Node Type": "Seq Scan",
                                    "Parent Relationship": "Outer",
                                    "Parallel Aware": true,
                                    "Relation Name": "movie_companies",
                                    "Schema": "public",
                                    "Alias": "mc",
                                    "Startup Cost": 0.0,
                                    "Total Cost": 31414.82,
                                    "Plan Rows": 224703,
                                    "Plan Width": 0,
                                    "Actual Startup Time": 43.4,
                                    "Actual Total Time": 77.72,
                                    "Actual Rows": 110555,
                                    "Actual Loops": 4,
                                    "Output": [
                                        "id",
                                        "movie_id",
                                        "company_id",
                                        "company_type_id",
                                        "note"
                                    ],
                                    "Filter": "((mc.company_id < 11695) AND (mc.company_type_id > 1))",
                                    "Rows Removed by Filter": 541727,
                                    "Workers": [
                                        {
                                            "Worker Number": 0,
                                            "Actual Startup Time": 40.329,
                                            "Actual Total Time": 74.687,
                                            "Actual Rows": 80810,
                                            "Actual Loops": 1
                                        },
                                        {
                                            "Worker Number": 1,
                                            "Actual Startup Time": 40.559,
                                            "Actual Total Time": 74.984,
                                            "Actual Rows": 130271,
                                            "Actual Loops": 1
                                        },
                                        {
                                            "Worker Number": 2,
                                            "Actual Startup Time": 40.993,
                                            "Actual Total Time": 75.452,
                                            "Actual Rows": 79048,
                                            "Actual Loops": 1
                                        }
                                    ]
                                }
                            ]
                        }
                    ]
                }
            ]
        },
        "Planning Time": 178.759,
        "Triggers": [],
        "Execution Time": 97.187
    }
]