[
  {
    "Plan": {
      "Node Type": "Aggregate",
      "Strategy": "Plain",
      "Partial Mode": "Finalize",
      "Parallel Aware": false,
      "Startup Cost": 32867.63,
      "Total Cost": 32867.64,
      "Plan Rows": 1,
      "Plan Width": 8,
      "Actual Startup Time": 78.208,
      "Actual Total Time": 86.363,
      "Actual Rows": 1,
      "Actual Loops": 1,
      "Plans": [
        {
          "Node Type": "Gather",
          "Parent Relationship": "Outer",
          "Parallel Aware": false,
          "Startup Cost": 32867.31,
          "Total Cost": 32867.62,
          "Plan Rows": 3,
          "Plan Width": 8,
          "Actual Startup Time": 78.107,
          "Actual Total Time": 86.355,
          "Actual Rows": 4,
          "Actual Loops": 1,
          "Workers Planned": 3,
          "Workers Launched": 3,
          "Single Copy": false,
          "Plans": [
            {
              "Node Type": "Aggregate",
              "Strategy": "Plain",
              "Partial Mode": "Partial",
              "Parent Relationship": "Outer",
              "Parallel Aware": false,
              "Startup Cost": 31867.31,
              "Total Cost": 31867.32,
              "Plan Rows": 1,
              "Plan Width": 8,
              "Actual Startup Time": 74.886,
              "Actual Total Time": 74.887,
              "Actual Rows": 1,
              "Actual Loops": 4,
              "Plans": [
                {
                  "Node Type": "Seq Scan",
                  "Parent Relationship": "Outer",
                  "Parallel Aware": true,
                  "Relation Name": "movie_companies",
                  "Alias": "mc",
                  "Startup Cost": 0.0,
                  "Total Cost": 31414.82,
                  "Plan Rows": 180997,
                  "Plan Width": 0,
                  "Actual Startup Time": 0.016,
                  "Actual Total Time": 65.944,
                  "Actual Rows": 194763,
                  "Actual Loops": 4,
                  "Filter": "((company_id < 9311) AND (company_type_id = 1))",
                  "Rows Removed by Filter": 457520
                }
              ]
            }
          ]
        }
      ]
    },
    "Planning Time": 0.105,
    "Triggers": [],
    "Execution Time": 86.391
  }
]