[
  {
    "Plan": {
      "Node Type": "Aggregate",
      "Strategy": "Plain",
      "Partial Mode": "Finalize",
      "Parallel Aware": false,
      "Startup Cost": 32875.63,
      "Total Cost": 32875.64,
      "Plan Rows": 1,
      "Plan Width": 8,
      "Actual Startup Time": 96.969,
      "Actual Total Time": 104.54,
      "Actual Rows": 1,
      "Actual Loops": 1,
      "Plans": [
        {
          "Node Type": "Gather",
          "Parent Relationship": "Outer",
          "Parallel Aware": false,
          "Startup Cost": 32875.31,
          "Total Cost": 32875.62,
          "Plan Rows": 3,
          "Plan Width": 8,
          "Actual Startup Time": 96.844,
          "Actual Total Time": 104.532,
          "Actual Rows": 4,
          "Actual Loops": 1,
          "Workers Planned": 3,
          "Workers Launched": 3,
          "Single Copy": false,
          "Plans": [
            {
              "Node Type": "Aggregate",
              "Strategy": "Plain",
              "Partial Mode": "Partial",
              "Parent Relationship": "Outer",
              "Parallel Aware": false,
              "Startup Cost": 31875.31,
              "Total Cost": 31875.32,
              "Plan Rows": 1,
              "Plan Width": 8,
              "Actual Startup Time": 89.315,
              "Actual Total Time": 89.317,
              "Actual Rows": 1,
              "Actual Loops": 4,
              "Plans": [
                {
                  "Node Type": "Seq Scan",
                  "Parent Relationship": "Outer",
                  "Parallel Aware": true,
                  "Relation Name": "movie_companies",
                  "Alias": "mc",
                  "Startup Cost": 0.0,
                  "Total Cost": 31414.82,
                  "Plan Rows": 184198,
                  "Plan Width": 0,
                  "Actual Startup Time": 0.046,
                  "Actual Total Time": 76.625,
                  "Actual Rows": 194763,
                  "Actual Loops": 4,
                  "Filter": "((company_id < 9311) AND (company_type_id = 1))",
                  "Rows Removed by Filter": 457520
                }
              ]
            }
          ]
        }
      ]
    },
    "Planning Time": 0.216,
    "Triggers": [],
    "Execution Time": 104.645
  }
]