{
  "Plan": {
    "Node Type": "Aggregate",
    "Strategy": "Plain",
    "Partial Mode": "Simple",
    "Parallel Aware": false,
    "Startup Cost": 10421.47,
    "Total Cost": 10421.48,
    "Plan Rows": 1,
    "Plan Width": 96,
    "Actual Startup Time": 177.957,
    "Actual Total Time": 177.967,
    "Actual Rows": 1,
    "Actual Loops": 1,
    "Plans": [
      {
        "Node Type": "Hash Join",
        "Parent Relationship": "Outer",
        "Parallel Aware": false,
        "Join Type": "Inner",
        "Startup Cost": 7398.08,
        "Total Cost": 10421.46,
        "Plan Rows": 1,
        "Plan Width": 41,
        "Actual Startup Time": 75.002,
        "Actual Total Time": 177.928,
        "Actual Rows": 109,
        "Actual Loops": 1,
        "Inner Unique": true,
        "Hash Cond": "(mi.info_type_id = it1.id)",
        "Plans": [
          {
            "Node Type": "Nested Loop",
            "Parent Relationship": "Outer",
            "Parallel Aware": false,
            "Join Type": "Inner",
            "Startup Cost": 7395.66,
            "Total Cost": 10419.03,
            "Plan Rows": 1,
            "Plan Width": 45,
            "Actual Startup Time": 74.72,
            "Actual Total Time": 177.828,
            "Actual Rows": 163,
            "Actual Loops": 1,
            "Inner Unique": false,
            "Plans": [
              {
                "Node Type": "Nested Loop",
                "Parent Relationship": "Outer",
                "Parallel Aware": false,
                "Join Type": "Inner",
                "Startup Cost": 7395.22,
                "Total Cost": 10417.13,
                "Plan Rows": 1,
                "Plan Width": 61,
                "Actual Startup Time": 73.485,
                "Actual Total Time": 171.01,
                "Actual Rows": 212,
                "Actual Loops": 1,
                "Inner Unique": true,
                "Plans": [
                  {
                    "Node Type": "Nested Loop",
                    "Parent Relationship": "Outer",
                    "Parallel Aware": false,
                    "Join Type": "Inner",
                    "Startup Cost": 7395.09,
                    "Total Cost": 10416.97,
                    "Plan Rows": 1,
                    "Plan Width": 65,
                    "Actual Startup Time": 73.478,
                    "Actual Total Time": 170.773,
                    "Actual Rows": 212,
                    "Actual Loops": 1,
                    "Inner Unique": true,
                    "Plans": [
                      {
                        "Node Type": "Nested Loop",
                        "Parent Relationship": "Outer",
                        "Parallel Aware": false,
                        "Join Type": "Inner",
                        "Startup Cost": 7394.67,
                        "Total Cost": 10416.43,
                        "Plan Rows": 1,
                        "Plan Width": 50,
                        "Actual Startup Time": 73.467,
                        "Actual Total Time": 169.655,
                        "Actual Rows": 406,
                        "Actual Loops": 1,
                        "Inner Unique": false,
                        "Plans": [
                          {
                            "Node Type": "Nested Loop",
                            "Parent Relationship": "Outer",
                            "Parallel Aware": false,
                            "Join Type": "Inner",
                            "Startup Cost": 7394.24,
                            "Total Cost": 10415.85,
                            "Plan Rows": 1,
                            "Plan Width": 38,
                            "Actual Startup Time": 73.451,
                            "Actual Total Time": 161.396,
                            "Actual Rows": 1168,
                            "Actual Loops": 1,
                            "Inner Unique": true,
                            "Plans": [
                              {
                                "Node Type": "Nested Loop",
                                "Parent Relationship": "Outer",
                                "Parallel Aware": false,
                                "Join Type": "Inner",
                                "Startup Cost": 7394.1,
                                "Total Cost": 10415.67,
                                "Plan Rows": 1,
                                "Plan Width": 42,
                                "Actual Startup Time": 73.442,
                                "Actual Total Time": 158.524,
                                "Actual Rows": 3407,
                                "Actual Loops": 1,
                                "Inner Unique": false,
                                "Plans": [
                                  {
                                    "Node Type": "Nested Loop",
                                    "Parent Relationship": "Outer",
                                    "Parallel Aware": false,
                                    "Join Type": "Inner",
                                    "Startup Cost": 7393.67,
                                    "Total Cost": 10415.14,
                                    "Plan Rows": 1,
                                    "Plan Width": 29,
                                    "Actual Startup Time": 73.429,
                                    "Actual Total Time": 152.575,
                                    "Actual Rows": 1306,
                                    "Actual Loops": 1,
                                    "Inner Unique": true,
                                    "Plans": [
                                      {
                                        "Node Type": "Nested Loop",
                                        "Parent Relationship": "Outer",
                                        "Parallel Aware": false,
                                        "Join Type": "Inner",
                                        "Startup Cost": 7393.54,
                                        "Total Cost": 10414.97,
                                        "Plan Rows": 1,
                                        "Plan Width": 33,
                                        "Actual Startup Time": 73.422,
                                        "Actual Total Time": 151.356,
                                        "Actual Rows": 1313,
                                        "Actual Loops": 1,
                                        "Inner Unique": true,
                                        "Plans": [
                                          {
                                            "Node Type": "Nested Loop",
                                            "Parent Relationship": "Outer",
                                            "Parallel Aware": false,
                                            "Join Type": "Inner",
                                            "Startup Cost": 7393.41,
                                            "Total Cost": 10414.36,
                                            "Plan Rows": 4,
                                            "Plan Width": 37,
                                            "Actual Startup Time": 73.406,
                                            "Actual Total Time": 148.864,
                                            "Actual Rows": 3134,
                                            "Actual Loops": 1,
                                            "Inner Unique": false,
                                            "Join Filter": "(cc.subject_id = cct1.id)",
                                            "Rows Removed by Join Filter": 2262,
                                            "Plans": [
                                              {
                                                "Node Type": "Seq Scan",
                                                "Parent Relationship": "Outer",
                                                "Parallel Aware": false,
                                                "Relation Name": "comp_cast_type",
                                                "Alias": "cct1",
                                                "Startup Cost": 0.0,
                                                "Total Cost": 1.05,
                                                "Plan Rows": 1,
                                                "Plan Width": 4,
                                                "Actual Startup Time": 0.012,
                                                "Actual Total Time": 0.015,
                                                "Actual Rows": 1,
                                                "Actual Loops": 1,
                                                "Filter": "((kind)::text = 'cast'::text)",
                                                "Rows Removed by Filter": 3
                                              },
                                              {
                                                "Node Type": "Nested Loop",
                                                "Parent Relationship": "Inner",
                                                "Parallel Aware": false,
                                                "Join Type": "Inner",
                                                "Startup Cost": 7393.41,
                                                "Total Cost": 10413.09,
                                                "Plan Rows": 18,
                                                "Plan Width": 41,
                                                "Actual Startup Time": 73.39,
                                                "Actual Total Time": 148.314,
                                                "Actual Rows": 5396,
                                                "Actual Loops": 1,
                                                "Inner Unique": true,
                                                "Plans": [
                                                  {
                                                    "Node Type": "Hash Join",
                                                    "Parent Relationship": "Outer",
                                                    "Parallel Aware": false,
                                                    "Join Type": "Inner",
                                                    "Startup Cost": 7392.98,
                                                    "Total Cost": 10321.01,
                                                    "Plan Rows": 188,
                                                    "Plan Width": 16,
                                                    "Actual Startup Time": 73.33,
                                                    "Actual Total Time": 99.0,
                                                    "Actual Rows": 20024,
                                                    "Actual Loops": 1,
                                                    "Inner Unique": false,
                                                    "Hash Cond": "(cc.movie_id = mk.movie_id)",
                                                    "Plans": [
                                                      {
                                                        "Node Type": "Seq Scan",
                                                        "Parent Relationship": "Outer",
                                                        "Parallel Aware": false,
                                                        "Relation Name": "complete_cast",
                                                        "Alias": "cc",
                                                        "Startup Cost": 0.0,
                                                        "Total Cost": 2081.86,
                                                        "Plan Rows": 135086,
                                                        "Plan Width": 12,
                                                        "Actual Startup Time": 0.018,
                                                        "Actual Total Time": 9.148,
                                                        "Actual Rows": 135086,
                                                        "Actual Loops": 1
                                                      },
                                                      {
                                                        "Node Type": "Hash",
                                                        "Parent Relationship": "Inner",
                                                        "Parallel Aware": false,
                                                        "Startup Cost": 7391.29,
                                                        "Total Cost": 7391.29,
                                                        "Plan Rows": 135,
                                                        "Plan Width": 4,
                                                        "Actual Startup Time": 73.298,
                                                        "Actual Total Time": 73.299,
                                                        "Actual Rows": 37091,
                                                        "Actual Loops": 1,
                                                        "Hash Buckets": 65536,
                                                        "Original Hash Buckets": 1024,
                                                        "Hash Batches": 1,
                                                        "Original Hash Batches": 1,
                                                        "Peak Memory Usage": 1816,
                                                        "Plans": [
                                                          {
                                                            "Node Type": "Nested Loop",
                                                            "Parent Relationship": "Outer",
                                                            "Parallel Aware": false,
                                                            "Join Type": "Inner",
                                                            "Startup Cost": 10.79,
                                                            "Total Cost": 7391.29,
                                                            "Plan Rows": 135,
                                                            "Plan Width": 4,
                                                            "Actual Startup Time": 8.016,
                                                            "Actual Total Time": 68.192,
                                                            "Actual Rows": 37091,
                                                            "Actual Loops": 1,
                                                            "Inner Unique": false,
                                                            "Plans": [
                                                              {
                                                                "Node Type": "Seq Scan",
                                                                "Parent Relationship": "Outer",
                                                                "Parallel Aware": false,
                                                                "Relation Name": "keyword",
                                                                "Alias": "k",
                                                                "Startup Cost": 0.0,
                                                                "Total Cost": 2961.55,
                                                                "Plan Rows": 4,
                                                                "Plan Width": 4,
                                                                "Actual Startup Time": 2.56,
                                                                "Actual Total Time": 16.832,
                                                                "Actual Rows": 3,
                                                                "Actual Loops": 1,
                                                                "Filter": "(keyword = ANY ('{murder,murder-in-title,blood,violence}'::text[]))",
                                                                "Rows Removed by Filter": 134167
                                                              },
                                                              {
                                                                "Node Type": "Bitmap Heap Scan",
                                                                "Parent Relationship": "Inner",
                                                                "Parallel Aware": false,
                                                                "Relation Name": "movie_keyword",
                                                                "Alias": "mk",
                                                                "Startup Cost": 10.79,
                                                                "Total Cost": 1104.4,
                                                                "Plan Rows": 304,
                                                                "Plan Width": 8,
                                                                "Actual Startup Time": 3.333,
                                                                "Actual Total Time": 15.711,
                                                                "Actual Rows": 12364,
                                                                "Actual Loops": 3,
                                                                "Recheck Cond": "(keyword_id = k.id)",
                                                                "Rows Removed by Index Recheck": 0,
                                                                "Exact Heap Blocks": 26312,
                                                                "Lossy Heap Blocks": 0,
                                                                "Plans": [
                                                                  {
                                                                    "Node Type": "Bitmap Index Scan",
                                                                    "Parent Relationship": "Outer",
                                                                    "Parallel Aware": false,
                                                                    "Index Name": "keyword_id_movie_keyword",
                                                                    "Startup Cost": 0.0,
                                                                    "Total Cost": 10.71,
                                                                    "Plan Rows": 304,
                                                                    "Plan Width": 0,
                                                                    "Actual Startup Time": 1.721,
                                                                    "Actual Total Time": 1.721,
                                                                    "Actual Rows": 12364,
                                                                    "Actual Loops": 3,
                                                                    "Index Cond": "(keyword_id = k.id)"
                                                                  }
                                                                ]
                                                              }
                                                            ]
                                                          }
                                                        ]
                                                      }
                                                    ]
                                                  },
                                                  {
                                                    "Node Type": "Index Scan",
                                                    "Parent Relationship": "Inner",
                                                    "Parallel Aware": false,
                                                    "Scan Direction": "Forward",
                                                    "Index Name": "title_pkey",
                                                    "Relation Name": "title",
                                                    "Alias": "t",
                                                    "Startup Cost": 0.43,
                                                    "Total Cost": 0.49,
                                                    "Plan Rows": 1,
                                                    "Plan Width": 25,
                                                    "Actual Startup Time": 0.002,
                                                    "Actual Total Time": 0.002,
                                                    "Actual Rows": 0,
                                                    "Actual Loops": 20024,
                                                    "Index Cond": "(id = mk.movie_id)",
                                                    "Rows Removed by Index Recheck": 0,
                                                    "Filter": "(production_year < 1960)",
                                                    "Rows Removed by Filter": 1
                                                  }
                                                ]
                                              }
                                            ]
                                          },
                                          {
                                            "Node Type": "Index Scan",
                                            "Parent Relationship": "Inner",
                                            "Parallel Aware": false,
                                            "Scan Direction": "Forward",
                                            "Index Name": "comp_cast_type_pkey",
                                            "Relation Name": "comp_cast_type",
                                            "Alias": "cct2",
                                            "Startup Cost": 0.13,
                                            "Total Cost": 0.15,
                                            "Plan Rows": 1,
                                            "Plan Width": 4,
                                            "Actual Startup Time": 0.001,
                                            "Actual Total Time": 0.001,
                                            "Actual Rows": 0,
                                            "Actual Loops": 3134,
                                            "Index Cond": "(id = cc.status_id)",
                                            "Rows Removed by Index Recheck": 0,
                                            "Filter": "((kind)::text = 'complete'::text)",
                                            "Rows Removed by Filter": 1
                                          }
                                        ]
                                      },
                                      {
                                        "Node Type": "Index Scan",
                                        "Parent Relationship": "Inner",
                                        "Parallel Aware": false,
                                        "Scan Direction": "Forward",
                                        "Index Name": "kind_type_pkey",
                                        "Relation Name": "kind_type",
                                        "Alias": "kt",
                                        "Startup Cost": 0.13,
                                        "Total Cost": 0.15,
                                        "Plan Rows": 1,
                                        "Plan Width": 4,
                                        "Actual Startup Time": 0.001,
                                        "Actual Total Time": 0.001,
                                        "Actual Rows": 1,
                                        "Actual Loops": 1313,
                                        "Index Cond": "(id = t.kind_id)",
                                        "Rows Removed by Index Recheck": 0,
                                        "Filter": "((kind)::text = ANY ('{movie,episode}'::text[]))",
                                        "Rows Removed by Filter": 0
                                      }
                                    ]
                                  },
                                  {
                                    "Node Type": "Index Scan",
                                    "Parent Relationship": "Inner",
                                    "Parallel Aware": false,
                                    "Scan Direction": "Forward",
                                    "Index Name": "movie_id_movie_info_idx",
                                    "Relation Name": "movie_info_idx",
                                    "Alias": "mi_idx",
                                    "Startup Cost": 0.43,
                                    "Total Cost": 0.5,
                                    "Plan Rows": 3,
                                    "Plan Width": 13,
                                    "Actual Startup Time": 0.004,
                                    "Actual Total Time": 0.004,
                                    "Actual Rows": 3,
                                    "Actual Loops": 1306,
                                    "Index Cond": "(movie_id = mk.movie_id)",
                                    "Rows Removed by Index Recheck": 0,
                                    "Filter": "(info < '8.5'::text)",
                                    "Rows Removed by Filter": 0
                                  }
                                ]
                              },
                              {
                                "Node Type": "Index Scan",
                                "Parent Relationship": "Inner",
                                "Parallel Aware": false,
                                "Scan Direction": "Forward",
                                "Index Name": "info_type_pkey",
                                "Relation Name": "info_type",
                                "Alias": "it2",
                                "Startup Cost": 0.14,
                                "Total Cost": 0.16,
                                "Plan Rows": 1,
                                "Plan Width": 4,
                                "Actual Startup Time": 0.001,
                                "Actual Total Time": 0.001,
                                "Actual Rows": 0,
                                "Actual Loops": 3407,
                                "Index Cond": "(id = mi_idx.info_type_id)",
                                "Rows Removed by Index Recheck": 0,
                                "Filter": "((info)::text = 'rating'::text)",
                                "Rows Removed by Filter": 1
                              }
                            ]
                          },
                          {
                            "Node Type": "Index Scan",
                            "Parent Relationship": "Inner",
                            "Parallel Aware": false,
                            "Scan Direction": "Forward",
                            "Index Name": "movie_id_movie_companies",
                            "Relation Name": "movie_companies",
                            "Alias": "mc",
                            "Startup Cost": 0.43,
                            "Total Cost": 0.57,
                            "Plan Rows": 1,
                            "Plan Width": 12,
                            "Actual Startup Time": 0.006,
                            "Actual Total Time": 0.007,
                            "Actual Rows": 0,
                            "Actual Loops": 1168,
                            "Index Cond": "(movie_id = mk.movie_id)",
                            "Rows Removed by Index Recheck": 0,
                            "Filter": "((note !~~ '%(USA)%'::text) AND (note ~~ '%(200%)%'::text))",
                            "Rows Removed by Filter": 6
                          }
                        ]
                      },
                      {
                        "Node Type": "Index Scan",
                        "Parent Relationship": "Inner",
                        "Parallel Aware": false,
                        "Scan Direction": "Forward",
                        "Index Name": "company_name_pkey",
                        "Relation Name": "company_name",
                        "Alias": "cn",
                        "Startup Cost": 0.42,
                        "Total Cost": 0.54,
                        "Plan Rows": 1,
                        "Plan Width": 23,
                        "Actual Startup Time": 0.002,
                        "Actual Total Time": 0.002,
                        "Actual Rows": 1,
                        "Actual Loops": 406,
                        "Index Cond": "(id = mc.company_id)",
                        "Rows Removed by Index Recheck": 0,
                        "Filter": "((country_code)::text <> '[us]'::text)",
                        "Rows Removed by Filter": 0
                      }
                    ]
                  },
                  {
                    "Node Type": "Index Only Scan",
                    "Parent Relationship": "Inner",
                    "Parallel Aware": false,
                    "Scan Direction": "Forward",
                    "Index Name": "company_type_pkey",
                    "Relation Name": "company_type",
                    "Alias": "ct",
                    "Startup Cost": 0.13,
                    "Total Cost": 0.15,
                    "Plan Rows": 1,
                    "Plan Width": 4,
                    "Actual Startup Time": 0.001,
                    "Actual Total Time": 0.001,
                    "Actual Rows": 1,
                    "Actual Loops": 212,
                    "Index Cond": "(id = mc.company_type_id)",
                    "Rows Removed by Index Recheck": 0,
                    "Heap Fetches": 212
                  }
                ]
              },
              {
                "Node Type": "Index Scan",
                "Parent Relationship": "Inner",
                "Parallel Aware": false,
                "Scan Direction": "Forward",
                "Index Name": "movie_id_movie_info",
                "Relation Name": "movie_info",
                "Alias": "mi",
                "Startup Cost": 0.43,
                "Total Cost": 1.89,
                "Plan Rows": 2,
                "Plan Width": 8,
                "Actual Startup Time": 0.027,
                "Actual Total Time": 0.032,
                "Actual Rows": 1,
                "Actual Loops": 212,
                "Index Cond": "(movie_id = mk.movie_id)",
                "Rows Removed by Index Recheck": 0,
                "Filter": "(info = ANY ('{Sweden,Norway,Germany,Denmark,Swedish,Danish,Norwegian,German,USA,American}'::text[]))",
                "Rows Removed by Filter": 62
              }
            ]
          },
          {
            "Node Type": "Hash",
            "Parent Relationship": "Inner",
            "Parallel Aware": false,
            "Startup Cost": 2.41,
            "Total Cost": 2.41,
            "Plan Rows": 1,
            "Plan Width": 4,
            "Actual Startup Time": 0.054,
            "Actual Total Time": 0.055,
            "Actual Rows": 1,
            "Actual Loops": 1,
            "Hash Buckets": 1024,
            "Original Hash Buckets": 1024,
            "Hash Batches": 1,
            "Original Hash Batches": 1,
            "Peak Memory Usage": 9,
            "Plans": [
              {
                "Node Type": "Seq Scan",
                "Parent Relationship": "Outer",
                "Parallel Aware": false,
                "Relation Name": "info_type",
                "Alias": "it1",
                "Startup Cost": 0.0,
                "Total Cost": 2.41,
                "Plan Rows": 1,
                "Plan Width": 4,
                "Actual Startup Time": 0.028,
                "Actual Total Time": 0.048,
                "Actual Rows": 1,
                "Actual Loops": 1,
                "Filter": "((info)::text = 'countries'::text)",
                "Rows Removed by Filter": 112
              }
            ]
          }
        ]
      }
    ]
  },
  "Planning Time": 4.815,
  "Triggers": [],
  "Execution Time": 178.184
}