{
    "Plan": {
        "Node Type": "Aggregate",
        "Strategy": "Plain",
        "Partial Mode": "Simple",
        "Parallel Aware": false,
        "Startup Cost": 40000721266.8,
        "Total Cost": 40000721266.81,
        "Plan Rows": 1,
        "Plan Width": 96,
        "Actual Startup Time": 4180.148,
        "Actual Total Time": 4180.157,
        "Actual Rows": 1,
        "Actual Loops": 1,
        "Output": [
            "min(mi.info)",
            "min(miidx.info)",
            "min(t.title)"
        ],
        "Plans": [
            {
                "Node Type": "Hash Join",
                "Parent Relationship": "Outer",
                "Parallel Aware": false,
                "Join Type": "Inner",
                "Startup Cost": 40000721250.03,
                "Total Cost": 40000721266.48,
                "Plan Rows": 43,
                "Plan Width": 65,
                "Actual Startup Time": 4179.542,
                "Actual Total Time": 4179.819,
                "Actual Rows": 3186,
                "Actual Loops": 1,
                "Output": [
                    "mi.info",
                    "miidx.info",
                    "t.title"
                ],
                "Inner Unique": false,
                "Hash Cond": "(it.id = miidx.info_type_id)",
                "Plans": [
                    {
                        "Node Type": "Index Scan",
                        "Parent Relationship": "Outer",
                        "Parallel Aware": false,
                        "Scan Direction": "Forward",
                        "Index Name": "info_type_pkey",
                        "Relation Name": "info_type",
                        "Schema": "public",
                        "Alias": "it",
                        "Startup Cost": 10000000000.14,
                        "Total Cost": 10000000014.12,
                        "Plan Rows": 1,
                        "Plan Width": 4,
                        "Actual Startup Time": 0.054,
                        "Actual Total Time": 0.057,
                        "Actual Rows": 1,
                        "Actual Loops": 1,
                        "Output": [
                            "it.id",
                            "it.info"
                        ],
                        "Filter": "((it.info)::text = 'rating'::text)",
                        "Rows Removed by Filter": 112
                    },
                    {
                        "Node Type": "Hash",
                        "Parent Relationship": "Inner",
                        "Parallel Aware": false,
                        "Startup Cost": 30000721189.07,
                        "Total Cost": 30000721189.07,
                        "Plan Rows": 4866,
                        "Plan Width": 69,
                        "Actual Startup Time": 4179.466,
                        "Actual Total Time": 4179.475,
                        "Actual Rows": 9558,
                        "Actual Loops": 1,
                        "Output": [
                            "mi.info",
                            "miidx.info",
                            "miidx.info_type_id",
                            "t.title"
                        ],
                        "Hash Buckets": 16384,
                        "Original Hash Buckets": 8192,
                        "Hash Batches": 1,
                        "Original Hash Batches": 1,
                        "Peak Memory Usage": 951,
                        "Plans": [
                            {
                                "Node Type": "Merge Join",
                                "Parent Relationship": "Outer",
                                "Parallel Aware": false,
                                "Join Type": "Inner",
                                "Startup Cost": 30000718376.88,
                                "Total Cost": 30000721189.07,
                                "Plan Rows": 4866,
                                "Plan Width": 69,
                                "Actual Startup Time": 4174.975,
                                "Actual Total Time": 4177.369,
                                "Actual Rows": 9558,
                                "Actual Loops": 1,
                                "Output": [
                                    "mi.info",
                                    "miidx.info",
                                    "miidx.info_type_id",
                                    "t.title"
                                ],
                                "Inner Unique": false,
                                "Merge Cond": "(it2.id = mi.info_type_id)",
                                "Plans": [
                                    {
                                        "Node Type": "Index Scan",
                                        "Parent Relationship": "Outer",
                                        "Parallel Aware": false,
                                        "Scan Direction": "Forward",
                                        "Index Name": "info_type_pkey",
                                        "Relation Name": "info_type",
                                        "Schema": "public",
                                        "Alias": "it2",
                                        "Startup Cost": 0.14,
                                        "Total Cost": 14.12,
                                        "Plan Rows": 1,
                                        "Plan Width": 4,
                                        "Actual Startup Time": 0.015,
                                        "Actual Total Time": 0.029,
                                        "Actual Rows": 1,
                                        "Actual Loops": 1,
                                        "Output": [
                                            "it2.id",
                                            "it2.info"
                                        ],
                                        "Filter": "((it2.info)::text = 'release dates'::text)",
                                        "Rows Removed by Filter": 112
                                    },
                                    {
                                        "Node Type": "Sort",
                                        "Parent Relationship": "Inner",
                                        "Parallel Aware": false,
                                        "Startup Cost": 30000718376.74,
                                        "Total Cost": 30000719751.51,
                                        "Plan Rows": 549909,
                                        "Plan Width": 73,
                                        "Actual Startup Time": 4163.501,
                                        "Actual Total Time": 4170.995,
                                        "Actual Rows": 65269,
                                        "Actual Loops": 1,
                                        "Output": [
                                            "mi.info",
                                            "mi.info_type_id",
                                            "miidx.info",
                                            "miidx.info_type_id",
                                            "t.title"
                                        ],
                                        "Sort Key": [
                                            "mi.info_type_id"
                                        ],
                                        "Sort Method": "quicksort",
                                        "Sort Space Used": 15797,
                                        "Sort Space Type": "Memory",
                                        "Plans": [
                                            {
                                                "Node Type": "Nested Loop",
                                                "Parent Relationship": "Outer",
                                                "Parallel Aware": false,
                                                "Join Type": "Inner",
                                                "Startup Cost": 30000501189.41,
                                                "Total Cost": 30000665946.12,
                                                "Plan Rows": 549909,
                                                "Plan Width": 73,
                                                "Actual Startup Time": 4071.53,
                                                "Actual Total Time": 4146.391,
                                                "Actual Rows": 78396,
                                                "Actual Loops": 1,
                                                "Output": [
                                                    "mi.info",
                                                    "mi.info_type_id",
                                                    "miidx.info",
                                                    "miidx.info_type_id",
                                                    "t.title"
                                                ],
                                                "Inner Unique": false,
                                                "Plans": [
                                                    {
                                                        "Node Type": "Hash Join",
                                                        "Parent Relationship": "Outer",
                                                        "Parallel Aware": false,
                                                        "Join Type": "Inner",
                                                        "Startup Cost": 30000501188.97,
                                                        "Total Cost": 30000632580.62,
                                                        "Plan Rows": 18040,
                                                        "Plan Width": 38,
                                                        "Actual Startup Time": 4071.505,
                                                        "Actual Total Time": 4096.221,
                                                        "Actual Rows": 5679,
                                                        "Actual Loops": 1,
                                                        "Output": [
                                                            "mc.movie_id",
                                                            "miidx.info",
                                                            "miidx.movie_id",
                                                            "miidx.info_type_id",
                                                            "t.title",
                                                            "t.id"
                                                        ],
                                                        "Inner Unique": false,
                                                        "Hash Cond": "(cn.id = mc.company_id)",
                                                        "Plans": [
                                                            {
                                                                "Node Type": "Seq Scan",
                                                                "Parent Relationship": "Outer",
                                                                "Parallel Aware": false,
                                                                "Relation Name": "company_name",
                                                                "Schema": "public",
                                                                "Alias": "cn",
                                                                "Startup Cost": 10000000000.0,
                                                                "Total Cost": 10000005932.46,
                                                                "Plan Rows": 16082,
                                                                "Plan Width": 4,
                                                                "Actual Startup Time": 0.028,
                                                                "Actual Total Time": 20.215,
                                                                "Actual Rows": 16045,
                                                                "Actual Loops": 1,
                                                                "Output": [
                                                                    "cn.id",
                                                                    "cn.name",
                                                                    "cn.country_code",
                                                                    "cn.imdb_id",
                                                                    "cn.name_pcode_nf",
                                                                    "cn.name_pcode_sf",
                                                                    "cn.md5sum"
                                                                ],
                                                                "Filter": "((cn.country_code)::text = '[gb]'::text)",
                                                                "Rows Removed by Filter": 218952
                                                            },
                                                            {
                                                                "Node Type": "Hash",
                                                                "Parent Relationship": "Inner",
                                                                "Parallel Aware": false,
                                                                "Startup Cost": 20000497893.94,
                                                                "Total Cost": 20000497893.94,
                                                                "Plan Rows": 263603,
                                                                "Plan Width": 42,
                                                                "Actual Startup Time": 4070.532,
                                                                "Actual Total Time": 4070.539,
                                                                "Actual Rows": 100002,
                                                                "Actual Loops": 1,
                                                                "Output": [
                                                                    "mc.movie_id",
                                                                    "mc.company_id",
                                                                    "miidx.info",
                                                                    "miidx.movie_id",
                                                                    "miidx.info_type_id",
                                                                    "t.title",
                                                                    "t.id"
                                                                ],
                                                                "Hash Buckets": 524288,
                                                                "Original Hash Buckets": 524288,
                                                                "Hash Batches": 1,
                                                                "Original Hash Batches": 1,
                                                                "Peak Memory Usage": 12398,
                                                                "Plans": [
                                                                    {
                                                                        "Node Type": "Merge Join",
                                                                        "Parent Relationship": "Outer",
                                                                        "Parallel Aware": false,
                                                                        "Join Type": "Inner",
                                                                        "Startup Cost": 20000486019.68,
                                                                        "Total Cost": 20000497893.94,
                                                                        "Plan Rows": 263603,
                                                                        "Plan Width": 42,
                                                                        "Actual Startup Time": 4029.254,
                                                                        "Actual Total Time": 4049.787,
                                                                        "Actual Rows": 100002,
                                                                        "Actual Loops": 1,
                                                                        "Output": [
                                                                            "mc.movie_id",
                                                                            "mc.company_id",
                                                                            "miidx.info",
                                                                            "miidx.movie_id",
                                                                            "miidx.info_type_id",
                                                                            "t.title",
                                                                            "t.id"
                                                                        ],
                                                                        "Inner Unique": false,
                                                                        "Merge Cond": "(kt.id = t.kind_id)",
                                                                        "Plans": [
                                                                            {
                                                                                "Node Type": "Index Scan",
                                                                                "Parent Relationship": "Outer",
                                                                                "Parallel Aware": false,
                                                                                "Scan Direction": "Forward",
                                                                                "Index Name": "kind_type_pkey",
                                                                                "Relation Name": "kind_type",
                                                                                "Schema": "public",
                                                                                "Alias": "kt",
                                                                                "Startup Cost": 0.13,
                                                                                "Total Cost": 12.26,
                                                                                "Plan Rows": 1,
                                                                                "Plan Width": 4,
                                                                                "Actual Startup Time": 0.022,
                                                                                "Actual Total Time": 0.033,
                                                                                "Actual Rows": 1,
                                                                                "Actual Loops": 1,
                                                                                "Output": [
                                                                                    "kt.id",
                                                                                    "kt.kind"
                                                                                ],
                                                                                "Filter": "((kt.kind)::text = 'video movie'::text)",
                                                                                "Rows Removed by Filter": 6
                                                                            },
                                                                            {
                                                                                "Node Type": "Sort",
                                                                                "Parent Relationship": "Inner",
                                                                                "Parallel Aware": false,
                                                                                "Startup Cost": 20000486019.55,
                                                                                "Total Cost": 20000490632.6,
                                                                                "Plan Rows": 1845220,
                                                                                "Plan Width": 46,
                                                                                "Actual Startup Time": 3846.303,
                                                                                "Actual Total Time": 3918.119,
                                                                                "Actual Rows": 1835353,
                                                                                "Actual Loops": 1,
                                                                                "Output": [
                                                                                    "mc.movie_id",
                                                                                    "mc.company_id",
                                                                                    "miidx.info",
                                                                                    "miidx.movie_id",
                                                                                    "miidx.info_type_id",
                                                                                    "t.title",
                                                                                    "t.id",
                                                                                    "t.kind_id"
                                                                                ],
                                                                                "Sort Key": [
                                                                                    "t.kind_id"
                                                                                ],
                                                                                "Sort Method": "quicksort",
                                                                                "Sort Space Used": 345743,
                                                                                "Sort Space Type": "Memory",
                                                                                "Plans": [
                                                                                    {
                                                                                        "Node Type": "Hash Join",
                                                                                        "Parent Relationship": "Outer",
                                                                                        "Parallel Aware": false,
                                                                                        "Join Type": "Inner",
                                                                                        "Startup Cost": 20000186732.4,
                                                                                        "Total Cost": 20000293974.94,
                                                                                        "Plan Rows": 1845220,
                                                                                        "Plan Width": 46,
                                                                                        "Actual Startup Time": 2017.888,
                                                                                        "Actual Total Time": 3253.977,
                                                                                        "Actual Rows": 2319675,
                                                                                        "Actual Loops": 1,
                                                                                        "Output": [
                                                                                            "mc.movie_id",
                                                                                            "mc.company_id",
                                                                                            "miidx.info",
                                                                                            "miidx.movie_id",
                                                                                            "miidx.info_type_id",
                                                                                            "t.title",
                                                                                            "t.id",
                                                                                            "t.kind_id"
                                                                                        ],
                                                                                        "Inner Unique": false,
                                                                                        "Hash Cond": "(mc.movie_id = t.id)",
                                                                                        "Plans": [
                                                                                            {
                                                                                                "Node Type": "Hash Join",
                                                                                                "Parent Relationship": "Outer",
                                                                                                "Parallel Aware": false,
                                                                                                "Join Type": "Inner",
                                                                                                "Startup Cost": 20000093847.15,
                                                                                                "Total Cost": 20000171104.87,
                                                                                                "Plan Rows": 1845220,
                                                                                                "Plan Width": 21,
                                                                                                "Actual Startup Time": 1097.176,
                                                                                                "Actual Total Time": 1810.799,
                                                                                                "Actual Rows": 2319675,
                                                                                                "Actual Loops": 1,
                                                                                                "Output": [
                                                                                                    "mc.movie_id",
                                                                                                    "mc.company_id",
                                                                                                    "miidx.info",
                                                                                                    "miidx.movie_id",
                                                                                                    "miidx.info_type_id"
                                                                                                ],
                                                                                                "Inner Unique": false,
                                                                                                "Hash Cond": "(miidx.movie_id = mc.movie_id)",
                                                                                                "Plans": [
                                                                                                    {
                                                                                                        "Node Type": "Index Scan",
                                                                                                        "Parent Relationship": "Outer",
                                                                                                        "Parallel Aware": false,
                                                                                                        "Scan Direction": "Forward",
                                                                                                        "Index Name": "movie_id_movie_info_idx",
                                                                                                        "Relation Name": "movie_info_idx",
                                                                                                        "Schema": "public",
                                                                                                        "Alias": "miidx",
                                                                                                        "Startup Cost": 10000000000.43,
                                                                                                        "Total Cost": 10000053630.81,
                                                                                                        "Plan Rows": 1380035,
                                                                                                        "Plan Width": 13,
                                                                                                        "Actual Startup Time": 0.019,
                                                                                                        "Actual Total Time": 198.705,
                                                                                                        "Actual Rows": 1380035,
                                                                                                        "Actual Loops": 1,
                                                                                                        "Output": [
                                                                                                            "miidx.id",
                                                                                                            "miidx.movie_id",
                                                                                                            "miidx.info_type_id",
                                                                                                            "miidx.info",
                                                                                                            "miidx.note"
                                                                                                        ]
                                                                                                    },
                                                                                                    {
                                                                                                        "Node Type": "Hash",
                                                                                                        "Parent Relationship": "Inner",
                                                                                                        "Parallel Aware": false,
                                                                                                        "Startup Cost": 10000085693.2,
                                                                                                        "Total Cost": 10000085693.2,
                                                                                                        "Plan Rows": 652282,
                                                                                                        "Plan Width": 8,
                                                                                                        "Actual Startup Time": 1096.147,
                                                                                                        "Actual Total Time": 1096.15,
                                                                                                        "Actual Rows": 1274246,
                                                                                                        "Actual Loops": 1,
                                                                                                        "Output": [
                                                                                                            "mc.movie_id",
                                                                                                            "mc.company_id"
                                                                                                        ],
                                                                                                        "Hash Buckets": 2097152,
                                                                                                        "Original Hash Buckets": 1048576,
                                                                                                        "Hash Batches": 1,
                                                                                                        "Original Hash Batches": 1,
                                                                                                        "Peak Memory Usage": 66160,
                                                                                                        "Plans": [
                                                                                                            {
                                                                                                                "Node Type": "Hash Join",
                                                                                                                "Parent Relationship": "Outer",
                                                                                                                "Parallel Aware": false,
                                                                                                                "Join Type": "Inner",
                                                                                                                "Startup Cost": 10000077495.53,
                                                                                                                "Total Cost": 10000085693.2,
                                                                                                                "Plan Rows": 652282,
                                                                                                                "Plan Width": 8,
                                                                                                                "Actual Startup Time": 677.933,
                                                                                                                "Actual Total Time": 836.726,
                                                                                                                "Actual Rows": 1274246,
                                                                                                                "Actual Loops": 1,
                                                                                                                "Output": [
                                                                                                                    "mc.movie_id",
                                                                                                                    "mc.company_id"
                                                                                                                ],
                                                                                                                "Inner Unique": false,
                                                                                                                "Hash Cond": "(ct.id = mc.company_type_id)",
                                                                                                                "Plans": [
                                                                                                                    {
                                                                                                                        "Node Type": "Index Scan",
                                                                                                                        "Parent Relationship": "Outer",
                                                                                                                        "Parallel Aware": false,
                                                                                                                        "Scan Direction": "Forward",
                                                                                                                        "Index Name": "company_type_pkey",
                                                                                                                        "Relation Name": "company_type",
                                                                                                                        "Schema": "public",
                                                                                                                        "Alias": "ct",
                                                                                                                        "Startup Cost": 0.13,
                                                                                                                        "Total Cost": 12.2,
                                                                                                                        "Plan Rows": 1,
                                                                                                                        "Plan Width": 4,
                                                                                                                        "Actual Startup Time": 0.012,
                                                                                                                        "Actual Total Time": 0.028,
                                                                                                                        "Actual Rows": 1,
                                                                                                                        "Actual Loops": 1,
                                                                                                                        "Output": [
                                                                                                                            "ct.id",
                                                                                                                            "ct.kind"
                                                                                                                        ],
                                                                                                                        "Filter": "((ct.kind)::text = 'distributors'::text)",
                                                                                                                        "Rows Removed by Filter": 3
                                                                                                                    },
                                                                                                                    {
                                                                                                                        "Node Type": "Hash",
                                                                                                                        "Parent Relationship": "Inner",
                                                                                                                        "Parallel Aware": false,
                                                                                                                        "Startup Cost": 10000044881.29,
                                                                                                                        "Total Cost": 10000044881.29,
                                                                                                                        "Plan Rows": 2609129,
                                                                                                                        "Plan Width": 12,
                                                                                                                        "Actual Startup Time": 674.092,
                                                                                                                        "Actual Total Time": 674.093,
                                                                                                                        "Actual Rows": 2609129,
                                                                                                                        "Actual Loops": 1,
                                                                                                                        "Output": [
                                                                                                                            "mc.movie_id",
                                                                                                                            "mc.company_id",
                                                                                                                            "mc.company_type_id"
                                                                                                                        ],
                                                                                                                        "Hash Buckets": 4194304,
                                                                                                                        "Original Hash Buckets": 4194304,
                                                                                                                        "Hash Batches": 1,
                                                                                                                        "Original Hash Batches": 1,
                                                                                                                        "Peak Memory Usage": 144880,
                                                                                                                        "Plans": [
                                                                                                                            {
                                                                                                                                "Node Type": "Seq Scan",
                                                                                                                                "Parent Relationship": "Outer",
                                                                                                                                "Parallel Aware": false,
                                                                                                                                "Relation Name": "movie_companies",
                                                                                                                                "Schema": "public",
                                                                                                                                "Alias": "mc",
                                                                                                                                "Startup Cost": 10000000000.0,
                                                                                                                                "Total Cost": 10000044881.29,
                                                                                                                                "Plan Rows": 2609129,
                                                                                                                                "Plan Width": 12,
                                                                                                                                "Actual Startup Time": 0.017,
                                                                                                                                "Actual Total Time": 341.197,
                                                                                                                                "Actual Rows": 2609129,
                                                                                                                                "Actual Loops": 1,
                                                                                                                                "Output": [
                                                                                                                                    "mc.movie_id",
                                                                                                                                    "mc.company_id",
                                                                                                                                    "mc.company_type_id"
                                                                                                                                ]
                                                                                                                            }
                                                                                                                        ]
                                                                                                                    }
                                                                                                                ]
                                                                                                            }
                                                                                                        ]
                                                                                                    }
                                                                                                ]
                                                                                            },
                                                                                            {
                                                                                                "Node Type": "Hash",
                                                                                                "Parent Relationship": "Inner",
                                                                                                "Parallel Aware": false,
                                                                                                "Startup Cost": 61281.22,
                                                                                                "Total Cost": 61281.22,
                                                                                                "Plan Rows": 2528322,
                                                                                                "Plan Width": 25,
                                                                                                "Actual Startup Time": 914.623,
                                                                                                "Actual Total Time": 914.624,
                                                                                                "Actual Rows": 2528312,
                                                                                                "Actual Loops": 1,
                                                                                                "Output": [
                                                                                                    "t.title",
                                                                                                    "t.id",
                                                                                                    "t.kind_id"
                                                                                                ],
                                                                                                "Hash Buckets": 4194304,
                                                                                                "Original Hash Buckets": 4194304,
                                                                                                "Hash Batches": 1,
                                                                                                "Original Hash Batches": 1,
                                                                                                "Peak Memory Usage": 178513,
                                                                                                "Plans": [
                                                                                                    {
                                                                                                        "Node Type": "Seq Scan",
                                                                                                        "Parent Relationship": "Outer",
                                                                                                        "Parallel Aware": false,
                                                                                                        "Relation Name": "title",
                                                                                                        "Schema": "public",
                                                                                                        "Alias": "t",
                                                                                                        "Startup Cost": 0.0,
                                                                                                        "Total Cost": 61281.22,
                                                                                                        "Plan Rows": 2528322,
                                                                                                        "Plan Width": 25,
                                                                                                        "Actual Startup Time": 0.02,
                                                                                                        "Actual Total Time": 286.434,
                                                                                                        "Actual Rows": 2528312,
                                                                                                        "Actual Loops": 1,
                                                                                                        "Output": [
                                                                                                            "t.title",
                                                                                                            "t.id",
                                                                                                            "t.kind_id"
                                                                                                        ]
                                                                                                    }
                                                                                                ]
                                                                                            }
                                                                                        ]
                                                                                    }
                                                                                ]
                                                                            }
                                                                        ]
                                                                    }
                                                                ]
                                                            }
                                                        ]
                                                    },
                                                    {
                                                        "Node Type": "Index Scan",
                                                        "Parent Relationship": "Inner",
                                                        "Parallel Aware": false,
                                                        "Scan Direction": "Forward",
                                                        "Index Name": "movie_id_movie_info",
                                                        "Relation Name": "movie_info",
                                                        "Schema": "public",
                                                        "Alias": "mi",
                                                        "Startup Cost": 0.43,
                                                        "Total Cost": 1.46,
                                                        "Plan Rows": 39,
                                                        "Plan Width": 51,
                                                        "Actual Startup Time": 0.002,
                                                        "Actual Total Time": 0.007,
                                                        "Actual Rows": 14,
                                                        "Actual Loops": 5679,
                                                        "Output": [
                                                            "mi.id",
                                                            "mi.movie_id",
                                                            "mi.info_type_id",
                                                            "mi.info",
                                                            "mi.note"
                                                        ],
                                                        "Index Cond": "(mi.movie_id = t.id)",
                                                        "Rows Removed by Index Recheck": 0
                                                    }
                                                ]
                                            }
                                        ]
                                    }
                                ]
                            }
                        ]
                    }
                ]
            }
        ]
    },
    "Planning Time": 9.382,
    "Triggers": [],
    "Execution Time": 4182.889
}