[
  {
    "Plan": {
      "Node Type": "Aggregate",
      "Strategy": "Plain",
      "Partial Mode": "Finalize",
      "Parallel Aware": false,
      "Startup Cost": 31480.46,
      "Total Cost": 31480.47,
      "Plan Rows": 1,
      "Plan Width": 8,
      "Actual Startup Time": 111.86,
      "Actual Total Time": 120.256,
      "Actual Rows": 1,
      "Actual Loops": 1,
      "Plans": [
        {
          "Node Type": "Gather",
          "Parent Relationship": "Outer",
          "Parallel Aware": false,
          "Startup Cost": 31480.14,
          "Total Cost": 31480.45,
          "Plan Rows": 3,
          "Plan Width": 8,
          "Actual Startup Time": 111.727,
          "Actual Total Time": 120.249,
          "Actual Rows": 4,
          "Actual Loops": 1,
          "Workers Planned": 3,
          "Workers Launched": 3,
          "Single Copy": false,
          "Plans": [
            {
              "Node Type": "Aggregate",
              "Strategy": "Plain",
              "Partial Mode": "Partial",
              "Parent Relationship": "Outer",
              "Parallel Aware": false,
              "Startup Cost": 30480.14,
              "Total Cost": 30480.15,
              "Plan Rows": 1,
              "Plan Width": 8,
              "Actual Startup Time": 103.145,
              "Actual Total Time": 103.146,
              "Actual Rows": 1,
              "Actual Loops": 4,
              "Plans": [
                {
                  "Node Type": "Seq Scan",
                  "Parent Relationship": "Outer",
                  "Parallel Aware": true,
                  "Relation Name": "movie_companies",
                  "Alias": "mc",
                  "Startup Cost": 0.0,
                  "Total Cost": 29310.68,
                  "Plan Rows": 467783,
                  "Plan Width": 0,
                  "Actual Startup Time": 19.33,
                  "Actual Total Time": 87.316,
                  "Actual Rows": 363300,
                  "Actual Loops": 4,
                  "Filter": "(company_id > 9268)",
                  "Rows Removed by Filter": 288982
                }
              ]
            }
          ]
        }
      ]
    },
    "Planning Time": 0.173,
    "Triggers": [],
    "Execution Time": 120.31
  }
]