[
  {
    "Plan": {
      "Node Type": "Aggregate",
      "Strategy": "Plain",
      "Partial Mode": "Finalize",
      "Parallel Aware": false,
      "Startup Cost": 339444.92,
      "Total Cost": 339444.93,
      "Plan Rows": 1,
      "Plan Width": 8,
      "Actual Startup Time": 746.387,
      "Actual Total Time": 808.695,
      "Actual Rows": 1,
      "Actual Loops": 1,
      "Plans": [
        {
          "Node Type": "Gather",
          "Parent Relationship": "Outer",
          "Parallel Aware": false,
          "Startup Cost": 339444.3,
          "Total Cost": 339444.91,
          "Plan Rows": 6,
          "Plan Width": 8,
          "Actual Startup Time": 746.246,
          "Actual Total Time": 808.686,
          "Actual Rows": 7,
          "Actual Loops": 1,
          "Workers Planned": 6,
          "Workers Launched": 6,
          "Single Copy": false,
          "Plans": [
            {
              "Node Type": "Aggregate",
              "Strategy": "Plain",
              "Partial Mode": "Partial",
              "Parent Relationship": "Outer",
              "Parallel Aware": false,
              "Startup Cost": 338444.3,
              "Total Cost": 338444.31,
              "Plan Rows": 1,
              "Plan Width": 8,
              "Actual Startup Time": 737.826,
              "Actual Total Time": 737.827,
              "Actual Rows": 1,
              "Actual Loops": 7,
              "Plans": [
                {
                  "Node Type": "Seq Scan",
                  "Parent Relationship": "Outer",
                  "Parallel Aware": true,
                  "Relation Name": "cast_info",
                  "Alias": "ci",
                  "Startup Cost": 0.0,
                  "Total Cost": 328162.03,
                  "Plan Rows": 4112908,
                  "Plan Width": 0,
                  "Actual Startup Time": 124.885,
                  "Actual Total Time": 594.252,
                  "Actual Rows": 3529438,
                  "Actual Loops": 7,
                  "Filter": "(person_id > 1135625)",
                  "Rows Removed by Filter": 1648326
                }
              ]
            }
          ]
        }
      ]
    },
    "Planning Time": 0.199,
    "Triggers": [],
    "Execution Time": 808.767
  }
]