[
    {
        "Bao": {
            "Bao prediction": 450.223,
            "Bao recommended hint": "(no hint)"
        }
    },
    {
        "Plan": {
            "Node Type": "Aggregate",
            "Strategy": "Plain",
            "Partial Mode": "Finalize",
            "Parallel Aware": false,
            "Startup Cost": 33084.91,
            "Total Cost": 33084.92,
            "Plan Rows": 1,
            "Plan Width": 8,
            "Actual Startup Time": 106.937,
            "Actual Total Time": 113.898,
            "Actual Rows": 1,
            "Actual Loops": 1,
            "Output": [
                "count(*)"
            ],
            "Plans": [
                {
                    "Node Type": "Gather",
                    "Parent Relationship": "Outer",
                    "Parallel Aware": false,
                    "Startup Cost": 33084.59,
                    "Total Cost": 33084.9,
                    "Plan Rows": 3,
                    "Plan Width": 8,
                    "Actual Startup Time": 106.808,
                    "Actual Total Time": 113.889,
                    "Actual Rows": 4,
                    "Actual Loops": 1,
                    "Output": [
                        "(PARTIAL count(*))"
                    ],
                    "Workers Planned": 3,
                    "Workers Launched": 3,
                    "Single Copy": false,
                    "Plans": [
                        {
                            "Node Type": "Aggregate",
                            "Strategy": "Plain",
                            "Partial Mode": "Partial",
                            "Parent Relationship": "Outer",
                            "Parallel Aware": false,
                            "Startup Cost": 32084.59,
                            "Total Cost": 32084.6,
                            "Plan Rows": 1,
                            "Plan Width": 8,
                            "Actual Startup Time": 99.008,
                            "Actual Total Time": 99.009,
                            "Actual Rows": 1,
                            "Actual Loops": 4,
                            "Output": [
                                "PARTIAL count(*)"
                            ],
                            "Workers": [
                                {
                                    "Worker Number": 0,
                                    "Actual Startup Time": 96.452,
                                    "Actual Total Time": 96.453,
                                    "Actual Rows": 1,
                                    "Actual Loops": 1
                                },
                                {
                                    "Worker Number": 1,
                                    "Actual Startup Time": 96.525,
                                    "Actual Total Time": 96.526,
                                    "Actual Rows": 1,
                                    "Actual Loops": 1
                                },
                                {
                                    "Worker Number": 2,
                                    "Actual Startup Time": 96.824,
                                    "Actual Total Time": 96.825,
                                    "Actual Rows": 1,
                                    "Actual Loops": 1
                                }
                            ],
                            "Plans": [
                                {
                                    "Node Type": "Seq Scan",
                                    "Parent Relationship": "Outer",
                                    "Parallel Aware": true,
                                    "Relation Name": "movie_companies",
                                    "Schema": "public",
                                    "Alias": "mc",
                                    "Startup Cost": 0.0,
                                    "Total Cost": 31414.82,
                                    "Plan Rows": 267908,
                                    "Plan Width": 0,
                                    "Actual Startup Time": 2.556,
                                    "Actual Total Time": 89.446,
                                    "Actual Rows": 157032,
                                    "Actual Loops": 4,
                                    "Output": [
                                        "id",
                                        "movie_id",
                                        "company_id",
                                        "company_type_id",
                                        "note"
                                    ],
                                    "Filter": "((mc.company_id > 3042) AND (mc.company_type_id < 2))",
                                    "Rows Removed by Filter": 495250,
                                    "Workers": [
                                        {
                                            "Worker Number": 0,
                                            "Actual Startup Time": 0.055,
                                            "Actual Total Time": 87.09,
                                            "Actual Rows": 130353,
                                            "Actual Loops": 1
                                        },
                                        {
                                            "Worker Number": 1,
                                            "Actual Startup Time": 0.136,
                                            "Actual Total Time": 87.248,
                                            "Actual Rows": 131859,
                                            "Actual Loops": 1
                                        },
                                        {
                                            "Worker Number": 2,
                                            "Actual Startup Time": 0.323,
                                            "Actual Total Time": 87.481,
                                            "Actual Rows": 132491,
                                            "Actual Loops": 1
                                        }
                                    ]
                                }
                            ]
                        }
                    ]
                }
            ]
        },
        "Planning Time": 1269.834,
        "Triggers": [],
        "Execution Time": 113.977
    }
]