{
  "Plan": {
    "Node Type": "Aggregate",
    "Strategy": "Plain",
    "Partial Mode": "Simple",
    "Parallel Aware": false,
    "Startup Cost": 418153.09,
    "Total Cost": 418153.1,
    "Plan Rows": 1,
    "Plan Width": 96,
    "Actual Startup Time": 12740.018,
    "Actual Total Time": 12740.173,
    "Actual Rows": 1,
    "Actual Loops": 1,
    "Plans": [
      {
        "Node Type": "Nested Loop",
        "Parent Relationship": "Outer",
        "Parallel Aware": false,
        "Join Type": "Inner",
        "Startup Cost": 372305.87,
        "Total Cost": 418152.91,
        "Plan Rows": 23,
        "Plan Width": 66,
        "Actual Startup Time": 3091.381,
        "Actual Total Time": 12731.997,
        "Actual Rows": 28073,
        "Actual Loops": 1,
        "Inner Unique": true,
        "Plans": [
          {
            "Node Type": "Nested Loop",
            "Parent Relationship": "Outer",
            "Parallel Aware": false,
            "Join Type": "Inner",
            "Startup Cost": 372305.44,
            "Total Cost": 418114.86,
            "Plan Rows": 55,
            "Plan Width": 70,
            "Actual Startup Time": 3086.144,
            "Actual Total Time": 12333.518,
            "Actual Rows": 54155,
            "Actual Loops": 1,
            "Inner Unique": false,
            "Join Filter": "(mi_idx.info_type_id = it2.id)",
            "Rows Removed by Join Filter": 108466,
            "Plans": [
              {
                "Node Type": "Seq Scan",
                "Parent Relationship": "Outer",
                "Parallel Aware": false,
                "Relation Name": "info_type",
                "Alias": "it2",
                "Startup Cost": 0.0,
                "Total Cost": 2.41,
                "Plan Rows": 1,
                "Plan Width": 4,
                "Actual Startup Time": 0.033,
                "Actual Total Time": 0.035,
                "Actual Rows": 1,
                "Actual Loops": 1,
                "Filter": "((info)::text = 'votes'::text)",
                "Rows Removed by Filter": 112
              },
              {
                "Node Type": "Nested Loop",
                "Parent Relationship": "Inner",
                "Parallel Aware": false,
                "Join Type": "Inner",
                "Startup Cost": 372305.44,
                "Total Cost": 418035.33,
                "Plan Rows": 6169,
                "Plan Width": 74,
                "Actual Startup Time": 3086.088,
                "Actual Total Time": 12318.036,
                "Actual Rows": 162621,
                "Actual Loops": 1,
                "Inner Unique": false,
                "Plans": [
                  {
                    "Node Type": "Nested Loop",
                    "Parent Relationship": "Outer",
                    "Parallel Aware": false,
                    "Join Type": "Inner",
                    "Startup Cost": 372304.88,
                    "Total Cost": 407487.63,
                    "Plan Rows": 5122,
                    "Plan Width": 82,
                    "Actual Startup Time": 3081.526,
                    "Actual Total Time": 3594.014,
                    "Actual Rows": 307785,
                    "Actual Loops": 1,
                    "Inner Unique": false,
                    "Join Filter": "(mi.info_type_id = it1.id)",
                    "Rows Removed by Join Filter": 7294,
                    "Plans": [
                      {
                        "Node Type": "Seq Scan",
                        "Parent Relationship": "Outer",
                        "Parallel Aware": false,
                        "Relation Name": "info_type",
                        "Alias": "it1",
                        "Startup Cost": 0.0,
                        "Total Cost": 2.41,
                        "Plan Rows": 1,
                        "Plan Width": 4,
                        "Actual Startup Time": 0.011,
                        "Actual Total Time": 0.019,
                        "Actual Rows": 1,
                        "Actual Loops": 1,
                        "Filter": "((info)::text = 'genres'::text)",
                        "Rows Removed by Filter": 112
                      },
                      {
                        "Node Type": "Hash Join",
                        "Parent Relationship": "Inner",
                        "Parallel Aware": false,
                        "Join Type": "Inner",
                        "Startup Cost": 372304.88,
                        "Total Cost": 400248.04,
                        "Plan Rows": 578974,
                        "Plan Width": 86,
                        "Actual Startup Time": 3081.513,
                        "Actual Total Time": 3557.54,
                        "Actual Rows": 315079,
                        "Actual Loops": 1,
                        "Inner Unique": false,
                        "Hash Cond": "(mi_idx.movie_id = t.id)",
                        "Plans": [
                          {
                            "Node Type": "Seq Scan",
                            "Parent Relationship": "Outer",
                            "Parallel Aware": false,
                            "Relation Name": "movie_info_idx",
                            "Alias": "mi_idx",
                            "Startup Cost": 0.0,
                            "Total Cost": 21735.35,
                            "Plan Rows": 1380035,
                            "Plan Width": 14,
                            "Actual Startup Time": 0.022,
                            "Actual Total Time": 149.544,
                            "Actual Rows": 1380035,
                            "Actual Loops": 1
                          },
                          {
                            "Node Type": "Hash",
                            "Parent Relationship": "Inner",
                            "Parallel Aware": false,
                            "Startup Cost": 369939.78,
                            "Total Cost": 369939.78,
                            "Plan Rows": 189208,
                            "Plan Width": 72,
                            "Actual Startup Time": 3078.676,
                            "Actual Total Time": 3078.827,
                            "Actual Rows": 188971,
                            "Actual Loops": 1,
                            "Hash Buckets": 262144,
                            "Original Hash Buckets": 262144,
                            "Hash Batches": 1,
                            "Original Hash Batches": 1,
                            "Peak Memory Usage": 15214,
                            "Plans": [
                              {
                                "Node Type": "Merge Join",
                                "Parent Relationship": "Outer",
                                "Parallel Aware": false,
                                "Join Type": "Inner",
                                "Startup Cost": 250540.85,
                                "Total Cost": 369939.78,
                                "Plan Rows": 189208,
                                "Plan Width": 72,
                                "Actual Startup Time": 1009.21,
                                "Actual Total Time": 3006.641,
                                "Actual Rows": 188971,
                                "Actual Loops": 1,
                                "Inner Unique": false,
                                "Merge Cond": "(t.id = mi.movie_id)",
                                "Plans": [
                                  {
                                    "Node Type": "Index Scan",
                                    "Parent Relationship": "Outer",
                                    "Parallel Aware": false,
                                    "Scan Direction": "Forward",
                                    "Index Name": "title_pkey",
                                    "Relation Name": "title",
                                    "Alias": "t",
                                    "Startup Cost": 0.43,
                                    "Total Cost": 110359.06,
                                    "Plan Rows": 2528509,
                                    "Plan Width": 21,
                                    "Actual Startup Time": 0.03,
                                    "Actual Total Time": 1729.092,
                                    "Actual Rows": 2525809,
                                    "Actual Loops": 1
                                  },
                                  {
                                    "Node Type": "Sort",
                                    "Parent Relationship": "Inner",
                                    "Parallel Aware": false,
                                    "Startup Cost": 250537.29,
                                    "Total Cost": 251010.31,
                                    "Plan Rows": 189208,
                                    "Plan Width": 51,
                                    "Actual Startup Time": 1006.716,
                                    "Actual Total Time": 1030.385,
                                    "Actual Rows": 188971,
                                    "Actual Loops": 1,
                                    "Sort Key": [
                                      "mi.movie_id"
                                    ],
                                    "Sort Method": "quicksort",
                                    "Sort Space Used": 16323,
                                    "Sort Space Type": "Memory",
                                    "Plans": [
                                      {
                                        "Node Type": "Gather",
                                        "Parent Relationship": "Outer",
                                        "Parallel Aware": false,
                                        "Startup Cost": 1000.0,
                                        "Total Cost": 233953.57,
                                        "Plan Rows": 189208,
                                        "Plan Width": 51,
                                        "Actual Startup Time": 406.762,
                                        "Actual Total Time": 946.669,
                                        "Actual Rows": 188971,
                                        "Actual Loops": 1,
                                        "Workers Planned": 5,
                                        "Workers Launched": 5,
                                        "Single Copy": false,
                                        "Plans": [
                                          {
                                            "Node Type": "Seq Scan",
                                            "Parent Relationship": "Outer",
                                            "Parallel Aware": true,
                                            "Relation Name": "movie_info",
                                            "Alias": "mi",
                                            "Startup Cost": 0.0,
                                            "Total Cost": 214032.77,
                                            "Plan Rows": 37842,
                                            "Plan Width": 51,
                                            "Actual Startup Time": 560.557,
                                            "Actual Total Time": 945.267,
                                            "Actual Rows": 31495,
                                            "Actual Loops": 6,
                                            "Filter": "(info = ANY ('{Horror,Action,Sci-Fi,Thriller,Crime,War}'::text[]))",
                                            "Rows Removed by Filter": 2441125
                                          }
                                        ]
                                      }
                                    ]
                                  }
                                ]
                              }
                            ]
                          }
                        ]
                      }
                    ]
                  },
                  {
                    "Node Type": "Index Scan",
                    "Parent Relationship": "Inner",
                    "Parallel Aware": false,
                    "Scan Direction": "Forward",
                    "Index Name": "movie_id_cast_info",
                    "Relation Name": "cast_info",
                    "Alias": "ci",
                    "Startup Cost": 0.56,
                    "Total Cost": 2.05,
                    "Plan Rows": 1,
                    "Plan Width": 8,
                    "Actual Startup Time": 0.024,
                    "Actual Total Time": 0.028,
                    "Actual Rows": 1,
                    "Actual Loops": 307785,
                    "Index Cond": "(movie_id = t.id)",
                    "Rows Removed by Index Recheck": 0,
                    "Filter": "(note = ANY ('{(writer),\"(head writer)\",\"(written by)\",(story),\"(story editor)\"}'::text[]))",
                    "Rows Removed by Filter": 39
                  }
                ]
              }
            ]
          },
          {
            "Node Type": "Index Scan",
            "Parent Relationship": "Inner",
            "Parallel Aware": false,
            "Scan Direction": "Forward",
            "Index Name": "name_pkey",
            "Relation Name": "name",
            "Alias": "n",
            "Startup Cost": 0.43,
            "Total Cost": 0.69,
            "Plan Rows": 1,
            "Plan Width": 4,
            "Actual Startup Time": 0.007,
            "Actual Total Time": 0.007,
            "Actual Rows": 1,
            "Actual Loops": 54155,
            "Index Cond": "(id = ci.person_id)",
            "Rows Removed by Index Recheck": 0,
            "Filter": "((gender)::text = 'm'::text)",
            "Rows Removed by Filter": 0
          }
        ]
      }
    ]
  },
  "Planning Time": 12.996,
  "Triggers": [],
  "Execution Time": 12742.275
}