[
  {
    "Plan": {
      "Node Type": "Aggregate",
      "Strategy": "Plain",
      "Partial Mode": "Finalize",
      "Parallel Aware": false,
      "Startup Cost": 63850.34,
      "Total Cost": 63850.35,
      "Plan Rows": 1,
      "Plan Width": 8,
      "Actual Startup Time": 335.776,
      "Actual Total Time": 352.852,
      "Actual Rows": 1,
      "Actual Loops": 1,
      "Plans": [
        {
          "Node Type": "Gather",
          "Parent Relationship": "Outer",
          "Parallel Aware": false,
          "Startup Cost": 63850.12,
          "Total Cost": 63850.33,
          "Plan Rows": 2,
          "Plan Width": 8,
          "Actual Startup Time": 333.629,
          "Actual Total Time": 352.845,
          "Actual Rows": 3,
          "Actual Loops": 1,
          "Workers Planned": 2,
          "Workers Launched": 2,
          "Single Copy": false,
          "Plans": [
            {
              "Node Type": "Aggregate",
              "Strategy": "Plain",
              "Partial Mode": "Partial",
              "Parent Relationship": "Outer",
              "Parallel Aware": false,
              "Startup Cost": 62850.12,
              "Total Cost": 62850.13,
              "Plan Rows": 1,
              "Plan Width": 8,
              "Actual Startup Time": 326.096,
              "Actual Total Time": 326.099,
              "Actual Rows": 1,
              "Actual Loops": 3,
              "Plans": [
                {
                  "Node Type": "Hash Join",
                  "Parent Relationship": "Outer",
                  "Parallel Aware": true,
                  "Join Type": "Inner",
                  "Startup Cost": 47320.52,
                  "Total Cost": 62515.08,
                  "Plan Rows": 134015,
                  "Plan Width": 0,
                  "Actual Startup Time": 235.446,
                  "Actual Total Time": 316.792,
                  "Actual Rows": 173472,
                  "Actual Loops": 3,
                  "Inner Unique": true,
                  "Hash Cond": "(mi_idx.movie_id = t.id)",
                  "Plans": [
                    {
                      "Node Type": "Seq Scan",
                      "Parent Relationship": "Outer",
                      "Parallel Aware": true,
                      "Relation Name": "movie_info_idx",
                      "Alias": "mi_idx",
                      "Startup Cost": 0.0,
                      "Total Cost": 13685.15,
                      "Plan Rows": 575015,
                      "Plan Width": 4,
                      "Actual Startup Time": 0.027,
                      "Actual Total Time": 43.528,
                      "Actual Rows": 460012,
                      "Actual Loops": 3
                    },
                    {
                      "Node Type": "Hash",
                      "Parent Relationship": "Inner",
                      "Parallel Aware": true,
                      "Startup Cost": 45479.1,
                      "Total Cost": 45479.1,
                      "Plan Rows": 147314,
                      "Plan Width": 4,
                      "Actual Startup Time": 187.755,
                      "Actual Total Time": 187.756,
                      "Actual Rows": 157711,
                      "Actual Loops": 3,
                      "Hash Buckets": 1048576,
                      "Original Hash Buckets": 1048576,
                      "Hash Batches": 1,
                      "Original Hash Batches": 1,
                      "Peak Memory Usage": 26752,
                      "Plans": [
                        {
                          "Node Type": "Seq Scan",
                          "Parent Relationship": "Outer",
                          "Parallel Aware": true,
                          "Relation Name": "title",
                          "Alias": "t",
                          "Startup Cost": 0.0,
                          "Total Cost": 45479.1,
                          "Plan Rows": 147314,
                          "Plan Width": 4,
                          "Actual Startup Time": 51.752,
                          "Actual Total Time": 135.204,
                          "Actual Rows": 157711,
                          "Actual Loops": 3,
                          "Filter": "((production_year > 1957) AND (kind_id = 1))",
                          "Rows Removed by Filter": 685059
                        }
                      ]
                    }
                  ]
                }
              ]
            }
          ]
        }
      ]
    },
    "Planning Time": 0.583,
    "Triggers": [],
    "Execution Time": 352.924
  }
]