{
  "Plan": {
    "Node Type": "Aggregate",
    "Strategy": "Plain",
    "Partial Mode": "Finalize",
    "Parallel Aware": false,
    "Startup Cost": 78997.95,
    "Total Cost": 78997.96,
    "Plan Rows": 1,
    "Plan Width": 8,
    "Actual Startup Time": 399.252,
    "Actual Total Time": 414.171,
    "Actual Rows": 1,
    "Actual Loops": 1,
    "Plans": [
      {
        "Node Type": "Gather",
        "Parent Relationship": "Outer",
        "Parallel Aware": false,
        "Startup Cost": 78997.84,
        "Total Cost": 78997.95,
        "Plan Rows": 1,
        "Plan Width": 8,
        "Actual Startup Time": 397.736,
        "Actual Total Time": 414.157,
        "Actual Rows": 2,
        "Actual Loops": 1,
        "Workers Planned": 1,
        "Workers Launched": 1,
        "Single Copy": false,
        "Plans": [
          {
            "Node Type": "Aggregate",
            "Strategy": "Plain",
            "Partial Mode": "Partial",
            "Parent Relationship": "Outer",
            "Parallel Aware": false,
            "Startup Cost": 77997.84,
            "Total Cost": 77997.85,
            "Plan Rows": 1,
            "Plan Width": 8,
            "Actual Startup Time": 392.191,
            "Actual Total Time": 392.631,
            "Actual Rows": 1,
            "Actual Loops": 2,
            "Plans": [
              {
                "Node Type": "Hash Join",
                "Parent Relationship": "Outer",
                "Parallel Aware": true,
                "Join Type": "Inner",
                "Startup Cost": 59665.67,
                "Total Cost": 77849.46,
                "Plan Rows": 59352,
                "Plan Width": 0,
                "Actual Startup Time": 230.31,
                "Actual Total Time": 387.058,
                "Actual Rows": 115319,
                "Actual Loops": 2,
                "Inner Unique": true,
                "Hash Cond": "(mi_idx.movie_id = t.id)",
                "Plans": [
                  {
                    "Node Type": "Seq Scan",
                    "Parent Relationship": "Outer",
                    "Parallel Aware": true,
                    "Relation Name": "movie_info_idx",
                    "Alias": "mi_idx",
                    "Startup Cost": 0.0,
                    "Total Cost": 16052.85,
                    "Plan Rows": 811785,
                    "Plan Width": 4,
                    "Actual Startup Time": 0.025,
                    "Actual Total Time": 58.62,
                    "Actual Rows": 690018,
                    "Actual Loops": 2
                  },
                  {
                    "Node Type": "Hash",
                    "Parent Relationship": "Inner",
                    "Parallel Aware": true,
                    "Startup Cost": 58306.47,
                    "Total Cost": 58306.47,
                    "Plan Rows": 108736,
                    "Plan Width": 4,
                    "Actual Startup Time": 227.772,
                    "Actual Total Time": 227.773,
                    "Actual Rows": 147158,
                    "Actual Loops": 2,
                    "Hash Buckets": 524288,
                    "Original Hash Buckets": 262144,
                    "Hash Batches": 1,
                    "Original Hash Batches": 1,
                    "Peak Memory Usage": 17664,
                    "Plans": [
                      {
                        "Node Type": "Seq Scan",
                        "Parent Relationship": "Outer",
                        "Parallel Aware": true,
                        "Relation Name": "title",
                        "Alias": "t",
                        "Startup Cost": 0.0,
                        "Total Cost": 58306.47,
                        "Plan Rows": 108736,
                        "Plan Width": 4,
                        "Actual Startup Time": 0.093,
                        "Actual Total Time": 172.609,
                        "Actual Rows": 147158,
                        "Actual Loops": 2,
                        "Filter": "((kind_id < 7) AND (production_year < 1978))",
                        "Rows Removed by Filter": 1116998
                      }
                    ]
                  }
                ]
              }
            ]
          }
        ]
      }
    ]
  },
  "Planning Time": 0.223,
  "Triggers": [],
  "Execution Time": 414.217
}