[
  {
    "Plan": {
      "Node Type": "Aggregate",
      "Strategy": "Plain",
      "Partial Mode": "Finalize",
      "Parallel Aware": false,
      "Startup Cost": 436620.05,
      "Total Cost": 436620.06,
      "Plan Rows": 1,
      "Plan Width": 8,
      "Actual Startup Time": 2042.206,
      "Actual Total Time": 2097.415,
      "Actual Rows": 1,
      "Actual Loops": 1,
      "Plans": [
        {
          "Node Type": "Gather",
          "Parent Relationship": "Outer",
          "Parallel Aware": false,
          "Startup Cost": 436619.42,
          "Total Cost": 436620.03,
          "Plan Rows": 6,
          "Plan Width": 8,
          "Actual Startup Time": 2031.533,
          "Actual Total Time": 2097.399,
          "Actual Rows": 7,
          "Actual Loops": 1,
          "Workers Planned": 6,
          "Workers Launched": 6,
          "Single Copy": false,
          "Plans": [
            {
              "Node Type": "Aggregate",
              "Strategy": "Plain",
              "Partial Mode": "Partial",
              "Parent Relationship": "Outer",
              "Parallel Aware": false,
              "Startup Cost": 435619.42,
              "Total Cost": 435619.43,
              "Plan Rows": 1,
              "Plan Width": 8,
              "Actual Startup Time": 2023.313,
              "Actual Total Time": 2023.655,
              "Actual Rows": 1,
              "Actual Loops": 7,
              "Plans": [
                {
                  "Node Type": "Hash Join",
                  "Parent Relationship": "Outer",
                  "Parallel Aware": true,
                  "Join Type": "Inner",
                  "Startup Cost": 82311.66,
                  "Total Cost": 432813.84,
                  "Plan Rows": 1122233,
                  "Plan Width": 0,
                  "Actual Startup Time": 468.867,
                  "Actual Total Time": 1948.028,
                  "Actual Rows": 1721928,
                  "Actual Loops": 7,
                  "Inner Unique": false,
                  "Hash Cond": "(ci.movie_id = t.id)",
                  "Plans": [
                    {
                      "Node Type": "Seq Scan",
                      "Parent Relationship": "Outer",
                      "Parallel Aware": true,
                      "Relation Name": "cast_info",
                      "Alias": "ci",
                      "Startup Cost": 0.0,
                      "Total Cost": 328211.39,
                      "Plan Rows": 4978848,
                      "Plan Width": 4,
                      "Actual Startup Time": 69.303,
                      "Actual Total Time": 625.886,
                      "Actual Rows": 4245709,
                      "Actual Loops": 7,
                      "Filter": "(person_id > 629523)",
                      "Rows Removed by Filter": 932055
                    },
                    {
                      "Node Type": "Hash",
                      "Parent Relationship": "Inner",
                      "Parallel Aware": true,
                      "Startup Cost": 80013.65,
                      "Total Cost": 80013.65,
                      "Plan Rows": 183841,
                      "Plan Width": 8,
                      "Actual Startup Time": 397.319,
                      "Actual Total Time": 397.659,
                      "Actual Rows": 80818,
                      "Actual Loops": 7,
                      "Hash Buckets": 1048576,
                      "Original Hash Buckets": 1048576,
                      "Hash Batches": 1,
                      "Original Hash Batches": 1,
                      "Peak Memory Usage": 30432,
                      "Plans": [
                        {
                          "Node Type": "Hash Join",
                          "Parent Relationship": "Outer",
                          "Parallel Aware": true,
                          "Join Type": "Inner",
                          "Startup Cost": 50220.38,
                          "Total Cost": 80013.65,
                          "Plan Rows": 183841,
                          "Plan Width": 8,
                          "Actual Startup Time": 298.822,
                          "Actual Total Time": 363.158,
                          "Actual Rows": 80818,
                          "Actual Loops": 7,
                          "Inner Unique": true,
                          "Hash Cond": "(mc.movie_id = t.id)",
                          "Plans": [
                            {
                              "Node Type": "Seq Scan",
                              "Parent Relationship": "Outer",
                              "Parallel Aware": true,
                              "Relation Name": "movie_companies",
                              "Alias": "mc",
                              "Startup Cost": 0.0,
                              "Total Cost": 29310.68,
                              "Plan Rows": 183841,
                              "Plan Width": 4,
                              "Actual Startup Time": 22.689,
                              "Actual Total Time": 44.345,
                              "Actual Rows": 80818,
                              "Actual Loops": 7,
                              "Filter": "(company_id > 71503)",
                              "Rows Removed by Filter": 291915
                            },
                            {
                              "Node Type": "Hash",
                              "Parent Relationship": "Inner",
                              "Parallel Aware": true,
                              "Startup Cost": 42319.06,
                              "Total Cost": 42319.06,
                              "Plan Rows": 632106,
                              "Plan Width": 4,
                              "Actual Startup Time": 271.889,
                              "Actual Total Time": 271.891,
                              "Actual Rows": 361187,
                              "Actual Loops": 7,
                              "Hash Buckets": 4194304,
                              "Original Hash Buckets": 4194304,
                              "Hash Batches": 1,
                              "Original Hash Batches": 1,
                              "Peak Memory Usage": 131808,
                              "Plans": [
                                {
                                  "Node Type": "Seq Scan",
                                  "Parent Relationship": "Outer",
                                  "Parallel Aware": true,
                                  "Relation Name": "title",
                                  "Alias": "t",
                                  "Startup Cost": 0.0,
                                  "Total Cost": 42319.06,
                                  "Plan Rows": 632106,
                                  "Plan Width": 4,
                                  "Actual Startup Time": 0.051,
                                  "Actual Total Time": 75.381,
                                  "Actual Rows": 361187,
                                  "Actual Loops": 7
                                }
                              ]
                            }
                          ]
                        }
                      ]
                    }
                  ]
                }
              ]
            }
          ]
        }
      ]
    },
    "Planning Time": 0.653,
    "Triggers": [],
    "Execution Time": 2097.474
  }
]