{
  "Plan": {
    "Node Type": "Aggregate",
    "Strategy": "Plain",
    "Partial Mode": "Simple",
    "Parallel Aware": false,
    "Startup Cost": 52500.34,
    "Total Cost": 52500.35,
    "Plan Rows": 1,
    "Plan Width": 96,
    "Actual Startup Time": 193.587,
    "Actual Total Time": 193.594,
    "Actual Rows": 1,
    "Actual Loops": 1,
    "Plans": [
      {
        "Node Type": "Nested Loop",
        "Parent Relationship": "Outer",
        "Parallel Aware": false,
        "Join Type": "Inner",
        "Startup Cost": 7514.68,
        "Total Cost": 52500.33,
        "Plan Rows": 1,
        "Plan Width": 42,
        "Actual Startup Time": 140.77,
        "Actual Total Time": 193.581,
        "Actual Rows": 1,
        "Actual Loops": 1,
        "Inner Unique": true,
        "Plans": [
          {
            "Node Type": "Nested Loop",
            "Parent Relationship": "Outer",
            "Parallel Aware": false,
            "Join Type": "Inner",
            "Startup Cost": 7514.54,
            "Total Cost": 52499.34,
            "Plan Rows": 6,
            "Plan Width": 46,
            "Actual Startup Time": 140.751,
            "Actual Total Time": 193.557,
            "Actual Rows": 12,
            "Actual Loops": 1,
            "Inner Unique": false,
            "Join Filter": "(miidx.movie_id = mi.movie_id)",
            "Rows Removed by Join Filter": 0,
            "Plans": [
              {
                "Node Type": "Nested Loop",
                "Parent Relationship": "Outer",
                "Parallel Aware": false,
                "Join Type": "Inner",
                "Startup Cost": 7514.1,
                "Total Cost": 52497.4,
                "Plan Rows": 1,
                "Plan Width": 54,
                "Actual Startup Time": 140.731,
                "Actual Total Time": 193.515,
                "Actual Rows": 1,
                "Actual Loops": 1,
                "Inner Unique": true,
                "Plans": [
                  {
                    "Node Type": "Nested Loop",
                    "Parent Relationship": "Outer",
                    "Parallel Aware": false,
                    "Join Type": "Inner",
                    "Startup Cost": 7513.68,
                    "Total Cost": 52496.95,
                    "Plan Rows": 1,
                    "Plan Width": 39,
                    "Actual Startup Time": 47.172,
                    "Actual Total Time": 192.792,
                    "Actual Rows": 117,
                    "Actual Loops": 1,
                    "Inner Unique": true,
                    "Plans": [
                      {
                        "Node Type": "Nested Loop",
                        "Parent Relationship": "Outer",
                        "Parallel Aware": false,
                        "Join Type": "Inner",
                        "Startup Cost": 7513.55,
                        "Total Cost": 52496.78,
                        "Plan Rows": 1,
                        "Plan Width": 43,
                        "Actual Startup Time": 47.158,
                        "Actual Total Time": 192.476,
                        "Actual Rows": 313,
                        "Actual Loops": 1,
                        "Inner Unique": false,
                        "Plans": [
                          {
                            "Node Type": "Nested Loop",
                            "Parent Relationship": "Outer",
                            "Parallel Aware": false,
                            "Join Type": "Inner",
                            "Startup Cost": 7513.12,
                            "Total Cost": 52496.13,
                            "Plan Rows": 1,
                            "Plan Width": 31,
                            "Actual Startup Time": 47.141,
                            "Actual Total Time": 191.732,
                            "Actual Rows": 90,
                            "Actual Loops": 1,
                            "Inner Unique": false,
                            "Join Filter": "(miidx.info_type_id = it.id)",
                            "Rows Removed by Join Filter": 180,
                            "Plans": [
                              {
                                "Node Type": "Seq Scan",
                                "Parent Relationship": "Outer",
                                "Parallel Aware": false,
                                "Relation Name": "info_type",
                                "Alias": "it",
                                "Startup Cost": 0.0,
                                "Total Cost": 2.41,
                                "Plan Rows": 1,
                                "Plan Width": 4,
                                "Actual Startup Time": 0.043,
                                "Actual Total Time": 0.046,
                                "Actual Rows": 1,
                                "Actual Loops": 1,
                                "Filter": "((info)::text = 'rating'::text)",
                                "Rows Removed by Filter": 112
                              },
                              {
                                "Node Type": "Nested Loop",
                                "Parent Relationship": "Inner",
                                "Parallel Aware": false,
                                "Join Type": "Inner",
                                "Startup Cost": 7513.12,
                                "Total Cost": 52493.26,
                                "Plan Rows": 37,
                                "Plan Width": 35,
                                "Actual Startup Time": 47.092,
                                "Actual Total Time": 191.647,
                                "Actual Rows": 270,
                                "Actual Loops": 1,
                                "Inner Unique": false,
                                "Plans": [
                                  {
                                    "Node Type": "Nested Loop",
                                    "Parent Relationship": "Outer",
                                    "Parallel Aware": false,
                                    "Join Type": "Inner",
                                    "Startup Cost": 7512.69,
                                    "Total Cost": 51939.88,
                                    "Plan Rows": 67,
                                    "Plan Width": 21,
                                    "Actual Startup Time": 46.894,
                                    "Actual Total Time": 190.119,
                                    "Actual Rows": 395,
                                    "Actual Loops": 1,
                                    "Inner Unique": false,
                                    "Plans": [
                                      {
                                        "Node Type": "Seq Scan",
                                        "Parent Relationship": "Outer",
                                        "Parallel Aware": false,
                                        "Relation Name": "kind_type",
                                        "Alias": "kt",
                                        "Startup Cost": 0.0,
                                        "Total Cost": 1.09,
                                        "Plan Rows": 1,
                                        "Plan Width": 4,
                                        "Actual Startup Time": 0.011,
                                        "Actual Total Time": 0.015,
                                        "Actual Rows": 1,
                                        "Actual Loops": 1,
                                        "Filter": "((kind)::text = 'movie'::text)",
                                        "Rows Removed by Filter": 6
                                      },
                                      {
                                        "Node Type": "Bitmap Heap Scan",
                                        "Parent Relationship": "Inner",
                                        "Parallel Aware": false,
                                        "Relation Name": "title",
                                        "Alias": "t",
                                        "Startup Cost": 7512.69,
                                        "Total Cost": 51938.01,
                                        "Plan Rows": 78,
                                        "Plan Width": 25,
                                        "Actual Startup Time": 46.873,
                                        "Actual Total Time": 190.04,
                                        "Actual Rows": 395,
                                        "Actual Loops": 1,
                                        "Recheck Cond": "(kind_id = kt.id)",
                                        "Rows Removed by Index Recheck": 0,
                                        "Filter": "((title <> ''::text) AND ((title ~~ '%Champion%'::text) OR (title ~~ '%Loser%'::text)))",
                                        "Rows Removed by Filter": 662430,
                                        "Exact Heap Blocks": 12863,
                                        "Lossy Heap Blocks": 0,
                                        "Plans": [
                                          {
                                            "Node Type": "Bitmap Index Scan",
                                            "Parent Relationship": "Outer",
                                            "Parallel Aware": false,
                                            "Index Name": "kind_id_title",
                                            "Startup Cost": 0.0,
                                            "Total Cost": 7512.68,
                                            "Plan Rows": 421366,
                                            "Plan Width": 0,
                                            "Actual Startup Time": 44.524,
                                            "Actual Total Time": 44.525,
                                            "Actual Rows": 662825,
                                            "Actual Loops": 1,
                                            "Index Cond": "(kind_id = kt.id)"
                                          }
                                        ]
                                      }
                                    ]
                                  },
                                  {
                                    "Node Type": "Index Scan",
                                    "Parent Relationship": "Inner",
                                    "Parallel Aware": false,
                                    "Scan Direction": "Forward",
                                    "Index Name": "movie_id_movie_info_idx",
                                    "Relation Name": "movie_info_idx",
                                    "Alias": "miidx",
                                    "Startup Cost": 0.43,
                                    "Total Cost": 8.23,
                                    "Plan Rows": 3,
                                    "Plan Width": 14,
                                    "Actual Startup Time": 0.003,
                                    "Actual Total Time": 0.003,
                                    "Actual Rows": 1,
                                    "Actual Loops": 395,
                                    "Index Cond": "(movie_id = t.id)",
                                    "Rows Removed by Index Recheck": 0
                                  }
                                ]
                              }
                            ]
                          },
                          {
                            "Node Type": "Index Scan",
                            "Parent Relationship": "Inner",
                            "Parallel Aware": false,
                            "Scan Direction": "Forward",
                            "Index Name": "movie_id_movie_companies",
                            "Relation Name": "movie_companies",
                            "Alias": "mc",
                            "Startup Cost": 0.43,
                            "Total Cost": 0.6,
                            "Plan Rows": 5,
                            "Plan Width": 12,
                            "Actual Startup Time": 0.006,
                            "Actual Total Time": 0.007,
                            "Actual Rows": 3,
                            "Actual Loops": 90,
                            "Index Cond": "(movie_id = miidx.movie_id)",
                            "Rows Removed by Index Recheck": 0
                          }
                        ]
                      },
                      {
                        "Node Type": "Index Scan",
                        "Parent Relationship": "Inner",
                        "Parallel Aware": false,
                        "Scan Direction": "Forward",
                        "Index Name": "company_type_pkey",
                        "Relation Name": "company_type",
                        "Alias": "ct",
                        "Startup Cost": 0.13,
                        "Total Cost": 0.15,
                        "Plan Rows": 1,
                        "Plan Width": 4,
                        "Actual Startup Time": 0.001,
                        "Actual Total Time": 0.001,
                        "Actual Rows": 0,
                        "Actual Loops": 313,
                        "Index Cond": "(id = mc.company_type_id)",
                        "Rows Removed by Index Recheck": 0,
                        "Filter": "((kind)::text = 'production companies'::text)",
                        "Rows Removed by Filter": 1
                      }
                    ]
                  },
                  {
                    "Node Type": "Index Scan",
                    "Parent Relationship": "Inner",
                    "Parallel Aware": false,
                    "Scan Direction": "Forward",
                    "Index Name": "company_name_pkey",
                    "Relation Name": "company_name",
                    "Alias": "cn",
                    "Startup Cost": 0.42,
                    "Total Cost": 0.45,
                    "Plan Rows": 1,
                    "Plan Width": 23,
                    "Actual Startup Time": 0.006,
                    "Actual Total Time": 0.006,
                    "Actual Rows": 0,
                    "Actual Loops": 117,
                    "Index Cond": "(id = mc.company_id)",
                    "Rows Removed by Index Recheck": 0,
                    "Filter": "((country_code)::text = '[hk]'::text)",
                    "Rows Removed by Filter": 1
                  }
                ]
              },
              {
                "Node Type": "Index Scan",
                "Parent Relationship": "Inner",
                "Parallel Aware": false,
                "Scan Direction": "Forward",
                "Index Name": "movie_id_movie_info",
                "Relation Name": "movie_info",
                "Alias": "mi",
                "Startup Cost": 0.43,
                "Total Cost": 1.45,
                "Plan Rows": 39,
                "Plan Width": 8,
                "Actual Startup Time": 0.016,
                "Actual Total Time": 0.036,
                "Actual Rows": 12,
                "Actual Loops": 1,
                "Index Cond": "(movie_id = mc.movie_id)",
                "Rows Removed by Index Recheck": 0
              }
            ]
          },
          {
            "Node Type": "Index Scan",
            "Parent Relationship": "Inner",
            "Parallel Aware": false,
            "Scan Direction": "Forward",
            "Index Name": "info_type_pkey",
            "Relation Name": "info_type",
            "Alias": "it2",
            "Startup Cost": 0.14,
            "Total Cost": 0.16,
            "Plan Rows": 1,
            "Plan Width": 4,
            "Actual Startup Time": 0.001,
            "Actual Total Time": 0.001,
            "Actual Rows": 0,
            "Actual Loops": 12,
            "Index Cond": "(id = mi.info_type_id)",
            "Rows Removed by Index Recheck": 0,
            "Filter": "((info)::text = 'release dates'::text)",
            "Rows Removed by Filter": 1
          }
        ]
      }
    ]
  },
  "Planning Time": 2.384,
  "Triggers": [],
  "Execution Time": 193.774
}