[
  {
    "Plan": {
      "Node Type": "Aggregate",
      "Strategy": "Plain",
      "Partial Mode": "Finalize",
      "Parallel Aware": false,
      "Startup Cost": 402635.34,
      "Total Cost": 402635.35,
      "Plan Rows": 1,
      "Plan Width": 8,
      "Actual Startup Time": 1752.612,
      "Actual Total Time": 1814.916,
      "Actual Rows": 1,
      "Actual Loops": 1,
      "Plans": [
        {
          "Node Type": "Gather",
          "Parent Relationship": "Outer",
          "Parallel Aware": false,
          "Startup Cost": 402634.72,
          "Total Cost": 402635.33,
          "Plan Rows": 6,
          "Plan Width": 8,
          "Actual Startup Time": 1743.078,
          "Actual Total Time": 1814.903,
          "Actual Rows": 7,
          "Actual Loops": 1,
          "Workers Planned": 6,
          "Workers Launched": 6,
          "Single Copy": false,
          "Plans": [
            {
              "Node Type": "Aggregate",
              "Strategy": "Plain",
              "Partial Mode": "Partial",
              "Parent Relationship": "Outer",
              "Parallel Aware": false,
              "Startup Cost": 401634.72,
              "Total Cost": 401634.73,
              "Plan Rows": 1,
              "Plan Width": 8,
              "Actual Startup Time": 1732.352,
              "Actual Total Time": 1732.355,
              "Actual Rows": 1,
              "Actual Loops": 7,
              "Plans": [
                {
                  "Node Type": "Hash Join",
                  "Parent Relationship": "Outer",
                  "Parallel Aware": true,
                  "Join Type": "Inner",
                  "Startup Cost": 47095.69,
                  "Total Cost": 398496.56,
                  "Plan Rows": 1255261,
                  "Plan Width": 0,
                  "Actual Startup Time": 357.578,
                  "Actual Total Time": 1666.812,
                  "Actual Rows": 1453370,
                  "Actual Loops": 7,
                  "Inner Unique": true,
                  "Hash Cond": "(ci.movie_id = t.id)",
                  "Plans": [
                    {
                      "Node Type": "Seq Scan",
                      "Parent Relationship": "Outer",
                      "Parallel Aware": true,
                      "Relation Name": "cast_info",
                      "Alias": "ci",
                      "Startup Cost": 0.0,
                      "Total Cost": 343257.03,
                      "Plan Rows": 3102412,
                      "Plan Width": 4,
                      "Actual Startup Time": 210.61,
                      "Actual Total Time": 711.701,
                      "Actual Rows": 3050781,
                      "Actual Loops": 7,
                      "Filter": "((person_id > 781759) AND (role_id > 1))",
                      "Rows Removed by Filter": 2126983
                    },
                    {
                      "Node Type": "Hash",
                      "Parent Relationship": "Inner",
                      "Parallel Aware": true,
                      "Startup Cost": 43898.92,
                      "Total Cost": 43898.92,
                      "Plan Rows": 255742,
                      "Plan Width": 4,
                      "Actual Startup Time": 143.356,
                      "Actual Total Time": 143.356,
                      "Actual Rows": 144703,
                      "Actual Loops": 7,
                      "Hash Buckets": 1048576,
                      "Original Hash Buckets": 1048576,
                      "Hash Batches": 1,
                      "Original Hash Batches": 1,
                      "Peak Memory Usage": 47904,
                      "Plans": [
                        {
                          "Node Type": "Seq Scan",
                          "Parent Relationship": "Outer",
                          "Parallel Aware": true,
                          "Relation Name": "title",
                          "Alias": "t",
                          "Startup Cost": 0.0,
                          "Total Cost": 43898.92,
                          "Plan Rows": 255742,
                          "Plan Width": 4,
                          "Actual Startup Time": 0.047,
                          "Actual Total Time": 80.283,
                          "Actual Rows": 144703,
                          "Actual Loops": 7,
                          "Filter": "(production_year > 2005)",
                          "Rows Removed by Filter": 216485
                        }
                      ]
                    }
                  ]
                }
              ]
            }
          ]
        }
      ]
    },
    "Planning Time": 0.623,
    "Triggers": [],
    "Execution Time": 1815.002
  }
]