[
  {
    "Plan": {
      "Node Type": "Aggregate",
      "Strategy": "Plain",
      "Partial Mode": "Finalize",
      "Parallel Aware": false,
      "Startup Cost": 342380.41,
      "Total Cost": 342380.42,
      "Plan Rows": 1,
      "Plan Width": 8,
      "Actual Startup Time": 832.002,
      "Actual Total Time": 873.558,
      "Actual Rows": 1,
      "Actual Loops": 1,
      "Plans": [
        {
          "Node Type": "Gather",
          "Parent Relationship": "Outer",
          "Parallel Aware": false,
          "Startup Cost": 342379.78,
          "Total Cost": 342380.39,
          "Plan Rows": 6,
          "Plan Width": 8,
          "Actual Startup Time": 831.845,
          "Actual Total Time": 873.543,
          "Actual Rows": 7,
          "Actual Loops": 1,
          "Workers Planned": 6,
          "Workers Launched": 6,
          "Single Copy": false,
          "Plans": [
            {
              "Node Type": "Aggregate",
              "Strategy": "Plain",
              "Partial Mode": "Partial",
              "Parent Relationship": "Outer",
              "Parallel Aware": false,
              "Startup Cost": 341379.78,
              "Total Cost": 341379.79,
              "Plan Rows": 1,
              "Plan Width": 8,
              "Actual Startup Time": 823.729,
              "Actual Total Time": 823.73,
              "Actual Rows": 1,
              "Actual Loops": 7,
              "Plans": [
                {
                  "Node Type": "Seq Scan",
                  "Parent Relationship": "Outer",
                  "Parallel Aware": true,
                  "Relation Name": "cast_info",
                  "Alias": "ci",
                  "Startup Cost": 0.0,
                  "Total Cost": 328211.39,
                  "Plan Rows": 5267356,
                  "Plan Width": 0,
                  "Actual Startup Time": 0.053,
                  "Actual Total Time": 614.856,
                  "Actual Rows": 4519495,
                  "Actual Loops": 7,
                  "Filter": "(person_id < 3223589)",
                  "Rows Removed by Filter": 658268
                }
              ]
            }
          ]
        }
      ]
    },
    "Planning Time": 0.091,
    "Triggers": [],
    "Execution Time": 873.601
  }
]