{
  "Plan": {
    "Node Type": "Aggregate",
    "Strategy": "Plain",
    "Partial Mode": "Finalize",
    "Parallel Aware": false,
    "Startup Cost": 781099.13,
    "Total Cost": 781099.14,
    "Plan Rows": 1,
    "Plan Width": 8,
    "Actual Startup Time": 8233.376,
    "Actual Total Time": 8304.8,
    "Actual Rows": 1,
    "Actual Loops": 1,
    "Plans": [
      {
        "Node Type": "Gather",
        "Parent Relationship": "Outer",
        "Parallel Aware": false,
        "Startup Cost": 781099.01,
        "Total Cost": 781099.12,
        "Plan Rows": 1,
        "Plan Width": 8,
        "Actual Startup Time": 8224.342,
        "Actual Total Time": 8304.791,
        "Actual Rows": 2,
        "Actual Loops": 1,
        "Workers Planned": 1,
        "Workers Launched": 1,
        "Single Copy": false,
        "Plans": [
          {
            "Node Type": "Aggregate",
            "Strategy": "Plain",
            "Partial Mode": "Partial",
            "Parent Relationship": "Outer",
            "Parallel Aware": false,
            "Startup Cost": 780099.01,
            "Total Cost": 780099.02,
            "Plan Rows": 1,
            "Plan Width": 8,
            "Actual Startup Time": 8215.577,
            "Actual Total Time": 8215.584,
            "Actual Rows": 1,
            "Actual Loops": 2,
            "Plans": [
              {
                "Node Type": "Hash Join",
                "Parent Relationship": "Outer",
                "Parallel Aware": true,
                "Join Type": "Inner",
                "Startup Cost": 121474.81,
                "Total Cost": 758534.7,
                "Plan Rows": 8625725,
                "Plan Width": 0,
                "Actual Startup Time": 1045.738,
                "Actual Total Time": 7599.707,
                "Actual Rows": 15501761,
                "Actual Loops": 2,
                "Inner Unique": false,
                "Hash Cond": "(ci.movie_id = t.id)",
                "Plans": [
                  {
                    "Node Type": "Seq Scan",
                    "Parent Relationship": "Outer",
                    "Parallel Aware": true,
                    "Relation Name": "cast_info",
                    "Alias": "ci",
                    "Startup Cost": 0.0,
                    "Total Cost": 519069.44,
                    "Plan Rows": 17933576,
                    "Plan Width": 4,
                    "Actual Startup Time": 0.018,
                    "Actual Total Time": 1889.51,
                    "Actual Rows": 15255825,
                    "Actual Loops": 2,
                    "Filter": "(role_id < 9)",
                    "Rows Removed by Filter": 2866347
                  },
                  {
                    "Node Type": "Hash",
                    "Parent Relationship": "Inner",
                    "Parallel Aware": true,
                    "Startup Cost": 112533.17,
                    "Total Cost": 112533.17,
                    "Plan Rows": 715331,
                    "Plan Width": 8,
                    "Actual Startup Time": 1031.429,
                    "Actual Total Time": 1031.433,
                    "Actual Rows": 616542,
                    "Actual Loops": 2,
                    "Hash Buckets": 2097152,
                    "Original Hash Buckets": 2097152,
                    "Hash Batches": 1,
                    "Original Hash Batches": 1,
                    "Peak Memory Usage": 64672,
                    "Plans": [
                      {
                        "Node Type": "Hash Join",
                        "Parent Relationship": "Outer",
                        "Parallel Aware": true,
                        "Join Type": "Inner",
                        "Startup Cost": 72622.76,
                        "Total Cost": 112533.17,
                        "Plan Rows": 715331,
                        "Plan Width": 8,
                        "Actual Startup Time": 542.338,
                        "Actual Total Time": 878.395,
                        "Actual Rows": 616542,
                        "Actual Loops": 2,
                        "Inner Unique": true,
                        "Hash Cond": "(mc.movie_id = t.id)",
                        "Plans": [
                          {
                            "Node Type": "Seq Scan",
                            "Parent Relationship": "Outer",
                            "Parallel Aware": true,
                            "Relation Name": "movie_companies",
                            "Alias": "mc",
                            "Startup Cost": 0.0,
                            "Total Cost": 37974.77,
                            "Plan Rows": 737385,
                            "Plan Width": 4,
                            "Actual Startup Time": 0.014,
                            "Actual Total Time": 118.516,
                            "Actual Rows": 622258,
                            "Actual Loops": 2,
                            "Filter": "(company_id < 11149)",
                            "Rows Removed by Filter": 682307
                          },
                          {
                            "Node Type": "Hash",
                            "Parent Relationship": "Inner",
                            "Parallel Aware": true,
                            "Startup Cost": 54588.39,
                            "Total Cost": 54588.39,
                            "Plan Rows": 1442750,
                            "Plan Width": 4,
                            "Actual Startup Time": 528.769,
                            "Actual Total Time": 528.771,
                            "Actual Rows": 1225173,
                            "Actual Loops": 2,
                            "Hash Buckets": 4194304,
                            "Original Hash Buckets": 4194304,
                            "Hash Batches": 1,
                            "Original Hash Batches": 1,
                            "Peak Memory Usage": 128640,
                            "Plans": [
                              {
                                "Node Type": "Seq Scan",
                                "Parent Relationship": "Outer",
                                "Parallel Aware": true,
                                "Relation Name": "title",
                                "Alias": "t",
                                "Startup Cost": 0.0,
                                "Total Cost": 54588.39,
                                "Plan Rows": 1442750,
                                "Plan Width": 4,
                                "Actual Startup Time": 0.031,
                                "Actual Total Time": 185.744,
                                "Actual Rows": 1225173,
                                "Actual Loops": 2,
                                "Filter": "(production_year > 1899)",
                                "Rows Removed by Filter": 38983
                              }
                            ]
                          }
                        ]
                      }
                    ]
                  }
                ]
              }
            ]
          }
        ]
      }
    ]
  },
  "Planning Time": 1.096,
  "Triggers": [],
  "Execution Time": 8304.936
}