[
  {
    "Plan": {
      "Node Type": "Aggregate",
      "Strategy": "Plain",
      "Partial Mode": "Finalize",
      "Parallel Aware": false,
      "Startup Cost": 431513.12,
      "Total Cost": 431513.13,
      "Plan Rows": 1,
      "Plan Width": 8,
      "Actual Startup Time": 2742.962,
      "Actual Total Time": 2815.696,
      "Actual Rows": 1,
      "Actual Loops": 1,
      "Plans": [
        {
          "Node Type": "Gather",
          "Parent Relationship": "Outer",
          "Parallel Aware": false,
          "Startup Cost": 431512.5,
          "Total Cost": 431513.11,
          "Plan Rows": 6,
          "Plan Width": 8,
          "Actual Startup Time": 2731.119,
          "Actual Total Time": 2815.673,
          "Actual Rows": 7,
          "Actual Loops": 1,
          "Workers Planned": 6,
          "Workers Launched": 6,
          "Single Copy": false,
          "Plans": [
            {
              "Node Type": "Aggregate",
              "Strategy": "Plain",
              "Partial Mode": "Partial",
              "Parent Relationship": "Outer",
              "Parallel Aware": false,
              "Startup Cost": 430512.5,
              "Total Cost": 430512.51,
              "Plan Rows": 1,
              "Plan Width": 8,
              "Actual Startup Time": 2718.277,
              "Actual Total Time": 2718.283,
              "Actual Rows": 1,
              "Actual Loops": 7,
              "Plans": [
                {
                  "Node Type": "Hash Join",
                  "Parent Relationship": "Outer",
                  "Parallel Aware": true,
                  "Join Type": "Inner",
                  "Startup Cost": 82796.94,
                  "Total Cost": 424509.48,
                  "Plan Rows": 2401208,
                  "Plan Width": 0,
                  "Actual Startup Time": 381.848,
                  "Actual Total Time": 2560.497,
                  "Actual Rows": 3783049,
                  "Actual Loops": 7,
                  "Inner Unique": false,
                  "Hash Cond": "(ci.movie_id = t.id)",
                  "Plans": [
                    {
                      "Node Type": "Seq Scan",
                      "Parent Relationship": "Outer",
                      "Parallel Aware": true,
                      "Relation Name": "cast_info",
                      "Alias": "ci",
                      "Startup Cost": 0.0,
                      "Total Cost": 313067.02,
                      "Plan Rows": 6038002,
                      "Plan Width": 4,
                      "Actual Startup Time": 0.025,
                      "Actual Total Time": 531.24,
                      "Actual Rows": 5177763,
                      "Actual Loops": 7
                    },
                    {
                      "Node Type": "Hash",
                      "Parent Relationship": "Inner",
                      "Parallel Aware": true,
                      "Startup Cost": 79654.89,
                      "Total Cost": 79654.89,
                      "Plan Rows": 251364,
                      "Plan Width": 8,
                      "Actual Startup Time": 378.446,
                      "Actual Total Time": 378.45,
                      "Actual Rows": 145321,
                      "Actual Loops": 7,
                      "Hash Buckets": 1048576,
                      "Original Hash Buckets": 1048576,
                      "Hash Batches": 1,
                      "Original Hash Batches": 1,
                      "Peak Memory Usage": 48064,
                      "Plans": [
                        {
                          "Node Type": "Hash Join",
                          "Parent Relationship": "Outer",
                          "Parallel Aware": true,
                          "Join Type": "Inner",
                          "Startup Cost": 33364.94,
                          "Total Cost": 79654.89,
                          "Plan Rows": 251364,
                          "Plan Width": 8,
                          "Actual Startup Time": 125.917,
                          "Actual Total Time": 320.762,
                          "Actual Rows": 145321,
                          "Actual Loops": 7,
                          "Inner Unique": false,
                          "Hash Cond": "(t.id = mc.movie_id)",
                          "Plans": [
                            {
                              "Node Type": "Seq Scan",
                              "Parent Relationship": "Outer",
                              "Parallel Aware": true,
                              "Relation Name": "title",
                              "Alias": "t",
                              "Startup Cost": 0.0,
                              "Total Cost": 42318.73,
                              "Plan Rows": 632073,
                              "Plan Width": 4,
                              "Actual Startup Time": 0.017,
                              "Actual Total Time": 55.934,
                              "Actual Rows": 361187,
                              "Actual Loops": 7
                            },
                            {
                              "Node Type": "Hash",
                              "Parent Relationship": "Inner",
                              "Parallel Aware": true,
                              "Startup Cost": 29310.68,
                              "Total Cost": 29310.68,
                              "Plan Rows": 324341,
                              "Plan Width": 4,
                              "Actual Startup Time": 124.062,
                              "Actual Total Time": 124.063,
                              "Actual Rows": 145321,
                              "Actual Loops": 7,
                              "Hash Buckets": 1048576,
                              "Original Hash Buckets": 1048576,
                              "Hash Batches": 1,
                              "Original Hash Batches": 1,
                              "Peak Memory Usage": 48096,
                              "Plans": [
                                {
                                  "Node Type": "Seq Scan",
                                  "Parent Relationship": "Outer",
                                  "Parallel Aware": true,
                                  "Relation Name": "movie_companies",
                                  "Alias": "mc",
                                  "Startup Cost": 0.0,
                                  "Total Cost": 29310.68,
                                  "Plan Rows": 324341,
                                  "Plan Width": 4,
                                  "Actual Startup Time": 17.336,
                                  "Actual Total Time": 63.234,
                                  "Actual Rows": 145321,
                                  "Actual Loops": 7,
                                  "Filter": "(company_id > 16119)",
                                  "Rows Removed by Filter": 227412
                                }
                              ]
                            }
                          ]
                        }
                      ]
                    }
                  ]
                }
              ]
            }
          ]
        }
      ]
    },
    "Planning Time": 1.471,
    "Triggers": [],
    "Execution Time": 2815.842
  }
]