[
  {
    "Plan": {
      "Node Type": "Aggregate",
      "Strategy": "Plain",
      "Partial Mode": "Finalize",
      "Parallel Aware": false,
      "Startup Cost": 46981.51,
      "Total Cost": 46981.52,
      "Plan Rows": 1,
      "Plan Width": 8,
      "Actual Startup Time": 179.086,
      "Actual Total Time": 188.078,
      "Actual Rows": 1,
      "Actual Loops": 1,
      "Plans": [
        {
          "Node Type": "Gather",
          "Parent Relationship": "Outer",
          "Parallel Aware": false,
          "Startup Cost": 46981.19,
          "Total Cost": 46981.5,
          "Plan Rows": 3,
          "Plan Width": 8,
          "Actual Startup Time": 178.974,
          "Actual Total Time": 188.07,
          "Actual Rows": 4,
          "Actual Loops": 1,
          "Workers Planned": 3,
          "Workers Launched": 3,
          "Single Copy": false,
          "Plans": [
            {
              "Node Type": "Aggregate",
              "Strategy": "Plain",
              "Partial Mode": "Partial",
              "Parent Relationship": "Outer",
              "Parallel Aware": false,
              "Startup Cost": 45981.19,
              "Total Cost": 45981.2,
              "Plan Rows": 1,
              "Plan Width": 8,
              "Actual Startup Time": 173.438,
              "Actual Total Time": 173.439,
              "Actual Rows": 1,
              "Actual Loops": 4,
              "Plans": [
                {
                  "Node Type": "Seq Scan",
                  "Parent Relationship": "Outer",
                  "Parallel Aware": true,
                  "Relation Name": "movie_keyword",
                  "Alias": "mk",
                  "Startup Cost": 0.0,
                  "Total Cost": 42695.65,
                  "Plan Rows": 1314216,
                  "Plan Width": 0,
                  "Actual Startup Time": 0.043,
                  "Actual Total Time": 125.158,
                  "Actual Rows": 1019032,
                  "Actual Loops": 4,
                  "Filter": "(keyword_id < 39645)",
                  "Rows Removed by Filter": 111950
                }
              ]
            }
          ]
        }
      ]
    },
    "Planning Time": 0.191,
    "Triggers": [],
    "Execution Time": 188.134
  }
]