[
  {
    "Plan": {
      "Node Type": "Aggregate",
      "Strategy": "Plain",
      "Partial Mode": "Finalize",
      "Parallel Aware": false,
      "Startup Cost": 343362.93,
      "Total Cost": 343362.94,
      "Plan Rows": 1,
      "Plan Width": 8,
      "Actual Startup Time": 391.437,
      "Actual Total Time": 412.096,
      "Actual Rows": 1,
      "Actual Loops": 1,
      "Plans": [
        {
          "Node Type": "Gather",
          "Parent Relationship": "Outer",
          "Parallel Aware": false,
          "Startup Cost": 343362.31,
          "Total Cost": 343362.92,
          "Plan Rows": 6,
          "Plan Width": 8,
          "Actual Startup Time": 382.998,
          "Actual Total Time": 412.083,
          "Actual Rows": 7,
          "Actual Loops": 1,
          "Workers Planned": 6,
          "Workers Launched": 6,
          "Single Copy": false,
          "Plans": [
            {
              "Node Type": "Aggregate",
              "Strategy": "Plain",
              "Partial Mode": "Partial",
              "Parent Relationship": "Outer",
              "Parallel Aware": false,
              "Startup Cost": 342362.31,
              "Total Cost": 342362.32,
              "Plan Rows": 1,
              "Plan Width": 8,
              "Actual Startup Time": 374.368,
              "Actual Total Time": 374.376,
              "Actual Rows": 1,
              "Actual Loops": 7,
              "Plans": [
                {
                  "Node Type": "Hash Join",
                  "Parent Relationship": "Outer",
                  "Parallel Aware": true,
                  "Join Type": "Inner",
                  "Startup Cost": 84976.76,
                  "Total Cost": 342263.56,
                  "Plan Rows": 39498,
                  "Plan Width": 0,
                  "Actual Startup Time": 221.634,
                  "Actual Total Time": 369.35,
                  "Actual Rows": 78779,
                  "Actual Loops": 7,
                  "Inner Unique": true,
                  "Hash Cond": "(ci.movie_id = t.id)",
                  "Plans": [
                    {
                      "Node Type": "Bitmap Heap Scan",
                      "Parent Relationship": "Outer",
                      "Parallel Aware": true,
                      "Relation Name": "cast_info",
                      "Alias": "ci",
                      "Startup Cost": 37994.61,
                      "Total Cost": 295015.68,
                      "Plan Rows": 101234,
                      "Plan Width": 4,
                      "Actual Startup Time": 74.856,
                      "Actual Total Time": 144.626,
                      "Actual Rows": 182526,
                      "Actual Loops": 7,
                      "Recheck Cond": "(person_id < 176960)",
                      "Rows Removed by Index Recheck": 0,
                      "Filter": "(role_id = 1)",
                      "Rows Removed by Filter": 71713,
                      "Exact Heap Blocks": 4031,
                      "Lossy Heap Blocks": 0,
                      "Plans": [
                        {
                          "Node Type": "Bitmap Index Scan",
                          "Parent Relationship": "Outer",
                          "Parallel Aware": false,
                          "Index Name": "person_id_cast_info",
                          "Startup Cost": 0.0,
                          "Total Cost": 37842.76,
                          "Plan Rows": 1733626,
                          "Plan Width": 0,
                          "Actual Startup Time": 71.8,
                          "Actual Total Time": 71.8,
                          "Actual Rows": 1779673,
                          "Actual Loops": 1,
                          "Index Cond": "(person_id < 176960)"
                        }
                      ]
                    },
                    {
                      "Node Type": "Hash",
                      "Parent Relationship": "Inner",
                      "Parallel Aware": true,
                      "Startup Cost": 43899.32,
                      "Total Cost": 43899.32,
                      "Plan Rows": 246626,
                      "Plan Width": 4,
                      "Actual Startup Time": 144.532,
                      "Actual Total Time": 144.536,
                      "Actual Rows": 140721,
                      "Actual Loops": 7,
                      "Hash Buckets": 1048576,
                      "Original Hash Buckets": 1048576,
                      "Hash Batches": 1,
                      "Original Hash Batches": 1,
                      "Peak Memory Usage": 46848,
                      "Plans": [
                        {
                          "Node Type": "Seq Scan",
                          "Parent Relationship": "Outer",
                          "Parallel Aware": true,
                          "Relation Name": "title",
                          "Alias": "t",
                          "Startup Cost": 0.0,
                          "Total Cost": 43899.32,
                          "Plan Rows": 246626,
                          "Plan Width": 4,
                          "Actual Startup Time": 0.031,
                          "Actual Total Time": 78.749,
                          "Actual Rows": 140721,
                          "Actual Loops": 7,
                          "Filter": "(kind_id < 7)",
                          "Rows Removed by Filter": 220466
                        }
                      ]
                    }
                  ]
                }
              ]
            }
          ]
        }
      ]
    },
    "Planning Time": 0.461,
    "Triggers": [],
    "Execution Time": 412.166
  }
]