[
  {
    "Plan": {
      "Node Type": "Aggregate",
      "Strategy": "Plain",
      "Partial Mode": "Finalize",
      "Parallel Aware": false,
      "Startup Cost": 344072.71,
      "Total Cost": 344072.72,
      "Plan Rows": 1,
      "Plan Width": 8,
      "Actual Startup Time": 360.906,
      "Actual Total Time": 374.71,
      "Actual Rows": 1,
      "Actual Loops": 1,
      "Plans": [
        {
          "Node Type": "Gather",
          "Parent Relationship": "Outer",
          "Parallel Aware": false,
          "Startup Cost": 344072.08,
          "Total Cost": 344072.69,
          "Plan Rows": 6,
          "Plan Width": 8,
          "Actual Startup Time": 353.019,
          "Actual Total Time": 374.698,
          "Actual Rows": 7,
          "Actual Loops": 1,
          "Workers Planned": 6,
          "Workers Launched": 6,
          "Single Copy": false,
          "Plans": [
            {
              "Node Type": "Aggregate",
              "Strategy": "Plain",
              "Partial Mode": "Partial",
              "Parent Relationship": "Outer",
              "Parallel Aware": false,
              "Startup Cost": 343072.08,
              "Total Cost": 343072.09,
              "Plan Rows": 1,
              "Plan Width": 8,
              "Actual Startup Time": 341.047,
              "Actual Total Time": 341.051,
              "Actual Rows": 1,
              "Actual Loops": 7,
              "Plans": [
                {
                  "Node Type": "Hash Join",
                  "Parent Relationship": "Outer",
                  "Parallel Aware": true,
                  "Join Type": "Inner",
                  "Startup Cost": 85616.77,
                  "Total Cost": 342972.97,
                  "Plan Rows": 39645,
                  "Plan Width": 0,
                  "Actual Startup Time": 205.031,
                  "Actual Total Time": 336.563,
                  "Actual Rows": 78779,
                  "Actual Loops": 7,
                  "Inner Unique": true,
                  "Hash Cond": "(ci.movie_id = t.id)",
                  "Plans": [
                    {
                      "Node Type": "Bitmap Heap Scan",
                      "Parent Relationship": "Outer",
                      "Parallel Aware": true,
                      "Relation Name": "cast_info",
                      "Alias": "ci",
                      "Startup Cost": 38619.64,
                      "Total Cost": 295710.45,
                      "Plan Rows": 101102,
                      "Plan Width": 4,
                      "Actual Startup Time": 64.483,
                      "Actual Total Time": 125.467,
                      "Actual Rows": 182526,
                      "Actual Loops": 7,
                      "Recheck Cond": "(person_id < 176960)",
                      "Rows Removed by Index Recheck": 0,
                      "Filter": "(role_id = 1)",
                      "Rows Removed by Filter": 71713,
                      "Exact Heap Blocks": 3541,
                      "Lossy Heap Blocks": 0,
                      "Plans": [
                        {
                          "Node Type": "Bitmap Index Scan",
                          "Parent Relationship": "Outer",
                          "Parallel Aware": false,
                          "Index Name": "person_id_cast_info",
                          "Startup Cost": 0.0,
                          "Total Cost": 38467.99,
                          "Plan Rows": 1761523,
                          "Plan Width": 0,
                          "Actual Startup Time": 61.321,
                          "Actual Total Time": 61.322,
                          "Actual Rows": 1779673,
                          "Actual Loops": 1,
                          "Index Cond": "(person_id < 176960)"
                        }
                      ]
                    },
                    {
                      "Node Type": "Hash",
                      "Parent Relationship": "Inner",
                      "Parallel Aware": true,
                      "Startup Cost": 43898.92,
                      "Total Cost": 43898.92,
                      "Plan Rows": 247857,
                      "Plan Width": 4,
                      "Actual Startup Time": 137.147,
                      "Actual Total Time": 137.148,
                      "Actual Rows": 140721,
                      "Actual Loops": 7,
                      "Hash Buckets": 1048576,
                      "Original Hash Buckets": 1048576,
                      "Hash Batches": 1,
                      "Original Hash Batches": 1,
                      "Peak Memory Usage": 46880,
                      "Plans": [
                        {
                          "Node Type": "Seq Scan",
                          "Parent Relationship": "Outer",
                          "Parallel Aware": true,
                          "Relation Name": "title",
                          "Alias": "t",
                          "Startup Cost": 0.0,
                          "Total Cost": 43898.92,
                          "Plan Rows": 247857,
                          "Plan Width": 4,
                          "Actual Startup Time": 0.04,
                          "Actual Total Time": 76.789,
                          "Actual Rows": 140721,
                          "Actual Loops": 7,
                          "Filter": "(kind_id < 7)",
                          "Rows Removed by Filter": 220466
                        }
                      ]
                    }
                  ]
                }
              ]
            }
          ]
        }
      ]
    },
    "Planning Time": 0.654,
    "Triggers": [],
    "Execution Time": 374.818
  }
]