[
    {
        "Bao": {
            "Bao prediction": 496.691,
            "Bao recommended hint": "(no hint)"
        }
    },
    {
        "Plan": {
            "Node Type": "Aggregate",
            "Strategy": "Plain",
            "Partial Mode": "Finalize",
            "Parallel Aware": false,
            "Startup Cost": 335593.46,
            "Total Cost": 335593.47,
            "Plan Rows": 1,
            "Plan Width": 8,
            "Actual Startup Time": 690.559,
            "Actual Total Time": 718.279,
            "Actual Rows": 1,
            "Actual Loops": 1,
            "Output": [
                "count(*)"
            ],
            "Plans": [
                {
                    "Node Type": "Gather",
                    "Parent Relationship": "Outer",
                    "Parallel Aware": false,
                    "Startup Cost": 335592.84,
                    "Total Cost": 335593.45,
                    "Plan Rows": 6,
                    "Plan Width": 8,
                    "Actual Startup Time": 690.465,
                    "Actual Total Time": 718.271,
                    "Actual Rows": 7,
                    "Actual Loops": 1,
                    "Output": [
                        "(PARTIAL count(*))"
                    ],
                    "Workers Planned": 6,
                    "Workers Launched": 6,
                    "Single Copy": false,
                    "Plans": [
                        {
                            "Node Type": "Aggregate",
                            "Strategy": "Plain",
                            "Partial Mode": "Partial",
                            "Parent Relationship": "Outer",
                            "Parallel Aware": false,
                            "Startup Cost": 334592.84,
                            "Total Cost": 334592.85,
                            "Plan Rows": 1,
                            "Plan Width": 8,
                            "Actual Startup Time": 679.911,
                            "Actual Total Time": 679.912,
                            "Actual Rows": 1,
                            "Actual Loops": 7,
                            "Output": [
                                "PARTIAL count(*)"
                            ],
                            "Workers": [
                                {
                                    "Worker Number": 0,
                                    "Actual Startup Time": 678.745,
                                    "Actual Total Time": 678.746,
                                    "Actual Rows": 1,
                                    "Actual Loops": 1
                                },
                                {
                                    "Worker Number": 1,
                                    "Actual Startup Time": 675.763,
                                    "Actual Total Time": 675.763,
                                    "Actual Rows": 1,
                                    "Actual Loops": 1
                                },
                                {
                                    "Worker Number": 2,
                                    "Actual Startup Time": 675.755,
                                    "Actual Total Time": 675.756,
                                    "Actual Rows": 1,
                                    "Actual Loops": 1
                                },
                                {
                                    "Worker Number": 3,
                                    "Actual Startup Time": 679.715,
                                    "Actual Total Time": 679.717,
                                    "Actual Rows": 1,
                                    "Actual Loops": 1
                                },
                                {
                                    "Worker Number": 4,
                                    "Actual Startup Time": 679.727,
                                    "Actual Total Time": 679.728,
                                    "Actual Rows": 1,
                                    "Actual Loops": 1
                                },
                                {
                                    "Worker Number": 5,
                                    "Actual Startup Time": 679.985,
                                    "Actual Total Time": 679.987,
                                    "Actual Rows": 1,
                                    "Actual Loops": 1
                                }
                            ],
                            "Plans": [
                                {
                                    "Node Type": "Seq Scan",
                                    "Parent Relationship": "Outer",
                                    "Parallel Aware": true,
                                    "Relation Name": "cast_info",
                                    "Schema": "public",
                                    "Alias": "ci",
                                    "Startup Cost": 0.0,
                                    "Total Cost": 328213.62,
                                    "Plan Rows": 2551688,
                                    "Plan Width": 0,
                                    "Actual Startup Time": 225.556,
                                    "Actual Total Time": 570.636,
                                    "Actual Rows": 2199874,
                                    "Actual Loops": 7,
                                    "Output": [
                                        "id",
                                        "person_id",
                                        "movie_id",
                                        "person_role_id",
                                        "note",
                                        "nr_order",
                                        "role_id"
                                    ],
                                    "Filter": "(ci.person_id > 2100565)",
                                    "Rows Removed by Filter": 2977890,
                                    "Workers": [
                                        {
                                            "Worker Number": 0,
                                            "Actual Startup Time": 224.404,
                                            "Actual Total Time": 569.903,
                                            "Actual Rows": 1626157,
                                            "Actual Loops": 1
                                        },
                                        {
                                            "Worker Number": 1,
                                            "Actual Startup Time": 221.397,
                                            "Actual Total Time": 568.49,
                                            "Actual Rows": 2267041,
                                            "Actual Loops": 1
                                        },
                                        {
                                            "Worker Number": 2,
                                            "Actual Startup Time": 221.417,
                                            "Actual Total Time": 568.245,
                                            "Actual Rows": 1569363,
                                            "Actual Loops": 1
                                        },
                                        {
                                            "Worker Number": 3,
                                            "Actual Startup Time": 225.362,
                                            "Actual Total Time": 572.648,
                                            "Actual Rows": 2263239,
                                            "Actual Loops": 1
                                        },
                                        {
                                            "Worker Number": 4,
                                            "Actual Startup Time": 225.354,
                                            "Actual Total Time": 572.199,
                                            "Actual Rows": 2274398,
                                            "Actual Loops": 1
                                        },
                                        {
                                            "Worker Number": 5,
                                            "Actual Startup Time": 225.632,
                                            "Actual Total Time": 578.939,
                                            "Actual Rows": 2487894,
                                            "Actual Loops": 1
                                        }
                                    ]
                                }
                            ]
                        }
                    ]
                }
            ]
        },
        "Planning Time": 1352.91,
        "Triggers": [],
        "Execution Time": 718.373
    }
]