[
  {
    "Plan": {
      "Node Type": "Aggregate",
      "Strategy": "Plain",
      "Partial Mode": "Finalize",
      "Parallel Aware": false,
      "Startup Cost": 30744.39,
      "Total Cost": 30744.4,
      "Plan Rows": 1,
      "Plan Width": 8,
      "Actual Startup Time": 89.75,
      "Actual Total Time": 95.277,
      "Actual Rows": 1,
      "Actual Loops": 1,
      "Plans": [
        {
          "Node Type": "Gather",
          "Parent Relationship": "Outer",
          "Parallel Aware": false,
          "Startup Cost": 30744.07,
          "Total Cost": 30744.38,
          "Plan Rows": 3,
          "Plan Width": 8,
          "Actual Startup Time": 89.634,
          "Actual Total Time": 95.265,
          "Actual Rows": 4,
          "Actual Loops": 1,
          "Workers Planned": 3,
          "Workers Launched": 3,
          "Single Copy": false,
          "Plans": [
            {
              "Node Type": "Aggregate",
              "Strategy": "Plain",
              "Partial Mode": "Partial",
              "Parent Relationship": "Outer",
              "Parallel Aware": false,
              "Startup Cost": 29744.07,
              "Total Cost": 29744.08,
              "Plan Rows": 1,
              "Plan Width": 8,
              "Actual Startup Time": 82.953,
              "Actual Total Time": 82.955,
              "Actual Rows": 1,
              "Actual Loops": 4,
              "Plans": [
                {
                  "Node Type": "Seq Scan",
                  "Parent Relationship": "Outer",
                  "Parallel Aware": true,
                  "Relation Name": "movie_companies",
                  "Alias": "mc",
                  "Startup Cost": 0.0,
                  "Total Cost": 29310.68,
                  "Plan Rows": 173356,
                  "Plan Width": 0,
                  "Actual Startup Time": 0.031,
                  "Actual Total Time": 74.017,
                  "Actual Rows": 132390,
                  "Actual Loops": 4,
                  "Filter": "(company_id < 506)",
                  "Rows Removed by Filter": 519892
                }
              ]
            }
          ]
        }
      ]
    },
    "Planning Time": 0.245,
    "Triggers": [],
    "Execution Time": 95.345
  }
]