[
  {
    "Plan": {
      "Node Type": "Aggregate",
      "Strategy": "Plain",
      "Partial Mode": "Finalize",
      "Parallel Aware": false,
      "Startup Cost": 45269.9,
      "Total Cost": 45269.91,
      "Plan Rows": 1,
      "Plan Width": 8,
      "Actual Startup Time": 151.244,
      "Actual Total Time": 158.779,
      "Actual Rows": 1,
      "Actual Loops": 1,
      "Plans": [
        {
          "Node Type": "Gather",
          "Parent Relationship": "Outer",
          "Parallel Aware": false,
          "Startup Cost": 45269.58,
          "Total Cost": 45269.89,
          "Plan Rows": 3,
          "Plan Width": 8,
          "Actual Startup Time": 151.134,
          "Actual Total Time": 158.771,
          "Actual Rows": 4,
          "Actual Loops": 1,
          "Workers Planned": 3,
          "Workers Launched": 3,
          "Single Copy": false,
          "Plans": [
            {
              "Node Type": "Aggregate",
              "Strategy": "Plain",
              "Partial Mode": "Partial",
              "Parent Relationship": "Outer",
              "Parallel Aware": false,
              "Startup Cost": 44269.58,
              "Total Cost": 44269.59,
              "Plan Rows": 1,
              "Plan Width": 8,
              "Actual Startup Time": 143.372,
              "Actual Total Time": 143.373,
              "Actual Rows": 1,
              "Actual Loops": 4,
              "Plans": [
                {
                  "Node Type": "Seq Scan",
                  "Parent Relationship": "Outer",
                  "Parallel Aware": true,
                  "Relation Name": "movie_keyword",
                  "Alias": "mk",
                  "Startup Cost": 0.0,
                  "Total Cost": 42695.65,
                  "Plan Rows": 629572,
                  "Plan Width": 0,
                  "Actual Startup Time": 0.054,
                  "Actual Total Time": 117.707,
                  "Actual Rows": 489854,
                  "Actual Loops": 4,
                  "Filter": "(keyword_id < 3415)",
                  "Rows Removed by Filter": 641129
                }
              ]
            }
          ]
        }
      ]
    },
    "Planning Time": 0.188,
    "Triggers": [],
    "Execution Time": 158.837
  }
]