[
  {
    "Plan": {
      "Node Type": "Aggregate",
      "Strategy": "Plain",
      "Partial Mode": "Finalize",
      "Parallel Aware": false,
      "Startup Cost": 386032.5,
      "Total Cost": 386032.51,
      "Plan Rows": 1,
      "Plan Width": 8,
      "Actual Startup Time": 2683.926,
      "Actual Total Time": 2771.324,
      "Actual Rows": 1,
      "Actual Loops": 1,
      "Plans": [
        {
          "Node Type": "Gather",
          "Parent Relationship": "Outer",
          "Parallel Aware": false,
          "Startup Cost": 386032.19,
          "Total Cost": 386032.5,
          "Plan Rows": 3,
          "Plan Width": 8,
          "Actual Startup Time": 2681.572,
          "Actual Total Time": 2771.314,
          "Actual Rows": 4,
          "Actual Loops": 1,
          "Workers Planned": 3,
          "Workers Launched": 3,
          "Single Copy": false,
          "Plans": [
            {
              "Node Type": "Aggregate",
              "Strategy": "Plain",
              "Partial Mode": "Partial",
              "Parent Relationship": "Outer",
              "Parallel Aware": false,
              "Startup Cost": 385032.19,
              "Total Cost": 385032.2,
              "Plan Rows": 1,
              "Plan Width": 8,
              "Actual Startup Time": 2672.462,
              "Actual Total Time": 2672.465,
              "Actual Rows": 1,
              "Actual Loops": 4,
              "Plans": [
                {
                  "Node Type": "Nested Loop",
                  "Parent Relationship": "Outer",
                  "Parallel Aware": false,
                  "Join Type": "Inner",
                  "Startup Cost": 46421.46,
                  "Total Cost": 382023.9,
                  "Plan Rows": 1203315,
                  "Plan Width": 0,
                  "Actual Startup Time": 178.148,
                  "Actual Total Time": 2540.995,
                  "Actual Rows": 3001239,
                  "Actual Loops": 4,
                  "Inner Unique": false,
                  "Plans": [
                    {
                      "Node Type": "Hash Join",
                      "Parent Relationship": "Outer",
                      "Parallel Aware": true,
                      "Join Type": "Inner",
                      "Startup Cost": 46420.89,
                      "Total Cost": 89807.14,
                      "Plan Rows": 83977,
                      "Plan Width": 8,
                      "Actual Startup Time": 178.061,
                      "Actual Total Time": 335.0,
                      "Actual Rows": 90978,
                      "Actual Loops": 4,
                      "Inner Unique": true,
                      "Hash Cond": "(mk.movie_id = t.id)",
                      "Plans": [
                        {
                          "Node Type": "Seq Scan",
                          "Parent Relationship": "Outer",
                          "Parallel Aware": true,
                          "Relation Name": "movie_keyword",
                          "Alias": "mk",
                          "Startup Cost": 0.0,
                          "Total Cost": 42695.65,
                          "Plan Rows": 263086,
                          "Plan Width": 4,
                          "Actual Startup Time": 0.026,
                          "Actual Total Time": 89.858,
                          "Actual Rows": 205827,
                          "Actual Loops": 4,
                          "Filter": "(keyword_id < 788)",
                          "Rows Removed by Filter": 925156
                        },
                        {
                          "Node Type": "Hash",
                          "Parent Relationship": "Inner",
                          "Parallel Aware": true,
                          "Startup Cost": 43898.92,
                          "Total Cost": 43898.92,
                          "Plan Rows": 201758,
                          "Plan Width": 4,
                          "Actual Startup Time": 172.916,
                          "Actual Total Time": 172.917,
                          "Actual Rows": 203176,
                          "Actual Loops": 4,
                          "Hash Buckets": 1048576,
                          "Original Hash Buckets": 1048576,
                          "Hash Batches": 1,
                          "Original Hash Batches": 1,
                          "Peak Memory Usage": 40032,
                          "Plans": [
                            {
                              "Node Type": "Seq Scan",
                              "Parent Relationship": "Outer",
                              "Parallel Aware": true,
                              "Relation Name": "title",
                              "Alias": "t",
                              "Startup Cost": 0.0,
                              "Total Cost": 43898.92,
                              "Plan Rows": 201758,
                              "Plan Width": 4,
                              "Actual Startup Time": 0.046,
                              "Actual Total Time": 99.291,
                              "Actual Rows": 203176,
                              "Actual Loops": 4,
                              "Filter": "(production_year < 1995)",
                              "Rows Removed by Filter": 428902
                            }
                          ]
                        }
                      ]
                    },
                    {
                      "Node Type": "Index Only Scan",
                      "Parent Relationship": "Inner",
                      "Parallel Aware": false,
                      "Scan Direction": "Forward",
                      "Index Name": "movie_id_cast_info",
                      "Relation Name": "cast_info",
                      "Alias": "ci",
                      "Startup Cost": 0.56,
                      "Total Cost": 3.11,
                      "Plan Rows": 37,
                      "Plan Width": 4,
                      "Actual Startup Time": 0.004,
                      "Actual Total Time": 0.022,
                      "Actual Rows": 33,
                      "Actual Loops": 363913,
                      "Index Cond": "(movie_id = t.id)",
                      "Rows Removed by Index Recheck": 0,
                      "Heap Fetches": 12004955
                    }
                  ]
                }
              ]
            }
          ]
        }
      ]
    },
    "Planning Time": 1.298,
    "Triggers": [],
    "Execution Time": 2771.425
  }
]