[
  {
    "Plan": {
      "Node Type": "Aggregate",
      "Strategy": "Plain",
      "Partial Mode": "Finalize",
      "Parallel Aware": false,
      "Startup Cost": 68904.68,
      "Total Cost": 68904.69,
      "Plan Rows": 1,
      "Plan Width": 8,
      "Actual Startup Time": 182.264,
      "Actual Total Time": 199.099,
      "Actual Rows": 1,
      "Actual Loops": 1,
      "Plans": [
        {
          "Node Type": "Gather",
          "Parent Relationship": "Outer",
          "Parallel Aware": false,
          "Startup Cost": 68904.26,
          "Total Cost": 68904.67,
          "Plan Rows": 4,
          "Plan Width": 8,
          "Actual Startup Time": 181.389,
          "Actual Total Time": 199.088,
          "Actual Rows": 5,
          "Actual Loops": 1,
          "Workers Planned": 4,
          "Workers Launched": 4,
          "Single Copy": false,
          "Plans": [
            {
              "Node Type": "Aggregate",
              "Strategy": "Plain",
              "Partial Mode": "Partial",
              "Parent Relationship": "Outer",
              "Parallel Aware": false,
              "Startup Cost": 67904.26,
              "Total Cost": 67904.27,
              "Plan Rows": 1,
              "Plan Width": 8,
              "Actual Startup Time": 171.006,
              "Actual Total Time": 171.009,
              "Actual Rows": 1,
              "Actual Loops": 5,
              "Plans": [
                {
                  "Node Type": "Hash Join",
                  "Parent Relationship": "Outer",
                  "Parallel Aware": true,
                  "Join Type": "Inner",
                  "Startup Cost": 22692.45,
                  "Total Cost": 67872.12,
                  "Plan Rows": 12857,
                  "Plan Width": 0,
                  "Actual Startup Time": 59.857,
                  "Actual Total Time": 170.628,
                  "Actual Rows": 4291,
                  "Actual Loops": 5,
                  "Inner Unique": false,
                  "Hash Cond": "(t.id = mc.movie_id)",
                  "Plans": [
                    {
                      "Node Type": "Seq Scan",
                      "Parent Relationship": "Outer",
                      "Parallel Aware": true,
                      "Relation Name": "title",
                      "Alias": "t",
                      "Startup Cost": 0.0,
                      "Total Cost": 43898.92,
                      "Plan Rows": 247857,
                      "Plan Width": 4,
                      "Actual Startup Time": 0.018,
                      "Actual Total Time": 78.228,
                      "Actual Rows": 197010,
                      "Actual Loops": 5,
                      "Filter": "(kind_id < 7)",
                      "Rows Removed by Filter": 308653
                    },
                    {
                      "Node Type": "Hash",
                      "Parent Relationship": "Inner",
                      "Parallel Aware": true,
                      "Startup Cost": 22163.64,
                      "Total Cost": 22163.64,
                      "Plan Rows": 42305,
                      "Plan Width": 4,
                      "Actual Startup Time": 57.773,
                      "Actual Total Time": 57.775,
                      "Actual Rows": 26961,
                      "Actual Loops": 5,
                      "Hash Buckets": 262144,
                      "Original Hash Buckets": 262144,
                      "Hash Batches": 1,
                      "Original Hash Batches": 1,
                      "Peak Memory Usage": 7392,
                      "Plans": [
                        {
                          "Node Type": "Bitmap Heap Scan",
                          "Parent Relationship": "Outer",
                          "Parallel Aware": true,
                          "Relation Name": "movie_companies",
                          "Alias": "mc",
                          "Startup Cost": 2844.82,
                          "Total Cost": 22163.64,
                          "Plan Rows": 42305,
                          "Plan Width": 4,
                          "Actual Startup Time": 14.458,
                          "Actual Total Time": 42.879,
                          "Actual Rows": 26961,
                          "Actual Loops": 5,
                          "Recheck Cond": "(company_id < 27)",
                          "Rows Removed by Index Recheck": 0,
                          "Exact Heap Blocks": 5958,
                          "Lossy Heap Blocks": 0,
                          "Plans": [
                            {
                              "Node Type": "Bitmap Index Scan",
                              "Parent Relationship": "Outer",
                              "Parallel Aware": false,
                              "Index Name": "company_id_movie_companies",
                              "Startup Cost": 0.0,
                              "Total Cost": 2812.03,
                              "Plan Rows": 131147,
                              "Plan Width": 0,
                              "Actual Startup Time": 14.262,
                              "Actual Total Time": 14.263,
                              "Actual Rows": 134807,
                              "Actual Loops": 1,
                              "Index Cond": "(company_id < 27)"
                            }
                          ]
                        }
                      ]
                    }
                  ]
                }
              ]
            }
          ]
        }
      ]
    },
    "Planning Time": 0.718,
    "Triggers": [],
    "Execution Time": 199.192
  }
]