[
    {
        "Bao": {
            "Bao prediction": "NaN",
            "Bao recommended hint": "(no hint)"
        }
    },
    {
        "Plan": {
            "Node Type": "Aggregate",
            "Strategy": "Plain",
            "Partial Mode": "Finalize",
            "Parallel Aware": false,
            "Startup Cost": 348817.99,
            "Total Cost": 348818.0,
            "Plan Rows": 1,
            "Plan Width": 8,
            "Actual Startup Time": 693.215,
            "Actual Total Time": 718.602,
            "Actual Rows": 1,
            "Actual Loops": 1,
            "Output": [
                "count(*)"
            ],
            "Plans": [
                {
                    "Node Type": "Gather",
                    "Parent Relationship": "Outer",
                    "Parallel Aware": false,
                    "Startup Cost": 348817.36,
                    "Total Cost": 348817.97,
                    "Plan Rows": 6,
                    "Plan Width": 8,
                    "Actual Startup Time": 693.137,
                    "Actual Total Time": 718.595,
                    "Actual Rows": 7,
                    "Actual Loops": 1,
                    "Output": [
                        "(PARTIAL count(*))"
                    ],
                    "Workers Planned": 6,
                    "Workers Launched": 6,
                    "Single Copy": false,
                    "Plans": [
                        {
                            "Node Type": "Aggregate",
                            "Strategy": "Plain",
                            "Partial Mode": "Partial",
                            "Parent Relationship": "Outer",
                            "Parallel Aware": false,
                            "Startup Cost": 347817.36,
                            "Total Cost": 347817.38,
                            "Plan Rows": 1,
                            "Plan Width": 8,
                            "Actual Startup Time": 683.417,
                            "Actual Total Time": 683.418,
                            "Actual Rows": 1,
                            "Actual Loops": 7,
                            "Output": [
                                "PARTIAL count(*)"
                            ],
                            "Workers": [
                                {
                                    "Worker Number": 0,
                                    "Actual Startup Time": 680.995,
                                    "Actual Total Time": 680.996,
                                    "Actual Rows": 1,
                                    "Actual Loops": 1
                                },
                                {
                                    "Worker Number": 1,
                                    "Actual Startup Time": 681.507,
                                    "Actual Total Time": 681.508,
                                    "Actual Rows": 1,
                                    "Actual Loops": 1
                                },
                                {
                                    "Worker Number": 2,
                                    "Actual Startup Time": 681.648,
                                    "Actual Total Time": 681.649,
                                    "Actual Rows": 1,
                                    "Actual Loops": 1
                                },
                                {
                                    "Worker Number": 3,
                                    "Actual Startup Time": 681.996,
                                    "Actual Total Time": 681.996,
                                    "Actual Rows": 1,
                                    "Actual Loops": 1
                                },
                                {
                                    "Worker Number": 4,
                                    "Actual Startup Time": 682.326,
                                    "Actual Total Time": 682.327,
                                    "Actual Rows": 1,
                                    "Actual Loops": 1
                                },
                                {
                                    "Worker Number": 5,
                                    "Actual Startup Time": 682.686,
                                    "Actual Total Time": 682.687,
                                    "Actual Rows": 1,
                                    "Actual Loops": 1
                                }
                            ],
                            "Plans": [
                                {
                                    "Node Type": "Seq Scan",
                                    "Parent Relationship": "Outer",
                                    "Parallel Aware": true,
                                    "Relation Name": "cast_info",
                                    "Schema": "public",
                                    "Alias": "ci",
                                    "Startup Cost": 0.0,
                                    "Total Cost": 343318.94,
                                    "Plan Rows": 1799370,
                                    "Plan Width": 0,
                                    "Actual Startup Time": 310.521,
                                    "Actual Total Time": 603.811,
                                    "Actual Rows": 1831395,
                                    "Actual Loops": 7,
                                    "Output": [
                                        "id",
                                        "person_id",
                                        "movie_id",
                                        "person_role_id",
                                        "note",
                                        "nr_order",
                                        "role_id"
                                    ],
                                    "Filter": "((ci.person_id > 1166594) AND (ci.role_id > 2))",
                                    "Rows Removed by Filter": 3346369,
                                    "Workers": [
                                        {
                                            "Worker Number": 0,
                                            "Actual Startup Time": 308.106,
                                            "Actual Total Time": 604.715,
                                            "Actual Rows": 1860387,
                                            "Actual Loops": 1
                                        },
                                        {
                                            "Worker Number": 1,
                                            "Actual Startup Time": 308.616,
                                            "Actual Total Time": 603.643,
                                            "Actual Rows": 1656685,
                                            "Actual Loops": 1
                                        },
                                        {
                                            "Worker Number": 2,
                                            "Actual Startup Time": 308.747,
                                            "Actual Total Time": 604.076,
                                            "Actual Rows": 1649170,
                                            "Actual Loops": 1
                                        },
                                        {
                                            "Worker Number": 3,
                                            "Actual Startup Time": 309.091,
                                            "Actual Total Time": 605.741,
                                            "Actual Rows": 1861852,
                                            "Actual Loops": 1
                                        },
                                        {
                                            "Worker Number": 4,
                                            "Actual Startup Time": 309.444,
                                            "Actual Total Time": 606.074,
                                            "Actual Rows": 1863537,
                                            "Actual Loops": 1
                                        },
                                        {
                                            "Worker Number": 5,
                                            "Actual Startup Time": 309.779,
                                            "Actual Total Time": 605.053,
                                            "Actual Rows": 1653562,
                                            "Actual Loops": 1
                                        }
                                    ]
                                }
                            ]
                        }
                    ]
                }
            ]
        },
        "Planning Time": 181.791,
        "Triggers": [],
        "Execution Time": 718.65
    }
]