[
  {
    "Plan": {
      "Node Type": "Aggregate",
      "Strategy": "Plain",
      "Partial Mode": "Finalize",
      "Parallel Aware": false,
      "Startup Cost": 80170.52,
      "Total Cost": 80170.53,
      "Plan Rows": 1,
      "Plan Width": 8,
      "Actual Startup Time": 241.125,
      "Actual Total Time": 255.156,
      "Actual Rows": 1,
      "Actual Loops": 1,
      "Plans": [
        {
          "Node Type": "Gather",
          "Parent Relationship": "Outer",
          "Parallel Aware": false,
          "Startup Cost": 80170.1,
          "Total Cost": 80170.51,
          "Plan Rows": 4,
          "Plan Width": 8,
          "Actual Startup Time": 237.421,
          "Actual Total Time": 255.144,
          "Actual Rows": 5,
          "Actual Loops": 1,
          "Workers Planned": 4,
          "Workers Launched": 4,
          "Single Copy": false,
          "Plans": [
            {
              "Node Type": "Aggregate",
              "Strategy": "Plain",
              "Partial Mode": "Partial",
              "Parent Relationship": "Outer",
              "Parallel Aware": false,
              "Startup Cost": 79170.1,
              "Total Cost": 79170.11,
              "Plan Rows": 1,
              "Plan Width": 8,
              "Actual Startup Time": 227.884,
              "Actual Total Time": 227.887,
              "Actual Rows": 1,
              "Actual Loops": 5,
              "Plans": [
                {
                  "Node Type": "Hash Join",
                  "Parent Relationship": "Outer",
                  "Parallel Aware": true,
                  "Join Type": "Inner",
                  "Startup Cost": 32749.83,
                  "Total Cost": 79116.51,
                  "Plan Rows": 21435,
                  "Plan Width": 0,
                  "Actual Startup Time": 105.343,
                  "Actual Total Time": 226.069,
                  "Actual Rows": 33836,
                  "Actual Loops": 5,
                  "Inner Unique": false,
                  "Hash Cond": "(t.id = mc.movie_id)",
                  "Plans": [
                    {
                      "Node Type": "Seq Scan",
                      "Parent Relationship": "Outer",
                      "Parallel Aware": true,
                      "Relation Name": "title",
                      "Alias": "t",
                      "Startup Cost": 0.0,
                      "Total Cost": 45479.1,
                      "Plan Rows": 163687,
                      "Plan Width": 4,
                      "Actual Startup Time": 0.016,
                      "Actual Total Time": 77.304,
                      "Actual Rows": 142236,
                      "Actual Loops": 5,
                      "Filter": "((kind_id < 7) AND (production_year < 2008))",
                      "Rows Removed by Filter": 363427
                    },
                    {
                      "Node Type": "Hash",
                      "Parent Relationship": "Inner",
                      "Parallel Aware": true,
                      "Startup Cost": 31414.82,
                      "Total Cost": 31414.82,
                      "Plan Rows": 106801,
                      "Plan Width": 4,
                      "Actual Startup Time": 102.24,
                      "Actual Total Time": 102.24,
                      "Actual Rows": 95621,
                      "Actual Loops": 5,
                      "Hash Buckets": 524288,
                      "Original Hash Buckets": 524288,
                      "Hash Batches": 1,
                      "Original Hash Batches": 1,
                      "Peak Memory Usage": 22912,
                      "Plans": [
                        {
                          "Node Type": "Seq Scan",
                          "Parent Relationship": "Outer",
                          "Parallel Aware": true,
                          "Relation Name": "movie_companies",
                          "Alias": "mc",
                          "Startup Cost": 0.0,
                          "Total Cost": 31414.82,
                          "Plan Rows": 106801,
                          "Plan Width": 4,
                          "Actual Startup Time": 0.055,
                          "Actual Total Time": 66.083,
                          "Actual Rows": 95621,
                          "Actual Loops": 5,
                          "Filter": "((company_id < 1031) AND (company_type_id < 2))",
                          "Rows Removed by Filter": 426205
                        }
                      ]
                    }
                  ]
                }
              ]
            }
          ]
        }
      ]
    },
    "Planning Time": 0.696,
    "Triggers": [],
    "Execution Time": 255.231
  }
]