[
  {
    "Plan": {
      "Node Type": "Aggregate",
      "Strategy": "Plain",
      "Partial Mode": "Finalize",
      "Parallel Aware": false,
      "Startup Cost": 46485.1,
      "Total Cost": 46485.11,
      "Plan Rows": 1,
      "Plan Width": 8,
      "Actual Startup Time": 88.571,
      "Actual Total Time": 100.482,
      "Actual Rows": 1,
      "Actual Loops": 1,
      "Plans": [
        {
          "Node Type": "Gather",
          "Parent Relationship": "Outer",
          "Parallel Aware": false,
          "Startup Cost": 46484.68,
          "Total Cost": 46485.09,
          "Plan Rows": 4,
          "Plan Width": 8,
          "Actual Startup Time": 88.444,
          "Actual Total Time": 100.473,
          "Actual Rows": 5,
          "Actual Loops": 1,
          "Workers Planned": 4,
          "Workers Launched": 4,
          "Single Copy": false,
          "Plans": [
            {
              "Node Type": "Aggregate",
              "Strategy": "Plain",
              "Partial Mode": "Partial",
              "Parent Relationship": "Outer",
              "Parallel Aware": false,
              "Startup Cost": 45484.68,
              "Total Cost": 45484.69,
              "Plan Rows": 1,
              "Plan Width": 8,
              "Actual Startup Time": 81.148,
              "Actual Total Time": 81.149,
              "Actual Rows": 1,
              "Actual Loops": 5,
              "Plans": [
                {
                  "Node Type": "Seq Scan",
                  "Parent Relationship": "Outer",
                  "Parallel Aware": true,
                  "Relation Name": "title",
                  "Alias": "t",
                  "Startup Cost": 0.0,
                  "Total Cost": 45479.1,
                  "Plan Rows": 2231,
                  "Plan Width": 0,
                  "Actual Startup Time": 0.593,
                  "Actual Total Time": 80.944,
                  "Actual Rows": 1882,
                  "Actual Loops": 5,
                  "Filter": "((kind_id < 7) AND (production_year = 1990))",
                  "Rows Removed by Filter": 503781
                }
              ]
            }
          ]
        }
      ]
    },
    "Planning Time": 0.18,
    "Triggers": [],
    "Execution Time": 100.531
  }
]