[
  {
    "Plan": {
      "Node Type": "Aggregate",
      "Strategy": "Plain",
      "Partial Mode": "Finalize",
      "Parallel Aware": false,
      "Startup Cost": 47045.39,
      "Total Cost": 47045.4,
      "Plan Rows": 1,
      "Plan Width": 8,
      "Actual Startup Time": 166.178,
      "Actual Total Time": 175.797,
      "Actual Rows": 1,
      "Actual Loops": 1,
      "Plans": [
        {
          "Node Type": "Gather",
          "Parent Relationship": "Outer",
          "Parallel Aware": false,
          "Startup Cost": 47045.08,
          "Total Cost": 47045.39,
          "Plan Rows": 3,
          "Plan Width": 8,
          "Actual Startup Time": 166.042,
          "Actual Total Time": 175.788,
          "Actual Rows": 4,
          "Actual Loops": 1,
          "Workers Planned": 3,
          "Workers Launched": 3,
          "Single Copy": false,
          "Plans": [
            {
              "Node Type": "Aggregate",
              "Strategy": "Plain",
              "Partial Mode": "Partial",
              "Parent Relationship": "Outer",
              "Parallel Aware": false,
              "Startup Cost": 46045.08,
              "Total Cost": 46045.09,
              "Plan Rows": 1,
              "Plan Width": 8,
              "Actual Startup Time": 161.818,
              "Actual Total Time": 161.819,
              "Actual Rows": 1,
              "Actual Loops": 4,
              "Plans": [
                {
                  "Node Type": "Seq Scan",
                  "Parent Relationship": "Outer",
                  "Parallel Aware": true,
                  "Relation Name": "movie_keyword",
                  "Alias": "mk",
                  "Startup Cost": 0.0,
                  "Total Cost": 42695.65,
                  "Plan Rows": 1339769,
                  "Plan Width": 0,
                  "Actual Startup Time": 0.036,
                  "Actual Total Time": 116.676,
                  "Actual Rows": 1038306,
                  "Actual Loops": 4,
                  "Filter": "(keyword_id < 45606)",
                  "Rows Removed by Filter": 92676
                }
              ]
            }
          ]
        }
      ]
    },
    "Planning Time": 0.186,
    "Triggers": [],
    "Execution Time": 175.86
  }
]