[
  {
    "Plan": {
      "Node Type": "Aggregate",
      "Strategy": "Plain",
      "Partial Mode": "Finalize",
      "Parallel Aware": false,
      "Startup Cost": 343576.18,
      "Total Cost": 343576.19,
      "Plan Rows": 1,
      "Plan Width": 8,
      "Actual Startup Time": 1078.572,
      "Actual Total Time": 1129.053,
      "Actual Rows": 1,
      "Actual Loops": 1,
      "Plans": [
        {
          "Node Type": "Gather",
          "Parent Relationship": "Outer",
          "Parallel Aware": false,
          "Startup Cost": 343575.55,
          "Total Cost": 343576.16,
          "Plan Rows": 6,
          "Plan Width": 8,
          "Actual Startup Time": 1078.399,
          "Actual Total Time": 1129.029,
          "Actual Rows": 7,
          "Actual Loops": 1,
          "Workers Planned": 6,
          "Workers Launched": 6,
          "Single Copy": false,
          "Plans": [
            {
              "Node Type": "Aggregate",
              "Strategy": "Plain",
              "Partial Mode": "Partial",
              "Parent Relationship": "Outer",
              "Parallel Aware": false,
              "Startup Cost": 342575.55,
              "Total Cost": 342575.56,
              "Plan Rows": 1,
              "Plan Width": 8,
              "Actual Startup Time": 1071.01,
              "Actual Total Time": 1071.011,
              "Actual Rows": 1,
              "Actual Loops": 7,
              "Plans": [
                {
                  "Node Type": "Seq Scan",
                  "Parent Relationship": "Outer",
                  "Parallel Aware": true,
                  "Relation Name": "cast_info",
                  "Alias": "ci",
                  "Startup Cost": 0.0,
                  "Total Cost": 328211.39,
                  "Plan Rows": 5745664,
                  "Plan Width": 0,
                  "Actual Startup Time": 0.05,
                  "Actual Total Time": 769.882,
                  "Actual Rows": 4935349,
                  "Actual Loops": 7,
                  "Filter": "(person_id < 3725337)",
                  "Rows Removed by Filter": 242415
                }
              ]
            }
          ]
        }
      ]
    },
    "Planning Time": 0.14,
    "Triggers": [],
    "Execution Time": 1129.111
  }
]