[
  {
    "Plan": {
      "Node Type": "Aggregate",
      "Strategy": "Plain",
      "Partial Mode": "Finalize",
      "Parallel Aware": false,
      "Startup Cost": 31804.78,
      "Total Cost": 31804.79,
      "Plan Rows": 1,
      "Plan Width": 8,
      "Actual Startup Time": 109.011,
      "Actual Total Time": 117.09,
      "Actual Rows": 1,
      "Actual Loops": 1,
      "Plans": [
        {
          "Node Type": "Gather",
          "Parent Relationship": "Outer",
          "Parallel Aware": false,
          "Startup Cost": 31804.47,
          "Total Cost": 31804.78,
          "Plan Rows": 3,
          "Plan Width": 8,
          "Actual Startup Time": 108.887,
          "Actual Total Time": 117.08,
          "Actual Rows": 4,
          "Actual Loops": 1,
          "Workers Planned": 3,
          "Workers Launched": 3,
          "Single Copy": false,
          "Plans": [
            {
              "Node Type": "Aggregate",
              "Strategy": "Plain",
              "Partial Mode": "Partial",
              "Parent Relationship": "Outer",
              "Parallel Aware": false,
              "Startup Cost": 30804.47,
              "Total Cost": 30804.48,
              "Plan Rows": 1,
              "Plan Width": 8,
              "Actual Startup Time": 101.828,
              "Actual Total Time": 101.829,
              "Actual Rows": 1,
              "Actual Loops": 4,
              "Plans": [
                {
                  "Node Type": "Seq Scan",
                  "Parent Relationship": "Outer",
                  "Parallel Aware": true,
                  "Relation Name": "movie_companies",
                  "Alias": "mc",
                  "Startup Cost": 0.0,
                  "Total Cost": 29310.68,
                  "Plan Rows": 597514,
                  "Plan Width": 0,
                  "Actual Startup Time": 0.046,
                  "Actual Total Time": 79.045,
                  "Actual Rows": 459356,
                  "Actual Loops": 4,
                  "Filter": "(company_id < 33797)",
                  "Rows Removed by Filter": 192926
                }
              ]
            }
          ]
        }
      ]
    },
    "Planning Time": 0.191,
    "Triggers": [],
    "Execution Time": 117.146
  }
]