[
  {
    "Plan": {
      "Node Type": "Aggregate",
      "Strategy": "Plain",
      "Partial Mode": "Finalize",
      "Parallel Aware": false,
      "Startup Cost": 337022.31,
      "Total Cost": 337022.32,
      "Plan Rows": 1,
      "Plan Width": 8,
      "Actual Startup Time": 723.79,
      "Actual Total Time": 778.929,
      "Actual Rows": 1,
      "Actual Loops": 1,
      "Plans": [
        {
          "Node Type": "Gather",
          "Parent Relationship": "Outer",
          "Parallel Aware": false,
          "Startup Cost": 337021.68,
          "Total Cost": 337022.29,
          "Plan Rows": 6,
          "Plan Width": 8,
          "Actual Startup Time": 723.663,
          "Actual Total Time": 778.916,
          "Actual Rows": 7,
          "Actual Loops": 1,
          "Workers Planned": 6,
          "Workers Launched": 6,
          "Single Copy": false,
          "Plans": [
            {
              "Node Type": "Aggregate",
              "Strategy": "Plain",
              "Partial Mode": "Partial",
              "Parent Relationship": "Outer",
              "Parallel Aware": false,
              "Startup Cost": 336021.68,
              "Total Cost": 336021.69,
              "Plan Rows": 1,
              "Plan Width": 8,
              "Actual Startup Time": 713.536,
              "Actual Total Time": 713.537,
              "Actual Rows": 1,
              "Actual Loops": 7,
              "Plans": [
                {
                  "Node Type": "Seq Scan",
                  "Parent Relationship": "Outer",
                  "Parallel Aware": true,
                  "Relation Name": "cast_info",
                  "Alias": "ci",
                  "Startup Cost": 0.0,
                  "Total Cost": 328162.03,
                  "Plan Rows": 3143863,
                  "Plan Width": 0,
                  "Actual Startup Time": 0.054,
                  "Actual Total Time": 596.133,
                  "Actual Rows": 2705591,
                  "Actual Loops": 7,
                  "Filter": "(person_id < 1887996)",
                  "Rows Removed by Filter": 2472173
                }
              ]
            }
          ]
        }
      ]
    },
    "Planning Time": 0.122,
    "Triggers": [],
    "Execution Time": 778.988
  }
]