[
    {
        "Bao": {
            "Bao prediction": "NaN",
            "Bao recommended hint": "(no hint)"
        }
    },
    {
        "Plan": {
            "Node Type": "Aggregate",
            "Strategy": "Plain",
            "Partial Mode": "Finalize",
            "Parallel Aware": false,
            "Startup Cost": 309653.03,
            "Total Cost": 309653.04,
            "Plan Rows": 1,
            "Plan Width": 8,
            "Actual Startup Time": 200.295,
            "Actual Total Time": 207.252,
            "Actual Rows": 1,
            "Actual Loops": 1,
            "Output": [
                "count(*)"
            ],
            "Plans": [
                {
                    "Node Type": "Gather",
                    "Parent Relationship": "Outer",
                    "Parallel Aware": false,
                    "Startup Cost": 309652.4,
                    "Total Cost": 309653.01,
                    "Plan Rows": 6,
                    "Plan Width": 8,
                    "Actual Startup Time": 199.665,
                    "Actual Total Time": 207.245,
                    "Actual Rows": 7,
                    "Actual Loops": 1,
                    "Output": [
                        "(PARTIAL count(*))"
                    ],
                    "Workers Planned": 6,
                    "Workers Launched": 6,
                    "Single Copy": false,
                    "Plans": [
                        {
                            "Node Type": "Aggregate",
                            "Strategy": "Plain",
                            "Partial Mode": "Partial",
                            "Parent Relationship": "Outer",
                            "Parallel Aware": false,
                            "Startup Cost": 308652.4,
                            "Total Cost": 308652.41,
                            "Plan Rows": 1,
                            "Plan Width": 8,
                            "Actual Startup Time": 189.3,
                            "Actual Total Time": 189.301,
                            "Actual Rows": 1,
                            "Actual Loops": 7,
                            "Output": [
                                "PARTIAL count(*)"
                            ],
                            "Workers": [
                                {
                                    "Worker Number": 0,
                                    "Actual Startup Time": 186.955,
                                    "Actual Total Time": 186.956,
                                    "Actual Rows": 1,
                                    "Actual Loops": 1
                                },
                                {
                                    "Worker Number": 1,
                                    "Actual Startup Time": 187.048,
                                    "Actual Total Time": 187.049,
                                    "Actual Rows": 1,
                                    "Actual Loops": 1
                                },
                                {
                                    "Worker Number": 2,
                                    "Actual Startup Time": 187.803,
                                    "Actual Total Time": 187.804,
                                    "Actual Rows": 1,
                                    "Actual Loops": 1
                                },
                                {
                                    "Worker Number": 3,
                                    "Actual Startup Time": 187.757,
                                    "Actual Total Time": 187.758,
                                    "Actual Rows": 1,
                                    "Actual Loops": 1
                                },
                                {
                                    "Worker Number": 4,
                                    "Actual Startup Time": 187.826,
                                    "Actual Total Time": 187.827,
                                    "Actual Rows": 1,
                                    "Actual Loops": 1
                                },
                                {
                                    "Worker Number": 5,
                                    "Actual Startup Time": 188.362,
                                    "Actual Total Time": 188.363,
                                    "Actual Rows": 1,
                                    "Actual Loops": 1
                                }
                            ],
                            "Plans": [
                                {
                                    "Node Type": "Bitmap Heap Scan",
                                    "Parent Relationship": "Outer",
                                    "Parallel Aware": true,
                                    "Relation Name": "cast_info",
                                    "Schema": "public",
                                    "Alias": "ci",
                                    "Startup Cost": 50272.52,
                                    "Total Cost": 307703.59,
                                    "Plan Rows": 379526,
                                    "Plan Width": 0,
                                    "Actual Startup Time": 85.123,
                                    "Actual Total Time": 168.767,
                                    "Actual Rows": 325781,
                                    "Actual Loops": 7,
                                    "Recheck Cond": "(ci.person_id < 222229)",
                                    "Rows Removed by Index Recheck": 0,
                                    "Exact Heap Blocks": 6021,
                                    "Lossy Heap Blocks": 0,
                                    "Workers": [
                                        {
                                            "Worker Number": 0,
                                            "Actual Startup Time": 82.823,
                                            "Actual Total Time": 166.584,
                                            "Actual Rows": 254603,
                                            "Actual Loops": 1
                                        },
                                        {
                                            "Worker Number": 1,
                                            "Actual Startup Time": 83.025,
                                            "Actual Total Time": 167.886,
                                            "Actual Rows": 239723,
                                            "Actual Loops": 1
                                        },
                                        {
                                            "Worker Number": 2,
                                            "Actual Startup Time": 83.831,
                                            "Actual Total Time": 167.391,
                                            "Actual Rows": 258003,
                                            "Actual Loops": 1
                                        },
                                        {
                                            "Worker Number": 3,
                                            "Actual Startup Time": 83.557,
                                            "Actual Total Time": 167.987,
                                            "Actual Rows": 346637,
                                            "Actual Loops": 1
                                        },
                                        {
                                            "Worker Number": 4,
                                            "Actual Startup Time": 83.635,
                                            "Actual Total Time": 168.385,
                                            "Actual Rows": 243848,
                                            "Actual Loops": 1
                                        },
                                        {
                                            "Worker Number": 5,
                                            "Actual Startup Time": 84.22,
                                            "Actual Total Time": 168.477,
                                            "Actual Rows": 347704,
                                            "Actual Loops": 1
                                        }
                                    ],
                                    "Plans": [
                                        {
                                            "Node Type": "Bitmap Index Scan",
                                            "Parent Relationship": "Outer",
                                            "Parallel Aware": false,
                                            "Index Name": "person_id_cast_info",
                                            "Startup Cost": 0.0,
                                            "Total Cost": 49703.23,
                                            "Plan Rows": 2277155,
                                            "Plan Width": 0,
                                            "Actual Startup Time": 91.262,
                                            "Actual Total Time": 91.263,
                                            "Actual Rows": 2280470,
                                            "Actual Loops": 1,
                                            "Index Cond": "(ci.person_id < 222229)"
                                        }
                                    ]
                                }
                            ]
                        }
                    ]
                }
            ]
        },
        "Planning Time": 222.27,
        "Triggers": [],
        "Execution Time": 207.297
    }
]