[
  {
    "Plan": {
      "Node Type": "Aggregate",
      "Strategy": "Plain",
      "Partial Mode": "Finalize",
      "Parallel Aware": false,
      "Startup Cost": 134305.15,
      "Total Cost": 134305.16,
      "Plan Rows": 1,
      "Plan Width": 8,
      "Actual Startup Time": 964.154,
      "Actual Total Time": 1010.246,
      "Actual Rows": 1,
      "Actual Loops": 1,
      "Plans": [
        {
          "Node Type": "Gather",
          "Parent Relationship": "Outer",
          "Parallel Aware": false,
          "Startup Cost": 134304.73,
          "Total Cost": 134305.14,
          "Plan Rows": 4,
          "Plan Width": 8,
          "Actual Startup Time": 962.951,
          "Actual Total Time": 1010.235,
          "Actual Rows": 5,
          "Actual Loops": 1,
          "Workers Planned": 4,
          "Workers Launched": 4,
          "Single Copy": false,
          "Plans": [
            {
              "Node Type": "Aggregate",
              "Strategy": "Plain",
              "Partial Mode": "Partial",
              "Parent Relationship": "Outer",
              "Parallel Aware": false,
              "Startup Cost": 133304.73,
              "Total Cost": 133304.74,
              "Plan Rows": 1,
              "Plan Width": 8,
              "Actual Startup Time": 952.811,
              "Actual Total Time": 952.864,
              "Actual Rows": 1,
              "Actual Loops": 5,
              "Plans": [
                {
                  "Node Type": "Nested Loop",
                  "Parent Relationship": "Outer",
                  "Parallel Aware": false,
                  "Join Type": "Inner",
                  "Startup Cost": 25905.76,
                  "Total Cost": 132840.5,
                  "Plan Rows": 185690,
                  "Plan Width": 0,
                  "Actual Startup Time": 159.932,
                  "Actual Total Time": 914.324,
                  "Actual Rows": 882782,
                  "Actual Loops": 5,
                  "Inner Unique": false,
                  "Plans": [
                    {
                      "Node Type": "Hash Join",
                      "Parent Relationship": "Outer",
                      "Parallel Aware": true,
                      "Join Type": "Inner",
                      "Startup Cost": 25905.32,
                      "Total Cost": 71486.86,
                      "Plan Rows": 31756,
                      "Plan Width": 8,
                      "Actual Startup Time": 159.836,
                      "Actual Total Time": 262.708,
                      "Actual Rows": 49550,
                      "Actual Loops": 5,
                      "Inner Unique": false,
                      "Hash Cond": "(t.id = mc.movie_id)",
                      "Plans": [
                        {
                          "Node Type": "Seq Scan",
                          "Parent Relationship": "Outer",
                          "Parallel Aware": true,
                          "Relation Name": "title",
                          "Alias": "t",
                          "Startup Cost": 0.0,
                          "Total Cost": 42318.73,
                          "Plan Rows": 632073,
                          "Plan Width": 4,
                          "Actual Startup Time": 0.011,
                          "Actual Total Time": 64.808,
                          "Actual Rows": 505662,
                          "Actual Loops": 5
                        },
                        {
                          "Node Type": "Hash",
                          "Parent Relationship": "Inner",
                          "Parallel Aware": true,
                          "Startup Cost": 25393.12,
                          "Total Cost": 25393.12,
                          "Plan Rows": 40976,
                          "Plan Width": 4,
                          "Actual Startup Time": 72.909,
                          "Actual Total Time": 72.911,
                          "Actual Rows": 49550,
                          "Actual Loops": 5,
                          "Hash Buckets": 262144,
                          "Original Hash Buckets": 131072,
                          "Hash Batches": 1,
                          "Original Hash Batches": 1,
                          "Peak Memory Usage": 12832,
                          "Plans": [
                            {
                              "Node Type": "Bitmap Heap Scan",
                              "Parent Relationship": "Outer",
                              "Parallel Aware": true,
                              "Relation Name": "movie_companies",
                              "Alias": "mc",
                              "Startup Cost": 5392.56,
                              "Total Cost": 25393.12,
                              "Plan Rows": 40976,
                              "Plan Width": 4,
                              "Actual Startup Time": 19.576,
                              "Actual Total Time": 47.336,
                              "Actual Rows": 49550,
                              "Actual Loops": 5,
                              "Recheck Cond": "(company_id > 101525)",
                              "Rows Removed by Index Recheck": 0,
                              "Filter": "(company_type_id = 2)",
                              "Rows Removed by Filter": 0,
                              "Exact Heap Blocks": 1787,
                              "Lossy Heap Blocks": 0,
                              "Plans": [
                                {
                                  "Node Type": "Bitmap Index Scan",
                                  "Parent Relationship": "Outer",
                                  "Parallel Aware": false,
                                  "Index Name": "company_id_movie_companies",
                                  "Startup Cost": 0.0,
                                  "Total Cost": 5360.8,
                                  "Plan Rows": 250183,
                                  "Plan Width": 0,
                                  "Actual Startup Time": 23.337,
                                  "Actual Total Time": 23.337,
                                  "Actual Rows": 247748,
                                  "Actual Loops": 1,
                                  "Index Cond": "(company_id > 101525)"
                                }
                              ]
                            }
                          ]
                        }
                      ]
                    },
                    {
                      "Node Type": "Index Only Scan",
                      "Parent Relationship": "Inner",
                      "Parallel Aware": false,
                      "Scan Direction": "Forward",
                      "Index Name": "movie_id_movie_info",
                      "Relation Name": "movie_info",
                      "Alias": "mi",
                      "Startup Cost": 0.43,
                      "Total Cost": 1.51,
                      "Plan Rows": 42,
                      "Plan Width": 4,
                      "Actual Startup Time": 0.004,
                      "Actual Total Time": 0.012,
                      "Actual Rows": 18,
                      "Actual Loops": 247748,
                      "Index Cond": "(movie_id = t.id)",
                      "Rows Removed by Index Recheck": 0,
                      "Heap Fetches": 4413912
                    }
                  ]
                }
              ]
            }
          ]
        }
      ]
    },
    "Planning Time": 1.414,
    "Triggers": [],
    "Execution Time": 1010.39
  }
]