[
  {
    "Plan": {
      "Node Type": "Aggregate",
      "Strategy": "Plain",
      "Partial Mode": "Finalize",
      "Parallel Aware": false,
      "Startup Cost": 341373.88,
      "Total Cost": 341373.89,
      "Plan Rows": 1,
      "Plan Width": 8,
      "Actual Startup Time": 1013.78,
      "Actual Total Time": 1062.451,
      "Actual Rows": 1,
      "Actual Loops": 1,
      "Plans": [
        {
          "Node Type": "Gather",
          "Parent Relationship": "Outer",
          "Parallel Aware": false,
          "Startup Cost": 341373.25,
          "Total Cost": 341373.86,
          "Plan Rows": 6,
          "Plan Width": 8,
          "Actual Startup Time": 1013.605,
          "Actual Total Time": 1062.434,
          "Actual Rows": 7,
          "Actual Loops": 1,
          "Workers Planned": 6,
          "Workers Launched": 6,
          "Single Copy": false,
          "Plans": [
            {
              "Node Type": "Aggregate",
              "Strategy": "Plain",
              "Partial Mode": "Partial",
              "Parent Relationship": "Outer",
              "Parallel Aware": false,
              "Startup Cost": 340373.25,
              "Total Cost": 340373.26,
              "Plan Rows": 1,
              "Plan Width": 8,
              "Actual Startup Time": 1004.961,
              "Actual Total Time": 1004.962,
              "Actual Rows": 1,
              "Actual Loops": 7,
              "Plans": [
                {
                  "Node Type": "Seq Scan",
                  "Parent Relationship": "Outer",
                  "Parallel Aware": true,
                  "Relation Name": "cast_info",
                  "Alias": "ci",
                  "Startup Cost": 0.0,
                  "Total Cost": 328211.39,
                  "Plan Rows": 4864745,
                  "Plan Width": 0,
                  "Actual Startup Time": 107.39,
                  "Actual Total Time": 751.167,
                  "Actual Rows": 4149104,
                  "Actual Loops": 7,
                  "Filter": "(person_id > 695293)",
                  "Rows Removed by Filter": 1028660
                }
              ]
            }
          ]
        }
      ]
    },
    "Planning Time": 0.103,
    "Triggers": [],
    "Execution Time": 1062.501
  }
]