[
  {
    "Plan": {
      "Node Type": "Aggregate",
      "Strategy": "Plain",
      "Partial Mode": "Finalize",
      "Parallel Aware": false,
      "Startup Cost": 252753.68,
      "Total Cost": 252753.69,
      "Plan Rows": 1,
      "Plan Width": 8,
      "Actual Startup Time": 759.116,
      "Actual Total Time": 799.025,
      "Actual Rows": 1,
      "Actual Loops": 1,
      "Plans": [
        {
          "Node Type": "Gather",
          "Parent Relationship": "Outer",
          "Parallel Aware": false,
          "Startup Cost": 252753.16,
          "Total Cost": 252753.67,
          "Plan Rows": 5,
          "Plan Width": 8,
          "Actual Startup Time": 746.856,
          "Actual Total Time": 799.007,
          "Actual Rows": 6,
          "Actual Loops": 1,
          "Workers Planned": 5,
          "Workers Launched": 5,
          "Single Copy": false,
          "Plans": [
            {
              "Node Type": "Aggregate",
              "Strategy": "Plain",
              "Partial Mode": "Partial",
              "Parent Relationship": "Outer",
              "Parallel Aware": false,
              "Startup Cost": 251753.16,
              "Total Cost": 251753.17,
              "Plan Rows": 1,
              "Plan Width": 8,
              "Actual Startup Time": 734.936,
              "Actual Total Time": 734.941,
              "Actual Rows": 1,
              "Actual Loops": 6,
              "Plans": [
                {
                  "Node Type": "Hash Join",
                  "Parent Relationship": "Outer",
                  "Parallel Aware": true,
                  "Join Type": "Inner",
                  "Startup Cost": 49719.09,
                  "Total Cost": 250763.67,
                  "Plan Rows": 395793,
                  "Plan Width": 0,
                  "Actual Startup Time": 223.55,
                  "Actual Total Time": 730.935,
                  "Actual Rows": 84990,
                  "Actual Loops": 6,
                  "Inner Unique": true,
                  "Hash Cond": "(mi.movie_id = t.id)",
                  "Plans": [
                    {
                      "Node Type": "Seq Scan",
                      "Parent Relationship": "Outer",
                      "Parallel Aware": true,
                      "Relation Name": "movie_info",
                      "Alias": "mi",
                      "Startup Cost": 0.0,
                      "Total Cost": 199108.24,
                      "Plan Rows": 737655,
                      "Plan Width": 4,
                      "Actual Startup Time": 29.432,
                      "Actual Total Time": 366.309,
                      "Actual Rows": 604163,
                      "Actual Loops": 6,
                      "Filter": "(info_type_id < 4)",
                      "Rows Removed by Filter": 1868457
                    },
                    {
                      "Node Type": "Hash",
                      "Parent Relationship": "Inner",
                      "Parallel Aware": true,
                      "Startup Cost": 45479.59,
                      "Total Cost": 45479.59,
                      "Plan Rows": 339160,
                      "Plan Width": 4,
                      "Actual Startup Time": 189.385,
                      "Actual Total Time": 189.386,
                      "Actual Rows": 221297,
                      "Actual Loops": 6,
                      "Hash Buckets": 2097152,
                      "Original Hash Buckets": 2097152,
                      "Hash Batches": 1,
                      "Original Hash Batches": 1,
                      "Peak Memory Usage": 68416,
                      "Plans": [
                        {
                          "Node Type": "Seq Scan",
                          "Parent Relationship": "Outer",
                          "Parallel Aware": true,
                          "Relation Name": "title",
                          "Alias": "t",
                          "Startup Cost": 0.0,
                          "Total Cost": 45479.59,
                          "Plan Rows": 339160,
                          "Plan Width": 4,
                          "Actual Startup Time": 0.045,
                          "Actual Total Time": 87.648,
                          "Actual Rows": 221297,
                          "Actual Loops": 6,
                          "Filter": "((production_year < 2012) AND (kind_id = 7))",
                          "Rows Removed by Filter": 200088
                        }
                      ]
                    }
                  ]
                }
              ]
            }
          ]
        }
      ]
    },
    "Planning Time": 0.392,
    "Triggers": [],
    "Execution Time": 799.082
  }
]