{
    "Plan": {
        "Node Type": "Aggregate",
        "Strategy": "Plain",
        "Partial Mode": "Simple",
        "Parallel Aware": false,
        "Startup Cost": 60008869146.52,
        "Total Cost": 60008869146.53,
        "Plan Rows": 1,
        "Plan Width": 96,
        "Actual Startup Time": 18464.418,
        "Actual Total Time": 18464.433,
        "Actual Rows": 1,
        "Actual Loops": 1,
        "Output": [
            "min(mi.info)",
            "min(miidx.info)",
            "min(t.title)"
        ],
        "Plans": [
            {
                "Node Type": "Hash Join",
                "Parent Relationship": "Outer",
                "Parallel Aware": false,
                "Join Type": "Inner",
                "Startup Cost": 60008869129.91,
                "Total Cost": 60008869144.82,
                "Plan Rows": 226,
                "Plan Width": 65,
                "Actual Startup Time": 18459.082,
                "Actual Total Time": 18461.693,
                "Actual Rows": 28471,
                "Actual Loops": 1,
                "Output": [
                    "mi.info",
                    "miidx.info",
                    "t.title"
                ],
                "Inner Unique": false,
                "Hash Cond": "(ct.id = mc.company_type_id)",
                "Plans": [
                    {
                        "Node Type": "Index Scan",
                        "Parent Relationship": "Outer",
                        "Parallel Aware": false,
                        "Scan Direction": "Forward",
                        "Index Name": "company_type_pkey",
                        "Relation Name": "company_type",
                        "Schema": "public",
                        "Alias": "ct",
                        "Startup Cost": 10000000000.13,
                        "Total Cost": 10000000012.2,
                        "Plan Rows": 1,
                        "Plan Width": 4,
                        "Actual Startup Time": 0.019,
                        "Actual Total Time": 0.028,
                        "Actual Rows": 1,
                        "Actual Loops": 1,
                        "Output": [
                            "ct.id",
                            "ct.kind"
                        ],
                        "Filter": "((ct.kind)::text = 'production companies'::text)",
                        "Rows Removed by Filter": 3
                    },
                    {
                        "Node Type": "Hash",
                        "Parent Relationship": "Inner",
                        "Parallel Aware": false,
                        "Startup Cost": 50008869118.5,
                        "Total Cost": 50008869118.5,
                        "Plan Rows": 903,
                        "Plan Width": 69,
                        "Actual Startup Time": 18459.053,
                        "Actual Total Time": 18459.066,
                        "Actual Rows": 68856,
                        "Actual Loops": 1,
                        "Output": [
                            "mc.company_type_id",
                            "mi.info",
                            "miidx.info",
                            "t.title"
                        ],
                        "Hash Buckets": 131072,
                        "Original Hash Buckets": 1024,
                        "Hash Batches": 1,
                        "Original Hash Batches": 1,
                        "Peak Memory Usage": 6194,
                        "Plans": [
                            {
                                "Node Type": "Merge Join",
                                "Parent Relationship": "Outer",
                                "Parallel Aware": false,
                                "Join Type": "Inner",
                                "Startup Cost": 50008868599.27,
                                "Total Cost": 50008869118.5,
                                "Plan Rows": 903,
                                "Plan Width": 69,
                                "Actual Startup Time": 18422.623,
                                "Actual Total Time": 18442.942,
                                "Actual Rows": 68856,
                                "Actual Loops": 1,
                                "Output": [
                                    "mc.company_type_id",
                                    "mi.info",
                                    "miidx.info",
                                    "t.title"
                                ],
                                "Inner Unique": false,
                                "Merge Cond": "(it2.id = mi.info_type_id)",
                                "Plans": [
                                    {
                                        "Node Type": "Sort",
                                        "Parent Relationship": "Outer",
                                        "Parallel Aware": false,
                                        "Startup Cost": 10000000002.42,
                                        "Total Cost": 10000000002.43,
                                        "Plan Rows": 1,
                                        "Plan Width": 4,
                                        "Actual Startup Time": 0.045,
                                        "Actual Total Time": 0.046,
                                        "Actual Rows": 1,
                                        "Actual Loops": 1,
                                        "Output": [
                                            "it2.id"
                                        ],
                                        "Sort Key": [
                                            "it2.id"
                                        ],
                                        "Sort Method": "quicksort",
                                        "Sort Space Used": 25,
                                        "Sort Space Type": "Memory",
                                        "Plans": [
                                            {
                                                "Node Type": "Seq Scan",
                                                "Parent Relationship": "Outer",
                                                "Parallel Aware": false,
                                                "Relation Name": "info_type",
                                                "Schema": "public",
                                                "Alias": "it2",
                                                "Startup Cost": 10000000000.0,
                                                "Total Cost": 10000000002.41,
                                                "Plan Rows": 1,
                                                "Plan Width": 4,
                                                "Actual Startup Time": 0.022,
                                                "Actual Total Time": 0.036,
                                                "Actual Rows": 1,
                                                "Actual Loops": 1,
                                                "Output": [
                                                    "it2.id"
                                                ],
                                                "Filter": "((it2.info)::text = 'release dates'::text)",
                                                "Rows Removed by Filter": 112
                                            }
                                        ]
                                    },
                                    {
                                        "Node Type": "Sort",
                                        "Parent Relationship": "Inner",
                                        "Parallel Aware": false,
                                        "Startup Cost": 40008868596.85,
                                        "Total Cost": 40008868851.94,
                                        "Plan Rows": 102038,
                                        "Plan Width": 73,
                                        "Actual Startup Time": 18266.854,
                                        "Actual Total Time": 18365.565,
                                        "Actual Rows": 721737,
                                        "Actual Loops": 1,
                                        "Output": [
                                            "mc.company_type_id",
                                            "mi.info",
                                            "mi.info_type_id",
                                            "miidx.info",
                                            "t.title"
                                        ],
                                        "Sort Key": [
                                            "mi.info_type_id"
                                        ],
                                        "Sort Method": "quicksort",
                                        "Sort Space Used": 299365,
                                        "Sort Space Type": "Memory",
                                        "Plans": [
                                            {
                                                "Node Type": "Hash Join",
                                                "Parent Relationship": "Outer",
                                                "Parallel Aware": false,
                                                "Join Type": "Inner",
                                                "Startup Cost": 40008144605.15,
                                                "Total Cost": 40008860107.92,
                                                "Plan Rows": 102038,
                                                "Plan Width": 73,
                                                "Actual Startup Time": 17636.015,
                                                "Actual Total Time": 17988.518,
                                                "Actual Rows": 1085507,
                                                "Actual Loops": 1,
                                                "Output": [
                                                    "mc.company_type_id",
                                                    "mi.info",
                                                    "mi.info_type_id",
                                                    "miidx.info",
                                                    "t.title"
                                                ],
                                                "Inner Unique": false,
                                                "Hash Cond": "(cn.id = mc.company_id)",
                                                "Plans": [
                                                    {
                                                        "Node Type": "Seq Scan",
                                                        "Parent Relationship": "Outer",
                                                        "Parallel Aware": false,
                                                        "Relation Name": "company_name",
                                                        "Schema": "public",
                                                        "Alias": "cn",
                                                        "Startup Cost": 0.0,
                                                        "Total Cost": 5932.46,
                                                        "Plan Rows": 84301,
                                                        "Plan Width": 4,
                                                        "Actual Startup Time": 0.016,
                                                        "Actual Total Time": 27.07,
                                                        "Actual Rows": 84843,
                                                        "Actual Loops": 1,
                                                        "Output": [
                                                            "cn.id",
                                                            "cn.name",
                                                            "cn.country_code",
                                                            "cn.imdb_id",
                                                            "cn.name_pcode_nf",
                                                            "cn.name_pcode_sf",
                                                            "cn.md5sum"
                                                        ],
                                                        "Filter": "((cn.country_code)::text = '[us]'::text)",
                                                        "Rows Removed by Filter": 150154
                                                    },
                                                    {
                                                        "Node Type": "Hash",
                                                        "Parent Relationship": "Inner",
                                                        "Parallel Aware": false,
                                                        "Startup Cost": 40008141049.55,
                                                        "Total Cost": 40008141049.55,
                                                        "Plan Rows": 284448,
                                                        "Plan Width": 77,
                                                        "Actual Startup Time": 17635.236,
                                                        "Actual Total Time": 17635.246,
                                                        "Actual Rows": 2736250,
                                                        "Actual Loops": 1,
                                                        "Output": [
                                                            "miidx.info",
                                                            "mc.company_id",
                                                            "mc.company_type_id",
                                                            "mi.info",
                                                            "mi.info_type_id",
                                                            "t.title"
                                                        ],
                                                        "Hash Buckets": 4194304,
                                                        "Original Hash Buckets": 524288,
                                                        "Hash Batches": 1,
                                                        "Original Hash Batches": 1,
                                                        "Peak Memory Usage": 473468,
                                                        "Plans": [
                                                            {
                                                                "Node Type": "Merge Join",
                                                                "Parent Relationship": "Outer",
                                                                "Parallel Aware": false,
                                                                "Join Type": "Inner",
                                                                "Startup Cost": 40008066464.65,
                                                                "Total Cost": 40008141049.55,
                                                                "Plan Rows": 284448,
                                                                "Plan Width": 77,
                                                                "Actual Startup Time": 14854.688,
                                                                "Actual Total Time": 17026.083,
                                                                "Actual Rows": 2736250,
                                                                "Actual Loops": 1,
                                                                "Output": [
                                                                    "miidx.info",
                                                                    "mc.company_id",
                                                                    "mc.company_type_id",
                                                                    "mi.info",
                                                                    "mi.info_type_id",
                                                                    "t.title"
                                                                ],
                                                                "Inner Unique": false,
                                                                "Merge Cond": "(mi.movie_id = t.id)",
                                                                "Plans": [
                                                                    {
                                                                        "Node Type": "Sort",
                                                                        "Parent Relationship": "Outer",
                                                                        "Parallel Aware": false,
                                                                        "Startup Cost": 2066485.48,
                                                                        "Total Cost": 2103373.22,
                                                                        "Plan Rows": 14755095,
                                                                        "Plan Width": 51,
                                                                        "Actual Startup Time": 5622.309,
                                                                        "Actual Total Time": 6368.47,
                                                                        "Actual Rows": 14834103,
                                                                        "Actual Loops": 1,
                                                                        "Output": [
                                                                            "mi.info",
                                                                            "mi.movie_id",
                                                                            "mi.info_type_id"
                                                                        ],
                                                                        "Sort Key": [
                                                                            "mi.movie_id"
                                                                        ],
                                                                        "Sort Method": "quicksort",
                                                                        "Sort Space Used": 1988368,
                                                                        "Sort Space Type": "Memory",
                                                                        "Plans": [
                                                                            {
                                                                                "Node Type": "Seq Scan",
                                                                                "Parent Relationship": "Outer",
                                                                                "Parallel Aware": false,
                                                                                "Relation Name": "movie_info",
                                                                                "Schema": "public",
                                                                                "Alias": "mi",
                                                                                "Startup Cost": 0.0,
                                                                                "Total Cost": 309543.95,
                                                                                "Plan Rows": 14755095,
                                                                                "Plan Width": 51,
                                                                                "Actual Startup Time": 0.02,
                                                                                "Actual Total Time": 1989.331,
                                                                                "Actual Rows": 14835720,
                                                                                "Actual Loops": 1,
                                                                                "Output": [
                                                                                    "mi.info",
                                                                                    "mi.movie_id",
                                                                                    "mi.info_type_id"
                                                                                ]
                                                                            }
                                                                        ]
                                                                    },
                                                                    {
                                                                        "Node Type": "Sort",
                                                                        "Parent Relationship": "Inner",
                                                                        "Parallel Aware": false,
                                                                        "Startup Cost": 40005999971.8,
                                                                        "Total Cost": 40005999995.13,
                                                                        "Plan Rows": 9331,
                                                                        "Plan Width": 42,
                                                                        "Actual Startup Time": 9232.361,
                                                                        "Actual Total Time": 9354.845,
                                                                        "Actual Rows": 2736245,
                                                                        "Actual Loops": 1,
                                                                        "Output": [
                                                                            "miidx.info",
                                                                            "miidx.movie_id",
                                                                            "mc.movie_id",
                                                                            "mc.company_id",
                                                                            "mc.company_type_id",
                                                                            "t.title",
                                                                            "t.id"
                                                                        ],
                                                                        "Sort Key": [
                                                                            "miidx.movie_id"
                                                                        ],
                                                                        "Sort Method": "quicksort",
                                                                        "Sort Space Used": 12812,
                                                                        "Sort Space Type": "Memory",
                                                                        "Plans": [
                                                                            {
                                                                                "Node Type": "Hash Join",
                                                                                "Parent Relationship": "Outer",
                                                                                "Parallel Aware": false,
                                                                                "Join Type": "Inner",
                                                                                "Startup Cost": 40005999212.62,
                                                                                "Total Cost": 40005999356.52,
                                                                                "Plan Rows": 9331,
                                                                                "Plan Width": 42,
                                                                                "Actual Startup Time": 9197.413,
                                                                                "Actual Total Time": 9210.25,
                                                                                "Actual Rows": 109950,
                                                                                "Actual Loops": 1,
                                                                                "Output": [
                                                                                    "miidx.info",
                                                                                    "miidx.movie_id",
                                                                                    "mc.movie_id",
                                                                                    "mc.company_id",
                                                                                    "mc.company_type_id",
                                                                                    "t.title",
                                                                                    "t.id"
                                                                                ],
                                                                                "Inner Unique": false,
                                                                                "Hash Cond": "(kt.id = t.kind_id)",
                                                                                "Plans": [
                                                                                    {
                                                                                        "Node Type": "Seq Scan",
                                                                                        "Parent Relationship": "Outer",
                                                                                        "Parallel Aware": false,
                                                                                        "Relation Name": "kind_type",
                                                                                        "Schema": "public",
                                                                                        "Alias": "kt",
                                                                                        "Startup Cost": 10000000000.0,
                                                                                        "Total Cost": 10000000001.09,
                                                                                        "Plan Rows": 1,
                                                                                        "Plan Width": 4,
                                                                                        "Actual Startup Time": 0.019,
                                                                                        "Actual Total Time": 0.026,
                                                                                        "Actual Rows": 1,
                                                                                        "Actual Loops": 1,
                                                                                        "Output": [
                                                                                            "kt.id",
                                                                                            "kt.kind"
                                                                                        ],
                                                                                        "Filter": "((kt.kind)::text = 'tv series'::text)",
                                                                                        "Rows Removed by Filter": 6
                                                                                    },
                                                                                    {
                                                                                        "Node Type": "Hash",
                                                                                        "Parent Relationship": "Inner",
                                                                                        "Parallel Aware": false,
                                                                                        "Startup Cost": 30005998396.13,
                                                                                        "Total Cost": 30005998396.13,
                                                                                        "Plan Rows": 65319,
                                                                                        "Plan Width": 46,
                                                                                        "Actual Startup Time": 9197.299,
                                                                                        "Actual Total Time": 9197.304,
                                                                                        "Actual Rows": 1354883,
                                                                                        "Actual Loops": 1,
                                                                                        "Output": [
                                                                                            "miidx.info",
                                                                                            "miidx.movie_id",
                                                                                            "mc.movie_id",
                                                                                            "mc.company_id",
                                                                                            "mc.company_type_id",
                                                                                            "t.title",
                                                                                            "t.id",
                                                                                            "t.kind_id"
                                                                                        ],
                                                                                        "Hash Buckets": 2097152,
                                                                                        "Original Hash Buckets": 65536,
                                                                                        "Hash Batches": 1,
                                                                                        "Original Hash Batches": 1,
                                                                                        "Peak Memory Usage": 122149,
                                                                                        "Plans": [
                                                                                            {
                                                                                                "Node Type": "Merge Join",
                                                                                                "Parent Relationship": "Outer",
                                                                                                "Parallel Aware": false,
                                                                                                "Join Type": "Inner",
                                                                                                "Startup Cost": 30000000001.47,
                                                                                                "Total Cost": 30005998396.13,
                                                                                                "Plan Rows": 65319,
                                                                                                "Plan Width": 46,
                                                                                                "Actual Startup Time": 0.105,
                                                                                                "Actual Total Time": 8823.994,
                                                                                                "Actual Rows": 1354883,
                                                                                                "Actual Loops": 1,
                                                                                                "Output": [
                                                                                                    "miidx.info",
                                                                                                    "miidx.movie_id",
                                                                                                    "mc.movie_id",
                                                                                                    "mc.company_id",
                                                                                                    "mc.company_type_id",
                                                                                                    "t.title",
                                                                                                    "t.id",
                                                                                                    "t.kind_id"
                                                                                                ],
                                                                                                "Inner Unique": false,
                                                                                                "Merge Cond": "(t.id = mc.movie_id)",
                                                                                                "Plans": [
                                                                                                    {
                                                                                                        "Node Type": "Nested Loop",
                                                                                                        "Parent Relationship": "Outer",
                                                                                                        "Parallel Aware": false,
                                                                                                        "Join Type": "Inner",
                                                                                                        "Startup Cost": 30000000001.04,
                                                                                                        "Total Cost": 30005856621.33,
                                                                                                        "Plan Rows": 12213,
                                                                                                        "Plan Width": 34,
                                                                                                        "Actual Startup Time": 0.086,
                                                                                                        "Actual Total Time": 7745.144,
                                                                                                        "Actual Rows": 459918,
                                                                                                        "Actual Loops": 1,
                                                                                                        "Output": [
                                                                                                            "miidx.info",
                                                                                                            "miidx.movie_id",
                                                                                                            "t.title",
                                                                                                            "t.id",
                                                                                                            "t.kind_id"
                                                                                                        ],
                                                                                                        "Inner Unique": true,
                                                                                                        "Plans": [
                                                                                                            {
                                                                                                                "Node Type": "Nested Loop",
                                                                                                                "Parent Relationship": "Outer",
                                                                                                                "Parallel Aware": false,
                                                                                                                "Join Type": "Inner",
                                                                                                                "Startup Cost": 20000000000.58,
                                                                                                                "Total Cost": 20005801951.73,
                                                                                                                "Plan Rows": 12213,
                                                                                                                "Plan Width": 9,
                                                                                                                "Actual Startup Time": 0.066,
                                                                                                                "Actual Total Time": 5461.574,
                                                                                                                "Actual Rows": 459918,
                                                                                                                "Actual Loops": 1,
                                                                                                                "Output": [
                                                                                                                    "miidx.info",
                                                                                                                    "miidx.movie_id"
                                                                                                                ],
                                                                                                                "Inner Unique": true,
                                                                                                                "Plans": [
                                                                                                                    {
                                                                                                                        "Node Type": "Index Scan",
                                                                                                                        "Parent Relationship": "Outer",
                                                                                                                        "Parallel Aware": false,
                                                                                                                        "Scan Direction": "Forward",
                                                                                                                        "Index Name": "movie_id_movie_info_idx",
                                                                                                                        "Relation Name": "movie_info_idx",
                                                                                                                        "Schema": "public",
                                                                                                                        "Alias": "miidx",
                                                                                                                        "Startup Cost": 10000000000.43,
                                                                                                                        "Total Cost": 10000053630.81,
                                                                                                                        "Plan Rows": 1380035,
                                                                                                                        "Plan Width": 13,
                                                                                                                        "Actual Startup Time": 0.036,
                                                                                                                        "Actual Total Time": 345.718,
                                                                                                                        "Actual Rows": 1380014,
                                                                                                                        "Actual Loops": 1,
                                                                                                                        "Output": [
                                                                                                                            "miidx.id",
                                                                                                                            "miidx.movie_id",
                                                                                                                            "miidx.info_type_id",
                                                                                                                            "miidx.info",
                                                                                                                            "miidx.note"
                                                                                                                        ]
                                                                                                                    },
                                                                                                                    {
                                                                                                                        "Node Type": "Bitmap Heap Scan",
                                                                                                                        "Parent Relationship": "Inner",
                                                                                                                        "Parallel Aware": false,
                                                                                                                        "Relation Name": "info_type",
                                                                                                                        "Schema": "public",
                                                                                                                        "Alias": "it",
                                                                                                                        "Startup Cost": 0.15,
                                                                                                                        "Total Cost": 4.17,
                                                                                                                        "Plan Rows": 1,
                                                                                                                        "Plan Width": 4,
                                                                                                                        "Actual Startup Time": 0.002,
                                                                                                                        "Actual Total Time": 0.002,
                                                                                                                        "Actual Rows": 0,
                                                                                                                        "Actual Loops": 1380014,
                                                                                                                        "Output": [
                                                                                                                            "it.id",
                                                                                                                            "it.info"
                                                                                                                        ],
                                                                                                                        "Recheck Cond": "(it.id = miidx.info_type_id)",
                                                                                                                        "Rows Removed by Index Recheck": 0,
                                                                                                                        "Filter": "((it.info)::text = 'rating'::text)",
                                                                                                                        "Rows Removed by Filter": 1,
                                                                                                                        "Exact Heap Blocks": 1380014,
                                                                                                                        "Lossy Heap Blocks": 0,
                                                                                                                        "Plans": [
                                                                                                                            {
                                                                                                                                "Node Type": "Bitmap Index Scan",
                                                                                                                                "Parent Relationship": "Outer",
                                                                                                                                "Parallel Aware": false,
                                                                                                                                "Index Name": "info_type_pkey",
                                                                                                                                "Startup Cost": 0.0,
                                                                                                                                "Total Cost": 0.15,
                                                                                                                                "Plan Rows": 1,
                                                                                                                                "Plan Width": 0,
                                                                                                                                "Actual Startup Time": 0.001,
                                                                                                                                "Actual Total Time": 0.001,
                                                                                                                                "Actual Rows": 1,
                                                                                                                                "Actual Loops": 1380014,
                                                                                                                                "Index Cond": "(it.id = miidx.info_type_id)"
                                                                                                                            }
                                                                                                                        ]
                                                                                                                    }
                                                                                                                ]
                                                                                                            },
                                                                                                            {
                                                                                                                "Node Type": "Bitmap Heap Scan",
                                                                                                                "Parent Relationship": "Inner",
                                                                                                                "Parallel Aware": false,
                                                                                                                "Relation Name": "title",
                                                                                                                "Schema": "public",
                                                                                                                "Alias": "t",
                                                                                                                "Startup Cost": 0.46,
                                                                                                                "Total Cost": 4.48,
                                                                                                                "Plan Rows": 1,
                                                                                                                "Plan Width": 25,
                                                                                                                "Actual Startup Time": 0.003,
                                                                                                                "Actual Total Time": 0.003,
                                                                                                                "Actual Rows": 1,
                                                                                                                "Actual Loops": 459918,
                                                                                                                "Output": [
                                                                                                                    "t.id",
                                                                                                                    "t.title",
                                                                                                                    "t.imdb_index",
                                                                                                                    "t.kind_id",
                                                                                                                    "t.production_year",
                                                                                                                    "t.imdb_id",
                                                                                                                    "t.phonetic_code",
                                                                                                                    "t.episode_of_id",
                                                                                                                    "t.season_nr",
                                                                                                                    "t.episode_nr",
                                                                                                                    "t.series_years",
                                                                                                                    "t.md5sum"
                                                                                                                ],
                                                                                                                "Recheck Cond": "(t.id = miidx.movie_id)",
                                                                                                                "Rows Removed by Index Recheck": 0,
                                                                                                                "Exact Heap Blocks": 459918,
                                                                                                                "Lossy Heap Blocks": 0,
                                                                                                                "Plans": [
                                                                                                                    {
                                                                                                                        "Node Type": "Bitmap Index Scan",
                                                                                                                        "Parent Relationship": "Outer",
                                                                                                                        "Parallel Aware": false,
                                                                                                                        "Index Name": "title_pkey",
                                                                                                                        "Startup Cost": 0.0,
                                                                                                                        "Total Cost": 0.46,
                                                                                                                        "Plan Rows": 1,
                                                                                                                        "Plan Width": 0,
                                                                                                                        "Actual Startup Time": 0.002,
                                                                                                                        "Actual Total Time": 0.002,
                                                                                                                        "Actual Rows": 1,
                                                                                                                        "Actual Loops": 459918,
                                                                                                                        "Index Cond": "(t.id = miidx.movie_id)"
                                                                                                                    }
                                                                                                                ]
                                                                                                            }
                                                                                                        ]
                                                                                                    },
                                                                                                    {
                                                                                                        "Node Type": "Index Scan",
                                                                                                        "Parent Relationship": "Inner",
                                                                                                        "Parallel Aware": false,
                                                                                                        "Scan Direction": "Forward",
                                                                                                        "Index Name": "movie_id_movie_companies",
                                                                                                        "Relation Name": "movie_companies",
                                                                                                        "Schema": "public",
                                                                                                        "Alias": "mc",
                                                                                                        "Startup Cost": 0.43,
                                                                                                        "Total Cost": 140849.93,
                                                                                                        "Plan Rows": 2609129,
                                                                                                        "Plan Width": 12,
                                                                                                        "Actual Startup Time": 0.016,
                                                                                                        "Actual Total Time": 670.601,
                                                                                                        "Actual Rows": 2609129,
                                                                                                        "Actual Loops": 1,
                                                                                                        "Output": [
                                                                                                            "mc.id",
                                                                                                            "mc.movie_id",
                                                                                                            "mc.company_id",
                                                                                                            "mc.company_type_id",
                                                                                                            "mc.note"
                                                                                                        ]
                                                                                                    }
                                                                                                ]
                                                                                            }
                                                                                        ]
                                                                                    }
                                                                                ]
                                                                            }
                                                                        ]
                                                                    }
                                                                ]
                                                            }
                                                        ]
                                                    }
                                                ]
                                            }
                                        ]
                                    }
                                ]
                            }
                        ]
                    }
                ]
            }
        ]
    },
    "Planning Time": 10.624,
    "Triggers": [],
    "Execution Time": 18469.683
}