[
    {
        "Bao": {
            "Bao prediction": "NaN",
            "Bao recommended hint": "(no hint)"
        }
    },
    {
        "Plan": {
            "Node Type": "Aggregate",
            "Strategy": "Plain",
            "Partial Mode": "Finalize",
            "Parallel Aware": false,
            "Startup Cost": 53108.21,
            "Total Cost": 53108.22,
            "Plan Rows": 1,
            "Plan Width": 8,
            "Actual Startup Time": 319.512,
            "Actual Total Time": 363.249,
            "Actual Rows": 1,
            "Actual Loops": 1,
            "Output": [
                "count(*)"
            ],
            "Plans": [
                {
                    "Node Type": "Gather",
                    "Parent Relationship": "Outer",
                    "Parallel Aware": false,
                    "Startup Cost": 53107.9,
                    "Total Cost": 53108.21,
                    "Plan Rows": 3,
                    "Plan Width": 8,
                    "Actual Startup Time": 319.254,
                    "Actual Total Time": 363.238,
                    "Actual Rows": 4,
                    "Actual Loops": 1,
                    "Output": [
                        "(PARTIAL count(*))"
                    ],
                    "Workers Planned": 3,
                    "Workers Launched": 3,
                    "Single Copy": false,
                    "Plans": [
                        {
                            "Node Type": "Aggregate",
                            "Strategy": "Plain",
                            "Partial Mode": "Partial",
                            "Parent Relationship": "Outer",
                            "Parallel Aware": false,
                            "Startup Cost": 52107.9,
                            "Total Cost": 52107.91,
                            "Plan Rows": 1,
                            "Plan Width": 8,
                            "Actual Startup Time": 310.393,
                            "Actual Total Time": 310.395,
                            "Actual Rows": 1,
                            "Actual Loops": 4,
                            "Output": [
                                "PARTIAL count(*)"
                            ],
                            "Workers": [
                                {
                                    "Worker Number": 0,
                                    "Actual Startup Time": 307.514,
                                    "Actual Total Time": 307.516,
                                    "Actual Rows": 1,
                                    "Actual Loops": 1
                                },
                                {
                                    "Worker Number": 1,
                                    "Actual Startup Time": 307.762,
                                    "Actual Total Time": 307.763,
                                    "Actual Rows": 1,
                                    "Actual Loops": 1
                                },
                                {
                                    "Worker Number": 2,
                                    "Actual Startup Time": 307.721,
                                    "Actual Total Time": 307.723,
                                    "Actual Rows": 1,
                                    "Actual Loops": 1
                                }
                            ],
                            "Plans": [
                                {
                                    "Node Type": "Nested Loop",
                                    "Parent Relationship": "Outer",
                                    "Parallel Aware": false,
                                    "Join Type": "Inner",
                                    "Startup Cost": 246.25,
                                    "Total Cost": 52002.09,
                                    "Plan Rows": 42321,
                                    "Plan Width": 0,
                                    "Actual Startup Time": 1.929,
                                    "Actual Total Time": 303.465,
                                    "Actual Rows": 99608,
                                    "Actual Loops": 4,
                                    "Inner Unique": false,
                                    "Workers": [
                                        {
                                            "Worker Number": 0,
                                            "Actual Startup Time": 0.65,
                                            "Actual Total Time": 299.945,
                                            "Actual Rows": 56034,
                                            "Actual Loops": 1
                                        },
                                        {
                                            "Worker Number": 1,
                                            "Actual Startup Time": 0.584,
                                            "Actual Total Time": 301.558,
                                            "Actual Rows": 81738,
                                            "Actual Loops": 1
                                        },
                                        {
                                            "Worker Number": 2,
                                            "Actual Startup Time": 0.587,
                                            "Actual Total Time": 301.325,
                                            "Actual Rows": 83573,
                                            "Actual Loops": 1
                                        }
                                    ],
                                    "Plans": [
                                        {
                                            "Node Type": "Nested Loop",
                                            "Parent Relationship": "Outer",
                                            "Parallel Aware": false,
                                            "Join Type": "Inner",
                                            "Startup Cost": 245.69,
                                            "Total Cost": 43718.64,
                                            "Plan Rows": 3697,
                                            "Plan Width": 8,
                                            "Actual Startup Time": 1.743,
                                            "Actual Total Time": 35.009,
                                            "Actual Rows": 2700,
                                            "Actual Loops": 4,
                                            "Output": [
                                                "t.id",
                                                "mk.movie_id"
                                            ],
                                            "Inner Unique": true,
                                            "Workers": [
                                                {
                                                    "Worker Number": 0,
                                                    "Actual Startup Time": 0.389,
                                                    "Actual Total Time": 34.53,
                                                    "Actual Rows": 1407,
                                                    "Actual Loops": 1
                                                },
                                                {
                                                    "Worker Number": 1,
                                                    "Actual Startup Time": 0.357,
                                                    "Actual Total Time": 35.225,
                                                    "Actual Rows": 2153,
                                                    "Actual Loops": 1
                                                },
                                                {
                                                    "Worker Number": 2,
                                                    "Actual Startup Time": 0.369,
                                                    "Actual Total Time": 35.437,
                                                    "Actual Rows": 2210,
                                                    "Actual Loops": 1
                                                }
                                            ],
                                            "Plans": [
                                                {
                                                    "Node Type": "Bitmap Heap Scan",
                                                    "Parent Relationship": "Outer",
                                                    "Parallel Aware": true,
                                                    "Relation Name": "movie_keyword",
                                                    "Schema": "public",
                                                    "Alias": "mk",
                                                    "Startup Cost": 245.26,
                                                    "Total Cost": 20268.67,
                                                    "Plan Rows": 3697,
                                                    "Plan Width": 4,
                                                    "Actual Startup Time": 1.569,
                                                    "Actual Total Time": 10.078,
                                                    "Actual Rows": 2700,
                                                    "Actual Loops": 4,
                                                    "Output": [
                                                        "mk.id",
                                                        "mk.movie_id",
                                                        "mk.keyword_id"
                                                    ],
                                                    "Recheck Cond": "(mk.keyword_id = 347)",
                                                    "Rows Removed by Index Recheck": 0,
                                                    "Exact Heap Blocks": 3433,
                                                    "Lossy Heap Blocks": 0,
                                                    "Workers": [
                                                        {
                                                            "Worker Number": 0,
                                                            "Actual Startup Time": 0.151,
                                                            "Actual Total Time": 9.254,
                                                            "Actual Rows": 1407,
                                                            "Actual Loops": 1
                                                        },
                                                        {
                                                            "Worker Number": 1,
                                                            "Actual Startup Time": 0.147,
                                                            "Actual Total Time": 9.126,
                                                            "Actual Rows": 2153,
                                                            "Actual Loops": 1
                                                        },
                                                        {
                                                            "Worker Number": 2,
                                                            "Actual Startup Time": 0.161,
                                                            "Actual Total Time": 9.197,
                                                            "Actual Rows": 2210,
                                                            "Actual Loops": 1
                                                        }
                                                    ],
                                                    "Plans": [
                                                        {
                                                            "Node Type": "Bitmap Index Scan",
                                                            "Parent Relationship": "Outer",
                                                            "Parallel Aware": false,
                                                            "Index Name": "keyword_id_movie_keyword",
                                                            "Startup Cost": 0.0,
                                                            "Total Cost": 242.39,
                                                            "Plan Rows": 11461,
                                                            "Plan Width": 0,
                                                            "Actual Startup Time": 3.748,
                                                            "Actual Total Time": 3.748,
                                                            "Actual Rows": 10799,
                                                            "Actual Loops": 1,
                                                            "Index Cond": "(mk.keyword_id = 347)"
                                                        }
                                                    ]
                                                },
                                                {
                                                    "Node Type": "Index Only Scan",
                                                    "Parent Relationship": "Inner",
                                                    "Parallel Aware": false,
                                                    "Scan Direction": "Forward",
                                                    "Index Name": "title_pkey",
                                                    "Relation Name": "title",
                                                    "Schema": "public",
                                                    "Alias": "t",
                                                    "Startup Cost": 0.43,
                                                    "Total Cost": 6.34,
                                                    "Plan Rows": 1,
                                                    "Plan Width": 4,
                                                    "Actual Startup Time": 0.009,
                                                    "Actual Total Time": 0.009,
                                                    "Actual Rows": 1,
                                                    "Actual Loops": 10799,
                                                    "Output": [
                                                        "t.id"
                                                    ],
                                                    "Index Cond": "(t.id = mk.movie_id)",
                                                    "Rows Removed by Index Recheck": 0,
                                                    "Heap Fetches": 10799,
                                                    "Workers": [
                                                        {
                                                            "Worker Number": 0,
                                                            "Actual Startup Time": 0.017,
                                                            "Actual Total Time": 0.017,
                                                            "Actual Rows": 1,
                                                            "Actual Loops": 1407
                                                        },
                                                        {
                                                            "Worker Number": 1,
                                                            "Actual Startup Time": 0.011,
                                                            "Actual Total Time": 0.011,
                                                            "Actual Rows": 1,
                                                            "Actual Loops": 2153
                                                        },
                                                        {
                                                            "Worker Number": 2,
                                                            "Actual Startup Time": 0.011,
                                                            "Actual Total Time": 0.011,
                                                            "Actual Rows": 1,
                                                            "Actual Loops": 2210
                                                        }
                                                    ]
                                                }
                                            ]
                                        },
                                        {
                                            "Node Type": "Index Scan",
                                            "Parent Relationship": "Inner",
                                            "Parallel Aware": false,
                                            "Scan Direction": "Forward",
                                            "Index Name": "movie_id_cast_info",
                                            "Relation Name": "cast_info",
                                            "Schema": "public",
                                            "Alias": "ci",
                                            "Startup Cost": 0.56,
                                            "Total Cost": 1.93,
                                            "Plan Rows": 31,
                                            "Plan Width": 4,
                                            "Actual Startup Time": 0.011,
                                            "Actual Total Time": 0.096,
                                            "Actual Rows": 37,
                                            "Actual Loops": 10799,
                                            "Output": [
                                                "ci.id",
                                                "ci.person_id",
                                                "ci.movie_id",
                                                "ci.person_role_id",
                                                "ci.note",
                                                "ci.nr_order",
                                                "ci.role_id"
                                            ],
                                            "Index Cond": "(ci.movie_id = t.id)",
                                            "Rows Removed by Index Recheck": 0,
                                            "Filter": "(ci.role_id < 8)",
                                            "Rows Removed by Filter": 17,
                                            "Workers": [
                                                {
                                                    "Worker Number": 0,
                                                    "Actual Startup Time": 0.021,
                                                    "Actual Total Time": 0.182,
                                                    "Actual Rows": 40,
                                                    "Actual Loops": 1407
                                                },
                                                {
                                                    "Worker Number": 1,
                                                    "Actual Startup Time": 0.015,
                                                    "Actual Total Time": 0.12,
                                                    "Actual Rows": 38,
                                                    "Actual Loops": 2153
                                                },
                                                {
                                                    "Worker Number": 2,
                                                    "Actual Startup Time": 0.015,
                                                    "Actual Total Time": 0.117,
                                                    "Actual Rows": 38,
                                                    "Actual Loops": 2210
                                                }
                                            ]
                                        }
                                    ]
                                }
                            ]
                        }
                    ]
                }
            ]
        },
        "Planning Time": 200.551,
        "Triggers": [],
        "Execution Time": 363.491
    }
]