[
  {
    "Plan": {
      "Node Type": "Aggregate",
      "Strategy": "Plain",
      "Partial Mode": "Finalize",
      "Parallel Aware": false,
      "Startup Cost": 125363.01,
      "Total Cost": 125363.02,
      "Plan Rows": 1,
      "Plan Width": 8,
      "Actual Startup Time": 439.424,
      "Actual Total Time": 462.315,
      "Actual Rows": 1,
      "Actual Loops": 1,
      "Plans": [
        {
          "Node Type": "Gather",
          "Parent Relationship": "Outer",
          "Parallel Aware": false,
          "Startup Cost": 125362.7,
          "Total Cost": 125363.01,
          "Plan Rows": 3,
          "Plan Width": 8,
          "Actual Startup Time": 437.472,
          "Actual Total Time": 462.297,
          "Actual Rows": 4,
          "Actual Loops": 1,
          "Workers Planned": 3,
          "Workers Launched": 3,
          "Single Copy": false,
          "Plans": [
            {
              "Node Type": "Aggregate",
              "Strategy": "Plain",
              "Partial Mode": "Partial",
              "Parent Relationship": "Outer",
              "Parallel Aware": false,
              "Startup Cost": 124362.7,
              "Total Cost": 124362.71,
              "Plan Rows": 1,
              "Plan Width": 8,
              "Actual Startup Time": 428.335,
              "Actual Total Time": 428.34,
              "Actual Rows": 1,
              "Actual Loops": 4,
              "Plans": [
                {
                  "Node Type": "Hash Join",
                  "Parent Relationship": "Outer",
                  "Parallel Aware": true,
                  "Join Type": "Inner",
                  "Startup Cost": 79436.0,
                  "Total Cost": 124185.04,
                  "Plan Rows": 71061,
                  "Plan Width": 0,
                  "Actual Startup Time": 256.661,
                  "Actual Total Time": 426.727,
                  "Actual Rows": 38932,
                  "Actual Loops": 4,
                  "Inner Unique": false,
                  "Hash Cond": "(mk.movie_id = t.id)",
                  "Plans": [
                    {
                      "Node Type": "Seq Scan",
                      "Parent Relationship": "Outer",
                      "Parallel Aware": true,
                      "Relation Name": "movie_keyword",
                      "Alias": "mk",
                      "Startup Cost": 0.0,
                      "Total Cost": 39047.32,
                      "Plan Rows": 1459332,
                      "Plan Width": 4,
                      "Actual Startup Time": 0.03,
                      "Actual Total Time": 86.701,
                      "Actual Rows": 1130982,
                      "Actual Loops": 4
                    },
                    {
                      "Node Type": "Hash",
                      "Parent Relationship": "Inner",
                      "Parallel Aware": true,
                      "Startup Cost": 78939.57,
                      "Total Cost": 78939.57,
                      "Plan Rows": 39714,
                      "Plan Width": 8,
                      "Actual Startup Time": 254.525,
                      "Actual Total Time": 254.528,
                      "Actual Rows": 15183,
                      "Actual Loops": 4,
                      "Hash Buckets": 131072,
                      "Original Hash Buckets": 131072,
                      "Hash Batches": 1,
                      "Original Hash Batches": 1,
                      "Peak Memory Usage": 3456,
                      "Plans": [
                        {
                          "Node Type": "Hash Join",
                          "Parent Relationship": "Outer",
                          "Parallel Aware": true,
                          "Join Type": "Inner",
                          "Startup Cost": 46973.64,
                          "Total Cost": 78939.57,
                          "Plan Rows": 39714,
                          "Plan Width": 8,
                          "Actual Startup Time": 169.75,
                          "Actual Total Time": 249.591,
                          "Actual Rows": 15183,
                          "Actual Loops": 4,
                          "Inner Unique": true,
                          "Hash Cond": "(mc.movie_id = t.id)",
                          "Plans": [
                            {
                              "Node Type": "Seq Scan",
                              "Parent Relationship": "Outer",
                              "Parallel Aware": true,
                              "Relation Name": "movie_companies",
                              "Alias": "mc",
                              "Startup Cost": 0.0,
                              "Total Cost": 31414.82,
                              "Plan Rows": 209949,
                              "Plan Width": 4,
                              "Actual Startup Time": 29.805,
                              "Actual Total Time": 64.464,
                              "Actual Rows": 225685,
                              "Actual Loops": 4,
                              "Filter": "((company_id > 11385) AND (company_type_id = 2))",
                              "Rows Removed by Filter": 426597
                            },
                            {
                              "Node Type": "Hash",
                              "Parent Relationship": "Inner",
                              "Parallel Aware": true,
                              "Startup Cost": 45479.1,
                              "Total Cost": 45479.1,
                              "Plan Rows": 119563,
                              "Plan Width": 4,
                              "Actual Startup Time": 137.929,
                              "Actual Total Time": 137.93,
                              "Actual Rows": 129582,
                              "Actual Loops": 4,
                              "Hash Buckets": 524288,
                              "Original Hash Buckets": 524288,
                              "Hash Batches": 1,
                              "Original Hash Batches": 1,
                              "Peak Memory Usage": 24416,
                              "Plans": [
                                {
                                  "Node Type": "Seq Scan",
                                  "Parent Relationship": "Outer",
                                  "Parallel Aware": true,
                                  "Relation Name": "title",
                                  "Alias": "t",
                                  "Startup Cost": 0.0,
                                  "Total Cost": 45479.1,
                                  "Plan Rows": 119563,
                                  "Plan Width": 4,
                                  "Actual Startup Time": 0.064,
                                  "Actual Total Time": 96.681,
                                  "Actual Rows": 129582,
                                  "Actual Loops": 4,
                                  "Filter": "((production_year > 2007) AND (kind_id = 7))",
                                  "Rows Removed by Filter": 502496
                                }
                              ]
                            }
                          ]
                        }
                      ]
                    }
                  ]
                }
              ]
            }
          ]
        }
      ]
    },
    "Planning Time": 1.525,
    "Triggers": [],
    "Execution Time": 462.406
  }
]