{
  "Plan": {
    "Node Type": "Aggregate",
    "Strategy": "Plain",
    "Partial Mode": "Finalize",
    "Parallel Aware": false,
    "Startup Cost": 77581.63,
    "Total Cost": 77581.64,
    "Plan Rows": 1,
    "Plan Width": 8,
    "Actual Startup Time": 260.871,
    "Actual Total Time": 273.656,
    "Actual Rows": 1,
    "Actual Loops": 1,
    "Plans": [
      {
        "Node Type": "Gather",
        "Parent Relationship": "Outer",
        "Parallel Aware": false,
        "Startup Cost": 77581.51,
        "Total Cost": 77581.62,
        "Plan Rows": 1,
        "Plan Width": 8,
        "Actual Startup Time": 260.622,
        "Actual Total Time": 273.648,
        "Actual Rows": 2,
        "Actual Loops": 1,
        "Workers Planned": 1,
        "Workers Launched": 1,
        "Single Copy": false,
        "Plans": [
          {
            "Node Type": "Aggregate",
            "Strategy": "Plain",
            "Partial Mode": "Partial",
            "Parent Relationship": "Outer",
            "Parallel Aware": false,
            "Startup Cost": 76581.51,
            "Total Cost": 76581.52,
            "Plan Rows": 1,
            "Plan Width": 8,
            "Actual Startup Time": 254.708,
            "Actual Total Time": 254.712,
            "Actual Rows": 1,
            "Actual Loops": 2,
            "Plans": [
              {
                "Node Type": "Hash Join",
                "Parent Relationship": "Outer",
                "Parallel Aware": true,
                "Join Type": "Inner",
                "Startup Cost": 58388.74,
                "Total Cost": 76572.53,
                "Plan Rows": 3593,
                "Plan Width": 0,
                "Actual Startup Time": 158.426,
                "Actual Total Time": 254.596,
                "Actual Rows": 2158,
                "Actual Loops": 2,
                "Inner Unique": true,
                "Hash Cond": "(mi_idx.movie_id = t.id)",
                "Plans": [
                  {
                    "Node Type": "Seq Scan",
                    "Parent Relationship": "Outer",
                    "Parallel Aware": true,
                    "Relation Name": "movie_info_idx",
                    "Alias": "mi_idx",
                    "Startup Cost": 0.0,
                    "Total Cost": 16052.85,
                    "Plan Rows": 811785,
                    "Plan Width": 4,
                    "Actual Startup Time": 0.02,
                    "Actual Total Time": 49.576,
                    "Actual Rows": 690018,
                    "Actual Loops": 2
                  },
                  {
                    "Node Type": "Hash",
                    "Parent Relationship": "Inner",
                    "Parallel Aware": true,
                    "Startup Cost": 58306.47,
                    "Total Cost": 58306.47,
                    "Plan Rows": 6582,
                    "Plan Width": 4,
                    "Actual Startup Time": 156.453,
                    "Actual Total Time": 156.454,
                    "Actual Rows": 5071,
                    "Actual Loops": 2,
                    "Hash Buckets": 16384,
                    "Original Hash Buckets": 16384,
                    "Hash Batches": 1,
                    "Original Hash Batches": 1,
                    "Peak Memory Usage": 544,
                    "Plans": [
                      {
                        "Node Type": "Seq Scan",
                        "Parent Relationship": "Outer",
                        "Parallel Aware": true,
                        "Relation Name": "title",
                        "Alias": "t",
                        "Startup Cost": 0.0,
                        "Total Cost": 58306.47,
                        "Plan Rows": 6582,
                        "Plan Width": 4,
                        "Actual Startup Time": 0.099,
                        "Actual Total Time": 154.453,
                        "Actual Rows": 5071,
                        "Actual Loops": 2,
                        "Filter": "((kind_id > 1) AND (production_year = 1973))",
                        "Rows Removed by Filter": 1259085
                      }
                    ]
                  }
                ]
              }
            ]
          }
        ]
      }
    ]
  },
  "Planning Time": 0.525,
  "Triggers": [],
  "Execution Time": 273.728
}