{
    "Plan": {
        "Node Type": "Aggregate",
        "Strategy": "Plain",
        "Partial Mode": "Simple",
        "Parallel Aware": false,
        "Startup Cost": 70000452296.91,
        "Total Cost": 70000452296.92,
        "Plan Rows": 1,
        "Plan Width": 96,
        "Actual Startup Time": 3800.22,
        "Actual Total Time": 3844.883,
        "Actual Rows": 1,
        "Actual Loops": 1,
        "Output": [
            "min(chn.name)",
            "min(n.name)",
            "min(t.title)"
        ],
        "Plans": [
            {
                "Node Type": "Nested Loop",
                "Parent Relationship": "Outer",
                "Parallel Aware": false,
                "Join Type": "Inner",
                "Startup Cost": 70000251690.62,
                "Total Cost": 70000452296.9,
                "Plan Rows": 1,
                "Plan Width": 48,
                "Actual Startup Time": 3712.039,
                "Actual Total Time": 3844.848,
                "Actual Rows": 5,
                "Actual Loops": 1,
                "Output": [
                    "chn.name",
                    "n.name",
                    "t.title"
                ],
                "Inner Unique": true,
                "Plans": [
                    {
                        "Node Type": "Nested Loop",
                        "Parent Relationship": "Outer",
                        "Parallel Aware": false,
                        "Join Type": "Inner",
                        "Startup Cost": 60000251690.19,
                        "Total Cost": 60000452290.85,
                        "Plan Rows": 1,
                        "Plan Width": 52,
                        "Actual Startup Time": 3711.84,
                        "Actual Total Time": 3839.935,
                        "Actual Rows": 985,
                        "Actual Loops": 1,
                        "Output": [
                            "chn.name",
                            "mk.keyword_id",
                            "n.name",
                            "t.title"
                        ],
                        "Inner Unique": false,
                        "Join Filter": "(t.id = mk.movie_id)",
                        "Rows Removed by Join Filter": 0,
                        "Plans": [
                            {
                                "Node Type": "Gather",
                                "Parent Relationship": "Outer",
                                "Parallel Aware": false,
                                "Startup Cost": 50000251689.37,
                                "Total Cost": 50000452284.88,
                                "Plan Rows": 1,
                                "Plan Width": 64,
                                "Actual Startup Time": 3711.795,
                                "Actual Total Time": 3839.424,
                                "Actual Rows": 30,
                                "Actual Loops": 1,
                                "Output": [
                                    "ci.movie_id",
                                    "chn.name",
                                    "mc.movie_id",
                                    "mi.movie_id",
                                    "n.name",
                                    "t.title",
                                    "t.id"
                                ],
                                "Workers Planned": 3,
                                "Workers Launched": 3,
                                "Single Copy": false,
                                "Plans": [
                                    {
                                        "Node Type": "Hash Join",
                                        "Parent Relationship": "Outer",
                                        "Parallel Aware": true,
                                        "Join Type": "Inner",
                                        "Startup Cost": 50000250689.37,
                                        "Total Cost": 50000451284.78,
                                        "Plan Rows": 1,
                                        "Plan Width": 64,
                                        "Actual Startup Time": 3310.699,
                                        "Actual Total Time": 3709.412,
                                        "Actual Rows": 8,
                                        "Actual Loops": 4,
                                        "Output": [
                                            "ci.movie_id",
                                            "chn.name",
                                            "mc.movie_id",
                                            "mi.movie_id",
                                            "n.name",
                                            "t.title",
                                            "t.id"
                                        ],
                                        "Inner Unique": true,
                                        "Hash Cond": "(ci.person_role_id = chn.id)",
                                        "Workers": [
                                            {
                                                "Worker Number": 0,
                                                "Actual Startup Time": 2885.301,
                                                "Actual Total Time": 3770.765,
                                                "Actual Rows": 24,
                                                "Actual Loops": 1
                                            },
                                            {
                                                "Worker Number": 1,
                                                "Actual Startup Time": 2882.794,
                                                "Actual Total Time": 3592.128,
                                                "Actual Rows": 6,
                                                "Actual Loops": 1
                                            },
                                            {
                                                "Worker Number": 2,
                                                "Actual Startup Time": 3763.655,
                                                "Actual Total Time": 3763.671,
                                                "Actual Rows": 0,
                                                "Actual Loops": 1
                                            }
                                        ],
                                        "Plans": [
                                            {
                                                "Node Type": "Hash Join",
                                                "Parent Relationship": "Outer",
                                                "Parallel Aware": true,
                                                "Join Type": "Inner",
                                                "Startup Cost": 50000135712.22,
                                                "Total Cost": 50000336307.63,
                                                "Plan Rows": 1,
                                                "Plan Width": 52,
                                                "Actual Startup Time": 2107.331,
                                                "Actual Total Time": 2504.23,
                                                "Actual Rows": 8,
                                                "Actual Loops": 4,
                                                "Output": [
                                                    "ci.movie_id",
                                                    "ci.person_role_id",
                                                    "mc.movie_id",
                                                    "mi.movie_id",
                                                    "n.name",
                                                    "t.title",
                                                    "t.id"
                                                ],
                                                "Inner Unique": false,
                                                "Hash Cond": "(n.id = ci.person_id)",
                                                "Workers": [
                                                    {
                                                        "Worker Number": 0,
                                                        "Actual Startup Time": 1686.815,
                                                        "Actual Total Time": 2565.034,
                                                        "Actual Rows": 24,
                                                        "Actual Loops": 1
                                                    },
                                                    {
                                                        "Worker Number": 1,
                                                        "Actual Startup Time": 1684.412,
                                                        "Actual Total Time": 2393.743,
                                                        "Actual Rows": 6,
                                                        "Actual Loops": 1
                                                    },
                                                    {
                                                        "Worker Number": 2,
                                                        "Actual Startup Time": 2565.073,
                                                        "Actual Total Time": 2565.087,
                                                        "Actual Rows": 0,
                                                        "Actual Loops": 1
                                                    }
                                                ],
                                                "Plans": [
                                                    {
                                                        "Node Type": "Merge Join",
                                                        "Parent Relationship": "Outer",
                                                        "Parallel Aware": false,
                                                        "Join Type": "Inner",
                                                        "Startup Cost": 40689.44,
                                                        "Total Cost": 241274.95,
                                                        "Plan Rows": 2638,
                                                        "Plan Width": 23,
                                                        "Actual Startup Time": 1021.228,
                                                        "Actual Total Time": 2002.546,
                                                        "Actual Rows": 2631,
                                                        "Actual Loops": 4,
                                                        "Output": [
                                                            "an.person_id",
                                                            "n.name",
                                                            "n.id"
                                                        ],
                                                        "Inner Unique": true,
                                                        "Merge Cond": "(an.person_id = n.id)",
                                                        "Workers": [
                                                            {
                                                                "Worker Number": 0,
                                                                "Actual Startup Time": 1020.593,
                                                                "Actual Total Time": 2063.502,
                                                                "Actual Rows": 1950,
                                                                "Actual Loops": 1
                                                            },
                                                            {
                                                                "Worker Number": 1,
                                                                "Actual Startup Time": 1021.179,
                                                                "Actual Total Time": 1891.98,
                                                                "Actual Rows": 2126,
                                                                "Actual Loops": 1
                                                            },
                                                            {
                                                                "Worker Number": 2,
                                                                "Actual Startup Time": 1020.963,
                                                                "Actual Total Time": 2063.428,
                                                                "Actual Rows": 2133,
                                                                "Actual Loops": 1
                                                            }
                                                        ],
                                                        "Plans": [
                                                            {
                                                                "Node Type": "Sort",
                                                                "Parent Relationship": "Outer",
                                                                "Parallel Aware": false,
                                                                "Startup Cost": 40688.86,
                                                                "Total Cost": 41415.75,
                                                                "Plan Rows": 290756,
                                                                "Plan Width": 4,
                                                                "Actual Startup Time": 108.607,
                                                                "Actual Total Time": 116.837,
                                                                "Actual Rows": 144717,
                                                                "Actual Loops": 4,
                                                                "Output": [
                                                                    "an.person_id"
                                                                ],
                                                                "Sort Key": [
                                                                    "an.person_id"
                                                                ],
                                                                "Sort Method": "quicksort",
                                                                "Sort Space Used": 29610,
                                                                "Sort Space Type": "Memory",
                                                                "Workers": [
                                                                    {
                                                                        "Worker Number": 0,
                                                                        "Actual Startup Time": 105.656,
                                                                        "Actual Total Time": 112.199,
                                                                        "Actual Rows": 114221,
                                                                        "Actual Loops": 1
                                                                    },
                                                                    {
                                                                        "Worker Number": 1,
                                                                        "Actual Startup Time": 106.059,
                                                                        "Actual Total Time": 112.484,
                                                                        "Actual Rows": 113519,
                                                                        "Actual Loops": 1
                                                                    },
                                                                    {
                                                                        "Worker Number": 2,
                                                                        "Actual Startup Time": 105.573,
                                                                        "Actual Total Time": 112.114,
                                                                        "Actual Rows": 114511,
                                                                        "Actual Loops": 1
                                                                    }
                                                                ],
                                                                "Plans": [
                                                                    {
                                                                        "Node Type": "Seq Scan",
                                                                        "Parent Relationship": "Outer",
                                                                        "Parallel Aware": true,
                                                                        "Relation Name": "aka_name",
                                                                        "Schema": "public",
                                                                        "Alias": "an",
                                                                        "Startup Cost": 0.0,
                                                                        "Total Cost": 14303.56,
                                                                        "Plan Rows": 290756,
                                                                        "Plan Width": 4,
                                                                        "Actual Startup Time": 0.019,
                                                                        "Actual Total Time": 41.429,
                                                                        "Actual Rows": 225336,
                                                                        "Actual Loops": 4,
                                                                        "Output": [
                                                                            "an.person_id"
                                                                        ],
                                                                        "Workers": [
                                                                            {
                                                                                "Worker Number": 0,
                                                                                "Actual Startup Time": 0.02,
                                                                                "Actual Total Time": 40.644,
                                                                                "Actual Rows": 178095,
                                                                                "Actual Loops": 1
                                                                            },
                                                                            {
                                                                                "Worker Number": 1,
                                                                                "Actual Startup Time": 0.018,
                                                                                "Actual Total Time": 40.853,
                                                                                "Actual Rows": 176084,
                                                                                "Actual Loops": 1
                                                                            },
                                                                            {
                                                                                "Worker Number": 2,
                                                                                "Actual Startup Time": 0.022,
                                                                                "Actual Total Time": 40.655,
                                                                                "Actual Rows": 177643,
                                                                                "Actual Loops": 1
                                                                            }
                                                                        ]
                                                                    }
                                                                ]
                                                            },
                                                            {
                                                                "Node Type": "Index Scan",
                                                                "Parent Relationship": "Inner",
                                                                "Parallel Aware": false,
                                                                "Scan Direction": "Forward",
                                                                "Index Name": "name_pkey",
                                                                "Relation Name": "name",
                                                                "Schema": "public",
                                                                "Alias": "n",
                                                                "Startup Cost": 0.43,
                                                                "Total Cost": 199011.55,
                                                                "Plan Rows": 37808,
                                                                "Plan Width": 19,
                                                                "Actual Startup Time": 903.444,
                                                                "Actual Total Time": 1874.831,
                                                                "Actual Rows": 50011,
                                                                "Actual Loops": 4,
                                                                "Output": [
                                                                    "n.id",
                                                                    "n.name",
                                                                    "n.imdb_index",
                                                                    "n.imdb_id",
                                                                    "n.gender",
                                                                    "n.name_pcode_cf",
                                                                    "n.name_pcode_nf",
                                                                    "n.surname_pcode",
                                                                    "n.md5sum"
                                                                ],
                                                                "Filter": "((n.name ~~ '%An%'::text) AND ((n.gender)::text = 'f'::text))",
                                                                "Rows Removed by Filter": 4117480,
                                                                "Workers": [
                                                                    {
                                                                        "Worker Number": 0,
                                                                        "Actual Startup Time": 907.908,
                                                                        "Actual Total Time": 1942.154,
                                                                        "Actual Rows": 50011,
                                                                        "Actual Loops": 1
                                                                    },
                                                                    {
                                                                        "Worker Number": 1,
                                                                        "Actual Startup Time": 907.533,
                                                                        "Actual Total Time": 1770.249,
                                                                        "Actual Rows": 50011,
                                                                        "Actual Loops": 1
                                                                    },
                                                                    {
                                                                        "Worker Number": 2,
                                                                        "Actual Startup Time": 907.978,
                                                                        "Actual Total Time": 1942.12,
                                                                        "Actual Rows": 50011,
                                                                        "Actual Loops": 1
                                                                    }
                                                                ]
                                                            }
                                                        ]
                                                    },
                                                    {
                                                        "Node Type": "Hash",
                                                        "Parent Relationship": "Inner",
                                                        "Parallel Aware": true,
                                                        "Startup Cost": 50000095022.77,
                                                        "Total Cost": 50000095022.77,
                                                        "Plan Rows": 1,
                                                        "Plan Width": 41,
                                                        "Actual Startup Time": 501.12,
                                                        "Actual Total Time": 501.133,
                                                        "Actual Rows": 10,
                                                        "Actual Loops": 4,
                                                        "Output": [
                                                            "ci.movie_id",
                                                            "ci.person_id",
                                                            "ci.person_role_id",
                                                            "mc.movie_id",
                                                            "mi.movie_id",
                                                            "t.title",
                                                            "t.id"
                                                        ],
                                                        "Hash Buckets": 1024,
                                                        "Original Hash Buckets": 1024,
                                                        "Hash Batches": 1,
                                                        "Original Hash Batches": 1,
                                                        "Peak Memory Usage": 40,
                                                        "Workers": [
                                                            {
                                                                "Worker Number": 0,
                                                                "Actual Startup Time": 501.098,
                                                                "Actual Total Time": 501.109,
                                                                "Actual Rows": 0,
                                                                "Actual Loops": 1
                                                            },
                                                            {
                                                                "Worker Number": 1,
                                                                "Actual Startup Time": 501.107,
                                                                "Actual Total Time": 501.117,
                                                                "Actual Rows": 0,
                                                                "Actual Loops": 1
                                                            },
                                                            {
                                                                "Worker Number": 2,
                                                                "Actual Startup Time": 501.012,
                                                                "Actual Total Time": 501.024,
                                                                "Actual Rows": 38,
                                                                "Actual Loops": 1
                                                            }
                                                        ],
                                                        "Plans": [
                                                            {
                                                                "Node Type": "Nested Loop",
                                                                "Parent Relationship": "Outer",
                                                                "Parallel Aware": false,
                                                                "Join Type": "Inner",
                                                                "Startup Cost": 50000000009.27,
                                                                "Total Cost": 50000095022.77,
                                                                "Plan Rows": 1,
                                                                "Plan Width": 41,
                                                                "Actual Startup Time": 477.708,
                                                                "Actual Total Time": 500.96,
                                                                "Actual Rows": 10,
                                                                "Actual Loops": 4,
                                                                "Output": [
                                                                    "ci.movie_id",
                                                                    "ci.person_id",
                                                                    "ci.person_role_id",
                                                                    "mc.movie_id",
                                                                    "mi.movie_id",
                                                                    "t.title",
                                                                    "t.id"
                                                                ],
                                                                "Inner Unique": true,
                                                                "Workers": [
                                                                    {
                                                                        "Worker Number": 0,
                                                                        "Actual Startup Time": 500.857,
                                                                        "Actual Total Time": 500.867,
                                                                        "Actual Rows": 0,
                                                                        "Actual Loops": 1
                                                                    },
                                                                    {
                                                                        "Worker Number": 1,
                                                                        "Actual Startup Time": 501.073,
                                                                        "Actual Total Time": 501.082,
                                                                        "Actual Rows": 0,
                                                                        "Actual Loops": 1
                                                                    },
                                                                    {
                                                                        "Worker Number": 2,
                                                                        "Actual Startup Time": 407.922,
                                                                        "Actual Total Time": 500.891,
                                                                        "Actual Rows": 38,
                                                                        "Actual Loops": 1
                                                                    }
                                                                ],
                                                                "Plans": [
                                                                    {
                                                                        "Node Type": "Hash Join",
                                                                        "Parent Relationship": "Outer",
                                                                        "Parallel Aware": false,
                                                                        "Join Type": "Inner",
                                                                        "Startup Cost": 40000000009.13,
                                                                        "Total Cost": 40000095014.6,
                                                                        "Plan Rows": 1,
                                                                        "Plan Width": 45,
                                                                        "Actual Startup Time": 477.547,
                                                                        "Actual Total Time": 500.721,
                                                                        "Actual Rows": 37,
                                                                        "Actual Loops": 4,
                                                                        "Output": [
                                                                            "ci.movie_id",
                                                                            "ci.person_id",
                                                                            "ci.role_id",
                                                                            "ci.person_role_id",
                                                                            "mc.movie_id",
                                                                            "mi.movie_id",
                                                                            "t.title",
                                                                            "t.id"
                                                                        ],
                                                                        "Inner Unique": false,
                                                                        "Hash Cond": "(mi.info_type_id = it.id)",
                                                                        "Workers": [
                                                                            {
                                                                                "Worker Number": 0,
                                                                                "Actual Startup Time": 500.855,
                                                                                "Actual Total Time": 500.864,
                                                                                "Actual Rows": 0,
                                                                                "Actual Loops": 1
                                                                            },
                                                                            {
                                                                                "Worker Number": 1,
                                                                                "Actual Startup Time": 501.071,
                                                                                "Actual Total Time": 501.08,
                                                                                "Actual Rows": 0,
                                                                                "Actual Loops": 1
                                                                            },
                                                                            {
                                                                                "Worker Number": 2,
                                                                                "Actual Startup Time": 407.285,
                                                                                "Actual Total Time": 499.947,
                                                                                "Actual Rows": 147,
                                                                                "Actual Loops": 1
                                                                            }
                                                                        ],
                                                                        "Plans": [
                                                                            {
                                                                                "Node Type": "Nested Loop",
                                                                                "Parent Relationship": "Outer",
                                                                                "Parallel Aware": false,
                                                                                "Join Type": "Inner",
                                                                                "Startup Cost": 40000000006.7,
                                                                                "Total Cost": 40000095012.16,
                                                                                "Plan Rows": 1,
                                                                                "Plan Width": 49,
                                                                                "Actual Startup Time": 477.429,
                                                                                "Actual Total Time": 500.578,
                                                                                "Actual Rows": 37,
                                                                                "Actual Loops": 4,
                                                                                "Output": [
                                                                                    "ci.movie_id",
                                                                                    "ci.person_id",
                                                                                    "ci.role_id",
                                                                                    "ci.person_role_id",
                                                                                    "mc.movie_id",
                                                                                    "mi.movie_id",
                                                                                    "mi.info_type_id",
                                                                                    "t.title",
                                                                                    "t.id"
                                                                                ],
                                                                                "Inner Unique": false,
                                                                                "Join Filter": "(t.id = ci.movie_id)",
                                                                                "Rows Removed by Join Filter": 0,
                                                                                "Workers": [
                                                                                    {
                                                                                        "Worker Number": 0,
                                                                                        "Actual Startup Time": 500.738,
                                                                                        "Actual Total Time": 500.745,
                                                                                        "Actual Rows": 0,
                                                                                        "Actual Loops": 1
                                                                                    },
                                                                                    {
                                                                                        "Worker Number": 1,
                                                                                        "Actual Startup Time": 500.915,
                                                                                        "Actual Total Time": 500.922,
                                                                                        "Actual Rows": 0,
                                                                                        "Actual Loops": 1
                                                                                    },
                                                                                    {
                                                                                        "Worker Number": 2,
                                                                                        "Actual Startup Time": 407.136,
                                                                                        "Actual Total Time": 499.703,
                                                                                        "Actual Rows": 147,
                                                                                        "Actual Loops": 1
                                                                                    }
                                                                                ],
                                                                                "Plans": [
                                                                                    {
                                                                                        "Node Type": "Nested Loop",
                                                                                        "Parent Relationship": "Outer",
                                                                                        "Parallel Aware": false,
                                                                                        "Join Type": "Inner",
                                                                                        "Startup Cost": 40000000006.14,
                                                                                        "Total Cost": 40000095010.14,
                                                                                        "Plan Rows": 1,
                                                                                        "Plan Width": 33,
                                                                                        "Actual Startup Time": 477.378,
                                                                                        "Actual Total Time": 499.636,
                                                                                        "Actual Rows": 2,
                                                                                        "Actual Loops": 4,
                                                                                        "Output": [
                                                                                            "mc.movie_id",
                                                                                            "mi.movie_id",
                                                                                            "mi.info_type_id",
                                                                                            "t.title",
                                                                                            "t.id"
                                                                                        ],
                                                                                        "Inner Unique": false,
                                                                                        "Join Filter": "(t.id = mi.movie_id)",
                                                                                        "Rows Removed by Join Filter": 0,
                                                                                        "Workers": [
                                                                                            {
                                                                                                "Worker Number": 0,
                                                                                                "Actual Startup Time": 500.737,
                                                                                                "Actual Total Time": 500.743,
                                                                                                "Actual Rows": 0,
                                                                                                "Actual Loops": 1
                                                                                            },
                                                                                            {
                                                                                                "Worker Number": 1,
                                                                                                "Actual Startup Time": 500.913,
                                                                                                "Actual Total Time": 500.919,
                                                                                                "Actual Rows": 0,
                                                                                                "Actual Loops": 1
                                                                                            },
                                                                                            {
                                                                                                "Worker Number": 2,
                                                                                                "Actual Startup Time": 406.935,
                                                                                                "Actual Total Time": 495.945,
                                                                                                "Actual Rows": 6,
                                                                                                "Actual Loops": 1
                                                                                            }
                                                                                        ],
                                                                                        "Plans": [
                                                                                            {
                                                                                                "Node Type": "Nested Loop",
                                                                                                "Parent Relationship": "Outer",
                                                                                                "Parallel Aware": false,
                                                                                                "Join Type": "Inner",
                                                                                                "Startup Cost": 30000000005.33,
                                                                                                "Total Cost": 30000095004.63,
                                                                                                "Plan Rows": 1,
                                                                                                "Plan Width": 25,
                                                                                                "Actual Startup Time": 389.929,
                                                                                                "Actual Total Time": 499.507,
                                                                                                "Actual Rows": 1,
                                                                                                "Actual Loops": 4,
                                                                                                "Output": [
                                                                                                    "mc.movie_id",
                                                                                                    "t.title",
                                                                                                    "t.id"
                                                                                                ],
                                                                                                "Inner Unique": true,
                                                                                                "Workers": [
                                                                                                    {
                                                                                                        "Worker Number": 0,
                                                                                                        "Actual Startup Time": 500.736,
                                                                                                        "Actual Total Time": 500.74,
                                                                                                        "Actual Rows": 0,
                                                                                                        "Actual Loops": 1
                                                                                                    },
                                                                                                    {
                                                                                                        "Worker Number": 1,
                                                                                                        "Actual Startup Time": 500.911,
                                                                                                        "Actual Total Time": 500.916,
                                                                                                        "Actual Rows": 0,
                                                                                                        "Actual Loops": 1
                                                                                                    },
                                                                                                    {
                                                                                                        "Worker Number": 2,
                                                                                                        "Actual Startup Time": 406.81,
                                                                                                        "Actual Total Time": 495.521,
                                                                                                        "Actual Rows": 4,
                                                                                                        "Actual Loops": 1
                                                                                                    }
                                                                                                ],
                                                                                                "Plans": [
                                                                                                    {
                                                                                                        "Node Type": "Nested Loop",
                                                                                                        "Parent Relationship": "Outer",
                                                                                                        "Parallel Aware": false,
                                                                                                        "Join Type": "Inner",
                                                                                                        "Startup Cost": 20000000004.9,
                                                                                                        "Total Cost": 20000094929.47,
                                                                                                        "Plan Rows": 16,
                                                                                                        "Plan Width": 29,
                                                                                                        "Actual Startup Time": 389.798,
                                                                                                        "Actual Total Time": 499.347,
                                                                                                        "Actual Rows": 10,
                                                                                                        "Actual Loops": 4,
                                                                                                        "Output": [
                                                                                                            "mc.movie_id",
                                                                                                            "mc.company_id",
                                                                                                            "t.title",
                                                                                                            "t.id"
                                                                                                        ],
                                                                                                        "Inner Unique": false,
                                                                                                        "Workers": [
                                                                                                            {
                                                                                                                "Worker Number": 0,
                                                                                                                "Actual Startup Time": 500.735,
                                                                                                                "Actual Total Time": 500.737,
                                                                                                                "Actual Rows": 0,
                                                                                                                "Actual Loops": 1
                                                                                                            },
                                                                                                            {
                                                                                                                "Worker Number": 1,
                                                                                                                "Actual Startup Time": 500.91,
                                                                                                                "Actual Total Time": 500.912,
                                                                                                                "Actual Rows": 0,
                                                                                                                "Actual Loops": 1
                                                                                                            },
                                                                                                            {
                                                                                                                "Worker Number": 2,
                                                                                                                "Actual Startup Time": 406.333,
                                                                                                                "Actual Total Time": 494.946,
                                                                                                                "Actual Rows": 34,
                                                                                                                "Actual Loops": 1
                                                                                                            }
                                                                                                        ],
                                                                                                        "Plans": [
                                                                                                            {
                                                                                                                "Node Type": "Index Scan",
                                                                                                                "Parent Relationship": "Outer",
                                                                                                                "Parallel Aware": true,
                                                                                                                "Scan Direction": "Forward",
                                                                                                                "Index Name": "title_pkey",
                                                                                                                "Relation Name": "title",
                                                                                                                "Schema": "public",
                                                                                                                "Alias": "t",
                                                                                                                "Startup Cost": 10000000000.43,
                                                                                                                "Total Cost": 10000094540.09,
                                                                                                                "Plan Rows": 16,
                                                                                                                "Plan Width": 21,
                                                                                                                "Actual Startup Time": 205.469,
                                                                                                                "Actual Total Time": 499.23,
                                                                                                                "Actual Rows": 2,
                                                                                                                "Actual Loops": 4,
                                                                                                                "Output": [
                                                                                                                    "t.id",
                                                                                                                    "t.title",
                                                                                                                    "t.imdb_index",
                                                                                                                    "t.kind_id",
                                                                                                                    "t.production_year",
                                                                                                                    "t.imdb_id",
                                                                                                                    "t.phonetic_code",
                                                                                                                    "t.episode_of_id",
                                                                                                                    "t.season_nr",
                                                                                                                    "t.episode_nr",
                                                                                                                    "t.series_years",
                                                                                                                    "t.md5sum"
                                                                                                                ],
                                                                                                                "Filter": "((t.title ~~ 'Kung Fu Panda%'::text) AND (t.production_year > 2008))",
                                                                                                                "Rows Removed by Filter": 632076,
                                                                                                                "Workers": [
                                                                                                                    {
                                                                                                                        "Worker Number": 0,
                                                                                                                        "Actual Startup Time": 121.257,
                                                                                                                        "Actual Total Time": 500.648,
                                                                                                                        "Actual Rows": 1,
                                                                                                                        "Actual Loops": 1
                                                                                                                    },
                                                                                                                    {
                                                                                                                        "Worker Number": 1,
                                                                                                                        "Actual Startup Time": 143.239,
                                                                                                                        "Actual Total Time": 500.83,
                                                                                                                        "Actual Rows": 1,
                                                                                                                        "Actual Loops": 1
                                                                                                                    },
                                                                                                                    {
                                                                                                                        "Worker Number": 2,
                                                                                                                        "Actual Startup Time": 406.209,
                                                                                                                        "Actual Total Time": 494.736,
                                                                                                                        "Actual Rows": 5,
                                                                                                                        "Actual Loops": 1
                                                                                                                    }
                                                                                                                ]
                                                                                                            },
                                                                                                            {
                                                                                                                "Node Type": "Bitmap Heap Scan",
                                                                                                                "Parent Relationship": "Inner",
                                                                                                                "Parallel Aware": false,
                                                                                                                "Relation Name": "movie_companies",
                                                                                                                "Schema": "public",
                                                                                                                "Alias": "mc",
                                                                                                                "Startup Cost": 4.47,
                                                                                                                "Total Cost": 24.29,
                                                                                                                "Plan Rows": 5,
                                                                                                                "Plan Width": 8,
                                                                                                                "Actual Startup Time": 0.035,
                                                                                                                "Actual Total Time": 0.039,
                                                                                                                "Actual Rows": 4,
                                                                                                                "Actual Loops": 9,
                                                                                                                "Output": [
                                                                                                                    "mc.id",
                                                                                                                    "mc.movie_id",
                                                                                                                    "mc.company_id",
                                                                                                                    "mc.company_type_id",
                                                                                                                    "mc.note"
                                                                                                                ],
                                                                                                                "Recheck Cond": "(mc.movie_id = t.id)",
                                                                                                                "Rows Removed by Index Recheck": 0,
                                                                                                                "Exact Heap Blocks": 2,
                                                                                                                "Lossy Heap Blocks": 0,
                                                                                                                "Workers": [
                                                                                                                    {
                                                                                                                        "Worker Number": 0,
                                                                                                                        "Actual Startup Time": 0.072,
                                                                                                                        "Actual Total Time": 0.073,
                                                                                                                        "Actual Rows": 0,
                                                                                                                        "Actual Loops": 1
                                                                                                                    },
                                                                                                                    {
                                                                                                                        "Worker Number": 1,
                                                                                                                        "Actual Startup Time": 0.067,
                                                                                                                        "Actual Total Time": 0.068,
                                                                                                                        "Actual Rows": 0,
                                                                                                                        "Actual Loops": 1
                                                                                                                    },
                                                                                                                    {
                                                                                                                        "Worker Number": 2,
                                                                                                                        "Actual Startup Time": 0.027,
                                                                                                                        "Actual Total Time": 0.033,
                                                                                                                        "Actual Rows": 7,
                                                                                                                        "Actual Loops": 5
                                                                                                                    }
                                                                                                                ],
                                                                                                                "Plans": [
                                                                                                                    {
                                                                                                                        "Node Type": "Bitmap Index Scan",
                                                                                                                        "Parent Relationship": "Outer",
                                                                                                                        "Parallel Aware": false,
                                                                                                                        "Index Name": "movie_id_movie_companies",
                                                                                                                        "Startup Cost": 0.0,
                                                                                                                        "Total Cost": 4.47,
                                                                                                                        "Plan Rows": 5,
                                                                                                                        "Plan Width": 0,
                                                                                                                        "Actual Startup Time": 0.023,
                                                                                                                        "Actual Total Time": 0.023,
                                                                                                                        "Actual Rows": 4,
                                                                                                                        "Actual Loops": 9,
                                                                                                                        "Index Cond": "(mc.movie_id = t.id)",
                                                                                                                        "Workers": [
                                                                                                                            {
                                                                                                                                "Worker Number": 0,
                                                                                                                                "Actual Startup Time": 0.046,
                                                                                                                                "Actual Total Time": 0.046,
                                                                                                                                "Actual Rows": 0,
                                                                                                                                "Actual Loops": 1
                                                                                                                            },
                                                                                                                            {
                                                                                                                                "Worker Number": 1,
                                                                                                                                "Actual Startup Time": 0.037,
                                                                                                                                "Actual Total Time": 0.037,
                                                                                                                                "Actual Rows": 0,
                                                                                                                                "Actual Loops": 1
                                                                                                                            },
                                                                                                                            {
                                                                                                                                "Worker Number": 2,
                                                                                                                                "Actual Startup Time": 0.019,
                                                                                                                                "Actual Total Time": 0.019,
                                                                                                                                "Actual Rows": 7,
                                                                                                                                "Actual Loops": 5
                                                                                                                            }
                                                                                                                        ]
                                                                                                                    }
                                                                                                                ]
                                                                                                            }
                                                                                                        ]
                                                                                                    },
                                                                                                    {
                                                                                                        "Node Type": "Bitmap Heap Scan",
                                                                                                        "Parent Relationship": "Inner",
                                                                                                        "Parallel Aware": false,
                                                                                                        "Relation Name": "company_name",
                                                                                                        "Schema": "public",
                                                                                                        "Alias": "cn",
                                                                                                        "Startup Cost": 0.43,
                                                                                                        "Total Cost": 4.45,
                                                                                                        "Plan Rows": 1,
                                                                                                        "Plan Width": 4,
                                                                                                        "Actual Startup Time": 0.014,
                                                                                                        "Actual Total Time": 0.014,
                                                                                                        "Actual Rows": 0,
                                                                                                        "Actual Loops": 38,
                                                                                                        "Output": [
                                                                                                            "cn.id",
                                                                                                            "cn.name",
                                                                                                            "cn.country_code",
                                                                                                            "cn.imdb_id",
                                                                                                            "cn.name_pcode_nf",
                                                                                                            "cn.name_pcode_sf",
                                                                                                            "cn.md5sum"
                                                                                                        ],
                                                                                                        "Recheck Cond": "(cn.id = mc.company_id)",
                                                                                                        "Rows Removed by Index Recheck": 0,
                                                                                                        "Filter": "(((cn.country_code)::text = '[us]'::text) AND (cn.name = 'DreamWorks Animation'::text))",
                                                                                                        "Rows Removed by Filter": 1,
                                                                                                        "Exact Heap Blocks": 4,
                                                                                                        "Lossy Heap Blocks": 0,
                                                                                                        "Workers": [
                                                                                                            {
                                                                                                                "Worker Number": 2,
                                                                                                                "Actual Startup Time": 0.014,
                                                                                                                "Actual Total Time": 0.014,
                                                                                                                "Actual Rows": 0,
                                                                                                                "Actual Loops": 34
                                                                                                            }
                                                                                                        ],
                                                                                                        "Plans": [
                                                                                                            {
                                                                                                                "Node Type": "Bitmap Index Scan",
                                                                                                                "Parent Relationship": "Outer",
                                                                                                                "Parallel Aware": false,
                                                                                                                "Index Name": "company_name_pkey",
                                                                                                                "Startup Cost": 0.0,
                                                                                                                "Total Cost": 0.43,
                                                                                                                "Plan Rows": 1,
                                                                                                                "Plan Width": 0,
                                                                                                                "Actual Startup Time": 0.009,
                                                                                                                "Actual Total Time": 0.009,
                                                                                                                "Actual Rows": 1,
                                                                                                                "Actual Loops": 38,
                                                                                                                "Index Cond": "(cn.id = mc.company_id)",
                                                                                                                "Workers": [
                                                                                                                    {
                                                                                                                        "Worker Number": 2,
                                                                                                                        "Actual Startup Time": 0.009,
                                                                                                                        "Actual Total Time": 0.009,
                                                                                                                        "Actual Rows": 1,
                                                                                                                        "Actual Loops": 34
                                                                                                                    }
                                                                                                                ]
                                                                                                            }
                                                                                                        ]
                                                                                                    }
                                                                                                ]
                                                                                            },
                                                                                            {
                                                                                                "Node Type": "Bitmap Heap Scan",
                                                                                                "Parent Relationship": "Inner",
                                                                                                "Parallel Aware": false,
                                                                                                "Relation Name": "movie_info",
                                                                                                "Schema": "public",
                                                                                                "Alias": "mi",
                                                                                                "Startup Cost": 0.81,
                                                                                                "Total Cost": 5.49,
                                                                                                "Plan Rows": 1,
                                                                                                "Plan Width": 8,
                                                                                                "Actual Startup Time": 0.05,
                                                                                                "Actual Total Time": 0.096,
                                                                                                "Actual Rows": 1,
                                                                                                "Actual Loops": 5,
                                                                                                "Output": [
                                                                                                    "mi.id",
                                                                                                    "mi.movie_id",
                                                                                                    "mi.info_type_id",
                                                                                                    "mi.info",
                                                                                                    "mi.note"
                                                                                                ],
                                                                                                "Recheck Cond": "(mi.movie_id = mc.movie_id)",
                                                                                                "Rows Removed by Index Recheck": 0,
                                                                                                "Filter": "((mi.info IS NOT NULL) AND ((mi.info ~~ 'Japan:%201%'::text) OR (mi.info ~~ 'USA:%201%'::text)))",
                                                                                                "Rows Removed by Filter": 61,
                                                                                                "Exact Heap Blocks": 11,
                                                                                                "Lossy Heap Blocks": 0,
                                                                                                "Workers": [
                                                                                                    {
                                                                                                        "Worker Number": 2,
                                                                                                        "Actual Startup Time": 0.043,
                                                                                                        "Actual Total Time": 0.1,
                                                                                                        "Actual Rows": 2,
                                                                                                        "Actual Loops": 4
                                                                                                    }
                                                                                                ],
                                                                                                "Plans": [
                                                                                                    {
                                                                                                        "Node Type": "Bitmap Index Scan",
                                                                                                        "Parent Relationship": "Outer",
                                                                                                        "Parallel Aware": false,
                                                                                                        "Index Name": "movie_id_movie_info",
                                                                                                        "Startup Cost": 0.0,
                                                                                                        "Total Cost": 0.81,
                                                                                                        "Plan Rows": 39,
                                                                                                        "Plan Width": 0,
                                                                                                        "Actual Startup Time": 0.022,
                                                                                                        "Actual Total Time": 0.023,
                                                                                                        "Actual Rows": 62,
                                                                                                        "Actual Loops": 5,
                                                                                                        "Index Cond": "(mi.movie_id = mc.movie_id)",
                                                                                                        "Workers": [
                                                                                                            {
                                                                                                                "Worker Number": 2,
                                                                                                                "Actual Startup Time": 0.017,
                                                                                                                "Actual Total Time": 0.017,
                                                                                                                "Actual Rows": 74,
                                                                                                                "Actual Loops": 4
                                                                                                            }
                                                                                                        ]
                                                                                                    }
                                                                                                ]
                                                                                            }
                                                                                        ]
                                                                                    },
                                                                                    {
                                                                                        "Node Type": "Index Scan",
                                                                                        "Parent Relationship": "Inner",
                                                                                        "Parallel Aware": false,
                                                                                        "Scan Direction": "Forward",
                                                                                        "Index Name": "movie_id_cast_info",
                                                                                        "Relation Name": "cast_info",
                                                                                        "Schema": "public",
                                                                                        "Alias": "ci",
                                                                                        "Startup Cost": 0.56,
                                                                                        "Total Cost": 2.01,
                                                                                        "Plan Rows": 1,
                                                                                        "Plan Width": 16,
                                                                                        "Actual Startup Time": 0.045,
                                                                                        "Actual Total Time": 0.617,
                                                                                        "Actual Rows": 24,
                                                                                        "Actual Loops": 6,
                                                                                        "Output": [
                                                                                            "ci.id",
                                                                                            "ci.person_id",
                                                                                            "ci.movie_id",
                                                                                            "ci.person_role_id",
                                                                                            "ci.note",
                                                                                            "ci.nr_order",
                                                                                            "ci.role_id"
                                                                                        ],
                                                                                        "Index Cond": "(ci.movie_id = mc.movie_id)",
                                                                                        "Rows Removed by Index Recheck": 0,
                                                                                        "Filter": "(ci.note = ANY ('{(voice),\"(voice: Japanese version)\",\"(voice) (uncredited)\",\"(voice: English version)\"}'::text[]))",
                                                                                        "Rows Removed by Filter": 77,
                                                                                        "Workers": [
                                                                                            {
                                                                                                "Worker Number": 2,
                                                                                                "Actual Startup Time": 0.045,
                                                                                                "Actual Total Time": 0.617,
                                                                                                "Actual Rows": 24,
                                                                                                "Actual Loops": 6
                                                                                            }
                                                                                        ]
                                                                                    }
                                                                                ]
                                                                            },
                                                                            {
                                                                                "Node Type": "Hash",
                                                                                "Parent Relationship": "Inner",
                                                                                "Parallel Aware": false,
                                                                                "Startup Cost": 2.41,
                                                                                "Total Cost": 2.41,
                                                                                "Plan Rows": 1,
                                                                                "Plan Width": 4,
                                                                                "Actual Startup Time": 0.078,
                                                                                "Actual Total Time": 0.079,
                                                                                "Actual Rows": 1,
                                                                                "Actual Loops": 4,
                                                                                "Output": [
                                                                                    "it.id"
                                                                                ],
                                                                                "Hash Buckets": 1024,
                                                                                "Original Hash Buckets": 1024,
                                                                                "Hash Batches": 1,
                                                                                "Original Hash Batches": 1,
                                                                                "Peak Memory Usage": 9,
                                                                                "Workers": [
                                                                                    {
                                                                                        "Worker Number": 0,
                                                                                        "Actual Startup Time": 0.083,
                                                                                        "Actual Total Time": 0.083,
                                                                                        "Actual Rows": 1,
                                                                                        "Actual Loops": 1
                                                                                    },
                                                                                    {
                                                                                        "Worker Number": 1,
                                                                                        "Actual Startup Time": 0.097,
                                                                                        "Actual Total Time": 0.098,
                                                                                        "Actual Rows": 1,
                                                                                        "Actual Loops": 1
                                                                                    },
                                                                                    {
                                                                                        "Worker Number": 2,
                                                                                        "Actual Startup Time": 0.095,
                                                                                        "Actual Total Time": 0.096,
                                                                                        "Actual Rows": 1,
                                                                                        "Actual Loops": 1
                                                                                    }
                                                                                ],
                                                                                "Plans": [
                                                                                    {
                                                                                        "Node Type": "Seq Scan",
                                                                                        "Parent Relationship": "Outer",
                                                                                        "Parallel Aware": false,
                                                                                        "Relation Name": "info_type",
                                                                                        "Schema": "public",
                                                                                        "Alias": "it",
                                                                                        "Startup Cost": 0.0,
                                                                                        "Total Cost": 2.41,
                                                                                        "Plan Rows": 1,
                                                                                        "Plan Width": 4,
                                                                                        "Actual Startup Time": 0.062,
                                                                                        "Actual Total Time": 0.07,
                                                                                        "Actual Rows": 1,
                                                                                        "Actual Loops": 4,
                                                                                        "Output": [
                                                                                            "it.id"
                                                                                        ],
                                                                                        "Filter": "((it.info)::text = 'release dates'::text)",
                                                                                        "Rows Removed by Filter": 112,
                                                                                        "Workers": [
                                                                                            {
                                                                                                "Worker Number": 0,
                                                                                                "Actual Startup Time": 0.067,
                                                                                                "Actual Total Time": 0.075,
                                                                                                "Actual Rows": 1,
                                                                                                "Actual Loops": 1
                                                                                            },
                                                                                            {
                                                                                                "Worker Number": 1,
                                                                                                "Actual Startup Time": 0.082,
                                                                                                "Actual Total Time": 0.09,
                                                                                                "Actual Rows": 1,
                                                                                                "Actual Loops": 1
                                                                                            },
                                                                                            {
                                                                                                "Worker Number": 2,
                                                                                                "Actual Startup Time": 0.07,
                                                                                                "Actual Total Time": 0.078,
                                                                                                "Actual Rows": 1,
                                                                                                "Actual Loops": 1
                                                                                            }
                                                                                        ]
                                                                                    }
                                                                                ]
                                                                            }
                                                                        ]
                                                                    },
                                                                    {
                                                                        "Node Type": "Bitmap Heap Scan",
                                                                        "Parent Relationship": "Inner",
                                                                        "Parallel Aware": false,
                                                                        "Relation Name": "role_type",
                                                                        "Schema": "public",
                                                                        "Alias": "rt",
                                                                        "Startup Cost": 0.14,
                                                                        "Total Cost": 4.16,
                                                                        "Plan Rows": 1,
                                                                        "Plan Width": 4,
                                                                        "Actual Startup Time": 0.004,
                                                                        "Actual Total Time": 0.004,
                                                                        "Actual Rows": 0,
                                                                        "Actual Loops": 147,
                                                                        "Output": [
                                                                            "rt.id",
                                                                            "rt.role"
                                                                        ],
                                                                        "Recheck Cond": "(rt.id = ci.role_id)",
                                                                        "Rows Removed by Index Recheck": 0,
                                                                        "Filter": "((rt.role)::text = 'actress'::text)",
                                                                        "Rows Removed by Filter": 1,
                                                                        "Exact Heap Blocks": 0,
                                                                        "Lossy Heap Blocks": 0,
                                                                        "Workers": [
                                                                            {
                                                                                "Worker Number": 2,
                                                                                "Actual Startup Time": 0.004,
                                                                                "Actual Total Time": 0.004,
                                                                                "Actual Rows": 0,
                                                                                "Actual Loops": 147
                                                                            }
                                                                        ],
                                                                        "Plans": [
                                                                            {
                                                                                "Node Type": "Bitmap Index Scan",
                                                                                "Parent Relationship": "Outer",
                                                                                "Parallel Aware": false,
                                                                                "Index Name": "role_type_pkey",
                                                                                "Startup Cost": 0.0,
                                                                                "Total Cost": 0.14,
                                                                                "Plan Rows": 1,
                                                                                "Plan Width": 0,
                                                                                "Actual Startup Time": 0.002,
                                                                                "Actual Total Time": 0.002,
                                                                                "Actual Rows": 1,
                                                                                "Actual Loops": 147,
                                                                                "Index Cond": "(rt.id = ci.role_id)",
                                                                                "Workers": [
                                                                                    {
                                                                                        "Worker Number": 2,
                                                                                        "Actual Startup Time": 0.002,
                                                                                        "Actual Total Time": 0.002,
                                                                                        "Actual Rows": 1,
                                                                                        "Actual Loops": 147
                                                                                    }
                                                                                ]
                                                                            }
                                                                        ]
                                                                    }
                                                                ]
                                                            }
                                                        ]
                                                    }
                                                ]
                                            },
                                            {
                                                "Node Type": "Hash",
                                                "Parent Relationship": "Inner",
                                                "Parallel Aware": true,
                                                "Startup Cost": 105163.93,
                                                "Total Cost": 105163.93,
                                                "Plan Rows": 785057,
                                                "Plan Width": 20,
                                                "Actual Startup Time": 1193.124,
                                                "Actual Total Time": 1193.125,
                                                "Actual Rows": 785085,
                                                "Actual Loops": 4,
                                                "Output": [
                                                    "chn.name",
                                                    "chn.id"
                                                ],
                                                "Hash Buckets": 4194304,
                                                "Original Hash Buckets": 4194304,
                                                "Hash Batches": 1,
                                                "Original Hash Batches": 1,
                                                "Peak Memory Usage": 205120,
                                                "Workers": [
                                                    {
                                                        "Worker Number": 0,
                                                        "Actual Startup Time": 1197.794,
                                                        "Actual Total Time": 1197.794,
                                                        "Actual Rows": 793935,
                                                        "Actual Loops": 1
                                                    },
                                                    {
                                                        "Worker Number": 1,
                                                        "Actual Startup Time": 1197.854,
                                                        "Actual Total Time": 1197.854,
                                                        "Actual Rows": 782136,
                                                        "Actual Loops": 1
                                                    },
                                                    {
                                                        "Worker Number": 2,
                                                        "Actual Startup Time": 1197.769,
                                                        "Actual Total Time": 1197.77,
                                                        "Actual Rows": 798053,
                                                        "Actual Loops": 1
                                                    }
                                                ],
                                                "Plans": [
                                                    {
                                                        "Node Type": "Index Scan",
                                                        "Parent Relationship": "Outer",
                                                        "Parallel Aware": true,
                                                        "Scan Direction": "Forward",
                                                        "Index Name": "char_name_pkey",
                                                        "Relation Name": "char_name",
                                                        "Schema": "public",
                                                        "Alias": "chn",
                                                        "Startup Cost": 0.43,
                                                        "Total Cost": 105163.93,
                                                        "Plan Rows": 785057,
                                                        "Plan Width": 20,
                                                        "Actual Startup Time": 0.176,
                                                        "Actual Total Time": 696.632,
                                                        "Actual Rows": 785085,
                                                        "Actual Loops": 4,
                                                        "Output": [
                                                            "chn.name",
                                                            "chn.id"
                                                        ],
                                                        "Workers": [
                                                            {
                                                                "Worker Number": 0,
                                                                "Actual Startup Time": 0.243,
                                                                "Actual Total Time": 695.094,
                                                                "Actual Rows": 793935,
                                                                "Actual Loops": 1
                                                            },
                                                            {
                                                                "Worker Number": 1,
                                                                "Actual Startup Time": 0.117,
                                                                "Actual Total Time": 692.428,
                                                                "Actual Rows": 782136,
                                                                "Actual Loops": 1
                                                            },
                                                            {
                                                                "Worker Number": 2,
                                                                "Actual Startup Time": 0.308,
                                                                "Actual Total Time": 696.117,
                                                                "Actual Rows": 798053,
                                                                "Actual Loops": 1
                                                            }
                                                        ]
                                                    }
                                                ]
                                            }
                                        ]
                                    }
                                ]
                            },
                            {
                                "Node Type": "Bitmap Heap Scan",
                                "Parent Relationship": "Inner",
                                "Parallel Aware": false,
                                "Relation Name": "movie_keyword",
                                "Schema": "public",
                                "Alias": "mk",
                                "Startup Cost": 0.82,
                                "Total Cost": 5.4,
                                "Plan Rows": 46,
                                "Plan Width": 8,
                                "Actual Startup Time": 0.006,
                                "Actual Total Time": 0.009,
                                "Actual Rows": 33,
                                "Actual Loops": 30,
                                "Output": [
                                    "mk.id",
                                    "mk.movie_id",
                                    "mk.keyword_id"
                                ],
                                "Recheck Cond": "(mk.movie_id = mc.movie_id)",
                                "Rows Removed by Index Recheck": 0,
                                "Exact Heap Blocks": 35,
                                "Lossy Heap Blocks": 0,
                                "Plans": [
                                    {
                                        "Node Type": "Bitmap Index Scan",
                                        "Parent Relationship": "Outer",
                                        "Parallel Aware": false,
                                        "Index Name": "movie_id_movie_keyword",
                                        "Startup Cost": 0.0,
                                        "Total Cost": 0.81,
                                        "Plan Rows": 46,
                                        "Plan Width": 0,
                                        "Actual Startup Time": 0.004,
                                        "Actual Total Time": 0.004,
                                        "Actual Rows": 33,
                                        "Actual Loops": 30,
                                        "Index Cond": "(mk.movie_id = mc.movie_id)"
                                    }
                                ]
                            }
                        ]
                    },
                    {
                        "Node Type": "Bitmap Heap Scan",
                        "Parent Relationship": "Inner",
                        "Parallel Aware": false,
                        "Relation Name": "keyword",
                        "Schema": "public",
                        "Alias": "k",
                        "Startup Cost": 0.43,
                        "Total Cost": 4.45,
                        "Plan Rows": 1,
                        "Plan Width": 4,
                        "Actual Startup Time": 0.003,
                        "Actual Total Time": 0.003,
                        "Actual Rows": 0,
                        "Actual Loops": 985,
                        "Output": [
                            "k.id",
                            "k.keyword",
                            "k.phonetic_code"
                        ],
                        "Recheck Cond": "(k.id = mk.keyword_id)",
                        "Rows Removed by Index Recheck": 0,
                        "Filter": "(k.keyword = ANY ('{magnet,female-nudity,based-on-comic,banquet}'::text[]))",
                        "Rows Removed by Filter": 1,
                        "Exact Heap Blocks": 985,
                        "Lossy Heap Blocks": 0,
                        "Plans": [
                            {
                                "Node Type": "Bitmap Index Scan",
                                "Parent Relationship": "Outer",
                                "Parallel Aware": false,
                                "Index Name": "keyword_pkey",
                                "Startup Cost": 0.0,
                                "Total Cost": 0.43,
                                "Plan Rows": 1,
                                "Plan Width": 0,
                                "Actual Startup Time": 0.002,
                                "Actual Total Time": 0.002,
                                "Actual Rows": 1,
                                "Actual Loops": 985,
                                "Index Cond": "(k.id = mk.keyword_id)"
                            }
                        ]
                    }
                ]
            }
        ]
    },
    "Planning Time": 69.309,
    "Triggers": [],
    "Execution Time": 3845.137
}