{
  "Plan": {
    "Node Type": "Aggregate",
    "Strategy": "Plain",
    "Partial Mode": "Finalize",
    "Parallel Aware": false,
    "Startup Cost": 811673.68,
    "Total Cost": 811673.69,
    "Plan Rows": 1,
    "Plan Width": 8,
    "Actual Startup Time": 3112.254,
    "Actual Total Time": 3135.328,
    "Actual Rows": 1,
    "Actual Loops": 1,
    "Plans": [
      {
        "Node Type": "Gather",
        "Parent Relationship": "Outer",
        "Parallel Aware": false,
        "Startup Cost": 811673.57,
        "Total Cost": 811673.68,
        "Plan Rows": 1,
        "Plan Width": 8,
        "Actual Startup Time": 3102.703,
        "Actual Total Time": 3135.322,
        "Actual Rows": 2,
        "Actual Loops": 1,
        "Workers Planned": 1,
        "Workers Launched": 1,
        "Single Copy": false,
        "Plans": [
          {
            "Node Type": "Aggregate",
            "Strategy": "Plain",
            "Partial Mode": "Partial",
            "Parent Relationship": "Outer",
            "Parallel Aware": false,
            "Startup Cost": 810673.57,
            "Total Cost": 810673.58,
            "Plan Rows": 1,
            "Plan Width": 8,
            "Actual Startup Time": 3098.959,
            "Actual Total Time": 3098.962,
            "Actual Rows": 1,
            "Actual Loops": 2,
            "Plans": [
              {
                "Node Type": "Merge Join",
                "Parent Relationship": "Outer",
                "Parallel Aware": false,
                "Join Type": "Inner",
                "Startup Cost": 606295.13,
                "Total Cost": 808714.68,
                "Plan Rows": 783555,
                "Plan Width": 0,
                "Actual Startup Time": 982.556,
                "Actual Total Time": 3035.907,
                "Actual Rows": 1479907,
                "Actual Loops": 2,
                "Inner Unique": false,
                "Merge Cond": "(t.id = mi_idx.movie_id)",
                "Plans": [
                  {
                    "Node Type": "Merge Join",
                    "Parent Relationship": "Outer",
                    "Parallel Aware": false,
                    "Join Type": "Inner",
                    "Startup Cost": 606291.92,
                    "Total Cost": 740359.37,
                    "Plan Rows": 1435512,
                    "Plan Width": 8,
                    "Actual Startup Time": 982.468,
                    "Actual Total Time": 2342.978,
                    "Actual Rows": 1256604,
                    "Actual Loops": 2,
                    "Inner Unique": false,
                    "Merge Cond": "(t.id = ci.movie_id)",
                    "Plans": [
                      {
                        "Node Type": "Index Scan",
                        "Parent Relationship": "Outer",
                        "Parallel Aware": true,
                        "Scan Direction": "Forward",
                        "Index Name": "title_pkey",
                        "Relation Name": "title",
                        "Alias": "t",
                        "Startup Cost": 0.43,
                        "Total Cost": 103647.43,
                        "Plan Rows": 1446024,
                        "Plan Width": 4,
                        "Actual Startup Time": 0.048,
                        "Actual Total Time": 667.152,
                        "Actual Rows": 1227535,
                        "Actual Loops": 2,
                        "Filter": "(production_year > 0)",
                        "Rows Removed by Filter": 35440
                      },
                      {
                        "Node Type": "Sort",
                        "Parent Relationship": "Inner",
                        "Parallel Aware": false,
                        "Startup Cost": 606291.22,
                        "Total Cost": 612566.01,
                        "Plan Rows": 2509914,
                        "Plan Width": 4,
                        "Actual Startup Time": 982.363,
                        "Actual Total Time": 1339.249,
                        "Actual Rows": 2537870,
                        "Actual Loops": 2,
                        "Sort Key": [
                          "ci.movie_id"
                        ],
                        "Sort Method": "quicksort",
                        "Sort Space Used": 217267,
                        "Sort Space Type": "Memory",
                        "Workers": [
                          {
                            "Worker Number": 0,
                            "Sort Method": "quicksort",
                            "Sort Space Used": 217267,
                            "Sort Space Type": "Memory"
                          }
                        ],
                        "Plans": [
                          {
                            "Node Type": "Bitmap Heap Scan",
                            "Parent Relationship": "Outer",
                            "Parallel Aware": false,
                            "Relation Name": "cast_info",
                            "Alias": "ci",
                            "Startup Cost": 55436.4,
                            "Total Cost": 339497.32,
                            "Plan Rows": 2509914,
                            "Plan Width": 4,
                            "Actual Startup Time": 99.164,
                            "Actual Total Time": 378.341,
                            "Actual Rows": 2537870,
                            "Actual Loops": 2,
                            "Recheck Cond": "(person_id < 245128)",
                            "Rows Removed by Index Recheck": 0,
                            "Exact Heap Blocks": 26466,
                            "Lossy Heap Blocks": 0,
                            "Plans": [
                              {
                                "Node Type": "Bitmap Index Scan",
                                "Parent Relationship": "Outer",
                                "Parallel Aware": false,
                                "Index Name": "person_id_cast_info",
                                "Startup Cost": 0.0,
                                "Total Cost": 54808.92,
                                "Plan Rows": 2509914,
                                "Plan Width": 0,
                                "Actual Startup Time": 95.881,
                                "Actual Total Time": 95.881,
                                "Actual Rows": 2537870,
                                "Actual Loops": 2,
                                "Index Cond": "(person_id < 245128)"
                              }
                            ]
                          }
                        ]
                      }
                    ]
                  },
                  {
                    "Node Type": "Index Only Scan",
                    "Parent Relationship": "Inner",
                    "Parallel Aware": false,
                    "Scan Direction": "Forward",
                    "Index Name": "movie_id_movie_info_idx",
                    "Relation Name": "movie_info_idx",
                    "Alias": "mi_idx",
                    "Startup Cost": 0.43,
                    "Total Cost": 53620.22,
                    "Plan Rows": 1380035,
                    "Plan Width": 4,
                    "Actual Startup Time": 0.044,
                    "Actual Total Time": 446.221,
                    "Actual Rows": 2392406,
                    "Actual Loops": 2,
                    "Heap Fetches": 4784812
                  }
                ]
              }
            ]
          }
        ]
      }
    ]
  },
  "Planning Time": 0.992,
  "Triggers": [],
  "Execution Time": 3144.997
}