{
  "Plan": {
    "Node Type": "Aggregate",
    "Strategy": "Plain",
    "Partial Mode": "Finalize",
    "Parallel Aware": false,
    "Startup Cost": 334506.78,
    "Total Cost": 334506.79,
    "Plan Rows": 1,
    "Plan Width": 8,
    "Actual Startup Time": 1275.471,
    "Actual Total Time": 1326.713,
    "Actual Rows": 1,
    "Actual Loops": 1,
    "Plans": [
      {
        "Node Type": "Gather",
        "Parent Relationship": "Outer",
        "Parallel Aware": false,
        "Startup Cost": 334506.67,
        "Total Cost": 334506.78,
        "Plan Rows": 1,
        "Plan Width": 8,
        "Actual Startup Time": 1274.433,
        "Actual Total Time": 1326.701,
        "Actual Rows": 2,
        "Actual Loops": 1,
        "Workers Planned": 1,
        "Workers Launched": 1,
        "Single Copy": false,
        "Plans": [
          {
            "Node Type": "Aggregate",
            "Strategy": "Plain",
            "Partial Mode": "Partial",
            "Parent Relationship": "Outer",
            "Parallel Aware": false,
            "Startup Cost": 333506.67,
            "Total Cost": 333506.68,
            "Plan Rows": 1,
            "Plan Width": 8,
            "Actual Startup Time": 1268.341,
            "Actual Total Time": 1268.505,
            "Actual Rows": 1,
            "Actual Loops": 2,
            "Plans": [
              {
                "Node Type": "Hash Join",
                "Parent Relationship": "Outer",
                "Parallel Aware": true,
                "Join Type": "Inner",
                "Startup Cost": 54353.13,
                "Total Cost": 333231.02,
                "Plan Rows": 110259,
                "Plan Width": 0,
                "Actual Startup Time": 210.319,
                "Actual Total Time": 1253.612,
                "Actual Rows": 293505,
                "Actual Loops": 2,
                "Inner Unique": true,
                "Hash Cond": "(mi.movie_id = t.id)",
                "Plans": [
                  {
                    "Node Type": "Seq Scan",
                    "Parent Relationship": "Outer",
                    "Parallel Aware": true,
                    "Relation Name": "movie_info",
                    "Alias": "mi",
                    "Startup Cost": 0.0,
                    "Total Cost": 270696.42,
                    "Plan Rows": 3116745,
                    "Plan Width": 4,
                    "Actual Startup Time": 39.835,
                    "Actual Total Time": 750.641,
                    "Actual Rows": 2635284,
                    "Actual Loops": 2,
                    "Filter": "(info_type_id > 15)",
                    "Rows Removed by Filter": 4782576
                  },
                  {
                    "Node Type": "Hash",
                    "Parent Relationship": "Inner",
                    "Parallel Aware": true,
                    "Startup Cost": 53695.47,
                    "Total Cost": 53695.47,
                    "Plan Rows": 52613,
                    "Plan Width": 4,
                    "Actual Startup Time": 136.123,
                    "Actual Total Time": 136.125,
                    "Actual Rows": 111077,
                    "Actual Loops": 2,
                    "Hash Buckets": 262144,
                    "Original Hash Buckets": 131072,
                    "Hash Batches": 1,
                    "Original Hash Batches": 1,
                    "Peak Memory Usage": 11808,
                    "Plans": [
                      {
                        "Node Type": "Bitmap Heap Scan",
                        "Parent Relationship": "Outer",
                        "Parallel Aware": true,
                        "Relation Name": "title",
                        "Alias": "t",
                        "Startup Cost": 11845.21,
                        "Total Cost": 53695.47,
                        "Plan Rows": 52613,
                        "Plan Width": 4,
                        "Actual Startup Time": 38.122,
                        "Actual Total Time": 106.594,
                        "Actual Rows": 111077,
                        "Actual Loops": 2,
                        "Recheck Cond": "(kind_id = 1)",
                        "Rows Removed by Index Recheck": 0,
                        "Filter": "(production_year < 1969)",
                        "Rows Removed by Filter": 220336,
                        "Exact Heap Blocks": 9321,
                        "Lossy Heap Blocks": 0,
                        "Plans": [
                          {
                            "Node Type": "Bitmap Index Scan",
                            "Parent Relationship": "Outer",
                            "Parallel Aware": false,
                            "Index Name": "kind_id_title",
                            "Startup Cost": 0.0,
                            "Total Cost": 11822.85,
                            "Plan Rows": 663256,
                            "Plan Width": 0,
                            "Actual Startup Time": 39.94,
                            "Actual Total Time": 39.94,
                            "Actual Rows": 662825,
                            "Actual Loops": 1,
                            "Index Cond": "(kind_id = 1)"
                          }
                        ]
                      }
                    ]
                  }
                ]
              }
            ]
          }
        ]
      }
    ]
  },
  "Planning Time": 0.661,
  "Triggers": [],
  "Execution Time": 1326.819
}