[
  {
    "Plan": {
      "Node Type": "Aggregate",
      "Strategy": "Plain",
      "Partial Mode": "Finalize",
      "Parallel Aware": false,
      "Startup Cost": 47163.16,
      "Total Cost": 47163.17,
      "Plan Rows": 1,
      "Plan Width": 8,
      "Actual Startup Time": 118.573,
      "Actual Total Time": 132.05,
      "Actual Rows": 1,
      "Actual Loops": 1,
      "Plans": [
        {
          "Node Type": "Gather",
          "Parent Relationship": "Outer",
          "Parallel Aware": false,
          "Startup Cost": 47162.74,
          "Total Cost": 47163.15,
          "Plan Rows": 4,
          "Plan Width": 8,
          "Actual Startup Time": 118.289,
          "Actual Total Time": 132.041,
          "Actual Rows": 5,
          "Actual Loops": 1,
          "Workers Planned": 4,
          "Workers Launched": 4,
          "Single Copy": false,
          "Plans": [
            {
              "Node Type": "Aggregate",
              "Strategy": "Plain",
              "Partial Mode": "Partial",
              "Parent Relationship": "Outer",
              "Parallel Aware": false,
              "Startup Cost": 46162.74,
              "Total Cost": 46162.75,
              "Plan Rows": 1,
              "Plan Width": 8,
              "Actual Startup Time": 109.116,
              "Actual Total Time": 109.117,
              "Actual Rows": 1,
              "Actual Loops": 5,
              "Plans": [
                {
                  "Node Type": "Seq Scan",
                  "Parent Relationship": "Outer",
                  "Parallel Aware": true,
                  "Relation Name": "title",
                  "Alias": "t",
                  "Startup Cost": 0.0,
                  "Total Cost": 45479.1,
                  "Plan Rows": 273456,
                  "Plan Width": 0,
                  "Actual Startup Time": 0.041,
                  "Actual Total Time": 95.43,
                  "Actual Rows": 237910,
                  "Actual Loops": 5,
                  "Filter": "((production_year > 1988) AND (kind_id = 7))",
                  "Rows Removed by Filter": 267753
                }
              ]
            }
          ]
        }
      ]
    },
    "Planning Time": 0.176,
    "Triggers": [],
    "Execution Time": 132.113
  }
]