[
  {
    "Plan": {
      "Node Type": "Aggregate",
      "Strategy": "Plain",
      "Partial Mode": "Finalize",
      "Parallel Aware": false,
      "Startup Cost": 32693.73,
      "Total Cost": 32693.74,
      "Plan Rows": 1,
      "Plan Width": 8,
      "Actual Startup Time": 69.219,
      "Actual Total Time": 75.224,
      "Actual Rows": 1,
      "Actual Loops": 1,
      "Plans": [
        {
          "Node Type": "Gather",
          "Parent Relationship": "Outer",
          "Parallel Aware": false,
          "Startup Cost": 32693.41,
          "Total Cost": 32693.72,
          "Plan Rows": 3,
          "Plan Width": 8,
          "Actual Startup Time": 69.155,
          "Actual Total Time": 75.218,
          "Actual Rows": 4,
          "Actual Loops": 1,
          "Workers Planned": 3,
          "Workers Launched": 3,
          "Single Copy": false,
          "Plans": [
            {
              "Node Type": "Aggregate",
              "Strategy": "Plain",
              "Partial Mode": "Partial",
              "Parent Relationship": "Outer",
              "Parallel Aware": false,
              "Startup Cost": 31693.41,
              "Total Cost": 31693.42,
              "Plan Rows": 1,
              "Plan Width": 8,
              "Actual Startup Time": 66.573,
              "Actual Total Time": 66.574,
              "Actual Rows": 1,
              "Actual Loops": 4,
              "Plans": [
                {
                  "Node Type": "Seq Scan",
                  "Parent Relationship": "Outer",
                  "Parallel Aware": true,
                  "Relation Name": "movie_companies",
                  "Alias": "mc",
                  "Startup Cost": 0.0,
                  "Total Cost": 31414.82,
                  "Plan Rows": 111436,
                  "Plan Width": 0,
                  "Actual Startup Time": 28.387,
                  "Actual Total Time": 59.776,
                  "Actual Rows": 161683,
                  "Actual Loops": 4,
                  "Filter": "((company_id > 49834) AND (company_type_id > 1))",
                  "Rows Removed by Filter": 490599
                }
              ]
            }
          ]
        }
      ]
    },
    "Planning Time": 0.082,
    "Triggers": [],
    "Execution Time": 75.249
  }
]