[
  {
    "Plan": {
      "Node Type": "Aggregate",
      "Strategy": "Plain",
      "Partial Mode": "Finalize",
      "Parallel Aware": false,
      "Startup Cost": 96123.59,
      "Total Cost": 96123.6,
      "Plan Rows": 1,
      "Plan Width": 8,
      "Actual Startup Time": 432.898,
      "Actual Total Time": 448.417,
      "Actual Rows": 1,
      "Actual Loops": 1,
      "Plans": [
        {
          "Node Type": "Gather",
          "Parent Relationship": "Outer",
          "Parallel Aware": false,
          "Startup Cost": 96123.27,
          "Total Cost": 96123.58,
          "Plan Rows": 3,
          "Plan Width": 8,
          "Actual Startup Time": 428.143,
          "Actual Total Time": 448.407,
          "Actual Rows": 4,
          "Actual Loops": 1,
          "Workers Planned": 3,
          "Workers Launched": 3,
          "Single Copy": false,
          "Plans": [
            {
              "Node Type": "Aggregate",
              "Strategy": "Plain",
              "Partial Mode": "Partial",
              "Parent Relationship": "Outer",
              "Parallel Aware": false,
              "Startup Cost": 95123.27,
              "Total Cost": 95123.28,
              "Plan Rows": 1,
              "Plan Width": 8,
              "Actual Startup Time": 415.888,
              "Actual Total Time": 415.892,
              "Actual Rows": 1,
              "Actual Loops": 4,
              "Plans": [
                {
                  "Node Type": "Hash Join",
                  "Parent Relationship": "Outer",
                  "Parallel Aware": true,
                  "Join Type": "Inner",
                  "Startup Cost": 49789.5,
                  "Total Cost": 94221.24,
                  "Plan Rows": 360813,
                  "Plan Width": 0,
                  "Actual Startup Time": 248.803,
                  "Actual Total Time": 412.782,
                  "Actual Rows": 75569,
                  "Actual Loops": 4,
                  "Inner Unique": true,
                  "Hash Cond": "(mk.movie_id = t.id)",
                  "Plans": [
                    {
                      "Node Type": "Seq Scan",
                      "Parent Relationship": "Outer",
                      "Parallel Aware": true,
                      "Relation Name": "movie_keyword",
                      "Alias": "mk",
                      "Startup Cost": 0.0,
                      "Total Cost": 42695.65,
                      "Plan Rows": 661366,
                      "Plan Width": 4,
                      "Actual Startup Time": 0.37,
                      "Actual Total Time": 99.595,
                      "Actual Rows": 512130,
                      "Actual Loops": 4,
                      "Filter": "(keyword_id > 5978)",
                      "Rows Removed by Filter": 618852
                    },
                    {
                      "Node Type": "Hash",
                      "Parent Relationship": "Inner",
                      "Parallel Aware": true,
                      "Startup Cost": 45479.1,
                      "Total Cost": 45479.1,
                      "Plan Rows": 344832,
                      "Plan Width": 4,
                      "Actual Startup Time": 240.558,
                      "Actual Total Time": 240.559,
                      "Actual Rows": 365131,
                      "Actual Loops": 4,
                      "Hash Buckets": 2097152,
                      "Original Hash Buckets": 2097152,
                      "Hash Batches": 1,
                      "Original Hash Batches": 1,
                      "Peak Memory Usage": 73568,
                      "Plans": [
                        {
                          "Node Type": "Seq Scan",
                          "Parent Relationship": "Outer",
                          "Parallel Aware": true,
                          "Relation Name": "title",
                          "Alias": "t",
                          "Startup Cost": 0.0,
                          "Total Cost": 45479.1,
                          "Plan Rows": 344832,
                          "Plan Width": 4,
                          "Actual Startup Time": 0.04,
                          "Actual Total Time": 107.039,
                          "Actual Rows": 365131,
                          "Actual Loops": 4,
                          "Filter": "((production_year > 1954) AND (kind_id = 7))",
                          "Rows Removed by Filter": 266947
                        }
                      ]
                    }
                  ]
                }
              ]
            }
          ]
        }
      ]
    },
    "Planning Time": 0.618,
    "Triggers": [],
    "Execution Time": 448.508
  }
]