{
    "Plan": {
        "Node Type": "Aggregate",
        "Strategy": "Plain",
        "Partial Mode": "Finalize",
        "Parallel Aware": false,
        "Startup Cost": 305833.6,
        "Total Cost": 305833.61,
        "Plan Rows": 1,
        "Plan Width": 8,
        "Actual Startup Time": 1106.277,
        "Actual Total Time": 1139.481,
        "Actual Rows": 1,
        "Actual Loops": 1,
        "Output": [
            "count(*)"
        ],
        "Plans": [
            {
                "Node Type": "Gather",
                "Parent Relationship": "Outer",
                "Parallel Aware": false,
                "Startup Cost": 305832.97,
                "Total Cost": 305833.58,
                "Plan Rows": 6,
                "Plan Width": 8,
                "Actual Startup Time": 1098.78,
                "Actual Total Time": 1139.465,
                "Actual Rows": 7,
                "Actual Loops": 1,
                "Output": [
                    "(PARTIAL count(*))"
                ],
                "Workers Planned": 6,
                "Workers Launched": 6,
                "Single Copy": false,
                "Plans": [
                    {
                        "Node Type": "Aggregate",
                        "Strategy": "Plain",
                        "Partial Mode": "Partial",
                        "Parent Relationship": "Outer",
                        "Parallel Aware": false,
                        "Startup Cost": 304832.97,
                        "Total Cost": 304832.98,
                        "Plan Rows": 1,
                        "Plan Width": 8,
                        "Actual Startup Time": 1084.902,
                        "Actual Total Time": 1084.906,
                        "Actual Rows": 1,
                        "Actual Loops": 7,
                        "Output": [
                            "PARTIAL count(*)"
                        ],
                        "Workers": [
                            {
                                "Worker Number": 0,
                                "Actual Startup Time": 1082.047,
                                "Actual Total Time": 1082.051,
                                "Actual Rows": 1,
                                "Actual Loops": 1
                            },
                            {
                                "Worker Number": 1,
                                "Actual Startup Time": 1082.472,
                                "Actual Total Time": 1082.474,
                                "Actual Rows": 1,
                                "Actual Loops": 1
                            },
                            {
                                "Worker Number": 2,
                                "Actual Startup Time": 1083.629,
                                "Actual Total Time": 1083.632,
                                "Actual Rows": 1,
                                "Actual Loops": 1
                            },
                            {
                                "Worker Number": 3,
                                "Actual Startup Time": 1082.276,
                                "Actual Total Time": 1082.278,
                                "Actual Rows": 1,
                                "Actual Loops": 1
                            },
                            {
                                "Worker Number": 4,
                                "Actual Startup Time": 1082.621,
                                "Actual Total Time": 1082.625,
                                "Actual Rows": 1,
                                "Actual Loops": 1
                            },
                            {
                                "Worker Number": 5,
                                "Actual Startup Time": 1083.46,
                                "Actual Total Time": 1083.464,
                                "Actual Rows": 1,
                                "Actual Loops": 1
                            }
                        ],
                        "Plans": [
                            {
                                "Node Type": "Hash Join",
                                "Parent Relationship": "Outer",
                                "Parallel Aware": true,
                                "Join Type": "Inner",
                                "Startup Cost": 49489.3,
                                "Total Cost": 303303.33,
                                "Plan Rows": 611858,
                                "Plan Width": 0,
                                "Actual Startup Time": 218.046,
                                "Actual Total Time": 1035.662,
                                "Actual Rows": 853158,
                                "Actual Loops": 7,
                                "Inner Unique": true,
                                "Hash Cond": "(ci.movie_id = t.id)",
                                "Workers": [
                                    {
                                        "Worker Number": 0,
                                        "Actual Startup Time": 215.441,
                                        "Actual Total Time": 1037.333,
                                        "Actual Rows": 972433,
                                        "Actual Loops": 1
                                    },
                                    {
                                        "Worker Number": 1,
                                        "Actual Startup Time": 215.491,
                                        "Actual Total Time": 1037.426,
                                        "Actual Rows": 1033361,
                                        "Actual Loops": 1
                                    },
                                    {
                                        "Worker Number": 2,
                                        "Actual Startup Time": 215.435,
                                        "Actual Total Time": 1031.874,
                                        "Actual Rows": 729407,
                                        "Actual Loops": 1
                                    },
                                    {
                                        "Worker Number": 3,
                                        "Actual Startup Time": 215.393,
                                        "Actual Total Time": 1038.006,
                                        "Actual Rows": 965204,
                                        "Actual Loops": 1
                                    },
                                    {
                                        "Worker Number": 4,
                                        "Actual Startup Time": 216.444,
                                        "Actual Total Time": 1030.71,
                                        "Actual Rows": 733870,
                                        "Actual Loops": 1
                                    },
                                    {
                                        "Worker Number": 5,
                                        "Actual Startup Time": 216.814,
                                        "Actual Total Time": 1032.228,
                                        "Actual Rows": 724075,
                                        "Actual Loops": 1
                                    }
                                ],
                                "Plans": [
                                    {
                                        "Node Type": "Index Scan",
                                        "Parent Relationship": "Outer",
                                        "Parallel Aware": true,
                                        "Scan Direction": "Forward",
                                        "Index Name": "role_id_cast_info",
                                        "Relation Name": "cast_info",
                                        "Schema": "public",
                                        "Alias": "ci",
                                        "Startup Cost": 0.56,
                                        "Total Cost": 251544.36,
                                        "Plan Rows": 864854,
                                        "Plan Width": 4,
                                        "Actual Startup Time": 0.32,
                                        "Actual Total Time": 349.902,
                                        "Actual Rows": 1037781,
                                        "Actual Loops": 7,
                                        "Output": [
                                            "ci.id",
                                            "ci.person_id",
                                            "ci.movie_id",
                                            "ci.person_role_id",
                                            "ci.note",
                                            "ci.nr_order",
                                            "ci.role_id"
                                        ],
                                        "Index Cond": "(ci.role_id > 4)",
                                        "Rows Removed by Index Recheck": 0,
                                        "Filter": "(ci.person_id > 1590516)",
                                        "Rows Removed by Filter": 302891,
                                        "Workers": [
                                            {
                                                "Worker Number": 0,
                                                "Actual Startup Time": 0.379,
                                                "Actual Total Time": 343.52,
                                                "Actual Rows": 1187934,
                                                "Actual Loops": 1
                                            },
                                            {
                                                "Worker Number": 1,
                                                "Actual Startup Time": 0.072,
                                                "Actual Total Time": 340.972,
                                                "Actual Rows": 1254531,
                                                "Actual Loops": 1
                                            },
                                            {
                                                "Worker Number": 2,
                                                "Actual Startup Time": 0.21,
                                                "Actual Total Time": 368.119,
                                                "Actual Rows": 892348,
                                                "Actual Loops": 1
                                            },
                                            {
                                                "Worker Number": 3,
                                                "Actual Startup Time": 0.208,
                                                "Actual Total Time": 343.441,
                                                "Actual Rows": 1175389,
                                                "Actual Loops": 1
                                            },
                                            {
                                                "Worker Number": 4,
                                                "Actual Startup Time": 0.427,
                                                "Actual Total Time": 366.578,
                                                "Actual Rows": 890878,
                                                "Actual Loops": 1
                                            },
                                            {
                                                "Worker Number": 5,
                                                "Actual Startup Time": 0.539,
                                                "Actual Total Time": 368.081,
                                                "Actual Rows": 876557,
                                                "Actual Loops": 1
                                            }
                                        ]
                                    },
                                    {
                                        "Node Type": "Hash",
                                        "Parent Relationship": "Inner",
                                        "Parallel Aware": true,
                                        "Startup Cost": 43899.01,
                                        "Total Cost": 43899.01,
                                        "Plan Rows": 447178,
                                        "Plan Width": 4,
                                        "Actual Startup Time": 212.988,
                                        "Actual Total Time": 212.99,
                                        "Actual Rows": 256198,
                                        "Actual Loops": 7,
                                        "Output": [
                                            "t.id"
                                        ],
                                        "Hash Buckets": 2097152,
                                        "Original Hash Buckets": 2097152,
                                        "Hash Batches": 1,
                                        "Original Hash Batches": 1,
                                        "Peak Memory Usage": 86656,
                                        "Workers": [
                                            {
                                                "Worker Number": 0,
                                                "Actual Startup Time": 214.379,
                                                "Actual Total Time": 214.38,
                                                "Actual Rows": 275789,
                                                "Actual Loops": 1
                                            },
                                            {
                                                "Worker Number": 1,
                                                "Actual Startup Time": 214.734,
                                                "Actual Total Time": 214.735,
                                                "Actual Rows": 294800,
                                                "Actual Loops": 1
                                            },
                                            {
                                                "Worker Number": 2,
                                                "Actual Startup Time": 214.472,
                                                "Actual Total Time": 214.473,
                                                "Actual Rows": 219630,
                                                "Actual Loops": 1
                                            },
                                            {
                                                "Worker Number": 3,
                                                "Actual Startup Time": 214.68,
                                                "Actual Total Time": 214.681,
                                                "Actual Rows": 268997,
                                                "Actual Loops": 1
                                            },
                                            {
                                                "Worker Number": 4,
                                                "Actual Startup Time": 215.015,
                                                "Actual Total Time": 215.016,
                                                "Actual Rows": 219371,
                                                "Actual Loops": 1
                                            },
                                            {
                                                "Worker Number": 5,
                                                "Actual Startup Time": 215.995,
                                                "Actual Total Time": 215.996,
                                                "Actual Rows": 222779,
                                                "Actual Loops": 1
                                            }
                                        ],
                                        "Plans": [
                                            {
                                                "Node Type": "Seq Scan",
                                                "Parent Relationship": "Outer",
                                                "Parallel Aware": true,
                                                "Relation Name": "title",
                                                "Schema": "public",
                                                "Alias": "t",
                                                "Startup Cost": 0.0,
                                                "Total Cost": 43899.01,
                                                "Plan Rows": 447178,
                                                "Plan Width": 4,
                                                "Actual Startup Time": 0.057,
                                                "Actual Total Time": 89.951,
                                                "Actual Rows": 256198,
                                                "Actual Loops": 7,
                                                "Output": [
                                                    "t.id"
                                                ],
                                                "Filter": "(t.production_year > 1988)",
                                                "Rows Removed by Filter": 104990,
                                                "Workers": [
                                                    {
                                                        "Worker Number": 0,
                                                        "Actual Startup Time": 0.063,
                                                        "Actual Total Time": 91.222,
                                                        "Actual Rows": 275789,
                                                        "Actual Loops": 1
                                                    },
                                                    {
                                                        "Worker Number": 1,
                                                        "Actual Startup Time": 0.072,
                                                        "Actual Total Time": 87.889,
                                                        "Actual Rows": 294800,
                                                        "Actual Loops": 1
                                                    },
                                                    {
                                                        "Worker Number": 2,
                                                        "Actual Startup Time": 0.062,
                                                        "Actual Total Time": 92.066,
                                                        "Actual Rows": 219630,
                                                        "Actual Loops": 1
                                                    },
                                                    {
                                                        "Worker Number": 3,
                                                        "Actual Startup Time": 0.072,
                                                        "Actual Total Time": 91.343,
                                                        "Actual Rows": 268997,
                                                        "Actual Loops": 1
                                                    },
                                                    {
                                                        "Worker Number": 4,
                                                        "Actual Startup Time": 0.066,
                                                        "Actual Total Time": 92.144,
                                                        "Actual Rows": 219371,
                                                        "Actual Loops": 1
                                                    },
                                                    {
                                                        "Worker Number": 5,
                                                        "Actual Startup Time": 0.049,
                                                        "Actual Total Time": 94.74,
                                                        "Actual Rows": 222779,
                                                        "Actual Loops": 1
                                                    }
                                                ]
                                            }
                                        ]
                                    }
                                ]
                            }
                        ]
                    }
                ]
            }
        ]
    },
    "Planning Time": 0.763,
    "Triggers": [],
    "Execution Time": 1139.576
}