[
    {
        "Bao": {
            "Bao prediction": 439.078,
            "Bao recommended hint": "(no hint)"
        }
    },
    {
        "Plan": {
            "Node Type": "Aggregate",
            "Strategy": "Plain",
            "Partial Mode": "Finalize",
            "Parallel Aware": false,
            "Startup Cost": 32692.07,
            "Total Cost": 32692.08,
            "Plan Rows": 1,
            "Plan Width": 8,
            "Actual Startup Time": 87.533,
            "Actual Total Time": 92.876,
            "Actual Rows": 1,
            "Actual Loops": 1,
            "Output": [
                "count(*)"
            ],
            "Plans": [
                {
                    "Node Type": "Gather",
                    "Parent Relationship": "Outer",
                    "Parallel Aware": false,
                    "Startup Cost": 32691.75,
                    "Total Cost": 32692.06,
                    "Plan Rows": 3,
                    "Plan Width": 8,
                    "Actual Startup Time": 87.459,
                    "Actual Total Time": 92.869,
                    "Actual Rows": 4,
                    "Actual Loops": 1,
                    "Output": [
                        "(PARTIAL count(*))"
                    ],
                    "Workers Planned": 3,
                    "Workers Launched": 3,
                    "Single Copy": false,
                    "Plans": [
                        {
                            "Node Type": "Aggregate",
                            "Strategy": "Plain",
                            "Partial Mode": "Partial",
                            "Parent Relationship": "Outer",
                            "Parallel Aware": false,
                            "Startup Cost": 31691.75,
                            "Total Cost": 31691.76,
                            "Plan Rows": 1,
                            "Plan Width": 8,
                            "Actual Startup Time": 79.734,
                            "Actual Total Time": 79.735,
                            "Actual Rows": 1,
                            "Actual Loops": 4,
                            "Output": [
                                "PARTIAL count(*)"
                            ],
                            "Workers": [
                                {
                                    "Worker Number": 0,
                                    "Actual Startup Time": 77.029,
                                    "Actual Total Time": 77.03,
                                    "Actual Rows": 1,
                                    "Actual Loops": 1
                                },
                                {
                                    "Worker Number": 1,
                                    "Actual Startup Time": 77.512,
                                    "Actual Total Time": 77.513,
                                    "Actual Rows": 1,
                                    "Actual Loops": 1
                                },
                                {
                                    "Worker Number": 2,
                                    "Actual Startup Time": 77.515,
                                    "Actual Total Time": 77.516,
                                    "Actual Rows": 1,
                                    "Actual Loops": 1
                                }
                            ],
                            "Plans": [
                                {
                                    "Node Type": "Seq Scan",
                                    "Parent Relationship": "Outer",
                                    "Parallel Aware": true,
                                    "Relation Name": "movie_companies",
                                    "Schema": "public",
                                    "Alias": "mc",
                                    "Startup Cost": 0.0,
                                    "Total Cost": 31414.82,
                                    "Plan Rows": 110774,
                                    "Plan Width": 0,
                                    "Actual Startup Time": 34.317,
                                    "Actual Total Time": 79.199,
                                    "Actual Rows": 8493,
                                    "Actual Loops": 4,
                                    "Output": [
                                        "id",
                                        "movie_id",
                                        "company_id",
                                        "company_type_id",
                                        "note"
                                    ],
                                    "Filter": "((mc.company_id > 45503) AND (mc.company_type_id = 1))",
                                    "Rows Removed by Filter": 643789,
                                    "Workers": [
                                        {
                                            "Worker Number": 0,
                                            "Actual Startup Time": 31.608,
                                            "Actual Total Time": 76.539,
                                            "Actual Rows": 6055,
                                            "Actual Loops": 1
                                        },
                                        {
                                            "Worker Number": 1,
                                            "Actual Startup Time": 32.104,
                                            "Actual Total Time": 76.996,
                                            "Actual Rows": 9437,
                                            "Actual Loops": 1
                                        },
                                        {
                                            "Worker Number": 2,
                                            "Actual Startup Time": 32.097,
                                            "Actual Total Time": 77.0,
                                            "Actual Rows": 9385,
                                            "Actual Loops": 1
                                        }
                                    ]
                                }
                            ]
                        }
                    ]
                }
            ]
        },
        "Planning Time": 809.44,
        "Triggers": [],
        "Execution Time": 92.966
    }
]