[
  {
    "Plan": {
      "Node Type": "Aggregate",
      "Strategy": "Plain",
      "Partial Mode": "Finalize",
      "Parallel Aware": false,
      "Startup Cost": 45378.38,
      "Total Cost": 45378.39,
      "Plan Rows": 1,
      "Plan Width": 8,
      "Actual Startup Time": 144.838,
      "Actual Total Time": 154.877,
      "Actual Rows": 1,
      "Actual Loops": 1,
      "Plans": [
        {
          "Node Type": "Gather",
          "Parent Relationship": "Outer",
          "Parallel Aware": false,
          "Startup Cost": 45378.06,
          "Total Cost": 45378.37,
          "Plan Rows": 3,
          "Plan Width": 8,
          "Actual Startup Time": 144.709,
          "Actual Total Time": 154.868,
          "Actual Rows": 4,
          "Actual Loops": 1,
          "Workers Planned": 3,
          "Workers Launched": 3,
          "Single Copy": false,
          "Plans": [
            {
              "Node Type": "Aggregate",
              "Strategy": "Plain",
              "Partial Mode": "Partial",
              "Parent Relationship": "Outer",
              "Parallel Aware": false,
              "Startup Cost": 44378.06,
              "Total Cost": 44378.07,
              "Plan Rows": 1,
              "Plan Width": 8,
              "Actual Startup Time": 138.851,
              "Actual Total Time": 138.852,
              "Actual Rows": 1,
              "Actual Loops": 4,
              "Plans": [
                {
                  "Node Type": "Seq Scan",
                  "Parent Relationship": "Outer",
                  "Parallel Aware": true,
                  "Relation Name": "movie_keyword",
                  "Alias": "mk",
                  "Startup Cost": 0.0,
                  "Total Cost": 42695.65,
                  "Plan Rows": 672962,
                  "Plan Width": 0,
                  "Actual Startup Time": 0.052,
                  "Actual Total Time": 114.209,
                  "Actual Rows": 521964,
                  "Actual Loops": 4,
                  "Filter": "(keyword_id < 3734)",
                  "Rows Removed by Filter": 609019
                }
              ]
            }
          ]
        }
      ]
    },
    "Planning Time": 0.15,
    "Triggers": [],
    "Execution Time": 154.923
  }
]