[
  {
    "Plan": {
      "Node Type": "Aggregate",
      "Strategy": "Plain",
      "Partial Mode": "Finalize",
      "Parallel Aware": false,
      "Startup Cost": 69233.26,
      "Total Cost": 69233.27,
      "Plan Rows": 1,
      "Plan Width": 8,
      "Actual Startup Time": 127.473,
      "Actual Total Time": 143.02,
      "Actual Rows": 1,
      "Actual Loops": 1,
      "Plans": [
        {
          "Node Type": "Gather",
          "Parent Relationship": "Outer",
          "Parallel Aware": false,
          "Startup Cost": 69232.84,
          "Total Cost": 69233.25,
          "Plan Rows": 4,
          "Plan Width": 8,
          "Actual Startup Time": 127.321,
          "Actual Total Time": 143.007,
          "Actual Rows": 5,
          "Actual Loops": 1,
          "Workers Planned": 4,
          "Workers Launched": 4,
          "Single Copy": false,
          "Plans": [
            {
              "Node Type": "Aggregate",
              "Strategy": "Plain",
              "Partial Mode": "Partial",
              "Parent Relationship": "Outer",
              "Parallel Aware": false,
              "Startup Cost": 68232.84,
              "Total Cost": 68232.85,
              "Plan Rows": 1,
              "Plan Width": 8,
              "Actual Startup Time": 116.921,
              "Actual Total Time": 116.924,
              "Actual Rows": 1,
              "Actual Loops": 5,
              "Plans": [
                {
                  "Node Type": "Nested Loop",
                  "Parent Relationship": "Outer",
                  "Parallel Aware": false,
                  "Join Type": "Inner",
                  "Startup Cost": 0.43,
                  "Total Cost": 68226.54,
                  "Plan Rows": 2522,
                  "Plan Width": 0,
                  "Actual Startup Time": 0.717,
                  "Actual Total Time": 116.518,
                  "Actual Rows": 2863,
                  "Actual Loops": 5,
                  "Inner Unique": false,
                  "Plans": [
                    {
                      "Node Type": "Seq Scan",
                      "Parent Relationship": "Outer",
                      "Parallel Aware": true,
                      "Relation Name": "title",
                      "Alias": "t",
                      "Startup Cost": 0.0,
                      "Total Cost": 43899.32,
                      "Plan Rows": 2444,
                      "Plan Width": 4,
                      "Actual Startup Time": 0.459,
                      "Actual Total Time": 95.253,
                      "Actual Rows": 1601,
                      "Actual Loops": 5,
                      "Filter": "(production_year = 1955)",
                      "Rows Removed by Filter": 504061
                    },
                    {
                      "Node Type": "Index Only Scan",
                      "Parent Relationship": "Inner",
                      "Parallel Aware": false,
                      "Scan Direction": "Forward",
                      "Index Name": "movie_id_movie_companies",
                      "Relation Name": "movie_companies",
                      "Alias": "mc",
                      "Startup Cost": 0.43,
                      "Total Cost": 9.9,
                      "Plan Rows": 5,
                      "Plan Width": 4,
                      "Actual Startup Time": 0.01,
                      "Actual Total Time": 0.012,
                      "Actual Rows": 2,
                      "Actual Loops": 8007,
                      "Index Cond": "(movie_id = t.id)",
                      "Rows Removed by Index Recheck": 0,
                      "Heap Fetches": 14314
                    }
                  ]
                }
              ]
            }
          ]
        }
      ]
    },
    "Planning Time": 0.64,
    "Triggers": [],
    "Execution Time": 143.102
  }
]