{
  "Plan": {
    "Node Type": "Aggregate",
    "Strategy": "Plain",
    "Partial Mode": "Finalize",
    "Parallel Aware": false,
    "Startup Cost": 688154.41,
    "Total Cost": 688154.42,
    "Plan Rows": 1,
    "Plan Width": 8,
    "Actual Startup Time": 5214.952,
    "Actual Total Time": 5283.467,
    "Actual Rows": 1,
    "Actual Loops": 1,
    "Plans": [
      {
        "Node Type": "Gather",
        "Parent Relationship": "Outer",
        "Parallel Aware": false,
        "Startup Cost": 688154.29,
        "Total Cost": 688154.4,
        "Plan Rows": 1,
        "Plan Width": 8,
        "Actual Startup Time": 5208.701,
        "Actual Total Time": 5283.454,
        "Actual Rows": 2,
        "Actual Loops": 1,
        "Workers Planned": 1,
        "Workers Launched": 1,
        "Single Copy": false,
        "Plans": [
          {
            "Node Type": "Aggregate",
            "Strategy": "Plain",
            "Partial Mode": "Partial",
            "Parent Relationship": "Outer",
            "Parallel Aware": false,
            "Startup Cost": 687154.29,
            "Total Cost": 687154.3,
            "Plan Rows": 1,
            "Plan Width": 8,
            "Actual Startup Time": 5197.69,
            "Actual Total Time": 5197.694,
            "Actual Rows": 1,
            "Actual Loops": 2,
            "Plans": [
              {
                "Node Type": "Hash Join",
                "Parent Relationship": "Outer",
                "Parallel Aware": true,
                "Join Type": "Inner",
                "Startup Cost": 71410.08,
                "Total Cost": 667066.25,
                "Plan Rows": 8035219,
                "Plan Width": 0,
                "Actual Startup Time": 774.522,
                "Actual Total Time": 4948.37,
                "Actual Rows": 6484714,
                "Actual Loops": 2,
                "Inner Unique": true,
                "Hash Cond": "(ci.movie_id = t.id)",
                "Plans": [
                  {
                    "Node Type": "Seq Scan",
                    "Parent Relationship": "Outer",
                    "Parallel Aware": true,
                    "Relation Name": "cast_info",
                    "Alias": "ci",
                    "Startup Cost": 0.0,
                    "Total Cost": 572345.93,
                    "Plan Rows": 8880074,
                    "Plan Width": 4,
                    "Actual Startup Time": 244.056,
                    "Actual Total Time": 1693.093,
                    "Actual Rows": 6888767,
                    "Actual Loops": 2,
                    "Filter": "((person_id > 865461) AND (role_id < 3))",
                    "Rows Removed by Filter": 11233405
                  },
                  {
                    "Node Type": "Hash",
                    "Parent Relationship": "Inner",
                    "Parallel Aware": true,
                    "Startup Cost": 54588.39,
                    "Total Cost": 54588.39,
                    "Plan Rows": 1345735,
                    "Plan Width": 4,
                    "Actual Startup Time": 508.458,
                    "Actual Total Time": 508.459,
                    "Actual Rows": 1140804,
                    "Actual Loops": 2,
                    "Hash Buckets": 4194304,
                    "Original Hash Buckets": 4194304,
                    "Hash Batches": 1,
                    "Original Hash Batches": 1,
                    "Peak Memory Usage": 122080,
                    "Plans": [
                      {
                        "Node Type": "Seq Scan",
                        "Parent Relationship": "Outer",
                        "Parallel Aware": true,
                        "Relation Name": "title",
                        "Alias": "t",
                        "Startup Cost": 0.0,
                        "Total Cost": 54588.39,
                        "Plan Rows": 1345735,
                        "Plan Width": 4,
                        "Actual Startup Time": 0.044,
                        "Actual Total Time": 184.031,
                        "Actual Rows": 1140804,
                        "Actual Loops": 2,
                        "Filter": "(production_year > 1951)",
                        "Rows Removed by Filter": 123352
                      }
                    ]
                  }
                ]
              }
            ]
          }
        ]
      }
    ]
  },
  "Planning Time": 1.371,
  "Triggers": [],
  "Execution Time": 5283.549
}