[
    {
        "Bao": {
            "Bao prediction": 495.635,
            "Bao recommended hint": "(no hint)"
        }
    },
    {
        "Plan": {
            "Node Type": "Aggregate",
            "Strategy": "Plain",
            "Partial Mode": "Finalize",
            "Parallel Aware": false,
            "Startup Cost": 350583.98,
            "Total Cost": 350583.99,
            "Plan Rows": 1,
            "Plan Width": 8,
            "Actual Startup Time": 917.655,
            "Actual Total Time": 949.364,
            "Actual Rows": 1,
            "Actual Loops": 1,
            "Output": [
                "count(*)"
            ],
            "Plans": [
                {
                    "Node Type": "Gather",
                    "Parent Relationship": "Outer",
                    "Parallel Aware": false,
                    "Startup Cost": 350583.36,
                    "Total Cost": 350583.97,
                    "Plan Rows": 6,
                    "Plan Width": 8,
                    "Actual Startup Time": 917.516,
                    "Actual Total Time": 949.353,
                    "Actual Rows": 7,
                    "Actual Loops": 1,
                    "Output": [
                        "(PARTIAL count(*))"
                    ],
                    "Workers Planned": 6,
                    "Workers Launched": 6,
                    "Single Copy": false,
                    "Plans": [
                        {
                            "Node Type": "Aggregate",
                            "Strategy": "Plain",
                            "Partial Mode": "Partial",
                            "Parent Relationship": "Outer",
                            "Parallel Aware": false,
                            "Startup Cost": 349583.36,
                            "Total Cost": 349583.37,
                            "Plan Rows": 1,
                            "Plan Width": 8,
                            "Actual Startup Time": 908.118,
                            "Actual Total Time": 908.119,
                            "Actual Rows": 1,
                            "Actual Loops": 7,
                            "Output": [
                                "PARTIAL count(*)"
                            ],
                            "Workers": [
                                {
                                    "Worker Number": 0,
                                    "Actual Startup Time": 905.943,
                                    "Actual Total Time": 905.944,
                                    "Actual Rows": 1,
                                    "Actual Loops": 1
                                },
                                {
                                    "Worker Number": 1,
                                    "Actual Startup Time": 906.278,
                                    "Actual Total Time": 906.279,
                                    "Actual Rows": 1,
                                    "Actual Loops": 1
                                },
                                {
                                    "Worker Number": 2,
                                    "Actual Startup Time": 906.263,
                                    "Actual Total Time": 906.264,
                                    "Actual Rows": 1,
                                    "Actual Loops": 1
                                },
                                {
                                    "Worker Number": 3,
                                    "Actual Startup Time": 906.504,
                                    "Actual Total Time": 906.505,
                                    "Actual Rows": 1,
                                    "Actual Loops": 1
                                },
                                {
                                    "Worker Number": 4,
                                    "Actual Startup Time": 907.363,
                                    "Actual Total Time": 907.364,
                                    "Actual Rows": 1,
                                    "Actual Loops": 1
                                },
                                {
                                    "Worker Number": 5,
                                    "Actual Startup Time": 907.763,
                                    "Actual Total Time": 907.765,
                                    "Actual Rows": 1,
                                    "Actual Loops": 1
                                }
                            ],
                            "Plans": [
                                {
                                    "Node Type": "Seq Scan",
                                    "Parent Relationship": "Outer",
                                    "Parallel Aware": true,
                                    "Relation Name": "cast_info",
                                    "Schema": "public",
                                    "Alias": "ci",
                                    "Startup Cost": 0.0,
                                    "Total Cost": 343318.94,
                                    "Plan Rows": 2505768,
                                    "Plan Width": 0,
                                    "Actual Startup Time": 280.42,
                                    "Actual Total Time": 809.618,
                                    "Actual Rows": 1485503,
                                    "Actual Loops": 7,
                                    "Output": [
                                        "id",
                                        "person_id",
                                        "movie_id",
                                        "person_role_id",
                                        "note",
                                        "nr_order",
                                        "role_id"
                                    ],
                                    "Filter": "((ci.person_id < 2358293) AND (ci.role_id > 1))",
                                    "Rows Removed by Filter": 3692260,
                                    "Workers": [
                                        {
                                            "Worker Number": 0,
                                            "Actual Startup Time": 278.245,
                                            "Actual Total Time": 809.405,
                                            "Actual Rows": 1439310,
                                            "Actual Loops": 1
                                        },
                                        {
                                            "Worker Number": 1,
                                            "Actual Startup Time": 278.572,
                                            "Actual Total Time": 809.554,
                                            "Actual Rows": 1438953,
                                            "Actual Loops": 1
                                        },
                                        {
                                            "Worker Number": 2,
                                            "Actual Startup Time": 278.578,
                                            "Actual Total Time": 808.937,
                                            "Actual Rows": 1453029,
                                            "Actual Loops": 1
                                        },
                                        {
                                            "Worker Number": 3,
                                            "Actual Startup Time": 278.808,
                                            "Actual Total Time": 812.367,
                                            "Actual Rows": 1394795,
                                            "Actual Loops": 1
                                        },
                                        {
                                            "Worker Number": 4,
                                            "Actual Startup Time": 279.657,
                                            "Actual Total Time": 810.329,
                                            "Actual Rows": 1446115,
                                            "Actual Loops": 1
                                        },
                                        {
                                            "Worker Number": 5,
                                            "Actual Startup Time": 280.062,
                                            "Actual Total Time": 810.985,
                                            "Actual Rows": 1443002,
                                            "Actual Loops": 1
                                        }
                                    ]
                                }
                            ]
                        }
                    ]
                }
            ]
        },
        "Planning Time": 2301.328,
        "Triggers": [],
        "Execution Time": 949.454
    }
]