[
  {
    "Plan": {
      "Node Type": "Aggregate",
      "Strategy": "Plain",
      "Partial Mode": "Finalize",
      "Parallel Aware": false,
      "Startup Cost": 95265.92,
      "Total Cost": 95265.93,
      "Plan Rows": 1,
      "Plan Width": 8,
      "Actual Startup Time": 351.846,
      "Actual Total Time": 369.627,
      "Actual Rows": 1,
      "Actual Loops": 1,
      "Plans": [
        {
          "Node Type": "Gather",
          "Parent Relationship": "Outer",
          "Parallel Aware": false,
          "Startup Cost": 95265.61,
          "Total Cost": 95265.92,
          "Plan Rows": 3,
          "Plan Width": 8,
          "Actual Startup Time": 349.224,
          "Actual Total Time": 369.618,
          "Actual Rows": 4,
          "Actual Loops": 1,
          "Workers Planned": 3,
          "Workers Launched": 3,
          "Single Copy": false,
          "Plans": [
            {
              "Node Type": "Aggregate",
              "Strategy": "Plain",
              "Partial Mode": "Partial",
              "Parent Relationship": "Outer",
              "Parallel Aware": false,
              "Startup Cost": 94265.61,
              "Total Cost": 94265.62,
              "Plan Rows": 1,
              "Plan Width": 8,
              "Actual Startup Time": 338.461,
              "Actual Total Time": 338.575,
              "Actual Rows": 1,
              "Actual Loops": 4,
              "Plans": [
                {
                  "Node Type": "Hash Join",
                  "Parent Relationship": "Outer",
                  "Parallel Aware": true,
                  "Join Type": "Inner",
                  "Startup Cost": 63565.16,
                  "Total Cost": 94228.19,
                  "Plan Rows": 14968,
                  "Plan Width": 0,
                  "Actual Startup Time": 261.158,
                  "Actual Total Time": 336.401,
                  "Actual Rows": 51324,
                  "Actual Loops": 4,
                  "Inner Unique": false,
                  "Hash Cond": "(mc.movie_id = t.id)",
                  "Plans": [
                    {
                      "Node Type": "Seq Scan",
                      "Parent Relationship": "Outer",
                      "Parallel Aware": true,
                      "Relation Name": "movie_companies",
                      "Alias": "mc",
                      "Startup Cost": 0.0,
                      "Total Cost": 29310.68,
                      "Plan Rows": 343993,
                      "Plan Width": 4,
                      "Actual Startup Time": 0.023,
                      "Actual Total Time": 62.188,
                      "Actual Rows": 265939,
                      "Actual Loops": 4,
                      "Filter": "(company_id < 6429)",
                      "Rows Removed by Filter": 386344
                    },
                    {
                      "Node Type": "Hash",
                      "Parent Relationship": "Inner",
                      "Parallel Aware": true,
                      "Startup Cost": 62992.19,
                      "Total Cost": 62992.19,
                      "Plan Rows": 45838,
                      "Plan Width": 8,
                      "Actual Startup Time": 233.211,
                      "Actual Total Time": 233.324,
                      "Actual Rows": 45863,
                      "Actual Loops": 4,
                      "Hash Buckets": 262144,
                      "Original Hash Buckets": 131072,
                      "Hash Batches": 1,
                      "Original Hash Batches": 1,
                      "Peak Memory Usage": 10336,
                      "Plans": [
                        {
                          "Node Type": "Hash Join",
                          "Parent Relationship": "Outer",
                          "Parallel Aware": true,
                          "Join Type": "Inner",
                          "Startup Cost": 47365.56,
                          "Total Cost": 62992.19,
                          "Plan Rows": 45838,
                          "Plan Width": 8,
                          "Actual Startup Time": 173.598,
                          "Actual Total Time": 215.234,
                          "Actual Rows": 45863,
                          "Actual Loops": 4,
                          "Inner Unique": true,
                          "Hash Cond": "(mi_idx.movie_id = t.id)",
                          "Plans": [
                            {
                              "Node Type": "Seq Scan",
                              "Parent Relationship": "Outer",
                              "Parallel Aware": true,
                              "Relation Name": "movie_info_idx",
                              "Alias": "mi_idx",
                              "Startup Cost": 0.0,
                              "Total Cost": 15122.68,
                              "Plan Rows": 191978,
                              "Plan Width": 4,
                              "Actual Startup Time": 0.024,
                              "Actual Total Time": 29.916,
                              "Actual Rows": 114981,
                              "Actual Loops": 4,
                              "Filter": "(info_type_id = 101)",
                              "Rows Removed by Filter": 230028
                            },
                            {
                              "Node Type": "Hash",
                              "Parent Relationship": "Inner",
                              "Parallel Aware": true,
                              "Startup Cost": 45479.1,
                              "Total Cost": 45479.1,
                              "Plan Rows": 150917,
                              "Plan Width": 4,
                              "Actual Startup Time": 147.552,
                              "Actual Total Time": 147.553,
                              "Actual Rows": 124342,
                              "Actual Loops": 4,
                              "Hash Buckets": 1048576,
                              "Original Hash Buckets": 1048576,
                              "Hash Batches": 1,
                              "Original Hash Batches": 1,
                              "Peak Memory Usage": 27680,
                              "Plans": [
                                {
                                  "Node Type": "Seq Scan",
                                  "Parent Relationship": "Outer",
                                  "Parallel Aware": true,
                                  "Relation Name": "title",
                                  "Alias": "t",
                                  "Startup Cost": 0.0,
                                  "Total Cost": 45479.1,
                                  "Plan Rows": 150917,
                                  "Plan Width": 4,
                                  "Actual Startup Time": 48.503,
                                  "Actual Total Time": 104.01,
                                  "Actual Rows": 124342,
                                  "Actual Loops": 4,
                                  "Filter": "((production_year > 1948) AND (kind_id = 1))",
                                  "Rows Removed by Filter": 507736
                                }
                              ]
                            }
                          ]
                        }
                      ]
                    }
                  ]
                }
              ]
            }
          ]
        }
      ]
    },
    "Planning Time": 1.474,
    "Triggers": [],
    "Execution Time": 369.71
  }
]