{
  "Plan": {
    "Node Type": "Aggregate",
    "Strategy": "Plain",
    "Partial Mode": "Finalize",
    "Parallel Aware": false,
    "Startup Cost": 74446.64,
    "Total Cost": 74446.65,
    "Plan Rows": 1,
    "Plan Width": 8,
    "Actual Startup Time": 258.639,
    "Actual Total Time": 271.631,
    "Actual Rows": 1,
    "Actual Loops": 1,
    "Plans": [
      {
        "Node Type": "Gather",
        "Parent Relationship": "Outer",
        "Parallel Aware": false,
        "Startup Cost": 74446.52,
        "Total Cost": 74446.63,
        "Plan Rows": 1,
        "Plan Width": 8,
        "Actual Startup Time": 258.274,
        "Actual Total Time": 271.625,
        "Actual Rows": 2,
        "Actual Loops": 1,
        "Workers Planned": 1,
        "Workers Launched": 1,
        "Single Copy": false,
        "Plans": [
          {
            "Node Type": "Aggregate",
            "Strategy": "Plain",
            "Partial Mode": "Partial",
            "Parent Relationship": "Outer",
            "Parallel Aware": false,
            "Startup Cost": 73446.52,
            "Total Cost": 73446.53,
            "Plan Rows": 1,
            "Plan Width": 8,
            "Actual Startup Time": 252.289,
            "Actual Total Time": 252.293,
            "Actual Rows": 1,
            "Actual Loops": 2,
            "Plans": [
              {
                "Node Type": "Hash Join",
                "Parent Relationship": "Outer",
                "Parallel Aware": true,
                "Join Type": "Inner",
                "Startup Cost": 55196.36,
                "Total Cost": 73380.15,
                "Plan Rows": 26548,
                "Plan Width": 0,
                "Actual Startup Time": 189.196,
                "Actual Total Time": 251.932,
                "Actual Rows": 8061,
                "Actual Loops": 2,
                "Inner Unique": true,
                "Hash Cond": "(mi_idx.movie_id = t.id)",
                "Plans": [
                  {
                    "Node Type": "Seq Scan",
                    "Parent Relationship": "Outer",
                    "Parallel Aware": true,
                    "Relation Name": "movie_info_idx",
                    "Alias": "mi_idx",
                    "Startup Cost": 0.0,
                    "Total Cost": 16052.85,
                    "Plan Rows": 811785,
                    "Plan Width": 4,
                    "Actual Startup Time": 0.019,
                    "Actual Total Time": 46.771,
                    "Actual Rows": 690018,
                    "Actual Loops": 2
                  },
                  {
                    "Node Type": "Hash",
                    "Parent Relationship": "Inner",
                    "Parallel Aware": true,
                    "Startup Cost": 54588.39,
                    "Total Cost": 54588.39,
                    "Plan Rows": 48638,
                    "Plan Width": 4,
                    "Actual Startup Time": 145.406,
                    "Actual Total Time": 145.407,
                    "Actual Rows": 42630,
                    "Actual Loops": 2,
                    "Hash Buckets": 131072,
                    "Original Hash Buckets": 131072,
                    "Hash Batches": 1,
                    "Original Hash Batches": 1,
                    "Peak Memory Usage": 4384,
                    "Plans": [
                      {
                        "Node Type": "Seq Scan",
                        "Parent Relationship": "Outer",
                        "Parallel Aware": true,
                        "Relation Name": "title",
                        "Alias": "t",
                        "Startup Cost": 0.0,
                        "Total Cost": 54588.39,
                        "Plan Rows": 48638,
                        "Plan Width": 4,
                        "Actual Startup Time": 70.846,
                        "Actual Total Time": 135.888,
                        "Actual Rows": 42630,
                        "Actual Loops": 2,
                        "Filter": "(production_year < 1920)",
                        "Rows Removed by Filter": 1221526
                      }
                    ]
                  }
                ]
              }
            ]
          }
        ]
      }
    ]
  },
  "Planning Time": 0.372,
  "Triggers": [],
  "Execution Time": 271.695
}