{
  "Plan": {
    "Node Type": "Aggregate",
    "Strategy": "Plain",
    "Partial Mode": "Finalize",
    "Parallel Aware": false,
    "Startup Cost": 103594.6,
    "Total Cost": 103594.61,
    "Plan Rows": 1,
    "Plan Width": 8,
    "Actual Startup Time": 553.01,
    "Actual Total Time": 565.969,
    "Actual Rows": 1,
    "Actual Loops": 1,
    "Plans": [
      {
        "Node Type": "Gather",
        "Parent Relationship": "Outer",
        "Parallel Aware": false,
        "Startup Cost": 103594.48,
        "Total Cost": 103594.59,
        "Plan Rows": 1,
        "Plan Width": 8,
        "Actual Startup Time": 551.608,
        "Actual Total Time": 565.962,
        "Actual Rows": 2,
        "Actual Loops": 1,
        "Workers Planned": 1,
        "Workers Launched": 1,
        "Single Copy": false,
        "Plans": [
          {
            "Node Type": "Aggregate",
            "Strategy": "Plain",
            "Partial Mode": "Partial",
            "Parent Relationship": "Outer",
            "Parallel Aware": false,
            "Startup Cost": 102594.48,
            "Total Cost": 102594.49,
            "Plan Rows": 1,
            "Plan Width": 8,
            "Actual Startup Time": 545.426,
            "Actual Total Time": 545.43,
            "Actual Rows": 1,
            "Actual Loops": 2,
            "Plans": [
              {
                "Node Type": "Hash Join",
                "Parent Relationship": "Outer",
                "Parallel Aware": true,
                "Join Type": "Inner",
                "Startup Cost": 39606.88,
                "Total Cost": 101752.8,
                "Plan Rows": 336672,
                "Plan Width": 0,
                "Actual Startup Time": 156.338,
                "Actual Total Time": 532.717,
                "Actual Rows": 295475,
                "Actual Loops": 2,
                "Inner Unique": false,
                "Hash Cond": "(t.id = mc.movie_id)",
                "Plans": [
                  {
                    "Node Type": "Seq Scan",
                    "Parent Relationship": "Outer",
                    "Parallel Aware": true,
                    "Relation Name": "title",
                    "Alias": "t",
                    "Startup Cost": 0.0,
                    "Total Cost": 50870.31,
                    "Plan Rows": 1487231,
                    "Plan Width": 4,
                    "Actual Startup Time": 0.011,
                    "Actual Total Time": 116.032,
                    "Actual Rows": 1264156,
                    "Actual Loops": 2
                  },
                  {
                    "Node Type": "Hash",
                    "Parent Relationship": "Inner",
                    "Parallel Aware": true,
                    "Startup Cost": 35398.48,
                    "Total Cost": 35398.48,
                    "Plan Rows": 336672,
                    "Plan Width": 4,
                    "Actual Startup Time": 146.882,
                    "Actual Total Time": 146.883,
                    "Actual Rows": 295475,
                    "Actual Loops": 2,
                    "Hash Buckets": 1048576,
                    "Original Hash Buckets": 1048576,
                    "Hash Batches": 1,
                    "Original Hash Batches": 1,
                    "Peak Memory Usage": 31360,
                    "Plans": [
                      {
                        "Node Type": "Bitmap Heap Scan",
                        "Parent Relationship": "Outer",
                        "Parallel Aware": true,
                        "Relation Name": "movie_companies",
                        "Alias": "mc",
                        "Startup Cost": 12400.08,
                        "Total Cost": 35398.48,
                        "Plan Rows": 336672,
                        "Plan Width": 4,
                        "Actual Startup Time": 31.432,
                        "Actual Total Time": 82.591,
                        "Actual Rows": 295475,
                        "Actual Loops": 2,
                        "Recheck Cond": "(company_id > 70245)",
                        "Rows Removed by Index Recheck": 0,
                        "Exact Heap Blocks": 4642,
                        "Lossy Heap Blocks": 0,
                        "Plans": [
                          {
                            "Node Type": "Bitmap Index Scan",
                            "Parent Relationship": "Outer",
                            "Parallel Aware": false,
                            "Index Name": "company_id_movie_companies",
                            "Startup Cost": 0.0,
                            "Total Cost": 12256.99,
                            "Plan Rows": 572342,
                            "Plan Width": 0,
                            "Actual Startup Time": 30.29,
                            "Actual Total Time": 30.291,
                            "Actual Rows": 590950,
                            "Actual Loops": 1,
                            "Index Cond": "(company_id > 70245)"
                          }
                        ]
                      }
                    ]
                  }
                ]
              }
            ]
          }
        ]
      }
    ]
  },
  "Planning Time": 0.658,
  "Triggers": [],
  "Execution Time": 566.06
}