{
  "Plan": {
    "Node Type": "Aggregate",
    "Strategy": "Plain",
    "Partial Mode": "Finalize",
    "Parallel Aware": false,
    "Startup Cost": 409679.04,
    "Total Cost": 409679.05,
    "Plan Rows": 1,
    "Plan Width": 8,
    "Actual Startup Time": 3730.462,
    "Actual Total Time": 3751.331,
    "Actual Rows": 1,
    "Actual Loops": 1,
    "Plans": [
      {
        "Node Type": "Gather",
        "Parent Relationship": "Outer",
        "Parallel Aware": false,
        "Startup Cost": 409678.93,
        "Total Cost": 409679.04,
        "Plan Rows": 1,
        "Plan Width": 8,
        "Actual Startup Time": 3719.86,
        "Actual Total Time": 3751.325,
        "Actual Rows": 2,
        "Actual Loops": 1,
        "Workers Planned": 1,
        "Workers Launched": 1,
        "Single Copy": false,
        "Plans": [
          {
            "Node Type": "Aggregate",
            "Strategy": "Plain",
            "Partial Mode": "Partial",
            "Parent Relationship": "Outer",
            "Parallel Aware": false,
            "Startup Cost": 408678.93,
            "Total Cost": 408678.94,
            "Plan Rows": 1,
            "Plan Width": 8,
            "Actual Startup Time": 3713.33,
            "Actual Total Time": 3713.336,
            "Actual Rows": 1,
            "Actual Loops": 2,
            "Plans": [
              {
                "Node Type": "Merge Join",
                "Parent Relationship": "Outer",
                "Parallel Aware": false,
                "Join Type": "Inner",
                "Startup Cost": 263254.58,
                "Total Cost": 407198.84,
                "Plan Rows": 592038,
                "Plan Width": 0,
                "Actual Startup Time": 1722.714,
                "Actual Total Time": 3321.66,
                "Actual Rows": 8910511,
                "Actual Loops": 2,
                "Inner Unique": false,
                "Merge Cond": "(mc.movie_id = t.id)",
                "Plans": [
                  {
                    "Node Type": "Index Only Scan",
                    "Parent Relationship": "Outer",
                    "Parallel Aware": true,
                    "Scan Direction": "Forward",
                    "Index Name": "movie_id_movie_companies",
                    "Relation Name": "movie_companies",
                    "Alias": "mc",
                    "Startup Cost": 0.43,
                    "Total Cost": 129315.97,
                    "Plan Rows": 1534782,
                    "Plan Width": 4,
                    "Actual Startup Time": 0.096,
                    "Actual Total Time": 346.678,
                    "Actual Rows": 1304564,
                    "Actual Loops": 2,
                    "Heap Fetches": 2609129
                  },
                  {
                    "Node Type": "Sort",
                    "Parent Relationship": "Inner",
                    "Parallel Aware": false,
                    "Startup Cost": 263254.05,
                    "Total Cost": 265692.26,
                    "Plan Rows": 975283,
                    "Plan Width": 8,
                    "Actual Startup Time": 1722.56,
                    "Actual Total Time": 2073.473,
                    "Actual Rows": 10051895,
                    "Actual Loops": 2,
                    "Sort Key": [
                      "t.id"
                    ],
                    "Sort Method": "quicksort",
                    "Sort Space Used": 199240,
                    "Sort Space Type": "Memory",
                    "Workers": [
                      {
                        "Worker Number": 0,
                        "Sort Method": "quicksort",
                        "Sort Space Used": 199240,
                        "Sort Space Type": "Memory"
                      }
                    ],
                    "Plans": [
                      {
                        "Node Type": "Hash Join",
                        "Parent Relationship": "Outer",
                        "Parallel Aware": false,
                        "Join Type": "Inner",
                        "Startup Cost": 78703.7,
                        "Total Cost": 166235.52,
                        "Plan Rows": 975283,
                        "Plan Width": 8,
                        "Actual Startup Time": 424.421,
                        "Actual Total Time": 1293.718,
                        "Actual Rows": 2153298,
                        "Actual Loops": 2,
                        "Inner Unique": true,
                        "Hash Cond": "(mk.movie_id = t.id)",
                        "Plans": [
                          {
                            "Node Type": "Seq Scan",
                            "Parent Relationship": "Outer",
                            "Parallel Aware": false,
                            "Relation Name": "movie_keyword",
                            "Alias": "mk",
                            "Startup Cost": 0.0,
                            "Total Cost": 81003.12,
                            "Plan Rows": 2487120,
                            "Plan Width": 4,
                            "Actual Startup Time": 0.042,
                            "Actual Total Time": 405.523,
                            "Actual Rows": 2487899,
                            "Actual Loops": 2,
                            "Filter": "(keyword_id < 6054)",
                            "Rows Removed by Filter": 2036031
                          },
                          {
                            "Node Type": "Hash",
                            "Parent Relationship": "Inner",
                            "Parallel Aware": false,
                            "Startup Cost": 66310.85,
                            "Total Cost": 66310.85,
                            "Plan Rows": 991428,
                            "Plan Width": 4,
                            "Actual Startup Time": 412.594,
                            "Actual Total Time": 412.596,
                            "Actual Rows": 985048,
                            "Actual Loops": 2,
                            "Hash Buckets": 1048576,
                            "Original Hash Buckets": 1048576,
                            "Hash Batches": 1,
                            "Original Hash Batches": 1,
                            "Peak Memory Usage": 42823,
                            "Plans": [
                              {
                                "Node Type": "Bitmap Heap Scan",
                                "Parent Relationship": "Outer",
                                "Parallel Aware": false,
                                "Relation Name": "title",
                                "Alias": "t",
                                "Startup Cost": 17920.0,
                                "Total Cost": 66310.85,
                                "Plan Rows": 991428,
                                "Plan Width": 4,
                                "Actual Startup Time": 53.956,
                                "Actual Total Time": 226.179,
                                "Actual Rows": 985048,
                                "Actual Loops": 2,
                                "Recheck Cond": "(kind_id < 7)",
                                "Rows Removed by Index Recheck": 0,
                                "Exact Heap Blocks": 35472,
                                "Lossy Heap Blocks": 0,
                                "Plans": [
                                  {
                                    "Node Type": "Bitmap Index Scan",
                                    "Parent Relationship": "Outer",
                                    "Parallel Aware": false,
                                    "Index Name": "kind_id_title",
                                    "Startup Cost": 0.0,
                                    "Total Cost": 17672.14,
                                    "Plan Rows": 991428,
                                    "Plan Width": 0,
                                    "Actual Startup Time": 49.134,
                                    "Actual Total Time": 49.134,
                                    "Actual Rows": 985048,
                                    "Actual Loops": 2,
                                    "Index Cond": "(kind_id < 7)"
                                  }
                                ]
                              }
                            ]
                          }
                        ]
                      }
                    ]
                  }
                ]
              }
            ]
          }
        ]
      }
    ]
  },
  "Planning Time": 0.895,
  "Triggers": [],
  "Execution Time": 3766.341
}