{
  "Plan": {
    "Node Type": "Aggregate",
    "Strategy": "Plain",
    "Partial Mode": "Finalize",
    "Parallel Aware": false,
    "Startup Cost": 118875.3,
    "Total Cost": 118875.31,
    "Plan Rows": 1,
    "Plan Width": 8,
    "Actual Startup Time": 300.045,
    "Actual Total Time": 300.362,
    "Actual Rows": 1,
    "Actual Loops": 1,
    "Plans": [
      {
        "Node Type": "Gather",
        "Parent Relationship": "Outer",
        "Parallel Aware": false,
        "Startup Cost": 118875.18,
        "Total Cost": 118875.29,
        "Plan Rows": 1,
        "Plan Width": 8,
        "Actual Startup Time": 300.026,
        "Actual Total Time": 300.356,
        "Actual Rows": 2,
        "Actual Loops": 1,
        "Workers Planned": 1,
        "Workers Launched": 1,
        "Single Copy": false,
        "Plans": [
          {
            "Node Type": "Aggregate",
            "Strategy": "Plain",
            "Partial Mode": "Partial",
            "Parent Relationship": "Outer",
            "Parallel Aware": false,
            "Startup Cost": 117875.18,
            "Total Cost": 117875.19,
            "Plan Rows": 1,
            "Plan Width": 8,
            "Actual Startup Time": 274.3,
            "Actual Total Time": 274.303,
            "Actual Rows": 1,
            "Actual Loops": 2,
            "Plans": [
              {
                "Node Type": "Merge Join",
                "Parent Relationship": "Outer",
                "Parallel Aware": false,
                "Join Type": "Inner",
                "Startup Cost": 115466.8,
                "Total Cost": 117849.59,
                "Plan Rows": 10236,
                "Plan Width": 0,
                "Actual Startup Time": 221.829,
                "Actual Total Time": 274.233,
                "Actual Rows": 1200,
                "Actual Loops": 2,
                "Inner Unique": false,
                "Merge Cond": "(t.id = mc.movie_id)",
                "Plans": [
                  {
                    "Node Type": "Sort",
                    "Parent Relationship": "Outer",
                    "Parallel Aware": false,
                    "Startup Cost": 89096.23,
                    "Total Cost": 90071.61,
                    "Plan Rows": 390151,
                    "Plan Width": 4,
                    "Actual Startup Time": 180.427,
                    "Actual Total Time": 211.809,
                    "Actual Rows": 330786,
                    "Actual Loops": 2,
                    "Sort Key": [
                      "t.id"
                    ],
                    "Sort Method": "quicksort",
                    "Sort Space Used": 32339,
                    "Sort Space Type": "Memory",
                    "Workers": [
                      {
                        "Worker Number": 0,
                        "Sort Method": "quicksort",
                        "Sort Space Used": 17164,
                        "Sort Space Type": "Memory"
                      }
                    ],
                    "Plans": [
                      {
                        "Node Type": "Bitmap Heap Scan",
                        "Parent Relationship": "Outer",
                        "Parallel Aware": true,
                        "Relation Name": "title",
                        "Alias": "t",
                        "Startup Cost": 11988.66,
                        "Total Cost": 52863.55,
                        "Plan Rows": 390151,
                        "Plan Width": 4,
                        "Actual Startup Time": 38.824,
                        "Actual Total Time": 100.814,
                        "Actual Rows": 331412,
                        "Actual Loops": 2,
                        "Recheck Cond": "(kind_id < 2)",
                        "Rows Removed by Index Recheck": 0,
                        "Exact Heap Blocks": 8513,
                        "Lossy Heap Blocks": 0,
                        "Plans": [
                          {
                            "Node Type": "Bitmap Index Scan",
                            "Parent Relationship": "Outer",
                            "Parallel Aware": false,
                            "Index Name": "kind_id_title",
                            "Startup Cost": 0.0,
                            "Total Cost": 11822.85,
                            "Plan Rows": 663256,
                            "Plan Width": 0,
                            "Actual Startup Time": 42.381,
                            "Actual Total Time": 42.381,
                            "Actual Rows": 662825,
                            "Actual Loops": 1,
                            "Index Cond": "(kind_id < 2)"
                          }
                        ]
                      }
                    ]
                  },
                  {
                    "Node Type": "Sort",
                    "Parent Relationship": "Inner",
                    "Parallel Aware": false,
                    "Startup Cost": 26370.53,
                    "Total Cost": 26536.37,
                    "Plan Rows": 66337,
                    "Plan Width": 4,
                    "Actual Startup Time": 36.243,
                    "Actual Total Time": 38.684,
                    "Actual Rows": 69928,
                    "Actual Loops": 2,
                    "Sort Key": [
                      "mc.movie_id"
                    ],
                    "Sort Method": "quicksort",
                    "Sort Space Used": 6350,
                    "Sort Space Type": "Memory",
                    "Workers": [
                      {
                        "Worker Number": 0,
                        "Sort Method": "quicksort",
                        "Sort Space Used": 6350,
                        "Sort Space Type": "Memory"
                      }
                    ],
                    "Plans": [
                      {
                        "Node Type": "Bitmap Heap Scan",
                        "Parent Relationship": "Outer",
                        "Parallel Aware": false,
                        "Relation Name": "movie_companies",
                        "Alias": "mc",
                        "Startup Cost": 1438.54,
                        "Total Cost": 21057.75,
                        "Plan Rows": 66337,
                        "Plan Width": 4,
                        "Actual Startup Time": 3.585,
                        "Actual Total Time": 23.778,
                        "Actual Rows": 69928,
                        "Actual Loops": 2,
                        "Recheck Cond": "(company_id < 11)",
                        "Rows Removed by Index Recheck": 0,
                        "Exact Heap Blocks": 6512,
                        "Lossy Heap Blocks": 0,
                        "Plans": [
                          {
                            "Node Type": "Bitmap Index Scan",
                            "Parent Relationship": "Outer",
                            "Parallel Aware": false,
                            "Index Name": "company_id_movie_companies",
                            "Startup Cost": 0.0,
                            "Total Cost": 1421.96,
                            "Plan Rows": 66337,
                            "Plan Width": 0,
                            "Actual Startup Time": 2.887,
                            "Actual Total Time": 2.887,
                            "Actual Rows": 69928,
                            "Actual Loops": 2,
                            "Index Cond": "(company_id < 11)"
                          }
                        ]
                      }
                    ]
                  }
                ]
              }
            ]
          }
        ]
      }
    ]
  },
  "Planning Time": 0.807,
  "Triggers": [],
  "Execution Time": 304.246
}