[
  {
    "Plan": {
      "Node Type": "Aggregate",
      "Strategy": "Plain",
      "Partial Mode": "Finalize",
      "Parallel Aware": false,
      "Startup Cost": 33104.69,
      "Total Cost": 33104.7,
      "Plan Rows": 1,
      "Plan Width": 8,
      "Actual Startup Time": 90.603,
      "Actual Total Time": 97.962,
      "Actual Rows": 1,
      "Actual Loops": 1,
      "Plans": [
        {
          "Node Type": "Gather",
          "Parent Relationship": "Outer",
          "Parallel Aware": false,
          "Startup Cost": 33104.38,
          "Total Cost": 33104.69,
          "Plan Rows": 3,
          "Plan Width": 8,
          "Actual Startup Time": 90.49,
          "Actual Total Time": 97.952,
          "Actual Rows": 4,
          "Actual Loops": 1,
          "Workers Planned": 3,
          "Workers Launched": 3,
          "Single Copy": false,
          "Plans": [
            {
              "Node Type": "Aggregate",
              "Strategy": "Plain",
              "Partial Mode": "Partial",
              "Parent Relationship": "Outer",
              "Parallel Aware": false,
              "Startup Cost": 32104.38,
              "Total Cost": 32104.39,
              "Plan Rows": 1,
              "Plan Width": 8,
              "Actual Startup Time": 85.58,
              "Actual Total Time": 85.581,
              "Actual Rows": 1,
              "Actual Loops": 4,
              "Plans": [
                {
                  "Node Type": "Seq Scan",
                  "Parent Relationship": "Outer",
                  "Parallel Aware": true,
                  "Relation Name": "movie_companies",
                  "Alias": "mc",
                  "Startup Cost": 0.0,
                  "Total Cost": 31414.82,
                  "Plan Rows": 275823,
                  "Plan Width": 0,
                  "Actual Startup Time": 36.472,
                  "Actual Total Time": 74.097,
                  "Actual Rows": 264928,
                  "Actual Loops": 4,
                  "Filter": "((company_id > 3425) AND (company_type_id > 1))",
                  "Rows Removed by Filter": 387354
                }
              ]
            }
          ]
        }
      ]
    },
    "Planning Time": 0.088,
    "Triggers": [],
    "Execution Time": 97.989
  }
]