[
  {
    "Plan": {
      "Node Type": "Aggregate",
      "Strategy": "Plain",
      "Partial Mode": "Finalize",
      "Parallel Aware": false,
      "Startup Cost": 46868.73,
      "Total Cost": 46868.74,
      "Plan Rows": 1,
      "Plan Width": 8,
      "Actual Startup Time": 105.974,
      "Actual Total Time": 117.752,
      "Actual Rows": 1,
      "Actual Loops": 1,
      "Plans": [
        {
          "Node Type": "Gather",
          "Parent Relationship": "Outer",
          "Parallel Aware": false,
          "Startup Cost": 46868.31,
          "Total Cost": 46868.72,
          "Plan Rows": 4,
          "Plan Width": 8,
          "Actual Startup Time": 105.83,
          "Actual Total Time": 117.744,
          "Actual Rows": 5,
          "Actual Loops": 1,
          "Workers Planned": 4,
          "Workers Launched": 4,
          "Single Copy": false,
          "Plans": [
            {
              "Node Type": "Aggregate",
              "Strategy": "Plain",
              "Partial Mode": "Partial",
              "Parent Relationship": "Outer",
              "Parallel Aware": false,
              "Startup Cost": 45868.31,
              "Total Cost": 45868.32,
              "Plan Rows": 1,
              "Plan Width": 8,
              "Actual Startup Time": 98.145,
              "Actual Total Time": 98.163,
              "Actual Rows": 1,
              "Actual Loops": 5,
              "Plans": [
                {
                  "Node Type": "Seq Scan",
                  "Parent Relationship": "Outer",
                  "Parallel Aware": true,
                  "Relation Name": "title",
                  "Alias": "t",
                  "Startup Cost": 0.0,
                  "Total Cost": 45479.1,
                  "Plan Rows": 155686,
                  "Plan Width": 0,
                  "Actual Startup Time": 46.808,
                  "Actual Total Time": 93.271,
                  "Actual Rows": 114211,
                  "Actual Loops": 5,
                  "Filter": "((production_year > 1919) AND (kind_id = 1))",
                  "Rows Removed by Filter": 391452
                }
              ]
            }
          ]
        }
      ]
    },
    "Planning Time": 0.159,
    "Triggers": [],
    "Execution Time": 117.806
  }
]