{
    "Plan": {
        "Node Type": "Aggregate",
        "Strategy": "Plain",
        "Partial Mode": "Finalize",
        "Parallel Aware": false,
        "Startup Cost": 96716.64,
        "Total Cost": 96716.65,
        "Plan Rows": 1,
        "Plan Width": 8,
        "Actual Startup Time": 601.169,
        "Actual Total Time": 618.915,
        "Actual Rows": 1,
        "Actual Loops": 1,
        "Output": [
            "count(*)"
        ],
        "Plans": [
            {
                "Node Type": "Gather",
                "Parent Relationship": "Outer",
                "Parallel Aware": false,
                "Startup Cost": 96716.33,
                "Total Cost": 96716.64,
                "Plan Rows": 3,
                "Plan Width": 8,
                "Actual Startup Time": 594.092,
                "Actual Total Time": 618.903,
                "Actual Rows": 4,
                "Actual Loops": 1,
                "Output": [
                    "(PARTIAL count(*))"
                ],
                "Workers Planned": 3,
                "Workers Launched": 3,
                "Single Copy": false,
                "Plans": [
                    {
                        "Node Type": "Aggregate",
                        "Strategy": "Plain",
                        "Partial Mode": "Partial",
                        "Parent Relationship": "Outer",
                        "Parallel Aware": false,
                        "Startup Cost": 95716.33,
                        "Total Cost": 95716.34,
                        "Plan Rows": 1,
                        "Plan Width": 8,
                        "Actual Startup Time": 585.047,
                        "Actual Total Time": 585.245,
                        "Actual Rows": 1,
                        "Actual Loops": 4,
                        "Output": [
                            "PARTIAL count(*)"
                        ],
                        "Workers": [
                            {
                                "Worker Number": 0,
                                "Actual Startup Time": 581.7,
                                "Actual Total Time": 581.705,
                                "Actual Rows": 1,
                                "Actual Loops": 1
                            },
                            {
                                "Worker Number": 1,
                                "Actual Startup Time": 582.669,
                                "Actual Total Time": 582.674,
                                "Actual Rows": 1,
                                "Actual Loops": 1
                            },
                            {
                                "Worker Number": 2,
                                "Actual Startup Time": 582.507,
                                "Actual Total Time": 582.514,
                                "Actual Rows": 1,
                                "Actual Loops": 1
                            }
                        ],
                        "Plans": [
                            {
                                "Node Type": "Hash Join",
                                "Parent Relationship": "Outer",
                                "Parallel Aware": true,
                                "Join Type": "Inner",
                                "Startup Cost": 64563.96,
                                "Total Cost": 95420.22,
                                "Plan Rows": 118444,
                                "Plan Width": 0,
                                "Actual Startup Time": 374.107,
                                "Actual Total Time": 559.806,
                                "Actual Rows": 581919,
                                "Actual Loops": 4,
                                "Inner Unique": false,
                                "Hash Cond": "(mc.movie_id = t.id)",
                                "Workers": [
                                    {
                                        "Worker Number": 0,
                                        "Actual Startup Time": 370.933,
                                        "Actual Total Time": 557.632,
                                        "Actual Rows": 626019,
                                        "Actual Loops": 1
                                    },
                                    {
                                        "Worker Number": 1,
                                        "Actual Startup Time": 371.223,
                                        "Actual Total Time": 558.658,
                                        "Actual Rows": 635555,
                                        "Actual Loops": 1
                                    },
                                    {
                                        "Worker Number": 2,
                                        "Actual Startup Time": 371.728,
                                        "Actual Total Time": 556.684,
                                        "Actual Rows": 419696,
                                        "Actual Loops": 1
                                    }
                                ],
                                "Plans": [
                                    {
                                        "Node Type": "Seq Scan",
                                        "Parent Relationship": "Outer",
                                        "Parallel Aware": true,
                                        "Relation Name": "movie_companies",
                                        "Schema": "public",
                                        "Alias": "mc",
                                        "Startup Cost": 0.0,
                                        "Total Cost": 27206.55,
                                        "Plan Rows": 841655,
                                        "Plan Width": 4,
                                        "Actual Startup Time": 0.02,
                                        "Actual Total Time": 60.883,
                                        "Actual Rows": 652282,
                                        "Actual Loops": 4,
                                        "Output": [
                                            "mc.id",
                                            "mc.movie_id",
                                            "mc.company_id",
                                            "mc.company_type_id",
                                            "mc.note"
                                        ],
                                        "Workers": [
                                            {
                                                "Worker Number": 0,
                                                "Actual Startup Time": 0.023,
                                                "Actual Total Time": 62.869,
                                                "Actual Rows": 697892,
                                                "Actual Loops": 1
                                            },
                                            {
                                                "Worker Number": 1,
                                                "Actual Startup Time": 0.019,
                                                "Actual Total Time": 60.802,
                                                "Actual Rows": 700530,
                                                "Actual Loops": 1
                                            },
                                            {
                                                "Worker Number": 2,
                                                "Actual Startup Time": 0.025,
                                                "Actual Total Time": 65.2,
                                                "Actual Rows": 475094,
                                                "Actual Loops": 1
                                            }
                                        ]
                                    },
                                    {
                                        "Node Type": "Hash",
                                        "Parent Relationship": "Inner",
                                        "Parallel Aware": true,
                                        "Startup Cost": 62710.82,
                                        "Total Cost": 62710.82,
                                        "Plan Rows": 148251,
                                        "Plan Width": 8,
                                        "Actual Startup Time": 340.978,
                                        "Actual Total Time": 341.175,
                                        "Actual Rows": 157474,
                                        "Actual Loops": 4,
                                        "Output": [
                                            "t.id",
                                            "mi_idx.movie_id"
                                        ],
                                        "Hash Buckets": 1048576,
                                        "Original Hash Buckets": 524288,
                                        "Hash Batches": 1,
                                        "Original Hash Batches": 1,
                                        "Peak Memory Usage": 36992,
                                        "Workers": [
                                            {
                                                "Worker Number": 0,
                                                "Actual Startup Time": 340.731,
                                                "Actual Total Time": 340.734,
                                                "Actual Rows": 167124,
                                                "Actual Loops": 1
                                            },
                                            {
                                                "Worker Number": 1,
                                                "Actual Startup Time": 341.01,
                                                "Actual Total Time": 341.014,
                                                "Actual Rows": 171731,
                                                "Actual Loops": 1
                                            },
                                            {
                                                "Worker Number": 2,
                                                "Actual Startup Time": 341.591,
                                                "Actual Total Time": 341.596,
                                                "Actual Rows": 118327,
                                                "Actual Loops": 1
                                            }
                                        ],
                                        "Plans": [
                                            {
                                                "Node Type": "Hash Join",
                                                "Parent Relationship": "Outer",
                                                "Parallel Aware": true,
                                                "Join Type": "Inner",
                                                "Startup Cost": 47516.26,
                                                "Total Cost": 62710.82,
                                                "Plan Rows": 148251,
                                                "Plan Width": 8,
                                                "Actual Startup Time": 216.21,
                                                "Actual Total Time": 287.618,
                                                "Actual Rows": 157474,
                                                "Actual Loops": 4,
                                                "Output": [
                                                    "t.id",
                                                    "mi_idx.movie_id"
                                                ],
                                                "Inner Unique": true,
                                                "Hash Cond": "(mi_idx.movie_id = t.id)",
                                                "Workers": [
                                                    {
                                                        "Worker Number": 0,
                                                        "Actual Startup Time": 216.24,
                                                        "Actual Total Time": 287.681,
                                                        "Actual Rows": 167124,
                                                        "Actual Loops": 1
                                                    },
                                                    {
                                                        "Worker Number": 1,
                                                        "Actual Startup Time": 216.134,
                                                        "Actual Total Time": 287.299,
                                                        "Actual Rows": 171731,
                                                        "Actual Loops": 1
                                                    },
                                                    {
                                                        "Worker Number": 2,
                                                        "Actual Startup Time": 216.11,
                                                        "Actual Total Time": 287.653,
                                                        "Actual Rows": 118327,
                                                        "Actual Loops": 1
                                                    }
                                                ],
                                                "Plans": [
                                                    {
                                                        "Node Type": "Seq Scan",
                                                        "Parent Relationship": "Outer",
                                                        "Parallel Aware": true,
                                                        "Relation Name": "movie_info_idx",
                                                        "Schema": "public",
                                                        "Alias": "mi_idx",
                                                        "Startup Cost": 0.0,
                                                        "Total Cost": 13685.15,
                                                        "Plan Rows": 575015,
                                                        "Plan Width": 4,
                                                        "Actual Startup Time": 0.011,
                                                        "Actual Total Time": 31.353,
                                                        "Actual Rows": 345009,
                                                        "Actual Loops": 4,
                                                        "Output": [
                                                            "mi_idx.id",
                                                            "mi_idx.movie_id",
                                                            "mi_idx.info_type_id",
                                                            "mi_idx.info",
                                                            "mi_idx.note"
                                                        ],
                                                        "Workers": [
                                                            {
                                                                "Worker Number": 0,
                                                                "Actual Startup Time": 0.008,
                                                                "Actual Total Time": 31.963,
                                                                "Actual Rows": 366828,
                                                                "Actual Loops": 1
                                                            },
                                                            {
                                                                "Worker Number": 1,
                                                                "Actual Startup Time": 0.008,
                                                                "Actual Total Time": 30.931,
                                                                "Actual Rows": 372357,
                                                                "Actual Loops": 1
                                                            },
                                                            {
                                                                "Worker Number": 2,
                                                                "Actual Startup Time": 0.019,
                                                                "Actual Total Time": 33.453,
                                                                "Actual Rows": 255155,
                                                                "Actual Loops": 1
                                                            }
                                                        ]
                                                    },
                                                    {
                                                        "Node Type": "Hash",
                                                        "Parent Relationship": "Inner",
                                                        "Parallel Aware": true,
                                                        "Startup Cost": 45479.21,
                                                        "Total Cost": 45479.21,
                                                        "Plan Rows": 162964,
                                                        "Plan Width": 4,
                                                        "Actual Startup Time": 180.473,
                                                        "Actual Total Time": 180.475,
                                                        "Actual Rows": 164078,
                                                        "Actual Loops": 4,
                                                        "Output": [
                                                            "t.id"
                                                        ],
                                                        "Hash Buckets": 1048576,
                                                        "Original Hash Buckets": 1048576,
                                                        "Hash Batches": 1,
                                                        "Original Hash Batches": 1,
                                                        "Peak Memory Usage": 33952,
                                                        "Workers": [
                                                            {
                                                                "Worker Number": 0,
                                                                "Actual Startup Time": 183.608,
                                                                "Actual Total Time": 183.609,
                                                                "Actual Rows": 172108,
                                                                "Actual Loops": 1
                                                            },
                                                            {
                                                                "Worker Number": 1,
                                                                "Actual Startup Time": 183.47,
                                                                "Actual Total Time": 183.471,
                                                                "Actual Rows": 170229,
                                                                "Actual Loops": 1
                                                            },
                                                            {
                                                                "Worker Number": 2,
                                                                "Actual Startup Time": 183.496,
                                                                "Actual Total Time": 183.498,
                                                                "Actual Rows": 122546,
                                                                "Actual Loops": 1
                                                            }
                                                        ],
                                                        "Plans": [
                                                            {
                                                                "Node Type": "Seq Scan",
                                                                "Parent Relationship": "Outer",
                                                                "Parallel Aware": true,
                                                                "Relation Name": "title",
                                                                "Schema": "public",
                                                                "Alias": "t",
                                                                "Startup Cost": 0.0,
                                                                "Total Cost": 45479.21,
                                                                "Plan Rows": 162964,
                                                                "Plan Width": 4,
                                                                "Actual Startup Time": 51.46,
                                                                "Actual Total Time": 113.838,
                                                                "Actual Rows": 164078,
                                                                "Actual Loops": 4,
                                                                "Output": [
                                                                    "t.id"
                                                                ],
                                                                "Filter": "((t.production_year > 0) AND (t.kind_id = 1))",
                                                                "Rows Removed by Filter": 468000,
                                                                "Workers": [
                                                                    {
                                                                        "Worker Number": 0,
                                                                        "Actual Startup Time": 65.892,
                                                                        "Actual Total Time": 115.055,
                                                                        "Actual Rows": 172108,
                                                                        "Actual Loops": 1
                                                                    },
                                                                    {
                                                                        "Worker Number": 1,
                                                                        "Actual Startup Time": 65.875,
                                                                        "Actual Total Time": 111.535,
                                                                        "Actual Rows": 170229,
                                                                        "Actual Loops": 1
                                                                    },
                                                                    {
                                                                        "Worker Number": 2,
                                                                        "Actual Startup Time": 65.924,
                                                                        "Actual Total Time": 116.509,
                                                                        "Actual Rows": 122546,
                                                                        "Actual Loops": 1
                                                                    }
                                                                ]
                                                            }
                                                        ]
                                                    }
                                                ]
                                            }
                                        ]
                                    }
                                ]
                            }
                        ]
                    }
                ]
            }
        ]
    },
    "Planning Time": 1.574,
    "Triggers": [],
    "Execution Time": 619.009
}