[
  {
    "Plan": {
      "Node Type": "Aggregate",
      "Strategy": "Plain",
      "Partial Mode": "Finalize",
      "Parallel Aware": false,
      "Startup Cost": 31581.16,
      "Total Cost": 31581.17,
      "Plan Rows": 1,
      "Plan Width": 8,
      "Actual Startup Time": 89.27,
      "Actual Total Time": 97.462,
      "Actual Rows": 1,
      "Actual Loops": 1,
      "Plans": [
        {
          "Node Type": "Gather",
          "Parent Relationship": "Outer",
          "Parallel Aware": false,
          "Startup Cost": 31580.84,
          "Total Cost": 31581.15,
          "Plan Rows": 3,
          "Plan Width": 8,
          "Actual Startup Time": 89.17,
          "Actual Total Time": 97.453,
          "Actual Rows": 4,
          "Actual Loops": 1,
          "Workers Planned": 3,
          "Workers Launched": 3,
          "Single Copy": false,
          "Plans": [
            {
              "Node Type": "Aggregate",
              "Strategy": "Plain",
              "Partial Mode": "Partial",
              "Parent Relationship": "Outer",
              "Parallel Aware": false,
              "Startup Cost": 30580.84,
              "Total Cost": 30580.85,
              "Plan Rows": 1,
              "Plan Width": 8,
              "Actual Startup Time": 85.853,
              "Actual Total Time": 85.854,
              "Actual Rows": 1,
              "Actual Loops": 4,
              "Plans": [
                {
                  "Node Type": "Seq Scan",
                  "Parent Relationship": "Outer",
                  "Parallel Aware": true,
                  "Relation Name": "movie_companies",
                  "Alias": "mc",
                  "Startup Cost": 0.0,
                  "Total Cost": 29310.68,
                  "Plan Rows": 508063,
                  "Plan Width": 0,
                  "Actual Startup Time": 0.013,
                  "Actual Total Time": 68.91,
                  "Actual Rows": 395188,
                  "Actual Loops": 4,
                  "Filter": "(company_id < 15657)",
                  "Rows Removed by Filter": 257094
                }
              ]
            }
          ]
        }
      ]
    },
    "Planning Time": 0.088,
    "Triggers": [],
    "Execution Time": 97.488
  }
]