[
  {
    "Plan": {
      "Node Type": "Aggregate",
      "Strategy": "Plain",
      "Partial Mode": "Finalize",
      "Parallel Aware": false,
      "Startup Cost": 99066.39,
      "Total Cost": 99066.4,
      "Plan Rows": 1,
      "Plan Width": 8,
      "Actual Startup Time": 526.894,
      "Actual Total Time": 537.745,
      "Actual Rows": 1,
      "Actual Loops": 1,
      "Plans": [
        {
          "Node Type": "Gather",
          "Parent Relationship": "Outer",
          "Parallel Aware": false,
          "Startup Cost": 99066.17,
          "Total Cost": 99066.38,
          "Plan Rows": 2,
          "Plan Width": 8,
          "Actual Startup Time": 523.735,
          "Actual Total Time": 537.739,
          "Actual Rows": 3,
          "Actual Loops": 1,
          "Workers Planned": 2,
          "Workers Launched": 2,
          "Single Copy": false,
          "Plans": [
            {
              "Node Type": "Aggregate",
              "Strategy": "Plain",
              "Partial Mode": "Partial",
              "Parent Relationship": "Outer",
              "Parallel Aware": false,
              "Startup Cost": 98066.17,
              "Total Cost": 98066.18,
              "Plan Rows": 1,
              "Plan Width": 8,
              "Actual Startup Time": 517.733,
              "Actual Total Time": 517.738,
              "Actual Rows": 1,
              "Actual Loops": 3,
              "Plans": [
                {
                  "Node Type": "Hash Join",
                  "Parent Relationship": "Outer",
                  "Parallel Aware": true,
                  "Join Type": "Inner",
                  "Startup Cost": 81558.66,
                  "Total Cost": 97733.14,
                  "Plan Rows": 133214,
                  "Plan Width": 0,
                  "Actual Startup Time": 437.675,
                  "Actual Total Time": 509.284,
                  "Actual Rows": 182609,
                  "Actual Loops": 3,
                  "Inner Unique": false,
                  "Hash Cond": "(mi_idx.movie_id = t.id)",
                  "Plans": [
                    {
                      "Node Type": "Seq Scan",
                      "Parent Relationship": "Outer",
                      "Parallel Aware": true,
                      "Relation Name": "movie_info_idx",
                      "Alias": "mi_idx",
                      "Startup Cost": 0.0,
                      "Total Cost": 13685.15,
                      "Plan Rows": 575015,
                      "Plan Width": 4,
                      "Actual Startup Time": 0.025,
                      "Actual Total Time": 37.787,
                      "Actual Rows": 460012,
                      "Actual Loops": 3
                    },
                    {
                      "Node Type": "Hash",
                      "Parent Relationship": "Inner",
                      "Parallel Aware": true,
                      "Startup Cost": 79728.23,
                      "Total Cost": 79728.23,
                      "Plan Rows": 146434,
                      "Plan Width": 8,
                      "Actual Startup Time": 396.734,
                      "Actual Total Time": 396.737,
                      "Actual Rows": 106401,
                      "Actual Loops": 3,
                      "Hash Buckets": 1048576,
                      "Original Hash Buckets": 1048576,
                      "Hash Batches": 1,
                      "Original Hash Batches": 1,
                      "Peak Memory Usage": 20736,
                      "Plans": [
                        {
                          "Node Type": "Hash Join",
                          "Parent Relationship": "Outer",
                          "Parallel Aware": true,
                          "Join Type": "Inner",
                          "Startup Cost": 33776.66,
                          "Total Cost": 79728.23,
                          "Plan Rows": 146434,
                          "Plan Width": 8,
                          "Actual Startup Time": 247.245,
                          "Actual Total Time": 362.807,
                          "Actual Rows": 106401,
                          "Actual Loops": 3,
                          "Inner Unique": false,
                          "Hash Cond": "(t.id = mc.movie_id)",
                          "Plans": [
                            {
                              "Node Type": "Seq Scan",
                              "Parent Relationship": "Outer",
                              "Parallel Aware": true,
                              "Relation Name": "title",
                              "Alias": "t",
                              "Startup Cost": 0.0,
                              "Total Cost": 42318.81,
                              "Plan Rows": 632080,
                              "Plan Width": 4,
                              "Actual Startup Time": 0.011,
                              "Actual Total Time": 87.46,
                              "Actual Rows": 842771,
                              "Actual Loops": 3
                            },
                            {
                              "Node Type": "Hash",
                              "Parent Relationship": "Inner",
                              "Parallel Aware": true,
                              "Startup Cost": 31414.82,
                              "Total Cost": 31414.82,
                              "Plan Rows": 188947,
                              "Plan Width": 4,
                              "Actual Startup Time": 119.931,
                              "Actual Total Time": 119.932,
                              "Actual Rows": 106401,
                              "Actual Loops": 3,
                              "Hash Buckets": 1048576,
                              "Original Hash Buckets": 1048576,
                              "Hash Batches": 1,
                              "Original Hash Batches": 1,
                              "Peak Memory Usage": 20736,
                              "Plans": [
                                {
                                  "Node Type": "Seq Scan",
                                  "Parent Relationship": "Outer",
                                  "Parallel Aware": true,
                                  "Relation Name": "movie_companies",
                                  "Alias": "mc",
                                  "Startup Cost": 0.0,
                                  "Total Cost": 31414.82,
                                  "Plan Rows": 188947,
                                  "Plan Width": 4,
                                  "Actual Startup Time": 16.974,
                                  "Actual Total Time": 86.876,
                                  "Actual Rows": 106401,
                                  "Actual Loops": 3,
                                  "Filter": "((company_id > 12301) AND (company_type_id < 2))",
                                  "Rows Removed by Filter": 763308
                                }
                              ]
                            }
                          ]
                        }
                      ]
                    }
                  ]
                }
              ]
            }
          ]
        }
      ]
    },
    "Planning Time": 0.796,
    "Triggers": [],
    "Execution Time": 537.794
  }
]