[
  {
    "Plan": {
      "Node Type": "Aggregate",
      "Strategy": "Plain",
      "Partial Mode": "Finalize",
      "Parallel Aware": false,
      "Startup Cost": 59027.02,
      "Total Cost": 59027.03,
      "Plan Rows": 1,
      "Plan Width": 8,
      "Actual Startup Time": 194.816,
      "Actual Total Time": 234.592,
      "Actual Rows": 1,
      "Actual Loops": 1,
      "Plans": [
        {
          "Node Type": "Gather",
          "Parent Relationship": "Outer",
          "Parallel Aware": false,
          "Startup Cost": 59026.7,
          "Total Cost": 59027.01,
          "Plan Rows": 3,
          "Plan Width": 8,
          "Actual Startup Time": 194.482,
          "Actual Total Time": 234.584,
          "Actual Rows": 4,
          "Actual Loops": 1,
          "Workers Planned": 3,
          "Workers Launched": 3,
          "Single Copy": false,
          "Plans": [
            {
              "Node Type": "Aggregate",
              "Strategy": "Plain",
              "Partial Mode": "Partial",
              "Parent Relationship": "Outer",
              "Parallel Aware": false,
              "Startup Cost": 58026.7,
              "Total Cost": 58026.71,
              "Plan Rows": 1,
              "Plan Width": 8,
              "Actual Startup Time": 190.536,
              "Actual Total Time": 190.539,
              "Actual Rows": 1,
              "Actual Loops": 4,
              "Plans": [
                {
                  "Node Type": "Nested Loop",
                  "Parent Relationship": "Outer",
                  "Parallel Aware": false,
                  "Join Type": "Inner",
                  "Startup Cost": 601.71,
                  "Total Cost": 57862.25,
                  "Plan Rows": 65782,
                  "Plan Width": 0,
                  "Actual Startup Time": 11.319,
                  "Actual Total Time": 185.717,
                  "Actual Rows": 68891,
                  "Actual Loops": 4,
                  "Inner Unique": false,
                  "Plans": [
                    {
                      "Node Type": "Nested Loop",
                      "Parent Relationship": "Outer",
                      "Parallel Aware": false,
                      "Join Type": "Inner",
                      "Startup Cost": 601.15,
                      "Total Cost": 48075.75,
                      "Plan Rows": 4588,
                      "Plan Width": 8,
                      "Actual Startup Time": 11.207,
                      "Actual Total Time": 37.717,
                      "Actual Rows": 3618,
                      "Actual Loops": 4,
                      "Inner Unique": true,
                      "Plans": [
                        {
                          "Node Type": "Bitmap Heap Scan",
                          "Parent Relationship": "Outer",
                          "Parallel Aware": true,
                          "Relation Name": "movie_companies",
                          "Alias": "mc",
                          "Startup Cost": 600.72,
                          "Total Cost": 20443.62,
                          "Plan Rows": 4588,
                          "Plan Width": 4,
                          "Actual Startup Time": 11.115,
                          "Actual Total Time": 15.342,
                          "Actual Rows": 3618,
                          "Actual Loops": 4,
                          "Recheck Cond": "(company_id = 27)",
                          "Rows Removed by Index Recheck": 0,
                          "Filter": "(company_type_id > 1)",
                          "Rows Removed by Filter": 3208,
                          "Exact Heap Blocks": 4270,
                          "Lossy Heap Blocks": 0,
                          "Plans": [
                            {
                              "Node Type": "Bitmap Index Scan",
                              "Parent Relationship": "Outer",
                              "Parallel Aware": false,
                              "Index Name": "company_id_movie_companies",
                              "Startup Cost": 0.0,
                              "Total Cost": 597.16,
                              "Plan Rows": 27831,
                              "Plan Width": 0,
                              "Actual Startup Time": 5.087,
                              "Actual Total Time": 5.088,
                              "Actual Rows": 27303,
                              "Actual Loops": 1,
                              "Index Cond": "(company_id = 27)"
                            }
                          ]
                        },
                        {
                          "Node Type": "Index Only Scan",
                          "Parent Relationship": "Inner",
                          "Parallel Aware": false,
                          "Scan Direction": "Forward",
                          "Index Name": "title_pkey",
                          "Relation Name": "title",
                          "Alias": "t",
                          "Startup Cost": 0.43,
                          "Total Cost": 6.02,
                          "Plan Rows": 1,
                          "Plan Width": 4,
                          "Actual Startup Time": 0.006,
                          "Actual Total Time": 0.006,
                          "Actual Rows": 1,
                          "Actual Loops": 14470,
                          "Index Cond": "(id = mc.movie_id)",
                          "Rows Removed by Index Recheck": 0,
                          "Heap Fetches": 14470
                        }
                      ]
                    },
                    {
                      "Node Type": "Index Only Scan",
                      "Parent Relationship": "Inner",
                      "Parallel Aware": false,
                      "Scan Direction": "Forward",
                      "Index Name": "movie_id_cast_info",
                      "Relation Name": "cast_info",
                      "Alias": "ci",
                      "Startup Cost": 0.56,
                      "Total Cost": 1.78,
                      "Plan Rows": 35,
                      "Plan Width": 4,
                      "Actual Startup Time": 0.007,
                      "Actual Total Time": 0.039,
                      "Actual Rows": 19,
                      "Actual Loops": 14470,
                      "Index Cond": "(movie_id = t.id)",
                      "Rows Removed by Index Recheck": 0,
                      "Heap Fetches": 275564
                    }
                  ]
                }
              ]
            }
          ]
        }
      ]
    },
    "Planning Time": 0.68,
    "Triggers": [],
    "Execution Time": 234.664
  }
]