[
  {
    "Plan": {
      "Node Type": "Aggregate",
      "Strategy": "Plain",
      "Partial Mode": "Finalize",
      "Parallel Aware": false,
      "Startup Cost": 31179.06,
      "Total Cost": 31179.07,
      "Plan Rows": 1,
      "Plan Width": 8,
      "Actual Startup Time": 79.266,
      "Actual Total Time": 84.466,
      "Actual Rows": 1,
      "Actual Loops": 1,
      "Plans": [
        {
          "Node Type": "Gather",
          "Parent Relationship": "Outer",
          "Parallel Aware": false,
          "Startup Cost": 31178.64,
          "Total Cost": 31179.05,
          "Plan Rows": 4,
          "Plan Width": 8,
          "Actual Startup Time": 79.114,
          "Actual Total Time": 84.46,
          "Actual Rows": 5,
          "Actual Loops": 1,
          "Workers Planned": 4,
          "Workers Launched": 4,
          "Single Copy": false,
          "Plans": [
            {
              "Node Type": "Aggregate",
              "Strategy": "Plain",
              "Partial Mode": "Partial",
              "Parent Relationship": "Outer",
              "Parallel Aware": false,
              "Startup Cost": 30178.64,
              "Total Cost": 30178.65,
              "Plan Rows": 1,
              "Plan Width": 8,
              "Actual Startup Time": 69.539,
              "Actual Total Time": 69.54,
              "Actual Rows": 1,
              "Actual Loops": 5,
              "Plans": [
                {
                  "Node Type": "Index Scan",
                  "Parent Relationship": "Outer",
                  "Parallel Aware": true,
                  "Scan Direction": "Forward",
                  "Index Name": "role_id_cast_info",
                  "Relation Name": "cast_info",
                  "Alias": "ci",
                  "Startup Cost": 0.56,
                  "Total Cost": 29567.14,
                  "Plan Rows": 244601,
                  "Plan Width": 0,
                  "Actual Startup Time": 0.127,
                  "Actual Total Time": 57.6,
                  "Actual Rows": 203525,
                  "Actual Loops": 5,
                  "Index Cond": "(role_id = 9)",
                  "Rows Removed by Index Recheck": 0,
                  "Filter": "(person_id < 3553033)",
                  "Rows Removed by Filter": 15186
                }
              ]
            }
          ]
        }
      ]
    },
    "Planning Time": 0.212,
    "Triggers": [],
    "Execution Time": 84.534
  }
]