[
  {
    "Plan": {
      "Node Type": "Aggregate",
      "Strategy": "Plain",
      "Partial Mode": "Finalize",
      "Parallel Aware": false,
      "Startup Cost": 31032.0,
      "Total Cost": 31032.01,
      "Plan Rows": 1,
      "Plan Width": 8,
      "Actual Startup Time": 100.102,
      "Actual Total Time": 108.449,
      "Actual Rows": 1,
      "Actual Loops": 1,
      "Plans": [
        {
          "Node Type": "Gather",
          "Parent Relationship": "Outer",
          "Parallel Aware": false,
          "Startup Cost": 31031.68,
          "Total Cost": 31031.99,
          "Plan Rows": 3,
          "Plan Width": 8,
          "Actual Startup Time": 99.949,
          "Actual Total Time": 108.438,
          "Actual Rows": 4,
          "Actual Loops": 1,
          "Workers Planned": 3,
          "Workers Launched": 3,
          "Single Copy": false,
          "Plans": [
            {
              "Node Type": "Aggregate",
              "Strategy": "Plain",
              "Partial Mode": "Partial",
              "Parent Relationship": "Outer",
              "Parallel Aware": false,
              "Startup Cost": 30031.68,
              "Total Cost": 30031.69,
              "Plan Rows": 1,
              "Plan Width": 8,
              "Actual Startup Time": 92.805,
              "Actual Total Time": 92.806,
              "Actual Rows": 1,
              "Actual Loops": 4,
              "Plans": [
                {
                  "Node Type": "Seq Scan",
                  "Parent Relationship": "Outer",
                  "Parallel Aware": true,
                  "Relation Name": "movie_companies",
                  "Alias": "mc",
                  "Startup Cost": 0.0,
                  "Total Cost": 29310.68,
                  "Plan Rows": 288401,
                  "Plan Width": 0,
                  "Actual Startup Time": 0.053,
                  "Actual Total Time": 78.494,
                  "Actual Rows": 222375,
                  "Actual Loops": 4,
                  "Filter": "(company_id < 2741)",
                  "Rows Removed by Filter": 429907
                }
              ]
            }
          ]
        }
      ]
    },
    "Planning Time": 0.179,
    "Triggers": [],
    "Execution Time": 108.506
  }
]