[
  {
    "Plan": {
      "Node Type": "Aggregate",
      "Strategy": "Plain",
      "Partial Mode": "Finalize",
      "Parallel Aware": false,
      "Startup Cost": 90018.25,
      "Total Cost": 90018.26,
      "Plan Rows": 1,
      "Plan Width": 8,
      "Actual Startup Time": 344.437,
      "Actual Total Time": 362.265,
      "Actual Rows": 1,
      "Actual Loops": 1,
      "Plans": [
        {
          "Node Type": "Gather",
          "Parent Relationship": "Outer",
          "Parallel Aware": false,
          "Startup Cost": 90017.93,
          "Total Cost": 90018.24,
          "Plan Rows": 3,
          "Plan Width": 8,
          "Actual Startup Time": 342.38,
          "Actual Total Time": 362.256,
          "Actual Rows": 4,
          "Actual Loops": 1,
          "Workers Planned": 3,
          "Workers Launched": 3,
          "Single Copy": false,
          "Plans": [
            {
              "Node Type": "Aggregate",
              "Strategy": "Plain",
              "Partial Mode": "Partial",
              "Parent Relationship": "Outer",
              "Parallel Aware": false,
              "Startup Cost": 89017.93,
              "Total Cost": 89017.94,
              "Plan Rows": 1,
              "Plan Width": 8,
              "Actual Startup Time": 334.311,
              "Actual Total Time": 334.313,
              "Actual Rows": 1,
              "Actual Loops": 4,
              "Plans": [
                {
                  "Node Type": "Hash Join",
                  "Parent Relationship": "Outer",
                  "Parallel Aware": true,
                  "Join Type": "Inner",
                  "Startup Cost": 45931.12,
                  "Total Cost": 88809.2,
                  "Plan Rows": 83492,
                  "Plan Width": 0,
                  "Actual Startup Time": 124.001,
                  "Actual Total Time": 323.525,
                  "Actual Rows": 255332,
                  "Actual Loops": 4,
                  "Inner Unique": true,
                  "Hash Cond": "(mk.movie_id = t.id)",
                  "Plans": [
                    {
                      "Node Type": "Seq Scan",
                      "Parent Relationship": "Outer",
                      "Parallel Aware": true,
                      "Relation Name": "movie_keyword",
                      "Alias": "mk",
                      "Startup Cost": 0.0,
                      "Total Cost": 39047.32,
                      "Plan Rows": 1459332,
                      "Plan Width": 4,
                      "Actual Startup Time": 0.022,
                      "Actual Total Time": 87.272,
                      "Actual Rows": 1130982,
                      "Actual Loops": 4
                    },
                    {
                      "Node Type": "Hash",
                      "Parent Relationship": "Inner",
                      "Parallel Aware": true,
                      "Startup Cost": 45479.1,
                      "Total Cost": 45479.1,
                      "Plan Rows": 36162,
                      "Plan Width": 4,
                      "Actual Startup Time": 121.621,
                      "Actual Total Time": 121.622,
                      "Actual Rows": 68917,
                      "Actual Loops": 4,
                      "Hash Buckets": 524288,
                      "Original Hash Buckets": 262144,
                      "Hash Batches": 1,
                      "Original Hash Batches": 1,
                      "Peak Memory Usage": 16992,
                      "Plans": [
                        {
                          "Node Type": "Seq Scan",
                          "Parent Relationship": "Outer",
                          "Parallel Aware": true,
                          "Relation Name": "title",
                          "Alias": "t",
                          "Startup Cost": 0.0,
                          "Total Cost": 45479.1,
                          "Plan Rows": 36162,
                          "Plan Width": 4,
                          "Actual Startup Time": 0.11,
                          "Actual Total Time": 96.377,
                          "Actual Rows": 68917,
                          "Actual Loops": 4,
                          "Filter": "((kind_id < 4) AND (production_year < 1975))",
                          "Rows Removed by Filter": 563161
                        }
                      ]
                    }
                  ]
                }
              ]
            }
          ]
        }
      ]
    },
    "Planning Time": 0.587,
    "Triggers": [],
    "Execution Time": 362.331
  }
]