{
  "Plan": {
    "Node Type": "Aggregate",
    "Strategy": "Plain",
    "Partial Mode": "Finalize",
    "Parallel Aware": false,
    "Startup Cost": 389660.45,
    "Total Cost": 389660.46,
    "Plan Rows": 1,
    "Plan Width": 8,
    "Actual Startup Time": 3096.273,
    "Actual Total Time": 3132.164,
    "Actual Rows": 1,
    "Actual Loops": 1,
    "Plans": [
      {
        "Node Type": "Gather",
        "Parent Relationship": "Outer",
        "Parallel Aware": false,
        "Startup Cost": 389660.34,
        "Total Cost": 389660.45,
        "Plan Rows": 1,
        "Plan Width": 8,
        "Actual Startup Time": 2638.703,
        "Actual Total Time": 3132.143,
        "Actual Rows": 2,
        "Actual Loops": 1,
        "Workers Planned": 1,
        "Workers Launched": 1,
        "Single Copy": false,
        "Plans": [
          {
            "Node Type": "Aggregate",
            "Strategy": "Plain",
            "Partial Mode": "Partial",
            "Parent Relationship": "Outer",
            "Parallel Aware": false,
            "Startup Cost": 388660.34,
            "Total Cost": 388660.35,
            "Plan Rows": 1,
            "Plan Width": 8,
            "Actual Startup Time": 2852.263,
            "Actual Total Time": 2852.275,
            "Actual Rows": 1,
            "Actual Loops": 2,
            "Plans": [
              {
                "Node Type": "Merge Join",
                "Parent Relationship": "Outer",
                "Parallel Aware": false,
                "Join Type": "Inner",
                "Startup Cost": 374394.1,
                "Total Cost": 387824.24,
                "Plan Rows": 334438,
                "Plan Width": 0,
                "Actual Startup Time": 1624.147,
                "Actual Total Time": 2613.115,
                "Actual Rows": 5160428,
                "Actual Loops": 2,
                "Inner Unique": false,
                "Merge Cond": "(t.id = mc.movie_id)",
                "Plans": [
                  {
                    "Node Type": "Sort",
                    "Parent Relationship": "Outer",
                    "Parallel Aware": false,
                    "Startup Cost": 177450.26,
                    "Total Cost": 178934.77,
                    "Plan Rows": 593804,
                    "Plan Width": 8,
                    "Actual Startup Time": 954.839,
                    "Actual Total Time": 995.715,
                    "Actual Rows": 844299,
                    "Actual Loops": 2,
                    "Sort Key": [
                      "mk.movie_id"
                    ],
                    "Sort Method": "quicksort",
                    "Sort Space Used": 71901,
                    "Sort Space Type": "Memory",
                    "Workers": [
                      {
                        "Worker Number": 0,
                        "Sort Method": "quicksort",
                        "Sort Space Used": 56406,
                        "Sort Space Type": "Memory"
                      }
                    ],
                    "Plans": [
                      {
                        "Node Type": "Hash Join",
                        "Parent Relationship": "Outer",
                        "Parallel Aware": true,
                        "Join Type": "Inner",
                        "Startup Cost": 62454.72,
                        "Total Cost": 120505.56,
                        "Plan Rows": 593804,
                        "Plan Width": 8,
                        "Actual Startup Time": 248.274,
                        "Actual Total Time": 761.016,
                        "Actual Rows": 844315,
                        "Actual Loops": 2,
                        "Inner Unique": true,
                        "Hash Cond": "(mk.movie_id = t.id)",
                        "Plans": [
                          {
                            "Node Type": "Seq Scan",
                            "Parent Relationship": "Outer",
                            "Parallel Aware": true,
                            "Relation Name": "movie_keyword",
                            "Alias": "mk",
                            "Startup Cost": 0.0,
                            "Total Cost": 51065.35,
                            "Plan Rows": 2661135,
                            "Plan Width": 4,
                            "Actual Startup Time": 0.015,
                            "Actual Total Time": 198.713,
                            "Actual Rows": 2261965,
                            "Actual Loops": 2
                          },
                          {
                            "Node Type": "Hash",
                            "Parent Relationship": "Inner",
                            "Parallel Aware": true,
                            "Startup Cost": 58306.47,
                            "Total Cost": 58306.47,
                            "Plan Rows": 331860,
                            "Plan Width": 4,
                            "Actual Startup Time": 239.178,
                            "Actual Total Time": 239.181,
                            "Actual Rows": 238584,
                            "Actual Loops": 2,
                            "Hash Buckets": 1048576,
                            "Original Hash Buckets": 1048576,
                            "Hash Batches": 1,
                            "Original Hash Batches": 1,
                            "Peak Memory Usage": 26880,
                            "Plans": [
                              {
                                "Node Type": "Seq Scan",
                                "Parent Relationship": "Outer",
                                "Parallel Aware": true,
                                "Relation Name": "title",
                                "Alias": "t",
                                "Startup Cost": 0.0,
                                "Total Cost": 58306.47,
                                "Plan Rows": 331860,
                                "Plan Width": 4,
                                "Actual Startup Time": 0.08,
                                "Actual Total Time": 169.528,
                                "Actual Rows": 238584,
                                "Actual Loops": 2,
                                "Filter": "((kind_id < 7) AND (production_year > 1999))",
                                "Rows Removed by Filter": 1025572
                              }
                            ]
                          }
                        ]
                      }
                    ]
                  },
                  {
                    "Node Type": "Sort",
                    "Parent Relationship": "Inner",
                    "Parallel Aware": false,
                    "Startup Cost": 196943.78,
                    "Total Cost": 200503.69,
                    "Plan Rows": 1423964,
                    "Plan Width": 4,
                    "Actual Startup Time": 669.283,
                    "Actual Total Time": 932.216,
                    "Actual Rows": 6445089,
                    "Actual Loops": 2,
                    "Sort Key": [
                      "mc.movie_id"
                    ],
                    "Sort Method": "quicksort",
                    "Sort Space Used": 115833,
                    "Sort Space Type": "Memory",
                    "Workers": [
                      {
                        "Worker Number": 0,
                        "Sort Method": "quicksort",
                        "Sort Space Used": 115833,
                        "Sort Space Type": "Memory"
                      }
                    ],
                    "Plans": [
                      {
                        "Node Type": "Seq Scan",
                        "Parent Relationship": "Outer",
                        "Parallel Aware": false,
                        "Relation Name": "movie_companies",
                        "Alias": "mc",
                        "Startup Cost": 0.0,
                        "Total Cost": 51404.11,
                        "Plan Rows": 1423964,
                        "Plan Width": 4,
                        "Actual Startup Time": 0.041,
                        "Actual Total Time": 302.081,
                        "Actual Rows": 1422517,
                        "Actual Loops": 2,
                        "Filter": "(company_id < 12528)",
                        "Rows Removed by Filter": 1186612
                      }
                    ]
                  }
                ]
              }
            ]
          }
        ]
      }
    ]
  },
  "Planning Time": 1.178,
  "Triggers": [],
  "Execution Time": 3159.156
}