[
  {
    "Plan": {
      "Node Type": "Aggregate",
      "Strategy": "Plain",
      "Partial Mode": "Finalize",
      "Parallel Aware": false,
      "Startup Cost": 333733.9,
      "Total Cost": 333733.91,
      "Plan Rows": 1,
      "Plan Width": 8,
      "Actual Startup Time": 703.878,
      "Actual Total Time": 760.837,
      "Actual Rows": 1,
      "Actual Loops": 1,
      "Plans": [
        {
          "Node Type": "Gather",
          "Parent Relationship": "Outer",
          "Parallel Aware": false,
          "Startup Cost": 333733.28,
          "Total Cost": 333733.89,
          "Plan Rows": 6,
          "Plan Width": 8,
          "Actual Startup Time": 703.662,
          "Actual Total Time": 760.822,
          "Actual Rows": 7,
          "Actual Loops": 1,
          "Workers Planned": 6,
          "Workers Launched": 6,
          "Single Copy": false,
          "Plans": [
            {
              "Node Type": "Aggregate",
              "Strategy": "Plain",
              "Partial Mode": "Partial",
              "Parent Relationship": "Outer",
              "Parallel Aware": false,
              "Startup Cost": 332733.28,
              "Total Cost": 332733.29,
              "Plan Rows": 1,
              "Plan Width": 8,
              "Actual Startup Time": 696.101,
              "Actual Total Time": 696.103,
              "Actual Rows": 1,
              "Actual Loops": 7,
              "Plans": [
                {
                  "Node Type": "Seq Scan",
                  "Parent Relationship": "Outer",
                  "Parallel Aware": true,
                  "Relation Name": "cast_info",
                  "Alias": "ci",
                  "Startup Cost": 0.0,
                  "Total Cost": 328211.39,
                  "Plan Rows": 1808754,
                  "Plan Width": 0,
                  "Actual Startup Time": 0.047,
                  "Actual Total Time": 611.869,
                  "Actual Rows": 1559202,
                  "Actual Loops": 7,
                  "Filter": "(person_id < 1072239)",
                  "Rows Removed by Filter": 3618562
                }
              ]
            }
          ]
        }
      ]
    },
    "Planning Time": 0.08,
    "Triggers": [],
    "Execution Time": 760.883
  }
]