[
  {
    "Plan": {
      "Node Type": "Aggregate",
      "Strategy": "Plain",
      "Partial Mode": "Finalize",
      "Parallel Aware": false,
      "Startup Cost": 333705.6,
      "Total Cost": 333705.61,
      "Plan Rows": 1,
      "Plan Width": 8,
      "Actual Startup Time": 607.639,
      "Actual Total Time": 672.96,
      "Actual Rows": 1,
      "Actual Loops": 1,
      "Plans": [
        {
          "Node Type": "Gather",
          "Parent Relationship": "Outer",
          "Parallel Aware": false,
          "Startup Cost": 333704.97,
          "Total Cost": 333705.58,
          "Plan Rows": 6,
          "Plan Width": 8,
          "Actual Startup Time": 607.525,
          "Actual Total Time": 672.95,
          "Actual Rows": 7,
          "Actual Loops": 1,
          "Workers Planned": 6,
          "Workers Launched": 6,
          "Single Copy": false,
          "Plans": [
            {
              "Node Type": "Aggregate",
              "Strategy": "Plain",
              "Partial Mode": "Partial",
              "Parent Relationship": "Outer",
              "Parallel Aware": false,
              "Startup Cost": 332704.97,
              "Total Cost": 332704.98,
              "Plan Rows": 1,
              "Plan Width": 8,
              "Actual Startup Time": 597.915,
              "Actual Total Time": 597.916,
              "Actual Rows": 1,
              "Actual Loops": 7,
              "Plans": [
                {
                  "Node Type": "Seq Scan",
                  "Parent Relationship": "Outer",
                  "Parallel Aware": true,
                  "Relation Name": "cast_info",
                  "Alias": "ci",
                  "Startup Cost": 0.0,
                  "Total Cost": 328162.03,
                  "Plan Rows": 1817178,
                  "Plan Width": 0,
                  "Actual Startup Time": 0.056,
                  "Actual Total Time": 532.943,
                  "Actual Rows": 1559202,
                  "Actual Loops": 7,
                  "Filter": "(person_id < 1072239)",
                  "Rows Removed by Filter": 3618562
                }
              ]
            }
          ]
        }
      ]
    },
    "Planning Time": 0.22,
    "Triggers": [],
    "Execution Time": 673.033
  }
]