{
  "Plan": {
    "Node Type": "Aggregate",
    "Strategy": "Plain",
    "Partial Mode": "Finalize",
    "Parallel Aware": false,
    "Startup Cost": 99651.98,
    "Total Cost": 99651.99,
    "Plan Rows": 1,
    "Plan Width": 8,
    "Actual Startup Time": 266.664,
    "Actual Total Time": 280.301,
    "Actual Rows": 1,
    "Actual Loops": 1,
    "Plans": [
      {
        "Node Type": "Gather",
        "Parent Relationship": "Outer",
        "Parallel Aware": false,
        "Startup Cost": 99651.86,
        "Total Cost": 99651.97,
        "Plan Rows": 1,
        "Plan Width": 8,
        "Actual Startup Time": 266.437,
        "Actual Total Time": 280.295,
        "Actual Rows": 2,
        "Actual Loops": 1,
        "Workers Planned": 1,
        "Workers Launched": 1,
        "Single Copy": false,
        "Plans": [
          {
            "Node Type": "Aggregate",
            "Strategy": "Plain",
            "Partial Mode": "Partial",
            "Parent Relationship": "Outer",
            "Parallel Aware": false,
            "Startup Cost": 98651.86,
            "Total Cost": 98651.87,
            "Plan Rows": 1,
            "Plan Width": 8,
            "Actual Startup Time": 260.383,
            "Actual Total Time": 260.386,
            "Actual Rows": 1,
            "Actual Loops": 2,
            "Plans": [
              {
                "Node Type": "Hash Join",
                "Parent Relationship": "Outer",
                "Parallel Aware": true,
                "Join Type": "Inner",
                "Startup Cost": 73302.83,
                "Total Cost": 98643.44,
                "Plan Rows": 3371,
                "Plan Width": 0,
                "Actual Startup Time": 181.368,
                "Actual Total Time": 260.247,
                "Actual Rows": 2212,
                "Actual Loops": 2,
                "Inner Unique": true,
                "Hash Cond": "(mc.movie_id = t.id)",
                "Plans": [
                  {
                    "Node Type": "Bitmap Heap Scan",
                    "Parent Relationship": "Outer",
                    "Parallel Aware": true,
                    "Relation Name": "movie_companies",
                    "Alias": "mc",
                    "Startup Cost": 14688.63,
                    "Total Cost": 39494.68,
                    "Plan Rows": 203637,
                    "Plan Width": 4,
                    "Actual Startup Time": 41.544,
                    "Actual Total Time": 88.584,
                    "Actual Rows": 331663,
                    "Actual Loops": 2,
                    "Recheck Cond": "(company_id > 46104)",
                    "Rows Removed by Index Recheck": 0,
                    "Filter": "(company_type_id > 1)",
                    "Rows Removed by Filter": 16454,
                    "Exact Heap Blocks": 8173,
                    "Lossy Heap Blocks": 0,
                    "Plans": [
                      {
                        "Node Type": "Bitmap Index Scan",
                        "Parent Relationship": "Outer",
                        "Parallel Aware": false,
                        "Index Name": "company_id_movie_companies",
                        "Startup Cost": 0.0,
                        "Total Cost": 14602.08,
                        "Plan Rows": 681820,
                        "Plan Width": 0,
                        "Actual Startup Time": 30.249,
                        "Actual Total Time": 30.249,
                        "Actual Rows": 696235,
                        "Actual Loops": 1,
                        "Index Cond": "(company_id > 46104)"
                      }
                    ]
                  },
                  {
                    "Node Type": "Hash",
                    "Parent Relationship": "Inner",
                    "Parallel Aware": true,
                    "Startup Cost": 58306.47,
                    "Total Cost": 58306.47,
                    "Plan Rows": 24619,
                    "Plan Width": 4,
                    "Actual Startup Time": 138.444,
                    "Actual Total Time": 138.444,
                    "Actual Rows": 20128,
                    "Actual Loops": 2,
                    "Hash Buckets": 65536,
                    "Original Hash Buckets": 65536,
                    "Hash Batches": 1,
                    "Original Hash Batches": 1,
                    "Peak Memory Usage": 2112,
                    "Plans": [
                      {
                        "Node Type": "Seq Scan",
                        "Parent Relationship": "Outer",
                        "Parallel Aware": true,
                        "Relation Name": "title",
                        "Alias": "t",
                        "Startup Cost": 0.0,
                        "Total Cost": 58306.47,
                        "Plan Rows": 24619,
                        "Plan Width": 4,
                        "Actual Startup Time": 0.061,
                        "Actual Total Time": 132.056,
                        "Actual Rows": 20128,
                        "Actual Loops": 2,
                        "Filter": "((production_year > 2012) AND (kind_id = 7))",
                        "Rows Removed by Filter": 1244028
                      }
                    ]
                  }
                ]
              }
            ]
          }
        ]
      }
    ]
  },
  "Planning Time": 0.562,
  "Triggers": [],
  "Execution Time": 280.397
}