{
  "Plan": {
    "Node Type": "Aggregate",
    "Strategy": "Plain",
    "Partial Mode": "Finalize",
    "Parallel Aware": false,
    "Startup Cost": 231596.84,
    "Total Cost": 231596.85,
    "Plan Rows": 1,
    "Plan Width": 8,
    "Actual Startup Time": 230.917,
    "Actual Total Time": 245.613,
    "Actual Rows": 1,
    "Actual Loops": 1,
    "Plans": [
      {
        "Node Type": "Gather",
        "Parent Relationship": "Outer",
        "Parallel Aware": false,
        "Startup Cost": 231596.73,
        "Total Cost": 231596.84,
        "Plan Rows": 1,
        "Plan Width": 8,
        "Actual Startup Time": 230.648,
        "Actual Total Time": 245.605,
        "Actual Rows": 2,
        "Actual Loops": 1,
        "Workers Planned": 1,
        "Workers Launched": 1,
        "Single Copy": false,
        "Plans": [
          {
            "Node Type": "Aggregate",
            "Strategy": "Plain",
            "Partial Mode": "Partial",
            "Parent Relationship": "Outer",
            "Parallel Aware": false,
            "Startup Cost": 230596.73,
            "Total Cost": 230596.74,
            "Plan Rows": 1,
            "Plan Width": 8,
            "Actual Startup Time": 224.442,
            "Actual Total Time": 224.446,
            "Actual Rows": 1,
            "Actual Loops": 2,
            "Plans": [
              {
                "Node Type": "Nested Loop",
                "Parent Relationship": "Outer",
                "Parallel Aware": false,
                "Join Type": "Inner",
                "Startup Cost": 64716.79,
                "Total Cost": 230594.51,
                "Plan Rows": 887,
                "Plan Width": 0,
                "Actual Startup Time": 156.594,
                "Actual Total Time": 224.363,
                "Actual Rows": 929,
                "Actual Loops": 2,
                "Inner Unique": false,
                "Join Filter": "(t.id = mc.movie_id)",
                "Rows Removed by Join Filter": 0,
                "Plans": [
                  {
                    "Node Type": "Hash Join",
                    "Parent Relationship": "Outer",
                    "Parallel Aware": true,
                    "Join Type": "Inner",
                    "Startup Cost": 64716.36,
                    "Total Cost": 229817.88,
                    "Plan Rows": 859,
                    "Plan Width": 8,
                    "Actual Startup Time": 156.427,
                    "Actual Total Time": 221.374,
                    "Actual Rows": 382,
                    "Actual Loops": 2,
                    "Inner Unique": true,
                    "Hash Cond": "(mi.movie_id = t.id)",
                    "Plans": [
                      {
                        "Node Type": "Bitmap Heap Scan",
                        "Parent Relationship": "Outer",
                        "Parallel Aware": true,
                        "Relation Name": "movie_info",
                        "Alias": "mi",
                        "Startup Cost": 6332.18,
                        "Total Cost": 170894.21,
                        "Plan Rows": 205522,
                        "Plan Width": 4,
                        "Actual Startup Time": 16.992,
                        "Actual Total Time": 65.775,
                        "Actual Rows": 164428,
                        "Actual Loops": 2,
                        "Recheck Cond": "(info_type_id = 98)",
                        "Rows Removed by Index Recheck": 0,
                        "Exact Heap Blocks": 15314,
                        "Lossy Heap Blocks": 0,
                        "Plans": [
                          {
                            "Node Type": "Bitmap Index Scan",
                            "Parent Relationship": "Outer",
                            "Parallel Aware": false,
                            "Index Name": "info_type_id_movie_info",
                            "Startup Cost": 0.0,
                            "Total Cost": 6244.84,
                            "Plan Rows": 349387,
                            "Plan Width": 0,
                            "Actual Startup Time": 13.358,
                            "Actual Total Time": 13.358,
                            "Actual Rows": 328857,
                            "Actual Loops": 1,
                            "Index Cond": "(info_type_id = 98)"
                          }
                        ]
                      },
                      {
                        "Node Type": "Hash",
                        "Parent Relationship": "Inner",
                        "Parallel Aware": true,
                        "Startup Cost": 58306.47,
                        "Total Cost": 58306.47,
                        "Plan Rows": 6217,
                        "Plan Width": 4,
                        "Actual Startup Time": 137.542,
                        "Actual Total Time": 137.543,
                        "Actual Rows": 5197,
                        "Actual Loops": 2,
                        "Hash Buckets": 16384,
                        "Original Hash Buckets": 16384,
                        "Hash Batches": 1,
                        "Original Hash Batches": 1,
                        "Peak Memory Usage": 576,
                        "Plans": [
                          {
                            "Node Type": "Seq Scan",
                            "Parent Relationship": "Outer",
                            "Parallel Aware": true,
                            "Relation Name": "title",
                            "Alias": "t",
                            "Startup Cost": 0.0,
                            "Total Cost": 58306.47,
                            "Plan Rows": 6217,
                            "Plan Width": 4,
                            "Actual Startup Time": 0.086,
                            "Actual Total Time": 135.47,
                            "Actual Rows": 5197,
                            "Actual Loops": 2,
                            "Filter": "((kind_id > 1) AND (production_year = 1970))",
                            "Rows Removed by Filter": 1258959
                          }
                        ]
                      }
                    ]
                  },
                  {
                    "Node Type": "Index Only Scan",
                    "Parent Relationship": "Inner",
                    "Parallel Aware": false,
                    "Scan Direction": "Forward",
                    "Index Name": "movie_id_movie_companies",
                    "Relation Name": "movie_companies",
                    "Alias": "mc",
                    "Startup Cost": 0.43,
                    "Total Cost": 0.84,
                    "Plan Rows": 5,
                    "Plan Width": 4,
                    "Actual Startup Time": 0.006,
                    "Actual Total Time": 0.007,
                    "Actual Rows": 2,
                    "Actual Loops": 763,
                    "Index Cond": "(movie_id = mi.movie_id)",
                    "Rows Removed by Index Recheck": 0,
                    "Heap Fetches": 1858
                  }
                ]
              }
            ]
          }
        ]
      }
    ]
  },
  "Planning Time": 0.986,
  "Triggers": [],
  "Execution Time": 245.716
}