[
  {
    "Plan": {
      "Node Type": "Aggregate",
      "Strategy": "Plain",
      "Partial Mode": "Finalize",
      "Parallel Aware": false,
      "Startup Cost": 133478.16,
      "Total Cost": 133478.17,
      "Plan Rows": 1,
      "Plan Width": 8,
      "Actual Startup Time": 494.56,
      "Actual Total Time": 529.51,
      "Actual Rows": 1,
      "Actual Loops": 1,
      "Plans": [
        {
          "Node Type": "Gather",
          "Parent Relationship": "Outer",
          "Parallel Aware": false,
          "Startup Cost": 133477.85,
          "Total Cost": 133478.16,
          "Plan Rows": 3,
          "Plan Width": 8,
          "Actual Startup Time": 493.788,
          "Actual Total Time": 529.503,
          "Actual Rows": 4,
          "Actual Loops": 1,
          "Workers Planned": 3,
          "Workers Launched": 3,
          "Single Copy": false,
          "Plans": [
            {
              "Node Type": "Aggregate",
              "Strategy": "Plain",
              "Partial Mode": "Partial",
              "Parent Relationship": "Outer",
              "Parallel Aware": false,
              "Startup Cost": 132477.85,
              "Total Cost": 132477.86,
              "Plan Rows": 1,
              "Plan Width": 8,
              "Actual Startup Time": 490.13,
              "Actual Total Time": 490.133,
              "Actual Rows": 1,
              "Actual Loops": 4,
              "Plans": [
                {
                  "Node Type": "Nested Loop",
                  "Parent Relationship": "Outer",
                  "Parallel Aware": false,
                  "Join Type": "Inner",
                  "Startup Cost": 45597.15,
                  "Total Cost": 132161.21,
                  "Plan Rows": 126655,
                  "Plan Width": 0,
                  "Actual Startup Time": 135.087,
                  "Actual Total Time": 477.448,
                  "Actual Rows": 276186,
                  "Actual Loops": 4,
                  "Inner Unique": false,
                  "Join Filter": "(t.id = mi.movie_id)",
                  "Rows Removed by Join Filter": 0,
                  "Plans": [
                    {
                      "Node Type": "Hash Join",
                      "Parent Relationship": "Outer",
                      "Parallel Aware": true,
                      "Join Type": "Inner",
                      "Startup Cost": 45596.71,
                      "Total Cost": 92112.06,
                      "Plan Rows": 21570,
                      "Plan Width": 8,
                      "Actual Startup Time": 134.973,
                      "Actual Total Time": 289.322,
                      "Actual Rows": 15646,
                      "Actual Loops": 4,
                      "Inner Unique": true,
                      "Hash Cond": "(mk.movie_id = t.id)",
                      "Plans": [
                        {
                          "Node Type": "Seq Scan",
                          "Parent Relationship": "Outer",
                          "Parallel Aware": true,
                          "Relation Name": "movie_keyword",
                          "Alias": "mk",
                          "Startup Cost": 0.0,
                          "Total Cost": 42695.65,
                          "Plan Rows": 1455117,
                          "Plan Width": 4,
                          "Actual Startup Time": 0.015,
                          "Actual Total Time": 111.943,
                          "Actual Rows": 1127392,
                          "Actual Loops": 4,
                          "Filter": "(keyword_id > 1)",
                          "Rows Removed by Filter": 3591
                        },
                        {
                          "Node Type": "Hash",
                          "Parent Relationship": "Inner",
                          "Parallel Aware": true,
                          "Startup Cost": 45479.59,
                          "Total Cost": 45479.59,
                          "Plan Rows": 9370,
                          "Plan Width": 4,
                          "Actual Startup Time": 98.03,
                          "Actual Total Time": 98.031,
                          "Actual Rows": 25298,
                          "Actual Loops": 4,
                          "Hash Buckets": 131072,
                          "Original Hash Buckets": 65536,
                          "Hash Batches": 1,
                          "Original Hash Batches": 1,
                          "Peak Memory Usage": 5536,
                          "Plans": [
                            {
                              "Node Type": "Seq Scan",
                              "Parent Relationship": "Outer",
                              "Parallel Aware": true,
                              "Relation Name": "title",
                              "Alias": "t",
                              "Startup Cost": 0.0,
                              "Total Cost": 45479.59,
                              "Plan Rows": 9370,
                              "Plan Width": 4,
                              "Actual Startup Time": 51.827,
                              "Actual Total Time": 87.2,
                              "Actual Rows": 25298,
                              "Actual Loops": 4,
                              "Filter": "((kind_id < 7) AND (production_year < 1925))",
                              "Rows Removed by Filter": 606780
                            }
                          ]
                        }
                      ]
                    },
                    {
                      "Node Type": "Index Only Scan",
                      "Parent Relationship": "Inner",
                      "Parallel Aware": false,
                      "Scan Direction": "Forward",
                      "Index Name": "movie_id_movie_info",
                      "Relation Name": "movie_info",
                      "Alias": "mi",
                      "Startup Cost": 0.43,
                      "Total Cost": 1.34,
                      "Plan Rows": 41,
                      "Plan Width": 4,
                      "Actual Startup Time": 0.004,
                      "Actual Total Time": 0.01,
                      "Actual Rows": 18,
                      "Actual Loops": 62582,
                      "Index Cond": "(movie_id = mk.movie_id)",
                      "Rows Removed by Index Recheck": 0,
                      "Heap Fetches": 1104742
                    }
                  ]
                }
              ]
            }
          ]
        }
      ]
    },
    "Planning Time": 0.57,
    "Triggers": [],
    "Execution Time": 529.566
  }
]