[
  {
    "Plan": {
      "Node Type": "Aggregate",
      "Strategy": "Plain",
      "Partial Mode": "Finalize",
      "Parallel Aware": false,
      "Startup Cost": 135614.56,
      "Total Cost": 135614.57,
      "Plan Rows": 1,
      "Plan Width": 8,
      "Actual Startup Time": 538.679,
      "Actual Total Time": 569.432,
      "Actual Rows": 1,
      "Actual Loops": 1,
      "Plans": [
        {
          "Node Type": "Gather",
          "Parent Relationship": "Outer",
          "Parallel Aware": false,
          "Startup Cost": 135614.24,
          "Total Cost": 135614.55,
          "Plan Rows": 3,
          "Plan Width": 8,
          "Actual Startup Time": 538.006,
          "Actual Total Time": 569.424,
          "Actual Rows": 4,
          "Actual Loops": 1,
          "Workers Planned": 3,
          "Workers Launched": 3,
          "Single Copy": false,
          "Plans": [
            {
              "Node Type": "Aggregate",
              "Strategy": "Plain",
              "Partial Mode": "Partial",
              "Parent Relationship": "Outer",
              "Parallel Aware": false,
              "Startup Cost": 134614.24,
              "Total Cost": 134614.25,
              "Plan Rows": 1,
              "Plan Width": 8,
              "Actual Startup Time": 530.233,
              "Actual Total Time": 530.237,
              "Actual Rows": 1,
              "Actual Loops": 4,
              "Plans": [
                {
                  "Node Type": "Nested Loop",
                  "Parent Relationship": "Outer",
                  "Parallel Aware": false,
                  "Join Type": "Inner",
                  "Startup Cost": 45600.91,
                  "Total Cost": 134287.49,
                  "Plan Rows": 130701,
                  "Plan Width": 0,
                  "Actual Startup Time": 148.284,
                  "Actual Total Time": 515.956,
                  "Actual Rows": 276186,
                  "Actual Loops": 4,
                  "Inner Unique": false,
                  "Join Filter": "(t.id = mi.movie_id)",
                  "Rows Removed by Join Filter": 0,
                  "Plans": [
                    {
                      "Node Type": "Hash Join",
                      "Parent Relationship": "Outer",
                      "Parallel Aware": true,
                      "Join Type": "Inner",
                      "Startup Cost": 45600.47,
                      "Total Cost": 92115.69,
                      "Plan Rows": 22352,
                      "Plan Width": 8,
                      "Actual Startup Time": 148.193,
                      "Actual Total Time": 315.853,
                      "Actual Rows": 15646,
                      "Actual Loops": 4,
                      "Inner Unique": true,
                      "Hash Cond": "(mk.movie_id = t.id)",
                      "Plans": [
                        {
                          "Node Type": "Seq Scan",
                          "Parent Relationship": "Outer",
                          "Parallel Aware": true,
                          "Relation Name": "movie_keyword",
                          "Alias": "mk",
                          "Startup Cost": 0.0,
                          "Total Cost": 42695.65,
                          "Plan Rows": 1455069,
                          "Plan Width": 4,
                          "Actual Startup Time": 0.024,
                          "Actual Total Time": 120.342,
                          "Actual Rows": 1127392,
                          "Actual Loops": 4,
                          "Filter": "(keyword_id > 1)",
                          "Rows Removed by Filter": 3591
                        },
                        {
                          "Node Type": "Hash",
                          "Parent Relationship": "Inner",
                          "Parallel Aware": true,
                          "Startup Cost": 45479.1,
                          "Total Cost": 45479.1,
                          "Plan Rows": 9710,
                          "Plan Width": 4,
                          "Actual Startup Time": 108.508,
                          "Actual Total Time": 108.509,
                          "Actual Rows": 25298,
                          "Actual Loops": 4,
                          "Hash Buckets": 131072,
                          "Original Hash Buckets": 65536,
                          "Hash Batches": 1,
                          "Original Hash Batches": 1,
                          "Peak Memory Usage": 5536,
                          "Plans": [
                            {
                              "Node Type": "Seq Scan",
                              "Parent Relationship": "Outer",
                              "Parallel Aware": true,
                              "Relation Name": "title",
                              "Alias": "t",
                              "Startup Cost": 0.0,
                              "Total Cost": 45479.1,
                              "Plan Rows": 9710,
                              "Plan Width": 4,
                              "Actual Startup Time": 62.003,
                              "Actual Total Time": 97.985,
                              "Actual Rows": 25298,
                              "Actual Loops": 4,
                              "Filter": "((kind_id < 7) AND (production_year < 1925))",
                              "Rows Removed by Filter": 606780
                            }
                          ]
                        }
                      ]
                    },
                    {
                      "Node Type": "Index Only Scan",
                      "Parent Relationship": "Inner",
                      "Parallel Aware": false,
                      "Scan Direction": "Forward",
                      "Index Name": "movie_id_movie_info",
                      "Relation Name": "movie_info",
                      "Alias": "mi",
                      "Startup Cost": 0.43,
                      "Total Cost": 1.36,
                      "Plan Rows": 42,
                      "Plan Width": 4,
                      "Actual Startup Time": 0.004,
                      "Actual Total Time": 0.011,
                      "Actual Rows": 18,
                      "Actual Loops": 62582,
                      "Index Cond": "(movie_id = mk.movie_id)",
                      "Rows Removed by Index Recheck": 0,
                      "Heap Fetches": 1104742
                    }
                  ]
                }
              ]
            }
          ]
        }
      ]
    },
    "Planning Time": 1.467,
    "Triggers": [],
    "Execution Time": 569.521
  }
]