{
  "Plan": {
    "Node Type": "Aggregate",
    "Strategy": "Plain",
    "Partial Mode": "Simple",
    "Parallel Aware": false,
    "Startup Cost": 723414.09,
    "Total Cost": 723414.1,
    "Plan Rows": 1,
    "Plan Width": 128,
    "Actual Startup Time": 6083.473,
    "Actual Total Time": 6177.882,
    "Actual Rows": 1,
    "Actual Loops": 1,
    "Plans": [
      {
        "Node Type": "Gather",
        "Parent Relationship": "Outer",
        "Parallel Aware": false,
        "Startup Cost": 714103.32,
        "Total Cost": 723414.08,
        "Plan Rows": 1,
        "Plan Width": 81,
        "Actual Startup Time": 5925.565,
        "Actual Total Time": 6177.58,
        "Actual Rows": 1273,
        "Actual Loops": 1,
        "Workers Planned": 1,
        "Workers Launched": 1,
        "Single Copy": false,
        "Plans": [
          {
            "Node Type": "Nested Loop",
            "Parent Relationship": "Outer",
            "Parallel Aware": false,
            "Join Type": "Inner",
            "Startup Cost": 713103.32,
            "Total Cost": 722413.98,
            "Plan Rows": 1,
            "Plan Width": 81,
            "Actual Startup Time": 5917.364,
            "Actual Total Time": 6061.841,
            "Actual Rows": 636,
            "Actual Loops": 2,
            "Inner Unique": true,
            "Plans": [
              {
                "Node Type": "Nested Loop",
                "Parent Relationship": "Outer",
                "Parallel Aware": false,
                "Join Type": "Inner",
                "Startup Cost": 713102.9,
                "Total Cost": 722412.63,
                "Plan Rows": 3,
                "Plan Width": 85,
                "Actual Startup Time": 5916.796,
                "Actual Total Time": 6020.335,
                "Actual Rows": 23631,
                "Actual Loops": 2,
                "Inner Unique": true,
                "Plans": [
                  {
                    "Node Type": "Hash Join",
                    "Parent Relationship": "Outer",
                    "Parallel Aware": true,
                    "Join Type": "Inner",
                    "Startup Cost": 713102.76,
                    "Total Cost": 722411.14,
                    "Plan Rows": 9,
                    "Plan Width": 89,
                    "Actual Startup Time": 5916.774,
                    "Actual Total Time": 5958.554,
                    "Actual Rows": 73146,
                    "Actual Loops": 2,
                    "Inner Unique": false,
                    "Hash Cond": "(t.id = mi.movie_id)",
                    "Plans": [
                      {
                        "Node Type": "Nested Loop",
                        "Parent Relationship": "Outer",
                        "Parallel Aware": false,
                        "Join Type": "Inner",
                        "Startup Cost": 0.86,
                        "Total Cost": 9272.86,
                        "Plan Rows": 150,
                        "Plan Width": 25,
                        "Actual Startup Time": 0.735,
                        "Actual Total Time": 30.944,
                        "Actual Rows": 907,
                        "Actual Loops": 2,
                        "Inner Unique": true,
                        "Plans": [
                          {
                            "Node Type": "Nested Loop",
                            "Parent Relationship": "Outer",
                            "Parallel Aware": false,
                            "Join Type": "Inner",
                            "Startup Cost": 0.43,
                            "Total Cost": 9195.39,
                            "Plan Rows": 150,
                            "Plan Width": 4,
                            "Actual Startup Time": 0.673,
                            "Actual Total Time": 20.548,
                            "Actual Rows": 907,
                            "Actual Loops": 2,
                            "Inner Unique": false,
                            "Plans": [
                              {
                                "Node Type": "Seq Scan",
                                "Parent Relationship": "Outer",
                                "Parallel Aware": true,
                                "Relation Name": "company_name",
                                "Alias": "cn",
                                "Startup Cost": 0.0,
                                "Total Cost": 4722.92,
                                "Plan Rows": 14,
                                "Plan Width": 4,
                                "Actual Startup Time": 0.509,
                                "Actual Total Time": 16.781,
                                "Actual Rows": 5,
                                "Actual Loops": 2,
                                "Filter": "(name ~~ 'Lionsgate%'::text)",
                                "Rows Removed by Filter": 117494
                              },
                              {
                                "Node Type": "Index Scan",
                                "Parent Relationship": "Inner",
                                "Parallel Aware": false,
                                "Scan Direction": "Forward",
                                "Index Name": "company_id_movie_companies",
                                "Relation Name": "movie_companies",
                                "Alias": "mc",
                                "Startup Cost": 0.43,
                                "Total Cost": 318.16,
                                "Plan Rows": 130,
                                "Plan Width": 8,
                                "Actual Startup Time": 0.093,
                                "Actual Total Time": 0.717,
                                "Actual Rows": 181,
                                "Actual Loops": 10,
                                "Index Cond": "(company_id = cn.id)",
                                "Rows Removed by Index Recheck": 0
                              }
                            ]
                          },
                          {
                            "Node Type": "Index Scan",
                            "Parent Relationship": "Inner",
                            "Parallel Aware": false,
                            "Scan Direction": "Forward",
                            "Index Name": "title_pkey",
                            "Relation Name": "title",
                            "Alias": "t",
                            "Startup Cost": 0.43,
                            "Total Cost": 0.52,
                            "Plan Rows": 1,
                            "Plan Width": 21,
                            "Actual Startup Time": 0.011,
                            "Actual Total Time": 0.011,
                            "Actual Rows": 1,
                            "Actual Loops": 1814,
                            "Index Cond": "(id = mc.movie_id)",
                            "Rows Removed by Index Recheck": 0
                          }
                        ]
                      },
                      {
                        "Node Type": "Hash",
                        "Parent Relationship": "Inner",
                        "Parallel Aware": true,
                        "Startup Cost": 713053.29,
                        "Total Cost": 713053.29,
                        "Plan Rows": 3889,
                        "Plan Width": 88,
                        "Actual Startup Time": 5912.482,
                        "Actual Total Time": 5912.496,
                        "Actual Rows": 590712,
                        "Actual Loops": 2,
                        "Hash Buckets": 2097152,
                        "Original Hash Buckets": 16384,
                        "Hash Batches": 1,
                        "Original Hash Batches": 1,
                        "Peak Memory Usage": 140192,
                        "Plans": [
                          {
                            "Node Type": "Hash Join",
                            "Parent Relationship": "Outer",
                            "Parallel Aware": true,
                            "Join Type": "Inner",
                            "Startup Cost": 644319.84,
                            "Total Cost": 713053.29,
                            "Plan Rows": 3889,
                            "Plan Width": 88,
                            "Actual Startup Time": 5030.328,
                            "Actual Total Time": 5630.968,
                            "Actual Rows": 590712,
                            "Actual Loops": 2,
                            "Inner Unique": false,
                            "Hash Cond": "(ci.movie_id = mi.movie_id)",
                            "Plans": [
                              {
                                "Node Type": "Hash Join",
                                "Parent Relationship": "Outer",
                                "Parallel Aware": true,
                                "Join Type": "Inner",
                                "Startup Cost": 426512.01,
                                "Total Cost": 475907.76,
                                "Plan Rows": 736564,
                                "Plan Width": 27,
                                "Actual Startup Time": 3364.479,
                                "Actual Total Time": 3858.718,
                                "Actual Rows": 718228,
                                "Actual Loops": 2,
                                "Inner Unique": false,
                                "Hash Cond": "(mk.movie_id = ci.movie_id)",
                                "Plans": [
                                  {
                                    "Node Type": "Seq Scan",
                                    "Parent Relationship": "Outer",
                                    "Parallel Aware": true,
                                    "Relation Name": "movie_keyword",
                                    "Alias": "mk",
                                    "Startup Cost": 0.0,
                                    "Total Cost": 39047.32,
                                    "Plan Rows": 1459332,
                                    "Plan Width": 8,
                                    "Actual Startup Time": 0.023,
                                    "Actual Total Time": 215.235,
                                    "Actual Rows": 2261965,
                                    "Actual Loops": 2
                                  },
                                  {
                                    "Node Type": "Hash",
                                    "Parent Relationship": "Inner",
                                    "Parallel Aware": true,
                                    "Startup Cost": 425492.23,
                                    "Total Cost": 425492.23,
                                    "Plan Rows": 81582,
                                    "Plan Width": 19,
                                    "Actual Startup Time": 3362.703,
                                    "Actual Total Time": 3362.708,
                                    "Actual Rows": 279259,
                                    "Actual Loops": 2,
                                    "Hash Buckets": 1048576,
                                    "Original Hash Buckets": 524288,
                                    "Hash Batches": 1,
                                    "Original Hash Batches": 1,
                                    "Peak Memory Usage": 42400,
                                    "Plans": [
                                      {
                                        "Node Type": "Hash Join",
                                        "Parent Relationship": "Outer",
                                        "Parallel Aware": true,
                                        "Join Type": "Inner",
                                        "Startup Cost": 74096.18,
                                        "Total Cost": 425492.23,
                                        "Plan Rows": 81582,
                                        "Plan Width": 19,
                                        "Actual Startup Time": 872.283,
                                        "Actual Total Time": 3265.467,
                                        "Actual Rows": 279259,
                                        "Actual Loops": 2,
                                        "Inner Unique": true,
                                        "Hash Cond": "(ci.person_id = n.id)",
                                        "Plans": [
                                          {
                                            "Node Type": "Seq Scan",
                                            "Parent Relationship": "Outer",
                                            "Parallel Aware": true,
                                            "Relation Name": "cast_info",
                                            "Alias": "ci",
                                            "Startup Cost": 0.0,
                                            "Total Cost": 350885.27,
                                            "Plan Rows": 194584,
                                            "Plan Width": 8,
                                            "Actual Startup Time": 114.953,
                                            "Actual Total Time": 2397.349,
                                            "Actual Rows": 622358,
                                            "Actual Loops": 2,
                                            "Filter": "(note = ANY ('{(writer),\"(head writer)\",\"(written by)\",(story),\"(story editor)\"}'::text[]))",
                                            "Rows Removed by Filter": 17499814
                                          },
                                          {
                                            "Node Type": "Hash",
                                            "Parent Relationship": "Inner",
                                            "Parallel Aware": true,
                                            "Startup Cost": 68636.05,
                                            "Total Cost": 68636.05,
                                            "Plan Rows": 436810,
                                            "Plan Width": 19,
                                            "Actual Startup Time": 750.916,
                                            "Actual Total Time": 750.917,
                                            "Actual Rows": 869790,
                                            "Actual Loops": 2,
                                            "Hash Buckets": 2097152,
                                            "Original Hash Buckets": 2097152,
                                            "Hash Batches": 1,
                                            "Original Hash Batches": 1,
                                            "Peak Memory Usage": 110528,
                                            "Plans": [
                                              {
                                                "Node Type": "Seq Scan",
                                                "Parent Relationship": "Outer",
                                                "Parallel Aware": true,
                                                "Relation Name": "name",
                                                "Alias": "n",
                                                "Startup Cost": 0.0,
                                                "Total Cost": 68636.05,
                                                "Plan Rows": 436810,
                                                "Plan Width": 19,
                                                "Actual Startup Time": 0.041,
                                                "Actual Total Time": 424.39,
                                                "Actual Rows": 869790,
                                                "Actual Loops": 2,
                                                "Filter": "((gender)::text = 'm'::text)",
                                                "Rows Removed by Filter": 1213956
                                              }
                                            ]
                                          }
                                        ]
                                      }
                                    ]
                                  }
                                ]
                              },
                              {
                                "Node Type": "Hash",
                                "Parent Relationship": "Inner",
                                "Parallel Aware": true,
                                "Startup Cost": 217803.07,
                                "Total Cost": 217803.07,
                                "Plan Rows": 381,
                                "Plan Width": 61,
                                "Actual Startup Time": 1659.874,
                                "Actual Total Time": 1659.879,
                                "Actual Rows": 58639,
                                "Actual Loops": 2,
                                "Hash Buckets": 131072,
                                "Original Hash Buckets": 2048,
                                "Hash Batches": 1,
                                "Original Hash Batches": 1,
                                "Peak Memory Usage": 9360,
                                "Plans": [
                                  {
                                    "Node Type": "Hash Join",
                                    "Parent Relationship": "Outer",
                                    "Parallel Aware": false,
                                    "Join Type": "Inner",
                                    "Startup Cost": 2.85,
                                    "Total Cost": 217803.07,
                                    "Plan Rows": 381,
                                    "Plan Width": 61,
                                    "Actual Startup Time": 1288.164,
                                    "Actual Total Time": 1626.006,
                                    "Actual Rows": 58639,
                                    "Actual Loops": 2,
                                    "Inner Unique": true,
                                    "Hash Cond": "(mi.info_type_id = it1.id)",
                                    "Plans": [
                                      {
                                        "Node Type": "Nested Loop",
                                        "Parent Relationship": "Outer",
                                        "Parallel Aware": false,
                                        "Join Type": "Inner",
                                        "Startup Cost": 0.43,
                                        "Total Cost": 217683.35,
                                        "Plan Rows": 43071,
                                        "Plan Width": 65,
                                        "Actual Startup Time": 898.792,
                                        "Actual Total Time": 1612.703,
                                        "Actual Rows": 59847,
                                        "Actual Loops": 2,
                                        "Inner Unique": false,
                                        "Plans": [
                                          {
                                            "Node Type": "Seq Scan",
                                            "Parent Relationship": "Outer",
                                            "Parallel Aware": true,
                                            "Relation Name": "movie_info",
                                            "Alias": "mi",
                                            "Startup Cost": 0.0,
                                            "Total Cost": 199164.27,
                                            "Plan Rows": 14076,
                                            "Plan Width": 51,
                                            "Actual Startup Time": 898.661,
                                            "Actual Total Time": 1423.288,
                                            "Actual Rows": 36524,
                                            "Actual Loops": 2,
                                            "Filter": "(info = ANY ('{Horror,Thriller}'::text[]))",
                                            "Rows Removed by Filter": 7381336
                                          },
                                          {
                                            "Node Type": "Index Scan",
                                            "Parent Relationship": "Inner",
                                            "Parallel Aware": false,
                                            "Scan Direction": "Forward",
                                            "Index Name": "movie_id_movie_info_idx",
                                            "Relation Name": "movie_info_idx",
                                            "Alias": "mi_idx",
                                            "Startup Cost": 0.43,
                                            "Total Cost": 1.29,
                                            "Plan Rows": 3,
                                            "Plan Width": 14,
                                            "Actual Startup Time": 0.004,
                                            "Actual Total Time": 0.005,
                                            "Actual Rows": 2,
                                            "Actual Loops": 73047,
                                            "Index Cond": "(movie_id = mi.movie_id)",
                                            "Rows Removed by Index Recheck": 0
                                          }
                                        ]
                                      },
                                      {
                                        "Node Type": "Hash",
                                        "Parent Relationship": "Inner",
                                        "Parallel Aware": false,
                                        "Startup Cost": 2.41,
                                        "Total Cost": 2.41,
                                        "Plan Rows": 1,
                                        "Plan Width": 4,
                                        "Actual Startup Time": 0.049,
                                        "Actual Total Time": 0.05,
                                        "Actual Rows": 1,
                                        "Actual Loops": 2,
                                        "Hash Buckets": 1024,
                                        "Original Hash Buckets": 1024,
                                        "Hash Batches": 1,
                                        "Original Hash Batches": 1,
                                        "Peak Memory Usage": 9,
                                        "Plans": [
                                          {
                                            "Node Type": "Seq Scan",
                                            "Parent Relationship": "Outer",
                                            "Parallel Aware": false,
                                            "Relation Name": "info_type",
                                            "Alias": "it1",
                                            "Startup Cost": 0.0,
                                            "Total Cost": 2.41,
                                            "Plan Rows": 1,
                                            "Plan Width": 4,
                                            "Actual Startup Time": 0.031,
                                            "Actual Total Time": 0.038,
                                            "Actual Rows": 1,
                                            "Actual Loops": 2,
                                            "Filter": "((info)::text = 'genres'::text)",
                                            "Rows Removed by Filter": 112
                                          }
                                        ]
                                      }
                                    ]
                                  }
                                ]
                              }
                            ]
                          }
                        ]
                      }
                    ]
                  },
                  {
                    "Node Type": "Index Scan",
                    "Parent Relationship": "Inner",
                    "Parallel Aware": false,
                    "Scan Direction": "Forward",
                    "Index Name": "info_type_pkey",
                    "Relation Name": "info_type",
                    "Alias": "it2",
                    "Startup Cost": 0.14,
                    "Total Cost": 0.16,
                    "Plan Rows": 1,
                    "Plan Width": 4,
                    "Actual Startup Time": 0.001,
                    "Actual Total Time": 0.001,
                    "Actual Rows": 0,
                    "Actual Loops": 146292,
                    "Index Cond": "(id = mi_idx.info_type_id)",
                    "Rows Removed by Index Recheck": 0,
                    "Filter": "((info)::text = 'votes'::text)",
                    "Rows Removed by Filter": 1
                  }
                ]
              },
              {
                "Node Type": "Index Scan",
                "Parent Relationship": "Inner",
                "Parallel Aware": false,
                "Scan Direction": "Forward",
                "Index Name": "keyword_pkey",
                "Relation Name": "keyword",
                "Alias": "k",
                "Startup Cost": 0.42,
                "Total Cost": 0.45,
                "Plan Rows": 1,
                "Plan Width": 4,
                "Actual Startup Time": 0.002,
                "Actual Total Time": 0.002,
                "Actual Rows": 0,
                "Actual Loops": 47262,
                "Index Cond": "(id = mk.keyword_id)",
                "Rows Removed by Index Recheck": 0,
                "Filter": "(keyword = ANY ('{murder,violence,blood,gore,death,female-nudity,hospital}'::text[]))",
                "Rows Removed by Filter": 1
              }
            ]
          }
        ]
      }
    ]
  },
  "Planning Time": 52.696,
  "Triggers": [],
  "Execution Time": 6178.277
}