[
  {
    "Plan": {
      "Node Type": "Aggregate",
      "Strategy": "Plain",
      "Partial Mode": "Finalize",
      "Parallel Aware": false,
      "Startup Cost": 33190.38,
      "Total Cost": 33190.39,
      "Plan Rows": 1,
      "Plan Width": 8,
      "Actual Startup Time": 80.831,
      "Actual Total Time": 86.021,
      "Actual Rows": 1,
      "Actual Loops": 1,
      "Plans": [
        {
          "Node Type": "Gather",
          "Parent Relationship": "Outer",
          "Parallel Aware": false,
          "Startup Cost": 33190.07,
          "Total Cost": 33190.38,
          "Plan Rows": 3,
          "Plan Width": 8,
          "Actual Startup Time": 80.702,
          "Actual Total Time": 86.013,
          "Actual Rows": 4,
          "Actual Loops": 1,
          "Workers Planned": 3,
          "Workers Launched": 3,
          "Single Copy": false,
          "Plans": [
            {
              "Node Type": "Aggregate",
              "Strategy": "Plain",
              "Partial Mode": "Partial",
              "Parent Relationship": "Outer",
              "Parallel Aware": false,
              "Startup Cost": 32190.07,
              "Total Cost": 32190.08,
              "Plan Rows": 1,
              "Plan Width": 8,
              "Actual Startup Time": 75.787,
              "Actual Total Time": 75.788,
              "Actual Rows": 1,
              "Actual Loops": 4,
              "Plans": [
                {
                  "Node Type": "Seq Scan",
                  "Parent Relationship": "Outer",
                  "Parallel Aware": true,
                  "Relation Name": "movie_companies",
                  "Alias": "mc",
                  "Startup Cost": 0.0,
                  "Total Cost": 31414.82,
                  "Plan Rows": 310099,
                  "Plan Width": 0,
                  "Actual Startup Time": 36.67,
                  "Actual Total Time": 68.954,
                  "Actual Rows": 163568,
                  "Actual Loops": 4,
                  "Filter": "((company_id < 42107) AND (company_type_id = 2))",
                  "Rows Removed by Filter": 488714
                }
              ]
            }
          ]
        }
      ]
    },
    "Planning Time": 0.083,
    "Triggers": [],
    "Execution Time": 86.045
  }
]