{
    "Plan": {
        "Node Type": "Aggregate",
        "Strategy": "Plain",
        "Partial Mode": "Finalize",
        "Parallel Aware": false,
        "Startup Cost": 393286.24,
        "Total Cost": 393286.25,
        "Plan Rows": 1,
        "Plan Width": 8,
        "Actual Startup Time": 711.272,
        "Actual Total Time": 751.332,
        "Actual Rows": 1,
        "Actual Loops": 1,
        "Output": [
            "count(*)"
        ],
        "Plans": [
            {
                "Node Type": "Gather",
                "Parent Relationship": "Outer",
                "Parallel Aware": false,
                "Startup Cost": 393285.62,
                "Total Cost": 393286.23,
                "Plan Rows": 6,
                "Plan Width": 8,
                "Actual Startup Time": 709.823,
                "Actual Total Time": 751.315,
                "Actual Rows": 7,
                "Actual Loops": 1,
                "Output": [
                    "(PARTIAL count(*))"
                ],
                "Workers Planned": 6,
                "Workers Launched": 6,
                "Single Copy": false,
                "Plans": [
                    {
                        "Node Type": "Aggregate",
                        "Strategy": "Plain",
                        "Partial Mode": "Partial",
                        "Parent Relationship": "Outer",
                        "Parallel Aware": false,
                        "Startup Cost": 392285.62,
                        "Total Cost": 392285.63,
                        "Plan Rows": 1,
                        "Plan Width": 8,
                        "Actual Startup Time": 697.476,
                        "Actual Total Time": 697.479,
                        "Actual Rows": 1,
                        "Actual Loops": 7,
                        "Output": [
                            "PARTIAL count(*)"
                        ],
                        "Workers": [
                            {
                                "Worker Number": 0,
                                "Actual Startup Time": 696.156,
                                "Actual Total Time": 696.158,
                                "Actual Rows": 1,
                                "Actual Loops": 1
                            },
                            {
                                "Worker Number": 1,
                                "Actual Startup Time": 696.782,
                                "Actual Total Time": 696.785,
                                "Actual Rows": 1,
                                "Actual Loops": 1
                            },
                            {
                                "Worker Number": 2,
                                "Actual Startup Time": 696.881,
                                "Actual Total Time": 696.884,
                                "Actual Rows": 1,
                                "Actual Loops": 1
                            },
                            {
                                "Worker Number": 3,
                                "Actual Startup Time": 689.164,
                                "Actual Total Time": 689.167,
                                "Actual Rows": 1,
                                "Actual Loops": 1
                            },
                            {
                                "Worker Number": 4,
                                "Actual Startup Time": 697.154,
                                "Actual Total Time": 697.157,
                                "Actual Rows": 1,
                                "Actual Loops": 1
                            },
                            {
                                "Worker Number": 5,
                                "Actual Startup Time": 697.327,
                                "Actual Total Time": 697.33,
                                "Actual Rows": 1,
                                "Actual Loops": 1
                            }
                        ],
                        "Plans": [
                            {
                                "Node Type": "Hash Join",
                                "Parent Relationship": "Outer",
                                "Parallel Aware": true,
                                "Join Type": "Inner",
                                "Startup Cost": 44420.32,
                                "Total Cost": 391987.26,
                                "Plan Rows": 119343,
                                "Plan Width": 0,
                                "Actual Startup Time": 209.546,
                                "Actual Total Time": 693.59,
                                "Actual Rows": 69248,
                                "Actual Loops": 7,
                                "Inner Unique": true,
                                "Hash Cond": "(ci.movie_id = t.id)",
                                "Workers": [
                                    {
                                        "Worker Number": 0,
                                        "Actual Startup Time": 208.417,
                                        "Actual Total Time": 692.36,
                                        "Actual Rows": 74768,
                                        "Actual Loops": 1
                                    },
                                    {
                                        "Worker Number": 1,
                                        "Actual Startup Time": 208.964,
                                        "Actual Total Time": 692.681,
                                        "Actual Rows": 50288,
                                        "Actual Loops": 1
                                    },
                                    {
                                        "Worker Number": 2,
                                        "Actual Startup Time": 208.716,
                                        "Actual Total Time": 693.158,
                                        "Actual Rows": 73658,
                                        "Actual Loops": 1
                                    },
                                    {
                                        "Worker Number": 3,
                                        "Actual Startup Time": 200.969,
                                        "Actual Total Time": 685.138,
                                        "Actual Rows": 49714,
                                        "Actual Loops": 1
                                    },
                                    {
                                        "Worker Number": 4,
                                        "Actual Startup Time": 209.497,
                                        "Actual Total Time": 693.462,
                                        "Actual Rows": 73804,
                                        "Actual Loops": 1
                                    },
                                    {
                                        "Worker Number": 5,
                                        "Actual Startup Time": 209.138,
                                        "Actual Total Time": 693.506,
                                        "Actual Rows": 75776,
                                        "Actual Loops": 1
                                    }
                                ],
                                "Plans": [
                                    {
                                        "Node Type": "Index Scan",
                                        "Parent Relationship": "Outer",
                                        "Parallel Aware": true,
                                        "Scan Direction": "Forward",
                                        "Index Name": "role_id_cast_info",
                                        "Relation Name": "cast_info",
                                        "Schema": "public",
                                        "Alias": "ci",
                                        "Startup Cost": 0.56,
                                        "Total Cost": 342814.42,
                                        "Plan Rows": 1810692,
                                        "Plan Width": 4,
                                        "Actual Startup Time": 126.783,
                                        "Actual Total Time": 412.044,
                                        "Actual Rows": 1238763,
                                        "Actual Loops": 7,
                                        "Output": [
                                            "ci.id",
                                            "ci.person_id",
                                            "ci.movie_id",
                                            "ci.person_role_id",
                                            "ci.note",
                                            "ci.nr_order",
                                            "ci.role_id"
                                        ],
                                        "Index Cond": "(ci.role_id < 2)",
                                        "Rows Removed by Index Recheck": 0,
                                        "Filter": "(ci.person_id > 534239)",
                                        "Rows Removed by Filter": 571336,
                                        "Workers": [
                                            {
                                                "Worker Number": 0,
                                                "Actual Startup Time": 126.783,
                                                "Actual Total Time": 410.961,
                                                "Actual Rows": 1333411,
                                                "Actual Loops": 1
                                            },
                                            {
                                                "Worker Number": 1,
                                                "Actual Startup Time": 126.763,
                                                "Actual Total Time": 416.094,
                                                "Actual Rows": 899730,
                                                "Actual Loops": 1
                                            },
                                            {
                                                "Worker Number": 2,
                                                "Actual Startup Time": 126.791,
                                                "Actual Total Time": 410.903,
                                                "Actual Rows": 1333021,
                                                "Actual Loops": 1
                                            },
                                            {
                                                "Worker Number": 3,
                                                "Actual Startup Time": 126.822,
                                                "Actual Total Time": 415.094,
                                                "Actual Rows": 893490,
                                                "Actual Loops": 1
                                            },
                                            {
                                                "Worker Number": 4,
                                                "Actual Startup Time": 126.752,
                                                "Actual Total Time": 414.257,
                                                "Actual Rows": 1302963,
                                                "Actual Loops": 1
                                            },
                                            {
                                                "Worker Number": 5,
                                                "Actual Startup Time": 126.787,
                                                "Actual Total Time": 413.695,
                                                "Actual Rows": 1352131,
                                                "Actual Loops": 1
                                            }
                                        ]
                                    },
                                    {
                                        "Node Type": "Hash",
                                        "Parent Relationship": "Inner",
                                        "Parallel Aware": true,
                                        "Startup Cost": 43899.01,
                                        "Total Cost": 43899.01,
                                        "Plan Rows": 41660,
                                        "Plan Width": 4,
                                        "Actual Startup Time": 80.755,
                                        "Actual Total Time": 80.756,
                                        "Actual Rows": 24135,
                                        "Actual Loops": 7,
                                        "Output": [
                                            "t.id"
                                        ],
                                        "Hash Buckets": 262144,
                                        "Original Hash Buckets": 262144,
                                        "Hash Batches": 1,
                                        "Original Hash Batches": 1,
                                        "Peak Memory Usage": 8768,
                                        "Workers": [
                                            {
                                                "Worker Number": 0,
                                                "Actual Startup Time": 80.731,
                                                "Actual Total Time": 80.732,
                                                "Actual Rows": 25199,
                                                "Actual Loops": 1
                                            },
                                            {
                                                "Worker Number": 1,
                                                "Actual Startup Time": 81.181,
                                                "Actual Total Time": 81.182,
                                                "Actual Rows": 19042,
                                                "Actual Loops": 1
                                            },
                                            {
                                                "Worker Number": 2,
                                                "Actual Startup Time": 81.465,
                                                "Actual Total Time": 81.465,
                                                "Actual Rows": 25006,
                                                "Actual Loops": 1
                                            },
                                            {
                                                "Worker Number": 3,
                                                "Actual Startup Time": 73.769,
                                                "Actual Total Time": 73.77,
                                                "Actual Rows": 18844,
                                                "Actual Loops": 1
                                            },
                                            {
                                                "Worker Number": 4,
                                                "Actual Startup Time": 81.659,
                                                "Actual Total Time": 81.66,
                                                "Actual Rows": 23650,
                                                "Actual Loops": 1
                                            },
                                            {
                                                "Worker Number": 5,
                                                "Actual Startup Time": 81.916,
                                                "Actual Total Time": 81.917,
                                                "Actual Rows": 25224,
                                                "Actual Loops": 1
                                            }
                                        ],
                                        "Plans": [
                                            {
                                                "Node Type": "Seq Scan",
                                                "Parent Relationship": "Outer",
                                                "Parallel Aware": true,
                                                "Relation Name": "title",
                                                "Schema": "public",
                                                "Alias": "t",
                                                "Startup Cost": 0.0,
                                                "Total Cost": 43899.01,
                                                "Plan Rows": 41660,
                                                "Plan Width": 4,
                                                "Actual Startup Time": 0.434,
                                                "Actual Total Time": 70.88,
                                                "Actual Rows": 24135,
                                                "Actual Loops": 7,
                                                "Output": [
                                                    "t.id"
                                                ],
                                                "Filter": "(t.production_year < 1951)",
                                                "Rows Removed by Filter": 337052,
                                                "Workers": [
                                                    {
                                                        "Worker Number": 0,
                                                        "Actual Startup Time": 1.07,
                                                        "Actual Total Time": 70.812,
                                                        "Actual Rows": 25199,
                                                        "Actual Loops": 1
                                                    },
                                                    {
                                                        "Worker Number": 1,
                                                        "Actual Startup Time": 0.705,
                                                        "Actual Total Time": 72.439,
                                                        "Actual Rows": 19042,
                                                        "Actual Loops": 1
                                                    },
                                                    {
                                                        "Worker Number": 2,
                                                        "Actual Startup Time": 0.255,
                                                        "Actual Total Time": 71.286,
                                                        "Actual Rows": 25006,
                                                        "Actual Loops": 1
                                                    },
                                                    {
                                                        "Worker Number": 3,
                                                        "Actual Startup Time": 0.276,
                                                        "Actual Total Time": 64.995,
                                                        "Actual Rows": 18844,
                                                        "Actual Loops": 1
                                                    },
                                                    {
                                                        "Worker Number": 4,
                                                        "Actual Startup Time": 0.056,
                                                        "Actual Total Time": 72.012,
                                                        "Actual Rows": 23650,
                                                        "Actual Loops": 1
                                                    },
                                                    {
                                                        "Worker Number": 5,
                                                        "Actual Startup Time": 0.319,
                                                        "Actual Total Time": 71.593,
                                                        "Actual Rows": 25224,
                                                        "Actual Loops": 1
                                                    }
                                                ]
                                            }
                                        ]
                                    }
                                ]
                            }
                        ]
                    }
                ]
            }
        ]
    },
    "Planning Time": 0.787,
    "Triggers": [],
    "Execution Time": 751.431
}