[
  {
    "Plan": {
      "Node Type": "Aggregate",
      "Strategy": "Plain",
      "Partial Mode": "Finalize",
      "Parallel Aware": false,
      "Startup Cost": 46329.23,
      "Total Cost": 46329.24,
      "Plan Rows": 1,
      "Plan Width": 8,
      "Actual Startup Time": 166.3,
      "Actual Total Time": 174.142,
      "Actual Rows": 1,
      "Actual Loops": 1,
      "Plans": [
        {
          "Node Type": "Gather",
          "Parent Relationship": "Outer",
          "Parallel Aware": false,
          "Startup Cost": 46328.91,
          "Total Cost": 46329.22,
          "Plan Rows": 3,
          "Plan Width": 8,
          "Actual Startup Time": 166.196,
          "Actual Total Time": 174.134,
          "Actual Rows": 4,
          "Actual Loops": 1,
          "Workers Planned": 3,
          "Workers Launched": 3,
          "Single Copy": false,
          "Plans": [
            {
              "Node Type": "Aggregate",
              "Strategy": "Plain",
              "Partial Mode": "Partial",
              "Parent Relationship": "Outer",
              "Parallel Aware": false,
              "Startup Cost": 45328.91,
              "Total Cost": 45328.92,
              "Plan Rows": 1,
              "Plan Width": 8,
              "Actual Startup Time": 160.769,
              "Actual Total Time": 160.77,
              "Actual Rows": 1,
              "Actual Loops": 4,
              "Plans": [
                {
                  "Node Type": "Seq Scan",
                  "Parent Relationship": "Outer",
                  "Parallel Aware": true,
                  "Relation Name": "movie_keyword",
                  "Alias": "mk",
                  "Startup Cost": 0.0,
                  "Total Cost": 42695.65,
                  "Plan Rows": 1053304,
                  "Plan Width": 0,
                  "Actual Startup Time": 0.043,
                  "Actual Total Time": 121.856,
                  "Actual Rows": 814601,
                  "Actual Loops": 4,
                  "Filter": "(keyword_id < 14127)",
                  "Rows Removed by Filter": 316381
                }
              ]
            }
          ]
        }
      ]
    },
    "Planning Time": 0.186,
    "Triggers": [],
    "Execution Time": 174.198
  }
]