[
    {
        "Bao": {
            "Bao prediction": "NaN",
            "Bao recommended hint": "(no hint)"
        }
    },
    {
        "Plan": {
            "Node Type": "Aggregate",
            "Strategy": "Plain",
            "Partial Mode": "Finalize",
            "Parallel Aware": false,
            "Startup Cost": 67200.62,
            "Total Cost": 67200.63,
            "Plan Rows": 1,
            "Plan Width": 8,
            "Actual Startup Time": 122.87,
            "Actual Total Time": 136.465,
            "Actual Rows": 1,
            "Actual Loops": 1,
            "Output": [
                "count(*)"
            ],
            "Plans": [
                {
                    "Node Type": "Gather",
                    "Parent Relationship": "Outer",
                    "Parallel Aware": false,
                    "Startup Cost": 67200.2,
                    "Total Cost": 67200.61,
                    "Plan Rows": 4,
                    "Plan Width": 8,
                    "Actual Startup Time": 122.755,
                    "Actual Total Time": 136.458,
                    "Actual Rows": 5,
                    "Actual Loops": 1,
                    "Output": [
                        "(PARTIAL count(*))"
                    ],
                    "Workers Planned": 4,
                    "Workers Launched": 4,
                    "Single Copy": false,
                    "Plans": [
                        {
                            "Node Type": "Aggregate",
                            "Strategy": "Plain",
                            "Partial Mode": "Partial",
                            "Parent Relationship": "Outer",
                            "Parallel Aware": false,
                            "Startup Cost": 66200.2,
                            "Total Cost": 66200.21,
                            "Plan Rows": 1,
                            "Plan Width": 8,
                            "Actual Startup Time": 113.431,
                            "Actual Total Time": 113.432,
                            "Actual Rows": 1,
                            "Actual Loops": 5,
                            "Output": [
                                "PARTIAL count(*)"
                            ],
                            "Workers": [
                                {
                                    "Worker Number": 0,
                                    "Actual Startup Time": 110.99,
                                    "Actual Total Time": 110.991,
                                    "Actual Rows": 1,
                                    "Actual Loops": 1
                                },
                                {
                                    "Worker Number": 1,
                                    "Actual Startup Time": 111.075,
                                    "Actual Total Time": 111.075,
                                    "Actual Rows": 1,
                                    "Actual Loops": 1
                                },
                                {
                                    "Worker Number": 2,
                                    "Actual Startup Time": 111.192,
                                    "Actual Total Time": 111.194,
                                    "Actual Rows": 1,
                                    "Actual Loops": 1
                                },
                                {
                                    "Worker Number": 3,
                                    "Actual Startup Time": 111.495,
                                    "Actual Total Time": 111.497,
                                    "Actual Rows": 1,
                                    "Actual Loops": 1
                                }
                            ],
                            "Plans": [
                                {
                                    "Node Type": "Nested Loop",
                                    "Parent Relationship": "Outer",
                                    "Parallel Aware": false,
                                    "Join Type": "Inner",
                                    "Startup Cost": 0.86,
                                    "Total Cost": 66189.31,
                                    "Plan Rows": 4355,
                                    "Plan Width": 0,
                                    "Actual Startup Time": 2.615,
                                    "Actual Total Time": 112.384,
                                    "Actual Rows": 16319,
                                    "Actual Loops": 5,
                                    "Inner Unique": false,
                                    "Join Filter": "(t.id = mi.movie_id)",
                                    "Rows Removed by Join Filter": 0,
                                    "Workers": [
                                        {
                                            "Worker Number": 0,
                                            "Actual Startup Time": 0.882,
                                            "Actual Total Time": 109.957,
                                            "Actual Rows": 13306,
                                            "Actual Loops": 1
                                        },
                                        {
                                            "Worker Number": 1,
                                            "Actual Startup Time": 1.248,
                                            "Actual Total Time": 110.013,
                                            "Actual Rows": 14475,
                                            "Actual Loops": 1
                                        },
                                        {
                                            "Worker Number": 2,
                                            "Actual Startup Time": 0.932,
                                            "Actual Total Time": 110.276,
                                            "Actual Rows": 11347,
                                            "Actual Loops": 1
                                        },
                                        {
                                            "Worker Number": 3,
                                            "Actual Startup Time": 9.653,
                                            "Actual Total Time": 110.543,
                                            "Actual Rows": 12149,
                                            "Actual Loops": 1
                                        }
                                    ],
                                    "Plans": [
                                        {
                                            "Node Type": "Nested Loop",
                                            "Parent Relationship": "Outer",
                                            "Parallel Aware": false,
                                            "Join Type": "Inner",
                                            "Startup Cost": 0.43,
                                            "Total Cost": 64507.02,
                                            "Plan Rows": 746,
                                            "Plan Width": 8,
                                            "Actual Startup Time": 2.427,
                                            "Actual Total Time": 80.046,
                                            "Actual Rows": 1166,
                                            "Actual Loops": 5,
                                            "Output": [
                                                "t.id",
                                                "mc.movie_id"
                                            ],
                                            "Inner Unique": false,
                                            "Workers": [
                                                {
                                                    "Worker Number": 0,
                                                    "Actual Startup Time": 0.631,
                                                    "Actual Total Time": 76.262,
                                                    "Actual Rows": 954,
                                                    "Actual Loops": 1
                                                },
                                                {
                                                    "Worker Number": 1,
                                                    "Actual Startup Time": 1.003,
                                                    "Actual Total Time": 75.956,
                                                    "Actual Rows": 966,
                                                    "Actual Loops": 1
                                                },
                                                {
                                                    "Worker Number": 2,
                                                    "Actual Startup Time": 0.676,
                                                    "Actual Total Time": 75.656,
                                                    "Actual Rows": 878,
                                                    "Actual Loops": 1
                                                },
                                                {
                                                    "Worker Number": 3,
                                                    "Actual Startup Time": 9.481,
                                                    "Actual Total Time": 77.426,
                                                    "Actual Rows": 991,
                                                    "Actual Loops": 1
                                                }
                                            ],
                                            "Plans": [
                                                {
                                                    "Node Type": "Seq Scan",
                                                    "Parent Relationship": "Outer",
                                                    "Parallel Aware": true,
                                                    "Relation Name": "title",
                                                    "Schema": "public",
                                                    "Alias": "t",
                                                    "Startup Cost": 0.0,
                                                    "Total Cost": 45479.21,
                                                    "Plan Rows": 1418,
                                                    "Plan Width": 4,
                                                    "Actual Startup Time": 2.215,
                                                    "Actual Total Time": 66.197,
                                                    "Actual Rows": 1218,
                                                    "Actual Loops": 5,
                                                    "Output": [
                                                        "t.id",
                                                        "t.title",
                                                        "t.imdb_index",
                                                        "t.kind_id",
                                                        "t.production_year",
                                                        "t.imdb_id",
                                                        "t.phonetic_code",
                                                        "t.episode_of_id",
                                                        "t.season_nr",
                                                        "t.episode_nr",
                                                        "t.series_years",
                                                        "t.md5sum"
                                                    ],
                                                    "Filter": "((t.kind_id < 7) AND (t.production_year = 1968))",
                                                    "Rows Removed by Filter": 504444,
                                                    "Workers": [
                                                        {
                                                            "Worker Number": 0,
                                                            "Actual Startup Time": 0.392,
                                                            "Actual Total Time": 61.508,
                                                            "Actual Rows": 1010,
                                                            "Actual Loops": 1
                                                        },
                                                        {
                                                            "Worker Number": 1,
                                                            "Actual Startup Time": 0.749,
                                                            "Actual Total Time": 61.402,
                                                            "Actual Rows": 994,
                                                            "Actual Loops": 1
                                                        },
                                                        {
                                                            "Worker Number": 2,
                                                            "Actual Startup Time": 0.46,
                                                            "Actual Total Time": 60.365,
                                                            "Actual Rows": 949,
                                                            "Actual Loops": 1
                                                        },
                                                        {
                                                            "Worker Number": 3,
                                                            "Actual Startup Time": 9.35,
                                                            "Actual Total Time": 62.868,
                                                            "Actual Rows": 1035,
                                                            "Actual Loops": 1
                                                        }
                                                    ]
                                                },
                                                {
                                                    "Node Type": "Index Scan",
                                                    "Parent Relationship": "Inner",
                                                    "Parallel Aware": false,
                                                    "Scan Direction": "Forward",
                                                    "Index Name": "movie_id_movie_companies",
                                                    "Relation Name": "movie_companies",
                                                    "Schema": "public",
                                                    "Alias": "mc",
                                                    "Startup Cost": 0.43,
                                                    "Total Cost": 13.39,
                                                    "Plan Rows": 3,
                                                    "Plan Width": 4,
                                                    "Actual Startup Time": 0.011,
                                                    "Actual Total Time": 0.011,
                                                    "Actual Rows": 1,
                                                    "Actual Loops": 6090,
                                                    "Output": [
                                                        "mc.id",
                                                        "mc.movie_id",
                                                        "mc.company_id",
                                                        "mc.company_type_id",
                                                        "mc.note"
                                                    ],
                                                    "Index Cond": "(mc.movie_id = t.id)",
                                                    "Rows Removed by Index Recheck": 0,
                                                    "Filter": "(mc.company_type_id > 1)",
                                                    "Rows Removed by Filter": 1,
                                                    "Workers": [
                                                        {
                                                            "Worker Number": 0,
                                                            "Actual Startup Time": 0.014,
                                                            "Actual Total Time": 0.014,
                                                            "Actual Rows": 1,
                                                            "Actual Loops": 1010
                                                        },
                                                        {
                                                            "Worker Number": 1,
                                                            "Actual Startup Time": 0.014,
                                                            "Actual Total Time": 0.014,
                                                            "Actual Rows": 1,
                                                            "Actual Loops": 994
                                                        },
                                                        {
                                                            "Worker Number": 2,
                                                            "Actual Startup Time": 0.015,
                                                            "Actual Total Time": 0.015,
                                                            "Actual Rows": 1,
                                                            "Actual Loops": 949
                                                        },
                                                        {
                                                            "Worker Number": 3,
                                                            "Actual Startup Time": 0.013,
                                                            "Actual Total Time": 0.013,
                                                            "Actual Rows": 1,
                                                            "Actual Loops": 1035
                                                        }
                                                    ]
                                                }
                                            ]
                                        },
                                        {
                                            "Node Type": "Index Only Scan",
                                            "Parent Relationship": "Inner",
                                            "Parallel Aware": false,
                                            "Scan Direction": "Forward",
                                            "Index Name": "movie_id_movie_info",
                                            "Relation Name": "movie_info",
                                            "Schema": "public",
                                            "Alias": "mi",
                                            "Startup Cost": 0.43,
                                            "Total Cost": 1.77,
                                            "Plan Rows": 39,
                                            "Plan Width": 4,
                                            "Actual Startup Time": 0.01,
                                            "Actual Total Time": 0.026,
                                            "Actual Rows": 14,
                                            "Actual Loops": 5830,
                                            "Output": [
                                                "mi.movie_id"
                                            ],
                                            "Index Cond": "(mi.movie_id = mc.movie_id)",
                                            "Rows Removed by Index Recheck": 0,
                                            "Heap Fetches": 81593,
                                            "Workers": [
                                                {
                                                    "Worker Number": 0,
                                                    "Actual Startup Time": 0.014,
                                                    "Actual Total Time": 0.033,
                                                    "Actual Rows": 14,
                                                    "Actual Loops": 954
                                                },
                                                {
                                                    "Worker Number": 1,
                                                    "Actual Startup Time": 0.013,
                                                    "Actual Total Time": 0.033,
                                                    "Actual Rows": 15,
                                                    "Actual Loops": 966
                                                },
                                                {
                                                    "Worker Number": 2,
                                                    "Actual Startup Time": 0.015,
                                                    "Actual Total Time": 0.037,
                                                    "Actual Rows": 13,
                                                    "Actual Loops": 878
                                                },
                                                {
                                                    "Worker Number": 3,
                                                    "Actual Startup Time": 0.013,
                                                    "Actual Total Time": 0.032,
                                                    "Actual Rows": 12,
                                                    "Actual Loops": 991
                                                }
                                            ]
                                        }
                                    ]
                                }
                            ]
                        }
                    ]
                }
            ]
        },
        "Planning Time": 172.955,
        "Triggers": [],
        "Execution Time": 136.533
    }
]