{
  "Plan": {
    "Node Type": "Aggregate",
    "Strategy": "Plain",
    "Partial Mode": "Finalize",
    "Parallel Aware": false,
    "Startup Cost": 30853.52,
    "Total Cost": 30853.53,
    "Plan Rows": 1,
    "Plan Width": 8,
    "Actual Startup Time": 34.011,
    "Actual Total Time": 38.481,
    "Actual Rows": 1,
    "Actual Loops": 1,
    "Plans": [
      {
        "Node Type": "Gather",
        "Parent Relationship": "Outer",
        "Parallel Aware": false,
        "Startup Cost": 30853.41,
        "Total Cost": 30853.52,
        "Plan Rows": 1,
        "Plan Width": 8,
        "Actual Startup Time": 33.836,
        "Actual Total Time": 38.474,
        "Actual Rows": 2,
        "Actual Loops": 1,
        "Workers Planned": 1,
        "Workers Launched": 1,
        "Single Copy": false,
        "Plans": [
          {
            "Node Type": "Aggregate",
            "Strategy": "Plain",
            "Partial Mode": "Partial",
            "Parent Relationship": "Outer",
            "Parallel Aware": false,
            "Startup Cost": 29853.41,
            "Total Cost": 29853.42,
            "Plan Rows": 1,
            "Plan Width": 8,
            "Actual Startup Time": 27.779,
            "Actual Total Time": 27.78,
            "Actual Rows": 1,
            "Actual Loops": 2,
            "Plans": [
              {
                "Node Type": "Nested Loop",
                "Parent Relationship": "Outer",
                "Parallel Aware": false,
                "Join Type": "Inner",
                "Startup Cost": 235.0,
                "Total Cost": 29851.72,
                "Plan Rows": 676,
                "Plan Width": 0,
                "Actual Startup Time": 10.095,
                "Actual Total Time": 27.675,
                "Actual Rows": 822,
                "Actual Loops": 2,
                "Inner Unique": false,
                "Plans": [
                  {
                    "Node Type": "Bitmap Heap Scan",
                    "Parent Relationship": "Outer",
                    "Parallel Aware": true,
                    "Relation Name": "title",
                    "Alias": "t",
                    "Startup Cost": 234.56,
                    "Total Cost": 26193.91,
                    "Plan Rows": 378,
                    "Plan Width": 4,
                    "Actual Startup Time": 8.167,
                    "Actual Total Time": 24.175,
                    "Actual Rows": 215,
                    "Actual Loops": 2,
                    "Recheck Cond": "(kind_id = 6)",
                    "Rows Removed by Index Recheck": 0,
                    "Filter": "(production_year = 2007)",
                    "Rows Removed by Filter": 6085,
                    "Exact Heap Blocks": 7021,
                    "Lossy Heap Blocks": 0,
                    "Plans": [
                      {
                        "Node Type": "Bitmap Index Scan",
                        "Parent Relationship": "Outer",
                        "Parallel Aware": false,
                        "Index Name": "kind_id_title",
                        "Startup Cost": 0.0,
                        "Total Cost": 234.4,
                        "Plan Rows": 13063,
                        "Plan Width": 0,
                        "Actual Startup Time": 8.048,
                        "Actual Total Time": 8.049,
                        "Actual Rows": 12600,
                        "Actual Loops": 1,
                        "Index Cond": "(kind_id = 6)"
                      }
                    ]
                  },
                  {
                    "Node Type": "Index Only Scan",
                    "Parent Relationship": "Inner",
                    "Parallel Aware": false,
                    "Scan Direction": "Forward",
                    "Index Name": "movie_id_movie_keyword",
                    "Relation Name": "movie_keyword",
                    "Alias": "mk",
                    "Startup Cost": 0.43,
                    "Total Cost": 9.23,
                    "Plan Rows": 45,
                    "Plan Width": 4,
                    "Actual Startup Time": 0.014,
                    "Actual Total Time": 0.015,
                    "Actual Rows": 4,
                    "Actual Loops": 430,
                    "Index Cond": "(movie_id = t.id)",
                    "Rows Removed by Index Recheck": 0,
                    "Heap Fetches": 1644
                  }
                ]
              }
            ]
          }
        ]
      }
    ]
  },
  "Planning Time": 0.482,
  "Triggers": [],
  "Execution Time": 38.571
}