[
  {
    "Plan": {
      "Node Type": "Aggregate",
      "Strategy": "Plain",
      "Partial Mode": "Finalize",
      "Parallel Aware": false,
      "Startup Cost": 63671.19,
      "Total Cost": 63671.2,
      "Plan Rows": 1,
      "Plan Width": 8,
      "Actual Startup Time": 64.623,
      "Actual Total Time": 73.703,
      "Actual Rows": 1,
      "Actual Loops": 1,
      "Plans": [
        {
          "Node Type": "Gather",
          "Parent Relationship": "Outer",
          "Parallel Aware": false,
          "Startup Cost": 63670.87,
          "Total Cost": 63671.18,
          "Plan Rows": 3,
          "Plan Width": 8,
          "Actual Startup Time": 64.473,
          "Actual Total Time": 73.697,
          "Actual Rows": 4,
          "Actual Loops": 1,
          "Workers Planned": 3,
          "Workers Launched": 3,
          "Single Copy": false,
          "Plans": [
            {
              "Node Type": "Aggregate",
              "Strategy": "Plain",
              "Partial Mode": "Partial",
              "Parent Relationship": "Outer",
              "Parallel Aware": false,
              "Startup Cost": 62670.87,
              "Total Cost": 62670.88,
              "Plan Rows": 1,
              "Plan Width": 8,
              "Actual Startup Time": 60.651,
              "Actual Total Time": 60.652,
              "Actual Rows": 1,
              "Actual Loops": 4,
              "Plans": [
                {
                  "Node Type": "Nested Loop",
                  "Parent Relationship": "Outer",
                  "Parallel Aware": false,
                  "Join Type": "Inner",
                  "Startup Cost": 484.17,
                  "Total Cost": 62670.51,
                  "Plan Rows": 142,
                  "Plan Width": 0,
                  "Actual Startup Time": 13.699,
                  "Actual Total Time": 60.621,
                  "Actual Rows": 155,
                  "Actual Loops": 4,
                  "Inner Unique": true,
                  "Plans": [
                    {
                      "Node Type": "Bitmap Heap Scan",
                      "Parent Relationship": "Outer",
                      "Parallel Aware": true,
                      "Relation Name": "movie_keyword",
                      "Alias": "mk",
                      "Startup Cost": 483.74,
                      "Total Cost": 25540.48,
                      "Plan Rows": 7297,
                      "Plan Width": 4,
                      "Actual Startup Time": 9.07,
                      "Actual Total Time": 24.903,
                      "Actual Rows": 4882,
                      "Actual Loops": 4,
                      "Recheck Cond": "(keyword_id = 137)",
                      "Rows Removed by Index Recheck": 0,
                      "Exact Heap Blocks": 5158,
                      "Lossy Heap Blocks": 0,
                      "Plans": [
                        {
                          "Node Type": "Bitmap Index Scan",
                          "Parent Relationship": "Outer",
                          "Parallel Aware": false,
                          "Index Name": "keyword_id_movie_keyword",
                          "Startup Cost": 0.0,
                          "Total Cost": 478.08,
                          "Plan Rows": 22620,
                          "Plan Width": 0,
                          "Actual Startup Time": 7.204,
                          "Actual Total Time": 7.204,
                          "Actual Rows": 19528,
                          "Actual Loops": 1,
                          "Index Cond": "(keyword_id = 137)"
                        }
                      ]
                    },
                    {
                      "Node Type": "Index Scan",
                      "Parent Relationship": "Inner",
                      "Parallel Aware": false,
                      "Scan Direction": "Forward",
                      "Index Name": "title_pkey",
                      "Relation Name": "title",
                      "Alias": "t",
                      "Startup Cost": 0.43,
                      "Total Cost": 5.09,
                      "Plan Rows": 1,
                      "Plan Width": 4,
                      "Actual Startup Time": 0.007,
                      "Actual Total Time": 0.007,
                      "Actual Rows": 0,
                      "Actual Loops": 19528,
                      "Index Cond": "(id = mk.movie_id)",
                      "Rows Removed by Index Recheck": 0,
                      "Filter": "((kind_id < 7) AND (production_year = 2009))",
                      "Rows Removed by Filter": 1
                    }
                  ]
                }
              ]
            }
          ]
        }
      ]
    },
    "Planning Time": 0.421,
    "Triggers": [],
    "Execution Time": 73.775
  }
]