{
    "Plan": {
        "Node Type": "Aggregate",
        "Strategy": "Plain",
        "Partial Mode": "Finalize",
        "Parallel Aware": false,
        "Startup Cost": 266493.61,
        "Total Cost": 266493.62,
        "Plan Rows": 1,
        "Plan Width": 8,
        "Actual Startup Time": 218.545,
        "Actual Total Time": 254.627,
        "Actual Rows": 1,
        "Actual Loops": 1,
        "Output": [
            "count(*)"
        ],
        "Plans": [
            {
                "Node Type": "Gather",
                "Parent Relationship": "Outer",
                "Parallel Aware": false,
                "Startup Cost": 266493.19,
                "Total Cost": 266493.6,
                "Plan Rows": 4,
                "Plan Width": 8,
                "Actual Startup Time": 218.131,
                "Actual Total Time": 254.617,
                "Actual Rows": 5,
                "Actual Loops": 1,
                "Output": [
                    "(PARTIAL count(*))"
                ],
                "Workers Planned": 4,
                "Workers Launched": 4,
                "Single Copy": false,
                "Plans": [
                    {
                        "Node Type": "Aggregate",
                        "Strategy": "Plain",
                        "Partial Mode": "Partial",
                        "Parent Relationship": "Outer",
                        "Parallel Aware": false,
                        "Startup Cost": 265493.19,
                        "Total Cost": 265493.2,
                        "Plan Rows": 1,
                        "Plan Width": 8,
                        "Actual Startup Time": 208.171,
                        "Actual Total Time": 208.173,
                        "Actual Rows": 1,
                        "Actual Loops": 5,
                        "Output": [
                            "PARTIAL count(*)"
                        ],
                        "Workers": [
                            {
                                "Worker Number": 0,
                                "Actual Startup Time": 205.358,
                                "Actual Total Time": 205.36,
                                "Actual Rows": 1,
                                "Actual Loops": 1
                            },
                            {
                                "Worker Number": 1,
                                "Actual Startup Time": 205.968,
                                "Actual Total Time": 205.969,
                                "Actual Rows": 1,
                                "Actual Loops": 1
                            },
                            {
                                "Worker Number": 2,
                                "Actual Startup Time": 206.045,
                                "Actual Total Time": 206.046,
                                "Actual Rows": 1,
                                "Actual Loops": 1
                            },
                            {
                                "Worker Number": 3,
                                "Actual Startup Time": 206.057,
                                "Actual Total Time": 206.06,
                                "Actual Rows": 1,
                                "Actual Loops": 1
                            }
                        ],
                        "Plans": [
                            {
                                "Node Type": "Nested Loop",
                                "Parent Relationship": "Outer",
                                "Parallel Aware": false,
                                "Join Type": "Inner",
                                "Startup Cost": 0.56,
                                "Total Cost": 265409.35,
                                "Plan Rows": 33534,
                                "Plan Width": 0,
                                "Actual Startup Time": 0.615,
                                "Actual Total Time": 204.889,
                                "Actual Rows": 26193,
                                "Actual Loops": 5,
                                "Inner Unique": false,
                                "Workers": [
                                    {
                                        "Worker Number": 0,
                                        "Actual Startup Time": 1.201,
                                        "Actual Total Time": 202.046,
                                        "Actual Rows": 16716,
                                        "Actual Loops": 1
                                    },
                                    {
                                        "Worker Number": 1,
                                        "Actual Startup Time": 0.693,
                                        "Actual Total Time": 202.968,
                                        "Actual Rows": 24366,
                                        "Actual Loops": 1
                                    },
                                    {
                                        "Worker Number": 2,
                                        "Actual Startup Time": 0.62,
                                        "Actual Total Time": 203.01,
                                        "Actual Rows": 24382,
                                        "Actual Loops": 1
                                    },
                                    {
                                        "Worker Number": 3,
                                        "Actual Startup Time": 0.458,
                                        "Actual Total Time": 202.694,
                                        "Actual Rows": 16663,
                                        "Actual Loops": 1
                                    }
                                ],
                                "Plans": [
                                    {
                                        "Node Type": "Seq Scan",
                                        "Parent Relationship": "Outer",
                                        "Parallel Aware": true,
                                        "Relation Name": "title",
                                        "Schema": "public",
                                        "Alias": "t",
                                        "Startup Cost": 0.0,
                                        "Total Cost": 43899.01,
                                        "Plan Rows": 2339,
                                        "Plan Width": 4,
                                        "Actual Startup Time": 0.269,
                                        "Actual Total Time": 80.426,
                                        "Actual Rows": 2062,
                                        "Actual Loops": 5,
                                        "Output": [
                                            "t.id",
                                            "t.title",
                                            "t.imdb_index",
                                            "t.kind_id",
                                            "t.production_year",
                                            "t.imdb_id",
                                            "t.phonetic_code",
                                            "t.episode_of_id",
                                            "t.season_nr",
                                            "t.episode_nr",
                                            "t.series_years",
                                            "t.md5sum"
                                        ],
                                        "Filter": "(t.production_year = 1962)",
                                        "Rows Removed by Filter": 503601,
                                        "Workers": [
                                            {
                                                "Worker Number": 0,
                                                "Actual Startup Time": 0.338,
                                                "Actual Total Time": 69.154,
                                                "Actual Rows": 1356,
                                                "Actual Loops": 1
                                            },
                                            {
                                                "Worker Number": 1,
                                                "Actual Startup Time": 0.47,
                                                "Actual Total Time": 69.701,
                                                "Actual Rows": 1917,
                                                "Actual Loops": 1
                                            },
                                            {
                                                "Worker Number": 2,
                                                "Actual Startup Time": 0.38,
                                                "Actual Total Time": 71.243,
                                                "Actual Rows": 1885,
                                                "Actual Loops": 1
                                            },
                                            {
                                                "Worker Number": 3,
                                                "Actual Startup Time": 0.137,
                                                "Actual Total Time": 67.971,
                                                "Actual Rows": 1335,
                                                "Actual Loops": 1
                                            }
                                        ]
                                    },
                                    {
                                        "Node Type": "Index Only Scan",
                                        "Parent Relationship": "Inner",
                                        "Parallel Aware": false,
                                        "Scan Direction": "Forward",
                                        "Index Name": "movie_id_cast_info",
                                        "Relation Name": "cast_info",
                                        "Schema": "public",
                                        "Alias": "ci",
                                        "Startup Cost": 0.56,
                                        "Total Cost": 94.32,
                                        "Plan Rows": 38,
                                        "Plan Width": 4,
                                        "Actual Startup Time": 0.013,
                                        "Actual Total Time": 0.058,
                                        "Actual Rows": 13,
                                        "Actual Loops": 10308,
                                        "Output": [
                                            "ci.movie_id"
                                        ],
                                        "Index Cond": "(ci.movie_id = t.id)",
                                        "Rows Removed by Index Recheck": 0,
                                        "Heap Fetches": 130964,
                                        "Workers": [
                                            {
                                                "Worker Number": 0,
                                                "Actual Startup Time": 0.02,
                                                "Actual Total Time": 0.095,
                                                "Actual Rows": 12,
                                                "Actual Loops": 1356
                                            },
                                            {
                                                "Worker Number": 1,
                                                "Actual Startup Time": 0.015,
                                                "Actual Total Time": 0.067,
                                                "Actual Rows": 13,
                                                "Actual Loops": 1917
                                            },
                                            {
                                                "Worker Number": 2,
                                                "Actual Startup Time": 0.015,
                                                "Actual Total Time": 0.068,
                                                "Actual Rows": 13,
                                                "Actual Loops": 1885
                                            },
                                            {
                                                "Worker Number": 3,
                                                "Actual Startup Time": 0.022,
                                                "Actual Total Time": 0.097,
                                                "Actual Rows": 12,
                                                "Actual Loops": 1335
                                            }
                                        ]
                                    }
                                ]
                            }
                        ]
                    }
                ]
            }
        ]
    },
    "Planning Time": 0.699,
    "Triggers": [],
    "Execution Time": 254.71
}