[
  {
    "Plan": {
      "Node Type": "Aggregate",
      "Strategy": "Plain",
      "Partial Mode": "Finalize",
      "Parallel Aware": false,
      "Startup Cost": 84915.74,
      "Total Cost": 84915.75,
      "Plan Rows": 1,
      "Plan Width": 8,
      "Actual Startup Time": 215.788,
      "Actual Total Time": 231.15,
      "Actual Rows": 1,
      "Actual Loops": 1,
      "Plans": [
        {
          "Node Type": "Gather",
          "Parent Relationship": "Outer",
          "Parallel Aware": false,
          "Startup Cost": 84915.43,
          "Total Cost": 84915.74,
          "Plan Rows": 3,
          "Plan Width": 8,
          "Actual Startup Time": 215.269,
          "Actual Total Time": 231.141,
          "Actual Rows": 4,
          "Actual Loops": 1,
          "Workers Planned": 3,
          "Workers Launched": 3,
          "Single Copy": false,
          "Plans": [
            {
              "Node Type": "Aggregate",
              "Strategy": "Plain",
              "Partial Mode": "Partial",
              "Parent Relationship": "Outer",
              "Parallel Aware": false,
              "Startup Cost": 83915.43,
              "Total Cost": 83915.44,
              "Plan Rows": 1,
              "Plan Width": 8,
              "Actual Startup Time": 208.581,
              "Actual Total Time": 208.584,
              "Actual Rows": 1,
              "Actual Loops": 4,
              "Plans": [
                {
                  "Node Type": "Hash Join",
                  "Parent Relationship": "Outer",
                  "Parallel Aware": true,
                  "Join Type": "Inner",
                  "Startup Cost": 56581.14,
                  "Total Cost": 83902.52,
                  "Plan Rows": 5163,
                  "Plan Width": 0,
                  "Actual Startup Time": 133.096,
                  "Actual Total Time": 208.423,
                  "Actual Rows": 1427,
                  "Actual Loops": 4,
                  "Inner Unique": true,
                  "Hash Cond": "(mk.movie_id = t.id)",
                  "Plans": [
                    {
                      "Node Type": "Bitmap Heap Scan",
                      "Parent Relationship": "Outer",
                      "Parallel Aware": true,
                      "Relation Name": "movie_keyword",
                      "Alias": "mk",
                      "Startup Cost": 12467.06,
                      "Total Cost": 39290.79,
                      "Plan Rows": 189579,
                      "Plan Width": 4,
                      "Actual Startup Time": 35.553,
                      "Actual Total Time": 90.859,
                      "Actual Rows": 150288,
                      "Actual Loops": 4,
                      "Recheck Cond": "(keyword_id < 445)",
                      "Rows Removed by Index Recheck": 0,
                      "Exact Heap Blocks": 7473,
                      "Lossy Heap Blocks": 0,
                      "Plans": [
                        {
                          "Node Type": "Bitmap Index Scan",
                          "Parent Relationship": "Outer",
                          "Parallel Aware": false,
                          "Index Name": "keyword_id_movie_keyword",
                          "Startup Cost": 0.0,
                          "Total Cost": 12320.14,
                          "Plan Rows": 587694,
                          "Plan Width": 0,
                          "Actual Startup Time": 31.832,
                          "Actual Total Time": 31.833,
                          "Actual Rows": 601152,
                          "Actual Loops": 1,
                          "Index Cond": "(keyword_id < 445)"
                        }
                      ]
                    },
                    {
                      "Node Type": "Hash",
                      "Parent Relationship": "Inner",
                      "Parallel Aware": true,
                      "Startup Cost": 43898.92,
                      "Total Cost": 43898.92,
                      "Plan Rows": 17213,
                      "Plan Width": 4,
                      "Actual Startup Time": 95.618,
                      "Actual Total Time": 95.619,
                      "Actual Rows": 16836,
                      "Actual Loops": 4,
                      "Hash Buckets": 131072,
                      "Original Hash Buckets": 131072,
                      "Hash Batches": 1,
                      "Original Hash Batches": 1,
                      "Peak Memory Usage": 3712,
                      "Plans": [
                        {
                          "Node Type": "Seq Scan",
                          "Parent Relationship": "Outer",
                          "Parallel Aware": true,
                          "Relation Name": "title",
                          "Alias": "t",
                          "Startup Cost": 0.0,
                          "Total Cost": 43898.92,
                          "Plan Rows": 17213,
                          "Plan Width": 4,
                          "Actual Startup Time": 0.055,
                          "Actual Total Time": 88.461,
                          "Actual Rows": 16836,
                          "Actual Loops": 4,
                          "Filter": "(production_year > 2012)",
                          "Rows Removed by Filter": 615242
                        }
                      ]
                    }
                  ]
                }
              ]
            }
          ]
        }
      ]
    },
    "Planning Time": 0.594,
    "Triggers": [],
    "Execution Time": 231.24
  }
]