{
  "Plan": {
    "Node Type": "Aggregate",
    "Strategy": "Plain",
    "Partial Mode": "Finalize",
    "Parallel Aware": false,
    "Startup Cost": 148385.32,
    "Total Cost": 148385.33,
    "Plan Rows": 1,
    "Plan Width": 8,
    "Actual Startup Time": 998.565,
    "Actual Total Time": 1020.095,
    "Actual Rows": 1,
    "Actual Loops": 1,
    "Plans": [
      {
        "Node Type": "Gather",
        "Parent Relationship": "Outer",
        "Parallel Aware": false,
        "Startup Cost": 148385.21,
        "Total Cost": 148385.32,
        "Plan Rows": 1,
        "Plan Width": 8,
        "Actual Startup Time": 990.41,
        "Actual Total Time": 1020.086,
        "Actual Rows": 2,
        "Actual Loops": 1,
        "Workers Planned": 1,
        "Workers Launched": 1,
        "Single Copy": false,
        "Plans": [
          {
            "Node Type": "Aggregate",
            "Strategy": "Plain",
            "Partial Mode": "Partial",
            "Parent Relationship": "Outer",
            "Parallel Aware": false,
            "Startup Cost": 147385.21,
            "Total Cost": 147385.22,
            "Plan Rows": 1,
            "Plan Width": 8,
            "Actual Startup Time": 978.879,
            "Actual Total Time": 978.884,
            "Actual Rows": 1,
            "Actual Loops": 2,
            "Plans": [
              {
                "Node Type": "Hash Join",
                "Parent Relationship": "Outer",
                "Parallel Aware": false,
                "Join Type": "Inner",
                "Startup Cost": 70525.77,
                "Total Cost": 147384.86,
                "Plan Rows": 138,
                "Plan Width": 0,
                "Actual Startup Time": 913.695,
                "Actual Total Time": 978.877,
                "Actual Rows": 0,
                "Actual Loops": 2,
                "Inner Unique": false,
                "Hash Cond": "(t.id = ci.movie_id)",
                "Plans": [
                  {
                    "Node Type": "Hash Join",
                    "Parent Relationship": "Outer",
                    "Parallel Aware": true,
                    "Join Type": "Inner",
                    "Startup Cost": 69461.13,
                    "Total Cost": 112882.83,
                    "Plan Rows": 703916,
                    "Plan Width": 8,
                    "Actual Startup Time": 620.666,
                    "Actual Total Time": 942.066,
                    "Actual Rows": 565953,
                    "Actual Loops": 2,
                    "Inner Unique": true,
                    "Hash Cond": "(mc.movie_id = t.id)",
                    "Plans": [
                      {
                        "Node Type": "Index Scan",
                        "Parent Relationship": "Outer",
                        "Parallel Aware": true,
                        "Scan Direction": "Forward",
                        "Index Name": "company_type_id_movie_companies",
                        "Relation Name": "movie_companies",
                        "Alias": "mc",
                        "Startup Cost": 0.43,
                        "Total Cost": 41574.35,
                        "Plan Rows": 703916,
                        "Plan Width": 4,
                        "Actual Startup Time": 0.05,
                        "Actual Total Time": 132.868,
                        "Actual Rows": 565953,
                        "Actual Loops": 2,
                        "Index Cond": "(company_type_id < 2)",
                        "Rows Removed by Index Recheck": 0,
                        "Filter": "(company_id > 34)",
                        "Rows Removed by Filter": 71170
                      },
                      {
                        "Node Type": "Hash",
                        "Parent Relationship": "Inner",
                        "Parallel Aware": true,
                        "Startup Cost": 50870.31,
                        "Total Cost": 50870.31,
                        "Plan Rows": 1487231,
                        "Plan Width": 4,
                        "Actual Startup Time": 599.103,
                        "Actual Total Time": 599.104,
                        "Actual Rows": 1264156,
                        "Actual Loops": 2,
                        "Hash Buckets": 4194304,
                        "Original Hash Buckets": 4194304,
                        "Hash Batches": 1,
                        "Original Hash Batches": 1,
                        "Peak Memory Usage": 131712,
                        "Plans": [
                          {
                            "Node Type": "Seq Scan",
                            "Parent Relationship": "Outer",
                            "Parallel Aware": true,
                            "Relation Name": "title",
                            "Alias": "t",
                            "Startup Cost": 0.0,
                            "Total Cost": 50870.31,
                            "Plan Rows": 1487231,
                            "Plan Width": 4,
                            "Actual Startup Time": 0.024,
                            "Actual Total Time": 177.639,
                            "Actual Rows": 1264156,
                            "Actual Loops": 2
                          }
                        ]
                      }
                    ]
                  },
                  {
                    "Node Type": "Hash",
                    "Parent Relationship": "Inner",
                    "Parallel Aware": false,
                    "Startup Cost": 1058.43,
                    "Total Cost": 1058.43,
                    "Plan Rows": 497,
                    "Plan Width": 4,
                    "Actual Startup Time": 0.271,
                    "Actual Total Time": 0.272,
                    "Actual Rows": 1,
                    "Actual Loops": 2,
                    "Hash Buckets": 1024,
                    "Original Hash Buckets": 1024,
                    "Hash Batches": 1,
                    "Original Hash Batches": 1,
                    "Peak Memory Usage": 9,
                    "Plans": [
                      {
                        "Node Type": "Index Scan",
                        "Parent Relationship": "Outer",
                        "Parallel Aware": false,
                        "Scan Direction": "Forward",
                        "Index Name": "person_id_cast_info",
                        "Relation Name": "cast_info",
                        "Alias": "ci",
                        "Startup Cost": 0.56,
                        "Total Cost": 1058.43,
                        "Plan Rows": 497,
                        "Plan Width": 4,
                        "Actual Startup Time": 0.258,
                        "Actual Total Time": 0.261,
                        "Actual Rows": 1,
                        "Actual Loops": 2,
                        "Index Cond": "(person_id = 962832)",
                        "Rows Removed by Index Recheck": 0
                      }
                    ]
                  }
                ]
              }
            ]
          }
        ]
      }
    ]
  },
  "Planning Time": 0.985,
  "Triggers": [],
  "Execution Time": 1020.182
}