[
  {
    "Plan": {
      "Node Type": "Aggregate",
      "Strategy": "Plain",
      "Partial Mode": "Finalize",
      "Parallel Aware": false,
      "Startup Cost": 356115.36,
      "Total Cost": 356115.37,
      "Plan Rows": 1,
      "Plan Width": 8,
      "Actual Startup Time": 934.241,
      "Actual Total Time": 991.024,
      "Actual Rows": 1,
      "Actual Loops": 1,
      "Plans": [
        {
          "Node Type": "Gather",
          "Parent Relationship": "Outer",
          "Parallel Aware": false,
          "Startup Cost": 356114.73,
          "Total Cost": 356115.34,
          "Plan Rows": 6,
          "Plan Width": 8,
          "Actual Startup Time": 934.133,
          "Actual Total Time": 991.014,
          "Actual Rows": 7,
          "Actual Loops": 1,
          "Workers Planned": 6,
          "Workers Launched": 6,
          "Single Copy": false,
          "Plans": [
            {
              "Node Type": "Aggregate",
              "Strategy": "Plain",
              "Partial Mode": "Partial",
              "Parent Relationship": "Outer",
              "Parallel Aware": false,
              "Startup Cost": 355114.73,
              "Total Cost": 355114.74,
              "Plan Rows": 1,
              "Plan Width": 8,
              "Actual Startup Time": 924.301,
              "Actual Total Time": 924.302,
              "Actual Rows": 1,
              "Actual Loops": 7,
              "Plans": [
                {
                  "Node Type": "Seq Scan",
                  "Parent Relationship": "Outer",
                  "Parallel Aware": true,
                  "Relation Name": "cast_info",
                  "Alias": "ci",
                  "Startup Cost": 0.0,
                  "Total Cost": 343257.03,
                  "Plan Rows": 4743081,
                  "Plan Width": 0,
                  "Actual Startup Time": 61.824,
                  "Actual Total Time": 760.785,
                  "Actual Rows": 4013563,
                  "Actual Loops": 7,
                  "Filter": "((person_id > 351161) AND (role_id < 10))",
                  "Rows Removed by Filter": 1164200
                }
              ]
            }
          ]
        }
      ]
    },
    "Planning Time": 0.78,
    "Triggers": [],
    "Execution Time": 991.093
  }
]