[
  {
    "Plan": {
      "Node Type": "Aggregate",
      "Strategy": "Plain",
      "Partial Mode": "Finalize",
      "Parallel Aware": false,
      "Startup Cost": 32718.66,
      "Total Cost": 32718.67,
      "Plan Rows": 1,
      "Plan Width": 8,
      "Actual Startup Time": 90.69,
      "Actual Total Time": 98.42,
      "Actual Rows": 1,
      "Actual Loops": 1,
      "Plans": [
        {
          "Node Type": "Gather",
          "Parent Relationship": "Outer",
          "Parallel Aware": false,
          "Startup Cost": 32718.34,
          "Total Cost": 32718.65,
          "Plan Rows": 3,
          "Plan Width": 8,
          "Actual Startup Time": 90.564,
          "Actual Total Time": 98.413,
          "Actual Rows": 4,
          "Actual Loops": 1,
          "Workers Planned": 3,
          "Workers Launched": 3,
          "Single Copy": false,
          "Plans": [
            {
              "Node Type": "Aggregate",
              "Strategy": "Plain",
              "Partial Mode": "Partial",
              "Parent Relationship": "Outer",
              "Parallel Aware": false,
              "Startup Cost": 31718.34,
              "Total Cost": 31718.35,
              "Plan Rows": 1,
              "Plan Width": 8,
              "Actual Startup Time": 84.207,
              "Actual Total Time": 84.208,
              "Actual Rows": 1,
              "Actual Loops": 4,
              "Plans": [
                {
                  "Node Type": "Seq Scan",
                  "Parent Relationship": "Outer",
                  "Parallel Aware": true,
                  "Relation Name": "movie_companies",
                  "Alias": "mc",
                  "Startup Cost": 0.0,
                  "Total Cost": 31414.82,
                  "Plan Rows": 121408,
                  "Plan Width": 0,
                  "Actual Startup Time": 45.137,
                  "Actual Total Time": 77.395,
                  "Actual Rows": 175428,
                  "Actual Loops": 4,
                  "Filter": "((company_id > 36031) AND (company_type_id = 2))",
                  "Rows Removed by Filter": 476854
                }
              ]
            }
          ]
        }
      ]
    },
    "Planning Time": 0.136,
    "Triggers": [],
    "Execution Time": 98.458
  }
]