{
  "Plan": {
    "Node Type": "Aggregate",
    "Strategy": "Plain",
    "Partial Mode": "Finalize",
    "Parallel Aware": false,
    "Startup Cost": 102941.15,
    "Total Cost": 102941.16,
    "Plan Rows": 1,
    "Plan Width": 8,
    "Actual Startup Time": 592.745,
    "Actual Total Time": 608.418,
    "Actual Rows": 1,
    "Actual Loops": 1,
    "Plans": [
      {
        "Node Type": "Gather",
        "Parent Relationship": "Outer",
        "Parallel Aware": false,
        "Startup Cost": 102941.04,
        "Total Cost": 102941.15,
        "Plan Rows": 1,
        "Plan Width": 8,
        "Actual Startup Time": 591.323,
        "Actual Total Time": 608.407,
        "Actual Rows": 2,
        "Actual Loops": 1,
        "Workers Planned": 1,
        "Workers Launched": 1,
        "Single Copy": false,
        "Plans": [
          {
            "Node Type": "Aggregate",
            "Strategy": "Plain",
            "Partial Mode": "Partial",
            "Parent Relationship": "Outer",
            "Parallel Aware": false,
            "Startup Cost": 101941.04,
            "Total Cost": 101941.05,
            "Plan Rows": 1,
            "Plan Width": 8,
            "Actual Startup Time": 585.116,
            "Actual Total Time": 585.121,
            "Actual Rows": 1,
            "Actual Loops": 2,
            "Plans": [
              {
                "Node Type": "Hash Join",
                "Parent Relationship": "Outer",
                "Parallel Aware": true,
                "Join Type": "Inner",
                "Startup Cost": 39031.47,
                "Total Cost": 101122.63,
                "Plan Rows": 327362,
                "Plan Width": 0,
                "Actual Startup Time": 177.795,
                "Actual Total Time": 573.768,
                "Actual Rows": 275100,
                "Actual Loops": 2,
                "Inner Unique": false,
                "Hash Cond": "(t.id = mc.movie_id)",
                "Plans": [
                  {
                    "Node Type": "Seq Scan",
                    "Parent Relationship": "Outer",
                    "Parallel Aware": true,
                    "Relation Name": "title",
                    "Alias": "t",
                    "Startup Cost": 0.0,
                    "Total Cost": 50870.31,
                    "Plan Rows": 1487231,
                    "Plan Width": 4,
                    "Actual Startup Time": 0.011,
                    "Actual Total Time": 117.73,
                    "Actual Rows": 1264156,
                    "Actual Loops": 2
                  },
                  {
                    "Node Type": "Hash",
                    "Parent Relationship": "Inner",
                    "Parallel Aware": true,
                    "Startup Cost": 34939.44,
                    "Total Cost": 34939.44,
                    "Plan Rows": 327362,
                    "Plan Width": 4,
                    "Actual Startup Time": 168.566,
                    "Actual Total Time": 168.568,
                    "Actual Rows": 275100,
                    "Actual Loops": 2,
                    "Hash Buckets": 1048576,
                    "Original Hash Buckets": 1048576,
                    "Hash Batches": 1,
                    "Original Hash Batches": 1,
                    "Peak Memory Usage": 29760,
                    "Plans": [
                      {
                        "Node Type": "Bitmap Heap Scan",
                        "Parent Relationship": "Outer",
                        "Parallel Aware": true,
                        "Relation Name": "movie_companies",
                        "Alias": "mc",
                        "Startup Cost": 12057.42,
                        "Total Cost": 34939.44,
                        "Plan Rows": 327362,
                        "Plan Width": 4,
                        "Actual Startup Time": 35.586,
                        "Actual Total Time": 101.38,
                        "Actual Rows": 275100,
                        "Actual Loops": 2,
                        "Recheck Cond": "(company_id < 562)",
                        "Rows Removed by Index Recheck": 0,
                        "Exact Heap Blocks": 10842,
                        "Lossy Heap Blocks": 0,
                        "Plans": [
                          {
                            "Node Type": "Bitmap Index Scan",
                            "Parent Relationship": "Outer",
                            "Parallel Aware": false,
                            "Index Name": "company_id_movie_companies",
                            "Startup Cost": 0.0,
                            "Total Cost": 11918.29,
                            "Plan Rows": 556515,
                            "Plan Width": 0,
                            "Actual Startup Time": 32.751,
                            "Actual Total Time": 32.751,
                            "Actual Rows": 550201,
                            "Actual Loops": 1,
                            "Index Cond": "(company_id < 562)"
                          }
                        ]
                      }
                    ]
                  }
                ]
              }
            ]
          }
        ]
      }
    ]
  },
  "Planning Time": 0.615,
  "Triggers": [],
  "Execution Time": 608.513
}