{
    "Plan": {
        "Node Type": "Aggregate",
        "Strategy": "Plain",
        "Partial Mode": "Simple",
        "Parallel Aware": false,
        "Startup Cost": 40000864040.96,
        "Total Cost": 40000864040.97,
        "Plan Rows": 1,
        "Plan Width": 64,
        "Actual Startup Time": 6054.291,
        "Actual Total Time": 6080.187,
        "Actual Rows": 1,
        "Actual Loops": 1,
        "Output": [
            "min(chn.name)",
            "min(t.title)"
        ],
        "Plans": [
            {
                "Node Type": "Hash Join",
                "Parent Relationship": "Outer",
                "Parallel Aware": false,
                "Join Type": "Inner",
                "Startup Cost": 40000858062.89,
                "Total Cost": 40000863046.65,
                "Plan Rows": 198862,
                "Plan Width": 33,
                "Actual Startup Time": 6034.094,
                "Actual Total Time": 6071.168,
                "Actual Rows": 128526,
                "Actual Loops": 1,
                "Output": [
                    "chn.name",
                    "t.title"
                ],
                "Inner Unique": false,
                "Hash Cond": "(rt.id = ci.role_id)",
                "Plans": [
                    {
                        "Node Type": "Index Scan",
                        "Parent Relationship": "Outer",
                        "Parallel Aware": false,
                        "Scan Direction": "Forward",
                        "Index Name": "role_type_pkey",
                        "Relation Name": "role_type",
                        "Schema": "public",
                        "Alias": "rt",
                        "Startup Cost": 10000000000.14,
                        "Total Cost": 10000000012.32,
                        "Plan Rows": 12,
                        "Plan Width": 4,
                        "Actual Startup Time": 0.032,
                        "Actual Total Time": 0.039,
                        "Actual Rows": 12,
                        "Actual Loops": 1,
                        "Output": [
                            "rt.id",
                            "rt.role"
                        ]
                    },
                    {
                        "Node Type": "Hash",
                        "Parent Relationship": "Inner",
                        "Parallel Aware": false,
                        "Startup Cost": 30000855576.98,
                        "Total Cost": 30000855576.98,
                        "Plan Rows": 198862,
                        "Plan Width": 37,
                        "Actual Startup Time": 6033.598,
                        "Actual Total Time": 6059.492,
                        "Actual Rows": 128526,
                        "Actual Loops": 1,
                        "Output": [
                            "chn.name",
                            "ci.role_id",
                            "t.title"
                        ],
                        "Hash Buckets": 262144,
                        "Original Hash Buckets": 262144,
                        "Hash Batches": 1,
                        "Original Hash Batches": 1,
                        "Peak Memory Usage": 11064,
                        "Plans": [
                            {
                                "Node Type": "Merge Join",
                                "Parent Relationship": "Outer",
                                "Parallel Aware": false,
                                "Join Type": "Inner",
                                "Startup Cost": 30000717607.58,
                                "Total Cost": 30000855576.98,
                                "Plan Rows": 198862,
                                "Plan Width": 37,
                                "Actual Startup Time": 4122.772,
                                "Actual Total Time": 6033.434,
                                "Actual Rows": 128526,
                                "Actual Loops": 1,
                                "Output": [
                                    "chn.name",
                                    "ci.role_id",
                                    "t.title"
                                ],
                                "Inner Unique": false,
                                "Merge Cond": "(chn.id = ci.person_role_id)",
                                "Plans": [
                                    {
                                        "Node Type": "Index Scan",
                                        "Parent Relationship": "Outer",
                                        "Parallel Aware": false,
                                        "Scan Direction": "Forward",
                                        "Index Name": "char_name_pkey",
                                        "Relation Name": "char_name",
                                        "Schema": "public",
                                        "Alias": "chn",
                                        "Startup Cost": 10000000000.43,
                                        "Total Cost": 10000128715.63,
                                        "Plan Rows": 3140227,
                                        "Plan Width": 20,
                                        "Actual Startup Time": 0.027,
                                        "Actual Total Time": 1643.179,
                                        "Actual Rows": 3138725,
                                        "Actual Loops": 1,
                                        "Output": [
                                            "chn.id",
                                            "chn.name",
                                            "chn.imdb_index",
                                            "chn.imdb_id",
                                            "chn.name_pcode_nf",
                                            "chn.surname_pcode",
                                            "chn.md5sum"
                                        ]
                                    },
                                    {
                                        "Node Type": "Sort",
                                        "Parent Relationship": "Inner",
                                        "Parallel Aware": false,
                                        "Startup Cost": 20000717556.94,
                                        "Total Cost": 20000718054.1,
                                        "Plan Rows": 198862,
                                        "Plan Width": 25,
                                        "Actual Startup Time": 4122.733,
                                        "Actual Total Time": 4176.122,
                                        "Actual Rows": 128527,
                                        "Actual Loops": 1,
                                        "Output": [
                                            "ci.person_role_id",
                                            "ci.role_id",
                                            "t.title"
                                        ],
                                        "Sort Key": [
                                            "ci.person_role_id"
                                        ],
                                        "Sort Method": "quicksort",
                                        "Sort Space Used": 17173,
                                        "Sort Space Type": "Memory",
                                        "Plans": [
                                            {
                                                "Node Type": "Gather",
                                                "Parent Relationship": "Outer",
                                                "Parallel Aware": false,
                                                "Startup Cost": 20000472025.18,
                                                "Total Cost": 20000700055.69,
                                                "Plan Rows": 198862,
                                                "Plan Width": 25,
                                                "Actual Startup Time": 4052.15,
                                                "Actual Total Time": 4124.444,
                                                "Actual Rows": 137432,
                                                "Actual Loops": 1,
                                                "Output": [
                                                    "ci.person_role_id",
                                                    "ci.role_id",
                                                    "t.title"
                                                ],
                                                "Workers Planned": 1,
                                                "Workers Launched": 1,
                                                "Single Copy": false,
                                                "Plans": [
                                                    {
                                                        "Node Type": "Hash Join",
                                                        "Parent Relationship": "Outer",
                                                        "Parallel Aware": true,
                                                        "Join Type": "Inner",
                                                        "Startup Cost": 20000471025.18,
                                                        "Total Cost": 20000679169.49,
                                                        "Plan Rows": 116978,
                                                        "Plan Width": 25,
                                                        "Actual Startup Time": 4039.935,
                                                        "Actual Total Time": 4070.436,
                                                        "Actual Rows": 68716,
                                                        "Actual Loops": 2,
                                                        "Output": [
                                                            "ci.person_role_id",
                                                            "ci.role_id",
                                                            "t.title"
                                                        ],
                                                        "Inner Unique": false,
                                                        "Hash Cond": "(cn.id = mc.company_id)",
                                                        "Workers": [
                                                            {
                                                                "Worker Number": 0,
                                                                "Actual Startup Time": 4028.591,
                                                                "Actual Total Time": 4063.215,
                                                                "Actual Rows": 79308,
                                                                "Actual Loops": 1
                                                            }
                                                        ],
                                                        "Plans": [
                                                            {
                                                                "Node Type": "Seq Scan",
                                                                "Parent Relationship": "Outer",
                                                                "Parallel Aware": true,
                                                                "Relation Name": "company_name",
                                                                "Schema": "public",
                                                                "Alias": "cn",
                                                                "Startup Cost": 10000000000.0,
                                                                "Total Cost": 10000004722.92,
                                                                "Plan Rows": 49589,
                                                                "Plan Width": 4,
                                                                "Actual Startup Time": 0.023,
                                                                "Actual Total Time": 13.668,
                                                                "Actual Rows": 42422,
                                                                "Actual Loops": 2,
                                                                "Output": [
                                                                    "cn.id",
                                                                    "cn.name",
                                                                    "cn.country_code",
                                                                    "cn.imdb_id",
                                                                    "cn.name_pcode_nf",
                                                                    "cn.name_pcode_sf",
                                                                    "cn.md5sum"
                                                                ],
                                                                "Filter": "((cn.country_code)::text = '[us]'::text)",
                                                                "Rows Removed by Filter": 75077,
                                                                "Workers": [
                                                                    {
                                                                        "Worker Number": 0,
                                                                        "Actual Startup Time": 0.031,
                                                                        "Actual Total Time": 16.063,
                                                                        "Actual Rows": 46973,
                                                                        "Actual Loops": 1
                                                                    }
                                                                ]
                                                            },
                                                            {
                                                                "Node Type": "Hash",
                                                                "Parent Relationship": "Inner",
                                                                "Parallel Aware": true,
                                                                "Startup Cost": 10000469292.84,
                                                                "Total Cost": 10000469292.84,
                                                                "Plan Rows": 138587,
                                                                "Plan Width": 29,
                                                                "Actual Startup Time": 4026.253,
                                                                "Actual Total Time": 4026.26,
                                                                "Actual Rows": 161328,
                                                                "Actual Loops": 2,
                                                                "Output": [
                                                                    "ci.person_role_id",
                                                                    "ci.role_id",
                                                                    "mc.company_id",
                                                                    "t.title"
                                                                ],
                                                                "Hash Buckets": 1048576,
                                                                "Original Hash Buckets": 1048576,
                                                                "Hash Batches": 1,
                                                                "Original Hash Batches": 1,
                                                                "Peak Memory Usage": 29792,
                                                                "Workers": [
                                                                    {
                                                                        "Worker Number": 0,
                                                                        "Actual Startup Time": 4027.754,
                                                                        "Actual Total Time": 4027.759,
                                                                        "Actual Rows": 153490,
                                                                        "Actual Loops": 1
                                                                    }
                                                                ],
                                                                "Plans": [
                                                                    {
                                                                        "Node Type": "Hash Join",
                                                                        "Parent Relationship": "Outer",
                                                                        "Parallel Aware": true,
                                                                        "Join Type": "Inner",
                                                                        "Startup Cost": 10000422208.84,
                                                                        "Total Cost": 10000469292.84,
                                                                        "Plan Rows": 138587,
                                                                        "Plan Width": 29,
                                                                        "Actual Startup Time": 3586.223,
                                                                        "Actual Total Time": 3951.283,
                                                                        "Actual Rows": 161328,
                                                                        "Actual Loops": 2,
                                                                        "Output": [
                                                                            "ci.person_role_id",
                                                                            "ci.role_id",
                                                                            "mc.company_id",
                                                                            "t.title"
                                                                        ],
                                                                        "Inner Unique": false,
                                                                        "Hash Cond": "(t.id = ci.movie_id)",
                                                                        "Workers": [
                                                                            {
                                                                                "Worker Number": 0,
                                                                                "Actual Startup Time": 3586.194,
                                                                                "Actual Total Time": 3953.631,
                                                                                "Actual Rows": 153490,
                                                                                "Actual Loops": 1
                                                                            }
                                                                        ],
                                                                        "Plans": [
                                                                            {
                                                                                "Node Type": "Hash Join",
                                                                                "Parent Relationship": "Outer",
                                                                                "Parallel Aware": true,
                                                                                "Join Type": "Inner",
                                                                                "Startup Cost": 10000092406.35,
                                                                                "Total Cost": 10000137689.36,
                                                                                "Plan Rows": 171478,
                                                                                "Plan Width": 29,
                                                                                "Actual Startup Time": 1044.781,
                                                                                "Actual Total Time": 1342.426,
                                                                                "Actual Rows": 262288,
                                                                                "Actual Loops": 2,
                                                                                "Output": [
                                                                                    "mc.movie_id",
                                                                                    "mc.company_id",
                                                                                    "t.title",
                                                                                    "t.id"
                                                                                ],
                                                                                "Inner Unique": false,
                                                                                "Hash Cond": "(t.id = mc.movie_id)",
                                                                                "Workers": [
                                                                                    {
                                                                                        "Worker Number": 0,
                                                                                        "Actual Startup Time": 1044.817,
                                                                                        "Actual Total Time": 1346.716,
                                                                                        "Actual Rows": 261848,
                                                                                        "Actual Loops": 1
                                                                                    }
                                                                                ],
                                                                                "Plans": [
                                                                                    {
                                                                                        "Node Type": "Seq Scan",
                                                                                        "Parent Relationship": "Outer",
                                                                                        "Parallel Aware": true,
                                                                                        "Relation Name": "title",
                                                                                        "Schema": "public",
                                                                                        "Alias": "t",
                                                                                        "Startup Cost": 0.0,
                                                                                        "Total Cost": 43899.01,
                                                                                        "Plan Rows": 166168,
                                                                                        "Plan Width": 21,
                                                                                        "Actual Startup Time": 0.028,
                                                                                        "Actual Total Time": 142.828,
                                                                                        "Actual Rows": 331032,
                                                                                        "Actual Loops": 2,
                                                                                        "Output": [
                                                                                            "t.id",
                                                                                            "t.title",
                                                                                            "t.imdb_index",
                                                                                            "t.kind_id",
                                                                                            "t.production_year",
                                                                                            "t.imdb_id",
                                                                                            "t.phonetic_code",
                                                                                            "t.episode_of_id",
                                                                                            "t.season_nr",
                                                                                            "t.episode_nr",
                                                                                            "t.series_years",
                                                                                            "t.md5sum"
                                                                                        ],
                                                                                        "Filter": "(t.production_year > 2008)",
                                                                                        "Rows Removed by Filter": 933124,
                                                                                        "Workers": [
                                                                                            {
                                                                                                "Worker Number": 0,
                                                                                                "Actual Startup Time": 0.042,
                                                                                                "Actual Total Time": 150.78,
                                                                                                "Actual Rows": 323230,
                                                                                                "Actual Loops": 1
                                                                                            }
                                                                                        ]
                                                                                    },
                                                                                    {
                                                                                        "Node Type": "Hash",
                                                                                        "Parent Relationship": "Inner",
                                                                                        "Parallel Aware": true,
                                                                                        "Startup Cost": 10000081885.66,
                                                                                        "Total Cost": 10000081885.66,
                                                                                        "Plan Rows": 841655,
                                                                                        "Plan Width": 8,
                                                                                        "Actual Startup Time": 1020.001,
                                                                                        "Actual Total Time": 1020.003,
                                                                                        "Actual Rows": 1304564,
                                                                                        "Actual Loops": 2,
                                                                                        "Output": [
                                                                                            "mc.movie_id",
                                                                                            "mc.company_id"
                                                                                        ],
                                                                                        "Hash Buckets": 4194304,
                                                                                        "Original Hash Buckets": 4194304,
                                                                                        "Hash Batches": 1,
                                                                                        "Original Hash Batches": 1,
                                                                                        "Peak Memory Usage": 134848,
                                                                                        "Workers": [
                                                                                            {
                                                                                                "Worker Number": 0,
                                                                                                "Actual Startup Time": 1044.509,
                                                                                                "Actual Total Time": 1044.51,
                                                                                                "Actual Rows": 1224386,
                                                                                                "Actual Loops": 1
                                                                                            }
                                                                                        ],
                                                                                        "Plans": [
                                                                                            {
                                                                                                "Node Type": "Merge Join",
                                                                                                "Parent Relationship": "Outer",
                                                                                                "Parallel Aware": false,
                                                                                                "Join Type": "Inner",
                                                                                                "Startup Cost": 10000000001.51,
                                                                                                "Total Cost": 10000081885.66,
                                                                                                "Plan Rows": 841655,
                                                                                                "Plan Width": 8,
                                                                                                "Actual Startup Time": 0.258,
                                                                                                "Actual Total Time": 556.965,
                                                                                                "Actual Rows": 1304564,
                                                                                                "Actual Loops": 2,
                                                                                                "Output": [
                                                                                                    "mc.movie_id",
                                                                                                    "mc.company_id"
                                                                                                ],
                                                                                                "Inner Unique": false,
                                                                                                "Merge Cond": "(mc.company_type_id = ct.id)",
                                                                                                "Workers": [
                                                                                                    {
                                                                                                        "Worker Number": 0,
                                                                                                        "Actual Startup Time": 0.434,
                                                                                                        "Actual Total Time": 567.203,
                                                                                                        "Actual Rows": 1224386,
                                                                                                        "Actual Loops": 1
                                                                                                    }
                                                                                                ],
                                                                                                "Plans": [
                                                                                                    {
                                                                                                        "Node Type": "Index Scan",
                                                                                                        "Parent Relationship": "Outer",
                                                                                                        "Parallel Aware": true,
                                                                                                        "Scan Direction": "Forward",
                                                                                                        "Index Name": "company_type_id_movie_companies",
                                                                                                        "Relation Name": "movie_companies",
                                                                                                        "Schema": "public",
                                                                                                        "Alias": "mc",
                                                                                                        "Startup Cost": 10000000000.43,
                                                                                                        "Total Cost": 10000067155.62,
                                                                                                        "Plan Rows": 841655,
                                                                                                        "Plan Width": 12,
                                                                                                        "Actual Startup Time": 0.107,
                                                                                                        "Actual Total Time": 250.964,
                                                                                                        "Actual Rows": 1304564,
                                                                                                        "Actual Loops": 2,
                                                                                                        "Output": [
                                                                                                            "mc.id",
                                                                                                            "mc.movie_id",
                                                                                                            "mc.company_id",
                                                                                                            "mc.company_type_id",
                                                                                                            "mc.note"
                                                                                                        ],
                                                                                                        "Workers": [
                                                                                                            {
                                                                                                                "Worker Number": 0,
                                                                                                                "Actual Startup Time": 0.181,
                                                                                                                "Actual Total Time": 271.749,
                                                                                                                "Actual Rows": 1224386,
                                                                                                                "Actual Loops": 1
                                                                                                            }
                                                                                                        ]
                                                                                                    },
                                                                                                    {
                                                                                                        "Node Type": "Sort",
                                                                                                        "Parent Relationship": "Inner",
                                                                                                        "Parallel Aware": false,
                                                                                                        "Startup Cost": 1.08,
                                                                                                        "Total Cost": 1.09,
                                                                                                        "Plan Rows": 4,
                                                                                                        "Plan Width": 4,
                                                                                                        "Actual Startup Time": 0.142,
                                                                                                        "Actual Total Time": 53.7,
                                                                                                        "Actual Rows": 1304566,
                                                                                                        "Actual Loops": 2,
                                                                                                        "Output": [
                                                                                                            "ct.id"
                                                                                                        ],
                                                                                                        "Sort Key": [
                                                                                                            "ct.id"
                                                                                                        ],
                                                                                                        "Sort Method": "quicksort",
                                                                                                        "Sort Space Used": 25,
                                                                                                        "Sort Space Type": "Memory",
                                                                                                        "Workers": [
                                                                                                            {
                                                                                                                "Worker Number": 0,
                                                                                                                "Actual Startup Time": 0.242,
                                                                                                                "Actual Total Time": 51.024,
                                                                                                                "Actual Rows": 1224387,
                                                                                                                "Actual Loops": 1
                                                                                                            }
                                                                                                        ],
                                                                                                        "Plans": [
                                                                                                            {
                                                                                                                "Node Type": "Seq Scan",
                                                                                                                "Parent Relationship": "Outer",
                                                                                                                "Parallel Aware": false,
                                                                                                                "Relation Name": "company_type",
                                                                                                                "Schema": "public",
                                                                                                                "Alias": "ct",
                                                                                                                "Startup Cost": 0.0,
                                                                                                                "Total Cost": 1.04,
                                                                                                                "Plan Rows": 4,
                                                                                                                "Plan Width": 4,
                                                                                                                "Actual Startup Time": 0.042,
                                                                                                                "Actual Total Time": 0.044,
                                                                                                                "Actual Rows": 4,
                                                                                                                "Actual Loops": 2,
                                                                                                                "Output": [
                                                                                                                    "ct.id"
                                                                                                                ],
                                                                                                                "Workers": [
                                                                                                                    {
                                                                                                                        "Worker Number": 0,
                                                                                                                        "Actual Startup Time": 0.066,
                                                                                                                        "Actual Total Time": 0.068,
                                                                                                                        "Actual Rows": 4,
                                                                                                                        "Actual Loops": 1
                                                                                                                    }
                                                                                                                ]
                                                                                                            }
                                                                                                        ]
                                                                                                    }
                                                                                                ]
                                                                                            }
                                                                                        ]
                                                                                    }
                                                                                ]
                                                                            },
                                                                            {
                                                                                "Node Type": "Hash",
                                                                                "Parent Relationship": "Inner",
                                                                                "Parallel Aware": true,
                                                                                "Startup Cost": 328213.62,
                                                                                "Total Cost": 328213.62,
                                                                                "Plan Rows": 127110,
                                                                                "Plan Width": 12,
                                                                                "Actual Startup Time": 2533.276,
                                                                                "Actual Total Time": 2533.277,
                                                                                "Actual Rows": 395170,
                                                                                "Actual Loops": 2,
                                                                                "Output": [
                                                                                    "ci.movie_id",
                                                                                    "ci.person_role_id",
                                                                                    "ci.role_id"
                                                                                ],
                                                                                "Hash Buckets": 1048576,
                                                                                "Original Hash Buckets": 1048576,
                                                                                "Hash Batches": 1,
                                                                                "Original Hash Batches": 1,
                                                                                "Peak Memory Usage": 44800,
                                                                                "Workers": [
                                                                                    {
                                                                                        "Worker Number": 0,
                                                                                        "Actual Startup Time": 2541.202,
                                                                                        "Actual Total Time": 2541.203,
                                                                                        "Actual Rows": 316162,
                                                                                        "Actual Loops": 1
                                                                                    }
                                                                                ],
                                                                                "Plans": [
                                                                                    {
                                                                                        "Node Type": "Seq Scan",
                                                                                        "Parent Relationship": "Outer",
                                                                                        "Parallel Aware": true,
                                                                                        "Relation Name": "cast_info",
                                                                                        "Schema": "public",
                                                                                        "Alias": "ci",
                                                                                        "Startup Cost": 0.0,
                                                                                        "Total Cost": 328213.62,
                                                                                        "Plan Rows": 127110,
                                                                                        "Plan Width": 12,
                                                                                        "Actual Startup Time": 0.169,
                                                                                        "Actual Total Time": 2350.965,
                                                                                        "Actual Rows": 395170,
                                                                                        "Actual Loops": 2,
                                                                                        "Output": [
                                                                                            "ci.movie_id",
                                                                                            "ci.person_role_id",
                                                                                            "ci.role_id"
                                                                                        ],
                                                                                        "Filter": "(ci.note ~~ '%(voice)%'::text)",
                                                                                        "Rows Removed by Filter": 17727002,
                                                                                        "Workers": [
                                                                                            {
                                                                                                "Worker Number": 0,
                                                                                                "Actual Startup Time": 0.319,
                                                                                                "Actual Total Time": 2352.98,
                                                                                                "Actual Rows": 316162,
                                                                                                "Actual Loops": 1
                                                                                            }
                                                                                        ]
                                                                                    }
                                                                                ]
                                                                            }
                                                                        ]
                                                                    }
                                                                ]
                                                            }
                                                        ]
                                                    }
                                                ]
                                            }
                                        ]
                                    }
                                ]
                            }
                        ]
                    }
                ]
            }
        ]
    },
    "Planning Time": 3.473,
    "Triggers": [],
    "Execution Time": 6080.403
}