{
  "Plan": {
    "Node Type": "Aggregate",
    "Strategy": "Plain",
    "Partial Mode": "Finalize",
    "Parallel Aware": false,
    "Startup Cost": 62969.29,
    "Total Cost": 62969.3,
    "Plan Rows": 1,
    "Plan Width": 8,
    "Actual Startup Time": 47.097,
    "Actual Total Time": 53.441,
    "Actual Rows": 1,
    "Actual Loops": 1,
    "Plans": [
      {
        "Node Type": "Gather",
        "Parent Relationship": "Outer",
        "Parallel Aware": false,
        "Startup Cost": 62969.18,
        "Total Cost": 62969.29,
        "Plan Rows": 1,
        "Plan Width": 8,
        "Actual Startup Time": 46.861,
        "Actual Total Time": 53.433,
        "Actual Rows": 2,
        "Actual Loops": 1,
        "Workers Planned": 1,
        "Workers Launched": 1,
        "Single Copy": false,
        "Plans": [
          {
            "Node Type": "Aggregate",
            "Strategy": "Plain",
            "Partial Mode": "Partial",
            "Parent Relationship": "Outer",
            "Parallel Aware": false,
            "Startup Cost": 61969.18,
            "Total Cost": 61969.19,
            "Plan Rows": 1,
            "Plan Width": 8,
            "Actual Startup Time": 40.765,
            "Actual Total Time": 40.767,
            "Actual Rows": 1,
            "Actual Loops": 2,
            "Plans": [
              {
                "Node Type": "Nested Loop",
                "Parent Relationship": "Outer",
                "Parallel Aware": false,
                "Join Type": "Inner",
                "Startup Cost": 239.34,
                "Total Cost": 61965.17,
                "Plan Rows": 1606,
                "Plan Width": 0,
                "Actual Startup Time": 13.178,
                "Actual Total Time": 40.662,
                "Actual Rows": 859,
                "Actual Loops": 2,
                "Inner Unique": true,
                "Plans": [
                  {
                    "Node Type": "Bitmap Heap Scan",
                    "Parent Relationship": "Outer",
                    "Parallel Aware": true,
                    "Relation Name": "movie_keyword",
                    "Alias": "mk",
                    "Startup Cost": 238.91,
                    "Total Cost": 20049.77,
                    "Plan Rows": 6564,
                    "Plan Width": 4,
                    "Actual Startup Time": 2.393,
                    "Actual Total Time": 7.028,
                    "Actual Rows": 4530,
                    "Actual Loops": 2,
                    "Recheck Cond": "(keyword_id = 47)",
                    "Rows Removed by Index Recheck": 0,
                    "Exact Heap Blocks": 1920,
                    "Lossy Heap Blocks": 0,
                    "Plans": [
                      {
                        "Node Type": "Bitmap Index Scan",
                        "Parent Relationship": "Outer",
                        "Parallel Aware": false,
                        "Index Name": "keyword_id_movie_keyword",
                        "Startup Cost": 0.0,
                        "Total Cost": 236.12,
                        "Plan Rows": 11159,
                        "Plan Width": 0,
                        "Actual Startup Time": 3.55,
                        "Actual Total Time": 3.551,
                        "Actual Rows": 9060,
                        "Actual Loops": 1,
                        "Index Cond": "(keyword_id = 47)"
                      }
                    ]
                  },
                  {
                    "Node Type": "Index Scan",
                    "Parent Relationship": "Inner",
                    "Parallel Aware": false,
                    "Scan Direction": "Forward",
                    "Index Name": "title_pkey",
                    "Relation Name": "title",
                    "Alias": "t",
                    "Startup Cost": 0.43,
                    "Total Cost": 6.39,
                    "Plan Rows": 1,
                    "Plan Width": 4,
                    "Actual Startup Time": 0.007,
                    "Actual Total Time": 0.007,
                    "Actual Rows": 0,
                    "Actual Loops": 9060,
                    "Index Cond": "(id = mk.movie_id)",
                    "Rows Removed by Index Recheck": 0,
                    "Filter": "((production_year < 2000) AND (kind_id = 7))",
                    "Rows Removed by Filter": 1
                  }
                ]
              }
            ]
          }
        ]
      }
    ]
  },
  "Planning Time": 0.482,
  "Triggers": [],
  "Execution Time": 53.532
}