[
  {
    "Plan": {
      "Node Type": "Aggregate",
      "Strategy": "Plain",
      "Partial Mode": "Simple",
      "Parallel Aware": false,
      "Startup Cost": 630622.81,
      "Total Cost": 630622.82,
      "Plan Rows": 1,
      "Plan Width": 64,
      "Actual Startup Time": 4323.761,
      "Actual Total Time": 4324.051,
      "Actual Rows": 1,
      "Actual Loops": 1,
      "Plans": [
        {
          "Node Type": "Merge Join",
          "Parent Relationship": "Outer",
          "Parallel Aware": false,
          "Join Type": "Inner",
          "Startup Cost": 514060.54,
          "Total Cost": 630622.8,
          "Plan Rows": 1,
          "Plan Width": 33,
          "Actual Startup Time": 2825.718,
          "Actual Total Time": 4323.937,
          "Actual Rows": 62,
          "Actual Loops": 1,
          "Inner Unique": false,
          "Merge Cond": "(t.id = ci.movie_id)",
          "Plans": [
            {
              "Node Type": "Index Scan",
              "Parent Relationship": "Outer",
              "Parallel Aware": false,
              "Scan Direction": "Forward",
              "Index Name": "title_pkey",
              "Relation Name": "title",
              "Alias": "t",
              "Startup Cost": 0.43,
              "Total Cost": 110348.87,
              "Plan Rows": 2528252,
              "Plan Width": 21,
              "Actual Startup Time": 0.014,
              "Actual Total Time": 1688.574,
              "Actual Rows": 2487183,
              "Actual Loops": 1
            },
            {
              "Node Type": "Sort",
              "Parent Relationship": "Inner",
              "Parallel Aware": false,
              "Startup Cost": 514057.39,
              "Total Cost": 514057.39,
              "Plan Rows": 1,
              "Plan Width": 24,
              "Actual Startup Time": 2466.264,
              "Actual Total Time": 2466.583,
              "Actual Rows": 62,
              "Actual Loops": 1,
              "Sort Key": [
                "ci.movie_id"
              ],
              "Sort Method": "quicksort",
              "Sort Space Used": 29,
              "Sort Space Type": "Memory",
              "Plans": [
                {
                  "Node Type": "Merge Join",
                  "Parent Relationship": "Outer",
                  "Parallel Aware": false,
                  "Join Type": "Inner",
                  "Startup Cost": 450026.59,
                  "Total Cost": 514057.38,
                  "Plan Rows": 1,
                  "Plan Width": 24,
                  "Actual Startup Time": 2428.604,
                  "Actual Total Time": 2466.439,
                  "Actual Rows": 62,
                  "Actual Loops": 1,
                  "Inner Unique": true,
                  "Merge Cond": "(an1.person_id = n1.id)",
                  "Plans": [
                    {
                      "Node Type": "Merge Join",
                      "Parent Relationship": "Outer",
                      "Parallel Aware": false,
                      "Join Type": "Inner",
                      "Startup Cost": 370343.81,
                      "Total Cost": 434164.14,
                      "Plan Rows": 4,
                      "Plan Width": 32,
                      "Actual Startup Time": 1850.478,
                      "Actual Total Time": 2131.699,
                      "Actual Rows": 17379,
                      "Actual Loops": 1,
                      "Inner Unique": false,
                      "Merge Cond": "(an1.person_id = ci.person_id)",
                      "Plans": [
                        {
                          "Node Type": "Index Scan",
                          "Parent Relationship": "Outer",
                          "Parallel Aware": false,
                          "Scan Direction": "Forward",
                          "Index Name": "person_id_aka_name",
                          "Relation Name": "aka_name",
                          "Alias": "an1",
                          "Startup Cost": 0.42,
                          "Total Cost": 72006.77,
                          "Plan Rows": 901343,
                          "Plan Width": 20,
                          "Actual Startup Time": 0.01,
                          "Actual Total Time": 275.911,
                          "Actual Rows": 578180,
                          "Actual Loops": 1
                        },
                        {
                          "Node Type": "Sort",
                          "Parent Relationship": "Inner",
                          "Parallel Aware": false,
                          "Startup Cost": 370333.83,
                          "Total Cost": 370333.83,
                          "Plan Rows": 2,
                          "Plan Width": 12,
                          "Actual Startup Time": 1809.207,
                          "Actual Total Time": 1811.046,
                          "Actual Rows": 20188,
                          "Actual Loops": 1,
                          "Sort Key": [
                            "ci.person_id"
                          ],
                          "Sort Method": "quicksort",
                          "Sort Space Used": 541,
                          "Sort Space Type": "Memory",
                          "Plans": [
                            {
                              "Node Type": "Merge Join",
                              "Parent Relationship": "Outer",
                              "Parallel Aware": false,
                              "Join Type": "Inner",
                              "Startup Cost": 370299.42,
                              "Total Cost": 370333.82,
                              "Plan Rows": 2,
                              "Plan Width": 12,
                              "Actual Startup Time": 1792.565,
                              "Actual Total Time": 1807.601,
                              "Actual Rows": 7438,
                              "Actual Loops": 1,
                              "Inner Unique": false,
                              "Merge Cond": "(ci.movie_id = mc.movie_id)",
                              "Plans": [
                                {
                                  "Node Type": "Sort",
                                  "Parent Relationship": "Outer",
                                  "Parallel Aware": false,
                                  "Startup Cost": 331308.52,
                                  "Total Cost": 331325.14,
                                  "Plan Rows": 6648,
                                  "Plan Width": 8,
                                  "Actual Startup Time": 1432.344,
                                  "Actual Total Time": 1435.355,
                                  "Actual Rows": 34848,
                                  "Actual Loops": 1,
                                  "Sort Key": [
                                    "ci.movie_id"
                                  ],
                                  "Sort Method": "quicksort",
                                  "Sort Space Used": 3170,
                                  "Sort Space Type": "Memory",
                                  "Plans": [
                                    {
                                      "Node Type": "Gather",
                                      "Parent Relationship": "Outer",
                                      "Parallel Aware": false,
                                      "Startup Cost": 330144.05,
                                      "Total Cost": 330886.42,
                                      "Plan Rows": 6648,
                                      "Plan Width": 8,
                                      "Actual Startup Time": 1419.546,
                                      "Actual Total Time": 1424.699,
                                      "Actual Rows": 34848,
                                      "Actual Loops": 1,
                                      "Workers Planned": 6,
                                      "Workers Launched": 6,
                                      "Single Copy": false,
                                      "Plans": [
                                        {
                                          "Node Type": "Merge Join",
                                          "Parent Relationship": "Outer",
                                          "Parallel Aware": false,
                                          "Join Type": "Inner",
                                          "Startup Cost": 329144.05,
                                          "Total Cost": 329221.62,
                                          "Plan Rows": 1108,
                                          "Plan Width": 8,
                                          "Actual Startup Time": 1408.708,
                                          "Actual Total Time": 1409.58,
                                          "Actual Rows": 4978,
                                          "Actual Loops": 7,
                                          "Inner Unique": true,
                                          "Merge Cond": "(ci.role_id = rt.id)",
                                          "Plans": [
                                            {
                                              "Node Type": "Sort",
                                              "Parent Relationship": "Outer",
                                              "Parallel Aware": false,
                                              "Startup Cost": 329142.89,
                                              "Total Cost": 329176.13,
                                              "Plan Rows": 13296,
                                              "Plan Width": 12,
                                              "Actual Startup Time": 1407.642,
                                              "Actual Total Time": 1408.229,
                                              "Actual Rows": 13299,
                                              "Actual Loops": 7,
                                              "Sort Key": [
                                                "ci.role_id"
                                              ],
                                              "Sort Method": "quicksort",
                                              "Sort Space Used": 1039,
                                              "Sort Space Type": "Memory",
                                              "Workers": [
                                                {
                                                  "Worker Number": 0,
                                                  "Sort Method": "quicksort",
                                                  "Sort Space Used": 956,
                                                  "Sort Space Type": "Memory"
                                                },
                                                {
                                                  "Worker Number": 1,
                                                  "Sort Method": "quicksort",
                                                  "Sort Space Used": 931,
                                                  "Sort Space Type": "Memory"
                                                },
                                                {
                                                  "Worker Number": 2,
                                                  "Sort Method": "quicksort",
                                                  "Sort Space Used": 1039,
                                                  "Sort Space Type": "Memory"
                                                },
                                                {
                                                  "Worker Number": 3,
                                                  "Sort Method": "quicksort",
                                                  "Sort Space Used": 1020,
                                                  "Sort Space Type": "Memory"
                                                },
                                                {
                                                  "Worker Number": 4,
                                                  "Sort Method": "quicksort",
                                                  "Sort Space Used": 1016,
                                                  "Sort Space Type": "Memory"
                                                },
                                                {
                                                  "Worker Number": 5,
                                                  "Sort Method": "quicksort",
                                                  "Sort Space Used": 1054,
                                                  "Sort Space Type": "Memory"
                                                }
                                              ],
                                              "Plans": [
                                                {
                                                  "Node Type": "Seq Scan",
                                                  "Parent Relationship": "Outer",
                                                  "Parallel Aware": true,
                                                  "Relation Name": "cast_info",
                                                  "Alias": "ci",
                                                  "Startup Cost": 0.0,
                                                  "Total Cost": 328232.2,
                                                  "Plan Rows": 13296,
                                                  "Plan Width": 12,
                                                  "Actual Startup Time": 2.168,
                                                  "Actual Total Time": 1401.414,
                                                  "Actual Rows": 13299,
                                                  "Actual Loops": 7,
                                                  "Filter": "(note = '(voice: English version)'::text)",
                                                  "Rows Removed by Filter": 5164464
                                                }
                                              ]
                                            },
                                            {
                                              "Node Type": "Sort",
                                              "Parent Relationship": "Inner",
                                              "Parallel Aware": false,
                                              "Startup Cost": 1.16,
                                              "Total Cost": 1.16,
                                              "Plan Rows": 1,
                                              "Plan Width": 4,
                                              "Actual Startup Time": 0.135,
                                              "Actual Total Time": 0.135,
                                              "Actual Rows": 1,
                                              "Actual Loops": 7,
                                              "Sort Key": [
                                                "rt.id"
                                              ],
                                              "Sort Method": "quicksort",
                                              "Sort Space Used": 25,
                                              "Sort Space Type": "Memory",
                                              "Workers": [
                                                {
                                                  "Worker Number": 0,
                                                  "Sort Method": "quicksort",
                                                  "Sort Space Used": 25,
                                                  "Sort Space Type": "Memory"
                                                },
                                                {
                                                  "Worker Number": 1,
                                                  "Sort Method": "quicksort",
                                                  "Sort Space Used": 25,
                                                  "Sort Space Type": "Memory"
                                                },
                                                {
                                                  "Worker Number": 2,
                                                  "Sort Method": "quicksort",
                                                  "Sort Space Used": 25,
                                                  "Sort Space Type": "Memory"
                                                },
                                                {
                                                  "Worker Number": 3,
                                                  "Sort Method": "quicksort",
                                                  "Sort Space Used": 25,
                                                  "Sort Space Type": "Memory"
                                                },
                                                {
                                                  "Worker Number": 4,
                                                  "Sort Method": "quicksort",
                                                  "Sort Space Used": 25,
                                                  "Sort Space Type": "Memory"
                                                },
                                                {
                                                  "Worker Number": 5,
                                                  "Sort Method": "quicksort",
                                                  "Sort Space Used": 25,
                                                  "Sort Space Type": "Memory"
                                                }
                                              ],
                                              "Plans": [
                                                {
                                                  "Node Type": "Seq Scan",
                                                  "Parent Relationship": "Outer",
                                                  "Parallel Aware": false,
                                                  "Relation Name": "role_type",
                                                  "Alias": "rt",
                                                  "Startup Cost": 0.0,
                                                  "Total Cost": 1.15,
                                                  "Plan Rows": 1,
                                                  "Plan Width": 4,
                                                  "Actual Startup Time": 0.1,
                                                  "Actual Total Time": 0.101,
                                                  "Actual Rows": 1,
                                                  "Actual Loops": 7,
                                                  "Filter": "((role)::text = 'actress'::text)",
                                                  "Rows Removed by Filter": 11
                                                }
                                              ]
                                            }
                                          ]
                                        }
                                      ]
                                    }
                                  ]
                                },
                                {
                                  "Node Type": "Sort",
                                  "Parent Relationship": "Inner",
                                  "Parallel Aware": false,
                                  "Startup Cost": 38990.9,
                                  "Total Cost": 38991.47,
                                  "Plan Rows": 228,
                                  "Plan Width": 4,
                                  "Actual Startup Time": 360.209,
                                  "Actual Total Time": 365.656,
                                  "Actual Rows": 54212,
                                  "Actual Loops": 1,
                                  "Sort Key": [
                                    "mc.movie_id"
                                  ],
                                  "Sort Method": "quicksort",
                                  "Sort Space Used": 3802,
                                  "Sort Space Type": "Memory",
                                  "Plans": [
                                    {
                                      "Node Type": "Gather",
                                      "Parent Relationship": "Outer",
                                      "Parallel Aware": false,
                                      "Startup Cost": 38912.5,
                                      "Total Cost": 38981.97,
                                      "Plan Rows": 228,
                                      "Plan Width": 4,
                                      "Actual Startup Time": 311.99,
                                      "Actual Total Time": 347.511,
                                      "Actual Rows": 48328,
                                      "Actual Loops": 1,
                                      "Workers Planned": 3,
                                      "Workers Launched": 1,
                                      "Single Copy": false,
                                      "Plans": [
                                        {
                                          "Node Type": "Merge Join",
                                          "Parent Relationship": "Outer",
                                          "Parallel Aware": false,
                                          "Join Type": "Inner",
                                          "Startup Cost": 37912.5,
                                          "Total Cost": 37959.17,
                                          "Plan Rows": 74,
                                          "Plan Width": 4,
                                          "Actual Startup Time": 303.57,
                                          "Actual Total Time": 309.834,
                                          "Actual Rows": 24164,
                                          "Actual Loops": 2,
                                          "Inner Unique": true,
                                          "Merge Cond": "(mc.company_id = cn.id)",
                                          "Plans": [
                                            {
                                              "Node Type": "Sort",
                                              "Parent Relationship": "Outer",
                                              "Parallel Aware": false,
                                              "Startup Cost": 31564.92,
                                              "Total Cost": 31571.52,
                                              "Plan Rows": 2641,
                                              "Plan Width": 8,
                                              "Actual Startup Time": 243.725,
                                              "Actual Total Time": 246.39,
                                              "Actual Rows": 24448,
                                              "Actual Loops": 2,
                                              "Sort Key": [
                                                "mc.company_id"
                                              ],
                                              "Sort Method": "quicksort",
                                              "Sort Space Used": 1988,
                                              "Sort Space Type": "Memory",
                                              "Workers": [
                                                {
                                                  "Worker Number": 0,
                                                  "Sort Method": "quicksort",
                                                  "Sort Space Used": 1841,
                                                  "Sort Space Type": "Memory"
                                                }
                                              ],
                                              "Plans": [
                                                {
                                                  "Node Type": "Seq Scan",
                                                  "Parent Relationship": "Outer",
                                                  "Parallel Aware": true,
                                                  "Relation Name": "movie_companies",
                                                  "Alias": "mc",
                                                  "Startup Cost": 0.0,
                                                  "Total Cost": 31414.82,
                                                  "Plan Rows": 2641,
                                                  "Plan Width": 8,
                                                  "Actual Startup Time": 0.145,
                                                  "Actual Total Time": 236.729,
                                                  "Actual Rows": 24448,
                                                  "Actual Loops": 2,
                                                  "Filter": "((note ~~ '%(Japan)%'::text) AND (note !~~ '%(USA)%'::text))",
                                                  "Rows Removed by Filter": 1280116
                                                }
                                              ]
                                            },
                                            {
                                              "Node Type": "Sort",
                                              "Parent Relationship": "Inner",
                                              "Parallel Aware": false,
                                              "Startup Cost": 6347.57,
                                              "Total Cost": 6363.95,
                                              "Plan Rows": 6549,
                                              "Plan Width": 4,
                                              "Actual Startup Time": 59.832,
                                              "Actual Total Time": 60.185,
                                              "Actual Rows": 2414,
                                              "Actual Loops": 2,
                                              "Sort Key": [
                                                "cn.id"
                                              ],
                                              "Sort Method": "quicksort",
                                              "Sort Space Used": 509,
                                              "Sort Space Type": "Memory",
                                              "Workers": [
                                                {
                                                  "Worker Number": 0,
                                                  "Sort Method": "quicksort",
                                                  "Sort Space Used": 509,
                                                  "Sort Space Type": "Memory"
                                                }
                                              ],
                                              "Plans": [
                                                {
                                                  "Node Type": "Seq Scan",
                                                  "Parent Relationship": "Outer",
                                                  "Parallel Aware": false,
                                                  "Relation Name": "company_name",
                                                  "Alias": "cn",
                                                  "Startup Cost": 0.0,
                                                  "Total Cost": 5932.46,
                                                  "Plan Rows": 6549,
                                                  "Plan Width": 4,
                                                  "Actual Startup Time": 0.049,
                                                  "Actual Total Time": 57.298,
                                                  "Actual Rows": 6752,
                                                  "Actual Loops": 2,
                                                  "Filter": "((country_code)::text = '[jp]'::text)",
                                                  "Rows Removed by Filter": 228245
                                                }
                                              ]
                                            }
                                          ]
                                        }
                                      ]
                                    }
                                  ]
                                }
                              ]
                            }
                          ]
                        }
                      ]
                    },
                    {
                      "Node Type": "Sort",
                      "Parent Relationship": "Inner",
                      "Parallel Aware": false,
                      "Startup Cost": 79682.77,
                      "Total Cost": 79788.0,
                      "Plan Rows": 42091,
                      "Plan Width": 4,
                      "Actual Startup Time": 332.021,
                      "Actual Total Time": 333.074,
                      "Actual Rows": 11987,
                      "Actual Loops": 1,
                      "Sort Key": [
                        "n1.id"
                      ],
                      "Sort Method": "quicksort",
                      "Sort Space Used": 1749,
                      "Sort Space Type": "Memory",
                      "Plans": [
                        {
                          "Node Type": "Gather",
                          "Parent Relationship": "Outer",
                          "Parallel Aware": false,
                          "Startup Cost": 1000.0,
                          "Total Cost": 76449.92,
                          "Plan Rows": 42091,
                          "Plan Width": 4,
                          "Actual Startup Time": 0.921,
                          "Actual Total Time": 324.518,
                          "Actual Rows": 20911,
                          "Actual Loops": 1,
                          "Workers Planned": 4,
                          "Workers Launched": 4,
                          "Single Copy": false,
                          "Plans": [
                            {
                              "Node Type": "Seq Scan",
                              "Parent Relationship": "Outer",
                              "Parallel Aware": true,
                              "Relation Name": "name",
                              "Alias": "n1",
                              "Startup Cost": 0.0,
                              "Total Cost": 71240.82,
                              "Plan Rows": 10523,
                              "Plan Width": 4,
                              "Actual Startup Time": 0.275,
                              "Actual Total Time": 316.246,
                              "Actual Rows": 4182,
                              "Actual Loops": 5,
                              "Filter": "((name ~~ '%Yo%'::text) AND (name !~~ '%Yu%'::text))",
                              "Rows Removed by Filter": 829316
                            }
                          ]
                        }
                      ]
                    }
                  ]
                }
              ]
            }
          ]
        }
      ]
    },
    "Planning Time": 8.298,
    "Triggers": [],
    "Execution Time": 4325.365
  }
]