{
  "Plan": {
    "Node Type": "Aggregate",
    "Strategy": "Plain",
    "Partial Mode": "Finalize",
    "Parallel Aware": false,
    "Startup Cost": 135546.44,
    "Total Cost": 135546.45,
    "Plan Rows": 1,
    "Plan Width": 8,
    "Actual Startup Time": 1077.469,
    "Actual Total Time": 1095.166,
    "Actual Rows": 1,
    "Actual Loops": 1,
    "Plans": [
      {
        "Node Type": "Gather",
        "Parent Relationship": "Outer",
        "Parallel Aware": false,
        "Startup Cost": 135546.32,
        "Total Cost": 135546.43,
        "Plan Rows": 1,
        "Plan Width": 8,
        "Actual Startup Time": 1073.367,
        "Actual Total Time": 1095.159,
        "Actual Rows": 2,
        "Actual Loops": 1,
        "Workers Planned": 1,
        "Workers Launched": 1,
        "Single Copy": false,
        "Plans": [
          {
            "Node Type": "Aggregate",
            "Strategy": "Plain",
            "Partial Mode": "Partial",
            "Parent Relationship": "Outer",
            "Parallel Aware": false,
            "Startup Cost": 134546.32,
            "Total Cost": 134546.33,
            "Plan Rows": 1,
            "Plan Width": 8,
            "Actual Startup Time": 1060.739,
            "Actual Total Time": 1060.743,
            "Actual Rows": 1,
            "Actual Loops": 2,
            "Plans": [
              {
                "Node Type": "Hash Join",
                "Parent Relationship": "Outer",
                "Parallel Aware": true,
                "Join Type": "Inner",
                "Startup Cost": 70721.88,
                "Total Cost": 128772.72,
                "Plan Rows": 2309441,
                "Plan Width": 0,
                "Actual Startup Time": 508.402,
                "Actual Total Time": 988.66,
                "Actual Rows": 1859924,
                "Actual Loops": 2,
                "Inner Unique": true,
                "Hash Cond": "(mk.movie_id = t.id)",
                "Plans": [
                  {
                    "Node Type": "Seq Scan",
                    "Parent Relationship": "Outer",
                    "Parallel Aware": true,
                    "Relation Name": "movie_keyword",
                    "Alias": "mk",
                    "Startup Cost": 0.0,
                    "Total Cost": 51065.35,
                    "Plan Rows": 2661135,
                    "Plan Width": 4,
                    "Actual Startup Time": 0.012,
                    "Actual Total Time": 151.736,
                    "Actual Rows": 2261965,
                    "Actual Loops": 2
                  },
                  {
                    "Node Type": "Hash",
                    "Parent Relationship": "Inner",
                    "Parallel Aware": true,
                    "Startup Cost": 54588.39,
                    "Total Cost": 54588.39,
                    "Plan Rows": 1290679,
                    "Plan Width": 4,
                    "Actual Startup Time": 485.724,
                    "Actual Total Time": 485.725,
                    "Actual Rows": 1091158,
                    "Actual Loops": 2,
                    "Hash Buckets": 4194304,
                    "Original Hash Buckets": 4194304,
                    "Hash Batches": 1,
                    "Original Hash Batches": 1,
                    "Peak Memory Usage": 118176,
                    "Plans": [
                      {
                        "Node Type": "Seq Scan",
                        "Parent Relationship": "Outer",
                        "Parallel Aware": true,
                        "Relation Name": "title",
                        "Alias": "t",
                        "Startup Cost": 0.0,
                        "Total Cost": 54588.39,
                        "Plan Rows": 1290679,
                        "Plan Width": 4,
                        "Actual Startup Time": 0.029,
                        "Actual Total Time": 177.763,
                        "Actual Rows": 1091158,
                        "Actual Loops": 2,
                        "Filter": "(production_year > 1962)",
                        "Rows Removed by Filter": 172998
                      }
                    ]
                  }
                ]
              }
            ]
          }
        ]
      }
    ]
  },
  "Planning Time": 0.409,
  "Triggers": [],
  "Execution Time": 1095.233
}