{
  "Plan": {
    "Node Type": "Aggregate",
    "Strategy": "Plain",
    "Partial Mode": "Simple",
    "Parallel Aware": false,
    "Startup Cost": 1281060.77,
    "Total Cost": 1281060.78,
    "Plan Rows": 1,
    "Plan Width": 96,
    "Actual Startup Time": 5647.001,
    "Actual Total Time": 5647.155,
    "Actual Rows": 1,
    "Actual Loops": 1,
    "Plans": [
      {
        "Node Type": "Merge Join",
        "Parent Relationship": "Outer",
        "Parallel Aware": false,
        "Join Type": "Inner",
        "Startup Cost": 1144494.97,
        "Total Cost": 1281060.76,
        "Plan Rows": 1,
        "Plan Width": 49,
        "Actual Startup Time": 4417.382,
        "Actual Total Time": 5647.097,
        "Actual Rows": 121,
        "Actual Loops": 1,
        "Inner Unique": false,
        "Merge Cond": "(chn.id = ci.person_role_id)",
        "Plans": [
          {
            "Node Type": "Index Scan",
            "Parent Relationship": "Outer",
            "Parallel Aware": false,
            "Scan Direction": "Forward",
            "Index Name": "char_name_pkey",
            "Relation Name": "char_name",
            "Alias": "chn",
            "Startup Cost": 0.43,
            "Total Cost": 128715.58,
            "Plan Rows": 3140252,
            "Plan Width": 20,
            "Actual Startup Time": 0.014,
            "Actual Total Time": 1056.509,
            "Actual Rows": 2981443,
            "Actual Loops": 1
          },
          {
            "Node Type": "Sort",
            "Parent Relationship": "Inner",
            "Parallel Aware": false,
            "Startup Cost": 1144494.54,
            "Total Cost": 1144494.54,
            "Plan Rows": 1,
            "Plan Width": 37,
            "Actual Startup Time": 4416.864,
            "Actual Total Time": 4417.037,
            "Actual Rows": 122,
            "Actual Loops": 1,
            "Sort Key": [
              "ci.person_role_id"
            ],
            "Sort Method": "quicksort",
            "Sort Space Used": 36,
            "Sort Space Type": "Memory",
            "Plans": [
              {
                "Node Type": "Merge Join",
                "Parent Relationship": "Outer",
                "Parallel Aware": false,
                "Join Type": "Inner",
                "Startup Cost": 1131818.65,
                "Total Cost": 1144494.53,
                "Plan Rows": 1,
                "Plan Width": 37,
                "Actual Startup Time": 4399.934,
                "Actual Total Time": 4416.978,
                "Actual Rows": 127,
                "Actual Loops": 1,
                "Inner Unique": false,
                "Merge Cond": "(cn.id = mc.company_id)",
                "Plans": [
                  {
                    "Node Type": "Index Scan",
                    "Parent Relationship": "Outer",
                    "Parallel Aware": false,
                    "Scan Direction": "Forward",
                    "Index Name": "company_name_pkey",
                    "Relation Name": "company_name",
                    "Alias": "cn",
                    "Startup Cost": 0.42,
                    "Total Cost": 12469.43,
                    "Plan Rows": 85931,
                    "Plan Width": 4,
                    "Actual Startup Time": 0.015,
                    "Actual Total Time": 16.311,
                    "Actual Rows": 13386,
                    "Actual Loops": 1,
                    "Filter": "((country_code)::text = '[us]'::text)",
                    "Rows Removed by Filter": 24626
                  },
                  {
                    "Node Type": "Sort",
                    "Parent Relationship": "Inner",
                    "Parallel Aware": false,
                    "Startup Cost": 1131818.23,
                    "Total Cost": 1131818.23,
                    "Plan Rows": 1,
                    "Plan Width": 41,
                    "Actual Startup Time": 4399.841,
                    "Actual Total Time": 4400.004,
                    "Actual Rows": 130,
                    "Actual Loops": 1,
                    "Sort Key": [
                      "mc.company_id"
                    ],
                    "Sort Method": "quicksort",
                    "Sort Space Used": 37,
                    "Sort Space Type": "Memory",
                    "Plans": [
                      {
                        "Node Type": "Merge Join",
                        "Parent Relationship": "Outer",
                        "Parallel Aware": false,
                        "Join Type": "Inner",
                        "Startup Cost": 1130204.51,
                        "Total Cost": 1131818.22,
                        "Plan Rows": 1,
                        "Plan Width": 41,
                        "Actual Startup Time": 4353.159,
                        "Actual Total Time": 4399.946,
                        "Actual Rows": 130,
                        "Actual Loops": 1,
                        "Inner Unique": false,
                        "Merge Cond": "(ci.movie_id = mc.movie_id)",
                        "Plans": [
                          {
                            "Node Type": "Sort",
                            "Parent Relationship": "Outer",
                            "Parallel Aware": false,
                            "Startup Cost": 1042747.14,
                            "Total Cost": 1042747.15,
                            "Plan Rows": 2,
                            "Plan Width": 45,
                            "Actual Startup Time": 3895.305,
                            "Actual Total Time": 3895.468,
                            "Actual Rows": 155,
                            "Actual Loops": 1,
                            "Sort Key": [
                              "ci.movie_id"
                            ],
                            "Sort Method": "quicksort",
                            "Sort Space Used": 42,
                            "Sort Space Type": "Memory",
                            "Plans": [
                              {
                                "Node Type": "Merge Join",
                                "Parent Relationship": "Outer",
                                "Parallel Aware": false,
                                "Join Type": "Inner",
                                "Startup Cost": 1042746.99,
                                "Total Cost": 1042747.13,
                                "Plan Rows": 2,
                                "Plan Width": 45,
                                "Actual Startup Time": 3895.241,
                                "Actual Total Time": 3895.418,
                                "Actual Rows": 155,
                                "Actual Loops": 1,
                                "Inner Unique": true,
                                "Merge Cond": "(ci.role_id = rt.id)",
                                "Plans": [
                                  {
                                    "Node Type": "Sort",
                                    "Parent Relationship": "Outer",
                                    "Parallel Aware": false,
                                    "Startup Cost": 1042745.83,
                                    "Total Cost": 1042745.89,
                                    "Plan Rows": 23,
                                    "Plan Width": 49,
                                    "Actual Startup Time": 3895.209,
                                    "Actual Total Time": 3895.363,
                                    "Actual Rows": 155,
                                    "Actual Loops": 1,
                                    "Sort Key": [
                                      "ci.role_id"
                                    ],
                                    "Sort Method": "quicksort",
                                    "Sort Space Used": 43,
                                    "Sort Space Type": "Memory",
                                    "Plans": [
                                      {
                                        "Node Type": "Merge Join",
                                        "Parent Relationship": "Outer",
                                        "Parallel Aware": false,
                                        "Join Type": "Inner",
                                        "Startup Cost": 917081.79,
                                        "Total Cost": 1042745.31,
                                        "Plan Rows": 23,
                                        "Plan Width": 49,
                                        "Actual Startup Time": 2819.884,
                                        "Actual Total Time": 3895.263,
                                        "Actual Rows": 155,
                                        "Actual Loops": 1,
                                        "Inner Unique": false,
                                        "Merge Cond": "(t.id = ci.movie_id)",
                                        "Plans": [
                                          {
                                            "Node Type": "Index Scan",
                                            "Parent Relationship": "Outer",
                                            "Parallel Aware": false,
                                            "Scan Direction": "Forward",
                                            "Index Name": "title_pkey",
                                            "Relation Name": "title",
                                            "Alias": "t",
                                            "Startup Cost": 0.43,
                                            "Total Cost": 123001.61,
                                            "Plan Rows": 1116180,
                                            "Plan Width": 21,
                                            "Actual Startup Time": 0.019,
                                            "Actual Total Time": 1059.561,
                                            "Actual Rows": 1107430,
                                            "Actual Loops": 1,
                                            "Filter": "((production_year >= 2005) AND (production_year <= 2015))",
                                            "Rows Removed by Filter": 1417929
                                          },
                                          {
                                            "Node Type": "Sort",
                                            "Parent Relationship": "Inner",
                                            "Parallel Aware": false,
                                            "Startup Cost": 917078.43,
                                            "Total Cost": 917078.55,
                                            "Plan Rows": 51,
                                            "Plan Width": 28,
                                            "Actual Startup Time": 2783.351,
                                            "Actual Total Time": 2783.614,
                                            "Actual Rows": 425,
                                            "Actual Loops": 1,
                                            "Sort Key": [
                                              "ci.movie_id"
                                            ],
                                            "Sort Method": "quicksort",
                                            "Sort Space Used": 57,
                                            "Sort Space Type": "Memory",
                                            "Plans": [
                                              {
                                                "Node Type": "Merge Join",
                                                "Parent Relationship": "Outer",
                                                "Parallel Aware": false,
                                                "Join Type": "Inner",
                                                "Startup Cost": 848838.32,
                                                "Total Cost": 917076.98,
                                                "Plan Rows": 51,
                                                "Plan Width": 28,
                                                "Actual Startup Time": 2684.968,
                                                "Actual Total Time": 2783.362,
                                                "Actual Rows": 425,
                                                "Actual Loops": 1,
                                                "Inner Unique": false,
                                                "Merge Cond": "(an.person_id = ci.person_id)",
                                                "Plans": [
                                                  {
                                                    "Node Type": "Merge Join",
                                                    "Parent Relationship": "Outer",
                                                    "Parallel Aware": false,
                                                    "Join Type": "Inner",
                                                    "Startup Cost": 93397.16,
                                                    "Total Cost": 167678.71,
                                                    "Plan Rows": 21,
                                                    "Plan Width": 24,
                                                    "Actual Startup Time": 488.12,
                                                    "Actual Total Time": 561.987,
                                                    "Actual Rows": 1558,
                                                    "Actual Loops": 1,
                                                    "Inner Unique": true,
                                                    "Merge Cond": "(an.person_id = n.id)",
                                                    "Plans": [
                                                      {
                                                        "Node Type": "Index Scan",
                                                        "Parent Relationship": "Outer",
                                                        "Parallel Aware": false,
                                                        "Scan Direction": "Forward",
                                                        "Index Name": "person_id_aka_name",
                                                        "Relation Name": "aka_name",
                                                        "Alias": "an",
                                                        "Startup Cost": 0.42,
                                                        "Total Cost": 72027.93,
                                                        "Plan Rows": 901343,
                                                        "Plan Width": 20,
                                                        "Actual Startup Time": 0.015,
                                                        "Actual Total Time": 150.644,
                                                        "Actual Rows": 578585,
                                                        "Actual Loops": 1
                                                      },
                                                      {
                                                        "Node Type": "Sort",
                                                        "Parent Relationship": "Inner",
                                                        "Parallel Aware": false,
                                                        "Startup Cost": 93396.73,
                                                        "Total Cost": 93396.97,
                                                        "Plan Rows": 96,
                                                        "Plan Width": 4,
                                                        "Actual Startup Time": 374.102,
                                                        "Actual Total Time": 374.868,
                                                        "Actual Rows": 6768,
                                                        "Actual Loops": 1,
                                                        "Sort Key": [
                                                          "n.id"
                                                        ],
                                                        "Sort Method": "quicksort",
                                                        "Sort Space Used": 510,
                                                        "Sort Space Type": "Memory",
                                                        "Plans": [
                                                          {
                                                            "Node Type": "Gather",
                                                            "Parent Relationship": "Outer",
                                                            "Parallel Aware": false,
                                                            "Startup Cost": 1000.0,
                                                            "Total Cost": 93393.57,
                                                            "Plan Rows": 96,
                                                            "Plan Width": 4,
                                                            "Actual Startup Time": 182.117,
                                                            "Actual Total Time": 373.136,
                                                            "Actual Rows": 6768,
                                                            "Actual Loops": 1,
                                                            "Workers Planned": 1,
                                                            "Workers Launched": 1,
                                                            "Single Copy": false,
                                                            "Plans": [
                                                              {
                                                                "Node Type": "Seq Scan",
                                                                "Parent Relationship": "Outer",
                                                                "Parallel Aware": true,
                                                                "Relation Name": "name",
                                                                "Alias": "n",
                                                                "Startup Cost": 0.0,
                                                                "Total Cost": 92383.97,
                                                                "Plan Rows": 56,
                                                                "Plan Width": 4,
                                                                "Actual Startup Time": 173.871,
                                                                "Actual Total Time": 364.004,
                                                                "Actual Rows": 3384,
                                                                "Actual Loops": 2,
                                                                "Filter": "((name ~~ '%Ang%'::text) AND ((gender)::text = 'f'::text))",
                                                                "Rows Removed by Filter": 2080362
                                                              }
                                                            ]
                                                          }
                                                        ]
                                                      }
                                                    ]
                                                  },
                                                  {
                                                    "Node Type": "Sort",
                                                    "Parent Relationship": "Inner",
                                                    "Parallel Aware": false,
                                                    "Startup Cost": 755440.88,
                                                    "Total Cost": 757725.12,
                                                    "Plan Rows": 913697,
                                                    "Plan Width": 16,
                                                    "Actual Startup Time": 2135.881,
                                                    "Actual Total Time": 2171.401,
                                                    "Actual Rows": 865083,
                                                    "Actual Loops": 1,
                                                    "Sort Key": [
                                                      "ci.person_id"
                                                    ],
                                                    "Sort Method": "quicksort",
                                                    "Sort Space Used": 65239,
                                                    "Sort Space Type": "Memory",
                                                    "Plans": [
                                                      {
                                                        "Node Type": "Gather",
                                                        "Parent Relationship": "Outer",
                                                        "Parallel Aware": false,
                                                        "Startup Cost": 1000.0,
                                                        "Total Cost": 664978.68,
                                                        "Plan Rows": 913697,
                                                        "Plan Width": 16,
                                                        "Actual Startup Time": 0.306,
                                                        "Actual Total Time": 2010.576,
                                                        "Actual Rows": 867477,
                                                        "Actual Loops": 1,
                                                        "Workers Planned": 1,
                                                        "Workers Launched": 1,
                                                        "Single Copy": false,
                                                        "Plans": [
                                                          {
                                                            "Node Type": "Seq Scan",
                                                            "Parent Relationship": "Outer",
                                                            "Parallel Aware": true,
                                                            "Relation Name": "cast_info",
                                                            "Alias": "ci",
                                                            "Startup Cost": 0.0,
                                                            "Total Cost": 572608.98,
                                                            "Plan Rows": 537469,
                                                            "Plan Width": 16,
                                                            "Actual Startup Time": 0.168,
                                                            "Actual Total Time": 1936.253,
                                                            "Actual Rows": 433738,
                                                            "Actual Loops": 2,
                                                            "Filter": "(note = ANY ('{(voice),\"(voice: Japanese version)\",\"(voice) (uncredited)\",\"(voice: English version)\"}'::text[]))",
                                                            "Rows Removed by Filter": 17688434
                                                          }
                                                        ]
                                                      }
                                                    ]
                                                  }
                                                ]
                                              }
                                            ]
                                          }
                                        ]
                                      }
                                    ]
                                  },
                                  {
                                    "Node Type": "Sort",
                                    "Parent Relationship": "Inner",
                                    "Parallel Aware": false,
                                    "Startup Cost": 1.16,
                                    "Total Cost": 1.16,
                                    "Plan Rows": 1,
                                    "Plan Width": 4,
                                    "Actual Startup Time": 0.028,
                                    "Actual Total Time": 0.029,
                                    "Actual Rows": 1,
                                    "Actual Loops": 1,
                                    "Sort Key": [
                                      "rt.id"
                                    ],
                                    "Sort Method": "quicksort",
                                    "Sort Space Used": 25,
                                    "Sort Space Type": "Memory",
                                    "Plans": [
                                      {
                                        "Node Type": "Seq Scan",
                                        "Parent Relationship": "Outer",
                                        "Parallel Aware": false,
                                        "Relation Name": "role_type",
                                        "Alias": "rt",
                                        "Startup Cost": 0.0,
                                        "Total Cost": 1.15,
                                        "Plan Rows": 1,
                                        "Plan Width": 4,
                                        "Actual Startup Time": 0.017,
                                        "Actual Total Time": 0.019,
                                        "Actual Rows": 1,
                                        "Actual Loops": 1,
                                        "Filter": "((role)::text = 'actress'::text)",
                                        "Rows Removed by Filter": 11
                                      }
                                    ]
                                  }
                                ]
                              }
                            ]
                          },
                          {
                            "Node Type": "Sort",
                            "Parent Relationship": "Inner",
                            "Parallel Aware": false,
                            "Startup Cost": 87457.37,
                            "Total Cost": 88264.21,
                            "Plan Rows": 322737,
                            "Plan Width": 8,
                            "Actual Startup Time": 457.118,
                            "Actual Total Time": 476.654,
                            "Actual Rows": 581882,
                            "Actual Loops": 1,
                            "Sort Key": [
                              "mc.movie_id"
                            ],
                            "Sort Method": "quicksort",
                            "Sort Space Used": 52279,
                            "Sort Space Type": "Memory",
                            "Plans": [
                              {
                                "Node Type": "Seq Scan",
                                "Parent Relationship": "Outer",
                                "Parallel Aware": false,
                                "Relation Name": "movie_companies",
                                "Alias": "mc",
                                "Startup Cost": 0.0,
                                "Total Cost": 57926.93,
                                "Plan Rows": 322737,
                                "Plan Width": 8,
                                "Actual Startup Time": 0.012,
                                "Actual Total Time": 336.132,
                                "Actual Rows": 590994,
                                "Actual Loops": 1,
                                "Filter": "((note IS NOT NULL) AND ((note ~~ '%(USA)%'::text) OR (note ~~ '%(worldwide)%'::text)))",
                                "Rows Removed by Filter": 2018135
                              }
                            ]
                          }
                        ]
                      }
                    ]
                  }
                ]
              }
            ]
          }
        ]
      }
    ]
  },
  "Planning Time": 3.105,
  "Triggers": [],
  "Execution Time": 5650.614
}