[
  {
    "Plan": {
      "Node Type": "Aggregate",
      "Strategy": "Plain",
      "Partial Mode": "Finalize",
      "Parallel Aware": false,
      "Startup Cost": 45422.4,
      "Total Cost": 45422.41,
      "Plan Rows": 1,
      "Plan Width": 8,
      "Actual Startup Time": 136.544,
      "Actual Total Time": 146.198,
      "Actual Rows": 1,
      "Actual Loops": 1,
      "Plans": [
        {
          "Node Type": "Gather",
          "Parent Relationship": "Outer",
          "Parallel Aware": false,
          "Startup Cost": 45422.08,
          "Total Cost": 45422.39,
          "Plan Rows": 3,
          "Plan Width": 8,
          "Actual Startup Time": 136.427,
          "Actual Total Time": 146.192,
          "Actual Rows": 4,
          "Actual Loops": 1,
          "Workers Planned": 3,
          "Workers Launched": 3,
          "Single Copy": false,
          "Plans": [
            {
              "Node Type": "Aggregate",
              "Strategy": "Plain",
              "Partial Mode": "Partial",
              "Parent Relationship": "Outer",
              "Parallel Aware": false,
              "Startup Cost": 44422.08,
              "Total Cost": 44422.09,
              "Plan Rows": 1,
              "Plan Width": 8,
              "Actual Startup Time": 129.649,
              "Actual Total Time": 129.65,
              "Actual Rows": 1,
              "Actual Loops": 4,
              "Plans": [
                {
                  "Node Type": "Seq Scan",
                  "Parent Relationship": "Outer",
                  "Parallel Aware": true,
                  "Relation Name": "movie_keyword",
                  "Alias": "mk",
                  "Startup Cost": 0.0,
                  "Total Cost": 42695.65,
                  "Plan Rows": 690570,
                  "Plan Width": 0,
                  "Actual Startup Time": 0.048,
                  "Actual Total Time": 105.639,
                  "Actual Rows": 538810,
                  "Actual Loops": 4,
                  "Filter": "(keyword_id < 4077)",
                  "Rows Removed by Filter": 592172
                }
              ]
            }
          ]
        }
      ]
    },
    "Planning Time": 0.074,
    "Triggers": [],
    "Execution Time": 146.226
  }
]