[
  {
    "Plan": {
      "Node Type": "Aggregate",
      "Strategy": "Plain",
      "Partial Mode": "Finalize",
      "Parallel Aware": false,
      "Startup Cost": 97213.37,
      "Total Cost": 97213.38,
      "Plan Rows": 1,
      "Plan Width": 8,
      "Actual Startup Time": 682.573,
      "Actual Total Time": 699.553,
      "Actual Rows": 1,
      "Actual Loops": 1,
      "Plans": [
        {
          "Node Type": "Gather",
          "Parent Relationship": "Outer",
          "Parallel Aware": false,
          "Startup Cost": 97213.06,
          "Total Cost": 97213.37,
          "Plan Rows": 3,
          "Plan Width": 8,
          "Actual Startup Time": 671.006,
          "Actual Total Time": 699.545,
          "Actual Rows": 4,
          "Actual Loops": 1,
          "Workers Planned": 3,
          "Workers Launched": 3,
          "Single Copy": false,
          "Plans": [
            {
              "Node Type": "Aggregate",
              "Strategy": "Plain",
              "Partial Mode": "Partial",
              "Parent Relationship": "Outer",
              "Parallel Aware": false,
              "Startup Cost": 96213.06,
              "Total Cost": 96213.07,
              "Plan Rows": 1,
              "Plan Width": 8,
              "Actual Startup Time": 662.114,
              "Actual Total Time": 662.117,
              "Actual Rows": 1,
              "Actual Loops": 4,
              "Plans": [
                {
                  "Node Type": "Hash Join",
                  "Parent Relationship": "Outer",
                  "Parallel Aware": true,
                  "Join Type": "Inner",
                  "Startup Cost": 50354.42,
                  "Total Cost": 93232.5,
                  "Plan Rows": 1192222,
                  "Plan Width": 0,
                  "Actual Startup Time": 317.605,
                  "Actual Total Time": 614.425,
                  "Actual Rows": 1050110,
                  "Actual Loops": 4,
                  "Inner Unique": true,
                  "Hash Cond": "(mk.movie_id = t.id)",
                  "Plans": [
                    {
                      "Node Type": "Seq Scan",
                      "Parent Relationship": "Outer",
                      "Parallel Aware": true,
                      "Relation Name": "movie_keyword",
                      "Alias": "mk",
                      "Startup Cost": 0.0,
                      "Total Cost": 39047.32,
                      "Plan Rows": 1459332,
                      "Plan Width": 4,
                      "Actual Startup Time": 0.028,
                      "Actual Total Time": 90.629,
                      "Actual Rows": 1130982,
                      "Actual Loops": 4
                    },
                    {
                      "Node Type": "Hash",
                      "Parent Relationship": "Inner",
                      "Parallel Aware": true,
                      "Startup Cost": 43899.32,
                      "Total Cost": 43899.32,
                      "Plan Rows": 516408,
                      "Plan Width": 4,
                      "Actual Startup Time": 312.262,
                      "Actual Total Time": 312.263,
                      "Actual Rows": 516138,
                      "Actual Loops": 4,
                      "Hash Buckets": 2097152,
                      "Original Hash Buckets": 2097152,
                      "Hash Batches": 1,
                      "Original Hash Batches": 1,
                      "Peak Memory Usage": 97216,
                      "Plans": [
                        {
                          "Node Type": "Seq Scan",
                          "Parent Relationship": "Outer",
                          "Parallel Aware": true,
                          "Relation Name": "title",
                          "Alias": "t",
                          "Startup Cost": 0.0,
                          "Total Cost": 43899.32,
                          "Plan Rows": 516408,
                          "Plan Width": 4,
                          "Actual Startup Time": 0.049,
                          "Actual Total Time": 117.569,
                          "Actual Rows": 516138,
                          "Actual Loops": 4,
                          "Filter": "(production_year < 2011)",
                          "Rows Removed by Filter": 115940
                        }
                      ]
                    }
                  ]
                }
              ]
            }
          ]
        }
      ]
    },
    "Planning Time": 0.306,
    "Triggers": [],
    "Execution Time": 699.596
  }
]