[
  {
    "Plan": {
      "Node Type": "Aggregate",
      "Strategy": "Plain",
      "Partial Mode": "Finalize",
      "Parallel Aware": false,
      "Startup Cost": 314416.36,
      "Total Cost": 314416.37,
      "Plan Rows": 1,
      "Plan Width": 8,
      "Actual Startup Time": 2866.504,
      "Actual Total Time": 2908.844,
      "Actual Rows": 1,
      "Actual Loops": 1,
      "Plans": [
        {
          "Node Type": "Gather",
          "Parent Relationship": "Outer",
          "Parallel Aware": false,
          "Startup Cost": 314415.84,
          "Total Cost": 314416.35,
          "Plan Rows": 5,
          "Plan Width": 8,
          "Actual Startup Time": 2849.498,
          "Actual Total Time": 2908.823,
          "Actual Rows": 6,
          "Actual Loops": 1,
          "Workers Planned": 5,
          "Workers Launched": 5,
          "Single Copy": false,
          "Plans": [
            {
              "Node Type": "Aggregate",
              "Strategy": "Plain",
              "Partial Mode": "Partial",
              "Parent Relationship": "Outer",
              "Parallel Aware": false,
              "Startup Cost": 313415.84,
              "Total Cost": 313415.85,
              "Plan Rows": 1,
              "Plan Width": 8,
              "Actual Startup Time": 2837.96,
              "Actual Total Time": 2837.967,
              "Actual Rows": 1,
              "Actual Loops": 6,
              "Plans": [
                {
                  "Node Type": "Hash Join",
                  "Parent Relationship": "Outer",
                  "Parallel Aware": true,
                  "Join Type": "Inner",
                  "Startup Cost": 94685.03,
                  "Total Cost": 309539.35,
                  "Plan Rows": 1550594,
                  "Plan Width": 0,
                  "Actual Startup Time": 413.093,
                  "Actual Total Time": 2215.945,
                  "Actual Rows": 13972077,
                  "Actual Loops": 6,
                  "Inner Unique": false,
                  "Hash Cond": "(mi.movie_id = t.id)",
                  "Plans": [
                    {
                      "Node Type": "Seq Scan",
                      "Parent Relationship": "Outer",
                      "Parallel Aware": true,
                      "Relation Name": "movie_info",
                      "Alias": "mi",
                      "Startup Cost": 0.0,
                      "Total Cost": 199108.24,
                      "Plan Rows": 2865110,
                      "Plan Width": 4,
                      "Actual Startup Time": 0.049,
                      "Actual Total Time": 358.698,
                      "Actual Rows": 2384826,
                      "Actual Loops": 6,
                      "Filter": "(info_type_id < 103)",
                      "Rows Removed by Filter": 87794
                    },
                    {
                      "Node Type": "Hash",
                      "Parent Relationship": "Inner",
                      "Parallel Aware": true,
                      "Startup Cost": 89167.36,
                      "Total Cost": 89167.36,
                      "Plan Rows": 441413,
                      "Plan Width": 8,
                      "Actual Startup Time": 408.371,
                      "Actual Total Time": 408.377,
                      "Actual Rows": 322342,
                      "Actual Loops": 6,
                      "Hash Buckets": 2097152,
                      "Original Hash Buckets": 2097152,
                      "Hash Batches": 1,
                      "Original Hash Batches": 1,
                      "Peak Memory Usage": 92128,
                      "Plans": [
                        {
                          "Node Type": "Hash Join",
                          "Parent Relationship": "Outer",
                          "Parallel Aware": true,
                          "Join Type": "Inner",
                          "Startup Cost": 46289.28,
                          "Total Cost": 89167.36,
                          "Plan Rows": 441413,
                          "Plan Width": 8,
                          "Actual Startup Time": 149.102,
                          "Actual Total Time": 319.432,
                          "Actual Rows": 322342,
                          "Actual Loops": 6,
                          "Inner Unique": true,
                          "Hash Cond": "(mk.movie_id = t.id)",
                          "Plans": [
                            {
                              "Node Type": "Seq Scan",
                              "Parent Relationship": "Outer",
                              "Parallel Aware": true,
                              "Relation Name": "movie_keyword",
                              "Alias": "mk",
                              "Startup Cost": 0.0,
                              "Total Cost": 39047.32,
                              "Plan Rows": 1459332,
                              "Plan Width": 4,
                              "Actual Startup Time": 0.033,
                              "Actual Total Time": 65.849,
                              "Actual Rows": 753988,
                              "Actual Loops": 6
                            },
                            {
                              "Node Type": "Hash",
                              "Parent Relationship": "Inner",
                              "Parallel Aware": true,
                              "Startup Cost": 43899.32,
                              "Total Cost": 43899.32,
                              "Plan Rows": 191197,
                              "Plan Width": 4,
                              "Actual Startup Time": 147.644,
                              "Actual Total Time": 147.646,
                              "Actual Rows": 130446,
                              "Actual Loops": 6,
                              "Hash Buckets": 1048576,
                              "Original Hash Buckets": 1048576,
                              "Hash Batches": 1,
                              "Original Hash Batches": 1,
                              "Peak Memory Usage": 38912,
                              "Plans": [
                                {
                                  "Node Type": "Seq Scan",
                                  "Parent Relationship": "Outer",
                                  "Parallel Aware": true,
                                  "Relation Name": "title",
                                  "Alias": "t",
                                  "Startup Cost": 0.0,
                                  "Total Cost": 43899.32,
                                  "Plan Rows": 191197,
                                  "Plan Width": 4,
                                  "Actual Startup Time": 0.06,
                                  "Actual Total Time": 86.732,
                                  "Actual Rows": 130446,
                                  "Actual Loops": 6,
                                  "Filter": "(production_year < 1994)",
                                  "Rows Removed by Filter": 290939
                                }
                              ]
                            }
                          ]
                        }
                      ]
                    }
                  ]
                }
              ]
            }
          ]
        }
      ]
    },
    "Planning Time": 0.825,
    "Triggers": [],
    "Execution Time": 2908.905
  }
]