[
  {
    "Plan": {
      "Node Type": "Aggregate",
      "Strategy": "Plain",
      "Partial Mode": "Finalize",
      "Parallel Aware": false,
      "Startup Cost": 239414.14,
      "Total Cost": 239414.15,
      "Plan Rows": 1,
      "Plan Width": 8,
      "Actual Startup Time": 397.894,
      "Actual Total Time": 440.014,
      "Actual Rows": 1,
      "Actual Loops": 1,
      "Plans": [
        {
          "Node Type": "Gather",
          "Parent Relationship": "Outer",
          "Parallel Aware": false,
          "Startup Cost": 239413.61,
          "Total Cost": 239414.12,
          "Plan Rows": 5,
          "Plan Width": 8,
          "Actual Startup Time": 396.471,
          "Actual Total Time": 440.005,
          "Actual Rows": 6,
          "Actual Loops": 1,
          "Workers Planned": 5,
          "Workers Launched": 5,
          "Single Copy": false,
          "Plans": [
            {
              "Node Type": "Aggregate",
              "Strategy": "Plain",
              "Partial Mode": "Partial",
              "Parent Relationship": "Outer",
              "Parallel Aware": false,
              "Startup Cost": 238413.61,
              "Total Cost": 238413.62,
              "Plan Rows": 1,
              "Plan Width": 8,
              "Actual Startup Time": 387.405,
              "Actual Total Time": 387.409,
              "Actual Rows": 1,
              "Actual Loops": 6,
              "Plans": [
                {
                  "Node Type": "Hash Join",
                  "Parent Relationship": "Outer",
                  "Parallel Aware": true,
                  "Join Type": "Inner",
                  "Startup Cost": 38203.96,
                  "Total Cost": 238372.08,
                  "Plan Rows": 16614,
                  "Plan Width": 0,
                  "Actual Startup Time": 87.96,
                  "Actual Total Time": 386.398,
                  "Actual Rows": 21400,
                  "Actual Loops": 6,
                  "Inner Unique": true,
                  "Hash Cond": "(mi.movie_id = t.id)",
                  "Plans": [
                    {
                      "Node Type": "Seq Scan",
                      "Parent Relationship": "Outer",
                      "Parallel Aware": true,
                      "Relation Name": "movie_info",
                      "Alias": "mi",
                      "Startup Cost": 0.0,
                      "Total Cost": 198952.16,
                      "Plan Rows": 463221,
                      "Plan Width": 4,
                      "Actual Startup Time": 15.148,
                      "Actual Total Time": 275.144,
                      "Actual Rows": 372308,
                      "Actual Loops": 6,
                      "Filter": "(info_type_id > 16)",
                      "Rows Removed by Filter": 2100312
                    },
                    {
                      "Node Type": "Hash",
                      "Parent Relationship": "Inner",
                      "Parallel Aware": true,
                      "Startup Cost": 37920.59,
                      "Total Cost": 37920.59,
                      "Plan Rows": 22670,
                      "Plan Width": 4,
                      "Actual Startup Time": 71.481,
                      "Actual Total Time": 71.482,
                      "Actual Rows": 15142,
                      "Actual Loops": 6,
                      "Hash Buckets": 131072,
                      "Original Hash Buckets": 131072,
                      "Hash Batches": 1,
                      "Original Hash Batches": 1,
                      "Peak Memory Usage": 4672,
                      "Plans": [
                        {
                          "Node Type": "Bitmap Heap Scan",
                          "Parent Relationship": "Outer",
                          "Parallel Aware": true,
                          "Relation Name": "title",
                          "Alias": "t",
                          "Startup Cost": 1639.21,
                          "Total Cost": 37920.59,
                          "Plan Rows": 22670,
                          "Plan Width": 4,
                          "Actual Startup Time": 20.161,
                          "Actual Total Time": 64.682,
                          "Actual Rows": 15142,
                          "Actual Loops": 6,
                          "Recheck Cond": "(kind_id = 2)",
                          "Rows Removed by Index Recheck": 0,
                          "Exact Heap Blocks": 11538,
                          "Lossy Heap Blocks": 0,
                          "Plans": [
                            {
                              "Node Type": "Bitmap Index Scan",
                              "Parent Relationship": "Outer",
                              "Parallel Aware": false,
                              "Index Name": "kind_id_title",
                              "Startup Cost": 0.0,
                              "Total Cost": 1616.54,
                              "Plan Rows": 90681,
                              "Plan Width": 0,
                              "Actual Startup Time": 16.622,
                              "Actual Total Time": 16.622,
                              "Actual Rows": 90852,
                              "Actual Loops": 1,
                              "Index Cond": "(kind_id = 2)"
                            }
                          ]
                        }
                      ]
                    }
                  ]
                }
              ]
            }
          ]
        }
      ]
    },
    "Planning Time": 0.623,
    "Triggers": [],
    "Execution Time": 440.112
  }
]