[
    {
        "Bao": {
            "Bao prediction": "NaN",
            "Bao recommended hint": "(no hint)"
        }
    },
    {
        "Plan": {
            "Node Type": "Aggregate",
            "Strategy": "Plain",
            "Partial Mode": "Finalize",
            "Parallel Aware": false,
            "Startup Cost": 27475.13,
            "Total Cost": 27475.14,
            "Plan Rows": 1,
            "Plan Width": 8,
            "Actual Startup Time": 63.122,
            "Actual Total Time": 66.819,
            "Actual Rows": 1,
            "Actual Loops": 1,
            "Output": [
                "count(*)"
            ],
            "Plans": [
                {
                    "Node Type": "Gather",
                    "Parent Relationship": "Outer",
                    "Parallel Aware": false,
                    "Startup Cost": 27474.81,
                    "Total Cost": 27475.12,
                    "Plan Rows": 3,
                    "Plan Width": 8,
                    "Actual Startup Time": 62.959,
                    "Actual Total Time": 66.811,
                    "Actual Rows": 4,
                    "Actual Loops": 1,
                    "Output": [
                        "(PARTIAL count(*))"
                    ],
                    "Workers Planned": 3,
                    "Workers Launched": 3,
                    "Single Copy": false,
                    "Plans": [
                        {
                            "Node Type": "Aggregate",
                            "Strategy": "Plain",
                            "Partial Mode": "Partial",
                            "Parent Relationship": "Outer",
                            "Parallel Aware": false,
                            "Startup Cost": 26474.81,
                            "Total Cost": 26474.82,
                            "Plan Rows": 1,
                            "Plan Width": 8,
                            "Actual Startup Time": 54.49,
                            "Actual Total Time": 54.492,
                            "Actual Rows": 1,
                            "Actual Loops": 4,
                            "Output": [
                                "PARTIAL count(*)"
                            ],
                            "Workers": [
                                {
                                    "Worker Number": 0,
                                    "Actual Startup Time": 51.632,
                                    "Actual Total Time": 51.634,
                                    "Actual Rows": 1,
                                    "Actual Loops": 1
                                },
                                {
                                    "Worker Number": 1,
                                    "Actual Startup Time": 51.67,
                                    "Actual Total Time": 51.672,
                                    "Actual Rows": 1,
                                    "Actual Loops": 1
                                },
                                {
                                    "Worker Number": 2,
                                    "Actual Startup Time": 52.037,
                                    "Actual Total Time": 52.039,
                                    "Actual Rows": 1,
                                    "Actual Loops": 1
                                }
                            ],
                            "Plans": [
                                {
                                    "Node Type": "Bitmap Heap Scan",
                                    "Parent Relationship": "Outer",
                                    "Parallel Aware": true,
                                    "Relation Name": "movie_companies",
                                    "Schema": "public",
                                    "Alias": "mc",
                                    "Startup Cost": 6179.49,
                                    "Total Cost": 26356.92,
                                    "Plan Rows": 47157,
                                    "Plan Width": 0,
                                    "Actual Startup Time": 15.578,
                                    "Actual Total Time": 49.194,
                                    "Actual Rows": 73478,
                                    "Actual Loops": 4,
                                    "Recheck Cond": "(mc.company_id > 94773)",
                                    "Rows Removed by Index Recheck": 0,
                                    "Filter": "(mc.company_type_id = 2)",
                                    "Rows Removed by Filter": 0,
                                    "Exact Heap Blocks": 2702,
                                    "Lossy Heap Blocks": 0,
                                    "Workers": [
                                        {
                                            "Worker Number": 0,
                                            "Actual Startup Time": 12.888,
                                            "Actual Total Time": 46.774,
                                            "Actual Rows": 42105,
                                            "Actual Loops": 1
                                        },
                                        {
                                            "Worker Number": 1,
                                            "Actual Startup Time": 12.856,
                                            "Actual Total Time": 46.799,
                                            "Actual Rows": 42343,
                                            "Actual Loops": 1
                                        },
                                        {
                                            "Worker Number": 2,
                                            "Actual Startup Time": 13.108,
                                            "Actual Total Time": 47.334,
                                            "Actual Rows": 41858,
                                            "Actual Loops": 1
                                        }
                                    ],
                                    "Plans": [
                                        {
                                            "Node Type": "Bitmap Index Scan",
                                            "Parent Relationship": "Outer",
                                            "Parallel Aware": false,
                                            "Index Name": "company_id_movie_companies",
                                            "Startup Cost": 0.0,
                                            "Total Cost": 6142.94,
                                            "Plan Rows": 286735,
                                            "Plan Width": 0,
                                            "Actual Startup Time": 22.398,
                                            "Actual Total Time": 22.399,
                                            "Actual Rows": 293910,
                                            "Actual Loops": 1,
                                            "Index Cond": "(mc.company_id > 94773)"
                                        }
                                    ]
                                }
                            ]
                        }
                    ]
                }
            ]
        },
        "Planning Time": 217.383,
        "Triggers": [],
        "Execution Time": 66.889
    }
]