[
  {
    "Plan": {
      "Node Type": "Aggregate",
      "Strategy": "Plain",
      "Partial Mode": "Finalize",
      "Parallel Aware": false,
      "Startup Cost": 347559.67,
      "Total Cost": 347559.68,
      "Plan Rows": 1,
      "Plan Width": 8,
      "Actual Startup Time": 647.748,
      "Actual Total Time": 690.83,
      "Actual Rows": 1,
      "Actual Loops": 1,
      "Plans": [
        {
          "Node Type": "Gather",
          "Parent Relationship": "Outer",
          "Parallel Aware": false,
          "Startup Cost": 347559.05,
          "Total Cost": 347559.66,
          "Plan Rows": 6,
          "Plan Width": 8,
          "Actual Startup Time": 647.543,
          "Actual Total Time": 690.819,
          "Actual Rows": 7,
          "Actual Loops": 1,
          "Workers Planned": 6,
          "Workers Launched": 6,
          "Single Copy": false,
          "Plans": [
            {
              "Node Type": "Aggregate",
              "Strategy": "Plain",
              "Partial Mode": "Partial",
              "Parent Relationship": "Outer",
              "Parallel Aware": false,
              "Startup Cost": 346559.05,
              "Total Cost": 346559.06,
              "Plan Rows": 1,
              "Plan Width": 8,
              "Actual Startup Time": 641.498,
              "Actual Total Time": 641.499,
              "Actual Rows": 1,
              "Actual Loops": 7,
              "Plans": [
                {
                  "Node Type": "Seq Scan",
                  "Parent Relationship": "Outer",
                  "Parallel Aware": true,
                  "Relation Name": "cast_info",
                  "Alias": "ci",
                  "Startup Cost": 0.0,
                  "Total Cost": 343316.27,
                  "Plan Rows": 1297111,
                  "Plan Width": 0,
                  "Actual Startup Time": 332.175,
                  "Actual Total Time": 606.797,
                  "Actual Rows": 703741,
                  "Actual Loops": 7,
                  "Filter": "((person_id < 1755816) AND (role_id > 2))",
                  "Rows Removed by Filter": 4474023
                }
              ]
            }
          ]
        }
      ]
    },
    "Planning Time": 0.107,
    "Triggers": [],
    "Execution Time": 690.873
  }
]