{
  "Plan": {
    "Node Type": "Aggregate",
    "Strategy": "Plain",
    "Partial Mode": "Finalize",
    "Parallel Aware": false,
    "Startup Cost": 120261.33,
    "Total Cost": 120261.34,
    "Plan Rows": 1,
    "Plan Width": 8,
    "Actual Startup Time": 319.435,
    "Actual Total Time": 344.566,
    "Actual Rows": 1,
    "Actual Loops": 1,
    "Plans": [
      {
        "Node Type": "Gather",
        "Parent Relationship": "Outer",
        "Parallel Aware": false,
        "Startup Cost": 120261.22,
        "Total Cost": 120261.33,
        "Plan Rows": 1,
        "Plan Width": 8,
        "Actual Startup Time": 318.937,
        "Actual Total Time": 344.556,
        "Actual Rows": 2,
        "Actual Loops": 1,
        "Workers Planned": 1,
        "Workers Launched": 1,
        "Single Copy": false,
        "Plans": [
          {
            "Node Type": "Aggregate",
            "Strategy": "Plain",
            "Partial Mode": "Partial",
            "Parent Relationship": "Outer",
            "Parallel Aware": false,
            "Startup Cost": 119261.22,
            "Total Cost": 119261.23,
            "Plan Rows": 1,
            "Plan Width": 8,
            "Actual Startup Time": 312.157,
            "Actual Total Time": 312.163,
            "Actual Rows": 1,
            "Actual Loops": 2,
            "Plans": [
              {
                "Node Type": "Nested Loop",
                "Parent Relationship": "Outer",
                "Parallel Aware": false,
                "Join Type": "Inner",
                "Startup Cost": 24365.95,
                "Total Cost": 119216.42,
                "Plan Rows": 17919,
                "Plan Width": 0,
                "Actual Startup Time": 61.377,
                "Actual Total Time": 311.6,
                "Actual Rows": 7450,
                "Actual Loops": 2,
                "Inner Unique": false,
                "Plans": [
                  {
                    "Node Type": "Hash Join",
                    "Parent Relationship": "Outer",
                    "Parallel Aware": true,
                    "Join Type": "Inner",
                    "Startup Cost": 24365.52,
                    "Total Cost": 81935.8,
                    "Plan Rows": 15191,
                    "Plan Width": 8,
                    "Actual Startup Time": 61.262,
                    "Actual Total Time": 263.948,
                    "Actual Rows": 2737,
                    "Actual Loops": 2,
                    "Inner Unique": false,
                    "Hash Cond": "(t.id = mc.movie_id)",
                    "Plans": [
                      {
                        "Node Type": "Seq Scan",
                        "Parent Relationship": "Outer",
                        "Parallel Aware": true,
                        "Relation Name": "title",
                        "Alias": "t",
                        "Startup Cost": 0.0,
                        "Total Cost": 54588.39,
                        "Plan Rows": 462806,
                        "Plan Width": 4,
                        "Actual Startup Time": 0.011,
                        "Actual Total Time": 151.694,
                        "Actual Rows": 392463,
                        "Actual Loops": 2,
                        "Filter": "(production_year > 2007)",
                        "Rows Removed by Filter": 871693
                      },
                      {
                        "Node Type": "Hash",
                        "Parent Relationship": "Inner",
                        "Parallel Aware": true,
                        "Startup Cost": 23755.29,
                        "Total Cost": 23755.29,
                        "Plan Rows": 48818,
                        "Plan Width": 4,
                        "Actual Startup Time": 59.142,
                        "Actual Total Time": 59.144,
                        "Actual Rows": 19078,
                        "Actual Loops": 2,
                        "Hash Buckets": 131072,
                        "Original Hash Buckets": 131072,
                        "Hash Batches": 1,
                        "Original Hash Batches": 1,
                        "Peak Memory Usage": 2560,
                        "Plans": [
                          {
                            "Node Type": "Bitmap Heap Scan",
                            "Parent Relationship": "Outer",
                            "Parallel Aware": true,
                            "Relation Name": "movie_companies",
                            "Alias": "mc",
                            "Startup Cost": 3523.07,
                            "Total Cost": 23755.29,
                            "Plan Rows": 48818,
                            "Plan Width": 4,
                            "Actual Startup Time": 42.801,
                            "Actual Total Time": 53.633,
                            "Actual Rows": 19078,
                            "Actual Loops": 2,
                            "Recheck Cond": "(company_id < 33)",
                            "Rows Removed by Index Recheck": 0,
                            "Filter": "(company_type_id = 2)",
                            "Rows Removed by Filter": 63970,
                            "Exact Heap Blocks": 11918,
                            "Lossy Heap Blocks": 0,
                            "Plans": [
                              {
                                "Node Type": "Bitmap Index Scan",
                                "Parent Relationship": "Outer",
                                "Parallel Aware": false,
                                "Index Name": "company_id_movie_companies",
                                "Startup Cost": 0.0,
                                "Total Cost": 3502.32,
                                "Plan Rows": 163452,
                                "Plan Width": 0,
                                "Actual Startup Time": 17.09,
                                "Actual Total Time": 17.091,
                                "Actual Rows": 166096,
                                "Actual Loops": 1,
                                "Index Cond": "(company_id < 33)"
                              }
                            ]
                          }
                        ]
                      }
                    ]
                  },
                  {
                    "Node Type": "Index Scan",
                    "Parent Relationship": "Inner",
                    "Parallel Aware": false,
                    "Scan Direction": "Forward",
                    "Index Name": "movie_id_movie_info",
                    "Relation Name": "movie_info",
                    "Alias": "mi",
                    "Startup Cost": 0.43,
                    "Total Cost": 2.37,
                    "Plan Rows": 8,
                    "Plan Width": 4,
                    "Actual Startup Time": 0.01,
                    "Actual Total Time": 0.017,
                    "Actual Rows": 3,
                    "Actual Loops": 5474,
                    "Index Cond": "(movie_id = t.id)",
                    "Rows Removed by Index Recheck": 0,
                    "Filter": "(info_type_id = 16)",
                    "Rows Removed by Filter": 9
                  }
                ]
              }
            ]
          }
        ]
      }
    ]
  },
  "Planning Time": 1.061,
  "Triggers": [],
  "Execution Time": 344.677
}