[
  {
    "Plan": {
      "Node Type": "Aggregate",
      "Strategy": "Plain",
      "Partial Mode": "Finalize",
      "Parallel Aware": false,
      "Startup Cost": 121730.7,
      "Total Cost": 121730.71,
      "Plan Rows": 1,
      "Plan Width": 8,
      "Actual Startup Time": 632.496,
      "Actual Total Time": 649.823,
      "Actual Rows": 1,
      "Actual Loops": 1,
      "Plans": [
        {
          "Node Type": "Gather",
          "Parent Relationship": "Outer",
          "Parallel Aware": false,
          "Startup Cost": 121730.39,
          "Total Cost": 121730.7,
          "Plan Rows": 3,
          "Plan Width": 8,
          "Actual Startup Time": 630.152,
          "Actual Total Time": 649.814,
          "Actual Rows": 4,
          "Actual Loops": 1,
          "Workers Planned": 3,
          "Workers Launched": 3,
          "Single Copy": false,
          "Plans": [
            {
              "Node Type": "Aggregate",
              "Strategy": "Plain",
              "Partial Mode": "Partial",
              "Parent Relationship": "Outer",
              "Parallel Aware": false,
              "Startup Cost": 120730.39,
              "Total Cost": 120730.4,
              "Plan Rows": 1,
              "Plan Width": 8,
              "Actual Startup Time": 620.204,
              "Actual Total Time": 620.33,
              "Actual Rows": 1,
              "Actual Loops": 4,
              "Plans": [
                {
                  "Node Type": "Hash Join",
                  "Parent Relationship": "Outer",
                  "Parallel Aware": true,
                  "Join Type": "Inner",
                  "Startup Cost": 75661.99,
                  "Total Cost": 120456.1,
                  "Plan Rows": 109714,
                  "Plan Width": 0,
                  "Actual Startup Time": 369.975,
                  "Actual Total Time": 589.347,
                  "Actual Rows": 753914,
                  "Actual Loops": 4,
                  "Inner Unique": false,
                  "Hash Cond": "(mk.movie_id = t.id)",
                  "Plans": [
                    {
                      "Node Type": "Seq Scan",
                      "Parent Relationship": "Outer",
                      "Parallel Aware": true,
                      "Relation Name": "movie_keyword",
                      "Alias": "mk",
                      "Startup Cost": 0.0,
                      "Total Cost": 39047.32,
                      "Plan Rows": 1459332,
                      "Plan Width": 4,
                      "Actual Startup Time": 0.027,
                      "Actual Total Time": 85.844,
                      "Actual Rows": 1130982,
                      "Actual Loops": 4
                    },
                    {
                      "Node Type": "Hash",
                      "Parent Relationship": "Inner",
                      "Parallel Aware": true,
                      "Startup Cost": 75067.99,
                      "Total Cost": 75067.99,
                      "Plan Rows": 47520,
                      "Plan Width": 8,
                      "Actual Startup Time": 345.327,
                      "Actual Total Time": 345.451,
                      "Actual Rows": 94679,
                      "Actual Loops": 4,
                      "Hash Buckets": 524288,
                      "Original Hash Buckets": 262144,
                      "Hash Batches": 1,
                      "Original Hash Batches": 1,
                      "Peak Memory Usage": 21024,
                      "Plans": [
                        {
                          "Node Type": "Hash Join",
                          "Parent Relationship": "Outer",
                          "Parallel Aware": true,
                          "Join Type": "Inner",
                          "Startup Cost": 29435.61,
                          "Total Cost": 75067.99,
                          "Plan Rows": 47520,
                          "Plan Width": 8,
                          "Actual Startup Time": 114.108,
                          "Actual Total Time": 309.44,
                          "Actual Rows": 94679,
                          "Actual Loops": 4,
                          "Inner Unique": false,
                          "Hash Cond": "(t.id = mc.movie_id)",
                          "Plans": [
                            {
                              "Node Type": "Seq Scan",
                              "Parent Relationship": "Outer",
                              "Parallel Aware": true,
                              "Relation Name": "title",
                              "Alias": "t",
                              "Startup Cost": 0.0,
                              "Total Cost": 42318.73,
                              "Plan Rows": 632073,
                              "Plan Width": 4,
                              "Actual Startup Time": 0.012,
                              "Actual Total Time": 72.825,
                              "Actual Rows": 632078,
                              "Actual Loops": 4
                            },
                            {
                              "Node Type": "Hash",
                              "Parent Relationship": "Inner",
                              "Parallel Aware": true,
                              "Startup Cost": 28669.16,
                              "Total Cost": 28669.16,
                              "Plan Rows": 61316,
                              "Plan Width": 4,
                              "Actual Startup Time": 103.671,
                              "Actual Total Time": 103.672,
                              "Actual Rows": 94679,
                              "Actual Loops": 4,
                              "Hash Buckets": 524288,
                              "Original Hash Buckets": 262144,
                              "Hash Batches": 1,
                              "Original Hash Batches": 1,
                              "Peak Memory Usage": 20992,
                              "Plans": [
                                {
                                  "Node Type": "Bitmap Heap Scan",
                                  "Parent Relationship": "Outer",
                                  "Parallel Aware": true,
                                  "Relation Name": "movie_companies",
                                  "Alias": "mc",
                                  "Startup Cost": 8067.7,
                                  "Total Cost": 28669.16,
                                  "Plan Rows": 61316,
                                  "Plan Width": 4,
                                  "Actual Startup Time": 30.529,
                                  "Actual Total Time": 64.616,
                                  "Actual Rows": 94679,
                                  "Actual Loops": 4,
                                  "Recheck Cond": "(company_id > 84476)",
                                  "Rows Removed by Index Recheck": 0,
                                  "Filter": "(company_type_id = 2)",
                                  "Rows Removed by Filter": 0,
                                  "Exact Heap Blocks": 2488,
                                  "Lossy Heap Blocks": 0,
                                  "Plans": [
                                    {
                                      "Node Type": "Bitmap Index Scan",
                                      "Parent Relationship": "Outer",
                                      "Parallel Aware": false,
                                      "Index Name": "company_id_movie_companies",
                                      "Startup Cost": 0.0,
                                      "Total Cost": 8020.18,
                                      "Plan Rows": 374367,
                                      "Plan Width": 0,
                                      "Actual Startup Time": 29.421,
                                      "Actual Total Time": 29.421,
                                      "Actual Rows": 378717,
                                      "Actual Loops": 1,
                                      "Index Cond": "(company_id > 84476)"
                                    }
                                  ]
                                }
                              ]
                            }
                          ]
                        }
                      ]
                    }
                  ]
                }
              ]
            }
          ]
        }
      ]
    },
    "Planning Time": 1.451,
    "Triggers": [],
    "Execution Time": 649.928
  }
]