{
  "Plan": {
    "Node Type": "Aggregate",
    "Strategy": "Plain",
    "Partial Mode": "Finalize",
    "Parallel Aware": false,
    "Startup Cost": 272396.5,
    "Total Cost": 272396.51,
    "Plan Rows": 1,
    "Plan Width": 8,
    "Actual Startup Time": 2264.124,
    "Actual Total Time": 2291.964,
    "Actual Rows": 1,
    "Actual Loops": 1,
    "Plans": [
      {
        "Node Type": "Gather",
        "Parent Relationship": "Outer",
        "Parallel Aware": false,
        "Startup Cost": 272396.39,
        "Total Cost": 272396.5,
        "Plan Rows": 1,
        "Plan Width": 8,
        "Actual Startup Time": 2259.916,
        "Actual Total Time": 2291.958,
        "Actual Rows": 2,
        "Actual Loops": 1,
        "Workers Planned": 1,
        "Workers Launched": 1,
        "Single Copy": false,
        "Plans": [
          {
            "Node Type": "Aggregate",
            "Strategy": "Plain",
            "Partial Mode": "Partial",
            "Parent Relationship": "Outer",
            "Parallel Aware": false,
            "Startup Cost": 271396.39,
            "Total Cost": 271396.4,
            "Plan Rows": 1,
            "Plan Width": 8,
            "Actual Startup Time": 2254.576,
            "Actual Total Time": 2254.582,
            "Actual Rows": 1,
            "Actual Loops": 2,
            "Plans": [
              {
                "Node Type": "Hash Join",
                "Parent Relationship": "Outer",
                "Parallel Aware": true,
                "Join Type": "Inner",
                "Startup Cost": 206981.57,
                "Total Cost": 271238.97,
                "Plan Rows": 62968,
                "Plan Width": 0,
                "Actual Startup Time": 1039.359,
                "Actual Total Time": 1930.2,
                "Actual Rows": 8011821,
                "Actual Loops": 2,
                "Inner Unique": false,
                "Hash Cond": "(mk.movie_id = t.id)",
                "Plans": [
                  {
                    "Node Type": "Seq Scan",
                    "Parent Relationship": "Outer",
                    "Parallel Aware": true,
                    "Relation Name": "movie_keyword",
                    "Alias": "mk",
                    "Startup Cost": 0.0,
                    "Total Cost": 57718.19,
                    "Plan Rows": 1645016,
                    "Plan Width": 4,
                    "Actual Startup Time": 0.237,
                    "Actual Total Time": 191.341,
                    "Actual Rows": 1392635,
                    "Actual Loops": 2,
                    "Filter": "(keyword_id > 2837)",
                    "Rows Removed by Filter": 869330
                  },
                  {
                    "Node Type": "Hash",
                    "Parent Relationship": "Inner",
                    "Parallel Aware": true,
                    "Startup Cost": 206269.97,
                    "Total Cost": 206269.97,
                    "Plan Rows": 56928,
                    "Plan Width": 8,
                    "Actual Startup Time": 1037.505,
                    "Actual Total Time": 1037.509,
                    "Actual Rows": 340074,
                    "Actual Loops": 2,
                    "Hash Buckets": 1048576,
                    "Original Hash Buckets": 131072,
                    "Hash Batches": 1,
                    "Original Hash Batches": 1,
                    "Peak Memory Usage": 41984,
                    "Plans": [
                      {
                        "Node Type": "Hash Join",
                        "Parent Relationship": "Outer",
                        "Parallel Aware": true,
                        "Join Type": "Inner",
                        "Startup Cost": 64955.96,
                        "Total Cost": 206269.97,
                        "Plan Rows": 56928,
                        "Plan Width": 8,
                        "Actual Startup Time": 333.019,
                        "Actual Total Time": 916.206,
                        "Actual Rows": 340074,
                        "Actual Loops": 2,
                        "Inner Unique": true,
                        "Hash Cond": "(ci.movie_id = t.id)",
                        "Plans": [
                          {
                            "Node Type": "Index Scan",
                            "Parent Relationship": "Outer",
                            "Parallel Aware": true,
                            "Scan Direction": "Forward",
                            "Index Name": "role_id_cast_info",
                            "Relation Name": "cast_info",
                            "Alias": "ci",
                            "Startup Cost": 0.56,
                            "Total Cost": 140896.75,
                            "Plan Rows": 159171,
                            "Plan Width": 4,
                            "Actual Startup Time": 48.069,
                            "Actual Total Time": 328.136,
                            "Actual Rows": 985485,
                            "Actual Loops": 2,
                            "Index Cond": "(role_id = 10)",
                            "Rows Removed by Index Recheck": 0,
                            "Filter": "(person_id > 3642804)",
                            "Rows Removed by Filter": 1176024
                          },
                          {
                            "Node Type": "Hash",
                            "Parent Relationship": "Inner",
                            "Parallel Aware": true,
                            "Startup Cost": 58306.47,
                            "Total Cost": 58306.47,
                            "Plan Rows": 531914,
                            "Plan Width": 4,
                            "Actual Startup Time": 278.496,
                            "Actual Total Time": 278.497,
                            "Actual Rows": 411328,
                            "Actual Loops": 2,
                            "Hash Buckets": 1048576,
                            "Original Hash Buckets": 1048576,
                            "Hash Batches": 1,
                            "Original Hash Batches": 1,
                            "Peak Memory Usage": 40416,
                            "Plans": [
                              {
                                "Node Type": "Seq Scan",
                                "Parent Relationship": "Outer",
                                "Parallel Aware": true,
                                "Relation Name": "title",
                                "Alias": "t",
                                "Startup Cost": 0.0,
                                "Total Cost": 58306.47,
                                "Plan Rows": 531914,
                                "Plan Width": 4,
                                "Actual Startup Time": 0.026,
                                "Actual Total Time": 158.702,
                                "Actual Rows": 411328,
                                "Actual Loops": 2,
                                "Filter": "((kind_id < 7) AND (production_year > 1946))",
                                "Rows Removed by Filter": 852828
                              }
                            ]
                          }
                        ]
                      }
                    ]
                  }
                ]
              }
            ]
          }
        ]
      }
    ]
  },
  "Planning Time": 0.601,
  "Triggers": [],
  "Execution Time": 2292.025
}