{
  "Plan": {
    "Node Type": "Aggregate",
    "Strategy": "Plain",
    "Partial Mode": "Finalize",
    "Parallel Aware": false,
    "Startup Cost": 309091.99,
    "Total Cost": 309092.0,
    "Plan Rows": 1,
    "Plan Width": 8,
    "Actual Startup Time": 889.278,
    "Actual Total Time": 911.085,
    "Actual Rows": 1,
    "Actual Loops": 1,
    "Plans": [
      {
        "Node Type": "Gather",
        "Parent Relationship": "Outer",
        "Parallel Aware": false,
        "Startup Cost": 309091.88,
        "Total Cost": 309091.99,
        "Plan Rows": 1,
        "Plan Width": 8,
        "Actual Startup Time": 889.182,
        "Actual Total Time": 911.078,
        "Actual Rows": 2,
        "Actual Loops": 1,
        "Workers Planned": 1,
        "Workers Launched": 1,
        "Single Copy": false,
        "Plans": [
          {
            "Node Type": "Aggregate",
            "Strategy": "Plain",
            "Partial Mode": "Partial",
            "Parent Relationship": "Outer",
            "Parallel Aware": false,
            "Startup Cost": 308091.88,
            "Total Cost": 308091.89,
            "Plan Rows": 1,
            "Plan Width": 8,
            "Actual Startup Time": 885.98,
            "Actual Total Time": 885.984,
            "Actual Rows": 1,
            "Actual Loops": 2,
            "Plans": [
              {
                "Node Type": "Hash Join",
                "Parent Relationship": "Outer",
                "Parallel Aware": true,
                "Join Type": "Inner",
                "Startup Cost": 58447.37,
                "Total Cost": 308020.15,
                "Plan Rows": 28692,
                "Plan Width": 0,
                "Actual Startup Time": 134.963,
                "Actual Total Time": 884.981,
                "Actual Rows": 16542,
                "Actual Loops": 2,
                "Inner Unique": true,
                "Hash Cond": "(ci.movie_id = t.id)",
                "Plans": [
                  {
                    "Node Type": "Index Scan",
                    "Parent Relationship": "Outer",
                    "Parallel Aware": true,
                    "Scan Direction": "Forward",
                    "Index Name": "role_id_cast_info",
                    "Relation Name": "cast_info",
                    "Alias": "ci",
                    "Startup Cost": 0.56,
                    "Total Cost": 239596.07,
                    "Plan Rows": 3800860,
                    "Plan Width": 4,
                    "Actual Startup Time": 0.077,
                    "Actual Total Time": 553.246,
                    "Actual Rows": 1970153,
                    "Actual Loops": 2,
                    "Index Cond": "(role_id > 7)",
                    "Rows Removed by Index Recheck": 0,
                    "Filter": "(person_id < 3220349)",
                    "Rows Removed by Filter": 1747966
                  },
                  {
                    "Node Type": "Hash",
                    "Parent Relationship": "Inner",
                    "Parallel Aware": true,
                    "Startup Cost": 58306.47,
                    "Total Cost": 58306.47,
                    "Plan Rows": 11227,
                    "Plan Width": 4,
                    "Actual Startup Time": 134.285,
                    "Actual Total Time": 134.286,
                    "Actual Rows": 10854,
                    "Actual Loops": 2,
                    "Hash Buckets": 32768,
                    "Original Hash Buckets": 32768,
                    "Hash Batches": 1,
                    "Original Hash Batches": 1,
                    "Peak Memory Usage": 1152,
                    "Plans": [
                      {
                        "Node Type": "Seq Scan",
                        "Parent Relationship": "Outer",
                        "Parallel Aware": true,
                        "Relation Name": "title",
                        "Alias": "t",
                        "Startup Cost": 0.0,
                        "Total Cost": 58306.47,
                        "Plan Rows": 11227,
                        "Plan Width": 4,
                        "Actual Startup Time": 0.023,
                        "Actual Total Time": 130.155,
                        "Actual Rows": 10854,
                        "Actual Loops": 2,
                        "Filter": "((kind_id > 1) AND (production_year = 1993))",
                        "Rows Removed by Filter": 1253302
                      }
                    ]
                  }
                ]
              }
            ]
          }
        ]
      }
    ]
  },
  "Planning Time": 0.262,
  "Triggers": [],
  "Execution Time": 911.142
}