[
  {
    "Plan": {
      "Node Type": "Aggregate",
      "Strategy": "Plain",
      "Partial Mode": "Finalize",
      "Parallel Aware": false,
      "Startup Cost": 44293.2,
      "Total Cost": 44293.21,
      "Plan Rows": 1,
      "Plan Width": 8,
      "Actual Startup Time": 137.288,
      "Actual Total Time": 146.068,
      "Actual Rows": 1,
      "Actual Loops": 1,
      "Plans": [
        {
          "Node Type": "Gather",
          "Parent Relationship": "Outer",
          "Parallel Aware": false,
          "Startup Cost": 44292.88,
          "Total Cost": 44293.19,
          "Plan Rows": 3,
          "Plan Width": 8,
          "Actual Startup Time": 136.996,
          "Actual Total Time": 146.06,
          "Actual Rows": 4,
          "Actual Loops": 1,
          "Workers Planned": 3,
          "Workers Launched": 3,
          "Single Copy": false,
          "Plans": [
            {
              "Node Type": "Aggregate",
              "Strategy": "Plain",
              "Partial Mode": "Partial",
              "Parent Relationship": "Outer",
              "Parallel Aware": false,
              "Startup Cost": 43292.88,
              "Total Cost": 43292.89,
              "Plan Rows": 1,
              "Plan Width": 8,
              "Actual Startup Time": 132.33,
              "Actual Total Time": 132.331,
              "Actual Rows": 1,
              "Actual Loops": 4,
              "Plans": [
                {
                  "Node Type": "Seq Scan",
                  "Parent Relationship": "Outer",
                  "Parallel Aware": true,
                  "Relation Name": "movie_keyword",
                  "Alias": "mk",
                  "Startup Cost": 0.0,
                  "Total Cost": 42695.65,
                  "Plan Rows": 238890,
                  "Plan Width": 0,
                  "Actual Startup Time": 5.02,
                  "Actual Total Time": 120.672,
                  "Actual Rows": 183263,
                  "Actual Loops": 4,
                  "Filter": "(keyword_id > 25671)",
                  "Rows Removed by Filter": 947719
                }
              ]
            }
          ]
        }
      ]
    },
    "Planning Time": 0.115,
    "Triggers": [],
    "Execution Time": 146.112
  }
]