[
  {
    "Plan": {
      "Node Type": "Aggregate",
      "Strategy": "Plain",
      "Partial Mode": "Finalize",
      "Parallel Aware": false,
      "Startup Cost": 430636.14,
      "Total Cost": 430636.15,
      "Plan Rows": 1,
      "Plan Width": 8,
      "Actual Startup Time": 3388.911,
      "Actual Total Time": 3489.032,
      "Actual Rows": 1,
      "Actual Loops": 1,
      "Plans": [
        {
          "Node Type": "Gather",
          "Parent Relationship": "Outer",
          "Parallel Aware": false,
          "Startup Cost": 430635.62,
          "Total Cost": 430636.13,
          "Plan Rows": 5,
          "Plan Width": 8,
          "Actual Startup Time": 3387.913,
          "Actual Total Time": 3489.019,
          "Actual Rows": 6,
          "Actual Loops": 1,
          "Workers Planned": 5,
          "Workers Launched": 5,
          "Single Copy": false,
          "Plans": [
            {
              "Node Type": "Aggregate",
              "Strategy": "Plain",
              "Partial Mode": "Partial",
              "Parent Relationship": "Outer",
              "Parallel Aware": false,
              "Startup Cost": 429635.62,
              "Total Cost": 429635.63,
              "Plan Rows": 1,
              "Plan Width": 8,
              "Actual Startup Time": 3380.14,
              "Actual Total Time": 3380.143,
              "Actual Rows": 1,
              "Actual Loops": 6,
              "Plans": [
                {
                  "Node Type": "Nested Loop",
                  "Parent Relationship": "Outer",
                  "Parallel Aware": false,
                  "Join Type": "Inner",
                  "Startup Cost": 44335.46,
                  "Total Cost": 426062.5,
                  "Plan Rows": 1429247,
                  "Plan Width": 0,
                  "Actual Startup Time": 89.604,
                  "Actual Total Time": 3260.645,
                  "Actual Rows": 2304781,
                  "Actual Loops": 6,
                  "Inner Unique": false,
                  "Join Filter": "(t.id = ci.movie_id)",
                  "Rows Removed by Join Filter": 0,
                  "Plans": [
                    {
                      "Node Type": "Hash Join",
                      "Parent Relationship": "Outer",
                      "Parallel Aware": true,
                      "Join Type": "Inner",
                      "Startup Cost": 44334.9,
                      "Total Cost": 248189.85,
                      "Plan Rows": 99685,
                      "Plan Width": 8,
                      "Actual Startup Time": 89.341,
                      "Actual Total Time": 734.117,
                      "Actual Rows": 232505,
                      "Actual Loops": 6,
                      "Inner Unique": true,
                      "Hash Cond": "(mi.movie_id = t.id)",
                      "Plans": [
                        {
                          "Node Type": "Seq Scan",
                          "Parent Relationship": "Outer",
                          "Parallel Aware": true,
                          "Relation Name": "movie_info",
                          "Alias": "mi",
                          "Startup Cost": 0.0,
                          "Total Cost": 199108.24,
                          "Plan Rows": 1808265,
                          "Plan Width": 4,
                          "Actual Startup Time": 0.033,
                          "Actual Total Time": 370.518,
                          "Actual Rows": 1494449,
                          "Actual Loops": 6,
                          "Filter": "(info_type_id < 15)",
                          "Rows Removed by Filter": 978171
                        },
                        {
                          "Node Type": "Hash",
                          "Parent Relationship": "Inner",
                          "Parallel Aware": true,
                          "Startup Cost": 43899.32,
                          "Total Cost": 43899.32,
                          "Plan Rows": 34846,
                          "Plan Width": 4,
                          "Actual Startup Time": 82.494,
                          "Actual Total Time": 82.495,
                          "Actual Rows": 24947,
                          "Actual Loops": 6,
                          "Hash Buckets": 262144,
                          "Original Hash Buckets": 262144,
                          "Hash Batches": 1,
                          "Original Hash Batches": 1,
                          "Peak Memory Usage": 8000,
                          "Plans": [
                            {
                              "Node Type": "Seq Scan",
                              "Parent Relationship": "Outer",
                              "Parallel Aware": true,
                              "Relation Name": "title",
                              "Alias": "t",
                              "Startup Cost": 0.0,
                              "Total Cost": 43899.32,
                              "Plan Rows": 34846,
                              "Plan Width": 4,
                              "Actual Startup Time": 17.17,
                              "Actual Total Time": 74.328,
                              "Actual Rows": 24947,
                              "Actual Loops": 6,
                              "Filter": "(production_year < 1944)",
                              "Rows Removed by Filter": 396439
                            }
                          ]
                        }
                      ]
                    },
                    {
                      "Node Type": "Index Only Scan",
                      "Parent Relationship": "Inner",
                      "Parallel Aware": false,
                      "Scan Direction": "Forward",
                      "Index Name": "movie_id_cast_info",
                      "Relation Name": "cast_info",
                      "Alias": "ci",
                      "Startup Cost": 0.56,
                      "Total Cost": 1.35,
                      "Plan Rows": 35,
                      "Plan Width": 4,
                      "Actual Startup Time": 0.003,
                      "Actual Total Time": 0.01,
                      "Actual Rows": 10,
                      "Actual Loops": 1395030,
                      "Index Cond": "(movie_id = mi.movie_id)",
                      "Rows Removed by Index Recheck": 0,
                      "Heap Fetches": 13828685
                    }
                  ]
                }
              ]
            }
          ]
        }
      ]
    },
    "Planning Time": 0.516,
    "Triggers": [],
    "Execution Time": 3489.098
  }
]