[
  {
    "Plan": {
      "Node Type": "Aggregate",
      "Strategy": "Plain",
      "Partial Mode": "Finalize",
      "Parallel Aware": false,
      "Startup Cost": 385506.0,
      "Total Cost": 385506.01,
      "Plan Rows": 1,
      "Plan Width": 8,
      "Actual Startup Time": 1116.018,
      "Actual Total Time": 1145.894,
      "Actual Rows": 1,
      "Actual Loops": 1,
      "Plans": [
        {
          "Node Type": "Gather",
          "Parent Relationship": "Outer",
          "Parallel Aware": false,
          "Startup Cost": 385505.37,
          "Total Cost": 385505.98,
          "Plan Rows": 6,
          "Plan Width": 8,
          "Actual Startup Time": 1112.556,
          "Actual Total Time": 1145.884,
          "Actual Rows": 7,
          "Actual Loops": 1,
          "Workers Planned": 6,
          "Workers Launched": 6,
          "Single Copy": false,
          "Plans": [
            {
              "Node Type": "Aggregate",
              "Strategy": "Plain",
              "Partial Mode": "Partial",
              "Parent Relationship": "Outer",
              "Parallel Aware": false,
              "Startup Cost": 384505.37,
              "Total Cost": 384505.38,
              "Plan Rows": 1,
              "Plan Width": 8,
              "Actual Startup Time": 1103.109,
              "Actual Total Time": 1103.111,
              "Actual Rows": 1,
              "Actual Loops": 7,
              "Plans": [
                {
                  "Node Type": "Hash Join",
                  "Parent Relationship": "Outer",
                  "Parallel Aware": true,
                  "Join Type": "Inner",
                  "Startup Cost": 46369.86,
                  "Total Cost": 383543.45,
                  "Plan Rows": 384770,
                  "Plan Width": 0,
                  "Actual Startup Time": 245.37,
                  "Actual Total Time": 1083.217,
                  "Actual Rows": 388360,
                  "Actual Loops": 7,
                  "Inner Unique": true,
                  "Hash Cond": "(ci.movie_id = t.id)",
                  "Plans": [
                    {
                      "Node Type": "Seq Scan",
                      "Parent Relationship": "Outer",
                      "Parallel Aware": true,
                      "Relation Name": "cast_info",
                      "Alias": "ci",
                      "Startup Cost": 0.0,
                      "Total Cost": 328213.62,
                      "Plan Rows": 3413319,
                      "Plan Width": 4,
                      "Actual Startup Time": 144.585,
                      "Actual Total Time": 534.631,
                      "Actual Rows": 2937826,
                      "Actual Loops": 7,
                      "Filter": "(person_id > 1548834)",
                      "Rows Removed by Filter": 2239938
                    },
                    {
                      "Node Type": "Hash",
                      "Parent Relationship": "Inner",
                      "Parallel Aware": true,
                      "Startup Cost": 45479.21,
                      "Total Cost": 45479.21,
                      "Plan Rows": 71252,
                      "Plan Width": 4,
                      "Actual Startup Time": 98.224,
                      "Actual Total Time": 98.225,
                      "Actual Rows": 54614,
                      "Actual Loops": 7,
                      "Hash Buckets": 524288,
                      "Original Hash Buckets": 524288,
                      "Hash Batches": 1,
                      "Original Hash Batches": 1,
                      "Peak Memory Usage": 19168,
                      "Plans": [
                        {
                          "Node Type": "Seq Scan",
                          "Parent Relationship": "Outer",
                          "Parallel Aware": true,
                          "Relation Name": "title",
                          "Alias": "t",
                          "Startup Cost": 0.0,
                          "Total Cost": 45479.21,
                          "Plan Rows": 71252,
                          "Plan Width": 4,
                          "Actual Startup Time": 49.116,
                          "Actual Total Time": 77.017,
                          "Actual Rows": 54614,
                          "Actual Loops": 7,
                          "Filter": "((production_year < 2001) AND (kind_id = 1))",
                          "Rows Removed by Filter": 306574
                        }
                      ]
                    }
                  ]
                }
              ]
            }
          ]
        }
      ]
    },
    "Planning Time": 0.579,
    "Triggers": [],
    "Execution Time": 1145.966
  }
]