[
    {
        "Bao": {
            "Bao prediction": 464.657,
            "Bao recommended hint": "SET enable_mergejoin TO off; SET enable_indexscan TO off; "
        }
    },
    {
        "Plan": {
            "Node Type": "Aggregate",
            "Strategy": "Plain",
            "Partial Mode": "Finalize",
            "Parallel Aware": false,
            "Startup Cost": 347052.88,
            "Total Cost": 347052.89,
            "Plan Rows": 1,
            "Plan Width": 8,
            "Actual Startup Time": 853.62,
            "Actual Total Time": 885.895,
            "Actual Rows": 1,
            "Actual Loops": 1,
            "Output": [
                "count(*)"
            ],
            "Plans": [
                {
                    "Node Type": "Gather",
                    "Parent Relationship": "Outer",
                    "Parallel Aware": false,
                    "Startup Cost": 347052.26,
                    "Total Cost": 347052.86,
                    "Plan Rows": 6,
                    "Plan Width": 8,
                    "Actual Startup Time": 853.479,
                    "Actual Total Time": 885.885,
                    "Actual Rows": 7,
                    "Actual Loops": 1,
                    "Output": [
                        "(PARTIAL count(*))"
                    ],
                    "Workers Planned": 6,
                    "Workers Launched": 6,
                    "Single Copy": false,
                    "Plans": [
                        {
                            "Node Type": "Aggregate",
                            "Strategy": "Plain",
                            "Partial Mode": "Partial",
                            "Parent Relationship": "Outer",
                            "Parallel Aware": false,
                            "Startup Cost": 346052.26,
                            "Total Cost": 346052.27,
                            "Plan Rows": 1,
                            "Plan Width": 8,
                            "Actual Startup Time": 844.044,
                            "Actual Total Time": 844.045,
                            "Actual Rows": 1,
                            "Actual Loops": 7,
                            "Output": [
                                "PARTIAL count(*)"
                            ],
                            "Workers": [
                                {
                                    "Worker Number": 0,
                                    "Actual Startup Time": 842.004,
                                    "Actual Total Time": 842.005,
                                    "Actual Rows": 1,
                                    "Actual Loops": 1
                                },
                                {
                                    "Worker Number": 1,
                                    "Actual Startup Time": 842.511,
                                    "Actual Total Time": 842.513,
                                    "Actual Rows": 1,
                                    "Actual Loops": 1
                                },
                                {
                                    "Worker Number": 2,
                                    "Actual Startup Time": 842.615,
                                    "Actual Total Time": 842.616,
                                    "Actual Rows": 1,
                                    "Actual Loops": 1
                                },
                                {
                                    "Worker Number": 3,
                                    "Actual Startup Time": 842.685,
                                    "Actual Total Time": 842.686,
                                    "Actual Rows": 1,
                                    "Actual Loops": 1
                                },
                                {
                                    "Worker Number": 4,
                                    "Actual Startup Time": 842.53,
                                    "Actual Total Time": 842.531,
                                    "Actual Rows": 1,
                                    "Actual Loops": 1
                                },
                                {
                                    "Worker Number": 5,
                                    "Actual Startup Time": 843.273,
                                    "Actual Total Time": 843.274,
                                    "Actual Rows": 1,
                                    "Actual Loops": 1
                                }
                            ],
                            "Plans": [
                                {
                                    "Node Type": "Seq Scan",
                                    "Parent Relationship": "Outer",
                                    "Parallel Aware": true,
                                    "Relation Name": "cast_info",
                                    "Schema": "public",
                                    "Alias": "ci",
                                    "Startup Cost": 0.0,
                                    "Total Cost": 343318.94,
                                    "Plan Rows": 1093326,
                                    "Plan Width": 0,
                                    "Actual Startup Time": 619.945,
                                    "Actual Total Time": 812.394,
                                    "Actual Rows": 470376,
                                    "Actual Loops": 7,
                                    "Output": [
                                        "id",
                                        "person_id",
                                        "movie_id",
                                        "person_role_id",
                                        "note",
                                        "nr_order",
                                        "role_id"
                                    ],
                                    "Filter": "((ci.person_id < 2879056) AND (ci.role_id > 5))",
                                    "Rows Removed by Filter": 4707387,
                                    "Workers": [
                                        {
                                            "Worker Number": 0,
                                            "Actual Startup Time": 617.918,
                                            "Actual Total Time": 811.215,
                                            "Actual Rows": 455196,
                                            "Actual Loops": 1
                                        },
                                        {
                                            "Worker Number": 1,
                                            "Actual Startup Time": 618.41,
                                            "Actual Total Time": 811.919,
                                            "Actual Rows": 451830,
                                            "Actual Loops": 1
                                        },
                                        {
                                            "Worker Number": 2,
                                            "Actual Startup Time": 618.503,
                                            "Actual Total Time": 812.252,
                                            "Actual Rows": 448287,
                                            "Actual Loops": 1
                                        },
                                        {
                                            "Worker Number": 3,
                                            "Actual Startup Time": 618.582,
                                            "Actual Total Time": 812.297,
                                            "Actual Rows": 448871,
                                            "Actual Loops": 1
                                        },
                                        {
                                            "Worker Number": 4,
                                            "Actual Startup Time": 618.435,
                                            "Actual Total Time": 812.129,
                                            "Actual Rows": 449376,
                                            "Actual Loops": 1
                                        },
                                        {
                                            "Worker Number": 5,
                                            "Actual Startup Time": 619.176,
                                            "Actual Total Time": 812.847,
                                            "Actual Rows": 449334,
                                            "Actual Loops": 1
                                        }
                                    ]
                                }
                            ]
                        }
                    ]
                }
            ]
        },
        "Planning Time": 2001.898,
        "Triggers": [],
        "Execution Time": 885.985
    }
]