[
  {
    "Plan": {
      "Node Type": "Aggregate",
      "Strategy": "Plain",
      "Partial Mode": "Finalize",
      "Parallel Aware": false,
      "Startup Cost": 90745.36,
      "Total Cost": 90745.37,
      "Plan Rows": 1,
      "Plan Width": 8,
      "Actual Startup Time": 280.571,
      "Actual Total Time": 300.385,
      "Actual Rows": 1,
      "Actual Loops": 1,
      "Plans": [
        {
          "Node Type": "Gather",
          "Parent Relationship": "Outer",
          "Parallel Aware": false,
          "Startup Cost": 90745.04,
          "Total Cost": 90745.35,
          "Plan Rows": 3,
          "Plan Width": 8,
          "Actual Startup Time": 280.076,
          "Actual Total Time": 300.357,
          "Actual Rows": 4,
          "Actual Loops": 1,
          "Workers Planned": 3,
          "Workers Launched": 3,
          "Single Copy": false,
          "Plans": [
            {
              "Node Type": "Aggregate",
              "Strategy": "Plain",
              "Partial Mode": "Partial",
              "Parent Relationship": "Outer",
              "Parallel Aware": false,
              "Startup Cost": 89745.04,
              "Total Cost": 89745.05,
              "Plan Rows": 1,
              "Plan Width": 8,
              "Actual Startup Time": 271.336,
              "Actual Total Time": 271.34,
              "Actual Rows": 1,
              "Actual Loops": 4,
              "Plans": [
                {
                  "Node Type": "Hash Join",
                  "Parent Relationship": "Outer",
                  "Parallel Aware": true,
                  "Join Type": "Inner",
                  "Startup Cost": 45736.9,
                  "Total Cost": 89705.49,
                  "Plan Rows": 15823,
                  "Plan Width": 0,
                  "Actual Startup Time": 119.315,
                  "Actual Total Time": 270.816,
                  "Actual Rows": 7775,
                  "Actual Loops": 4,
                  "Inner Unique": true,
                  "Hash Cond": "(mk.movie_id = t.id)",
                  "Plans": [
                    {
                      "Node Type": "Seq Scan",
                      "Parent Relationship": "Outer",
                      "Parallel Aware": true,
                      "Relation Name": "movie_keyword",
                      "Alias": "mk",
                      "Startup Cost": 0.0,
                      "Total Cost": 42695.65,
                      "Plan Rows": 484927,
                      "Plan Width": 4,
                      "Actual Startup Time": 0.029,
                      "Actual Total Time": 111.592,
                      "Actual Rows": 379395,
                      "Actual Loops": 4,
                      "Filter": "(keyword_id < 2199)",
                      "Rows Removed by Filter": 751588
                    },
                    {
                      "Node Type": "Hash",
                      "Parent Relationship": "Inner",
                      "Parallel Aware": true,
                      "Startup Cost": 45479.1,
                      "Total Cost": 45479.1,
                      "Plan Rows": 20624,
                      "Plan Width": 4,
                      "Actual Startup Time": 117.266,
                      "Actual Total Time": 117.267,
                      "Actual Rows": 23078,
                      "Actual Loops": 4,
                      "Hash Buckets": 131072,
                      "Original Hash Buckets": 131072,
                      "Hash Batches": 1,
                      "Original Hash Batches": 1,
                      "Peak Memory Usage": 4704,
                      "Plans": [
                        {
                          "Node Type": "Seq Scan",
                          "Parent Relationship": "Outer",
                          "Parallel Aware": true,
                          "Relation Name": "title",
                          "Alias": "t",
                          "Startup Cost": 0.0,
                          "Total Cost": 45479.1,
                          "Plan Rows": 20624,
                          "Plan Width": 4,
                          "Actual Startup Time": 0.061,
                          "Actual Total Time": 107.111,
                          "Actual Rows": 23078,
                          "Actual Loops": 4,
                          "Filter": "((kind_id > 1) AND (production_year = 2006))",
                          "Rows Removed by Filter": 609000
                        }
                      ]
                    }
                  ]
                }
              ]
            }
          ]
        }
      ]
    },
    "Planning Time": 0.628,
    "Triggers": [],
    "Execution Time": 300.455
  }
]