[
  {
    "Plan": {
      "Node Type": "Aggregate",
      "Strategy": "Plain",
      "Partial Mode": "Finalize",
      "Parallel Aware": false,
      "Startup Cost": 45652.13,
      "Total Cost": 45652.14,
      "Plan Rows": 1,
      "Plan Width": 8,
      "Actual Startup Time": 173.039,
      "Actual Total Time": 186.245,
      "Actual Rows": 1,
      "Actual Loops": 1,
      "Plans": [
        {
          "Node Type": "Gather",
          "Parent Relationship": "Outer",
          "Parallel Aware": false,
          "Startup Cost": 45651.81,
          "Total Cost": 45652.12,
          "Plan Rows": 3,
          "Plan Width": 8,
          "Actual Startup Time": 172.923,
          "Actual Total Time": 186.236,
          "Actual Rows": 4,
          "Actual Loops": 1,
          "Workers Planned": 3,
          "Workers Launched": 3,
          "Single Copy": false,
          "Plans": [
            {
              "Node Type": "Aggregate",
              "Strategy": "Plain",
              "Partial Mode": "Partial",
              "Parent Relationship": "Outer",
              "Parallel Aware": false,
              "Startup Cost": 44651.81,
              "Total Cost": 44651.82,
              "Plan Rows": 1,
              "Plan Width": 8,
              "Actual Startup Time": 163.567,
              "Actual Total Time": 163.568,
              "Actual Rows": 1,
              "Actual Loops": 4,
              "Plans": [
                {
                  "Node Type": "Seq Scan",
                  "Parent Relationship": "Outer",
                  "Parallel Aware": true,
                  "Relation Name": "movie_keyword",
                  "Alias": "mk",
                  "Startup Cost": 0.0,
                  "Total Cost": 42695.65,
                  "Plan Rows": 782462,
                  "Plan Width": 0,
                  "Actual Startup Time": 0.553,
                  "Actual Total Time": 131.416,
                  "Actual Rows": 603958,
                  "Actual Loops": 4,
                  "Filter": "(keyword_id > 3808)",
                  "Rows Removed by Filter": 527024
                }
              ]
            }
          ]
        }
      ]
    },
    "Planning Time": 0.166,
    "Triggers": [],
    "Execution Time": 186.295
  }
]