[
  {
    "Plan": {
      "Node Type": "Aggregate",
      "Strategy": "Plain",
      "Partial Mode": "Finalize",
      "Parallel Aware": false,
      "Startup Cost": 121057.98,
      "Total Cost": 121057.99,
      "Plan Rows": 1,
      "Plan Width": 8,
      "Actual Startup Time": 720.733,
      "Actual Total Time": 743.779,
      "Actual Rows": 1,
      "Actual Loops": 1,
      "Plans": [
        {
          "Node Type": "Gather",
          "Parent Relationship": "Outer",
          "Parallel Aware": false,
          "Startup Cost": 121057.67,
          "Total Cost": 121057.98,
          "Plan Rows": 3,
          "Plan Width": 8,
          "Actual Startup Time": 715.515,
          "Actual Total Time": 743.761,
          "Actual Rows": 4,
          "Actual Loops": 1,
          "Workers Planned": 3,
          "Workers Launched": 3,
          "Single Copy": false,
          "Plans": [
            {
              "Node Type": "Aggregate",
              "Strategy": "Plain",
              "Partial Mode": "Partial",
              "Parent Relationship": "Outer",
              "Parallel Aware": false,
              "Startup Cost": 120057.67,
              "Total Cost": 120057.68,
              "Plan Rows": 1,
              "Plan Width": 8,
              "Actual Startup Time": 708.323,
              "Actual Total Time": 708.717,
              "Actual Rows": 1,
              "Actual Loops": 4,
              "Plans": [
                {
                  "Node Type": "Hash Join",
                  "Parent Relationship": "Outer",
                  "Parallel Aware": true,
                  "Join Type": "Inner",
                  "Startup Cost": 89363.25,
                  "Total Cost": 119912.86,
                  "Plan Rows": 57924,
                  "Plan Width": 0,
                  "Actual Startup Time": 407.537,
                  "Actual Total Time": 654.241,
                  "Actual Rows": 1211368,
                  "Actual Loops": 4,
                  "Inner Unique": false,
                  "Hash Cond": "(mc.movie_id = t.id)",
                  "Plans": [
                    {
                      "Node Type": "Seq Scan",
                      "Parent Relationship": "Outer",
                      "Parallel Aware": true,
                      "Relation Name": "movie_companies",
                      "Alias": "mc",
                      "Startup Cost": 0.0,
                      "Total Cost": 27206.55,
                      "Plan Rows": 841655,
                      "Plan Width": 4,
                      "Actual Startup Time": 0.024,
                      "Actual Total Time": 61.209,
                      "Actual Rows": 652282,
                      "Actual Loops": 4
                    },
                    {
                      "Node Type": "Hash",
                      "Parent Relationship": "Inner",
                      "Parallel Aware": true,
                      "Startup Cost": 88661.59,
                      "Total Cost": 88661.59,
                      "Plan Rows": 56133,
                      "Plan Width": 8,
                      "Actual Startup Time": 405.27,
                      "Actual Total Time": 405.662,
                      "Actual Rows": 180102,
                      "Actual Loops": 4,
                      "Hash Buckets": 1048576,
                      "Original Hash Buckets": 262144,
                      "Hash Batches": 1,
                      "Original Hash Batches": 1,
                      "Peak Memory Usage": 42560,
                      "Plans": [
                        {
                          "Node Type": "Hash Join",
                          "Parent Relationship": "Outer",
                          "Parallel Aware": true,
                          "Join Type": "Inner",
                          "Startup Cost": 45783.51,
                          "Total Cost": 88661.59,
                          "Plan Rows": 56133,
                          "Plan Width": 8,
                          "Actual Startup Time": 121.656,
                          "Actual Total Time": 338.689,
                          "Actual Rows": 180102,
                          "Actual Loops": 4,
                          "Inner Unique": true,
                          "Hash Cond": "(mk.movie_id = t.id)",
                          "Plans": [
                            {
                              "Node Type": "Seq Scan",
                              "Parent Relationship": "Outer",
                              "Parallel Aware": true,
                              "Relation Name": "movie_keyword",
                              "Alias": "mk",
                              "Startup Cost": 0.0,
                              "Total Cost": 39047.32,
                              "Plan Rows": 1459332,
                              "Plan Width": 4,
                              "Actual Startup Time": 0.024,
                              "Actual Total Time": 95.6,
                              "Actual Rows": 1130982,
                              "Actual Loops": 4
                            },
                            {
                              "Node Type": "Hash",
                              "Parent Relationship": "Inner",
                              "Parallel Aware": true,
                              "Startup Cost": 45479.59,
                              "Total Cost": 45479.59,
                              "Plan Rows": 24314,
                              "Plan Width": 4,
                              "Actual Startup Time": 121.082,
                              "Actual Total Time": 121.083,
                              "Actual Rows": 50858,
                              "Actual Loops": 4,
                              "Hash Buckets": 262144,
                              "Original Hash Buckets": 131072,
                              "Hash Batches": 1,
                              "Original Hash Batches": 1,
                              "Peak Memory Usage": 11104,
                              "Plans": [
                                {
                                  "Node Type": "Seq Scan",
                                  "Parent Relationship": "Outer",
                                  "Parallel Aware": true,
                                  "Relation Name": "title",
                                  "Alias": "t",
                                  "Startup Cost": 0.0,
                                  "Total Cost": 45479.59,
                                  "Plan Rows": 24314,
                                  "Plan Width": 4,
                                  "Actual Startup Time": 0.322,
                                  "Actual Total Time": 98.907,
                                  "Actual Rows": 50858,
                                  "Actual Loops": 4,
                                  "Filter": "((kind_id < 7) AND (production_year < 1962))",
                                  "Rows Removed by Filter": 581220
                                }
                              ]
                            }
                          ]
                        }
                      ]
                    }
                  ]
                }
              ]
            }
          ]
        }
      ]
    },
    "Planning Time": 0.754,
    "Triggers": [],
    "Execution Time": 743.829
  }
]