[
  {
    "Plan": {
      "Node Type": "Aggregate",
      "Strategy": "Plain",
      "Partial Mode": "Finalize",
      "Parallel Aware": false,
      "Startup Cost": 256576.45,
      "Total Cost": 256576.46,
      "Plan Rows": 1,
      "Plan Width": 8,
      "Actual Startup Time": 1228.25,
      "Actual Total Time": 1272.08,
      "Actual Rows": 1,
      "Actual Loops": 1,
      "Plans": [
        {
          "Node Type": "Gather",
          "Parent Relationship": "Outer",
          "Parallel Aware": false,
          "Startup Cost": 256575.93,
          "Total Cost": 256576.44,
          "Plan Rows": 5,
          "Plan Width": 8,
          "Actual Startup Time": 1223.521,
          "Actual Total Time": 1272.071,
          "Actual Rows": 6,
          "Actual Loops": 1,
          "Workers Planned": 5,
          "Workers Launched": 5,
          "Single Copy": false,
          "Plans": [
            {
              "Node Type": "Aggregate",
              "Strategy": "Plain",
              "Partial Mode": "Partial",
              "Parent Relationship": "Outer",
              "Parallel Aware": false,
              "Startup Cost": 255575.93,
              "Total Cost": 255575.94,
              "Plan Rows": 1,
              "Plan Width": 8,
              "Actual Startup Time": 1213.005,
              "Actual Total Time": 1213.008,
              "Actual Rows": 1,
              "Actual Loops": 6,
              "Plans": [
                {
                  "Node Type": "Hash Join",
                  "Parent Relationship": "Outer",
                  "Parallel Aware": true,
                  "Join Type": "Inner",
                  "Startup Cost": 46574.43,
                  "Total Cost": 253125.29,
                  "Plan Rows": 980255,
                  "Plan Width": 0,
                  "Actual Startup Time": 150.981,
                  "Actual Total Time": 1145.74,
                  "Actual Rows": 1594715,
                  "Actual Loops": 6,
                  "Inner Unique": true,
                  "Hash Cond": "(mi.movie_id = t.id)",
                  "Plans": [
                    {
                      "Node Type": "Seq Scan",
                      "Parent Relationship": "Outer",
                      "Parallel Aware": true,
                      "Relation Name": "movie_info",
                      "Alias": "mi",
                      "Startup Cost": 0.0,
                      "Total Cost": 198952.16,
                      "Plan Rows": 2894740,
                      "Plan Width": 4,
                      "Actual Startup Time": 0.032,
                      "Actual Total Time": 368.986,
                      "Actual Rows": 2421489,
                      "Actual Loops": 6,
                      "Filter": "(info_type_id < 106)",
                      "Rows Removed by Filter": 51131
                    },
                    {
                      "Node Type": "Hash",
                      "Parent Relationship": "Inner",
                      "Parallel Aware": true,
                      "Startup Cost": 43898.92,
                      "Total Cost": 43898.92,
                      "Plan Rows": 214041,
                      "Plan Width": 4,
                      "Actual Startup Time": 145.276,
                      "Actual Total Time": 145.277,
                      "Actual Rows": 142369,
                      "Actual Loops": 6,
                      "Hash Buckets": 1048576,
                      "Original Hash Buckets": 1048576,
                      "Hash Batches": 1,
                      "Original Hash Batches": 1,
                      "Peak Memory Usage": 41728,
                      "Plans": [
                        {
                          "Node Type": "Seq Scan",
                          "Parent Relationship": "Outer",
                          "Parallel Aware": true,
                          "Relation Name": "title",
                          "Alias": "t",
                          "Startup Cost": 0.0,
                          "Total Cost": 43898.92,
                          "Plan Rows": 214041,
                          "Plan Width": 4,
                          "Actual Startup Time": 0.044,
                          "Actual Total Time": 85.86,
                          "Actual Rows": 142369,
                          "Actual Loops": 6,
                          "Filter": "(kind_id < 4)",
                          "Rows Removed by Filter": 279016
                        }
                      ]
                    }
                  ]
                }
              ]
            }
          ]
        }
      ]
    },
    "Planning Time": 0.616,
    "Triggers": [],
    "Execution Time": 1272.158
  }
]