{
    "Plan": {
        "Node Type": "Aggregate",
        "Strategy": "Plain",
        "Partial Mode": "Simple",
        "Parallel Aware": false,
        "Startup Cost": 3790.54,
        "Total Cost": 3790.55,
        "Plan Rows": 1,
        "Plan Width": 96,
        "Actual Startup Time": 307.474,
        "Actual Total Time": 307.485,
        "Actual Rows": 1,
        "Actual Loops": 1,
        "Plans": [
            {
                "Node Type": "Nested Loop",
                "Parent Relationship": "Outer",
                "Parallel Aware": false,
                "Join Type": "Inner",
                "Startup Cost": 11.22,
                "Total Cost": 3790.53,
                "Plan Rows": 1,
                "Plan Width": 48,
                "Actual Startup Time": 200.731,
                "Actual Total Time": 307.467,
                "Actual Rows": 15,
                "Actual Loops": 1,
                "Inner Unique": true,
                "Join Filter": "(ci.role_id = rt.id)",
                "Rows Removed by Join Filter": 0,
                "Plans": [
                    {
                        "Node Type": "Nested Loop",
                        "Parent Relationship": "Outer",
                        "Parallel Aware": false,
                        "Join Type": "Inner",
                        "Startup Cost": 11.22,
                        "Total Cost": 3789.37,
                        "Plan Rows": 1,
                        "Plan Width": 52,
                        "Actual Startup Time": 200.722,
                        "Actual Total Time": 307.42,
                        "Actual Rows": 15,
                        "Actual Loops": 1,
                        "Inner Unique": true,
                        "Join Filter": "(pi.info_type_id = it3.id)",
                        "Rows Removed by Join Filter": 2430,
                        "Plans": [
                            {
                                "Node Type": "Nested Loop",
                                "Parent Relationship": "Outer",
                                "Parallel Aware": false,
                                "Join Type": "Inner",
                                "Startup Cost": 11.22,
                                "Total Cost": 3786.94,
                                "Plan Rows": 1,
                                "Plan Width": 56,
                                "Actual Startup Time": 53.037,
                                "Actual Total Time": 287.928,
                                "Actual Rows": 2445,
                                "Actual Loops": 1,
                                "Inner Unique": true,
                                "Join Filter": "(ci.person_id = n.id)",
                                "Rows Removed by Join Filter": 0,
                                "Plans": [
                                    {
                                        "Node Type": "Nested Loop",
                                        "Parent Relationship": "Outer",
                                        "Parallel Aware": false,
                                        "Join Type": "Inner",
                                        "Startup Cost": 10.79,
                                        "Total Cost": 3786.39,
                                        "Plan Rows": 1,
                                        "Plan Width": 53,
                                        "Actual Startup Time": 53.015,
                                        "Actual Total Time": 277.501,
                                        "Actual Rows": 2445,
                                        "Actual Loops": 1,
                                        "Inner Unique": true,
                                        "Join Filter": "(mi.info_type_id = it.id)",
                                        "Rows Removed by Join Filter": 0,
                                        "Plans": [
                                            {
                                                "Node Type": "Nested Loop",
                                                "Parent Relationship": "Outer",
                                                "Parallel Aware": false,
                                                "Join Type": "Inner",
                                                "Startup Cost": 10.79,
                                                "Total Cost": 3783.96,
                                                "Plan Rows": 1,
                                                "Plan Width": 57,
                                                "Actual Startup Time": 53.006,
                                                "Actual Total Time": 266.826,
                                                "Actual Rows": 2445,
                                                "Actual Loops": 1,
                                                "Inner Unique": false,
                                                "Join Filter": "(t.id = mi.movie_id)",
                                                "Rows Removed by Join Filter": 0,
                                                "Plans": [
                                                    {
                                                        "Node Type": "Nested Loop",
                                                        "Parent Relationship": "Outer",
                                                        "Parallel Aware": false,
                                                        "Join Type": "Inner",
                                                        "Startup Cost": 10.35,
                                                        "Total Cost": 3782.49,
                                                        "Plan Rows": 1,
                                                        "Plan Width": 73,
                                                        "Actual Startup Time": 52.965,
                                                        "Actual Total Time": 107.683,
                                                        "Actual Rows": 2445,
                                                        "Actual Loops": 1,
                                                        "Inner Unique": true,
                                                        "Plans": [
                                                            {
                                                                "Node Type": "Nested Loop",
                                                                "Parent Relationship": "Outer",
                                                                "Parallel Aware": false,
                                                                "Join Type": "Inner",
                                                                "Startup Cost": 9.93,
                                                                "Total Cost": 3782.04,
                                                                "Plan Rows": 1,
                                                                "Plan Width": 77,
                                                                "Actual Startup Time": 52.947,
                                                                "Actual Total Time": 90.13,
                                                                "Actual Rows": 10758,
                                                                "Actual Loops": 1,
                                                                "Inner Unique": false,
                                                                "Join Filter": "(t.id = mc.movie_id)",
                                                                "Rows Removed by Join Filter": 0,
                                                                "Plans": [
                                                                    {
                                                                        "Node Type": "Nested Loop",
                                                                        "Parent Relationship": "Outer",
                                                                        "Parallel Aware": false,
                                                                        "Join Type": "Inner",
                                                                        "Startup Cost": 9.5,
                                                                        "Total Cost": 3781.44,
                                                                        "Plan Rows": 1,
                                                                        "Plan Width": 69,
                                                                        "Actual Startup Time": 52.923,
                                                                        "Actual Total Time": 85.907,
                                                                        "Actual Rows": 489,
                                                                        "Actual Loops": 1,
                                                                        "Inner Unique": true,
                                                                        "Plans": [
                                                                            {
                                                                                "Node Type": "Nested Loop",
                                                                                "Parent Relationship": "Outer",
                                                                                "Parallel Aware": false,
                                                                                "Join Type": "Inner",
                                                                                "Startup Cost": 9.07,
                                                                                "Total Cost": 3780.56,
                                                                                "Plan Rows": 1,
                                                                                "Plan Width": 57,
                                                                                "Actual Startup Time": 2.53,
                                                                                "Actual Total Time": 68.732,
                                                                                "Actual Rows": 6872,
                                                                                "Actual Loops": 1,
                                                                                "Inner Unique": true,
                                                                                "Join Filter": "(cc.status_id = cct2.id)",
                                                                                "Rows Removed by Join Filter": 0,
                                                                                "Plans": [
                                                                                    {
                                                                                        "Node Type": "Nested Loop",
                                                                                        "Parent Relationship": "Outer",
                                                                                        "Parallel Aware": false,
                                                                                        "Join Type": "Inner",
                                                                                        "Startup Cost": 9.07,
                                                                                        "Total Cost": 3779.5,
                                                                                        "Plan Rows": 1,
                                                                                        "Plan Width": 61,
                                                                                        "Actual Startup Time": 2.526,
                                                                                        "Actual Total Time": 52.042,
                                                                                        "Actual Rows": 6872,
                                                                                        "Actual Loops": 1,
                                                                                        "Inner Unique": true,
                                                                                        "Join Filter": "(cc.subject_id = cct1.id)",
                                                                                        "Rows Removed by Join Filter": 0,
                                                                                        "Plans": [
                                                                                            {
                                                                                                "Node Type": "Nested Loop",
                                                                                                "Parent Relationship": "Outer",
                                                                                                "Parallel Aware": false,
                                                                                                "Join Type": "Inner",
                                                                                                "Startup Cost": 9.07,
                                                                                                "Total Cost": 3778.44,
                                                                                                "Plan Rows": 1,
                                                                                                "Plan Width": 65,
                                                                                                "Actual Startup Time": 2.517,
                                                                                                "Actual Total Time": 32.573,
                                                                                                "Actual Rows": 6872,
                                                                                                "Actual Loops": 1,
                                                                                                "Inner Unique": false,
                                                                                                "Join Filter": "(t.id = cc.movie_id)",
                                                                                                "Rows Removed by Join Filter": 0,
                                                                                                "Plans": [
                                                                                                    {
                                                                                                        "Node Type": "Nested Loop",
                                                                                                        "Parent Relationship": "Outer",
                                                                                                        "Parallel Aware": false,
                                                                                                        "Join Type": "Inner",
                                                                                                        "Startup Cost": 8.65,
                                                                                                        "Total Cost": 3777.95,
                                                                                                        "Plan Rows": 1,
                                                                                                        "Plan Width": 53,
                                                                                                        "Actual Startup Time": 2.501,
                                                                                                        "Actual Total Time": 20.437,
                                                                                                        "Actual Rows": 6872,
                                                                                                        "Actual Loops": 1,
                                                                                                        "Inner Unique": false,
                                                                                                        "Join Filter": "(ci.person_id = an.person_id)",
                                                                                                        "Rows Removed by Join Filter": 0,
                                                                                                        "Plans": [
                                                                                                            {
                                                                                                                "Node Type": "Nested Loop",
                                                                                                                "Parent Relationship": "Outer",
                                                                                                                "Parallel Aware": false,
                                                                                                                "Join Type": "Inner",
                                                                                                                "Startup Cost": 8.23,
                                                                                                                "Total Cost": 3777.45,
                                                                                                                "Plan Rows": 1,
                                                                                                                "Plan Width": 49,
                                                                                                                "Actual Startup Time": 2.423,
                                                                                                                "Actual Total Time": 13.762,
                                                                                                                "Actual Rows": 1667,
                                                                                                                "Actual Loops": 1,
                                                                                                                "Inner Unique": false,
                                                                                                                "Plans": [
                                                                                                                    {
                                                                                                                        "Node Type": "Nested Loop",
                                                                                                                        "Parent Relationship": "Outer",
                                                                                                                        "Parallel Aware": false,
                                                                                                                        "Join Type": "Inner",
                                                                                                                        "Startup Cost": 7.8,
                                                                                                                        "Total Cost": 3776.09,
                                                                                                                        "Plan Rows": 1,
                                                                                                                        "Plan Width": 41,
                                                                                                                        "Actual Startup Time": 2.394,
                                                                                                                        "Actual Total Time": 12.673,
                                                                                                                        "Actual Rows": 38,
                                                                                                                        "Actual Loops": 1,
                                                                                                                        "Inner Unique": false,
                                                                                                                        "Join Filter": "(t.id = ci.movie_id)",
                                                                                                                        "Rows Removed by Join Filter": 0,
                                                                                                                        "Plans": [
                                                                                                                            {
                                                                                                                                "Node Type": "Nested Loop",
                                                                                                                                "Parent Relationship": "Outer",
                                                                                                                                "Parallel Aware": false,
                                                                                                                                "Join Type": "Inner",
                                                                                                                                "Startup Cost": 7.23,
                                                                                                                                "Total Cost": 3774.42,
                                                                                                                                "Plan Rows": 1,
                                                                                                                                "Plan Width": 25,
                                                                                                                                "Actual Startup Time": 2.362,
                                                                                                                                "Actual Total Time": 12.235,
                                                                                                                                "Actual Rows": 1,
                                                                                                                                "Actual Loops": 1,
                                                                                                                                "Inner Unique": true,
                                                                                                                                "Plans": [
                                                                                                                                    {
                                                                                                                                        "Node Type": "Nested Loop",
                                                                                                                                        "Parent Relationship": "Outer",
                                                                                                                                        "Parallel Aware": false,
                                                                                                                                        "Join Type": "Inner",
                                                                                                                                        "Startup Cost": 6.8,
                                                                                                                                        "Total Cost": 3757.63,
                                                                                                                                        "Plan Rows": 34,
                                                                                                                                        "Plan Width": 4,
                                                                                                                                        "Actual Startup Time": 0.16,
                                                                                                                                        "Actual Total Time": 10.033,
                                                                                                                                        "Actual Rows": 414,
                                                                                                                                        "Actual Loops": 1,
                                                                                                                                        "Inner Unique": false,
                                                                                                                                        "Plans": [
                                                                                                                                            {
                                                                                                                                                "Node Type": "Seq Scan",
                                                                                                                                                "Parent Relationship": "Outer",
                                                                                                                                                "Parallel Aware": false,
                                                                                                                                                "Relation Name": "keyword",
                                                                                                                                                "Alias": "k",
                                                                                                                                                "Startup Cost": 0.0,
                                                                                                                                                "Total Cost": 2626.12,
                                                                                                                                                "Plan Rows": 1,
                                                                                                                                                "Plan Width": 4,
                                                                                                                                                "Actual Startup Time": 0.045,
                                                                                                                                                "Actual Total Time": 9.208,
                                                                                                                                                "Actual Rows": 1,
                                                                                                                                                "Actual Loops": 1,
                                                                                                                                                "Filter": "(keyword = 'computer-animation'::text)",
                                                                                                                                                "Rows Removed by Filter": 134169
                                                                                                                                            },
                                                                                                                                            {
                                                                                                                                                "Node Type": "Bitmap Heap Scan",
                                                                                                                                                "Parent Relationship": "Inner",
                                                                                                                                                "Parallel Aware": false,
                                                                                                                                                "Relation Name": "movie_keyword",
                                                                                                                                                "Alias": "mk",
                                                                                                                                                "Startup Cost": 6.8,
                                                                                                                                                "Total Cost": 1128.44,
                                                                                                                                                "Plan Rows": 306,
                                                                                                                                                "Plan Width": 8,
                                                                                                                                                "Actual Startup Time": 0.112,
                                                                                                                                                "Actual Total Time": 0.786,
                                                                                                                                                "Actual Rows": 414,
                                                                                                                                                "Actual Loops": 1,
                                                                                                                                                "Recheck Cond": "(keyword_id = k.id)",
                                                                                                                                                "Rows Removed by Index Recheck": 0,
                                                                                                                                                "Exact Heap Blocks": 358,
                                                                                                                                                "Lossy Heap Blocks": 0,
                                                                                                                                                "Plans": [
                                                                                                                                                    {
                                                                                                                                                        "Node Type": "Bitmap Index Scan",
                                                                                                                                                        "Parent Relationship": "Outer",
                                                                                                                                                        "Parallel Aware": false,
                                                                                                                                                        "Index Name": "keyword_id_movie_keyword",
                                                                                                                                                        "Startup Cost": 0.0,
                                                                                                                                                        "Total Cost": 6.73,
                                                                                                                                                        "Plan Rows": 306,
                                                                                                                                                        "Plan Width": 0,
                                                                                                                                                        "Actual Startup Time": 0.076,
                                                                                                                                                        "Actual Total Time": 0.077,
                                                                                                                                                        "Actual Rows": 414,
                                                                                                                                                        "Actual Loops": 1,
                                                                                                                                                        "Index Cond": "(keyword_id = k.id)"
                                                                                                                                                    }
                                                                                                                                                ]
                                                                                                                                            }
                                                                                                                                        ]
                                                                                                                                    },
                                                                                                                                    {
                                                                                                                                        "Node Type": "Index Scan",
                                                                                                                                        "Parent Relationship": "Inner",
                                                                                                                                        "Parallel Aware": false,
                                                                                                                                        "Scan Direction": "Forward",
                                                                                                                                        "Index Name": "title_pkey",
                                                                                                                                        "Relation Name": "title",
                                                                                                                                        "Alias": "t",
                                                                                                                                        "Startup Cost": 0.43,
                                                                                                                                        "Total Cost": 0.49,
                                                                                                                                        "Plan Rows": 1,
                                                                                                                                        "Plan Width": 21,
                                                                                                                                        "Actual Startup Time": 0.005,
                                                                                                                                        "Actual Total Time": 0.005,
                                                                                                                                        "Actual Rows": 0,
                                                                                                                                        "Actual Loops": 414,
                                                                                                                                        "Index Cond": "(id = mk.movie_id)",
                                                                                                                                        "Rows Removed by Index Recheck": 0,
                                                                                                                                        "Filter": "((production_year >= 2000) AND (production_year <= 2005) AND (title = 'Shrek 2'::text))",
                                                                                                                                        "Rows Removed by Filter": 1
                                                                                                                                    }
                                                                                                                                ]
                                                                                                                            },
                                                                                                                            {
                                                                                                                                "Node Type": "Index Scan",
                                                                                                                                "Parent Relationship": "Inner",
                                                                                                                                "Parallel Aware": false,
                                                                                                                                "Scan Direction": "Forward",
                                                                                                                                "Index Name": "movie_id_cast_info",
                                                                                                                                "Relation Name": "cast_info",
                                                                                                                                "Alias": "ci",
                                                                                                                                "Startup Cost": 0.56,
                                                                                                                                "Total Cost": 1.66,
                                                                                                                                "Plan Rows": 1,
                                                                                                                                "Plan Width": 16,
                                                                                                                                "Actual Startup Time": 0.029,
                                                                                                                                "Actual Total Time": 0.428,
                                                                                                                                "Actual Rows": 38,
                                                                                                                                "Actual Loops": 1,
                                                                                                                                "Index Cond": "(movie_id = mk.movie_id)",
                                                                                                                                "Rows Removed by Index Recheck": 0,
                                                                                                                                "Filter": "(note = ANY ('{(voice),\"(voice) (uncredited)\",\"(voice: English version)\"}'::text[]))",
                                                                                                                                "Rows Removed by Filter": 191
                                                                                                                            }
                                                                                                                        ]
                                                                                                                    },
                                                                                                                    {
                                                                                                                        "Node Type": "Index Scan",
                                                                                                                        "Parent Relationship": "Inner",
                                                                                                                        "Parallel Aware": false,
                                                                                                                        "Scan Direction": "Forward",
                                                                                                                        "Index Name": "person_id_person_info",
                                                                                                                        "Relation Name": "person_info",
                                                                                                                        "Alias": "pi",
                                                                                                                        "Startup Cost": 0.43,
                                                                                                                        "Total Cost": 1.12,
                                                                                                                        "Plan Rows": 24,
                                                                                                                        "Plan Width": 8,
                                                                                                                        "Actual Startup Time": 0.007,
                                                                                                                        "Actual Total Time": 0.022,
                                                                                                                        "Actual Rows": 44,
                                                                                                                        "Actual Loops": 38,
                                                                                                                        "Index Cond": "(person_id = ci.person_id)",
                                                                                                                        "Rows Removed by Index Recheck": 0
                                                                                                                    }
                                                                                                                ]
                                                                                                            },
                                                                                                            {
                                                                                                                "Node Type": "Index Only Scan",
                                                                                                                "Parent Relationship": "Inner",
                                                                                                                "Parallel Aware": false,
                                                                                                                "Scan Direction": "Forward",
                                                                                                                "Index Name": "person_id_aka_name",
                                                                                                                "Relation Name": "aka_name",
                                                                                                                "Alias": "an",
                                                                                                                "Startup Cost": 0.42,
                                                                                                                "Total Cost": 0.48,
                                                                                                                "Plan Rows": 2,
                                                                                                                "Plan Width": 4,
                                                                                                                "Actual Startup Time": 0.002,
                                                                                                                "Actual Total Time": 0.003,
                                                                                                                "Actual Rows": 4,
                                                                                                                "Actual Loops": 1667,
                                                                                                                "Index Cond": "(person_id = pi.person_id)",
                                                                                                                "Rows Removed by Index Recheck": 0,
                                                                                                                "Heap Fetches": 6872
                                                                                                            }
                                                                                                        ]
                                                                                                    },
                                                                                                    {
                                                                                                        "Node Type": "Index Scan",
                                                                                                        "Parent Relationship": "Inner",
                                                                                                        "Parallel Aware": false,
                                                                                                        "Scan Direction": "Forward",
                                                                                                        "Index Name": "movie_id_complete_cast",
                                                                                                        "Relation Name": "complete_cast",
                                                                                                        "Alias": "cc",
                                                                                                        "Startup Cost": 0.42,
                                                                                                        "Total Cost": 0.46,
                                                                                                        "Plan Rows": 2,
                                                                                                        "Plan Width": 12,
                                                                                                        "Actual Startup Time": 0.001,
                                                                                                        "Actual Total Time": 0.001,
                                                                                                        "Actual Rows": 1,
                                                                                                        "Actual Loops": 6872,
                                                                                                        "Index Cond": "(movie_id = mk.movie_id)",
                                                                                                        "Rows Removed by Index Recheck": 0
                                                                                                    }
                                                                                                ]
                                                                                            },
                                                                                            {
                                                                                                "Node Type": "Seq Scan",
                                                                                                "Parent Relationship": "Inner",
                                                                                                "Parallel Aware": false,
                                                                                                "Relation Name": "comp_cast_type",
                                                                                                "Alias": "cct1",
                                                                                                "Startup Cost": 0.0,
                                                                                                "Total Cost": 1.05,
                                                                                                "Plan Rows": 1,
                                                                                                "Plan Width": 4,
                                                                                                "Actual Startup Time": 0.001,
                                                                                                "Actual Total Time": 0.001,
                                                                                                "Actual Rows": 1,
                                                                                                "Actual Loops": 6872,
                                                                                                "Filter": "((kind)::text = 'cast'::text)",
                                                                                                "Rows Removed by Filter": 0
                                                                                            }
                                                                                        ]
                                                                                    },
                                                                                    {
                                                                                        "Node Type": "Seq Scan",
                                                                                        "Parent Relationship": "Inner",
                                                                                        "Parallel Aware": false,
                                                                                        "Relation Name": "comp_cast_type",
                                                                                        "Alias": "cct2",
                                                                                        "Startup Cost": 0.0,
                                                                                        "Total Cost": 1.05,
                                                                                        "Plan Rows": 1,
                                                                                        "Plan Width": 4,
                                                                                        "Actual Startup Time": 0.001,
                                                                                        "Actual Total Time": 0.001,
                                                                                        "Actual Rows": 1,
                                                                                        "Actual Loops": 6872,
                                                                                        "Filter": "((kind)::text = 'complete+verified'::text)",
                                                                                        "Rows Removed by Filter": 3
                                                                                    }
                                                                                ]
                                                                            },
                                                                            {
                                                                                "Node Type": "Index Scan",
                                                                                "Parent Relationship": "Inner",
                                                                                "Parallel Aware": false,
                                                                                "Scan Direction": "Forward",
                                                                                "Index Name": "char_name_pkey",
                                                                                "Relation Name": "char_name",
                                                                                "Alias": "chn",
                                                                                "Startup Cost": 0.43,
                                                                                "Total Cost": 0.65,
                                                                                "Plan Rows": 1,
                                                                                "Plan Width": 20,
                                                                                "Actual Startup Time": 0.002,
                                                                                "Actual Total Time": 0.002,
                                                                                "Actual Rows": 0,
                                                                                "Actual Loops": 6872,
                                                                                "Index Cond": "(id = ci.person_role_id)",
                                                                                "Rows Removed by Index Recheck": 0,
                                                                                "Filter": "(name = 'Queen'::text)",
                                                                                "Rows Removed by Filter": 1
                                                                            }
                                                                        ]
                                                                    },
                                                                    {
                                                                        "Node Type": "Index Scan",
                                                                        "Parent Relationship": "Inner",
                                                                        "Parallel Aware": false,
                                                                        "Scan Direction": "Forward",
                                                                        "Index Name": "movie_id_movie_companies",
                                                                        "Relation Name": "movie_companies",
                                                                        "Alias": "mc",
                                                                        "Startup Cost": 0.43,
                                                                        "Total Cost": 0.54,
                                                                        "Plan Rows": 5,
                                                                        "Plan Width": 8,
                                                                        "Actual Startup Time": 0.002,
                                                                        "Actual Total Time": 0.005,
                                                                        "Actual Rows": 22,
                                                                        "Actual Loops": 489,
                                                                        "Index Cond": "(movie_id = mk.movie_id)",
                                                                        "Rows Removed by Index Recheck": 0
                                                                    }
                                                                ]
                                                            },
                                                            {
                                                                "Node Type": "Index Scan",
                                                                "Parent Relationship": "Inner",
                                                                "Parallel Aware": false,
                                                                "Scan Direction": "Forward",
                                                                "Index Name": "company_name_pkey",
                                                                "Relation Name": "company_name",
                                                                "Alias": "cn",
                                                                "Startup Cost": 0.42,
                                                                "Total Cost": 0.45,
                                                                "Plan Rows": 1,
                                                                "Plan Width": 4,
                                                                "Actual Startup Time": 0.001,
                                                                "Actual Total Time": 0.001,
                                                                "Actual Rows": 0,
                                                                "Actual Loops": 10758,
                                                                "Index Cond": "(id = mc.company_id)",
                                                                "Rows Removed by Index Recheck": 0,
                                                                "Filter": "((country_code)::text = '[us]'::text)",
                                                                "Rows Removed by Filter": 1
                                                            }
                                                        ]
                                                    },
                                                    {
                                                        "Node Type": "Index Scan",
                                                        "Parent Relationship": "Inner",
                                                        "Parallel Aware": false,
                                                        "Scan Direction": "Forward",
                                                        "Index Name": "movie_id_movie_info",
                                                        "Relation Name": "movie_info",
                                                        "Alias": "mi",
                                                        "Startup Cost": 0.43,
                                                        "Total Cost": 1.45,
                                                        "Plan Rows": 2,
                                                        "Plan Width": 8,
                                                        "Actual Startup Time": 0.008,
                                                        "Actual Total Time": 0.065,
                                                        "Actual Rows": 1,
                                                        "Actual Loops": 2445,
                                                        "Index Cond": "(movie_id = mk.movie_id)",
                                                        "Rows Removed by Index Recheck": 0,
                                                        "Filter": "(info ~~ 'USA:%200%'::text)",
                                                        "Rows Removed by Filter": 456
                                                    }
                                                ]
                                            },
                                            {
                                                "Node Type": "Seq Scan",
                                                "Parent Relationship": "Inner",
                                                "Parallel Aware": false,
                                                "Relation Name": "info_type",
                                                "Alias": "it",
                                                "Startup Cost": 0.0,
                                                "Total Cost": 2.41,
                                                "Plan Rows": 1,
                                                "Plan Width": 4,
                                                "Actual Startup Time": 0.002,
                                                "Actual Total Time": 0.002,
                                                "Actual Rows": 1,
                                                "Actual Loops": 2445,
                                                "Filter": "((info)::text = 'release dates'::text)",
                                                "Rows Removed by Filter": 15
                                            }
                                        ]
                                    },
                                    {
                                        "Node Type": "Index Scan",
                                        "Parent Relationship": "Inner",
                                        "Parallel Aware": false,
                                        "Scan Direction": "Forward",
                                        "Index Name": "name_pkey",
                                        "Relation Name": "name",
                                        "Alias": "n",
                                        "Startup Cost": 0.43,
                                        "Total Cost": 0.54,
                                        "Plan Rows": 1,
                                        "Plan Width": 19,
                                        "Actual Startup Time": 0.004,
                                        "Actual Total Time": 0.004,
                                        "Actual Rows": 1,
                                        "Actual Loops": 2445,
                                        "Index Cond": "(id = pi.person_id)",
                                        "Rows Removed by Index Recheck": 0,
                                        "Filter": "((name ~~ '%An%'::text) AND ((gender)::text = 'f'::text))",
                                        "Rows Removed by Filter": 0
                                    }
                                ]
                            },
                            {
                                "Node Type": "Seq Scan",
                                "Parent Relationship": "Inner",
                                "Parallel Aware": false,
                                "Relation Name": "info_type",
                                "Alias": "it3",
                                "Startup Cost": 0.0,
                                "Total Cost": 2.41,
                                "Plan Rows": 1,
                                "Plan Width": 4,
                                "Actual Startup Time": 0.003,
                                "Actual Total Time": 0.006,
                                "Actual Rows": 1,
                                "Actual Loops": 2445,
                                "Filter": "((info)::text = 'height'::text)",
                                "Rows Removed by Filter": 111
                            }
                        ]
                    },
                    {
                        "Node Type": "Seq Scan",
                        "Parent Relationship": "Inner",
                        "Parallel Aware": false,
                        "Relation Name": "role_type",
                        "Alias": "rt",
                        "Startup Cost": 0.0,
                        "Total Cost": 1.15,
                        "Plan Rows": 1,
                        "Plan Width": 4,
                        "Actual Startup Time": 0.001,
                        "Actual Total Time": 0.001,
                        "Actual Rows": 1,
                        "Actual Loops": 15,
                        "Filter": "((role)::text = 'actress'::text)",
                        "Rows Removed by Filter": 1
                    }
                ]
            }
        ]
    },
    "Planning Time": 2602.22,
    "Triggers": [],
    "Execution Time": 307.687
}