{
  "Plan": {
    "Node Type": "Aggregate",
    "Strategy": "Plain",
    "Partial Mode": "Finalize",
    "Parallel Aware": false,
    "Startup Cost": 465611.81,
    "Total Cost": 465611.82,
    "Plan Rows": 1,
    "Plan Width": 8,
    "Actual Startup Time": 838.048,
    "Actual Total Time": 867.172,
    "Actual Rows": 1,
    "Actual Loops": 1,
    "Plans": [
      {
        "Node Type": "Gather",
        "Parent Relationship": "Outer",
        "Parallel Aware": false,
        "Startup Cost": 465611.7,
        "Total Cost": 465611.81,
        "Plan Rows": 1,
        "Plan Width": 8,
        "Actual Startup Time": 837.631,
        "Actual Total Time": 867.165,
        "Actual Rows": 2,
        "Actual Loops": 1,
        "Workers Planned": 1,
        "Workers Launched": 1,
        "Single Copy": false,
        "Plans": [
          {
            "Node Type": "Aggregate",
            "Strategy": "Plain",
            "Partial Mode": "Partial",
            "Parent Relationship": "Outer",
            "Parallel Aware": false,
            "Startup Cost": 464611.7,
            "Total Cost": 464611.71,
            "Plan Rows": 1,
            "Plan Width": 8,
            "Actual Startup Time": 831.387,
            "Actual Total Time": 831.391,
            "Actual Rows": 1,
            "Actual Loops": 2,
            "Plans": [
              {
                "Node Type": "Nested Loop",
                "Parent Relationship": "Outer",
                "Parallel Aware": false,
                "Join Type": "Inner",
                "Startup Cost": 157728.09,
                "Total Cost": 464557.68,
                "Plan Rows": 21608,
                "Plan Width": 0,
                "Actual Startup Time": 301.626,
                "Actual Total Time": 829.059,
                "Actual Rows": 46032,
                "Actual Loops": 2,
                "Inner Unique": false,
                "Join Filter": "(t.id = mc.movie_id)",
                "Rows Removed by Join Filter": 0,
                "Plans": [
                  {
                    "Node Type": "Hash Join",
                    "Parent Relationship": "Outer",
                    "Parallel Aware": true,
                    "Join Type": "Inner",
                    "Startup Cost": 157727.66,
                    "Total Cost": 451904.59,
                    "Plan Rows": 20939,
                    "Plan Width": 8,
                    "Actual Startup Time": 301.486,
                    "Actual Total Time": 756.422,
                    "Actual Rows": 16436,
                    "Actual Loops": 2,
                    "Inner Unique": true,
                    "Hash Cond": "(ci.movie_id = t.id)",
                    "Plans": [
                      {
                        "Node Type": "Bitmap Heap Scan",
                        "Parent Relationship": "Outer",
                        "Parallel Aware": true,
                        "Relation Name": "cast_info",
                        "Alias": "ci",
                        "Startup Cost": 102997.37,
                        "Total Cost": 389973.56,
                        "Plan Rows": 2743135,
                        "Plan Width": 4,
                        "Actual Startup Time": 164.606,
                        "Actual Total Time": 407.862,
                        "Actual Rows": 2232942,
                        "Actual Loops": 2,
                        "Recheck Cond": "(person_id > 3246354)",
                        "Rows Removed by Index Recheck": 0,
                        "Exact Heap Blocks": 34757,
                        "Lossy Heap Blocks": 0,
                        "Plans": [
                          {
                            "Node Type": "Bitmap Index Scan",
                            "Parent Relationship": "Outer",
                            "Parallel Aware": false,
                            "Index Name": "person_id_cast_info",
                            "Startup Cost": 0.0,
                            "Total Cost": 101831.54,
                            "Plan Rows": 4663330,
                            "Plan Width": 0,
                            "Actual Startup Time": 153.918,
                            "Actual Total Time": 153.919,
                            "Actual Rows": 4465884,
                            "Actual Loops": 1,
                            "Index Cond": "(person_id > 3246354)"
                          }
                        ]
                      },
                      {
                        "Node Type": "Hash",
                        "Parent Relationship": "Inner",
                        "Parallel Aware": true,
                        "Startup Cost": 54588.39,
                        "Total Cost": 54588.39,
                        "Plan Rows": 11352,
                        "Plan Width": 4,
                        "Actual Startup Time": 135.592,
                        "Actual Total Time": 135.592,
                        "Actual Rows": 9196,
                        "Actual Loops": 2,
                        "Hash Buckets": 32768,
                        "Original Hash Buckets": 32768,
                        "Hash Batches": 1,
                        "Original Hash Batches": 1,
                        "Peak Memory Usage": 1024,
                        "Plans": [
                          {
                            "Node Type": "Seq Scan",
                            "Parent Relationship": "Outer",
                            "Parallel Aware": true,
                            "Relation Name": "title",
                            "Alias": "t",
                            "Startup Cost": 0.0,
                            "Total Cost": 54588.39,
                            "Plan Rows": 11352,
                            "Plan Width": 4,
                            "Actual Startup Time": 0.105,
                            "Actual Total Time": 131.953,
                            "Actual Rows": 9196,
                            "Actual Loops": 2,
                            "Filter": "(production_year = 1985)",
                            "Rows Removed by Filter": 1254960
                          }
                        ]
                      }
                    ]
                  },
                  {
                    "Node Type": "Index Only Scan",
                    "Parent Relationship": "Inner",
                    "Parallel Aware": false,
                    "Scan Direction": "Forward",
                    "Index Name": "movie_id_movie_companies",
                    "Relation Name": "movie_companies",
                    "Alias": "mc",
                    "Startup Cost": 0.43,
                    "Total Cost": 0.54,
                    "Plan Rows": 5,
                    "Plan Width": 4,
                    "Actual Startup Time": 0.003,
                    "Actual Total Time": 0.004,
                    "Actual Rows": 3,
                    "Actual Loops": 32871,
                    "Index Cond": "(movie_id = ci.movie_id)",
                    "Rows Removed by Index Recheck": 0,
                    "Heap Fetches": 92064
                  }
                ]
              }
            ]
          }
        ]
      }
    ]
  },
  "Planning Time": 0.987,
  "Triggers": [],
  "Execution Time": 867.283
}