[
  {
    "Plan": {
      "Node Type": "Aggregate",
      "Strategy": "Plain",
      "Partial Mode": "Finalize",
      "Parallel Aware": false,
      "Startup Cost": 358171.71,
      "Total Cost": 358171.72,
      "Plan Rows": 1,
      "Plan Width": 8,
      "Actual Startup Time": 521.929,
      "Actual Total Time": 567.271,
      "Actual Rows": 1,
      "Actual Loops": 1,
      "Plans": [
        {
          "Node Type": "Gather",
          "Parent Relationship": "Outer",
          "Parallel Aware": false,
          "Startup Cost": 358171.29,
          "Total Cost": 358171.7,
          "Plan Rows": 4,
          "Plan Width": 8,
          "Actual Startup Time": 521.826,
          "Actual Total Time": 567.263,
          "Actual Rows": 5,
          "Actual Loops": 1,
          "Workers Planned": 4,
          "Workers Launched": 4,
          "Single Copy": false,
          "Plans": [
            {
              "Node Type": "Aggregate",
              "Strategy": "Plain",
              "Partial Mode": "Partial",
              "Parent Relationship": "Outer",
              "Parallel Aware": false,
              "Startup Cost": 357171.29,
              "Total Cost": 357171.3,
              "Plan Rows": 1,
              "Plan Width": 8,
              "Actual Startup Time": 511.775,
              "Actual Total Time": 511.777,
              "Actual Rows": 1,
              "Actual Loops": 5,
              "Plans": [
                {
                  "Node Type": "Nested Loop",
                  "Parent Relationship": "Outer",
                  "Parallel Aware": false,
                  "Join Type": "Inner",
                  "Startup Cost": 0.99,
                  "Total Cost": 357157.83,
                  "Plan Rows": 5385,
                  "Plan Width": 0,
                  "Actual Startup Time": 258.478,
                  "Actual Total Time": 511.529,
                  "Actual Rows": 1605,
                  "Actual Loops": 5,
                  "Inner Unique": false,
                  "Plans": [
                    {
                      "Node Type": "Index Scan",
                      "Parent Relationship": "Outer",
                      "Parallel Aware": true,
                      "Scan Direction": "Forward",
                      "Index Name": "title_pkey",
                      "Relation Name": "title",
                      "Alias": "t",
                      "Startup Cost": 0.43,
                      "Total Cost": 92957.95,
                      "Plan Rows": 3266,
                      "Plan Width": 4,
                      "Actual Startup Time": 257.789,
                      "Actual Total Time": 387.525,
                      "Actual Rows": 2520,
                      "Actual Loops": 5,
                      "Filter": "(kind_id = 6)",
                      "Rows Removed by Filter": 503142
                    },
                    {
                      "Node Type": "Index Scan",
                      "Parent Relationship": "Inner",
                      "Parallel Aware": false,
                      "Scan Direction": "Forward",
                      "Index Name": "movie_id_cast_info",
                      "Relation Name": "cast_info",
                      "Alias": "ci",
                      "Startup Cost": 0.56,
                      "Total Cost": 80.85,
                      "Plan Rows": 4,
                      "Plan Width": 4,
                      "Actual Startup Time": 0.036,
                      "Actual Total Time": 0.049,
                      "Actual Rows": 1,
                      "Actual Loops": 12600,
                      "Index Cond": "(movie_id = t.id)",
                      "Rows Removed by Index Recheck": 0,
                      "Filter": "((person_id < 920119) AND (role_id > 2))",
                      "Rows Removed by Filter": 16
                    }
                  ]
                }
              ]
            }
          ]
        }
      ]
    },
    "Planning Time": 0.666,
    "Triggers": [],
    "Execution Time": 567.356
  }
]