[
  {
    "Plan": {
      "Node Type": "Aggregate",
      "Strategy": "Plain",
      "Partial Mode": "Finalize",
      "Parallel Aware": false,
      "Startup Cost": 108017.69,
      "Total Cost": 108017.7,
      "Plan Rows": 1,
      "Plan Width": 8,
      "Actual Startup Time": 543.619,
      "Actual Total Time": 561.539,
      "Actual Rows": 1,
      "Actual Loops": 1,
      "Plans": [
        {
          "Node Type": "Gather",
          "Parent Relationship": "Outer",
          "Parallel Aware": false,
          "Startup Cost": 108017.48,
          "Total Cost": 108017.69,
          "Plan Rows": 2,
          "Plan Width": 8,
          "Actual Startup Time": 539.651,
          "Actual Total Time": 561.53,
          "Actual Rows": 3,
          "Actual Loops": 1,
          "Workers Planned": 2,
          "Workers Launched": 2,
          "Single Copy": false,
          "Plans": [
            {
              "Node Type": "Aggregate",
              "Strategy": "Plain",
              "Partial Mode": "Partial",
              "Parent Relationship": "Outer",
              "Parallel Aware": false,
              "Startup Cost": 107017.48,
              "Total Cost": 107017.49,
              "Plan Rows": 1,
              "Plan Width": 8,
              "Actual Startup Time": 531.862,
              "Actual Total Time": 532.123,
              "Actual Rows": 1,
              "Actual Loops": 3,
              "Plans": [
                {
                  "Node Type": "Hash Join",
                  "Parent Relationship": "Outer",
                  "Parallel Aware": true,
                  "Join Type": "Inner",
                  "Startup Cost": 90997.9,
                  "Total Cost": 106939.71,
                  "Plan Rows": 31108,
                  "Plan Width": 0,
                  "Actual Startup Time": 404.817,
                  "Actual Total Time": 517.112,
                  "Actual Rows": 359912,
                  "Actual Loops": 3,
                  "Inner Unique": false,
                  "Hash Cond": "(mi_idx.movie_id = t.id)",
                  "Plans": [
                    {
                      "Node Type": "Seq Scan",
                      "Parent Relationship": "Outer",
                      "Parallel Aware": true,
                      "Relation Name": "movie_info_idx",
                      "Alias": "mi_idx",
                      "Startup Cost": 0.0,
                      "Total Cost": 13685.15,
                      "Plan Rows": 575015,
                      "Plan Width": 4,
                      "Actual Startup Time": 0.027,
                      "Actual Total Time": 36.285,
                      "Actual Rows": 460012,
                      "Actual Loops": 3
                    },
                    {
                      "Node Type": "Hash",
                      "Parent Relationship": "Inner",
                      "Parallel Aware": true,
                      "Startup Cost": 90446.38,
                      "Total Cost": 90446.38,
                      "Plan Rows": 44122,
                      "Plan Width": 8,
                      "Actual Startup Time": 401.867,
                      "Actual Total Time": 402.126,
                      "Actual Rows": 150049,
                      "Actual Loops": 3,
                      "Hash Buckets": 524288,
                      "Original Hash Buckets": 262144,
                      "Hash Batches": 1,
                      "Original Hash Batches": 1,
                      "Peak Memory Usage": 23808,
                      "Plans": [
                        {
                          "Node Type": "Hash Join",
                          "Parent Relationship": "Outer",
                          "Parallel Aware": true,
                          "Join Type": "Inner",
                          "Startup Cost": 46002.55,
                          "Total Cost": 90446.38,
                          "Plan Rows": 44122,
                          "Plan Width": 8,
                          "Actual Startup Time": 148.796,
                          "Actual Total Time": 363.144,
                          "Actual Rows": 150049,
                          "Actual Loops": 3,
                          "Inner Unique": true,
                          "Hash Cond": "(mk.movie_id = t.id)",
                          "Plans": [
                            {
                              "Node Type": "Seq Scan",
                              "Parent Relationship": "Outer",
                              "Parallel Aware": true,
                              "Relation Name": "movie_keyword",
                              "Alias": "mk",
                              "Startup Cost": 0.0,
                              "Total Cost": 42695.65,
                              "Plan Rows": 665972,
                              "Plan Width": 4,
                              "Actual Startup Time": 0.02,
                              "Actual Total Time": 135.064,
                              "Actual Rows": 689988,
                              "Actual Loops": 3,
                              "Filter": "(keyword_id < 3665)",
                              "Rows Removed by Filter": 817989
                            },
                            {
                              "Node Type": "Hash",
                              "Parent Relationship": "Inner",
                              "Parallel Aware": true,
                              "Startup Cost": 45479.1,
                              "Total Cost": 45479.1,
                              "Plan Rows": 41876,
                              "Plan Width": 4,
                              "Actual Startup Time": 147.192,
                              "Actual Total Time": 147.193,
                              "Actual Rows": 91943,
                              "Actual Loops": 3,
                              "Hash Buckets": 524288,
                              "Original Hash Buckets": 262144,
                              "Hash Batches": 1,
                              "Original Hash Batches": 1,
                              "Peak Memory Usage": 16960,
                              "Plans": [
                                {
                                  "Node Type": "Seq Scan",
                                  "Parent Relationship": "Outer",
                                  "Parallel Aware": true,
                                  "Relation Name": "title",
                                  "Alias": "t",
                                  "Startup Cost": 0.0,
                                  "Total Cost": 45479.1,
                                  "Plan Rows": 41876,
                                  "Plan Width": 4,
                                  "Actual Startup Time": 0.087,
                                  "Actual Total Time": 113.826,
                                  "Actual Rows": 91943,
                                  "Actual Loops": 3,
                                  "Filter": "((kind_id < 7) AND (production_year < 1975))",
                                  "Rows Removed by Filter": 750828
                                }
                              ]
                            }
                          ]
                        }
                      ]
                    }
                  ]
                }
              ]
            }
          ]
        }
      ]
    },
    "Planning Time": 1.32,
    "Triggers": [],
    "Execution Time": 561.619
  }
]