[
  {
    "Plan": {
      "Node Type": "Aggregate",
      "Strategy": "Plain",
      "Partial Mode": "Finalize",
      "Parallel Aware": false,
      "Startup Cost": 46859.94,
      "Total Cost": 46859.95,
      "Plan Rows": 1,
      "Plan Width": 8,
      "Actual Startup Time": 168.042,
      "Actual Total Time": 178.699,
      "Actual Rows": 1,
      "Actual Loops": 1,
      "Plans": [
        {
          "Node Type": "Gather",
          "Parent Relationship": "Outer",
          "Parallel Aware": false,
          "Startup Cost": 46859.62,
          "Total Cost": 46859.93,
          "Plan Rows": 3,
          "Plan Width": 8,
          "Actual Startup Time": 167.693,
          "Actual Total Time": 178.691,
          "Actual Rows": 4,
          "Actual Loops": 1,
          "Workers Planned": 3,
          "Workers Launched": 3,
          "Single Copy": false,
          "Plans": [
            {
              "Node Type": "Aggregate",
              "Strategy": "Plain",
              "Partial Mode": "Partial",
              "Parent Relationship": "Outer",
              "Parallel Aware": false,
              "Startup Cost": 45859.62,
              "Total Cost": 45859.63,
              "Plan Rows": 1,
              "Plan Width": 8,
              "Actual Startup Time": 162.598,
              "Actual Total Time": 162.6,
              "Actual Rows": 1,
              "Actual Loops": 4,
              "Plans": [
                {
                  "Node Type": "Seq Scan",
                  "Parent Relationship": "Outer",
                  "Parallel Aware": true,
                  "Relation Name": "movie_keyword",
                  "Alias": "mk",
                  "Startup Cost": 0.0,
                  "Total Cost": 42695.65,
                  "Plan Rows": 1265587,
                  "Plan Width": 0,
                  "Actual Startup Time": 0.054,
                  "Actual Total Time": 119.852,
                  "Actual Rows": 977948,
                  "Actual Loops": 4,
                  "Filter": "(keyword_id > 460)",
                  "Rows Removed by Filter": 153034
                }
              ]
            }
          ]
        }
      ]
    },
    "Planning Time": 0.107,
    "Triggers": [],
    "Execution Time": 178.733
  }
]