[
  {
    "Plan": {
      "Node Type": "Aggregate",
      "Strategy": "Plain",
      "Partial Mode": "Finalize",
      "Parallel Aware": false,
      "Startup Cost": 46859.91,
      "Total Cost": 46859.92,
      "Plan Rows": 1,
      "Plan Width": 8,
      "Actual Startup Time": 185.696,
      "Actual Total Time": 195.783,
      "Actual Rows": 1,
      "Actual Loops": 1,
      "Plans": [
        {
          "Node Type": "Gather",
          "Parent Relationship": "Outer",
          "Parallel Aware": false,
          "Startup Cost": 46859.59,
          "Total Cost": 46859.9,
          "Plan Rows": 3,
          "Plan Width": 8,
          "Actual Startup Time": 185.448,
          "Actual Total Time": 195.772,
          "Actual Rows": 4,
          "Actual Loops": 1,
          "Workers Planned": 3,
          "Workers Launched": 3,
          "Single Copy": false,
          "Plans": [
            {
              "Node Type": "Aggregate",
              "Strategy": "Plain",
              "Partial Mode": "Partial",
              "Parent Relationship": "Outer",
              "Parallel Aware": false,
              "Startup Cost": 45859.59,
              "Total Cost": 45859.6,
              "Plan Rows": 1,
              "Plan Width": 8,
              "Actual Startup Time": 177.055,
              "Actual Total Time": 177.056,
              "Actual Rows": 1,
              "Actual Loops": 4,
              "Plans": [
                {
                  "Node Type": "Seq Scan",
                  "Parent Relationship": "Outer",
                  "Parallel Aware": true,
                  "Relation Name": "movie_keyword",
                  "Alias": "mk",
                  "Startup Cost": 0.0,
                  "Total Cost": 42695.65,
                  "Plan Rows": 1265574,
                  "Plan Width": 0,
                  "Actual Startup Time": 0.089,
                  "Actual Total Time": 130.427,
                  "Actual Rows": 977948,
                  "Actual Loops": 4,
                  "Filter": "(keyword_id > 460)",
                  "Rows Removed by Filter": 153034
                }
              ]
            }
          ]
        }
      ]
    },
    "Planning Time": 0.124,
    "Triggers": [],
    "Execution Time": 195.833
  }
]