{
  "Plan": {
    "Node Type": "Aggregate",
    "Strategy": "Plain",
    "Partial Mode": "Finalize",
    "Parallel Aware": false,
    "Startup Cost": 108803.89,
    "Total Cost": 108803.9,
    "Plan Rows": 1,
    "Plan Width": 8,
    "Actual Startup Time": 764.79,
    "Actual Total Time": 777.397,
    "Actual Rows": 1,
    "Actual Loops": 1,
    "Plans": [
      {
        "Node Type": "Gather",
        "Parent Relationship": "Outer",
        "Parallel Aware": false,
        "Startup Cost": 108803.78,
        "Total Cost": 108803.89,
        "Plan Rows": 1,
        "Plan Width": 8,
        "Actual Startup Time": 762.033,
        "Actual Total Time": 777.388,
        "Actual Rows": 2,
        "Actual Loops": 1,
        "Workers Planned": 1,
        "Workers Launched": 1,
        "Single Copy": false,
        "Plans": [
          {
            "Node Type": "Aggregate",
            "Strategy": "Plain",
            "Partial Mode": "Partial",
            "Parent Relationship": "Outer",
            "Parallel Aware": false,
            "Startup Cost": 107803.78,
            "Total Cost": 107803.79,
            "Plan Rows": 1,
            "Plan Width": 8,
            "Actual Startup Time": 755.008,
            "Actual Total Time": 755.012,
            "Actual Rows": 1,
            "Actual Loops": 2,
            "Plans": [
              {
                "Node Type": "Hash Join",
                "Parent Relationship": "Outer",
                "Parallel Aware": true,
                "Join Type": "Inner",
                "Startup Cost": 67698.66,
                "Total Cost": 105865.29,
                "Plan Rows": 775398,
                "Plan Width": 0,
                "Actual Startup Time": 354.073,
                "Actual Total Time": 743.353,
                "Actual Rows": 279726,
                "Actual Loops": 2,
                "Inner Unique": true,
                "Hash Cond": "(mc.movie_id = t.id)",
                "Plans": [
                  {
                    "Node Type": "Seq Scan",
                    "Parent Relationship": "Outer",
                    "Parallel Aware": true,
                    "Relation Name": "movie_companies",
                    "Alias": "mc",
                    "Startup Cost": 0.0,
                    "Total Cost": 34137.82,
                    "Plan Rows": 1534782,
                    "Plan Width": 4,
                    "Actual Startup Time": 0.011,
                    "Actual Total Time": 98.38,
                    "Actual Rows": 1304564,
                    "Actual Loops": 2
                  },
                  {
                    "Node Type": "Hash",
                    "Parent Relationship": "Inner",
                    "Parallel Aware": true,
                    "Startup Cost": 58306.47,
                    "Total Cost": 58306.47,
                    "Plan Rows": 751375,
                    "Plan Width": 4,
                    "Actual Startup Time": 339.662,
                    "Actual Total Time": 339.663,
                    "Actual Rows": 678826,
                    "Actual Loops": 2,
                    "Hash Buckets": 2097152,
                    "Original Hash Buckets": 2097152,
                    "Hash Batches": 1,
                    "Original Hash Batches": 1,
                    "Peak Memory Usage": 69536,
                    "Plans": [
                      {
                        "Node Type": "Seq Scan",
                        "Parent Relationship": "Outer",
                        "Parallel Aware": true,
                        "Relation Name": "title",
                        "Alias": "t",
                        "Startup Cost": 0.0,
                        "Total Cost": 58306.47,
                        "Plan Rows": 751375,
                        "Plan Width": 4,
                        "Actual Startup Time": 0.028,
                        "Actual Total Time": 163.018,
                        "Actual Rows": 678826,
                        "Actual Loops": 2,
                        "Filter": "((production_year > 1969) AND (kind_id = 7))",
                        "Rows Removed by Filter": 585330
                      }
                    ]
                  }
                ]
              }
            ]
          }
        ]
      }
    ]
  },
  "Planning Time": 0.439,
  "Triggers": [],
  "Execution Time": 777.465
}