[
  {
    "Plan": {
      "Node Type": "Aggregate",
      "Strategy": "Plain",
      "Partial Mode": "Finalize",
      "Parallel Aware": false,
      "Startup Cost": 90806.06,
      "Total Cost": 90806.07,
      "Plan Rows": 1,
      "Plan Width": 8,
      "Actual Startup Time": 348.375,
      "Actual Total Time": 373.86,
      "Actual Rows": 1,
      "Actual Loops": 1,
      "Plans": [
        {
          "Node Type": "Gather",
          "Parent Relationship": "Outer",
          "Parallel Aware": false,
          "Startup Cost": 90805.74,
          "Total Cost": 90806.05,
          "Plan Rows": 3,
          "Plan Width": 8,
          "Actual Startup Time": 342.169,
          "Actual Total Time": 373.849,
          "Actual Rows": 4,
          "Actual Loops": 1,
          "Workers Planned": 3,
          "Workers Launched": 3,
          "Single Copy": false,
          "Plans": [
            {
              "Node Type": "Aggregate",
              "Strategy": "Plain",
              "Partial Mode": "Partial",
              "Parent Relationship": "Outer",
              "Parallel Aware": false,
              "Startup Cost": 89805.74,
              "Total Cost": 89805.75,
              "Plan Rows": 1,
              "Plan Width": 8,
              "Actual Startup Time": 334.003,
              "Actual Total Time": 334.241,
              "Actual Rows": 1,
              "Actual Loops": 4,
              "Plans": [
                {
                  "Node Type": "Nested Loop",
                  "Parent Relationship": "Outer",
                  "Parallel Aware": false,
                  "Join Type": "Inner",
                  "Startup Cost": 49327.13,
                  "Total Cost": 89637.29,
                  "Plan Rows": 67380,
                  "Plan Width": 0,
                  "Actual Startup Time": 266.227,
                  "Actual Total Time": 333.157,
                  "Actual Rows": 9482,
                  "Actual Loops": 4,
                  "Inner Unique": false,
                  "Plans": [
                    {
                      "Node Type": "Hash Join",
                      "Parent Relationship": "Outer",
                      "Parallel Aware": true,
                      "Join Type": "Inner",
                      "Startup Cost": 49326.57,
                      "Total Cost": 75066.59,
                      "Plan Rows": 4699,
                      "Plan Width": 8,
                      "Actual Startup Time": 266.061,
                      "Actual Total Time": 285.432,
                      "Actual Rows": 488,
                      "Actual Loops": 4,
                      "Inner Unique": true,
                      "Hash Cond": "(mk.movie_id = t.id)",
                      "Plans": [
                        {
                          "Node Type": "Bitmap Heap Scan",
                          "Parent Relationship": "Outer",
                          "Parallel Aware": true,
                          "Relation Name": "movie_keyword",
                          "Alias": "mk",
                          "Startup Cost": 805.77,
                          "Total Cost": 26513.74,
                          "Plan Rows": 12210,
                          "Plan Width": 4,
                          "Actual Startup Time": 13.469,
                          "Actual Total Time": 27.569,
                          "Actual Rows": 8678,
                          "Actual Loops": 4,
                          "Recheck Cond": "(keyword_id = 2488)",
                          "Rows Removed by Index Recheck": 0,
                          "Exact Heap Blocks": 7376,
                          "Lossy Heap Blocks": 0,
                          "Plans": [
                            {
                              "Node Type": "Bitmap Index Scan",
                              "Parent Relationship": "Outer",
                              "Parallel Aware": false,
                              "Index Name": "keyword_id_movie_keyword",
                              "Startup Cost": 0.0,
                              "Total Cost": 796.31,
                              "Plan Rows": 37850,
                              "Plan Width": 0,
                              "Actual Startup Time": 9.824,
                              "Actual Total Time": 9.825,
                              "Actual Rows": 34710,
                              "Actual Loops": 1,
                              "Index Cond": "(keyword_id = 2488)"
                            }
                          ]
                        },
                        {
                          "Node Type": "Hash",
                          "Parent Relationship": "Inner",
                          "Parallel Aware": true,
                          "Startup Cost": 45479.59,
                          "Total Cost": 45479.59,
                          "Plan Rows": 243297,
                          "Plan Width": 4,
                          "Actual Startup Time": 246.924,
                          "Actual Total Time": 246.924,
                          "Actual Rows": 264561,
                          "Actual Loops": 4,
                          "Hash Buckets": 2097152,
                          "Original Hash Buckets": 1048576,
                          "Hash Batches": 1,
                          "Original Hash Batches": 1,
                          "Peak Memory Usage": 66048,
                          "Plans": [
                            {
                              "Node Type": "Seq Scan",
                              "Parent Relationship": "Outer",
                              "Parallel Aware": true,
                              "Relation Name": "title",
                              "Alias": "t",
                              "Startup Cost": 0.0,
                              "Total Cost": 45479.59,
                              "Plan Rows": 243297,
                              "Plan Width": 4,
                              "Actual Startup Time": 0.047,
                              "Actual Total Time": 114.929,
                              "Actual Rows": 264561,
                              "Actual Loops": 4,
                              "Filter": "((kind_id > 2) AND (production_year > 2000))",
                              "Rows Removed by Filter": 367517
                            }
                          ]
                        }
                      ]
                    },
                    {
                      "Node Type": "Index Only Scan",
                      "Parent Relationship": "Inner",
                      "Parallel Aware": false,
                      "Scan Direction": "Forward",
                      "Index Name": "movie_id_cast_info",
                      "Relation Name": "cast_info",
                      "Alias": "ci",
                      "Startup Cost": 0.56,
                      "Total Cost": 2.75,
                      "Plan Rows": 35,
                      "Plan Width": 4,
                      "Actual Startup Time": 0.016,
                      "Actual Total Time": 0.095,
                      "Actual Rows": 19,
                      "Actual Loops": 1954,
                      "Index Cond": "(movie_id = t.id)",
                      "Rows Removed by Index Recheck": 0,
                      "Heap Fetches": 37928
                    }
                  ]
                }
              ]
            }
          ]
        }
      ]
    },
    "Planning Time": 1.625,
    "Triggers": [],
    "Execution Time": 373.975
  }
]