[
  {
    "Plan": {
      "Node Type": "Aggregate",
      "Strategy": "Plain",
      "Partial Mode": "Finalize",
      "Parallel Aware": false,
      "Startup Cost": 73674.0,
      "Total Cost": 73674.01,
      "Plan Rows": 1,
      "Plan Width": 8,
      "Actual Startup Time": 125.998,
      "Actual Total Time": 142.125,
      "Actual Rows": 1,
      "Actual Loops": 1,
      "Plans": [
        {
          "Node Type": "Gather",
          "Parent Relationship": "Outer",
          "Parallel Aware": false,
          "Startup Cost": 73673.58,
          "Total Cost": 73673.99,
          "Plan Rows": 4,
          "Plan Width": 8,
          "Actual Startup Time": 125.728,
          "Actual Total Time": 142.102,
          "Actual Rows": 5,
          "Actual Loops": 1,
          "Workers Planned": 4,
          "Workers Launched": 4,
          "Single Copy": false,
          "Plans": [
            {
              "Node Type": "Aggregate",
              "Strategy": "Plain",
              "Partial Mode": "Partial",
              "Parent Relationship": "Outer",
              "Parallel Aware": false,
              "Startup Cost": 72673.58,
              "Total Cost": 72673.59,
              "Plan Rows": 1,
              "Plan Width": 8,
              "Actual Startup Time": 117.744,
              "Actual Total Time": 117.746,
              "Actual Rows": 1,
              "Actual Loops": 5,
              "Plans": [
                {
                  "Node Type": "Nested Loop",
                  "Parent Relationship": "Outer",
                  "Parallel Aware": false,
                  "Join Type": "Inner",
                  "Startup Cost": 0.43,
                  "Total Cost": 72669.66,
                  "Plan Rows": 1569,
                  "Plan Width": 0,
                  "Actual Startup Time": 0.695,
                  "Actual Total Time": 117.5,
                  "Actual Rows": 2236,
                  "Actual Loops": 5,
                  "Inner Unique": false,
                  "Plans": [
                    {
                      "Node Type": "Seq Scan",
                      "Parent Relationship": "Outer",
                      "Parallel Aware": true,
                      "Relation Name": "title",
                      "Alias": "t",
                      "Startup Cost": 0.0,
                      "Total Cost": 45479.59,
                      "Plan Rows": 3568,
                      "Plan Width": 4,
                      "Actual Startup Time": 0.454,
                      "Actual Total Time": 90.552,
                      "Actual Rows": 2367,
                      "Actual Loops": 5,
                      "Filter": "((kind_id < 7) AND (production_year = 1995))",
                      "Rows Removed by Filter": 503295
                    },
                    {
                      "Node Type": "Index Scan",
                      "Parent Relationship": "Inner",
                      "Parallel Aware": false,
                      "Scan Direction": "Forward",
                      "Index Name": "movie_id_movie_companies",
                      "Relation Name": "movie_companies",
                      "Alias": "mc",
                      "Startup Cost": 0.43,
                      "Total Cost": 7.6,
                      "Plan Rows": 2,
                      "Plan Width": 4,
                      "Actual Startup Time": 0.009,
                      "Actual Total Time": 0.011,
                      "Actual Rows": 1,
                      "Actual Loops": 11835,
                      "Index Cond": "(movie_id = t.id)",
                      "Rows Removed by Index Recheck": 0,
                      "Filter": "((company_id > 160) AND (company_type_id < 2))",
                      "Rows Removed by Filter": 1
                    }
                  ]
                }
              ]
            }
          ]
        }
      ]
    },
    "Planning Time": 0.564,
    "Triggers": [],
    "Execution Time": 142.187
  }
]