[
  {
    "Plan": {
      "Node Type": "Aggregate",
      "Strategy": "Plain",
      "Partial Mode": "Finalize",
      "Parallel Aware": false,
      "Startup Cost": 110453.11,
      "Total Cost": 110453.12,
      "Plan Rows": 1,
      "Plan Width": 8,
      "Actual Startup Time": 829.367,
      "Actual Total Time": 851.866,
      "Actual Rows": 1,
      "Actual Loops": 1,
      "Plans": [
        {
          "Node Type": "Gather",
          "Parent Relationship": "Outer",
          "Parallel Aware": false,
          "Startup Cost": 110452.89,
          "Total Cost": 110453.1,
          "Plan Rows": 2,
          "Plan Width": 8,
          "Actual Startup Time": 818.793,
          "Actual Total Time": 851.856,
          "Actual Rows": 3,
          "Actual Loops": 1,
          "Workers Planned": 2,
          "Workers Launched": 2,
          "Single Copy": false,
          "Plans": [
            {
              "Node Type": "Aggregate",
              "Strategy": "Plain",
              "Partial Mode": "Partial",
              "Parent Relationship": "Outer",
              "Parallel Aware": false,
              "Startup Cost": 109452.89,
              "Total Cost": 109452.9,
              "Plan Rows": 1,
              "Plan Width": 8,
              "Actual Startup Time": 810.731,
              "Actual Total Time": 810.883,
              "Actual Rows": 1,
              "Actual Loops": 3,
              "Plans": [
                {
                  "Node Type": "Hash Join",
                  "Parent Relationship": "Outer",
                  "Parallel Aware": true,
                  "Join Type": "Inner",
                  "Startup Cost": 92826.67,
                  "Total Cost": 109110.25,
                  "Plan Rows": 137058,
                  "Plan Width": 0,
                  "Actual Startup Time": 669.74,
                  "Actual Total Time": 794.021,
                  "Actual Rows": 422032,
                  "Actual Loops": 3,
                  "Inner Unique": false,
                  "Hash Cond": "(mi_idx.movie_id = t.id)",
                  "Plans": [
                    {
                      "Node Type": "Seq Scan",
                      "Parent Relationship": "Outer",
                      "Parallel Aware": true,
                      "Relation Name": "movie_info_idx",
                      "Alias": "mi_idx",
                      "Startup Cost": 0.0,
                      "Total Cost": 13685.15,
                      "Plan Rows": 575015,
                      "Plan Width": 4,
                      "Actual Startup Time": 0.049,
                      "Actual Total Time": 35.018,
                      "Actual Rows": 460012,
                      "Actual Loops": 3
                    },
                    {
                      "Node Type": "Hash",
                      "Parent Relationship": "Inner",
                      "Parallel Aware": true,
                      "Startup Cost": 90396.71,
                      "Total Cost": 90396.71,
                      "Plan Rows": 194397,
                      "Plan Width": 8,
                      "Actual Startup Time": 663.306,
                      "Actual Total Time": 663.457,
                      "Actual Rows": 204611,
                      "Actual Loops": 3,
                      "Hash Buckets": 1048576,
                      "Original Hash Buckets": 1048576,
                      "Hash Batches": 1,
                      "Original Hash Batches": 1,
                      "Peak Memory Usage": 32256,
                      "Plans": [
                        {
                          "Node Type": "Hash Join",
                          "Parent Relationship": "Outer",
                          "Parallel Aware": true,
                          "Join Type": "Inner",
                          "Startup Cost": 63002.46,
                          "Total Cost": 90396.71,
                          "Plan Rows": 194397,
                          "Plan Width": 8,
                          "Actual Startup Time": 456.584,
                          "Actual Total Time": 598.634,
                          "Actual Rows": 204611,
                          "Actual Loops": 3,
                          "Inner Unique": true,
                          "Hash Cond": "(mk.movie_id = t.id)",
                          "Plans": [
                            {
                              "Node Type": "Bitmap Heap Scan",
                              "Parent Relationship": "Outer",
                              "Parallel Aware": true,
                              "Relation Name": "movie_keyword",
                              "Alias": "mk",
                              "Startup Cost": 12782.81,
                              "Total Cost": 39666.77,
                              "Plan Rows": 194397,
                              "Plan Width": 4,
                              "Actual Startup Time": 34.135,
                              "Actual Total Time": 100.087,
                              "Actual Rows": 204611,
                              "Actual Loops": 3,
                              "Recheck Cond": "(keyword_id < 465)",
                              "Rows Removed by Index Recheck": 0,
                              "Exact Heap Blocks": 9296,
                              "Lossy Heap Blocks": 0,
                              "Plans": [
                                {
                                  "Node Type": "Bitmap Index Scan",
                                  "Parent Relationship": "Outer",
                                  "Parallel Aware": false,
                                  "Index Name": "keyword_id_movie_keyword",
                                  "Startup Cost": 0.0,
                                  "Total Cost": 12632.16,
                                  "Plan Rows": 602630,
                                  "Plan Width": 0,
                                  "Actual Startup Time": 30.482,
                                  "Actual Total Time": 30.482,
                                  "Actual Rows": 613834,
                                  "Actual Loops": 1,
                                  "Index Cond": "(keyword_id < 465)"
                                }
                              ]
                            },
                            {
                              "Node Type": "Hash",
                              "Parent Relationship": "Inner",
                              "Parallel Aware": true,
                              "Startup Cost": 42318.73,
                              "Total Cost": 42318.73,
                              "Plan Rows": 632073,
                              "Plan Width": 4,
                              "Actual Startup Time": 412.273,
                              "Actual Total Time": 412.274,
                              "Actual Rows": 842771,
                              "Actual Loops": 3,
                              "Hash Buckets": 4194304,
                              "Original Hash Buckets": 4194304,
                              "Hash Batches": 1,
                              "Original Hash Batches": 1,
                              "Peak Memory Usage": 131744,
                              "Plans": [
                                {
                                  "Node Type": "Seq Scan",
                                  "Parent Relationship": "Outer",
                                  "Parallel Aware": true,
                                  "Relation Name": "title",
                                  "Alias": "t",
                                  "Startup Cost": 0.0,
                                  "Total Cost": 42318.73,
                                  "Plan Rows": 632073,
                                  "Plan Width": 4,
                                  "Actual Startup Time": 0.043,
                                  "Actual Total Time": 117.904,
                                  "Actual Rows": 842771,
                                  "Actual Loops": 3
                                }
                              ]
                            }
                          ]
                        }
                      ]
                    }
                  ]
                }
              ]
            }
          ]
        }
      ]
    },
    "Planning Time": 1.35,
    "Triggers": [],
    "Execution Time": 851.97
  }
]