{
    "Plan": {
        "Node Type": "Aggregate",
        "Strategy": "Plain",
        "Partial Mode": "Finalize",
        "Parallel Aware": false,
        "Startup Cost": 10001377874.68,
        "Total Cost": 10001377874.69,
        "Plan Rows": 1,
        "Plan Width": 96,
        "Actual Startup Time": 23208.073,
        "Actual Total Time": 23317.154,
        "Actual Rows": 1,
        "Actual Loops": 1,
        "Output": [
            "min(k.keyword)",
            "min(n.name)",
            "min(t.title)"
        ],
        "Plans": [
            {
                "Node Type": "Gather",
                "Parent Relationship": "Outer",
                "Parallel Aware": false,
                "Startup Cost": 10001377874.24,
                "Total Cost": 10001377874.65,
                "Plan Rows": 4,
                "Plan Width": 96,
                "Actual Startup Time": 18141.888,
                "Actual Total Time": 23317.098,
                "Actual Rows": 5,
                "Actual Loops": 1,
                "Output": [
                    "(PARTIAL min(k.keyword))",
                    "(PARTIAL min(n.name))",
                    "(PARTIAL min(t.title))"
                ],
                "Workers Planned": 4,
                "Workers Launched": 4,
                "Single Copy": false,
                "Plans": [
                    {
                        "Node Type": "Aggregate",
                        "Strategy": "Plain",
                        "Partial Mode": "Partial",
                        "Parent Relationship": "Outer",
                        "Parallel Aware": false,
                        "Startup Cost": 10001376874.24,
                        "Total Cost": 10001376874.25,
                        "Plan Rows": 1,
                        "Plan Width": 96,
                        "Actual Startup Time": 21166.252,
                        "Actual Total Time": 21166.262,
                        "Actual Rows": 1,
                        "Actual Loops": 5,
                        "Output": [
                            "PARTIAL min(k.keyword)",
                            "PARTIAL min(n.name)",
                            "PARTIAL min(t.title)"
                        ],
                        "Workers": [
                            {
                                "Worker Number": 0,
                                "Actual Startup Time": 23039.613,
                                "Actual Total Time": 23039.623,
                                "Actual Rows": 1,
                                "Actual Loops": 1
                            },
                            {
                                "Worker Number": 1,
                                "Actual Startup Time": 21725.469,
                                "Actual Total Time": 21725.476,
                                "Actual Rows": 1,
                                "Actual Loops": 1
                            },
                            {
                                "Worker Number": 2,
                                "Actual Startup Time": 21300.834,
                                "Actual Total Time": 21300.842,
                                "Actual Rows": 1,
                                "Actual Loops": 1
                            },
                            {
                                "Worker Number": 3,
                                "Actual Startup Time": 21624.803,
                                "Actual Total Time": 21624.811,
                                "Actual Rows": 1,
                                "Actual Loops": 1
                            }
                        ],
                        "Plans": [
                            {
                                "Node Type": "Nested Loop",
                                "Parent Relationship": "Outer",
                                "Parallel Aware": false,
                                "Join Type": "Inner",
                                "Startup Cost": 10001376655.25,
                                "Total Cost": 10001376874.13,
                                "Plan Rows": 15,
                                "Plan Width": 48,
                                "Actual Startup Time": 20683.471,
                                "Actual Total Time": 21165.99,
                                "Actual Rows": 648,
                                "Actual Loops": 5,
                                "Output": [
                                    "k.keyword",
                                    "n.name",
                                    "t.title"
                                ],
                                "Inner Unique": true,
                                "Join Filter": "(mk.movie_id = t.id)",
                                "Rows Removed by Join Filter": 0,
                                "Workers": [
                                    {
                                        "Worker Number": 0,
                                        "Actual Startup Time": 22438.853,
                                        "Actual Total Time": 23039.382,
                                        "Actual Rows": 526,
                                        "Actual Loops": 1
                                    },
                                    {
                                        "Worker Number": 1,
                                        "Actual Startup Time": 21283.352,
                                        "Actual Total Time": 21725.256,
                                        "Actual Rows": 540,
                                        "Actual Loops": 1
                                    },
                                    {
                                        "Worker Number": 2,
                                        "Actual Startup Time": 20822.134,
                                        "Actual Total Time": 21300.605,
                                        "Actual Rows": 557,
                                        "Actual Loops": 1
                                    },
                                    {
                                        "Worker Number": 3,
                                        "Actual Startup Time": 21226.41,
                                        "Actual Total Time": 21624.585,
                                        "Actual Rows": 560,
                                        "Actual Loops": 1
                                    }
                                ],
                                "Plans": [
                                    {
                                        "Node Type": "Merge Join",
                                        "Parent Relationship": "Outer",
                                        "Parallel Aware": false,
                                        "Join Type": "Inner",
                                        "Startup Cost": 1376654.81,
                                        "Total Cost": 1376758.01,
                                        "Plan Rows": 26,
                                        "Plan Width": 39,
                                        "Actual Startup Time": 20674.911,
                                        "Actual Total Time": 21153.88,
                                        "Actual Rows": 1191,
                                        "Actual Loops": 5,
                                        "Output": [
                                            "ci.movie_id",
                                            "mk.movie_id",
                                            "k.keyword",
                                            "n.name"
                                        ],
                                        "Inner Unique": false,
                                        "Merge Cond": "(n.id = ci.person_id)",
                                        "Workers": [
                                            {
                                                "Worker Number": 0,
                                                "Actual Startup Time": 22438.73,
                                                "Actual Total Time": 23028.021,
                                                "Actual Rows": 929,
                                                "Actual Loops": 1
                                            },
                                            {
                                                "Worker Number": 1,
                                                "Actual Startup Time": 21241.024,
                                                "Actual Total Time": 21714.037,
                                                "Actual Rows": 1008,
                                                "Actual Loops": 1
                                            },
                                            {
                                                "Worker Number": 2,
                                                "Actual Startup Time": 20821.937,
                                                "Actual Total Time": 21288.317,
                                                "Actual Rows": 1032,
                                                "Actual Loops": 1
                                            },
                                            {
                                                "Worker Number": 3,
                                                "Actual Startup Time": 21226.296,
                                                "Actual Total Time": 21611.872,
                                                "Actual Rows": 1118,
                                                "Actual Loops": 1
                                            }
                                        ],
                                        "Plans": [
                                            {
                                                "Node Type": "Sort",
                                                "Parent Relationship": "Outer",
                                                "Parallel Aware": false,
                                                "Startup Cost": 69339.67,
                                                "Total Cost": 69365.98,
                                                "Plan Rows": 10524,
                                                "Plan Width": 19,
                                                "Actual Startup Time": 177.4,
                                                "Actual Total Time": 177.716,
                                                "Actual Rows": 2137,
                                                "Actual Loops": 5,
                                                "Output": [
                                                    "n.name",
                                                    "n.id"
                                                ],
                                                "Sort Key": [
                                                    "n.id"
                                                ],
                                                "Sort Method": "quicksort",
                                                "Sort Space Used": 371,
                                                "Sort Space Type": "Memory",
                                                "Workers": [
                                                    {
                                                        "Worker Number": 0,
                                                        "Actual Startup Time": 174.642,
                                                        "Actual Total Time": 174.943,
                                                        "Actual Rows": 1745,
                                                        "Actual Loops": 1
                                                    },
                                                    {
                                                        "Worker Number": 1,
                                                        "Actual Startup Time": 174.644,
                                                        "Actual Total Time": 174.896,
                                                        "Actual Rows": 1736,
                                                        "Actual Loops": 1
                                                    },
                                                    {
                                                        "Worker Number": 2,
                                                        "Actual Startup Time": 174.624,
                                                        "Actual Total Time": 174.888,
                                                        "Actual Rows": 1679,
                                                        "Actual Loops": 1
                                                    },
                                                    {
                                                        "Worker Number": 3,
                                                        "Actual Startup Time": 174.644,
                                                        "Actual Total Time": 174.897,
                                                        "Actual Rows": 1789,
                                                        "Actual Loops": 1
                                                    }
                                                ],
                                                "Plans": [
                                                    {
                                                        "Node Type": "Seq Scan",
                                                        "Parent Relationship": "Outer",
                                                        "Parallel Aware": true,
                                                        "Relation Name": "name",
                                                        "Schema": "public",
                                                        "Alias": "n",
                                                        "Startup Cost": 0.0,
                                                        "Total Cost": 68636.59,
                                                        "Plan Rows": 10524,
                                                        "Plan Width": 19,
                                                        "Actual Startup Time": 4.009,
                                                        "Actual Total Time": 176.442,
                                                        "Actual Rows": 2193,
                                                        "Actual Loops": 5,
                                                        "Output": [
                                                            "n.name",
                                                            "n.id"
                                                        ],
                                                        "Filter": "(n.name ~~ '%Jones,%'::text)",
                                                        "Rows Removed by Filter": 831305,
                                                        "Workers": [
                                                            {
                                                                "Worker Number": 0,
                                                                "Actual Startup Time": 6.072,
                                                                "Actual Total Time": 173.653,
                                                                "Actual Rows": 1804,
                                                                "Actual Loops": 1
                                                            },
                                                            {
                                                                "Worker Number": 1,
                                                                "Actual Startup Time": 1.964,
                                                                "Actual Total Time": 173.689,
                                                                "Actual Rows": 1776,
                                                                "Actual Loops": 1
                                                            },
                                                            {
                                                                "Worker Number": 2,
                                                                "Actual Startup Time": 4.298,
                                                                "Actual Total Time": 173.696,
                                                                "Actual Rows": 1720,
                                                                "Actual Loops": 1
                                                            },
                                                            {
                                                                "Worker Number": 3,
                                                                "Actual Startup Time": 6.716,
                                                                "Actual Total Time": 173.654,
                                                                "Actual Rows": 1820,
                                                                "Actual Loops": 1
                                                            }
                                                        ]
                                                    }
                                                ]
                                            },
                                            {
                                                "Node Type": "Sort",
                                                "Parent Relationship": "Inner",
                                                "Parallel Aware": false,
                                                "Startup Cost": 1307315.14,
                                                "Total Cost": 1307341.05,
                                                "Plan Rows": 10363,
                                                "Plan Width": 28,
                                                "Actual Startup Time": 20446.661,
                                                "Actual Total Time": 20821.938,
                                                "Actual Rows": 1965193,
                                                "Actual Loops": 5,
                                                "Output": [
                                                    "ci.movie_id",
                                                    "ci.person_id",
                                                    "mk.movie_id",
                                                    "k.keyword"
                                                ],
                                                "Sort Key": [
                                                    "ci.person_id"
                                                ],
                                                "Sort Method": "quicksort",
                                                "Sort Space Used": 202683,
                                                "Sort Space Type": "Memory",
                                                "Workers": [
                                                    {
                                                        "Worker Number": 0,
                                                        "Actual Startup Time": 22244.982,
                                                        "Actual Total Time": 22684.549,
                                                        "Actual Rows": 1965193,
                                                        "Actual Loops": 1
                                                    },
                                                    {
                                                        "Worker Number": 1,
                                                        "Actual Startup Time": 21036.864,
                                                        "Actual Total Time": 21388.43,
                                                        "Actual Rows": 1965193,
                                                        "Actual Loops": 1
                                                    },
                                                    {
                                                        "Worker Number": 2,
                                                        "Actual Startup Time": 20607.33,
                                                        "Actual Total Time": 20961.761,
                                                        "Actual Rows": 1965193,
                                                        "Actual Loops": 1
                                                    },
                                                    {
                                                        "Worker Number": 3,
                                                        "Actual Startup Time": 20929.255,
                                                        "Actual Total Time": 21285.261,
                                                        "Actual Rows": 1965193,
                                                        "Actual Loops": 1
                                                    }
                                                ],
                                                "Plans": [
                                                    {
                                                        "Node Type": "Hash Join",
                                                        "Parent Relationship": "Outer",
                                                        "Parallel Aware": false,
                                                        "Join Type": "Inner",
                                                        "Startup Cost": 1302101.04,
                                                        "Total Cost": 1306623.97,
                                                        "Plan Rows": 10363,
                                                        "Plan Width": 28,
                                                        "Actual Startup Time": 19145.657,
                                                        "Actual Total Time": 19876.246,
                                                        "Actual Rows": 1965193,
                                                        "Actual Loops": 5,
                                                        "Output": [
                                                            "ci.movie_id",
                                                            "ci.person_id",
                                                            "mk.movie_id",
                                                            "k.keyword"
                                                        ],
                                                        "Inner Unique": false,
                                                        "Hash Cond": "(mk.movie_id = ci.movie_id)",
                                                        "Workers": [
                                                            {
                                                                "Worker Number": 0,
                                                                "Actual Startup Time": 20867.113,
                                                                "Actual Total Time": 21646.243,
                                                                "Actual Rows": 1965193,
                                                                "Actual Loops": 1
                                                            },
                                                            {
                                                                "Worker Number": 1,
                                                                "Actual Startup Time": 19714.87,
                                                                "Actual Total Time": 20439.407,
                                                                "Actual Rows": 1965193,
                                                                "Actual Loops": 1
                                                            },
                                                            {
                                                                "Worker Number": 2,
                                                                "Actual Startup Time": 19304.413,
                                                                "Actual Total Time": 20017.718,
                                                                "Actual Rows": 1965193,
                                                                "Actual Loops": 1
                                                            },
                                                            {
                                                                "Worker Number": 3,
                                                                "Actual Startup Time": 19610.608,
                                                                "Actual Total Time": 20335.36,
                                                                "Actual Rows": 1965193,
                                                                "Actual Loops": 1
                                                            }
                                                        ],
                                                        "Plans": [
                                                            {
                                                                "Node Type": "Hash Join",
                                                                "Parent Relationship": "Outer",
                                                                "Parallel Aware": false,
                                                                "Join Type": "Inner",
                                                                "Startup Cost": 233726.58,
                                                                "Total Cost": 238132.28,
                                                                "Plan Rows": 270,
                                                                "Plan Width": 20,
                                                                "Actual Startup Time": 2074.421,
                                                                "Actual Total Time": 2112.418,
                                                                "Actual Rows": 35832,
                                                                "Actual Loops": 5,
                                                                "Output": [
                                                                    "k.keyword",
                                                                    "mk.movie_id"
                                                                ],
                                                                "Inner Unique": false,
                                                                "Hash Cond": "(k.id = mk.keyword_id)",
                                                                "Workers": [
                                                                    {
                                                                        "Worker Number": 0,
                                                                        "Actual Startup Time": 2262.005,
                                                                        "Actual Total Time": 2303.195,
                                                                        "Actual Rows": 35832,
                                                                        "Actual Loops": 1
                                                                    },
                                                                    {
                                                                        "Worker Number": 1,
                                                                        "Actual Startup Time": 2262.004,
                                                                        "Actual Total Time": 2299.025,
                                                                        "Actual Rows": 35832,
                                                                        "Actual Loops": 1
                                                                    },
                                                                    {
                                                                        "Worker Number": 2,
                                                                        "Actual Startup Time": 2262.02,
                                                                        "Actual Total Time": 2299.855,
                                                                        "Actual Rows": 35832,
                                                                        "Actual Loops": 1
                                                                    },
                                                                    {
                                                                        "Worker Number": 3,
                                                                        "Actual Startup Time": 2261.998,
                                                                        "Actual Total Time": 2299.307,
                                                                        "Actual Rows": 35832,
                                                                        "Actual Loops": 1
                                                                    }
                                                                ],
                                                                "Plans": [
                                                                    {
                                                                        "Node Type": "Seq Scan",
                                                                        "Parent Relationship": "Outer",
                                                                        "Parallel Aware": false,
                                                                        "Relation Name": "keyword",
                                                                        "Schema": "public",
                                                                        "Alias": "k",
                                                                        "Startup Cost": 0.0,
                                                                        "Total Cost": 3632.4,
                                                                        "Plan Rows": 8,
                                                                        "Plan Width": 20,
                                                                        "Actual Startup Time": 0.04,
                                                                        "Actual Total Time": 20.939,
                                                                        "Actual Rows": 7,
                                                                        "Actual Loops": 5,
                                                                        "Output": [
                                                                            "k.id",
                                                                            "k.keyword",
                                                                            "k.phonetic_code"
                                                                        ],
                                                                        "Filter": "(k.keyword = ANY ('{hand-to-hand-combat,violence,computer-animated-movie,hero,based-on-comic,gore,revenge,blood}'::text[]))",
                                                                        "Rows Removed by Filter": 134163,
                                                                        "Workers": [
                                                                            {
                                                                                "Worker Number": 0,
                                                                                "Actual Startup Time": 0.044,
                                                                                "Actual Total Time": 21.706,
                                                                                "Actual Rows": 7,
                                                                                "Actual Loops": 1
                                                                            },
                                                                            {
                                                                                "Worker Number": 1,
                                                                                "Actual Startup Time": 0.043,
                                                                                "Actual Total Time": 20.554,
                                                                                "Actual Rows": 7,
                                                                                "Actual Loops": 1
                                                                            },
                                                                            {
                                                                                "Worker Number": 2,
                                                                                "Actual Startup Time": 0.052,
                                                                                "Actual Total Time": 21.331,
                                                                                "Actual Rows": 7,
                                                                                "Actual Loops": 1
                                                                            },
                                                                            {
                                                                                "Worker Number": 3,
                                                                                "Actual Startup Time": 0.038,
                                                                                "Actual Total Time": 20.57,
                                                                                "Actual Rows": 7,
                                                                                "Actual Loops": 1
                                                                            }
                                                                        ]
                                                                    },
                                                                    {
                                                                        "Node Type": "Hash",
                                                                        "Parent Relationship": "Inner",
                                                                        "Parallel Aware": false,
                                                                        "Startup Cost": 177177.46,
                                                                        "Total Cost": 177177.46,
                                                                        "Plan Rows": 4523930,
                                                                        "Plan Width": 8,
                                                                        "Actual Startup Time": 2029.403,
                                                                        "Actual Total Time": 2029.405,
                                                                        "Actual Rows": 4523930,
                                                                        "Actual Loops": 5,
                                                                        "Output": [
                                                                            "mk.keyword_id",
                                                                            "mk.movie_id"
                                                                        ],
                                                                        "Hash Buckets": 8388608,
                                                                        "Original Hash Buckets": 8388608,
                                                                        "Hash Batches": 1,
                                                                        "Original Hash Batches": 1,
                                                                        "Peak Memory Usage": 242253,
                                                                        "Workers": [
                                                                            {
                                                                                "Worker Number": 0,
                                                                                "Actual Startup Time": 2208.507,
                                                                                "Actual Total Time": 2208.508,
                                                                                "Actual Rows": 4523930,
                                                                                "Actual Loops": 1
                                                                            },
                                                                            {
                                                                                "Worker Number": 1,
                                                                                "Actual Startup Time": 2207.633,
                                                                                "Actual Total Time": 2207.634,
                                                                                "Actual Rows": 4523930,
                                                                                "Actual Loops": 1
                                                                            },
                                                                            {
                                                                                "Worker Number": 2,
                                                                                "Actual Startup Time": 2207.892,
                                                                                "Actual Total Time": 2207.893,
                                                                                "Actual Rows": 4523930,
                                                                                "Actual Loops": 1
                                                                            },
                                                                            {
                                                                                "Worker Number": 3,
                                                                                "Actual Startup Time": 2207.995,
                                                                                "Actual Total Time": 2207.996,
                                                                                "Actual Rows": 4523930,
                                                                                "Actual Loops": 1
                                                                            }
                                                                        ],
                                                                        "Plans": [
                                                                            {
                                                                                "Node Type": "Index Scan",
                                                                                "Parent Relationship": "Outer",
                                                                                "Parallel Aware": false,
                                                                                "Scan Direction": "Forward",
                                                                                "Index Name": "movie_id_movie_keyword",
                                                                                "Relation Name": "movie_keyword",
                                                                                "Schema": "public",
                                                                                "Alias": "mk",
                                                                                "Startup Cost": 0.43,
                                                                                "Total Cost": 177177.46,
                                                                                "Plan Rows": 4523930,
                                                                                "Plan Width": 8,
                                                                                "Actual Startup Time": 0.084,
                                                                                "Actual Total Time": 1023.908,
                                                                                "Actual Rows": 4523930,
                                                                                "Actual Loops": 5,
                                                                                "Output": [
                                                                                    "mk.keyword_id",
                                                                                    "mk.movie_id"
                                                                                ],
                                                                                "Workers": [
                                                                                    {
                                                                                        "Worker Number": 0,
                                                                                        "Actual Startup Time": 0.174,
                                                                                        "Actual Total Time": 1105.023,
                                                                                        "Actual Rows": 4523930,
                                                                                        "Actual Loops": 1
                                                                                    },
                                                                                    {
                                                                                        "Worker Number": 1,
                                                                                        "Actual Startup Time": 0.077,
                                                                                        "Actual Total Time": 1119.26,
                                                                                        "Actual Rows": 4523930,
                                                                                        "Actual Loops": 1
                                                                                    },
                                                                                    {
                                                                                        "Worker Number": 2,
                                                                                        "Actual Startup Time": 0.065,
                                                                                        "Actual Total Time": 1116.44,
                                                                                        "Actual Rows": 4523930,
                                                                                        "Actual Loops": 1
                                                                                    },
                                                                                    {
                                                                                        "Worker Number": 3,
                                                                                        "Actual Startup Time": 0.071,
                                                                                        "Actual Total Time": 1103.179,
                                                                                        "Actual Rows": 4523930,
                                                                                        "Actual Loops": 1
                                                                                    }
                                                                                ]
                                                                            }
                                                                        ]
                                                                    }
                                                                ]
                                                            },
                                                            {
                                                                "Node Type": "Hash",
                                                                "Parent Relationship": "Inner",
                                                                "Parallel Aware": false,
                                                                "Startup Cost": 615214.76,
                                                                "Total Cost": 615214.76,
                                                                "Plan Rows": 36252776,
                                                                "Plan Width": 8,
                                                                "Actual Startup Time": 16777.721,
                                                                "Actual Total Time": 16777.721,
                                                                "Actual Rows": 36244344,
                                                                "Actual Loops": 5,
                                                                "Output": [
                                                                    "ci.movie_id",
                                                                    "ci.person_id"
                                                                ],
                                                                "Hash Buckets": 67108864,
                                                                "Original Hash Buckets": 67108864,
                                                                "Hash Batches": 1,
                                                                "Original Hash Batches": 1,
                                                                "Peak Memory Usage": 1940083,
                                                                "Workers": [
                                                                    {
                                                                        "Worker Number": 0,
                                                                        "Actual Startup Time": 18280.425,
                                                                        "Actual Total Time": 18280.426,
                                                                        "Actual Rows": 36244344,
                                                                        "Actual Loops": 1
                                                                    },
                                                                    {
                                                                        "Worker Number": 1,
                                                                        "Actual Startup Time": 17125.556,
                                                                        "Actual Total Time": 17125.557,
                                                                        "Actual Rows": 36244344,
                                                                        "Actual Loops": 1
                                                                    },
                                                                    {
                                                                        "Worker Number": 2,
                                                                        "Actual Startup Time": 16717.316,
                                                                        "Actual Total Time": 16717.316,
                                                                        "Actual Rows": 36244344,
                                                                        "Actual Loops": 1
                                                                    },
                                                                    {
                                                                        "Worker Number": 3,
                                                                        "Actual Startup Time": 16939.624,
                                                                        "Actual Total Time": 16939.624,
                                                                        "Actual Rows": 36244344,
                                                                        "Actual Loops": 1
                                                                    }
                                                                ],
                                                                "Plans": [
                                                                    {
                                                                        "Node Type": "Seq Scan",
                                                                        "Parent Relationship": "Outer",
                                                                        "Parallel Aware": false,
                                                                        "Relation Name": "cast_info",
                                                                        "Schema": "public",
                                                                        "Alias": "ci",
                                                                        "Startup Cost": 0.0,
                                                                        "Total Cost": 615214.76,
                                                                        "Plan Rows": 36252776,
                                                                        "Plan Width": 8,
                                                                        "Actual Startup Time": 0.064,
                                                                        "Actual Total Time": 3850.309,
                                                                        "Actual Rows": 36244344,
                                                                        "Actual Loops": 5,
                                                                        "Output": [
                                                                            "ci.movie_id",
                                                                            "ci.person_id"
                                                                        ],
                                                                        "Workers": [
                                                                            {
                                                                                "Worker Number": 0,
                                                                                "Actual Startup Time": 0.082,
                                                                                "Actual Total Time": 4257.253,
                                                                                "Actual Rows": 36244344,
                                                                                "Actual Loops": 1
                                                                            },
                                                                            {
                                                                                "Worker Number": 1,
                                                                                "Actual Startup Time": 0.044,
                                                                                "Actual Total Time": 3829.463,
                                                                                "Actual Rows": 36244344,
                                                                                "Actual Loops": 1
                                                                            },
                                                                            {
                                                                                "Worker Number": 2,
                                                                                "Actual Startup Time": 0.05,
                                                                                "Actual Total Time": 3707.257,
                                                                                "Actual Rows": 36244344,
                                                                                "Actual Loops": 1
                                                                            },
                                                                            {
                                                                                "Worker Number": 3,
                                                                                "Actual Startup Time": 0.116,
                                                                                "Actual Total Time": 3832.501,
                                                                                "Actual Rows": 36244344,
                                                                                "Actual Loops": 1
                                                                            }
                                                                        ]
                                                                    }
                                                                ]
                                                            }
                                                        ]
                                                    }
                                                ]
                                            }
                                        ]
                                    },
                                    {
                                        "Node Type": "Bitmap Heap Scan",
                                        "Parent Relationship": "Inner",
                                        "Parallel Aware": false,
                                        "Relation Name": "title",
                                        "Schema": "public",
                                        "Alias": "t",
                                        "Startup Cost": 0.44,
                                        "Total Cost": 4.45,
                                        "Plan Rows": 1,
                                        "Plan Width": 21,
                                        "Actual Startup Time": 0.008,
                                        "Actual Total Time": 0.008,
                                        "Actual Rows": 1,
                                        "Actual Loops": 5957,
                                        "Output": [
                                            "t.id",
                                            "t.title",
                                            "t.imdb_index",
                                            "t.kind_id",
                                            "t.production_year",
                                            "t.imdb_id",
                                            "t.phonetic_code",
                                            "t.episode_of_id",
                                            "t.season_nr",
                                            "t.episode_nr",
                                            "t.series_years",
                                            "t.md5sum"
                                        ],
                                        "Recheck Cond": "(t.id = ci.movie_id)",
                                        "Rows Removed by Index Recheck": 0,
                                        "Filter": "(t.production_year > 1999)",
                                        "Rows Removed by Filter": 0,
                                        "Exact Heap Blocks": 1870,
                                        "Lossy Heap Blocks": 0,
                                        "Workers": [
                                            {
                                                "Worker Number": 0,
                                                "Actual Startup Time": 0.01,
                                                "Actual Total Time": 0.01,
                                                "Actual Rows": 1,
                                                "Actual Loops": 929
                                            },
                                            {
                                                "Worker Number": 1,
                                                "Actual Startup Time": 0.009,
                                                "Actual Total Time": 0.009,
                                                "Actual Rows": 1,
                                                "Actual Loops": 1008
                                            },
                                            {
                                                "Worker Number": 2,
                                                "Actual Startup Time": 0.01,
                                                "Actual Total Time": 0.01,
                                                "Actual Rows": 1,
                                                "Actual Loops": 1032
                                            },
                                            {
                                                "Worker Number": 3,
                                                "Actual Startup Time": 0.01,
                                                "Actual Total Time": 0.01,
                                                "Actual Rows": 1,
                                                "Actual Loops": 1118
                                            }
                                        ],
                                        "Plans": [
                                            {
                                                "Node Type": "Bitmap Index Scan",
                                                "Parent Relationship": "Outer",
                                                "Parallel Aware": false,
                                                "Index Name": "title_pkey",
                                                "Startup Cost": 0.0,
                                                "Total Cost": 0.44,
                                                "Plan Rows": 1,
                                                "Plan Width": 0,
                                                "Actual Startup Time": 0.005,
                                                "Actual Total Time": 0.005,
                                                "Actual Rows": 1,
                                                "Actual Loops": 5957,
                                                "Index Cond": "(t.id = ci.movie_id)",
                                                "Workers": [
                                                    {
                                                        "Worker Number": 0,
                                                        "Actual Startup Time": 0.006,
                                                        "Actual Total Time": 0.006,
                                                        "Actual Rows": 1,
                                                        "Actual Loops": 929
                                                    },
                                                    {
                                                        "Worker Number": 1,
                                                        "Actual Startup Time": 0.005,
                                                        "Actual Total Time": 0.005,
                                                        "Actual Rows": 1,
                                                        "Actual Loops": 1008
                                                    },
                                                    {
                                                        "Worker Number": 2,
                                                        "Actual Startup Time": 0.005,
                                                        "Actual Total Time": 0.005,
                                                        "Actual Rows": 1,
                                                        "Actual Loops": 1032
                                                    },
                                                    {
                                                        "Worker Number": 3,
                                                        "Actual Startup Time": 0.005,
                                                        "Actual Total Time": 0.005,
                                                        "Actual Rows": 1,
                                                        "Actual Loops": 1118
                                                    }
                                                ]
                                            }
                                        ]
                                    }
                                ]
                            }
                        ]
                    }
                ]
            }
        ]
    },
    "Planning Time": 2.038,
    "Triggers": [],
    "Execution Time": 23340.517
}