{
  "Plan": {
    "Node Type": "Aggregate",
    "Strategy": "Plain",
    "Partial Mode": "Finalize",
    "Parallel Aware": false,
    "Startup Cost": 513448.96,
    "Total Cost": 513448.97,
    "Plan Rows": 1,
    "Plan Width": 8,
    "Actual Startup Time": 2671.384,
    "Actual Total Time": 2705.202,
    "Actual Rows": 1,
    "Actual Loops": 1,
    "Plans": [
      {
        "Node Type": "Gather",
        "Parent Relationship": "Outer",
        "Parallel Aware": false,
        "Startup Cost": 513448.85,
        "Total Cost": 513448.96,
        "Plan Rows": 1,
        "Plan Width": 8,
        "Actual Startup Time": 2669.823,
        "Actual Total Time": 2705.193,
        "Actual Rows": 2,
        "Actual Loops": 1,
        "Workers Planned": 1,
        "Workers Launched": 1,
        "Single Copy": false,
        "Plans": [
          {
            "Node Type": "Aggregate",
            "Strategy": "Plain",
            "Partial Mode": "Partial",
            "Parent Relationship": "Outer",
            "Parallel Aware": false,
            "Startup Cost": 512448.85,
            "Total Cost": 512448.86,
            "Plan Rows": 1,
            "Plan Width": 8,
            "Actual Startup Time": 2663.681,
            "Actual Total Time": 2663.844,
            "Actual Rows": 1,
            "Actual Loops": 2,
            "Plans": [
              {
                "Node Type": "Hash Join",
                "Parent Relationship": "Outer",
                "Parallel Aware": true,
                "Join Type": "Inner",
                "Startup Cost": 464846.93,
                "Total Cost": 511823.11,
                "Plan Rows": 250296,
                "Plan Width": 0,
                "Actual Startup Time": 2365.161,
                "Actual Total Time": 2655.478,
                "Actual Rows": 168913,
                "Actual Loops": 2,
                "Inner Unique": false,
                "Hash Cond": "(mc.movie_id = t.id)",
                "Plans": [
                  {
                    "Node Type": "Seq Scan",
                    "Parent Relationship": "Outer",
                    "Parallel Aware": true,
                    "Relation Name": "movie_companies",
                    "Alias": "mc",
                    "Startup Cost": 0.0,
                    "Total Cost": 37974.77,
                    "Plan Rows": 1204652,
                    "Plan Width": 4,
                    "Actual Startup Time": 0.019,
                    "Actual Total Time": 127.377,
                    "Actual Rows": 1016874,
                    "Actual Loops": 2,
                    "Filter": "(company_id < 71156)",
                    "Rows Removed by Filter": 287690
                  },
                  {
                    "Node Type": "Hash",
                    "Parent Relationship": "Inner",
                    "Parallel Aware": true,
                    "Startup Cost": 460984.32,
                    "Total Cost": 460984.32,
                    "Plan Rows": 309009,
                    "Plan Width": 8,
                    "Actual Startup Time": 2355.625,
                    "Actual Total Time": 2355.787,
                    "Actual Rows": 248310,
                    "Actual Loops": 2,
                    "Hash Buckets": 1048576,
                    "Original Hash Buckets": 1048576,
                    "Hash Batches": 1,
                    "Original Hash Batches": 1,
                    "Peak Memory Usage": 27648,
                    "Plans": [
                      {
                        "Node Type": "Hash Join",
                        "Parent Relationship": "Outer",
                        "Parallel Aware": true,
                        "Join Type": "Inner",
                        "Startup Cost": 59089.82,
                        "Total Cost": 460984.32,
                        "Plan Rows": 309009,
                        "Plan Width": 8,
                        "Actual Startup Time": 170.368,
                        "Actual Total Time": 2263.925,
                        "Actual Rows": 248310,
                        "Actual Loops": 2,
                        "Inner Unique": true,
                        "Hash Cond": "(ci.movie_id = t.id)",
                        "Plans": [
                          {
                            "Node Type": "Index Scan",
                            "Parent Relationship": "Outer",
                            "Parallel Aware": true,
                            "Scan Direction": "Forward",
                            "Index Name": "role_id_cast_info",
                            "Relation Name": "cast_info",
                            "Alias": "ci",
                            "Startup Cost": 0.56,
                            "Total Cost": 382631.05,
                            "Plan Rows": 7338659,
                            "Plan Width": 4,
                            "Actual Startup Time": 0.239,
                            "Actual Total Time": 1039.293,
                            "Actual Rows": 6335344,
                            "Actual Loops": 2,
                            "Index Cond": "(role_id < 2)",
                            "Rows Removed by Index Recheck": 0
                          },
                          {
                            "Node Type": "Hash",
                            "Parent Relationship": "Inner",
                            "Parallel Aware": true,
                            "Startup Cost": 58306.47,
                            "Total Cost": 58306.47,
                            "Plan Rows": 62623,
                            "Plan Width": 4,
                            "Actual Startup Time": 169.134,
                            "Actual Total Time": 169.135,
                            "Actual Rows": 57982,
                            "Actual Loops": 2,
                            "Hash Buckets": 131072,
                            "Original Hash Buckets": 131072,
                            "Hash Batches": 1,
                            "Original Hash Batches": 1,
                            "Peak Memory Usage": 5600,
                            "Plans": [
                              {
                                "Node Type": "Seq Scan",
                                "Parent Relationship": "Outer",
                                "Parallel Aware": true,
                                "Relation Name": "title",
                                "Alias": "t",
                                "Startup Cost": 0.0,
                                "Total Cost": 58306.47,
                                "Plan Rows": 62623,
                                "Plan Width": 4,
                                "Actual Startup Time": 0.036,
                                "Actual Total Time": 151.874,
                                "Actual Rows": 57982,
                                "Actual Loops": 2,
                                "Filter": "((kind_id > 3) AND (production_year = 2012))",
                                "Rows Removed by Filter": 1206174
                              }
                            ]
                          }
                        ]
                      }
                    ]
                  }
                ]
              }
            ]
          }
        ]
      }
    ]
  },
  "Planning Time": 0.989,
  "Triggers": [],
  "Execution Time": 2705.298
}