[
  {
    "Plan": {
      "Node Type": "Aggregate",
      "Strategy": "Plain",
      "Partial Mode": "Finalize",
      "Parallel Aware": false,
      "Startup Cost": 45813.67,
      "Total Cost": 45813.68,
      "Plan Rows": 1,
      "Plan Width": 8,
      "Actual Startup Time": 177.316,
      "Actual Total Time": 187.066,
      "Actual Rows": 1,
      "Actual Loops": 1,
      "Plans": [
        {
          "Node Type": "Gather",
          "Parent Relationship": "Outer",
          "Parallel Aware": false,
          "Startup Cost": 45813.35,
          "Total Cost": 45813.66,
          "Plan Rows": 3,
          "Plan Width": 8,
          "Actual Startup Time": 177.072,
          "Actual Total Time": 187.054,
          "Actual Rows": 4,
          "Actual Loops": 1,
          "Workers Planned": 3,
          "Workers Launched": 3,
          "Single Copy": false,
          "Plans": [
            {
              "Node Type": "Aggregate",
              "Strategy": "Plain",
              "Partial Mode": "Partial",
              "Parent Relationship": "Outer",
              "Parallel Aware": false,
              "Startup Cost": 44813.35,
              "Total Cost": 44813.36,
              "Plan Rows": 1,
              "Plan Width": 8,
              "Actual Startup Time": 168.098,
              "Actual Total Time": 168.099,
              "Actual Rows": 1,
              "Actual Loops": 4,
              "Plans": [
                {
                  "Node Type": "Seq Scan",
                  "Parent Relationship": "Outer",
                  "Parallel Aware": true,
                  "Relation Name": "movie_keyword",
                  "Alias": "mk",
                  "Startup Cost": 0.0,
                  "Total Cost": 42695.65,
                  "Plan Rows": 847079,
                  "Plan Width": 0,
                  "Actual Startup Time": 0.512,
                  "Actual Total Time": 133.454,
                  "Actual Rows": 655664,
                  "Actual Loops": 4,
                  "Filter": "(keyword_id > 3259)",
                  "Rows Removed by Filter": 475319
                }
              ]
            }
          ]
        }
      ]
    },
    "Planning Time": 0.186,
    "Triggers": [],
    "Execution Time": 187.119
  }
]