{
  "Plan": {
    "Node Type": "Aggregate",
    "Strategy": "Plain",
    "Partial Mode": "Finalize",
    "Parallel Aware": false,
    "Startup Cost": 97978.62,
    "Total Cost": 97978.63,
    "Plan Rows": 1,
    "Plan Width": 8,
    "Actual Startup Time": 279.147,
    "Actual Total Time": 304.079,
    "Actual Rows": 1,
    "Actual Loops": 1,
    "Plans": [
      {
        "Node Type": "Gather",
        "Parent Relationship": "Outer",
        "Parallel Aware": false,
        "Startup Cost": 97978.51,
        "Total Cost": 97978.62,
        "Plan Rows": 1,
        "Plan Width": 8,
        "Actual Startup Time": 278.763,
        "Actual Total Time": 304.07,
        "Actual Rows": 2,
        "Actual Loops": 1,
        "Workers Planned": 1,
        "Workers Launched": 1,
        "Single Copy": false,
        "Plans": [
          {
            "Node Type": "Aggregate",
            "Strategy": "Plain",
            "Partial Mode": "Partial",
            "Parent Relationship": "Outer",
            "Parallel Aware": false,
            "Startup Cost": 96978.51,
            "Total Cost": 96978.52,
            "Plan Rows": 1,
            "Plan Width": 8,
            "Actual Startup Time": 272.643,
            "Actual Total Time": 272.647,
            "Actual Rows": 1,
            "Actual Loops": 2,
            "Plans": [
              {
                "Node Type": "Nested Loop",
                "Parent Relationship": "Outer",
                "Parallel Aware": false,
                "Join Type": "Inner",
                "Startup Cost": 63086.39,
                "Total Cost": 96976.27,
                "Plan Rows": 896,
                "Plan Width": 0,
                "Actual Startup Time": 161.047,
                "Actual Total Time": 272.348,
                "Actual Rows": 4906,
                "Actual Loops": 2,
                "Inner Unique": false,
                "Join Filter": "(t.id = mi.movie_id)",
                "Rows Removed by Join Filter": 0,
                "Plans": [
                  {
                    "Node Type": "Hash Join",
                    "Parent Relationship": "Outer",
                    "Parallel Aware": true,
                    "Join Type": "Inner",
                    "Startup Cost": 63085.96,
                    "Total Cost": 91046.03,
                    "Plan Rows": 1685,
                    "Plan Width": 8,
                    "Actual Startup Time": 159.475,
                    "Actual Total Time": 227.467,
                    "Actual Rows": 1850,
                    "Actual Loops": 2,
                    "Inner Unique": true,
                    "Hash Cond": "(mk.movie_id = t.id)",
                    "Plans": [
                      {
                        "Node Type": "Bitmap Heap Scan",
                        "Parent Relationship": "Outer",
                        "Parallel Aware": true,
                        "Relation Name": "movie_keyword",
                        "Alias": "mk",
                        "Startup Cost": 8362.48,
                        "Total Cost": 35714.06,
                        "Plan Rows": 231806,
                        "Plan Width": 4,
                        "Actual Startup Time": 23.799,
                        "Actual Total Time": 73.877,
                        "Actual Rows": 191224,
                        "Actual Loops": 2,
                        "Recheck Cond": "(keyword_id > 44737)",
                        "Rows Removed by Index Recheck": 0,
                        "Exact Heap Blocks": 15602,
                        "Lossy Heap Blocks": 0,
                        "Plans": [
                          {
                            "Node Type": "Bitmap Index Scan",
                            "Parent Relationship": "Outer",
                            "Parallel Aware": false,
                            "Index Name": "keyword_id_movie_keyword",
                            "Startup Cost": 0.0,
                            "Total Cost": 8263.97,
                            "Plan Rows": 394071,
                            "Plan Width": 0,
                            "Actual Startup Time": 20.498,
                            "Actual Total Time": 20.498,
                            "Actual Rows": 382448,
                            "Actual Loops": 1,
                            "Index Cond": "(keyword_id > 44737)"
                          }
                        ]
                      },
                      {
                        "Node Type": "Hash",
                        "Parent Relationship": "Inner",
                        "Parallel Aware": true,
                        "Startup Cost": 54588.39,
                        "Total Cost": 54588.39,
                        "Plan Rows": 10807,
                        "Plan Width": 4,
                        "Actual Startup Time": 134.26,
                        "Actual Total Time": 134.261,
                        "Actual Rows": 10061,
                        "Actual Loops": 2,
                        "Hash Buckets": 32768,
                        "Original Hash Buckets": 32768,
                        "Hash Batches": 1,
                        "Original Hash Batches": 1,
                        "Peak Memory Usage": 1088,
                        "Plans": [
                          {
                            "Node Type": "Seq Scan",
                            "Parent Relationship": "Outer",
                            "Parallel Aware": true,
                            "Relation Name": "title",
                            "Alias": "t",
                            "Startup Cost": 0.0,
                            "Total Cost": 54588.39,
                            "Plan Rows": 10807,
                            "Plan Width": 4,
                            "Actual Startup Time": 0.072,
                            "Actual Total Time": 130.572,
                            "Actual Rows": 10061,
                            "Actual Loops": 2,
                            "Filter": "(production_year = 1987)",
                            "Rows Removed by Filter": 1254095
                          }
                        ]
                      }
                    ]
                  },
                  {
                    "Node Type": "Index Scan",
                    "Parent Relationship": "Inner",
                    "Parallel Aware": false,
                    "Scan Direction": "Forward",
                    "Index Name": "movie_id_movie_info",
                    "Relation Name": "movie_info",
                    "Alias": "mi",
                    "Startup Cost": 0.43,
                    "Total Cost": 3.47,
                    "Plan Rows": 4,
                    "Plan Width": 4,
                    "Actual Startup Time": 0.011,
                    "Actual Total Time": 0.024,
                    "Actual Rows": 3,
                    "Actual Loops": 3699,
                    "Index Cond": "(movie_id = mk.movie_id)",
                    "Rows Removed by Index Recheck": 0,
                    "Filter": "(info_type_id = 7)",
                    "Rows Removed by Filter": 70
                  }
                ]
              }
            ]
          }
        ]
      }
    ]
  },
  "Planning Time": 0.871,
  "Triggers": [],
  "Execution Time": 304.186
}