{
  "Plan": {
    "Node Type": "Aggregate",
    "Strategy": "Plain",
    "Partial Mode": "Finalize",
    "Parallel Aware": false,
    "Startup Cost": 669793.61,
    "Total Cost": 669793.62,
    "Plan Rows": 1,
    "Plan Width": 8,
    "Actual Startup Time": 5027.287,
    "Actual Total Time": 5100.391,
    "Actual Rows": 1,
    "Actual Loops": 1,
    "Plans": [
      {
        "Node Type": "Gather",
        "Parent Relationship": "Outer",
        "Parallel Aware": false,
        "Startup Cost": 669793.49,
        "Total Cost": 669793.6,
        "Plan Rows": 1,
        "Plan Width": 8,
        "Actual Startup Time": 5021.539,
        "Actual Total Time": 5100.379,
        "Actual Rows": 2,
        "Actual Loops": 1,
        "Workers Planned": 1,
        "Workers Launched": 1,
        "Single Copy": false,
        "Plans": [
          {
            "Node Type": "Aggregate",
            "Strategy": "Plain",
            "Partial Mode": "Partial",
            "Parent Relationship": "Outer",
            "Parallel Aware": false,
            "Startup Cost": 668793.49,
            "Total Cost": 668793.5,
            "Plan Rows": 1,
            "Plan Width": 8,
            "Actual Startup Time": 5015.487,
            "Actual Total Time": 5015.787,
            "Actual Rows": 1,
            "Actual Loops": 2,
            "Plans": [
              {
                "Node Type": "Hash Join",
                "Parent Relationship": "Outer",
                "Parallel Aware": true,
                "Join Type": "Inner",
                "Startup Cost": 104022.62,
                "Total Cost": 663107.98,
                "Plan Rows": 2274204,
                "Plan Width": 0,
                "Actual Startup Time": 697.164,
                "Actual Total Time": 4779.256,
                "Actual Rows": 5767360,
                "Actual Loops": 2,
                "Inner Unique": false,
                "Hash Cond": "(ci.movie_id = t.id)",
                "Plans": [
                  {
                    "Node Type": "Seq Scan",
                    "Parent Relationship": "Outer",
                    "Parallel Aware": true,
                    "Relation Name": "cast_info",
                    "Alias": "ci",
                    "Startup Cost": 0.0,
                    "Total Cost": 465792.95,
                    "Plan Rows": 21310595,
                    "Plan Width": 4,
                    "Actual Startup Time": 0.015,
                    "Actual Total Time": 1348.69,
                    "Actual Rows": 18122172,
                    "Actual Loops": 2
                  },
                  {
                    "Node Type": "Hash",
                    "Parent Relationship": "Inner",
                    "Parallel Aware": true,
                    "Startup Cost": 102038.71,
                    "Total Cost": 102038.71,
                    "Plan Rows": 158713,
                    "Plan Width": 8,
                    "Actual Startup Time": 691.579,
                    "Actual Total Time": 691.877,
                    "Actual Rows": 141924,
                    "Actual Loops": 2,
                    "Hash Buckets": 524288,
                    "Original Hash Buckets": 524288,
                    "Hash Batches": 1,
                    "Original Hash Batches": 1,
                    "Peak Memory Usage": 15232,
                    "Plans": [
                      {
                        "Node Type": "Hash Join",
                        "Parent Relationship": "Outer",
                        "Parallel Aware": true,
                        "Join Type": "Inner",
                        "Startup Cost": 75184.17,
                        "Total Cost": 102038.71,
                        "Plan Rows": 158713,
                        "Plan Width": 8,
                        "Actual Startup Time": 550.332,
                        "Actual Total Time": 659.084,
                        "Actual Rows": 141924,
                        "Actual Loops": 2,
                        "Inner Unique": true,
                        "Hash Cond": "(mk.movie_id = t.id)",
                        "Plans": [
                          {
                            "Node Type": "Bitmap Heap Scan",
                            "Parent Relationship": "Outer",
                            "Parallel Aware": true,
                            "Relation Name": "movie_keyword",
                            "Alias": "mk",
                            "Startup Cost": 5723.48,
                            "Total Cost": 32161.39,
                            "Plan Rows": 158713,
                            "Plan Width": 4,
                            "Actual Startup Time": 21.466,
                            "Actual Total Time": 74.141,
                            "Actual Rows": 141924,
                            "Actual Loops": 2,
                            "Recheck Cond": "(keyword_id < 236)",
                            "Rows Removed by Index Recheck": 0,
                            "Exact Heap Blocks": 12982,
                            "Lossy Heap Blocks": 0,
                            "Plans": [
                              {
                                "Node Type": "Bitmap Index Scan",
                                "Parent Relationship": "Outer",
                                "Parallel Aware": false,
                                "Index Name": "keyword_id_movie_keyword",
                                "Startup Cost": 0.0,
                                "Total Cost": 5656.02,
                                "Plan Rows": 269812,
                                "Plan Width": 0,
                                "Actual Startup Time": 17.922,
                                "Actual Total Time": 17.923,
                                "Actual Rows": 283847,
                                "Actual Loops": 1,
                                "Index Cond": "(keyword_id < 236)"
                              }
                            ]
                          },
                          {
                            "Node Type": "Hash",
                            "Parent Relationship": "Inner",
                            "Parallel Aware": true,
                            "Startup Cost": 50870.31,
                            "Total Cost": 50870.31,
                            "Plan Rows": 1487231,
                            "Plan Width": 4,
                            "Actual Startup Time": 511.422,
                            "Actual Total Time": 511.423,
                            "Actual Rows": 1264156,
                            "Actual Loops": 2,
                            "Hash Buckets": 4194304,
                            "Original Hash Buckets": 4194304,
                            "Hash Batches": 1,
                            "Original Hash Batches": 1,
                            "Peak Memory Usage": 131712,
                            "Plans": [
                              {
                                "Node Type": "Seq Scan",
                                "Parent Relationship": "Outer",
                                "Parallel Aware": true,
                                "Relation Name": "title",
                                "Alias": "t",
                                "Startup Cost": 0.0,
                                "Total Cost": 50870.31,
                                "Plan Rows": 1487231,
                                "Plan Width": 4,
                                "Actual Startup Time": 0.037,
                                "Actual Total Time": 151.794,
                                "Actual Rows": 1264156,
                                "Actual Loops": 2
                              }
                            ]
                          }
                        ]
                      }
                    ]
                  }
                ]
              }
            ]
          }
        ]
      }
    ]
  },
  "Planning Time": 1.068,
  "Triggers": [],
  "Execution Time": 5100.508
}