[
  {
    "Plan": {
      "Node Type": "Aggregate",
      "Strategy": "Plain",
      "Partial Mode": "Finalize",
      "Parallel Aware": false,
      "Startup Cost": 32677.99,
      "Total Cost": 32678.0,
      "Plan Rows": 1,
      "Plan Width": 8,
      "Actual Startup Time": 99.527,
      "Actual Total Time": 109.249,
      "Actual Rows": 1,
      "Actual Loops": 1,
      "Plans": [
        {
          "Node Type": "Gather",
          "Parent Relationship": "Outer",
          "Parallel Aware": false,
          "Startup Cost": 32677.67,
          "Total Cost": 32677.98,
          "Plan Rows": 3,
          "Plan Width": 8,
          "Actual Startup Time": 99.355,
          "Actual Total Time": 109.237,
          "Actual Rows": 4,
          "Actual Loops": 1,
          "Workers Planned": 3,
          "Workers Launched": 3,
          "Single Copy": false,
          "Plans": [
            {
              "Node Type": "Aggregate",
              "Strategy": "Plain",
              "Partial Mode": "Partial",
              "Parent Relationship": "Outer",
              "Parallel Aware": false,
              "Startup Cost": 31677.67,
              "Total Cost": 31677.68,
              "Plan Rows": 1,
              "Plan Width": 8,
              "Actual Startup Time": 93.558,
              "Actual Total Time": 93.56,
              "Actual Rows": 1,
              "Actual Loops": 4,
              "Plans": [
                {
                  "Node Type": "Seq Scan",
                  "Parent Relationship": "Outer",
                  "Parallel Aware": true,
                  "Relation Name": "movie_companies",
                  "Alias": "mc",
                  "Startup Cost": 0.0,
                  "Total Cost": 31414.82,
                  "Plan Rows": 105142,
                  "Plan Width": 0,
                  "Actual Startup Time": 46.42,
                  "Actual Total Time": 85.842,
                  "Actual Rows": 154703,
                  "Actual Loops": 4,
                  "Filter": "((company_id > 58970) AND (company_type_id = 2))",
                  "Rows Removed by Filter": 497580
                }
              ]
            }
          ]
        }
      ]
    },
    "Planning Time": 0.182,
    "Triggers": [],
    "Execution Time": 109.3
  }
]