[
  {
    "Plan": {
      "Node Type": "Aggregate",
      "Strategy": "Plain",
      "Partial Mode": "Finalize",
      "Parallel Aware": false,
      "Startup Cost": 31750.88,
      "Total Cost": 31750.89,
      "Plan Rows": 1,
      "Plan Width": 8,
      "Actual Startup Time": 111.558,
      "Actual Total Time": 119.4,
      "Actual Rows": 1,
      "Actual Loops": 1,
      "Plans": [
        {
          "Node Type": "Gather",
          "Parent Relationship": "Outer",
          "Parallel Aware": false,
          "Startup Cost": 31750.56,
          "Total Cost": 31750.87,
          "Plan Rows": 3,
          "Plan Width": 8,
          "Actual Startup Time": 111.426,
          "Actual Total Time": 119.391,
          "Actual Rows": 4,
          "Actual Loops": 1,
          "Workers Planned": 3,
          "Workers Launched": 3,
          "Single Copy": false,
          "Plans": [
            {
              "Node Type": "Aggregate",
              "Strategy": "Plain",
              "Partial Mode": "Partial",
              "Parent Relationship": "Outer",
              "Parallel Aware": false,
              "Startup Cost": 30750.56,
              "Total Cost": 30750.57,
              "Plan Rows": 1,
              "Plan Width": 8,
              "Actual Startup Time": 103.435,
              "Actual Total Time": 103.436,
              "Actual Rows": 1,
              "Actual Loops": 4,
              "Plans": [
                {
                  "Node Type": "Seq Scan",
                  "Parent Relationship": "Outer",
                  "Parallel Aware": true,
                  "Relation Name": "movie_companies",
                  "Alias": "mc",
                  "Startup Cost": 0.0,
                  "Total Cost": 29310.68,
                  "Plan Rows": 575951,
                  "Plan Width": 0,
                  "Actual Startup Time": 0.051,
                  "Actual Total Time": 81.006,
                  "Actual Rows": 443065,
                  "Actual Loops": 4,
                  "Filter": "(company_id < 26569)",
                  "Rows Removed by Filter": 209217
                }
              ]
            }
          ]
        }
      ]
    },
    "Planning Time": 0.199,
    "Triggers": [],
    "Execution Time": 119.456
  }
]