[
  {
    "Plan": {
      "Node Type": "Aggregate",
      "Strategy": "Plain",
      "Partial Mode": "Finalize",
      "Parallel Aware": false,
      "Startup Cost": 31147.3,
      "Total Cost": 31147.31,
      "Plan Rows": 1,
      "Plan Width": 8,
      "Actual Startup Time": 103.969,
      "Actual Total Time": 113.979,
      "Actual Rows": 1,
      "Actual Loops": 1,
      "Plans": [
        {
          "Node Type": "Gather",
          "Parent Relationship": "Outer",
          "Parallel Aware": false,
          "Startup Cost": 31146.99,
          "Total Cost": 31147.3,
          "Plan Rows": 3,
          "Plan Width": 8,
          "Actual Startup Time": 103.849,
          "Actual Total Time": 113.971,
          "Actual Rows": 4,
          "Actual Loops": 1,
          "Workers Planned": 3,
          "Workers Launched": 3,
          "Single Copy": false,
          "Plans": [
            {
              "Node Type": "Aggregate",
              "Strategy": "Plain",
              "Partial Mode": "Partial",
              "Parent Relationship": "Outer",
              "Parallel Aware": false,
              "Startup Cost": 30146.99,
              "Total Cost": 30147.0,
              "Plan Rows": 1,
              "Plan Width": 8,
              "Actual Startup Time": 95.27,
              "Actual Total Time": 95.271,
              "Actual Rows": 1,
              "Actual Loops": 4,
              "Plans": [
                {
                  "Node Type": "Seq Scan",
                  "Parent Relationship": "Outer",
                  "Parallel Aware": true,
                  "Relation Name": "movie_companies",
                  "Alias": "mc",
                  "Startup Cost": 0.0,
                  "Total Cost": 29310.68,
                  "Plan Rows": 334522,
                  "Plan Width": 0,
                  "Actual Startup Time": 0.042,
                  "Actual Total Time": 80.293,
                  "Actual Rows": 259930,
                  "Actual Loops": 4,
                  "Filter": "(company_id < 5941)",
                  "Rows Removed by Filter": 392352
                }
              ]
            }
          ]
        }
      ]
    },
    "Planning Time": 0.19,
    "Triggers": [],
    "Execution Time": 114.032
  }
]