[
  {
    "Plan": {
      "Node Type": "Aggregate",
      "Strategy": "Plain",
      "Partial Mode": "Finalize",
      "Parallel Aware": false,
      "Startup Cost": 44569.68,
      "Total Cost": 44569.69,
      "Plan Rows": 1,
      "Plan Width": 8,
      "Actual Startup Time": 127.145,
      "Actual Total Time": 137.089,
      "Actual Rows": 1,
      "Actual Loops": 1,
      "Plans": [
        {
          "Node Type": "Gather",
          "Parent Relationship": "Outer",
          "Parallel Aware": false,
          "Startup Cost": 44569.36,
          "Total Cost": 44569.67,
          "Plan Rows": 3,
          "Plan Width": 8,
          "Actual Startup Time": 127.041,
          "Actual Total Time": 137.081,
          "Actual Rows": 4,
          "Actual Loops": 1,
          "Workers Planned": 3,
          "Workers Launched": 3,
          "Single Copy": false,
          "Plans": [
            {
              "Node Type": "Aggregate",
              "Strategy": "Plain",
              "Partial Mode": "Partial",
              "Parent Relationship": "Outer",
              "Parallel Aware": false,
              "Startup Cost": 43569.36,
              "Total Cost": 43569.37,
              "Plan Rows": 1,
              "Plan Width": 8,
              "Actual Startup Time": 118.657,
              "Actual Total Time": 118.658,
              "Actual Rows": 1,
              "Actual Loops": 4,
              "Plans": [
                {
                  "Node Type": "Seq Scan",
                  "Parent Relationship": "Outer",
                  "Parallel Aware": true,
                  "Relation Name": "movie_keyword",
                  "Alias": "mk",
                  "Startup Cost": 0.0,
                  "Total Cost": 42695.65,
                  "Plan Rows": 349484,
                  "Plan Width": 0,
                  "Actual Startup Time": 2.748,
                  "Actual Total Time": 104.952,
                  "Actual Rows": 271206,
                  "Actual Loops": 4,
                  "Filter": "(keyword_id > 16299)",
                  "Rows Removed by Filter": 859776
                }
              ]
            }
          ]
        }
      ]
    },
    "Planning Time": 0.152,
    "Triggers": [],
    "Execution Time": 137.139
  }
]