[
  {
    "Plan": {
      "Node Type": "Aggregate",
      "Strategy": "Plain",
      "Partial Mode": "Finalize",
      "Parallel Aware": false,
      "Startup Cost": 25161.28,
      "Total Cost": 25161.29,
      "Plan Rows": 1,
      "Plan Width": 8,
      "Actual Startup Time": 62.078,
      "Actual Total Time": 66.459,
      "Actual Rows": 1,
      "Actual Loops": 1,
      "Plans": [
        {
          "Node Type": "Gather",
          "Parent Relationship": "Outer",
          "Parallel Aware": false,
          "Startup Cost": 25160.96,
          "Total Cost": 25161.27,
          "Plan Rows": 3,
          "Plan Width": 8,
          "Actual Startup Time": 61.906,
          "Actual Total Time": 66.45,
          "Actual Rows": 4,
          "Actual Loops": 1,
          "Workers Planned": 3,
          "Workers Launched": 3,
          "Single Copy": false,
          "Plans": [
            {
              "Node Type": "Aggregate",
              "Strategy": "Plain",
              "Partial Mode": "Partial",
              "Parent Relationship": "Outer",
              "Parallel Aware": false,
              "Startup Cost": 24160.96,
              "Total Cost": 24160.97,
              "Plan Rows": 1,
              "Plan Width": 8,
              "Actual Startup Time": 53.109,
              "Actual Total Time": 53.111,
              "Actual Rows": 1,
              "Actual Loops": 4,
              "Plans": [
                {
                  "Node Type": "Bitmap Heap Scan",
                  "Parent Relationship": "Outer",
                  "Parallel Aware": true,
                  "Relation Name": "movie_companies",
                  "Alias": "mc",
                  "Startup Cost": 4390.62,
                  "Total Cost": 23997.57,
                  "Plan Rows": 65356,
                  "Plan Width": 0,
                  "Actual Startup Time": 19.385,
                  "Actual Total Time": 48.467,
                  "Actual Rows": 49260,
                  "Actual Loops": 4,
                  "Recheck Cond": "(company_id > 114430)",
                  "Rows Removed by Index Recheck": 0,
                  "Exact Heap Blocks": 2219,
                  "Lossy Heap Blocks": 0,
                  "Plans": [
                    {
                      "Node Type": "Bitmap Index Scan",
                      "Parent Relationship": "Outer",
                      "Parallel Aware": false,
                      "Index Name": "company_id_movie_companies",
                      "Startup Cost": 0.0,
                      "Total Cost": 4339.97,
                      "Plan Rows": 202605,
                      "Plan Width": 0,
                      "Actual Startup Time": 25.849,
                      "Actual Total Time": 25.85,
                      "Actual Rows": 197038,
                      "Actual Loops": 1,
                      "Index Cond": "(company_id > 114430)"
                    }
                  ]
                }
              ]
            }
          ]
        }
      ]
    },
    "Planning Time": 0.165,
    "Triggers": [],
    "Execution Time": 66.536
  }
]