[
  {
    "Plan": {
      "Node Type": "Aggregate",
      "Strategy": "Plain",
      "Partial Mode": "Finalize",
      "Parallel Aware": false,
      "Startup Cost": 44755.94,
      "Total Cost": 44755.95,
      "Plan Rows": 1,
      "Plan Width": 8,
      "Actual Startup Time": 127.01,
      "Actual Total Time": 135.968,
      "Actual Rows": 1,
      "Actual Loops": 1,
      "Plans": [
        {
          "Node Type": "Gather",
          "Parent Relationship": "Outer",
          "Parallel Aware": false,
          "Startup Cost": 44755.62,
          "Total Cost": 44755.93,
          "Plan Rows": 3,
          "Plan Width": 8,
          "Actual Startup Time": 126.844,
          "Actual Total Time": 135.96,
          "Actual Rows": 4,
          "Actual Loops": 1,
          "Workers Planned": 3,
          "Workers Launched": 3,
          "Single Copy": false,
          "Plans": [
            {
              "Node Type": "Aggregate",
              "Strategy": "Plain",
              "Partial Mode": "Partial",
              "Parent Relationship": "Outer",
              "Parallel Aware": false,
              "Startup Cost": 43755.62,
              "Total Cost": 43755.63,
              "Plan Rows": 1,
              "Plan Width": 8,
              "Actual Startup Time": 120.405,
              "Actual Total Time": 120.406,
              "Actual Rows": 1,
              "Actual Loops": 4,
              "Plans": [
                {
                  "Node Type": "Seq Scan",
                  "Parent Relationship": "Outer",
                  "Parallel Aware": true,
                  "Relation Name": "movie_keyword",
                  "Alias": "mk",
                  "Startup Cost": 0.0,
                  "Total Cost": 42695.65,
                  "Plan Rows": 423987,
                  "Plan Width": 0,
                  "Actual Startup Time": 0.368,
                  "Actual Total Time": 104.252,
                  "Actual Rows": 329274,
                  "Actual Loops": 4,
                  "Filter": "(keyword_id < 1727)",
                  "Rows Removed by Filter": 801708
                }
              ]
            }
          ]
        }
      ]
    },
    "Planning Time": 0.099,
    "Triggers": [],
    "Execution Time": 136.002
  }
]