[
  {
    "Plan": {
      "Node Type": "Aggregate",
      "Strategy": "Plain",
      "Partial Mode": "Finalize",
      "Parallel Aware": false,
      "Startup Cost": 44748.15,
      "Total Cost": 44748.16,
      "Plan Rows": 1,
      "Plan Width": 8,
      "Actual Startup Time": 142.844,
      "Actual Total Time": 152.065,
      "Actual Rows": 1,
      "Actual Loops": 1,
      "Plans": [
        {
          "Node Type": "Gather",
          "Parent Relationship": "Outer",
          "Parallel Aware": false,
          "Startup Cost": 44747.83,
          "Total Cost": 44748.14,
          "Plan Rows": 3,
          "Plan Width": 8,
          "Actual Startup Time": 142.692,
          "Actual Total Time": 152.055,
          "Actual Rows": 4,
          "Actual Loops": 1,
          "Workers Planned": 3,
          "Workers Launched": 3,
          "Single Copy": false,
          "Plans": [
            {
              "Node Type": "Aggregate",
              "Strategy": "Plain",
              "Partial Mode": "Partial",
              "Parent Relationship": "Outer",
              "Parallel Aware": false,
              "Startup Cost": 43747.83,
              "Total Cost": 43747.84,
              "Plan Rows": 1,
              "Plan Width": 8,
              "Actual Startup Time": 128.656,
              "Actual Total Time": 128.658,
              "Actual Rows": 1,
              "Actual Loops": 4,
              "Plans": [
                {
                  "Node Type": "Seq Scan",
                  "Parent Relationship": "Outer",
                  "Parallel Aware": true,
                  "Relation Name": "movie_keyword",
                  "Alias": "mk",
                  "Startup Cost": 0.0,
                  "Total Cost": 42695.65,
                  "Plan Rows": 420872,
                  "Plan Width": 0,
                  "Actual Startup Time": 0.041,
                  "Actual Total Time": 111.426,
                  "Actual Rows": 329274,
                  "Actual Loops": 4,
                  "Filter": "(keyword_id < 1727)",
                  "Rows Removed by Filter": 801708
                }
              ]
            }
          ]
        }
      ]
    },
    "Planning Time": 0.168,
    "Triggers": [],
    "Execution Time": 152.113
  }
]