{
  "Plan": {
    "Node Type": "Aggregate",
    "Strategy": "Plain",
    "Partial Mode": "Finalize",
    "Parallel Aware": false,
    "Startup Cost": 401888.88,
    "Total Cost": 401888.89,
    "Plan Rows": 1,
    "Plan Width": 8,
    "Actual Startup Time": 3150.492,
    "Actual Total Time": 3193.551,
    "Actual Rows": 1,
    "Actual Loops": 1,
    "Plans": [
      {
        "Node Type": "Gather",
        "Parent Relationship": "Outer",
        "Parallel Aware": false,
        "Startup Cost": 401888.76,
        "Total Cost": 401888.87,
        "Plan Rows": 1,
        "Plan Width": 8,
        "Actual Startup Time": 3148.365,
        "Actual Total Time": 3193.544,
        "Actual Rows": 2,
        "Actual Loops": 1,
        "Workers Planned": 1,
        "Workers Launched": 1,
        "Single Copy": false,
        "Plans": [
          {
            "Node Type": "Aggregate",
            "Strategy": "Plain",
            "Partial Mode": "Partial",
            "Parent Relationship": "Outer",
            "Parallel Aware": false,
            "Startup Cost": 400888.76,
            "Total Cost": 400888.77,
            "Plan Rows": 1,
            "Plan Width": 8,
            "Actual Startup Time": 3142.107,
            "Actual Total Time": 3142.113,
            "Actual Rows": 1,
            "Actual Loops": 2,
            "Plans": [
              {
                "Node Type": "Hash Join",
                "Parent Relationship": "Outer",
                "Parallel Aware": true,
                "Join Type": "Inner",
                "Startup Cost": 104013.0,
                "Total Cost": 396322.92,
                "Plan Rows": 1826336,
                "Plan Width": 0,
                "Actual Startup Time": 705.158,
                "Actual Total Time": 2903.998,
                "Actual Rows": 4997428,
                "Actual Loops": 2,
                "Inner Unique": false,
                "Hash Cond": "(mi.movie_id = t.id)",
                "Plans": [
                  {
                    "Node Type": "Seq Scan",
                    "Parent Relationship": "Outer",
                    "Parallel Aware": true,
                    "Relation Name": "movie_info",
                    "Alias": "mi",
                    "Startup Cost": 0.0,
                    "Total Cost": 248955.74,
                    "Plan Rows": 8696274,
                    "Plan Width": 4,
                    "Actual Startup Time": 0.017,
                    "Actual Total Time": 660.95,
                    "Actual Rows": 7417860,
                    "Actual Loops": 2
                  },
                  {
                    "Node Type": "Hash",
                    "Parent Relationship": "Inner",
                    "Parallel Aware": true,
                    "Startup Cost": 100108.76,
                    "Total Cost": 100108.76,
                    "Plan Rows": 312339,
                    "Plan Width": 8,
                    "Actual Startup Time": 695.865,
                    "Actual Total Time": 695.869,
                    "Actual Rows": 264146,
                    "Actual Loops": 2,
                    "Hash Buckets": 1048576,
                    "Original Hash Buckets": 1048576,
                    "Hash Batches": 1,
                    "Original Hash Batches": 1,
                    "Peak Memory Usage": 28896,
                    "Plans": [
                      {
                        "Node Type": "Hash Join",
                        "Parent Relationship": "Outer",
                        "Parallel Aware": true,
                        "Join Type": "Inner",
                        "Startup Cost": 38105.97,
                        "Total Cost": 100108.76,
                        "Plan Rows": 312339,
                        "Plan Width": 8,
                        "Actual Startup Time": 166.661,
                        "Actual Total Time": 617.529,
                        "Actual Rows": 264146,
                        "Actual Loops": 2,
                        "Inner Unique": false,
                        "Hash Cond": "(t.id = mc.movie_id)",
                        "Plans": [
                          {
                            "Node Type": "Seq Scan",
                            "Parent Relationship": "Outer",
                            "Parallel Aware": true,
                            "Relation Name": "title",
                            "Alias": "t",
                            "Startup Cost": 0.0,
                            "Total Cost": 50870.31,
                            "Plan Rows": 1487231,
                            "Plan Width": 4,
                            "Actual Startup Time": 0.012,
                            "Actual Total Time": 138.192,
                            "Actual Rows": 1264156,
                            "Actual Loops": 2
                          },
                          {
                            "Node Type": "Hash",
                            "Parent Relationship": "Inner",
                            "Parallel Aware": true,
                            "Startup Cost": 34201.73,
                            "Total Cost": 34201.73,
                            "Plan Rows": 312339,
                            "Plan Width": 4,
                            "Actual Startup Time": 161.284,
                            "Actual Total Time": 161.286,
                            "Actual Rows": 264146,
                            "Actual Loops": 2,
                            "Hash Buckets": 1048576,
                            "Original Hash Buckets": 1048576,
                            "Hash Batches": 1,
                            "Original Hash Batches": 1,
                            "Peak Memory Usage": 28896,
                            "Plans": [
                              {
                                "Node Type": "Bitmap Heap Scan",
                                "Parent Relationship": "Outer",
                                "Parallel Aware": true,
                                "Relation Name": "movie_companies",
                                "Alias": "mc",
                                "Startup Cost": 11507.49,
                                "Total Cost": 34201.73,
                                "Plan Rows": 312339,
                                "Plan Width": 4,
                                "Actual Startup Time": 26.248,
                                "Actual Total Time": 94.083,
                                "Actual Rows": 264146,
                                "Actual Loops": 2,
                                "Recheck Cond": "(company_id < 494)",
                                "Rows Removed by Index Recheck": 0,
                                "Exact Heap Blocks": 12774,
                                "Lossy Heap Blocks": 0,
                                "Plans": [
                                  {
                                    "Node Type": "Bitmap Index Scan",
                                    "Parent Relationship": "Outer",
                                    "Parallel Aware": false,
                                    "Index Name": "company_id_movie_companies",
                                    "Startup Cost": 0.0,
                                    "Total Cost": 11374.75,
                                    "Plan Rows": 530976,
                                    "Plan Width": 0,
                                    "Actual Startup Time": 23.479,
                                    "Actual Total Time": 23.479,
                                    "Actual Rows": 528291,
                                    "Actual Loops": 1,
                                    "Index Cond": "(company_id < 494)"
                                  }
                                ]
                              }
                            ]
                          }
                        ]
                      }
                    ]
                  }
                ]
              }
            ]
          }
        ]
      }
    ]
  },
  "Planning Time": 0.618,
  "Triggers": [],
  "Execution Time": 3193.664
}