[
  {
    "Plan": {
      "Node Type": "Aggregate",
      "Strategy": "Plain",
      "Partial Mode": "Finalize",
      "Parallel Aware": false,
      "Startup Cost": 44621.66,
      "Total Cost": 44621.67,
      "Plan Rows": 1,
      "Plan Width": 8,
      "Actual Startup Time": 130.547,
      "Actual Total Time": 140.757,
      "Actual Rows": 1,
      "Actual Loops": 1,
      "Plans": [
        {
          "Node Type": "Gather",
          "Parent Relationship": "Outer",
          "Parallel Aware": false,
          "Startup Cost": 44621.34,
          "Total Cost": 44621.65,
          "Plan Rows": 3,
          "Plan Width": 8,
          "Actual Startup Time": 130.423,
          "Actual Total Time": 140.746,
          "Actual Rows": 4,
          "Actual Loops": 1,
          "Workers Planned": 3,
          "Workers Launched": 3,
          "Single Copy": false,
          "Plans": [
            {
              "Node Type": "Aggregate",
              "Strategy": "Plain",
              "Partial Mode": "Partial",
              "Parent Relationship": "Outer",
              "Parallel Aware": false,
              "Startup Cost": 43621.34,
              "Total Cost": 43621.35,
              "Plan Rows": 1,
              "Plan Width": 8,
              "Actual Startup Time": 121.835,
              "Actual Total Time": 121.836,
              "Actual Rows": 1,
              "Actual Loops": 4,
              "Plans": [
                {
                  "Node Type": "Seq Scan",
                  "Parent Relationship": "Outer",
                  "Parallel Aware": true,
                  "Relation Name": "movie_keyword",
                  "Alias": "mk",
                  "Startup Cost": 0.0,
                  "Total Cost": 42695.65,
                  "Plan Rows": 370275,
                  "Plan Width": 0,
                  "Actual Startup Time": 0.061,
                  "Actual Total Time": 107.19,
                  "Actual Rows": 289120,
                  "Actual Loops": 4,
                  "Filter": "(keyword_id < 1367)",
                  "Rows Removed by Filter": 841862
                }
              ]
            }
          ]
        }
      ]
    },
    "Planning Time": 0.155,
    "Triggers": [],
    "Execution Time": 140.816
  }
]