[
  {
    "Plan": {
      "Node Type": "Aggregate",
      "Strategy": "Plain",
      "Partial Mode": "Finalize",
      "Parallel Aware": false,
      "Startup Cost": 33774.41,
      "Total Cost": 33774.42,
      "Plan Rows": 1,
      "Plan Width": 8,
      "Actual Startup Time": 41.387,
      "Actual Total Time": 46.371,
      "Actual Rows": 1,
      "Actual Loops": 1,
      "Plans": [
        {
          "Node Type": "Gather",
          "Parent Relationship": "Outer",
          "Parallel Aware": false,
          "Startup Cost": 33774.19,
          "Total Cost": 33774.4,
          "Plan Rows": 2,
          "Plan Width": 8,
          "Actual Startup Time": 41.254,
          "Actual Total Time": 46.364,
          "Actual Rows": 3,
          "Actual Loops": 1,
          "Workers Planned": 2,
          "Workers Launched": 2,
          "Single Copy": false,
          "Plans": [
            {
              "Node Type": "Aggregate",
              "Strategy": "Plain",
              "Partial Mode": "Partial",
              "Parent Relationship": "Outer",
              "Parallel Aware": false,
              "Startup Cost": 32774.19,
              "Total Cost": 32774.2,
              "Plan Rows": 1,
              "Plan Width": 8,
              "Actual Startup Time": 32.902,
              "Actual Total Time": 32.906,
              "Actual Rows": 1,
              "Actual Loops": 3,
              "Plans": [
                {
                  "Node Type": "Nested Loop",
                  "Parent Relationship": "Outer",
                  "Parallel Aware": false,
                  "Join Type": "Inner",
                  "Startup Cost": 211.72,
                  "Total Cost": 32773.28,
                  "Plan Rows": 365,
                  "Plan Width": 0,
                  "Actual Startup Time": 22.162,
                  "Actual Total Time": 32.89,
                  "Actual Rows": 79,
                  "Actual Loops": 3,
                  "Inner Unique": false,
                  "Plans": [
                    {
                      "Node Type": "Nested Loop",
                      "Parent Relationship": "Outer",
                      "Parallel Aware": false,
                      "Join Type": "Inner",
                      "Startup Cost": 211.15,
                      "Total Cost": 31436.24,
                      "Plan Rows": 131,
                      "Plan Width": 8,
                      "Actual Startup Time": 20.798,
                      "Actual Total Time": 29.55,
                      "Actual Rows": 3,
                      "Actual Loops": 3,
                      "Inner Unique": true,
                      "Plans": [
                        {
                          "Node Type": "Bitmap Heap Scan",
                          "Parent Relationship": "Outer",
                          "Parallel Aware": true,
                          "Relation Name": "movie_companies",
                          "Alias": "mc",
                          "Startup Cost": 210.72,
                          "Total Cost": 16324.31,
                          "Plan Rows": 2061,
                          "Plan Width": 4,
                          "Actual Startup Time": 11.292,
                          "Actual Total Time": 15.441,
                          "Actual Rows": 1385,
                          "Actual Loops": 3,
                          "Recheck Cond": "(company_id = 846)",
                          "Rows Removed by Index Recheck": 0,
                          "Filter": "(company_type_id > 1)",
                          "Rows Removed by Filter": 2003,
                          "Exact Heap Blocks": 4682,
                          "Lossy Heap Blocks": 0,
                          "Plans": [
                            {
                              "Node Type": "Bitmap Index Scan",
                              "Parent Relationship": "Outer",
                              "Parallel Aware": false,
                              "Index Name": "company_id_movie_companies",
                              "Startup Cost": 0.0,
                              "Total Cost": 209.49,
                              "Plan Rows": 9741,
                              "Plan Width": 0,
                              "Actual Startup Time": 5.713,
                              "Actual Total Time": 5.714,
                              "Actual Rows": 10163,
                              "Actual Loops": 1,
                              "Index Cond": "(company_id = 846)"
                            }
                          ]
                        },
                        {
                          "Node Type": "Index Scan",
                          "Parent Relationship": "Inner",
                          "Parallel Aware": false,
                          "Scan Direction": "Forward",
                          "Index Name": "title_pkey",
                          "Relation Name": "title",
                          "Alias": "t",
                          "Startup Cost": 0.43,
                          "Total Cost": 7.33,
                          "Plan Rows": 1,
                          "Plan Width": 4,
                          "Actual Startup Time": 0.01,
                          "Actual Total Time": 0.01,
                          "Actual Rows": 0,
                          "Actual Loops": 4155,
                          "Index Cond": "(id = mc.movie_id)",
                          "Rows Removed by Index Recheck": 0,
                          "Filter": "(production_year = 2011)",
                          "Rows Removed by Filter": 1
                        }
                      ]
                    },
                    {
                      "Node Type": "Index Scan",
                      "Parent Relationship": "Inner",
                      "Parallel Aware": false,
                      "Scan Direction": "Forward",
                      "Index Name": "movie_id_cast_info",
                      "Relation Name": "cast_info",
                      "Alias": "ci",
                      "Startup Cost": 0.56,
                      "Total Cost": 10.14,
                      "Plan Rows": 7,
                      "Plan Width": 4,
                      "Actual Startup Time": 0.524,
                      "Actual Total Time": 0.997,
                      "Actual Rows": 24,
                      "Actual Loops": 10,
                      "Index Cond": "(movie_id = t.id)",
                      "Rows Removed by Index Recheck": 0,
                      "Filter": "((person_id < 1527420) AND (role_id > 2))",
                      "Rows Removed by Filter": 168
                    }
                  ]
                }
              ]
            }
          ]
        }
      ]
    },
    "Planning Time": 1.459,
    "Triggers": [],
    "Execution Time": 46.488
  }
]