{
    "Plan": {
        "Node Type": "Aggregate",
        "Strategy": "Plain",
        "Partial Mode": "Finalize",
        "Parallel Aware": false,
        "Startup Cost": 56904.46,
        "Total Cost": 56904.47,
        "Plan Rows": 1,
        "Plan Width": 8,
        "Actual Startup Time": 159.751,
        "Actual Total Time": 183.088,
        "Actual Rows": 1,
        "Actual Loops": 1,
        "Output": [
            "count(*)"
        ],
        "Plans": [
            {
                "Node Type": "Gather",
                "Parent Relationship": "Outer",
                "Parallel Aware": false,
                "Startup Cost": 56904.04,
                "Total Cost": 56904.45,
                "Plan Rows": 4,
                "Plan Width": 8,
                "Actual Startup Time": 159.184,
                "Actual Total Time": 183.078,
                "Actual Rows": 5,
                "Actual Loops": 1,
                "Output": [
                    "(PARTIAL count(*))"
                ],
                "Workers Planned": 4,
                "Workers Launched": 4,
                "Single Copy": false,
                "Plans": [
                    {
                        "Node Type": "Aggregate",
                        "Strategy": "Plain",
                        "Partial Mode": "Partial",
                        "Parent Relationship": "Outer",
                        "Parallel Aware": false,
                        "Startup Cost": 55904.04,
                        "Total Cost": 55904.05,
                        "Plan Rows": 1,
                        "Plan Width": 8,
                        "Actual Startup Time": 148.929,
                        "Actual Total Time": 148.931,
                        "Actual Rows": 1,
                        "Actual Loops": 5,
                        "Output": [
                            "PARTIAL count(*)"
                        ],
                        "Workers": [
                            {
                                "Worker Number": 0,
                                "Actual Startup Time": 146.004,
                                "Actual Total Time": 146.006,
                                "Actual Rows": 1,
                                "Actual Loops": 1
                            },
                            {
                                "Worker Number": 1,
                                "Actual Startup Time": 146.143,
                                "Actual Total Time": 146.145,
                                "Actual Rows": 1,
                                "Actual Loops": 1
                            },
                            {
                                "Worker Number": 2,
                                "Actual Startup Time": 146.709,
                                "Actual Total Time": 146.711,
                                "Actual Rows": 1,
                                "Actual Loops": 1
                            },
                            {
                                "Worker Number": 3,
                                "Actual Startup Time": 147.457,
                                "Actual Total Time": 147.459,
                                "Actual Rows": 1,
                                "Actual Loops": 1
                            }
                        ],
                        "Plans": [
                            {
                                "Node Type": "Nested Loop",
                                "Parent Relationship": "Outer",
                                "Parallel Aware": false,
                                "Join Type": "Inner",
                                "Startup Cost": 0.99,
                                "Total Cost": 55900.91,
                                "Plan Rows": 1251,
                                "Plan Width": 0,
                                "Actual Startup Time": 64.229,
                                "Actual Total Time": 148.772,
                                "Actual Rows": 1579,
                                "Actual Loops": 5,
                                "Inner Unique": false,
                                "Join Filter": "(t.id = ci.movie_id)",
                                "Rows Removed by Join Filter": 0,
                                "Workers": [
                                    {
                                        "Worker Number": 0,
                                        "Actual Startup Time": 60.921,
                                        "Actual Total Time": 145.873,
                                        "Actual Rows": 1608,
                                        "Actual Loops": 1
                                    },
                                    {
                                        "Worker Number": 1,
                                        "Actual Startup Time": 63.521,
                                        "Actual Total Time": 145.999,
                                        "Actual Rows": 1068,
                                        "Actual Loops": 1
                                    },
                                    {
                                        "Worker Number": 2,
                                        "Actual Startup Time": 61.834,
                                        "Actual Total Time": 146.572,
                                        "Actual Rows": 1650,
                                        "Actual Loops": 1
                                    },
                                    {
                                        "Worker Number": 3,
                                        "Actual Startup Time": 62.028,
                                        "Actual Total Time": 147.316,
                                        "Actual Rows": 1011,
                                        "Actual Loops": 1
                                    }
                                ],
                                "Plans": [
                                    {
                                        "Node Type": "Nested Loop",
                                        "Parent Relationship": "Outer",
                                        "Parallel Aware": false,
                                        "Join Type": "Inner",
                                        "Startup Cost": 0.43,
                                        "Total Cost": 54047.49,
                                        "Plan Rows": 746,
                                        "Plan Width": 8,
                                        "Actual Startup Time": 63.404,
                                        "Actual Total Time": 101.613,
                                        "Actual Rows": 965,
                                        "Actual Loops": 5,
                                        "Output": [
                                            "t.id",
                                            "mi_idx.movie_id"
                                        ],
                                        "Inner Unique": false,
                                        "Workers": [
                                            {
                                                "Worker Number": 0,
                                                "Actual Startup Time": 60.47,
                                                "Actual Total Time": 94.295,
                                                "Actual Rows": 963,
                                                "Actual Loops": 1
                                            },
                                            {
                                                "Worker Number": 1,
                                                "Actual Startup Time": 60.904,
                                                "Actual Total Time": 95.232,
                                                "Actual Rows": 633,
                                                "Actual Loops": 1
                                            },
                                            {
                                                "Worker Number": 2,
                                                "Actual Startup Time": 61.188,
                                                "Actual Total Time": 94.946,
                                                "Actual Rows": 930,
                                                "Actual Loops": 1
                                            },
                                            {
                                                "Worker Number": 3,
                                                "Actual Startup Time": 61.727,
                                                "Actual Total Time": 99.083,
                                                "Actual Rows": 666,
                                                "Actual Loops": 1
                                            }
                                        ],
                                        "Plans": [
                                            {
                                                "Node Type": "Seq Scan",
                                                "Parent Relationship": "Outer",
                                                "Parallel Aware": true,
                                                "Relation Name": "title",
                                                "Schema": "public",
                                                "Alias": "t",
                                                "Startup Cost": 0.0,
                                                "Total Cost": 45479.21,
                                                "Plan Rows": 1366,
                                                "Plan Width": 4,
                                                "Actual Startup Time": 61.444,
                                                "Actual Total Time": 90.276,
                                                "Actual Rows": 1818,
                                                "Actual Loops": 5,
                                                "Output": [
                                                    "t.id",
                                                    "t.title",
                                                    "t.imdb_index",
                                                    "t.kind_id",
                                                    "t.production_year",
                                                    "t.imdb_id",
                                                    "t.phonetic_code",
                                                    "t.episode_of_id",
                                                    "t.season_nr",
                                                    "t.episode_nr",
                                                    "t.series_years",
                                                    "t.md5sum"
                                                ],
                                                "Filter": "((t.kind_id = 4) AND (t.production_year = 2007))",
                                                "Rows Removed by Filter": 503844,
                                                "Workers": [
                                                    {
                                                        "Worker Number": 0,
                                                        "Actual Startup Time": 60.143,
                                                        "Actual Total Time": 83.628,
                                                        "Actual Rows": 1783,
                                                        "Actual Loops": 1
                                                    },
                                                    {
                                                        "Worker Number": 1,
                                                        "Actual Startup Time": 60.36,
                                                        "Actual Total Time": 83.356,
                                                        "Actual Rows": 1162,
                                                        "Actual Loops": 1
                                                    },
                                                    {
                                                        "Worker Number": 2,
                                                        "Actual Startup Time": 56.15,
                                                        "Actual Total Time": 84.468,
                                                        "Actual Rows": 1758,
                                                        "Actual Loops": 1
                                                    },
                                                    {
                                                        "Worker Number": 3,
                                                        "Actual Startup Time": 57.932,
                                                        "Actual Total Time": 86.562,
                                                        "Actual Rows": 1324,
                                                        "Actual Loops": 1
                                                    }
                                                ]
                                            },
                                            {
                                                "Node Type": "Index Only Scan",
                                                "Parent Relationship": "Inner",
                                                "Parallel Aware": false,
                                                "Scan Direction": "Forward",
                                                "Index Name": "movie_id_movie_info_idx",
                                                "Relation Name": "movie_info_idx",
                                                "Schema": "public",
                                                "Alias": "mi_idx",
                                                "Startup Cost": 0.43,
                                                "Total Cost": 6.24,
                                                "Plan Rows": 3,
                                                "Plan Width": 4,
                                                "Actual Startup Time": 0.006,
                                                "Actual Total Time": 0.006,
                                                "Actual Rows": 1,
                                                "Actual Loops": 9091,
                                                "Output": [
                                                    "mi_idx.movie_id"
                                                ],
                                                "Index Cond": "(mi_idx.movie_id = t.id)",
                                                "Rows Removed by Index Recheck": 0,
                                                "Heap Fetches": 4824,
                                                "Workers": [
                                                    {
                                                        "Worker Number": 0,
                                                        "Actual Startup Time": 0.005,
                                                        "Actual Total Time": 0.006,
                                                        "Actual Rows": 1,
                                                        "Actual Loops": 1783
                                                    },
                                                    {
                                                        "Worker Number": 1,
                                                        "Actual Startup Time": 0.009,
                                                        "Actual Total Time": 0.009,
                                                        "Actual Rows": 1,
                                                        "Actual Loops": 1162
                                                    },
                                                    {
                                                        "Worker Number": 2,
                                                        "Actual Startup Time": 0.005,
                                                        "Actual Total Time": 0.005,
                                                        "Actual Rows": 1,
                                                        "Actual Loops": 1758
                                                    },
                                                    {
                                                        "Worker Number": 3,
                                                        "Actual Startup Time": 0.008,
                                                        "Actual Total Time": 0.009,
                                                        "Actual Rows": 1,
                                                        "Actual Loops": 1324
                                                    }
                                                ]
                                            }
                                        ]
                                    },
                                    {
                                        "Node Type": "Index Scan",
                                        "Parent Relationship": "Inner",
                                        "Parallel Aware": false,
                                        "Scan Direction": "Forward",
                                        "Index Name": "movie_id_cast_info",
                                        "Relation Name": "cast_info",
                                        "Schema": "public",
                                        "Alias": "ci",
                                        "Startup Cost": 0.56,
                                        "Total Cost": 2.43,
                                        "Plan Rows": 4,
                                        "Plan Width": 4,
                                        "Actual Startup Time": 0.045,
                                        "Actual Total Time": 0.048,
                                        "Actual Rows": 2,
                                        "Actual Loops": 4824,
                                        "Output": [
                                            "ci.id",
                                            "ci.person_id",
                                            "ci.movie_id",
                                            "ci.person_role_id",
                                            "ci.note",
                                            "ci.nr_order",
                                            "ci.role_id"
                                        ],
                                        "Index Cond": "(ci.movie_id = mi_idx.movie_id)",
                                        "Rows Removed by Index Recheck": 0,
                                        "Filter": "(ci.role_id = 10)",
                                        "Rows Removed by Filter": 19,
                                        "Workers": [
                                            {
                                                "Worker Number": 0,
                                                "Actual Startup Time": 0.05,
                                                "Actual Total Time": 0.053,
                                                "Actual Rows": 2,
                                                "Actual Loops": 963
                                            },
                                            {
                                                "Worker Number": 1,
                                                "Actual Startup Time": 0.074,
                                                "Actual Total Time": 0.079,
                                                "Actual Rows": 2,
                                                "Actual Loops": 633
                                            },
                                            {
                                                "Worker Number": 2,
                                                "Actual Startup Time": 0.051,
                                                "Actual Total Time": 0.055,
                                                "Actual Rows": 2,
                                                "Actual Loops": 930
                                            },
                                            {
                                                "Worker Number": 3,
                                                "Actual Startup Time": 0.067,
                                                "Actual Total Time": 0.072,
                                                "Actual Rows": 2,
                                                "Actual Loops": 666
                                            }
                                        ]
                                    }
                                ]
                            }
                        ]
                    }
                ]
            }
        ]
    },
    "Planning Time": 1.517,
    "Triggers": [],
    "Execution Time": 183.183
}