{
    "Plan": {
        "Node Type": "Aggregate",
        "Strategy": "Plain",
        "Partial Mode": "Finalize",
        "Parallel Aware": false,
        "Startup Cost": 393745.89,
        "Total Cost": 393745.9,
        "Plan Rows": 1,
        "Plan Width": 8,
        "Actual Startup Time": 857.145,
        "Actual Total Time": 904.877,
        "Actual Rows": 1,
        "Actual Loops": 1,
        "Output": [
            "count(*)"
        ],
        "Plans": [
            {
                "Node Type": "Gather",
                "Parent Relationship": "Outer",
                "Parallel Aware": false,
                "Startup Cost": 393745.27,
                "Total Cost": 393745.88,
                "Plan Rows": 6,
                "Plan Width": 8,
                "Actual Startup Time": 852.259,
                "Actual Total Time": 904.867,
                "Actual Rows": 7,
                "Actual Loops": 1,
                "Output": [
                    "(PARTIAL count(*))"
                ],
                "Workers Planned": 6,
                "Workers Launched": 6,
                "Single Copy": false,
                "Plans": [
                    {
                        "Node Type": "Aggregate",
                        "Strategy": "Plain",
                        "Partial Mode": "Partial",
                        "Parent Relationship": "Outer",
                        "Parallel Aware": false,
                        "Startup Cost": 392745.27,
                        "Total Cost": 392745.28,
                        "Plan Rows": 1,
                        "Plan Width": 8,
                        "Actual Startup Time": 840.566,
                        "Actual Total Time": 840.569,
                        "Actual Rows": 1,
                        "Actual Loops": 7,
                        "Output": [
                            "PARTIAL count(*)"
                        ],
                        "Workers": [
                            {
                                "Worker Number": 0,
                                "Actual Startup Time": 838.699,
                                "Actual Total Time": 838.702,
                                "Actual Rows": 1,
                                "Actual Loops": 1
                            },
                            {
                                "Worker Number": 1,
                                "Actual Startup Time": 838.603,
                                "Actual Total Time": 838.606,
                                "Actual Rows": 1,
                                "Actual Loops": 1
                            },
                            {
                                "Worker Number": 2,
                                "Actual Startup Time": 838.987,
                                "Actual Total Time": 838.989,
                                "Actual Rows": 1,
                                "Actual Loops": 1
                            },
                            {
                                "Worker Number": 3,
                                "Actual Startup Time": 838.81,
                                "Actual Total Time": 838.813,
                                "Actual Rows": 1,
                                "Actual Loops": 1
                            },
                            {
                                "Worker Number": 4,
                                "Actual Startup Time": 838.705,
                                "Actual Total Time": 838.708,
                                "Actual Rows": 1,
                                "Actual Loops": 1
                            },
                            {
                                "Worker Number": 5,
                                "Actual Startup Time": 838.844,
                                "Actual Total Time": 838.846,
                                "Actual Rows": 1,
                                "Actual Loops": 1
                            }
                        ],
                        "Plans": [
                            {
                                "Node Type": "Hash Join",
                                "Parent Relationship": "Outer",
                                "Parallel Aware": true,
                                "Join Type": "Inner",
                                "Startup Cost": 46269.28,
                                "Total Cost": 392043.71,
                                "Plan Rows": 280623,
                                "Plan Width": 0,
                                "Actual Startup Time": 438.967,
                                "Actual Total Time": 834.425,
                                "Actual Rows": 142614,
                                "Actual Loops": 7,
                                "Inner Unique": true,
                                "Hash Cond": "(ci.movie_id = t.id)",
                                "Workers": [
                                    {
                                        "Worker Number": 0,
                                        "Actual Startup Time": 437.188,
                                        "Actual Total Time": 832.808,
                                        "Actual Rows": 136059,
                                        "Actual Loops": 1
                                    },
                                    {
                                        "Worker Number": 1,
                                        "Actual Startup Time": 436.999,
                                        "Actual Total Time": 832.833,
                                        "Actual Rows": 134679,
                                        "Actual Loops": 1
                                    },
                                    {
                                        "Worker Number": 2,
                                        "Actual Startup Time": 437.17,
                                        "Actual Total Time": 832.742,
                                        "Actual Rows": 141968,
                                        "Actual Loops": 1
                                    },
                                    {
                                        "Worker Number": 3,
                                        "Actual Startup Time": 437.292,
                                        "Actual Total Time": 832.759,
                                        "Actual Rows": 139020,
                                        "Actual Loops": 1
                                    },
                                    {
                                        "Worker Number": 4,
                                        "Actual Startup Time": 437.14,
                                        "Actual Total Time": 832.851,
                                        "Actual Rows": 136807,
                                        "Actual Loops": 1
                                    },
                                    {
                                        "Worker Number": 5,
                                        "Actual Startup Time": 437.254,
                                        "Actual Total Time": 832.495,
                                        "Actual Rows": 146673,
                                        "Actual Loops": 1
                                    }
                                ],
                                "Plans": [
                                    {
                                        "Node Type": "Seq Scan",
                                        "Parent Relationship": "Outer",
                                        "Parallel Aware": true,
                                        "Relation Name": "cast_info",
                                        "Schema": "public",
                                        "Alias": "ci",
                                        "Startup Cost": 0.0,
                                        "Total Cost": 343318.94,
                                        "Plan Rows": 935424,
                                        "Plan Width": 4,
                                        "Actual Startup Time": 309.609,
                                        "Actual Total Time": 554.604,
                                        "Actual Rows": 503285,
                                        "Actual Loops": 7,
                                        "Output": [
                                            "ci.id",
                                            "ci.person_id",
                                            "ci.movie_id",
                                            "ci.person_role_id",
                                            "ci.note",
                                            "ci.nr_order",
                                            "ci.role_id"
                                        ],
                                        "Filter": "((ci.person_id < 1253428) AND (ci.role_id > 2))",
                                        "Rows Removed by Filter": 4674478,
                                        "Workers": [
                                            {
                                                "Worker Number": 0,
                                                "Actual Startup Time": 309.603,
                                                "Actual Total Time": 554.565,
                                                "Actual Rows": 476748,
                                                "Actual Loops": 1
                                            },
                                            {
                                                "Worker Number": 1,
                                                "Actual Startup Time": 309.598,
                                                "Actual Total Time": 555.521,
                                                "Actual Rows": 489875,
                                                "Actual Loops": 1
                                            },
                                            {
                                                "Worker Number": 2,
                                                "Actual Startup Time": 309.613,
                                                "Actual Total Time": 558.298,
                                                "Actual Rows": 493523,
                                                "Actual Loops": 1
                                            },
                                            {
                                                "Worker Number": 3,
                                                "Actual Startup Time": 309.629,
                                                "Actual Total Time": 558.25,
                                                "Actual Rows": 503940,
                                                "Actual Loops": 1
                                            },
                                            {
                                                "Worker Number": 4,
                                                "Actual Startup Time": 309.593,
                                                "Actual Total Time": 553.738,
                                                "Actual Rows": 482185,
                                                "Actual Loops": 1
                                            },
                                            {
                                                "Worker Number": 5,
                                                "Actual Startup Time": 309.616,
                                                "Actual Total Time": 558.318,
                                                "Actual Rows": 500510,
                                                "Actual Loops": 1
                                            }
                                        ]
                                    },
                                    {
                                        "Node Type": "Hash",
                                        "Parent Relationship": "Inner",
                                        "Parallel Aware": true,
                                        "Startup Cost": 43899.01,
                                        "Total Cost": 43899.01,
                                        "Plan Rows": 189622,
                                        "Plan Width": 4,
                                        "Actual Startup Time": 125.799,
                                        "Actual Total Time": 125.8,
                                        "Actual Rows": 107986,
                                        "Actual Loops": 7,
                                        "Output": [
                                            "t.id"
                                        ],
                                        "Hash Buckets": 1048576,
                                        "Original Hash Buckets": 1048576,
                                        "Hash Batches": 1,
                                        "Original Hash Batches": 1,
                                        "Peak Memory Usage": 37856,
                                        "Workers": [
                                            {
                                                "Worker Number": 0,
                                                "Actual Startup Time": 126.805,
                                                "Actual Total Time": 126.806,
                                                "Actual Rows": 100590,
                                                "Actual Loops": 1
                                            },
                                            {
                                                "Worker Number": 1,
                                                "Actual Startup Time": 126.731,
                                                "Actual Total Time": 126.733,
                                                "Actual Rows": 101572,
                                                "Actual Loops": 1
                                            },
                                            {
                                                "Worker Number": 2,
                                                "Actual Startup Time": 126.665,
                                                "Actual Total Time": 126.666,
                                                "Actual Rows": 100202,
                                                "Actual Loops": 1
                                            },
                                            {
                                                "Worker Number": 3,
                                                "Actual Startup Time": 126.901,
                                                "Actual Total Time": 126.902,
                                                "Actual Rows": 101334,
                                                "Actual Loops": 1
                                            },
                                            {
                                                "Worker Number": 4,
                                                "Actual Startup Time": 126.813,
                                                "Actual Total Time": 126.814,
                                                "Actual Rows": 98277,
                                                "Actual Loops": 1
                                            },
                                            {
                                                "Worker Number": 5,
                                                "Actual Startup Time": 126.95,
                                                "Actual Total Time": 126.951,
                                                "Actual Rows": 101242,
                                                "Actual Loops": 1
                                            }
                                        ],
                                        "Plans": [
                                            {
                                                "Node Type": "Seq Scan",
                                                "Parent Relationship": "Outer",
                                                "Parallel Aware": true,
                                                "Relation Name": "title",
                                                "Schema": "public",
                                                "Alias": "t",
                                                "Startup Cost": 0.0,
                                                "Total Cost": 43899.01,
                                                "Plan Rows": 189622,
                                                "Plan Width": 4,
                                                "Actual Startup Time": 0.061,
                                                "Actual Total Time": 73.776,
                                                "Actual Rows": 107986,
                                                "Actual Loops": 7,
                                                "Output": [
                                                    "t.id"
                                                ],
                                                "Filter": "(t.production_year < 1993)",
                                                "Rows Removed by Filter": 253201,
                                                "Workers": [
                                                    {
                                                        "Worker Number": 0,
                                                        "Actual Startup Time": 0.087,
                                                        "Actual Total Time": 74.462,
                                                        "Actual Rows": 100590,
                                                        "Actual Loops": 1
                                                    },
                                                    {
                                                        "Worker Number": 1,
                                                        "Actual Startup Time": 0.064,
                                                        "Actual Total Time": 74.921,
                                                        "Actual Rows": 101572,
                                                        "Actual Loops": 1
                                                    },
                                                    {
                                                        "Worker Number": 2,
                                                        "Actual Startup Time": 0.064,
                                                        "Actual Total Time": 75.506,
                                                        "Actual Rows": 100202,
                                                        "Actual Loops": 1
                                                    },
                                                    {
                                                        "Worker Number": 3,
                                                        "Actual Startup Time": 0.055,
                                                        "Actual Total Time": 75.235,
                                                        "Actual Rows": 101334,
                                                        "Actual Loops": 1
                                                    },
                                                    {
                                                        "Worker Number": 4,
                                                        "Actual Startup Time": 0.074,
                                                        "Actual Total Time": 73.563,
                                                        "Actual Rows": 98277,
                                                        "Actual Loops": 1
                                                    },
                                                    {
                                                        "Worker Number": 5,
                                                        "Actual Startup Time": 0.061,
                                                        "Actual Total Time": 75.596,
                                                        "Actual Rows": 101242,
                                                        "Actual Loops": 1
                                                    }
                                                ]
                                            }
                                        ]
                                    }
                                ]
                            }
                        ]
                    }
                ]
            }
        ]
    },
    "Planning Time": 0.699,
    "Triggers": [],
    "Execution Time": 904.962
}