[
  {
    "Plan": {
      "Node Type": "Aggregate",
      "Strategy": "Plain",
      "Partial Mode": "Finalize",
      "Parallel Aware": false,
      "Startup Cost": 31026.05,
      "Total Cost": 31026.06,
      "Plan Rows": 1,
      "Plan Width": 8,
      "Actual Startup Time": 94.842,
      "Actual Total Time": 101.225,
      "Actual Rows": 1,
      "Actual Loops": 1,
      "Plans": [
        {
          "Node Type": "Gather",
          "Parent Relationship": "Outer",
          "Parallel Aware": false,
          "Startup Cost": 31025.73,
          "Total Cost": 31026.04,
          "Plan Rows": 3,
          "Plan Width": 8,
          "Actual Startup Time": 94.584,
          "Actual Total Time": 101.216,
          "Actual Rows": 4,
          "Actual Loops": 1,
          "Workers Planned": 3,
          "Workers Launched": 3,
          "Single Copy": false,
          "Plans": [
            {
              "Node Type": "Aggregate",
              "Strategy": "Plain",
              "Partial Mode": "Partial",
              "Parent Relationship": "Outer",
              "Parallel Aware": false,
              "Startup Cost": 30025.73,
              "Total Cost": 30025.74,
              "Plan Rows": 1,
              "Plan Width": 8,
              "Actual Startup Time": 90.57,
              "Actual Total Time": 90.571,
              "Actual Rows": 1,
              "Actual Loops": 4,
              "Plans": [
                {
                  "Node Type": "Seq Scan",
                  "Parent Relationship": "Outer",
                  "Parallel Aware": true,
                  "Relation Name": "movie_companies",
                  "Alias": "mc",
                  "Startup Cost": 0.0,
                  "Total Cost": 29310.68,
                  "Plan Rows": 286019,
                  "Plan Width": 0,
                  "Actual Startup Time": 15.671,
                  "Actual Total Time": 78.591,
                  "Actual Rows": 219450,
                  "Actual Loops": 4,
                  "Filter": "(company_id > 23038)",
                  "Rows Removed by Filter": 432832
                }
              ]
            }
          ]
        }
      ]
    },
    "Planning Time": 0.091,
    "Triggers": [],
    "Execution Time": 101.254
  }
]