[
  {
    "Plan": {
      "Node Type": "Aggregate",
      "Strategy": "Plain",
      "Partial Mode": "Finalize",
      "Parallel Aware": false,
      "Startup Cost": 31007.77,
      "Total Cost": 31007.78,
      "Plan Rows": 1,
      "Plan Width": 8,
      "Actual Startup Time": 93.732,
      "Actual Total Time": 101.784,
      "Actual Rows": 1,
      "Actual Loops": 1,
      "Plans": [
        {
          "Node Type": "Gather",
          "Parent Relationship": "Outer",
          "Parallel Aware": false,
          "Startup Cost": 31007.46,
          "Total Cost": 31007.77,
          "Plan Rows": 3,
          "Plan Width": 8,
          "Actual Startup Time": 93.609,
          "Actual Total Time": 101.776,
          "Actual Rows": 4,
          "Actual Loops": 1,
          "Workers Planned": 3,
          "Workers Launched": 3,
          "Single Copy": false,
          "Plans": [
            {
              "Node Type": "Aggregate",
              "Strategy": "Plain",
              "Partial Mode": "Partial",
              "Parent Relationship": "Outer",
              "Parallel Aware": false,
              "Startup Cost": 30007.46,
              "Total Cost": 30007.47,
              "Plan Rows": 1,
              "Plan Width": 8,
              "Actual Startup Time": 87.027,
              "Actual Total Time": 87.046,
              "Actual Rows": 1,
              "Actual Loops": 4,
              "Plans": [
                {
                  "Node Type": "Seq Scan",
                  "Parent Relationship": "Outer",
                  "Parallel Aware": true,
                  "Relation Name": "movie_companies",
                  "Alias": "mc",
                  "Startup Cost": 0.0,
                  "Total Cost": 29310.68,
                  "Plan Rows": 278710,
                  "Plan Width": 0,
                  "Actual Startup Time": 24.077,
                  "Actual Total Time": 77.821,
                  "Actual Rows": 219450,
                  "Actual Loops": 4,
                  "Filter": "(company_id > 23038)",
                  "Rows Removed by Filter": 432832
                }
              ]
            }
          ]
        }
      ]
    },
    "Planning Time": 0.161,
    "Triggers": [],
    "Execution Time": 101.834
  }
]