[
  {
    "Plan": {
      "Node Type": "Aggregate",
      "Strategy": "Plain",
      "Partial Mode": "Simple",
      "Parallel Aware": false,
      "Startup Cost": 73682.89,
      "Total Cost": 73682.9,
      "Plan Rows": 1,
      "Plan Width": 8,
      "Actual Startup Time": 23.085,
      "Actual Total Time": 23.086,
      "Actual Rows": 1,
      "Actual Loops": 1,
      "Plans": [
        {
          "Node Type": "Index Scan",
          "Parent Relationship": "Outer",
          "Parallel Aware": false,
          "Scan Direction": "Forward",
          "Index Name": "person_id_cast_info",
          "Relation Name": "cast_info",
          "Alias": "ci",
          "Startup Cost": 0.56,
          "Total Cost": 73632.05,
          "Plan Rows": 20334,
          "Plan Width": 0,
          "Actual Startup Time": 0.021,
          "Actual Total Time": 19.058,
          "Actual Rows": 24869,
          "Actual Loops": 1,
          "Index Cond": "(person_id < 4495)",
          "Rows Removed by Index Recheck": 0,
          "Filter": "(role_id < 3)",
          "Rows Removed by Filter": 8248
        }
      ]
    },
    "Planning Time": 0.259,
    "Triggers": [],
    "Execution Time": 23.132
  }
]