[
  {
    "Plan": {
      "Node Type": "Aggregate",
      "Strategy": "Plain",
      "Partial Mode": "Finalize",
      "Parallel Aware": false,
      "Startup Cost": 33149.59,
      "Total Cost": 33149.6,
      "Plan Rows": 1,
      "Plan Width": 8,
      "Actual Startup Time": 112.97,
      "Actual Total Time": 124.022,
      "Actual Rows": 1,
      "Actual Loops": 1,
      "Plans": [
        {
          "Node Type": "Gather",
          "Parent Relationship": "Outer",
          "Parallel Aware": false,
          "Startup Cost": 33149.27,
          "Total Cost": 33149.58,
          "Plan Rows": 3,
          "Plan Width": 8,
          "Actual Startup Time": 112.838,
          "Actual Total Time": 124.013,
          "Actual Rows": 4,
          "Actual Loops": 1,
          "Workers Planned": 3,
          "Workers Launched": 3,
          "Single Copy": false,
          "Plans": [
            {
              "Node Type": "Aggregate",
              "Strategy": "Plain",
              "Partial Mode": "Partial",
              "Parent Relationship": "Outer",
              "Parallel Aware": false,
              "Startup Cost": 32149.27,
              "Total Cost": 32149.28,
              "Plan Rows": 1,
              "Plan Width": 8,
              "Actual Startup Time": 104.34,
              "Actual Total Time": 104.341,
              "Actual Rows": 1,
              "Actual Loops": 4,
              "Plans": [
                {
                  "Node Type": "Seq Scan",
                  "Parent Relationship": "Outer",
                  "Parallel Aware": true,
                  "Relation Name": "movie_companies",
                  "Alias": "mc",
                  "Startup Cost": 0.0,
                  "Total Cost": 31414.82,
                  "Plan Rows": 293780,
                  "Plan Width": 0,
                  "Actual Startup Time": 53.733,
                  "Actual Total Time": 95.649,
                  "Actual Rows": 149494,
                  "Actual Loops": 4,
                  "Filter": "((company_id < 28536) AND (company_type_id = 2))",
                  "Rows Removed by Filter": 502788
                }
              ]
            }
          ]
        }
      ]
    },
    "Planning Time": 0.232,
    "Triggers": [],
    "Execution Time": 124.083
  }
]