[
  {
    "Plan": {
      "Node Type": "Aggregate",
      "Strategy": "Plain",
      "Partial Mode": "Finalize",
      "Parallel Aware": false,
      "Startup Cost": 217610.47,
      "Total Cost": 217610.48,
      "Plan Rows": 1,
      "Plan Width": 8,
      "Actual Startup Time": 124.066,
      "Actual Total Time": 130.754,
      "Actual Rows": 1,
      "Actual Loops": 1,
      "Plans": [
        {
          "Node Type": "Gather",
          "Parent Relationship": "Outer",
          "Parallel Aware": false,
          "Startup Cost": 217609.95,
          "Total Cost": 217610.46,
          "Plan Rows": 5,
          "Plan Width": 8,
          "Actual Startup Time": 123.053,
          "Actual Total Time": 130.749,
          "Actual Rows": 6,
          "Actual Loops": 1,
          "Workers Planned": 5,
          "Workers Launched": 5,
          "Single Copy": false,
          "Plans": [
            {
              "Node Type": "Aggregate",
              "Strategy": "Plain",
              "Partial Mode": "Partial",
              "Parent Relationship": "Outer",
              "Parallel Aware": false,
              "Startup Cost": 216609.95,
              "Total Cost": 216609.96,
              "Plan Rows": 1,
              "Plan Width": 8,
              "Actual Startup Time": 117.011,
              "Actual Total Time": 117.013,
              "Actual Rows": 1,
              "Actual Loops": 6,
              "Plans": [
                {
                  "Node Type": "Hash Join",
                  "Parent Relationship": "Outer",
                  "Parallel Aware": true,
                  "Join Type": "Inner",
                  "Startup Cost": 52341.86,
                  "Total Cost": 216600.8,
                  "Plan Rows": 3659,
                  "Plan Width": 0,
                  "Actual Startup Time": 88.083,
                  "Actual Total Time": 116.472,
                  "Actual Rows": 8684,
                  "Actual Loops": 6,
                  "Inner Unique": true,
                  "Hash Cond": "(mi.movie_id = t.id)",
                  "Plans": [
                    {
                      "Node Type": "Bitmap Heap Scan",
                      "Parent Relationship": "Outer",
                      "Parallel Aware": true,
                      "Relation Name": "movie_info",
                      "Alias": "mi",
                      "Startup Cost": 13585.73,
                      "Total Cost": 177451.4,
                      "Plan Rows": 149814,
                      "Plan Width": 4,
                      "Actual Startup Time": 30.961,
                      "Actual Total Time": 52.792,
                      "Actual Rows": 133690,
                      "Actual Loops": 6,
                      "Recheck Cond": "(info_type_id < 2)",
                      "Rows Removed by Index Recheck": 0,
                      "Exact Heap Blocks": 847,
                      "Lossy Heap Blocks": 0,
                      "Plans": [
                        {
                          "Node Type": "Bitmap Index Scan",
                          "Parent Relationship": "Outer",
                          "Parallel Aware": false,
                          "Index Name": "info_type_id_movie_info",
                          "Startup Cost": 0.0,
                          "Total Cost": 13398.46,
                          "Plan Rows": 749070,
                          "Plan Width": 0,
                          "Actual Startup Time": 30.168,
                          "Actual Total Time": 30.169,
                          "Actual Rows": 802140,
                          "Actual Loops": 1,
                          "Index Cond": "(info_type_id < 2)"
                        }
                      ]
                    },
                    {
                      "Node Type": "Hash",
                      "Parent Relationship": "Inner",
                      "Parallel Aware": true,
                      "Startup Cost": 38563.14,
                      "Total Cost": 38563.14,
                      "Plan Rows": 15440,
                      "Plan Width": 4,
                      "Actual Startup Time": 38.956,
                      "Actual Total Time": 38.957,
                      "Actual Rows": 13886,
                      "Actual Loops": 6,
                      "Hash Buckets": 131072,
                      "Original Hash Buckets": 65536,
                      "Hash Batches": 1,
                      "Original Hash Batches": 1,
                      "Peak Memory Usage": 4896,
                      "Plans": [
                        {
                          "Node Type": "Bitmap Heap Scan",
                          "Parent Relationship": "Outer",
                          "Parallel Aware": true,
                          "Relation Name": "title",
                          "Alias": "t",
                          "Startup Cost": 2122.05,
                          "Total Cost": 38563.14,
                          "Plan Rows": 15440,
                          "Plan Width": 4,
                          "Actual Startup Time": 5.124,
                          "Actual Total Time": 31.843,
                          "Actual Rows": 13886,
                          "Actual Loops": 6,
                          "Recheck Cond": "(kind_id = 4)",
                          "Rows Removed by Index Recheck": 0,
                          "Filter": "(production_year > 2001)",
                          "Rows Removed by Filter": 5820,
                          "Exact Heap Blocks": 4842,
                          "Lossy Heap Blocks": 0,
                          "Plans": [
                            {
                              "Node Type": "Bitmap Index Scan",
                              "Parent Relationship": "Outer",
                              "Parallel Aware": false,
                              "Index Name": "kind_id_title",
                              "Startup Cost": 0.0,
                              "Total Cost": 2106.61,
                              "Plan Rows": 118157,
                              "Plan Width": 0,
                              "Actual Startup Time": 7.775,
                              "Actual Total Time": 7.775,
                              "Actual Rows": 118234,
                              "Actual Loops": 1,
                              "Index Cond": "(kind_id = 4)"
                            }
                          ]
                        }
                      ]
                    }
                  ]
                }
              ]
            }
          ]
        }
      ]
    },
    "Planning Time": 0.24,
    "Triggers": [],
    "Execution Time": 130.797
  }
]