{
  "Plan": {
    "Node Type": "Aggregate",
    "Strategy": "Plain",
    "Partial Mode": "Finalize",
    "Parallel Aware": false,
    "Startup Cost": 635712.97,
    "Total Cost": 635712.98,
    "Plan Rows": 1,
    "Plan Width": 8,
    "Actual Startup Time": 5580.009,
    "Actual Total Time": 5647.348,
    "Actual Rows": 1,
    "Actual Loops": 1,
    "Plans": [
      {
        "Node Type": "Gather",
        "Parent Relationship": "Outer",
        "Parallel Aware": false,
        "Startup Cost": 635712.86,
        "Total Cost": 635712.97,
        "Plan Rows": 1,
        "Plan Width": 8,
        "Actual Startup Time": 5578.033,
        "Actual Total Time": 5647.34,
        "Actual Rows": 2,
        "Actual Loops": 1,
        "Workers Planned": 1,
        "Workers Launched": 1,
        "Single Copy": false,
        "Plans": [
          {
            "Node Type": "Aggregate",
            "Strategy": "Plain",
            "Partial Mode": "Partial",
            "Parent Relationship": "Outer",
            "Parallel Aware": false,
            "Startup Cost": 634712.86,
            "Total Cost": 634712.87,
            "Plan Rows": 1,
            "Plan Width": 8,
            "Actual Startup Time": 5572.249,
            "Actual Total Time": 5572.252,
            "Actual Rows": 1,
            "Actual Loops": 2,
            "Plans": [
              {
                "Node Type": "Hash Join",
                "Parent Relationship": "Outer",
                "Parallel Aware": true,
                "Join Type": "Inner",
                "Startup Cost": 64981.11,
                "Total Cost": 621803.61,
                "Plan Rows": 5163699,
                "Plan Width": 0,
                "Actual Startup Time": 561.659,
                "Actual Total Time": 5358.98,
                "Actual Rows": 5209134,
                "Actual Loops": 2,
                "Inner Unique": true,
                "Hash Cond": "(ci.movie_id = t.id)",
                "Plans": [
                  {
                    "Node Type": "Seq Scan",
                    "Parent Relationship": "Outer",
                    "Parallel Aware": true,
                    "Relation Name": "cast_info",
                    "Alias": "ci",
                    "Startup Cost": 0.0,
                    "Total Cost": 519069.44,
                    "Plan Rows": 14382094,
                    "Plan Width": 4,
                    "Actual Startup Time": 270.351,
                    "Actual Total Time": 1543.844,
                    "Actual Rows": 12229464,
                    "Actual Loops": 2,
                    "Filter": "(person_id > 1158106)",
                    "Rows Removed by Filter": 5892708
                  },
                  {
                    "Node Type": "Hash",
                    "Parent Relationship": "Inner",
                    "Parallel Aware": true,
                    "Startup Cost": 58306.47,
                    "Total Cost": 58306.47,
                    "Plan Rows": 533971,
                    "Plan Width": 4,
                    "Actual Startup Time": 281.939,
                    "Actual Total Time": 281.94,
                    "Actual Rows": 496036,
                    "Actual Loops": 2,
                    "Hash Buckets": 1048576,
                    "Original Hash Buckets": 1048576,
                    "Hash Batches": 1,
                    "Original Hash Batches": 1,
                    "Peak Memory Usage": 47008,
                    "Plans": [
                      {
                        "Node Type": "Seq Scan",
                        "Parent Relationship": "Outer",
                        "Parallel Aware": true,
                        "Relation Name": "title",
                        "Alias": "t",
                        "Startup Cost": 0.0,
                        "Total Cost": 58306.47,
                        "Plan Rows": 533971,
                        "Plan Width": 4,
                        "Actual Startup Time": 0.034,
                        "Actual Total Time": 162.507,
                        "Actual Rows": 496036,
                        "Actual Loops": 2,
                        "Filter": "((production_year > 1998) AND (kind_id = 7))",
                        "Rows Removed by Filter": 768120
                      }
                    ]
                  }
                ]
              }
            ]
          }
        ]
      }
    ]
  },
  "Planning Time": 0.656,
  "Triggers": [],
  "Execution Time": 5647.435
}