{
  "Plan": {
    "Node Type": "Aggregate",
    "Strategy": "Plain",
    "Partial Mode": "Finalize",
    "Parallel Aware": false,
    "Startup Cost": 82442.9,
    "Total Cost": 82442.91,
    "Plan Rows": 1,
    "Plan Width": 8,
    "Actual Startup Time": 176.291,
    "Actual Total Time": 188.854,
    "Actual Rows": 1,
    "Actual Loops": 1,
    "Plans": [
      {
        "Node Type": "Gather",
        "Parent Relationship": "Outer",
        "Parallel Aware": false,
        "Startup Cost": 82442.79,
        "Total Cost": 82442.9,
        "Plan Rows": 1,
        "Plan Width": 8,
        "Actual Startup Time": 176.138,
        "Actual Total Time": 188.847,
        "Actual Rows": 2,
        "Actual Loops": 1,
        "Workers Planned": 1,
        "Workers Launched": 1,
        "Single Copy": false,
        "Plans": [
          {
            "Node Type": "Aggregate",
            "Strategy": "Plain",
            "Partial Mode": "Partial",
            "Parent Relationship": "Outer",
            "Parallel Aware": false,
            "Startup Cost": 81442.79,
            "Total Cost": 81442.8,
            "Plan Rows": 1,
            "Plan Width": 8,
            "Actual Startup Time": 169.834,
            "Actual Total Time": 169.836,
            "Actual Rows": 1,
            "Actual Loops": 2,
            "Plans": [
              {
                "Node Type": "Nested Loop",
                "Parent Relationship": "Outer",
                "Parallel Aware": false,
                "Join Type": "Inner",
                "Startup Cost": 11824.89,
                "Total Cost": 81430.0,
                "Plan Rows": 5115,
                "Plan Width": 0,
                "Actual Startup Time": 40.222,
                "Actual Total Time": 164.924,
                "Actual Rows": 117268,
                "Actual Loops": 2,
                "Inner Unique": false,
                "Join Filter": "(t.id = mc.movie_id)",
                "Rows Removed by Join Filter": 0,
                "Plans": [
                  {
                    "Node Type": "Nested Loop",
                    "Parent Relationship": "Outer",
                    "Parallel Aware": false,
                    "Join Type": "Inner",
                    "Startup Cost": 11824.46,
                    "Total Cost": 78431.47,
                    "Plan Rows": 4956,
                    "Plan Width": 8,
                    "Actual Startup Time": 40.057,
                    "Actual Total Time": 110.071,
                    "Actual Rows": 12541,
                    "Actual Loops": 2,
                    "Inner Unique": false,
                    "Plans": [
                      {
                        "Node Type": "Bitmap Heap Scan",
                        "Parent Relationship": "Outer",
                        "Parallel Aware": true,
                        "Relation Name": "title",
                        "Alias": "t",
                        "Startup Cost": 11824.03,
                        "Total Cost": 53674.29,
                        "Plan Rows": 2770,
                        "Plan Width": 4,
                        "Actual Startup Time": 39.69,
                        "Actual Total Time": 88.427,
                        "Actual Rows": 2257,
                        "Actual Loops": 2,
                        "Recheck Cond": "(kind_id = 1)",
                        "Rows Removed by Index Recheck": 0,
                        "Filter": "(production_year = 1984)",
                        "Rows Removed by Filter": 329156,
                        "Exact Heap Blocks": 8134,
                        "Lossy Heap Blocks": 0,
                        "Plans": [
                          {
                            "Node Type": "Bitmap Index Scan",
                            "Parent Relationship": "Outer",
                            "Parallel Aware": false,
                            "Index Name": "kind_id_title",
                            "Startup Cost": 0.0,
                            "Total Cost": 11822.85,
                            "Plan Rows": 663256,
                            "Plan Width": 0,
                            "Actual Startup Time": 42.947,
                            "Actual Total Time": 42.947,
                            "Actual Rows": 662825,
                            "Actual Loops": 1,
                            "Index Cond": "(kind_id = 1)"
                          }
                        ]
                      },
                      {
                        "Node Type": "Index Only Scan",
                        "Parent Relationship": "Inner",
                        "Parallel Aware": false,
                        "Scan Direction": "Forward",
                        "Index Name": "movie_id_movie_keyword",
                        "Relation Name": "movie_keyword",
                        "Alias": "mk",
                        "Startup Cost": 0.43,
                        "Total Cost": 8.49,
                        "Plan Rows": 45,
                        "Plan Width": 4,
                        "Actual Startup Time": 0.008,
                        "Actual Total Time": 0.009,
                        "Actual Rows": 6,
                        "Actual Loops": 4514,
                        "Index Cond": "(movie_id = t.id)",
                        "Rows Removed by Index Recheck": 0,
                        "Heap Fetches": 25082
                      }
                    ]
                  },
                  {
                    "Node Type": "Index Only Scan",
                    "Parent Relationship": "Inner",
                    "Parallel Aware": false,
                    "Scan Direction": "Forward",
                    "Index Name": "movie_id_movie_companies",
                    "Relation Name": "movie_companies",
                    "Alias": "mc",
                    "Startup Cost": 0.43,
                    "Total Cost": 0.54,
                    "Plan Rows": 5,
                    "Plan Width": 4,
                    "Actual Startup Time": 0.002,
                    "Actual Total Time": 0.003,
                    "Actual Rows": 9,
                    "Actual Loops": 25082,
                    "Index Cond": "(movie_id = mk.movie_id)",
                    "Rows Removed by Index Recheck": 0,
                    "Heap Fetches": 234537
                  }
                ]
              }
            ]
          }
        ]
      }
    ]
  },
  "Planning Time": 1.008,
  "Triggers": [],
  "Execution Time": 188.956
}