[
  {
    "Plan": {
      "Node Type": "Aggregate",
      "Strategy": "Plain",
      "Partial Mode": "Finalize",
      "Parallel Aware": false,
      "Startup Cost": 348684.31,
      "Total Cost": 348684.32,
      "Plan Rows": 1,
      "Plan Width": 8,
      "Actual Startup Time": 754.784,
      "Actual Total Time": 812.384,
      "Actual Rows": 1,
      "Actual Loops": 1,
      "Plans": [
        {
          "Node Type": "Gather",
          "Parent Relationship": "Outer",
          "Parallel Aware": false,
          "Startup Cost": 348683.68,
          "Total Cost": 348684.29,
          "Plan Rows": 6,
          "Plan Width": 8,
          "Actual Startup Time": 754.645,
          "Actual Total Time": 812.363,
          "Actual Rows": 7,
          "Actual Loops": 1,
          "Workers Planned": 6,
          "Workers Launched": 6,
          "Single Copy": false,
          "Plans": [
            {
              "Node Type": "Aggregate",
              "Strategy": "Plain",
              "Partial Mode": "Partial",
              "Parent Relationship": "Outer",
              "Parallel Aware": false,
              "Startup Cost": 347683.68,
              "Total Cost": 347683.69,
              "Plan Rows": 1,
              "Plan Width": 8,
              "Actual Startup Time": 744.775,
              "Actual Total Time": 744.776,
              "Actual Rows": 1,
              "Actual Loops": 7,
              "Plans": [
                {
                  "Node Type": "Seq Scan",
                  "Parent Relationship": "Outer",
                  "Parallel Aware": true,
                  "Relation Name": "cast_info",
                  "Alias": "ci",
                  "Startup Cost": 0.0,
                  "Total Cost": 343257.03,
                  "Plan Rows": 1770661,
                  "Plan Width": 0,
                  "Actual Startup Time": 0.056,
                  "Actual Total Time": 666.302,
                  "Actual Rows": 1665649,
                  "Actual Loops": 7,
                  "Filter": "((person_id < 1199459) AND (role_id < 10))",
                  "Rows Removed by Filter": 3512114
                }
              ]
            }
          ]
        }
      ]
    },
    "Planning Time": 0.162,
    "Triggers": [],
    "Execution Time": 812.448
  }
]