[
  {
    "Plan": {
      "Node Type": "Aggregate",
      "Strategy": "Plain",
      "Partial Mode": "Finalize",
      "Parallel Aware": false,
      "Startup Cost": 350424.71,
      "Total Cost": 350424.72,
      "Plan Rows": 1,
      "Plan Width": 8,
      "Actual Startup Time": 828.216,
      "Actual Total Time": 889.636,
      "Actual Rows": 1,
      "Actual Loops": 1,
      "Plans": [
        {
          "Node Type": "Gather",
          "Parent Relationship": "Outer",
          "Parallel Aware": false,
          "Startup Cost": 350424.08,
          "Total Cost": 350424.69,
          "Plan Rows": 6,
          "Plan Width": 8,
          "Actual Startup Time": 828.08,
          "Actual Total Time": 889.625,
          "Actual Rows": 7,
          "Actual Loops": 1,
          "Workers Planned": 6,
          "Workers Launched": 6,
          "Single Copy": false,
          "Plans": [
            {
              "Node Type": "Aggregate",
              "Strategy": "Plain",
              "Partial Mode": "Partial",
              "Parent Relationship": "Outer",
              "Parallel Aware": false,
              "Startup Cost": 349424.08,
              "Total Cost": 349424.09,
              "Plan Rows": 1,
              "Plan Width": 8,
              "Actual Startup Time": 818.019,
              "Actual Total Time": 818.02,
              "Actual Rows": 1,
              "Actual Loops": 7,
              "Plans": [
                {
                  "Node Type": "Seq Scan",
                  "Parent Relationship": "Outer",
                  "Parallel Aware": true,
                  "Relation Name": "cast_info",
                  "Alias": "ci",
                  "Startup Cost": 0.0,
                  "Total Cost": 343257.03,
                  "Plan Rows": 2466821,
                  "Plan Width": 0,
                  "Actual Startup Time": 220.409,
                  "Actual Total Time": 694.657,
                  "Actual Rows": 2825344,
                  "Actual Loops": 7,
                  "Filter": "((person_id > 1346585) AND (role_id > 1))",
                  "Rows Removed by Filter": 2352419
                }
              ]
            }
          ]
        }
      ]
    },
    "Planning Time": 0.23,
    "Triggers": [],
    "Execution Time": 889.704
  }
]