{
  "Plan": {
    "Node Type": "Aggregate",
    "Strategy": "Plain",
    "Partial Mode": "Finalize",
    "Parallel Aware": false,
    "Startup Cost": 79185.1,
    "Total Cost": 79185.11,
    "Plan Rows": 1,
    "Plan Width": 8,
    "Actual Startup Time": 344.249,
    "Actual Total Time": 355.134,
    "Actual Rows": 1,
    "Actual Loops": 1,
    "Plans": [
      {
        "Node Type": "Gather",
        "Parent Relationship": "Outer",
        "Parallel Aware": false,
        "Startup Cost": 79184.99,
        "Total Cost": 79185.1,
        "Plan Rows": 1,
        "Plan Width": 8,
        "Actual Startup Time": 343.911,
        "Actual Total Time": 355.126,
        "Actual Rows": 2,
        "Actual Loops": 1,
        "Workers Planned": 1,
        "Workers Launched": 1,
        "Single Copy": false,
        "Plans": [
          {
            "Node Type": "Aggregate",
            "Strategy": "Plain",
            "Partial Mode": "Partial",
            "Parent Relationship": "Outer",
            "Parallel Aware": false,
            "Startup Cost": 78184.99,
            "Total Cost": 78185.0,
            "Plan Rows": 1,
            "Plan Width": 8,
            "Actual Startup Time": 337.642,
            "Actual Total Time": 337.648,
            "Actual Rows": 1,
            "Actual Loops": 2,
            "Plans": [
              {
                "Node Type": "Hash Join",
                "Parent Relationship": "Outer",
                "Parallel Aware": false,
                "Join Type": "Inner",
                "Startup Cost": 59608.65,
                "Total Cost": 78184.99,
                "Plan Rows": 2,
                "Plan Width": 0,
                "Actual Startup Time": 210.966,
                "Actual Total Time": 337.635,
                "Actual Rows": 15,
                "Actual Loops": 2,
                "Inner Unique": false,
                "Hash Cond": "(t.id = mc.movie_id)",
                "Plans": [
                  {
                    "Node Type": "Hash Join",
                    "Parent Relationship": "Outer",
                    "Parallel Aware": true,
                    "Join Type": "Inner",
                    "Startup Cost": 59333.79,
                    "Total Cost": 77517.58,
                    "Plan Rows": 44860,
                    "Plan Width": 8,
                    "Actual Startup Time": 191.152,
                    "Actual Total Time": 333.782,
                    "Actual Rows": 15430,
                    "Actual Loops": 2,
                    "Inner Unique": true,
                    "Hash Cond": "(mi_idx.movie_id = t.id)",
                    "Plans": [
                      {
                        "Node Type": "Seq Scan",
                        "Parent Relationship": "Outer",
                        "Parallel Aware": true,
                        "Relation Name": "movie_info_idx",
                        "Alias": "mi_idx",
                        "Startup Cost": 0.0,
                        "Total Cost": 16052.85,
                        "Plan Rows": 811785,
                        "Plan Width": 4,
                        "Actual Startup Time": 0.013,
                        "Actual Total Time": 60.09,
                        "Actual Rows": 690018,
                        "Actual Loops": 2
                      },
                      {
                        "Node Type": "Hash",
                        "Parent Relationship": "Inner",
                        "Parallel Aware": true,
                        "Startup Cost": 58306.47,
                        "Total Cost": 58306.47,
                        "Plan Rows": 82186,
                        "Plan Width": 4,
                        "Actual Startup Time": 187.765,
                        "Actual Total Time": 187.766,
                        "Actual Rows": 75330,
                        "Actual Loops": 2,
                        "Hash Buckets": 262144,
                        "Original Hash Buckets": 262144,
                        "Hash Batches": 1,
                        "Original Hash Batches": 1,
                        "Peak Memory Usage": 8000,
                        "Plans": [
                          {
                            "Node Type": "Seq Scan",
                            "Parent Relationship": "Outer",
                            "Parallel Aware": true,
                            "Relation Name": "title",
                            "Alias": "t",
                            "Startup Cost": 0.0,
                            "Total Cost": 58306.47,
                            "Plan Rows": 82186,
                            "Plan Width": 4,
                            "Actual Startup Time": 0.027,
                            "Actual Total Time": 160.619,
                            "Actual Rows": 75330,
                            "Actual Loops": 2,
                            "Filter": "((production_year > 2011) AND (kind_id = 7))",
                            "Rows Removed by Filter": 1188826
                          }
                        ]
                      }
                    ]
                  },
                  {
                    "Node Type": "Hash",
                    "Parent Relationship": "Inner",
                    "Parallel Aware": false,
                    "Startup Cost": 273.57,
                    "Total Cost": 273.57,
                    "Plan Rows": 103,
                    "Plan Width": 4,
                    "Actual Startup Time": 2.268,
                    "Actual Total Time": 2.269,
                    "Actual Rows": 452,
                    "Actual Loops": 2,
                    "Hash Buckets": 1024,
                    "Original Hash Buckets": 1024,
                    "Hash Batches": 1,
                    "Original Hash Batches": 1,
                    "Peak Memory Usage": 24,
                    "Plans": [
                      {
                        "Node Type": "Index Scan",
                        "Parent Relationship": "Outer",
                        "Parallel Aware": false,
                        "Scan Direction": "Forward",
                        "Index Name": "company_id_movie_companies",
                        "Relation Name": "movie_companies",
                        "Alias": "mc",
                        "Startup Cost": 0.43,
                        "Total Cost": 273.57,
                        "Plan Rows": 103,
                        "Plan Width": 4,
                        "Actual Startup Time": 0.21,
                        "Actual Total Time": 1.983,
                        "Actual Rows": 452,
                        "Actual Loops": 2,
                        "Index Cond": "(company_id = 10236)",
                        "Rows Removed by Index Recheck": 0
                      }
                    ]
                  }
                ]
              }
            ]
          }
        ]
      }
    ]
  },
  "Planning Time": 0.987,
  "Triggers": [],
  "Execution Time": 355.224
}