[
  {
    "Plan": {
      "Node Type": "Aggregate",
      "Strategy": "Plain",
      "Partial Mode": "Finalize",
      "Parallel Aware": false,
      "Startup Cost": 31441.46,
      "Total Cost": 31441.47,
      "Plan Rows": 1,
      "Plan Width": 8,
      "Actual Startup Time": 105.37,
      "Actual Total Time": 112.919,
      "Actual Rows": 1,
      "Actual Loops": 1,
      "Plans": [
        {
          "Node Type": "Gather",
          "Parent Relationship": "Outer",
          "Parallel Aware": false,
          "Startup Cost": 31441.14,
          "Total Cost": 31441.45,
          "Plan Rows": 3,
          "Plan Width": 8,
          "Actual Startup Time": 105.264,
          "Actual Total Time": 112.911,
          "Actual Rows": 4,
          "Actual Loops": 1,
          "Workers Planned": 3,
          "Workers Launched": 3,
          "Single Copy": false,
          "Plans": [
            {
              "Node Type": "Aggregate",
              "Strategy": "Plain",
              "Partial Mode": "Partial",
              "Parent Relationship": "Outer",
              "Parallel Aware": false,
              "Startup Cost": 30441.14,
              "Total Cost": 30441.15,
              "Plan Rows": 1,
              "Plan Width": 8,
              "Actual Startup Time": 97.628,
              "Actual Total Time": 97.629,
              "Actual Rows": 1,
              "Actual Loops": 4,
              "Plans": [
                {
                  "Node Type": "Seq Scan",
                  "Parent Relationship": "Outer",
                  "Parallel Aware": true,
                  "Relation Name": "movie_companies",
                  "Alias": "mc",
                  "Startup Cost": 0.0,
                  "Total Cost": 29310.68,
                  "Plan Rows": 452185,
                  "Plan Width": 0,
                  "Actual Startup Time": 23.307,
                  "Actual Total Time": 82.813,
                  "Actual Rows": 351973,
                  "Actual Loops": 4,
                  "Filter": "(company_id > 10936)",
                  "Rows Removed by Filter": 300309
                }
              ]
            }
          ]
        }
      ]
    },
    "Planning Time": 0.184,
    "Triggers": [],
    "Execution Time": 112.974
  }
]