[
  {
    "Plan": {
      "Node Type": "Aggregate",
      "Strategy": "Plain",
      "Partial Mode": "Finalize",
      "Parallel Aware": false,
      "Startup Cost": 287849.9,
      "Total Cost": 287849.91,
      "Plan Rows": 1,
      "Plan Width": 8,
      "Actual Startup Time": 150.247,
      "Actual Total Time": 157.146,
      "Actual Rows": 1,
      "Actual Loops": 1,
      "Plans": [
        {
          "Node Type": "Gather",
          "Parent Relationship": "Outer",
          "Parallel Aware": false,
          "Startup Cost": 287849.27,
          "Total Cost": 287849.88,
          "Plan Rows": 6,
          "Plan Width": 8,
          "Actual Startup Time": 149.715,
          "Actual Total Time": 157.137,
          "Actual Rows": 7,
          "Actual Loops": 1,
          "Workers Planned": 6,
          "Workers Launched": 6,
          "Single Copy": false,
          "Plans": [
            {
              "Node Type": "Aggregate",
              "Strategy": "Plain",
              "Partial Mode": "Partial",
              "Parent Relationship": "Outer",
              "Parallel Aware": false,
              "Startup Cost": 286849.27,
              "Total Cost": 286849.28,
              "Plan Rows": 1,
              "Plan Width": 8,
              "Actual Startup Time": 138.816,
              "Actual Total Time": 138.817,
              "Actual Rows": 1,
              "Actual Loops": 7,
              "Plans": [
                {
                  "Node Type": "Bitmap Heap Scan",
                  "Parent Relationship": "Outer",
                  "Parallel Aware": true,
                  "Relation Name": "cast_info",
                  "Alias": "ci",
                  "Startup Cost": 30688.69,
                  "Total Cost": 286270.34,
                  "Plan Rows": 231572,
                  "Plan Width": 0,
                  "Actual Startup Time": 64.137,
                  "Actual Total Time": 127.514,
                  "Actual Rows": 196932,
                  "Actual Loops": 7,
                  "Recheck Cond": "(person_id > 3794583)",
                  "Rows Removed by Index Recheck": 0,
                  "Exact Heap Blocks": 5424,
                  "Lossy Heap Blocks": 0,
                  "Plans": [
                    {
                      "Node Type": "Bitmap Index Scan",
                      "Parent Relationship": "Outer",
                      "Parallel Aware": false,
                      "Index Name": "person_id_cast_info",
                      "Startup Cost": 0.0,
                      "Total Cost": 30341.33,
                      "Plan Rows": 1389435,
                      "Plan Width": 0,
                      "Actual Startup Time": 70.746,
                      "Actual Total Time": 70.747,
                      "Actual Rows": 1378522,
                      "Actual Loops": 1,
                      "Index Cond": "(person_id > 3794583)"
                    }
                  ]
                }
              ]
            }
          ]
        }
      ]
    },
    "Planning Time": 0.188,
    "Triggers": [],
    "Execution Time": 157.22
  }
]