[
  {
    "Plan": {
      "Node Type": "Aggregate",
      "Strategy": "Plain",
      "Partial Mode": "Finalize",
      "Parallel Aware": false,
      "Startup Cost": 263876.89,
      "Total Cost": 263876.9,
      "Plan Rows": 1,
      "Plan Width": 8,
      "Actual Startup Time": 799.978,
      "Actual Total Time": 869.927,
      "Actual Rows": 1,
      "Actual Loops": 1,
      "Plans": [
        {
          "Node Type": "Gather",
          "Parent Relationship": "Outer",
          "Parallel Aware": false,
          "Startup Cost": 263876.37,
          "Total Cost": 263876.88,
          "Plan Rows": 5,
          "Plan Width": 8,
          "Actual Startup Time": 797.878,
          "Actual Total Time": 869.913,
          "Actual Rows": 6,
          "Actual Loops": 1,
          "Workers Planned": 5,
          "Workers Launched": 5,
          "Single Copy": false,
          "Plans": [
            {
              "Node Type": "Aggregate",
              "Strategy": "Plain",
              "Partial Mode": "Partial",
              "Parent Relationship": "Outer",
              "Parallel Aware": false,
              "Startup Cost": 262876.37,
              "Total Cost": 262876.38,
              "Plan Rows": 1,
              "Plan Width": 8,
              "Actual Startup Time": 787.557,
              "Actual Total Time": 787.634,
              "Actual Rows": 1,
              "Actual Loops": 6,
              "Plans": [
                {
                  "Node Type": "Nested Loop",
                  "Parent Relationship": "Outer",
                  "Parallel Aware": false,
                  "Join Type": "Inner",
                  "Startup Cost": 58787.82,
                  "Total Cost": 262508.27,
                  "Plan Rows": 147240,
                  "Plan Width": 0,
                  "Actual Startup Time": 141.05,
                  "Actual Total Time": 760.755,
                  "Actual Rows": 502482,
                  "Actual Loops": 6,
                  "Inner Unique": false,
                  "Join Filter": "(t.id = ci.movie_id)",
                  "Rows Removed by Join Filter": 0,
                  "Plans": [
                    {
                      "Node Type": "Hash Join",
                      "Parent Relationship": "Outer",
                      "Parallel Aware": true,
                      "Join Type": "Inner",
                      "Startup Cost": 58787.25,
                      "Total Cost": 222905.97,
                      "Plan Rows": 10276,
                      "Plan Width": 8,
                      "Actual Startup Time": 140.891,
                      "Actual Total Time": 189.522,
                      "Actual Rows": 16106,
                      "Actual Loops": 6,
                      "Inner Unique": true,
                      "Hash Cond": "(mi.movie_id = t.id)",
                      "Plans": [
                        {
                          "Node Type": "Bitmap Heap Scan",
                          "Parent Relationship": "Outer",
                          "Parallel Aware": true,
                          "Relation Name": "movie_info",
                          "Alias": "mi",
                          "Startup Cost": 12730.49,
                          "Total Cost": 176480.28,
                          "Plan Rows": 140543,
                          "Plan Width": 4,
                          "Actual Startup Time": 31.444,
                          "Actual Total Time": 49.241,
                          "Actual Rows": 110154,
                          "Actual Loops": 6,
                          "Recheck Cond": "(info_type_id = 18)",
                          "Rows Removed by Index Recheck": 0,
                          "Exact Heap Blocks": 1373,
                          "Lossy Heap Blocks": 0,
                          "Plans": [
                            {
                              "Node Type": "Bitmap Index Scan",
                              "Parent Relationship": "Outer",
                              "Parallel Aware": false,
                              "Index Name": "info_type_id_movie_info",
                              "Startup Cost": 0.0,
                              "Total Cost": 12554.81,
                              "Plan Rows": 702717,
                              "Plan Width": 0,
                              "Actual Startup Time": 29.729,
                              "Actual Total Time": 29.73,
                              "Actual Rows": 660923,
                              "Actual Loops": 1,
                              "Index Cond": "(info_type_id = 18)"
                            }
                          ]
                        },
                        {
                          "Node Type": "Hash",
                          "Parent Relationship": "Inner",
                          "Parallel Aware": true,
                          "Startup Cost": 45479.1,
                          "Total Cost": 45479.1,
                          "Plan Rows": 46213,
                          "Plan Width": 4,
                          "Actual Startup Time": 107.421,
                          "Actual Total Time": 107.421,
                          "Actual Rows": 49053,
                          "Actual Loops": 6,
                          "Hash Buckets": 524288,
                          "Original Hash Buckets": 262144,
                          "Hash Batches": 1,
                          "Original Hash Batches": 1,
                          "Peak Memory Usage": 17728,
                          "Plans": [
                            {
                              "Node Type": "Seq Scan",
                              "Parent Relationship": "Outer",
                              "Parallel Aware": true,
                              "Relation Name": "title",
                              "Alias": "t",
                              "Startup Cost": 0.0,
                              "Total Cost": 45479.1,
                              "Plan Rows": 46213,
                              "Plan Width": 4,
                              "Actual Startup Time": 0.072,
                              "Actual Total Time": 81.99,
                              "Actual Rows": 49053,
                              "Actual Loops": 6,
                              "Filter": "((kind_id < 7) AND (production_year < 1978))",
                              "Rows Removed by Filter": 372333
                            }
                          ]
                        }
                      ]
                    },
                    {
                      "Node Type": "Index Only Scan",
                      "Parent Relationship": "Inner",
                      "Parallel Aware": false,
                      "Scan Direction": "Forward",
                      "Index Name": "movie_id_cast_info",
                      "Relation Name": "cast_info",
                      "Alias": "ci",
                      "Startup Cost": 0.56,
                      "Total Cost": 3.39,
                      "Plan Rows": 37,
                      "Plan Width": 4,
                      "Actual Startup Time": 0.006,
                      "Actual Total Time": 0.032,
                      "Actual Rows": 31,
                      "Actual Loops": 96635,
                      "Index Cond": "(movie_id = mi.movie_id)",
                      "Rows Removed by Index Recheck": 0,
                      "Heap Fetches": 3014894
                    }
                  ]
                }
              ]
            }
          ]
        }
      ]
    },
    "Planning Time": 1.377,
    "Triggers": [],
    "Execution Time": 870.064
  }
]