{
  "Plan": {
    "Node Type": "Aggregate",
    "Strategy": "Plain",
    "Partial Mode": "Finalize",
    "Parallel Aware": false,
    "Startup Cost": 97524.21,
    "Total Cost": 97524.22,
    "Plan Rows": 1,
    "Plan Width": 8,
    "Actual Startup Time": 343.595,
    "Actual Total Time": 356.561,
    "Actual Rows": 1,
    "Actual Loops": 1,
    "Plans": [
      {
        "Node Type": "Gather",
        "Parent Relationship": "Outer",
        "Parallel Aware": false,
        "Startup Cost": 97524.1,
        "Total Cost": 97524.21,
        "Plan Rows": 1,
        "Plan Width": 8,
        "Actual Startup Time": 343.459,
        "Actual Total Time": 356.554,
        "Actual Rows": 2,
        "Actual Loops": 1,
        "Workers Planned": 1,
        "Workers Launched": 1,
        "Single Copy": false,
        "Plans": [
          {
            "Node Type": "Aggregate",
            "Strategy": "Plain",
            "Partial Mode": "Partial",
            "Parent Relationship": "Outer",
            "Parallel Aware": false,
            "Startup Cost": 96524.1,
            "Total Cost": 96524.11,
            "Plan Rows": 1,
            "Plan Width": 8,
            "Actual Startup Time": 339.812,
            "Actual Total Time": 339.816,
            "Actual Rows": 1,
            "Actual Loops": 2,
            "Plans": [
              {
                "Node Type": "Hash Join",
                "Parent Relationship": "Outer",
                "Parallel Aware": true,
                "Join Type": "Inner",
                "Startup Cost": 58348.74,
                "Total Cost": 96515.37,
                "Plan Rows": 3491,
                "Plan Width": 0,
                "Actual Startup Time": 139.296,
                "Actual Total Time": 339.486,
                "Actual Rows": 5555,
                "Actual Loops": 2,
                "Inner Unique": true,
                "Hash Cond": "(mc.movie_id = t.id)",
                "Plans": [
                  {
                    "Node Type": "Seq Scan",
                    "Parent Relationship": "Outer",
                    "Parallel Aware": true,
                    "Relation Name": "movie_companies",
                    "Alias": "mc",
                    "Startup Cost": 0.0,
                    "Total Cost": 34137.82,
                    "Plan Rows": 1534782,
                    "Plan Width": 4,
                    "Actual Startup Time": 0.018,
                    "Actual Total Time": 103.735,
                    "Actual Rows": 1304564,
                    "Actual Loops": 2
                  },
                  {
                    "Node Type": "Hash",
                    "Parent Relationship": "Inner",
                    "Parallel Aware": true,
                    "Startup Cost": 58306.47,
                    "Total Cost": 58306.47,
                    "Plan Rows": 3382,
                    "Plan Width": 4,
                    "Actual Startup Time": 138.332,
                    "Actual Total Time": 138.333,
                    "Actual Rows": 2892,
                    "Actual Loops": 2,
                    "Hash Buckets": 8192,
                    "Original Hash Buckets": 8192,
                    "Hash Batches": 1,
                    "Original Hash Batches": 1,
                    "Peak Memory Usage": 352,
                    "Plans": [
                      {
                        "Node Type": "Seq Scan",
                        "Parent Relationship": "Outer",
                        "Parallel Aware": true,
                        "Relation Name": "title",
                        "Alias": "t",
                        "Startup Cost": 0.0,
                        "Total Cost": 58306.47,
                        "Plan Rows": 3382,
                        "Plan Width": 4,
                        "Actual Startup Time": 0.87,
                        "Actual Total Time": 137.165,
                        "Actual Rows": 2892,
                        "Actual Loops": 2,
                        "Filter": "((kind_id < 7) AND (production_year = 1967))",
                        "Rows Removed by Filter": 1261264
                      }
                    ]
                  }
                ]
              }
            ]
          }
        ]
      }
    ]
  },
  "Planning Time": 0.273,
  "Triggers": [],
  "Execution Time": 356.612
}