[
    {
        "Bao": {
            "Bao prediction": "NaN",
            "Bao recommended hint": "(no hint)"
        }
    },
    {
        "Plan": {
            "Node Type": "Aggregate",
            "Strategy": "Plain",
            "Partial Mode": "Finalize",
            "Parallel Aware": false,
            "Startup Cost": 44558.89,
            "Total Cost": 44558.9,
            "Plan Rows": 1,
            "Plan Width": 8,
            "Actual Startup Time": 134.879,
            "Actual Total Time": 144.831,
            "Actual Rows": 1,
            "Actual Loops": 1,
            "Output": [
                "count(*)"
            ],
            "Plans": [
                {
                    "Node Type": "Gather",
                    "Parent Relationship": "Outer",
                    "Parallel Aware": false,
                    "Startup Cost": 44558.57,
                    "Total Cost": 44558.88,
                    "Plan Rows": 3,
                    "Plan Width": 8,
                    "Actual Startup Time": 134.661,
                    "Actual Total Time": 144.822,
                    "Actual Rows": 4,
                    "Actual Loops": 1,
                    "Output": [
                        "(PARTIAL count(*))"
                    ],
                    "Workers Planned": 3,
                    "Workers Launched": 3,
                    "Single Copy": false,
                    "Plans": [
                        {
                            "Node Type": "Aggregate",
                            "Strategy": "Plain",
                            "Partial Mode": "Partial",
                            "Parent Relationship": "Outer",
                            "Parallel Aware": false,
                            "Startup Cost": 43558.57,
                            "Total Cost": 43558.58,
                            "Plan Rows": 1,
                            "Plan Width": 8,
                            "Actual Startup Time": 126.391,
                            "Actual Total Time": 126.392,
                            "Actual Rows": 1,
                            "Actual Loops": 4,
                            "Output": [
                                "PARTIAL count(*)"
                            ],
                            "Workers": [
                                {
                                    "Worker Number": 0,
                                    "Actual Startup Time": 123.465,
                                    "Actual Total Time": 123.467,
                                    "Actual Rows": 1,
                                    "Actual Loops": 1
                                },
                                {
                                    "Worker Number": 1,
                                    "Actual Startup Time": 123.875,
                                    "Actual Total Time": 123.876,
                                    "Actual Rows": 1,
                                    "Actual Loops": 1
                                },
                                {
                                    "Worker Number": 2,
                                    "Actual Startup Time": 124.146,
                                    "Actual Total Time": 124.148,
                                    "Actual Rows": 1,
                                    "Actual Loops": 1
                                }
                            ],
                            "Plans": [
                                {
                                    "Node Type": "Seq Scan",
                                    "Parent Relationship": "Outer",
                                    "Parallel Aware": true,
                                    "Relation Name": "movie_keyword",
                                    "Schema": "public",
                                    "Alias": "mk",
                                    "Startup Cost": 0.0,
                                    "Total Cost": 42695.65,
                                    "Plan Rows": 345167,
                                    "Plan Width": 0,
                                    "Actual Startup Time": 1.145,
                                    "Actual Total Time": 111.113,
                                    "Actual Rows": 260878,
                                    "Actual Loops": 4,
                                    "Output": [
                                        "id",
                                        "movie_id",
                                        "keyword_id"
                                    ],
                                    "Filter": "(mk.keyword_id > 16986)",
                                    "Rows Removed by Filter": 870104,
                                    "Workers": [
                                        {
                                            "Worker Number": 0,
                                            "Actual Startup Time": 0.067,
                                            "Actual Total Time": 108.73,
                                            "Actual Rows": 182419,
                                            "Actual Loops": 1
                                        },
                                        {
                                            "Worker Number": 1,
                                            "Actual Startup Time": 0.059,
                                            "Actual Total Time": 109.269,
                                            "Actual Rows": 274890,
                                            "Actual Loops": 1
                                        },
                                        {
                                            "Worker Number": 2,
                                            "Actual Startup Time": 0.09,
                                            "Actual Total Time": 109.444,
                                            "Actual Rows": 181527,
                                            "Actual Loops": 1
                                        }
                                    ]
                                }
                            ]
                        }
                    ]
                }
            ]
        },
        "Planning Time": 192.356,
        "Triggers": [],
        "Execution Time": 144.913
    }
]