{
  "Plan": {
    "Node Type": "Aggregate",
    "Strategy": "Plain",
    "Partial Mode": "Finalize",
    "Parallel Aware": false,
    "Startup Cost": 81970.11,
    "Total Cost": 81970.12,
    "Plan Rows": 1,
    "Plan Width": 8,
    "Actual Startup Time": 355.281,
    "Actual Total Time": 365.067,
    "Actual Rows": 1,
    "Actual Loops": 1,
    "Plans": [
      {
        "Node Type": "Gather",
        "Parent Relationship": "Outer",
        "Parallel Aware": false,
        "Startup Cost": 81970.0,
        "Total Cost": 81970.11,
        "Plan Rows": 1,
        "Plan Width": 8,
        "Actual Startup Time": 354.713,
        "Actual Total Time": 365.059,
        "Actual Rows": 2,
        "Actual Loops": 1,
        "Workers Planned": 1,
        "Workers Launched": 1,
        "Single Copy": false,
        "Plans": [
          {
            "Node Type": "Aggregate",
            "Strategy": "Plain",
            "Partial Mode": "Partial",
            "Parent Relationship": "Outer",
            "Parallel Aware": false,
            "Startup Cost": 80970.0,
            "Total Cost": 80970.01,
            "Plan Rows": 1,
            "Plan Width": 8,
            "Actual Startup Time": 349.068,
            "Actual Total Time": 349.074,
            "Actual Rows": 1,
            "Actual Loops": 2,
            "Plans": [
              {
                "Node Type": "Hash Join",
                "Parent Relationship": "Outer",
                "Parallel Aware": true,
                "Join Type": "Inner",
                "Startup Cost": 40029.37,
                "Total Cost": 80860.71,
                "Plan Rows": 43715,
                "Plan Width": 0,
                "Actual Startup Time": 101.387,
                "Actual Total Time": 345.219,
                "Actual Rows": 73433,
                "Actual Loops": 2,
                "Inner Unique": true,
                "Hash Cond": "(mc.movie_id = t.id)",
                "Plans": [
                  {
                    "Node Type": "Seq Scan",
                    "Parent Relationship": "Outer",
                    "Parallel Aware": true,
                    "Relation Name": "movie_companies",
                    "Alias": "mc",
                    "Startup Cost": 0.0,
                    "Total Cost": 37974.77,
                    "Plan Rows": 1088216,
                    "Plan Width": 4,
                    "Actual Startup Time": 0.82,
                    "Actual Total Time": 148.843,
                    "Actual Rows": 927985,
                    "Actual Loops": 2,
                    "Filter": "(company_id > 1475)",
                    "Rows Removed by Filter": 376580
                  },
                  {
                    "Node Type": "Hash",
                    "Parent Relationship": "Inner",
                    "Parallel Aware": true,
                    "Startup Cost": 39282.57,
                    "Total Cost": 39282.57,
                    "Plan Rows": 59744,
                    "Plan Width": 4,
                    "Actual Startup Time": 72.257,
                    "Actual Total Time": 72.258,
                    "Actual Rows": 58956,
                    "Actual Loops": 2,
                    "Hash Buckets": 131072,
                    "Original Hash Buckets": 131072,
                    "Hash Batches": 1,
                    "Original Hash Batches": 1,
                    "Peak Memory Usage": 5664,
                    "Plans": [
                      {
                        "Node Type": "Bitmap Heap Scan",
                        "Parent Relationship": "Outer",
                        "Parallel Aware": true,
                        "Relation Name": "title",
                        "Alias": "t",
                        "Startup Cost": 2206.33,
                        "Total Cost": 39282.57,
                        "Plan Rows": 59744,
                        "Plan Width": 4,
                        "Actual Startup Time": 13.786,
                        "Actual Total Time": 55.226,
                        "Actual Rows": 58956,
                        "Actual Loops": 2,
                        "Recheck Cond": "(kind_id = 4)",
                        "Rows Removed by Index Recheck": 0,
                        "Filter": "(production_year > 1969)",
                        "Rows Removed by Filter": 162,
                        "Exact Heap Blocks": 9606,
                        "Lossy Heap Blocks": 0,
                        "Plans": [
                          {
                            "Node Type": "Bitmap Index Scan",
                            "Parent Relationship": "Outer",
                            "Parallel Aware": false,
                            "Index Name": "kind_id_title",
                            "Startup Cost": 0.0,
                            "Total Cost": 2180.94,
                            "Plan Rows": 122201,
                            "Plan Width": 0,
                            "Actual Startup Time": 13.845,
                            "Actual Total Time": 13.846,
                            "Actual Rows": 118234,
                            "Actual Loops": 1,
                            "Index Cond": "(kind_id = 4)"
                          }
                        ]
                      }
                    ]
                  }
                ]
              }
            ]
          }
        ]
      }
    ]
  },
  "Planning Time": 0.295,
  "Triggers": [],
  "Execution Time": 365.129
}