[
  {
    "Plan": {
      "Node Type": "Aggregate",
      "Strategy": "Plain",
      "Partial Mode": "Finalize",
      "Parallel Aware": false,
      "Startup Cost": 328539.87,
      "Total Cost": 328539.88,
      "Plan Rows": 1,
      "Plan Width": 8,
      "Actual Startup Time": 2683.784,
      "Actual Total Time": 2758.646,
      "Actual Rows": 1,
      "Actual Loops": 1,
      "Plans": [
        {
          "Node Type": "Gather",
          "Parent Relationship": "Outer",
          "Parallel Aware": false,
          "Startup Cost": 328539.35,
          "Total Cost": 328539.86,
          "Plan Rows": 5,
          "Plan Width": 8,
          "Actual Startup Time": 2679.686,
          "Actual Total Time": 2758.636,
          "Actual Rows": 6,
          "Actual Loops": 1,
          "Workers Planned": 5,
          "Workers Launched": 5,
          "Single Copy": false,
          "Plans": [
            {
              "Node Type": "Aggregate",
              "Strategy": "Plain",
              "Partial Mode": "Partial",
              "Parent Relationship": "Outer",
              "Parallel Aware": false,
              "Startup Cost": 327539.35,
              "Total Cost": 327539.36,
              "Plan Rows": 1,
              "Plan Width": 8,
              "Actual Startup Time": 2669.666,
              "Actual Total Time": 2669.669,
              "Actual Rows": 1,
              "Actual Loops": 6,
              "Plans": [
                {
                  "Node Type": "Nested Loop",
                  "Parent Relationship": "Outer",
                  "Parallel Aware": false,
                  "Join Type": "Inner",
                  "Startup Cost": 56674.17,
                  "Total Cost": 326646.31,
                  "Plan Rows": 357216,
                  "Plan Width": 0,
                  "Actual Startup Time": 154.316,
                  "Actual Total Time": 2557.689,
                  "Actual Rows": 2283906,
                  "Actual Loops": 6,
                  "Inner Unique": false,
                  "Plans": [
                    {
                      "Node Type": "Hash Join",
                      "Parent Relationship": "Outer",
                      "Parallel Aware": true,
                      "Join Type": "Inner",
                      "Startup Cost": 56673.61,
                      "Total Cost": 220131.95,
                      "Plan Rows": 29624,
                      "Plan Width": 8,
                      "Actual Startup Time": 154.198,
                      "Actual Total Time": 204.172,
                      "Actual Rows": 52363,
                      "Actual Loops": 6,
                      "Inner Unique": true,
                      "Hash Cond": "(mi.movie_id = t.id)",
                      "Plans": [
                        {
                          "Node Type": "Bitmap Heap Scan",
                          "Parent Relationship": "Outer",
                          "Parallel Aware": true,
                          "Relation Name": "movie_info",
                          "Alias": "mi",
                          "Startup Cost": 8778.62,
                          "Total Cost": 171982.65,
                          "Plan Rows": 96882,
                          "Plan Width": 4,
                          "Actual Startup Time": 17.782,
                          "Actual Total Time": 32.402,
                          "Actual Rows": 81092,
                          "Actual Loops": 6,
                          "Recheck Cond": "(info_type_id = 5)",
                          "Rows Removed by Index Recheck": 0,
                          "Exact Heap Blocks": 1616,
                          "Lossy Heap Blocks": 0,
                          "Plans": [
                            {
                              "Node Type": "Bitmap Index Scan",
                              "Parent Relationship": "Outer",
                              "Parallel Aware": false,
                              "Index Name": "info_type_id_movie_info",
                              "Startup Cost": 0.0,
                              "Total Cost": 8657.52,
                              "Plan Rows": 484411,
                              "Plan Width": 0,
                              "Actual Startup Time": 16.976,
                              "Actual Total Time": 16.977,
                              "Actual Rows": 486554,
                              "Actual Loops": 1,
                              "Index Cond": "(info_type_id = 5)"
                            }
                          ]
                        },
                        {
                          "Node Type": "Hash",
                          "Parent Relationship": "Inner",
                          "Parallel Aware": true,
                          "Startup Cost": 45479.1,
                          "Total Cost": 45479.1,
                          "Plan Rows": 193271,
                          "Plan Width": 4,
                          "Actual Startup Time": 132.841,
                          "Actual Total Time": 132.842,
                          "Actual Rows": 112855,
                          "Actual Loops": 6,
                          "Hash Buckets": 1048576,
                          "Original Hash Buckets": 1048576,
                          "Hash Batches": 1,
                          "Original Hash Batches": 1,
                          "Peak Memory Usage": 34784,
                          "Plans": [
                            {
                              "Node Type": "Seq Scan",
                              "Parent Relationship": "Outer",
                              "Parallel Aware": true,
                              "Relation Name": "title",
                              "Alias": "t",
                              "Startup Cost": 0.0,
                              "Total Cost": 45479.1,
                              "Plan Rows": 193271,
                              "Plan Width": 4,
                              "Actual Startup Time": 0.04,
                              "Actual Total Time": 84.083,
                              "Actual Rows": 112855,
                              "Actual Loops": 6,
                              "Filter": "((kind_id < 7) AND (production_year > 1978))",
                              "Rows Removed by Filter": 308530
                            }
                          ]
                        }
                      ]
                    },
                    {
                      "Node Type": "Index Scan",
                      "Parent Relationship": "Inner",
                      "Parallel Aware": false,
                      "Scan Direction": "Forward",
                      "Index Name": "movie_id_cast_info",
                      "Relation Name": "cast_info",
                      "Alias": "ci",
                      "Startup Cost": 0.56,
                      "Total Cost": 3.29,
                      "Plan Rows": 31,
                      "Plan Width": 4,
                      "Actual Startup Time": 0.004,
                      "Actual Total Time": 0.042,
                      "Actual Rows": 44,
                      "Actual Loops": 314180,
                      "Index Cond": "(movie_id = t.id)",
                      "Rows Removed by Index Recheck": 0,
                      "Filter": "(role_id < 9)",
                      "Rows Removed by Filter": 26
                    }
                  ]
                }
              ]
            }
          ]
        }
      ]
    },
    "Planning Time": 1.385,
    "Triggers": [],
    "Execution Time": 2758.827
  }
]