[
    {
        "Bao": {
            "Bao prediction": "NaN",
            "Bao recommended hint": "(no hint)"
        }
    },
    {
        "Plan": {
            "Node Type": "Aggregate",
            "Strategy": "Plain",
            "Partial Mode": "Finalize",
            "Parallel Aware": false,
            "Startup Cost": 346358.94,
            "Total Cost": 346358.95,
            "Plan Rows": 1,
            "Plan Width": 8,
            "Actual Startup Time": 649.789,
            "Actual Total Time": 680.736,
            "Actual Rows": 1,
            "Actual Loops": 1,
            "Output": [
                "count(*)"
            ],
            "Plans": [
                {
                    "Node Type": "Gather",
                    "Parent Relationship": "Outer",
                    "Parallel Aware": false,
                    "Startup Cost": 346358.32,
                    "Total Cost": 346358.92,
                    "Plan Rows": 6,
                    "Plan Width": 8,
                    "Actual Startup Time": 649.654,
                    "Actual Total Time": 680.727,
                    "Actual Rows": 7,
                    "Actual Loops": 1,
                    "Output": [
                        "(PARTIAL count(*))"
                    ],
                    "Workers Planned": 6,
                    "Workers Launched": 6,
                    "Single Copy": false,
                    "Plans": [
                        {
                            "Node Type": "Aggregate",
                            "Strategy": "Plain",
                            "Partial Mode": "Partial",
                            "Parent Relationship": "Outer",
                            "Parallel Aware": false,
                            "Startup Cost": 345358.32,
                            "Total Cost": 345358.33,
                            "Plan Rows": 1,
                            "Plan Width": 8,
                            "Actual Startup Time": 639.45,
                            "Actual Total Time": 639.451,
                            "Actual Rows": 1,
                            "Actual Loops": 7,
                            "Output": [
                                "PARTIAL count(*)"
                            ],
                            "Workers": [
                                {
                                    "Worker Number": 0,
                                    "Actual Startup Time": 637.236,
                                    "Actual Total Time": 637.237,
                                    "Actual Rows": 1,
                                    "Actual Loops": 1
                                },
                                {
                                    "Worker Number": 1,
                                    "Actual Startup Time": 637.324,
                                    "Actual Total Time": 637.325,
                                    "Actual Rows": 1,
                                    "Actual Loops": 1
                                },
                                {
                                    "Worker Number": 2,
                                    "Actual Startup Time": 637.894,
                                    "Actual Total Time": 637.895,
                                    "Actual Rows": 1,
                                    "Actual Loops": 1
                                },
                                {
                                    "Worker Number": 3,
                                    "Actual Startup Time": 638.322,
                                    "Actual Total Time": 638.324,
                                    "Actual Rows": 1,
                                    "Actual Loops": 1
                                },
                                {
                                    "Worker Number": 4,
                                    "Actual Startup Time": 638.291,
                                    "Actual Total Time": 638.292,
                                    "Actual Rows": 1,
                                    "Actual Loops": 1
                                },
                                {
                                    "Worker Number": 5,
                                    "Actual Startup Time": 638.293,
                                    "Actual Total Time": 638.293,
                                    "Actual Rows": 1,
                                    "Actual Loops": 1
                                }
                            ],
                            "Plans": [
                                {
                                    "Node Type": "Seq Scan",
                                    "Parent Relationship": "Outer",
                                    "Parallel Aware": true,
                                    "Relation Name": "cast_info",
                                    "Schema": "public",
                                    "Alias": "ci",
                                    "Startup Cost": 0.0,
                                    "Total Cost": 343318.94,
                                    "Plan Rows": 815750,
                                    "Plan Width": 0,
                                    "Actual Startup Time": 353.659,
                                    "Actual Total Time": 590.225,
                                    "Actual Rows": 1072988,
                                    "Actual Loops": 7,
                                    "Output": [
                                        "id",
                                        "person_id",
                                        "movie_id",
                                        "person_role_id",
                                        "note",
                                        "nr_order",
                                        "role_id"
                                    ],
                                    "Filter": "((ci.person_id > 2921149) AND (ci.role_id > 1))",
                                    "Rows Removed by Filter": 4104776,
                                    "Workers": [
                                        {
                                            "Worker Number": 0,
                                            "Actual Startup Time": 351.43,
                                            "Actual Total Time": 588.928,
                                            "Actual Rows": 719091,
                                            "Actual Loops": 1
                                        },
                                        {
                                            "Worker Number": 1,
                                            "Actual Startup Time": 351.542,
                                            "Actual Total Time": 591.067,
                                            "Actual Rows": 1101728,
                                            "Actual Loops": 1
                                        },
                                        {
                                            "Worker Number": 2,
                                            "Actual Startup Time": 352.099,
                                            "Actual Total Time": 588.289,
                                            "Actual Rows": 735839,
                                            "Actual Loops": 1
                                        },
                                        {
                                            "Worker Number": 3,
                                            "Actual Startup Time": 352.54,
                                            "Actual Total Time": 590.573,
                                            "Actual Rows": 1154666,
                                            "Actual Loops": 1
                                        },
                                        {
                                            "Worker Number": 4,
                                            "Actual Startup Time": 352.504,
                                            "Actual Total Time": 590.226,
                                            "Actual Rows": 1163361,
                                            "Actual Loops": 1
                                        },
                                        {
                                            "Worker Number": 5,
                                            "Actual Startup Time": 352.503,
                                            "Actual Total Time": 590.246,
                                            "Actual Rows": 1161231,
                                            "Actual Loops": 1
                                        }
                                    ]
                                }
                            ]
                        }
                    ]
                }
            ]
        },
        "Planning Time": 204.434,
        "Triggers": [],
        "Execution Time": 680.833
    }
]