[
  {
    "Plan": {
      "Node Type": "Aggregate",
      "Strategy": "Plain",
      "Partial Mode": "Finalize",
      "Parallel Aware": false,
      "Startup Cost": 343609.21,
      "Total Cost": 343609.22,
      "Plan Rows": 1,
      "Plan Width": 8,
      "Actual Startup Time": 369.089,
      "Actual Total Time": 381.881,
      "Actual Rows": 1,
      "Actual Loops": 1,
      "Plans": [
        {
          "Node Type": "Gather",
          "Parent Relationship": "Outer",
          "Parallel Aware": false,
          "Startup Cost": 343608.58,
          "Total Cost": 343609.19,
          "Plan Rows": 6,
          "Plan Width": 8,
          "Actual Startup Time": 367.761,
          "Actual Total Time": 381.872,
          "Actual Rows": 7,
          "Actual Loops": 1,
          "Workers Planned": 6,
          "Workers Launched": 6,
          "Single Copy": false,
          "Plans": [
            {
              "Node Type": "Aggregate",
              "Strategy": "Plain",
              "Partial Mode": "Partial",
              "Parent Relationship": "Outer",
              "Parallel Aware": false,
              "Startup Cost": 342608.58,
              "Total Cost": 342608.59,
              "Plan Rows": 1,
              "Plan Width": 8,
              "Actual Startup Time": 357.814,
              "Actual Total Time": 357.815,
              "Actual Rows": 1,
              "Actual Loops": 7,
              "Plans": [
                {
                  "Node Type": "Bitmap Heap Scan",
                  "Parent Relationship": "Outer",
                  "Parallel Aware": true,
                  "Relation Name": "cast_info",
                  "Alias": "ci",
                  "Startup Cost": 80109.59,
                  "Total Cost": 341920.68,
                  "Plan Rows": 275162,
                  "Plan Width": 0,
                  "Actual Startup Time": 176.323,
                  "Actual Total Time": 333.798,
                  "Actual Rows": 499056,
                  "Actual Loops": 7,
                  "Recheck Cond": "(person_id > 3424824)",
                  "Rows Removed by Index Recheck": 0,
                  "Filter": "(role_id > 2)",
                  "Rows Removed by Filter": 0,
                  "Exact Heap Blocks": 11125,
                  "Lossy Heap Blocks": 0,
                  "Plans": [
                    {
                      "Node Type": "Bitmap Index Scan",
                      "Parent Relationship": "Outer",
                      "Parallel Aware": false,
                      "Index Name": "person_id_cast_info",
                      "Startup Cost": 0.0,
                      "Total Cost": 79696.84,
                      "Plan Rows": 3649637,
                      "Plan Width": 0,
                      "Actual Startup Time": 176.013,
                      "Actual Total Time": 176.013,
                      "Actual Rows": 3493389,
                      "Actual Loops": 1,
                      "Index Cond": "(person_id > 3424824)"
                    }
                  ]
                }
              ]
            }
          ]
        }
      ]
    },
    "Planning Time": 0.236,
    "Triggers": [],
    "Execution Time": 381.961
  }
]