[
  {
    "Plan": {
      "Node Type": "Aggregate",
      "Strategy": "Plain",
      "Partial Mode": "Finalize",
      "Parallel Aware": false,
      "Startup Cost": 306755.47,
      "Total Cost": 306755.48,
      "Plan Rows": 1,
      "Plan Width": 8,
      "Actual Startup Time": 2413.662,
      "Actual Total Time": 2456.088,
      "Actual Rows": 1,
      "Actual Loops": 1,
      "Plans": [
        {
          "Node Type": "Gather",
          "Parent Relationship": "Outer",
          "Parallel Aware": false,
          "Startup Cost": 306754.94,
          "Total Cost": 306755.45,
          "Plan Rows": 5,
          "Plan Width": 8,
          "Actual Startup Time": 2398.916,
          "Actual Total Time": 2456.078,
          "Actual Rows": 6,
          "Actual Loops": 1,
          "Workers Planned": 5,
          "Workers Launched": 5,
          "Single Copy": false,
          "Plans": [
            {
              "Node Type": "Aggregate",
              "Strategy": "Plain",
              "Partial Mode": "Partial",
              "Parent Relationship": "Outer",
              "Parallel Aware": false,
              "Startup Cost": 305754.94,
              "Total Cost": 305754.95,
              "Plan Rows": 1,
              "Plan Width": 8,
              "Actual Startup Time": 2389.879,
              "Actual Total Time": 2390.473,
              "Actual Rows": 1,
              "Actual Loops": 6,
              "Plans": [
                {
                  "Node Type": "Hash Join",
                  "Parent Relationship": "Outer",
                  "Parallel Aware": true,
                  "Join Type": "Inner",
                  "Startup Cost": 94586.31,
                  "Total Cost": 303388.76,
                  "Plan Rows": 946472,
                  "Plan Width": 0,
                  "Actual Startup Time": 525.162,
                  "Actual Total Time": 1928.056,
                  "Actual Rows": 10323940,
                  "Actual Loops": 6,
                  "Inner Unique": false,
                  "Hash Cond": "(mi.movie_id = t.id)",
                  "Plans": [
                    {
                      "Node Type": "Seq Scan",
                      "Parent Relationship": "Outer",
                      "Parallel Aware": true,
                      "Relation Name": "movie_info",
                      "Alias": "mi",
                      "Startup Cost": 0.0,
                      "Total Cost": 199108.24,
                      "Plan Rows": 1770951,
                      "Plan Width": 4,
                      "Actual Startup Time": 0.038,
                      "Actual Total Time": 337.092,
                      "Actual Rows": 1464430,
                      "Actual Loops": 6,
                      "Filter": "(info_type_id < 13)",
                      "Rows Removed by Filter": 1008190
                    },
                    {
                      "Node Type": "Hash",
                      "Parent Relationship": "Inner",
                      "Parallel Aware": true,
                      "Startup Cost": 89137.53,
                      "Total Cost": 89137.53,
                      "Plan Rows": 435903,
                      "Plan Width": 8,
                      "Actual Startup Time": 520.96,
                      "Actual Total Time": 521.552,
                      "Actual Rows": 511634,
                      "Actual Loops": 6,
                      "Hash Buckets": 4194304,
                      "Original Hash Buckets": 2097152,
                      "Hash Batches": 1,
                      "Original Hash Batches": 1,
                      "Peak Memory Usage": 169344,
                      "Plans": [
                        {
                          "Node Type": "Hash Join",
                          "Parent Relationship": "Outer",
                          "Parallel Aware": true,
                          "Join Type": "Inner",
                          "Startup Cost": 46259.45,
                          "Total Cost": 89137.53,
                          "Plan Rows": 435903,
                          "Plan Width": 8,
                          "Actual Startup Time": 134.993,
                          "Actual Total Time": 327.369,
                          "Actual Rows": 511634,
                          "Actual Loops": 6,
                          "Inner Unique": true,
                          "Hash Cond": "(mk.movie_id = t.id)",
                          "Plans": [
                            {
                              "Node Type": "Seq Scan",
                              "Parent Relationship": "Outer",
                              "Parallel Aware": true,
                              "Relation Name": "movie_keyword",
                              "Alias": "mk",
                              "Startup Cost": 0.0,
                              "Total Cost": 39047.32,
                              "Plan Rows": 1459332,
                              "Plan Width": 4,
                              "Actual Startup Time": 0.033,
                              "Actual Total Time": 67.127,
                              "Actual Rows": 753988,
                              "Actual Loops": 6
                            },
                            {
                              "Node Type": "Hash",
                              "Parent Relationship": "Inner",
                              "Parallel Aware": true,
                              "Startup Cost": 43899.32,
                              "Total Cost": 43899.32,
                              "Plan Rows": 188810,
                              "Plan Width": 4,
                              "Actual Startup Time": 133.684,
                              "Actual Total Time": 133.686,
                              "Actual Rows": 125613,
                              "Actual Loops": 6,
                              "Hash Buckets": 1048576,
                              "Original Hash Buckets": 1048576,
                              "Hash Batches": 1,
                              "Original Hash Batches": 1,
                              "Peak Memory Usage": 37792,
                              "Plans": [
                                {
                                  "Node Type": "Seq Scan",
                                  "Parent Relationship": "Outer",
                                  "Parallel Aware": true,
                                  "Relation Name": "title",
                                  "Alias": "t",
                                  "Startup Cost": 0.0,
                                  "Total Cost": 43899.32,
                                  "Plan Rows": 188810,
                                  "Plan Width": 4,
                                  "Actual Startup Time": 0.053,
                                  "Actual Total Time": 80.535,
                                  "Actual Rows": 125613,
                                  "Actual Loops": 6,
                                  "Filter": "(kind_id < 3)",
                                  "Rows Removed by Filter": 295772
                                }
                              ]
                            }
                          ]
                        }
                      ]
                    }
                  ]
                }
              ]
            }
          ]
        }
      ]
    },
    "Planning Time": 0.439,
    "Triggers": [],
    "Execution Time": 2456.144
  }
]