[
  {
    "Plan": {
      "Node Type": "Aggregate",
      "Strategy": "Plain",
      "Partial Mode": "Finalize",
      "Parallel Aware": false,
      "Startup Cost": 237656.4,
      "Total Cost": 237656.41,
      "Plan Rows": 1,
      "Plan Width": 8,
      "Actual Startup Time": 521.919,
      "Actual Total Time": 540.411,
      "Actual Rows": 1,
      "Actual Loops": 1,
      "Plans": [
        {
          "Node Type": "Gather",
          "Parent Relationship": "Outer",
          "Parallel Aware": false,
          "Startup Cost": 237655.87,
          "Total Cost": 237656.38,
          "Plan Rows": 5,
          "Plan Width": 8,
          "Actual Startup Time": 514.32,
          "Actual Total Time": 540.398,
          "Actual Rows": 6,
          "Actual Loops": 1,
          "Workers Planned": 5,
          "Workers Launched": 5,
          "Single Copy": false,
          "Plans": [
            {
              "Node Type": "Aggregate",
              "Strategy": "Plain",
              "Partial Mode": "Partial",
              "Parent Relationship": "Outer",
              "Parallel Aware": false,
              "Startup Cost": 236655.87,
              "Total Cost": 236655.88,
              "Plan Rows": 1,
              "Plan Width": 8,
              "Actual Startup Time": 494.442,
              "Actual Total Time": 494.446,
              "Actual Rows": 1,
              "Actual Loops": 6,
              "Plans": [
                {
                  "Node Type": "Hash Join",
                  "Parent Relationship": "Outer",
                  "Parallel Aware": true,
                  "Join Type": "Inner",
                  "Startup Cost": 70681.49,
                  "Total Cost": 236091.14,
                  "Plan Rows": 225894,
                  "Plan Width": 0,
                  "Actual Startup Time": 332.142,
                  "Actual Total Time": 484.164,
                  "Actual Rows": 180528,
                  "Actual Loops": 6,
                  "Inner Unique": true,
                  "Hash Cond": "(mi.movie_id = t.id)",
                  "Plans": [
                    {
                      "Node Type": "Bitmap Heap Scan",
                      "Parent Relationship": "Outer",
                      "Parallel Aware": true,
                      "Relation Name": "movie_info",
                      "Alias": "mi",
                      "Startup Cost": 20461.84,
                      "Total Cost": 185278.52,
                      "Plan Rows": 225894,
                      "Plan Width": 4,
                      "Actual Startup Time": 46.119,
                      "Actual Total Time": 117.145,
                      "Actual Rows": 180528,
                      "Actual Loops": 6,
                      "Recheck Cond": "(info_type_id > 70)",
                      "Rows Removed by Index Recheck": 0,
                      "Exact Heap Blocks": 7554,
                      "Lossy Heap Blocks": 0,
                      "Plans": [
                        {
                          "Node Type": "Bitmap Index Scan",
                          "Parent Relationship": "Outer",
                          "Parallel Aware": false,
                          "Index Name": "info_type_id_movie_info",
                          "Startup Cost": 0.0,
                          "Total Cost": 20179.48,
                          "Plan Rows": 1129472,
                          "Plan Width": 0,
                          "Actual Startup Time": 40.393,
                          "Actual Total Time": 40.393,
                          "Actual Rows": 1083166,
                          "Actual Loops": 1,
                          "Index Cond": "(info_type_id > 70)"
                        }
                      ]
                    },
                    {
                      "Node Type": "Hash",
                      "Parent Relationship": "Inner",
                      "Parallel Aware": true,
                      "Startup Cost": 42318.73,
                      "Total Cost": 42318.73,
                      "Plan Rows": 632073,
                      "Plan Width": 4,
                      "Actual Startup Time": 278.582,
                      "Actual Total Time": 278.583,
                      "Actual Rows": 421385,
                      "Actual Loops": 6,
                      "Hash Buckets": 4194304,
                      "Original Hash Buckets": 4194304,
                      "Hash Batches": 1,
                      "Original Hash Batches": 1,
                      "Peak Memory Usage": 131776,
                      "Plans": [
                        {
                          "Node Type": "Seq Scan",
                          "Parent Relationship": "Outer",
                          "Parallel Aware": true,
                          "Relation Name": "title",
                          "Alias": "t",
                          "Startup Cost": 0.0,
                          "Total Cost": 42318.73,
                          "Plan Rows": 632073,
                          "Plan Width": 4,
                          "Actual Startup Time": 0.035,
                          "Actual Total Time": 83.888,
                          "Actual Rows": 421385,
                          "Actual Loops": 6
                        }
                      ]
                    }
                  ]
                }
              ]
            }
          ]
        }
      ]
    },
    "Planning Time": 0.59,
    "Triggers": [],
    "Execution Time": 540.507
  }
]