[
  {
    "Plan": {
      "Node Type": "Aggregate",
      "Strategy": "Plain",
      "Partial Mode": "Finalize",
      "Parallel Aware": false,
      "Startup Cost": 334279.96,
      "Total Cost": 334279.97,
      "Plan Rows": 1,
      "Plan Width": 8,
      "Actual Startup Time": 622.103,
      "Actual Total Time": 650.834,
      "Actual Rows": 1,
      "Actual Loops": 1,
      "Plans": [
        {
          "Node Type": "Gather",
          "Parent Relationship": "Outer",
          "Parallel Aware": false,
          "Startup Cost": 334279.33,
          "Total Cost": 334279.94,
          "Plan Rows": 6,
          "Plan Width": 8,
          "Actual Startup Time": 621.985,
          "Actual Total Time": 650.827,
          "Actual Rows": 7,
          "Actual Loops": 1,
          "Workers Planned": 6,
          "Workers Launched": 6,
          "Single Copy": false,
          "Plans": [
            {
              "Node Type": "Aggregate",
              "Strategy": "Plain",
              "Partial Mode": "Partial",
              "Parent Relationship": "Outer",
              "Parallel Aware": false,
              "Startup Cost": 333279.33,
              "Total Cost": 333279.34,
              "Plan Rows": 1,
              "Plan Width": 8,
              "Actual Startup Time": 617.423,
              "Actual Total Time": 617.423,
              "Actual Rows": 1,
              "Actual Loops": 7,
              "Plans": [
                {
                  "Node Type": "Seq Scan",
                  "Parent Relationship": "Outer",
                  "Parallel Aware": true,
                  "Relation Name": "cast_info",
                  "Alias": "ci",
                  "Startup Cost": 0.0,
                  "Total Cost": 328213.62,
                  "Plan Rows": 2026287,
                  "Plan Width": 0,
                  "Actual Startup Time": 245.135,
                  "Actual Total Time": 534.962,
                  "Actual Rows": 1762506,
                  "Actual Loops": 7,
                  "Filter": "(person_id > 2451896)",
                  "Rows Removed by Filter": 3415258
                }
              ]
            }
          ]
        }
      ]
    },
    "Planning Time": 0.083,
    "Triggers": [],
    "Execution Time": 650.862
  }
]