[
  {
    "Plan": {
      "Node Type": "Aggregate",
      "Strategy": "Plain",
      "Partial Mode": "Finalize",
      "Parallel Aware": false,
      "Startup Cost": 56390.92,
      "Total Cost": 56390.93,
      "Plan Rows": 1,
      "Plan Width": 8,
      "Actual Startup Time": 176.508,
      "Actual Total Time": 188.472,
      "Actual Rows": 1,
      "Actual Loops": 1,
      "Plans": [
        {
          "Node Type": "Gather",
          "Parent Relationship": "Outer",
          "Parallel Aware": false,
          "Startup Cost": 56390.6,
          "Total Cost": 56390.91,
          "Plan Rows": 3,
          "Plan Width": 8,
          "Actual Startup Time": 174.854,
          "Actual Total Time": 188.464,
          "Actual Rows": 4,
          "Actual Loops": 1,
          "Workers Planned": 3,
          "Workers Launched": 3,
          "Single Copy": false,
          "Plans": [
            {
              "Node Type": "Aggregate",
              "Strategy": "Plain",
              "Partial Mode": "Partial",
              "Parent Relationship": "Outer",
              "Parallel Aware": false,
              "Startup Cost": 55390.6,
              "Total Cost": 55390.61,
              "Plan Rows": 1,
              "Plan Width": 8,
              "Actual Startup Time": 166.451,
              "Actual Total Time": 166.454,
              "Actual Rows": 1,
              "Actual Loops": 4,
              "Plans": [
                {
                  "Node Type": "Hash Join",
                  "Parent Relationship": "Outer",
                  "Parallel Aware": true,
                  "Join Type": "Inner",
                  "Startup Cost": 46740.39,
                  "Total Cost": 55352.22,
                  "Plan Rows": 15353,
                  "Plan Width": 0,
                  "Actual Startup Time": 133.185,
                  "Actual Total Time": 165.746,
                  "Actual Rows": 15514,
                  "Actual Loops": 4,
                  "Inner Unique": true,
                  "Hash Cond": "(ci.movie_id = t.id)",
                  "Plans": [
                    {
                      "Node Type": "Index Scan",
                      "Parent Relationship": "Outer",
                      "Parallel Aware": true,
                      "Scan Direction": "Forward",
                      "Index Name": "role_id_cast_info",
                      "Relation Name": "cast_info",
                      "Alias": "ci",
                      "Startup Cost": 0.56,
                      "Total Cost": 8359.83,
                      "Plan Rows": 96218,
                      "Plan Width": 4,
                      "Actual Startup Time": 0.228,
                      "Actual Total Time": 13.221,
                      "Actual Rows": 79030,
                      "Actual Loops": 4,
                      "Index Cond": "(role_id > 10)",
                      "Rows Removed by Index Recheck": 0
                    },
                    {
                      "Node Type": "Hash",
                      "Parent Relationship": "Inner",
                      "Parallel Aware": true,
                      "Startup Cost": 45479.1,
                      "Total Cost": 45479.1,
                      "Plan Rows": 100858,
                      "Plan Width": 4,
                      "Actual Startup Time": 129.565,
                      "Actual Total Time": 129.566,
                      "Actual Rows": 74192,
                      "Actual Loops": 4,
                      "Hash Buckets": 524288,
                      "Original Hash Buckets": 524288,
                      "Hash Batches": 1,
                      "Original Hash Batches": 1,
                      "Peak Memory Usage": 15776,
                      "Plans": [
                        {
                          "Node Type": "Seq Scan",
                          "Parent Relationship": "Outer",
                          "Parallel Aware": true,
                          "Relation Name": "title",
                          "Alias": "t",
                          "Startup Cost": 0.0,
                          "Total Cost": 45479.1,
                          "Plan Rows": 100858,
                          "Plan Width": 4,
                          "Actual Startup Time": 49.037,
                          "Actual Total Time": 105.089,
                          "Actual Rows": 74192,
                          "Actual Loops": 4,
                          "Filter": "((production_year > 1997) AND (kind_id = 1))",
                          "Rows Removed by Filter": 557886
                        }
                      ]
                    }
                  ]
                }
              ]
            }
          ]
        }
      ]
    },
    "Planning Time": 0.677,
    "Triggers": [],
    "Execution Time": 188.547
  }
]