{
  "Plan": {
    "Node Type": "Aggregate",
    "Strategy": "Plain",
    "Partial Mode": "Finalize",
    "Parallel Aware": false,
    "Startup Cost": 99253.07,
    "Total Cost": 99253.08,
    "Plan Rows": 1,
    "Plan Width": 8,
    "Actual Startup Time": 297.652,
    "Actual Total Time": 312.637,
    "Actual Rows": 1,
    "Actual Loops": 1,
    "Plans": [
      {
        "Node Type": "Gather",
        "Parent Relationship": "Outer",
        "Parallel Aware": false,
        "Startup Cost": 99252.96,
        "Total Cost": 99253.07,
        "Plan Rows": 1,
        "Plan Width": 8,
        "Actual Startup Time": 297.51,
        "Actual Total Time": 312.629,
        "Actual Rows": 2,
        "Actual Loops": 1,
        "Workers Planned": 1,
        "Workers Launched": 1,
        "Single Copy": false,
        "Plans": [
          {
            "Node Type": "Aggregate",
            "Strategy": "Plain",
            "Partial Mode": "Partial",
            "Parent Relationship": "Outer",
            "Parallel Aware": false,
            "Startup Cost": 98252.96,
            "Total Cost": 98252.97,
            "Plan Rows": 1,
            "Plan Width": 8,
            "Actual Startup Time": 291.543,
            "Actual Total Time": 291.546,
            "Actual Rows": 1,
            "Actual Loops": 2,
            "Plans": [
              {
                "Node Type": "Hash Join",
                "Parent Relationship": "Outer",
                "Parallel Aware": true,
                "Join Type": "Inner",
                "Startup Cost": 54730.72,
                "Total Cost": 98238.9,
                "Plan Rows": 5625,
                "Plan Width": 0,
                "Actual Startup Time": 138.826,
                "Actual Total Time": 291.234,
                "Actual Rows": 5288,
                "Actual Loops": 2,
                "Inner Unique": true,
                "Hash Cond": "(mc.movie_id = t.id)",
                "Plans": [
                  {
                    "Node Type": "Index Scan",
                    "Parent Relationship": "Outer",
                    "Parallel Aware": true,
                    "Scan Direction": "Forward",
                    "Index Name": "company_type_id_movie_companies",
                    "Relation Name": "movie_companies",
                    "Alias": "mc",
                    "Startup Cost": 0.43,
                    "Total Cost": 41574.35,
                    "Plan Rows": 736859,
                    "Plan Width": 4,
                    "Actual Startup Time": 0.038,
                    "Actual Total Time": 106.34,
                    "Actual Rows": 607390,
                    "Actual Loops": 2,
                    "Index Cond": "(company_type_id = 1)",
                    "Rows Removed by Index Recheck": 0,
                    "Filter": "(company_id > 6)",
                    "Rows Removed by Filter": 29733
                  },
                  {
                    "Node Type": "Hash",
                    "Parent Relationship": "Inner",
                    "Parallel Aware": true,
                    "Startup Cost": 54588.39,
                    "Total Cost": 54588.39,
                    "Plan Rows": 11352,
                    "Plan Width": 4,
                    "Actual Startup Time": 137.324,
                    "Actual Total Time": 137.325,
                    "Actual Rows": 9196,
                    "Actual Loops": 2,
                    "Hash Buckets": 32768,
                    "Original Hash Buckets": 32768,
                    "Hash Batches": 1,
                    "Original Hash Batches": 1,
                    "Peak Memory Usage": 1024,
                    "Plans": [
                      {
                        "Node Type": "Seq Scan",
                        "Parent Relationship": "Outer",
                        "Parallel Aware": true,
                        "Relation Name": "title",
                        "Alias": "t",
                        "Startup Cost": 0.0,
                        "Total Cost": 54588.39,
                        "Plan Rows": 11352,
                        "Plan Width": 4,
                        "Actual Startup Time": 0.106,
                        "Actual Total Time": 133.65,
                        "Actual Rows": 9196,
                        "Actual Loops": 2,
                        "Filter": "(production_year = 1985)",
                        "Rows Removed by Filter": 1254960
                      }
                    ]
                  }
                ]
              }
            ]
          }
        ]
      }
    ]
  },
  "Planning Time": 0.595,
  "Triggers": [],
  "Execution Time": 312.715
}