[
  {
    "Plan": {
      "Node Type": "Aggregate",
      "Strategy": "Plain",
      "Partial Mode": "Finalize",
      "Parallel Aware": false,
      "Startup Cost": 45645.89,
      "Total Cost": 45645.9,
      "Plan Rows": 1,
      "Plan Width": 8,
      "Actual Startup Time": 144.831,
      "Actual Total Time": 155.717,
      "Actual Rows": 1,
      "Actual Loops": 1,
      "Plans": [
        {
          "Node Type": "Gather",
          "Parent Relationship": "Outer",
          "Parallel Aware": false,
          "Startup Cost": 45645.57,
          "Total Cost": 45645.88,
          "Plan Rows": 3,
          "Plan Width": 8,
          "Actual Startup Time": 144.697,
          "Actual Total Time": 155.707,
          "Actual Rows": 4,
          "Actual Loops": 1,
          "Workers Planned": 3,
          "Workers Launched": 3,
          "Single Copy": false,
          "Plans": [
            {
              "Node Type": "Aggregate",
              "Strategy": "Plain",
              "Partial Mode": "Partial",
              "Parent Relationship": "Outer",
              "Parallel Aware": false,
              "Startup Cost": 44645.57,
              "Total Cost": 44645.58,
              "Plan Rows": 1,
              "Plan Width": 8,
              "Actual Startup Time": 140.905,
              "Actual Total Time": 140.906,
              "Actual Rows": 1,
              "Actual Loops": 4,
              "Plans": [
                {
                  "Node Type": "Seq Scan",
                  "Parent Relationship": "Outer",
                  "Parallel Aware": true,
                  "Relation Name": "movie_keyword",
                  "Alias": "mk",
                  "Startup Cost": 0.0,
                  "Total Cost": 42695.65,
                  "Plan Rows": 779968,
                  "Plan Width": 0,
                  "Actual Startup Time": 0.031,
                  "Actual Total Time": 113.126,
                  "Actual Rows": 608530,
                  "Actual Loops": 4,
                  "Filter": "(keyword_id < 5772)",
                  "Rows Removed by Filter": 522452
                }
              ]
            }
          ]
        }
      ]
    },
    "Planning Time": 0.122,
    "Triggers": [],
    "Execution Time": 155.756
  }
]