{
    "Plan": {
        "Node Type": "Aggregate",
        "Strategy": "Plain",
        "Partial Mode": "Finalize",
        "Parallel Aware": false,
        "Startup Cost": 112629.48,
        "Total Cost": 112629.49,
        "Plan Rows": 1,
        "Plan Width": 8,
        "Actual Startup Time": 749.069,
        "Actual Total Time": 775.701,
        "Actual Rows": 1,
        "Actual Loops": 1,
        "Output": [
            "count(*)"
        ],
        "Plans": [
            {
                "Node Type": "Gather",
                "Parent Relationship": "Outer",
                "Parallel Aware": false,
                "Startup Cost": 112629.17,
                "Total Cost": 112629.48,
                "Plan Rows": 3,
                "Plan Width": 8,
                "Actual Startup Time": 746.354,
                "Actual Total Time": 775.69,
                "Actual Rows": 4,
                "Actual Loops": 1,
                "Output": [
                    "(PARTIAL count(*))"
                ],
                "Workers Planned": 3,
                "Workers Launched": 3,
                "Single Copy": false,
                "Plans": [
                    {
                        "Node Type": "Aggregate",
                        "Strategy": "Plain",
                        "Partial Mode": "Partial",
                        "Parent Relationship": "Outer",
                        "Parallel Aware": false,
                        "Startup Cost": 111629.17,
                        "Total Cost": 111629.18,
                        "Plan Rows": 1,
                        "Plan Width": 8,
                        "Actual Startup Time": 737.197,
                        "Actual Total Time": 737.475,
                        "Actual Rows": 1,
                        "Actual Loops": 4,
                        "Output": [
                            "PARTIAL count(*)"
                        ],
                        "Workers": [
                            {
                                "Worker Number": 0,
                                "Actual Startup Time": 734.338,
                                "Actual Total Time": 734.345,
                                "Actual Rows": 1,
                                "Actual Loops": 1
                            },
                            {
                                "Worker Number": 1,
                                "Actual Startup Time": 734.459,
                                "Actual Total Time": 734.464,
                                "Actual Rows": 1,
                                "Actual Loops": 1
                            },
                            {
                                "Worker Number": 2,
                                "Actual Startup Time": 734.499,
                                "Actual Total Time": 734.504,
                                "Actual Rows": 1,
                                "Actual Loops": 1
                            }
                        ],
                        "Plans": [
                            {
                                "Node Type": "Hash Join",
                                "Parent Relationship": "Outer",
                                "Parallel Aware": true,
                                "Join Type": "Inner",
                                "Startup Cost": 64111.46,
                                "Total Cost": 111159.6,
                                "Plan Rows": 187827,
                                "Plan Width": 0,
                                "Actual Startup Time": 409.866,
                                "Actual Total Time": 705.269,
                                "Actual Rows": 626776,
                                "Actual Loops": 4,
                                "Inner Unique": false,
                                "Hash Cond": "(mk.movie_id = t.id)",
                                "Workers": [
                                    {
                                        "Worker Number": 0,
                                        "Actual Startup Time": 406.552,
                                        "Actual Total Time": 702.558,
                                        "Actual Rows": 471837,
                                        "Actual Loops": 1
                                    },
                                    {
                                        "Worker Number": 1,
                                        "Actual Startup Time": 407.253,
                                        "Actual Total Time": 703.865,
                                        "Actual Rows": 728703,
                                        "Actual Loops": 1
                                    },
                                    {
                                        "Worker Number": 2,
                                        "Actual Startup Time": 407.316,
                                        "Actual Total Time": 703.599,
                                        "Actual Rows": 740946,
                                        "Actual Loops": 1
                                    }
                                ],
                                "Plans": [
                                    {
                                        "Node Type": "Seq Scan",
                                        "Parent Relationship": "Outer",
                                        "Parallel Aware": true,
                                        "Relation Name": "movie_keyword",
                                        "Schema": "public",
                                        "Alias": "mk",
                                        "Startup Cost": 0.0,
                                        "Total Cost": 42695.65,
                                        "Plan Rows": 1035443,
                                        "Plan Width": 4,
                                        "Actual Startup Time": 0.021,
                                        "Actual Total Time": 145.109,
                                        "Actual Rows": 809105,
                                        "Actual Loops": 4,
                                        "Output": [
                                            "mk.id",
                                            "mk.movie_id",
                                            "mk.keyword_id"
                                        ],
                                        "Filter": "(mk.keyword_id < 13738)",
                                        "Rows Removed by Filter": 321877,
                                        "Workers": [
                                            {
                                                "Worker Number": 0,
                                                "Actual Startup Time": 0.017,
                                                "Actual Total Time": 149.273,
                                                "Actual Rows": 608725,
                                                "Actual Loops": 1
                                            },
                                            {
                                                "Worker Number": 1,
                                                "Actual Startup Time": 0.018,
                                                "Actual Total Time": 150.383,
                                                "Actual Rows": 942521,
                                                "Actual Loops": 1
                                            },
                                            {
                                                "Worker Number": 2,
                                                "Actual Startup Time": 0.02,
                                                "Actual Total Time": 150.122,
                                                "Actual Rows": 955412,
                                                "Actual Loops": 1
                                            }
                                        ]
                                    },
                                    {
                                        "Node Type": "Hash",
                                        "Parent Relationship": "Inner",
                                        "Parallel Aware": true,
                                        "Startup Cost": 62678.24,
                                        "Total Cost": 62678.24,
                                        "Plan Rows": 114658,
                                        "Plan Width": 8,
                                        "Actual Startup Time": 406.431,
                                        "Actual Total Time": 406.708,
                                        "Actual Rows": 114981,
                                        "Actual Loops": 4,
                                        "Output": [
                                            "t.id",
                                            "mi_idx.movie_id"
                                        ],
                                        "Hash Buckets": 524288,
                                        "Original Hash Buckets": 524288,
                                        "Hash Batches": 1,
                                        "Original Hash Batches": 1,
                                        "Peak Memory Usage": 22144,
                                        "Workers": [
                                            {
                                                "Worker Number": 0,
                                                "Actual Startup Time": 405.66,
                                                "Actual Total Time": 405.665,
                                                "Actual Rows": 87224,
                                                "Actual Loops": 1
                                            },
                                            {
                                                "Worker Number": 1,
                                                "Actual Startup Time": 406.631,
                                                "Actual Total Time": 406.634,
                                                "Actual Rows": 130700,
                                                "Actual Loops": 1
                                            },
                                            {
                                                "Worker Number": 2,
                                                "Actual Startup Time": 406.67,
                                                "Actual Total Time": 406.674,
                                                "Actual Rows": 133892,
                                                "Actual Loops": 1
                                            }
                                        ],
                                        "Plans": [
                                            {
                                                "Node Type": "Hash Join",
                                                "Parent Relationship": "Outer",
                                                "Parallel Aware": true,
                                                "Join Type": "Inner",
                                                "Startup Cost": 17511.39,
                                                "Total Cost": 62678.24,
                                                "Plan Rows": 114658,
                                                "Plan Width": 8,
                                                "Actual Startup Time": 96.784,
                                                "Actual Total Time": 366.152,
                                                "Actual Rows": 114981,
                                                "Actual Loops": 4,
                                                "Output": [
                                                    "t.id",
                                                    "mi_idx.movie_id"
                                                ],
                                                "Inner Unique": false,
                                                "Hash Cond": "(t.id = mi_idx.movie_id)",
                                                "Workers": [
                                                    {
                                                        "Worker Number": 0,
                                                        "Actual Startup Time": 96.142,
                                                        "Actual Total Time": 367.96,
                                                        "Actual Rows": 87224,
                                                        "Actual Loops": 1
                                                    },
                                                    {
                                                        "Worker Number": 1,
                                                        "Actual Startup Time": 96.905,
                                                        "Actual Total Time": 364.666,
                                                        "Actual Rows": 130700,
                                                        "Actual Loops": 1
                                                    },
                                                    {
                                                        "Worker Number": 2,
                                                        "Actual Startup Time": 96.96,
                                                        "Actual Total Time": 366.108,
                                                        "Actual Rows": 133892,
                                                        "Actual Loops": 1
                                                    }
                                                ],
                                                "Plans": [
                                                    {
                                                        "Node Type": "Seq Scan",
                                                        "Parent Relationship": "Outer",
                                                        "Parallel Aware": true,
                                                        "Relation Name": "title",
                                                        "Schema": "public",
                                                        "Alias": "t",
                                                        "Startup Cost": 0.0,
                                                        "Total Cost": 42318.81,
                                                        "Plan Rows": 632080,
                                                        "Plan Width": 4,
                                                        "Actual Startup Time": 0.023,
                                                        "Actual Total Time": 89.412,
                                                        "Actual Rows": 632078,
                                                        "Actual Loops": 4,
                                                        "Output": [
                                                            "t.id",
                                                            "t.title",
                                                            "t.imdb_index",
                                                            "t.kind_id",
                                                            "t.production_year",
                                                            "t.imdb_id",
                                                            "t.phonetic_code",
                                                            "t.episode_of_id",
                                                            "t.season_nr",
                                                            "t.episode_nr",
                                                            "t.series_years",
                                                            "t.md5sum"
                                                        ],
                                                        "Workers": [
                                                            {
                                                                "Worker Number": 0,
                                                                "Actual Startup Time": 0.033,
                                                                "Actual Total Time": 95.07,
                                                                "Actual Rows": 475120,
                                                                "Actual Loops": 1
                                                            },
                                                            {
                                                                "Worker Number": 1,
                                                                "Actual Startup Time": 0.028,
                                                                "Actual Total Time": 92.443,
                                                                "Actual Rows": 713611,
                                                                "Actual Loops": 1
                                                            },
                                                            {
                                                                "Worker Number": 2,
                                                                "Actual Startup Time": 0.025,
                                                                "Actual Total Time": 93.471,
                                                                "Actual Rows": 735903,
                                                                "Actual Loops": 1
                                                            }
                                                        ]
                                                    },
                                                    {
                                                        "Node Type": "Hash",
                                                        "Parent Relationship": "Inner",
                                                        "Parallel Aware": true,
                                                        "Startup Cost": 15122.68,
                                                        "Total Cost": 15122.68,
                                                        "Plan Rows": 191097,
                                                        "Plan Width": 4,
                                                        "Actual Startup Time": 94.94,
                                                        "Actual Total Time": 94.941,
                                                        "Actual Rows": 114981,
                                                        "Actual Loops": 4,
                                                        "Output": [
                                                            "mi_idx.movie_id"
                                                        ],
                                                        "Hash Buckets": 524288,
                                                        "Original Hash Buckets": 524288,
                                                        "Hash Batches": 1,
                                                        "Original Hash Batches": 1,
                                                        "Peak Memory Usage": 22144,
                                                        "Workers": [
                                                            {
                                                                "Worker Number": 0,
                                                                "Actual Startup Time": 95.946,
                                                                "Actual Total Time": 95.947,
                                                                "Actual Rows": 84921,
                                                                "Actual Loops": 1
                                                            },
                                                            {
                                                                "Worker Number": 1,
                                                                "Actual Startup Time": 96.797,
                                                                "Actual Total Time": 96.798,
                                                                "Actual Rows": 121336,
                                                                "Actual Loops": 1
                                                            },
                                                            {
                                                                "Worker Number": 2,
                                                                "Actual Startup Time": 96.825,
                                                                "Actual Total Time": 96.826,
                                                                "Actual Rows": 124537,
                                                                "Actual Loops": 1
                                                            }
                                                        ],
                                                        "Plans": [
                                                            {
                                                                "Node Type": "Seq Scan",
                                                                "Parent Relationship": "Outer",
                                                                "Parallel Aware": true,
                                                                "Relation Name": "movie_info_idx",
                                                                "Schema": "public",
                                                                "Alias": "mi_idx",
                                                                "Startup Cost": 0.0,
                                                                "Total Cost": 15122.68,
                                                                "Plan Rows": 191097,
                                                                "Plan Width": 4,
                                                                "Actual Startup Time": 0.043,
                                                                "Actual Total Time": 48.582,
                                                                "Actual Rows": 114981,
                                                                "Actual Loops": 4,
                                                                "Output": [
                                                                    "mi_idx.movie_id"
                                                                ],
                                                                "Filter": "(mi_idx.info_type_id = 101)",
                                                                "Rows Removed by Filter": 230028,
                                                                "Workers": [
                                                                    {
                                                                        "Worker Number": 0,
                                                                        "Actual Startup Time": 0.038,
                                                                        "Actual Total Time": 49.081,
                                                                        "Actual Rows": 84921,
                                                                        "Actual Loops": 1
                                                                    },
                                                                    {
                                                                        "Worker Number": 1,
                                                                        "Actual Startup Time": 0.063,
                                                                        "Actual Total Time": 49.354,
                                                                        "Actual Rows": 121336,
                                                                        "Actual Loops": 1
                                                                    },
                                                                    {
                                                                        "Worker Number": 2,
                                                                        "Actual Startup Time": 0.052,
                                                                        "Actual Total Time": 49.696,
                                                                        "Actual Rows": 124537,
                                                                        "Actual Loops": 1
                                                                    }
                                                                ]
                                                            }
                                                        ]
                                                    }
                                                ]
                                            }
                                        ]
                                    }
                                ]
                            }
                        ]
                    }
                ]
            }
        ]
    },
    "Planning Time": 1.466,
    "Triggers": [],
    "Execution Time": 775.793
}