{
  "Plan": {
    "Node Type": "Aggregate",
    "Strategy": "Plain",
    "Partial Mode": "Simple",
    "Parallel Aware": false,
    "Startup Cost": 15304.35,
    "Total Cost": 15304.36,
    "Plan Rows": 1,
    "Plan Width": 128,
    "Actual Startup Time": 425.824,
    "Actual Total Time": 425.834,
    "Actual Rows": 1,
    "Actual Loops": 1,
    "Plans": [
      {
        "Node Type": "Nested Loop",
        "Parent Relationship": "Outer",
        "Parallel Aware": false,
        "Join Type": "Inner",
        "Startup Cost": 15.65,
        "Total Cost": 15304.34,
        "Plan Rows": 1,
        "Plan Width": 54,
        "Actual Startup Time": 18.63,
        "Actual Total Time": 425.327,
        "Actual Rows": 1855,
        "Actual Loops": 1,
        "Inner Unique": true,
        "Plans": [
          {
            "Node Type": "Nested Loop",
            "Parent Relationship": "Outer",
            "Parallel Aware": false,
            "Join Type": "Inner",
            "Startup Cost": 15.22,
            "Total Cost": 15303.88,
            "Plan Rows": 1,
            "Plan Width": 43,
            "Actual Startup Time": 18.612,
            "Actual Total Time": 414.547,
            "Actual Rows": 1855,
            "Actual Loops": 1,
            "Inner Unique": true,
            "Plans": [
              {
                "Node Type": "Nested Loop",
                "Parent Relationship": "Outer",
                "Parallel Aware": false,
                "Join Type": "Inner",
                "Startup Cost": 14.79,
                "Total Cost": 15297.47,
                "Plan Rows": 14,
                "Plan Width": 31,
                "Actual Startup Time": 18.464,
                "Actual Total Time": 311.798,
                "Actual Rows": 66875,
                "Actual Loops": 1,
                "Inner Unique": false,
                "Plans": [
                  {
                    "Node Type": "Nested Loop",
                    "Parent Relationship": "Outer",
                    "Parallel Aware": false,
                    "Join Type": "Inner",
                    "Startup Cost": 14.22,
                    "Total Cost": 15295.63,
                    "Plan Rows": 1,
                    "Plan Width": 39,
                    "Actual Startup Time": 18.433,
                    "Actual Total Time": 210.905,
                    "Actual Rows": 421,
                    "Actual Loops": 1,
                    "Inner Unique": true,
                    "Join Filter": "(mi_idx.info_type_id = it2.id)",
                    "Rows Removed by Join Filter": 321,
                    "Plans": [
                      {
                        "Node Type": "Hash Join",
                        "Parent Relationship": "Outer",
                        "Parallel Aware": false,
                        "Join Type": "Inner",
                        "Startup Cost": 14.22,
                        "Total Cost": 15293.21,
                        "Plan Rows": 1,
                        "Plan Width": 43,
                        "Actual Startup Time": 18.003,
                        "Actual Total Time": 204.359,
                        "Actual Rows": 742,
                        "Actual Loops": 1,
                        "Inner Unique": true,
                        "Hash Cond": "(cc.status_id = cct2.id)",
                        "Plans": [
                          {
                            "Node Type": "Hash Join",
                            "Parent Relationship": "Outer",
                            "Parallel Aware": false,
                            "Join Type": "Inner",
                            "Startup Cost": 13.16,
                            "Total Cost": 15292.12,
                            "Plan Rows": 4,
                            "Plan Width": 47,
                            "Actual Startup Time": 17.959,
                            "Actual Total Time": 204.054,
                            "Actual Rows": 742,
                            "Actual Loops": 1,
                            "Inner Unique": true,
                            "Hash Cond": "(cc.subject_id = cct1.id)",
                            "Plans": [
                              {
                                "Node Type": "Nested Loop",
                                "Parent Relationship": "Outer",
                                "Parallel Aware": false,
                                "Join Type": "Inner",
                                "Startup Cost": 12.1,
                                "Total Cost": 15290.98,
                                "Plan Rows": 16,
                                "Plan Width": 51,
                                "Actual Startup Time": 17.93,
                                "Actual Total Time": 203.681,
                                "Actual Rows": 917,
                                "Actual Loops": 1,
                                "Inner Unique": false,
                                "Join Filter": "(t.kind_id = kt.id)",
                                "Rows Removed by Join Filter": 339,
                                "Plans": [
                                  {
                                    "Node Type": "Seq Scan",
                                    "Parent Relationship": "Outer",
                                    "Parallel Aware": false,
                                    "Relation Name": "kind_type",
                                    "Alias": "kt",
                                    "Startup Cost": 0.0,
                                    "Total Cost": 1.09,
                                    "Plan Rows": 1,
                                    "Plan Width": 4,
                                    "Actual Startup Time": 0.01,
                                    "Actual Total Time": 0.014,
                                    "Actual Rows": 1,
                                    "Actual Loops": 1,
                                    "Filter": "((kind)::text = 'movie'::text)",
                                    "Rows Removed by Filter": 6
                                  },
                                  {
                                    "Node Type": "Nested Loop",
                                    "Parent Relationship": "Inner",
                                    "Parallel Aware": false,
                                    "Join Type": "Inner",
                                    "Startup Cost": 12.1,
                                    "Total Cost": 15288.45,
                                    "Plan Rows": 115,
                                    "Plan Width": 55,
                                    "Actual Startup Time": 7.818,
                                    "Actual Total Time": 203.407,
                                    "Actual Rows": 1256,
                                    "Actual Loops": 1,
                                    "Inner Unique": true,
                                    "Plans": [
                                      {
                                        "Node Type": "Nested Loop",
                                        "Parent Relationship": "Outer",
                                        "Parallel Aware": false,
                                        "Join Type": "Inner",
                                        "Startup Cost": 11.67,
                                        "Total Cost": 15192.94,
                                        "Plan Rows": 195,
                                        "Plan Width": 30,
                                        "Actual Startup Time": 7.508,
                                        "Actual Total Time": 186.768,
                                        "Actual Rows": 4689,
                                        "Actual Loops": 1,
                                        "Inner Unique": false,
                                        "Plans": [
                                          {
                                            "Node Type": "Nested Loop",
                                            "Parent Relationship": "Outer",
                                            "Parallel Aware": false,
                                            "Join Type": "Inner",
                                            "Startup Cost": 11.24,
                                            "Total Cost": 14958.33,
                                            "Plan Rows": 460,
                                            "Plan Width": 16,
                                            "Actual Startup Time": 2.188,
                                            "Actual Total Time": 138.051,
                                            "Actual Rows": 14380,
                                            "Actual Loops": 1,
                                            "Inner Unique": false,
                                            "Plans": [
                                              {
                                                "Node Type": "Nested Loop",
                                                "Parent Relationship": "Outer",
                                                "Parallel Aware": false,
                                                "Join Type": "Inner",
                                                "Startup Cost": 10.82,
                                                "Total Cost": 14797.9,
                                                "Plan Rows": 337,
                                                "Plan Width": 4,
                                                "Actual Startup Time": 1.889,
                                                "Actual Total Time": 80.356,
                                                "Actual Rows": 41054,
                                                "Actual Loops": 1,
                                                "Inner Unique": false,
                                                "Plans": [
                                                  {
                                                    "Node Type": "Seq Scan",
                                                    "Parent Relationship": "Outer",
                                                    "Parallel Aware": false,
                                                    "Relation Name": "keyword",
                                                    "Alias": "k",
                                                    "Startup Cost": 0.0,
                                                    "Total Cost": 3967.82,
                                                    "Plan Rows": 10,
                                                    "Plan Width": 4,
                                                    "Actual Startup Time": 1.819,
                                                    "Actual Total Time": 26.148,
                                                    "Actual Rows": 8,
                                                    "Actual Loops": 1,
                                                    "Filter": "(keyword = ANY ('{sequel,magnet,gore,sequel,fight,fight,female-nudity,claw,web,marvel-comics}'::text[]))",
                                                    "Rows Removed by Filter": 134162
                                                  },
                                                  {
                                                    "Node Type": "Bitmap Heap Scan",
                                                    "Parent Relationship": "Inner",
                                                    "Parallel Aware": false,
                                                    "Relation Name": "movie_keyword",
                                                    "Alias": "mk",
                                                    "Startup Cost": 10.82,
                                                    "Total Cost": 1079.93,
                                                    "Plan Rows": 308,
                                                    "Plan Width": 8,
                                                    "Actual Startup Time": 1.069,
                                                    "Actual Total Time": 6.324,
                                                    "Actual Rows": 5132,
                                                    "Actual Loops": 8,
                                                    "Recheck Cond": "(keyword_id = k.id)",
                                                    "Rows Removed by Index Recheck": 0,
                                                    "Exact Heap Blocks": 24652,
                                                    "Lossy Heap Blocks": 0,
                                                    "Plans": [
                                                      {
                                                        "Node Type": "Bitmap Index Scan",
                                                        "Parent Relationship": "Outer",
                                                        "Parallel Aware": false,
                                                        "Index Name": "keyword_id_movie_keyword",
                                                        "Startup Cost": 0.0,
                                                        "Total Cost": 10.74,
                                                        "Plan Rows": 308,
                                                        "Plan Width": 0,
                                                        "Actual Startup Time": 0.534,
                                                        "Actual Total Time": 0.534,
                                                        "Actual Rows": 5132,
                                                        "Actual Loops": 8,
                                                        "Index Cond": "(keyword_id = k.id)"
                                                      }
                                                    ]
                                                  }
                                                ]
                                              },
                                              {
                                                "Node Type": "Index Scan",
                                                "Parent Relationship": "Inner",
                                                "Parallel Aware": false,
                                                "Scan Direction": "Forward",
                                                "Index Name": "movie_id_complete_cast",
                                                "Relation Name": "complete_cast",
                                                "Alias": "cc",
                                                "Startup Cost": 0.42,
                                                "Total Cost": 0.46,
                                                "Plan Rows": 2,
                                                "Plan Width": 12,
                                                "Actual Startup Time": 0.001,
                                                "Actual Total Time": 0.001,
                                                "Actual Rows": 0,
                                                "Actual Loops": 41054,
                                                "Index Cond": "(movie_id = mk.movie_id)",
                                                "Rows Removed by Index Recheck": 0
                                              }
                                            ]
                                          },
                                          {
                                            "Node Type": "Index Scan",
                                            "Parent Relationship": "Inner",
                                            "Parallel Aware": false,
                                            "Scan Direction": "Forward",
                                            "Index Name": "movie_id_movie_info_idx",
                                            "Relation Name": "movie_info_idx",
                                            "Alias": "mi_idx",
                                            "Startup Cost": 0.43,
                                            "Total Cost": 0.5,
                                            "Plan Rows": 1,
                                            "Plan Width": 14,
                                            "Actual Startup Time": 0.003,
                                            "Actual Total Time": 0.003,
                                            "Actual Rows": 0,
                                            "Actual Loops": 14380,
                                            "Index Cond": "(movie_id = mk.movie_id)",
                                            "Rows Removed by Index Recheck": 0,
                                            "Filter": "(info > '7.0'::text)",
                                            "Rows Removed by Filter": 3
                                          }
                                        ]
                                      },
                                      {
                                        "Node Type": "Index Scan",
                                        "Parent Relationship": "Inner",
                                        "Parallel Aware": false,
                                        "Scan Direction": "Forward",
                                        "Index Name": "title_pkey",
                                        "Relation Name": "title",
                                        "Alias": "t",
                                        "Startup Cost": 0.43,
                                        "Total Cost": 0.49,
                                        "Plan Rows": 1,
                                        "Plan Width": 25,
                                        "Actual Startup Time": 0.003,
                                        "Actual Total Time": 0.003,
                                        "Actual Rows": 0,
                                        "Actual Loops": 4689,
                                        "Index Cond": "(id = mk.movie_id)",
                                        "Rows Removed by Index Recheck": 0,
                                        "Filter": "(production_year > 1998)",
                                        "Rows Removed by Filter": 1
                                      }
                                    ]
                                  }
                                ]
                              },
                              {
                                "Node Type": "Hash",
                                "Parent Relationship": "Inner",
                                "Parallel Aware": false,
                                "Startup Cost": 1.05,
                                "Total Cost": 1.05,
                                "Plan Rows": 1,
                                "Plan Width": 4,
                                "Actual Startup Time": 0.017,
                                "Actual Total Time": 0.018,
                                "Actual Rows": 1,
                                "Actual Loops": 1,
                                "Hash Buckets": 1024,
                                "Original Hash Buckets": 1024,
                                "Hash Batches": 1,
                                "Original Hash Batches": 1,
                                "Peak Memory Usage": 9,
                                "Plans": [
                                  {
                                    "Node Type": "Seq Scan",
                                    "Parent Relationship": "Outer",
                                    "Parallel Aware": false,
                                    "Relation Name": "comp_cast_type",
                                    "Alias": "cct1",
                                    "Startup Cost": 0.0,
                                    "Total Cost": 1.05,
                                    "Plan Rows": 1,
                                    "Plan Width": 4,
                                    "Actual Startup Time": 0.012,
                                    "Actual Total Time": 0.014,
                                    "Actual Rows": 1,
                                    "Actual Loops": 1,
                                    "Filter": "((kind)::text = 'cast'::text)",
                                    "Rows Removed by Filter": 3
                                  }
                                ]
                              }
                            ]
                          },
                          {
                            "Node Type": "Hash",
                            "Parent Relationship": "Inner",
                            "Parallel Aware": false,
                            "Startup Cost": 1.05,
                            "Total Cost": 1.05,
                            "Plan Rows": 1,
                            "Plan Width": 4,
                            "Actual Startup Time": 0.033,
                            "Actual Total Time": 0.033,
                            "Actual Rows": 2,
                            "Actual Loops": 1,
                            "Hash Buckets": 1024,
                            "Original Hash Buckets": 1024,
                            "Hash Batches": 1,
                            "Original Hash Batches": 1,
                            "Peak Memory Usage": 9,
                            "Plans": [
                              {
                                "Node Type": "Seq Scan",
                                "Parent Relationship": "Outer",
                                "Parallel Aware": false,
                                "Relation Name": "comp_cast_type",
                                "Alias": "cct2",
                                "Startup Cost": 0.0,
                                "Total Cost": 1.05,
                                "Plan Rows": 1,
                                "Plan Width": 4,
                                "Actual Startup Time": 0.022,
                                "Actual Total Time": 0.025,
                                "Actual Rows": 2,
                                "Actual Loops": 1,
                                "Filter": "((kind)::text ~~ '%complete%'::text)",
                                "Rows Removed by Filter": 2
                              }
                            ]
                          }
                        ]
                      },
                      {
                        "Node Type": "Seq Scan",
                        "Parent Relationship": "Inner",
                        "Parallel Aware": false,
                        "Relation Name": "info_type",
                        "Alias": "it2",
                        "Startup Cost": 0.0,
                        "Total Cost": 2.41,
                        "Plan Rows": 1,
                        "Plan Width": 4,
                        "Actual Startup Time": 0.007,
                        "Actual Total Time": 0.007,
                        "Actual Rows": 1,
                        "Actual Loops": 742,
                        "Filter": "((info)::text = 'rating'::text)",
                        "Rows Removed by Filter": 105
                      }
                    ]
                  },
                  {
                    "Node Type": "Index Scan",
                    "Parent Relationship": "Inner",
                    "Parallel Aware": false,
                    "Scan Direction": "Forward",
                    "Index Name": "movie_id_cast_info",
                    "Relation Name": "cast_info",
                    "Alias": "ci",
                    "Startup Cost": 0.56,
                    "Total Cost": 1.5,
                    "Plan Rows": 34,
                    "Plan Width": 12,
                    "Actual Startup Time": 0.01,
                    "Actual Total Time": 0.223,
                    "Actual Rows": 159,
                    "Actual Loops": 421,
                    "Index Cond": "(movie_id = mk.movie_id)",
                    "Rows Removed by Index Recheck": 0
                  }
                ]
              },
              {
                "Node Type": "Index Scan",
                "Parent Relationship": "Inner",
                "Parallel Aware": false,
                "Scan Direction": "Forward",
                "Index Name": "char_name_pkey",
                "Relation Name": "char_name",
                "Alias": "chn",
                "Startup Cost": 0.43,
                "Total Cost": 0.46,
                "Plan Rows": 1,
                "Plan Width": 20,
                "Actual Startup Time": 0.001,
                "Actual Total Time": 0.001,
                "Actual Rows": 0,
                "Actual Loops": 66875,
                "Index Cond": "(id = ci.person_role_id)",
                "Rows Removed by Index Recheck": 0,
                "Filter": "((name IS NOT NULL) AND ((name ~~ '%man%'::text) OR (name ~~ '%Man%'::text)))",
                "Rows Removed by Filter": 0
              }
            ]
          },
          {
            "Node Type": "Index Scan",
            "Parent Relationship": "Inner",
            "Parallel Aware": false,
            "Scan Direction": "Forward",
            "Index Name": "name_pkey",
            "Relation Name": "name",
            "Alias": "n",
            "Startup Cost": 0.43,
            "Total Cost": 0.46,
            "Plan Rows": 1,
            "Plan Width": 19,
            "Actual Startup Time": 0.005,
            "Actual Total Time": 0.005,
            "Actual Rows": 1,
            "Actual Loops": 1855,
            "Index Cond": "(id = ci.person_id)",
            "Rows Removed by Index Recheck": 0
          }
        ]
      }
    ]
  },
  "Planning Time": 3.568,
  "Triggers": [],
  "Execution Time": 426.053
}