{
  "Plan": {
    "Node Type": "Aggregate",
    "Strategy": "Plain",
    "Partial Mode": "Finalize",
    "Parallel Aware": false,
    "Startup Cost": 187923.16,
    "Total Cost": 187923.17,
    "Plan Rows": 1,
    "Plan Width": 8,
    "Actual Startup Time": 1122.163,
    "Actual Total Time": 1146.607,
    "Actual Rows": 1,
    "Actual Loops": 1,
    "Plans": [
      {
        "Node Type": "Gather",
        "Parent Relationship": "Outer",
        "Parallel Aware": false,
        "Startup Cost": 187923.05,
        "Total Cost": 187923.16,
        "Plan Rows": 1,
        "Plan Width": 8,
        "Actual Startup Time": 1117.162,
        "Actual Total Time": 1146.599,
        "Actual Rows": 2,
        "Actual Loops": 1,
        "Workers Planned": 1,
        "Workers Launched": 1,
        "Single Copy": false,
        "Plans": [
          {
            "Node Type": "Aggregate",
            "Strategy": "Plain",
            "Partial Mode": "Partial",
            "Parent Relationship": "Outer",
            "Parallel Aware": false,
            "Startup Cost": 186923.05,
            "Total Cost": 186923.06,
            "Plan Rows": 1,
            "Plan Width": 8,
            "Actual Startup Time": 1110.951,
            "Actual Total Time": 1110.957,
            "Actual Rows": 1,
            "Actual Loops": 2,
            "Plans": [
              {
                "Node Type": "Hash Join",
                "Parent Relationship": "Outer",
                "Parallel Aware": true,
                "Join Type": "Inner",
                "Startup Cost": 114996.2,
                "Total Cost": 185211.22,
                "Plan Rows": 684730,
                "Plan Width": 0,
                "Actual Startup Time": 701.38,
                "Actual Total Time": 1081.683,
                "Actual Rows": 746661,
                "Actual Loops": 2,
                "Inner Unique": false,
                "Hash Cond": "(mk.movie_id = t.id)",
                "Plans": [
                  {
                    "Node Type": "Seq Scan",
                    "Parent Relationship": "Outer",
                    "Parallel Aware": true,
                    "Relation Name": "movie_keyword",
                    "Alias": "mk",
                    "Startup Cost": 0.0,
                    "Total Cost": 57718.19,
                    "Plan Rows": 2258404,
                    "Plan Width": 4,
                    "Actual Startup Time": 0.043,
                    "Actual Total Time": 194.063,
                    "Actual Rows": 1917389,
                    "Actual Loops": 2,
                    "Filter": "(keyword_id > 569)",
                    "Rows Removed by Filter": 344576
                  },
                  {
                    "Node Type": "Hash",
                    "Parent Relationship": "Inner",
                    "Parallel Aware": true,
                    "Startup Cost": 109359.75,
                    "Total Cost": 109359.75,
                    "Plan Rows": 450916,
                    "Plan Width": 8,
                    "Actual Startup Time": 691.73,
                    "Actual Total Time": 691.734,
                    "Actual Rows": 207730,
                    "Actual Loops": 2,
                    "Hash Buckets": 1048576,
                    "Original Hash Buckets": 1048576,
                    "Hash Batches": 1,
                    "Original Hash Batches": 1,
                    "Peak Memory Usage": 24480,
                    "Plans": [
                      {
                        "Node Type": "Hash Join",
                        "Parent Relationship": "Outer",
                        "Parallel Aware": true,
                        "Join Type": "Inner",
                        "Startup Cost": 69401.73,
                        "Total Cost": 109359.75,
                        "Plan Rows": 450916,
                        "Plan Width": 8,
                        "Actual Startup Time": 379.107,
                        "Actual Total Time": 638.9,
                        "Actual Rows": 207730,
                        "Actual Loops": 2,
                        "Inner Unique": true,
                        "Hash Cond": "(mc.movie_id = t.id)",
                        "Plans": [
                          {
                            "Node Type": "Seq Scan",
                            "Parent Relationship": "Outer",
                            "Parallel Aware": true,
                            "Relation Name": "movie_companies",
                            "Alias": "mc",
                            "Startup Cost": 0.0,
                            "Total Cost": 37974.77,
                            "Plan Rows": 755522,
                            "Plan Width": 4,
                            "Actual Startup Time": 0.014,
                            "Actual Total Time": 112.034,
                            "Actual Rows": 637123,
                            "Actual Loops": 2,
                            "Filter": "(company_type_id < 2)",
                            "Rows Removed by Filter": 667442
                          },
                          {
                            "Node Type": "Hash",
                            "Parent Relationship": "Inner",
                            "Parallel Aware": true,
                            "Startup Cost": 58306.47,
                            "Total Cost": 58306.47,
                            "Plan Rows": 887621,
                            "Plan Width": 4,
                            "Actual Startup Time": 369.342,
                            "Actual Total Time": 369.343,
                            "Actual Rows": 799280,
                            "Actual Loops": 2,
                            "Hash Buckets": 2097152,
                            "Original Hash Buckets": 2097152,
                            "Hash Batches": 1,
                            "Original Hash Batches": 1,
                            "Peak Memory Usage": 78944,
                            "Plans": [
                              {
                                "Node Type": "Seq Scan",
                                "Parent Relationship": "Outer",
                                "Parallel Aware": true,
                                "Relation Name": "title",
                                "Alias": "t",
                                "Startup Cost": 0.0,
                                "Total Cost": 58306.47,
                                "Plan Rows": 887621,
                                "Plan Width": 4,
                                "Actual Startup Time": 0.034,
                                "Actual Total Time": 167.439,
                                "Actual Rows": 799280,
                                "Actual Loops": 2,
                                "Filter": "((kind_id > 3) AND (production_year > 1952))",
                                "Rows Removed by Filter": 464876
                              }
                            ]
                          }
                        ]
                      }
                    ]
                  }
                ]
              }
            ]
          }
        ]
      }
    ]
  },
  "Planning Time": 0.983,
  "Triggers": [],
  "Execution Time": 1146.687
}