{
  "Plan": {
    "Node Type": "Aggregate",
    "Strategy": "Plain",
    "Partial Mode": "Finalize",
    "Parallel Aware": false,
    "Startup Cost": 84256.57,
    "Total Cost": 84256.58,
    "Plan Rows": 1,
    "Plan Width": 8,
    "Actual Startup Time": 434.364,
    "Actual Total Time": 447.107,
    "Actual Rows": 1,
    "Actual Loops": 1,
    "Plans": [
      {
        "Node Type": "Gather",
        "Parent Relationship": "Outer",
        "Parallel Aware": false,
        "Startup Cost": 84256.46,
        "Total Cost": 84256.57,
        "Plan Rows": 1,
        "Plan Width": 8,
        "Actual Startup Time": 432.942,
        "Actual Total Time": 447.099,
        "Actual Rows": 2,
        "Actual Loops": 1,
        "Workers Planned": 1,
        "Workers Launched": 1,
        "Single Copy": false,
        "Plans": [
          {
            "Node Type": "Aggregate",
            "Strategy": "Plain",
            "Partial Mode": "Partial",
            "Parent Relationship": "Outer",
            "Parallel Aware": false,
            "Startup Cost": 83256.46,
            "Total Cost": 83256.47,
            "Plan Rows": 1,
            "Plan Width": 8,
            "Actual Startup Time": 426.906,
            "Actual Total Time": 426.91,
            "Actual Rows": 1,
            "Actual Loops": 2,
            "Plans": [
              {
                "Node Type": "Hash Join",
                "Parent Relationship": "Outer",
                "Parallel Aware": true,
                "Join Type": "Inner",
                "Startup Cost": 21471.87,
                "Total Cost": 83013.61,
                "Plan Rows": 97139,
                "Plan Width": 0,
                "Actual Startup Time": 139.888,
                "Actual Total Time": 419.012,
                "Actual Rows": 148002,
                "Actual Loops": 2,
                "Inner Unique": false,
                "Hash Cond": "(t.id = mi_idx.movie_id)",
                "Plans": [
                  {
                    "Node Type": "Seq Scan",
                    "Parent Relationship": "Outer",
                    "Parallel Aware": true,
                    "Relation Name": "title",
                    "Alias": "t",
                    "Startup Cost": 0.0,
                    "Total Cost": 58306.47,
                    "Plan Rows": 532773,
                    "Plan Width": 4,
                    "Actual Startup Time": 0.014,
                    "Actual Total Time": 152.434,
                    "Actual Rows": 414072,
                    "Actual Loops": 2,
                    "Filter": "((kind_id < 7) AND (production_year > 1943))",
                    "Rows Removed by Filter": 850084
                  },
                  {
                    "Node Type": "Hash",
                    "Parent Relationship": "Inner",
                    "Parallel Aware": true,
                    "Startup Cost": 18082.32,
                    "Total Cost": 18082.32,
                    "Plan Rows": 271164,
                    "Plan Width": 4,
                    "Actual Startup Time": 132.062,
                    "Actual Total Time": 132.063,
                    "Actual Rows": 230092,
                    "Actual Loops": 2,
                    "Hash Buckets": 524288,
                    "Original Hash Buckets": 524288,
                    "Hash Batches": 1,
                    "Original Hash Batches": 1,
                    "Peak Memory Usage": 22112,
                    "Plans": [
                      {
                        "Node Type": "Seq Scan",
                        "Parent Relationship": "Outer",
                        "Parallel Aware": true,
                        "Relation Name": "movie_info_idx",
                        "Alias": "mi_idx",
                        "Startup Cost": 0.0,
                        "Total Cost": 18082.32,
                        "Plan Rows": 271164,
                        "Plan Width": 4,
                        "Actual Startup Time": 0.053,
                        "Actual Total Time": 74.946,
                        "Actual Rows": 230092,
                        "Actual Loops": 2,
                        "Filter": "(info_type_id > 100)",
                        "Rows Removed by Filter": 459925
                      }
                    ]
                  }
                ]
              }
            ]
          }
        ]
      }
    ]
  },
  "Planning Time": 0.205,
  "Triggers": [],
  "Execution Time": 447.141
}