[
  {
    "Plan": {
      "Node Type": "Aggregate",
      "Strategy": "Plain",
      "Partial Mode": "Finalize",
      "Parallel Aware": false,
      "Startup Cost": 45944.52,
      "Total Cost": 45944.53,
      "Plan Rows": 1,
      "Plan Width": 8,
      "Actual Startup Time": 140.53,
      "Actual Total Time": 149.14,
      "Actual Rows": 1,
      "Actual Loops": 1,
      "Plans": [
        {
          "Node Type": "Gather",
          "Parent Relationship": "Outer",
          "Parallel Aware": false,
          "Startup Cost": 45944.2,
          "Total Cost": 45944.51,
          "Plan Rows": 3,
          "Plan Width": 8,
          "Actual Startup Time": 140.409,
          "Actual Total Time": 149.131,
          "Actual Rows": 4,
          "Actual Loops": 1,
          "Workers Planned": 3,
          "Workers Launched": 3,
          "Single Copy": false,
          "Plans": [
            {
              "Node Type": "Aggregate",
              "Strategy": "Plain",
              "Partial Mode": "Partial",
              "Parent Relationship": "Outer",
              "Parallel Aware": false,
              "Startup Cost": 44944.2,
              "Total Cost": 44944.21,
              "Plan Rows": 1,
              "Plan Width": 8,
              "Actual Startup Time": 134.889,
              "Actual Total Time": 134.89,
              "Actual Rows": 1,
              "Actual Loops": 4,
              "Plans": [
                {
                  "Node Type": "Seq Scan",
                  "Parent Relationship": "Outer",
                  "Parallel Aware": true,
                  "Relation Name": "movie_keyword",
                  "Alias": "mk",
                  "Startup Cost": 0.0,
                  "Total Cost": 42695.65,
                  "Plan Rows": 899418,
                  "Plan Width": 0,
                  "Actual Startup Time": 0.044,
                  "Actual Total Time": 106.015,
                  "Actual Rows": 699781,
                  "Actual Loops": 4,
                  "Filter": "(keyword_id < 8221)",
                  "Rows Removed by Filter": 431202
                }
              ]
            }
          ]
        }
      ]
    },
    "Planning Time": 0.183,
    "Triggers": [],
    "Execution Time": 149.202
  }
]