[
  {
    "Plan": {
      "Node Type": "Aggregate",
      "Strategy": "Plain",
      "Partial Mode": "Finalize",
      "Parallel Aware": false,
      "Startup Cost": 244513.06,
      "Total Cost": 244513.07,
      "Plan Rows": 1,
      "Plan Width": 8,
      "Actual Startup Time": 278.521,
      "Actual Total Time": 303.951,
      "Actual Rows": 1,
      "Actual Loops": 1,
      "Plans": [
        {
          "Node Type": "Gather",
          "Parent Relationship": "Outer",
          "Parallel Aware": false,
          "Startup Cost": 244512.54,
          "Total Cost": 244513.05,
          "Plan Rows": 5,
          "Plan Width": 8,
          "Actual Startup Time": 275.949,
          "Actual Total Time": 303.94,
          "Actual Rows": 6,
          "Actual Loops": 1,
          "Workers Planned": 5,
          "Workers Launched": 5,
          "Single Copy": false,
          "Plans": [
            {
              "Node Type": "Aggregate",
              "Strategy": "Plain",
              "Partial Mode": "Partial",
              "Parent Relationship": "Outer",
              "Parallel Aware": false,
              "Startup Cost": 243512.54,
              "Total Cost": 243512.55,
              "Plan Rows": 1,
              "Plan Width": 8,
              "Actual Startup Time": 265.597,
              "Actual Total Time": 265.601,
              "Actual Rows": 1,
              "Actual Loops": 6,
              "Plans": [
                {
                  "Node Type": "Nested Loop",
                  "Parent Relationship": "Outer",
                  "Parallel Aware": false,
                  "Join Type": "Inner",
                  "Startup Cost": 68736.38,
                  "Total Cost": 243438.45,
                  "Plan Rows": 29637,
                  "Plan Width": 0,
                  "Actual Startup Time": 127.186,
                  "Actual Total Time": 263.759,
                  "Actual Rows": 24454,
                  "Actual Loops": 6,
                  "Inner Unique": false,
                  "Join Filter": "(t.id = ci.movie_id)",
                  "Rows Removed by Join Filter": 0,
                  "Plans": [
                    {
                      "Node Type": "Hash Join",
                      "Parent Relationship": "Outer",
                      "Parallel Aware": true,
                      "Join Type": "Inner",
                      "Startup Cost": 68735.81,
                      "Total Cost": 234595.65,
                      "Plan Rows": 3155,
                      "Plan Width": 8,
                      "Actual Startup Time": 126.944,
                      "Actual Total Time": 183.599,
                      "Actual Rows": 1806,
                      "Actual Loops": 6,
                      "Inner Unique": true,
                      "Hash Cond": "(mi.movie_id = t.id)",
                      "Plans": [
                        {
                          "Node Type": "Bitmap Heap Scan",
                          "Parent Relationship": "Outer",
                          "Parallel Aware": true,
                          "Relation Name": "movie_info",
                          "Alias": "mi",
                          "Startup Cost": 23159.21,
                          "Total Cost": 188347.95,
                          "Plan Rows": 255659,
                          "Plan Width": 4,
                          "Actual Startup Time": 43.183,
                          "Actual Total Time": 71.354,
                          "Actual Rows": 216498,
                          "Actual Loops": 6,
                          "Recheck Cond": "(info_type_id = 4)",
                          "Rows Removed by Index Recheck": 0,
                          "Exact Heap Blocks": 2144,
                          "Lossy Heap Blocks": 0,
                          "Plans": [
                            {
                              "Node Type": "Bitmap Index Scan",
                              "Parent Relationship": "Outer",
                              "Parallel Aware": false,
                              "Index Name": "info_type_id_movie_info",
                              "Startup Cost": 0.0,
                              "Total Cost": 22839.64,
                              "Plan Rows": 1278294,
                              "Plan Width": 0,
                              "Actual Startup Time": 41.818,
                              "Actual Total Time": 41.818,
                              "Actual Rows": 1298989,
                              "Actual Loops": 1,
                              "Index Cond": "(info_type_id = 4)"
                            }
                          ]
                        },
                        {
                          "Node Type": "Hash",
                          "Parent Relationship": "Inner",
                          "Parallel Aware": true,
                          "Startup Cost": 45479.1,
                          "Total Cost": 45479.1,
                          "Plan Rows": 7800,
                          "Plan Width": 4,
                          "Actual Startup Time": 81.317,
                          "Actual Total Time": 81.318,
                          "Actual Rows": 5943,
                          "Actual Loops": 6,
                          "Hash Buckets": 32768,
                          "Original Hash Buckets": 32768,
                          "Hash Batches": 1,
                          "Original Hash Batches": 1,
                          "Peak Memory Usage": 1728,
                          "Plans": [
                            {
                              "Node Type": "Seq Scan",
                              "Parent Relationship": "Outer",
                              "Parallel Aware": true,
                              "Relation Name": "title",
                              "Alias": "t",
                              "Startup Cost": 0.0,
                              "Total Cost": 45479.1,
                              "Plan Rows": 7800,
                              "Plan Width": 4,
                              "Actual Startup Time": 0.053,
                              "Actual Total Time": 77.778,
                              "Actual Rows": 5943,
                              "Actual Loops": 6,
                              "Filter": "((kind_id = 7) AND (production_year = 2000))",
                              "Rows Removed by Filter": 415443
                            }
                          ]
                        }
                      ]
                    },
                    {
                      "Node Type": "Index Scan",
                      "Parent Relationship": "Inner",
                      "Parallel Aware": false,
                      "Scan Direction": "Forward",
                      "Index Name": "movie_id_cast_info",
                      "Relation Name": "cast_info",
                      "Alias": "ci",
                      "Startup Cost": 0.56,
                      "Total Cost": 2.5,
                      "Plan Rows": 24,
                      "Plan Width": 4,
                      "Actual Startup Time": 0.02,
                      "Actual Total Time": 0.042,
                      "Actual Rows": 14,
                      "Actual Loops": 10839,
                      "Index Cond": "(movie_id = mi.movie_id)",
                      "Rows Removed by Index Recheck": 0,
                      "Filter": "(role_id > 1)",
                      "Rows Removed by Filter": 6
                    }
                  ]
                }
              ]
            }
          ]
        }
      ]
    },
    "Planning Time": 1.417,
    "Triggers": [],
    "Execution Time": 304.064
  }
]