[
  {
    "Plan": {
      "Node Type": "Aggregate",
      "Strategy": "Plain",
      "Partial Mode": "Finalize",
      "Parallel Aware": false,
      "Startup Cost": 250466.25,
      "Total Cost": 250466.26,
      "Plan Rows": 1,
      "Plan Width": 8,
      "Actual Startup Time": 837.89,
      "Actual Total Time": 888.479,
      "Actual Rows": 1,
      "Actual Loops": 1,
      "Plans": [
        {
          "Node Type": "Gather",
          "Parent Relationship": "Outer",
          "Parallel Aware": false,
          "Startup Cost": 250465.73,
          "Total Cost": 250466.24,
          "Plan Rows": 5,
          "Plan Width": 8,
          "Actual Startup Time": 836.337,
          "Actual Total Time": 888.466,
          "Actual Rows": 6,
          "Actual Loops": 1,
          "Workers Planned": 5,
          "Workers Launched": 5,
          "Single Copy": false,
          "Plans": [
            {
              "Node Type": "Aggregate",
              "Strategy": "Plain",
              "Partial Mode": "Partial",
              "Parent Relationship": "Outer",
              "Parallel Aware": false,
              "Startup Cost": 249465.73,
              "Total Cost": 249465.74,
              "Plan Rows": 1,
              "Plan Width": 8,
              "Actual Startup Time": 828.546,
              "Actual Total Time": 828.558,
              "Actual Rows": 1,
              "Actual Loops": 6,
              "Plans": [
                {
                  "Node Type": "Hash Join",
                  "Parent Relationship": "Outer",
                  "Parallel Aware": true,
                  "Join Type": "Inner",
                  "Startup Cost": 44253.06,
                  "Total Cost": 249216.1,
                  "Plan Rows": 99854,
                  "Plan Width": 0,
                  "Actual Startup Time": 107.564,
                  "Actual Total Time": 817.806,
                  "Actual Rows": 170938,
                  "Actual Loops": 6,
                  "Inner Unique": true,
                  "Hash Cond": "(mi.movie_id = t.id)",
                  "Plans": [
                    {
                      "Node Type": "Seq Scan",
                      "Parent Relationship": "Outer",
                      "Parallel Aware": true,
                      "Relation Name": "movie_info",
                      "Alias": "mi",
                      "Startup Cost": 0.0,
                      "Total Cost": 199108.24,
                      "Plan Rows": 2230394,
                      "Plan Width": 4,
                      "Actual Startup Time": 0.032,
                      "Actual Total Time": 438.053,
                      "Actual Rows": 1868457,
                      "Actual Loops": 6,
                      "Filter": "(info_type_id > 3)",
                      "Rows Removed by Filter": 604163
                    },
                    {
                      "Node Type": "Hash",
                      "Parent Relationship": "Inner",
                      "Parallel Aware": true,
                      "Startup Cost": 43899.32,
                      "Total Cost": 43899.32,
                      "Plan Rows": 28299,
                      "Plan Width": 4,
                      "Actual Startup Time": 93.945,
                      "Actual Total Time": 93.955,
                      "Actual Rows": 20894,
                      "Actual Loops": 6,
                      "Hash Buckets": 131072,
                      "Original Hash Buckets": 131072,
                      "Hash Batches": 1,
                      "Original Hash Batches": 1,
                      "Peak Memory Usage": 6048,
                      "Plans": [
                        {
                          "Node Type": "Seq Scan",
                          "Parent Relationship": "Outer",
                          "Parallel Aware": true,
                          "Relation Name": "title",
                          "Alias": "t",
                          "Startup Cost": 0.0,
                          "Total Cost": 43899.32,
                          "Plan Rows": 28299,
                          "Plan Width": 4,
                          "Actual Startup Time": 40.408,
                          "Actual Total Time": 84.612,
                          "Actual Rows": 20894,
                          "Actual Loops": 6,
                          "Filter": "(production_year < 1934)",
                          "Rows Removed by Filter": 400491
                        }
                      ]
                    }
                  ]
                }
              ]
            }
          ]
        }
      ]
    },
    "Planning Time": 0.281,
    "Triggers": [],
    "Execution Time": 888.529
  }
]