[
  {
    "Plan": {
      "Node Type": "Aggregate",
      "Strategy": "Plain",
      "Partial Mode": "Finalize",
      "Parallel Aware": false,
      "Startup Cost": 250391.37,
      "Total Cost": 250391.38,
      "Plan Rows": 1,
      "Plan Width": 8,
      "Actual Startup Time": 667.845,
      "Actual Total Time": 713.686,
      "Actual Rows": 1,
      "Actual Loops": 1,
      "Plans": [
        {
          "Node Type": "Gather",
          "Parent Relationship": "Outer",
          "Parallel Aware": false,
          "Startup Cost": 250390.85,
          "Total Cost": 250391.36,
          "Plan Rows": 5,
          "Plan Width": 8,
          "Actual Startup Time": 667.083,
          "Actual Total Time": 713.675,
          "Actual Rows": 6,
          "Actual Loops": 1,
          "Workers Planned": 5,
          "Workers Launched": 5,
          "Single Copy": false,
          "Plans": [
            {
              "Node Type": "Aggregate",
              "Strategy": "Plain",
              "Partial Mode": "Partial",
              "Parent Relationship": "Outer",
              "Parallel Aware": false,
              "Startup Cost": 249390.85,
              "Total Cost": 249390.86,
              "Plan Rows": 1,
              "Plan Width": 8,
              "Actual Startup Time": 656.708,
              "Actual Total Time": 656.711,
              "Actual Rows": 1,
              "Actual Loops": 6,
              "Plans": [
                {
                  "Node Type": "Hash Join",
                  "Parent Relationship": "Outer",
                  "Parallel Aware": true,
                  "Join Type": "Inner",
                  "Startup Cost": 44287.68,
                  "Total Cost": 249115.51,
                  "Plan Rows": 110138,
                  "Plan Width": 0,
                  "Actual Startup Time": 98.053,
                  "Actual Total Time": 648.964,
                  "Actual Rows": 170938,
                  "Actual Loops": 6,
                  "Inner Unique": true,
                  "Hash Cond": "(mi.movie_id = t.id)",
                  "Plans": [
                    {
                      "Node Type": "Seq Scan",
                      "Parent Relationship": "Outer",
                      "Parallel Aware": true,
                      "Relation Name": "movie_info",
                      "Alias": "mi",
                      "Startup Cost": 0.0,
                      "Total Cost": 198952.16,
                      "Plan Rows": 2238345,
                      "Plan Width": 4,
                      "Actual Startup Time": 0.025,
                      "Actual Total Time": 339.148,
                      "Actual Rows": 1868457,
                      "Actual Loops": 6,
                      "Filter": "(info_type_id > 3)",
                      "Rows Removed by Filter": 604163
                    },
                    {
                      "Node Type": "Hash",
                      "Parent Relationship": "Inner",
                      "Parallel Aware": true,
                      "Startup Cost": 43898.92,
                      "Total Cost": 43898.92,
                      "Plan Rows": 31101,
                      "Plan Width": 4,
                      "Actual Startup Time": 85.853,
                      "Actual Total Time": 85.854,
                      "Actual Rows": 20894,
                      "Actual Loops": 6,
                      "Hash Buckets": 131072,
                      "Original Hash Buckets": 131072,
                      "Hash Batches": 1,
                      "Original Hash Batches": 1,
                      "Peak Memory Usage": 6016,
                      "Plans": [
                        {
                          "Node Type": "Seq Scan",
                          "Parent Relationship": "Outer",
                          "Parallel Aware": true,
                          "Relation Name": "title",
                          "Alias": "t",
                          "Startup Cost": 0.0,
                          "Total Cost": 43898.92,
                          "Plan Rows": 31101,
                          "Plan Width": 4,
                          "Actual Startup Time": 47.632,
                          "Actual Total Time": 78.528,
                          "Actual Rows": 20894,
                          "Actual Loops": 6,
                          "Filter": "(production_year < 1934)",
                          "Rows Removed by Filter": 400491
                        }
                      ]
                    }
                  ]
                }
              ]
            }
          ]
        }
      ]
    },
    "Planning Time": 0.695,
    "Triggers": [],
    "Execution Time": 713.771
  }
]