{
    "Plan": {
        "Node Type": "Aggregate",
        "Strategy": "Plain",
        "Partial Mode": "Finalize",
        "Parallel Aware": false,
        "Startup Cost": 266052.14,
        "Total Cost": 266052.15,
        "Plan Rows": 1,
        "Plan Width": 8,
        "Actual Startup Time": 3034.032,
        "Actual Total Time": 3107.283,
        "Actual Rows": 1,
        "Actual Loops": 1,
        "Output": [
            "count(*)"
        ],
        "Plans": [
            {
                "Node Type": "Gather",
                "Parent Relationship": "Outer",
                "Parallel Aware": false,
                "Startup Cost": 266051.72,
                "Total Cost": 266052.13,
                "Plan Rows": 4,
                "Plan Width": 8,
                "Actual Startup Time": 2767.691,
                "Actual Total Time": 3107.26,
                "Actual Rows": 5,
                "Actual Loops": 1,
                "Output": [
                    "(PARTIAL count(*))"
                ],
                "Workers Planned": 4,
                "Workers Launched": 4,
                "Single Copy": false,
                "Plans": [
                    {
                        "Node Type": "Aggregate",
                        "Strategy": "Plain",
                        "Partial Mode": "Partial",
                        "Parent Relationship": "Outer",
                        "Parallel Aware": false,
                        "Startup Cost": 265051.72,
                        "Total Cost": 265051.73,
                        "Plan Rows": 1,
                        "Plan Width": 8,
                        "Actual Startup Time": 2780.906,
                        "Actual Total Time": 2780.91,
                        "Actual Rows": 1,
                        "Actual Loops": 5,
                        "Output": [
                            "PARTIAL count(*)"
                        ],
                        "Workers": [
                            {
                                "Worker Number": 0,
                                "Actual Startup Time": 2413.642,
                                "Actual Total Time": 2413.645,
                                "Actual Rows": 1,
                                "Actual Loops": 1
                            },
                            {
                                "Worker Number": 1,
                                "Actual Startup Time": 2707.718,
                                "Actual Total Time": 2707.721,
                                "Actual Rows": 1,
                                "Actual Loops": 1
                            },
                            {
                                "Worker Number": 2,
                                "Actual Startup Time": 2998.605,
                                "Actual Total Time": 2998.608,
                                "Actual Rows": 1,
                                "Actual Loops": 1
                            },
                            {
                                "Worker Number": 3,
                                "Actual Startup Time": 3017.799,
                                "Actual Total Time": 3017.803,
                                "Actual Rows": 1,
                                "Actual Loops": 1
                            }
                        ],
                        "Plans": [
                            {
                                "Node Type": "Nested Loop",
                                "Parent Relationship": "Outer",
                                "Parallel Aware": false,
                                "Join Type": "Inner",
                                "Startup Cost": 131393.3,
                                "Total Cost": 264665.75,
                                "Plan Rows": 154389,
                                "Plan Width": 0,
                                "Actual Startup Time": 351.315,
                                "Actual Total Time": 2766.396,
                                "Actual Rows": 245906,
                                "Actual Loops": 5,
                                "Inner Unique": false,
                                "Workers": [
                                    {
                                        "Worker Number": 0,
                                        "Actual Startup Time": 432.346,
                                        "Actual Total Time": 2400.062,
                                        "Actual Rows": 171674,
                                        "Actual Loops": 1
                                    },
                                    {
                                        "Worker Number": 1,
                                        "Actual Startup Time": 327.878,
                                        "Actual Total Time": 2693.299,
                                        "Actual Rows": 260271,
                                        "Actual Loops": 1
                                    },
                                    {
                                        "Worker Number": 2,
                                        "Actual Startup Time": 327.794,
                                        "Actual Total Time": 2984.659,
                                        "Actual Rows": 248024,
                                        "Actual Loops": 1
                                    },
                                    {
                                        "Worker Number": 3,
                                        "Actual Startup Time": 328.111,
                                        "Actual Total Time": 3003.593,
                                        "Actual Rows": 249288,
                                        "Actual Loops": 1
                                    }
                                ],
                                "Plans": [
                                    {
                                        "Node Type": "Merge Join",
                                        "Parent Relationship": "Outer",
                                        "Parallel Aware": false,
                                        "Join Type": "Inner",
                                        "Startup Cost": 131392.74,
                                        "Total Cost": 135159.41,
                                        "Plan Rows": 39248,
                                        "Plan Width": 8,
                                        "Actual Startup Time": 351.104,
                                        "Actual Total Time": 471.246,
                                        "Actual Rows": 56975,
                                        "Actual Loops": 5,
                                        "Output": [
                                            "t.id",
                                            "mi_idx.movie_id"
                                        ],
                                        "Inner Unique": false,
                                        "Merge Cond": "(t.id = mi_idx.movie_id)",
                                        "Workers": [
                                            {
                                                "Worker Number": 0,
                                                "Actual Startup Time": 431.855,
                                                "Actual Total Time": 548.872,
                                                "Actual Rows": 39660,
                                                "Actual Loops": 1
                                            },
                                            {
                                                "Worker Number": 1,
                                                "Actual Startup Time": 327.783,
                                                "Actual Total Time": 444.538,
                                                "Actual Rows": 59772,
                                                "Actual Loops": 1
                                            },
                                            {
                                                "Worker Number": 2,
                                                "Actual Startup Time": 327.584,
                                                "Actual Total Time": 450.068,
                                                "Actual Rows": 57232,
                                                "Actual Loops": 1
                                            },
                                            {
                                                "Worker Number": 3,
                                                "Actual Startup Time": 327.948,
                                                "Actual Total Time": 451.266,
                                                "Actual Rows": 57040,
                                                "Actual Loops": 1
                                            }
                                        ],
                                        "Plans": [
                                            {
                                                "Node Type": "Sort",
                                                "Parent Relationship": "Outer",
                                                "Parallel Aware": false,
                                                "Startup Cost": 63065.89,
                                                "Total Cost": 63606.63,
                                                "Plan Rows": 216298,
                                                "Plan Width": 4,
                                                "Actual Startup Time": 134.774,
                                                "Actual Total Time": 171.424,
                                                "Actual Rows": 170574,
                                                "Actual Loops": 5,
                                                "Output": [
                                                    "t.id"
                                                ],
                                                "Sort Key": [
                                                    "t.id"
                                                ],
                                                "Sort Method": "quicksort",
                                                "Sort Space Used": 16036,
                                                "Sort Space Type": "Memory",
                                                "Workers": [
                                                    {
                                                        "Worker Number": 0,
                                                        "Actual Startup Time": 131.913,
                                                        "Actual Total Time": 158.834,
                                                        "Actual Rows": 119214,
                                                        "Actual Loops": 1
                                                    },
                                                    {
                                                        "Worker Number": 1,
                                                        "Actual Startup Time": 131.511,
                                                        "Actual Total Time": 167.833,
                                                        "Actual Rows": 179625,
                                                        "Actual Loops": 1
                                                    },
                                                    {
                                                        "Worker Number": 2,
                                                        "Actual Startup Time": 131.307,
                                                        "Actual Total Time": 170.645,
                                                        "Actual Rows": 172356,
                                                        "Actual Loops": 1
                                                    },
                                                    {
                                                        "Worker Number": 3,
                                                        "Actual Startup Time": 131.439,
                                                        "Actual Total Time": 170.958,
                                                        "Actual Rows": 171019,
                                                        "Actual Loops": 1
                                                    }
                                                ],
                                                "Plans": [
                                                    {
                                                        "Node Type": "Seq Scan",
                                                        "Parent Relationship": "Outer",
                                                        "Parallel Aware": true,
                                                        "Relation Name": "title",
                                                        "Schema": "public",
                                                        "Alias": "t",
                                                        "Startup Cost": 0.0,
                                                        "Total Cost": 43899.01,
                                                        "Plan Rows": 216298,
                                                        "Plan Width": 4,
                                                        "Actual Startup Time": 0.061,
                                                        "Actual Total Time": 89.649,
                                                        "Actual Rows": 170843,
                                                        "Actual Loops": 5,
                                                        "Output": [
                                                            "t.id"
                                                        ],
                                                        "Filter": "(t.kind_id < 4)",
                                                        "Rows Removed by Filter": 334820,
                                                        "Workers": [
                                                            {
                                                                "Worker Number": 0,
                                                                "Actual Startup Time": 0.074,
                                                                "Actual Total Time": 87.506,
                                                                "Actual Rows": 119385,
                                                                "Actual Loops": 1
                                                            },
                                                            {
                                                                "Worker Number": 1,
                                                                "Actual Startup Time": 0.062,
                                                                "Actual Total Time": 87.994,
                                                                "Actual Rows": 179909,
                                                                "Actual Loops": 1
                                                            },
                                                            {
                                                                "Worker Number": 2,
                                                                "Actual Startup Time": 0.074,
                                                                "Actual Total Time": 89.01,
                                                                "Actual Rows": 172621,
                                                                "Actual Loops": 1
                                                            },
                                                            {
                                                                "Worker Number": 3,
                                                                "Actual Startup Time": 0.072,
                                                                "Actual Total Time": 89.542,
                                                                "Actual Rows": 171271,
                                                                "Actual Loops": 1
                                                            }
                                                        ]
                                                    }
                                                ]
                                            },
                                            {
                                                "Node Type": "Sort",
                                                "Parent Relationship": "Inner",
                                                "Parallel Aware": false,
                                                "Startup Cost": 68326.82,
                                                "Total Cost": 69473.74,
                                                "Plan Rows": 458770,
                                                "Plan Width": 4,
                                                "Actual Startup Time": 216.313,
                                                "Actual Total Time": 244.55,
                                                "Actual Rows": 460185,
                                                "Actual Loops": 5,
                                                "Output": [
                                                    "mi_idx.movie_id"
                                                ],
                                                "Sort Key": [
                                                    "mi_idx.movie_id"
                                                ],
                                                "Sort Method": "quicksort",
                                                "Sort Space Used": 33860,
                                                "Sort Space Type": "Memory",
                                                "Workers": [
                                                    {
                                                        "Worker Number": 0,
                                                        "Actual Startup Time": 299.93,
                                                        "Actual Total Time": 330.404,
                                                        "Actual Rows": 460185,
                                                        "Actual Loops": 1
                                                    },
                                                    {
                                                        "Worker Number": 1,
                                                        "Actual Startup Time": 196.258,
                                                        "Actual Total Time": 223.385,
                                                        "Actual Rows": 460185,
                                                        "Actual Loops": 1
                                                    },
                                                    {
                                                        "Worker Number": 2,
                                                        "Actual Startup Time": 196.263,
                                                        "Actual Total Time": 225.293,
                                                        "Actual Rows": 460185,
                                                        "Actual Loops": 1
                                                    },
                                                    {
                                                        "Worker Number": 3,
                                                        "Actual Startup Time": 196.494,
                                                        "Actual Total Time": 225.711,
                                                        "Actual Rows": 460185,
                                                        "Actual Loops": 1
                                                    }
                                                ],
                                                "Plans": [
                                                    {
                                                        "Node Type": "Seq Scan",
                                                        "Parent Relationship": "Outer",
                                                        "Parallel Aware": false,
                                                        "Relation Name": "movie_info_idx",
                                                        "Schema": "public",
                                                        "Alias": "mi_idx",
                                                        "Startup Cost": 0.0,
                                                        "Total Cost": 25185.44,
                                                        "Plan Rows": 458770,
                                                        "Plan Width": 4,
                                                        "Actual Startup Time": 0.041,
                                                        "Actual Total Time": 112.832,
                                                        "Actual Rows": 460185,
                                                        "Actual Loops": 5,
                                                        "Output": [
                                                            "mi_idx.movie_id"
                                                        ],
                                                        "Filter": "(mi_idx.info_type_id > 100)",
                                                        "Rows Removed by Filter": 919850,
                                                        "Workers": [
                                                            {
                                                                "Worker Number": 0,
                                                                "Actual Startup Time": 0.04,
                                                                "Actual Total Time": 157.193,
                                                                "Actual Rows": 460185,
                                                                "Actual Loops": 1
                                                            },
                                                            {
                                                                "Worker Number": 1,
                                                                "Actual Startup Time": 0.045,
                                                                "Actual Total Time": 103.006,
                                                                "Actual Rows": 460185,
                                                                "Actual Loops": 1
                                                            },
                                                            {
                                                                "Worker Number": 2,
                                                                "Actual Startup Time": 0.039,
                                                                "Actual Total Time": 103.683,
                                                                "Actual Rows": 460185,
                                                                "Actual Loops": 1
                                                            },
                                                            {
                                                                "Worker Number": 3,
                                                                "Actual Startup Time": 0.071,
                                                                "Actual Total Time": 104.001,
                                                                "Actual Rows": 460185,
                                                                "Actual Loops": 1
                                                            }
                                                        ]
                                                    }
                                                ]
                                            }
                                        ]
                                    },
                                    {
                                        "Node Type": "Index Scan",
                                        "Parent Relationship": "Inner",
                                        "Parallel Aware": false,
                                        "Scan Direction": "Forward",
                                        "Index Name": "movie_id_cast_info",
                                        "Relation Name": "cast_info",
                                        "Schema": "public",
                                        "Alias": "ci",
                                        "Startup Cost": 0.56,
                                        "Total Cost": 3.19,
                                        "Plan Rows": 11,
                                        "Plan Width": 4,
                                        "Actual Startup Time": 0.022,
                                        "Actual Total Time": 0.04,
                                        "Actual Rows": 4,
                                        "Actual Loops": 284875,
                                        "Output": [
                                            "ci.id",
                                            "ci.person_id",
                                            "ci.movie_id",
                                            "ci.person_role_id",
                                            "ci.note",
                                            "ci.nr_order",
                                            "ci.role_id"
                                        ],
                                        "Index Cond": "(ci.movie_id = t.id)",
                                        "Rows Removed by Index Recheck": 0,
                                        "Filter": "((ci.person_id > 2153342) AND (ci.role_id < 4))",
                                        "Rows Removed by Filter": 23,
                                        "Workers": [
                                            {
                                                "Worker Number": 0,
                                                "Actual Startup Time": 0.026,
                                                "Actual Total Time": 0.046,
                                                "Actual Rows": 4,
                                                "Actual Loops": 39660
                                            },
                                            {
                                                "Worker Number": 1,
                                                "Actual Startup Time": 0.021,
                                                "Actual Total Time": 0.037,
                                                "Actual Rows": 4,
                                                "Actual Loops": 59772
                                            },
                                            {
                                                "Worker Number": 2,
                                                "Actual Startup Time": 0.025,
                                                "Actual Total Time": 0.044,
                                                "Actual Rows": 4,
                                                "Actual Loops": 57232
                                            },
                                            {
                                                "Worker Number": 3,
                                                "Actual Startup Time": 0.025,
                                                "Actual Total Time": 0.044,
                                                "Actual Rows": 4,
                                                "Actual Loops": 57040
                                            }
                                        ]
                                    }
                                ]
                            }
                        ]
                    }
                ]
            }
        ]
    },
    "Planning Time": 1.558,
    "Triggers": [],
    "Execution Time": 3117.399
}