{
    "Plan": {
        "Node Type": "Aggregate",
        "Strategy": "Plain",
        "Partial Mode": "Simple",
        "Parallel Aware": false,
        "Startup Cost": 70000318810.81,
        "Total Cost": 70000318810.82,
        "Plan Rows": 1,
        "Plan Width": 8,
        "Actual Startup Time": 129302.055,
        "Actual Total Time": 129302.212,
        "Actual Rows": 1,
        "Actual Loops": 1,
        "Output": [
            "count(*)"
        ],
        "Plans": [
            {
                "Node Type": "Nested Loop",
                "Parent Relationship": "Outer",
                "Parallel Aware": false,
                "Join Type": "Inner",
                "Startup Cost": 70000000014.88,
                "Total Cost": 70000318810.81,
                "Plan Rows": 1,
                "Plan Width": 0,
                "Actual Startup Time": 24.446,
                "Actual Total Time": 129236.984,
                "Actual Rows": 67735,
                "Actual Loops": 1,
                "Inner Unique": true,
                "Plans": [
                    {
                        "Node Type": "Nested Loop",
                        "Parent Relationship": "Outer",
                        "Parallel Aware": false,
                        "Join Type": "Inner",
                        "Startup Cost": 60000000014.44,
                        "Total Cost": 60000318699.51,
                        "Plan Rows": 25,
                        "Plan Width": 8,
                        "Actual Startup Time": 24.239,
                        "Actual Total Time": 127837.269,
                        "Actual Rows": 67735,
                        "Actual Loops": 1,
                        "Output": [
                            "ci.person_id",
                            "pi.person_id"
                        ],
                        "Inner Unique": true,
                        "Plans": [
                            {
                                "Node Type": "Nested Loop",
                                "Parent Relationship": "Outer",
                                "Parallel Aware": false,
                                "Join Type": "Inner",
                                "Startup Cost": 50000000014.29,
                                "Total Cost": 50000312527.26,
                                "Plan Rows": 1486,
                                "Plan Width": 12,
                                "Actual Startup Time": 23.641,
                                "Actual Total Time": 124709.012,
                                "Actual Rows": 405277,
                                "Actual Loops": 1,
                                "Output": [
                                    "pi.person_id",
                                    "ci.person_id",
                                    "mi.info_type_id"
                                ],
                                "Inner Unique": false,
                                "Join Filter": "(t.id = mi.movie_id)",
                                "Rows Removed by Join Filter": 0,
                                "Plans": [
                                    {
                                        "Node Type": "Nested Loop",
                                        "Parent Relationship": "Outer",
                                        "Parallel Aware": false,
                                        "Join Type": "Inner",
                                        "Startup Cost": 40000000013.55,
                                        "Total Cost": 40000304215.58,
                                        "Plan Rows": 1537,
                                        "Plan Width": 16,
                                        "Actual Startup Time": 23.314,
                                        "Actual Total Time": 49207.116,
                                        "Actual Rows": 209061,
                                        "Actual Loops": 1,
                                        "Output": [
                                            "pi.person_id",
                                            "ci.movie_id",
                                            "ci.person_id",
                                            "t.id"
                                        ],
                                        "Inner Unique": true,
                                        "Plans": [
                                            {
                                                "Node Type": "Nested Loop",
                                                "Parent Relationship": "Outer",
                                                "Parallel Aware": false,
                                                "Join Type": "Inner",
                                                "Startup Cost": 30000000013.11,
                                                "Total Cost": 30000297374.02,
                                                "Plan Rows": 1537,
                                                "Plan Width": 12,
                                                "Actual Startup Time": 22.682,
                                                "Actual Total Time": 21624.361,
                                                "Actual Rows": 209061,
                                                "Actual Loops": 1,
                                                "Output": [
                                                    "pi.person_id",
                                                    "ci.movie_id",
                                                    "ci.person_id"
                                                ],
                                                "Inner Unique": false,
                                                "Plans": [
                                                    {
                                                        "Node Type": "Nested Loop",
                                                        "Parent Relationship": "Outer",
                                                        "Parallel Aware": false,
                                                        "Join Type": "Inner",
                                                        "Startup Cost": 20000000000.61,
                                                        "Total Cost": 20000289473.74,
                                                        "Plan Rows": 5,
                                                        "Plan Width": 4,
                                                        "Actual Startup Time": 22.366,
                                                        "Actual Total Time": 19890.776,
                                                        "Actual Rows": 4668,
                                                        "Actual Loops": 1,
                                                        "Output": [
                                                            "pi.person_id"
                                                        ],
                                                        "Inner Unique": true,
                                                        "Plans": [
                                                            {
                                                                "Node Type": "Index Scan",
                                                                "Parent Relationship": "Outer",
                                                                "Parallel Aware": false,
                                                                "Scan Direction": "Forward",
                                                                "Index Name": "person_id_person_info",
                                                                "Relation Name": "person_info",
                                                                "Schema": "public",
                                                                "Alias": "pi",
                                                                "Startup Cost": 10000000000.43,
                                                                "Total Cost": 10000288339.62,
                                                                "Plan Rows": 271,
                                                                "Plan Width": 8,
                                                                "Actual Startup Time": 5.725,
                                                                "Actual Total Time": 19491.907,
                                                                "Actual Rows": 16348,
                                                                "Actual Loops": 1,
                                                                "Output": [
                                                                    "pi.id",
                                                                    "pi.person_id",
                                                                    "pi.info_type_id",
                                                                    "pi.info",
                                                                    "pi.note"
                                                                ],
                                                                "Filter": "(pi.info ~~* '%india%'::text)",
                                                                "Rows Removed by Filter": 2947316
                                                            },
                                                            {
                                                                "Node Type": "Bitmap Heap Scan",
                                                                "Parent Relationship": "Inner",
                                                                "Parallel Aware": false,
                                                                "Relation Name": "info_type",
                                                                "Schema": "public",
                                                                "Alias": "it2",
                                                                "Startup Cost": 0.18,
                                                                "Total Cost": 4.19,
                                                                "Plan Rows": 1,
                                                                "Plan Width": 4,
                                                                "Actual Startup Time": 0.012,
                                                                "Actual Total Time": 0.012,
                                                                "Actual Rows": 0,
                                                                "Actual Loops": 16348,
                                                                "Output": [
                                                                    "it2.id",
                                                                    "it2.info"
                                                                ],
                                                                "Recheck Cond": "(it2.id = pi.info_type_id)",
                                                                "Rows Removed by Index Recheck": 0,
                                                                "Filter": "((it2.info)::text ~~* '%birth%'::text)",
                                                                "Rows Removed by Filter": 1,
                                                                "Exact Heap Blocks": 16348,
                                                                "Lossy Heap Blocks": 0,
                                                                "Plans": [
                                                                    {
                                                                        "Node Type": "Bitmap Index Scan",
                                                                        "Parent Relationship": "Outer",
                                                                        "Parallel Aware": false,
                                                                        "Index Name": "info_type_pkey",
                                                                        "Startup Cost": 0.0,
                                                                        "Total Cost": 0.18,
                                                                        "Plan Rows": 1,
                                                                        "Plan Width": 0,
                                                                        "Actual Startup Time": 0.004,
                                                                        "Actual Total Time": 0.004,
                                                                        "Actual Rows": 1,
                                                                        "Actual Loops": 16348,
                                                                        "Index Cond": "(it2.id = pi.info_type_id)"
                                                                    }
                                                                ]
                                                            }
                                                        ]
                                                    },
                                                    {
                                                        "Node Type": "Bitmap Heap Scan",
                                                        "Parent Relationship": "Inner",
                                                        "Parallel Aware": false,
                                                        "Relation Name": "cast_info",
                                                        "Schema": "public",
                                                        "Alias": "ci",
                                                        "Startup Cost": 12.5,
                                                        "Total Cost": 1574.95,
                                                        "Plan Rows": 510,
                                                        "Plan Width": 8,
                                                        "Actual Startup Time": 0.212,
                                                        "Actual Total Time": 0.328,
                                                        "Actual Rows": 45,
                                                        "Actual Loops": 4668,
                                                        "Output": [
                                                            "ci.id",
                                                            "ci.person_id",
                                                            "ci.movie_id",
                                                            "ci.person_role_id",
                                                            "ci.note",
                                                            "ci.nr_order",
                                                            "ci.role_id"
                                                        ],
                                                        "Recheck Cond": "(ci.person_id = pi.person_id)",
                                                        "Rows Removed by Index Recheck": 0,
                                                        "Exact Heap Blocks": 9681,
                                                        "Lossy Heap Blocks": 0,
                                                        "Plans": [
                                                            {
                                                                "Node Type": "Bitmap Index Scan",
                                                                "Parent Relationship": "Outer",
                                                                "Parallel Aware": false,
                                                                "Index Name": "person_id_cast_info",
                                                                "Startup Cost": 0.0,
                                                                "Total Cost": 12.38,
                                                                "Plan Rows": 510,
                                                                "Plan Width": 0,
                                                                "Actual Startup Time": 0.155,
                                                                "Actual Total Time": 0.155,
                                                                "Actual Rows": 45,
                                                                "Actual Loops": 4668,
                                                                "Index Cond": "(ci.person_id = pi.person_id)"
                                                            }
                                                        ]
                                                    }
                                                ]
                                            },
                                            {
                                                "Node Type": "Bitmap Heap Scan",
                                                "Parent Relationship": "Inner",
                                                "Parallel Aware": false,
                                                "Relation Name": "title",
                                                "Schema": "public",
                                                "Alias": "t",
                                                "Startup Cost": 0.44,
                                                "Total Cost": 4.45,
                                                "Plan Rows": 1,
                                                "Plan Width": 4,
                                                "Actual Startup Time": 0.127,
                                                "Actual Total Time": 0.127,
                                                "Actual Rows": 1,
                                                "Actual Loops": 209061,
                                                "Output": [
                                                    "t.id",
                                                    "t.title",
                                                    "t.imdb_index",
                                                    "t.kind_id",
                                                    "t.production_year",
                                                    "t.imdb_id",
                                                    "t.phonetic_code",
                                                    "t.episode_of_id",
                                                    "t.season_nr",
                                                    "t.episode_nr",
                                                    "t.series_years",
                                                    "t.md5sum"
                                                ],
                                                "Recheck Cond": "(t.id = ci.movie_id)",
                                                "Rows Removed by Index Recheck": 0,
                                                "Exact Heap Blocks": 209061,
                                                "Lossy Heap Blocks": 0,
                                                "Plans": [
                                                    {
                                                        "Node Type": "Bitmap Index Scan",
                                                        "Parent Relationship": "Outer",
                                                        "Parallel Aware": false,
                                                        "Index Name": "title_pkey",
                                                        "Startup Cost": 0.0,
                                                        "Total Cost": 0.44,
                                                        "Plan Rows": 1,
                                                        "Plan Width": 0,
                                                        "Actual Startup Time": 0.061,
                                                        "Actual Total Time": 0.061,
                                                        "Actual Rows": 1,
                                                        "Actual Loops": 209061,
                                                        "Index Cond": "(t.id = ci.movie_id)"
                                                    }
                                                ]
                                            }
                                        ]
                                    },
                                    {
                                        "Node Type": "Bitmap Heap Scan",
                                        "Parent Relationship": "Inner",
                                        "Parallel Aware": false,
                                        "Relation Name": "movie_info",
                                        "Schema": "public",
                                        "Alias": "mi",
                                        "Startup Cost": 0.74,
                                        "Total Cost": 5.32,
                                        "Plan Rows": 7,
                                        "Plan Width": 8,
                                        "Actual Startup Time": 0.236,
                                        "Actual Total Time": 0.355,
                                        "Actual Rows": 2,
                                        "Actual Loops": 209061,
                                        "Output": [
                                            "mi.id",
                                            "mi.movie_id",
                                            "mi.info_type_id",
                                            "mi.info",
                                            "mi.note"
                                        ],
                                        "Recheck Cond": "(mi.movie_id = ci.movie_id)",
                                        "Rows Removed by Index Recheck": 0,
                                        "Filter": "(mi.info ~~* '%usa%'::text)",
                                        "Rows Removed by Filter": 11,
                                        "Exact Heap Blocks": 1367935,
                                        "Lossy Heap Blocks": 0,
                                        "Plans": [
                                            {
                                                "Node Type": "Bitmap Index Scan",
                                                "Parent Relationship": "Outer",
                                                "Parallel Aware": false,
                                                "Index Name": "movie_id_movie_info",
                                                "Startup Cost": 0.0,
                                                "Total Cost": 0.73,
                                                "Plan Rows": 39,
                                                "Plan Width": 0,
                                                "Actual Startup Time": 0.085,
                                                "Actual Total Time": 0.085,
                                                "Actual Rows": 13,
                                                "Actual Loops": 209061,
                                                "Index Cond": "(mi.movie_id = ci.movie_id)"
                                            }
                                        ]
                                    }
                                ]
                            },
                            {
                                "Node Type": "Bitmap Heap Scan",
                                "Parent Relationship": "Inner",
                                "Parallel Aware": false,
                                "Relation Name": "info_type",
                                "Schema": "public",
                                "Alias": "it1",
                                "Startup Cost": 0.15,
                                "Total Cost": 4.17,
                                "Plan Rows": 1,
                                "Plan Width": 4,
                                "Actual Startup Time": 0.004,
                                "Actual Total Time": 0.004,
                                "Actual Rows": 0,
                                "Actual Loops": 405277,
                                "Output": [
                                    "it1.id",
                                    "it1.info"
                                ],
                                "Recheck Cond": "(it1.id = mi.info_type_id)",
                                "Rows Removed by Index Recheck": 0,
                                "Filter": "((it1.info)::text ~~* '%count%'::text)",
                                "Rows Removed by Filter": 1,
                                "Exact Heap Blocks": 405277,
                                "Lossy Heap Blocks": 0,
                                "Plans": [
                                    {
                                        "Node Type": "Bitmap Index Scan",
                                        "Parent Relationship": "Outer",
                                        "Parallel Aware": false,
                                        "Index Name": "info_type_pkey",
                                        "Startup Cost": 0.0,
                                        "Total Cost": 0.15,
                                        "Plan Rows": 1,
                                        "Plan Width": 0,
                                        "Actual Startup Time": 0.002,
                                        "Actual Total Time": 0.002,
                                        "Actual Rows": 1,
                                        "Actual Loops": 405277,
                                        "Index Cond": "(it1.id = mi.info_type_id)"
                                    }
                                ]
                            }
                        ]
                    },
                    {
                        "Node Type": "Bitmap Heap Scan",
                        "Parent Relationship": "Inner",
                        "Parallel Aware": false,
                        "Relation Name": "name",
                        "Schema": "public",
                        "Alias": "n",
                        "Startup Cost": 0.44,
                        "Total Cost": 4.45,
                        "Plan Rows": 1,
                        "Plan Width": 4,
                        "Actual Startup Time": 0.016,
                        "Actual Total Time": 0.016,
                        "Actual Rows": 1,
                        "Actual Loops": 67735,
                        "Output": [
                            "n.id",
                            "n.name",
                            "n.imdb_index",
                            "n.imdb_id",
                            "n.gender",
                            "n.name_pcode_cf",
                            "n.name_pcode_nf",
                            "n.surname_pcode",
                            "n.md5sum"
                        ],
                        "Recheck Cond": "(n.id = ci.person_id)",
                        "Rows Removed by Index Recheck": 0,
                        "Exact Heap Blocks": 67735,
                        "Lossy Heap Blocks": 0,
                        "Plans": [
                            {
                                "Node Type": "Bitmap Index Scan",
                                "Parent Relationship": "Outer",
                                "Parallel Aware": false,
                                "Index Name": "name_pkey",
                                "Startup Cost": 0.0,
                                "Total Cost": 0.44,
                                "Plan Rows": 1,
                                "Plan Width": 0,
                                "Actual Startup Time": 0.01,
                                "Actual Total Time": 0.01,
                                "Actual Rows": 1,
                                "Actual Loops": 67735,
                                "Index Cond": "(n.id = ci.person_id)"
                            }
                        ]
                    }
                ]
            }
        ]
    },
    "Planning Time": 53.635,
    "Triggers": [],
    "Execution Time": 129306.836
}