[
  {
    "Plan": {
      "Node Type": "Aggregate",
      "Strategy": "Plain",
      "Partial Mode": "Finalize",
      "Parallel Aware": false,
      "Startup Cost": 44732.42,
      "Total Cost": 44732.43,
      "Plan Rows": 1,
      "Plan Width": 8,
      "Actual Startup Time": 141.981,
      "Actual Total Time": 150.158,
      "Actual Rows": 1,
      "Actual Loops": 1,
      "Plans": [
        {
          "Node Type": "Gather",
          "Parent Relationship": "Outer",
          "Parallel Aware": false,
          "Startup Cost": 44732.11,
          "Total Cost": 44732.42,
          "Plan Rows": 3,
          "Plan Width": 8,
          "Actual Startup Time": 141.873,
          "Actual Total Time": 150.149,
          "Actual Rows": 4,
          "Actual Loops": 1,
          "Workers Planned": 3,
          "Workers Launched": 3,
          "Single Copy": false,
          "Plans": [
            {
              "Node Type": "Aggregate",
              "Strategy": "Plain",
              "Partial Mode": "Partial",
              "Parent Relationship": "Outer",
              "Parallel Aware": false,
              "Startup Cost": 43732.11,
              "Total Cost": 43732.12,
              "Plan Rows": 1,
              "Plan Width": 8,
              "Actual Startup Time": 133.664,
              "Actual Total Time": 133.665,
              "Actual Rows": 1,
              "Actual Loops": 4,
              "Plans": [
                {
                  "Node Type": "Seq Scan",
                  "Parent Relationship": "Outer",
                  "Parallel Aware": true,
                  "Relation Name": "movie_keyword",
                  "Alias": "mk",
                  "Startup Cost": 0.0,
                  "Total Cost": 42695.65,
                  "Plan Rows": 414581,
                  "Plan Width": 0,
                  "Actual Startup Time": 0.062,
                  "Actual Total Time": 115.623,
                  "Actual Rows": 324260,
                  "Actual Loops": 4,
                  "Filter": "(keyword_id < 1684)",
                  "Rows Removed by Filter": 806722
                }
              ]
            }
          ]
        }
      ]
    },
    "Planning Time": 0.162,
    "Triggers": [],
    "Execution Time": 150.208
  }
]