[
  {
    "Plan": {
      "Node Type": "Aggregate",
      "Strategy": "Plain",
      "Partial Mode": "Finalize",
      "Parallel Aware": false,
      "Startup Cost": 387198.78,
      "Total Cost": 387198.79,
      "Plan Rows": 1,
      "Plan Width": 8,
      "Actual Startup Time": 4878.957,
      "Actual Total Time": 4954.269,
      "Actual Rows": 1,
      "Actual Loops": 1,
      "Plans": [
        {
          "Node Type": "Gather",
          "Parent Relationship": "Outer",
          "Parallel Aware": false,
          "Startup Cost": 387198.26,
          "Total Cost": 387198.77,
          "Plan Rows": 5,
          "Plan Width": 8,
          "Actual Startup Time": 4876.748,
          "Actual Total Time": 4954.248,
          "Actual Rows": 6,
          "Actual Loops": 1,
          "Workers Planned": 5,
          "Workers Launched": 5,
          "Single Copy": false,
          "Plans": [
            {
              "Node Type": "Aggregate",
              "Strategy": "Plain",
              "Partial Mode": "Partial",
              "Parent Relationship": "Outer",
              "Parallel Aware": false,
              "Startup Cost": 386198.26,
              "Total Cost": 386198.27,
              "Plan Rows": 1,
              "Plan Width": 8,
              "Actual Startup Time": 4870.556,
              "Actual Total Time": 4870.559,
              "Actual Rows": 1,
              "Actual Loops": 6,
              "Plans": [
                {
                  "Node Type": "Nested Loop",
                  "Parent Relationship": "Outer",
                  "Parallel Aware": false,
                  "Join Type": "Inner",
                  "Startup Cost": 45684.81,
                  "Total Cost": 383453.03,
                  "Plan Rows": 1098091,
                  "Plan Width": 0,
                  "Actual Startup Time": 80.858,
                  "Actual Total Time": 4666.139,
                  "Actual Rows": 4764916,
                  "Actual Loops": 6,
                  "Inner Unique": false,
                  "Join Filter": "(t.id = ci.movie_id)",
                  "Rows Removed by Join Filter": 0,
                  "Plans": [
                    {
                      "Node Type": "Hash Join",
                      "Parent Relationship": "Outer",
                      "Parallel Aware": true,
                      "Join Type": "Inner",
                      "Startup Cost": 45684.25,
                      "Total Cost": 244933.87,
                      "Plan Rows": 76582,
                      "Plan Width": 8,
                      "Actual Startup Time": 80.659,
                      "Actual Total Time": 748.513,
                      "Actual Rows": 324510,
                      "Actual Loops": 6,
                      "Inner Unique": true,
                      "Hash Cond": "(mi.movie_id = t.id)",
                      "Plans": [
                        {
                          "Node Type": "Seq Scan",
                          "Parent Relationship": "Outer",
                          "Parallel Aware": true,
                          "Relation Name": "movie_info",
                          "Alias": "mi",
                          "Startup Cost": 0.0,
                          "Total Cost": 191503.19,
                          "Plan Rows": 2951019,
                          "Plan Width": 4,
                          "Actual Startup Time": 0.02,
                          "Actual Total Time": 248.868,
                          "Actual Rows": 2472620,
                          "Actual Loops": 6
                        },
                        {
                          "Node Type": "Hash",
                          "Parent Relationship": "Inner",
                          "Parallel Aware": true,
                          "Startup Cost": 45479.21,
                          "Total Cost": 45479.21,
                          "Plan Rows": 16403,
                          "Plan Width": 4,
                          "Actual Startup Time": 79.127,
                          "Actual Total Time": 79.127,
                          "Actual Rows": 27489,
                          "Actual Loops": 6,
                          "Hash Buckets": 262144,
                          "Original Hash Buckets": 131072,
                          "Hash Batches": 1,
                          "Original Hash Batches": 1,
                          "Peak Memory Usage": 9600,
                          "Plans": [
                            {
                              "Node Type": "Seq Scan",
                              "Parent Relationship": "Outer",
                              "Parallel Aware": true,
                              "Relation Name": "title",
                              "Alias": "t",
                              "Startup Cost": 0.0,
                              "Total Cost": 45479.21,
                              "Plan Rows": 16403,
                              "Plan Width": 4,
                              "Actual Startup Time": 1.137,
                              "Actual Total Time": 66.321,
                              "Actual Rows": 27489,
                              "Actual Loops": 6,
                              "Filter": "((kind_id < 7) AND (production_year < 1951))",
                              "Rows Removed by Filter": 393897
                            }
                          ]
                        }
                      ]
                    },
                    {
                      "Node Type": "Index Only Scan",
                      "Parent Relationship": "Inner",
                      "Parallel Aware": false,
                      "Scan Direction": "Forward",
                      "Index Name": "movie_id_cast_info",
                      "Relation Name": "cast_info",
                      "Alias": "ci",
                      "Startup Cost": 0.56,
                      "Total Cost": 1.33,
                      "Plan Rows": 38,
                      "Plan Width": 4,
                      "Actual Startup Time": 0.003,
                      "Actual Total Time": 0.011,
                      "Actual Rows": 15,
                      "Actual Loops": 1947057,
                      "Index Cond": "(movie_id = mi.movie_id)",
                      "Rows Removed by Index Recheck": 0,
                      "Heap Fetches": 28589495
                    }
                  ]
                }
              ]
            }
          ]
        }
      ]
    },
    "Planning Time": 0.653,
    "Triggers": [],
    "Execution Time": 4954.338
  }
]