[
    {
        "Bao": {
            "Bao prediction": "NaN",
            "Bao recommended hint": "(no hint)"
        }
    },
    {
        "Plan": {
            "Node Type": "Aggregate",
            "Strategy": "Plain",
            "Partial Mode": "Finalize",
            "Parallel Aware": false,
            "Startup Cost": 323834.18,
            "Total Cost": 323834.19,
            "Plan Rows": 1,
            "Plan Width": 8,
            "Actual Startup Time": 219.989,
            "Actual Total Time": 226.028,
            "Actual Rows": 1,
            "Actual Loops": 1,
            "Output": [
                "count(*)"
            ],
            "Plans": [
                {
                    "Node Type": "Gather",
                    "Parent Relationship": "Outer",
                    "Parallel Aware": false,
                    "Startup Cost": 323833.56,
                    "Total Cost": 323834.17,
                    "Plan Rows": 6,
                    "Plan Width": 8,
                    "Actual Startup Time": 219.209,
                    "Actual Total Time": 226.022,
                    "Actual Rows": 7,
                    "Actual Loops": 1,
                    "Output": [
                        "(PARTIAL count(*))"
                    ],
                    "Workers Planned": 6,
                    "Workers Launched": 6,
                    "Single Copy": false,
                    "Plans": [
                        {
                            "Node Type": "Aggregate",
                            "Strategy": "Plain",
                            "Partial Mode": "Partial",
                            "Parent Relationship": "Outer",
                            "Parallel Aware": false,
                            "Startup Cost": 322833.56,
                            "Total Cost": 322833.57,
                            "Plan Rows": 1,
                            "Plan Width": 8,
                            "Actual Startup Time": 209.155,
                            "Actual Total Time": 209.156,
                            "Actual Rows": 1,
                            "Actual Loops": 7,
                            "Output": [
                                "PARTIAL count(*)"
                            ],
                            "Workers": [
                                {
                                    "Worker Number": 0,
                                    "Actual Startup Time": 206.874,
                                    "Actual Total Time": 206.876,
                                    "Actual Rows": 1,
                                    "Actual Loops": 1
                                },
                                {
                                    "Worker Number": 1,
                                    "Actual Startup Time": 206.927,
                                    "Actual Total Time": 206.928,
                                    "Actual Rows": 1,
                                    "Actual Loops": 1
                                },
                                {
                                    "Worker Number": 2,
                                    "Actual Startup Time": 207.461,
                                    "Actual Total Time": 207.462,
                                    "Actual Rows": 1,
                                    "Actual Loops": 1
                                },
                                {
                                    "Worker Number": 3,
                                    "Actual Startup Time": 207.518,
                                    "Actual Total Time": 207.519,
                                    "Actual Rows": 1,
                                    "Actual Loops": 1
                                },
                                {
                                    "Worker Number": 4,
                                    "Actual Startup Time": 208.128,
                                    "Actual Total Time": 208.129,
                                    "Actual Rows": 1,
                                    "Actual Loops": 1
                                },
                                {
                                    "Worker Number": 5,
                                    "Actual Startup Time": 208.342,
                                    "Actual Total Time": 208.343,
                                    "Actual Rows": 1,
                                    "Actual Loops": 1
                                }
                            ],
                            "Plans": [
                                {
                                    "Node Type": "Bitmap Heap Scan",
                                    "Parent Relationship": "Outer",
                                    "Parallel Aware": true,
                                    "Relation Name": "cast_info",
                                    "Schema": "public",
                                    "Alias": "ci",
                                    "Startup Cost": 62608.41,
                                    "Total Cost": 322439.14,
                                    "Plan Rows": 157765,
                                    "Plan Width": 0,
                                    "Actual Startup Time": 179.73,
                                    "Actual Total Time": 205.611,
                                    "Actual Rows": 84807,
                                    "Actual Loops": 7,
                                    "Recheck Cond": "(ci.person_id < 282462)",
                                    "Rows Removed by Index Recheck": 0,
                                    "Filter": "(ci.role_id > 3)",
                                    "Rows Removed by Filter": 330484,
                                    "Exact Heap Blocks": 6973,
                                    "Lossy Heap Blocks": 0,
                                    "Workers": [
                                        {
                                            "Worker Number": 0,
                                            "Actual Startup Time": 177.462,
                                            "Actual Total Time": 203.377,
                                            "Actual Rows": 82103,
                                            "Actual Loops": 1
                                        },
                                        {
                                            "Worker Number": 1,
                                            "Actual Startup Time": 177.509,
                                            "Actual Total Time": 203.491,
                                            "Actual Rows": 80924,
                                            "Actual Loops": 1
                                        },
                                        {
                                            "Worker Number": 2,
                                            "Actual Startup Time": 178.019,
                                            "Actual Total Time": 204.017,
                                            "Actual Rows": 80999,
                                            "Actual Loops": 1
                                        },
                                        {
                                            "Worker Number": 3,
                                            "Actual Startup Time": 178.102,
                                            "Actual Total Time": 204.108,
                                            "Actual Rows": 79840,
                                            "Actual Loops": 1
                                        },
                                        {
                                            "Worker Number": 4,
                                            "Actual Startup Time": 178.712,
                                            "Actual Total Time": 204.694,
                                            "Actual Rows": 80872,
                                            "Actual Loops": 1
                                        },
                                        {
                                            "Worker Number": 5,
                                            "Actual Startup Time": 178.91,
                                            "Actual Total Time": 204.875,
                                            "Actual Rows": 81765,
                                            "Actual Loops": 1
                                        }
                                    ],
                                    "Plans": [
                                        {
                                            "Node Type": "Bitmap Index Scan",
                                            "Parent Relationship": "Outer",
                                            "Parallel Aware": false,
                                            "Index Name": "person_id_cast_info",
                                            "Startup Cost": 0.0,
                                            "Total Cost": 62371.76,
                                            "Plan Rows": 2857493,
                                            "Plan Width": 0,
                                            "Actual Startup Time": 112.138,
                                            "Actual Total Time": 112.138,
                                            "Actual Rows": 2907036,
                                            "Actual Loops": 1,
                                            "Index Cond": "(ci.person_id < 282462)"
                                        }
                                    ]
                                }
                            ]
                        }
                    ]
                }
            ]
        },
        "Planning Time": 205.938,
        "Triggers": [],
        "Execution Time": 226.085
    }
]