[
  {
    "Plan": {
      "Node Type": "Aggregate",
      "Strategy": "Plain",
      "Partial Mode": "Finalize",
      "Parallel Aware": false,
      "Startup Cost": 346071.22,
      "Total Cost": 346071.23,
      "Plan Rows": 1,
      "Plan Width": 8,
      "Actual Startup Time": 730.622,
      "Actual Total Time": 776.764,
      "Actual Rows": 1,
      "Actual Loops": 1,
      "Plans": [
        {
          "Node Type": "Gather",
          "Parent Relationship": "Outer",
          "Parallel Aware": false,
          "Startup Cost": 346070.6,
          "Total Cost": 346071.21,
          "Plan Rows": 6,
          "Plan Width": 8,
          "Actual Startup Time": 730.463,
          "Actual Total Time": 776.751,
          "Actual Rows": 7,
          "Actual Loops": 1,
          "Workers Planned": 6,
          "Workers Launched": 6,
          "Single Copy": false,
          "Plans": [
            {
              "Node Type": "Aggregate",
              "Strategy": "Plain",
              "Partial Mode": "Partial",
              "Parent Relationship": "Outer",
              "Parallel Aware": false,
              "Startup Cost": 345070.6,
              "Total Cost": 345070.61,
              "Plan Rows": 1,
              "Plan Width": 8,
              "Actual Startup Time": 723.52,
              "Actual Total Time": 723.522,
              "Actual Rows": 1,
              "Actual Loops": 7,
              "Plans": [
                {
                  "Node Type": "Seq Scan",
                  "Parent Relationship": "Outer",
                  "Parallel Aware": true,
                  "Relation Name": "cast_info",
                  "Alias": "ci",
                  "Startup Cost": 0.0,
                  "Total Cost": 343316.27,
                  "Plan Rows": 701730,
                  "Plan Width": 0,
                  "Actual Startup Time": 422.872,
                  "Actual Total Time": 673.416,
                  "Actual Rows": 914471,
                  "Actual Loops": 7,
                  "Filter": "((person_id > 3014201) AND (role_id > 1))",
                  "Rows Removed by Filter": 4263292
                }
              ]
            }
          ]
        }
      ]
    },
    "Planning Time": 0.114,
    "Triggers": [],
    "Execution Time": 776.802
  }
]