[
  {
    "Plan": {
      "Node Type": "Aggregate",
      "Strategy": "Plain",
      "Partial Mode": "Finalize",
      "Parallel Aware": false,
      "Startup Cost": 43186.26,
      "Total Cost": 43186.27,
      "Plan Rows": 1,
      "Plan Width": 8,
      "Actual Startup Time": 161.54,
      "Actual Total Time": 172.19,
      "Actual Rows": 1,
      "Actual Loops": 1,
      "Plans": [
        {
          "Node Type": "Gather",
          "Parent Relationship": "Outer",
          "Parallel Aware": false,
          "Startup Cost": 43185.94,
          "Total Cost": 43186.25,
          "Plan Rows": 3,
          "Plan Width": 8,
          "Actual Startup Time": 161.205,
          "Actual Total Time": 172.179,
          "Actual Rows": 4,
          "Actual Loops": 1,
          "Workers Planned": 3,
          "Workers Launched": 3,
          "Single Copy": false,
          "Plans": [
            {
              "Node Type": "Aggregate",
              "Strategy": "Plain",
              "Partial Mode": "Partial",
              "Parent Relationship": "Outer",
              "Parallel Aware": false,
              "Startup Cost": 42185.94,
              "Total Cost": 42185.95,
              "Plan Rows": 1,
              "Plan Width": 8,
              "Actual Startup Time": 156.82,
              "Actual Total Time": 156.822,
              "Actual Rows": 1,
              "Actual Loops": 4,
              "Plans": [
                {
                  "Node Type": "Bitmap Heap Scan",
                  "Parent Relationship": "Outer",
                  "Parallel Aware": true,
                  "Relation Name": "movie_keyword",
                  "Alias": "mk",
                  "Startup Cost": 14438.86,
                  "Total Cost": 41637.1,
                  "Plan Rows": 219539,
                  "Plan Width": 0,
                  "Actual Startup Time": 64.591,
                  "Actual Total Time": 147.073,
                  "Actual Rows": 169562,
                  "Actual Loops": 4,
                  "Recheck Cond": "(keyword_id > 27608)",
                  "Rows Removed by Index Recheck": 0,
                  "Exact Heap Blocks": 10920,
                  "Lossy Heap Blocks": 0,
                  "Plans": [
                    {
                      "Node Type": "Bitmap Index Scan",
                      "Parent Relationship": "Outer",
                      "Parallel Aware": false,
                      "Index Name": "keyword_id_movie_keyword",
                      "Startup Cost": 0.0,
                      "Total Cost": 14268.72,
                      "Plan Rows": 680571,
                      "Plan Width": 0,
                      "Actual Startup Time": 64.708,
                      "Actual Total Time": 64.709,
                      "Actual Rows": 678246,
                      "Actual Loops": 1,
                      "Index Cond": "(keyword_id > 27608)"
                    }
                  ]
                }
              ]
            }
          ]
        }
      ]
    },
    "Planning Time": 0.21,
    "Triggers": [],
    "Execution Time": 172.276
  }
]