[
  {
    "Plan": {
      "Node Type": "Aggregate",
      "Strategy": "Plain",
      "Partial Mode": "Finalize",
      "Parallel Aware": false,
      "Startup Cost": 117788.07,
      "Total Cost": 117788.08,
      "Plan Rows": 1,
      "Plan Width": 8,
      "Actual Startup Time": 198.886,
      "Actual Total Time": 220.069,
      "Actual Rows": 1,
      "Actual Loops": 1,
      "Plans": [
        {
          "Node Type": "Gather",
          "Parent Relationship": "Outer",
          "Parallel Aware": false,
          "Startup Cost": 117787.76,
          "Total Cost": 117788.07,
          "Plan Rows": 3,
          "Plan Width": 8,
          "Actual Startup Time": 198.619,
          "Actual Total Time": 220.06,
          "Actual Rows": 4,
          "Actual Loops": 1,
          "Workers Planned": 3,
          "Workers Launched": 3,
          "Single Copy": false,
          "Plans": [
            {
              "Node Type": "Aggregate",
              "Strategy": "Plain",
              "Partial Mode": "Partial",
              "Parent Relationship": "Outer",
              "Parallel Aware": false,
              "Startup Cost": 116787.76,
              "Total Cost": 116787.77,
              "Plan Rows": 1,
              "Plan Width": 8,
              "Actual Startup Time": 194.948,
              "Actual Total Time": 194.952,
              "Actual Rows": 1,
              "Actual Loops": 4,
              "Plans": [
                {
                  "Node Type": "Nested Loop",
                  "Parent Relationship": "Outer",
                  "Parallel Aware": false,
                  "Join Type": "Inner",
                  "Startup Cost": 45827.99,
                  "Total Cost": 116534.3,
                  "Plan Rows": 101381,
                  "Plan Width": 0,
                  "Actual Startup Time": 125.747,
                  "Actual Total Time": 194.562,
                  "Actual Rows": 4882,
                  "Actual Loops": 4,
                  "Inner Unique": false,
                  "Join Filter": "(t.id = ci.movie_id)",
                  "Rows Removed by Join Filter": 0,
                  "Plans": [
                    {
                      "Node Type": "Hash Join",
                      "Parent Relationship": "Outer",
                      "Parallel Aware": true,
                      "Join Type": "Inner",
                      "Startup Cost": 45827.42,
                      "Total Cost": 77891.27,
                      "Plan Rows": 10885,
                      "Plan Width": 8,
                      "Actual Startup Time": 125.585,
                      "Actual Total Time": 168.246,
                      "Actual Rows": 1132,
                      "Actual Loops": 4,
                      "Inner Unique": true,
                      "Hash Cond": "(mc.movie_id = t.id)",
                      "Plans": [
                        {
                          "Node Type": "Seq Scan",
                          "Parent Relationship": "Outer",
                          "Parallel Aware": true,
                          "Relation Name": "movie_companies",
                          "Alias": "mc",
                          "Startup Cost": 0.0,
                          "Total Cost": 31414.82,
                          "Plan Rows": 247250,
                          "Plan Width": 4,
                          "Actual Startup Time": 33.49,
                          "Actual Total Time": 65.908,
                          "Actual Rows": 120172,
                          "Actual Loops": 4,
                          "Filter": "((company_id < 14048) AND (company_type_id > 1))",
                          "Rows Removed by Filter": 532110
                        },
                        {
                          "Node Type": "Hash",
                          "Parent Relationship": "Inner",
                          "Parallel Aware": true,
                          "Startup Cost": 45479.59,
                          "Total Cost": 45479.59,
                          "Plan Rows": 27827,
                          "Plan Width": 4,
                          "Actual Startup Time": 89.244,
                          "Actual Total Time": 89.245,
                          "Actual Rows": 4479,
                          "Actual Loops": 4,
                          "Hash Buckets": 131072,
                          "Original Hash Buckets": 131072,
                          "Hash Batches": 1,
                          "Original Hash Batches": 1,
                          "Peak Memory Usage": 1792,
                          "Plans": [
                            {
                              "Node Type": "Seq Scan",
                              "Parent Relationship": "Outer",
                              "Parallel Aware": true,
                              "Relation Name": "title",
                              "Alias": "t",
                              "Startup Cost": 0.0,
                              "Total Cost": 45479.59,
                              "Plan Rows": 27827,
                              "Plan Width": 4,
                              "Actual Startup Time": 0.03,
                              "Actual Total Time": 86.94,
                              "Actual Rows": 4479,
                              "Actual Loops": 4,
                              "Filter": "((production_year < 1955) AND (kind_id = 7))",
                              "Rows Removed by Filter": 627599
                            }
                          ]
                        }
                      ]
                    },
                    {
                      "Node Type": "Index Scan",
                      "Parent Relationship": "Inner",
                      "Parallel Aware": false,
                      "Scan Direction": "Forward",
                      "Index Name": "movie_id_cast_info",
                      "Relation Name": "cast_info",
                      "Alias": "ci",
                      "Startup Cost": 0.56,
                      "Total Cost": 3.26,
                      "Plan Rows": 23,
                      "Plan Width": 4,
                      "Actual Startup Time": 0.015,
                      "Actual Total Time": 0.022,
                      "Actual Rows": 4,
                      "Actual Loops": 4529,
                      "Index Cond": "(movie_id = mc.movie_id)",
                      "Rows Removed by Index Recheck": 0,
                      "Filter": "(role_id > 1)",
                      "Rows Removed by Filter": 4
                    }
                  ]
                }
              ]
            }
          ]
        }
      ]
    },
    "Planning Time": 0.756,
    "Triggers": [],
    "Execution Time": 220.124
  }
]