{
    "Plan": {
        "Node Type": "Aggregate",
        "Strategy": "Plain",
        "Partial Mode": "Finalize",
        "Parallel Aware": false,
        "Startup Cost": 161398.86,
        "Total Cost": 161398.87,
        "Plan Rows": 1,
        "Plan Width": 8,
        "Actual Startup Time": 934.995,
        "Actual Total Time": 998.035,
        "Actual Rows": 1,
        "Actual Loops": 1,
        "Output": [
            "count(*)"
        ],
        "Plans": [
            {
                "Node Type": "Gather",
                "Parent Relationship": "Outer",
                "Parallel Aware": false,
                "Startup Cost": 161398.55,
                "Total Cost": 161398.86,
                "Plan Rows": 3,
                "Plan Width": 8,
                "Actual Startup Time": 934.928,
                "Actual Total Time": 998.028,
                "Actual Rows": 4,
                "Actual Loops": 1,
                "Output": [
                    "(PARTIAL count(*))"
                ],
                "Workers Planned": 3,
                "Workers Launched": 3,
                "Single Copy": false,
                "Plans": [
                    {
                        "Node Type": "Aggregate",
                        "Strategy": "Plain",
                        "Partial Mode": "Partial",
                        "Parent Relationship": "Outer",
                        "Parallel Aware": false,
                        "Startup Cost": 160398.55,
                        "Total Cost": 160398.56,
                        "Plan Rows": 1,
                        "Plan Width": 8,
                        "Actual Startup Time": 925.291,
                        "Actual Total Time": 925.294,
                        "Actual Rows": 1,
                        "Actual Loops": 4,
                        "Output": [
                            "PARTIAL count(*)"
                        ],
                        "Workers": [
                            {
                                "Worker Number": 0,
                                "Actual Startup Time": 922.422,
                                "Actual Total Time": 922.424,
                                "Actual Rows": 1,
                                "Actual Loops": 1
                            },
                            {
                                "Worker Number": 1,
                                "Actual Startup Time": 922.29,
                                "Actual Total Time": 922.293,
                                "Actual Rows": 1,
                                "Actual Loops": 1
                            },
                            {
                                "Worker Number": 2,
                                "Actual Startup Time": 922.264,
                                "Actual Total Time": 922.266,
                                "Actual Rows": 1,
                                "Actual Loops": 1
                            }
                        ],
                        "Plans": [
                            {
                                "Node Type": "Nested Loop",
                                "Parent Relationship": "Outer",
                                "Parallel Aware": false,
                                "Join Type": "Inner",
                                "Startup Cost": 44312.53,
                                "Total Cost": 159904.86,
                                "Plan Rows": 197475,
                                "Plan Width": 0,
                                "Actual Startup Time": 103.894,
                                "Actual Total Time": 896.559,
                                "Actual Rows": 671097,
                                "Actual Loops": 4,
                                "Inner Unique": false,
                                "Join Filter": "(t.id = ci.movie_id)",
                                "Rows Removed by Join Filter": 0,
                                "Workers": [
                                    {
                                        "Worker Number": 0,
                                        "Actual Startup Time": 101.139,
                                        "Actual Total Time": 896.037,
                                        "Actual Rows": 619121,
                                        "Actual Loops": 1
                                    },
                                    {
                                        "Worker Number": 1,
                                        "Actual Startup Time": 100.986,
                                        "Actual Total Time": 894.815,
                                        "Actual Rows": 642322,
                                        "Actual Loops": 1
                                    },
                                    {
                                        "Worker Number": 2,
                                        "Actual Startup Time": 101.107,
                                        "Actual Total Time": 894.78,
                                        "Actual Rows": 647162,
                                        "Actual Loops": 1
                                    }
                                ],
                                "Plans": [
                                    {
                                        "Node Type": "Hash Join",
                                        "Parent Relationship": "Outer",
                                        "Parallel Aware": true,
                                        "Join Type": "Inner",
                                        "Startup Cost": 44311.97,
                                        "Total Cost": 88485.27,
                                        "Plan Rows": 29422,
                                        "Plan Width": 8,
                                        "Actual Startup Time": 103.719,
                                        "Actual Total Time": 244.354,
                                        "Actual Rows": 21073,
                                        "Actual Loops": 4,
                                        "Output": [
                                            "t.id",
                                            "mk.movie_id"
                                        ],
                                        "Inner Unique": true,
                                        "Hash Cond": "(mk.movie_id = t.id)",
                                        "Workers": [
                                            {
                                                "Worker Number": 0,
                                                "Actual Startup Time": 100.91,
                                                "Actual Total Time": 236.03,
                                                "Actual Rows": 19738,
                                                "Actual Loops": 1
                                            },
                                            {
                                                "Worker Number": 1,
                                                "Actual Startup Time": 100.815,
                                                "Actual Total Time": 235.026,
                                                "Actual Rows": 19413,
                                                "Actual Loops": 1
                                            },
                                            {
                                                "Worker Number": 2,
                                                "Actual Startup Time": 100.837,
                                                "Actual Total Time": 234.076,
                                                "Actual Rows": 19744,
                                                "Actual Loops": 1
                                            }
                                        ],
                                        "Plans": [
                                            {
                                                "Node Type": "Seq Scan",
                                                "Parent Relationship": "Outer",
                                                "Parallel Aware": true,
                                                "Relation Name": "movie_keyword",
                                                "Schema": "public",
                                                "Alias": "mk",
                                                "Startup Cost": 0.0,
                                                "Total Cost": 42695.65,
                                                "Plan Rows": 562912,
                                                "Plan Width": 4,
                                                "Actual Startup Time": 0.385,
                                                "Actual Total Time": 96.997,
                                                "Actual Rows": 431202,
                                                "Actual Loops": 4,
                                                "Output": [
                                                    "mk.id",
                                                    "mk.movie_id",
                                                    "mk.keyword_id"
                                                ],
                                                "Filter": "(mk.keyword_id > 8219)",
                                                "Rows Removed by Filter": 699780,
                                                "Workers": [
                                                    {
                                                        "Worker Number": 0,
                                                        "Actual Startup Time": 0.377,
                                                        "Actual Total Time": 94.548,
                                                        "Actual Rows": 394905,
                                                        "Actual Loops": 1
                                                    },
                                                    {
                                                        "Worker Number": 1,
                                                        "Actual Startup Time": 0.366,
                                                        "Actual Total Time": 93.869,
                                                        "Actual Rows": 388951,
                                                        "Actual Loops": 1
                                                    },
                                                    {
                                                        "Worker Number": 2,
                                                        "Actual Startup Time": 0.378,
                                                        "Actual Total Time": 93.199,
                                                        "Actual Rows": 390011,
                                                        "Actual Loops": 1
                                                    }
                                                ]
                                            },
                                            {
                                                "Node Type": "Hash",
                                                "Parent Relationship": "Inner",
                                                "Parallel Aware": true,
                                                "Startup Cost": 43899.01,
                                                "Total Cost": 43899.01,
                                                "Plan Rows": 33037,
                                                "Plan Width": 4,
                                                "Actual Startup Time": 101.099,
                                                "Actual Total Time": 101.099,
                                                "Actual Rows": 32174,
                                                "Actual Loops": 4,
                                                "Output": [
                                                    "t.id"
                                                ],
                                                "Hash Buckets": 262144,
                                                "Original Hash Buckets": 262144,
                                                "Hash Batches": 1,
                                                "Original Hash Batches": 1,
                                                "Peak Memory Usage": 7168,
                                                "Workers": [
                                                    {
                                                        "Worker Number": 0,
                                                        "Actual Startup Time": 99.97,
                                                        "Actual Total Time": 99.97,
                                                        "Actual Rows": 27871,
                                                        "Actual Loops": 1
                                                    },
                                                    {
                                                        "Worker Number": 1,
                                                        "Actual Startup Time": 99.991,
                                                        "Actual Total Time": 99.992,
                                                        "Actual Rows": 28198,
                                                        "Actual Loops": 1
                                                    },
                                                    {
                                                        "Worker Number": 2,
                                                        "Actual Startup Time": 99.963,
                                                        "Actual Total Time": 99.964,
                                                        "Actual Rows": 27930,
                                                        "Actual Loops": 1
                                                    }
                                                ],
                                                "Plans": [
                                                    {
                                                        "Node Type": "Seq Scan",
                                                        "Parent Relationship": "Outer",
                                                        "Parallel Aware": true,
                                                        "Relation Name": "title",
                                                        "Schema": "public",
                                                        "Alias": "t",
                                                        "Startup Cost": 0.0,
                                                        "Total Cost": 43899.01,
                                                        "Plan Rows": 33037,
                                                        "Plan Width": 4,
                                                        "Actual Startup Time": 0.061,
                                                        "Actual Total Time": 89.824,
                                                        "Actual Rows": 32174,
                                                        "Actual Loops": 4,
                                                        "Output": [
                                                            "t.id"
                                                        ],
                                                        "Filter": "(t.production_year = 2009)",
                                                        "Rows Removed by Filter": 599904,
                                                        "Workers": [
                                                            {
                                                                "Worker Number": 0,
                                                                "Actual Startup Time": 0.071,
                                                                "Actual Total Time": 89.535,
                                                                "Actual Rows": 27871,
                                                                "Actual Loops": 1
                                                            },
                                                            {
                                                                "Worker Number": 1,
                                                                "Actual Startup Time": 0.071,
                                                                "Actual Total Time": 89.134,
                                                                "Actual Rows": 28198,
                                                                "Actual Loops": 1
                                                            },
                                                            {
                                                                "Worker Number": 2,
                                                                "Actual Startup Time": 0.079,
                                                                "Actual Total Time": 89.002,
                                                                "Actual Rows": 27930,
                                                                "Actual Loops": 1
                                                            }
                                                        ]
                                                    }
                                                ]
                                            }
                                        ]
                                    },
                                    {
                                        "Node Type": "Index Scan",
                                        "Parent Relationship": "Inner",
                                        "Parallel Aware": false,
                                        "Scan Direction": "Forward",
                                        "Index Name": "movie_id_cast_info",
                                        "Relation Name": "cast_info",
                                        "Schema": "public",
                                        "Alias": "ci",
                                        "Startup Cost": 0.56,
                                        "Total Cost": 2.2,
                                        "Plan Rows": 18,
                                        "Plan Width": 4,
                                        "Actual Startup Time": 0.011,
                                        "Actual Total Time": 0.028,
                                        "Actual Rows": 32,
                                        "Actual Loops": 84291,
                                        "Output": [
                                            "ci.id",
                                            "ci.person_id",
                                            "ci.movie_id",
                                            "ci.person_role_id",
                                            "ci.note",
                                            "ci.nr_order",
                                            "ci.role_id"
                                        ],
                                        "Index Cond": "(ci.movie_id = mk.movie_id)",
                                        "Rows Removed by Index Recheck": 0,
                                        "Filter": "(ci.person_id > 1919044)",
                                        "Rows Removed by Filter": 29,
                                        "Workers": [
                                            {
                                                "Worker Number": 0,
                                                "Actual Startup Time": 0.012,
                                                "Actual Total Time": 0.03,
                                                "Actual Rows": 31,
                                                "Actual Loops": 19738
                                            },
                                            {
                                                "Worker Number": 1,
                                                "Actual Startup Time": 0.012,
                                                "Actual Total Time": 0.031,
                                                "Actual Rows": 33,
                                                "Actual Loops": 19413
                                            },
                                            {
                                                "Worker Number": 2,
                                                "Actual Startup Time": 0.012,
                                                "Actual Total Time": 0.03,
                                                "Actual Rows": 33,
                                                "Actual Loops": 19744
                                            }
                                        ]
                                    }
                                ]
                            }
                        ]
                    }
                ]
            }
        ]
    },
    "Planning Time": 1.561,
    "Triggers": [],
    "Execution Time": 998.144
}