[
  {
    "Plan": {
      "Node Type": "Aggregate",
      "Strategy": "Plain",
      "Partial Mode": "Finalize",
      "Parallel Aware": false,
      "Startup Cost": 107818.25,
      "Total Cost": 107818.26,
      "Plan Rows": 1,
      "Plan Width": 8,
      "Actual Startup Time": 411.446,
      "Actual Total Time": 431.574,
      "Actual Rows": 1,
      "Actual Loops": 1,
      "Plans": [
        {
          "Node Type": "Gather",
          "Parent Relationship": "Outer",
          "Parallel Aware": false,
          "Startup Cost": 107817.93,
          "Total Cost": 107818.24,
          "Plan Rows": 3,
          "Plan Width": 8,
          "Actual Startup Time": 408.747,
          "Actual Total Time": 431.565,
          "Actual Rows": 4,
          "Actual Loops": 1,
          "Workers Planned": 3,
          "Workers Launched": 3,
          "Single Copy": false,
          "Plans": [
            {
              "Node Type": "Aggregate",
              "Strategy": "Plain",
              "Partial Mode": "Partial",
              "Parent Relationship": "Outer",
              "Parallel Aware": false,
              "Startup Cost": 106817.93,
              "Total Cost": 106817.94,
              "Plan Rows": 1,
              "Plan Width": 8,
              "Actual Startup Time": 399.598,
              "Actual Total Time": 399.726,
              "Actual Rows": 1,
              "Actual Loops": 4,
              "Plans": [
                {
                  "Node Type": "Hash Join",
                  "Parent Relationship": "Outer",
                  "Parallel Aware": true,
                  "Join Type": "Inner",
                  "Startup Cost": 61501.97,
                  "Total Cost": 106760.41,
                  "Plan Rows": 23008,
                  "Plan Width": 0,
                  "Actual Startup Time": 229.345,
                  "Actual Total Time": 394.207,
                  "Actual Rows": 119806,
                  "Actual Loops": 4,
                  "Inner Unique": false,
                  "Hash Cond": "(mk.movie_id = t.id)",
                  "Plans": [
                    {
                      "Node Type": "Seq Scan",
                      "Parent Relationship": "Outer",
                      "Parallel Aware": true,
                      "Relation Name": "movie_keyword",
                      "Alias": "mk",
                      "Startup Cost": 0.0,
                      "Total Cost": 42695.65,
                      "Plan Rows": 657845,
                      "Plan Width": 4,
                      "Actual Startup Time": 0.399,
                      "Actual Total Time": 110.707,
                      "Actual Rows": 509817,
                      "Actual Loops": 4,
                      "Filter": "(keyword_id > 6037)",
                      "Rows Removed by Filter": 621166
                    },
                    {
                      "Node Type": "Hash",
                      "Parent Relationship": "Inner",
                      "Parallel Aware": true,
                      "Startup Cost": 61041.4,
                      "Total Cost": 61041.4,
                      "Plan Rows": 36845,
                      "Plan Width": 8,
                      "Actual Startup Time": 226.829,
                      "Actual Total Time": 226.955,
                      "Actual Rows": 25602,
                      "Actual Loops": 4,
                      "Hash Buckets": 131072,
                      "Original Hash Buckets": 131072,
                      "Hash Batches": 1,
                      "Original Hash Batches": 1,
                      "Peak Memory Usage": 5120,
                      "Plans": [
                        {
                          "Node Type": "Hash Join",
                          "Parent Relationship": "Outer",
                          "Parallel Aware": true,
                          "Join Type": "Inner",
                          "Startup Cost": 45414.53,
                          "Total Cost": 61041.4,
                          "Plan Rows": 36845,
                          "Plan Width": 8,
                          "Actual Startup Time": 149.883,
                          "Actual Total Time": 218.598,
                          "Actual Rows": 25602,
                          "Actual Loops": 4,
                          "Inner Unique": true,
                          "Hash Cond": "(mi_idx.movie_id = t.id)",
                          "Plans": [
                            {
                              "Node Type": "Seq Scan",
                              "Parent Relationship": "Outer",
                              "Parallel Aware": true,
                              "Relation Name": "movie_info_idx",
                              "Alias": "mi_idx",
                              "Startup Cost": 0.0,
                              "Total Cost": 15122.68,
                              "Plan Rows": 192074,
                              "Plan Width": 4,
                              "Actual Startup Time": 0.036,
                              "Actual Total Time": 33.147,
                              "Actual Rows": 115046,
                              "Actual Loops": 4,
                              "Filter": "(info_type_id > 100)",
                              "Rows Removed by Filter": 229962
                            },
                            {
                              "Node Type": "Hash",
                              "Parent Relationship": "Inner",
                              "Parallel Aware": true,
                              "Startup Cost": 43898.92,
                              "Total Cost": 43898.92,
                              "Plan Rows": 121249,
                              "Plan Width": 4,
                              "Actual Startup Time": 147.382,
                              "Actual Total Time": 147.383,
                              "Actual Rows": 123507,
                              "Actual Loops": 4,
                              "Hash Buckets": 524288,
                              "Original Hash Buckets": 524288,
                              "Hash Batches": 1,
                              "Original Hash Batches": 1,
                              "Peak Memory Usage": 23488,
                              "Plans": [
                                {
                                  "Node Type": "Seq Scan",
                                  "Parent Relationship": "Outer",
                                  "Parallel Aware": true,
                                  "Relation Name": "title",
                                  "Alias": "t",
                                  "Startup Cost": 0.0,
                                  "Total Cost": 43898.92,
                                  "Plan Rows": 121249,
                                  "Plan Width": 4,
                                  "Actual Startup Time": 0.045,
                                  "Actual Total Time": 102.485,
                                  "Actual Rows": 123507,
                                  "Actual Loops": 4,
                                  "Filter": "(production_year < 1979)",
                                  "Rows Removed by Filter": 508571
                                }
                              ]
                            }
                          ]
                        }
                      ]
                    }
                  ]
                }
              ]
            }
          ]
        }
      ]
    },
    "Planning Time": 1.375,
    "Triggers": [],
    "Execution Time": 431.659
  }
]