{
  "Plan": {
    "Node Type": "Aggregate",
    "Strategy": "Plain",
    "Partial Mode": "Finalize",
    "Parallel Aware": false,
    "Startup Cost": 331185.49,
    "Total Cost": 331185.5,
    "Plan Rows": 1,
    "Plan Width": 8,
    "Actual Startup Time": 1290.911,
    "Actual Total Time": 1340.809,
    "Actual Rows": 1,
    "Actual Loops": 1,
    "Plans": [
      {
        "Node Type": "Gather",
        "Parent Relationship": "Outer",
        "Parallel Aware": false,
        "Startup Cost": 331185.38,
        "Total Cost": 331185.49,
        "Plan Rows": 1,
        "Plan Width": 8,
        "Actual Startup Time": 1290.79,
        "Actual Total Time": 1340.8,
        "Actual Rows": 2,
        "Actual Loops": 1,
        "Workers Planned": 1,
        "Workers Launched": 1,
        "Single Copy": false,
        "Plans": [
          {
            "Node Type": "Aggregate",
            "Strategy": "Plain",
            "Partial Mode": "Partial",
            "Parent Relationship": "Outer",
            "Parallel Aware": false,
            "Startup Cost": 330185.38,
            "Total Cost": 330185.39,
            "Plan Rows": 1,
            "Plan Width": 8,
            "Actual Startup Time": 1285.043,
            "Actual Total Time": 1285.046,
            "Actual Rows": 1,
            "Actual Loops": 2,
            "Plans": [
              {
                "Node Type": "Hash Join",
                "Parent Relationship": "Outer",
                "Parallel Aware": true,
                "Join Type": "Inner",
                "Startup Cost": 58350.46,
                "Total Cost": 330133.94,
                "Plan Rows": 20575,
                "Plan Width": 0,
                "Actual Startup Time": 135.409,
                "Actual Total Time": 1283.223,
                "Actual Rows": 32276,
                "Actual Loops": 2,
                "Inner Unique": true,
                "Hash Cond": "(mi.movie_id = t.id)",
                "Plans": [
                  {
                    "Node Type": "Seq Scan",
                    "Parent Relationship": "Outer",
                    "Parallel Aware": true,
                    "Relation Name": "movie_info",
                    "Alias": "mi",
                    "Startup Cost": 0.0,
                    "Total Cost": 248955.74,
                    "Plan Rows": 8696274,
                    "Plan Width": 4,
                    "Actual Startup Time": 0.009,
                    "Actual Total Time": 592.089,
                    "Actual Rows": 7417860,
                    "Actual Loops": 2
                  },
                  {
                    "Node Type": "Hash",
                    "Parent Relationship": "Inner",
                    "Parallel Aware": true,
                    "Startup Cost": 58306.47,
                    "Total Cost": 58306.47,
                    "Plan Rows": 3519,
                    "Plan Width": 4,
                    "Actual Startup Time": 133.458,
                    "Actual Total Time": 133.459,
                    "Actual Rows": 3099,
                    "Actual Loops": 2,
                    "Hash Buckets": 8192,
                    "Original Hash Buckets": 8192,
                    "Hash Batches": 1,
                    "Original Hash Batches": 1,
                    "Peak Memory Usage": 352,
                    "Plans": [
                      {
                        "Node Type": "Seq Scan",
                        "Parent Relationship": "Outer",
                        "Parallel Aware": true,
                        "Relation Name": "title",
                        "Alias": "t",
                        "Startup Cost": 0.0,
                        "Total Cost": 58306.47,
                        "Plan Rows": 3519,
                        "Plan Width": 4,
                        "Actual Startup Time": 1.055,
                        "Actual Total Time": 132.373,
                        "Actual Rows": 3099,
                        "Actual Loops": 2,
                        "Filter": "((kind_id < 7) AND (production_year = 1976))",
                        "Rows Removed by Filter": 1261057
                      }
                    ]
                  }
                ]
              }
            ]
          }
        ]
      }
    ]
  },
  "Planning Time": 0.439,
  "Triggers": [],
  "Execution Time": 1340.895
}