[
  {
    "Plan": {
      "Node Type": "Aggregate",
      "Strategy": "Plain",
      "Partial Mode": "Finalize",
      "Parallel Aware": false,
      "Startup Cost": 69626.22,
      "Total Cost": 69626.23,
      "Plan Rows": 1,
      "Plan Width": 8,
      "Actual Startup Time": 233.602,
      "Actual Total Time": 247.794,
      "Actual Rows": 1,
      "Actual Loops": 1,
      "Plans": [
        {
          "Node Type": "Gather",
          "Parent Relationship": "Outer",
          "Parallel Aware": false,
          "Startup Cost": 69625.91,
          "Total Cost": 69626.22,
          "Plan Rows": 3,
          "Plan Width": 8,
          "Actual Startup Time": 230.195,
          "Actual Total Time": 247.785,
          "Actual Rows": 4,
          "Actual Loops": 1,
          "Workers Planned": 3,
          "Workers Launched": 3,
          "Single Copy": false,
          "Plans": [
            {
              "Node Type": "Aggregate",
              "Strategy": "Plain",
              "Partial Mode": "Partial",
              "Parent Relationship": "Outer",
              "Parallel Aware": false,
              "Startup Cost": 68625.91,
              "Total Cost": 68625.92,
              "Plan Rows": 1,
              "Plan Width": 8,
              "Actual Startup Time": 221.359,
              "Actual Total Time": 221.363,
              "Actual Rows": 1,
              "Actual Loops": 4,
              "Plans": [
                {
                  "Node Type": "Hash Join",
                  "Parent Relationship": "Outer",
                  "Parallel Aware": true,
                  "Join Type": "Inner",
                  "Startup Cost": 49374.79,
                  "Total Cost": 68608.08,
                  "Plan Rows": 7132,
                  "Plan Width": 0,
                  "Actual Startup Time": 199.328,
                  "Actual Total Time": 220.345,
                  "Actual Rows": 15204,
                  "Actual Loops": 4,
                  "Inner Unique": true,
                  "Hash Cond": "(mc.movie_id = t.id)",
                  "Plans": [
                    {
                      "Node Type": "Bitmap Heap Scan",
                      "Parent Relationship": "Outer",
                      "Parallel Aware": true,
                      "Relation Name": "movie_companies",
                      "Alias": "mc",
                      "Startup Cost": 1972.56,
                      "Total Cost": 21128.91,
                      "Plan Rows": 29308,
                      "Plan Width": 4,
                      "Actual Startup Time": 6.454,
                      "Actual Total Time": 16.038,
                      "Actual Rows": 22625,
                      "Actual Loops": 4,
                      "Recheck Cond": "(company_id > 163393)",
                      "Rows Removed by Index Recheck": 0,
                      "Exact Heap Blocks": 922,
                      "Lossy Heap Blocks": 0,
                      "Plans": [
                        {
                          "Node Type": "Bitmap Index Scan",
                          "Parent Relationship": "Outer",
                          "Parallel Aware": false,
                          "Index Name": "company_id_movie_companies",
                          "Startup Cost": 0.0,
                          "Total Cost": 1949.84,
                          "Plan Rows": 90855,
                          "Plan Width": 0,
                          "Actual Startup Time": 5.797,
                          "Actual Total Time": 5.798,
                          "Actual Rows": 90499,
                          "Actual Loops": 1,
                          "Index Cond": "(company_id > 163393)"
                        }
                      ]
                    },
                    {
                      "Node Type": "Hash",
                      "Parent Relationship": "Inner",
                      "Parallel Aware": true,
                      "Startup Cost": 45479.59,
                      "Total Cost": 45479.59,
                      "Plan Rows": 153812,
                      "Plan Width": 4,
                      "Actual Startup Time": 188.03,
                      "Actual Total Time": 188.031,
                      "Actual Rows": 121975,
                      "Actual Loops": 4,
                      "Hash Buckets": 1048576,
                      "Original Hash Buckets": 1048576,
                      "Hash Batches": 1,
                      "Original Hash Batches": 1,
                      "Peak Memory Usage": 27328,
                      "Plans": [
                        {
                          "Node Type": "Seq Scan",
                          "Parent Relationship": "Outer",
                          "Parallel Aware": true,
                          "Relation Name": "title",
                          "Alias": "t",
                          "Startup Cost": 0.0,
                          "Total Cost": 45479.59,
                          "Plan Rows": 153812,
                          "Plan Width": 4,
                          "Actual Startup Time": 0.052,
                          "Actual Total Time": 127.49,
                          "Actual Rows": 121975,
                          "Actual Loops": 4,
                          "Filter": "((kind_id < 4) AND (production_year > 1987))",
                          "Rows Removed by Filter": 510103
                        }
                      ]
                    }
                  ]
                }
              ]
            }
          ]
        }
      ]
    },
    "Planning Time": 0.621,
    "Triggers": [],
    "Execution Time": 247.879
  }
]