[
  {
    "Plan": {
      "Node Type": "Aggregate",
      "Strategy": "Plain",
      "Partial Mode": "Finalize",
      "Parallel Aware": false,
      "Startup Cost": 118325.82,
      "Total Cost": 118325.83,
      "Plan Rows": 1,
      "Plan Width": 8,
      "Actual Startup Time": 237.846,
      "Actual Total Time": 258.147,
      "Actual Rows": 1,
      "Actual Loops": 1,
      "Plans": [
        {
          "Node Type": "Gather",
          "Parent Relationship": "Outer",
          "Parallel Aware": false,
          "Startup Cost": 118325.4,
          "Total Cost": 118325.81,
          "Plan Rows": 4,
          "Plan Width": 8,
          "Actual Startup Time": 235.973,
          "Actual Total Time": 258.136,
          "Actual Rows": 5,
          "Actual Loops": 1,
          "Workers Planned": 4,
          "Workers Launched": 4,
          "Single Copy": false,
          "Plans": [
            {
              "Node Type": "Aggregate",
              "Strategy": "Plain",
              "Partial Mode": "Partial",
              "Parent Relationship": "Outer",
              "Parallel Aware": false,
              "Startup Cost": 117325.4,
              "Total Cost": 117325.41,
              "Plan Rows": 1,
              "Plan Width": 8,
              "Actual Startup Time": 225.493,
              "Actual Total Time": 225.544,
              "Actual Rows": 1,
              "Actual Loops": 5,
              "Plans": [
                {
                  "Node Type": "Nested Loop",
                  "Parent Relationship": "Outer",
                  "Parallel Aware": false,
                  "Join Type": "Inner",
                  "Startup Cost": 28276.96,
                  "Total Cost": 117236.01,
                  "Plan Rows": 35757,
                  "Plan Width": 0,
                  "Actual Startup Time": 120.917,
                  "Actual Total Time": 225.435,
                  "Actual Rows": 1047,
                  "Actual Loops": 5,
                  "Inner Unique": false,
                  "Plans": [
                    {
                      "Node Type": "Hash Join",
                      "Parent Relationship": "Outer",
                      "Parallel Aware": true,
                      "Join Type": "Inner",
                      "Startup Cost": 28276.39,
                      "Total Cost": 74711.25,
                      "Plan Rows": 12276,
                      "Plan Width": 8,
                      "Actual Startup Time": 120.61,
                      "Actual Total Time": 200.19,
                      "Actual Rows": 306,
                      "Actual Loops": 5,
                      "Inner Unique": false,
                      "Hash Cond": "(t.id = mc.movie_id)",
                      "Plans": [
                        {
                          "Node Type": "Seq Scan",
                          "Parent Relationship": "Outer",
                          "Parallel Aware": true,
                          "Relation Name": "title",
                          "Alias": "t",
                          "Startup Cost": 0.0,
                          "Total Cost": 45479.1,
                          "Plan Rows": 183232,
                          "Plan Width": 4,
                          "Actual Startup Time": 0.015,
                          "Actual Total Time": 73.538,
                          "Actual Rows": 159232,
                          "Actual Loops": 5,
                          "Filter": "((production_year > 2003) AND (kind_id = 7))",
                          "Rows Removed by Filter": 346431
                        },
                        {
                          "Node Type": "Hash",
                          "Parent Relationship": "Inner",
                          "Parallel Aware": true,
                          "Startup Cost": 27593.34,
                          "Total Cost": 27593.34,
                          "Plan Rows": 54644,
                          "Plan Width": 4,
                          "Actual Startup Time": 87.798,
                          "Actual Total Time": 87.799,
                          "Actual Rows": 66947,
                          "Actual Loops": 5,
                          "Hash Buckets": 524288,
                          "Original Hash Buckets": 262144,
                          "Hash Batches": 1,
                          "Original Hash Batches": 1,
                          "Peak Memory Usage": 19328,
                          "Plans": [
                            {
                              "Node Type": "Bitmap Heap Scan",
                              "Parent Relationship": "Outer",
                              "Parallel Aware": true,
                              "Relation Name": "movie_companies",
                              "Alias": "mc",
                              "Startup Cost": 7189.0,
                              "Total Cost": 27593.34,
                              "Plan Rows": 54644,
                              "Plan Width": 4,
                              "Actual Startup Time": 25.42,
                              "Actual Total Time": 55.356,
                              "Actual Rows": 66947,
                              "Actual Loops": 5,
                              "Recheck Cond": "(company_id > 89930)",
                              "Rows Removed by Index Recheck": 0,
                              "Filter": "(company_type_id > 1)",
                              "Rows Removed by Filter": 0,
                              "Exact Heap Blocks": 1924,
                              "Lossy Heap Blocks": 0,
                              "Plans": [
                                {
                                  "Node Type": "Bitmap Index Scan",
                                  "Parent Relationship": "Outer",
                                  "Parallel Aware": false,
                                  "Index Name": "company_id_movie_companies",
                                  "Startup Cost": 0.0,
                                  "Total Cost": 7146.66,
                                  "Plan Rows": 333630,
                                  "Plan Width": 0,
                                  "Actual Startup Time": 27.546,
                                  "Actual Total Time": 27.546,
                                  "Actual Rows": 334734,
                                  "Actual Loops": 1,
                                  "Index Cond": "(company_id > 89930)"
                                }
                              ]
                            }
                          ]
                        }
                      ]
                    },
                    {
                      "Node Type": "Index Scan",
                      "Parent Relationship": "Inner",
                      "Parallel Aware": false,
                      "Scan Direction": "Forward",
                      "Index Name": "movie_id_cast_info",
                      "Relation Name": "cast_info",
                      "Alias": "ci",
                      "Startup Cost": 0.56,
                      "Total Cost": 3.39,
                      "Plan Rows": 7,
                      "Plan Width": 4,
                      "Actual Startup Time": 0.035,
                      "Actual Total Time": 0.082,
                      "Actual Rows": 3,
                      "Actual Loops": 1532,
                      "Index Cond": "(movie_id = t.id)",
                      "Rows Removed by Index Recheck": 0,
                      "Filter": "(role_id = 2)",
                      "Rows Removed by Filter": 24
                    }
                  ]
                }
              ]
            }
          ]
        }
      ]
    },
    "Planning Time": 1.481,
    "Triggers": [],
    "Execution Time": 258.276
  }
]