[
  {
    "Plan": {
      "Node Type": "Aggregate",
      "Strategy": "Plain",
      "Partial Mode": "Finalize",
      "Parallel Aware": false,
      "Startup Cost": 330219.42,
      "Total Cost": 330219.43,
      "Plan Rows": 1,
      "Plan Width": 8,
      "Actual Startup Time": 446.401,
      "Actual Total Time": 491.605,
      "Actual Rows": 1,
      "Actual Loops": 1,
      "Plans": [
        {
          "Node Type": "Gather",
          "Parent Relationship": "Outer",
          "Parallel Aware": false,
          "Startup Cost": 330218.8,
          "Total Cost": 330219.41,
          "Plan Rows": 6,
          "Plan Width": 8,
          "Actual Startup Time": 446.214,
          "Actual Total Time": 491.587,
          "Actual Rows": 7,
          "Actual Loops": 1,
          "Workers Planned": 6,
          "Workers Launched": 6,
          "Single Copy": false,
          "Plans": [
            {
              "Node Type": "Aggregate",
              "Strategy": "Plain",
              "Partial Mode": "Partial",
              "Parent Relationship": "Outer",
              "Parallel Aware": false,
              "Startup Cost": 329218.8,
              "Total Cost": 329218.81,
              "Plan Rows": 1,
              "Plan Width": 8,
              "Actual Startup Time": 440.143,
              "Actual Total Time": 440.145,
              "Actual Rows": 1,
              "Actual Loops": 7,
              "Plans": [
                {
                  "Node Type": "Index Scan",
                  "Parent Relationship": "Outer",
                  "Parallel Aware": true,
                  "Scan Direction": "Forward",
                  "Index Name": "role_id_cast_info",
                  "Relation Name": "cast_info",
                  "Alias": "ci",
                  "Startup Cost": 0.56,
                  "Total Cost": 325153.08,
                  "Plan Rows": 1626286,
                  "Plan Width": 0,
                  "Actual Startup Time": 0.096,
                  "Actual Total Time": 398.426,
                  "Actual Rows": 826192,
                  "Actual Loops": 7,
                  "Index Cond": "(role_id > 3)",
                  "Rows Removed by Index Recheck": 0,
                  "Filter": "(person_id < 2969927)",
                  "Rows Removed by Filter": 904329
                }
              ]
            }
          ]
        }
      ]
    },
    "Planning Time": 0.228,
    "Triggers": [],
    "Execution Time": 491.682
  }
]