[
  {
    "Plan": {
      "Node Type": "Aggregate",
      "Strategy": "Plain",
      "Partial Mode": "Finalize",
      "Parallel Aware": false,
      "Startup Cost": 347020.3,
      "Total Cost": 347020.31,
      "Plan Rows": 1,
      "Plan Width": 8,
      "Actual Startup Time": 533.64,
      "Actual Total Time": 560.655,
      "Actual Rows": 1,
      "Actual Loops": 1,
      "Plans": [
        {
          "Node Type": "Gather",
          "Parent Relationship": "Outer",
          "Parallel Aware": false,
          "Startup Cost": 347019.67,
          "Total Cost": 347020.28,
          "Plan Rows": 6,
          "Plan Width": 8,
          "Actual Startup Time": 533.536,
          "Actual Total Time": 560.642,
          "Actual Rows": 7,
          "Actual Loops": 1,
          "Workers Planned": 6,
          "Workers Launched": 6,
          "Single Copy": false,
          "Plans": [
            {
              "Node Type": "Aggregate",
              "Strategy": "Plain",
              "Partial Mode": "Partial",
              "Parent Relationship": "Outer",
              "Parallel Aware": false,
              "Startup Cost": 346019.67,
              "Total Cost": 346019.68,
              "Plan Rows": 1,
              "Plan Width": 8,
              "Actual Startup Time": 525.025,
              "Actual Total Time": 525.026,
              "Actual Rows": 1,
              "Actual Loops": 7,
              "Plans": [
                {
                  "Node Type": "Index Scan",
                  "Parent Relationship": "Outer",
                  "Parallel Aware": true,
                  "Scan Direction": "Forward",
                  "Index Name": "role_id_cast_info",
                  "Relation Name": "cast_info",
                  "Alias": "ci",
                  "Startup Cost": 0.56,
                  "Total Cost": 341155.22,
                  "Plan Rows": 1945781,
                  "Plan Width": 0,
                  "Actual Startup Time": 80.747,
                  "Actual Total Time": 438.824,
                  "Actual Rows": 1498640,
                  "Actual Loops": 7,
                  "Index Cond": "(role_id = 1)",
                  "Rows Removed by Index Recheck": 0,
                  "Filter": "(person_id > 293950)",
                  "Rows Removed by Filter": 311458
                }
              ]
            }
          ]
        }
      ]
    },
    "Planning Time": 0.247,
    "Triggers": [],
    "Execution Time": 560.734
  }
]