[
  {
    "Plan": {
      "Node Type": "Aggregate",
      "Strategy": "Plain",
      "Partial Mode": "Finalize",
      "Parallel Aware": false,
      "Startup Cost": 93654.22,
      "Total Cost": 93654.23,
      "Plan Rows": 1,
      "Plan Width": 8,
      "Actual Startup Time": 347.62,
      "Actual Total Time": 365.119,
      "Actual Rows": 1,
      "Actual Loops": 1,
      "Plans": [
        {
          "Node Type": "Gather",
          "Parent Relationship": "Outer",
          "Parallel Aware": false,
          "Startup Cost": 93653.9,
          "Total Cost": 93654.21,
          "Plan Rows": 3,
          "Plan Width": 8,
          "Actual Startup Time": 345.251,
          "Actual Total Time": 365.11,
          "Actual Rows": 4,
          "Actual Loops": 1,
          "Workers Planned": 3,
          "Workers Launched": 3,
          "Single Copy": false,
          "Plans": [
            {
              "Node Type": "Aggregate",
              "Strategy": "Plain",
              "Partial Mode": "Partial",
              "Parent Relationship": "Outer",
              "Parallel Aware": false,
              "Startup Cost": 92653.9,
              "Total Cost": 92653.91,
              "Plan Rows": 1,
              "Plan Width": 8,
              "Actual Startup Time": 337.698,
              "Actual Total Time": 337.704,
              "Actual Rows": 1,
              "Actual Loops": 4,
              "Plans": [
                {
                  "Node Type": "Hash Join",
                  "Parent Relationship": "Outer",
                  "Parallel Aware": true,
                  "Join Type": "Inner",
                  "Startup Cost": 47345.82,
                  "Total Cost": 92174.17,
                  "Plan Rows": 191895,
                  "Plan Width": 0,
                  "Actual Startup Time": 176.65,
                  "Actual Total Time": 324.978,
                  "Actual Rows": 325141,
                  "Actual Loops": 4,
                  "Inner Unique": true,
                  "Hash Cond": "(mk.movie_id = t.id)",
                  "Plans": [
                    {
                      "Node Type": "Seq Scan",
                      "Parent Relationship": "Outer",
                      "Parallel Aware": true,
                      "Relation Name": "movie_keyword",
                      "Alias": "mk",
                      "Startup Cost": 0.0,
                      "Total Cost": 42695.65,
                      "Plan Rows": 812453,
                      "Plan Width": 4,
                      "Actual Startup Time": 0.027,
                      "Actual Total Time": 99.333,
                      "Actual Rows": 633142,
                      "Actual Loops": 4,
                      "Filter": "(keyword_id < 6302)",
                      "Rows Removed by Filter": 497840
                    },
                    {
                      "Node Type": "Hash",
                      "Parent Relationship": "Inner",
                      "Parallel Aware": true,
                      "Startup Cost": 45479.59,
                      "Total Cost": 45479.59,
                      "Plan Rows": 149299,
                      "Plan Width": 4,
                      "Actual Startup Time": 141.798,
                      "Actual Total Time": 141.799,
                      "Actual Rows": 121840,
                      "Actual Loops": 4,
                      "Hash Buckets": 1048576,
                      "Original Hash Buckets": 1048576,
                      "Hash Batches": 1,
                      "Original Hash Batches": 1,
                      "Peak Memory Usage": 27328,
                      "Plans": [
                        {
                          "Node Type": "Seq Scan",
                          "Parent Relationship": "Outer",
                          "Parallel Aware": true,
                          "Relation Name": "title",
                          "Alias": "t",
                          "Startup Cost": 0.0,
                          "Total Cost": 45479.59,
                          "Plan Rows": 149299,
                          "Plan Width": 4,
                          "Actual Startup Time": 45.624,
                          "Actual Total Time": 100.616,
                          "Actual Rows": 121840,
                          "Actual Loops": 4,
                          "Filter": "((production_year > 1952) AND (kind_id = 1))",
                          "Rows Removed by Filter": 510238
                        }
                      ]
                    }
                  ]
                }
              ]
            }
          ]
        }
      ]
    },
    "Planning Time": 0.364,
    "Triggers": [],
    "Execution Time": 365.165
  }
]