[
  {
    "Plan": {
      "Node Type": "Aggregate",
      "Strategy": "Plain",
      "Partial Mode": "Finalize",
      "Parallel Aware": false,
      "Startup Cost": 290917.53,
      "Total Cost": 290917.54,
      "Plan Rows": 1,
      "Plan Width": 8,
      "Actual Startup Time": 487.351,
      "Actual Total Time": 526.69,
      "Actual Rows": 1,
      "Actual Loops": 1,
      "Plans": [
        {
          "Node Type": "Gather",
          "Parent Relationship": "Outer",
          "Parallel Aware": false,
          "Startup Cost": 290917.21,
          "Total Cost": 290917.52,
          "Plan Rows": 3,
          "Plan Width": 8,
          "Actual Startup Time": 486.426,
          "Actual Total Time": 526.681,
          "Actual Rows": 4,
          "Actual Loops": 1,
          "Workers Planned": 3,
          "Workers Launched": 3,
          "Single Copy": false,
          "Plans": [
            {
              "Node Type": "Aggregate",
              "Strategy": "Plain",
              "Partial Mode": "Partial",
              "Parent Relationship": "Outer",
              "Parallel Aware": false,
              "Startup Cost": 289917.21,
              "Total Cost": 289917.22,
              "Plan Rows": 1,
              "Plan Width": 8,
              "Actual Startup Time": 480.4,
              "Actual Total Time": 480.404,
              "Actual Rows": 1,
              "Actual Loops": 4,
              "Plans": [
                {
                  "Node Type": "Nested Loop",
                  "Parent Relationship": "Outer",
                  "Parallel Aware": false,
                  "Join Type": "Inner",
                  "Startup Cost": 46334.73,
                  "Total Cost": 287771.12,
                  "Plan Rows": 858436,
                  "Plan Width": 0,
                  "Actual Startup Time": 104.456,
                  "Actual Total Time": 472.514,
                  "Actual Rows": 164958,
                  "Actual Loops": 4,
                  "Inner Unique": false,
                  "Join Filter": "(t.id = ci.movie_id)",
                  "Rows Removed by Join Filter": 0,
                  "Plans": [
                    {
                      "Node Type": "Hash Join",
                      "Parent Relationship": "Outer",
                      "Parallel Aware": true,
                      "Join Type": "Inner",
                      "Startup Cost": 46334.16,
                      "Total Cost": 91266.66,
                      "Plan Rows": 92164,
                      "Plan Width": 8,
                      "Actual Startup Time": 104.247,
                      "Actual Total Time": 255.462,
                      "Actual Rows": 15460,
                      "Actual Loops": 4,
                      "Inner Unique": true,
                      "Hash Cond": "(mk.movie_id = t.id)",
                      "Plans": [
                        {
                          "Node Type": "Seq Scan",
                          "Parent Relationship": "Outer",
                          "Parallel Aware": true,
                          "Relation Name": "movie_keyword",
                          "Alias": "mk",
                          "Startup Cost": 0.0,
                          "Total Cost": 42695.65,
                          "Plan Rows": 852133,
                          "Plan Width": 4,
                          "Actual Startup Time": 0.195,
                          "Actual Total Time": 98.886,
                          "Actual Rows": 660709,
                          "Actual Loops": 4,
                          "Filter": "(keyword_id > 3218)",
                          "Rows Removed by Filter": 470273
                        },
                        {
                          "Node Type": "Hash",
                          "Parent Relationship": "Inner",
                          "Parallel Aware": true,
                          "Startup Cost": 45479.59,
                          "Total Cost": 45479.59,
                          "Plan Rows": 68366,
                          "Plan Width": 4,
                          "Actual Startup Time": 102.054,
                          "Actual Total Time": 102.055,
                          "Actual Rows": 44335,
                          "Actual Loops": 4,
                          "Hash Buckets": 524288,
                          "Original Hash Buckets": 524288,
                          "Hash Batches": 1,
                          "Original Hash Batches": 1,
                          "Peak Memory Usage": 11072,
                          "Plans": [
                            {
                              "Node Type": "Seq Scan",
                              "Parent Relationship": "Outer",
                              "Parallel Aware": true,
                              "Relation Name": "title",
                              "Alias": "t",
                              "Startup Cost": 0.0,
                              "Total Cost": 45479.59,
                              "Plan Rows": 68366,
                              "Plan Width": 4,
                              "Actual Startup Time": 0.035,
                              "Actual Total Time": 86.741,
                              "Actual Rows": 44335,
                              "Actual Loops": 4,
                              "Filter": "((production_year < 1977) AND (kind_id = 7))",
                              "Rows Removed by Filter": 587743
                            }
                          ]
                        }
                      ]
                    },
                    {
                      "Node Type": "Index Scan",
                      "Parent Relationship": "Inner",
                      "Parallel Aware": false,
                      "Scan Direction": "Forward",
                      "Index Name": "movie_id_cast_info",
                      "Relation Name": "cast_info",
                      "Alias": "ci",
                      "Startup Cost": 0.56,
                      "Total Cost": 1.84,
                      "Plan Rows": 23,
                      "Plan Width": 4,
                      "Actual Startup Time": 0.008,
                      "Actual Total Time": 0.013,
                      "Actual Rows": 11,
                      "Actual Loops": 61840,
                      "Index Cond": "(movie_id = mk.movie_id)",
                      "Rows Removed by Index Recheck": 0,
                      "Filter": "(role_id > 1)",
                      "Rows Removed by Filter": 9
                    }
                  ]
                }
              ]
            }
          ]
        }
      ]
    },
    "Planning Time": 0.576,
    "Triggers": [],
    "Execution Time": 526.741
  }
]