[
  {
    "Plan": {
      "Node Type": "Aggregate",
      "Strategy": "Plain",
      "Partial Mode": "Finalize",
      "Parallel Aware": false,
      "Startup Cost": 428722.69,
      "Total Cost": 428722.7,
      "Plan Rows": 1,
      "Plan Width": 8,
      "Actual Startup Time": 2259.768,
      "Actual Total Time": 2322.552,
      "Actual Rows": 1,
      "Actual Loops": 1,
      "Plans": [
        {
          "Node Type": "Gather",
          "Parent Relationship": "Outer",
          "Parallel Aware": false,
          "Startup Cost": 428722.38,
          "Total Cost": 428722.69,
          "Plan Rows": 3,
          "Plan Width": 8,
          "Actual Startup Time": 2247.453,
          "Actual Total Time": 2322.538,
          "Actual Rows": 4,
          "Actual Loops": 1,
          "Workers Planned": 3,
          "Workers Launched": 3,
          "Single Copy": false,
          "Plans": [
            {
              "Node Type": "Aggregate",
              "Strategy": "Plain",
              "Partial Mode": "Partial",
              "Parent Relationship": "Outer",
              "Parallel Aware": false,
              "Startup Cost": 427722.38,
              "Total Cost": 427722.39,
              "Plan Rows": 1,
              "Plan Width": 8,
              "Actual Startup Time": 2235.374,
              "Actual Total Time": 2235.816,
              "Actual Rows": 1,
              "Actual Loops": 4,
              "Plans": [
                {
                  "Node Type": "Hash Join",
                  "Parent Relationship": "Outer",
                  "Parallel Aware": true,
                  "Join Type": "Inner",
                  "Startup Cost": 395611.55,
                  "Total Cost": 426673.53,
                  "Plan Rows": 419539,
                  "Plan Width": 0,
                  "Actual Startup Time": 1628.836,
                  "Actual Total Time": 2134.081,
                  "Actual Rows": 2639504,
                  "Actual Loops": 4,
                  "Inner Unique": false,
                  "Hash Cond": "(mc.movie_id = t.id)",
                  "Plans": [
                    {
                      "Node Type": "Seq Scan",
                      "Parent Relationship": "Outer",
                      "Parallel Aware": true,
                      "Relation Name": "movie_companies",
                      "Alias": "mc",
                      "Startup Cost": 0.0,
                      "Total Cost": 27206.55,
                      "Plan Rows": 841655,
                      "Plan Width": 4,
                      "Actual Startup Time": 0.018,
                      "Actual Total Time": 58.789,
                      "Actual Rows": 652282,
                      "Actual Loops": 4
                    },
                    {
                      "Node Type": "Hash",
                      "Parent Relationship": "Inner",
                      "Parallel Aware": true,
                      "Startup Cost": 392985.97,
                      "Total Cost": 392985.97,
                      "Plan Rows": 210046,
                      "Plan Width": 8,
                      "Actual Startup Time": 1620.903,
                      "Actual Total Time": 1621.342,
                      "Actual Rows": 501210,
                      "Actual Loops": 4,
                      "Hash Buckets": 2097152,
                      "Original Hash Buckets": 2097152,
                      "Hash Batches": 1,
                      "Original Hash Batches": 1,
                      "Peak Memory Usage": 94880,
                      "Plans": [
                        {
                          "Node Type": "Hash Join",
                          "Parent Relationship": "Outer",
                          "Parallel Aware": true,
                          "Join Type": "Inner",
                          "Startup Cost": 48002.7,
                          "Total Cost": 392985.97,
                          "Plan Rows": 210046,
                          "Plan Width": 8,
                          "Actual Startup Time": 719.247,
                          "Actual Total Time": 1440.116,
                          "Actual Rows": 501210,
                          "Actual Loops": 4,
                          "Inner Unique": true,
                          "Hash Cond": "(ci.movie_id = t.id)",
                          "Plans": [
                            {
                              "Node Type": "Seq Scan",
                              "Parent Relationship": "Outer",
                              "Parallel Aware": true,
                              "Relation Name": "cast_info",
                              "Alias": "ci",
                              "Startup Cost": 0.0,
                              "Total Cost": 343257.03,
                              "Plan Rows": 657617,
                              "Plan Width": 4,
                              "Actual Startup Time": 549.311,
                              "Actual Total Time": 880.561,
                              "Actual Rows": 1453613,
                              "Actual Loops": 4,
                              "Filter": "((person_id > 3062752) AND (role_id > 1))",
                              "Rows Removed by Filter": 7607473
                            },
                            {
                              "Node Type": "Hash",
                              "Parent Relationship": "Inner",
                              "Parallel Aware": true,
                              "Startup Cost": 45479.1,
                              "Total Cost": 45479.1,
                              "Plan Rows": 201888,
                              "Plan Width": 4,
                              "Actual Startup Time": 167.847,
                              "Actual Total Time": 167.848,
                              "Actual Rows": 178435,
                              "Actual Loops": 4,
                              "Hash Buckets": 1048576,
                              "Original Hash Buckets": 1048576,
                              "Hash Batches": 1,
                              "Original Hash Batches": 1,
                              "Peak Memory Usage": 36160,
                              "Plans": [
                                {
                                  "Node Type": "Seq Scan",
                                  "Parent Relationship": "Outer",
                                  "Parallel Aware": true,
                                  "Relation Name": "title",
                                  "Alias": "t",
                                  "Startup Cost": 0.0,
                                  "Total Cost": 45479.1,
                                  "Plan Rows": 201888,
                                  "Plan Width": 4,
                                  "Actual Startup Time": 0.063,
                                  "Actual Total Time": 101.654,
                                  "Actual Rows": 178435,
                                  "Actual Loops": 4,
                                  "Filter": "((kind_id < 7) AND (production_year > 1972))",
                                  "Rows Removed by Filter": 453643
                                }
                              ]
                            }
                          ]
                        }
                      ]
                    }
                  ]
                }
              ]
            }
          ]
        }
      ]
    },
    "Planning Time": 1.428,
    "Triggers": [],
    "Execution Time": 2322.651
  }
]