[
  {
    "Plan": {
      "Node Type": "Aggregate",
      "Strategy": "Plain",
      "Partial Mode": "Finalize",
      "Parallel Aware": false,
      "Startup Cost": 47223.42,
      "Total Cost": 47223.43,
      "Plan Rows": 1,
      "Plan Width": 8,
      "Actual Startup Time": 216.643,
      "Actual Total Time": 226.503,
      "Actual Rows": 1,
      "Actual Loops": 1,
      "Plans": [
        {
          "Node Type": "Gather",
          "Parent Relationship": "Outer",
          "Parallel Aware": false,
          "Startup Cost": 47223.1,
          "Total Cost": 47223.41,
          "Plan Rows": 3,
          "Plan Width": 8,
          "Actual Startup Time": 216.515,
          "Actual Total Time": 226.496,
          "Actual Rows": 4,
          "Actual Loops": 1,
          "Workers Planned": 3,
          "Workers Launched": 3,
          "Single Copy": false,
          "Plans": [
            {
              "Node Type": "Aggregate",
              "Strategy": "Plain",
              "Partial Mode": "Partial",
              "Parent Relationship": "Outer",
              "Parallel Aware": false,
              "Startup Cost": 46223.1,
              "Total Cost": 46223.11,
              "Plan Rows": 1,
              "Plan Width": 8,
              "Actual Startup Time": 209.676,
              "Actual Total Time": 209.677,
              "Actual Rows": 1,
              "Actual Loops": 4,
              "Plans": [
                {
                  "Node Type": "Seq Scan",
                  "Parent Relationship": "Outer",
                  "Parallel Aware": true,
                  "Relation Name": "movie_keyword",
                  "Alias": "mk",
                  "Startup Cost": 0.0,
                  "Total Cost": 42695.65,
                  "Plan Rows": 1410978,
                  "Plan Width": 0,
                  "Actual Startup Time": 0.055,
                  "Actual Total Time": 148.534,
                  "Actual Rows": 1094216,
                  "Actual Loops": 4,
                  "Filter": "(keyword_id < 74179)",
                  "Rows Removed by Filter": 36766
                }
              ]
            }
          ]
        }
      ]
    },
    "Planning Time": 0.187,
    "Triggers": [],
    "Execution Time": 226.556
  }
]