{
  "Plan": {
    "Node Type": "Aggregate",
    "Strategy": "Plain",
    "Partial Mode": "Finalize",
    "Parallel Aware": false,
    "Startup Cost": 264701.59,
    "Total Cost": 264701.6,
    "Plan Rows": 1,
    "Plan Width": 8,
    "Actual Startup Time": 1323.474,
    "Actual Total Time": 1349.19,
    "Actual Rows": 1,
    "Actual Loops": 1,
    "Plans": [
      {
        "Node Type": "Gather",
        "Parent Relationship": "Outer",
        "Parallel Aware": false,
        "Startup Cost": 264701.48,
        "Total Cost": 264701.59,
        "Plan Rows": 1,
        "Plan Width": 8,
        "Actual Startup Time": 1318.042,
        "Actual Total Time": 1349.183,
        "Actual Rows": 2,
        "Actual Loops": 1,
        "Workers Planned": 1,
        "Workers Launched": 1,
        "Single Copy": false,
        "Plans": [
          {
            "Node Type": "Aggregate",
            "Strategy": "Plain",
            "Partial Mode": "Partial",
            "Parent Relationship": "Outer",
            "Parallel Aware": false,
            "Startup Cost": 263701.48,
            "Total Cost": 263701.49,
            "Plan Rows": 1,
            "Plan Width": 8,
            "Actual Startup Time": 1311.375,
            "Actual Total Time": 1311.38,
            "Actual Rows": 1,
            "Actual Loops": 2,
            "Plans": [
              {
                "Node Type": "Hash Join",
                "Parent Relationship": "Outer",
                "Parallel Aware": true,
                "Join Type": "Inner",
                "Startup Cost": 106431.53,
                "Total Cost": 262933.13,
                "Plan Rows": 307338,
                "Plan Width": 0,
                "Actual Startup Time": 660.608,
                "Actual Total Time": 1298.083,
                "Actual Rows": 317856,
                "Actual Loops": 2,
                "Inner Unique": false,
                "Hash Cond": "(t.id = mc.movie_id)",
                "Plans": [
                  {
                    "Node Type": "Hash Join",
                    "Parent Relationship": "Outer",
                    "Parallel Aware": true,
                    "Join Type": "Inner",
                    "Startup Cost": 69461.26,
                    "Total Cost": 214438.43,
                    "Plan Rows": 1554652,
                    "Plan Width": 8,
                    "Actual Startup Time": 508.335,
                    "Actual Total Time": 998.198,
                    "Actual Rows": 423188,
                    "Actual Loops": 2,
                    "Inner Unique": true,
                    "Hash Cond": "(ci.movie_id = t.id)",
                    "Plans": [
                      {
                        "Node Type": "Index Scan",
                        "Parent Relationship": "Outer",
                        "Parallel Aware": true,
                        "Scan Direction": "Forward",
                        "Index Name": "role_id_cast_info",
                        "Relation Name": "cast_info",
                        "Alias": "ci",
                        "Startup Cost": 0.56,
                        "Total Cost": 140896.75,
                        "Plan Rows": 1554652,
                        "Plan Width": 4,
                        "Actual Startup Time": 0.073,
                        "Actual Total Time": 286.507,
                        "Actual Rows": 423188,
                        "Actual Loops": 2,
                        "Index Cond": "(role_id = 10)",
                        "Rows Removed by Index Recheck": 0,
                        "Filter": "(person_id < 2229276)",
                        "Rows Removed by Filter": 1738320
                      },
                      {
                        "Node Type": "Hash",
                        "Parent Relationship": "Inner",
                        "Parallel Aware": true,
                        "Startup Cost": 50870.31,
                        "Total Cost": 50870.31,
                        "Plan Rows": 1487231,
                        "Plan Width": 4,
                        "Actual Startup Time": 496.124,
                        "Actual Total Time": 496.125,
                        "Actual Rows": 1264156,
                        "Actual Loops": 2,
                        "Hash Buckets": 4194304,
                        "Original Hash Buckets": 4194304,
                        "Hash Batches": 1,
                        "Original Hash Batches": 1,
                        "Peak Memory Usage": 131712,
                        "Plans": [
                          {
                            "Node Type": "Seq Scan",
                            "Parent Relationship": "Outer",
                            "Parallel Aware": true,
                            "Relation Name": "title",
                            "Alias": "t",
                            "Startup Cost": 0.0,
                            "Total Cost": 50870.31,
                            "Plan Rows": 1487231,
                            "Plan Width": 4,
                            "Actual Startup Time": 0.021,
                            "Actual Total Time": 145.43,
                            "Actual Rows": 1264156,
                            "Actual Loops": 2
                          }
                        ]
                      }
                    ]
                  },
                  {
                    "Node Type": "Hash",
                    "Parent Relationship": "Inner",
                    "Parallel Aware": true,
                    "Startup Cost": 33295.14,
                    "Total Cost": 33295.14,
                    "Plan Rows": 294010,
                    "Plan Width": 4,
                    "Actual Startup Time": 146.814,
                    "Actual Total Time": 146.815,
                    "Actual Rows": 249064,
                    "Actual Loops": 2,
                    "Hash Buckets": 524288,
                    "Original Hash Buckets": 524288,
                    "Hash Batches": 1,
                    "Original Hash Batches": 1,
                    "Peak Memory Usage": 23616,
                    "Plans": [
                      {
                        "Node Type": "Bitmap Heap Scan",
                        "Parent Relationship": "Outer",
                        "Parallel Aware": true,
                        "Relation Name": "movie_companies",
                        "Alias": "mc",
                        "Startup Cost": 10830.01,
                        "Total Cost": 33295.14,
                        "Plan Rows": 294010,
                        "Plan Width": 4,
                        "Actual Startup Time": 35.315,
                        "Actual Total Time": 97.828,
                        "Actual Rows": 249064,
                        "Actual Loops": 2,
                        "Recheck Cond": "(company_id < 442)",
                        "Rows Removed by Index Recheck": 0,
                        "Exact Heap Blocks": 11159,
                        "Lossy Heap Blocks": 0,
                        "Plans": [
                          {
                            "Node Type": "Bitmap Index Scan",
                            "Parent Relationship": "Outer",
                            "Parallel Aware": false,
                            "Index Name": "company_id_movie_companies",
                            "Startup Cost": 0.0,
                            "Total Cost": 10705.06,
                            "Plan Rows": 499817,
                            "Plan Width": 0,
                            "Actual Startup Time": 32.813,
                            "Actual Total Time": 32.813,
                            "Actual Rows": 498127,
                            "Actual Loops": 1,
                            "Index Cond": "(company_id < 442)"
                          }
                        ]
                      }
                    ]
                  }
                ]
              }
            ]
          }
        ]
      }
    ]
  },
  "Planning Time": 1.108,
  "Triggers": [],
  "Execution Time": 1349.295
}