[
  {
    "Plan": {
      "Node Type": "Aggregate",
      "Strategy": "Plain",
      "Partial Mode": "Finalize",
      "Parallel Aware": false,
      "Startup Cost": 391440.62,
      "Total Cost": 391440.63,
      "Plan Rows": 1,
      "Plan Width": 8,
      "Actual Startup Time": 1766.898,
      "Actual Total Time": 1833.183,
      "Actual Rows": 1,
      "Actual Loops": 1,
      "Plans": [
        {
          "Node Type": "Gather",
          "Parent Relationship": "Outer",
          "Parallel Aware": false,
          "Startup Cost": 391439.99,
          "Total Cost": 391440.6,
          "Plan Rows": 6,
          "Plan Width": 8,
          "Actual Startup Time": 1763.685,
          "Actual Total Time": 1833.17,
          "Actual Rows": 7,
          "Actual Loops": 1,
          "Workers Planned": 6,
          "Workers Launched": 6,
          "Single Copy": false,
          "Plans": [
            {
              "Node Type": "Aggregate",
              "Strategy": "Plain",
              "Partial Mode": "Partial",
              "Parent Relationship": "Outer",
              "Parallel Aware": false,
              "Startup Cost": 390439.99,
              "Total Cost": 390440.0,
              "Plan Rows": 1,
              "Plan Width": 8,
              "Actual Startup Time": 1752.2,
              "Actual Total Time": 1752.203,
              "Actual Rows": 1,
              "Actual Loops": 7,
              "Plans": [
                {
                  "Node Type": "Hash Join",
                  "Parent Relationship": "Outer",
                  "Parallel Aware": true,
                  "Join Type": "Inner",
                  "Startup Cost": 48219.11,
                  "Total Cost": 386949.47,
                  "Plan Rows": 1396210,
                  "Plan Width": 0,
                  "Actual Startup Time": 261.116,
                  "Actual Total Time": 1696.248,
                  "Actual Rows": 1218110,
                  "Actual Loops": 7,
                  "Inner Unique": true,
                  "Hash Cond": "(ci.movie_id = t.id)",
                  "Plans": [
                    {
                      "Node Type": "Seq Scan",
                      "Parent Relationship": "Outer",
                      "Parallel Aware": true,
                      "Relation Name": "cast_info",
                      "Alias": "ci",
                      "Startup Cost": 0.0,
                      "Total Cost": 328162.03,
                      "Plan Rows": 4026022,
                      "Plan Width": 4,
                      "Actual Startup Time": 122.28,
                      "Actual Total Time": 629.378,
                      "Actual Rows": 3457151,
                      "Actual Loops": 7,
                      "Filter": "(person_id > 1186517)",
                      "Rows Removed by Filter": 1720612
                    },
                    {
                      "Node Type": "Hash",
                      "Parent Relationship": "Inner",
                      "Parallel Aware": true,
                      "Startup Cost": 45479.1,
                      "Total Cost": 45479.1,
                      "Plan Rows": 219201,
                      "Plan Width": 4,
                      "Actual Startup Time": 135.217,
                      "Actual Total Time": 135.218,
                      "Actual Rows": 112377,
                      "Actual Loops": 7,
                      "Hash Buckets": 1048576,
                      "Original Hash Buckets": 1048576,
                      "Hash Batches": 1,
                      "Original Hash Batches": 1,
                      "Peak Memory Usage": 39040,
                      "Plans": [
                        {
                          "Node Type": "Seq Scan",
                          "Parent Relationship": "Outer",
                          "Parallel Aware": true,
                          "Relation Name": "title",
                          "Alias": "t",
                          "Startup Cost": 0.0,
                          "Total Cost": 45479.1,
                          "Plan Rows": 219201,
                          "Plan Width": 4,
                          "Actual Startup Time": 0.046,
                          "Actual Total Time": 81.435,
                          "Actual Rows": 112377,
                          "Actual Loops": 7,
                          "Filter": "((kind_id < 7) AND (production_year > 1958))",
                          "Rows Removed by Filter": 248810
                        }
                      ]
                    }
                  ]
                }
              ]
            }
          ]
        }
      ]
    },
    "Planning Time": 0.623,
    "Triggers": [],
    "Execution Time": 1833.274
  }
]