[
  {
    "Plan": {
      "Node Type": "Aggregate",
      "Strategy": "Plain",
      "Partial Mode": "Finalize",
      "Parallel Aware": false,
      "Startup Cost": 39230.83,
      "Total Cost": 39230.84,
      "Plan Rows": 1,
      "Plan Width": 8,
      "Actual Startup Time": 138.932,
      "Actual Total Time": 147.329,
      "Actual Rows": 1,
      "Actual Loops": 1,
      "Plans": [
        {
          "Node Type": "Gather",
          "Parent Relationship": "Outer",
          "Parallel Aware": false,
          "Startup Cost": 39230.51,
          "Total Cost": 39230.82,
          "Plan Rows": 3,
          "Plan Width": 8,
          "Actual Startup Time": 138.51,
          "Actual Total Time": 147.32,
          "Actual Rows": 4,
          "Actual Loops": 1,
          "Workers Planned": 3,
          "Workers Launched": 3,
          "Single Copy": false,
          "Plans": [
            {
              "Node Type": "Aggregate",
              "Strategy": "Plain",
              "Partial Mode": "Partial",
              "Parent Relationship": "Outer",
              "Parallel Aware": false,
              "Startup Cost": 38230.51,
              "Total Cost": 38230.52,
              "Plan Rows": 1,
              "Plan Width": 8,
              "Actual Startup Time": 131.864,
              "Actual Total Time": 131.866,
              "Actual Rows": 1,
              "Actual Loops": 4,
              "Plans": [
                {
                  "Node Type": "Bitmap Heap Scan",
                  "Parent Relationship": "Outer",
                  "Parallel Aware": true,
                  "Relation Name": "movie_keyword",
                  "Alias": "mk",
                  "Startup Cost": 11218.12,
                  "Total Cost": 37804.11,
                  "Plan Rows": 170559,
                  "Plan Width": 0,
                  "Actual Startup Time": 50.235,
                  "Actual Total Time": 124.468,
                  "Actual Rows": 135350,
                  "Actual Loops": 4,
                  "Recheck Cond": "(keyword_id < 383)",
                  "Rows Removed by Index Recheck": 0,
                  "Exact Heap Blocks": 10752,
                  "Lossy Heap Blocks": 0,
                  "Plans": [
                    {
                      "Node Type": "Bitmap Index Scan",
                      "Parent Relationship": "Outer",
                      "Parallel Aware": false,
                      "Index Name": "keyword_id_movie_keyword",
                      "Startup Cost": 0.0,
                      "Total Cost": 11085.94,
                      "Plan Rows": 528734,
                      "Plan Width": 0,
                      "Actual Startup Time": 52.44,
                      "Actual Total Time": 52.441,
                      "Actual Rows": 541400,
                      "Actual Loops": 1,
                      "Index Cond": "(keyword_id < 383)"
                    }
                  ]
                }
              ]
            }
          ]
        }
      ]
    },
    "Planning Time": 0.186,
    "Triggers": [],
    "Execution Time": 147.404
  }
]