{
  "Plan": {
    "Node Type": "Aggregate",
    "Strategy": "Plain",
    "Partial Mode": "Finalize",
    "Parallel Aware": false,
    "Startup Cost": 100516.43,
    "Total Cost": 100516.44,
    "Plan Rows": 1,
    "Plan Width": 8,
    "Actual Startup Time": 303.105,
    "Actual Total Time": 326.117,
    "Actual Rows": 1,
    "Actual Loops": 1,
    "Plans": [
      {
        "Node Type": "Gather",
        "Parent Relationship": "Outer",
        "Parallel Aware": false,
        "Startup Cost": 100516.32,
        "Total Cost": 100516.43,
        "Plan Rows": 1,
        "Plan Width": 8,
        "Actual Startup Time": 302.74,
        "Actual Total Time": 326.109,
        "Actual Rows": 2,
        "Actual Loops": 1,
        "Workers Planned": 1,
        "Workers Launched": 1,
        "Single Copy": false,
        "Plans": [
          {
            "Node Type": "Aggregate",
            "Strategy": "Plain",
            "Partial Mode": "Partial",
            "Parent Relationship": "Outer",
            "Parallel Aware": false,
            "Startup Cost": 99516.32,
            "Total Cost": 99516.33,
            "Plan Rows": 1,
            "Plan Width": 8,
            "Actual Startup Time": 296.579,
            "Actual Total Time": 296.583,
            "Actual Rows": 1,
            "Actual Loops": 2,
            "Plans": [
              {
                "Node Type": "Nested Loop",
                "Parent Relationship": "Outer",
                "Parallel Aware": false,
                "Join Type": "Inner",
                "Startup Cost": 71813.17,
                "Total Cost": 99500.34,
                "Plan Rows": 6391,
                "Plan Width": 0,
                "Actual Startup Time": 173.569,
                "Actual Total Time": 294.891,
                "Actual Rows": 31453,
                "Actual Loops": 2,
                "Inner Unique": false,
                "Join Filter": "(t.id = mi.movie_id)",
                "Rows Removed by Join Filter": 0,
                "Plans": [
                  {
                    "Node Type": "Hash Join",
                    "Parent Relationship": "Outer",
                    "Parallel Aware": true,
                    "Join Type": "Inner",
                    "Startup Cost": 71812.73,
                    "Total Cost": 96124.86,
                    "Plan Rows": 1093,
                    "Plan Width": 8,
                    "Actual Startup Time": 173.489,
                    "Actual Total Time": 251.045,
                    "Actual Rows": 1594,
                    "Actual Loops": 2,
                    "Inner Unique": true,
                    "Hash Cond": "(mc.movie_id = t.id)",
                    "Plans": [
                      {
                        "Node Type": "Bitmap Heap Scan",
                        "Parent Relationship": "Outer",
                        "Parallel Aware": true,
                        "Relation Name": "movie_companies",
                        "Alias": "mc",
                        "Startup Cost": 13450.61,
                        "Total Cost": 36804.36,
                        "Plan Rows": 365099,
                        "Plan Width": 4,
                        "Actual Startup Time": 31.859,
                        "Actual Total Time": 77.525,
                        "Actual Rows": 316393,
                        "Actual Loops": 2,
                        "Recheck Cond": "(company_id > 58918)",
                        "Rows Removed by Index Recheck": 0,
                        "Exact Heap Blocks": 5760,
                        "Lossy Heap Blocks": 0,
                        "Plans": [
                          {
                            "Node Type": "Bitmap Index Scan",
                            "Parent Relationship": "Outer",
                            "Parallel Aware": false,
                            "Index Name": "company_id_movie_companies",
                            "Startup Cost": 0.0,
                            "Total Cost": 13295.45,
                            "Plan Rows": 620669,
                            "Plan Width": 0,
                            "Actual Startup Time": 30.401,
                            "Actual Total Time": 30.402,
                            "Actual Rows": 632786,
                            "Actual Loops": 1,
                            "Index Cond": "(company_id > 58918)"
                          }
                        ]
                      },
                      {
                        "Node Type": "Hash",
                        "Parent Relationship": "Inner",
                        "Parallel Aware": true,
                        "Startup Cost": 58306.47,
                        "Total Cost": 58306.47,
                        "Plan Rows": 4452,
                        "Plan Width": 4,
                        "Actual Startup Time": 140.631,
                        "Actual Total Time": 140.632,
                        "Actual Rows": 3888,
                        "Actual Loops": 2,
                        "Hash Buckets": 8192,
                        "Original Hash Buckets": 8192,
                        "Hash Batches": 1,
                        "Original Hash Batches": 1,
                        "Peak Memory Usage": 384,
                        "Plans": [
                          {
                            "Node Type": "Seq Scan",
                            "Parent Relationship": "Outer",
                            "Parallel Aware": true,
                            "Relation Name": "title",
                            "Alias": "t",
                            "Startup Cost": 0.0,
                            "Total Cost": 58306.47,
                            "Plan Rows": 4452,
                            "Plan Width": 4,
                            "Actual Startup Time": 0.391,
                            "Actual Total Time": 139.068,
                            "Actual Rows": 3888,
                            "Actual Loops": 2,
                            "Filter": "((kind_id < 7) AND (production_year = 1985))",
                            "Rows Removed by Filter": 1260268
                          }
                        ]
                      }
                    ]
                  },
                  {
                    "Node Type": "Index Only Scan",
                    "Parent Relationship": "Inner",
                    "Parallel Aware": false,
                    "Scan Direction": "Forward",
                    "Index Name": "movie_id_movie_info",
                    "Relation Name": "movie_info",
                    "Alias": "mi",
                    "Startup Cost": 0.43,
                    "Total Cost": 2.56,
                    "Plan Rows": 42,
                    "Plan Width": 4,
                    "Actual Startup Time": 0.008,
                    "Actual Total Time": 0.025,
                    "Actual Rows": 20,
                    "Actual Loops": 3189,
                    "Index Cond": "(movie_id = mc.movie_id)",
                    "Rows Removed by Index Recheck": 0,
                    "Heap Fetches": 62906
                  }
                ]
              }
            ]
          }
        ]
      }
    ]
  },
  "Planning Time": 0.971,
  "Triggers": [],
  "Execution Time": 326.226
}