[
  {
    "Plan": {
      "Node Type": "Aggregate",
      "Strategy": "Plain",
      "Partial Mode": "Finalize",
      "Parallel Aware": false,
      "Startup Cost": 372548.27,
      "Total Cost": 372548.28,
      "Plan Rows": 1,
      "Plan Width": 8,
      "Actual Startup Time": 517.73,
      "Actual Total Time": 587.779,
      "Actual Rows": 1,
      "Actual Loops": 1,
      "Plans": [
        {
          "Node Type": "Gather",
          "Parent Relationship": "Outer",
          "Parallel Aware": false,
          "Startup Cost": 372547.85,
          "Total Cost": 372548.26,
          "Plan Rows": 4,
          "Plan Width": 8,
          "Actual Startup Time": 517.412,
          "Actual Total Time": 587.765,
          "Actual Rows": 5,
          "Actual Loops": 1,
          "Workers Planned": 4,
          "Workers Launched": 4,
          "Single Copy": false,
          "Plans": [
            {
              "Node Type": "Aggregate",
              "Strategy": "Plain",
              "Partial Mode": "Partial",
              "Parent Relationship": "Outer",
              "Parallel Aware": false,
              "Startup Cost": 371547.85,
              "Total Cost": 371547.86,
              "Plan Rows": 1,
              "Plan Width": 8,
              "Actual Startup Time": 508.054,
              "Actual Total Time": 508.056,
              "Actual Rows": 1,
              "Actual Loops": 5,
              "Plans": [
                {
                  "Node Type": "Nested Loop",
                  "Parent Relationship": "Outer",
                  "Parallel Aware": false,
                  "Join Type": "Inner",
                  "Startup Cost": 0.56,
                  "Total Cost": 371368.45,
                  "Plan Rows": 71761,
                  "Plan Width": 0,
                  "Actual Startup Time": 1.012,
                  "Actual Total Time": 504.559,
                  "Actual Rows": 40928,
                  "Actual Loops": 5,
                  "Inner Unique": false,
                  "Plans": [
                    {
                      "Node Type": "Seq Scan",
                      "Parent Relationship": "Outer",
                      "Parallel Aware": true,
                      "Relation Name": "title",
                      "Alias": "t",
                      "Startup Cost": 0.0,
                      "Total Cost": 45479.59,
                      "Plan Rows": 15612,
                      "Plan Width": 4,
                      "Actual Startup Time": 0.186,
                      "Actual Total Time": 78.723,
                      "Actual Rows": 10781,
                      "Actual Loops": 5,
                      "Filter": "((kind_id < 7) AND (production_year = 2012))",
                      "Rows Removed by Filter": 494881
                    },
                    {
                      "Node Type": "Index Scan",
                      "Parent Relationship": "Inner",
                      "Parallel Aware": false,
                      "Scan Direction": "Forward",
                      "Index Name": "movie_id_cast_info",
                      "Relation Name": "cast_info",
                      "Alias": "ci",
                      "Startup Cost": 0.56,
                      "Total Cost": 20.76,
                      "Plan Rows": 11,
                      "Plan Width": 4,
                      "Actual Startup Time": 0.014,
                      "Actual Total Time": 0.039,
                      "Actual Rows": 4,
                      "Actual Loops": 53905,
                      "Index Cond": "(movie_id = t.id)",
                      "Rows Removed by Index Recheck": 0,
                      "Filter": "((person_id > 307839) AND (role_id < 2))",
                      "Rows Removed by Filter": 11
                    }
                  ]
                }
              ]
            }
          ]
        }
      ]
    },
    "Planning Time": 0.642,
    "Triggers": [],
    "Execution Time": 587.868
  }
]