[
  {
    "Plan": {
      "Node Type": "Aggregate",
      "Strategy": "Plain",
      "Partial Mode": "Finalize",
      "Parallel Aware": false,
      "Startup Cost": 46389.61,
      "Total Cost": 46389.62,
      "Plan Rows": 1,
      "Plan Width": 8,
      "Actual Startup Time": 177.961,
      "Actual Total Time": 187.382,
      "Actual Rows": 1,
      "Actual Loops": 1,
      "Plans": [
        {
          "Node Type": "Gather",
          "Parent Relationship": "Outer",
          "Parallel Aware": false,
          "Startup Cost": 46389.29,
          "Total Cost": 46389.6,
          "Plan Rows": 3,
          "Plan Width": 8,
          "Actual Startup Time": 177.835,
          "Actual Total Time": 187.374,
          "Actual Rows": 4,
          "Actual Loops": 1,
          "Workers Planned": 3,
          "Workers Launched": 3,
          "Single Copy": false,
          "Plans": [
            {
              "Node Type": "Aggregate",
              "Strategy": "Plain",
              "Partial Mode": "Partial",
              "Parent Relationship": "Outer",
              "Parallel Aware": false,
              "Startup Cost": 45389.29,
              "Total Cost": 45389.3,
              "Plan Rows": 1,
              "Plan Width": 8,
              "Actual Startup Time": 169.979,
              "Actual Total Time": 169.98,
              "Actual Rows": 1,
              "Actual Loops": 4,
              "Plans": [
                {
                  "Node Type": "Seq Scan",
                  "Parent Relationship": "Outer",
                  "Parallel Aware": true,
                  "Relation Name": "movie_keyword",
                  "Alias": "mk",
                  "Startup Cost": 0.0,
                  "Total Cost": 42695.65,
                  "Plan Rows": 1077454,
                  "Plan Width": 0,
                  "Actual Startup Time": 0.187,
                  "Actual Total Time": 130.427,
                  "Actual Rows": 831566,
                  "Actual Loops": 4,
                  "Filter": "(keyword_id > 1450)",
                  "Rows Removed by Filter": 299416
                }
              ]
            }
          ]
        }
      ]
    },
    "Planning Time": 0.125,
    "Triggers": [],
    "Execution Time": 187.423
  }
]