[
  {
    "Plan": {
      "Node Type": "Aggregate",
      "Strategy": "Plain",
      "Partial Mode": "Finalize",
      "Parallel Aware": false,
      "Startup Cost": 117974.97,
      "Total Cost": 117974.98,
      "Plan Rows": 1,
      "Plan Width": 8,
      "Actual Startup Time": 927.493,
      "Actual Total Time": 947.518,
      "Actual Rows": 1,
      "Actual Loops": 1,
      "Plans": [
        {
          "Node Type": "Gather",
          "Parent Relationship": "Outer",
          "Parallel Aware": false,
          "Startup Cost": 117974.65,
          "Total Cost": 117974.96,
          "Plan Rows": 3,
          "Plan Width": 8,
          "Actual Startup Time": 918.389,
          "Actual Total Time": 947.511,
          "Actual Rows": 4,
          "Actual Loops": 1,
          "Workers Planned": 3,
          "Workers Launched": 3,
          "Single Copy": false,
          "Plans": [
            {
              "Node Type": "Aggregate",
              "Strategy": "Plain",
              "Partial Mode": "Partial",
              "Parent Relationship": "Outer",
              "Parallel Aware": false,
              "Startup Cost": 116974.65,
              "Total Cost": 116974.66,
              "Plan Rows": 1,
              "Plan Width": 8,
              "Actual Startup Time": 907.371,
              "Actual Total Time": 907.377,
              "Actual Rows": 1,
              "Actual Loops": 4,
              "Plans": [
                {
                  "Node Type": "Hash Join",
                  "Parent Relationship": "Outer",
                  "Parallel Aware": true,
                  "Join Type": "Inner",
                  "Startup Cost": 69868.81,
                  "Total Cost": 115681.63,
                  "Plan Rows": 517206,
                  "Plan Width": 0,
                  "Actual Startup Time": 487.943,
                  "Actual Total Time": 831.629,
                  "Actual Rows": 1740638,
                  "Actual Loops": 4,
                  "Inner Unique": false,
                  "Hash Cond": "(mk.movie_id = t.id)",
                  "Plans": [
                    {
                      "Node Type": "Seq Scan",
                      "Parent Relationship": "Outer",
                      "Parallel Aware": true,
                      "Relation Name": "movie_keyword",
                      "Alias": "mk",
                      "Startup Cost": 0.0,
                      "Total Cost": 39047.32,
                      "Plan Rows": 1459332,
                      "Plan Width": 4,
                      "Actual Startup Time": 0.052,
                      "Actual Total Time": 91.923,
                      "Actual Rows": 1130982,
                      "Actual Loops": 4
                    },
                    {
                      "Node Type": "Hash",
                      "Parent Relationship": "Inner",
                      "Parallel Aware": true,
                      "Startup Cost": 67068.48,
                      "Total Cost": 67068.48,
                      "Plan Rows": 224026,
                      "Plan Width": 8,
                      "Actual Startup Time": 484.89,
                      "Actual Total Time": 484.894,
                      "Actual Rows": 229997,
                      "Actual Loops": 4,
                      "Hash Buckets": 1048576,
                      "Original Hash Buckets": 1048576,
                      "Hash Batches": 1,
                      "Original Hash Batches": 1,
                      "Peak Memory Usage": 44256,
                      "Plans": [
                        {
                          "Node Type": "Hash Join",
                          "Parent Relationship": "Outer",
                          "Parallel Aware": true,
                          "Join Type": "Inner",
                          "Startup Cost": 19938.43,
                          "Total Cost": 67068.48,
                          "Plan Rows": 224026,
                          "Plan Width": 8,
                          "Actual Startup Time": 124.125,
                          "Actual Total Time": 419.076,
                          "Actual Rows": 229997,
                          "Actual Loops": 4,
                          "Inner Unique": false,
                          "Hash Cond": "(t.id = mi_idx.movie_id)",
                          "Plans": [
                            {
                              "Node Type": "Seq Scan",
                              "Parent Relationship": "Outer",
                              "Parallel Aware": true,
                              "Relation Name": "title",
                              "Alias": "t",
                              "Startup Cost": 0.0,
                              "Total Cost": 43899.32,
                              "Plan Rows": 612610,
                              "Plan Width": 4,
                              "Actual Startup Time": 0.012,
                              "Actual Total Time": 107.9,
                              "Actual Rows": 613176,
                              "Actual Loops": 4,
                              "Filter": "(production_year < 2014)",
                              "Rows Removed by Filter": 18902
                            },
                            {
                              "Node Type": "Hash",
                              "Parent Relationship": "Inner",
                              "Parallel Aware": true,
                              "Startup Cost": 15122.68,
                              "Total Cost": 15122.68,
                              "Plan Rows": 385260,
                              "Plan Width": 4,
                              "Actual Startup Time": 122.344,
                              "Actual Total Time": 122.345,
                              "Actual Rows": 230028,
                              "Actual Loops": 4,
                              "Hash Buckets": 1048576,
                              "Original Hash Buckets": 1048576,
                              "Hash Batches": 1,
                              "Original Hash Batches": 1,
                              "Peak Memory Usage": 44288,
                              "Plans": [
                                {
                                  "Node Type": "Seq Scan",
                                  "Parent Relationship": "Outer",
                                  "Parallel Aware": true,
                                  "Relation Name": "movie_info_idx",
                                  "Alias": "mi_idx",
                                  "Startup Cost": 0.0,
                                  "Total Cost": 15122.68,
                                  "Plan Rows": 385260,
                                  "Plan Width": 4,
                                  "Actual Startup Time": 0.067,
                                  "Actual Total Time": 53.325,
                                  "Actual Rows": 230028,
                                  "Actual Loops": 4,
                                  "Filter": "(info_type_id > 99)",
                                  "Rows Removed by Filter": 114981
                                }
                              ]
                            }
                          ]
                        }
                      ]
                    }
                  ]
                }
              ]
            }
          ]
        }
      ]
    },
    "Planning Time": 0.406,
    "Triggers": [],
    "Execution Time": 947.563
  }
]