[
    {
        "Bao": {
            "Bao prediction": "NaN",
            "Bao recommended hint": "(no hint)"
        }
    },
    {
        "Plan": {
            "Node Type": "Aggregate",
            "Strategy": "Plain",
            "Partial Mode": "Finalize",
            "Parallel Aware": false,
            "Startup Cost": 33825.04,
            "Total Cost": 33825.05,
            "Plan Rows": 1,
            "Plan Width": 8,
            "Actual Startup Time": 47.629,
            "Actual Total Time": 54.96,
            "Actual Rows": 1,
            "Actual Loops": 1,
            "Output": [
                "count(*)"
            ],
            "Plans": [
                {
                    "Node Type": "Gather",
                    "Parent Relationship": "Outer",
                    "Parallel Aware": false,
                    "Startup Cost": 33824.83,
                    "Total Cost": 33825.04,
                    "Plan Rows": 2,
                    "Plan Width": 8,
                    "Actual Startup Time": 47.434,
                    "Actual Total Time": 54.952,
                    "Actual Rows": 3,
                    "Actual Loops": 1,
                    "Output": [
                        "(PARTIAL count(*))"
                    ],
                    "Workers Planned": 2,
                    "Workers Launched": 2,
                    "Single Copy": false,
                    "Plans": [
                        {
                            "Node Type": "Aggregate",
                            "Strategy": "Plain",
                            "Partial Mode": "Partial",
                            "Parent Relationship": "Outer",
                            "Parallel Aware": false,
                            "Startup Cost": 32824.83,
                            "Total Cost": 32824.84,
                            "Plan Rows": 1,
                            "Plan Width": 8,
                            "Actual Startup Time": 34.385,
                            "Actual Total Time": 34.387,
                            "Actual Rows": 1,
                            "Actual Loops": 3,
                            "Output": [
                                "PARTIAL count(*)"
                            ],
                            "Workers": [
                                {
                                    "Worker Number": 0,
                                    "Actual Startup Time": 33.296,
                                    "Actual Total Time": 33.298,
                                    "Actual Rows": 1,
                                    "Actual Loops": 1
                                },
                                {
                                    "Worker Number": 1,
                                    "Actual Startup Time": 23.043,
                                    "Actual Total Time": 23.045,
                                    "Actual Rows": 1,
                                    "Actual Loops": 1
                                }
                            ],
                            "Plans": [
                                {
                                    "Node Type": "Nested Loop",
                                    "Parent Relationship": "Outer",
                                    "Parallel Aware": false,
                                    "Join Type": "Inner",
                                    "Startup Cost": 127.01,
                                    "Total Cost": 32824.41,
                                    "Plan Rows": 167,
                                    "Plan Width": 0,
                                    "Actual Startup Time": 7.18,
                                    "Actual Total Time": 34.361,
                                    "Actual Rows": 87,
                                    "Actual Loops": 3,
                                    "Inner Unique": false,
                                    "Workers": [
                                        {
                                            "Worker Number": 0,
                                            "Actual Startup Time": 3.054,
                                            "Actual Total Time": 33.28,
                                            "Actual Rows": 25,
                                            "Actual Loops": 1
                                        },
                                        {
                                            "Worker Number": 1,
                                            "Actual Startup Time": 13.757,
                                            "Actual Total Time": 23.036,
                                            "Actual Rows": 7,
                                            "Actual Loops": 1
                                        }
                                    ],
                                    "Plans": [
                                        {
                                            "Node Type": "Nested Loop",
                                            "Parent Relationship": "Outer",
                                            "Parallel Aware": false,
                                            "Join Type": "Inner",
                                            "Startup Cost": 126.44,
                                            "Total Cost": 31410.32,
                                            "Plan Rows": 105,
                                            "Plan Width": 8,
                                            "Actual Startup Time": 2.137,
                                            "Actual Total Time": 25.803,
                                            "Actual Rows": 118,
                                            "Actual Loops": 3,
                                            "Output": [
                                                "t.id",
                                                "mk.movie_id"
                                            ],
                                            "Inner Unique": true,
                                            "Workers": [
                                                {
                                                    "Worker Number": 0,
                                                    "Actual Startup Time": 0.817,
                                                    "Actual Total Time": 22.392,
                                                    "Actual Rows": 50,
                                                    "Actual Loops": 1
                                                },
                                                {
                                                    "Worker Number": 1,
                                                    "Actual Startup Time": 0.969,
                                                    "Actual Total Time": 17.602,
                                                    "Actual Rows": 35,
                                                    "Actual Loops": 1
                                                }
                                            ],
                                            "Plans": [
                                                {
                                                    "Node Type": "Bitmap Heap Scan",
                                                    "Parent Relationship": "Outer",
                                                    "Parallel Aware": true,
                                                    "Relation Name": "movie_keyword",
                                                    "Schema": "public",
                                                    "Alias": "mk",
                                                    "Startup Cost": 126.01,
                                                    "Total Cost": 13858.95,
                                                    "Plan Rows": 2450,
                                                    "Plan Width": 4,
                                                    "Actual Startup Time": 1.72,
                                                    "Actual Total Time": 7.904,
                                                    "Actual Rows": 2172,
                                                    "Actual Loops": 3,
                                                    "Output": [
                                                        "mk.id",
                                                        "mk.movie_id",
                                                        "mk.keyword_id"
                                                    ],
                                                    "Recheck Cond": "(mk.keyword_id = 196)",
                                                    "Rows Removed by Index Recheck": 0,
                                                    "Exact Heap Blocks": 3146,
                                                    "Lossy Heap Blocks": 0,
                                                    "Workers": [
                                                        {
                                                            "Worker Number": 0,
                                                            "Actual Startup Time": 0.124,
                                                            "Actual Total Time": 6.014,
                                                            "Actual Rows": 818,
                                                            "Actual Loops": 1
                                                        },
                                                        {
                                                            "Worker Number": 1,
                                                            "Actual Startup Time": 0.475,
                                                            "Actual Total Time": 4.933,
                                                            "Actual Rows": 617,
                                                            "Actual Loops": 1
                                                        }
                                                    ],
                                                    "Plans": [
                                                        {
                                                            "Node Type": "Bitmap Index Scan",
                                                            "Parent Relationship": "Outer",
                                                            "Parallel Aware": false,
                                                            "Index Name": "keyword_id_movie_keyword",
                                                            "Startup Cost": 0.0,
                                                            "Total Cost": 124.54,
                                                            "Plan Rows": 5881,
                                                            "Plan Width": 0,
                                                            "Actual Startup Time": 2.845,
                                                            "Actual Total Time": 2.845,
                                                            "Actual Rows": 6516,
                                                            "Actual Loops": 1,
                                                            "Index Cond": "(mk.keyword_id = 196)"
                                                        }
                                                    ]
                                                },
                                                {
                                                    "Node Type": "Index Scan",
                                                    "Parent Relationship": "Inner",
                                                    "Parallel Aware": false,
                                                    "Scan Direction": "Forward",
                                                    "Index Name": "title_pkey",
                                                    "Relation Name": "title",
                                                    "Schema": "public",
                                                    "Alias": "t",
                                                    "Startup Cost": 0.43,
                                                    "Total Cost": 7.16,
                                                    "Plan Rows": 1,
                                                    "Plan Width": 4,
                                                    "Actual Startup Time": 0.008,
                                                    "Actual Total Time": 0.008,
                                                    "Actual Rows": 0,
                                                    "Actual Loops": 6516,
                                                    "Output": [
                                                        "t.id",
                                                        "t.title",
                                                        "t.imdb_index",
                                                        "t.kind_id",
                                                        "t.production_year",
                                                        "t.imdb_id",
                                                        "t.phonetic_code",
                                                        "t.episode_of_id",
                                                        "t.season_nr",
                                                        "t.episode_nr",
                                                        "t.series_years",
                                                        "t.md5sum"
                                                    ],
                                                    "Index Cond": "(t.id = mk.movie_id)",
                                                    "Rows Removed by Index Recheck": 0,
                                                    "Filter": "(t.production_year = 2006)",
                                                    "Rows Removed by Filter": 1,
                                                    "Workers": [
                                                        {
                                                            "Worker Number": 0,
                                                            "Actual Startup Time": 0.019,
                                                            "Actual Total Time": 0.019,
                                                            "Actual Rows": 0,
                                                            "Actual Loops": 818
                                                        },
                                                        {
                                                            "Worker Number": 1,
                                                            "Actual Startup Time": 0.02,
                                                            "Actual Total Time": 0.02,
                                                            "Actual Rows": 0,
                                                            "Actual Loops": 617
                                                        }
                                                    ]
                                                }
                                            ]
                                        },
                                        {
                                            "Node Type": "Index Scan",
                                            "Parent Relationship": "Inner",
                                            "Parallel Aware": false,
                                            "Scan Direction": "Forward",
                                            "Index Name": "movie_id_cast_info",
                                            "Relation Name": "cast_info",
                                            "Schema": "public",
                                            "Alias": "ci",
                                            "Startup Cost": 0.56,
                                            "Total Cost": 13.43,
                                            "Plan Rows": 4,
                                            "Plan Width": 4,
                                            "Actual Startup Time": 0.063,
                                            "Actual Total Time": 0.072,
                                            "Actual Rows": 1,
                                            "Actual Loops": 353,
                                            "Output": [
                                                "ci.id",
                                                "ci.person_id",
                                                "ci.movie_id",
                                                "ci.person_role_id",
                                                "ci.note",
                                                "ci.nr_order",
                                                "ci.role_id"
                                            ],
                                            "Index Cond": "(ci.movie_id = t.id)",
                                            "Rows Removed by Index Recheck": 0,
                                            "Filter": "(ci.role_id = 3)",
                                            "Rows Removed by Filter": 15,
                                            "Workers": [
                                                {
                                                    "Worker Number": 0,
                                                    "Actual Startup Time": 0.185,
                                                    "Actual Total Time": 0.217,
                                                    "Actual Rows": 0,
                                                    "Actual Loops": 50
                                                },
                                                {
                                                    "Worker Number": 1,
                                                    "Actual Startup Time": 0.15,
                                                    "Actual Total Time": 0.154,
                                                    "Actual Rows": 0,
                                                    "Actual Loops": 35
                                                }
                                            ]
                                        }
                                    ]
                                }
                            ]
                        }
                    ]
                }
            ]
        },
        "Planning Time": 300.844,
        "Triggers": [],
        "Execution Time": 55.089
    }
]