{
  "Plan": {
    "Node Type": "Aggregate",
    "Strategy": "Plain",
    "Partial Mode": "Finalize",
    "Parallel Aware": false,
    "Startup Cost": 90366.61,
    "Total Cost": 90366.62,
    "Plan Rows": 1,
    "Plan Width": 8,
    "Actual Startup Time": 174.33,
    "Actual Total Time": 190.281,
    "Actual Rows": 1,
    "Actual Loops": 1,
    "Plans": [
      {
        "Node Type": "Gather",
        "Parent Relationship": "Outer",
        "Parallel Aware": false,
        "Startup Cost": 90366.5,
        "Total Cost": 90366.61,
        "Plan Rows": 1,
        "Plan Width": 8,
        "Actual Startup Time": 174.239,
        "Actual Total Time": 190.273,
        "Actual Rows": 2,
        "Actual Loops": 1,
        "Workers Planned": 1,
        "Workers Launched": 1,
        "Single Copy": false,
        "Plans": [
          {
            "Node Type": "Aggregate",
            "Strategy": "Plain",
            "Partial Mode": "Partial",
            "Parent Relationship": "Outer",
            "Parallel Aware": false,
            "Startup Cost": 89366.5,
            "Total Cost": 89366.51,
            "Plan Rows": 1,
            "Plan Width": 8,
            "Actual Startup Time": 168.538,
            "Actual Total Time": 168.54,
            "Actual Rows": 1,
            "Actual Loops": 2,
            "Plans": [
              {
                "Node Type": "Nested Loop",
                "Parent Relationship": "Outer",
                "Parallel Aware": false,
                "Join Type": "Inner",
                "Startup Cost": 0.43,
                "Total Cost": 89363.88,
                "Plan Rows": 1049,
                "Plan Width": 0,
                "Actual Startup Time": 0.529,
                "Actual Total Time": 168.326,
                "Actual Rows": 1618,
                "Actual Loops": 2,
                "Inner Unique": false,
                "Plans": [
                  {
                    "Node Type": "Seq Scan",
                    "Parent Relationship": "Outer",
                    "Parallel Aware": true,
                    "Relation Name": "title",
                    "Alias": "t",
                    "Startup Cost": 0.0,
                    "Total Cost": 58306.47,
                    "Plan Rows": 2002,
                    "Plan Width": 4,
                    "Actual Startup Time": 0.37,
                    "Actual Total Time": 147.35,
                    "Actual Rows": 1714,
                    "Actual Loops": 2,
                    "Filter": "((kind_id < 7) AND (production_year = 1956))",
                    "Rows Removed by Filter": 1262442
                  },
                  {
                    "Node Type": "Index Scan",
                    "Parent Relationship": "Inner",
                    "Parallel Aware": false,
                    "Scan Direction": "Forward",
                    "Index Name": "movie_id_movie_companies",
                    "Relation Name": "movie_companies",
                    "Alias": "mc",
                    "Startup Cost": 0.43,
                    "Total Cost": 15.48,
                    "Plan Rows": 3,
                    "Plan Width": 4,
                    "Actual Startup Time": 0.012,
                    "Actual Total Time": 0.012,
                    "Actual Rows": 1,
                    "Actual Loops": 3427,
                    "Index Cond": "(movie_id = t.id)",
                    "Rows Removed by Index Recheck": 0,
                    "Filter": "(company_type_id = 2)",
                    "Rows Removed by Filter": 1
                  }
                ]
              }
            ]
          }
        ]
      }
    ]
  },
  "Planning Time": 0.426,
  "Triggers": [],
  "Execution Time": 190.347
}