[
  {
    "Plan": {
      "Node Type": "Aggregate",
      "Strategy": "Plain",
      "Partial Mode": "Simple",
      "Parallel Aware": false,
      "Startup Cost": 176986.54,
      "Total Cost": 176986.55,
      "Plan Rows": 1,
      "Plan Width": 8,
      "Actual Startup Time": 56.653,
      "Actual Total Time": 56.654,
      "Actual Rows": 1,
      "Actual Loops": 1,
      "Plans": [
        {
          "Node Type": "Bitmap Heap Scan",
          "Parent Relationship": "Outer",
          "Parallel Aware": false,
          "Relation Name": "movie_info",
          "Alias": "mi",
          "Startup Cost": 3576.48,
          "Total Cost": 176492.33,
          "Plan Rows": 197683,
          "Plan Width": 0,
          "Actual Startup Time": 16.467,
          "Actual Total Time": 47.043,
          "Actual Rows": 197754,
          "Actual Loops": 1,
          "Recheck Cond": "(info_type_id > 106)",
          "Rows Removed by Index Recheck": 0,
          "Exact Heap Blocks": 4967,
          "Lossy Heap Blocks": 0,
          "Plans": [
            {
              "Node Type": "Bitmap Index Scan",
              "Parent Relationship": "Outer",
              "Parallel Aware": false,
              "Index Name": "info_type_id_movie_info",
              "Startup Cost": 0.0,
              "Total Cost": 3527.06,
              "Plan Rows": 197683,
              "Plan Width": 0,
              "Actual Startup Time": 15.309,
              "Actual Total Time": 15.309,
              "Actual Rows": 197754,
              "Actual Loops": 1,
              "Index Cond": "(info_type_id > 106)"
            }
          ]
        }
      ]
    },
    "Planning Time": 0.248,
    "Triggers": [],
    "Execution Time": 56.713
  }
]