[
  {
    "Plan": {
      "Node Type": "Aggregate",
      "Strategy": "Plain",
      "Partial Mode": "Finalize",
      "Parallel Aware": false,
      "Startup Cost": 397292.93,
      "Total Cost": 397292.94,
      "Plan Rows": 1,
      "Plan Width": 8,
      "Actual Startup Time": 2158.215,
      "Actual Total Time": 2216.561,
      "Actual Rows": 1,
      "Actual Loops": 1,
      "Plans": [
        {
          "Node Type": "Gather",
          "Parent Relationship": "Outer",
          "Parallel Aware": false,
          "Startup Cost": 397292.31,
          "Total Cost": 397292.92,
          "Plan Rows": 6,
          "Plan Width": 8,
          "Actual Startup Time": 2141.932,
          "Actual Total Time": 2216.548,
          "Actual Rows": 7,
          "Actual Loops": 1,
          "Workers Planned": 6,
          "Workers Launched": 6,
          "Single Copy": false,
          "Plans": [
            {
              "Node Type": "Aggregate",
              "Strategy": "Plain",
              "Partial Mode": "Partial",
              "Parent Relationship": "Outer",
              "Parallel Aware": false,
              "Startup Cost": 396292.31,
              "Total Cost": 396292.32,
              "Plan Rows": 1,
              "Plan Width": 8,
              "Actual Startup Time": 2128.546,
              "Actual Total Time": 2128.548,
              "Actual Rows": 1,
              "Actual Loops": 7,
              "Plans": [
                {
                  "Node Type": "Hash Join",
                  "Parent Relationship": "Outer",
                  "Parallel Aware": true,
                  "Join Type": "Inner",
                  "Startup Cost": 50921.46,
                  "Total Cost": 389475.14,
                  "Plan Rows": 2726869,
                  "Plan Width": 0,
                  "Actual Startup Time": 392.328,
                  "Actual Total Time": 2028.904,
                  "Actual Rows": 2389080,
                  "Actual Loops": 7,
                  "Inner Unique": true,
                  "Hash Cond": "(ci.movie_id = t.id)",
                  "Plans": [
                    {
                      "Node Type": "Seq Scan",
                      "Parent Relationship": "Outer",
                      "Parallel Aware": true,
                      "Relation Name": "cast_info",
                      "Alias": "ci",
                      "Startup Cost": 0.0,
                      "Total Cost": 328162.03,
                      "Plan Rows": 3958715,
                      "Plan Width": 4,
                      "Actual Startup Time": 195.243,
                      "Actual Total Time": 668.963,
                      "Actual Rows": 3367665,
                      "Actual Loops": 7,
                      "Filter": "(role_id > 1)",
                      "Rows Removed by Filter": 1810098
                    },
                    {
                      "Node Type": "Hash",
                      "Parent Relationship": "Inner",
                      "Parallel Aware": true,
                      "Startup Cost": 45479.1,
                      "Total Cost": 45479.1,
                      "Plan Rows": 435389,
                      "Plan Width": 4,
                      "Actual Startup Time": 192.567,
                      "Actual Total Time": 192.568,
                      "Actual Rows": 257129,
                      "Actual Loops": 7,
                      "Hash Buckets": 2097152,
                      "Original Hash Buckets": 2097152,
                      "Hash Batches": 1,
                      "Original Hash Batches": 1,
                      "Peak Memory Usage": 86912,
                      "Plans": [
                        {
                          "Node Type": "Seq Scan",
                          "Parent Relationship": "Outer",
                          "Parallel Aware": true,
                          "Relation Name": "title",
                          "Alias": "t",
                          "Startup Cost": 0.0,
                          "Total Cost": 45479.1,
                          "Plan Rows": 435389,
                          "Plan Width": 4,
                          "Actual Startup Time": 0.04,
                          "Actual Total Time": 81.221,
                          "Actual Rows": 257129,
                          "Actual Loops": 7,
                          "Filter": "((kind_id > 1) AND (production_year > 1923))",
                          "Rows Removed by Filter": 104058
                        }
                      ]
                    }
                  ]
                }
              ]
            }
          ]
        }
      ]
    },
    "Planning Time": 0.608,
    "Triggers": [],
    "Execution Time": 2216.65
  }
]