[
  {
    "Plan": {
      "Node Type": "Aggregate",
      "Strategy": "Plain",
      "Partial Mode": "Finalize",
      "Parallel Aware": false,
      "Startup Cost": 362266.35,
      "Total Cost": 362266.36,
      "Plan Rows": 1,
      "Plan Width": 8,
      "Actual Startup Time": 765.17,
      "Actual Total Time": 826.388,
      "Actual Rows": 1,
      "Actual Loops": 1,
      "Plans": [
        {
          "Node Type": "Gather",
          "Parent Relationship": "Outer",
          "Parallel Aware": false,
          "Startup Cost": 362265.93,
          "Total Cost": 362266.34,
          "Plan Rows": 4,
          "Plan Width": 8,
          "Actual Startup Time": 765.03,
          "Actual Total Time": 826.378,
          "Actual Rows": 5,
          "Actual Loops": 1,
          "Workers Planned": 4,
          "Workers Launched": 4,
          "Single Copy": false,
          "Plans": [
            {
              "Node Type": "Aggregate",
              "Strategy": "Plain",
              "Partial Mode": "Partial",
              "Parent Relationship": "Outer",
              "Parallel Aware": false,
              "Startup Cost": 361265.93,
              "Total Cost": 361265.94,
              "Plan Rows": 1,
              "Plan Width": 8,
              "Actual Startup Time": 757.194,
              "Actual Total Time": 757.195,
              "Actual Rows": 1,
              "Actual Loops": 5,
              "Plans": [
                {
                  "Node Type": "Nested Loop",
                  "Parent Relationship": "Outer",
                  "Parallel Aware": false,
                  "Join Type": "Inner",
                  "Startup Cost": 0.56,
                  "Total Cost": 360810.47,
                  "Plan Rows": 182186,
                  "Plan Width": 0,
                  "Actual Startup Time": 51.769,
                  "Actual Total Time": 739.603,
                  "Actual Rows": 351514,
                  "Actual Loops": 5,
                  "Inner Unique": false,
                  "Plans": [
                    {
                      "Node Type": "Seq Scan",
                      "Parent Relationship": "Outer",
                      "Parallel Aware": true,
                      "Relation Name": "title",
                      "Alias": "t",
                      "Startup Cost": 0.0,
                      "Total Cost": 45479.1,
                      "Plan Rows": 12714,
                      "Plan Width": 4,
                      "Actual Startup Time": 51.667,
                      "Actual Total Time": 83.549,
                      "Actual Rows": 35440,
                      "Actual Loops": 5,
                      "Filter": "((production_year < 1956) AND (kind_id = 1))",
                      "Rows Removed by Filter": 470223
                    },
                    {
                      "Node Type": "Index Only Scan",
                      "Parent Relationship": "Inner",
                      "Parallel Aware": false,
                      "Scan Direction": "Forward",
                      "Index Name": "movie_id_cast_info",
                      "Relation Name": "cast_info",
                      "Alias": "ci",
                      "Startup Cost": 0.56,
                      "Total Cost": 24.43,
                      "Plan Rows": 37,
                      "Plan Width": 4,
                      "Actual Startup Time": 0.005,
                      "Actual Total Time": 0.018,
                      "Actual Rows": 10,
                      "Actual Loops": 177199,
                      "Index Cond": "(movie_id = t.id)",
                      "Rows Removed by Index Recheck": 0,
                      "Heap Fetches": 1757569
                    }
                  ]
                }
              ]
            }
          ]
        }
      ]
    },
    "Planning Time": 0.614,
    "Triggers": [],
    "Execution Time": 826.482
  }
]