[
  {
    "Plan": {
      "Node Type": "Aggregate",
      "Strategy": "Plain",
      "Partial Mode": "Finalize",
      "Parallel Aware": false,
      "Startup Cost": 332819.1,
      "Total Cost": 332819.11,
      "Plan Rows": 1,
      "Plan Width": 8,
      "Actual Startup Time": 742.79,
      "Actual Total Time": 795.681,
      "Actual Rows": 1,
      "Actual Loops": 1,
      "Plans": [
        {
          "Node Type": "Gather",
          "Parent Relationship": "Outer",
          "Parallel Aware": false,
          "Startup Cost": 332818.47,
          "Total Cost": 332819.08,
          "Plan Rows": 6,
          "Plan Width": 8,
          "Actual Startup Time": 742.604,
          "Actual Total Time": 795.671,
          "Actual Rows": 7,
          "Actual Loops": 1,
          "Workers Planned": 6,
          "Workers Launched": 6,
          "Single Copy": false,
          "Plans": [
            {
              "Node Type": "Aggregate",
              "Strategy": "Plain",
              "Partial Mode": "Partial",
              "Parent Relationship": "Outer",
              "Parallel Aware": false,
              "Startup Cost": 331818.47,
              "Total Cost": 331818.48,
              "Plan Rows": 1,
              "Plan Width": 8,
              "Actual Startup Time": 735.605,
              "Actual Total Time": 735.606,
              "Actual Rows": 1,
              "Actual Loops": 7,
              "Plans": [
                {
                  "Node Type": "Seq Scan",
                  "Parent Relationship": "Outer",
                  "Parallel Aware": true,
                  "Relation Name": "cast_info",
                  "Alias": "ci",
                  "Startup Cost": 0.0,
                  "Total Cost": 328211.39,
                  "Plan Rows": 1442832,
                  "Plan Width": 0,
                  "Actual Startup Time": 0.047,
                  "Actual Total Time": 659.114,
                  "Actual Rows": 1244571,
                  "Actual Loops": 7,
                  "Filter": "(person_id < 857898)",
                  "Rows Removed by Filter": 3933192
                }
              ]
            }
          ]
        }
      ]
    },
    "Planning Time": 0.085,
    "Triggers": [],
    "Execution Time": 795.724
  }
]