[
  {
    "Plan": {
      "Node Type": "Aggregate",
      "Strategy": "Plain",
      "Partial Mode": "Finalize",
      "Parallel Aware": false,
      "Startup Cost": 285471.63,
      "Total Cost": 285471.64,
      "Plan Rows": 1,
      "Plan Width": 8,
      "Actual Startup Time": 821.66,
      "Actual Total Time": 871.757,
      "Actual Rows": 1,
      "Actual Loops": 1,
      "Plans": [
        {
          "Node Type": "Gather",
          "Parent Relationship": "Outer",
          "Parallel Aware": false,
          "Startup Cost": 285471.11,
          "Total Cost": 285471.62,
          "Plan Rows": 5,
          "Plan Width": 8,
          "Actual Startup Time": 811.169,
          "Actual Total Time": 871.737,
          "Actual Rows": 6,
          "Actual Loops": 1,
          "Workers Planned": 5,
          "Workers Launched": 5,
          "Single Copy": false,
          "Plans": [
            {
              "Node Type": "Aggregate",
              "Strategy": "Plain",
              "Partial Mode": "Partial",
              "Parent Relationship": "Outer",
              "Parallel Aware": false,
              "Startup Cost": 284471.11,
              "Total Cost": 284471.12,
              "Plan Rows": 1,
              "Plan Width": 8,
              "Actual Startup Time": 803.002,
              "Actual Total Time": 803.404,
              "Actual Rows": 1,
              "Actual Loops": 6,
              "Plans": [
                {
                  "Node Type": "Hash Join",
                  "Parent Relationship": "Outer",
                  "Parallel Aware": true,
                  "Join Type": "Inner",
                  "Startup Cost": 82502.51,
                  "Total Cost": 284215.12,
                  "Plan Rows": 102397,
                  "Plan Width": 0,
                  "Actual Startup Time": 409.159,
                  "Actual Total Time": 785.86,
                  "Actual Rows": 410581,
                  "Actual Loops": 6,
                  "Inner Unique": false,
                  "Hash Cond": "(mi.movie_id = t.id)",
                  "Plans": [
                    {
                      "Node Type": "Seq Scan",
                      "Parent Relationship": "Outer",
                      "Parallel Aware": true,
                      "Relation Name": "movie_info",
                      "Alias": "mi",
                      "Startup Cost": 0.0,
                      "Total Cost": 199108.24,
                      "Plan Rows": 606414,
                      "Plan Width": 4,
                      "Actual Startup Time": 73.065,
                      "Actual Total Time": 322.905,
                      "Actual Rows": 506120,
                      "Actual Loops": 6,
                      "Filter": "(info_type_id = 16)",
                      "Rows Removed by Filter": 1966500
                    },
                    {
                      "Node Type": "Hash",
                      "Parent Relationship": "Inner",
                      "Parallel Aware": true,
                      "Startup Cost": 80780.98,
                      "Total Cost": 80780.98,
                      "Plan Rows": 137723,
                      "Plan Width": 8,
                      "Actual Startup Time": 334.047,
                      "Actual Total Time": 334.447,
                      "Actual Rows": 136031,
                      "Actual Loops": 6,
                      "Hash Buckets": 1048576,
                      "Original Hash Buckets": 524288,
                      "Hash Batches": 1,
                      "Original Hash Batches": 1,
                      "Peak Memory Usage": 44288,
                      "Plans": [
                        {
                          "Node Type": "Hash Join",
                          "Parent Relationship": "Outer",
                          "Parallel Aware": true,
                          "Join Type": "Inner",
                          "Startup Cost": 48381.96,
                          "Total Cost": 80780.98,
                          "Plan Rows": 137723,
                          "Plan Width": 8,
                          "Actual Startup Time": 175.712,
                          "Actual Total Time": 272.209,
                          "Actual Rows": 136031,
                          "Actual Loops": 6,
                          "Inner Unique": true,
                          "Hash Cond": "(mc.movie_id = t.id)",
                          "Plans": [
                            {
                              "Node Type": "Seq Scan",
                              "Parent Relationship": "Outer",
                              "Parallel Aware": true,
                              "Relation Name": "movie_companies",
                              "Alias": "mc",
                              "Startup Cost": 0.0,
                              "Total Cost": 31414.82,
                              "Plan Rows": 374932,
                              "Plan Width": 4,
                              "Actual Startup Time": 25.073,
                              "Actual Total Time": 54.739,
                              "Actual Rows": 210962,
                              "Actual Loops": 6,
                              "Filter": "((company_id > 160) AND (company_type_id > 1))",
                              "Rows Removed by Filter": 223893
                            },
                            {
                              "Node Type": "Hash",
                              "Parent Relationship": "Inner",
                              "Parallel Aware": true,
                              "Startup Cost": 45479.59,
                              "Total Cost": 45479.59,
                              "Plan Rows": 232190,
                              "Plan Width": 4,
                              "Actual Startup Time": 148.954,
                              "Actual Total Time": 148.955,
                              "Actual Rows": 149986,
                              "Actual Loops": 6,
                              "Hash Buckets": 1048576,
                              "Original Hash Buckets": 1048576,
                              "Hash Batches": 1,
                              "Original Hash Batches": 1,
                              "Peak Memory Usage": 43456,
                              "Plans": [
                                {
                                  "Node Type": "Seq Scan",
                                  "Parent Relationship": "Outer",
                                  "Parallel Aware": true,
                                  "Relation Name": "title",
                                  "Alias": "t",
                                  "Startup Cost": 0.0,
                                  "Total Cost": 45479.59,
                                  "Plan Rows": 232190,
                                  "Plan Width": 4,
                                  "Actual Startup Time": 0.042,
                                  "Actual Total Time": 84.744,
                                  "Actual Rows": 149986,
                                  "Actual Loops": 6,
                                  "Filter": "((kind_id < 7) AND (production_year > 1917))",
                                  "Rows Removed by Filter": 271400
                                }
                              ]
                            }
                          ]
                        }
                      ]
                    }
                  ]
                }
              ]
            }
          ]
        }
      ]
    },
    "Planning Time": 0.912,
    "Triggers": [],
    "Execution Time": 871.832
  }
]