[
  {
    "Plan": {
      "Node Type": "Aggregate",
      "Strategy": "Plain",
      "Partial Mode": "Finalize",
      "Parallel Aware": false,
      "Startup Cost": 109500.03,
      "Total Cost": 109500.04,
      "Plan Rows": 1,
      "Plan Width": 8,
      "Actual Startup Time": 829.888,
      "Actual Total Time": 908.462,
      "Actual Rows": 1,
      "Actual Loops": 1,
      "Plans": [
        {
          "Node Type": "Gather",
          "Parent Relationship": "Outer",
          "Parallel Aware": false,
          "Startup Cost": 109499.61,
          "Total Cost": 109500.02,
          "Plan Rows": 4,
          "Plan Width": 8,
          "Actual Startup Time": 829.025,
          "Actual Total Time": 908.439,
          "Actual Rows": 5,
          "Actual Loops": 1,
          "Workers Planned": 4,
          "Workers Launched": 4,
          "Single Copy": false,
          "Plans": [
            {
              "Node Type": "Aggregate",
              "Strategy": "Plain",
              "Partial Mode": "Partial",
              "Parent Relationship": "Outer",
              "Parallel Aware": false,
              "Startup Cost": 108499.61,
              "Total Cost": 108499.62,
              "Plan Rows": 1,
              "Plan Width": 8,
              "Actual Startup Time": 818.259,
              "Actual Total Time": 818.263,
              "Actual Rows": 1,
              "Actual Loops": 5,
              "Plans": [
                {
                  "Node Type": "Nested Loop",
                  "Parent Relationship": "Outer",
                  "Parallel Aware": false,
                  "Join Type": "Inner",
                  "Startup Cost": 21191.85,
                  "Total Cost": 108379.08,
                  "Plan Rows": 48212,
                  "Plan Width": 0,
                  "Actual Startup Time": 47.744,
                  "Actual Total Time": 814.023,
                  "Actual Rows": 54749,
                  "Actual Loops": 5,
                  "Inner Unique": false,
                  "Plans": [
                    {
                      "Node Type": "Hash Join",
                      "Parent Relationship": "Outer",
                      "Parallel Aware": true,
                      "Join Type": "Inner",
                      "Startup Cost": 21191.28,
                      "Total Cost": 66735.49,
                      "Plan Rows": 20185,
                      "Plan Width": 8,
                      "Actual Startup Time": 47.211,
                      "Actual Total Time": 213.151,
                      "Actual Rows": 16814,
                      "Actual Loops": 5,
                      "Inner Unique": false,
                      "Hash Cond": "(t.id = mc.movie_id)",
                      "Plans": [
                        {
                          "Node Type": "Seq Scan",
                          "Parent Relationship": "Outer",
                          "Parallel Aware": true,
                          "Relation Name": "title",
                          "Alias": "t",
                          "Startup Cost": 0.0,
                          "Total Cost": 42318.73,
                          "Plan Rows": 632073,
                          "Plan Width": 4,
                          "Actual Startup Time": 0.014,
                          "Actual Total Time": 64.711,
                          "Actual Rows": 505662,
                          "Actual Loops": 5
                        },
                        {
                          "Node Type": "Hash",
                          "Parent Relationship": "Inner",
                          "Parallel Aware": true,
                          "Startup Cost": 20865.72,
                          "Total Cost": 20865.72,
                          "Plan Rows": 26045,
                          "Plan Width": 4,
                          "Actual Startup Time": 45.536,
                          "Actual Total Time": 45.537,
                          "Actual Rows": 16814,
                          "Actual Loops": 5,
                          "Hash Buckets": 131072,
                          "Original Hash Buckets": 131072,
                          "Hash Batches": 1,
                          "Original Hash Batches": 1,
                          "Peak Memory Usage": 4384,
                          "Plans": [
                            {
                              "Node Type": "Bitmap Heap Scan",
                              "Parent Relationship": "Outer",
                              "Parallel Aware": true,
                              "Relation Name": "movie_companies",
                              "Alias": "mc",
                              "Startup Cost": 1750.16,
                              "Total Cost": 20865.72,
                              "Plan Rows": 26045,
                              "Plan Width": 4,
                              "Actual Startup Time": 10.379,
                              "Actual Total Time": 35.066,
                              "Actual Rows": 16814,
                              "Actual Loops": 5,
                              "Recheck Cond": "(company_id < 19)",
                              "Rows Removed by Index Recheck": 0,
                              "Exact Heap Blocks": 4455,
                              "Lossy Heap Blocks": 0,
                              "Plans": [
                                {
                                  "Node Type": "Bitmap Index Scan",
                                  "Parent Relationship": "Outer",
                                  "Parallel Aware": false,
                                  "Index Name": "company_id_movie_companies",
                                  "Startup Cost": 0.0,
                                  "Total Cost": 1729.97,
                                  "Plan Rows": 80739,
                                  "Plan Width": 0,
                                  "Actual Startup Time": 12.074,
                                  "Actual Total Time": 12.075,
                                  "Actual Rows": 84071,
                                  "Actual Loops": 1,
                                  "Index Cond": "(company_id < 19)"
                                }
                              ]
                            }
                          ]
                        }
                      ]
                    },
                    {
                      "Node Type": "Index Scan",
                      "Parent Relationship": "Inner",
                      "Parallel Aware": false,
                      "Scan Direction": "Forward",
                      "Index Name": "movie_id_cast_info",
                      "Relation Name": "cast_info",
                      "Alias": "ci",
                      "Startup Cost": 0.56,
                      "Total Cost": 2.0,
                      "Plan Rows": 6,
                      "Plan Width": 4,
                      "Actual Startup Time": 0.024,
                      "Actual Total Time": 0.035,
                      "Actual Rows": 3,
                      "Actual Loops": 84071,
                      "Index Cond": "(movie_id = t.id)",
                      "Rows Removed by Index Recheck": 0,
                      "Filter": "((person_id < 1316779) AND (role_id > 2))",
                      "Rows Removed by Filter": 21
                    }
                  ]
                }
              ]
            }
          ]
        }
      ]
    },
    "Planning Time": 1.619,
    "Triggers": [],
    "Execution Time": 908.604
  }
]