{
  "Plan": {
    "Node Type": "Aggregate",
    "Strategy": "Plain",
    "Partial Mode": "Simple",
    "Parallel Aware": false,
    "Startup Cost": 3226.48,
    "Total Cost": 3226.49,
    "Plan Rows": 1,
    "Plan Width": 8,
    "Actual Startup Time": 3.878,
    "Actual Total Time": 3.881,
    "Actual Rows": 1,
    "Actual Loops": 1,
    "Plans": [
      {
        "Node Type": "Nested Loop",
        "Parent Relationship": "Outer",
        "Parallel Aware": false,
        "Join Type": "Inner",
        "Startup Cost": 1.43,
        "Total Cost": 3224.7,
        "Plan Rows": 713,
        "Plan Width": 0,
        "Actual Startup Time": 0.283,
        "Actual Total Time": 3.797,
        "Actual Rows": 247,
        "Actual Loops": 1,
        "Inner Unique": false,
        "Plans": [
          {
            "Node Type": "Nested Loop",
            "Parent Relationship": "Outer",
            "Parallel Aware": false,
            "Join Type": "Inner",
            "Startup Cost": 0.99,
            "Total Cost": 2953.48,
            "Plan Rows": 122,
            "Plan Width": 8,
            "Actual Startup Time": 0.259,
            "Actual Total Time": 2.314,
            "Actual Rows": 203,
            "Actual Loops": 1,
            "Inner Unique": true,
            "Plans": [
              {
                "Node Type": "Index Scan",
                "Parent Relationship": "Outer",
                "Parallel Aware": false,
                "Scan Direction": "Forward",
                "Index Name": "person_id_cast_info",
                "Relation Name": "cast_info",
                "Alias": "ci",
                "Startup Cost": 0.56,
                "Total Cost": 1059.67,
                "Plan Rows": 225,
                "Plan Width": 4,
                "Actual Startup Time": 0.213,
                "Actual Total Time": 0.383,
                "Actual Rows": 233,
                "Actual Loops": 1,
                "Index Cond": "(person_id = 922598)",
                "Rows Removed by Index Recheck": 0,
                "Filter": "(role_id > 2)",
                "Rows Removed by Filter": 1
              },
              {
                "Node Type": "Index Scan",
                "Parent Relationship": "Inner",
                "Parallel Aware": false,
                "Scan Direction": "Forward",
                "Index Name": "title_pkey",
                "Relation Name": "title",
                "Alias": "t",
                "Startup Cost": 0.43,
                "Total Cost": 8.42,
                "Plan Rows": 1,
                "Plan Width": 4,
                "Actual Startup Time": 0.007,
                "Actual Total Time": 0.007,
                "Actual Rows": 1,
                "Actual Loops": 233,
                "Index Cond": "(id = ci.movie_id)",
                "Rows Removed by Index Recheck": 0,
                "Filter": "((kind_id > 3) AND (production_year < 2011))",
                "Rows Removed by Filter": 0
              }
            ]
          },
          {
            "Node Type": "Index Only Scan",
            "Parent Relationship": "Inner",
            "Parallel Aware": false,
            "Scan Direction": "Forward",
            "Index Name": "movie_id_movie_info",
            "Relation Name": "movie_info",
            "Alias": "mi",
            "Startup Cost": 0.43,
            "Total Cost": 1.8,
            "Plan Rows": 42,
            "Plan Width": 4,
            "Actual Startup Time": 0.005,
            "Actual Total Time": 0.006,
            "Actual Rows": 1,
            "Actual Loops": 203,
            "Index Cond": "(movie_id = t.id)",
            "Rows Removed by Index Recheck": 0,
            "Heap Fetches": 247
          }
        ]
      }
    ]
  },
  "Planning Time": 1.039,
  "Triggers": [],
  "Execution Time": 3.956
}