[
  {
    "Plan": {
      "Node Type": "Aggregate",
      "Strategy": "Plain",
      "Partial Mode": "Finalize",
      "Parallel Aware": false,
      "Startup Cost": 31202.52,
      "Total Cost": 31202.53,
      "Plan Rows": 1,
      "Plan Width": 8,
      "Actual Startup Time": 98.337,
      "Actual Total Time": 105.745,
      "Actual Rows": 1,
      "Actual Loops": 1,
      "Plans": [
        {
          "Node Type": "Gather",
          "Parent Relationship": "Outer",
          "Parallel Aware": false,
          "Startup Cost": 31202.21,
          "Total Cost": 31202.52,
          "Plan Rows": 3,
          "Plan Width": 8,
          "Actual Startup Time": 98.213,
          "Actual Total Time": 105.735,
          "Actual Rows": 4,
          "Actual Loops": 1,
          "Workers Planned": 3,
          "Workers Launched": 3,
          "Single Copy": false,
          "Plans": [
            {
              "Node Type": "Aggregate",
              "Strategy": "Plain",
              "Partial Mode": "Partial",
              "Parent Relationship": "Outer",
              "Parallel Aware": false,
              "Startup Cost": 30202.21,
              "Total Cost": 30202.22,
              "Plan Rows": 1,
              "Plan Width": 8,
              "Actual Startup Time": 93.117,
              "Actual Total Time": 93.118,
              "Actual Rows": 1,
              "Actual Loops": 4,
              "Plans": [
                {
                  "Node Type": "Seq Scan",
                  "Parent Relationship": "Outer",
                  "Parallel Aware": true,
                  "Relation Name": "movie_companies",
                  "Alias": "mc",
                  "Startup Cost": 0.0,
                  "Total Cost": 29310.68,
                  "Plan Rows": 356610,
                  "Plan Width": 0,
                  "Actual Startup Time": 13.104,
                  "Actual Total Time": 78.77,
                  "Actual Rows": 274627,
                  "Actual Loops": 4,
                  "Filter": "(company_id > 14073)",
                  "Rows Removed by Filter": 377655
                }
              ]
            }
          ]
        }
      ]
    },
    "Planning Time": 0.185,
    "Triggers": [],
    "Execution Time": 105.807
  }
]