[
    {
        "Bao": {
            "Bao prediction": "NaN",
            "Bao recommended hint": "(no hint)"
        }
    },
    {
        "Plan": {
            "Node Type": "Aggregate",
            "Strategy": "Plain",
            "Partial Mode": "Finalize",
            "Parallel Aware": false,
            "Startup Cost": 33211.81,
            "Total Cost": 33211.82,
            "Plan Rows": 1,
            "Plan Width": 8,
            "Actual Startup Time": 101.332,
            "Actual Total Time": 105.335,
            "Actual Rows": 1,
            "Actual Loops": 1,
            "Output": [
                "count(*)"
            ],
            "Plans": [
                {
                    "Node Type": "Gather",
                    "Parent Relationship": "Outer",
                    "Parallel Aware": false,
                    "Startup Cost": 33211.5,
                    "Total Cost": 33211.81,
                    "Plan Rows": 3,
                    "Plan Width": 8,
                    "Actual Startup Time": 101.244,
                    "Actual Total Time": 105.326,
                    "Actual Rows": 4,
                    "Actual Loops": 1,
                    "Output": [
                        "(PARTIAL count(*))"
                    ],
                    "Workers Planned": 3,
                    "Workers Launched": 3,
                    "Single Copy": false,
                    "Plans": [
                        {
                            "Node Type": "Aggregate",
                            "Strategy": "Plain",
                            "Partial Mode": "Partial",
                            "Parent Relationship": "Outer",
                            "Parallel Aware": false,
                            "Startup Cost": 32211.5,
                            "Total Cost": 32211.51,
                            "Plan Rows": 1,
                            "Plan Width": 8,
                            "Actual Startup Time": 92.97,
                            "Actual Total Time": 92.971,
                            "Actual Rows": 1,
                            "Actual Loops": 4,
                            "Output": [
                                "PARTIAL count(*)"
                            ],
                            "Workers": [
                                {
                                    "Worker Number": 0,
                                    "Actual Startup Time": 90.272,
                                    "Actual Total Time": 90.273,
                                    "Actual Rows": 1,
                                    "Actual Loops": 1
                                },
                                {
                                    "Worker Number": 1,
                                    "Actual Startup Time": 90.473,
                                    "Actual Total Time": 90.474,
                                    "Actual Rows": 1,
                                    "Actual Loops": 1
                                },
                                {
                                    "Worker Number": 2,
                                    "Actual Startup Time": 90.526,
                                    "Actual Total Time": 90.527,
                                    "Actual Rows": 1,
                                    "Actual Loops": 1
                                }
                            ],
                            "Plans": [
                                {
                                    "Node Type": "Seq Scan",
                                    "Parent Relationship": "Outer",
                                    "Parallel Aware": true,
                                    "Relation Name": "movie_companies",
                                    "Schema": "public",
                                    "Alias": "mc",
                                    "Startup Cost": 0.0,
                                    "Total Cost": 31414.82,
                                    "Plan Rows": 318671,
                                    "Plan Width": 0,
                                    "Actual Startup Time": 47.198,
                                    "Actual Total Time": 81.348,
                                    "Actual Rows": 285925,
                                    "Actual Loops": 4,
                                    "Output": [
                                        "id",
                                        "movie_id",
                                        "company_id",
                                        "company_type_id",
                                        "note"
                                    ],
                                    "Filter": "((mc.company_id > 1085) AND (mc.company_type_id > 1))",
                                    "Rows Removed by Filter": 366358,
                                    "Workers": [
                                        {
                                            "Worker Number": 0,
                                            "Actual Startup Time": 44.499,
                                            "Actual Total Time": 78.958,
                                            "Actual Rows": 278012,
                                            "Actual Loops": 1
                                        },
                                        {
                                            "Worker Number": 1,
                                            "Actual Startup Time": 44.71,
                                            "Actual Total Time": 79.024,
                                            "Actual Rows": 281202,
                                            "Actual Loops": 1
                                        },
                                        {
                                            "Worker Number": 2,
                                            "Actual Startup Time": 44.744,
                                            "Actual Total Time": 79.194,
                                            "Actual Rows": 279114,
                                            "Actual Loops": 1
                                        }
                                    ]
                                }
                            ]
                        }
                    ]
                }
            ]
        },
        "Planning Time": 198.18,
        "Triggers": [],
        "Execution Time": 105.432
    }
]