[
  {
    "Plan": {
      "Node Type": "Aggregate",
      "Strategy": "Plain",
      "Partial Mode": "Finalize",
      "Parallel Aware": false,
      "Startup Cost": 119145.35,
      "Total Cost": 119145.36,
      "Plan Rows": 1,
      "Plan Width": 8,
      "Actual Startup Time": 514.242,
      "Actual Total Time": 534.116,
      "Actual Rows": 1,
      "Actual Loops": 1,
      "Plans": [
        {
          "Node Type": "Gather",
          "Parent Relationship": "Outer",
          "Parallel Aware": false,
          "Startup Cost": 119145.03,
          "Total Cost": 119145.34,
          "Plan Rows": 3,
          "Plan Width": 8,
          "Actual Startup Time": 512.866,
          "Actual Total Time": 534.102,
          "Actual Rows": 4,
          "Actual Loops": 1,
          "Workers Planned": 3,
          "Workers Launched": 3,
          "Single Copy": false,
          "Plans": [
            {
              "Node Type": "Aggregate",
              "Strategy": "Plain",
              "Partial Mode": "Partial",
              "Parent Relationship": "Outer",
              "Parallel Aware": false,
              "Startup Cost": 118145.03,
              "Total Cost": 118145.04,
              "Plan Rows": 1,
              "Plan Width": 8,
              "Actual Startup Time": 495.579,
              "Actual Total Time": 495.584,
              "Actual Rows": 1,
              "Actual Loops": 4,
              "Plans": [
                {
                  "Node Type": "Nested Loop",
                  "Parent Relationship": "Outer",
                  "Parallel Aware": false,
                  "Join Type": "Inner",
                  "Startup Cost": 46612.29,
                  "Total Cost": 118092.03,
                  "Plan Rows": 21201,
                  "Plan Width": 0,
                  "Actual Startup Time": 158.355,
                  "Actual Total Time": 488.27,
                  "Actual Rows": 137212,
                  "Actual Loops": 4,
                  "Inner Unique": false,
                  "Join Filter": "(t.id = mc.movie_id)",
                  "Rows Removed by Join Filter": 0,
                  "Plans": [
                    {
                      "Node Type": "Hash Join",
                      "Parent Relationship": "Outer",
                      "Parallel Aware": true,
                      "Join Type": "Inner",
                      "Startup Cost": 46611.86,
                      "Total Cost": 90043.91,
                      "Plan Rows": 40200,
                      "Plan Width": 8,
                      "Actual Startup Time": 158.262,
                      "Actual Total Time": 269.923,
                      "Actual Rows": 45522,
                      "Actual Loops": 4,
                      "Inner Unique": true,
                      "Hash Cond": "(mk.movie_id = t.id)",
                      "Plans": [
                        {
                          "Node Type": "Seq Scan",
                          "Parent Relationship": "Outer",
                          "Parallel Aware": true,
                          "Relation Name": "movie_keyword",
                          "Alias": "mk",
                          "Startup Cost": 0.0,
                          "Total Cost": 42695.65,
                          "Plan Rows": 280530,
                          "Plan Width": 4,
                          "Actual Startup Time": 0.018,
                          "Actual Total Time": 95.458,
                          "Actual Rows": 217254,
                          "Actual Loops": 4,
                          "Filter": "(keyword_id < 826)",
                          "Rows Removed by Filter": 913728
                        },
                        {
                          "Node Type": "Hash",
                          "Parent Relationship": "Inner",
                          "Parallel Aware": true,
                          "Startup Cost": 45479.59,
                          "Total Cost": 45479.59,
                          "Plan Rows": 90582,
                          "Plan Width": 4,
                          "Actual Startup Time": 130.729,
                          "Actual Total Time": 130.729,
                          "Actual Rows": 68504,
                          "Actual Loops": 4,
                          "Hash Buckets": 524288,
                          "Original Hash Buckets": 524288,
                          "Hash Batches": 1,
                          "Original Hash Batches": 1,
                          "Peak Memory Usage": 14880,
                          "Plans": [
                            {
                              "Node Type": "Seq Scan",
                              "Parent Relationship": "Outer",
                              "Parallel Aware": true,
                              "Relation Name": "title",
                              "Alias": "t",
                              "Startup Cost": 0.0,
                              "Total Cost": 45479.59,
                              "Plan Rows": 90582,
                              "Plan Width": 4,
                              "Actual Startup Time": 48.734,
                              "Actual Total Time": 106.155,
                              "Actual Rows": 68504,
                              "Actual Loops": 4,
                              "Filter": "((production_year > 2000) AND (kind_id = 1))",
                              "Rows Removed by Filter": 563574
                            }
                          ]
                        }
                      ]
                    },
                    {
                      "Node Type": "Index Scan",
                      "Parent Relationship": "Inner",
                      "Parallel Aware": false,
                      "Scan Direction": "Forward",
                      "Index Name": "movie_id_movie_companies",
                      "Relation Name": "movie_companies",
                      "Alias": "mc",
                      "Startup Cost": 0.43,
                      "Total Cost": 0.66,
                      "Plan Rows": 3,
                      "Plan Width": 4,
                      "Actual Startup Time": 0.004,
                      "Actual Total Time": 0.004,
                      "Actual Rows": 3,
                      "Actual Loops": 182086,
                      "Index Cond": "(movie_id = mk.movie_id)",
                      "Rows Removed by Index Recheck": 0,
                      "Filter": "(company_type_id > 1)",
                      "Rows Removed by Filter": 8
                    }
                  ]
                }
              ]
            }
          ]
        }
      ]
    },
    "Planning Time": 1.579,
    "Triggers": [],
    "Execution Time": 534.228
  }
]