[
  {
    "Plan": {
      "Node Type": "Aggregate",
      "Strategy": "Plain",
      "Partial Mode": "Finalize",
      "Parallel Aware": false,
      "Startup Cost": 89472.93,
      "Total Cost": 89472.94,
      "Plan Rows": 1,
      "Plan Width": 8,
      "Actual Startup Time": 252.295,
      "Actual Total Time": 271.489,
      "Actual Rows": 1,
      "Actual Loops": 1,
      "Plans": [
        {
          "Node Type": "Gather",
          "Parent Relationship": "Outer",
          "Parallel Aware": false,
          "Startup Cost": 89472.61,
          "Total Cost": 89472.92,
          "Plan Rows": 3,
          "Plan Width": 8,
          "Actual Startup Time": 251.694,
          "Actual Total Time": 271.481,
          "Actual Rows": 4,
          "Actual Loops": 1,
          "Workers Planned": 3,
          "Workers Launched": 3,
          "Single Copy": false,
          "Plans": [
            {
              "Node Type": "Aggregate",
              "Strategy": "Plain",
              "Partial Mode": "Partial",
              "Parent Relationship": "Outer",
              "Parallel Aware": false,
              "Startup Cost": 88472.61,
              "Total Cost": 88472.62,
              "Plan Rows": 1,
              "Plan Width": 8,
              "Actual Startup Time": 245.154,
              "Actual Total Time": 245.158,
              "Actual Rows": 1,
              "Actual Loops": 4,
              "Plans": [
                {
                  "Node Type": "Hash Join",
                  "Parent Relationship": "Outer",
                  "Parallel Aware": true,
                  "Join Type": "Inner",
                  "Startup Cost": 60620.86,
                  "Total Cost": 88435.28,
                  "Plan Rows": 14933,
                  "Plan Width": 0,
                  "Actual Startup Time": 149.507,
                  "Actual Total Time": 244.994,
                  "Actual Rows": 1756,
                  "Actual Loops": 4,
                  "Inner Unique": true,
                  "Hash Cond": "(mk.movie_id = t.id)",
                  "Plans": [
                    {
                      "Node Type": "Bitmap Heap Scan",
                      "Parent Relationship": "Outer",
                      "Parallel Aware": true,
                      "Relation Name": "movie_keyword",
                      "Alias": "mk",
                      "Startup Cost": 14610.22,
                      "Total Cost": 41841.43,
                      "Plan Rows": 222176,
                      "Plan Width": 4,
                      "Actual Startup Time": 37.94,
                      "Actual Total Time": 108.382,
                      "Actual Rows": 174028,
                      "Actual Loops": 4,
                      "Recheck Cond": "(keyword_id < 580)",
                      "Rows Removed by Index Recheck": 0,
                      "Exact Heap Blocks": 9570,
                      "Lossy Heap Blocks": 0,
                      "Plans": [
                        {
                          "Node Type": "Bitmap Index Scan",
                          "Parent Relationship": "Outer",
                          "Parallel Aware": false,
                          "Index Name": "keyword_id_movie_keyword",
                          "Startup Cost": 0.0,
                          "Total Cost": 14438.04,
                          "Plan Rows": 688747,
                          "Plan Width": 0,
                          "Actual Startup Time": 34.268,
                          "Actual Total Time": 34.268,
                          "Actual Rows": 696113,
                          "Actual Loops": 1,
                          "Index Cond": "(keyword_id < 580)"
                        }
                      ]
                    },
                    {
                      "Node Type": "Hash",
                      "Parent Relationship": "Inner",
                      "Parallel Aware": true,
                      "Startup Cost": 45479.59,
                      "Total Cost": 45479.59,
                      "Plan Rows": 42484,
                      "Plan Width": 4,
                      "Actual Startup Time": 108.213,
                      "Actual Total Time": 108.215,
                      "Actual Rows": 19773,
                      "Actual Loops": 4,
                      "Hash Buckets": 262144,
                      "Original Hash Buckets": 262144,
                      "Hash Batches": 1,
                      "Original Hash Batches": 1,
                      "Peak Memory Usage": 5184,
                      "Plans": [
                        {
                          "Node Type": "Seq Scan",
                          "Parent Relationship": "Outer",
                          "Parallel Aware": true,
                          "Relation Name": "title",
                          "Alias": "t",
                          "Startup Cost": 0.0,
                          "Total Cost": 45479.59,
                          "Plan Rows": 42484,
                          "Plan Width": 4,
                          "Actual Startup Time": 0.033,
                          "Actual Total Time": 98.705,
                          "Actual Rows": 19773,
                          "Actual Loops": 4,
                          "Filter": "((production_year < 1965) AND (kind_id = 7))",
                          "Rows Removed by Filter": 612305
                        }
                      ]
                    }
                  ]
                }
              ]
            }
          ]
        }
      ]
    },
    "Planning Time": 0.539,
    "Triggers": [],
    "Execution Time": 271.577
  }
]