[
  {
    "Plan": {
      "Node Type": "Aggregate",
      "Strategy": "Plain",
      "Partial Mode": "Finalize",
      "Parallel Aware": false,
      "Startup Cost": 89516.87,
      "Total Cost": 89516.88,
      "Plan Rows": 1,
      "Plan Width": 8,
      "Actual Startup Time": 293.788,
      "Actual Total Time": 309.034,
      "Actual Rows": 1,
      "Actual Loops": 1,
      "Plans": [
        {
          "Node Type": "Gather",
          "Parent Relationship": "Outer",
          "Parallel Aware": false,
          "Startup Cost": 89516.55,
          "Total Cost": 89516.86,
          "Plan Rows": 3,
          "Plan Width": 8,
          "Actual Startup Time": 292.992,
          "Actual Total Time": 309.025,
          "Actual Rows": 4,
          "Actual Loops": 1,
          "Workers Planned": 3,
          "Workers Launched": 3,
          "Single Copy": false,
          "Plans": [
            {
              "Node Type": "Aggregate",
              "Strategy": "Plain",
              "Partial Mode": "Partial",
              "Parent Relationship": "Outer",
              "Parallel Aware": false,
              "Startup Cost": 88516.55,
              "Total Cost": 88516.56,
              "Plan Rows": 1,
              "Plan Width": 8,
              "Actual Startup Time": 285.261,
              "Actual Total Time": 285.265,
              "Actual Rows": 1,
              "Actual Loops": 4,
              "Plans": [
                {
                  "Node Type": "Hash Join",
                  "Parent Relationship": "Outer",
                  "Parallel Aware": true,
                  "Join Type": "Inner",
                  "Startup Cost": 60657.85,
                  "Total Cost": 88478.63,
                  "Plan Rows": 15169,
                  "Plan Width": 0,
                  "Actual Startup Time": 177.299,
                  "Actual Total Time": 285.036,
                  "Actual Rows": 1756,
                  "Actual Loops": 4,
                  "Inner Unique": true,
                  "Hash Cond": "(mk.movie_id = t.id)",
                  "Plans": [
                    {
                      "Node Type": "Bitmap Heap Scan",
                      "Parent Relationship": "Outer",
                      "Parallel Aware": true,
                      "Relation Name": "movie_keyword",
                      "Alias": "mk",
                      "Startup Cost": 14640.33,
                      "Total Cost": 41876.79,
                      "Plan Rows": 222597,
                      "Plan Width": 4,
                      "Actual Startup Time": 63.337,
                      "Actual Total Time": 142.236,
                      "Actual Rows": 174028,
                      "Actual Loops": 4,
                      "Recheck Cond": "(keyword_id < 580)",
                      "Rows Removed by Index Recheck": 0,
                      "Exact Heap Blocks": 8426,
                      "Lossy Heap Blocks": 0,
                      "Plans": [
                        {
                          "Node Type": "Bitmap Index Scan",
                          "Parent Relationship": "Outer",
                          "Parallel Aware": false,
                          "Index Name": "keyword_id_movie_keyword",
                          "Startup Cost": 0.0,
                          "Total Cost": 14467.82,
                          "Plan Rows": 690051,
                          "Plan Width": 0,
                          "Actual Startup Time": 57.315,
                          "Actual Total Time": 57.316,
                          "Actual Rows": 696113,
                          "Actual Loops": 1,
                          "Index Cond": "(keyword_id < 580)"
                        }
                      ]
                    },
                    {
                      "Node Type": "Hash",
                      "Parent Relationship": "Inner",
                      "Parallel Aware": true,
                      "Startup Cost": 45479.1,
                      "Total Cost": 45479.1,
                      "Plan Rows": 43074,
                      "Plan Width": 4,
                      "Actual Startup Time": 110.519,
                      "Actual Total Time": 110.52,
                      "Actual Rows": 19773,
                      "Actual Loops": 4,
                      "Hash Buckets": 262144,
                      "Original Hash Buckets": 262144,
                      "Hash Batches": 1,
                      "Original Hash Batches": 1,
                      "Peak Memory Usage": 5184,
                      "Plans": [
                        {
                          "Node Type": "Seq Scan",
                          "Parent Relationship": "Outer",
                          "Parallel Aware": true,
                          "Relation Name": "title",
                          "Alias": "t",
                          "Startup Cost": 0.0,
                          "Total Cost": 45479.1,
                          "Plan Rows": 43074,
                          "Plan Width": 4,
                          "Actual Startup Time": 0.043,
                          "Actual Total Time": 101.184,
                          "Actual Rows": 19773,
                          "Actual Loops": 4,
                          "Filter": "((production_year < 1965) AND (kind_id = 7))",
                          "Rows Removed by Filter": 612305
                        }
                      ]
                    }
                  ]
                }
              ]
            }
          ]
        }
      ]
    },
    "Planning Time": 0.621,
    "Triggers": [],
    "Execution Time": 309.139
  }
]