{
  "Plan": {
    "Node Type": "Aggregate",
    "Strategy": "Plain",
    "Partial Mode": "Finalize",
    "Parallel Aware": false,
    "Startup Cost": 124188.85,
    "Total Cost": 124188.86,
    "Plan Rows": 1,
    "Plan Width": 8,
    "Actual Startup Time": 537.49,
    "Actual Total Time": 553.35,
    "Actual Rows": 1,
    "Actual Loops": 1,
    "Plans": [
      {
        "Node Type": "Gather",
        "Parent Relationship": "Outer",
        "Parallel Aware": false,
        "Startup Cost": 124188.74,
        "Total Cost": 124188.85,
        "Plan Rows": 1,
        "Plan Width": 8,
        "Actual Startup Time": 537.144,
        "Actual Total Time": 553.341,
        "Actual Rows": 2,
        "Actual Loops": 1,
        "Workers Planned": 1,
        "Workers Launched": 1,
        "Single Copy": false,
        "Plans": [
          {
            "Node Type": "Aggregate",
            "Strategy": "Plain",
            "Partial Mode": "Partial",
            "Parent Relationship": "Outer",
            "Parallel Aware": false,
            "Startup Cost": 123188.74,
            "Total Cost": 123188.75,
            "Plan Rows": 1,
            "Plan Width": 8,
            "Actual Startup Time": 531.72,
            "Actual Total Time": 531.724,
            "Actual Rows": 1,
            "Actual Loops": 2,
            "Plans": [
              {
                "Node Type": "Hash Join",
                "Parent Relationship": "Outer",
                "Parallel Aware": true,
                "Join Type": "Inner",
                "Startup Cost": 59446.98,
                "Total Cost": 122856.22,
                "Plan Rows": 133007,
                "Plan Width": 0,
                "Actual Startup Time": 166.204,
                "Actual Total Time": 531.048,
                "Actual Rows": 12084,
                "Actual Loops": 2,
                "Inner Unique": true,
                "Hash Cond": "(mk.movie_id = t.id)",
                "Plans": [
                  {
                    "Node Type": "Seq Scan",
                    "Parent Relationship": "Outer",
                    "Parallel Aware": true,
                    "Relation Name": "movie_keyword",
                    "Alias": "mk",
                    "Startup Cost": 0.0,
                    "Total Cost": 57718.19,
                    "Plan Rows": 2168015,
                    "Plan Width": 4,
                    "Actual Startup Time": 0.013,
                    "Actual Total Time": 232.274,
                    "Actual Rows": 1848617,
                    "Actual Loops": 2,
                    "Filter": "(keyword_id < 22234)",
                    "Rows Removed by Filter": 413348
                  },
                  {
                    "Node Type": "Hash",
                    "Parent Relationship": "Inner",
                    "Parallel Aware": true,
                    "Startup Cost": 58306.47,
                    "Total Cost": 58306.47,
                    "Plan Rows": 91241,
                    "Plan Width": 4,
                    "Actual Startup Time": 163.915,
                    "Actual Total Time": 163.916,
                    "Actual Rows": 18969,
                    "Actual Loops": 2,
                    "Hash Buckets": 262144,
                    "Original Hash Buckets": 262144,
                    "Hash Batches": 1,
                    "Original Hash Batches": 1,
                    "Peak Memory Usage": 3552,
                    "Plans": [
                      {
                        "Node Type": "Seq Scan",
                        "Parent Relationship": "Outer",
                        "Parallel Aware": true,
                        "Relation Name": "title",
                        "Alias": "t",
                        "Startup Cost": 0.0,
                        "Total Cost": 58306.47,
                        "Plan Rows": 91241,
                        "Plan Width": 4,
                        "Actual Startup Time": 0.052,
                        "Actual Total Time": 155.903,
                        "Actual Rows": 18969,
                        "Actual Loops": 2,
                        "Filter": "((kind_id > 1) AND (production_year < 1958))",
                        "Rows Removed by Filter": 1245187
                      }
                    ]
                  }
                ]
              }
            ]
          }
        ]
      }
    ]
  },
  "Planning Time": 0.304,
  "Triggers": [],
  "Execution Time": 553.403
}