[
  {
    "Plan": {
      "Node Type": "Aggregate",
      "Strategy": "Plain",
      "Partial Mode": "Finalize",
      "Parallel Aware": false,
      "Startup Cost": 448123.09,
      "Total Cost": 448123.1,
      "Plan Rows": 1,
      "Plan Width": 8,
      "Actual Startup Time": 2068.766,
      "Actual Total Time": 2133.52,
      "Actual Rows": 1,
      "Actual Loops": 1,
      "Plans": [
        {
          "Node Type": "Gather",
          "Parent Relationship": "Outer",
          "Parallel Aware": false,
          "Startup Cost": 448122.47,
          "Total Cost": 448123.08,
          "Plan Rows": 6,
          "Plan Width": 8,
          "Actual Startup Time": 2048.725,
          "Actual Total Time": 2133.506,
          "Actual Rows": 7,
          "Actual Loops": 1,
          "Workers Planned": 6,
          "Workers Launched": 6,
          "Single Copy": false,
          "Plans": [
            {
              "Node Type": "Aggregate",
              "Strategy": "Plain",
              "Partial Mode": "Partial",
              "Parent Relationship": "Outer",
              "Parallel Aware": false,
              "Startup Cost": 447122.47,
              "Total Cost": 447122.48,
              "Plan Rows": 1,
              "Plan Width": 8,
              "Actual Startup Time": 2029.09,
              "Actual Total Time": 2029.499,
              "Actual Rows": 1,
              "Actual Loops": 7,
              "Plans": [
                {
                  "Node Type": "Hash Join",
                  "Parent Relationship": "Outer",
                  "Parallel Aware": true,
                  "Join Type": "Inner",
                  "Startup Cost": 103244.93,
                  "Total Cost": 443284.46,
                  "Plan Rows": 1535204,
                  "Plan Width": 0,
                  "Actual Startup Time": 797.623,
                  "Actual Total Time": 1830.022,
                  "Actual Rows": 4557583,
                  "Actual Loops": 7,
                  "Inner Unique": false,
                  "Hash Cond": "(ci.movie_id = t.id)",
                  "Plans": [
                    {
                      "Node Type": "Seq Scan",
                      "Parent Relationship": "Outer",
                      "Parallel Aware": true,
                      "Relation Name": "cast_info",
                      "Alias": "ci",
                      "Startup Cost": 0.0,
                      "Total Cost": 328211.39,
                      "Plan Rows": 1833564,
                      "Plan Width": 4,
                      "Actual Startup Time": 271.415,
                      "Actual Total Time": 561.506,
                      "Actual Rows": 1556120,
                      "Actual Loops": 7,
                      "Filter": "(person_id > 2617213)",
                      "Rows Removed by Filter": 3621643
                    },
                    {
                      "Node Type": "Hash",
                      "Parent Relationship": "Inner",
                      "Parallel Aware": true,
                      "Startup Cost": 94708.65,
                      "Total Cost": 94708.65,
                      "Plan Rows": 682902,
                      "Plan Width": 8,
                      "Actual Startup Time": 519.601,
                      "Actual Total Time": 520.007,
                      "Actual Rows": 300513,
                      "Actual Loops": 7,
                      "Hash Buckets": 4194304,
                      "Original Hash Buckets": 4194304,
                      "Hash Batches": 1,
                      "Original Hash Batches": 1,
                      "Peak Memory Usage": 115136,
                      "Plans": [
                        {
                          "Node Type": "Hash Join",
                          "Parent Relationship": "Outer",
                          "Parallel Aware": true,
                          "Join Type": "Inner",
                          "Startup Cost": 50220.38,
                          "Total Cost": 94708.65,
                          "Plan Rows": 682902,
                          "Plan Width": 8,
                          "Actual Startup Time": 269.025,
                          "Actual Total Time": 410.987,
                          "Actual Rows": 300513,
                          "Actual Loops": 7,
                          "Inner Unique": true,
                          "Hash Cond": "(mk.movie_id = t.id)",
                          "Plans": [
                            {
                              "Node Type": "Seq Scan",
                              "Parent Relationship": "Outer",
                              "Parallel Aware": true,
                              "Relation Name": "movie_keyword",
                              "Alias": "mk",
                              "Startup Cost": 0.0,
                              "Total Cost": 42695.65,
                              "Plan Rows": 682902,
                              "Plan Width": 4,
                              "Actual Startup Time": 0.234,
                              "Actual Total Time": 72.973,
                              "Actual Rows": 300513,
                              "Actual Loops": 7,
                              "Filter": "(keyword_id > 5706)",
                              "Rows Removed by Filter": 345762
                            },
                            {
                              "Node Type": "Hash",
                              "Parent Relationship": "Inner",
                              "Parallel Aware": true,
                              "Startup Cost": 42319.06,
                              "Total Cost": 42319.06,
                              "Plan Rows": 632106,
                              "Plan Width": 4,
                              "Actual Startup Time": 264.528,
                              "Actual Total Time": 264.529,
                              "Actual Rows": 361187,
                              "Actual Loops": 7,
                              "Hash Buckets": 4194304,
                              "Original Hash Buckets": 4194304,
                              "Hash Batches": 1,
                              "Original Hash Batches": 1,
                              "Peak Memory Usage": 131808,
                              "Plans": [
                                {
                                  "Node Type": "Seq Scan",
                                  "Parent Relationship": "Outer",
                                  "Parallel Aware": true,
                                  "Relation Name": "title",
                                  "Alias": "t",
                                  "Startup Cost": 0.0,
                                  "Total Cost": 42319.06,
                                  "Plan Rows": 632106,
                                  "Plan Width": 4,
                                  "Actual Startup Time": 0.091,
                                  "Actual Total Time": 74.108,
                                  "Actual Rows": 361187,
                                  "Actual Loops": 7
                                }
                              ]
                            }
                          ]
                        }
                      ]
                    }
                  ]
                }
              ]
            }
          ]
        }
      ]
    },
    "Planning Time": 0.816,
    "Triggers": [],
    "Execution Time": 2133.602
  }
]