[
    {
        "Bao": {
            "Bao prediction": "NaN",
            "Bao recommended hint": "(no hint)"
        }
    },
    {
        "Plan": {
            "Node Type": "Aggregate",
            "Strategy": "Plain",
            "Partial Mode": "Simple",
            "Parallel Aware": false,
            "Startup Cost": 268936.28,
            "Total Cost": 268936.29,
            "Plan Rows": 1,
            "Plan Width": 8,
            "Actual Startup Time": 55.955,
            "Actual Total Time": 55.956,
            "Actual Rows": 1,
            "Actual Loops": 1,
            "Output": [
                "count(*)"
            ],
            "Plans": [
                {
                    "Node Type": "Bitmap Heap Scan",
                    "Parent Relationship": "Outer",
                    "Parallel Aware": false,
                    "Relation Name": "cast_info",
                    "Schema": "public",
                    "Alias": "ci",
                    "Startup Cost": 5334.04,
                    "Total Cost": 268543.59,
                    "Plan Rows": 157077,
                    "Plan Width": 0,
                    "Actual Startup Time": 10.906,
                    "Actual Total Time": 45.501,
                    "Actual Rows": 268124,
                    "Actual Loops": 1,
                    "Recheck Cond": "(ci.person_id > 4014148)",
                    "Rows Removed by Index Recheck": 0,
                    "Filter": "(ci.role_id > 1)",
                    "Rows Removed by Filter": 0,
                    "Exact Heap Blocks": 3315,
                    "Lossy Heap Blocks": 0,
                    "Plans": [
                        {
                            "Node Type": "Bitmap Index Scan",
                            "Parent Relationship": "Outer",
                            "Parallel Aware": false,
                            "Index Name": "person_id_cast_info",
                            "Startup Cost": 0.0,
                            "Total Cost": 5294.77,
                            "Plan Rows": 242427,
                            "Plan Width": 0,
                            "Actual Startup Time": 10.47,
                            "Actual Total Time": 10.471,
                            "Actual Rows": 268124,
                            "Actual Loops": 1,
                            "Index Cond": "(ci.person_id > 4014148)"
                        }
                    ]
                }
            ]
        },
        "Planning Time": 177.284,
        "Triggers": [],
        "Execution Time": 56.0
    }
]