[
  {
    "Plan": {
      "Node Type": "Aggregate",
      "Strategy": "Plain",
      "Partial Mode": "Finalize",
      "Parallel Aware": false,
      "Startup Cost": 72815.19,
      "Total Cost": 72815.2,
      "Plan Rows": 1,
      "Plan Width": 8,
      "Actual Startup Time": 235.976,
      "Actual Total Time": 254.246,
      "Actual Rows": 1,
      "Actual Loops": 1,
      "Plans": [
        {
          "Node Type": "Gather",
          "Parent Relationship": "Outer",
          "Parallel Aware": false,
          "Startup Cost": 72814.98,
          "Total Cost": 72815.19,
          "Plan Rows": 2,
          "Plan Width": 8,
          "Actual Startup Time": 235.3,
          "Actual Total Time": 254.237,
          "Actual Rows": 3,
          "Actual Loops": 1,
          "Workers Planned": 2,
          "Workers Launched": 2,
          "Single Copy": false,
          "Plans": [
            {
              "Node Type": "Aggregate",
              "Strategy": "Plain",
              "Partial Mode": "Partial",
              "Parent Relationship": "Outer",
              "Parallel Aware": false,
              "Startup Cost": 71814.98,
              "Total Cost": 71814.99,
              "Plan Rows": 1,
              "Plan Width": 8,
              "Actual Startup Time": 227.313,
              "Actual Total Time": 227.317,
              "Actual Rows": 1,
              "Actual Loops": 3,
              "Plans": [
                {
                  "Node Type": "Nested Loop",
                  "Parent Relationship": "Outer",
                  "Parallel Aware": false,
                  "Join Type": "Inner",
                  "Startup Cost": 45676.33,
                  "Total Cost": 71793.41,
                  "Plan Rows": 8625,
                  "Plan Width": 0,
                  "Actual Startup Time": 137.514,
                  "Actual Total Time": 226.571,
                  "Actual Rows": 13559,
                  "Actual Loops": 3,
                  "Inner Unique": false,
                  "Join Filter": "(t.id = mk.movie_id)",
                  "Rows Removed by Join Filter": 0,
                  "Plans": [
                    {
                      "Node Type": "Hash Join",
                      "Parent Relationship": "Outer",
                      "Parallel Aware": true,
                      "Join Type": "Inner",
                      "Startup Cost": 45675.9,
                      "Total Cost": 61306.55,
                      "Plan Rows": 4820,
                      "Plan Width": 8,
                      "Actual Startup Time": 137.43,
                      "Actual Total Time": 200.245,
                      "Actual Rows": 3512,
                      "Actual Loops": 3,
                      "Inner Unique": true,
                      "Hash Cond": "(mi_idx.movie_id = t.id)",
                      "Plans": [
                        {
                          "Node Type": "Seq Scan",
                          "Parent Relationship": "Outer",
                          "Parallel Aware": true,
                          "Relation Name": "movie_info_idx",
                          "Alias": "mi_idx",
                          "Startup Cost": 0.0,
                          "Total Cost": 15122.68,
                          "Plan Rows": 193512,
                          "Plan Width": 4,
                          "Actual Startup Time": 0.027,
                          "Actual Total Time": 40.671,
                          "Actual Rows": 153308,
                          "Actual Loops": 3,
                          "Filter": "(info_type_id = 100)",
                          "Rows Removed by Filter": 306703
                        },
                        {
                          "Node Type": "Hash",
                          "Parent Relationship": "Inner",
                          "Parallel Aware": true,
                          "Startup Cost": 45479.1,
                          "Total Cost": 45479.1,
                          "Plan Rows": 15744,
                          "Plan Width": 4,
                          "Actual Startup Time": 136.235,
                          "Actual Total Time": 136.236,
                          "Actual Rows": 23848,
                          "Actual Loops": 3,
                          "Hash Buckets": 131072,
                          "Original Hash Buckets": 65536,
                          "Hash Batches": 1,
                          "Original Hash Batches": 1,
                          "Peak Memory Usage": 4384,
                          "Plans": [
                            {
                              "Node Type": "Seq Scan",
                              "Parent Relationship": "Outer",
                              "Parallel Aware": true,
                              "Relation Name": "title",
                              "Alias": "t",
                              "Startup Cost": 0.0,
                              "Total Cost": 45479.1,
                              "Plan Rows": 15744,
                              "Plan Width": 4,
                              "Actual Startup Time": 0.051,
                              "Actual Total Time": 122.061,
                              "Actual Rows": 23848,
                              "Actual Loops": 3,
                              "Filter": "((kind_id > 1) AND (production_year = 2004))",
                              "Rows Removed by Filter": 818923
                            }
                          ]
                        }
                      ]
                    },
                    {
                      "Node Type": "Index Only Scan",
                      "Parent Relationship": "Inner",
                      "Parallel Aware": false,
                      "Scan Direction": "Forward",
                      "Index Name": "movie_id_movie_keyword",
                      "Relation Name": "movie_keyword",
                      "Alias": "mk",
                      "Startup Cost": 0.43,
                      "Total Cost": 1.61,
                      "Plan Rows": 45,
                      "Plan Width": 4,
                      "Actual Startup Time": 0.006,
                      "Actual Total Time": 0.007,
                      "Actual Rows": 4,
                      "Actual Loops": 10536,
                      "Index Cond": "(movie_id = mi_idx.movie_id)",
                      "Rows Removed by Index Recheck": 0,
                      "Heap Fetches": 40676
                    }
                  ]
                }
              ]
            }
          ]
        }
      ]
    },
    "Planning Time": 1.493,
    "Triggers": [],
    "Execution Time": 254.334
  }
]