[
  {
    "Plan": {
      "Node Type": "Aggregate",
      "Strategy": "Plain",
      "Partial Mode": "Finalize",
      "Parallel Aware": false,
      "Startup Cost": 122207.85,
      "Total Cost": 122207.86,
      "Plan Rows": 1,
      "Plan Width": 8,
      "Actual Startup Time": 960.625,
      "Actual Total Time": 987.473,
      "Actual Rows": 1,
      "Actual Loops": 1,
      "Plans": [
        {
          "Node Type": "Gather",
          "Parent Relationship": "Outer",
          "Parallel Aware": false,
          "Startup Cost": 122207.53,
          "Total Cost": 122207.84,
          "Plan Rows": 3,
          "Plan Width": 8,
          "Actual Startup Time": 949.264,
          "Actual Total Time": 987.462,
          "Actual Rows": 4,
          "Actual Loops": 1,
          "Workers Planned": 3,
          "Workers Launched": 3,
          "Single Copy": false,
          "Plans": [
            {
              "Node Type": "Aggregate",
              "Strategy": "Plain",
              "Partial Mode": "Partial",
              "Parent Relationship": "Outer",
              "Parallel Aware": false,
              "Startup Cost": 121207.53,
              "Total Cost": 121207.54,
              "Plan Rows": 1,
              "Plan Width": 8,
              "Actual Startup Time": 940.415,
              "Actual Total Time": 941.101,
              "Actual Rows": 1,
              "Actual Loops": 4,
              "Plans": [
                {
                  "Node Type": "Hash Join",
                  "Parent Relationship": "Outer",
                  "Parallel Aware": true,
                  "Join Type": "Inner",
                  "Startup Cost": 72602.63,
                  "Total Cost": 120116.24,
                  "Plan Rows": 436519,
                  "Plan Width": 0,
                  "Actual Startup Time": 597.712,
                  "Actual Total Time": 879.538,
                  "Actual Rows": 1434442,
                  "Actual Loops": 4,
                  "Inner Unique": false,
                  "Hash Cond": "(mk.movie_id = t.id)",
                  "Plans": [
                    {
                      "Node Type": "Seq Scan",
                      "Parent Relationship": "Outer",
                      "Parallel Aware": true,
                      "Relation Name": "movie_keyword",
                      "Alias": "mk",
                      "Startup Cost": 0.0,
                      "Total Cost": 42695.65,
                      "Plan Rows": 799766,
                      "Plan Width": 4,
                      "Actual Startup Time": 0.022,
                      "Actual Total Time": 106.897,
                      "Actual Rows": 623875,
                      "Actual Loops": 4,
                      "Filter": "(keyword_id < 6087)",
                      "Rows Removed by Filter": 507108
                    },
                    {
                      "Node Type": "Hash",
                      "Parent Relationship": "Inner",
                      "Parallel Aware": true,
                      "Startup Cost": 65414.94,
                      "Total Cost": 65414.94,
                      "Plan Rows": 575015,
                      "Plan Width": 8,
                      "Actual Startup Time": 591.813,
                      "Actual Total Time": 592.497,
                      "Actual Rows": 345009,
                      "Actual Loops": 4,
                      "Hash Buckets": 2097152,
                      "Original Hash Buckets": 2097152,
                      "Hash Batches": 1,
                      "Original Hash Batches": 1,
                      "Peak Memory Usage": 70432,
                      "Plans": [
                        {
                          "Node Type": "Hash Join",
                          "Parent Relationship": "Outer",
                          "Parallel Aware": true,
                          "Join Type": "Inner",
                          "Startup Cost": 50220.38,
                          "Total Cost": 65414.94,
                          "Plan Rows": 575015,
                          "Plan Width": 8,
                          "Actual Startup Time": 363.83,
                          "Actual Total Time": 497.077,
                          "Actual Rows": 345009,
                          "Actual Loops": 4,
                          "Inner Unique": true,
                          "Hash Cond": "(mi_idx.movie_id = t.id)",
                          "Plans": [
                            {
                              "Node Type": "Seq Scan",
                              "Parent Relationship": "Outer",
                              "Parallel Aware": true,
                              "Relation Name": "movie_info_idx",
                              "Alias": "mi_idx",
                              "Startup Cost": 0.0,
                              "Total Cost": 13685.15,
                              "Plan Rows": 575015,
                              "Plan Width": 4,
                              "Actual Startup Time": 0.032,
                              "Actual Total Time": 32.584,
                              "Actual Rows": 345009,
                              "Actual Loops": 4
                            },
                            {
                              "Node Type": "Hash",
                              "Parent Relationship": "Inner",
                              "Parallel Aware": true,
                              "Startup Cost": 42319.06,
                              "Total Cost": 42319.06,
                              "Plan Rows": 632106,
                              "Plan Width": 4,
                              "Actual Startup Time": 356.531,
                              "Actual Total Time": 356.532,
                              "Actual Rows": 632078,
                              "Actual Loops": 4,
                              "Hash Buckets": 4194304,
                              "Original Hash Buckets": 4194304,
                              "Hash Batches": 1,
                              "Original Hash Batches": 1,
                              "Peak Memory Usage": 131744,
                              "Plans": [
                                {
                                  "Node Type": "Seq Scan",
                                  "Parent Relationship": "Outer",
                                  "Parallel Aware": true,
                                  "Relation Name": "title",
                                  "Alias": "t",
                                  "Startup Cost": 0.0,
                                  "Total Cost": 42319.06,
                                  "Plan Rows": 632106,
                                  "Plan Width": 4,
                                  "Actual Startup Time": 0.063,
                                  "Actual Total Time": 98.63,
                                  "Actual Rows": 632078,
                                  "Actual Loops": 4
                                }
                              ]
                            }
                          ]
                        }
                      ]
                    }
                  ]
                }
              ]
            }
          ]
        }
      ]
    },
    "Planning Time": 0.784,
    "Triggers": [],
    "Execution Time": 987.53
  }
]