{
  "Plan": {
    "Node Type": "Aggregate",
    "Strategy": "Plain",
    "Partial Mode": "Finalize",
    "Parallel Aware": false,
    "Startup Cost": 109046.48,
    "Total Cost": 109046.49,
    "Plan Rows": 1,
    "Plan Width": 8,
    "Actual Startup Time": 843.102,
    "Actual Total Time": 865.1,
    "Actual Rows": 1,
    "Actual Loops": 1,
    "Plans": [
      {
        "Node Type": "Gather",
        "Parent Relationship": "Outer",
        "Parallel Aware": false,
        "Startup Cost": 109046.36,
        "Total Cost": 109046.47,
        "Plan Rows": 1,
        "Plan Width": 8,
        "Actual Startup Time": 834.995,
        "Actual Total Time": 865.091,
        "Actual Rows": 2,
        "Actual Loops": 1,
        "Workers Planned": 1,
        "Workers Launched": 1,
        "Single Copy": false,
        "Plans": [
          {
            "Node Type": "Aggregate",
            "Strategy": "Plain",
            "Partial Mode": "Partial",
            "Parent Relationship": "Outer",
            "Parallel Aware": false,
            "Startup Cost": 108046.36,
            "Total Cost": 108046.37,
            "Plan Rows": 1,
            "Plan Width": 8,
            "Actual Startup Time": 824.332,
            "Actual Total Time": 824.336,
            "Actual Rows": 1,
            "Actual Loops": 2,
            "Plans": [
              {
                "Node Type": "Hash Join",
                "Parent Relationship": "Outer",
                "Parallel Aware": true,
                "Join Type": "Inner",
                "Startup Cost": 78953.08,
                "Total Cost": 107388.31,
                "Plan Rows": 263222,
                "Plan Width": 0,
                "Actual Startup Time": 650.757,
                "Actual Total Time": 812.047,
                "Actual Rows": 231504,
                "Actual Loops": 2,
                "Inner Unique": true,
                "Hash Cond": "(mk.movie_id = t.id)",
                "Plans": [
                  {
                    "Node Type": "Bitmap Heap Scan",
                    "Parent Relationship": "Outer",
                    "Parallel Aware": true,
                    "Relation Name": "movie_keyword",
                    "Alias": "mk",
                    "Startup Cost": 9492.38,
                    "Total Cost": 37236.65,
                    "Plan Rows": 263222,
                    "Plan Width": 4,
                    "Actual Startup Time": 28.316,
                    "Actual Total Time": 103.544,
                    "Actual Rows": 231504,
                    "Actual Loops": 2,
                    "Recheck Cond": "(keyword_id < 353)",
                    "Rows Removed by Index Recheck": 0,
                    "Exact Heap Blocks": 15768,
                    "Lossy Heap Blocks": 0,
                    "Plans": [
                      {
                        "Node Type": "Bitmap Index Scan",
                        "Parent Relationship": "Outer",
                        "Parallel Aware": false,
                        "Index Name": "keyword_id_movie_keyword",
                        "Startup Cost": 0.0,
                        "Total Cost": 9380.51,
                        "Plan Rows": 447477,
                        "Plan Width": 0,
                        "Actual Startup Time": 24.733,
                        "Actual Total Time": 24.733,
                        "Actual Rows": 463008,
                        "Actual Loops": 1,
                        "Index Cond": "(keyword_id < 353)"
                      }
                    ]
                  },
                  {
                    "Node Type": "Hash",
                    "Parent Relationship": "Inner",
                    "Parallel Aware": true,
                    "Startup Cost": 50870.31,
                    "Total Cost": 50870.31,
                    "Plan Rows": 1487231,
                    "Plan Width": 4,
                    "Actual Startup Time": 602.325,
                    "Actual Total Time": 602.326,
                    "Actual Rows": 1264156,
                    "Actual Loops": 2,
                    "Hash Buckets": 4194304,
                    "Original Hash Buckets": 4194304,
                    "Hash Batches": 1,
                    "Original Hash Batches": 1,
                    "Peak Memory Usage": 131712,
                    "Plans": [
                      {
                        "Node Type": "Seq Scan",
                        "Parent Relationship": "Outer",
                        "Parallel Aware": true,
                        "Relation Name": "title",
                        "Alias": "t",
                        "Startup Cost": 0.0,
                        "Total Cost": 50870.31,
                        "Plan Rows": 1487231,
                        "Plan Width": 4,
                        "Actual Startup Time": 0.024,
                        "Actual Total Time": 190.891,
                        "Actual Rows": 1264156,
                        "Actual Loops": 2
                      }
                    ]
                  }
                ]
              }
            ]
          }
        ]
      }
    ]
  },
  "Planning Time": 0.418,
  "Triggers": [],
  "Execution Time": 865.161
}