{
  "Plan": {
    "Node Type": "Aggregate",
    "Strategy": "Plain",
    "Partial Mode": "Simple",
    "Parallel Aware": false,
    "Startup Cost": 6209.41,
    "Total Cost": 6209.42,
    "Plan Rows": 1,
    "Plan Width": 96,
    "Actual Startup Time": 154.641,
    "Actual Total Time": 154.646,
    "Actual Rows": 1,
    "Actual Loops": 1,
    "Plans": [
      {
        "Node Type": "Hash Join",
        "Parent Relationship": "Outer",
        "Parallel Aware": false,
        "Join Type": "Inner",
        "Startup Cost": 13.75,
        "Total Cost": 6209.4,
        "Plan Rows": 1,
        "Plan Width": 60,
        "Actual Startup Time": 8.046,
        "Actual Total Time": 152.417,
        "Actual Rows": 6946,
        "Actual Loops": 1,
        "Inner Unique": true,
        "Hash Cond": "(ml.link_type_id = lt.id)",
        "Plans": [
          {
            "Node Type": "Nested Loop",
            "Parent Relationship": "Outer",
            "Parallel Aware": false,
            "Join Type": "Inner",
            "Startup Cost": 12.35,
            "Total Cost": 6207.99,
            "Plan Rows": 1,
            "Plan Width": 64,
            "Actual Startup Time": 7.994,
            "Actual Total Time": 150.519,
            "Actual Rows": 6946,
            "Actual Loops": 1,
            "Inner Unique": true,
            "Plans": [
              {
                "Node Type": "Nested Loop",
                "Parent Relationship": "Outer",
                "Parallel Aware": false,
                "Join Type": "Inner",
                "Startup Cost": 11.93,
                "Total Cost": 6202.97,
                "Plan Rows": 11,
                "Plan Width": 49,
                "Actual Startup Time": 7.178,
                "Actual Total Time": 119.812,
                "Actual Rows": 14916,
                "Actual Loops": 1,
                "Inner Unique": true,
                "Join Filter": "(mc.company_type_id = ct.id)",
                "Rows Removed by Join Filter": 1782,
                "Plans": [
                  {
                    "Node Type": "Nested Loop",
                    "Parent Relationship": "Outer",
                    "Parallel Aware": false,
                    "Join Type": "Inner",
                    "Startup Cost": 11.93,
                    "Total Cost": 6201.33,
                    "Plan Rows": 15,
                    "Plan Width": 53,
                    "Actual Startup Time": 7.151,
                    "Actual Total Time": 115.196,
                    "Actual Rows": 15510,
                    "Actual Loops": 1,
                    "Inner Unique": false,
                    "Join Filter": "(ml.movie_id = mc.movie_id)",
                    "Rows Removed by Join Filter": 0,
                    "Plans": [
                      {
                        "Node Type": "Nested Loop",
                        "Parent Relationship": "Outer",
                        "Parallel Aware": false,
                        "Join Type": "Inner",
                        "Startup Cost": 11.5,
                        "Total Cost": 6185.09,
                        "Plan Rows": 28,
                        "Plan Width": 33,
                        "Actual Startup Time": 7.128,
                        "Actual Total Time": 106.288,
                        "Actual Rows": 1460,
                        "Actual Loops": 1,
                        "Inner Unique": true,
                        "Join Filter": "(ml.movie_id = t.id)",
                        "Rows Removed by Join Filter": 0,
                        "Plans": [
                          {
                            "Node Type": "Nested Loop",
                            "Parent Relationship": "Outer",
                            "Parallel Aware": false,
                            "Join Type": "Inner",
                            "Startup Cost": 11.07,
                            "Total Cost": 6169.51,
                            "Plan Rows": 31,
                            "Plan Width": 12,
                            "Actual Startup Time": 7.1,
                            "Actual Total Time": 103.679,
                            "Actual Rows": 1460,
                            "Actual Loops": 1,
                            "Inner Unique": false,
                            "Plans": [
                              {
                                "Node Type": "Nested Loop",
                                "Parent Relationship": "Outer",
                                "Parallel Aware": false,
                                "Join Type": "Inner",
                                "Startup Cost": 10.78,
                                "Total Cost": 6126.56,
                                "Plan Rows": 101,
                                "Plan Width": 4,
                                "Actual Startup Time": 7.073,
                                "Actual Total Time": 73.71,
                                "Actual Rows": 47403,
                                "Actual Loops": 1,
                                "Inner Unique": false,
                                "Plans": [
                                  {
                                    "Node Type": "Seq Scan",
                                    "Parent Relationship": "Outer",
                                    "Parallel Aware": false,
                                    "Relation Name": "keyword",
                                    "Alias": "k",
                                    "Startup Cost": 0.0,
                                    "Total Cost": 2793.84,
                                    "Plan Rows": 3,
                                    "Plan Width": 4,
                                    "Actual Startup Time": 1.979,
                                    "Actual Total Time": 14.976,
                                    "Actual Rows": 3,
                                    "Actual Loops": 1,
                                    "Filter": "(keyword = ANY ('{sequel,revenge,based-on-novel}'::text[]))",
                                    "Rows Removed by Filter": 134167
                                  },
                                  {
                                    "Node Type": "Bitmap Heap Scan",
                                    "Parent Relationship": "Inner",
                                    "Parallel Aware": false,
                                    "Relation Name": "movie_keyword",
                                    "Alias": "mk",
                                    "Startup Cost": 10.78,
                                    "Total Cost": 1107.88,
                                    "Plan Rows": 303,
                                    "Plan Width": 8,
                                    "Actual Startup Time": 3.269,
                                    "Actual Total Time": 18.329,
                                    "Actual Rows": 15801,
                                    "Actual Loops": 3,
                                    "Recheck Cond": "(keyword_id = k.id)",
                                    "Rows Removed by Index Recheck": 0,
                                    "Exact Heap Blocks": 23953,
                                    "Lossy Heap Blocks": 0,
                                    "Plans": [
                                      {
                                        "Node Type": "Bitmap Index Scan",
                                        "Parent Relationship": "Outer",
                                        "Parallel Aware": false,
                                        "Index Name": "keyword_id_movie_keyword",
                                        "Startup Cost": 0.0,
                                        "Total Cost": 10.71,
                                        "Plan Rows": 303,
                                        "Plan Width": 0,
                                        "Actual Startup Time": 1.727,
                                        "Actual Total Time": 1.727,
                                        "Actual Rows": 15801,
                                        "Actual Loops": 3,
                                        "Index Cond": "(keyword_id = k.id)"
                                      }
                                    ]
                                  }
                                ]
                              },
                              {
                                "Node Type": "Index Scan",
                                "Parent Relationship": "Inner",
                                "Parallel Aware": false,
                                "Scan Direction": "Forward",
                                "Index Name": "movie_id_movie_link",
                                "Relation Name": "movie_link",
                                "Alias": "ml",
                                "Startup Cost": 0.29,
                                "Total Cost": 0.38,
                                "Plan Rows": 5,
                                "Plan Width": 8,
                                "Actual Startup Time": 0.0,
                                "Actual Total Time": 0.0,
                                "Actual Rows": 0,
                                "Actual Loops": 47403,
                                "Index Cond": "(movie_id = mk.movie_id)",
                                "Rows Removed by Index Recheck": 0
                              }
                            ]
                          },
                          {
                            "Node Type": "Index Scan",
                            "Parent Relationship": "Inner",
                            "Parallel Aware": false,
                            "Scan Direction": "Forward",
                            "Index Name": "title_pkey",
                            "Relation Name": "title",
                            "Alias": "t",
                            "Startup Cost": 0.43,
                            "Total Cost": 0.49,
                            "Plan Rows": 1,
                            "Plan Width": 21,
                            "Actual Startup Time": 0.002,
                            "Actual Total Time": 0.002,
                            "Actual Rows": 1,
                            "Actual Loops": 1460,
                            "Index Cond": "(id = mk.movie_id)",
                            "Rows Removed by Index Recheck": 0,
                            "Filter": "(production_year > 1950)",
                            "Rows Removed by Filter": 0
                          }
                        ]
                      },
                      {
                        "Node Type": "Index Scan",
                        "Parent Relationship": "Inner",
                        "Parallel Aware": false,
                        "Scan Direction": "Forward",
                        "Index Name": "movie_id_movie_companies",
                        "Relation Name": "movie_companies",
                        "Alias": "mc",
                        "Startup Cost": 0.43,
                        "Total Cost": 0.54,
                        "Plan Rows": 3,
                        "Plan Width": 36,
                        "Actual Startup Time": 0.002,
                        "Actual Total Time": 0.004,
                        "Actual Rows": 11,
                        "Actual Loops": 1460,
                        "Index Cond": "(movie_id = mk.movie_id)",
                        "Rows Removed by Index Recheck": 0,
                        "Filter": "(note IS NOT NULL)",
                        "Rows Removed by Filter": 2
                      }
                    ]
                  },
                  {
                    "Node Type": "Materialize",
                    "Parent Relationship": "Inner",
                    "Parallel Aware": false,
                    "Startup Cost": 0.0,
                    "Total Cost": 1.06,
                    "Plan Rows": 3,
                    "Plan Width": 4,
                    "Actual Startup Time": 0.0,
                    "Actual Total Time": 0.0,
                    "Actual Rows": 1,
                    "Actual Loops": 15510,
                    "Plans": [
                      {
                        "Node Type": "Seq Scan",
                        "Parent Relationship": "Outer",
                        "Parallel Aware": false,
                        "Relation Name": "company_type",
                        "Alias": "ct",
                        "Startup Cost": 0.0,
                        "Total Cost": 1.05,
                        "Plan Rows": 3,
                        "Plan Width": 4,
                        "Actual Startup Time": 0.017,
                        "Actual Total Time": 0.02,
                        "Actual Rows": 3,
                        "Actual Loops": 1,
                        "Filter": "((kind IS NOT NULL) AND ((kind)::text <> 'production companies'::text))",
                        "Rows Removed by Filter": 1
                      }
                    ]
                  }
                ]
              },
              {
                "Node Type": "Index Scan",
                "Parent Relationship": "Inner",
                "Parallel Aware": false,
                "Scan Direction": "Forward",
                "Index Name": "company_name_pkey",
                "Relation Name": "company_name",
                "Alias": "cn",
                "Startup Cost": 0.42,
                "Total Cost": 0.46,
                "Plan Rows": 1,
                "Plan Width": 23,
                "Actual Startup Time": 0.002,
                "Actual Total Time": 0.002,
                "Actual Rows": 0,
                "Actual Loops": 14916,
                "Index Cond": "(id = mc.company_id)",
                "Rows Removed by Index Recheck": 0,
                "Filter": "(((country_code)::text <> '[pl]'::text) AND ((name ~~ '20th Century Fox%'::text) OR (name ~~ 'Twentieth Century Fox%'::text)))",
                "Rows Removed by Filter": 1
              }
            ]
          },
          {
            "Node Type": "Hash",
            "Parent Relationship": "Inner",
            "Parallel Aware": false,
            "Startup Cost": 1.18,
            "Total Cost": 1.18,
            "Plan Rows": 18,
            "Plan Width": 4,
            "Actual Startup Time": 0.037,
            "Actual Total Time": 0.038,
            "Actual Rows": 18,
            "Actual Loops": 1,
            "Hash Buckets": 1024,
            "Original Hash Buckets": 1024,
            "Hash Batches": 1,
            "Original Hash Batches": 1,
            "Peak Memory Usage": 9,
            "Plans": [
              {
                "Node Type": "Seq Scan",
                "Parent Relationship": "Outer",
                "Parallel Aware": false,
                "Relation Name": "link_type",
                "Alias": "lt",
                "Startup Cost": 0.0,
                "Total Cost": 1.18,
                "Plan Rows": 18,
                "Plan Width": 4,
                "Actual Startup Time": 0.017,
                "Actual Total Time": 0.024,
                "Actual Rows": 18,
                "Actual Loops": 1
              }
            ]
          }
        ]
      }
    ]
  },
  "Planning Time": 2.264,
  "Triggers": [],
  "Execution Time": 154.837
}