[
  {
    "Plan": {
      "Node Type": "Aggregate",
      "Strategy": "Plain",
      "Partial Mode": "Finalize",
      "Parallel Aware": false,
      "Startup Cost": 214024.24,
      "Total Cost": 214024.25,
      "Plan Rows": 1,
      "Plan Width": 8,
      "Actual Startup Time": 160.952,
      "Actual Total Time": 190.281,
      "Actual Rows": 1,
      "Actual Loops": 1,
      "Plans": [
        {
          "Node Type": "Gather",
          "Parent Relationship": "Outer",
          "Parallel Aware": false,
          "Startup Cost": 214023.82,
          "Total Cost": 214024.23,
          "Plan Rows": 4,
          "Plan Width": 8,
          "Actual Startup Time": 160.762,
          "Actual Total Time": 190.267,
          "Actual Rows": 5,
          "Actual Loops": 1,
          "Workers Planned": 4,
          "Workers Launched": 4,
          "Single Copy": false,
          "Plans": [
            {
              "Node Type": "Aggregate",
              "Strategy": "Plain",
              "Partial Mode": "Partial",
              "Parent Relationship": "Outer",
              "Parallel Aware": false,
              "Startup Cost": 213023.82,
              "Total Cost": 213023.83,
              "Plan Rows": 1,
              "Plan Width": 8,
              "Actual Startup Time": 153.635,
              "Actual Total Time": 153.637,
              "Actual Rows": 1,
              "Actual Loops": 5,
              "Plans": [
                {
                  "Node Type": "Nested Loop",
                  "Parent Relationship": "Outer",
                  "Parallel Aware": false,
                  "Join Type": "Inner",
                  "Startup Cost": 0.56,
                  "Total Cost": 212964.66,
                  "Plan Rows": 23661,
                  "Plan Width": 0,
                  "Actual Startup Time": 0.27,
                  "Actual Total Time": 151.986,
                  "Actual Rows": 12862,
                  "Actual Loops": 5,
                  "Inner Unique": false,
                  "Plans": [
                    {
                      "Node Type": "Seq Scan",
                      "Parent Relationship": "Outer",
                      "Parallel Aware": true,
                      "Relation Name": "title",
                      "Alias": "t",
                      "Startup Cost": 0.0,
                      "Total Cost": 45479.59,
                      "Plan Rows": 1650,
                      "Plan Width": 4,
                      "Actual Startup Time": 0.1,
                      "Actual Total Time": 83.735,
                      "Actual Rows": 1347,
                      "Actual Loops": 5,
                      "Filter": "((kind_id > 1) AND (production_year = 1958))",
                      "Rows Removed by Filter": 504315
                    },
                    {
                      "Node Type": "Index Only Scan",
                      "Parent Relationship": "Inner",
                      "Parallel Aware": false,
                      "Scan Direction": "Forward",
                      "Index Name": "movie_id_cast_info",
                      "Relation Name": "cast_info",
                      "Alias": "ci",
                      "Startup Cost": 0.56,
                      "Total Cost": 101.16,
                      "Plan Rows": 35,
                      "Plan Width": 4,
                      "Actual Startup Time": 0.013,
                      "Actual Total Time": 0.049,
                      "Actual Rows": 10,
                      "Actual Loops": 6736,
                      "Index Cond": "(movie_id = t.id)",
                      "Rows Removed by Index Recheck": 0,
                      "Heap Fetches": 64311
                    }
                  ]
                }
              ]
            }
          ]
        }
      ]
    },
    "Planning Time": 0.451,
    "Triggers": [],
    "Execution Time": 190.337
  }
]