[
  {
    "Plan": {
      "Node Type": "Aggregate",
      "Strategy": "Plain",
      "Partial Mode": "Finalize",
      "Parallel Aware": false,
      "Startup Cost": 43898.94,
      "Total Cost": 43898.95,
      "Plan Rows": 1,
      "Plan Width": 8,
      "Actual Startup Time": 163.08,
      "Actual Total Time": 169.831,
      "Actual Rows": 1,
      "Actual Loops": 1,
      "Plans": [
        {
          "Node Type": "Gather",
          "Parent Relationship": "Outer",
          "Parallel Aware": false,
          "Startup Cost": 43898.62,
          "Total Cost": 43898.93,
          "Plan Rows": 3,
          "Plan Width": 8,
          "Actual Startup Time": 162.867,
          "Actual Total Time": 169.822,
          "Actual Rows": 4,
          "Actual Loops": 1,
          "Workers Planned": 3,
          "Workers Launched": 3,
          "Single Copy": false,
          "Plans": [
            {
              "Node Type": "Aggregate",
              "Strategy": "Plain",
              "Partial Mode": "Partial",
              "Parent Relationship": "Outer",
              "Parallel Aware": false,
              "Startup Cost": 42898.62,
              "Total Cost": 42898.63,
              "Plan Rows": 1,
              "Plan Width": 8,
              "Actual Startup Time": 155.036,
              "Actual Total Time": 155.038,
              "Actual Rows": 1,
              "Actual Loops": 4,
              "Plans": [
                {
                  "Node Type": "Bitmap Heap Scan",
                  "Parent Relationship": "Outer",
                  "Parallel Aware": true,
                  "Relation Name": "movie_keyword",
                  "Alias": "mk",
                  "Startup Cost": 15019.05,
                  "Total Cost": 42327.69,
                  "Plan Rows": 228371,
                  "Plan Width": 0,
                  "Actual Startup Time": 62.687,
                  "Actual Total Time": 144.432,
                  "Actual Rows": 174667,
                  "Actual Loops": 4,
                  "Recheck Cond": "(keyword_id > 26993)",
                  "Rows Removed by Index Recheck": 0,
                  "Exact Heap Blocks": 8789,
                  "Lossy Heap Blocks": 0,
                  "Plans": [
                    {
                      "Node Type": "Bitmap Index Scan",
                      "Parent Relationship": "Outer",
                      "Parallel Aware": false,
                      "Index Name": "keyword_id_movie_keyword",
                      "Startup Cost": 0.0,
                      "Total Cost": 14842.07,
                      "Plan Rows": 707951,
                      "Plan Width": 0,
                      "Actual Startup Time": 66.139,
                      "Actual Total Time": 66.14,
                      "Actual Rows": 698667,
                      "Actual Loops": 1,
                      "Index Cond": "(keyword_id > 26993)"
                    }
                  ]
                }
              ]
            }
          ]
        }
      ]
    },
    "Planning Time": 0.185,
    "Triggers": [],
    "Execution Time": 169.907
  }
]