[
  {
    "Plan": {
      "Node Type": "Aggregate",
      "Strategy": "Plain",
      "Partial Mode": "Finalize",
      "Parallel Aware": false,
      "Startup Cost": 32658.94,
      "Total Cost": 32658.95,
      "Plan Rows": 1,
      "Plan Width": 8,
      "Actual Startup Time": 72.613,
      "Actual Total Time": 80.603,
      "Actual Rows": 1,
      "Actual Loops": 1,
      "Plans": [
        {
          "Node Type": "Gather",
          "Parent Relationship": "Outer",
          "Parallel Aware": false,
          "Startup Cost": 32658.62,
          "Total Cost": 32658.93,
          "Plan Rows": 3,
          "Plan Width": 8,
          "Actual Startup Time": 72.459,
          "Actual Total Time": 80.595,
          "Actual Rows": 4,
          "Actual Loops": 1,
          "Workers Planned": 3,
          "Workers Launched": 3,
          "Single Copy": false,
          "Plans": [
            {
              "Node Type": "Aggregate",
              "Strategy": "Plain",
              "Partial Mode": "Partial",
              "Parent Relationship": "Outer",
              "Parallel Aware": false,
              "Startup Cost": 31658.62,
              "Total Cost": 31658.63,
              "Plan Rows": 1,
              "Plan Width": 8,
              "Actual Startup Time": 67.603,
              "Actual Total Time": 67.604,
              "Actual Rows": 1,
              "Actual Loops": 4,
              "Plans": [
                {
                  "Node Type": "Seq Scan",
                  "Parent Relationship": "Outer",
                  "Parallel Aware": true,
                  "Relation Name": "movie_companies",
                  "Alias": "mc",
                  "Startup Cost": 0.0,
                  "Total Cost": 31414.82,
                  "Plan Rows": 97521,
                  "Plan Width": 0,
                  "Actual Startup Time": 36.38,
                  "Actual Total Time": 65.699,
                  "Actual Rows": 40347,
                  "Actual Loops": 4,
                  "Filter": "((company_id < 664) AND (company_type_id = 2))",
                  "Rows Removed by Filter": 611936
                }
              ]
            }
          ]
        }
      ]
    },
    "Planning Time": 0.083,
    "Triggers": [],
    "Execution Time": 80.627
  }
]