[
  {
    "Plan": {
      "Node Type": "Aggregate",
      "Strategy": "Plain",
      "Partial Mode": "Finalize",
      "Parallel Aware": false,
      "Startup Cost": 32789.36,
      "Total Cost": 32789.37,
      "Plan Rows": 1,
      "Plan Width": 8,
      "Actual Startup Time": 85.015,
      "Actual Total Time": 91.092,
      "Actual Rows": 1,
      "Actual Loops": 1,
      "Plans": [
        {
          "Node Type": "Gather",
          "Parent Relationship": "Outer",
          "Parallel Aware": false,
          "Startup Cost": 32789.05,
          "Total Cost": 32789.36,
          "Plan Rows": 3,
          "Plan Width": 8,
          "Actual Startup Time": 84.89,
          "Actual Total Time": 91.084,
          "Actual Rows": 4,
          "Actual Loops": 1,
          "Workers Planned": 3,
          "Workers Launched": 3,
          "Single Copy": false,
          "Plans": [
            {
              "Node Type": "Aggregate",
              "Strategy": "Plain",
              "Partial Mode": "Partial",
              "Parent Relationship": "Outer",
              "Parallel Aware": false,
              "Startup Cost": 31789.05,
              "Total Cost": 31789.06,
              "Plan Rows": 1,
              "Plan Width": 8,
              "Actual Startup Time": 77.56,
              "Actual Total Time": 77.561,
              "Actual Rows": 1,
              "Actual Loops": 4,
              "Plans": [
                {
                  "Node Type": "Seq Scan",
                  "Parent Relationship": "Outer",
                  "Parallel Aware": true,
                  "Relation Name": "movie_companies",
                  "Alias": "mc",
                  "Startup Cost": 0.0,
                  "Total Cost": 31414.82,
                  "Plan Rows": 149691,
                  "Plan Width": 0,
                  "Actual Startup Time": 48.377,
                  "Actual Total Time": 74.855,
                  "Actual Rows": 66247,
                  "Actual Loops": 4,
                  "Filter": "((company_id < 3060) AND (company_type_id > 1))",
                  "Rows Removed by Filter": 586036
                }
              ]
            }
          ]
        }
      ]
    },
    "Planning Time": 0.209,
    "Triggers": [],
    "Execution Time": 91.146
  }
]