[
    {
        "Bao": {
            "Bao prediction": "NaN",
            "Bao recommended hint": "(no hint)"
        }
    },
    {
        "Plan": {
            "Node Type": "Aggregate",
            "Strategy": "Plain",
            "Partial Mode": "Finalize",
            "Parallel Aware": false,
            "Startup Cost": 46918.84,
            "Total Cost": 46918.85,
            "Plan Rows": 1,
            "Plan Width": 8,
            "Actual Startup Time": 85.859,
            "Actual Total Time": 90.385,
            "Actual Rows": 1,
            "Actual Loops": 1,
            "Output": [
                "count(*)"
            ],
            "Plans": [
                {
                    "Node Type": "Gather",
                    "Parent Relationship": "Outer",
                    "Parallel Aware": false,
                    "Startup Cost": 46918.42,
                    "Total Cost": 46918.83,
                    "Plan Rows": 4,
                    "Plan Width": 8,
                    "Actual Startup Time": 85.8,
                    "Actual Total Time": 90.379,
                    "Actual Rows": 5,
                    "Actual Loops": 1,
                    "Output": [
                        "(PARTIAL count(*))"
                    ],
                    "Workers Planned": 4,
                    "Workers Launched": 4,
                    "Single Copy": false,
                    "Plans": [
                        {
                            "Node Type": "Aggregate",
                            "Strategy": "Plain",
                            "Partial Mode": "Partial",
                            "Parent Relationship": "Outer",
                            "Parallel Aware": false,
                            "Startup Cost": 45918.42,
                            "Total Cost": 45918.43,
                            "Plan Rows": 1,
                            "Plan Width": 8,
                            "Actual Startup Time": 76.348,
                            "Actual Total Time": 76.349,
                            "Actual Rows": 1,
                            "Actual Loops": 5,
                            "Output": [
                                "PARTIAL count(*)"
                            ],
                            "Workers": [
                                {
                                    "Worker Number": 0,
                                    "Actual Startup Time": 73.872,
                                    "Actual Total Time": 73.873,
                                    "Actual Rows": 1,
                                    "Actual Loops": 1
                                },
                                {
                                    "Worker Number": 1,
                                    "Actual Startup Time": 74.108,
                                    "Actual Total Time": 74.109,
                                    "Actual Rows": 1,
                                    "Actual Loops": 1
                                },
                                {
                                    "Worker Number": 2,
                                    "Actual Startup Time": 74.015,
                                    "Actual Total Time": 74.016,
                                    "Actual Rows": 1,
                                    "Actual Loops": 1
                                },
                                {
                                    "Worker Number": 3,
                                    "Actual Startup Time": 74.515,
                                    "Actual Total Time": 74.516,
                                    "Actual Rows": 1,
                                    "Actual Loops": 1
                                }
                            ],
                            "Plans": [
                                {
                                    "Node Type": "Index Scan",
                                    "Parent Relationship": "Outer",
                                    "Parallel Aware": true,
                                    "Scan Direction": "Forward",
                                    "Index Name": "role_id_cast_info",
                                    "Relation Name": "cast_info",
                                    "Schema": "public",
                                    "Alias": "ci",
                                    "Startup Cost": 0.56,
                                    "Total Cost": 45790.64,
                                    "Plan Rows": 51115,
                                    "Plan Width": 0,
                                    "Actual Startup Time": 0.147,
                                    "Actual Total Time": 72.317,
                                    "Actual Rows": 43017,
                                    "Actual Loops": 5,
                                    "Output": [
                                        "id",
                                        "person_id",
                                        "movie_id",
                                        "person_role_id",
                                        "note",
                                        "nr_order",
                                        "role_id"
                                    ],
                                    "Index Cond": "(ci.role_id = 8)",
                                    "Rows Removed by Index Recheck": 0,
                                    "Filter": "(ci.person_id < 444088)",
                                    "Rows Removed by Filter": 297692,
                                    "Workers": [
                                        {
                                            "Worker Number": 0,
                                            "Actual Startup Time": 0.126,
                                            "Actual Total Time": 70.365,
                                            "Actual Rows": 38604,
                                            "Actual Loops": 1
                                        },
                                        {
                                            "Worker Number": 1,
                                            "Actual Startup Time": 0.177,
                                            "Actual Total Time": 70.536,
                                            "Actual Rows": 39374,
                                            "Actual Loops": 1
                                        },
                                        {
                                            "Worker Number": 2,
                                            "Actual Startup Time": 0.124,
                                            "Actual Total Time": 70.301,
                                            "Actual Rows": 35605,
                                            "Actual Loops": 1
                                        },
                                        {
                                            "Worker Number": 3,
                                            "Actual Startup Time": 0.147,
                                            "Actual Total Time": 70.934,
                                            "Actual Rows": 41461,
                                            "Actual Loops": 1
                                        }
                                    ]
                                }
                            ]
                        }
                    ]
                }
            ]
        },
        "Planning Time": 186.969,
        "Triggers": [],
        "Execution Time": 90.463
    }
]