[
  {
    "Plan": {
      "Node Type": "Aggregate",
      "Strategy": "Plain",
      "Partial Mode": "Finalize",
      "Parallel Aware": false,
      "Startup Cost": 337523.13,
      "Total Cost": 337523.14,
      "Plan Rows": 1,
      "Plan Width": 8,
      "Actual Startup Time": 1542.106,
      "Actual Total Time": 1608.246,
      "Actual Rows": 1,
      "Actual Loops": 1,
      "Plans": [
        {
          "Node Type": "Gather",
          "Parent Relationship": "Outer",
          "Parallel Aware": false,
          "Startup Cost": 337522.71,
          "Total Cost": 337523.12,
          "Plan Rows": 4,
          "Plan Width": 8,
          "Actual Startup Time": 1518.711,
          "Actual Total Time": 1608.235,
          "Actual Rows": 5,
          "Actual Loops": 1,
          "Workers Planned": 4,
          "Workers Launched": 4,
          "Single Copy": false,
          "Plans": [
            {
              "Node Type": "Aggregate",
              "Strategy": "Plain",
              "Partial Mode": "Partial",
              "Parent Relationship": "Outer",
              "Parallel Aware": false,
              "Startup Cost": 336522.71,
              "Total Cost": 336522.72,
              "Plan Rows": 1,
              "Plan Width": 8,
              "Actual Startup Time": 1410.269,
              "Actual Total Time": 1410.272,
              "Actual Rows": 1,
              "Actual Loops": 5,
              "Plans": [
                {
                  "Node Type": "Nested Loop",
                  "Parent Relationship": "Outer",
                  "Parallel Aware": false,
                  "Join Type": "Inner",
                  "Startup Cost": 3.01,
                  "Total Cost": 334184.86,
                  "Plan Rows": 935140,
                  "Plan Width": 0,
                  "Actual Startup Time": 6.804,
                  "Actual Total Time": 1357.441,
                  "Actual Rows": 985840,
                  "Actual Loops": 5,
                  "Inner Unique": false,
                  "Join Filter": "(t.id = ci.movie_id)",
                  "Rows Removed by Join Filter": 0,
                  "Plans": [
                    {
                      "Node Type": "Merge Join",
                      "Parent Relationship": "Outer",
                      "Parallel Aware": false,
                      "Join Type": "Inner",
                      "Startup Cost": 2.44,
                      "Total Cost": 152464.0,
                      "Plan Rows": 65262,
                      "Plan Width": 8,
                      "Actual Startup Time": 6.631,
                      "Actual Total Time": 585.866,
                      "Actual Rows": 23171,
                      "Actual Loops": 5,
                      "Inner Unique": false,
                      "Merge Cond": "(t.id = mi_idx.movie_id)",
                      "Plans": [
                        {
                          "Node Type": "Index Scan",
                          "Parent Relationship": "Outer",
                          "Parallel Aware": true,
                          "Scan Direction": "Forward",
                          "Index Name": "title_pkey",
                          "Relation Name": "title",
                          "Alias": "t",
                          "Startup Cost": 0.43,
                          "Total Cost": 94538.14,
                          "Plan Rows": 119563,
                          "Plan Width": 4,
                          "Actual Startup Time": 0.302,
                          "Actual Total Time": 354.155,
                          "Actual Rows": 103664,
                          "Actual Loops": 5,
                          "Filter": "((production_year > 2007) AND (kind_id = 7))",
                          "Rows Removed by Filter": 401908
                        },
                        {
                          "Node Type": "Index Only Scan",
                          "Parent Relationship": "Inner",
                          "Parallel Aware": false,
                          "Scan Direction": "Forward",
                          "Index Name": "movie_id_movie_info_idx",
                          "Relation Name": "movie_info_idx",
                          "Alias": "mi_idx",
                          "Startup Cost": 0.43,
                          "Total Cost": 53620.22,
                          "Plan Rows": 1380035,
                          "Plan Width": 4,
                          "Actual Startup Time": 0.217,
                          "Actual Total Time": 177.507,
                          "Actual Rows": 875056,
                          "Actual Loops": 5,
                          "Heap Fetches": 4375282
                        }
                      ]
                    },
                    {
                      "Node Type": "Index Only Scan",
                      "Parent Relationship": "Inner",
                      "Parallel Aware": false,
                      "Scan Direction": "Forward",
                      "Index Name": "movie_id_cast_info",
                      "Relation Name": "cast_info",
                      "Alias": "ci",
                      "Startup Cost": 0.56,
                      "Total Cost": 2.32,
                      "Plan Rows": 37,
                      "Plan Width": 4,
                      "Actual Startup Time": 0.004,
                      "Actual Total Time": 0.029,
                      "Actual Rows": 43,
                      "Actual Loops": 115854,
                      "Index Cond": "(movie_id = mi_idx.movie_id)",
                      "Rows Removed by Index Recheck": 0,
                      "Heap Fetches": 4929201
                    }
                  ]
                }
              ]
            }
          ]
        }
      ]
    },
    "Planning Time": 1.264,
    "Triggers": [],
    "Execution Time": 1608.352
  }
]