[
  {
    "Plan": {
      "Node Type": "Aggregate",
      "Strategy": "Plain",
      "Partial Mode": "Finalize",
      "Parallel Aware": false,
      "Startup Cost": 22985.22,
      "Total Cost": 22985.23,
      "Plan Rows": 1,
      "Plan Width": 8,
      "Actual Startup Time": 37.224,
      "Actual Total Time": 41.465,
      "Actual Rows": 1,
      "Actual Loops": 1,
      "Plans": [
        {
          "Node Type": "Gather",
          "Parent Relationship": "Outer",
          "Parallel Aware": false,
          "Startup Cost": 22985.01,
          "Total Cost": 22985.22,
          "Plan Rows": 2,
          "Plan Width": 8,
          "Actual Startup Time": 36.957,
          "Actual Total Time": 41.457,
          "Actual Rows": 3,
          "Actual Loops": 1,
          "Workers Planned": 2,
          "Workers Launched": 2,
          "Single Copy": false,
          "Plans": [
            {
              "Node Type": "Aggregate",
              "Strategy": "Plain",
              "Partial Mode": "Partial",
              "Parent Relationship": "Outer",
              "Parallel Aware": false,
              "Startup Cost": 21985.01,
              "Total Cost": 21985.02,
              "Plan Rows": 1,
              "Plan Width": 8,
              "Actual Startup Time": 28.798,
              "Actual Total Time": 28.8,
              "Actual Rows": 1,
              "Actual Loops": 3,
              "Plans": [
                {
                  "Node Type": "Nested Loop",
                  "Parent Relationship": "Outer",
                  "Parallel Aware": false,
                  "Join Type": "Inner",
                  "Startup Cost": 86.27,
                  "Total Cost": 21982.88,
                  "Plan Rows": 850,
                  "Plan Width": 0,
                  "Actual Startup Time": 1.633,
                  "Actual Total Time": 28.415,
                  "Actual Rows": 2523,
                  "Actual Loops": 3,
                  "Inner Unique": false,
                  "Plans": [
                    {
                      "Node Type": "Nested Loop",
                      "Parent Relationship": "Outer",
                      "Parallel Aware": false,
                      "Join Type": "Inner",
                      "Startup Cost": 85.85,
                      "Total Cost": 21153.37,
                      "Plan Rows": 1558,
                      "Plan Width": 8,
                      "Actual Startup Time": 1.447,
                      "Actual Total Time": 17.153,
                      "Actual Rows": 975,
                      "Actual Loops": 3,
                      "Inner Unique": true,
                      "Plans": [
                        {
                          "Node Type": "Bitmap Heap Scan",
                          "Parent Relationship": "Outer",
                          "Parallel Aware": true,
                          "Relation Name": "movie_companies",
                          "Alias": "mc",
                          "Startup Cost": 85.42,
                          "Total Cost": 9370.2,
                          "Plan Rows": 1558,
                          "Plan Width": 4,
                          "Actual Startup Time": 1.237,
                          "Actual Total Time": 5.09,
                          "Actual Rows": 975,
                          "Actual Loops": 3,
                          "Recheck Cond": "(company_id = 677)",
                          "Rows Removed by Index Recheck": 0,
                          "Exact Heap Blocks": 1318,
                          "Lossy Heap Blocks": 0,
                          "Plans": [
                            {
                              "Node Type": "Bitmap Index Scan",
                              "Parent Relationship": "Outer",
                              "Parallel Aware": false,
                              "Index Name": "company_id_movie_companies",
                              "Startup Cost": 0.0,
                              "Total Cost": 84.48,
                              "Plan Rows": 3740,
                              "Plan Width": 0,
                              "Actual Startup Time": 2.556,
                              "Actual Total Time": 2.557,
                              "Actual Rows": 2926,
                              "Actual Loops": 1,
                              "Index Cond": "(company_id = 677)"
                            }
                          ]
                        },
                        {
                          "Node Type": "Index Only Scan",
                          "Parent Relationship": "Inner",
                          "Parallel Aware": false,
                          "Scan Direction": "Forward",
                          "Index Name": "title_pkey",
                          "Relation Name": "title",
                          "Alias": "t",
                          "Startup Cost": 0.43,
                          "Total Cost": 7.56,
                          "Plan Rows": 1,
                          "Plan Width": 4,
                          "Actual Startup Time": 0.011,
                          "Actual Total Time": 0.011,
                          "Actual Rows": 1,
                          "Actual Loops": 2926,
                          "Index Cond": "(id = mc.movie_id)",
                          "Rows Removed by Index Recheck": 0,
                          "Heap Fetches": 2926
                        }
                      ]
                    },
                    {
                      "Node Type": "Index Only Scan",
                      "Parent Relationship": "Inner",
                      "Parallel Aware": false,
                      "Scan Direction": "Forward",
                      "Index Name": "movie_id_movie_info_idx",
                      "Relation Name": "movie_info_idx",
                      "Alias": "mi_idx",
                      "Startup Cost": 0.43,
                      "Total Cost": 0.5,
                      "Plan Rows": 3,
                      "Plan Width": 4,
                      "Actual Startup Time": 0.01,
                      "Actual Total Time": 0.011,
                      "Actual Rows": 3,
                      "Actual Loops": 2926,
                      "Index Cond": "(movie_id = t.id)",
                      "Rows Removed by Index Recheck": 0,
                      "Heap Fetches": 7568
                    }
                  ]
                }
              ]
            }
          ]
        }
      ]
    },
    "Planning Time": 1.486,
    "Triggers": [],
    "Execution Time": 41.587
  }
]