[
  {
    "Plan": {
      "Node Type": "Aggregate",
      "Strategy": "Plain",
      "Partial Mode": "Finalize",
      "Parallel Aware": false,
      "Startup Cost": 374598.46,
      "Total Cost": 374598.47,
      "Plan Rows": 1,
      "Plan Width": 8,
      "Actual Startup Time": 1304.666,
      "Actual Total Time": 1368.505,
      "Actual Rows": 1,
      "Actual Loops": 1,
      "Plans": [
        {
          "Node Type": "Gather",
          "Parent Relationship": "Outer",
          "Parallel Aware": false,
          "Startup Cost": 374597.84,
          "Total Cost": 374598.45,
          "Plan Rows": 6,
          "Plan Width": 8,
          "Actual Startup Time": 1303.965,
          "Actual Total Time": 1368.478,
          "Actual Rows": 7,
          "Actual Loops": 1,
          "Workers Planned": 6,
          "Workers Launched": 6,
          "Single Copy": false,
          "Plans": [
            {
              "Node Type": "Aggregate",
              "Strategy": "Plain",
              "Partial Mode": "Partial",
              "Parent Relationship": "Outer",
              "Parallel Aware": false,
              "Startup Cost": 373597.84,
              "Total Cost": 373597.85,
              "Plan Rows": 1,
              "Plan Width": 8,
              "Actual Startup Time": 1293.919,
              "Actual Total Time": 1293.922,
              "Actual Rows": 1,
              "Actual Loops": 7,
              "Plans": [
                {
                  "Node Type": "Hash Join",
                  "Parent Relationship": "Outer",
                  "Parallel Aware": true,
                  "Join Type": "Inner",
                  "Startup Cost": 44167.64,
                  "Total Cost": 373084.44,
                  "Plan Rows": 205359,
                  "Plan Width": 0,
                  "Actual Startup Time": 78.816,
                  "Actual Total Time": 1291.049,
                  "Actual Rows": 50801,
                  "Actual Loops": 7,
                  "Inner Unique": true,
                  "Hash Cond": "(ci.movie_id = t.id)",
                  "Plans": [
                    {
                      "Node Type": "Seq Scan",
                      "Parent Relationship": "Outer",
                      "Parallel Aware": true,
                      "Relation Name": "cast_info",
                      "Alias": "ci",
                      "Startup Cost": 0.0,
                      "Total Cost": 313067.02,
                      "Plan Rows": 6038002,
                      "Plan Width": 4,
                      "Actual Startup Time": 0.019,
                      "Actual Total Time": 535.768,
                      "Actual Rows": 5177763,
                      "Actual Loops": 7
                    },
                    {
                      "Node Type": "Hash",
                      "Parent Relationship": "Inner",
                      "Parallel Aware": true,
                      "Startup Cost": 43898.92,
                      "Total Cost": 43898.92,
                      "Plan Rows": 21498,
                      "Plan Width": 4,
                      "Actual Startup Time": 76.676,
                      "Actual Total Time": 76.677,
                      "Actual Rows": 12753,
                      "Actual Loops": 7,
                      "Hash Buckets": 131072,
                      "Original Hash Buckets": 131072,
                      "Hash Batches": 1,
                      "Original Hash Batches": 1,
                      "Peak Memory Usage": 4640,
                      "Plans": [
                        {
                          "Node Type": "Seq Scan",
                          "Parent Relationship": "Outer",
                          "Parallel Aware": true,
                          "Relation Name": "title",
                          "Alias": "t",
                          "Startup Cost": 0.0,
                          "Total Cost": 43898.92,
                          "Plan Rows": 21498,
                          "Plan Width": 4,
                          "Actual Startup Time": 44.466,
                          "Actual Total Time": 71.984,
                          "Actual Rows": 12753,
                          "Actual Loops": 7,
                          "Filter": "(production_year < 1921)",
                          "Rows Removed by Filter": 348434
                        }
                      ]
                    }
                  ]
                }
              ]
            }
          ]
        }
      ]
    },
    "Planning Time": 0.621,
    "Triggers": [],
    "Execution Time": 1368.611
  }
]