[
  {
    "Plan": {
      "Node Type": "Aggregate",
      "Strategy": "Plain",
      "Partial Mode": "Finalize",
      "Parallel Aware": false,
      "Startup Cost": 354580.49,
      "Total Cost": 354580.51,
      "Plan Rows": 1,
      "Plan Width": 8,
      "Actual Startup Time": 1055.32,
      "Actual Total Time": 1108.811,
      "Actual Rows": 1,
      "Actual Loops": 1,
      "Plans": [
        {
          "Node Type": "Gather",
          "Parent Relationship": "Outer",
          "Parallel Aware": false,
          "Startup Cost": 354579.87,
          "Total Cost": 354580.48,
          "Plan Rows": 6,
          "Plan Width": 8,
          "Actual Startup Time": 1055.089,
          "Actual Total Time": 1108.789,
          "Actual Rows": 7,
          "Actual Loops": 1,
          "Workers Planned": 6,
          "Workers Launched": 6,
          "Single Copy": false,
          "Plans": [
            {
              "Node Type": "Aggregate",
              "Strategy": "Plain",
              "Partial Mode": "Partial",
              "Parent Relationship": "Outer",
              "Parallel Aware": false,
              "Startup Cost": 353579.87,
              "Total Cost": 353579.88,
              "Plan Rows": 1,
              "Plan Width": 8,
              "Actual Startup Time": 1047.643,
              "Actual Total Time": 1047.645,
              "Actual Rows": 1,
              "Actual Loops": 7,
              "Plans": [
                {
                  "Node Type": "Seq Scan",
                  "Parent Relationship": "Outer",
                  "Parallel Aware": true,
                  "Relation Name": "cast_info",
                  "Alias": "ci",
                  "Startup Cost": 0.0,
                  "Total Cost": 343316.27,
                  "Plan Rows": 4105440,
                  "Plan Width": 0,
                  "Actual Startup Time": 88.081,
                  "Actual Total Time": 848.194,
                  "Actual Rows": 3423917,
                  "Actual Loops": 7,
                  "Filter": "((person_id > 520491) AND (role_id < 8))",
                  "Rows Removed by Filter": 1753846
                }
              ]
            }
          ]
        }
      ]
    },
    "Planning Time": 0.231,
    "Triggers": [],
    "Execution Time": 1108.885
  }
]