[
  {
    "Plan": {
      "Node Type": "Aggregate",
      "Strategy": "Plain",
      "Partial Mode": "Finalize",
      "Parallel Aware": false,
      "Startup Cost": 134259.35,
      "Total Cost": 134259.36,
      "Plan Rows": 1,
      "Plan Width": 8,
      "Actual Startup Time": 451.962,
      "Actual Total Time": 496.95,
      "Actual Rows": 1,
      "Actual Loops": 1,
      "Plans": [
        {
          "Node Type": "Gather",
          "Parent Relationship": "Outer",
          "Parallel Aware": false,
          "Startup Cost": 134259.04,
          "Total Cost": 134259.35,
          "Plan Rows": 3,
          "Plan Width": 8,
          "Actual Startup Time": 451.546,
          "Actual Total Time": 496.929,
          "Actual Rows": 4,
          "Actual Loops": 1,
          "Workers Planned": 3,
          "Workers Launched": 3,
          "Single Copy": false,
          "Plans": [
            {
              "Node Type": "Aggregate",
              "Strategy": "Plain",
              "Partial Mode": "Partial",
              "Parent Relationship": "Outer",
              "Parallel Aware": false,
              "Startup Cost": 133259.04,
              "Total Cost": 133259.05,
              "Plan Rows": 1,
              "Plan Width": 8,
              "Actual Startup Time": 442.294,
              "Actual Total Time": 442.297,
              "Actual Rows": 1,
              "Actual Loops": 4,
              "Plans": [
                {
                  "Node Type": "Nested Loop",
                  "Parent Relationship": "Outer",
                  "Parallel Aware": false,
                  "Join Type": "Inner",
                  "Startup Cost": 45776.31,
                  "Total Cost": 132731.12,
                  "Plan Rows": 211167,
                  "Plan Width": 0,
                  "Actual Startup Time": 107.183,
                  "Actual Total Time": 432.872,
                  "Actual Rows": 186582,
                  "Actual Loops": 4,
                  "Inner Unique": false,
                  "Join Filter": "(t.id = ci.movie_id)",
                  "Rows Removed by Join Filter": 0,
                  "Plans": [
                    {
                      "Node Type": "Hash Join",
                      "Parent Relationship": "Outer",
                      "Parallel Aware": true,
                      "Join Type": "Inner",
                      "Startup Cost": 45775.75,
                      "Total Cost": 89501.7,
                      "Plan Rows": 14737,
                      "Plan Width": 8,
                      "Actual Startup Time": 107.106,
                      "Actual Total Time": 226.485,
                      "Actual Rows": 5729,
                      "Actual Loops": 4,
                      "Inner Unique": true,
                      "Hash Cond": "(mk.movie_id = t.id)",
                      "Plans": [
                        {
                          "Node Type": "Seq Scan",
                          "Parent Relationship": "Outer",
                          "Parallel Aware": true,
                          "Relation Name": "movie_keyword",
                          "Alias": "mk",
                          "Startup Cost": 0.0,
                          "Total Cost": 42695.65,
                          "Plan Rows": 392493,
                          "Plan Width": 4,
                          "Actual Startup Time": 0.024,
                          "Actual Total Time": 85.061,
                          "Actual Rows": 306180,
                          "Actual Loops": 4,
                          "Filter": "(keyword_id < 1553)",
                          "Rows Removed by Filter": 824803
                        },
                        {
                          "Node Type": "Hash",
                          "Parent Relationship": "Inner",
                          "Parallel Aware": true,
                          "Startup Cost": 45479.1,
                          "Total Cost": 45479.1,
                          "Plan Rows": 23732,
                          "Plan Width": 4,
                          "Actual Startup Time": 105.493,
                          "Actual Total Time": 105.494,
                          "Actual Rows": 25148,
                          "Actual Loops": 4,
                          "Hash Buckets": 131072,
                          "Original Hash Buckets": 131072,
                          "Hash Batches": 1,
                          "Original Hash Batches": 1,
                          "Peak Memory Usage": 4992,
                          "Plans": [
                            {
                              "Node Type": "Seq Scan",
                              "Parent Relationship": "Outer",
                              "Parallel Aware": true,
                              "Relation Name": "title",
                              "Alias": "t",
                              "Startup Cost": 0.0,
                              "Total Cost": 45479.1,
                              "Plan Rows": 23732,
                              "Plan Width": 4,
                              "Actual Startup Time": 0.046,
                              "Actual Total Time": 92.031,
                              "Actual Rows": 25148,
                              "Actual Loops": 4,
                              "Filter": "((kind_id > 1) AND (production_year = 2009))",
                              "Rows Removed by Filter": 606930
                            }
                          ]
                        }
                      ]
                    },
                    {
                      "Node Type": "Index Only Scan",
                      "Parent Relationship": "Inner",
                      "Parallel Aware": false,
                      "Scan Direction": "Forward",
                      "Index Name": "movie_id_cast_info",
                      "Relation Name": "cast_info",
                      "Alias": "ci",
                      "Startup Cost": 0.56,
                      "Total Cost": 2.47,
                      "Plan Rows": 37,
                      "Plan Width": 4,
                      "Actual Startup Time": 0.006,
                      "Actual Total Time": 0.033,
                      "Actual Rows": 33,
                      "Actual Loops": 22915,
                      "Index Cond": "(movie_id = mk.movie_id)",
                      "Rows Removed by Index Recheck": 0,
                      "Heap Fetches": 746329
                    }
                  ]
                }
              ]
            }
          ]
        }
      ]
    },
    "Planning Time": 1.42,
    "Triggers": [],
    "Execution Time": 497.045
  }
]