{
  "Plan": {
    "Node Type": "Aggregate",
    "Strategy": "Plain",
    "Partial Mode": "Finalize",
    "Parallel Aware": false,
    "Startup Cost": 356771.2,
    "Total Cost": 356771.21,
    "Plan Rows": 1,
    "Plan Width": 8,
    "Actual Startup Time": 324.084,
    "Actual Total Time": 344.927,
    "Actual Rows": 1,
    "Actual Loops": 1,
    "Plans": [
      {
        "Node Type": "Gather",
        "Parent Relationship": "Outer",
        "Parallel Aware": false,
        "Startup Cost": 356771.08,
        "Total Cost": 356771.19,
        "Plan Rows": 1,
        "Plan Width": 8,
        "Actual Startup Time": 323.744,
        "Actual Total Time": 344.919,
        "Actual Rows": 2,
        "Actual Loops": 1,
        "Workers Planned": 1,
        "Workers Launched": 1,
        "Single Copy": false,
        "Plans": [
          {
            "Node Type": "Aggregate",
            "Strategy": "Plain",
            "Partial Mode": "Partial",
            "Parent Relationship": "Outer",
            "Parallel Aware": false,
            "Startup Cost": 355771.08,
            "Total Cost": 355771.09,
            "Plan Rows": 1,
            "Plan Width": 8,
            "Actual Startup Time": 317.541,
            "Actual Total Time": 317.548,
            "Actual Rows": 1,
            "Actual Loops": 2,
            "Plans": [
              {
                "Node Type": "Nested Loop",
                "Parent Relationship": "Outer",
                "Parallel Aware": false,
                "Join Type": "Inner",
                "Startup Cost": 84262.32,
                "Total Cost": 355769.04,
                "Plan Rows": 816,
                "Plan Width": 0,
                "Actual Startup Time": 260.126,
                "Actual Total Time": 317.373,
                "Actual Rows": 2138,
                "Actual Loops": 2,
                "Inner Unique": false,
                "Join Filter": "(t.id = mi.movie_id)",
                "Rows Removed by Join Filter": 0,
                "Plans": [
                  {
                    "Node Type": "Hash Join",
                    "Parent Relationship": "Outer",
                    "Parallel Aware": true,
                    "Join Type": "Inner",
                    "Startup Cost": 84261.88,
                    "Total Cost": 347800.31,
                    "Plan Rows": 1935,
                    "Plan Width": 8,
                    "Actual Startup Time": 259.957,
                    "Actual Total Time": 285.0,
                    "Actual Rows": 1246,
                    "Actual Loops": 2,
                    "Inner Unique": true,
                    "Hash Cond": "(ci.movie_id = t.id)",
                    "Plans": [
                      {
                        "Node Type": "Bitmap Heap Scan",
                        "Parent Relationship": "Outer",
                        "Parallel Aware": true,
                        "Relation Name": "cast_info",
                        "Alias": "ci",
                        "Startup Cost": 25756.89,
                        "Total Cost": 288819.53,
                        "Plan Rows": 181251,
                        "Plan Width": 4,
                        "Actual Startup Time": 101.603,
                        "Actual Total Time": 115.926,
                        "Actual Rows": 77444,
                        "Actual Loops": 2,
                        "Recheck Cond": "(person_id < 120737)",
                        "Rows Removed by Index Recheck": 0,
                        "Filter": "(role_id > 4)",
                        "Rows Removed by Filter": 520338,
                        "Exact Heap Blocks": 8897,
                        "Lossy Heap Blocks": 0,
                        "Plans": [
                          {
                            "Node Type": "Bitmap Index Scan",
                            "Parent Relationship": "Outer",
                            "Parallel Aware": false,
                            "Index Name": "person_id_cast_info",
                            "Startup Cost": 0.0,
                            "Total Cost": 25679.86,
                            "Plan Rows": 1175906,
                            "Plan Width": 0,
                            "Actual Startup Time": 40.22,
                            "Actual Total Time": 40.221,
                            "Actual Rows": 1195563,
                            "Actual Loops": 1,
                            "Index Cond": "(person_id < 120737)"
                          }
                        ]
                      },
                      {
                        "Node Type": "Hash",
                        "Parent Relationship": "Inner",
                        "Parallel Aware": true,
                        "Startup Cost": 58306.47,
                        "Total Cost": 58306.47,
                        "Plan Rows": 15882,
                        "Plan Width": 4,
                        "Actual Startup Time": 157.176,
                        "Actual Total Time": 157.177,
                        "Actual Rows": 13542,
                        "Actual Loops": 2,
                        "Hash Buckets": 32768,
                        "Original Hash Buckets": 32768,
                        "Hash Batches": 1,
                        "Original Hash Batches": 1,
                        "Peak Memory Usage": 1344,
                        "Plans": [
                          {
                            "Node Type": "Seq Scan",
                            "Parent Relationship": "Outer",
                            "Parallel Aware": true,
                            "Relation Name": "title",
                            "Alias": "t",
                            "Startup Cost": 0.0,
                            "Total Cost": 58306.47,
                            "Plan Rows": 15882,
                            "Plan Width": 4,
                            "Actual Startup Time": 0.188,
                            "Actual Total Time": 152.806,
                            "Actual Rows": 13542,
                            "Actual Loops": 2,
                            "Filter": "((kind_id < 7) AND (production_year > 2012))",
                            "Rows Removed by Filter": 1250614
                          }
                        ]
                      }
                    ]
                  },
                  {
                    "Node Type": "Index Scan",
                    "Parent Relationship": "Inner",
                    "Parallel Aware": false,
                    "Scan Direction": "Forward",
                    "Index Name": "movie_id_movie_info",
                    "Relation Name": "movie_info",
                    "Alias": "mi",
                    "Startup Cost": 0.43,
                    "Total Cost": 4.08,
                    "Plan Rows": 3,
                    "Plan Width": 4,
                    "Actual Startup Time": 0.02,
                    "Actual Total Time": 0.025,
                    "Actual Rows": 2,
                    "Actual Loops": 2493,
                    "Index Cond": "(movie_id = ci.movie_id)",
                    "Rows Removed by Index Recheck": 0,
                    "Filter": "(info_type_id > 86)",
                    "Rows Removed by Filter": 14
                  }
                ]
              }
            ]
          }
        ]
      }
    ]
  },
  "Planning Time": 1.073,
  "Triggers": [],
  "Execution Time": 345.04
}