[
  {
    "Plan": {
      "Node Type": "Aggregate",
      "Strategy": "Plain",
      "Partial Mode": "Finalize",
      "Parallel Aware": false,
      "Startup Cost": 98898.26,
      "Total Cost": 98898.27,
      "Plan Rows": 1,
      "Plan Width": 8,
      "Actual Startup Time": 660.9,
      "Actual Total Time": 743.125,
      "Actual Rows": 1,
      "Actual Loops": 1,
      "Plans": [
        {
          "Node Type": "Gather",
          "Parent Relationship": "Outer",
          "Parallel Aware": false,
          "Startup Cost": 98897.95,
          "Total Cost": 98898.26,
          "Plan Rows": 3,
          "Plan Width": 8,
          "Actual Startup Time": 660.479,
          "Actual Total Time": 743.114,
          "Actual Rows": 4,
          "Actual Loops": 1,
          "Workers Planned": 3,
          "Workers Launched": 3,
          "Single Copy": false,
          "Plans": [
            {
              "Node Type": "Aggregate",
              "Strategy": "Plain",
              "Partial Mode": "Partial",
              "Parent Relationship": "Outer",
              "Parallel Aware": false,
              "Startup Cost": 97897.95,
              "Total Cost": 97897.96,
              "Plan Rows": 1,
              "Plan Width": 8,
              "Actual Startup Time": 652.66,
              "Actual Total Time": 652.664,
              "Actual Rows": 1,
              "Actual Loops": 4,
              "Plans": [
                {
                  "Node Type": "Nested Loop",
                  "Parent Relationship": "Outer",
                  "Parallel Aware": false,
                  "Join Type": "Inner",
                  "Startup Cost": 45627.61,
                  "Total Cost": 97872.83,
                  "Plan Rows": 10048,
                  "Plan Width": 0,
                  "Actual Startup Time": 105.006,
                  "Actual Total Time": 651.409,
                  "Actual Rows": 13399,
                  "Actual Loops": 4,
                  "Inner Unique": false,
                  "Join Filter": "(t.id = ci.movie_id)",
                  "Rows Removed by Join Filter": 0,
                  "Plans": [
                    {
                      "Node Type": "Hash Join",
                      "Parent Relationship": "Outer",
                      "Parallel Aware": true,
                      "Join Type": "Inner",
                      "Startup Cost": 45627.05,
                      "Total Cost": 76274.62,
                      "Plan Rows": 9505,
                      "Plan Width": 8,
                      "Actual Startup Time": 104.35,
                      "Actual Total Time": 221.861,
                      "Actual Rows": 9397,
                      "Actual Loops": 4,
                      "Inner Unique": true,
                      "Hash Cond": "(mc.movie_id = t.id)",
                      "Plans": [
                        {
                          "Node Type": "Seq Scan",
                          "Parent Relationship": "Outer",
                          "Parallel Aware": true,
                          "Relation Name": "movie_companies",
                          "Alias": "mc",
                          "Startup Cost": 0.0,
                          "Total Cost": 29310.68,
                          "Plan Rows": 509292,
                          "Plan Width": 4,
                          "Actual Startup Time": 0.01,
                          "Actual Total Time": 71.97,
                          "Actual Rows": 395840,
                          "Actual Loops": 4,
                          "Filter": "(company_id < 15793)",
                          "Rows Removed by Filter": 256442
                        },
                        {
                          "Node Type": "Hash",
                          "Parent Relationship": "Inner",
                          "Parallel Aware": true,
                          "Startup Cost": 45479.59,
                          "Total Cost": 45479.59,
                          "Plan Rows": 11797,
                          "Plan Width": 4,
                          "Actual Startup Time": 102.974,
                          "Actual Total Time": 102.976,
                          "Actual Rows": 8872,
                          "Actual Loops": 4,
                          "Hash Buckets": 65536,
                          "Original Hash Buckets": 65536,
                          "Hash Batches": 1,
                          "Original Hash Batches": 1,
                          "Peak Memory Usage": 1952,
                          "Plans": [
                            {
                              "Node Type": "Seq Scan",
                              "Parent Relationship": "Outer",
                              "Parallel Aware": true,
                              "Relation Name": "title",
                              "Alias": "t",
                              "Startup Cost": 0.0,
                              "Total Cost": 45479.59,
                              "Plan Rows": 11797,
                              "Plan Width": 4,
                              "Actual Startup Time": 0.106,
                              "Actual Total Time": 99.189,
                              "Actual Rows": 8872,
                              "Actual Loops": 4,
                              "Filter": "((kind_id < 7) AND (production_year = 2007))",
                              "Rows Removed by Filter": 623206
                            }
                          ]
                        }
                      ]
                    },
                    {
                      "Node Type": "Index Scan",
                      "Parent Relationship": "Inner",
                      "Parallel Aware": false,
                      "Scan Direction": "Forward",
                      "Index Name": "movie_id_cast_info",
                      "Relation Name": "cast_info",
                      "Alias": "ci",
                      "Startup Cost": 0.56,
                      "Total Cost": 2.23,
                      "Plan Rows": 3,
                      "Plan Width": 4,
                      "Actual Startup Time": 0.032,
                      "Actual Total Time": 0.045,
                      "Actual Rows": 1,
                      "Actual Loops": 37589,
                      "Index Cond": "(movie_id = mc.movie_id)",
                      "Rows Removed by Index Recheck": 0,
                      "Filter": "(role_id = 4)",
                      "Rows Removed by Filter": 43
                    }
                  ]
                }
              ]
            }
          ]
        }
      ]
    },
    "Planning Time": 1.546,
    "Triggers": [],
    "Execution Time": 743.236
  }
]