[
  {
    "Plan": {
      "Node Type": "Aggregate",
      "Strategy": "Plain",
      "Partial Mode": "Simple",
      "Parallel Aware": false,
      "Startup Cost": 8231.98,
      "Total Cost": 8231.99,
      "Plan Rows": 1,
      "Plan Width": 8,
      "Actual Startup Time": 2.646,
      "Actual Total Time": 2.648,
      "Actual Rows": 1,
      "Actual Loops": 1,
      "Plans": [
        {
          "Node Type": "Index Scan",
          "Parent Relationship": "Outer",
          "Parallel Aware": false,
          "Scan Direction": "Forward",
          "Index Name": "company_id_movie_companies",
          "Relation Name": "movie_companies",
          "Alias": "mc",
          "Startup Cost": 0.43,
          "Total Cost": 8227.65,
          "Plan Rows": 1733,
          "Plan Width": 0,
          "Actual Startup Time": 2.635,
          "Actual Total Time": 2.637,
          "Actual Rows": 1,
          "Actual Loops": 1,
          "Index Cond": "(company_id = 150)",
          "Rows Removed by Index Recheck": 0,
          "Filter": "(company_type_id = 2)",
          "Rows Removed by Filter": 3995
        }
      ]
    },
    "Planning Time": 0.224,
    "Triggers": [],
    "Execution Time": 2.702
  }
]