[
  {
    "Plan": {
      "Node Type": "Aggregate",
      "Strategy": "Plain",
      "Partial Mode": "Finalize",
      "Parallel Aware": false,
      "Startup Cost": 46129.98,
      "Total Cost": 46129.99,
      "Plan Rows": 1,
      "Plan Width": 8,
      "Actual Startup Time": 182.456,
      "Actual Total Time": 193.563,
      "Actual Rows": 1,
      "Actual Loops": 1,
      "Plans": [
        {
          "Node Type": "Gather",
          "Parent Relationship": "Outer",
          "Parallel Aware": false,
          "Startup Cost": 46129.66,
          "Total Cost": 46129.97,
          "Plan Rows": 3,
          "Plan Width": 8,
          "Actual Startup Time": 182.345,
          "Actual Total Time": 193.555,
          "Actual Rows": 4,
          "Actual Loops": 1,
          "Workers Planned": 3,
          "Workers Launched": 3,
          "Single Copy": false,
          "Plans": [
            {
              "Node Type": "Aggregate",
              "Strategy": "Plain",
              "Partial Mode": "Partial",
              "Parent Relationship": "Outer",
              "Parallel Aware": false,
              "Startup Cost": 45129.66,
              "Total Cost": 45129.67,
              "Plan Rows": 1,
              "Plan Width": 8,
              "Actual Startup Time": 175.988,
              "Actual Total Time": 175.989,
              "Actual Rows": 1,
              "Actual Loops": 4,
              "Plans": [
                {
                  "Node Type": "Seq Scan",
                  "Parent Relationship": "Outer",
                  "Parallel Aware": true,
                  "Relation Name": "movie_keyword",
                  "Alias": "mk",
                  "Startup Cost": 0.0,
                  "Total Cost": 42695.65,
                  "Plan Rows": 973604,
                  "Plan Width": 0,
                  "Actual Startup Time": 0.042,
                  "Actual Total Time": 135.93,
                  "Actual Rows": 751798,
                  "Actual Loops": 4,
                  "Filter": "(keyword_id < 10661)",
                  "Rows Removed by Filter": 379185
                }
              ]
            }
          ]
        }
      ]
    },
    "Planning Time": 0.121,
    "Triggers": [],
    "Execution Time": 193.601
  }
]