{
  "Plan": {
    "Node Type": "Aggregate",
    "Strategy": "Plain",
    "Partial Mode": "Finalize",
    "Parallel Aware": false,
    "Startup Cost": 74559.03,
    "Total Cost": 74559.04,
    "Plan Rows": 1,
    "Plan Width": 8,
    "Actual Startup Time": 258.522,
    "Actual Total Time": 271.068,
    "Actual Rows": 1,
    "Actual Loops": 1,
    "Plans": [
      {
        "Node Type": "Gather",
        "Parent Relationship": "Outer",
        "Parallel Aware": false,
        "Startup Cost": 74558.92,
        "Total Cost": 74559.03,
        "Plan Rows": 1,
        "Plan Width": 8,
        "Actual Startup Time": 258.324,
        "Actual Total Time": 271.061,
        "Actual Rows": 2,
        "Actual Loops": 1,
        "Workers Planned": 1,
        "Workers Launched": 1,
        "Single Copy": false,
        "Plans": [
          {
            "Node Type": "Aggregate",
            "Strategy": "Plain",
            "Partial Mode": "Partial",
            "Parent Relationship": "Outer",
            "Parallel Aware": false,
            "Startup Cost": 73558.92,
            "Total Cost": 73558.93,
            "Plan Rows": 1,
            "Plan Width": 8,
            "Actual Startup Time": 252.618,
            "Actual Total Time": 252.621,
            "Actual Rows": 1,
            "Actual Loops": 2,
            "Plans": [
              {
                "Node Type": "Hash Join",
                "Parent Relationship": "Outer",
                "Parallel Aware": true,
                "Join Type": "Inner",
                "Startup Cost": 54768.14,
                "Total Cost": 73552.46,
                "Plan Rows": 2586,
                "Plan Width": 0,
                "Actual Startup Time": 198.532,
                "Actual Total Time": 252.477,
                "Actual Rows": 1673,
                "Actual Loops": 2,
                "Inner Unique": true,
                "Hash Cond": "(mi_idx.movie_id = t.id)",
                "Plans": [
                  {
                    "Node Type": "Seq Scan",
                    "Parent Relationship": "Outer",
                    "Parallel Aware": true,
                    "Relation Name": "movie_info_idx",
                    "Alias": "mi_idx",
                    "Startup Cost": 0.0,
                    "Total Cost": 18082.32,
                    "Plan Rows": 267429,
                    "Plan Width": 4,
                    "Actual Startup Time": 0.023,
                    "Actual Total Time": 62.042,
                    "Actual Rows": 229962,
                    "Actual Loops": 2,
                    "Filter": "(info_type_id < 100)",
                    "Rows Removed by Filter": 460055
                  },
                  {
                    "Node Type": "Hash",
                    "Parent Relationship": "Inner",
                    "Parallel Aware": true,
                    "Startup Cost": 54588.39,
                    "Total Cost": 54588.39,
                    "Plan Rows": 14380,
                    "Plan Width": 4,
                    "Actual Startup Time": 160.41,
                    "Actual Total Time": 160.41,
                    "Actual Rows": 14552,
                    "Actual Loops": 2,
                    "Hash Buckets": 32768,
                    "Original Hash Buckets": 32768,
                    "Hash Batches": 1,
                    "Original Hash Batches": 1,
                    "Peak Memory Usage": 1408,
                    "Plans": [
                      {
                        "Node Type": "Seq Scan",
                        "Parent Relationship": "Outer",
                        "Parallel Aware": true,
                        "Relation Name": "title",
                        "Alias": "t",
                        "Startup Cost": 0.0,
                        "Total Cost": 54588.39,
                        "Plan Rows": 14380,
                        "Plan Width": 4,
                        "Actual Startup Time": 81.575,
                        "Actual Total Time": 155.456,
                        "Actual Rows": 14552,
                        "Actual Loops": 2,
                        "Filter": "(production_year < 1911)",
                        "Rows Removed by Filter": 1249604
                      }
                    ]
                  }
                ]
              }
            ]
          }
        ]
      }
    ]
  },
  "Planning Time": 0.406,
  "Triggers": [],
  "Execution Time": 271.134
}