[
  {
    "Plan": {
      "Node Type": "Aggregate",
      "Strategy": "Plain",
      "Partial Mode": "Finalize",
      "Parallel Aware": false,
      "Startup Cost": 207011.9,
      "Total Cost": 207011.91,
      "Plan Rows": 1,
      "Plan Width": 8,
      "Actual Startup Time": 472.673,
      "Actual Total Time": 511.264,
      "Actual Rows": 1,
      "Actual Loops": 1,
      "Plans": [
        {
          "Node Type": "Gather",
          "Parent Relationship": "Outer",
          "Parallel Aware": false,
          "Startup Cost": 207011.37,
          "Total Cost": 207011.88,
          "Plan Rows": 5,
          "Plan Width": 8,
          "Actual Startup Time": 472.545,
          "Actual Total Time": 511.255,
          "Actual Rows": 6,
          "Actual Loops": 1,
          "Workers Planned": 5,
          "Workers Launched": 5,
          "Single Copy": false,
          "Plans": [
            {
              "Node Type": "Aggregate",
              "Strategy": "Plain",
              "Partial Mode": "Partial",
              "Parent Relationship": "Outer",
              "Parallel Aware": false,
              "Startup Cost": 206011.37,
              "Total Cost": 206011.38,
              "Plan Rows": 1,
              "Plan Width": 8,
              "Actual Startup Time": 467.505,
              "Actual Total Time": 467.506,
              "Actual Rows": 1,
              "Actual Loops": 6,
              "Plans": [
                {
                  "Node Type": "Seq Scan",
                  "Parent Relationship": "Outer",
                  "Parallel Aware": true,
                  "Relation Name": "movie_info",
                  "Alias": "mi",
                  "Startup Cost": 0.0,
                  "Total Cost": 199108.24,
                  "Plan Rows": 2761252,
                  "Plan Width": 0,
                  "Actual Startup Time": 0.034,
                  "Actual Total Time": 367.93,
                  "Actual Rows": 2299306,
                  "Actual Loops": 6,
                  "Filter": "(info_type_id < 81)",
                  "Rows Removed by Filter": 173314
                }
              ]
            }
          ]
        }
      ]
    },
    "Planning Time": 0.112,
    "Triggers": [],
    "Execution Time": 511.307
  }
]