[
    {
        "Bao": {
            "Bao prediction": "NaN",
            "Bao recommended hint": "(no hint)"
        }
    },
    {
        "Plan": {
            "Node Type": "Aggregate",
            "Strategy": "Plain",
            "Partial Mode": "Finalize",
            "Parallel Aware": false,
            "Startup Cost": 306130.73,
            "Total Cost": 306130.74,
            "Plan Rows": 1,
            "Plan Width": 8,
            "Actual Startup Time": 3039.858,
            "Actual Total Time": 3079.537,
            "Actual Rows": 1,
            "Actual Loops": 1,
            "Output": [
                "count(*)"
            ],
            "Plans": [
                {
                    "Node Type": "Gather",
                    "Parent Relationship": "Outer",
                    "Parallel Aware": false,
                    "Startup Cost": 306130.21,
                    "Total Cost": 306130.72,
                    "Plan Rows": 5,
                    "Plan Width": 8,
                    "Actual Startup Time": 3002.651,
                    "Actual Total Time": 3079.525,
                    "Actual Rows": 6,
                    "Actual Loops": 1,
                    "Output": [
                        "(PARTIAL count(*))"
                    ],
                    "Workers Planned": 5,
                    "Workers Launched": 5,
                    "Single Copy": false,
                    "Plans": [
                        {
                            "Node Type": "Aggregate",
                            "Strategy": "Plain",
                            "Partial Mode": "Partial",
                            "Parent Relationship": "Outer",
                            "Parallel Aware": false,
                            "Startup Cost": 305130.21,
                            "Total Cost": 305130.22,
                            "Plan Rows": 1,
                            "Plan Width": 8,
                            "Actual Startup Time": 2989.857,
                            "Actual Total Time": 2990.63,
                            "Actual Rows": 1,
                            "Actual Loops": 6,
                            "Output": [
                                "PARTIAL count(*)"
                            ],
                            "Workers": [
                                {
                                    "Worker Number": 0,
                                    "Actual Startup Time": 2986.58,
                                    "Actual Total Time": 2986.584,
                                    "Actual Rows": 1,
                                    "Actual Loops": 1
                                },
                                {
                                    "Worker Number": 1,
                                    "Actual Startup Time": 2986.591,
                                    "Actual Total Time": 2986.596,
                                    "Actual Rows": 1,
                                    "Actual Loops": 1
                                },
                                {
                                    "Worker Number": 2,
                                    "Actual Startup Time": 2986.973,
                                    "Actual Total Time": 2986.977,
                                    "Actual Rows": 1,
                                    "Actual Loops": 1
                                },
                                {
                                    "Worker Number": 3,
                                    "Actual Startup Time": 2986.951,
                                    "Actual Total Time": 2986.956,
                                    "Actual Rows": 1,
                                    "Actual Loops": 1
                                },
                                {
                                    "Worker Number": 4,
                                    "Actual Startup Time": 2989.82,
                                    "Actual Total Time": 2989.825,
                                    "Actual Rows": 1,
                                    "Actual Loops": 1
                                }
                            ],
                            "Plans": [
                                {
                                    "Node Type": "Hash Join",
                                    "Parent Relationship": "Outer",
                                    "Parallel Aware": true,
                                    "Join Type": "Inner",
                                    "Startup Cost": 88339.35,
                                    "Total Cost": 298920.89,
                                    "Plan Rows": 2483730,
                                    "Plan Width": 0,
                                    "Actual Startup Time": 632.972,
                                    "Actual Total Time": 2478.551,
                                    "Actual Rows": 10342819,
                                    "Actual Loops": 6,
                                    "Inner Unique": false,
                                    "Hash Cond": "(mi.movie_id = t.id)",
                                    "Workers": [
                                        {
                                            "Worker Number": 0,
                                            "Actual Startup Time": 630.562,
                                            "Actual Total Time": 2472.994,
                                            "Actual Rows": 10668895,
                                            "Actual Loops": 1
                                        },
                                        {
                                            "Worker Number": 1,
                                            "Actual Startup Time": 629.305,
                                            "Actual Total Time": 2468.968,
                                            "Actual Rows": 9484027,
                                            "Actual Loops": 1
                                        },
                                        {
                                            "Worker Number": 2,
                                            "Actual Startup Time": 630.863,
                                            "Actual Total Time": 2499.93,
                                            "Actual Rows": 12510134,
                                            "Actual Loops": 1
                                        },
                                        {
                                            "Worker Number": 3,
                                            "Actual Startup Time": 630.162,
                                            "Actual Total Time": 2460.676,
                                            "Actual Rows": 8355685,
                                            "Actual Loops": 1
                                        },
                                        {
                                            "Worker Number": 4,
                                            "Actual Startup Time": 630.682,
                                            "Actual Total Time": 2470.709,
                                            "Actual Rows": 8197613,
                                            "Actual Loops": 1
                                        }
                                    ],
                                    "Plans": [
                                        {
                                            "Node Type": "Seq Scan",
                                            "Parent Relationship": "Outer",
                                            "Parallel Aware": true,
                                            "Relation Name": "movie_info",
                                            "Schema": "public",
                                            "Alias": "mi",
                                            "Startup Cost": 0.0,
                                            "Total Cost": 191503.19,
                                            "Plan Rows": 2951019,
                                            "Plan Width": 4,
                                            "Actual Startup Time": 0.018,
                                            "Actual Total Time": 305.409,
                                            "Actual Rows": 2472620,
                                            "Actual Loops": 6,
                                            "Output": [
                                                "mi.id",
                                                "mi.movie_id",
                                                "mi.info_type_id",
                                                "mi.info",
                                                "mi.note"
                                            ],
                                            "Workers": [
                                                {
                                                    "Worker Number": 0,
                                                    "Actual Startup Time": 0.02,
                                                    "Actual Total Time": 313.262,
                                                    "Actual Rows": 2456927,
                                                    "Actual Loops": 1
                                                },
                                                {
                                                    "Worker Number": 1,
                                                    "Actual Startup Time": 0.021,
                                                    "Actual Total Time": 311.111,
                                                    "Actual Rows": 2344551,
                                                    "Actual Loops": 1
                                                },
                                                {
                                                    "Worker Number": 2,
                                                    "Actual Startup Time": 0.018,
                                                    "Actual Total Time": 317.455,
                                                    "Actual Rows": 2929369,
                                                    "Actual Loops": 1
                                                },
                                                {
                                                    "Worker Number": 3,
                                                    "Actual Startup Time": 0.021,
                                                    "Actual Total Time": 319.892,
                                                    "Actual Rows": 2026956,
                                                    "Actual Loops": 1
                                                },
                                                {
                                                    "Worker Number": 4,
                                                    "Actual Startup Time": 0.021,
                                                    "Actual Total Time": 332.123,
                                                    "Actual Rows": 1999725,
                                                    "Actual Loops": 1
                                                }
                                            ]
                                        },
                                        {
                                            "Node Type": "Hash",
                                            "Parent Relationship": "Inner",
                                            "Parallel Aware": true,
                                            "Startup Cost": 79758.83,
                                            "Total Cost": 79758.83,
                                            "Plan Rows": 686441,
                                            "Plan Width": 8,
                                            "Actual Startup Time": 626.538,
                                            "Actual Total Time": 627.31,
                                            "Actual Rows": 381653,
                                            "Actual Loops": 6,
                                            "Output": [
                                                "t.id",
                                                "mc.movie_id"
                                            ],
                                            "Hash Buckets": 4194304,
                                            "Original Hash Buckets": 4194304,
                                            "Hash Batches": 1,
                                            "Original Hash Batches": 1,
                                            "Peak Memory Usage": 122432,
                                            "Workers": [
                                                {
                                                    "Worker Number": 0,
                                                    "Actual Startup Time": 628.355,
                                                    "Actual Total Time": 628.358,
                                                    "Actual Rows": 345278,
                                                    "Actual Loops": 1
                                                },
                                                {
                                                    "Worker Number": 1,
                                                    "Actual Startup Time": 628.459,
                                                    "Actual Total Time": 628.463,
                                                    "Actual Rows": 344204,
                                                    "Actual Loops": 1
                                                },
                                                {
                                                    "Worker Number": 2,
                                                    "Actual Startup Time": 628.864,
                                                    "Actual Total Time": 628.867,
                                                    "Actual Rows": 453790,
                                                    "Actual Loops": 1
                                                },
                                                {
                                                    "Worker Number": 3,
                                                    "Actual Startup Time": 628.866,
                                                    "Actual Total Time": 628.87,
                                                    "Actual Rows": 341700,
                                                    "Actual Loops": 1
                                                },
                                                {
                                                    "Worker Number": 4,
                                                    "Actual Startup Time": 628.928,
                                                    "Actual Total Time": 628.931,
                                                    "Actual Rows": 329074,
                                                    "Actual Loops": 1
                                                }
                                            ],
                                            "Plans": [
                                                {
                                                    "Node Type": "Hash Join",
                                                    "Parent Relationship": "Outer",
                                                    "Parallel Aware": true,
                                                    "Join Type": "Inner",
                                                    "Startup Cost": 50342.94,
                                                    "Total Cost": 79758.83,
                                                    "Plan Rows": 686441,
                                                    "Plan Width": 8,
                                                    "Actual Startup Time": 247.49,
                                                    "Actual Total Time": 476.545,
                                                    "Actual Rows": 381653,
                                                    "Actual Loops": 6,
                                                    "Output": [
                                                        "t.id",
                                                        "mc.movie_id"
                                                    ],
                                                    "Inner Unique": true,
                                                    "Hash Cond": "(mc.movie_id = t.id)",
                                                    "Workers": [
                                                        {
                                                            "Worker Number": 0,
                                                            "Actual Startup Time": 247.57,
                                                            "Actual Total Time": 477.403,
                                                            "Actual Rows": 345278,
                                                            "Actual Loops": 1
                                                        },
                                                        {
                                                            "Worker Number": 1,
                                                            "Actual Startup Time": 247.54,
                                                            "Actual Total Time": 475.641,
                                                            "Actual Rows": 344204,
                                                            "Actual Loops": 1
                                                        },
                                                        {
                                                            "Worker Number": 2,
                                                            "Actual Startup Time": 247.46,
                                                            "Actual Total Time": 476.215,
                                                            "Actual Rows": 453790,
                                                            "Actual Loops": 1
                                                        },
                                                        {
                                                            "Worker Number": 3,
                                                            "Actual Startup Time": 247.402,
                                                            "Actual Total Time": 475.715,
                                                            "Actual Rows": 341700,
                                                            "Actual Loops": 1
                                                        },
                                                        {
                                                            "Worker Number": 4,
                                                            "Actual Startup Time": 247.486,
                                                            "Actual Total Time": 475.889,
                                                            "Actual Rows": 329074,
                                                            "Actual Loops": 1
                                                        }
                                                    ],
                                                    "Plans": [
                                                        {
                                                            "Node Type": "Seq Scan",
                                                            "Parent Relationship": "Outer",
                                                            "Parallel Aware": true,
                                                            "Relation Name": "movie_companies",
                                                            "Schema": "public",
                                                            "Alias": "mc",
                                                            "Startup Cost": 0.0,
                                                            "Total Cost": 27206.55,
                                                            "Plan Rows": 841655,
                                                            "Plan Width": 4,
                                                            "Actual Startup Time": 0.029,
                                                            "Actual Total Time": 51.834,
                                                            "Actual Rows": 434855,
                                                            "Actual Loops": 6,
                                                            "Output": [
                                                                "mc.id",
                                                                "mc.movie_id",
                                                                "mc.company_id",
                                                                "mc.company_type_id",
                                                                "mc.note"
                                                            ],
                                                            "Workers": [
                                                                {
                                                                    "Worker Number": 0,
                                                                    "Actual Startup Time": 0.035,
                                                                    "Actual Total Time": 55.205,
                                                                    "Actual Rows": 393395,
                                                                    "Actual Loops": 1
                                                                },
                                                                {
                                                                    "Worker Number": 1,
                                                                    "Actual Startup Time": 0.034,
                                                                    "Actual Total Time": 55.274,
                                                                    "Actual Rows": 392860,
                                                                    "Actual Loops": 1
                                                                },
                                                                {
                                                                    "Worker Number": 2,
                                                                    "Actual Startup Time": 0.028,
                                                                    "Actual Total Time": 49.092,
                                                                    "Actual Rows": 518265,
                                                                    "Actual Loops": 1
                                                                },
                                                                {
                                                                    "Worker Number": 3,
                                                                    "Actual Startup Time": 0.034,
                                                                    "Actual Total Time": 54.864,
                                                                    "Actual Rows": 388201,
                                                                    "Actual Loops": 1
                                                                },
                                                                {
                                                                    "Worker Number": 4,
                                                                    "Actual Startup Time": 0.035,
                                                                    "Actual Total Time": 55.011,
                                                                    "Actual Rows": 374957,
                                                                    "Actual Loops": 1
                                                                }
                                                            ]
                                                        },
                                                        {
                                                            "Node Type": "Hash",
                                                            "Parent Relationship": "Inner",
                                                            "Parallel Aware": true,
                                                            "Startup Cost": 43899.01,
                                                            "Total Cost": 43899.01,
                                                            "Plan Rows": 515515,
                                                            "Plan Width": 4,
                                                            "Actual Startup Time": 245.405,
                                                            "Actual Total Time": 245.406,
                                                            "Actual Rows": 344092,
                                                            "Actual Loops": 6,
                                                            "Output": [
                                                                "t.id"
                                                            ],
                                                            "Hash Buckets": 2097152,
                                                            "Original Hash Buckets": 2097152,
                                                            "Hash Batches": 1,
                                                            "Original Hash Batches": 1,
                                                            "Peak Memory Usage": 97248,
                                                            "Workers": [
                                                                {
                                                                    "Worker Number": 0,
                                                                    "Actual Startup Time": 247.25,
                                                                    "Actual Total Time": 247.251,
                                                                    "Actual Rows": 294561,
                                                                    "Actual Loops": 1
                                                                },
                                                                {
                                                                    "Worker Number": 1,
                                                                    "Actual Startup Time": 247.201,
                                                                    "Actual Total Time": 247.202,
                                                                    "Actual Rows": 291065,
                                                                    "Actual Loops": 1
                                                                },
                                                                {
                                                                    "Worker Number": 2,
                                                                    "Actual Startup Time": 247.18,
                                                                    "Actual Total Time": 247.182,
                                                                    "Actual Rows": 386425,
                                                                    "Actual Loops": 1
                                                                },
                                                                {
                                                                    "Worker Number": 3,
                                                                    "Actual Startup Time": 247.248,
                                                                    "Actual Total Time": 247.25,
                                                                    "Actual Rows": 290085,
                                                                    "Actual Loops": 1
                                                                },
                                                                {
                                                                    "Worker Number": 4,
                                                                    "Actual Startup Time": 247.182,
                                                                    "Actual Total Time": 247.184,
                                                                    "Actual Rows": 278766,
                                                                    "Actual Loops": 1
                                                                }
                                                            ],
                                                            "Plans": [
                                                                {
                                                                    "Node Type": "Seq Scan",
                                                                    "Parent Relationship": "Outer",
                                                                    "Parallel Aware": true,
                                                                    "Relation Name": "title",
                                                                    "Schema": "public",
                                                                    "Alias": "t",
                                                                    "Startup Cost": 0.0,
                                                                    "Total Cost": 43899.01,
                                                                    "Plan Rows": 515515,
                                                                    "Plan Width": 4,
                                                                    "Actual Startup Time": 0.048,
                                                                    "Actual Total Time": 96.901,
                                                                    "Actual Rows": 344092,
                                                                    "Actual Loops": 6,
                                                                    "Output": [
                                                                        "t.id"
                                                                    ],
                                                                    "Filter": "(t.production_year < 2011)",
                                                                    "Rows Removed by Filter": 77293,
                                                                    "Workers": [
                                                                        {
                                                                            "Worker Number": 0,
                                                                            "Actual Startup Time": 0.05,
                                                                            "Actual Total Time": 102.658,
                                                                            "Actual Rows": 294561,
                                                                            "Actual Loops": 1
                                                                        },
                                                                        {
                                                                            "Worker Number": 1,
                                                                            "Actual Startup Time": 0.049,
                                                                            "Actual Total Time": 102.933,
                                                                            "Actual Rows": 291065,
                                                                            "Actual Loops": 1
                                                                        },
                                                                        {
                                                                            "Worker Number": 2,
                                                                            "Actual Startup Time": 0.079,
                                                                            "Actual Total Time": 91.416,
                                                                            "Actual Rows": 386425,
                                                                            "Actual Loops": 1
                                                                        },
                                                                        {
                                                                            "Worker Number": 3,
                                                                            "Actual Startup Time": 0.029,
                                                                            "Actual Total Time": 102.557,
                                                                            "Actual Rows": 290085,
                                                                            "Actual Loops": 1
                                                                        },
                                                                        {
                                                                            "Worker Number": 4,
                                                                            "Actual Startup Time": 0.065,
                                                                            "Actual Total Time": 99.507,
                                                                            "Actual Rows": 278766,
                                                                            "Actual Loops": 1
                                                                        }
                                                                    ]
                                                                }
                                                            ]
                                                        }
                                                    ]
                                                }
                                            ]
                                        }
                                    ]
                                }
                            ]
                        }
                    ]
                }
            ]
        },
        "Planning Time": 183.667,
        "Triggers": [],
        "Execution Time": 3079.605
    }
]