[
  {
    "Plan": {
      "Node Type": "Aggregate",
      "Strategy": "Plain",
      "Partial Mode": "Finalize",
      "Parallel Aware": false,
      "Startup Cost": 112166.25,
      "Total Cost": 112166.26,
      "Plan Rows": 1,
      "Plan Width": 8,
      "Actual Startup Time": 381.765,
      "Actual Total Time": 422.489,
      "Actual Rows": 1,
      "Actual Loops": 1,
      "Plans": [
        {
          "Node Type": "Gather",
          "Parent Relationship": "Outer",
          "Parallel Aware": false,
          "Startup Cost": 112165.93,
          "Total Cost": 112166.24,
          "Plan Rows": 3,
          "Plan Width": 8,
          "Actual Startup Time": 381.151,
          "Actual Total Time": 422.479,
          "Actual Rows": 4,
          "Actual Loops": 1,
          "Workers Planned": 3,
          "Workers Launched": 3,
          "Single Copy": false,
          "Plans": [
            {
              "Node Type": "Aggregate",
              "Strategy": "Plain",
              "Partial Mode": "Partial",
              "Parent Relationship": "Outer",
              "Parallel Aware": false,
              "Startup Cost": 111165.93,
              "Total Cost": 111165.94,
              "Plan Rows": 1,
              "Plan Width": 8,
              "Actual Startup Time": 371.451,
              "Actual Total Time": 371.455,
              "Actual Rows": 1,
              "Actual Loops": 4,
              "Plans": [
                {
                  "Node Type": "Nested Loop",
                  "Parent Relationship": "Outer",
                  "Parallel Aware": false,
                  "Join Type": "Inner",
                  "Startup Cost": 60324.97,
                  "Total Cost": 111050.88,
                  "Plan Rows": 46021,
                  "Plan Width": 0,
                  "Actual Startup Time": 153.548,
                  "Actual Total Time": 364.054,
                  "Actual Rows": 126549,
                  "Actual Loops": 4,
                  "Inner Unique": false,
                  "Join Filter": "(t.id = mi.movie_id)",
                  "Rows Removed by Join Filter": 0,
                  "Plans": [
                    {
                      "Node Type": "Hash Join",
                      "Parent Relationship": "Outer",
                      "Parallel Aware": true,
                      "Join Type": "Inner",
                      "Startup Cost": 60324.54,
                      "Total Cost": 88128.32,
                      "Plan Rows": 7838,
                      "Plan Width": 8,
                      "Actual Startup Time": 153.385,
                      "Actual Total Time": 237.477,
                      "Actual Rows": 4199,
                      "Actual Loops": 4,
                      "Inner Unique": true,
                      "Hash Cond": "(mk.movie_id = t.id)",
                      "Plans": [
                        {
                          "Node Type": "Bitmap Heap Scan",
                          "Parent Relationship": "Outer",
                          "Parallel Aware": true,
                          "Relation Name": "movie_keyword",
                          "Alias": "mk",
                          "Startup Cost": 14565.33,
                          "Total Cost": 41787.74,
                          "Plan Rows": 221473,
                          "Plan Width": 4,
                          "Actual Startup Time": 38.999,
                          "Actual Total Time": 94.695,
                          "Actual Rows": 173138,
                          "Actual Loops": 4,
                          "Recheck Cond": "(keyword_id < 574)",
                          "Rows Removed by Index Recheck": 0,
                          "Exact Heap Blocks": 9747,
                          "Lossy Heap Blocks": 0,
                          "Plans": [
                            {
                              "Node Type": "Bitmap Index Scan",
                              "Parent Relationship": "Outer",
                              "Parallel Aware": false,
                              "Index Name": "keyword_id_movie_keyword",
                              "Startup Cost": 0.0,
                              "Total Cost": 14393.68,
                              "Plan Rows": 686567,
                              "Plan Width": 0,
                              "Actual Startup Time": 35.444,
                              "Actual Total Time": 35.445,
                              "Actual Rows": 692553,
                              "Actual Loops": 1,
                              "Index Cond": "(keyword_id < 574)"
                            }
                          ]
                        },
                        {
                          "Node Type": "Hash",
                          "Parent Relationship": "Inner",
                          "Parallel Aware": true,
                          "Startup Cost": 45479.59,
                          "Total Cost": 45479.59,
                          "Plan Rows": 22370,
                          "Plan Width": 4,
                          "Actual Startup Time": 112.137,
                          "Actual Total Time": 112.138,
                          "Actual Rows": 20248,
                          "Actual Loops": 4,
                          "Hash Buckets": 131072,
                          "Original Hash Buckets": 131072,
                          "Hash Batches": 1,
                          "Original Hash Batches": 1,
                          "Peak Memory Usage": 4256,
                          "Plans": [
                            {
                              "Node Type": "Seq Scan",
                              "Parent Relationship": "Outer",
                              "Parallel Aware": true,
                              "Relation Name": "title",
                              "Alias": "t",
                              "Startup Cost": 0.0,
                              "Total Cost": 45479.59,
                              "Plan Rows": 22370,
                              "Plan Width": 4,
                              "Actual Startup Time": 0.171,
                              "Actual Total Time": 104.588,
                              "Actual Rows": 20248,
                              "Actual Loops": 4,
                              "Filter": "((kind_id < 7) AND (production_year > 2011))",
                              "Rows Removed by Filter": 611830
                            }
                          ]
                        }
                      ]
                    },
                    {
                      "Node Type": "Index Only Scan",
                      "Parent Relationship": "Inner",
                      "Parallel Aware": false,
                      "Scan Direction": "Forward",
                      "Index Name": "movie_id_movie_info",
                      "Relation Name": "movie_info",
                      "Alias": "mi",
                      "Startup Cost": 0.43,
                      "Total Cost": 2.41,
                      "Plan Rows": 41,
                      "Plan Width": 4,
                      "Actual Startup Time": 0.008,
                      "Actual Total Time": 0.026,
                      "Actual Rows": 30,
                      "Actual Loops": 16797,
                      "Index Cond": "(movie_id = mk.movie_id)",
                      "Rows Removed by Index Recheck": 0,
                      "Heap Fetches": 506197
                    }
                  ]
                }
              ]
            }
          ]
        }
      ]
    },
    "Planning Time": 1.447,
    "Triggers": [],
    "Execution Time": 422.618
  }
]