[
  {
    "Plan": {
      "Node Type": "Aggregate",
      "Strategy": "Plain",
      "Partial Mode": "Finalize",
      "Parallel Aware": false,
      "Startup Cost": 31722.42,
      "Total Cost": 31722.43,
      "Plan Rows": 1,
      "Plan Width": 8,
      "Actual Startup Time": 106.351,
      "Actual Total Time": 113.7,
      "Actual Rows": 1,
      "Actual Loops": 1,
      "Plans": [
        {
          "Node Type": "Gather",
          "Parent Relationship": "Outer",
          "Parallel Aware": false,
          "Startup Cost": 31722.1,
          "Total Cost": 31722.41,
          "Plan Rows": 3,
          "Plan Width": 8,
          "Actual Startup Time": 106.184,
          "Actual Total Time": 113.689,
          "Actual Rows": 4,
          "Actual Loops": 1,
          "Workers Planned": 3,
          "Workers Launched": 3,
          "Single Copy": false,
          "Plans": [
            {
              "Node Type": "Aggregate",
              "Strategy": "Plain",
              "Partial Mode": "Partial",
              "Parent Relationship": "Outer",
              "Parallel Aware": false,
              "Startup Cost": 30722.1,
              "Total Cost": 30722.11,
              "Plan Rows": 1,
              "Plan Width": 8,
              "Actual Startup Time": 99.981,
              "Actual Total Time": 99.983,
              "Actual Rows": 1,
              "Actual Loops": 4,
              "Plans": [
                {
                  "Node Type": "Seq Scan",
                  "Parent Relationship": "Outer",
                  "Parallel Aware": true,
                  "Relation Name": "movie_companies",
                  "Alias": "mc",
                  "Startup Cost": 0.0,
                  "Total Cost": 29310.68,
                  "Plan Rows": 564567,
                  "Plan Width": 0,
                  "Actual Startup Time": 0.028,
                  "Actual Total Time": 77.954,
                  "Actual Rows": 440016,
                  "Actual Loops": 4,
                  "Filter": "(company_id < 25361)",
                  "Rows Removed by Filter": 212266
                }
              ]
            }
          ]
        }
      ]
    },
    "Planning Time": 0.207,
    "Triggers": [],
    "Execution Time": 113.755
  }
]