[
  {
    "Plan": {
      "Node Type": "Aggregate",
      "Strategy": "Plain",
      "Partial Mode": "Finalize",
      "Parallel Aware": false,
      "Startup Cost": 31889.57,
      "Total Cost": 31889.58,
      "Plan Rows": 1,
      "Plan Width": 8,
      "Actual Startup Time": 133.531,
      "Actual Total Time": 142.917,
      "Actual Rows": 1,
      "Actual Loops": 1,
      "Plans": [
        {
          "Node Type": "Gather",
          "Parent Relationship": "Outer",
          "Parallel Aware": false,
          "Startup Cost": 31889.25,
          "Total Cost": 31889.56,
          "Plan Rows": 3,
          "Plan Width": 8,
          "Actual Startup Time": 133.382,
          "Actual Total Time": 142.905,
          "Actual Rows": 4,
          "Actual Loops": 1,
          "Workers Planned": 3,
          "Workers Launched": 3,
          "Single Copy": false,
          "Plans": [
            {
              "Node Type": "Aggregate",
              "Strategy": "Plain",
              "Partial Mode": "Partial",
              "Parent Relationship": "Outer",
              "Parallel Aware": false,
              "Startup Cost": 30889.25,
              "Total Cost": 30889.26,
              "Plan Rows": 1,
              "Plan Width": 8,
              "Actual Startup Time": 125.931,
              "Actual Total Time": 125.933,
              "Actual Rows": 1,
              "Actual Loops": 4,
              "Plans": [
                {
                  "Node Type": "Seq Scan",
                  "Parent Relationship": "Outer",
                  "Parallel Aware": true,
                  "Relation Name": "movie_companies",
                  "Alias": "mc",
                  "Startup Cost": 0.0,
                  "Total Cost": 29310.68,
                  "Plan Rows": 631428,
                  "Plan Width": 0,
                  "Actual Startup Time": 0.034,
                  "Actual Total Time": 95.803,
                  "Actual Rows": 490894,
                  "Actual Loops": 4,
                  "Filter": "(company_id < 55821)",
                  "Rows Removed by Filter": 161388
                }
              ]
            }
          ]
        }
      ]
    },
    "Planning Time": 0.19,
    "Triggers": [],
    "Execution Time": 142.972
  }
]