[
  {
    "Plan": {
      "Node Type": "Aggregate",
      "Strategy": "Plain",
      "Partial Mode": "Finalize",
      "Parallel Aware": false,
      "Startup Cost": 31904.51,
      "Total Cost": 31904.52,
      "Plan Rows": 1,
      "Plan Width": 8,
      "Actual Startup Time": 115.425,
      "Actual Total Time": 123.28,
      "Actual Rows": 1,
      "Actual Loops": 1,
      "Plans": [
        {
          "Node Type": "Gather",
          "Parent Relationship": "Outer",
          "Parallel Aware": false,
          "Startup Cost": 31904.2,
          "Total Cost": 31904.51,
          "Plan Rows": 3,
          "Plan Width": 8,
          "Actual Startup Time": 115.339,
          "Actual Total Time": 123.271,
          "Actual Rows": 4,
          "Actual Loops": 1,
          "Workers Planned": 3,
          "Workers Launched": 3,
          "Single Copy": false,
          "Plans": [
            {
              "Node Type": "Aggregate",
              "Strategy": "Plain",
              "Partial Mode": "Partial",
              "Parent Relationship": "Outer",
              "Parallel Aware": false,
              "Startup Cost": 30904.2,
              "Total Cost": 30904.21,
              "Plan Rows": 1,
              "Plan Width": 8,
              "Actual Startup Time": 106.848,
              "Actual Total Time": 106.849,
              "Actual Rows": 1,
              "Actual Loops": 4,
              "Plans": [
                {
                  "Node Type": "Seq Scan",
                  "Parent Relationship": "Outer",
                  "Parallel Aware": true,
                  "Relation Name": "movie_companies",
                  "Alias": "mc",
                  "Startup Cost": 0.0,
                  "Total Cost": 29310.68,
                  "Plan Rows": 637406,
                  "Plan Width": 0,
                  "Actual Startup Time": 0.045,
                  "Actual Total Time": 81.659,
                  "Actual Rows": 490894,
                  "Actual Loops": 4,
                  "Filter": "(company_id < 55821)",
                  "Rows Removed by Filter": 161388
                }
              ]
            }
          ]
        }
      ]
    },
    "Planning Time": 0.165,
    "Triggers": [],
    "Execution Time": 123.331
  }
]