[
  {
    "Plan": {
      "Node Type": "Aggregate",
      "Strategy": "Plain",
      "Partial Mode": "Finalize",
      "Parallel Aware": false,
      "Startup Cost": 337737.41,
      "Total Cost": 337737.42,
      "Plan Rows": 1,
      "Plan Width": 8,
      "Actual Startup Time": 844.302,
      "Actual Total Time": 904.965,
      "Actual Rows": 1,
      "Actual Loops": 1,
      "Plans": [
        {
          "Node Type": "Gather",
          "Parent Relationship": "Outer",
          "Parallel Aware": false,
          "Startup Cost": 337736.78,
          "Total Cost": 337737.39,
          "Plan Rows": 6,
          "Plan Width": 8,
          "Actual Startup Time": 844.09,
          "Actual Total Time": 904.951,
          "Actual Rows": 7,
          "Actual Loops": 1,
          "Workers Planned": 6,
          "Workers Launched": 6,
          "Single Copy": false,
          "Plans": [
            {
              "Node Type": "Aggregate",
              "Strategy": "Plain",
              "Partial Mode": "Partial",
              "Parent Relationship": "Outer",
              "Parallel Aware": false,
              "Startup Cost": 336736.78,
              "Total Cost": 336736.79,
              "Plan Rows": 1,
              "Plan Width": 8,
              "Actual Startup Time": 833.482,
              "Actual Total Time": 833.483,
              "Actual Rows": 1,
              "Actual Loops": 7,
              "Plans": [
                {
                  "Node Type": "Seq Scan",
                  "Parent Relationship": "Outer",
                  "Parallel Aware": true,
                  "Relation Name": "cast_info",
                  "Alias": "ci",
                  "Startup Cost": 0.0,
                  "Total Cost": 328211.39,
                  "Plan Rows": 3410157,
                  "Plan Width": 0,
                  "Actual Startup Time": 195.066,
                  "Actual Total Time": 680.536,
                  "Actual Rows": 2896012,
                  "Actual Loops": 7,
                  "Filter": "(person_id > 1578925)",
                  "Rows Removed by Filter": 2281752
                }
              ]
            }
          ]
        }
      ]
    },
    "Planning Time": 0.207,
    "Triggers": [],
    "Execution Time": 905.093
  }
]