[
    {
        "Bao": {
            "Bao prediction": "NaN",
            "Bao recommended hint": "(no hint)"
        }
    },
    {
        "Plan": {
            "Node Type": "Aggregate",
            "Strategy": "Plain",
            "Partial Mode": "Finalize",
            "Parallel Aware": false,
            "Startup Cost": 87721.43,
            "Total Cost": 87721.44,
            "Plan Rows": 1,
            "Plan Width": 8,
            "Actual Startup Time": 361.591,
            "Actual Total Time": 372.866,
            "Actual Rows": 1,
            "Actual Loops": 1,
            "Output": [
                "count(*)"
            ],
            "Plans": [
                {
                    "Node Type": "Gather",
                    "Parent Relationship": "Outer",
                    "Parallel Aware": false,
                    "Startup Cost": 87721.11,
                    "Total Cost": 87721.42,
                    "Plan Rows": 3,
                    "Plan Width": 8,
                    "Actual Startup Time": 354.13,
                    "Actual Total Time": 372.858,
                    "Actual Rows": 4,
                    "Actual Loops": 1,
                    "Output": [
                        "(PARTIAL count(*))"
                    ],
                    "Workers Planned": 3,
                    "Workers Launched": 3,
                    "Single Copy": false,
                    "Plans": [
                        {
                            "Node Type": "Aggregate",
                            "Strategy": "Plain",
                            "Partial Mode": "Partial",
                            "Parent Relationship": "Outer",
                            "Parallel Aware": false,
                            "Startup Cost": 86721.11,
                            "Total Cost": 86721.12,
                            "Plan Rows": 1,
                            "Plan Width": 8,
                            "Actual Startup Time": 345.615,
                            "Actual Total Time": 345.618,
                            "Actual Rows": 1,
                            "Actual Loops": 4,
                            "Output": [
                                "PARTIAL count(*)"
                            ],
                            "Workers": [
                                {
                                    "Worker Number": 0,
                                    "Actual Startup Time": 342.157,
                                    "Actual Total Time": 342.16,
                                    "Actual Rows": 1,
                                    "Actual Loops": 1
                                },
                                {
                                    "Worker Number": 1,
                                    "Actual Startup Time": 343.396,
                                    "Actual Total Time": 343.398,
                                    "Actual Rows": 1,
                                    "Actual Loops": 1
                                },
                                {
                                    "Worker Number": 2,
                                    "Actual Startup Time": 343.089,
                                    "Actual Total Time": 343.092,
                                    "Actual Rows": 1,
                                    "Actual Loops": 1
                                }
                            ],
                            "Plans": [
                                {
                                    "Node Type": "Hash Join",
                                    "Parent Relationship": "Outer",
                                    "Parallel Aware": true,
                                    "Join Type": "Inner",
                                    "Startup Cost": 59745.91,
                                    "Total Cost": 86518.01,
                                    "Plan Rows": 81241,
                                    "Plan Width": 0,
                                    "Actual Startup Time": 252.897,
                                    "Actual Total Time": 344.34,
                                    "Actual Rows": 13625,
                                    "Actual Loops": 4,
                                    "Inner Unique": true,
                                    "Hash Cond": "(mk.movie_id = t.id)",
                                    "Workers": [
                                        {
                                            "Worker Number": 0,
                                            "Actual Startup Time": 249.414,
                                            "Actual Total Time": 341.06,
                                            "Actual Rows": 23594,
                                            "Actual Loops": 1
                                        },
                                        {
                                            "Worker Number": 1,
                                            "Actual Startup Time": 250.238,
                                            "Actual Total Time": 342.158,
                                            "Actual Rows": 9370,
                                            "Actual Loops": 1
                                        },
                                        {
                                            "Worker Number": 2,
                                            "Actual Startup Time": 250.708,
                                            "Actual Total Time": 341.803,
                                            "Actual Rows": 9695,
                                            "Actual Loops": 1
                                        }
                                    ],
                                    "Plans": [
                                        {
                                            "Node Type": "Bitmap Heap Scan",
                                            "Parent Relationship": "Outer",
                                            "Parallel Aware": true,
                                            "Relation Name": "movie_keyword",
                                            "Schema": "public",
                                            "Alias": "mk",
                                            "Startup Cost": 10078.57,
                                            "Total Cost": 36448.35,
                                            "Plan Rows": 153263,
                                            "Plan Width": 4,
                                            "Actual Startup Time": 41.169,
                                            "Actual Total Time": 95.283,
                                            "Actual Rows": 118136,
                                            "Actual Loops": 4,
                                            "Output": [
                                                "mk.id",
                                                "mk.movie_id",
                                                "mk.keyword_id"
                                            ],
                                            "Recheck Cond": "(mk.keyword_id < 359)",
                                            "Rows Removed by Index Recheck": 0,
                                            "Exact Heap Blocks": 7028,
                                            "Lossy Heap Blocks": 0,
                                            "Workers": [
                                                {
                                                    "Worker Number": 0,
                                                    "Actual Startup Time": 41.008,
                                                    "Actual Total Time": 97.407,
                                                    "Actual Rows": 128613,
                                                    "Actual Loops": 1
                                                },
                                                {
                                                    "Worker Number": 1,
                                                    "Actual Startup Time": 41.247,
                                                    "Actual Total Time": 96.809,
                                                    "Actual Rows": 104622,
                                                    "Actual Loops": 1
                                                },
                                                {
                                                    "Worker Number": 2,
                                                    "Actual Startup Time": 41.285,
                                                    "Actual Total Time": 96.891,
                                                    "Actual Rows": 105518,
                                                    "Actual Loops": 1
                                                }
                                            ],
                                            "Plans": [
                                                {
                                                    "Node Type": "Bitmap Index Scan",
                                                    "Parent Relationship": "Outer",
                                                    "Parallel Aware": false,
                                                    "Index Name": "keyword_id_movie_keyword",
                                                    "Startup Cost": 0.0,
                                                    "Total Cost": 9959.79,
                                                    "Plan Rows": 475114,
                                                    "Plan Width": 0,
                                                    "Actual Startup Time": 37.447,
                                                    "Actual Total Time": 37.447,
                                                    "Actual Rows": 472545,
                                                    "Actual Loops": 1,
                                                    "Index Cond": "(mk.keyword_id < 359)",
                                                    "Workers": [
                                                        {
                                                            "Worker Number": 0,
                                                            "Actual Startup Time": 37.447,
                                                            "Actual Total Time": 37.447,
                                                            "Actual Rows": 472545,
                                                            "Actual Loops": 1
                                                        }
                                                    ]
                                                }
                                            ]
                                        },
                                        {
                                            "Node Type": "Hash",
                                            "Parent Relationship": "Inner",
                                            "Parallel Aware": true,
                                            "Startup Cost": 45479.21,
                                            "Total Cost": 45479.21,
                                            "Plan Rows": 335051,
                                            "Plan Width": 4,
                                            "Actual Startup Time": 207.443,
                                            "Actual Total Time": 207.444,
                                            "Actual Rows": 358003,
                                            "Actual Loops": 4,
                                            "Output": [
                                                "t.id"
                                            ],
                                            "Hash Buckets": 2097152,
                                            "Original Hash Buckets": 2097152,
                                            "Hash Batches": 1,
                                            "Original Hash Batches": 1,
                                            "Peak Memory Usage": 72480,
                                            "Workers": [
                                                {
                                                    "Worker Number": 0,
                                                    "Actual Startup Time": 207.999,
                                                    "Actual Total Time": 208.0,
                                                    "Actual Rows": 305668,
                                                    "Actual Loops": 1
                                                },
                                                {
                                                    "Worker Number": 1,
                                                    "Actual Startup Time": 208.512,
                                                    "Actual Total Time": 208.512,
                                                    "Actual Rows": 342107,
                                                    "Actual Loops": 1
                                                },
                                                {
                                                    "Worker Number": 2,
                                                    "Actual Startup Time": 208.925,
                                                    "Actual Total Time": 208.926,
                                                    "Actual Rows": 342809,
                                                    "Actual Loops": 1
                                                }
                                            ],
                                            "Plans": [
                                                {
                                                    "Node Type": "Seq Scan",
                                                    "Parent Relationship": "Outer",
                                                    "Parallel Aware": true,
                                                    "Relation Name": "title",
                                                    "Schema": "public",
                                                    "Alias": "t",
                                                    "Startup Cost": 0.0,
                                                    "Total Cost": 45479.21,
                                                    "Plan Rows": 335051,
                                                    "Plan Width": 4,
                                                    "Actual Startup Time": 0.046,
                                                    "Actual Total Time": 96.019,
                                                    "Actual Rows": 358003,
                                                    "Actual Loops": 4,
                                                    "Output": [
                                                        "t.id"
                                                    ],
                                                    "Filter": "((t.production_year > 1959) AND (t.kind_id = 7))",
                                                    "Rows Removed by Filter": 274075,
                                                    "Workers": [
                                                        {
                                                            "Worker Number": 0,
                                                            "Actual Startup Time": 0.058,
                                                            "Actual Total Time": 94.695,
                                                            "Actual Rows": 305668,
                                                            "Actual Loops": 1
                                                        },
                                                        {
                                                            "Worker Number": 1,
                                                            "Actual Startup Time": 0.054,
                                                            "Actual Total Time": 98.905,
                                                            "Actual Rows": 342107,
                                                            "Actual Loops": 1
                                                        },
                                                        {
                                                            "Worker Number": 2,
                                                            "Actual Startup Time": 0.057,
                                                            "Actual Total Time": 99.653,
                                                            "Actual Rows": 342809,
                                                            "Actual Loops": 1
                                                        }
                                                    ]
                                                }
                                            ]
                                        }
                                    ]
                                }
                            ]
                        }
                    ]
                }
            ]
        },
        "Planning Time": 178.267,
        "Triggers": [],
        "Execution Time": 372.93
    }
]