[
  {
    "Plan": {
      "Node Type": "Aggregate",
      "Strategy": "Plain",
      "Partial Mode": "Finalize",
      "Parallel Aware": false,
      "Startup Cost": 297360.62,
      "Total Cost": 297360.63,
      "Plan Rows": 1,
      "Plan Width": 8,
      "Actual Startup Time": 999.868,
      "Actual Total Time": 1022.78,
      "Actual Rows": 1,
      "Actual Loops": 1,
      "Plans": [
        {
          "Node Type": "Gather",
          "Parent Relationship": "Outer",
          "Parallel Aware": false,
          "Startup Cost": 297360.3,
          "Total Cost": 297360.61,
          "Plan Rows": 3,
          "Plan Width": 8,
          "Actual Startup Time": 988.456,
          "Actual Total Time": 1022.771,
          "Actual Rows": 4,
          "Actual Loops": 1,
          "Workers Planned": 3,
          "Workers Launched": 3,
          "Single Copy": false,
          "Plans": [
            {
              "Node Type": "Aggregate",
              "Strategy": "Plain",
              "Partial Mode": "Partial",
              "Parent Relationship": "Outer",
              "Parallel Aware": false,
              "Startup Cost": 296360.3,
              "Total Cost": 296360.31,
              "Plan Rows": 1,
              "Plan Width": 8,
              "Actual Startup Time": 980.66,
              "Actual Total Time": 980.79,
              "Actual Rows": 1,
              "Actual Loops": 4,
              "Plans": [
                {
                  "Node Type": "Hash Join",
                  "Parent Relationship": "Outer",
                  "Parallel Aware": true,
                  "Join Type": "Inner",
                  "Startup Cost": 248423.99,
                  "Total Cost": 294462.25,
                  "Plan Rows": 759222,
                  "Plan Width": 0,
                  "Actual Startup Time": 606.731,
                  "Actual Total Time": 911.839,
                  "Actual Rows": 1722011,
                  "Actual Loops": 4,
                  "Inner Unique": false,
                  "Hash Cond": "(mk.movie_id = t.id)",
                  "Plans": [
                    {
                      "Node Type": "Seq Scan",
                      "Parent Relationship": "Outer",
                      "Parallel Aware": true,
                      "Relation Name": "movie_keyword",
                      "Alias": "mk",
                      "Startup Cost": 0.0,
                      "Total Cost": 39047.32,
                      "Plan Rows": 1459332,
                      "Plan Width": 4,
                      "Actual Startup Time": 0.013,
                      "Actual Total Time": 83.066,
                      "Actual Rows": 1130982,
                      "Actual Loops": 4
                    },
                    {
                      "Node Type": "Hash",
                      "Parent Relationship": "Inner",
                      "Parallel Aware": true,
                      "Startup Cost": 245135.58,
                      "Total Cost": 245135.58,
                      "Plan Rows": 263073,
                      "Plan Width": 8,
                      "Actual Startup Time": 600.999,
                      "Actual Total Time": 601.128,
                      "Actual Rows": 299781,
                      "Actual Loops": 4,
                      "Hash Buckets": 2097152,
                      "Original Hash Buckets": 2097152,
                      "Hash Batches": 1,
                      "Original Hash Batches": 1,
                      "Peak Memory Usage": 63392,
                      "Plans": [
                        {
                          "Node Type": "Hash Join",
                          "Parent Relationship": "Outer",
                          "Parallel Aware": true,
                          "Join Type": "Inner",
                          "Startup Cost": 78500.62,
                          "Total Cost": 245135.58,
                          "Plan Rows": 263073,
                          "Plan Width": 8,
                          "Actual Startup Time": 353.623,
                          "Actual Total Time": 508.812,
                          "Actual Rows": 299781,
                          "Actual Loops": 4,
                          "Inner Unique": true,
                          "Hash Cond": "(mi.movie_id = t.id)",
                          "Plans": [
                            {
                              "Node Type": "Bitmap Heap Scan",
                              "Parent Relationship": "Outer",
                              "Parallel Aware": true,
                              "Relation Name": "movie_info",
                              "Alias": "mi",
                              "Startup Cost": 27829.04,
                              "Total Cost": 193658.37,
                              "Plan Rows": 306906,
                              "Plan Width": 4,
                              "Actual Startup Time": 53.249,
                              "Actual Total Time": 93.749,
                              "Actual Rows": 383477,
                              "Actual Loops": 4,
                              "Recheck Cond": "(info_type_id = 3)",
                              "Rows Removed by Index Recheck": 0,
                              "Exact Heap Blocks": 2491,
                              "Lossy Heap Blocks": 0,
                              "Plans": [
                                {
                                  "Node Type": "Bitmap Index Scan",
                                  "Parent Relationship": "Outer",
                                  "Parallel Aware": false,
                                  "Index Name": "info_type_id_movie_info",
                                  "Startup Cost": 0.0,
                                  "Total Cost": 27445.41,
                                  "Plan Rows": 1534530,
                                  "Plan Width": 0,
                                  "Actual Startup Time": 51.735,
                                  "Actual Total Time": 51.735,
                                  "Actual Rows": 1533909,
                                  "Actual Loops": 1,
                                  "Index Cond": "(info_type_id = 3)"
                                }
                              ]
                            },
                            {
                              "Node Type": "Hash",
                              "Parent Relationship": "Inner",
                              "Parallel Aware": true,
                              "Startup Cost": 43899.01,
                              "Total Cost": 43899.01,
                              "Plan Rows": 541806,
                              "Plan Width": 4,
                              "Actual Startup Time": 293.841,
                              "Actual Total Time": 293.841,
                              "Actual Rows": 542791,
                              "Actual Loops": 4,
                              "Hash Buckets": 4194304,
                              "Original Hash Buckets": 4194304,
                              "Hash Batches": 1,
                              "Original Hash Batches": 1,
                              "Peak Memory Usage": 117760,
                              "Plans": [
                                {
                                  "Node Type": "Seq Scan",
                                  "Parent Relationship": "Outer",
                                  "Parallel Aware": true,
                                  "Relation Name": "title",
                                  "Alias": "t",
                                  "Startup Cost": 0.0,
                                  "Total Cost": 43899.01,
                                  "Plan Rows": 541806,
                                  "Plan Width": 4,
                                  "Actual Startup Time": 0.04,
                                  "Actual Total Time": 102.051,
                                  "Actual Rows": 542791,
                                  "Actual Loops": 4,
                                  "Filter": "(production_year > 1963)",
                                  "Rows Removed by Filter": 89287
                                }
                              ]
                            }
                          ]
                        }
                      ]
                    }
                  ]
                }
              ]
            }
          ]
        }
      ]
    },
    "Planning Time": 0.746,
    "Triggers": [],
    "Execution Time": 1022.842
  }
]