[
  {
    "Plan": {
      "Node Type": "Aggregate",
      "Strategy": "Plain",
      "Partial Mode": "Finalize",
      "Parallel Aware": false,
      "Startup Cost": 31863.22,
      "Total Cost": 31863.23,
      "Plan Rows": 1,
      "Plan Width": 8,
      "Actual Startup Time": 100.638,
      "Actual Total Time": 108.062,
      "Actual Rows": 1,
      "Actual Loops": 1,
      "Plans": [
        {
          "Node Type": "Gather",
          "Parent Relationship": "Outer",
          "Parallel Aware": false,
          "Startup Cost": 31862.9,
          "Total Cost": 31863.21,
          "Plan Rows": 3,
          "Plan Width": 8,
          "Actual Startup Time": 100.352,
          "Actual Total Time": 108.054,
          "Actual Rows": 4,
          "Actual Loops": 1,
          "Workers Planned": 3,
          "Workers Launched": 3,
          "Single Copy": false,
          "Plans": [
            {
              "Node Type": "Aggregate",
              "Strategy": "Plain",
              "Partial Mode": "Partial",
              "Parent Relationship": "Outer",
              "Parallel Aware": false,
              "Startup Cost": 30862.9,
              "Total Cost": 30862.91,
              "Plan Rows": 1,
              "Plan Width": 8,
              "Actual Startup Time": 91.343,
              "Actual Total Time": 91.344,
              "Actual Rows": 1,
              "Actual Loops": 4,
              "Plans": [
                {
                  "Node Type": "Bitmap Heap Scan",
                  "Parent Relationship": "Outer",
                  "Parallel Aware": true,
                  "Relation Name": "movie_keyword",
                  "Alias": "mk",
                  "Startup Cost": 5218.72,
                  "Total Cost": 30664.54,
                  "Plan Rows": 79346,
                  "Plan Width": 0,
                  "Actual Startup Time": 31.154,
                  "Actual Total Time": 87.639,
                  "Actual Rows": 59018,
                  "Actual Loops": 4,
                  "Recheck Cond": "(keyword_id > 62515)",
                  "Rows Removed by Index Recheck": 0,
                  "Exact Heap Blocks": 11455,
                  "Lossy Heap Blocks": 0,
                  "Plans": [
                    {
                      "Node Type": "Bitmap Index Scan",
                      "Parent Relationship": "Outer",
                      "Parallel Aware": false,
                      "Index Name": "keyword_id_movie_keyword",
                      "Startup Cost": 0.0,
                      "Total Cost": 5157.22,
                      "Plan Rows": 245972,
                      "Plan Width": 0,
                      "Actual Startup Time": 34.716,
                      "Actual Total Time": 34.717,
                      "Actual Rows": 236072,
                      "Actual Loops": 1,
                      "Index Cond": "(keyword_id > 62515)"
                    }
                  ]
                }
              ]
            }
          ]
        }
      ]
    },
    "Planning Time": 0.158,
    "Triggers": [],
    "Execution Time": 108.132
  }
]