[
  {
    "Plan": {
      "Node Type": "Aggregate",
      "Strategy": "Plain",
      "Partial Mode": "Finalize",
      "Parallel Aware": false,
      "Startup Cost": 334701.88,
      "Total Cost": 334701.89,
      "Plan Rows": 1,
      "Plan Width": 8,
      "Actual Startup Time": 410.366,
      "Actual Total Time": 430.746,
      "Actual Rows": 1,
      "Actual Loops": 1,
      "Plans": [
        {
          "Node Type": "Gather",
          "Parent Relationship": "Outer",
          "Parallel Aware": false,
          "Startup Cost": 334701.26,
          "Total Cost": 334701.86,
          "Plan Rows": 6,
          "Plan Width": 8,
          "Actual Startup Time": 410.247,
          "Actual Total Time": 430.737,
          "Actual Rows": 7,
          "Actual Loops": 1,
          "Workers Planned": 6,
          "Workers Launched": 6,
          "Single Copy": false,
          "Plans": [
            {
              "Node Type": "Aggregate",
              "Strategy": "Plain",
              "Partial Mode": "Partial",
              "Parent Relationship": "Outer",
              "Parallel Aware": false,
              "Startup Cost": 333701.26,
              "Total Cost": 333701.27,
              "Plan Rows": 1,
              "Plan Width": 8,
              "Actual Startup Time": 399.728,
              "Actual Total Time": 399.729,
              "Actual Rows": 1,
              "Actual Loops": 7,
              "Plans": [
                {
                  "Node Type": "Index Scan",
                  "Parent Relationship": "Outer",
                  "Parallel Aware": true,
                  "Scan Direction": "Forward",
                  "Index Name": "role_id_cast_info",
                  "Relation Name": "cast_info",
                  "Alias": "ci",
                  "Startup Cost": 0.56,
                  "Total Cost": 331632.96,
                  "Plan Rows": 827318,
                  "Plan Width": 0,
                  "Actual Startup Time": 0.203,
                  "Actual Total Time": 377.83,
                  "Actual Rows": 420454,
                  "Actual Loops": 7,
                  "Index Cond": "(role_id > 3)",
                  "Rows Removed by Index Recheck": 0,
                  "Filter": "(person_id < 1436233)",
                  "Rows Removed by Filter": 1310067
                }
              ]
            }
          ]
        }
      ]
    },
    "Planning Time": 0.205,
    "Triggers": [],
    "Execution Time": 430.817
  }
]