[
  {
    "Plan": {
      "Node Type": "Aggregate",
      "Strategy": "Plain",
      "Partial Mode": "Finalize",
      "Parallel Aware": false,
      "Startup Cost": 80189.65,
      "Total Cost": 80189.66,
      "Plan Rows": 1,
      "Plan Width": 8,
      "Actual Startup Time": 293.243,
      "Actual Total Time": 308.807,
      "Actual Rows": 1,
      "Actual Loops": 1,
      "Plans": [
        {
          "Node Type": "Gather",
          "Parent Relationship": "Outer",
          "Parallel Aware": false,
          "Startup Cost": 80189.33,
          "Total Cost": 80189.64,
          "Plan Rows": 3,
          "Plan Width": 8,
          "Actual Startup Time": 291.205,
          "Actual Total Time": 308.798,
          "Actual Rows": 4,
          "Actual Loops": 1,
          "Workers Planned": 3,
          "Workers Launched": 3,
          "Single Copy": false,
          "Plans": [
            {
              "Node Type": "Aggregate",
              "Strategy": "Plain",
              "Partial Mode": "Partial",
              "Parent Relationship": "Outer",
              "Parallel Aware": false,
              "Startup Cost": 79189.33,
              "Total Cost": 79189.34,
              "Plan Rows": 1,
              "Plan Width": 8,
              "Actual Startup Time": 283.016,
              "Actual Total Time": 283.019,
              "Actual Rows": 1,
              "Actual Loops": 4,
              "Plans": [
                {
                  "Node Type": "Hash Join",
                  "Parent Relationship": "Outer",
                  "Parallel Aware": true,
                  "Join Type": "Inner",
                  "Startup Cost": 46847.91,
                  "Total Cost": 79058.1,
                  "Plan Rows": 52493,
                  "Plan Width": 0,
                  "Actual Startup Time": 209.75,
                  "Actual Total Time": 277.754,
                  "Actual Rows": 111698,
                  "Actual Loops": 4,
                  "Inner Unique": true,
                  "Hash Cond": "(mc.movie_id = t.id)",
                  "Plans": [
                    {
                      "Node Type": "Seq Scan",
                      "Parent Relationship": "Outer",
                      "Parallel Aware": true,
                      "Relation Name": "movie_companies",
                      "Alias": "mc",
                      "Startup Cost": 0.0,
                      "Total Cost": 31414.82,
                      "Plan Rows": 302997,
                      "Plan Width": 4,
                      "Actual Startup Time": 32.499,
                      "Actual Total Time": 74.077,
                      "Actual Rows": 277792,
                      "Actual Loops": 4,
                      "Filter": "((company_id > 1475) AND (company_type_id > 1))",
                      "Rows Removed by Filter": 374490
                    },
                    {
                      "Node Type": "Hash",
                      "Parent Relationship": "Inner",
                      "Parallel Aware": true,
                      "Startup Cost": 45479.1,
                      "Total Cost": 45479.1,
                      "Plan Rows": 109505,
                      "Plan Width": 4,
                      "Actual Startup Time": 139.979,
                      "Actual Total Time": 139.98,
                      "Actual Rows": 118480,
                      "Actual Loops": 4,
                      "Hash Buckets": 524288,
                      "Original Hash Buckets": 524288,
                      "Hash Batches": 1,
                      "Original Hash Batches": 1,
                      "Peak Memory Usage": 22720,
                      "Plans": [
                        {
                          "Node Type": "Seq Scan",
                          "Parent Relationship": "Outer",
                          "Parallel Aware": true,
                          "Relation Name": "title",
                          "Alias": "t",
                          "Startup Cost": 0.0,
                          "Total Cost": 45479.1,
                          "Plan Rows": 109505,
                          "Plan Width": 4,
                          "Actual Startup Time": 61.831,
                          "Actual Total Time": 107.049,
                          "Actual Rows": 118480,
                          "Actual Loops": 4,
                          "Filter": "((production_year < 2008) AND (kind_id = 1))",
                          "Rows Removed by Filter": 513598
                        }
                      ]
                    }
                  ]
                }
              ]
            }
          ]
        }
      ]
    },
    "Planning Time": 0.714,
    "Triggers": [],
    "Execution Time": 308.875
  }
]