{
    "Plan": {
        "Node Type": "Aggregate",
        "Strategy": "Plain",
        "Partial Mode": "Simple",
        "Parallel Aware": false,
        "Startup Cost": 50005073014.58,
        "Total Cost": 50005073014.59,
        "Plan Rows": 1,
        "Plan Width": 96,
        "Actual Startup Time": 12418.267,
        "Actual Total Time": 12434.963,
        "Actual Rows": 1,
        "Actual Loops": 1,
        "Output": [
            "min(chn.name)",
            "min(n.name)",
            "min(t.title)"
        ],
        "Plans": [
            {
                "Node Type": "Nested Loop",
                "Parent Relationship": "Outer",
                "Parallel Aware": false,
                "Join Type": "Inner",
                "Startup Cost": 50005073008.69,
                "Total Cost": 50005073014.57,
                "Plan Rows": 1,
                "Plan Width": 48,
                "Actual Startup Time": 12411.798,
                "Actual Total Time": 12434.928,
                "Actual Rows": 30,
                "Actual Loops": 1,
                "Output": [
                    "chn.name",
                    "n.name",
                    "t.title"
                ],
                "Inner Unique": true,
                "Plans": [
                    {
                        "Node Type": "Merge Join",
                        "Parent Relationship": "Outer",
                        "Parallel Aware": false,
                        "Join Type": "Inner",
                        "Startup Cost": 40005073008.26,
                        "Total Cost": 40005073008.52,
                        "Plan Rows": 1,
                        "Plan Width": 52,
                        "Actual Startup Time": 12411.456,
                        "Actual Total Time": 12428.669,
                        "Actual Rows": 1320,
                        "Actual Loops": 1,
                        "Output": [
                            "chn.name",
                            "mk.keyword_id",
                            "n.name",
                            "t.title"
                        ],
                        "Inner Unique": false,
                        "Merge Cond": "(t.id = mi.movie_id)",
                        "Plans": [
                            {
                                "Node Type": "Sort",
                                "Parent Relationship": "Outer",
                                "Parallel Aware": false,
                                "Startup Cost": 46485.48,
                                "Total Cost": 46485.61,
                                "Plan Rows": 49,
                                "Plan Width": 21,
                                "Actual Startup Time": 108.372,
                                "Actual Total Time": 108.486,
                                "Actual Rows": 6,
                                "Actual Loops": 1,
                                "Output": [
                                    "t.title",
                                    "t.id"
                                ],
                                "Sort Key": [
                                    "t.id"
                                ],
                                "Sort Method": "quicksort",
                                "Sort Space Used": 25,
                                "Sort Space Type": "Memory",
                                "Plans": [
                                    {
                                        "Node Type": "Gather",
                                        "Parent Relationship": "Outer",
                                        "Parallel Aware": false,
                                        "Startup Cost": 1000.0,
                                        "Total Cost": 46484.11,
                                        "Plan Rows": 49,
                                        "Plan Width": 21,
                                        "Actual Startup Time": 41.977,
                                        "Actual Total Time": 108.461,
                                        "Actual Rows": 9,
                                        "Actual Loops": 1,
                                        "Output": [
                                            "t.title",
                                            "t.id"
                                        ],
                                        "Workers Planned": 4,
                                        "Workers Launched": 4,
                                        "Single Copy": false,
                                        "Plans": [
                                            {
                                                "Node Type": "Seq Scan",
                                                "Parent Relationship": "Outer",
                                                "Parallel Aware": true,
                                                "Relation Name": "title",
                                                "Schema": "public",
                                                "Alias": "t",
                                                "Startup Cost": 0.0,
                                                "Total Cost": 45479.21,
                                                "Plan Rows": 12,
                                                "Plan Width": 21,
                                                "Actual Startup Time": 55.519,
                                                "Actual Total Time": 98.982,
                                                "Actual Rows": 2,
                                                "Actual Loops": 5,
                                                "Output": [
                                                    "t.title",
                                                    "t.id"
                                                ],
                                                "Filter": "((t.title ~~ 'Kung Fu Panda%'::text) AND (t.production_year > 2009))",
                                                "Rows Removed by Filter": 505661,
                                                "Workers": [
                                                    {
                                                        "Worker Number": 0,
                                                        "Actual Startup Time": 96.485,
                                                        "Actual Total Time": 96.486,
                                                        "Actual Rows": 0,
                                                        "Actual Loops": 1
                                                    },
                                                    {
                                                        "Worker Number": 1,
                                                        "Actual Startup Time": 32.242,
                                                        "Actual Total Time": 96.46,
                                                        "Actual Rows": 4,
                                                        "Actual Loops": 1
                                                    },
                                                    {
                                                        "Worker Number": 2,
                                                        "Actual Startup Time": 79.82,
                                                        "Actual Total Time": 96.924,
                                                        "Actual Rows": 1,
                                                        "Actual Loops": 1
                                                    },
                                                    {
                                                        "Worker Number": 3,
                                                        "Actual Startup Time": 27.504,
                                                        "Actual Total Time": 97.247,
                                                        "Actual Rows": 2,
                                                        "Actual Loops": 1
                                                    }
                                                ]
                                            }
                                        ]
                                    }
                                ]
                            },
                            {
                                "Node Type": "Sort",
                                "Parent Relationship": "Inner",
                                "Parallel Aware": false,
                                "Startup Cost": 40005026522.78,
                                "Total Cost": 40005026522.78,
                                "Plan Rows": 1,
                                "Plan Width": 51,
                                "Actual Startup Time": 12303.074,
                                "Actual Total Time": 12319.877,
                                "Actual Rows": 1320,
                                "Actual Loops": 1,
                                "Output": [
                                    "ci.movie_id",
                                    "chn.name",
                                    "mc.movie_id",
                                    "mi.movie_id",
                                    "mk.movie_id",
                                    "mk.keyword_id",
                                    "n.name"
                                ],
                                "Sort Key": [
                                    "ci.movie_id"
                                ],
                                "Sort Method": "quicksort",
                                "Sort Space Used": 152,
                                "Sort Space Type": "Memory",
                                "Plans": [
                                    {
                                        "Node Type": "Merge Join",
                                        "Parent Relationship": "Outer",
                                        "Parallel Aware": false,
                                        "Join Type": "Inner",
                                        "Startup Cost": 40005026339.1,
                                        "Total Cost": 40005026522.77,
                                        "Plan Rows": 1,
                                        "Plan Width": 51,
                                        "Actual Startup Time": 12299.728,
                                        "Actual Total Time": 12319.366,
                                        "Actual Rows": 1320,
                                        "Actual Loops": 1,
                                        "Output": [
                                            "ci.movie_id",
                                            "chn.name",
                                            "mc.movie_id",
                                            "mi.movie_id",
                                            "mk.movie_id",
                                            "mk.keyword_id",
                                            "n.name"
                                        ],
                                        "Inner Unique": false,
                                        "Merge Cond": "(n.id = ci.person_id)",
                                        "Plans": [
                                            {
                                                "Node Type": "Sort",
                                                "Parent Relationship": "Outer",
                                                "Parallel Aware": false,
                                                "Startup Cost": 78896.73,
                                                "Total Cost": 78991.25,
                                                "Plan Rows": 37808,
                                                "Plan Width": 19,
                                                "Actual Startup Time": 273.888,
                                                "Actual Total Time": 276.952,
                                                "Actual Rows": 49498,
                                                "Actual Loops": 1,
                                                "Output": [
                                                    "n.name",
                                                    "n.id"
                                                ],
                                                "Sort Key": [
                                                    "n.id"
                                                ],
                                                "Sort Method": "quicksort",
                                                "Sort Space Used": 5246,
                                                "Sort Space Type": "Memory",
                                                "Plans": [
                                                    {
                                                        "Node Type": "Gather",
                                                        "Parent Relationship": "Outer",
                                                        "Parallel Aware": false,
                                                        "Startup Cost": 1000.0,
                                                        "Total Cost": 76022.11,
                                                        "Plan Rows": 37808,
                                                        "Plan Width": 19,
                                                        "Actual Startup Time": 118.707,
                                                        "Actual Total Time": 260.599,
                                                        "Actual Rows": 50011,
                                                        "Actual Loops": 1,
                                                        "Output": [
                                                            "n.name",
                                                            "n.id"
                                                        ],
                                                        "Workers Planned": 4,
                                                        "Workers Launched": 3,
                                                        "Single Copy": false,
                                                        "Plans": [
                                                            {
                                                                "Node Type": "Seq Scan",
                                                                "Parent Relationship": "Outer",
                                                                "Parallel Aware": true,
                                                                "Relation Name": "name",
                                                                "Schema": "public",
                                                                "Alias": "n",
                                                                "Startup Cost": 0.0,
                                                                "Total Cost": 71241.31,
                                                                "Plan Rows": 9452,
                                                                "Plan Width": 19,
                                                                "Actual Startup Time": 110.064,
                                                                "Actual Total Time": 249.007,
                                                                "Actual Rows": 12503,
                                                                "Actual Loops": 4,
                                                                "Output": [
                                                                    "n.name",
                                                                    "n.id"
                                                                ],
                                                                "Filter": "((n.name ~~ '%An%'::text) AND ((n.gender)::text = 'f'::text))",
                                                                "Rows Removed by Filter": 1029370,
                                                                "Workers": [
                                                                    {
                                                                        "Worker Number": 0,
                                                                        "Actual Startup Time": 106.871,
                                                                        "Actual Total Time": 249.865,
                                                                        "Actual Rows": 13651,
                                                                        "Actual Loops": 1
                                                                    },
                                                                    {
                                                                        "Worker Number": 1,
                                                                        "Actual Startup Time": 107.62,
                                                                        "Actual Total Time": 249.005,
                                                                        "Actual Rows": 12586,
                                                                        "Actual Loops": 1
                                                                    },
                                                                    {
                                                                        "Worker Number": 2,
                                                                        "Actual Startup Time": 107.51,
                                                                        "Actual Total Time": 248.733,
                                                                        "Actual Rows": 12441,
                                                                        "Actual Loops": 1
                                                                    }
                                                                ]
                                                            }
                                                        ]
                                                    }
                                                ]
                                            },
                                            {
                                                "Node Type": "Sort",
                                                "Parent Relationship": "Inner",
                                                "Parallel Aware": false,
                                                "Startup Cost": 40004947442.35,
                                                "Total Cost": 40004947442.36,
                                                "Plan Rows": 1,
                                                "Plan Width": 44,
                                                "Actual Startup Time": 12022.785,
                                                "Actual Total Time": 12039.432,
                                                "Actual Rows": 3502,
                                                "Actual Loops": 1,
                                                "Output": [
                                                    "an.person_id",
                                                    "ci.movie_id",
                                                    "ci.person_id",
                                                    "chn.name",
                                                    "mc.movie_id",
                                                    "mi.movie_id",
                                                    "mk.movie_id",
                                                    "mk.keyword_id"
                                                ],
                                                "Sort Key": [
                                                    "an.person_id"
                                                ],
                                                "Sort Method": "quicksort",
                                                "Sort Space Used": 370,
                                                "Sort Space Type": "Memory",
                                                "Plans": [
                                                    {
                                                        "Node Type": "Hash Join",
                                                        "Parent Relationship": "Outer",
                                                        "Parallel Aware": false,
                                                        "Join Type": "Inner",
                                                        "Startup Cost": 40004940921.44,
                                                        "Total Cost": 40004947442.34,
                                                        "Plan Rows": 1,
                                                        "Plan Width": 44,
                                                        "Actual Startup Time": 12005.033,
                                                        "Actual Total Time": 12038.666,
                                                        "Actual Rows": 3502,
                                                        "Actual Loops": 1,
                                                        "Output": [
                                                            "an.person_id",
                                                            "ci.movie_id",
                                                            "ci.person_id",
                                                            "chn.name",
                                                            "mc.movie_id",
                                                            "mi.movie_id",
                                                            "mk.movie_id",
                                                            "mk.keyword_id"
                                                        ],
                                                        "Inner Unique": false,
                                                        "Hash Cond": "(cn.id = mc.company_id)",
                                                        "Plans": [
                                                            {
                                                                "Node Type": "Seq Scan",
                                                                "Parent Relationship": "Outer",
                                                                "Parallel Aware": false,
                                                                "Relation Name": "company_name",
                                                                "Schema": "public",
                                                                "Alias": "cn",
                                                                "Startup Cost": 10000000000.0,
                                                                "Total Cost": 10000006519.95,
                                                                "Plan Rows": 1,
                                                                "Plan Width": 4,
                                                                "Actual Startup Time": 7.933,
                                                                "Actual Total Time": 24.663,
                                                                "Actual Rows": 1,
                                                                "Actual Loops": 1,
                                                                "Output": [
                                                                    "cn.id",
                                                                    "cn.name",
                                                                    "cn.country_code",
                                                                    "cn.imdb_id",
                                                                    "cn.name_pcode_nf",
                                                                    "cn.name_pcode_sf",
                                                                    "cn.md5sum"
                                                                ],
                                                                "Filter": "(((cn.country_code)::text = '[us]'::text) AND (cn.name = 'DreamWorks Home Entertainment'::text))",
                                                                "Rows Removed by Filter": 234996
                                                            },
                                                            {
                                                                "Node Type": "Hash",
                                                                "Parent Relationship": "Inner",
                                                                "Parallel Aware": false,
                                                                "Startup Cost": 30004940527.42,
                                                                "Total Cost": 30004940527.42,
                                                                "Plan Rows": 31522,
                                                                "Plan Width": 48,
                                                                "Actual Startup Time": 11997.043,
                                                                "Actual Total Time": 12013.56,
                                                                "Actual Rows": 8928376,
                                                                "Actual Loops": 1,
                                                                "Output": [
                                                                    "an.person_id",
                                                                    "ci.movie_id",
                                                                    "ci.person_id",
                                                                    "chn.name",
                                                                    "mc.movie_id",
                                                                    "mc.company_id",
                                                                    "mi.movie_id",
                                                                    "mk.movie_id",
                                                                    "mk.keyword_id"
                                                                ],
                                                                "Hash Buckets": 16777216,
                                                                "Original Hash Buckets": 32768,
                                                                "Hash Batches": 1,
                                                                "Original Hash Batches": 1,
                                                                "Peak Memory Usage": 818111,
                                                                "Plans": [
                                                                    {
                                                                        "Node Type": "Hash Join",
                                                                        "Parent Relationship": "Outer",
                                                                        "Parallel Aware": false,
                                                                        "Join Type": "Inner",
                                                                        "Startup Cost": 30004934758.01,
                                                                        "Total Cost": 30004940527.42,
                                                                        "Plan Rows": 31522,
                                                                        "Plan Width": 48,
                                                                        "Actual Startup Time": 9045.155,
                                                                        "Actual Total Time": 9992.775,
                                                                        "Actual Rows": 8928376,
                                                                        "Actual Loops": 1,
                                                                        "Output": [
                                                                            "an.person_id",
                                                                            "ci.movie_id",
                                                                            "ci.person_id",
                                                                            "chn.name",
                                                                            "mc.movie_id",
                                                                            "mc.company_id",
                                                                            "mi.movie_id",
                                                                            "mk.movie_id",
                                                                            "mk.keyword_id"
                                                                        ],
                                                                        "Inner Unique": false,
                                                                        "Hash Cond": "(mi.movie_id = mk.movie_id)",
                                                                        "Plans": [
                                                                            {
                                                                                "Node Type": "Merge Join",
                                                                                "Parent Relationship": "Outer",
                                                                                "Parallel Aware": false,
                                                                                "Join Type": "Inner",
                                                                                "Startup Cost": 30004701031.43,
                                                                                "Total Cost": 30004702535.4,
                                                                                "Plan Rows": 2616,
                                                                                "Plan Width": 40,
                                                                                "Actual Startup Time": 7412.493,
                                                                                "Actual Total Time": 7479.915,
                                                                                "Actual Rows": 230009,
                                                                                "Actual Loops": 1,
                                                                                "Output": [
                                                                                    "an.person_id",
                                                                                    "ci.movie_id",
                                                                                    "ci.person_id",
                                                                                    "chn.name",
                                                                                    "mc.movie_id",
                                                                                    "mc.company_id",
                                                                                    "mi.movie_id"
                                                                                ],
                                                                                "Inner Unique": false,
                                                                                "Merge Cond": "(it.id = mi.info_type_id)",
                                                                                "Plans": [
                                                                                    {
                                                                                        "Node Type": "Sort",
                                                                                        "Parent Relationship": "Outer",
                                                                                        "Parallel Aware": false,
                                                                                        "Startup Cost": 10000000002.42,
                                                                                        "Total Cost": 10000000002.43,
                                                                                        "Plan Rows": 1,
                                                                                        "Plan Width": 4,
                                                                                        "Actual Startup Time": 0.037,
                                                                                        "Actual Total Time": 0.038,
                                                                                        "Actual Rows": 1,
                                                                                        "Actual Loops": 1,
                                                                                        "Output": [
                                                                                            "it.id"
                                                                                        ],
                                                                                        "Sort Key": [
                                                                                            "it.id"
                                                                                        ],
                                                                                        "Sort Method": "quicksort",
                                                                                        "Sort Space Used": 25,
                                                                                        "Sort Space Type": "Memory",
                                                                                        "Plans": [
                                                                                            {
                                                                                                "Node Type": "Seq Scan",
                                                                                                "Parent Relationship": "Outer",
                                                                                                "Parallel Aware": false,
                                                                                                "Relation Name": "info_type",
                                                                                                "Schema": "public",
                                                                                                "Alias": "it",
                                                                                                "Startup Cost": 10000000000.0,
                                                                                                "Total Cost": 10000000002.41,
                                                                                                "Plan Rows": 1,
                                                                                                "Plan Width": 4,
                                                                                                "Actual Startup Time": 0.02,
                                                                                                "Actual Total Time": 0.025,
                                                                                                "Actual Rows": 1,
                                                                                                "Actual Loops": 1,
                                                                                                "Output": [
                                                                                                    "it.id"
                                                                                                ],
                                                                                                "Filter": "((it.info)::text = 'release dates'::text)",
                                                                                                "Rows Removed by Filter": 112
                                                                                            }
                                                                                        ]
                                                                                    },
                                                                                    {
                                                                                        "Node Type": "Sort",
                                                                                        "Parent Relationship": "Inner",
                                                                                        "Parallel Aware": false,
                                                                                        "Startup Cost": 20004701029.01,
                                                                                        "Total Cost": 20004701767.91,
                                                                                        "Plan Rows": 295560,
                                                                                        "Plan Width": 44,
                                                                                        "Actual Startup Time": 7412.448,
                                                                                        "Actual Total Time": 7444.342,
                                                                                        "Actual Rows": 230009,
                                                                                        "Actual Loops": 1,
                                                                                        "Output": [
                                                                                            "an.person_id",
                                                                                            "ci.movie_id",
                                                                                            "ci.person_id",
                                                                                            "chn.name",
                                                                                            "mc.movie_id",
                                                                                            "mc.company_id",
                                                                                            "mi.movie_id",
                                                                                            "mi.info_type_id"
                                                                                        ],
                                                                                        "Sort Key": [
                                                                                            "mi.info_type_id"
                                                                                        ],
                                                                                        "Sort Method": "quicksort",
                                                                                        "Sort Space Used": 25025,
                                                                                        "Sort Space Type": "Memory",
                                                                                        "Plans": [
                                                                                            {
                                                                                                "Node Type": "Gather",
                                                                                                "Parent Relationship": "Outer",
                                                                                                "Parallel Aware": false,
                                                                                                "Startup Cost": 20004637466.17,
                                                                                                "Total Cost": 20004674172.81,
                                                                                                "Plan Rows": 295560,
                                                                                                "Plan Width": 44,
                                                                                                "Actual Startup Time": 7304.289,
                                                                                                "Actual Total Time": 7380.226,
                                                                                                "Actual Rows": 230009,
                                                                                                "Actual Loops": 1,
                                                                                                "Output": [
                                                                                                    "an.person_id",
                                                                                                    "ci.movie_id",
                                                                                                    "ci.person_id",
                                                                                                    "chn.name",
                                                                                                    "mc.movie_id",
                                                                                                    "mc.company_id",
                                                                                                    "mi.movie_id",
                                                                                                    "mi.info_type_id"
                                                                                                ],
                                                                                                "Workers Planned": 3,
                                                                                                "Workers Launched": 3,
                                                                                                "Single Copy": false,
                                                                                                "Plans": [
                                                                                                    {
                                                                                                        "Node Type": "Merge Join",
                                                                                                        "Parent Relationship": "Outer",
                                                                                                        "Parallel Aware": false,
                                                                                                        "Join Type": "Inner",
                                                                                                        "Startup Cost": 20004636466.17,
                                                                                                        "Total Cost": 20004643616.81,
                                                                                                        "Plan Rows": 95342,
                                                                                                        "Plan Width": 44,
                                                                                                        "Actual Startup Time": 7294.884,
                                                                                                        "Actual Total Time": 7313.009,
                                                                                                        "Actual Rows": 57502,
                                                                                                        "Actual Loops": 4,
                                                                                                        "Output": [
                                                                                                            "an.person_id",
                                                                                                            "ci.movie_id",
                                                                                                            "ci.person_id",
                                                                                                            "chn.name",
                                                                                                            "mc.movie_id",
                                                                                                            "mc.company_id",
                                                                                                            "mi.movie_id",
                                                                                                            "mi.info_type_id"
                                                                                                        ],
                                                                                                        "Inner Unique": false,
                                                                                                        "Merge Cond": "(ci.role_id = rt.id)",
                                                                                                        "Workers": [
                                                                                                            {
                                                                                                                "Worker Number": 0,
                                                                                                                "Actual Startup Time": 7291.811,
                                                                                                                "Actual Total Time": 7311.286,
                                                                                                                "Actual Rows": 63691,
                                                                                                                "Actual Loops": 1
                                                                                                            },
                                                                                                            {
                                                                                                                "Worker Number": 1,
                                                                                                                "Actual Startup Time": 7292.145,
                                                                                                                "Actual Total Time": 7310.045,
                                                                                                                "Actual Rows": 57703,
                                                                                                                "Actual Loops": 1
                                                                                                            },
                                                                                                            {
                                                                                                                "Worker Number": 2,
                                                                                                                "Actual Startup Time": 7291.823,
                                                                                                                "Actual Total Time": 7310.115,
                                                                                                                "Actual Rows": 59199,
                                                                                                                "Actual Loops": 1
                                                                                                            }
                                                                                                        ],
                                                                                                        "Plans": [
                                                                                                            {
                                                                                                                "Node Type": "Sort",
                                                                                                                "Parent Relationship": "Outer",
                                                                                                                "Parallel Aware": false,
                                                                                                                "Startup Cost": 20004636465.01,
                                                                                                                "Total Cost": 20004639325.26,
                                                                                                                "Plan Rows": 1144102,
                                                                                                                "Plan Width": 48,
                                                                                                                "Actual Startup Time": 7280.171,
                                                                                                                "Actual Total Time": 7289.166,
                                                                                                                "Actual Rows": 212535,
                                                                                                                "Actual Loops": 4,
                                                                                                                "Output": [
                                                                                                                    "an.person_id",
                                                                                                                    "ci.movie_id",
                                                                                                                    "ci.person_id",
                                                                                                                    "ci.role_id",
                                                                                                                    "chn.name",
                                                                                                                    "mc.movie_id",
                                                                                                                    "mc.company_id",
                                                                                                                    "mi.movie_id",
                                                                                                                    "mi.info_type_id"
                                                                                                                ],
                                                                                                                "Sort Key": [
                                                                                                                    "ci.role_id"
                                                                                                                ],
                                                                                                                "Sort Method": "quicksort",
                                                                                                                "Sort Space Used": 25150,
                                                                                                                "Sort Space Type": "Memory",
                                                                                                                "Workers": [
                                                                                                                    {
                                                                                                                        "Worker Number": 0,
                                                                                                                        "Actual Startup Time": 7278.004,
                                                                                                                        "Actual Total Time": 7286.819,
                                                                                                                        "Actual Rows": 206346,
                                                                                                                        "Actual Loops": 1
                                                                                                                    },
                                                                                                                    {
                                                                                                                        "Worker Number": 1,
                                                                                                                        "Actual Startup Time": 7276.804,
                                                                                                                        "Actual Total Time": 7286.047,
                                                                                                                        "Actual Rows": 220247,
                                                                                                                        "Actual Loops": 1
                                                                                                                    },
                                                                                                                    {
                                                                                                                        "Worker Number": 2,
                                                                                                                        "Actual Startup Time": 7276.926,
                                                                                                                        "Actual Total Time": 7285.917,
                                                                                                                        "Actual Rows": 217160,
                                                                                                                        "Actual Loops": 1
                                                                                                                    }
                                                                                                                ],
                                                                                                                "Plans": [
                                                                                                                    {
                                                                                                                        "Node Type": "Hash Join",
                                                                                                                        "Parent Relationship": "Outer",
                                                                                                                        "Parallel Aware": true,
                                                                                                                        "Join Type": "Inner",
                                                                                                                        "Startup Cost": 20002013215.03,
                                                                                                                        "Total Cost": 20004521335.26,
                                                                                                                        "Plan Rows": 1144102,
                                                                                                                        "Plan Width": 48,
                                                                                                                        "Actual Startup Time": 6852.654,
                                                                                                                        "Actual Total Time": 7227.368,
                                                                                                                        "Actual Rows": 212535,
                                                                                                                        "Actual Loops": 4,
                                                                                                                        "Output": [
                                                                                                                            "an.person_id",
                                                                                                                            "ci.movie_id",
                                                                                                                            "ci.person_id",
                                                                                                                            "ci.role_id",
                                                                                                                            "chn.name",
                                                                                                                            "mc.movie_id",
                                                                                                                            "mc.company_id",
                                                                                                                            "mi.movie_id",
                                                                                                                            "mi.info_type_id"
                                                                                                                        ],
                                                                                                                        "Inner Unique": false,
                                                                                                                        "Hash Cond": "(mc.movie_id = mi.movie_id)",
                                                                                                                        "Workers": [
                                                                                                                            {
                                                                                                                                "Worker Number": 0,
                                                                                                                                "Actual Startup Time": 6846.784,
                                                                                                                                "Actual Total Time": 7225.193,
                                                                                                                                "Actual Rows": 206346,
                                                                                                                                "Actual Loops": 1
                                                                                                                            },
                                                                                                                            {
                                                                                                                                "Worker Number": 1,
                                                                                                                                "Actual Startup Time": 6853.838,
                                                                                                                                "Actual Total Time": 7220.674,
                                                                                                                                "Actual Rows": 220247,
                                                                                                                                "Actual Loops": 1
                                                                                                                            },
                                                                                                                            {
                                                                                                                                "Worker Number": 2,
                                                                                                                                "Actual Startup Time": 6849.192,
                                                                                                                                "Actual Total Time": 7221.88,
                                                                                                                                "Actual Rows": 217160,
                                                                                                                                "Actual Loops": 1
                                                                                                                            }
                                                                                                                        ],
                                                                                                                        "Plans": [
                                                                                                                            {
                                                                                                                                "Node Type": "Hash Join",
                                                                                                                                "Parent Relationship": "Outer",
                                                                                                                                "Parallel Aware": true,
                                                                                                                                "Join Type": "Inner",
                                                                                                                                "Startup Cost": 20001102302.88,
                                                                                                                                "Total Cost": 20001160327.39,
                                                                                                                                "Plan Rows": 1806500,
                                                                                                                                "Plan Width": 40,
                                                                                                                                "Actual Startup Time": 5715.322,
                                                                                                                                "Actual Total Time": 6016.394,
                                                                                                                                "Actual Rows": 851343,
                                                                                                                                "Actual Loops": 4,
                                                                                                                                "Output": [
                                                                                                                                    "an.person_id",
                                                                                                                                    "ci.movie_id",
                                                                                                                                    "ci.person_id",
                                                                                                                                    "ci.role_id",
                                                                                                                                    "chn.name",
                                                                                                                                    "mc.movie_id",
                                                                                                                                    "mc.company_id"
                                                                                                                                ],
                                                                                                                                "Inner Unique": false,
                                                                                                                                "Hash Cond": "(mc.movie_id = ci.movie_id)",
                                                                                                                                "Workers": [
                                                                                                                                    {
                                                                                                                                        "Worker Number": 0,
                                                                                                                                        "Actual Startup Time": 5715.187,
                                                                                                                                        "Actual Total Time": 6016.496,
                                                                                                                                        "Actual Rows": 814726,
                                                                                                                                        "Actual Loops": 1
                                                                                                                                    },
                                                                                                                                    {
                                                                                                                                        "Worker Number": 1,
                                                                                                                                        "Actual Startup Time": 5715.38,
                                                                                                                                        "Actual Total Time": 6012.171,
                                                                                                                                        "Actual Rows": 850694,
                                                                                                                                        "Actual Loops": 1
                                                                                                                                    },
                                                                                                                                    {
                                                                                                                                        "Worker Number": 2,
                                                                                                                                        "Actual Startup Time": 5715.516,
                                                                                                                                        "Actual Total Time": 6014.081,
                                                                                                                                        "Actual Rows": 831840,
                                                                                                                                        "Actual Loops": 1
                                                                                                                                    }
                                                                                                                                ],
                                                                                                                                "Plans": [
                                                                                                                                    {
                                                                                                                                        "Node Type": "Seq Scan",
                                                                                                                                        "Parent Relationship": "Outer",
                                                                                                                                        "Parallel Aware": true,
                                                                                                                                        "Relation Name": "movie_companies",
                                                                                                                                        "Schema": "public",
                                                                                                                                        "Alias": "mc",
                                                                                                                                        "Startup Cost": 10000000000.0,
                                                                                                                                        "Total Cost": 10000027206.55,
                                                                                                                                        "Plan Rows": 841655,
                                                                                                                                        "Plan Width": 8,
                                                                                                                                        "Actual Startup Time": 0.053,
                                                                                                                                        "Actual Total Time": 57.861,
                                                                                                                                        "Actual Rows": 652282,
                                                                                                                                        "Actual Loops": 4,
                                                                                                                                        "Output": [
                                                                                                                                            "mc.id",
                                                                                                                                            "mc.movie_id",
                                                                                                                                            "mc.company_id",
                                                                                                                                            "mc.company_type_id",
                                                                                                                                            "mc.note"
                                                                                                                                        ],
                                                                                                                                        "Workers": [
                                                                                                                                            {
                                                                                                                                                "Worker Number": 0,
                                                                                                                                                "Actual Startup Time": 0.113,
                                                                                                                                                "Actual Total Time": 59.519,
                                                                                                                                                "Actual Rows": 634018,
                                                                                                                                                "Actual Loops": 1
                                                                                                                                            },
                                                                                                                                            {
                                                                                                                                                "Worker Number": 1,
                                                                                                                                                "Actual Startup Time": 0.027,
                                                                                                                                                "Actual Total Time": 58.26,
                                                                                                                                                "Actual Rows": 621988,
                                                                                                                                                "Actual Loops": 1
                                                                                                                                            },
                                                                                                                                            {
                                                                                                                                                "Worker Number": 2,
                                                                                                                                                "Actual Startup Time": 0.06,
                                                                                                                                                "Actual Total Time": 59.233,
                                                                                                                                                "Actual Rows": 642990,
                                                                                                                                                "Actual Loops": 1
                                                                                                                                            }
                                                                                                                                        ]
                                                                                                                                    },
                                                                                                                                    {
                                                                                                                                        "Node Type": "Hash",
                                                                                                                                        "Parent Relationship": "Inner",
                                                                                                                                        "Parallel Aware": true,
                                                                                                                                        "Startup Cost": 10001095973.31,
                                                                                                                                        "Total Cost": 10001095973.31,
                                                                                                                                        "Plan Rows": 506365,
                                                                                                                                        "Plan Width": 32,
                                                                                                                                        "Actual Startup Time": 5710.005,
                                                                                                                                        "Actual Total Time": 5710.011,
                                                                                                                                        "Actual Rows": 433066,
                                                                                                                                        "Actual Loops": 4,
                                                                                                                                        "Output": [
                                                                                                                                            "an.person_id",
                                                                                                                                            "ci.movie_id",
                                                                                                                                            "ci.person_id",
                                                                                                                                            "ci.role_id",
                                                                                                                                            "chn.name"
                                                                                                                                        ],
                                                                                                                                        "Hash Buckets": 2097152,
                                                                                                                                        "Original Hash Buckets": 2097152,
                                                                                                                                        "Hash Batches": 1,
                                                                                                                                        "Original Hash Batches": 1,
                                                                                                                                        "Peak Memory Usage": 123424,
                                                                                                                                        "Workers": [
                                                                                                                                            {
                                                                                                                                                "Worker Number": 0,
                                                                                                                                                "Actual Startup Time": 5714.943,
                                                                                                                                                "Actual Total Time": 5714.949,
                                                                                                                                                "Actual Rows": 353912,
                                                                                                                                                "Actual Loops": 1
                                                                                                                                            },
                                                                                                                                            {
                                                                                                                                                "Worker Number": 1,
                                                                                                                                                "Actual Startup Time": 5695.219,
                                                                                                                                                "Actual Total Time": 5695.225,
                                                                                                                                                "Actual Rows": 355293,
                                                                                                                                                "Actual Loops": 1
                                                                                                                                            },
                                                                                                                                            {
                                                                                                                                                "Worker Number": 2,
                                                                                                                                                "Actual Startup Time": 5715.038,
                                                                                                                                                "Actual Total Time": 5715.044,
                                                                                                                                                "Actual Rows": 376486,
                                                                                                                                                "Actual Loops": 1
                                                                                                                                            }
                                                                                                                                        ],
                                                                                                                                        "Plans": [
                                                                                                                                            {
                                                                                                                                                "Node Type": "Merge Join",
                                                                                                                                                "Parent Relationship": "Outer",
                                                                                                                                                "Parallel Aware": false,
                                                                                                                                                "Join Type": "Inner",
                                                                                                                                                "Startup Cost": 10001026001.99,
                                                                                                                                                "Total Cost": 10001095973.31,
                                                                                                                                                "Plan Rows": 506365,
                                                                                                                                                "Plan Width": 32,
                                                                                                                                                "Actual Startup Time": 4722.063,
                                                                                                                                                "Actual Total Time": 5079.512,
                                                                                                                                                "Actual Rows": 433066,
                                                                                                                                                "Actual Loops": 4,
                                                                                                                                                "Output": [
                                                                                                                                                    "an.person_id",
                                                                                                                                                    "ci.movie_id",
                                                                                                                                                    "ci.person_id",
                                                                                                                                                    "ci.role_id",
                                                                                                                                                    "chn.name"
                                                                                                                                                ],
                                                                                                                                                "Inner Unique": false,
                                                                                                                                                "Merge Cond": "(ci.person_id = an.person_id)",
                                                                                                                                                "Workers": [
                                                                                                                                                    {
                                                                                                                                                        "Worker Number": 0,
                                                                                                                                                        "Actual Startup Time": 4691.673,
                                                                                                                                                        "Actual Total Time": 5014.68,
                                                                                                                                                        "Actual Rows": 353912,
                                                                                                                                                        "Actual Loops": 1
                                                                                                                                                    },
                                                                                                                                                    {
                                                                                                                                                        "Worker Number": 1,
                                                                                                                                                        "Actual Startup Time": 4519.213,
                                                                                                                                                        "Actual Total Time": 4861.296,
                                                                                                                                                        "Actual Rows": 355293,
                                                                                                                                                        "Actual Loops": 1
                                                                                                                                                    },
                                                                                                                                                    {
                                                                                                                                                        "Worker Number": 2,
                                                                                                                                                        "Actual Startup Time": 4563.918,
                                                                                                                                                        "Actual Total Time": 4908.557,
                                                                                                                                                        "Actual Rows": 376486,
                                                                                                                                                        "Actual Loops": 1
                                                                                                                                                    }
                                                                                                                                                ],
                                                                                                                                                "Plans": [
                                                                                                                                                    {
                                                                                                                                                        "Node Type": "Sort",
                                                                                                                                                        "Parent Relationship": "Outer",
                                                                                                                                                        "Parallel Aware": false,
                                                                                                                                                        "Startup Cost": 10001026001.46,
                                                                                                                                                        "Total Cost": 10001026527.13,
                                                                                                                                                        "Plan Rows": 210266,
                                                                                                                                                        "Plan Width": 28,
                                                                                                                                                        "Actual Startup Time": 4721.965,
                                                                                                                                                        "Actual Total Time": 4745.759,
                                                                                                                                                        "Actual Rows": 200315,
                                                                                                                                                        "Actual Loops": 4,
                                                                                                                                                        "Output": [
                                                                                                                                                            "chn.name",
                                                                                                                                                            "ci.movie_id",
                                                                                                                                                            "ci.person_id",
                                                                                                                                                            "ci.role_id"
                                                                                                                                                        ],
                                                                                                                                                        "Sort Key": [
                                                                                                                                                            "ci.person_id"
                                                                                                                                                        ],
                                                                                                                                                        "Sort Method": "quicksort",
                                                                                                                                                        "Sort Space Used": 34976,
                                                                                                                                                        "Sort Space Type": "Memory",
                                                                                                                                                        "Workers": [
                                                                                                                                                            {
                                                                                                                                                                "Worker Number": 0,
                                                                                                                                                                "Actual Startup Time": 4691.537,
                                                                                                                                                                "Actual Total Time": 4709.515,
                                                                                                                                                                "Actual Rows": 150070,
                                                                                                                                                                "Actual Loops": 1
                                                                                                                                                            },
                                                                                                                                                            {
                                                                                                                                                                "Worker Number": 1,
                                                                                                                                                                "Actual Startup Time": 4519.076,
                                                                                                                                                                "Actual Total Time": 4540.352,
                                                                                                                                                                "Actual Rows": 170557,
                                                                                                                                                                "Actual Loops": 1
                                                                                                                                                            },
                                                                                                                                                            {
                                                                                                                                                                "Worker Number": 2,
                                                                                                                                                                "Actual Startup Time": 4563.832,
                                                                                                                                                                "Actual Total Time": 4587.028,
                                                                                                                                                                "Actual Rows": 187523,
                                                                                                                                                                "Actual Loops": 1
                                                                                                                                                            }
                                                                                                                                                        ],
                                                                                                                                                        "Plans": [
                                                                                                                                                            {
                                                                                                                                                                "Node Type": "Merge Join",
                                                                                                                                                                "Parent Relationship": "Outer",
                                                                                                                                                                "Parallel Aware": false,
                                                                                                                                                                "Join Type": "Inner",
                                                                                                                                                                "Startup Cost": 10001000624.73,
                                                                                                                                                                "Total Cost": 10001007412.0,
                                                                                                                                                                "Plan Rows": 210266,
                                                                                                                                                                "Plan Width": 28,
                                                                                                                                                                "Actual Startup Time": 4352.581,
                                                                                                                                                                "Actual Total Time": 4668.043,
                                                                                                                                                                "Actual Rows": 200315,
                                                                                                                                                                "Actual Loops": 4,
                                                                                                                                                                "Output": [
                                                                                                                                                                    "chn.name",
                                                                                                                                                                    "ci.movie_id",
                                                                                                                                                                    "ci.person_id",
                                                                                                                                                                    "ci.role_id"
                                                                                                                                                                ],
                                                                                                                                                                "Inner Unique": false,
                                                                                                                                                                "Merge Cond": "(chn.id = ci.person_role_id)",
                                                                                                                                                                "Workers": [
                                                                                                                                                                    {
                                                                                                                                                                        "Worker Number": 0,
                                                                                                                                                                        "Actual Startup Time": 4374.437,
                                                                                                                                                                        "Actual Total Time": 4648.674,
                                                                                                                                                                        "Actual Rows": 150070,
                                                                                                                                                                        "Actual Loops": 1
                                                                                                                                                                    },
                                                                                                                                                                    {
                                                                                                                                                                        "Worker Number": 1,
                                                                                                                                                                        "Actual Startup Time": 4184.626,
                                                                                                                                                                        "Actual Total Time": 4473.556,
                                                                                                                                                                        "Actual Rows": 170557,
                                                                                                                                                                        "Actual Loops": 1
                                                                                                                                                                    },
                                                                                                                                                                    {
                                                                                                                                                                        "Worker Number": 2,
                                                                                                                                                                        "Actual Startup Time": 4223.703,
                                                                                                                                                                        "Actual Total Time": 4513.438,
                                                                                                                                                                        "Actual Rows": 187523,
                                                                                                                                                                        "Actual Loops": 1
                                                                                                                                                                    }
                                                                                                                                                                ],
                                                                                                                                                                "Plans": [
                                                                                                                                                                    {
                                                                                                                                                                        "Node Type": "Sort",
                                                                                                                                                                        "Parent Relationship": "Outer",
                                                                                                                                                                        "Parallel Aware": false,
                                                                                                                                                                        "Startup Cost": 121165.22,
                                                                                                                                                                        "Total Cost": 123127.86,
                                                                                                                                                                        "Plan Rows": 785057,
                                                                                                                                                                        "Plan Width": 20,
                                                                                                                                                                        "Actual Startup Time": 469.88,
                                                                                                                                                                        "Actual Total Time": 571.181,
                                                                                                                                                                        "Actual Rows": 785049,
                                                                                                                                                                        "Actual Loops": 4,
                                                                                                                                                                        "Output": [
                                                                                                                                                                            "chn.name",
                                                                                                                                                                            "chn.id"
                                                                                                                                                                        ],
                                                                                                                                                                        "Sort Key": [
                                                                                                                                                                            "chn.id"
                                                                                                                                                                        ],
                                                                                                                                                                        "Sort Method": "quicksort",
                                                                                                                                                                        "Sort Space Used": 128969,
                                                                                                                                                                        "Sort Space Type": "Memory",
                                                                                                                                                                        "Workers": [
                                                                                                                                                                            {
                                                                                                                                                                                "Worker Number": 0,
                                                                                                                                                                                "Actual Startup Time": 457.649,
                                                                                                                                                                                "Actual Total Time": 537.578,
                                                                                                                                                                                "Actual Rows": 625552,
                                                                                                                                                                                "Actual Loops": 1
                                                                                                                                                                            },
                                                                                                                                                                            {
                                                                                                                                                                                "Worker Number": 1,
                                                                                                                                                                                "Actual Startup Time": 470.766,
                                                                                                                                                                                "Actual Total Time": 558.821,
                                                                                                                                                                                "Actual Rows": 689255,
                                                                                                                                                                                "Actual Loops": 1
                                                                                                                                                                            },
                                                                                                                                                                            {
                                                                                                                                                                                "Worker Number": 2,
                                                                                                                                                                                "Actual Startup Time": 470.622,
                                                                                                                                                                                "Actual Total Time": 557.943,
                                                                                                                                                                                "Actual Rows": 688053,
                                                                                                                                                                                "Actual Loops": 1
                                                                                                                                                                            }
                                                                                                                                                                        ],
                                                                                                                                                                        "Plans": [
                                                                                                                                                                            {
                                                                                                                                                                                "Node Type": "Seq Scan",
                                                                                                                                                                                "Parent Relationship": "Outer",
                                                                                                                                                                                "Parallel Aware": true,
                                                                                                                                                                                "Relation Name": "char_name",
                                                                                                                                                                                "Schema": "public",
                                                                                                                                                                                "Alias": "chn",
                                                                                                                                                                                "Startup Cost": 0.0,
                                                                                                                                                                                "Total Cost": 44298.57,
                                                                                                                                                                                "Plan Rows": 785057,
                                                                                                                                                                                "Plan Width": 20,
                                                                                                                                                                                "Actual Startup Time": 0.04,
                                                                                                                                                                                "Actual Total Time": 136.324,
                                                                                                                                                                                "Actual Rows": 785085,
                                                                                                                                                                                "Actual Loops": 4,
                                                                                                                                                                                "Output": [
                                                                                                                                                                                    "chn.name",
                                                                                                                                                                                    "chn.id"
                                                                                                                                                                                ],
                                                                                                                                                                                "Workers": [
                                                                                                                                                                                    {
                                                                                                                                                                                        "Worker Number": 0,
                                                                                                                                                                                        "Actual Startup Time": 0.032,
                                                                                                                                                                                        "Actual Total Time": 142.345,
                                                                                                                                                                                        "Actual Rows": 625576,
                                                                                                                                                                                        "Actual Loops": 1
                                                                                                                                                                                    },
                                                                                                                                                                                    {
                                                                                                                                                                                        "Worker Number": 1,
                                                                                                                                                                                        "Actual Startup Time": 0.062,
                                                                                                                                                                                        "Actual Total Time": 139.657,
                                                                                                                                                                                        "Actual Rows": 689284,
                                                                                                                                                                                        "Actual Loops": 1
                                                                                                                                                                                    },
                                                                                                                                                                                    {
                                                                                                                                                                                        "Worker Number": 2,
                                                                                                                                                                                        "Actual Startup Time": 0.053,
                                                                                                                                                                                        "Actual Total Time": 138.881,
                                                                                                                                                                                        "Actual Rows": 688079,
                                                                                                                                                                                        "Actual Loops": 1
                                                                                                                                                                                    }
                                                                                                                                                                                ]
                                                                                                                                                                            }
                                                                                                                                                                        ]
                                                                                                                                                                    },
                                                                                                                                                                    {
                                                                                                                                                                        "Node Type": "Sort",
                                                                                                                                                                        "Parent Relationship": "Inner",
                                                                                                                                                                        "Parallel Aware": false,
                                                                                                                                                                        "Startup Cost": 10000879247.14,
                                                                                                                                                                        "Total Cost": 10000881349.8,
                                                                                                                                                                        "Plan Rows": 841064,
                                                                                                                                                                        "Plan Width": 16,
                                                                                                                                                                        "Actual Startup Time": 3881.493,
                                                                                                                                                                        "Actual Total Time": 3953.086,
                                                                                                                                                                        "Actual Rows": 801260,
                                                                                                                                                                        "Actual Loops": 4,
                                                                                                                                                                        "Output": [
                                                                                                                                                                            "ci.movie_id",
                                                                                                                                                                            "ci.person_id",
                                                                                                                                                                            "ci.role_id",
                                                                                                                                                                            "ci.person_role_id"
                                                                                                                                                                        ],
                                                                                                                                                                        "Sort Key": [
                                                                                                                                                                            "ci.person_role_id"
                                                                                                                                                                        ],
                                                                                                                                                                        "Sort Method": "quicksort",
                                                                                                                                                                        "Sort Space Used": 65239,
                                                                                                                                                                        "Sort Space Type": "Memory",
                                                                                                                                                                        "Workers": [
                                                                                                                                                                            {
                                                                                                                                                                                "Worker Number": 0,
                                                                                                                                                                                "Actual Startup Time": 3915.15,
                                                                                                                                                                                "Actual Total Time": 3985.2,
                                                                                                                                                                                "Actual Rows": 801260,
                                                                                                                                                                                "Actual Loops": 1
                                                                                                                                                                            },
                                                                                                                                                                            {
                                                                                                                                                                                "Worker Number": 1,
                                                                                                                                                                                "Actual Startup Time": 3712.278,
                                                                                                                                                                                "Actual Total Time": 3782.738,
                                                                                                                                                                                "Actual Rows": 801260,
                                                                                                                                                                                "Actual Loops": 1
                                                                                                                                                                            },
                                                                                                                                                                            {
                                                                                                                                                                                "Worker Number": 2,
                                                                                                                                                                                "Actual Startup Time": 3753.069,
                                                                                                                                                                                "Actual Total Time": 3823.186,
                                                                                                                                                                                "Actual Rows": 801260,
                                                                                                                                                                                "Actual Loops": 1
                                                                                                                                                                            }
                                                                                                                                                                        ],
                                                                                                                                                                        "Plans": [
                                                                                                                                                                            {
                                                                                                                                                                                "Node Type": "Seq Scan",
                                                                                                                                                                                "Parent Relationship": "Outer",
                                                                                                                                                                                "Parallel Aware": false,
                                                                                                                                                                                "Relation Name": "cast_info",
                                                                                                                                                                                "Schema": "public",
                                                                                                                                                                                "Alias": "ci",
                                                                                                                                                                                "Startup Cost": 10000000000.0,
                                                                                                                                                                                "Total Cost": 10000796478.64,
                                                                                                                                                                                "Plan Rows": 841064,
                                                                                                                                                                                "Plan Width": 16,
                                                                                                                                                                                "Actual Startup Time": 0.074,
                                                                                                                                                                                "Actual Total Time": 3653.287,
                                                                                                                                                                                "Actual Rows": 867477,
                                                                                                                                                                                "Actual Loops": 4,
                                                                                                                                                                                "Output": [
                                                                                                                                                                                    "ci.movie_id",
                                                                                                                                                                                    "ci.person_id",
                                                                                                                                                                                    "ci.role_id",
                                                                                                                                                                                    "ci.person_role_id"
                                                                                                                                                                                ],
                                                                                                                                                                                "Filter": "(ci.note = ANY ('{(voice),\"(voice: Japanese version)\",\"(voice) (uncredited)\",\"(voice: English version)\"}'::text[]))",
                                                                                                                                                                                "Rows Removed by Filter": 35376867,
                                                                                                                                                                                "Workers": [
                                                                                                                                                                                    {
                                                                                                                                                                                        "Worker Number": 0,
                                                                                                                                                                                        "Actual Startup Time": 0.126,
                                                                                                                                                                                        "Actual Total Time": 3681.401,
                                                                                                                                                                                        "Actual Rows": 867477,
                                                                                                                                                                                        "Actual Loops": 1
                                                                                                                                                                                    },
                                                                                                                                                                                    {
                                                                                                                                                                                        "Worker Number": 1,
                                                                                                                                                                                        "Actual Startup Time": 0.076,
                                                                                                                                                                                        "Actual Total Time": 3498.605,
                                                                                                                                                                                        "Actual Rows": 867477,
                                                                                                                                                                                        "Actual Loops": 1
                                                                                                                                                                                    },
                                                                                                                                                                                    {
                                                                                                                                                                                        "Worker Number": 2,
                                                                                                                                                                                        "Actual Startup Time": 0.075,
                                                                                                                                                                                        "Actual Total Time": 3533.79,
                                                                                                                                                                                        "Actual Rows": 867477,
                                                                                                                                                                                        "Actual Loops": 1
                                                                                                                                                                                    }
                                                                                                                                                                                ]
                                                                                                                                                                            }
                                                                                                                                                                        ]
                                                                                                                                                                    }
                                                                                                                                                                ]
                                                                                                                                                            }
                                                                                                                                                        ]
                                                                                                                                                    },
                                                                                                                                                    {
                                                                                                                                                        "Node Type": "Index Scan",
                                                                                                                                                        "Parent Relationship": "Inner",
                                                                                                                                                        "Parallel Aware": false,
                                                                                                                                                        "Scan Direction": "Forward",
                                                                                                                                                        "Index Name": "person_id_aka_name",
                                                                                                                                                        "Relation Name": "aka_name",
                                                                                                                                                        "Schema": "public",
                                                                                                                                                        "Alias": "an",
                                                                                                                                                        "Startup Cost": 0.42,
                                                                                                                                                        "Total Cost": 72012.16,
                                                                                                                                                        "Plan Rows": 901343,
                                                                                                                                                        "Plan Width": 4,
                                                                                                                                                        "Actual Startup Time": 0.032,
                                                                                                                                                        "Actual Total Time": 225.977,
                                                                                                                                                        "Actual Rows": 987741,
                                                                                                                                                        "Actual Loops": 4,
                                                                                                                                                        "Output": [
                                                                                                                                                            "an.id",
                                                                                                                                                            "an.person_id",
                                                                                                                                                            "an.name",
                                                                                                                                                            "an.imdb_index",
                                                                                                                                                            "an.name_pcode_cf",
                                                                                                                                                            "an.name_pcode_nf",
                                                                                                                                                            "an.surname_pcode",
                                                                                                                                                            "an.md5sum"
                                                                                                                                                        ],
                                                                                                                                                        "Workers": [
                                                                                                                                                            {
                                                                                                                                                                "Worker Number": 0,
                                                                                                                                                                "Actual Startup Time": 0.031,
                                                                                                                                                                "Actual Total Time": 210.983,
                                                                                                                                                                "Actual Rows": 913848,
                                                                                                                                                                "Actual Loops": 1
                                                                                                                                                            },
                                                                                                                                                            {
                                                                                                                                                                "Worker Number": 1,
                                                                                                                                                                "Actual Startup Time": 0.038,
                                                                                                                                                                "Actual Total Time": 223.154,
                                                                                                                                                                "Actual Rows": 913540,
                                                                                                                                                                "Actual Loops": 1
                                                                                                                                                            },
                                                                                                                                                            {
                                                                                                                                                                "Worker Number": 2,
                                                                                                                                                                "Actual Startup Time": 0.03,
                                                                                                                                                                "Actual Total Time": 219.074,
                                                                                                                                                                "Actual Rows": 927628,
                                                                                                                                                                "Actual Loops": 1
                                                                                                                                                            }
                                                                                                                                                        ]
                                                                                                                                                    }
                                                                                                                                                ]
                                                                                                                                            }
                                                                                                                                        ]
                                                                                                                                    }
                                                                                                                                ]
                                                                                                                            },
                                                                                                                            {
                                                                                                                                "Node Type": "Hash",
                                                                                                                                "Parent Relationship": "Inner",
                                                                                                                                "Parallel Aware": true,
                                                                                                                                "Startup Cost": 910145.77,
                                                                                                                                "Total Cost": 910145.77,
                                                                                                                                "Plan Rows": 61311,
                                                                                                                                "Plan Width": 8,
                                                                                                                                "Actual Startup Time": 1132.899,
                                                                                                                                "Actual Total Time": 1132.9,
                                                                                                                                "Actual Rows": 75312,
                                                                                                                                "Actual Loops": 4,
                                                                                                                                "Output": [
                                                                                                                                    "mi.movie_id",
                                                                                                                                    "mi.info_type_id"
                                                                                                                                ],
                                                                                                                                "Hash Buckets": 524288,
                                                                                                                                "Original Hash Buckets": 524288,
                                                                                                                                "Hash Batches": 1,
                                                                                                                                "Original Hash Batches": 1,
                                                                                                                                "Peak Memory Usage": 15968,
                                                                                                                                "Workers": [
                                                                                                                                    {
                                                                                                                                        "Worker Number": 0,
                                                                                                                                        "Actual Startup Time": 1130.703,
                                                                                                                                        "Actual Total Time": 1130.705,
                                                                                                                                        "Actual Rows": 65591,
                                                                                                                                        "Actual Loops": 1
                                                                                                                                    },
                                                                                                                                    {
                                                                                                                                        "Worker Number": 1,
                                                                                                                                        "Actual Startup Time": 1131.282,
                                                                                                                                        "Actual Total Time": 1131.283,
                                                                                                                                        "Actual Rows": 65226,
                                                                                                                                        "Actual Loops": 1
                                                                                                                                    },
                                                                                                                                    {
                                                                                                                                        "Worker Number": 2,
                                                                                                                                        "Actual Startup Time": 1131.39,
                                                                                                                                        "Actual Total Time": 1131.391,
                                                                                                                                        "Actual Rows": 64741,
                                                                                                                                        "Actual Loops": 1
                                                                                                                                    }
                                                                                                                                ],
                                                                                                                                "Plans": [
                                                                                                                                    {
                                                                                                                                        "Node Type": "Index Scan",
                                                                                                                                        "Parent Relationship": "Outer",
                                                                                                                                        "Parallel Aware": true,
                                                                                                                                        "Scan Direction": "Forward",
                                                                                                                                        "Index Name": "info_type_id_movie_info",
                                                                                                                                        "Relation Name": "movie_info",
                                                                                                                                        "Schema": "public",
                                                                                                                                        "Alias": "mi",
                                                                                                                                        "Startup Cost": 0.43,
                                                                                                                                        "Total Cost": 910145.77,
                                                                                                                                        "Plan Rows": 61311,
                                                                                                                                        "Plan Width": 8,
                                                                                                                                        "Actual Startup Time": 194.791,
                                                                                                                                        "Actual Total Time": 1105.141,
                                                                                                                                        "Actual Rows": 75312,
                                                                                                                                        "Actual Loops": 4,
                                                                                                                                        "Output": [
                                                                                                                                            "mi.movie_id",
                                                                                                                                            "mi.info_type_id"
                                                                                                                                        ],
                                                                                                                                        "Filter": "((mi.info IS NOT NULL) AND ((mi.info ~~ 'Japan:%201%'::text) OR (mi.info ~~ 'USA:%201%'::text)))",
                                                                                                                                        "Rows Removed by Filter": 3633618,
                                                                                                                                        "Workers": [
                                                                                                                                            {
                                                                                                                                                "Worker Number": 0,
                                                                                                                                                "Actual Startup Time": 61.89,
                                                                                                                                                "Actual Total Time": 1103.283,
                                                                                                                                                "Actual Rows": 65591,
                                                                                                                                                "Actual Loops": 1
                                                                                                                                            },
                                                                                                                                            {
                                                                                                                                                "Worker Number": 1,
                                                                                                                                                "Actual Startup Time": 662.415,
                                                                                                                                                "Actual Total Time": 1104.396,
                                                                                                                                                "Actual Rows": 65226,
                                                                                                                                                "Actual Loops": 1
                                                                                                                                            },
                                                                                                                                            {
                                                                                                                                                "Worker Number": 2,
                                                                                                                                                "Actual Startup Time": 25.794,
                                                                                                                                                "Actual Total Time": 1104.083,
                                                                                                                                                "Actual Rows": 64741,
                                                                                                                                                "Actual Loops": 1
                                                                                                                                            }
                                                                                                                                        ]
                                                                                                                                    }
                                                                                                                                ]
                                                                                                                            }
                                                                                                                        ]
                                                                                                                    }
                                                                                                                ]
                                                                                                            },
                                                                                                            {
                                                                                                                "Node Type": "Materialize",
                                                                                                                "Parent Relationship": "Inner",
                                                                                                                "Parallel Aware": false,
                                                                                                                "Startup Cost": 1.16,
                                                                                                                "Total Cost": 1.17,
                                                                                                                "Plan Rows": 1,
                                                                                                                "Plan Width": 4,
                                                                                                                "Actual Startup Time": 0.043,
                                                                                                                "Actual Total Time": 2.137,
                                                                                                                "Actual Rows": 1,
                                                                                                                "Actual Loops": 4,
                                                                                                                "Output": [
                                                                                                                    "rt.id"
                                                                                                                ],
                                                                                                                "Workers": [
                                                                                                                    {
                                                                                                                        "Worker Number": 0,
                                                                                                                        "Actual Startup Time": 0.043,
                                                                                                                        "Actual Total Time": 2.289,
                                                                                                                        "Actual Rows": 1,
                                                                                                                        "Actual Loops": 1
                                                                                                                    },
                                                                                                                    {
                                                                                                                        "Worker Number": 1,
                                                                                                                        "Actual Startup Time": 0.042,
                                                                                                                        "Actual Total Time": 2.1,
                                                                                                                        "Actual Rows": 1,
                                                                                                                        "Actual Loops": 1
                                                                                                                    },
                                                                                                                    {
                                                                                                                        "Worker Number": 2,
                                                                                                                        "Actual Startup Time": 0.051,
                                                                                                                        "Actual Total Time": 2.148,
                                                                                                                        "Actual Rows": 1,
                                                                                                                        "Actual Loops": 1
                                                                                                                    }
                                                                                                                ],
                                                                                                                "Plans": [
                                                                                                                    {
                                                                                                                        "Node Type": "Sort",
                                                                                                                        "Parent Relationship": "Outer",
                                                                                                                        "Parallel Aware": false,
                                                                                                                        "Startup Cost": 1.16,
                                                                                                                        "Total Cost": 1.16,
                                                                                                                        "Plan Rows": 1,
                                                                                                                        "Plan Width": 4,
                                                                                                                        "Actual Startup Time": 0.039,
                                                                                                                        "Actual Total Time": 0.041,
                                                                                                                        "Actual Rows": 1,
                                                                                                                        "Actual Loops": 4,
                                                                                                                        "Output": [
                                                                                                                            "rt.id"
                                                                                                                        ],
                                                                                                                        "Sort Key": [
                                                                                                                            "rt.id"
                                                                                                                        ],
                                                                                                                        "Sort Method": "quicksort",
                                                                                                                        "Sort Space Used": 25,
                                                                                                                        "Sort Space Type": "Memory",
                                                                                                                        "Workers": [
                                                                                                                            {
                                                                                                                                "Worker Number": 0,
                                                                                                                                "Actual Startup Time": 0.04,
                                                                                                                                "Actual Total Time": 0.041,
                                                                                                                                "Actual Rows": 1,
                                                                                                                                "Actual Loops": 1
                                                                                                                            },
                                                                                                                            {
                                                                                                                                "Worker Number": 1,
                                                                                                                                "Actual Startup Time": 0.039,
                                                                                                                                "Actual Total Time": 0.04,
                                                                                                                                "Actual Rows": 1,
                                                                                                                                "Actual Loops": 1
                                                                                                                            },
                                                                                                                            {
                                                                                                                                "Worker Number": 2,
                                                                                                                                "Actual Startup Time": 0.047,
                                                                                                                                "Actual Total Time": 0.048,
                                                                                                                                "Actual Rows": 1,
                                                                                                                                "Actual Loops": 1
                                                                                                                            }
                                                                                                                        ],
                                                                                                                        "Plans": [
                                                                                                                            {
                                                                                                                                "Node Type": "Seq Scan",
                                                                                                                                "Parent Relationship": "Outer",
                                                                                                                                "Parallel Aware": false,
                                                                                                                                "Relation Name": "role_type",
                                                                                                                                "Schema": "public",
                                                                                                                                "Alias": "rt",
                                                                                                                                "Startup Cost": 0.0,
                                                                                                                                "Total Cost": 1.15,
                                                                                                                                "Plan Rows": 1,
                                                                                                                                "Plan Width": 4,
                                                                                                                                "Actual Startup Time": 0.03,
                                                                                                                                "Actual Total Time": 0.031,
                                                                                                                                "Actual Rows": 1,
                                                                                                                                "Actual Loops": 4,
                                                                                                                                "Output": [
                                                                                                                                    "rt.id"
                                                                                                                                ],
                                                                                                                                "Filter": "((rt.role)::text = 'actress'::text)",
                                                                                                                                "Rows Removed by Filter": 11,
                                                                                                                                "Workers": [
                                                                                                                                    {
                                                                                                                                        "Worker Number": 0,
                                                                                                                                        "Actual Startup Time": 0.031,
                                                                                                                                        "Actual Total Time": 0.033,
                                                                                                                                        "Actual Rows": 1,
                                                                                                                                        "Actual Loops": 1
                                                                                                                                    },
                                                                                                                                    {
                                                                                                                                        "Worker Number": 1,
                                                                                                                                        "Actual Startup Time": 0.031,
                                                                                                                                        "Actual Total Time": 0.032,
                                                                                                                                        "Actual Rows": 1,
                                                                                                                                        "Actual Loops": 1
                                                                                                                                    },
                                                                                                                                    {
                                                                                                                                        "Worker Number": 2,
                                                                                                                                        "Actual Startup Time": 0.038,
                                                                                                                                        "Actual Total Time": 0.039,
                                                                                                                                        "Actual Rows": 1,
                                                                                                                                        "Actual Loops": 1
                                                                                                                                    }
                                                                                                                                ]
                                                                                                                            }
                                                                                                                        ]
                                                                                                                    }
                                                                                                                ]
                                                                                                            }
                                                                                                        ]
                                                                                                    }
                                                                                                ]
                                                                                            }
                                                                                        ]
                                                                                    }
                                                                                ]
                                                                            },
                                                                            {
                                                                                "Node Type": "Hash",
                                                                                "Parent Relationship": "Inner",
                                                                                "Parallel Aware": false,
                                                                                "Startup Cost": 177177.46,
                                                                                "Total Cost": 177177.46,
                                                                                "Plan Rows": 4523930,
                                                                                "Plan Width": 8,
                                                                                "Actual Startup Time": 1622.975,
                                                                                "Actual Total Time": 1622.977,
                                                                                "Actual Rows": 4523930,
                                                                                "Actual Loops": 1,
                                                                                "Output": [
                                                                                    "mk.movie_id",
                                                                                    "mk.keyword_id"
                                                                                ],
                                                                                "Hash Buckets": 8388608,
                                                                                "Original Hash Buckets": 8388608,
                                                                                "Hash Batches": 1,
                                                                                "Original Hash Batches": 1,
                                                                                "Peak Memory Usage": 242253,
                                                                                "Plans": [
                                                                                    {
                                                                                        "Node Type": "Index Scan",
                                                                                        "Parent Relationship": "Outer",
                                                                                        "Parallel Aware": false,
                                                                                        "Scan Direction": "Forward",
                                                                                        "Index Name": "movie_id_movie_keyword",
                                                                                        "Relation Name": "movie_keyword",
                                                                                        "Schema": "public",
                                                                                        "Alias": "mk",
                                                                                        "Startup Cost": 0.43,
                                                                                        "Total Cost": 177177.46,
                                                                                        "Plan Rows": 4523930,
                                                                                        "Plan Width": 8,
                                                                                        "Actual Startup Time": 0.032,
                                                                                        "Actual Total Time": 908.206,
                                                                                        "Actual Rows": 4523930,
                                                                                        "Actual Loops": 1,
                                                                                        "Output": [
                                                                                            "mk.movie_id",
                                                                                            "mk.keyword_id"
                                                                                        ]
                                                                                    }
                                                                                ]
                                                                            }
                                                                        ]
                                                                    }
                                                                ]
                                                            }
                                                        ]
                                                    }
                                                ]
                                            }
                                        ]
                                    }
                                ]
                            }
                        ]
                    },
                    {
                        "Node Type": "Bitmap Heap Scan",
                        "Parent Relationship": "Inner",
                        "Parallel Aware": false,
                        "Relation Name": "keyword",
                        "Schema": "public",
                        "Alias": "k",
                        "Startup Cost": 0.43,
                        "Total Cost": 4.45,
                        "Plan Rows": 1,
                        "Plan Width": 4,
                        "Actual Startup Time": 0.003,
                        "Actual Total Time": 0.003,
                        "Actual Rows": 0,
                        "Actual Loops": 1320,
                        "Output": [
                            "k.id",
                            "k.keyword",
                            "k.phonetic_code"
                        ],
                        "Recheck Cond": "(k.id = mk.keyword_id)",
                        "Rows Removed by Index Recheck": 0,
                        "Filter": "(k.keyword = ANY ('{superhero,murder,fight,hope}'::text[]))",
                        "Rows Removed by Filter": 1,
                        "Exact Heap Blocks": 1320,
                        "Lossy Heap Blocks": 0,
                        "Plans": [
                            {
                                "Node Type": "Bitmap Index Scan",
                                "Parent Relationship": "Outer",
                                "Parallel Aware": false,
                                "Index Name": "keyword_pkey",
                                "Startup Cost": 0.0,
                                "Total Cost": 0.43,
                                "Plan Rows": 1,
                                "Plan Width": 0,
                                "Actual Startup Time": 0.002,
                                "Actual Total Time": 0.002,
                                "Actual Rows": 1,
                                "Actual Loops": 1320,
                                "Index Cond": "(k.id = mk.keyword_id)"
                            }
                        ]
                    }
                ]
            }
        ]
    },
    "Planning Time": 44.556,
    "Triggers": [],
    "Execution Time": 12452.555
}