[
  {
    "Plan": {
      "Node Type": "Aggregate",
      "Strategy": "Plain",
      "Partial Mode": "Finalize",
      "Parallel Aware": false,
      "Startup Cost": 156562.92,
      "Total Cost": 156562.93,
      "Plan Rows": 1,
      "Plan Width": 8,
      "Actual Startup Time": 121.882,
      "Actual Total Time": 141.235,
      "Actual Rows": 1,
      "Actual Loops": 1,
      "Plans": [
        {
          "Node Type": "Gather",
          "Parent Relationship": "Outer",
          "Parallel Aware": false,
          "Startup Cost": 156562.5,
          "Total Cost": 156562.91,
          "Plan Rows": 4,
          "Plan Width": 8,
          "Actual Startup Time": 121.698,
          "Actual Total Time": 141.227,
          "Actual Rows": 5,
          "Actual Loops": 1,
          "Workers Planned": 4,
          "Workers Launched": 4,
          "Single Copy": false,
          "Plans": [
            {
              "Node Type": "Aggregate",
              "Strategy": "Plain",
              "Partial Mode": "Partial",
              "Parent Relationship": "Outer",
              "Parallel Aware": false,
              "Startup Cost": 155562.5,
              "Total Cost": 155562.51,
              "Plan Rows": 1,
              "Plan Width": 8,
              "Actual Startup Time": 114.139,
              "Actual Total Time": 114.141,
              "Actual Rows": 1,
              "Actual Loops": 5,
              "Plans": [
                {
                  "Node Type": "Nested Loop",
                  "Parent Relationship": "Outer",
                  "Parallel Aware": false,
                  "Join Type": "Inner",
                  "Startup Cost": 0.43,
                  "Total Cost": 155548.38,
                  "Plan Rows": 5647,
                  "Plan Width": 0,
                  "Actual Startup Time": 2.085,
                  "Actual Total Time": 113.347,
                  "Actual Rows": 9305,
                  "Actual Loops": 5,
                  "Inner Unique": false,
                  "Plans": [
                    {
                      "Node Type": "Seq Scan",
                      "Parent Relationship": "Outer",
                      "Parallel Aware": true,
                      "Relation Name": "title",
                      "Alias": "t",
                      "Startup Cost": 0.0,
                      "Total Cost": 45479.59,
                      "Plan Rows": 962,
                      "Plan Width": 4,
                      "Actual Startup Time": 1.938,
                      "Actual Total Time": 78.439,
                      "Actual Rows": 878,
                      "Actual Loops": 5,
                      "Filter": "((kind_id < 7) AND (production_year = 1962))",
                      "Rows Removed by Filter": 504784
                    },
                    {
                      "Node Type": "Index Only Scan",
                      "Parent Relationship": "Inner",
                      "Parallel Aware": false,
                      "Scan Direction": "Forward",
                      "Index Name": "movie_id_movie_info",
                      "Relation Name": "movie_info",
                      "Alias": "mi",
                      "Startup Cost": 0.43,
                      "Total Cost": 114.01,
                      "Plan Rows": 41,
                      "Plan Width": 4,
                      "Actual Startup Time": 0.014,
                      "Actual Total Time": 0.038,
                      "Actual Rows": 11,
                      "Actual Loops": 4390,
                      "Index Cond": "(movie_id = t.id)",
                      "Rows Removed by Index Recheck": 0,
                      "Heap Fetches": 46523
                    }
                  ]
                }
              ]
            }
          ]
        }
      ]
    },
    "Planning Time": 0.557,
    "Triggers": [],
    "Execution Time": 141.299
  }
]