[
  {
    "Plan": {
      "Node Type": "Aggregate",
      "Strategy": "Plain",
      "Partial Mode": "Finalize",
      "Parallel Aware": false,
      "Startup Cost": 377202.02,
      "Total Cost": 377202.03,
      "Plan Rows": 1,
      "Plan Width": 8,
      "Actual Startup Time": 794.556,
      "Actual Total Time": 836.001,
      "Actual Rows": 1,
      "Actual Loops": 1,
      "Plans": [
        {
          "Node Type": "Gather",
          "Parent Relationship": "Outer",
          "Parallel Aware": false,
          "Startup Cost": 377201.4,
          "Total Cost": 377202.01,
          "Plan Rows": 6,
          "Plan Width": 8,
          "Actual Startup Time": 789.756,
          "Actual Total Time": 835.989,
          "Actual Rows": 7,
          "Actual Loops": 1,
          "Workers Planned": 6,
          "Workers Launched": 6,
          "Single Copy": false,
          "Plans": [
            {
              "Node Type": "Aggregate",
              "Strategy": "Plain",
              "Partial Mode": "Partial",
              "Parent Relationship": "Outer",
              "Parallel Aware": false,
              "Startup Cost": 376201.4,
              "Total Cost": 376201.41,
              "Plan Rows": 1,
              "Plan Width": 8,
              "Actual Startup Time": 781.194,
              "Actual Total Time": 781.197,
              "Actual Rows": 1,
              "Actual Loops": 7,
              "Plans": [
                {
                  "Node Type": "Hash Join",
                  "Parent Relationship": "Outer",
                  "Parallel Aware": true,
                  "Join Type": "Inner",
                  "Startup Cost": 47172.13,
                  "Total Cost": 375544.7,
                  "Plan Rows": 262680,
                  "Plan Width": 0,
                  "Actual Startup Time": 152.033,
                  "Actual Total Time": 773.532,
                  "Actual Rows": 127737,
                  "Actual Loops": 7,
                  "Inner Unique": true,
                  "Hash Cond": "(ci.movie_id = t.id)",
                  "Plans": [
                    {
                      "Node Type": "Index Scan",
                      "Parent Relationship": "Outer",
                      "Parallel Aware": true,
                      "Scan Direction": "Forward",
                      "Index Name": "role_id_cast_info",
                      "Relation Name": "cast_info",
                      "Alias": "ci",
                      "Startup Cost": 0.56,
                      "Total Cost": 325153.08,
                      "Plan Rows": 1226687,
                      "Plan Width": 4,
                      "Actual Startup Time": 0.87,
                      "Actual Total Time": 452.361,
                      "Actual Rows": 566232,
                      "Actual Loops": 7,
                      "Index Cond": "(role_id > 3)",
                      "Rows Removed by Index Recheck": 0,
                      "Filter": "(person_id < 2275382)",
                      "Rows Removed by Filter": 1164289
                    },
                    {
                      "Node Type": "Hash",
                      "Parent Relationship": "Inner",
                      "Parallel Aware": true,
                      "Startup Cost": 45479.59,
                      "Total Cost": 45479.59,
                      "Plan Rows": 135358,
                      "Plan Width": 4,
                      "Actual Startup Time": 148.917,
                      "Actual Total Time": 148.918,
                      "Actual Rows": 65687,
                      "Actual Loops": 7,
                      "Hash Buckets": 1048576,
                      "Original Hash Buckets": 1048576,
                      "Hash Batches": 1,
                      "Original Hash Batches": 1,
                      "Peak Memory Usage": 26304,
                      "Plans": [
                        {
                          "Node Type": "Seq Scan",
                          "Parent Relationship": "Outer",
                          "Parallel Aware": true,
                          "Relation Name": "title",
                          "Alias": "t",
                          "Startup Cost": 0.0,
                          "Total Cost": 45479.59,
                          "Plan Rows": 135358,
                          "Plan Width": 4,
                          "Actual Startup Time": 0.065,
                          "Actual Total Time": 109.129,
                          "Actual Rows": 65687,
                          "Actual Loops": 7,
                          "Filter": "((kind_id < 7) AND (production_year > 2000))",
                          "Rows Removed by Filter": 295500
                        }
                      ]
                    }
                  ]
                }
              ]
            }
          ]
        }
      ]
    },
    "Planning Time": 0.535,
    "Triggers": [],
    "Execution Time": 836.058
  }
]