[
    {
        "Bao": {
            "Bao prediction": "NaN",
            "Bao recommended hint": "(no hint)"
        }
    },
    {
        "Plan": {
            "Node Type": "Aggregate",
            "Strategy": "Plain",
            "Partial Mode": "Finalize",
            "Parallel Aware": false,
            "Startup Cost": 33968.2,
            "Total Cost": 33968.21,
            "Plan Rows": 1,
            "Plan Width": 8,
            "Actual Startup Time": 124.576,
            "Actual Total Time": 130.022,
            "Actual Rows": 1,
            "Actual Loops": 1,
            "Output": [
                "count(*)"
            ],
            "Plans": [
                {
                    "Node Type": "Gather",
                    "Parent Relationship": "Outer",
                    "Parallel Aware": false,
                    "Startup Cost": 33967.88,
                    "Total Cost": 33968.19,
                    "Plan Rows": 3,
                    "Plan Width": 8,
                    "Actual Startup Time": 124.338,
                    "Actual Total Time": 130.012,
                    "Actual Rows": 4,
                    "Actual Loops": 1,
                    "Output": [
                        "(PARTIAL count(*))"
                    ],
                    "Workers Planned": 3,
                    "Workers Launched": 3,
                    "Single Copy": false,
                    "Plans": [
                        {
                            "Node Type": "Aggregate",
                            "Strategy": "Plain",
                            "Partial Mode": "Partial",
                            "Parent Relationship": "Outer",
                            "Parallel Aware": false,
                            "Startup Cost": 32967.88,
                            "Total Cost": 32967.89,
                            "Plan Rows": 1,
                            "Plan Width": 8,
                            "Actual Startup Time": 115.317,
                            "Actual Total Time": 115.319,
                            "Actual Rows": 1,
                            "Actual Loops": 4,
                            "Output": [
                                "PARTIAL count(*)"
                            ],
                            "Workers": [
                                {
                                    "Worker Number": 0,
                                    "Actual Startup Time": 112.425,
                                    "Actual Total Time": 112.427,
                                    "Actual Rows": 1,
                                    "Actual Loops": 1
                                },
                                {
                                    "Worker Number": 1,
                                    "Actual Startup Time": 112.478,
                                    "Actual Total Time": 112.48,
                                    "Actual Rows": 1,
                                    "Actual Loops": 1
                                },
                                {
                                    "Worker Number": 2,
                                    "Actual Startup Time": 112.66,
                                    "Actual Total Time": 112.662,
                                    "Actual Rows": 1,
                                    "Actual Loops": 1
                                }
                            ],
                            "Plans": [
                                {
                                    "Node Type": "Bitmap Heap Scan",
                                    "Parent Relationship": "Outer",
                                    "Parallel Aware": true,
                                    "Relation Name": "movie_keyword",
                                    "Schema": "public",
                                    "Alias": "mk",
                                    "Startup Cost": 6932.8,
                                    "Total Cost": 32704.37,
                                    "Plan Rows": 105405,
                                    "Plan Width": 0,
                                    "Actual Startup Time": 45.321,
                                    "Actual Total Time": 109.529,
                                    "Actual Rows": 81196,
                                    "Actual Loops": 4,
                                    "Recheck Cond": "(mk.keyword_id > 50553)",
                                    "Rows Removed by Index Recheck": 0,
                                    "Exact Heap Blocks": 8538,
                                    "Lossy Heap Blocks": 0,
                                    "Workers": [
                                        {
                                            "Worker Number": 0,
                                            "Actual Startup Time": 42.634,
                                            "Actual Total Time": 107.423,
                                            "Actual Rows": 67600,
                                            "Actual Loops": 1
                                        },
                                        {
                                            "Worker Number": 1,
                                            "Actual Startup Time": 42.507,
                                            "Actual Total Time": 107.573,
                                            "Actual Rows": 67947,
                                            "Actual Loops": 1
                                        },
                                        {
                                            "Worker Number": 2,
                                            "Actual Startup Time": 42.767,
                                            "Actual Total Time": 107.972,
                                            "Actual Rows": 63690,
                                            "Actual Loops": 1
                                        }
                                    ],
                                    "Plans": [
                                        {
                                            "Node Type": "Bitmap Index Scan",
                                            "Parent Relationship": "Outer",
                                            "Parallel Aware": false,
                                            "Index Name": "keyword_id_movie_keyword",
                                            "Startup Cost": 0.0,
                                            "Total Cost": 6851.11,
                                            "Plan Rows": 326757,
                                            "Plan Width": 0,
                                            "Actual Startup Time": 48.19,
                                            "Actual Total Time": 48.191,
                                            "Actual Rows": 324784,
                                            "Actual Loops": 1,
                                            "Index Cond": "(mk.keyword_id > 50553)"
                                        }
                                    ]
                                }
                            ]
                        }
                    ]
                }
            ]
        },
        "Planning Time": 359.244,
        "Triggers": [],
        "Execution Time": 130.148
    }
]