[
  {
    "Plan": {
      "Node Type": "Aggregate",
      "Strategy": "Plain",
      "Partial Mode": "Finalize",
      "Parallel Aware": false,
      "Startup Cost": 34137.24,
      "Total Cost": 34137.25,
      "Plan Rows": 1,
      "Plan Width": 8,
      "Actual Startup Time": 112.089,
      "Actual Total Time": 121.742,
      "Actual Rows": 1,
      "Actual Loops": 1,
      "Plans": [
        {
          "Node Type": "Gather",
          "Parent Relationship": "Outer",
          "Parallel Aware": false,
          "Startup Cost": 34136.93,
          "Total Cost": 34137.24,
          "Plan Rows": 3,
          "Plan Width": 8,
          "Actual Startup Time": 111.787,
          "Actual Total Time": 121.733,
          "Actual Rows": 4,
          "Actual Loops": 1,
          "Workers Planned": 3,
          "Workers Launched": 3,
          "Single Copy": false,
          "Plans": [
            {
              "Node Type": "Aggregate",
              "Strategy": "Plain",
              "Partial Mode": "Partial",
              "Parent Relationship": "Outer",
              "Parallel Aware": false,
              "Startup Cost": 33136.93,
              "Total Cost": 33136.94,
              "Plan Rows": 1,
              "Plan Width": 8,
              "Actual Startup Time": 103.693,
              "Actual Total Time": 103.694,
              "Actual Rows": 1,
              "Actual Loops": 4,
              "Plans": [
                {
                  "Node Type": "Bitmap Heap Scan",
                  "Parent Relationship": "Outer",
                  "Parallel Aware": true,
                  "Relation Name": "movie_keyword",
                  "Alias": "mk",
                  "Startup Cost": 7070.69,
                  "Total Cost": 32868.22,
                  "Plan Rows": 107482,
                  "Plan Width": 0,
                  "Actual Startup Time": 34.935,
                  "Actual Total Time": 98.34,
                  "Actual Rows": 81394,
                  "Actual Loops": 4,
                  "Recheck Cond": "(keyword_id > 50464)",
                  "Rows Removed by Index Recheck": 0,
                  "Exact Heap Blocks": 12021,
                  "Lossy Heap Blocks": 0,
                  "Plans": [
                    {
                      "Node Type": "Bitmap Index Scan",
                      "Parent Relationship": "Outer",
                      "Parallel Aware": false,
                      "Index Name": "keyword_id_movie_keyword",
                      "Startup Cost": 0.0,
                      "Total Cost": 6987.39,
                      "Plan Rows": 333195,
                      "Plan Width": 0,
                      "Actual Startup Time": 37.911,
                      "Actual Total Time": 37.911,
                      "Actual Rows": 325575,
                      "Actual Loops": 1,
                      "Index Cond": "(keyword_id > 50464)"
                    }
                  ]
                }
              ]
            }
          ]
        }
      ]
    },
    "Planning Time": 0.185,
    "Triggers": [],
    "Execution Time": 121.818
  }
]