[
  {
    "Plan": {
      "Node Type": "Aggregate",
      "Strategy": "Plain",
      "Partial Mode": "Finalize",
      "Parallel Aware": false,
      "Startup Cost": 159521.97,
      "Total Cost": 159521.98,
      "Plan Rows": 1,
      "Plan Width": 8,
      "Actual Startup Time": 1370.591,
      "Actual Total Time": 1421.522,
      "Actual Rows": 1,
      "Actual Loops": 1,
      "Plans": [
        {
          "Node Type": "Gather",
          "Parent Relationship": "Outer",
          "Parallel Aware": false,
          "Startup Cost": 159521.55,
          "Total Cost": 159521.96,
          "Plan Rows": 4,
          "Plan Width": 8,
          "Actual Startup Time": 1368.338,
          "Actual Total Time": 1421.51,
          "Actual Rows": 5,
          "Actual Loops": 1,
          "Workers Planned": 4,
          "Workers Launched": 4,
          "Single Copy": false,
          "Plans": [
            {
              "Node Type": "Aggregate",
              "Strategy": "Plain",
              "Partial Mode": "Partial",
              "Parent Relationship": "Outer",
              "Parallel Aware": false,
              "Startup Cost": 158521.55,
              "Total Cost": 158521.56,
              "Plan Rows": 1,
              "Plan Width": 8,
              "Actual Startup Time": 1357.903,
              "Actual Total Time": 1357.981,
              "Actual Rows": 1,
              "Actual Loops": 5,
              "Plans": [
                {
                  "Node Type": "Nested Loop",
                  "Parent Relationship": "Outer",
                  "Parallel Aware": false,
                  "Join Type": "Inner",
                  "Startup Cost": 28504.0,
                  "Total Cost": 157887.76,
                  "Plan Rows": 253516,
                  "Plan Width": 0,
                  "Actual Startup Time": 109.77,
                  "Actual Total Time": 1294.346,
                  "Actual Rows": 1210923,
                  "Actual Loops": 5,
                  "Inner Unique": false,
                  "Plans": [
                    {
                      "Node Type": "Hash Join",
                      "Parent Relationship": "Outer",
                      "Parallel Aware": true,
                      "Join Type": "Inner",
                      "Startup Cost": 28503.57,
                      "Total Cost": 74122.53,
                      "Plan Rows": 43356,
                      "Plan Width": 8,
                      "Actual Startup Time": 109.681,
                      "Actual Total Time": 320.854,
                      "Actual Rows": 68625,
                      "Actual Loops": 5,
                      "Inner Unique": false,
                      "Hash Cond": "(t.id = mc.movie_id)",
                      "Plans": [
                        {
                          "Node Type": "Seq Scan",
                          "Parent Relationship": "Outer",
                          "Parallel Aware": true,
                          "Relation Name": "title",
                          "Alias": "t",
                          "Startup Cost": 0.0,
                          "Total Cost": 42318.73,
                          "Plan Rows": 632073,
                          "Plan Width": 4,
                          "Actual Startup Time": 0.011,
                          "Actual Total Time": 73.182,
                          "Actual Rows": 505662,
                          "Actual Loops": 5
                        },
                        {
                          "Node Type": "Hash",
                          "Parent Relationship": "Inner",
                          "Parallel Aware": true,
                          "Startup Cost": 27804.27,
                          "Total Cost": 27804.27,
                          "Plan Rows": 55944,
                          "Plan Width": 4,
                          "Actual Startup Time": 95.456,
                          "Actual Total Time": 95.458,
                          "Actual Rows": 68625,
                          "Actual Loops": 5,
                          "Hash Buckets": 524288,
                          "Original Hash Buckets": 262144,
                          "Hash Batches": 1,
                          "Original Hash Batches": 1,
                          "Peak Memory Usage": 19648,
                          "Plans": [
                            {
                              "Node Type": "Bitmap Heap Scan",
                              "Parent Relationship": "Outer",
                              "Parallel Aware": true,
                              "Relation Name": "movie_companies",
                              "Alias": "mc",
                              "Startup Cost": 7361.53,
                              "Total Cost": 27804.27,
                              "Plan Rows": 55944,
                              "Plan Width": 4,
                              "Actual Startup Time": 25.838,
                              "Actual Total Time": 59.03,
                              "Actual Rows": 68625,
                              "Actual Loops": 5,
                              "Recheck Cond": "(company_id > 88965)",
                              "Rows Removed by Index Recheck": 0,
                              "Filter": "(company_type_id > 1)",
                              "Rows Removed by Filter": 0,
                              "Exact Heap Blocks": 1560,
                              "Lossy Heap Blocks": 0,
                              "Plans": [
                                {
                                  "Node Type": "Bitmap Index Scan",
                                  "Parent Relationship": "Outer",
                                  "Parallel Aware": false,
                                  "Index Name": "company_id_movie_companies",
                                  "Startup Cost": 0.0,
                                  "Total Cost": 7318.18,
                                  "Plan Rows": 341566,
                                  "Plan Width": 0,
                                  "Actual Startup Time": 27.893,
                                  "Actual Total Time": 27.893,
                                  "Actual Rows": 343125,
                                  "Actual Loops": 1,
                                  "Index Cond": "(company_id > 88965)"
                                }
                              ]
                            }
                          ]
                        }
                      ]
                    },
                    {
                      "Node Type": "Index Only Scan",
                      "Parent Relationship": "Inner",
                      "Parallel Aware": false,
                      "Scan Direction": "Forward",
                      "Index Name": "movie_id_movie_info",
                      "Relation Name": "movie_info",
                      "Alias": "mi",
                      "Startup Cost": 0.43,
                      "Total Cost": 1.51,
                      "Plan Rows": 42,
                      "Plan Width": 4,
                      "Actual Startup Time": 0.004,
                      "Actual Total Time": 0.013,
                      "Actual Rows": 18,
                      "Actual Loops": 343125,
                      "Index Cond": "(movie_id = t.id)",
                      "Rows Removed by Index Recheck": 0,
                      "Heap Fetches": 6054614
                    }
                  ]
                }
              ]
            }
          ]
        }
      ]
    },
    "Planning Time": 1.516,
    "Triggers": [],
    "Execution Time": 1421.653
  }
]