[
  {
    "Plan": {
      "Node Type": "Aggregate",
      "Strategy": "Plain",
      "Partial Mode": "Finalize",
      "Parallel Aware": false,
      "Startup Cost": 92787.12,
      "Total Cost": 92787.13,
      "Plan Rows": 1,
      "Plan Width": 8,
      "Actual Startup Time": 600.322,
      "Actual Total Time": 621.772,
      "Actual Rows": 1,
      "Actual Loops": 1,
      "Plans": [
        {
          "Node Type": "Gather",
          "Parent Relationship": "Outer",
          "Parallel Aware": false,
          "Startup Cost": 92786.81,
          "Total Cost": 92787.12,
          "Plan Rows": 3,
          "Plan Width": 8,
          "Actual Startup Time": 591.416,
          "Actual Total Time": 621.76,
          "Actual Rows": 4,
          "Actual Loops": 1,
          "Workers Planned": 3,
          "Workers Launched": 3,
          "Single Copy": false,
          "Plans": [
            {
              "Node Type": "Aggregate",
              "Strategy": "Plain",
              "Partial Mode": "Partial",
              "Parent Relationship": "Outer",
              "Parallel Aware": false,
              "Startup Cost": 91786.81,
              "Total Cost": 91786.82,
              "Plan Rows": 1,
              "Plan Width": 8,
              "Actual Startup Time": 578.204,
              "Actual Total Time": 578.21,
              "Actual Rows": 1,
              "Actual Loops": 4,
              "Plans": [
                {
                  "Node Type": "Hash Join",
                  "Parent Relationship": "Outer",
                  "Parallel Aware": true,
                  "Join Type": "Inner",
                  "Startup Cost": 63715.56,
                  "Total Cost": 91273.72,
                  "Plan Rows": 205234,
                  "Plan Width": 0,
                  "Actual Startup Time": 453.902,
                  "Actual Total Time": 569.69,
                  "Actual Rows": 161178,
                  "Actual Loops": 4,
                  "Inner Unique": true,
                  "Hash Cond": "(mk.movie_id = t.id)",
                  "Plans": [
                    {
                      "Node Type": "Bitmap Heap Scan",
                      "Parent Relationship": "Outer",
                      "Parallel Aware": true,
                      "Relation Name": "movie_keyword",
                      "Alias": "mk",
                      "Startup Cost": 13495.18,
                      "Total Cost": 40514.6,
                      "Plan Rows": 205234,
                      "Plan Width": 4,
                      "Actual Startup Time": 44.046,
                      "Actual Total Time": 105.559,
                      "Actual Rows": 161178,
                      "Actual Loops": 4,
                      "Recheck Cond": "(keyword_id > 29028)",
                      "Rows Removed by Index Recheck": 0,
                      "Exact Heap Blocks": 5132,
                      "Lossy Heap Blocks": 0,
                      "Plans": [
                        {
                          "Node Type": "Bitmap Index Scan",
                          "Parent Relationship": "Outer",
                          "Parallel Aware": false,
                          "Index Name": "keyword_id_movie_keyword",
                          "Startup Cost": 0.0,
                          "Total Cost": 13336.12,
                          "Plan Rows": 636225,
                          "Plan Width": 0,
                          "Actual Startup Time": 40.547,
                          "Actual Total Time": 40.548,
                          "Actual Rows": 644711,
                          "Actual Loops": 1,
                          "Index Cond": "(keyword_id > 29028)"
                        }
                      ]
                    },
                    {
                      "Node Type": "Hash",
                      "Parent Relationship": "Inner",
                      "Parallel Aware": true,
                      "Startup Cost": 42319.06,
                      "Total Cost": 42319.06,
                      "Plan Rows": 632106,
                      "Plan Width": 4,
                      "Actual Startup Time": 401.173,
                      "Actual Total Time": 401.174,
                      "Actual Rows": 632078,
                      "Actual Loops": 4,
                      "Hash Buckets": 4194304,
                      "Original Hash Buckets": 4194304,
                      "Hash Batches": 1,
                      "Original Hash Batches": 1,
                      "Peak Memory Usage": 131712,
                      "Plans": [
                        {
                          "Node Type": "Seq Scan",
                          "Parent Relationship": "Outer",
                          "Parallel Aware": true,
                          "Relation Name": "title",
                          "Alias": "t",
                          "Startup Cost": 0.0,
                          "Total Cost": 42319.06,
                          "Plan Rows": 632106,
                          "Plan Width": 4,
                          "Actual Startup Time": 0.046,
                          "Actual Total Time": 122.166,
                          "Actual Rows": 632078,
                          "Actual Loops": 4
                        }
                      ]
                    }
                  ]
                }
              ]
            }
          ]
        }
      ]
    },
    "Planning Time": 0.323,
    "Triggers": [],
    "Execution Time": 621.828
  }
]