[
  {
    "Plan": {
      "Node Type": "Aggregate",
      "Strategy": "Plain",
      "Partial Mode": "Finalize",
      "Parallel Aware": false,
      "Startup Cost": 378717.76,
      "Total Cost": 378717.77,
      "Plan Rows": 1,
      "Plan Width": 8,
      "Actual Startup Time": 737.436,
      "Actual Total Time": 766.789,
      "Actual Rows": 1,
      "Actual Loops": 1,
      "Plans": [
        {
          "Node Type": "Gather",
          "Parent Relationship": "Outer",
          "Parallel Aware": false,
          "Startup Cost": 378717.13,
          "Total Cost": 378717.74,
          "Plan Rows": 6,
          "Plan Width": 8,
          "Actual Startup Time": 733.128,
          "Actual Total Time": 766.783,
          "Actual Rows": 7,
          "Actual Loops": 1,
          "Workers Planned": 6,
          "Workers Launched": 6,
          "Single Copy": false,
          "Plans": [
            {
              "Node Type": "Aggregate",
              "Strategy": "Plain",
              "Partial Mode": "Partial",
              "Parent Relationship": "Outer",
              "Parallel Aware": false,
              "Startup Cost": 377717.13,
              "Total Cost": 377717.14,
              "Plan Rows": 1,
              "Plan Width": 8,
              "Actual Startup Time": 724.603,
              "Actual Total Time": 724.606,
              "Actual Rows": 1,
              "Actual Loops": 7,
              "Plans": [
                {
                  "Node Type": "Hash Join",
                  "Parent Relationship": "Outer",
                  "Parallel Aware": true,
                  "Join Type": "Inner",
                  "Startup Cost": 46862.51,
                  "Total Cost": 377339.7,
                  "Plan Rows": 150973,
                  "Plan Width": 0,
                  "Actual Startup Time": 425.953,
                  "Actual Total Time": 717.018,
                  "Actual Rows": 149230,
                  "Actual Loops": 7,
                  "Inner Unique": true,
                  "Hash Cond": "(ci.movie_id = t.id)",
                  "Plans": [
                    {
                      "Node Type": "Seq Scan",
                      "Parent Relationship": "Outer",
                      "Parallel Aware": true,
                      "Relation Name": "cast_info",
                      "Alias": "ci",
                      "Startup Cost": 0.0,
                      "Total Cost": 328213.62,
                      "Plan Rows": 862314,
                      "Plan Width": 4,
                      "Actual Startup Time": 333.724,
                      "Actual Total Time": 483.51,
                      "Actual Rows": 735060,
                      "Actual Loops": 7,
                      "Filter": "(person_id > 3151922)",
                      "Rows Removed by Filter": 4442704
                    },
                    {
                      "Node Type": "Hash",
                      "Parent Relationship": "Inner",
                      "Parallel Aware": true,
                      "Startup Cost": 45479.21,
                      "Total Cost": 45479.21,
                      "Plan Rows": 110664,
                      "Plan Width": 4,
                      "Actual Startup Time": 90.813,
                      "Actual Total Time": 90.814,
                      "Actual Rows": 67703,
                      "Actual Loops": 7,
                      "Hash Buckets": 524288,
                      "Original Hash Buckets": 524288,
                      "Hash Batches": 1,
                      "Original Hash Batches": 1,
                      "Peak Memory Usage": 22784,
                      "Plans": [
                        {
                          "Node Type": "Seq Scan",
                          "Parent Relationship": "Outer",
                          "Parallel Aware": true,
                          "Relation Name": "title",
                          "Alias": "t",
                          "Startup Cost": 0.0,
                          "Total Cost": 45479.21,
                          "Plan Rows": 110664,
                          "Plan Width": 4,
                          "Actual Startup Time": 39.985,
                          "Actual Total Time": 67.504,
                          "Actual Rows": 67703,
                          "Actual Loops": 7,
                          "Filter": "((production_year < 2008) AND (kind_id = 1))",
                          "Rows Removed by Filter": 293485
                        }
                      ]
                    }
                  ]
                }
              ]
            }
          ]
        }
      ]
    },
    "Planning Time": 0.21,
    "Triggers": [],
    "Execution Time": 766.822
  }
]