[
  {
    "Plan": {
      "Node Type": "Aggregate",
      "Strategy": "Plain",
      "Partial Mode": "Finalize",
      "Parallel Aware": false,
      "Startup Cost": 378706.43,
      "Total Cost": 378706.44,
      "Plan Rows": 1,
      "Plan Width": 8,
      "Actual Startup Time": 836.384,
      "Actual Total Time": 899.174,
      "Actual Rows": 1,
      "Actual Loops": 1,
      "Plans": [
        {
          "Node Type": "Gather",
          "Parent Relationship": "Outer",
          "Parallel Aware": false,
          "Startup Cost": 378705.81,
          "Total Cost": 378706.42,
          "Plan Rows": 6,
          "Plan Width": 8,
          "Actual Startup Time": 834.667,
          "Actual Total Time": 899.16,
          "Actual Rows": 7,
          "Actual Loops": 1,
          "Workers Planned": 6,
          "Workers Launched": 6,
          "Single Copy": false,
          "Plans": [
            {
              "Node Type": "Aggregate",
              "Strategy": "Plain",
              "Partial Mode": "Partial",
              "Parent Relationship": "Outer",
              "Parallel Aware": false,
              "Startup Cost": 377705.81,
              "Total Cost": 377705.82,
              "Plan Rows": 1,
              "Plan Width": 8,
              "Actual Startup Time": 824.734,
              "Actual Total Time": 824.736,
              "Actual Rows": 1,
              "Actual Loops": 7,
              "Plans": [
                {
                  "Node Type": "Hash Join",
                  "Parent Relationship": "Outer",
                  "Parallel Aware": true,
                  "Join Type": "Inner",
                  "Startup Cost": 46847.91,
                  "Total Cost": 377323.99,
                  "Plan Rows": 152726,
                  "Plan Width": 0,
                  "Actual Startup Time": 479.597,
                  "Actual Total Time": 817.705,
                  "Actual Rows": 149230,
                  "Actual Loops": 7,
                  "Inner Unique": true,
                  "Hash Cond": "(ci.movie_id = t.id)",
                  "Plans": [
                    {
                      "Node Type": "Seq Scan",
                      "Parent Relationship": "Outer",
                      "Parallel Aware": true,
                      "Relation Name": "cast_info",
                      "Alias": "ci",
                      "Startup Cost": 0.0,
                      "Total Cost": 328162.03,
                      "Plan Rows": 881546,
                      "Plan Width": 4,
                      "Actual Startup Time": 365.527,
                      "Actual Total Time": 534.529,
                      "Actual Rows": 735060,
                      "Actual Loops": 7,
                      "Filter": "(person_id > 3151922)",
                      "Rows Removed by Filter": 4442704
                    },
                    {
                      "Node Type": "Hash",
                      "Parent Relationship": "Inner",
                      "Parallel Aware": true,
                      "Startup Cost": 45479.1,
                      "Total Cost": 45479.1,
                      "Plan Rows": 109505,
                      "Plan Width": 4,
                      "Actual Startup Time": 111.572,
                      "Actual Total Time": 111.572,
                      "Actual Rows": 67703,
                      "Actual Loops": 7,
                      "Hash Buckets": 524288,
                      "Original Hash Buckets": 524288,
                      "Hash Batches": 1,
                      "Original Hash Batches": 1,
                      "Peak Memory Usage": 22720,
                      "Plans": [
                        {
                          "Node Type": "Seq Scan",
                          "Parent Relationship": "Outer",
                          "Parallel Aware": true,
                          "Relation Name": "title",
                          "Alias": "t",
                          "Startup Cost": 0.0,
                          "Total Cost": 45479.1,
                          "Plan Rows": 109505,
                          "Plan Width": 4,
                          "Actual Startup Time": 51.319,
                          "Actual Total Time": 81.739,
                          "Actual Rows": 67703,
                          "Actual Loops": 7,
                          "Filter": "((production_year < 2008) AND (kind_id = 1))",
                          "Rows Removed by Filter": 293485
                        }
                      ]
                    }
                  ]
                }
              ]
            }
          ]
        }
      ]
    },
    "Planning Time": 0.613,
    "Triggers": [],
    "Execution Time": 899.262
  }
]