{
  "Plan": {
    "Node Type": "Aggregate",
    "Strategy": "Plain",
    "Partial Mode": "Finalize",
    "Parallel Aware": false,
    "Startup Cost": 833986.93,
    "Total Cost": 833986.94,
    "Plan Rows": 1,
    "Plan Width": 8,
    "Actual Startup Time": 5872.89,
    "Actual Total Time": 5941.335,
    "Actual Rows": 1,
    "Actual Loops": 1,
    "Plans": [
      {
        "Node Type": "Gather",
        "Parent Relationship": "Outer",
        "Parallel Aware": false,
        "Startup Cost": 833986.82,
        "Total Cost": 833986.93,
        "Plan Rows": 1,
        "Plan Width": 8,
        "Actual Startup Time": 5863.012,
        "Actual Total Time": 5941.325,
        "Actual Rows": 2,
        "Actual Loops": 1,
        "Workers Planned": 1,
        "Workers Launched": 1,
        "Single Copy": false,
        "Plans": [
          {
            "Node Type": "Aggregate",
            "Strategy": "Plain",
            "Partial Mode": "Partial",
            "Parent Relationship": "Outer",
            "Parallel Aware": false,
            "Startup Cost": 832986.82,
            "Total Cost": 832986.83,
            "Plan Rows": 1,
            "Plan Width": 8,
            "Actual Startup Time": 5843.941,
            "Actual Total Time": 5844.147,
            "Actual Rows": 1,
            "Actual Loops": 2,
            "Plans": [
              {
                "Node Type": "Hash Join",
                "Parent Relationship": "Outer",
                "Parallel Aware": true,
                "Join Type": "Inner",
                "Startup Cost": 639509.26,
                "Total Cost": 829203.24,
                "Plan Rows": 1513431,
                "Plan Width": 0,
                "Actual Startup Time": 5264.792,
                "Actual Total Time": 5774.13,
                "Actual Rows": 1750218,
                "Actual Loops": 2,
                "Inner Unique": false,
                "Hash Cond": "(mi.movie_id = t.id)",
                "Plans": [
                  {
                    "Node Type": "Bitmap Heap Scan",
                    "Parent Relationship": "Outer",
                    "Parallel Aware": true,
                    "Relation Name": "movie_info",
                    "Alias": "mi",
                    "Startup Cost": 23159.21,
                    "Total Cost": 194551.43,
                    "Plan Rows": 751938,
                    "Plan Width": 4,
                    "Actual Startup Time": 42.65,
                    "Actual Total Time": 100.026,
                    "Actual Rows": 649494,
                    "Actual Loops": 2,
                    "Recheck Cond": "(info_type_id = 4)",
                    "Rows Removed by Index Recheck": 0,
                    "Exact Heap Blocks": 4386,
                    "Lossy Heap Blocks": 0,
                    "Plans": [
                      {
                        "Node Type": "Bitmap Index Scan",
                        "Parent Relationship": "Outer",
                        "Parallel Aware": false,
                        "Index Name": "info_type_id_movie_info",
                        "Startup Cost": 0.0,
                        "Total Cost": 22839.64,
                        "Plan Rows": 1278294,
                        "Plan Width": 0,
                        "Actual Startup Time": 41.436,
                        "Actual Total Time": 41.436,
                        "Actual Rows": 1298989,
                        "Actual Loops": 1,
                        "Index Cond": "(info_type_id = 4)"
                      }
                    ]
                  },
                  {
                    "Node Type": "Hash",
                    "Parent Relationship": "Inner",
                    "Parallel Aware": true,
                    "Startup Cost": 578933.02,
                    "Total Cost": 578933.02,
                    "Plan Rows": 2993362,
                    "Plan Width": 8,
                    "Actual Startup Time": 5184.849,
                    "Actual Total Time": 5185.053,
                    "Actual Rows": 1993339,
                    "Actual Loops": 2,
                    "Hash Buckets": 8388608,
                    "Original Hash Buckets": 8388608,
                    "Hash Batches": 1,
                    "Original Hash Batches": 1,
                    "Peak Memory Usage": 221536,
                    "Plans": [
                      {
                        "Node Type": "Hash Join",
                        "Parent Relationship": "Outer",
                        "Parallel Aware": true,
                        "Join Type": "Inner",
                        "Startup Cost": 57199.66,
                        "Total Cost": 578933.02,
                        "Plan Rows": 2993362,
                        "Plan Width": 8,
                        "Actual Startup Time": 182.017,
                        "Actual Total Time": 4496.181,
                        "Actual Rows": 1993339,
                        "Actual Loops": 2,
                        "Inner Unique": true,
                        "Hash Cond": "(ci.movie_id = t.id)",
                        "Plans": [
                          {
                            "Node Type": "Seq Scan",
                            "Parent Relationship": "Outer",
                            "Parallel Aware": true,
                            "Relation Name": "cast_info",
                            "Alias": "ci",
                            "Startup Cost": 0.0,
                            "Total Cost": 465792.95,
                            "Plan Rows": 21310595,
                            "Plan Width": 4,
                            "Actual Startup Time": 0.013,
                            "Actual Total Time": 1399.209,
                            "Actual Rows": 18122172,
                            "Actual Loops": 2
                          },
                          {
                            "Node Type": "Hash",
                            "Parent Relationship": "Inner",
                            "Parallel Aware": true,
                            "Startup Cost": 54588.39,
                            "Total Cost": 54588.39,
                            "Plan Rows": 208902,
                            "Plan Width": 4,
                            "Actual Startup Time": 180.481,
                            "Actual Total Time": 180.481,
                            "Actual Rows": 183215,
                            "Actual Loops": 2,
                            "Hash Buckets": 524288,
                            "Original Hash Buckets": 524288,
                            "Hash Batches": 1,
                            "Original Hash Batches": 1,
                            "Peak Memory Usage": 18464,
                            "Plans": [
                              {
                                "Node Type": "Seq Scan",
                                "Parent Relationship": "Outer",
                                "Parallel Aware": true,
                                "Relation Name": "title",
                                "Alias": "t",
                                "Startup Cost": 0.0,
                                "Total Cost": 54588.39,
                                "Plan Rows": 208902,
                                "Plan Width": 4,
                                "Actual Startup Time": 0.033,
                                "Actual Total Time": 137.561,
                                "Actual Rows": 183215,
                                "Actual Loops": 2,
                                "Filter": "(production_year < 1970)",
                                "Rows Removed by Filter": 1080941
                              }
                            ]
                          }
                        ]
                      }
                    ]
                  }
                ]
              }
            ]
          }
        ]
      }
    ]
  },
  "Planning Time": 1.002,
  "Triggers": [],
  "Execution Time": 5941.447
}