[
  {
    "Plan": {
      "Node Type": "Aggregate",
      "Strategy": "Plain",
      "Partial Mode": "Finalize",
      "Parallel Aware": false,
      "Startup Cost": 91062.65,
      "Total Cost": 91062.66,
      "Plan Rows": 1,
      "Plan Width": 8,
      "Actual Startup Time": 295.276,
      "Actual Total Time": 312.114,
      "Actual Rows": 1,
      "Actual Loops": 1,
      "Plans": [
        {
          "Node Type": "Gather",
          "Parent Relationship": "Outer",
          "Parallel Aware": false,
          "Startup Cost": 91062.33,
          "Total Cost": 91062.64,
          "Plan Rows": 3,
          "Plan Width": 8,
          "Actual Startup Time": 294.624,
          "Actual Total Time": 312.092,
          "Actual Rows": 4,
          "Actual Loops": 1,
          "Workers Planned": 3,
          "Workers Launched": 3,
          "Single Copy": false,
          "Plans": [
            {
              "Node Type": "Aggregate",
              "Strategy": "Plain",
              "Partial Mode": "Partial",
              "Parent Relationship": "Outer",
              "Parallel Aware": false,
              "Startup Cost": 90062.33,
              "Total Cost": 90062.34,
              "Plan Rows": 1,
              "Plan Width": 8,
              "Actual Startup Time": 287.338,
              "Actual Total Time": 287.34,
              "Actual Rows": 1,
              "Actual Loops": 4,
              "Plans": [
                {
                  "Node Type": "Hash Join",
                  "Parent Relationship": "Outer",
                  "Parallel Aware": true,
                  "Join Type": "Inner",
                  "Startup Cost": 44349.55,
                  "Total Cost": 89907.02,
                  "Plan Rows": 62123,
                  "Plan Width": 0,
                  "Actual Startup Time": 111.481,
                  "Actual Total Time": 283.406,
                  "Actual Rows": 87082,
                  "Actual Loops": 4,
                  "Inner Unique": true,
                  "Hash Cond": "(mk.movie_id = t.id)",
                  "Plans": [
                    {
                      "Node Type": "Seq Scan",
                      "Parent Relationship": "Outer",
                      "Parallel Aware": true,
                      "Relation Name": "movie_keyword",
                      "Alias": "mk",
                      "Startup Cost": 0.0,
                      "Total Cost": 42695.65,
                      "Plan Rows": 1090218,
                      "Plan Width": 4,
                      "Actual Startup Time": 0.028,
                      "Actual Total Time": 109.38,
                      "Actual Rows": 844311,
                      "Actual Loops": 4,
                      "Filter": "(keyword_id < 16264)",
                      "Rows Removed by Filter": 286671
                    },
                    {
                      "Node Type": "Hash",
                      "Parent Relationship": "Inner",
                      "Parallel Aware": true,
                      "Startup Cost": 43899.32,
                      "Total Cost": 43899.32,
                      "Plan Rows": 36018,
                      "Plan Width": 4,
                      "Actual Startup Time": 102.753,
                      "Actual Total Time": 102.754,
                      "Actual Rows": 38802,
                      "Actual Loops": 4,
                      "Hash Buckets": 262144,
                      "Original Hash Buckets": 262144,
                      "Hash Batches": 1,
                      "Original Hash Batches": 1,
                      "Peak Memory Usage": 8192,
                      "Plans": [
                        {
                          "Node Type": "Seq Scan",
                          "Parent Relationship": "Outer",
                          "Parallel Aware": true,
                          "Relation Name": "title",
                          "Alias": "t",
                          "Startup Cost": 0.0,
                          "Total Cost": 43899.32,
                          "Plan Rows": 36018,
                          "Plan Width": 4,
                          "Actual Startup Time": 4.529,
                          "Actual Total Time": 91.606,
                          "Actual Rows": 38802,
                          "Actual Loops": 4,
                          "Filter": "(production_year < 1947)",
                          "Rows Removed by Filter": 593276
                        }
                      ]
                    }
                  ]
                }
              ]
            }
          ]
        }
      ]
    },
    "Planning Time": 0.364,
    "Triggers": [],
    "Execution Time": 312.161
  }
]