[
  {
    "Plan": {
      "Node Type": "Aggregate",
      "Strategy": "Plain",
      "Partial Mode": "Finalize",
      "Parallel Aware": false,
      "Startup Cost": 91096.75,
      "Total Cost": 91096.76,
      "Plan Rows": 1,
      "Plan Width": 8,
      "Actual Startup Time": 292.301,
      "Actual Total Time": 311.075,
      "Actual Rows": 1,
      "Actual Loops": 1,
      "Plans": [
        {
          "Node Type": "Gather",
          "Parent Relationship": "Outer",
          "Parallel Aware": false,
          "Startup Cost": 91096.43,
          "Total Cost": 91096.74,
          "Plan Rows": 3,
          "Plan Width": 8,
          "Actual Startup Time": 291.429,
          "Actual Total Time": 311.066,
          "Actual Rows": 4,
          "Actual Loops": 1,
          "Workers Planned": 3,
          "Workers Launched": 3,
          "Single Copy": false,
          "Plans": [
            {
              "Node Type": "Aggregate",
              "Strategy": "Plain",
              "Partial Mode": "Partial",
              "Parent Relationship": "Outer",
              "Parallel Aware": false,
              "Startup Cost": 90096.43,
              "Total Cost": 90096.44,
              "Plan Rows": 1,
              "Plan Width": 8,
              "Actual Startup Time": 282.702,
              "Actual Total Time": 282.705,
              "Actual Rows": 1,
              "Actual Loops": 4,
              "Plans": [
                {
                  "Node Type": "Hash Join",
                  "Parent Relationship": "Outer",
                  "Parallel Aware": true,
                  "Join Type": "Inner",
                  "Startup Cost": 44374.93,
                  "Total Cost": 89932.23,
                  "Plan Rows": 65680,
                  "Plan Width": 0,
                  "Actual Startup Time": 111.578,
                  "Actual Total Time": 279.066,
                  "Actual Rows": 87082,
                  "Actual Loops": 4,
                  "Inner Unique": true,
                  "Hash Cond": "(mk.movie_id = t.id)",
                  "Plans": [
                    {
                      "Node Type": "Seq Scan",
                      "Parent Relationship": "Outer",
                      "Parallel Aware": true,
                      "Relation Name": "movie_keyword",
                      "Alias": "mk",
                      "Startup Cost": 0.0,
                      "Total Cost": 42695.65,
                      "Plan Rows": 1090153,
                      "Plan Width": 4,
                      "Actual Startup Time": 0.026,
                      "Actual Total Time": 106.878,
                      "Actual Rows": 844311,
                      "Actual Loops": 4,
                      "Filter": "(keyword_id < 16264)",
                      "Rows Removed by Filter": 286671
                    },
                    {
                      "Node Type": "Hash",
                      "Parent Relationship": "Inner",
                      "Parallel Aware": true,
                      "Startup Cost": 43898.92,
                      "Total Cost": 43898.92,
                      "Plan Rows": 38081,
                      "Plan Width": 4,
                      "Actual Startup Time": 105.136,
                      "Actual Total Time": 105.137,
                      "Actual Rows": 38802,
                      "Actual Loops": 4,
                      "Hash Buckets": 262144,
                      "Original Hash Buckets": 262144,
                      "Hash Batches": 1,
                      "Original Hash Batches": 1,
                      "Peak Memory Usage": 8160,
                      "Plans": [
                        {
                          "Node Type": "Seq Scan",
                          "Parent Relationship": "Outer",
                          "Parallel Aware": true,
                          "Relation Name": "title",
                          "Alias": "t",
                          "Startup Cost": 0.0,
                          "Total Cost": 43898.92,
                          "Plan Rows": 38081,
                          "Plan Width": 4,
                          "Actual Startup Time": 3.877,
                          "Actual Total Time": 93.247,
                          "Actual Rows": 38802,
                          "Actual Loops": 4,
                          "Filter": "(production_year < 1947)",
                          "Rows Removed by Filter": 593276
                        }
                      ]
                    }
                  ]
                }
              ]
            }
          ]
        }
      ]
    },
    "Planning Time": 0.673,
    "Triggers": [],
    "Execution Time": 311.145
  }
]