[
  {
    "Plan": {
      "Node Type": "Aggregate",
      "Strategy": "Plain",
      "Partial Mode": "Finalize",
      "Parallel Aware": false,
      "Startup Cost": 33066.92,
      "Total Cost": 33066.93,
      "Plan Rows": 1,
      "Plan Width": 8,
      "Actual Startup Time": 112.772,
      "Actual Total Time": 123.763,
      "Actual Rows": 1,
      "Actual Loops": 1,
      "Plans": [
        {
          "Node Type": "Gather",
          "Parent Relationship": "Outer",
          "Parallel Aware": false,
          "Startup Cost": 33066.6,
          "Total Cost": 33066.91,
          "Plan Rows": 3,
          "Plan Width": 8,
          "Actual Startup Time": 112.648,
          "Actual Total Time": 123.753,
          "Actual Rows": 4,
          "Actual Loops": 1,
          "Workers Planned": 3,
          "Workers Launched": 3,
          "Single Copy": false,
          "Plans": [
            {
              "Node Type": "Aggregate",
              "Strategy": "Plain",
              "Partial Mode": "Partial",
              "Parent Relationship": "Outer",
              "Parallel Aware": false,
              "Startup Cost": 32066.6,
              "Total Cost": 32066.61,
              "Plan Rows": 1,
              "Plan Width": 8,
              "Actual Startup Time": 104.67,
              "Actual Total Time": 104.671,
              "Actual Rows": 1,
              "Actual Loops": 4,
              "Plans": [
                {
                  "Node Type": "Seq Scan",
                  "Parent Relationship": "Outer",
                  "Parallel Aware": true,
                  "Relation Name": "movie_companies",
                  "Alias": "mc",
                  "Startup Cost": 0.0,
                  "Total Cost": 31414.82,
                  "Plan Rows": 260714,
                  "Plan Width": 0,
                  "Actual Startup Time": 56.378,
                  "Actual Total Time": 97.71,
                  "Actual Rows": 126302,
                  "Actual Loops": 4,
                  "Filter": "((company_id < 15652) AND (company_type_id = 2))",
                  "Rows Removed by Filter": 525981
                }
              ]
            }
          ]
        }
      ]
    },
    "Planning Time": 0.233,
    "Triggers": [],
    "Execution Time": 123.83
  }
]