[
  {
    "Plan": {
      "Node Type": "Aggregate",
      "Strategy": "Plain",
      "Partial Mode": "Finalize",
      "Parallel Aware": false,
      "Startup Cost": 82786.29,
      "Total Cost": 82786.3,
      "Plan Rows": 1,
      "Plan Width": 8,
      "Actual Startup Time": 211.412,
      "Actual Total Time": 231.367,
      "Actual Rows": 1,
      "Actual Loops": 1,
      "Plans": [
        {
          "Node Type": "Gather",
          "Parent Relationship": "Outer",
          "Parallel Aware": false,
          "Startup Cost": 82785.97,
          "Total Cost": 82786.28,
          "Plan Rows": 3,
          "Plan Width": 8,
          "Actual Startup Time": 210.672,
          "Actual Total Time": 231.358,
          "Actual Rows": 4,
          "Actual Loops": 1,
          "Workers Planned": 3,
          "Workers Launched": 3,
          "Single Copy": false,
          "Plans": [
            {
              "Node Type": "Aggregate",
              "Strategy": "Plain",
              "Partial Mode": "Partial",
              "Parent Relationship": "Outer",
              "Parallel Aware": false,
              "Startup Cost": 81785.97,
              "Total Cost": 81785.98,
              "Plan Rows": 1,
              "Plan Width": 8,
              "Actual Startup Time": 206.568,
              "Actual Total Time": 206.572,
              "Actual Rows": 1,
              "Actual Loops": 4,
              "Plans": [
                {
                  "Node Type": "Hash Join",
                  "Parent Relationship": "Outer",
                  "Parallel Aware": true,
                  "Join Type": "Inner",
                  "Startup Cost": 55150.69,
                  "Total Cost": 81775.5,
                  "Plan Rows": 4187,
                  "Plan Width": 0,
                  "Actual Startup Time": 131.331,
                  "Actual Total Time": 206.51,
                  "Actual Rows": 463,
                  "Actual Loops": 4,
                  "Inner Unique": true,
                  "Hash Cond": "(mk.movie_id = t.id)",
                  "Plans": [
                    {
                      "Node Type": "Bitmap Heap Scan",
                      "Parent Relationship": "Outer",
                      "Parallel Aware": true,
                      "Relation Name": "movie_keyword",
                      "Alias": "mk",
                      "Startup Cost": 9440.62,
                      "Total Cost": 35688.68,
                      "Plan Rows": 143525,
                      "Plan Width": 4,
                      "Actual Startup Time": 31.961,
                      "Actual Total Time": 90.384,
                      "Actual Rows": 110406,
                      "Actual Loops": 4,
                      "Recheck Cond": "(keyword_id > 39981)",
                      "Rows Removed by Index Recheck": 0,
                      "Exact Heap Blocks": 7353,
                      "Lossy Heap Blocks": 0,
                      "Plans": [
                        {
                          "Node Type": "Bitmap Index Scan",
                          "Parent Relationship": "Outer",
                          "Parallel Aware": false,
                          "Index Name": "keyword_id_movie_keyword",
                          "Startup Cost": 0.0,
                          "Total Cost": 9329.39,
                          "Plan Rows": 444927,
                          "Plan Width": 0,
                          "Actual Startup Time": 28.578,
                          "Actual Total Time": 28.579,
                          "Actual Rows": 441625,
                          "Actual Loops": 1,
                          "Index Cond": "(keyword_id > 39981)"
                        }
                      ]
                    },
                    {
                      "Node Type": "Hash",
                      "Parent Relationship": "Inner",
                      "Parallel Aware": true,
                      "Startup Cost": 45479.59,
                      "Total Cost": 45479.59,
                      "Plan Rows": 18439,
                      "Plan Width": 4,
                      "Actual Startup Time": 98.305,
                      "Actual Total Time": 98.306,
                      "Actual Rows": 21019,
                      "Actual Loops": 4,
                      "Hash Buckets": 131072,
                      "Original Hash Buckets": 131072,
                      "Hash Batches": 1,
                      "Original Hash Batches": 1,
                      "Peak Memory Usage": 4384,
                      "Plans": [
                        {
                          "Node Type": "Seq Scan",
                          "Parent Relationship": "Outer",
                          "Parallel Aware": true,
                          "Relation Name": "title",
                          "Alias": "t",
                          "Startup Cost": 0.0,
                          "Total Cost": 45479.59,
                          "Plan Rows": 18439,
                          "Plan Width": 4,
                          "Actual Startup Time": 0.024,
                          "Actual Total Time": 90.996,
                          "Actual Rows": 21019,
                          "Actual Loops": 4,
                          "Filter": "((kind_id = 7) AND (production_year = 2007))",
                          "Rows Removed by Filter": 611059
                        }
                      ]
                    }
                  ]
                }
              ]
            }
          ]
        }
      ]
    },
    "Planning Time": 0.397,
    "Triggers": [],
    "Execution Time": 231.432
  }
]