[
  {
    "Plan": {
      "Node Type": "Aggregate",
      "Strategy": "Plain",
      "Partial Mode": "Finalize",
      "Parallel Aware": false,
      "Startup Cost": 70853.6,
      "Total Cost": 70853.61,
      "Plan Rows": 1,
      "Plan Width": 8,
      "Actual Startup Time": 113.45,
      "Actual Total Time": 127.842,
      "Actual Rows": 1,
      "Actual Loops": 1,
      "Plans": [
        {
          "Node Type": "Gather",
          "Parent Relationship": "Outer",
          "Parallel Aware": false,
          "Startup Cost": 70853.18,
          "Total Cost": 70853.59,
          "Plan Rows": 4,
          "Plan Width": 8,
          "Actual Startup Time": 113.32,
          "Actual Total Time": 127.833,
          "Actual Rows": 5,
          "Actual Loops": 1,
          "Workers Planned": 4,
          "Workers Launched": 4,
          "Single Copy": false,
          "Plans": [
            {
              "Node Type": "Aggregate",
              "Strategy": "Plain",
              "Partial Mode": "Partial",
              "Parent Relationship": "Outer",
              "Parallel Aware": false,
              "Startup Cost": 69853.18,
              "Total Cost": 69853.19,
              "Plan Rows": 1,
              "Plan Width": 8,
              "Actual Startup Time": 103.539,
              "Actual Total Time": 103.54,
              "Actual Rows": 1,
              "Actual Loops": 5,
              "Plans": [
                {
                  "Node Type": "Nested Loop",
                  "Parent Relationship": "Outer",
                  "Parallel Aware": false,
                  "Join Type": "Inner",
                  "Startup Cost": 0.43,
                  "Total Cost": 69850.0,
                  "Plan Rows": 1271,
                  "Plan Width": 0,
                  "Actual Startup Time": 0.665,
                  "Actual Total Time": 103.389,
                  "Actual Rows": 986,
                  "Actual Loops": 5,
                  "Inner Unique": false,
                  "Plans": [
                    {
                      "Node Type": "Seq Scan",
                      "Parent Relationship": "Outer",
                      "Parallel Aware": true,
                      "Relation Name": "title",
                      "Alias": "t",
                      "Startup Cost": 0.0,
                      "Total Cost": 45479.1,
                      "Plan Rows": 2502,
                      "Plan Width": 4,
                      "Actual Startup Time": 0.084,
                      "Actual Total Time": 84.063,
                      "Actual Rows": 2029,
                      "Actual Loops": 5,
                      "Filter": "((kind_id > 1) AND (production_year = 1978))",
                      "Rows Removed by Filter": 503633
                    },
                    {
                      "Node Type": "Index Scan",
                      "Parent Relationship": "Inner",
                      "Parallel Aware": false,
                      "Scan Direction": "Forward",
                      "Index Name": "movie_id_movie_companies",
                      "Relation Name": "movie_companies",
                      "Alias": "mc",
                      "Startup Cost": 0.43,
                      "Total Cost": 9.71,
                      "Plan Rows": 3,
                      "Plan Width": 4,
                      "Actual Startup Time": 0.008,
                      "Actual Total Time": 0.009,
                      "Actual Rows": 0,
                      "Actual Loops": 10147,
                      "Index Cond": "(movie_id = t.id)",
                      "Rows Removed by Index Recheck": 0,
                      "Filter": "(company_type_id = 1)",
                      "Rows Removed by Filter": 1
                    }
                  ]
                }
              ]
            }
          ]
        }
      ]
    },
    "Planning Time": 0.623,
    "Triggers": [],
    "Execution Time": 127.912
  }
]