[
  {
    "Plan": {
      "Node Type": "Aggregate",
      "Strategy": "Plain",
      "Partial Mode": "Finalize",
      "Parallel Aware": false,
      "Startup Cost": 44873.38,
      "Total Cost": 44873.39,
      "Plan Rows": 1,
      "Plan Width": 8,
      "Actual Startup Time": 134.291,
      "Actual Total Time": 145.395,
      "Actual Rows": 1,
      "Actual Loops": 1,
      "Plans": [
        {
          "Node Type": "Gather",
          "Parent Relationship": "Outer",
          "Parallel Aware": false,
          "Startup Cost": 44873.06,
          "Total Cost": 44873.37,
          "Plan Rows": 3,
          "Plan Width": 8,
          "Actual Startup Time": 134.113,
          "Actual Total Time": 145.383,
          "Actual Rows": 4,
          "Actual Loops": 1,
          "Workers Planned": 3,
          "Workers Launched": 3,
          "Single Copy": false,
          "Plans": [
            {
              "Node Type": "Aggregate",
              "Strategy": "Plain",
              "Partial Mode": "Partial",
              "Parent Relationship": "Outer",
              "Parallel Aware": false,
              "Startup Cost": 43873.06,
              "Total Cost": 43873.07,
              "Plan Rows": 1,
              "Plan Width": 8,
              "Actual Startup Time": 130.354,
              "Actual Total Time": 130.355,
              "Actual Rows": 1,
              "Actual Loops": 4,
              "Plans": [
                {
                  "Node Type": "Seq Scan",
                  "Parent Relationship": "Outer",
                  "Parallel Aware": true,
                  "Relation Name": "movie_keyword",
                  "Alias": "mk",
                  "Startup Cost": 0.0,
                  "Total Cost": 42695.65,
                  "Plan Rows": 470962,
                  "Plan Width": 0,
                  "Actual Startup Time": 0.735,
                  "Actual Total Time": 111.938,
                  "Actual Rows": 363640,
                  "Actual Loops": 4,
                  "Filter": "(keyword_id > 11467)",
                  "Rows Removed by Filter": 767343
                }
              ]
            }
          ]
        }
      ]
    },
    "Planning Time": 0.094,
    "Triggers": [],
    "Execution Time": 145.428
  }
]