[
  {
    "Plan": {
      "Node Type": "Aggregate",
      "Strategy": "Plain",
      "Partial Mode": "Finalize",
      "Parallel Aware": false,
      "Startup Cost": 96067.1,
      "Total Cost": 96067.11,
      "Plan Rows": 1,
      "Plan Width": 8,
      "Actual Startup Time": 367.946,
      "Actual Total Time": 401.387,
      "Actual Rows": 1,
      "Actual Loops": 1,
      "Plans": [
        {
          "Node Type": "Gather",
          "Parent Relationship": "Outer",
          "Parallel Aware": false,
          "Startup Cost": 96066.78,
          "Total Cost": 96067.09,
          "Plan Rows": 3,
          "Plan Width": 8,
          "Actual Startup Time": 363.139,
          "Actual Total Time": 401.377,
          "Actual Rows": 4,
          "Actual Loops": 1,
          "Workers Planned": 3,
          "Workers Launched": 3,
          "Single Copy": false,
          "Plans": [
            {
              "Node Type": "Aggregate",
              "Strategy": "Plain",
              "Partial Mode": "Partial",
              "Parent Relationship": "Outer",
              "Parallel Aware": false,
              "Startup Cost": 95066.78,
              "Total Cost": 95066.79,
              "Plan Rows": 1,
              "Plan Width": 8,
              "Actual Startup Time": 350.614,
              "Actual Total Time": 350.618,
              "Actual Rows": 1,
              "Actual Loops": 4,
              "Plans": [
                {
                  "Node Type": "Nested Loop",
                  "Parent Relationship": "Outer",
                  "Parallel Aware": false,
                  "Join Type": "Inner",
                  "Startup Cost": 49571.32,
                  "Total Cost": 94997.5,
                  "Plan Rows": 27714,
                  "Plan Width": 0,
                  "Actual Startup Time": 239.046,
                  "Actual Total Time": 350.189,
                  "Actual Rows": 5172,
                  "Actual Loops": 4,
                  "Inner Unique": false,
                  "Plans": [
                    {
                      "Node Type": "Hash Join",
                      "Parent Relationship": "Outer",
                      "Parallel Aware": true,
                      "Join Type": "Inner",
                      "Startup Cost": 49570.76,
                      "Total Cost": 75095.09,
                      "Plan Rows": 8013,
                      "Plan Width": 8,
                      "Actual Startup Time": 238.89,
                      "Actual Total Time": 262.602,
                      "Actual Rows": 2200,
                      "Actual Loops": 4,
                      "Inner Unique": true,
                      "Hash Cond": "(mk.movie_id = t.id)",
                      "Plans": [
                        {
                          "Node Type": "Bitmap Heap Scan",
                          "Parent Relationship": "Outer",
                          "Parallel Aware": true,
                          "Relation Name": "movie_keyword",
                          "Alias": "mk",
                          "Startup Cost": 869.14,
                          "Total Cost": 26358.87,
                          "Plan Rows": 13183,
                          "Plan Width": 4,
                          "Actual Startup Time": 4.321,
                          "Actual Total Time": 19.166,
                          "Actual Rows": 10460,
                          "Actual Loops": 4,
                          "Recheck Cond": "(keyword_id = 117)",
                          "Rows Removed by Index Recheck": 0,
                          "Exact Heap Blocks": 6007,
                          "Lossy Heap Blocks": 0,
                          "Plans": [
                            {
                              "Node Type": "Bitmap Index Scan",
                              "Parent Relationship": "Outer",
                              "Parallel Aware": false,
                              "Index Name": "keyword_id_movie_keyword",
                              "Startup Cost": 0.0,
                              "Total Cost": 858.93,
                              "Plan Rows": 40866,
                              "Plan Width": 0,
                              "Actual Startup Time": 2.772,
                              "Actual Total Time": 2.773,
                              "Actual Rows": 41840,
                              "Actual Loops": 1,
                              "Index Cond": "(keyword_id = 117)"
                            }
                          ]
                        },
                        {
                          "Node Type": "Hash",
                          "Parent Relationship": "Inner",
                          "Parallel Aware": true,
                          "Startup Cost": 43898.92,
                          "Total Cost": 43898.92,
                          "Plan Rows": 384216,
                          "Plan Width": 4,
                          "Actual Startup Time": 227.018,
                          "Actual Total Time": 227.019,
                          "Actual Rows": 385816,
                          "Actual Loops": 4,
                          "Hash Buckets": 2097152,
                          "Original Hash Buckets": 2097152,
                          "Hash Batches": 1,
                          "Original Hash Batches": 1,
                          "Peak Memory Usage": 76800,
                          "Plans": [
                            {
                              "Node Type": "Seq Scan",
                              "Parent Relationship": "Outer",
                              "Parallel Aware": true,
                              "Relation Name": "title",
                              "Alias": "t",
                              "Startup Cost": 0.0,
                              "Total Cost": 43898.92,
                              "Plan Rows": 384216,
                              "Plan Width": 4,
                              "Actual Startup Time": 0.034,
                              "Actual Total Time": 97.452,
                              "Actual Rows": 385816,
                              "Actual Loops": 4,
                              "Filter": "(kind_id = 7)",
                              "Rows Removed by Filter": 246262
                            }
                          ]
                        }
                      ]
                    },
                    {
                      "Node Type": "Index Scan",
                      "Parent Relationship": "Inner",
                      "Parallel Aware": false,
                      "Scan Direction": "Forward",
                      "Index Name": "movie_id_cast_info",
                      "Relation Name": "cast_info",
                      "Alias": "ci",
                      "Startup Cost": 0.56,
                      "Total Cost": 2.39,
                      "Plan Rows": 9,
                      "Plan Width": 4,
                      "Actual Startup Time": 0.017,
                      "Actual Total Time": 0.039,
                      "Actual Rows": 2,
                      "Actual Loops": 8798,
                      "Index Cond": "(movie_id = t.id)",
                      "Rows Removed by Index Recheck": 0,
                      "Filter": "((person_id > 1065956) AND (role_id = 1))",
                      "Rows Removed by Filter": 15
                    }
                  ]
                }
              ]
            }
          ]
        }
      ]
    },
    "Planning Time": 1.365,
    "Triggers": [],
    "Execution Time": 401.511
  }
]