[
  {
    "Plan": {
      "Node Type": "Aggregate",
      "Strategy": "Plain",
      "Partial Mode": "Finalize",
      "Parallel Aware": false,
      "Startup Cost": 289664.06,
      "Total Cost": 289664.07,
      "Plan Rows": 1,
      "Plan Width": 8,
      "Actual Startup Time": 1096.592,
      "Actual Total Time": 1146.676,
      "Actual Rows": 1,
      "Actual Loops": 1,
      "Plans": [
        {
          "Node Type": "Gather",
          "Parent Relationship": "Outer",
          "Parallel Aware": false,
          "Startup Cost": 289663.54,
          "Total Cost": 289664.05,
          "Plan Rows": 5,
          "Plan Width": 8,
          "Actual Startup Time": 1088.824,
          "Actual Total Time": 1146.654,
          "Actual Rows": 6,
          "Actual Loops": 1,
          "Workers Planned": 5,
          "Workers Launched": 5,
          "Single Copy": false,
          "Plans": [
            {
              "Node Type": "Aggregate",
              "Strategy": "Plain",
              "Partial Mode": "Partial",
              "Parent Relationship": "Outer",
              "Parallel Aware": false,
              "Startup Cost": 288663.54,
              "Total Cost": 288663.55,
              "Plan Rows": 1,
              "Plan Width": 8,
              "Actual Startup Time": 1078.48,
              "Actual Total Time": 1078.584,
              "Actual Rows": 1,
              "Actual Loops": 6,
              "Plans": [
                {
                  "Node Type": "Hash Join",
                  "Parent Relationship": "Outer",
                  "Parallel Aware": true,
                  "Join Type": "Inner",
                  "Startup Cost": 82153.59,
                  "Total Cost": 286732.6,
                  "Plan Rows": 772373,
                  "Plan Width": 0,
                  "Actual Startup Time": 292.08,
                  "Actual Total Time": 1036.995,
                  "Actual Rows": 911453,
                  "Actual Loops": 6,
                  "Inner Unique": false,
                  "Hash Cond": "(mi.movie_id = t.id)",
                  "Plans": [
                    {
                      "Node Type": "Seq Scan",
                      "Parent Relationship": "Outer",
                      "Parallel Aware": true,
                      "Relation Name": "movie_info",
                      "Alias": "mi",
                      "Startup Cost": 0.0,
                      "Total Cost": 191560.33,
                      "Plan Rows": 2956733,
                      "Plan Width": 4,
                      "Actual Startup Time": 0.029,
                      "Actual Total Time": 304.735,
                      "Actual Rows": 2472620,
                      "Actual Loops": 6
                    },
                    {
                      "Node Type": "Hash",
                      "Parent Relationship": "Inner",
                      "Parallel Aware": true,
                      "Startup Cost": 80089.66,
                      "Total Cost": 80089.66,
                      "Plan Rows": 165114,
                      "Plan Width": 8,
                      "Actual Startup Time": 287.399,
                      "Actual Total Time": 287.502,
                      "Actual Rows": 70480,
                      "Actual Loops": 6,
                      "Hash Buckets": 1048576,
                      "Original Hash Buckets": 1048576,
                      "Hash Batches": 1,
                      "Original Hash Batches": 1,
                      "Peak Memory Usage": 24832,
                      "Plans": [
                        {
                          "Node Type": "Hash Join",
                          "Parent Relationship": "Outer",
                          "Parallel Aware": true,
                          "Join Type": "Inner",
                          "Startup Cost": 34077.94,
                          "Total Cost": 80089.66,
                          "Plan Rows": 165114,
                          "Plan Width": 8,
                          "Actual Startup Time": 101.273,
                          "Actual Total Time": 255.928,
                          "Actual Rows": 70480,
                          "Actual Loops": 6,
                          "Inner Unique": false,
                          "Hash Cond": "(t.id = mc.movie_id)",
                          "Plans": [
                            {
                              "Node Type": "Seq Scan",
                              "Parent Relationship": "Outer",
                              "Parallel Aware": true,
                              "Relation Name": "title",
                              "Alias": "t",
                              "Startup Cost": 0.0,
                              "Total Cost": 42318.73,
                              "Plan Rows": 632073,
                              "Plan Width": 4,
                              "Actual Startup Time": 0.015,
                              "Actual Total Time": 59.812,
                              "Actual Rows": 421385,
                              "Actual Loops": 6
                            },
                            {
                              "Node Type": "Hash",
                              "Parent Relationship": "Inner",
                              "Parallel Aware": true,
                              "Startup Cost": 31414.82,
                              "Total Cost": 31414.82,
                              "Plan Rows": 213050,
                              "Plan Width": 4,
                              "Actual Startup Time": 99.375,
                              "Actual Total Time": 99.376,
                              "Actual Rows": 70480,
                              "Actual Loops": 6,
                              "Hash Buckets": 1048576,
                              "Original Hash Buckets": 1048576,
                              "Hash Batches": 1,
                              "Original Hash Batches": 1,
                              "Peak Memory Usage": 24832,
                              "Plans": [
                                {
                                  "Node Type": "Seq Scan",
                                  "Parent Relationship": "Outer",
                                  "Parallel Aware": true,
                                  "Relation Name": "movie_companies",
                                  "Alias": "mc",
                                  "Startup Cost": 0.0,
                                  "Total Cost": 31414.82,
                                  "Plan Rows": 213050,
                                  "Plan Width": 4,
                                  "Actual Startup Time": 42.295,
                                  "Actual Total Time": 66.863,
                                  "Actual Rows": 70480,
                                  "Actual Loops": 6,
                                  "Filter": "((company_id < 11264) AND (company_type_id > 1))",
                                  "Rows Removed by Filter": 364374
                                }
                              ]
                            }
                          ]
                        }
                      ]
                    }
                  ]
                }
              ]
            }
          ]
        }
      ]
    },
    "Planning Time": 1.456,
    "Triggers": [],
    "Execution Time": 1146.774
  }
]