{
  "Plan": {
    "Node Type": "Aggregate",
    "Strategy": "Plain",
    "Partial Mode": "Finalize",
    "Parallel Aware": false,
    "Startup Cost": 355608.25,
    "Total Cost": 355608.26,
    "Plan Rows": 1,
    "Plan Width": 8,
    "Actual Startup Time": 218.733,
    "Actual Total Time": 249.636,
    "Actual Rows": 1,
    "Actual Loops": 1,
    "Plans": [
      {
        "Node Type": "Gather",
        "Parent Relationship": "Outer",
        "Parallel Aware": false,
        "Startup Cost": 355608.14,
        "Total Cost": 355608.25,
        "Plan Rows": 1,
        "Plan Width": 8,
        "Actual Startup Time": 218.627,
        "Actual Total Time": 249.629,
        "Actual Rows": 2,
        "Actual Loops": 1,
        "Workers Planned": 1,
        "Workers Launched": 1,
        "Single Copy": false,
        "Plans": [
          {
            "Node Type": "Aggregate",
            "Strategy": "Plain",
            "Partial Mode": "Partial",
            "Parent Relationship": "Outer",
            "Parallel Aware": false,
            "Startup Cost": 354608.14,
            "Total Cost": 354608.15,
            "Plan Rows": 1,
            "Plan Width": 8,
            "Actual Startup Time": 215.807,
            "Actual Total Time": 215.808,
            "Actual Rows": 1,
            "Actual Loops": 2,
            "Plans": [
              {
                "Node Type": "Nested Loop",
                "Parent Relationship": "Outer",
                "Parallel Aware": false,
                "Join Type": "Inner",
                "Startup Cost": 0.56,
                "Total Cost": 354584.6,
                "Plan Rows": 9415,
                "Plan Width": 0,
                "Actual Startup Time": 1.343,
                "Actual Total Time": 215.211,
                "Actual Rows": 8108,
                "Actual Loops": 2,
                "Inner Unique": false,
                "Plans": [
                  {
                    "Node Type": "Seq Scan",
                    "Parent Relationship": "Outer",
                    "Parallel Aware": true,
                    "Relation Name": "title",
                    "Alias": "t",
                    "Startup Cost": 0.0,
                    "Total Cost": 58306.47,
                    "Plan Rows": 2508,
                    "Plan Width": 4,
                    "Actual Startup Time": 1.014,
                    "Actual Total Time": 121.594,
                    "Actual Rows": 2481,
                    "Actual Loops": 2,
                    "Filter": "((kind_id < 7) AND (production_year = 1964))",
                    "Rows Removed by Filter": 1261675
                  },
                  {
                    "Node Type": "Index Scan",
                    "Parent Relationship": "Inner",
                    "Parallel Aware": false,
                    "Scan Direction": "Forward",
                    "Index Name": "movie_id_cast_info",
                    "Relation Name": "cast_info",
                    "Alias": "ci",
                    "Startup Cost": 0.56,
                    "Total Cost": 118.03,
                    "Plan Rows": 10,
                    "Plan Width": 4,
                    "Actual Startup Time": 0.032,
                    "Actual Total Time": 0.037,
                    "Actual Rows": 3,
                    "Actual Loops": 4962,
                    "Index Cond": "(movie_id = t.id)",
                    "Rows Removed by Index Recheck": 0,
                    "Filter": "(role_id > 4)",
                    "Rows Removed by Filter": 11
                  }
                ]
              }
            ]
          }
        ]
      }
    ]
  },
  "Planning Time": 0.259,
  "Triggers": [],
  "Execution Time": 249.687
}