[
  {
    "Plan": {
      "Node Type": "Aggregate",
      "Strategy": "Plain",
      "Partial Mode": "Finalize",
      "Parallel Aware": false,
      "Startup Cost": 30775.06,
      "Total Cost": 30775.07,
      "Plan Rows": 1,
      "Plan Width": 8,
      "Actual Startup Time": 72.311,
      "Actual Total Time": 80.258,
      "Actual Rows": 1,
      "Actual Loops": 1,
      "Plans": [
        {
          "Node Type": "Gather",
          "Parent Relationship": "Outer",
          "Parallel Aware": false,
          "Startup Cost": 30774.75,
          "Total Cost": 30775.06,
          "Plan Rows": 3,
          "Plan Width": 8,
          "Actual Startup Time": 72.158,
          "Actual Total Time": 80.25,
          "Actual Rows": 4,
          "Actual Loops": 1,
          "Workers Planned": 3,
          "Workers Launched": 3,
          "Single Copy": false,
          "Plans": [
            {
              "Node Type": "Aggregate",
              "Strategy": "Plain",
              "Partial Mode": "Partial",
              "Parent Relationship": "Outer",
              "Parallel Aware": false,
              "Startup Cost": 29774.75,
              "Total Cost": 29774.76,
              "Plan Rows": 1,
              "Plan Width": 8,
              "Actual Startup Time": 68.86,
              "Actual Total Time": 68.861,
              "Actual Rows": 1,
              "Actual Loops": 4,
              "Plans": [
                {
                  "Node Type": "Seq Scan",
                  "Parent Relationship": "Outer",
                  "Parallel Aware": true,
                  "Relation Name": "movie_companies",
                  "Alias": "mc",
                  "Startup Cost": 0.0,
                  "Total Cost": 29310.68,
                  "Plan Rows": 185626,
                  "Plan Width": 0,
                  "Actual Startup Time": 32.645,
                  "Actual Total Time": 62.745,
                  "Actual Rows": 142532,
                  "Actual Loops": 4,
                  "Filter": "(company_id > 71368)",
                  "Rows Removed by Filter": 509750
                }
              ]
            }
          ]
        }
      ]
    },
    "Planning Time": 0.1,
    "Triggers": [],
    "Execution Time": 80.29
  }
]