[
  {
    "Plan": {
      "Node Type": "Aggregate",
      "Strategy": "Plain",
      "Partial Mode": "Finalize",
      "Parallel Aware": false,
      "Startup Cost": 338424.85,
      "Total Cost": 338424.86,
      "Plan Rows": 1,
      "Plan Width": 8,
      "Actual Startup Time": 498.134,
      "Actual Total Time": 519.587,
      "Actual Rows": 1,
      "Actual Loops": 1,
      "Plans": [
        {
          "Node Type": "Gather",
          "Parent Relationship": "Outer",
          "Parallel Aware": false,
          "Startup Cost": 338424.23,
          "Total Cost": 338424.84,
          "Plan Rows": 6,
          "Plan Width": 8,
          "Actual Startup Time": 498.022,
          "Actual Total Time": 519.579,
          "Actual Rows": 7,
          "Actual Loops": 1,
          "Workers Planned": 6,
          "Workers Launched": 6,
          "Single Copy": false,
          "Plans": [
            {
              "Node Type": "Aggregate",
              "Strategy": "Plain",
              "Partial Mode": "Partial",
              "Parent Relationship": "Outer",
              "Parallel Aware": false,
              "Startup Cost": 337424.23,
              "Total Cost": 337424.24,
              "Plan Rows": 1,
              "Plan Width": 8,
              "Actual Startup Time": 489.196,
              "Actual Total Time": 489.197,
              "Actual Rows": 1,
              "Actual Loops": 7,
              "Plans": [
                {
                  "Node Type": "Index Scan",
                  "Parent Relationship": "Outer",
                  "Parallel Aware": true,
                  "Scan Direction": "Forward",
                  "Index Name": "role_id_cast_info",
                  "Relation Name": "cast_info",
                  "Alias": "ci",
                  "Startup Cost": 0.56,
                  "Total Cost": 335235.55,
                  "Plan Rows": 875472,
                  "Plan Width": 0,
                  "Actual Startup Time": 0.103,
                  "Actual Total Time": 411.236,
                  "Actual Rows": 1564245,
                  "Actual Loops": 7,
                  "Index Cond": "(role_id = 1)",
                  "Rows Removed by Index Recheck": 0,
                  "Filter": "(person_id < 1498883)",
                  "Rows Removed by Filter": 245853
                }
              ]
            }
          ]
        }
      ]
    },
    "Planning Time": 0.16,
    "Triggers": [],
    "Execution Time": 519.644
  }
]