[
  {
    "Plan": {
      "Node Type": "Aggregate",
      "Strategy": "Plain",
      "Partial Mode": "Simple",
      "Parallel Aware": false,
      "Startup Cost": 1678299.25,
      "Total Cost": 1678299.26,
      "Plan Rows": 1,
      "Plan Width": 64,
      "Actual Startup Time": 10704.247,
      "Actual Total Time": 10704.537,
      "Actual Rows": 1,
      "Actual Loops": 1,
      "Plans": [
        {
          "Node Type": "Merge Join",
          "Parent Relationship": "Outer",
          "Parallel Aware": false,
          "Join Type": "Inner",
          "Startup Cost": 1561735.04,
          "Total Cost": 1678298.76,
          "Plan Rows": 98,
          "Plan Width": 15,
          "Actual Startup Time": 8841.23,
          "Actual Total Time": 10688.806,
          "Actual Rows": 258289,
          "Actual Loops": 1,
          "Inner Unique": false,
          "Merge Cond": "(t.id = ci.movie_id)",
          "Plans": [
            {
              "Node Type": "Index Only Scan",
              "Parent Relationship": "Outer",
              "Parallel Aware": false,
              "Scan Direction": "Forward",
              "Index Name": "title_pkey",
              "Relation Name": "title",
              "Alias": "t",
              "Startup Cost": 0.43,
              "Total Cost": 110348.87,
              "Plan Rows": 2528252,
              "Plan Width": 4,
              "Actual Startup Time": 0.023,
              "Actual Total Time": 1654.492,
              "Actual Rows": 2524892,
              "Actual Loops": 1,
              "Heap Fetches": 2524892
            },
            {
              "Node Type": "Sort",
              "Parent Relationship": "Inner",
              "Parallel Aware": false,
              "Startup Cost": 1561731.89,
              "Total Cost": 1561732.13,
              "Plan Rows": 98,
              "Plan Width": 27,
              "Actual Startup Time": 8828.303,
              "Actual Total Time": 8867.316,
              "Actual Rows": 258289,
              "Actual Loops": 1,
              "Sort Key": [
                "ci.movie_id"
              ],
              "Sort Method": "quicksort",
              "Sort Space Used": 26323,
              "Sort Space Type": "Memory",
              "Plans": [
                {
                  "Node Type": "Merge Join",
                  "Parent Relationship": "Outer",
                  "Parallel Aware": false,
                  "Join Type": "Inner",
                  "Startup Cost": 1549043.65,
                  "Total Cost": 1561728.65,
                  "Plan Rows": 98,
                  "Plan Width": 27,
                  "Actual Startup Time": 8438.359,
                  "Actual Total Time": 8751.962,
                  "Actual Rows": 258289,
                  "Actual Loops": 1,
                  "Inner Unique": false,
                  "Merge Cond": "(cn.id = mc.company_id)",
                  "Plans": [
                    {
                      "Node Type": "Index Scan",
                      "Parent Relationship": "Outer",
                      "Parallel Aware": false,
                      "Scan Direction": "Forward",
                      "Index Name": "company_name_pkey",
                      "Relation Name": "company_name",
                      "Alias": "cn",
                      "Startup Cost": 0.42,
                      "Total Cost": 12474.79,
                      "Plan Rows": 84928,
                      "Plan Width": 4,
                      "Actual Startup Time": 0.017,
                      "Actual Total Time": 166.134,
                      "Actual Rows": 84843,
                      "Actual Loops": 1,
                      "Filter": "((country_code)::text = '[us]'::text)",
                      "Rows Removed by Filter": 150154
                    },
                    {
                      "Node Type": "Sort",
                      "Parent Relationship": "Inner",
                      "Parallel Aware": false,
                      "Startup Cost": 1549043.23,
                      "Total Cost": 1549043.91,
                      "Plan Rows": 272,
                      "Plan Width": 31,
                      "Actual Startup Time": 8438.323,
                      "Actual Total Time": 8513.827,
                      "Actual Rows": 702849,
                      "Actual Loops": 1,
                      "Sort Key": [
                        "mc.company_id"
                      ],
                      "Sort Method": "quicksort",
                      "Sort Space Used": 79491,
                      "Sort Space Type": "Memory",
                      "Plans": [
                        {
                          "Node Type": "Merge Join",
                          "Parent Relationship": "Outer",
                          "Parallel Aware": false,
                          "Join Type": "Inner",
                          "Startup Cost": 1401624.93,
                          "Total Cost": 1549032.23,
                          "Plan Rows": 272,
                          "Plan Width": 31,
                          "Actual Startup Time": 7212.738,
                          "Actual Total Time": 8233.391,
                          "Actual Rows": 702849,
                          "Actual Loops": 1,
                          "Inner Unique": false,
                          "Merge Cond": "(mc.movie_id = ci.movie_id)",
                          "Plans": [
                            {
                              "Node Type": "Index Scan",
                              "Parent Relationship": "Outer",
                              "Parallel Aware": false,
                              "Scan Direction": "Forward",
                              "Index Name": "movie_id_movie_companies",
                              "Relation Name": "movie_companies",
                              "Alias": "mc",
                              "Startup Cost": 0.43,
                              "Total Cost": 140880.84,
                              "Plan Rows": 2609129,
                              "Plan Width": 8,
                              "Actual Startup Time": 0.012,
                              "Actual Total Time": 711.785,
                              "Actual Rows": 2608947,
                              "Actual Loops": 1
                            },
                            {
                              "Node Type": "Sort",
                              "Parent Relationship": "Inner",
                              "Parallel Aware": false,
                              "Startup Cost": 1401624.5,
                              "Total Cost": 1401624.75,
                              "Plan Rows": 101,
                              "Plan Width": 23,
                              "Actual Startup Time": 7212.3,
                              "Actual Total Time": 7263.184,
                              "Actual Rows": 708419,
                              "Actual Loops": 1,
                              "Sort Key": [
                                "ci.movie_id"
                              ],
                              "Sort Method": "quicksort",
                              "Sort Space Used": 10350,
                              "Sort Space Type": "Memory",
                              "Plans": [
                                {
                                  "Node Type": "Merge Join",
                                  "Parent Relationship": "Outer",
                                  "Parallel Aware": false,
                                  "Join Type": "Inner",
                                  "Startup Cost": 1399971.98,
                                  "Total Cost": 1401621.14,
                                  "Plan Rows": 101,
                                  "Plan Width": 23,
                                  "Actual Startup Time": 6819.291,
                                  "Actual Total Time": 7183.806,
                                  "Actual Rows": 93315,
                                  "Actual Loops": 1,
                                  "Inner Unique": true,
                                  "Merge Cond": "(ci.person_id = n.id)",
                                  "Plans": [
                                    {
                                      "Node Type": "Sort",
                                      "Parent Relationship": "Outer",
                                      "Parallel Aware": false,
                                      "Startup Cost": 1265742.53,
                                      "Total Cost": 1265745.67,
                                      "Plan Rows": 1255,
                                      "Plan Width": 12,
                                      "Actual Startup Time": 6483.787,
                                      "Actual Total Time": 6690.717,
                                      "Actual Rows": 1038393,
                                      "Actual Loops": 1,
                                      "Sort Key": [
                                        "ci.person_id"
                                      ],
                                      "Sort Method": "quicksort",
                                      "Sort Space Used": 73251,
                                      "Sort Space Type": "Memory",
                                      "Plans": [
                                        {
                                          "Node Type": "Gather Merge",
                                          "Parent Relationship": "Outer",
                                          "Parallel Aware": false,
                                          "Startup Cost": 1235315.7,
                                          "Total Cost": 1265677.94,
                                          "Plan Rows": 1255,
                                          "Plan Width": 12,
                                          "Actual Startup Time": 4393.694,
                                          "Actual Total Time": 6168.404,
                                          "Actual Rows": 1038393,
                                          "Actual Loops": 1,
                                          "Workers Planned": 6,
                                          "Workers Launched": 6,
                                          "Plans": [
                                            {
                                              "Node Type": "Merge Join",
                                              "Parent Relationship": "Outer",
                                              "Parallel Aware": false,
                                              "Join Type": "Inner",
                                              "Startup Cost": 1234315.61,
                                              "Total Cost": 1264525.31,
                                              "Plan Rows": 209,
                                              "Plan Width": 12,
                                              "Actual Startup Time": 4201.658,
                                              "Actual Total Time": 5587.539,
                                              "Actual Rows": 148342,
                                              "Actual Loops": 7,
                                              "Inner Unique": false,
                                              "Merge Cond": "(ci.movie_id = mk.movie_id)",
                                              "Plans": [
                                                {
                                                  "Node Type": "Sort",
                                                  "Parent Relationship": "Outer",
                                                  "Parallel Aware": false,
                                                  "Startup Cost": 993845.26,
                                                  "Total Cost": 1008954.3,
                                                  "Plan Rows": 6043616,
                                                  "Plan Width": 8,
                                                  "Actual Startup Time": 3772.224,
                                                  "Actual Total Time": 4662.987,
                                                  "Actual Rows": 5177575,
                                                  "Actual Loops": 7,
                                                  "Sort Key": [
                                                    "ci.movie_id"
                                                  ],
                                                  "Sort Method": "quicksort",
                                                  "Sort Space Used": 496774,
                                                  "Sort Space Type": "Memory",
                                                  "Workers": [
                                                    {
                                                      "Worker Number": 0,
                                                      "Sort Method": "quicksort",
                                                      "Sort Space Used": 419763,
                                                      "Sort Space Type": "Memory"
                                                    },
                                                    {
                                                      "Worker Number": 1,
                                                      "Sort Method": "quicksort",
                                                      "Sort Space Used": 419847,
                                                      "Sort Space Type": "Memory"
                                                    },
                                                    {
                                                      "Worker Number": 2,
                                                      "Sort Method": "quicksort",
                                                      "Sort Space Used": 422406,
                                                      "Sort Space Type": "Memory"
                                                    },
                                                    {
                                                      "Worker Number": 3,
                                                      "Sort Method": "quicksort",
                                                      "Sort Space Used": 416819,
                                                      "Sort Space Type": "Memory"
                                                    },
                                                    {
                                                      "Worker Number": 4,
                                                      "Sort Method": "quicksort",
                                                      "Sort Space Used": 485146,
                                                      "Sort Space Type": "Memory"
                                                    },
                                                    {
                                                      "Worker Number": 5,
                                                      "Sort Method": "quicksort",
                                                      "Sort Space Used": 414458,
                                                      "Sort Space Type": "Memory"
                                                    }
                                                  ],
                                                  "Plans": [
                                                    {
                                                      "Node Type": "Seq Scan",
                                                      "Parent Relationship": "Outer",
                                                      "Parallel Aware": true,
                                                      "Relation Name": "cast_info",
                                                      "Alias": "ci",
                                                      "Startup Cost": 0.0,
                                                      "Total Cost": 313123.16,
                                                      "Plan Rows": 6043616,
                                                      "Plan Width": 8,
                                                      "Actual Startup Time": 0.08,
                                                      "Actual Total Time": 1230.146,
                                                      "Actual Rows": 5177763,
                                                      "Actual Loops": 7
                                                    }
                                                  ]
                                                },
                                                {
                                                  "Node Type": "Sort",
                                                  "Parent Relationship": "Inner",
                                                  "Parallel Aware": false,
                                                  "Startup Cost": 240463.55,
                                                  "Total Cost": 240463.64,
                                                  "Plan Rows": 34,
                                                  "Plan Width": 4,
                                                  "Actual Startup Time": 429.217,
                                                  "Actual Total Time": 438.406,
                                                  "Actual Rows": 158802,
                                                  "Actual Loops": 7,
                                                  "Sort Key": [
                                                    "mk.movie_id"
                                                  ],
                                                  "Sort Method": "quicksort",
                                                  "Sort Space Used": 3498,
                                                  "Sort Space Type": "Memory",
                                                  "Workers": [
                                                    {
                                                      "Worker Number": 0,
                                                      "Sort Method": "quicksort",
                                                      "Sort Space Used": 3498,
                                                      "Sort Space Type": "Memory"
                                                    },
                                                    {
                                                      "Worker Number": 1,
                                                      "Sort Method": "quicksort",
                                                      "Sort Space Used": 3498,
                                                      "Sort Space Type": "Memory"
                                                    },
                                                    {
                                                      "Worker Number": 2,
                                                      "Sort Method": "quicksort",
                                                      "Sort Space Used": 3498,
                                                      "Sort Space Type": "Memory"
                                                    },
                                                    {
                                                      "Worker Number": 3,
                                                      "Sort Method": "quicksort",
                                                      "Sort Space Used": 3498,
                                                      "Sort Space Type": "Memory"
                                                    },
                                                    {
                                                      "Worker Number": 4,
                                                      "Sort Method": "quicksort",
                                                      "Sort Space Used": 3498,
                                                      "Sort Space Type": "Memory"
                                                    },
                                                    {
                                                      "Worker Number": 5,
                                                      "Sort Method": "quicksort",
                                                      "Sort Space Used": 3498,
                                                      "Sort Space Type": "Memory"
                                                    }
                                                  ],
                                                  "Plans": [
                                                    {
                                                      "Node Type": "Merge Join",
                                                      "Parent Relationship": "Outer",
                                                      "Parallel Aware": false,
                                                      "Join Type": "Inner",
                                                      "Startup Cost": 3271.69,
                                                      "Total Cost": 240462.69,
                                                      "Plan Rows": 34,
                                                      "Plan Width": 4,
                                                      "Actual Startup Time": 376.434,
                                                      "Actual Total Time": 418.637,
                                                      "Actual Rows": 41840,
                                                      "Actual Loops": 7,
                                                      "Inner Unique": true,
                                                      "Merge Cond": "(mk.keyword_id = k.id)",
                                                      "Plans": [
                                                        {
                                                          "Node Type": "Index Scan",
                                                          "Parent Relationship": "Outer",
                                                          "Parallel Aware": false,
                                                          "Scan Direction": "Forward",
                                                          "Index Name": "keyword_id_movie_keyword",
                                                          "Relation Name": "movie_keyword",
                                                          "Alias": "mk",
                                                          "Startup Cost": 0.43,
                                                          "Total Cost": 226526.38,
                                                          "Plan Rows": 4523930,
                                                          "Plan Width": 8,
                                                          "Actual Startup Time": 0.079,
                                                          "Actual Total Time": 381.054,
                                                          "Actual Rows": 163762,
                                                          "Actual Loops": 7
                                                        },
                                                        {
                                                          "Node Type": "Sort",
                                                          "Parent Relationship": "Inner",
                                                          "Parallel Aware": false,
                                                          "Startup Cost": 2626.14,
                                                          "Total Cost": 2626.14,
                                                          "Plan Rows": 1,
                                                          "Plan Width": 4,
                                                          "Actual Startup Time": 15.636,
                                                          "Actual Total Time": 15.638,
                                                          "Actual Rows": 1,
                                                          "Actual Loops": 7,
                                                          "Sort Key": [
                                                            "k.id"
                                                          ],
                                                          "Sort Method": "quicksort",
                                                          "Sort Space Used": 25,
                                                          "Sort Space Type": "Memory",
                                                          "Workers": [
                                                            {
                                                              "Worker Number": 0,
                                                              "Sort Method": "quicksort",
                                                              "Sort Space Used": 25,
                                                              "Sort Space Type": "Memory"
                                                            },
                                                            {
                                                              "Worker Number": 1,
                                                              "Sort Method": "quicksort",
                                                              "Sort Space Used": 25,
                                                              "Sort Space Type": "Memory"
                                                            },
                                                            {
                                                              "Worker Number": 2,
                                                              "Sort Method": "quicksort",
                                                              "Sort Space Used": 25,
                                                              "Sort Space Type": "Memory"
                                                            },
                                                            {
                                                              "Worker Number": 3,
                                                              "Sort Method": "quicksort",
                                                              "Sort Space Used": 25,
                                                              "Sort Space Type": "Memory"
                                                            },
                                                            {
                                                              "Worker Number": 4,
                                                              "Sort Method": "quicksort",
                                                              "Sort Space Used": 25,
                                                              "Sort Space Type": "Memory"
                                                            },
                                                            {
                                                              "Worker Number": 5,
                                                              "Sort Method": "quicksort",
                                                              "Sort Space Used": 25,
                                                              "Sort Space Type": "Memory"
                                                            }
                                                          ],
                                                          "Plans": [
                                                            {
                                                              "Node Type": "Seq Scan",
                                                              "Parent Relationship": "Outer",
                                                              "Parallel Aware": false,
                                                              "Relation Name": "keyword",
                                                              "Alias": "k",
                                                              "Startup Cost": 0.0,
                                                              "Total Cost": 2626.12,
                                                              "Plan Rows": 1,
                                                              "Plan Width": 4,
                                                              "Actual Startup Time": 0.782,
                                                              "Actual Total Time": 15.627,
                                                              "Actual Rows": 1,
                                                              "Actual Loops": 7,
                                                              "Filter": "(keyword = 'character-name-in-title'::text)",
                                                              "Rows Removed by Filter": 134169
                                                            }
                                                          ]
                                                        }
                                                      ]
                                                    }
                                                  ]
                                                }
                                              ]
                                            }
                                          ]
                                        }
                                      ]
                                    },
                                    {
                                      "Node Type": "Sort",
                                      "Parent Relationship": "Inner",
                                      "Parallel Aware": false,
                                      "Startup Cost": 134229.24,
                                      "Total Cost": 135071.15,
                                      "Plan Rows": 336761,
                                      "Plan Width": 19,
                                      "Actual Startup Time": 328.315,
                                      "Actual Total Time": 368.591,
                                      "Actual Rows": 334765,
                                      "Actual Loops": 1,
                                      "Sort Key": [
                                        "n.id"
                                      ],
                                      "Sort Method": "quicksort",
                                      "Sort Space Used": 37686,
                                      "Sort Space Type": "Memory",
                                      "Plans": [
                                        {
                                          "Node Type": "Gather",
                                          "Parent Relationship": "Outer",
                                          "Parallel Aware": false,
                                          "Startup Cost": 1000.0,
                                          "Total Cost": 103312.28,
                                          "Plan Rows": 336761,
                                          "Plan Width": 19,
                                          "Actual Startup Time": 12.039,
                                          "Actual Total Time": 236.21,
                                          "Actual Rows": 343399,
                                          "Actual Loops": 1,
                                          "Workers Planned": 4,
                                          "Workers Launched": 4,
                                          "Single Copy": false,
                                          "Plans": [
                                            {
                                              "Node Type": "Seq Scan",
                                              "Parent Relationship": "Outer",
                                              "Parallel Aware": true,
                                              "Relation Name": "name",
                                              "Alias": "n",
                                              "Startup Cost": 0.0,
                                              "Total Cost": 68636.18,
                                              "Plan Rows": 84190,
                                              "Plan Width": 19,
                                              "Actual Startup Time": 2.607,
                                              "Actual Total Time": 223.389,
                                              "Actual Rows": 68680,
                                              "Actual Loops": 5,
                                              "Filter": "(name ~~ 'B%'::text)",
                                              "Rows Removed by Filter": 764818
                                            }
                                          ]
                                        }
                                      ]
                                    }
                                  ]
                                }
                              ]
                            }
                          ]
                        }
                      ]
                    }
                  ]
                }
              ]
            }
          ]
        }
      ]
    },
    "Planning Time": 6.215,
    "Triggers": [],
    "Execution Time": 10763.691
  }
]