{
  "Plan": {
    "Node Type": "Aggregate",
    "Strategy": "Plain",
    "Partial Mode": "Finalize",
    "Parallel Aware": false,
    "Startup Cost": 84561.24,
    "Total Cost": 84561.25,
    "Plan Rows": 1,
    "Plan Width": 8,
    "Actual Startup Time": 386.998,
    "Actual Total Time": 401.529,
    "Actual Rows": 1,
    "Actual Loops": 1,
    "Plans": [
      {
        "Node Type": "Gather",
        "Parent Relationship": "Outer",
        "Parallel Aware": false,
        "Startup Cost": 84561.13,
        "Total Cost": 84561.24,
        "Plan Rows": 1,
        "Plan Width": 8,
        "Actual Startup Time": 386.38,
        "Actual Total Time": 401.519,
        "Actual Rows": 2,
        "Actual Loops": 1,
        "Workers Planned": 1,
        "Workers Launched": 1,
        "Single Copy": false,
        "Plans": [
          {
            "Node Type": "Aggregate",
            "Strategy": "Plain",
            "Partial Mode": "Partial",
            "Parent Relationship": "Outer",
            "Parallel Aware": false,
            "Startup Cost": 83561.13,
            "Total Cost": 83561.14,
            "Plan Rows": 1,
            "Plan Width": 8,
            "Actual Startup Time": 380.286,
            "Actual Total Time": 380.291,
            "Actual Rows": 1,
            "Actual Loops": 2,
            "Plans": [
              {
                "Node Type": "Hash Join",
                "Parent Relationship": "Outer",
                "Parallel Aware": true,
                "Join Type": "Inner",
                "Startup Cost": 23080.77,
                "Total Cost": 83467.22,
                "Plan Rows": 37561,
                "Plan Width": 0,
                "Actual Startup Time": 260.409,
                "Actual Total Time": 377.083,
                "Actual Rows": 60616,
                "Actual Loops": 2,
                "Inner Unique": false,
                "Hash Cond": "(t.id = mc.movie_id)",
                "Plans": [
                  {
                    "Node Type": "Seq Scan",
                    "Parent Relationship": "Outer",
                    "Parallel Aware": true,
                    "Relation Name": "title",
                    "Alias": "t",
                    "Startup Cost": 0.0,
                    "Total Cost": 50870.31,
                    "Plan Rows": 1487231,
                    "Plan Width": 4,
                    "Actual Startup Time": 0.011,
                    "Actual Total Time": 133.344,
                    "Actual Rows": 1264156,
                    "Actual Loops": 2
                  },
                  {
                    "Node Type": "Hash",
                    "Parent Relationship": "Inner",
                    "Parallel Aware": true,
                    "Startup Cost": 22611.26,
                    "Total Cost": 22611.26,
                    "Plan Rows": 37561,
                    "Plan Width": 4,
                    "Actual Startup Time": 55.663,
                    "Actual Total Time": 55.664,
                    "Actual Rows": 60616,
                    "Actual Loops": 2,
                    "Hash Buckets": 131072,
                    "Original Hash Buckets": 65536,
                    "Hash Batches": 1,
                    "Original Hash Batches": 1,
                    "Peak Memory Usage": 6304,
                    "Plans": [
                      {
                        "Node Type": "Bitmap Heap Scan",
                        "Parent Relationship": "Outer",
                        "Parallel Aware": true,
                        "Relation Name": "movie_companies",
                        "Alias": "mc",
                        "Startup Cost": 2711.6,
                        "Total Cost": 22611.26,
                        "Plan Rows": 37561,
                        "Plan Width": 4,
                        "Actual Startup Time": 11.528,
                        "Actual Total Time": 38.351,
                        "Actual Rows": 60616,
                        "Actual Loops": 2,
                        "Recheck Cond": "(company_id > 145683)",
                        "Rows Removed by Index Recheck": 0,
                        "Filter": "(company_type_id > 1)",
                        "Rows Removed by Filter": 0,
                        "Exact Heap Blocks": 2598,
                        "Lossy Heap Blocks": 0,
                        "Plans": [
                          {
                            "Node Type": "Bitmap Index Scan",
                            "Parent Relationship": "Outer",
                            "Parallel Aware": false,
                            "Index Name": "company_id_movie_companies",
                            "Startup Cost": 0.0,
                            "Total Cost": 2695.64,
                            "Plan Rows": 125761,
                            "Plan Width": 0,
                            "Actual Startup Time": 14.627,
                            "Actual Total Time": 14.627,
                            "Actual Rows": 121231,
                            "Actual Loops": 1,
                            "Index Cond": "(company_id > 145683)"
                          }
                        ]
                      }
                    ]
                  }
                ]
              }
            ]
          }
        ]
      }
    ]
  },
  "Planning Time": 0.469,
  "Triggers": [],
  "Execution Time": 401.626
}