[
  {
    "Plan": {
      "Node Type": "Aggregate",
      "Strategy": "Plain",
      "Partial Mode": "Finalize",
      "Parallel Aware": false,
      "Startup Cost": 45878.33,
      "Total Cost": 45878.34,
      "Plan Rows": 1,
      "Plan Width": 8,
      "Actual Startup Time": 176.823,
      "Actual Total Time": 186.794,
      "Actual Rows": 1,
      "Actual Loops": 1,
      "Plans": [
        {
          "Node Type": "Gather",
          "Parent Relationship": "Outer",
          "Parallel Aware": false,
          "Startup Cost": 45878.02,
          "Total Cost": 45878.33,
          "Plan Rows": 3,
          "Plan Width": 8,
          "Actual Startup Time": 176.692,
          "Actual Total Time": 186.785,
          "Actual Rows": 4,
          "Actual Loops": 1,
          "Workers Planned": 3,
          "Workers Launched": 3,
          "Single Copy": false,
          "Plans": [
            {
              "Node Type": "Aggregate",
              "Strategy": "Plain",
              "Partial Mode": "Partial",
              "Parent Relationship": "Outer",
              "Parallel Aware": false,
              "Startup Cost": 44878.02,
              "Total Cost": 44878.03,
              "Plan Rows": 1,
              "Plan Width": 8,
              "Actual Startup Time": 170.539,
              "Actual Total Time": 170.54,
              "Actual Rows": 1,
              "Actual Loops": 4,
              "Plans": [
                {
                  "Node Type": "Seq Scan",
                  "Parent Relationship": "Outer",
                  "Parallel Aware": true,
                  "Relation Name": "movie_keyword",
                  "Alias": "mk",
                  "Startup Cost": 0.0,
                  "Total Cost": 42695.65,
                  "Plan Rows": 872945,
                  "Plan Width": 0,
                  "Actual Startup Time": 0.049,
                  "Actual Total Time": 134.692,
                  "Actual Rows": 673797,
                  "Actual Loops": 4,
                  "Filter": "(keyword_id < 7633)",
                  "Rows Removed by Filter": 457186
                }
              ]
            }
          ]
        }
      ]
    },
    "Planning Time": 0.181,
    "Triggers": [],
    "Execution Time": 186.857
  }
]