[
  {
    "Plan": {
      "Node Type": "Aggregate",
      "Strategy": "Plain",
      "Partial Mode": "Finalize",
      "Parallel Aware": false,
      "Startup Cost": 46804.89,
      "Total Cost": 46804.9,
      "Plan Rows": 1,
      "Plan Width": 8,
      "Actual Startup Time": 174.203,
      "Actual Total Time": 183.918,
      "Actual Rows": 1,
      "Actual Loops": 1,
      "Plans": [
        {
          "Node Type": "Gather",
          "Parent Relationship": "Outer",
          "Parallel Aware": false,
          "Startup Cost": 46804.57,
          "Total Cost": 46804.88,
          "Plan Rows": 3,
          "Plan Width": 8,
          "Actual Startup Time": 174.014,
          "Actual Total Time": 183.909,
          "Actual Rows": 4,
          "Actual Loops": 1,
          "Workers Planned": 3,
          "Workers Launched": 3,
          "Single Copy": false,
          "Plans": [
            {
              "Node Type": "Aggregate",
              "Strategy": "Plain",
              "Partial Mode": "Partial",
              "Parent Relationship": "Outer",
              "Parallel Aware": false,
              "Startup Cost": 45804.57,
              "Total Cost": 45804.58,
              "Plan Rows": 1,
              "Plan Width": 8,
              "Actual Startup Time": 167.386,
              "Actual Total Time": 167.387,
              "Actual Rows": 1,
              "Actual Loops": 4,
              "Plans": [
                {
                  "Node Type": "Seq Scan",
                  "Parent Relationship": "Outer",
                  "Parallel Aware": true,
                  "Relation Name": "movie_keyword",
                  "Alias": "mk",
                  "Startup Cost": 0.0,
                  "Total Cost": 42695.65,
                  "Plan Rows": 1243568,
                  "Plan Width": 0,
                  "Actual Startup Time": 0.094,
                  "Actual Total Time": 125.153,
                  "Actual Rows": 961636,
                  "Actual Loops": 4,
                  "Filter": "(keyword_id > 548)",
                  "Rows Removed by Filter": 169347
                }
              ]
            }
          ]
        }
      ]
    },
    "Planning Time": 0.146,
    "Triggers": [],
    "Execution Time": 183.964
  }
]