[
    {
        "Bao": {
            "Bao prediction": "NaN",
            "Bao recommended hint": "(no hint)"
        }
    },
    {
        "Plan": {
            "Node Type": "Aggregate",
            "Strategy": "Plain",
            "Partial Mode": "Finalize",
            "Parallel Aware": false,
            "Startup Cost": 123339.57,
            "Total Cost": 123339.58,
            "Plan Rows": 1,
            "Plan Width": 8,
            "Actual Startup Time": 589.464,
            "Actual Total Time": 606.317,
            "Actual Rows": 1,
            "Actual Loops": 1,
            "Output": [
                "count(*)"
            ],
            "Plans": [
                {
                    "Node Type": "Gather",
                    "Parent Relationship": "Outer",
                    "Parallel Aware": false,
                    "Startup Cost": 123339.25,
                    "Total Cost": 123339.56,
                    "Plan Rows": 3,
                    "Plan Width": 8,
                    "Actual Startup Time": 587.102,
                    "Actual Total Time": 606.305,
                    "Actual Rows": 4,
                    "Actual Loops": 1,
                    "Output": [
                        "(PARTIAL count(*))"
                    ],
                    "Workers Planned": 3,
                    "Workers Launched": 3,
                    "Single Copy": false,
                    "Plans": [
                        {
                            "Node Type": "Aggregate",
                            "Strategy": "Plain",
                            "Partial Mode": "Partial",
                            "Parent Relationship": "Outer",
                            "Parallel Aware": false,
                            "Startup Cost": 122339.25,
                            "Total Cost": 122339.26,
                            "Plan Rows": 1,
                            "Plan Width": 8,
                            "Actual Startup Time": 578.66,
                            "Actual Total Time": 579.044,
                            "Actual Rows": 1,
                            "Actual Loops": 4,
                            "Output": [
                                "PARTIAL count(*)"
                            ],
                            "Workers": [
                                {
                                    "Worker Number": 0,
                                    "Actual Startup Time": 575.351,
                                    "Actual Total Time": 575.357,
                                    "Actual Rows": 1,
                                    "Actual Loops": 1
                                },
                                {
                                    "Worker Number": 1,
                                    "Actual Startup Time": 576.347,
                                    "Actual Total Time": 576.352,
                                    "Actual Rows": 1,
                                    "Actual Loops": 1
                                },
                                {
                                    "Worker Number": 2,
                                    "Actual Startup Time": 576.181,
                                    "Actual Total Time": 576.186,
                                    "Actual Rows": 1,
                                    "Actual Loops": 1
                                }
                            ],
                            "Plans": [
                                {
                                    "Node Type": "Hash Join",
                                    "Parent Relationship": "Outer",
                                    "Parallel Aware": true,
                                    "Join Type": "Inner",
                                    "Startup Cost": 91552.61,
                                    "Total Cost": 122154.17,
                                    "Plan Rows": 74032,
                                    "Plan Width": 0,
                                    "Actual Startup Time": 321.385,
                                    "Actual Total Time": 525.707,
                                    "Actual Rows": 1207512,
                                    "Actual Loops": 4,
                                    "Inner Unique": false,
                                    "Hash Cond": "(mc.movie_id = t.id)",
                                    "Workers": [
                                        {
                                            "Worker Number": 0,
                                            "Actual Startup Time": 318.234,
                                            "Actual Total Time": 522.272,
                                            "Actual Rows": 1323320,
                                            "Actual Loops": 1
                                        },
                                        {
                                            "Worker Number": 1,
                                            "Actual Startup Time": 318.548,
                                            "Actual Total Time": 525.542,
                                            "Actual Rows": 1318694,
                                            "Actual Loops": 1
                                        },
                                        {
                                            "Worker Number": 2,
                                            "Actual Startup Time": 319.077,
                                            "Actual Total Time": 524.748,
                                            "Actual Rows": 1285742,
                                            "Actual Loops": 1
                                        }
                                    ],
                                    "Plans": [
                                        {
                                            "Node Type": "Seq Scan",
                                            "Parent Relationship": "Outer",
                                            "Parallel Aware": true,
                                            "Relation Name": "movie_companies",
                                            "Schema": "public",
                                            "Alias": "mc",
                                            "Startup Cost": 0.0,
                                            "Total Cost": 27206.55,
                                            "Plan Rows": 841655,
                                            "Plan Width": 4,
                                            "Actual Startup Time": 0.023,
                                            "Actual Total Time": 57.412,
                                            "Actual Rows": 652282,
                                            "Actual Loops": 4,
                                            "Output": [
                                                "mc.id",
                                                "mc.movie_id",
                                                "mc.company_id",
                                                "mc.company_type_id",
                                                "mc.note"
                                            ],
                                            "Workers": [
                                                {
                                                    "Worker Number": 0,
                                                    "Actual Startup Time": 0.027,
                                                    "Actual Total Time": 59.419,
                                                    "Actual Rows": 701483,
                                                    "Actual Loops": 1
                                                },
                                                {
                                                    "Worker Number": 1,
                                                    "Actual Startup Time": 0.024,
                                                    "Actual Total Time": 58.539,
                                                    "Actual Rows": 681245,
                                                    "Actual Loops": 1
                                                },
                                                {
                                                    "Worker Number": 2,
                                                    "Actual Startup Time": 0.031,
                                                    "Actual Total Time": 60.761,
                                                    "Actual Rows": 711850,
                                                    "Actual Loops": 1
                                                }
                                            ]
                                        },
                                        {
                                            "Node Type": "Hash",
                                            "Parent Relationship": "Inner",
                                            "Parallel Aware": true,
                                            "Startup Cost": 90655.87,
                                            "Total Cost": 90655.87,
                                            "Plan Rows": 71739,
                                            "Plan Width": 8,
                                            "Actual Startup Time": 294.554,
                                            "Actual Total Time": 294.936,
                                            "Actual Rows": 91782,
                                            "Actual Loops": 4,
                                            "Output": [
                                                "t.id",
                                                "mk.movie_id"
                                            ],
                                            "Hash Buckets": 524288,
                                            "Original Hash Buckets": 262144,
                                            "Hash Batches": 1,
                                            "Original Hash Batches": 1,
                                            "Peak Memory Usage": 20576,
                                            "Workers": [
                                                {
                                                    "Worker Number": 0,
                                                    "Actual Startup Time": 292.313,
                                                    "Actual Total Time": 292.318,
                                                    "Actual Rows": 97488,
                                                    "Actual Loops": 1
                                                },
                                                {
                                                    "Worker Number": 1,
                                                    "Actual Startup Time": 292.597,
                                                    "Actual Total Time": 292.601,
                                                    "Actual Rows": 98643,
                                                    "Actual Loops": 1
                                                },
                                                {
                                                    "Worker Number": 2,
                                                    "Actual Startup Time": 293.197,
                                                    "Actual Total Time": 293.2,
                                                    "Actual Rows": 97108,
                                                    "Actual Loops": 1
                                                }
                                            ],
                                            "Plans": [
                                                {
                                                    "Node Type": "Hash Join",
                                                    "Parent Relationship": "Outer",
                                                    "Parallel Aware": true,
                                                    "Join Type": "Inner",
                                                    "Startup Cost": 46945.47,
                                                    "Total Cost": 90655.87,
                                                    "Plan Rows": 71739,
                                                    "Plan Width": 8,
                                                    "Actual Startup Time": 145.355,
                                                    "Actual Total Time": 266.056,
                                                    "Actual Rows": 91782,
                                                    "Actual Loops": 4,
                                                    "Output": [
                                                        "t.id",
                                                        "mk.movie_id"
                                                    ],
                                                    "Inner Unique": true,
                                                    "Hash Cond": "(mk.movie_id = t.id)",
                                                    "Workers": [
                                                        {
                                                            "Worker Number": 0,
                                                            "Actual Startup Time": 143.085,
                                                            "Actual Total Time": 263.271,
                                                            "Actual Rows": 97488,
                                                            "Actual Loops": 1
                                                        },
                                                        {
                                                            "Worker Number": 1,
                                                            "Actual Startup Time": 143.381,
                                                            "Actual Total Time": 263.22,
                                                            "Actual Rows": 98643,
                                                            "Actual Loops": 1
                                                        },
                                                        {
                                                            "Worker Number": 2,
                                                            "Actual Startup Time": 143.907,
                                                            "Actual Total Time": 265.008,
                                                            "Actual Rows": 97108,
                                                            "Actual Loops": 1
                                                        }
                                                    ],
                                                    "Plans": [
                                                        {
                                                            "Node Type": "Seq Scan",
                                                            "Parent Relationship": "Outer",
                                                            "Parallel Aware": true,
                                                            "Relation Name": "movie_keyword",
                                                            "Schema": "public",
                                                            "Alias": "mk",
                                                            "Startup Cost": 0.0,
                                                            "Total Cost": 42695.65,
                                                            "Plan Rows": 386571,
                                                            "Plan Width": 4,
                                                            "Actual Startup Time": 1.294,
                                                            "Actual Total Time": 99.534,
                                                            "Actual Rows": 292914,
                                                            "Actual Loops": 4,
                                                            "Output": [
                                                                "mk.id",
                                                                "mk.movie_id",
                                                                "mk.keyword_id"
                                                            ],
                                                            "Filter": "(mk.keyword_id > 15914)",
                                                            "Rows Removed by Filter": 838069,
                                                            "Workers": [
                                                                {
                                                                    "Worker Number": 0,
                                                                    "Actual Startup Time": 1.314,
                                                                    "Actual Total Time": 101.109,
                                                                    "Actual Rows": 315522,
                                                                    "Actual Loops": 1
                                                                },
                                                                {
                                                                    "Worker Number": 1,
                                                                    "Actual Startup Time": 1.28,
                                                                    "Actual Total Time": 100.146,
                                                                    "Actual Rows": 323875,
                                                                    "Actual Loops": 1
                                                                },
                                                                {
                                                                    "Worker Number": 2,
                                                                    "Actual Startup Time": 1.302,
                                                                    "Actual Total Time": 101.471,
                                                                    "Actual Rows": 317707,
                                                                    "Actual Loops": 1
                                                                }
                                                            ]
                                                        },
                                                        {
                                                            "Node Type": "Hash",
                                                            "Parent Relationship": "Inner",
                                                            "Parallel Aware": true,
                                                            "Startup Cost": 45479.21,
                                                            "Total Cost": 45479.21,
                                                            "Plan Rows": 117301,
                                                            "Plan Width": 4,
                                                            "Actual Startup Time": 116.55,
                                                            "Actual Total Time": 116.552,
                                                            "Actual Rows": 85186,
                                                            "Actual Loops": 4,
                                                            "Output": [
                                                                "t.id"
                                                            ],
                                                            "Hash Buckets": 524288,
                                                            "Original Hash Buckets": 524288,
                                                            "Hash Batches": 1,
                                                            "Original Hash Batches": 1,
                                                            "Peak Memory Usage": 17472,
                                                            "Workers": [
                                                                {
                                                                    "Worker Number": 0,
                                                                    "Actual Startup Time": 115.124,
                                                                    "Actual Total Time": 115.126,
                                                                    "Actual Rows": 83583,
                                                                    "Actual Loops": 1
                                                                },
                                                                {
                                                                    "Worker Number": 1,
                                                                    "Actual Startup Time": 115.431,
                                                                    "Actual Total Time": 115.432,
                                                                    "Actual Rows": 76711,
                                                                    "Actual Loops": 1
                                                                },
                                                                {
                                                                    "Worker Number": 2,
                                                                    "Actual Startup Time": 115.965,
                                                                    "Actual Total Time": 115.966,
                                                                    "Actual Rows": 83186,
                                                                    "Actual Loops": 1
                                                                }
                                                            ],
                                                            "Plans": [
                                                                {
                                                                    "Node Type": "Seq Scan",
                                                                    "Parent Relationship": "Outer",
                                                                    "Parallel Aware": true,
                                                                    "Relation Name": "title",
                                                                    "Schema": "public",
                                                                    "Alias": "t",
                                                                    "Startup Cost": 0.0,
                                                                    "Total Cost": 45479.21,
                                                                    "Plan Rows": 117301,
                                                                    "Plan Width": 4,
                                                                    "Actual Startup Time": 40.05,
                                                                    "Actual Total Time": 89.989,
                                                                    "Actual Rows": 85186,
                                                                    "Actual Loops": 4,
                                                                    "Output": [
                                                                        "t.id"
                                                                    ],
                                                                    "Filter": "((t.production_year > 1989) AND (t.kind_id = 1))",
                                                                    "Rows Removed by Filter": 546892,
                                                                    "Workers": [
                                                                        {
                                                                            "Worker Number": 0,
                                                                            "Actual Startup Time": 50.525,
                                                                            "Actual Total Time": 89.635,
                                                                            "Actual Rows": 83583,
                                                                            "Actual Loops": 1
                                                                        },
                                                                        {
                                                                            "Worker Number": 1,
                                                                            "Actual Startup Time": 50.78,
                                                                            "Actual Total Time": 88.218,
                                                                            "Actual Rows": 76711,
                                                                            "Actual Loops": 1
                                                                        },
                                                                        {
                                                                            "Worker Number": 2,
                                                                            "Actual Startup Time": 51.505,
                                                                            "Actual Total Time": 90.476,
                                                                            "Actual Rows": 83186,
                                                                            "Actual Loops": 1
                                                                        }
                                                                    ]
                                                                }
                                                            ]
                                                        }
                                                    ]
                                                }
                                            ]
                                        }
                                    ]
                                }
                            ]
                        }
                    ]
                }
            ]
        },
        "Planning Time": 186.227,
        "Triggers": [],
        "Execution Time": 606.408
    }
]