[
    {
        "Bao": {
            "Bao prediction": 327.64,
            "Bao recommended hint": "SET enable_nestloop TO off; "
        }
    },
    {
        "Plan": {
            "Node Type": "Aggregate",
            "Strategy": "Plain",
            "Partial Mode": "Simple",
            "Parallel Aware": false,
            "Startup Cost": 27058.74,
            "Total Cost": 27058.75,
            "Plan Rows": 1,
            "Plan Width": 96,
            "Actual Startup Time": 144.582,
            "Actual Total Time": 144.947,
            "Actual Rows": 1,
            "Actual Loops": 1,
            "Output": [
                "min(cn.name)",
                "min(mc.note)",
                "min(t.title)"
            ],
            "Plans": [
                {
                    "Node Type": "Hash Join",
                    "Parent Relationship": "Outer",
                    "Parallel Aware": false,
                    "Join Type": "Inner",
                    "Startup Cost": 23192.6,
                    "Total Cost": 27058.74,
                    "Plan Rows": 1,
                    "Plan Width": 60,
                    "Actual Startup Time": 144.578,
                    "Actual Total Time": 144.942,
                    "Actual Rows": 0,
                    "Actual Loops": 1,
                    "Output": [
                        "cn.name",
                        "mc.note",
                        "t.title"
                    ],
                    "Inner Unique": true,
                    "Hash Cond": "(ml.link_type_id = lt.id)",
                    "Plans": [
                        {
                            "Node Type": "Hash Join",
                            "Parent Relationship": "Outer",
                            "Parallel Aware": false,
                            "Join Type": "Inner",
                            "Startup Cost": 23191.19,
                            "Total Cost": 27057.33,
                            "Plan Rows": 1,
                            "Plan Width": 64,
                            "Actual Startup Time": 144.497,
                            "Actual Total Time": 144.859,
                            "Actual Rows": 0,
                            "Actual Loops": 1,
                            "Output": [
                                "cn.name",
                                "mc.note",
                                "ml.link_type_id",
                                "t.title"
                            ],
                            "Inner Unique": true,
                            "Hash Cond": "(mk.keyword_id = k.id)",
                            "Plans": [
                                {
                                    "Node Type": "Merge Join",
                                    "Parent Relationship": "Outer",
                                    "Parallel Aware": false,
                                    "Join Type": "Inner",
                                    "Startup Cost": 20397.32,
                                    "Total Cost": 24263.06,
                                    "Plan Rows": 150,
                                    "Plan Width": 68,
                                    "Actual Startup Time": 111.298,
                                    "Actual Total Time": 111.708,
                                    "Actual Rows": 171,
                                    "Actual Loops": 1,
                                    "Output": [
                                        "cn.name",
                                        "mc.note",
                                        "mk.keyword_id",
                                        "ml.link_type_id",
                                        "t.title"
                                    ],
                                    "Inner Unique": false,
                                    "Merge Cond": "(mk.movie_id = ml.movie_id)",
                                    "Plans": [
                                        {
                                            "Node Type": "Index Scan",
                                            "Parent Relationship": "Outer",
                                            "Parallel Aware": false,
                                            "Scan Direction": "Forward",
                                            "Index Name": "movie_id_movie_keyword",
                                            "Relation Name": "movie_keyword",
                                            "Schema": "public",
                                            "Alias": "mk",
                                            "Startup Cost": 0.43,
                                            "Total Cost": 177175.68,
                                            "Plan Rows": 4523930,
                                            "Plan Width": 8,
                                            "Actual Startup Time": 0.026,
                                            "Actual Total Time": 7.05,
                                            "Actual Rows": 34384,
                                            "Actual Loops": 1,
                                            "Output": [
                                                "mk.id",
                                                "mk.movie_id",
                                                "mk.keyword_id"
                                            ]
                                        },
                                        {
                                            "Node Type": "Sort",
                                            "Parent Relationship": "Inner",
                                            "Parallel Aware": false,
                                            "Startup Cost": 20396.89,
                                            "Total Cost": 20396.89,
                                            "Plan Rows": 3,
                                            "Plan Width": 76,
                                            "Actual Startup Time": 101.007,
                                            "Actual Total Time": 101.378,
                                            "Actual Rows": 153,
                                            "Actual Loops": 1,
                                            "Output": [
                                                "cn.name",
                                                "mc.note",
                                                "mc.movie_id",
                                                "ml.link_type_id",
                                                "ml.movie_id",
                                                "t.title",
                                                "t.id"
                                            ],
                                            "Sort Key": [
                                                "mc.movie_id"
                                            ],
                                            "Sort Method": "quicksort",
                                            "Sort Space Used": 26,
                                            "Sort Space Type": "Memory",
                                            "Plans": [
                                                {
                                                    "Node Type": "Gather",
                                                    "Parent Relationship": "Outer",
                                                    "Parallel Aware": false,
                                                    "Startup Cost": 6421.01,
                                                    "Total Cost": 20396.86,
                                                    "Plan Rows": 3,
                                                    "Plan Width": 76,
                                                    "Actual Startup Time": 96.613,
                                                    "Actual Total Time": 101.26,
                                                    "Actual Rows": 9,
                                                    "Actual Loops": 1,
                                                    "Output": [
                                                        "cn.name",
                                                        "mc.note",
                                                        "mc.movie_id",
                                                        "ml.link_type_id",
                                                        "ml.movie_id",
                                                        "t.title",
                                                        "t.id"
                                                    ],
                                                    "Workers Planned": 4,
                                                    "Workers Launched": 4,
                                                    "Single Copy": false,
                                                    "Plans": [
                                                        {
                                                            "Node Type": "Hash Join",
                                                            "Parent Relationship": "Outer",
                                                            "Parallel Aware": false,
                                                            "Join Type": "Inner",
                                                            "Startup Cost": 5421.01,
                                                            "Total Cost": 19396.56,
                                                            "Plan Rows": 1,
                                                            "Plan Width": 76,
                                                            "Actual Startup Time": 80.078,
                                                            "Actual Total Time": 86.583,
                                                            "Actual Rows": 2,
                                                            "Actual Loops": 5,
                                                            "Output": [
                                                                "cn.name",
                                                                "mc.note",
                                                                "mc.movie_id",
                                                                "ml.link_type_id",
                                                                "ml.movie_id",
                                                                "t.title",
                                                                "t.id"
                                                            ],
                                                            "Inner Unique": true,
                                                            "Hash Cond": "(mc.company_type_id = ct.id)",
                                                            "Workers": [
                                                                {
                                                                    "Worker Number": 0,
                                                                    "Actual Startup Time": 82.832,
                                                                    "Actual Total Time": 82.836,
                                                                    "Actual Rows": 0,
                                                                    "Actual Loops": 1
                                                                },
                                                                {
                                                                    "Worker Number": 1,
                                                                    "Actual Startup Time": 83.175,
                                                                    "Actual Total Time": 83.179,
                                                                    "Actual Rows": 0,
                                                                    "Actual Loops": 1
                                                                },
                                                                {
                                                                    "Worker Number": 2,
                                                                    "Actual Startup Time": 87.879,
                                                                    "Actual Total Time": 87.887,
                                                                    "Actual Rows": 0,
                                                                    "Actual Loops": 1
                                                                },
                                                                {
                                                                    "Worker Number": 3,
                                                                    "Actual Startup Time": 50.732,
                                                                    "Actual Total Time": 83.227,
                                                                    "Actual Rows": 9,
                                                                    "Actual Loops": 1
                                                                }
                                                            ],
                                                            "Plans": [
                                                                {
                                                                    "Node Type": "Hash Join",
                                                                    "Parent Relationship": "Outer",
                                                                    "Parallel Aware": true,
                                                                    "Join Type": "Inner",
                                                                    "Startup Cost": 5419.92,
                                                                    "Total Cost": 19395.47,
                                                                    "Plan Rows": 1,
                                                                    "Plan Width": 80,
                                                                    "Actual Startup Time": 68.382,
                                                                    "Actual Total Time": 86.056,
                                                                    "Actual Rows": 37,
                                                                    "Actual Loops": 5,
                                                                    "Output": [
                                                                        "cn.name",
                                                                        "mc.note",
                                                                        "mc.movie_id",
                                                                        "mc.company_type_id",
                                                                        "ml.link_type_id",
                                                                        "ml.movie_id",
                                                                        "t.title",
                                                                        "t.id"
                                                                    ],
                                                                    "Inner Unique": true,
                                                                    "Hash Cond": "(mc.company_id = cn.id)",
                                                                    "Workers": [
                                                                        {
                                                                            "Worker Number": 0,
                                                                            "Actual Startup Time": 26.423,
                                                                            "Actual Total Time": 82.275,
                                                                            "Actual Rows": 74,
                                                                            "Actual Loops": 1
                                                                        },
                                                                        {
                                                                            "Worker Number": 1,
                                                                            "Actual Startup Time": 82.568,
                                                                            "Actual Total Time": 82.57,
                                                                            "Actual Rows": 0,
                                                                            "Actual Loops": 1
                                                                        },
                                                                        {
                                                                            "Worker Number": 2,
                                                                            "Actual Startup Time": 87.18,
                                                                            "Actual Total Time": 87.186,
                                                                            "Actual Rows": 0,
                                                                            "Actual Loops": 1
                                                                        },
                                                                        {
                                                                            "Worker Number": 3,
                                                                            "Actual Startup Time": 50.013,
                                                                            "Actual Total Time": 82.514,
                                                                            "Actual Rows": 110,
                                                                            "Actual Loops": 1
                                                                        }
                                                                    ],
                                                                    "Plans": [
                                                                        {
                                                                            "Node Type": "Merge Join",
                                                                            "Parent Relationship": "Outer",
                                                                            "Parallel Aware": false,
                                                                            "Join Type": "Inner",
                                                                            "Startup Cost": 5.52,
                                                                            "Total Cost": 13965.08,
                                                                            "Plan Rows": 6094,
                                                                            "Plan Width": 65,
                                                                            "Actual Startup Time": 3.671,
                                                                            "Actual Total Time": 68.316,
                                                                            "Actual Rows": 1824,
                                                                            "Actual Loops": 5,
                                                                            "Output": [
                                                                                "mc.note",
                                                                                "mc.movie_id",
                                                                                "mc.company_type_id",
                                                                                "mc.company_id",
                                                                                "ml.link_type_id",
                                                                                "ml.movie_id",
                                                                                "t.title",
                                                                                "t.id"
                                                                            ],
                                                                            "Inner Unique": false,
                                                                            "Merge Cond": "(ml.movie_id = mc.movie_id)",
                                                                            "Workers": [
                                                                                {
                                                                                    "Worker Number": 0,
                                                                                    "Actual Startup Time": 4.133,
                                                                                    "Actual Total Time": 67.373,
                                                                                    "Actual Rows": 1831,
                                                                                    "Actual Loops": 1
                                                                                },
                                                                                {
                                                                                    "Worker Number": 1,
                                                                                    "Actual Startup Time": 6.753,
                                                                                    "Actual Total Time": 67.272,
                                                                                    "Actual Rows": 2499,
                                                                                    "Actual Loops": 1
                                                                                },
                                                                                {
                                                                                    "Worker Number": 2,
                                                                                    "Actual Startup Time": 3.862,
                                                                                    "Actual Total Time": 71.872,
                                                                                    "Actual Rows": 2685,
                                                                                    "Actual Loops": 1
                                                                                },
                                                                                {
                                                                                    "Worker Number": 3,
                                                                                    "Actual Startup Time": 2.918,
                                                                                    "Actual Total Time": 67.282,
                                                                                    "Actual Rows": 965,
                                                                                    "Actual Loops": 1
                                                                                }
                                                                            ],
                                                                            "Plans": [
                                                                                {
                                                                                    "Node Type": "Merge Join",
                                                                                    "Parent Relationship": "Outer",
                                                                                    "Parallel Aware": false,
                                                                                    "Join Type": "Inner",
                                                                                    "Startup Cost": 1.59,
                                                                                    "Total Cost": 8113.19,
                                                                                    "Plan Rows": 2318,
                                                                                    "Plan Width": 29,
                                                                                    "Actual Startup Time": 2.926,
                                                                                    "Actual Total Time": 39.365,
                                                                                    "Actual Rows": 1864,
                                                                                    "Actual Loops": 5,
                                                                                    "Output": [
                                                                                        "ml.link_type_id",
                                                                                        "ml.movie_id",
                                                                                        "t.title",
                                                                                        "t.id"
                                                                                    ],
                                                                                    "Inner Unique": false,
                                                                                    "Merge Cond": "(t.id = ml.movie_id)",
                                                                                    "Workers": [
                                                                                        {
                                                                                            "Worker Number": 0,
                                                                                            "Actual Startup Time": 3.143,
                                                                                            "Actual Total Time": 42.886,
                                                                                            "Actual Rows": 1864,
                                                                                            "Actual Loops": 1
                                                                                        },
                                                                                        {
                                                                                            "Worker Number": 1,
                                                                                            "Actual Startup Time": 5.649,
                                                                                            "Actual Total Time": 42.357,
                                                                                            "Actual Rows": 2612,
                                                                                            "Actual Loops": 1
                                                                                        },
                                                                                        {
                                                                                            "Worker Number": 2,
                                                                                            "Actual Startup Time": 3.086,
                                                                                            "Actual Total Time": 42.702,
                                                                                            "Actual Rows": 3743,
                                                                                            "Actual Loops": 1
                                                                                        },
                                                                                        {
                                                                                            "Worker Number": 3,
                                                                                            "Actual Startup Time": 2.098,
                                                                                            "Actual Total Time": 34.945,
                                                                                            "Actual Rows": 315,
                                                                                            "Actual Loops": 1
                                                                                        }
                                                                                    ],
                                                                                    "Plans": [
                                                                                        {
                                                                                            "Node Type": "Index Scan",
                                                                                            "Parent Relationship": "Outer",
                                                                                            "Parallel Aware": true,
                                                                                            "Scan Direction": "Forward",
                                                                                            "Index Name": "title_pkey",
                                                                                            "Relation Name": "title",
                                                                                            "Schema": "public",
                                                                                            "Alias": "t",
                                                                                            "Startup Cost": 0.43,
                                                                                            "Total Cost": 92969.49,
                                                                                            "Plan Rows": 195388,
                                                                                            "Plan Width": 21,
                                                                                            "Actual Startup Time": 0.324,
                                                                                            "Actual Total Time": 30.848,
                                                                                            "Actual Rows": 13097,
                                                                                            "Actual Loops": 5,
                                                                                            "Output": [
                                                                                                "t.id",
                                                                                                "t.title",
                                                                                                "t.imdb_index",
                                                                                                "t.kind_id",
                                                                                                "t.production_year",
                                                                                                "t.imdb_id",
                                                                                                "t.phonetic_code",
                                                                                                "t.episode_of_id",
                                                                                                "t.season_nr",
                                                                                                "t.episode_nr",
                                                                                                "t.series_years",
                                                                                                "t.md5sum"
                                                                                            ],
                                                                                            "Filter": "(t.production_year > 2007)",
                                                                                            "Rows Removed by Filter": 24139,
                                                                                            "Workers": [
                                                                                                {
                                                                                                    "Worker Number": 0,
                                                                                                    "Actual Startup Time": 0.225,
                                                                                                    "Actual Total Time": 35.157,
                                                                                                    "Actual Rows": 16384,
                                                                                                    "Actual Loops": 1
                                                                                                },
                                                                                                {
                                                                                                    "Worker Number": 1,
                                                                                                    "Actual Startup Time": 0.153,
                                                                                                    "Actual Total Time": 34.751,
                                                                                                    "Actual Rows": 18280,
                                                                                                    "Actual Loops": 1
                                                                                                },
                                                                                                {
                                                                                                    "Worker Number": 2,
                                                                                                    "Actual Startup Time": 0.561,
                                                                                                    "Actual Total Time": 34.915,
                                                                                                    "Actual Rows": 16310,
                                                                                                    "Actual Loops": 1
                                                                                                },
                                                                                                {
                                                                                                    "Worker Number": 3,
                                                                                                    "Actual Startup Time": 0.527,
                                                                                                    "Actual Total Time": 25.332,
                                                                                                    "Actual Rows": 6729,
                                                                                                    "Actual Loops": 1
                                                                                                }
                                                                                            ]
                                                                                        },
                                                                                        {
                                                                                            "Node Type": "Index Scan",
                                                                                            "Parent Relationship": "Inner",
                                                                                            "Parallel Aware": false,
                                                                                            "Scan Direction": "Forward",
                                                                                            "Index Name": "movie_id_movie_link",
                                                                                            "Relation Name": "movie_link",
                                                                                            "Schema": "public",
                                                                                            "Alias": "ml",
                                                                                            "Startup Cost": 0.29,
                                                                                            "Total Cost": 1111.51,
                                                                                            "Plan Rows": 29997,
                                                                                            "Plan Width": 8,
                                                                                            "Actual Startup Time": 0.08,
                                                                                            "Actual Total Time": 5.236,
                                                                                            "Actual Rows": 29997,
                                                                                            "Actual Loops": 5,
                                                                                            "Output": [
                                                                                                "ml.id",
                                                                                                "ml.movie_id",
                                                                                                "ml.linked_movie_id",
                                                                                                "ml.link_type_id"
                                                                                            ],
                                                                                            "Workers": [
                                                                                                {
                                                                                                    "Worker Number": 0,
                                                                                                    "Actual Startup Time": 0.106,
                                                                                                    "Actual Total Time": 4.763,
                                                                                                    "Actual Rows": 29997,
                                                                                                    "Actual Loops": 1
                                                                                                },
                                                                                                {
                                                                                                    "Worker Number": 1,
                                                                                                    "Actual Startup Time": 0.098,
                                                                                                    "Actual Total Time": 4.462,
                                                                                                    "Actual Rows": 29997,
                                                                                                    "Actual Loops": 1
                                                                                                },
                                                                                                {
                                                                                                    "Worker Number": 2,
                                                                                                    "Actual Startup Time": 0.095,
                                                                                                    "Actual Total Time": 4.707,
                                                                                                    "Actual Rows": 29997,
                                                                                                    "Actual Loops": 1
                                                                                                },
                                                                                                {
                                                                                                    "Worker Number": 3,
                                                                                                    "Actual Startup Time": 0.082,
                                                                                                    "Actual Total Time": 6.065,
                                                                                                    "Actual Rows": 29997,
                                                                                                    "Actual Loops": 1
                                                                                                }
                                                                                            ]
                                                                                        }
                                                                                    ]
                                                                                },
                                                                                {
                                                                                    "Node Type": "Index Scan",
                                                                                    "Parent Relationship": "Inner",
                                                                                    "Parallel Aware": false,
                                                                                    "Scan Direction": "Forward",
                                                                                    "Index Name": "movie_id_movie_companies",
                                                                                    "Relation Name": "movie_companies",
                                                                                    "Schema": "public",
                                                                                    "Alias": "mc",
                                                                                    "Startup Cost": 0.43,
                                                                                    "Total Cost": 140586.81,
                                                                                    "Plan Rows": 1336309,
                                                                                    "Plan Width": 36,
                                                                                    "Actual Startup Time": 0.059,
                                                                                    "Actual Total Time": 25.841,
                                                                                    "Actual Rows": 44872,
                                                                                    "Actual Loops": 5,
                                                                                    "Output": [
                                                                                        "mc.id",
                                                                                        "mc.movie_id",
                                                                                        "mc.company_id",
                                                                                        "mc.company_type_id",
                                                                                        "mc.note"
                                                                                    ],
                                                                                    "Filter": "(mc.note IS NOT NULL)",
                                                                                    "Rows Removed by Filter": 45711,
                                                                                    "Workers": [
                                                                                        {
                                                                                            "Worker Number": 0,
                                                                                            "Actual Startup Time": 0.063,
                                                                                            "Actual Total Time": 22.011,
                                                                                            "Actual Rows": 43285,
                                                                                            "Actual Loops": 1
                                                                                        },
                                                                                        {
                                                                                            "Worker Number": 1,
                                                                                            "Actual Startup Time": 0.061,
                                                                                            "Actual Total Time": 22.256,
                                                                                            "Actual Rows": 44054,
                                                                                            "Actual Loops": 1
                                                                                        },
                                                                                        {
                                                                                            "Worker Number": 2,
                                                                                            "Actual Startup Time": 0.078,
                                                                                            "Actual Total Time": 26.084,
                                                                                            "Actual Rows": 52792,
                                                                                            "Actual Loops": 1
                                                                                        },
                                                                                        {
                                                                                            "Worker Number": 3,
                                                                                            "Actual Startup Time": 0.078,
                                                                                            "Actual Total Time": 28.763,
                                                                                            "Actual Rows": 41994,
                                                                                            "Actual Loops": 1
                                                                                        }
                                                                                    ]
                                                                                }
                                                                            ]
                                                                        },
                                                                        {
                                                                            "Node Type": "Hash",
                                                                            "Parent Relationship": "Inner",
                                                                            "Parallel Aware": true,
                                                                            "Startup Cost": 5414.09,
                                                                            "Total Cost": 5414.09,
                                                                            "Plan Rows": 25,
                                                                            "Plan Width": 23,
                                                                            "Actual Startup Time": 17.346,
                                                                            "Actual Total Time": 17.347,
                                                                            "Actual Rows": 18,
                                                                            "Actual Loops": 5,
                                                                            "Output": [
                                                                                "cn.name",
                                                                                "cn.id"
                                                                            ],
                                                                            "Hash Buckets": 1024,
                                                                            "Original Hash Buckets": 1024,
                                                                            "Hash Batches": 1,
                                                                            "Original Hash Batches": 1,
                                                                            "Peak Memory Usage": 168,
                                                                            "Workers": [
                                                                                {
                                                                                    "Worker Number": 0,
                                                                                    "Actual Startup Time": 14.63,
                                                                                    "Actual Total Time": 14.631,
                                                                                    "Actual Rows": 4,
                                                                                    "Actual Loops": 1
                                                                                },
                                                                                {
                                                                                    "Worker Number": 1,
                                                                                    "Actual Startup Time": 14.962,
                                                                                    "Actual Total Time": 14.963,
                                                                                    "Actual Rows": 4,
                                                                                    "Actual Loops": 1
                                                                                },
                                                                                {
                                                                                    "Worker Number": 2,
                                                                                    "Actual Startup Time": 14.968,
                                                                                    "Actual Total Time": 14.971,
                                                                                    "Actual Rows": 3,
                                                                                    "Actual Loops": 1
                                                                                },
                                                                                {
                                                                                    "Worker Number": 3,
                                                                                    "Actual Startup Time": 14.965,
                                                                                    "Actual Total Time": 14.966,
                                                                                    "Actual Rows": 2,
                                                                                    "Actual Loops": 1
                                                                                }
                                                                            ],
                                                                            "Plans": [
                                                                                {
                                                                                    "Node Type": "Seq Scan",
                                                                                    "Parent Relationship": "Outer",
                                                                                    "Parallel Aware": true,
                                                                                    "Relation Name": "company_name",
                                                                                    "Schema": "public",
                                                                                    "Alias": "cn",
                                                                                    "Startup Cost": 0.0,
                                                                                    "Total Cost": 5414.09,
                                                                                    "Plan Rows": 25,
                                                                                    "Plan Width": 23,
                                                                                    "Actual Startup Time": 0.341,
                                                                                    "Actual Total Time": 17.207,
                                                                                    "Actual Rows": 18,
                                                                                    "Actual Loops": 5,
                                                                                    "Output": [
                                                                                        "cn.name",
                                                                                        "cn.id"
                                                                                    ],
                                                                                    "Filter": "(((cn.country_code)::text <> '[pl]'::text) AND ((cn.name ~~ '20th Century Fox%'::text) OR (cn.name ~~ 'Twentieth Century Fox%'::text)))",
                                                                                    "Rows Removed by Filter": 46982,
                                                                                    "Workers": [
                                                                                        {
                                                                                            "Worker Number": 0,
                                                                                            "Actual Startup Time": 0.468,
                                                                                            "Actual Total Time": 14.512,
                                                                                            "Actual Rows": 4,
                                                                                            "Actual Loops": 1
                                                                                        },
                                                                                        {
                                                                                            "Worker Number": 1,
                                                                                            "Actual Startup Time": 0.611,
                                                                                            "Actual Total Time": 14.835,
                                                                                            "Actual Rows": 4,
                                                                                            "Actual Loops": 1
                                                                                        },
                                                                                        {
                                                                                            "Worker Number": 2,
                                                                                            "Actual Startup Time": 0.146,
                                                                                            "Actual Total Time": 14.821,
                                                                                            "Actual Rows": 3,
                                                                                            "Actual Loops": 1
                                                                                        },
                                                                                        {
                                                                                            "Worker Number": 3,
                                                                                            "Actual Startup Time": 0.15,
                                                                                            "Actual Total Time": 14.8,
                                                                                            "Actual Rows": 2,
                                                                                            "Actual Loops": 1
                                                                                        }
                                                                                    ]
                                                                                }
                                                                            ]
                                                                        }
                                                                    ]
                                                                },
                                                                {
                                                                    "Node Type": "Hash",
                                                                    "Parent Relationship": "Inner",
                                                                    "Parallel Aware": false,
                                                                    "Startup Cost": 1.05,
                                                                    "Total Cost": 1.05,
                                                                    "Plan Rows": 3,
                                                                    "Plan Width": 4,
                                                                    "Actual Startup Time": 0.08,
                                                                    "Actual Total Time": 0.081,
                                                                    "Actual Rows": 3,
                                                                    "Actual Loops": 5,
                                                                    "Output": [
                                                                        "ct.id"
                                                                    ],
                                                                    "Hash Buckets": 1024,
                                                                    "Original Hash Buckets": 1024,
                                                                    "Hash Batches": 1,
                                                                    "Original Hash Batches": 1,
                                                                    "Peak Memory Usage": 9,
                                                                    "Workers": [
                                                                        {
                                                                            "Worker Number": 0,
                                                                            "Actual Startup Time": 0.091,
                                                                            "Actual Total Time": 0.091,
                                                                            "Actual Rows": 3,
                                                                            "Actual Loops": 1
                                                                        },
                                                                        {
                                                                            "Worker Number": 1,
                                                                            "Actual Startup Time": 0.094,
                                                                            "Actual Total Time": 0.095,
                                                                            "Actual Rows": 3,
                                                                            "Actual Loops": 1
                                                                        },
                                                                        {
                                                                            "Worker Number": 2,
                                                                            "Actual Startup Time": 0.099,
                                                                            "Actual Total Time": 0.1,
                                                                            "Actual Rows": 3,
                                                                            "Actual Loops": 1
                                                                        },
                                                                        {
                                                                            "Worker Number": 3,
                                                                            "Actual Startup Time": 0.1,
                                                                            "Actual Total Time": 0.101,
                                                                            "Actual Rows": 3,
                                                                            "Actual Loops": 1
                                                                        }
                                                                    ],
                                                                    "Plans": [
                                                                        {
                                                                            "Node Type": "Seq Scan",
                                                                            "Parent Relationship": "Outer",
                                                                            "Parallel Aware": false,
                                                                            "Relation Name": "company_type",
                                                                            "Schema": "public",
                                                                            "Alias": "ct",
                                                                            "Startup Cost": 0.0,
                                                                            "Total Cost": 1.05,
                                                                            "Plan Rows": 3,
                                                                            "Plan Width": 4,
                                                                            "Actual Startup Time": 0.056,
                                                                            "Actual Total Time": 0.059,
                                                                            "Actual Rows": 3,
                                                                            "Actual Loops": 5,
                                                                            "Output": [
                                                                                "ct.id"
                                                                            ],
                                                                            "Filter": "((ct.kind IS NOT NULL) AND ((ct.kind)::text <> 'distributors'::text))",
                                                                            "Rows Removed by Filter": 1,
                                                                            "Workers": [
                                                                                {
                                                                                    "Worker Number": 0,
                                                                                    "Actual Startup Time": 0.063,
                                                                                    "Actual Total Time": 0.067,
                                                                                    "Actual Rows": 3,
                                                                                    "Actual Loops": 1
                                                                                },
                                                                                {
                                                                                    "Worker Number": 1,
                                                                                    "Actual Startup Time": 0.065,
                                                                                    "Actual Total Time": 0.069,
                                                                                    "Actual Rows": 3,
                                                                                    "Actual Loops": 1
                                                                                },
                                                                                {
                                                                                    "Worker Number": 2,
                                                                                    "Actual Startup Time": 0.07,
                                                                                    "Actual Total Time": 0.074,
                                                                                    "Actual Rows": 3,
                                                                                    "Actual Loops": 1
                                                                                },
                                                                                {
                                                                                    "Worker Number": 3,
                                                                                    "Actual Startup Time": 0.071,
                                                                                    "Actual Total Time": 0.075,
                                                                                    "Actual Rows": 3,
                                                                                    "Actual Loops": 1
                                                                                }
                                                                            ]
                                                                        }
                                                                    ]
                                                                }
                                                            ]
                                                        }
                                                    ]
                                                }
                                            ]
                                        }
                                    ]
                                },
                                {
                                    "Node Type": "Hash",
                                    "Parent Relationship": "Inner",
                                    "Parallel Aware": false,
                                    "Startup Cost": 2793.84,
                                    "Total Cost": 2793.84,
                                    "Plan Rows": 3,
                                    "Plan Width": 4,
                                    "Actual Startup Time": 33.104,
                                    "Actual Total Time": 33.104,
                                    "Actual Rows": 2,
                                    "Actual Loops": 1,
                                    "Output": [
                                        "k.id"
                                    ],
                                    "Hash Buckets": 1024,
                                    "Original Hash Buckets": 1024,
                                    "Hash Batches": 1,
                                    "Original Hash Batches": 1,
                                    "Peak Memory Usage": 9,
                                    "Plans": [
                                        {
                                            "Node Type": "Seq Scan",
                                            "Parent Relationship": "Outer",
                                            "Parallel Aware": false,
                                            "Relation Name": "keyword",
                                            "Schema": "public",
                                            "Alias": "k",
                                            "Startup Cost": 0.0,
                                            "Total Cost": 2793.84,
                                            "Plan Rows": 3,
                                            "Plan Width": 4,
                                            "Actual Startup Time": 1.667,
                                            "Actual Total Time": 33.09,
                                            "Actual Rows": 2,
                                            "Actual Loops": 1,
                                            "Output": [
                                                "k.id"
                                            ],
                                            "Filter": "(k.keyword = ANY ('{murder-in-title,violence,character-name-in-title}'::text[]))",
                                            "Rows Removed by Filter": 134168
                                        }
                                    ]
                                }
                            ]
                        },
                        {
                            "Node Type": "Hash",
                            "Parent Relationship": "Inner",
                            "Parallel Aware": false,
                            "Startup Cost": 1.18,
                            "Total Cost": 1.18,
                            "Plan Rows": 18,
                            "Plan Width": 4,
                            "Actual Startup Time": 0.034,
                            "Actual Total Time": 0.036,
                            "Actual Rows": 18,
                            "Actual Loops": 1,
                            "Output": [
                                "lt.id"
                            ],
                            "Hash Buckets": 1024,
                            "Original Hash Buckets": 1024,
                            "Hash Batches": 1,
                            "Original Hash Batches": 1,
                            "Peak Memory Usage": 9,
                            "Plans": [
                                {
                                    "Node Type": "Seq Scan",
                                    "Parent Relationship": "Outer",
                                    "Parallel Aware": false,
                                    "Relation Name": "link_type",
                                    "Schema": "public",
                                    "Alias": "lt",
                                    "Startup Cost": 0.0,
                                    "Total Cost": 1.18,
                                    "Plan Rows": 18,
                                    "Plan Width": 4,
                                    "Actual Startup Time": 0.011,
                                    "Actual Total Time": 0.016,
                                    "Actual Rows": 18,
                                    "Actual Loops": 1,
                                    "Output": [
                                        "lt.id"
                                    ]
                                }
                            ]
                        }
                    ]
                }
            ]
        },
        "Planning Time": 742.901,
        "Triggers": [],
        "Execution Time": 145.578
    }
]