[
  {
    "Plan": {
      "Node Type": "Aggregate",
      "Strategy": "Plain",
      "Partial Mode": "Finalize",
      "Parallel Aware": false,
      "Startup Cost": 96775.85,
      "Total Cost": 96775.86,
      "Plan Rows": 1,
      "Plan Width": 8,
      "Actual Startup Time": 474.396,
      "Actual Total Time": 492.2,
      "Actual Rows": 1,
      "Actual Loops": 1,
      "Plans": [
        {
          "Node Type": "Gather",
          "Parent Relationship": "Outer",
          "Parallel Aware": false,
          "Startup Cost": 96775.53,
          "Total Cost": 96775.84,
          "Plan Rows": 3,
          "Plan Width": 8,
          "Actual Startup Time": 467.643,
          "Actual Total Time": 492.189,
          "Actual Rows": 4,
          "Actual Loops": 1,
          "Workers Planned": 3,
          "Workers Launched": 3,
          "Single Copy": false,
          "Plans": [
            {
              "Node Type": "Aggregate",
              "Strategy": "Plain",
              "Partial Mode": "Partial",
              "Parent Relationship": "Outer",
              "Parallel Aware": false,
              "Startup Cost": 95775.53,
              "Total Cost": 95775.54,
              "Plan Rows": 1,
              "Plan Width": 8,
              "Actual Startup Time": 458.833,
              "Actual Total Time": 459.071,
              "Actual Rows": 1,
              "Actual Loops": 4,
              "Plans": [
                {
                  "Node Type": "Hash Join",
                  "Parent Relationship": "Outer",
                  "Parallel Aware": true,
                  "Join Type": "Inner",
                  "Startup Cost": 48612.35,
                  "Total Cost": 94550.78,
                  "Plan Rows": 489899,
                  "Plan Width": 0,
                  "Actual Startup Time": 240.043,
                  "Actual Total Time": 454.875,
                  "Actual Rows": 92860,
                  "Actual Loops": 4,
                  "Inner Unique": true,
                  "Hash Cond": "(mk.movie_id = t.id)",
                  "Plans": [
                    {
                      "Node Type": "Seq Scan",
                      "Parent Relationship": "Outer",
                      "Parallel Aware": true,
                      "Relation Name": "movie_keyword",
                      "Alias": "mk",
                      "Startup Cost": 0.0,
                      "Total Cost": 42695.65,
                      "Plan Rows": 1235345,
                      "Plan Width": 4,
                      "Actual Startup Time": 0.026,
                      "Actual Total Time": 117.846,
                      "Actual Rows": 960408,
                      "Actual Loops": 4,
                      "Filter": "(keyword_id < 27549)",
                      "Rows Removed by Filter": 170575
                    },
                    {
                      "Node Type": "Hash",
                      "Parent Relationship": "Inner",
                      "Parallel Aware": true,
                      "Startup Cost": 45479.1,
                      "Total Cost": 45479.1,
                      "Plan Rows": 250660,
                      "Plan Width": 4,
                      "Actual Startup Time": 234.837,
                      "Actual Total Time": 234.838,
                      "Actual Rows": 274774,
                      "Actual Loops": 4,
                      "Hash Buckets": 2097152,
                      "Original Hash Buckets": 1048576,
                      "Hash Batches": 1,
                      "Original Hash Batches": 1,
                      "Peak Memory Usage": 67648,
                      "Plans": [
                        {
                          "Node Type": "Seq Scan",
                          "Parent Relationship": "Outer",
                          "Parallel Aware": true,
                          "Relation Name": "title",
                          "Alias": "t",
                          "Startup Cost": 0.0,
                          "Total Cost": 45479.1,
                          "Plan Rows": 250660,
                          "Plan Width": 4,
                          "Actual Startup Time": 0.041,
                          "Actual Total Time": 110.265,
                          "Actual Rows": 274774,
                          "Actual Loops": 4,
                          "Filter": "((production_year > 1994) AND (kind_id = 7))",
                          "Rows Removed by Filter": 357304
                        }
                      ]
                    }
                  ]
                }
              ]
            }
          ]
        }
      ]
    },
    "Planning Time": 0.63,
    "Triggers": [],
    "Execution Time": 492.269
  }
]