[
  {
    "Plan": {
      "Node Type": "Aggregate",
      "Strategy": "Plain",
      "Partial Mode": "Finalize",
      "Parallel Aware": false,
      "Startup Cost": 331876.89,
      "Total Cost": 331876.9,
      "Plan Rows": 1,
      "Plan Width": 8,
      "Actual Startup Time": 576.287,
      "Actual Total Time": 630.975,
      "Actual Rows": 1,
      "Actual Loops": 1,
      "Plans": [
        {
          "Node Type": "Gather",
          "Parent Relationship": "Outer",
          "Parallel Aware": false,
          "Startup Cost": 331876.27,
          "Total Cost": 331876.88,
          "Plan Rows": 6,
          "Plan Width": 8,
          "Actual Startup Time": 576.102,
          "Actual Total Time": 630.963,
          "Actual Rows": 7,
          "Actual Loops": 1,
          "Workers Planned": 6,
          "Workers Launched": 6,
          "Single Copy": false,
          "Plans": [
            {
              "Node Type": "Aggregate",
              "Strategy": "Plain",
              "Partial Mode": "Partial",
              "Parent Relationship": "Outer",
              "Parallel Aware": false,
              "Startup Cost": 330876.27,
              "Total Cost": 330876.28,
              "Plan Rows": 1,
              "Plan Width": 8,
              "Actual Startup Time": 569.282,
              "Actual Total Time": 569.283,
              "Actual Rows": 1,
              "Actual Loops": 7,
              "Plans": [
                {
                  "Node Type": "Seq Scan",
                  "Parent Relationship": "Outer",
                  "Parallel Aware": true,
                  "Relation Name": "cast_info",
                  "Alias": "ci",
                  "Startup Cost": 0.0,
                  "Total Cost": 328211.39,
                  "Plan Rows": 1065950,
                  "Plan Width": 0,
                  "Actual Startup Time": 326.621,
                  "Actual Total Time": 524.516,
                  "Actual Rows": 903148,
                  "Actual Loops": 7,
                  "Filter": "(person_id > 3020753)",
                  "Rows Removed by Filter": 4274615
                }
              ]
            }
          ]
        }
      ]
    },
    "Planning Time": 0.107,
    "Triggers": [],
    "Execution Time": 631.02
  }
]