[
  {
    "Plan": {
      "Node Type": "Aggregate",
      "Strategy": "Plain",
      "Partial Mode": "Finalize",
      "Parallel Aware": false,
      "Startup Cost": 451670.47,
      "Total Cost": 451670.48,
      "Plan Rows": 1,
      "Plan Width": 8,
      "Actual Startup Time": 1427.937,
      "Actual Total Time": 1489.903,
      "Actual Rows": 1,
      "Actual Loops": 1,
      "Plans": [
        {
          "Node Type": "Gather",
          "Parent Relationship": "Outer",
          "Parallel Aware": false,
          "Startup Cost": 451669.84,
          "Total Cost": 451670.45,
          "Plan Rows": 6,
          "Plan Width": 8,
          "Actual Startup Time": 1413.718,
          "Actual Total Time": 1489.892,
          "Actual Rows": 7,
          "Actual Loops": 1,
          "Workers Planned": 6,
          "Workers Launched": 6,
          "Single Copy": false,
          "Plans": [
            {
              "Node Type": "Aggregate",
              "Strategy": "Plain",
              "Partial Mode": "Partial",
              "Parent Relationship": "Outer",
              "Parallel Aware": false,
              "Startup Cost": 450669.84,
              "Total Cost": 450669.85,
              "Plan Rows": 1,
              "Plan Width": 8,
              "Actual Startup Time": 1401.398,
              "Actual Total Time": 1401.499,
              "Actual Rows": 1,
              "Actual Loops": 7,
              "Plans": [
                {
                  "Node Type": "Hash Join",
                  "Parent Relationship": "Outer",
                  "Parallel Aware": true,
                  "Join Type": "Inner",
                  "Startup Cost": 94937.16,
                  "Total Cost": 448883.12,
                  "Plan Rows": 714688,
                  "Plan Width": 0,
                  "Actual Startup Time": 641.189,
                  "Actual Total Time": 1347.842,
                  "Actual Rows": 1333821,
                  "Actual Loops": 7,
                  "Inner Unique": false,
                  "Hash Cond": "(ci.movie_id = t.id)",
                  "Plans": [
                    {
                      "Node Type": "Seq Scan",
                      "Parent Relationship": "Outer",
                      "Parallel Aware": true,
                      "Relation Name": "cast_info",
                      "Alias": "ci",
                      "Startup Cost": 0.0,
                      "Total Cost": 343257.03,
                      "Plan Rows": 2235595,
                      "Plan Width": 4,
                      "Actual Startup Time": 316.605,
                      "Actual Total Time": 622.706,
                      "Actual Rows": 2032252,
                      "Actual Loops": 7,
                      "Filter": "((person_id > 654937) AND (role_id > 2))",
                      "Rows Removed by Filter": 3145512
                    },
                    {
                      "Node Type": "Hash",
                      "Parent Relationship": "Inner",
                      "Parallel Aware": true,
                      "Startup Cost": 91678.05,
                      "Total Cost": 91678.05,
                      "Plan Rows": 260729,
                      "Plan Width": 8,
                      "Actual Startup Time": 321.331,
                      "Actual Total Time": 321.43,
                      "Actual Rows": 164111,
                      "Actual Loops": 7,
                      "Hash Buckets": 2097152,
                      "Original Hash Buckets": 1048576,
                      "Hash Batches": 1,
                      "Original Hash Batches": 1,
                      "Peak Memory Usage": 69600,
                      "Plans": [
                        {
                          "Node Type": "Hash Join",
                          "Parent Relationship": "Outer",
                          "Parallel Aware": true,
                          "Join Type": "Inner",
                          "Startup Cost": 45414.53,
                          "Total Cost": 91678.05,
                          "Plan Rows": 260729,
                          "Plan Width": 8,
                          "Actual Startup Time": 110.301,
                          "Actual Total Time": 250.242,
                          "Actual Rows": 164111,
                          "Actual Loops": 7,
                          "Inner Unique": true,
                          "Hash Cond": "(mk.movie_id = t.id)",
                          "Plans": [
                            {
                              "Node Type": "Seq Scan",
                              "Parent Relationship": "Outer",
                              "Parallel Aware": true,
                              "Relation Name": "movie_keyword",
                              "Alias": "mk",
                              "Startup Cost": 0.0,
                              "Total Cost": 42695.65,
                              "Plan Rows": 1359183,
                              "Plan Width": 4,
                              "Actual Startup Time": 0.026,
                              "Actual Total Time": 73.163,
                              "Actual Rows": 602853,
                              "Actual Loops": 7,
                              "Filter": "(keyword_id < 53259)",
                              "Rows Removed by Filter": 43423
                            },
                            {
                              "Node Type": "Hash",
                              "Parent Relationship": "Inner",
                              "Parallel Aware": true,
                              "Startup Cost": 43898.92,
                              "Total Cost": 43898.92,
                              "Plan Rows": 121249,
                              "Plan Width": 4,
                              "Actual Startup Time": 109.267,
                              "Actual Total Time": 109.268,
                              "Actual Rows": 70576,
                              "Actual Loops": 7,
                              "Hash Buckets": 524288,
                              "Original Hash Buckets": 524288,
                              "Hash Batches": 1,
                              "Original Hash Batches": 1,
                              "Peak Memory Usage": 23520,
                              "Plans": [
                                {
                                  "Node Type": "Seq Scan",
                                  "Parent Relationship": "Outer",
                                  "Parallel Aware": true,
                                  "Relation Name": "title",
                                  "Alias": "t",
                                  "Startup Cost": 0.0,
                                  "Total Cost": 43898.92,
                                  "Plan Rows": 121249,
                                  "Plan Width": 4,
                                  "Actual Startup Time": 0.051,
                                  "Actual Total Time": 75.948,
                                  "Actual Rows": 70576,
                                  "Actual Loops": 7,
                                  "Filter": "(production_year < 1979)",
                                  "Rows Removed by Filter": 290612
                                }
                              ]
                            }
                          ]
                        }
                      ]
                    }
                  ]
                }
              ]
            }
          ]
        }
      ]
    },
    "Planning Time": 1.369,
    "Triggers": [],
    "Execution Time": 1490.006
  }
]