[
  {
    "Plan": {
      "Node Type": "Aggregate",
      "Strategy": "Plain",
      "Partial Mode": "Finalize",
      "Parallel Aware": false,
      "Startup Cost": 31197.66,
      "Total Cost": 31197.67,
      "Plan Rows": 1,
      "Plan Width": 8,
      "Actual Startup Time": 104.196,
      "Actual Total Time": 109.915,
      "Actual Rows": 1,
      "Actual Loops": 1,
      "Plans": [
        {
          "Node Type": "Gather",
          "Parent Relationship": "Outer",
          "Parallel Aware": false,
          "Startup Cost": 31197.34,
          "Total Cost": 31197.65,
          "Plan Rows": 3,
          "Plan Width": 8,
          "Actual Startup Time": 104.06,
          "Actual Total Time": 109.904,
          "Actual Rows": 4,
          "Actual Loops": 1,
          "Workers Planned": 3,
          "Workers Launched": 3,
          "Single Copy": false,
          "Plans": [
            {
              "Node Type": "Aggregate",
              "Strategy": "Plain",
              "Partial Mode": "Partial",
              "Parent Relationship": "Outer",
              "Parallel Aware": false,
              "Startup Cost": 30197.34,
              "Total Cost": 30197.35,
              "Plan Rows": 1,
              "Plan Width": 8,
              "Actual Startup Time": 99.518,
              "Actual Total Time": 99.519,
              "Actual Rows": 1,
              "Actual Loops": 4,
              "Plans": [
                {
                  "Node Type": "Seq Scan",
                  "Parent Relationship": "Outer",
                  "Parallel Aware": true,
                  "Relation Name": "movie_companies",
                  "Alias": "mc",
                  "Startup Cost": 0.0,
                  "Total Cost": 29310.68,
                  "Plan Rows": 354665,
                  "Plan Width": 0,
                  "Actual Startup Time": 18.788,
                  "Actual Total Time": 84.594,
                  "Actual Rows": 273287,
                  "Actual Loops": 4,
                  "Filter": "(company_id > 14161)",
                  "Rows Removed by Filter": 378995
                }
              ]
            }
          ]
        }
      ]
    },
    "Planning Time": 0.198,
    "Triggers": [],
    "Execution Time": 109.97
  }
]