[
    {
        "Bao": {
            "Bao prediction": 1593.44,
            "Bao recommended hint": "SET enable_nestloop TO off; "
        }
    },
    {
        "Plan": {
            "Node Type": "Aggregate",
            "Strategy": "Plain",
            "Partial Mode": "Simple",
            "Parallel Aware": false,
            "Startup Cost": 10001358572.42,
            "Total Cost": 10001358572.43,
            "Plan Rows": 1,
            "Plan Width": 8,
            "Actual Startup Time": 10448.767,
            "Actual Total Time": 10448.773,
            "Actual Rows": 1,
            "Actual Loops": 1,
            "Output": [
                "count(*)"
            ],
            "Plans": [
                {
                    "Node Type": "Hash Join",
                    "Parent Relationship": "Outer",
                    "Parallel Aware": false,
                    "Join Type": "Inner",
                    "Startup Cost": 10001275376.09,
                    "Total Cost": 10001358572.41,
                    "Plan Rows": 2,
                    "Plan Width": 0,
                    "Actual Startup Time": 9853.007,
                    "Actual Total Time": 10447.995,
                    "Actual Rows": 12177,
                    "Actual Loops": 1,
                    "Inner Unique": false,
                    "Hash Cond": "(mk.movie_id = mi.movie_id)",
                    "Plans": [
                        {
                            "Node Type": "Hash Join",
                            "Parent Relationship": "Outer",
                            "Parallel Aware": false,
                            "Join Type": "Inner",
                            "Startup Cost": 2626.29,
                            "Total Cost": 84195.28,
                            "Plan Rows": 438,
                            "Plan Width": 4,
                            "Actual Startup Time": 67.376,
                            "Actual Total Time": 655.291,
                            "Actual Rows": 26831,
                            "Actual Loops": 1,
                            "Output": [
                                "mk.movie_id"
                            ],
                            "Inner Unique": true,
                            "Hash Cond": "(mk.keyword_id = k.id)",
                            "Plans": [
                                {
                                    "Node Type": "Seq Scan",
                                    "Parent Relationship": "Outer",
                                    "Parallel Aware": false,
                                    "Relation Name": "movie_keyword",
                                    "Schema": "public",
                                    "Alias": "mk",
                                    "Startup Cost": 0.0,
                                    "Total Cost": 69693.3,
                                    "Plan Rows": 4523930,
                                    "Plan Width": 8,
                                    "Actual Startup Time": 0.01,
                                    "Actual Total Time": 289.2,
                                    "Actual Rows": 4523930,
                                    "Actual Loops": 1,
                                    "Output": [
                                        "mk.id",
                                        "mk.movie_id",
                                        "mk.keyword_id"
                                    ]
                                },
                                {
                                    "Node Type": "Hash",
                                    "Parent Relationship": "Inner",
                                    "Parallel Aware": false,
                                    "Startup Cost": 2626.12,
                                    "Total Cost": 2626.12,
                                    "Plan Rows": 13,
                                    "Plan Width": 4,
                                    "Actual Startup Time": 67.189,
                                    "Actual Total Time": 67.19,
                                    "Actual Rows": 387,
                                    "Actual Loops": 1,
                                    "Output": [
                                        "k.id"
                                    ],
                                    "Hash Buckets": 1024,
                                    "Original Hash Buckets": 1024,
                                    "Hash Batches": 1,
                                    "Original Hash Batches": 1,
                                    "Peak Memory Usage": 22,
                                    "Plans": [
                                        {
                                            "Node Type": "Seq Scan",
                                            "Parent Relationship": "Outer",
                                            "Parallel Aware": false,
                                            "Relation Name": "keyword",
                                            "Schema": "public",
                                            "Alias": "k",
                                            "Startup Cost": 0.0,
                                            "Total Cost": 2626.12,
                                            "Plan Rows": 13,
                                            "Plan Width": 4,
                                            "Actual Startup Time": 0.799,
                                            "Actual Total Time": 66.936,
                                            "Actual Rows": 387,
                                            "Actual Loops": 1,
                                            "Output": [
                                                "k.id"
                                            ],
                                            "Filter": "(k.keyword ~~* '%fight%'::text)",
                                            "Rows Removed by Filter": 133783
                                        }
                                    ]
                                }
                            ]
                        },
                        {
                            "Node Type": "Hash",
                            "Parent Relationship": "Inner",
                            "Parallel Aware": false,
                            "Startup Cost": 10001272584.38,
                            "Total Cost": 10001272584.38,
                            "Plan Rows": 13234,
                            "Plan Width": 8,
                            "Actual Startup Time": 9785.109,
                            "Actual Total Time": 9785.113,
                            "Actual Rows": 46769,
                            "Actual Loops": 1,
                            "Output": [
                                "t.id",
                                "mi.movie_id"
                            ],
                            "Hash Buckets": 65536,
                            "Original Hash Buckets": 16384,
                            "Hash Batches": 1,
                            "Original Hash Batches": 1,
                            "Peak Memory Usage": 2339,
                            "Plans": [
                                {
                                    "Node Type": "Merge Join",
                                    "Parent Relationship": "Outer",
                                    "Parallel Aware": false,
                                    "Join Type": "Inner",
                                    "Startup Cost": 10000000020.25,
                                    "Total Cost": 10001272584.38,
                                    "Plan Rows": 13234,
                                    "Plan Width": 8,
                                    "Actual Startup Time": 7.895,
                                    "Actual Total Time": 9768.112,
                                    "Actual Rows": 46769,
                                    "Actual Loops": 1,
                                    "Output": [
                                        "t.id",
                                        "mi.movie_id"
                                    ],
                                    "Inner Unique": true,
                                    "Merge Cond": "(mi.movie_id = t.id)",
                                    "Plans": [
                                        {
                                            "Node Type": "Nested Loop",
                                            "Parent Relationship": "Outer",
                                            "Parallel Aware": false,
                                            "Join Type": "Inner",
                                            "Startup Cost": 10000000000.43,
                                            "Total Cost": 10001155856.15,
                                            "Plan Rows": 13234,
                                            "Plan Width": 4,
                                            "Actual Startup Time": 3.815,
                                            "Actual Total Time": 8325.62,
                                            "Actual Rows": 46769,
                                            "Actual Loops": 1,
                                            "Output": [
                                                "mi.movie_id"
                                            ],
                                            "Inner Unique": false,
                                            "Plans": [
                                                {
                                                    "Node Type": "Index Scan",
                                                    "Parent Relationship": "Outer",
                                                    "Parallel Aware": false,
                                                    "Scan Direction": "Forward",
                                                    "Index Name": "movie_id_movie_info",
                                                    "Relation Name": "movie_info",
                                                    "Schema": "public",
                                                    "Alias": "mi",
                                                    "Startup Cost": 0.43,
                                                    "Total Cost": 1155688.31,
                                                    "Plan Rows": 13234,
                                                    "Plan Width": 8,
                                                    "Actual Startup Time": 3.792,
                                                    "Actual Total Time": 8309.803,
                                                    "Actual Rows": 46769,
                                                    "Actual Loops": 1,
                                                    "Output": [
                                                        "mi.id",
                                                        "mi.movie_id",
                                                        "mi.info_type_id",
                                                        "mi.info",
                                                        "mi.note"
                                                    ],
                                                    "Filter": "((mi.info ~~* '%action%'::text) AND (mi.info_type_id = 3))",
                                                    "Rows Removed by Filter": 14788951
                                                },
                                                {
                                                    "Node Type": "Materialize",
                                                    "Parent Relationship": "Inner",
                                                    "Parallel Aware": false,
                                                    "Startup Cost": 0.0,
                                                    "Total Cost": 2.42,
                                                    "Plan Rows": 1,
                                                    "Plan Width": 4,
                                                    "Actual Startup Time": 0.0,
                                                    "Actual Total Time": 0.0,
                                                    "Actual Rows": 1,
                                                    "Actual Loops": 46769,
                                                    "Output": [
                                                        "it.id"
                                                    ],
                                                    "Plans": [
                                                        {
                                                            "Node Type": "Seq Scan",
                                                            "Parent Relationship": "Outer",
                                                            "Parallel Aware": false,
                                                            "Relation Name": "info_type",
                                                            "Schema": "public",
                                                            "Alias": "it",
                                                            "Startup Cost": 0.0,
                                                            "Total Cost": 2.41,
                                                            "Plan Rows": 1,
                                                            "Plan Width": 4,
                                                            "Actual Startup Time": 0.013,
                                                            "Actual Total Time": 0.019,
                                                            "Actual Rows": 1,
                                                            "Actual Loops": 1,
                                                            "Output": [
                                                                "it.id"
                                                            ],
                                                            "Filter": "(it.id = 3)",
                                                            "Rows Removed by Filter": 112
                                                        }
                                                    ]
                                                }
                                            ]
                                        },
                                        {
                                            "Node Type": "Index Only Scan",
                                            "Parent Relationship": "Inner",
                                            "Parallel Aware": false,
                                            "Scan Direction": "Forward",
                                            "Index Name": "title_pkey",
                                            "Relation Name": "title",
                                            "Schema": "public",
                                            "Alias": "t",
                                            "Startup Cost": 0.43,
                                            "Total Cost": 110352.4,
                                            "Plan Rows": 2528423,
                                            "Plan Width": 4,
                                            "Actual Startup Time": 0.037,
                                            "Actual Total Time": 1313.49,
                                            "Actual Rows": 2525808,
                                            "Actual Loops": 1,
                                            "Output": [
                                                "t.id"
                                            ],
                                            "Heap Fetches": 2525808
                                        }
                                    ]
                                }
                            ]
                        }
                    ]
                }
            ]
        },
        "Planning Time": 306.691,
        "Triggers": [],
        "Execution Time": 10449.133
    }
]