{
  "Plan": {
    "Node Type": "Aggregate",
    "Strategy": "Plain",
    "Partial Mode": "Finalize",
    "Parallel Aware": false,
    "Startup Cost": 85559.97,
    "Total Cost": 85559.98,
    "Plan Rows": 1,
    "Plan Width": 8,
    "Actual Startup Time": 333.591,
    "Actual Total Time": 344.08,
    "Actual Rows": 1,
    "Actual Loops": 1,
    "Plans": [
      {
        "Node Type": "Gather",
        "Parent Relationship": "Outer",
        "Parallel Aware": false,
        "Startup Cost": 85559.85,
        "Total Cost": 85559.96,
        "Plan Rows": 1,
        "Plan Width": 8,
        "Actual Startup Time": 333.315,
        "Actual Total Time": 344.071,
        "Actual Rows": 2,
        "Actual Loops": 1,
        "Workers Planned": 1,
        "Workers Launched": 1,
        "Single Copy": false,
        "Plans": [
          {
            "Node Type": "Aggregate",
            "Strategy": "Plain",
            "Partial Mode": "Partial",
            "Parent Relationship": "Outer",
            "Parallel Aware": false,
            "Startup Cost": 84559.85,
            "Total Cost": 84559.86,
            "Plan Rows": 1,
            "Plan Width": 8,
            "Actual Startup Time": 327.036,
            "Actual Total Time": 327.041,
            "Actual Rows": 1,
            "Actual Loops": 2,
            "Plans": [
              {
                "Node Type": "Hash Join",
                "Parent Relationship": "Outer",
                "Parallel Aware": true,
                "Join Type": "Inner",
                "Startup Cost": 23486.09,
                "Total Cost": 84551.16,
                "Plan Rows": 3479,
                "Plan Width": 0,
                "Actual Startup Time": 93.296,
                "Actual Total Time": 327.016,
                "Actual Rows": 129,
                "Actual Loops": 2,
                "Inner Unique": false,
                "Hash Cond": "(mk.movie_id = t.id)",
                "Plans": [
                  {
                    "Node Type": "Seq Scan",
                    "Parent Relationship": "Outer",
                    "Parallel Aware": true,
                    "Relation Name": "movie_keyword",
                    "Alias": "mk",
                    "Startup Cost": 0.0,
                    "Total Cost": 51065.35,
                    "Plan Rows": 2661135,
                    "Plan Width": 4,
                    "Actual Startup Time": 0.017,
                    "Actual Total Time": 152.169,
                    "Actual Rows": 2261965,
                    "Actual Loops": 2
                  },
                  {
                    "Node Type": "Hash",
                    "Parent Relationship": "Inner",
                    "Parallel Aware": true,
                    "Startup Cost": 23461.79,
                    "Total Cost": 23461.79,
                    "Plan Rows": 1944,
                    "Plan Width": 8,
                    "Actual Startup Time": 25.334,
                    "Actual Total Time": 25.337,
                    "Actual Rows": 2240,
                    "Actual Loops": 2,
                    "Hash Buckets": 4096,
                    "Original Hash Buckets": 4096,
                    "Hash Batches": 1,
                    "Original Hash Batches": 1,
                    "Peak Memory Usage": 224,
                    "Plans": [
                      {
                        "Node Type": "Nested Loop",
                        "Parent Relationship": "Outer",
                        "Parallel Aware": false,
                        "Join Type": "Inner",
                        "Startup Cost": 74.47,
                        "Total Cost": 23461.79,
                        "Plan Rows": 1944,
                        "Plan Width": 8,
                        "Actual Startup Time": 1.822,
                        "Actual Total Time": 24.121,
                        "Actual Rows": 2240,
                        "Actual Loops": 2,
                        "Inner Unique": true,
                        "Plans": [
                          {
                            "Node Type": "Bitmap Heap Scan",
                            "Parent Relationship": "Outer",
                            "Parallel Aware": true,
                            "Relation Name": "movie_companies",
                            "Alias": "mc",
                            "Startup Cost": 74.04,
                            "Total Cost": 8585.64,
                            "Plan Rows": 1944,
                            "Plan Width": 4,
                            "Actual Startup Time": 1.668,
                            "Actual Total Time": 6.537,
                            "Actual Rows": 2240,
                            "Actual Loops": 2,
                            "Recheck Cond": "(company_id = 11373)",
                            "Rows Removed by Index Recheck": 0,
                            "Exact Heap Blocks": 1990,
                            "Lossy Heap Blocks": 0,
                            "Plans": [
                              {
                                "Node Type": "Bitmap Index Scan",
                                "Parent Relationship": "Outer",
                                "Parallel Aware": false,
                                "Index Name": "company_id_movie_companies",
                                "Startup Cost": 0.0,
                                "Total Cost": 73.22,
                                "Plan Rows": 3305,
                                "Plan Width": 0,
                                "Actual Startup Time": 2.143,
                                "Actual Total Time": 2.144,
                                "Actual Rows": 4481,
                                "Actual Loops": 1,
                                "Index Cond": "(company_id = 11373)"
                              }
                            ]
                          },
                          {
                            "Node Type": "Index Only Scan",
                            "Parent Relationship": "Inner",
                            "Parallel Aware": false,
                            "Scan Direction": "Forward",
                            "Index Name": "title_pkey",
                            "Relation Name": "title",
                            "Alias": "t",
                            "Startup Cost": 0.43,
                            "Total Cost": 7.65,
                            "Plan Rows": 1,
                            "Plan Width": 4,
                            "Actual Startup Time": 0.007,
                            "Actual Total Time": 0.007,
                            "Actual Rows": 1,
                            "Actual Loops": 4481,
                            "Index Cond": "(id = mc.movie_id)",
                            "Rows Removed by Index Recheck": 0,
                            "Heap Fetches": 4481
                          }
                        ]
                      }
                    ]
                  }
                ]
              }
            ]
          }
        ]
      }
    ]
  },
  "Planning Time": 1.065,
  "Triggers": [],
  "Execution Time": 344.181
}