[
  {
    "Plan": {
      "Node Type": "Aggregate",
      "Strategy": "Plain",
      "Partial Mode": "Finalize",
      "Parallel Aware": false,
      "Startup Cost": 80235.65,
      "Total Cost": 80235.66,
      "Plan Rows": 1,
      "Plan Width": 8,
      "Actual Startup Time": 350.699,
      "Actual Total Time": 366.433,
      "Actual Rows": 1,
      "Actual Loops": 1,
      "Plans": [
        {
          "Node Type": "Gather",
          "Parent Relationship": "Outer",
          "Parallel Aware": false,
          "Startup Cost": 80235.33,
          "Total Cost": 80235.64,
          "Plan Rows": 3,
          "Plan Width": 8,
          "Actual Startup Time": 348.366,
          "Actual Total Time": 366.422,
          "Actual Rows": 4,
          "Actual Loops": 1,
          "Workers Planned": 3,
          "Workers Launched": 3,
          "Single Copy": false,
          "Plans": [
            {
              "Node Type": "Aggregate",
              "Strategy": "Plain",
              "Partial Mode": "Partial",
              "Parent Relationship": "Outer",
              "Parallel Aware": false,
              "Startup Cost": 79235.33,
              "Total Cost": 79235.34,
              "Plan Rows": 1,
              "Plan Width": 8,
              "Actual Startup Time": 339.462,
              "Actual Total Time": 339.465,
              "Actual Rows": 1,
              "Actual Loops": 4,
              "Plans": [
                {
                  "Node Type": "Hash Join",
                  "Parent Relationship": "Outer",
                  "Parallel Aware": true,
                  "Join Type": "Inner",
                  "Startup Cost": 47510.0,
                  "Total Cost": 78760.46,
                  "Plan Rows": 189948,
                  "Plan Width": 0,
                  "Actual Startup Time": 163.149,
                  "Actual Total Time": 335.88,
                  "Actual Rows": 90308,
                  "Actual Loops": 4,
                  "Inner Unique": true,
                  "Hash Cond": "(mc.movie_id = t.id)",
                  "Plans": [
                    {
                      "Node Type": "Seq Scan",
                      "Parent Relationship": "Outer",
                      "Parallel Aware": true,
                      "Relation Name": "movie_companies",
                      "Alias": "mc",
                      "Startup Cost": 0.0,
                      "Total Cost": 29310.68,
                      "Plan Rows": 738964,
                      "Plan Width": 4,
                      "Actual Startup Time": 0.021,
                      "Actual Total Time": 70.51,
                      "Actual Rows": 573104,
                      "Actual Loops": 4,
                      "Filter": "(company_id < 91836)",
                      "Rows Removed by Filter": 79178
                    },
                    {
                      "Node Type": "Hash",
                      "Parent Relationship": "Inner",
                      "Parallel Aware": true,
                      "Startup Cost": 45479.1,
                      "Total Cost": 45479.1,
                      "Plan Rows": 162472,
                      "Plan Width": 4,
                      "Actual Startup Time": 157.635,
                      "Actual Total Time": 157.636,
                      "Actual Rows": 139199,
                      "Actual Loops": 4,
                      "Hash Buckets": 1048576,
                      "Original Hash Buckets": 1048576,
                      "Hash Batches": 1,
                      "Original Hash Batches": 1,
                      "Peak Memory Usage": 30048,
                      "Plans": [
                        {
                          "Node Type": "Seq Scan",
                          "Parent Relationship": "Outer",
                          "Parallel Aware": true,
                          "Relation Name": "title",
                          "Alias": "t",
                          "Startup Cost": 0.0,
                          "Total Cost": 45479.1,
                          "Plan Rows": 162472,
                          "Plan Width": 4,
                          "Actual Startup Time": 0.046,
                          "Actual Total Time": 101.511,
                          "Actual Rows": 139199,
                          "Actual Loops": 4,
                          "Filter": "((production_year < 2001) AND (kind_id = 7))",
                          "Rows Removed by Filter": 492879
                        }
                      ]
                    }
                  ]
                }
              ]
            }
          ]
        }
      ]
    },
    "Planning Time": 0.663,
    "Triggers": [],
    "Execution Time": 366.504
  }
]