[
  {
    "Plan": {
      "Node Type": "Aggregate",
      "Strategy": "Plain",
      "Partial Mode": "Finalize",
      "Parallel Aware": false,
      "Startup Cost": 331151.83,
      "Total Cost": 331151.84,
      "Plan Rows": 1,
      "Plan Width": 8,
      "Actual Startup Time": 663.887,
      "Actual Total Time": 714.9,
      "Actual Rows": 1,
      "Actual Loops": 1,
      "Plans": [
        {
          "Node Type": "Gather",
          "Parent Relationship": "Outer",
          "Parallel Aware": false,
          "Startup Cost": 331151.2,
          "Total Cost": 331151.81,
          "Plan Rows": 6,
          "Plan Width": 8,
          "Actual Startup Time": 663.695,
          "Actual Total Time": 714.89,
          "Actual Rows": 7,
          "Actual Loops": 1,
          "Workers Planned": 6,
          "Workers Launched": 6,
          "Single Copy": false,
          "Plans": [
            {
              "Node Type": "Aggregate",
              "Strategy": "Plain",
              "Partial Mode": "Partial",
              "Parent Relationship": "Outer",
              "Parallel Aware": false,
              "Startup Cost": 330151.2,
              "Total Cost": 330151.21,
              "Plan Rows": 1,
              "Plan Width": 8,
              "Actual Startup Time": 656.918,
              "Actual Total Time": 656.919,
              "Actual Rows": 1,
              "Actual Loops": 7,
              "Plans": [
                {
                  "Node Type": "Seq Scan",
                  "Parent Relationship": "Outer",
                  "Parallel Aware": true,
                  "Relation Name": "cast_info",
                  "Alias": "ci",
                  "Startup Cost": 0.0,
                  "Total Cost": 328211.39,
                  "Plan Rows": 775924,
                  "Plan Width": 0,
                  "Actual Startup Time": 462.094,
                  "Actual Total Time": 622.099,
                  "Actual Rows": 659698,
                  "Actual Loops": 7,
                  "Filter": "(person_id > 3222182)",
                  "Rows Removed by Filter": 4518066
                }
              ]
            }
          ]
        }
      ]
    },
    "Planning Time": 0.1,
    "Triggers": [],
    "Execution Time": 714.944
  }
]