[
  {
    "Plan": {
      "Node Type": "Aggregate",
      "Strategy": "Plain",
      "Partial Mode": "Finalize",
      "Parallel Aware": false,
      "Startup Cost": 331168.56,
      "Total Cost": 331168.57,
      "Plan Rows": 1,
      "Plan Width": 8,
      "Actual Startup Time": 570.296,
      "Actual Total Time": 626.781,
      "Actual Rows": 1,
      "Actual Loops": 1,
      "Plans": [
        {
          "Node Type": "Gather",
          "Parent Relationship": "Outer",
          "Parallel Aware": false,
          "Startup Cost": 331167.93,
          "Total Cost": 331168.54,
          "Plan Rows": 6,
          "Plan Width": 8,
          "Actual Startup Time": 570.195,
          "Actual Total Time": 626.772,
          "Actual Rows": 7,
          "Actual Loops": 1,
          "Workers Planned": 6,
          "Workers Launched": 6,
          "Single Copy": false,
          "Plans": [
            {
              "Node Type": "Aggregate",
              "Strategy": "Plain",
              "Partial Mode": "Partial",
              "Parent Relationship": "Outer",
              "Parallel Aware": false,
              "Startup Cost": 330167.93,
              "Total Cost": 330167.94,
              "Plan Rows": 1,
              "Plan Width": 8,
              "Actual Startup Time": 560.61,
              "Actual Total Time": 560.611,
              "Actual Rows": 1,
              "Actual Loops": 7,
              "Plans": [
                {
                  "Node Type": "Seq Scan",
                  "Parent Relationship": "Outer",
                  "Parallel Aware": true,
                  "Relation Name": "cast_info",
                  "Alias": "ci",
                  "Startup Cost": 0.0,
                  "Total Cost": 328162.03,
                  "Plan Rows": 802363,
                  "Plan Width": 0,
                  "Actual Startup Time": 385.827,
                  "Actual Total Time": 532.638,
                  "Actual Rows": 659698,
                  "Actual Loops": 7,
                  "Filter": "(person_id > 3222182)",
                  "Rows Removed by Filter": 4518066
                }
              ]
            }
          ]
        }
      ]
    },
    "Planning Time": 0.161,
    "Triggers": [],
    "Execution Time": 626.847
  }
]