[
  {
    "Plan": {
      "Node Type": "Aggregate",
      "Strategy": "Plain",
      "Partial Mode": "Finalize",
      "Parallel Aware": false,
      "Startup Cost": 219542.85,
      "Total Cost": 219542.86,
      "Plan Rows": 1,
      "Plan Width": 8,
      "Actual Startup Time": 1612.973,
      "Actual Total Time": 1666.889,
      "Actual Rows": 1,
      "Actual Loops": 1,
      "Plans": [
        {
          "Node Type": "Gather",
          "Parent Relationship": "Outer",
          "Parallel Aware": false,
          "Startup Cost": 219542.54,
          "Total Cost": 219542.85,
          "Plan Rows": 3,
          "Plan Width": 8,
          "Actual Startup Time": 1597.172,
          "Actual Total Time": 1666.876,
          "Actual Rows": 4,
          "Actual Loops": 1,
          "Workers Planned": 3,
          "Workers Launched": 3,
          "Single Copy": false,
          "Plans": [
            {
              "Node Type": "Aggregate",
              "Strategy": "Plain",
              "Partial Mode": "Partial",
              "Parent Relationship": "Outer",
              "Parallel Aware": false,
              "Startup Cost": 218542.54,
              "Total Cost": 218542.55,
              "Plan Rows": 1,
              "Plan Width": 8,
              "Actual Startup Time": 1582.712,
              "Actual Total Time": 1582.717,
              "Actual Rows": 1,
              "Actual Loops": 4,
              "Plans": [
                {
                  "Node Type": "Nested Loop",
                  "Parent Relationship": "Outer",
                  "Parallel Aware": false,
                  "Join Type": "Inner",
                  "Startup Cost": 54953.36,
                  "Total Cost": 217486.67,
                  "Plan Rows": 422348,
                  "Plan Width": 0,
                  "Actual Startup Time": 393.653,
                  "Actual Total Time": 1482.214,
                  "Actual Rows": 2047376,
                  "Actual Loops": 4,
                  "Inner Unique": false,
                  "Plans": [
                    {
                      "Node Type": "Hash Join",
                      "Parent Relationship": "Outer",
                      "Parallel Aware": true,
                      "Join Type": "Inner",
                      "Startup Cost": 54952.93,
                      "Total Cost": 80494.86,
                      "Plan Rows": 71930,
                      "Plan Width": 8,
                      "Actual Startup Time": 393.553,
                      "Actual Total Time": 472.339,
                      "Actual Rows": 55082,
                      "Actual Loops": 4,
                      "Inner Unique": true,
                      "Hash Cond": "(mk.movie_id = t.id)",
                      "Plans": [
                        {
                          "Node Type": "Bitmap Heap Scan",
                          "Parent Relationship": "Outer",
                          "Parallel Aware": true,
                          "Relation Name": "movie_keyword",
                          "Alias": "mk",
                          "Startup Cost": 4732.54,
                          "Total Cost": 30085.66,
                          "Plan Rows": 71930,
                          "Plan Width": 4,
                          "Actual Startup Time": 15.9,
                          "Actual Total Time": 53.256,
                          "Actual Rows": 55082,
                          "Actual Loops": 4,
                          "Recheck Cond": "(keyword_id < 171)",
                          "Rows Removed by Index Recheck": 0,
                          "Exact Heap Blocks": 5195,
                          "Lossy Heap Blocks": 0,
                          "Plans": [
                            {
                              "Node Type": "Bitmap Index Scan",
                              "Parent Relationship": "Outer",
                              "Parallel Aware": false,
                              "Index Name": "keyword_id_movie_keyword",
                              "Startup Cost": 0.0,
                              "Total Cost": 4676.8,
                              "Plan Rows": 222982,
                              "Plan Width": 0,
                              "Actual Startup Time": 12.378,
                              "Actual Total Time": 12.378,
                              "Actual Rows": 220327,
                              "Actual Loops": 1,
                              "Index Cond": "(keyword_id < 171)"
                            }
                          ]
                        },
                        {
                          "Node Type": "Hash",
                          "Parent Relationship": "Inner",
                          "Parallel Aware": true,
                          "Startup Cost": 42319.06,
                          "Total Cost": 42319.06,
                          "Plan Rows": 632106,
                          "Plan Width": 4,
                          "Actual Startup Time": 367.634,
                          "Actual Total Time": 367.635,
                          "Actual Rows": 632078,
                          "Actual Loops": 4,
                          "Hash Buckets": 4194304,
                          "Original Hash Buckets": 4194304,
                          "Hash Batches": 1,
                          "Original Hash Batches": 1,
                          "Peak Memory Usage": 131712,
                          "Plans": [
                            {
                              "Node Type": "Seq Scan",
                              "Parent Relationship": "Outer",
                              "Parallel Aware": true,
                              "Relation Name": "title",
                              "Alias": "t",
                              "Startup Cost": 0.0,
                              "Total Cost": 42319.06,
                              "Plan Rows": 632106,
                              "Plan Width": 4,
                              "Actual Startup Time": 0.047,
                              "Actual Total Time": 105.392,
                              "Actual Rows": 632078,
                              "Actual Loops": 4
                            }
                          ]
                        }
                      ]
                    },
                    {
                      "Node Type": "Index Only Scan",
                      "Parent Relationship": "Inner",
                      "Parallel Aware": false,
                      "Scan Direction": "Forward",
                      "Index Name": "movie_id_movie_info",
                      "Relation Name": "movie_info",
                      "Alias": "mi",
                      "Startup Cost": 0.43,
                      "Total Cost": 1.49,
                      "Plan Rows": 41,
                      "Plan Width": 4,
                      "Actual Startup Time": 0.004,
                      "Actual Total Time": 0.015,
                      "Actual Rows": 37,
                      "Actual Loops": 220327,
                      "Index Cond": "(movie_id = t.id)",
                      "Rows Removed by Index Recheck": 0,
                      "Heap Fetches": 8189502
                    }
                  ]
                }
              ]
            }
          ]
        }
      ]
    },
    "Planning Time": 0.9,
    "Triggers": [],
    "Execution Time": 1666.979
  }
]