[
  {
    "Plan": {
      "Node Type": "Aggregate",
      "Strategy": "Plain",
      "Partial Mode": "Finalize",
      "Parallel Aware": false,
      "Startup Cost": 296230.32,
      "Total Cost": 296230.33,
      "Plan Rows": 1,
      "Plan Width": 8,
      "Actual Startup Time": 181.453,
      "Actual Total Time": 193.864,
      "Actual Rows": 1,
      "Actual Loops": 1,
      "Plans": [
        {
          "Node Type": "Gather",
          "Parent Relationship": "Outer",
          "Parallel Aware": false,
          "Startup Cost": 296229.69,
          "Total Cost": 296230.3,
          "Plan Rows": 6,
          "Plan Width": 8,
          "Actual Startup Time": 180.597,
          "Actual Total Time": 193.848,
          "Actual Rows": 7,
          "Actual Loops": 1,
          "Workers Planned": 6,
          "Workers Launched": 6,
          "Single Copy": false,
          "Plans": [
            {
              "Node Type": "Aggregate",
              "Strategy": "Plain",
              "Partial Mode": "Partial",
              "Parent Relationship": "Outer",
              "Parallel Aware": false,
              "Startup Cost": 295229.69,
              "Total Cost": 295229.7,
              "Plan Rows": 1,
              "Plan Width": 8,
              "Actual Startup Time": 170.517,
              "Actual Total Time": 170.519,
              "Actual Rows": 1,
              "Actual Loops": 7,
              "Plans": [
                {
                  "Node Type": "Bitmap Heap Scan",
                  "Parent Relationship": "Outer",
                  "Parallel Aware": true,
                  "Relation Name": "cast_info",
                  "Alias": "ci",
                  "Startup Cost": 38215.34,
                  "Total Cost": 294508.47,
                  "Plan Rows": 288490,
                  "Plan Width": 0,
                  "Actual Startup Time": 73.032,
                  "Actual Total Time": 155.429,
                  "Actual Rows": 235653,
                  "Actual Loops": 7,
                  "Recheck Cond": "(person_id > 3735269)",
                  "Rows Removed by Index Recheck": 0,
                  "Exact Heap Blocks": 6653,
                  "Lossy Heap Blocks": 0,
                  "Plans": [
                    {
                      "Node Type": "Bitmap Index Scan",
                      "Parent Relationship": "Outer",
                      "Parallel Aware": false,
                      "Index Name": "person_id_cast_info",
                      "Startup Cost": 0.0,
                      "Total Cost": 37782.61,
                      "Plan Rows": 1730939,
                      "Plan Width": 0,
                      "Actual Startup Time": 78.363,
                      "Actual Total Time": 78.364,
                      "Actual Rows": 1649569,
                      "Actual Loops": 1,
                      "Index Cond": "(person_id > 3735269)"
                    }
                  ]
                }
              ]
            }
          ]
        }
      ]
    },
    "Planning Time": 0.209,
    "Triggers": [],
    "Execution Time": 193.945
  }
]