[
  {
    "Plan": {
      "Node Type": "Aggregate",
      "Strategy": "Plain",
      "Partial Mode": "Finalize",
      "Parallel Aware": false,
      "Startup Cost": 33416.83,
      "Total Cost": 33416.84,
      "Plan Rows": 1,
      "Plan Width": 8,
      "Actual Startup Time": 109.881,
      "Actual Total Time": 115.962,
      "Actual Rows": 1,
      "Actual Loops": 1,
      "Plans": [
        {
          "Node Type": "Gather",
          "Parent Relationship": "Outer",
          "Parallel Aware": false,
          "Startup Cost": 33416.52,
          "Total Cost": 33416.83,
          "Plan Rows": 3,
          "Plan Width": 8,
          "Actual Startup Time": 109.737,
          "Actual Total Time": 115.955,
          "Actual Rows": 4,
          "Actual Loops": 1,
          "Workers Planned": 3,
          "Workers Launched": 3,
          "Single Copy": false,
          "Plans": [
            {
              "Node Type": "Aggregate",
              "Strategy": "Plain",
              "Partial Mode": "Partial",
              "Parent Relationship": "Outer",
              "Parallel Aware": false,
              "Startup Cost": 32416.52,
              "Total Cost": 32416.53,
              "Plan Rows": 1,
              "Plan Width": 8,
              "Actual Startup Time": 102.534,
              "Actual Total Time": 102.534,
              "Actual Rows": 1,
              "Actual Loops": 4,
              "Plans": [
                {
                  "Node Type": "Seq Scan",
                  "Parent Relationship": "Outer",
                  "Parallel Aware": true,
                  "Relation Name": "movie_companies",
                  "Alias": "mc",
                  "Startup Cost": 0.0,
                  "Total Cost": 31414.82,
                  "Plan Rows": 400679,
                  "Plan Width": 0,
                  "Actual Startup Time": 49.817,
                  "Actual Total Time": 88.898,
                  "Actual Rows": 324201,
                  "Actual Loops": 4,
                  "Filter": "((company_id > 31) AND (company_type_id = 2))",
                  "Rows Removed by Filter": 328081
                }
              ]
            }
          ]
        }
      ]
    },
    "Planning Time": 0.289,
    "Triggers": [],
    "Execution Time": 116.024
  }
]