[
    {
        "Bao": {
            "Bao prediction": "NaN",
            "Bao recommended hint": "(no hint)"
        }
    },
    {
        "Plan": {
            "Node Type": "Aggregate",
            "Strategy": "Plain",
            "Partial Mode": "Finalize",
            "Parallel Aware": false,
            "Startup Cost": 379224.61,
            "Total Cost": 379224.62,
            "Plan Rows": 1,
            "Plan Width": 8,
            "Actual Startup Time": 898.936,
            "Actual Total Time": 932.617,
            "Actual Rows": 1,
            "Actual Loops": 1,
            "Output": [
                "count(*)"
            ],
            "Plans": [
                {
                    "Node Type": "Gather",
                    "Parent Relationship": "Outer",
                    "Parallel Aware": false,
                    "Startup Cost": 379223.99,
                    "Total Cost": 379224.6,
                    "Plan Rows": 6,
                    "Plan Width": 8,
                    "Actual Startup Time": 887.582,
                    "Actual Total Time": 932.607,
                    "Actual Rows": 7,
                    "Actual Loops": 1,
                    "Output": [
                        "(PARTIAL count(*))"
                    ],
                    "Workers Planned": 6,
                    "Workers Launched": 6,
                    "Single Copy": false,
                    "Plans": [
                        {
                            "Node Type": "Aggregate",
                            "Strategy": "Plain",
                            "Partial Mode": "Partial",
                            "Parent Relationship": "Outer",
                            "Parallel Aware": false,
                            "Startup Cost": 378223.99,
                            "Total Cost": 378224.0,
                            "Plan Rows": 1,
                            "Plan Width": 8,
                            "Actual Startup Time": 877.418,
                            "Actual Total Time": 877.421,
                            "Actual Rows": 1,
                            "Actual Loops": 7,
                            "Output": [
                                "PARTIAL count(*)"
                            ],
                            "Workers": [
                                {
                                    "Worker Number": 0,
                                    "Actual Startup Time": 875.164,
                                    "Actual Total Time": 875.167,
                                    "Actual Rows": 1,
                                    "Actual Loops": 1
                                },
                                {
                                    "Worker Number": 1,
                                    "Actual Startup Time": 876.282,
                                    "Actual Total Time": 876.284,
                                    "Actual Rows": 1,
                                    "Actual Loops": 1
                                },
                                {
                                    "Worker Number": 2,
                                    "Actual Startup Time": 875.777,
                                    "Actual Total Time": 875.779,
                                    "Actual Rows": 1,
                                    "Actual Loops": 1
                                },
                                {
                                    "Worker Number": 3,
                                    "Actual Startup Time": 875.724,
                                    "Actual Total Time": 875.727,
                                    "Actual Rows": 1,
                                    "Actual Loops": 1
                                },
                                {
                                    "Worker Number": 4,
                                    "Actual Startup Time": 875.822,
                                    "Actual Total Time": 875.824,
                                    "Actual Rows": 1,
                                    "Actual Loops": 1
                                },
                                {
                                    "Worker Number": 5,
                                    "Actual Startup Time": 875.942,
                                    "Actual Total Time": 875.945,
                                    "Actual Rows": 1,
                                    "Actual Loops": 1
                                }
                            ],
                            "Plans": [
                                {
                                    "Node Type": "Hash Join",
                                    "Parent Relationship": "Outer",
                                    "Parallel Aware": true,
                                    "Join Type": "Inner",
                                    "Startup Cost": 47434.76,
                                    "Total Cost": 377454.3,
                                    "Plan Rows": 307874,
                                    "Plan Width": 0,
                                    "Actual Startup Time": 544.352,
                                    "Actual Total Time": 866.276,
                                    "Actual Rows": 197853,
                                    "Actual Loops": 7,
                                    "Inner Unique": true,
                                    "Hash Cond": "(ci.movie_id = t.id)",
                                    "Workers": [
                                        {
                                            "Worker Number": 0,
                                            "Actual Startup Time": 542.185,
                                            "Actual Total Time": 863.031,
                                            "Actual Rows": 161227,
                                            "Actual Loops": 1
                                        },
                                        {
                                            "Worker Number": 1,
                                            "Actual Startup Time": 542.546,
                                            "Actual Total Time": 865.931,
                                            "Actual Rows": 213251,
                                            "Actual Loops": 1
                                        },
                                        {
                                            "Worker Number": 2,
                                            "Actual Startup Time": 542.843,
                                            "Actual Total Time": 863.821,
                                            "Actual Rows": 157802,
                                            "Actual Loops": 1
                                        },
                                        {
                                            "Worker Number": 3,
                                            "Actual Startup Time": 542.822,
                                            "Actual Total Time": 865.435,
                                            "Actual Rows": 214232,
                                            "Actual Loops": 1
                                        },
                                        {
                                            "Worker Number": 4,
                                            "Actual Startup Time": 542.835,
                                            "Actual Total Time": 863.633,
                                            "Actual Rows": 153356,
                                            "Actual Loops": 1
                                        },
                                        {
                                            "Worker Number": 5,
                                            "Actual Startup Time": 543.013,
                                            "Actual Total Time": 865.357,
                                            "Actual Rows": 229913,
                                            "Actual Loops": 1
                                        }
                                    ],
                                    "Plans": [
                                        {
                                            "Node Type": "Seq Scan",
                                            "Parent Relationship": "Outer",
                                            "Parallel Aware": true,
                                            "Relation Name": "cast_info",
                                            "Schema": "public",
                                            "Alias": "ci",
                                            "Startup Cost": 0.0,
                                            "Total Cost": 328213.62,
                                            "Plan Rows": 687974,
                                            "Plan Width": 4,
                                            "Actual Startup Time": 383.681,
                                            "Actual Total Time": 521.941,
                                            "Actual Rows": 586974,
                                            "Actual Loops": 7,
                                            "Output": [
                                                "ci.id",
                                                "ci.person_id",
                                                "ci.movie_id",
                                                "ci.person_role_id",
                                                "ci.note",
                                                "ci.nr_order",
                                                "ci.role_id"
                                            ],
                                            "Filter": "(ci.person_id > 3304434)",
                                            "Rows Removed by Filter": 4590789,
                                            "Workers": [
                                                {
                                                    "Worker Number": 0,
                                                    "Actual Startup Time": 383.686,
                                                    "Actual Total Time": 534.01,
                                                    "Actual Rows": 477543,
                                                    "Actual Loops": 1
                                                },
                                                {
                                                    "Worker Number": 1,
                                                    "Actual Startup Time": 383.68,
                                                    "Actual Total Time": 515.03,
                                                    "Actual Rows": 638947,
                                                    "Actual Loops": 1
                                                },
                                                {
                                                    "Worker Number": 2,
                                                    "Actual Startup Time": 383.727,
                                                    "Actual Total Time": 534.0,
                                                    "Actual Rows": 466791,
                                                    "Actual Loops": 1
                                                },
                                                {
                                                    "Worker Number": 3,
                                                    "Actual Startup Time": 383.588,
                                                    "Actual Total Time": 513.908,
                                                    "Actual Rows": 628185,
                                                    "Actual Loops": 1
                                                },
                                                {
                                                    "Worker Number": 4,
                                                    "Actual Startup Time": 383.692,
                                                    "Actual Total Time": 526.86,
                                                    "Actual Rows": 456782,
                                                    "Actual Loops": 1
                                                },
                                                {
                                                    "Worker Number": 5,
                                                    "Actual Startup Time": 383.717,
                                                    "Actual Total Time": 523.319,
                                                    "Actual Rows": 683131,
                                                    "Actual Loops": 1
                                                }
                                            ]
                                        },
                                        {
                                            "Node Type": "Hash",
                                            "Parent Relationship": "Inner",
                                            "Parallel Aware": true,
                                            "Startup Cost": 43899.01,
                                            "Total Cost": 43899.01,
                                            "Plan Rows": 282860,
                                            "Plan Width": 4,
                                            "Actual Startup Time": 157.528,
                                            "Actual Total Time": 157.529,
                                            "Actual Rows": 161908,
                                            "Actual Loops": 7,
                                            "Output": [
                                                "t.id"
                                            ],
                                            "Hash Buckets": 2097152,
                                            "Original Hash Buckets": 2097152,
                                            "Hash Batches": 1,
                                            "Original Hash Batches": 1,
                                            "Peak Memory Usage": 60800,
                                            "Workers": [
                                                {
                                                    "Worker Number": 0,
                                                    "Actual Startup Time": 157.73,
                                                    "Actual Total Time": 157.731,
                                                    "Actual Rows": 125524,
                                                    "Actual Loops": 1
                                                },
                                                {
                                                    "Worker Number": 1,
                                                    "Actual Startup Time": 158.12,
                                                    "Actual Total Time": 158.121,
                                                    "Actual Rows": 161370,
                                                    "Actual Loops": 1
                                                },
                                                {
                                                    "Worker Number": 2,
                                                    "Actual Startup Time": 158.348,
                                                    "Actual Total Time": 158.349,
                                                    "Actual Rows": 125716,
                                                    "Actual Loops": 1
                                                },
                                                {
                                                    "Worker Number": 3,
                                                    "Actual Startup Time": 158.279,
                                                    "Actual Total Time": 158.28,
                                                    "Actual Rows": 162745,
                                                    "Actual Loops": 1
                                                },
                                                {
                                                    "Worker Number": 4,
                                                    "Actual Startup Time": 158.307,
                                                    "Actual Total Time": 158.308,
                                                    "Actual Rows": 121753,
                                                    "Actual Loops": 1
                                                },
                                                {
                                                    "Worker Number": 5,
                                                    "Actual Startup Time": 158.603,
                                                    "Actual Total Time": 158.604,
                                                    "Actual Rows": 174690,
                                                    "Actual Loops": 1
                                                }
                                            ],
                                            "Plans": [
                                                {
                                                    "Node Type": "Seq Scan",
                                                    "Parent Relationship": "Outer",
                                                    "Parallel Aware": true,
                                                    "Relation Name": "title",
                                                    "Schema": "public",
                                                    "Alias": "t",
                                                    "Startup Cost": 0.0,
                                                    "Total Cost": 43899.01,
                                                    "Plan Rows": 282860,
                                                    "Plan Width": 4,
                                                    "Actual Startup Time": 0.041,
                                                    "Actual Total Time": 77.564,
                                                    "Actual Rows": 161908,
                                                    "Actual Loops": 7,
                                                    "Output": [
                                                        "t.id"
                                                    ],
                                                    "Filter": "(t.production_year < 2002)",
                                                    "Rows Removed by Filter": 199280,
                                                    "Workers": [
                                                        {
                                                            "Worker Number": 0,
                                                            "Actual Startup Time": 0.058,
                                                            "Actual Total Time": 81.938,
                                                            "Actual Rows": 125524,
                                                            "Actual Loops": 1
                                                        },
                                                        {
                                                            "Worker Number": 1,
                                                            "Actual Startup Time": 0.048,
                                                            "Actual Total Time": 76.338,
                                                            "Actual Rows": 161370,
                                                            "Actual Loops": 1
                                                        },
                                                        {
                                                            "Worker Number": 2,
                                                            "Actual Startup Time": 0.049,
                                                            "Actual Total Time": 82.031,
                                                            "Actual Rows": 125716,
                                                            "Actual Loops": 1
                                                        },
                                                        {
                                                            "Worker Number": 3,
                                                            "Actual Startup Time": 0.048,
                                                            "Actual Total Time": 76.681,
                                                            "Actual Rows": 162745,
                                                            "Actual Loops": 1
                                                        },
                                                        {
                                                            "Worker Number": 4,
                                                            "Actual Startup Time": 0.037,
                                                            "Actual Total Time": 80.203,
                                                            "Actual Rows": 121753,
                                                            "Actual Loops": 1
                                                        },
                                                        {
                                                            "Worker Number": 5,
                                                            "Actual Startup Time": 0.037,
                                                            "Actual Total Time": 78.249,
                                                            "Actual Rows": 174690,
                                                            "Actual Loops": 1
                                                        }
                                                    ]
                                                }
                                            ]
                                        }
                                    ]
                                }
                            ]
                        }
                    ]
                }
            ]
        },
        "Planning Time": 174.653,
        "Triggers": [],
        "Execution Time": 932.674
    }
]