[
  {
    "Plan": {
      "Node Type": "Aggregate",
      "Strategy": "Plain",
      "Partial Mode": "Finalize",
      "Parallel Aware": false,
      "Startup Cost": 45397.13,
      "Total Cost": 45397.14,
      "Plan Rows": 1,
      "Plan Width": 8,
      "Actual Startup Time": 171.266,
      "Actual Total Time": 177.988,
      "Actual Rows": 1,
      "Actual Loops": 1,
      "Plans": [
        {
          "Node Type": "Gather",
          "Parent Relationship": "Outer",
          "Parallel Aware": false,
          "Startup Cost": 45396.81,
          "Total Cost": 45397.12,
          "Plan Rows": 3,
          "Plan Width": 8,
          "Actual Startup Time": 171.151,
          "Actual Total Time": 177.98,
          "Actual Rows": 4,
          "Actual Loops": 1,
          "Workers Planned": 3,
          "Workers Launched": 3,
          "Single Copy": false,
          "Plans": [
            {
              "Node Type": "Aggregate",
              "Strategy": "Plain",
              "Partial Mode": "Partial",
              "Parent Relationship": "Outer",
              "Parallel Aware": false,
              "Startup Cost": 44396.81,
              "Total Cost": 44396.82,
              "Plan Rows": 1,
              "Plan Width": 8,
              "Actual Startup Time": 163.951,
              "Actual Total Time": 163.952,
              "Actual Rows": 1,
              "Actual Loops": 4,
              "Plans": [
                {
                  "Node Type": "Seq Scan",
                  "Parent Relationship": "Outer",
                  "Parallel Aware": true,
                  "Relation Name": "movie_keyword",
                  "Alias": "mk",
                  "Startup Cost": 0.0,
                  "Total Cost": 42695.65,
                  "Plan Rows": 680463,
                  "Plan Width": 0,
                  "Actual Startup Time": 0.049,
                  "Actual Total Time": 132.147,
                  "Actual Rows": 529469,
                  "Actual Loops": 4,
                  "Filter": "(keyword_id < 3875)",
                  "Rows Removed by Filter": 601513
                }
              ]
            }
          ]
        }
      ]
    },
    "Planning Time": 0.104,
    "Triggers": [],
    "Execution Time": 178.019
  }
]