[
  {
    "Plan": {
      "Node Type": "Aggregate",
      "Strategy": "Plain",
      "Partial Mode": "Finalize",
      "Parallel Aware": false,
      "Startup Cost": 439346.8,
      "Total Cost": 439346.81,
      "Plan Rows": 1,
      "Plan Width": 8,
      "Actual Startup Time": 1356.722,
      "Actual Total Time": 1425.236,
      "Actual Rows": 1,
      "Actual Loops": 1,
      "Plans": [
        {
          "Node Type": "Gather",
          "Parent Relationship": "Outer",
          "Parallel Aware": false,
          "Startup Cost": 439346.17,
          "Total Cost": 439346.78,
          "Plan Rows": 6,
          "Plan Width": 8,
          "Actual Startup Time": 1346.067,
          "Actual Total Time": 1425.218,
          "Actual Rows": 7,
          "Actual Loops": 1,
          "Workers Planned": 6,
          "Workers Launched": 6,
          "Single Copy": false,
          "Plans": [
            {
              "Node Type": "Aggregate",
              "Strategy": "Plain",
              "Partial Mode": "Partial",
              "Parent Relationship": "Outer",
              "Parallel Aware": false,
              "Startup Cost": 438346.17,
              "Total Cost": 438346.18,
              "Plan Rows": 1,
              "Plan Width": 8,
              "Actual Startup Time": 1334.489,
              "Actual Total Time": 1334.644,
              "Actual Rows": 1,
              "Actual Loops": 7,
              "Plans": [
                {
                  "Node Type": "Hash Join",
                  "Parent Relationship": "Outer",
                  "Parallel Aware": true,
                  "Join Type": "Inner",
                  "Startup Cost": 81802.16,
                  "Total Cost": 436847.91,
                  "Plan Rows": 599306,
                  "Plan Width": 0,
                  "Actual Startup Time": 290.977,
                  "Actual Total Time": 1313.435,
                  "Actual Rows": 499412,
                  "Actual Loops": 7,
                  "Inner Unique": false,
                  "Hash Cond": "(ci.movie_id = t.id)",
                  "Plans": [
                    {
                      "Node Type": "Seq Scan",
                      "Parent Relationship": "Outer",
                      "Parallel Aware": true,
                      "Relation Name": "cast_info",
                      "Alias": "ci",
                      "Startup Cost": 0.0,
                      "Total Cost": 343316.27,
                      "Plan Rows": 2612329,
                      "Plan Width": 4,
                      "Actual Startup Time": 0.039,
                      "Actual Total Time": 678.264,
                      "Actual Rows": 2599678,
                      "Actual Loops": 7,
                      "Filter": "((person_id < 2022704) AND (role_id < 7))",
                      "Rows Removed by Filter": 2578085
                    },
                    {
                      "Node Type": "Hash",
                      "Parent Relationship": "Inner",
                      "Parallel Aware": true,
                      "Startup Cost": 79463.23,
                      "Total Cost": 79463.23,
                      "Plan Rows": 187115,
                      "Plan Width": 8,
                      "Actual Startup Time": 287.389,
                      "Actual Total Time": 287.537,
                      "Actual Rows": 29507,
                      "Actual Loops": 7,
                      "Hash Buckets": 1048576,
                      "Original Hash Buckets": 1048576,
                      "Hash Batches": 1,
                      "Original Hash Batches": 1,
                      "Peak Memory Usage": 16416,
                      "Plans": [
                        {
                          "Node Type": "Hash Join",
                          "Parent Relationship": "Outer",
                          "Parallel Aware": true,
                          "Join Type": "Inner",
                          "Startup Cost": 49072.32,
                          "Total Cost": 79463.23,
                          "Plan Rows": 187115,
                          "Plan Width": 8,
                          "Actual Startup Time": 183.573,
                          "Actual Total Time": 269.107,
                          "Actual Rows": 29507,
                          "Actual Loops": 7,
                          "Inner Unique": true,
                          "Hash Cond": "(mc.movie_id = t.id)",
                          "Plans": [
                            {
                              "Node Type": "Seq Scan",
                              "Parent Relationship": "Outer",
                              "Parallel Aware": true,
                              "Relation Name": "movie_companies",
                              "Alias": "mc",
                              "Startup Cost": 0.0,
                              "Total Cost": 29310.68,
                              "Plan Rows": 411513,
                              "Plan Width": 4,
                              "Actual Startup Time": 0.034,
                              "Actual Total Time": 44.307,
                              "Actual Rows": 182035,
                              "Actual Loops": 7,
                              "Filter": "(company_type_id = 1)",
                              "Rows Removed by Filter": 190698
                            },
                            {
                              "Node Type": "Hash",
                              "Parent Relationship": "Inner",
                              "Parallel Aware": true,
                              "Startup Cost": 45479.59,
                              "Total Cost": 45479.59,
                              "Plan Rows": 287419,
                              "Plan Width": 4,
                              "Actual Startup Time": 180.86,
                              "Actual Total Time": 180.861,
                              "Actual Rows": 176470,
                              "Actual Loops": 7,
                              "Hash Buckets": 2097152,
                              "Original Hash Buckets": 2097152,
                              "Hash Batches": 1,
                              "Original Hash Batches": 1,
                              "Peak Memory Usage": 64800,
                              "Plans": [
                                {
                                  "Node Type": "Seq Scan",
                                  "Parent Relationship": "Outer",
                                  "Parallel Aware": true,
                                  "Relation Name": "title",
                                  "Alias": "t",
                                  "Startup Cost": 0.0,
                                  "Total Cost": 45479.59,
                                  "Plan Rows": 287419,
                                  "Plan Width": 4,
                                  "Actual Startup Time": 0.035,
                                  "Actual Total Time": 83.441,
                                  "Actual Rows": 176470,
                                  "Actual Loops": 7,
                                  "Filter": "((production_year > 1984) AND (kind_id = 7))",
                                  "Rows Removed by Filter": 184718
                                }
                              ]
                            }
                          ]
                        }
                      ]
                    }
                  ]
                }
              ]
            }
          ]
        }
      ]
    },
    "Planning Time": 1.434,
    "Triggers": [],
    "Execution Time": 1425.342
  }
]