[
    {
        "Bao": {
            "Bao prediction": "NaN",
            "Bao recommended hint": "(no hint)"
        }
    },
    {
        "Plan": {
            "Node Type": "Aggregate",
            "Strategy": "Plain",
            "Partial Mode": "Finalize",
            "Parallel Aware": false,
            "Startup Cost": 30133.25,
            "Total Cost": 30133.26,
            "Plan Rows": 1,
            "Plan Width": 8,
            "Actual Startup Time": 73.786,
            "Actual Total Time": 77.37,
            "Actual Rows": 1,
            "Actual Loops": 1,
            "Output": [
                "count(*)"
            ],
            "Plans": [
                {
                    "Node Type": "Gather",
                    "Parent Relationship": "Outer",
                    "Parallel Aware": false,
                    "Startup Cost": 30132.94,
                    "Total Cost": 30133.25,
                    "Plan Rows": 3,
                    "Plan Width": 8,
                    "Actual Startup Time": 73.616,
                    "Actual Total Time": 77.363,
                    "Actual Rows": 4,
                    "Actual Loops": 1,
                    "Output": [
                        "(PARTIAL count(*))"
                    ],
                    "Workers Planned": 3,
                    "Workers Launched": 3,
                    "Single Copy": false,
                    "Plans": [
                        {
                            "Node Type": "Aggregate",
                            "Strategy": "Plain",
                            "Partial Mode": "Partial",
                            "Parent Relationship": "Outer",
                            "Parallel Aware": false,
                            "Startup Cost": 29132.94,
                            "Total Cost": 29132.95,
                            "Plan Rows": 1,
                            "Plan Width": 8,
                            "Actual Startup Time": 64.946,
                            "Actual Total Time": 64.948,
                            "Actual Rows": 1,
                            "Actual Loops": 4,
                            "Output": [
                                "PARTIAL count(*)"
                            ],
                            "Workers": [
                                {
                                    "Worker Number": 0,
                                    "Actual Startup Time": 61.866,
                                    "Actual Total Time": 61.867,
                                    "Actual Rows": 1,
                                    "Actual Loops": 1
                                },
                                {
                                    "Worker Number": 1,
                                    "Actual Startup Time": 62.009,
                                    "Actual Total Time": 62.016,
                                    "Actual Rows": 1,
                                    "Actual Loops": 1
                                },
                                {
                                    "Worker Number": 2,
                                    "Actual Startup Time": 62.613,
                                    "Actual Total Time": 62.614,
                                    "Actual Rows": 1,
                                    "Actual Loops": 1
                                }
                            ],
                            "Plans": [
                                {
                                    "Node Type": "Bitmap Heap Scan",
                                    "Parent Relationship": "Outer",
                                    "Parallel Aware": true,
                                    "Relation Name": "movie_companies",
                                    "Schema": "public",
                                    "Alias": "mc",
                                    "Startup Cost": 8316.55,
                                    "Total Cost": 28974.23,
                                    "Plan Rows": 63481,
                                    "Plan Width": 0,
                                    "Actual Startup Time": 19.883,
                                    "Actual Total Time": 58.154,
                                    "Actual Rows": 97993,
                                    "Actual Loops": 4,
                                    "Recheck Cond": "(mc.company_id > 83089)",
                                    "Rows Removed by Index Recheck": 0,
                                    "Filter": "(mc.company_type_id > 1)",
                                    "Rows Removed by Filter": 0,
                                    "Exact Heap Blocks": 3413,
                                    "Lossy Heap Blocks": 0,
                                    "Workers": [
                                        {
                                            "Worker Number": 0,
                                            "Actual Startup Time": 17.075,
                                            "Actual Total Time": 55.69,
                                            "Actual Rows": 61495,
                                            "Actual Loops": 1
                                        },
                                        {
                                            "Worker Number": 1,
                                            "Actual Startup Time": 17.036,
                                            "Actual Total Time": 56.096,
                                            "Actual Rows": 65319,
                                            "Actual Loops": 1
                                        },
                                        {
                                            "Worker Number": 2,
                                            "Actual Startup Time": 17.48,
                                            "Actual Total Time": 56.51,
                                            "Actual Rows": 57592,
                                            "Actual Loops": 1
                                        }
                                    ],
                                    "Plans": [
                                        {
                                            "Node Type": "Bitmap Index Scan",
                                            "Parent Relationship": "Outer",
                                            "Parallel Aware": false,
                                            "Index Name": "company_id_movie_companies",
                                            "Startup Cost": 0.0,
                                            "Total Cost": 8267.35,
                                            "Plan Rows": 385989,
                                            "Plan Width": 0,
                                            "Actual Startup Time": 27.076,
                                            "Actual Total Time": 27.076,
                                            "Actual Rows": 391972,
                                            "Actual Loops": 1,
                                            "Index Cond": "(mc.company_id > 83089)"
                                        }
                                    ]
                                }
                            ]
                        }
                    ]
                }
            ]
        },
        "Planning Time": 181.097,
        "Triggers": [],
        "Execution Time": 77.431
    }
]