[
  {
    "Plan": {
      "Node Type": "Aggregate",
      "Strategy": "Plain",
      "Partial Mode": "Finalize",
      "Parallel Aware": false,
      "Startup Cost": 333824.82,
      "Total Cost": 333824.83,
      "Plan Rows": 1,
      "Plan Width": 8,
      "Actual Startup Time": 650.146,
      "Actual Total Time": 703.934,
      "Actual Rows": 1,
      "Actual Loops": 1,
      "Plans": [
        {
          "Node Type": "Gather",
          "Parent Relationship": "Outer",
          "Parallel Aware": false,
          "Startup Cost": 333824.2,
          "Total Cost": 333824.81,
          "Plan Rows": 6,
          "Plan Width": 8,
          "Actual Startup Time": 650.014,
          "Actual Total Time": 703.923,
          "Actual Rows": 7,
          "Actual Loops": 1,
          "Workers Planned": 6,
          "Workers Launched": 6,
          "Single Copy": false,
          "Plans": [
            {
              "Node Type": "Aggregate",
              "Strategy": "Plain",
              "Partial Mode": "Partial",
              "Parent Relationship": "Outer",
              "Parallel Aware": false,
              "Startup Cost": 332824.2,
              "Total Cost": 332824.21,
              "Plan Rows": 1,
              "Plan Width": 8,
              "Actual Startup Time": 641.88,
              "Actual Total Time": 641.881,
              "Actual Rows": 1,
              "Actual Loops": 7,
              "Plans": [
                {
                  "Node Type": "Seq Scan",
                  "Parent Relationship": "Outer",
                  "Parallel Aware": true,
                  "Relation Name": "cast_info",
                  "Alias": "ci",
                  "Startup Cost": 0.0,
                  "Total Cost": 328162.03,
                  "Plan Rows": 1864869,
                  "Plan Width": 0,
                  "Actual Startup Time": 0.049,
                  "Actual Total Time": 568.42,
                  "Actual Rows": 1600439,
                  "Actual Loops": 7,
                  "Filter": "(person_id < 1099305)",
                  "Rows Removed by Filter": 3577325
                }
              ]
            }
          ]
        }
      ]
    },
    "Planning Time": 0.196,
    "Triggers": [],
    "Execution Time": 704.007
  }
]