[
  {
    "Plan": {
      "Node Type": "Aggregate",
      "Strategy": "Plain",
      "Partial Mode": "Finalize",
      "Parallel Aware": false,
      "Startup Cost": 347531.69,
      "Total Cost": 347531.7,
      "Plan Rows": 1,
      "Plan Width": 8,
      "Actual Startup Time": 710.697,
      "Actual Total Time": 756.93,
      "Actual Rows": 1,
      "Actual Loops": 1,
      "Plans": [
        {
          "Node Type": "Gather",
          "Parent Relationship": "Outer",
          "Parallel Aware": false,
          "Startup Cost": 347531.06,
          "Total Cost": 347531.67,
          "Plan Rows": 6,
          "Plan Width": 8,
          "Actual Startup Time": 710.541,
          "Actual Total Time": 756.918,
          "Actual Rows": 7,
          "Actual Loops": 1,
          "Workers Planned": 6,
          "Workers Launched": 6,
          "Single Copy": false,
          "Plans": [
            {
              "Node Type": "Aggregate",
              "Strategy": "Plain",
              "Partial Mode": "Partial",
              "Parent Relationship": "Outer",
              "Parallel Aware": false,
              "Startup Cost": 346531.06,
              "Total Cost": 346531.07,
              "Plan Rows": 1,
              "Plan Width": 8,
              "Actual Startup Time": 703.286,
              "Actual Total Time": 703.287,
              "Actual Rows": 1,
              "Actual Loops": 7,
              "Plans": [
                {
                  "Node Type": "Seq Scan",
                  "Parent Relationship": "Outer",
                  "Parallel Aware": true,
                  "Relation Name": "cast_info",
                  "Alias": "ci",
                  "Startup Cost": 0.0,
                  "Total Cost": 343316.27,
                  "Plan Rows": 1285917,
                  "Plan Width": 0,
                  "Actual Startup Time": 297.779,
                  "Actual Total Time": 625.227,
                  "Actual Rows": 1678084,
                  "Actual Loops": 7,
                  "Filter": "((person_id > 2517699) AND (role_id > 1))",
                  "Rows Removed by Filter": 3499679
                }
              ]
            }
          ]
        }
      ]
    },
    "Planning Time": 0.114,
    "Triggers": [],
    "Execution Time": 756.975
  }
]