{
  "Plan": {
    "Node Type": "Aggregate",
    "Strategy": "Plain",
    "Partial Mode": "Finalize",
    "Parallel Aware": false,
    "Startup Cost": 98670.95,
    "Total Cost": 98670.96,
    "Plan Rows": 1,
    "Plan Width": 8,
    "Actual Startup Time": 266.43,
    "Actual Total Time": 276.635,
    "Actual Rows": 1,
    "Actual Loops": 1,
    "Plans": [
      {
        "Node Type": "Gather",
        "Parent Relationship": "Outer",
        "Parallel Aware": false,
        "Startup Cost": 98670.83,
        "Total Cost": 98670.94,
        "Plan Rows": 1,
        "Plan Width": 8,
        "Actual Startup Time": 266.098,
        "Actual Total Time": 276.626,
        "Actual Rows": 2,
        "Actual Loops": 1,
        "Workers Planned": 1,
        "Workers Launched": 1,
        "Single Copy": false,
        "Plans": [
          {
            "Node Type": "Aggregate",
            "Strategy": "Plain",
            "Partial Mode": "Partial",
            "Parent Relationship": "Outer",
            "Parallel Aware": false,
            "Startup Cost": 97670.83,
            "Total Cost": 97670.84,
            "Plan Rows": 1,
            "Plan Width": 8,
            "Actual Startup Time": 260.219,
            "Actual Total Time": 260.222,
            "Actual Rows": 1,
            "Actual Loops": 2,
            "Plans": [
              {
                "Node Type": "Hash Join",
                "Parent Relationship": "Outer",
                "Parallel Aware": true,
                "Join Type": "Inner",
                "Startup Cost": 53994.15,
                "Total Cost": 97641.63,
                "Plan Rows": 11680,
                "Plan Width": 0,
                "Actual Startup Time": 196.886,
                "Actual Total Time": 259.863,
                "Actual Rows": 7242,
                "Actual Loops": 2,
                "Inner Unique": true,
                "Hash Cond": "(mc.movie_id = t.id)",
                "Plans": [
                  {
                    "Node Type": "Seq Scan",
                    "Parent Relationship": "Outer",
                    "Parallel Aware": true,
                    "Relation Name": "movie_companies",
                    "Alias": "mc",
                    "Startup Cost": 0.0,
                    "Total Cost": 41811.73,
                    "Plan Rows": 699335,
                    "Plan Width": 4,
                    "Actual Startup Time": 48.992,
                    "Actual Total Time": 112.629,
                    "Actual Rows": 534168,
                    "Actual Loops": 2,
                    "Filter": "((company_id < 98382) AND (company_type_id = 2))",
                    "Rows Removed by Filter": 770396
                  },
                  {
                    "Node Type": "Hash",
                    "Parent Relationship": "Inner",
                    "Parallel Aware": true,
                    "Startup Cost": 53683.67,
                    "Total Cost": 53683.67,
                    "Plan Rows": 24839,
                    "Plan Width": 4,
                    "Actual Startup Time": 101.42,
                    "Actual Total Time": 101.421,
                    "Actual Rows": 19780,
                    "Actual Loops": 2,
                    "Hash Buckets": 65536,
                    "Original Hash Buckets": 65536,
                    "Hash Batches": 1,
                    "Original Hash Batches": 1,
                    "Peak Memory Usage": 2112,
                    "Plans": [
                      {
                        "Node Type": "Bitmap Heap Scan",
                        "Parent Relationship": "Outer",
                        "Parallel Aware": true,
                        "Relation Name": "title",
                        "Alias": "t",
                        "Startup Cost": 11833.41,
                        "Total Cost": 53683.67,
                        "Plan Rows": 24839,
                        "Plan Width": 4,
                        "Actual Startup Time": 38.752,
                        "Actual Total Time": 96.318,
                        "Actual Rows": 19780,
                        "Actual Loops": 2,
                        "Recheck Cond": "(kind_id = 1)",
                        "Rows Removed by Index Recheck": 0,
                        "Filter": "(production_year = 2012)",
                        "Rows Removed by Filter": 311632,
                        "Exact Heap Blocks": 9227,
                        "Lossy Heap Blocks": 0,
                        "Plans": [
                          {
                            "Node Type": "Bitmap Index Scan",
                            "Parent Relationship": "Outer",
                            "Parallel Aware": false,
                            "Index Name": "kind_id_title",
                            "Startup Cost": 0.0,
                            "Total Cost": 11822.85,
                            "Plan Rows": 663256,
                            "Plan Width": 0,
                            "Actual Startup Time": 40.742,
                            "Actual Total Time": 40.743,
                            "Actual Rows": 662825,
                            "Actual Loops": 1,
                            "Index Cond": "(kind_id = 1)"
                          }
                        ]
                      }
                    ]
                  }
                ]
              }
            ]
          }
        ]
      }
    ]
  },
  "Planning Time": 0.501,
  "Triggers": [],
  "Execution Time": 276.728
}