[
  {
    "Plan": {
      "Node Type": "Aggregate",
      "Strategy": "Plain",
      "Partial Mode": "Finalize",
      "Parallel Aware": false,
      "Startup Cost": 33363.23,
      "Total Cost": 33363.24,
      "Plan Rows": 1,
      "Plan Width": 8,
      "Actual Startup Time": 110.444,
      "Actual Total Time": 118.346,
      "Actual Rows": 1,
      "Actual Loops": 1,
      "Plans": [
        {
          "Node Type": "Gather",
          "Parent Relationship": "Outer",
          "Parallel Aware": false,
          "Startup Cost": 33362.91,
          "Total Cost": 33363.22,
          "Plan Rows": 3,
          "Plan Width": 8,
          "Actual Startup Time": 110.334,
          "Actual Total Time": 118.337,
          "Actual Rows": 4,
          "Actual Loops": 1,
          "Workers Planned": 3,
          "Workers Launched": 3,
          "Single Copy": false,
          "Plans": [
            {
              "Node Type": "Aggregate",
              "Strategy": "Plain",
              "Partial Mode": "Partial",
              "Parent Relationship": "Outer",
              "Parallel Aware": false,
              "Startup Cost": 32362.91,
              "Total Cost": 32362.92,
              "Plan Rows": 1,
              "Plan Width": 8,
              "Actual Startup Time": 101.754,
              "Actual Total Time": 101.755,
              "Actual Rows": 1,
              "Actual Loops": 4,
              "Plans": [
                {
                  "Node Type": "Seq Scan",
                  "Parent Relationship": "Outer",
                  "Parallel Aware": true,
                  "Relation Name": "movie_companies",
                  "Alias": "mc",
                  "Startup Cost": 0.0,
                  "Total Cost": 31414.82,
                  "Plan Rows": 379237,
                  "Plan Width": 0,
                  "Actual Startup Time": 0.089,
                  "Actual Total Time": 85.533,
                  "Actual Rows": 275986,
                  "Actual Loops": 4,
                  "Filter": "((company_id > 73) AND (company_type_id < 2))",
                  "Rows Removed by Filter": 376296
                }
              ]
            }
          ]
        }
      ]
    },
    "Planning Time": 0.191,
    "Triggers": [],
    "Execution Time": 118.409
  }
]