[
  {
    "Plan": {
      "Node Type": "Aggregate",
      "Strategy": "Plain",
      "Partial Mode": "Finalize",
      "Parallel Aware": false,
      "Startup Cost": 45823.72,
      "Total Cost": 45823.73,
      "Plan Rows": 1,
      "Plan Width": 8,
      "Actual Startup Time": 157.418,
      "Actual Total Time": 166.526,
      "Actual Rows": 1,
      "Actual Loops": 1,
      "Plans": [
        {
          "Node Type": "Gather",
          "Parent Relationship": "Outer",
          "Parallel Aware": false,
          "Startup Cost": 45823.4,
          "Total Cost": 45823.71,
          "Plan Rows": 3,
          "Plan Width": 8,
          "Actual Startup Time": 157.298,
          "Actual Total Time": 166.519,
          "Actual Rows": 4,
          "Actual Loops": 1,
          "Workers Planned": 3,
          "Workers Launched": 3,
          "Single Copy": false,
          "Plans": [
            {
              "Node Type": "Aggregate",
              "Strategy": "Plain",
              "Partial Mode": "Partial",
              "Parent Relationship": "Outer",
              "Parallel Aware": false,
              "Startup Cost": 44823.4,
              "Total Cost": 44823.41,
              "Plan Rows": 1,
              "Plan Width": 8,
              "Actual Startup Time": 149.833,
              "Actual Total Time": 149.834,
              "Actual Rows": 1,
              "Actual Loops": 4,
              "Plans": [
                {
                  "Node Type": "Seq Scan",
                  "Parent Relationship": "Outer",
                  "Parallel Aware": true,
                  "Relation Name": "movie_keyword",
                  "Alias": "mk",
                  "Startup Cost": 0.0,
                  "Total Cost": 42695.65,
                  "Plan Rows": 851100,
                  "Plan Width": 0,
                  "Actual Startup Time": 0.504,
                  "Actual Total Time": 119.981,
                  "Actual Rows": 658484,
                  "Actual Loops": 4,
                  "Filter": "(keyword_id > 3234)",
                  "Rows Removed by Filter": 472498
                }
              ]
            }
          ]
        }
      ]
    },
    "Planning Time": 0.152,
    "Triggers": [],
    "Execution Time": 166.576
  }
]