{
  "Plan": {
    "Node Type": "Aggregate",
    "Strategy": "Plain",
    "Partial Mode": "Finalize",
    "Parallel Aware": false,
    "Startup Cost": 717199.74,
    "Total Cost": 717199.75,
    "Plan Rows": 1,
    "Plan Width": 8,
    "Actual Startup Time": 7361.497,
    "Actual Total Time": 7416.899,
    "Actual Rows": 1,
    "Actual Loops": 1,
    "Plans": [
      {
        "Node Type": "Gather",
        "Parent Relationship": "Outer",
        "Parallel Aware": false,
        "Startup Cost": 717199.63,
        "Total Cost": 717199.74,
        "Plan Rows": 1,
        "Plan Width": 8,
        "Actual Startup Time": 7354.939,
        "Actual Total Time": 7416.889,
        "Actual Rows": 2,
        "Actual Loops": 1,
        "Workers Planned": 1,
        "Workers Launched": 1,
        "Single Copy": false,
        "Plans": [
          {
            "Node Type": "Aggregate",
            "Strategy": "Plain",
            "Partial Mode": "Partial",
            "Parent Relationship": "Outer",
            "Parallel Aware": false,
            "Startup Cost": 716199.63,
            "Total Cost": 716199.64,
            "Plan Rows": 1,
            "Plan Width": 8,
            "Actual Startup Time": 7349.94,
            "Actual Total Time": 7349.945,
            "Actual Rows": 1,
            "Actual Loops": 2,
            "Plans": [
              {
                "Node Type": "Hash Join",
                "Parent Relationship": "Outer",
                "Parallel Aware": true,
                "Join Type": "Inner",
                "Startup Cost": 112539.23,
                "Total Cost": 711004.83,
                "Plan Rows": 2077918,
                "Plan Width": 0,
                "Actual Startup Time": 704.431,
                "Actual Total Time": 7213.529,
                "Actual Rows": 3207114,
                "Actual Loops": 2,
                "Inner Unique": false,
                "Hash Cond": "(t.id = mc.movie_id)",
                "Plans": [
                  {
                    "Node Type": "Hash Join",
                    "Parent Relationship": "Outer",
                    "Parallel Aware": true,
                    "Join Type": "Inner",
                    "Startup Cost": 69460.7,
                    "Total Cost": 608398.26,
                    "Plan Rows": 7568796,
                    "Plan Width": 8,
                    "Actual Startup Time": 502.836,
                    "Actual Total Time": 4856.551,
                    "Actual Rows": 6434649,
                    "Actual Loops": 2,
                    "Inner Unique": true,
                    "Hash Cond": "(ci.movie_id = t.id)",
                    "Plans": [
                      {
                        "Node Type": "Seq Scan",
                        "Parent Relationship": "Outer",
                        "Parallel Aware": true,
                        "Relation Name": "cast_info",
                        "Alias": "ci",
                        "Startup Cost": 0.0,
                        "Total Cost": 519069.44,
                        "Plan Rows": 7568796,
                        "Plan Width": 4,
                        "Actual Startup Time": 0.014,
                        "Actual Total Time": 1331.621,
                        "Actual Rows": 6434649,
                        "Actual Loops": 2,
                        "Filter": "(person_id < 1270090)",
                        "Rows Removed by Filter": 11687523
                      },
                      {
                        "Node Type": "Hash",
                        "Parent Relationship": "Inner",
                        "Parallel Aware": true,
                        "Startup Cost": 50870.31,
                        "Total Cost": 50870.31,
                        "Plan Rows": 1487231,
                        "Plan Width": 4,
                        "Actual Startup Time": 490.85,
                        "Actual Total Time": 490.851,
                        "Actual Rows": 1264156,
                        "Actual Loops": 2,
                        "Hash Buckets": 4194304,
                        "Original Hash Buckets": 4194304,
                        "Hash Batches": 1,
                        "Original Hash Batches": 1,
                        "Peak Memory Usage": 131712,
                        "Plans": [
                          {
                            "Node Type": "Seq Scan",
                            "Parent Relationship": "Outer",
                            "Parallel Aware": true,
                            "Relation Name": "title",
                            "Alias": "t",
                            "Startup Cost": 0.0,
                            "Total Cost": 50870.31,
                            "Plan Rows": 1487231,
                            "Plan Width": 4,
                            "Actual Startup Time": 0.019,
                            "Actual Total Time": 141.738,
                            "Actual Rows": 1264156,
                            "Actual Loops": 2
                          }
                        ]
                      }
                    ]
                  },
                  {
                    "Node Type": "Hash",
                    "Parent Relationship": "Inner",
                    "Parallel Aware": true,
                    "Startup Cost": 37974.77,
                    "Total Cost": 37974.77,
                    "Plan Rows": 408301,
                    "Plan Width": 4,
                    "Actual Startup Time": 195.289,
                    "Actual Total Time": 195.29,
                    "Actual Rows": 354895,
                    "Actual Loops": 2,
                    "Hash Buckets": 1048576,
                    "Original Hash Buckets": 1048576,
                    "Hash Batches": 1,
                    "Original Hash Batches": 1,
                    "Peak Memory Usage": 36000,
                    "Plans": [
                      {
                        "Node Type": "Seq Scan",
                        "Parent Relationship": "Outer",
                        "Parallel Aware": true,
                        "Relation Name": "movie_companies",
                        "Alias": "mc",
                        "Startup Cost": 0.0,
                        "Total Cost": 37974.77,
                        "Plan Rows": 408301,
                        "Plan Width": 4,
                        "Actual Startup Time": 35.892,
                        "Actual Total Time": 116.719,
                        "Actual Rows": 354895,
                        "Actual Loops": 2,
                        "Filter": "(company_id > 43936)",
                        "Rows Removed by Filter": 949670
                      }
                    ]
                  }
                ]
              }
            ]
          }
        ]
      }
    ]
  },
  "Planning Time": 0.652,
  "Triggers": [],
  "Execution Time": 7416.964
}