[
    {
        "Bao": {
            "Bao prediction": "NaN",
            "Bao recommended hint": "(no hint)"
        }
    },
    {
        "Plan": {
            "Node Type": "Aggregate",
            "Strategy": "Plain",
            "Partial Mode": "Finalize",
            "Parallel Aware": false,
            "Startup Cost": 33007.91,
            "Total Cost": 33007.92,
            "Plan Rows": 1,
            "Plan Width": 8,
            "Actual Startup Time": 92.495,
            "Actual Total Time": 97.59,
            "Actual Rows": 1,
            "Actual Loops": 1,
            "Output": [
                "count(*)"
            ],
            "Plans": [
                {
                    "Node Type": "Gather",
                    "Parent Relationship": "Outer",
                    "Parallel Aware": false,
                    "Startup Cost": 33007.6,
                    "Total Cost": 33007.91,
                    "Plan Rows": 3,
                    "Plan Width": 8,
                    "Actual Startup Time": 92.422,
                    "Actual Total Time": 97.583,
                    "Actual Rows": 4,
                    "Actual Loops": 1,
                    "Output": [
                        "(PARTIAL count(*))"
                    ],
                    "Workers Planned": 3,
                    "Workers Launched": 3,
                    "Single Copy": false,
                    "Plans": [
                        {
                            "Node Type": "Aggregate",
                            "Strategy": "Plain",
                            "Partial Mode": "Partial",
                            "Parent Relationship": "Outer",
                            "Parallel Aware": false,
                            "Startup Cost": 32007.6,
                            "Total Cost": 32007.61,
                            "Plan Rows": 1,
                            "Plan Width": 8,
                            "Actual Startup Time": 84.542,
                            "Actual Total Time": 84.543,
                            "Actual Rows": 1,
                            "Actual Loops": 4,
                            "Output": [
                                "PARTIAL count(*)"
                            ],
                            "Workers": [
                                {
                                    "Worker Number": 0,
                                    "Actual Startup Time": 81.65,
                                    "Actual Total Time": 81.651,
                                    "Actual Rows": 1,
                                    "Actual Loops": 1
                                },
                                {
                                    "Worker Number": 1,
                                    "Actual Startup Time": 82.064,
                                    "Actual Total Time": 82.065,
                                    "Actual Rows": 1,
                                    "Actual Loops": 1
                                },
                                {
                                    "Worker Number": 2,
                                    "Actual Startup Time": 82.332,
                                    "Actual Total Time": 82.333,
                                    "Actual Rows": 1,
                                    "Actual Loops": 1
                                }
                            ],
                            "Plans": [
                                {
                                    "Node Type": "Seq Scan",
                                    "Parent Relationship": "Outer",
                                    "Parallel Aware": true,
                                    "Relation Name": "movie_companies",
                                    "Schema": "public",
                                    "Alias": "mc",
                                    "Startup Cost": 0.0,
                                    "Total Cost": 31414.82,
                                    "Plan Rows": 237111,
                                    "Plan Width": 0,
                                    "Actual Startup Time": 41.811,
                                    "Actual Total Time": 74.853,
                                    "Actual Rows": 238493,
                                    "Actual Loops": 4,
                                    "Output": [
                                        "id",
                                        "movie_id",
                                        "company_id",
                                        "company_type_id",
                                        "note"
                                    ],
                                    "Filter": "((mc.company_id > 9701) AND (mc.company_type_id > 1))",
                                    "Rows Removed by Filter": 413789,
                                    "Workers": [
                                        {
                                            "Worker Number": 0,
                                            "Actual Startup Time": 38.924,
                                            "Actual Total Time": 72.55,
                                            "Actual Rows": 224539,
                                            "Actual Loops": 1
                                        },
                                        {
                                            "Worker Number": 1,
                                            "Actual Startup Time": 39.335,
                                            "Actual Total Time": 72.588,
                                            "Actual Rows": 229773,
                                            "Actual Loops": 1
                                        },
                                        {
                                            "Worker Number": 2,
                                            "Actual Startup Time": 39.598,
                                            "Actual Total Time": 72.832,
                                            "Actual Rows": 229638,
                                            "Actual Loops": 1
                                        }
                                    ]
                                }
                            ]
                        }
                    ]
                }
            ]
        },
        "Planning Time": 189.004,
        "Triggers": [],
        "Execution Time": 97.638
    }
]