[
  {
    "Plan": {
      "Node Type": "Aggregate",
      "Strategy": "Plain",
      "Partial Mode": "Finalize",
      "Parallel Aware": false,
      "Startup Cost": 433200.59,
      "Total Cost": 433200.6,
      "Plan Rows": 1,
      "Plan Width": 8,
      "Actual Startup Time": 2988.235,
      "Actual Total Time": 3052.253,
      "Actual Rows": 1,
      "Actual Loops": 1,
      "Plans": [
        {
          "Node Type": "Gather",
          "Parent Relationship": "Outer",
          "Parallel Aware": false,
          "Startup Cost": 433199.97,
          "Total Cost": 433200.58,
          "Plan Rows": 6,
          "Plan Width": 8,
          "Actual Startup Time": 2979.703,
          "Actual Total Time": 3052.242,
          "Actual Rows": 7,
          "Actual Loops": 1,
          "Workers Planned": 6,
          "Workers Launched": 6,
          "Single Copy": false,
          "Plans": [
            {
              "Node Type": "Aggregate",
              "Strategy": "Plain",
              "Partial Mode": "Partial",
              "Parent Relationship": "Outer",
              "Parallel Aware": false,
              "Startup Cost": 432199.97,
              "Total Cost": 432199.98,
              "Plan Rows": 1,
              "Plan Width": 8,
              "Actual Startup Time": 2966.985,
              "Actual Total Time": 2967.066,
              "Actual Rows": 1,
              "Actual Loops": 7,
              "Plans": [
                {
                  "Node Type": "Hash Join",
                  "Parent Relationship": "Outer",
                  "Parallel Aware": true,
                  "Join Type": "Inner",
                  "Startup Cost": 84734.37,
                  "Total Cost": 426321.93,
                  "Plan Rows": 2351214,
                  "Plan Width": 0,
                  "Actual Startup Time": 386.266,
                  "Actual Total Time": 2718.538,
                  "Actual Rows": 4656785,
                  "Actual Loops": 7,
                  "Inner Unique": false,
                  "Hash Cond": "(ci.movie_id = t.id)",
                  "Plans": [
                    {
                      "Node Type": "Seq Scan",
                      "Parent Relationship": "Outer",
                      "Parallel Aware": true,
                      "Relation Name": "cast_info",
                      "Alias": "ci",
                      "Startup Cost": 0.0,
                      "Total Cost": 313067.02,
                      "Plan Rows": 6038002,
                      "Plan Width": 4,
                      "Actual Startup Time": 0.033,
                      "Actual Total Time": 622.755,
                      "Actual Rows": 5177763,
                      "Actual Loops": 7
                    },
                    {
                      "Node Type": "Hash",
                      "Parent Relationship": "Inner",
                      "Parallel Aware": true,
                      "Startup Cost": 81657.74,
                      "Total Cost": 81657.74,
                      "Plan Rows": 246131,
                      "Plan Width": 8,
                      "Actual Startup Time": 382.619,
                      "Actual Total Time": 382.698,
                      "Actual Rows": 119779,
                      "Actual Loops": 7,
                      "Hash Buckets": 1048576,
                      "Original Hash Buckets": 1048576,
                      "Hash Batches": 1,
                      "Original Hash Batches": 1,
                      "Peak Memory Usage": 41120,
                      "Plans": [
                        {
                          "Node Type": "Hash Join",
                          "Parent Relationship": "Outer",
                          "Parallel Aware": true,
                          "Join Type": "Inner",
                          "Startup Cost": 35384.67,
                          "Total Cost": 81657.74,
                          "Plan Rows": 246131,
                          "Plan Width": 8,
                          "Actual Startup Time": 127.398,
                          "Actual Total Time": 328.804,
                          "Actual Rows": 119779,
                          "Actual Loops": 7,
                          "Inner Unique": false,
                          "Hash Cond": "(t.id = mc.movie_id)",
                          "Plans": [
                            {
                              "Node Type": "Seq Scan",
                              "Parent Relationship": "Outer",
                              "Parallel Aware": true,
                              "Relation Name": "title",
                              "Alias": "t",
                              "Startup Cost": 0.0,
                              "Total Cost": 42318.73,
                              "Plan Rows": 632073,
                              "Plan Width": 4,
                              "Actual Startup Time": 0.021,
                              "Actual Total Time": 70.407,
                              "Actual Rows": 361187,
                              "Actual Loops": 7
                            },
                            {
                              "Node Type": "Hash",
                              "Parent Relationship": "Inner",
                              "Parallel Aware": true,
                              "Startup Cost": 31414.82,
                              "Total Cost": 31414.82,
                              "Plan Rows": 317588,
                              "Plan Width": 4,
                              "Actual Startup Time": 125.49,
                              "Actual Total Time": 125.49,
                              "Actual Rows": 119779,
                              "Actual Loops": 7,
                              "Hash Buckets": 1048576,
                              "Original Hash Buckets": 1048576,
                              "Hash Batches": 1,
                              "Original Hash Batches": 1,
                              "Peak Memory Usage": 41120,
                              "Plans": [
                                {
                                  "Node Type": "Seq Scan",
                                  "Parent Relationship": "Outer",
                                  "Parallel Aware": true,
                                  "Relation Name": "movie_companies",
                                  "Alias": "mc",
                                  "Startup Cost": 0.0,
                                  "Total Cost": 31414.82,
                                  "Plan Rows": 317588,
                                  "Plan Width": 4,
                                  "Actual Startup Time": 0.369,
                                  "Actual Total Time": 69.509,
                                  "Actual Rows": 119779,
                                  "Actual Loops": 7,
                                  "Filter": "((company_id > 699) AND (company_type_id < 2))",
                                  "Rows Removed by Filter": 252953
                                }
                              ]
                            }
                          ]
                        }
                      ]
                    }
                  ]
                }
              ]
            }
          ]
        }
      ]
    },
    "Planning Time": 1.458,
    "Triggers": [],
    "Execution Time": 3052.356
  }
]