{
    "Plan": {
        "Node Type": "Aggregate",
        "Strategy": "Plain",
        "Partial Mode": "Finalize",
        "Parallel Aware": false,
        "Startup Cost": 77056.42,
        "Total Cost": 77056.43,
        "Plan Rows": 1,
        "Plan Width": 8,
        "Actual Startup Time": 216.256,
        "Actual Total Time": 232.485,
        "Actual Rows": 1,
        "Actual Loops": 1,
        "Output": [
            "count(*)"
        ],
        "Plans": [
            {
                "Node Type": "Gather",
                "Parent Relationship": "Outer",
                "Parallel Aware": false,
                "Startup Cost": 77056.1,
                "Total Cost": 77056.41,
                "Plan Rows": 3,
                "Plan Width": 8,
                "Actual Startup Time": 215.935,
                "Actual Total Time": 232.478,
                "Actual Rows": 4,
                "Actual Loops": 1,
                "Output": [
                    "(PARTIAL count(*))"
                ],
                "Workers Planned": 3,
                "Workers Launched": 3,
                "Single Copy": false,
                "Plans": [
                    {
                        "Node Type": "Aggregate",
                        "Strategy": "Plain",
                        "Partial Mode": "Partial",
                        "Parent Relationship": "Outer",
                        "Parallel Aware": false,
                        "Startup Cost": 76056.1,
                        "Total Cost": 76056.11,
                        "Plan Rows": 1,
                        "Plan Width": 8,
                        "Actual Startup Time": 206.973,
                        "Actual Total Time": 206.976,
                        "Actual Rows": 1,
                        "Actual Loops": 4,
                        "Output": [
                            "PARTIAL count(*)"
                        ],
                        "Workers": [
                            {
                                "Worker Number": 0,
                                "Actual Startup Time": 204.087,
                                "Actual Total Time": 204.091,
                                "Actual Rows": 1,
                                "Actual Loops": 1
                            },
                            {
                                "Worker Number": 1,
                                "Actual Startup Time": 204.127,
                                "Actual Total Time": 204.129,
                                "Actual Rows": 1,
                                "Actual Loops": 1
                            },
                            {
                                "Worker Number": 2,
                                "Actual Startup Time": 204.397,
                                "Actual Total Time": 204.401,
                                "Actual Rows": 1,
                                "Actual Loops": 1
                            }
                        ],
                        "Plans": [
                            {
                                "Node Type": "Hash Join",
                                "Parent Relationship": "Outer",
                                "Parallel Aware": true,
                                "Join Type": "Inner",
                                "Startup Cost": 45602.31,
                                "Total Cost": 76039.39,
                                "Plan Rows": 6686,
                                "Plan Width": 0,
                                "Actual Startup Time": 138.557,
                                "Actual Total Time": 206.848,
                                "Actual Rows": 2180,
                                "Actual Loops": 4,
                                "Inner Unique": true,
                                "Hash Cond": "(mc.movie_id = t.id)",
                                "Workers": [
                                    {
                                        "Worker Number": 0,
                                        "Actual Startup Time": 135.468,
                                        "Actual Total Time": 203.951,
                                        "Actual Rows": 2447,
                                        "Actual Loops": 1
                                    },
                                    {
                                        "Worker Number": 1,
                                        "Actual Startup Time": 135.687,
                                        "Actual Total Time": 204.008,
                                        "Actual Rows": 2213,
                                        "Actual Loops": 1
                                    },
                                    {
                                        "Worker Number": 2,
                                        "Actual Startup Time": 136.231,
                                        "Actual Total Time": 204.272,
                                        "Actual Rows": 1560,
                                        "Actual Loops": 1
                                    }
                                ],
                                "Plans": [
                                    {
                                        "Node Type": "Seq Scan",
                                        "Parent Relationship": "Outer",
                                        "Parallel Aware": true,
                                        "Relation Name": "movie_companies",
                                        "Schema": "public",
                                        "Alias": "mc",
                                        "Startup Cost": 0.0,
                                        "Total Cost": 29310.68,
                                        "Plan Rows": 429104,
                                        "Plan Width": 4,
                                        "Actual Startup Time": 29.081,
                                        "Actual Total Time": 66.548,
                                        "Actual Rows": 333721,
                                        "Actual Loops": 4,
                                        "Output": [
                                            "mc.id",
                                            "mc.movie_id",
                                            "mc.company_id",
                                            "mc.company_type_id",
                                            "mc.note"
                                        ],
                                        "Filter": "(mc.company_type_id = 2)",
                                        "Rows Removed by Filter": 318562,
                                        "Workers": [
                                            {
                                                "Worker Number": 0,
                                                "Actual Startup Time": 29.053,
                                                "Actual Total Time": 66.425,
                                                "Actual Rows": 354892,
                                                "Actual Loops": 1
                                            },
                                            {
                                                "Worker Number": 1,
                                                "Actual Startup Time": 29.084,
                                                "Actual Total Time": 66.668,
                                                "Actual Rows": 358232,
                                                "Actual Loops": 1
                                            },
                                            {
                                                "Worker Number": 2,
                                                "Actual Startup Time": 29.085,
                                                "Actual Total Time": 66.93,
                                                "Actual Rows": 218100,
                                                "Actual Loops": 1
                                            }
                                        ]
                                    },
                                    {
                                        "Node Type": "Hash",
                                        "Parent Relationship": "Inner",
                                        "Parallel Aware": true,
                                        "Startup Cost": 45479.21,
                                        "Total Cost": 45479.21,
                                        "Plan Rows": 9848,
                                        "Plan Width": 4,
                                        "Actual Startup Time": 108.012,
                                        "Actual Total Time": 108.013,
                                        "Actual Rows": 10030,
                                        "Actual Loops": 4,
                                        "Output": [
                                            "t.id"
                                        ],
                                        "Hash Buckets": 65536,
                                        "Original Hash Buckets": 65536,
                                        "Hash Batches": 1,
                                        "Original Hash Batches": 1,
                                        "Peak Memory Usage": 2176,
                                        "Workers": [
                                            {
                                                "Worker Number": 0,
                                                "Actual Startup Time": 105.701,
                                                "Actual Total Time": 105.701,
                                                "Actual Rows": 9106,
                                                "Actual Loops": 1
                                            },
                                            {
                                                "Worker Number": 1,
                                                "Actual Startup Time": 105.687,
                                                "Actual Total Time": 105.687,
                                                "Actual Rows": 8184,
                                                "Actual Loops": 1
                                            },
                                            {
                                                "Worker Number": 2,
                                                "Actual Startup Time": 105.99,
                                                "Actual Total Time": 105.991,
                                                "Actual Rows": 6623,
                                                "Actual Loops": 1
                                            }
                                        ],
                                        "Plans": [
                                            {
                                                "Node Type": "Seq Scan",
                                                "Parent Relationship": "Outer",
                                                "Parallel Aware": true,
                                                "Relation Name": "title",
                                                "Schema": "public",
                                                "Alias": "t",
                                                "Startup Cost": 0.0,
                                                "Total Cost": 45479.21,
                                                "Plan Rows": 9848,
                                                "Plan Width": 4,
                                                "Actual Startup Time": 0.109,
                                                "Actual Total Time": 103.113,
                                                "Actual Rows": 10030,
                                                "Actual Loops": 4,
                                                "Output": [
                                                    "t.id"
                                                ],
                                                "Filter": "((t.kind_id = 7) AND (t.production_year = 2013))",
                                                "Rows Removed by Filter": 622048,
                                                "Workers": [
                                                    {
                                                        "Worker Number": 0,
                                                        "Actual Startup Time": 0.072,
                                                        "Actual Total Time": 101.027,
                                                        "Actual Rows": 9106,
                                                        "Actual Loops": 1
                                                    },
                                                    {
                                                        "Worker Number": 1,
                                                        "Actual Startup Time": 0.154,
                                                        "Actual Total Time": 101.348,
                                                        "Actual Rows": 8184,
                                                        "Actual Loops": 1
                                                    },
                                                    {
                                                        "Worker Number": 2,
                                                        "Actual Startup Time": 0.138,
                                                        "Actual Total Time": 100.749,
                                                        "Actual Rows": 6623,
                                                        "Actual Loops": 1
                                                    }
                                                ]
                                            }
                                        ]
                                    }
                                ]
                            }
                        ]
                    }
                ]
            }
        ]
    },
    "Planning Time": 0.797,
    "Triggers": [],
    "Execution Time": 232.556
}