[
    {
        "Bao": {
            "Bao prediction": 678.43,
            "Bao recommended hint": "(no hint)"
        }
    },
    {
        "Plan": {
            "Node Type": "Aggregate",
            "Strategy": "Plain",
            "Partial Mode": "Finalize",
            "Parallel Aware": false,
            "Startup Cost": 88728.81,
            "Total Cost": 88728.82,
            "Plan Rows": 1,
            "Plan Width": 8,
            "Actual Startup Time": 479.41,
            "Actual Total Time": 494.167,
            "Actual Rows": 1,
            "Actual Loops": 1,
            "Output": [
                "count(*)"
            ],
            "Plans": [
                {
                    "Node Type": "Gather",
                    "Parent Relationship": "Outer",
                    "Parallel Aware": false,
                    "Startup Cost": 88728.49,
                    "Total Cost": 88728.8,
                    "Plan Rows": 3,
                    "Plan Width": 8,
                    "Actual Startup Time": 469.52,
                    "Actual Total Time": 494.157,
                    "Actual Rows": 4,
                    "Actual Loops": 1,
                    "Output": [
                        "(PARTIAL count(*))"
                    ],
                    "Workers Planned": 3,
                    "Workers Launched": 3,
                    "Single Copy": false,
                    "Plans": [
                        {
                            "Node Type": "Aggregate",
                            "Strategy": "Plain",
                            "Partial Mode": "Partial",
                            "Parent Relationship": "Outer",
                            "Parallel Aware": false,
                            "Startup Cost": 87728.49,
                            "Total Cost": 87728.5,
                            "Plan Rows": 1,
                            "Plan Width": 8,
                            "Actual Startup Time": 457.52,
                            "Actual Total Time": 457.524,
                            "Actual Rows": 1,
                            "Actual Loops": 4,
                            "Output": [
                                "PARTIAL count(*)"
                            ],
                            "Workers": [
                                {
                                    "Worker Number": 0,
                                    "Actual Startup Time": 453.368,
                                    "Actual Total Time": 453.373,
                                    "Actual Rows": 1,
                                    "Actual Loops": 1
                                },
                                {
                                    "Worker Number": 1,
                                    "Actual Startup Time": 454.43,
                                    "Actual Total Time": 454.434,
                                    "Actual Rows": 1,
                                    "Actual Loops": 1
                                },
                                {
                                    "Worker Number": 2,
                                    "Actual Startup Time": 453.466,
                                    "Actual Total Time": 453.47,
                                    "Actual Rows": 1,
                                    "Actual Loops": 1
                                }
                            ],
                            "Plans": [
                                {
                                    "Node Type": "Hash Join",
                                    "Parent Relationship": "Outer",
                                    "Parallel Aware": true,
                                    "Join Type": "Inner",
                                    "Startup Cost": 60335.54,
                                    "Total Cost": 87458.88,
                                    "Plan Rows": 107845,
                                    "Plan Width": 0,
                                    "Actual Startup Time": 338.737,
                                    "Actual Total Time": 455.671,
                                    "Actual Rows": 17324,
                                    "Actual Loops": 4,
                                    "Inner Unique": true,
                                    "Hash Cond": "(mk.movie_id = t.id)",
                                    "Workers": [
                                        {
                                            "Worker Number": 0,
                                            "Actual Startup Time": 334.831,
                                            "Actual Total Time": 451.618,
                                            "Actual Rows": 14281,
                                            "Actual Loops": 1
                                        },
                                        {
                                            "Worker Number": 1,
                                            "Actual Startup Time": 334.774,
                                            "Actual Total Time": 452.528,
                                            "Actual Rows": 24796,
                                            "Actual Loops": 1
                                        },
                                        {
                                            "Worker Number": 2,
                                            "Actual Startup Time": 335.002,
                                            "Actual Total Time": 451.696,
                                            "Actual Rows": 13489,
                                            "Actual Loops": 1
                                        }
                                    ],
                                    "Plans": [
                                        {
                                            "Node Type": "Bitmap Heap Scan",
                                            "Parent Relationship": "Outer",
                                            "Parallel Aware": true,
                                            "Relation Name": "movie_keyword",
                                            "Schema": "public",
                                            "Alias": "mk",
                                            "Startup Cost": 11608.5,
                                            "Total Cost": 38268.56,
                                            "Plan Rows": 176485,
                                            "Plan Width": 4,
                                            "Actual Startup Time": 58.708,
                                            "Actual Total Time": 127.097,
                                            "Actual Rows": 136876,
                                            "Actual Loops": 4,
                                            "Output": [
                                                "mk.id",
                                                "mk.movie_id",
                                                "mk.keyword_id"
                                            ],
                                            "Recheck Cond": "(mk.keyword_id < 394)",
                                            "Rows Removed by Index Recheck": 0,
                                            "Exact Heap Blocks": 8029,
                                            "Lossy Heap Blocks": 0,
                                            "Workers": [
                                                {
                                                    "Worker Number": 0,
                                                    "Actual Startup Time": 58.707,
                                                    "Actual Total Time": 129.096,
                                                    "Actual Rows": 115458,
                                                    "Actual Loops": 1
                                                },
                                                {
                                                    "Worker Number": 1,
                                                    "Actual Startup Time": 58.595,
                                                    "Actual Total Time": 129.315,
                                                    "Actual Rows": 137229,
                                                    "Actual Loops": 1
                                                },
                                                {
                                                    "Worker Number": 2,
                                                    "Actual Startup Time": 58.778,
                                                    "Actual Total Time": 129.034,
                                                    "Actual Rows": 117096,
                                                    "Actual Loops": 1
                                                }
                                            ],
                                            "Plans": [
                                                {
                                                    "Node Type": "Bitmap Index Scan",
                                                    "Parent Relationship": "Outer",
                                                    "Parallel Aware": false,
                                                    "Index Name": "keyword_id_movie_keyword",
                                                    "Startup Cost": 0.0,
                                                    "Total Cost": 11471.72,
                                                    "Plan Rows": 547105,
                                                    "Plan Width": 0,
                                                    "Actual Startup Time": 52.95,
                                                    "Actual Total Time": 52.95,
                                                    "Actual Rows": 547506,
                                                    "Actual Loops": 1,
                                                    "Index Cond": "(mk.keyword_id < 394)",
                                                    "Workers": [
                                                        {
                                                            "Worker Number": 1,
                                                            "Actual Startup Time": 52.95,
                                                            "Actual Total Time": 52.95,
                                                            "Actual Rows": 547506,
                                                            "Actual Loops": 1
                                                        }
                                                    ]
                                                }
                                            ]
                                        },
                                        {
                                            "Node Type": "Hash",
                                            "Parent Relationship": "Inner",
                                            "Parallel Aware": true,
                                            "Startup Cost": 43899.01,
                                            "Total Cost": 43899.01,
                                            "Plan Rows": 386243,
                                            "Plan Width": 4,
                                            "Actual Startup Time": 272.156,
                                            "Actual Total Time": 272.157,
                                            "Actual Rows": 388966,
                                            "Actual Loops": 4,
                                            "Output": [
                                                "t.id"
                                            ],
                                            "Hash Buckets": 2097152,
                                            "Original Hash Buckets": 2097152,
                                            "Hash Batches": 1,
                                            "Original Hash Batches": 1,
                                            "Peak Memory Usage": 77344,
                                            "Workers": [
                                                {
                                                    "Worker Number": 0,
                                                    "Actual Startup Time": 275.622,
                                                    "Actual Total Time": 275.623,
                                                    "Actual Rows": 334626,
                                                    "Actual Loops": 1
                                                },
                                                {
                                                    "Worker Number": 1,
                                                    "Actual Startup Time": 275.737,
                                                    "Actual Total Time": 275.738,
                                                    "Actual Rows": 329725,
                                                    "Actual Loops": 1
                                                },
                                                {
                                                    "Worker Number": 2,
                                                    "Actual Startup Time": 275.736,
                                                    "Actual Total Time": 275.737,
                                                    "Actual Rows": 336074,
                                                    "Actual Loops": 1
                                                }
                                            ],
                                            "Plans": [
                                                {
                                                    "Node Type": "Seq Scan",
                                                    "Parent Relationship": "Outer",
                                                    "Parallel Aware": true,
                                                    "Relation Name": "title",
                                                    "Schema": "public",
                                                    "Alias": "t",
                                                    "Startup Cost": 0.0,
                                                    "Total Cost": 43899.01,
                                                    "Plan Rows": 386243,
                                                    "Plan Width": 4,
                                                    "Actual Startup Time": 0.035,
                                                    "Actual Total Time": 115.749,
                                                    "Actual Rows": 388966,
                                                    "Actual Loops": 4,
                                                    "Output": [
                                                        "t.id"
                                                    ],
                                                    "Filter": "(t.kind_id > 4)",
                                                    "Rows Removed by Filter": 243112,
                                                    "Workers": [
                                                        {
                                                            "Worker Number": 0,
                                                            "Actual Startup Time": 0.037,
                                                            "Actual Total Time": 120.359,
                                                            "Actual Rows": 334626,
                                                            "Actual Loops": 1
                                                        },
                                                        {
                                                            "Worker Number": 1,
                                                            "Actual Startup Time": 0.037,
                                                            "Actual Total Time": 119.454,
                                                            "Actual Rows": 329725,
                                                            "Actual Loops": 1
                                                        },
                                                        {
                                                            "Worker Number": 2,
                                                            "Actual Startup Time": 0.05,
                                                            "Actual Total Time": 118.889,
                                                            "Actual Rows": 336074,
                                                            "Actual Loops": 1
                                                        }
                                                    ]
                                                }
                                            ]
                                        }
                                    ]
                                }
                            ]
                        }
                    ]
                }
            ]
        },
        "Planning Time": 1410.278,
        "Triggers": [],
        "Execution Time": 494.306
    }
]