[
  {
    "Plan": {
      "Node Type": "Aggregate",
      "Strategy": "Plain",
      "Partial Mode": "Finalize",
      "Parallel Aware": false,
      "Startup Cost": 92167.57,
      "Total Cost": 92167.58,
      "Plan Rows": 1,
      "Plan Width": 8,
      "Actual Startup Time": 410.028,
      "Actual Total Time": 427.68,
      "Actual Rows": 1,
      "Actual Loops": 1,
      "Plans": [
        {
          "Node Type": "Gather",
          "Parent Relationship": "Outer",
          "Parallel Aware": false,
          "Startup Cost": 92167.25,
          "Total Cost": 92167.56,
          "Plan Rows": 3,
          "Plan Width": 8,
          "Actual Startup Time": 408.261,
          "Actual Total Time": 427.67,
          "Actual Rows": 4,
          "Actual Loops": 1,
          "Workers Planned": 3,
          "Workers Launched": 3,
          "Single Copy": false,
          "Plans": [
            {
              "Node Type": "Aggregate",
              "Strategy": "Plain",
              "Partial Mode": "Partial",
              "Parent Relationship": "Outer",
              "Parallel Aware": false,
              "Startup Cost": 91167.25,
              "Total Cost": 91167.26,
              "Plan Rows": 1,
              "Plan Width": 8,
              "Actual Startup Time": 399.544,
              "Actual Total Time": 399.547,
              "Actual Rows": 1,
              "Actual Loops": 4,
              "Plans": [
                {
                  "Node Type": "Hash Join",
                  "Parent Relationship": "Outer",
                  "Parallel Aware": true,
                  "Join Type": "Inner",
                  "Startup Cost": 47401.49,
                  "Total Cost": 90279.57,
                  "Plan Rows": 355074,
                  "Plan Width": 0,
                  "Actual Startup Time": 181.51,
                  "Actual Total Time": 371.725,
                  "Actual Rows": 694057,
                  "Actual Loops": 4,
                  "Inner Unique": true,
                  "Hash Cond": "(mk.movie_id = t.id)",
                  "Plans": [
                    {
                      "Node Type": "Seq Scan",
                      "Parent Relationship": "Outer",
                      "Parallel Aware": true,
                      "Relation Name": "movie_keyword",
                      "Alias": "mk",
                      "Startup Cost": 0.0,
                      "Total Cost": 39047.32,
                      "Plan Rows": 1459332,
                      "Plan Width": 4,
                      "Actual Startup Time": 0.022,
                      "Actual Total Time": 82.779,
                      "Actual Rows": 1130982,
                      "Actual Loops": 4
                    },
                    {
                      "Node Type": "Hash",
                      "Parent Relationship": "Inner",
                      "Parallel Aware": true,
                      "Startup Cost": 45479.1,
                      "Total Cost": 45479.1,
                      "Plan Rows": 153791,
                      "Plan Width": 4,
                      "Actual Startup Time": 141.662,
                      "Actual Total Time": 141.663,
                      "Actual Rows": 135250,
                      "Actual Loops": 4,
                      "Hash Buckets": 1048576,
                      "Original Hash Buckets": 1048576,
                      "Hash Batches": 1,
                      "Original Hash Batches": 1,
                      "Peak Memory Usage": 29408,
                      "Plans": [
                        {
                          "Node Type": "Seq Scan",
                          "Parent Relationship": "Outer",
                          "Parallel Aware": true,
                          "Relation Name": "title",
                          "Alias": "t",
                          "Startup Cost": 0.0,
                          "Total Cost": 45479.1,
                          "Plan Rows": 153791,
                          "Plan Width": 4,
                          "Actual Startup Time": 47.671,
                          "Actual Total Time": 100.714,
                          "Actual Rows": 135250,
                          "Actual Loops": 4,
                          "Filter": "((production_year > 1929) AND (kind_id = 1))",
                          "Rows Removed by Filter": 496828
                        }
                      ]
                    }
                  ]
                }
              ]
            }
          ]
        }
      ]
    },
    "Planning Time": 0.586,
    "Triggers": [],
    "Execution Time": 427.8
  }
]