{
  "Plan": {
    "Node Type": "Aggregate",
    "Strategy": "Plain",
    "Partial Mode": "Finalize",
    "Parallel Aware": false,
    "Startup Cost": 84989.88,
    "Total Cost": 84989.89,
    "Plan Rows": 1,
    "Plan Width": 8,
    "Actual Startup Time": 399.515,
    "Actual Total Time": 413.516,
    "Actual Rows": 1,
    "Actual Loops": 1,
    "Plans": [
      {
        "Node Type": "Gather",
        "Parent Relationship": "Outer",
        "Parallel Aware": false,
        "Startup Cost": 84989.77,
        "Total Cost": 84989.88,
        "Plan Rows": 1,
        "Plan Width": 8,
        "Actual Startup Time": 398.962,
        "Actual Total Time": 413.506,
        "Actual Rows": 2,
        "Actual Loops": 1,
        "Workers Planned": 1,
        "Workers Launched": 1,
        "Single Copy": false,
        "Plans": [
          {
            "Node Type": "Aggregate",
            "Strategy": "Plain",
            "Partial Mode": "Partial",
            "Parent Relationship": "Outer",
            "Parallel Aware": false,
            "Startup Cost": 83989.77,
            "Total Cost": 83989.78,
            "Plan Rows": 1,
            "Plan Width": 8,
            "Actual Startup Time": 392.984,
            "Actual Total Time": 392.988,
            "Actual Rows": 1,
            "Actual Loops": 2,
            "Plans": [
              {
                "Node Type": "Hash Join",
                "Parent Relationship": "Outer",
                "Parallel Aware": true,
                "Join Type": "Inner",
                "Startup Cost": 23223.31,
                "Total Cost": 83810.53,
                "Plan Rows": 71693,
                "Plan Width": 0,
                "Actual Startup Time": 272.238,
                "Actual Total Time": 389.973,
                "Actual Rows": 58648,
                "Actual Loops": 2,
                "Inner Unique": false,
                "Hash Cond": "(t.id = mc.movie_id)",
                "Plans": [
                  {
                    "Node Type": "Seq Scan",
                    "Parent Relationship": "Outer",
                    "Parallel Aware": true,
                    "Relation Name": "title",
                    "Alias": "t",
                    "Startup Cost": 0.0,
                    "Total Cost": 50870.31,
                    "Plan Rows": 1487231,
                    "Plan Width": 4,
                    "Actual Startup Time": 0.011,
                    "Actual Total Time": 139.377,
                    "Actual Rows": 1264156,
                    "Actual Loops": 2
                  },
                  {
                    "Node Type": "Hash",
                    "Parent Relationship": "Inner",
                    "Parallel Aware": true,
                    "Startup Cost": 22327.15,
                    "Total Cost": 22327.15,
                    "Plan Rows": 71693,
                    "Plan Width": 4,
                    "Actual Startup Time": 52.814,
                    "Actual Total Time": 52.816,
                    "Actual Rows": 58648,
                    "Actual Loops": 2,
                    "Hash Buckets": 131072,
                    "Original Hash Buckets": 131072,
                    "Hash Batches": 1,
                    "Original Hash Batches": 1,
                    "Peak Memory Usage": 5664,
                    "Plans": [
                      {
                        "Node Type": "Bitmap Heap Scan",
                        "Parent Relationship": "Outer",
                        "Parallel Aware": true,
                        "Relation Name": "movie_companies",
                        "Alias": "mc",
                        "Startup Cost": 2640.98,
                        "Total Cost": 22327.15,
                        "Plan Rows": 71693,
                        "Plan Width": 4,
                        "Actual Startup Time": 12.331,
                        "Actual Total Time": 36.66,
                        "Actual Rows": 58648,
                        "Actual Loops": 2,
                        "Recheck Cond": "(company_id > 147839)",
                        "Rows Removed by Index Recheck": 0,
                        "Exact Heap Blocks": 2685,
                        "Lossy Heap Blocks": 0,
                        "Plans": [
                          {
                            "Node Type": "Bitmap Index Scan",
                            "Parent Relationship": "Outer",
                            "Parallel Aware": false,
                            "Index Name": "company_id_movie_companies",
                            "Startup Cost": 0.0,
                            "Total Cost": 2610.51,
                            "Plan Rows": 121878,
                            "Plan Width": 0,
                            "Actual Startup Time": 14.929,
                            "Actual Total Time": 14.929,
                            "Actual Rows": 117297,
                            "Actual Loops": 1,
                            "Index Cond": "(company_id > 147839)"
                          }
                        ]
                      }
                    ]
                  }
                ]
              }
            ]
          }
        ]
      }
    ]
  },
  "Planning Time": 0.603,
  "Triggers": [],
  "Execution Time": 413.606
}