[
  {
    "Plan": {
      "Node Type": "Aggregate",
      "Strategy": "Plain",
      "Partial Mode": "Finalize",
      "Parallel Aware": false,
      "Startup Cost": 42902.11,
      "Total Cost": 42902.12,
      "Plan Rows": 1,
      "Plan Width": 8,
      "Actual Startup Time": 152.68,
      "Actual Total Time": 163.493,
      "Actual Rows": 1,
      "Actual Loops": 1,
      "Plans": [
        {
          "Node Type": "Gather",
          "Parent Relationship": "Outer",
          "Parallel Aware": false,
          "Startup Cost": 42901.8,
          "Total Cost": 42902.11,
          "Plan Rows": 3,
          "Plan Width": 8,
          "Actual Startup Time": 152.39,
          "Actual Total Time": 163.482,
          "Actual Rows": 4,
          "Actual Loops": 1,
          "Workers Planned": 3,
          "Workers Launched": 3,
          "Single Copy": false,
          "Plans": [
            {
              "Node Type": "Aggregate",
              "Strategy": "Plain",
              "Partial Mode": "Partial",
              "Parent Relationship": "Outer",
              "Parallel Aware": false,
              "Startup Cost": 41901.8,
              "Total Cost": 41901.81,
              "Plan Rows": 1,
              "Plan Width": 8,
              "Actual Startup Time": 145.315,
              "Actual Total Time": 145.317,
              "Actual Rows": 1,
              "Actual Loops": 4,
              "Plans": [
                {
                  "Node Type": "Bitmap Heap Scan",
                  "Parent Relationship": "Outer",
                  "Parallel Aware": true,
                  "Relation Name": "movie_keyword",
                  "Alias": "mk",
                  "Startup Cost": 14207.04,
                  "Total Cost": 41361.67,
                  "Plan Rows": 216050,
                  "Plan Width": 0,
                  "Actual Startup Time": 48.748,
                  "Actual Total Time": 134.046,
                  "Actual Rows": 168458,
                  "Actual Loops": 4,
                  "Recheck Cond": "(keyword_id < 542)",
                  "Rows Removed by Index Recheck": 0,
                  "Exact Heap Blocks": 8287,
                  "Lossy Heap Blocks": 0,
                  "Plans": [
                    {
                      "Node Type": "Bitmap Index Scan",
                      "Parent Relationship": "Outer",
                      "Parallel Aware": false,
                      "Index Name": "keyword_id_movie_keyword",
                      "Startup Cost": 0.0,
                      "Total Cost": 14039.6,
                      "Plan Rows": 669756,
                      "Plan Width": 0,
                      "Actual Startup Time": 49.593,
                      "Actual Total Time": 49.593,
                      "Actual Rows": 673833,
                      "Actual Loops": 1,
                      "Index Cond": "(keyword_id < 542)"
                    }
                  ]
                }
              ]
            }
          ]
        }
      ]
    },
    "Planning Time": 0.067,
    "Triggers": [],
    "Execution Time": 163.531
  }
]