{
    "Plan": {
        "Node Type": "Aggregate",
        "Strategy": "Plain",
        "Partial Mode": "Simple",
        "Parallel Aware": false,
        "Startup Cost": 50001685088.78,
        "Total Cost": 50001685088.79,
        "Plan Rows": 1,
        "Plan Width": 96,
        "Actual Startup Time": 6295.442,
        "Actual Total Time": 6299.993,
        "Actual Rows": 1,
        "Actual Loops": 1,
        "Output": [
            "min(cn.name)",
            "min(mi_idx.info)",
            "min(t.title)"
        ],
        "Plans": [
            {
                "Node Type": "Nested Loop",
                "Parent Relationship": "Outer",
                "Parallel Aware": false,
                "Join Type": "Inner",
                "Startup Cost": 50001685080.73,
                "Total Cost": 50001685088.78,
                "Plan Rows": 1,
                "Plan Width": 41,
                "Actual Startup Time": 6221.812,
                "Actual Total Time": 6294.62,
                "Actual Rows": 19829,
                "Actual Loops": 1,
                "Output": [
                    "cn.name",
                    "mi_idx.info",
                    "t.title"
                ],
                "Inner Unique": true,
                "Plans": [
                    {
                        "Node Type": "Hash Join",
                        "Parent Relationship": "Outer",
                        "Parallel Aware": false,
                        "Join Type": "Inner",
                        "Startup Cost": 40001685080.59,
                        "Total Cost": 40001685083.02,
                        "Plan Rows": 1,
                        "Plan Width": 45,
                        "Actual Startup Time": 6221.789,
                        "Actual Total Time": 6229.007,
                        "Actual Rows": 19829,
                        "Actual Loops": 1,
                        "Output": [
                            "cn.name",
                            "mc.company_type_id",
                            "mi_idx.info",
                            "t.title"
                        ],
                        "Inner Unique": false,
                        "Hash Cond": "(it1.id = mi.info_type_id)",
                        "Plans": [
                            {
                                "Node Type": "Seq Scan",
                                "Parent Relationship": "Outer",
                                "Parallel Aware": false,
                                "Relation Name": "info_type",
                                "Schema": "public",
                                "Alias": "it1",
                                "Startup Cost": 0.0,
                                "Total Cost": 2.41,
                                "Plan Rows": 1,
                                "Plan Width": 4,
                                "Actual Startup Time": 0.014,
                                "Actual Total Time": 0.024,
                                "Actual Rows": 1,
                                "Actual Loops": 1,
                                "Output": [
                                    "it1.id",
                                    "it1.info"
                                ],
                                "Filter": "((it1.info)::text = 'countries'::text)",
                                "Rows Removed by Filter": 112
                            },
                            {
                                "Node Type": "Hash",
                                "Parent Relationship": "Inner",
                                "Parallel Aware": false,
                                "Startup Cost": 40001685080.58,
                                "Total Cost": 40001685080.58,
                                "Plan Rows": 1,
                                "Plan Width": 49,
                                "Actual Startup Time": 6221.765,
                                "Actual Total Time": 6226.314,
                                "Actual Rows": 21662,
                                "Actual Loops": 1,
                                "Output": [
                                    "cn.name",
                                    "mc.company_type_id",
                                    "mi.info_type_id",
                                    "mi_idx.info",
                                    "t.title"
                                ],
                                "Hash Buckets": 32768,
                                "Original Hash Buckets": 1024,
                                "Hash Batches": 1,
                                "Original Hash Batches": 1,
                                "Peak Memory Usage": 1983,
                                "Plans": [
                                    {
                                        "Node Type": "Hash Join",
                                        "Parent Relationship": "Outer",
                                        "Parallel Aware": false,
                                        "Join Type": "Inner",
                                        "Startup Cost": 40001592618.48,
                                        "Total Cost": 40001685080.58,
                                        "Plan Rows": 1,
                                        "Plan Width": 49,
                                        "Actual Startup Time": 5684.222,
                                        "Actual Total Time": 6222.507,
                                        "Actual Rows": 21662,
                                        "Actual Loops": 1,
                                        "Output": [
                                            "cn.name",
                                            "mc.company_type_id",
                                            "mi.info_type_id",
                                            "mi_idx.info",
                                            "t.title"
                                        ],
                                        "Inner Unique": false,
                                        "Hash Cond": "(t.id = mi.movie_id)",
                                        "Plans": [
                                            {
                                                "Node Type": "Nested Loop",
                                                "Parent Relationship": "Outer",
                                                "Parallel Aware": false,
                                                "Join Type": "Inner",
                                                "Startup Cost": 10000006940.53,
                                                "Total Cost": 10000098128.2,
                                                "Plan Rows": 339844,
                                                "Plan Width": 21,
                                                "Actual Startup Time": 54.841,
                                                "Actual Total Time": 491.706,
                                                "Actual Rows": 1040948,
                                                "Actual Loops": 1,
                                                "Output": [
                                                    "t.title",
                                                    "t.id"
                                                ],
                                                "Inner Unique": false,
                                                "Plans": [
                                                    {
                                                        "Node Type": "Index Scan",
                                                        "Parent Relationship": "Outer",
                                                        "Parallel Aware": false,
                                                        "Scan Direction": "Forward",
                                                        "Index Name": "kind_type_pkey",
                                                        "Relation Name": "kind_type",
                                                        "Schema": "public",
                                                        "Alias": "kt",
                                                        "Startup Cost": 0.13,
                                                        "Total Cost": 12.26,
                                                        "Plan Rows": 2,
                                                        "Plan Width": 4,
                                                        "Actual Startup Time": 0.022,
                                                        "Actual Total Time": 0.036,
                                                        "Actual Rows": 2,
                                                        "Actual Loops": 1,
                                                        "Output": [
                                                            "kt.id",
                                                            "kt.kind"
                                                        ],
                                                        "Filter": "((kt.kind)::text = ANY ('{movie,episode}'::text[]))",
                                                        "Rows Removed by Filter": 5
                                                    },
                                                    {
                                                        "Node Type": "Bitmap Heap Scan",
                                                        "Parent Relationship": "Inner",
                                                        "Parallel Aware": false,
                                                        "Relation Name": "title",
                                                        "Schema": "public",
                                                        "Alias": "t",
                                                        "Startup Cost": 6940.39,
                                                        "Total Cost": 47075.55,
                                                        "Plan Rows": 198242,
                                                        "Plan Width": 25,
                                                        "Actual Startup Time": 71.096,
                                                        "Actual Total Time": 211.724,
                                                        "Actual Rows": 520474,
                                                        "Actual Loops": 2,
                                                        "Output": [
                                                            "t.id",
                                                            "t.title",
                                                            "t.imdb_index",
                                                            "t.kind_id",
                                                            "t.production_year",
                                                            "t.imdb_id",
                                                            "t.phonetic_code",
                                                            "t.episode_of_id",
                                                            "t.season_nr",
                                                            "t.episode_nr",
                                                            "t.series_years",
                                                            "t.md5sum"
                                                        ],
                                                        "Recheck Cond": "(t.kind_id = kt.id)",
                                                        "Rows Removed by Index Recheck": 0,
                                                        "Filter": "(t.production_year > 2003)",
                                                        "Rows Removed by Filter": 582570,
                                                        "Exact Heap Blocks": 37573,
                                                        "Lossy Heap Blocks": 0,
                                                        "Plans": [
                                                            {
                                                                "Node Type": "Bitmap Index Scan",
                                                                "Parent Relationship": "Outer",
                                                                "Parallel Aware": false,
                                                                "Index Name": "kind_id_title",
                                                                "Startup Cost": 0.0,
                                                                "Total Cost": 6890.83,
                                                                "Plan Rows": 421387,
                                                                "Plan Width": 0,
                                                                "Actual Startup Time": 68.388,
                                                                "Actual Total Time": 68.388,
                                                                "Actual Rows": 1103044,
                                                                "Actual Loops": 2,
                                                                "Index Cond": "(t.kind_id = kt.id)"
                                                            }
                                                        ]
                                                    }
                                                ]
                                            },
                                            {
                                                "Node Type": "Hash",
                                                "Parent Relationship": "Inner",
                                                "Parallel Aware": false,
                                                "Startup Cost": 30001585677.94,
                                                "Total Cost": 30001585677.94,
                                                "Plan Rows": 1,
                                                "Plan Width": 48,
                                                "Actual Startup Time": 5628.935,
                                                "Actual Total Time": 5633.48,
                                                "Actual Rows": 56872,
                                                "Actual Loops": 1,
                                                "Output": [
                                                    "cn.name",
                                                    "mc.movie_id",
                                                    "mc.company_type_id",
                                                    "mi.movie_id",
                                                    "mi.info_type_id",
                                                    "mi_idx.info",
                                                    "mi_idx.movie_id",
                                                    "mk.movie_id"
                                                ],
                                                "Hash Buckets": 65536,
                                                "Original Hash Buckets": 1024,
                                                "Hash Batches": 1,
                                                "Original Hash Batches": 1,
                                                "Peak Memory Usage": 5118,
                                                "Plans": [
                                                    {
                                                        "Node Type": "Nested Loop",
                                                        "Parent Relationship": "Outer",
                                                        "Parallel Aware": false,
                                                        "Join Type": "Inner",
                                                        "Startup Cost": 30001524914.6,
                                                        "Total Cost": 30001585677.94,
                                                        "Plan Rows": 1,
                                                        "Plan Width": 48,
                                                        "Actual Startup Time": 3853.616,
                                                        "Actual Total Time": 5604.328,
                                                        "Actual Rows": 56872,
                                                        "Actual Loops": 1,
                                                        "Output": [
                                                            "cn.name",
                                                            "mc.movie_id",
                                                            "mc.company_type_id",
                                                            "mi.movie_id",
                                                            "mi.info_type_id",
                                                            "mi_idx.info",
                                                            "mi_idx.movie_id",
                                                            "mk.movie_id"
                                                        ],
                                                        "Inner Unique": true,
                                                        "Plans": [
                                                            {
                                                                "Node Type": "Nested Loop",
                                                                "Parent Relationship": "Outer",
                                                                "Parallel Aware": false,
                                                                "Join Type": "Inner",
                                                                "Startup Cost": 20001524914.15,
                                                                "Total Cost": 20001585669.01,
                                                                "Plan Rows": 2,
                                                                "Plan Width": 33,
                                                                "Actual Startup Time": 3853.584,
                                                                "Actual Total Time": 5312.037,
                                                                "Actual Rows": 61391,
                                                                "Actual Loops": 1,
                                                                "Output": [
                                                                    "mi_idx.info",
                                                                    "mi_idx.movie_id",
                                                                    "mc.movie_id",
                                                                    "mc.company_type_id",
                                                                    "mc.company_id",
                                                                    "mi.movie_id",
                                                                    "mi.info_type_id",
                                                                    "mk.movie_id"
                                                                ],
                                                                "Inner Unique": true,
                                                                "Plans": [
                                                                    {
                                                                        "Node Type": "Merge Join",
                                                                        "Parent Relationship": "Outer",
                                                                        "Parallel Aware": false,
                                                                        "Join Type": "Inner",
                                                                        "Startup Cost": 10001524914.0,
                                                                        "Total Cost": 10001584927.57,
                                                                        "Plan Rows": 178,
                                                                        "Plan Width": 37,
                                                                        "Actual Startup Time": 3850.852,
                                                                        "Actual Total Time": 4270.653,
                                                                        "Actual Rows": 294591,
                                                                        "Actual Loops": 1,
                                                                        "Output": [
                                                                            "mk.movie_id",
                                                                            "mc.movie_id",
                                                                            "mc.company_type_id",
                                                                            "mc.company_id",
                                                                            "mi.movie_id",
                                                                            "mi.info_type_id",
                                                                            "mi_idx.info",
                                                                            "mi_idx.movie_id",
                                                                            "mi_idx.info_type_id"
                                                                        ],
                                                                        "Inner Unique": false,
                                                                        "Merge Cond": "(mi_idx.movie_id = mi.movie_id)",
                                                                        "Plans": [
                                                                            {
                                                                                "Node Type": "Index Scan",
                                                                                "Parent Relationship": "Outer",
                                                                                "Parallel Aware": false,
                                                                                "Scan Direction": "Forward",
                                                                                "Index Name": "movie_id_movie_info_idx",
                                                                                "Relation Name": "movie_info_idx",
                                                                                "Schema": "public",
                                                                                "Alias": "mi_idx",
                                                                                "Startup Cost": 0.43,
                                                                                "Total Cost": 57080.9,
                                                                                "Plan Rows": 1172563,
                                                                                "Plan Width": 13,
                                                                                "Actual Startup Time": 0.017,
                                                                                "Actual Total Time": 230.814,
                                                                                "Actual Rows": 1172770,
                                                                                "Actual Loops": 1,
                                                                                "Output": [
                                                                                    "mi_idx.id",
                                                                                    "mi_idx.movie_id",
                                                                                    "mi_idx.info_type_id",
                                                                                    "mi_idx.info",
                                                                                    "mi_idx.note"
                                                                                ],
                                                                                "Filter": "(mi_idx.info < '7.0'::text)",
                                                                                "Rows Removed by Filter": 207050
                                                                            },
                                                                            {
                                                                                "Node Type": "Sort",
                                                                                "Parent Relationship": "Inner",
                                                                                "Parallel Aware": false,
                                                                                "Startup Cost": 10001524912.6,
                                                                                "Total Cost": 10001524912.78,
                                                                                "Plan Rows": 74,
                                                                                "Plan Width": 24,
                                                                                "Actual Startup Time": 3850.663,
                                                                                "Actual Total Time": 3917.238,
                                                                                "Actual Rows": 294759,
                                                                                "Actual Loops": 1,
                                                                                "Output": [
                                                                                    "mk.movie_id",
                                                                                    "mc.movie_id",
                                                                                    "mc.company_type_id",
                                                                                    "mc.company_id",
                                                                                    "mi.movie_id",
                                                                                    "mi.info_type_id"
                                                                                ],
                                                                                "Sort Key": [
                                                                                    "mk.movie_id"
                                                                                ],
                                                                                "Sort Method": "quicksort",
                                                                                "Sort Space Used": 12399,
                                                                                "Sort Space Type": "Memory",
                                                                                "Plans": [
                                                                                    {
                                                                                        "Node Type": "Gather",
                                                                                        "Parent Relationship": "Outer",
                                                                                        "Parallel Aware": false,
                                                                                        "Startup Cost": 10001515288.55,
                                                                                        "Total Cost": 10001524910.3,
                                                                                        "Plan Rows": 74,
                                                                                        "Plan Width": 24,
                                                                                        "Actual Startup Time": 3526.852,
                                                                                        "Actual Total Time": 3826.761,
                                                                                        "Actual Rows": 119379,
                                                                                        "Actual Loops": 1,
                                                                                        "Output": [
                                                                                            "mk.movie_id",
                                                                                            "mc.movie_id",
                                                                                            "mc.company_type_id",
                                                                                            "mc.company_id",
                                                                                            "mi.movie_id",
                                                                                            "mi.info_type_id"
                                                                                        ],
                                                                                        "Workers Planned": 3,
                                                                                        "Workers Launched": 3,
                                                                                        "Single Copy": false,
                                                                                        "Plans": [
                                                                                            {
                                                                                                "Node Type": "Merge Join",
                                                                                                "Parent Relationship": "Outer",
                                                                                                "Parallel Aware": false,
                                                                                                "Join Type": "Inner",
                                                                                                "Startup Cost": 10001514288.55,
                                                                                                "Total Cost": 10001523902.9,
                                                                                                "Plan Rows": 24,
                                                                                                "Plan Width": 24,
                                                                                                "Actual Startup Time": 3460.154,
                                                                                                "Actual Total Time": 3691.226,
                                                                                                "Actual Rows": 29845,
                                                                                                "Actual Loops": 4,
                                                                                                "Output": [
                                                                                                    "mk.movie_id",
                                                                                                    "mc.movie_id",
                                                                                                    "mc.company_type_id",
                                                                                                    "mc.company_id",
                                                                                                    "mi.movie_id",
                                                                                                    "mi.info_type_id"
                                                                                                ],
                                                                                                "Inner Unique": true,
                                                                                                "Merge Cond": "(mk.keyword_id = k.id)",
                                                                                                "Workers": [
                                                                                                    {
                                                                                                        "Worker Number": 0,
                                                                                                        "Actual Startup Time": 3421.976,
                                                                                                        "Actual Total Time": 3642.182,
                                                                                                        "Actual Rows": 28489,
                                                                                                        "Actual Loops": 1
                                                                                                    },
                                                                                                    {
                                                                                                        "Worker Number": 1,
                                                                                                        "Actual Startup Time": 3432.753,
                                                                                                        "Actual Total Time": 3669.533,
                                                                                                        "Actual Rows": 27035,
                                                                                                        "Actual Loops": 1
                                                                                                    },
                                                                                                    {
                                                                                                        "Worker Number": 2,
                                                                                                        "Actual Startup Time": 3459.598,
                                                                                                        "Actual Total Time": 3689.529,
                                                                                                        "Actual Rows": 29714,
                                                                                                        "Actual Loops": 1
                                                                                                    }
                                                                                                ],
                                                                                                "Plans": [
                                                                                                    {
                                                                                                        "Node Type": "Sort",
                                                                                                        "Parent Relationship": "Outer",
                                                                                                        "Parallel Aware": false,
                                                                                                        "Startup Cost": 10001514288.13,
                                                                                                        "Total Cost": 10001516256.22,
                                                                                                        "Plan Rows": 787236,
                                                                                                        "Plan Width": 28,
                                                                                                        "Actual Startup Time": 3427.629,
                                                                                                        "Actual Total Time": 3556.612,
                                                                                                        "Actual Rows": 514563,
                                                                                                        "Actual Loops": 4,
                                                                                                        "Output": [
                                                                                                            "mc.movie_id",
                                                                                                            "mc.company_type_id",
                                                                                                            "mc.company_id",
                                                                                                            "mi.movie_id",
                                                                                                            "mi.info_type_id",
                                                                                                            "mk.movie_id",
                                                                                                            "mk.keyword_id"
                                                                                                        ],
                                                                                                        "Sort Key": [
                                                                                                            "mk.keyword_id"
                                                                                                        ],
                                                                                                        "Sort Method": "quicksort",
                                                                                                        "Sort Space Used": 393505,
                                                                                                        "Sort Space Type": "Memory",
                                                                                                        "Workers": [
                                                                                                            {
                                                                                                                "Worker Number": 0,
                                                                                                                "Actual Startup Time": 3393.665,
                                                                                                                "Actual Total Time": 3512.945,
                                                                                                                "Actual Rows": 463760,
                                                                                                                "Actual Loops": 1
                                                                                                            },
                                                                                                            {
                                                                                                                "Worker Number": 1,
                                                                                                                "Actual Startup Time": 3399.343,
                                                                                                                "Actual Total Time": 3526.733,
                                                                                                                "Actual Rows": 473396,
                                                                                                                "Actual Loops": 1
                                                                                                            },
                                                                                                            {
                                                                                                                "Worker Number": 2,
                                                                                                                "Actual Startup Time": 3426.511,
                                                                                                                "Actual Total Time": 3556.084,
                                                                                                                "Actual Rows": 506762,
                                                                                                                "Actual Loops": 1
                                                                                                            }
                                                                                                        ],
                                                                                                        "Plans": [
                                                                                                            {
                                                                                                                "Node Type": "Nested Loop",
                                                                                                                "Parent Relationship": "Outer",
                                                                                                                "Parallel Aware": false,
                                                                                                                "Join Type": "Inner",
                                                                                                                "Startup Cost": 10000911793.25,
                                                                                                                "Total Cost": 10001437192.39,
                                                                                                                "Plan Rows": 787236,
                                                                                                                "Plan Width": 28,
                                                                                                                "Actual Startup Time": 1386.81,
                                                                                                                "Actual Total Time": 2538.538,
                                                                                                                "Actual Rows": 3194882,
                                                                                                                "Actual Loops": 4,
                                                                                                                "Output": [
                                                                                                                    "mc.movie_id",
                                                                                                                    "mc.company_type_id",
                                                                                                                    "mc.company_id",
                                                                                                                    "mi.movie_id",
                                                                                                                    "mi.info_type_id",
                                                                                                                    "mk.movie_id",
                                                                                                                    "mk.keyword_id"
                                                                                                                ],
                                                                                                                "Inner Unique": false,
                                                                                                                "Workers": [
                                                                                                                    {
                                                                                                                        "Worker Number": 0,
                                                                                                                        "Actual Startup Time": 1383.544,
                                                                                                                        "Actual Total Time": 2514.794,
                                                                                                                        "Actual Rows": 2860617,
                                                                                                                        "Actual Loops": 1
                                                                                                                    },
                                                                                                                    {
                                                                                                                        "Worker Number": 1,
                                                                                                                        "Actual Startup Time": 1383.655,
                                                                                                                        "Actual Total Time": 2499.333,
                                                                                                                        "Actual Rows": 2973339,
                                                                                                                        "Actual Loops": 1
                                                                                                                    },
                                                                                                                    {
                                                                                                                        "Worker Number": 2,
                                                                                                                        "Actual Startup Time": 1384.256,
                                                                                                                        "Actual Total Time": 2500.017,
                                                                                                                        "Actual Rows": 3167002,
                                                                                                                        "Actual Loops": 1
                                                                                                                    }
                                                                                                                ],
                                                                                                                "Plans": [
                                                                                                                    {
                                                                                                                        "Node Type": "Hash Join",
                                                                                                                        "Parent Relationship": "Outer",
                                                                                                                        "Parallel Aware": true,
                                                                                                                        "Join Type": "Inner",
                                                                                                                        "Startup Cost": 911792.34,
                                                                                                                        "Total Cost": 1048350.83,
                                                                                                                        "Plan Rows": 65321,
                                                                                                                        "Plan Width": 20,
                                                                                                                        "Actual Startup Time": 1386.577,
                                                                                                                        "Actual Total Time": 1600.986,
                                                                                                                        "Actual Rows": 55054,
                                                                                                                        "Actual Loops": 4,
                                                                                                                        "Output": [
                                                                                                                            "mc.movie_id",
                                                                                                                            "mc.company_type_id",
                                                                                                                            "mc.company_id",
                                                                                                                            "mi.movie_id",
                                                                                                                            "mi.info_type_id"
                                                                                                                        ],
                                                                                                                        "Inner Unique": false,
                                                                                                                        "Hash Cond": "(mc.movie_id = mi.movie_id)",
                                                                                                                        "Workers": [
                                                                                                                            {
                                                                                                                                "Worker Number": 0,
                                                                                                                                "Actual Startup Time": 1383.338,
                                                                                                                                "Actual Total Time": 1596.553,
                                                                                                                                "Actual Rows": 50834,
                                                                                                                                "Actual Loops": 1
                                                                                                                            },
                                                                                                                            {
                                                                                                                                "Worker Number": 1,
                                                                                                                                "Actual Startup Time": 1383.418,
                                                                                                                                "Actual Total Time": 1596.322,
                                                                                                                                "Actual Rows": 49302,
                                                                                                                                "Actual Loops": 1
                                                                                                                            },
                                                                                                                            {
                                                                                                                                "Worker Number": 2,
                                                                                                                                "Actual Startup Time": 1383.798,
                                                                                                                                "Actual Total Time": 1593.331,
                                                                                                                                "Actual Rows": 54917,
                                                                                                                                "Actual Loops": 1
                                                                                                                            }
                                                                                                                        ],
                                                                                                                        "Plans": [
                                                                                                                            {
                                                                                                                                "Node Type": "Index Scan",
                                                                                                                                "Parent Relationship": "Outer",
                                                                                                                                "Parallel Aware": true,
                                                                                                                                "Scan Direction": "Forward",
                                                                                                                                "Index Name": "company_type_id_movie_companies",
                                                                                                                                "Relation Name": "movie_companies",
                                                                                                                                "Schema": "public",
                                                                                                                                "Alias": "mc",
                                                                                                                                "Startup Cost": 0.43,
                                                                                                                                "Total Cost": 71363.89,
                                                                                                                                "Plan Rows": 48018,
                                                                                                                                "Plan Width": 12,
                                                                                                                                "Actual Startup Time": 0.167,
                                                                                                                                "Actual Total Time": 166.749,
                                                                                                                                "Actual Rows": 75818,
                                                                                                                                "Actual Loops": 4,
                                                                                                                                "Output": [
                                                                                                                                    "mc.id",
                                                                                                                                    "mc.movie_id",
                                                                                                                                    "mc.company_id",
                                                                                                                                    "mc.company_type_id",
                                                                                                                                    "mc.note"
                                                                                                                                ],
                                                                                                                                "Filter": "((mc.note !~~ '%(USA)%'::text) AND (mc.note ~~ '%(200%)%'::text))",
                                                                                                                                "Rows Removed by Filter": 576464,
                                                                                                                                "Workers": [
                                                                                                                                    {
                                                                                                                                        "Worker Number": 0,
                                                                                                                                        "Actual Startup Time": 0.148,
                                                                                                                                        "Actual Total Time": 167.505,
                                                                                                                                        "Actual Rows": 70979,
                                                                                                                                        "Actual Loops": 1
                                                                                                                                    },
                                                                                                                                    {
                                                                                                                                        "Worker Number": 1,
                                                                                                                                        "Actual Startup Time": 0.405,
                                                                                                                                        "Actual Total Time": 166.578,
                                                                                                                                        "Actual Rows": 68826,
                                                                                                                                        "Actual Loops": 1
                                                                                                                                    },
                                                                                                                                    {
                                                                                                                                        "Worker Number": 2,
                                                                                                                                        "Actual Startup Time": 0.088,
                                                                                                                                        "Actual Total Time": 163.885,
                                                                                                                                        "Actual Rows": 73357,
                                                                                                                                        "Actual Loops": 1
                                                                                                                                    }
                                                                                                                                ]
                                                                                                                            },
                                                                                                                            {
                                                                                                                                "Node Type": "Hash",
                                                                                                                                "Parent Relationship": "Inner",
                                                                                                                                "Parallel Aware": true,
                                                                                                                                "Startup Cost": 910145.77,
                                                                                                                                "Total Cost": 910145.77,
                                                                                                                                "Plan Rows": 131691,
                                                                                                                                "Plan Width": 8,
                                                                                                                                "Actual Startup Time": 1383.352,
                                                                                                                                "Actual Total Time": 1383.353,
                                                                                                                                "Actual Rows": 167334,
                                                                                                                                "Actual Loops": 4,
                                                                                                                                "Output": [
                                                                                                                                    "mi.movie_id",
                                                                                                                                    "mi.info_type_id"
                                                                                                                                ],
                                                                                                                                "Hash Buckets": 1048576,
                                                                                                                                "Original Hash Buckets": 1048576,
                                                                                                                                "Hash Batches": 1,
                                                                                                                                "Original Hash Batches": 1,
                                                                                                                                "Peak Memory Usage": 34432,
                                                                                                                                "Workers": [
                                                                                                                                    {
                                                                                                                                        "Worker Number": 0,
                                                                                                                                        "Actual Startup Time": 1382.713,
                                                                                                                                        "Actual Total Time": 1382.714,
                                                                                                                                        "Actual Rows": 163160,
                                                                                                                                        "Actual Loops": 1
                                                                                                                                    },
                                                                                                                                    {
                                                                                                                                        "Worker Number": 1,
                                                                                                                                        "Actual Startup Time": 1382.471,
                                                                                                                                        "Actual Total Time": 1382.473,
                                                                                                                                        "Actual Rows": 157251,
                                                                                                                                        "Actual Loops": 1
                                                                                                                                    },
                                                                                                                                    {
                                                                                                                                        "Worker Number": 2,
                                                                                                                                        "Actual Startup Time": 1383.158,
                                                                                                                                        "Actual Total Time": 1383.159,
                                                                                                                                        "Actual Rows": 165103,
                                                                                                                                        "Actual Loops": 1
                                                                                                                                    }
                                                                                                                                ],
                                                                                                                                "Plans": [
                                                                                                                                    {
                                                                                                                                        "Node Type": "Index Scan",
                                                                                                                                        "Parent Relationship": "Outer",
                                                                                                                                        "Parallel Aware": true,
                                                                                                                                        "Scan Direction": "Forward",
                                                                                                                                        "Index Name": "info_type_id_movie_info",
                                                                                                                                        "Relation Name": "movie_info",
                                                                                                                                        "Schema": "public",
                                                                                                                                        "Alias": "mi",
                                                                                                                                        "Startup Cost": 0.43,
                                                                                                                                        "Total Cost": 910145.77,
                                                                                                                                        "Plan Rows": 131691,
                                                                                                                                        "Plan Width": 8,
                                                                                                                                        "Actual Startup Time": 307.341,
                                                                                                                                        "Actual Total Time": 1309.261,
                                                                                                                                        "Actual Rows": 167334,
                                                                                                                                        "Actual Loops": 4,
                                                                                                                                        "Output": [
                                                                                                                                            "mi.movie_id",
                                                                                                                                            "mi.info_type_id"
                                                                                                                                        ],
                                                                                                                                        "Filter": "(mi.info = ANY ('{Germany,German,USA,American}'::text[]))",
                                                                                                                                        "Rows Removed by Filter": 3541596,
                                                                                                                                        "Workers": [
                                                                                                                                            {
                                                                                                                                                "Worker Number": 0,
                                                                                                                                                "Actual Startup Time": 306.681,
                                                                                                                                                "Actual Total Time": 1305.875,
                                                                                                                                                "Actual Rows": 163160,
                                                                                                                                                "Actual Loops": 1
                                                                                                                                            },
                                                                                                                                            {
                                                                                                                                                "Worker Number": 1,
                                                                                                                                                "Actual Startup Time": 306.407,
                                                                                                                                                "Actual Total Time": 1306.351,
                                                                                                                                                "Actual Rows": 157251,
                                                                                                                                                "Actual Loops": 1
                                                                                                                                            },
                                                                                                                                            {
                                                                                                                                                "Worker Number": 2,
                                                                                                                                                "Actual Startup Time": 307.134,
                                                                                                                                                "Actual Total Time": 1312.69,
                                                                                                                                                "Actual Rows": 165103,
                                                                                                                                                "Actual Loops": 1
                                                                                                                                            }
                                                                                                                                        ]
                                                                                                                                    }
                                                                                                                                ]
                                                                                                                            }
                                                                                                                        ]
                                                                                                                    },
                                                                                                                    {
                                                                                                                        "Node Type": "Bitmap Heap Scan",
                                                                                                                        "Parent Relationship": "Inner",
                                                                                                                        "Parallel Aware": false,
                                                                                                                        "Relation Name": "movie_keyword",
                                                                                                                        "Schema": "public",
                                                                                                                        "Alias": "mk",
                                                                                                                        "Startup Cost": 0.92,
                                                                                                                        "Total Cost": 5.49,
                                                                                                                        "Plan Rows": 46,
                                                                                                                        "Plan Width": 8,
                                                                                                                        "Actual Startup Time": 0.006,
                                                                                                                        "Actual Total Time": 0.009,
                                                                                                                        "Actual Rows": 58,
                                                                                                                        "Actual Loops": 220217,
                                                                                                                        "Output": [
                                                                                                                            "mk.id",
                                                                                                                            "mk.movie_id",
                                                                                                                            "mk.keyword_id"
                                                                                                                        ],
                                                                                                                        "Recheck Cond": "(mk.movie_id = mi.movie_id)",
                                                                                                                        "Rows Removed by Index Recheck": 0,
                                                                                                                        "Exact Heap Blocks": 73779,
                                                                                                                        "Lossy Heap Blocks": 0,
                                                                                                                        "Workers": [
                                                                                                                            {
                                                                                                                                "Worker Number": 0,
                                                                                                                                "Actual Startup Time": 0.006,
                                                                                                                                "Actual Total Time": 0.01,
                                                                                                                                "Actual Rows": 56,
                                                                                                                                "Actual Loops": 50834
                                                                                                                            },
                                                                                                                            {
                                                                                                                                "Worker Number": 1,
                                                                                                                                "Actual Startup Time": 0.006,
                                                                                                                                "Actual Total Time": 0.01,
                                                                                                                                "Actual Rows": 60,
                                                                                                                                "Actual Loops": 49302
                                                                                                                            },
                                                                                                                            {
                                                                                                                                "Worker Number": 2,
                                                                                                                                "Actual Startup Time": 0.006,
                                                                                                                                "Actual Total Time": 0.009,
                                                                                                                                "Actual Rows": 58,
                                                                                                                                "Actual Loops": 54917
                                                                                                                            }
                                                                                                                        ],
                                                                                                                        "Plans": [
                                                                                                                            {
                                                                                                                                "Node Type": "Bitmap Index Scan",
                                                                                                                                "Parent Relationship": "Outer",
                                                                                                                                "Parallel Aware": false,
                                                                                                                                "Index Name": "movie_id_movie_keyword",
                                                                                                                                "Startup Cost": 0.0,
                                                                                                                                "Total Cost": 0.91,
                                                                                                                                "Plan Rows": 46,
                                                                                                                                "Plan Width": 0,
                                                                                                                                "Actual Startup Time": 0.004,
                                                                                                                                "Actual Total Time": 0.004,
                                                                                                                                "Actual Rows": 58,
                                                                                                                                "Actual Loops": 220217,
                                                                                                                                "Index Cond": "(mk.movie_id = mi.movie_id)",
                                                                                                                                "Workers": [
                                                                                                                                    {
                                                                                                                                        "Worker Number": 0,
                                                                                                                                        "Actual Startup Time": 0.004,
                                                                                                                                        "Actual Total Time": 0.004,
                                                                                                                                        "Actual Rows": 56,
                                                                                                                                        "Actual Loops": 50834
                                                                                                                                    },
                                                                                                                                    {
                                                                                                                                        "Worker Number": 1,
                                                                                                                                        "Actual Startup Time": 0.004,
                                                                                                                                        "Actual Total Time": 0.004,
                                                                                                                                        "Actual Rows": 60,
                                                                                                                                        "Actual Loops": 49302
                                                                                                                                    },
                                                                                                                                    {
                                                                                                                                        "Worker Number": 2,
                                                                                                                                        "Actual Startup Time": 0.004,
                                                                                                                                        "Actual Total Time": 0.004,
                                                                                                                                        "Actual Rows": 58,
                                                                                                                                        "Actual Loops": 54917
                                                                                                                                    }
                                                                                                                                ]
                                                                                                                            }
                                                                                                                        ]
                                                                                                                    }
                                                                                                                ]
                                                                                                            }
                                                                                                        ]
                                                                                                    },
                                                                                                    {
                                                                                                        "Node Type": "Index Scan",
                                                                                                        "Parent Relationship": "Inner",
                                                                                                        "Parallel Aware": false,
                                                                                                        "Scan Direction": "Forward",
                                                                                                        "Index Name": "keyword_pkey",
                                                                                                        "Relation Name": "keyword",
                                                                                                        "Schema": "public",
                                                                                                        "Alias": "k",
                                                                                                        "Startup Cost": 0.42,
                                                                                                        "Total Cost": 5678.35,
                                                                                                        "Plan Rows": 4,
                                                                                                        "Plan Width": 4,
                                                                                                        "Actual Startup Time": 0.269,
                                                                                                        "Actual Total Time": 59.967,
                                                                                                        "Actual Rows": 3,
                                                                                                        "Actual Loops": 4,
                                                                                                        "Output": [
                                                                                                            "k.id",
                                                                                                            "k.keyword",
                                                                                                            "k.phonetic_code"
                                                                                                        ],
                                                                                                        "Filter": "(k.keyword = ANY ('{murder,murder-in-title,blood,violence}'::text[]))",
                                                                                                        "Rows Removed by Filter": 134167,
                                                                                                        "Workers": [
                                                                                                            {
                                                                                                                "Worker Number": 0,
                                                                                                                "Actual Startup Time": 0.311,
                                                                                                                "Actual Total Time": 59.395,
                                                                                                                "Actual Rows": 3,
                                                                                                                "Actual Loops": 1
                                                                                                            },
                                                                                                            {
                                                                                                                "Worker Number": 1,
                                                                                                                "Actual Startup Time": 0.306,
                                                                                                                "Actual Total Time": 63.809,
                                                                                                                "Actual Rows": 3,
                                                                                                                "Actual Loops": 1
                                                                                                            },
                                                                                                            {
                                                                                                                "Worker Number": 2,
                                                                                                                "Actual Startup Time": 0.286,
                                                                                                                "Actual Total Time": 60.29,
                                                                                                                "Actual Rows": 3,
                                                                                                                "Actual Loops": 1
                                                                                                            }
                                                                                                        ]
                                                                                                    }
                                                                                                ]
                                                                                            }
                                                                                        ]
                                                                                    }
                                                                                ]
                                                                            }
                                                                        ]
                                                                    },
                                                                    {
                                                                        "Node Type": "Bitmap Heap Scan",
                                                                        "Parent Relationship": "Inner",
                                                                        "Parallel Aware": false,
                                                                        "Relation Name": "info_type",
                                                                        "Schema": "public",
                                                                        "Alias": "it2",
                                                                        "Startup Cost": 0.15,
                                                                        "Total Cost": 4.17,
                                                                        "Plan Rows": 1,
                                                                        "Plan Width": 4,
                                                                        "Actual Startup Time": 0.002,
                                                                        "Actual Total Time": 0.002,
                                                                        "Actual Rows": 0,
                                                                        "Actual Loops": 294591,
                                                                        "Output": [
                                                                            "it2.id",
                                                                            "it2.info"
                                                                        ],
                                                                        "Recheck Cond": "(it2.id = mi_idx.info_type_id)",
                                                                        "Rows Removed by Index Recheck": 0,
                                                                        "Filter": "((it2.info)::text = 'rating'::text)",
                                                                        "Rows Removed by Filter": 1,
                                                                        "Exact Heap Blocks": 294591,
                                                                        "Lossy Heap Blocks": 0,
                                                                        "Plans": [
                                                                            {
                                                                                "Node Type": "Bitmap Index Scan",
                                                                                "Parent Relationship": "Outer",
                                                                                "Parallel Aware": false,
                                                                                "Index Name": "info_type_pkey",
                                                                                "Startup Cost": 0.0,
                                                                                "Total Cost": 0.15,
                                                                                "Plan Rows": 1,
                                                                                "Plan Width": 0,
                                                                                "Actual Startup Time": 0.001,
                                                                                "Actual Total Time": 0.001,
                                                                                "Actual Rows": 1,
                                                                                "Actual Loops": 294591,
                                                                                "Index Cond": "(it2.id = mi_idx.info_type_id)"
                                                                            }
                                                                        ]
                                                                    }
                                                                ]
                                                            },
                                                            {
                                                                "Node Type": "Bitmap Heap Scan",
                                                                "Parent Relationship": "Inner",
                                                                "Parallel Aware": false,
                                                                "Relation Name": "company_name",
                                                                "Schema": "public",
                                                                "Alias": "cn",
                                                                "Startup Cost": 0.45,
                                                                "Total Cost": 4.47,
                                                                "Plan Rows": 1,
                                                                "Plan Width": 23,
                                                                "Actual Startup Time": 0.003,
                                                                "Actual Total Time": 0.003,
                                                                "Actual Rows": 1,
                                                                "Actual Loops": 61391,
                                                                "Output": [
                                                                    "cn.id",
                                                                    "cn.name",
                                                                    "cn.country_code",
                                                                    "cn.imdb_id",
                                                                    "cn.name_pcode_nf",
                                                                    "cn.name_pcode_sf",
                                                                    "cn.md5sum"
                                                                ],
                                                                "Recheck Cond": "(cn.id = mc.company_id)",
                                                                "Rows Removed by Index Recheck": 0,
                                                                "Filter": "((cn.country_code)::text <> '[us]'::text)",
                                                                "Rows Removed by Filter": 0,
                                                                "Exact Heap Blocks": 61391,
                                                                "Lossy Heap Blocks": 0,
                                                                "Plans": [
                                                                    {
                                                                        "Node Type": "Bitmap Index Scan",
                                                                        "Parent Relationship": "Outer",
                                                                        "Parallel Aware": false,
                                                                        "Index Name": "company_name_pkey",
                                                                        "Startup Cost": 0.0,
                                                                        "Total Cost": 0.45,
                                                                        "Plan Rows": 1,
                                                                        "Plan Width": 0,
                                                                        "Actual Startup Time": 0.002,
                                                                        "Actual Total Time": 0.002,
                                                                        "Actual Rows": 1,
                                                                        "Actual Loops": 61391,
                                                                        "Index Cond": "(cn.id = mc.company_id)"
                                                                    }
                                                                ]
                                                            }
                                                        ]
                                                    }
                                                ]
                                            }
                                        ]
                                    }
                                ]
                            }
                        ]
                    },
                    {
                        "Node Type": "Bitmap Heap Scan",
                        "Parent Relationship": "Inner",
                        "Parallel Aware": false,
                        "Relation Name": "company_type",
                        "Schema": "public",
                        "Alias": "ct",
                        "Startup Cost": 0.14,
                        "Total Cost": 4.15,
                        "Plan Rows": 1,
                        "Plan Width": 4,
                        "Actual Startup Time": 0.002,
                        "Actual Total Time": 0.002,
                        "Actual Rows": 1,
                        "Actual Loops": 19829,
                        "Output": [
                            "ct.id",
                            "ct.kind"
                        ],
                        "Recheck Cond": "(ct.id = mc.company_type_id)",
                        "Rows Removed by Index Recheck": 0,
                        "Exact Heap Blocks": 19829,
                        "Lossy Heap Blocks": 0,
                        "Plans": [
                            {
                                "Node Type": "Bitmap Index Scan",
                                "Parent Relationship": "Outer",
                                "Parallel Aware": false,
                                "Index Name": "company_type_pkey",
                                "Startup Cost": 0.0,
                                "Total Cost": 0.14,
                                "Plan Rows": 1,
                                "Plan Width": 0,
                                "Actual Startup Time": 0.001,
                                "Actual Total Time": 0.001,
                                "Actual Rows": 1,
                                "Actual Loops": 19829,
                                "Index Cond": "(ct.id = mc.company_type_id)"
                            }
                        ]
                    }
                ]
            }
        ]
    },
    "Planning Time": 37.215,
    "Triggers": [],
    "Execution Time": 6300.257
}