[
    {
        "Bao": {
            "Bao prediction": 246.735,
            "Bao recommended hint": "SET enable_mergejoin TO off; "
        }
    },
    {
        "Plan": {
            "Node Type": "Aggregate",
            "Strategy": "Plain",
            "Partial Mode": "Finalize",
            "Parallel Aware": false,
            "Startup Cost": 31801.83,
            "Total Cost": 31801.84,
            "Plan Rows": 1,
            "Plan Width": 8,
            "Actual Startup Time": 39.859,
            "Actual Total Time": 45.505,
            "Actual Rows": 1,
            "Actual Loops": 1,
            "Output": [
                "count(*)"
            ],
            "Plans": [
                {
                    "Node Type": "Gather",
                    "Parent Relationship": "Outer",
                    "Parallel Aware": false,
                    "Startup Cost": 31801.62,
                    "Total Cost": 31801.83,
                    "Plan Rows": 2,
                    "Plan Width": 8,
                    "Actual Startup Time": 39.723,
                    "Actual Total Time": 45.497,
                    "Actual Rows": 3,
                    "Actual Loops": 1,
                    "Output": [
                        "(PARTIAL count(*))"
                    ],
                    "Workers Planned": 2,
                    "Workers Launched": 2,
                    "Single Copy": false,
                    "Plans": [
                        {
                            "Node Type": "Aggregate",
                            "Strategy": "Plain",
                            "Partial Mode": "Partial",
                            "Parent Relationship": "Outer",
                            "Parallel Aware": false,
                            "Startup Cost": 30801.62,
                            "Total Cost": 30801.63,
                            "Plan Rows": 1,
                            "Plan Width": 8,
                            "Actual Startup Time": 32.026,
                            "Actual Total Time": 32.028,
                            "Actual Rows": 1,
                            "Actual Loops": 3,
                            "Output": [
                                "PARTIAL count(*)"
                            ],
                            "Workers": [
                                {
                                    "Worker Number": 0,
                                    "Actual Startup Time": 28.387,
                                    "Actual Total Time": 28.388,
                                    "Actual Rows": 1,
                                    "Actual Loops": 1
                                },
                                {
                                    "Worker Number": 1,
                                    "Actual Startup Time": 28.604,
                                    "Actual Total Time": 28.605,
                                    "Actual Rows": 1,
                                    "Actual Loops": 1
                                }
                            ],
                            "Plans": [
                                {
                                    "Node Type": "Nested Loop",
                                    "Parent Relationship": "Outer",
                                    "Parallel Aware": false,
                                    "Join Type": "Inner",
                                    "Startup Cost": 125.27,
                                    "Total Cost": 30801.37,
                                    "Plan Rows": 98,
                                    "Plan Width": 0,
                                    "Actual Startup Time": 11.132,
                                    "Actual Total Time": 31.994,
                                    "Actual Rows": 119,
                                    "Actual Loops": 3,
                                    "Inner Unique": true,
                                    "Workers": [
                                        {
                                            "Worker Number": 0,
                                            "Actual Startup Time": 7.549,
                                            "Actual Total Time": 28.362,
                                            "Actual Rows": 60,
                                            "Actual Loops": 1
                                        },
                                        {
                                            "Worker Number": 1,
                                            "Actual Startup Time": 8.369,
                                            "Actual Total Time": 28.587,
                                            "Actual Rows": 34,
                                            "Actual Loops": 1
                                        }
                                    ],
                                    "Plans": [
                                        {
                                            "Node Type": "Bitmap Heap Scan",
                                            "Parent Relationship": "Outer",
                                            "Parallel Aware": true,
                                            "Relation Name": "movie_keyword",
                                            "Schema": "public",
                                            "Alias": "mk",
                                            "Startup Cost": 124.84,
                                            "Total Cost": 13625.77,
                                            "Plan Rows": 2388,
                                            "Plan Width": 4,
                                            "Actual Startup Time": 2.344,
                                            "Actual Total Time": 10.939,
                                            "Actual Rows": 1872,
                                            "Actual Loops": 3,
                                            "Output": [
                                                "mk.id",
                                                "mk.movie_id",
                                                "mk.keyword_id"
                                            ],
                                            "Recheck Cond": "(mk.keyword_id = 1603)",
                                            "Rows Removed by Index Recheck": 0,
                                            "Exact Heap Blocks": 3496,
                                            "Lossy Heap Blocks": 0,
                                            "Workers": [
                                                {
                                                    "Worker Number": 0,
                                                    "Actual Startup Time": 0.145,
                                                    "Actual Total Time": 8.381,
                                                    "Actual Rows": 677,
                                                    "Actual Loops": 1
                                                },
                                                {
                                                    "Worker Number": 1,
                                                    "Actual Startup Time": 0.133,
                                                    "Actual Total Time": 8.577,
                                                    "Actual Rows": 663,
                                                    "Actual Loops": 1
                                                }
                                            ],
                                            "Plans": [
                                                {
                                                    "Node Type": "Bitmap Index Scan",
                                                    "Parent Relationship": "Outer",
                                                    "Parallel Aware": false,
                                                    "Index Name": "keyword_id_movie_keyword",
                                                    "Startup Cost": 0.0,
                                                    "Total Cost": 123.41,
                                                    "Plan Rows": 5730,
                                                    "Plan Width": 0,
                                                    "Actual Startup Time": 4.25,
                                                    "Actual Total Time": 4.251,
                                                    "Actual Rows": 5617,
                                                    "Actual Loops": 1,
                                                    "Index Cond": "(mk.keyword_id = 1603)"
                                                }
                                            ]
                                        },
                                        {
                                            "Node Type": "Index Scan",
                                            "Parent Relationship": "Inner",
                                            "Parallel Aware": false,
                                            "Scan Direction": "Forward",
                                            "Index Name": "title_pkey",
                                            "Relation Name": "title",
                                            "Schema": "public",
                                            "Alias": "t",
                                            "Startup Cost": 0.43,
                                            "Total Cost": 7.19,
                                            "Plan Rows": 1,
                                            "Plan Width": 4,
                                            "Actual Startup Time": 0.011,
                                            "Actual Total Time": 0.011,
                                            "Actual Rows": 0,
                                            "Actual Loops": 5617,
                                            "Output": [
                                                "t.id",
                                                "t.title",
                                                "t.imdb_index",
                                                "t.kind_id",
                                                "t.production_year",
                                                "t.imdb_id",
                                                "t.phonetic_code",
                                                "t.episode_of_id",
                                                "t.season_nr",
                                                "t.episode_nr",
                                                "t.series_years",
                                                "t.md5sum"
                                            ],
                                            "Index Cond": "(t.id = mk.movie_id)",
                                            "Rows Removed by Index Recheck": 0,
                                            "Filter": "((t.production_year < 2012) AND (t.kind_id = 4))",
                                            "Rows Removed by Filter": 1,
                                            "Workers": [
                                                {
                                                    "Worker Number": 0,
                                                    "Actual Startup Time": 0.028,
                                                    "Actual Total Time": 0.028,
                                                    "Actual Rows": 0,
                                                    "Actual Loops": 677
                                                },
                                                {
                                                    "Worker Number": 1,
                                                    "Actual Startup Time": 0.029,
                                                    "Actual Total Time": 0.029,
                                                    "Actual Rows": 0,
                                                    "Actual Loops": 663
                                                }
                                            ]
                                        }
                                    ]
                                }
                            ]
                        }
                    ]
                }
            ]
        },
        "Planning Time": 1195.991,
        "Triggers": [],
        "Execution Time": 45.659
    }
]