[
  {
    "Plan": {
      "Node Type": "Aggregate",
      "Strategy": "Plain",
      "Partial Mode": "Finalize",
      "Parallel Aware": false,
      "Startup Cost": 45240.05,
      "Total Cost": 45240.06,
      "Plan Rows": 1,
      "Plan Width": 8,
      "Actual Startup Time": 132.91,
      "Actual Total Time": 141.457,
      "Actual Rows": 1,
      "Actual Loops": 1,
      "Plans": [
        {
          "Node Type": "Gather",
          "Parent Relationship": "Outer",
          "Parallel Aware": false,
          "Startup Cost": 45239.73,
          "Total Cost": 45240.04,
          "Plan Rows": 3,
          "Plan Width": 8,
          "Actual Startup Time": 132.778,
          "Actual Total Time": 141.447,
          "Actual Rows": 4,
          "Actual Loops": 1,
          "Workers Planned": 3,
          "Workers Launched": 3,
          "Single Copy": false,
          "Plans": [
            {
              "Node Type": "Aggregate",
              "Strategy": "Plain",
              "Partial Mode": "Partial",
              "Parent Relationship": "Outer",
              "Parallel Aware": false,
              "Startup Cost": 44239.73,
              "Total Cost": 44239.74,
              "Plan Rows": 1,
              "Plan Width": 8,
              "Actual Startup Time": 128.012,
              "Actual Total Time": 128.014,
              "Actual Rows": 1,
              "Actual Loops": 4,
              "Plans": [
                {
                  "Node Type": "Seq Scan",
                  "Parent Relationship": "Outer",
                  "Parallel Aware": true,
                  "Relation Name": "movie_keyword",
                  "Alias": "mk",
                  "Startup Cost": 0.0,
                  "Total Cost": 42695.65,
                  "Plan Rows": 617630,
                  "Plan Width": 0,
                  "Actual Startup Time": 0.366,
                  "Actual Total Time": 106.367,
                  "Actual Rows": 474370,
                  "Actual Loops": 4,
                  "Filter": "(keyword_id > 7121)",
                  "Rows Removed by Filter": 656613
                }
              ]
            }
          ]
        }
      ]
    },
    "Planning Time": 0.079,
    "Triggers": [],
    "Execution Time": 141.485
  }
]