[
    {
        "Bao": {
            "Bao prediction": 531.107,
            "Bao recommended hint": "(no hint)"
        }
    },
    {
        "Plan": {
            "Node Type": "Aggregate",
            "Strategy": "Plain",
            "Partial Mode": "Simple",
            "Parallel Aware": false,
            "Startup Cost": 17948.36,
            "Total Cost": 17948.37,
            "Plan Rows": 1,
            "Plan Width": 8,
            "Actual Startup Time": 16.975,
            "Actual Total Time": 16.978,
            "Actual Rows": 1,
            "Actual Loops": 1,
            "Output": [
                "count(*)"
            ],
            "Plans": [
                {
                    "Node Type": "Bitmap Heap Scan",
                    "Parent Relationship": "Outer",
                    "Parallel Aware": false,
                    "Relation Name": "movie_companies",
                    "Schema": "public",
                    "Alias": "mc",
                    "Startup Cost": 265.3,
                    "Total Cost": 17932.84,
                    "Plan Rows": 6208,
                    "Plan Width": 0,
                    "Actual Startup Time": 9.6,
                    "Actual Total Time": 15.978,
                    "Actual Rows": 5759,
                    "Actual Loops": 1,
                    "Recheck Cond": "(mc.company_id = 11203)",
                    "Rows Removed by Index Recheck": 0,
                    "Filter": "(mc.company_type_id > 1)",
                    "Rows Removed by Filter": 6058,
                    "Exact Heap Blocks": 3407,
                    "Lossy Heap Blocks": 0,
                    "Plans": [
                        {
                            "Node Type": "Bitmap Index Scan",
                            "Parent Relationship": "Outer",
                            "Parallel Aware": false,
                            "Index Name": "company_id_movie_companies",
                            "Startup Cost": 0.0,
                            "Total Cost": 263.75,
                            "Plan Rows": 12176,
                            "Plan Width": 0,
                            "Actual Startup Time": 2.222,
                            "Actual Total Time": 2.223,
                            "Actual Rows": 11817,
                            "Actual Loops": 1,
                            "Index Cond": "(mc.company_id = 11203)"
                        }
                    ]
                }
            ]
        },
        "Planning Time": 587.046,
        "Triggers": [],
        "Execution Time": 17.082
    }
]