[
  {
    "Plan": {
      "Node Type": "Aggregate",
      "Strategy": "Plain",
      "Partial Mode": "Finalize",
      "Parallel Aware": false,
      "Startup Cost": 46489.89,
      "Total Cost": 46489.9,
      "Plan Rows": 1,
      "Plan Width": 8,
      "Actual Startup Time": 88.346,
      "Actual Total Time": 98.998,
      "Actual Rows": 1,
      "Actual Loops": 1,
      "Plans": [
        {
          "Node Type": "Gather",
          "Parent Relationship": "Outer",
          "Parallel Aware": false,
          "Startup Cost": 46489.47,
          "Total Cost": 46489.88,
          "Plan Rows": 4,
          "Plan Width": 8,
          "Actual Startup Time": 88.066,
          "Actual Total Time": 98.987,
          "Actual Rows": 5,
          "Actual Loops": 1,
          "Workers Planned": 4,
          "Workers Launched": 4,
          "Single Copy": false,
          "Plans": [
            {
              "Node Type": "Aggregate",
              "Strategy": "Plain",
              "Partial Mode": "Partial",
              "Parent Relationship": "Outer",
              "Parallel Aware": false,
              "Startup Cost": 45489.47,
              "Total Cost": 45489.48,
              "Plan Rows": 1,
              "Plan Width": 8,
              "Actual Startup Time": 81.28,
              "Actual Total Time": 81.281,
              "Actual Rows": 1,
              "Actual Loops": 5,
              "Plans": [
                {
                  "Node Type": "Seq Scan",
                  "Parent Relationship": "Outer",
                  "Parallel Aware": true,
                  "Relation Name": "title",
                  "Alias": "t",
                  "Startup Cost": 0.0,
                  "Total Cost": 45479.59,
                  "Plan Rows": 3952,
                  "Plan Width": 0,
                  "Actual Startup Time": 0.147,
                  "Actual Total Time": 81.061,
                  "Actual Rows": 1969,
                  "Actual Loops": 5,
                  "Filter": "((kind_id < 3) AND (production_year = 1999))",
                  "Rows Removed by Filter": 503693
                }
              ]
            }
          ]
        }
      ]
    },
    "Planning Time": 0.088,
    "Triggers": [],
    "Execution Time": 99.036
  }
]