[
  {
    "Plan": {
      "Node Type": "Aggregate",
      "Strategy": "Plain",
      "Partial Mode": "Finalize",
      "Parallel Aware": false,
      "Startup Cost": 541518.88,
      "Total Cost": 541518.89,
      "Plan Rows": 1,
      "Plan Width": 64,
      "Actual Startup Time": 4535.561,
      "Actual Total Time": 4691.566,
      "Actual Rows": 1,
      "Actual Loops": 1,
      "Plans": [
        {
          "Node Type": "Gather",
          "Parent Relationship": "Outer",
          "Parallel Aware": false,
          "Startup Cost": 541518.55,
          "Total Cost": 541518.86,
          "Plan Rows": 3,
          "Plan Width": 64,
          "Actual Startup Time": 4532.775,
          "Actual Total Time": 4691.546,
          "Actual Rows": 4,
          "Actual Loops": 1,
          "Workers Planned": 3,
          "Workers Launched": 3,
          "Single Copy": false,
          "Plans": [
            {
              "Node Type": "Aggregate",
              "Strategy": "Plain",
              "Partial Mode": "Partial",
              "Parent Relationship": "Outer",
              "Parallel Aware": false,
              "Startup Cost": 540518.55,
              "Total Cost": 540518.56,
              "Plan Rows": 1,
              "Plan Width": 64,
              "Actual Startup Time": 4522.115,
              "Actual Total Time": 4522.228,
              "Actual Rows": 1,
              "Actual Loops": 4,
              "Plans": [
                {
                  "Node Type": "Hash Join",
                  "Parent Relationship": "Outer",
                  "Parallel Aware": true,
                  "Join Type": "Inner",
                  "Startup Cost": 525124.43,
                  "Total Cost": 540518.35,
                  "Plan Rows": 41,
                  "Plan Width": 33,
                  "Actual Startup Time": 4443.403,
                  "Actual Total Time": 4520.884,
                  "Actual Rows": 9561,
                  "Actual Loops": 4,
                  "Inner Unique": false,
                  "Hash Cond": "(an.person_id = n.id)",
                  "Plans": [
                    {
                      "Node Type": "Seq Scan",
                      "Parent Relationship": "Outer",
                      "Parallel Aware": true,
                      "Relation Name": "aka_name",
                      "Alias": "an",
                      "Startup Cost": 0.0,
                      "Total Cost": 14303.56,
                      "Plan Rows": 290756,
                      "Plan Width": 20,
                      "Actual Startup Time": 0.016,
                      "Actual Total Time": 41.865,
                      "Actual Rows": 225336,
                      "Actual Loops": 4
                    },
                    {
                      "Node Type": "Hash",
                      "Parent Relationship": "Inner",
                      "Parallel Aware": true,
                      "Startup Cost": 525124.03,
                      "Total Cost": 525124.03,
                      "Plan Rows": 32,
                      "Plan Width": 25,
                      "Actual Startup Time": 4442.484,
                      "Actual Total Time": 4442.595,
                      "Actual Rows": 7149,
                      "Actual Loops": 4,
                      "Hash Buckets": 32768,
                      "Original Hash Buckets": 1024,
                      "Hash Batches": 1,
                      "Original Hash Batches": 1,
                      "Peak Memory Usage": 2488,
                      "Plans": [
                        {
                          "Node Type": "Hash Join",
                          "Parent Relationship": "Outer",
                          "Parallel Aware": true,
                          "Join Type": "Inner",
                          "Startup Cost": 520213.0,
                          "Total Cost": 525124.03,
                          "Plan Rows": 32,
                          "Plan Width": 25,
                          "Actual Startup Time": 4419.807,
                          "Actual Total Time": 4434.501,
                          "Actual Rows": 7149,
                          "Actual Loops": 4,
                          "Inner Unique": false,
                          "Hash Cond": "(cn.id = mc.company_id)",
                          "Plans": [
                            {
                              "Node Type": "Seq Scan",
                              "Parent Relationship": "Outer",
                              "Parallel Aware": true,
                              "Relation Name": "company_name",
                              "Alias": "cn",
                              "Startup Cost": 0.0,
                              "Total Cost": 4722.92,
                              "Plan Rows": 50137,
                              "Plan Width": 4,
                              "Actual Startup Time": 0.023,
                              "Actual Total Time": 10.405,
                              "Actual Rows": 21211,
                              "Actual Loops": 4,
                              "Filter": "((country_code)::text = '[us]'::text)",
                              "Rows Removed by Filter": 37538
                            },
                            {
                              "Node Type": "Hash",
                              "Parent Relationship": "Inner",
                              "Parallel Aware": true,
                              "Startup Cost": 520212.4,
                              "Total Cost": 520212.4,
                              "Plan Rows": 48,
                              "Plan Width": 29,
                              "Actual Startup Time": 4419.443,
                              "Actual Total Time": 4419.552,
                              "Actual Rows": 12728,
                              "Actual Loops": 4,
                              "Hash Buckets": 65536,
                              "Original Hash Buckets": 1024,
                              "Hash Batches": 1,
                              "Original Hash Batches": 1,
                              "Peak Memory Usage": 4632,
                              "Plans": [
                                {
                                  "Node Type": "Hash Join",
                                  "Parent Relationship": "Outer",
                                  "Parallel Aware": true,
                                  "Join Type": "Inner",
                                  "Startup Cost": 489849.53,
                                  "Total Cost": 520212.4,
                                  "Plan Rows": 48,
                                  "Plan Width": 29,
                                  "Actual Startup Time": 4254.488,
                                  "Actual Total Time": 4405.376,
                                  "Actual Rows": 12728,
                                  "Actual Loops": 4,
                                  "Inner Unique": false,
                                  "Hash Cond": "(mc.movie_id = ci.movie_id)",
                                  "Plans": [
                                    {
                                      "Node Type": "Seq Scan",
                                      "Parent Relationship": "Outer",
                                      "Parallel Aware": true,
                                      "Relation Name": "movie_companies",
                                      "Alias": "mc",
                                      "Startup Cost": 0.0,
                                      "Total Cost": 27206.55,
                                      "Plan Rows": 841655,
                                      "Plan Width": 8,
                                      "Actual Startup Time": 0.022,
                                      "Actual Total Time": 78.429,
                                      "Actual Rows": 652282,
                                      "Actual Loops": 4
                                    },
                                    {
                                      "Node Type": "Hash",
                                      "Parent Relationship": "Inner",
                                      "Parallel Aware": true,
                                      "Startup Cost": 489849.34,
                                      "Total Cost": 489849.34,
                                      "Plan Rows": 15,
                                      "Plan Width": 37,
                                      "Actual Startup Time": 4253.849,
                                      "Actual Total Time": 4253.955,
                                      "Actual Rows": 4733,
                                      "Actual Loops": 4,
                                      "Hash Buckets": 32768,
                                      "Original Hash Buckets": 1024,
                                      "Hash Batches": 1,
                                      "Original Hash Batches": 1,
                                      "Peak Memory Usage": 2040,
                                      "Plans": [
                                        {
                                          "Node Type": "Hash Join",
                                          "Parent Relationship": "Outer",
                                          "Parallel Aware": true,
                                          "Join Type": "Inner",
                                          "Startup Cost": 419911.47,
                                          "Total Cost": 489849.34,
                                          "Plan Rows": 15,
                                          "Plan Width": 37,
                                          "Actual Startup Time": 3854.805,
                                          "Actual Total Time": 4181.398,
                                          "Actual Rows": 4733,
                                          "Actual Loops": 4,
                                          "Inner Unique": false,
                                          "Hash Cond": "(n.id = ci.person_id)",
                                          "Plans": [
                                            {
                                              "Node Type": "Seq Scan",
                                              "Parent Relationship": "Outer",
                                              "Parallel Aware": true,
                                              "Relation Name": "name",
                                              "Alias": "n",
                                              "Startup Cost": 0.0,
                                              "Total Cost": 66031.07,
                                              "Plan Rows": 1041807,
                                              "Plan Width": 4,
                                              "Actual Startup Time": 0.034,
                                              "Actual Total Time": 181.141,
                                              "Actual Rows": 1041873,
                                              "Actual Loops": 4
                                            },
                                            {
                                              "Node Type": "Hash",
                                              "Parent Relationship": "Inner",
                                              "Parallel Aware": true,
                                              "Startup Cost": 419911.34,
                                              "Total Cost": 419911.34,
                                              "Plan Rows": 10,
                                              "Plan Width": 33,
                                              "Actual Startup Time": 3854.412,
                                              "Actual Total Time": 3854.515,
                                              "Actual Rows": 4733,
                                              "Actual Loops": 4,
                                              "Hash Buckets": 32768,
                                              "Original Hash Buckets": 1024,
                                              "Hash Batches": 1,
                                              "Original Hash Batches": 1,
                                              "Peak Memory Usage": 1944,
                                              "Plans": [
                                                {
                                                  "Node Type": "Hash Join",
                                                  "Parent Relationship": "Outer",
                                                  "Parallel Aware": true,
                                                  "Join Type": "Inner",
                                                  "Startup Cost": 89814.22,
                                                  "Total Cost": 419911.34,
                                                  "Plan Rows": 10,
                                                  "Plan Width": 33,
                                                  "Actual Startup Time": 499.806,
                                                  "Actual Total Time": 3381.484,
                                                  "Actual Rows": 4733,
                                                  "Actual Loops": 4,
                                                  "Inner Unique": false,
                                                  "Hash Cond": "(ci.movie_id = mk.movie_id)",
                                                  "Plans": [
                                                    {
                                                      "Node Type": "Hash Join",
                                                      "Parent Relationship": "Outer",
                                                      "Parallel Aware": true,
                                                      "Join Type": "Inner",
                                                      "Startup Cost": 44309.75,
                                                      "Total Cost": 373228.52,
                                                      "Plan Rows": 314220,
                                                      "Plan Width": 29,
                                                      "Actual Startup Time": 167.741,
                                                      "Actual Total Time": 2933.137,
                                                      "Actual Rows": 580955,
                                                      "Actual Loops": 4,
                                                      "Inner Unique": true,
                                                      "Hash Cond": "(ci.movie_id = t.id)",
                                                      "Plans": [
                                                        {
                                                          "Node Type": "Seq Scan",
                                                          "Parent Relationship": "Outer",
                                                          "Parallel Aware": true,
                                                          "Relation Name": "cast_info",
                                                          "Alias": "ci",
                                                          "Startup Cost": 0.0,
                                                          "Total Cost": 313068.58,
                                                          "Plan Rows": 6038158,
                                                          "Plan Width": 8,
                                                          "Actual Startup Time": 0.017,
                                                          "Actual Total Time": 1170.768,
                                                          "Actual Rows": 9061086,
                                                          "Actual Loops": 4
                                                        },
                                                        {
                                                          "Node Type": "Hash",
                                                          "Parent Relationship": "Inner",
                                                          "Parallel Aware": true,
                                                          "Startup Cost": 43898.62,
                                                          "Total Cost": 43898.62,
                                                          "Plan Rows": 32891,
                                                          "Plan Width": 21,
                                                          "Actual Startup Time": 167.134,
                                                          "Actual Total Time": 167.135,
                                                          "Actual Rows": 33596,
                                                          "Actual Loops": 4,
                                                          "Hash Buckets": 262144,
                                                          "Original Hash Buckets": 262144,
                                                          "Hash Batches": 1,
                                                          "Original Hash Batches": 1,
                                                          "Peak Memory Usage": 9472,
                                                          "Plans": [
                                                            {
                                                              "Node Type": "Seq Scan",
                                                              "Parent Relationship": "Outer",
                                                              "Parallel Aware": true,
                                                              "Relation Name": "title",
                                                              "Alias": "t",
                                                              "Startup Cost": 0.0,
                                                              "Total Cost": 43898.62,
                                                              "Plan Rows": 32891,
                                                              "Plan Width": 21,
                                                              "Actual Startup Time": 0.044,
                                                              "Actual Total Time": 138.841,
                                                              "Actual Rows": 33596,
                                                              "Actual Loops": 4,
                                                              "Filter": "(episode_nr < 3)",
                                                              "Rows Removed by Filter": 598482
                                                            }
                                                          ]
                                                        }
                                                      ]
                                                    },
                                                    {
                                                      "Node Type": "Hash",
                                                      "Parent Relationship": "Inner",
                                                      "Parallel Aware": true,
                                                      "Startup Cost": 45504.33,
                                                      "Total Cost": 45504.33,
                                                      "Plan Rows": 11,
                                                      "Plan Width": 4,
                                                      "Actual Startup Time": 330.351,
                                                      "Actual Total Time": 330.354,
                                                      "Actual Rows": 10460,
                                                      "Actual Loops": 4,
                                                      "Hash Buckets": 65536,
                                                      "Original Hash Buckets": 1024,
                                                      "Hash Batches": 1,
                                                      "Original Hash Batches": 1,
                                                      "Peak Memory Usage": 2712,
                                                      "Plans": [
                                                        {
                                                          "Node Type": "Hash Join",
                                                          "Parent Relationship": "Outer",
                                                          "Parallel Aware": false,
                                                          "Join Type": "Inner",
                                                          "Startup Cost": 2626.14,
                                                          "Total Cost": 45504.33,
                                                          "Plan Rows": 11,
                                                          "Plan Width": 4,
                                                          "Actual Startup Time": 25.958,
                                                          "Actual Total Time": 277.812,
                                                          "Actual Rows": 10460,
                                                          "Actual Loops": 4,
                                                          "Inner Unique": true,
                                                          "Hash Cond": "(mk.keyword_id = k.id)",
                                                          "Plans": [
                                                            {
                                                              "Node Type": "Seq Scan",
                                                              "Parent Relationship": "Outer",
                                                              "Parallel Aware": true,
                                                              "Relation Name": "movie_keyword",
                                                              "Alias": "mk",
                                                              "Startup Cost": 0.0,
                                                              "Total Cost": 39047.32,
                                                              "Plan Rows": 1459332,
                                                              "Plan Width": 8,
                                                              "Actual Startup Time": 0.053,
                                                              "Actual Total Time": 148.525,
                                                              "Actual Rows": 1130982,
                                                              "Actual Loops": 4
                                                            },
                                                            {
                                                              "Node Type": "Hash",
                                                              "Parent Relationship": "Inner",
                                                              "Parallel Aware": false,
                                                              "Startup Cost": 2626.12,
                                                              "Total Cost": 2626.12,
                                                              "Plan Rows": 1,
                                                              "Plan Width": 4,
                                                              "Actual Startup Time": 25.83,
                                                              "Actual Total Time": 25.831,
                                                              "Actual Rows": 1,
                                                              "Actual Loops": 4,
                                                              "Hash Buckets": 1024,
                                                              "Original Hash Buckets": 1024,
                                                              "Hash Batches": 1,
                                                              "Original Hash Batches": 1,
                                                              "Peak Memory Usage": 9,
                                                              "Plans": [
                                                                {
                                                                  "Node Type": "Seq Scan",
                                                                  "Parent Relationship": "Outer",
                                                                  "Parallel Aware": false,
                                                                  "Relation Name": "keyword",
                                                                  "Alias": "k",
                                                                  "Startup Cost": 0.0,
                                                                  "Total Cost": 2626.12,
                                                                  "Plan Rows": 1,
                                                                  "Plan Width": 4,
                                                                  "Actual Startup Time": 1.73,
                                                                  "Actual Total Time": 25.806,
                                                                  "Actual Rows": 1,
                                                                  "Actual Loops": 4,
                                                                  "Filter": "(keyword = 'character-name-in-title'::text)",
                                                                  "Rows Removed by Filter": 134169
                                                                }
                                                              ]
                                                            }
                                                          ]
                                                        }
                                                      ]
                                                    }
                                                  ]
                                                }
                                              ]
                                            }
                                          ]
                                        }
                                      ]
                                    }
                                  ]
                                }
                              ]
                            }
                          ]
                        }
                      ]
                    }
                  ]
                }
              ]
            }
          ]
        }
      ]
    },
    "Planning Time": 10.57,
    "Triggers": [],
    "Execution Time": 4691.975
  }
]