[
  {
    "Plan": {
      "Node Type": "Aggregate",
      "Strategy": "Plain",
      "Partial Mode": "Finalize",
      "Parallel Aware": false,
      "Startup Cost": 83479.78,
      "Total Cost": 83479.79,
      "Plan Rows": 1,
      "Plan Width": 8,
      "Actual Startup Time": 447.273,
      "Actual Total Time": 462.962,
      "Actual Rows": 1,
      "Actual Loops": 1,
      "Plans": [
        {
          "Node Type": "Gather",
          "Parent Relationship": "Outer",
          "Parallel Aware": false,
          "Startup Cost": 83479.46,
          "Total Cost": 83479.77,
          "Plan Rows": 3,
          "Plan Width": 8,
          "Actual Startup Time": 441.268,
          "Actual Total Time": 462.952,
          "Actual Rows": 4,
          "Actual Loops": 1,
          "Workers Planned": 3,
          "Workers Launched": 3,
          "Single Copy": false,
          "Plans": [
            {
              "Node Type": "Aggregate",
              "Strategy": "Plain",
              "Partial Mode": "Partial",
              "Parent Relationship": "Outer",
              "Parallel Aware": false,
              "Startup Cost": 82479.46,
              "Total Cost": 82479.47,
              "Plan Rows": 1,
              "Plan Width": 8,
              "Actual Startup Time": 423.503,
              "Actual Total Time": 423.507,
              "Actual Rows": 1,
              "Actual Loops": 4,
              "Plans": [
                {
                  "Node Type": "Hash Join",
                  "Parent Relationship": "Outer",
                  "Parallel Aware": true,
                  "Join Type": "Inner",
                  "Startup Cost": 56376.21,
                  "Total Cost": 82245.52,
                  "Plan Rows": 93575,
                  "Plan Width": 0,
                  "Actual Startup Time": 353.404,
                  "Actual Total Time": 419.955,
                  "Actual Rows": 71507,
                  "Actual Loops": 4,
                  "Inner Unique": true,
                  "Hash Cond": "(mk.movie_id = t.id)",
                  "Plans": [
                    {
                      "Node Type": "Bitmap Heap Scan",
                      "Parent Relationship": "Outer",
                      "Parallel Aware": true,
                      "Relation Name": "movie_keyword",
                      "Alias": "mk",
                      "Startup Cost": 6156.56,
                      "Total Cost": 31780.24,
                      "Plan Rows": 93575,
                      "Plan Width": 4,
                      "Actual Startup Time": 18.651,
                      "Actual Total Time": 59.77,
                      "Actual Rows": 71507,
                      "Actual Loops": 4,
                      "Recheck Cond": "(keyword_id > 55859)",
                      "Rows Removed by Index Recheck": 0,
                      "Exact Heap Blocks": 6688,
                      "Lossy Heap Blocks": 0,
                      "Plans": [
                        {
                          "Node Type": "Bitmap Index Scan",
                          "Parent Relationship": "Outer",
                          "Parallel Aware": false,
                          "Index Name": "keyword_id_movie_keyword",
                          "Startup Cost": 0.0,
                          "Total Cost": 6084.04,
                          "Plan Rows": 290081,
                          "Plan Width": 0,
                          "Actual Startup Time": 15.33,
                          "Actual Total Time": 15.331,
                          "Actual Rows": 286029,
                          "Actual Loops": 1,
                          "Index Cond": "(keyword_id > 55859)"
                        }
                      ]
                    },
                    {
                      "Node Type": "Hash",
                      "Parent Relationship": "Inner",
                      "Parallel Aware": true,
                      "Startup Cost": 42318.73,
                      "Total Cost": 42318.73,
                      "Plan Rows": 632073,
                      "Plan Width": 4,
                      "Actual Startup Time": 323.786,
                      "Actual Total Time": 323.787,
                      "Actual Rows": 632078,
                      "Actual Loops": 4,
                      "Hash Buckets": 4194304,
                      "Original Hash Buckets": 4194304,
                      "Hash Batches": 1,
                      "Original Hash Batches": 1,
                      "Peak Memory Usage": 131744,
                      "Plans": [
                        {
                          "Node Type": "Seq Scan",
                          "Parent Relationship": "Outer",
                          "Parallel Aware": true,
                          "Relation Name": "title",
                          "Alias": "t",
                          "Startup Cost": 0.0,
                          "Total Cost": 42318.73,
                          "Plan Rows": 632073,
                          "Plan Width": 4,
                          "Actual Startup Time": 0.043,
                          "Actual Total Time": 94.187,
                          "Actual Rows": 632078,
                          "Actual Loops": 4
                        }
                      ]
                    }
                  ]
                }
              ]
            }
          ]
        }
      ]
    },
    "Planning Time": 0.607,
    "Triggers": [],
    "Execution Time": 463.053
  }
]