[
  {
    "Plan": {
      "Node Type": "Aggregate",
      "Strategy": "Plain",
      "Partial Mode": "Finalize",
      "Parallel Aware": false,
      "Startup Cost": 217149.92,
      "Total Cost": 217149.93,
      "Plan Rows": 1,
      "Plan Width": 8,
      "Actual Startup Time": 341.553,
      "Actual Total Time": 361.777,
      "Actual Rows": 1,
      "Actual Loops": 1,
      "Plans": [
        {
          "Node Type": "Gather",
          "Parent Relationship": "Outer",
          "Parallel Aware": false,
          "Startup Cost": 217149.5,
          "Total Cost": 217149.91,
          "Plan Rows": 4,
          "Plan Width": 8,
          "Actual Startup Time": 335.154,
          "Actual Total Time": 361.767,
          "Actual Rows": 5,
          "Actual Loops": 1,
          "Workers Planned": 4,
          "Workers Launched": 4,
          "Single Copy": false,
          "Plans": [
            {
              "Node Type": "Aggregate",
              "Strategy": "Plain",
              "Partial Mode": "Partial",
              "Parent Relationship": "Outer",
              "Parallel Aware": false,
              "Startup Cost": 216149.5,
              "Total Cost": 216149.51,
              "Plan Rows": 1,
              "Plan Width": 8,
              "Actual Startup Time": 325.218,
              "Actual Total Time": 325.222,
              "Actual Rows": 1,
              "Actual Loops": 5,
              "Plans": [
                {
                  "Node Type": "Nested Loop",
                  "Parent Relationship": "Outer",
                  "Parallel Aware": false,
                  "Join Type": "Inner",
                  "Startup Cost": 48115.47,
                  "Total Cost": 215343.3,
                  "Plan Rows": 322480,
                  "Plan Width": 0,
                  "Actual Startup Time": 170.365,
                  "Actual Total Time": 321.063,
                  "Actual Rows": 85174,
                  "Actual Loops": 5,
                  "Inner Unique": false,
                  "Plans": [
                    {
                      "Node Type": "Hash Join",
                      "Parent Relationship": "Outer",
                      "Parallel Aware": true,
                      "Join Type": "Inner",
                      "Startup Cost": 48115.04,
                      "Total Cost": 71102.84,
                      "Plan Rows": 55150,
                      "Plan Width": 8,
                      "Actual Startup Time": 170.273,
                      "Actual Total Time": 228.499,
                      "Actual Rows": 18250,
                      "Actual Loops": 5,
                      "Inner Unique": true,
                      "Hash Cond": "(ci.movie_id = t.id)",
                      "Plans": [
                        {
                          "Node Type": "Index Scan",
                          "Parent Relationship": "Outer",
                          "Parallel Aware": true,
                          "Scan Direction": "Forward",
                          "Index Name": "role_id_cast_info",
                          "Relation Name": "cast_info",
                          "Alias": "ci",
                          "Startup Cost": 0.56,
                          "Total Cost": 22554.34,
                          "Plan Rows": 165341,
                          "Plan Width": 4,
                          "Actual Startup Time": 0.203,
                          "Actual Total Time": 26.389,
                          "Actual Rows": 66851,
                          "Actual Loops": 5,
                          "Index Cond": "(role_id = 6)",
                          "Rows Removed by Index Recheck": 0,
                          "Filter": "(person_id < 3014565)",
                          "Rows Removed by Filter": 87884
                        },
                        {
                          "Node Type": "Hash",
                          "Parent Relationship": "Inner",
                          "Parallel Aware": true,
                          "Startup Cost": 45479.1,
                          "Total Cost": 45479.1,
                          "Plan Rows": 210830,
                          "Plan Width": 4,
                          "Actual Startup Time": 165.694,
                          "Actual Total Time": 165.696,
                          "Actual Rows": 184329,
                          "Actual Loops": 5,
                          "Hash Buckets": 1048576,
                          "Original Hash Buckets": 1048576,
                          "Hash Batches": 1,
                          "Original Hash Batches": 1,
                          "Peak Memory Usage": 44352,
                          "Plans": [
                            {
                              "Node Type": "Seq Scan",
                              "Parent Relationship": "Outer",
                              "Parallel Aware": true,
                              "Relation Name": "title",
                              "Alias": "t",
                              "Startup Cost": 0.0,
                              "Total Cost": 45479.1,
                              "Plan Rows": 210830,
                              "Plan Width": 4,
                              "Actual Startup Time": 0.039,
                              "Actual Total Time": 92.031,
                              "Actual Rows": 184329,
                              "Actual Loops": 5,
                              "Filter": "((production_year > 2000) AND (kind_id = 7))",
                              "Rows Removed by Filter": 321334
                            }
                          ]
                        }
                      ]
                    },
                    {
                      "Node Type": "Index Only Scan",
                      "Parent Relationship": "Inner",
                      "Parallel Aware": false,
                      "Scan Direction": "Forward",
                      "Index Name": "movie_id_movie_info",
                      "Relation Name": "movie_info",
                      "Alias": "mi",
                      "Startup Cost": 0.43,
                      "Total Cost": 2.2,
                      "Plan Rows": 42,
                      "Plan Width": 4,
                      "Actual Startup Time": 0.002,
                      "Actual Total Time": 0.005,
                      "Actual Rows": 5,
                      "Actual Loops": 91249,
                      "Index Cond": "(movie_id = t.id)",
                      "Rows Removed by Index Recheck": 0,
                      "Heap Fetches": 425870
                    }
                  ]
                }
              ]
            }
          ]
        }
      ]
    },
    "Planning Time": 1.316,
    "Triggers": [],
    "Execution Time": 361.864
  }
]