[
  {
    "Plan": {
      "Node Type": "Aggregate",
      "Strategy": "Plain",
      "Partial Mode": "Finalize",
      "Parallel Aware": false,
      "Startup Cost": 160439.06,
      "Total Cost": 160439.07,
      "Plan Rows": 1,
      "Plan Width": 8,
      "Actual Startup Time": 117.499,
      "Actual Total Time": 134.818,
      "Actual Rows": 1,
      "Actual Loops": 1,
      "Plans": [
        {
          "Node Type": "Gather",
          "Parent Relationship": "Outer",
          "Parallel Aware": false,
          "Startup Cost": 160438.64,
          "Total Cost": 160439.05,
          "Plan Rows": 4,
          "Plan Width": 8,
          "Actual Startup Time": 117.387,
          "Actual Total Time": 134.809,
          "Actual Rows": 5,
          "Actual Loops": 1,
          "Workers Planned": 4,
          "Workers Launched": 4,
          "Single Copy": false,
          "Plans": [
            {
              "Node Type": "Aggregate",
              "Strategy": "Plain",
              "Partial Mode": "Partial",
              "Parent Relationship": "Outer",
              "Parallel Aware": false,
              "Startup Cost": 159438.64,
              "Total Cost": 159438.65,
              "Plan Rows": 1,
              "Plan Width": 8,
              "Actual Startup Time": 110.698,
              "Actual Total Time": 110.699,
              "Actual Rows": 1,
              "Actual Loops": 5,
              "Plans": [
                {
                  "Node Type": "Nested Loop",
                  "Parent Relationship": "Outer",
                  "Parallel Aware": false,
                  "Join Type": "Inner",
                  "Startup Cost": 0.43,
                  "Total Cost": 159431.58,
                  "Plan Rows": 2822,
                  "Plan Width": 0,
                  "Actual Startup Time": 55.429,
                  "Actual Total Time": 110.22,
                  "Actual Rows": 5298,
                  "Actual Loops": 5,
                  "Inner Unique": false,
                  "Plans": [
                    {
                      "Node Type": "Seq Scan",
                      "Parent Relationship": "Outer",
                      "Parallel Aware": true,
                      "Relation Name": "title",
                      "Alias": "t",
                      "Startup Cost": 0.0,
                      "Total Cost": 45479.1,
                      "Plan Rows": 995,
                      "Plan Width": 4,
                      "Actual Startup Time": 55.348,
                      "Actual Total Time": 78.816,
                      "Actual Rows": 828,
                      "Actual Loops": 5,
                      "Filter": "((kind_id = 1) AND (production_year = 1973))",
                      "Rows Removed by Filter": 504834
                    },
                    {
                      "Node Type": "Index Scan",
                      "Parent Relationship": "Inner",
                      "Parallel Aware": false,
                      "Scan Direction": "Forward",
                      "Index Name": "movie_id_movie_info",
                      "Relation Name": "movie_info",
                      "Alias": "mi",
                      "Startup Cost": 0.43,
                      "Total Cost": 114.33,
                      "Plan Rows": 20,
                      "Plan Width": 4,
                      "Actual Startup Time": 0.012,
                      "Actual Total Time": 0.037,
                      "Actual Rows": 6,
                      "Actual Loops": 4142,
                      "Index Cond": "(movie_id = t.id)",
                      "Rows Removed by Index Recheck": 0,
                      "Filter": "(info_type_id < 8)",
                      "Rows Removed by Filter": 6
                    }
                  ]
                }
              ]
            }
          ]
        }
      ]
    },
    "Planning Time": 0.558,
    "Triggers": [],
    "Execution Time": 134.886
  }
]