[
  {
    "Plan": {
      "Node Type": "Aggregate",
      "Strategy": "Plain",
      "Partial Mode": "Finalize",
      "Parallel Aware": false,
      "Startup Cost": 91798.47,
      "Total Cost": 91798.48,
      "Plan Rows": 1,
      "Plan Width": 8,
      "Actual Startup Time": 283.921,
      "Actual Total Time": 302.067,
      "Actual Rows": 1,
      "Actual Loops": 1,
      "Plans": [
        {
          "Node Type": "Gather",
          "Parent Relationship": "Outer",
          "Parallel Aware": false,
          "Startup Cost": 91798.16,
          "Total Cost": 91798.47,
          "Plan Rows": 3,
          "Plan Width": 8,
          "Actual Startup Time": 282.49,
          "Actual Total Time": 302.058,
          "Actual Rows": 4,
          "Actual Loops": 1,
          "Workers Planned": 3,
          "Workers Launched": 3,
          "Single Copy": false,
          "Plans": [
            {
              "Node Type": "Aggregate",
              "Strategy": "Plain",
              "Partial Mode": "Partial",
              "Parent Relationship": "Outer",
              "Parallel Aware": false,
              "Startup Cost": 90798.16,
              "Total Cost": 90798.17,
              "Plan Rows": 1,
              "Plan Width": 8,
              "Actual Startup Time": 274.443,
              "Actual Total Time": 274.446,
              "Actual Rows": 1,
              "Actual Loops": 4,
              "Plans": [
                {
                  "Node Type": "Hash Join",
                  "Parent Relationship": "Outer",
                  "Parallel Aware": true,
                  "Join Type": "Inner",
                  "Startup Cost": 46949.34,
                  "Total Cost": 90624.61,
                  "Plan Rows": 69418,
                  "Plan Width": 0,
                  "Actual Startup Time": 138.385,
                  "Actual Total Time": 273.87,
                  "Actual Rows": 11392,
                  "Actual Loops": 4,
                  "Inner Unique": true,
                  "Hash Cond": "(mk.movie_id = t.id)",
                  "Plans": [
                    {
                      "Node Type": "Seq Scan",
                      "Parent Relationship": "Outer",
                      "Parallel Aware": true,
                      "Relation Name": "movie_keyword",
                      "Alias": "mk",
                      "Startup Cost": 0.0,
                      "Total Cost": 42695.65,
                      "Plan Rows": 373189,
                      "Plan Width": 4,
                      "Actual Startup Time": 0.032,
                      "Actual Total Time": 92.463,
                      "Actual Rows": 289145,
                      "Actual Loops": 4,
                      "Filter": "(keyword_id < 1370)",
                      "Rows Removed by Filter": 841838
                    },
                    {
                      "Node Type": "Hash",
                      "Parent Relationship": "Inner",
                      "Parallel Aware": true,
                      "Startup Cost": 45479.59,
                      "Total Cost": 45479.59,
                      "Plan Rows": 117580,
                      "Plan Width": 4,
                      "Actual Startup Time": 134.715,
                      "Actual Total Time": 134.715,
                      "Actual Rows": 91315,
                      "Actual Loops": 4,
                      "Hash Buckets": 524288,
                      "Original Hash Buckets": 524288,
                      "Hash Batches": 1,
                      "Original Hash Batches": 1,
                      "Peak Memory Usage": 18432,
                      "Plans": [
                        {
                          "Node Type": "Seq Scan",
                          "Parent Relationship": "Outer",
                          "Parallel Aware": true,
                          "Relation Name": "title",
                          "Alias": "t",
                          "Startup Cost": 0.0,
                          "Total Cost": 45479.59,
                          "Plan Rows": 117580,
                          "Plan Width": 4,
                          "Actual Startup Time": 0.041,
                          "Actual Total Time": 99.177,
                          "Actual Rows": 91315,
                          "Actual Loops": 4,
                          "Filter": "((kind_id > 4) AND (production_year < 1994))",
                          "Rows Removed by Filter": 540763
                        }
                      ]
                    }
                  ]
                }
              ]
            }
          ]
        }
      ]
    },
    "Planning Time": 0.645,
    "Triggers": [],
    "Execution Time": 302.144
  }
]