[
  {
    "Plan": {
      "Node Type": "Aggregate",
      "Strategy": "Plain",
      "Partial Mode": "Finalize",
      "Parallel Aware": false,
      "Startup Cost": 91813.47,
      "Total Cost": 91813.48,
      "Plan Rows": 1,
      "Plan Width": 8,
      "Actual Startup Time": 275.841,
      "Actual Total Time": 293.707,
      "Actual Rows": 1,
      "Actual Loops": 1,
      "Plans": [
        {
          "Node Type": "Gather",
          "Parent Relationship": "Outer",
          "Parallel Aware": false,
          "Startup Cost": 91813.15,
          "Total Cost": 91813.46,
          "Plan Rows": 3,
          "Plan Width": 8,
          "Actual Startup Time": 274.251,
          "Actual Total Time": 293.698,
          "Actual Rows": 4,
          "Actual Loops": 1,
          "Workers Planned": 3,
          "Workers Launched": 3,
          "Single Copy": false,
          "Plans": [
            {
              "Node Type": "Aggregate",
              "Strategy": "Plain",
              "Partial Mode": "Partial",
              "Parent Relationship": "Outer",
              "Parallel Aware": false,
              "Startup Cost": 90813.15,
              "Total Cost": 90813.16,
              "Plan Rows": 1,
              "Plan Width": 8,
              "Actual Startup Time": 265.678,
              "Actual Total Time": 265.681,
              "Actual Rows": 1,
              "Actual Loops": 4,
              "Plans": [
                {
                  "Node Type": "Hash Join",
                  "Parent Relationship": "Outer",
                  "Parallel Aware": true,
                  "Join Type": "Inner",
                  "Startup Cost": 46970.21,
                  "Total Cost": 90638.36,
                  "Plan Rows": 69918,
                  "Plan Width": 0,
                  "Actual Startup Time": 133.912,
                  "Actual Total Time": 265.143,
                  "Actual Rows": 11392,
                  "Actual Loops": 4,
                  "Inner Unique": true,
                  "Hash Cond": "(mk.movie_id = t.id)",
                  "Plans": [
                    {
                      "Node Type": "Seq Scan",
                      "Parent Relationship": "Outer",
                      "Parallel Aware": true,
                      "Relation Name": "movie_keyword",
                      "Alias": "mk",
                      "Startup Cost": 0.0,
                      "Total Cost": 42695.65,
                      "Plan Rows": 370474,
                      "Plan Width": 4,
                      "Actual Startup Time": 0.027,
                      "Actual Total Time": 91.844,
                      "Actual Rows": 289145,
                      "Actual Loops": 4,
                      "Filter": "(keyword_id < 1370)",
                      "Rows Removed by Filter": 841838
                    },
                    {
                      "Node Type": "Hash",
                      "Parent Relationship": "Inner",
                      "Parallel Aware": true,
                      "Startup Cost": 45479.1,
                      "Total Cost": 45479.1,
                      "Plan Rows": 119289,
                      "Plan Width": 4,
                      "Actual Startup Time": 130.313,
                      "Actual Total Time": 130.314,
                      "Actual Rows": 91315,
                      "Actual Loops": 4,
                      "Hash Buckets": 524288,
                      "Original Hash Buckets": 524288,
                      "Hash Batches": 1,
                      "Original Hash Batches": 1,
                      "Peak Memory Usage": 18464,
                      "Plans": [
                        {
                          "Node Type": "Seq Scan",
                          "Parent Relationship": "Outer",
                          "Parallel Aware": true,
                          "Relation Name": "title",
                          "Alias": "t",
                          "Startup Cost": 0.0,
                          "Total Cost": 45479.1,
                          "Plan Rows": 119289,
                          "Plan Width": 4,
                          "Actual Startup Time": 0.05,
                          "Actual Total Time": 97.164,
                          "Actual Rows": 91315,
                          "Actual Loops": 4,
                          "Filter": "((kind_id > 4) AND (production_year < 1994))",
                          "Rows Removed by Filter": 540763
                        }
                      ]
                    }
                  ]
                }
              ]
            }
          ]
        }
      ]
    },
    "Planning Time": 0.678,
    "Triggers": [],
    "Execution Time": 293.778
  }
]