[
    {
        "Bao": {
            "Bao prediction": "NaN",
            "Bao recommended hint": "(no hint)"
        }
    },
    {
        "Plan": {
            "Node Type": "Aggregate",
            "Strategy": "Plain",
            "Partial Mode": "Finalize",
            "Parallel Aware": false,
            "Startup Cost": 447681.23,
            "Total Cost": 447681.24,
            "Plan Rows": 1,
            "Plan Width": 8,
            "Actual Startup Time": 2414.575,
            "Actual Total Time": 2448.798,
            "Actual Rows": 1,
            "Actual Loops": 1,
            "Output": [
                "count(*)"
            ],
            "Plans": [
                {
                    "Node Type": "Gather",
                    "Parent Relationship": "Outer",
                    "Parallel Aware": false,
                    "Startup Cost": 447680.61,
                    "Total Cost": 447681.22,
                    "Plan Rows": 6,
                    "Plan Width": 8,
                    "Actual Startup Time": 2393.617,
                    "Actual Total Time": 2448.786,
                    "Actual Rows": 7,
                    "Actual Loops": 1,
                    "Output": [
                        "(PARTIAL count(*))"
                    ],
                    "Workers Planned": 6,
                    "Workers Launched": 6,
                    "Single Copy": false,
                    "Plans": [
                        {
                            "Node Type": "Aggregate",
                            "Strategy": "Plain",
                            "Partial Mode": "Partial",
                            "Parent Relationship": "Outer",
                            "Parallel Aware": false,
                            "Startup Cost": 446680.61,
                            "Total Cost": 446680.62,
                            "Plan Rows": 1,
                            "Plan Width": 8,
                            "Actual Startup Time": 2383.411,
                            "Actual Total Time": 2383.688,
                            "Actual Rows": 1,
                            "Actual Loops": 7,
                            "Output": [
                                "PARTIAL count(*)"
                            ],
                            "Workers": [
                                {
                                    "Worker Number": 0,
                                    "Actual Startup Time": 2380.863,
                                    "Actual Total Time": 2380.867,
                                    "Actual Rows": 1,
                                    "Actual Loops": 1
                                },
                                {
                                    "Worker Number": 1,
                                    "Actual Startup Time": 2381.341,
                                    "Actual Total Time": 2381.345,
                                    "Actual Rows": 1,
                                    "Actual Loops": 1
                                },
                                {
                                    "Worker Number": 2,
                                    "Actual Startup Time": 2381.707,
                                    "Actual Total Time": 2381.711,
                                    "Actual Rows": 1,
                                    "Actual Loops": 1
                                },
                                {
                                    "Worker Number": 3,
                                    "Actual Startup Time": 2381.731,
                                    "Actual Total Time": 2381.735,
                                    "Actual Rows": 1,
                                    "Actual Loops": 1
                                },
                                {
                                    "Worker Number": 4,
                                    "Actual Startup Time": 2383.153,
                                    "Actual Total Time": 2383.16,
                                    "Actual Rows": 1,
                                    "Actual Loops": 1
                                },
                                {
                                    "Worker Number": 5,
                                    "Actual Startup Time": 2381.955,
                                    "Actual Total Time": 2381.96,
                                    "Actual Rows": 1,
                                    "Actual Loops": 1
                                }
                            ],
                            "Plans": [
                                {
                                    "Node Type": "Hash Join",
                                    "Parent Relationship": "Outer",
                                    "Parallel Aware": true,
                                    "Join Type": "Inner",
                                    "Startup Cost": 85770.32,
                                    "Total Cost": 443333.53,
                                    "Plan Rows": 1338832,
                                    "Plan Width": 0,
                                    "Actual Startup Time": 877.334,
                                    "Actual Total Time": 2211.604,
                                    "Actual Rows": 3249961,
                                    "Actual Loops": 7,
                                    "Inner Unique": false,
                                    "Hash Cond": "(ci.movie_id = t.id)",
                                    "Workers": [
                                        {
                                            "Worker Number": 0,
                                            "Actual Startup Time": 874.945,
                                            "Actual Total Time": 2207.637,
                                            "Actual Rows": 3445348,
                                            "Actual Loops": 1
                                        },
                                        {
                                            "Worker Number": 1,
                                            "Actual Startup Time": 875.469,
                                            "Actual Total Time": 2212.813,
                                            "Actual Rows": 3476690,
                                            "Actual Loops": 1
                                        },
                                        {
                                            "Worker Number": 2,
                                            "Actual Startup Time": 875.819,
                                            "Actual Total Time": 2210.772,
                                            "Actual Rows": 3430754,
                                            "Actual Loops": 1
                                        },
                                        {
                                            "Worker Number": 3,
                                            "Actual Startup Time": 875.852,
                                            "Actual Total Time": 2206.559,
                                            "Actual Rows": 2830526,
                                            "Actual Loops": 1
                                        },
                                        {
                                            "Worker Number": 4,
                                            "Actual Startup Time": 875.918,
                                            "Actual Total Time": 2235.58,
                                            "Actual Rows": 3779631,
                                            "Actual Loops": 1
                                        },
                                        {
                                            "Worker Number": 5,
                                            "Actual Startup Time": 876.066,
                                            "Actual Total Time": 2205.217,
                                            "Actual Rows": 2775809,
                                            "Actual Loops": 1
                                        }
                                    ],
                                    "Plans": [
                                        {
                                            "Node Type": "Seq Scan",
                                            "Parent Relationship": "Outer",
                                            "Parallel Aware": true,
                                            "Relation Name": "cast_info",
                                            "Schema": "public",
                                            "Alias": "ci",
                                            "Startup Cost": 0.0,
                                            "Total Cost": 343318.94,
                                            "Plan Rows": 2646789,
                                            "Plan Width": 4,
                                            "Actual Startup Time": 396.745,
                                            "Actual Total Time": 791.059,
                                            "Actual Rows": 2257116,
                                            "Actual Loops": 7,
                                            "Output": [
                                                "ci.id",
                                                "ci.person_id",
                                                "ci.movie_id",
                                                "ci.person_role_id",
                                                "ci.note",
                                                "ci.nr_order",
                                                "ci.role_id"
                                            ],
                                            "Filter": "((ci.person_id < 4003076) AND (ci.role_id > 2))",
                                            "Rows Removed by Filter": 2920647,
                                            "Workers": [
                                                {
                                                    "Worker Number": 0,
                                                    "Actual Startup Time": 396.679,
                                                    "Actual Total Time": 802.593,
                                                    "Actual Rows": 2265405,
                                                    "Actual Loops": 1
                                                },
                                                {
                                                    "Worker Number": 1,
                                                    "Actual Startup Time": 396.749,
                                                    "Actual Total Time": 797.681,
                                                    "Actual Rows": 2327468,
                                                    "Actual Loops": 1
                                                },
                                                {
                                                    "Worker Number": 2,
                                                    "Actual Startup Time": 396.75,
                                                    "Actual Total Time": 801.69,
                                                    "Actual Rows": 2265865,
                                                    "Actual Loops": 1
                                                },
                                                {
                                                    "Worker Number": 3,
                                                    "Actual Startup Time": 396.761,
                                                    "Actual Total Time": 804.481,
                                                    "Actual Rows": 2032761,
                                                    "Actual Loops": 1
                                                },
                                                {
                                                    "Worker Number": 4,
                                                    "Actual Startup Time": 396.755,
                                                    "Actual Total Time": 768.074,
                                                    "Actual Rows": 2738430,
                                                    "Actual Loops": 1
                                                },
                                                {
                                                    "Worker Number": 5,
                                                    "Actual Startup Time": 396.785,
                                                    "Actual Total Time": 804.254,
                                                    "Actual Rows": 1995944,
                                                    "Actual Loops": 1
                                                }
                                            ]
                                        },
                                        {
                                            "Node Type": "Hash",
                                            "Parent Relationship": "Inner",
                                            "Parallel Aware": true,
                                            "Startup Cost": 80613.43,
                                            "Total Cost": 80613.43,
                                            "Plan Rows": 412551,
                                            "Plan Width": 8,
                                            "Actual Startup Time": 477.114,
                                            "Actual Total Time": 477.389,
                                            "Actual Rows": 182035,
                                            "Actual Loops": 7,
                                            "Output": [
                                                "t.id",
                                                "mc.movie_id"
                                            ],
                                            "Hash Buckets": 2097152,
                                            "Original Hash Buckets": 2097152,
                                            "Hash Batches": 1,
                                            "Original Hash Batches": 1,
                                            "Peak Memory Usage": 66336,
                                            "Workers": [
                                                {
                                                    "Worker Number": 0,
                                                    "Actual Startup Time": 477.305,
                                                    "Actual Total Time": 477.308,
                                                    "Actual Rows": 165899,
                                                    "Actual Loops": 1
                                                },
                                                {
                                                    "Worker Number": 1,
                                                    "Actual Startup Time": 478.0,
                                                    "Actual Total Time": 478.003,
                                                    "Actual Rows": 165032,
                                                    "Actual Loops": 1
                                                },
                                                {
                                                    "Worker Number": 2,
                                                    "Actual Startup Time": 478.348,
                                                    "Actual Total Time": 478.351,
                                                    "Actual Rows": 166536,
                                                    "Actual Loops": 1
                                                },
                                                {
                                                    "Worker Number": 3,
                                                    "Actual Startup Time": 478.403,
                                                    "Actual Total Time": 478.406,
                                                    "Actual Rows": 164239,
                                                    "Actual Loops": 1
                                                },
                                                {
                                                    "Worker Number": 4,
                                                    "Actual Startup Time": 478.439,
                                                    "Actual Total Time": 478.444,
                                                    "Actual Rows": 204021,
                                                    "Actual Loops": 1
                                                },
                                                {
                                                    "Worker Number": 5,
                                                    "Actual Startup Time": 478.545,
                                                    "Actual Total Time": 478.548,
                                                    "Actual Rows": 231665,
                                                    "Actual Loops": 1
                                                }
                                            ],
                                            "Plans": [
                                                {
                                                    "Node Type": "Hash Join",
                                                    "Parent Relationship": "Outer",
                                                    "Parallel Aware": true,
                                                    "Join Type": "Inner",
                                                    "Startup Cost": 50219.81,
                                                    "Total Cost": 80613.43,
                                                    "Plan Rows": 412551,
                                                    "Plan Width": 8,
                                                    "Actual Startup Time": 273.718,
                                                    "Actual Total Time": 403.576,
                                                    "Actual Rows": 182035,
                                                    "Actual Loops": 7,
                                                    "Output": [
                                                        "t.id",
                                                        "mc.movie_id"
                                                    ],
                                                    "Inner Unique": true,
                                                    "Hash Cond": "(mc.movie_id = t.id)",
                                                    "Workers": [
                                                        {
                                                            "Worker Number": 0,
                                                            "Actual Startup Time": 273.735,
                                                            "Actual Total Time": 405.272,
                                                            "Actual Rows": 165899,
                                                            "Actual Loops": 1
                                                        },
                                                        {
                                                            "Worker Number": 1,
                                                            "Actual Startup Time": 273.703,
                                                            "Actual Total Time": 403.241,
                                                            "Actual Rows": 165032,
                                                            "Actual Loops": 1
                                                        },
                                                        {
                                                            "Worker Number": 2,
                                                            "Actual Startup Time": 273.67,
                                                            "Actual Total Time": 403.342,
                                                            "Actual Rows": 166536,
                                                            "Actual Loops": 1
                                                        },
                                                        {
                                                            "Worker Number": 3,
                                                            "Actual Startup Time": 273.692,
                                                            "Actual Total Time": 403.123,
                                                            "Actual Rows": 164239,
                                                            "Actual Loops": 1
                                                        },
                                                        {
                                                            "Worker Number": 4,
                                                            "Actual Startup Time": 273.656,
                                                            "Actual Total Time": 402.831,
                                                            "Actual Rows": 204021,
                                                            "Actual Loops": 1
                                                        },
                                                        {
                                                            "Worker Number": 5,
                                                            "Actual Startup Time": 273.698,
                                                            "Actual Total Time": 402.762,
                                                            "Actual Rows": 231665,
                                                            "Actual Loops": 1
                                                        }
                                                    ],
                                                    "Plans": [
                                                        {
                                                            "Node Type": "Seq Scan",
                                                            "Parent Relationship": "Outer",
                                                            "Parallel Aware": true,
                                                            "Relation Name": "movie_companies",
                                                            "Schema": "public",
                                                            "Alias": "mc",
                                                            "Startup Cost": 0.0,
                                                            "Total Cost": 29310.68,
                                                            "Plan Rows": 412551,
                                                            "Plan Width": 4,
                                                            "Actual Startup Time": 0.032,
                                                            "Actual Total Time": 54.987,
                                                            "Actual Rows": 182035,
                                                            "Actual Loops": 7,
                                                            "Output": [
                                                                "mc.id",
                                                                "mc.movie_id",
                                                                "mc.company_id",
                                                                "mc.company_type_id",
                                                                "mc.note"
                                                            ],
                                                            "Filter": "(mc.company_type_id = 1)",
                                                            "Rows Removed by Filter": 190698,
                                                            "Workers": [
                                                                {
                                                                    "Worker Number": 0,
                                                                    "Actual Startup Time": 0.034,
                                                                    "Actual Total Time": 56.98,
                                                                    "Actual Rows": 165899,
                                                                    "Actual Loops": 1
                                                                },
                                                                {
                                                                    "Worker Number": 1,
                                                                    "Actual Startup Time": 0.045,
                                                                    "Actual Total Time": 57.014,
                                                                    "Actual Rows": 165032,
                                                                    "Actual Loops": 1
                                                                },
                                                                {
                                                                    "Worker Number": 2,
                                                                    "Actual Startup Time": 0.034,
                                                                    "Actual Total Time": 56.944,
                                                                    "Actual Rows": 166536,
                                                                    "Actual Loops": 1
                                                                },
                                                                {
                                                                    "Worker Number": 3,
                                                                    "Actual Startup Time": 0.037,
                                                                    "Actual Total Time": 56.806,
                                                                    "Actual Rows": 164239,
                                                                    "Actual Loops": 1
                                                                },
                                                                {
                                                                    "Worker Number": 4,
                                                                    "Actual Startup Time": 0.035,
                                                                    "Actual Total Time": 52.052,
                                                                    "Actual Rows": 204021,
                                                                    "Actual Loops": 1
                                                                },
                                                                {
                                                                    "Worker Number": 5,
                                                                    "Actual Startup Time": 0.027,
                                                                    "Actual Total Time": 53.412,
                                                                    "Actual Rows": 231665,
                                                                    "Actual Loops": 1
                                                                }
                                                            ]
                                                        },
                                                        {
                                                            "Node Type": "Hash",
                                                            "Parent Relationship": "Inner",
                                                            "Parallel Aware": true,
                                                            "Startup Cost": 42318.81,
                                                            "Total Cost": 42318.81,
                                                            "Plan Rows": 632080,
                                                            "Plan Width": 4,
                                                            "Actual Startup Time": 268.971,
                                                            "Actual Total Time": 268.972,
                                                            "Actual Rows": 361187,
                                                            "Actual Loops": 7,
                                                            "Output": [
                                                                "t.id"
                                                            ],
                                                            "Hash Buckets": 4194304,
                                                            "Original Hash Buckets": 4194304,
                                                            "Hash Batches": 1,
                                                            "Original Hash Batches": 1,
                                                            "Peak Memory Usage": 131744,
                                                            "Workers": [
                                                                {
                                                                    "Worker Number": 0,
                                                                    "Actual Startup Time": 273.351,
                                                                    "Actual Total Time": 273.353,
                                                                    "Actual Rows": 321422,
                                                                    "Actual Loops": 1
                                                                },
                                                                {
                                                                    "Worker Number": 1,
                                                                    "Actual Startup Time": 273.586,
                                                                    "Actual Total Time": 273.587,
                                                                    "Actual Rows": 321072,
                                                                    "Actual Loops": 1
                                                                },
                                                                {
                                                                    "Worker Number": 2,
                                                                    "Actual Startup Time": 273.536,
                                                                    "Actual Total Time": 273.538,
                                                                    "Actual Rows": 322640,
                                                                    "Actual Loops": 1
                                                                },
                                                                {
                                                                    "Worker Number": 3,
                                                                    "Actual Startup Time": 273.541,
                                                                    "Actual Total Time": 273.542,
                                                                    "Actual Rows": 320295,
                                                                    "Actual Loops": 1
                                                                },
                                                                {
                                                                    "Worker Number": 4,
                                                                    "Actual Startup Time": 273.432,
                                                                    "Actual Total Time": 273.434,
                                                                    "Actual Rows": 378399,
                                                                    "Actual Loops": 1
                                                                },
                                                                {
                                                                    "Worker Number": 5,
                                                                    "Actual Startup Time": 273.404,
                                                                    "Actual Total Time": 273.405,
                                                                    "Actual Rows": 439200,
                                                                    "Actual Loops": 1
                                                                }
                                                            ],
                                                            "Plans": [
                                                                {
                                                                    "Node Type": "Seq Scan",
                                                                    "Parent Relationship": "Outer",
                                                                    "Parallel Aware": true,
                                                                    "Relation Name": "title",
                                                                    "Schema": "public",
                                                                    "Alias": "t",
                                                                    "Startup Cost": 0.0,
                                                                    "Total Cost": 42318.81,
                                                                    "Plan Rows": 632080,
                                                                    "Plan Width": 4,
                                                                    "Actual Startup Time": 0.05,
                                                                    "Actual Total Time": 77.101,
                                                                    "Actual Rows": 361187,
                                                                    "Actual Loops": 7,
                                                                    "Output": [
                                                                        "t.id"
                                                                    ],
                                                                    "Workers": [
                                                                        {
                                                                            "Worker Number": 0,
                                                                            "Actual Startup Time": 0.038,
                                                                            "Actual Total Time": 81.526,
                                                                            "Actual Rows": 321422,
                                                                            "Actual Loops": 1
                                                                        },
                                                                        {
                                                                            "Worker Number": 1,
                                                                            "Actual Startup Time": 0.05,
                                                                            "Actual Total Time": 82.259,
                                                                            "Actual Rows": 321072,
                                                                            "Actual Loops": 1
                                                                        },
                                                                        {
                                                                            "Worker Number": 2,
                                                                            "Actual Startup Time": 0.072,
                                                                            "Actual Total Time": 81.945,
                                                                            "Actual Rows": 322640,
                                                                            "Actual Loops": 1
                                                                        },
                                                                        {
                                                                            "Worker Number": 3,
                                                                            "Actual Startup Time": 0.049,
                                                                            "Actual Total Time": 82.168,
                                                                            "Actual Rows": 320295,
                                                                            "Actual Loops": 1
                                                                        },
                                                                        {
                                                                            "Worker Number": 4,
                                                                            "Actual Startup Time": 0.078,
                                                                            "Actual Total Time": 72.885,
                                                                            "Actual Rows": 378399,
                                                                            "Actual Loops": 1
                                                                        },
                                                                        {
                                                                            "Worker Number": 5,
                                                                            "Actual Startup Time": 0.049,
                                                                            "Actual Total Time": 74.807,
                                                                            "Actual Rows": 439200,
                                                                            "Actual Loops": 1
                                                                        }
                                                                    ]
                                                                }
                                                            ]
                                                        }
                                                    ]
                                                }
                                            ]
                                        }
                                    ]
                                }
                            ]
                        }
                    ]
                }
            ]
        },
        "Planning Time": 309.347,
        "Triggers": [],
        "Execution Time": 2448.874
    }
]