[
  {
    "Plan": {
      "Node Type": "Aggregate",
      "Strategy": "Plain",
      "Partial Mode": "Finalize",
      "Parallel Aware": false,
      "Startup Cost": 344069.0,
      "Total Cost": 344069.01,
      "Plan Rows": 1,
      "Plan Width": 8,
      "Actual Startup Time": 825.905,
      "Actual Total Time": 887.534,
      "Actual Rows": 1,
      "Actual Loops": 1,
      "Plans": [
        {
          "Node Type": "Gather",
          "Parent Relationship": "Outer",
          "Parallel Aware": false,
          "Startup Cost": 344068.38,
          "Total Cost": 344068.98,
          "Plan Rows": 6,
          "Plan Width": 8,
          "Actual Startup Time": 825.759,
          "Actual Total Time": 887.524,
          "Actual Rows": 7,
          "Actual Loops": 1,
          "Workers Planned": 6,
          "Workers Launched": 6,
          "Single Copy": false,
          "Plans": [
            {
              "Node Type": "Aggregate",
              "Strategy": "Plain",
              "Partial Mode": "Partial",
              "Parent Relationship": "Outer",
              "Parallel Aware": false,
              "Startup Cost": 343068.38,
              "Total Cost": 343068.39,
              "Plan Rows": 1,
              "Plan Width": 8,
              "Actual Startup Time": 815.449,
              "Actual Total Time": 815.45,
              "Actual Rows": 1,
              "Actual Loops": 7,
              "Plans": [
                {
                  "Node Type": "Seq Scan",
                  "Parent Relationship": "Outer",
                  "Parallel Aware": true,
                  "Relation Name": "cast_info",
                  "Alias": "ci",
                  "Startup Cost": 0.0,
                  "Total Cost": 328162.03,
                  "Plan Rows": 5962540,
                  "Plan Width": 0,
                  "Actual Startup Time": 12.988,
                  "Actual Total Time": 616.0,
                  "Actual Rows": 5115067,
                  "Actual Loops": 7,
                  "Filter": "(person_id > 49815)",
                  "Rows Removed by Filter": 62696
                }
              ]
            }
          ]
        }
      ]
    },
    "Planning Time": 0.178,
    "Triggers": [],
    "Execution Time": 887.603
  }
]