[
  {
    "Plan": {
      "Node Type": "Aggregate",
      "Strategy": "Plain",
      "Partial Mode": "Finalize",
      "Parallel Aware": false,
      "Startup Cost": 45226.72,
      "Total Cost": 45226.73,
      "Plan Rows": 1,
      "Plan Width": 8,
      "Actual Startup Time": 127.345,
      "Actual Total Time": 136.298,
      "Actual Rows": 1,
      "Actual Loops": 1,
      "Plans": [
        {
          "Node Type": "Gather",
          "Parent Relationship": "Outer",
          "Parallel Aware": false,
          "Startup Cost": 45226.4,
          "Total Cost": 45226.71,
          "Plan Rows": 3,
          "Plan Width": 8,
          "Actual Startup Time": 127.193,
          "Actual Total Time": 136.285,
          "Actual Rows": 4,
          "Actual Loops": 1,
          "Workers Planned": 3,
          "Workers Launched": 3,
          "Single Copy": false,
          "Plans": [
            {
              "Node Type": "Aggregate",
              "Strategy": "Plain",
              "Partial Mode": "Partial",
              "Parent Relationship": "Outer",
              "Parallel Aware": false,
              "Startup Cost": 44226.4,
              "Total Cost": 44226.41,
              "Plan Rows": 1,
              "Plan Width": 8,
              "Actual Startup Time": 122.204,
              "Actual Total Time": 122.205,
              "Actual Rows": 1,
              "Actual Loops": 4,
              "Plans": [
                {
                  "Node Type": "Seq Scan",
                  "Parent Relationship": "Outer",
                  "Parallel Aware": true,
                  "Relation Name": "movie_keyword",
                  "Alias": "mk",
                  "Startup Cost": 0.0,
                  "Total Cost": 42695.65,
                  "Plan Rows": 612298,
                  "Plan Width": 0,
                  "Actual Startup Time": 0.045,
                  "Actual Total Time": 101.884,
                  "Actual Rows": 475319,
                  "Actual Loops": 4,
                  "Filter": "(keyword_id < 3260)",
                  "Rows Removed by Filter": 655664
                }
              ]
            }
          ]
        }
      ]
    },
    "Planning Time": 0.079,
    "Triggers": [],
    "Execution Time": 136.327
  }
]