[
  {
    "Plan": {
      "Node Type": "Aggregate",
      "Strategy": "Plain",
      "Partial Mode": "Finalize",
      "Parallel Aware": false,
      "Startup Cost": 59079.41,
      "Total Cost": 59079.42,
      "Plan Rows": 1,
      "Plan Width": 8,
      "Actual Startup Time": 97.164,
      "Actual Total Time": 113.579,
      "Actual Rows": 1,
      "Actual Loops": 1,
      "Plans": [
        {
          "Node Type": "Gather",
          "Parent Relationship": "Outer",
          "Parallel Aware": false,
          "Startup Cost": 59078.99,
          "Total Cost": 59079.4,
          "Plan Rows": 4,
          "Plan Width": 8,
          "Actual Startup Time": 97.037,
          "Actual Total Time": 113.566,
          "Actual Rows": 5,
          "Actual Loops": 1,
          "Workers Planned": 4,
          "Workers Launched": 4,
          "Single Copy": false,
          "Plans": [
            {
              "Node Type": "Aggregate",
              "Strategy": "Plain",
              "Partial Mode": "Partial",
              "Parent Relationship": "Outer",
              "Parallel Aware": false,
              "Startup Cost": 58078.99,
              "Total Cost": 58079.0,
              "Plan Rows": 1,
              "Plan Width": 8,
              "Actual Startup Time": 92.684,
              "Actual Total Time": 92.686,
              "Actual Rows": 1,
              "Actual Loops": 5,
              "Plans": [
                {
                  "Node Type": "Nested Loop",
                  "Parent Relationship": "Outer",
                  "Parallel Aware": false,
                  "Join Type": "Inner",
                  "Startup Cost": 0.43,
                  "Total Cost": 58075.73,
                  "Plan Rows": 1303,
                  "Plan Width": 0,
                  "Actual Startup Time": 56.851,
                  "Actual Total Time": 92.56,
                  "Actual Rows": 1529,
                  "Actual Loops": 5,
                  "Inner Unique": false,
                  "Plans": [
                    {
                      "Node Type": "Seq Scan",
                      "Parent Relationship": "Outer",
                      "Parallel Aware": true,
                      "Relation Name": "title",
                      "Alias": "t",
                      "Startup Cost": 0.0,
                      "Total Cost": 45479.59,
                      "Plan Rows": 2388,
                      "Plan Width": 4,
                      "Actual Startup Time": 55.646,
                      "Actual Total Time": 83.328,
                      "Actual Rows": 1117,
                      "Actual Loops": 5,
                      "Filter": "((kind_id = 1) AND (production_year = 1995))",
                      "Rows Removed by Filter": 504545
                    },
                    {
                      "Node Type": "Index Only Scan",
                      "Parent Relationship": "Inner",
                      "Parallel Aware": false,
                      "Scan Direction": "Forward",
                      "Index Name": "movie_id_movie_info_idx",
                      "Relation Name": "movie_info_idx",
                      "Alias": "mi_idx",
                      "Startup Cost": 0.43,
                      "Total Cost": 5.24,
                      "Plan Rows": 3,
                      "Plan Width": 4,
                      "Actual Startup Time": 0.007,
                      "Actual Total Time": 0.008,
                      "Actual Rows": 1,
                      "Actual Loops": 5587,
                      "Index Cond": "(movie_id = t.id)",
                      "Rows Removed by Index Recheck": 0,
                      "Heap Fetches": 7646
                    }
                  ]
                }
              ]
            }
          ]
        }
      ]
    },
    "Planning Time": 0.592,
    "Triggers": [],
    "Execution Time": 113.658
  }
]