{
  "Plan": {
    "Node Type": "Aggregate",
    "Strategy": "Plain",
    "Partial Mode": "Finalize",
    "Parallel Aware": false,
    "Startup Cost": 162814.3,
    "Total Cost": 162814.31,
    "Plan Rows": 1,
    "Plan Width": 8,
    "Actual Startup Time": 1411.406,
    "Actual Total Time": 1439.25,
    "Actual Rows": 1,
    "Actual Loops": 1,
    "Plans": [
      {
        "Node Type": "Gather",
        "Parent Relationship": "Outer",
        "Parallel Aware": false,
        "Startup Cost": 162814.19,
        "Total Cost": 162814.3,
        "Plan Rows": 1,
        "Plan Width": 8,
        "Actual Startup Time": 1404.569,
        "Actual Total Time": 1439.24,
        "Actual Rows": 2,
        "Actual Loops": 1,
        "Workers Planned": 1,
        "Workers Launched": 1,
        "Single Copy": false,
        "Plans": [
          {
            "Node Type": "Aggregate",
            "Strategy": "Plain",
            "Partial Mode": "Partial",
            "Parent Relationship": "Outer",
            "Parallel Aware": false,
            "Startup Cost": 161814.19,
            "Total Cost": 161814.2,
            "Plan Rows": 1,
            "Plan Width": 8,
            "Actual Startup Time": 1400.006,
            "Actual Total Time": 1400.314,
            "Actual Rows": 1,
            "Actual Loops": 2,
            "Plans": [
              {
                "Node Type": "Hash Join",
                "Parent Relationship": "Outer",
                "Parallel Aware": true,
                "Join Type": "Inner",
                "Startup Cost": 118571.76,
                "Total Cost": 160815.31,
                "Plan Rows": 399551,
                "Plan Width": 0,
                "Actual Startup Time": 836.333,
                "Actual Total Time": 1292.604,
                "Actual Rows": 2557660,
                "Actual Loops": 2,
                "Inner Unique": false,
                "Hash Cond": "(mc.movie_id = t.id)",
                "Plans": [
                  {
                    "Node Type": "Seq Scan",
                    "Parent Relationship": "Outer",
                    "Parallel Aware": true,
                    "Relation Name": "movie_companies",
                    "Alias": "mc",
                    "Startup Cost": 0.0,
                    "Total Cost": 34137.82,
                    "Plan Rows": 1534782,
                    "Plan Width": 4,
                    "Actual Startup Time": 0.016,
                    "Actual Total Time": 101.042,
                    "Actual Rows": 1304564,
                    "Actual Loops": 2
                  },
                  {
                    "Node Type": "Hash",
                    "Parent Relationship": "Inner",
                    "Parallel Aware": true,
                    "Startup Cost": 113732.11,
                    "Total Cost": 113732.11,
                    "Plan Rows": 387172,
                    "Plan Width": 8,
                    "Actual Startup Time": 817.968,
                    "Actual Total Time": 818.274,
                    "Actual Rows": 324604,
                    "Actual Loops": 2,
                    "Hash Buckets": 1048576,
                    "Original Hash Buckets": 1048576,
                    "Hash Batches": 1,
                    "Original Hash Batches": 1,
                    "Peak Memory Usage": 33600,
                    "Plans": [
                      {
                        "Node Type": "Hash Join",
                        "Parent Relationship": "Outer",
                        "Parallel Aware": true,
                        "Join Type": "Inner",
                        "Startup Cost": 83422.13,
                        "Total Cost": 113732.11,
                        "Plan Rows": 387172,
                        "Plan Width": 8,
                        "Actual Startup Time": 578.559,
                        "Actual Total Time": 742.404,
                        "Actual Rows": 324604,
                        "Actual Loops": 2,
                        "Inner Unique": true,
                        "Hash Cond": "(mk.movie_id = t.id)",
                        "Plans": [
                          {
                            "Node Type": "Bitmap Heap Scan",
                            "Parent Relationship": "Outer",
                            "Parallel Aware": true,
                            "Relation Name": "movie_keyword",
                            "Alias": "mk",
                            "Startup Cost": 13961.43,
                            "Total Cost": 43255.08,
                            "Plan Rows": 387172,
                            "Plan Width": 4,
                            "Actual Startup Time": 36.642,
                            "Actual Total Time": 112.193,
                            "Actual Rows": 324604,
                            "Actual Loops": 2,
                            "Recheck Cond": "(keyword_id > 29018)",
                            "Rows Removed by Index Recheck": 0,
                            "Exact Heap Blocks": 12559,
                            "Lossy Heap Blocks": 0,
                            "Plans": [
                              {
                                "Node Type": "Bitmap Index Scan",
                                "Parent Relationship": "Outer",
                                "Parallel Aware": false,
                                "Index Name": "keyword_id_movie_keyword",
                                "Startup Cost": 0.0,
                                "Total Cost": 13796.88,
                                "Plan Rows": 658193,
                                "Plan Width": 0,
                                "Actual Startup Time": 33.141,
                                "Actual Total Time": 33.141,
                                "Actual Rows": 649208,
                                "Actual Loops": 1,
                                "Index Cond": "(keyword_id > 29018)"
                              }
                            ]
                          },
                          {
                            "Node Type": "Hash",
                            "Parent Relationship": "Inner",
                            "Parallel Aware": true,
                            "Startup Cost": 50870.31,
                            "Total Cost": 50870.31,
                            "Plan Rows": 1487231,
                            "Plan Width": 4,
                            "Actual Startup Time": 526.102,
                            "Actual Total Time": 526.103,
                            "Actual Rows": 1264156,
                            "Actual Loops": 2,
                            "Hash Buckets": 4194304,
                            "Original Hash Buckets": 4194304,
                            "Hash Batches": 1,
                            "Original Hash Batches": 1,
                            "Peak Memory Usage": 131712,
                            "Plans": [
                              {
                                "Node Type": "Seq Scan",
                                "Parent Relationship": "Outer",
                                "Parallel Aware": true,
                                "Relation Name": "title",
                                "Alias": "t",
                                "Startup Cost": 0.0,
                                "Total Cost": 50870.31,
                                "Plan Rows": 1487231,
                                "Plan Width": 4,
                                "Actual Startup Time": 0.027,
                                "Actual Total Time": 156.29,
                                "Actual Rows": 1264156,
                                "Actual Loops": 2
                              }
                            ]
                          }
                        ]
                      }
                    ]
                  }
                ]
              }
            ]
          }
        ]
      }
    ]
  },
  "Planning Time": 0.852,
  "Triggers": [],
  "Execution Time": 1439.337
}