{
  "Plan": {
    "Node Type": "Aggregate",
    "Strategy": "Plain",
    "Partial Mode": "Finalize",
    "Parallel Aware": false,
    "Startup Cost": 394672.9,
    "Total Cost": 394672.91,
    "Plan Rows": 1,
    "Plan Width": 8,
    "Actual Startup Time": 3389.617,
    "Actual Total Time": 3435.49,
    "Actual Rows": 1,
    "Actual Loops": 1,
    "Plans": [
      {
        "Node Type": "Gather",
        "Parent Relationship": "Outer",
        "Parallel Aware": false,
        "Startup Cost": 394672.79,
        "Total Cost": 394672.9,
        "Plan Rows": 1,
        "Plan Width": 8,
        "Actual Startup Time": 3384.534,
        "Actual Total Time": 3435.481,
        "Actual Rows": 2,
        "Actual Loops": 1,
        "Workers Planned": 1,
        "Workers Launched": 1,
        "Single Copy": false,
        "Plans": [
          {
            "Node Type": "Aggregate",
            "Strategy": "Plain",
            "Partial Mode": "Partial",
            "Parent Relationship": "Outer",
            "Parallel Aware": false,
            "Startup Cost": 393672.79,
            "Total Cost": 393672.8,
            "Plan Rows": 1,
            "Plan Width": 8,
            "Actual Startup Time": 3377.901,
            "Actual Total Time": 3377.915,
            "Actual Rows": 1,
            "Actual Loops": 2,
            "Plans": [
              {
                "Node Type": "Hash Join",
                "Parent Relationship": "Outer",
                "Parallel Aware": true,
                "Join Type": "Inner",
                "Startup Cost": 104195.75,
                "Total Cost": 391313.59,
                "Plan Rows": 943681,
                "Plan Width": 0,
                "Actual Startup Time": 893.308,
                "Actual Total Time": 3044.669,
                "Actual Rows": 7976149,
                "Actual Loops": 2,
                "Inner Unique": false,
                "Hash Cond": "(mi.movie_id = t.id)",
                "Plans": [
                  {
                    "Node Type": "Seq Scan",
                    "Parent Relationship": "Outer",
                    "Parallel Aware": true,
                    "Relation Name": "movie_info",
                    "Alias": "mi",
                    "Startup Cost": 0.0,
                    "Total Cost": 248955.74,
                    "Plan Rows": 8696274,
                    "Plan Width": 4,
                    "Actual Startup Time": 0.018,
                    "Actual Total Time": 707.66,
                    "Actual Rows": 7417860,
                    "Actual Loops": 2
                  },
                  {
                    "Node Type": "Hash",
                    "Parent Relationship": "Inner",
                    "Parallel Aware": true,
                    "Startup Cost": 102178.4,
                    "Total Cost": 102178.4,
                    "Plan Rows": 161388,
                    "Plan Width": 8,
                    "Actual Startup Time": 879.912,
                    "Actual Total Time": 879.924,
                    "Actual Rows": 135148,
                    "Actual Loops": 2,
                    "Hash Buckets": 524288,
                    "Original Hash Buckets": 524288,
                    "Hash Batches": 1,
                    "Original Hash Batches": 1,
                    "Peak Memory Usage": 14688,
                    "Plans": [
                      {
                        "Node Type": "Hash Join",
                        "Parent Relationship": "Outer",
                        "Parallel Aware": true,
                        "Join Type": "Inner",
                        "Startup Cost": 75283.41,
                        "Total Cost": 102178.4,
                        "Plan Rows": 161388,
                        "Plan Width": 8,
                        "Actual Startup Time": 715.811,
                        "Actual Total Time": 839.751,
                        "Actual Rows": 135148,
                        "Actual Loops": 2,
                        "Inner Unique": true,
                        "Hash Cond": "(mk.movie_id = t.id)",
                        "Plans": [
                          {
                            "Node Type": "Bitmap Heap Scan",
                            "Parent Relationship": "Outer",
                            "Parallel Aware": true,
                            "Relation Name": "movie_keyword",
                            "Alias": "mk",
                            "Startup Cost": 5822.71,
                            "Total Cost": 32294.06,
                            "Plan Rows": 161388,
                            "Plan Width": 4,
                            "Actual Startup Time": 26.864,
                            "Actual Total Time": 98.505,
                            "Actual Rows": 135148,
                            "Actual Loops": 2,
                            "Recheck Cond": "(keyword_id > 58268)",
                            "Rows Removed by Index Recheck": 0,
                            "Exact Heap Blocks": 10258,
                            "Lossy Heap Blocks": 0,
                            "Plans": [
                              {
                                "Node Type": "Bitmap Index Scan",
                                "Parent Relationship": "Outer",
                                "Parallel Aware": false,
                                "Index Name": "keyword_id_movie_keyword",
                                "Startup Cost": 0.0,
                                "Total Cost": 5754.12,
                                "Plan Rows": 274359,
                                "Plan Width": 0,
                                "Actual Startup Time": 21.752,
                                "Actual Total Time": 21.752,
                                "Actual Rows": 270295,
                                "Actual Loops": 1,
                                "Index Cond": "(keyword_id > 58268)"
                              }
                            ]
                          },
                          {
                            "Node Type": "Hash",
                            "Parent Relationship": "Inner",
                            "Parallel Aware": true,
                            "Startup Cost": 50870.31,
                            "Total Cost": 50870.31,
                            "Plan Rows": 1487231,
                            "Plan Width": 4,
                            "Actual Startup Time": 669.53,
                            "Actual Total Time": 669.538,
                            "Actual Rows": 1264156,
                            "Actual Loops": 2,
                            "Hash Buckets": 4194304,
                            "Original Hash Buckets": 4194304,
                            "Hash Batches": 1,
                            "Original Hash Batches": 1,
                            "Peak Memory Usage": 131712,
                            "Plans": [
                              {
                                "Node Type": "Seq Scan",
                                "Parent Relationship": "Outer",
                                "Parallel Aware": true,
                                "Relation Name": "title",
                                "Alias": "t",
                                "Startup Cost": 0.0,
                                "Total Cost": 50870.31,
                                "Plan Rows": 1487231,
                                "Plan Width": 4,
                                "Actual Startup Time": 0.028,
                                "Actual Total Time": 194.086,
                                "Actual Rows": 1264156,
                                "Actual Loops": 2
                              }
                            ]
                          }
                        ]
                      }
                    ]
                  }
                ]
              }
            ]
          }
        ]
      }
    ]
  },
  "Planning Time": 0.806,
  "Triggers": [],
  "Execution Time": 3435.592
}