[
  {
    "Plan": {
      "Node Type": "Aggregate",
      "Strategy": "Plain",
      "Partial Mode": "Finalize",
      "Parallel Aware": false,
      "Startup Cost": 79479.6,
      "Total Cost": 79479.61,
      "Plan Rows": 1,
      "Plan Width": 8,
      "Actual Startup Time": 318.735,
      "Actual Total Time": 335.221,
      "Actual Rows": 1,
      "Actual Loops": 1,
      "Plans": [
        {
          "Node Type": "Gather",
          "Parent Relationship": "Outer",
          "Parallel Aware": false,
          "Startup Cost": 79479.29,
          "Total Cost": 79479.6,
          "Plan Rows": 3,
          "Plan Width": 8,
          "Actual Startup Time": 316.473,
          "Actual Total Time": 335.21,
          "Actual Rows": 4,
          "Actual Loops": 1,
          "Workers Planned": 3,
          "Workers Launched": 3,
          "Single Copy": false,
          "Plans": [
            {
              "Node Type": "Aggregate",
              "Strategy": "Plain",
              "Partial Mode": "Partial",
              "Parent Relationship": "Outer",
              "Parallel Aware": false,
              "Startup Cost": 78479.29,
              "Total Cost": 78479.3,
              "Plan Rows": 1,
              "Plan Width": 8,
              "Actual Startup Time": 308.73,
              "Actual Total Time": 308.733,
              "Actual Rows": 1,
              "Actual Loops": 4,
              "Plans": [
                {
                  "Node Type": "Hash Join",
                  "Parent Relationship": "Outer",
                  "Parallel Aware": true,
                  "Join Type": "Inner",
                  "Startup Cost": 45829.75,
                  "Total Cost": 78246.17,
                  "Plan Rows": 93246,
                  "Plan Width": 0,
                  "Actual Startup Time": 199.853,
                  "Actual Total Time": 304.196,
                  "Actual Rows": 111646,
                  "Actual Loops": 4,
                  "Inner Unique": true,
                  "Hash Cond": "(mc.movie_id = t.id)",
                  "Plans": [
                    {
                      "Node Type": "Seq Scan",
                      "Parent Relationship": "Outer",
                      "Parallel Aware": true,
                      "Relation Name": "movie_companies",
                      "Alias": "mc",
                      "Startup Cost": 0.0,
                      "Total Cost": 31414.82,
                      "Plan Rows": 381562,
                      "Plan Width": 4,
                      "Actual Startup Time": 30.903,
                      "Actual Total Time": 68.576,
                      "Actual Rows": 317704,
                      "Actual Loops": 4,
                      "Filter": "((company_id > 145) AND (company_type_id > 1))",
                      "Rows Removed by Filter": 334578
                    },
                    {
                      "Node Type": "Hash",
                      "Parent Relationship": "Inner",
                      "Parallel Aware": true,
                      "Startup Cost": 43898.92,
                      "Total Cost": 43898.92,
                      "Plan Rows": 154467,
                      "Plan Width": 4,
                      "Actual Startup Time": 163.938,
                      "Actual Total Time": 163.939,
                      "Actual Rows": 155713,
                      "Actual Loops": 4,
                      "Hash Buckets": 1048576,
                      "Original Hash Buckets": 1048576,
                      "Hash Batches": 1,
                      "Original Hash Batches": 1,
                      "Peak Memory Usage": 32608,
                      "Plans": [
                        {
                          "Node Type": "Seq Scan",
                          "Parent Relationship": "Outer",
                          "Parallel Aware": true,
                          "Relation Name": "title",
                          "Alias": "t",
                          "Startup Cost": 0.0,
                          "Total Cost": 43898.92,
                          "Plan Rows": 154467,
                          "Plan Width": 4,
                          "Actual Startup Time": 0.036,
                          "Actual Total Time": 102.539,
                          "Actual Rows": 155713,
                          "Actual Loops": 4,
                          "Filter": "(production_year < 1987)",
                          "Rows Removed by Filter": 476365
                        }
                      ]
                    }
                  ]
                }
              ]
            }
          ]
        }
      ]
    },
    "Planning Time": 0.642,
    "Triggers": [],
    "Execution Time": 335.29
  }
]