[
  {
    "Plan": {
      "Node Type": "Aggregate",
      "Strategy": "Plain",
      "Partial Mode": "Finalize",
      "Parallel Aware": false,
      "Startup Cost": 47178.96,
      "Total Cost": 47178.97,
      "Plan Rows": 1,
      "Plan Width": 8,
      "Actual Startup Time": 180.586,
      "Actual Total Time": 190.59,
      "Actual Rows": 1,
      "Actual Loops": 1,
      "Plans": [
        {
          "Node Type": "Gather",
          "Parent Relationship": "Outer",
          "Parallel Aware": false,
          "Startup Cost": 47178.64,
          "Total Cost": 47178.95,
          "Plan Rows": 3,
          "Plan Width": 8,
          "Actual Startup Time": 180.463,
          "Actual Total Time": 190.582,
          "Actual Rows": 4,
          "Actual Loops": 1,
          "Workers Planned": 3,
          "Workers Launched": 3,
          "Single Copy": false,
          "Plans": [
            {
              "Node Type": "Aggregate",
              "Strategy": "Plain",
              "Partial Mode": "Partial",
              "Parent Relationship": "Outer",
              "Parallel Aware": false,
              "Startup Cost": 46178.64,
              "Total Cost": 46178.65,
              "Plan Rows": 1,
              "Plan Width": 8,
              "Actual Startup Time": 172.191,
              "Actual Total Time": 172.192,
              "Actual Rows": 1,
              "Actual Loops": 4,
              "Plans": [
                {
                  "Node Type": "Seq Scan",
                  "Parent Relationship": "Outer",
                  "Parallel Aware": true,
                  "Relation Name": "movie_keyword",
                  "Alias": "mk",
                  "Startup Cost": 0.0,
                  "Total Cost": 42695.65,
                  "Plan Rows": 1393194,
                  "Plan Width": 0,
                  "Actual Startup Time": 0.071,
                  "Actual Total Time": 124.863,
                  "Actual Rows": 1076389,
                  "Actual Loops": 4,
                  "Filter": "(keyword_id > 154)",
                  "Rows Removed by Filter": 54594
                }
              ]
            }
          ]
        }
      ]
    },
    "Planning Time": 0.156,
    "Triggers": [],
    "Execution Time": 190.638
  }
]