[
  {
    "Plan": {
      "Node Type": "Aggregate",
      "Strategy": "Plain",
      "Partial Mode": "Finalize",
      "Parallel Aware": false,
      "Startup Cost": 30641.6,
      "Total Cost": 30641.61,
      "Plan Rows": 1,
      "Plan Width": 8,
      "Actual Startup Time": 98.573,
      "Actual Total Time": 109.336,
      "Actual Rows": 1,
      "Actual Loops": 1,
      "Plans": [
        {
          "Node Type": "Gather",
          "Parent Relationship": "Outer",
          "Parallel Aware": false,
          "Startup Cost": 30641.28,
          "Total Cost": 30641.59,
          "Plan Rows": 3,
          "Plan Width": 8,
          "Actual Startup Time": 98.464,
          "Actual Total Time": 109.329,
          "Actual Rows": 4,
          "Actual Loops": 1,
          "Workers Planned": 3,
          "Workers Launched": 3,
          "Single Copy": false,
          "Plans": [
            {
              "Node Type": "Aggregate",
              "Strategy": "Plain",
              "Partial Mode": "Partial",
              "Parent Relationship": "Outer",
              "Parallel Aware": false,
              "Startup Cost": 29641.28,
              "Total Cost": 29641.29,
              "Plan Rows": 1,
              "Plan Width": 8,
              "Actual Startup Time": 89.592,
              "Actual Total Time": 89.593,
              "Actual Rows": 1,
              "Actual Loops": 4,
              "Plans": [
                {
                  "Node Type": "Seq Scan",
                  "Parent Relationship": "Outer",
                  "Parallel Aware": true,
                  "Relation Name": "movie_companies",
                  "Alias": "mc",
                  "Startup Cost": 0.0,
                  "Total Cost": 29310.68,
                  "Plan Rows": 132239,
                  "Plan Width": 0,
                  "Actual Startup Time": 54.303,
                  "Actual Total Time": 84.19,
                  "Actual Rows": 101706,
                  "Actual Loops": 4,
                  "Filter": "(company_id > 81387)",
                  "Rows Removed by Filter": 550576
                }
              ]
            }
          ]
        }
      ]
    },
    "Planning Time": 0.201,
    "Triggers": [],
    "Execution Time": 109.394
  }
]