[
  {
    "Plan": {
      "Node Type": "Aggregate",
      "Strategy": "Plain",
      "Partial Mode": "Finalize",
      "Parallel Aware": false,
      "Startup Cost": 135016.63,
      "Total Cost": 135016.64,
      "Plan Rows": 1,
      "Plan Width": 8,
      "Actual Startup Time": 1551.949,
      "Actual Total Time": 1571.097,
      "Actual Rows": 1,
      "Actual Loops": 1,
      "Plans": [
        {
          "Node Type": "Gather",
          "Parent Relationship": "Outer",
          "Parallel Aware": false,
          "Startup Cost": 135016.31,
          "Total Cost": 135016.62,
          "Plan Rows": 3,
          "Plan Width": 8,
          "Actual Startup Time": 1542.347,
          "Actual Total Time": 1571.082,
          "Actual Rows": 4,
          "Actual Loops": 1,
          "Workers Planned": 3,
          "Workers Launched": 3,
          "Single Copy": false,
          "Plans": [
            {
              "Node Type": "Aggregate",
              "Strategy": "Plain",
              "Partial Mode": "Partial",
              "Parent Relationship": "Outer",
              "Parallel Aware": false,
              "Startup Cost": 134016.31,
              "Total Cost": 134016.32,
              "Plan Rows": 1,
              "Plan Width": 8,
              "Actual Startup Time": 1530.201,
              "Actual Total Time": 1530.905,
              "Actual Rows": 1,
              "Actual Loops": 4,
              "Plans": [
                {
                  "Node Type": "Hash Join",
                  "Parent Relationship": "Outer",
                  "Parallel Aware": true,
                  "Join Type": "Inner",
                  "Startup Cost": 86144.23,
                  "Total Cost": 132340.18,
                  "Plan Rows": 670452,
                  "Plan Width": 0,
                  "Actual Startup Time": 583.09,
                  "Actual Total Time": 1267.052,
                  "Actual Rows": 6218850,
                  "Actual Loops": 4,
                  "Inner Unique": false,
                  "Hash Cond": "(mk.movie_id = t.id)",
                  "Plans": [
                    {
                      "Node Type": "Seq Scan",
                      "Parent Relationship": "Outer",
                      "Parallel Aware": true,
                      "Relation Name": "movie_keyword",
                      "Alias": "mk",
                      "Startup Cost": 0.0,
                      "Total Cost": 39047.32,
                      "Plan Rows": 1459332,
                      "Plan Width": 4,
                      "Actual Startup Time": 0.03,
                      "Actual Total Time": 95.691,
                      "Actual Rows": 1130982,
                      "Actual Loops": 4
                    },
                    {
                      "Node Type": "Hash",
                      "Parent Relationship": "Inner",
                      "Parallel Aware": true,
                      "Startup Cost": 82514.36,
                      "Total Cost": 82514.36,
                      "Plan Rows": 290390,
                      "Plan Width": 8,
                      "Actual Startup Time": 575.238,
                      "Actual Total Time": 575.94,
                      "Actual Rows": 270964,
                      "Actual Loops": 4,
                      "Hash Buckets": 2097152,
                      "Original Hash Buckets": 2097152,
                      "Hash Batches": 1,
                      "Original Hash Batches": 1,
                      "Peak Memory Usage": 58848,
                      "Plans": [
                        {
                          "Node Type": "Hash Join",
                          "Parent Relationship": "Outer",
                          "Parallel Aware": true,
                          "Join Type": "Inner",
                          "Startup Cost": 36098.52,
                          "Total Cost": 82514.36,
                          "Plan Rows": 290390,
                          "Plan Width": 8,
                          "Actual Startup Time": 186.967,
                          "Actual Total Time": 487.52,
                          "Actual Rows": 270964,
                          "Actual Loops": 4,
                          "Inner Unique": false,
                          "Hash Cond": "(t.id = mc.movie_id)",
                          "Plans": [
                            {
                              "Node Type": "Seq Scan",
                              "Parent Relationship": "Outer",
                              "Parallel Aware": true,
                              "Relation Name": "title",
                              "Alias": "t",
                              "Startup Cost": 0.0,
                              "Total Cost": 42318.73,
                              "Plan Rows": 632073,
                              "Plan Width": 4,
                              "Actual Startup Time": 0.014,
                              "Actual Total Time": 84.431,
                              "Actual Rows": 632078,
                              "Actual Loops": 4
                            },
                            {
                              "Node Type": "Hash",
                              "Parent Relationship": "Inner",
                              "Parallel Aware": true,
                              "Startup Cost": 31414.82,
                              "Total Cost": 31414.82,
                              "Plan Rows": 374696,
                              "Plan Width": 4,
                              "Actual Startup Time": 182.657,
                              "Actual Total Time": 182.658,
                              "Actual Rows": 270964,
                              "Actual Loops": 4,
                              "Hash Buckets": 2097152,
                              "Original Hash Buckets": 2097152,
                              "Hash Batches": 1,
                              "Original Hash Batches": 1,
                              "Peak Memory Usage": 58848,
                              "Plans": [
                                {
                                  "Node Type": "Seq Scan",
                                  "Parent Relationship": "Outer",
                                  "Parallel Aware": true,
                                  "Relation Name": "movie_companies",
                                  "Alias": "mc",
                                  "Startup Cost": 0.0,
                                  "Total Cost": 31414.82,
                                  "Plan Rows": 374696,
                                  "Plan Width": 4,
                                  "Actual Startup Time": 0.084,
                                  "Actual Total Time": 89.638,
                                  "Actual Rows": 270964,
                                  "Actual Loops": 4,
                                  "Filter": "((company_id > 115) AND (company_type_id < 2))",
                                  "Rows Removed by Filter": 381318
                                }
                              ]
                            }
                          ]
                        }
                      ]
                    }
                  ]
                }
              ]
            }
          ]
        }
      ]
    },
    "Planning Time": 1.477,
    "Triggers": [],
    "Execution Time": 1571.196
  }
]