[
    {
        "Bao": {
            "Bao prediction": "NaN",
            "Bao recommended hint": "(no hint)"
        }
    },
    {
        "Plan": {
            "Node Type": "Aggregate",
            "Strategy": "Plain",
            "Partial Mode": "Finalize",
            "Parallel Aware": false,
            "Startup Cost": 599865.76,
            "Total Cost": 599865.77,
            "Plan Rows": 1,
            "Plan Width": 8,
            "Actual Startup Time": 1843.048,
            "Actual Total Time": 1877.385,
            "Actual Rows": 1,
            "Actual Loops": 1,
            "Output": [
                "count(*)"
            ],
            "Plans": [
                {
                    "Node Type": "Gather",
                    "Parent Relationship": "Outer",
                    "Parallel Aware": false,
                    "Startup Cost": 599865.13,
                    "Total Cost": 599865.74,
                    "Plan Rows": 6,
                    "Plan Width": 8,
                    "Actual Startup Time": 1816.264,
                    "Actual Total Time": 1877.375,
                    "Actual Rows": 7,
                    "Actual Loops": 1,
                    "Output": [
                        "(PARTIAL count(*))"
                    ],
                    "Workers Planned": 6,
                    "Workers Launched": 6,
                    "Single Copy": false,
                    "Plans": [
                        {
                            "Node Type": "Aggregate",
                            "Strategy": "Plain",
                            "Partial Mode": "Partial",
                            "Parent Relationship": "Outer",
                            "Parallel Aware": false,
                            "Startup Cost": 598865.13,
                            "Total Cost": 598865.14,
                            "Plan Rows": 1,
                            "Plan Width": 8,
                            "Actual Startup Time": 1800.681,
                            "Actual Total Time": 1800.687,
                            "Actual Rows": 1,
                            "Actual Loops": 7,
                            "Output": [
                                "PARTIAL count(*)"
                            ],
                            "Workers": [
                                {
                                    "Worker Number": 0,
                                    "Actual Startup Time": 1798.097,
                                    "Actual Total Time": 1798.103,
                                    "Actual Rows": 1,
                                    "Actual Loops": 1
                                },
                                {
                                    "Worker Number": 1,
                                    "Actual Startup Time": 1798.082,
                                    "Actual Total Time": 1798.089,
                                    "Actual Rows": 1,
                                    "Actual Loops": 1
                                },
                                {
                                    "Worker Number": 2,
                                    "Actual Startup Time": 1798.24,
                                    "Actual Total Time": 1798.244,
                                    "Actual Rows": 1,
                                    "Actual Loops": 1
                                },
                                {
                                    "Worker Number": 3,
                                    "Actual Startup Time": 1798.406,
                                    "Actual Total Time": 1798.412,
                                    "Actual Rows": 1,
                                    "Actual Loops": 1
                                },
                                {
                                    "Worker Number": 4,
                                    "Actual Startup Time": 1797.958,
                                    "Actual Total Time": 1797.964,
                                    "Actual Rows": 1,
                                    "Actual Loops": 1
                                },
                                {
                                    "Worker Number": 5,
                                    "Actual Startup Time": 1798.385,
                                    "Actual Total Time": 1798.389,
                                    "Actual Rows": 1,
                                    "Actual Loops": 1
                                }
                            ],
                            "Plans": [
                                {
                                    "Node Type": "Hash Join",
                                    "Parent Relationship": "Outer",
                                    "Parallel Aware": true,
                                    "Join Type": "Inner",
                                    "Startup Cost": 243797.86,
                                    "Total Cost": 596224.96,
                                    "Plan Rows": 1056068,
                                    "Plan Width": 0,
                                    "Actual Startup Time": 641.911,
                                    "Actual Total Time": 1737.65,
                                    "Actual Rows": 1009193,
                                    "Actual Loops": 7,
                                    "Inner Unique": false,
                                    "Hash Cond": "(ci.movie_id = t.id)",
                                    "Workers": [
                                        {
                                            "Worker Number": 0,
                                            "Actual Startup Time": 639.689,
                                            "Actual Total Time": 1732.934,
                                            "Actual Rows": 964933,
                                            "Actual Loops": 1
                                        },
                                        {
                                            "Worker Number": 1,
                                            "Actual Startup Time": 639.518,
                                            "Actual Total Time": 1733.701,
                                            "Actual Rows": 951966,
                                            "Actual Loops": 1
                                        },
                                        {
                                            "Worker Number": 2,
                                            "Actual Startup Time": 639.68,
                                            "Actual Total Time": 1734.32,
                                            "Actual Rows": 946020,
                                            "Actual Loops": 1
                                        },
                                        {
                                            "Worker Number": 3,
                                            "Actual Startup Time": 639.768,
                                            "Actual Total Time": 1734.797,
                                            "Actual Rows": 923817,
                                            "Actual Loops": 1
                                        },
                                        {
                                            "Worker Number": 4,
                                            "Actual Startup Time": 639.355,
                                            "Actual Total Time": 1742.223,
                                            "Actual Rows": 1335973,
                                            "Actual Loops": 1
                                        },
                                        {
                                            "Worker Number": 5,
                                            "Actual Startup Time": 639.713,
                                            "Actual Total Time": 1734.77,
                                            "Actual Rows": 941485,
                                            "Actual Loops": 1
                                        }
                                    ],
                                    "Plans": [
                                        {
                                            "Node Type": "Index Scan",
                                            "Parent Relationship": "Outer",
                                            "Parallel Aware": true,
                                            "Scan Direction": "Forward",
                                            "Index Name": "role_id_cast_info",
                                            "Relation Name": "cast_info",
                                            "Schema": "public",
                                            "Alias": "ci",
                                            "Startup Cost": 0.56,
                                            "Total Cost": 342814.42,
                                            "Plan Rows": 2000294,
                                            "Plan Width": 4,
                                            "Actual Startup Time": 65.267,
                                            "Actual Total Time": 495.664,
                                            "Actual Rows": 1589269,
                                            "Actual Loops": 7,
                                            "Output": [
                                                "ci.id",
                                                "ci.person_id",
                                                "ci.movie_id",
                                                "ci.person_role_id",
                                                "ci.note",
                                                "ci.nr_order",
                                                "ci.role_id"
                                            ],
                                            "Index Cond": "(ci.role_id = 1)",
                                            "Rows Removed by Index Recheck": 0,
                                            "Filter": "(ci.person_id > 212301)",
                                            "Rows Removed by Filter": 220829,
                                            "Workers": [
                                                {
                                                    "Worker Number": 0,
                                                    "Actual Startup Time": 65.389,
                                                    "Actual Total Time": 507.958,
                                                    "Actual Rows": 1499941,
                                                    "Actual Loops": 1
                                                },
                                                {
                                                    "Worker Number": 1,
                                                    "Actual Startup Time": 65.269,
                                                    "Actual Total Time": 504.232,
                                                    "Actual Rows": 1492140,
                                                    "Actual Loops": 1
                                                },
                                                {
                                                    "Worker Number": 2,
                                                    "Actual Startup Time": 65.265,
                                                    "Actual Total Time": 504.822,
                                                    "Actual Rows": 1489411,
                                                    "Actual Loops": 1
                                                },
                                                {
                                                    "Worker Number": 3,
                                                    "Actual Startup Time": 65.263,
                                                    "Actual Total Time": 502.24,
                                                    "Actual Rows": 1454283,
                                                    "Actual Loops": 1
                                                },
                                                {
                                                    "Worker Number": 4,
                                                    "Actual Startup Time": 65.252,
                                                    "Actual Total Time": 476.956,
                                                    "Actual Rows": 2123317,
                                                    "Actual Loops": 1
                                                },
                                                {
                                                    "Worker Number": 5,
                                                    "Actual Startup Time": 65.214,
                                                    "Actual Total Time": 500.103,
                                                    "Actual Rows": 1475372,
                                                    "Actual Loops": 1
                                                }
                                            ]
                                        },
                                        {
                                            "Node Type": "Hash",
                                            "Parent Relationship": "Inner",
                                            "Parallel Aware": true,
                                            "Startup Cost": 240460.18,
                                            "Total Cost": 240460.18,
                                            "Plan Rows": 266969,
                                            "Plan Width": 8,
                                            "Actual Startup Time": 572.128,
                                            "Actual Total Time": 572.132,
                                            "Actual Rows": 189337,
                                            "Actual Loops": 7,
                                            "Output": [
                                                "t.id",
                                                "mi.movie_id"
                                            ],
                                            "Hash Buckets": 2097152,
                                            "Original Hash Buckets": 2097152,
                                            "Hash Batches": 1,
                                            "Original Hash Batches": 1,
                                            "Peak Memory Usage": 68352,
                                            "Workers": [
                                                {
                                                    "Worker Number": 0,
                                                    "Actual Startup Time": 573.477,
                                                    "Actual Total Time": 573.481,
                                                    "Actual Rows": 172804,
                                                    "Actual Loops": 1
                                                },
                                                {
                                                    "Worker Number": 1,
                                                    "Actual Startup Time": 573.532,
                                                    "Actual Total Time": 573.536,
                                                    "Actual Rows": 181588,
                                                    "Actual Loops": 1
                                                },
                                                {
                                                    "Worker Number": 2,
                                                    "Actual Startup Time": 573.719,
                                                    "Actual Total Time": 573.722,
                                                    "Actual Rows": 181303,
                                                    "Actual Loops": 1
                                                },
                                                {
                                                    "Worker Number": 3,
                                                    "Actual Startup Time": 573.728,
                                                    "Actual Total Time": 573.732,
                                                    "Actual Rows": 178693,
                                                    "Actual Loops": 1
                                                },
                                                {
                                                    "Worker Number": 4,
                                                    "Actual Startup Time": 573.444,
                                                    "Actual Total Time": 573.449,
                                                    "Actual Rows": 241505,
                                                    "Actual Loops": 1
                                                },
                                                {
                                                    "Worker Number": 5,
                                                    "Actual Startup Time": 573.688,
                                                    "Actual Total Time": 573.691,
                                                    "Actual Rows": 178720,
                                                    "Actual Loops": 1
                                                }
                                            ],
                                            "Plans": [
                                                {
                                                    "Node Type": "Hash Join",
                                                    "Parent Relationship": "Outer",
                                                    "Parallel Aware": true,
                                                    "Join Type": "Inner",
                                                    "Startup Cost": 74429.28,
                                                    "Total Cost": 240460.18,
                                                    "Plan Rows": 266969,
                                                    "Plan Width": 8,
                                                    "Actual Startup Time": 337.223,
                                                    "Actual Total Time": 475.682,
                                                    "Actual Rows": 189337,
                                                    "Actual Loops": 7,
                                                    "Output": [
                                                        "t.id",
                                                        "mi.movie_id"
                                                    ],
                                                    "Inner Unique": true,
                                                    "Hash Cond": "(mi.movie_id = t.id)",
                                                    "Workers": [
                                                        {
                                                            "Worker Number": 0,
                                                            "Actual Startup Time": 337.044,
                                                            "Actual Total Time": 475.126,
                                                            "Actual Rows": 172804,
                                                            "Actual Loops": 1
                                                        },
                                                        {
                                                            "Worker Number": 1,
                                                            "Actual Startup Time": 337.262,
                                                            "Actual Total Time": 477.572,
                                                            "Actual Rows": 181588,
                                                            "Actual Loops": 1
                                                        },
                                                        {
                                                            "Worker Number": 2,
                                                            "Actual Startup Time": 337.486,
                                                            "Actual Total Time": 475.388,
                                                            "Actual Rows": 181303,
                                                            "Actual Loops": 1
                                                        },
                                                        {
                                                            "Worker Number": 3,
                                                            "Actual Startup Time": 337.41,
                                                            "Actual Total Time": 474.882,
                                                            "Actual Rows": 178693,
                                                            "Actual Loops": 1
                                                        },
                                                        {
                                                            "Worker Number": 4,
                                                            "Actual Startup Time": 336.771,
                                                            "Actual Total Time": 474.201,
                                                            "Actual Rows": 241505,
                                                            "Actual Loops": 1
                                                        },
                                                        {
                                                            "Worker Number": 5,
                                                            "Actual Startup Time": 337.194,
                                                            "Actual Total Time": 475.327,
                                                            "Actual Rows": 178720,
                                                            "Actual Loops": 1
                                                        }
                                                    ],
                                                    "Plans": [
                                                        {
                                                            "Node Type": "Bitmap Heap Scan",
                                                            "Parent Relationship": "Outer",
                                                            "Parallel Aware": true,
                                                            "Relation Name": "movie_info",
                                                            "Schema": "public",
                                                            "Alias": "mi",
                                                            "Startup Cost": 24209.48,
                                                            "Total Cost": 189539.59,
                                                            "Plan Rows": 266969,
                                                            "Plan Width": 4,
                                                            "Actual Startup Time": 47.505,
                                                            "Actual Total Time": 78.169,
                                                            "Actual Rows": 189337,
                                                            "Actual Loops": 7,
                                                            "Output": [
                                                                "mi.id",
                                                                "mi.movie_id",
                                                                "mi.info_type_id",
                                                                "mi.info",
                                                                "mi.note"
                                                            ],
                                                            "Recheck Cond": "(mi.info_type_id = 8)",
                                                            "Rows Removed by Index Recheck": 0,
                                                            "Exact Heap Blocks": 1130,
                                                            "Lossy Heap Blocks": 0,
                                                            "Workers": [
                                                                {
                                                                    "Worker Number": 0,
                                                                    "Actual Startup Time": 47.368,
                                                                    "Actual Total Time": 78.95,
                                                                    "Actual Rows": 172804,
                                                                    "Actual Loops": 1
                                                                },
                                                                {
                                                                    "Worker Number": 1,
                                                                    "Actual Startup Time": 47.555,
                                                                    "Actual Total Time": 79.369,
                                                                    "Actual Rows": 181588,
                                                                    "Actual Loops": 1
                                                                },
                                                                {
                                                                    "Worker Number": 2,
                                                                    "Actual Startup Time": 47.671,
                                                                    "Actual Total Time": 79.569,
                                                                    "Actual Rows": 181303,
                                                                    "Actual Loops": 1
                                                                },
                                                                {
                                                                    "Worker Number": 3,
                                                                    "Actual Startup Time": 47.705,
                                                                    "Actual Total Time": 79.301,
                                                                    "Actual Rows": 178693,
                                                                    "Actual Loops": 1
                                                                },
                                                                {
                                                                    "Worker Number": 4,
                                                                    "Actual Startup Time": 47.249,
                                                                    "Actual Total Time": 75.271,
                                                                    "Actual Rows": 241505,
                                                                    "Actual Loops": 1
                                                                },
                                                                {
                                                                    "Worker Number": 5,
                                                                    "Actual Startup Time": 47.406,
                                                                    "Actual Total Time": 79.207,
                                                                    "Actual Rows": 178720,
                                                                    "Actual Loops": 1
                                                                }
                                                            ],
                                                            "Plans": [
                                                                {
                                                                    "Node Type": "Bitmap Index Scan",
                                                                    "Parent Relationship": "Outer",
                                                                    "Parallel Aware": false,
                                                                    "Index Name": "info_type_id_movie_info",
                                                                    "Startup Cost": 0.0,
                                                                    "Total Cost": 23875.77,
                                                                    "Plan Rows": 1334844,
                                                                    "Plan Width": 0,
                                                                    "Actual Startup Time": 46.121,
                                                                    "Actual Total Time": 46.122,
                                                                    "Actual Rows": 1325361,
                                                                    "Actual Loops": 1,
                                                                    "Index Cond": "(mi.info_type_id = 8)",
                                                                    "Workers": [
                                                                        {
                                                                            "Worker Number": 4,
                                                                            "Actual Startup Time": 46.121,
                                                                            "Actual Total Time": 46.122,
                                                                            "Actual Rows": 1325361,
                                                                            "Actual Loops": 1
                                                                        }
                                                                    ]
                                                                }
                                                            ]
                                                        },
                                                        {
                                                            "Node Type": "Hash",
                                                            "Parent Relationship": "Inner",
                                                            "Parallel Aware": true,
                                                            "Startup Cost": 42318.81,
                                                            "Total Cost": 42318.81,
                                                            "Plan Rows": 632080,
                                                            "Plan Width": 4,
                                                            "Actual Startup Time": 284.735,
                                                            "Actual Total Time": 284.737,
                                                            "Actual Rows": 361187,
                                                            "Actual Loops": 7,
                                                            "Output": [
                                                                "t.id"
                                                            ],
                                                            "Hash Buckets": 4194304,
                                                            "Original Hash Buckets": 4194304,
                                                            "Hash Batches": 1,
                                                            "Original Hash Batches": 1,
                                                            "Peak Memory Usage": 131808,
                                                            "Workers": [
                                                                {
                                                                    "Worker Number": 0,
                                                                    "Actual Startup Time": 289.424,
                                                                    "Actual Total Time": 289.425,
                                                                    "Actual Rows": 325673,
                                                                    "Actual Loops": 1
                                                                },
                                                                {
                                                                    "Worker Number": 1,
                                                                    "Actual Startup Time": 289.619,
                                                                    "Actual Total Time": 289.62,
                                                                    "Actual Rows": 338400,
                                                                    "Actual Loops": 1
                                                                },
                                                                {
                                                                    "Worker Number": 2,
                                                                    "Actual Startup Time": 289.556,
                                                                    "Actual Total Time": 289.556,
                                                                    "Actual Rows": 335427,
                                                                    "Actual Loops": 1
                                                                },
                                                                {
                                                                    "Worker Number": 3,
                                                                    "Actual Startup Time": 289.56,
                                                                    "Actual Total Time": 289.562,
                                                                    "Actual Rows": 332404,
                                                                    "Actual Loops": 1
                                                                },
                                                                {
                                                                    "Worker Number": 4,
                                                                    "Actual Startup Time": 289.377,
                                                                    "Actual Total Time": 289.378,
                                                                    "Actual Rows": 430131,
                                                                    "Actual Loops": 1
                                                                },
                                                                {
                                                                    "Worker Number": 5,
                                                                    "Actual Startup Time": 289.526,
                                                                    "Actual Total Time": 289.527,
                                                                    "Actual Rows": 332633,
                                                                    "Actual Loops": 1
                                                                }
                                                            ],
                                                            "Plans": [
                                                                {
                                                                    "Node Type": "Seq Scan",
                                                                    "Parent Relationship": "Outer",
                                                                    "Parallel Aware": true,
                                                                    "Relation Name": "title",
                                                                    "Schema": "public",
                                                                    "Alias": "t",
                                                                    "Startup Cost": 0.0,
                                                                    "Total Cost": 42318.81,
                                                                    "Plan Rows": 632080,
                                                                    "Plan Width": 4,
                                                                    "Actual Startup Time": 0.04,
                                                                    "Actual Total Time": 80.967,
                                                                    "Actual Rows": 361187,
                                                                    "Actual Loops": 7,
                                                                    "Output": [
                                                                        "t.id"
                                                                    ],
                                                                    "Workers": [
                                                                        {
                                                                            "Worker Number": 0,
                                                                            "Actual Startup Time": 0.047,
                                                                            "Actual Total Time": 84.231,
                                                                            "Actual Rows": 325673,
                                                                            "Actual Loops": 1
                                                                        },
                                                                        {
                                                                            "Worker Number": 1,
                                                                            "Actual Startup Time": 0.039,
                                                                            "Actual Total Time": 84.792,
                                                                            "Actual Rows": 338400,
                                                                            "Actual Loops": 1
                                                                        },
                                                                        {
                                                                            "Worker Number": 2,
                                                                            "Actual Startup Time": 0.057,
                                                                            "Actual Total Time": 85.158,
                                                                            "Actual Rows": 335427,
                                                                            "Actual Loops": 1
                                                                        },
                                                                        {
                                                                            "Worker Number": 3,
                                                                            "Actual Startup Time": 0.039,
                                                                            "Actual Total Time": 84.076,
                                                                            "Actual Rows": 332404,
                                                                            "Actual Loops": 1
                                                                        },
                                                                        {
                                                                            "Worker Number": 4,
                                                                            "Actual Startup Time": 0.054,
                                                                            "Actual Total Time": 77.004,
                                                                            "Actual Rows": 430131,
                                                                            "Actual Loops": 1
                                                                        },
                                                                        {
                                                                            "Worker Number": 5,
                                                                            "Actual Startup Time": 0.031,
                                                                            "Actual Total Time": 84.383,
                                                                            "Actual Rows": 332633,
                                                                            "Actual Loops": 1
                                                                        }
                                                                    ]
                                                                }
                                                            ]
                                                        }
                                                    ]
                                                }
                                            ]
                                        }
                                    ]
                                }
                            ]
                        }
                    ]
                }
            ]
        },
        "Planning Time": 271.184,
        "Triggers": [],
        "Execution Time": 1877.496
    }
]