[
  {
    "Plan": {
      "Node Type": "Aggregate",
      "Strategy": "Plain",
      "Partial Mode": "Finalize",
      "Parallel Aware": false,
      "Startup Cost": 203305.74,
      "Total Cost": 203305.75,
      "Plan Rows": 1,
      "Plan Width": 8,
      "Actual Startup Time": 257.513,
      "Actual Total Time": 278.099,
      "Actual Rows": 1,
      "Actual Loops": 1,
      "Plans": [
        {
          "Node Type": "Gather",
          "Parent Relationship": "Outer",
          "Parallel Aware": false,
          "Startup Cost": 203305.11,
          "Total Cost": 203305.72,
          "Plan Rows": 6,
          "Plan Width": 8,
          "Actual Startup Time": 257.388,
          "Actual Total Time": 278.088,
          "Actual Rows": 7,
          "Actual Loops": 1,
          "Workers Planned": 6,
          "Workers Launched": 6,
          "Single Copy": false,
          "Plans": [
            {
              "Node Type": "Aggregate",
              "Strategy": "Plain",
              "Partial Mode": "Partial",
              "Parent Relationship": "Outer",
              "Parallel Aware": false,
              "Startup Cost": 202305.11,
              "Total Cost": 202305.12,
              "Plan Rows": 1,
              "Plan Width": 8,
              "Actual Startup Time": 248.81,
              "Actual Total Time": 248.812,
              "Actual Rows": 1,
              "Actual Loops": 7,
              "Plans": [
                {
                  "Node Type": "Index Scan",
                  "Parent Relationship": "Outer",
                  "Parallel Aware": true,
                  "Scan Direction": "Forward",
                  "Index Name": "role_id_cast_info",
                  "Relation Name": "cast_info",
                  "Alias": "ci",
                  "Startup Cost": 0.56,
                  "Total Cost": 201884.69,
                  "Plan Rows": 168168,
                  "Plan Width": 0,
                  "Actual Startup Time": 11.528,
                  "Actual Total Time": 248.785,
                  "Actual Rows": 184,
                  "Actual Loops": 7,
                  "Index Cond": "(role_id = 2)",
                  "Rows Removed by Index Recheck": 0,
                  "Filter": "(person_id < 488076)",
                  "Rows Removed by Filter": 1064384
                }
              ]
            }
          ]
        }
      ]
    },
    "Planning Time": 0.115,
    "Triggers": [],
    "Execution Time": 278.139
  }
]