[
  {
    "Plan": {
      "Node Type": "Aggregate",
      "Strategy": "Plain",
      "Partial Mode": "Finalize",
      "Parallel Aware": false,
      "Startup Cost": 199291.59,
      "Total Cost": 199291.6,
      "Plan Rows": 1,
      "Plan Width": 8,
      "Actual Startup Time": 238.416,
      "Actual Total Time": 253.521,
      "Actual Rows": 1,
      "Actual Loops": 1,
      "Plans": [
        {
          "Node Type": "Gather",
          "Parent Relationship": "Outer",
          "Parallel Aware": false,
          "Startup Cost": 199290.97,
          "Total Cost": 199291.58,
          "Plan Rows": 6,
          "Plan Width": 8,
          "Actual Startup Time": 238.324,
          "Actual Total Time": 253.506,
          "Actual Rows": 7,
          "Actual Loops": 1,
          "Workers Planned": 6,
          "Workers Launched": 6,
          "Single Copy": false,
          "Plans": [
            {
              "Node Type": "Aggregate",
              "Strategy": "Plain",
              "Partial Mode": "Partial",
              "Parent Relationship": "Outer",
              "Parallel Aware": false,
              "Startup Cost": 198290.97,
              "Total Cost": 198290.98,
              "Plan Rows": 1,
              "Plan Width": 8,
              "Actual Startup Time": 229.436,
              "Actual Total Time": 229.437,
              "Actual Rows": 1,
              "Actual Loops": 7,
              "Plans": [
                {
                  "Node Type": "Index Scan",
                  "Parent Relationship": "Outer",
                  "Parallel Aware": true,
                  "Scan Direction": "Forward",
                  "Index Name": "role_id_cast_info",
                  "Relation Name": "cast_info",
                  "Alias": "ci",
                  "Startup Cost": 0.56,
                  "Total Cost": 197877.72,
                  "Plan Rows": 165298,
                  "Plan Width": 0,
                  "Actual Startup Time": 7.772,
                  "Actual Total Time": 229.413,
                  "Actual Rows": 184,
                  "Actual Loops": 7,
                  "Index Cond": "(role_id = 2)",
                  "Rows Removed by Index Recheck": 0,
                  "Filter": "(person_id < 488076)",
                  "Rows Removed by Filter": 1064384
                }
              ]
            }
          ]
        }
      ]
    },
    "Planning Time": 0.229,
    "Triggers": [],
    "Execution Time": 253.586
  }
]