[
  {
    "Plan": {
      "Node Type": "Aggregate",
      "Strategy": "Plain",
      "Partial Mode": "Finalize",
      "Parallel Aware": false,
      "Startup Cost": 29738.84,
      "Total Cost": 29738.85,
      "Plan Rows": 1,
      "Plan Width": 8,
      "Actual Startup Time": 97.073,
      "Actual Total Time": 105.399,
      "Actual Rows": 1,
      "Actual Loops": 1,
      "Plans": [
        {
          "Node Type": "Gather",
          "Parent Relationship": "Outer",
          "Parallel Aware": false,
          "Startup Cost": 29738.52,
          "Total Cost": 29738.83,
          "Plan Rows": 3,
          "Plan Width": 8,
          "Actual Startup Time": 96.719,
          "Actual Total Time": 105.38,
          "Actual Rows": 4,
          "Actual Loops": 1,
          "Workers Planned": 3,
          "Workers Launched": 3,
          "Single Copy": false,
          "Plans": [
            {
              "Node Type": "Aggregate",
              "Strategy": "Plain",
              "Partial Mode": "Partial",
              "Parent Relationship": "Outer",
              "Parallel Aware": false,
              "Startup Cost": 28738.52,
              "Total Cost": 28738.53,
              "Plan Rows": 1,
              "Plan Width": 8,
              "Actual Startup Time": 91.682,
              "Actual Total Time": 91.684,
              "Actual Rows": 1,
              "Actual Loops": 4,
              "Plans": [
                {
                  "Node Type": "Bitmap Heap Scan",
                  "Parent Relationship": "Outer",
                  "Parallel Aware": true,
                  "Relation Name": "movie_companies",
                  "Alias": "mc",
                  "Startup Cost": 8132.73,
                  "Total Cost": 28435.89,
                  "Plan Rows": 121053,
                  "Plan Width": 0,
                  "Actual Startup Time": 32.285,
                  "Actual Total Time": 85.138,
                  "Actual Rows": 92983,
                  "Actual Loops": 4,
                  "Recheck Cond": "(company_id < 207)",
                  "Rows Removed by Index Recheck": 0,
                  "Exact Heap Blocks": 9574,
                  "Lossy Heap Blocks": 0,
                  "Plans": [
                    {
                      "Node Type": "Bitmap Index Scan",
                      "Parent Relationship": "Outer",
                      "Parallel Aware": false,
                      "Index Name": "company_id_movie_companies",
                      "Startup Cost": 0.0,
                      "Total Cost": 8038.91,
                      "Plan Rows": 375264,
                      "Plan Width": 0,
                      "Actual Startup Time": 34.022,
                      "Actual Total Time": 34.022,
                      "Actual Rows": 371931,
                      "Actual Loops": 1,
                      "Index Cond": "(company_id < 207)"
                    }
                  ]
                }
              ]
            }
          ]
        }
      ]
    },
    "Planning Time": 0.195,
    "Triggers": [],
    "Execution Time": 105.467
  }
]