[
  {
    "Plan": {
      "Node Type": "Aggregate",
      "Strategy": "Plain",
      "Partial Mode": "Finalize",
      "Parallel Aware": false,
      "Startup Cost": 29715.75,
      "Total Cost": 29715.76,
      "Plan Rows": 1,
      "Plan Width": 8,
      "Actual Startup Time": 94.223,
      "Actual Total Time": 101.47,
      "Actual Rows": 1,
      "Actual Loops": 1,
      "Plans": [
        {
          "Node Type": "Gather",
          "Parent Relationship": "Outer",
          "Parallel Aware": false,
          "Startup Cost": 29715.43,
          "Total Cost": 29715.74,
          "Plan Rows": 3,
          "Plan Width": 8,
          "Actual Startup Time": 93.939,
          "Actual Total Time": 101.463,
          "Actual Rows": 4,
          "Actual Loops": 1,
          "Workers Planned": 3,
          "Workers Launched": 3,
          "Single Copy": false,
          "Plans": [
            {
              "Node Type": "Aggregate",
              "Strategy": "Plain",
              "Partial Mode": "Partial",
              "Parent Relationship": "Outer",
              "Parallel Aware": false,
              "Startup Cost": 28715.43,
              "Total Cost": 28715.44,
              "Plan Rows": 1,
              "Plan Width": 8,
              "Actual Startup Time": 85.609,
              "Actual Total Time": 85.61,
              "Actual Rows": 1,
              "Actual Loops": 4,
              "Plans": [
                {
                  "Node Type": "Bitmap Heap Scan",
                  "Parent Relationship": "Outer",
                  "Parallel Aware": true,
                  "Relation Name": "movie_companies",
                  "Alias": "mc",
                  "Startup Cost": 8113.9,
                  "Total Cost": 28413.51,
                  "Plan Rows": 120769,
                  "Plan Width": 0,
                  "Actual Startup Time": 27.89,
                  "Actual Total Time": 78.837,
                  "Actual Rows": 92983,
                  "Actual Loops": 4,
                  "Recheck Cond": "(company_id < 207)",
                  "Rows Removed by Index Recheck": 0,
                  "Exact Heap Blocks": 9053,
                  "Lossy Heap Blocks": 0,
                  "Plans": [
                    {
                      "Node Type": "Bitmap Index Scan",
                      "Parent Relationship": "Outer",
                      "Parallel Aware": false,
                      "Index Name": "company_id_movie_companies",
                      "Startup Cost": 0.0,
                      "Total Cost": 8020.3,
                      "Plan Rows": 374383,
                      "Plan Width": 0,
                      "Actual Startup Time": 32.887,
                      "Actual Total Time": 32.888,
                      "Actual Rows": 371931,
                      "Actual Loops": 1,
                      "Index Cond": "(company_id < 207)"
                    }
                  ]
                }
              ]
            }
          ]
        }
      ]
    },
    "Planning Time": 0.12,
    "Triggers": [],
    "Execution Time": 101.519
  }
]