{
  "Plan": {
    "Node Type": "Aggregate",
    "Strategy": "Plain",
    "Partial Mode": "Finalize",
    "Parallel Aware": false,
    "Startup Cost": 287342.74,
    "Total Cost": 287342.75,
    "Plan Rows": 1,
    "Plan Width": 8,
    "Actual Startup Time": 1374.368,
    "Actual Total Time": 1456.517,
    "Actual Rows": 1,
    "Actual Loops": 1,
    "Plans": [
      {
        "Node Type": "Gather",
        "Parent Relationship": "Outer",
        "Parallel Aware": false,
        "Startup Cost": 287342.63,
        "Total Cost": 287342.74,
        "Plan Rows": 1,
        "Plan Width": 8,
        "Actual Startup Time": 1372.92,
        "Actual Total Time": 1456.504,
        "Actual Rows": 2,
        "Actual Loops": 1,
        "Workers Planned": 1,
        "Workers Launched": 1,
        "Single Copy": false,
        "Plans": [
          {
            "Node Type": "Aggregate",
            "Strategy": "Plain",
            "Partial Mode": "Partial",
            "Parent Relationship": "Outer",
            "Parallel Aware": false,
            "Startup Cost": 286342.63,
            "Total Cost": 286342.64,
            "Plan Rows": 1,
            "Plan Width": 8,
            "Actual Startup Time": 1367.023,
            "Actual Total Time": 1367.03,
            "Actual Rows": 1,
            "Actual Loops": 2,
            "Plans": [
              {
                "Node Type": "Nested Loop",
                "Parent Relationship": "Outer",
                "Parallel Aware": false,
                "Join Type": "Inner",
                "Startup Cost": 57464.65,
                "Total Cost": 284860.71,
                "Plan Rows": 592767,
                "Plan Width": 0,
                "Actual Startup Time": 218.524,
                "Actual Total Time": 1332.783,
                "Actual Rows": 745180,
                "Actual Loops": 2,
                "Inner Unique": false,
                "Join Filter": "(t.id = ci.movie_id)",
                "Rows Removed by Join Filter": 0,
                "Plans": [
                  {
                    "Node Type": "Hash Join",
                    "Parent Relationship": "Outer",
                    "Parallel Aware": true,
                    "Join Type": "Inner",
                    "Startup Cost": 57464.09,
                    "Total Cost": 76248.41,
                    "Plan Rows": 41368,
                    "Plan Width": 8,
                    "Actual Startup Time": 218.434,
                    "Actual Total Time": 360.61,
                    "Actual Rows": 21919,
                    "Actual Loops": 2,
                    "Inner Unique": true,
                    "Hash Cond": "(mi_idx.movie_id = t.id)",
                    "Plans": [
                      {
                        "Node Type": "Seq Scan",
                        "Parent Relationship": "Outer",
                        "Parallel Aware": true,
                        "Relation Name": "movie_info_idx",
                        "Alias": "mi_idx",
                        "Startup Cost": 0.0,
                        "Total Cost": 18082.32,
                        "Plan Rows": 267429,
                        "Plan Width": 4,
                        "Actual Startup Time": 0.021,
                        "Actual Total Time": 54.758,
                        "Actual Rows": 229962,
                        "Actual Loops": 2,
                        "Filter": "(info_type_id = 99)",
                        "Rows Removed by Filter": 460055
                      },
                      {
                        "Node Type": "Hash",
                        "Parent Relationship": "Inner",
                        "Parallel Aware": true,
                        "Startup Cost": 54588.39,
                        "Total Cost": 54588.39,
                        "Plan Rows": 230056,
                        "Plan Width": 4,
                        "Actual Startup Time": 212.518,
                        "Actual Total Time": 212.519,
                        "Actual Rows": 195833,
                        "Actual Loops": 2,
                        "Hash Buckets": 524288,
                        "Original Hash Buckets": 524288,
                        "Hash Batches": 1,
                        "Original Hash Batches": 1,
                        "Peak Memory Usage": 19456,
                        "Plans": [
                          {
                            "Node Type": "Seq Scan",
                            "Parent Relationship": "Outer",
                            "Parallel Aware": true,
                            "Relation Name": "title",
                            "Alias": "t",
                            "Startup Cost": 0.0,
                            "Total Cost": 54588.39,
                            "Plan Rows": 230056,
                            "Plan Width": 4,
                            "Actual Startup Time": 0.037,
                            "Actual Total Time": 152.057,
                            "Actual Rows": 195833,
                            "Actual Loops": 2,
                            "Filter": "(production_year > 2010)",
                            "Rows Removed by Filter": 1068323
                          }
                        ]
                      }
                    ]
                  },
                  {
                    "Node Type": "Index Only Scan",
                    "Parent Relationship": "Inner",
                    "Parallel Aware": false,
                    "Scan Direction": "Forward",
                    "Index Name": "movie_id_cast_info",
                    "Relation Name": "cast_info",
                    "Alias": "ci",
                    "Startup Cost": 0.56,
                    "Total Cost": 4.58,
                    "Plan Rows": 37,
                    "Plan Width": 4,
                    "Actual Startup Time": 0.008,
                    "Actual Total Time": 0.041,
                    "Actual Rows": 34,
                    "Actual Loops": 43838,
                    "Index Cond": "(movie_id = mi_idx.movie_id)",
                    "Rows Removed by Index Recheck": 0,
                    "Heap Fetches": 1490360
                  }
                ]
              }
            ]
          }
        ]
      }
    ]
  },
  "Planning Time": 1.071,
  "Triggers": [],
  "Execution Time": 1456.624
}