{
  "Plan": {
    "Node Type": "Aggregate",
    "Strategy": "Plain",
    "Partial Mode": "Finalize",
    "Parallel Aware": false,
    "Startup Cost": 674259.47,
    "Total Cost": 674259.48,
    "Plan Rows": 1,
    "Plan Width": 8,
    "Actual Startup Time": 5383.834,
    "Actual Total Time": 5450.841,
    "Actual Rows": 1,
    "Actual Loops": 1,
    "Plans": [
      {
        "Node Type": "Gather",
        "Parent Relationship": "Outer",
        "Parallel Aware": false,
        "Startup Cost": 674259.36,
        "Total Cost": 674259.47,
        "Plan Rows": 1,
        "Plan Width": 8,
        "Actual Startup Time": 5378.755,
        "Actual Total Time": 5450.829,
        "Actual Rows": 2,
        "Actual Loops": 1,
        "Workers Planned": 1,
        "Workers Launched": 1,
        "Single Copy": false,
        "Plans": [
          {
            "Node Type": "Aggregate",
            "Strategy": "Plain",
            "Partial Mode": "Partial",
            "Parent Relationship": "Outer",
            "Parallel Aware": false,
            "Startup Cost": 673259.36,
            "Total Cost": 673259.37,
            "Plan Rows": 1,
            "Plan Width": 8,
            "Actual Startup Time": 5371.164,
            "Actual Total Time": 5371.168,
            "Actual Rows": 1,
            "Actual Loops": 2,
            "Plans": [
              {
                "Node Type": "Hash Join",
                "Parent Relationship": "Outer",
                "Parallel Aware": true,
                "Join Type": "Inner",
                "Startup Cost": 68712.06,
                "Total Cost": 659741.15,
                "Plan Rows": 5407286,
                "Plan Width": 0,
                "Actual Startup Time": 435.024,
                "Actual Total Time": 5105.613,
                "Actual Rows": 6619178,
                "Actual Loops": 2,
                "Inner Unique": true,
                "Hash Cond": "(ci.movie_id = t.id)",
                "Plans": [
                  {
                    "Node Type": "Seq Scan",
                    "Parent Relationship": "Outer",
                    "Parallel Aware": true,
                    "Relation Name": "cast_info",
                    "Alias": "ci",
                    "Startup Cost": 0.0,
                    "Total Cost": 572345.93,
                    "Plan Rows": 7117379,
                    "Plan Width": 4,
                    "Actual Startup Time": 0.015,
                    "Actual Total Time": 1721.386,
                    "Actual Rows": 8330746,
                    "Actual Loops": 2,
                    "Filter": "((person_id < 2255740) AND (role_id < 3))",
                    "Rows Removed by Filter": 9791426
                  },
                  {
                    "Node Type": "Hash",
                    "Parent Relationship": "Inner",
                    "Parallel Aware": true,
                    "Startup Cost": 54588.39,
                    "Total Cost": 54588.39,
                    "Plan Rows": 1129894,
                    "Plan Width": 4,
                    "Actual Startup Time": 419.955,
                    "Actual Total Time": 419.956,
                    "Actual Rows": 961424,
                    "Actual Loops": 2,
                    "Hash Buckets": 2097152,
                    "Original Hash Buckets": 2097152,
                    "Hash Batches": 1,
                    "Original Hash Batches": 1,
                    "Peak Memory Usage": 91648,
                    "Plans": [
                      {
                        "Node Type": "Seq Scan",
                        "Parent Relationship": "Outer",
                        "Parallel Aware": true,
                        "Relation Name": "title",
                        "Alias": "t",
                        "Startup Cost": 0.0,
                        "Total Cost": 54588.39,
                        "Plan Rows": 1129894,
                        "Plan Width": 4,
                        "Actual Startup Time": 0.031,
                        "Actual Total Time": 175.428,
                        "Actual Rows": 961424,
                        "Actual Loops": 2,
                        "Filter": "(production_year < 2010)",
                        "Rows Removed by Filter": 302732
                      }
                    ]
                  }
                ]
              }
            ]
          }
        ]
      }
    ]
  },
  "Planning Time": 0.696,
  "Triggers": [],
  "Execution Time": 5450.927
}