[
  {
    "Plan": {
      "Node Type": "Aggregate",
      "Strategy": "Plain",
      "Partial Mode": "Finalize",
      "Parallel Aware": false,
      "Startup Cost": 46774.23,
      "Total Cost": 46774.24,
      "Plan Rows": 1,
      "Plan Width": 8,
      "Actual Startup Time": 180.929,
      "Actual Total Time": 188.407,
      "Actual Rows": 1,
      "Actual Loops": 1,
      "Plans": [
        {
          "Node Type": "Gather",
          "Parent Relationship": "Outer",
          "Parallel Aware": false,
          "Startup Cost": 46773.91,
          "Total Cost": 46774.22,
          "Plan Rows": 3,
          "Plan Width": 8,
          "Actual Startup Time": 180.827,
          "Actual Total Time": 188.399,
          "Actual Rows": 4,
          "Actual Loops": 1,
          "Workers Planned": 3,
          "Workers Launched": 3,
          "Single Copy": false,
          "Plans": [
            {
              "Node Type": "Aggregate",
              "Strategy": "Plain",
              "Partial Mode": "Partial",
              "Parent Relationship": "Outer",
              "Parallel Aware": false,
              "Startup Cost": 45773.91,
              "Total Cost": 45773.92,
              "Plan Rows": 1,
              "Plan Width": 8,
              "Actual Startup Time": 172.568,
              "Actual Total Time": 172.57,
              "Actual Rows": 1,
              "Actual Loops": 4,
              "Plans": [
                {
                  "Node Type": "Seq Scan",
                  "Parent Relationship": "Outer",
                  "Parallel Aware": true,
                  "Relation Name": "movie_keyword",
                  "Alias": "mk",
                  "Startup Cost": 0.0,
                  "Total Cost": 42695.65,
                  "Plan Rows": 1231303,
                  "Plan Width": 0,
                  "Actual Startup Time": 0.055,
                  "Actual Total Time": 126.077,
                  "Actual Rows": 955052,
                  "Actual Loops": 4,
                  "Filter": "(keyword_id < 26823)",
                  "Rows Removed by Filter": 175930
                }
              ]
            }
          ]
        }
      ]
    },
    "Planning Time": 0.152,
    "Triggers": [],
    "Execution Time": 188.456
  }
]