[
  {
    "Plan": {
      "Node Type": "Aggregate",
      "Strategy": "Plain",
      "Partial Mode": "Finalize",
      "Parallel Aware": false,
      "Startup Cost": 46769.79,
      "Total Cost": 46769.8,
      "Plan Rows": 1,
      "Plan Width": 8,
      "Actual Startup Time": 192.667,
      "Actual Total Time": 202.491,
      "Actual Rows": 1,
      "Actual Loops": 1,
      "Plans": [
        {
          "Node Type": "Gather",
          "Parent Relationship": "Outer",
          "Parallel Aware": false,
          "Startup Cost": 46769.48,
          "Total Cost": 46769.79,
          "Plan Rows": 3,
          "Plan Width": 8,
          "Actual Startup Time": 192.544,
          "Actual Total Time": 202.482,
          "Actual Rows": 4,
          "Actual Loops": 1,
          "Workers Planned": 3,
          "Workers Launched": 3,
          "Single Copy": false,
          "Plans": [
            {
              "Node Type": "Aggregate",
              "Strategy": "Plain",
              "Partial Mode": "Partial",
              "Parent Relationship": "Outer",
              "Parallel Aware": false,
              "Startup Cost": 45769.48,
              "Total Cost": 45769.49,
              "Plan Rows": 1,
              "Plan Width": 8,
              "Actual Startup Time": 186.77,
              "Actual Total Time": 186.771,
              "Actual Rows": 1,
              "Actual Loops": 4,
              "Plans": [
                {
                  "Node Type": "Seq Scan",
                  "Parent Relationship": "Outer",
                  "Parallel Aware": true,
                  "Relation Name": "movie_keyword",
                  "Alias": "mk",
                  "Startup Cost": 0.0,
                  "Total Cost": 42695.65,
                  "Plan Rows": 1229529,
                  "Plan Width": 0,
                  "Actual Startup Time": 0.066,
                  "Actual Total Time": 138.527,
                  "Actual Rows": 955052,
                  "Actual Loops": 4,
                  "Filter": "(keyword_id < 26823)",
                  "Rows Removed by Filter": 175930
                }
              ]
            }
          ]
        }
      ]
    },
    "Planning Time": 0.149,
    "Triggers": [],
    "Execution Time": 202.536
  }
]