[
  {
    "Plan": {
      "Node Type": "Aggregate",
      "Strategy": "Plain",
      "Partial Mode": "Finalize",
      "Parallel Aware": false,
      "Startup Cost": 77666.43,
      "Total Cost": 77666.44,
      "Plan Rows": 1,
      "Plan Width": 8,
      "Actual Startup Time": 321.051,
      "Actual Total Time": 339.562,
      "Actual Rows": 1,
      "Actual Loops": 1,
      "Plans": [
        {
          "Node Type": "Gather",
          "Parent Relationship": "Outer",
          "Parallel Aware": false,
          "Startup Cost": 77666.11,
          "Total Cost": 77666.42,
          "Plan Rows": 3,
          "Plan Width": 8,
          "Actual Startup Time": 319.515,
          "Actual Total Time": 339.551,
          "Actual Rows": 4,
          "Actual Loops": 1,
          "Workers Planned": 3,
          "Workers Launched": 3,
          "Single Copy": false,
          "Plans": [
            {
              "Node Type": "Aggregate",
              "Strategy": "Plain",
              "Partial Mode": "Partial",
              "Parent Relationship": "Outer",
              "Parallel Aware": false,
              "Startup Cost": 76666.11,
              "Total Cost": 76666.12,
              "Plan Rows": 1,
              "Plan Width": 8,
              "Actual Startup Time": 313.299,
              "Actual Total Time": 313.302,
              "Actual Rows": 1,
              "Actual Loops": 4,
              "Plans": [
                {
                  "Node Type": "Hash Join",
                  "Parent Relationship": "Outer",
                  "Parallel Aware": true,
                  "Join Type": "Inner",
                  "Startup Cost": 46877.86,
                  "Total Cost": 76293.75,
                  "Plan Rows": 148945,
                  "Plan Width": 0,
                  "Actual Startup Time": 164.765,
                  "Actual Total Time": 306.118,
                  "Actual Rows": 150976,
                  "Actual Loops": 4,
                  "Inner Unique": true,
                  "Hash Cond": "(mc.movie_id = t.id)",
                  "Plans": [
                    {
                      "Node Type": "Seq Scan",
                      "Parent Relationship": "Outer",
                      "Parallel Aware": true,
                      "Relation Name": "movie_companies",
                      "Alias": "mc",
                      "Startup Cost": 0.0,
                      "Total Cost": 27206.55,
                      "Plan Rows": 841655,
                      "Plan Width": 4,
                      "Actual Startup Time": 0.009,
                      "Actual Total Time": 60.834,
                      "Actual Rows": 652282,
                      "Actual Loops": 4
                    },
                    {
                      "Node Type": "Hash",
                      "Parent Relationship": "Inner",
                      "Parallel Aware": true,
                      "Startup Cost": 45479.59,
                      "Total Cost": 45479.59,
                      "Plan Rows": 111862,
                      "Plan Width": 4,
                      "Actual Startup Time": 132.94,
                      "Actual Total Time": 132.941,
                      "Actual Rows": 81272,
                      "Actual Loops": 4,
                      "Hash Buckets": 524288,
                      "Original Hash Buckets": 524288,
                      "Hash Batches": 1,
                      "Original Hash Batches": 1,
                      "Peak Memory Usage": 16864,
                      "Plans": [
                        {
                          "Node Type": "Seq Scan",
                          "Parent Relationship": "Outer",
                          "Parallel Aware": true,
                          "Relation Name": "title",
                          "Alias": "t",
                          "Startup Cost": 0.0,
                          "Total Cost": 45479.59,
                          "Plan Rows": 111862,
                          "Plan Width": 4,
                          "Actual Startup Time": 47.338,
                          "Actual Total Time": 104.573,
                          "Actual Rows": 81272,
                          "Actual Loops": 4,
                          "Filter": "((production_year > 1992) AND (kind_id = 1))",
                          "Rows Removed by Filter": 550806
                        }
                      ]
                    }
                  ]
                }
              ]
            }
          ]
        }
      ]
    },
    "Planning Time": 0.569,
    "Triggers": [],
    "Execution Time": 339.636
  }
]