{
  "Plan": {
    "Node Type": "Aggregate",
    "Strategy": "Plain",
    "Partial Mode": "Finalize",
    "Parallel Aware": false,
    "Startup Cost": 394480.3,
    "Total Cost": 394480.31,
    "Plan Rows": 1,
    "Plan Width": 8,
    "Actual Startup Time": 2251.035,
    "Actual Total Time": 2271.987,
    "Actual Rows": 1,
    "Actual Loops": 1,
    "Plans": [
      {
        "Node Type": "Gather",
        "Parent Relationship": "Outer",
        "Parallel Aware": false,
        "Startup Cost": 394480.19,
        "Total Cost": 394480.3,
        "Plan Rows": 1,
        "Plan Width": 8,
        "Actual Startup Time": 2244.347,
        "Actual Total Time": 2271.98,
        "Actual Rows": 2,
        "Actual Loops": 1,
        "Workers Planned": 1,
        "Workers Launched": 1,
        "Single Copy": false,
        "Plans": [
          {
            "Node Type": "Aggregate",
            "Strategy": "Plain",
            "Partial Mode": "Partial",
            "Parent Relationship": "Outer",
            "Parallel Aware": false,
            "Startup Cost": 393480.19,
            "Total Cost": 393480.2,
            "Plan Rows": 1,
            "Plan Width": 8,
            "Actual Startup Time": 2238.173,
            "Actual Total Time": 2238.178,
            "Actual Rows": 1,
            "Actual Loops": 2,
            "Plans": [
              {
                "Node Type": "Merge Join",
                "Parent Relationship": "Outer",
                "Parallel Aware": false,
                "Join Type": "Inner",
                "Startup Cost": 249205.86,
                "Total Cost": 392138.8,
                "Plan Rows": 536557,
                "Plan Width": 0,
                "Actual Startup Time": 1333.367,
                "Actual Total Time": 2114.224,
                "Actual Rows": 3095164,
                "Actual Loops": 2,
                "Inner Unique": false,
                "Merge Cond": "(mc.movie_id = t.id)",
                "Plans": [
                  {
                    "Node Type": "Index Only Scan",
                    "Parent Relationship": "Outer",
                    "Parallel Aware": true,
                    "Scan Direction": "Forward",
                    "Index Name": "movie_id_movie_companies",
                    "Relation Name": "movie_companies",
                    "Alias": "mc",
                    "Startup Cost": 0.43,
                    "Total Cost": 129315.97,
                    "Plan Rows": 1534782,
                    "Plan Width": 4,
                    "Actual Startup Time": 0.096,
                    "Actual Total Time": 314.269,
                    "Actual Rows": 1304564,
                    "Actual Loops": 2,
                    "Heap Fetches": 2609129
                  },
                  {
                    "Node Type": "Sort",
                    "Parent Relationship": "Inner",
                    "Parallel Aware": false,
                    "Startup Cost": 249205.34,
                    "Total Cost": 251415.05,
                    "Plan Rows": 883887,
                    "Plan Width": 8,
                    "Actual Startup Time": 1325.566,
                    "Actual Total Time": 1447.273,
                    "Actual Rows": 3531652,
                    "Actual Loops": 2,
                    "Sort Key": [
                      "mk.movie_id"
                    ],
                    "Sort Method": "quicksort",
                    "Sort Space Used": 60030,
                    "Sort Space Type": "Memory",
                    "Workers": [
                      {
                        "Worker Number": 0,
                        "Sort Method": "quicksort",
                        "Sort Space Used": 60030,
                        "Sort Space Type": "Memory"
                      }
                    ],
                    "Plans": [
                      {
                        "Node Type": "Hash Join",
                        "Parent Relationship": "Outer",
                        "Parallel Aware": false,
                        "Join Type": "Inner",
                        "Startup Cost": 116960.11,
                        "Total Cost": 161906.02,
                        "Plan Rows": 883887,
                        "Plan Width": 8,
                        "Actual Startup Time": 758.488,
                        "Actual Total Time": 1174.331,
                        "Actual Rows": 756334,
                        "Actual Loops": 2,
                        "Inner Unique": true,
                        "Hash Cond": "(mk.movie_id = t.id)",
                        "Plans": [
                          {
                            "Node Type": "Bitmap Heap Scan",
                            "Parent Relationship": "Outer",
                            "Parallel Aware": false,
                            "Relation Name": "movie_keyword",
                            "Alias": "mk",
                            "Startup Cost": 28740.41,
                            "Total Cost": 70129.86,
                            "Plan Rows": 1354836,
                            "Plan Width": 4,
                            "Actual Startup Time": 103.713,
                            "Actual Total Time": 279.722,
                            "Actual Rows": 1358838,
                            "Actual Loops": 2,
                            "Recheck Cond": "(keyword_id > 12346)",
                            "Rows Removed by Index Recheck": 0,
                            "Exact Heap Blocks": 24209,
                            "Lossy Heap Blocks": 0,
                            "Plans": [
                              {
                                "Node Type": "Bitmap Index Scan",
                                "Parent Relationship": "Outer",
                                "Parallel Aware": false,
                                "Index Name": "keyword_id_movie_keyword",
                                "Startup Cost": 0.0,
                                "Total Cost": 28401.7,
                                "Plan Rows": 1354836,
                                "Plan Width": 0,
                                "Actual Startup Time": 100.708,
                                "Actual Total Time": 100.709,
                                "Actual Rows": 1358838,
                                "Actual Loops": 2,
                                "Index Cond": "(keyword_id > 12346)"
                              }
                            ]
                          },
                          {
                            "Node Type": "Hash",
                            "Parent Relationship": "Inner",
                            "Parallel Aware": false,
                            "Startup Cost": 67601.66,
                            "Total Cost": 67601.66,
                            "Plan Rows": 1649443,
                            "Plan Width": 4,
                            "Actual Startup Time": 649.064,
                            "Actual Total Time": 649.066,
                            "Actual Rows": 1643514,
                            "Actual Loops": 2,
                            "Hash Buckets": 2097152,
                            "Original Hash Buckets": 2097152,
                            "Hash Batches": 1,
                            "Original Hash Batches": 1,
                            "Peak Memory Usage": 74164,
                            "Plans": [
                              {
                                "Node Type": "Seq Scan",
                                "Parent Relationship": "Outer",
                                "Parallel Aware": false,
                                "Relation Name": "title",
                                "Alias": "t",
                                "Startup Cost": 0.0,
                                "Total Cost": 67601.66,
                                "Plan Rows": 1649443,
                                "Plan Width": 4,
                                "Actual Startup Time": 0.026,
                                "Actual Total Time": 296.294,
                                "Actual Rows": 1643514,
                                "Actual Loops": 2,
                                "Filter": "(production_year > 1994)",
                                "Rows Removed by Filter": 884798
                              }
                            ]
                          }
                        ]
                      }
                    ]
                  }
                ]
              }
            ]
          }
        ]
      }
    ]
  },
  "Planning Time": 0.925,
  "Triggers": [],
  "Execution Time": 2278.125
}