[
  {
    "Plan": {
      "Node Type": "Aggregate",
      "Strategy": "Plain",
      "Partial Mode": "Finalize",
      "Parallel Aware": false,
      "Startup Cost": 343573.98,
      "Total Cost": 343573.99,
      "Plan Rows": 1,
      "Plan Width": 8,
      "Actual Startup Time": 890.291,
      "Actual Total Time": 947.61,
      "Actual Rows": 1,
      "Actual Loops": 1,
      "Plans": [
        {
          "Node Type": "Gather",
          "Parent Relationship": "Outer",
          "Parallel Aware": false,
          "Startup Cost": 343573.36,
          "Total Cost": 343573.97,
          "Plan Rows": 6,
          "Plan Width": 8,
          "Actual Startup Time": 890.151,
          "Actual Total Time": 947.6,
          "Actual Rows": 7,
          "Actual Loops": 1,
          "Workers Planned": 6,
          "Workers Launched": 6,
          "Single Copy": false,
          "Plans": [
            {
              "Node Type": "Aggregate",
              "Strategy": "Plain",
              "Partial Mode": "Partial",
              "Parent Relationship": "Outer",
              "Parallel Aware": false,
              "Startup Cost": 342573.36,
              "Total Cost": 342573.37,
              "Plan Rows": 1,
              "Plan Width": 8,
              "Actual Startup Time": 879.687,
              "Actual Total Time": 879.688,
              "Actual Rows": 1,
              "Actual Loops": 7,
              "Plans": [
                {
                  "Node Type": "Seq Scan",
                  "Parent Relationship": "Outer",
                  "Parallel Aware": true,
                  "Relation Name": "cast_info",
                  "Alias": "ci",
                  "Startup Cost": 0.0,
                  "Total Cost": 328162.03,
                  "Plan Rows": 5764532,
                  "Plan Width": 0,
                  "Actual Startup Time": 0.056,
                  "Actual Total Time": 660.337,
                  "Actual Rows": 4950129,
                  "Actual Loops": 7,
                  "Filter": "(person_id < 3746358)",
                  "Rows Removed by Filter": 227634
                }
              ]
            }
          ]
        }
      ]
    },
    "Planning Time": 0.197,
    "Triggers": [],
    "Execution Time": 947.686
  }
]