[
  {
    "Plan": {
      "Node Type": "Aggregate",
      "Strategy": "Plain",
      "Partial Mode": "Finalize",
      "Parallel Aware": false,
      "Startup Cost": 46301.81,
      "Total Cost": 46301.82,
      "Plan Rows": 1,
      "Plan Width": 8,
      "Actual Startup Time": 166.585,
      "Actual Total Time": 175.675,
      "Actual Rows": 1,
      "Actual Loops": 1,
      "Plans": [
        {
          "Node Type": "Gather",
          "Parent Relationship": "Outer",
          "Parallel Aware": false,
          "Startup Cost": 46301.49,
          "Total Cost": 46301.8,
          "Plan Rows": 3,
          "Plan Width": 8,
          "Actual Startup Time": 166.485,
          "Actual Total Time": 175.667,
          "Actual Rows": 4,
          "Actual Loops": 1,
          "Workers Planned": 3,
          "Workers Launched": 3,
          "Single Copy": false,
          "Plans": [
            {
              "Node Type": "Aggregate",
              "Strategy": "Plain",
              "Partial Mode": "Partial",
              "Parent Relationship": "Outer",
              "Parallel Aware": false,
              "Startup Cost": 45301.49,
              "Total Cost": 45301.5,
              "Plan Rows": 1,
              "Plan Width": 8,
              "Actual Startup Time": 161.003,
              "Actual Total Time": 161.004,
              "Actual Rows": 1,
              "Actual Loops": 4,
              "Plans": [
                {
                  "Node Type": "Seq Scan",
                  "Parent Relationship": "Outer",
                  "Parallel Aware": true,
                  "Relation Name": "movie_keyword",
                  "Alias": "mk",
                  "Startup Cost": 0.0,
                  "Total Cost": 42695.65,
                  "Plan Rows": 1042336,
                  "Plan Width": 0,
                  "Actual Startup Time": 0.038,
                  "Actual Total Time": 121.316,
                  "Actual Rows": 808022,
                  "Actual Loops": 4,
                  "Filter": "(keyword_id < 13684)",
                  "Rows Removed by Filter": 322960
                }
              ]
            }
          ]
        }
      ]
    },
    "Planning Time": 0.075,
    "Triggers": [],
    "Execution Time": 175.702
  }
]