[
  {
    "Plan": {
      "Node Type": "Aggregate",
      "Strategy": "Plain",
      "Partial Mode": "Finalize",
      "Parallel Aware": false,
      "Startup Cost": 90839.62,
      "Total Cost": 90839.63,
      "Plan Rows": 1,
      "Plan Width": 8,
      "Actual Startup Time": 191.948,
      "Actual Total Time": 210.343,
      "Actual Rows": 1,
      "Actual Loops": 1,
      "Plans": [
        {
          "Node Type": "Gather",
          "Parent Relationship": "Outer",
          "Parallel Aware": false,
          "Startup Cost": 90839.3,
          "Total Cost": 90839.61,
          "Plan Rows": 3,
          "Plan Width": 8,
          "Actual Startup Time": 191.078,
          "Actual Total Time": 210.336,
          "Actual Rows": 4,
          "Actual Loops": 1,
          "Workers Planned": 3,
          "Workers Launched": 3,
          "Single Copy": false,
          "Plans": [
            {
              "Node Type": "Aggregate",
              "Strategy": "Plain",
              "Partial Mode": "Partial",
              "Parent Relationship": "Outer",
              "Parallel Aware": false,
              "Startup Cost": 89839.3,
              "Total Cost": 89839.31,
              "Plan Rows": 1,
              "Plan Width": 8,
              "Actual Startup Time": 181.581,
              "Actual Total Time": 181.585,
              "Actual Rows": 1,
              "Actual Loops": 4,
              "Plans": [
                {
                  "Node Type": "Nested Loop",
                  "Parent Relationship": "Outer",
                  "Parallel Aware": false,
                  "Join Type": "Inner",
                  "Startup Cost": 45958.78,
                  "Total Cost": 89817.57,
                  "Plan Rows": 8695,
                  "Plan Width": 0,
                  "Actual Startup Time": 137.997,
                  "Actual Total Time": 181.42,
                  "Actual Rows": 3217,
                  "Actual Loops": 4,
                  "Inner Unique": false,
                  "Join Filter": "(t.id = mk.movie_id)",
                  "Rows Removed by Join Filter": 0,
                  "Plans": [
                    {
                      "Node Type": "Hash Join",
                      "Parent Relationship": "Outer",
                      "Parallel Aware": true,
                      "Join Type": "Inner",
                      "Startup Cost": 45958.35,
                      "Total Cost": 77583.46,
                      "Plan Rows": 4859,
                      "Plan Width": 8,
                      "Actual Startup Time": 137.772,
                      "Actual Total Time": 172.243,
                      "Actual Rows": 1076,
                      "Actual Loops": 4,
                      "Inner Unique": true,
                      "Hash Cond": "(mc.movie_id = t.id)",
                      "Plans": [
                        {
                          "Node Type": "Seq Scan",
                          "Parent Relationship": "Outer",
                          "Parallel Aware": true,
                          "Relation Name": "movie_companies",
                          "Alias": "mc",
                          "Startup Cost": 0.0,
                          "Total Cost": 31414.82,
                          "Plan Rows": 80110,
                          "Plan Width": 4,
                          "Actual Startup Time": 28.947,
                          "Actual Total Time": 55.389,
                          "Actual Rows": 32933,
                          "Actual Loops": 4,
                          "Filter": "((company_id < 428) AND (company_type_id > 1))",
                          "Rows Removed by Filter": 619349
                        },
                        {
                          "Node Type": "Hash",
                          "Parent Relationship": "Inner",
                          "Parallel Aware": true,
                          "Startup Cost": 45479.1,
                          "Total Cost": 45479.1,
                          "Plan Rows": 38340,
                          "Plan Width": 4,
                          "Actual Startup Time": 106.636,
                          "Actual Total Time": 106.637,
                          "Actual Rows": 33690,
                          "Actual Loops": 4,
                          "Hash Buckets": 262144,
                          "Original Hash Buckets": 262144,
                          "Hash Batches": 1,
                          "Original Hash Batches": 1,
                          "Peak Memory Usage": 7392,
                          "Plans": [
                            {
                              "Node Type": "Seq Scan",
                              "Parent Relationship": "Outer",
                              "Parallel Aware": true,
                              "Relation Name": "title",
                              "Alias": "t",
                              "Startup Cost": 0.0,
                              "Total Cost": 45479.1,
                              "Plan Rows": 38340,
                              "Plan Width": 4,
                              "Actual Startup Time": 0.109,
                              "Actual Total Time": 94.471,
                              "Actual Rows": 33690,
                              "Actual Loops": 4,
                              "Filter": "((kind_id < 7) AND (production_year > 2010))",
                              "Rows Removed by Filter": 598388
                            }
                          ]
                        }
                      ]
                    },
                    {
                      "Node Type": "Index Only Scan",
                      "Parent Relationship": "Inner",
                      "Parallel Aware": false,
                      "Scan Direction": "Forward",
                      "Index Name": "movie_id_movie_keyword",
                      "Relation Name": "movie_keyword",
                      "Alias": "mk",
                      "Startup Cost": 0.43,
                      "Total Cost": 1.96,
                      "Plan Rows": 45,
                      "Plan Width": 4,
                      "Actual Startup Time": 0.007,
                      "Actual Total Time": 0.008,
                      "Actual Rows": 3,
                      "Actual Loops": 4304,
                      "Index Cond": "(movie_id = mc.movie_id)",
                      "Rows Removed by Index Recheck": 0,
                      "Heap Fetches": 12867
                    }
                  ]
                }
              ]
            }
          ]
        }
      ]
    },
    "Planning Time": 1.433,
    "Triggers": [],
    "Execution Time": 210.425
  }
]