[
  {
    "Plan": {
      "Node Type": "Aggregate",
      "Strategy": "Plain",
      "Partial Mode": "Finalize",
      "Parallel Aware": false,
      "Startup Cost": 31503.18,
      "Total Cost": 31503.19,
      "Plan Rows": 1,
      "Plan Width": 8,
      "Actual Startup Time": 126.57,
      "Actual Total Time": 135.218,
      "Actual Rows": 1,
      "Actual Loops": 1,
      "Plans": [
        {
          "Node Type": "Gather",
          "Parent Relationship": "Outer",
          "Parallel Aware": false,
          "Startup Cost": 31502.86,
          "Total Cost": 31503.17,
          "Plan Rows": 3,
          "Plan Width": 8,
          "Actual Startup Time": 126.433,
          "Actual Total Time": 135.208,
          "Actual Rows": 4,
          "Actual Loops": 1,
          "Workers Planned": 3,
          "Workers Launched": 3,
          "Single Copy": false,
          "Plans": [
            {
              "Node Type": "Aggregate",
              "Strategy": "Plain",
              "Partial Mode": "Partial",
              "Parent Relationship": "Outer",
              "Parallel Aware": false,
              "Startup Cost": 30502.86,
              "Total Cost": 30502.87,
              "Plan Rows": 1,
              "Plan Width": 8,
              "Actual Startup Time": 119.683,
              "Actual Total Time": 119.684,
              "Actual Rows": 1,
              "Actual Loops": 4,
              "Plans": [
                {
                  "Node Type": "Seq Scan",
                  "Parent Relationship": "Outer",
                  "Parallel Aware": true,
                  "Relation Name": "movie_companies",
                  "Alias": "mc",
                  "Startup Cost": 0.0,
                  "Total Cost": 29310.68,
                  "Plan Rows": 476873,
                  "Plan Width": 0,
                  "Actual Startup Time": 0.047,
                  "Actual Total Time": 94.881,
                  "Actual Rows": 368485,
                  "Actual Loops": 4,
                  "Filter": "(company_id < 13460)",
                  "Rows Removed by Filter": 283797
                }
              ]
            }
          ]
        }
      ]
    },
    "Planning Time": 0.191,
    "Triggers": [],
    "Execution Time": 135.28
  }
]