{
  "Plan": {
    "Node Type": "Aggregate",
    "Strategy": "Plain",
    "Partial Mode": "Finalize",
    "Parallel Aware": false,
    "Startup Cost": 389630.54,
    "Total Cost": 389630.55,
    "Plan Rows": 1,
    "Plan Width": 8,
    "Actual Startup Time": 2753.07,
    "Actual Total Time": 2802.74,
    "Actual Rows": 1,
    "Actual Loops": 1,
    "Plans": [
      {
        "Node Type": "Gather",
        "Parent Relationship": "Outer",
        "Parallel Aware": false,
        "Startup Cost": 389630.42,
        "Total Cost": 389630.53,
        "Plan Rows": 1,
        "Plan Width": 8,
        "Actual Startup Time": 2751.297,
        "Actual Total Time": 2802.73,
        "Actual Rows": 2,
        "Actual Loops": 1,
        "Workers Planned": 1,
        "Workers Launched": 1,
        "Single Copy": false,
        "Plans": [
          {
            "Node Type": "Aggregate",
            "Strategy": "Plain",
            "Partial Mode": "Partial",
            "Parent Relationship": "Outer",
            "Parallel Aware": false,
            "Startup Cost": 388630.42,
            "Total Cost": 388630.43,
            "Plan Rows": 1,
            "Plan Width": 8,
            "Actual Startup Time": 2743.96,
            "Actual Total Time": 2743.967,
            "Actual Rows": 1,
            "Actual Loops": 2,
            "Plans": [
              {
                "Node Type": "Hash Join",
                "Parent Relationship": "Outer",
                "Parallel Aware": true,
                "Join Type": "Inner",
                "Startup Cost": 101940.04,
                "Total Cost": 387102.33,
                "Plan Rows": 611238,
                "Plan Width": 0,
                "Actual Startup Time": 559.084,
                "Actual Total Time": 2605.653,
                "Actual Rows": 3091738,
                "Actual Loops": 2,
                "Inner Unique": false,
                "Hash Cond": "(mi.movie_id = t.id)",
                "Plans": [
                  {
                    "Node Type": "Seq Scan",
                    "Parent Relationship": "Outer",
                    "Parallel Aware": true,
                    "Relation Name": "movie_info",
                    "Alias": "mi",
                    "Startup Cost": 0.0,
                    "Total Cost": 248955.74,
                    "Plan Rows": 8696274,
                    "Plan Width": 4,
                    "Actual Startup Time": 0.017,
                    "Actual Total Time": 703.181,
                    "Actual Rows": 7417860,
                    "Actual Loops": 2
                  },
                  {
                    "Node Type": "Hash",
                    "Parent Relationship": "Inner",
                    "Parallel Aware": true,
                    "Startup Cost": 100633.36,
                    "Total Cost": 100633.36,
                    "Plan Rows": 104534,
                    "Plan Width": 8,
                    "Actual Startup Time": 554.358,
                    "Actual Total Time": 554.364,
                    "Actual Rows": 155174,
                    "Actual Loops": 2,
                    "Hash Buckets": 524288,
                    "Original Hash Buckets": 262144,
                    "Hash Batches": 1,
                    "Original Hash Batches": 1,
                    "Peak Memory Usage": 18304,
                    "Plans": [
                      {
                        "Node Type": "Hash Join",
                        "Parent Relationship": "Outer",
                        "Parallel Aware": true,
                        "Join Type": "Inner",
                        "Startup Cost": 76635.16,
                        "Total Cost": 100633.36,
                        "Plan Rows": 104534,
                        "Plan Width": 8,
                        "Actual Startup Time": 336.855,
                        "Actual Total Time": 500.196,
                        "Actual Rows": 155174,
                        "Actual Loops": 2,
                        "Inner Unique": true,
                        "Hash Cond": "(mc.movie_id = t.id)",
                        "Plans": [
                          {
                            "Node Type": "Bitmap Heap Scan",
                            "Parent Relationship": "Outer",
                            "Parallel Aware": true,
                            "Relation Name": "movie_companies",
                            "Alias": "mc",
                            "Startup Cost": 12685.16,
                            "Total Cost": 35779.47,
                            "Plan Rows": 344344,
                            "Plan Width": 4,
                            "Actual Startup Time": 34.483,
                            "Actual Total Time": 84.661,
                            "Actual Rows": 299603,
                            "Actual Loops": 2,
                            "Recheck Cond": "(company_id > 68029)",
                            "Rows Removed by Index Recheck": 0,
                            "Exact Heap Blocks": 3787,
                            "Lossy Heap Blocks": 0,
                            "Plans": [
                              {
                                "Node Type": "Bitmap Index Scan",
                                "Parent Relationship": "Outer",
                                "Parallel Aware": false,
                                "Index Name": "company_id_movie_companies",
                                "Startup Cost": 0.0,
                                "Total Cost": 12538.82,
                                "Plan Rows": 585385,
                                "Plan Width": 0,
                                "Actual Startup Time": 32.626,
                                "Actual Total Time": 32.627,
                                "Actual Rows": 599206,
                                "Actual Loops": 1,
                                "Index Cond": "(company_id > 68029)"
                              }
                            ]
                          },
                          {
                            "Node Type": "Hash",
                            "Parent Relationship": "Inner",
                            "Parallel Aware": true,
                            "Startup Cost": 58306.47,
                            "Total Cost": 58306.47,
                            "Plan Rows": 451482,
                            "Plan Width": 4,
                            "Actual Startup Time": 295.612,
                            "Actual Total Time": 295.612,
                            "Actual Rows": 335292,
                            "Actual Loops": 2,
                            "Hash Buckets": 1048576,
                            "Original Hash Buckets": 1048576,
                            "Hash Batches": 1,
                            "Original Hash Batches": 1,
                            "Peak Memory Usage": 34464,
                            "Plans": [
                              {
                                "Node Type": "Seq Scan",
                                "Parent Relationship": "Outer",
                                "Parallel Aware": true,
                                "Relation Name": "title",
                                "Alias": "t",
                                "Startup Cost": 0.0,
                                "Total Cost": 58306.47,
                                "Plan Rows": 451482,
                                "Plan Width": 4,
                                "Actual Startup Time": 0.027,
                                "Actual Total Time": 180.017,
                                "Actual Rows": 335292,
                                "Actual Loops": 2,
                                "Filter": "((kind_id < 7) AND (production_year > 1979))",
                                "Rows Removed by Filter": 928864
                              }
                            ]
                          }
                        ]
                      }
                    ]
                  }
                ]
              }
            ]
          }
        ]
      }
    ]
  },
  "Planning Time": 0.877,
  "Triggers": [],
  "Execution Time": 2802.871
}