[
  {
    "Plan": {
      "Node Type": "Aggregate",
      "Strategy": "Plain",
      "Partial Mode": "Finalize",
      "Parallel Aware": false,
      "Startup Cost": 44124.13,
      "Total Cost": 44124.14,
      "Plan Rows": 1,
      "Plan Width": 8,
      "Actual Startup Time": 47.361,
      "Actual Total Time": 51.962,
      "Actual Rows": 1,
      "Actual Loops": 1,
      "Plans": [
        {
          "Node Type": "Gather",
          "Parent Relationship": "Outer",
          "Parallel Aware": false,
          "Startup Cost": 44123.91,
          "Total Cost": 44124.12,
          "Plan Rows": 2,
          "Plan Width": 8,
          "Actual Startup Time": 47.218,
          "Actual Total Time": 51.955,
          "Actual Rows": 3,
          "Actual Loops": 1,
          "Workers Planned": 2,
          "Workers Launched": 2,
          "Single Copy": false,
          "Plans": [
            {
              "Node Type": "Aggregate",
              "Strategy": "Plain",
              "Partial Mode": "Partial",
              "Parent Relationship": "Outer",
              "Parallel Aware": false,
              "Startup Cost": 43123.91,
              "Total Cost": 43123.92,
              "Plan Rows": 1,
              "Plan Width": 8,
              "Actual Startup Time": 39.502,
              "Actual Total Time": 39.503,
              "Actual Rows": 1,
              "Actual Loops": 3,
              "Plans": [
                {
                  "Node Type": "Nested Loop",
                  "Parent Relationship": "Outer",
                  "Parallel Aware": false,
                  "Join Type": "Inner",
                  "Startup Cost": 194.98,
                  "Total Cost": 43123.91,
                  "Plan Rows": 3,
                  "Plan Width": 0,
                  "Actual Startup Time": 17.664,
                  "Actual Total Time": 39.493,
                  "Actual Rows": 10,
                  "Actual Loops": 3,
                  "Inner Unique": true,
                  "Plans": [
                    {
                      "Node Type": "Bitmap Heap Scan",
                      "Parent Relationship": "Outer",
                      "Parallel Aware": true,
                      "Relation Name": "movie_keyword",
                      "Alias": "mk",
                      "Startup Cost": 194.55,
                      "Total Cost": 17984.64,
                      "Plan Rows": 3770,
                      "Plan Width": 4,
                      "Actual Startup Time": 1.225,
                      "Actual Total Time": 11.079,
                      "Actual Rows": 3515,
                      "Actual Loops": 3,
                      "Recheck Cond": "(keyword_id = 398)",
                      "Rows Removed by Index Recheck": 0,
                      "Exact Heap Blocks": 4277,
                      "Lossy Heap Blocks": 0,
                      "Plans": [
                        {
                          "Node Type": "Bitmap Index Scan",
                          "Parent Relationship": "Outer",
                          "Parallel Aware": false,
                          "Index Name": "keyword_id_movie_keyword",
                          "Startup Cost": 0.0,
                          "Total Cost": 192.29,
                          "Plan Rows": 9048,
                          "Plan Width": 0,
                          "Actual Startup Time": 2.204,
                          "Actual Total Time": 2.205,
                          "Actual Rows": 10544,
                          "Actual Loops": 1,
                          "Index Cond": "(keyword_id = 398)"
                        }
                      ]
                    },
                    {
                      "Node Type": "Index Scan",
                      "Parent Relationship": "Inner",
                      "Parallel Aware": false,
                      "Scan Direction": "Forward",
                      "Index Name": "title_pkey",
                      "Relation Name": "title",
                      "Alias": "t",
                      "Startup Cost": 0.43,
                      "Total Cost": 6.67,
                      "Plan Rows": 1,
                      "Plan Width": 4,
                      "Actual Startup Time": 0.008,
                      "Actual Total Time": 0.008,
                      "Actual Rows": 0,
                      "Actual Loops": 10544,
                      "Index Cond": "(id = mk.movie_id)",
                      "Rows Removed by Index Recheck": 0,
                      "Filter": "((kind_id = 1) AND (production_year = 1954))",
                      "Rows Removed by Filter": 1
                    }
                  ]
                }
              ]
            }
          ]
        }
      ]
    },
    "Planning Time": 0.31,
    "Triggers": [],
    "Execution Time": 52.014
  }
]