[
    {
        "Bao": {
            "Bao prediction": "NaN",
            "Bao recommended hint": "(no hint)"
        }
    },
    {
        "Plan": {
            "Node Type": "Aggregate",
            "Strategy": "Plain",
            "Partial Mode": "Simple",
            "Parallel Aware": false,
            "Startup Cost": 26654.62,
            "Total Cost": 26654.63,
            "Plan Rows": 1,
            "Plan Width": 8,
            "Actual Startup Time": 20.016,
            "Actual Total Time": 20.018,
            "Actual Rows": 1,
            "Actual Loops": 1,
            "Output": [
                "count(*)"
            ],
            "Plans": [
                {
                    "Node Type": "Nested Loop",
                    "Parent Relationship": "Outer",
                    "Parallel Aware": false,
                    "Join Type": "Inner",
                    "Startup Cost": 219.92,
                    "Total Cost": 26654.38,
                    "Plan Rows": 93,
                    "Plan Width": 0,
                    "Actual Startup Time": 4.74,
                    "Actual Total Time": 19.958,
                    "Actual Rows": 561,
                    "Actual Loops": 1,
                    "Inner Unique": false,
                    "Plans": [
                        {
                            "Node Type": "Bitmap Heap Scan",
                            "Parent Relationship": "Outer",
                            "Parallel Aware": false,
                            "Relation Name": "title",
                            "Schema": "public",
                            "Alias": "t",
                            "Startup Cost": 219.49,
                            "Total Cost": 25209.42,
                            "Plan Rows": 171,
                            "Plan Width": 4,
                            "Actual Startup Time": 4.657,
                            "Actual Total Time": 17.923,
                            "Actual Rows": 322,
                            "Actual Loops": 1,
                            "Output": [
                                "t.id",
                                "t.title",
                                "t.imdb_index",
                                "t.kind_id",
                                "t.production_year",
                                "t.imdb_id",
                                "t.phonetic_code",
                                "t.episode_of_id",
                                "t.season_nr",
                                "t.episode_nr",
                                "t.series_years",
                                "t.md5sum"
                            ],
                            "Recheck Cond": "(t.kind_id = 6)",
                            "Rows Removed by Index Recheck": 0,
                            "Filter": "(t.production_year = 1996)",
                            "Rows Removed by Filter": 12278,
                            "Exact Heap Blocks": 7903,
                            "Lossy Heap Blocks": 0,
                            "Plans": [
                                {
                                    "Node Type": "Bitmap Index Scan",
                                    "Parent Relationship": "Outer",
                                    "Parallel Aware": false,
                                    "Index Name": "kind_id_title",
                                    "Startup Cost": 0.0,
                                    "Total Cost": 219.45,
                                    "Plan Rows": 12136,
                                    "Plan Width": 0,
                                    "Actual Startup Time": 2.912,
                                    "Actual Total Time": 2.912,
                                    "Actual Rows": 12600,
                                    "Actual Loops": 1,
                                    "Index Cond": "(t.kind_id = 6)"
                                }
                            ]
                        },
                        {
                            "Node Type": "Index Only Scan",
                            "Parent Relationship": "Inner",
                            "Parallel Aware": false,
                            "Scan Direction": "Forward",
                            "Index Name": "movie_id_movie_info_idx",
                            "Relation Name": "movie_info_idx",
                            "Schema": "public",
                            "Alias": "mi_idx",
                            "Startup Cost": 0.43,
                            "Total Cost": 8.42,
                            "Plan Rows": 3,
                            "Plan Width": 4,
                            "Actual Startup Time": 0.005,
                            "Actual Total Time": 0.006,
                            "Actual Rows": 2,
                            "Actual Loops": 322,
                            "Output": [
                                "mi_idx.movie_id"
                            ],
                            "Index Cond": "(mi_idx.movie_id = t.id)",
                            "Rows Removed by Index Recheck": 0,
                            "Heap Fetches": 561
                        }
                    ]
                }
            ]
        },
        "Planning Time": 284.433,
        "Triggers": [],
        "Execution Time": 20.119
    }
]