[
  {
    "Plan": {
      "Node Type": "Aggregate",
      "Strategy": "Plain",
      "Partial Mode": "Finalize",
      "Parallel Aware": false,
      "Startup Cost": 100224.45,
      "Total Cost": 100224.46,
      "Plan Rows": 1,
      "Plan Width": 8,
      "Actual Startup Time": 401.343,
      "Actual Total Time": 420.823,
      "Actual Rows": 1,
      "Actual Loops": 1,
      "Plans": [
        {
          "Node Type": "Gather",
          "Parent Relationship": "Outer",
          "Parallel Aware": false,
          "Startup Cost": 100224.03,
          "Total Cost": 100224.44,
          "Plan Rows": 4,
          "Plan Width": 8,
          "Actual Startup Time": 396.075,
          "Actual Total Time": 420.808,
          "Actual Rows": 5,
          "Actual Loops": 1,
          "Workers Planned": 4,
          "Workers Launched": 4,
          "Single Copy": false,
          "Plans": [
            {
              "Node Type": "Aggregate",
              "Strategy": "Plain",
              "Partial Mode": "Partial",
              "Parent Relationship": "Outer",
              "Parallel Aware": false,
              "Startup Cost": 99224.03,
              "Total Cost": 99224.04,
              "Plan Rows": 1,
              "Plan Width": 8,
              "Actual Startup Time": 385.894,
              "Actual Total Time": 386.041,
              "Actual Rows": 1,
              "Actual Loops": 5,
              "Plans": [
                {
                  "Node Type": "Hash Join",
                  "Parent Relationship": "Outer",
                  "Parallel Aware": true,
                  "Join Type": "Inner",
                  "Startup Cost": 54060.54,
                  "Total Cost": 99164.54,
                  "Plan Rows": 23797,
                  "Plan Width": 0,
                  "Actual Startup Time": 230.237,
                  "Actual Total Time": 382.259,
                  "Actual Rows": 77280,
                  "Actual Loops": 5,
                  "Inner Unique": false,
                  "Hash Cond": "(t.id = mi_idx.movie_id)",
                  "Plans": [
                    {
                      "Node Type": "Seq Scan",
                      "Parent Relationship": "Outer",
                      "Parallel Aware": true,
                      "Relation Name": "title",
                      "Alias": "t",
                      "Startup Cost": 0.0,
                      "Total Cost": 42318.73,
                      "Plan Rows": 632073,
                      "Plan Width": 4,
                      "Actual Startup Time": 0.017,
                      "Actual Total Time": 66.26,
                      "Actual Rows": 505662,
                      "Actual Loops": 5
                    },
                    {
                      "Node Type": "Hash",
                      "Parent Relationship": "Inner",
                      "Parallel Aware": true,
                      "Startup Cost": 51985.58,
                      "Total Cost": 51985.58,
                      "Plan Rows": 165997,
                      "Plan Width": 8,
                      "Actual Startup Time": 227.298,
                      "Actual Total Time": 227.444,
                      "Actual Rows": 77280,
                      "Actual Loops": 5,
                      "Hash Buckets": 524288,
                      "Original Hash Buckets": 524288,
                      "Hash Batches": 1,
                      "Original Hash Batches": 1,
                      "Peak Memory Usage": 19296,
                      "Plans": [
                        {
                          "Node Type": "Hash Join",
                          "Parent Relationship": "Outer",
                          "Parallel Aware": true,
                          "Join Type": "Inner",
                          "Startup Cost": 25467.27,
                          "Total Cost": 51985.58,
                          "Plan Rows": 165997,
                          "Plan Width": 8,
                          "Actual Startup Time": 136.642,
                          "Actual Total Time": 205.386,
                          "Actual Rows": 77280,
                          "Actual Loops": 5,
                          "Inner Unique": false,
                          "Hash Cond": "(mk.movie_id = mi_idx.movie_id)",
                          "Plans": [
                            {
                              "Node Type": "Bitmap Heap Scan",
                              "Parent Relationship": "Outer",
                              "Parallel Aware": true,
                              "Relation Name": "movie_keyword",
                              "Alias": "mk",
                              "Startup Cost": 5557.84,
                              "Total Cost": 31067.72,
                              "Plan Rows": 84471,
                              "Plan Width": 4,
                              "Actual Startup Time": 20.604,
                              "Actual Total Time": 62.29,
                              "Actual Rows": 54489,
                              "Actual Loops": 5,
                              "Recheck Cond": "(keyword_id < 231)",
                              "Rows Removed by Index Recheck": 0,
                              "Exact Heap Blocks": 6525,
                              "Lossy Heap Blocks": 0,
                              "Plans": [
                                {
                                  "Node Type": "Bitmap Index Scan",
                                  "Parent Relationship": "Outer",
                                  "Parallel Aware": false,
                                  "Index Name": "keyword_id_movie_keyword",
                                  "Startup Cost": 0.0,
                                  "Total Cost": 5492.38,
                                  "Plan Rows": 261859,
                                  "Plan Width": 0,
                                  "Actual Startup Time": 16.939,
                                  "Actual Total Time": 16.939,
                                  "Actual Rows": 272446,
                                  "Actual Loops": 1,
                                  "Index Cond": "(keyword_id < 231)"
                                }
                              ]
                            },
                            {
                              "Node Type": "Hash",
                              "Parent Relationship": "Inner",
                              "Parallel Aware": true,
                              "Startup Cost": 15122.68,
                              "Total Cost": 15122.68,
                              "Plan Rows": 382940,
                              "Plan Width": 4,
                              "Actual Startup Time": 113.331,
                              "Actual Total Time": 113.332,
                              "Actual Rows": 183970,
                              "Actual Loops": 5,
                              "Hash Buckets": 1048576,
                              "Original Hash Buckets": 1048576,
                              "Hash Batches": 1,
                              "Original Hash Batches": 1,
                              "Peak Memory Usage": 44288,
                              "Plans": [
                                {
                                  "Node Type": "Seq Scan",
                                  "Parent Relationship": "Outer",
                                  "Parallel Aware": true,
                                  "Relation Name": "movie_info_idx",
                                  "Alias": "mi_idx",
                                  "Startup Cost": 0.0,
                                  "Total Cost": 15122.68,
                                  "Plan Rows": 382940,
                                  "Plan Width": 4,
                                  "Actual Startup Time": 0.073,
                                  "Actual Total Time": 46.181,
                                  "Actual Rows": 183970,
                                  "Actual Loops": 5,
                                  "Filter": "(info_type_id < 101)",
                                  "Rows Removed by Filter": 92037
                                }
                              ]
                            }
                          ]
                        }
                      ]
                    }
                  ]
                }
              ]
            }
          ]
        }
      ]
    },
    "Planning Time": 1.324,
    "Triggers": [],
    "Execution Time": 420.929
  }
]