{
  "Plan": {
    "Node Type": "Aggregate",
    "Strategy": "Plain",
    "Partial Mode": "Finalize",
    "Parallel Aware": false,
    "Startup Cost": 103631.7,
    "Total Cost": 103631.71,
    "Plan Rows": 1,
    "Plan Width": 8,
    "Actual Startup Time": 347.377,
    "Actual Total Time": 371.026,
    "Actual Rows": 1,
    "Actual Loops": 1,
    "Plans": [
      {
        "Node Type": "Gather",
        "Parent Relationship": "Outer",
        "Parallel Aware": false,
        "Startup Cost": 103631.59,
        "Total Cost": 103631.7,
        "Plan Rows": 1,
        "Plan Width": 8,
        "Actual Startup Time": 347.058,
        "Actual Total Time": 371.019,
        "Actual Rows": 2,
        "Actual Loops": 1,
        "Workers Planned": 1,
        "Workers Launched": 1,
        "Single Copy": false,
        "Plans": [
          {
            "Node Type": "Aggregate",
            "Strategy": "Plain",
            "Partial Mode": "Partial",
            "Parent Relationship": "Outer",
            "Parallel Aware": false,
            "Startup Cost": 102631.59,
            "Total Cost": 102631.6,
            "Plan Rows": 1,
            "Plan Width": 8,
            "Actual Startup Time": 342.903,
            "Actual Total Time": 342.908,
            "Actual Rows": 1,
            "Actual Loops": 2,
            "Plans": [
              {
                "Node Type": "Nested Loop",
                "Parent Relationship": "Outer",
                "Parallel Aware": false,
                "Join Type": "Inner",
                "Startup Cost": 21110.23,
                "Total Cost": 102520.61,
                "Plan Rows": 44391,
                "Plan Width": 0,
                "Actual Startup Time": 197.7,
                "Actual Total Time": 338.14,
                "Actual Rows": 84996,
                "Actual Loops": 2,
                "Inner Unique": false,
                "Plans": [
                  {
                    "Node Type": "Hash Join",
                    "Parent Relationship": "Outer",
                    "Parallel Aware": true,
                    "Join Type": "Inner",
                    "Startup Cost": 21109.79,
                    "Total Cost": 77624.96,
                    "Plan Rows": 7592,
                    "Plan Width": 8,
                    "Actual Startup Time": 197.614,
                    "Actual Total Time": 237.684,
                    "Actual Rows": 5158,
                    "Actual Loops": 2,
                    "Inner Unique": false,
                    "Hash Cond": "(t.id = mc.movie_id)",
                    "Plans": [
                      {
                        "Node Type": "Seq Scan",
                        "Parent Relationship": "Outer",
                        "Parallel Aware": true,
                        "Relation Name": "title",
                        "Alias": "t",
                        "Startup Cost": 0.0,
                        "Total Cost": 54588.39,
                        "Plan Rows": 301139,
                        "Plan Width": 4,
                        "Actual Startup Time": 0.013,
                        "Actual Total Time": 149.661,
                        "Actual Rows": 261867,
                        "Actual Loops": 2,
                        "Filter": "(production_year < 1981)",
                        "Rows Removed by Filter": 1002289
                      },
                      {
                        "Node Type": "Hash",
                        "Parent Relationship": "Inner",
                        "Parallel Aware": true,
                        "Startup Cost": 20641.11,
                        "Total Cost": 20641.11,
                        "Plan Rows": 37495,
                        "Plan Width": 4,
                        "Actual Startup Time": 36.84,
                        "Actual Total Time": 36.842,
                        "Actual Rows": 30530,
                        "Actual Loops": 2,
                        "Hash Buckets": 65536,
                        "Original Hash Buckets": 65536,
                        "Hash Batches": 1,
                        "Original Hash Batches": 1,
                        "Peak Memory Usage": 2944,
                        "Plans": [
                          {
                            "Node Type": "Bitmap Heap Scan",
                            "Parent Relationship": "Outer",
                            "Parallel Aware": true,
                            "Relation Name": "movie_companies",
                            "Alias": "mc",
                            "Startup Cost": 1382.42,
                            "Total Cost": 20641.11,
                            "Plan Rows": 37495,
                            "Plan Width": 4,
                            "Actual Startup Time": 7.058,
                            "Actual Total Time": 24.243,
                            "Actual Rows": 30530,
                            "Actual Loops": 2,
                            "Recheck Cond": "(company_id > 183040)",
                            "Rows Removed by Index Recheck": 0,
                            "Exact Heap Blocks": 1531,
                            "Lossy Heap Blocks": 0,
                            "Plans": [
                              {
                                "Node Type": "Bitmap Index Scan",
                                "Parent Relationship": "Outer",
                                "Parallel Aware": false,
                                "Index Name": "company_id_movie_companies",
                                "Startup Cost": 0.0,
                                "Total Cost": 1366.49,
                                "Plan Rows": 63741,
                                "Plan Width": 0,
                                "Actual Startup Time": 8.352,
                                "Actual Total Time": 8.352,
                                "Actual Rows": 61060,
                                "Actual Loops": 1,
                                "Index Cond": "(company_id > 183040)"
                              }
                            ]
                          }
                        ]
                      }
                    ]
                  },
                  {
                    "Node Type": "Index Only Scan",
                    "Parent Relationship": "Inner",
                    "Parallel Aware": false,
                    "Scan Direction": "Forward",
                    "Index Name": "movie_id_movie_info",
                    "Relation Name": "movie_info",
                    "Alias": "mi",
                    "Startup Cost": 0.43,
                    "Total Cost": 2.86,
                    "Plan Rows": 42,
                    "Plan Width": 4,
                    "Actual Startup Time": 0.006,
                    "Actual Total Time": 0.018,
                    "Actual Rows": 16,
                    "Actual Loops": 10316,
                    "Index Cond": "(movie_id = t.id)",
                    "Rows Removed by Index Recheck": 0,
                    "Heap Fetches": 169992
                  }
                ]
              }
            ]
          }
        ]
      }
    ]
  },
  "Planning Time": 1.003,
  "Triggers": [],
  "Execution Time": 371.132
}