[
  {
    "Plan": {
      "Node Type": "Aggregate",
      "Strategy": "Plain",
      "Partial Mode": "Finalize",
      "Parallel Aware": false,
      "Startup Cost": 91899.75,
      "Total Cost": 91899.76,
      "Plan Rows": 1,
      "Plan Width": 8,
      "Actual Startup Time": 438.009,
      "Actual Total Time": 459.528,
      "Actual Rows": 1,
      "Actual Loops": 1,
      "Plans": [
        {
          "Node Type": "Gather",
          "Parent Relationship": "Outer",
          "Parallel Aware": false,
          "Startup Cost": 91899.44,
          "Total Cost": 91899.75,
          "Plan Rows": 3,
          "Plan Width": 8,
          "Actual Startup Time": 436.943,
          "Actual Total Time": 459.503,
          "Actual Rows": 4,
          "Actual Loops": 1,
          "Workers Planned": 3,
          "Workers Launched": 3,
          "Single Copy": false,
          "Plans": [
            {
              "Node Type": "Aggregate",
              "Strategy": "Plain",
              "Partial Mode": "Partial",
              "Parent Relationship": "Outer",
              "Parallel Aware": false,
              "Startup Cost": 90899.44,
              "Total Cost": 90899.45,
              "Plan Rows": 1,
              "Plan Width": 8,
              "Actual Startup Time": 429.039,
              "Actual Total Time": 429.044,
              "Actual Rows": 1,
              "Actual Loops": 4,
              "Plans": [
                {
                  "Node Type": "Hash Join",
                  "Parent Relationship": "Outer",
                  "Parallel Aware": true,
                  "Join Type": "Inner",
                  "Startup Cost": 44399.47,
                  "Total Cost": 90683.13,
                  "Plan Rows": 86522,
                  "Plan Width": 0,
                  "Actual Startup Time": 151.853,
                  "Actual Total Time": 427.186,
                  "Actual Rows": 25619,
                  "Actual Loops": 4,
                  "Inner Unique": true,
                  "Hash Cond": "(mk.movie_id = t.id)",
                  "Plans": [
                    {
                      "Node Type": "Seq Scan",
                      "Parent Relationship": "Outer",
                      "Parallel Aware": true,
                      "Relation Name": "movie_keyword",
                      "Alias": "mk",
                      "Startup Cost": 0.0,
                      "Total Cost": 42695.65,
                      "Plan Rows": 1366855,
                      "Plan Width": 4,
                      "Actual Startup Time": 0.046,
                      "Actual Total Time": 164.805,
                      "Actual Rows": 1060954,
                      "Actual Loops": 4,
                      "Filter": "(keyword_id > 231)",
                      "Rows Removed by Filter": 70028
                    },
                    {
                      "Node Type": "Hash",
                      "Parent Relationship": "Inner",
                      "Parallel Aware": true,
                      "Startup Cost": 43899.32,
                      "Total Cost": 43899.32,
                      "Plan Rows": 40012,
                      "Plan Width": 4,
                      "Actual Startup Time": 148.201,
                      "Actual Total Time": 148.203,
                      "Actual Rows": 41077,
                      "Actual Loops": 4,
                      "Hash Buckets": 262144,
                      "Original Hash Buckets": 262144,
                      "Hash Batches": 1,
                      "Original Hash Batches": 1,
                      "Peak Memory Usage": 8544,
                      "Plans": [
                        {
                          "Node Type": "Seq Scan",
                          "Parent Relationship": "Outer",
                          "Parallel Aware": true,
                          "Relation Name": "title",
                          "Alias": "t",
                          "Startup Cost": 0.0,
                          "Total Cost": 43899.32,
                          "Plan Rows": 40012,
                          "Plan Width": 4,
                          "Actual Startup Time": 0.038,
                          "Actual Total Time": 125.939,
                          "Actual Rows": 41077,
                          "Actual Loops": 4,
                          "Filter": "(production_year = 2012)",
                          "Rows Removed by Filter": 591001
                        }
                      ]
                    }
                  ]
                }
              ]
            }
          ]
        }
      ]
    },
    "Planning Time": 0.682,
    "Triggers": [],
    "Execution Time": 459.614
  }
]