[
  {
    "Plan": {
      "Node Type": "Aggregate",
      "Strategy": "Plain",
      "Partial Mode": "Finalize",
      "Parallel Aware": false,
      "Startup Cost": 293801.87,
      "Total Cost": 293801.88,
      "Plan Rows": 1,
      "Plan Width": 8,
      "Actual Startup Time": 157.731,
      "Actual Total Time": 164.586,
      "Actual Rows": 1,
      "Actual Loops": 1,
      "Plans": [
        {
          "Node Type": "Gather",
          "Parent Relationship": "Outer",
          "Parallel Aware": false,
          "Startup Cost": 293801.24,
          "Total Cost": 293801.85,
          "Plan Rows": 6,
          "Plan Width": 8,
          "Actual Startup Time": 157.273,
          "Actual Total Time": 164.578,
          "Actual Rows": 7,
          "Actual Loops": 1,
          "Workers Planned": 6,
          "Workers Launched": 6,
          "Single Copy": false,
          "Plans": [
            {
              "Node Type": "Aggregate",
              "Strategy": "Plain",
              "Partial Mode": "Partial",
              "Parent Relationship": "Outer",
              "Parallel Aware": false,
              "Startup Cost": 292801.24,
              "Total Cost": 292801.25,
              "Plan Rows": 1,
              "Plan Width": 8,
              "Actual Startup Time": 147.96,
              "Actual Total Time": 147.961,
              "Actual Rows": 1,
              "Actual Loops": 7,
              "Plans": [
                {
                  "Node Type": "Bitmap Heap Scan",
                  "Parent Relationship": "Outer",
                  "Parallel Aware": true,
                  "Relation Name": "cast_info",
                  "Alias": "ci",
                  "Startup Cost": 36035.78,
                  "Total Cost": 292121.5,
                  "Plan Rows": 271897,
                  "Plan Width": 0,
                  "Actual Startup Time": 70.143,
                  "Actual Total Time": 133.357,
                  "Actual Rows": 237941,
                  "Actual Loops": 7,
                  "Recheck Cond": "(person_id < 166035)",
                  "Rows Removed by Index Recheck": 0,
                  "Exact Heap Blocks": 4644,
                  "Lossy Heap Blocks": 0,
                  "Plans": [
                    {
                      "Node Type": "Bitmap Index Scan",
                      "Parent Relationship": "Outer",
                      "Parallel Aware": false,
                      "Index Name": "person_id_cast_info",
                      "Startup Cost": 0.0,
                      "Total Cost": 35627.94,
                      "Plan Rows": 1631383,
                      "Plan Width": 0,
                      "Actual Startup Time": 75.718,
                      "Actual Total Time": 75.718,
                      "Actual Rows": 1665584,
                      "Actual Loops": 1,
                      "Index Cond": "(person_id < 166035)"
                    }
                  ]
                }
              ]
            }
          ]
        }
      ]
    },
    "Planning Time": 0.201,
    "Triggers": [],
    "Execution Time": 164.664
  }
]