[
  {
    "Plan": {
      "Node Type": "Aggregate",
      "Strategy": "Plain",
      "Partial Mode": "Finalize",
      "Parallel Aware": false,
      "Startup Cost": 388486.18,
      "Total Cost": 388486.19,
      "Plan Rows": 1,
      "Plan Width": 8,
      "Actual Startup Time": 1208.11,
      "Actual Total Time": 1257.614,
      "Actual Rows": 1,
      "Actual Loops": 1,
      "Plans": [
        {
          "Node Type": "Gather",
          "Parent Relationship": "Outer",
          "Parallel Aware": false,
          "Startup Cost": 388485.56,
          "Total Cost": 388486.17,
          "Plan Rows": 6,
          "Plan Width": 8,
          "Actual Startup Time": 1207.005,
          "Actual Total Time": 1257.603,
          "Actual Rows": 7,
          "Actual Loops": 1,
          "Workers Planned": 6,
          "Workers Launched": 6,
          "Single Copy": false,
          "Plans": [
            {
              "Node Type": "Aggregate",
              "Strategy": "Plain",
              "Partial Mode": "Partial",
              "Parent Relationship": "Outer",
              "Parallel Aware": false,
              "Startup Cost": 387485.56,
              "Total Cost": 387485.57,
              "Plan Rows": 1,
              "Plan Width": 8,
              "Actual Startup Time": 1197.624,
              "Actual Total Time": 1197.627,
              "Actual Rows": 1,
              "Actual Loops": 7,
              "Plans": [
                {
                  "Node Type": "Hash Join",
                  "Parent Relationship": "Outer",
                  "Parallel Aware": true,
                  "Join Type": "Inner",
                  "Startup Cost": 46417.96,
                  "Total Cost": 386179.2,
                  "Plan Rows": 522542,
                  "Plan Width": 0,
                  "Actual Startup Time": 193.87,
                  "Actual Total Time": 1188.894,
                  "Actual Rows": 170813,
                  "Actual Loops": 7,
                  "Inner Unique": true,
                  "Hash Cond": "(ci.movie_id = t.id)",
                  "Plans": [
                    {
                      "Node Type": "Seq Scan",
                      "Parent Relationship": "Outer",
                      "Parallel Aware": true,
                      "Relation Name": "cast_info",
                      "Alias": "ci",
                      "Startup Cost": 0.0,
                      "Total Cost": 328211.39,
                      "Plan Rows": 4399934,
                      "Plan Width": 4,
                      "Actual Startup Time": 100.794,
                      "Actual Total Time": 609.121,
                      "Actual Rows": 3762960,
                      "Actual Loops": 7,
                      "Filter": "(person_id > 975005)",
                      "Rows Removed by Filter": 1414804
                    },
                    {
                      "Node Type": "Hash",
                      "Parent Relationship": "Inner",
                      "Parallel Aware": true,
                      "Startup Cost": 45479.59,
                      "Total Cost": 45479.59,
                      "Plan Rows": 75070,
                      "Plan Width": 4,
                      "Actual Startup Time": 90.349,
                      "Actual Total Time": 90.35,
                      "Actual Rows": 25677,
                      "Actual Loops": 7,
                      "Hash Buckets": 524288,
                      "Original Hash Buckets": 524288,
                      "Hash Batches": 1,
                      "Original Hash Batches": 1,
                      "Peak Memory Usage": 11200,
                      "Plans": [
                        {
                          "Node Type": "Seq Scan",
                          "Parent Relationship": "Outer",
                          "Parallel Aware": true,
                          "Relation Name": "title",
                          "Alias": "t",
                          "Startup Cost": 0.0,
                          "Total Cost": 45479.59,
                          "Plan Rows": 75070,
                          "Plan Width": 4,
                          "Actual Startup Time": 0.045,
                          "Actual Total Time": 75.388,
                          "Actual Rows": 25677,
                          "Actual Loops": 7,
                          "Filter": "((kind_id > 1) AND (production_year < 1974))",
                          "Rows Removed by Filter": 335511
                        }
                      ]
                    }
                  ]
                }
              ]
            }
          ]
        }
      ]
    },
    "Planning Time": 0.524,
    "Triggers": [],
    "Execution Time": 1257.687
  }
]