[
  {
    "Plan": {
      "Node Type": "Aggregate",
      "Strategy": "Plain",
      "Partial Mode": "Finalize",
      "Parallel Aware": false,
      "Startup Cost": 47128.35,
      "Total Cost": 47128.36,
      "Plan Rows": 1,
      "Plan Width": 8,
      "Actual Startup Time": 170.552,
      "Actual Total Time": 180.206,
      "Actual Rows": 1,
      "Actual Loops": 1,
      "Plans": [
        {
          "Node Type": "Gather",
          "Parent Relationship": "Outer",
          "Parallel Aware": false,
          "Startup Cost": 47128.03,
          "Total Cost": 47128.34,
          "Plan Rows": 3,
          "Plan Width": 8,
          "Actual Startup Time": 170.443,
          "Actual Total Time": 180.197,
          "Actual Rows": 4,
          "Actual Loops": 1,
          "Workers Planned": 3,
          "Workers Launched": 3,
          "Single Copy": false,
          "Plans": [
            {
              "Node Type": "Aggregate",
              "Strategy": "Plain",
              "Partial Mode": "Partial",
              "Parent Relationship": "Outer",
              "Parallel Aware": false,
              "Startup Cost": 46128.03,
              "Total Cost": 46128.04,
              "Plan Rows": 1,
              "Plan Width": 8,
              "Actual Startup Time": 164.9,
              "Actual Total Time": 164.901,
              "Actual Rows": 1,
              "Actual Loops": 4,
              "Plans": [
                {
                  "Node Type": "Seq Scan",
                  "Parent Relationship": "Outer",
                  "Parallel Aware": true,
                  "Relation Name": "movie_keyword",
                  "Alias": "mk",
                  "Startup Cost": 0.0,
                  "Total Cost": 42695.65,
                  "Plan Rows": 1372952,
                  "Plan Width": 0,
                  "Actual Startup Time": 0.041,
                  "Actual Total Time": 119.576,
                  "Actual Rows": 1062435,
                  "Actual Loops": 4,
                  "Filter": "(keyword_id < 57793)",
                  "Rows Removed by Filter": 68547
                }
              ]
            }
          ]
        }
      ]
    },
    "Planning Time": 0.106,
    "Triggers": [],
    "Execution Time": 180.268
  }
]