{
  "Plan": {
    "Node Type": "Aggregate",
    "Strategy": "Plain",
    "Partial Mode": "Finalize",
    "Parallel Aware": false,
    "Startup Cost": 99051.27,
    "Total Cost": 99051.28,
    "Plan Rows": 1,
    "Plan Width": 8,
    "Actual Startup Time": 595.51,
    "Actual Total Time": 647.952,
    "Actual Rows": 1,
    "Actual Loops": 1,
    "Plans": [
      {
        "Node Type": "Gather",
        "Parent Relationship": "Outer",
        "Parallel Aware": false,
        "Startup Cost": 99051.15,
        "Total Cost": 99051.26,
        "Plan Rows": 1,
        "Plan Width": 8,
        "Actual Startup Time": 595.245,
        "Actual Total Time": 647.944,
        "Actual Rows": 2,
        "Actual Loops": 1,
        "Workers Planned": 1,
        "Workers Launched": 1,
        "Single Copy": false,
        "Plans": [
          {
            "Node Type": "Aggregate",
            "Strategy": "Plain",
            "Partial Mode": "Partial",
            "Parent Relationship": "Outer",
            "Parallel Aware": false,
            "Startup Cost": 98051.15,
            "Total Cost": 98051.16,
            "Plan Rows": 1,
            "Plan Width": 8,
            "Actual Startup Time": 589.028,
            "Actual Total Time": 589.032,
            "Actual Rows": 1,
            "Actual Loops": 2,
            "Plans": [
              {
                "Node Type": "Nested Loop",
                "Parent Relationship": "Outer",
                "Parallel Aware": false,
                "Join Type": "Inner",
                "Startup Cost": 21104.04,
                "Total Cost": 98035.49,
                "Plan Rows": 6267,
                "Plan Width": 0,
                "Actual Startup Time": 232.951,
                "Actual Total Time": 589.009,
                "Actual Rows": 28,
                "Actual Loops": 2,
                "Inner Unique": false,
                "Plans": [
                  {
                    "Node Type": "Hash Join",
                    "Parent Relationship": "Outer",
                    "Parallel Aware": true,
                    "Join Type": "Inner",
                    "Startup Cost": 21103.47,
                    "Total Cost": 78165.72,
                    "Plan Rows": 5324,
                    "Plan Width": 8,
                    "Actual Startup Time": 160.605,
                    "Actual Total Time": 222.594,
                    "Actual Rows": 10228,
                    "Actual Loops": 2,
                    "Inner Unique": false,
                    "Hash Cond": "(t.id = mc.movie_id)",
                    "Plans": [
                      {
                        "Node Type": "Seq Scan",
                        "Parent Relationship": "Outer",
                        "Parallel Aware": true,
                        "Relation Name": "title",
                        "Alias": "t",
                        "Startup Cost": 0.0,
                        "Total Cost": 54588.39,
                        "Plan Rows": 390808,
                        "Plan Width": 4,
                        "Actual Startup Time": 0.012,
                        "Actual Total Time": 128.805,
                        "Actual Rows": 331032,
                        "Actual Loops": 2,
                        "Filter": "(production_year > 2008)",
                        "Rows Removed by Filter": 933124
                      },
                      {
                        "Node Type": "Hash",
                        "Parent Relationship": "Inner",
                        "Parallel Aware": true,
                        "Startup Cost": 20850.25,
                        "Total Cost": 20850.25,
                        "Plan Rows": 20258,
                        "Plan Width": 4,
                        "Actual Startup Time": 35.252,
                        "Actual Total Time": 35.254,
                        "Actual Rows": 32427,
                        "Actual Loops": 2,
                        "Hash Buckets": 65536,
                        "Original Hash Buckets": 65536,
                        "Hash Batches": 1,
                        "Original Hash Batches": 1,
                        "Peak Memory Usage": 3072,
                        "Plans": [
                          {
                            "Node Type": "Bitmap Heap Scan",
                            "Parent Relationship": "Outer",
                            "Parallel Aware": true,
                            "Relation Name": "movie_companies",
                            "Alias": "mc",
                            "Startup Cost": 1461.76,
                            "Total Cost": 20850.25,
                            "Plan Rows": 20258,
                            "Plan Width": 4,
                            "Actual Startup Time": 6.102,
                            "Actual Total Time": 24.111,
                            "Actual Rows": 32427,
                            "Actual Loops": 2,
                            "Recheck Cond": "(company_id > 180257)",
                            "Rows Removed by Index Recheck": 0,
                            "Filter": "(company_type_id = 2)",
                            "Rows Removed by Filter": 0,
                            "Exact Heap Blocks": 1534,
                            "Lossy Heap Blocks": 0,
                            "Plans": [
                              {
                                "Node Type": "Bitmap Index Scan",
                                "Parent Relationship": "Outer",
                                "Parallel Aware": false,
                                "Index Name": "company_id_movie_companies",
                                "Startup Cost": 0.0,
                                "Total Cost": 1453.15,
                                "Plan Rows": 67829,
                                "Plan Width": 0,
                                "Actual Startup Time": 9.62,
                                "Actual Total Time": 9.62,
                                "Actual Rows": 64854,
                                "Actual Loops": 1,
                                "Index Cond": "(company_id > 180257)"
                              }
                            ]
                          }
                        ]
                      }
                    ]
                  },
                  {
                    "Node Type": "Index Scan",
                    "Parent Relationship": "Inner",
                    "Parallel Aware": false,
                    "Scan Direction": "Forward",
                    "Index Name": "movie_id_cast_info",
                    "Relation Name": "cast_info",
                    "Alias": "ci",
                    "Startup Cost": 0.56,
                    "Total Cost": 3.7,
                    "Plan Rows": 3,
                    "Plan Width": 4,
                    "Actual Startup Time": 0.035,
                    "Actual Total Time": 0.036,
                    "Actual Rows": 0,
                    "Actual Loops": 20456,
                    "Index Cond": "(movie_id = t.id)",
                    "Rows Removed by Index Recheck": 0,
                    "Filter": "((person_id < 1443300) AND (role_id = 2))",
                    "Rows Removed by Filter": 26
                  }
                ]
              }
            ]
          }
        ]
      }
    ]
  },
  "Planning Time": 1.069,
  "Triggers": [],
  "Execution Time": 648.078
}