[
  {
    "Plan": {
      "Node Type": "Aggregate",
      "Strategy": "Plain",
      "Partial Mode": "Finalize",
      "Parallel Aware": false,
      "Startup Cost": 251284.05,
      "Total Cost": 251284.06,
      "Plan Rows": 1,
      "Plan Width": 8,
      "Actual Startup Time": 1061.713,
      "Actual Total Time": 1098.962,
      "Actual Rows": 1,
      "Actual Loops": 1,
      "Plans": [
        {
          "Node Type": "Gather",
          "Parent Relationship": "Outer",
          "Parallel Aware": false,
          "Startup Cost": 251283.73,
          "Total Cost": 251284.04,
          "Plan Rows": 3,
          "Plan Width": 8,
          "Actual Startup Time": 1043.048,
          "Actual Total Time": 1098.945,
          "Actual Rows": 4,
          "Actual Loops": 1,
          "Workers Planned": 3,
          "Workers Launched": 3,
          "Single Copy": false,
          "Plans": [
            {
              "Node Type": "Aggregate",
              "Strategy": "Plain",
              "Partial Mode": "Partial",
              "Parent Relationship": "Outer",
              "Parallel Aware": false,
              "Startup Cost": 250283.73,
              "Total Cost": 250283.74,
              "Plan Rows": 1,
              "Plan Width": 8,
              "Actual Startup Time": 1034.009,
              "Actual Total Time": 1034.196,
              "Actual Rows": 1,
              "Actual Loops": 4,
              "Plans": [
                {
                  "Node Type": "Hash Join",
                  "Parent Relationship": "Outer",
                  "Parallel Aware": true,
                  "Join Type": "Inner",
                  "Startup Cost": 219553.74,
                  "Total Cost": 250079.71,
                  "Plan Rows": 81610,
                  "Plan Width": 0,
                  "Actual Startup Time": 643.252,
                  "Actual Total Time": 978.781,
                  "Actual Rows": 849824,
                  "Actual Loops": 4,
                  "Inner Unique": false,
                  "Hash Cond": "(mc.movie_id = t.id)",
                  "Plans": [
                    {
                      "Node Type": "Seq Scan",
                      "Parent Relationship": "Outer",
                      "Parallel Aware": true,
                      "Relation Name": "movie_companies",
                      "Alias": "mc",
                      "Startup Cost": 0.0,
                      "Total Cost": 27206.55,
                      "Plan Rows": 841655,
                      "Plan Width": 4,
                      "Actual Startup Time": 0.027,
                      "Actual Total Time": 101.181,
                      "Actual Rows": 652282,
                      "Actual Loops": 4
                    },
                    {
                      "Node Type": "Hash",
                      "Parent Relationship": "Inner",
                      "Parallel Aware": true,
                      "Startup Cost": 218940.82,
                      "Total Cost": 218940.82,
                      "Plan Rows": 49033,
                      "Plan Width": 8,
                      "Actual Startup Time": 641.984,
                      "Actual Total Time": 642.168,
                      "Actual Rows": 74406,
                      "Actual Loops": 4,
                      "Hash Buckets": 524288,
                      "Original Hash Buckets": 262144,
                      "Hash Batches": 1,
                      "Original Hash Batches": 1,
                      "Peak Memory Usage": 17856,
                      "Plans": [
                        {
                          "Node Type": "Hash Join",
                          "Parent Relationship": "Outer",
                          "Parallel Aware": true,
                          "Join Type": "Inner",
                          "Startup Cost": 55826.58,
                          "Total Cost": 218940.82,
                          "Plan Rows": 49033,
                          "Plan Width": 8,
                          "Actual Startup Time": 493.493,
                          "Actual Total Time": 597.045,
                          "Actual Rows": 74406,
                          "Actual Loops": 4,
                          "Inner Unique": true,
                          "Hash Cond": "(mi.movie_id = t.id)",
                          "Plans": [
                            {
                              "Node Type": "Bitmap Heap Scan",
                              "Parent Relationship": "Outer",
                              "Parallel Aware": true,
                              "Relation Name": "movie_info",
                              "Alias": "mi",
                              "Startup Cost": 6701.03,
                              "Total Cost": 169620.68,
                              "Plan Rows": 74132,
                              "Plan Width": 4,
                              "Actual Startup Time": 60.764,
                              "Actual Total Time": 106.179,
                              "Actual Rows": 92054,
                              "Actual Loops": 4,
                              "Recheck Cond": "(info_type_id = 17)",
                              "Rows Removed by Index Recheck": 0,
                              "Exact Heap Blocks": 3012,
                              "Lossy Heap Blocks": 0,
                              "Plans": [
                                {
                                  "Node Type": "Bitmap Index Scan",
                                  "Parent Relationship": "Outer",
                                  "Parallel Aware": false,
                                  "Index Name": "info_type_id_movie_info",
                                  "Startup Cost": 0.0,
                                  "Total Cost": 6608.37,
                                  "Plan Rows": 370658,
                                  "Plan Width": 0,
                                  "Actual Startup Time": 57.823,
                                  "Actual Total Time": 57.824,
                                  "Actual Rows": 368218,
                                  "Actual Loops": 1,
                                  "Index Cond": "(info_type_id = 17)"
                                }
                              ]
                            },
                            {
                              "Node Type": "Hash",
                              "Parent Relationship": "Inner",
                              "Parallel Aware": true,
                              "Startup Cost": 43899.32,
                              "Total Cost": 43899.32,
                              "Plan Rows": 418098,
                              "Plan Width": 4,
                              "Actual Startup Time": 427.798,
                              "Actual Total Time": 427.799,
                              "Actual Rows": 417823,
                              "Actual Loops": 4,
                              "Hash Buckets": 2097152,
                              "Original Hash Buckets": 2097152,
                              "Hash Batches": 1,
                              "Original Hash Batches": 1,
                              "Peak Memory Usage": 81824,
                              "Plans": [
                                {
                                  "Node Type": "Seq Scan",
                                  "Parent Relationship": "Outer",
                                  "Parallel Aware": true,
                                  "Relation Name": "title",
                                  "Alias": "t",
                                  "Startup Cost": 0.0,
                                  "Total Cost": 43899.32,
                                  "Plan Rows": 418098,
                                  "Plan Width": 4,
                                  "Actual Startup Time": 0.052,
                                  "Actual Total Time": 174.581,
                                  "Actual Rows": 417823,
                                  "Actual Loops": 4,
                                  "Filter": "(production_year < 2008)",
                                  "Rows Removed by Filter": 214255
                                }
                              ]
                            }
                          ]
                        }
                      ]
                    }
                  ]
                }
              ]
            }
          ]
        }
      ]
    },
    "Planning Time": 0.657,
    "Triggers": [],
    "Execution Time": 1099.069
  }
]