{
  "Plan": {
    "Node Type": "Aggregate",
    "Strategy": "Plain",
    "Partial Mode": "Finalize",
    "Parallel Aware": false,
    "Startup Cost": 90520.04,
    "Total Cost": 90520.05,
    "Plan Rows": 1,
    "Plan Width": 8,
    "Actual Startup Time": 319.66,
    "Actual Total Time": 335.04,
    "Actual Rows": 1,
    "Actual Loops": 1,
    "Plans": [
      {
        "Node Type": "Gather",
        "Parent Relationship": "Outer",
        "Parallel Aware": false,
        "Startup Cost": 90519.93,
        "Total Cost": 90520.04,
        "Plan Rows": 1,
        "Plan Width": 8,
        "Actual Startup Time": 318.368,
        "Actual Total Time": 335.031,
        "Actual Rows": 2,
        "Actual Loops": 1,
        "Workers Planned": 1,
        "Workers Launched": 1,
        "Single Copy": false,
        "Plans": [
          {
            "Node Type": "Aggregate",
            "Strategy": "Plain",
            "Partial Mode": "Partial",
            "Parent Relationship": "Outer",
            "Parallel Aware": false,
            "Startup Cost": 89519.93,
            "Total Cost": 89519.94,
            "Plan Rows": 1,
            "Plan Width": 8,
            "Actual Startup Time": 312.263,
            "Actual Total Time": 312.267,
            "Actual Rows": 1,
            "Actual Loops": 2,
            "Plans": [
              {
                "Node Type": "Hash Join",
                "Parent Relationship": "Outer",
                "Parallel Aware": true,
                "Join Type": "Inner",
                "Startup Cost": 63420.39,
                "Total Cost": 89502.1,
                "Plan Rows": 7130,
                "Plan Width": 0,
                "Actual Startup Time": 245.554,
                "Actual Total Time": 310.476,
                "Actual Rows": 25574,
                "Actual Loops": 2,
                "Inner Unique": true,
                "Hash Cond": "(mk.movie_id = t.id)",
                "Plans": [
                  {
                    "Node Type": "Bitmap Heap Scan",
                    "Parent Relationship": "Outer",
                    "Parallel Aware": true,
                    "Relation Name": "movie_keyword",
                    "Alias": "mk",
                    "Startup Cost": 3882.29,
                    "Total Cost": 29681.5,
                    "Plan Rows": 107617,
                    "Plan Width": 4,
                    "Actual Startup Time": 24.687,
                    "Actual Total Time": 70.216,
                    "Actual Rows": 88490,
                    "Actual Loops": 2,
                    "Recheck Cond": "(keyword_id > 71745)",
                    "Rows Removed by Index Recheck": 0,
                    "Exact Heap Blocks": 12704,
                    "Lossy Heap Blocks": 0,
                    "Plans": [
                      {
                        "Node Type": "Bitmap Index Scan",
                        "Parent Relationship": "Outer",
                        "Parallel Aware": false,
                        "Index Name": "keyword_id_movie_keyword",
                        "Startup Cost": 0.0,
                        "Total Cost": 3836.55,
                        "Plan Rows": 182949,
                        "Plan Width": 0,
                        "Actual Startup Time": 19.902,
                        "Actual Total Time": 19.903,
                        "Actual Rows": 176980,
                        "Actual Loops": 1,
                        "Index Cond": "(keyword_id > 71745)"
                      }
                    ]
                  },
                  {
                    "Node Type": "Hash",
                    "Parent Relationship": "Inner",
                    "Parallel Aware": true,
                    "Startup Cost": 58306.47,
                    "Total Cost": 58306.47,
                    "Plan Rows": 98531,
                    "Plan Width": 4,
                    "Actual Startup Time": 217.095,
                    "Actual Total Time": 217.096,
                    "Actual Rows": 137914,
                    "Actual Loops": 2,
                    "Hash Buckets": 524288,
                    "Original Hash Buckets": 262144,
                    "Hash Batches": 1,
                    "Original Hash Batches": 1,
                    "Peak Memory Usage": 16960,
                    "Plans": [
                      {
                        "Node Type": "Seq Scan",
                        "Parent Relationship": "Outer",
                        "Parallel Aware": true,
                        "Relation Name": "title",
                        "Alias": "t",
                        "Startup Cost": 0.0,
                        "Total Cost": 58306.47,
                        "Plan Rows": 98531,
                        "Plan Width": 4,
                        "Actual Startup Time": 0.16,
                        "Actual Total Time": 166.915,
                        "Actual Rows": 137914,
                        "Actual Loops": 2,
                        "Filter": "((kind_id < 7) AND (production_year < 1975))",
                        "Rows Removed by Filter": 1126242
                      }
                    ]
                  }
                ]
              }
            ]
          }
        ]
      }
    ]
  },
  "Planning Time": 0.476,
  "Triggers": [],
  "Execution Time": 335.135
}