[
  {
    "Plan": {
      "Node Type": "Aggregate",
      "Strategy": "Plain",
      "Partial Mode": "Finalize",
      "Parallel Aware": false,
      "Startup Cost": 29129.9,
      "Total Cost": 29129.91,
      "Plan Rows": 1,
      "Plan Width": 8,
      "Actual Startup Time": 73.037,
      "Actual Total Time": 75.584,
      "Actual Rows": 1,
      "Actual Loops": 1,
      "Plans": [
        {
          "Node Type": "Gather",
          "Parent Relationship": "Outer",
          "Parallel Aware": false,
          "Startup Cost": 29129.58,
          "Total Cost": 29129.89,
          "Plan Rows": 3,
          "Plan Width": 8,
          "Actual Startup Time": 72.895,
          "Actual Total Time": 75.577,
          "Actual Rows": 4,
          "Actual Loops": 1,
          "Workers Planned": 3,
          "Workers Launched": 3,
          "Single Copy": false,
          "Plans": [
            {
              "Node Type": "Aggregate",
              "Strategy": "Plain",
              "Partial Mode": "Partial",
              "Parent Relationship": "Outer",
              "Parallel Aware": false,
              "Startup Cost": 28129.58,
              "Total Cost": 28129.59,
              "Plan Rows": 1,
              "Plan Width": 8,
              "Actual Startup Time": 67.682,
              "Actual Total Time": 67.683,
              "Actual Rows": 1,
              "Actual Loops": 4,
              "Plans": [
                {
                  "Node Type": "Bitmap Heap Scan",
                  "Parent Relationship": "Outer",
                  "Parallel Aware": true,
                  "Relation Name": "movie_companies",
                  "Alias": "mc",
                  "Startup Cost": 7510.52,
                  "Total Cost": 27986.88,
                  "Plan Rows": 57081,
                  "Plan Width": 0,
                  "Actual Startup Time": 24.788,
                  "Actual Total Time": 61.567,
                  "Actual Rows": 87798,
                  "Actual Loops": 4,
                  "Recheck Cond": "(company_id > 88153)",
                  "Rows Removed by Index Recheck": 0,
                  "Filter": "(company_type_id > 1)",
                  "Rows Removed by Filter": 0,
                  "Exact Heap Blocks": 2770,
                  "Lossy Heap Blocks": 0,
                  "Plans": [
                    {
                      "Node Type": "Bitmap Index Scan",
                      "Parent Relationship": "Outer",
                      "Parallel Aware": false,
                      "Index Name": "company_id_movie_companies",
                      "Startup Cost": 0.0,
                      "Total Cost": 7466.28,
                      "Plan Rows": 348514,
                      "Plan Width": 0,
                      "Actual Startup Time": 28.452,
                      "Actual Total Time": 28.452,
                      "Actual Rows": 351191,
                      "Actual Loops": 1,
                      "Index Cond": "(company_id > 88153)"
                    }
                  ]
                }
              ]
            }
          ]
        }
      ]
    },
    "Planning Time": 0.106,
    "Triggers": [],
    "Execution Time": 75.636
  }
]