[
  {
    "Plan": {
      "Node Type": "Aggregate",
      "Strategy": "Plain",
      "Partial Mode": "Finalize",
      "Parallel Aware": false,
      "Startup Cost": 45963.8,
      "Total Cost": 45963.81,
      "Plan Rows": 1,
      "Plan Width": 8,
      "Actual Startup Time": 204.581,
      "Actual Total Time": 215.407,
      "Actual Rows": 1,
      "Actual Loops": 1,
      "Plans": [
        {
          "Node Type": "Gather",
          "Parent Relationship": "Outer",
          "Parallel Aware": false,
          "Startup Cost": 45963.48,
          "Total Cost": 45963.79,
          "Plan Rows": 3,
          "Plan Width": 8,
          "Actual Startup Time": 204.305,
          "Actual Total Time": 215.396,
          "Actual Rows": 4,
          "Actual Loops": 1,
          "Workers Planned": 3,
          "Workers Launched": 3,
          "Single Copy": false,
          "Plans": [
            {
              "Node Type": "Aggregate",
              "Strategy": "Plain",
              "Partial Mode": "Partial",
              "Parent Relationship": "Outer",
              "Parallel Aware": false,
              "Startup Cost": 44963.48,
              "Total Cost": 44963.49,
              "Plan Rows": 1,
              "Plan Width": 8,
              "Actual Startup Time": 196.478,
              "Actual Total Time": 196.48,
              "Actual Rows": 1,
              "Actual Loops": 4,
              "Plans": [
                {
                  "Node Type": "Seq Scan",
                  "Parent Relationship": "Outer",
                  "Parallel Aware": true,
                  "Relation Name": "movie_keyword",
                  "Alias": "mk",
                  "Startup Cost": 0.0,
                  "Total Cost": 42695.65,
                  "Plan Rows": 907132,
                  "Plan Width": 0,
                  "Actual Startup Time": 0.236,
                  "Actual Total Time": 154.316,
                  "Actual Rows": 703482,
                  "Actual Loops": 4,
                  "Filter": "(keyword_id > 2712)",
                  "Rows Removed by Filter": 427501
                }
              ]
            }
          ]
        }
      ]
    },
    "Planning Time": 0.139,
    "Triggers": [],
    "Execution Time": 215.449
  }
]