[
  {
    "Plan": {
      "Node Type": "Aggregate",
      "Strategy": "Plain",
      "Partial Mode": "Finalize",
      "Parallel Aware": false,
      "Startup Cost": 100530.22,
      "Total Cost": 100530.23,
      "Plan Rows": 1,
      "Plan Width": 8,
      "Actual Startup Time": 649.83,
      "Actual Total Time": 666.132,
      "Actual Rows": 1,
      "Actual Loops": 1,
      "Plans": [
        {
          "Node Type": "Gather",
          "Parent Relationship": "Outer",
          "Parallel Aware": false,
          "Startup Cost": 100529.9,
          "Total Cost": 100530.21,
          "Plan Rows": 3,
          "Plan Width": 8,
          "Actual Startup Time": 640.998,
          "Actual Total Time": 666.121,
          "Actual Rows": 4,
          "Actual Loops": 1,
          "Workers Planned": 3,
          "Workers Launched": 3,
          "Single Copy": false,
          "Plans": [
            {
              "Node Type": "Aggregate",
              "Strategy": "Plain",
              "Partial Mode": "Partial",
              "Parent Relationship": "Outer",
              "Parallel Aware": false,
              "Startup Cost": 99529.9,
              "Total Cost": 99529.91,
              "Plan Rows": 1,
              "Plan Width": 8,
              "Actual Startup Time": 633.921,
              "Actual Total Time": 633.924,
              "Actual Rows": 1,
              "Actual Loops": 4,
              "Plans": [
                {
                  "Node Type": "Hash Join",
                  "Parent Relationship": "Outer",
                  "Parallel Aware": true,
                  "Join Type": "Inner",
                  "Startup Cost": 50166.55,
                  "Total Cost": 96660.56,
                  "Plan Rows": 1147735,
                  "Plan Width": 0,
                  "Actual Startup Time": 304.513,
                  "Actual Total Time": 598.348,
                  "Actual Rows": 823203,
                  "Actual Loops": 4,
                  "Inner Unique": true,
                  "Hash Cond": "(mk.movie_id = t.id)",
                  "Plans": [
                    {
                      "Node Type": "Seq Scan",
                      "Parent Relationship": "Outer",
                      "Parallel Aware": true,
                      "Relation Name": "movie_keyword",
                      "Alias": "mk",
                      "Startup Cost": 0.0,
                      "Total Cost": 42695.65,
                      "Plan Rows": 1446991,
                      "Plan Width": 4,
                      "Actual Startup Time": 0.031,
                      "Actual Total Time": 120.562,
                      "Actual Rows": 1120894,
                      "Actual Loops": 4,
                      "Filter": "(keyword_id < 104427)",
                      "Rows Removed by Filter": 10088
                    },
                    {
                      "Node Type": "Hash",
                      "Parent Relationship": "Inner",
                      "Parallel Aware": true,
                      "Startup Cost": 43899.32,
                      "Total Cost": 43899.32,
                      "Plan Rows": 501378,
                      "Plan Width": 4,
                      "Actual Startup Time": 299.86,
                      "Actual Total Time": 299.861,
                      "Actual Rows": 497664,
                      "Actual Loops": 4,
                      "Hash Buckets": 2097152,
                      "Original Hash Buckets": 2097152,
                      "Hash Batches": 1,
                      "Original Hash Batches": 1,
                      "Peak Memory Usage": 94336,
                      "Plans": [
                        {
                          "Node Type": "Seq Scan",
                          "Parent Relationship": "Outer",
                          "Parallel Aware": true,
                          "Relation Name": "title",
                          "Alias": "t",
                          "Startup Cost": 0.0,
                          "Total Cost": 43899.32,
                          "Plan Rows": 501378,
                          "Plan Width": 4,
                          "Actual Startup Time": 0.024,
                          "Actual Total Time": 117.452,
                          "Actual Rows": 497664,
                          "Actual Loops": 4,
                          "Filter": "(production_year > 1976)",
                          "Rows Removed by Filter": 134414
                        }
                      ]
                    }
                  ]
                }
              ]
            }
          ]
        }
      ]
    },
    "Planning Time": 0.248,
    "Triggers": [],
    "Execution Time": 666.169
  }
]