[
  {
    "Plan": {
      "Node Type": "Aggregate",
      "Strategy": "Plain",
      "Partial Mode": "Finalize",
      "Parallel Aware": false,
      "Startup Cost": 31805.15,
      "Total Cost": 31805.16,
      "Plan Rows": 1,
      "Plan Width": 8,
      "Actual Startup Time": 101.615,
      "Actual Total Time": 109.899,
      "Actual Rows": 1,
      "Actual Loops": 1,
      "Plans": [
        {
          "Node Type": "Gather",
          "Parent Relationship": "Outer",
          "Parallel Aware": false,
          "Startup Cost": 31804.83,
          "Total Cost": 31805.14,
          "Plan Rows": 3,
          "Plan Width": 8,
          "Actual Startup Time": 101.521,
          "Actual Total Time": 109.892,
          "Actual Rows": 4,
          "Actual Loops": 1,
          "Workers Planned": 3,
          "Workers Launched": 3,
          "Single Copy": false,
          "Plans": [
            {
              "Node Type": "Aggregate",
              "Strategy": "Plain",
              "Partial Mode": "Partial",
              "Parent Relationship": "Outer",
              "Parallel Aware": false,
              "Startup Cost": 30804.83,
              "Total Cost": 30804.84,
              "Plan Rows": 1,
              "Plan Width": 8,
              "Actual Startup Time": 97.946,
              "Actual Total Time": 97.947,
              "Actual Rows": 1,
              "Actual Loops": 4,
              "Plans": [
                {
                  "Node Type": "Seq Scan",
                  "Parent Relationship": "Outer",
                  "Parallel Aware": true,
                  "Relation Name": "movie_companies",
                  "Alias": "mc",
                  "Startup Cost": 0.0,
                  "Total Cost": 29310.68,
                  "Plan Rows": 597659,
                  "Plan Width": 0,
                  "Actual Startup Time": 0.3,
                  "Actual Total Time": 76.824,
                  "Actual Rows": 463294,
                  "Actual Loops": 4,
                  "Filter": "(company_id > 1501)",
                  "Rows Removed by Filter": 188988
                }
              ]
            }
          ]
        }
      ]
    },
    "Planning Time": 0.061,
    "Triggers": [],
    "Execution Time": 109.923
  }
]