[
  {
    "Plan": {
      "Node Type": "Aggregate",
      "Strategy": "Plain",
      "Partial Mode": "Finalize",
      "Parallel Aware": false,
      "Startup Cost": 31800.29,
      "Total Cost": 31800.3,
      "Plan Rows": 1,
      "Plan Width": 8,
      "Actual Startup Time": 95.932,
      "Actual Total Time": 103.451,
      "Actual Rows": 1,
      "Actual Loops": 1,
      "Plans": [
        {
          "Node Type": "Gather",
          "Parent Relationship": "Outer",
          "Parallel Aware": false,
          "Startup Cost": 31799.97,
          "Total Cost": 31800.28,
          "Plan Rows": 3,
          "Plan Width": 8,
          "Actual Startup Time": 95.827,
          "Actual Total Time": 103.444,
          "Actual Rows": 4,
          "Actual Loops": 1,
          "Workers Planned": 3,
          "Workers Launched": 3,
          "Single Copy": false,
          "Plans": [
            {
              "Node Type": "Aggregate",
              "Strategy": "Plain",
              "Partial Mode": "Partial",
              "Parent Relationship": "Outer",
              "Parallel Aware": false,
              "Startup Cost": 30799.97,
              "Total Cost": 30799.98,
              "Plan Rows": 1,
              "Plan Width": 8,
              "Actual Startup Time": 92.131,
              "Actual Total Time": 92.132,
              "Actual Rows": 1,
              "Actual Loops": 4,
              "Plans": [
                {
                  "Node Type": "Seq Scan",
                  "Parent Relationship": "Outer",
                  "Parallel Aware": true,
                  "Relation Name": "movie_companies",
                  "Alias": "mc",
                  "Startup Cost": 0.0,
                  "Total Cost": 29310.68,
                  "Plan Rows": 595715,
                  "Plan Width": 0,
                  "Actual Startup Time": 0.359,
                  "Actual Total Time": 73.211,
                  "Actual Rows": 463294,
                  "Actual Loops": 4,
                  "Filter": "(company_id > 1501)",
                  "Rows Removed by Filter": 188988
                }
              ]
            }
          ]
        }
      ]
    },
    "Planning Time": 0.083,
    "Triggers": [],
    "Execution Time": 103.481
  }
]