[
  {
    "Plan": {
      "Node Type": "Aggregate",
      "Strategy": "Plain",
      "Partial Mode": "Finalize",
      "Parallel Aware": false,
      "Startup Cost": 321592.66,
      "Total Cost": 321592.67,
      "Plan Rows": 1,
      "Plan Width": 8,
      "Actual Startup Time": 317.993,
      "Actual Total Time": 330.738,
      "Actual Rows": 1,
      "Actual Loops": 1,
      "Plans": [
        {
          "Node Type": "Gather",
          "Parent Relationship": "Outer",
          "Parallel Aware": false,
          "Startup Cost": 321592.04,
          "Total Cost": 321592.65,
          "Plan Rows": 6,
          "Plan Width": 8,
          "Actual Startup Time": 303.189,
          "Actual Total Time": 330.727,
          "Actual Rows": 7,
          "Actual Loops": 1,
          "Workers Planned": 6,
          "Workers Launched": 6,
          "Single Copy": false,
          "Plans": [
            {
              "Node Type": "Aggregate",
              "Strategy": "Plain",
              "Partial Mode": "Partial",
              "Parent Relationship": "Outer",
              "Parallel Aware": false,
              "Startup Cost": 320592.04,
              "Total Cost": 320592.05,
              "Plan Rows": 1,
              "Plan Width": 8,
              "Actual Startup Time": 287.677,
              "Actual Total Time": 287.68,
              "Actual Rows": 1,
              "Actual Loops": 7,
              "Plans": [
                {
                  "Node Type": "Hash Join",
                  "Parent Relationship": "Outer",
                  "Parallel Aware": true,
                  "Join Type": "Inner",
                  "Startup Cost": 65716.06,
                  "Total Cost": 320416.19,
                  "Plan Rows": 70340,
                  "Plan Width": 0,
                  "Actual Startup Time": 211.831,
                  "Actual Total Time": 285.226,
                  "Actual Rows": 46435,
                  "Actual Loops": 7,
                  "Inner Unique": true,
                  "Hash Cond": "(ci.movie_id = t.id)",
                  "Plans": [
                    {
                      "Node Type": "Bitmap Heap Scan",
                      "Parent Relationship": "Outer",
                      "Parallel Aware": true,
                      "Relation Name": "cast_info",
                      "Alias": "ci",
                      "Startup Cost": 17641.69,
                      "Total Cost": 271992.44,
                      "Plan Rows": 133100,
                      "Plan Width": 4,
                      "Actual Startup Time": 29.043,
                      "Actual Total Time": 54.999,
                      "Actual Rows": 109505,
                      "Actual Loops": 7,
                      "Recheck Cond": "(person_id > 3914798)",
                      "Rows Removed by Index Recheck": 0,
                      "Exact Heap Blocks": 1763,
                      "Lossy Heap Blocks": 0,
                      "Plans": [
                        {
                          "Node Type": "Bitmap Index Scan",
                          "Parent Relationship": "Outer",
                          "Parallel Aware": false,
                          "Index Name": "person_id_cast_info",
                          "Startup Cost": 0.0,
                          "Total Cost": 17442.04,
                          "Plan Rows": 798597,
                          "Plan Width": 0,
                          "Actual Startup Time": 27.331,
                          "Actual Total Time": 27.332,
                          "Actual Rows": 766533,
                          "Actual Loops": 1,
                          "Index Cond": "(person_id > 3914798)"
                        }
                      ]
                    },
                    {
                      "Node Type": "Hash",
                      "Parent Relationship": "Inner",
                      "Parallel Aware": true,
                      "Startup Cost": 43898.92,
                      "Total Cost": 43898.92,
                      "Plan Rows": 334036,
                      "Plan Width": 4,
                      "Actual Startup Time": 178.279,
                      "Actual Total Time": 178.28,
                      "Actual Rows": 192613,
                      "Actual Loops": 7,
                      "Hash Buckets": 2097152,
                      "Original Hash Buckets": 2097152,
                      "Hash Batches": 1,
                      "Original Hash Batches": 1,
                      "Peak Memory Usage": 69280,
                      "Plans": [
                        {
                          "Node Type": "Seq Scan",
                          "Parent Relationship": "Outer",
                          "Parallel Aware": true,
                          "Relation Name": "title",
                          "Alias": "t",
                          "Startup Cost": 0.0,
                          "Total Cost": 43898.92,
                          "Plan Rows": 334036,
                          "Plan Width": 4,
                          "Actual Startup Time": 0.046,
                          "Actual Total Time": 79.819,
                          "Actual Rows": 192613,
                          "Actual Loops": 7,
                          "Filter": "(production_year < 2005)",
                          "Rows Removed by Filter": 168574
                        }
                      ]
                    }
                  ]
                }
              ]
            }
          ]
        }
      ]
    },
    "Planning Time": 0.609,
    "Triggers": [],
    "Execution Time": 330.832
  }
]