[
  {
    "Plan": {
      "Node Type": "Aggregate",
      "Strategy": "Plain",
      "Partial Mode": "Finalize",
      "Parallel Aware": false,
      "Startup Cost": 33151.5,
      "Total Cost": 33151.51,
      "Plan Rows": 1,
      "Plan Width": 8,
      "Actual Startup Time": 98.301,
      "Actual Total Time": 107.215,
      "Actual Rows": 1,
      "Actual Loops": 1,
      "Plans": [
        {
          "Node Type": "Gather",
          "Parent Relationship": "Outer",
          "Parallel Aware": false,
          "Startup Cost": 33151.18,
          "Total Cost": 33151.49,
          "Plan Rows": 3,
          "Plan Width": 8,
          "Actual Startup Time": 98.197,
          "Actual Total Time": 107.207,
          "Actual Rows": 4,
          "Actual Loops": 1,
          "Workers Planned": 3,
          "Workers Launched": 3,
          "Single Copy": false,
          "Plans": [
            {
              "Node Type": "Aggregate",
              "Strategy": "Plain",
              "Partial Mode": "Partial",
              "Parent Relationship": "Outer",
              "Parallel Aware": false,
              "Startup Cost": 32151.18,
              "Total Cost": 32151.19,
              "Plan Rows": 1,
              "Plan Width": 8,
              "Actual Startup Time": 90.889,
              "Actual Total Time": 90.89,
              "Actual Rows": 1,
              "Actual Loops": 4,
              "Plans": [
                {
                  "Node Type": "Seq Scan",
                  "Parent Relationship": "Outer",
                  "Parallel Aware": true,
                  "Relation Name": "movie_companies",
                  "Alias": "mc",
                  "Startup Cost": 0.0,
                  "Total Cost": 31414.82,
                  "Plan Rows": 294544,
                  "Plan Width": 0,
                  "Actual Startup Time": 49.898,
                  "Actual Total Time": 84.301,
                  "Actual Rows": 147837,
                  "Actual Loops": 4,
                  "Filter": "((company_id < 27883) AND (company_type_id = 2))",
                  "Rows Removed by Filter": 504445
                }
              ]
            }
          ]
        }
      ]
    },
    "Planning Time": 0.229,
    "Triggers": [],
    "Execution Time": 107.277
  }
]