{
  "Plan": {
    "Node Type": "Aggregate",
    "Strategy": "Plain",
    "Partial Mode": "Finalize",
    "Parallel Aware": false,
    "Startup Cost": 373199.85,
    "Total Cost": 373199.86,
    "Plan Rows": 1,
    "Plan Width": 8,
    "Actual Startup Time": 1074.877,
    "Actual Total Time": 1092.645,
    "Actual Rows": 1,
    "Actual Loops": 1,
    "Plans": [
      {
        "Node Type": "Gather",
        "Parent Relationship": "Outer",
        "Parallel Aware": false,
        "Startup Cost": 373199.74,
        "Total Cost": 373199.85,
        "Plan Rows": 1,
        "Plan Width": 8,
        "Actual Startup Time": 1069.904,
        "Actual Total Time": 1092.636,
        "Actual Rows": 2,
        "Actual Loops": 1,
        "Workers Planned": 1,
        "Workers Launched": 1,
        "Single Copy": false,
        "Plans": [
          {
            "Node Type": "Aggregate",
            "Strategy": "Plain",
            "Partial Mode": "Partial",
            "Parent Relationship": "Outer",
            "Parallel Aware": false,
            "Startup Cost": 372199.74,
            "Total Cost": 372199.75,
            "Plan Rows": 1,
            "Plan Width": 8,
            "Actual Startup Time": 1057.849,
            "Actual Total Time": 1057.853,
            "Actual Rows": 1,
            "Actual Loops": 2,
            "Plans": [
              {
                "Node Type": "Hash Join",
                "Parent Relationship": "Outer",
                "Parallel Aware": true,
                "Join Type": "Inner",
                "Startup Cost": 103524.65,
                "Total Cost": 369931.93,
                "Plan Rows": 907126,
                "Plan Width": 0,
                "Actual Startup Time": 585.493,
                "Actual Total Time": 1024.322,
                "Actual Rows": 796602,
                "Actual Loops": 2,
                "Inner Unique": true,
                "Hash Cond": "(ci.movie_id = t.id)",
                "Plans": [
                  {
                    "Node Type": "Bitmap Heap Scan",
                    "Parent Relationship": "Outer",
                    "Parallel Aware": true,
                    "Relation Name": "cast_info",
                    "Alias": "ci",
                    "Startup Cost": 34063.95,
                    "Total Cost": 298090.02,
                    "Plan Rows": 907126,
                    "Plan Width": 4,
                    "Actual Startup Time": 55.689,
                    "Actual Total Time": 136.825,
                    "Actual Rows": 796602,
                    "Actual Loops": 2,
                    "Recheck Cond": "(person_id < 158541)",
                    "Rows Removed by Index Recheck": 0,
                    "Exact Heap Blocks": 8715,
                    "Lossy Heap Blocks": 0,
                    "Plans": [
                      {
                        "Node Type": "Bitmap Index Scan",
                        "Parent Relationship": "Outer",
                        "Parallel Aware": false,
                        "Index Name": "person_id_cast_info",
                        "Startup Cost": 0.0,
                        "Total Cost": 33678.42,
                        "Plan Rows": 1542114,
                        "Plan Width": 0,
                        "Actual Startup Time": 53.075,
                        "Actual Total Time": 53.076,
                        "Actual Rows": 1593203,
                        "Actual Loops": 1,
                        "Index Cond": "(person_id < 158541)"
                      }
                    ]
                  },
                  {
                    "Node Type": "Hash",
                    "Parent Relationship": "Inner",
                    "Parallel Aware": true,
                    "Startup Cost": 50870.31,
                    "Total Cost": 50870.31,
                    "Plan Rows": 1487231,
                    "Plan Width": 4,
                    "Actual Startup Time": 508.163,
                    "Actual Total Time": 508.164,
                    "Actual Rows": 1264156,
                    "Actual Loops": 2,
                    "Hash Buckets": 4194304,
                    "Original Hash Buckets": 4194304,
                    "Hash Batches": 1,
                    "Original Hash Batches": 1,
                    "Peak Memory Usage": 131712,
                    "Plans": [
                      {
                        "Node Type": "Seq Scan",
                        "Parent Relationship": "Outer",
                        "Parallel Aware": true,
                        "Relation Name": "title",
                        "Alias": "t",
                        "Startup Cost": 0.0,
                        "Total Cost": 50870.31,
                        "Plan Rows": 1487231,
                        "Plan Width": 4,
                        "Actual Startup Time": 0.019,
                        "Actual Total Time": 147.165,
                        "Actual Rows": 1264156,
                        "Actual Loops": 2
                      }
                    ]
                  }
                ]
              }
            ]
          }
        ]
      }
    ]
  },
  "Planning Time": 0.745,
  "Triggers": [],
  "Execution Time": 1092.735
}