[
  {
    "Plan": {
      "Node Type": "Aggregate",
      "Strategy": "Plain",
      "Partial Mode": "Finalize",
      "Parallel Aware": false,
      "Startup Cost": 31684.26,
      "Total Cost": 31684.27,
      "Plan Rows": 1,
      "Plan Width": 8,
      "Actual Startup Time": 92.463,
      "Actual Total Time": 97.025,
      "Actual Rows": 1,
      "Actual Loops": 1,
      "Plans": [
        {
          "Node Type": "Gather",
          "Parent Relationship": "Outer",
          "Parallel Aware": false,
          "Startup Cost": 31683.95,
          "Total Cost": 31684.26,
          "Plan Rows": 3,
          "Plan Width": 8,
          "Actual Startup Time": 92.356,
          "Actual Total Time": 97.02,
          "Actual Rows": 4,
          "Actual Loops": 1,
          "Workers Planned": 3,
          "Workers Launched": 3,
          "Single Copy": false,
          "Plans": [
            {
              "Node Type": "Aggregate",
              "Strategy": "Plain",
              "Partial Mode": "Partial",
              "Parent Relationship": "Outer",
              "Parallel Aware": false,
              "Startup Cost": 30683.95,
              "Total Cost": 30683.96,
              "Plan Rows": 1,
              "Plan Width": 8,
              "Actual Startup Time": 88.019,
              "Actual Total Time": 88.02,
              "Actual Rows": 1,
              "Actual Loops": 4,
              "Plans": [
                {
                  "Node Type": "Seq Scan",
                  "Parent Relationship": "Outer",
                  "Parallel Aware": true,
                  "Relation Name": "movie_companies",
                  "Alias": "mc",
                  "Startup Cost": 0.0,
                  "Total Cost": 29310.68,
                  "Plan Rows": 549306,
                  "Plan Width": 0,
                  "Actual Startup Time": 0.875,
                  "Actual Total Time": 69.783,
                  "Actual Rows": 426569,
                  "Actual Loops": 4,
                  "Filter": "(company_id > 2924)",
                  "Rows Removed by Filter": 225714
                }
              ]
            }
          ]
        }
      ]
    },
    "Planning Time": 0.058,
    "Triggers": [],
    "Execution Time": 97.046
  }
]