[
  {
    "Plan": {
      "Node Type": "Aggregate",
      "Strategy": "Plain",
      "Partial Mode": "Finalize",
      "Parallel Aware": false,
      "Startup Cost": 31684.66,
      "Total Cost": 31684.67,
      "Plan Rows": 1,
      "Plan Width": 8,
      "Actual Startup Time": 114.882,
      "Actual Total Time": 121.736,
      "Actual Rows": 1,
      "Actual Loops": 1,
      "Plans": [
        {
          "Node Type": "Gather",
          "Parent Relationship": "Outer",
          "Parallel Aware": false,
          "Startup Cost": 31684.34,
          "Total Cost": 31684.65,
          "Plan Rows": 3,
          "Plan Width": 8,
          "Actual Startup Time": 114.771,
          "Actual Total Time": 121.727,
          "Actual Rows": 4,
          "Actual Loops": 1,
          "Workers Planned": 3,
          "Workers Launched": 3,
          "Single Copy": false,
          "Plans": [
            {
              "Node Type": "Aggregate",
              "Strategy": "Plain",
              "Partial Mode": "Partial",
              "Parent Relationship": "Outer",
              "Parallel Aware": false,
              "Startup Cost": 30684.34,
              "Total Cost": 30684.35,
              "Plan Rows": 1,
              "Plan Width": 8,
              "Actual Startup Time": 108.451,
              "Actual Total Time": 108.453,
              "Actual Rows": 1,
              "Actual Loops": 4,
              "Plans": [
                {
                  "Node Type": "Seq Scan",
                  "Parent Relationship": "Outer",
                  "Parallel Aware": true,
                  "Relation Name": "movie_companies",
                  "Alias": "mc",
                  "Startup Cost": 0.0,
                  "Total Cost": 29310.68,
                  "Plan Rows": 549465,
                  "Plan Width": 0,
                  "Actual Startup Time": 1.585,
                  "Actual Total Time": 86.978,
                  "Actual Rows": 426569,
                  "Actual Loops": 4,
                  "Filter": "(company_id > 2924)",
                  "Rows Removed by Filter": 225714
                }
              ]
            }
          ]
        }
      ]
    },
    "Planning Time": 0.121,
    "Triggers": [],
    "Execution Time": 121.775
  }
]