[
    {
        "Bao": {
            "Bao prediction": "NaN",
            "Bao recommended hint": "(no hint)"
        }
    },
    {
        "Plan": {
            "Node Type": "Aggregate",
            "Strategy": "Plain",
            "Partial Mode": "Finalize",
            "Parallel Aware": false,
            "Startup Cost": 30941.57,
            "Total Cost": 30941.58,
            "Plan Rows": 1,
            "Plan Width": 8,
            "Actual Startup Time": 85.863,
            "Actual Total Time": 90.361,
            "Actual Rows": 1,
            "Actual Loops": 1,
            "Output": [
                "count(*)"
            ],
            "Plans": [
                {
                    "Node Type": "Gather",
                    "Parent Relationship": "Outer",
                    "Parallel Aware": false,
                    "Startup Cost": 30941.25,
                    "Total Cost": 30941.56,
                    "Plan Rows": 3,
                    "Plan Width": 8,
                    "Actual Startup Time": 85.765,
                    "Actual Total Time": 90.353,
                    "Actual Rows": 4,
                    "Actual Loops": 1,
                    "Output": [
                        "(PARTIAL count(*))"
                    ],
                    "Workers Planned": 3,
                    "Workers Launched": 3,
                    "Single Copy": false,
                    "Plans": [
                        {
                            "Node Type": "Aggregate",
                            "Strategy": "Plain",
                            "Partial Mode": "Partial",
                            "Parent Relationship": "Outer",
                            "Parallel Aware": false,
                            "Startup Cost": 29941.25,
                            "Total Cost": 29941.26,
                            "Plan Rows": 1,
                            "Plan Width": 8,
                            "Actual Startup Time": 77.769,
                            "Actual Total Time": 77.77,
                            "Actual Rows": 1,
                            "Actual Loops": 4,
                            "Output": [
                                "PARTIAL count(*)"
                            ],
                            "Workers": [
                                {
                                    "Worker Number": 0,
                                    "Actual Startup Time": 74.775,
                                    "Actual Total Time": 74.776,
                                    "Actual Rows": 1,
                                    "Actual Loops": 1
                                },
                                {
                                    "Worker Number": 1,
                                    "Actual Startup Time": 75.284,
                                    "Actual Total Time": 75.285,
                                    "Actual Rows": 1,
                                    "Actual Loops": 1
                                },
                                {
                                    "Worker Number": 2,
                                    "Actual Startup Time": 75.61,
                                    "Actual Total Time": 75.611,
                                    "Actual Rows": 1,
                                    "Actual Loops": 1
                                }
                            ],
                            "Plans": [
                                {
                                    "Node Type": "Seq Scan",
                                    "Parent Relationship": "Outer",
                                    "Parallel Aware": true,
                                    "Relation Name": "movie_companies",
                                    "Schema": "public",
                                    "Alias": "mc",
                                    "Startup Cost": 0.0,
                                    "Total Cost": 29310.68,
                                    "Plan Rows": 252229,
                                    "Plan Width": 0,
                                    "Actual Startup Time": 0.055,
                                    "Actual Total Time": 66.821,
                                    "Actual Rows": 193889,
                                    "Actual Loops": 4,
                                    "Output": [
                                        "id",
                                        "movie_id",
                                        "company_id",
                                        "company_type_id",
                                        "note"
                                    ],
                                    "Filter": "(mc.company_id < 1684)",
                                    "Rows Removed by Filter": 458394,
                                    "Workers": [
                                        {
                                            "Worker Number": 0,
                                            "Actual Startup Time": 0.081,
                                            "Actual Total Time": 65.244,
                                            "Actual Rows": 135963,
                                            "Actual Loops": 1
                                        },
                                        {
                                            "Worker Number": 1,
                                            "Actual Startup Time": 0.061,
                                            "Actual Total Time": 65.348,
                                            "Actual Rows": 136123,
                                            "Actual Loops": 1
                                        },
                                        {
                                            "Worker Number": 2,
                                            "Actual Startup Time": 0.062,
                                            "Actual Total Time": 65.612,
                                            "Actual Rows": 143752,
                                            "Actual Loops": 1
                                        }
                                    ]
                                }
                            ]
                        }
                    ]
                }
            ]
        },
        "Planning Time": 183.618,
        "Triggers": [],
        "Execution Time": 90.451
    }
]