[
  {
    "Plan": {
      "Node Type": "Aggregate",
      "Strategy": "Plain",
      "Partial Mode": "Finalize",
      "Parallel Aware": false,
      "Startup Cost": 75410.77,
      "Total Cost": 75410.78,
      "Plan Rows": 1,
      "Plan Width": 8,
      "Actual Startup Time": 110.121,
      "Actual Total Time": 125.818,
      "Actual Rows": 1,
      "Actual Loops": 1,
      "Plans": [
        {
          "Node Type": "Gather",
          "Parent Relationship": "Outer",
          "Parallel Aware": false,
          "Startup Cost": 75410.35,
          "Total Cost": 75410.76,
          "Plan Rows": 4,
          "Plan Width": 8,
          "Actual Startup Time": 109.99,
          "Actual Total Time": 125.811,
          "Actual Rows": 5,
          "Actual Loops": 1,
          "Workers Planned": 4,
          "Workers Launched": 4,
          "Single Copy": false,
          "Plans": [
            {
              "Node Type": "Aggregate",
              "Strategy": "Plain",
              "Partial Mode": "Partial",
              "Parent Relationship": "Outer",
              "Parallel Aware": false,
              "Startup Cost": 74410.35,
              "Total Cost": 74410.36,
              "Plan Rows": 1,
              "Plan Width": 8,
              "Actual Startup Time": 100.786,
              "Actual Total Time": 100.787,
              "Actual Rows": 1,
              "Actual Loops": 5,
              "Plans": [
                {
                  "Node Type": "Nested Loop",
                  "Parent Relationship": "Outer",
                  "Parallel Aware": false,
                  "Join Type": "Inner",
                  "Startup Cost": 0.43,
                  "Total Cost": 74399.02,
                  "Plan Rows": 4529,
                  "Plan Width": 0,
                  "Actual Startup Time": 54.816,
                  "Actual Total Time": 100.421,
                  "Actual Rows": 5184,
                  "Actual Loops": 5,
                  "Inner Unique": false,
                  "Plans": [
                    {
                      "Node Type": "Seq Scan",
                      "Parent Relationship": "Outer",
                      "Parallel Aware": true,
                      "Relation Name": "title",
                      "Alias": "t",
                      "Startup Cost": 0.0,
                      "Total Cost": 45479.1,
                      "Plan Rows": 4388,
                      "Plan Width": 4,
                      "Actual Startup Time": 54.357,
                      "Actual Total Time": 81.657,
                      "Actual Rows": 2156,
                      "Actual Loops": 5,
                      "Filter": "((kind_id = 1) AND (production_year = 2003))",
                      "Rows Removed by Filter": 503506
                    },
                    {
                      "Node Type": "Index Only Scan",
                      "Parent Relationship": "Inner",
                      "Parallel Aware": false,
                      "Scan Direction": "Forward",
                      "Index Name": "movie_id_movie_companies",
                      "Relation Name": "movie_companies",
                      "Alias": "mc",
                      "Startup Cost": 0.43,
                      "Total Cost": 6.54,
                      "Plan Rows": 5,
                      "Plan Width": 4,
                      "Actual Startup Time": 0.007,
                      "Actual Total Time": 0.008,
                      "Actual Rows": 2,
                      "Actual Loops": 10782,
                      "Index Cond": "(movie_id = t.id)",
                      "Rows Removed by Index Recheck": 0,
                      "Heap Fetches": 25922
                    }
                  ]
                }
              ]
            }
          ]
        }
      ]
    },
    "Planning Time": 0.71,
    "Triggers": [],
    "Execution Time": 125.886
  }
]