[
  {
    "Plan": {
      "Node Type": "Aggregate",
      "Strategy": "Plain",
      "Partial Mode": "Finalize",
      "Parallel Aware": false,
      "Startup Cost": 96744.39,
      "Total Cost": 96744.4,
      "Plan Rows": 1,
      "Plan Width": 8,
      "Actual Startup Time": 445.554,
      "Actual Total Time": 462.119,
      "Actual Rows": 1,
      "Actual Loops": 1,
      "Plans": [
        {
          "Node Type": "Gather",
          "Parent Relationship": "Outer",
          "Parallel Aware": false,
          "Startup Cost": 96744.08,
          "Total Cost": 96744.39,
          "Plan Rows": 3,
          "Plan Width": 8,
          "Actual Startup Time": 440.639,
          "Actual Total Time": 462.108,
          "Actual Rows": 4,
          "Actual Loops": 1,
          "Workers Planned": 3,
          "Workers Launched": 3,
          "Single Copy": false,
          "Plans": [
            {
              "Node Type": "Aggregate",
              "Strategy": "Plain",
              "Partial Mode": "Partial",
              "Parent Relationship": "Outer",
              "Parallel Aware": false,
              "Startup Cost": 95744.08,
              "Total Cost": 95744.09,
              "Plan Rows": 1,
              "Plan Width": 8,
              "Actual Startup Time": 428.17,
              "Actual Total Time": 428.173,
              "Actual Rows": 1,
              "Actual Loops": 4,
              "Plans": [
                {
                  "Node Type": "Hash Join",
                  "Parent Relationship": "Outer",
                  "Parallel Aware": true,
                  "Join Type": "Inner",
                  "Startup Cost": 49224.09,
                  "Total Cost": 94554.63,
                  "Plan Rows": 475780,
                  "Plan Width": 0,
                  "Actual Startup Time": 234.653,
                  "Actual Total Time": 424.637,
                  "Actual Rows": 87300,
                  "Actual Loops": 4,
                  "Inner Unique": true,
                  "Hash Cond": "(mk.movie_id = t.id)",
                  "Plans": [
                    {
                      "Node Type": "Seq Scan",
                      "Parent Relationship": "Outer",
                      "Parallel Aware": true,
                      "Relation Name": "movie_keyword",
                      "Alias": "mk",
                      "Startup Cost": 0.0,
                      "Total Cost": 42695.65,
                      "Plan Rows": 1003766,
                      "Plan Width": 4,
                      "Actual Startup Time": 0.034,
                      "Actual Total Time": 105.966,
                      "Actual Rows": 777024,
                      "Actual Loops": 4,
                      "Filter": "(keyword_id < 11798)",
                      "Rows Removed by Filter": 353958
                    },
                    {
                      "Node Type": "Hash",
                      "Parent Relationship": "Inner",
                      "Parallel Aware": true,
                      "Startup Cost": 45479.1,
                      "Total Cost": 45479.1,
                      "Plan Rows": 299599,
                      "Plan Width": 4,
                      "Actual Startup Time": 226.499,
                      "Actual Total Time": 226.5,
                      "Actual Rows": 321264,
                      "Actual Loops": 4,
                      "Hash Buckets": 2097152,
                      "Original Hash Buckets": 2097152,
                      "Hash Batches": 1,
                      "Original Hash Batches": 1,
                      "Peak Memory Usage": 66752,
                      "Plans": [
                        {
                          "Node Type": "Seq Scan",
                          "Parent Relationship": "Outer",
                          "Parallel Aware": true,
                          "Relation Name": "title",
                          "Alias": "t",
                          "Startup Cost": 0.0,
                          "Total Cost": 45479.1,
                          "Plan Rows": 299599,
                          "Plan Width": 4,
                          "Actual Startup Time": 0.039,
                          "Actual Total Time": 106.593,
                          "Actual Rows": 321264,
                          "Actual Loops": 4,
                          "Filter": "((production_year > 1978) AND (kind_id = 7))",
                          "Rows Removed by Filter": 310814
                        }
                      ]
                    }
                  ]
                }
              ]
            }
          ]
        }
      ]
    },
    "Planning Time": 0.654,
    "Triggers": [],
    "Execution Time": 462.215
  }
]