[
  {
    "Plan": {
      "Node Type": "Aggregate",
      "Strategy": "Plain",
      "Partial Mode": "Finalize",
      "Parallel Aware": false,
      "Startup Cost": 323344.99,
      "Total Cost": 323345.0,
      "Plan Rows": 1,
      "Plan Width": 8,
      "Actual Startup Time": 3702.651,
      "Actual Total Time": 3749.089,
      "Actual Rows": 1,
      "Actual Loops": 1,
      "Plans": [
        {
          "Node Type": "Gather",
          "Parent Relationship": "Outer",
          "Parallel Aware": false,
          "Startup Cost": 323344.47,
          "Total Cost": 323344.98,
          "Plan Rows": 5,
          "Plan Width": 8,
          "Actual Startup Time": 3673.186,
          "Actual Total Time": 3749.075,
          "Actual Rows": 6,
          "Actual Loops": 1,
          "Workers Planned": 5,
          "Workers Launched": 5,
          "Single Copy": false,
          "Plans": [
            {
              "Node Type": "Aggregate",
              "Strategy": "Plain",
              "Partial Mode": "Partial",
              "Parent Relationship": "Outer",
              "Parallel Aware": false,
              "Startup Cost": 322344.47,
              "Total Cost": 322344.48,
              "Plan Rows": 1,
              "Plan Width": 8,
              "Actual Startup Time": 3653.903,
              "Actual Total Time": 3654.28,
              "Actual Rows": 1,
              "Actual Loops": 6,
              "Plans": [
                {
                  "Node Type": "Hash Join",
                  "Parent Relationship": "Outer",
                  "Parallel Aware": true,
                  "Join Type": "Inner",
                  "Startup Cost": 104313.82,
                  "Total Cost": 315628.13,
                  "Plan Rows": 2686534,
                  "Plan Width": 0,
                  "Actual Startup Time": 535.003,
                  "Actual Total Time": 2792.821,
                  "Actual Rows": 19604806,
                  "Actual Loops": 6,
                  "Inner Unique": false,
                  "Hash Cond": "(mi.movie_id = t.id)",
                  "Plans": [
                    {
                      "Node Type": "Seq Scan",
                      "Parent Relationship": "Outer",
                      "Parallel Aware": true,
                      "Relation Name": "movie_info",
                      "Alias": "mi",
                      "Startup Cost": 0.0,
                      "Total Cost": 191560.33,
                      "Plan Rows": 2956733,
                      "Plan Width": 4,
                      "Actual Startup Time": 0.036,
                      "Actual Total Time": 313.013,
                      "Actual Rows": 2472620,
                      "Actual Loops": 6
                    },
                    {
                      "Node Type": "Hash",
                      "Parent Relationship": "Inner",
                      "Parallel Aware": true,
                      "Startup Cost": 95050.73,
                      "Total Cost": 95050.73,
                      "Plan Rows": 741047,
                      "Plan Width": 8,
                      "Actual Startup Time": 527.084,
                      "Actual Total Time": 527.46,
                      "Actual Rows": 343198,
                      "Actual Loops": 6,
                      "Hash Buckets": 4194304,
                      "Original Hash Buckets": 4194304,
                      "Hash Batches": 1,
                      "Original Hash Batches": 1,
                      "Peak Memory Usage": 113408,
                      "Plans": [
                        {
                          "Node Type": "Hash Join",
                          "Parent Relationship": "Outer",
                          "Parallel Aware": true,
                          "Join Type": "Inner",
                          "Startup Cost": 49710.49,
                          "Total Cost": 95050.73,
                          "Plan Rows": 741047,
                          "Plan Width": 8,
                          "Actual Startup Time": 223.528,
                          "Actual Total Time": 419.876,
                          "Actual Rows": 343198,
                          "Actual Loops": 6,
                          "Inner Unique": true,
                          "Hash Cond": "(mk.movie_id = t.id)",
                          "Plans": [
                            {
                              "Node Type": "Seq Scan",
                              "Parent Relationship": "Outer",
                              "Parallel Aware": true,
                              "Relation Name": "movie_keyword",
                              "Alias": "mk",
                              "Startup Cost": 0.0,
                              "Total Cost": 42695.65,
                              "Plan Rows": 1007463,
                              "Plan Width": 4,
                              "Actual Startup Time": 0.039,
                              "Actual Total Time": 97.619,
                              "Actual Rows": 519798,
                              "Actual Loops": 6,
                              "Filter": "(keyword_id < 11914)",
                              "Rows Removed by Filter": 234190
                            },
                            {
                              "Node Type": "Hash",
                              "Parent Relationship": "Inner",
                              "Parallel Aware": true,
                              "Startup Cost": 43898.92,
                              "Total Cost": 43898.92,
                              "Plan Rows": 464926,
                              "Plan Width": 4,
                              "Actual Startup Time": 221.538,
                              "Actual Total Time": 221.539,
                              "Actual Rows": 308801,
                              "Actual Loops": 6,
                              "Hash Buckets": 2097152,
                              "Original Hash Buckets": 2097152,
                              "Hash Batches": 1,
                              "Original Hash Batches": 1,
                              "Peak Memory Usage": 88960,
                              "Plans": [
                                {
                                  "Node Type": "Seq Scan",
                                  "Parent Relationship": "Outer",
                                  "Parallel Aware": true,
                                  "Relation Name": "title",
                                  "Alias": "t",
                                  "Startup Cost": 0.0,
                                  "Total Cost": 43898.92,
                                  "Plan Rows": 464926,
                                  "Plan Width": 4,
                                  "Actual Startup Time": 0.046,
                                  "Actual Total Time": 96.504,
                                  "Actual Rows": 308801,
                                  "Actual Loops": 6,
                                  "Filter": "(production_year > 1985)",
                                  "Rows Removed by Filter": 112584
                                }
                              ]
                            }
                          ]
                        }
                      ]
                    }
                  ]
                }
              ]
            }
          ]
        }
      ]
    },
    "Planning Time": 1.365,
    "Triggers": [],
    "Execution Time": 3749.191
  }
]