[
  {
    "Plan": {
      "Node Type": "Aggregate",
      "Strategy": "Plain",
      "Partial Mode": "Finalize",
      "Parallel Aware": false,
      "Startup Cost": 436183.97,
      "Total Cost": 436183.98,
      "Plan Rows": 1,
      "Plan Width": 8,
      "Actual Startup Time": 2838.466,
      "Actual Total Time": 2900.661,
      "Actual Rows": 1,
      "Actual Loops": 1,
      "Plans": [
        {
          "Node Type": "Gather",
          "Parent Relationship": "Outer",
          "Parallel Aware": false,
          "Startup Cost": 436183.34,
          "Total Cost": 436183.95,
          "Plan Rows": 6,
          "Plan Width": 8,
          "Actual Startup Time": 2820.916,
          "Actual Total Time": 2900.65,
          "Actual Rows": 7,
          "Actual Loops": 1,
          "Workers Planned": 6,
          "Workers Launched": 6,
          "Single Copy": false,
          "Plans": [
            {
              "Node Type": "Aggregate",
              "Strategy": "Plain",
              "Partial Mode": "Partial",
              "Parent Relationship": "Outer",
              "Parallel Aware": false,
              "Startup Cost": 435183.34,
              "Total Cost": 435183.35,
              "Plan Rows": 1,
              "Plan Width": 8,
              "Actual Startup Time": 2809.26,
              "Actual Total Time": 2809.408,
              "Actual Rows": 1,
              "Actual Loops": 7,
              "Plans": [
                {
                  "Node Type": "Hash Join",
                  "Parent Relationship": "Outer",
                  "Parallel Aware": true,
                  "Join Type": "Inner",
                  "Startup Cost": 79593.69,
                  "Total Cost": 431750.16,
                  "Plan Rows": 1373272,
                  "Plan Width": 0,
                  "Actual Startup Time": 353.022,
                  "Actual Total Time": 2579.527,
                  "Actual Rows": 5539228,
                  "Actual Loops": 7,
                  "Inner Unique": false,
                  "Hash Cond": "(ci.movie_id = t.id)",
                  "Plans": [
                    {
                      "Node Type": "Seq Scan",
                      "Parent Relationship": "Outer",
                      "Parallel Aware": true,
                      "Relation Name": "cast_info",
                      "Alias": "ci",
                      "Startup Cost": 0.0,
                      "Total Cost": 328162.03,
                      "Plan Rows": 5217211,
                      "Plan Width": 4,
                      "Actual Startup Time": 0.021,
                      "Actual Total Time": 619.862,
                      "Actual Rows": 4500891,
                      "Actual Loops": 7,
                      "Filter": "(person_id < 3205720)",
                      "Rows Removed by Filter": 676872
                    },
                    {
                      "Node Type": "Hash",
                      "Parent Relationship": "Inner",
                      "Parallel Aware": true,
                      "Startup Cost": 76910.24,
                      "Total Cost": 76910.24,
                      "Plan Rows": 214676,
                      "Plan Width": 8,
                      "Actual Startup Time": 349.659,
                      "Actual Total Time": 349.806,
                      "Actual Rows": 185327,
                      "Actual Loops": 7,
                      "Hash Buckets": 2097152,
                      "Original Hash Buckets": 1048576,
                      "Hash Batches": 1,
                      "Original Hash Batches": 1,
                      "Peak Memory Usage": 75424,
                      "Plans": [
                        {
                          "Node Type": "Hash Join",
                          "Parent Relationship": "Outer",
                          "Parallel Aware": true,
                          "Join Type": "Inner",
                          "Startup Cost": 47494.35,
                          "Total Cost": 76910.24,
                          "Plan Rows": 214676,
                          "Plan Width": 8,
                          "Actual Startup Time": 146.481,
                          "Actual Total Time": 261.657,
                          "Actual Rows": 185327,
                          "Actual Loops": 7,
                          "Inner Unique": true,
                          "Hash Cond": "(mc.movie_id = t.id)",
                          "Plans": [
                            {
                              "Node Type": "Seq Scan",
                              "Parent Relationship": "Outer",
                              "Parallel Aware": true,
                              "Relation Name": "movie_companies",
                              "Alias": "mc",
                              "Startup Cost": 0.0,
                              "Total Cost": 27206.55,
                              "Plan Rows": 841655,
                              "Plan Width": 4,
                              "Actual Startup Time": 0.017,
                              "Actual Total Time": 39.827,
                              "Actual Rows": 372733,
                              "Actual Loops": 7
                            },
                            {
                              "Node Type": "Hash",
                              "Parent Relationship": "Inner",
                              "Parallel Aware": true,
                              "Startup Cost": 45479.1,
                              "Total Cost": 45479.1,
                              "Plan Rows": 161220,
                              "Plan Width": 4,
                              "Actual Startup Time": 125.033,
                              "Actual Total Time": 125.035,
                              "Actual Rows": 93759,
                              "Actual Loops": 7,
                              "Hash Buckets": 1048576,
                              "Original Hash Buckets": 1048576,
                              "Hash Batches": 1,
                              "Original Hash Batches": 1,
                              "Peak Memory Usage": 33984,
                              "Plans": [
                                {
                                  "Node Type": "Seq Scan",
                                  "Parent Relationship": "Outer",
                                  "Parallel Aware": true,
                                  "Relation Name": "title",
                                  "Alias": "t",
                                  "Startup Cost": 0.0,
                                  "Total Cost": 45479.1,
                                  "Plan Rows": 161220,
                                  "Plan Width": 4,
                                  "Actual Startup Time": 44.08,
                                  "Actual Total Time": 80.948,
                                  "Actual Rows": 93759,
                                  "Actual Loops": 7,
                                  "Filter": "((production_year > 0) AND (kind_id = 1))",
                                  "Rows Removed by Filter": 267429
                                }
                              ]
                            }
                          ]
                        }
                      ]
                    }
                  ]
                }
              ]
            }
          ]
        }
      ]
    },
    "Planning Time": 1.37,
    "Triggers": [],
    "Execution Time": 2900.763
  }
]