[
  {
    "Plan": {
      "Node Type": "Aggregate",
      "Strategy": "Plain",
      "Partial Mode": "Simple",
      "Parallel Aware": false,
      "Startup Cost": 1374.95,
      "Total Cost": 1374.96,
      "Plan Rows": 1,
      "Plan Width": 8,
      "Actual Startup Time": 0.188,
      "Actual Total Time": 0.189,
      "Actual Rows": 1,
      "Actual Loops": 1,
      "Plans": [
        {
          "Node Type": "Nested Loop",
          "Parent Relationship": "Outer",
          "Parallel Aware": false,
          "Join Type": "Inner",
          "Startup Cost": 1.42,
          "Total Cost": 1374.89,
          "Plan Rows": 25,
          "Plan Width": 0,
          "Actual Startup Time": 0.073,
          "Actual Total Time": 0.183,
          "Actual Rows": 38,
          "Actual Loops": 1,
          "Inner Unique": false,
          "Plans": [
            {
              "Node Type": "Nested Loop",
              "Parent Relationship": "Outer",
              "Parallel Aware": false,
              "Join Type": "Inner",
              "Startup Cost": 0.99,
              "Total Cost": 1352.14,
              "Plan Rows": 37,
              "Plan Width": 8,
              "Actual Startup Time": 0.049,
              "Actual Total Time": 0.103,
              "Actual Rows": 9,
              "Actual Loops": 1,
              "Inner Unique": true,
              "Plans": [
                {
                  "Node Type": "Index Scan",
                  "Parent Relationship": "Outer",
                  "Parallel Aware": false,
                  "Scan Direction": "Forward",
                  "Index Name": "person_id_cast_info",
                  "Relation Name": "cast_info",
                  "Alias": "ci",
                  "Startup Cost": 0.56,
                  "Total Cost": 1039.59,
                  "Plan Rows": 37,
                  "Plan Width": 4,
                  "Actual Startup Time": 0.039,
                  "Actual Total Time": 0.046,
                  "Actual Rows": 9,
                  "Actual Loops": 1,
                  "Index Cond": "(person_id = 2484625)",
                  "Rows Removed by Index Recheck": 0,
                  "Filter": "(role_id = 4)",
                  "Rows Removed by Filter": 143
                },
                {
                  "Node Type": "Index Only Scan",
                  "Parent Relationship": "Inner",
                  "Parallel Aware": false,
                  "Scan Direction": "Forward",
                  "Index Name": "title_pkey",
                  "Relation Name": "title",
                  "Alias": "t",
                  "Startup Cost": 0.43,
                  "Total Cost": 8.45,
                  "Plan Rows": 1,
                  "Plan Width": 4,
                  "Actual Startup Time": 0.006,
                  "Actual Total Time": 0.006,
                  "Actual Rows": 1,
                  "Actual Loops": 9,
                  "Index Cond": "(id = ci.movie_id)",
                  "Rows Removed by Index Recheck": 0,
                  "Heap Fetches": 9
                }
              ]
            },
            {
              "Node Type": "Index Scan",
              "Parent Relationship": "Inner",
              "Parallel Aware": false,
              "Scan Direction": "Forward",
              "Index Name": "movie_id_movie_companies",
              "Relation Name": "movie_companies",
              "Alias": "mc",
              "Startup Cost": 0.43,
              "Total Cost": 0.57,
              "Plan Rows": 4,
              "Plan Width": 4,
              "Actual Startup Time": 0.006,
              "Actual Total Time": 0.008,
              "Actual Rows": 4,
              "Actual Loops": 9,
              "Index Cond": "(movie_id = t.id)",
              "Rows Removed by Index Recheck": 0,
              "Filter": "(company_id > 2629)",
              "Rows Removed by Filter": 1
            }
          ]
        }
      ]
    },
    "Planning Time": 0.516,
    "Triggers": [],
    "Execution Time": 0.215
  }
]