[
  {
    "Plan": {
      "Node Type": "Aggregate",
      "Strategy": "Plain",
      "Partial Mode": "Finalize",
      "Parallel Aware": false,
      "Startup Cost": 44986.56,
      "Total Cost": 44986.57,
      "Plan Rows": 1,
      "Plan Width": 8,
      "Actual Startup Time": 140.661,
      "Actual Total Time": 150.211,
      "Actual Rows": 1,
      "Actual Loops": 1,
      "Plans": [
        {
          "Node Type": "Gather",
          "Parent Relationship": "Outer",
          "Parallel Aware": false,
          "Startup Cost": 44986.25,
          "Total Cost": 44986.56,
          "Plan Rows": 3,
          "Plan Width": 8,
          "Actual Startup Time": 140.54,
          "Actual Total Time": 150.202,
          "Actual Rows": 4,
          "Actual Loops": 1,
          "Workers Planned": 3,
          "Workers Launched": 3,
          "Single Copy": false,
          "Plans": [
            {
              "Node Type": "Aggregate",
              "Strategy": "Plain",
              "Partial Mode": "Partial",
              "Parent Relationship": "Outer",
              "Parallel Aware": false,
              "Startup Cost": 43986.25,
              "Total Cost": 43986.26,
              "Plan Rows": 1,
              "Plan Width": 8,
              "Actual Startup Time": 134.811,
              "Actual Total Time": 134.813,
              "Actual Rows": 1,
              "Actual Loops": 4,
              "Plans": [
                {
                  "Node Type": "Seq Scan",
                  "Parent Relationship": "Outer",
                  "Parallel Aware": true,
                  "Relation Name": "movie_keyword",
                  "Alias": "mk",
                  "Startup Cost": 0.0,
                  "Total Cost": 42695.65,
                  "Plan Rows": 516237,
                  "Plan Width": 0,
                  "Actual Startup Time": 1.162,
                  "Actual Total Time": 114.067,
                  "Actual Rows": 401148,
                  "Actual Loops": 4,
                  "Filter": "(keyword_id > 9506)",
                  "Rows Removed by Filter": 729834
                }
              ]
            }
          ]
        }
      ]
    },
    "Planning Time": 0.15,
    "Triggers": [],
    "Execution Time": 150.258
  }
]