[
  {
    "Plan": {
      "Node Type": "Aggregate",
      "Strategy": "Plain",
      "Partial Mode": "Finalize",
      "Parallel Aware": false,
      "Startup Cost": 352283.01,
      "Total Cost": 352283.02,
      "Plan Rows": 1,
      "Plan Width": 8,
      "Actual Startup Time": 893.111,
      "Actual Total Time": 953.273,
      "Actual Rows": 1,
      "Actual Loops": 1,
      "Plans": [
        {
          "Node Type": "Gather",
          "Parent Relationship": "Outer",
          "Parallel Aware": false,
          "Startup Cost": 352282.38,
          "Total Cost": 352282.99,
          "Plan Rows": 6,
          "Plan Width": 8,
          "Actual Startup Time": 892.979,
          "Actual Total Time": 953.262,
          "Actual Rows": 7,
          "Actual Loops": 1,
          "Workers Planned": 6,
          "Workers Launched": 6,
          "Single Copy": false,
          "Plans": [
            {
              "Node Type": "Aggregate",
              "Strategy": "Plain",
              "Partial Mode": "Partial",
              "Parent Relationship": "Outer",
              "Parallel Aware": false,
              "Startup Cost": 351282.38,
              "Total Cost": 351282.39,
              "Plan Rows": 1,
              "Plan Width": 8,
              "Actual Startup Time": 882.972,
              "Actual Total Time": 882.973,
              "Actual Rows": 1,
              "Actual Loops": 7,
              "Plans": [
                {
                  "Node Type": "Seq Scan",
                  "Parent Relationship": "Outer",
                  "Parallel Aware": true,
                  "Relation Name": "cast_info",
                  "Alias": "ci",
                  "Startup Cost": 0.0,
                  "Total Cost": 343257.03,
                  "Plan Rows": 3210142,
                  "Plan Width": 0,
                  "Actual Startup Time": 0.053,
                  "Actual Total Time": 735.254,
                  "Actual Rows": 3103964,
                  "Actual Loops": 7,
                  "Filter": "((person_id < 2341868) AND (role_id < 9))",
                  "Rows Removed by Filter": 2073800
                }
              ]
            }
          ]
        }
      ]
    },
    "Planning Time": 0.215,
    "Triggers": [],
    "Execution Time": 953.347
  }
]