[
  {
    "Plan": {
      "Node Type": "Aggregate",
      "Strategy": "Plain",
      "Partial Mode": "Simple",
      "Parallel Aware": false,
      "Startup Cost": 40017.87,
      "Total Cost": 40017.88,
      "Plan Rows": 1,
      "Plan Width": 8,
      "Actual Startup Time": 53.093,
      "Actual Total Time": 53.094,
      "Actual Rows": 1,
      "Actual Loops": 1,
      "Plans": [
        {
          "Node Type": "Bitmap Heap Scan",
          "Parent Relationship": "Outer",
          "Parallel Aware": false,
          "Relation Name": "title",
          "Alias": "t",
          "Startup Cost": 2181.48,
          "Total Cost": 40012.49,
          "Plan Rows": 2151,
          "Plan Width": 0,
          "Actual Startup Time": 17.333,
          "Actual Total Time": 52.909,
          "Actual Rows": 2732,
          "Actual Loops": 1,
          "Recheck Cond": "(kind_id = 4)",
          "Rows Removed by Index Recheck": 0,
          "Filter": "(production_year = 1998)",
          "Rows Removed by Filter": 115502,
          "Exact Heap Blocks": 12711,
          "Lossy Heap Blocks": 0,
          "Plans": [
            {
              "Node Type": "Bitmap Index Scan",
              "Parent Relationship": "Outer",
              "Parallel Aware": false,
              "Index Name": "kind_id_title",
              "Startup Cost": 0.0,
              "Total Cost": 2180.94,
              "Plan Rows": 122201,
              "Plan Width": 0,
              "Actual Startup Time": 12.674,
              "Actual Total Time": 12.674,
              "Actual Rows": 118234,
              "Actual Loops": 1,
              "Index Cond": "(kind_id = 4)"
            }
          ]
        }
      ]
    },
    "Planning Time": 0.142,
    "Triggers": [],
    "Execution Time": 53.142
  }
]