[
  {
    "Plan": {
      "Node Type": "Aggregate",
      "Strategy": "Plain",
      "Partial Mode": "Finalize",
      "Parallel Aware": false,
      "Startup Cost": 279761.97,
      "Total Cost": 279761.98,
      "Plan Rows": 1,
      "Plan Width": 8,
      "Actual Startup Time": 1044.009,
      "Actual Total Time": 1092.168,
      "Actual Rows": 1,
      "Actual Loops": 1,
      "Plans": [
        {
          "Node Type": "Gather",
          "Parent Relationship": "Outer",
          "Parallel Aware": false,
          "Startup Cost": 279761.45,
          "Total Cost": 279761.96,
          "Plan Rows": 5,
          "Plan Width": 8,
          "Actual Startup Time": 1036.691,
          "Actual Total Time": 1092.16,
          "Actual Rows": 6,
          "Actual Loops": 1,
          "Workers Planned": 5,
          "Workers Launched": 5,
          "Single Copy": false,
          "Plans": [
            {
              "Node Type": "Aggregate",
              "Strategy": "Plain",
              "Partial Mode": "Partial",
              "Parent Relationship": "Outer",
              "Parallel Aware": false,
              "Startup Cost": 278761.45,
              "Total Cost": 278761.46,
              "Plan Rows": 1,
              "Plan Width": 8,
              "Actual Startup Time": 1028.387,
              "Actual Total Time": 1028.393,
              "Actual Rows": 1,
              "Actual Loops": 6,
              "Plans": [
                {
                  "Node Type": "Hash Join",
                  "Parent Relationship": "Outer",
                  "Parallel Aware": true,
                  "Join Type": "Inner",
                  "Startup Cost": 65124.32,
                  "Total Cost": 277239.0,
                  "Plan Rows": 608980,
                  "Plan Width": 0,
                  "Actual Startup Time": 272.343,
                  "Actual Total Time": 988.827,
                  "Actual Rows": 863843,
                  "Actual Loops": 6,
                  "Inner Unique": false,
                  "Hash Cond": "(mi.movie_id = t.id)",
                  "Plans": [
                    {
                      "Node Type": "Seq Scan",
                      "Parent Relationship": "Outer",
                      "Parallel Aware": true,
                      "Relation Name": "movie_info",
                      "Alias": "mi",
                      "Startup Cost": 0.0,
                      "Total Cost": 199108.24,
                      "Plan Rows": 2791737,
                      "Plan Width": 4,
                      "Actual Startup Time": 0.039,
                      "Actual Total Time": 371.671,
                      "Actual Rows": 2327249,
                      "Actual Loops": 6,
                      "Filter": "(info_type_id < 98)",
                      "Rows Removed by Filter": 145371
                    },
                    {
                      "Node Type": "Hash",
                      "Parent Relationship": "Inner",
                      "Parallel Aware": true,
                      "Startup Cost": 62251.71,
                      "Total Cost": 62251.71,
                      "Plan Rows": 229809,
                      "Plan Width": 8,
                      "Actual Startup Time": 268.665,
                      "Actual Total Time": 268.669,
                      "Actual Rows": 71791,
                      "Actual Loops": 6,
                      "Hash Buckets": 1048576,
                      "Original Hash Buckets": 1048576,
                      "Hash Batches": 1,
                      "Original Hash Batches": 1,
                      "Peak Memory Usage": 25120,
                      "Plans": [
                        {
                          "Node Type": "Hash Join",
                          "Parent Relationship": "Outer",
                          "Parallel Aware": true,
                          "Join Type": "Inner",
                          "Startup Cost": 47057.15,
                          "Total Cost": 62251.71,
                          "Plan Rows": 229809,
                          "Plan Width": 8,
                          "Actual Startup Time": 166.139,
                          "Actual Total Time": 240.668,
                          "Actual Rows": 71791,
                          "Actual Loops": 6,
                          "Inner Unique": true,
                          "Hash Cond": "(mi_idx.movie_id = t.id)",
                          "Plans": [
                            {
                              "Node Type": "Seq Scan",
                              "Parent Relationship": "Outer",
                              "Parallel Aware": true,
                              "Relation Name": "movie_info_idx",
                              "Alias": "mi_idx",
                              "Startup Cost": 0.0,
                              "Total Cost": 13685.15,
                              "Plan Rows": 575015,
                              "Plan Width": 4,
                              "Actual Startup Time": 0.018,
                              "Actual Total Time": 24.465,
                              "Actual Rows": 230006,
                              "Actual Loops": 6
                            },
                            {
                              "Node Type": "Hash",
                              "Parent Relationship": "Inner",
                              "Parallel Aware": true,
                              "Startup Cost": 43899.32,
                              "Total Cost": 43899.32,
                              "Plan Rows": 252626,
                              "Plan Width": 4,
                              "Actual Startup Time": 164.156,
                              "Actual Total Time": 164.157,
                              "Actual Rows": 168820,
                              "Actual Loops": 6,
                              "Hash Buckets": 1048576,
                              "Original Hash Buckets": 1048576,
                              "Hash Batches": 1,
                              "Original Hash Batches": 1,
                              "Peak Memory Usage": 47936,
                              "Plans": [
                                {
                                  "Node Type": "Seq Scan",
                                  "Parent Relationship": "Outer",
                                  "Parallel Aware": true,
                                  "Relation Name": "title",
                                  "Alias": "t",
                                  "Startup Cost": 0.0,
                                  "Total Cost": 43899.32,
                                  "Plan Rows": 252626,
                                  "Plan Width": 4,
                                  "Actual Startup Time": 0.056,
                                  "Actual Total Time": 86.547,
                                  "Actual Rows": 168820,
                                  "Actual Loops": 6,
                                  "Filter": "(production_year > 2005)",
                                  "Rows Removed by Filter": 252565
                                }
                              ]
                            }
                          ]
                        }
                      ]
                    }
                  ]
                }
              ]
            }
          ]
        }
      ]
    },
    "Planning Time": 0.857,
    "Triggers": [],
    "Execution Time": 1092.245
  }
]