[
  {
    "Plan": {
      "Node Type": "Aggregate",
      "Strategy": "Plain",
      "Partial Mode": "Finalize",
      "Parallel Aware": false,
      "Startup Cost": 46303.31,
      "Total Cost": 46303.32,
      "Plan Rows": 1,
      "Plan Width": 8,
      "Actual Startup Time": 194.315,
      "Actual Total Time": 207.349,
      "Actual Rows": 1,
      "Actual Loops": 1,
      "Plans": [
        {
          "Node Type": "Gather",
          "Parent Relationship": "Outer",
          "Parallel Aware": false,
          "Startup Cost": 46302.99,
          "Total Cost": 46303.3,
          "Plan Rows": 3,
          "Plan Width": 8,
          "Actual Startup Time": 194.21,
          "Actual Total Time": 207.34,
          "Actual Rows": 4,
          "Actual Loops": 1,
          "Workers Planned": 3,
          "Workers Launched": 3,
          "Single Copy": false,
          "Plans": [
            {
              "Node Type": "Aggregate",
              "Strategy": "Plain",
              "Partial Mode": "Partial",
              "Parent Relationship": "Outer",
              "Parallel Aware": false,
              "Startup Cost": 45302.99,
              "Total Cost": 45303.0,
              "Plan Rows": 1,
              "Plan Width": 8,
              "Actual Startup Time": 185.27,
              "Actual Total Time": 185.271,
              "Actual Rows": 1,
              "Actual Loops": 4,
              "Plans": [
                {
                  "Node Type": "Seq Scan",
                  "Parent Relationship": "Outer",
                  "Parallel Aware": true,
                  "Relation Name": "movie_keyword",
                  "Alias": "mk",
                  "Startup Cost": 0.0,
                  "Total Cost": 42695.65,
                  "Plan Rows": 1042935,
                  "Plan Width": 0,
                  "Actual Startup Time": 0.238,
                  "Actual Total Time": 141.6,
                  "Actual Rows": 806964,
                  "Actual Loops": 4,
                  "Filter": "(keyword_id > 1681)",
                  "Rows Removed by Filter": 324018
                }
              ]
            }
          ]
        }
      ]
    },
    "Planning Time": 0.207,
    "Triggers": [],
    "Execution Time": 207.409
  }
]