[
  {
    "Plan": {
      "Node Type": "Aggregate",
      "Strategy": "Plain",
      "Partial Mode": "Finalize",
      "Parallel Aware": false,
      "Startup Cost": 46308.42,
      "Total Cost": 46308.43,
      "Plan Rows": 1,
      "Plan Width": 8,
      "Actual Startup Time": 202.463,
      "Actual Total Time": 213.229,
      "Actual Rows": 1,
      "Actual Loops": 1,
      "Plans": [
        {
          "Node Type": "Gather",
          "Parent Relationship": "Outer",
          "Parallel Aware": false,
          "Startup Cost": 46308.11,
          "Total Cost": 46308.42,
          "Plan Rows": 3,
          "Plan Width": 8,
          "Actual Startup Time": 202.296,
          "Actual Total Time": 213.219,
          "Actual Rows": 4,
          "Actual Loops": 1,
          "Workers Planned": 3,
          "Workers Launched": 3,
          "Single Copy": false,
          "Plans": [
            {
              "Node Type": "Aggregate",
              "Strategy": "Plain",
              "Partial Mode": "Partial",
              "Parent Relationship": "Outer",
              "Parallel Aware": false,
              "Startup Cost": 45308.11,
              "Total Cost": 45308.12,
              "Plan Rows": 1,
              "Plan Width": 8,
              "Actual Startup Time": 195.682,
              "Actual Total Time": 195.683,
              "Actual Rows": 1,
              "Actual Loops": 4,
              "Plans": [
                {
                  "Node Type": "Seq Scan",
                  "Parent Relationship": "Outer",
                  "Parallel Aware": true,
                  "Relation Name": "movie_keyword",
                  "Alias": "mk",
                  "Startup Cost": 0.0,
                  "Total Cost": 42695.65,
                  "Plan Rows": 1044981,
                  "Plan Width": 0,
                  "Actual Startup Time": 0.241,
                  "Actual Total Time": 149.333,
                  "Actual Rows": 806964,
                  "Actual Loops": 4,
                  "Filter": "(keyword_id > 1681)",
                  "Rows Removed by Filter": 324018
                }
              ]
            }
          ]
        }
      ]
    },
    "Planning Time": 0.192,
    "Triggers": [],
    "Execution Time": 213.289
  }
]