[
  {
    "Plan": {
      "Node Type": "Aggregate",
      "Strategy": "Plain",
      "Partial Mode": "Finalize",
      "Parallel Aware": false,
      "Startup Cost": 34223.85,
      "Total Cost": 34223.86,
      "Plan Rows": 1,
      "Plan Width": 8,
      "Actual Startup Time": 123.074,
      "Actual Total Time": 131.62,
      "Actual Rows": 1,
      "Actual Loops": 1,
      "Plans": [
        {
          "Node Type": "Gather",
          "Parent Relationship": "Outer",
          "Parallel Aware": false,
          "Startup Cost": 34223.53,
          "Total Cost": 34223.84,
          "Plan Rows": 3,
          "Plan Width": 8,
          "Actual Startup Time": 122.667,
          "Actual Total Time": 131.605,
          "Actual Rows": 4,
          "Actual Loops": 1,
          "Workers Planned": 3,
          "Workers Launched": 3,
          "Single Copy": false,
          "Plans": [
            {
              "Node Type": "Aggregate",
              "Strategy": "Plain",
              "Partial Mode": "Partial",
              "Parent Relationship": "Outer",
              "Parallel Aware": false,
              "Startup Cost": 33223.53,
              "Total Cost": 33223.54,
              "Plan Rows": 1,
              "Plan Width": 8,
              "Actual Startup Time": 116.723,
              "Actual Total Time": 116.725,
              "Actual Rows": 1,
              "Actual Loops": 4,
              "Plans": [
                {
                  "Node Type": "Bitmap Heap Scan",
                  "Parent Relationship": "Outer",
                  "Parallel Aware": true,
                  "Relation Name": "movie_keyword",
                  "Alias": "mk",
                  "Startup Cost": 7140.92,
                  "Total Cost": 32952.09,
                  "Plan Rows": 108574,
                  "Plan Width": 0,
                  "Actual Startup Time": 39.666,
                  "Actual Total Time": 110.338,
                  "Actual Rows": 83908,
                  "Actual Loops": 4,
                  "Recheck Cond": "(keyword_id > 49164)",
                  "Rows Removed by Index Recheck": 0,
                  "Exact Heap Blocks": 8714,
                  "Lossy Heap Blocks": 0,
                  "Plans": [
                    {
                      "Node Type": "Bitmap Index Scan",
                      "Parent Relationship": "Outer",
                      "Parallel Aware": false,
                      "Index Name": "keyword_id_movie_keyword",
                      "Startup Cost": 0.0,
                      "Total Cost": 7056.77,
                      "Plan Rows": 336579,
                      "Plan Width": 0,
                      "Actual Startup Time": 39.472,
                      "Actual Total Time": 39.473,
                      "Actual Rows": 335634,
                      "Actual Loops": 1,
                      "Index Cond": "(keyword_id > 49164)"
                    }
                  ]
                }
              ]
            }
          ]
        }
      ]
    },
    "Planning Time": 0.163,
    "Triggers": [],
    "Execution Time": 131.689
  }
]