[
  {
    "Plan": {
      "Node Type": "Aggregate",
      "Strategy": "Plain",
      "Partial Mode": "Finalize",
      "Parallel Aware": false,
      "Startup Cost": 34465.17,
      "Total Cost": 34465.18,
      "Plan Rows": 1,
      "Plan Width": 8,
      "Actual Startup Time": 115.005,
      "Actual Total Time": 123.025,
      "Actual Rows": 1,
      "Actual Loops": 1,
      "Plans": [
        {
          "Node Type": "Gather",
          "Parent Relationship": "Outer",
          "Parallel Aware": false,
          "Startup Cost": 34464.85,
          "Total Cost": 34465.16,
          "Plan Rows": 3,
          "Plan Width": 8,
          "Actual Startup Time": 114.705,
          "Actual Total Time": 123.017,
          "Actual Rows": 4,
          "Actual Loops": 1,
          "Workers Planned": 3,
          "Workers Launched": 3,
          "Single Copy": false,
          "Plans": [
            {
              "Node Type": "Aggregate",
              "Strategy": "Plain",
              "Partial Mode": "Partial",
              "Parent Relationship": "Outer",
              "Parallel Aware": false,
              "Startup Cost": 33464.85,
              "Total Cost": 33464.86,
              "Plan Rows": 1,
              "Plan Width": 8,
              "Actual Startup Time": 107.315,
              "Actual Total Time": 107.316,
              "Actual Rows": 1,
              "Actual Loops": 4,
              "Plans": [
                {
                  "Node Type": "Bitmap Heap Scan",
                  "Parent Relationship": "Outer",
                  "Parallel Aware": true,
                  "Relation Name": "movie_keyword",
                  "Alias": "mk",
                  "Startup Cost": 7337.15,
                  "Total Cost": 33185.9,
                  "Plan Rows": 111580,
                  "Plan Width": 0,
                  "Actual Startup Time": 38.826,
                  "Actual Total Time": 102.167,
                  "Actual Rows": 83908,
                  "Actual Loops": 4,
                  "Recheck Cond": "(keyword_id > 49164)",
                  "Rows Removed by Index Recheck": 0,
                  "Exact Heap Blocks": 10482,
                  "Lossy Heap Blocks": 0,
                  "Plans": [
                    {
                      "Node Type": "Bitmap Index Scan",
                      "Parent Relationship": "Outer",
                      "Parallel Aware": false,
                      "Index Name": "keyword_id_movie_keyword",
                      "Startup Cost": 0.0,
                      "Total Cost": 7250.68,
                      "Plan Rows": 345899,
                      "Plan Width": 0,
                      "Actual Startup Time": 41.246,
                      "Actual Total Time": 41.247,
                      "Actual Rows": 335634,
                      "Actual Loops": 1,
                      "Index Cond": "(keyword_id > 49164)"
                    }
                  ]
                }
              ]
            }
          ]
        }
      ]
    },
    "Planning Time": 0.188,
    "Triggers": [],
    "Execution Time": 123.101
  }
]