[
  {
    "Plan": {
      "Node Type": "Aggregate",
      "Strategy": "Plain",
      "Partial Mode": "Finalize",
      "Parallel Aware": false,
      "Startup Cost": 46990.63,
      "Total Cost": 46990.64,
      "Plan Rows": 1,
      "Plan Width": 8,
      "Actual Startup Time": 172.841,
      "Actual Total Time": 182.348,
      "Actual Rows": 1,
      "Actual Loops": 1,
      "Plans": [
        {
          "Node Type": "Gather",
          "Parent Relationship": "Outer",
          "Parallel Aware": false,
          "Startup Cost": 46990.32,
          "Total Cost": 46990.63,
          "Plan Rows": 3,
          "Plan Width": 8,
          "Actual Startup Time": 172.709,
          "Actual Total Time": 182.338,
          "Actual Rows": 4,
          "Actual Loops": 1,
          "Workers Planned": 3,
          "Workers Launched": 3,
          "Single Copy": false,
          "Plans": [
            {
              "Node Type": "Aggregate",
              "Strategy": "Plain",
              "Partial Mode": "Partial",
              "Parent Relationship": "Outer",
              "Parallel Aware": false,
              "Startup Cost": 45990.32,
              "Total Cost": 45990.33,
              "Plan Rows": 1,
              "Plan Width": 8,
              "Actual Startup Time": 166.247,
              "Actual Total Time": 166.248,
              "Actual Rows": 1,
              "Actual Loops": 4,
              "Plans": [
                {
                  "Node Type": "Seq Scan",
                  "Parent Relationship": "Outer",
                  "Parallel Aware": true,
                  "Relation Name": "movie_keyword",
                  "Alias": "mk",
                  "Startup Cost": 0.0,
                  "Total Cost": 42695.65,
                  "Plan Rows": 1317865,
                  "Plan Width": 0,
                  "Actual Startup Time": 0.052,
                  "Actual Total Time": 121.208,
                  "Actual Rows": 1023894,
                  "Actual Loops": 4,
                  "Filter": "(keyword_id < 40880)",
                  "Rows Removed by Filter": 107089
                }
              ]
            }
          ]
        }
      ]
    },
    "Planning Time": 0.185,
    "Triggers": [],
    "Execution Time": 182.403
  }
]