[
  {
    "Plan": {
      "Node Type": "Aggregate",
      "Strategy": "Plain",
      "Partial Mode": "Finalize",
      "Parallel Aware": false,
      "Startup Cost": 339487.82,
      "Total Cost": 339487.83,
      "Plan Rows": 1,
      "Plan Width": 8,
      "Actual Startup Time": 821.794,
      "Actual Total Time": 882.146,
      "Actual Rows": 1,
      "Actual Loops": 1,
      "Plans": [
        {
          "Node Type": "Gather",
          "Parent Relationship": "Outer",
          "Parallel Aware": false,
          "Startup Cost": 339487.2,
          "Total Cost": 339487.81,
          "Plan Rows": 6,
          "Plan Width": 8,
          "Actual Startup Time": 821.323,
          "Actual Total Time": 882.134,
          "Actual Rows": 7,
          "Actual Loops": 1,
          "Workers Planned": 6,
          "Workers Launched": 6,
          "Single Copy": false,
          "Plans": [
            {
              "Node Type": "Aggregate",
              "Strategy": "Plain",
              "Partial Mode": "Partial",
              "Parent Relationship": "Outer",
              "Parallel Aware": false,
              "Startup Cost": 338487.2,
              "Total Cost": 338487.21,
              "Plan Rows": 1,
              "Plan Width": 8,
              "Actual Startup Time": 813.038,
              "Actual Total Time": 813.04,
              "Actual Rows": 1,
              "Actual Loops": 7,
              "Plans": [
                {
                  "Node Type": "Seq Scan",
                  "Parent Relationship": "Outer",
                  "Parallel Aware": true,
                  "Relation Name": "cast_info",
                  "Alias": "ci",
                  "Startup Cost": 0.0,
                  "Total Cost": 328211.39,
                  "Plan Rows": 4110323,
                  "Plan Width": 0,
                  "Actual Startup Time": 132.454,
                  "Actual Total Time": 654.718,
                  "Actual Rows": 3507118,
                  "Actual Loops": 7,
                  "Filter": "(person_id > 1148486)",
                  "Rows Removed by Filter": 1670645
                }
              ]
            }
          ]
        }
      ]
    },
    "Planning Time": 0.114,
    "Triggers": [],
    "Execution Time": 882.197
  }
]