[
  {
    "Plan": {
      "Node Type": "Aggregate",
      "Strategy": "Plain",
      "Partial Mode": "Finalize",
      "Parallel Aware": false,
      "Startup Cost": 45307.26,
      "Total Cost": 45307.27,
      "Plan Rows": 1,
      "Plan Width": 8,
      "Actual Startup Time": 141.672,
      "Actual Total Time": 149.659,
      "Actual Rows": 1,
      "Actual Loops": 1,
      "Plans": [
        {
          "Node Type": "Gather",
          "Parent Relationship": "Outer",
          "Parallel Aware": false,
          "Startup Cost": 45306.94,
          "Total Cost": 45307.25,
          "Plan Rows": 3,
          "Plan Width": 8,
          "Actual Startup Time": 141.541,
          "Actual Total Time": 149.652,
          "Actual Rows": 4,
          "Actual Loops": 1,
          "Workers Planned": 3,
          "Workers Launched": 3,
          "Single Copy": false,
          "Plans": [
            {
              "Node Type": "Aggregate",
              "Strategy": "Plain",
              "Partial Mode": "Partial",
              "Parent Relationship": "Outer",
              "Parallel Aware": false,
              "Startup Cost": 44306.94,
              "Total Cost": 44306.95,
              "Plan Rows": 1,
              "Plan Width": 8,
              "Actual Startup Time": 134.913,
              "Actual Total Time": 134.914,
              "Actual Rows": 1,
              "Actual Loops": 4,
              "Plans": [
                {
                  "Node Type": "Seq Scan",
                  "Parent Relationship": "Outer",
                  "Parallel Aware": true,
                  "Relation Name": "movie_keyword",
                  "Alias": "mk",
                  "Startup Cost": 0.0,
                  "Total Cost": 42695.65,
                  "Plan Rows": 644516,
                  "Plan Width": 0,
                  "Actual Startup Time": 0.938,
                  "Actual Total Time": 111.56,
                  "Actual Rows": 498512,
                  "Actual Loops": 4,
                  "Filter": "(keyword_id > 6283)",
                  "Rows Removed by Filter": 632470
                }
              ]
            }
          ]
        }
      ]
    },
    "Planning Time": 0.18,
    "Triggers": [],
    "Execution Time": 149.713
  }
]