{
  "Plan": {
    "Node Type": "Aggregate",
    "Strategy": "Plain",
    "Partial Mode": "Finalize",
    "Parallel Aware": false,
    "Startup Cost": 478149.25,
    "Total Cost": 478149.26,
    "Plan Rows": 1,
    "Plan Width": 8,
    "Actual Startup Time": 6084.123,
    "Actual Total Time": 6159.305,
    "Actual Rows": 1,
    "Actual Loops": 1,
    "Plans": [
      {
        "Node Type": "Gather",
        "Parent Relationship": "Outer",
        "Parallel Aware": false,
        "Startup Cost": 478149.14,
        "Total Cost": 478149.25,
        "Plan Rows": 1,
        "Plan Width": 8,
        "Actual Startup Time": 6071.191,
        "Actual Total Time": 6159.299,
        "Actual Rows": 2,
        "Actual Loops": 1,
        "Workers Planned": 1,
        "Workers Launched": 1,
        "Single Copy": false,
        "Plans": [
          {
            "Node Type": "Aggregate",
            "Strategy": "Plain",
            "Partial Mode": "Partial",
            "Parent Relationship": "Outer",
            "Parallel Aware": false,
            "Startup Cost": 477149.14,
            "Total Cost": 477149.15,
            "Plan Rows": 1,
            "Plan Width": 8,
            "Actual Startup Time": 6048.308,
            "Actual Total Time": 6048.315,
            "Actual Rows": 1,
            "Actual Loops": 2,
            "Plans": [
              {
                "Node Type": "Hash Join",
                "Parent Relationship": "Outer",
                "Parallel Aware": true,
                "Join Type": "Inner",
                "Startup Cost": 427506.14,
                "Total Cost": 472847.41,
                "Plan Rows": 1720692,
                "Plan Width": 0,
                "Actual Startup Time": 4963.122,
                "Actual Total Time": 5746.498,
                "Actual Rows": 7143561,
                "Actual Loops": 2,
                "Inner Unique": false,
                "Hash Cond": "(mk.movie_id = t.id)",
                "Plans": [
                  {
                    "Node Type": "Bitmap Heap Scan",
                    "Parent Relationship": "Outer",
                    "Parallel Aware": true,
                    "Relation Name": "movie_keyword",
                    "Alias": "mk",
                    "Startup Cost": 18271.07,
                    "Total Cost": 49057.73,
                    "Plan Rows": 506614,
                    "Plan Width": 4,
                    "Actual Startup Time": 53.323,
                    "Actual Total Time": 132.994,
                    "Actual Rows": 427356,
                    "Actual Loops": 2,
                    "Recheck Cond": "(keyword_id > 21497)",
                    "Rows Removed by Index Recheck": 0,
                    "Exact Heap Blocks": 11793,
                    "Lossy Heap Blocks": 0,
                    "Plans": [
                      {
                        "Node Type": "Bitmap Index Scan",
                        "Parent Relationship": "Outer",
                        "Parallel Aware": false,
                        "Index Name": "keyword_id_movie_keyword",
                        "Startup Cost": 0.0,
                        "Total Cost": 18055.75,
                        "Plan Rows": 861243,
                        "Plan Width": 0,
                        "Actual Startup Time": 49.755,
                        "Actual Total Time": 49.755,
                        "Actual Rows": 854713,
                        "Actual Loops": 1,
                        "Index Cond": "(keyword_id > 21497)"
                      }
                    ]
                  },
                  {
                    "Node Type": "Hash",
                    "Parent Relationship": "Inner",
                    "Parallel Aware": true,
                    "Startup Cost": 346093.56,
                    "Total Cost": 346093.56,
                    "Plan Rows": 5051321,
                    "Plan Width": 8,
                    "Actual Startup Time": 4860.725,
                    "Actual Total Time": 4860.729,
                    "Actual Rows": 4243157,
                    "Actual Loops": 2,
                    "Hash Buckets": 16777216,
                    "Original Hash Buckets": 16777216,
                    "Hash Batches": 1,
                    "Original Hash Batches": 1,
                    "Peak Memory Usage": 463104,
                    "Plans": [
                      {
                        "Node Type": "Hash Join",
                        "Parent Relationship": "Outer",
                        "Parallel Aware": true,
                        "Join Type": "Inner",
                        "Startup Cost": 69461.26,
                        "Total Cost": 346093.56,
                        "Plan Rows": 5051321,
                        "Plan Width": 8,
                        "Actual Startup Time": 584.401,
                        "Actual Total Time": 3406.999,
                        "Actual Rows": 4243157,
                        "Actual Loops": 2,
                        "Inner Unique": true,
                        "Hash Cond": "(ci.movie_id = t.id)",
                        "Plans": [
                          {
                            "Node Type": "Index Scan",
                            "Parent Relationship": "Outer",
                            "Parallel Aware": true,
                            "Scan Direction": "Forward",
                            "Index Name": "role_id_cast_info",
                            "Relation Name": "cast_info",
                            "Alias": "ci",
                            "Startup Cost": 0.56,
                            "Total Cost": 263373.12,
                            "Plan Rows": 5051321,
                            "Plan Width": 4,
                            "Actual Startup Time": 0.21,
                            "Actual Total Time": 660.675,
                            "Actual Rows": 4243157,
                            "Actual Loops": 2,
                            "Index Cond": "(role_id > 5)",
                            "Rows Removed by Index Recheck": 0
                          },
                          {
                            "Node Type": "Hash",
                            "Parent Relationship": "Inner",
                            "Parallel Aware": true,
                            "Startup Cost": 50870.31,
                            "Total Cost": 50870.31,
                            "Plan Rows": 1487231,
                            "Plan Width": 4,
                            "Actual Startup Time": 573.209,
                            "Actual Total Time": 573.21,
                            "Actual Rows": 1264156,
                            "Actual Loops": 2,
                            "Hash Buckets": 4194304,
                            "Original Hash Buckets": 4194304,
                            "Hash Batches": 1,
                            "Original Hash Batches": 1,
                            "Peak Memory Usage": 131712,
                            "Plans": [
                              {
                                "Node Type": "Seq Scan",
                                "Parent Relationship": "Outer",
                                "Parallel Aware": true,
                                "Relation Name": "title",
                                "Alias": "t",
                                "Startup Cost": 0.0,
                                "Total Cost": 50870.31,
                                "Plan Rows": 1487231,
                                "Plan Width": 4,
                                "Actual Startup Time": 0.037,
                                "Actual Total Time": 174.543,
                                "Actual Rows": 1264156,
                                "Actual Loops": 2
                              }
                            ]
                          }
                        ]
                      }
                    ]
                  }
                ]
              }
            ]
          }
        ]
      }
    ]
  },
  "Planning Time": 0.442,
  "Triggers": [],
  "Execution Time": 6159.362
}