{
  "Plan": {
    "Node Type": "Aggregate",
    "Strategy": "Plain",
    "Partial Mode": "Finalize",
    "Parallel Aware": false,
    "Startup Cost": 2688366.11,
    "Total Cost": 2688366.12,
    "Plan Rows": 1,
    "Plan Width": 64,
    "Actual Startup Time": 9760.988,
    "Actual Total Time": 9790.606,
    "Actual Rows": 1,
    "Actual Loops": 1,
    "Plans": [
      {
        "Node Type": "Gather",
        "Parent Relationship": "Outer",
        "Parallel Aware": false,
        "Startup Cost": 2688366.0,
        "Total Cost": 2688366.11,
        "Plan Rows": 1,
        "Plan Width": 64,
        "Actual Startup Time": 9760.973,
        "Actual Total Time": 9790.597,
        "Actual Rows": 2,
        "Actual Loops": 1,
        "Workers Planned": 1,
        "Workers Launched": 1,
        "Single Copy": false,
        "Plans": [
          {
            "Node Type": "Aggregate",
            "Strategy": "Plain",
            "Partial Mode": "Partial",
            "Parent Relationship": "Outer",
            "Parallel Aware": false,
            "Startup Cost": 2687366.0,
            "Total Cost": 2687366.01,
            "Plan Rows": 1,
            "Plan Width": 64,
            "Actual Startup Time": 9668.02,
            "Actual Total Time": 9668.03,
            "Actual Rows": 1,
            "Actual Loops": 2,
            "Plans": [
              {
                "Node Type": "Merge Join",
                "Parent Relationship": "Outer",
                "Parallel Aware": false,
                "Join Type": "Inner",
                "Startup Cost": 2682838.15,
                "Total Cost": 2686640.75,
                "Plan Rows": 145050,
                "Plan Width": 33,
                "Actual Startup Time": 9547.396,
                "Actual Total Time": 9654.976,
                "Actual Rows": 161502,
                "Actual Loops": 2,
                "Inner Unique": true,
                "Merge Cond": "(mc.company_id = cn.id)",
                "Plans": [
                  {
                    "Node Type": "Sort",
                    "Parent Relationship": "Outer",
                    "Parallel Aware": false,
                    "Startup Cost": 2669802.61,
                    "Total Cost": 2670794.29,
                    "Plan Rows": 396671,
                    "Plan Width": 37,
                    "Actual Startup Time": 9502.814,
                    "Actual Total Time": 9547.566,
                    "Actual Rows": 376410,
                    "Actual Loops": 2,
                    "Sort Key": [
                      "mc.company_id"
                    ],
                    "Sort Method": "quicksort",
                    "Sort Space Used": 79012,
                    "Sort Space Type": "Memory",
                    "Workers": [
                      {
                        "Worker Number": 0,
                        "Sort Method": "quicksort",
                        "Sort Space Used": 14183,
                        "Sort Space Type": "Memory"
                      }
                    ],
                    "Plans": [
                      {
                        "Node Type": "Merge Join",
                        "Parent Relationship": "Outer",
                        "Parallel Aware": false,
                        "Join Type": "Inner",
                        "Startup Cost": 2483906.76,
                        "Total Cost": 2632917.0,
                        "Plan Rows": 396671,
                        "Plan Width": 37,
                        "Actual Startup Time": 8924.713,
                        "Actual Total Time": 9389.558,
                        "Actual Rows": 376410,
                        "Actual Loops": 2,
                        "Inner Unique": false,
                        "Merge Cond": "(mc.movie_id = ci.movie_id)",
                        "Plans": [
                          {
                            "Node Type": "Index Scan",
                            "Parent Relationship": "Outer",
                            "Parallel Aware": true,
                            "Scan Direction": "Forward",
                            "Index Name": "movie_id_movie_companies",
                            "Relation Name": "movie_companies",
                            "Alias": "mc",
                            "Startup Cost": 0.43,
                            "Total Cost": 129661.29,
                            "Plan Rows": 1534782,
                            "Plan Width": 8,
                            "Actual Startup Time": 0.086,
                            "Actual Total Time": 284.288,
                            "Actual Rows": 1304564,
                            "Actual Loops": 2
                          },
                          {
                            "Node Type": "Sort",
                            "Parent Relationship": "Inner",
                            "Parallel Aware": false,
                            "Startup Cost": 2483906.24,
                            "Total Cost": 2485540.0,
                            "Plan Rows": 653503,
                            "Plan Width": 41,
                            "Actual Startup Time": 8924.57,
                            "Actual Total Time": 8961.783,
                            "Actual Rows": 517104,
                            "Actual Loops": 2,
                            "Sort Key": [
                              "ci.movie_id"
                            ],
                            "Sort Method": "quicksort",
                            "Sort Space Used": 26826,
                            "Sort Space Type": "Memory",
                            "Workers": [
                              {
                                "Worker Number": 0,
                                "Sort Method": "quicksort",
                                "Sort Space Used": 26826,
                                "Sort Space Type": "Memory"
                              }
                            ],
                            "Plans": [
                              {
                                "Node Type": "Merge Join",
                                "Parent Relationship": "Outer",
                                "Parallel Aware": false,
                                "Join Type": "Inner",
                                "Startup Cost": 2103352.84,
                                "Total Cost": 2420784.93,
                                "Plan Rows": 653503,
                                "Plan Width": 41,
                                "Actual Startup Time": 7059.835,
                                "Actual Total Time": 8855.818,
                                "Actual Rows": 218966,
                                "Actual Loops": 2,
                                "Inner Unique": false,
                                "Merge Cond": "(n1.id = an1.person_id)",
                                "Plans": [
                                  {
                                    "Node Type": "Merge Join",
                                    "Parent Relationship": "Outer",
                                    "Parallel Aware": false,
                                    "Join Type": "Inner",
                                    "Startup Cost": 2103338.24,
                                    "Total Cost": 2332418.89,
                                    "Plan Rows": 3021485,
                                    "Plan Width": 33,
                                    "Actual Startup Time": 7059.783,
                                    "Actual Total Time": 8514.889,
                                    "Actual Rows": 276403,
                                    "Actual Loops": 2,
                                    "Inner Unique": false,
                                    "Merge Cond": "(n1.id = ci.person_id)",
                                    "Plans": [
                                      {
                                        "Node Type": "Index Only Scan",
                                        "Parent Relationship": "Outer",
                                        "Parallel Aware": false,
                                        "Scan Direction": "Forward",
                                        "Index Name": "name_pkey",
                                        "Relation Name": "name",
                                        "Alias": "n1",
                                        "Startup Cost": 0.43,
                                        "Total Cost": 178171.22,
                                        "Plan Rows": 4167377,
                                        "Plan Width": 4,
                                        "Actual Startup Time": 0.16,
                                        "Actual Total Time": 1201.407,
                                        "Actual Rows": 3441927,
                                        "Actual Loops": 2,
                                        "Heap Fetches": 6883854
                                      },
                                      {
                                        "Node Type": "Sort",
                                        "Parent Relationship": "Inner",
                                        "Parallel Aware": false,
                                        "Startup Cost": 2103337.51,
                                        "Total Cost": 2110891.22,
                                        "Plan Rows": 3021485,
                                        "Plan Width": 29,
                                        "Actual Startup Time": 7059.469,
                                        "Actual Total Time": 7102.611,
                                        "Actual Rows": 276403,
                                        "Actual Loops": 2,
                                        "Sort Key": [
                                          "ci.person_id"
                                        ],
                                        "Sort Method": "quicksort",
                                        "Sort Space Used": 34404,
                                        "Sort Space Type": "Memory",
                                        "Workers": [
                                          {
                                            "Worker Number": 0,
                                            "Sort Method": "quicksort",
                                            "Sort Space Used": 34404,
                                            "Sort Space Type": "Memory"
                                          }
                                        ],
                                        "Plans": [
                                          {
                                            "Node Type": "Merge Join",
                                            "Parent Relationship": "Outer",
                                            "Parallel Aware": false,
                                            "Join Type": "Inner",
                                            "Startup Cost": 1616239.8,
                                            "Total Cost": 1778122.6,
                                            "Plan Rows": 3021485,
                                            "Plan Width": 29,
                                            "Actual Startup Time": 5664.491,
                                            "Actual Total Time": 6981.364,
                                            "Actual Rows": 276403,
                                            "Actual Loops": 2,
                                            "Inner Unique": false,
                                            "Merge Cond": "(t.id = ci.movie_id)",
                                            "Plans": [
                                              {
                                                "Node Type": "Index Scan",
                                                "Parent Relationship": "Outer",
                                                "Parallel Aware": false,
                                                "Scan Direction": "Forward",
                                                "Index Name": "title_pkey",
                                                "Relation Name": "title",
                                                "Alias": "t",
                                                "Startup Cost": 0.43,
                                                "Total Cost": 110359.06,
                                                "Plan Rows": 2528509,
                                                "Plan Width": 21,
                                                "Actual Startup Time": 0.101,
                                                "Actual Total Time": 1062.643,
                                                "Actual Rows": 2525794,
                                                "Actual Loops": 2
                                              },
                                              {
                                                "Node Type": "Sort",
                                                "Parent Relationship": "Inner",
                                                "Parallel Aware": false,
                                                "Startup Cost": 1616236.6,
                                                "Total Cost": 1623790.31,
                                                "Plan Rows": 3021485,
                                                "Plan Width": 8,
                                                "Actual Startup Time": 5664.365,
                                                "Actual Total Time": 5708.234,
                                                "Actual Rows": 276403,
                                                "Actual Loops": 2,
                                                "Sort Key": [
                                                  "ci.movie_id"
                                                ],
                                                "Sort Method": "quicksort",
                                                "Sort Space Used": 25245,
                                                "Sort Space Type": "Memory",
                                                "Workers": [
                                                  {
                                                    "Worker Number": 0,
                                                    "Sort Method": "quicksort",
                                                    "Sort Space Used": 25245,
                                                    "Sort Space Type": "Memory"
                                                  }
                                                ],
                                                "Plans": [
                                                  {
                                                    "Node Type": "Merge Join",
                                                    "Parent Relationship": "Outer",
                                                    "Parallel Aware": false,
                                                    "Join Type": "Inner",
                                                    "Startup Cost": 0.7,
                                                    "Total Cost": 1291021.68,
                                                    "Plan Rows": 3021485,
                                                    "Plan Width": 8,
                                                    "Actual Startup Time": 5531.88,
                                                    "Actual Total Time": 5602.476,
                                                    "Actual Rows": 276403,
                                                    "Actual Loops": 2,
                                                    "Inner Unique": false,
                                                    "Merge Cond": "(rt.id = ci.role_id)",
                                                    "Plans": [
                                                      {
                                                        "Node Type": "Index Scan",
                                                        "Parent Relationship": "Outer",
                                                        "Parallel Aware": false,
                                                        "Scan Direction": "Forward",
                                                        "Index Name": "role_type_pkey",
                                                        "Relation Name": "role_type",
                                                        "Alias": "rt",
                                                        "Startup Cost": 0.14,
                                                        "Total Cost": 12.35,
                                                        "Plan Rows": 1,
                                                        "Plan Width": 4,
                                                        "Actual Startup Time": 0.047,
                                                        "Actual Total Time": 0.053,
                                                        "Actual Rows": 1,
                                                        "Actual Loops": 2,
                                                        "Filter": "((role)::text = 'costume designer'::text)",
                                                        "Rows Removed by Filter": 11
                                                      },
                                                      {
                                                        "Node Type": "Index Scan",
                                                        "Parent Relationship": "Inner",
                                                        "Parallel Aware": false,
                                                        "Scan Direction": "Forward",
                                                        "Index Name": "role_id_cast_info",
                                                        "Relation Name": "cast_info",
                                                        "Alias": "ci",
                                                        "Startup Cost": 0.56,
                                                        "Total Cost": 1170149.92,
                                                        "Plan Rows": 36257824,
                                                        "Plan Width": 12,
                                                        "Actual Startup Time": 0.14,
                                                        "Actual Total Time": 3360.773,
                                                        "Actual Rows": 28808108,
                                                        "Actual Loops": 2
                                                      }
                                                    ]
                                                  }
                                                ]
                                              }
                                            ]
                                          }
                                        ]
                                      }
                                    ]
                                  },
                                  {
                                    "Node Type": "Index Scan",
                                    "Parent Relationship": "Inner",
                                    "Parallel Aware": false,
                                    "Scan Direction": "Forward",
                                    "Index Name": "person_id_aka_name",
                                    "Relation Name": "aka_name",
                                    "Alias": "an1",
                                    "Startup Cost": 0.42,
                                    "Total Cost": 72027.93,
                                    "Plan Rows": 901343,
                                    "Plan Width": 20,
                                    "Actual Startup Time": 0.029,
                                    "Actual Total Time": 257.408,
                                    "Actual Rows": 895704,
                                    "Actual Loops": 2
                                  }
                                ]
                              }
                            ]
                          }
                        ]
                      }
                    ]
                  },
                  {
                    "Node Type": "Sort",
                    "Parent Relationship": "Inner",
                    "Parallel Aware": false,
                    "Startup Cost": 12974.89,
                    "Total Cost": 13189.72,
                    "Plan Rows": 85931,
                    "Plan Width": 4,
                    "Actual Startup Time": 44.573,
                    "Actual Total Time": 54.123,
                    "Actual Rows": 84843,
                    "Actual Loops": 2,
                    "Sort Key": [
                      "cn.id"
                    ],
                    "Sort Method": "quicksort",
                    "Sort Space Used": 7050,
                    "Sort Space Type": "Memory",
                    "Workers": [
                      {
                        "Worker Number": 0,
                        "Sort Method": "quicksort",
                        "Sort Space Used": 7050,
                        "Sort Space Type": "Memory"
                      }
                    ],
                    "Plans": [
                      {
                        "Node Type": "Seq Scan",
                        "Parent Relationship": "Outer",
                        "Parallel Aware": false,
                        "Relation Name": "company_name",
                        "Alias": "cn",
                        "Startup Cost": 0.0,
                        "Total Cost": 5932.46,
                        "Plan Rows": 85931,
                        "Plan Width": 4,
                        "Actual Startup Time": 0.036,
                        "Actual Total Time": 26.604,
                        "Actual Rows": 84843,
                        "Actual Loops": 2,
                        "Filter": "((country_code)::text = '[us]'::text)",
                        "Rows Removed by Filter": 150154
                      }
                    ]
                  }
                ]
              }
            ]
          }
        ]
      }
    ]
  },
  "Planning Time": 2.445,
  "Triggers": [],
  "Execution Time": 9798.794
}