[
    {
        "Bao": {
            "Bao prediction": "NaN",
            "Bao recommended hint": "(no hint)"
        }
    },
    {
        "Plan": {
            "Node Type": "Aggregate",
            "Strategy": "Plain",
            "Partial Mode": "Finalize",
            "Parallel Aware": false,
            "Startup Cost": 417004.34,
            "Total Cost": 417004.35,
            "Plan Rows": 1,
            "Plan Width": 8,
            "Actual Startup Time": 2300.715,
            "Actual Total Time": 2338.654,
            "Actual Rows": 1,
            "Actual Loops": 1,
            "Output": [
                "count(*)"
            ],
            "Plans": [
                {
                    "Node Type": "Gather",
                    "Parent Relationship": "Outer",
                    "Parallel Aware": false,
                    "Startup Cost": 417003.71,
                    "Total Cost": 417004.32,
                    "Plan Rows": 6,
                    "Plan Width": 8,
                    "Actual Startup Time": 2289.626,
                    "Actual Total Time": 2338.556,
                    "Actual Rows": 7,
                    "Actual Loops": 1,
                    "Output": [
                        "(PARTIAL count(*))"
                    ],
                    "Workers Planned": 6,
                    "Workers Launched": 6,
                    "Single Copy": false,
                    "Plans": [
                        {
                            "Node Type": "Aggregate",
                            "Strategy": "Plain",
                            "Partial Mode": "Partial",
                            "Parent Relationship": "Outer",
                            "Parallel Aware": false,
                            "Startup Cost": 416003.71,
                            "Total Cost": 416003.72,
                            "Plan Rows": 1,
                            "Plan Width": 8,
                            "Actual Startup Time": 2279.328,
                            "Actual Total Time": 2279.549,
                            "Actual Rows": 1,
                            "Actual Loops": 7,
                            "Output": [
                                "PARTIAL count(*)"
                            ],
                            "Workers": [
                                {
                                    "Worker Number": 0,
                                    "Actual Startup Time": 2276.713,
                                    "Actual Total Time": 2276.727,
                                    "Actual Rows": 1,
                                    "Actual Loops": 1
                                },
                                {
                                    "Worker Number": 1,
                                    "Actual Startup Time": 2276.708,
                                    "Actual Total Time": 2276.714,
                                    "Actual Rows": 1,
                                    "Actual Loops": 1
                                },
                                {
                                    "Worker Number": 2,
                                    "Actual Startup Time": 2277.662,
                                    "Actual Total Time": 2277.667,
                                    "Actual Rows": 1,
                                    "Actual Loops": 1
                                },
                                {
                                    "Worker Number": 3,
                                    "Actual Startup Time": 2278.886,
                                    "Actual Total Time": 2278.892,
                                    "Actual Rows": 1,
                                    "Actual Loops": 1
                                },
                                {
                                    "Worker Number": 4,
                                    "Actual Startup Time": 2277.888,
                                    "Actual Total Time": 2277.893,
                                    "Actual Rows": 1,
                                    "Actual Loops": 1
                                },
                                {
                                    "Worker Number": 5,
                                    "Actual Startup Time": 2278.354,
                                    "Actual Total Time": 2278.359,
                                    "Actual Rows": 1,
                                    "Actual Loops": 1
                                }
                            ],
                            "Plans": [
                                {
                                    "Node Type": "Hash Join",
                                    "Parent Relationship": "Outer",
                                    "Parallel Aware": true,
                                    "Join Type": "Inner",
                                    "Startup Cost": 68448.64,
                                    "Total Cost": 412841.59,
                                    "Plan Rows": 1264850,
                                    "Plan Width": 0,
                                    "Actual Startup Time": 557.775,
                                    "Actual Total Time": 2157.577,
                                    "Actual Rows": 2169190,
                                    "Actual Loops": 7,
                                    "Inner Unique": false,
                                    "Hash Cond": "(ci.movie_id = t.id)",
                                    "Workers": [
                                        {
                                            "Worker Number": 0,
                                            "Actual Startup Time": 555.422,
                                            "Actual Total Time": 2152.461,
                                            "Actual Rows": 2042621,
                                            "Actual Loops": 1
                                        },
                                        {
                                            "Worker Number": 1,
                                            "Actual Startup Time": 555.299,
                                            "Actual Total Time": 2154.53,
                                            "Actual Rows": 2080623,
                                            "Actual Loops": 1
                                        },
                                        {
                                            "Worker Number": 2,
                                            "Actual Startup Time": 556.41,
                                            "Actual Total Time": 2152.167,
                                            "Actual Rows": 2010510,
                                            "Actual Loops": 1
                                        },
                                        {
                                            "Worker Number": 3,
                                            "Actual Startup Time": 556.175,
                                            "Actual Total Time": 2154.88,
                                            "Actual Rows": 1899823,
                                            "Actual Loops": 1
                                        },
                                        {
                                            "Worker Number": 4,
                                            "Actual Startup Time": 556.483,
                                            "Actual Total Time": 2151.865,
                                            "Actual Rows": 1905904,
                                            "Actual Loops": 1
                                        },
                                        {
                                            "Worker Number": 5,
                                            "Actual Startup Time": 556.937,
                                            "Actual Total Time": 2167.891,
                                            "Actual Rows": 2771069,
                                            "Actual Loops": 1
                                        }
                                    ],
                                    "Plans": [
                                        {
                                            "Node Type": "Seq Scan",
                                            "Parent Relationship": "Outer",
                                            "Parallel Aware": true,
                                            "Relation Name": "cast_info",
                                            "Schema": "public",
                                            "Alias": "ci",
                                            "Startup Cost": 0.0,
                                            "Total Cost": 328213.62,
                                            "Plan Rows": 3471257,
                                            "Plan Width": 4,
                                            "Actual Startup Time": 183.692,
                                            "Actual Total Time": 692.273,
                                            "Actual Rows": 2981228,
                                            "Actual Loops": 7,
                                            "Output": [
                                                "ci.id",
                                                "ci.person_id",
                                                "ci.movie_id",
                                                "ci.person_role_id",
                                                "ci.note",
                                                "ci.nr_order",
                                                "ci.role_id"
                                            ],
                                            "Filter": "(ci.person_id > 1515408)",
                                            "Rows Removed by Filter": 2196535,
                                            "Workers": [
                                                {
                                                    "Worker Number": 0,
                                                    "Actual Startup Time": 183.695,
                                                    "Actual Total Time": 704.173,
                                                    "Actual Rows": 2762321,
                                                    "Actual Loops": 1
                                                },
                                                {
                                                    "Worker Number": 1,
                                                    "Actual Startup Time": 183.689,
                                                    "Actual Total Time": 699.264,
                                                    "Actual Rows": 2807039,
                                                    "Actual Loops": 1
                                                },
                                                {
                                                    "Worker Number": 2,
                                                    "Actual Startup Time": 183.643,
                                                    "Actual Total Time": 721.357,
                                                    "Actual Rows": 2758611,
                                                    "Actual Loops": 1
                                                },
                                                {
                                                    "Worker Number": 3,
                                                    "Actual Startup Time": 183.707,
                                                    "Actual Total Time": 705.428,
                                                    "Actual Rows": 2644152,
                                                    "Actual Loops": 1
                                                },
                                                {
                                                    "Worker Number": 4,
                                                    "Actual Startup Time": 183.703,
                                                    "Actual Total Time": 721.614,
                                                    "Actual Rows": 2634535,
                                                    "Actual Loops": 1
                                                },
                                                {
                                                    "Worker Number": 5,
                                                    "Actual Startup Time": 183.705,
                                                    "Actual Total Time": 679.175,
                                                    "Actual Rows": 3860254,
                                                    "Actual Loops": 1
                                                }
                                            ]
                                        },
                                        {
                                            "Node Type": "Hash",
                                            "Parent Relationship": "Inner",
                                            "Parallel Aware": true,
                                            "Startup Cost": 65569.69,
                                            "Total Cost": 65569.69,
                                            "Plan Rows": 230316,
                                            "Plan Width": 8,
                                            "Actual Startup Time": 371.663,
                                            "Actual Total Time": 371.883,
                                            "Actual Rows": 131444,
                                            "Actual Loops": 7,
                                            "Output": [
                                                "t.id",
                                                "mi_idx.movie_id"
                                            ],
                                            "Hash Buckets": 1048576,
                                            "Original Hash Buckets": 1048576,
                                            "Hash Batches": 1,
                                            "Original Hash Batches": 1,
                                            "Peak Memory Usage": 44320,
                                            "Workers": [
                                                {
                                                    "Worker Number": 0,
                                                    "Actual Startup Time": 370.856,
                                                    "Actual Total Time": 370.868,
                                                    "Actual Rows": 121568,
                                                    "Actual Loops": 1
                                                },
                                                {
                                                    "Worker Number": 1,
                                                    "Actual Startup Time": 370.83,
                                                    "Actual Total Time": 370.835,
                                                    "Actual Rows": 120827,
                                                    "Actual Loops": 1
                                                },
                                                {
                                                    "Worker Number": 2,
                                                    "Actual Startup Time": 371.679,
                                                    "Actual Total Time": 371.683,
                                                    "Actual Rows": 125376,
                                                    "Actual Loops": 1
                                                },
                                                {
                                                    "Worker Number": 3,
                                                    "Actual Startup Time": 371.613,
                                                    "Actual Total Time": 371.618,
                                                    "Actual Rows": 119730,
                                                    "Actual Loops": 1
                                                },
                                                {
                                                    "Worker Number": 4,
                                                    "Actual Startup Time": 371.972,
                                                    "Actual Total Time": 371.976,
                                                    "Actual Rows": 122131,
                                                    "Actual Loops": 1
                                                },
                                                {
                                                    "Worker Number": 5,
                                                    "Actual Startup Time": 372.47,
                                                    "Actual Total Time": 372.473,
                                                    "Actual Rows": 171997,
                                                    "Actual Loops": 1
                                                }
                                            ],
                                            "Plans": [
                                                {
                                                    "Node Type": "Hash Join",
                                                    "Parent Relationship": "Outer",
                                                    "Parallel Aware": true,
                                                    "Join Type": "Inner",
                                                    "Startup Cost": 19920.93,
                                                    "Total Cost": 65569.69,
                                                    "Plan Rows": 230316,
                                                    "Plan Width": 8,
                                                    "Actual Startup Time": 112.1,
                                                    "Actual Total Time": 320.714,
                                                    "Actual Rows": 131444,
                                                    "Actual Loops": 7,
                                                    "Output": [
                                                        "t.id",
                                                        "mi_idx.movie_id"
                                                    ],
                                                    "Inner Unique": false,
                                                    "Hash Cond": "(t.id = mi_idx.movie_id)",
                                                    "Workers": [
                                                        {
                                                            "Worker Number": 0,
                                                            "Actual Startup Time": 111.346,
                                                            "Actual Total Time": 320.051,
                                                            "Actual Rows": 121568,
                                                            "Actual Loops": 1
                                                        },
                                                        {
                                                            "Worker Number": 1,
                                                            "Actual Startup Time": 111.26,
                                                            "Actual Total Time": 320.044,
                                                            "Actual Rows": 120827,
                                                            "Actual Loops": 1
                                                        },
                                                        {
                                                            "Worker Number": 2,
                                                            "Actual Startup Time": 112.238,
                                                            "Actual Total Time": 322.846,
                                                            "Actual Rows": 125376,
                                                            "Actual Loops": 1
                                                        },
                                                        {
                                                            "Worker Number": 3,
                                                            "Actual Startup Time": 112.05,
                                                            "Actual Total Time": 319.994,
                                                            "Actual Rows": 119730,
                                                            "Actual Loops": 1
                                                        },
                                                        {
                                                            "Worker Number": 4,
                                                            "Actual Startup Time": 112.476,
                                                            "Actual Total Time": 320.668,
                                                            "Actual Rows": 122131,
                                                            "Actual Loops": 1
                                                        },
                                                        {
                                                            "Worker Number": 5,
                                                            "Actual Startup Time": 112.563,
                                                            "Actual Total Time": 320.655,
                                                            "Actual Rows": 171997,
                                                            "Actual Loops": 1
                                                        }
                                                    ],
                                                    "Plans": [
                                                        {
                                                            "Node Type": "Seq Scan",
                                                            "Parent Relationship": "Outer",
                                                            "Parallel Aware": true,
                                                            "Relation Name": "title",
                                                            "Schema": "public",
                                                            "Alias": "t",
                                                            "Startup Cost": 0.0,
                                                            "Total Cost": 42318.81,
                                                            "Plan Rows": 632080,
                                                            "Plan Width": 4,
                                                            "Actual Startup Time": 0.016,
                                                            "Actual Total Time": 64.106,
                                                            "Actual Rows": 361187,
                                                            "Actual Loops": 7,
                                                            "Output": [
                                                                "t.id",
                                                                "t.title",
                                                                "t.imdb_index",
                                                                "t.kind_id",
                                                                "t.production_year",
                                                                "t.imdb_id",
                                                                "t.phonetic_code",
                                                                "t.episode_of_id",
                                                                "t.season_nr",
                                                                "t.episode_nr",
                                                                "t.series_years",
                                                                "t.md5sum"
                                                            ],
                                                            "Workers": [
                                                                {
                                                                    "Worker Number": 0,
                                                                    "Actual Startup Time": 0.012,
                                                                    "Actual Total Time": 67.555,
                                                                    "Actual Rows": 334229,
                                                                    "Actual Loops": 1
                                                                },
                                                                {
                                                                    "Worker Number": 1,
                                                                    "Actual Startup Time": 0.02,
                                                                    "Actual Total Time": 67.56,
                                                                    "Actual Rows": 329881,
                                                                    "Actual Loops": 1
                                                                },
                                                                {
                                                                    "Worker Number": 2,
                                                                    "Actual Startup Time": 0.024,
                                                                    "Actual Total Time": 69.565,
                                                                    "Actual Rows": 345340,
                                                                    "Actual Loops": 1
                                                                },
                                                                {
                                                                    "Worker Number": 3,
                                                                    "Actual Startup Time": 0.016,
                                                                    "Actual Total Time": 67.435,
                                                                    "Actual Rows": 326664,
                                                                    "Actual Loops": 1
                                                                },
                                                                {
                                                                    "Worker Number": 4,
                                                                    "Actual Startup Time": 0.016,
                                                                    "Actual Total Time": 68.657,
                                                                    "Actual Rows": 334594,
                                                                    "Actual Loops": 1
                                                                },
                                                                {
                                                                    "Worker Number": 5,
                                                                    "Actual Startup Time": 0.016,
                                                                    "Actual Total Time": 61.294,
                                                                    "Actual Rows": 471252,
                                                                    "Actual Loops": 1
                                                                }
                                                            ]
                                                        },
                                                        {
                                                            "Node Type": "Hash",
                                                            "Parent Relationship": "Inner",
                                                            "Parallel Aware": true,
                                                            "Startup Cost": 15122.68,
                                                            "Total Cost": 15122.68,
                                                            "Plan Rows": 383860,
                                                            "Plan Width": 4,
                                                            "Actual Startup Time": 110.775,
                                                            "Actual Total Time": 110.778,
                                                            "Actual Rows": 131444,
                                                            "Actual Loops": 7,
                                                            "Output": [
                                                                "mi_idx.movie_id"
                                                            ],
                                                            "Hash Buckets": 1048576,
                                                            "Original Hash Buckets": 1048576,
                                                            "Hash Batches": 1,
                                                            "Original Hash Batches": 1,
                                                            "Peak Memory Usage": 44320,
                                                            "Workers": [
                                                                {
                                                                    "Worker Number": 0,
                                                                    "Actual Startup Time": 111.191,
                                                                    "Actual Total Time": 111.201,
                                                                    "Actual Rows": 121035,
                                                                    "Actual Loops": 1
                                                                },
                                                                {
                                                                    "Worker Number": 1,
                                                                    "Actual Startup Time": 111.147,
                                                                    "Actual Total Time": 111.149,
                                                                    "Actual Rows": 124647,
                                                                    "Actual Loops": 1
                                                                },
                                                                {
                                                                    "Worker Number": 2,
                                                                    "Actual Startup Time": 112.111,
                                                                    "Actual Total Time": 112.113,
                                                                    "Actual Rows": 120340,
                                                                    "Actual Loops": 1
                                                                },
                                                                {
                                                                    "Worker Number": 3,
                                                                    "Actual Startup Time": 111.931,
                                                                    "Actual Total Time": 111.933,
                                                                    "Actual Rows": 115601,
                                                                    "Actual Loops": 1
                                                                },
                                                                {
                                                                    "Worker Number": 4,
                                                                    "Actual Startup Time": 112.335,
                                                                    "Actual Total Time": 112.337,
                                                                    "Actual Rows": 118035,
                                                                    "Actual Loops": 1
                                                                },
                                                                {
                                                                    "Worker Number": 5,
                                                                    "Actual Startup Time": 112.456,
                                                                    "Actual Total Time": 112.458,
                                                                    "Actual Rows": 142910,
                                                                    "Actual Loops": 1
                                                                }
                                                            ],
                                                            "Plans": [
                                                                {
                                                                    "Node Type": "Seq Scan",
                                                                    "Parent Relationship": "Outer",
                                                                    "Parallel Aware": true,
                                                                    "Relation Name": "movie_info_idx",
                                                                    "Schema": "public",
                                                                    "Alias": "mi_idx",
                                                                    "Startup Cost": 0.0,
                                                                    "Total Cost": 15122.68,
                                                                    "Plan Rows": 383860,
                                                                    "Plan Width": 4,
                                                                    "Actual Startup Time": 0.069,
                                                                    "Actual Total Time": 43.881,
                                                                    "Actual Rows": 131444,
                                                                    "Actual Loops": 7,
                                                                    "Output": [
                                                                        "mi_idx.movie_id"
                                                                    ],
                                                                    "Filter": "(mi_idx.info_type_id > 99)",
                                                                    "Rows Removed by Filter": 65704,
                                                                    "Workers": [
                                                                        {
                                                                            "Worker Number": 0,
                                                                            "Actual Startup Time": 0.079,
                                                                            "Actual Total Time": 45.253,
                                                                            "Actual Rows": 121035,
                                                                            "Actual Loops": 1
                                                                        },
                                                                        {
                                                                            "Worker Number": 1,
                                                                            "Actual Startup Time": 0.071,
                                                                            "Actual Total Time": 45.12,
                                                                            "Actual Rows": 124647,
                                                                            "Actual Loops": 1
                                                                        },
                                                                        {
                                                                            "Worker Number": 2,
                                                                            "Actual Startup Time": 0.074,
                                                                            "Actual Total Time": 44.411,
                                                                            "Actual Rows": 120340,
                                                                            "Actual Loops": 1
                                                                        },
                                                                        {
                                                                            "Worker Number": 3,
                                                                            "Actual Startup Time": 0.082,
                                                                            "Actual Total Time": 44.899,
                                                                            "Actual Rows": 115601,
                                                                            "Actual Loops": 1
                                                                        },
                                                                        {
                                                                            "Worker Number": 4,
                                                                            "Actual Startup Time": 0.076,
                                                                            "Actual Total Time": 43.846,
                                                                            "Actual Rows": 118035,
                                                                            "Actual Loops": 1
                                                                        },
                                                                        {
                                                                            "Worker Number": 5,
                                                                            "Actual Startup Time": 0.081,
                                                                            "Actual Total Time": 43.572,
                                                                            "Actual Rows": 142910,
                                                                            "Actual Loops": 1
                                                                        }
                                                                    ]
                                                                }
                                                            ]
                                                        }
                                                    ]
                                                }
                                            ]
                                        }
                                    ]
                                }
                            ]
                        }
                    ]
                }
            ]
        },
        "Planning Time": 288.183,
        "Triggers": [],
        "Execution Time": 2338.744
    }
]