{
  "Plan": {
    "Node Type": "Aggregate",
    "Strategy": "Plain",
    "Partial Mode": "Finalize",
    "Parallel Aware": false,
    "Startup Cost": 338495.05,
    "Total Cost": 338495.06,
    "Plan Rows": 1,
    "Plan Width": 8,
    "Actual Startup Time": 2264.069,
    "Actual Total Time": 2313.797,
    "Actual Rows": 1,
    "Actual Loops": 1,
    "Plans": [
      {
        "Node Type": "Gather",
        "Parent Relationship": "Outer",
        "Parallel Aware": false,
        "Startup Cost": 338494.94,
        "Total Cost": 338495.05,
        "Plan Rows": 1,
        "Plan Width": 8,
        "Actual Startup Time": 2262.203,
        "Actual Total Time": 2313.789,
        "Actual Rows": 2,
        "Actual Loops": 1,
        "Workers Planned": 1,
        "Workers Launched": 1,
        "Single Copy": false,
        "Plans": [
          {
            "Node Type": "Aggregate",
            "Strategy": "Plain",
            "Partial Mode": "Partial",
            "Parent Relationship": "Outer",
            "Parallel Aware": false,
            "Startup Cost": 337494.94,
            "Total Cost": 337494.95,
            "Plan Rows": 1,
            "Plan Width": 8,
            "Actual Startup Time": 2256.36,
            "Actual Total Time": 2256.364,
            "Actual Rows": 1,
            "Actual Loops": 2,
            "Plans": [
              {
                "Node Type": "Hash Join",
                "Parent Relationship": "Outer",
                "Parallel Aware": true,
                "Join Type": "Inner",
                "Startup Cost": 61719.76,
                "Total Cost": 333503.24,
                "Plan Rows": 1596678,
                "Plan Width": 0,
                "Actual Startup Time": 230.642,
                "Actual Total Time": 2131.215,
                "Actual Rows": 3160034,
                "Actual Loops": 2,
                "Inner Unique": true,
                "Hash Cond": "(mi.movie_id = t.id)",
                "Plans": [
                  {
                    "Node Type": "Seq Scan",
                    "Parent Relationship": "Outer",
                    "Parallel Aware": true,
                    "Relation Name": "movie_info",
                    "Alias": "mi",
                    "Startup Cost": 0.0,
                    "Total Cost": 248955.74,
                    "Plan Rows": 8696274,
                    "Plan Width": 4,
                    "Actual Startup Time": 0.012,
                    "Actual Total Time": 606.304,
                    "Actual Rows": 7417860,
                    "Actual Loops": 2
                  },
                  {
                    "Node Type": "Hash",
                    "Parent Relationship": "Inner",
                    "Parallel Aware": true,
                    "Startup Cost": 58306.47,
                    "Total Cost": 58306.47,
                    "Plan Rows": 273063,
                    "Plan Width": 4,
                    "Actual Startup Time": 223.712,
                    "Actual Total Time": 223.713,
                    "Actual Rows": 278746,
                    "Actual Loops": 2,
                    "Hash Buckets": 1048576,
                    "Original Hash Buckets": 524288,
                    "Hash Batches": 1,
                    "Original Hash Batches": 1,
                    "Peak Memory Usage": 34112,
                    "Plans": [
                      {
                        "Node Type": "Seq Scan",
                        "Parent Relationship": "Outer",
                        "Parallel Aware": true,
                        "Relation Name": "title",
                        "Alias": "t",
                        "Startup Cost": 0.0,
                        "Total Cost": 58306.47,
                        "Plan Rows": 273063,
                        "Plan Width": 4,
                        "Actual Startup Time": 0.043,
                        "Actual Total Time": 153.871,
                        "Actual Rows": 278746,
                        "Actual Loops": 2,
                        "Filter": "((kind_id < 7) AND (production_year < 2003))",
                        "Rows Removed by Filter": 985410
                      }
                    ]
                  }
                ]
              }
            ]
          }
        ]
      }
    ]
  },
  "Planning Time": 0.561,
  "Triggers": [],
  "Execution Time": 2313.873
}