[
  {
    "Plan": {
      "Node Type": "Aggregate",
      "Strategy": "Plain",
      "Partial Mode": "Finalize",
      "Parallel Aware": false,
      "Startup Cost": 121466.38,
      "Total Cost": 121466.39,
      "Plan Rows": 1,
      "Plan Width": 8,
      "Actual Startup Time": 440.672,
      "Actual Total Time": 454.343,
      "Actual Rows": 1,
      "Actual Loops": 1,
      "Plans": [
        {
          "Node Type": "Gather",
          "Parent Relationship": "Outer",
          "Parallel Aware": false,
          "Startup Cost": 121466.07,
          "Total Cost": 121466.38,
          "Plan Rows": 3,
          "Plan Width": 8,
          "Actual Startup Time": 437.596,
          "Actual Total Time": 454.335,
          "Actual Rows": 4,
          "Actual Loops": 1,
          "Workers Planned": 3,
          "Workers Launched": 3,
          "Single Copy": false,
          "Plans": [
            {
              "Node Type": "Aggregate",
              "Strategy": "Plain",
              "Partial Mode": "Partial",
              "Parent Relationship": "Outer",
              "Parallel Aware": false,
              "Startup Cost": 120466.07,
              "Total Cost": 120466.08,
              "Plan Rows": 1,
              "Plan Width": 8,
              "Actual Startup Time": 433.498,
              "Actual Total Time": 433.566,
              "Actual Rows": 1,
              "Actual Loops": 4,
              "Plans": [
                {
                  "Node Type": "Hash Join",
                  "Parent Relationship": "Outer",
                  "Parallel Aware": true,
                  "Join Type": "Inner",
                  "Startup Cost": 92951.55,
                  "Total Cost": 120368.4,
                  "Plan Rows": 39065,
                  "Plan Width": 0,
                  "Actual Startup Time": 358.882,
                  "Actual Total Time": 427.986,
                  "Actual Rows": 125520,
                  "Actual Loops": 4,
                  "Inner Unique": false,
                  "Hash Cond": "(mk.movie_id = t.id)",
                  "Plans": [
                    {
                      "Node Type": "Bitmap Heap Scan",
                      "Parent Relationship": "Outer",
                      "Parallel Aware": true,
                      "Relation Name": "movie_keyword",
                      "Alias": "mk",
                      "Startup Cost": 11596.51,
                      "Total Cost": 38254.51,
                      "Plan Rows": 176320,
                      "Plan Width": 4,
                      "Actual Startup Time": 41.293,
                      "Actual Total Time": 98.115,
                      "Actual Rows": 136338,
                      "Actual Loops": 4,
                      "Recheck Cond": "(keyword_id < 393)",
                      "Rows Removed by Index Recheck": 0,
                      "Exact Heap Blocks": 6363,
                      "Lossy Heap Blocks": 0,
                      "Plans": [
                        {
                          "Node Type": "Bitmap Index Scan",
                          "Parent Relationship": "Outer",
                          "Parallel Aware": false,
                          "Index Name": "keyword_id_movie_keyword",
                          "Startup Cost": 0.0,
                          "Total Cost": 11459.86,
                          "Plan Rows": 546591,
                          "Plan Width": 0,
                          "Actual Startup Time": 37.71,
                          "Actual Total Time": 37.711,
                          "Actual Rows": 545354,
                          "Actual Loops": 1,
                          "Index Cond": "(keyword_id < 393)"
                        }
                      ]
                    },
                    {
                      "Node Type": "Hash",
                      "Parent Relationship": "Inner",
                      "Parallel Aware": true,
                      "Startup Cost": 79604.51,
                      "Total Cost": 79604.51,
                      "Plan Rows": 140042,
                      "Plan Width": 8,
                      "Actual Startup Time": 290.258,
                      "Actual Total Time": 290.324,
                      "Actual Rows": 70236,
                      "Actual Loops": 4,
                      "Hash Buckets": 1048576,
                      "Original Hash Buckets": 1048576,
                      "Hash Batches": 1,
                      "Original Hash Batches": 1,
                      "Peak Memory Usage": 19232,
                      "Plans": [
                        {
                          "Node Type": "Hash Join",
                          "Parent Relationship": "Outer",
                          "Parallel Aware": true,
                          "Join Type": "Inner",
                          "Startup Cost": 33673.56,
                          "Total Cost": 79604.51,
                          "Plan Rows": 140042,
                          "Plan Width": 8,
                          "Actual Startup Time": 187.128,
                          "Actual Total Time": 266.096,
                          "Actual Rows": 70236,
                          "Actual Loops": 4,
                          "Inner Unique": false,
                          "Hash Cond": "(t.id = mc.movie_id)",
                          "Plans": [
                            {
                              "Node Type": "Seq Scan",
                              "Parent Relationship": "Outer",
                              "Parallel Aware": true,
                              "Relation Name": "title",
                              "Alias": "t",
                              "Startup Cost": 0.0,
                              "Total Cost": 42318.81,
                              "Plan Rows": 632080,
                              "Plan Width": 4,
                              "Actual Startup Time": 0.009,
                              "Actual Total Time": 66.589,
                              "Actual Rows": 632078,
                              "Actual Loops": 4
                            },
                            {
                              "Node Type": "Hash",
                              "Parent Relationship": "Inner",
                              "Parallel Aware": true,
                              "Startup Cost": 31414.82,
                              "Total Cost": 31414.82,
                              "Plan Rows": 180699,
                              "Plan Width": 4,
                              "Actual Startup Time": 93.874,
                              "Actual Total Time": 93.876,
                              "Actual Rows": 70236,
                              "Actual Loops": 4,
                              "Hash Buckets": 1048576,
                              "Original Hash Buckets": 1048576,
                              "Hash Batches": 1,
                              "Original Hash Batches": 1,
                              "Peak Memory Usage": 19264,
                              "Plans": [
                                {
                                  "Node Type": "Seq Scan",
                                  "Parent Relationship": "Outer",
                                  "Parallel Aware": true,
                                  "Relation Name": "movie_companies",
                                  "Alias": "mc",
                                  "Startup Cost": 0.0,
                                  "Total Cost": 31414.82,
                                  "Plan Rows": 180699,
                                  "Plan Width": 4,
                                  "Actual Startup Time": 14.145,
                                  "Actual Total Time": 68.425,
                                  "Actual Rows": 70236,
                                  "Actual Loops": 4,
                                  "Filter": "((company_id > 13146) AND (company_type_id = 1))",
                                  "Rows Removed by Filter": 582046
                                }
                              ]
                            }
                          ]
                        }
                      ]
                    }
                  ]
                }
              ]
            }
          ]
        }
      ]
    },
    "Planning Time": 0.63,
    "Triggers": [],
    "Execution Time": 454.398
  }
]