[
  {
    "Plan": {
      "Node Type": "Aggregate",
      "Strategy": "Plain",
      "Partial Mode": "Finalize",
      "Parallel Aware": false,
      "Startup Cost": 121212.78,
      "Total Cost": 121212.79,
      "Plan Rows": 1,
      "Plan Width": 8,
      "Actual Startup Time": 494.705,
      "Actual Total Time": 513.568,
      "Actual Rows": 1,
      "Actual Loops": 1,
      "Plans": [
        {
          "Node Type": "Gather",
          "Parent Relationship": "Outer",
          "Parallel Aware": false,
          "Startup Cost": 121212.47,
          "Total Cost": 121212.78,
          "Plan Rows": 3,
          "Plan Width": 8,
          "Actual Startup Time": 490.639,
          "Actual Total Time": 513.561,
          "Actual Rows": 4,
          "Actual Loops": 1,
          "Workers Planned": 3,
          "Workers Launched": 3,
          "Single Copy": false,
          "Plans": [
            {
              "Node Type": "Aggregate",
              "Strategy": "Plain",
              "Partial Mode": "Partial",
              "Parent Relationship": "Outer",
              "Parallel Aware": false,
              "Startup Cost": 120212.47,
              "Total Cost": 120212.48,
              "Plan Rows": 1,
              "Plan Width": 8,
              "Actual Startup Time": 480.57,
              "Actual Total Time": 480.576,
              "Actual Rows": 1,
              "Actual Loops": 4,
              "Plans": [
                {
                  "Node Type": "Hash Join",
                  "Parent Relationship": "Outer",
                  "Parallel Aware": true,
                  "Join Type": "Inner",
                  "Startup Cost": 92756.48,
                  "Total Cost": 120116.03,
                  "Plan Rows": 38575,
                  "Plan Width": 0,
                  "Actual Startup Time": 398.29,
                  "Actual Total Time": 474.776,
                  "Actual Rows": 125520,
                  "Actual Loops": 4,
                  "Inner Unique": false,
                  "Hash Cond": "(mk.movie_id = t.id)",
                  "Plans": [
                    {
                      "Node Type": "Bitmap Heap Scan",
                      "Parent Relationship": "Outer",
                      "Parallel Aware": true,
                      "Relation Name": "movie_keyword",
                      "Alias": "mk",
                      "Startup Cost": 11369.6,
                      "Total Cost": 37984.45,
                      "Plan Rows": 172868,
                      "Plan Width": 4,
                      "Actual Startup Time": 37.657,
                      "Actual Total Time": 100.25,
                      "Actual Rows": 136338,
                      "Actual Loops": 4,
                      "Recheck Cond": "(keyword_id < 393)",
                      "Rows Removed by Index Recheck": 0,
                      "Exact Heap Blocks": 7023,
                      "Lossy Heap Blocks": 0,
                      "Plans": [
                        {
                          "Node Type": "Bitmap Index Scan",
                          "Parent Relationship": "Outer",
                          "Parallel Aware": false,
                          "Index Name": "keyword_id_movie_keyword",
                          "Startup Cost": 0.0,
                          "Total Cost": 11235.62,
                          "Plan Rows": 535892,
                          "Plan Width": 0,
                          "Actual Startup Time": 33.191,
                          "Actual Total Time": 33.192,
                          "Actual Rows": 545354,
                          "Actual Loops": 1,
                          "Index Cond": "(keyword_id < 393)"
                        }
                      ]
                    },
                    {
                      "Node Type": "Hash",
                      "Parent Relationship": "Inner",
                      "Parallel Aware": true,
                      "Startup Cost": 79623.82,
                      "Total Cost": 79623.82,
                      "Plan Rows": 141045,
                      "Plan Width": 8,
                      "Actual Startup Time": 330.37,
                      "Actual Total Time": 330.374,
                      "Actual Rows": 70236,
                      "Actual Loops": 4,
                      "Hash Buckets": 1048576,
                      "Original Hash Buckets": 1048576,
                      "Hash Batches": 1,
                      "Original Hash Batches": 1,
                      "Peak Memory Usage": 19232,
                      "Plans": [
                        {
                          "Node Type": "Hash Join",
                          "Parent Relationship": "Outer",
                          "Parallel Aware": true,
                          "Join Type": "Inner",
                          "Startup Cost": 33689.74,
                          "Total Cost": 79623.82,
                          "Plan Rows": 141045,
                          "Plan Width": 8,
                          "Actual Startup Time": 214.11,
                          "Actual Total Time": 303.477,
                          "Actual Rows": 70236,
                          "Actual Loops": 4,
                          "Inner Unique": false,
                          "Hash Cond": "(t.id = mc.movie_id)",
                          "Plans": [
                            {
                              "Node Type": "Seq Scan",
                              "Parent Relationship": "Outer",
                              "Parallel Aware": true,
                              "Relation Name": "title",
                              "Alias": "t",
                              "Startup Cost": 0.0,
                              "Total Cost": 42318.73,
                              "Plan Rows": 632073,
                              "Plan Width": 4,
                              "Actual Startup Time": 0.014,
                              "Actual Total Time": 77.182,
                              "Actual Rows": 632078,
                              "Actual Loops": 4
                            },
                            {
                              "Node Type": "Hash",
                              "Parent Relationship": "Inner",
                              "Parallel Aware": true,
                              "Startup Cost": 31414.82,
                              "Total Cost": 31414.82,
                              "Plan Rows": 181994,
                              "Plan Width": 4,
                              "Actual Startup Time": 107.693,
                              "Actual Total Time": 107.695,
                              "Actual Rows": 70236,
                              "Actual Loops": 4,
                              "Hash Buckets": 1048576,
                              "Original Hash Buckets": 1048576,
                              "Hash Batches": 1,
                              "Original Hash Batches": 1,
                              "Peak Memory Usage": 19264,
                              "Plans": [
                                {
                                  "Node Type": "Seq Scan",
                                  "Parent Relationship": "Outer",
                                  "Parallel Aware": true,
                                  "Relation Name": "movie_companies",
                                  "Alias": "mc",
                                  "Startup Cost": 0.0,
                                  "Total Cost": 31414.82,
                                  "Plan Rows": 181994,
                                  "Plan Width": 4,
                                  "Actual Startup Time": 20.352,
                                  "Actual Total Time": 77.857,
                                  "Actual Rows": 70236,
                                  "Actual Loops": 4,
                                  "Filter": "((company_id > 13146) AND (company_type_id = 1))",
                                  "Rows Removed by Filter": 582046
                                }
                              ]
                            }
                          ]
                        }
                      ]
                    }
                  ]
                }
              ]
            }
          ]
        }
      ]
    },
    "Planning Time": 1.557,
    "Triggers": [],
    "Execution Time": 513.68
  }
]