[
  {
    "Plan": {
      "Node Type": "Aggregate",
      "Strategy": "Plain",
      "Partial Mode": "Finalize",
      "Parallel Aware": false,
      "Startup Cost": 47276.91,
      "Total Cost": 47276.92,
      "Plan Rows": 1,
      "Plan Width": 8,
      "Actual Startup Time": 198.36,
      "Actual Total Time": 208.235,
      "Actual Rows": 1,
      "Actual Loops": 1,
      "Plans": [
        {
          "Node Type": "Gather",
          "Parent Relationship": "Outer",
          "Parallel Aware": false,
          "Startup Cost": 47276.59,
          "Total Cost": 47276.9,
          "Plan Rows": 3,
          "Plan Width": 8,
          "Actual Startup Time": 198.233,
          "Actual Total Time": 208.227,
          "Actual Rows": 4,
          "Actual Loops": 1,
          "Workers Planned": 3,
          "Workers Launched": 3,
          "Single Copy": false,
          "Plans": [
            {
              "Node Type": "Aggregate",
              "Strategy": "Plain",
              "Partial Mode": "Partial",
              "Parent Relationship": "Outer",
              "Parallel Aware": false,
              "Startup Cost": 46276.59,
              "Total Cost": 46276.6,
              "Plan Rows": 1,
              "Plan Width": 8,
              "Actual Startup Time": 191.364,
              "Actual Total Time": 191.366,
              "Actual Rows": 1,
              "Actual Loops": 4,
              "Plans": [
                {
                  "Node Type": "Seq Scan",
                  "Parent Relationship": "Outer",
                  "Parallel Aware": true,
                  "Relation Name": "movie_keyword",
                  "Alias": "mk",
                  "Startup Cost": 0.0,
                  "Total Cost": 42695.65,
                  "Plan Rows": 1432374,
                  "Plan Width": 0,
                  "Actual Startup Time": 0.046,
                  "Actual Total Time": 136.356,
                  "Actual Rows": 1108738,
                  "Actual Loops": 4,
                  "Filter": "(keyword_id > 73)",
                  "Rows Removed by Filter": 22244
                }
              ]
            }
          ]
        }
      ]
    },
    "Planning Time": 0.085,
    "Triggers": [],
    "Execution Time": 208.263
  }
]