[
  {
    "Plan": {
      "Node Type": "Aggregate",
      "Strategy": "Plain",
      "Partial Mode": "Finalize",
      "Parallel Aware": false,
      "Startup Cost": 342180.91,
      "Total Cost": 342180.92,
      "Plan Rows": 1,
      "Plan Width": 8,
      "Actual Startup Time": 903.244,
      "Actual Total Time": 948.132,
      "Actual Rows": 1,
      "Actual Loops": 1,
      "Plans": [
        {
          "Node Type": "Gather",
          "Parent Relationship": "Outer",
          "Parallel Aware": false,
          "Startup Cost": 342180.29,
          "Total Cost": 342180.9,
          "Plan Rows": 6,
          "Plan Width": 8,
          "Actual Startup Time": 903.104,
          "Actual Total Time": 948.12,
          "Actual Rows": 7,
          "Actual Loops": 1,
          "Workers Planned": 6,
          "Workers Launched": 6,
          "Single Copy": false,
          "Plans": [
            {
              "Node Type": "Aggregate",
              "Strategy": "Plain",
              "Partial Mode": "Partial",
              "Parent Relationship": "Outer",
              "Parallel Aware": false,
              "Startup Cost": 341180.29,
              "Total Cost": 341180.3,
              "Plan Rows": 1,
              "Plan Width": 8,
              "Actual Startup Time": 894.259,
              "Actual Total Time": 894.261,
              "Actual Rows": 1,
              "Actual Loops": 7,
              "Plans": [
                {
                  "Node Type": "Seq Scan",
                  "Parent Relationship": "Outer",
                  "Parallel Aware": true,
                  "Relation Name": "cast_info",
                  "Alias": "ci",
                  "Startup Cost": 0.0,
                  "Total Cost": 328211.39,
                  "Plan Rows": 5187558,
                  "Plan Width": 0,
                  "Actual Startup Time": 72.231,
                  "Actual Total Time": 668.905,
                  "Actual Rows": 4421934,
                  "Actual Loops": 7,
                  "Filter": "(person_id > 511475)",
                  "Rows Removed by Filter": 755829
                }
              ]
            }
          ]
        }
      ]
    },
    "Planning Time": 0.176,
    "Triggers": [],
    "Execution Time": 948.242
  }
]