[
  {
    "Plan": {
      "Node Type": "Aggregate",
      "Strategy": "Plain",
      "Partial Mode": "Finalize",
      "Parallel Aware": false,
      "Startup Cost": 32955.26,
      "Total Cost": 32955.27,
      "Plan Rows": 1,
      "Plan Width": 8,
      "Actual Startup Time": 97.442,
      "Actual Total Time": 103.822,
      "Actual Rows": 1,
      "Actual Loops": 1,
      "Plans": [
        {
          "Node Type": "Gather",
          "Parent Relationship": "Outer",
          "Parallel Aware": false,
          "Startup Cost": 32954.95,
          "Total Cost": 32955.26,
          "Plan Rows": 3,
          "Plan Width": 8,
          "Actual Startup Time": 97.31,
          "Actual Total Time": 103.81,
          "Actual Rows": 4,
          "Actual Loops": 1,
          "Workers Planned": 3,
          "Workers Launched": 3,
          "Single Copy": false,
          "Plans": [
            {
              "Node Type": "Aggregate",
              "Strategy": "Plain",
              "Partial Mode": "Partial",
              "Parent Relationship": "Outer",
              "Parallel Aware": false,
              "Startup Cost": 31954.95,
              "Total Cost": 31954.96,
              "Plan Rows": 1,
              "Plan Width": 8,
              "Actual Startup Time": 88.681,
              "Actual Total Time": 88.683,
              "Actual Rows": 1,
              "Actual Loops": 4,
              "Plans": [
                {
                  "Node Type": "Seq Scan",
                  "Parent Relationship": "Outer",
                  "Parallel Aware": true,
                  "Relation Name": "movie_companies",
                  "Alias": "mc",
                  "Startup Cost": 0.0,
                  "Total Cost": 31414.82,
                  "Plan Rows": 216051,
                  "Plan Width": 0,
                  "Actual Startup Time": 23.799,
                  "Actual Total Time": 82.973,
                  "Actual Rows": 107496,
                  "Actual Loops": 4,
                  "Filter": "((company_id > 11153) AND (company_type_id < 2))",
                  "Rows Removed by Filter": 544787
                }
              ]
            }
          ]
        }
      ]
    },
    "Planning Time": 0.221,
    "Triggers": [],
    "Execution Time": 103.887
  }
]