{
    "Plan": {
        "Node Type": "Aggregate",
        "Strategy": "Plain",
        "Partial Mode": "Simple",
        "Parallel Aware": false,
        "Startup Cost": 50000306415.86,
        "Total Cost": 50000306415.87,
        "Plan Rows": 1,
        "Plan Width": 96,
        "Actual Startup Time": 1525.366,
        "Actual Total Time": 1544.219,
        "Actual Rows": 1,
        "Actual Loops": 1,
        "Output": [
            "min(cn.name)",
            "min((lt.link)::text)",
            "min(t.title)"
        ],
        "Plans": [
            {
                "Node Type": "Nested Loop",
                "Parent Relationship": "Outer",
                "Parallel Aware": false,
                "Join Type": "Inner",
                "Startup Cost": 50000306409.81,
                "Total Cost": 50000306415.85,
                "Plan Rows": 1,
                "Plan Width": 48,
                "Actual Startup Time": 1518.272,
                "Actual Total Time": 1543.979,
                "Actual Rows": 652,
                "Actual Loops": 1,
                "Output": [
                    "cn.name",
                    "lt.link",
                    "t.title"
                ],
                "Inner Unique": false,
                "Join Filter": "(ml.movie_id = mi.movie_id)",
                "Rows Removed by Join Filter": 0,
                "Plans": [
                    {
                        "Node Type": "Hash Join",
                        "Parent Relationship": "Outer",
                        "Parallel Aware": false,
                        "Join Type": "Inner",
                        "Startup Cost": 40000306409.04,
                        "Total Cost": 40000306410.1,
                        "Plan Rows": 1,
                        "Plan Width": 64,
                        "Actual Startup Time": 1518.18,
                        "Actual Total Time": 1537.127,
                        "Actual Rows": 308,
                        "Actual Loops": 1,
                        "Output": [
                            "cn.name",
                            "mc.movie_id",
                            "mk.movie_id",
                            "ml.movie_id",
                            "lt.link",
                            "t.title",
                            "t.id"
                        ],
                        "Inner Unique": false,
                        "Hash Cond": "(ct.id = mc.company_type_id)",
                        "Plans": [
                            {
                                "Node Type": "Seq Scan",
                                "Parent Relationship": "Outer",
                                "Parallel Aware": false,
                                "Relation Name": "company_type",
                                "Schema": "public",
                                "Alias": "ct",
                                "Startup Cost": 0.0,
                                "Total Cost": 1.05,
                                "Plan Rows": 1,
                                "Plan Width": 4,
                                "Actual Startup Time": 0.053,
                                "Actual Total Time": 0.056,
                                "Actual Rows": 1,
                                "Actual Loops": 1,
                                "Output": [
                                    "ct.id",
                                    "ct.kind"
                                ],
                                "Filter": "((ct.kind)::text = 'production companies'::text)",
                                "Rows Removed by Filter": 3
                            },
                            {
                                "Node Type": "Hash",
                                "Parent Relationship": "Inner",
                                "Parallel Aware": false,
                                "Startup Cost": 40000306409.02,
                                "Total Cost": 40000306409.02,
                                "Plan Rows": 1,
                                "Plan Width": 68,
                                "Actual Startup Time": 1518.112,
                                "Actual Total Time": 1536.961,
                                "Actual Rows": 328,
                                "Actual Loops": 1,
                                "Output": [
                                    "cn.name",
                                    "mc.movie_id",
                                    "mc.company_type_id",
                                    "mk.movie_id",
                                    "ml.movie_id",
                                    "lt.link",
                                    "t.title",
                                    "t.id"
                                ],
                                "Hash Buckets": 1024,
                                "Original Hash Buckets": 1024,
                                "Hash Batches": 1,
                                "Original Hash Batches": 1,
                                "Peak Memory Usage": 42,
                                "Plans": [
                                    {
                                        "Node Type": "Merge Join",
                                        "Parent Relationship": "Outer",
                                        "Parallel Aware": false,
                                        "Join Type": "Inner",
                                        "Startup Cost": 40000306393.18,
                                        "Total Cost": 40000306409.02,
                                        "Plan Rows": 1,
                                        "Plan Width": 68,
                                        "Actual Startup Time": 1517.821,
                                        "Actual Total Time": 1536.831,
                                        "Actual Rows": 328,
                                        "Actual Loops": 1,
                                        "Output": [
                                            "cn.name",
                                            "mc.movie_id",
                                            "mc.company_type_id",
                                            "mk.movie_id",
                                            "ml.movie_id",
                                            "lt.link",
                                            "t.title",
                                            "t.id"
                                        ],
                                        "Inner Unique": false,
                                        "Merge Cond": "(mk.keyword_id = k.id)",
                                        "Plans": [
                                            {
                                                "Node Type": "Sort",
                                                "Parent Relationship": "Outer",
                                                "Parallel Aware": false,
                                                "Startup Cost": 40000303767.04,
                                                "Total Cost": 40000303774.96,
                                                "Plan Rows": 3166,
                                                "Plan Width": 72,
                                                "Actual Startup Time": 1501.869,
                                                "Actual Total Time": 1520.883,
                                                "Actual Rows": 1430,
                                                "Actual Loops": 1,
                                                "Output": [
                                                    "cn.name",
                                                    "mc.movie_id",
                                                    "mc.company_type_id",
                                                    "mk.movie_id",
                                                    "mk.keyword_id",
                                                    "ml.movie_id",
                                                    "lt.link",
                                                    "t.title",
                                                    "t.id"
                                                ],
                                                "Sort Key": [
                                                    "mk.keyword_id"
                                                ],
                                                "Sort Method": "quicksort",
                                                "Sort Space Used": 960,
                                                "Sort Space Type": "Memory",
                                                "Plans": [
                                                    {
                                                        "Node Type": "Merge Join",
                                                        "Parent Relationship": "Outer",
                                                        "Parallel Aware": false,
                                                        "Join Type": "Inner",
                                                        "Startup Cost": 40000303226.35,
                                                        "Total Cost": 40000303582.96,
                                                        "Plan Rows": 3166,
                                                        "Plan Width": 72,
                                                        "Actual Startup Time": 1491.609,
                                                        "Actual Total Time": 1518.4,
                                                        "Actual Rows": 5461,
                                                        "Actual Loops": 1,
                                                        "Output": [
                                                            "cn.name",
                                                            "mc.movie_id",
                                                            "mc.company_type_id",
                                                            "mk.movie_id",
                                                            "mk.keyword_id",
                                                            "ml.movie_id",
                                                            "lt.link",
                                                            "t.title",
                                                            "t.id"
                                                        ],
                                                        "Inner Unique": false,
                                                        "Merge Cond": "(cn.id = mc.company_id)",
                                                        "Plans": [
                                                            {
                                                                "Node Type": "Sort",
                                                                "Parent Relationship": "Outer",
                                                                "Parallel Aware": false,
                                                                "Startup Cost": 11072.31,
                                                                "Total Cost": 11199.14,
                                                                "Plan Rows": 50732,
                                                                "Plan Width": 23,
                                                                "Actual Startup Time": 92.638,
                                                                "Actual Total Time": 94.725,
                                                                "Actual Rows": 14167,
                                                                "Actual Loops": 1,
                                                                "Output": [
                                                                    "cn.name",
                                                                    "cn.id"
                                                                ],
                                                                "Sort Key": [
                                                                    "cn.id"
                                                                ],
                                                                "Sort Method": "quicksort",
                                                                "Sort Space Used": 5023,
                                                                "Sort Space Type": "Memory",
                                                                "Plans": [
                                                                    {
                                                                        "Node Type": "Seq Scan",
                                                                        "Parent Relationship": "Outer",
                                                                        "Parallel Aware": false,
                                                                        "Relation Name": "company_name",
                                                                        "Schema": "public",
                                                                        "Alias": "cn",
                                                                        "Startup Cost": 0.0,
                                                                        "Total Cost": 7107.45,
                                                                        "Plan Rows": 50732,
                                                                        "Plan Width": 23,
                                                                        "Actual Startup Time": 0.025,
                                                                        "Actual Total Time": 73.327,
                                                                        "Actual Rows": 48302,
                                                                        "Actual Loops": 1,
                                                                        "Output": [
                                                                            "cn.name",
                                                                            "cn.id"
                                                                        ],
                                                                        "Filter": "(((cn.country_code)::text <> '[pl]'::text) AND ((cn.name ~~ '%Film%'::text) OR (cn.name ~~ '%Warner%'::text)))",
                                                                        "Rows Removed by Filter": 186695
                                                                    }
                                                                ]
                                                            },
                                                            {
                                                                "Node Type": "Sort",
                                                                "Parent Relationship": "Inner",
                                                                "Parallel Aware": false,
                                                                "Startup Cost": 40000292152.24,
                                                                "Total Cost": 40000292188.89,
                                                                "Plan Rows": 14660,
                                                                "Plan Width": 57,
                                                                "Actual Startup Time": 1398.957,
                                                                "Actual Total Time": 1419.176,
                                                                "Actual Rows": 14176,
                                                                "Actual Loops": 1,
                                                                "Output": [
                                                                    "lt.link",
                                                                    "ml.movie_id",
                                                                    "mc.movie_id",
                                                                    "mc.company_type_id",
                                                                    "mc.company_id",
                                                                    "mk.movie_id",
                                                                    "mk.keyword_id",
                                                                    "t.title",
                                                                    "t.id"
                                                                ],
                                                                "Sort Key": [
                                                                    "mc.company_id"
                                                                ],
                                                                "Sort Method": "quicksort",
                                                                "Sort Space Used": 2322,
                                                                "Sort Space Type": "Memory",
                                                                "Plans": [
                                                                    {
                                                                        "Node Type": "Gather",
                                                                        "Parent Relationship": "Outer",
                                                                        "Parallel Aware": false,
                                                                        "Startup Cost": 40000228722.77,
                                                                        "Total Cost": 40000291137.8,
                                                                        "Plan Rows": 14660,
                                                                        "Plan Width": 57,
                                                                        "Actual Startup Time": 1139.537,
                                                                        "Actual Total Time": 1412.158,
                                                                        "Actual Rows": 14176,
                                                                        "Actual Loops": 1,
                                                                        "Output": [
                                                                            "lt.link",
                                                                            "ml.movie_id",
                                                                            "mc.movie_id",
                                                                            "mc.company_type_id",
                                                                            "mc.company_id",
                                                                            "mk.movie_id",
                                                                            "mk.keyword_id",
                                                                            "t.title",
                                                                            "t.id"
                                                                        ],
                                                                        "Workers Planned": 3,
                                                                        "Workers Launched": 3,
                                                                        "Single Copy": false,
                                                                        "Plans": [
                                                                            {
                                                                                "Node Type": "Hash Join",
                                                                                "Parent Relationship": "Outer",
                                                                                "Parallel Aware": true,
                                                                                "Join Type": "Inner",
                                                                                "Startup Cost": 40000227722.77,
                                                                                "Total Cost": 40000288671.8,
                                                                                "Plan Rows": 4729,
                                                                                "Plan Width": 57,
                                                                                "Actual Startup Time": 1130.217,
                                                                                "Actual Total Time": 1372.845,
                                                                                "Actual Rows": 3544,
                                                                                "Actual Loops": 4,
                                                                                "Output": [
                                                                                    "lt.link",
                                                                                    "ml.movie_id",
                                                                                    "mc.movie_id",
                                                                                    "mc.company_type_id",
                                                                                    "mc.company_id",
                                                                                    "mk.movie_id",
                                                                                    "mk.keyword_id",
                                                                                    "t.title",
                                                                                    "t.id"
                                                                                ],
                                                                                "Inner Unique": false,
                                                                                "Hash Cond": "(mk.movie_id = ml.movie_id)",
                                                                                "Workers": [
                                                                                    {
                                                                                        "Worker Number": 0,
                                                                                        "Actual Startup Time": 1127.041,
                                                                                        "Actual Total Time": 1372.175,
                                                                                        "Actual Rows": 2105,
                                                                                        "Actual Loops": 1
                                                                                    },
                                                                                    {
                                                                                        "Worker Number": 1,
                                                                                        "Actual Startup Time": 1127.338,
                                                                                        "Actual Total Time": 1370.347,
                                                                                        "Actual Rows": 6659,
                                                                                        "Actual Loops": 1
                                                                                    },
                                                                                    {
                                                                                        "Worker Number": 2,
                                                                                        "Actual Startup Time": 1127.527,
                                                                                        "Actual Total Time": 1372.118,
                                                                                        "Actual Rows": 1378,
                                                                                        "Actual Loops": 1
                                                                                    }
                                                                                ],
                                                                                "Plans": [
                                                                                    {
                                                                                        "Node Type": "Seq Scan",
                                                                                        "Parent Relationship": "Outer",
                                                                                        "Parallel Aware": true,
                                                                                        "Relation Name": "movie_keyword",
                                                                                        "Schema": "public",
                                                                                        "Alias": "mk",
                                                                                        "Startup Cost": 10000000000.0,
                                                                                        "Total Cost": 10000039047.32,
                                                                                        "Plan Rows": 1459332,
                                                                                        "Plan Width": 8,
                                                                                        "Actual Startup Time": 0.023,
                                                                                        "Actual Total Time": 125.603,
                                                                                        "Actual Rows": 1130982,
                                                                                        "Actual Loops": 4,
                                                                                        "Output": [
                                                                                            "mk.id",
                                                                                            "mk.movie_id",
                                                                                            "mk.keyword_id"
                                                                                        ],
                                                                                        "Workers": [
                                                                                            {
                                                                                                "Worker Number": 0,
                                                                                                "Actual Startup Time": 0.032,
                                                                                                "Actual Total Time": 129.962,
                                                                                                "Actual Rows": 1127205,
                                                                                                "Actual Loops": 1
                                                                                            },
                                                                                            {
                                                                                                "Worker Number": 1,
                                                                                                "Actual Startup Time": 0.016,
                                                                                                "Actual Total Time": 126.312,
                                                                                                "Actual Rows": 1100010,
                                                                                                "Actual Loops": 1
                                                                                            },
                                                                                            {
                                                                                                "Worker Number": 2,
                                                                                                "Actual Startup Time": 0.017,
                                                                                                "Actual Total Time": 129.808,
                                                                                                "Actual Rows": 1146385,
                                                                                                "Actual Loops": 1
                                                                                            }
                                                                                        ]
                                                                                    },
                                                                                    {
                                                                                        "Node Type": "Hash",
                                                                                        "Parent Relationship": "Inner",
                                                                                        "Parallel Aware": true,
                                                                                        "Startup Cost": 30000227721.77,
                                                                                        "Total Cost": 30000227721.77,
                                                                                        "Plan Rows": 80,
                                                                                        "Plan Width": 49,
                                                                                        "Actual Startup Time": 1129.265,
                                                                                        "Actual Total Time": 1129.274,
                                                                                        "Actual Rows": 410,
                                                                                        "Actual Loops": 4,
                                                                                        "Output": [
                                                                                            "lt.link",
                                                                                            "ml.movie_id",
                                                                                            "mc.movie_id",
                                                                                            "mc.company_type_id",
                                                                                            "mc.company_id",
                                                                                            "t.title",
                                                                                            "t.id"
                                                                                        ],
                                                                                        "Hash Buckets": 2048,
                                                                                        "Original Hash Buckets": 1024,
                                                                                        "Hash Batches": 1,
                                                                                        "Original Hash Batches": 1,
                                                                                        "Peak Memory Usage": 248,
                                                                                        "Workers": [
                                                                                            {
                                                                                                "Worker Number": 0,
                                                                                                "Actual Startup Time": 1126.181,
                                                                                                "Actual Total Time": 1126.19,
                                                                                                "Actual Rows": 75,
                                                                                                "Actual Loops": 1
                                                                                            },
                                                                                            {
                                                                                                "Worker Number": 1,
                                                                                                "Actual Startup Time": 1126.414,
                                                                                                "Actual Total Time": 1126.423,
                                                                                                "Actual Rows": 21,
                                                                                                "Actual Loops": 1
                                                                                            },
                                                                                            {
                                                                                                "Worker Number": 2,
                                                                                                "Actual Startup Time": 1126.317,
                                                                                                "Actual Total Time": 1126.326,
                                                                                                "Actual Rows": 361,
                                                                                                "Actual Loops": 1
                                                                                            }
                                                                                        ],
                                                                                        "Plans": [
                                                                                            {
                                                                                                "Node Type": "Merge Join",
                                                                                                "Parent Relationship": "Outer",
                                                                                                "Parallel Aware": false,
                                                                                                "Join Type": "Inner",
                                                                                                "Startup Cost": 30000227682.03,
                                                                                                "Total Cost": 30000227721.77,
                                                                                                "Plan Rows": 80,
                                                                                                "Plan Width": 49,
                                                                                                "Actual Startup Time": 1057.393,
                                                                                                "Actual Total Time": 1059.184,
                                                                                                "Actual Rows": 410,
                                                                                                "Actual Loops": 4,
                                                                                                "Output": [
                                                                                                    "lt.link",
                                                                                                    "ml.movie_id",
                                                                                                    "mc.movie_id",
                                                                                                    "mc.company_type_id",
                                                                                                    "mc.company_id",
                                                                                                    "t.title",
                                                                                                    "t.id"
                                                                                                ],
                                                                                                "Inner Unique": false,
                                                                                                "Merge Cond": "(t.id = ml.movie_id)",
                                                                                                "Workers": [
                                                                                                    {
                                                                                                        "Worker Number": 0,
                                                                                                        "Actual Startup Time": 1109.707,
                                                                                                        "Actual Total Time": 1110.689,
                                                                                                        "Actual Rows": 75,
                                                                                                        "Actual Loops": 1
                                                                                                    },
                                                                                                    {
                                                                                                        "Worker Number": 1,
                                                                                                        "Actual Startup Time": 1124.361,
                                                                                                        "Actual Total Time": 1125.142,
                                                                                                        "Actual Rows": 21,
                                                                                                        "Actual Loops": 1
                                                                                                    },
                                                                                                    {
                                                                                                        "Worker Number": 2,
                                                                                                        "Actual Startup Time": 1107.07,
                                                                                                        "Actual Total Time": 1108.13,
                                                                                                        "Actual Rows": 361,
                                                                                                        "Actual Loops": 1
                                                                                                    }
                                                                                                ],
                                                                                                "Plans": [
                                                                                                    {
                                                                                                        "Node Type": "Sort",
                                                                                                        "Parent Relationship": "Outer",
                                                                                                        "Parallel Aware": false,
                                                                                                        "Startup Cost": 49109.11,
                                                                                                        "Total Cost": 49226.1,
                                                                                                        "Plan Rows": 46795,
                                                                                                        "Plan Width": 21,
                                                                                                        "Actual Startup Time": 139.889,
                                                                                                        "Actual Total Time": 140.478,
                                                                                                        "Actual Rows": 3781,
                                                                                                        "Actual Loops": 4,
                                                                                                        "Output": [
                                                                                                            "t.title",
                                                                                                            "t.id"
                                                                                                        ],
                                                                                                        "Sort Key": [
                                                                                                            "t.id"
                                                                                                        ],
                                                                                                        "Sort Method": "quicksort",
                                                                                                        "Sort Space Used": 8026,
                                                                                                        "Sort Space Type": "Memory",
                                                                                                        "Workers": [
                                                                                                            {
                                                                                                                "Worker Number": 0,
                                                                                                                "Actual Startup Time": 135.438,
                                                                                                                "Actual Total Time": 135.594,
                                                                                                                "Actual Rows": 1324,
                                                                                                                "Actual Loops": 1
                                                                                                            },
                                                                                                            {
                                                                                                                "Worker Number": 1,
                                                                                                                "Actual Startup Time": 135.614,
                                                                                                                "Actual Total Time": 135.772,
                                                                                                                "Actual Rows": 1296,
                                                                                                                "Actual Loops": 1
                                                                                                            },
                                                                                                            {
                                                                                                                "Worker Number": 2,
                                                                                                                "Actual Startup Time": 135.706,
                                                                                                                "Actual Total Time": 135.873,
                                                                                                                "Actual Rows": 1424,
                                                                                                                "Actual Loops": 1
                                                                                                            }
                                                                                                        ],
                                                                                                        "Plans": [
                                                                                                            {
                                                                                                                "Node Type": "Seq Scan",
                                                                                                                "Parent Relationship": "Outer",
                                                                                                                "Parallel Aware": true,
                                                                                                                "Relation Name": "title",
                                                                                                                "Schema": "public",
                                                                                                                "Alias": "t",
                                                                                                                "Startup Cost": 0.0,
                                                                                                                "Total Cost": 45479.21,
                                                                                                                "Plan Rows": 46795,
                                                                                                                "Plan Width": 21,
                                                                                                                "Actual Startup Time": 0.073,
                                                                                                                "Actual Total Time": 117.154,
                                                                                                                "Actual Rows": 47279,
                                                                                                                "Actual Loops": 4,
                                                                                                                "Output": [
                                                                                                                    "t.title",
                                                                                                                    "t.id"
                                                                                                                ],
                                                                                                                "Filter": "((t.production_year >= 1997) AND (t.production_year <= 2000))",
                                                                                                                "Rows Removed by Filter": 584799,
                                                                                                                "Workers": [
                                                                                                                    {
                                                                                                                        "Worker Number": 0,
                                                                                                                        "Actual Startup Time": 0.1,
                                                                                                                        "Actual Total Time": 114.016,
                                                                                                                        "Actual Rows": 39493,
                                                                                                                        "Actual Loops": 1
                                                                                                                    },
                                                                                                                    {
                                                                                                                        "Worker Number": 1,
                                                                                                                        "Actual Startup Time": 0.102,
                                                                                                                        "Actual Total Time": 114.168,
                                                                                                                        "Actual Rows": 39239,
                                                                                                                        "Actual Loops": 1
                                                                                                                    },
                                                                                                                    {
                                                                                                                        "Worker Number": 2,
                                                                                                                        "Actual Startup Time": 0.077,
                                                                                                                        "Actual Total Time": 113.988,
                                                                                                                        "Actual Rows": 39738,
                                                                                                                        "Actual Loops": 1
                                                                                                                    }
                                                                                                                ]
                                                                                                            }
                                                                                                        ]
                                                                                                    },
                                                                                                    {
                                                                                                        "Node Type": "Sort",
                                                                                                        "Parent Relationship": "Inner",
                                                                                                        "Parallel Aware": false,
                                                                                                        "Startup Cost": 30000178572.91,
                                                                                                        "Total Cost": 30000178583.8,
                                                                                                        "Plan Rows": 4355,
                                                                                                        "Plan Width": 28,
                                                                                                        "Actual Startup Time": 917.373,
                                                                                                        "Actual Total Time": 917.688,
                                                                                                        "Actual Rows": 5069,
                                                                                                        "Actual Loops": 4,
                                                                                                        "Output": [
                                                                                                            "lt.link",
                                                                                                            "ml.movie_id",
                                                                                                            "mc.movie_id",
                                                                                                            "mc.company_type_id",
                                                                                                            "mc.company_id"
                                                                                                        ],
                                                                                                        "Sort Key": [
                                                                                                            "ml.movie_id"
                                                                                                        ],
                                                                                                        "Sort Method": "quicksort",
                                                                                                        "Sort Space Used": 589,
                                                                                                        "Sort Space Type": "Memory",
                                                                                                        "Workers": [
                                                                                                            {
                                                                                                                "Worker Number": 0,
                                                                                                                "Actual Startup Time": 974.206,
                                                                                                                "Actual Total Time": 974.511,
                                                                                                                "Actual Rows": 5069,
                                                                                                                "Actual Loops": 1
                                                                                                            },
                                                                                                            {
                                                                                                                "Worker Number": 1,
                                                                                                                "Actual Startup Time": 988.481,
                                                                                                                "Actual Total Time": 988.787,
                                                                                                                "Actual Rows": 5069,
                                                                                                                "Actual Loops": 1
                                                                                                            },
                                                                                                            {
                                                                                                                "Worker Number": 2,
                                                                                                                "Actual Startup Time": 971.318,
                                                                                                                "Actual Total Time": 971.609,
                                                                                                                "Actual Rows": 5069,
                                                                                                                "Actual Loops": 1
                                                                                                            }
                                                                                                        ],
                                                                                                        "Plans": [
                                                                                                            {
                                                                                                                "Node Type": "Hash Join",
                                                                                                                "Parent Relationship": "Outer",
                                                                                                                "Parallel Aware": false,
                                                                                                                "Join Type": "Inner",
                                                                                                                "Startup Cost": 30000178236.81,
                                                                                                                "Total Cost": 30000178309.69,
                                                                                                                "Plan Rows": 4355,
                                                                                                                "Plan Width": 28,
                                                                                                                "Actual Startup Time": 914.719,
                                                                                                                "Actual Total Time": 915.569,
                                                                                                                "Actual Rows": 5069,
                                                                                                                "Actual Loops": 4,
                                                                                                                "Output": [
                                                                                                                    "lt.link",
                                                                                                                    "ml.movie_id",
                                                                                                                    "mc.movie_id",
                                                                                                                    "mc.company_type_id",
                                                                                                                    "mc.company_id"
                                                                                                                ],
                                                                                                                "Inner Unique": false,
                                                                                                                "Hash Cond": "(lt.id = ml.link_type_id)",
                                                                                                                "Workers": [
                                                                                                                    {
                                                                                                                        "Worker Number": 0,
                                                                                                                        "Actual Startup Time": 971.376,
                                                                                                                        "Actual Total Time": 972.25,
                                                                                                                        "Actual Rows": 5069,
                                                                                                                        "Actual Loops": 1
                                                                                                                    },
                                                                                                                    {
                                                                                                                        "Worker Number": 1,
                                                                                                                        "Actual Startup Time": 985.674,
                                                                                                                        "Actual Total Time": 986.515,
                                                                                                                        "Actual Rows": 5069,
                                                                                                                        "Actual Loops": 1
                                                                                                                    },
                                                                                                                    {
                                                                                                                        "Worker Number": 2,
                                                                                                                        "Actual Startup Time": 968.559,
                                                                                                                        "Actual Total Time": 969.416,
                                                                                                                        "Actual Rows": 5069,
                                                                                                                        "Actual Loops": 1
                                                                                                                    }
                                                                                                                ],
                                                                                                                "Plans": [
                                                                                                                    {
                                                                                                                        "Node Type": "Seq Scan",
                                                                                                                        "Parent Relationship": "Outer",
                                                                                                                        "Parallel Aware": false,
                                                                                                                        "Relation Name": "link_type",
                                                                                                                        "Schema": "public",
                                                                                                                        "Alias": "lt",
                                                                                                                        "Startup Cost": 10000000000.0,
                                                                                                                        "Total Cost": 10000000001.23,
                                                                                                                        "Plan Rows": 1,
                                                                                                                        "Plan Width": 16,
                                                                                                                        "Actual Startup Time": 0.077,
                                                                                                                        "Actual Total Time": 0.086,
                                                                                                                        "Actual Rows": 2,
                                                                                                                        "Actual Loops": 4,
                                                                                                                        "Output": [
                                                                                                                            "lt.id",
                                                                                                                            "lt.link"
                                                                                                                        ],
                                                                                                                        "Filter": "((lt.link)::text ~~ '%follow%'::text)",
                                                                                                                        "Rows Removed by Filter": 16,
                                                                                                                        "Workers": [
                                                                                                                            {
                                                                                                                                "Worker Number": 0,
                                                                                                                                "Actual Startup Time": 0.085,
                                                                                                                                "Actual Total Time": 0.093,
                                                                                                                                "Actual Rows": 2,
                                                                                                                                "Actual Loops": 1
                                                                                                                            },
                                                                                                                            {
                                                                                                                                "Worker Number": 1,
                                                                                                                                "Actual Startup Time": 0.137,
                                                                                                                                "Actual Total Time": 0.146,
                                                                                                                                "Actual Rows": 2,
                                                                                                                                "Actual Loops": 1
                                                                                                                            },
                                                                                                                            {
                                                                                                                                "Worker Number": 2,
                                                                                                                                "Actual Startup Time": 0.059,
                                                                                                                                "Actual Total Time": 0.068,
                                                                                                                                "Actual Rows": 2,
                                                                                                                                "Actual Loops": 1
                                                                                                                            }
                                                                                                                        ]
                                                                                                                    },
                                                                                                                    {
                                                                                                                        "Node Type": "Hash",
                                                                                                                        "Parent Relationship": "Inner",
                                                                                                                        "Parallel Aware": false,
                                                                                                                        "Startup Cost": 20000177256.55,
                                                                                                                        "Total Cost": 20000177256.55,
                                                                                                                        "Plan Rows": 78421,
                                                                                                                        "Plan Width": 20,
                                                                                                                        "Actual Startup Time": 914.025,
                                                                                                                        "Actual Total Time": 914.029,
                                                                                                                        "Actual Rows": 43026,
                                                                                                                        "Actual Loops": 4,
                                                                                                                        "Output": [
                                                                                                                            "mc.movie_id",
                                                                                                                            "mc.company_type_id",
                                                                                                                            "mc.company_id",
                                                                                                                            "ml.link_type_id",
                                                                                                                            "ml.movie_id"
                                                                                                                        ],
                                                                                                                        "Hash Buckets": 131072,
                                                                                                                        "Original Hash Buckets": 131072,
                                                                                                                        "Hash Batches": 1,
                                                                                                                        "Original Hash Batches": 1,
                                                                                                                        "Peak Memory Usage": 3209,
                                                                                                                        "Workers": [
                                                                                                                            {
                                                                                                                                "Worker Number": 0,
                                                                                                                                "Actual Startup Time": 970.582,
                                                                                                                                "Actual Total Time": 970.585,
                                                                                                                                "Actual Rows": 43026,
                                                                                                                                "Actual Loops": 1
                                                                                                                            },
                                                                                                                            {
                                                                                                                                "Worker Number": 1,
                                                                                                                                "Actual Startup Time": 984.692,
                                                                                                                                "Actual Total Time": 984.696,
                                                                                                                                "Actual Rows": 43026,
                                                                                                                                "Actual Loops": 1
                                                                                                                            },
                                                                                                                            {
                                                                                                                                "Worker Number": 2,
                                                                                                                                "Actual Startup Time": 967.741,
                                                                                                                                "Actual Total Time": 967.744,
                                                                                                                                "Actual Rows": 43026,
                                                                                                                                "Actual Loops": 1
                                                                                                                            }
                                                                                                                        ],
                                                                                                                        "Plans": [
                                                                                                                            {
                                                                                                                                "Node Type": "Merge Join",
                                                                                                                                "Parent Relationship": "Outer",
                                                                                                                                "Parallel Aware": false,
                                                                                                                                "Join Type": "Inner",
                                                                                                                                "Startup Cost": 20000175833.66,
                                                                                                                                "Total Cost": 20000177256.55,
                                                                                                                                "Plan Rows": 78421,
                                                                                                                                "Plan Width": 20,
                                                                                                                                "Actual Startup Time": 885.699,
                                                                                                                                "Actual Total Time": 904.041,
                                                                                                                                "Actual Rows": 43026,
                                                                                                                                "Actual Loops": 4,
                                                                                                                                "Output": [
                                                                                                                                    "mc.movie_id",
                                                                                                                                    "mc.company_type_id",
                                                                                                                                    "mc.company_id",
                                                                                                                                    "ml.link_type_id",
                                                                                                                                    "ml.movie_id"
                                                                                                                                ],
                                                                                                                                "Inner Unique": false,
                                                                                                                                "Merge Cond": "(mc.movie_id = ml.movie_id)",
                                                                                                                                "Workers": [
                                                                                                                                    {
                                                                                                                                        "Worker Number": 0,
                                                                                                                                        "Actual Startup Time": 941.239,
                                                                                                                                        "Actual Total Time": 959.932,
                                                                                                                                        "Actual Rows": 43026,
                                                                                                                                        "Actual Loops": 1
                                                                                                                                    },
                                                                                                                                    {
                                                                                                                                        "Worker Number": 1,
                                                                                                                                        "Actual Startup Time": 955.72,
                                                                                                                                        "Actual Total Time": 974.068,
                                                                                                                                        "Actual Rows": 43026,
                                                                                                                                        "Actual Loops": 1
                                                                                                                                    },
                                                                                                                                    {
                                                                                                                                        "Worker Number": 2,
                                                                                                                                        "Actual Startup Time": 938.829,
                                                                                                                                        "Actual Total Time": 957.189,
                                                                                                                                        "Actual Rows": 43026,
                                                                                                                                        "Actual Loops": 1
                                                                                                                                    }
                                                                                                                                ],
                                                                                                                                "Plans": [
                                                                                                                                    {
                                                                                                                                        "Node Type": "Sort",
                                                                                                                                        "Parent Relationship": "Outer",
                                                                                                                                        "Parallel Aware": false,
                                                                                                                                        "Startup Cost": 10000173139.97,
                                                                                                                                        "Total Cost": 10000176303.54,
                                                                                                                                        "Plan Rows": 1265428,
                                                                                                                                        "Plan Width": 12,
                                                                                                                                        "Actual Startup Time": 873.684,
                                                                                                                                        "Actual Total Time": 876.421,
                                                                                                                                        "Actual Rows": 49142,
                                                                                                                                        "Actual Loops": 4,
                                                                                                                                        "Output": [
                                                                                                                                            "mc.movie_id",
                                                                                                                                            "mc.company_type_id",
                                                                                                                                            "mc.company_id"
                                                                                                                                        ],
                                                                                                                                        "Sort Key": [
                                                                                                                                            "mc.movie_id"
                                                                                                                                        ],
                                                                                                                                        "Sort Method": "quicksort",
                                                                                                                                        "Sort Space Used": 108777,
                                                                                                                                        "Sort Space Type": "Memory",
                                                                                                                                        "Workers": [
                                                                                                                                            {
                                                                                                                                                "Worker Number": 0,
                                                                                                                                                "Actual Startup Time": 928.527,
                                                                                                                                                "Actual Total Time": 931.32,
                                                                                                                                                "Actual Rows": 49142,
                                                                                                                                                "Actual Loops": 1
                                                                                                                                            },
                                                                                                                                            {
                                                                                                                                                "Worker Number": 1,
                                                                                                                                                "Actual Startup Time": 943.224,
                                                                                                                                                "Actual Total Time": 945.95,
                                                                                                                                                "Actual Rows": 49142,
                                                                                                                                                "Actual Loops": 1
                                                                                                                                            },
                                                                                                                                            {
                                                                                                                                                "Worker Number": 2,
                                                                                                                                                "Actual Startup Time": 925.897,
                                                                                                                                                "Actual Total Time": 928.629,
                                                                                                                                                "Actual Rows": 49142,
                                                                                                                                                "Actual Loops": 1
                                                                                                                                            }
                                                                                                                                        ],
                                                                                                                                        "Plans": [
                                                                                                                                            {
                                                                                                                                                "Node Type": "Seq Scan",
                                                                                                                                                "Parent Relationship": "Outer",
                                                                                                                                                "Parallel Aware": false,
                                                                                                                                                "Relation Name": "movie_companies",
                                                                                                                                                "Schema": "public",
                                                                                                                                                "Alias": "mc",
                                                                                                                                                "Startup Cost": 10000000000.0,
                                                                                                                                                "Total Cost": 10000044881.29,
                                                                                                                                                "Plan Rows": 1265428,
                                                                                                                                                "Plan Width": 12,
                                                                                                                                                "Actual Startup Time": 0.041,
                                                                                                                                                "Actual Total Time": 454.191,
                                                                                                                                                "Actual Rows": 1271989,
                                                                                                                                                "Actual Loops": 4,
                                                                                                                                                "Output": [
                                                                                                                                                    "mc.movie_id",
                                                                                                                                                    "mc.company_type_id",
                                                                                                                                                    "mc.company_id"
                                                                                                                                                ],
                                                                                                                                                "Filter": "(mc.note IS NULL)",
                                                                                                                                                "Rows Removed by Filter": 1337140,
                                                                                                                                                "Workers": [
                                                                                                                                                    {
                                                                                                                                                        "Worker Number": 0,
                                                                                                                                                        "Actual Startup Time": 0.056,
                                                                                                                                                        "Actual Total Time": 486.0,
                                                                                                                                                        "Actual Rows": 1271989,
                                                                                                                                                        "Actual Loops": 1
                                                                                                                                                    },
                                                                                                                                                    {
                                                                                                                                                        "Worker Number": 1,
                                                                                                                                                        "Actual Startup Time": 0.046,
                                                                                                                                                        "Actual Total Time": 493.981,
                                                                                                                                                        "Actual Rows": 1271989,
                                                                                                                                                        "Actual Loops": 1
                                                                                                                                                    },
                                                                                                                                                    {
                                                                                                                                                        "Worker Number": 2,
                                                                                                                                                        "Actual Startup Time": 0.045,
                                                                                                                                                        "Actual Total Time": 489.676,
                                                                                                                                                        "Actual Rows": 1271989,
                                                                                                                                                        "Actual Loops": 1
                                                                                                                                                    }
                                                                                                                                                ]
                                                                                                                                            }
                                                                                                                                        ]
                                                                                                                                    },
                                                                                                                                    {
                                                                                                                                        "Node Type": "Sort",
                                                                                                                                        "Parent Relationship": "Inner",
                                                                                                                                        "Parallel Aware": false,
                                                                                                                                        "Startup Cost": 10000002693.63,
                                                                                                                                        "Total Cost": 10000002768.62,
                                                                                                                                        "Plan Rows": 29997,
                                                                                                                                        "Plan Width": 8,
                                                                                                                                        "Actual Startup Time": 12.003,
                                                                                                                                        "Actual Total Time": 15.123,
                                                                                                                                        "Actual Rows": 54265,
                                                                                                                                        "Actual Loops": 4,
                                                                                                                                        "Output": [
                                                                                                                                            "ml.link_type_id",
                                                                                                                                            "ml.movie_id"
                                                                                                                                        ],
                                                                                                                                        "Sort Key": [
                                                                                                                                            "ml.movie_id"
                                                                                                                                        ],
                                                                                                                                        "Sort Method": "quicksort",
                                                                                                                                        "Sort Space Used": 2175,
                                                                                                                                        "Sort Space Type": "Memory",
                                                                                                                                        "Workers": [
                                                                                                                                            {
                                                                                                                                                "Worker Number": 0,
                                                                                                                                                "Actual Startup Time": 12.702,
                                                                                                                                                "Actual Total Time": 15.857,
                                                                                                                                                "Actual Rows": 54265,
                                                                                                                                                "Actual Loops": 1
                                                                                                                                            },
                                                                                                                                            {
                                                                                                                                                "Worker Number": 1,
                                                                                                                                                "Actual Startup Time": 12.485,
                                                                                                                                                "Actual Total Time": 15.592,
                                                                                                                                                "Actual Rows": 54265,
                                                                                                                                                "Actual Loops": 1
                                                                                                                                            },
                                                                                                                                            {
                                                                                                                                                "Worker Number": 2,
                                                                                                                                                "Actual Startup Time": 12.919,
                                                                                                                                                "Actual Total Time": 16.021,
                                                                                                                                                "Actual Rows": 54265,
                                                                                                                                                "Actual Loops": 1
                                                                                                                                            }
                                                                                                                                        ],
                                                                                                                                        "Plans": [
                                                                                                                                            {
                                                                                                                                                "Node Type": "Seq Scan",
                                                                                                                                                "Parent Relationship": "Outer",
                                                                                                                                                "Parallel Aware": false,
                                                                                                                                                "Relation Name": "movie_link",
                                                                                                                                                "Schema": "public",
                                                                                                                                                "Alias": "ml",
                                                                                                                                                "Startup Cost": 10000000000.0,
                                                                                                                                                "Total Cost": 10000000462.97,
                                                                                                                                                "Plan Rows": 29997,
                                                                                                                                                "Plan Width": 8,
                                                                                                                                                "Actual Startup Time": 0.059,
                                                                                                                                                "Actual Total Time": 4.713,
                                                                                                                                                "Actual Rows": 29997,
                                                                                                                                                "Actual Loops": 4,
                                                                                                                                                "Output": [
                                                                                                                                                    "ml.link_type_id",
                                                                                                                                                    "ml.movie_id"
                                                                                                                                                ],
                                                                                                                                                "Workers": [
                                                                                                                                                    {
                                                                                                                                                        "Worker Number": 0,
                                                                                                                                                        "Actual Startup Time": 0.056,
                                                                                                                                                        "Actual Total Time": 4.826,
                                                                                                                                                        "Actual Rows": 29997,
                                                                                                                                                        "Actual Loops": 1
                                                                                                                                                    },
                                                                                                                                                    {
                                                                                                                                                        "Worker Number": 1,
                                                                                                                                                        "Actual Startup Time": 0.069,
                                                                                                                                                        "Actual Total Time": 4.779,
                                                                                                                                                        "Actual Rows": 29997,
                                                                                                                                                        "Actual Loops": 1
                                                                                                                                                    },
                                                                                                                                                    {
                                                                                                                                                        "Worker Number": 2,
                                                                                                                                                        "Actual Startup Time": 0.076,
                                                                                                                                                        "Actual Total Time": 5.074,
                                                                                                                                                        "Actual Rows": 29997,
                                                                                                                                                        "Actual Loops": 1
                                                                                                                                                    }
                                                                                                                                                ]
                                                                                                                                            }
                                                                                                                                        ]
                                                                                                                                    }
                                                                                                                                ]
                                                                                                                            }
                                                                                                                        ]
                                                                                                                    }
                                                                                                                ]
                                                                                                            }
                                                                                                        ]
                                                                                                    }
                                                                                                ]
                                                                                            }
                                                                                        ]
                                                                                    }
                                                                                ]
                                                                            }
                                                                        ]
                                                                    }
                                                                ]
                                                            }
                                                        ]
                                                    }
                                                ]
                                            },
                                            {
                                                "Node Type": "Sort",
                                                "Parent Relationship": "Inner",
                                                "Parallel Aware": false,
                                                "Startup Cost": 2626.14,
                                                "Total Cost": 2626.14,
                                                "Plan Rows": 1,
                                                "Plan Width": 4,
                                                "Actual Startup Time": 15.65,
                                                "Actual Total Time": 15.674,
                                                "Actual Rows": 1,
                                                "Actual Loops": 1,
                                                "Output": [
                                                    "k.id"
                                                ],
                                                "Sort Key": [
                                                    "k.id"
                                                ],
                                                "Sort Method": "quicksort",
                                                "Sort Space Used": 25,
                                                "Sort Space Type": "Memory",
                                                "Plans": [
                                                    {
                                                        "Node Type": "Seq Scan",
                                                        "Parent Relationship": "Outer",
                                                        "Parallel Aware": false,
                                                        "Relation Name": "keyword",
                                                        "Schema": "public",
                                                        "Alias": "k",
                                                        "Startup Cost": 0.0,
                                                        "Total Cost": 2626.12,
                                                        "Plan Rows": 1,
                                                        "Plan Width": 4,
                                                        "Actual Startup Time": 0.912,
                                                        "Actual Total Time": 15.628,
                                                        "Actual Rows": 1,
                                                        "Actual Loops": 1,
                                                        "Output": [
                                                            "k.id"
                                                        ],
                                                        "Filter": "(k.keyword = 'sequel'::text)",
                                                        "Rows Removed by Filter": 134169
                                                    }
                                                ]
                                            }
                                        ]
                                    }
                                ]
                            }
                        ]
                    },
                    {
                        "Node Type": "Bitmap Heap Scan",
                        "Parent Relationship": "Inner",
                        "Parallel Aware": false,
                        "Relation Name": "movie_info",
                        "Schema": "public",
                        "Alias": "mi",
                        "Startup Cost": 0.78,
                        "Total Cost": 5.7,
                        "Plan Rows": 4,
                        "Plan Width": 4,
                        "Actual Startup Time": 0.016,
                        "Actual Total Time": 0.019,
                        "Actual Rows": 2,
                        "Actual Loops": 308,
                        "Output": [
                            "mi.id",
                            "mi.movie_id",
                            "mi.info_type_id",
                            "mi.info",
                            "mi.note"
                        ],
                        "Recheck Cond": "(mi.movie_id = mk.movie_id)",
                        "Rows Removed by Index Recheck": 0,
                        "Filter": "(mi.info = ANY ('{German,English,Denish,Bulgaria,Denmark,USA,Norwegian,Sweden,Danish}'::text[]))",
                        "Rows Removed by Filter": 15,
                        "Exact Heap Blocks": 3354,
                        "Lossy Heap Blocks": 0,
                        "Plans": [
                            {
                                "Node Type": "Bitmap Index Scan",
                                "Parent Relationship": "Outer",
                                "Parallel Aware": false,
                                "Index Name": "movie_id_movie_info",
                                "Startup Cost": 0.0,
                                "Total Cost": 0.78,
                                "Plan Rows": 39,
                                "Plan Width": 0,
                                "Actual Startup Time": 0.005,
                                "Actual Total Time": 0.005,
                                "Actual Rows": 17,
                                "Actual Loops": 308,
                                "Index Cond": "(mi.movie_id = mk.movie_id)"
                            }
                        ]
                    }
                ]
            }
        ]
    },
    "Planning Time": 10.008,
    "Triggers": [],
    "Execution Time": 1544.509
}