[
  {
    "Plan": {
      "Node Type": "Aggregate",
      "Strategy": "Plain",
      "Partial Mode": "Finalize",
      "Parallel Aware": false,
      "Startup Cost": 98918.0,
      "Total Cost": 98918.01,
      "Plan Rows": 1,
      "Plan Width": 8,
      "Actual Startup Time": 703.596,
      "Actual Total Time": 713.176,
      "Actual Rows": 1,
      "Actual Loops": 1,
      "Plans": [
        {
          "Node Type": "Gather",
          "Parent Relationship": "Outer",
          "Parallel Aware": false,
          "Startup Cost": 98917.79,
          "Total Cost": 98918.0,
          "Plan Rows": 2,
          "Plan Width": 8,
          "Actual Startup Time": 697.953,
          "Actual Total Time": 713.171,
          "Actual Rows": 3,
          "Actual Loops": 1,
          "Workers Planned": 2,
          "Workers Launched": 2,
          "Single Copy": false,
          "Plans": [
            {
              "Node Type": "Aggregate",
              "Strategy": "Plain",
              "Partial Mode": "Partial",
              "Parent Relationship": "Outer",
              "Parallel Aware": false,
              "Startup Cost": 97917.79,
              "Total Cost": 97917.8,
              "Plan Rows": 1,
              "Plan Width": 8,
              "Actual Startup Time": 693.027,
              "Actual Total Time": 693.032,
              "Actual Rows": 1,
              "Actual Loops": 3,
              "Plans": [
                {
                  "Node Type": "Hash Join",
                  "Parent Relationship": "Outer",
                  "Parallel Aware": true,
                  "Join Type": "Inner",
                  "Startup Cost": 81165.89,
                  "Total Cost": 97462.57,
                  "Plan Rows": 182088,
                  "Plan Width": 0,
                  "Actual Startup Time": 548.51,
                  "Actual Total Time": 678.081,
                  "Actual Rows": 371903,
                  "Actual Loops": 3,
                  "Inner Unique": false,
                  "Hash Cond": "(mi_idx.movie_id = t.id)",
                  "Plans": [
                    {
                      "Node Type": "Seq Scan",
                      "Parent Relationship": "Outer",
                      "Parallel Aware": true,
                      "Relation Name": "movie_info_idx",
                      "Alias": "mi_idx",
                      "Startup Cost": 0.0,
                      "Total Cost": 13685.15,
                      "Plan Rows": 575015,
                      "Plan Width": 4,
                      "Actual Startup Time": 0.022,
                      "Actual Total Time": 34.402,
                      "Actual Rows": 460012,
                      "Actual Loops": 3
                    },
                    {
                      "Node Type": "Hash",
                      "Parent Relationship": "Inner",
                      "Parallel Aware": true,
                      "Startup Cost": 78663.92,
                      "Total Cost": 78663.92,
                      "Plan Rows": 200158,
                      "Plan Width": 8,
                      "Actual Startup Time": 543.277,
                      "Actual Total Time": 543.28,
                      "Actual Rows": 267793,
                      "Actual Loops": 3,
                      "Hash Buckets": 1048576,
                      "Original Hash Buckets": 1048576,
                      "Hash Batches": 1,
                      "Original Hash Batches": 1,
                      "Peak Memory Usage": 39648,
                      "Plans": [
                        {
                          "Node Type": "Hash Join",
                          "Parent Relationship": "Outer",
                          "Parallel Aware": true,
                          "Join Type": "Inner",
                          "Startup Cost": 32539.04,
                          "Total Cost": 78663.92,
                          "Plan Rows": 200158,
                          "Plan Width": 8,
                          "Actual Startup Time": 159.481,
                          "Actual Total Time": 464.858,
                          "Actual Rows": 267793,
                          "Actual Loops": 3,
                          "Inner Unique": false,
                          "Hash Cond": "(t.id = mc.movie_id)",
                          "Plans": [
                            {
                              "Node Type": "Seq Scan",
                              "Parent Relationship": "Outer",
                              "Parallel Aware": true,
                              "Relation Name": "title",
                              "Alias": "t",
                              "Startup Cost": 0.0,
                              "Total Cost": 42318.81,
                              "Plan Rows": 632080,
                              "Plan Width": 4,
                              "Actual Startup Time": 0.009,
                              "Actual Total Time": 80.979,
                              "Actual Rows": 842771,
                              "Actual Loops": 3
                            },
                            {
                              "Node Type": "Hash",
                              "Parent Relationship": "Inner",
                              "Parallel Aware": true,
                              "Startup Cost": 29310.68,
                              "Total Cost": 29310.68,
                              "Plan Rows": 258269,
                              "Plan Width": 4,
                              "Actual Startup Time": 156.218,
                              "Actual Total Time": 156.219,
                              "Actual Rows": 267793,
                              "Actual Loops": 3,
                              "Hash Buckets": 1048576,
                              "Original Hash Buckets": 1048576,
                              "Hash Batches": 1,
                              "Original Hash Batches": 1,
                              "Peak Memory Usage": 39680,
                              "Plans": [
                                {
                                  "Node Type": "Seq Scan",
                                  "Parent Relationship": "Outer",
                                  "Parallel Aware": true,
                                  "Relation Name": "movie_companies",
                                  "Alias": "mc",
                                  "Startup Cost": 0.0,
                                  "Total Cost": 29310.68,
                                  "Plan Rows": 258269,
                                  "Plan Width": 4,
                                  "Actual Startup Time": 20.843,
                                  "Actual Total Time": 85.784,
                                  "Actual Rows": 267793,
                                  "Actual Loops": 3,
                                  "Filter": "(company_id > 30064)",
                                  "Rows Removed by Filter": 601917
                                }
                              ]
                            }
                          ]
                        }
                      ]
                    }
                  ]
                }
              ]
            }
          ]
        }
      ]
    },
    "Planning Time": 0.773,
    "Triggers": [],
    "Execution Time": 713.225
  }
]