{
    "Plan": {
        "Node Type": "Aggregate",
        "Strategy": "Plain",
        "Partial Mode": "Simple",
        "Parallel Aware": false,
        "Startup Cost": 110001452956.57,
        "Total Cost": 110001452956.58,
        "Plan Rows": 1,
        "Plan Width": 128,
        "Actual Startup Time": 9753.028,
        "Actual Total Time": 9753.038,
        "Actual Rows": 1,
        "Actual Loops": 1,
        "Output": [
            "min(mi.info)",
            "min(mi_idx.info)",
            "min(n.name)",
            "min(t.title)"
        ],
        "Plans": [
            {
                "Node Type": "Nested Loop",
                "Parent Relationship": "Outer",
                "Parallel Aware": false,
                "Join Type": "Inner",
                "Startup Cost": 110000000005.84,
                "Total Cost": 110001452956.56,
                "Plan Rows": 1,
                "Plan Width": 80,
                "Actual Startup Time": 1107.069,
                "Actual Total Time": 9752.522,
                "Actual Rows": 924,
                "Actual Loops": 1,
                "Output": [
                    "mi.info",
                    "mi_idx.info",
                    "n.name",
                    "t.title"
                ],
                "Inner Unique": true,
                "Join Filter": "(mi.movie_id = t.id)",
                "Rows Removed by Join Filter": 0,
                "Plans": [
                    {
                        "Node Type": "Nested Loop",
                        "Parent Relationship": "Outer",
                        "Parallel Aware": false,
                        "Join Type": "Inner",
                        "Startup Cost": 100000000005.4,
                        "Total Cost": 100001452952.09,
                        "Plan Rows": 1,
                        "Plan Width": 83,
                        "Actual Startup Time": 1107.044,
                        "Actual Total Time": 9747.133,
                        "Actual Rows": 924,
                        "Actual Loops": 1,
                        "Output": [
                            "ci.movie_id",
                            "mc.movie_id",
                            "mi.info",
                            "mi.movie_id",
                            "mi_idx.info",
                            "mi_idx.movie_id",
                            "mk.movie_id",
                            "n.name"
                        ],
                        "Inner Unique": true,
                        "Plans": [
                            {
                                "Node Type": "Nested Loop",
                                "Parent Relationship": "Outer",
                                "Parallel Aware": false,
                                "Join Type": "Inner",
                                "Startup Cost": 90000000004.97,
                                "Total Cost": 90001452928.83,
                                "Plan Rows": 5,
                                "Plan Width": 87,
                                "Actual Startup Time": 1106.64,
                                "Actual Total Time": 9589.599,
                                "Actual Rows": 32544,
                                "Actual Loops": 1,
                                "Output": [
                                    "ci.movie_id",
                                    "mc.movie_id",
                                    "mi.info",
                                    "mi.movie_id",
                                    "mi_idx.info",
                                    "mi_idx.movie_id",
                                    "mk.movie_id",
                                    "mk.keyword_id",
                                    "n.name"
                                ],
                                "Inner Unique": false,
                                "Join Filter": "(mi.movie_id = mk.movie_id)",
                                "Rows Removed by Join Filter": 0,
                                "Plans": [
                                    {
                                        "Node Type": "Nested Loop",
                                        "Parent Relationship": "Outer",
                                        "Parallel Aware": false,
                                        "Join Type": "Inner",
                                        "Startup Cost": 80000000004.15,
                                        "Total Cost": 80001452922.86,
                                        "Plan Rows": 1,
                                        "Plan Width": 79,
                                        "Actual Startup Time": 1106.585,
                                        "Actual Total Time": 9574.916,
                                        "Actual Rows": 310,
                                        "Actual Loops": 1,
                                        "Output": [
                                            "ci.movie_id",
                                            "mc.movie_id",
                                            "mi.info",
                                            "mi.movie_id",
                                            "mi_idx.info",
                                            "mi_idx.movie_id",
                                            "n.name"
                                        ],
                                        "Inner Unique": true,
                                        "Plans": [
                                            {
                                                "Node Type": "Nested Loop",
                                                "Parent Relationship": "Outer",
                                                "Parallel Aware": false,
                                                "Join Type": "Inner",
                                                "Startup Cost": 70000000003.72,
                                                "Total Cost": 70001452806.98,
                                                "Plan Rows": 26,
                                                "Plan Width": 83,
                                                "Actual Startup Time": 32.531,
                                                "Actual Total Time": 9115.966,
                                                "Actual Rows": 84218,
                                                "Actual Loops": 1,
                                                "Output": [
                                                    "ci.movie_id",
                                                    "mc.movie_id",
                                                    "mc.company_id",
                                                    "mi.info",
                                                    "mi.movie_id",
                                                    "mi_idx.info",
                                                    "mi_idx.movie_id",
                                                    "n.name"
                                                ],
                                                "Inner Unique": false,
                                                "Join Filter": "(mi.movie_id = mc.movie_id)",
                                                "Rows Removed by Join Filter": 0,
                                                "Plans": [
                                                    {
                                                        "Node Type": "Nested Loop",
                                                        "Parent Relationship": "Outer",
                                                        "Parallel Aware": false,
                                                        "Join Type": "Inner",
                                                        "Startup Cost": 60000000003.22,
                                                        "Total Cost": 60001452765.39,
                                                        "Plan Rows": 9,
                                                        "Plan Width": 75,
                                                        "Actual Startup Time": 32.474,
                                                        "Actual Total Time": 8976.749,
                                                        "Actual Rows": 11063,
                                                        "Actual Loops": 1,
                                                        "Output": [
                                                            "ci.movie_id",
                                                            "mi.info",
                                                            "mi.movie_id",
                                                            "mi_idx.info",
                                                            "mi_idx.movie_id",
                                                            "n.name"
                                                        ],
                                                        "Inner Unique": true,
                                                        "Plans": [
                                                            {
                                                                "Node Type": "Nested Loop",
                                                                "Parent Relationship": "Outer",
                                                                "Parallel Aware": false,
                                                                "Join Type": "Inner",
                                                                "Startup Cost": 50000000002.73,
                                                                "Total Cost": 50001452666.34,
                                                                "Plan Rows": 22,
                                                                "Plan Width": 64,
                                                                "Actual Startup Time": 11.234,
                                                                "Actual Total Time": 8765.159,
                                                                "Actual Rows": 20944,
                                                                "Actual Loops": 1,
                                                                "Output": [
                                                                    "ci.movie_id",
                                                                    "ci.person_id",
                                                                    "mi.info",
                                                                    "mi.movie_id",
                                                                    "mi_idx.info",
                                                                    "mi_idx.movie_id"
                                                                ],
                                                                "Inner Unique": false,
                                                                "Join Filter": "(mi.movie_id = ci.movie_id)",
                                                                "Rows Removed by Join Filter": 0,
                                                                "Plans": [
                                                                    {
                                                                        "Node Type": "Nested Loop",
                                                                        "Parent Relationship": "Outer",
                                                                        "Parallel Aware": false,
                                                                        "Join Type": "Inner",
                                                                        "Startup Cost": 40000000001.51,
                                                                        "Total Cost": 40001452565.15,
                                                                        "Plan Rows": 17,
                                                                        "Plan Width": 56,
                                                                        "Actual Startup Time": 1.983,
                                                                        "Actual Total Time": 6101.319,
                                                                        "Actual Rows": 41605,
                                                                        "Actual Loops": 1,
                                                                        "Output": [
                                                                            "mi.info",
                                                                            "mi.movie_id",
                                                                            "mi_idx.info",
                                                                            "mi_idx.movie_id"
                                                                        ],
                                                                        "Inner Unique": true,
                                                                        "Plans": [
                                                                            {
                                                                                "Node Type": "Nested Loop",
                                                                                "Parent Relationship": "Outer",
                                                                                "Parallel Aware": false,
                                                                                "Join Type": "Inner",
                                                                                "Startup Cost": 30000000001.36,
                                                                                "Total Cost": 30001444409.41,
                                                                                "Plan Rows": 1958,
                                                                                "Plan Width": 60,
                                                                                "Actual Startup Time": 1.973,
                                                                                "Actual Total Time": 5645.222,
                                                                                "Actual Rows": 124867,
                                                                                "Actual Loops": 1,
                                                                                "Output": [
                                                                                    "mi.info",
                                                                                    "mi.movie_id",
                                                                                    "mi_idx.info",
                                                                                    "mi_idx.movie_id",
                                                                                    "mi_idx.info_type_id"
                                                                                ],
                                                                                "Inner Unique": false,
                                                                                "Plans": [
                                                                                    {
                                                                                        "Node Type": "Nested Loop",
                                                                                        "Parent Relationship": "Outer",
                                                                                        "Parallel Aware": false,
                                                                                        "Join Type": "Inner",
                                                                                        "Startup Cost": 20000000000.59,
                                                                                        "Total Cost": 20001441061.91,
                                                                                        "Plan Rows": 692,
                                                                                        "Plan Width": 47,
                                                                                        "Actual Startup Time": 1.931,
                                                                                        "Actual Total Time": 5248.95,
                                                                                        "Actual Rows": 77182,
                                                                                        "Actual Loops": 1,
                                                                                        "Output": [
                                                                                            "mi.info",
                                                                                            "mi.movie_id"
                                                                                        ],
                                                                                        "Inner Unique": true,
                                                                                        "Plans": [
                                                                                            {
                                                                                                "Node Type": "Index Scan",
                                                                                                "Parent Relationship": "Outer",
                                                                                                "Parallel Aware": false,
                                                                                                "Scan Direction": "Forward",
                                                                                                "Index Name": "movie_id_movie_info",
                                                                                                "Relation Name": "movie_info",
                                                                                                "Schema": "public",
                                                                                                "Alias": "mi",
                                                                                                "Startup Cost": 10000000000.43,
                                                                                                "Total Cost": 10001115316.11,
                                                                                                "Plan Rows": 78202,
                                                                                                "Plan Width": 51,
                                                                                                "Actual Startup Time": 1.918,
                                                                                                "Actual Total Time": 4946.701,
                                                                                                "Actual Rows": 78370,
                                                                                                "Actual Loops": 1,
                                                                                                "Output": [
                                                                                                    "mi.id",
                                                                                                    "mi.movie_id",
                                                                                                    "mi.info_type_id",
                                                                                                    "mi.info",
                                                                                                    "mi.note"
                                                                                                ],
                                                                                                "Filter": "(mi.info = ANY ('{Action,Horror}'::text[]))",
                                                                                                "Rows Removed by Filter": 14757350
                                                                                            },
                                                                                            {
                                                                                                "Node Type": "Bitmap Heap Scan",
                                                                                                "Parent Relationship": "Inner",
                                                                                                "Parallel Aware": false,
                                                                                                "Relation Name": "info_type",
                                                                                                "Schema": "public",
                                                                                                "Alias": "it1",
                                                                                                "Startup Cost": 0.15,
                                                                                                "Total Cost": 4.17,
                                                                                                "Plan Rows": 1,
                                                                                                "Plan Width": 4,
                                                                                                "Actual Startup Time": 0.002,
                                                                                                "Actual Total Time": 0.002,
                                                                                                "Actual Rows": 1,
                                                                                                "Actual Loops": 78370,
                                                                                                "Output": [
                                                                                                    "it1.id",
                                                                                                    "it1.info"
                                                                                                ],
                                                                                                "Recheck Cond": "(it1.id = mi.info_type_id)",
                                                                                                "Rows Removed by Index Recheck": 0,
                                                                                                "Filter": "((it1.info)::text = 'genres'::text)",
                                                                                                "Rows Removed by Filter": 0,
                                                                                                "Exact Heap Blocks": 78370,
                                                                                                "Lossy Heap Blocks": 0,
                                                                                                "Plans": [
                                                                                                    {
                                                                                                        "Node Type": "Bitmap Index Scan",
                                                                                                        "Parent Relationship": "Outer",
                                                                                                        "Parallel Aware": false,
                                                                                                        "Index Name": "info_type_pkey",
                                                                                                        "Startup Cost": 0.0,
                                                                                                        "Total Cost": 0.15,
                                                                                                        "Plan Rows": 1,
                                                                                                        "Plan Width": 0,
                                                                                                        "Actual Startup Time": 0.001,
                                                                                                        "Actual Total Time": 0.001,
                                                                                                        "Actual Rows": 1,
                                                                                                        "Actual Loops": 78370,
                                                                                                        "Index Cond": "(it1.id = mi.info_type_id)"
                                                                                                    }
                                                                                                ]
                                                                                            }
                                                                                        ]
                                                                                    },
                                                                                    {
                                                                                        "Node Type": "Bitmap Heap Scan",
                                                                                        "Parent Relationship": "Inner",
                                                                                        "Parallel Aware": false,
                                                                                        "Relation Name": "movie_info_idx",
                                                                                        "Schema": "public",
                                                                                        "Alias": "mi_idx",
                                                                                        "Startup Cost": 0.77,
                                                                                        "Total Cost": 4.81,
                                                                                        "Plan Rows": 3,
                                                                                        "Plan Width": 13,
                                                                                        "Actual Startup Time": 0.003,
                                                                                        "Actual Total Time": 0.003,
                                                                                        "Actual Rows": 2,
                                                                                        "Actual Loops": 77182,
                                                                                        "Output": [
                                                                                            "mi_idx.id",
                                                                                            "mi_idx.movie_id",
                                                                                            "mi_idx.info_type_id",
                                                                                            "mi_idx.info",
                                                                                            "mi_idx.note"
                                                                                        ],
                                                                                        "Recheck Cond": "(mi_idx.movie_id = mi.movie_id)",
                                                                                        "Rows Removed by Index Recheck": 0,
                                                                                        "Exact Heap Blocks": 42007,
                                                                                        "Lossy Heap Blocks": 0,
                                                                                        "Plans": [
                                                                                            {
                                                                                                "Node Type": "Bitmap Index Scan",
                                                                                                "Parent Relationship": "Outer",
                                                                                                "Parallel Aware": false,
                                                                                                "Index Name": "movie_id_movie_info_idx",
                                                                                                "Startup Cost": 0.0,
                                                                                                "Total Cost": 0.77,
                                                                                                "Plan Rows": 3,
                                                                                                "Plan Width": 0,
                                                                                                "Actual Startup Time": 0.002,
                                                                                                "Actual Total Time": 0.002,
                                                                                                "Actual Rows": 2,
                                                                                                "Actual Loops": 77182,
                                                                                                "Index Cond": "(mi_idx.movie_id = mi.movie_id)"
                                                                                            }
                                                                                        ]
                                                                                    }
                                                                                ]
                                                                            },
                                                                            {
                                                                                "Node Type": "Bitmap Heap Scan",
                                                                                "Parent Relationship": "Inner",
                                                                                "Parallel Aware": false,
                                                                                "Relation Name": "info_type",
                                                                                "Schema": "public",
                                                                                "Alias": "it2",
                                                                                "Startup Cost": 0.15,
                                                                                "Total Cost": 4.17,
                                                                                "Plan Rows": 1,
                                                                                "Plan Width": 4,
                                                                                "Actual Startup Time": 0.002,
                                                                                "Actual Total Time": 0.002,
                                                                                "Actual Rows": 0,
                                                                                "Actual Loops": 124867,
                                                                                "Output": [
                                                                                    "it2.id",
                                                                                    "it2.info"
                                                                                ],
                                                                                "Recheck Cond": "(it2.id = mi_idx.info_type_id)",
                                                                                "Rows Removed by Index Recheck": 0,
                                                                                "Filter": "((it2.info)::text = 'votes'::text)",
                                                                                "Rows Removed by Filter": 1,
                                                                                "Exact Heap Blocks": 124867,
                                                                                "Lossy Heap Blocks": 0,
                                                                                "Plans": [
                                                                                    {
                                                                                        "Node Type": "Bitmap Index Scan",
                                                                                        "Parent Relationship": "Outer",
                                                                                        "Parallel Aware": false,
                                                                                        "Index Name": "info_type_pkey",
                                                                                        "Startup Cost": 0.0,
                                                                                        "Total Cost": 0.15,
                                                                                        "Plan Rows": 1,
                                                                                        "Plan Width": 0,
                                                                                        "Actual Startup Time": 0.001,
                                                                                        "Actual Total Time": 0.001,
                                                                                        "Actual Rows": 1,
                                                                                        "Actual Loops": 124867,
                                                                                        "Index Cond": "(it2.id = mi_idx.info_type_id)"
                                                                                    }
                                                                                ]
                                                                            }
                                                                        ]
                                                                    },
                                                                    {
                                                                        "Node Type": "Bitmap Heap Scan",
                                                                        "Parent Relationship": "Inner",
                                                                        "Parallel Aware": false,
                                                                        "Relation Name": "cast_info",
                                                                        "Schema": "public",
                                                                        "Alias": "ci",
                                                                        "Startup Cost": 1.23,
                                                                        "Total Cost": 5.94,
                                                                        "Plan Rows": 1,
                                                                        "Plan Width": 8,
                                                                        "Actual Startup Time": 0.054,
                                                                        "Actual Total Time": 0.062,
                                                                        "Actual Rows": 1,
                                                                        "Actual Loops": 41605,
                                                                        "Output": [
                                                                            "ci.id",
                                                                            "ci.person_id",
                                                                            "ci.movie_id",
                                                                            "ci.person_role_id",
                                                                            "ci.note",
                                                                            "ci.nr_order",
                                                                            "ci.role_id"
                                                                        ],
                                                                        "Recheck Cond": "(ci.movie_id = mi_idx.movie_id)",
                                                                        "Rows Removed by Index Recheck": 0,
                                                                        "Filter": "(ci.note = ANY ('{(writer),\"(head writer)\",\"(written by)\",(story),\"(story editor)\"}'::text[]))",
                                                                        "Rows Removed by Filter": 37,
                                                                        "Exact Heap Blocks": 1497988,
                                                                        "Lossy Heap Blocks": 0,
                                                                        "Plans": [
                                                                            {
                                                                                "Node Type": "Bitmap Index Scan",
                                                                                "Parent Relationship": "Outer",
                                                                                "Parallel Aware": false,
                                                                                "Index Name": "movie_id_cast_info",
                                                                                "Startup Cost": 0.0,
                                                                                "Total Cost": 1.23,
                                                                                "Plan Rows": 38,
                                                                                "Plan Width": 0,
                                                                                "Actual Startup Time": 0.008,
                                                                                "Actual Total Time": 0.008,
                                                                                "Actual Rows": 38,
                                                                                "Actual Loops": 41605,
                                                                                "Index Cond": "(ci.movie_id = mi_idx.movie_id)"
                                                                            }
                                                                        ]
                                                                    }
                                                                ]
                                                            },
                                                            {
                                                                "Node Type": "Bitmap Heap Scan",
                                                                "Parent Relationship": "Inner",
                                                                "Parallel Aware": false,
                                                                "Relation Name": "name",
                                                                "Schema": "public",
                                                                "Alias": "n",
                                                                "Startup Cost": 0.49,
                                                                "Total Cost": 4.5,
                                                                "Plan Rows": 1,
                                                                "Plan Width": 19,
                                                                "Actual Startup Time": 0.008,
                                                                "Actual Total Time": 0.008,
                                                                "Actual Rows": 1,
                                                                "Actual Loops": 20944,
                                                                "Output": [
                                                                    "n.id",
                                                                    "n.name",
                                                                    "n.imdb_index",
                                                                    "n.imdb_id",
                                                                    "n.gender",
                                                                    "n.name_pcode_cf",
                                                                    "n.name_pcode_nf",
                                                                    "n.surname_pcode",
                                                                    "n.md5sum"
                                                                ],
                                                                "Recheck Cond": "(n.id = ci.person_id)",
                                                                "Rows Removed by Index Recheck": 0,
                                                                "Filter": "((n.gender)::text = 'm'::text)",
                                                                "Rows Removed by Filter": 0,
                                                                "Exact Heap Blocks": 20944,
                                                                "Lossy Heap Blocks": 0,
                                                                "Plans": [
                                                                    {
                                                                        "Node Type": "Bitmap Index Scan",
                                                                        "Parent Relationship": "Outer",
                                                                        "Parallel Aware": false,
                                                                        "Index Name": "name_pkey",
                                                                        "Startup Cost": 0.0,
                                                                        "Total Cost": 0.49,
                                                                        "Plan Rows": 1,
                                                                        "Plan Width": 0,
                                                                        "Actual Startup Time": 0.005,
                                                                        "Actual Total Time": 0.005,
                                                                        "Actual Rows": 1,
                                                                        "Actual Loops": 20944,
                                                                        "Index Cond": "(n.id = ci.person_id)"
                                                                    }
                                                                ]
                                                            }
                                                        ]
                                                    },
                                                    {
                                                        "Node Type": "Bitmap Heap Scan",
                                                        "Parent Relationship": "Inner",
                                                        "Parallel Aware": false,
                                                        "Relation Name": "movie_companies",
                                                        "Schema": "public",
                                                        "Alias": "mc",
                                                        "Startup Cost": 0.5,
                                                        "Total Cost": 4.56,
                                                        "Plan Rows": 5,
                                                        "Plan Width": 8,
                                                        "Actual Startup Time": 0.007,
                                                        "Actual Total Time": 0.009,
                                                        "Actual Rows": 8,
                                                        "Actual Loops": 11063,
                                                        "Output": [
                                                            "mc.id",
                                                            "mc.movie_id",
                                                            "mc.company_id",
                                                            "mc.company_type_id",
                                                            "mc.note"
                                                        ],
                                                        "Recheck Cond": "(mc.movie_id = mi_idx.movie_id)",
                                                        "Rows Removed by Index Recheck": 0,
                                                        "Exact Heap Blocks": 19347,
                                                        "Lossy Heap Blocks": 0,
                                                        "Plans": [
                                                            {
                                                                "Node Type": "Bitmap Index Scan",
                                                                "Parent Relationship": "Outer",
                                                                "Parallel Aware": false,
                                                                "Index Name": "movie_id_movie_companies",
                                                                "Startup Cost": 0.0,
                                                                "Total Cost": 0.5,
                                                                "Plan Rows": 5,
                                                                "Plan Width": 0,
                                                                "Actual Startup Time": 0.005,
                                                                "Actual Total Time": 0.005,
                                                                "Actual Rows": 8,
                                                                "Actual Loops": 11063,
                                                                "Index Cond": "(mc.movie_id = mi_idx.movie_id)"
                                                            }
                                                        ]
                                                    }
                                                ]
                                            },
                                            {
                                                "Node Type": "Bitmap Heap Scan",
                                                "Parent Relationship": "Inner",
                                                "Parallel Aware": false,
                                                "Relation Name": "company_name",
                                                "Schema": "public",
                                                "Alias": "cn",
                                                "Startup Cost": 0.43,
                                                "Total Cost": 4.44,
                                                "Plan Rows": 1,
                                                "Plan Width": 4,
                                                "Actual Startup Time": 0.004,
                                                "Actual Total Time": 0.004,
                                                "Actual Rows": 0,
                                                "Actual Loops": 84218,
                                                "Output": [
                                                    "cn.id",
                                                    "cn.name",
                                                    "cn.country_code",
                                                    "cn.imdb_id",
                                                    "cn.name_pcode_nf",
                                                    "cn.name_pcode_sf",
                                                    "cn.md5sum"
                                                ],
                                                "Recheck Cond": "(cn.id = mc.company_id)",
                                                "Rows Removed by Index Recheck": 0,
                                                "Filter": "(cn.name ~~ 'Lionsgate%'::text)",
                                                "Rows Removed by Filter": 1,
                                                "Exact Heap Blocks": 84218,
                                                "Lossy Heap Blocks": 0,
                                                "Plans": [
                                                    {
                                                        "Node Type": "Bitmap Index Scan",
                                                        "Parent Relationship": "Outer",
                                                        "Parallel Aware": false,
                                                        "Index Name": "company_name_pkey",
                                                        "Startup Cost": 0.0,
                                                        "Total Cost": 0.43,
                                                        "Plan Rows": 1,
                                                        "Plan Width": 0,
                                                        "Actual Startup Time": 0.002,
                                                        "Actual Total Time": 0.002,
                                                        "Actual Rows": 1,
                                                        "Actual Loops": 84218,
                                                        "Index Cond": "(cn.id = mc.company_id)"
                                                    }
                                                ]
                                            }
                                        ]
                                    },
                                    {
                                        "Node Type": "Bitmap Heap Scan",
                                        "Parent Relationship": "Inner",
                                        "Parallel Aware": false,
                                        "Relation Name": "movie_keyword",
                                        "Schema": "public",
                                        "Alias": "mk",
                                        "Startup Cost": 0.82,
                                        "Total Cost": 5.4,
                                        "Plan Rows": 46,
                                        "Plan Width": 8,
                                        "Actual Startup Time": 0.014,
                                        "Actual Total Time": 0.027,
                                        "Actual Rows": 105,
                                        "Actual Loops": 310,
                                        "Output": [
                                            "mk.id",
                                            "mk.movie_id",
                                            "mk.keyword_id"
                                        ],
                                        "Recheck Cond": "(mk.movie_id = mc.movie_id)",
                                        "Rows Removed by Index Recheck": 0,
                                        "Exact Heap Blocks": 453,
                                        "Lossy Heap Blocks": 0,
                                        "Plans": [
                                            {
                                                "Node Type": "Bitmap Index Scan",
                                                "Parent Relationship": "Outer",
                                                "Parallel Aware": false,
                                                "Index Name": "movie_id_movie_keyword",
                                                "Startup Cost": 0.0,
                                                "Total Cost": 0.81,
                                                "Plan Rows": 46,
                                                "Plan Width": 0,
                                                "Actual Startup Time": 0.008,
                                                "Actual Total Time": 0.008,
                                                "Actual Rows": 105,
                                                "Actual Loops": 310,
                                                "Index Cond": "(mk.movie_id = mc.movie_id)"
                                            }
                                        ]
                                    }
                                ]
                            },
                            {
                                "Node Type": "Bitmap Heap Scan",
                                "Parent Relationship": "Inner",
                                "Parallel Aware": false,
                                "Relation Name": "keyword",
                                "Schema": "public",
                                "Alias": "k",
                                "Startup Cost": 0.43,
                                "Total Cost": 4.45,
                                "Plan Rows": 1,
                                "Plan Width": 4,
                                "Actual Startup Time": 0.003,
                                "Actual Total Time": 0.003,
                                "Actual Rows": 0,
                                "Actual Loops": 32544,
                                "Output": [
                                    "k.id",
                                    "k.keyword",
                                    "k.phonetic_code"
                                ],
                                "Recheck Cond": "(k.id = mk.keyword_id)",
                                "Rows Removed by Index Recheck": 0,
                                "Filter": "(k.keyword = ANY ('{murder,violence,blood,gore,death,female-nudity,hospital}'::text[]))",
                                "Rows Removed by Filter": 1,
                                "Exact Heap Blocks": 32544,
                                "Lossy Heap Blocks": 0,
                                "Plans": [
                                    {
                                        "Node Type": "Bitmap Index Scan",
                                        "Parent Relationship": "Outer",
                                        "Parallel Aware": false,
                                        "Index Name": "keyword_pkey",
                                        "Startup Cost": 0.0,
                                        "Total Cost": 0.43,
                                        "Plan Rows": 1,
                                        "Plan Width": 0,
                                        "Actual Startup Time": 0.002,
                                        "Actual Total Time": 0.002,
                                        "Actual Rows": 1,
                                        "Actual Loops": 32544,
                                        "Index Cond": "(k.id = mk.keyword_id)"
                                    }
                                ]
                            }
                        ]
                    },
                    {
                        "Node Type": "Bitmap Heap Scan",
                        "Parent Relationship": "Inner",
                        "Parallel Aware": false,
                        "Relation Name": "title",
                        "Schema": "public",
                        "Alias": "t",
                        "Startup Cost": 0.45,
                        "Total Cost": 4.46,
                        "Plan Rows": 1,
                        "Plan Width": 21,
                        "Actual Startup Time": 0.004,
                        "Actual Total Time": 0.004,
                        "Actual Rows": 1,
                        "Actual Loops": 924,
                        "Output": [
                            "t.id",
                            "t.title",
                            "t.imdb_index",
                            "t.kind_id",
                            "t.production_year",
                            "t.imdb_id",
                            "t.phonetic_code",
                            "t.episode_of_id",
                            "t.season_nr",
                            "t.episode_nr",
                            "t.series_years",
                            "t.md5sum"
                        ],
                        "Recheck Cond": "(t.id = mk.movie_id)",
                        "Rows Removed by Index Recheck": 0,
                        "Exact Heap Blocks": 924,
                        "Lossy Heap Blocks": 0,
                        "Plans": [
                            {
                                "Node Type": "Bitmap Index Scan",
                                "Parent Relationship": "Outer",
                                "Parallel Aware": false,
                                "Index Name": "title_pkey",
                                "Startup Cost": 0.0,
                                "Total Cost": 0.45,
                                "Plan Rows": 1,
                                "Plan Width": 0,
                                "Actual Startup Time": 0.002,
                                "Actual Total Time": 0.002,
                                "Actual Rows": 1,
                                "Actual Loops": 924,
                                "Index Cond": "(t.id = mk.movie_id)"
                            }
                        ]
                    }
                ]
            }
        ]
    },
    "Planning Time": 40.722,
    "Triggers": [],
    "Execution Time": 9753.462
}