[
  {
    "Plan": {
      "Node Type": "Aggregate",
      "Strategy": "Plain",
      "Partial Mode": "Finalize",
      "Parallel Aware": false,
      "Startup Cost": 93927.02,
      "Total Cost": 93927.03,
      "Plan Rows": 1,
      "Plan Width": 8,
      "Actual Startup Time": 406.983,
      "Actual Total Time": 424.541,
      "Actual Rows": 1,
      "Actual Loops": 1,
      "Plans": [
        {
          "Node Type": "Gather",
          "Parent Relationship": "Outer",
          "Parallel Aware": false,
          "Startup Cost": 93926.7,
          "Total Cost": 93927.01,
          "Plan Rows": 3,
          "Plan Width": 8,
          "Actual Startup Time": 404.112,
          "Actual Total Time": 424.531,
          "Actual Rows": 4,
          "Actual Loops": 1,
          "Workers Planned": 3,
          "Workers Launched": 3,
          "Single Copy": false,
          "Plans": [
            {
              "Node Type": "Aggregate",
              "Strategy": "Plain",
              "Partial Mode": "Partial",
              "Parent Relationship": "Outer",
              "Parallel Aware": false,
              "Startup Cost": 92926.7,
              "Total Cost": 92926.71,
              "Plan Rows": 1,
              "Plan Width": 8,
              "Actual Startup Time": 395.981,
              "Actual Total Time": 395.985,
              "Actual Rows": 1,
              "Actual Loops": 4,
              "Plans": [
                {
                  "Node Type": "Hash Join",
                  "Parent Relationship": "Outer",
                  "Parallel Aware": true,
                  "Join Type": "Inner",
                  "Startup Cost": 48698.66,
                  "Total Cost": 92498.33,
                  "Plan Rows": 171348,
                  "Plan Width": 0,
                  "Actual Startup Time": 247.104,
                  "Actual Total Time": 394.361,
                  "Actual Rows": 35739,
                  "Actual Loops": 4,
                  "Inner Unique": true,
                  "Hash Cond": "(mk.movie_id = t.id)",
                  "Plans": [
                    {
                      "Node Type": "Seq Scan",
                      "Parent Relationship": "Outer",
                      "Parallel Aware": true,
                      "Relation Name": "movie_keyword",
                      "Alias": "mk",
                      "Startup Cost": 0.0,
                      "Total Cost": 42695.65,
                      "Plan Rows": 420579,
                      "Plan Width": 4,
                      "Actual Startup Time": 0.944,
                      "Actual Total Time": 98.235,
                      "Actual Rows": 326060,
                      "Actual Loops": 4,
                      "Filter": "(keyword_id > 13476)",
                      "Rows Removed by Filter": 804923
                    },
                    {
                      "Node Type": "Hash",
                      "Parent Relationship": "Inner",
                      "Parallel Aware": true,
                      "Startup Cost": 45479.59,
                      "Total Cost": 45479.59,
                      "Plan Rows": 257526,
                      "Plan Width": 4,
                      "Actual Startup Time": 242.913,
                      "Actual Total Time": 242.914,
                      "Actual Rows": 279495,
                      "Actual Loops": 4,
                      "Hash Buckets": 2097152,
                      "Original Hash Buckets": 1048576,
                      "Hash Batches": 1,
                      "Original Hash Batches": 1,
                      "Peak Memory Usage": 68384,
                      "Plans": [
                        {
                          "Node Type": "Seq Scan",
                          "Parent Relationship": "Outer",
                          "Parallel Aware": true,
                          "Relation Name": "title",
                          "Alias": "t",
                          "Startup Cost": 0.0,
                          "Total Cost": 45479.59,
                          "Plan Rows": 257526,
                          "Plan Width": 4,
                          "Actual Startup Time": 0.031,
                          "Actual Total Time": 111.507,
                          "Actual Rows": 279495,
                          "Actual Loops": 4,
                          "Filter": "((production_year > 1993) AND (kind_id = 7))",
                          "Rows Removed by Filter": 352583
                        }
                      ]
                    }
                  ]
                }
              ]
            }
          ]
        }
      ]
    },
    "Planning Time": 0.462,
    "Triggers": [],
    "Execution Time": 424.601
  }
]