[
  {
    "Plan": {
      "Node Type": "Aggregate",
      "Strategy": "Plain",
      "Partial Mode": "Finalize",
      "Parallel Aware": false,
      "Startup Cost": 45753.18,
      "Total Cost": 45753.19,
      "Plan Rows": 1,
      "Plan Width": 8,
      "Actual Startup Time": 160.293,
      "Actual Total Time": 168.135,
      "Actual Rows": 1,
      "Actual Loops": 1,
      "Plans": [
        {
          "Node Type": "Gather",
          "Parent Relationship": "Outer",
          "Parallel Aware": false,
          "Startup Cost": 45752.87,
          "Total Cost": 45753.18,
          "Plan Rows": 3,
          "Plan Width": 8,
          "Actual Startup Time": 160.213,
          "Actual Total Time": 168.127,
          "Actual Rows": 4,
          "Actual Loops": 1,
          "Workers Planned": 3,
          "Workers Launched": 3,
          "Single Copy": false,
          "Plans": [
            {
              "Node Type": "Aggregate",
              "Strategy": "Plain",
              "Partial Mode": "Partial",
              "Parent Relationship": "Outer",
              "Parallel Aware": false,
              "Startup Cost": 44752.87,
              "Total Cost": 44752.88,
              "Plan Rows": 1,
              "Plan Width": 8,
              "Actual Startup Time": 154.96,
              "Actual Total Time": 154.961,
              "Actual Rows": 1,
              "Actual Loops": 4,
              "Plans": [
                {
                  "Node Type": "Seq Scan",
                  "Parent Relationship": "Outer",
                  "Parallel Aware": true,
                  "Relation Name": "movie_keyword",
                  "Alias": "mk",
                  "Startup Cost": 0.0,
                  "Total Cost": 42695.65,
                  "Plan Rows": 822885,
                  "Plan Width": 0,
                  "Actual Startup Time": 0.039,
                  "Actual Total Time": 122.454,
                  "Actual Rows": 639903,
                  "Actual Loops": 4,
                  "Filter": "(keyword_id < 6458)",
                  "Rows Removed by Filter": 491079
                }
              ]
            }
          ]
        }
      ]
    },
    "Planning Time": 0.231,
    "Triggers": [],
    "Execution Time": 168.2
  }
]