[
    {
        "Bao": {
            "Bao prediction": "NaN",
            "Bao recommended hint": "(no hint)"
        }
    },
    {
        "Plan": {
            "Node Type": "Aggregate",
            "Strategy": "Plain",
            "Partial Mode": "Finalize",
            "Parallel Aware": false,
            "Startup Cost": 30089.88,
            "Total Cost": 30089.89,
            "Plan Rows": 1,
            "Plan Width": 8,
            "Actual Startup Time": 64.317,
            "Actual Total Time": 68.753,
            "Actual Rows": 1,
            "Actual Loops": 1,
            "Output": [
                "count(*)"
            ],
            "Plans": [
                {
                    "Node Type": "Gather",
                    "Parent Relationship": "Outer",
                    "Parallel Aware": false,
                    "Startup Cost": 30089.56,
                    "Total Cost": 30089.87,
                    "Plan Rows": 3,
                    "Plan Width": 8,
                    "Actual Startup Time": 64.102,
                    "Actual Total Time": 68.746,
                    "Actual Rows": 4,
                    "Actual Loops": 1,
                    "Output": [
                        "(PARTIAL count(*))"
                    ],
                    "Workers Planned": 3,
                    "Workers Launched": 3,
                    "Single Copy": false,
                    "Plans": [
                        {
                            "Node Type": "Aggregate",
                            "Strategy": "Plain",
                            "Partial Mode": "Partial",
                            "Parent Relationship": "Outer",
                            "Parallel Aware": false,
                            "Startup Cost": 29089.56,
                            "Total Cost": 29089.57,
                            "Plan Rows": 1,
                            "Plan Width": 8,
                            "Actual Startup Time": 55.93,
                            "Actual Total Time": 55.932,
                            "Actual Rows": 1,
                            "Actual Loops": 4,
                            "Output": [
                                "PARTIAL count(*)"
                            ],
                            "Workers": [
                                {
                                    "Worker Number": 0,
                                    "Actual Startup Time": 53.131,
                                    "Actual Total Time": 53.132,
                                    "Actual Rows": 1,
                                    "Actual Loops": 1
                                },
                                {
                                    "Worker Number": 1,
                                    "Actual Startup Time": 53.33,
                                    "Actual Total Time": 53.331,
                                    "Actual Rows": 1,
                                    "Actual Loops": 1
                                },
                                {
                                    "Worker Number": 2,
                                    "Actual Startup Time": 53.442,
                                    "Actual Total Time": 53.444,
                                    "Actual Rows": 1,
                                    "Actual Loops": 1
                                }
                            ],
                            "Plans": [
                                {
                                    "Node Type": "Bitmap Heap Scan",
                                    "Parent Relationship": "Outer",
                                    "Parallel Aware": true,
                                    "Relation Name": "movie_keyword",
                                    "Schema": "public",
                                    "Alias": "mk",
                                    "Startup Cost": 3774.91,
                                    "Total Cost": 28946.12,
                                    "Plan Rows": 57377,
                                    "Plan Width": 0,
                                    "Actual Startup Time": 8.965,
                                    "Actual Total Time": 52.976,
                                    "Actual Rows": 42991,
                                    "Actual Loops": 4,
                                    "Recheck Cond": "(mk.keyword_id > 72060)",
                                    "Rows Removed by Index Recheck": 0,
                                    "Exact Heap Blocks": 11722,
                                    "Lossy Heap Blocks": 0,
                                    "Workers": [
                                        {
                                            "Worker Number": 0,
                                            "Actual Startup Time": 6.136,
                                            "Actual Total Time": 50.592,
                                            "Actual Rows": 20798,
                                            "Actual Loops": 1
                                        },
                                        {
                                            "Worker Number": 1,
                                            "Actual Startup Time": 6.535,
                                            "Actual Total Time": 50.804,
                                            "Actual Rows": 24922,
                                            "Actual Loops": 1
                                        },
                                        {
                                            "Worker Number": 2,
                                            "Actual Startup Time": 6.622,
                                            "Actual Total Time": 50.985,
                                            "Actual Rows": 24393,
                                            "Actual Loops": 1
                                        }
                                    ],
                                    "Plans": [
                                        {
                                            "Node Type": "Bitmap Index Scan",
                                            "Parent Relationship": "Outer",
                                            "Parallel Aware": false,
                                            "Index Name": "keyword_id_movie_keyword",
                                            "Startup Cost": 0.0,
                                            "Total Cost": 3730.44,
                                            "Plan Rows": 177868,
                                            "Plan Width": 0,
                                            "Actual Startup Time": 13.248,
                                            "Actual Total Time": 13.249,
                                            "Actual Rows": 171964,
                                            "Actual Loops": 1,
                                            "Index Cond": "(mk.keyword_id > 72060)"
                                        }
                                    ]
                                }
                            ]
                        }
                    ]
                }
            ]
        },
        "Planning Time": 207.351,
        "Triggers": [],
        "Execution Time": 68.81
    }
]