[
    {
        "Bao": {
            "Bao prediction": 1371.019,
            "Bao recommended hint": "SET enable_nestloop TO off; "
        }
    },
    {
        "Plan": {
            "Node Type": "Aggregate",
            "Strategy": "Plain",
            "Partial Mode": "Finalize",
            "Parallel Aware": false,
            "Startup Cost": 546458.44,
            "Total Cost": 546458.45,
            "Plan Rows": 1,
            "Plan Width": 64,
            "Actual Startup Time": 3732.082,
            "Actual Total Time": 3836.096,
            "Actual Rows": 1,
            "Actual Loops": 1,
            "Output": [
                "min(an.name)",
                "min(t.title)"
            ],
            "Plans": [
                {
                    "Node Type": "Gather",
                    "Parent Relationship": "Outer",
                    "Parallel Aware": false,
                    "Startup Cost": 546458.11,
                    "Total Cost": 546458.42,
                    "Plan Rows": 3,
                    "Plan Width": 64,
                    "Actual Startup Time": 3730.468,
                    "Actual Total Time": 3836.081,
                    "Actual Rows": 4,
                    "Actual Loops": 1,
                    "Output": [
                        "(PARTIAL min(an.name))",
                        "(PARTIAL min(t.title))"
                    ],
                    "Workers Planned": 3,
                    "Workers Launched": 3,
                    "Single Copy": false,
                    "Plans": [
                        {
                            "Node Type": "Aggregate",
                            "Strategy": "Plain",
                            "Partial Mode": "Partial",
                            "Parent Relationship": "Outer",
                            "Parallel Aware": false,
                            "Startup Cost": 545458.11,
                            "Total Cost": 545458.12,
                            "Plan Rows": 1,
                            "Plan Width": 64,
                            "Actual Startup Time": 3718.776,
                            "Actual Total Time": 3718.858,
                            "Actual Rows": 1,
                            "Actual Loops": 4,
                            "Output": [
                                "PARTIAL min(an.name)",
                                "PARTIAL min(t.title)"
                            ],
                            "Workers": [
                                {
                                    "Worker Number": 0,
                                    "Actual Startup Time": 3715.482,
                                    "Actual Total Time": 3715.511,
                                    "Actual Rows": 1,
                                    "Actual Loops": 1
                                },
                                {
                                    "Worker Number": 1,
                                    "Actual Startup Time": 3715.468,
                                    "Actual Total Time": 3715.489,
                                    "Actual Rows": 1,
                                    "Actual Loops": 1
                                },
                                {
                                    "Worker Number": 2,
                                    "Actual Startup Time": 3715.66,
                                    "Actual Total Time": 3715.679,
                                    "Actual Rows": 1,
                                    "Actual Loops": 1
                                }
                            ],
                            "Plans": [
                                {
                                    "Node Type": "Hash Join",
                                    "Parent Relationship": "Outer",
                                    "Parallel Aware": true,
                                    "Join Type": "Inner",
                                    "Startup Cost": 530064.14,
                                    "Total Cost": 545458.05,
                                    "Plan Rows": 13,
                                    "Plan Width": 33,
                                    "Actual Startup Time": 3634.957,
                                    "Actual Total Time": 3716.559,
                                    "Actual Rows": 13478,
                                    "Actual Loops": 4,
                                    "Output": [
                                        "an.name",
                                        "t.title"
                                    ],
                                    "Inner Unique": false,
                                    "Hash Cond": "(an.person_id = n.id)",
                                    "Workers": [
                                        {
                                            "Worker Number": 0,
                                            "Actual Startup Time": 3631.625,
                                            "Actual Total Time": 3713.509,
                                            "Actual Rows": 17066,
                                            "Actual Loops": 1
                                        },
                                        {
                                            "Worker Number": 1,
                                            "Actual Startup Time": 3631.763,
                                            "Actual Total Time": 3713.251,
                                            "Actual Rows": 12396,
                                            "Actual Loops": 1
                                        },
                                        {
                                            "Worker Number": 2,
                                            "Actual Startup Time": 3631.69,
                                            "Actual Total Time": 3713.326,
                                            "Actual Rows": 10851,
                                            "Actual Loops": 1
                                        }
                                    ],
                                    "Plans": [
                                        {
                                            "Node Type": "Seq Scan",
                                            "Parent Relationship": "Outer",
                                            "Parallel Aware": true,
                                            "Relation Name": "aka_name",
                                            "Schema": "public",
                                            "Alias": "an",
                                            "Startup Cost": 0.0,
                                            "Total Cost": 14303.56,
                                            "Plan Rows": 290756,
                                            "Plan Width": 20,
                                            "Actual Startup Time": 0.023,
                                            "Actual Total Time": 40.944,
                                            "Actual Rows": 225336,
                                            "Actual Loops": 4,
                                            "Output": [
                                                "an.id",
                                                "an.person_id",
                                                "an.name",
                                                "an.imdb_index",
                                                "an.name_pcode_cf",
                                                "an.name_pcode_nf",
                                                "an.surname_pcode",
                                                "an.md5sum"
                                            ],
                                            "Workers": [
                                                {
                                                    "Worker Number": 0,
                                                    "Actual Startup Time": 0.019,
                                                    "Actual Total Time": 41.646,
                                                    "Actual Rows": 297488,
                                                    "Actual Loops": 1
                                                },
                                                {
                                                    "Worker Number": 1,
                                                    "Actual Startup Time": 0.032,
                                                    "Actual Total Time": 40.522,
                                                    "Actual Rows": 214132,
                                                    "Actual Loops": 1
                                                },
                                                {
                                                    "Worker Number": 2,
                                                    "Actual Startup Time": 0.03,
                                                    "Actual Total Time": 41.456,
                                                    "Actual Rows": 185868,
                                                    "Actual Loops": 1
                                                }
                                            ]
                                        },
                                        {
                                            "Node Type": "Hash",
                                            "Parent Relationship": "Inner",
                                            "Parallel Aware": true,
                                            "Startup Cost": 530064.09,
                                            "Total Cost": 530064.09,
                                            "Plan Rows": 4,
                                            "Plan Width": 25,
                                            "Actual Startup Time": 3633.612,
                                            "Actual Total Time": 3633.691,
                                            "Actual Rows": 13386,
                                            "Actual Loops": 4,
                                            "Output": [
                                                "ci.person_id",
                                                "n.id",
                                                "t.title"
                                            ],
                                            "Hash Buckets": 65536,
                                            "Original Hash Buckets": 1024,
                                            "Hash Batches": 1,
                                            "Original Hash Batches": 1,
                                            "Peak Memory Usage": 4312,
                                            "Workers": [
                                                {
                                                    "Worker Number": 0,
                                                    "Actual Startup Time": 3630.766,
                                                    "Actual Total Time": 3630.794,
                                                    "Actual Rows": 15002,
                                                    "Actual Loops": 1
                                                },
                                                {
                                                    "Worker Number": 1,
                                                    "Actual Startup Time": 3630.826,
                                                    "Actual Total Time": 3630.845,
                                                    "Actual Rows": 12777,
                                                    "Actual Loops": 1
                                                },
                                                {
                                                    "Worker Number": 2,
                                                    "Actual Startup Time": 3630.688,
                                                    "Actual Total Time": 3630.704,
                                                    "Actual Rows": 12755,
                                                    "Actual Loops": 1
                                                }
                                            ],
                                            "Plans": [
                                                {
                                                    "Node Type": "Hash Join",
                                                    "Parent Relationship": "Outer",
                                                    "Parallel Aware": true,
                                                    "Join Type": "Inner",
                                                    "Startup Cost": 460125.04,
                                                    "Total Cost": 530064.09,
                                                    "Plan Rows": 4,
                                                    "Plan Width": 25,
                                                    "Actual Startup Time": 3229.885,
                                                    "Actual Total Time": 3595.269,
                                                    "Actual Rows": 13386,
                                                    "Actual Loops": 4,
                                                    "Output": [
                                                        "ci.person_id",
                                                        "n.id",
                                                        "t.title"
                                                    ],
                                                    "Inner Unique": false,
                                                    "Hash Cond": "(n.id = ci.person_id)",
                                                    "Workers": [
                                                        {
                                                            "Worker Number": 0,
                                                            "Actual Startup Time": 3226.953,
                                                            "Actual Total Time": 3604.849,
                                                            "Actual Rows": 15002,
                                                            "Actual Loops": 1
                                                        },
                                                        {
                                                            "Worker Number": 1,
                                                            "Actual Startup Time": 3227.161,
                                                            "Actual Total Time": 3585.047,
                                                            "Actual Rows": 12777,
                                                            "Actual Loops": 1
                                                        },
                                                        {
                                                            "Worker Number": 2,
                                                            "Actual Startup Time": 3226.964,
                                                            "Actual Total Time": 3587.701,
                                                            "Actual Rows": 12755,
                                                            "Actual Loops": 1
                                                        }
                                                    ],
                                                    "Plans": [
                                                        {
                                                            "Node Type": "Seq Scan",
                                                            "Parent Relationship": "Outer",
                                                            "Parallel Aware": true,
                                                            "Relation Name": "name",
                                                            "Schema": "public",
                                                            "Alias": "n",
                                                            "Startup Cost": 0.0,
                                                            "Total Cost": 66031.94,
                                                            "Plan Rows": 1041894,
                                                            "Plan Width": 4,
                                                            "Actual Startup Time": 0.023,
                                                            "Actual Total Time": 172.143,
                                                            "Actual Rows": 1041873,
                                                            "Actual Loops": 4,
                                                            "Output": [
                                                                "n.id",
                                                                "n.name",
                                                                "n.imdb_index",
                                                                "n.imdb_id",
                                                                "n.gender",
                                                                "n.name_pcode_cf",
                                                                "n.name_pcode_nf",
                                                                "n.surname_pcode",
                                                                "n.md5sum"
                                                            ],
                                                            "Workers": [
                                                                {
                                                                    "Worker Number": 0,
                                                                    "Actual Startup Time": 0.023,
                                                                    "Actual Total Time": 179.055,
                                                                    "Actual Rows": 1159950,
                                                                    "Actual Loops": 1
                                                                },
                                                                {
                                                                    "Worker Number": 1,
                                                                    "Actual Startup Time": 0.027,
                                                                    "Actual Total Time": 167.498,
                                                                    "Actual Rows": 1006145,
                                                                    "Actual Loops": 1
                                                                },
                                                                {
                                                                    "Worker Number": 2,
                                                                    "Actual Startup Time": 0.03,
                                                                    "Actual Total Time": 172.412,
                                                                    "Actual Rows": 969471,
                                                                    "Actual Loops": 1
                                                                }
                                                            ]
                                                        },
                                                        {
                                                            "Node Type": "Hash",
                                                            "Parent Relationship": "Inner",
                                                            "Parallel Aware": true,
                                                            "Startup Cost": 460125.0,
                                                            "Total Cost": 460125.0,
                                                            "Plan Rows": 3,
                                                            "Plan Width": 21,
                                                            "Actual Startup Time": 3229.685,
                                                            "Actual Total Time": 3229.76,
                                                            "Actual Rows": 13386,
                                                            "Actual Loops": 4,
                                                            "Output": [
                                                                "ci.person_id",
                                                                "t.title"
                                                            ],
                                                            "Hash Buckets": 65536,
                                                            "Original Hash Buckets": 1024,
                                                            "Hash Batches": 1,
                                                            "Original Hash Batches": 1,
                                                            "Peak Memory Usage": 4120,
                                                            "Workers": [
                                                                {
                                                                    "Worker Number": 0,
                                                                    "Actual Startup Time": 3226.793,
                                                                    "Actual Total Time": 3226.809,
                                                                    "Actual Rows": 14206,
                                                                    "Actual Loops": 1
                                                                },
                                                                {
                                                                    "Worker Number": 1,
                                                                    "Actual Startup Time": 3226.84,
                                                                    "Actual Total Time": 3226.857,
                                                                    "Actual Rows": 12857,
                                                                    "Actual Loops": 1
                                                                },
                                                                {
                                                                    "Worker Number": 2,
                                                                    "Actual Startup Time": 3226.807,
                                                                    "Actual Total Time": 3226.822,
                                                                    "Actual Rows": 13251,
                                                                    "Actual Loops": 1
                                                                }
                                                            ],
                                                            "Plans": [
                                                                {
                                                                    "Node Type": "Hash Join",
                                                                    "Parent Relationship": "Outer",
                                                                    "Parallel Aware": true,
                                                                    "Join Type": "Inner",
                                                                    "Startup Cost": 124361.15,
                                                                    "Total Cost": 460125.0,
                                                                    "Plan Rows": 3,
                                                                    "Plan Width": 21,
                                                                    "Actual Startup Time": 682.127,
                                                                    "Actual Total Time": 2901.49,
                                                                    "Actual Rows": 13386,
                                                                    "Actual Loops": 4,
                                                                    "Output": [
                                                                        "ci.person_id",
                                                                        "t.title"
                                                                    ],
                                                                    "Inner Unique": false,
                                                                    "Hash Cond": "(ci.movie_id = t.id)",
                                                                    "Workers": [
                                                                        {
                                                                            "Worker Number": 0,
                                                                            "Actual Startup Time": 679.45,
                                                                            "Actual Total Time": 3084.857,
                                                                            "Actual Rows": 14206,
                                                                            "Actual Loops": 1
                                                                        },
                                                                        {
                                                                            "Worker Number": 1,
                                                                            "Actual Startup Time": 679.249,
                                                                            "Actual Total Time": 2715.423,
                                                                            "Actual Rows": 12857,
                                                                            "Actual Loops": 1
                                                                        },
                                                                        {
                                                                            "Worker Number": 2,
                                                                            "Actual Startup Time": 678.994,
                                                                            "Actual Total Time": 2892.556,
                                                                            "Actual Rows": 13251,
                                                                            "Actual Loops": 1
                                                                        }
                                                                    ],
                                                                    "Plans": [
                                                                        {
                                                                            "Node Type": "Seq Scan",
                                                                            "Parent Relationship": "Outer",
                                                                            "Parallel Aware": true,
                                                                            "Relation Name": "cast_info",
                                                                            "Schema": "public",
                                                                            "Alias": "ci",
                                                                            "Startup Cost": 0.0,
                                                                            "Total Cost": 313106.51,
                                                                            "Plan Rows": 6041951,
                                                                            "Plan Width": 8,
                                                                            "Actual Startup Time": 0.013,
                                                                            "Actual Total Time": 1138.886,
                                                                            "Actual Rows": 9061086,
                                                                            "Actual Loops": 4,
                                                                            "Output": [
                                                                                "ci.id",
                                                                                "ci.person_id",
                                                                                "ci.movie_id",
                                                                                "ci.person_role_id",
                                                                                "ci.note",
                                                                                "ci.nr_order",
                                                                                "ci.role_id"
                                                                            ],
                                                                            "Workers": [
                                                                                {
                                                                                    "Worker Number": 0,
                                                                                    "Actual Startup Time": 0.01,
                                                                                    "Actual Total Time": 1228.222,
                                                                                    "Actual Rows": 9780009,
                                                                                    "Actual Loops": 1
                                                                                },
                                                                                {
                                                                                    "Worker Number": 1,
                                                                                    "Actual Startup Time": 0.016,
                                                                                    "Actual Total Time": 1047.232,
                                                                                    "Actual Rows": 8358839,
                                                                                    "Actual Loops": 1
                                                                                },
                                                                                {
                                                                                    "Worker Number": 2,
                                                                                    "Actual Startup Time": 0.008,
                                                                                    "Actual Total Time": 1138.971,
                                                                                    "Actual Rows": 9087353,
                                                                                    "Actual Loops": 1
                                                                                }
                                                                            ]
                                                                        },
                                                                        {
                                                                            "Node Type": "Hash",
                                                                            "Parent Relationship": "Inner",
                                                                            "Parallel Aware": true,
                                                                            "Startup Cost": 124361.14,
                                                                            "Total Cost": 124361.14,
                                                                            "Plan Rows": 1,
                                                                            "Plan Width": 29,
                                                                            "Actual Startup Time": 681.755,
                                                                            "Actual Total Time": 681.827,
                                                                            "Actual Rows": 126,
                                                                            "Actual Loops": 4,
                                                                            "Output": [
                                                                                "mc.movie_id",
                                                                                "mk.movie_id",
                                                                                "t.title",
                                                                                "t.id"
                                                                            ],
                                                                            "Hash Buckets": 1024,
                                                                            "Original Hash Buckets": 1024,
                                                                            "Hash Batches": 1,
                                                                            "Original Hash Batches": 1,
                                                                            "Peak Memory Usage": 136,
                                                                            "Workers": [
                                                                                {
                                                                                    "Worker Number": 0,
                                                                                    "Actual Startup Time": 678.893,
                                                                                    "Actual Total Time": 678.906,
                                                                                    "Actual Rows": 101,
                                                                                    "Actual Loops": 1
                                                                                },
                                                                                {
                                                                                    "Worker Number": 1,
                                                                                    "Actual Startup Time": 678.908,
                                                                                    "Actual Total Time": 678.921,
                                                                                    "Actual Rows": 154,
                                                                                    "Actual Loops": 1
                                                                                },
                                                                                {
                                                                                    "Worker Number": 2,
                                                                                    "Actual Startup Time": 678.863,
                                                                                    "Actual Total Time": 678.875,
                                                                                    "Actual Rows": 118,
                                                                                    "Actual Loops": 1
                                                                                }
                                                                            ],
                                                                            "Plans": [
                                                                                {
                                                                                    "Node Type": "Hash Join",
                                                                                    "Parent Relationship": "Outer",
                                                                                    "Parallel Aware": true,
                                                                                    "Join Type": "Inner",
                                                                                    "Startup Cost": 79671.67,
                                                                                    "Total Cost": 124361.14,
                                                                                    "Plan Rows": 1,
                                                                                    "Plan Width": 29,
                                                                                    "Actual Startup Time": 516.456,
                                                                                    "Actual Total Time": 681.635,
                                                                                    "Actual Rows": 126,
                                                                                    "Actual Loops": 4,
                                                                                    "Output": [
                                                                                        "mc.movie_id",
                                                                                        "mk.movie_id",
                                                                                        "t.title",
                                                                                        "t.id"
                                                                                    ],
                                                                                    "Inner Unique": false,
                                                                                    "Hash Cond": "(t.id = mk.movie_id)",
                                                                                    "Workers": [
                                                                                        {
                                                                                            "Worker Number": 0,
                                                                                            "Actual Startup Time": 501.598,
                                                                                            "Actual Total Time": 678.713,
                                                                                            "Actual Rows": 101,
                                                                                            "Actual Loops": 1
                                                                                        },
                                                                                        {
                                                                                            "Worker Number": 1,
                                                                                            "Actual Startup Time": 500.465,
                                                                                            "Actual Total Time": 678.705,
                                                                                            "Actual Rows": 154,
                                                                                            "Actual Loops": 1
                                                                                        },
                                                                                        {
                                                                                            "Worker Number": 2,
                                                                                            "Actual Startup Time": 547.491,
                                                                                            "Actual Total Time": 678.712,
                                                                                            "Actual Rows": 118,
                                                                                            "Actual Loops": 1
                                                                                        }
                                                                                    ],
                                                                                    "Plans": [
                                                                                        {
                                                                                            "Node Type": "Seq Scan",
                                                                                            "Parent Relationship": "Outer",
                                                                                            "Parallel Aware": true,
                                                                                            "Relation Name": "title",
                                                                                            "Schema": "public",
                                                                                            "Alias": "t",
                                                                                            "Startup Cost": 0.0,
                                                                                            "Total Cost": 42319.06,
                                                                                            "Plan Rows": 632106,
                                                                                            "Plan Width": 21,
                                                                                            "Actual Startup Time": 0.033,
                                                                                            "Actual Total Time": 109.056,
                                                                                            "Actual Rows": 632078,
                                                                                            "Actual Loops": 4,
                                                                                            "Output": [
                                                                                                "t.id",
                                                                                                "t.title",
                                                                                                "t.imdb_index",
                                                                                                "t.kind_id",
                                                                                                "t.production_year",
                                                                                                "t.imdb_id",
                                                                                                "t.phonetic_code",
                                                                                                "t.episode_of_id",
                                                                                                "t.season_nr",
                                                                                                "t.episode_nr",
                                                                                                "t.series_years",
                                                                                                "t.md5sum"
                                                                                            ],
                                                                                            "Workers": [
                                                                                                {
                                                                                                    "Worker Number": 0,
                                                                                                    "Actual Startup Time": 0.037,
                                                                                                    "Actual Total Time": 109.222,
                                                                                                    "Actual Rows": 624042,
                                                                                                    "Actual Loops": 1
                                                                                                },
                                                                                                {
                                                                                                    "Worker Number": 1,
                                                                                                    "Actual Startup Time": 0.031,
                                                                                                    "Actual Total Time": 108.132,
                                                                                                    "Actual Rows": 649059,
                                                                                                    "Actual Loops": 1
                                                                                                },
                                                                                                {
                                                                                                    "Worker Number": 2,
                                                                                                    "Actual Startup Time": 0.031,
                                                                                                    "Actual Total Time": 109.318,
                                                                                                    "Actual Rows": 624710,
                                                                                                    "Actual Loops": 1
                                                                                                }
                                                                                            ]
                                                                                        },
                                                                                        {
                                                                                            "Node Type": "Hash",
                                                                                            "Parent Relationship": "Inner",
                                                                                            "Parallel Aware": true,
                                                                                            "Startup Cost": 79671.66,
                                                                                            "Total Cost": 79671.66,
                                                                                            "Plan Rows": 1,
                                                                                            "Plan Width": 8,
                                                                                            "Actual Startup Time": 500.856,
                                                                                            "Actual Total Time": 500.925,
                                                                                            "Actual Rows": 126,
                                                                                            "Actual Loops": 4,
                                                                                            "Output": [
                                                                                                "mc.movie_id",
                                                                                                "mk.movie_id"
                                                                                            ],
                                                                                            "Hash Buckets": 1024,
                                                                                            "Original Hash Buckets": 1024,
                                                                                            "Hash Batches": 1,
                                                                                            "Original Hash Batches": 1,
                                                                                            "Peak Memory Usage": 136,
                                                                                            "Workers": [
                                                                                                {
                                                                                                    "Worker Number": 0,
                                                                                                    "Actual Startup Time": 498.055,
                                                                                                    "Actual Total Time": 498.065,
                                                                                                    "Actual Rows": 102,
                                                                                                    "Actual Loops": 1
                                                                                                },
                                                                                                {
                                                                                                    "Worker Number": 1,
                                                                                                    "Actual Startup Time": 498.059,
                                                                                                    "Actual Total Time": 498.069,
                                                                                                    "Actual Rows": 155,
                                                                                                    "Actual Loops": 1
                                                                                                },
                                                                                                {
                                                                                                    "Worker Number": 2,
                                                                                                    "Actual Startup Time": 497.871,
                                                                                                    "Actual Total Time": 497.881,
                                                                                                    "Actual Rows": 99,
                                                                                                    "Actual Loops": 1
                                                                                                }
                                                                                            ],
                                                                                            "Plans": [
                                                                                                {
                                                                                                    "Node Type": "Hash Join",
                                                                                                    "Parent Relationship": "Outer",
                                                                                                    "Parallel Aware": true,
                                                                                                    "Join Type": "Inner",
                                                                                                    "Startup Cost": 50237.41,
                                                                                                    "Total Cost": 79671.66,
                                                                                                    "Plan Rows": 1,
                                                                                                    "Plan Width": 8,
                                                                                                    "Actual Startup Time": 321.745,
                                                                                                    "Actual Total Time": 500.612,
                                                                                                    "Actual Rows": 126,
                                                                                                    "Actual Loops": 4,
                                                                                                    "Output": [
                                                                                                        "mc.movie_id",
                                                                                                        "mk.movie_id"
                                                                                                    ],
                                                                                                    "Inner Unique": false,
                                                                                                    "Hash Cond": "(mc.movie_id = mk.movie_id)",
                                                                                                    "Workers": [
                                                                                                        {
                                                                                                            "Worker Number": 0,
                                                                                                            "Actual Startup Time": 310.927,
                                                                                                            "Actual Total Time": 497.679,
                                                                                                            "Actual Rows": 102,
                                                                                                            "Actual Loops": 1
                                                                                                        },
                                                                                                        {
                                                                                                            "Worker Number": 1,
                                                                                                            "Actual Startup Time": 319.985,
                                                                                                            "Actual Total Time": 497.678,
                                                                                                            "Actual Rows": 155,
                                                                                                            "Actual Loops": 1
                                                                                                        },
                                                                                                        {
                                                                                                            "Worker Number": 2,
                                                                                                            "Actual Startup Time": 334.379,
                                                                                                            "Actual Total Time": 497.747,
                                                                                                            "Actual Rows": 99,
                                                                                                            "Actual Loops": 1
                                                                                                        }
                                                                                                    ],
                                                                                                    "Plans": [
                                                                                                        {
                                                                                                            "Node Type": "Hash Join",
                                                                                                            "Parent Relationship": "Outer",
                                                                                                            "Parallel Aware": true,
                                                                                                            "Join Type": "Inner",
                                                                                                            "Startup Cost": 4732.94,
                                                                                                            "Total Cost": 34148.88,
                                                                                                            "Plan Rows": 4882,
                                                                                                            "Plan Width": 4,
                                                                                                            "Actual Startup Time": 12.506,
                                                                                                            "Actual Total Time": 199.599,
                                                                                                            "Actual Rows": 2198,
                                                                                                            "Actual Loops": 4,
                                                                                                            "Output": [
                                                                                                                "mc.movie_id"
                                                                                                            ],
                                                                                                            "Inner Unique": true,
                                                                                                            "Hash Cond": "(mc.company_id = cn.id)",
                                                                                                            "Workers": [
                                                                                                                {
                                                                                                                    "Worker Number": 0,
                                                                                                                    "Actual Startup Time": 12.214,
                                                                                                                    "Actual Total Time": 199.533,
                                                                                                                    "Actual Rows": 2209,
                                                                                                                    "Actual Loops": 1
                                                                                                                },
                                                                                                                {
                                                                                                                    "Worker Number": 1,
                                                                                                                    "Actual Startup Time": 12.487,
                                                                                                                    "Actual Total Time": 199.495,
                                                                                                                    "Actual Rows": 2327,
                                                                                                                    "Actual Loops": 1
                                                                                                                },
                                                                                                                {
                                                                                                                    "Worker Number": 2,
                                                                                                                    "Actual Startup Time": 12.258,
                                                                                                                    "Actual Total Time": 199.639,
                                                                                                                    "Actual Rows": 1983,
                                                                                                                    "Actual Loops": 1
                                                                                                                }
                                                                                                            ],
                                                                                                            "Plans": [
                                                                                                                {
                                                                                                                    "Node Type": "Seq Scan",
                                                                                                                    "Parent Relationship": "Outer",
                                                                                                                    "Parallel Aware": true,
                                                                                                                    "Relation Name": "movie_companies",
                                                                                                                    "Schema": "public",
                                                                                                                    "Alias": "mc",
                                                                                                                    "Startup Cost": 0.0,
                                                                                                                    "Total Cost": 27206.55,
                                                                                                                    "Plan Rows": 841655,
                                                                                                                    "Plan Width": 8,
                                                                                                                    "Actual Startup Time": 0.031,
                                                                                                                    "Actual Total Time": 107.674,
                                                                                                                    "Actual Rows": 652282,
                                                                                                                    "Actual Loops": 4,
                                                                                                                    "Output": [
                                                                                                                        "mc.id",
                                                                                                                        "mc.movie_id",
                                                                                                                        "mc.company_id",
                                                                                                                        "mc.company_type_id",
                                                                                                                        "mc.note"
                                                                                                                    ],
                                                                                                                    "Workers": [
                                                                                                                        {
                                                                                                                            "Worker Number": 0,
                                                                                                                            "Actual Startup Time": 0.023,
                                                                                                                            "Actual Total Time": 109.825,
                                                                                                                            "Actual Rows": 620217,
                                                                                                                            "Actual Loops": 1
                                                                                                                        },
                                                                                                                        {
                                                                                                                            "Worker Number": 1,
                                                                                                                            "Actual Startup Time": 0.029,
                                                                                                                            "Actual Total Time": 106.135,
                                                                                                                            "Actual Rows": 696471,
                                                                                                                            "Actual Loops": 1
                                                                                                                        },
                                                                                                                        {
                                                                                                                            "Worker Number": 2,
                                                                                                                            "Actual Startup Time": 0.045,
                                                                                                                            "Actual Total Time": 108.435,
                                                                                                                            "Actual Rows": 593296,
                                                                                                                            "Actual Loops": 1
                                                                                                                        }
                                                                                                                    ]
                                                                                                                },
                                                                                                                {
                                                                                                                    "Node Type": "Hash",
                                                                                                                    "Parent Relationship": "Inner",
                                                                                                                    "Parallel Aware": true,
                                                                                                                    "Startup Cost": 4722.92,
                                                                                                                    "Total Cost": 4722.92,
                                                                                                                    "Plan Rows": 802,
                                                                                                                    "Plan Width": 4,
                                                                                                                    "Actual Startup Time": 12.021,
                                                                                                                    "Actual Total Time": 12.022,
                                                                                                                    "Actual Rows": 340,
                                                                                                                    "Actual Loops": 4,
                                                                                                                    "Output": [
                                                                                                                        "cn.id"
                                                                                                                    ],
                                                                                                                    "Hash Buckets": 2048,
                                                                                                                    "Original Hash Buckets": 2048,
                                                                                                                    "Hash Batches": 1,
                                                                                                                    "Original Hash Batches": 1,
                                                                                                                    "Peak Memory Usage": 144,
                                                                                                                    "Workers": [
                                                                                                                        {
                                                                                                                            "Worker Number": 0,
                                                                                                                            "Actual Startup Time": 12.007,
                                                                                                                            "Actual Total Time": 12.009,
                                                                                                                            "Actual Rows": 336,
                                                                                                                            "Actual Loops": 1
                                                                                                                        },
                                                                                                                        {
                                                                                                                            "Worker Number": 1,
                                                                                                                            "Actual Startup Time": 12.032,
                                                                                                                            "Actual Total Time": 12.033,
                                                                                                                            "Actual Rows": 349,
                                                                                                                            "Actual Loops": 1
                                                                                                                        },
                                                                                                                        {
                                                                                                                            "Worker Number": 2,
                                                                                                                            "Actual Startup Time": 12.032,
                                                                                                                            "Actual Total Time": 12.033,
                                                                                                                            "Actual Rows": 349,
                                                                                                                            "Actual Loops": 1
                                                                                                                        }
                                                                                                                    ],
                                                                                                                    "Plans": [
                                                                                                                        {
                                                                                                                            "Node Type": "Seq Scan",
                                                                                                                            "Parent Relationship": "Outer",
                                                                                                                            "Parallel Aware": true,
                                                                                                                            "Relation Name": "company_name",
                                                                                                                            "Schema": "public",
                                                                                                                            "Alias": "cn",
                                                                                                                            "Startup Cost": 0.0,
                                                                                                                            "Total Cost": 4722.92,
                                                                                                                            "Plan Rows": 802,
                                                                                                                            "Plan Width": 4,
                                                                                                                            "Actual Startup Time": 0.044,
                                                                                                                            "Actual Total Time": 11.706,
                                                                                                                            "Actual Rows": 340,
                                                                                                                            "Actual Loops": 4,
                                                                                                                            "Output": [
                                                                                                                                "cn.id"
                                                                                                                            ],
                                                                                                                            "Filter": "((cn.country_code)::text = '[ru]'::text)",
                                                                                                                            "Rows Removed by Filter": 58409,
                                                                                                                            "Workers": [
                                                                                                                                {
                                                                                                                                    "Worker Number": 0,
                                                                                                                                    "Actual Startup Time": 0.029,
                                                                                                                                    "Actual Total Time": 11.715,
                                                                                                                                    "Actual Rows": 336,
                                                                                                                                    "Actual Loops": 1
                                                                                                                                },
                                                                                                                                {
                                                                                                                                    "Worker Number": 1,
                                                                                                                                    "Actual Startup Time": 0.076,
                                                                                                                                    "Actual Total Time": 11.693,
                                                                                                                                    "Actual Rows": 349,
                                                                                                                                    "Actual Loops": 1
                                                                                                                                },
                                                                                                                                {
                                                                                                                                    "Worker Number": 2,
                                                                                                                                    "Actual Startup Time": 0.052,
                                                                                                                                    "Actual Total Time": 11.689,
                                                                                                                                    "Actual Rows": 349,
                                                                                                                                    "Actual Loops": 1
                                                                                                                                }
                                                                                                                            ]
                                                                                                                        }
                                                                                                                    ]
                                                                                                                }
                                                                                                            ]
                                                                                                        },
                                                                                                        {
                                                                                                            "Node Type": "Hash",
                                                                                                            "Parent Relationship": "Inner",
                                                                                                            "Parallel Aware": true,
                                                                                                            "Startup Cost": 45504.33,
                                                                                                            "Total Cost": 45504.33,
                                                                                                            "Plan Rows": 11,
                                                                                                            "Plan Width": 4,
                                                                                                            "Actual Startup Time": 299.908,
                                                                                                            "Actual Total Time": 299.912,
                                                                                                            "Actual Rows": 10460,
                                                                                                            "Actual Loops": 4,
                                                                                                            "Output": [
                                                                                                                "mk.movie_id"
                                                                                                            ],
                                                                                                            "Hash Buckets": 65536,
                                                                                                            "Original Hash Buckets": 1024,
                                                                                                            "Hash Batches": 1,
                                                                                                            "Original Hash Batches": 1,
                                                                                                            "Peak Memory Usage": 2680,
                                                                                                            "Workers": [
                                                                                                                {
                                                                                                                    "Worker Number": 0,
                                                                                                                    "Actual Startup Time": 297.045,
                                                                                                                    "Actual Total Time": 297.049,
                                                                                                                    "Actual Rows": 9615,
                                                                                                                    "Actual Loops": 1
                                                                                                                },
                                                                                                                {
                                                                                                                    "Worker Number": 1,
                                                                                                                    "Actual Startup Time": 297.059,
                                                                                                                    "Actual Total Time": 297.062,
                                                                                                                    "Actual Rows": 9645,
                                                                                                                    "Actual Loops": 1
                                                                                                                },
                                                                                                                {
                                                                                                                    "Worker Number": 2,
                                                                                                                    "Actual Startup Time": 297.039,
                                                                                                                    "Actual Total Time": 297.043,
                                                                                                                    "Actual Rows": 10453,
                                                                                                                    "Actual Loops": 1
                                                                                                                }
                                                                                                            ],
                                                                                                            "Plans": [
                                                                                                                {
                                                                                                                    "Node Type": "Hash Join",
                                                                                                                    "Parent Relationship": "Outer",
                                                                                                                    "Parallel Aware": false,
                                                                                                                    "Join Type": "Inner",
                                                                                                                    "Startup Cost": 2626.14,
                                                                                                                    "Total Cost": 45504.33,
                                                                                                                    "Plan Rows": 11,
                                                                                                                    "Plan Width": 4,
                                                                                                                    "Actual Startup Time": 26.416,
                                                                                                                    "Actual Total Time": 269.753,
                                                                                                                    "Actual Rows": 10460,
                                                                                                                    "Actual Loops": 4,
                                                                                                                    "Output": [
                                                                                                                        "mk.movie_id"
                                                                                                                    ],
                                                                                                                    "Inner Unique": true,
                                                                                                                    "Hash Cond": "(mk.keyword_id = k.id)",
                                                                                                                    "Workers": [
                                                                                                                        {
                                                                                                                            "Worker Number": 0,
                                                                                                                            "Actual Startup Time": 25.39,
                                                                                                                            "Actual Total Time": 269.801,
                                                                                                                            "Actual Rows": 9615,
                                                                                                                            "Actual Loops": 1
                                                                                                                        },
                                                                                                                        {
                                                                                                                            "Worker Number": 1,
                                                                                                                            "Actual Startup Time": 25.567,
                                                                                                                            "Actual Total Time": 252.712,
                                                                                                                            "Actual Rows": 9645,
                                                                                                                            "Actual Loops": 1
                                                                                                                        },
                                                                                                                        {
                                                                                                                            "Worker Number": 2,
                                                                                                                            "Actual Startup Time": 25.383,
                                                                                                                            "Actual Total Time": 263.509,
                                                                                                                            "Actual Rows": 10453,
                                                                                                                            "Actual Loops": 1
                                                                                                                        }
                                                                                                                    ],
                                                                                                                    "Plans": [
                                                                                                                        {
                                                                                                                            "Node Type": "Seq Scan",
                                                                                                                            "Parent Relationship": "Outer",
                                                                                                                            "Parallel Aware": true,
                                                                                                                            "Relation Name": "movie_keyword",
                                                                                                                            "Schema": "public",
                                                                                                                            "Alias": "mk",
                                                                                                                            "Startup Cost": 0.0,
                                                                                                                            "Total Cost": 39047.32,
                                                                                                                            "Plan Rows": 1459332,
                                                                                                                            "Plan Width": 8,
                                                                                                                            "Actual Startup Time": 0.052,
                                                                                                                            "Actual Total Time": 130.615,
                                                                                                                            "Actual Rows": 1130982,
                                                                                                                            "Actual Loops": 4,
                                                                                                                            "Output": [
                                                                                                                                "mk.id",
                                                                                                                                "mk.movie_id",
                                                                                                                                "mk.keyword_id"
                                                                                                                            ],
                                                                                                                            "Workers": [
                                                                                                                                {
                                                                                                                                    "Worker Number": 0,
                                                                                                                                    "Actual Startup Time": 0.063,
                                                                                                                                    "Actual Total Time": 130.725,
                                                                                                                                    "Actual Rows": 1128500,
                                                                                                                                    "Actual Loops": 1
                                                                                                                                },
                                                                                                                                {
                                                                                                                                    "Worker Number": 1,
                                                                                                                                    "Actual Startup Time": 0.064,
                                                                                                                                    "Actual Total Time": 122.014,
                                                                                                                                    "Actual Rows": 1058385,
                                                                                                                                    "Actual Loops": 1
                                                                                                                                },
                                                                                                                                {
                                                                                                                                    "Worker Number": 2,
                                                                                                                                    "Actual Startup Time": 0.062,
                                                                                                                                    "Actual Total Time": 127.865,
                                                                                                                                    "Actual Rows": 1107410,
                                                                                                                                    "Actual Loops": 1
                                                                                                                                }
                                                                                                                            ]
                                                                                                                        },
                                                                                                                        {
                                                                                                                            "Node Type": "Hash",
                                                                                                                            "Parent Relationship": "Inner",
                                                                                                                            "Parallel Aware": false,
                                                                                                                            "Startup Cost": 2626.12,
                                                                                                                            "Total Cost": 2626.12,
                                                                                                                            "Plan Rows": 1,
                                                                                                                            "Plan Width": 4,
                                                                                                                            "Actual Startup Time": 26.254,
                                                                                                                            "Actual Total Time": 26.255,
                                                                                                                            "Actual Rows": 1,
                                                                                                                            "Actual Loops": 4,
                                                                                                                            "Output": [
                                                                                                                                "k.id"
                                                                                                                            ],
                                                                                                                            "Hash Buckets": 1024,
                                                                                                                            "Original Hash Buckets": 1024,
                                                                                                                            "Hash Batches": 1,
                                                                                                                            "Original Hash Batches": 1,
                                                                                                                            "Peak Memory Usage": 9,
                                                                                                                            "Workers": [
                                                                                                                                {
                                                                                                                                    "Worker Number": 0,
                                                                                                                                    "Actual Startup Time": 25.261,
                                                                                                                                    "Actual Total Time": 25.262,
                                                                                                                                    "Actual Rows": 1,
                                                                                                                                    "Actual Loops": 1
                                                                                                                                },
                                                                                                                                {
                                                                                                                                    "Worker Number": 1,
                                                                                                                                    "Actual Startup Time": 25.283,
                                                                                                                                    "Actual Total Time": 25.284,
                                                                                                                                    "Actual Rows": 1,
                                                                                                                                    "Actual Loops": 1
                                                                                                                                },
                                                                                                                                {
                                                                                                                                    "Worker Number": 2,
                                                                                                                                    "Actual Startup Time": 25.257,
                                                                                                                                    "Actual Total Time": 25.258,
                                                                                                                                    "Actual Rows": 1,
                                                                                                                                    "Actual Loops": 1
                                                                                                                                }
                                                                                                                            ],
                                                                                                                            "Plans": [
                                                                                                                                {
                                                                                                                                    "Node Type": "Seq Scan",
                                                                                                                                    "Parent Relationship": "Outer",
                                                                                                                                    "Parallel Aware": false,
                                                                                                                                    "Relation Name": "keyword",
                                                                                                                                    "Schema": "public",
                                                                                                                                    "Alias": "k",
                                                                                                                                    "Startup Cost": 0.0,
                                                                                                                                    "Total Cost": 2626.12,
                                                                                                                                    "Plan Rows": 1,
                                                                                                                                    "Plan Width": 4,
                                                                                                                                    "Actual Startup Time": 2.198,
                                                                                                                                    "Actual Total Time": 26.225,
                                                                                                                                    "Actual Rows": 1,
                                                                                                                                    "Actual Loops": 4,
                                                                                                                                    "Output": [
                                                                                                                                        "k.id"
                                                                                                                                    ],
                                                                                                                                    "Filter": "(k.keyword = 'character-name-in-title'::text)",
                                                                                                                                    "Rows Removed by Filter": 134169,
                                                                                                                                    "Workers": [
                                                                                                                                        {
                                                                                                                                            "Worker Number": 0,
                                                                                                                                            "Actual Startup Time": 2.255,
                                                                                                                                            "Actual Total Time": 25.234,
                                                                                                                                            "Actual Rows": 1,
                                                                                                                                            "Actual Loops": 1
                                                                                                                                        },
                                                                                                                                        {
                                                                                                                                            "Worker Number": 1,
                                                                                                                                            "Actual Startup Time": 2.164,
                                                                                                                                            "Actual Total Time": 25.256,
                                                                                                                                            "Actual Rows": 1,
                                                                                                                                            "Actual Loops": 1
                                                                                                                                        },
                                                                                                                                        {
                                                                                                                                            "Worker Number": 2,
                                                                                                                                            "Actual Startup Time": 2.25,
                                                                                                                                            "Actual Total Time": 25.229,
                                                                                                                                            "Actual Rows": 1,
                                                                                                                                            "Actual Loops": 1
                                                                                                                                        }
                                                                                                                                    ]
                                                                                                                                }
                                                                                                                            ]
                                                                                                                        }
                                                                                                                    ]
                                                                                                                }
                                                                                                            ]
                                                                                                        }
                                                                                                    ]
                                                                                                }
                                                                                            ]
                                                                                        }
                                                                                    ]
                                                                                }
                                                                            ]
                                                                        }
                                                                    ]
                                                                }
                                                            ]
                                                        }
                                                    ]
                                                }
                                            ]
                                        }
                                    ]
                                }
                            ]
                        }
                    ]
                }
            ]
        },
        "Planning Time": 2193.723,
        "Triggers": [],
        "Execution Time": 3837.088
    }
]