[
  {
    "Plan": {
      "Node Type": "Aggregate",
      "Strategy": "Plain",
      "Partial Mode": "Finalize",
      "Parallel Aware": false,
      "Startup Cost": 340402.53,
      "Total Cost": 340402.54,
      "Plan Rows": 1,
      "Plan Width": 8,
      "Actual Startup Time": 847.458,
      "Actual Total Time": 909.046,
      "Actual Rows": 1,
      "Actual Loops": 1,
      "Plans": [
        {
          "Node Type": "Gather",
          "Parent Relationship": "Outer",
          "Parallel Aware": false,
          "Startup Cost": 340401.9,
          "Total Cost": 340402.51,
          "Plan Rows": 6,
          "Plan Width": 8,
          "Actual Startup Time": 847.321,
          "Actual Total Time": 909.035,
          "Actual Rows": 7,
          "Actual Loops": 1,
          "Workers Planned": 6,
          "Workers Launched": 6,
          "Single Copy": false,
          "Plans": [
            {
              "Node Type": "Aggregate",
              "Strategy": "Plain",
              "Partial Mode": "Partial",
              "Parent Relationship": "Outer",
              "Parallel Aware": false,
              "Startup Cost": 339401.9,
              "Total Cost": 339401.91,
              "Plan Rows": 1,
              "Plan Width": 8,
              "Actual Startup Time": 838.083,
              "Actual Total Time": 838.084,
              "Actual Rows": 1,
              "Actual Loops": 7,
              "Plans": [
                {
                  "Node Type": "Seq Scan",
                  "Parent Relationship": "Outer",
                  "Parallel Aware": true,
                  "Relation Name": "cast_info",
                  "Alias": "ci",
                  "Startup Cost": 0.0,
                  "Total Cost": 328162.03,
                  "Plan Rows": 4495950,
                  "Plan Width": 0,
                  "Actual Startup Time": 114.783,
                  "Actual Total Time": 662.177,
                  "Actual Rows": 3838440,
                  "Actual Loops": 7,
                  "Filter": "(person_id > 922830)",
                  "Rows Removed by Filter": 1339323
                }
              ]
            }
          ]
        }
      ]
    },
    "Planning Time": 0.197,
    "Triggers": [],
    "Execution Time": 909.12
  }
]