{
    "Plan": {
        "Node Type": "Aggregate",
        "Strategy": "Plain",
        "Partial Mode": "Simple",
        "Parallel Aware": false,
        "Startup Cost": 20001303256.6,
        "Total Cost": 20001303256.61,
        "Plan Rows": 1,
        "Plan Width": 8,
        "Actual Startup Time": 9054.608,
        "Actual Total Time": 9054.612,
        "Actual Rows": 1,
        "Actual Loops": 1,
        "Output": [
            "count(*)"
        ],
        "Plans": [
            {
                "Node Type": "Hash Join",
                "Parent Relationship": "Outer",
                "Parallel Aware": false,
                "Join Type": "Inner",
                "Startup Cost": 20000137105.05,
                "Total Cost": 20001298142.77,
                "Plan Rows": 2045533,
                "Plan Width": 0,
                "Actual Startup Time": 2606.816,
                "Actual Total Time": 8541.911,
                "Actual Rows": 13531043,
                "Actual Loops": 1,
                "Inner Unique": false,
                "Hash Cond": "(t.id = mi_idx.movie_id)",
                "Plans": [
                    {
                        "Node Type": "Hash Join",
                        "Parent Relationship": "Outer",
                        "Parallel Aware": false,
                        "Join Type": "Inner",
                        "Startup Cost": 10000066223.79,
                        "Total Cost": 10001183383.92,
                        "Plan Rows": 3747562,
                        "Plan Width": 8,
                        "Actual Startup Time": 464.563,
                        "Actual Total Time": 6534.917,
                        "Actual Rows": 7912656,
                        "Actual Loops": 1,
                        "Output": [
                            "t.id",
                            "mi.movie_id"
                        ],
                        "Inner Unique": true,
                        "Hash Cond": "(mi.movie_id = t.id)",
                        "Plans": [
                            {
                                "Node Type": "Index Scan",
                                "Parent Relationship": "Outer",
                                "Parallel Aware": false,
                                "Scan Direction": "Forward",
                                "Index Name": "movie_id_movie_info",
                                "Relation Name": "movie_info",
                                "Schema": "public",
                                "Alias": "mi",
                                "Startup Cost": 10000000000.43,
                                "Total Cost": 10001078428.37,
                                "Plan Rows": 14755095,
                                "Plan Width": 4,
                                "Actual Startup Time": 0.03,
                                "Actual Total Time": 4062.657,
                                "Actual Rows": 14835720,
                                "Actual Loops": 1,
                                "Output": [
                                    "mi.id",
                                    "mi.movie_id",
                                    "mi.info_type_id",
                                    "mi.info",
                                    "mi.note"
                                ]
                            },
                            {
                                "Node Type": "Hash",
                                "Parent Relationship": "Inner",
                                "Parallel Aware": false,
                                "Startup Cost": 58196.43,
                                "Total Cost": 58196.43,
                                "Plan Rows": 642154,
                                "Plan Width": 4,
                                "Actual Startup Time": 278.534,
                                "Actual Total Time": 278.535,
                                "Actual Rows": 621262,
                                "Actual Loops": 1,
                                "Output": [
                                    "t.id"
                                ],
                                "Hash Buckets": 1048576,
                                "Original Hash Buckets": 1048576,
                                "Hash Batches": 1,
                                "Original Hash Batches": 1,
                                "Peak Memory Usage": 30034,
                                "Plans": [
                                    {
                                        "Node Type": "Bitmap Heap Scan",
                                        "Parent Relationship": "Outer",
                                        "Parallel Aware": false,
                                        "Relation Name": "title",
                                        "Schema": "public",
                                        "Alias": "t",
                                        "Startup Cost": 12128.12,
                                        "Total Cost": 58196.43,
                                        "Plan Rows": 642154,
                                        "Plan Width": 4,
                                        "Actual Startup Time": 22.587,
                                        "Actual Total Time": 166.893,
                                        "Actual Rows": 621262,
                                        "Actual Loops": 1,
                                        "Output": [
                                            "t.id"
                                        ],
                                        "Recheck Cond": "(t.kind_id = 1)",
                                        "Rows Removed by Index Recheck": 0,
                                        "Filter": "(t.production_year > 1911)",
                                        "Rows Removed by Filter": 41563,
                                        "Exact Heap Blocks": 12863,
                                        "Lossy Heap Blocks": 0,
                                        "Plans": [
                                            {
                                                "Node Type": "Bitmap Index Scan",
                                                "Parent Relationship": "Outer",
                                                "Parallel Aware": false,
                                                "Index Name": "kind_id_title",
                                                "Startup Cost": 0.0,
                                                "Total Cost": 11967.58,
                                                "Plan Rows": 671354,
                                                "Plan Width": 0,
                                                "Actual Startup Time": 21.151,
                                                "Actual Total Time": 21.151,
                                                "Actual Rows": 662825,
                                                "Actual Loops": 1,
                                                "Index Cond": "(t.kind_id = 1)"
                                            }
                                        ]
                                    }
                                ]
                            }
                        ]
                    },
                    {
                        "Node Type": "Hash",
                        "Parent Relationship": "Inner",
                        "Parallel Aware": false,
                        "Startup Cost": 10000053630.81,
                        "Total Cost": 10000053630.81,
                        "Plan Rows": 1380035,
                        "Plan Width": 4,
                        "Actual Startup Time": 445.425,
                        "Actual Total Time": 445.425,
                        "Actual Rows": 1380035,
                        "Actual Loops": 1,
                        "Output": [
                            "mi_idx.movie_id"
                        ],
                        "Hash Buckets": 2097152,
                        "Original Hash Buckets": 2097152,
                        "Hash Batches": 1,
                        "Original Hash Batches": 1,
                        "Peak Memory Usage": 64901,
                        "Plans": [
                            {
                                "Node Type": "Index Scan",
                                "Parent Relationship": "Outer",
                                "Parallel Aware": false,
                                "Scan Direction": "Forward",
                                "Index Name": "movie_id_movie_info_idx",
                                "Relation Name": "movie_info_idx",
                                "Schema": "public",
                                "Alias": "mi_idx",
                                "Startup Cost": 10000000000.43,
                                "Total Cost": 10000053630.81,
                                "Plan Rows": 1380035,
                                "Plan Width": 4,
                                "Actual Startup Time": 0.069,
                                "Actual Total Time": 227.575,
                                "Actual Rows": 1380035,
                                "Actual Loops": 1,
                                "Output": [
                                    "mi_idx.movie_id"
                                ]
                            }
                        ]
                    }
                ]
            }
        ]
    },
    "Planning Time": 3.486,
    "Triggers": [],
    "Execution Time": 9057.078
}