[
  {
    "Plan": {
      "Node Type": "Aggregate",
      "Strategy": "Plain",
      "Partial Mode": "Finalize",
      "Parallel Aware": false,
      "Startup Cost": 338230.64,
      "Total Cost": 338230.65,
      "Plan Rows": 1,
      "Plan Width": 8,
      "Actual Startup Time": 423.522,
      "Actual Total Time": 444.641,
      "Actual Rows": 1,
      "Actual Loops": 1,
      "Plans": [
        {
          "Node Type": "Gather",
          "Parent Relationship": "Outer",
          "Parallel Aware": false,
          "Startup Cost": 338230.01,
          "Total Cost": 338230.62,
          "Plan Rows": 6,
          "Plan Width": 8,
          "Actual Startup Time": 423.45,
          "Actual Total Time": 444.632,
          "Actual Rows": 7,
          "Actual Loops": 1,
          "Workers Planned": 6,
          "Workers Launched": 6,
          "Single Copy": false,
          "Plans": [
            {
              "Node Type": "Aggregate",
              "Strategy": "Plain",
              "Partial Mode": "Partial",
              "Parent Relationship": "Outer",
              "Parallel Aware": false,
              "Startup Cost": 337230.01,
              "Total Cost": 337230.02,
              "Plan Rows": 1,
              "Plan Width": 8,
              "Actual Startup Time": 413.136,
              "Actual Total Time": 413.137,
              "Actual Rows": 1,
              "Actual Loops": 7,
              "Plans": [
                {
                  "Node Type": "Index Scan",
                  "Parent Relationship": "Outer",
                  "Parallel Aware": true,
                  "Scan Direction": "Forward",
                  "Index Name": "role_id_cast_info",
                  "Relation Name": "cast_info",
                  "Alias": "ci",
                  "Startup Cost": 0.56,
                  "Total Cost": 335235.55,
                  "Plan Rows": 797785,
                  "Plan Width": 0,
                  "Actual Startup Time": 0.19,
                  "Actual Total Time": 349.984,
                  "Actual Rows": 1436074,
                  "Actual Loops": 7,
                  "Index Cond": "(role_id = 1)",
                  "Rows Removed by Index Recheck": 0,
                  "Filter": "(person_id < 1371160)",
                  "Rows Removed by Filter": 374025
                }
              ]
            }
          ]
        }
      ]
    },
    "Planning Time": 0.233,
    "Triggers": [],
    "Execution Time": 444.707
  }
]