[
  {
    "Plan": {
      "Node Type": "Aggregate",
      "Strategy": "Plain",
      "Partial Mode": "Finalize",
      "Parallel Aware": false,
      "Startup Cost": 44914.84,
      "Total Cost": 44914.85,
      "Plan Rows": 1,
      "Plan Width": 8,
      "Actual Startup Time": 146.884,
      "Actual Total Time": 154.229,
      "Actual Rows": 1,
      "Actual Loops": 1,
      "Plans": [
        {
          "Node Type": "Gather",
          "Parent Relationship": "Outer",
          "Parallel Aware": false,
          "Startup Cost": 44914.53,
          "Total Cost": 44914.84,
          "Plan Rows": 3,
          "Plan Width": 8,
          "Actual Startup Time": 146.775,
          "Actual Total Time": 154.223,
          "Actual Rows": 4,
          "Actual Loops": 1,
          "Workers Planned": 3,
          "Workers Launched": 3,
          "Single Copy": false,
          "Plans": [
            {
              "Node Type": "Aggregate",
              "Strategy": "Plain",
              "Partial Mode": "Partial",
              "Parent Relationship": "Outer",
              "Parallel Aware": false,
              "Startup Cost": 43914.53,
              "Total Cost": 43914.54,
              "Plan Rows": 1,
              "Plan Width": 8,
              "Actual Startup Time": 140.143,
              "Actual Total Time": 140.144,
              "Actual Rows": 1,
              "Actual Loops": 4,
              "Plans": [
                {
                  "Node Type": "Seq Scan",
                  "Parent Relationship": "Outer",
                  "Parallel Aware": true,
                  "Relation Name": "movie_keyword",
                  "Alias": "mk",
                  "Startup Cost": 0.0,
                  "Total Cost": 42695.65,
                  "Plan Rows": 487549,
                  "Plan Width": 0,
                  "Actual Startup Time": 0.645,
                  "Actual Total Time": 118.87,
                  "Actual Rows": 374215,
                  "Actual Loops": 4,
                  "Filter": "(keyword_id > 10833)",
                  "Rows Removed by Filter": 756767
                }
              ]
            }
          ]
        }
      ]
    },
    "Planning Time": 0.086,
    "Triggers": [],
    "Execution Time": 154.256
  }
]