[
  {
    "Plan": {
      "Node Type": "Aggregate",
      "Strategy": "Plain",
      "Partial Mode": "Finalize",
      "Parallel Aware": false,
      "Startup Cost": 342817.41,
      "Total Cost": 342817.42,
      "Plan Rows": 1,
      "Plan Width": 8,
      "Actual Startup Time": 887.443,
      "Actual Total Time": 933.813,
      "Actual Rows": 1,
      "Actual Loops": 1,
      "Plans": [
        {
          "Node Type": "Gather",
          "Parent Relationship": "Outer",
          "Parallel Aware": false,
          "Startup Cost": 342816.78,
          "Total Cost": 342817.39,
          "Plan Rows": 6,
          "Plan Width": 8,
          "Actual Startup Time": 887.216,
          "Actual Total Time": 933.801,
          "Actual Rows": 7,
          "Actual Loops": 1,
          "Workers Planned": 6,
          "Workers Launched": 6,
          "Single Copy": false,
          "Plans": [
            {
              "Node Type": "Aggregate",
              "Strategy": "Plain",
              "Partial Mode": "Partial",
              "Parent Relationship": "Outer",
              "Parallel Aware": false,
              "Startup Cost": 341816.78,
              "Total Cost": 341816.79,
              "Plan Rows": 1,
              "Plan Width": 8,
              "Actual Startup Time": 880.653,
              "Actual Total Time": 880.654,
              "Actual Rows": 1,
              "Actual Loops": 7,
              "Plans": [
                {
                  "Node Type": "Seq Scan",
                  "Parent Relationship": "Outer",
                  "Parallel Aware": true,
                  "Relation Name": "cast_info",
                  "Alias": "ci",
                  "Startup Cost": 0.0,
                  "Total Cost": 328211.39,
                  "Plan Rows": 5442156,
                  "Plan Width": 0,
                  "Actual Startup Time": 53.121,
                  "Actual Total Time": 653.517,
                  "Actual Rows": 4645064,
                  "Actual Loops": 7,
                  "Filter": "(person_id > 357302)",
                  "Rows Removed by Filter": 532699
                }
              ]
            }
          ]
        }
      ]
    },
    "Planning Time": 0.156,
    "Triggers": [],
    "Execution Time": 933.869
  }
]