[
  {
    "Plan": {
      "Node Type": "Aggregate",
      "Strategy": "Plain",
      "Partial Mode": "Finalize",
      "Parallel Aware": false,
      "Startup Cost": 43251.28,
      "Total Cost": 43251.29,
      "Plan Rows": 1,
      "Plan Width": 8,
      "Actual Startup Time": 151.034,
      "Actual Total Time": 160.471,
      "Actual Rows": 1,
      "Actual Loops": 1,
      "Plans": [
        {
          "Node Type": "Gather",
          "Parent Relationship": "Outer",
          "Parallel Aware": false,
          "Startup Cost": 43250.96,
          "Total Cost": 43251.27,
          "Plan Rows": 3,
          "Plan Width": 8,
          "Actual Startup Time": 150.715,
          "Actual Total Time": 160.461,
          "Actual Rows": 4,
          "Actual Loops": 1,
          "Workers Planned": 3,
          "Workers Launched": 3,
          "Single Copy": false,
          "Plans": [
            {
              "Node Type": "Aggregate",
              "Strategy": "Plain",
              "Partial Mode": "Partial",
              "Parent Relationship": "Outer",
              "Parallel Aware": false,
              "Startup Cost": 42250.96,
              "Total Cost": 42250.97,
              "Plan Rows": 1,
              "Plan Width": 8,
              "Actual Startup Time": 143.402,
              "Actual Total Time": 143.404,
              "Actual Rows": 1,
              "Actual Loops": 4,
              "Plans": [
                {
                  "Node Type": "Bitmap Heap Scan",
                  "Parent Relationship": "Outer",
                  "Parallel Aware": true,
                  "Relation Name": "movie_keyword",
                  "Alias": "mk",
                  "Startup Cost": 14491.19,
                  "Total Cost": 41700.0,
                  "Plan Rows": 220385,
                  "Plan Width": 0,
                  "Actual Startup Time": 58.981,
                  "Actual Total Time": 134.186,
                  "Actual Rows": 171031,
                  "Actual Loops": 4,
                  "Recheck Cond": "(keyword_id > 27529)",
                  "Rows Removed by Index Recheck": 0,
                  "Exact Heap Blocks": 10495,
                  "Lossy Heap Blocks": 0,
                  "Plans": [
                    {
                      "Node Type": "Bitmap Index Scan",
                      "Parent Relationship": "Outer",
                      "Parallel Aware": false,
                      "Index Name": "keyword_id_movie_keyword",
                      "Startup Cost": 0.0,
                      "Total Cost": 14320.39,
                      "Plan Rows": 683194,
                      "Plan Width": 0,
                      "Actual Startup Time": 62.109,
                      "Actual Total Time": 62.109,
                      "Actual Rows": 684124,
                      "Actual Loops": 1,
                      "Index Cond": "(keyword_id > 27529)"
                    }
                  ]
                }
              ]
            }
          ]
        }
      ]
    },
    "Planning Time": 0.158,
    "Triggers": [],
    "Execution Time": 160.535
  }
]