[
  {
    "Plan": {
      "Node Type": "Aggregate",
      "Strategy": "Plain",
      "Partial Mode": "Finalize",
      "Parallel Aware": false,
      "Startup Cost": 339975.61,
      "Total Cost": 339975.62,
      "Plan Rows": 1,
      "Plan Width": 8,
      "Actual Startup Time": 861.903,
      "Actual Total Time": 907.703,
      "Actual Rows": 1,
      "Actual Loops": 1,
      "Plans": [
        {
          "Node Type": "Gather",
          "Parent Relationship": "Outer",
          "Parallel Aware": false,
          "Startup Cost": 339974.98,
          "Total Cost": 339975.59,
          "Plan Rows": 6,
          "Plan Width": 8,
          "Actual Startup Time": 861.693,
          "Actual Total Time": 907.688,
          "Actual Rows": 7,
          "Actual Loops": 1,
          "Workers Planned": 6,
          "Workers Launched": 6,
          "Single Copy": false,
          "Plans": [
            {
              "Node Type": "Aggregate",
              "Strategy": "Plain",
              "Partial Mode": "Partial",
              "Parent Relationship": "Outer",
              "Parallel Aware": false,
              "Startup Cost": 338974.98,
              "Total Cost": 338974.99,
              "Plan Rows": 1,
              "Plan Width": 8,
              "Actual Startup Time": 853.199,
              "Actual Total Time": 853.2,
              "Actual Rows": 1,
              "Actual Loops": 7,
              "Plans": [
                {
                  "Node Type": "Seq Scan",
                  "Parent Relationship": "Outer",
                  "Parallel Aware": true,
                  "Relation Name": "cast_info",
                  "Alias": "ci",
                  "Startup Cost": 0.0,
                  "Total Cost": 328211.39,
                  "Plan Rows": 4305436,
                  "Plan Width": 0,
                  "Actual Startup Time": 132.576,
                  "Actual Total Time": 664.665,
                  "Actual Rows": 3687581,
                  "Actual Loops": 7,
                  "Filter": "(person_id > 1024229)",
                  "Rows Removed by Filter": 1490183
                }
              ]
            }
          ]
        }
      ]
    },
    "Planning Time": 0.14,
    "Triggers": [],
    "Execution Time": 907.754
  }
]