[
    {
        "Bao": {
            "Bao prediction": "NaN",
            "Bao recommended hint": "(no hint)"
        }
    },
    {
        "Plan": {
            "Node Type": "Aggregate",
            "Strategy": "Plain",
            "Partial Mode": "Finalize",
            "Parallel Aware": false,
            "Startup Cost": 281069.08,
            "Total Cost": 281069.09,
            "Plan Rows": 1,
            "Plan Width": 8,
            "Actual Startup Time": 496.839,
            "Actual Total Time": 509.57,
            "Actual Rows": 1,
            "Actual Loops": 1,
            "Output": [
                "count(*)"
            ],
            "Plans": [
                {
                    "Node Type": "Gather",
                    "Parent Relationship": "Outer",
                    "Parallel Aware": false,
                    "Startup Cost": 281068.76,
                    "Total Cost": 281069.07,
                    "Plan Rows": 3,
                    "Plan Width": 8,
                    "Actual Startup Time": 494.984,
                    "Actual Total Time": 509.561,
                    "Actual Rows": 4,
                    "Actual Loops": 1,
                    "Output": [
                        "(PARTIAL count(*))"
                    ],
                    "Workers Planned": 3,
                    "Workers Launched": 3,
                    "Single Copy": false,
                    "Plans": [
                        {
                            "Node Type": "Aggregate",
                            "Strategy": "Plain",
                            "Partial Mode": "Partial",
                            "Parent Relationship": "Outer",
                            "Parallel Aware": false,
                            "Startup Cost": 280068.76,
                            "Total Cost": 280068.77,
                            "Plan Rows": 1,
                            "Plan Width": 8,
                            "Actual Startup Time": 485.717,
                            "Actual Total Time": 485.723,
                            "Actual Rows": 1,
                            "Actual Loops": 4,
                            "Output": [
                                "PARTIAL count(*)"
                            ],
                            "Workers": [
                                {
                                    "Worker Number": 0,
                                    "Actual Startup Time": 482.287,
                                    "Actual Total Time": 482.292,
                                    "Actual Rows": 1,
                                    "Actual Loops": 1
                                },
                                {
                                    "Worker Number": 1,
                                    "Actual Startup Time": 482.894,
                                    "Actual Total Time": 482.899,
                                    "Actual Rows": 1,
                                    "Actual Loops": 1
                                },
                                {
                                    "Worker Number": 2,
                                    "Actual Startup Time": 483.287,
                                    "Actual Total Time": 483.292,
                                    "Actual Rows": 1,
                                    "Actual Loops": 1
                                }
                            ],
                            "Plans": [
                                {
                                    "Node Type": "Hash Join",
                                    "Parent Relationship": "Outer",
                                    "Parallel Aware": true,
                                    "Join Type": "Inner",
                                    "Startup Cost": 235216.61,
                                    "Total Cost": 279884.13,
                                    "Plan Rows": 73853,
                                    "Plan Width": 0,
                                    "Actual Startup Time": 288.683,
                                    "Actual Total Time": 478.231,
                                    "Actual Rows": 178942,
                                    "Actual Loops": 4,
                                    "Inner Unique": false,
                                    "Hash Cond": "(mk.movie_id = t.id)",
                                    "Workers": [
                                        {
                                            "Worker Number": 0,
                                            "Actual Startup Time": 285.408,
                                            "Actual Total Time": 475.071,
                                            "Actual Rows": 153458,
                                            "Actual Loops": 1
                                        },
                                        {
                                            "Worker Number": 1,
                                            "Actual Startup Time": 285.866,
                                            "Actual Total Time": 475.427,
                                            "Actual Rows": 179372,
                                            "Actual Loops": 1
                                        },
                                        {
                                            "Worker Number": 2,
                                            "Actual Startup Time": 286.238,
                                            "Actual Total Time": 475.76,
                                            "Actual Rows": 182311,
                                            "Actual Loops": 1
                                        }
                                    ],
                                    "Plans": [
                                        {
                                            "Node Type": "Seq Scan",
                                            "Parent Relationship": "Outer",
                                            "Parallel Aware": true,
                                            "Relation Name": "movie_keyword",
                                            "Schema": "public",
                                            "Alias": "mk",
                                            "Startup Cost": 0.0,
                                            "Total Cost": 39047.32,
                                            "Plan Rows": 1459332,
                                            "Plan Width": 4,
                                            "Actual Startup Time": 0.013,
                                            "Actual Total Time": 85.623,
                                            "Actual Rows": 1130982,
                                            "Actual Loops": 4,
                                            "Output": [
                                                "mk.id",
                                                "mk.movie_id",
                                                "mk.keyword_id"
                                            ],
                                            "Workers": [
                                                {
                                                    "Worker Number": 0,
                                                    "Actual Startup Time": 0.011,
                                                    "Actual Total Time": 87.013,
                                                    "Actual Rows": 977725,
                                                    "Actual Loops": 1
                                                },
                                                {
                                                    "Worker Number": 1,
                                                    "Actual Startup Time": 0.011,
                                                    "Actual Total Time": 87.345,
                                                    "Actual Rows": 1143115,
                                                    "Actual Loops": 1
                                                },
                                                {
                                                    "Worker Number": 2,
                                                    "Actual Startup Time": 0.02,
                                                    "Actual Total Time": 87.589,
                                                    "Actual Rows": 1152180,
                                                    "Actual Loops": 1
                                                }
                                            ]
                                        },
                                        {
                                            "Node Type": "Hash",
                                            "Parent Relationship": "Inner",
                                            "Parallel Aware": true,
                                            "Startup Cost": 234896.74,
                                            "Total Cost": 234896.74,
                                            "Plan Rows": 25590,
                                            "Plan Width": 8,
                                            "Actual Startup Time": 287.751,
                                            "Actual Total Time": 287.755,
                                            "Actual Rows": 50556,
                                            "Actual Loops": 4,
                                            "Output": [
                                                "t.id",
                                                "mi.movie_id"
                                            ],
                                            "Hash Buckets": 262144,
                                            "Original Hash Buckets": 131072,
                                            "Hash Batches": 1,
                                            "Original Hash Batches": 1,
                                            "Peak Memory Usage": 11040,
                                            "Workers": [
                                                {
                                                    "Worker Number": 0,
                                                    "Actual Startup Time": 284.525,
                                                    "Actual Total Time": 284.53,
                                                    "Actual Rows": 48423,
                                                    "Actual Loops": 1
                                                },
                                                {
                                                    "Worker Number": 1,
                                                    "Actual Startup Time": 285.296,
                                                    "Actual Total Time": 285.299,
                                                    "Actual Rows": 50607,
                                                    "Actual Loops": 1
                                                },
                                                {
                                                    "Worker Number": 2,
                                                    "Actual Startup Time": 285.632,
                                                    "Actual Total Time": 285.636,
                                                    "Actual Rows": 49870,
                                                    "Actual Loops": 1
                                                }
                                            ],
                                            "Plans": [
                                                {
                                                    "Node Type": "Hash Join",
                                                    "Parent Relationship": "Outer",
                                                    "Parallel Aware": true,
                                                    "Join Type": "Inner",
                                                    "Startup Cost": 68865.83,
                                                    "Total Cost": 234896.74,
                                                    "Plan Rows": 25590,
                                                    "Plan Width": 8,
                                                    "Actual Startup Time": 164.186,
                                                    "Actual Total Time": 269.607,
                                                    "Actual Rows": 50556,
                                                    "Actual Loops": 4,
                                                    "Output": [
                                                        "t.id",
                                                        "mi.movie_id"
                                                    ],
                                                    "Inner Unique": true,
                                                    "Hash Cond": "(mi.movie_id = t.id)",
                                                    "Workers": [
                                                        {
                                                            "Worker Number": 0,
                                                            "Actual Startup Time": 159.958,
                                                            "Actual Total Time": 268.166,
                                                            "Actual Rows": 48423,
                                                            "Actual Loops": 1
                                                        },
                                                        {
                                                            "Worker Number": 1,
                                                            "Actual Startup Time": 162.647,
                                                            "Actual Total Time": 266.664,
                                                            "Actual Rows": 50607,
                                                            "Actual Loops": 1
                                                        },
                                                        {
                                                            "Worker Number": 2,
                                                            "Actual Startup Time": 162.485,
                                                            "Actual Total Time": 267.144,
                                                            "Actual Rows": 49870,
                                                            "Actual Loops": 1
                                                        }
                                                    ],
                                                    "Plans": [
                                                        {
                                                            "Node Type": "Bitmap Heap Scan",
                                                            "Parent Relationship": "Outer",
                                                            "Parallel Aware": true,
                                                            "Relation Name": "movie_info",
                                                            "Schema": "public",
                                                            "Alias": "mi",
                                                            "Startup Cost": 24209.48,
                                                            "Total Cost": 189539.59,
                                                            "Plan Rows": 266969,
                                                            "Plan Width": 4,
                                                            "Actual Startup Time": 55.444,
                                                            "Actual Total Time": 95.386,
                                                            "Actual Rows": 331340,
                                                            "Actual Loops": 4,
                                                            "Output": [
                                                                "mi.id",
                                                                "mi.movie_id",
                                                                "mi.info_type_id",
                                                                "mi.info",
                                                                "mi.note"
                                                            ],
                                                            "Recheck Cond": "(mi.info_type_id = 8)",
                                                            "Rows Removed by Index Recheck": 0,
                                                            "Exact Heap Blocks": 2011,
                                                            "Lossy Heap Blocks": 0,
                                                            "Workers": [
                                                                {
                                                                    "Worker Number": 0,
                                                                    "Actual Startup Time": 55.267,
                                                                    "Actual Total Time": 97.35,
                                                                    "Actual Rows": 361380,
                                                                    "Actual Loops": 1
                                                                },
                                                                {
                                                                    "Worker Number": 1,
                                                                    "Actual Startup Time": 55.541,
                                                                    "Actual Total Time": 95.154,
                                                                    "Actual Rows": 314053,
                                                                    "Actual Loops": 1
                                                                },
                                                                {
                                                                    "Worker Number": 2,
                                                                    "Actual Startup Time": 55.532,
                                                                    "Actual Total Time": 96.945,
                                                                    "Actual Rows": 310727,
                                                                    "Actual Loops": 1
                                                                }
                                                            ],
                                                            "Plans": [
                                                                {
                                                                    "Node Type": "Bitmap Index Scan",
                                                                    "Parent Relationship": "Outer",
                                                                    "Parallel Aware": false,
                                                                    "Index Name": "info_type_id_movie_info",
                                                                    "Startup Cost": 0.0,
                                                                    "Total Cost": 23875.77,
                                                                    "Plan Rows": 1334844,
                                                                    "Plan Width": 0,
                                                                    "Actual Startup Time": 54.132,
                                                                    "Actual Total Time": 54.133,
                                                                    "Actual Rows": 1325361,
                                                                    "Actual Loops": 1,
                                                                    "Index Cond": "(mi.info_type_id = 8)",
                                                                    "Workers": [
                                                                        {
                                                                            "Worker Number": 0,
                                                                            "Actual Startup Time": 54.132,
                                                                            "Actual Total Time": 54.133,
                                                                            "Actual Rows": 1325361,
                                                                            "Actual Loops": 1
                                                                        }
                                                                    ]
                                                                }
                                                            ]
                                                        },
                                                        {
                                                            "Node Type": "Hash",
                                                            "Parent Relationship": "Inner",
                                                            "Parallel Aware": true,
                                                            "Startup Cost": 43899.01,
                                                            "Total Cost": 43899.01,
                                                            "Plan Rows": 60588,
                                                            "Plan Width": 4,
                                                            "Actual Startup Time": 106.66,
                                                            "Actual Total Time": 106.661,
                                                            "Actual Rows": 60350,
                                                            "Actual Loops": 4,
                                                            "Output": [
                                                                "t.id"
                                                            ],
                                                            "Hash Buckets": 262144,
                                                            "Original Hash Buckets": 262144,
                                                            "Hash Batches": 1,
                                                            "Original Hash Batches": 1,
                                                            "Peak Memory Usage": 11520,
                                                            "Workers": [
                                                                {
                                                                    "Worker Number": 0,
                                                                    "Actual Startup Time": 104.198,
                                                                    "Actual Total Time": 104.199,
                                                                    "Actual Rows": 50520,
                                                                    "Actual Loops": 1
                                                                },
                                                                {
                                                                    "Worker Number": 1,
                                                                    "Actual Startup Time": 104.87,
                                                                    "Actual Total Time": 104.871,
                                                                    "Actual Rows": 57794,
                                                                    "Actual Loops": 1
                                                                },
                                                                {
                                                                    "Worker Number": 2,
                                                                    "Actual Startup Time": 105.222,
                                                                    "Actual Total Time": 105.222,
                                                                    "Actual Rows": 53158,
                                                                    "Actual Loops": 1
                                                                }
                                                            ],
                                                            "Plans": [
                                                                {
                                                                    "Node Type": "Seq Scan",
                                                                    "Parent Relationship": "Outer",
                                                                    "Parallel Aware": true,
                                                                    "Relation Name": "title",
                                                                    "Schema": "public",
                                                                    "Alias": "t",
                                                                    "Startup Cost": 0.0,
                                                                    "Total Cost": 43899.01,
                                                                    "Plan Rows": 60588,
                                                                    "Plan Width": 4,
                                                                    "Actual Startup Time": 0.047,
                                                                    "Actual Total Time": 86.676,
                                                                    "Actual Rows": 60350,
                                                                    "Actual Loops": 4,
                                                                    "Output": [
                                                                        "t.id"
                                                                    ],
                                                                    "Filter": "(t.production_year < 1960)",
                                                                    "Rows Removed by Filter": 571728,
                                                                    "Workers": [
                                                                        {
                                                                            "Worker Number": 0,
                                                                            "Actual Startup Time": 0.066,
                                                                            "Actual Total Time": 85.733,
                                                                            "Actual Rows": 50520,
                                                                            "Actual Loops": 1
                                                                        },
                                                                        {
                                                                            "Worker Number": 1,
                                                                            "Actual Startup Time": 0.043,
                                                                            "Actual Total Time": 85.726,
                                                                            "Actual Rows": 57794,
                                                                            "Actual Loops": 1
                                                                        },
                                                                        {
                                                                            "Worker Number": 2,
                                                                            "Actual Startup Time": 0.063,
                                                                            "Actual Total Time": 86.071,
                                                                            "Actual Rows": 53158,
                                                                            "Actual Loops": 1
                                                                        }
                                                                    ]
                                                                }
                                                            ]
                                                        }
                                                    ]
                                                }
                                            ]
                                        }
                                    ]
                                }
                            ]
                        }
                    ]
                }
            ]
        },
        "Planning Time": 180.761,
        "Triggers": [],
        "Execution Time": 509.717
    }
]