[
  {
    "Plan": {
      "Node Type": "Aggregate",
      "Strategy": "Plain",
      "Partial Mode": "Finalize",
      "Parallel Aware": false,
      "Startup Cost": 610503.19,
      "Total Cost": 610503.2,
      "Plan Rows": 1,
      "Plan Width": 8,
      "Actual Startup Time": 2085.518,
      "Actual Total Time": 2179.989,
      "Actual Rows": 1,
      "Actual Loops": 1,
      "Plans": [
        {
          "Node Type": "Gather",
          "Parent Relationship": "Outer",
          "Parallel Aware": false,
          "Startup Cost": 610502.67,
          "Total Cost": 610503.18,
          "Plan Rows": 5,
          "Plan Width": 8,
          "Actual Startup Time": 2080.921,
          "Actual Total Time": 2179.98,
          "Actual Rows": 6,
          "Actual Loops": 1,
          "Workers Planned": 5,
          "Workers Launched": 5,
          "Single Copy": false,
          "Plans": [
            {
              "Node Type": "Aggregate",
              "Strategy": "Plain",
              "Partial Mode": "Partial",
              "Parent Relationship": "Outer",
              "Parallel Aware": false,
              "Startup Cost": 609502.67,
              "Total Cost": 609502.68,
              "Plan Rows": 1,
              "Plan Width": 8,
              "Actual Startup Time": 2070.607,
              "Actual Total Time": 2070.612,
              "Actual Rows": 1,
              "Actual Loops": 6,
              "Plans": [
                {
                  "Node Type": "Hash Join",
                  "Parent Relationship": "Outer",
                  "Parallel Aware": true,
                  "Join Type": "Inner",
                  "Startup Cost": 396880.07,
                  "Total Cost": 603620.96,
                  "Plan Rows": 2352682,
                  "Plan Width": 0,
                  "Actual Startup Time": 1049.391,
                  "Actual Total Time": 1984.099,
                  "Actual Rows": 1967969,
                  "Actual Loops": 6,
                  "Inner Unique": false,
                  "Hash Cond": "(mi.movie_id = t.id)",
                  "Plans": [
                    {
                      "Node Type": "Seq Scan",
                      "Parent Relationship": "Outer",
                      "Parallel Aware": true,
                      "Relation Name": "movie_info",
                      "Alias": "mi",
                      "Startup Cost": 0.0,
                      "Total Cost": 191685.19,
                      "Plan Rows": 2969219,
                      "Plan Width": 4,
                      "Actual Startup Time": 0.023,
                      "Actual Total Time": 296.609,
                      "Actual Rows": 2472620,
                      "Actual Loops": 6
                    },
                    {
                      "Node Type": "Hash",
                      "Parent Relationship": "Inner",
                      "Parallel Aware": true,
                      "Startup Cost": 392706.29,
                      "Total Cost": 392706.29,
                      "Plan Rows": 333902,
                      "Plan Width": 8,
                      "Actual Startup Time": 1045.497,
                      "Actual Total Time": 1045.501,
                      "Actual Rows": 134554,
                      "Actual Loops": 6,
                      "Hash Buckets": 2097152,
                      "Original Hash Buckets": 2097152,
                      "Hash Batches": 1,
                      "Original Hash Batches": 1,
                      "Peak Memory Usage": 48096,
                      "Plans": [
                        {
                          "Node Type": "Hash Join",
                          "Parent Relationship": "Outer",
                          "Parallel Aware": true,
                          "Join Type": "Inner",
                          "Startup Cost": 45862.7,
                          "Total Cost": 392706.29,
                          "Plan Rows": 333902,
                          "Plan Width": 8,
                          "Actual Startup Time": 410.734,
                          "Actual Total Time": 982.702,
                          "Actual Rows": 134554,
                          "Actual Loops": 6,
                          "Inner Unique": true,
                          "Hash Cond": "(ci.movie_id = t.id)",
                          "Plans": [
                            {
                              "Node Type": "Seq Scan",
                              "Parent Relationship": "Outer",
                              "Parallel Aware": true,
                              "Relation Name": "cast_info",
                              "Alias": "ci",
                              "Startup Cost": 0.0,
                              "Total Cost": 343316.27,
                              "Plan Rows": 1343738,
                              "Plan Width": 4,
                              "Actual Startup Time": 244.867,
                              "Actual Total Time": 678.797,
                              "Actual Rows": 578546,
                              "Actual Loops": 6,
                              "Filter": "((person_id < 1235435) AND (role_id > 1))",
                              "Rows Removed by Filter": 5462178
                            },
                            {
                              "Node Type": "Hash",
                              "Parent Relationship": "Inner",
                              "Parallel Aware": true,
                              "Startup Cost": 43899.32,
                              "Total Cost": 43899.32,
                              "Plan Rows": 157070,
                              "Plan Width": 4,
                              "Actual Startup Time": 140.72,
                              "Actual Total Time": 140.722,
                              "Actual Rows": 107162,
                              "Actual Loops": 6,
                              "Hash Buckets": 1048576,
                              "Original Hash Buckets": 1048576,
                              "Hash Batches": 1,
                              "Original Hash Batches": 1,
                              "Peak Memory Usage": 33440,
                              "Plans": [
                                {
                                  "Node Type": "Seq Scan",
                                  "Parent Relationship": "Outer",
                                  "Parallel Aware": true,
                                  "Relation Name": "title",
                                  "Alias": "t",
                                  "Startup Cost": 0.0,
                                  "Total Cost": 43899.32,
                                  "Plan Rows": 157070,
                                  "Plan Width": 4,
                                  "Actual Startup Time": 0.044,
                                  "Actual Total Time": 87.283,
                                  "Actual Rows": 107162,
                                  "Actual Loops": 6,
                                  "Filter": "(production_year < 1988)",
                                  "Rows Removed by Filter": 314223
                                }
                              ]
                            }
                          ]
                        }
                      ]
                    }
                  ]
                }
              ]
            }
          ]
        }
      ]
    },
    "Planning Time": 0.568,
    "Triggers": [],
    "Execution Time": 2180.051
  }
]