[
  {
    "Plan": {
      "Node Type": "Aggregate",
      "Strategy": "Plain",
      "Partial Mode": "Simple",
      "Parallel Aware": false,
      "Startup Cost": 26993.66,
      "Total Cost": 26993.67,
      "Plan Rows": 1,
      "Plan Width": 8,
      "Actual Startup Time": 45.131,
      "Actual Total Time": 45.132,
      "Actual Rows": 1,
      "Actual Loops": 1,
      "Plans": [
        {
          "Node Type": "Bitmap Heap Scan",
          "Parent Relationship": "Outer",
          "Parallel Aware": false,
          "Relation Name": "movie_keyword",
          "Alias": "mk",
          "Startup Cost": 1487.86,
          "Total Cost": 26818.36,
          "Plan Rows": 70120,
          "Plan Width": 0,
          "Actual Startup Time": 12.514,
          "Actual Total Time": 41.661,
          "Actual Rows": 70295,
          "Actual Loops": 1,
          "Recheck Cond": "(keyword_id > 91102)",
          "Rows Removed by Index Recheck": 0,
          "Exact Heap Blocks": 14899,
          "Lossy Heap Blocks": 0,
          "Plans": [
            {
              "Node Type": "Bitmap Index Scan",
              "Parent Relationship": "Outer",
              "Parallel Aware": false,
              "Index Name": "keyword_id_movie_keyword",
              "Startup Cost": 0.0,
              "Total Cost": 1470.33,
              "Plan Rows": 70120,
              "Plan Width": 0,
              "Actual Startup Time": 9.025,
              "Actual Total Time": 9.026,
              "Actual Rows": 70295,
              "Actual Loops": 1,
              "Index Cond": "(keyword_id > 91102)"
            }
          ]
        }
      ]
    },
    "Planning Time": 0.257,
    "Triggers": [],
    "Execution Time": 45.172
  }
]