{
  "Plan": {
    "Node Type": "Aggregate",
    "Strategy": "Plain",
    "Partial Mode": "Finalize",
    "Parallel Aware": false,
    "Startup Cost": 102700.19,
    "Total Cost": 102700.2,
    "Plan Rows": 1,
    "Plan Width": 8,
    "Actual Startup Time": 713.662,
    "Actual Total Time": 732.188,
    "Actual Rows": 1,
    "Actual Loops": 1,
    "Plans": [
      {
        "Node Type": "Gather",
        "Parent Relationship": "Outer",
        "Parallel Aware": false,
        "Startup Cost": 102700.08,
        "Total Cost": 102700.19,
        "Plan Rows": 1,
        "Plan Width": 8,
        "Actual Startup Time": 707.939,
        "Actual Total Time": 732.178,
        "Actual Rows": 2,
        "Actual Loops": 1,
        "Workers Planned": 1,
        "Workers Launched": 1,
        "Single Copy": false,
        "Plans": [
          {
            "Node Type": "Aggregate",
            "Strategy": "Plain",
            "Partial Mode": "Partial",
            "Parent Relationship": "Outer",
            "Parallel Aware": false,
            "Startup Cost": 101700.08,
            "Total Cost": 101700.09,
            "Plan Rows": 1,
            "Plan Width": 8,
            "Actual Startup Time": 695.769,
            "Actual Total Time": 695.773,
            "Actual Rows": 1,
            "Actual Loops": 2,
            "Plans": [
              {
                "Node Type": "Hash Join",
                "Parent Relationship": "Outer",
                "Parallel Aware": true,
                "Join Type": "Inner",
                "Startup Cost": 74691.06,
                "Total Cost": 101337.67,
                "Plan Rows": 144966,
                "Plan Width": 0,
                "Actual Startup Time": 596.732,
                "Actual Total Time": 690.537,
                "Actual Rows": 118221,
                "Actual Loops": 2,
                "Inner Unique": true,
                "Hash Cond": "(mk.movie_id = t.id)",
                "Plans": [
                  {
                    "Node Type": "Bitmap Heap Scan",
                    "Parent Relationship": "Outer",
                    "Parallel Aware": true,
                    "Relation Name": "movie_keyword",
                    "Alias": "mk",
                    "Startup Cost": 5230.36,
                    "Total Cost": 31496.43,
                    "Plan Rows": 144966,
                    "Plan Width": 4,
                    "Actual Startup Time": 16.921,
                    "Actual Total Time": 74.565,
                    "Actual Rows": 118221,
                    "Actual Loops": 2,
                    "Recheck Cond": "(keyword_id > 62448)",
                    "Rows Removed by Index Recheck": 0,
                    "Exact Heap Blocks": 12311,
                    "Lossy Heap Blocks": 0,
                    "Plans": [
                      {
                        "Node Type": "Bitmap Index Scan",
                        "Parent Relationship": "Outer",
                        "Parallel Aware": false,
                        "Index Name": "keyword_id_movie_keyword",
                        "Startup Cost": 0.0,
                        "Total Cost": 5168.75,
                        "Plan Rows": 246442,
                        "Plan Width": 0,
                        "Actual Startup Time": 13.834,
                        "Actual Total Time": 13.834,
                        "Actual Rows": 236442,
                        "Actual Loops": 1,
                        "Index Cond": "(keyword_id > 62448)"
                      }
                    ]
                  },
                  {
                    "Node Type": "Hash",
                    "Parent Relationship": "Inner",
                    "Parallel Aware": true,
                    "Startup Cost": 50870.31,
                    "Total Cost": 50870.31,
                    "Plan Rows": 1487231,
                    "Plan Width": 4,
                    "Actual Startup Time": 557.371,
                    "Actual Total Time": 557.371,
                    "Actual Rows": 1264156,
                    "Actual Loops": 2,
                    "Hash Buckets": 4194304,
                    "Original Hash Buckets": 4194304,
                    "Hash Batches": 1,
                    "Original Hash Batches": 1,
                    "Peak Memory Usage": 131712,
                    "Plans": [
                      {
                        "Node Type": "Seq Scan",
                        "Parent Relationship": "Outer",
                        "Parallel Aware": true,
                        "Relation Name": "title",
                        "Alias": "t",
                        "Startup Cost": 0.0,
                        "Total Cost": 50870.31,
                        "Plan Rows": 1487231,
                        "Plan Width": 4,
                        "Actual Startup Time": 0.045,
                        "Actual Total Time": 158.81,
                        "Actual Rows": 1264156,
                        "Actual Loops": 2
                      }
                    ]
                  }
                ]
              }
            ]
          }
        ]
      }
    ]
  },
  "Planning Time": 0.79,
  "Triggers": [],
  "Execution Time": 732.283
}