[
  {
    "Plan": {
      "Node Type": "Aggregate",
      "Strategy": "Plain",
      "Partial Mode": "Finalize",
      "Parallel Aware": false,
      "Startup Cost": 46771.5,
      "Total Cost": 46771.51,
      "Plan Rows": 1,
      "Plan Width": 8,
      "Actual Startup Time": 93.441,
      "Actual Total Time": 107.478,
      "Actual Rows": 1,
      "Actual Loops": 1,
      "Plans": [
        {
          "Node Type": "Gather",
          "Parent Relationship": "Outer",
          "Parallel Aware": false,
          "Startup Cost": 46771.08,
          "Total Cost": 46771.49,
          "Plan Rows": 4,
          "Plan Width": 8,
          "Actual Startup Time": 93.15,
          "Actual Total Time": 107.466,
          "Actual Rows": 5,
          "Actual Loops": 1,
          "Workers Planned": 4,
          "Workers Launched": 4,
          "Single Copy": false,
          "Plans": [
            {
              "Node Type": "Aggregate",
              "Strategy": "Plain",
              "Partial Mode": "Partial",
              "Parent Relationship": "Outer",
              "Parallel Aware": false,
              "Startup Cost": 45771.08,
              "Total Cost": 45771.09,
              "Plan Rows": 1,
              "Plan Width": 8,
              "Actual Startup Time": 87.988,
              "Actual Total Time": 87.99,
              "Actual Rows": 1,
              "Actual Loops": 5,
              "Plans": [
                {
                  "Node Type": "Seq Scan",
                  "Parent Relationship": "Outer",
                  "Parallel Aware": true,
                  "Relation Name": "title",
                  "Alias": "t",
                  "Startup Cost": 0.0,
                  "Total Cost": 45479.59,
                  "Plan Rows": 116598,
                  "Plan Width": 0,
                  "Actual Startup Time": 0.032,
                  "Actual Total Time": 84.152,
                  "Actual Rows": 72092,
                  "Actual Loops": 5,
                  "Filter": "((production_year < 1994) AND (kind_id = 7))",
                  "Rows Removed by Filter": 433571
                }
              ]
            }
          ]
        }
      ]
    },
    "Planning Time": 0.174,
    "Triggers": [],
    "Execution Time": 107.531
  }
]