[
  {
    "Plan": {
      "Node Type": "Aggregate",
      "Strategy": "Plain",
      "Partial Mode": "Finalize",
      "Parallel Aware": false,
      "Startup Cost": 658464.15,
      "Total Cost": 658464.16,
      "Plan Rows": 1,
      "Plan Width": 8,
      "Actual Startup Time": 5835.062,
      "Actual Total Time": 5920.924,
      "Actual Rows": 1,
      "Actual Loops": 1,
      "Plans": [
        {
          "Node Type": "Gather",
          "Parent Relationship": "Outer",
          "Parallel Aware": false,
          "Startup Cost": 658463.53,
          "Total Cost": 658464.14,
          "Plan Rows": 6,
          "Plan Width": 8,
          "Actual Startup Time": 5784.96,
          "Actual Total Time": 5920.907,
          "Actual Rows": 7,
          "Actual Loops": 1,
          "Workers Planned": 6,
          "Workers Launched": 6,
          "Single Copy": false,
          "Plans": [
            {
              "Node Type": "Aggregate",
              "Strategy": "Plain",
              "Partial Mode": "Partial",
              "Parent Relationship": "Outer",
              "Parallel Aware": false,
              "Startup Cost": 657463.53,
              "Total Cost": 657463.54,
              "Plan Rows": 1,
              "Plan Width": 8,
              "Actual Startup Time": 5753.547,
              "Actual Total Time": 5754.808,
              "Actual Rows": 1,
              "Actual Loops": 7,
              "Plans": [
                {
                  "Node Type": "Hash Join",
                  "Parent Relationship": "Outer",
                  "Parallel Aware": true,
                  "Join Type": "Inner",
                  "Startup Cost": 265199.66,
                  "Total Cost": 637983.61,
                  "Plan Rows": 7791968,
                  "Plan Width": 0,
                  "Actual Startup Time": 1187.624,
                  "Actual Total Time": 4991.218,
                  "Actual Rows": 17286972,
                  "Actual Loops": 7,
                  "Inner Unique": false,
                  "Hash Cond": "(ci.movie_id = t.id)",
                  "Plans": [
                    {
                      "Node Type": "Seq Scan",
                      "Parent Relationship": "Outer",
                      "Parallel Aware": true,
                      "Relation Name": "cast_info",
                      "Alias": "ci",
                      "Startup Cost": 0.0,
                      "Total Cost": 343257.03,
                      "Plan Rows": 3718129,
                      "Plan Width": 4,
                      "Actual Startup Time": 0.024,
                      "Actual Total Time": 711.035,
                      "Actual Rows": 3447243,
                      "Actual Loops": 7,
                      "Filter": "((person_id < 3613167) AND (role_id < 4))",
                      "Rows Removed by Filter": 1730521
                    },
                    {
                      "Node Type": "Hash",
                      "Parent Relationship": "Inner",
                      "Parallel Aware": true,
                      "Startup Cost": 251953.5,
                      "Total Cost": 251953.5,
                      "Plan Rows": 1059693,
                      "Plan Width": 8,
                      "Actual Startup Time": 1177.758,
                      "Actual Total Time": 1179.017,
                      "Actual Rows": 752938,
                      "Actual Loops": 7,
                      "Hash Buckets": 8388608,
                      "Original Hash Buckets": 8388608,
                      "Hash Batches": 1,
                      "Original Hash Batches": 1,
                      "Peak Memory Usage": 271840,
                      "Plans": [
                        {
                          "Node Type": "Hash Join",
                          "Parent Relationship": "Outer",
                          "Parallel Aware": true,
                          "Join Type": "Inner",
                          "Startup Cost": 50219.64,
                          "Total Cost": 251953.5,
                          "Plan Rows": 1059693,
                          "Plan Width": 8,
                          "Actual Startup Time": 265.606,
                          "Actual Total Time": 861.478,
                          "Actual Rows": 752938,
                          "Actual Loops": 7,
                          "Inner Unique": true,
                          "Hash Cond": "(mi.movie_id = t.id)",
                          "Plans": [
                            {
                              "Node Type": "Seq Scan",
                              "Parent Relationship": "Outer",
                              "Parallel Aware": true,
                              "Relation Name": "movie_info",
                              "Alias": "mi",
                              "Startup Cost": 0.0,
                              "Total Cost": 198952.16,
                              "Plan Rows": 1059693,
                              "Plan Width": 4,
                              "Actual Startup Time": 16.004,
                              "Actual Total Time": 320.54,
                              "Actual Rows": 752938,
                              "Actual Loops": 7,
                              "Filter": "(info_type_id > 15)",
                              "Rows Removed by Filter": 1366450
                            },
                            {
                              "Node Type": "Hash",
                              "Parent Relationship": "Inner",
                              "Parallel Aware": true,
                              "Startup Cost": 42318.73,
                              "Total Cost": 42318.73,
                              "Plan Rows": 632073,
                              "Plan Width": 4,
                              "Actual Startup Time": 246.222,
                              "Actual Total Time": 246.223,
                              "Actual Rows": 361187,
                              "Actual Loops": 7,
                              "Hash Buckets": 4194304,
                              "Original Hash Buckets": 4194304,
                              "Hash Batches": 1,
                              "Original Hash Batches": 1,
                              "Peak Memory Usage": 131776,
                              "Plans": [
                                {
                                  "Node Type": "Seq Scan",
                                  "Parent Relationship": "Outer",
                                  "Parallel Aware": true,
                                  "Relation Name": "title",
                                  "Alias": "t",
                                  "Startup Cost": 0.0,
                                  "Total Cost": 42318.73,
                                  "Plan Rows": 632073,
                                  "Plan Width": 4,
                                  "Actual Startup Time": 0.052,
                                  "Actual Total Time": 76.188,
                                  "Actual Rows": 361187,
                                  "Actual Loops": 7
                                }
                              ]
                            }
                          ]
                        }
                      ]
                    }
                  ]
                }
              ]
            }
          ]
        }
      ]
    },
    "Planning Time": 1.422,
    "Triggers": [],
    "Execution Time": 5921.022
  }
]