{
  "Plan": {
    "Node Type": "Aggregate",
    "Strategy": "Plain",
    "Partial Mode": "Finalize",
    "Parallel Aware": false,
    "Startup Cost": 96699.58,
    "Total Cost": 96699.59,
    "Plan Rows": 1,
    "Plan Width": 8,
    "Actual Startup Time": 314.631,
    "Actual Total Time": 322.789,
    "Actual Rows": 1,
    "Actual Loops": 1,
    "Plans": [
      {
        "Node Type": "Gather",
        "Parent Relationship": "Outer",
        "Parallel Aware": false,
        "Startup Cost": 96699.47,
        "Total Cost": 96699.58,
        "Plan Rows": 1,
        "Plan Width": 8,
        "Actual Startup Time": 314.352,
        "Actual Total Time": 322.781,
        "Actual Rows": 2,
        "Actual Loops": 1,
        "Workers Planned": 1,
        "Workers Launched": 1,
        "Single Copy": false,
        "Plans": [
          {
            "Node Type": "Aggregate",
            "Strategy": "Plain",
            "Partial Mode": "Partial",
            "Parent Relationship": "Outer",
            "Parallel Aware": false,
            "Startup Cost": 95699.47,
            "Total Cost": 95699.48,
            "Plan Rows": 1,
            "Plan Width": 8,
            "Actual Startup Time": 308.402,
            "Actual Total Time": 308.406,
            "Actual Rows": 1,
            "Actual Loops": 2,
            "Plans": [
              {
                "Node Type": "Hash Join",
                "Parent Relationship": "Outer",
                "Parallel Aware": true,
                "Join Type": "Inner",
                "Startup Cost": 53775.47,
                "Total Cost": 95679.54,
                "Plan Rows": 7971,
                "Plan Width": 0,
                "Actual Startup Time": 133.817,
                "Actual Total Time": 307.905,
                "Actual Rows": 9907,
                "Actual Loops": 2,
                "Inner Unique": true,
                "Hash Cond": "(mc.movie_id = t.id)",
                "Plans": [
                  {
                    "Node Type": "Seq Scan",
                    "Parent Relationship": "Outer",
                    "Parallel Aware": true,
                    "Relation Name": "movie_companies",
                    "Alias": "mc",
                    "Startup Cost": 0.0,
                    "Total Cost": 37974.77,
                    "Plan Rows": 1496870,
                    "Plan Width": 4,
                    "Actual Startup Time": 0.016,
                    "Actual Total Time": 128.826,
                    "Actual Rows": 1271171,
                    "Actual Loops": 2,
                    "Filter": "(company_id > 6)",
                    "Rows Removed by Filter": 33394
                  },
                  {
                    "Node Type": "Hash",
                    "Parent Relationship": "Inner",
                    "Parallel Aware": true,
                    "Startup Cost": 53676.47,
                    "Total Cost": 53676.47,
                    "Plan Rows": 7920,
                    "Plan Width": 4,
                    "Actual Startup Time": 97.068,
                    "Actual Total Time": 97.069,
                    "Actual Rows": 4050,
                    "Actual Loops": 2,
                    "Hash Buckets": 16384,
                    "Original Hash Buckets": 16384,
                    "Hash Batches": 1,
                    "Original Hash Batches": 1,
                    "Peak Memory Usage": 480,
                    "Plans": [
                      {
                        "Node Type": "Bitmap Heap Scan",
                        "Parent Relationship": "Outer",
                        "Parallel Aware": true,
                        "Relation Name": "title",
                        "Alias": "t",
                        "Startup Cost": 11826.22,
                        "Total Cost": 53676.47,
                        "Plan Rows": 7920,
                        "Plan Width": 4,
                        "Actual Startup Time": 37.629,
                        "Actual Total Time": 95.615,
                        "Actual Rows": 4050,
                        "Actual Loops": 2,
                        "Recheck Cond": "(kind_id = 1)",
                        "Rows Removed by Index Recheck": 0,
                        "Filter": "(production_year = 2000)",
                        "Rows Removed by Filter": 327362,
                        "Exact Heap Blocks": 9468,
                        "Lossy Heap Blocks": 0,
                        "Plans": [
                          {
                            "Node Type": "Bitmap Index Scan",
                            "Parent Relationship": "Outer",
                            "Parallel Aware": false,
                            "Index Name": "kind_id_title",
                            "Startup Cost": 0.0,
                            "Total Cost": 11822.85,
                            "Plan Rows": 663256,
                            "Plan Width": 0,
                            "Actual Startup Time": 39.93,
                            "Actual Total Time": 39.93,
                            "Actual Rows": 662825,
                            "Actual Loops": 1,
                            "Index Cond": "(kind_id = 1)"
                          }
                        ]
                      }
                    ]
                  }
                ]
              }
            ]
          }
        ]
      }
    ]
  },
  "Planning Time": 0.549,
  "Triggers": [],
  "Execution Time": 322.879
}