[
    {
        "Bao": {
            "Bao prediction": "NaN",
            "Bao recommended hint": "(no hint)"
        }
    },
    {
        "Plan": {
            "Node Type": "Aggregate",
            "Strategy": "Plain",
            "Partial Mode": "Finalize",
            "Parallel Aware": false,
            "Startup Cost": 331212.07,
            "Total Cost": 331212.08,
            "Plan Rows": 1,
            "Plan Width": 8,
            "Actual Startup Time": 338.783,
            "Actual Total Time": 347.099,
            "Actual Rows": 1,
            "Actual Loops": 1,
            "Output": [
                "count(*)"
            ],
            "Plans": [
                {
                    "Node Type": "Gather",
                    "Parent Relationship": "Outer",
                    "Parallel Aware": false,
                    "Startup Cost": 331211.45,
                    "Total Cost": 331212.06,
                    "Plan Rows": 6,
                    "Plan Width": 8,
                    "Actual Startup Time": 338.206,
                    "Actual Total Time": 347.09,
                    "Actual Rows": 7,
                    "Actual Loops": 1,
                    "Output": [
                        "(PARTIAL count(*))"
                    ],
                    "Workers Planned": 6,
                    "Workers Launched": 6,
                    "Single Copy": false,
                    "Plans": [
                        {
                            "Node Type": "Aggregate",
                            "Strategy": "Plain",
                            "Partial Mode": "Partial",
                            "Parent Relationship": "Outer",
                            "Parallel Aware": false,
                            "Startup Cost": 330211.45,
                            "Total Cost": 330211.46,
                            "Plan Rows": 1,
                            "Plan Width": 8,
                            "Actual Startup Time": 327.778,
                            "Actual Total Time": 327.779,
                            "Actual Rows": 1,
                            "Actual Loops": 7,
                            "Output": [
                                "PARTIAL count(*)"
                            ],
                            "Workers": [
                                {
                                    "Worker Number": 0,
                                    "Actual Startup Time": 325.275,
                                    "Actual Total Time": 325.276,
                                    "Actual Rows": 1,
                                    "Actual Loops": 1
                                },
                                {
                                    "Worker Number": 1,
                                    "Actual Startup Time": 325.359,
                                    "Actual Total Time": 325.361,
                                    "Actual Rows": 1,
                                    "Actual Loops": 1
                                },
                                {
                                    "Worker Number": 2,
                                    "Actual Startup Time": 325.929,
                                    "Actual Total Time": 325.93,
                                    "Actual Rows": 1,
                                    "Actual Loops": 1
                                },
                                {
                                    "Worker Number": 3,
                                    "Actual Startup Time": 326.371,
                                    "Actual Total Time": 326.372,
                                    "Actual Rows": 1,
                                    "Actual Loops": 1
                                },
                                {
                                    "Worker Number": 4,
                                    "Actual Startup Time": 326.458,
                                    "Actual Total Time": 326.459,
                                    "Actual Rows": 1,
                                    "Actual Loops": 1
                                },
                                {
                                    "Worker Number": 5,
                                    "Actual Startup Time": 327.204,
                                    "Actual Total Time": 327.205,
                                    "Actual Rows": 1,
                                    "Actual Loops": 1
                                }
                            ],
                            "Plans": [
                                {
                                    "Node Type": "Bitmap Heap Scan",
                                    "Parent Relationship": "Outer",
                                    "Parallel Aware": true,
                                    "Relation Name": "cast_info",
                                    "Schema": "public",
                                    "Alias": "ci",
                                    "Startup Cost": 68851.28,
                                    "Total Cost": 329366.13,
                                    "Plan Rows": 338128,
                                    "Plan Width": 0,
                                    "Actual Startup Time": 145.914,
                                    "Actual Total Time": 301.832,
                                    "Actual Rows": 455705,
                                    "Actual Loops": 7,
                                    "Recheck Cond": "(ci.person_id > 3473761)",
                                    "Rows Removed by Index Recheck": 0,
                                    "Filter": "(ci.role_id > 1)",
                                    "Rows Removed by Filter": 0,
                                    "Exact Heap Blocks": 11485,
                                    "Lossy Heap Blocks": 0,
                                    "Workers": [
                                        {
                                            "Worker Number": 0,
                                            "Actual Startup Time": 143.471,
                                            "Actual Total Time": 299.143,
                                            "Actual Rows": 357924,
                                            "Actual Loops": 1
                                        },
                                        {
                                            "Worker Number": 1,
                                            "Actual Startup Time": 143.522,
                                            "Actual Total Time": 300.428,
                                            "Actual Rows": 345926,
                                            "Actual Loops": 1
                                        },
                                        {
                                            "Worker Number": 2,
                                            "Actual Startup Time": 143.958,
                                            "Actual Total Time": 299.91,
                                            "Actual Rows": 354721,
                                            "Actual Loops": 1
                                        },
                                        {
                                            "Worker Number": 3,
                                            "Actual Startup Time": 144.733,
                                            "Actual Total Time": 301.467,
                                            "Actual Rows": 523805,
                                            "Actual Loops": 1
                                        },
                                        {
                                            "Worker Number": 4,
                                            "Actual Startup Time": 144.636,
                                            "Actual Total Time": 302.225,
                                            "Actual Rows": 510465,
                                            "Actual Loops": 1
                                        },
                                        {
                                            "Worker Number": 5,
                                            "Actual Startup Time": 145.483,
                                            "Actual Total Time": 301.009,
                                            "Actual Rows": 357365,
                                            "Actual Loops": 1
                                        }
                                    ],
                                    "Plans": [
                                        {
                                            "Node Type": "Bitmap Index Scan",
                                            "Parent Relationship": "Outer",
                                            "Parallel Aware": false,
                                            "Index Name": "person_id_cast_info",
                                            "Startup Cost": 0.0,
                                            "Total Cost": 68344.09,
                                            "Plan Rows": 3131137,
                                            "Plan Width": 0,
                                            "Actual Startup Time": 148.325,
                                            "Actual Total Time": 148.326,
                                            "Actual Rows": 3189932,
                                            "Actual Loops": 1,
                                            "Index Cond": "(ci.person_id > 3473761)"
                                        }
                                    ]
                                }
                            ]
                        }
                    ]
                }
            ]
        },
        "Planning Time": 182.631,
        "Triggers": [],
        "Execution Time": 347.151
    }
]