{
  "Plan": {
    "Node Type": "Aggregate",
    "Strategy": "Plain",
    "Partial Mode": "Simple",
    "Parallel Aware": false,
    "Startup Cost": 18510.6,
    "Total Cost": 18510.61,
    "Plan Rows": 1,
    "Plan Width": 64,
    "Actual Startup Time": 1226.244,
    "Actual Total Time": 1226.254,
    "Actual Rows": 1,
    "Actual Loops": 1,
    "Plans": [
      {
        "Node Type": "Nested Loop",
        "Parent Relationship": "Outer",
        "Parallel Aware": false,
        "Join Type": "Inner",
        "Startup Cost": 3785.24,
        "Total Cost": 18510.59,
        "Plan Rows": 2,
        "Plan Width": 32,
        "Actual Startup Time": 50.964,
        "Actual Total Time": 1224.225,
        "Actual Rows": 13634,
        "Actual Loops": 1,
        "Inner Unique": true,
        "Plans": [
          {
            "Node Type": "Nested Loop",
            "Parent Relationship": "Outer",
            "Parallel Aware": false,
            "Join Type": "Inner",
            "Startup Cost": 3784.81,
            "Total Cost": 18509.68,
            "Plan Rows": 2,
            "Plan Width": 21,
            "Actual Startup Time": 50.952,
            "Actual Total Time": 1152.61,
            "Actual Rows": 13634,
            "Actual Loops": 1,
            "Inner Unique": true,
            "Plans": [
              {
                "Node Type": "Nested Loop",
                "Parent Relationship": "Outer",
                "Parallel Aware": false,
                "Join Type": "Inner",
                "Startup Cost": 3784.38,
                "Total Cost": 18496.4,
                "Plan Rows": 29,
                "Plan Width": 25,
                "Actual Startup Time": 50.099,
                "Actual Total Time": 612.994,
                "Actual Rows": 256095,
                "Actual Loops": 1,
                "Inner Unique": false,
                "Plans": [
                  {
                    "Node Type": "Hash Join",
                    "Parent Relationship": "Outer",
                    "Parallel Aware": false,
                    "Join Type": "Inner",
                    "Startup Cost": 3783.82,
                    "Total Cost": 18492.67,
                    "Plan Rows": 2,
                    "Plan Width": 29,
                    "Actual Startup Time": 50.082,
                    "Actual Total Time": 220.92,
                    "Actual Rows": 4103,
                    "Actual Loops": 1,
                    "Inner Unique": true,
                    "Hash Cond": "(t.kind_id = kt.id)",
                    "Plans": [
                      {
                        "Node Type": "Nested Loop",
                        "Parent Relationship": "Outer",
                        "Parallel Aware": false,
                        "Join Type": "Inner",
                        "Startup Cost": 3782.72,
                        "Total Cost": 18491.52,
                        "Plan Rows": 11,
                        "Plan Width": 33,
                        "Actual Startup Time": 49.306,
                        "Actual Total Time": 219.877,
                        "Actual Rows": 4519,
                        "Actual Loops": 1,
                        "Inner Unique": true,
                        "Plans": [
                          {
                            "Node Type": "Hash Join",
                            "Parent Relationship": "Outer",
                            "Parallel Aware": false,
                            "Join Type": "Inner",
                            "Startup Cost": 3782.29,
                            "Total Cost": 18476.83,
                            "Plan Rows": 30,
                            "Plan Width": 8,
                            "Actual Startup Time": 49.29,
                            "Actual Total Time": 189.222,
                            "Actual Rows": 6396,
                            "Actual Loops": 1,
                            "Inner Unique": true,
                            "Hash Cond": "(cc.subject_id = cct1.id)",
                            "Plans": [
                              {
                                "Node Type": "Nested Loop",
                                "Parent Relationship": "Outer",
                                "Parallel Aware": false,
                                "Join Type": "Inner",
                                "Startup Cost": 3781.22,
                                "Total Cost": 18475.12,
                                "Plan Rows": 118,
                                "Plan Width": 12,
                                "Actual Startup Time": 49.267,
                                "Actual Total Time": 187.85,
                                "Actual Rows": 9392,
                                "Actual Loops": 1,
                                "Inner Unique": false,
                                "Join Filter": "(cc.status_id = cct2.id)",
                                "Rows Removed by Join Filter": 9392,
                                "Plans": [
                                  {
                                    "Node Type": "Seq Scan",
                                    "Parent Relationship": "Outer",
                                    "Parallel Aware": false,
                                    "Relation Name": "comp_cast_type",
                                    "Alias": "cct2",
                                    "Startup Cost": 0.0,
                                    "Total Cost": 1.05,
                                    "Plan Rows": 1,
                                    "Plan Width": 4,
                                    "Actual Startup Time": 0.012,
                                    "Actual Total Time": 0.016,
                                    "Actual Rows": 2,
                                    "Actual Loops": 1,
                                    "Filter": "((kind)::text ~~ '%complete%'::text)",
                                    "Rows Removed by Filter": 2
                                  },
                                  {
                                    "Node Type": "Hash Join",
                                    "Parent Relationship": "Inner",
                                    "Parallel Aware": false,
                                    "Join Type": "Inner",
                                    "Startup Cost": 3781.22,
                                    "Total Cost": 18468.18,
                                    "Plan Rows": 471,
                                    "Plan Width": 16,
                                    "Actual Startup Time": 24.843,
                                    "Actual Total Time": 93.155,
                                    "Actual Rows": 9392,
                                    "Actual Loops": 2,
                                    "Inner Unique": false,
                                    "Hash Cond": "(mk.movie_id = cc.movie_id)",
                                    "Plans": [
                                      {
                                        "Node Type": "Nested Loop",
                                        "Parent Relationship": "Outer",
                                        "Parallel Aware": false,
                                        "Join Type": "Inner",
                                        "Startup Cost": 10.79,
                                        "Total Cost": 14691.35,
                                        "Plan Rows": 337,
                                        "Plan Width": 4,
                                        "Actual Startup Time": 0.987,
                                        "Actual Total Time": 58.762,
                                        "Actual Rows": 24091,
                                        "Actual Loops": 2,
                                        "Inner Unique": false,
                                        "Plans": [
                                          {
                                            "Node Type": "Seq Scan",
                                            "Parent Relationship": "Outer",
                                            "Parallel Aware": false,
                                            "Relation Name": "keyword",
                                            "Alias": "k",
                                            "Startup Cost": 0.0,
                                            "Total Cost": 3967.82,
                                            "Plan Rows": 10,
                                            "Plan Width": 4,
                                            "Actual Startup Time": 0.213,
                                            "Actual Total Time": 25.576,
                                            "Actual Rows": 10,
                                            "Actual Loops": 2,
                                            "Filter": "(keyword = ANY ('{superhero,marvel-comics,based-on-comic,tv-special,fight,violence,magnet,web,claw,laser}'::text[]))",
                                            "Rows Removed by Filter": 134160
                                          },
                                          {
                                            "Node Type": "Bitmap Heap Scan",
                                            "Parent Relationship": "Inner",
                                            "Parallel Aware": false,
                                            "Relation Name": "movie_keyword",
                                            "Alias": "mk",
                                            "Startup Cost": 10.79,
                                            "Total Cost": 1069.31,
                                            "Plan Rows": 304,
                                            "Plan Width": 8,
                                            "Actual Startup Time": 0.449,
                                            "Actual Total Time": 3.116,
                                            "Actual Rows": 2409,
                                            "Actual Loops": 20,
                                            "Recheck Cond": "(keyword_id = k.id)",
                                            "Rows Removed by Index Recheck": 0,
                                            "Exact Heap Blocks": 34254,
                                            "Lossy Heap Blocks": 0,
                                            "Plans": [
                                              {
                                                "Node Type": "Bitmap Index Scan",
                                                "Parent Relationship": "Outer",
                                                "Parallel Aware": false,
                                                "Index Name": "keyword_id_movie_keyword",
                                                "Startup Cost": 0.0,
                                                "Total Cost": 10.71,
                                                "Plan Rows": 304,
                                                "Plan Width": 0,
                                                "Actual Startup Time": 0.249,
                                                "Actual Total Time": 0.249,
                                                "Actual Rows": 2409,
                                                "Actual Loops": 20,
                                                "Index Cond": "(keyword_id = k.id)"
                                              }
                                            ]
                                          }
                                        ]
                                      },
                                      {
                                        "Node Type": "Hash",
                                        "Parent Relationship": "Inner",
                                        "Parallel Aware": false,
                                        "Startup Cost": 2081.86,
                                        "Total Cost": 2081.86,
                                        "Plan Rows": 135086,
                                        "Plan Width": 12,
                                        "Actual Startup Time": 47.324,
                                        "Actual Total Time": 47.325,
                                        "Actual Rows": 135086,
                                        "Actual Loops": 1,
                                        "Hash Buckets": 262144,
                                        "Original Hash Buckets": 262144,
                                        "Hash Batches": 1,
                                        "Original Hash Batches": 1,
                                        "Peak Memory Usage": 7853,
                                        "Plans": [
                                          {
                                            "Node Type": "Seq Scan",
                                            "Parent Relationship": "Outer",
                                            "Parallel Aware": false,
                                            "Relation Name": "complete_cast",
                                            "Alias": "cc",
                                            "Startup Cost": 0.0,
                                            "Total Cost": 2081.86,
                                            "Plan Rows": 135086,
                                            "Plan Width": 12,
                                            "Actual Startup Time": 0.029,
                                            "Actual Total Time": 21.625,
                                            "Actual Rows": 135086,
                                            "Actual Loops": 1
                                          }
                                        ]
                                      }
                                    ]
                                  }
                                ]
                              },
                              {
                                "Node Type": "Hash",
                                "Parent Relationship": "Inner",
                                "Parallel Aware": false,
                                "Startup Cost": 1.05,
                                "Total Cost": 1.05,
                                "Plan Rows": 1,
                                "Plan Width": 4,
                                "Actual Startup Time": 0.017,
                                "Actual Total Time": 0.017,
                                "Actual Rows": 1,
                                "Actual Loops": 1,
                                "Hash Buckets": 1024,
                                "Original Hash Buckets": 1024,
                                "Hash Batches": 1,
                                "Original Hash Batches": 1,
                                "Peak Memory Usage": 9,
                                "Plans": [
                                  {
                                    "Node Type": "Seq Scan",
                                    "Parent Relationship": "Outer",
                                    "Parallel Aware": false,
                                    "Relation Name": "comp_cast_type",
                                    "Alias": "cct1",
                                    "Startup Cost": 0.0,
                                    "Total Cost": 1.05,
                                    "Plan Rows": 1,
                                    "Plan Width": 4,
                                    "Actual Startup Time": 0.011,
                                    "Actual Total Time": 0.013,
                                    "Actual Rows": 1,
                                    "Actual Loops": 1,
                                    "Filter": "((kind)::text = 'cast'::text)",
                                    "Rows Removed by Filter": 3
                                  }
                                ]
                              }
                            ]
                          },
                          {
                            "Node Type": "Index Scan",
                            "Parent Relationship": "Inner",
                            "Parallel Aware": false,
                            "Scan Direction": "Forward",
                            "Index Name": "title_pkey",
                            "Relation Name": "title",
                            "Alias": "t",
                            "Startup Cost": 0.43,
                            "Total Cost": 0.49,
                            "Plan Rows": 1,
                            "Plan Width": 25,
                            "Actual Startup Time": 0.005,
                            "Actual Total Time": 0.005,
                            "Actual Rows": 1,
                            "Actual Loops": 6396,
                            "Index Cond": "(id = mk.movie_id)",
                            "Rows Removed by Index Recheck": 0,
                            "Filter": "(production_year < 1999)",
                            "Rows Removed by Filter": 0
                          }
                        ]
                      },
                      {
                        "Node Type": "Hash",
                        "Parent Relationship": "Inner",
                        "Parallel Aware": false,
                        "Startup Cost": 1.09,
                        "Total Cost": 1.09,
                        "Plan Rows": 1,
                        "Plan Width": 4,
                        "Actual Startup Time": 0.031,
                        "Actual Total Time": 0.031,
                        "Actual Rows": 1,
                        "Actual Loops": 1,
                        "Hash Buckets": 1024,
                        "Original Hash Buckets": 1024,
                        "Hash Batches": 1,
                        "Original Hash Batches": 1,
                        "Peak Memory Usage": 9,
                        "Plans": [
                          {
                            "Node Type": "Seq Scan",
                            "Parent Relationship": "Outer",
                            "Parallel Aware": false,
                            "Relation Name": "kind_type",
                            "Alias": "kt",
                            "Startup Cost": 0.0,
                            "Total Cost": 1.09,
                            "Plan Rows": 1,
                            "Plan Width": 4,
                            "Actual Startup Time": 0.02,
                            "Actual Total Time": 0.024,
                            "Actual Rows": 1,
                            "Actual Loops": 1,
                            "Filter": "((kind)::text = 'movie'::text)",
                            "Rows Removed by Filter": 6
                          }
                        ]
                      }
                    ]
                  },
                  {
                    "Node Type": "Index Scan",
                    "Parent Relationship": "Inner",
                    "Parallel Aware": false,
                    "Scan Direction": "Forward",
                    "Index Name": "movie_id_cast_info",
                    "Relation Name": "cast_info",
                    "Alias": "ci",
                    "Startup Cost": 0.56,
                    "Total Cost": 1.52,
                    "Plan Rows": 35,
                    "Plan Width": 12,
                    "Actual Startup Time": 0.007,
                    "Actual Total Time": 0.089,
                    "Actual Rows": 62,
                    "Actual Loops": 4103,
                    "Index Cond": "(movie_id = mk.movie_id)",
                    "Rows Removed by Index Recheck": 0
                  }
                ]
              },
              {
                "Node Type": "Index Scan",
                "Parent Relationship": "Inner",
                "Parallel Aware": false,
                "Scan Direction": "Forward",
                "Index Name": "char_name_pkey",
                "Relation Name": "char_name",
                "Alias": "chn",
                "Startup Cost": 0.43,
                "Total Cost": 0.46,
                "Plan Rows": 1,
                "Plan Width": 4,
                "Actual Startup Time": 0.002,
                "Actual Total Time": 0.002,
                "Actual Rows": 0,
                "Actual Loops": 256095,
                "Index Cond": "(id = ci.person_role_id)",
                "Rows Removed by Index Recheck": 0,
                "Filter": "((name IS NOT NULL) AND ((name ~~ '%man%'::text) OR (name ~~ '%Man%'::text)))",
                "Rows Removed by Filter": 1
              }
            ]
          },
          {
            "Node Type": "Index Scan",
            "Parent Relationship": "Inner",
            "Parallel Aware": false,
            "Scan Direction": "Forward",
            "Index Name": "name_pkey",
            "Relation Name": "name",
            "Alias": "n",
            "Startup Cost": 0.43,
            "Total Cost": 0.46,
            "Plan Rows": 1,
            "Plan Width": 19,
            "Actual Startup Time": 0.005,
            "Actual Total Time": 0.005,
            "Actual Rows": 1,
            "Actual Loops": 13634,
            "Index Cond": "(id = ci.person_id)",
            "Rows Removed by Index Recheck": 0
          }
        ]
      }
    ]
  },
  "Planning Time": 2.702,
  "Triggers": [],
  "Execution Time": 1226.47
}