[
  {
    "Plan": {
      "Node Type": "Aggregate",
      "Strategy": "Plain",
      "Partial Mode": "Finalize",
      "Parallel Aware": false,
      "Startup Cost": 92344.96,
      "Total Cost": 92344.97,
      "Plan Rows": 1,
      "Plan Width": 8,
      "Actual Startup Time": 271.377,
      "Actual Total Time": 290.731,
      "Actual Rows": 1,
      "Actual Loops": 1,
      "Plans": [
        {
          "Node Type": "Gather",
          "Parent Relationship": "Outer",
          "Parallel Aware": false,
          "Startup Cost": 92344.65,
          "Total Cost": 92344.96,
          "Plan Rows": 3,
          "Plan Width": 8,
          "Actual Startup Time": 271.066,
          "Actual Total Time": 290.717,
          "Actual Rows": 4,
          "Actual Loops": 1,
          "Workers Planned": 3,
          "Workers Launched": 3,
          "Single Copy": false,
          "Plans": [
            {
              "Node Type": "Aggregate",
              "Strategy": "Plain",
              "Partial Mode": "Partial",
              "Parent Relationship": "Outer",
              "Parallel Aware": false,
              "Startup Cost": 91344.65,
              "Total Cost": 91344.66,
              "Plan Rows": 1,
              "Plan Width": 8,
              "Actual Startup Time": 262.496,
              "Actual Total Time": 262.499,
              "Actual Rows": 1,
              "Actual Loops": 4,
              "Plans": [
                {
                  "Node Type": "Hash Join",
                  "Parent Relationship": "Outer",
                  "Parallel Aware": true,
                  "Join Type": "Inner",
                  "Startup Cost": 45667.52,
                  "Total Cost": 91278.43,
                  "Plan Rows": 26486,
                  "Plan Width": 0,
                  "Actual Startup Time": 129.403,
                  "Actual Total Time": 261.707,
                  "Actual Rows": 16600,
                  "Actual Loops": 4,
                  "Inner Unique": true,
                  "Hash Cond": "(mk.movie_id = t.id)",
                  "Plans": [
                    {
                      "Node Type": "Seq Scan",
                      "Parent Relationship": "Outer",
                      "Parallel Aware": true,
                      "Relation Name": "movie_keyword",
                      "Alias": "mk",
                      "Startup Cost": 0.0,
                      "Total Cost": 42695.65,
                      "Plan Rows": 1110573,
                      "Plan Width": 4,
                      "Actual Startup Time": 0.062,
                      "Actual Total Time": 105.595,
                      "Actual Rows": 857450,
                      "Actual Loops": 4,
                      "Filter": "(keyword_id > 1116)",
                      "Rows Removed by Filter": 273533
                    },
                    {
                      "Node Type": "Hash",
                      "Parent Relationship": "Inner",
                      "Parallel Aware": true,
                      "Startup Cost": 45479.1,
                      "Total Cost": 45479.1,
                      "Plan Rows": 15074,
                      "Plan Width": 4,
                      "Actual Startup Time": 96.837,
                      "Actual Total Time": 96.838,
                      "Actual Rows": 15395,
                      "Actual Loops": 4,
                      "Hash Buckets": 65536,
                      "Original Hash Buckets": 65536,
                      "Hash Batches": 1,
                      "Original Hash Batches": 1,
                      "Peak Memory Usage": 2976,
                      "Plans": [
                        {
                          "Node Type": "Seq Scan",
                          "Parent Relationship": "Outer",
                          "Parallel Aware": true,
                          "Relation Name": "title",
                          "Alias": "t",
                          "Startup Cost": 0.0,
                          "Total Cost": 45479.1,
                          "Plan Rows": 15074,
                          "Plan Width": 4,
                          "Actual Startup Time": 45.1,
                          "Actual Total Time": 92.321,
                          "Actual Rows": 15395,
                          "Actual Loops": 4,
                          "Filter": "((kind_id < 2) AND (production_year > 2011))",
                          "Rows Removed by Filter": 616683
                        }
                      ]
                    }
                  ]
                }
              ]
            }
          ]
        }
      ]
    },
    "Planning Time": 0.564,
    "Triggers": [],
    "Execution Time": 290.796
  }
]