{
  "Plan": {
    "Node Type": "Aggregate",
    "Strategy": "Plain",
    "Partial Mode": "Finalize",
    "Parallel Aware": false,
    "Startup Cost": 65387.74,
    "Total Cost": 65387.75,
    "Plan Rows": 1,
    "Plan Width": 8,
    "Actual Startup Time": 142.68,
    "Actual Total Time": 155.251,
    "Actual Rows": 1,
    "Actual Loops": 1,
    "Plans": [
      {
        "Node Type": "Gather",
        "Parent Relationship": "Outer",
        "Parallel Aware": false,
        "Startup Cost": 65387.63,
        "Total Cost": 65387.74,
        "Plan Rows": 1,
        "Plan Width": 8,
        "Actual Startup Time": 142.572,
        "Actual Total Time": 155.244,
        "Actual Rows": 2,
        "Actual Loops": 1,
        "Workers Planned": 1,
        "Workers Launched": 1,
        "Single Copy": false,
        "Plans": [
          {
            "Node Type": "Aggregate",
            "Strategy": "Plain",
            "Partial Mode": "Partial",
            "Parent Relationship": "Outer",
            "Parallel Aware": false,
            "Startup Cost": 64387.63,
            "Total Cost": 64387.64,
            "Plan Rows": 1,
            "Plan Width": 8,
            "Actual Startup Time": 138.981,
            "Actual Total Time": 138.983,
            "Actual Rows": 1,
            "Actual Loops": 2,
            "Plans": [
              {
                "Node Type": "Nested Loop",
                "Parent Relationship": "Outer",
                "Parallel Aware": false,
                "Join Type": "Inner",
                "Startup Cost": 0.43,
                "Total Cost": 64387.27,
                "Plan Rows": 142,
                "Plan Width": 0,
                "Actual Startup Time": 88.9,
                "Actual Total Time": 138.952,
                "Actual Rows": 186,
                "Actual Loops": 2,
                "Inner Unique": false,
                "Plans": [
                  {
                    "Node Type": "Seq Scan",
                    "Parent Relationship": "Outer",
                    "Parallel Aware": true,
                    "Relation Name": "title",
                    "Alias": "t",
                    "Startup Cost": 0.0,
                    "Total Cost": 58306.47,
                    "Plan Rows": 778,
                    "Plan Width": 4,
                    "Actual Startup Time": 87.828,
                    "Actual Total Time": 131.851,
                    "Actual Rows": 1708,
                    "Actual Loops": 2,
                    "Filter": "((kind_id < 7) AND (production_year = 1909))",
                    "Rows Removed by Filter": 1262448
                  },
                  {
                    "Node Type": "Index Scan",
                    "Parent Relationship": "Inner",
                    "Parallel Aware": false,
                    "Scan Direction": "Forward",
                    "Index Name": "movie_id_movie_info_idx",
                    "Relation Name": "movie_info_idx",
                    "Alias": "mi_idx",
                    "Startup Cost": 0.43,
                    "Total Cost": 7.81,
                    "Plan Rows": 1,
                    "Plan Width": 4,
                    "Actual Startup Time": 0.004,
                    "Actual Total Time": 0.004,
                    "Actual Rows": 0,
                    "Actual Loops": 3417,
                    "Index Cond": "(movie_id = t.id)",
                    "Rows Removed by Index Recheck": 0,
                    "Filter": "(info_type_id > 100)",
                    "Rows Removed by Filter": 0
                  }
                ]
              }
            ]
          }
        ]
      }
    ]
  },
  "Planning Time": 0.456,
  "Triggers": [],
  "Execution Time": 155.31
}