[
  {
    "Plan": {
      "Node Type": "Aggregate",
      "Strategy": "Plain",
      "Partial Mode": "Finalize",
      "Parallel Aware": false,
      "Startup Cost": 430245.73,
      "Total Cost": 430245.74,
      "Plan Rows": 1,
      "Plan Width": 8,
      "Actual Startup Time": 2486.289,
      "Actual Total Time": 2549.433,
      "Actual Rows": 1,
      "Actual Loops": 1,
      "Plans": [
        {
          "Node Type": "Gather",
          "Parent Relationship": "Outer",
          "Parallel Aware": false,
          "Startup Cost": 430245.11,
          "Total Cost": 430245.72,
          "Plan Rows": 6,
          "Plan Width": 8,
          "Actual Startup Time": 2477.255,
          "Actual Total Time": 2549.422,
          "Actual Rows": 7,
          "Actual Loops": 1,
          "Workers Planned": 6,
          "Workers Launched": 6,
          "Single Copy": false,
          "Plans": [
            {
              "Node Type": "Aggregate",
              "Strategy": "Plain",
              "Partial Mode": "Partial",
              "Parent Relationship": "Outer",
              "Parallel Aware": false,
              "Startup Cost": 429245.11,
              "Total Cost": 429245.12,
              "Plan Rows": 1,
              "Plan Width": 8,
              "Actual Startup Time": 2465.954,
              "Actual Total Time": 2465.959,
              "Actual Rows": 1,
              "Actual Loops": 7,
              "Plans": [
                {
                  "Node Type": "Hash Join",
                  "Parent Relationship": "Outer",
                  "Parallel Aware": true,
                  "Join Type": "Inner",
                  "Startup Cost": 83552.15,
                  "Total Cost": 424253.39,
                  "Plan Rows": 1996687,
                  "Plan Width": 0,
                  "Actual Startup Time": 344.702,
                  "Actual Total Time": 2364.118,
                  "Actual Rows": 1769024,
                  "Actual Loops": 7,
                  "Inner Unique": false,
                  "Hash Cond": "(ci.movie_id = t.id)",
                  "Plans": [
                    {
                      "Node Type": "Seq Scan",
                      "Parent Relationship": "Outer",
                      "Parallel Aware": true,
                      "Relation Name": "cast_info",
                      "Alias": "ci",
                      "Startup Cost": 0.0,
                      "Total Cost": 313067.02,
                      "Plan Rows": 6038002,
                      "Plan Width": 4,
                      "Actual Startup Time": 0.03,
                      "Actual Total Time": 661.742,
                      "Actual Rows": 5177763,
                      "Actual Loops": 7
                    },
                    {
                      "Node Type": "Hash",
                      "Parent Relationship": "Inner",
                      "Parallel Aware": true,
                      "Startup Cost": 80939.43,
                      "Total Cost": 80939.43,
                      "Plan Rows": 209018,
                      "Plan Width": 8,
                      "Actual Startup Time": 341.442,
                      "Actual Total Time": 341.445,
                      "Actual Rows": 75380,
                      "Actual Loops": 7,
                      "Hash Buckets": 1048576,
                      "Original Hash Buckets": 1048576,
                      "Hash Batches": 1,
                      "Original Hash Batches": 1,
                      "Peak Memory Usage": 28928,
                      "Plans": [
                        {
                          "Node Type": "Hash Join",
                          "Parent Relationship": "Outer",
                          "Parallel Aware": true,
                          "Join Type": "Inner",
                          "Startup Cost": 34786.08,
                          "Total Cost": 80939.43,
                          "Plan Rows": 209018,
                          "Plan Width": 8,
                          "Actual Startup Time": 118.65,
                          "Actual Total Time": 300.034,
                          "Actual Rows": 75380,
                          "Actual Loops": 7,
                          "Inner Unique": false,
                          "Hash Cond": "(t.id = mc.movie_id)",
                          "Plans": [
                            {
                              "Node Type": "Seq Scan",
                              "Parent Relationship": "Outer",
                              "Parallel Aware": true,
                              "Relation Name": "title",
                              "Alias": "t",
                              "Startup Cost": 0.0,
                              "Total Cost": 42318.73,
                              "Plan Rows": 632073,
                              "Plan Width": 4,
                              "Actual Startup Time": 0.019,
                              "Actual Total Time": 69.238,
                              "Actual Rows": 361187,
                              "Actual Loops": 7
                            },
                            {
                              "Node Type": "Hash",
                              "Parent Relationship": "Inner",
                              "Parallel Aware": true,
                              "Startup Cost": 31414.82,
                              "Total Cost": 31414.82,
                              "Plan Rows": 269701,
                              "Plan Width": 4,
                              "Actual Startup Time": 116.867,
                              "Actual Total Time": 116.868,
                              "Actual Rows": 75380,
                              "Actual Loops": 7,
                              "Hash Buckets": 1048576,
                              "Original Hash Buckets": 1048576,
                              "Hash Batches": 1,
                              "Original Hash Batches": 1,
                              "Peak Memory Usage": 28928,
                              "Plans": [
                                {
                                  "Node Type": "Seq Scan",
                                  "Parent Relationship": "Outer",
                                  "Parallel Aware": true,
                                  "Relation Name": "movie_companies",
                                  "Alias": "mc",
                                  "Startup Cost": 0.0,
                                  "Total Cost": 31414.82,
                                  "Plan Rows": 269701,
                                  "Plan Width": 4,
                                  "Actual Startup Time": 43.244,
                                  "Actual Total Time": 73.59,
                                  "Actual Rows": 75380,
                                  "Actual Loops": 7,
                                  "Filter": "((company_id < 17567) AND (company_type_id > 1))",
                                  "Rows Removed by Filter": 297353
                                }
                              ]
                            }
                          ]
                        }
                      ]
                    }
                  ]
                }
              ]
            }
          ]
        }
      ]
    },
    "Planning Time": 1.433,
    "Triggers": [],
    "Execution Time": 2549.536
  }
]