{
    "Plan": {
        "Node Type": "Aggregate",
        "Strategy": "Plain",
        "Partial Mode": "Simple",
        "Parallel Aware": false,
        "Startup Cost": 10001005269.86,
        "Total Cost": 10001005269.87,
        "Plan Rows": 1,
        "Plan Width": 8,
        "Actual Startup Time": 10899.837,
        "Actual Total Time": 10899.844,
        "Actual Rows": 1,
        "Actual Loops": 1,
        "Output": [
            "count(*)"
        ],
        "Plans": [
            {
                "Node Type": "Hash Join",
                "Parent Relationship": "Outer",
                "Parallel Aware": false,
                "Join Type": "Inner",
                "Startup Cost": 10000431027.95,
                "Total Cost": 10000965581.04,
                "Plan Rows": 15875527,
                "Plan Width": 0,
                "Actual Startup Time": 2828.077,
                "Actual Total Time": 10245.334,
                "Actual Rows": 15786432,
                "Actual Loops": 1,
                "Inner Unique": true,
                "Hash Cond": "(ci.movie_id = t.id)",
                "Plans": [
                    {
                        "Node Type": "Bitmap Heap Scan",
                        "Parent Relationship": "Outer",
                        "Parallel Aware": false,
                        "Relation Name": "cast_info",
                        "Schema": "public",
                        "Alias": "ci",
                        "Startup Cost": 289081.83,
                        "Total Cost": 781961.59,
                        "Plan Rows": 15875527,
                        "Plan Width": 4,
                        "Actual Startup Time": 632.726,
                        "Actual Total Time": 2647.556,
                        "Actual Rows": 15786432,
                        "Actual Loops": 1,
                        "Output": [
                            "ci.id",
                            "ci.person_id",
                            "ci.movie_id",
                            "ci.person_role_id",
                            "ci.note",
                            "ci.nr_order",
                            "ci.role_id"
                        ],
                        "Recheck Cond": "(ci.role_id > 2)",
                        "Rows Removed by Index Recheck": 0,
                        "Filter": "(ci.person_id < 4000753)",
                        "Rows Removed by Filter": 335251,
                        "Exact Heap Blocks": 119419,
                        "Lossy Heap Blocks": 0,
                        "Plans": [
                            {
                                "Node Type": "Bitmap Index Scan",
                                "Parent Relationship": "Outer",
                                "Parallel Aware": false,
                                "Index Name": "role_id_cast_info",
                                "Startup Cost": 0.0,
                                "Total Cost": 285112.95,
                                "Plan Rows": 16012851,
                                "Plan Width": 0,
                                "Actual Startup Time": 612.056,
                                "Actual Total Time": 612.057,
                                "Actual Rows": 16121683,
                                "Actual Loops": 1,
                                "Index Cond": "(ci.role_id > 2)"
                            }
                        ]
                    },
                    {
                        "Node Type": "Hash",
                        "Parent Relationship": "Inner",
                        "Parallel Aware": false,
                        "Startup Cost": 10000110342.1,
                        "Total Cost": 10000110342.1,
                        "Plan Rows": 2528322,
                        "Plan Width": 4,
                        "Actual Startup Time": 2179.697,
                        "Actual Total Time": 2179.698,
                        "Actual Rows": 2528312,
                        "Actual Loops": 1,
                        "Output": [
                            "t.id"
                        ],
                        "Hash Buckets": 4194304,
                        "Original Hash Buckets": 4194304,
                        "Hash Batches": 1,
                        "Original Hash Batches": 1,
                        "Peak Memory Usage": 121654,
                        "Plans": [
                            {
                                "Node Type": "Index Scan",
                                "Parent Relationship": "Outer",
                                "Parallel Aware": false,
                                "Scan Direction": "Forward",
                                "Index Name": "title_pkey",
                                "Relation Name": "title",
                                "Schema": "public",
                                "Alias": "t",
                                "Startup Cost": 10000000000.43,
                                "Total Cost": 10000110342.1,
                                "Plan Rows": 2528322,
                                "Plan Width": 4,
                                "Actual Startup Time": 0.032,
                                "Actual Total Time": 1511.604,
                                "Actual Rows": 2528312,
                                "Actual Loops": 1,
                                "Output": [
                                    "t.id"
                                ]
                            }
                        ]
                    }
                ]
            }
        ]
    },
    "Planning Time": 0.949,
    "Triggers": [],
    "Execution Time": 10903.46
}