[
  {
    "Plan": {
      "Node Type": "Aggregate",
      "Strategy": "Plain",
      "Partial Mode": "Finalize",
      "Parallel Aware": false,
      "Startup Cost": 381777.84,
      "Total Cost": 381777.85,
      "Plan Rows": 1,
      "Plan Width": 8,
      "Actual Startup Time": 1066.446,
      "Actual Total Time": 1131.139,
      "Actual Rows": 1,
      "Actual Loops": 1,
      "Plans": [
        {
          "Node Type": "Gather",
          "Parent Relationship": "Outer",
          "Parallel Aware": false,
          "Startup Cost": 381777.22,
          "Total Cost": 381777.83,
          "Plan Rows": 6,
          "Plan Width": 8,
          "Actual Startup Time": 1064.966,
          "Actual Total Time": 1131.126,
          "Actual Rows": 7,
          "Actual Loops": 1,
          "Workers Planned": 6,
          "Workers Launched": 6,
          "Single Copy": false,
          "Plans": [
            {
              "Node Type": "Aggregate",
              "Strategy": "Plain",
              "Partial Mode": "Partial",
              "Parent Relationship": "Outer",
              "Parallel Aware": false,
              "Startup Cost": 380777.22,
              "Total Cost": 380777.23,
              "Plan Rows": 1,
              "Plan Width": 8,
              "Actual Startup Time": 1054.811,
              "Actual Total Time": 1054.814,
              "Actual Rows": 1,
              "Actual Loops": 7,
              "Plans": [
                {
                  "Node Type": "Hash Join",
                  "Parent Relationship": "Outer",
                  "Parallel Aware": true,
                  "Join Type": "Inner",
                  "Startup Cost": 44350.59,
                  "Total Cost": 380350.49,
                  "Plan Rows": 170691,
                  "Plan Width": 0,
                  "Actual Startup Time": 279.432,
                  "Actual Total Time": 1045.419,
                  "Actual Rows": 177738,
                  "Actual Loops": 7,
                  "Inner Unique": true,
                  "Hash Cond": "(ci.movie_id = t.id)",
                  "Plans": [
                    {
                      "Node Type": "Seq Scan",
                      "Parent Relationship": "Outer",
                      "Parallel Aware": true,
                      "Relation Name": "cast_info",
                      "Alias": "ci",
                      "Startup Cost": 0.0,
                      "Total Cost": 328162.03,
                      "Plan Rows": 2985852,
                      "Plan Width": 4,
                      "Actual Startup Time": 191.17,
                      "Actual Total Time": 598.269,
                      "Actual Rows": 2561090,
                      "Actual Loops": 7,
                      "Filter": "(person_id > 1821213)",
                      "Rows Removed by Filter": 2616673
                    },
                    {
                      "Node Type": "Hash",
                      "Parent Relationship": "Inner",
                      "Parallel Aware": true,
                      "Startup Cost": 43898.92,
                      "Total Cost": 43898.92,
                      "Plan Rows": 36134,
                      "Plan Width": 4,
                      "Actual Startup Time": 86.174,
                      "Actual Total Time": 86.175,
                      "Actual Rows": 20243,
                      "Actual Loops": 7,
                      "Hash Buckets": 262144,
                      "Original Hash Buckets": 262144,
                      "Hash Batches": 1,
                      "Original Hash Batches": 1,
                      "Peak Memory Usage": 7712,
                      "Plans": [
                        {
                          "Node Type": "Seq Scan",
                          "Parent Relationship": "Outer",
                          "Parallel Aware": true,
                          "Relation Name": "title",
                          "Alias": "t",
                          "Startup Cost": 0.0,
                          "Total Cost": 43898.92,
                          "Plan Rows": 36134,
                          "Plan Width": 4,
                          "Actual Startup Time": 0.045,
                          "Actual Total Time": 75.927,
                          "Actual Rows": 20243,
                          "Actual Loops": 7,
                          "Filter": "(production_year = 2010)",
                          "Rows Removed by Filter": 340944
                        }
                      ]
                    }
                  ]
                }
              ]
            }
          ]
        }
      ]
    },
    "Planning Time": 0.481,
    "Triggers": [],
    "Execution Time": 1131.214
  }
]