[
    {
        "Bao": {
            "Bao prediction": 846.843,
            "Bao recommended hint": "SET enable_nestloop TO off; "
        }
    },
    {
        "Plan": {
            "Node Type": "Aggregate",
            "Strategy": "Plain",
            "Partial Mode": "Finalize",
            "Parallel Aware": false,
            "Startup Cost": 85602.87,
            "Total Cost": 85602.88,
            "Plan Rows": 1,
            "Plan Width": 8,
            "Actual Startup Time": 548.695,
            "Actual Total Time": 554.618,
            "Actual Rows": 1,
            "Actual Loops": 1,
            "Output": [
                "count(*)"
            ],
            "Plans": [
                {
                    "Node Type": "Gather",
                    "Parent Relationship": "Outer",
                    "Parallel Aware": false,
                    "Startup Cost": 85602.45,
                    "Total Cost": 85602.86,
                    "Plan Rows": 4,
                    "Plan Width": 8,
                    "Actual Startup Time": 496.147,
                    "Actual Total Time": 554.602,
                    "Actual Rows": 5,
                    "Actual Loops": 1,
                    "Output": [
                        "(PARTIAL count(*))"
                    ],
                    "Workers Planned": 4,
                    "Workers Launched": 4,
                    "Single Copy": false,
                    "Plans": [
                        {
                            "Node Type": "Aggregate",
                            "Strategy": "Plain",
                            "Partial Mode": "Partial",
                            "Parent Relationship": "Outer",
                            "Parallel Aware": false,
                            "Startup Cost": 84602.45,
                            "Total Cost": 84602.46,
                            "Plan Rows": 1,
                            "Plan Width": 8,
                            "Actual Startup Time": 500.284,
                            "Actual Total Time": 500.289,
                            "Actual Rows": 1,
                            "Actual Loops": 5,
                            "Output": [
                                "PARTIAL count(*)"
                            ],
                            "Workers": [
                                {
                                    "Worker Number": 0,
                                    "Actual Startup Time": 514.729,
                                    "Actual Total Time": 514.733,
                                    "Actual Rows": 1,
                                    "Actual Loops": 1
                                },
                                {
                                    "Worker Number": 1,
                                    "Actual Startup Time": 522.507,
                                    "Actual Total Time": 522.511,
                                    "Actual Rows": 1,
                                    "Actual Loops": 1
                                },
                                {
                                    "Worker Number": 2,
                                    "Actual Startup Time": 484.224,
                                    "Actual Total Time": 484.228,
                                    "Actual Rows": 1,
                                    "Actual Loops": 1
                                },
                                {
                                    "Worker Number": 3,
                                    "Actual Startup Time": 484.636,
                                    "Actual Total Time": 484.64,
                                    "Actual Rows": 1,
                                    "Actual Loops": 1
                                }
                            ],
                            "Plans": [
                                {
                                    "Node Type": "Hash Join",
                                    "Parent Relationship": "Outer",
                                    "Parallel Aware": false,
                                    "Join Type": "Inner",
                                    "Startup Cost": 39911.54,
                                    "Total Cost": 84602.37,
                                    "Plan Rows": 33,
                                    "Plan Width": 0,
                                    "Actual Startup Time": 425.25,
                                    "Actual Total Time": 500.262,
                                    "Actual Rows": 237,
                                    "Actual Loops": 5,
                                    "Inner Unique": false,
                                    "Hash Cond": "(t.id = mi_idx.movie_id)",
                                    "Workers": [
                                        {
                                            "Worker Number": 0,
                                            "Actual Startup Time": 514.724,
                                            "Actual Total Time": 514.727,
                                            "Actual Rows": 0,
                                            "Actual Loops": 1
                                        },
                                        {
                                            "Worker Number": 1,
                                            "Actual Startup Time": 522.502,
                                            "Actual Total Time": 522.505,
                                            "Actual Rows": 0,
                                            "Actual Loops": 1
                                        },
                                        {
                                            "Worker Number": 2,
                                            "Actual Startup Time": 368.973,
                                            "Actual Total Time": 484.184,
                                            "Actual Rows": 401,
                                            "Actual Loops": 1
                                        },
                                        {
                                            "Worker Number": 3,
                                            "Actual Startup Time": 362.156,
                                            "Actual Total Time": 484.603,
                                            "Actual Rows": 318,
                                            "Actual Loops": 1
                                        }
                                    ],
                                    "Plans": [
                                        {
                                            "Node Type": "Seq Scan",
                                            "Parent Relationship": "Outer",
                                            "Parallel Aware": true,
                                            "Relation Name": "title",
                                            "Schema": "public",
                                            "Alias": "t",
                                            "Startup Cost": 0.0,
                                            "Total Cost": 42318.81,
                                            "Plan Rows": 632080,
                                            "Plan Width": 4,
                                            "Actual Startup Time": 0.026,
                                            "Actual Total Time": 46.492,
                                            "Actual Rows": 505662,
                                            "Actual Loops": 5,
                                            "Output": [
                                                "t.id",
                                                "t.title",
                                                "t.imdb_index",
                                                "t.kind_id",
                                                "t.production_year",
                                                "t.imdb_id",
                                                "t.phonetic_code",
                                                "t.episode_of_id",
                                                "t.season_nr",
                                                "t.episode_nr",
                                                "t.series_years",
                                                "t.md5sum"
                                            ],
                                            "Workers": [
                                                {
                                                    "Worker Number": 0,
                                                    "Actual Startup Time": 0.031,
                                                    "Actual Total Time": 0.038,
                                                    "Actual Rows": 68,
                                                    "Actual Loops": 1
                                                },
                                                {
                                                    "Worker Number": 1,
                                                    "Actual Startup Time": 0.031,
                                                    "Actual Total Time": 0.039,
                                                    "Actual Rows": 68,
                                                    "Actual Loops": 1
                                                },
                                                {
                                                    "Worker Number": 2,
                                                    "Actual Startup Time": 0.031,
                                                    "Actual Total Time": 74.661,
                                                    "Actual Rows": 701001,
                                                    "Actual Loops": 1
                                                },
                                                {
                                                    "Worker Number": 3,
                                                    "Actual Startup Time": 0.021,
                                                    "Actual Total Time": 80.133,
                                                    "Actual Rows": 785269,
                                                    "Actual Loops": 1
                                                }
                                            ]
                                        },
                                        {
                                            "Node Type": "Hash",
                                            "Parent Relationship": "Inner",
                                            "Parallel Aware": false,
                                            "Startup Cost": 39902.92,
                                            "Total Cost": 39902.92,
                                            "Plan Rows": 690,
                                            "Plan Width": 8,
                                            "Actual Startup Time": 422.105,
                                            "Actual Total Time": 422.109,
                                            "Actual Rows": 1185,
                                            "Actual Loops": 5,
                                            "Output": [
                                                "mi_idx.movie_id",
                                                "mk.movie_id"
                                            ],
                                            "Hash Buckets": 2048,
                                            "Original Hash Buckets": 1024,
                                            "Hash Batches": 1,
                                            "Original Hash Batches": 1,
                                            "Peak Memory Usage": 63,
                                            "Workers": [
                                                {
                                                    "Worker Number": 0,
                                                    "Actual Startup Time": 514.327,
                                                    "Actual Total Time": 514.33,
                                                    "Actual Rows": 1185,
                                                    "Actual Loops": 1
                                                },
                                                {
                                                    "Worker Number": 1,
                                                    "Actual Startup Time": 522.086,
                                                    "Actual Total Time": 522.088,
                                                    "Actual Rows": 1185,
                                                    "Actual Loops": 1
                                                },
                                                {
                                                    "Worker Number": 2,
                                                    "Actual Startup Time": 362.915,
                                                    "Actual Total Time": 362.918,
                                                    "Actual Rows": 1185,
                                                    "Actual Loops": 1
                                                },
                                                {
                                                    "Worker Number": 3,
                                                    "Actual Startup Time": 354.645,
                                                    "Actual Total Time": 354.648,
                                                    "Actual Rows": 1185,
                                                    "Actual Loops": 1
                                                }
                                            ],
                                            "Plans": [
                                                {
                                                    "Node Type": "Hash Join",
                                                    "Parent Relationship": "Outer",
                                                    "Parallel Aware": false,
                                                    "Join Type": "Inner",
                                                    "Startup Cost": 38992.11,
                                                    "Total Cost": 39902.92,
                                                    "Plan Rows": 690,
                                                    "Plan Width": 8,
                                                    "Actual Startup Time": 419.317,
                                                    "Actual Total Time": 421.834,
                                                    "Actual Rows": 1185,
                                                    "Actual Loops": 5,
                                                    "Output": [
                                                        "mi_idx.movie_id",
                                                        "mk.movie_id"
                                                    ],
                                                    "Inner Unique": false,
                                                    "Hash Cond": "(mk.movie_id = mi_idx.movie_id)",
                                                    "Workers": [
                                                        {
                                                            "Worker Number": 0,
                                                            "Actual Startup Time": 510.669,
                                                            "Actual Total Time": 513.971,
                                                            "Actual Rows": 1185,
                                                            "Actual Loops": 1
                                                        },
                                                        {
                                                            "Worker Number": 1,
                                                            "Actual Startup Time": 518.409,
                                                            "Actual Total Time": 521.733,
                                                            "Actual Rows": 1185,
                                                            "Actual Loops": 1
                                                        },
                                                        {
                                                            "Worker Number": 2,
                                                            "Actual Startup Time": 360.197,
                                                            "Actual Total Time": 362.668,
                                                            "Actual Rows": 1185,
                                                            "Actual Loops": 1
                                                        },
                                                        {
                                                            "Worker Number": 3,
                                                            "Actual Startup Time": 351.86,
                                                            "Actual Total Time": 354.411,
                                                            "Actual Rows": 1185,
                                                            "Actual Loops": 1
                                                        }
                                                    ],
                                                    "Plans": [
                                                        {
                                                            "Node Type": "Bitmap Heap Scan",
                                                            "Parent Relationship": "Outer",
                                                            "Parallel Aware": false,
                                                            "Relation Name": "movie_keyword",
                                                            "Schema": "public",
                                                            "Alias": "mk",
                                                            "Startup Cost": 6.32,
                                                            "Total Cost": 908.7,
                                                            "Plan Rows": 244,
                                                            "Plan Width": 4,
                                                            "Actual Startup Time": 0.52,
                                                            "Actual Total Time": 2.573,
                                                            "Actual Rows": 445,
                                                            "Actual Loops": 5,
                                                            "Output": [
                                                                "mk.id",
                                                                "mk.movie_id",
                                                                "mk.keyword_id"
                                                            ],
                                                            "Recheck Cond": "(mk.keyword_id = 13435)",
                                                            "Rows Removed by Index Recheck": 0,
                                                            "Exact Heap Blocks": 420,
                                                            "Lossy Heap Blocks": 0,
                                                            "Workers": [
                                                                {
                                                                    "Worker Number": 0,
                                                                    "Actual Startup Time": 0.541,
                                                                    "Actual Total Time": 3.253,
                                                                    "Actual Rows": 445,
                                                                    "Actual Loops": 1
                                                                },
                                                                {
                                                                    "Worker Number": 1,
                                                                    "Actual Startup Time": 0.604,
                                                                    "Actual Total Time": 3.38,
                                                                    "Actual Rows": 445,
                                                                    "Actual Loops": 1
                                                                },
                                                                {
                                                                    "Worker Number": 2,
                                                                    "Actual Startup Time": 0.589,
                                                                    "Actual Total Time": 2.667,
                                                                    "Actual Rows": 445,
                                                                    "Actual Loops": 1
                                                                },
                                                                {
                                                                    "Worker Number": 3,
                                                                    "Actual Startup Time": 0.57,
                                                                    "Actual Total Time": 2.666,
                                                                    "Actual Rows": 445,
                                                                    "Actual Loops": 1
                                                                }
                                                            ],
                                                            "Plans": [
                                                                {
                                                                    "Node Type": "Bitmap Index Scan",
                                                                    "Parent Relationship": "Outer",
                                                                    "Parallel Aware": false,
                                                                    "Index Name": "keyword_id_movie_keyword",
                                                                    "Startup Cost": 0.0,
                                                                    "Total Cost": 6.26,
                                                                    "Plan Rows": 244,
                                                                    "Plan Width": 0,
                                                                    "Actual Startup Time": 0.351,
                                                                    "Actual Total Time": 0.351,
                                                                    "Actual Rows": 445,
                                                                    "Actual Loops": 5,
                                                                    "Index Cond": "(mk.keyword_id = 13435)",
                                                                    "Workers": [
                                                                        {
                                                                            "Worker Number": 0,
                                                                            "Actual Startup Time": 0.366,
                                                                            "Actual Total Time": 0.366,
                                                                            "Actual Rows": 445,
                                                                            "Actual Loops": 1
                                                                        },
                                                                        {
                                                                            "Worker Number": 1,
                                                                            "Actual Startup Time": 0.427,
                                                                            "Actual Total Time": 0.427,
                                                                            "Actual Rows": 445,
                                                                            "Actual Loops": 1
                                                                        },
                                                                        {
                                                                            "Worker Number": 2,
                                                                            "Actual Startup Time": 0.412,
                                                                            "Actual Total Time": 0.413,
                                                                            "Actual Rows": 445,
                                                                            "Actual Loops": 1
                                                                        },
                                                                        {
                                                                            "Worker Number": 3,
                                                                            "Actual Startup Time": 0.392,
                                                                            "Actual Total Time": 0.392,
                                                                            "Actual Rows": 445,
                                                                            "Actual Loops": 1
                                                                        }
                                                                    ]
                                                                }
                                                            ]
                                                        },
                                                        {
                                                            "Node Type": "Hash",
                                                            "Parent Relationship": "Inner",
                                                            "Parallel Aware": false,
                                                            "Startup Cost": 21735.35,
                                                            "Total Cost": 21735.35,
                                                            "Plan Rows": 1380035,
                                                            "Plan Width": 4,
                                                            "Actual Startup Time": 400.185,
                                                            "Actual Total Time": 400.186,
                                                            "Actual Rows": 1380035,
                                                            "Actual Loops": 5,
                                                            "Output": [
                                                                "mi_idx.movie_id"
                                                            ],
                                                            "Hash Buckets": 2097152,
                                                            "Original Hash Buckets": 2097152,
                                                            "Hash Batches": 1,
                                                            "Original Hash Batches": 1,
                                                            "Peak Memory Usage": 64901,
                                                            "Workers": [
                                                                {
                                                                    "Worker Number": 0,
                                                                    "Actual Startup Time": 493.175,
                                                                    "Actual Total Time": 493.176,
                                                                    "Actual Rows": 1380035,
                                                                    "Actual Loops": 1
                                                                },
                                                                {
                                                                    "Worker Number": 1,
                                                                    "Actual Startup Time": 499.385,
                                                                    "Actual Total Time": 499.386,
                                                                    "Actual Rows": 1380035,
                                                                    "Actual Loops": 1
                                                                },
                                                                {
                                                                    "Worker Number": 2,
                                                                    "Actual Startup Time": 341.165,
                                                                    "Actual Total Time": 341.166,
                                                                    "Actual Rows": 1380035,
                                                                    "Actual Loops": 1
                                                                },
                                                                {
                                                                    "Worker Number": 3,
                                                                    "Actual Startup Time": 333.782,
                                                                    "Actual Total Time": 333.784,
                                                                    "Actual Rows": 1380035,
                                                                    "Actual Loops": 1
                                                                }
                                                            ],
                                                            "Plans": [
                                                                {
                                                                    "Node Type": "Seq Scan",
                                                                    "Parent Relationship": "Outer",
                                                                    "Parallel Aware": false,
                                                                    "Relation Name": "movie_info_idx",
                                                                    "Schema": "public",
                                                                    "Alias": "mi_idx",
                                                                    "Startup Cost": 0.0,
                                                                    "Total Cost": 21735.35,
                                                                    "Plan Rows": 1380035,
                                                                    "Plan Width": 4,
                                                                    "Actual Startup Time": 0.048,
                                                                    "Actual Total Time": 153.62,
                                                                    "Actual Rows": 1380035,
                                                                    "Actual Loops": 5,
                                                                    "Output": [
                                                                        "mi_idx.movie_id"
                                                                    ],
                                                                    "Workers": [
                                                                        {
                                                                            "Worker Number": 0,
                                                                            "Actual Startup Time": 0.059,
                                                                            "Actual Total Time": 192.649,
                                                                            "Actual Rows": 1380035,
                                                                            "Actual Loops": 1
                                                                        },
                                                                        {
                                                                            "Worker Number": 1,
                                                                            "Actual Startup Time": 0.057,
                                                                            "Actual Total Time": 199.536,
                                                                            "Actual Rows": 1380035,
                                                                            "Actual Loops": 1
                                                                        },
                                                                        {
                                                                            "Worker Number": 2,
                                                                            "Actual Startup Time": 0.049,
                                                                            "Actual Total Time": 133.34,
                                                                            "Actual Rows": 1380035,
                                                                            "Actual Loops": 1
                                                                        },
                                                                        {
                                                                            "Worker Number": 3,
                                                                            "Actual Startup Time": 0.055,
                                                                            "Actual Total Time": 121.773,
                                                                            "Actual Rows": 1380035,
                                                                            "Actual Loops": 1
                                                                        }
                                                                    ]
                                                                }
                                                            ]
                                                        }
                                                    ]
                                                }
                                            ]
                                        }
                                    ]
                                }
                            ]
                        }
                    ]
                }
            ]
        },
        "Planning Time": 1221.506,
        "Triggers": [],
        "Execution Time": 557.616
    }
]