[
    {
        "Bao": {
            "Bao prediction": "NaN",
            "Bao recommended hint": "(no hint)"
        }
    },
    {
        "Plan": {
            "Node Type": "Aggregate",
            "Strategy": "Plain",
            "Partial Mode": "Finalize",
            "Parallel Aware": false,
            "Startup Cost": 64891.79,
            "Total Cost": 64891.8,
            "Plan Rows": 1,
            "Plan Width": 8,
            "Actual Startup Time": 83.198,
            "Actual Total Time": 90.145,
            "Actual Rows": 1,
            "Actual Loops": 1,
            "Output": [
                "count(*)"
            ],
            "Plans": [
                {
                    "Node Type": "Gather",
                    "Parent Relationship": "Outer",
                    "Parallel Aware": false,
                    "Startup Cost": 64891.48,
                    "Total Cost": 64891.79,
                    "Plan Rows": 3,
                    "Plan Width": 8,
                    "Actual Startup Time": 83.1,
                    "Actual Total Time": 90.14,
                    "Actual Rows": 4,
                    "Actual Loops": 1,
                    "Output": [
                        "(PARTIAL count(*))"
                    ],
                    "Workers Planned": 3,
                    "Workers Launched": 3,
                    "Single Copy": false,
                    "Plans": [
                        {
                            "Node Type": "Aggregate",
                            "Strategy": "Plain",
                            "Partial Mode": "Partial",
                            "Parent Relationship": "Outer",
                            "Parallel Aware": false,
                            "Startup Cost": 63891.48,
                            "Total Cost": 63891.49,
                            "Plan Rows": 1,
                            "Plan Width": 8,
                            "Actual Startup Time": 74.256,
                            "Actual Total Time": 74.257,
                            "Actual Rows": 1,
                            "Actual Loops": 4,
                            "Output": [
                                "PARTIAL count(*)"
                            ],
                            "Workers": [
                                {
                                    "Worker Number": 0,
                                    "Actual Startup Time": 70.953,
                                    "Actual Total Time": 70.954,
                                    "Actual Rows": 1,
                                    "Actual Loops": 1
                                },
                                {
                                    "Worker Number": 1,
                                    "Actual Startup Time": 71.481,
                                    "Actual Total Time": 71.482,
                                    "Actual Rows": 1,
                                    "Actual Loops": 1
                                },
                                {
                                    "Worker Number": 2,
                                    "Actual Startup Time": 71.858,
                                    "Actual Total Time": 71.859,
                                    "Actual Rows": 1,
                                    "Actual Loops": 1
                                }
                            ],
                            "Plans": [
                                {
                                    "Node Type": "Nested Loop",
                                    "Parent Relationship": "Outer",
                                    "Parallel Aware": false,
                                    "Join Type": "Inner",
                                    "Startup Cost": 1330.88,
                                    "Total Cost": 63867.1,
                                    "Plan Rows": 9750,
                                    "Plan Width": 0,
                                    "Actual Startup Time": 1.9,
                                    "Actual Total Time": 72.972,
                                    "Actual Rows": 13874,
                                    "Actual Loops": 4,
                                    "Inner Unique": true,
                                    "Workers": [
                                        {
                                            "Worker Number": 0,
                                            "Actual Startup Time": 0.379,
                                            "Actual Total Time": 69.709,
                                            "Actual Rows": 10183,
                                            "Actual Loops": 1
                                        },
                                        {
                                            "Worker Number": 1,
                                            "Actual Startup Time": 0.331,
                                            "Actual Total Time": 70.163,
                                            "Actual Rows": 10958,
                                            "Actual Loops": 1
                                        },
                                        {
                                            "Worker Number": 2,
                                            "Actual Startup Time": 0.383,
                                            "Actual Total Time": 70.557,
                                            "Actual Rows": 10925,
                                            "Actual Loops": 1
                                        }
                                    ],
                                    "Plans": [
                                        {
                                            "Node Type": "Bitmap Heap Scan",
                                            "Parent Relationship": "Outer",
                                            "Parallel Aware": true,
                                            "Relation Name": "movie_companies",
                                            "Schema": "public",
                                            "Alias": "mc",
                                            "Startup Cost": 1330.45,
                                            "Total Cost": 20418.82,
                                            "Plan Rows": 9750,
                                            "Plan Width": 4,
                                            "Actual Startup Time": 1.723,
                                            "Actual Total Time": 9.522,
                                            "Actual Rows": 13874,
                                            "Actual Loops": 4,
                                            "Output": [
                                                "mc.id",
                                                "mc.movie_id",
                                                "mc.company_id",
                                                "mc.company_type_id",
                                                "mc.note"
                                            ],
                                            "Recheck Cond": "(mc.company_id = 6)",
                                            "Rows Removed by Index Recheck": 0,
                                            "Filter": "(mc.company_type_id < 2)",
                                            "Rows Removed by Filter": 1644,
                                            "Exact Heap Blocks": 2393,
                                            "Lossy Heap Blocks": 0,
                                            "Workers": [
                                                {
                                                    "Worker Number": 0,
                                                    "Actual Startup Time": 0.155,
                                                    "Actual Total Time": 7.589,
                                                    "Actual Rows": 10183,
                                                    "Actual Loops": 1
                                                },
                                                {
                                                    "Worker Number": 1,
                                                    "Actual Startup Time": 0.121,
                                                    "Actual Total Time": 7.457,
                                                    "Actual Rows": 10958,
                                                    "Actual Loops": 1
                                                },
                                                {
                                                    "Worker Number": 2,
                                                    "Actual Startup Time": 0.126,
                                                    "Actual Total Time": 7.66,
                                                    "Actual Rows": 10925,
                                                    "Actual Loops": 1
                                                }
                                            ],
                                            "Plans": [
                                                {
                                                    "Node Type": "Bitmap Index Scan",
                                                    "Parent Relationship": "Outer",
                                                    "Parallel Aware": false,
                                                    "Index Name": "company_id_movie_companies",
                                                    "Startup Cost": 0.0,
                                                    "Total Cost": 1322.89,
                                                    "Plan Rows": 61662,
                                                    "Plan Width": 0,
                                                    "Actual Startup Time": 5.367,
                                                    "Actual Total Time": 5.367,
                                                    "Actual Rows": 62075,
                                                    "Actual Loops": 1,
                                                    "Index Cond": "(mc.company_id = 6)"
                                                }
                                            ]
                                        },
                                        {
                                            "Node Type": "Index Only Scan",
                                            "Parent Relationship": "Inner",
                                            "Parallel Aware": false,
                                            "Scan Direction": "Forward",
                                            "Index Name": "title_pkey",
                                            "Relation Name": "title",
                                            "Schema": "public",
                                            "Alias": "t",
                                            "Startup Cost": 0.43,
                                            "Total Cost": 4.46,
                                            "Plan Rows": 1,
                                            "Plan Width": 4,
                                            "Actual Startup Time": 0.004,
                                            "Actual Total Time": 0.004,
                                            "Actual Rows": 1,
                                            "Actual Loops": 55497,
                                            "Output": [
                                                "t.id"
                                            ],
                                            "Index Cond": "(t.id = mc.movie_id)",
                                            "Rows Removed by Index Recheck": 0,
                                            "Heap Fetches": 55497,
                                            "Workers": [
                                                {
                                                    "Worker Number": 0,
                                                    "Actual Startup Time": 0.006,
                                                    "Actual Total Time": 0.006,
                                                    "Actual Rows": 1,
                                                    "Actual Loops": 10183
                                                },
                                                {
                                                    "Worker Number": 1,
                                                    "Actual Startup Time": 0.005,
                                                    "Actual Total Time": 0.005,
                                                    "Actual Rows": 1,
                                                    "Actual Loops": 10958
                                                },
                                                {
                                                    "Worker Number": 2,
                                                    "Actual Startup Time": 0.005,
                                                    "Actual Total Time": 0.005,
                                                    "Actual Rows": 1,
                                                    "Actual Loops": 10925
                                                }
                                            ]
                                        }
                                    ]
                                }
                            ]
                        }
                    ]
                }
            ]
        },
        "Planning Time": 198.131,
        "Triggers": [],
        "Execution Time": 90.229
    }
]