{
    "Plan": {
        "Node Type": "Aggregate",
        "Strategy": "Plain",
        "Partial Mode": "Simple",
        "Parallel Aware": false,
        "Startup Cost": 10000860839.15,
        "Total Cost": 10000860839.16,
        "Plan Rows": 1,
        "Plan Width": 8,
        "Actual Startup Time": 3739.218,
        "Actual Total Time": 3739.223,
        "Actual Rows": 1,
        "Actual Loops": 1,
        "Output": [
            "count(*)"
        ],
        "Plans": [
            {
                "Node Type": "Hash Join",
                "Parent Relationship": "Outer",
                "Parallel Aware": false,
                "Join Type": "Inner",
                "Startup Cost": 10000439392.89,
                "Total Cost": 10000860710.96,
                "Plan Rows": 51275,
                "Plan Width": 0,
                "Actual Startup Time": 3295.857,
                "Actual Total Time": 3738.498,
                "Actual Rows": 14463,
                "Actual Loops": 1,
                "Inner Unique": false,
                "Hash Cond": "(t.id = mi.movie_id)",
                "Plans": [
                    {
                        "Node Type": "Nested Loop",
                        "Parent Relationship": "Outer",
                        "Parallel Aware": false,
                        "Join Type": "Inner",
                        "Startup Cost": 10000027547.04,
                        "Total Cost": 10000296944.9,
                        "Plan Rows": 22381,
                        "Plan Width": 8,
                        "Actual Startup Time": 59.114,
                        "Actual Total Time": 496.519,
                        "Actual Rows": 8352,
                        "Actual Loops": 1,
                        "Output": [
                            "t.id",
                            "mi_idx.movie_id"
                        ],
                        "Inner Unique": false,
                        "Plans": [
                            {
                                "Node Type": "Bitmap Heap Scan",
                                "Parent Relationship": "Outer",
                                "Parallel Aware": false,
                                "Relation Name": "title",
                                "Schema": "public",
                                "Alias": "t",
                                "Startup Cost": 27545.98,
                                "Total Cost": 86718.57,
                                "Plan Rows": 41004,
                                "Plan Width": 4,
                                "Actual Startup Time": 58.827,
                                "Actual Total Time": 323.271,
                                "Actual Rows": 40409,
                                "Actual Loops": 1,
                                "Output": [
                                    "t.id",
                                    "t.title",
                                    "t.imdb_index",
                                    "t.kind_id",
                                    "t.production_year",
                                    "t.imdb_id",
                                    "t.phonetic_code",
                                    "t.episode_of_id",
                                    "t.season_nr",
                                    "t.episode_nr",
                                    "t.series_years",
                                    "t.md5sum"
                                ],
                                "Recheck Cond": "(t.kind_id > 4)",
                                "Rows Removed by Index Recheck": 0,
                                "Filter": "(t.production_year > 2012)",
                                "Rows Removed by Filter": 1515455,
                                "Exact Heap Blocks": 32041,
                                "Lossy Heap Blocks": 0,
                                "Plans": [
                                    {
                                        "Node Type": "Bitmap Index Scan",
                                        "Parent Relationship": "Outer",
                                        "Parallel Aware": false,
                                        "Index Name": "kind_id_title",
                                        "Startup Cost": 0.0,
                                        "Total Cost": 27535.73,
                                        "Plan Rows": 1544973,
                                        "Plan Width": 0,
                                        "Actual Startup Time": 54.406,
                                        "Actual Total Time": 54.407,
                                        "Actual Rows": 1555864,
                                        "Actual Loops": 1,
                                        "Index Cond": "(t.kind_id > 4)"
                                    }
                                ]
                            },
                            {
                                "Node Type": "Bitmap Heap Scan",
                                "Parent Relationship": "Inner",
                                "Parallel Aware": false,
                                "Relation Name": "movie_info_idx",
                                "Schema": "public",
                                "Alias": "mi_idx",
                                "Startup Cost": 1.06,
                                "Total Cost": 5.1,
                                "Plan Rows": 3,
                                "Plan Width": 4,
                                "Actual Startup Time": 0.003,
                                "Actual Total Time": 0.003,
                                "Actual Rows": 0,
                                "Actual Loops": 40409,
                                "Output": [
                                    "mi_idx.id",
                                    "mi_idx.movie_id",
                                    "mi_idx.info_type_id",
                                    "mi_idx.info",
                                    "mi_idx.note"
                                ],
                                "Recheck Cond": "(mi_idx.movie_id = t.id)",
                                "Rows Removed by Index Recheck": 0,
                                "Exact Heap Blocks": 2787,
                                "Lossy Heap Blocks": 0,
                                "Plans": [
                                    {
                                        "Node Type": "Bitmap Index Scan",
                                        "Parent Relationship": "Outer",
                                        "Parallel Aware": false,
                                        "Index Name": "movie_id_movie_info_idx",
                                        "Startup Cost": 0.0,
                                        "Total Cost": 1.06,
                                        "Plan Rows": 3,
                                        "Plan Width": 0,
                                        "Actual Startup Time": 0.002,
                                        "Actual Total Time": 0.002,
                                        "Actual Rows": 0,
                                        "Actual Loops": 40409,
                                        "Index Cond": "(mi_idx.movie_id = t.id)"
                                    }
                                ]
                            }
                        ]
                    },
                    {
                        "Node Type": "Hash",
                        "Parent Relationship": "Inner",
                        "Parallel Aware": false,
                        "Startup Cost": 339441.11,
                        "Total Cost": 339441.11,
                        "Plan Rows": 5792379,
                        "Plan Width": 4,
                        "Actual Startup Time": 3182.299,
                        "Actual Total Time": 3182.3,
                        "Actual Rows": 5884963,
                        "Actual Loops": 1,
                        "Output": [
                            "mi.movie_id"
                        ],
                        "Hash Buckets": 8388608,
                        "Original Hash Buckets": 8388608,
                        "Hash Batches": 1,
                        "Original Hash Batches": 1,
                        "Peak Memory Usage": 272430,
                        "Plans": [
                            {
                                "Node Type": "Bitmap Heap Scan",
                                "Parent Relationship": "Outer",
                                "Parallel Aware": false,
                                "Relation Name": "movie_info",
                                "Schema": "public",
                                "Alias": "mi",
                                "Startup Cost": 105043.37,
                                "Total Cost": 339441.11,
                                "Plan Rows": 5792379,
                                "Plan Width": 4,
                                "Actual Startup Time": 292.591,
                                "Actual Total Time": 1322.528,
                                "Actual Rows": 5884963,
                                "Actual Loops": 1,
                                "Output": [
                                    "mi.movie_id"
                                ],
                                "Recheck Cond": "(mi.info_type_id < 7)",
                                "Rows Removed by Index Recheck": 0,
                                "Exact Heap Blocks": 39951,
                                "Lossy Heap Blocks": 0,
                                "Plans": [
                                    {
                                        "Node Type": "Bitmap Index Scan",
                                        "Parent Relationship": "Outer",
                                        "Parallel Aware": false,
                                        "Index Name": "info_type_id_movie_info",
                                        "Startup Cost": 0.0,
                                        "Total Cost": 103595.28,
                                        "Plan Rows": 5792379,
                                        "Plan Width": 0,
                                        "Actual Startup Time": 283.715,
                                        "Actual Total Time": 283.716,
                                        "Actual Rows": 5884963,
                                        "Actual Loops": 1,
                                        "Index Cond": "(mi.info_type_id < 7)"
                                    }
                                ]
                            }
                        ]
                    }
                ]
            }
        ]
    },
    "Planning Time": 3.926,
    "Triggers": [],
    "Execution Time": 3747.01
}