[
  {
    "Plan": {
      "Node Type": "Aggregate",
      "Strategy": "Plain",
      "Partial Mode": "Finalize",
      "Parallel Aware": false,
      "Startup Cost": 23145.34,
      "Total Cost": 23145.35,
      "Plan Rows": 1,
      "Plan Width": 8,
      "Actual Startup Time": 30.159,
      "Actual Total Time": 33.915,
      "Actual Rows": 1,
      "Actual Loops": 1,
      "Plans": [
        {
          "Node Type": "Gather",
          "Parent Relationship": "Outer",
          "Parallel Aware": false,
          "Startup Cost": 23145.02,
          "Total Cost": 23145.33,
          "Plan Rows": 3,
          "Plan Width": 8,
          "Actual Startup Time": 29.94,
          "Actual Total Time": 33.909,
          "Actual Rows": 4,
          "Actual Loops": 1,
          "Workers Planned": 3,
          "Workers Launched": 3,
          "Single Copy": false,
          "Plans": [
            {
              "Node Type": "Aggregate",
              "Strategy": "Plain",
              "Partial Mode": "Partial",
              "Parent Relationship": "Outer",
              "Parallel Aware": false,
              "Startup Cost": 22145.02,
              "Total Cost": 22145.03,
              "Plan Rows": 1,
              "Plan Width": 8,
              "Actual Startup Time": 24.268,
              "Actual Total Time": 24.272,
              "Actual Rows": 1,
              "Actual Loops": 4,
              "Plans": [
                {
                  "Node Type": "Bitmap Heap Scan",
                  "Parent Relationship": "Outer",
                  "Parallel Aware": true,
                  "Relation Name": "movie_companies",
                  "Alias": "mc",
                  "Startup Cost": 2698.35,
                  "Total Cost": 22093.48,
                  "Plan Rows": 20617,
                  "Plan Width": 0,
                  "Actual Startup Time": 4.187,
                  "Actual Total Time": 22.159,
                  "Actual Rows": 30585,
                  "Actual Loops": 4,
                  "Recheck Cond": "(company_id > 145082)",
                  "Rows Removed by Index Recheck": 0,
                  "Filter": "(company_type_id = 2)",
                  "Rows Removed by Filter": 0,
                  "Exact Heap Blocks": 1565,
                  "Lossy Heap Blocks": 0,
                  "Plans": [
                    {
                      "Node Type": "Bitmap Index Scan",
                      "Parent Relationship": "Outer",
                      "Parallel Aware": false,
                      "Index Name": "company_id_movie_companies",
                      "Startup Cost": 0.0,
                      "Total Cost": 2682.37,
                      "Plan Rows": 125059,
                      "Plan Width": 0,
                      "Actual Startup Time": 7.965,
                      "Actual Total Time": 7.965,
                      "Actual Rows": 122339,
                      "Actual Loops": 1,
                      "Index Cond": "(company_id > 145082)"
                    }
                  ]
                }
              ]
            }
          ]
        }
      ]
    },
    "Planning Time": 0.134,
    "Triggers": [],
    "Execution Time": 33.993
  }
]