[
  {
    "Plan": {
      "Node Type": "Aggregate",
      "Strategy": "Plain",
      "Partial Mode": "Finalize",
      "Parallel Aware": false,
      "Startup Cost": 23191.86,
      "Total Cost": 23191.87,
      "Plan Rows": 1,
      "Plan Width": 8,
      "Actual Startup Time": 48.193,
      "Actual Total Time": 52.114,
      "Actual Rows": 1,
      "Actual Loops": 1,
      "Plans": [
        {
          "Node Type": "Gather",
          "Parent Relationship": "Outer",
          "Parallel Aware": false,
          "Startup Cost": 23191.55,
          "Total Cost": 23191.86,
          "Plan Rows": 3,
          "Plan Width": 8,
          "Actual Startup Time": 48.006,
          "Actual Total Time": 52.107,
          "Actual Rows": 4,
          "Actual Loops": 1,
          "Workers Planned": 3,
          "Workers Launched": 3,
          "Single Copy": false,
          "Plans": [
            {
              "Node Type": "Aggregate",
              "Strategy": "Plain",
              "Partial Mode": "Partial",
              "Parent Relationship": "Outer",
              "Parallel Aware": false,
              "Startup Cost": 22191.55,
              "Total Cost": 22191.56,
              "Plan Rows": 1,
              "Plan Width": 8,
              "Actual Startup Time": 40.101,
              "Actual Total Time": 40.107,
              "Actual Rows": 1,
              "Actual Loops": 4,
              "Plans": [
                {
                  "Node Type": "Bitmap Heap Scan",
                  "Parent Relationship": "Outer",
                  "Parallel Aware": true,
                  "Relation Name": "movie_companies",
                  "Alias": "mc",
                  "Startup Cost": 2735.85,
                  "Total Cost": 22139.61,
                  "Plan Rows": 20775,
                  "Plan Width": 0,
                  "Actual Startup Time": 12.076,
                  "Actual Total Time": 36.936,
                  "Actual Rows": 30585,
                  "Actual Loops": 4,
                  "Recheck Cond": "(company_id > 145082)",
                  "Rows Removed by Index Recheck": 0,
                  "Filter": "(company_type_id = 2)",
                  "Rows Removed by Filter": 0,
                  "Exact Heap Blocks": 1921,
                  "Lossy Heap Blocks": 0,
                  "Plans": [
                    {
                      "Node Type": "Bitmap Index Scan",
                      "Parent Relationship": "Outer",
                      "Parallel Aware": false,
                      "Index Name": "company_id_movie_companies",
                      "Startup Cost": 0.0,
                      "Total Cost": 2719.75,
                      "Plan Rows": 126843,
                      "Plan Width": 0,
                      "Actual Startup Time": 17.882,
                      "Actual Total Time": 17.883,
                      "Actual Rows": 122339,
                      "Actual Loops": 1,
                      "Index Cond": "(company_id > 145082)"
                    }
                  ]
                }
              ]
            }
          ]
        }
      ]
    },
    "Planning Time": 0.182,
    "Triggers": [],
    "Execution Time": 52.176
  }
]