{
  "Plan": {
    "Node Type": "Aggregate",
    "Strategy": "Plain",
    "Partial Mode": "Finalize",
    "Parallel Aware": false,
    "Startup Cost": 470794.35,
    "Total Cost": 470794.36,
    "Plan Rows": 1,
    "Plan Width": 8,
    "Actual Startup Time": 3102.801,
    "Actual Total Time": 3140.823,
    "Actual Rows": 1,
    "Actual Loops": 1,
    "Plans": [
      {
        "Node Type": "Gather",
        "Parent Relationship": "Outer",
        "Parallel Aware": false,
        "Startup Cost": 470794.24,
        "Total Cost": 470794.35,
        "Plan Rows": 1,
        "Plan Width": 8,
        "Actual Startup Time": 3100.958,
        "Actual Total Time": 3140.817,
        "Actual Rows": 2,
        "Actual Loops": 1,
        "Workers Planned": 1,
        "Workers Launched": 1,
        "Single Copy": false,
        "Plans": [
          {
            "Node Type": "Aggregate",
            "Strategy": "Plain",
            "Partial Mode": "Partial",
            "Parent Relationship": "Outer",
            "Parallel Aware": false,
            "Startup Cost": 469794.24,
            "Total Cost": 469794.25,
            "Plan Rows": 1,
            "Plan Width": 8,
            "Actual Startup Time": 3094.879,
            "Actual Total Time": 3094.883,
            "Actual Rows": 1,
            "Actual Loops": 2,
            "Plans": [
              {
                "Node Type": "Hash Join",
                "Parent Relationship": "Outer",
                "Parallel Aware": true,
                "Join Type": "Inner",
                "Startup Cost": 61288.27,
                "Total Cost": 463182.77,
                "Plan Rows": 2644589,
                "Plan Width": 0,
                "Actual Startup Time": 286.104,
                "Actual Total Time": 3005.402,
                "Actual Rows": 2165754,
                "Actual Loops": 2,
                "Inner Unique": true,
                "Hash Cond": "(ci.movie_id = t.id)",
                "Plans": [
                  {
                    "Node Type": "Index Scan",
                    "Parent Relationship": "Outer",
                    "Parallel Aware": true,
                    "Scan Direction": "Forward",
                    "Index Name": "role_id_cast_info",
                    "Relation Name": "cast_info",
                    "Alias": "ci",
                    "Startup Cost": 0.56,
                    "Total Cost": 382631.05,
                    "Plan Rows": 7338659,
                    "Plan Width": 4,
                    "Actual Startup Time": 0.043,
                    "Actual Total Time": 861.576,
                    "Actual Rows": 6335344,
                    "Actual Loops": 2,
                    "Index Cond": "(role_id < 2)",
                    "Rows Removed by Index Recheck": 0
                  },
                  {
                    "Node Type": "Hash",
                    "Parent Relationship": "Inner",
                    "Parallel Aware": true,
                    "Startup Cost": 54588.39,
                    "Total Cost": 54588.39,
                    "Plan Rows": 535945,
                    "Plan Width": 4,
                    "Actual Startup Time": 276.596,
                    "Actual Total Time": 276.596,
                    "Actual Rows": 452246,
                    "Actual Loops": 2,
                    "Hash Buckets": 1048576,
                    "Original Hash Buckets": 1048576,
                    "Hash Batches": 1,
                    "Original Hash Batches": 1,
                    "Peak Memory Usage": 43616,
                    "Plans": [
                      {
                        "Node Type": "Seq Scan",
                        "Parent Relationship": "Outer",
                        "Parallel Aware": true,
                        "Relation Name": "title",
                        "Alias": "t",
                        "Startup Cost": 0.0,
                        "Total Cost": 54588.39,
                        "Plan Rows": 535945,
                        "Plan Width": 4,
                        "Actual Startup Time": 0.039,
                        "Actual Total Time": 157.283,
                        "Actual Rows": 452246,
                        "Actual Loops": 2,
                        "Filter": "(production_year > 2006)",
                        "Rows Removed by Filter": 811910
                      }
                    ]
                  }
                ]
              }
            ]
          }
        ]
      }
    ]
  },
  "Planning Time": 0.67,
  "Triggers": [],
  "Execution Time": 3140.907
}