[
  {
    "Plan": {
      "Node Type": "Aggregate",
      "Strategy": "Plain",
      "Partial Mode": "Finalize",
      "Parallel Aware": false,
      "Startup Cost": 46329.63,
      "Total Cost": 46329.64,
      "Plan Rows": 1,
      "Plan Width": 8,
      "Actual Startup Time": 164.265,
      "Actual Total Time": 172.068,
      "Actual Rows": 1,
      "Actual Loops": 1,
      "Plans": [
        {
          "Node Type": "Gather",
          "Parent Relationship": "Outer",
          "Parallel Aware": false,
          "Startup Cost": 46329.31,
          "Total Cost": 46329.62,
          "Plan Rows": 3,
          "Plan Width": 8,
          "Actual Startup Time": 164.122,
          "Actual Total Time": 172.06,
          "Actual Rows": 4,
          "Actual Loops": 1,
          "Workers Planned": 3,
          "Workers Launched": 3,
          "Single Copy": false,
          "Plans": [
            {
              "Node Type": "Aggregate",
              "Strategy": "Plain",
              "Partial Mode": "Partial",
              "Parent Relationship": "Outer",
              "Parallel Aware": false,
              "Startup Cost": 45329.31,
              "Total Cost": 45329.32,
              "Plan Rows": 1,
              "Plan Width": 8,
              "Actual Startup Time": 157.675,
              "Actual Total Time": 157.676,
              "Actual Rows": 1,
              "Actual Loops": 4,
              "Plans": [
                {
                  "Node Type": "Seq Scan",
                  "Parent Relationship": "Outer",
                  "Parallel Aware": true,
                  "Relation Name": "movie_keyword",
                  "Alias": "mk",
                  "Startup Cost": 0.0,
                  "Total Cost": 42695.65,
                  "Plan Rows": 1053462,
                  "Plan Width": 0,
                  "Actual Startup Time": 0.049,
                  "Actual Total Time": 119.158,
                  "Actual Rows": 816086,
                  "Actual Loops": 4,
                  "Filter": "(keyword_id < 14245)",
                  "Rows Removed by Filter": 314897
                }
              ]
            }
          ]
        }
      ]
    },
    "Planning Time": 0.086,
    "Triggers": [],
    "Execution Time": 172.096
  }
]