{
  "Plan": {
    "Node Type": "Aggregate",
    "Strategy": "Plain",
    "Partial Mode": "Finalize",
    "Parallel Aware": false,
    "Startup Cost": 124817.11,
    "Total Cost": 124817.12,
    "Plan Rows": 1,
    "Plan Width": 8,
    "Actual Startup Time": 1025.719,
    "Actual Total Time": 1050.617,
    "Actual Rows": 1,
    "Actual Loops": 1,
    "Plans": [
      {
        "Node Type": "Gather",
        "Parent Relationship": "Outer",
        "Parallel Aware": false,
        "Startup Cost": 124817.0,
        "Total Cost": 124817.11,
        "Plan Rows": 1,
        "Plan Width": 8,
        "Actual Startup Time": 1019.616,
        "Actual Total Time": 1050.603,
        "Actual Rows": 2,
        "Actual Loops": 1,
        "Workers Planned": 1,
        "Workers Launched": 1,
        "Single Copy": false,
        "Plans": [
          {
            "Node Type": "Aggregate",
            "Strategy": "Plain",
            "Partial Mode": "Partial",
            "Parent Relationship": "Outer",
            "Parallel Aware": false,
            "Startup Cost": 123817.0,
            "Total Cost": 123817.01,
            "Plan Rows": 1,
            "Plan Width": 8,
            "Actual Startup Time": 1013.305,
            "Actual Total Time": 1013.905,
            "Actual Rows": 1,
            "Actual Loops": 2,
            "Plans": [
              {
                "Node Type": "Hash Join",
                "Parent Relationship": "Outer",
                "Parallel Aware": true,
                "Join Type": "Inner",
                "Startup Cost": 104464.68,
                "Total Cost": 123741.51,
                "Plan Rows": 30198,
                "Plan Width": 0,
                "Actual Startup Time": 885.982,
                "Actual Total Time": 1008.527,
                "Actual Rows": 108361,
                "Actual Loops": 2,
                "Inner Unique": false,
                "Hash Cond": "(mi_idx.movie_id = t.id)",
                "Plans": [
                  {
                    "Node Type": "Seq Scan",
                    "Parent Relationship": "Outer",
                    "Parallel Aware": true,
                    "Relation Name": "movie_info_idx",
                    "Alias": "mi_idx",
                    "Startup Cost": 0.0,
                    "Total Cost": 18082.32,
                    "Plan Rows": 271164,
                    "Plan Width": 4,
                    "Actual Startup Time": 0.027,
                    "Actual Total Time": 64.408,
                    "Actual Rows": 230092,
                    "Actual Loops": 2,
                    "Filter": "(info_type_id > 100)",
                    "Rows Removed by Filter": 459925
                  },
                  {
                    "Node Type": "Hash",
                    "Parent Relationship": "Inner",
                    "Parallel Aware": true,
                    "Startup Cost": 102394.36,
                    "Total Cost": 102394.36,
                    "Plan Rows": 165626,
                    "Plan Width": 8,
                    "Actual Startup Time": 879.986,
                    "Actual Total Time": 880.584,
                    "Actual Rows": 148922,
                    "Actual Loops": 2,
                    "Hash Buckets": 524288,
                    "Original Hash Buckets": 524288,
                    "Hash Batches": 1,
                    "Original Hash Batches": 1,
                    "Peak Memory Usage": 15776,
                    "Plans": [
                      {
                        "Node Type": "Hash Join",
                        "Parent Relationship": "Outer",
                        "Parallel Aware": true,
                        "Join Type": "Inner",
                        "Startup Cost": 75435.26,
                        "Total Cost": 102394.36,
                        "Plan Rows": 165626,
                        "Plan Width": 8,
                        "Actual Startup Time": 685.302,
                        "Actual Total Time": 835.709,
                        "Actual Rows": 148922,
                        "Actual Loops": 2,
                        "Inner Unique": true,
                        "Hash Cond": "(mk.movie_id = t.id)",
                        "Plans": [
                          {
                            "Node Type": "Bitmap Heap Scan",
                            "Parent Relationship": "Outer",
                            "Parallel Aware": true,
                            "Relation Name": "movie_keyword",
                            "Alias": "mk",
                            "Startup Cost": 5974.56,
                            "Total Cost": 32498.89,
                            "Plan Rows": 165626,
                            "Plan Width": 4,
                            "Actual Startup Time": 31.815,
                            "Actual Total Time": 110.751,
                            "Actual Rows": 148922,
                            "Actual Loops": 2,
                            "Recheck Cond": "(keyword_id < 245)",
                            "Rows Removed by Index Recheck": 0,
                            "Exact Heap Blocks": 15154,
                            "Lossy Heap Blocks": 0,
                            "Plans": [
                              {
                                "Node Type": "Bitmap Index Scan",
                                "Parent Relationship": "Outer",
                                "Parallel Aware": false,
                                "Index Name": "keyword_id_movie_keyword",
                                "Startup Cost": 0.0,
                                "Total Cost": 5904.17,
                                "Plan Rows": 281565,
                                "Plan Width": 0,
                                "Actual Startup Time": 26.061,
                                "Actual Total Time": 26.061,
                                "Actual Rows": 297845,
                                "Actual Loops": 1,
                                "Index Cond": "(keyword_id < 245)"
                              }
                            ]
                          },
                          {
                            "Node Type": "Hash",
                            "Parent Relationship": "Inner",
                            "Parallel Aware": true,
                            "Startup Cost": 50870.31,
                            "Total Cost": 50870.31,
                            "Plan Rows": 1487231,
                            "Plan Width": 4,
                            "Actual Startup Time": 635.957,
                            "Actual Total Time": 635.959,
                            "Actual Rows": 1264156,
                            "Actual Loops": 2,
                            "Hash Buckets": 4194304,
                            "Original Hash Buckets": 4194304,
                            "Hash Batches": 1,
                            "Original Hash Batches": 1,
                            "Peak Memory Usage": 131712,
                            "Plans": [
                              {
                                "Node Type": "Seq Scan",
                                "Parent Relationship": "Outer",
                                "Parallel Aware": true,
                                "Relation Name": "title",
                                "Alias": "t",
                                "Startup Cost": 0.0,
                                "Total Cost": 50870.31,
                                "Plan Rows": 1487231,
                                "Plan Width": 4,
                                "Actual Startup Time": 0.053,
                                "Actual Total Time": 189.458,
                                "Actual Rows": 1264156,
                                "Actual Loops": 2
                              }
                            ]
                          }
                        ]
                      }
                    ]
                  }
                ]
              }
            ]
          }
        ]
      }
    ]
  },
  "Planning Time": 0.902,
  "Triggers": [],
  "Execution Time": 1050.73
}