[
  {
    "Plan": {
      "Node Type": "Aggregate",
      "Strategy": "Plain",
      "Partial Mode": "Finalize",
      "Parallel Aware": false,
      "Startup Cost": 33064.44,
      "Total Cost": 33064.45,
      "Plan Rows": 1,
      "Plan Width": 8,
      "Actual Startup Time": 110.177,
      "Actual Total Time": 117.975,
      "Actual Rows": 1,
      "Actual Loops": 1,
      "Plans": [
        {
          "Node Type": "Gather",
          "Parent Relationship": "Outer",
          "Parallel Aware": false,
          "Startup Cost": 33064.12,
          "Total Cost": 33064.43,
          "Plan Rows": 3,
          "Plan Width": 8,
          "Actual Startup Time": 110.09,
          "Actual Total Time": 117.966,
          "Actual Rows": 4,
          "Actual Loops": 1,
          "Workers Planned": 3,
          "Workers Launched": 3,
          "Single Copy": false,
          "Plans": [
            {
              "Node Type": "Aggregate",
              "Strategy": "Plain",
              "Partial Mode": "Partial",
              "Parent Relationship": "Outer",
              "Parallel Aware": false,
              "Startup Cost": 32064.12,
              "Total Cost": 32064.13,
              "Plan Rows": 1,
              "Plan Width": 8,
              "Actual Startup Time": 101.646,
              "Actual Total Time": 101.647,
              "Actual Rows": 1,
              "Actual Loops": 4,
              "Plans": [
                {
                  "Node Type": "Seq Scan",
                  "Parent Relationship": "Outer",
                  "Parallel Aware": true,
                  "Relation Name": "movie_companies",
                  "Alias": "mc",
                  "Startup Cost": 0.0,
                  "Total Cost": 31414.82,
                  "Plan Rows": 259722,
                  "Plan Width": 0,
                  "Actual Startup Time": 0.046,
                  "Actual Total Time": 84.773,
                  "Actual Rows": 275273,
                  "Actual Loops": 4,
                  "Filter": "((company_id < 17171) AND (company_type_id = 1))",
                  "Rows Removed by Filter": 377009
                }
              ]
            }
          ]
        }
      ]
    },
    "Planning Time": 0.196,
    "Triggers": [],
    "Execution Time": 118.028
  }
]