[
    {
        "Bao": {
            "Bao prediction": "NaN",
            "Bao recommended hint": "(no hint)"
        }
    },
    {
        "Plan": {
            "Node Type": "Aggregate",
            "Strategy": "Plain",
            "Partial Mode": "Finalize",
            "Parallel Aware": false,
            "Startup Cost": 332524.38,
            "Total Cost": 332524.39,
            "Plan Rows": 1,
            "Plan Width": 8,
            "Actual Startup Time": 751.521,
            "Actual Total Time": 783.094,
            "Actual Rows": 1,
            "Actual Loops": 1,
            "Output": [
                "count(*)"
            ],
            "Plans": [
                {
                    "Node Type": "Gather",
                    "Parent Relationship": "Outer",
                    "Parallel Aware": false,
                    "Startup Cost": 332523.75,
                    "Total Cost": 332524.36,
                    "Plan Rows": 6,
                    "Plan Width": 8,
                    "Actual Startup Time": 751.405,
                    "Actual Total Time": 783.084,
                    "Actual Rows": 7,
                    "Actual Loops": 1,
                    "Output": [
                        "(PARTIAL count(*))"
                    ],
                    "Workers Planned": 6,
                    "Workers Launched": 6,
                    "Single Copy": false,
                    "Plans": [
                        {
                            "Node Type": "Aggregate",
                            "Strategy": "Plain",
                            "Partial Mode": "Partial",
                            "Parent Relationship": "Outer",
                            "Parallel Aware": false,
                            "Startup Cost": 331523.75,
                            "Total Cost": 331523.76,
                            "Plan Rows": 1,
                            "Plan Width": 8,
                            "Actual Startup Time": 741.435,
                            "Actual Total Time": 741.436,
                            "Actual Rows": 1,
                            "Actual Loops": 7,
                            "Output": [
                                "PARTIAL count(*)"
                            ],
                            "Workers": [
                                {
                                    "Worker Number": 0,
                                    "Actual Startup Time": 739.001,
                                    "Actual Total Time": 739.003,
                                    "Actual Rows": 1,
                                    "Actual Loops": 1
                                },
                                {
                                    "Worker Number": 1,
                                    "Actual Startup Time": 739.459,
                                    "Actual Total Time": 739.46,
                                    "Actual Rows": 1,
                                    "Actual Loops": 1
                                },
                                {
                                    "Worker Number": 2,
                                    "Actual Startup Time": 739.666,
                                    "Actual Total Time": 739.667,
                                    "Actual Rows": 1,
                                    "Actual Loops": 1
                                },
                                {
                                    "Worker Number": 3,
                                    "Actual Startup Time": 740.213,
                                    "Actual Total Time": 740.214,
                                    "Actual Rows": 1,
                                    "Actual Loops": 1
                                },
                                {
                                    "Worker Number": 4,
                                    "Actual Startup Time": 740.398,
                                    "Actual Total Time": 740.399,
                                    "Actual Rows": 1,
                                    "Actual Loops": 1
                                },
                                {
                                    "Worker Number": 5,
                                    "Actual Startup Time": 740.559,
                                    "Actual Total Time": 740.56,
                                    "Actual Rows": 1,
                                    "Actual Loops": 1
                                }
                            ],
                            "Plans": [
                                {
                                    "Node Type": "Seq Scan",
                                    "Parent Relationship": "Outer",
                                    "Parallel Aware": true,
                                    "Relation Name": "cast_info",
                                    "Schema": "public",
                                    "Alias": "ci",
                                    "Startup Cost": 0.0,
                                    "Total Cost": 328213.62,
                                    "Plan Rows": 1324054,
                                    "Plan Width": 0,
                                    "Actual Startup Time": 391.514,
                                    "Actual Total Time": 673.128,
                                    "Actual Rows": 1133328,
                                    "Actual Loops": 7,
                                    "Output": [
                                        "id",
                                        "person_id",
                                        "movie_id",
                                        "person_role_id",
                                        "note",
                                        "nr_order",
                                        "role_id"
                                    ],
                                    "Filter": "(ci.person_id > 2886189)",
                                    "Rows Removed by Filter": 4044435,
                                    "Workers": [
                                        {
                                            "Worker Number": 0,
                                            "Actual Startup Time": 389.09,
                                            "Actual Total Time": 673.128,
                                            "Actual Rows": 989503,
                                            "Actual Loops": 1
                                        },
                                        {
                                            "Worker Number": 1,
                                            "Actual Startup Time": 389.542,
                                            "Actual Total Time": 673.427,
                                            "Actual Rows": 991815,
                                            "Actual Loops": 1
                                        },
                                        {
                                            "Worker Number": 2,
                                            "Actual Startup Time": 389.757,
                                            "Actual Total Time": 673.43,
                                            "Actual Rows": 992374,
                                            "Actual Loops": 1
                                        },
                                        {
                                            "Worker Number": 3,
                                            "Actual Startup Time": 390.287,
                                            "Actual Total Time": 674.363,
                                            "Actual Rows": 977725,
                                            "Actual Loops": 1
                                        },
                                        {
                                            "Worker Number": 4,
                                            "Actual Startup Time": 390.487,
                                            "Actual Total Time": 674.094,
                                            "Actual Rows": 996284,
                                            "Actual Loops": 1
                                        },
                                        {
                                            "Worker Number": 5,
                                            "Actual Startup Time": 390.627,
                                            "Actual Total Time": 674.478,
                                            "Actual Rows": 993056,
                                            "Actual Loops": 1
                                        }
                                    ]
                                }
                            ]
                        }
                    ]
                }
            ]
        },
        "Planning Time": 261.808,
        "Triggers": [],
        "Execution Time": 783.183
    }
]