{
  "Plan": {
    "Node Type": "Aggregate",
    "Strategy": "Plain",
    "Partial Mode": "Finalize",
    "Parallel Aware": false,
    "Startup Cost": 1110040.24,
    "Total Cost": 1110040.25,
    "Plan Rows": 1,
    "Plan Width": 8,
    "Actual Startup Time": 12319.639,
    "Actual Total Time": 12397.088,
    "Actual Rows": 1,
    "Actual Loops": 1,
    "Plans": [
      {
        "Node Type": "Gather",
        "Parent Relationship": "Outer",
        "Parallel Aware": false,
        "Startup Cost": 1110040.12,
        "Total Cost": 1110040.23,
        "Plan Rows": 1,
        "Plan Width": 8,
        "Actual Startup Time": 12305.815,
        "Actual Total Time": 12397.081,
        "Actual Rows": 2,
        "Actual Loops": 1,
        "Workers Planned": 1,
        "Workers Launched": 1,
        "Single Copy": false,
        "Plans": [
          {
            "Node Type": "Aggregate",
            "Strategy": "Plain",
            "Partial Mode": "Partial",
            "Parent Relationship": "Outer",
            "Parallel Aware": false,
            "Startup Cost": 1109040.12,
            "Total Cost": 1109040.13,
            "Plan Rows": 1,
            "Plan Width": 8,
            "Actual Startup Time": 12299.527,
            "Actual Total Time": 12299.532,
            "Actual Rows": 1,
            "Actual Loops": 2,
            "Plans": [
              {
                "Node Type": "Merge Join",
                "Parent Relationship": "Outer",
                "Parallel Aware": false,
                "Join Type": "Inner",
                "Startup Cost": 917183.15,
                "Total Cost": 1105232.62,
                "Plan Rows": 1523002,
                "Plan Width": 0,
                "Actual Startup Time": 8913.737,
                "Actual Total Time": 11717.594,
                "Actual Rows": 15545964,
                "Actual Loops": 2,
                "Inner Unique": false,
                "Merge Cond": "(mk.movie_id = t.id)",
                "Plans": [
                  {
                    "Node Type": "Index Only Scan",
                    "Parent Relationship": "Outer",
                    "Parallel Aware": true,
                    "Scan Direction": "Forward",
                    "Index Name": "movie_id_movie_keyword",
                    "Relation Name": "movie_keyword",
                    "Alias": "mk",
                    "Startup Cost": 0.43,
                    "Total Cost": 158560.11,
                    "Plan Rows": 2661135,
                    "Plan Width": 4,
                    "Actual Startup Time": 0.092,
                    "Actual Total Time": 407.53,
                    "Actual Rows": 2261965,
                    "Actual Loops": 2,
                    "Heap Fetches": 4523930
                  },
                  {
                    "Node Type": "Sort",
                    "Parent Relationship": "Inner",
                    "Parallel Aware": false,
                    "Startup Cost": 917181.9,
                    "Total Cost": 920799.34,
                    "Plan Rows": 1446975,
                    "Plan Width": 8,
                    "Actual Startup Time": 8808.935,
                    "Actual Total Time": 9730.132,
                    "Actual Rows": 17453352,
                    "Actual Loops": 2,
                    "Sort Key": [
                      "ci.movie_id"
                    ],
                    "Sort Method": "quicksort",
                    "Sort Space Used": 225229,
                    "Sort Space Type": "Memory",
                    "Workers": [
                      {
                        "Worker Number": 0,
                        "Sort Method": "quicksort",
                        "Sort Space Used": 225229,
                        "Sort Space Type": "Memory"
                      }
                    ],
                    "Plans": [
                      {
                        "Node Type": "Hash Join",
                        "Parent Relationship": "Outer",
                        "Parallel Aware": false,
                        "Join Type": "Inner",
                        "Startup Cost": 59057.21,
                        "Total Cost": 769123.02,
                        "Plan Rows": 1446975,
                        "Plan Width": 8,
                        "Actual Startup Time": 171.215,
                        "Actual Total Time": 8137.563,
                        "Actual Rows": 2707721,
                        "Actual Loops": 2,
                        "Inner Unique": true,
                        "Hash Cond": "(ci.movie_id = t.id)",
                        "Plans": [
                          {
                            "Node Type": "Seq Scan",
                            "Parent Relationship": "Outer",
                            "Parallel Aware": false,
                            "Relation Name": "cast_info",
                            "Alias": "ci",
                            "Startup Cost": 0.0,
                            "Total Cost": 614967.12,
                            "Plan Rows": 36228012,
                            "Plan Width": 4,
                            "Actual Startup Time": 0.04,
                            "Actual Total Time": 2490.905,
                            "Actual Rows": 36244344,
                            "Actual Loops": 2
                          },
                          {
                            "Node Type": "Hash",
                            "Parent Relationship": "Inner",
                            "Parallel Aware": false,
                            "Startup Cost": 57794.94,
                            "Total Cost": 57794.94,
                            "Plan Rows": 100982,
                            "Plan Width": 4,
                            "Actual Startup Time": 170.068,
                            "Actual Total Time": 170.069,
                            "Actual Rows": 235647,
                            "Actual Loops": 2,
                            "Hash Buckets": 262144,
                            "Original Hash Buckets": 131072,
                            "Hash Batches": 1,
                            "Original Hash Batches": 1,
                            "Peak Memory Usage": 10333,
                            "Plans": [
                              {
                                "Node Type": "Bitmap Heap Scan",
                                "Parent Relationship": "Outer",
                                "Parallel Aware": false,
                                "Relation Name": "title",
                                "Alias": "t",
                                "Startup Cost": 11848.1,
                                "Total Cost": 57794.94,
                                "Plan Rows": 100982,
                                "Plan Width": 4,
                                "Actual Startup Time": 41.963,
                                "Actual Total Time": 134.213,
                                "Actual Rows": 235647,
                                "Actual Loops": 2,
                                "Recheck Cond": "(kind_id = 1)",
                                "Rows Removed by Index Recheck": 0,
                                "Filter": "(production_year < 1972)",
                                "Rows Removed by Filter": 427178,
                                "Exact Heap Blocks": 12863,
                                "Lossy Heap Blocks": 0,
                                "Plans": [
                                  {
                                    "Node Type": "Bitmap Index Scan",
                                    "Parent Relationship": "Outer",
                                    "Parallel Aware": false,
                                    "Index Name": "kind_id_title",
                                    "Startup Cost": 0.0,
                                    "Total Cost": 11822.85,
                                    "Plan Rows": 663256,
                                    "Plan Width": 0,
                                    "Actual Startup Time": 40.443,
                                    "Actual Total Time": 40.444,
                                    "Actual Rows": 662825,
                                    "Actual Loops": 2,
                                    "Index Cond": "(kind_id = 1)"
                                  }
                                ]
                              }
                            ]
                          }
                        ]
                      }
                    ]
                  }
                ]
              }
            ]
          }
        ]
      }
    ]
  },
  "Planning Time": 0.962,
  "Triggers": [],
  "Execution Time": 12424.049
}