[
    {
        "Bao": {
            "Bao prediction": 736.884,
            "Bao recommended hint": "SET enable_mergejoin TO off; SET enable_indexscan TO off; "
        }
    },
    {
        "Plan": {
            "Node Type": "Aggregate",
            "Strategy": "Plain",
            "Partial Mode": "Finalize",
            "Parallel Aware": false,
            "Startup Cost": 55168.81,
            "Total Cost": 55168.82,
            "Plan Rows": 1,
            "Plan Width": 8,
            "Actual Startup Time": 80.717,
            "Actual Total Time": 85.87,
            "Actual Rows": 1,
            "Actual Loops": 1,
            "Output": [
                "count(*)"
            ],
            "Plans": [
                {
                    "Node Type": "Gather",
                    "Parent Relationship": "Outer",
                    "Parallel Aware": false,
                    "Startup Cost": 55168.39,
                    "Total Cost": 55168.8,
                    "Plan Rows": 4,
                    "Plan Width": 8,
                    "Actual Startup Time": 80.126,
                    "Actual Total Time": 85.861,
                    "Actual Rows": 5,
                    "Actual Loops": 1,
                    "Output": [
                        "(PARTIAL count(*))"
                    ],
                    "Workers Planned": 4,
                    "Workers Launched": 4,
                    "Single Copy": false,
                    "Plans": [
                        {
                            "Node Type": "Aggregate",
                            "Strategy": "Plain",
                            "Partial Mode": "Partial",
                            "Parent Relationship": "Outer",
                            "Parallel Aware": false,
                            "Startup Cost": 54168.39,
                            "Total Cost": 54168.4,
                            "Plan Rows": 1,
                            "Plan Width": 8,
                            "Actual Startup Time": 70.825,
                            "Actual Total Time": 70.827,
                            "Actual Rows": 1,
                            "Actual Loops": 5,
                            "Output": [
                                "PARTIAL count(*)"
                            ],
                            "Workers": [
                                {
                                    "Worker Number": 0,
                                    "Actual Startup Time": 68.14,
                                    "Actual Total Time": 68.142,
                                    "Actual Rows": 1,
                                    "Actual Loops": 1
                                },
                                {
                                    "Worker Number": 1,
                                    "Actual Startup Time": 68.753,
                                    "Actual Total Time": 68.754,
                                    "Actual Rows": 1,
                                    "Actual Loops": 1
                                },
                                {
                                    "Worker Number": 2,
                                    "Actual Startup Time": 68.929,
                                    "Actual Total Time": 68.932,
                                    "Actual Rows": 1,
                                    "Actual Loops": 1
                                },
                                {
                                    "Worker Number": 3,
                                    "Actual Startup Time": 68.985,
                                    "Actual Total Time": 68.987,
                                    "Actual Rows": 1,
                                    "Actual Loops": 1
                                }
                            ],
                            "Plans": [
                                {
                                    "Node Type": "Nested Loop",
                                    "Parent Relationship": "Outer",
                                    "Parallel Aware": false,
                                    "Join Type": "Inner",
                                    "Startup Cost": 1667.12,
                                    "Total Cost": 54167.83,
                                    "Plan Rows": 222,
                                    "Plan Width": 0,
                                    "Actual Startup Time": 23.04,
                                    "Actual Total Time": 70.775,
                                    "Actual Rows": 344,
                                    "Actual Loops": 5,
                                    "Inner Unique": false,
                                    "Workers": [
                                        {
                                            "Worker Number": 0,
                                            "Actual Startup Time": 20.004,
                                            "Actual Total Time": 68.092,
                                            "Actual Rows": 262,
                                            "Actual Loops": 1
                                        },
                                        {
                                            "Worker Number": 1,
                                            "Actual Startup Time": 19.461,
                                            "Actual Total Time": 68.716,
                                            "Actual Rows": 150,
                                            "Actual Loops": 1
                                        },
                                        {
                                            "Worker Number": 2,
                                            "Actual Startup Time": 25.275,
                                            "Actual Total Time": 68.897,
                                            "Actual Rows": 152,
                                            "Actual Loops": 1
                                        },
                                        {
                                            "Worker Number": 3,
                                            "Actual Startup Time": 20.163,
                                            "Actual Total Time": 68.945,
                                            "Actual Rows": 300,
                                            "Actual Loops": 1
                                        }
                                    ],
                                    "Plans": [
                                        {
                                            "Node Type": "Bitmap Heap Scan",
                                            "Parent Relationship": "Outer",
                                            "Parallel Aware": true,
                                            "Relation Name": "title",
                                            "Schema": "public",
                                            "Alias": "t",
                                            "Startup Cost": 1662.37,
                                            "Total Cost": 38009.28,
                                            "Plan Rows": 124,
                                            "Plan Width": 4,
                                            "Actual Startup Time": 22.867,
                                            "Actual Total Time": 67.471,
                                            "Actual Rows": 152,
                                            "Actual Loops": 5,
                                            "Output": [
                                                "t.id",
                                                "t.title",
                                                "t.imdb_index",
                                                "t.kind_id",
                                                "t.production_year",
                                                "t.imdb_id",
                                                "t.phonetic_code",
                                                "t.episode_of_id",
                                                "t.season_nr",
                                                "t.episode_nr",
                                                "t.series_years",
                                                "t.md5sum"
                                            ],
                                            "Recheck Cond": "(t.kind_id = 2)",
                                            "Rows Removed by Index Recheck": 0,
                                            "Filter": "(t.production_year = 1980)",
                                            "Rows Removed by Filter": 18019,
                                            "Exact Heap Blocks": 12137,
                                            "Lossy Heap Blocks": 0,
                                            "Workers": [
                                                {
                                                    "Worker Number": 0,
                                                    "Actual Startup Time": 19.74,
                                                    "Actual Total Time": 64.759,
                                                    "Actual Rows": 95,
                                                    "Actual Loops": 1
                                                },
                                                {
                                                    "Worker Number": 1,
                                                    "Actual Startup Time": 19.267,
                                                    "Actual Total Time": 65.322,
                                                    "Actual Rows": 96,
                                                    "Actual Loops": 1
                                                },
                                                {
                                                    "Worker Number": 2,
                                                    "Actual Startup Time": 25.093,
                                                    "Actual Total Time": 65.812,
                                                    "Actual Rows": 90,
                                                    "Actual Loops": 1
                                                },
                                                {
                                                    "Worker Number": 3,
                                                    "Actual Startup Time": 19.966,
                                                    "Actual Total Time": 65.818,
                                                    "Actual Rows": 100,
                                                    "Actual Loops": 1
                                                }
                                            ],
                                            "Plans": [
                                                {
                                                    "Node Type": "Bitmap Index Scan",
                                                    "Parent Relationship": "Outer",
                                                    "Parallel Aware": false,
                                                    "Index Name": "kind_id_title",
                                                    "Startup Cost": 0.0,
                                                    "Total Cost": 1662.25,
                                                    "Plan Rows": 93042,
                                                    "Plan Width": 0,
                                                    "Actual Startup Time": 21.091,
                                                    "Actual Total Time": 21.092,
                                                    "Actual Rows": 90852,
                                                    "Actual Loops": 1,
                                                    "Index Cond": "(t.kind_id = 2)"
                                                }
                                            ]
                                        },
                                        {
                                            "Node Type": "Bitmap Heap Scan",
                                            "Parent Relationship": "Inner",
                                            "Parallel Aware": false,
                                            "Relation Name": "movie_keyword",
                                            "Schema": "public",
                                            "Alias": "mk",
                                            "Startup Cost": 4.75,
                                            "Total Cost": 129.85,
                                            "Plan Rows": 46,
                                            "Plan Width": 4,
                                            "Actual Startup Time": 0.018,
                                            "Actual Total Time": 0.018,
                                            "Actual Rows": 2,
                                            "Actual Loops": 759,
                                            "Output": [
                                                "mk.id",
                                                "mk.movie_id",
                                                "mk.keyword_id"
                                            ],
                                            "Recheck Cond": "(mk.movie_id = t.id)",
                                            "Rows Removed by Index Recheck": 0,
                                            "Exact Heap Blocks": 195,
                                            "Lossy Heap Blocks": 0,
                                            "Workers": [
                                                {
                                                    "Worker Number": 0,
                                                    "Actual Startup Time": 0.03,
                                                    "Actual Total Time": 0.031,
                                                    "Actual Rows": 3,
                                                    "Actual Loops": 95
                                                },
                                                {
                                                    "Worker Number": 1,
                                                    "Actual Startup Time": 0.031,
                                                    "Actual Total Time": 0.031,
                                                    "Actual Rows": 2,
                                                    "Actual Loops": 96
                                                },
                                                {
                                                    "Worker Number": 2,
                                                    "Actual Startup Time": 0.03,
                                                    "Actual Total Time": 0.03,
                                                    "Actual Rows": 2,
                                                    "Actual Loops": 90
                                                },
                                                {
                                                    "Worker Number": 3,
                                                    "Actual Startup Time": 0.027,
                                                    "Actual Total Time": 0.027,
                                                    "Actual Rows": 3,
                                                    "Actual Loops": 100
                                                }
                                            ],
                                            "Plans": [
                                                {
                                                    "Node Type": "Bitmap Index Scan",
                                                    "Parent Relationship": "Outer",
                                                    "Parallel Aware": false,
                                                    "Index Name": "movie_id_movie_keyword",
                                                    "Startup Cost": 0.0,
                                                    "Total Cost": 4.74,
                                                    "Plan Rows": 46,
                                                    "Plan Width": 0,
                                                    "Actual Startup Time": 0.014,
                                                    "Actual Total Time": 0.014,
                                                    "Actual Rows": 2,
                                                    "Actual Loops": 759,
                                                    "Index Cond": "(mk.movie_id = t.id)",
                                                    "Workers": [
                                                        {
                                                            "Worker Number": 0,
                                                            "Actual Startup Time": 0.023,
                                                            "Actual Total Time": 0.023,
                                                            "Actual Rows": 3,
                                                            "Actual Loops": 95
                                                        },
                                                        {
                                                            "Worker Number": 1,
                                                            "Actual Startup Time": 0.022,
                                                            "Actual Total Time": 0.022,
                                                            "Actual Rows": 2,
                                                            "Actual Loops": 96
                                                        },
                                                        {
                                                            "Worker Number": 2,
                                                            "Actual Startup Time": 0.022,
                                                            "Actual Total Time": 0.022,
                                                            "Actual Rows": 2,
                                                            "Actual Loops": 90
                                                        },
                                                        {
                                                            "Worker Number": 3,
                                                            "Actual Startup Time": 0.021,
                                                            "Actual Total Time": 0.021,
                                                            "Actual Rows": 3,
                                                            "Actual Loops": 100
                                                        }
                                                    ]
                                                }
                                            ]
                                        }
                                    ]
                                }
                            ]
                        }
                    ]
                }
            ]
        },
        "Planning Time": 2111.17,
        "Triggers": [],
        "Execution Time": 86.02
    }
]