[
    {
        "Bao": {
            "Bao prediction": "NaN",
            "Bao recommended hint": "(no hint)"
        }
    },
    {
        "Plan": {
            "Node Type": "Aggregate",
            "Strategy": "Plain",
            "Partial Mode": "Simple",
            "Parallel Aware": false,
            "Startup Cost": 164893.31,
            "Total Cost": 164893.32,
            "Plan Rows": 1,
            "Plan Width": 8,
            "Actual Startup Time": 36.338,
            "Actual Total Time": 36.339,
            "Actual Rows": 1,
            "Actual Loops": 1,
            "Output": [
                "count(*)"
            ],
            "Plans": [
                {
                    "Node Type": "Bitmap Heap Scan",
                    "Parent Relationship": "Outer",
                    "Parallel Aware": false,
                    "Relation Name": "movie_info",
                    "Schema": "public",
                    "Alias": "mi",
                    "Startup Cost": 2366.55,
                    "Total Cost": 164567.47,
                    "Plan Rows": 130337,
                    "Plan Width": 0,
                    "Actual Startup Time": 8.379,
                    "Actual Total Time": 27.33,
                    "Actual Rows": 140065,
                    "Actual Loops": 1,
                    "Recheck Cond": "(mi.info_type_id = 9)",
                    "Rows Removed by Index Recheck": 0,
                    "Exact Heap Blocks": 1685,
                    "Lossy Heap Blocks": 0,
                    "Plans": [
                        {
                            "Node Type": "Bitmap Index Scan",
                            "Parent Relationship": "Outer",
                            "Parallel Aware": false,
                            "Index Name": "info_type_id_movie_info",
                            "Startup Cost": 0.0,
                            "Total Cost": 2333.96,
                            "Plan Rows": 130337,
                            "Plan Width": 0,
                            "Actual Startup Time": 8.082,
                            "Actual Total Time": 8.083,
                            "Actual Rows": 140065,
                            "Actual Loops": 1,
                            "Index Cond": "(mi.info_type_id = 9)"
                        }
                    ]
                }
            ]
        },
        "Planning Time": 313.766,
        "Triggers": [],
        "Execution Time": 36.393
    }
]