{
  "Plan": {
    "Node Type": "Aggregate",
    "Strategy": "Plain",
    "Partial Mode": "Finalize",
    "Parallel Aware": false,
    "Startup Cost": 117346.82,
    "Total Cost": 117346.83,
    "Plan Rows": 1,
    "Plan Width": 8,
    "Actual Startup Time": 413.081,
    "Actual Total Time": 430.184,
    "Actual Rows": 1,
    "Actual Loops": 1,
    "Plans": [
      {
        "Node Type": "Gather",
        "Parent Relationship": "Outer",
        "Parallel Aware": false,
        "Startup Cost": 117346.71,
        "Total Cost": 117346.82,
        "Plan Rows": 1,
        "Plan Width": 8,
        "Actual Startup Time": 412.249,
        "Actual Total Time": 430.172,
        "Actual Rows": 2,
        "Actual Loops": 1,
        "Workers Planned": 1,
        "Workers Launched": 1,
        "Single Copy": false,
        "Plans": [
          {
            "Node Type": "Aggregate",
            "Strategy": "Plain",
            "Partial Mode": "Partial",
            "Parent Relationship": "Outer",
            "Parallel Aware": false,
            "Startup Cost": 116346.71,
            "Total Cost": 116346.72,
            "Plan Rows": 1,
            "Plan Width": 8,
            "Actual Startup Time": 406.543,
            "Actual Total Time": 406.547,
            "Actual Rows": 1,
            "Actual Loops": 2,
            "Plans": [
              {
                "Node Type": "Hash Join",
                "Parent Relationship": "Outer",
                "Parallel Aware": true,
                "Join Type": "Inner",
                "Startup Cost": 60460.92,
                "Total Cost": 116266.61,
                "Plan Rows": 32039,
                "Plan Width": 0,
                "Actual Startup Time": 195.653,
                "Actual Total Time": 405.454,
                "Actual Rows": 18915,
                "Actual Loops": 2,
                "Inner Unique": true,
                "Hash Cond": "(ci.movie_id = t.id)",
                "Plans": [
                  {
                    "Node Type": "Index Scan",
                    "Parent Relationship": "Outer",
                    "Parallel Aware": true,
                    "Scan Direction": "Forward",
                    "Index Name": "role_id_cast_info",
                    "Relation Name": "cast_info",
                    "Alias": "ci",
                    "Startup Cost": 0.56,
                    "Total Cost": 55080.34,
                    "Plan Rows": 276538,
                    "Plan Width": 4,
                    "Actual Startup Time": 0.085,
                    "Actual Total Time": 140.689,
                    "Actual Rows": 396306,
                    "Actual Loops": 2,
                    "Index Cond": "(role_id = 8)",
                    "Rows Removed by Index Recheck": 0,
                    "Filter": "(person_id > 2728112)",
                    "Rows Removed by Filter": 455465
                  },
                  {
                    "Node Type": "Hash",
                    "Parent Relationship": "Inner",
                    "Parallel Aware": true,
                    "Startup Cost": 58306.47,
                    "Total Cost": 58306.47,
                    "Plan Rows": 172311,
                    "Plan Width": 4,
                    "Actual Startup Time": 190.594,
                    "Actual Total Time": 190.596,
                    "Actual Rows": 84798,
                    "Actual Loops": 2,
                    "Hash Buckets": 524288,
                    "Original Hash Buckets": 524288,
                    "Hash Batches": 1,
                    "Original Hash Batches": 1,
                    "Peak Memory Usage": 10752,
                    "Plans": [
                      {
                        "Node Type": "Seq Scan",
                        "Parent Relationship": "Outer",
                        "Parallel Aware": true,
                        "Relation Name": "title",
                        "Alias": "t",
                        "Startup Cost": 0.0,
                        "Total Cost": 58306.47,
                        "Plan Rows": 172311,
                        "Plan Width": 4,
                        "Actual Startup Time": 0.043,
                        "Actual Total Time": 163.695,
                        "Actual Rows": 84798,
                        "Actual Loops": 2,
                        "Filter": "((kind_id > 1) AND (production_year < 1973))",
                        "Rows Removed by Filter": 1179358
                      }
                    ]
                  }
                ]
              }
            ]
          }
        ]
      }
    ]
  },
  "Planning Time": 0.336,
  "Triggers": [],
  "Execution Time": 430.253
}