[
  {
    "Plan": {
      "Node Type": "Aggregate",
      "Strategy": "Plain",
      "Partial Mode": "Finalize",
      "Parallel Aware": false,
      "Startup Cost": 46133.82,
      "Total Cost": 46133.83,
      "Plan Rows": 1,
      "Plan Width": 8,
      "Actual Startup Time": 206.019,
      "Actual Total Time": 217.504,
      "Actual Rows": 1,
      "Actual Loops": 1,
      "Plans": [
        {
          "Node Type": "Gather",
          "Parent Relationship": "Outer",
          "Parallel Aware": false,
          "Startup Cost": 46133.5,
          "Total Cost": 46133.81,
          "Plan Rows": 3,
          "Plan Width": 8,
          "Actual Startup Time": 205.899,
          "Actual Total Time": 217.493,
          "Actual Rows": 4,
          "Actual Loops": 1,
          "Workers Planned": 3,
          "Workers Launched": 3,
          "Single Copy": false,
          "Plans": [
            {
              "Node Type": "Aggregate",
              "Strategy": "Plain",
              "Partial Mode": "Partial",
              "Parent Relationship": "Outer",
              "Parallel Aware": false,
              "Startup Cost": 45133.5,
              "Total Cost": 45133.51,
              "Plan Rows": 1,
              "Plan Width": 8,
              "Actual Startup Time": 197.825,
              "Actual Total Time": 197.827,
              "Actual Rows": 1,
              "Actual Loops": 4,
              "Plans": [
                {
                  "Node Type": "Seq Scan",
                  "Parent Relationship": "Outer",
                  "Parallel Aware": true,
                  "Relation Name": "movie_keyword",
                  "Alias": "mk",
                  "Startup Cost": 0.0,
                  "Total Cost": 42695.65,
                  "Plan Rows": 975139,
                  "Plan Width": 0,
                  "Actual Startup Time": 0.056,
                  "Actual Total Time": 153.374,
                  "Actual Rows": 758969,
                  "Actual Loops": 4,
                  "Filter": "(keyword_id < 10961)",
                  "Rows Removed by Filter": 372014
                }
              ]
            }
          ]
        }
      ]
    },
    "Planning Time": 0.054,
    "Triggers": [],
    "Execution Time": 217.535
  }
]