[
  {
    "Plan": {
      "Node Type": "Aggregate",
      "Strategy": "Plain",
      "Partial Mode": "Finalize",
      "Parallel Aware": false,
      "Startup Cost": 46511.28,
      "Total Cost": 46511.29,
      "Plan Rows": 1,
      "Plan Width": 8,
      "Actual Startup Time": 188.581,
      "Actual Total Time": 198.994,
      "Actual Rows": 1,
      "Actual Loops": 1,
      "Plans": [
        {
          "Node Type": "Gather",
          "Parent Relationship": "Outer",
          "Parallel Aware": false,
          "Startup Cost": 46510.97,
          "Total Cost": 46511.28,
          "Plan Rows": 3,
          "Plan Width": 8,
          "Actual Startup Time": 188.426,
          "Actual Total Time": 198.984,
          "Actual Rows": 4,
          "Actual Loops": 1,
          "Workers Planned": 3,
          "Workers Launched": 3,
          "Single Copy": false,
          "Plans": [
            {
              "Node Type": "Aggregate",
              "Strategy": "Plain",
              "Partial Mode": "Partial",
              "Parent Relationship": "Outer",
              "Parallel Aware": false,
              "Startup Cost": 45510.97,
              "Total Cost": 45510.98,
              "Plan Rows": 1,
              "Plan Width": 8,
              "Actual Startup Time": 182.255,
              "Actual Total Time": 182.256,
              "Actual Rows": 1,
              "Actual Loops": 4,
              "Plans": [
                {
                  "Node Type": "Seq Scan",
                  "Parent Relationship": "Outer",
                  "Parallel Aware": true,
                  "Relation Name": "movie_keyword",
                  "Alias": "mk",
                  "Startup Cost": 0.0,
                  "Total Cost": 42695.65,
                  "Plan Rows": 1126125,
                  "Plan Width": 0,
                  "Actual Startup Time": 0.051,
                  "Actual Total Time": 136.99,
                  "Actual Rows": 873987,
                  "Actual Loops": 4,
                  "Filter": "(keyword_id < 17346)",
                  "Rows Removed by Filter": 256996
                }
              ]
            }
          ]
        }
      ]
    },
    "Planning Time": 0.148,
    "Triggers": [],
    "Execution Time": 199.04
  }
]