{
  "Plan": {
    "Node Type": "Aggregate",
    "Strategy": "Plain",
    "Partial Mode": "Finalize",
    "Parallel Aware": false,
    "Startup Cost": 663164.79,
    "Total Cost": 663164.8,
    "Plan Rows": 1,
    "Plan Width": 8,
    "Actual Startup Time": 5253.653,
    "Actual Total Time": 5292.487,
    "Actual Rows": 1,
    "Actual Loops": 1,
    "Plans": [
      {
        "Node Type": "Gather",
        "Parent Relationship": "Outer",
        "Parallel Aware": false,
        "Startup Cost": 663164.68,
        "Total Cost": 663164.79,
        "Plan Rows": 1,
        "Plan Width": 8,
        "Actual Startup Time": 5247.698,
        "Actual Total Time": 5292.478,
        "Actual Rows": 2,
        "Actual Loops": 1,
        "Workers Planned": 1,
        "Workers Launched": 1,
        "Single Copy": false,
        "Plans": [
          {
            "Node Type": "Aggregate",
            "Strategy": "Plain",
            "Partial Mode": "Partial",
            "Parent Relationship": "Outer",
            "Parallel Aware": false,
            "Startup Cost": 662164.68,
            "Total Cost": 662164.69,
            "Plan Rows": 1,
            "Plan Width": 8,
            "Actual Startup Time": 5241.947,
            "Actual Total Time": 5241.953,
            "Actual Rows": 1,
            "Actual Loops": 2,
            "Plans": [
              {
                "Node Type": "Hash Join",
                "Parent Relationship": "Outer",
                "Parallel Aware": true,
                "Join Type": "Inner",
                "Startup Cost": 102136.98,
                "Total Cost": 661452.79,
                "Plan Rows": 284756,
                "Plan Width": 0,
                "Actual Startup Time": 666.504,
                "Actual Total Time": 5221.478,
                "Actual Rows": 437858,
                "Actual Loops": 2,
                "Inner Unique": false,
                "Hash Cond": "(t.id = mc.movie_id)",
                "Plans": [
                  {
                    "Node Type": "Hash Join",
                    "Parent Relationship": "Outer",
                    "Parallel Aware": true,
                    "Join Type": "Inner",
                    "Startup Cost": 69461.26,
                    "Total Cost": 605333.98,
                    "Plan Rows": 3482888,
                    "Plan Width": 8,
                    "Actual Startup Time": 562.021,
                    "Actual Total Time": 4428.838,
                    "Actual Rows": 5253652,
                    "Actual Loops": 2,
                    "Inner Unique": true,
                    "Hash Cond": "(ci.movie_id = t.id)",
                    "Plans": [
                      {
                        "Node Type": "Index Scan",
                        "Parent Relationship": "Outer",
                        "Parallel Aware": true,
                        "Scan Direction": "Forward",
                        "Index Name": "role_id_cast_info",
                        "Relation Name": "cast_info",
                        "Alias": "ci",
                        "Startup Cost": 0.56,
                        "Total Cost": 526730.69,
                        "Plan Rows": 3482888,
                        "Plan Width": 4,
                        "Actual Startup Time": 0.059,
                        "Actual Total Time": 1346.459,
                        "Actual Rows": 5253652,
                        "Actual Loops": 2,
                        "Index Cond": "(role_id > 2)",
                        "Rows Removed by Index Recheck": 0,
                        "Filter": "(person_id > 2371859)",
                        "Rows Removed by Filter": 2807190
                      },
                      {
                        "Node Type": "Hash",
                        "Parent Relationship": "Inner",
                        "Parallel Aware": true,
                        "Startup Cost": 50870.31,
                        "Total Cost": 50870.31,
                        "Plan Rows": 1487231,
                        "Plan Width": 4,
                        "Actual Startup Time": 549.69,
                        "Actual Total Time": 549.692,
                        "Actual Rows": 1264156,
                        "Actual Loops": 2,
                        "Hash Buckets": 4194304,
                        "Original Hash Buckets": 4194304,
                        "Hash Batches": 1,
                        "Original Hash Batches": 1,
                        "Peak Memory Usage": 131712,
                        "Plans": [
                          {
                            "Node Type": "Seq Scan",
                            "Parent Relationship": "Outer",
                            "Parallel Aware": true,
                            "Relation Name": "title",
                            "Alias": "t",
                            "Startup Cost": 0.0,
                            "Total Cost": 50870.31,
                            "Plan Rows": 1487231,
                            "Plan Width": 4,
                            "Actual Startup Time": 0.023,
                            "Actual Total Time": 152.629,
                            "Actual Rows": 1264156,
                            "Actual Loops": 2
                          }
                        ]
                      }
                    ]
                  },
                  {
                    "Node Type": "Hash",
                    "Parent Relationship": "Inner",
                    "Parallel Aware": true,
                    "Startup Cost": 31155.79,
                    "Total Cost": 31155.79,
                    "Plan Rows": 121594,
                    "Plan Width": 4,
                    "Actual Startup Time": 100.665,
                    "Actual Total Time": 100.666,
                    "Actual Rows": 47329,
                    "Actual Loops": 2,
                    "Hash Buckets": 262144,
                    "Original Hash Buckets": 262144,
                    "Hash Batches": 1,
                    "Original Hash Batches": 1,
                    "Peak Memory Usage": 5792,
                    "Plans": [
                      {
                        "Node Type": "Bitmap Heap Scan",
                        "Parent Relationship": "Outer",
                        "Parallel Aware": true,
                        "Relation Name": "movie_companies",
                        "Alias": "mc",
                        "Startup Cost": 8773.53,
                        "Total Cost": 31155.79,
                        "Plan Rows": 121594,
                        "Plan Width": 4,
                        "Actual Startup Time": 70.186,
                        "Actual Total Time": 88.691,
                        "Actual Rows": 47329,
                        "Actual Loops": 2,
                        "Recheck Cond": "(company_id < 258)",
                        "Rows Removed by Index Recheck": 0,
                        "Filter": "(company_type_id = 2)",
                        "Rows Removed by Filter": 154500,
                        "Exact Heap Blocks": 13746,
                        "Lossy Heap Blocks": 0,
                        "Plans": [
                          {
                            "Node Type": "Bitmap Index Scan",
                            "Parent Relationship": "Outer",
                            "Parallel Aware": false,
                            "Index Name": "company_id_movie_companies",
                            "Startup Cost": 0.0,
                            "Total Cost": 8721.85,
                            "Plan Rows": 407123,
                            "Plan Width": 0,
                            "Actual Startup Time": 29.979,
                            "Actual Total Time": 29.979,
                            "Actual Rows": 403659,
                            "Actual Loops": 1,
                            "Index Cond": "(company_id < 258)"
                          }
                        ]
                      }
                    ]
                  }
                ]
              }
            ]
          }
        ]
      }
    ]
  },
  "Planning Time": 1.124,
  "Triggers": [],
  "Execution Time": 5292.594
}