{
  "Plan": {
    "Node Type": "Aggregate",
    "Strategy": "Plain",
    "Partial Mode": "Finalize",
    "Parallel Aware": false,
    "Startup Cost": 76803.16,
    "Total Cost": 76803.17,
    "Plan Rows": 1,
    "Plan Width": 8,
    "Actual Startup Time": 152.311,
    "Actual Total Time": 164.239,
    "Actual Rows": 1,
    "Actual Loops": 1,
    "Plans": [
      {
        "Node Type": "Gather",
        "Parent Relationship": "Outer",
        "Parallel Aware": false,
        "Startup Cost": 76803.04,
        "Total Cost": 76803.15,
        "Plan Rows": 1,
        "Plan Width": 8,
        "Actual Startup Time": 152.197,
        "Actual Total Time": 164.231,
        "Actual Rows": 2,
        "Actual Loops": 1,
        "Workers Planned": 1,
        "Workers Launched": 1,
        "Single Copy": false,
        "Plans": [
          {
            "Node Type": "Aggregate",
            "Strategy": "Plain",
            "Partial Mode": "Partial",
            "Parent Relationship": "Outer",
            "Parallel Aware": false,
            "Startup Cost": 75803.04,
            "Total Cost": 75803.05,
            "Plan Rows": 1,
            "Plan Width": 8,
            "Actual Startup Time": 146.254,
            "Actual Total Time": 146.255,
            "Actual Rows": 1,
            "Actual Loops": 2,
            "Plans": [
              {
                "Node Type": "Nested Loop",
                "Parent Relationship": "Outer",
                "Parallel Aware": false,
                "Join Type": "Inner",
                "Startup Cost": 0.43,
                "Total Cost": 75800.6,
                "Plan Rows": 977,
                "Plan Width": 0,
                "Actual Startup Time": 5.719,
                "Actual Total Time": 146.208,
                "Actual Rows": 300,
                "Actual Loops": 2,
                "Inner Unique": false,
                "Plans": [
                  {
                    "Node Type": "Seq Scan",
                    "Parent Relationship": "Outer",
                    "Parallel Aware": true,
                    "Relation Name": "title",
                    "Alias": "t",
                    "Startup Cost": 0.0,
                    "Total Cost": 58306.47,
                    "Plan Rows": 2669,
                    "Plan Width": 4,
                    "Actual Startup Time": 0.228,
                    "Actual Total Time": 139.038,
                    "Actual Rows": 1844,
                    "Actual Loops": 2,
                    "Filter": "((kind_id > 1) AND (production_year = 1952))",
                    "Rows Removed by Filter": 1262312
                  },
                  {
                    "Node Type": "Index Scan",
                    "Parent Relationship": "Inner",
                    "Parallel Aware": false,
                    "Scan Direction": "Forward",
                    "Index Name": "movie_id_movie_info_idx",
                    "Relation Name": "movie_info_idx",
                    "Alias": "mi_idx",
                    "Startup Cost": 0.43,
                    "Total Cost": 6.53,
                    "Plan Rows": 2,
                    "Plan Width": 4,
                    "Actual Startup Time": 0.003,
                    "Actual Total Time": 0.003,
                    "Actual Rows": 0,
                    "Actual Loops": 3689,
                    "Index Cond": "(movie_id = t.id)",
                    "Rows Removed by Index Recheck": 0,
                    "Filter": "(info_type_id > 99)",
                    "Rows Removed by Filter": 0
                  }
                ]
              }
            ]
          }
        ]
      }
    ]
  },
  "Planning Time": 0.457,
  "Triggers": [],
  "Execution Time": 164.311
}