{
  "Plan": {
    "Node Type": "Aggregate",
    "Strategy": "Plain",
    "Partial Mode": "Finalize",
    "Parallel Aware": false,
    "Startup Cost": 121387.07,
    "Total Cost": 121387.08,
    "Plan Rows": 1,
    "Plan Width": 8,
    "Actual Startup Time": 727.97,
    "Actual Total Time": 742.483,
    "Actual Rows": 1,
    "Actual Loops": 1,
    "Plans": [
      {
        "Node Type": "Gather",
        "Parent Relationship": "Outer",
        "Parallel Aware": false,
        "Startup Cost": 121386.96,
        "Total Cost": 121387.07,
        "Plan Rows": 1,
        "Plan Width": 8,
        "Actual Startup Time": 725.895,
        "Actual Total Time": 742.477,
        "Actual Rows": 2,
        "Actual Loops": 1,
        "Workers Planned": 1,
        "Workers Launched": 1,
        "Single Copy": false,
        "Plans": [
          {
            "Node Type": "Aggregate",
            "Strategy": "Plain",
            "Partial Mode": "Partial",
            "Parent Relationship": "Outer",
            "Parallel Aware": false,
            "Startup Cost": 120386.96,
            "Total Cost": 120386.97,
            "Plan Rows": 1,
            "Plan Width": 8,
            "Actual Startup Time": 718.112,
            "Actual Total Time": 718.116,
            "Actual Rows": 1,
            "Actual Loops": 2,
            "Plans": [
              {
                "Node Type": "Hash Join",
                "Parent Relationship": "Outer",
                "Parallel Aware": true,
                "Join Type": "Inner",
                "Startup Cost": 87804.25,
                "Total Cost": 119358.78,
                "Plan Rows": 411273,
                "Plan Width": 0,
                "Actual Startup Time": 539.148,
                "Actual Total Time": 703.28,
                "Actual Rows": 322810,
                "Actual Loops": 2,
                "Inner Unique": true,
                "Hash Cond": "(mk.movie_id = t.id)",
                "Plans": [
                  {
                    "Node Type": "Bitmap Heap Scan",
                    "Parent Relationship": "Outer",
                    "Parallel Aware": true,
                    "Relation Name": "movie_keyword",
                    "Alias": "mk",
                    "Startup Cost": 16929.52,
                    "Total Cost": 47251.73,
                    "Plan Rows": 469456,
                    "Plan Width": 4,
                    "Actual Startup Time": 50.079,
                    "Actual Total Time": 125.578,
                    "Actual Rows": 395084,
                    "Actual Loops": 2,
                    "Recheck Cond": "(keyword_id > 23741)",
                    "Rows Removed by Index Recheck": 0,
                    "Exact Heap Blocks": 11881,
                    "Lossy Heap Blocks": 0,
                    "Plans": [
                      {
                        "Node Type": "Bitmap Index Scan",
                        "Parent Relationship": "Outer",
                        "Parallel Aware": false,
                        "Index Name": "keyword_id_movie_keyword",
                        "Startup Cost": 0.0,
                        "Total Cost": 16730.0,
                        "Plan Rows": 798076,
                        "Plan Width": 0,
                        "Actual Startup Time": 46.537,
                        "Actual Total Time": 46.537,
                        "Actual Rows": 790168,
                        "Actual Loops": 1,
                        "Index Cond": "(keyword_id > 23741)"
                      }
                    ]
                  },
                  {
                    "Node Type": "Hash",
                    "Parent Relationship": "Inner",
                    "Parallel Aware": true,
                    "Startup Cost": 54588.39,
                    "Total Cost": 54588.39,
                    "Plan Rows": 1302907,
                    "Plan Width": 4,
                    "Actual Startup Time": 473.419,
                    "Actual Total Time": 473.419,
                    "Actual Rows": 1101848,
                    "Actual Loops": 2,
                    "Hash Buckets": 4194304,
                    "Original Hash Buckets": 4194304,
                    "Hash Batches": 1,
                    "Original Hash Batches": 1,
                    "Peak Memory Usage": 119040,
                    "Plans": [
                      {
                        "Node Type": "Seq Scan",
                        "Parent Relationship": "Outer",
                        "Parallel Aware": true,
                        "Relation Name": "title",
                        "Alias": "t",
                        "Startup Cost": 0.0,
                        "Total Cost": 54588.39,
                        "Plan Rows": 1302907,
                        "Plan Width": 4,
                        "Actual Startup Time": 0.023,
                        "Actual Total Time": 173.706,
                        "Actual Rows": 1101848,
                        "Actual Loops": 2,
                        "Filter": "(production_year > 1960)",
                        "Rows Removed by Filter": 162308
                      }
                    ]
                  }
                ]
              }
            ]
          }
        ]
      }
    ]
  },
  "Planning Time": 0.405,
  "Triggers": [],
  "Execution Time": 742.543
}