[
  {
    "Plan": {
      "Node Type": "Aggregate",
      "Strategy": "Plain",
      "Partial Mode": "Finalize",
      "Parallel Aware": false,
      "Startup Cost": 127476.06,
      "Total Cost": 127476.07,
      "Plan Rows": 1,
      "Plan Width": 8,
      "Actual Startup Time": 902.948,
      "Actual Total Time": 923.395,
      "Actual Rows": 1,
      "Actual Loops": 1,
      "Plans": [
        {
          "Node Type": "Gather",
          "Parent Relationship": "Outer",
          "Parallel Aware": false,
          "Startup Cost": 127475.74,
          "Total Cost": 127476.05,
          "Plan Rows": 3,
          "Plan Width": 8,
          "Actual Startup Time": 899.127,
          "Actual Total Time": 923.383,
          "Actual Rows": 4,
          "Actual Loops": 1,
          "Workers Planned": 3,
          "Workers Launched": 3,
          "Single Copy": false,
          "Plans": [
            {
              "Node Type": "Aggregate",
              "Strategy": "Plain",
              "Partial Mode": "Partial",
              "Parent Relationship": "Outer",
              "Parallel Aware": false,
              "Startup Cost": 126475.74,
              "Total Cost": 126475.75,
              "Plan Rows": 1,
              "Plan Width": 8,
              "Actual Startup Time": 889.502,
              "Actual Total Time": 889.513,
              "Actual Rows": 1,
              "Actual Loops": 4,
              "Plans": [
                {
                  "Node Type": "Hash Join",
                  "Parent Relationship": "Outer",
                  "Parallel Aware": true,
                  "Join Type": "Inner",
                  "Startup Cost": 79972.79,
                  "Total Cost": 125609.86,
                  "Plan Rows": 346351,
                  "Plan Width": 0,
                  "Actual Startup Time": 446.78,
                  "Actual Total Time": 800.086,
                  "Actual Rows": 2230421,
                  "Actual Loops": 4,
                  "Inner Unique": false,
                  "Hash Cond": "(mk.movie_id = t.id)",
                  "Plans": [
                    {
                      "Node Type": "Seq Scan",
                      "Parent Relationship": "Outer",
                      "Parallel Aware": true,
                      "Relation Name": "movie_keyword",
                      "Alias": "mk",
                      "Startup Cost": 0.0,
                      "Total Cost": 39047.32,
                      "Plan Rows": 1459332,
                      "Plan Width": 4,
                      "Actual Startup Time": 0.029,
                      "Actual Total Time": 86.494,
                      "Actual Rows": 1130982,
                      "Actual Loops": 4
                    },
                    {
                      "Node Type": "Hash",
                      "Parent Relationship": "Inner",
                      "Parallel Aware": true,
                      "Startup Cost": 77553.22,
                      "Total Cost": 77553.22,
                      "Plan Rows": 193565,
                      "Plan Width": 8,
                      "Actual Startup Time": 441.497,
                      "Actual Total Time": 441.506,
                      "Actual Rows": 199688,
                      "Actual Loops": 4,
                      "Hash Buckets": 1048576,
                      "Original Hash Buckets": 1048576,
                      "Hash Batches": 1,
                      "Original Hash Batches": 1,
                      "Peak Memory Usage": 39520,
                      "Plans": [
                        {
                          "Node Type": "Hash Join",
                          "Parent Relationship": "Outer",
                          "Parallel Aware": true,
                          "Join Type": "Inner",
                          "Startup Cost": 46908.73,
                          "Total Cost": 77553.22,
                          "Plan Rows": 193565,
                          "Plan Width": 8,
                          "Actual Startup Time": 198.737,
                          "Actual Total Time": 376.719,
                          "Actual Rows": 199688,
                          "Actual Loops": 4,
                          "Inner Unique": true,
                          "Hash Cond": "(mc.movie_id = t.id)",
                          "Plans": [
                            {
                              "Node Type": "Seq Scan",
                              "Parent Relationship": "Outer",
                              "Parallel Aware": true,
                              "Relation Name": "movie_companies",
                              "Alias": "mc",
                              "Startup Cost": 0.0,
                              "Total Cost": 29310.68,
                              "Plan Rows": 508120,
                              "Plan Width": 4,
                              "Actual Startup Time": 2.774,
                              "Actual Total Time": 67.771,
                              "Actual Rows": 394342,
                              "Actual Loops": 4,
                              "Filter": "(company_id > 5739)",
                              "Rows Removed by Filter": 257940
                            },
                            {
                              "Node Type": "Hash",
                              "Parent Relationship": "Inner",
                              "Parallel Aware": true,
                              "Startup Cost": 43898.92,
                              "Total Cost": 43898.92,
                              "Plan Rows": 240785,
                              "Plan Width": 4,
                              "Actual Startup Time": 193.219,
                              "Actual Total Time": 193.224,
                              "Actual Rows": 242797,
                              "Actual Loops": 4,
                              "Hash Buckets": 1048576,
                              "Original Hash Buckets": 1048576,
                              "Hash Batches": 1,
                              "Original Hash Batches": 1,
                              "Peak Memory Usage": 46240,
                              "Plans": [
                                {
                                  "Node Type": "Seq Scan",
                                  "Parent Relationship": "Outer",
                                  "Parallel Aware": true,
                                  "Relation Name": "title",
                                  "Alias": "t",
                                  "Startup Cost": 0.0,
                                  "Total Cost": 43898.92,
                                  "Plan Rows": 240785,
                                  "Plan Width": 4,
                                  "Actual Startup Time": 0.041,
                                  "Actual Total Time": 101.9,
                                  "Actual Rows": 242797,
                                  "Actual Loops": 4,
                                  "Filter": "(production_year < 1999)",
                                  "Rows Removed by Filter": 389281
                                }
                              ]
                            }
                          ]
                        }
                      ]
                    }
                  ]
                }
              ]
            }
          ]
        }
      ]
    },
    "Planning Time": 1.401,
    "Triggers": [],
    "Execution Time": 923.504
  }
]