{
  "Plan": {
    "Node Type": "Aggregate",
    "Strategy": "Plain",
    "Partial Mode": "Finalize",
    "Parallel Aware": false,
    "Startup Cost": 850306.73,
    "Total Cost": 850306.74,
    "Plan Rows": 1,
    "Plan Width": 32,
    "Actual Startup Time": 5114.583,
    "Actual Total Time": 5114.931,
    "Actual Rows": 1,
    "Actual Loops": 1,
    "Plans": [
      {
        "Node Type": "Gather",
        "Parent Relationship": "Outer",
        "Parallel Aware": false,
        "Startup Cost": 850306.62,
        "Total Cost": 850306.73,
        "Plan Rows": 1,
        "Plan Width": 32,
        "Actual Startup Time": 5114.577,
        "Actual Total Time": 5114.926,
        "Actual Rows": 1,
        "Actual Loops": 1,
        "Workers Planned": 1,
        "Workers Launched": 0,
        "Single Copy": false,
        "Plans": [
          {
            "Node Type": "Aggregate",
            "Strategy": "Plain",
            "Partial Mode": "Partial",
            "Parent Relationship": "Outer",
            "Parallel Aware": false,
            "Startup Cost": 849306.62,
            "Total Cost": 849306.63,
            "Plan Rows": 1,
            "Plan Width": 32,
            "Actual Startup Time": 5113.901,
            "Actual Total Time": 5113.908,
            "Actual Rows": 1,
            "Actual Loops": 1,
            "Plans": [
              {
                "Node Type": "Hash Join",
                "Parent Relationship": "Outer",
                "Parallel Aware": false,
                "Join Type": "Inner",
                "Startup Cost": 832530.95,
                "Total Cost": 849305.94,
                "Plan Rows": 272,
                "Plan Width": 17,
                "Actual Startup Time": 5113.897,
                "Actual Total Time": 5113.903,
                "Actual Rows": 0,
                "Actual Loops": 1,
                "Inner Unique": true,
                "Hash Cond": "(mc.company_type_id = ct.id)",
                "Plans": [
                  {
                    "Node Type": "Hash Join",
                    "Parent Relationship": "Outer",
                    "Parallel Aware": true,
                    "Join Type": "Inner",
                    "Startup Cost": 832529.88,
                    "Total Cost": 849299.0,
                    "Plan Rows": 1086,
                    "Plan Width": 21,
                    "Actual Startup Time": 4759.845,
                    "Actual Total Time": 5112.673,
                    "Actual Rows": 21669,
                    "Actual Loops": 1,
                    "Inner Unique": false,
                    "Hash Cond": "(t.id = mc.movie_id)",
                    "Plans": [
                      {
                        "Node Type": "Merge Join",
                        "Parent Relationship": "Outer",
                        "Parallel Aware": false,
                        "Join Type": "Inner",
                        "Startup Cost": 790692.57,
                        "Total Cost": 802525.24,
                        "Plan Rows": 788808,
                        "Plan Width": 25,
                        "Actual Startup Time": 4460.307,
                        "Actual Total Time": 4695.905,
                        "Actual Rows": 1411367,
                        "Actual Loops": 1,
                        "Inner Unique": true,
                        "Merge Cond": "(mi.info_type_id = it.id)",
                        "Plans": [
                          {
                            "Node Type": "Sort",
                            "Parent Relationship": "Outer",
                            "Parallel Aware": false,
                            "Startup Cost": 790686.59,
                            "Total Cost": 792658.61,
                            "Plan Rows": 788808,
                            "Plan Width": 29,
                            "Actual Startup Time": 4460.248,
                            "Actual Total Time": 4529.231,
                            "Actual Rows": 1411367,
                            "Actual Loops": 1,
                            "Sort Key": [
                              "mi.info_type_id"
                            ],
                            "Sort Method": "quicksort",
                            "Sort Space Used": 164903,
                            "Sort Space Type": "Memory",
                            "Plans": [
                              {
                                "Node Type": "Merge Join",
                                "Parent Relationship": "Outer",
                                "Parallel Aware": false,
                                "Join Type": "Inner",
                                "Startup Cost": 595253.7,
                                "Total Cost": 713425.55,
                                "Plan Rows": 788808,
                                "Plan Width": 29,
                                "Actual Startup Time": 2662.131,
                                "Actual Total Time": 4207.683,
                                "Actual Rows": 1411367,
                                "Actual Loops": 1,
                                "Inner Unique": false,
                                "Merge Cond": "(t.id = mi.movie_id)",
                                "Plans": [
                                  {
                                    "Node Type": "Index Scan",
                                    "Parent Relationship": "Outer",
                                    "Parallel Aware": true,
                                    "Scan Direction": "Forward",
                                    "Index Name": "title_pkey",
                                    "Relation Name": "title",
                                    "Alias": "t",
                                    "Startup Cost": 0.43,
                                    "Total Cost": 99945.52,
                                    "Plan Rows": 1487175,
                                    "Plan Width": 21,
                                    "Actual Startup Time": 0.018,
                                    "Actual Total Time": 1020.025,
                                    "Actual Rows": 2525850,
                                    "Actual Loops": 1
                                  },
                                  {
                                    "Node Type": "Sort",
                                    "Parent Relationship": "Inner",
                                    "Parallel Aware": false,
                                    "Startup Cost": 595248.04,
                                    "Total Cost": 598600.48,
                                    "Plan Rows": 1340974,
                                    "Plan Width": 8,
                                    "Actual Startup Time": 2662.085,
                                    "Actual Total Time": 2791.712,
                                    "Actual Rows": 1411367,
                                    "Actual Loops": 1,
                                    "Sort Key": [
                                      "mi.movie_id"
                                    ],
                                    "Sort Method": "quicksort",
                                    "Sort Space Used": 115310,
                                    "Sort Space Type": "Memory",
                                    "Plans": [
                                      {
                                        "Node Type": "Seq Scan",
                                        "Parent Relationship": "Outer",
                                        "Parallel Aware": false,
                                        "Relation Name": "movie_info",
                                        "Alias": "mi",
                                        "Startup Cost": 0.0,
                                        "Total Cost": 458771.42,
                                        "Plan Rows": 1340974,
                                        "Plan Width": 8,
                                        "Actual Startup Time": 0.018,
                                        "Actual Total Time": 2404.848,
                                        "Actual Rows": 1411367,
                                        "Actual Loops": 1,
                                        "Filter": "(info = ANY ('{Denmark,Germany,Denish,Norwegian,Sweden,English,America,USA}'::text[]))",
                                        "Rows Removed by Filter": 13424353
                                      }
                                    ]
                                  }
                                ]
                              }
                            ]
                          },
                          {
                            "Node Type": "Sort",
                            "Parent Relationship": "Inner",
                            "Parallel Aware": false,
                            "Startup Cost": 5.98,
                            "Total Cost": 6.27,
                            "Plan Rows": 113,
                            "Plan Width": 4,
                            "Actual Startup Time": 0.051,
                            "Actual Total Time": 0.057,
                            "Actual Rows": 77,
                            "Actual Loops": 1,
                            "Sort Key": [
                              "it.id"
                            ],
                            "Sort Method": "quicksort",
                            "Sort Space Used": 30,
                            "Sort Space Type": "Memory",
                            "Plans": [
                              {
                                "Node Type": "Seq Scan",
                                "Parent Relationship": "Outer",
                                "Parallel Aware": false,
                                "Relation Name": "info_type",
                                "Alias": "it",
                                "Startup Cost": 0.0,
                                "Total Cost": 2.13,
                                "Plan Rows": 113,
                                "Plan Width": 4,
                                "Actual Startup Time": 0.022,
                                "Actual Total Time": 0.03,
                                "Actual Rows": 113,
                                "Actual Loops": 1
                              }
                            ]
                          }
                        ]
                      },
                      {
                        "Node Type": "Hash",
                        "Parent Relationship": "Inner",
                        "Parallel Aware": true,
                        "Startup Cost": 41811.73,
                        "Total Cost": 41811.73,
                        "Plan Rows": 2047,
                        "Plan Width": 8,
                        "Actual Startup Time": 290.429,
                        "Actual Total Time": 290.429,
                        "Actual Rows": 24025,
                        "Actual Loops": 1,
                        "Hash Buckets": 32768,
                        "Original Hash Buckets": 4096,
                        "Hash Batches": 1,
                        "Original Hash Batches": 1,
                        "Peak Memory Usage": 1440,
                        "Plans": [
                          {
                            "Node Type": "Seq Scan",
                            "Parent Relationship": "Outer",
                            "Parallel Aware": true,
                            "Relation Name": "movie_companies",
                            "Alias": "mc",
                            "Startup Cost": 0.0,
                            "Total Cost": 41811.73,
                            "Plan Rows": 2047,
                            "Plan Width": 8,
                            "Actual Startup Time": 7.537,
                            "Actual Total Time": 285.456,
                            "Actual Rows": 24025,
                            "Actual Loops": 1,
                            "Filter": "((note ~~ '%(theatrical)%'::text) AND (note ~~ '%(France)%'::text))",
                            "Rows Removed by Filter": 2585104
                          }
                        ]
                      }
                    ]
                  },
                  {
                    "Node Type": "Hash",
                    "Parent Relationship": "Inner",
                    "Parallel Aware": false,
                    "Startup Cost": 1.05,
                    "Total Cost": 1.05,
                    "Plan Rows": 1,
                    "Plan Width": 4,
                    "Actual Startup Time": 0.025,
                    "Actual Total Time": 0.025,
                    "Actual Rows": 1,
                    "Actual Loops": 1,
                    "Hash Buckets": 1024,
                    "Original Hash Buckets": 1024,
                    "Hash Batches": 1,
                    "Original Hash Batches": 1,
                    "Peak Memory Usage": 9,
                    "Plans": [
                      {
                        "Node Type": "Seq Scan",
                        "Parent Relationship": "Outer",
                        "Parallel Aware": false,
                        "Relation Name": "company_type",
                        "Alias": "ct",
                        "Startup Cost": 0.0,
                        "Total Cost": 1.05,
                        "Plan Rows": 1,
                        "Plan Width": 4,
                        "Actual Startup Time": 0.017,
                        "Actual Total Time": 0.019,
                        "Actual Rows": 1,
                        "Actual Loops": 1,
                        "Filter": "((kind)::text = 'production companies'::text)",
                        "Rows Removed by Filter": 3
                      }
                    ]
                  }
                ]
              }
            ]
          }
        ]
      }
    ]
  },
  "Planning Time": 1.175,
  "Triggers": [],
  "Execution Time": 5115.078
}