[
  {
    "Plan": {
      "Node Type": "Aggregate",
      "Strategy": "Plain",
      "Partial Mode": "Finalize",
      "Parallel Aware": false,
      "Startup Cost": 83318.58,
      "Total Cost": 83318.59,
      "Plan Rows": 1,
      "Plan Width": 8,
      "Actual Startup Time": 331.946,
      "Actual Total Time": 340.966,
      "Actual Rows": 1,
      "Actual Loops": 1,
      "Plans": [
        {
          "Node Type": "Gather",
          "Parent Relationship": "Outer",
          "Parallel Aware": false,
          "Startup Cost": 83318.16,
          "Total Cost": 83318.57,
          "Plan Rows": 4,
          "Plan Width": 8,
          "Actual Startup Time": 325.256,
          "Actual Total Time": 340.957,
          "Actual Rows": 5,
          "Actual Loops": 1,
          "Workers Planned": 4,
          "Workers Launched": 4,
          "Single Copy": false,
          "Plans": [
            {
              "Node Type": "Aggregate",
              "Strategy": "Plain",
              "Partial Mode": "Partial",
              "Parent Relationship": "Outer",
              "Parallel Aware": false,
              "Startup Cost": 82318.16,
              "Total Cost": 82318.17,
              "Plan Rows": 1,
              "Plan Width": 8,
              "Actual Startup Time": 319.785,
              "Actual Total Time": 319.957,
              "Actual Rows": 1,
              "Actual Loops": 5,
              "Plans": [
                {
                  "Node Type": "Hash Join",
                  "Parent Relationship": "Outer",
                  "Parallel Aware": true,
                  "Join Type": "Inner",
                  "Startup Cost": 35129.42,
                  "Total Cost": 81895.28,
                  "Plan Rows": 169152,
                  "Plan Width": 0,
                  "Actual Startup Time": 150.199,
                  "Actual Total Time": 315.297,
                  "Actual Rows": 99772,
                  "Actual Loops": 5,
                  "Inner Unique": false,
                  "Hash Cond": "(t.id = mc.movie_id)",
                  "Plans": [
                    {
                      "Node Type": "Seq Scan",
                      "Parent Relationship": "Outer",
                      "Parallel Aware": true,
                      "Relation Name": "title",
                      "Alias": "t",
                      "Startup Cost": 0.0,
                      "Total Cost": 43899.01,
                      "Plan Rows": 464242,
                      "Plan Width": 4,
                      "Actual Startup Time": 0.012,
                      "Actual Total Time": 67.483,
                      "Actual Rows": 373097,
                      "Actual Loops": 5,
                      "Filter": "(kind_id > 1)",
                      "Rows Removed by Filter": 132565
                    },
                    {
                      "Node Type": "Hash",
                      "Parent Relationship": "Inner",
                      "Parallel Aware": true,
                      "Startup Cost": 31414.82,
                      "Total Cost": 31414.82,
                      "Plan Rows": 297168,
                      "Plan Width": 4,
                      "Actual Startup Time": 147.99,
                      "Actual Total Time": 147.991,
                      "Actual Rows": 220458,
                      "Actual Loops": 5,
                      "Hash Buckets": 2097152,
                      "Original Hash Buckets": 1048576,
                      "Hash Batches": 1,
                      "Original Hash Batches": 1,
                      "Peak Memory Usage": 67776,
                      "Plans": [
                        {
                          "Node Type": "Seq Scan",
                          "Parent Relationship": "Outer",
                          "Parallel Aware": true,
                          "Relation Name": "movie_companies",
                          "Alias": "mc",
                          "Startup Cost": 0.0,
                          "Total Cost": 31414.82,
                          "Plan Rows": 297168,
                          "Plan Width": 4,
                          "Actual Startup Time": 29.916,
                          "Actual Total Time": 63.102,
                          "Actual Rows": 220458,
                          "Actual Loops": 5,
                          "Filter": "((company_id > 1774) AND (company_type_id > 1))",
                          "Rows Removed by Filter": 301367
                        }
                      ]
                    }
                  ]
                }
              ]
            }
          ]
        }
      ]
    },
    "Planning Time": 0.286,
    "Triggers": [],
    "Execution Time": 341.001
  }
]