[
  {
    "Plan": {
      "Node Type": "Aggregate",
      "Strategy": "Plain",
      "Partial Mode": "Finalize",
      "Parallel Aware": false,
      "Startup Cost": 379367.59,
      "Total Cost": 379367.6,
      "Plan Rows": 1,
      "Plan Width": 8,
      "Actual Startup Time": 836.449,
      "Actual Total Time": 895.629,
      "Actual Rows": 1,
      "Actual Loops": 1,
      "Plans": [
        {
          "Node Type": "Gather",
          "Parent Relationship": "Outer",
          "Parallel Aware": false,
          "Startup Cost": 379366.97,
          "Total Cost": 379367.58,
          "Plan Rows": 6,
          "Plan Width": 8,
          "Actual Startup Time": 834.383,
          "Actual Total Time": 895.619,
          "Actual Rows": 7,
          "Actual Loops": 1,
          "Workers Planned": 6,
          "Workers Launched": 6,
          "Single Copy": false,
          "Plans": [
            {
              "Node Type": "Aggregate",
              "Strategy": "Plain",
              "Partial Mode": "Partial",
              "Parent Relationship": "Outer",
              "Parallel Aware": false,
              "Startup Cost": 378366.97,
              "Total Cost": 378366.98,
              "Plan Rows": 1,
              "Plan Width": 8,
              "Actual Startup Time": 825.977,
              "Actual Total Time": 825.98,
              "Actual Rows": 1,
              "Actual Loops": 7,
              "Plans": [
                {
                  "Node Type": "Hash Join",
                  "Parent Relationship": "Outer",
                  "Parallel Aware": true,
                  "Join Type": "Inner",
                  "Startup Cost": 46832.64,
                  "Total Cost": 377901.02,
                  "Plan Rows": 186378,
                  "Plan Width": 0,
                  "Actual Startup Time": 434.51,
                  "Actual Total Time": 817.54,
                  "Actual Rows": 163210,
                  "Actual Loops": 7,
                  "Inner Unique": true,
                  "Hash Cond": "(ci.movie_id = t.id)",
                  "Plans": [
                    {
                      "Node Type": "Seq Scan",
                      "Parent Relationship": "Outer",
                      "Parallel Aware": true,
                      "Relation Name": "cast_info",
                      "Alias": "ci",
                      "Startup Cost": 0.0,
                      "Total Cost": 328211.39,
                      "Plan Rows": 1088378,
                      "Plan Width": 4,
                      "Actual Startup Time": 337.876,
                      "Actual Total Time": 546.79,
                      "Actual Rows": 922523,
                      "Actual Loops": 7,
                      "Filter": "(person_id > 3010321)",
                      "Rows Removed by Filter": 4255241
                    },
                    {
                      "Node Type": "Hash",
                      "Parent Relationship": "Inner",
                      "Parallel Aware": true,
                      "Startup Cost": 45479.59,
                      "Total Cost": 45479.59,
                      "Plan Rows": 108244,
                      "Plan Width": 4,
                      "Actual Startup Time": 95.045,
                      "Actual Total Time": 95.046,
                      "Actual Rows": 52607,
                      "Actual Loops": 7,
                      "Hash Buckets": 524288,
                      "Original Hash Buckets": 524288,
                      "Hash Batches": 1,
                      "Original Hash Batches": 1,
                      "Peak Memory Usage": 18592,
                      "Plans": [
                        {
                          "Node Type": "Seq Scan",
                          "Parent Relationship": "Outer",
                          "Parallel Aware": true,
                          "Relation Name": "title",
                          "Alias": "t",
                          "Startup Cost": 0.0,
                          "Total Cost": 45479.59,
                          "Plan Rows": 108244,
                          "Plan Width": 4,
                          "Actual Startup Time": 0.044,
                          "Actual Total Time": 71.439,
                          "Actual Rows": 52607,
                          "Actual Loops": 7,
                          "Filter": "((kind_id < 7) AND (production_year > 2004))",
                          "Rows Removed by Filter": 308581
                        }
                      ]
                    }
                  ]
                }
              ]
            }
          ]
        }
      ]
    },
    "Planning Time": 0.279,
    "Triggers": [],
    "Execution Time": 895.685
  }
]