{
  "Plan": {
    "Node Type": "Aggregate",
    "Strategy": "Plain",
    "Partial Mode": "Simple",
    "Parallel Aware": false,
    "Startup Cost": 3805.6,
    "Total Cost": 3805.61,
    "Plan Rows": 1,
    "Plan Width": 96,
    "Actual Startup Time": 60.064,
    "Actual Total Time": 60.069,
    "Actual Rows": 1,
    "Actual Loops": 1,
    "Plans": [
      {
        "Node Type": "Nested Loop",
        "Parent Relationship": "Outer",
        "Parallel Aware": false,
        "Join Type": "Inner",
        "Startup Cost": 11.97,
        "Total Cost": 3805.59,
        "Plan Rows": 1,
        "Plan Width": 46,
        "Actual Startup Time": 3.082,
        "Actual Total Time": 59.522,
        "Actual Rows": 505,
        "Actual Loops": 1,
        "Inner Unique": true,
        "Plans": [
          {
            "Node Type": "Nested Loop",
            "Parent Relationship": "Outer",
            "Parallel Aware": false,
            "Join Type": "Inner",
            "Startup Cost": 11.54,
            "Total Cost": 3801.12,
            "Plan Rows": 1,
            "Plan Width": 33,
            "Actual Startup Time": 3.066,
            "Actual Total Time": 54.232,
            "Actual Rows": 505,
            "Actual Loops": 1,
            "Inner Unique": true,
            "Join Filter": "(ml.link_type_id = lt.id)",
            "Rows Removed by Join Filter": 3338,
            "Plans": [
              {
                "Node Type": "Nested Loop",
                "Parent Relationship": "Outer",
                "Parallel Aware": false,
                "Join Type": "Inner",
                "Startup Cost": 11.54,
                "Total Cost": 3799.71,
                "Plan Rows": 1,
                "Plan Width": 25,
                "Actual Startup Time": 3.049,
                "Actual Total Time": 48.866,
                "Actual Rows": 505,
                "Actual Loops": 1,
                "Inner Unique": false,
                "Plans": [
                  {
                    "Node Type": "Nested Loop",
                    "Parent Relationship": "Outer",
                    "Parallel Aware": false,
                    "Join Type": "Inner",
                    "Startup Cost": 11.25,
                    "Total Cost": 3785.25,
                    "Plan Rows": 34,
                    "Plan Width": 25,
                    "Actual Startup Time": 3.019,
                    "Actual Total Time": 42.178,
                    "Actual Rows": 6011,
                    "Actual Loops": 1,
                    "Inner Unique": true,
                    "Plans": [
                      {
                        "Node Type": "Nested Loop",
                        "Parent Relationship": "Outer",
                        "Parallel Aware": false,
                        "Join Type": "Inner",
                        "Startup Cost": 10.82,
                        "Total Cost": 3768.68,
                        "Plan Rows": 34,
                        "Plan Width": 4,
                        "Actual Startup Time": 2.999,
                        "Actual Total Time": 21.469,
                        "Actual Rows": 6011,
                        "Actual Loops": 1,
                        "Inner Unique": false,
                        "Plans": [
                          {
                            "Node Type": "Seq Scan",
                            "Parent Relationship": "Outer",
                            "Parallel Aware": false,
                            "Relation Name": "keyword",
                            "Alias": "k",
                            "Startup Cost": 0.0,
                            "Total Cost": 2626.12,
                            "Plan Rows": 1,
                            "Plan Width": 4,
                            "Actual Startup Time": 0.515,
                            "Actual Total Time": 10.705,
                            "Actual Rows": 1,
                            "Actual Loops": 1,
                            "Filter": "(keyword = 'fight'::text)",
                            "Rows Removed by Filter": 134169
                          },
                          {
                            "Node Type": "Bitmap Heap Scan",
                            "Parent Relationship": "Inner",
                            "Parallel Aware": false,
                            "Relation Name": "movie_keyword",
                            "Alias": "mk",
                            "Startup Cost": 10.82,
                            "Total Cost": 1139.48,
                            "Plan Rows": 308,
                            "Plan Width": 8,
                            "Actual Startup Time": 2.476,
                            "Actual Total Time": 9.951,
                            "Actual Rows": 6011,
                            "Actual Loops": 1,
                            "Recheck Cond": "(keyword_id = k.id)",
                            "Rows Removed by Index Recheck": 0,
                            "Exact Heap Blocks": 4913,
                            "Lossy Heap Blocks": 0,
                            "Plans": [
                              {
                                "Node Type": "Bitmap Index Scan",
                                "Parent Relationship": "Outer",
                                "Parallel Aware": false,
                                "Index Name": "keyword_id_movie_keyword",
                                "Startup Cost": 0.0,
                                "Total Cost": 10.74,
                                "Plan Rows": 308,
                                "Plan Width": 0,
                                "Actual Startup Time": 1.226,
                                "Actual Total Time": 1.226,
                                "Actual Rows": 6011,
                                "Actual Loops": 1,
                                "Index Cond": "(keyword_id = k.id)"
                              }
                            ]
                          }
                        ]
                      },
                      {
                        "Node Type": "Index Scan",
                        "Parent Relationship": "Inner",
                        "Parallel Aware": false,
                        "Scan Direction": "Forward",
                        "Index Name": "title_pkey",
                        "Relation Name": "title",
                        "Alias": "t1",
                        "Startup Cost": 0.43,
                        "Total Cost": 0.49,
                        "Plan Rows": 1,
                        "Plan Width": 21,
                        "Actual Startup Time": 0.003,
                        "Actual Total Time": 0.003,
                        "Actual Rows": 1,
                        "Actual Loops": 6011,
                        "Index Cond": "(id = mk.movie_id)",
                        "Rows Removed by Index Recheck": 0
                      }
                    ]
                  },
                  {
                    "Node Type": "Index Scan",
                    "Parent Relationship": "Inner",
                    "Parallel Aware": false,
                    "Scan Direction": "Forward",
                    "Index Name": "movie_id_movie_link",
                    "Relation Name": "movie_link",
                    "Alias": "ml",
                    "Startup Cost": 0.29,
                    "Total Cost": 0.38,
                    "Plan Rows": 5,
                    "Plan Width": 12,
                    "Actual Startup Time": 0.001,
                    "Actual Total Time": 0.001,
                    "Actual Rows": 0,
                    "Actual Loops": 6011,
                    "Index Cond": "(movie_id = t1.id)",
                    "Rows Removed by Index Recheck": 0
                  }
                ]
              },
              {
                "Node Type": "Seq Scan",
                "Parent Relationship": "Inner",
                "Parallel Aware": false,
                "Relation Name": "link_type",
                "Alias": "lt",
                "Startup Cost": 0.0,
                "Total Cost": 1.18,
                "Plan Rows": 18,
                "Plan Width": 16,
                "Actual Startup Time": 0.003,
                "Actual Total Time": 0.004,
                "Actual Rows": 8,
                "Actual Loops": 505
              }
            ]
          },
          {
            "Node Type": "Index Scan",
            "Parent Relationship": "Inner",
            "Parallel Aware": false,
            "Scan Direction": "Forward",
            "Index Name": "title_pkey",
            "Relation Name": "title",
            "Alias": "t2",
            "Startup Cost": 0.43,
            "Total Cost": 4.47,
            "Plan Rows": 1,
            "Plan Width": 21,
            "Actual Startup Time": 0.009,
            "Actual Total Time": 0.009,
            "Actual Rows": 1,
            "Actual Loops": 505,
            "Index Cond": "(id = ml.linked_movie_id)",
            "Rows Removed by Index Recheck": 0
          }
        ]
      }
    ]
  },
  "Planning Time": 0.866,
  "Triggers": [],
  "Execution Time": 60.155
}