{
  "Plan": {
    "Node Type": "Aggregate",
    "Strategy": "Plain",
    "Partial Mode": "Finalize",
    "Parallel Aware": false,
    "Startup Cost": 148434.15,
    "Total Cost": 148434.16,
    "Plan Rows": 1,
    "Plan Width": 8,
    "Actual Startup Time": 593.069,
    "Actual Total Time": 607.704,
    "Actual Rows": 1,
    "Actual Loops": 1,
    "Plans": [
      {
        "Node Type": "Gather",
        "Parent Relationship": "Outer",
        "Parallel Aware": false,
        "Startup Cost": 148434.03,
        "Total Cost": 148434.14,
        "Plan Rows": 1,
        "Plan Width": 8,
        "Actual Startup Time": 592.187,
        "Actual Total Time": 607.696,
        "Actual Rows": 2,
        "Actual Loops": 1,
        "Workers Planned": 1,
        "Workers Launched": 1,
        "Single Copy": false,
        "Plans": [
          {
            "Node Type": "Aggregate",
            "Strategy": "Plain",
            "Partial Mode": "Partial",
            "Parent Relationship": "Outer",
            "Parallel Aware": false,
            "Startup Cost": 147434.03,
            "Total Cost": 147434.04,
            "Plan Rows": 1,
            "Plan Width": 8,
            "Actual Startup Time": 586.209,
            "Actual Total Time": 586.215,
            "Actual Rows": 1,
            "Actual Loops": 2,
            "Plans": [
              {
                "Node Type": "Hash Join",
                "Parent Relationship": "Outer",
                "Parallel Aware": true,
                "Join Type": "Inner",
                "Startup Cost": 127934.0,
                "Total Cost": 147314.33,
                "Plan Rows": 47882,
                "Plan Width": 0,
                "Actual Startup Time": 510.593,
                "Actual Total Time": 585.191,
                "Actual Rows": 24179,
                "Actual Loops": 2,
                "Inner Unique": false,
                "Hash Cond": "(mi_idx.movie_id = t.id)",
                "Plans": [
                  {
                    "Node Type": "Seq Scan",
                    "Parent Relationship": "Outer",
                    "Parallel Aware": true,
                    "Relation Name": "movie_info_idx",
                    "Alias": "mi_idx",
                    "Startup Cost": 0.0,
                    "Total Cost": 18082.32,
                    "Plan Rows": 271028,
                    "Plan Width": 4,
                    "Actual Startup Time": 0.025,
                    "Actual Total Time": 48.108,
                    "Actual Rows": 229962,
                    "Actual Loops": 2,
                    "Filter": "(info_type_id = 101)",
                    "Rows Removed by Filter": 460055
                  },
                  {
                    "Node Type": "Hash",
                    "Parent Relationship": "Inner",
                    "Parallel Aware": true,
                    "Startup Cost": 124649.67,
                    "Total Cost": 124649.67,
                    "Plan Rows": 262746,
                    "Plan Width": 8,
                    "Actual Startup Time": 504.633,
                    "Actual Total Time": 504.637,
                    "Actual Rows": 41221,
                    "Actual Loops": 2,
                    "Hash Buckets": 524288,
                    "Original Hash Buckets": 524288,
                    "Hash Batches": 1,
                    "Original Hash Batches": 1,
                    "Peak Memory Usage": 7360,
                    "Plans": [
                      {
                        "Node Type": "Hash Join",
                        "Parent Relationship": "Outer",
                        "Parallel Aware": true,
                        "Join Type": "Inner",
                        "Startup Cost": 60215.69,
                        "Total Cost": 124649.67,
                        "Plan Rows": 262746,
                        "Plan Width": 8,
                        "Actual Startup Time": 158.061,
                        "Actual Total Time": 496.241,
                        "Actual Rows": 41221,
                        "Actual Loops": 2,
                        "Inner Unique": true,
                        "Hash Cond": "(mk.movie_id = t.id)",
                        "Plans": [
                          {
                            "Node Type": "Seq Scan",
                            "Parent Relationship": "Outer",
                            "Parallel Aware": true,
                            "Relation Name": "movie_keyword",
                            "Alias": "mk",
                            "Startup Cost": 0.0,
                            "Total Cost": 57718.19,
                            "Plan Rows": 2558391,
                            "Plan Width": 4,
                            "Actual Startup Time": 0.02,
                            "Actual Total Time": 192.275,
                            "Actual Rows": 2167600,
                            "Actual Loops": 2,
                            "Filter": "(keyword_id > 135)",
                            "Rows Removed by Filter": 94364
                          },
                          {
                            "Node Type": "Hash",
                            "Parent Relationship": "Inner",
                            "Parallel Aware": true,
                            "Startup Cost": 58306.47,
                            "Total Cost": 58306.47,
                            "Plan Rows": 152738,
                            "Plan Width": 4,
                            "Actual Startup Time": 155.651,
                            "Actual Total Time": 155.652,
                            "Actual Rows": 80843,
                            "Actual Loops": 2,
                            "Hash Buckets": 262144,
                            "Original Hash Buckets": 262144,
                            "Hash Batches": 1,
                            "Original Hash Batches": 1,
                            "Peak Memory Usage": 8416,
                            "Plans": [
                              {
                                "Node Type": "Seq Scan",
                                "Parent Relationship": "Outer",
                                "Parallel Aware": true,
                                "Relation Name": "title",
                                "Alias": "t",
                                "Startup Cost": 0.0,
                                "Total Cost": 58306.47,
                                "Plan Rows": 152738,
                                "Plan Width": 4,
                                "Actual Startup Time": 0.043,
                                "Actual Total Time": 133.586,
                                "Actual Rows": 80843,
                                "Actual Loops": 2,
                                "Filter": "((production_year < 1975) AND (kind_id = 7))",
                                "Rows Removed by Filter": 1183313
                              }
                            ]
                          }
                        ]
                      }
                    ]
                  }
                ]
              }
            ]
          }
        ]
      }
    ]
  },
  "Planning Time": 0.967,
  "Triggers": [],
  "Execution Time": 607.787
}