{
  "Plan": {
    "Node Type": "Aggregate",
    "Strategy": "Plain",
    "Partial Mode": "Finalize",
    "Parallel Aware": false,
    "Startup Cost": 592320.48,
    "Total Cost": 592320.49,
    "Plan Rows": 1,
    "Plan Width": 8,
    "Actual Startup Time": 4549.315,
    "Actual Total Time": 4610.565,
    "Actual Rows": 1,
    "Actual Loops": 1,
    "Plans": [
      {
        "Node Type": "Gather",
        "Parent Relationship": "Outer",
        "Parallel Aware": false,
        "Startup Cost": 592320.37,
        "Total Cost": 592320.48,
        "Plan Rows": 1,
        "Plan Width": 8,
        "Actual Startup Time": 4548.146,
        "Actual Total Time": 4610.556,
        "Actual Rows": 2,
        "Actual Loops": 1,
        "Workers Planned": 1,
        "Workers Launched": 1,
        "Single Copy": false,
        "Plans": [
          {
            "Node Type": "Aggregate",
            "Strategy": "Plain",
            "Partial Mode": "Partial",
            "Parent Relationship": "Outer",
            "Parallel Aware": false,
            "Startup Cost": 591320.37,
            "Total Cost": 591320.38,
            "Plan Rows": 1,
            "Plan Width": 8,
            "Actual Startup Time": 4542.007,
            "Actual Total Time": 4542.011,
            "Actual Rows": 1,
            "Actual Loops": 2,
            "Plans": [
              {
                "Node Type": "Hash Join",
                "Parent Relationship": "Outer",
                "Parallel Aware": true,
                "Join Type": "Inner",
                "Startup Cost": 57892.54,
                "Total Cost": 579625.89,
                "Plan Rows": 4677791,
                "Plan Width": 0,
                "Actual Startup Time": 159.613,
                "Actual Total Time": 4378.57,
                "Actual Rows": 3929876,
                "Actual Loops": 2,
                "Inner Unique": true,
                "Hash Cond": "(ci.movie_id = t.id)",
                "Plans": [
                  {
                    "Node Type": "Seq Scan",
                    "Parent Relationship": "Outer",
                    "Parallel Aware": true,
                    "Relation Name": "cast_info",
                    "Alias": "ci",
                    "Startup Cost": 0.0,
                    "Total Cost": 465792.95,
                    "Plan Rows": 21310595,
                    "Plan Width": 4,
                    "Actual Startup Time": 0.019,
                    "Actual Total Time": 1304.784,
                    "Actual Rows": 18122172,
                    "Actual Loops": 2
                  },
                  {
                    "Node Type": "Hash",
                    "Parent Relationship": "Inner",
                    "Parallel Aware": true,
                    "Startup Cost": 53811.85,
                    "Total Cost": 53811.85,
                    "Plan Rows": 326455,
                    "Plan Width": 4,
                    "Actual Startup Time": 150.353,
                    "Actual Total Time": 150.354,
                    "Actual Rows": 217078,
                    "Actual Loops": 2,
                    "Hash Buckets": 1048576,
                    "Original Hash Buckets": 1048576,
                    "Hash Batches": 1,
                    "Original Hash Batches": 1,
                    "Peak Memory Usage": 25216,
                    "Plans": [
                      {
                        "Node Type": "Bitmap Heap Scan",
                        "Parent Relationship": "Outer",
                        "Parallel Aware": true,
                        "Relation Name": "title",
                        "Alias": "t",
                        "Startup Cost": 11961.59,
                        "Total Cost": 53811.85,
                        "Plan Rows": 326455,
                        "Plan Width": 4,
                        "Actual Startup Time": 31.752,
                        "Actual Total Time": 98.342,
                        "Actual Rows": 217078,
                        "Actual Loops": 2,
                        "Recheck Cond": "(kind_id = 1)",
                        "Rows Removed by Index Recheck": 0,
                        "Filter": "(production_year > 1968)",
                        "Rows Removed by Filter": 114334,
                        "Exact Heap Blocks": 7977,
                        "Lossy Heap Blocks": 0,
                        "Plans": [
                          {
                            "Node Type": "Bitmap Index Scan",
                            "Parent Relationship": "Outer",
                            "Parallel Aware": false,
                            "Index Name": "kind_id_title",
                            "Startup Cost": 0.0,
                            "Total Cost": 11822.85,
                            "Plan Rows": 663256,
                            "Plan Width": 0,
                            "Actual Startup Time": 29.754,
                            "Actual Total Time": 29.754,
                            "Actual Rows": 662825,
                            "Actual Loops": 1,
                            "Index Cond": "(kind_id = 1)"
                          }
                        ]
                      }
                    ]
                  }
                ]
              }
            ]
          }
        ]
      }
    ]
  },
  "Planning Time": 0.67,
  "Triggers": [],
  "Execution Time": 4610.673
}