[
  {
    "Plan": {
      "Node Type": "Aggregate",
      "Strategy": "Plain",
      "Partial Mode": "Finalize",
      "Parallel Aware": false,
      "Startup Cost": 34933.88,
      "Total Cost": 34933.89,
      "Plan Rows": 1,
      "Plan Width": 8,
      "Actual Startup Time": 114.997,
      "Actual Total Time": 123.945,
      "Actual Rows": 1,
      "Actual Loops": 1,
      "Plans": [
        {
          "Node Type": "Gather",
          "Parent Relationship": "Outer",
          "Parallel Aware": false,
          "Startup Cost": 34933.56,
          "Total Cost": 34933.87,
          "Plan Rows": 3,
          "Plan Width": 8,
          "Actual Startup Time": 114.732,
          "Actual Total Time": 123.933,
          "Actual Rows": 4,
          "Actual Loops": 1,
          "Workers Planned": 3,
          "Workers Launched": 3,
          "Single Copy": false,
          "Plans": [
            {
              "Node Type": "Aggregate",
              "Strategy": "Plain",
              "Partial Mode": "Partial",
              "Parent Relationship": "Outer",
              "Parallel Aware": false,
              "Startup Cost": 33933.56,
              "Total Cost": 33933.57,
              "Plan Rows": 1,
              "Plan Width": 8,
              "Actual Startup Time": 105.224,
              "Actual Total Time": 105.225,
              "Actual Rows": 1,
              "Actual Loops": 4,
              "Plans": [
                {
                  "Node Type": "Bitmap Heap Scan",
                  "Parent Relationship": "Outer",
                  "Parallel Aware": true,
                  "Relation Name": "movie_keyword",
                  "Alias": "mk",
                  "Startup Cost": 7719.49,
                  "Total Cost": 33640.22,
                  "Plan Rows": 117338,
                  "Plan Width": 0,
                  "Actual Startup Time": 37.319,
                  "Actual Total Time": 99.876,
                  "Actual Rows": 90106,
                  "Actual Loops": 4,
                  "Recheck Cond": "(keyword_id > 46219)",
                  "Rows Removed by Index Recheck": 0,
                  "Exact Heap Blocks": 11229,
                  "Lossy Heap Blocks": 0,
                  "Plans": [
                    {
                      "Node Type": "Bitmap Index Scan",
                      "Parent Relationship": "Outer",
                      "Parallel Aware": false,
                      "Index Name": "keyword_id_movie_keyword",
                      "Startup Cost": 0.0,
                      "Total Cost": 7628.55,
                      "Plan Rows": 363749,
                      "Plan Width": 0,
                      "Actual Startup Time": 42.546,
                      "Actual Total Time": 42.546,
                      "Actual Rows": 360426,
                      "Actual Loops": 1,
                      "Index Cond": "(keyword_id > 46219)"
                    }
                  ]
                }
              ]
            }
          ]
        }
      ]
    },
    "Planning Time": 0.187,
    "Triggers": [],
    "Execution Time": 124.031
  }
]