{
  "Plan": {
    "Node Type": "Aggregate",
    "Strategy": "Plain",
    "Partial Mode": "Finalize",
    "Parallel Aware": false,
    "Startup Cost": 6961913.51,
    "Total Cost": 6961913.52,
    "Plan Rows": 1,
    "Plan Width": 96,
    "Actual Startup Time": 99921.423,
    "Actual Total Time": 100061.9,
    "Actual Rows": 1,
    "Actual Loops": 1,
    "Plans": [
      {
        "Node Type": "Gather",
        "Parent Relationship": "Outer",
        "Parallel Aware": false,
        "Startup Cost": 6961913.07,
        "Total Cost": 6961913.48,
        "Plan Rows": 4,
        "Plan Width": 96,
        "Actual Startup Time": 99486.193,
        "Actual Total Time": 100061.876,
        "Actual Rows": 5,
        "Actual Loops": 1,
        "Workers Planned": 4,
        "Workers Launched": 4,
        "Single Copy": false,
        "Plans": [
          {
            "Node Type": "Aggregate",
            "Strategy": "Plain",
            "Partial Mode": "Partial",
            "Parent Relationship": "Outer",
            "Parallel Aware": false,
            "Startup Cost": 6960913.07,
            "Total Cost": 6960913.08,
            "Plan Rows": 1,
            "Plan Width": 96,
            "Actual Startup Time": 99474.393,
            "Actual Total Time": 99474.411,
            "Actual Rows": 1,
            "Actual Loops": 5,
            "Plans": [
              {
                "Node Type": "Hash Join",
                "Parent Relationship": "Outer",
                "Parallel Aware": true,
                "Join Type": "Inner",
                "Startup Cost": 6916114.34,
                "Total Cost": 6960913.06,
                "Plan Rows": 1,
                "Plan Width": 48,
                "Actual Startup Time": 99433.626,
                "Actual Total Time": 99474.383,
                "Actual Rows": 5,
                "Actual Loops": 5,
                "Inner Unique": false,
                "Hash Cond": "(t.id = mk.movie_id)",
                "Plans": [
                  {
                    "Node Type": "Seq Scan",
                    "Parent Relationship": "Outer",
                    "Parallel Aware": true,
                    "Relation Name": "title",
                    "Alias": "t",
                    "Startup Cost": 0.0,
                    "Total Cost": 43899.59,
                    "Plan Rows": 239764,
                    "Plan Width": 21,
                    "Actual Startup Time": 0.206,
                    "Actual Total Time": 143.045,
                    "Actual Rows": 194238,
                    "Actual Loops": 5,
                    "Filter": "(production_year < 1999)",
                    "Rows Removed by Filter": 311425
                  },
                  {
                    "Node Type": "Hash",
                    "Parent Relationship": "Inner",
                    "Parallel Aware": true,
                    "Startup Cost": 6916114.33,
                    "Total Cost": 6916114.33,
                    "Plan Rows": 1,
                    "Plan Width": 39,
                    "Actual Startup Time": 99314.285,
                    "Actual Total Time": 99314.299,
                    "Actual Rows": 22,
                    "Actual Loops": 5,
                    "Hash Buckets": 1024,
                    "Original Hash Buckets": 1024,
                    "Hash Batches": 1,
                    "Original Hash Batches": 1,
                    "Peak Memory Usage": 72,
                    "Plans": [
                      {
                        "Node Type": "Hash Join",
                        "Parent Relationship": "Outer",
                        "Parallel Aware": false,
                        "Join Type": "Inner",
                        "Startup Cost": 6847476.06,
                        "Total Cost": 6916114.33,
                        "Plan Rows": 1,
                        "Plan Width": 39,
                        "Actual Startup Time": 39766.125,
                        "Actual Total Time": 39766.17,
                        "Actual Rows": 22,
                        "Actual Loops": 5,
                        "Inner Unique": false,
                        "Hash Cond": "(n.id = ci.person_id)",
                        "Plans": [
                          {
                            "Node Type": "Seq Scan",
                            "Parent Relationship": "Outer",
                            "Parallel Aware": true,
                            "Relation Name": "name",
                            "Alias": "n",
                            "Startup Cost": 0.0,
                            "Total Cost": 68636.05,
                            "Plan Rows": 104,
                            "Plan Width": 19,
                            "Actual Startup Time": 251.767,
                            "Actual Total Time": 251.79,
                            "Actual Rows": 0,
                            "Actual Loops": 5,
                            "Filter": "(name ~~ '%Downey%Robert%'::text)",
                            "Rows Removed by Filter": 833498
                          },
                          {
                            "Node Type": "Hash",
                            "Parent Relationship": "Inner",
                            "Parallel Aware": false,
                            "Startup Cost": 6847349.99,
                            "Total Cost": 6847349.99,
                            "Plan Rows": 10085,
                            "Plan Width": 28,
                            "Actual Startup Time": 98785.744,
                            "Actual Total Time": 98785.754,
                            "Actual Rows": 1564305,
                            "Actual Loops": 2,
                            "Hash Buckets": 2097152,
                            "Original Hash Buckets": 16384,
                            "Hash Batches": 1,
                            "Original Hash Batches": 1,
                            "Peak Memory Usage": 96736,
                            "Plans": [
                              {
                                "Node Type": "Hash Join",
                                "Parent Relationship": "Outer",
                                "Parallel Aware": false,
                                "Join Type": "Inner",
                                "Startup Cost": 5990036.06,
                                "Total Cost": 6847349.99,
                                "Plan Rows": 10085,
                                "Plan Width": 28,
                                "Actual Startup Time": 81413.356,
                                "Actual Total Time": 98411.2,
                                "Actual Rows": 1564305,
                                "Actual Loops": 2,
                                "Inner Unique": false,
                                "Hash Cond": "(k.id = mk.keyword_id)",
                                "Plans": [
                                  {
                                    "Node Type": "Seq Scan",
                                    "Parent Relationship": "Outer",
                                    "Parallel Aware": false,
                                    "Relation Name": "keyword",
                                    "Alias": "k",
                                    "Startup Cost": 0.0,
                                    "Total Cost": 3632.4,
                                    "Plan Rows": 8,
                                    "Plan Width": 20,
                                    "Actual Startup Time": 0.181,
                                    "Actual Total Time": 30.161,
                                    "Actual Rows": 8,
                                    "Actual Loops": 2,
                                    "Filter": "(keyword = ANY ('{superhero,sequel,second-part,marvel-comics,based-on-comic,tv-special,fight,violence}'::text[]))",
                                    "Rows Removed by Filter": 134162
                                  },
                                  {
                                    "Node Type": "Hash",
                                    "Parent Relationship": "Inner",
                                    "Parallel Aware": false,
                                    "Startup Cost": 3050043.88,
                                    "Total Cost": 3050043.88,
                                    "Plan Rows": 169132095,
                                    "Plan Width": 16,
                                    "Actual Startup Time": 80920.567,
                                    "Actual Total Time": 80920.575,
                                    "Actual Rows": 215765477,
                                    "Actual Loops": 2,
                                    "Hash Buckets": 67108864,
                                    "Original Hash Buckets": 67108864,
                                    "Hash Batches": 4,
                                    "Original Hash Batches": 4,
                                    "Peak Memory Usage": 2974980,
                                    "Plans": [
                                      {
                                        "Node Type": "Hash Join",
                                        "Parent Relationship": "Outer",
                                        "Parallel Aware": false,
                                        "Join Type": "Inner",
                                        "Startup Cost": 1068488.04,
                                        "Total Cost": 3050043.88,
                                        "Plan Rows": 169132095,
                                        "Plan Width": 16,
                                        "Actual Startup Time": 14896.692,
                                        "Actual Total Time": 42223.576,
                                        "Actual Rows": 215765477,
                                        "Actual Loops": 2,
                                        "Inner Unique": false,
                                        "Hash Cond": "(mk.movie_id = ci.movie_id)",
                                        "Plans": [
                                          {
                                            "Node Type": "Seq Scan",
                                            "Parent Relationship": "Outer",
                                            "Parallel Aware": false,
                                            "Relation Name": "movie_keyword",
                                            "Alias": "mk",
                                            "Startup Cost": 0.0,
                                            "Total Cost": 69693.3,
                                            "Plan Rows": 4523930,
                                            "Plan Width": 8,
                                            "Actual Startup Time": 0.05,
                                            "Actual Total Time": 689.229,
                                            "Actual Rows": 4523930,
                                            "Actual Loops": 2
                                          },
                                          {
                                            "Node Type": "Hash",
                                            "Parent Relationship": "Inner",
                                            "Parallel Aware": false,
                                            "Startup Cost": 615265.24,
                                            "Total Cost": 615265.24,
                                            "Plan Rows": 36257824,
                                            "Plan Width": 8,
                                            "Actual Startup Time": 14491.909,
                                            "Actual Total Time": 14491.91,
                                            "Actual Rows": 36244344,
                                            "Actual Loops": 2,
                                            "Hash Buckets": 67108864,
                                            "Original Hash Buckets": 67108864,
                                            "Hash Batches": 1,
                                            "Original Hash Batches": 1,
                                            "Peak Memory Usage": 1940083,
                                            "Plans": [
                                              {
                                                "Node Type": "Seq Scan",
                                                "Parent Relationship": "Outer",
                                                "Parallel Aware": false,
                                                "Relation Name": "cast_info",
                                                "Alias": "ci",
                                                "Startup Cost": 0.0,
                                                "Total Cost": 615265.24,
                                                "Plan Rows": 36257824,
                                                "Plan Width": 8,
                                                "Actual Startup Time": 0.068,
                                                "Actual Total Time": 4158.501,
                                                "Actual Rows": 36244344,
                                                "Actual Loops": 2
                                              }
                                            ]
                                          }
                                        ]
                                      }
                                    ]
                                  }
                                ]
                              }
                            ]
                          }
                        ]
                      }
                    ]
                  }
                ]
              }
            ]
          }
        ]
      }
    ]
  },
  "Planning Time": 7.814,
  "Triggers": [],
  "Execution Time": 100062.654
}