[
  {
    "Plan": {
      "Node Type": "Aggregate",
      "Strategy": "Plain",
      "Partial Mode": "Finalize",
      "Parallel Aware": false,
      "Startup Cost": 78359.72,
      "Total Cost": 78359.73,
      "Plan Rows": 1,
      "Plan Width": 8,
      "Actual Startup Time": 295.168,
      "Actual Total Time": 311.329,
      "Actual Rows": 1,
      "Actual Loops": 1,
      "Plans": [
        {
          "Node Type": "Gather",
          "Parent Relationship": "Outer",
          "Parallel Aware": false,
          "Startup Cost": 78359.4,
          "Total Cost": 78359.71,
          "Plan Rows": 3,
          "Plan Width": 8,
          "Actual Startup Time": 293.997,
          "Actual Total Time": 311.317,
          "Actual Rows": 4,
          "Actual Loops": 1,
          "Workers Planned": 3,
          "Workers Launched": 3,
          "Single Copy": false,
          "Plans": [
            {
              "Node Type": "Aggregate",
              "Strategy": "Plain",
              "Partial Mode": "Partial",
              "Parent Relationship": "Outer",
              "Parallel Aware": false,
              "Startup Cost": 77359.4,
              "Total Cost": 77359.41,
              "Plan Rows": 1,
              "Plan Width": 8,
              "Actual Startup Time": 285.425,
              "Actual Total Time": 285.428,
              "Actual Rows": 1,
              "Actual Loops": 4,
              "Plans": [
                {
                  "Node Type": "Hash Join",
                  "Parent Relationship": "Outer",
                  "Parallel Aware": true,
                  "Join Type": "Inner",
                  "Startup Cost": 46809.89,
                  "Total Cost": 77188.15,
                  "Plan Rows": 68502,
                  "Plan Width": 0,
                  "Actual Startup Time": 143.91,
                  "Actual Total Time": 282.455,
                  "Actual Rows": 51104,
                  "Actual Loops": 4,
                  "Inner Unique": true,
                  "Hash Cond": "(mc.movie_id = t.id)",
                  "Plans": [
                    {
                      "Node Type": "Seq Scan",
                      "Parent Relationship": "Outer",
                      "Parallel Aware": true,
                      "Relation Name": "movie_companies",
                      "Alias": "mc",
                      "Startup Cost": 0.0,
                      "Total Cost": 29310.68,
                      "Plan Rows": 406698,
                      "Plan Width": 4,
                      "Actual Startup Time": 0.025,
                      "Actual Total Time": 79.11,
                      "Actual Rows": 312836,
                      "Actual Loops": 4,
                      "Filter": "(company_id < 11153)",
                      "Rows Removed by Filter": 339446
                    },
                    {
                      "Node Type": "Hash",
                      "Parent Relationship": "Inner",
                      "Parallel Aware": true,
                      "Startup Cost": 45479.1,
                      "Total Cost": 45479.1,
                      "Plan Rows": 106463,
                      "Plan Width": 4,
                      "Actual Startup Time": 139.907,
                      "Actual Total Time": 139.908,
                      "Actual Rows": 78792,
                      "Actual Loops": 4,
                      "Hash Buckets": 524288,
                      "Original Hash Buckets": 524288,
                      "Hash Batches": 1,
                      "Original Hash Batches": 1,
                      "Peak Memory Usage": 16512,
                      "Plans": [
                        {
                          "Node Type": "Seq Scan",
                          "Parent Relationship": "Outer",
                          "Parallel Aware": true,
                          "Relation Name": "title",
                          "Alias": "t",
                          "Startup Cost": 0.0,
                          "Total Cost": 45479.1,
                          "Plan Rows": 106463,
                          "Plan Width": 4,
                          "Actual Startup Time": 0.038,
                          "Actual Total Time": 110.521,
                          "Actual Rows": 78792,
                          "Actual Loops": 4,
                          "Filter": "((production_year < 1991) AND (kind_id = 7))",
                          "Rows Removed by Filter": 553286
                        }
                      ]
                    }
                  ]
                }
              ]
            }
          ]
        }
      ]
    },
    "Planning Time": 0.668,
    "Triggers": [],
    "Execution Time": 311.4
  }
]