[
  {
    "Plan": {
      "Node Type": "Aggregate",
      "Strategy": "Plain",
      "Partial Mode": "Finalize",
      "Parallel Aware": false,
      "Startup Cost": 351098.98,
      "Total Cost": 351098.99,
      "Plan Rows": 1,
      "Plan Width": 8,
      "Actual Startup Time": 1854.835,
      "Actual Total Time": 1892.531,
      "Actual Rows": 1,
      "Actual Loops": 1,
      "Plans": [
        {
          "Node Type": "Gather",
          "Parent Relationship": "Outer",
          "Parallel Aware": false,
          "Startup Cost": 351098.67,
          "Total Cost": 351098.98,
          "Plan Rows": 3,
          "Plan Width": 8,
          "Actual Startup Time": 1841.565,
          "Actual Total Time": 1892.52,
          "Actual Rows": 4,
          "Actual Loops": 1,
          "Workers Planned": 3,
          "Workers Launched": 3,
          "Single Copy": false,
          "Plans": [
            {
              "Node Type": "Aggregate",
              "Strategy": "Plain",
              "Partial Mode": "Partial",
              "Parent Relationship": "Outer",
              "Parallel Aware": false,
              "Startup Cost": 350098.67,
              "Total Cost": 350098.68,
              "Plan Rows": 1,
              "Plan Width": 8,
              "Actual Startup Time": 1836.603,
              "Actual Total Time": 1836.796,
              "Actual Rows": 1,
              "Actual Loops": 4,
              "Plans": [
                {
                  "Node Type": "Hash Join",
                  "Parent Relationship": "Outer",
                  "Parallel Aware": true,
                  "Join Type": "Inner",
                  "Startup Cost": 304366.13,
                  "Total Cost": 349492.31,
                  "Plan Rows": 242543,
                  "Plan Width": 0,
                  "Actual Startup Time": 1072.059,
                  "Actual Total Time": 1622.787,
                  "Actual Rows": 4872516,
                  "Actual Loops": 4,
                  "Inner Unique": false,
                  "Hash Cond": "(mk.movie_id = t.id)",
                  "Plans": [
                    {
                      "Node Type": "Seq Scan",
                      "Parent Relationship": "Outer",
                      "Parallel Aware": true,
                      "Relation Name": "movie_keyword",
                      "Alias": "mk",
                      "Startup Cost": 0.0,
                      "Total Cost": 39047.32,
                      "Plan Rows": 1459332,
                      "Plan Width": 4,
                      "Actual Startup Time": 0.015,
                      "Actual Total Time": 85.416,
                      "Actual Rows": 1130982,
                      "Actual Loops": 4
                    },
                    {
                      "Node Type": "Hash",
                      "Parent Relationship": "Inner",
                      "Parallel Aware": true,
                      "Startup Cost": 303052.92,
                      "Total Cost": 303052.92,
                      "Plan Rows": 105057,
                      "Plan Width": 8,
                      "Actual Startup Time": 1069.436,
                      "Actual Total Time": 1069.628,
                      "Actual Rows": 382040,
                      "Actual Loops": 4,
                      "Hash Buckets": 2097152,
                      "Original Hash Buckets": 524288,
                      "Hash Batches": 1,
                      "Original Hash Batches": 1,
                      "Peak Memory Usage": 88512,
                      "Plans": [
                        {
                          "Node Type": "Hash Join",
                          "Parent Relationship": "Outer",
                          "Parallel Aware": true,
                          "Join Type": "Inner",
                          "Startup Cost": 254237.7,
                          "Total Cost": 303052.92,
                          "Plan Rows": 105057,
                          "Plan Width": 8,
                          "Actual Startup Time": 557.059,
                          "Actual Total Time": 923.734,
                          "Actual Rows": 382040,
                          "Actual Loops": 4,
                          "Inner Unique": false,
                          "Hash Cond": "(t.id = ci.movie_id)",
                          "Plans": [
                            {
                              "Node Type": "Seq Scan",
                              "Parent Relationship": "Outer",
                              "Parallel Aware": true,
                              "Relation Name": "title",
                              "Alias": "t",
                              "Startup Cost": 0.0,
                              "Total Cost": 42319.06,
                              "Plan Rows": 632106,
                              "Plan Width": 4,
                              "Actual Startup Time": 0.018,
                              "Actual Total Time": 78.416,
                              "Actual Rows": 632078,
                              "Actual Loops": 4
                            },
                            {
                              "Node Type": "Hash",
                              "Parent Relationship": "Inner",
                              "Parallel Aware": true,
                              "Startup Cost": 253362.23,
                              "Total Cost": 253362.23,
                              "Plan Rows": 70038,
                              "Plan Width": 4,
                              "Actual Startup Time": 555.932,
                              "Actual Total Time": 555.933,
                              "Actual Rows": 382040,
                              "Actual Loops": 4,
                              "Hash Buckets": 2097152,
                              "Original Hash Buckets": 524288,
                              "Hash Batches": 1,
                              "Original Hash Batches": 1,
                              "Peak Memory Usage": 88512,
                              "Plans": [
                                {
                                  "Node Type": "Index Scan",
                                  "Parent Relationship": "Outer",
                                  "Parallel Aware": true,
                                  "Scan Direction": "Forward",
                                  "Index Name": "role_id_cast_info",
                                  "Relation Name": "cast_info",
                                  "Alias": "ci",
                                  "Startup Cost": 0.56,
                                  "Total Cost": 253362.23,
                                  "Plan Rows": 70038,
                                  "Plan Width": 4,
                                  "Actual Startup Time": 271.313,
                                  "Actual Total Time": 412.5,
                                  "Actual Rows": 382040,
                                  "Actual Loops": 4,
                                  "Index Cond": "(role_id > 4)",
                                  "Rows Removed by Index Recheck": 0,
                                  "Filter": "(person_id > 3760137)",
                                  "Rows Removed by Filter": 1964135
                                }
                              ]
                            }
                          ]
                        }
                      ]
                    }
                  ]
                }
              ]
            }
          ]
        }
      ]
    },
    "Planning Time": 0.764,
    "Triggers": [],
    "Execution Time": 1892.586
  }
]