[
  {
    "Plan": {
      "Node Type": "Aggregate",
      "Strategy": "Plain",
      "Partial Mode": "Finalize",
      "Parallel Aware": false,
      "Startup Cost": 307483.48,
      "Total Cost": 307483.49,
      "Plan Rows": 1,
      "Plan Width": 8,
      "Actual Startup Time": 862.704,
      "Actual Total Time": 921.415,
      "Actual Rows": 1,
      "Actual Loops": 1,
      "Plans": [
        {
          "Node Type": "Gather",
          "Parent Relationship": "Outer",
          "Parallel Aware": false,
          "Startup Cost": 307482.95,
          "Total Cost": 307483.46,
          "Plan Rows": 5,
          "Plan Width": 8,
          "Actual Startup Time": 856.162,
          "Actual Total Time": 921.388,
          "Actual Rows": 6,
          "Actual Loops": 1,
          "Workers Planned": 5,
          "Workers Launched": 5,
          "Single Copy": false,
          "Plans": [
            {
              "Node Type": "Aggregate",
              "Strategy": "Plain",
              "Partial Mode": "Partial",
              "Parent Relationship": "Outer",
              "Parallel Aware": false,
              "Startup Cost": 306482.95,
              "Total Cost": 306482.96,
              "Plan Rows": 1,
              "Plan Width": 8,
              "Actual Startup Time": 846.951,
              "Actual Total Time": 846.957,
              "Actual Rows": 1,
              "Actual Loops": 6,
              "Plans": [
                {
                  "Node Type": "Hash Join",
                  "Parent Relationship": "Outer",
                  "Parallel Aware": true,
                  "Join Type": "Inner",
                  "Startup Cost": 98228.07,
                  "Total Cost": 304936.69,
                  "Plan Rows": 618506,
                  "Plan Width": 0,
                  "Actual Startup Time": 360.337,
                  "Actual Total Time": 834.161,
                  "Actual Rows": 287512,
                  "Actual Loops": 6,
                  "Inner Unique": false,
                  "Hash Cond": "(mi.movie_id = t.id)",
                  "Plans": [
                    {
                      "Node Type": "Seq Scan",
                      "Parent Relationship": "Outer",
                      "Parallel Aware": true,
                      "Relation Name": "movie_info",
                      "Alias": "mi",
                      "Startup Cost": 0.0,
                      "Total Cost": 199108.24,
                      "Plan Rows": 1494718,
                      "Plan Width": 4,
                      "Actual Startup Time": 16.405,
                      "Actual Total Time": 329.012,
                      "Actual Rows": 1258142,
                      "Actual Loops": 6,
                      "Filter": "(info_type_id > 7)",
                      "Rows Removed by Filter": 1214478
                    },
                    {
                      "Node Type": "Hash",
                      "Parent Relationship": "Inner",
                      "Parallel Aware": true,
                      "Startup Cost": 94009.34,
                      "Total Cost": 94009.34,
                      "Plan Rows": 337499,
                      "Plan Width": 8,
                      "Actual Startup Time": 341.503,
                      "Actual Total Time": 341.508,
                      "Actual Rows": 40564,
                      "Actual Loops": 6,
                      "Hash Buckets": 1048576,
                      "Original Hash Buckets": 1048576,
                      "Hash Batches": 1,
                      "Original Hash Batches": 1,
                      "Peak Memory Usage": 17856,
                      "Plans": [
                        {
                          "Node Type": "Hash Join",
                          "Parent Relationship": "Outer",
                          "Parallel Aware": true,
                          "Join Type": "Inner",
                          "Startup Cost": 49625.09,
                          "Total Cost": 94009.34,
                          "Plan Rows": 337499,
                          "Plan Width": 8,
                          "Actual Startup Time": 197.491,
                          "Actual Total Time": 324.194,
                          "Actual Rows": 40564,
                          "Actual Loops": 6,
                          "Inner Unique": true,
                          "Hash Cond": "(mk.movie_id = t.id)",
                          "Plans": [
                            {
                              "Node Type": "Seq Scan",
                              "Parent Relationship": "Outer",
                              "Parallel Aware": true,
                              "Relation Name": "movie_keyword",
                              "Alias": "mk",
                              "Startup Cost": 0.0,
                              "Total Cost": 42695.65,
                              "Plan Rows": 643275,
                              "Plan Width": 4,
                              "Actual Startup Time": 0.034,
                              "Actual Total Time": 75.321,
                              "Actual Rows": 333604,
                              "Actual Loops": 6,
                              "Filter": "(keyword_id < 3546)",
                              "Rows Removed by Filter": 420385
                            },
                            {
                              "Node Type": "Hash",
                              "Parent Relationship": "Inner",
                              "Parallel Aware": true,
                              "Startup Cost": 45479.59,
                              "Total Cost": 45479.59,
                              "Plan Rows": 331640,
                              "Plan Width": 4,
                              "Actual Startup Time": 195.176,
                              "Actual Total Time": 195.177,
                              "Actual Rows": 233225,
                              "Actual Loops": 6,
                              "Hash Buckets": 2097152,
                              "Original Hash Buckets": 2097152,
                              "Hash Batches": 1,
                              "Original Hash Batches": 1,
                              "Peak Memory Usage": 71232,
                              "Plans": [
                                {
                                  "Node Type": "Seq Scan",
                                  "Parent Relationship": "Outer",
                                  "Parallel Aware": true,
                                  "Relation Name": "title",
                                  "Alias": "t",
                                  "Startup Cost": 0.0,
                                  "Total Cost": 45479.59,
                                  "Plan Rows": 331640,
                                  "Plan Width": 4,
                                  "Actual Startup Time": 0.061,
                                  "Actual Total Time": 87.178,
                                  "Actual Rows": 233225,
                                  "Actual Loops": 6,
                                  "Filter": "((production_year > 1964) AND (kind_id = 7))",
                                  "Rows Removed by Filter": 188161
                                }
                              ]
                            }
                          ]
                        }
                      ]
                    }
                  ]
                }
              ]
            }
          ]
        }
      ]
    },
    "Planning Time": 0.47,
    "Triggers": [],
    "Execution Time": 921.471
  }
]