[
  {
    "Plan": {
      "Node Type": "Aggregate",
      "Strategy": "Plain",
      "Partial Mode": "Finalize",
      "Parallel Aware": false,
      "Startup Cost": 33098.13,
      "Total Cost": 33098.14,
      "Plan Rows": 1,
      "Plan Width": 8,
      "Actual Startup Time": 85.96,
      "Actual Total Time": 93.689,
      "Actual Rows": 1,
      "Actual Loops": 1,
      "Plans": [
        {
          "Node Type": "Gather",
          "Parent Relationship": "Outer",
          "Parallel Aware": false,
          "Startup Cost": 33097.82,
          "Total Cost": 33098.13,
          "Plan Rows": 3,
          "Plan Width": 8,
          "Actual Startup Time": 85.814,
          "Actual Total Time": 93.68,
          "Actual Rows": 4,
          "Actual Loops": 1,
          "Workers Planned": 3,
          "Workers Launched": 3,
          "Single Copy": false,
          "Plans": [
            {
              "Node Type": "Aggregate",
              "Strategy": "Plain",
              "Partial Mode": "Partial",
              "Parent Relationship": "Outer",
              "Parallel Aware": false,
              "Startup Cost": 32097.82,
              "Total Cost": 32097.83,
              "Plan Rows": 1,
              "Plan Width": 8,
              "Actual Startup Time": 79.313,
              "Actual Total Time": 79.314,
              "Actual Rows": 1,
              "Actual Loops": 4,
              "Plans": [
                {
                  "Node Type": "Seq Scan",
                  "Parent Relationship": "Outer",
                  "Parallel Aware": true,
                  "Relation Name": "movie_companies",
                  "Alias": "mc",
                  "Startup Cost": 0.0,
                  "Total Cost": 31414.82,
                  "Plan Rows": 273199,
                  "Plan Width": 0,
                  "Actual Startup Time": 0.721,
                  "Actual Total Time": 71.408,
                  "Actual Rows": 163488,
                  "Actual Loops": 4,
                  "Filter": "((company_id > 2589) AND (company_type_id < 2))",
                  "Rows Removed by Filter": 488794
                }
              ]
            }
          ]
        }
      ]
    },
    "Planning Time": 0.1,
    "Triggers": [],
    "Execution Time": 93.718
  }
]