[
  {
    "Plan": {
      "Node Type": "Aggregate",
      "Strategy": "Plain",
      "Partial Mode": "Finalize",
      "Parallel Aware": false,
      "Startup Cost": 343416.47,
      "Total Cost": 343416.48,
      "Plan Rows": 1,
      "Plan Width": 8,
      "Actual Startup Time": 990.566,
      "Actual Total Time": 1038.831,
      "Actual Rows": 1,
      "Actual Loops": 1,
      "Plans": [
        {
          "Node Type": "Gather",
          "Parent Relationship": "Outer",
          "Parallel Aware": false,
          "Startup Cost": 343415.85,
          "Total Cost": 343416.46,
          "Plan Rows": 6,
          "Plan Width": 8,
          "Actual Startup Time": 990.225,
          "Actual Total Time": 1038.817,
          "Actual Rows": 7,
          "Actual Loops": 1,
          "Workers Planned": 6,
          "Workers Launched": 6,
          "Single Copy": false,
          "Plans": [
            {
              "Node Type": "Aggregate",
              "Strategy": "Plain",
              "Partial Mode": "Partial",
              "Parent Relationship": "Outer",
              "Parallel Aware": false,
              "Startup Cost": 342415.85,
              "Total Cost": 342415.86,
              "Plan Rows": 1,
              "Plan Width": 8,
              "Actual Startup Time": 982.044,
              "Actual Total Time": 982.045,
              "Actual Rows": 1,
              "Actual Loops": 7,
              "Plans": [
                {
                  "Node Type": "Seq Scan",
                  "Parent Relationship": "Outer",
                  "Parallel Aware": true,
                  "Relation Name": "cast_info",
                  "Alias": "ci",
                  "Startup Cost": 0.0,
                  "Total Cost": 328211.39,
                  "Plan Rows": 5681782,
                  "Plan Width": 0,
                  "Actual Startup Time": 0.053,
                  "Actual Total Time": 716.777,
                  "Actual Rows": 4878312,
                  "Actual Loops": 7,
                  "Filter": "(person_id < 3652564)",
                  "Rows Removed by Filter": 299451
                }
              ]
            }
          ]
        }
      ]
    },
    "Planning Time": 0.103,
    "Triggers": [],
    "Execution Time": 1038.879
  }
]