{
  "Plan": {
    "Node Type": "Aggregate",
    "Strategy": "Plain",
    "Partial Mode": "Finalize",
    "Parallel Aware": false,
    "Startup Cost": 130898.93,
    "Total Cost": 130898.94,
    "Plan Rows": 1,
    "Plan Width": 8,
    "Actual Startup Time": 875.131,
    "Actual Total Time": 892.734,
    "Actual Rows": 1,
    "Actual Loops": 1,
    "Plans": [
      {
        "Node Type": "Gather",
        "Parent Relationship": "Outer",
        "Parallel Aware": false,
        "Startup Cost": 130898.82,
        "Total Cost": 130898.93,
        "Plan Rows": 1,
        "Plan Width": 8,
        "Actual Startup Time": 871.36,
        "Actual Total Time": 892.725,
        "Actual Rows": 2,
        "Actual Loops": 1,
        "Workers Planned": 1,
        "Workers Launched": 1,
        "Single Copy": false,
        "Plans": [
          {
            "Node Type": "Aggregate",
            "Strategy": "Plain",
            "Partial Mode": "Partial",
            "Parent Relationship": "Outer",
            "Parallel Aware": false,
            "Startup Cost": 129898.82,
            "Total Cost": 129898.83,
            "Plan Rows": 1,
            "Plan Width": 8,
            "Actual Startup Time": 866.748,
            "Actual Total Time": 866.752,
            "Actual Rows": 1,
            "Actual Loops": 2,
            "Plans": [
              {
                "Node Type": "Hash Join",
                "Parent Relationship": "Outer",
                "Parallel Aware": true,
                "Join Type": "Inner",
                "Startup Cost": 68279.12,
                "Total Cost": 126329.96,
                "Plan Rows": 1427543,
                "Plan Width": 0,
                "Actual Startup Time": 416.843,
                "Actual Total Time": 840.261,
                "Actual Rows": 675280,
                "Actual Loops": 2,
                "Inner Unique": true,
                "Hash Cond": "(mk.movie_id = t.id)",
                "Plans": [
                  {
                    "Node Type": "Seq Scan",
                    "Parent Relationship": "Outer",
                    "Parallel Aware": true,
                    "Relation Name": "movie_keyword",
                    "Alias": "mk",
                    "Startup Cost": 0.0,
                    "Total Cost": 51065.35,
                    "Plan Rows": 2661135,
                    "Plan Width": 4,
                    "Actual Startup Time": 0.012,
                    "Actual Total Time": 157.671,
                    "Actual Rows": 2261965,
                    "Actual Loops": 2
                  },
                  {
                    "Node Type": "Hash",
                    "Parent Relationship": "Inner",
                    "Parallel Aware": true,
                    "Startup Cost": 58306.47,
                    "Total Cost": 58306.47,
                    "Plan Rows": 797812,
                    "Plan Width": 4,
                    "Actual Startup Time": 406.187,
                    "Actual Total Time": 406.188,
                    "Actual Rows": 739070,
                    "Actual Loops": 2,
                    "Hash Buckets": 2097152,
                    "Original Hash Buckets": 2097152,
                    "Hash Batches": 1,
                    "Original Hash Batches": 1,
                    "Peak Memory Usage": 74272,
                    "Plans": [
                      {
                        "Node Type": "Seq Scan",
                        "Parent Relationship": "Outer",
                        "Parallel Aware": true,
                        "Relation Name": "title",
                        "Alias": "t",
                        "Startup Cost": 0.0,
                        "Total Cost": 58306.47,
                        "Plan Rows": 797812,
                        "Plan Width": 4,
                        "Actual Startup Time": 0.034,
                        "Actual Total Time": 180.865,
                        "Actual Rows": 739070,
                        "Actual Loops": 2,
                        "Filter": "((kind_id > 1) AND (production_year > 1986))",
                        "Rows Removed by Filter": 525086
                      }
                    ]
                  }
                ]
              }
            ]
          }
        ]
      }
    ]
  },
  "Planning Time": 0.324,
  "Triggers": [],
  "Execution Time": 892.775
}