[
  {
    "Plan": {
      "Node Type": "Aggregate",
      "Strategy": "Plain",
      "Partial Mode": "Finalize",
      "Parallel Aware": false,
      "Startup Cost": 223222.09,
      "Total Cost": 223222.1,
      "Plan Rows": 1,
      "Plan Width": 8,
      "Actual Startup Time": 629.204,
      "Actual Total Time": 669.276,
      "Actual Rows": 1,
      "Actual Loops": 1,
      "Plans": [
        {
          "Node Type": "Gather",
          "Parent Relationship": "Outer",
          "Parallel Aware": false,
          "Startup Cost": 223221.57,
          "Total Cost": 223222.08,
          "Plan Rows": 5,
          "Plan Width": 8,
          "Actual Startup Time": 623.577,
          "Actual Total Time": 669.263,
          "Actual Rows": 6,
          "Actual Loops": 1,
          "Workers Planned": 5,
          "Workers Launched": 5,
          "Single Copy": false,
          "Plans": [
            {
              "Node Type": "Aggregate",
              "Strategy": "Plain",
              "Partial Mode": "Partial",
              "Parent Relationship": "Outer",
              "Parallel Aware": false,
              "Startup Cost": 222221.57,
              "Total Cost": 222221.58,
              "Plan Rows": 1,
              "Plan Width": 8,
              "Actual Startup Time": 617.304,
              "Actual Total Time": 617.641,
              "Actual Rows": 1,
              "Actual Loops": 6,
              "Plans": [
                {
                  "Node Type": "Hash Join",
                  "Parent Relationship": "Outer",
                  "Parallel Aware": true,
                  "Join Type": "Inner",
                  "Startup Cost": 64326.82,
                  "Total Cost": 221998.69,
                  "Plan Rows": 89152,
                  "Plan Width": 0,
                  "Actual Startup Time": 215.156,
                  "Actual Total Time": 601.977,
                  "Actual Rows": 321446,
                  "Actual Loops": 6,
                  "Inner Unique": false,
                  "Hash Cond": "(ci.movie_id = t.id)",
                  "Plans": [
                    {
                      "Node Type": "Index Scan",
                      "Parent Relationship": "Outer",
                      "Parallel Aware": true,
                      "Scan Direction": "Forward",
                      "Index Name": "role_id_cast_info",
                      "Relation Name": "cast_info",
                      "Alias": "ci",
                      "Startup Cost": 0.56,
                      "Total Cost": 153015.11,
                      "Plan Rows": 1142896,
                      "Plan Width": 4,
                      "Actual Startup Time": 0.263,
                      "Actual Total Time": 187.988,
                      "Actual Rows": 955449,
                      "Actual Loops": 6,
                      "Index Cond": "(role_id > 8)",
                      "Rows Removed by Index Recheck": 0
                    },
                    {
                      "Node Type": "Hash",
                      "Parent Relationship": "Inner",
                      "Parallel Aware": true,
                      "Startup Cost": 63299.0,
                      "Total Cost": 63299.0,
                      "Plan Rows": 82180,
                      "Plan Width": 8,
                      "Actual Startup Time": 213.724,
                      "Actual Total Time": 214.059,
                      "Actual Rows": 64159,
                      "Actual Loops": 6,
                      "Hash Buckets": 524288,
                      "Original Hash Buckets": 262144,
                      "Hash Batches": 1,
                      "Original Hash Batches": 1,
                      "Peak Memory Usage": 21312,
                      "Plans": [
                        {
                          "Node Type": "Hash Join",
                          "Parent Relationship": "Outer",
                          "Parallel Aware": true,
                          "Join Type": "Inner",
                          "Startup Cost": 47165.01,
                          "Total Cost": 63299.0,
                          "Plan Rows": 82180,
                          "Plan Width": 8,
                          "Actual Startup Time": 147.061,
                          "Actual Total Time": 187.832,
                          "Actual Rows": 64159,
                          "Actual Loops": 6,
                          "Inner Unique": true,
                          "Hash Cond": "(mi_idx.movie_id = t.id)",
                          "Plans": [
                            {
                              "Node Type": "Seq Scan",
                              "Parent Relationship": "Outer",
                              "Parallel Aware": true,
                              "Relation Name": "movie_info_idx",
                              "Alias": "mi_idx",
                              "Startup Cost": 0.0,
                              "Total Cost": 15122.68,
                              "Plan Rows": 385260,
                              "Plan Width": 4,
                              "Actual Startup Time": 0.011,
                              "Actual Total Time": 28.538,
                              "Actual Rows": 153352,
                              "Actual Loops": 6,
                              "Filter": "(info_type_id > 99)",
                              "Rows Removed by Filter": 76654
                            },
                            {
                              "Node Type": "Hash",
                              "Parent Relationship": "Inner",
                              "Parallel Aware": true,
                              "Startup Cost": 45479.59,
                              "Total Cost": 45479.59,
                              "Plan Rows": 134834,
                              "Plan Width": 4,
                              "Actual Startup Time": 124.408,
                              "Actual Total Time": 124.41,
                              "Actual Rows": 92886,
                              "Actual Loops": 6,
                              "Hash Buckets": 1048576,
                              "Original Hash Buckets": 1048576,
                              "Hash Batches": 1,
                              "Original Hash Batches": 1,
                              "Peak Memory Usage": 30080,
                              "Plans": [
                                {
                                  "Node Type": "Seq Scan",
                                  "Parent Relationship": "Outer",
                                  "Parallel Aware": true,
                                  "Relation Name": "title",
                                  "Alias": "t",
                                  "Startup Cost": 0.0,
                                  "Total Cost": 45479.59,
                                  "Plan Rows": 134834,
                                  "Plan Width": 4,
                                  "Actual Startup Time": 47.466,
                                  "Actual Total Time": 81.907,
                                  "Actual Rows": 92886,
                                  "Actual Loops": 6,
                                  "Filter": "((production_year < 2011) AND (kind_id = 1))",
                                  "Rows Removed by Filter": 328499
                                }
                              ]
                            }
                          ]
                        }
                      ]
                    }
                  ]
                }
              ]
            }
          ]
        }
      ]
    },
    "Planning Time": 0.546,
    "Triggers": [],
    "Execution Time": 669.339
  }
]