[
  {
    "Plan": {
      "Node Type": "Aggregate",
      "Strategy": "Plain",
      "Partial Mode": "Finalize",
      "Parallel Aware": false,
      "Startup Cost": 98514.56,
      "Total Cost": 98514.57,
      "Plan Rows": 1,
      "Plan Width": 8,
      "Actual Startup Time": 92.558,
      "Actual Total Time": 107.685,
      "Actual Rows": 1,
      "Actual Loops": 1,
      "Plans": [
        {
          "Node Type": "Gather",
          "Parent Relationship": "Outer",
          "Parallel Aware": false,
          "Startup Cost": 98514.14,
          "Total Cost": 98514.55,
          "Plan Rows": 4,
          "Plan Width": 8,
          "Actual Startup Time": 92.365,
          "Actual Total Time": 107.672,
          "Actual Rows": 5,
          "Actual Loops": 1,
          "Workers Planned": 4,
          "Workers Launched": 4,
          "Single Copy": false,
          "Plans": [
            {
              "Node Type": "Aggregate",
              "Strategy": "Plain",
              "Partial Mode": "Partial",
              "Parent Relationship": "Outer",
              "Parallel Aware": false,
              "Startup Cost": 97514.14,
              "Total Cost": 97514.15,
              "Plan Rows": 1,
              "Plan Width": 8,
              "Actual Startup Time": 87.398,
              "Actual Total Time": 87.402,
              "Actual Rows": 1,
              "Actual Loops": 5,
              "Plans": [
                {
                  "Node Type": "Nested Loop",
                  "Parent Relationship": "Outer",
                  "Parallel Aware": false,
                  "Join Type": "Inner",
                  "Startup Cost": 0.43,
                  "Total Cost": 97508.57,
                  "Plan Rows": 2227,
                  "Plan Width": 0,
                  "Actual Startup Time": 50.894,
                  "Actual Total Time": 87.158,
                  "Actual Rows": 2641,
                  "Actual Loops": 5,
                  "Inner Unique": false,
                  "Plans": [
                    {
                      "Node Type": "Seq Scan",
                      "Parent Relationship": "Outer",
                      "Parallel Aware": true,
                      "Relation Name": "title",
                      "Alias": "t",
                      "Startup Cost": 0.0,
                      "Total Cost": 43899.32,
                      "Plan Rows": 379,
                      "Plan Width": 4,
                      "Actual Startup Time": 50.759,
                      "Actual Total Time": 75.241,
                      "Actual Rows": 227,
                      "Actual Loops": 5,
                      "Filter": "(production_year = 1904)",
                      "Rows Removed by Filter": 505435
                    },
                    {
                      "Node Type": "Index Only Scan",
                      "Parent Relationship": "Inner",
                      "Parallel Aware": false,
                      "Scan Direction": "Forward",
                      "Index Name": "movie_id_movie_info",
                      "Relation Name": "movie_info",
                      "Alias": "mi",
                      "Startup Cost": 0.43,
                      "Total Cost": 141.04,
                      "Plan Rows": 41,
                      "Plan Width": 4,
                      "Actual Startup Time": 0.019,
                      "Actual Total Time": 0.051,
                      "Actual Rows": 12,
                      "Actual Loops": 1136,
                      "Index Cond": "(movie_id = t.id)",
                      "Rows Removed by Index Recheck": 0,
                      "Heap Fetches": 13207
                    }
                  ]
                }
              ]
            }
          ]
        }
      ]
    },
    "Planning Time": 0.207,
    "Triggers": [],
    "Execution Time": 107.723
  }
]