[
  {
    "Plan": {
      "Node Type": "Aggregate",
      "Strategy": "Plain",
      "Partial Mode": "Finalize",
      "Parallel Aware": false,
      "Startup Cost": 653350.27,
      "Total Cost": 653350.28,
      "Plan Rows": 1,
      "Plan Width": 8,
      "Actual Startup Time": 6711.235,
      "Actual Total Time": 6798.068,
      "Actual Rows": 1,
      "Actual Loops": 1,
      "Plans": [
        {
          "Node Type": "Gather",
          "Parent Relationship": "Outer",
          "Parallel Aware": false,
          "Startup Cost": 653349.64,
          "Total Cost": 653350.25,
          "Plan Rows": 6,
          "Plan Width": 8,
          "Actual Startup Time": 6669.187,
          "Actual Total Time": 6798.053,
          "Actual Rows": 7,
          "Actual Loops": 1,
          "Workers Planned": 6,
          "Workers Launched": 6,
          "Single Copy": false,
          "Plans": [
            {
              "Node Type": "Aggregate",
              "Strategy": "Plain",
              "Partial Mode": "Partial",
              "Parent Relationship": "Outer",
              "Parallel Aware": false,
              "Startup Cost": 652349.64,
              "Total Cost": 652349.65,
              "Plan Rows": 1,
              "Plan Width": 8,
              "Actual Startup Time": 6636.989,
              "Actual Total Time": 6637.911,
              "Actual Rows": 1,
              "Actual Loops": 7,
              "Plans": [
                {
                  "Node Type": "Hash Join",
                  "Parent Relationship": "Outer",
                  "Parallel Aware": true,
                  "Join Type": "Inner",
                  "Startup Cost": 259386.63,
                  "Total Cost": 620542.15,
                  "Plan Rows": 12722998,
                  "Plan Width": 0,
                  "Actual Startup Time": 1216.398,
                  "Actual Total Time": 5824.907,
                  "Actual Rows": 19956744,
                  "Actual Loops": 7,
                  "Inner Unique": false,
                  "Hash Cond": "(ci.movie_id = t.id)",
                  "Plans": [
                    {
                      "Node Type": "Seq Scan",
                      "Parent Relationship": "Outer",
                      "Parallel Aware": true,
                      "Relation Name": "cast_info",
                      "Alias": "ci",
                      "Startup Cost": 0.0,
                      "Total Cost": 313067.02,
                      "Plan Rows": 6038002,
                      "Plan Width": 4,
                      "Actual Startup Time": 0.02,
                      "Actual Total Time": 520.171,
                      "Actual Rows": 5177763,
                      "Actual Loops": 7
                    },
                    {
                      "Node Type": "Hash",
                      "Parent Relationship": "Inner",
                      "Parallel Aware": true,
                      "Startup Cost": 246067.88,
                      "Total Cost": 246067.88,
                      "Plan Rows": 1065500,
                      "Plan Width": 8,
                      "Actual Startup Time": 1206.354,
                      "Actual Total Time": 1207.273,
                      "Actual Rows": 621688,
                      "Actual Loops": 7,
                      "Hash Buckets": 8388608,
                      "Original Hash Buckets": 8388608,
                      "Hash Batches": 1,
                      "Original Hash Batches": 1,
                      "Peak Memory Usage": 235904,
                      "Plans": [
                        {
                          "Node Type": "Hash Join",
                          "Parent Relationship": "Outer",
                          "Parallel Aware": true,
                          "Join Type": "Inner",
                          "Startup Cost": 46746.12,
                          "Total Cost": 246067.88,
                          "Plan Rows": 1065500,
                          "Plan Width": 8,
                          "Actual Startup Time": 145.692,
                          "Actual Total Time": 937.581,
                          "Actual Rows": 621688,
                          "Actual Loops": 7,
                          "Inner Unique": true,
                          "Hash Cond": "(mi.movie_id = t.id)",
                          "Plans": [
                            {
                              "Node Type": "Seq Scan",
                              "Parent Relationship": "Outer",
                              "Parallel Aware": true,
                              "Relation Name": "movie_info",
                              "Alias": "mi",
                              "Startup Cost": 0.0,
                              "Total Cost": 191560.33,
                              "Plan Rows": 2956733,
                              "Plan Width": 4,
                              "Actual Startup Time": 0.028,
                              "Actual Total Time": 272.145,
                              "Actual Rows": 2119389,
                              "Actual Loops": 7
                            },
                            {
                              "Node Type": "Hash",
                              "Parent Relationship": "Inner",
                              "Parallel Aware": true,
                              "Startup Cost": 43898.92,
                              "Total Cost": 43898.92,
                              "Plan Rows": 227776,
                              "Plan Width": 4,
                              "Actual Startup Time": 143.665,
                              "Actual Total Time": 143.666,
                              "Actual Rows": 129213,
                              "Actual Loops": 7,
                              "Hash Buckets": 1048576,
                              "Original Hash Buckets": 1048576,
                              "Hash Batches": 1,
                              "Original Hash Batches": 1,
                              "Peak Memory Usage": 43680,
                              "Plans": [
                                {
                                  "Node Type": "Seq Scan",
                                  "Parent Relationship": "Outer",
                                  "Parallel Aware": true,
                                  "Relation Name": "title",
                                  "Alias": "t",
                                  "Startup Cost": 0.0,
                                  "Total Cost": 43898.92,
                                  "Plan Rows": 227776,
                                  "Plan Width": 4,
                                  "Actual Startup Time": 0.041,
                                  "Actual Total Time": 79.57,
                                  "Actual Rows": 129213,
                                  "Actual Loops": 7,
                                  "Filter": "(production_year > 2006)",
                                  "Rows Removed by Filter": 231974
                                }
                              ]
                            }
                          ]
                        }
                      ]
                    }
                  ]
                }
              ]
            }
          ]
        }
      ]
    },
    "Planning Time": 1.3,
    "Triggers": [],
    "Execution Time": 6798.171
  }
]