[
  {
    "Plan": {
      "Node Type": "Aggregate",
      "Strategy": "Plain",
      "Partial Mode": "Finalize",
      "Parallel Aware": false,
      "Startup Cost": 351796.64,
      "Total Cost": 351796.65,
      "Plan Rows": 1,
      "Plan Width": 8,
      "Actual Startup Time": 424.177,
      "Actual Total Time": 488.575,
      "Actual Rows": 1,
      "Actual Loops": 1,
      "Plans": [
        {
          "Node Type": "Gather",
          "Parent Relationship": "Outer",
          "Parallel Aware": false,
          "Startup Cost": 351796.22,
          "Total Cost": 351796.63,
          "Plan Rows": 4,
          "Plan Width": 8,
          "Actual Startup Time": 424.033,
          "Actual Total Time": 488.559,
          "Actual Rows": 5,
          "Actual Loops": 1,
          "Workers Planned": 4,
          "Workers Launched": 4,
          "Single Copy": false,
          "Plans": [
            {
              "Node Type": "Aggregate",
              "Strategy": "Plain",
              "Partial Mode": "Partial",
              "Parent Relationship": "Outer",
              "Parallel Aware": false,
              "Startup Cost": 350796.22,
              "Total Cost": 350796.23,
              "Plan Rows": 1,
              "Plan Width": 8,
              "Actual Startup Time": 414.37,
              "Actual Total Time": 414.372,
              "Actual Rows": 1,
              "Actual Loops": 5,
              "Plans": [
                {
                  "Node Type": "Nested Loop",
                  "Parent Relationship": "Outer",
                  "Parallel Aware": false,
                  "Join Type": "Inner",
                  "Startup Cost": 0.56,
                  "Total Cost": 350639.93,
                  "Plan Rows": 62517,
                  "Plan Width": 0,
                  "Actual Startup Time": 0.342,
                  "Actual Total Time": 410.147,
                  "Actual Rows": 51817,
                  "Actual Loops": 5,
                  "Inner Unique": false,
                  "Plans": [
                    {
                      "Node Type": "Seq Scan",
                      "Parent Relationship": "Outer",
                      "Parallel Aware": true,
                      "Relation Name": "title",
                      "Alias": "t",
                      "Startup Cost": 0.0,
                      "Total Cost": 43898.92,
                      "Plan Rows": 11124,
                      "Plan Width": 4,
                      "Actual Startup Time": 0.068,
                      "Actual Total Time": 61.655,
                      "Actual Rows": 9317,
                      "Actual Loops": 5,
                      "Filter": "(production_year = 1998)",
                      "Rows Removed by Filter": 496346
                    },
                    {
                      "Node Type": "Index Scan",
                      "Parent Relationship": "Inner",
                      "Parallel Aware": false,
                      "Scan Direction": "Forward",
                      "Index Name": "movie_id_cast_info",
                      "Relation Name": "cast_info",
                      "Alias": "ci",
                      "Startup Cost": 0.56,
                      "Total Cost": 27.43,
                      "Plan Rows": 14,
                      "Plan Width": 4,
                      "Actual Startup Time": 0.009,
                      "Actual Total Time": 0.036,
                      "Actual Rows": 6,
                      "Actual Loops": 46583,
                      "Index Cond": "(movie_id = t.id)",
                      "Rows Removed by Index Recheck": 0,
                      "Filter": "(person_id < 1398453)",
                      "Rows Removed by Filter": 9
                    }
                  ]
                }
              ]
            }
          ]
        }
      ]
    },
    "Planning Time": 0.617,
    "Triggers": [],
    "Execution Time": 488.667
  }
]