[
  {
    "Plan": {
      "Node Type": "Aggregate",
      "Strategy": "Plain",
      "Partial Mode": "Finalize",
      "Parallel Aware": false,
      "Startup Cost": 72740.51,
      "Total Cost": 72740.52,
      "Plan Rows": 1,
      "Plan Width": 8,
      "Actual Startup Time": 160.985,
      "Actual Total Time": 174.164,
      "Actual Rows": 1,
      "Actual Loops": 1,
      "Plans": [
        {
          "Node Type": "Gather",
          "Parent Relationship": "Outer",
          "Parallel Aware": false,
          "Startup Cost": 72740.19,
          "Total Cost": 72740.5,
          "Plan Rows": 3,
          "Plan Width": 8,
          "Actual Startup Time": 160.263,
          "Actual Total Time": 174.155,
          "Actual Rows": 4,
          "Actual Loops": 1,
          "Workers Planned": 3,
          "Workers Launched": 3,
          "Single Copy": false,
          "Plans": [
            {
              "Node Type": "Aggregate",
              "Strategy": "Plain",
              "Partial Mode": "Partial",
              "Parent Relationship": "Outer",
              "Parallel Aware": false,
              "Startup Cost": 71740.19,
              "Total Cost": 71740.2,
              "Plan Rows": 1,
              "Plan Width": 8,
              "Actual Startup Time": 153.771,
              "Actual Total Time": 153.774,
              "Actual Rows": 1,
              "Actual Loops": 4,
              "Plans": [
                {
                  "Node Type": "Hash Join",
                  "Parent Relationship": "Outer",
                  "Parallel Aware": true,
                  "Join Type": "Inner",
                  "Startup Cost": 46742.53,
                  "Total Cost": 71734.56,
                  "Plan Rows": 2252,
                  "Plan Width": 0,
                  "Actual Startup Time": 118.693,
                  "Actual Total Time": 153.678,
                  "Actual Rows": 896,
                  "Actual Loops": 4,
                  "Inner Unique": true,
                  "Hash Cond": "(mk.movie_id = t.id)",
                  "Plans": [
                    {
                      "Node Type": "Bitmap Heap Scan",
                      "Parent Relationship": "Outer",
                      "Parallel Aware": true,
                      "Relation Name": "movie_keyword",
                      "Alias": "mk",
                      "Startup Cost": 2343.06,
                      "Total Cost": 27241.71,
                      "Plan Rows": 35572,
                      "Plan Width": 4,
                      "Actual Startup Time": 11.797,
                      "Actual Total Time": 40.968,
                      "Actual Rows": 27780,
                      "Actual Loops": 4,
                      "Recheck Cond": "(keyword_id > 79931)",
                      "Rows Removed by Index Recheck": 0,
                      "Exact Heap Blocks": 6040,
                      "Lossy Heap Blocks": 0,
                      "Plans": [
                        {
                          "Node Type": "Bitmap Index Scan",
                          "Parent Relationship": "Outer",
                          "Parallel Aware": false,
                          "Index Name": "keyword_id_movie_keyword",
                          "Startup Cost": 0.0,
                          "Total Cost": 2315.49,
                          "Plan Rows": 110274,
                          "Plan Width": 0,
                          "Actual Startup Time": 8.937,
                          "Actual Total Time": 8.937,
                          "Actual Rows": 111118,
                          "Actual Loops": 1,
                          "Index Cond": "(keyword_id > 79931)"
                        }
                      ]
                    },
                    {
                      "Node Type": "Hash",
                      "Parent Relationship": "Inner",
                      "Parallel Aware": true,
                      "Startup Cost": 43899.32,
                      "Total Cost": 43899.32,
                      "Plan Rows": 40012,
                      "Plan Width": 4,
                      "Actual Startup Time": 104.693,
                      "Actual Total Time": 104.694,
                      "Actual Rows": 41077,
                      "Actual Loops": 4,
                      "Hash Buckets": 262144,
                      "Original Hash Buckets": 262144,
                      "Hash Batches": 1,
                      "Original Hash Batches": 1,
                      "Peak Memory Usage": 8544,
                      "Plans": [
                        {
                          "Node Type": "Seq Scan",
                          "Parent Relationship": "Outer",
                          "Parallel Aware": true,
                          "Relation Name": "title",
                          "Alias": "t",
                          "Startup Cost": 0.0,
                          "Total Cost": 43899.32,
                          "Plan Rows": 40012,
                          "Plan Width": 4,
                          "Actual Startup Time": 0.04,
                          "Actual Total Time": 88.984,
                          "Actual Rows": 41077,
                          "Actual Loops": 4,
                          "Filter": "(production_year = 2012)",
                          "Rows Removed by Filter": 591001
                        }
                      ]
                    }
                  ]
                }
              ]
            }
          ]
        }
      ]
    },
    "Planning Time": 0.404,
    "Triggers": [],
    "Execution Time": 174.232
  }
]