[
  {
    "Plan": {
      "Node Type": "Aggregate",
      "Strategy": "Plain",
      "Partial Mode": "Finalize",
      "Parallel Aware": false,
      "Startup Cost": 23011.9,
      "Total Cost": 23011.91,
      "Plan Rows": 1,
      "Plan Width": 8,
      "Actual Startup Time": 30.527,
      "Actual Total Time": 34.911,
      "Actual Rows": 1,
      "Actual Loops": 1,
      "Plans": [
        {
          "Node Type": "Gather",
          "Parent Relationship": "Outer",
          "Parallel Aware": false,
          "Startup Cost": 23011.79,
          "Total Cost": 23011.9,
          "Plan Rows": 1,
          "Plan Width": 8,
          "Actual Startup Time": 30.313,
          "Actual Total Time": 34.902,
          "Actual Rows": 2,
          "Actual Loops": 1,
          "Workers Planned": 1,
          "Workers Launched": 1,
          "Single Copy": false,
          "Plans": [
            {
              "Node Type": "Aggregate",
              "Strategy": "Plain",
              "Partial Mode": "Partial",
              "Parent Relationship": "Outer",
              "Parallel Aware": false,
              "Startup Cost": 22011.79,
              "Total Cost": 22011.8,
              "Plan Rows": 1,
              "Plan Width": 8,
              "Actual Startup Time": 24.081,
              "Actual Total Time": 24.083,
              "Actual Rows": 1,
              "Actual Loops": 2,
              "Plans": [
                {
                  "Node Type": "Nested Loop",
                  "Parent Relationship": "Outer",
                  "Parallel Aware": false,
                  "Join Type": "Inner",
                  "Startup Cost": 68.88,
                  "Total Cost": 22011.72,
                  "Plan Rows": 26,
                  "Plan Width": 0,
                  "Actual Startup Time": 3.152,
                  "Actual Total Time": 24.064,
                  "Actual Rows": 24,
                  "Actual Loops": 2,
                  "Inner Unique": false,
                  "Plans": [
                    {
                      "Node Type": "Nested Loop",
                      "Parent Relationship": "Outer",
                      "Parallel Aware": false,
                      "Join Type": "Inner",
                      "Startup Cost": 68.45,
                      "Total Cost": 21897.38,
                      "Plan Rows": 149,
                      "Plan Width": 8,
                      "Actual Startup Time": 2.242,
                      "Actual Total Time": 23.333,
                      "Actual Rows": 63,
                      "Actual Loops": 2,
                      "Inner Unique": true,
                      "Plans": [
                        {
                          "Node Type": "Bitmap Heap Scan",
                          "Parent Relationship": "Outer",
                          "Parallel Aware": true,
                          "Relation Name": "movie_companies",
                          "Alias": "mc",
                          "Startup Cost": 68.02,
                          "Total Cost": 8083.96,
                          "Plan Rows": 1791,
                          "Plan Width": 4,
                          "Actual Startup Time": 1.634,
                          "Actual Total Time": 5.194,
                          "Actual Rows": 1892,
                          "Actual Loops": 2,
                          "Recheck Cond": "(company_id = 329)",
                          "Rows Removed by Index Recheck": 0,
                          "Exact Heap Blocks": 1284,
                          "Lossy Heap Blocks": 0,
                          "Plans": [
                            {
                              "Node Type": "Bitmap Index Scan",
                              "Parent Relationship": "Outer",
                              "Parallel Aware": false,
                              "Index Name": "company_id_movie_companies",
                              "Startup Cost": 0.0,
                              "Total Cost": 67.26,
                              "Plan Rows": 3044,
                              "Plan Width": 0,
                              "Actual Startup Time": 2.491,
                              "Actual Total Time": 2.492,
                              "Actual Rows": 3783,
                              "Actual Loops": 1,
                              "Index Cond": "(company_id = 329)"
                            }
                          ]
                        },
                        {
                          "Node Type": "Index Scan",
                          "Parent Relationship": "Inner",
                          "Parallel Aware": false,
                          "Scan Direction": "Forward",
                          "Index Name": "title_pkey",
                          "Relation Name": "title",
                          "Alias": "t",
                          "Startup Cost": 0.43,
                          "Total Cost": 7.71,
                          "Plan Rows": 1,
                          "Plan Width": 4,
                          "Actual Startup Time": 0.009,
                          "Actual Total Time": 0.009,
                          "Actual Rows": 0,
                          "Actual Loops": 3783,
                          "Index Cond": "(id = mc.movie_id)",
                          "Rows Removed by Index Recheck": 0,
                          "Filter": "((kind_id < 7) AND (production_year > 2009))",
                          "Rows Removed by Filter": 1
                        }
                      ]
                    },
                    {
                      "Node Type": "Index Scan",
                      "Parent Relationship": "Inner",
                      "Parallel Aware": false,
                      "Scan Direction": "Forward",
                      "Index Name": "movie_id_movie_info_idx",
                      "Relation Name": "movie_info_idx",
                      "Alias": "mi_idx",
                      "Startup Cost": 0.43,
                      "Total Cost": 0.76,
                      "Plan Rows": 1,
                      "Plan Width": 4,
                      "Actual Startup Time": 0.01,
                      "Actual Total Time": 0.011,
                      "Actual Rows": 0,
                      "Actual Loops": 126,
                      "Index Cond": "(movie_id = t.id)",
                      "Rows Removed by Index Recheck": 0,
                      "Filter": "(info_type_id < 100)",
                      "Rows Removed by Filter": 1
                    }
                  ]
                }
              ]
            }
          ]
        }
      ]
    },
    "Planning Time": 1.437,
    "Triggers": [],
    "Execution Time": 35.011
  }
]