[
  {
    "Plan": {
      "Node Type": "Aggregate",
      "Strategy": "Plain",
      "Partial Mode": "Finalize",
      "Parallel Aware": false,
      "Startup Cost": 470309.73,
      "Total Cost": 470309.74,
      "Plan Rows": 1,
      "Plan Width": 8,
      "Actual Startup Time": 3249.236,
      "Actual Total Time": 3313.889,
      "Actual Rows": 1,
      "Actual Loops": 1,
      "Plans": [
        {
          "Node Type": "Gather",
          "Parent Relationship": "Outer",
          "Parallel Aware": false,
          "Startup Cost": 470309.11,
          "Total Cost": 470309.72,
          "Plan Rows": 6,
          "Plan Width": 8,
          "Actual Startup Time": 3229.957,
          "Actual Total Time": 3313.859,
          "Actual Rows": 7,
          "Actual Loops": 1,
          "Workers Planned": 6,
          "Workers Launched": 6,
          "Single Copy": false,
          "Plans": [
            {
              "Node Type": "Aggregate",
              "Strategy": "Plain",
              "Partial Mode": "Partial",
              "Parent Relationship": "Outer",
              "Parallel Aware": false,
              "Startup Cost": 469309.11,
              "Total Cost": 469309.12,
              "Plan Rows": 1,
              "Plan Width": 8,
              "Actual Startup Time": 3209.039,
              "Actual Total Time": 3209.492,
              "Actual Rows": 1,
              "Actual Loops": 7,
              "Plans": [
                {
                  "Node Type": "Hash Join",
                  "Parent Relationship": "Outer",
                  "Parallel Aware": true,
                  "Join Type": "Inner",
                  "Startup Cost": 107051.18,
                  "Total Cost": 459836.16,
                  "Plan Rows": 3789179,
                  "Plan Width": 0,
                  "Actual Startup Time": 557.958,
                  "Actual Total Time": 2762.108,
                  "Actual Rows": 10560359,
                  "Actual Loops": 7,
                  "Inner Unique": false,
                  "Hash Cond": "(ci.movie_id = t.id)",
                  "Plans": [
                    {
                      "Node Type": "Seq Scan",
                      "Parent Relationship": "Outer",
                      "Parallel Aware": true,
                      "Relation Name": "cast_info",
                      "Alias": "ci",
                      "Startup Cost": 0.0,
                      "Total Cost": 328162.03,
                      "Plan Rows": 3306611,
                      "Plan Width": 4,
                      "Actual Startup Time": 0.022,
                      "Actual Total Time": 623.346,
                      "Actual Rows": 2874666,
                      "Actual Loops": 7,
                      "Filter": "(role_id < 3)",
                      "Rows Removed by Filter": 2303098
                    },
                    {
                      "Node Type": "Hash",
                      "Parent Relationship": "Inner",
                      "Parallel Aware": true,
                      "Startup Cost": 95368.63,
                      "Total Cost": 95368.63,
                      "Plan Rows": 934604,
                      "Plan Width": 8,
                      "Actual Startup Time": 551.27,
                      "Actual Total Time": 551.721,
                      "Actual Rows": 411862,
                      "Actual Loops": 7,
                      "Hash Buckets": 4194304,
                      "Original Hash Buckets": 4194304,
                      "Hash Batches": 1,
                      "Original Hash Batches": 1,
                      "Peak Memory Usage": 145664,
                      "Plans": [
                        {
                          "Node Type": "Hash Join",
                          "Parent Relationship": "Outer",
                          "Parallel Aware": true,
                          "Join Type": "Inner",
                          "Startup Cost": 50219.64,
                          "Total Cost": 95368.63,
                          "Plan Rows": 934604,
                          "Plan Width": 8,
                          "Actual Startup Time": 250.35,
                          "Actual Total Time": 420.038,
                          "Actual Rows": 411862,
                          "Actual Loops": 7,
                          "Inner Unique": true,
                          "Hash Cond": "(mk.movie_id = t.id)",
                          "Plans": [
                            {
                              "Node Type": "Seq Scan",
                              "Parent Relationship": "Outer",
                              "Parallel Aware": true,
                              "Relation Name": "movie_keyword",
                              "Alias": "mk",
                              "Startup Cost": 0.0,
                              "Total Cost": 42695.65,
                              "Plan Rows": 934604,
                              "Plan Width": 4,
                              "Actual Startup Time": 0.123,
                              "Actual Total Time": 80.52,
                              "Actual Rows": 411862,
                              "Actual Loops": 7,
                              "Filter": "(keyword_id > 2488)",
                              "Rows Removed by Filter": 234414
                            },
                            {
                              "Node Type": "Hash",
                              "Parent Relationship": "Inner",
                              "Parallel Aware": true,
                              "Startup Cost": 42318.73,
                              "Total Cost": 42318.73,
                              "Plan Rows": 632073,
                              "Plan Width": 4,
                              "Actual Startup Time": 246.802,
                              "Actual Total Time": 246.803,
                              "Actual Rows": 361187,
                              "Actual Loops": 7,
                              "Hash Buckets": 4194304,
                              "Original Hash Buckets": 4194304,
                              "Hash Batches": 1,
                              "Original Hash Batches": 1,
                              "Peak Memory Usage": 131776,
                              "Plans": [
                                {
                                  "Node Type": "Seq Scan",
                                  "Parent Relationship": "Outer",
                                  "Parallel Aware": true,
                                  "Relation Name": "title",
                                  "Alias": "t",
                                  "Startup Cost": 0.0,
                                  "Total Cost": 42318.73,
                                  "Plan Rows": 632073,
                                  "Plan Width": 4,
                                  "Actual Startup Time": 0.06,
                                  "Actual Total Time": 71.694,
                                  "Actual Rows": 361187,
                                  "Actual Loops": 7
                                }
                              ]
                            }
                          ]
                        }
                      ]
                    }
                  ]
                }
              ]
            }
          ]
        }
      ]
    },
    "Planning Time": 1.288,
    "Triggers": [],
    "Execution Time": 3313.981
  }
]