[
  {
    "Plan": {
      "Node Type": "Aggregate",
      "Strategy": "Plain",
      "Partial Mode": "Finalize",
      "Parallel Aware": false,
      "Startup Cost": 397229.84,
      "Total Cost": 397229.85,
      "Plan Rows": 1,
      "Plan Width": 8,
      "Actual Startup Time": 1263.977,
      "Actual Total Time": 1298.54,
      "Actual Rows": 1,
      "Actual Loops": 1,
      "Plans": [
        {
          "Node Type": "Gather",
          "Parent Relationship": "Outer",
          "Parallel Aware": false,
          "Startup Cost": 397229.21,
          "Total Cost": 397229.82,
          "Plan Rows": 6,
          "Plan Width": 8,
          "Actual Startup Time": 1255.582,
          "Actual Total Time": 1298.53,
          "Actual Rows": 7,
          "Actual Loops": 1,
          "Workers Planned": 6,
          "Workers Launched": 6,
          "Single Copy": false,
          "Plans": [
            {
              "Node Type": "Aggregate",
              "Strategy": "Plain",
              "Partial Mode": "Partial",
              "Parent Relationship": "Outer",
              "Parallel Aware": false,
              "Startup Cost": 396229.21,
              "Total Cost": 396229.22,
              "Plan Rows": 1,
              "Plan Width": 8,
              "Actual Startup Time": 1248.034,
              "Actual Total Time": 1248.038,
              "Actual Rows": 1,
              "Actual Loops": 7,
              "Plans": [
                {
                  "Node Type": "Hash Join",
                  "Parent Relationship": "Outer",
                  "Parallel Aware": true,
                  "Join Type": "Inner",
                  "Startup Cost": 47060.67,
                  "Total Cost": 394615.06,
                  "Plan Rows": 645659,
                  "Plan Width": 0,
                  "Actual Startup Time": 440.304,
                  "Actual Total Time": 1202.383,
                  "Actual Rows": 885101,
                  "Actual Loops": 7,
                  "Inner Unique": true,
                  "Hash Cond": "(ci.movie_id = t.id)",
                  "Plans": [
                    {
                      "Node Type": "Seq Scan",
                      "Parent Relationship": "Outer",
                      "Parallel Aware": true,
                      "Relation Name": "cast_info",
                      "Alias": "ci",
                      "Startup Cost": 0.0,
                      "Total Cost": 343318.94,
                      "Plan Rows": 1613502,
                      "Plan Width": 4,
                      "Actual Startup Time": 308.86,
                      "Actual Total Time": 615.552,
                      "Actual Rows": 1734084,
                      "Actual Loops": 7,
                      "Filter": "((person_id > 1410784) AND (role_id > 2))",
                      "Rows Removed by Filter": 3443680
                    },
                    {
                      "Node Type": "Hash",
                      "Parent Relationship": "Inner",
                      "Parallel Aware": true,
                      "Startup Cost": 43899.01,
                      "Total Cost": 43899.01,
                      "Plan Rows": 252933,
                      "Plan Width": 4,
                      "Actual Startup Time": 128.882,
                      "Actual Total Time": 128.883,
                      "Actual Rows": 144703,
                      "Actual Loops": 7,
                      "Hash Buckets": 1048576,
                      "Original Hash Buckets": 1048576,
                      "Hash Batches": 1,
                      "Original Hash Batches": 1,
                      "Peak Memory Usage": 47936,
                      "Plans": [
                        {
                          "Node Type": "Seq Scan",
                          "Parent Relationship": "Outer",
                          "Parallel Aware": true,
                          "Relation Name": "title",
                          "Alias": "t",
                          "Startup Cost": 0.0,
                          "Total Cost": 43899.01,
                          "Plan Rows": 252933,
                          "Plan Width": 4,
                          "Actual Startup Time": 0.031,
                          "Actual Total Time": 69.391,
                          "Actual Rows": 144703,
                          "Actual Loops": 7,
                          "Filter": "(production_year > 2005)",
                          "Rows Removed by Filter": 216485
                        }
                      ]
                    }
                  ]
                }
              ]
            }
          ]
        }
      ]
    },
    "Planning Time": 0.341,
    "Triggers": [],
    "Execution Time": 1298.59
  }
]