[
  {
    "Plan": {
      "Node Type": "Aggregate",
      "Strategy": "Plain",
      "Partial Mode": "Finalize",
      "Parallel Aware": false,
      "Startup Cost": 203953.36,
      "Total Cost": 203953.37,
      "Plan Rows": 1,
      "Plan Width": 8,
      "Actual Startup Time": 288.591,
      "Actual Total Time": 317.125,
      "Actual Rows": 1,
      "Actual Loops": 1,
      "Plans": [
        {
          "Node Type": "Gather",
          "Parent Relationship": "Outer",
          "Parallel Aware": false,
          "Startup Cost": 203952.73,
          "Total Cost": 203953.34,
          "Plan Rows": 6,
          "Plan Width": 8,
          "Actual Startup Time": 288.419,
          "Actual Total Time": 317.116,
          "Actual Rows": 7,
          "Actual Loops": 1,
          "Workers Planned": 6,
          "Workers Launched": 6,
          "Single Copy": false,
          "Plans": [
            {
              "Node Type": "Aggregate",
              "Strategy": "Plain",
              "Partial Mode": "Partial",
              "Parent Relationship": "Outer",
              "Parallel Aware": false,
              "Startup Cost": 202952.73,
              "Total Cost": 202952.74,
              "Plan Rows": 1,
              "Plan Width": 8,
              "Actual Startup Time": 278.536,
              "Actual Total Time": 278.537,
              "Actual Rows": 1,
              "Actual Loops": 7,
              "Plans": [
                {
                  "Node Type": "Index Scan",
                  "Parent Relationship": "Outer",
                  "Parallel Aware": true,
                  "Scan Direction": "Forward",
                  "Index Name": "role_id_cast_info",
                  "Relation Name": "cast_info",
                  "Alias": "ci",
                  "Startup Cost": 0.56,
                  "Total Cost": 201884.69,
                  "Plan Rows": 427217,
                  "Plan Width": 0,
                  "Actual Startup Time": 200.067,
                  "Actual Total Time": 264.031,
                  "Actual Rows": 256394,
                  "Actual Loops": 7,
                  "Index Cond": "(role_id = 2)",
                  "Rows Removed by Index Recheck": 0,
                  "Filter": "(person_id > 2466321)",
                  "Rows Removed by Filter": 808174
                }
              ]
            }
          ]
        }
      ]
    },
    "Planning Time": 0.224,
    "Triggers": [],
    "Execution Time": 317.182
  }
]