[
  {
    "Plan": {
      "Node Type": "Aggregate",
      "Strategy": "Plain",
      "Partial Mode": "Finalize",
      "Parallel Aware": false,
      "Startup Cost": 93828.09,
      "Total Cost": 93828.1,
      "Plan Rows": 1,
      "Plan Width": 8,
      "Actual Startup Time": 421.904,
      "Actual Total Time": 436.809,
      "Actual Rows": 1,
      "Actual Loops": 1,
      "Plans": [
        {
          "Node Type": "Gather",
          "Parent Relationship": "Outer",
          "Parallel Aware": false,
          "Startup Cost": 93827.77,
          "Total Cost": 93828.08,
          "Plan Rows": 3,
          "Plan Width": 8,
          "Actual Startup Time": 419.325,
          "Actual Total Time": 436.798,
          "Actual Rows": 4,
          "Actual Loops": 1,
          "Workers Planned": 3,
          "Workers Launched": 3,
          "Single Copy": false,
          "Plans": [
            {
              "Node Type": "Aggregate",
              "Strategy": "Plain",
              "Partial Mode": "Partial",
              "Parent Relationship": "Outer",
              "Parallel Aware": false,
              "Startup Cost": 92827.77,
              "Total Cost": 92827.78,
              "Plan Rows": 1,
              "Plan Width": 8,
              "Actual Startup Time": 410.421,
              "Actual Total Time": 410.424,
              "Actual Rows": 1,
              "Actual Loops": 4,
              "Plans": [
                {
                  "Node Type": "Hash Join",
                  "Parent Relationship": "Outer",
                  "Parallel Aware": true,
                  "Join Type": "Inner",
                  "Startup Cost": 46908.73,
                  "Total Cost": 91969.64,
                  "Plan Rows": 343251,
                  "Plan Width": 0,
                  "Actual Startup Time": 194.847,
                  "Actual Total Time": 395.464,
                  "Actual Rows": 360638,
                  "Actual Loops": 4,
                  "Inner Unique": true,
                  "Hash Cond": "(mk.movie_id = t.id)",
                  "Plans": [
                    {
                      "Node Type": "Seq Scan",
                      "Parent Relationship": "Outer",
                      "Parallel Aware": true,
                      "Relation Name": "movie_keyword",
                      "Alias": "mk",
                      "Startup Cost": 0.0,
                      "Total Cost": 42695.65,
                      "Plan Rows": 901052,
                      "Plan Width": 4,
                      "Actual Startup Time": 0.031,
                      "Actual Total Time": 102.708,
                      "Actual Rows": 696198,
                      "Actual Loops": 4,
                      "Filter": "(keyword_id < 8086)",
                      "Rows Removed by Filter": 434784
                    },
                    {
                      "Node Type": "Hash",
                      "Parent Relationship": "Inner",
                      "Parallel Aware": true,
                      "Startup Cost": 43898.92,
                      "Total Cost": 43898.92,
                      "Plan Rows": 240785,
                      "Plan Width": 4,
                      "Actual Startup Time": 189.483,
                      "Actual Total Time": 189.484,
                      "Actual Rows": 242797,
                      "Actual Loops": 4,
                      "Hash Buckets": 1048576,
                      "Original Hash Buckets": 1048576,
                      "Hash Batches": 1,
                      "Original Hash Batches": 1,
                      "Peak Memory Usage": 46272,
                      "Plans": [
                        {
                          "Node Type": "Seq Scan",
                          "Parent Relationship": "Outer",
                          "Parallel Aware": true,
                          "Relation Name": "title",
                          "Alias": "t",
                          "Startup Cost": 0.0,
                          "Total Cost": 43898.92,
                          "Plan Rows": 240785,
                          "Plan Width": 4,
                          "Actual Startup Time": 0.044,
                          "Actual Total Time": 102.11,
                          "Actual Rows": 242797,
                          "Actual Loops": 4,
                          "Filter": "(production_year < 1999)",
                          "Rows Removed by Filter": 389281
                        }
                      ]
                    }
                  ]
                }
              ]
            }
          ]
        }
      ]
    },
    "Planning Time": 0.833,
    "Triggers": [],
    "Execution Time": 436.88
  }
]