[
  {
    "Plan": {
      "Node Type": "Aggregate",
      "Strategy": "Plain",
      "Partial Mode": "Finalize",
      "Parallel Aware": false,
      "Startup Cost": 180229.28,
      "Total Cost": 180229.29,
      "Plan Rows": 1,
      "Plan Width": 64,
      "Actual Startup Time": 1066.859,
      "Actual Total Time": 1171.373,
      "Actual Rows": 1,
      "Actual Loops": 1,
      "Plans": [
        {
          "Node Type": "Gather",
          "Parent Relationship": "Outer",
          "Parallel Aware": false,
          "Startup Cost": 180228.85,
          "Total Cost": 180229.26,
          "Plan Rows": 4,
          "Plan Width": 64,
          "Actual Startup Time": 1064.792,
          "Actual Total Time": 1171.359,
          "Actual Rows": 5,
          "Actual Loops": 1,
          "Workers Planned": 4,
          "Workers Launched": 4,
          "Single Copy": false,
          "Plans": [
            {
              "Node Type": "Aggregate",
              "Strategy": "Plain",
              "Partial Mode": "Partial",
              "Parent Relationship": "Outer",
              "Parallel Aware": false,
              "Startup Cost": 179228.85,
              "Total Cost": 179228.86,
              "Plan Rows": 1,
              "Plan Width": 64,
              "Actual Startup Time": 1052.768,
              "Actual Total Time": 1052.779,
              "Actual Rows": 1,
              "Actual Loops": 5,
              "Plans": [
                {
                  "Node Type": "Hash Join",
                  "Parent Relationship": "Outer",
                  "Parallel Aware": false,
                  "Join Type": "Inner",
                  "Startup Cost": 34949.48,
                  "Total Cost": 179187.12,
                  "Plan Rows": 8346,
                  "Plan Width": 33,
                  "Actual Startup Time": 198.909,
                  "Actual Total Time": 1051.555,
                  "Actual Rows": 2572,
                  "Actual Loops": 5,
                  "Inner Unique": true,
                  "Hash Cond": "(ci.role_id = rt.id)",
                  "Plans": [
                    {
                      "Node Type": "Hash Join",
                      "Parent Relationship": "Outer",
                      "Parallel Aware": false,
                      "Join Type": "Inner",
                      "Startup Cost": 34948.21,
                      "Total Cost": 179156.2,
                      "Plan Rows": 8346,
                      "Plan Width": 37,
                      "Actual Startup Time": 198.475,
                      "Actual Total Time": 1050.156,
                      "Actual Rows": 2572,
                      "Actual Loops": 5,
                      "Inner Unique": true,
                      "Hash Cond": "(mc.company_type_id = ct.id)",
                      "Plans": [
                        {
                          "Node Type": "Nested Loop",
                          "Parent Relationship": "Outer",
                          "Parallel Aware": false,
                          "Join Type": "Inner",
                          "Startup Cost": 34947.12,
                          "Total Cost": 179109.99,
                          "Plan Rows": 8346,
                          "Plan Width": 41,
                          "Actual Startup Time": 198.373,
                          "Actual Total Time": 1048.575,
                          "Actual Rows": 2572,
                          "Actual Loops": 5,
                          "Inner Unique": true,
                          "Plans": [
                            {
                              "Node Type": "Nested Loop",
                              "Parent Relationship": "Outer",
                              "Parallel Aware": false,
                              "Join Type": "Inner",
                              "Startup Cost": 34946.62,
                              "Total Cost": 141492.38,
                              "Plan Rows": 8346,
                              "Plan Width": 29,
                              "Actual Startup Time": 198.302,
                              "Actual Total Time": 1011.414,
                              "Actual Rows": 2929,
                              "Actual Loops": 5,
                              "Inner Unique": false,
                              "Join Filter": "(t.id = ci.movie_id)",
                              "Rows Removed by Join Filter": 0,
                              "Plans": [
                                {
                                  "Node Type": "Hash Join",
                                  "Parent Relationship": "Outer",
                                  "Parallel Aware": true,
                                  "Join Type": "Inner",
                                  "Startup Cost": 34945.6,
                                  "Total Cost": 79497.39,
                                  "Plan Rows": 11186,
                                  "Plan Width": 29,
                                  "Actual Startup Time": 189.081,
                                  "Actual Total Time": 346.75,
                                  "Actual Rows": 7881,
                                  "Actual Loops": 5,
                                  "Inner Unique": false,
                                  "Hash Cond": "(t.id = mc.movie_id)",
                                  "Plans": [
                                    {
                                      "Node Type": "Seq Scan",
                                      "Parent Relationship": "Outer",
                                      "Parallel Aware": true,
                                      "Relation Name": "title",
                                      "Alias": "t",
                                      "Startup Cost": 0.0,
                                      "Total Cost": 43898.62,
                                      "Plan Rows": 164558,
                                      "Plan Width": 21,
                                      "Actual Startup Time": 0.023,
                                      "Actual Total Time": 98.076,
                                      "Actual Rows": 132413,
                                      "Actual Loops": 5,
                                      "Filter": "(production_year > 2008)",
                                      "Rows Removed by Filter": 373249
                                    },
                                    {
                                      "Node Type": "Hash",
                                      "Parent Relationship": "Inner",
                                      "Parallel Aware": true,
                                      "Startup Cost": 34252.67,
                                      "Total Cost": 34252.67,
                                      "Plan Rows": 55435,
                                      "Plan Width": 8,
                                      "Actual Startup Time": 187.666,
                                      "Actual Total Time": 187.671,
                                      "Actual Rows": 40947,
                                      "Actual Loops": 5,
                                      "Hash Buckets": 262144,
                                      "Original Hash Buckets": 262144,
                                      "Hash Batches": 1,
                                      "Original Hash Batches": 1,
                                      "Peak Memory Usage": 10144,
                                      "Plans": [
                                        {
                                          "Node Type": "Hash Join",
                                          "Parent Relationship": "Outer",
                                          "Parallel Aware": true,
                                          "Join Type": "Inner",
                                          "Startup Cost": 4836.73,
                                          "Total Cost": 34252.67,
                                          "Plan Rows": 55435,
                                          "Plan Width": 8,
                                          "Actual Startup Time": 23.409,
                                          "Actual Total Time": 171.899,
                                          "Actual Rows": 40947,
                                          "Actual Loops": 5,
                                          "Inner Unique": true,
                                          "Hash Cond": "(mc.company_id = cn.id)",
                                          "Plans": [
                                            {
                                              "Node Type": "Seq Scan",
                                              "Parent Relationship": "Outer",
                                              "Parallel Aware": true,
                                              "Relation Name": "movie_companies",
                                              "Alias": "mc",
                                              "Startup Cost": 0.0,
                                              "Total Cost": 27206.55,
                                              "Plan Rows": 841655,
                                              "Plan Width": 12,
                                              "Actual Startup Time": 0.027,
                                              "Actual Total Time": 78.88,
                                              "Actual Rows": 521826,
                                              "Actual Loops": 5
                                            },
                                            {
                                              "Node Type": "Hash",
                                              "Parent Relationship": "Inner",
                                              "Parallel Aware": true,
                                              "Startup Cost": 4722.92,
                                              "Total Cost": 4722.92,
                                              "Plan Rows": 9105,
                                              "Plan Width": 4,
                                              "Actual Startup Time": 23.167,
                                              "Actual Total Time": 23.168,
                                              "Actual Rows": 3209,
                                              "Actual Loops": 5,
                                              "Hash Buckets": 16384,
                                              "Original Hash Buckets": 16384,
                                              "Hash Batches": 1,
                                              "Original Hash Batches": 1,
                                              "Peak Memory Usage": 832,
                                              "Plans": [
                                                {
                                                  "Node Type": "Seq Scan",
                                                  "Parent Relationship": "Outer",
                                                  "Parallel Aware": true,
                                                  "Relation Name": "company_name",
                                                  "Alias": "cn",
                                                  "Startup Cost": 0.0,
                                                  "Total Cost": 4722.92,
                                                  "Plan Rows": 9105,
                                                  "Plan Width": 4,
                                                  "Actual Startup Time": 0.07,
                                                  "Actual Total Time": 21.382,
                                                  "Actual Rows": 3209,
                                                  "Actual Loops": 5,
                                                  "Filter": "((country_code)::text = '[gb]'::text)",
                                                  "Rows Removed by Filter": 43790
                                                }
                                              ]
                                            }
                                          ]
                                        }
                                      ]
                                    }
                                  ]
                                },
                                {
                                  "Node Type": "Bitmap Heap Scan",
                                  "Parent Relationship": "Inner",
                                  "Parallel Aware": false,
                                  "Relation Name": "cast_info",
                                  "Alias": "ci",
                                  "Startup Cost": 1.02,
                                  "Total Cost": 5.53,
                                  "Plan Rows": 1,
                                  "Plan Width": 12,
                                  "Actual Startup Time": 0.072,
                                  "Actual Total Time": 0.082,
                                  "Actual Rows": 0,
                                  "Actual Loops": 39406,
                                  "Recheck Cond": "(movie_id = mc.movie_id)",
                                  "Rows Removed by Index Recheck": 0,
                                  "Filter": "(note ~~ '%(voice)%'::text)",
                                  "Rows Removed by Filter": 30,
                                  "Exact Heap Blocks": 275387,
                                  "Lossy Heap Blocks": 0,
                                  "Plans": [
                                    {
                                      "Node Type": "Bitmap Index Scan",
                                      "Parent Relationship": "Outer",
                                      "Parallel Aware": false,
                                      "Index Name": "movie_id_cast_info",
                                      "Startup Cost": 0.0,
                                      "Total Cost": 1.02,
                                      "Plan Rows": 34,
                                      "Plan Width": 0,
                                      "Actual Startup Time": 0.01,
                                      "Actual Total Time": 0.01,
                                      "Actual Rows": 30,
                                      "Actual Loops": 39406,
                                      "Index Cond": "(movie_id = mc.movie_id)"
                                    }
                                  ]
                                }
                              ]
                            },
                            {
                              "Node Type": "Bitmap Heap Scan",
                              "Parent Relationship": "Inner",
                              "Parallel Aware": false,
                              "Relation Name": "char_name",
                              "Alias": "chn",
                              "Startup Cost": 0.49,
                              "Total Cost": 4.51,
                              "Plan Rows": 1,
                              "Plan Width": 20,
                              "Actual Startup Time": 0.01,
                              "Actual Total Time": 0.01,
                              "Actual Rows": 1,
                              "Actual Loops": 14643,
                              "Recheck Cond": "(id = ci.person_role_id)",
                              "Rows Removed by Index Recheck": 0,
                              "Exact Heap Blocks": 3340,
                              "Lossy Heap Blocks": 0,
                              "Plans": [
                                {
                                  "Node Type": "Bitmap Index Scan",
                                  "Parent Relationship": "Outer",
                                  "Parallel Aware": false,
                                  "Index Name": "char_name_pkey",
                                  "Startup Cost": 0.0,
                                  "Total Cost": 0.49,
                                  "Plan Rows": 1,
                                  "Plan Width": 0,
                                  "Actual Startup Time": 0.006,
                                  "Actual Total Time": 0.006,
                                  "Actual Rows": 1,
                                  "Actual Loops": 14643,
                                  "Index Cond": "(id = ci.person_role_id)"
                                }
                              ]
                            }
                          ]
                        },
                        {
                          "Node Type": "Hash",
                          "Parent Relationship": "Inner",
                          "Parallel Aware": false,
                          "Startup Cost": 1.04,
                          "Total Cost": 1.04,
                          "Plan Rows": 4,
                          "Plan Width": 4,
                          "Actual Startup Time": 0.055,
                          "Actual Total Time": 0.055,
                          "Actual Rows": 4,
                          "Actual Loops": 5,
                          "Hash Buckets": 1024,
                          "Original Hash Buckets": 1024,
                          "Hash Batches": 1,
                          "Original Hash Batches": 1,
                          "Peak Memory Usage": 9,
                          "Plans": [
                            {
                              "Node Type": "Seq Scan",
                              "Parent Relationship": "Outer",
                              "Parallel Aware": false,
                              "Relation Name": "company_type",
                              "Alias": "ct",
                              "Startup Cost": 0.0,
                              "Total Cost": 1.04,
                              "Plan Rows": 4,
                              "Plan Width": 4,
                              "Actual Startup Time": 0.033,
                              "Actual Total Time": 0.036,
                              "Actual Rows": 4,
                              "Actual Loops": 5
                            }
                          ]
                        }
                      ]
                    },
                    {
                      "Node Type": "Hash",
                      "Parent Relationship": "Inner",
                      "Parallel Aware": false,
                      "Startup Cost": 1.12,
                      "Total Cost": 1.12,
                      "Plan Rows": 12,
                      "Plan Width": 4,
                      "Actual Startup Time": 0.089,
                      "Actual Total Time": 0.09,
                      "Actual Rows": 12,
                      "Actual Loops": 5,
                      "Hash Buckets": 1024,
                      "Original Hash Buckets": 1024,
                      "Hash Batches": 1,
                      "Original Hash Batches": 1,
                      "Peak Memory Usage": 9,
                      "Plans": [
                        {
                          "Node Type": "Seq Scan",
                          "Parent Relationship": "Outer",
                          "Parallel Aware": false,
                          "Relation Name": "role_type",
                          "Alias": "rt",
                          "Startup Cost": 0.0,
                          "Total Cost": 1.12,
                          "Plan Rows": 12,
                          "Plan Width": 4,
                          "Actual Startup Time": 0.056,
                          "Actual Total Time": 0.062,
                          "Actual Rows": 12,
                          "Actual Loops": 5
                        }
                      ]
                    }
                  ]
                }
              ]
            }
          ]
        }
      ]
    },
    "Planning Time": 12.512,
    "Triggers": [],
    "Execution Time": 1171.955
  }
]