[
  {
    "Plan": {
      "Node Type": "Aggregate",
      "Strategy": "Plain",
      "Partial Mode": "Finalize",
      "Parallel Aware": false,
      "Startup Cost": 275737.36,
      "Total Cost": 275737.37,
      "Plan Rows": 1,
      "Plan Width": 8,
      "Actual Startup Time": 95.122,
      "Actual Total Time": 102.207,
      "Actual Rows": 1,
      "Actual Loops": 1,
      "Plans": [
        {
          "Node Type": "Gather",
          "Parent Relationship": "Outer",
          "Parallel Aware": false,
          "Startup Cost": 275736.74,
          "Total Cost": 275737.35,
          "Plan Rows": 6,
          "Plan Width": 8,
          "Actual Startup Time": 94.778,
          "Actual Total Time": 102.198,
          "Actual Rows": 7,
          "Actual Loops": 1,
          "Workers Planned": 6,
          "Workers Launched": 6,
          "Single Copy": false,
          "Plans": [
            {
              "Node Type": "Aggregate",
              "Strategy": "Plain",
              "Partial Mode": "Partial",
              "Parent Relationship": "Outer",
              "Parallel Aware": false,
              "Startup Cost": 274736.74,
              "Total Cost": 274736.75,
              "Plan Rows": 1,
              "Plan Width": 8,
              "Actual Startup Time": 86.387,
              "Actual Total Time": 86.389,
              "Actual Rows": 1,
              "Actual Loops": 7,
              "Plans": [
                {
                  "Node Type": "Bitmap Heap Scan",
                  "Parent Relationship": "Outer",
                  "Parallel Aware": true,
                  "Relation Name": "cast_info",
                  "Alias": "ci",
                  "Startup Cost": 19679.47,
                  "Total Cost": 274611.77,
                  "Plan Rows": 49986,
                  "Plan Width": 0,
                  "Actual Startup Time": 27.101,
                  "Actual Total Time": 78.807,
                  "Actual Rows": 121235,
                  "Actual Loops": 7,
                  "Recheck Cond": "(person_id > 3898377)",
                  "Rows Removed by Index Recheck": 0,
                  "Filter": "(role_id > 3)",
                  "Rows Removed by Filter": 0,
                  "Exact Heap Blocks": 3678,
                  "Lossy Heap Blocks": 0,
                  "Plans": [
                    {
                      "Node Type": "Bitmap Index Scan",
                      "Parent Relationship": "Outer",
                      "Parallel Aware": false,
                      "Index Name": "person_id_cast_info",
                      "Startup Cost": 0.0,
                      "Total Cost": 19604.49,
                      "Plan Rows": 898123,
                      "Plan Width": 0,
                      "Actual Startup Time": 33.066,
                      "Actual Total Time": 33.067,
                      "Actual Rows": 848642,
                      "Actual Loops": 1,
                      "Index Cond": "(person_id > 3898377)"
                    }
                  ]
                }
              ]
            }
          ]
        }
      ]
    },
    "Planning Time": 0.228,
    "Triggers": [],
    "Execution Time": 102.282
  }
]