[
  {
    "Plan": {
      "Node Type": "Aggregate",
      "Strategy": "Plain",
      "Partial Mode": "Finalize",
      "Parallel Aware": false,
      "Startup Cost": 298355.97,
      "Total Cost": 298355.98,
      "Plan Rows": 1,
      "Plan Width": 8,
      "Actual Startup Time": 1464.312,
      "Actual Total Time": 1511.949,
      "Actual Rows": 1,
      "Actual Loops": 1,
      "Plans": [
        {
          "Node Type": "Gather",
          "Parent Relationship": "Outer",
          "Parallel Aware": false,
          "Startup Cost": 298355.45,
          "Total Cost": 298355.96,
          "Plan Rows": 5,
          "Plan Width": 8,
          "Actual Startup Time": 1457.724,
          "Actual Total Time": 1511.934,
          "Actual Rows": 6,
          "Actual Loops": 1,
          "Workers Planned": 5,
          "Workers Launched": 5,
          "Single Copy": false,
          "Plans": [
            {
              "Node Type": "Aggregate",
              "Strategy": "Plain",
              "Partial Mode": "Partial",
              "Parent Relationship": "Outer",
              "Parallel Aware": false,
              "Startup Cost": 297355.45,
              "Total Cost": 297355.46,
              "Plan Rows": 1,
              "Plan Width": 8,
              "Actual Startup Time": 1450.793,
              "Actual Total Time": 1450.852,
              "Actual Rows": 1,
              "Actual Loops": 6,
              "Plans": [
                {
                  "Node Type": "Hash Join",
                  "Parent Relationship": "Outer",
                  "Parallel Aware": true,
                  "Join Type": "Inner",
                  "Startup Cost": 92123.0,
                  "Total Cost": 296302.02,
                  "Plan Rows": 421371,
                  "Plan Width": 0,
                  "Actual Startup Time": 314.122,
                  "Actual Total Time": 1270.6,
                  "Actual Rows": 3590779,
                  "Actual Loops": 6,
                  "Inner Unique": false,
                  "Hash Cond": "(mi.movie_id = t.id)",
                  "Plans": [
                    {
                      "Node Type": "Seq Scan",
                      "Parent Relationship": "Outer",
                      "Parallel Aware": true,
                      "Relation Name": "movie_info",
                      "Alias": "mi",
                      "Startup Cost": 0.0,
                      "Total Cost": 191685.19,
                      "Plan Rows": 2969219,
                      "Plan Width": 4,
                      "Actual Startup Time": 0.031,
                      "Actual Total Time": 323.768,
                      "Actual Rows": 2472620,
                      "Actual Loops": 6
                    },
                    {
                      "Node Type": "Hash",
                      "Parent Relationship": "Inner",
                      "Parallel Aware": true,
                      "Startup Cost": 90676.16,
                      "Total Cost": 90676.16,
                      "Plan Rows": 115747,
                      "Plan Width": 8,
                      "Actual Startup Time": 311.827,
                      "Actual Total Time": 311.883,
                      "Actual Rows": 104156,
                      "Actual Loops": 6,
                      "Hash Buckets": 1048576,
                      "Original Hash Buckets": 524288,
                      "Hash Batches": 1,
                      "Original Hash Batches": 1,
                      "Peak Memory Usage": 36832,
                      "Plans": [
                        {
                          "Node Type": "Hash Join",
                          "Parent Relationship": "Outer",
                          "Parallel Aware": true,
                          "Join Type": "Inner",
                          "Startup Cost": 44612.02,
                          "Total Cost": 90676.16,
                          "Plan Rows": 115747,
                          "Plan Width": 8,
                          "Actual Startup Time": 99.297,
                          "Actual Total Time": 264.605,
                          "Actual Rows": 104156,
                          "Actual Loops": 6,
                          "Inner Unique": true,
                          "Hash Cond": "(mk.movie_id = t.id)",
                          "Plans": [
                            {
                              "Node Type": "Seq Scan",
                              "Parent Relationship": "Outer",
                              "Parallel Aware": true,
                              "Relation Name": "movie_keyword",
                              "Alias": "mk",
                              "Startup Cost": 0.0,
                              "Total Cost": 42695.65,
                              "Plan Rows": 1283228,
                              "Plan Width": 4,
                              "Actual Startup Time": 0.031,
                              "Actual Total Time": 94.209,
                              "Actual Rows": 663031,
                              "Actual Loops": 6,
                              "Filter": "(keyword_id < 33698)",
                              "Rows Removed by Filter": 90957
                            },
                            {
                              "Node Type": "Hash",
                              "Parent Relationship": "Inner",
                              "Parallel Aware": true,
                              "Startup Cost": 43899.32,
                              "Total Cost": 43899.32,
                              "Plan Rows": 57016,
                              "Plan Width": 4,
                              "Actual Startup Time": 98.408,
                              "Actual Total Time": 98.415,
                              "Actual Rows": 40233,
                              "Actual Loops": 6,
                              "Hash Buckets": 262144,
                              "Original Hash Buckets": 262144,
                              "Hash Batches": 1,
                              "Original Hash Batches": 1,
                              "Peak Memory Usage": 11552,
                              "Plans": [
                                {
                                  "Node Type": "Seq Scan",
                                  "Parent Relationship": "Outer",
                                  "Parallel Aware": true,
                                  "Relation Name": "title",
                                  "Alias": "t",
                                  "Startup Cost": 0.0,
                                  "Total Cost": 43899.32,
                                  "Plan Rows": 57016,
                                  "Plan Width": 4,
                                  "Actual Startup Time": 0.068,
                                  "Actual Total Time": 79.263,
                                  "Actual Rows": 40233,
                                  "Actual Loops": 6,
                                  "Filter": "(production_year < 1960)",
                                  "Rows Removed by Filter": 381152
                                }
                              ]
                            }
                          ]
                        }
                      ]
                    }
                  ]
                }
              ]
            }
          ]
        }
      ]
    },
    "Planning Time": 0.491,
    "Triggers": [],
    "Execution Time": 1512.002
  }
]