[
    {
        "Bao": {
            "Bao prediction": "NaN",
            "Bao recommended hint": "(no hint)"
        }
    },
    {
        "Plan": {
            "Node Type": "Aggregate",
            "Strategy": "Plain",
            "Partial Mode": "Finalize",
            "Parallel Aware": false,
            "Startup Cost": 33301.03,
            "Total Cost": 33301.04,
            "Plan Rows": 1,
            "Plan Width": 8,
            "Actual Startup Time": 92.896,
            "Actual Total Time": 98.016,
            "Actual Rows": 1,
            "Actual Loops": 1,
            "Output": [
                "count(*)"
            ],
            "Plans": [
                {
                    "Node Type": "Gather",
                    "Parent Relationship": "Outer",
                    "Parallel Aware": false,
                    "Startup Cost": 33300.71,
                    "Total Cost": 33301.02,
                    "Plan Rows": 3,
                    "Plan Width": 8,
                    "Actual Startup Time": 92.82,
                    "Actual Total Time": 98.009,
                    "Actual Rows": 4,
                    "Actual Loops": 1,
                    "Output": [
                        "(PARTIAL count(*))"
                    ],
                    "Workers Planned": 3,
                    "Workers Launched": 3,
                    "Single Copy": false,
                    "Plans": [
                        {
                            "Node Type": "Aggregate",
                            "Strategy": "Plain",
                            "Partial Mode": "Partial",
                            "Parent Relationship": "Outer",
                            "Parallel Aware": false,
                            "Startup Cost": 32300.71,
                            "Total Cost": 32300.72,
                            "Plan Rows": 1,
                            "Plan Width": 8,
                            "Actual Startup Time": 84.633,
                            "Actual Total Time": 84.634,
                            "Actual Rows": 1,
                            "Actual Loops": 4,
                            "Output": [
                                "PARTIAL count(*)"
                            ],
                            "Workers": [
                                {
                                    "Worker Number": 0,
                                    "Actual Startup Time": 81.629,
                                    "Actual Total Time": 81.631,
                                    "Actual Rows": 1,
                                    "Actual Loops": 1
                                },
                                {
                                    "Worker Number": 1,
                                    "Actual Startup Time": 81.969,
                                    "Actual Total Time": 81.97,
                                    "Actual Rows": 1,
                                    "Actual Loops": 1
                                },
                                {
                                    "Worker Number": 2,
                                    "Actual Startup Time": 82.374,
                                    "Actual Total Time": 82.375,
                                    "Actual Rows": 1,
                                    "Actual Loops": 1
                                }
                            ],
                            "Plans": [
                                {
                                    "Node Type": "Seq Scan",
                                    "Parent Relationship": "Outer",
                                    "Parallel Aware": true,
                                    "Relation Name": "movie_companies",
                                    "Schema": "public",
                                    "Alias": "mc",
                                    "Startup Cost": 0.0,
                                    "Total Cost": 31414.82,
                                    "Plan Rows": 354357,
                                    "Plan Width": 0,
                                    "Actual Startup Time": 42.121,
                                    "Actual Total Time": 75.728,
                                    "Actual Rows": 219398,
                                    "Actual Loops": 4,
                                    "Output": [
                                        "id",
                                        "movie_id",
                                        "company_id",
                                        "company_type_id",
                                        "note"
                                    ],
                                    "Filter": "((mc.company_id < 76770) AND (mc.company_type_id = 2))",
                                    "Rows Removed by Filter": 432884,
                                    "Workers": [
                                        {
                                            "Worker Number": 0,
                                            "Actual Startup Time": 39.122,
                                            "Actual Total Time": 73.056,
                                            "Actual Rows": 209251,
                                            "Actual Loops": 1
                                        },
                                        {
                                            "Worker Number": 1,
                                            "Actual Startup Time": 39.457,
                                            "Actual Total Time": 73.396,
                                            "Actual Rows": 210996,
                                            "Actual Loops": 1
                                        },
                                        {
                                            "Worker Number": 2,
                                            "Actual Startup Time": 39.867,
                                            "Actual Total Time": 73.754,
                                            "Actual Rows": 211731,
                                            "Actual Loops": 1
                                        }
                                    ]
                                }
                            ]
                        }
                    ]
                }
            ]
        },
        "Planning Time": 229.211,
        "Triggers": [],
        "Execution Time": 98.06
    }
]