{
  "Plan": {
    "Node Type": "Aggregate",
    "Strategy": "Plain",
    "Partial Mode": "Finalize",
    "Parallel Aware": false,
    "Startup Cost": 88068.75,
    "Total Cost": 88068.76,
    "Plan Rows": 1,
    "Plan Width": 8,
    "Actual Startup Time": 343.242,
    "Actual Total Time": 358.412,
    "Actual Rows": 1,
    "Actual Loops": 1,
    "Plans": [
      {
        "Node Type": "Gather",
        "Parent Relationship": "Outer",
        "Parallel Aware": false,
        "Startup Cost": 88068.64,
        "Total Cost": 88068.75,
        "Plan Rows": 1,
        "Plan Width": 8,
        "Actual Startup Time": 341.292,
        "Actual Total Time": 358.398,
        "Actual Rows": 2,
        "Actual Loops": 1,
        "Workers Planned": 1,
        "Workers Launched": 1,
        "Single Copy": false,
        "Plans": [
          {
            "Node Type": "Aggregate",
            "Strategy": "Plain",
            "Partial Mode": "Partial",
            "Parent Relationship": "Outer",
            "Parallel Aware": false,
            "Startup Cost": 87068.64,
            "Total Cost": 87068.65,
            "Plan Rows": 1,
            "Plan Width": 8,
            "Actual Startup Time": 338.523,
            "Actual Total Time": 338.53,
            "Actual Rows": 1,
            "Actual Loops": 2,
            "Plans": [
              {
                "Node Type": "Hash Join",
                "Parent Relationship": "Outer",
                "Parallel Aware": true,
                "Join Type": "Inner",
                "Startup Cost": 60681.07,
                "Total Cost": 87028.04,
                "Plan Rows": 16242,
                "Plan Width": 0,
                "Actual Startup Time": 228.147,
                "Actual Total Time": 334.467,
                "Actual Rows": 55720,
                "Actual Loops": 2,
                "Inner Unique": true,
                "Hash Cond": "(mk.movie_id = t.id)",
                "Plans": [
                  {
                    "Node Type": "Bitmap Heap Scan",
                    "Parent Relationship": "Outer",
                    "Parallel Aware": true,
                    "Relation Name": "movie_keyword",
                    "Alias": "mk",
                    "Startup Cost": 4513.35,
                    "Total Cost": 30531.78,
                    "Plan Rows": 125155,
                    "Plan Width": 4,
                    "Actual Startup Time": 25.123,
                    "Actual Total Time": 95.167,
                    "Actual Rows": 103174,
                    "Actual Loops": 2,
                    "Recheck Cond": "(keyword_id > 67291)",
                    "Rows Removed by Index Recheck": 0,
                    "Exact Heap Blocks": 11822,
                    "Lossy Heap Blocks": 0,
                    "Plans": [
                      {
                        "Node Type": "Bitmap Index Scan",
                        "Parent Relationship": "Outer",
                        "Parallel Aware": false,
                        "Index Name": "keyword_id_movie_keyword",
                        "Startup Cost": 0.0,
                        "Total Cost": 4460.15,
                        "Plan Rows": 212763,
                        "Plan Width": 0,
                        "Actual Startup Time": 20.134,
                        "Actual Total Time": 20.135,
                        "Actual Rows": 206349,
                        "Actual Loops": 1,
                        "Index Cond": "(keyword_id > 67291)"
                      }
                    ]
                  },
                  {
                    "Node Type": "Hash",
                    "Parent Relationship": "Inner",
                    "Parallel Aware": true,
                    "Startup Cost": 53755.14,
                    "Total Cost": 53755.14,
                    "Plan Rows": 193007,
                    "Plan Width": 4,
                    "Actual Startup Time": 196.365,
                    "Actual Total Time": 196.366,
                    "Actual Rows": 205761,
                    "Actual Loops": 2,
                    "Hash Buckets": 524288,
                    "Original Hash Buckets": 524288,
                    "Hash Batches": 1,
                    "Original Hash Batches": 1,
                    "Peak Memory Usage": 20224,
                    "Plans": [
                      {
                        "Node Type": "Bitmap Heap Scan",
                        "Parent Relationship": "Outer",
                        "Parallel Aware": true,
                        "Relation Name": "title",
                        "Alias": "t",
                        "Startup Cost": 11904.88,
                        "Total Cost": 53755.14,
                        "Plan Rows": 193007,
                        "Plan Width": 4,
                        "Actual Startup Time": 33.979,
                        "Actual Total Time": 129.884,
                        "Actual Rows": 205761,
                        "Actual Loops": 2,
                        "Recheck Cond": "(kind_id = 1)",
                        "Rows Removed by Index Recheck": 0,
                        "Filter": "(production_year < 2004)",
                        "Rows Removed by Filter": 125652,
                        "Exact Heap Blocks": 7227,
                        "Lossy Heap Blocks": 0,
                        "Plans": [
                          {
                            "Node Type": "Bitmap Index Scan",
                            "Parent Relationship": "Outer",
                            "Parallel Aware": false,
                            "Index Name": "kind_id_title",
                            "Startup Cost": 0.0,
                            "Total Cost": 11822.85,
                            "Plan Rows": 663256,
                            "Plan Width": 0,
                            "Actual Startup Time": 30.988,
                            "Actual Total Time": 30.989,
                            "Actual Rows": 662825,
                            "Actual Loops": 1,
                            "Index Cond": "(kind_id = 1)"
                          }
                        ]
                      }
                    ]
                  }
                ]
              }
            ]
          }
        ]
      }
    ]
  },
  "Planning Time": 0.341,
  "Triggers": [],
  "Execution Time": 358.49
}