{
  "Plan": {
    "Node Type": "Aggregate",
    "Strategy": "Plain",
    "Partial Mode": "Finalize",
    "Parallel Aware": false,
    "Startup Cost": 899459.85,
    "Total Cost": 899459.86,
    "Plan Rows": 1,
    "Plan Width": 8,
    "Actual Startup Time": 4110.223,
    "Actual Total Time": 4154.752,
    "Actual Rows": 1,
    "Actual Loops": 1,
    "Plans": [
      {
        "Node Type": "Gather",
        "Parent Relationship": "Outer",
        "Parallel Aware": false,
        "Startup Cost": 899459.73,
        "Total Cost": 899459.84,
        "Plan Rows": 1,
        "Plan Width": 8,
        "Actual Startup Time": 4106.841,
        "Actual Total Time": 4154.745,
        "Actual Rows": 2,
        "Actual Loops": 1,
        "Workers Planned": 1,
        "Workers Launched": 1,
        "Single Copy": false,
        "Plans": [
          {
            "Node Type": "Aggregate",
            "Strategy": "Plain",
            "Partial Mode": "Partial",
            "Parent Relationship": "Outer",
            "Parallel Aware": false,
            "Startup Cost": 898459.73,
            "Total Cost": 898459.74,
            "Plan Rows": 1,
            "Plan Width": 8,
            "Actual Startup Time": 4100.746,
            "Actual Total Time": 4100.752,
            "Actual Rows": 1,
            "Actual Loops": 2,
            "Plans": [
              {
                "Node Type": "Merge Join",
                "Parent Relationship": "Outer",
                "Parallel Aware": false,
                "Join Type": "Inner",
                "Startup Cost": 711632.69,
                "Total Cost": 895371.01,
                "Plan Rows": 1235490,
                "Plan Width": 0,
                "Actual Startup Time": 3026.516,
                "Actual Total Time": 4018.3,
                "Actual Rows": 2176947,
                "Actual Loops": 2,
                "Inner Unique": false,
                "Merge Cond": "(mk.movie_id = t.id)",
                "Plans": [
                  {
                    "Node Type": "Index Only Scan",
                    "Parent Relationship": "Outer",
                    "Parallel Aware": true,
                    "Scan Direction": "Forward",
                    "Index Name": "movie_id_movie_keyword",
                    "Relation Name": "movie_keyword",
                    "Alias": "mk",
                    "Startup Cost": 0.43,
                    "Total Cost": 158560.11,
                    "Plan Rows": 2661135,
                    "Plan Width": 4,
                    "Actual Startup Time": 0.097,
                    "Actual Total Time": 476.475,
                    "Actual Rows": 2261962,
                    "Actual Loops": 2,
                    "Heap Fetches": 4523925
                  },
                  {
                    "Node Type": "Sort",
                    "Parent Relationship": "Inner",
                    "Parallel Aware": false,
                    "Startup Cost": 711631.6,
                    "Total Cost": 714566.14,
                    "Plan Rows": 1173815,
                    "Plan Width": 8,
                    "Actual Startup Time": 3026.326,
                    "Actual Total Time": 3190.715,
                    "Actual Rows": 2735218,
                    "Actual Loops": 2,
                    "Sort Key": [
                      "ci.movie_id"
                    ],
                    "Sort Method": "quicksort",
                    "Sort Space Used": 57900,
                    "Sort Space Type": "Memory",
                    "Workers": [
                      {
                        "Worker Number": 0,
                        "Sort Method": "quicksort",
                        "Sort Space Used": 57900,
                        "Sort Space Type": "Memory"
                      }
                    ],
                    "Plans": [
                      {
                        "Node Type": "Hash Join",
                        "Parent Relationship": "Outer",
                        "Parallel Aware": false,
                        "Join Type": "Inner",
                        "Startup Cost": 231736.97,
                        "Total Cost": 593294.77,
                        "Plan Rows": 1173815,
                        "Plan Width": 8,
                        "Actual Startup Time": 817.732,
                        "Actual Total Time": 2836.053,
                        "Actual Rows": 710903,
                        "Actual Loops": 2,
                        "Inner Unique": true,
                        "Hash Cond": "(ci.movie_id = t.id)",
                        "Plans": [
                          {
                            "Node Type": "Bitmap Heap Scan",
                            "Parent Relationship": "Outer",
                            "Parallel Aware": false,
                            "Relation Name": "cast_info",
                            "Alias": "ci",
                            "Startup Cost": 158981.58,
                            "Total Cost": 501644.42,
                            "Plan Rows": 7198067,
                            "Plan Width": 4,
                            "Actual Startup Time": 472.64,
                            "Actual Total Time": 1144.416,
                            "Actual Rows": 7063846,
                            "Actual Loops": 2,
                            "Recheck Cond": "(person_id > 2959451)",
                            "Rows Removed by Index Recheck": 0,
                            "Exact Heap Blocks": 88059,
                            "Lossy Heap Blocks": 0,
                            "Plans": [
                              {
                                "Node Type": "Bitmap Index Scan",
                                "Parent Relationship": "Outer",
                                "Parallel Aware": false,
                                "Index Name": "person_id_cast_info",
                                "Startup Cost": 0.0,
                                "Total Cost": 157182.07,
                                "Plan Rows": 7198067,
                                "Plan Width": 0,
                                "Actual Startup Time": 459.336,
                                "Actual Total Time": 459.337,
                                "Actual Rows": 7063846,
                                "Actual Loops": 2,
                                "Index Cond": "(person_id > 2959451)"
                              }
                            ]
                          },
                          {
                            "Node Type": "Hash",
                            "Parent Relationship": "Inner",
                            "Parallel Aware": false,
                            "Startup Cost": 67601.66,
                            "Total Cost": 67601.66,
                            "Plan Rows": 412298,
                            "Plan Width": 4,
                            "Actual Startup Time": 338.783,
                            "Actual Total Time": 338.784,
                            "Actual Rows": 423779,
                            "Actual Loops": 2,
                            "Hash Buckets": 524288,
                            "Original Hash Buckets": 524288,
                            "Hash Batches": 1,
                            "Original Hash Batches": 1,
                            "Peak Memory Usage": 18995,
                            "Plans": [
                              {
                                "Node Type": "Seq Scan",
                                "Parent Relationship": "Outer",
                                "Parallel Aware": false,
                                "Relation Name": "title",
                                "Alias": "t",
                                "Startup Cost": 0.0,
                                "Total Cost": 67601.66,
                                "Plan Rows": 412298,
                                "Plan Width": 4,
                                "Actual Startup Time": 0.042,
                                "Actual Total Time": 245.717,
                                "Actual Rows": 423779,
                                "Actual Loops": 2,
                                "Filter": "(production_year < 1974)",
                                "Rows Removed by Filter": 2104533
                              }
                            ]
                          }
                        ]
                      }
                    ]
                  }
                ]
              }
            ]
          }
        ]
      }
    ]
  },
  "Planning Time": 1.035,
  "Triggers": [],
  "Execution Time": 4163.411
}