[
    {
        "Bao": {
            "Bao prediction": "NaN",
            "Bao recommended hint": "(no hint)"
        }
    },
    {
        "Plan": {
            "Node Type": "Aggregate",
            "Strategy": "Plain",
            "Partial Mode": "Simple",
            "Parallel Aware": false,
            "Startup Cost": 26963.67,
            "Total Cost": 26963.68,
            "Plan Rows": 1,
            "Plan Width": 8,
            "Actual Startup Time": 35.068,
            "Actual Total Time": 35.069,
            "Actual Rows": 1,
            "Actual Loops": 1,
            "Output": [
                "count(*)"
            ],
            "Plans": [
                {
                    "Node Type": "Bitmap Heap Scan",
                    "Parent Relationship": "Outer",
                    "Parallel Aware": false,
                    "Relation Name": "movie_keyword",
                    "Schema": "public",
                    "Alias": "mk",
                    "Startup Cost": 768.51,
                    "Total Cost": 26873.32,
                    "Plan Rows": 36139,
                    "Plan Width": 0,
                    "Actual Startup Time": 9.196,
                    "Actual Total Time": 32.107,
                    "Actual Rows": 33525,
                    "Actual Loops": 1,
                    "Recheck Cond": "(mk.keyword_id > 108340)",
                    "Rows Removed by Index Recheck": 0,
                    "Exact Heap Blocks": 9303,
                    "Lossy Heap Blocks": 0,
                    "Plans": [
                        {
                            "Node Type": "Bitmap Index Scan",
                            "Parent Relationship": "Outer",
                            "Parallel Aware": false,
                            "Index Name": "keyword_id_movie_keyword",
                            "Startup Cost": 0.0,
                            "Total Cost": 759.48,
                            "Plan Rows": 36139,
                            "Plan Width": 0,
                            "Actual Startup Time": 5.555,
                            "Actual Total Time": 5.556,
                            "Actual Rows": 33525,
                            "Actual Loops": 1,
                            "Index Cond": "(mk.keyword_id > 108340)"
                        }
                    ]
                }
            ]
        },
        "Planning Time": 218.896,
        "Triggers": [],
        "Execution Time": 35.152
    }
]