[
  {
    "Plan": {
      "Node Type": "Aggregate",
      "Strategy": "Plain",
      "Partial Mode": "Finalize",
      "Parallel Aware": false,
      "Startup Cost": 45257.79,
      "Total Cost": 45257.8,
      "Plan Rows": 1,
      "Plan Width": 8,
      "Actual Startup Time": 141.446,
      "Actual Total Time": 148.941,
      "Actual Rows": 1,
      "Actual Loops": 1,
      "Plans": [
        {
          "Node Type": "Gather",
          "Parent Relationship": "Outer",
          "Parallel Aware": false,
          "Startup Cost": 45257.47,
          "Total Cost": 45257.78,
          "Plan Rows": 3,
          "Plan Width": 8,
          "Actual Startup Time": 141.317,
          "Actual Total Time": 148.934,
          "Actual Rows": 4,
          "Actual Loops": 1,
          "Workers Planned": 3,
          "Workers Launched": 3,
          "Single Copy": false,
          "Plans": [
            {
              "Node Type": "Aggregate",
              "Strategy": "Plain",
              "Partial Mode": "Partial",
              "Parent Relationship": "Outer",
              "Parallel Aware": false,
              "Startup Cost": 44257.47,
              "Total Cost": 44257.48,
              "Plan Rows": 1,
              "Plan Width": 8,
              "Actual Startup Time": 134.888,
              "Actual Total Time": 134.888,
              "Actual Rows": 1,
              "Actual Loops": 4,
              "Plans": [
                {
                  "Node Type": "Seq Scan",
                  "Parent Relationship": "Outer",
                  "Parallel Aware": true,
                  "Relation Name": "movie_keyword",
                  "Alias": "mk",
                  "Startup Cost": 0.0,
                  "Total Cost": 42695.65,
                  "Plan Rows": 624726,
                  "Plan Width": 0,
                  "Actual Startup Time": 1.015,
                  "Actual Total Time": 111.547,
                  "Actual Rows": 484860,
                  "Actual Loops": 4,
                  "Filter": "(keyword_id > 6812)",
                  "Rows Removed by Filter": 646123
                }
              ]
            }
          ]
        }
      ]
    },
    "Planning Time": 0.19,
    "Triggers": [],
    "Execution Time": 148.998
  }
]