[
  {
    "Plan": {
      "Node Type": "Aggregate",
      "Strategy": "Plain",
      "Partial Mode": "Finalize",
      "Parallel Aware": false,
      "Startup Cost": 45596.28,
      "Total Cost": 45596.29,
      "Plan Rows": 1,
      "Plan Width": 8,
      "Actual Startup Time": 168.282,
      "Actual Total Time": 179.451,
      "Actual Rows": 1,
      "Actual Loops": 1,
      "Plans": [
        {
          "Node Type": "Gather",
          "Parent Relationship": "Outer",
          "Parallel Aware": false,
          "Startup Cost": 45595.96,
          "Total Cost": 45596.27,
          "Plan Rows": 3,
          "Plan Width": 8,
          "Actual Startup Time": 168.152,
          "Actual Total Time": 179.442,
          "Actual Rows": 4,
          "Actual Loops": 1,
          "Workers Planned": 3,
          "Workers Launched": 3,
          "Single Copy": false,
          "Plans": [
            {
              "Node Type": "Aggregate",
              "Strategy": "Plain",
              "Partial Mode": "Partial",
              "Parent Relationship": "Outer",
              "Parallel Aware": false,
              "Startup Cost": 44595.96,
              "Total Cost": 44595.97,
              "Plan Rows": 1,
              "Plan Width": 8,
              "Actual Startup Time": 159.86,
              "Actual Total Time": 159.861,
              "Actual Rows": 1,
              "Actual Loops": 4,
              "Plans": [
                {
                  "Node Type": "Seq Scan",
                  "Parent Relationship": "Outer",
                  "Parallel Aware": true,
                  "Relation Name": "movie_keyword",
                  "Alias": "mk",
                  "Startup Cost": 0.0,
                  "Total Cost": 42695.65,
                  "Plan Rows": 760124,
                  "Plan Width": 0,
                  "Actual Startup Time": 0.192,
                  "Actual Total Time": 128.548,
                  "Actual Rows": 585682,
                  "Actual Loops": 4,
                  "Filter": "(keyword_id > 4304)",
                  "Rows Removed by Filter": 545301
                }
              ]
            }
          ]
        }
      ]
    },
    "Planning Time": 0.075,
    "Triggers": [],
    "Execution Time": 179.477
  }
]