[
  {
    "Plan": {
      "Node Type": "Aggregate",
      "Strategy": "Plain",
      "Partial Mode": "Finalize",
      "Parallel Aware": false,
      "Startup Cost": 46121.44,
      "Total Cost": 46121.45,
      "Plan Rows": 1,
      "Plan Width": 8,
      "Actual Startup Time": 170.857,
      "Actual Total Time": 180.119,
      "Actual Rows": 1,
      "Actual Loops": 1,
      "Plans": [
        {
          "Node Type": "Gather",
          "Parent Relationship": "Outer",
          "Parallel Aware": false,
          "Startup Cost": 46121.12,
          "Total Cost": 46121.43,
          "Plan Rows": 3,
          "Plan Width": 8,
          "Actual Startup Time": 170.724,
          "Actual Total Time": 180.108,
          "Actual Rows": 4,
          "Actual Loops": 1,
          "Workers Planned": 3,
          "Workers Launched": 3,
          "Single Copy": false,
          "Plans": [
            {
              "Node Type": "Aggregate",
              "Strategy": "Plain",
              "Partial Mode": "Partial",
              "Parent Relationship": "Outer",
              "Parallel Aware": false,
              "Startup Cost": 45121.12,
              "Total Cost": 45121.13,
              "Plan Rows": 1,
              "Plan Width": 8,
              "Actual Startup Time": 163.968,
              "Actual Total Time": 163.97,
              "Actual Rows": 1,
              "Actual Loops": 4,
              "Plans": [
                {
                  "Node Type": "Seq Scan",
                  "Parent Relationship": "Outer",
                  "Parallel Aware": true,
                  "Relation Name": "movie_keyword",
                  "Alias": "mk",
                  "Startup Cost": 0.0,
                  "Total Cost": 42695.65,
                  "Plan Rows": 970186,
                  "Plan Width": 0,
                  "Actual Startup Time": 0.339,
                  "Actual Total Time": 127.857,
                  "Actual Rows": 746574,
                  "Actual Loops": 4,
                  "Filter": "(keyword_id > 2243)",
                  "Rows Removed by Filter": 384409
                }
              ]
            }
          ]
        }
      ]
    },
    "Planning Time": 0.179,
    "Triggers": [],
    "Execution Time": 180.174
  }
]