{
  "Plan": {
    "Node Type": "Aggregate",
    "Strategy": "Plain",
    "Partial Mode": "Finalize",
    "Parallel Aware": false,
    "Startup Cost": 355690.89,
    "Total Cost": 355690.9,
    "Plan Rows": 1,
    "Plan Width": 8,
    "Actual Startup Time": 241.597,
    "Actual Total Time": 279.275,
    "Actual Rows": 1,
    "Actual Loops": 1,
    "Plans": [
      {
        "Node Type": "Gather",
        "Parent Relationship": "Outer",
        "Parallel Aware": false,
        "Startup Cost": 355690.78,
        "Total Cost": 355690.89,
        "Plan Rows": 1,
        "Plan Width": 8,
        "Actual Startup Time": 241.439,
        "Actual Total Time": 279.243,
        "Actual Rows": 2,
        "Actual Loops": 1,
        "Workers Planned": 1,
        "Workers Launched": 1,
        "Single Copy": false,
        "Plans": [
          {
            "Node Type": "Aggregate",
            "Strategy": "Plain",
            "Partial Mode": "Partial",
            "Parent Relationship": "Outer",
            "Parallel Aware": false,
            "Startup Cost": 354690.78,
            "Total Cost": 354690.79,
            "Plan Rows": 1,
            "Plan Width": 8,
            "Actual Startup Time": 235.544,
            "Actual Total Time": 235.546,
            "Actual Rows": 1,
            "Actual Loops": 2,
            "Plans": [
              {
                "Node Type": "Nested Loop",
                "Parent Relationship": "Outer",
                "Parallel Aware": false,
                "Join Type": "Inner",
                "Startup Cost": 0.56,
                "Total Cost": 354659.84,
                "Plan Rows": 12374,
                "Plan Width": 0,
                "Actual Startup Time": 1.124,
                "Actual Total Time": 234.467,
                "Actual Rows": 16283,
                "Actual Loops": 2,
                "Inner Unique": false,
                "Plans": [
                  {
                    "Node Type": "Seq Scan",
                    "Parent Relationship": "Outer",
                    "Parallel Aware": true,
                    "Relation Name": "title",
                    "Alias": "t",
                    "Startup Cost": 0.0,
                    "Total Cost": 58306.47,
                    "Plan Rows": 2508,
                    "Plan Width": 4,
                    "Actual Startup Time": 0.711,
                    "Actual Total Time": 130.774,
                    "Actual Rows": 2481,
                    "Actual Loops": 2,
                    "Filter": "((kind_id < 7) AND (production_year = 1964))",
                    "Rows Removed by Filter": 1261675
                  },
                  {
                    "Node Type": "Index Scan",
                    "Parent Relationship": "Inner",
                    "Parallel Aware": false,
                    "Scan Direction": "Forward",
                    "Index Name": "movie_id_cast_info",
                    "Relation Name": "cast_info",
                    "Alias": "ci",
                    "Startup Cost": 0.56,
                    "Total Cost": 118.03,
                    "Plan Rows": 13,
                    "Plan Width": 4,
                    "Actual Startup Time": 0.011,
                    "Actual Total Time": 0.041,
                    "Actual Rows": 7,
                    "Actual Loops": 4962,
                    "Index Cond": "(movie_id = t.id)",
                    "Rows Removed by Index Recheck": 0,
                    "Filter": "(role_id < 2)",
                    "Rows Removed by Filter": 8
                  }
                ]
              }
            ]
          }
        ]
      }
    ]
  },
  "Planning Time": 0.521,
  "Triggers": [],
  "Execution Time": 279.36
}