{
  "Plan": {
    "Node Type": "Aggregate",
    "Strategy": "Plain",
    "Partial Mode": "Finalize",
    "Parallel Aware": false,
    "Startup Cost": 256695.07,
    "Total Cost": 256695.08,
    "Plan Rows": 1,
    "Plan Width": 8,
    "Actual Startup Time": 342.04,
    "Actual Total Time": 355.083,
    "Actual Rows": 1,
    "Actual Loops": 1,
    "Plans": [
      {
        "Node Type": "Gather",
        "Parent Relationship": "Outer",
        "Parallel Aware": false,
        "Startup Cost": 256694.96,
        "Total Cost": 256695.07,
        "Plan Rows": 1,
        "Plan Width": 8,
        "Actual Startup Time": 341.483,
        "Actual Total Time": 355.074,
        "Actual Rows": 2,
        "Actual Loops": 1,
        "Workers Planned": 1,
        "Workers Launched": 1,
        "Single Copy": false,
        "Plans": [
          {
            "Node Type": "Aggregate",
            "Strategy": "Plain",
            "Partial Mode": "Partial",
            "Parent Relationship": "Outer",
            "Parallel Aware": false,
            "Startup Cost": 255694.96,
            "Total Cost": 255694.97,
            "Plan Rows": 1,
            "Plan Width": 8,
            "Actual Startup Time": 335.506,
            "Actual Total Time": 335.51,
            "Actual Rows": 1,
            "Actual Loops": 2,
            "Plans": [
              {
                "Node Type": "Hash Join",
                "Parent Relationship": "Outer",
                "Parallel Aware": true,
                "Join Type": "Inner",
                "Startup Cost": 82249.63,
                "Total Cost": 255615.69,
                "Plan Rows": 31709,
                "Plan Width": 0,
                "Actual Startup Time": 198.377,
                "Actual Total Time": 334.691,
                "Actual Rows": 15356,
                "Actual Loops": 2,
                "Inner Unique": true,
                "Hash Cond": "(mi.movie_id = t.id)",
                "Plans": [
                  {
                    "Node Type": "Bitmap Heap Scan",
                    "Parent Relationship": "Outer",
                    "Parallel Aware": true,
                    "Relation Name": "movie_info",
                    "Alias": "mi",
                    "Startup Cost": 23159.21,
                    "Total Cost": 194551.43,
                    "Plan Rows": 751938,
                    "Plan Width": 4,
                    "Actual Startup Time": 38.155,
                    "Actual Total Time": 94.476,
                    "Actual Rows": 649494,
                    "Actual Loops": 2,
                    "Recheck Cond": "(info_type_id = 4)",
                    "Rows Removed by Index Recheck": 0,
                    "Exact Heap Blocks": 4756,
                    "Lossy Heap Blocks": 0,
                    "Plans": [
                      {
                        "Node Type": "Bitmap Index Scan",
                        "Parent Relationship": "Outer",
                        "Parallel Aware": false,
                        "Index Name": "info_type_id_movie_info",
                        "Startup Cost": 0.0,
                        "Total Cost": 22839.64,
                        "Plan Rows": 1278294,
                        "Plan Width": 0,
                        "Actual Startup Time": 36.863,
                        "Actual Total Time": 36.863,
                        "Actual Rows": 1298989,
                        "Actual Loops": 1,
                        "Index Cond": "(info_type_id = 4)"
                      }
                    ]
                  },
                  {
                    "Node Type": "Hash",
                    "Parent Relationship": "Inner",
                    "Parallel Aware": true,
                    "Startup Cost": 58306.47,
                    "Total Cost": 58306.47,
                    "Plan Rows": 62716,
                    "Plan Width": 4,
                    "Actual Startup Time": 156.624,
                    "Actual Total Time": 156.625,
                    "Actual Rows": 54256,
                    "Actual Loops": 2,
                    "Hash Buckets": 131072,
                    "Original Hash Buckets": 131072,
                    "Hash Batches": 1,
                    "Original Hash Batches": 1,
                    "Peak Memory Usage": 5280,
                    "Plans": [
                      {
                        "Node Type": "Seq Scan",
                        "Parent Relationship": "Outer",
                        "Parallel Aware": true,
                        "Relation Name": "title",
                        "Alias": "t",
                        "Startup Cost": 0.0,
                        "Total Cost": 58306.47,
                        "Plan Rows": 62716,
                        "Plan Width": 4,
                        "Actual Startup Time": 0.047,
                        "Actual Total Time": 142.433,
                        "Actual Rows": 54256,
                        "Actual Loops": 2,
                        "Filter": "((kind_id > 1) AND (production_year = 2010))",
                        "Rows Removed by Filter": 1209900
                      }
                    ]
                  }
                ]
              }
            ]
          }
        ]
      }
    ]
  },
  "Planning Time": 0.473,
  "Triggers": [],
  "Execution Time": 355.207
}