[
  {
    "Plan": {
      "Node Type": "Aggregate",
      "Strategy": "Plain",
      "Partial Mode": "Simple",
      "Parallel Aware": false,
      "Startup Cost": 48878.28,
      "Total Cost": 48878.29,
      "Plan Rows": 1,
      "Plan Width": 64,
      "Actual Startup Time": 130.512,
      "Actual Total Time": 145.424,
      "Actual Rows": 1,
      "Actual Loops": 1,
      "Plans": [
        {
          "Node Type": "Nested Loop",
          "Parent Relationship": "Outer",
          "Parallel Aware": false,
          "Join Type": "Inner",
          "Startup Cost": 1003.41,
          "Total Cost": 48878.27,
          "Plan Rows": 1,
          "Plan Width": 32,
          "Actual Startup Time": 21.529,
          "Actual Total Time": 145.399,
          "Actual Rows": 16,
          "Actual Loops": 1,
          "Inner Unique": true,
          "Plans": [
            {
              "Node Type": "Nested Loop",
              "Parent Relationship": "Outer",
              "Parallel Aware": false,
              "Join Type": "Inner",
              "Startup Cost": 1003.28,
              "Total Cost": 48878.1,
              "Plan Rows": 1,
              "Plan Width": 36,
              "Actual Startup Time": 21.502,
              "Actual Total Time": 145.349,
              "Actual Rows": 16,
              "Actual Loops": 1,
              "Inner Unique": true,
              "Join Filter": "(ci.person_id = n.id)",
              "Rows Removed by Join Filter": 0,
              "Plans": [
                {
                  "Node Type": "Nested Loop",
                  "Parent Relationship": "Outer",
                  "Parallel Aware": false,
                  "Join Type": "Inner",
                  "Startup Cost": 1002.85,
                  "Total Cost": 48877.32,
                  "Plan Rows": 1,
                  "Plan Width": 29,
                  "Actual Startup Time": 20.553,
                  "Actual Total Time": 144.66,
                  "Actual Rows": 102,
                  "Actual Loops": 1,
                  "Inner Unique": true,
                  "Plans": [
                    {
                      "Node Type": "Nested Loop",
                      "Parent Relationship": "Outer",
                      "Parallel Aware": false,
                      "Join Type": "Inner",
                      "Startup Cost": 1002.7,
                      "Total Cost": 48877.12,
                      "Plan Rows": 1,
                      "Plan Width": 33,
                      "Actual Startup Time": 20.539,
                      "Actual Total Time": 144.527,
                      "Actual Rows": 102,
                      "Actual Loops": 1,
                      "Inner Unique": false,
                      "Join Filter": "(t.id = mi.movie_id)",
                      "Rows Removed by Join Filter": 0,
                      "Plans": [
                        {
                          "Node Type": "Nested Loop",
                          "Parent Relationship": "Outer",
                          "Parallel Aware": false,
                          "Join Type": "Inner",
                          "Startup Cost": 1002.27,
                          "Total Cost": 48871.17,
                          "Plan Rows": 1,
                          "Plan Width": 41,
                          "Actual Startup Time": 20.451,
                          "Actual Total Time": 143.915,
                          "Actual Rows": 102,
                          "Actual Loops": 1,
                          "Inner Unique": true,
                          "Plans": [
                            {
                              "Node Type": "Nested Loop",
                              "Parent Relationship": "Outer",
                              "Parallel Aware": false,
                              "Join Type": "Inner",
                              "Startup Cost": 1001.84,
                              "Total Cost": 48869.71,
                              "Plan Rows": 1,
                              "Plan Width": 45,
                              "Actual Startup Time": 20.431,
                              "Actual Total Time": 143.446,
                              "Actual Rows": 102,
                              "Actual Loops": 1,
                              "Inner Unique": false,
                              "Plans": [
                                {
                                  "Node Type": "Gather",
                                  "Parent Relationship": "Outer",
                                  "Parallel Aware": false,
                                  "Startup Cost": 1001.41,
                                  "Total Cost": 48868.92,
                                  "Plan Rows": 1,
                                  "Plan Width": 41,
                                  "Actual Startup Time": 20.376,
                                  "Actual Total Time": 142.785,
                                  "Actual Rows": 18,
                                  "Actual Loops": 1,
                                  "Workers Planned": 4,
                                  "Workers Launched": 4,
                                  "Single Copy": false,
                                  "Plans": [
                                    {
                                      "Node Type": "Nested Loop",
                                      "Parent Relationship": "Outer",
                                      "Parallel Aware": false,
                                      "Join Type": "Inner",
                                      "Startup Cost": 1.42,
                                      "Total Cost": 47868.82,
                                      "Plan Rows": 1,
                                      "Plan Width": 41,
                                      "Actual Startup Time": 87.581,
                                      "Actual Total Time": 118.704,
                                      "Actual Rows": 4,
                                      "Actual Loops": 5,
                                      "Inner Unique": false,
                                      "Join Filter": "(t.id = ci.movie_id)",
                                      "Rows Removed by Join Filter": 0,
                                      "Plans": [
                                        {
                                          "Node Type": "Nested Loop",
                                          "Parent Relationship": "Outer",
                                          "Parallel Aware": false,
                                          "Join Type": "Inner",
                                          "Startup Cost": 0.85,
                                          "Total Cost": 47854.63,
                                          "Plan Rows": 1,
                                          "Plan Width": 25,
                                          "Actual Startup Time": 76.834,
                                          "Actual Total Time": 118.404,
                                          "Actual Rows": 1,
                                          "Actual Loops": 5,
                                          "Inner Unique": true,
                                          "Plans": [
                                            {
                                              "Node Type": "Nested Loop",
                                              "Parent Relationship": "Outer",
                                              "Parallel Aware": false,
                                              "Join Type": "Inner",
                                              "Startup Cost": 0.43,
                                              "Total Cost": 47853.45,
                                              "Plan Rows": 2,
                                              "Plan Width": 29,
                                              "Actual Startup Time": 76.786,
                                              "Actual Total Time": 118.344,
                                              "Actual Rows": 1,
                                              "Actual Loops": 5,
                                              "Inner Unique": false,
                                              "Plans": [
                                                {
                                                  "Node Type": "Seq Scan",
                                                  "Parent Relationship": "Outer",
                                                  "Parallel Aware": true,
                                                  "Relation Name": "title",
                                                  "Alias": "t",
                                                  "Startup Cost": 0.0,
                                                  "Total Cost": 47059.85,
                                                  "Plan Rows": 38,
                                                  "Plan Width": 21,
                                                  "Actual Startup Time": 9.764,
                                                  "Actual Total Time": 117.691,
                                                  "Actual Rows": 16,
                                                  "Actual Loops": 5,
                                                  "Filter": "((title ~~ '%(2008-02-11)%'::text) AND (production_year >= 1995) AND (production_year <= 2013))",
                                                  "Rows Removed by Filter": 505647
                                                },
                                                {
                                                  "Node Type": "Index Scan",
                                                  "Parent Relationship": "Inner",
                                                  "Parallel Aware": false,
                                                  "Scan Direction": "Forward",
                                                  "Index Name": "movie_id_movie_companies",
                                                  "Relation Name": "movie_companies",
                                                  "Alias": "mc",
                                                  "Startup Cost": 0.43,
                                                  "Total Cost": 20.87,
                                                  "Plan Rows": 1,
                                                  "Plan Width": 8,
                                                  "Actual Startup Time": 0.04,
                                                  "Actual Total Time": 0.04,
                                                  "Actual Rows": 0,
                                                  "Actual Loops": 78,
                                                  "Index Cond": "(movie_id = t.id)",
                                                  "Rows Removed by Index Recheck": 0,
                                                  "Filter": "((note ~~ '%(200%)%'::text) AND ((note ~~ '%(USA)%'::text) OR (note ~~ '%(worldwide)%'::text)))",
                                                  "Rows Removed by Filter": 0
                                                }
                                              ]
                                            },
                                            {
                                              "Node Type": "Index Scan",
                                              "Parent Relationship": "Inner",
                                              "Parallel Aware": false,
                                              "Scan Direction": "Forward",
                                              "Index Name": "company_name_pkey",
                                              "Relation Name": "company_name",
                                              "Alias": "cn",
                                              "Startup Cost": 0.42,
                                              "Total Cost": 0.59,
                                              "Plan Rows": 1,
                                              "Plan Width": 4,
                                              "Actual Startup Time": 0.046,
                                              "Actual Total Time": 0.046,
                                              "Actual Rows": 1,
                                              "Actual Loops": 6,
                                              "Index Cond": "(id = mc.company_id)",
                                              "Rows Removed by Index Recheck": 0,
                                              "Filter": "((country_code)::text = '[us]'::text)",
                                              "Rows Removed by Filter": 0
                                            }
                                          ]
                                        },
                                        {
                                          "Node Type": "Index Scan",
                                          "Parent Relationship": "Inner",
                                          "Parallel Aware": false,
                                          "Scan Direction": "Forward",
                                          "Index Name": "movie_id_cast_info",
                                          "Relation Name": "cast_info",
                                          "Alias": "ci",
                                          "Startup Cost": 0.56,
                                          "Total Cost": 14.18,
                                          "Plan Rows": 1,
                                          "Plan Width": 16,
                                          "Actual Startup Time": 0.152,
                                          "Actual Total Time": 0.246,
                                          "Actual Rows": 3,
                                          "Actual Loops": 6,
                                          "Index Cond": "(movie_id = mc.movie_id)",
                                          "Rows Removed by Index Recheck": 0,
                                          "Filter": "(note = '(archive footage)'::text)",
                                          "Rows Removed by Filter": 12
                                        }
                                      ]
                                    }
                                  ]
                                },
                                {
                                  "Node Type": "Index Only Scan",
                                  "Parent Relationship": "Inner",
                                  "Parallel Aware": false,
                                  "Scan Direction": "Forward",
                                  "Index Name": "person_id_aka_name",
                                  "Relation Name": "aka_name",
                                  "Alias": "an",
                                  "Startup Cost": 0.42,
                                  "Total Cost": 0.77,
                                  "Plan Rows": 2,
                                  "Plan Width": 4,
                                  "Actual Startup Time": 0.028,
                                  "Actual Total Time": 0.035,
                                  "Actual Rows": 6,
                                  "Actual Loops": 18,
                                  "Index Cond": "(person_id = ci.person_id)",
                                  "Rows Removed by Index Recheck": 0,
                                  "Heap Fetches": 102
                                }
                              ]
                            },
                            {
                              "Node Type": "Index Only Scan",
                              "Parent Relationship": "Inner",
                              "Parallel Aware": false,
                              "Scan Direction": "Forward",
                              "Index Name": "char_name_pkey",
                              "Relation Name": "char_name",
                              "Alias": "chn",
                              "Startup Cost": 0.43,
                              "Total Cost": 1.46,
                              "Plan Rows": 1,
                              "Plan Width": 4,
                              "Actual Startup Time": 0.004,
                              "Actual Total Time": 0.004,
                              "Actual Rows": 1,
                              "Actual Loops": 102,
                              "Index Cond": "(id = ci.person_role_id)",
                              "Rows Removed by Index Recheck": 0,
                              "Heap Fetches": 102
                            }
                          ]
                        },
                        {
                          "Node Type": "Index Scan",
                          "Parent Relationship": "Inner",
                          "Parallel Aware": false,
                          "Scan Direction": "Forward",
                          "Index Name": "movie_id_movie_info",
                          "Relation Name": "movie_info",
                          "Alias": "mi",
                          "Startup Cost": 0.43,
                          "Total Cost": 5.93,
                          "Plan Rows": 1,
                          "Plan Width": 8,
                          "Actual Startup Time": 0.004,
                          "Actual Total Time": 0.006,
                          "Actual Rows": 1,
                          "Actual Loops": 102,
                          "Index Cond": "(movie_id = ci.movie_id)",
                          "Rows Removed by Index Recheck": 0,
                          "Filter": "((info IS NOT NULL) AND ((info ~~ 'Japan:%2007%'::text) OR (info ~~ 'USA:%2008%'::text)))",
                          "Rows Removed by Filter": 4
                        }
                      ]
                    },
                    {
                      "Node Type": "Index Scan",
                      "Parent Relationship": "Inner",
                      "Parallel Aware": false,
                      "Scan Direction": "Forward",
                      "Index Name": "info_type_pkey",
                      "Relation Name": "info_type",
                      "Alias": "it",
                      "Startup Cost": 0.14,
                      "Total Cost": 0.17,
                      "Plan Rows": 1,
                      "Plan Width": 4,
                      "Actual Startup Time": 0.001,
                      "Actual Total Time": 0.001,
                      "Actual Rows": 1,
                      "Actual Loops": 102,
                      "Index Cond": "(id = mi.info_type_id)",
                      "Rows Removed by Index Recheck": 0,
                      "Filter": "((info)::text = 'release dates'::text)",
                      "Rows Removed by Filter": 0
                    }
                  ]
                },
                {
                  "Node Type": "Index Scan",
                  "Parent Relationship": "Inner",
                  "Parallel Aware": false,
                  "Scan Direction": "Forward",
                  "Index Name": "name_pkey",
                  "Relation Name": "name",
                  "Alias": "n",
                  "Startup Cost": 0.43,
                  "Total Cost": 0.77,
                  "Plan Rows": 1,
                  "Plan Width": 19,
                  "Actual Startup Time": 0.006,
                  "Actual Total Time": 0.006,
                  "Actual Rows": 0,
                  "Actual Loops": 102,
                  "Index Cond": "(id = an.person_id)",
                  "Rows Removed by Index Recheck": 0,
                  "Filter": "((name ~~ '%Clinton,%'::text) AND ((gender)::text = 'f'::text))",
                  "Rows Removed by Filter": 1
                }
              ]
            },
            {
              "Node Type": "Index Scan",
              "Parent Relationship": "Inner",
              "Parallel Aware": false,
              "Scan Direction": "Forward",
              "Index Name": "role_type_pkey",
              "Relation Name": "role_type",
              "Alias": "rt",
              "Startup Cost": 0.14,
              "Total Cost": 0.16,
              "Plan Rows": 1,
              "Plan Width": 4,
              "Actual Startup Time": 0.002,
              "Actual Total Time": 0.002,
              "Actual Rows": 1,
              "Actual Loops": 16,
              "Index Cond": "(id = ci.role_id)",
              "Rows Removed by Index Recheck": 0,
              "Filter": "((role)::text = 'actress'::text)",
              "Rows Removed by Filter": 0
            }
          ]
        }
      ]
    },
    "Planning Time": 38.592,
    "Triggers": [],
    "Execution Time": 145.743
  }
]