{
  "Plan": {
    "Node Type": "Aggregate",
    "Strategy": "Plain",
    "Partial Mode": "Simple",
    "Parallel Aware": false,
    "Startup Cost": 20306.39,
    "Total Cost": 20306.4,
    "Plan Rows": 1,
    "Plan Width": 128,
    "Actual Startup Time": 2381.136,
    "Actual Total Time": 2381.144,
    "Actual Rows": 1,
    "Actual Loops": 1,
    "Plans": [
      {
        "Node Type": "Nested Loop",
        "Parent Relationship": "Outer",
        "Parallel Aware": false,
        "Join Type": "Inner",
        "Startup Cost": 4936.4,
        "Total Cost": 20306.38,
        "Plan Rows": 1,
        "Plan Width": 54,
        "Actual Startup Time": 450.686,
        "Actual Total Time": 2379.809,
        "Actual Rows": 4209,
        "Actual Loops": 1,
        "Inner Unique": true,
        "Plans": [
          {
            "Node Type": "Nested Loop",
            "Parent Relationship": "Outer",
            "Parallel Aware": false,
            "Join Type": "Inner",
            "Startup Cost": 4935.97,
            "Total Cost": 20299.97,
            "Plan Rows": 14,
            "Plan Width": 42,
            "Actual Startup Time": 450.122,
            "Actual Total Time": 2159.94,
            "Actual Rows": 137211,
            "Actual Loops": 1,
            "Inner Unique": true,
            "Plans": [
              {
                "Node Type": "Nested Loop",
                "Parent Relationship": "Outer",
                "Parallel Aware": false,
                "Join Type": "Inner",
                "Startup Cost": 4935.54,
                "Total Cost": 20293.6,
                "Plan Rows": 14,
                "Plan Width": 31,
                "Actual Startup Time": 450.088,
                "Actual Total Time": 1573.45,
                "Actual Rows": 137211,
                "Actual Loops": 1,
                "Inner Unique": false,
                "Join Filter": "(t.id = ci.movie_id)",
                "Rows Removed by Join Filter": 0,
                "Plans": [
                  {
                    "Node Type": "Nested Loop",
                    "Parent Relationship": "Outer",
                    "Parallel Aware": false,
                    "Join Type": "Inner",
                    "Startup Cost": 4934.98,
                    "Total Cost": 20291.68,
                    "Plan Rows": 1,
                    "Plan Width": 39,
                    "Actual Startup Time": 450.05,
                    "Actual Total Time": 1378.618,
                    "Actual Rows": 920,
                    "Actual Loops": 1,
                    "Inner Unique": true,
                    "Plans": [
                      {
                        "Node Type": "Nested Loop",
                        "Parent Relationship": "Outer",
                        "Parallel Aware": false,
                        "Join Type": "Inner",
                        "Startup Cost": 4934.85,
                        "Total Cost": 20291.5,
                        "Plan Rows": 1,
                        "Plan Width": 43,
                        "Actual Startup Time": 53.076,
                        "Actual Total Time": 1376.138,
                        "Actual Rows": 1305,
                        "Actual Loops": 1,
                        "Inner Unique": true,
                        "Plans": [
                          {
                            "Node Type": "Nested Loop",
                            "Parent Relationship": "Outer",
                            "Parallel Aware": false,
                            "Join Type": "Inner",
                            "Startup Cost": 4934.43,
                            "Total Cost": 20288.34,
                            "Plan Rows": 7,
                            "Plan Width": 47,
                            "Actual Startup Time": 46.462,
                            "Actual Total Time": 1049.559,
                            "Actual Rows": 166364,
                            "Actual Loops": 1,
                            "Inner Unique": false,
                            "Plans": [
                              {
                                "Node Type": "Nested Loop",
                                "Parent Relationship": "Outer",
                                "Parallel Aware": false,
                                "Join Type": "Inner",
                                "Startup Cost": 4933.99,
                                "Total Cost": 20281.1,
                                "Plan Rows": 4,
                                "Plan Width": 39,
                                "Actual Startup Time": 46.235,
                                "Actual Total Time": 977.425,
                                "Actual Rows": 7882,
                                "Actual Loops": 1,
                                "Inner Unique": false,
                                "Join Filter": "(cc.status_id = cct2.id)",
                                "Rows Removed by Join Filter": 7882,
                                "Plans": [
                                  {
                                    "Node Type": "Seq Scan",
                                    "Parent Relationship": "Outer",
                                    "Parallel Aware": false,
                                    "Relation Name": "comp_cast_type",
                                    "Alias": "cct2",
                                    "Startup Cost": 0.0,
                                    "Total Cost": 1.05,
                                    "Plan Rows": 1,
                                    "Plan Width": 4,
                                    "Actual Startup Time": 0.023,
                                    "Actual Total Time": 0.026,
                                    "Actual Rows": 2,
                                    "Actual Loops": 1,
                                    "Filter": "((kind)::text ~~ '%complete%'::text)",
                                    "Rows Removed by Filter": 2
                                  },
                                  {
                                    "Node Type": "Hash Join",
                                    "Parent Relationship": "Inner",
                                    "Parallel Aware": false,
                                    "Join Type": "Inner",
                                    "Startup Cost": 4933.99,
                                    "Total Cost": 20279.87,
                                    "Plan Rows": 15,
                                    "Plan Width": 43,
                                    "Actual Startup Time": 30.37,
                                    "Actual Total Time": 487.795,
                                    "Actual Rows": 7882,
                                    "Actual Loops": 2,
                                    "Inner Unique": true,
                                    "Hash Cond": "(cc.subject_id = cct1.id)",
                                    "Plans": [
                                      {
                                        "Node Type": "Nested Loop",
                                        "Parent Relationship": "Outer",
                                        "Parallel Aware": false,
                                        "Join Type": "Inner",
                                        "Startup Cost": 4932.93,
                                        "Total Cost": 20278.48,
                                        "Plan Rows": 59,
                                        "Plan Width": 47,
                                        "Actual Startup Time": 30.347,
                                        "Actual Total Time": 485.545,
                                        "Actual Rows": 12857,
                                        "Actual Loops": 2,
                                        "Inner Unique": false,
                                        "Plans": [
                                          {
                                            "Node Type": "Nested Loop",
                                            "Parent Relationship": "Outer",
                                            "Parallel Aware": false,
                                            "Join Type": "Inner",
                                            "Startup Cost": 4932.51,
                                            "Total Cost": 19750.9,
                                            "Plan Rows": 1104,
                                            "Plan Width": 35,
                                            "Actual Startup Time": 30.012,
                                            "Actual Total Time": 400.627,
                                            "Actual Rows": 79195,
                                            "Actual Loops": 2,
                                            "Inner Unique": true,
                                            "Plans": [
                                              {
                                                "Node Type": "Nested Loop",
                                                "Parent Relationship": "Outer",
                                                "Parallel Aware": false,
                                                "Join Type": "Inner",
                                                "Startup Cost": 4932.08,
                                                "Total Cost": 17393.63,
                                                "Plan Rows": 1699,
                                                "Plan Width": 10,
                                                "Actual Startup Time": 29.989,
                                                "Actual Total Time": 130.294,
                                                "Actual Rows": 121572,
                                                "Actual Loops": 2,
                                                "Inner Unique": false,
                                                "Plans": [
                                                  {
                                                    "Node Type": "Seq Scan",
                                                    "Parent Relationship": "Outer",
                                                    "Parallel Aware": false,
                                                    "Relation Name": "info_type",
                                                    "Alias": "it2",
                                                    "Startup Cost": 0.0,
                                                    "Total Cost": 2.41,
                                                    "Plan Rows": 1,
                                                    "Plan Width": 4,
                                                    "Actual Startup Time": 0.021,
                                                    "Actual Total Time": 0.026,
                                                    "Actual Rows": 1,
                                                    "Actual Loops": 2,
                                                    "Filter": "((info)::text = 'rating'::text)",
                                                    "Rows Removed by Filter": 112
                                                  },
                                                  {
                                                    "Node Type": "Bitmap Heap Scan",
                                                    "Parent Relationship": "Inner",
                                                    "Parallel Aware": false,
                                                    "Relation Name": "movie_info_idx",
                                                    "Alias": "mi_idx",
                                                    "Startup Cost": 4932.08,
                                                    "Total Cost": 17007.19,
                                                    "Plan Rows": 38403,
                                                    "Plan Width": 14,
                                                    "Actual Startup Time": 29.958,
                                                    "Actual Total Time": 121.146,
                                                    "Actual Rows": 121572,
                                                    "Actual Loops": 2,
                                                    "Recheck Cond": "(info_type_id = it2.id)",
                                                    "Rows Removed by Index Recheck": 0,
                                                    "Filter": "(info > '7.0'::text)",
                                                    "Rows Removed by Filter": 338353,
                                                    "Exact Heap Blocks": 15868,
                                                    "Lossy Heap Blocks": 0,
                                                    "Plans": [
                                                      {
                                                        "Node Type": "Bitmap Index Scan",
                                                        "Parent Relationship": "Outer",
                                                        "Parallel Aware": false,
                                                        "Index Name": "info_type_id_movie_info_idx",
                                                        "Startup Cost": 0.0,
                                                        "Total Cost": 4922.48,
                                                        "Plan Rows": 276007,
                                                        "Plan Width": 0,
                                                        "Actual Startup Time": 29.011,
                                                        "Actual Total Time": 29.012,
                                                        "Actual Rows": 459925,
                                                        "Actual Loops": 2,
                                                        "Index Cond": "(info_type_id = it2.id)"
                                                      }
                                                    ]
                                                  }
                                                ]
                                              },
                                              {
                                                "Node Type": "Index Scan",
                                                "Parent Relationship": "Inner",
                                                "Parallel Aware": false,
                                                "Scan Direction": "Forward",
                                                "Index Name": "title_pkey",
                                                "Relation Name": "title",
                                                "Alias": "t",
                                                "Startup Cost": 0.43,
                                                "Total Cost": 1.39,
                                                "Plan Rows": 1,
                                                "Plan Width": 25,
                                                "Actual Startup Time": 0.002,
                                                "Actual Total Time": 0.002,
                                                "Actual Rows": 1,
                                                "Actual Loops": 243144,
                                                "Index Cond": "(id = mi_idx.movie_id)",
                                                "Rows Removed by Index Recheck": 0,
                                                "Filter": "(production_year > 1994)",
                                                "Rows Removed by Filter": 0
                                              }
                                            ]
                                          },
                                          {
                                            "Node Type": "Index Scan",
                                            "Parent Relationship": "Inner",
                                            "Parallel Aware": false,
                                            "Scan Direction": "Forward",
                                            "Index Name": "movie_id_complete_cast",
                                            "Relation Name": "complete_cast",
                                            "Alias": "cc",
                                            "Startup Cost": 0.42,
                                            "Total Cost": 0.46,
                                            "Plan Rows": 2,
                                            "Plan Width": 12,
                                            "Actual Startup Time": 0.001,
                                            "Actual Total Time": 0.001,
                                            "Actual Rows": 0,
                                            "Actual Loops": 158390,
                                            "Index Cond": "(movie_id = t.id)",
                                            "Rows Removed by Index Recheck": 0
                                          }
                                        ]
                                      },
                                      {
                                        "Node Type": "Hash",
                                        "Parent Relationship": "Inner",
                                        "Parallel Aware": false,
                                        "Startup Cost": 1.05,
                                        "Total Cost": 1.05,
                                        "Plan Rows": 1,
                                        "Plan Width": 4,
                                        "Actual Startup Time": 0.028,
                                        "Actual Total Time": 0.029,
                                        "Actual Rows": 1,
                                        "Actual Loops": 1,
                                        "Hash Buckets": 1024,
                                        "Original Hash Buckets": 1024,
                                        "Hash Batches": 1,
                                        "Original Hash Batches": 1,
                                        "Peak Memory Usage": 9,
                                        "Plans": [
                                          {
                                            "Node Type": "Seq Scan",
                                            "Parent Relationship": "Outer",
                                            "Parallel Aware": false,
                                            "Relation Name": "comp_cast_type",
                                            "Alias": "cct1",
                                            "Startup Cost": 0.0,
                                            "Total Cost": 1.05,
                                            "Plan Rows": 1,
                                            "Plan Width": 4,
                                            "Actual Startup Time": 0.017,
                                            "Actual Total Time": 0.019,
                                            "Actual Rows": 1,
                                            "Actual Loops": 1,
                                            "Filter": "((kind)::text = 'cast'::text)",
                                            "Rows Removed by Filter": 3
                                          }
                                        ]
                                      }
                                    ]
                                  }
                                ]
                              },
                              {
                                "Node Type": "Index Scan",
                                "Parent Relationship": "Inner",
                                "Parallel Aware": false,
                                "Scan Direction": "Forward",
                                "Index Name": "movie_id_movie_keyword",
                                "Relation Name": "movie_keyword",
                                "Alias": "mk",
                                "Startup Cost": 0.43,
                                "Total Cost": 1.35,
                                "Plan Rows": 46,
                                "Plan Width": 8,
                                "Actual Startup Time": 0.003,
                                "Actual Total Time": 0.007,
                                "Actual Rows": 21,
                                "Actual Loops": 7882,
                                "Index Cond": "(movie_id = t.id)",
                                "Rows Removed by Index Recheck": 0
                              }
                            ]
                          },
                          {
                            "Node Type": "Index Scan",
                            "Parent Relationship": "Inner",
                            "Parallel Aware": false,
                            "Scan Direction": "Forward",
                            "Index Name": "keyword_pkey",
                            "Relation Name": "keyword",
                            "Alias": "k",
                            "Startup Cost": 0.42,
                            "Total Cost": 0.45,
                            "Plan Rows": 1,
                            "Plan Width": 4,
                            "Actual Startup Time": 0.002,
                            "Actual Total Time": 0.002,
                            "Actual Rows": 0,
                            "Actual Loops": 166364,
                            "Index Cond": "(id = mk.keyword_id)",
                            "Rows Removed by Index Recheck": 0,
                            "Filter": "(keyword = ANY ('{marvel-comics,fight,superhero,laser,death,superhero,murder,web,murder-in-title,based-on-comic}'::text[]))",
                            "Rows Removed by Filter": 1
                          }
                        ]
                      },
                      {
                        "Node Type": "Index Scan",
                        "Parent Relationship": "Inner",
                        "Parallel Aware": false,
                        "Scan Direction": "Forward",
                        "Index Name": "kind_type_pkey",
                        "Relation Name": "kind_type",
                        "Alias": "kt",
                        "Startup Cost": 0.13,
                        "Total Cost": 0.15,
                        "Plan Rows": 1,
                        "Plan Width": 4,
                        "Actual Startup Time": 0.001,
                        "Actual Total Time": 0.001,
                        "Actual Rows": 1,
                        "Actual Loops": 1305,
                        "Index Cond": "(id = t.kind_id)",
                        "Rows Removed by Index Recheck": 0,
                        "Filter": "((kind)::text = 'movie'::text)",
                        "Rows Removed by Filter": 0
                      }
                    ]
                  },
                  {
                    "Node Type": "Index Scan",
                    "Parent Relationship": "Inner",
                    "Parallel Aware": false,
                    "Scan Direction": "Forward",
                    "Index Name": "movie_id_cast_info",
                    "Relation Name": "cast_info",
                    "Alias": "ci",
                    "Startup Cost": 0.56,
                    "Total Cost": 1.5,
                    "Plan Rows": 34,
                    "Plan Width": 12,
                    "Actual Startup Time": 0.012,
                    "Actual Total Time": 0.193,
                    "Actual Rows": 149,
                    "Actual Loops": 920,
                    "Index Cond": "(movie_id = mk.movie_id)",
                    "Rows Removed by Index Recheck": 0
                  }
                ]
              },
              {
                "Node Type": "Index Scan",
                "Parent Relationship": "Inner",
                "Parallel Aware": false,
                "Scan Direction": "Forward",
                "Index Name": "name_pkey",
                "Relation Name": "name",
                "Alias": "n",
                "Startup Cost": 0.43,
                "Total Cost": 0.46,
                "Plan Rows": 1,
                "Plan Width": 19,
                "Actual Startup Time": 0.004,
                "Actual Total Time": 0.004,
                "Actual Rows": 1,
                "Actual Loops": 137211,
                "Index Cond": "(id = ci.person_id)",
                "Rows Removed by Index Recheck": 0
              }
            ]
          },
          {
            "Node Type": "Index Scan",
            "Parent Relationship": "Inner",
            "Parallel Aware": false,
            "Scan Direction": "Forward",
            "Index Name": "char_name_pkey",
            "Relation Name": "char_name",
            "Alias": "chn",
            "Startup Cost": 0.43,
            "Total Cost": 0.46,
            "Plan Rows": 1,
            "Plan Width": 20,
            "Actual Startup Time": 0.001,
            "Actual Total Time": 0.001,
            "Actual Rows": 0,
            "Actual Loops": 137211,
            "Index Cond": "(id = ci.person_role_id)",
            "Rows Removed by Index Recheck": 0,
            "Filter": "((name IS NOT NULL) AND ((name ~~ '%man%'::text) OR (name ~~ '%Man%'::text)))",
            "Rows Removed by Filter": 0
          }
        ]
      }
    ]
  },
  "Planning Time": 3.703,
  "Triggers": [],
  "Execution Time": 2381.422
}