[
  {
    "Plan": {
      "Node Type": "Aggregate",
      "Strategy": "Plain",
      "Partial Mode": "Finalize",
      "Parallel Aware": false,
      "Startup Cost": 30654.79,
      "Total Cost": 30654.8,
      "Plan Rows": 1,
      "Plan Width": 8,
      "Actual Startup Time": 110.642,
      "Actual Total Time": 123.109,
      "Actual Rows": 1,
      "Actual Loops": 1,
      "Plans": [
        {
          "Node Type": "Gather",
          "Parent Relationship": "Outer",
          "Parallel Aware": false,
          "Startup Cost": 30654.47,
          "Total Cost": 30654.78,
          "Plan Rows": 3,
          "Plan Width": 8,
          "Actual Startup Time": 110.473,
          "Actual Total Time": 123.096,
          "Actual Rows": 4,
          "Actual Loops": 1,
          "Workers Planned": 3,
          "Workers Launched": 3,
          "Single Copy": false,
          "Plans": [
            {
              "Node Type": "Aggregate",
              "Strategy": "Plain",
              "Partial Mode": "Partial",
              "Parent Relationship": "Outer",
              "Parallel Aware": false,
              "Startup Cost": 29654.47,
              "Total Cost": 29654.48,
              "Plan Rows": 1,
              "Plan Width": 8,
              "Actual Startup Time": 104.324,
              "Actual Total Time": 104.326,
              "Actual Rows": 1,
              "Actual Loops": 4,
              "Plans": [
                {
                  "Node Type": "Seq Scan",
                  "Parent Relationship": "Outer",
                  "Parallel Aware": true,
                  "Relation Name": "movie_companies",
                  "Alias": "mc",
                  "Startup Cost": 0.0,
                  "Total Cost": 29310.68,
                  "Plan Rows": 137516,
                  "Plan Width": 0,
                  "Actual Startup Time": 55.882,
                  "Actual Total Time": 96.927,
                  "Actual Rows": 106040,
                  "Actual Loops": 4,
                  "Filter": "(company_id > 79764)",
                  "Rows Removed by Filter": 546242
                }
              ]
            }
          ]
        }
      ]
    },
    "Planning Time": 0.207,
    "Triggers": [],
    "Execution Time": 123.174
  }
]