[
  {
    "Plan": {
      "Node Type": "Aggregate",
      "Strategy": "Plain",
      "Partial Mode": "Finalize",
      "Parallel Aware": false,
      "Startup Cost": 341636.04,
      "Total Cost": 341636.05,
      "Plan Rows": 1,
      "Plan Width": 8,
      "Actual Startup Time": 868.961,
      "Actual Total Time": 885.633,
      "Actual Rows": 1,
      "Actual Loops": 1,
      "Plans": [
        {
          "Node Type": "Gather",
          "Parent Relationship": "Outer",
          "Parallel Aware": false,
          "Startup Cost": 341635.83,
          "Total Cost": 341636.04,
          "Plan Rows": 2,
          "Plan Width": 8,
          "Actual Startup Time": 860.998,
          "Actual Total Time": 885.623,
          "Actual Rows": 3,
          "Actual Loops": 1,
          "Workers Planned": 2,
          "Workers Launched": 2,
          "Single Copy": false,
          "Plans": [
            {
              "Node Type": "Aggregate",
              "Strategy": "Plain",
              "Partial Mode": "Partial",
              "Parent Relationship": "Outer",
              "Parallel Aware": false,
              "Startup Cost": 340635.83,
              "Total Cost": 340635.84,
              "Plan Rows": 1,
              "Plan Width": 8,
              "Actual Startup Time": 851.935,
              "Actual Total Time": 852.105,
              "Actual Rows": 1,
              "Actual Loops": 3,
              "Plans": [
                {
                  "Node Type": "Hash Join",
                  "Parent Relationship": "Outer",
                  "Parallel Aware": true,
                  "Join Type": "Inner",
                  "Startup Cost": 324189.68,
                  "Total Cost": 340333.48,
                  "Plan Rows": 120938,
                  "Plan Width": 0,
                  "Actual Startup Time": 689.521,
                  "Actual Total Time": 834.545,
                  "Actual Rows": 388491,
                  "Actual Loops": 3,
                  "Inner Unique": false,
                  "Hash Cond": "(mi_idx.movie_id = t.id)",
                  "Plans": [
                    {
                      "Node Type": "Seq Scan",
                      "Parent Relationship": "Outer",
                      "Parallel Aware": true,
                      "Relation Name": "movie_info_idx",
                      "Alias": "mi_idx",
                      "Startup Cost": 0.0,
                      "Total Cost": 13685.15,
                      "Plan Rows": 575015,
                      "Plan Width": 4,
                      "Actual Startup Time": 0.032,
                      "Actual Total Time": 40.41,
                      "Actual Rows": 460012,
                      "Actual Loops": 3
                    },
                    {
                      "Node Type": "Hash",
                      "Parent Relationship": "Inner",
                      "Parallel Aware": true,
                      "Startup Cost": 322527.94,
                      "Total Cost": 322527.94,
                      "Plan Rows": 132939,
                      "Plan Width": 8,
                      "Actual Startup Time": 682.98,
                      "Actual Total Time": 683.148,
                      "Actual Rows": 259749,
                      "Actual Loops": 3,
                      "Hash Buckets": 1048576,
                      "Original Hash Buckets": 1048576,
                      "Hash Batches": 1,
                      "Original Hash Batches": 1,
                      "Peak Memory Usage": 38752,
                      "Plans": [
                        {
                          "Node Type": "Hash Join",
                          "Parent Relationship": "Outer",
                          "Parallel Aware": true,
                          "Join Type": "Inner",
                          "Startup Cost": 273666.92,
                          "Total Cost": 322527.94,
                          "Plan Rows": 132939,
                          "Plan Width": 8,
                          "Actual Startup Time": 210.491,
                          "Actual Total Time": 605.95,
                          "Actual Rows": 259749,
                          "Actual Loops": 3,
                          "Inner Unique": false,
                          "Hash Cond": "(t.id = ci.movie_id)",
                          "Plans": [
                            {
                              "Node Type": "Seq Scan",
                              "Parent Relationship": "Outer",
                              "Parallel Aware": true,
                              "Relation Name": "title",
                              "Alias": "t",
                              "Startup Cost": 0.0,
                              "Total Cost": 42318.73,
                              "Plan Rows": 632073,
                              "Plan Width": 4,
                              "Actual Startup Time": 0.015,
                              "Actual Total Time": 103.438,
                              "Actual Rows": 842771,
                              "Actual Loops": 3
                            },
                            {
                              "Node Type": "Hash",
                              "Parent Relationship": "Inner",
                              "Parallel Aware": true,
                              "Startup Cost": 272559.09,
                              "Total Cost": 272559.09,
                              "Plan Rows": 88626,
                              "Plan Width": 4,
                              "Actual Startup Time": 206.398,
                              "Actual Total Time": 206.4,
                              "Actual Rows": 259749,
                              "Actual Loops": 3,
                              "Hash Buckets": 1048576,
                              "Original Hash Buckets": 1048576,
                              "Hash Batches": 1,
                              "Original Hash Batches": 1,
                              "Peak Memory Usage": 38720,
                              "Plans": [
                                {
                                  "Node Type": "Bitmap Heap Scan",
                                  "Parent Relationship": "Outer",
                                  "Parallel Aware": true,
                                  "Relation Name": "cast_info",
                                  "Alias": "ci",
                                  "Startup Cost": 17844.45,
                                  "Total Cost": 272559.09,
                                  "Plan Rows": 88626,
                                  "Plan Width": 4,
                                  "Actual Startup Time": 53.249,
                                  "Actual Total Time": 118.069,
                                  "Actual Rows": 259749,
                                  "Actual Loops": 3,
                                  "Recheck Cond": "(person_id > 3912361)",
                                  "Rows Removed by Index Recheck": 0,
                                  "Filter": "(role_id > 1)",
                                  "Rows Removed by Filter": 0,
                                  "Exact Heap Blocks": 5110,
                                  "Lossy Heap Blocks": 0,
                                  "Plans": [
                                    {
                                      "Node Type": "Bitmap Index Scan",
                                      "Parent Relationship": "Outer",
                                      "Parallel Aware": false,
                                      "Index Name": "person_id_cast_info",
                                      "Startup Cost": 0.0,
                                      "Total Cost": 17711.51,
                                      "Plan Rows": 811059,
                                      "Plan Width": 0,
                                      "Actual Startup Time": 51.381,
                                      "Actual Total Time": 51.381,
                                      "Actual Rows": 779246,
                                      "Actual Loops": 1,
                                      "Index Cond": "(person_id > 3912361)"
                                    }
                                  ]
                                }
                              ]
                            }
                          ]
                        }
                      ]
                    }
                  ]
                }
              ]
            }
          ]
        }
      ]
    },
    "Planning Time": 1.337,
    "Triggers": [],
    "Execution Time": 885.76
  }
]