{
  "Plan": {
    "Node Type": "Aggregate",
    "Strategy": "Plain",
    "Partial Mode": "Finalize",
    "Parallel Aware": false,
    "Startup Cost": 671577.7,
    "Total Cost": 671577.71,
    "Plan Rows": 1,
    "Plan Width": 8,
    "Actual Startup Time": 7808.815,
    "Actual Total Time": 7861.057,
    "Actual Rows": 1,
    "Actual Loops": 1,
    "Plans": [
      {
        "Node Type": "Gather",
        "Parent Relationship": "Outer",
        "Parallel Aware": false,
        "Startup Cost": 671577.59,
        "Total Cost": 671577.7,
        "Plan Rows": 1,
        "Plan Width": 8,
        "Actual Startup Time": 7805.625,
        "Actual Total Time": 7861.049,
        "Actual Rows": 2,
        "Actual Loops": 1,
        "Workers Planned": 1,
        "Workers Launched": 1,
        "Single Copy": false,
        "Plans": [
          {
            "Node Type": "Aggregate",
            "Strategy": "Plain",
            "Partial Mode": "Partial",
            "Parent Relationship": "Outer",
            "Parallel Aware": false,
            "Startup Cost": 670577.59,
            "Total Cost": 670577.6,
            "Plan Rows": 1,
            "Plan Width": 8,
            "Actual Startup Time": 7799.1,
            "Actual Total Time": 7799.106,
            "Actual Rows": 1,
            "Actual Loops": 2,
            "Plans": [
              {
                "Node Type": "Hash Join",
                "Parent Relationship": "Outer",
                "Parallel Aware": true,
                "Join Type": "Inner",
                "Startup Cost": 100316.09,
                "Total Cost": 663254.52,
                "Plan Rows": 2929226,
                "Plan Width": 0,
                "Actual Startup Time": 805.084,
                "Actual Total Time": 7392.116,
                "Actual Rows": 8110734,
                "Actual Loops": 2,
                "Inner Unique": false,
                "Hash Cond": "(ci.movie_id = t.id)",
                "Plans": [
                  {
                    "Node Type": "Seq Scan",
                    "Parent Relationship": "Outer",
                    "Parallel Aware": true,
                    "Relation Name": "cast_info",
                    "Alias": "ci",
                    "Startup Cost": 0.0,
                    "Total Cost": 465792.95,
                    "Plan Rows": 21310595,
                    "Plan Width": 4,
                    "Actual Startup Time": 0.019,
                    "Actual Total Time": 1737.087,
                    "Actual Rows": 18122172,
                    "Actual Loops": 2
                  },
                  {
                    "Node Type": "Hash",
                    "Parent Relationship": "Inner",
                    "Parallel Aware": true,
                    "Startup Cost": 97760.76,
                    "Total Cost": 97760.76,
                    "Plan Rows": 204426,
                    "Plan Width": 8,
                    "Actual Startup Time": 799.569,
                    "Actual Total Time": 799.573,
                    "Actual Rows": 320310,
                    "Actual Loops": 2,
                    "Hash Buckets": 1048576,
                    "Original Hash Buckets": 524288,
                    "Hash Batches": 1,
                    "Original Hash Batches": 1,
                    "Peak Memory Usage": 37408,
                    "Plans": [
                      {
                        "Node Type": "Hash Join",
                        "Parent Relationship": "Outer",
                        "Parallel Aware": true,
                        "Join Type": "Inner",
                        "Startup Cost": 57740.43,
                        "Total Cost": 97760.76,
                        "Plan Rows": 204426,
                        "Plan Width": 8,
                        "Actual Startup Time": 431.945,
                        "Actual Total Time": 669.841,
                        "Actual Rows": 320310,
                        "Actual Loops": 2,
                        "Inner Unique": true,
                        "Hash Cond": "(mc.movie_id = t.id)",
                        "Plans": [
                          {
                            "Node Type": "Seq Scan",
                            "Parent Relationship": "Outer",
                            "Parallel Aware": true,
                            "Relation Name": "movie_companies",
                            "Alias": "mc",
                            "Startup Cost": 0.0,
                            "Total Cost": 37974.77,
                            "Plan Rows": 779260,
                            "Plan Width": 4,
                            "Actual Startup Time": 73.548,
                            "Actual Total Time": 182.054,
                            "Actual Rows": 667442,
                            "Actual Loops": 2,
                            "Filter": "(company_type_id = 2)",
                            "Rows Removed by Filter": 637123
                          },
                          {
                            "Node Type": "Hash",
                            "Parent Relationship": "Inner",
                            "Parallel Aware": true,
                            "Startup Cost": 52863.55,
                            "Total Cost": 52863.55,
                            "Plan Rows": 390151,
                            "Plan Width": 4,
                            "Actual Startup Time": 250.966,
                            "Actual Total Time": 250.967,
                            "Actual Rows": 331412,
                            "Actual Loops": 2,
                            "Hash Buckets": 1048576,
                            "Original Hash Buckets": 1048576,
                            "Hash Batches": 1,
                            "Original Hash Batches": 1,
                            "Peak Memory Usage": 34144,
                            "Plans": [
                              {
                                "Node Type": "Bitmap Heap Scan",
                                "Parent Relationship": "Outer",
                                "Parallel Aware": true,
                                "Relation Name": "title",
                                "Alias": "t",
                                "Startup Cost": 11988.66,
                                "Total Cost": 52863.55,
                                "Plan Rows": 390151,
                                "Plan Width": 4,
                                "Actual Startup Time": 35.26,
                                "Actual Total Time": 120.416,
                                "Actual Rows": 331412,
                                "Actual Loops": 2,
                                "Recheck Cond": "(kind_id = 1)",
                                "Rows Removed by Index Recheck": 0,
                                "Exact Heap Blocks": 7272,
                                "Lossy Heap Blocks": 0,
                                "Plans": [
                                  {
                                    "Node Type": "Bitmap Index Scan",
                                    "Parent Relationship": "Outer",
                                    "Parallel Aware": false,
                                    "Index Name": "kind_id_title",
                                    "Startup Cost": 0.0,
                                    "Total Cost": 11822.85,
                                    "Plan Rows": 663256,
                                    "Plan Width": 0,
                                    "Actual Startup Time": 32.373,
                                    "Actual Total Time": 32.373,
                                    "Actual Rows": 662825,
                                    "Actual Loops": 1,
                                    "Index Cond": "(kind_id = 1)"
                                  }
                                ]
                              }
                            ]
                          }
                        ]
                      }
                    ]
                  }
                ]
              }
            ]
          }
        ]
      }
    ]
  },
  "Planning Time": 1.062,
  "Triggers": [],
  "Execution Time": 7861.171
}