[
  {
    "Plan": {
      "Node Type": "Aggregate",
      "Strategy": "Plain",
      "Partial Mode": "Finalize",
      "Parallel Aware": false,
      "Startup Cost": 82276.31,
      "Total Cost": 82276.32,
      "Plan Rows": 1,
      "Plan Width": 8,
      "Actual Startup Time": 462.062,
      "Actual Total Time": 475.309,
      "Actual Rows": 1,
      "Actual Loops": 1,
      "Plans": [
        {
          "Node Type": "Gather",
          "Parent Relationship": "Outer",
          "Parallel Aware": false,
          "Startup Cost": 82275.89,
          "Total Cost": 82276.3,
          "Plan Rows": 4,
          "Plan Width": 8,
          "Actual Startup Time": 457.394,
          "Actual Total Time": 475.295,
          "Actual Rows": 5,
          "Actual Loops": 1,
          "Workers Planned": 4,
          "Workers Launched": 4,
          "Single Copy": false,
          "Plans": [
            {
              "Node Type": "Aggregate",
              "Strategy": "Plain",
              "Partial Mode": "Partial",
              "Parent Relationship": "Outer",
              "Parallel Aware": false,
              "Startup Cost": 81275.89,
              "Total Cost": 81275.9,
              "Plan Rows": 1,
              "Plan Width": 8,
              "Actual Startup Time": 444.058,
              "Actual Total Time": 444.061,
              "Actual Rows": 1,
              "Actual Loops": 5,
              "Plans": [
                {
                  "Node Type": "Hash Join",
                  "Parent Relationship": "Outer",
                  "Parallel Aware": true,
                  "Join Type": "Inner",
                  "Startup Cost": 34097.48,
                  "Total Cost": 80533.94,
                  "Plan Rows": 296781,
                  "Plan Width": 0,
                  "Actual Startup Time": 179.648,
                  "Actual Total Time": 432.294,
                  "Actual Rows": 238039,
                  "Actual Loops": 5,
                  "Inner Unique": false,
                  "Hash Cond": "(t.id = mc.movie_id)",
                  "Plans": [
                    {
                      "Node Type": "Seq Scan",
                      "Parent Relationship": "Outer",
                      "Parallel Aware": true,
                      "Relation Name": "title",
                      "Alias": "t",
                      "Startup Cost": 0.0,
                      "Total Cost": 42318.73,
                      "Plan Rows": 632073,
                      "Plan Width": 4,
                      "Actual Startup Time": 0.01,
                      "Actual Total Time": 66.268,
                      "Actual Rows": 505662,
                      "Actual Loops": 5
                    },
                    {
                      "Node Type": "Hash",
                      "Parent Relationship": "Inner",
                      "Parallel Aware": true,
                      "Startup Cost": 29310.68,
                      "Total Cost": 29310.68,
                      "Plan Rows": 382944,
                      "Plan Width": 4,
                      "Actual Startup Time": 173.179,
                      "Actual Total Time": 173.18,
                      "Actual Rows": 238039,
                      "Actual Loops": 5,
                      "Hash Buckets": 2097152,
                      "Original Hash Buckets": 2097152,
                      "Hash Batches": 1,
                      "Original Hash Batches": 1,
                      "Peak Memory Usage": 63008,
                      "Plans": [
                        {
                          "Node Type": "Seq Scan",
                          "Parent Relationship": "Outer",
                          "Parallel Aware": true,
                          "Relation Name": "movie_companies",
                          "Alias": "mc",
                          "Startup Cost": 0.0,
                          "Total Cost": 29310.68,
                          "Plan Rows": 382944,
                          "Plan Width": 4,
                          "Actual Startup Time": 20.002,
                          "Actual Total Time": 80.664,
                          "Actual Rows": 238039,
                          "Actual Loops": 5,
                          "Filter": "(company_id > 12495)",
                          "Rows Removed by Filter": 283787
                        }
                      ]
                    }
                  ]
                }
              ]
            }
          ]
        }
      ]
    },
    "Planning Time": 0.624,
    "Triggers": [],
    "Execution Time": 475.412
  }
]