{
  "Plan": {
    "Node Type": "Aggregate",
    "Strategy": "Plain",
    "Partial Mode": "Finalize",
    "Parallel Aware": false,
    "Startup Cost": 315592.14,
    "Total Cost": 315592.15,
    "Plan Rows": 1,
    "Plan Width": 8,
    "Actual Startup Time": 1244.828,
    "Actual Total Time": 1290.819,
    "Actual Rows": 1,
    "Actual Loops": 1,
    "Plans": [
      {
        "Node Type": "Gather",
        "Parent Relationship": "Outer",
        "Parallel Aware": false,
        "Startup Cost": 315592.03,
        "Total Cost": 315592.14,
        "Plan Rows": 1,
        "Plan Width": 8,
        "Actual Startup Time": 1244.725,
        "Actual Total Time": 1290.809,
        "Actual Rows": 2,
        "Actual Loops": 1,
        "Workers Planned": 1,
        "Workers Launched": 1,
        "Single Copy": false,
        "Plans": [
          {
            "Node Type": "Aggregate",
            "Strategy": "Plain",
            "Partial Mode": "Partial",
            "Parent Relationship": "Outer",
            "Parallel Aware": false,
            "Startup Cost": 314592.03,
            "Total Cost": 314592.04,
            "Plan Rows": 1,
            "Plan Width": 8,
            "Actual Startup Time": 1241.079,
            "Actual Total Time": 1241.084,
            "Actual Rows": 1,
            "Actual Loops": 2,
            "Plans": [
              {
                "Node Type": "Hash Join",
                "Parent Relationship": "Outer",
                "Parallel Aware": true,
                "Join Type": "Inner",
                "Startup Cost": 33013.9,
                "Total Cost": 314588.64,
                "Plan Rows": 1355,
                "Plan Width": 0,
                "Actual Startup Time": 38.246,
                "Actual Total Time": 1239.151,
                "Actual Rows": 35244,
                "Actual Loops": 2,
                "Inner Unique": false,
                "Hash Cond": "(mi.movie_id = t.id)",
                "Plans": [
                  {
                    "Node Type": "Seq Scan",
                    "Parent Relationship": "Outer",
                    "Parallel Aware": true,
                    "Relation Name": "movie_info",
                    "Alias": "mi",
                    "Startup Cost": 0.0,
                    "Total Cost": 248955.74,
                    "Plan Rows": 8696274,
                    "Plan Width": 4,
                    "Actual Startup Time": 0.01,
                    "Actual Total Time": 620.769,
                    "Actual Rows": 7417860,
                    "Actual Loops": 2
                  },
                  {
                    "Node Type": "Hash",
                    "Parent Relationship": "Inner",
                    "Parallel Aware": true,
                    "Startup Cost": 33011.0,
                    "Total Cost": 33011.0,
                    "Plan Rows": 232,
                    "Plan Width": 8,
                    "Actual Startup Time": 33.089,
                    "Actual Total Time": 33.091,
                    "Actual Rows": 752,
                    "Actual Loops": 2,
                    "Hash Buckets": 1024,
                    "Original Hash Buckets": 1024,
                    "Hash Batches": 1,
                    "Original Hash Batches": 1,
                    "Peak Memory Usage": 104,
                    "Plans": [
                      {
                        "Node Type": "Nested Loop",
                        "Parent Relationship": "Outer",
                        "Parallel Aware": false,
                        "Join Type": "Inner",
                        "Startup Cost": 106.26,
                        "Total Cost": 33011.0,
                        "Plan Rows": 232,
                        "Plan Width": 8,
                        "Actual Startup Time": 5.419,
                        "Actual Total Time": 32.742,
                        "Actual Rows": 752,
                        "Actual Loops": 2,
                        "Inner Unique": true,
                        "Plans": [
                          {
                            "Node Type": "Bitmap Heap Scan",
                            "Parent Relationship": "Outer",
                            "Parallel Aware": true,
                            "Relation Name": "movie_keyword",
                            "Alias": "mk",
                            "Startup Cost": 105.83,
                            "Total Cost": 12127.48,
                            "Plan Rows": 2839,
                            "Plan Width": 4,
                            "Actual Startup Time": 2.351,
                            "Actual Total Time": 11.172,
                            "Actual Rows": 3006,
                            "Actual Loops": 2,
                            "Recheck Cond": "(keyword_id = 1732)",
                            "Rows Removed by Index Recheck": 0,
                            "Exact Heap Blocks": 4071,
                            "Lossy Heap Blocks": 0,
                            "Plans": [
                              {
                                "Node Type": "Bitmap Index Scan",
                                "Parent Relationship": "Outer",
                                "Parallel Aware": false,
                                "Index Name": "keyword_id_movie_keyword",
                                "Startup Cost": 0.0,
                                "Total Cost": 104.63,
                                "Plan Rows": 4826,
                                "Plan Width": 0,
                                "Actual Startup Time": 2.464,
                                "Actual Total Time": 2.465,
                                "Actual Rows": 6011,
                                "Actual Loops": 1,
                                "Index Cond": "(keyword_id = 1732)"
                              }
                            ]
                          },
                          {
                            "Node Type": "Index Scan",
                            "Parent Relationship": "Inner",
                            "Parallel Aware": false,
                            "Scan Direction": "Forward",
                            "Index Name": "title_pkey",
                            "Relation Name": "title",
                            "Alias": "t",
                            "Startup Cost": 0.43,
                            "Total Cost": 7.36,
                            "Plan Rows": 1,
                            "Plan Width": 4,
                            "Actual Startup Time": 0.007,
                            "Actual Total Time": 0.007,
                            "Actual Rows": 0,
                            "Actual Loops": 6011,
                            "Index Cond": "(id = mk.movie_id)",
                            "Rows Removed by Index Recheck": 0,
                            "Filter": "((kind_id < 7) AND (production_year < 1982))",
                            "Rows Removed by Filter": 1
                          }
                        ]
                      }
                    ]
                  }
                ]
              }
            ]
          }
        ]
      }
    ]
  },
  "Planning Time": 0.656,
  "Triggers": [],
  "Execution Time": 1290.91
}