[
    {
        "Bao": {
            "Bao prediction": 497.443,
            "Bao recommended hint": "(no hint)"
        }
    },
    {
        "Plan": {
            "Node Type": "Aggregate",
            "Strategy": "Plain",
            "Partial Mode": "Finalize",
            "Parallel Aware": false,
            "Startup Cost": 203869.88,
            "Total Cost": 203869.89,
            "Plan Rows": 1,
            "Plan Width": 8,
            "Actual Startup Time": 573.05,
            "Actual Total Time": 590.974,
            "Actual Rows": 1,
            "Actual Loops": 1,
            "Output": [
                "count(*)"
            ],
            "Plans": [
                {
                    "Node Type": "Gather",
                    "Parent Relationship": "Outer",
                    "Parallel Aware": false,
                    "Startup Cost": 203869.35,
                    "Total Cost": 203869.86,
                    "Plan Rows": 5,
                    "Plan Width": 8,
                    "Actual Startup Time": 569.953,
                    "Actual Total Time": 590.957,
                    "Actual Rows": 6,
                    "Actual Loops": 1,
                    "Output": [
                        "(PARTIAL count(*))"
                    ],
                    "Workers Planned": 5,
                    "Workers Launched": 5,
                    "Single Copy": false,
                    "Plans": [
                        {
                            "Node Type": "Aggregate",
                            "Strategy": "Plain",
                            "Partial Mode": "Partial",
                            "Parent Relationship": "Outer",
                            "Parallel Aware": false,
                            "Startup Cost": 202869.35,
                            "Total Cost": 202869.36,
                            "Plan Rows": 1,
                            "Plan Width": 8,
                            "Actual Startup Time": 560.36,
                            "Actual Total Time": 560.363,
                            "Actual Rows": 1,
                            "Actual Loops": 6,
                            "Output": [
                                "PARTIAL count(*)"
                            ],
                            "Workers": [
                                {
                                    "Worker Number": 0,
                                    "Actual Startup Time": 558.126,
                                    "Actual Total Time": 558.13,
                                    "Actual Rows": 1,
                                    "Actual Loops": 1
                                },
                                {
                                    "Worker Number": 1,
                                    "Actual Startup Time": 558.539,
                                    "Actual Total Time": 558.542,
                                    "Actual Rows": 1,
                                    "Actual Loops": 1
                                },
                                {
                                    "Worker Number": 2,
                                    "Actual Startup Time": 558.536,
                                    "Actual Total Time": 558.539,
                                    "Actual Rows": 1,
                                    "Actual Loops": 1
                                },
                                {
                                    "Worker Number": 3,
                                    "Actual Startup Time": 558.622,
                                    "Actual Total Time": 558.626,
                                    "Actual Rows": 1,
                                    "Actual Loops": 1
                                },
                                {
                                    "Worker Number": 4,
                                    "Actual Startup Time": 559.223,
                                    "Actual Total Time": 559.226,
                                    "Actual Rows": 1,
                                    "Actual Loops": 1
                                }
                            ],
                            "Plans": [
                                {
                                    "Node Type": "Hash Join",
                                    "Parent Relationship": "Outer",
                                    "Parallel Aware": true,
                                    "Join Type": "Inner",
                                    "Startup Cost": 45940.09,
                                    "Total Cost": 202749.82,
                                    "Plan Rows": 47815,
                                    "Plan Width": 0,
                                    "Actual Startup Time": 120.807,
                                    "Actual Total Time": 557.628,
                                    "Actual Rows": 33938,
                                    "Actual Loops": 6,
                                    "Inner Unique": true,
                                    "Hash Cond": "(ci.movie_id = t.id)",
                                    "Workers": [
                                        {
                                            "Worker Number": 0,
                                            "Actual Startup Time": 118.422,
                                            "Actual Total Time": 555.455,
                                            "Actual Rows": 32562,
                                            "Actual Loops": 1
                                        },
                                        {
                                            "Worker Number": 1,
                                            "Actual Startup Time": 118.948,
                                            "Actual Total Time": 555.868,
                                            "Actual Rows": 32837,
                                            "Actual Loops": 1
                                        },
                                        {
                                            "Worker Number": 2,
                                            "Actual Startup Time": 118.89,
                                            "Actual Total Time": 555.674,
                                            "Actual Rows": 34911,
                                            "Actual Loops": 1
                                        },
                                        {
                                            "Worker Number": 3,
                                            "Actual Startup Time": 119.419,
                                            "Actual Total Time": 556.068,
                                            "Actual Rows": 31122,
                                            "Actual Loops": 1
                                        },
                                        {
                                            "Worker Number": 4,
                                            "Actual Startup Time": 119.709,
                                            "Actual Total Time": 556.474,
                                            "Actual Rows": 33884,
                                            "Actual Loops": 1
                                        }
                                    ],
                                    "Plans": [
                                        {
                                            "Node Type": "Index Scan",
                                            "Parent Relationship": "Outer",
                                            "Parallel Aware": true,
                                            "Scan Direction": "Forward",
                                            "Index Name": "role_id_cast_info",
                                            "Relation Name": "cast_info",
                                            "Schema": "public",
                                            "Alias": "ci",
                                            "Startup Cost": 0.56,
                                            "Total Cost": 154655.9,
                                            "Plan Rows": 820720,
                                            "Plan Width": 4,
                                            "Actual Startup Time": 0.192,
                                            "Actual Total Time": 261.748,
                                            "Actual Rows": 862321,
                                            "Actual Loops": 6,
                                            "Output": [
                                                "ci.id",
                                                "ci.person_id",
                                                "ci.movie_id",
                                                "ci.person_role_id",
                                                "ci.note",
                                                "ci.nr_order",
                                                "ci.role_id"
                                            ],
                                            "Index Cond": "(ci.role_id > 8)",
                                            "Rows Removed by Index Recheck": 0,
                                            "Filter": "(ci.person_id > 984448)",
                                            "Rows Removed by Filter": 93128,
                                            "Workers": [
                                                {
                                                    "Worker Number": 0,
                                                    "Actual Startup Time": 0.135,
                                                    "Actual Total Time": 265.913,
                                                    "Actual Rows": 854023,
                                                    "Actual Loops": 1
                                                },
                                                {
                                                    "Worker Number": 1,
                                                    "Actual Startup Time": 0.251,
                                                    "Actual Total Time": 265.079,
                                                    "Actual Rows": 855513,
                                                    "Actual Loops": 1
                                                },
                                                {
                                                    "Worker Number": 2,
                                                    "Actual Startup Time": 0.294,
                                                    "Actual Total Time": 265.137,
                                                    "Actual Rows": 854229,
                                                    "Actual Loops": 1
                                                },
                                                {
                                                    "Worker Number": 3,
                                                    "Actual Startup Time": 0.2,
                                                    "Actual Total Time": 252.6,
                                                    "Actual Rows": 809422,
                                                    "Actual Loops": 1
                                                },
                                                {
                                                    "Worker Number": 4,
                                                    "Actual Startup Time": 0.157,
                                                    "Actual Total Time": 265.883,
                                                    "Actual Rows": 858547,
                                                    "Actual Loops": 1
                                                }
                                            ]
                                        },
                                        {
                                            "Node Type": "Hash",
                                            "Parent Relationship": "Inner",
                                            "Parallel Aware": true,
                                            "Startup Cost": 45479.21,
                                            "Total Cost": 45479.21,
                                            "Plan Rows": 36825,
                                            "Plan Width": 4,
                                            "Actual Startup Time": 118.708,
                                            "Actual Total Time": 118.709,
                                            "Actual Rows": 47113,
                                            "Actual Loops": 6,
                                            "Output": [
                                                "t.id"
                                            ],
                                            "Hash Buckets": 524288,
                                            "Original Hash Buckets": 262144,
                                            "Hash Batches": 1,
                                            "Original Hash Batches": 1,
                                            "Peak Memory Usage": 17344,
                                            "Workers": [
                                                {
                                                    "Worker Number": 0,
                                                    "Actual Startup Time": 117.833,
                                                    "Actual Total Time": 117.834,
                                                    "Actual Rows": 45053,
                                                    "Actual Loops": 1
                                                },
                                                {
                                                    "Worker Number": 1,
                                                    "Actual Startup Time": 118.19,
                                                    "Actual Total Time": 118.191,
                                                    "Actual Rows": 45130,
                                                    "Actual Loops": 1
                                                },
                                                {
                                                    "Worker Number": 2,
                                                    "Actual Startup Time": 118.202,
                                                    "Actual Total Time": 118.204,
                                                    "Actual Rows": 45902,
                                                    "Actual Loops": 1
                                                },
                                                {
                                                    "Worker Number": 3,
                                                    "Actual Startup Time": 118.314,
                                                    "Actual Total Time": 118.316,
                                                    "Actual Rows": 40673,
                                                    "Actual Loops": 1
                                                },
                                                {
                                                    "Worker Number": 4,
                                                    "Actual Startup Time": 118.528,
                                                    "Actual Total Time": 118.529,
                                                    "Actual Rows": 45852,
                                                    "Actual Loops": 1
                                                }
                                            ],
                                            "Plans": [
                                                {
                                                    "Node Type": "Seq Scan",
                                                    "Parent Relationship": "Outer",
                                                    "Parallel Aware": true,
                                                    "Relation Name": "title",
                                                    "Schema": "public",
                                                    "Alias": "t",
                                                    "Startup Cost": 0.0,
                                                    "Total Cost": 45479.21,
                                                    "Plan Rows": 36825,
                                                    "Plan Width": 4,
                                                    "Actual Startup Time": 54.082,
                                                    "Actual Total Time": 92.621,
                                                    "Actual Rows": 47113,
                                                    "Actual Loops": 6,
                                                    "Output": [
                                                        "t.id"
                                                    ],
                                                    "Filter": "((t.production_year < 1983) AND (t.kind_id = 1))",
                                                    "Rows Removed by Filter": 374272,
                                                    "Workers": [
                                                        {
                                                            "Worker Number": 0,
                                                            "Actual Startup Time": 52.847,
                                                            "Actual Total Time": 92.258,
                                                            "Actual Rows": 45053,
                                                            "Actual Loops": 1
                                                        },
                                                        {
                                                            "Worker Number": 1,
                                                            "Actual Startup Time": 54.218,
                                                            "Actual Total Time": 92.912,
                                                            "Actual Rows": 45130,
                                                            "Actual Loops": 1
                                                        },
                                                        {
                                                            "Worker Number": 2,
                                                            "Actual Startup Time": 53.581,
                                                            "Actual Total Time": 93.002,
                                                            "Actual Rows": 45902,
                                                            "Actual Loops": 1
                                                        },
                                                        {
                                                            "Worker Number": 3,
                                                            "Actual Startup Time": 54.016,
                                                            "Actual Total Time": 91.5,
                                                            "Actual Rows": 40673,
                                                            "Actual Loops": 1
                                                        },
                                                        {
                                                            "Worker Number": 4,
                                                            "Actual Startup Time": 53.664,
                                                            "Actual Total Time": 93.337,
                                                            "Actual Rows": 45852,
                                                            "Actual Loops": 1
                                                        }
                                                    ]
                                                }
                                            ]
                                        }
                                    ]
                                }
                            ]
                        }
                    ]
                }
            ]
        },
        "Planning Time": 2092.24,
        "Triggers": [],
        "Execution Time": 591.104
    }
]