[
    {
        "Bao": {
            "Bao prediction": "NaN",
            "Bao recommended hint": "(no hint)"
        }
    },
    {
        "Plan": {
            "Node Type": "Aggregate",
            "Strategy": "Plain",
            "Partial Mode": "Finalize",
            "Parallel Aware": false,
            "Startup Cost": 31259.83,
            "Total Cost": 31259.84,
            "Plan Rows": 1,
            "Plan Width": 8,
            "Actual Startup Time": 124.714,
            "Actual Total Time": 132.372,
            "Actual Rows": 1,
            "Actual Loops": 1,
            "Output": [
                "count(*)"
            ],
            "Plans": [
                {
                    "Node Type": "Gather",
                    "Parent Relationship": "Outer",
                    "Parallel Aware": false,
                    "Startup Cost": 31259.51,
                    "Total Cost": 31259.82,
                    "Plan Rows": 3,
                    "Plan Width": 8,
                    "Actual Startup Time": 124.594,
                    "Actual Total Time": 132.363,
                    "Actual Rows": 4,
                    "Actual Loops": 1,
                    "Output": [
                        "(PARTIAL count(*))"
                    ],
                    "Workers Planned": 3,
                    "Workers Launched": 3,
                    "Single Copy": false,
                    "Plans": [
                        {
                            "Node Type": "Aggregate",
                            "Strategy": "Plain",
                            "Partial Mode": "Partial",
                            "Parent Relationship": "Outer",
                            "Parallel Aware": false,
                            "Startup Cost": 30259.51,
                            "Total Cost": 30259.52,
                            "Plan Rows": 1,
                            "Plan Width": 8,
                            "Actual Startup Time": 116.474,
                            "Actual Total Time": 116.475,
                            "Actual Rows": 1,
                            "Actual Loops": 4,
                            "Output": [
                                "PARTIAL count(*)"
                            ],
                            "Workers": [
                                {
                                    "Worker Number": 0,
                                    "Actual Startup Time": 113.674,
                                    "Actual Total Time": 113.675,
                                    "Actual Rows": 1,
                                    "Actual Loops": 1
                                },
                                {
                                    "Worker Number": 1,
                                    "Actual Startup Time": 113.836,
                                    "Actual Total Time": 113.838,
                                    "Actual Rows": 1,
                                    "Actual Loops": 1
                                },
                                {
                                    "Worker Number": 2,
                                    "Actual Startup Time": 114.106,
                                    "Actual Total Time": 114.107,
                                    "Actual Rows": 1,
                                    "Actual Loops": 1
                                }
                            ],
                            "Plans": [
                                {
                                    "Node Type": "Seq Scan",
                                    "Parent Relationship": "Outer",
                                    "Parallel Aware": true,
                                    "Relation Name": "movie_companies",
                                    "Schema": "public",
                                    "Alias": "mc",
                                    "Startup Cost": 0.0,
                                    "Total Cost": 29310.68,
                                    "Plan Rows": 379533,
                                    "Plan Width": 0,
                                    "Actual Startup Time": 16.624,
                                    "Actual Total Time": 96.267,
                                    "Actual Rows": 296077,
                                    "Actual Loops": 4,
                                    "Output": [
                                        "id",
                                        "movie_id",
                                        "company_id",
                                        "company_type_id",
                                        "note"
                                    ],
                                    "Filter": "(mc.company_id > 12565)",
                                    "Rows Removed by Filter": 356206,
                                    "Workers": [
                                        {
                                            "Worker Number": 0,
                                            "Actual Startup Time": 13.817,
                                            "Actual Total Time": 94.199,
                                            "Actual Rows": 279556,
                                            "Actual Loops": 1
                                        },
                                        {
                                            "Worker Number": 1,
                                            "Actual Startup Time": 13.994,
                                            "Actual Total Time": 94.581,
                                            "Actual Rows": 277522,
                                            "Actual Loops": 1
                                        },
                                        {
                                            "Worker Number": 2,
                                            "Actual Startup Time": 14.262,
                                            "Actual Total Time": 94.63,
                                            "Actual Rows": 277076,
                                            "Actual Loops": 1
                                        }
                                    ]
                                }
                            ]
                        }
                    ]
                }
            ]
        },
        "Planning Time": 284.367,
        "Triggers": [],
        "Execution Time": 132.418
    }
]