[
    {
        "Bao": {
            "Bao prediction": "NaN",
            "Bao recommended hint": "(no hint)"
        }
    },
    {
        "Plan": {
            "Node Type": "Aggregate",
            "Strategy": "Plain",
            "Partial Mode": "Finalize",
            "Parallel Aware": false,
            "Startup Cost": 427430.08,
            "Total Cost": 427430.09,
            "Plan Rows": 1,
            "Plan Width": 8,
            "Actual Startup Time": 2409.388,
            "Actual Total Time": 2443.554,
            "Actual Rows": 1,
            "Actual Loops": 1,
            "Output": [
                "count(*)"
            ],
            "Plans": [
                {
                    "Node Type": "Gather",
                    "Parent Relationship": "Outer",
                    "Parallel Aware": false,
                    "Startup Cost": 427429.45,
                    "Total Cost": 427430.06,
                    "Plan Rows": 6,
                    "Plan Width": 8,
                    "Actual Startup Time": 2391.383,
                    "Actual Total Time": 2443.536,
                    "Actual Rows": 7,
                    "Actual Loops": 1,
                    "Output": [
                        "(PARTIAL count(*))"
                    ],
                    "Workers Planned": 6,
                    "Workers Launched": 6,
                    "Single Copy": false,
                    "Plans": [
                        {
                            "Node Type": "Aggregate",
                            "Strategy": "Plain",
                            "Partial Mode": "Partial",
                            "Parent Relationship": "Outer",
                            "Parallel Aware": false,
                            "Startup Cost": 426429.45,
                            "Total Cost": 426429.46,
                            "Plan Rows": 1,
                            "Plan Width": 8,
                            "Actual Startup Time": 2381.299,
                            "Actual Total Time": 2381.683,
                            "Actual Rows": 1,
                            "Actual Loops": 7,
                            "Output": [
                                "PARTIAL count(*)"
                            ],
                            "Workers": [
                                {
                                    "Worker Number": 0,
                                    "Actual Startup Time": 2378.412,
                                    "Actual Total Time": 2378.416,
                                    "Actual Rows": 1,
                                    "Actual Loops": 1
                                },
                                {
                                    "Worker Number": 1,
                                    "Actual Startup Time": 2378.503,
                                    "Actual Total Time": 2378.507,
                                    "Actual Rows": 1,
                                    "Actual Loops": 1
                                },
                                {
                                    "Worker Number": 2,
                                    "Actual Startup Time": 2378.992,
                                    "Actual Total Time": 2378.996,
                                    "Actual Rows": 1,
                                    "Actual Loops": 1
                                },
                                {
                                    "Worker Number": 3,
                                    "Actual Startup Time": 2382.743,
                                    "Actual Total Time": 2382.748,
                                    "Actual Rows": 1,
                                    "Actual Loops": 1
                                },
                                {
                                    "Worker Number": 4,
                                    "Actual Startup Time": 2379.642,
                                    "Actual Total Time": 2379.647,
                                    "Actual Rows": 1,
                                    "Actual Loops": 1
                                },
                                {
                                    "Worker Number": 5,
                                    "Actual Startup Time": 2380.243,
                                    "Actual Total Time": 2380.248,
                                    "Actual Rows": 1,
                                    "Actual Loops": 1
                                }
                            ],
                            "Plans": [
                                {
                                    "Node Type": "Hash Join",
                                    "Parent Relationship": "Outer",
                                    "Parallel Aware": true,
                                    "Join Type": "Inner",
                                    "Startup Cost": 80837.13,
                                    "Total Cost": 424106.72,
                                    "Plan Rows": 929094,
                                    "Plan Width": 0,
                                    "Actual Startup Time": 404.007,
                                    "Actual Total Time": 2185.768,
                                    "Actual Rows": 3606164,
                                    "Actual Loops": 7,
                                    "Inner Unique": false,
                                    "Hash Cond": "(ci.movie_id = t.id)",
                                    "Workers": [
                                        {
                                            "Worker Number": 0,
                                            "Actual Startup Time": 401.514,
                                            "Actual Total Time": 2196.771,
                                            "Actual Rows": 4237446,
                                            "Actual Loops": 1
                                        },
                                        {
                                            "Worker Number": 1,
                                            "Actual Startup Time": 401.642,
                                            "Actual Total Time": 2197.538,
                                            "Actual Rows": 4218617,
                                            "Actual Loops": 1
                                        },
                                        {
                                            "Worker Number": 2,
                                            "Actual Startup Time": 402.161,
                                            "Actual Total Time": 2169.892,
                                            "Actual Rows": 3155435,
                                            "Actual Loops": 1
                                        },
                                        {
                                            "Worker Number": 3,
                                            "Actual Startup Time": 402.671,
                                            "Actual Total Time": 2175.452,
                                            "Actual Rows": 2974203,
                                            "Actual Loops": 1
                                        },
                                        {
                                            "Worker Number": 4,
                                            "Actual Startup Time": 402.899,
                                            "Actual Total Time": 2175.101,
                                            "Actual Rows": 3150547,
                                            "Actual Loops": 1
                                        },
                                        {
                                            "Worker Number": 5,
                                            "Actual Startup Time": 403.459,
                                            "Actual Total Time": 2170.57,
                                            "Actual Rows": 3009708,
                                            "Actual Loops": 1
                                        }
                                    ],
                                    "Plans": [
                                        {
                                            "Node Type": "Seq Scan",
                                            "Parent Relationship": "Outer",
                                            "Parallel Aware": true,
                                            "Relation Name": "cast_info",
                                            "Schema": "public",
                                            "Alias": "ci",
                                            "Startup Cost": 0.0,
                                            "Total Cost": 328213.62,
                                            "Plan Rows": 3215704,
                                            "Plan Width": 4,
                                            "Actual Startup Time": 0.03,
                                            "Actual Total Time": 601.141,
                                            "Actual Rows": 2744995,
                                            "Actual Loops": 7,
                                            "Output": [
                                                "ci.id",
                                                "ci.person_id",
                                                "ci.movie_id",
                                                "ci.person_role_id",
                                                "ci.note",
                                                "ci.nr_order",
                                                "ci.role_id"
                                            ],
                                            "Filter": "(ci.person_id < 1920459)",
                                            "Rows Removed by Filter": 2432768,
                                            "Workers": [
                                                {
                                                    "Worker Number": 0,
                                                    "Actual Startup Time": 0.031,
                                                    "Actual Total Time": 595.659,
                                                    "Actual Rows": 3247942,
                                                    "Actual Loops": 1
                                                },
                                                {
                                                    "Worker Number": 1,
                                                    "Actual Startup Time": 0.03,
                                                    "Actual Total Time": 590.295,
                                                    "Actual Rows": 3205538,
                                                    "Actual Loops": 1
                                                },
                                                {
                                                    "Worker Number": 2,
                                                    "Actual Startup Time": 0.035,
                                                    "Actual Total Time": 620.24,
                                                    "Actual Rows": 2354108,
                                                    "Actual Loops": 1
                                                },
                                                {
                                                    "Worker Number": 3,
                                                    "Actual Startup Time": 0.035,
                                                    "Actual Total Time": 625.91,
                                                    "Actual Rows": 2292692,
                                                    "Actual Loops": 1
                                                },
                                                {
                                                    "Worker Number": 4,
                                                    "Actual Startup Time": 0.036,
                                                    "Actual Total Time": 626.795,
                                                    "Actual Rows": 2380095,
                                                    "Actual Loops": 1
                                                },
                                                {
                                                    "Worker Number": 5,
                                                    "Actual Startup Time": 0.029,
                                                    "Actual Total Time": 627.946,
                                                    "Actual Rows": 2303635,
                                                    "Actual Loops": 1
                                                }
                                            ]
                                        },
                                        {
                                            "Node Type": "Hash",
                                            "Parent Relationship": "Inner",
                                            "Parallel Aware": true,
                                            "Startup Cost": 77891.59,
                                            "Total Cost": 77891.59,
                                            "Plan Rows": 235643,
                                            "Plan Width": 8,
                                            "Actual Startup Time": 401.692,
                                            "Actual Total Time": 402.075,
                                            "Actual Rows": 219060,
                                            "Actual Loops": 7,
                                            "Output": [
                                                "t.id",
                                                "mc.movie_id"
                                            ],
                                            "Hash Buckets": 2097152,
                                            "Original Hash Buckets": 1048576,
                                            "Hash Batches": 1,
                                            "Original Hash Batches": 1,
                                            "Peak Memory Usage": 84640,
                                            "Workers": [
                                                {
                                                    "Worker Number": 0,
                                                    "Actual Startup Time": 400.74,
                                                    "Actual Total Time": 400.743,
                                                    "Actual Rows": 257297,
                                                    "Actual Loops": 1
                                                },
                                                {
                                                    "Worker Number": 1,
                                                    "Actual Startup Time": 400.907,
                                                    "Actual Total Time": 400.91,
                                                    "Actual Rows": 255681,
                                                    "Actual Loops": 1
                                                },
                                                {
                                                    "Worker Number": 2,
                                                    "Actual Startup Time": 401.347,
                                                    "Actual Total Time": 401.35,
                                                    "Actual Rows": 189697,
                                                    "Actual Loops": 1
                                                },
                                                {
                                                    "Worker Number": 3,
                                                    "Actual Startup Time": 401.839,
                                                    "Actual Total Time": 401.843,
                                                    "Actual Rows": 188592,
                                                    "Actual Loops": 1
                                                },
                                                {
                                                    "Worker Number": 4,
                                                    "Actual Startup Time": 401.986,
                                                    "Actual Total Time": 401.989,
                                                    "Actual Rows": 186038,
                                                    "Actual Loops": 1
                                                },
                                                {
                                                    "Worker Number": 5,
                                                    "Actual Startup Time": 402.469,
                                                    "Actual Total Time": 402.473,
                                                    "Actual Rows": 189647,
                                                    "Actual Loops": 1
                                                }
                                            ],
                                            "Plans": [
                                                {
                                                    "Node Type": "Hash Join",
                                                    "Parent Relationship": "Outer",
                                                    "Parallel Aware": true,
                                                    "Join Type": "Inner",
                                                    "Startup Cost": 47009.89,
                                                    "Total Cost": 77891.59,
                                                    "Plan Rows": 235643,
                                                    "Plan Width": 8,
                                                    "Actual Startup Time": 142.191,
                                                    "Actual Total Time": 287.64,
                                                    "Actual Rows": 219060,
                                                    "Actual Loops": 7,
                                                    "Output": [
                                                        "t.id",
                                                        "mc.movie_id"
                                                    ],
                                                    "Inner Unique": true,
                                                    "Hash Cond": "(mc.movie_id = t.id)",
                                                    "Workers": [
                                                        {
                                                            "Worker Number": 0,
                                                            "Actual Startup Time": 141.214,
                                                            "Actual Total Time": 285.627,
                                                            "Actual Rows": 257297,
                                                            "Actual Loops": 1
                                                        },
                                                        {
                                                            "Worker Number": 1,
                                                            "Actual Startup Time": 141.325,
                                                            "Actual Total Time": 285.84,
                                                            "Actual Rows": 255681,
                                                            "Actual Loops": 1
                                                        },
                                                        {
                                                            "Worker Number": 2,
                                                            "Actual Startup Time": 141.813,
                                                            "Actual Total Time": 287.608,
                                                            "Actual Rows": 189697,
                                                            "Actual Loops": 1
                                                        },
                                                        {
                                                            "Worker Number": 3,
                                                            "Actual Startup Time": 142.364,
                                                            "Actual Total Time": 287.92,
                                                            "Actual Rows": 188592,
                                                            "Actual Loops": 1
                                                        },
                                                        {
                                                            "Worker Number": 4,
                                                            "Actual Startup Time": 142.455,
                                                            "Actual Total Time": 286.917,
                                                            "Actual Rows": 186038,
                                                            "Actual Loops": 1
                                                        },
                                                        {
                                                            "Worker Number": 5,
                                                            "Actual Startup Time": 143.059,
                                                            "Actual Total Time": 290.466,
                                                            "Actual Rows": 189647,
                                                            "Actual Loops": 1
                                                        }
                                                    ],
                                                    "Plans": [
                                                        {
                                                            "Node Type": "Seq Scan",
                                                            "Parent Relationship": "Outer",
                                                            "Parallel Aware": true,
                                                            "Relation Name": "movie_companies",
                                                            "Schema": "public",
                                                            "Alias": "mc",
                                                            "Startup Cost": 0.0,
                                                            "Total Cost": 29310.68,
                                                            "Plan Rows": 598483,
                                                            "Plan Width": 4,
                                                            "Actual Startup Time": 0.338,
                                                            "Actual Total Time": 54.063,
                                                            "Actual Rows": 265139,
                                                            "Actual Loops": 7,
                                                            "Output": [
                                                                "mc.id",
                                                                "mc.movie_id",
                                                                "mc.company_id",
                                                                "mc.company_type_id",
                                                                "mc.note"
                                                            ],
                                                            "Filter": "(mc.company_id > 1475)",
                                                            "Rows Removed by Filter": 107594,
                                                            "Workers": [
                                                                {
                                                                    "Worker Number": 0,
                                                                    "Actual Startup Time": 0.373,
                                                                    "Actual Total Time": 52.616,
                                                                    "Actual Rows": 311777,
                                                                    "Actual Loops": 1
                                                                },
                                                                {
                                                                    "Worker Number": 1,
                                                                    "Actual Startup Time": 0.366,
                                                                    "Actual Total Time": 52.216,
                                                                    "Actual Rows": 309370,
                                                                    "Actual Loops": 1
                                                                },
                                                                {
                                                                    "Worker Number": 2,
                                                                    "Actual Startup Time": 0.362,
                                                                    "Actual Total Time": 57.02,
                                                                    "Actual Rows": 229460,
                                                                    "Actual Loops": 1
                                                                },
                                                                {
                                                                    "Worker Number": 3,
                                                                    "Actual Startup Time": 0.274,
                                                                    "Actual Total Time": 56.554,
                                                                    "Actual Rows": 226793,
                                                                    "Actual Loops": 1
                                                                },
                                                                {
                                                                    "Worker Number": 4,
                                                                    "Actual Startup Time": 0.319,
                                                                    "Actual Total Time": 56.768,
                                                                    "Actual Rows": 225045,
                                                                    "Actual Loops": 1
                                                                },
                                                                {
                                                                    "Worker Number": 5,
                                                                    "Actual Startup Time": 0.384,
                                                                    "Actual Total Time": 57.434,
                                                                    "Actual Rows": 231284,
                                                                    "Actual Loops": 1
                                                                }
                                                            ]
                                                        },
                                                        {
                                                            "Node Type": "Hash",
                                                            "Parent Relationship": "Inner",
                                                            "Parallel Aware": true,
                                                            "Startup Cost": 43899.01,
                                                            "Total Cost": 43899.01,
                                                            "Plan Rows": 248871,
                                                            "Plan Width": 4,
                                                            "Actual Startup Time": 140.773,
                                                            "Actual Total Time": 140.774,
                                                            "Actual Rows": 140721,
                                                            "Actual Loops": 7,
                                                            "Output": [
                                                                "t.id"
                                                            ],
                                                            "Hash Buckets": 1048576,
                                                            "Original Hash Buckets": 1048576,
                                                            "Hash Batches": 1,
                                                            "Original Hash Batches": 1,
                                                            "Peak Memory Usage": 46848,
                                                            "Workers": [
                                                                {
                                                                    "Worker Number": 0,
                                                                    "Actual Startup Time": 140.777,
                                                                    "Actual Total Time": 140.778,
                                                                    "Actual Rows": 160151,
                                                                    "Actual Loops": 1
                                                                },
                                                                {
                                                                    "Worker Number": 1,
                                                                    "Actual Startup Time": 140.868,
                                                                    "Actual Total Time": 140.869,
                                                                    "Actual Rows": 158147,
                                                                    "Actual Loops": 1
                                                                },
                                                                {
                                                                    "Worker Number": 2,
                                                                    "Actual Startup Time": 141.353,
                                                                    "Actual Total Time": 141.354,
                                                                    "Actual Rows": 115494,
                                                                    "Actual Loops": 1
                                                                },
                                                                {
                                                                    "Worker Number": 3,
                                                                    "Actual Startup Time": 141.722,
                                                                    "Actual Total Time": 141.723,
                                                                    "Actual Rows": 115852,
                                                                    "Actual Loops": 1
                                                                },
                                                                {
                                                                    "Worker Number": 4,
                                                                    "Actual Startup Time": 141.836,
                                                                    "Actual Total Time": 141.838,
                                                                    "Actual Rows": 115360,
                                                                    "Actual Loops": 1
                                                                },
                                                                {
                                                                    "Worker Number": 5,
                                                                    "Actual Startup Time": 142.46,
                                                                    "Actual Total Time": 142.461,
                                                                    "Actual Rows": 114378,
                                                                    "Actual Loops": 1
                                                                }
                                                            ],
                                                            "Plans": [
                                                                {
                                                                    "Node Type": "Seq Scan",
                                                                    "Parent Relationship": "Outer",
                                                                    "Parallel Aware": true,
                                                                    "Relation Name": "title",
                                                                    "Schema": "public",
                                                                    "Alias": "t",
                                                                    "Startup Cost": 0.0,
                                                                    "Total Cost": 43899.01,
                                                                    "Plan Rows": 248871,
                                                                    "Plan Width": 4,
                                                                    "Actual Startup Time": 0.06,
                                                                    "Actual Total Time": 77.899,
                                                                    "Actual Rows": 140721,
                                                                    "Actual Loops": 7,
                                                                    "Output": [
                                                                        "t.id"
                                                                    ],
                                                                    "Filter": "(t.kind_id < 7)",
                                                                    "Rows Removed by Filter": 220466,
                                                                    "Workers": [
                                                                        {
                                                                            "Worker Number": 0,
                                                                            "Actual Startup Time": 0.061,
                                                                            "Actual Total Time": 76.919,
                                                                            "Actual Rows": 160151,
                                                                            "Actual Loops": 1
                                                                        },
                                                                        {
                                                                            "Worker Number": 1,
                                                                            "Actual Startup Time": 0.069,
                                                                            "Actual Total Time": 76.868,
                                                                            "Actual Rows": 158147,
                                                                            "Actual Loops": 1
                                                                        },
                                                                        {
                                                                            "Worker Number": 2,
                                                                            "Actual Startup Time": 0.046,
                                                                            "Actual Total Time": 80.235,
                                                                            "Actual Rows": 115494,
                                                                            "Actual Loops": 1
                                                                        },
                                                                        {
                                                                            "Worker Number": 3,
                                                                            "Actual Startup Time": 0.068,
                                                                            "Actual Total Time": 80.209,
                                                                            "Actual Rows": 115852,
                                                                            "Actual Loops": 1
                                                                        },
                                                                        {
                                                                            "Worker Number": 4,
                                                                            "Actual Startup Time": 0.085,
                                                                            "Actual Total Time": 79.535,
                                                                            "Actual Rows": 115360,
                                                                            "Actual Loops": 1
                                                                        },
                                                                        {
                                                                            "Worker Number": 5,
                                                                            "Actual Startup Time": 0.074,
                                                                            "Actual Total Time": 80.146,
                                                                            "Actual Rows": 114378,
                                                                            "Actual Loops": 1
                                                                        }
                                                                    ]
                                                                }
                                                            ]
                                                        }
                                                    ]
                                                }
                                            ]
                                        }
                                    ]
                                }
                            ]
                        }
                    ]
                }
            ]
        },
        "Planning Time": 195.32,
        "Triggers": [],
        "Execution Time": 2443.703
    }
]