[
  {
    "Plan": {
      "Node Type": "Aggregate",
      "Strategy": "Plain",
      "Partial Mode": "Finalize",
      "Parallel Aware": false,
      "Startup Cost": 92503.12,
      "Total Cost": 92503.13,
      "Plan Rows": 1,
      "Plan Width": 8,
      "Actual Startup Time": 312.971,
      "Actual Total Time": 330.909,
      "Actual Rows": 1,
      "Actual Loops": 1,
      "Plans": [
        {
          "Node Type": "Gather",
          "Parent Relationship": "Outer",
          "Parallel Aware": false,
          "Startup Cost": 92502.8,
          "Total Cost": 92503.11,
          "Plan Rows": 3,
          "Plan Width": 8,
          "Actual Startup Time": 309.199,
          "Actual Total Time": 330.898,
          "Actual Rows": 4,
          "Actual Loops": 1,
          "Workers Planned": 3,
          "Workers Launched": 3,
          "Single Copy": false,
          "Plans": [
            {
              "Node Type": "Aggregate",
              "Strategy": "Plain",
              "Partial Mode": "Partial",
              "Parent Relationship": "Outer",
              "Parallel Aware": false,
              "Startup Cost": 91502.8,
              "Total Cost": 91502.81,
              "Plan Rows": 1,
              "Plan Width": 8,
              "Actual Startup Time": 305.02,
              "Actual Total Time": 305.023,
              "Actual Rows": 1,
              "Actual Loops": 4,
              "Plans": [
                {
                  "Node Type": "Hash Join",
                  "Parent Relationship": "Outer",
                  "Parallel Aware": true,
                  "Join Type": "Inner",
                  "Startup Cost": 47150.65,
                  "Total Cost": 91225.09,
                  "Plan Rows": 111086,
                  "Plan Width": 0,
                  "Actual Startup Time": 142.223,
                  "Actual Total Time": 299.148,
                  "Actual Rows": 129492,
                  "Actual Loops": 4,
                  "Inner Unique": true,
                  "Hash Cond": "(mk.movie_id = t.id)",
                  "Plans": [
                    {
                      "Node Type": "Seq Scan",
                      "Parent Relationship": "Outer",
                      "Parallel Aware": true,
                      "Relation Name": "movie_keyword",
                      "Alias": "mk",
                      "Startup Cost": 0.0,
                      "Total Cost": 42695.65,
                      "Plan Rows": 525252,
                      "Plan Width": 4,
                      "Actual Startup Time": 0.577,
                      "Actual Total Time": 101.993,
                      "Actual Rows": 404167,
                      "Actual Loops": 4,
                      "Filter": "(keyword_id > 9329)",
                      "Rows Removed by Filter": 726816
                    },
                    {
                      "Node Type": "Hash",
                      "Parent Relationship": "Inner",
                      "Parallel Aware": true,
                      "Startup Cost": 45479.59,
                      "Total Cost": 45479.59,
                      "Plan Rows": 133685,
                      "Plan Width": 4,
                      "Actual Startup Time": 138.919,
                      "Actual Total Time": 138.92,
                      "Actual Rows": 103564,
                      "Actual Loops": 4,
                      "Hash Buckets": 1048576,
                      "Original Hash Buckets": 1048576,
                      "Hash Batches": 1,
                      "Original Hash Batches": 1,
                      "Peak Memory Usage": 24448,
                      "Plans": [
                        {
                          "Node Type": "Seq Scan",
                          "Parent Relationship": "Outer",
                          "Parallel Aware": true,
                          "Relation Name": "title",
                          "Alias": "t",
                          "Startup Cost": 0.0,
                          "Total Cost": 45479.59,
                          "Plan Rows": 133685,
                          "Plan Width": 4,
                          "Actual Startup Time": 0.022,
                          "Actual Total Time": 97.503,
                          "Actual Rows": 103564,
                          "Actual Loops": 4,
                          "Filter": "((kind_id < 4) AND (production_year > 1996))",
                          "Rows Removed by Filter": 528514
                        }
                      ]
                    }
                  ]
                }
              ]
            }
          ]
        }
      ]
    },
    "Planning Time": 0.262,
    "Triggers": [],
    "Execution Time": 330.946
  }
]