[
  {
    "Plan": {
      "Node Type": "Aggregate",
      "Strategy": "Plain",
      "Partial Mode": "Finalize",
      "Parallel Aware": false,
      "Startup Cost": 92483.16,
      "Total Cost": 92483.17,
      "Plan Rows": 1,
      "Plan Width": 8,
      "Actual Startup Time": 291.209,
      "Actual Total Time": 307.294,
      "Actual Rows": 1,
      "Actual Loops": 1,
      "Plans": [
        {
          "Node Type": "Gather",
          "Parent Relationship": "Outer",
          "Parallel Aware": false,
          "Startup Cost": 92482.85,
          "Total Cost": 92483.16,
          "Plan Rows": 3,
          "Plan Width": 8,
          "Actual Startup Time": 289.936,
          "Actual Total Time": 307.287,
          "Actual Rows": 4,
          "Actual Loops": 1,
          "Workers Planned": 3,
          "Workers Launched": 3,
          "Single Copy": false,
          "Plans": [
            {
              "Node Type": "Aggregate",
              "Strategy": "Plain",
              "Partial Mode": "Partial",
              "Parent Relationship": "Outer",
              "Parallel Aware": false,
              "Startup Cost": 91482.85,
              "Total Cost": 91482.86,
              "Plan Rows": 1,
              "Plan Width": 8,
              "Actual Startup Time": 281.435,
              "Actual Total Time": 281.438,
              "Actual Rows": 1,
              "Actual Loops": 4,
              "Plans": [
                {
                  "Node Type": "Hash Join",
                  "Parent Relationship": "Outer",
                  "Parallel Aware": true,
                  "Join Type": "Inner",
                  "Startup Cost": 47147.56,
                  "Total Cost": 91208.3,
                  "Plan Rows": 109817,
                  "Plan Width": 0,
                  "Actual Startup Time": 138.95,
                  "Actual Total Time": 276.096,
                  "Actual Rows": 129492,
                  "Actual Loops": 4,
                  "Inner Unique": true,
                  "Hash Cond": "(mk.movie_id = t.id)",
                  "Plans": [
                    {
                      "Node Type": "Seq Scan",
                      "Parent Relationship": "Outer",
                      "Parallel Aware": true,
                      "Relation Name": "movie_keyword",
                      "Alias": "mk",
                      "Startup Cost": 0.0,
                      "Total Cost": 42695.65,
                      "Plan Rows": 520034,
                      "Plan Width": 4,
                      "Actual Startup Time": 0.53,
                      "Actual Total Time": 90.641,
                      "Actual Rows": 404167,
                      "Actual Loops": 4,
                      "Filter": "(keyword_id > 9329)",
                      "Rows Removed by Filter": 726816
                    },
                    {
                      "Node Type": "Hash",
                      "Parent Relationship": "Inner",
                      "Parallel Aware": true,
                      "Startup Cost": 45479.1,
                      "Total Cost": 45479.1,
                      "Plan Rows": 133477,
                      "Plan Width": 4,
                      "Actual Startup Time": 133.093,
                      "Actual Total Time": 133.094,
                      "Actual Rows": 103564,
                      "Actual Loops": 4,
                      "Hash Buckets": 1048576,
                      "Original Hash Buckets": 1048576,
                      "Hash Batches": 1,
                      "Original Hash Batches": 1,
                      "Peak Memory Usage": 24448,
                      "Plans": [
                        {
                          "Node Type": "Seq Scan",
                          "Parent Relationship": "Outer",
                          "Parallel Aware": true,
                          "Relation Name": "title",
                          "Alias": "t",
                          "Startup Cost": 0.0,
                          "Total Cost": 45479.1,
                          "Plan Rows": 133477,
                          "Plan Width": 4,
                          "Actual Startup Time": 0.07,
                          "Actual Total Time": 95.844,
                          "Actual Rows": 103564,
                          "Actual Loops": 4,
                          "Filter": "((kind_id < 4) AND (production_year > 1996))",
                          "Rows Removed by Filter": 528514
                        }
                      ]
                    }
                  ]
                }
              ]
            }
          ]
        }
      ]
    },
    "Planning Time": 0.659,
    "Triggers": [],
    "Execution Time": 307.37
  }
]