[
  {
    "Plan": {
      "Node Type": "Aggregate",
      "Strategy": "Plain",
      "Partial Mode": "Finalize",
      "Parallel Aware": false,
      "Startup Cost": 44865.58,
      "Total Cost": 44865.59,
      "Plan Rows": 1,
      "Plan Width": 8,
      "Actual Startup Time": 131.37,
      "Actual Total Time": 140.815,
      "Actual Rows": 1,
      "Actual Loops": 1,
      "Plans": [
        {
          "Node Type": "Gather",
          "Parent Relationship": "Outer",
          "Parallel Aware": false,
          "Startup Cost": 44865.27,
          "Total Cost": 44865.58,
          "Plan Rows": 3,
          "Plan Width": 8,
          "Actual Startup Time": 131.193,
          "Actual Total Time": 140.807,
          "Actual Rows": 4,
          "Actual Loops": 1,
          "Workers Planned": 3,
          "Workers Launched": 3,
          "Single Copy": false,
          "Plans": [
            {
              "Node Type": "Aggregate",
              "Strategy": "Plain",
              "Partial Mode": "Partial",
              "Parent Relationship": "Outer",
              "Parallel Aware": false,
              "Startup Cost": 43865.27,
              "Total Cost": 43865.28,
              "Plan Rows": 1,
              "Plan Width": 8,
              "Actual Startup Time": 123.762,
              "Actual Total Time": 123.763,
              "Actual Rows": 1,
              "Actual Loops": 4,
              "Plans": [
                {
                  "Node Type": "Seq Scan",
                  "Parent Relationship": "Outer",
                  "Parallel Aware": true,
                  "Relation Name": "movie_keyword",
                  "Alias": "mk",
                  "Startup Cost": 0.0,
                  "Total Cost": 42695.65,
                  "Plan Rows": 467845,
                  "Plan Width": 0,
                  "Actual Startup Time": 1.859,
                  "Actual Total Time": 106.691,
                  "Actual Rows": 360762,
                  "Actual Loops": 4,
                  "Filter": "(keyword_id > 11575)",
                  "Rows Removed by Filter": 770220
                }
              ]
            }
          ]
        }
      ]
    },
    "Planning Time": 0.21,
    "Triggers": [],
    "Execution Time": 140.876
  }
]