[
  {
    "Plan": {
      "Node Type": "Aggregate",
      "Strategy": "Plain",
      "Partial Mode": "Finalize",
      "Parallel Aware": false,
      "Startup Cost": 44855.23,
      "Total Cost": 44855.24,
      "Plan Rows": 1,
      "Plan Width": 8,
      "Actual Startup Time": 125.565,
      "Actual Total Time": 135.252,
      "Actual Rows": 1,
      "Actual Loops": 1,
      "Plans": [
        {
          "Node Type": "Gather",
          "Parent Relationship": "Outer",
          "Parallel Aware": false,
          "Startup Cost": 44854.92,
          "Total Cost": 44855.23,
          "Plan Rows": 3,
          "Plan Width": 8,
          "Actual Startup Time": 125.483,
          "Actual Total Time": 135.244,
          "Actual Rows": 4,
          "Actual Loops": 1,
          "Workers Planned": 3,
          "Workers Launched": 3,
          "Single Copy": false,
          "Plans": [
            {
              "Node Type": "Aggregate",
              "Strategy": "Plain",
              "Partial Mode": "Partial",
              "Parent Relationship": "Outer",
              "Parallel Aware": false,
              "Startup Cost": 43854.92,
              "Total Cost": 43854.93,
              "Plan Rows": 1,
              "Plan Width": 8,
              "Actual Startup Time": 119.797,
              "Actual Total Time": 119.798,
              "Actual Rows": 1,
              "Actual Loops": 4,
              "Plans": [
                {
                  "Node Type": "Seq Scan",
                  "Parent Relationship": "Outer",
                  "Parallel Aware": true,
                  "Relation Name": "movie_keyword",
                  "Alias": "mk",
                  "Startup Cost": 0.0,
                  "Total Cost": 42695.65,
                  "Plan Rows": 463705,
                  "Plan Width": 0,
                  "Actual Startup Time": 1.518,
                  "Actual Total Time": 102.655,
                  "Actual Rows": 360762,
                  "Actual Loops": 4,
                  "Filter": "(keyword_id > 11575)",
                  "Rows Removed by Filter": 770220
                }
              ]
            }
          ]
        }
      ]
    },
    "Planning Time": 0.152,
    "Triggers": [],
    "Execution Time": 135.299
  }
]