[
  {
    "Plan": {
      "Node Type": "Aggregate",
      "Strategy": "Plain",
      "Partial Mode": "Finalize",
      "Parallel Aware": false,
      "Startup Cost": 82395.64,
      "Total Cost": 82395.65,
      "Plan Rows": 1,
      "Plan Width": 8,
      "Actual Startup Time": 214.029,
      "Actual Total Time": 231.121,
      "Actual Rows": 1,
      "Actual Loops": 1,
      "Plans": [
        {
          "Node Type": "Gather",
          "Parent Relationship": "Outer",
          "Parallel Aware": false,
          "Startup Cost": 82395.32,
          "Total Cost": 82395.63,
          "Plan Rows": 3,
          "Plan Width": 8,
          "Actual Startup Time": 213.398,
          "Actual Total Time": 231.112,
          "Actual Rows": 4,
          "Actual Loops": 1,
          "Workers Planned": 3,
          "Workers Launched": 3,
          "Single Copy": false,
          "Plans": [
            {
              "Node Type": "Aggregate",
              "Strategy": "Plain",
              "Partial Mode": "Partial",
              "Parent Relationship": "Outer",
              "Parallel Aware": false,
              "Startup Cost": 81395.32,
              "Total Cost": 81395.33,
              "Plan Rows": 1,
              "Plan Width": 8,
              "Actual Startup Time": 204.496,
              "Actual Total Time": 204.5,
              "Actual Rows": 1,
              "Actual Loops": 4,
              "Plans": [
                {
                  "Node Type": "Hash Join",
                  "Parent Relationship": "Outer",
                  "Parallel Aware": true,
                  "Join Type": "Inner",
                  "Startup Cost": 54553.77,
                  "Total Cost": 81377.99,
                  "Plan Rows": 6932,
                  "Plan Width": 0,
                  "Actual Startup Time": 132.851,
                  "Actual Total Time": 204.158,
                  "Actual Rows": 4394,
                  "Actual Loops": 4,
                  "Inner Unique": true,
                  "Hash Cond": "(mk.movie_id = t.id)",
                  "Plans": [
                    {
                      "Node Type": "Bitmap Heap Scan",
                      "Parent Relationship": "Outer",
                      "Parallel Aware": true,
                      "Relation Name": "movie_keyword",
                      "Alias": "mk",
                      "Startup Cost": 10305.37,
                      "Total Cost": 36718.23,
                      "Plan Rows": 156709,
                      "Plan Width": 4,
                      "Actual Startup Time": 28.426,
                      "Actual Total Time": 82.23,
                      "Actual Rows": 118081,
                      "Actual Loops": 4,
                      "Recheck Cond": "(keyword_id > 37703)",
                      "Rows Removed by Index Recheck": 0,
                      "Exact Heap Blocks": 8156,
                      "Lossy Heap Blocks": 0,
                      "Plans": [
                        {
                          "Node Type": "Bitmap Index Scan",
                          "Parent Relationship": "Outer",
                          "Parallel Aware": false,
                          "Index Name": "keyword_id_movie_keyword",
                          "Startup Cost": 0.0,
                          "Total Cost": 10183.92,
                          "Plan Rows": 485798,
                          "Plan Width": 0,
                          "Actual Startup Time": 24.964,
                          "Actual Total Time": 24.965,
                          "Actual Rows": 472325,
                          "Actual Loops": 1,
                          "Index Cond": "(keyword_id > 37703)"
                        }
                      ]
                    },
                    {
                      "Node Type": "Hash",
                      "Parent Relationship": "Inner",
                      "Parallel Aware": true,
                      "Startup Cost": 43898.92,
                      "Total Cost": 43898.92,
                      "Plan Rows": 27959,
                      "Plan Width": 4,
                      "Actual Startup Time": 102.596,
                      "Actual Total Time": 102.597,
                      "Actual Rows": 27107,
                      "Actual Loops": 4,
                      "Hash Buckets": 131072,
                      "Original Hash Buckets": 131072,
                      "Hash Batches": 1,
                      "Original Hash Batches": 1,
                      "Peak Memory Usage": 5344,
                      "Plans": [
                        {
                          "Node Type": "Seq Scan",
                          "Parent Relationship": "Outer",
                          "Parallel Aware": true,
                          "Relation Name": "title",
                          "Alias": "t",
                          "Startup Cost": 0.0,
                          "Total Cost": 43898.92,
                          "Plan Rows": 27959,
                          "Plan Width": 4,
                          "Actual Startup Time": 0.043,
                          "Actual Total Time": 92.162,
                          "Actual Rows": 27107,
                          "Actual Loops": 4,
                          "Filter": "(production_year = 2006)",
                          "Rows Removed by Filter": 604971
                        }
                      ]
                    }
                  ]
                }
              ]
            }
          ]
        }
      ]
    },
    "Planning Time": 0.668,
    "Triggers": [],
    "Execution Time": 231.217
  }
]