[
  {
    "Plan": {
      "Node Type": "Aggregate",
      "Strategy": "Plain",
      "Partial Mode": "Finalize",
      "Parallel Aware": false,
      "Startup Cost": 32090.55,
      "Total Cost": 32090.56,
      "Plan Rows": 1,
      "Plan Width": 8,
      "Actual Startup Time": 127.056,
      "Actual Total Time": 134.801,
      "Actual Rows": 1,
      "Actual Loops": 1,
      "Plans": [
        {
          "Node Type": "Gather",
          "Parent Relationship": "Outer",
          "Parallel Aware": false,
          "Startup Cost": 32090.23,
          "Total Cost": 32090.54,
          "Plan Rows": 3,
          "Plan Width": 8,
          "Actual Startup Time": 126.882,
          "Actual Total Time": 134.789,
          "Actual Rows": 4,
          "Actual Loops": 1,
          "Workers Planned": 3,
          "Workers Launched": 3,
          "Single Copy": false,
          "Plans": [
            {
              "Node Type": "Aggregate",
              "Strategy": "Plain",
              "Partial Mode": "Partial",
              "Parent Relationship": "Outer",
              "Parallel Aware": false,
              "Startup Cost": 31090.23,
              "Total Cost": 31090.24,
              "Plan Rows": 1,
              "Plan Width": 8,
              "Actual Startup Time": 119.464,
              "Actual Total Time": 119.465,
              "Actual Rows": 1,
              "Actual Loops": 4,
              "Plans": [
                {
                  "Node Type": "Seq Scan",
                  "Parent Relationship": "Outer",
                  "Parallel Aware": true,
                  "Relation Name": "movie_companies",
                  "Alias": "mc",
                  "Startup Cost": 0.0,
                  "Total Cost": 29310.68,
                  "Plan Rows": 711821,
                  "Plan Width": 0,
                  "Actual Startup Time": 0.034,
                  "Actual Total Time": 89.998,
                  "Actual Rows": 551948,
                  "Actual Loops": 4,
                  "Filter": "(company_id < 82114)",
                  "Rows Removed by Filter": 100334
                }
              ]
            }
          ]
        }
      ]
    },
    "Planning Time": 0.2,
    "Triggers": [],
    "Execution Time": 134.857
  }
]