{
  "Plan": {
    "Node Type": "Aggregate",
    "Strategy": "Plain",
    "Partial Mode": "Finalize",
    "Parallel Aware": false,
    "Startup Cost": 130051.93,
    "Total Cost": 130051.94,
    "Plan Rows": 1,
    "Plan Width": 8,
    "Actual Startup Time": 723.148,
    "Actual Total Time": 737.475,
    "Actual Rows": 1,
    "Actual Loops": 1,
    "Plans": [
      {
        "Node Type": "Gather",
        "Parent Relationship": "Outer",
        "Parallel Aware": false,
        "Startup Cost": 130051.82,
        "Total Cost": 130051.93,
        "Plan Rows": 1,
        "Plan Width": 8,
        "Actual Startup Time": 720.503,
        "Actual Total Time": 737.468,
        "Actual Rows": 2,
        "Actual Loops": 1,
        "Workers Planned": 1,
        "Workers Launched": 1,
        "Single Copy": false,
        "Plans": [
          {
            "Node Type": "Aggregate",
            "Strategy": "Plain",
            "Partial Mode": "Partial",
            "Parent Relationship": "Outer",
            "Parallel Aware": false,
            "Startup Cost": 129051.82,
            "Total Cost": 129051.83,
            "Plan Rows": 1,
            "Plan Width": 8,
            "Actual Startup Time": 715.81,
            "Actual Total Time": 715.814,
            "Actual Rows": 1,
            "Actual Loops": 2,
            "Plans": [
              {
                "Node Type": "Hash Join",
                "Parent Relationship": "Outer",
                "Parallel Aware": true,
                "Join Type": "Inner",
                "Startup Cost": 67765.61,
                "Total Cost": 127613.88,
                "Plan Rows": 575176,
                "Plan Width": 0,
                "Actual Startup Time": 396.075,
                "Actual Total Time": 692.82,
                "Actual Rows": 591362,
                "Actual Loops": 2,
                "Inner Unique": true,
                "Hash Cond": "(mk.movie_id = t.id)",
                "Plans": [
                  {
                    "Node Type": "Seq Scan",
                    "Parent Relationship": "Outer",
                    "Parallel Aware": true,
                    "Relation Name": "movie_keyword",
                    "Alias": "mk",
                    "Startup Cost": 0.0,
                    "Total Cost": 57718.19,
                    "Plan Rows": 811456,
                    "Plan Width": 4,
                    "Actual Startup Time": 0.014,
                    "Actual Total Time": 158.997,
                    "Actual Rows": 693546,
                    "Actual Loops": 2,
                    "Filter": "(keyword_id < 1876)",
                    "Rows Removed by Filter": 1568418
                  },
                  {
                    "Node Type": "Hash",
                    "Parent Relationship": "Inner",
                    "Parallel Aware": true,
                    "Startup Cost": 54588.39,
                    "Total Cost": 54588.39,
                    "Plan Rows": 1054178,
                    "Plan Width": 4,
                    "Actual Startup Time": 387.307,
                    "Actual Total Time": 387.308,
                    "Actual Rows": 897076,
                    "Actual Loops": 2,
                    "Hash Buckets": 2097152,
                    "Original Hash Buckets": 2097152,
                    "Hash Batches": 1,
                    "Original Hash Batches": 1,
                    "Peak Memory Usage": 86592,
                    "Plans": [
                      {
                        "Node Type": "Seq Scan",
                        "Parent Relationship": "Outer",
                        "Parallel Aware": true,
                        "Relation Name": "title",
                        "Alias": "t",
                        "Startup Cost": 0.0,
                        "Total Cost": 54588.39,
                        "Plan Rows": 1054178,
                        "Plan Width": 4,
                        "Actual Startup Time": 0.021,
                        "Actual Total Time": 165.379,
                        "Actual Rows": 897076,
                        "Actual Loops": 2,
                        "Filter": "(production_year < 2009)",
                        "Rows Removed by Filter": 367080
                      }
                    ]
                  }
                ]
              }
            ]
          }
        ]
      }
    ]
  },
  "Planning Time": 0.331,
  "Triggers": [],
  "Execution Time": 737.514
}