{
  "Plan": {
    "Node Type": "Aggregate",
    "Strategy": "Plain",
    "Partial Mode": "Finalize",
    "Parallel Aware": false,
    "Startup Cost": 116371.82,
    "Total Cost": 116371.83,
    "Plan Rows": 1,
    "Plan Width": 8,
    "Actual Startup Time": 479.811,
    "Actual Total Time": 496.033,
    "Actual Rows": 1,
    "Actual Loops": 1,
    "Plans": [
      {
        "Node Type": "Gather",
        "Parent Relationship": "Outer",
        "Parallel Aware": false,
        "Startup Cost": 116371.71,
        "Total Cost": 116371.82,
        "Plan Rows": 1,
        "Plan Width": 8,
        "Actual Startup Time": 478.191,
        "Actual Total Time": 496.027,
        "Actual Rows": 2,
        "Actual Loops": 1,
        "Workers Planned": 1,
        "Workers Launched": 1,
        "Single Copy": false,
        "Plans": [
          {
            "Node Type": "Aggregate",
            "Strategy": "Plain",
            "Partial Mode": "Partial",
            "Parent Relationship": "Outer",
            "Parallel Aware": false,
            "Startup Cost": 115371.71,
            "Total Cost": 115371.72,
            "Plan Rows": 1,
            "Plan Width": 8,
            "Actual Startup Time": 472.242,
            "Actual Total Time": 472.245,
            "Actual Rows": 1,
            "Actual Loops": 2,
            "Plans": [
              {
                "Node Type": "Hash Join",
                "Parent Relationship": "Outer",
                "Parallel Aware": true,
                "Join Type": "Inner",
                "Startup Cost": 82872.97,
                "Total Cost": 114937.25,
                "Plan Rows": 173786,
                "Plan Width": 0,
                "Actual Startup Time": 315.648,
                "Actual Total Time": 468.491,
                "Actual Rows": 71154,
                "Actual Loops": 2,
                "Inner Unique": true,
                "Hash Cond": "(mk.movie_id = t.id)",
                "Plans": [
                  {
                    "Node Type": "Bitmap Heap Scan",
                    "Parent Relationship": "Outer",
                    "Parallel Aware": true,
                    "Relation Name": "movie_keyword",
                    "Alias": "mk",
                    "Startup Cost": 18145.55,
                    "Total Cost": 48889.04,
                    "Plan Rows": 503159,
                    "Plan Width": 4,
                    "Actual Startup Time": 49.59,
                    "Actual Total Time": 134.159,
                    "Actual Rows": 424008,
                    "Actual Loops": 2,
                    "Recheck Cond": "(keyword_id > 21645)",
                    "Rows Removed by Index Recheck": 0,
                    "Exact Heap Blocks": 13817,
                    "Lossy Heap Blocks": 0,
                    "Plans": [
                      {
                        "Node Type": "Bitmap Index Scan",
                        "Parent Relationship": "Outer",
                        "Parallel Aware": false,
                        "Index Name": "keyword_id_movie_keyword",
                        "Startup Cost": 0.0,
                        "Total Cost": 17931.71,
                        "Plan Rows": 855370,
                        "Plan Width": 0,
                        "Actual Startup Time": 45.906,
                        "Actual Total Time": 45.906,
                        "Actual Rows": 848017,
                        "Actual Loops": 1,
                        "Index Cond": "(keyword_id > 21645)"
                      }
                    ]
                  },
                  {
                    "Node Type": "Hash",
                    "Parent Relationship": "Inner",
                    "Parallel Aware": true,
                    "Startup Cost": 58306.47,
                    "Total Cost": 58306.47,
                    "Plan Rows": 513676,
                    "Plan Width": 4,
                    "Actual Startup Time": 257.134,
                    "Actual Total Time": 257.134,
                    "Actual Rows": 397592,
                    "Actual Loops": 2,
                    "Hash Buckets": 1048576,
                    "Original Hash Buckets": 1048576,
                    "Hash Batches": 1,
                    "Original Hash Batches": 1,
                    "Peak Memory Usage": 39328,
                    "Plans": [
                      {
                        "Node Type": "Seq Scan",
                        "Parent Relationship": "Outer",
                        "Parallel Aware": true,
                        "Relation Name": "title",
                        "Alias": "t",
                        "Startup Cost": 0.0,
                        "Total Cost": 58306.47,
                        "Plan Rows": 513676,
                        "Plan Width": 4,
                        "Actual Startup Time": 0.037,
                        "Actual Total Time": 158.568,
                        "Actual Rows": 397592,
                        "Actual Loops": 2,
                        "Filter": "((kind_id > 1) AND (production_year < 2003))",
                        "Rows Removed by Filter": 866564
                      }
                    ]
                  }
                ]
              }
            ]
          }
        ]
      }
    ]
  },
  "Planning Time": 0.654,
  "Triggers": [],
  "Execution Time": 496.122
}