{
  "Plan": {
    "Node Type": "Aggregate",
    "Strategy": "Plain",
    "Partial Mode": "Finalize",
    "Parallel Aware": false,
    "Startup Cost": 157927.23,
    "Total Cost": 157927.24,
    "Plan Rows": 1,
    "Plan Width": 8,
    "Actual Startup Time": 1178.68,
    "Actual Total Time": 1197.573,
    "Actual Rows": 1,
    "Actual Loops": 1,
    "Plans": [
      {
        "Node Type": "Gather",
        "Parent Relationship": "Outer",
        "Parallel Aware": false,
        "Startup Cost": 157927.12,
        "Total Cost": 157927.23,
        "Plan Rows": 1,
        "Plan Width": 8,
        "Actual Startup Time": 1173.625,
        "Actual Total Time": 1197.564,
        "Actual Rows": 2,
        "Actual Loops": 1,
        "Workers Planned": 1,
        "Workers Launched": 1,
        "Single Copy": false,
        "Plans": [
          {
            "Node Type": "Aggregate",
            "Strategy": "Plain",
            "Partial Mode": "Partial",
            "Parent Relationship": "Outer",
            "Parallel Aware": false,
            "Startup Cost": 156927.12,
            "Total Cost": 156927.13,
            "Plan Rows": 1,
            "Plan Width": 8,
            "Actual Startup Time": 1167.059,
            "Actual Total Time": 1167.066,
            "Actual Rows": 1,
            "Actual Loops": 2,
            "Plans": [
              {
                "Node Type": "Hash Join",
                "Parent Relationship": "Outer",
                "Parallel Aware": true,
                "Join Type": "Inner",
                "Startup Cost": 91520.49,
                "Total Cost": 155910.84,
                "Plan Rows": 406514,
                "Plan Width": 0,
                "Actual Startup Time": 742.068,
                "Actual Total Time": 1121.4,
                "Actual Rows": 1196369,
                "Actual Loops": 2,
                "Inner Unique": false,
                "Hash Cond": "(mk.movie_id = t.id)",
                "Plans": [
                  {
                    "Node Type": "Seq Scan",
                    "Parent Relationship": "Outer",
                    "Parallel Aware": true,
                    "Relation Name": "movie_keyword",
                    "Alias": "mk",
                    "Startup Cost": 0.0,
                    "Total Cost": 57718.19,
                    "Plan Rows": 1141572,
                    "Plan Width": 4,
                    "Actual Startup Time": 0.036,
                    "Actual Total Time": 182.683,
                    "Actual Rows": 973690,
                    "Actual Loops": 2,
                    "Filter": "(keyword_id < 3368)",
                    "Rows Removed by Filter": 1288275
                  },
                  {
                    "Node Type": "Hash",
                    "Parent Relationship": "Inner",
                    "Parallel Aware": true,
                    "Startup Cost": 84900.44,
                    "Total Cost": 84900.44,
                    "Plan Rows": 529604,
                    "Plan Width": 8,
                    "Actual Startup Time": 732.875,
                    "Actual Total Time": 732.879,
                    "Actual Rows": 416956,
                    "Actual Loops": 2,
                    "Hash Buckets": 1048576,
                    "Original Hash Buckets": 1048576,
                    "Hash Batches": 1,
                    "Original Hash Batches": 1,
                    "Peak Memory Usage": 40832,
                    "Plans": [
                      {
                        "Node Type": "Hash Join",
                        "Parent Relationship": "Outer",
                        "Parallel Aware": true,
                        "Join Type": "Inner",
                        "Startup Cost": 66716.65,
                        "Total Cost": 84900.44,
                        "Plan Rows": 529604,
                        "Plan Width": 8,
                        "Actual Startup Time": 436.608,
                        "Actual Total Time": 645.141,
                        "Actual Rows": 416956,
                        "Actual Loops": 2,
                        "Inner Unique": true,
                        "Hash Cond": "(mi_idx.movie_id = t.id)",
                        "Plans": [
                          {
                            "Node Type": "Seq Scan",
                            "Parent Relationship": "Outer",
                            "Parallel Aware": true,
                            "Relation Name": "movie_info_idx",
                            "Alias": "mi_idx",
                            "Startup Cost": 0.0,
                            "Total Cost": 16052.85,
                            "Plan Rows": 811785,
                            "Plan Width": 4,
                            "Actual Startup Time": 0.029,
                            "Actual Total Time": 53.295,
                            "Actual Rows": 690018,
                            "Actual Loops": 2
                          },
                          {
                            "Node Type": "Hash",
                            "Parent Relationship": "Inner",
                            "Parallel Aware": true,
                            "Startup Cost": 54588.39,
                            "Total Cost": 54588.39,
                            "Plan Rows": 970261,
                            "Plan Width": 4,
                            "Actual Startup Time": 427.38,
                            "Actual Total Time": 427.381,
                            "Actual Rows": 821757,
                            "Actual Loops": 2,
                            "Hash Buckets": 2097152,
                            "Original Hash Buckets": 2097152,
                            "Hash Batches": 1,
                            "Original Hash Batches": 1,
                            "Peak Memory Usage": 80704,
                            "Plans": [
                              {
                                "Node Type": "Seq Scan",
                                "Parent Relationship": "Outer",
                                "Parallel Aware": true,
                                "Relation Name": "title",
                                "Alias": "t",
                                "Startup Cost": 0.0,
                                "Total Cost": 54588.39,
                                "Plan Rows": 970261,
                                "Plan Width": 4,
                                "Actual Startup Time": 0.055,
                                "Actual Total Time": 176.182,
                                "Actual Rows": 821757,
                                "Actual Loops": 2,
                                "Filter": "(production_year > 1994)",
                                "Rows Removed by Filter": 442399
                              }
                            ]
                          }
                        ]
                      }
                    ]
                  }
                ]
              }
            ]
          }
        ]
      }
    ]
  },
  "Planning Time": 1.019,
  "Triggers": [],
  "Execution Time": 1197.659
}