[
  {
    "Plan": {
      "Node Type": "Aggregate",
      "Strategy": "Plain",
      "Partial Mode": "Finalize",
      "Parallel Aware": false,
      "Startup Cost": 34640.45,
      "Total Cost": 34640.46,
      "Plan Rows": 1,
      "Plan Width": 8,
      "Actual Startup Time": 112.419,
      "Actual Total Time": 119.984,
      "Actual Rows": 1,
      "Actual Loops": 1,
      "Plans": [
        {
          "Node Type": "Gather",
          "Parent Relationship": "Outer",
          "Parallel Aware": false,
          "Startup Cost": 34640.13,
          "Total Cost": 34640.44,
          "Plan Rows": 3,
          "Plan Width": 8,
          "Actual Startup Time": 112.182,
          "Actual Total Time": 119.976,
          "Actual Rows": 4,
          "Actual Loops": 1,
          "Workers Planned": 3,
          "Workers Launched": 3,
          "Single Copy": false,
          "Plans": [
            {
              "Node Type": "Aggregate",
              "Strategy": "Plain",
              "Partial Mode": "Partial",
              "Parent Relationship": "Outer",
              "Parallel Aware": false,
              "Startup Cost": 33640.13,
              "Total Cost": 33640.14,
              "Plan Rows": 1,
              "Plan Width": 8,
              "Actual Startup Time": 104.103,
              "Actual Total Time": 104.105,
              "Actual Rows": 1,
              "Actual Loops": 4,
              "Plans": [
                {
                  "Node Type": "Bitmap Heap Scan",
                  "Parent Relationship": "Outer",
                  "Parallel Aware": true,
                  "Relation Name": "movie_keyword",
                  "Alias": "mk",
                  "Startup Cost": 7480.42,
                  "Total Cost": 33355.84,
                  "Plan Rows": 113714,
                  "Plan Width": 0,
                  "Actual Startup Time": 38.986,
                  "Actual Total Time": 98.947,
                  "Actual Rows": 85699,
                  "Actual Loops": 4,
                  "Recheck Cond": "(keyword_id > 48487)",
                  "Rows Removed by Index Recheck": 0,
                  "Exact Heap Blocks": 11014,
                  "Lossy Heap Blocks": 0,
                  "Plans": [
                    {
                      "Node Type": "Bitmap Index Scan",
                      "Parent Relationship": "Outer",
                      "Parallel Aware": false,
                      "Index Name": "keyword_id_movie_keyword",
                      "Startup Cost": 0.0,
                      "Total Cost": 7392.29,
                      "Plan Rows": 352514,
                      "Plan Width": 0,
                      "Actual Startup Time": 42.614,
                      "Actual Total Time": 42.614,
                      "Actual Rows": 342795,
                      "Actual Loops": 1,
                      "Index Cond": "(keyword_id > 48487)"
                    }
                  ]
                }
              ]
            }
          ]
        }
      ]
    },
    "Planning Time": 0.182,
    "Triggers": [],
    "Execution Time": 120.06
  }
]