[
  {
    "Plan": {
      "Node Type": "Aggregate",
      "Strategy": "Plain",
      "Partial Mode": "Finalize",
      "Parallel Aware": false,
      "Startup Cost": 84079.45,
      "Total Cost": 84079.46,
      "Plan Rows": 1,
      "Plan Width": 8,
      "Actual Startup Time": 413.312,
      "Actual Total Time": 430.658,
      "Actual Rows": 1,
      "Actual Loops": 1,
      "Plans": [
        {
          "Node Type": "Gather",
          "Parent Relationship": "Outer",
          "Parallel Aware": false,
          "Startup Cost": 84079.03,
          "Total Cost": 84079.44,
          "Plan Rows": 4,
          "Plan Width": 8,
          "Actual Startup Time": 408.258,
          "Actual Total Time": 430.648,
          "Actual Rows": 5,
          "Actual Loops": 1,
          "Workers Planned": 4,
          "Workers Launched": 4,
          "Single Copy": false,
          "Plans": [
            {
              "Node Type": "Aggregate",
              "Strategy": "Plain",
              "Partial Mode": "Partial",
              "Parent Relationship": "Outer",
              "Parallel Aware": false,
              "Startup Cost": 83079.03,
              "Total Cost": 83079.04,
              "Plan Rows": 1,
              "Plan Width": 8,
              "Actual Startup Time": 395.535,
              "Actual Total Time": 395.538,
              "Actual Rows": 1,
              "Actual Loops": 5,
              "Plans": [
                {
                  "Node Type": "Hash Join",
                  "Parent Relationship": "Outer",
                  "Parallel Aware": true,
                  "Join Type": "Inner",
                  "Startup Cost": 35979.48,
                  "Total Cost": 82371.51,
                  "Plan Rows": 283009,
                  "Plan Width": 0,
                  "Actual Startup Time": 157.445,
                  "Actual Total Time": 386.714,
                  "Actual Rows": 189927,
                  "Actual Loops": 5,
                  "Inner Unique": false,
                  "Hash Cond": "(t.id = mc.movie_id)",
                  "Plans": [
                    {
                      "Node Type": "Seq Scan",
                      "Parent Relationship": "Outer",
                      "Parallel Aware": true,
                      "Relation Name": "title",
                      "Alias": "t",
                      "Startup Cost": 0.0,
                      "Total Cost": 42318.73,
                      "Plan Rows": 632073,
                      "Plan Width": 4,
                      "Actual Startup Time": 0.013,
                      "Actual Total Time": 67.199,
                      "Actual Rows": 505662,
                      "Actual Loops": 5
                    },
                    {
                      "Node Type": "Hash",
                      "Parent Relationship": "Inner",
                      "Parallel Aware": true,
                      "Startup Cost": 31414.82,
                      "Total Cost": 31414.82,
                      "Plan Rows": 365173,
                      "Plan Width": 4,
                      "Actual Startup Time": 151.188,
                      "Actual Total Time": 151.189,
                      "Actual Rows": 189927,
                      "Actual Loops": 5,
                      "Hash Buckets": 2097152,
                      "Original Hash Buckets": 2097152,
                      "Hash Batches": 1,
                      "Original Hash Batches": 1,
                      "Peak Memory Usage": 53632,
                      "Plans": [
                        {
                          "Node Type": "Seq Scan",
                          "Parent Relationship": "Outer",
                          "Parallel Aware": true,
                          "Relation Name": "movie_companies",
                          "Alias": "mc",
                          "Startup Cost": 0.0,
                          "Total Cost": 31414.82,
                          "Plan Rows": 365173,
                          "Plan Width": 4,
                          "Actual Startup Time": 44.982,
                          "Actual Total Time": 79.142,
                          "Actual Rows": 189927,
                          "Actual Loops": 5,
                          "Filter": "((company_id < 83653) AND (company_type_id > 1))",
                          "Rows Removed by Filter": 331899
                        }
                      ]
                    }
                  ]
                }
              ]
            }
          ]
        }
      ]
    },
    "Planning Time": 0.661,
    "Triggers": [],
    "Execution Time": 430.727
  }
]