[
  {
    "Plan": {
      "Node Type": "Aggregate",
      "Strategy": "Plain",
      "Partial Mode": "Finalize",
      "Parallel Aware": false,
      "Startup Cost": 33853.74,
      "Total Cost": 33853.75,
      "Plan Rows": 1,
      "Plan Width": 8,
      "Actual Startup Time": 124.275,
      "Actual Total Time": 133.465,
      "Actual Rows": 1,
      "Actual Loops": 1,
      "Plans": [
        {
          "Node Type": "Gather",
          "Parent Relationship": "Outer",
          "Parallel Aware": false,
          "Startup Cost": 33853.42,
          "Total Cost": 33853.73,
          "Plan Rows": 3,
          "Plan Width": 8,
          "Actual Startup Time": 123.983,
          "Actual Total Time": 133.451,
          "Actual Rows": 4,
          "Actual Loops": 1,
          "Workers Planned": 3,
          "Workers Launched": 3,
          "Single Copy": false,
          "Plans": [
            {
              "Node Type": "Aggregate",
              "Strategy": "Plain",
              "Partial Mode": "Partial",
              "Parent Relationship": "Outer",
              "Parallel Aware": false,
              "Startup Cost": 32853.42,
              "Total Cost": 32853.43,
              "Plan Rows": 1,
              "Plan Width": 8,
              "Actual Startup Time": 116.911,
              "Actual Total Time": 116.913,
              "Actual Rows": 1,
              "Actual Loops": 4,
              "Plans": [
                {
                  "Node Type": "Bitmap Heap Scan",
                  "Parent Relationship": "Outer",
                  "Parallel Aware": true,
                  "Relation Name": "movie_keyword",
                  "Alias": "mk",
                  "Startup Cost": 6839.27,
                  "Total Cost": 32593.4,
                  "Plan Rows": 104010,
                  "Plan Width": 0,
                  "Actual Startup Time": 35.417,
                  "Actual Total Time": 109.655,
                  "Actual Rows": 80632,
                  "Actual Loops": 4,
                  "Recheck Cond": "(keyword_id > 50775)",
                  "Rows Removed by Index Recheck": 0,
                  "Exact Heap Blocks": 6228,
                  "Lossy Heap Blocks": 0,
                  "Plans": [
                    {
                      "Node Type": "Bitmap Index Scan",
                      "Parent Relationship": "Outer",
                      "Parallel Aware": false,
                      "Index Name": "keyword_id_movie_keyword",
                      "Startup Cost": 0.0,
                      "Total Cost": 6758.66,
                      "Plan Rows": 322431,
                      "Plan Width": 0,
                      "Actual Startup Time": 36.608,
                      "Actual Total Time": 36.608,
                      "Actual Rows": 322526,
                      "Actual Loops": 1,
                      "Index Cond": "(keyword_id > 50775)"
                    }
                  ]
                }
              ]
            }
          ]
        }
      ]
    },
    "Planning Time": 0.183,
    "Triggers": [],
    "Execution Time": 133.542
  }
]