[
  {
    "Plan": {
      "Node Type": "Aggregate",
      "Strategy": "Plain",
      "Partial Mode": "Finalize",
      "Parallel Aware": false,
      "Startup Cost": 80421.48,
      "Total Cost": 80421.49,
      "Plan Rows": 1,
      "Plan Width": 8,
      "Actual Startup Time": 245.925,
      "Actual Total Time": 262.593,
      "Actual Rows": 1,
      "Actual Loops": 1,
      "Plans": [
        {
          "Node Type": "Gather",
          "Parent Relationship": "Outer",
          "Parallel Aware": false,
          "Startup Cost": 80421.06,
          "Total Cost": 80421.47,
          "Plan Rows": 4,
          "Plan Width": 8,
          "Actual Startup Time": 244.676,
          "Actual Total Time": 262.582,
          "Actual Rows": 5,
          "Actual Loops": 1,
          "Workers Planned": 4,
          "Workers Launched": 4,
          "Single Copy": false,
          "Plans": [
            {
              "Node Type": "Aggregate",
              "Strategy": "Plain",
              "Partial Mode": "Partial",
              "Parent Relationship": "Outer",
              "Parallel Aware": false,
              "Startup Cost": 79421.06,
              "Total Cost": 79421.07,
              "Plan Rows": 1,
              "Plan Width": 8,
              "Actual Startup Time": 235.494,
              "Actual Total Time": 235.497,
              "Actual Rows": 1,
              "Actual Loops": 5,
              "Plans": [
                {
                  "Node Type": "Hash Join",
                  "Parent Relationship": "Outer",
                  "Parallel Aware": true,
                  "Join Type": "Inner",
                  "Startup Cost": 33279.87,
                  "Total Cost": 79131.98,
                  "Plan Rows": 115633,
                  "Plan Width": 0,
                  "Actual Startup Time": 86.048,
                  "Actual Total Time": 232.862,
                  "Actual Rows": 52849,
                  "Actual Loops": 5,
                  "Inner Unique": false,
                  "Hash Cond": "(t.id = mc.movie_id)",
                  "Plans": [
                    {
                      "Node Type": "Seq Scan",
                      "Parent Relationship": "Outer",
                      "Parallel Aware": true,
                      "Relation Name": "title",
                      "Alias": "t",
                      "Startup Cost": 0.0,
                      "Total Cost": 42318.73,
                      "Plan Rows": 632073,
                      "Plan Width": 4,
                      "Actual Startup Time": 0.01,
                      "Actual Total Time": 62.667,
                      "Actual Rows": 505662,
                      "Actual Loops": 5
                    },
                    {
                      "Node Type": "Hash",
                      "Parent Relationship": "Inner",
                      "Parallel Aware": true,
                      "Startup Cost": 31414.82,
                      "Total Cost": 31414.82,
                      "Plan Rows": 149204,
                      "Plan Width": 4,
                      "Actual Startup Time": 83.08,
                      "Actual Total Time": 83.081,
                      "Actual Rows": 52849,
                      "Actual Loops": 5,
                      "Hash Buckets": 524288,
                      "Original Hash Buckets": 524288,
                      "Hash Batches": 1,
                      "Original Hash Batches": 1,
                      "Peak Memory Usage": 14496,
                      "Plans": [
                        {
                          "Node Type": "Seq Scan",
                          "Parent Relationship": "Outer",
                          "Parallel Aware": true,
                          "Relation Name": "movie_companies",
                          "Alias": "mc",
                          "Startup Cost": 0.0,
                          "Total Cost": 31414.82,
                          "Plan Rows": 149204,
                          "Plan Width": 4,
                          "Actual Startup Time": 42.364,
                          "Actual Total Time": 66.734,
                          "Actual Rows": 52849,
                          "Actual Loops": 5,
                          "Filter": "((company_id < 3011) AND (company_type_id = 2))",
                          "Rows Removed by Filter": 468977
                        }
                      ]
                    }
                  ]
                }
              ]
            }
          ]
        }
      ]
    },
    "Planning Time": 0.662,
    "Triggers": [],
    "Execution Time": 262.671
  }
]