[
  {
    "Plan": {
      "Node Type": "Aggregate",
      "Strategy": "Plain",
      "Partial Mode": "Finalize",
      "Parallel Aware": false,
      "Startup Cost": 318087.88,
      "Total Cost": 318087.89,
      "Plan Rows": 1,
      "Plan Width": 8,
      "Actual Startup Time": 159.825,
      "Actual Total Time": 179.362,
      "Actual Rows": 1,
      "Actual Loops": 1,
      "Plans": [
        {
          "Node Type": "Gather",
          "Parent Relationship": "Outer",
          "Parallel Aware": false,
          "Startup Cost": 318087.46,
          "Total Cost": 318087.87,
          "Plan Rows": 4,
          "Plan Width": 8,
          "Actual Startup Time": 159.735,
          "Actual Total Time": 179.355,
          "Actual Rows": 5,
          "Actual Loops": 1,
          "Workers Planned": 4,
          "Workers Launched": 4,
          "Single Copy": false,
          "Plans": [
            {
              "Node Type": "Aggregate",
              "Strategy": "Plain",
              "Partial Mode": "Partial",
              "Parent Relationship": "Outer",
              "Parallel Aware": false,
              "Startup Cost": 317087.46,
              "Total Cost": 317087.47,
              "Plan Rows": 1,
              "Plan Width": 8,
              "Actual Startup Time": 154.029,
              "Actual Total Time": 154.03,
              "Actual Rows": 1,
              "Actual Loops": 5,
              "Plans": [
                {
                  "Node Type": "Nested Loop",
                  "Parent Relationship": "Outer",
                  "Parallel Aware": false,
                  "Join Type": "Inner",
                  "Startup Cost": 0.56,
                  "Total Cost": 316952.27,
                  "Plan Rows": 54078,
                  "Plan Width": 0,
                  "Actual Startup Time": 0.326,
                  "Actual Total Time": 151.148,
                  "Actual Rows": 35619,
                  "Actual Loops": 5,
                  "Inner Unique": false,
                  "Plans": [
                    {
                      "Node Type": "Seq Scan",
                      "Parent Relationship": "Outer",
                      "Parallel Aware": true,
                      "Relation Name": "title",
                      "Alias": "t",
                      "Startup Cost": 0.0,
                      "Total Cost": 43899.01,
                      "Plan Rows": 3772,
                      "Plan Width": 4,
                      "Actual Startup Time": 0.172,
                      "Actual Total Time": 53.209,
                      "Actual Rows": 2920,
                      "Actual Loops": 5,
                      "Filter": "(production_year = 1967)",
                      "Rows Removed by Filter": 502742
                    },
                    {
                      "Node Type": "Index Only Scan",
                      "Parent Relationship": "Inner",
                      "Parallel Aware": false,
                      "Scan Direction": "Forward",
                      "Index Name": "movie_id_cast_info",
                      "Relation Name": "cast_info",
                      "Alias": "ci",
                      "Startup Cost": 0.56,
                      "Total Cost": 72.01,
                      "Plan Rows": 38,
                      "Plan Width": 4,
                      "Actual Startup Time": 0.01,
                      "Actual Total Time": 0.032,
                      "Actual Rows": 12,
                      "Actual Loops": 14601,
                      "Index Cond": "(movie_id = t.id)",
                      "Rows Removed by Index Recheck": 0,
                      "Heap Fetches": 178097
                    }
                  ]
                }
              ]
            }
          ]
        }
      ]
    },
    "Planning Time": 0.214,
    "Triggers": [],
    "Execution Time": 179.395
  }
]