{
  "Plan": {
    "Node Type": "Aggregate",
    "Strategy": "Plain",
    "Partial Mode": "Finalize",
    "Parallel Aware": false,
    "Startup Cost": 127770.54,
    "Total Cost": 127770.55,
    "Plan Rows": 1,
    "Plan Width": 8,
    "Actual Startup Time": 583.319,
    "Actual Total Time": 600.977,
    "Actual Rows": 1,
    "Actual Loops": 1,
    "Plans": [
      {
        "Node Type": "Gather",
        "Parent Relationship": "Outer",
        "Parallel Aware": false,
        "Startup Cost": 127770.42,
        "Total Cost": 127770.53,
        "Plan Rows": 1,
        "Plan Width": 8,
        "Actual Startup Time": 581.637,
        "Actual Total Time": 600.969,
        "Actual Rows": 2,
        "Actual Loops": 1,
        "Workers Planned": 1,
        "Workers Launched": 1,
        "Single Copy": false,
        "Plans": [
          {
            "Node Type": "Aggregate",
            "Strategy": "Plain",
            "Partial Mode": "Partial",
            "Parent Relationship": "Outer",
            "Parallel Aware": false,
            "Startup Cost": 126770.42,
            "Total Cost": 126770.43,
            "Plan Rows": 1,
            "Plan Width": 8,
            "Actual Startup Time": 575.304,
            "Actual Total Time": 575.604,
            "Actual Rows": 1,
            "Actual Loops": 2,
            "Plans": [
              {
                "Node Type": "Hash Join",
                "Parent Relationship": "Outer",
                "Parallel Aware": true,
                "Join Type": "Inner",
                "Startup Cost": 82749.66,
                "Total Cost": 126599.51,
                "Plan Rows": 68366,
                "Plan Width": 0,
                "Actual Startup Time": 343.861,
                "Actual Total Time": 573.423,
                "Actual Rows": 53019,
                "Actual Loops": 2,
                "Inner Unique": false,
                "Hash Cond": "(mc.movie_id = t.id)",
                "Plans": [
                  {
                    "Node Type": "Seq Scan",
                    "Parent Relationship": "Outer",
                    "Parallel Aware": true,
                    "Relation Name": "movie_companies",
                    "Alias": "mc",
                    "Startup Cost": 0.0,
                    "Total Cost": 37974.77,
                    "Plan Rows": 1459448,
                    "Plan Width": 4,
                    "Actual Startup Time": 0.024,
                    "Actual Total Time": 127.049,
                    "Actual Rows": 1238903,
                    "Actual Loops": 2,
                    "Filter": "(company_id > 19)",
                    "Rows Removed by Filter": 65662
                  },
                  {
                    "Node Type": "Hash",
                    "Parent Relationship": "Inner",
                    "Parallel Aware": true,
                    "Startup Cost": 81878.82,
                    "Total Cost": 81878.82,
                    "Plan Rows": 69667,
                    "Plan Width": 8,
                    "Actual Startup Time": 340.934,
                    "Actual Total Time": 341.232,
                    "Actual Rows": 33088,
                    "Actual Loops": 2,
                    "Hash Buckets": 131072,
                    "Original Hash Buckets": 131072,
                    "Hash Batches": 1,
                    "Original Hash Batches": 1,
                    "Peak Memory Usage": 3648,
                    "Plans": [
                      {
                        "Node Type": "Hash Join",
                        "Parent Relationship": "Outer",
                        "Parallel Aware": true,
                        "Join Type": "Inner",
                        "Startup Cost": 63085.06,
                        "Total Cost": 81878.82,
                        "Plan Rows": 69667,
                        "Plan Width": 8,
                        "Actual Startup Time": 230.583,
                        "Actual Total Time": 334.649,
                        "Actual Rows": 33088,
                        "Actual Loops": 2,
                        "Inner Unique": true,
                        "Hash Cond": "(mi_idx.movie_id = t.id)",
                        "Plans": [
                          {
                            "Node Type": "Seq Scan",
                            "Parent Relationship": "Outer",
                            "Parallel Aware": true,
                            "Relation Name": "movie_info_idx",
                            "Alias": "mi_idx",
                            "Startup Cost": 0.0,
                            "Total Cost": 18082.32,
                            "Plan Rows": 271028,
                            "Plan Width": 4,
                            "Actual Startup Time": 0.019,
                            "Actual Total Time": 51.712,
                            "Actual Rows": 229962,
                            "Actual Loops": 2,
                            "Filter": "(info_type_id = 101)",
                            "Rows Removed by Filter": 460055
                          },
                          {
                            "Node Type": "Hash",
                            "Parent Relationship": "Inner",
                            "Parallel Aware": true,
                            "Startup Cost": 58306.47,
                            "Total Cost": 58306.47,
                            "Plan Rows": 382287,
                            "Plan Width": 4,
                            "Actual Startup Time": 223.049,
                            "Actual Total Time": 223.05,
                            "Actual Rows": 278398,
                            "Actual Loops": 2,
                            "Hash Buckets": 1048576,
                            "Original Hash Buckets": 1048576,
                            "Hash Batches": 1,
                            "Original Hash Batches": 1,
                            "Peak Memory Usage": 30016,
                            "Plans": [
                              {
                                "Node Type": "Seq Scan",
                                "Parent Relationship": "Outer",
                                "Parallel Aware": true,
                                "Relation Name": "title",
                                "Alias": "t",
                                "Startup Cost": 0.0,
                                "Total Cost": 58306.47,
                                "Plan Rows": 382287,
                                "Plan Width": 4,
                                "Actual Startup Time": 0.032,
                                "Actual Total Time": 151.475,
                                "Actual Rows": 278398,
                                "Actual Loops": 2,
                                "Filter": "((production_year < 2001) AND (kind_id = 7))",
                                "Rows Removed by Filter": 985758
                              }
                            ]
                          }
                        ]
                      }
                    ]
                  }
                ]
              }
            ]
          }
        ]
      }
    ]
  },
  "Planning Time": 1.105,
  "Triggers": [],
  "Execution Time": 601.061
}