[
  {
    "Plan": {
      "Node Type": "Aggregate",
      "Strategy": "Plain",
      "Partial Mode": "Finalize",
      "Parallel Aware": false,
      "Startup Cost": 44760.66,
      "Total Cost": 44760.67,
      "Plan Rows": 1,
      "Plan Width": 8,
      "Actual Startup Time": 131.182,
      "Actual Total Time": 138.262,
      "Actual Rows": 1,
      "Actual Loops": 1,
      "Plans": [
        {
          "Node Type": "Gather",
          "Parent Relationship": "Outer",
          "Parallel Aware": false,
          "Startup Cost": 44760.34,
          "Total Cost": 44760.65,
          "Plan Rows": 3,
          "Plan Width": 8,
          "Actual Startup Time": 131.084,
          "Actual Total Time": 138.255,
          "Actual Rows": 4,
          "Actual Loops": 1,
          "Workers Planned": 3,
          "Workers Launched": 3,
          "Single Copy": false,
          "Plans": [
            {
              "Node Type": "Aggregate",
              "Strategy": "Plain",
              "Partial Mode": "Partial",
              "Parent Relationship": "Outer",
              "Parallel Aware": false,
              "Startup Cost": 43760.34,
              "Total Cost": 43760.35,
              "Plan Rows": 1,
              "Plan Width": 8,
              "Actual Startup Time": 122.56,
              "Actual Total Time": 122.561,
              "Actual Rows": 1,
              "Actual Loops": 4,
              "Plans": [
                {
                  "Node Type": "Seq Scan",
                  "Parent Relationship": "Outer",
                  "Parallel Aware": true,
                  "Relation Name": "movie_keyword",
                  "Alias": "mk",
                  "Startup Cost": 0.0,
                  "Total Cost": 42695.65,
                  "Plan Rows": 425875,
                  "Plan Width": 0,
                  "Actual Startup Time": 2.209,
                  "Actual Total Time": 106.003,
                  "Actual Rows": 331651,
                  "Actual Loops": 4,
                  "Filter": "(keyword_id > 13021)",
                  "Rows Removed by Filter": 799332
                }
              ]
            }
          ]
        }
      ]
    },
    "Planning Time": 0.191,
    "Triggers": [],
    "Execution Time": 138.328
  }
]