[
  {
    "Plan": {
      "Node Type": "Aggregate",
      "Strategy": "Plain",
      "Partial Mode": "Finalize",
      "Parallel Aware": false,
      "Startup Cost": 77636.37,
      "Total Cost": 77636.38,
      "Plan Rows": 1,
      "Plan Width": 8,
      "Actual Startup Time": 225.434,
      "Actual Total Time": 242.289,
      "Actual Rows": 1,
      "Actual Loops": 1,
      "Plans": [
        {
          "Node Type": "Gather",
          "Parent Relationship": "Outer",
          "Parallel Aware": false,
          "Startup Cost": 77636.05,
          "Total Cost": 77636.36,
          "Plan Rows": 3,
          "Plan Width": 8,
          "Actual Startup Time": 224.687,
          "Actual Total Time": 242.28,
          "Actual Rows": 4,
          "Actual Loops": 1,
          "Workers Planned": 3,
          "Workers Launched": 3,
          "Single Copy": false,
          "Plans": [
            {
              "Node Type": "Aggregate",
              "Strategy": "Plain",
              "Partial Mode": "Partial",
              "Parent Relationship": "Outer",
              "Parallel Aware": false,
              "Startup Cost": 76636.05,
              "Total Cost": 76636.06,
              "Plan Rows": 1,
              "Plan Width": 8,
              "Actual Startup Time": 217.716,
              "Actual Total Time": 217.719,
              "Actual Rows": 1,
              "Actual Loops": 4,
              "Plans": [
                {
                  "Node Type": "Hash Join",
                  "Parent Relationship": "Outer",
                  "Parallel Aware": true,
                  "Join Type": "Inner",
                  "Startup Cost": 46023.75,
                  "Total Cost": 76555.86,
                  "Plan Rows": 32076,
                  "Plan Width": 0,
                  "Actual Startup Time": 134.404,
                  "Actual Total Time": 216.946,
                  "Actual Rows": 17076,
                  "Actual Loops": 4,
                  "Inner Unique": true,
                  "Hash Cond": "(mc.movie_id = t.id)",
                  "Plans": [
                    {
                      "Node Type": "Seq Scan",
                      "Parent Relationship": "Outer",
                      "Parallel Aware": true,
                      "Relation Name": "movie_companies",
                      "Alias": "mc",
                      "Startup Cost": 0.0,
                      "Total Cost": 29310.68,
                      "Plan Rows": 465308,
                      "Plan Width": 4,
                      "Actual Startup Time": 0.018,
                      "Actual Total Time": 64.831,
                      "Actual Rows": 359870,
                      "Actual Loops": 4,
                      "Filter": "(company_id < 12823)",
                      "Rows Removed by Filter": 292412
                    },
                    {
                      "Node Type": "Hash",
                      "Parent Relationship": "Inner",
                      "Parallel Aware": true,
                      "Startup Cost": 45479.1,
                      "Total Cost": 45479.1,
                      "Plan Rows": 43572,
                      "Plan Width": 4,
                      "Actual Startup Time": 105.994,
                      "Actual Total Time": 105.995,
                      "Actual Rows": 40072,
                      "Actual Loops": 4,
                      "Hash Buckets": 262144,
                      "Original Hash Buckets": 262144,
                      "Hash Batches": 1,
                      "Original Hash Batches": 1,
                      "Peak Memory Usage": 8384,
                      "Plans": [
                        {
                          "Node Type": "Seq Scan",
                          "Parent Relationship": "Outer",
                          "Parallel Aware": true,
                          "Relation Name": "title",
                          "Alias": "t",
                          "Startup Cost": 0.0,
                          "Total Cost": 45479.1,
                          "Plan Rows": 43572,
                          "Plan Width": 4,
                          "Actual Startup Time": 44.861,
                          "Actual Total Time": 93.722,
                          "Actual Rows": 40072,
                          "Actual Loops": 4,
                          "Filter": "((production_year > 2008) AND (kind_id = 1))",
                          "Rows Removed by Filter": 592006
                        }
                      ]
                    }
                  ]
                }
              ]
            }
          ]
        }
      ]
    },
    "Planning Time": 0.654,
    "Triggers": [],
    "Execution Time": 242.359
  }
]