[
  {
    "Plan": {
      "Node Type": "Aggregate",
      "Strategy": "Plain",
      "Partial Mode": "Finalize",
      "Parallel Aware": false,
      "Startup Cost": 33282.26,
      "Total Cost": 33282.27,
      "Plan Rows": 1,
      "Plan Width": 8,
      "Actual Startup Time": 93.062,
      "Actual Total Time": 101.025,
      "Actual Rows": 1,
      "Actual Loops": 1,
      "Plans": [
        {
          "Node Type": "Gather",
          "Parent Relationship": "Outer",
          "Parallel Aware": false,
          "Startup Cost": 33281.95,
          "Total Cost": 33282.26,
          "Plan Rows": 3,
          "Plan Width": 8,
          "Actual Startup Time": 92.929,
          "Actual Total Time": 101.017,
          "Actual Rows": 4,
          "Actual Loops": 1,
          "Workers Planned": 3,
          "Workers Launched": 3,
          "Single Copy": false,
          "Plans": [
            {
              "Node Type": "Aggregate",
              "Strategy": "Plain",
              "Partial Mode": "Partial",
              "Parent Relationship": "Outer",
              "Parallel Aware": false,
              "Startup Cost": 32281.95,
              "Total Cost": 32281.96,
              "Plan Rows": 1,
              "Plan Width": 8,
              "Actual Startup Time": 87.842,
              "Actual Total Time": 87.843,
              "Actual Rows": 1,
              "Actual Loops": 4,
              "Plans": [
                {
                  "Node Type": "Seq Scan",
                  "Parent Relationship": "Outer",
                  "Parallel Aware": true,
                  "Relation Name": "movie_companies",
                  "Alias": "mc",
                  "Startup Cost": 0.0,
                  "Total Cost": 31414.82,
                  "Plan Rows": 346851,
                  "Plan Width": 0,
                  "Actual Startup Time": 39.993,
                  "Actual Total Time": 78.038,
                  "Actual Rows": 207988,
                  "Actual Loops": 4,
                  "Filter": "((company_id < 74105) AND (company_type_id = 2))",
                  "Rows Removed by Filter": 444294
                }
              ]
            }
          ]
        }
      ]
    },
    "Planning Time": 0.13,
    "Triggers": [],
    "Execution Time": 101.059
  }
]