[
  {
    "Plan": {
      "Node Type": "Aggregate",
      "Strategy": "Plain",
      "Partial Mode": "Finalize",
      "Parallel Aware": false,
      "Startup Cost": 33280.95,
      "Total Cost": 33280.96,
      "Plan Rows": 1,
      "Plan Width": 8,
      "Actual Startup Time": 95.624,
      "Actual Total Time": 103.202,
      "Actual Rows": 1,
      "Actual Loops": 1,
      "Plans": [
        {
          "Node Type": "Gather",
          "Parent Relationship": "Outer",
          "Parallel Aware": false,
          "Startup Cost": 33280.63,
          "Total Cost": 33280.94,
          "Plan Rows": 3,
          "Plan Width": 8,
          "Actual Startup Time": 95.525,
          "Actual Total Time": 103.194,
          "Actual Rows": 4,
          "Actual Loops": 1,
          "Workers Planned": 3,
          "Workers Launched": 3,
          "Single Copy": false,
          "Plans": [
            {
              "Node Type": "Aggregate",
              "Strategy": "Plain",
              "Partial Mode": "Partial",
              "Parent Relationship": "Outer",
              "Parallel Aware": false,
              "Startup Cost": 32280.63,
              "Total Cost": 32280.64,
              "Plan Rows": 1,
              "Plan Width": 8,
              "Actual Startup Time": 88.629,
              "Actual Total Time": 88.63,
              "Actual Rows": 1,
              "Actual Loops": 4,
              "Plans": [
                {
                  "Node Type": "Seq Scan",
                  "Parent Relationship": "Outer",
                  "Parallel Aware": true,
                  "Relation Name": "movie_companies",
                  "Alias": "mc",
                  "Startup Cost": 0.0,
                  "Total Cost": 31414.82,
                  "Plan Rows": 346326,
                  "Plan Width": 0,
                  "Actual Startup Time": 47.287,
                  "Actual Total Time": 80.673,
                  "Actual Rows": 207988,
                  "Actual Loops": 4,
                  "Filter": "((company_id < 74105) AND (company_type_id = 2))",
                  "Rows Removed by Filter": 444294
                }
              ]
            }
          ]
        }
      ]
    },
    "Planning Time": 0.217,
    "Triggers": [],
    "Execution Time": 103.257
  }
]