[
  {
    "Plan": {
      "Node Type": "Aggregate",
      "Strategy": "Plain",
      "Partial Mode": "Finalize",
      "Parallel Aware": false,
      "Startup Cost": 231244.92,
      "Total Cost": 231244.93,
      "Plan Rows": 1,
      "Plan Width": 8,
      "Actual Startup Time": 167.872,
      "Actual Total Time": 194.89,
      "Actual Rows": 1,
      "Actual Loops": 1,
      "Plans": [
        {
          "Node Type": "Gather",
          "Parent Relationship": "Outer",
          "Parallel Aware": false,
          "Startup Cost": 231244.5,
          "Total Cost": 231244.91,
          "Plan Rows": 4,
          "Plan Width": 8,
          "Actual Startup Time": 167.629,
          "Actual Total Time": 194.882,
          "Actual Rows": 5,
          "Actual Loops": 1,
          "Workers Planned": 4,
          "Workers Launched": 4,
          "Single Copy": false,
          "Plans": [
            {
              "Node Type": "Aggregate",
              "Strategy": "Plain",
              "Partial Mode": "Partial",
              "Parent Relationship": "Outer",
              "Parallel Aware": false,
              "Startup Cost": 230244.5,
              "Total Cost": 230244.51,
              "Plan Rows": 1,
              "Plan Width": 8,
              "Actual Startup Time": 157.756,
              "Actual Total Time": 157.758,
              "Actual Rows": 1,
              "Actual Loops": 5,
              "Plans": [
                {
                  "Node Type": "Nested Loop",
                  "Parent Relationship": "Outer",
                  "Parallel Aware": false,
                  "Join Type": "Inner",
                  "Startup Cost": 0.43,
                  "Total Cost": 230237.83,
                  "Plan Rows": 2669,
                  "Plan Width": 0,
                  "Actual Startup Time": 1.032,
                  "Actual Total Time": 157.389,
                  "Actual Rows": 2901,
                  "Actual Loops": 5,
                  "Inner Unique": false,
                  "Plans": [
                    {
                      "Node Type": "Seq Scan",
                      "Parent Relationship": "Outer",
                      "Parallel Aware": true,
                      "Relation Name": "title",
                      "Alias": "t",
                      "Startup Cost": 0.0,
                      "Total Cost": 45479.1,
                      "Plan Rows": 5354,
                      "Plan Width": 4,
                      "Actual Startup Time": 0.461,
                      "Actual Total Time": 72.994,
                      "Actual Rows": 3158,
                      "Actual Loops": 5,
                      "Filter": "((kind_id < 7) AND (production_year = 1999))",
                      "Rows Removed by Filter": 502504
                    },
                    {
                      "Node Type": "Index Scan",
                      "Parent Relationship": "Inner",
                      "Parallel Aware": false,
                      "Scan Direction": "Forward",
                      "Index Name": "movie_id_movie_info",
                      "Relation Name": "movie_info",
                      "Alias": "mi",
                      "Startup Cost": 0.43,
                      "Total Cost": 34.47,
                      "Plan Rows": 4,
                      "Plan Width": 4,
                      "Actual Startup Time": 0.022,
                      "Actual Total Time": 0.026,
                      "Actual Rows": 1,
                      "Actual Loops": 15791,
                      "Index Cond": "(movie_id = t.id)",
                      "Rows Removed by Index Recheck": 0,
                      "Filter": "(info_type_id = 2)",
                      "Rows Removed by Filter": 11
                    }
                  ]
                }
              ]
            }
          ]
        }
      ]
    },
    "Planning Time": 0.58,
    "Triggers": [],
    "Execution Time": 194.961
  }
]