[
  {
    "Plan": {
      "Node Type": "Aggregate",
      "Strategy": "Plain",
      "Partial Mode": "Finalize",
      "Parallel Aware": false,
      "Startup Cost": 395841.54,
      "Total Cost": 395841.55,
      "Plan Rows": 1,
      "Plan Width": 8,
      "Actual Startup Time": 931.054,
      "Actual Total Time": 989.098,
      "Actual Rows": 1,
      "Actual Loops": 1,
      "Plans": [
        {
          "Node Type": "Gather",
          "Parent Relationship": "Outer",
          "Parallel Aware": false,
          "Startup Cost": 395840.92,
          "Total Cost": 395841.53,
          "Plan Rows": 6,
          "Plan Width": 8,
          "Actual Startup Time": 915.24,
          "Actual Total Time": 989.083,
          "Actual Rows": 7,
          "Actual Loops": 1,
          "Workers Planned": 6,
          "Workers Launched": 6,
          "Single Copy": false,
          "Plans": [
            {
              "Node Type": "Aggregate",
              "Strategy": "Plain",
              "Partial Mode": "Partial",
              "Parent Relationship": "Outer",
              "Parallel Aware": false,
              "Startup Cost": 394840.92,
              "Total Cost": 394840.93,
              "Plan Rows": 1,
              "Plan Width": 8,
              "Actual Startup Time": 899.389,
              "Actual Total Time": 899.392,
              "Actual Rows": 1,
              "Actual Loops": 7,
              "Plans": [
                {
                  "Node Type": "Hash Join",
                  "Parent Relationship": "Outer",
                  "Parallel Aware": true,
                  "Join Type": "Inner",
                  "Startup Cost": 49457.33,
                  "Total Cost": 393987.74,
                  "Plan Rows": 341272,
                  "Plan Width": 0,
                  "Actual Startup Time": 421.153,
                  "Actual Total Time": 893.141,
                  "Actual Rows": 133434,
                  "Actual Loops": 7,
                  "Inner Unique": true,
                  "Hash Cond": "(ci.movie_id = t.id)",
                  "Plans": [
                    {
                      "Node Type": "Seq Scan",
                      "Parent Relationship": "Outer",
                      "Parallel Aware": true,
                      "Relation Name": "cast_info",
                      "Alias": "ci",
                      "Startup Cost": 0.0,
                      "Total Cost": 343257.03,
                      "Plan Rows": 485096,
                      "Plan Width": 4,
                      "Actual Startup Time": 208.69,
                      "Actual Total Time": 585.38,
                      "Actual Rows": 180384,
                      "Actual Loops": 7,
                      "Filter": "((person_id < 438746) AND (role_id > 1))",
                      "Rows Removed by Filter": 4997379
                    },
                    {
                      "Node Type": "Hash",
                      "Parent Relationship": "Inner",
                      "Parallel Aware": true,
                      "Startup Cost": 43898.92,
                      "Total Cost": 43898.92,
                      "Plan Rows": 444673,
                      "Plan Width": 4,
                      "Actual Startup Time": 207.25,
                      "Actual Total Time": 207.251,
                      "Actual Rows": 253153,
                      "Actual Loops": 7,
                      "Hash Buckets": 2097152,
                      "Original Hash Buckets": 2097152,
                      "Hash Batches": 1,
                      "Original Hash Batches": 1,
                      "Peak Memory Usage": 85824,
                      "Plans": [
                        {
                          "Node Type": "Seq Scan",
                          "Parent Relationship": "Outer",
                          "Parallel Aware": true,
                          "Relation Name": "title",
                          "Alias": "t",
                          "Startup Cost": 0.0,
                          "Total Cost": 43898.92,
                          "Plan Rows": 444673,
                          "Plan Width": 4,
                          "Actual Startup Time": 0.04,
                          "Actual Total Time": 82.626,
                          "Actual Rows": 253153,
                          "Actual Loops": 7,
                          "Filter": "(production_year > 1989)",
                          "Rows Removed by Filter": 108034
                        }
                      ]
                    }
                  ]
                }
              ]
            }
          ]
        }
      ]
    },
    "Planning Time": 0.637,
    "Triggers": [],
    "Execution Time": 989.188
  }
]