[
  {
    "Plan": {
      "Node Type": "Aggregate",
      "Strategy": "Plain",
      "Partial Mode": "Finalize",
      "Parallel Aware": false,
      "Startup Cost": 32056.83,
      "Total Cost": 32056.84,
      "Plan Rows": 1,
      "Plan Width": 8,
      "Actual Startup Time": 72.13,
      "Actual Total Time": 77.397,
      "Actual Rows": 1,
      "Actual Loops": 1,
      "Plans": [
        {
          "Node Type": "Gather",
          "Parent Relationship": "Outer",
          "Parallel Aware": false,
          "Startup Cost": 32056.51,
          "Total Cost": 32056.82,
          "Plan Rows": 3,
          "Plan Width": 8,
          "Actual Startup Time": 71.966,
          "Actual Total Time": 77.39,
          "Actual Rows": 4,
          "Actual Loops": 1,
          "Workers Planned": 3,
          "Workers Launched": 3,
          "Single Copy": false,
          "Plans": [
            {
              "Node Type": "Aggregate",
              "Strategy": "Plain",
              "Partial Mode": "Partial",
              "Parent Relationship": "Outer",
              "Parallel Aware": false,
              "Startup Cost": 31056.51,
              "Total Cost": 31056.52,
              "Plan Rows": 1,
              "Plan Width": 8,
              "Actual Startup Time": 66.349,
              "Actual Total Time": 66.35,
              "Actual Rows": 1,
              "Actual Loops": 4,
              "Plans": [
                {
                  "Node Type": "Bitmap Heap Scan",
                  "Parent Relationship": "Outer",
                  "Parallel Aware": true,
                  "Relation Name": "movie_companies",
                  "Alias": "mc",
                  "Startup Cost": 9863.38,
                  "Total Cost": 30867.89,
                  "Plan Rows": 75451,
                  "Plan Width": 0,
                  "Actual Startup Time": 20.448,
                  "Actual Total Time": 59.408,
                  "Actual Rows": 113944,
                  "Actual Loops": 4,
                  "Recheck Cond": "(company_id > 76844)",
                  "Rows Removed by Index Recheck": 0,
                  "Filter": "(company_type_id > 1)",
                  "Rows Removed by Filter": 0,
                  "Exact Heap Blocks": 3274,
                  "Lossy Heap Blocks": 0,
                  "Plans": [
                    {
                      "Node Type": "Bitmap Index Scan",
                      "Parent Relationship": "Outer",
                      "Parallel Aware": false,
                      "Index Name": "company_id_movie_companies",
                      "Startup Cost": 0.0,
                      "Total Cost": 9804.91,
                      "Plan Rows": 457664,
                      "Plan Width": 0,
                      "Actual Startup Time": 24.74,
                      "Actual Total Time": 24.741,
                      "Actual Rows": 455776,
                      "Actual Loops": 1,
                      "Index Cond": "(company_id > 76844)"
                    }
                  ]
                }
              ]
            }
          ]
        }
      ]
    },
    "Planning Time": 0.206,
    "Triggers": [],
    "Execution Time": 77.47
  }
]