{
    "Plan": {
        "Node Type": "Aggregate",
        "Strategy": "Plain",
        "Partial Mode": "Finalize",
        "Parallel Aware": false,
        "Startup Cost": 93161.87,
        "Total Cost": 93161.88,
        "Plan Rows": 1,
        "Plan Width": 8,
        "Actual Startup Time": 209.133,
        "Actual Total Time": 226.903,
        "Actual Rows": 1,
        "Actual Loops": 1,
        "Output": [
            "count(*)"
        ],
        "Plans": [
            {
                "Node Type": "Gather",
                "Parent Relationship": "Outer",
                "Parallel Aware": false,
                "Startup Cost": 93161.55,
                "Total Cost": 93161.86,
                "Plan Rows": 3,
                "Plan Width": 8,
                "Actual Startup Time": 208.99,
                "Actual Total Time": 226.893,
                "Actual Rows": 4,
                "Actual Loops": 1,
                "Output": [
                    "(PARTIAL count(*))"
                ],
                "Workers Planned": 3,
                "Workers Launched": 3,
                "Single Copy": false,
                "Plans": [
                    {
                        "Node Type": "Aggregate",
                        "Strategy": "Plain",
                        "Partial Mode": "Partial",
                        "Parent Relationship": "Outer",
                        "Parallel Aware": false,
                        "Startup Cost": 92161.55,
                        "Total Cost": 92161.56,
                        "Plan Rows": 1,
                        "Plan Width": 8,
                        "Actual Startup Time": 199.622,
                        "Actual Total Time": 199.625,
                        "Actual Rows": 1,
                        "Actual Loops": 4,
                        "Output": [
                            "PARTIAL count(*)"
                        ],
                        "Workers": [
                            {
                                "Worker Number": 0,
                                "Actual Startup Time": 196.594,
                                "Actual Total Time": 196.597,
                                "Actual Rows": 1,
                                "Actual Loops": 1
                            },
                            {
                                "Worker Number": 1,
                                "Actual Startup Time": 196.791,
                                "Actual Total Time": 196.793,
                                "Actual Rows": 1,
                                "Actual Loops": 1
                            },
                            {
                                "Worker Number": 2,
                                "Actual Startup Time": 196.87,
                                "Actual Total Time": 196.874,
                                "Actual Rows": 1,
                                "Actual Loops": 1
                            }
                        ],
                        "Plans": [
                            {
                                "Node Type": "Nested Loop",
                                "Parent Relationship": "Outer",
                                "Parallel Aware": false,
                                "Join Type": "Inner",
                                "Startup Cost": 0.86,
                                "Total Cost": 92117.94,
                                "Plan Rows": 17446,
                                "Plan Width": 0,
                                "Actual Startup Time": 0.451,
                                "Actual Total Time": 197.152,
                                "Actual Rows": 39763,
                                "Actual Loops": 4,
                                "Inner Unique": false,
                                "Workers": [
                                    {
                                        "Worker Number": 0,
                                        "Actual Startup Time": 0.556,
                                        "Actual Total Time": 194.409,
                                        "Actual Rows": 26101,
                                        "Actual Loops": 1
                                    },
                                    {
                                        "Worker Number": 1,
                                        "Actual Startup Time": 0.589,
                                        "Actual Total Time": 194.471,
                                        "Actual Rows": 40622,
                                        "Actual Loops": 1
                                    },
                                    {
                                        "Worker Number": 2,
                                        "Actual Startup Time": 0.595,
                                        "Actual Total Time": 194.683,
                                        "Actual Rows": 39911,
                                        "Actual Loops": 1
                                    }
                                ],
                                "Plans": [
                                    {
                                        "Node Type": "Nested Loop",
                                        "Parent Relationship": "Outer",
                                        "Parallel Aware": false,
                                        "Join Type": "Inner",
                                        "Startup Cost": 0.43,
                                        "Total Cost": 74863.1,
                                        "Plan Rows": 9750,
                                        "Plan Width": 8,
                                        "Actual Startup Time": 0.213,
                                        "Actual Total Time": 136.674,
                                        "Actual Rows": 13874,
                                        "Actual Loops": 4,
                                        "Output": [
                                            "t.id",
                                            "mc.movie_id"
                                        ],
                                        "Inner Unique": true,
                                        "Workers": [
                                            {
                                                "Worker Number": 0,
                                                "Actual Startup Time": 0.254,
                                                "Actual Total Time": 136.219,
                                                "Actual Rows": 9547,
                                                "Actual Loops": 1
                                            },
                                            {
                                                "Worker Number": 1,
                                                "Actual Startup Time": 0.274,
                                                "Actual Total Time": 134.476,
                                                "Actual Rows": 13181,
                                                "Actual Loops": 1
                                            },
                                            {
                                                "Worker Number": 2,
                                                "Actual Startup Time": 0.273,
                                                "Actual Total Time": 135.312,
                                                "Actual Rows": 13358,
                                                "Actual Loops": 1
                                            }
                                        ],
                                        "Plans": [
                                            {
                                                "Node Type": "Seq Scan",
                                                "Parent Relationship": "Outer",
                                                "Parallel Aware": true,
                                                "Relation Name": "movie_companies",
                                                "Schema": "public",
                                                "Alias": "mc",
                                                "Startup Cost": 0.0,
                                                "Total Cost": 31414.82,
                                                "Plan Rows": 9750,
                                                "Plan Width": 4,
                                                "Actual Startup Time": 0.039,
                                                "Actual Total Time": 63.946,
                                                "Actual Rows": 13874,
                                                "Actual Loops": 4,
                                                "Output": [
                                                    "mc.id",
                                                    "mc.movie_id",
                                                    "mc.company_id",
                                                    "mc.company_type_id",
                                                    "mc.note"
                                                ],
                                                "Filter": "((mc.company_type_id < 2) AND (mc.company_id = 6))",
                                                "Rows Removed by Filter": 638408,
                                                "Workers": [
                                                    {
                                                        "Worker Number": 0,
                                                        "Actual Startup Time": 0.041,
                                                        "Actual Total Time": 61.028,
                                                        "Actual Rows": 9547,
                                                        "Actual Loops": 1
                                                    },
                                                    {
                                                        "Worker Number": 1,
                                                        "Actual Startup Time": 0.051,
                                                        "Actual Total Time": 60.86,
                                                        "Actual Rows": 13181,
                                                        "Actual Loops": 1
                                                    },
                                                    {
                                                        "Worker Number": 2,
                                                        "Actual Startup Time": 0.044,
                                                        "Actual Total Time": 60.773,
                                                        "Actual Rows": 13358,
                                                        "Actual Loops": 1
                                                    }
                                                ]
                                            },
                                            {
                                                "Node Type": "Index Only Scan",
                                                "Parent Relationship": "Inner",
                                                "Parallel Aware": false,
                                                "Scan Direction": "Forward",
                                                "Index Name": "title_pkey",
                                                "Relation Name": "title",
                                                "Schema": "public",
                                                "Alias": "t",
                                                "Startup Cost": 0.43,
                                                "Total Cost": 4.46,
                                                "Plan Rows": 1,
                                                "Plan Width": 4,
                                                "Actual Startup Time": 0.005,
                                                "Actual Total Time": 0.005,
                                                "Actual Rows": 1,
                                                "Actual Loops": 55497,
                                                "Output": [
                                                    "t.id"
                                                ],
                                                "Index Cond": "(t.id = mc.movie_id)",
                                                "Rows Removed by Index Recheck": 0,
                                                "Heap Fetches": 55497,
                                                "Workers": [
                                                    {
                                                        "Worker Number": 0,
                                                        "Actual Startup Time": 0.007,
                                                        "Actual Total Time": 0.007,
                                                        "Actual Rows": 1,
                                                        "Actual Loops": 9547
                                                    },
                                                    {
                                                        "Worker Number": 1,
                                                        "Actual Startup Time": 0.005,
                                                        "Actual Total Time": 0.005,
                                                        "Actual Rows": 1,
                                                        "Actual Loops": 13181
                                                    },
                                                    {
                                                        "Worker Number": 2,
                                                        "Actual Startup Time": 0.005,
                                                        "Actual Total Time": 0.005,
                                                        "Actual Rows": 1,
                                                        "Actual Loops": 13358
                                                    }
                                                ]
                                            }
                                        ]
                                    },
                                    {
                                        "Node Type": "Index Only Scan",
                                        "Parent Relationship": "Inner",
                                        "Parallel Aware": false,
                                        "Scan Direction": "Forward",
                                        "Index Name": "movie_id_movie_keyword",
                                        "Relation Name": "movie_keyword",
                                        "Schema": "public",
                                        "Alias": "mk",
                                        "Startup Cost": 0.43,
                                        "Total Cost": 1.31,
                                        "Plan Rows": 46,
                                        "Plan Width": 4,
                                        "Actual Startup Time": 0.003,
                                        "Actual Total Time": 0.004,
                                        "Actual Rows": 3,
                                        "Actual Loops": 55497,
                                        "Output": [
                                            "mk.movie_id"
                                        ],
                                        "Index Cond": "(mk.movie_id = t.id)",
                                        "Rows Removed by Index Recheck": 0,
                                        "Heap Fetches": 159053,
                                        "Workers": [
                                            {
                                                "Worker Number": 0,
                                                "Actual Startup Time": 0.005,
                                                "Actual Total Time": 0.005,
                                                "Actual Rows": 3,
                                                "Actual Loops": 9547
                                            },
                                            {
                                                "Worker Number": 1,
                                                "Actual Startup Time": 0.003,
                                                "Actual Total Time": 0.004,
                                                "Actual Rows": 3,
                                                "Actual Loops": 13181
                                            },
                                            {
                                                "Worker Number": 2,
                                                "Actual Startup Time": 0.003,
                                                "Actual Total Time": 0.004,
                                                "Actual Rows": 3,
                                                "Actual Loops": 13358
                                            }
                                        ]
                                    }
                                ]
                            }
                        ]
                    }
                ]
            }
        ]
    },
    "Planning Time": 1.591,
    "Triggers": [],
    "Execution Time": 226.995
}