[
  {
    "Plan": {
      "Node Type": "Aggregate",
      "Strategy": "Plain",
      "Partial Mode": "Finalize",
      "Parallel Aware": false,
      "Startup Cost": 45446.44,
      "Total Cost": 45446.45,
      "Plan Rows": 1,
      "Plan Width": 8,
      "Actual Startup Time": 150.909,
      "Actual Total Time": 160.795,
      "Actual Rows": 1,
      "Actual Loops": 1,
      "Plans": [
        {
          "Node Type": "Gather",
          "Parent Relationship": "Outer",
          "Parallel Aware": false,
          "Startup Cost": 45446.12,
          "Total Cost": 45446.43,
          "Plan Rows": 3,
          "Plan Width": 8,
          "Actual Startup Time": 150.783,
          "Actual Total Time": 160.785,
          "Actual Rows": 4,
          "Actual Loops": 1,
          "Workers Planned": 3,
          "Workers Launched": 3,
          "Single Copy": false,
          "Plans": [
            {
              "Node Type": "Aggregate",
              "Strategy": "Plain",
              "Partial Mode": "Partial",
              "Parent Relationship": "Outer",
              "Parallel Aware": false,
              "Startup Cost": 44446.12,
              "Total Cost": 44446.13,
              "Plan Rows": 1,
              "Plan Width": 8,
              "Actual Startup Time": 142.655,
              "Actual Total Time": 142.656,
              "Actual Rows": 1,
              "Actual Loops": 4,
              "Plans": [
                {
                  "Node Type": "Seq Scan",
                  "Parent Relationship": "Outer",
                  "Parallel Aware": true,
                  "Relation Name": "movie_keyword",
                  "Alias": "mk",
                  "Startup Cost": 0.0,
                  "Total Cost": 42695.65,
                  "Plan Rows": 700186,
                  "Plan Width": 0,
                  "Actual Startup Time": 0.791,
                  "Actual Total Time": 116.771,
                  "Actual Rows": 543081,
                  "Actual Loops": 4,
                  "Filter": "(keyword_id > 5269)",
                  "Rows Removed by Filter": 587902
                }
              ]
            }
          ]
        }
      ]
    },
    "Planning Time": 0.207,
    "Triggers": [],
    "Execution Time": 160.858
  }
]