[
  {
    "Plan": {
      "Node Type": "Aggregate",
      "Strategy": "Plain",
      "Partial Mode": "Finalize",
      "Parallel Aware": false,
      "Startup Cost": 333900.91,
      "Total Cost": 333900.92,
      "Plan Rows": 1,
      "Plan Width": 8,
      "Actual Startup Time": 757.286,
      "Actual Total Time": 804.627,
      "Actual Rows": 1,
      "Actual Loops": 1,
      "Plans": [
        {
          "Node Type": "Gather",
          "Parent Relationship": "Outer",
          "Parallel Aware": false,
          "Startup Cost": 333900.28,
          "Total Cost": 333900.89,
          "Plan Rows": 6,
          "Plan Width": 8,
          "Actual Startup Time": 757.106,
          "Actual Total Time": 804.613,
          "Actual Rows": 7,
          "Actual Loops": 1,
          "Workers Planned": 6,
          "Workers Launched": 6,
          "Single Copy": false,
          "Plans": [
            {
              "Node Type": "Aggregate",
              "Strategy": "Plain",
              "Partial Mode": "Partial",
              "Parent Relationship": "Outer",
              "Parallel Aware": false,
              "Startup Cost": 332900.28,
              "Total Cost": 332900.29,
              "Plan Rows": 1,
              "Plan Width": 8,
              "Actual Startup Time": 748.711,
              "Actual Total Time": 748.715,
              "Actual Rows": 1,
              "Actual Loops": 7,
              "Plans": [
                {
                  "Node Type": "Seq Scan",
                  "Parent Relationship": "Outer",
                  "Parallel Aware": true,
                  "Relation Name": "cast_info",
                  "Alias": "ci",
                  "Startup Cost": 0.0,
                  "Total Cost": 328211.39,
                  "Plan Rows": 1875556,
                  "Plan Width": 0,
                  "Actual Startup Time": 0.051,
                  "Actual Total Time": 653.975,
                  "Actual Rows": 1619905,
                  "Actual Loops": 7,
                  "Filter": "(person_id < 1114001)",
                  "Rows Removed by Filter": 3557858
                }
              ]
            }
          ]
        }
      ]
    },
    "Planning Time": 0.081,
    "Triggers": [],
    "Execution Time": 804.669
  }
]