[
  {
    "Plan": {
      "Node Type": "Aggregate",
      "Strategy": "Plain",
      "Partial Mode": "Finalize",
      "Parallel Aware": false,
      "Startup Cost": 333886.57,
      "Total Cost": 333886.58,
      "Plan Rows": 1,
      "Plan Width": 8,
      "Actual Startup Time": 642.05,
      "Actual Total Time": 696.662,
      "Actual Rows": 1,
      "Actual Loops": 1,
      "Plans": [
        {
          "Node Type": "Gather",
          "Parent Relationship": "Outer",
          "Parallel Aware": false,
          "Startup Cost": 333885.94,
          "Total Cost": 333886.55,
          "Plan Rows": 6,
          "Plan Width": 8,
          "Actual Startup Time": 641.914,
          "Actual Total Time": 696.653,
          "Actual Rows": 7,
          "Actual Loops": 1,
          "Workers Planned": 6,
          "Workers Launched": 6,
          "Single Copy": false,
          "Plans": [
            {
              "Node Type": "Aggregate",
              "Strategy": "Plain",
              "Partial Mode": "Partial",
              "Parent Relationship": "Outer",
              "Parallel Aware": false,
              "Startup Cost": 332885.94,
              "Total Cost": 332885.95,
              "Plan Rows": 1,
              "Plan Width": 8,
              "Actual Startup Time": 631.828,
              "Actual Total Time": 631.829,
              "Actual Rows": 1,
              "Actual Loops": 7,
              "Plans": [
                {
                  "Node Type": "Seq Scan",
                  "Parent Relationship": "Outer",
                  "Parallel Aware": true,
                  "Relation Name": "cast_info",
                  "Alias": "ci",
                  "Startup Cost": 0.0,
                  "Total Cost": 328162.03,
                  "Plan Rows": 1889566,
                  "Plan Width": 0,
                  "Actual Startup Time": 0.063,
                  "Actual Total Time": 560.606,
                  "Actual Rows": 1619905,
                  "Actual Loops": 7,
                  "Filter": "(person_id < 1114001)",
                  "Rows Removed by Filter": 3557858
                }
              ]
            }
          ]
        }
      ]
    },
    "Planning Time": 0.177,
    "Triggers": [],
    "Execution Time": 696.728
  }
]