{
  "Plan": {
    "Node Type": "Aggregate",
    "Strategy": "Plain",
    "Partial Mode": "Finalize",
    "Parallel Aware": false,
    "Startup Cost": 438792.54,
    "Total Cost": 438792.55,
    "Plan Rows": 1,
    "Plan Width": 8,
    "Actual Startup Time": 2702.403,
    "Actual Total Time": 2729.223,
    "Actual Rows": 1,
    "Actual Loops": 1,
    "Plans": [
      {
        "Node Type": "Gather",
        "Parent Relationship": "Outer",
        "Parallel Aware": false,
        "Startup Cost": 438792.43,
        "Total Cost": 438792.54,
        "Plan Rows": 1,
        "Plan Width": 8,
        "Actual Startup Time": 2552.179,
        "Actual Total Time": 2729.207,
        "Actual Rows": 2,
        "Actual Loops": 1,
        "Workers Planned": 1,
        "Workers Launched": 1,
        "Single Copy": false,
        "Plans": [
          {
            "Node Type": "Aggregate",
            "Strategy": "Plain",
            "Partial Mode": "Partial",
            "Parent Relationship": "Outer",
            "Parallel Aware": false,
            "Startup Cost": 437792.43,
            "Total Cost": 437792.44,
            "Plan Rows": 1,
            "Plan Width": 8,
            "Actual Startup Time": 2616.819,
            "Actual Total Time": 2616.834,
            "Actual Rows": 1,
            "Actual Loops": 2,
            "Plans": [
              {
                "Node Type": "Merge Join",
                "Parent Relationship": "Outer",
                "Parallel Aware": false,
                "Join Type": "Inner",
                "Startup Cost": 430273.71,
                "Total Cost": 437459.82,
                "Plan Rows": 133044,
                "Plan Width": 0,
                "Actual Startup Time": 1714.871,
                "Actual Total Time": 2430.051,
                "Actual Rows": 4571170,
                "Actual Loops": 2,
                "Inner Unique": false,
                "Merge Cond": "(mi.movie_id = t.id)",
                "Plans": [
                  {
                    "Node Type": "Sort",
                    "Parent Relationship": "Outer",
                    "Parallel Aware": false,
                    "Startup Cost": 255523.28,
                    "Total Cost": 257192.97,
                    "Plan Rows": 667874,
                    "Plan Width": 4,
                    "Actual Startup Time": 342.203,
                    "Actual Total Time": 383.726,
                    "Actual Rows": 544630,
                    "Actual Loops": 2,
                    "Sort Key": [
                      "mi.movie_id"
                    ],
                    "Sort Method": "quicksort",
                    "Sort Space Used": 58154,
                    "Sort Space Type": "Memory",
                    "Workers": [
                      {
                        "Worker Number": 0,
                        "Sort Method": "quicksort",
                        "Sort Space Used": 29782,
                        "Sort Space Type": "Memory"
                      }
                    ],
                    "Plans": [
                      {
                        "Node Type": "Bitmap Heap Scan",
                        "Parent Relationship": "Outer",
                        "Parallel Aware": true,
                        "Relation Name": "movie_info",
                        "Alias": "mi",
                        "Startup Cost": 20567.67,
                        "Total Cost": 190909.09,
                        "Plan Rows": 667874,
                        "Plan Width": 4,
                        "Actual Startup Time": 66.388,
                        "Actual Total Time": 194.333,
                        "Actual Rows": 544756,
                        "Actual Loops": 2,
                        "Recheck Cond": "(info_type_id > 67)",
                        "Rows Removed by Index Recheck": 0,
                        "Exact Heap Blocks": 22547,
                        "Lossy Heap Blocks": 0,
                        "Plans": [
                          {
                            "Node Type": "Bitmap Index Scan",
                            "Parent Relationship": "Outer",
                            "Parallel Aware": false,
                            "Index Name": "info_type_id_movie_info",
                            "Startup Cost": 0.0,
                            "Total Cost": 20283.82,
                            "Plan Rows": 1135385,
                            "Plan Width": 0,
                            "Actual Startup Time": 66.846,
                            "Actual Total Time": 66.847,
                            "Actual Rows": 1089512,
                            "Actual Loops": 1,
                            "Index Cond": "(info_type_id > 67)"
                          }
                        ]
                      }
                    ]
                  },
                  {
                    "Node Type": "Sort",
                    "Parent Relationship": "Inner",
                    "Parallel Aware": false,
                    "Startup Cost": 174750.38,
                    "Total Cost": 176009.5,
                    "Plan Rows": 503651,
                    "Plan Width": 8,
                    "Actual Startup Time": 1372.654,
                    "Actual Total Time": 1558.993,
                    "Actual Rows": 5128388,
                    "Actual Loops": 2,
                    "Sort Key": [
                      "t.id"
                    ],
                    "Sort Method": "quicksort",
                    "Sort Space Used": 69455,
                    "Sort Space Type": "Memory",
                    "Workers": [
                      {
                        "Worker Number": 0,
                        "Sort Method": "quicksort",
                        "Sort Space Used": 69455,
                        "Sort Space Type": "Memory"
                      }
                    ],
                    "Plans": [
                      {
                        "Node Type": "Hash Join",
                        "Parent Relationship": "Outer",
                        "Parallel Aware": false,
                        "Join Type": "Inner",
                        "Startup Cost": 78704.13,
                        "Total Cost": 127049.43,
                        "Plan Rows": 503651,
                        "Plan Width": 8,
                        "Actual Startup Time": 467.801,
                        "Actual Total Time": 1114.44,
                        "Actual Rows": 957407,
                        "Actual Loops": 2,
                        "Inner Unique": true,
                        "Hash Cond": "(mc.movie_id = t.id)",
                        "Plans": [
                          {
                            "Node Type": "Index Scan",
                            "Parent Relationship": "Outer",
                            "Parallel Aware": false,
                            "Scan Direction": "Forward",
                            "Index Name": "company_type_id_movie_companies",
                            "Relation Name": "movie_companies",
                            "Alias": "mc",
                            "Startup Cost": 0.43,
                            "Total Cost": 44974.2,
                            "Plan Rows": 1284387,
                            "Plan Width": 4,
                            "Actual Startup Time": 0.065,
                            "Actual Total Time": 230.509,
                            "Actual Rows": 1274246,
                            "Actual Loops": 2,
                            "Index Cond": "(company_type_id < 2)",
                            "Rows Removed by Index Recheck": 0
                          },
                          {
                            "Node Type": "Hash",
                            "Parent Relationship": "Inner",
                            "Parallel Aware": false,
                            "Startup Cost": 66310.85,
                            "Total Cost": 66310.85,
                            "Plan Rows": 991428,
                            "Plan Width": 4,
                            "Actual Startup Time": 462.992,
                            "Actual Total Time": 462.994,
                            "Actual Rows": 985048,
                            "Actual Loops": 2,
                            "Hash Buckets": 1048576,
                            "Original Hash Buckets": 1048576,
                            "Hash Batches": 1,
                            "Original Hash Batches": 1,
                            "Peak Memory Usage": 42823,
                            "Plans": [
                              {
                                "Node Type": "Bitmap Heap Scan",
                                "Parent Relationship": "Outer",
                                "Parallel Aware": false,
                                "Relation Name": "title",
                                "Alias": "t",
                                "Startup Cost": 17920.0,
                                "Total Cost": 66310.85,
                                "Plan Rows": 991428,
                                "Plan Width": 4,
                                "Actual Startup Time": 48.009,
                                "Actual Total Time": 241.365,
                                "Actual Rows": 985048,
                                "Actual Loops": 2,
                                "Recheck Cond": "(kind_id < 7)",
                                "Rows Removed by Index Recheck": 0,
                                "Exact Heap Blocks": 35472,
                                "Lossy Heap Blocks": 0,
                                "Plans": [
                                  {
                                    "Node Type": "Bitmap Index Scan",
                                    "Parent Relationship": "Outer",
                                    "Parallel Aware": false,
                                    "Index Name": "kind_id_title",
                                    "Startup Cost": 0.0,
                                    "Total Cost": 17672.14,
                                    "Plan Rows": 991428,
                                    "Plan Width": 0,
                                    "Actual Startup Time": 41.675,
                                    "Actual Total Time": 41.676,
                                    "Actual Rows": 985048,
                                    "Actual Loops": 2,
                                    "Index Cond": "(kind_id < 7)"
                                  }
                                ]
                              }
                            ]
                          }
                        ]
                      }
                    ]
                  }
                ]
              }
            ]
          }
        ]
      }
    ]
  },
  "Planning Time": 1.081,
  "Triggers": [],
  "Execution Time": 2752.21
}