[
  {
    "Plan": {
      "Node Type": "Aggregate",
      "Strategy": "Plain",
      "Partial Mode": "Finalize",
      "Parallel Aware": false,
      "Startup Cost": 401548.74,
      "Total Cost": 401548.75,
      "Plan Rows": 1,
      "Plan Width": 8,
      "Actual Startup Time": 2675.576,
      "Actual Total Time": 2739.445,
      "Actual Rows": 1,
      "Actual Loops": 1,
      "Plans": [
        {
          "Node Type": "Gather",
          "Parent Relationship": "Outer",
          "Parallel Aware": false,
          "Startup Cost": 401548.12,
          "Total Cost": 401548.73,
          "Plan Rows": 6,
          "Plan Width": 8,
          "Actual Startup Time": 2665.222,
          "Actual Total Time": 2739.435,
          "Actual Rows": 7,
          "Actual Loops": 1,
          "Workers Planned": 6,
          "Workers Launched": 6,
          "Single Copy": false,
          "Plans": [
            {
              "Node Type": "Aggregate",
              "Strategy": "Plain",
              "Partial Mode": "Partial",
              "Parent Relationship": "Outer",
              "Parallel Aware": false,
              "Startup Cost": 400548.12,
              "Total Cost": 400548.13,
              "Plan Rows": 1,
              "Plan Width": 8,
              "Actual Startup Time": 2651.105,
              "Actual Total Time": 2651.108,
              "Actual Rows": 1,
              "Actual Loops": 7,
              "Plans": [
                {
                  "Node Type": "Hash Join",
                  "Parent Relationship": "Outer",
                  "Parallel Aware": true,
                  "Join Type": "Inner",
                  "Startup Cost": 49906.99,
                  "Total Cost": 392725.41,
                  "Plan Rows": 3129082,
                  "Plan Width": 0,
                  "Actual Startup Time": 190.513,
                  "Actual Total Time": 2530.139,
                  "Actual Rows": 2599739,
                  "Actual Loops": 7,
                  "Inner Unique": true,
                  "Hash Cond": "(ci.movie_id = t.id)",
                  "Plans": [
                    {
                      "Node Type": "Seq Scan",
                      "Parent Relationship": "Outer",
                      "Parallel Aware": true,
                      "Relation Name": "cast_info",
                      "Alias": "ci",
                      "Startup Cost": 0.0,
                      "Total Cost": 328162.03,
                      "Plan Rows": 5583383,
                      "Plan Width": 4,
                      "Actual Startup Time": 0.028,
                      "Actual Total Time": 682.473,
                      "Actual Rows": 4806338,
                      "Actual Loops": 7,
                      "Filter": "(person_id < 3557784)",
                      "Rows Removed by Filter": 371426
                    },
                    {
                      "Node Type": "Hash",
                      "Parent Relationship": "Inner",
                      "Parallel Aware": true,
                      "Startup Cost": 45479.1,
                      "Total Cost": 45479.1,
                      "Plan Rows": 354231,
                      "Plan Width": 4,
                      "Actual Startup Time": 186.187,
                      "Actual Total Time": 186.188,
                      "Actual Rows": 199817,
                      "Actual Loops": 7,
                      "Hash Buckets": 2097152,
                      "Original Hash Buckets": 2097152,
                      "Hash Batches": 1,
                      "Original Hash Batches": 1,
                      "Peak Memory Usage": 71200,
                      "Plans": [
                        {
                          "Node Type": "Seq Scan",
                          "Parent Relationship": "Outer",
                          "Parallel Aware": true,
                          "Relation Name": "title",
                          "Alias": "t",
                          "Startup Cost": 0.0,
                          "Total Cost": 45479.1,
                          "Plan Rows": 354231,
                          "Plan Width": 4,
                          "Actual Startup Time": 0.056,
                          "Actual Total Time": 84.263,
                          "Actual Rows": 199817,
                          "Actual Loops": 7,
                          "Filter": "((kind_id > 1) AND (production_year < 2010))",
                          "Rows Removed by Filter": 161370
                        }
                      ]
                    }
                  ]
                }
              ]
            }
          ]
        }
      ]
    },
    "Planning Time": 0.384,
    "Triggers": [],
    "Execution Time": 2739.508
  }
]