{
  "Plan": {
    "Node Type": "Aggregate",
    "Strategy": "Plain",
    "Partial Mode": "Finalize",
    "Parallel Aware": false,
    "Startup Cost": 698949.84,
    "Total Cost": 698949.85,
    "Plan Rows": 1,
    "Plan Width": 8,
    "Actual Startup Time": 6769.77,
    "Actual Total Time": 6843.463,
    "Actual Rows": 1,
    "Actual Loops": 1,
    "Plans": [
      {
        "Node Type": "Gather",
        "Parent Relationship": "Outer",
        "Parallel Aware": false,
        "Startup Cost": 698949.72,
        "Total Cost": 698949.83,
        "Plan Rows": 1,
        "Plan Width": 8,
        "Actual Startup Time": 6762.877,
        "Actual Total Time": 6843.45,
        "Actual Rows": 2,
        "Actual Loops": 1,
        "Workers Planned": 1,
        "Workers Launched": 1,
        "Single Copy": false,
        "Plans": [
          {
            "Node Type": "Aggregate",
            "Strategy": "Plain",
            "Partial Mode": "Partial",
            "Parent Relationship": "Outer",
            "Parallel Aware": false,
            "Startup Cost": 697949.72,
            "Total Cost": 697949.73,
            "Plan Rows": 1,
            "Plan Width": 8,
            "Actual Startup Time": 6756.667,
            "Actual Total Time": 6757.158,
            "Actual Rows": 1,
            "Actual Loops": 2,
            "Plans": [
              {
                "Node Type": "Hash Join",
                "Parent Relationship": "Outer",
                "Parallel Aware": true,
                "Join Type": "Inner",
                "Startup Cost": 114126.45,
                "Total Cost": 686581.91,
                "Plan Rows": 4547127,
                "Plan Width": 0,
                "Actual Startup Time": 881.163,
                "Actual Total Time": 6271.526,
                "Actual Rows": 10778343,
                "Actual Loops": 2,
                "Inner Unique": false,
                "Hash Cond": "(ci.movie_id = t.id)",
                "Plans": [
                  {
                    "Node Type": "Seq Scan",
                    "Parent Relationship": "Outer",
                    "Parallel Aware": true,
                    "Relation Name": "cast_info",
                    "Alias": "ci",
                    "Startup Cost": 0.0,
                    "Total Cost": 465792.95,
                    "Plan Rows": 21310595,
                    "Plan Width": 4,
                    "Actual Startup Time": 0.019,
                    "Actual Total Time": 1476.623,
                    "Actual Rows": 18122172,
                    "Actual Loops": 2
                  },
                  {
                    "Node Type": "Hash",
                    "Parent Relationship": "Inner",
                    "Parallel Aware": true,
                    "Startup Cost": 110159.75,
                    "Total Cost": 110159.75,
                    "Plan Rows": 317336,
                    "Plan Width": 8,
                    "Actual Startup Time": 871.837,
                    "Actual Total Time": 872.326,
                    "Actual Rows": 277863,
                    "Actual Loops": 2,
                    "Hash Buckets": 1048576,
                    "Original Hash Buckets": 1048576,
                    "Hash Batches": 1,
                    "Original Hash Batches": 1,
                    "Peak Memory Usage": 29952,
                    "Plans": [
                      {
                        "Node Type": "Hash Join",
                        "Parent Relationship": "Outer",
                        "Parallel Aware": true,
                        "Join Type": "Inner",
                        "Startup Cost": 80906.04,
                        "Total Cost": 110159.75,
                        "Plan Rows": 317336,
                        "Plan Width": 8,
                        "Actual Startup Time": 619.53,
                        "Actual Total Time": 801.938,
                        "Actual Rows": 277863,
                        "Actual Loops": 2,
                        "Inner Unique": true,
                        "Hash Cond": "(mk.movie_id = t.id)",
                        "Plans": [
                          {
                            "Node Type": "Bitmap Heap Scan",
                            "Parent Relationship": "Outer",
                            "Parallel Aware": true,
                            "Relation Name": "movie_keyword",
                            "Alias": "mk",
                            "Startup Cost": 11445.34,
                            "Total Cost": 39866.05,
                            "Plan Rows": 317336,
                            "Plan Width": 4,
                            "Actual Startup Time": 28.628,
                            "Actual Total Time": 108.124,
                            "Actual Rows": 277863,
                            "Actual Loops": 2,
                            "Recheck Cond": "(keyword_id < 398)",
                            "Rows Removed by Index Recheck": 0,
                            "Exact Heap Blocks": 15376,
                            "Lossy Heap Blocks": 0,
                            "Plans": [
                              {
                                "Node Type": "Bitmap Index Scan",
                                "Parent Relationship": "Outer",
                                "Parallel Aware": false,
                                "Index Name": "keyword_id_movie_keyword",
                                "Startup Cost": 0.0,
                                "Total Cost": 11310.47,
                                "Plan Rows": 539472,
                                "Plan Width": 0,
                                "Actual Startup Time": 25.042,
                                "Actual Total Time": 25.042,
                                "Actual Rows": 555726,
                                "Actual Loops": 1,
                                "Index Cond": "(keyword_id < 398)"
                              }
                            ]
                          },
                          {
                            "Node Type": "Hash",
                            "Parent Relationship": "Inner",
                            "Parallel Aware": true,
                            "Startup Cost": 50870.31,
                            "Total Cost": 50870.31,
                            "Plan Rows": 1487231,
                            "Plan Width": 4,
                            "Actual Startup Time": 575.04,
                            "Actual Total Time": 575.041,
                            "Actual Rows": 1264156,
                            "Actual Loops": 2,
                            "Hash Buckets": 4194304,
                            "Original Hash Buckets": 4194304,
                            "Hash Batches": 1,
                            "Original Hash Batches": 1,
                            "Peak Memory Usage": 131712,
                            "Plans": [
                              {
                                "Node Type": "Seq Scan",
                                "Parent Relationship": "Outer",
                                "Parallel Aware": true,
                                "Relation Name": "title",
                                "Alias": "t",
                                "Startup Cost": 0.0,
                                "Total Cost": 50870.31,
                                "Plan Rows": 1487231,
                                "Plan Width": 4,
                                "Actual Startup Time": 0.033,
                                "Actual Total Time": 183.375,
                                "Actual Rows": 1264156,
                                "Actual Loops": 2
                              }
                            ]
                          }
                        ]
                      }
                    ]
                  }
                ]
              }
            ]
          }
        ]
      }
    ]
  },
  "Planning Time": 1.063,
  "Triggers": [],
  "Execution Time": 6843.581
}