[
  {
    "Plan": {
      "Node Type": "Aggregate",
      "Strategy": "Plain",
      "Partial Mode": "Finalize",
      "Parallel Aware": false,
      "Startup Cost": 307468.9,
      "Total Cost": 307468.91,
      "Plan Rows": 1,
      "Plan Width": 8,
      "Actual Startup Time": 196.13,
      "Actual Total Time": 207.704,
      "Actual Rows": 1,
      "Actual Loops": 1,
      "Plans": [
        {
          "Node Type": "Gather",
          "Parent Relationship": "Outer",
          "Parallel Aware": false,
          "Startup Cost": 307468.28,
          "Total Cost": 307468.89,
          "Plan Rows": 6,
          "Plan Width": 8,
          "Actual Startup Time": 195.132,
          "Actual Total Time": 207.689,
          "Actual Rows": 7,
          "Actual Loops": 1,
          "Workers Planned": 6,
          "Workers Launched": 6,
          "Single Copy": false,
          "Plans": [
            {
              "Node Type": "Aggregate",
              "Strategy": "Plain",
              "Partial Mode": "Partial",
              "Parent Relationship": "Outer",
              "Parallel Aware": false,
              "Startup Cost": 306468.28,
              "Total Cost": 306468.29,
              "Plan Rows": 1,
              "Plan Width": 8,
              "Actual Startup Time": 187.262,
              "Actual Total Time": 187.264,
              "Actual Rows": 1,
              "Actual Loops": 7,
              "Plans": [
                {
                  "Node Type": "Bitmap Heap Scan",
                  "Parent Relationship": "Outer",
                  "Parallel Aware": true,
                  "Relation Name": "cast_info",
                  "Alias": "ci",
                  "Startup Cost": 48310.86,
                  "Total Cost": 305556.54,
                  "Plan Rows": 364694,
                  "Plan Width": 0,
                  "Actual Startup Time": 78.802,
                  "Actual Total Time": 171.138,
                  "Actual Rows": 303675,
                  "Actual Loops": 7,
                  "Recheck Cond": "(person_id > 3647314)",
                  "Rows Removed by Index Recheck": 0,
                  "Exact Heap Blocks": 7900,
                  "Lossy Heap Blocks": 0,
                  "Plans": [
                    {
                      "Node Type": "Bitmap Index Scan",
                      "Parent Relationship": "Outer",
                      "Parallel Aware": false,
                      "Index Name": "person_id_cast_info",
                      "Startup Cost": 0.0,
                      "Total Cost": 47763.82,
                      "Plan Rows": 2188167,
                      "Plan Width": 0,
                      "Actual Startup Time": 80.873,
                      "Actual Total Time": 80.874,
                      "Actual Rows": 2125724,
                      "Actual Loops": 1,
                      "Index Cond": "(person_id > 3647314)"
                    }
                  ]
                }
              ]
            }
          ]
        }
      ]
    },
    "Planning Time": 0.132,
    "Triggers": [],
    "Execution Time": 207.769
  }
]