[
  {
    "Plan": {
      "Node Type": "Aggregate",
      "Strategy": "Plain",
      "Partial Mode": "Finalize",
      "Parallel Aware": false,
      "Startup Cost": 239478.53,
      "Total Cost": 239478.54,
      "Plan Rows": 1,
      "Plan Width": 8,
      "Actual Startup Time": 1115.033,
      "Actual Total Time": 1186.487,
      "Actual Rows": 1,
      "Actual Loops": 1,
      "Plans": [
        {
          "Node Type": "Gather",
          "Parent Relationship": "Outer",
          "Parallel Aware": false,
          "Startup Cost": 239478.01,
          "Total Cost": 239478.52,
          "Plan Rows": 5,
          "Plan Width": 8,
          "Actual Startup Time": 1114.669,
          "Actual Total Time": 1186.475,
          "Actual Rows": 6,
          "Actual Loops": 1,
          "Workers Planned": 5,
          "Workers Launched": 5,
          "Single Copy": false,
          "Plans": [
            {
              "Node Type": "Aggregate",
              "Strategy": "Plain",
              "Partial Mode": "Partial",
              "Parent Relationship": "Outer",
              "Parallel Aware": false,
              "Startup Cost": 238478.01,
              "Total Cost": 238478.02,
              "Plan Rows": 1,
              "Plan Width": 8,
              "Actual Startup Time": 1103.526,
              "Actual Total Time": 1103.529,
              "Actual Rows": 1,
              "Actual Loops": 6,
              "Plans": [
                {
                  "Node Type": "Nested Loop",
                  "Parent Relationship": "Outer",
                  "Parallel Aware": false,
                  "Join Type": "Inner",
                  "Startup Cost": 26171.82,
                  "Total Cost": 238418.45,
                  "Plan Rows": 23823,
                  "Plan Width": 0,
                  "Actual Startup Time": 34.749,
                  "Actual Total Time": 1090.439,
                  "Actual Rows": 203230,
                  "Actual Loops": 6,
                  "Inner Unique": false,
                  "Join Filter": "(t.id = ci.movie_id)",
                  "Rows Removed by Join Filter": 0,
                  "Plans": [
                    {
                      "Node Type": "Hash Join",
                      "Parent Relationship": "Outer",
                      "Parallel Aware": true,
                      "Join Type": "Inner",
                      "Startup Cost": 26171.26,
                      "Total Cost": 225493.02,
                      "Plan Rows": 8073,
                      "Plan Width": 8,
                      "Actual Startup Time": 34.489,
                      "Actual Total Time": 645.607,
                      "Actual Rows": 12832,
                      "Actual Loops": 6,
                      "Inner Unique": true,
                      "Hash Cond": "(mi.movie_id = t.id)",
                      "Plans": [
                        {
                          "Node Type": "Seq Scan",
                          "Parent Relationship": "Outer",
                          "Parallel Aware": true,
                          "Relation Name": "movie_info",
                          "Alias": "mi",
                          "Startup Cost": 0.0,
                          "Total Cost": 191560.33,
                          "Plan Rows": 2956733,
                          "Plan Width": 4,
                          "Actual Startup Time": 0.035,
                          "Actual Total Time": 327.232,
                          "Actual Rows": 2472620,
                          "Actual Loops": 6
                        },
                        {
                          "Node Type": "Hash",
                          "Parent Relationship": "Inner",
                          "Parallel Aware": true,
                          "Startup Cost": 26143.42,
                          "Total Cost": 26143.42,
                          "Plan Rows": 2227,
                          "Plan Width": 4,
                          "Actual Startup Time": 22.193,
                          "Actual Total Time": 22.194,
                          "Actual Rows": 1475,
                          "Actual Loops": 6,
                          "Hash Buckets": 8192,
                          "Original Hash Buckets": 8192,
                          "Hash Batches": 1,
                          "Original Hash Batches": 1,
                          "Peak Memory Usage": 448,
                          "Plans": [
                            {
                              "Node Type": "Bitmap Heap Scan",
                              "Parent Relationship": "Outer",
                              "Parallel Aware": true,
                              "Relation Name": "title",
                              "Alias": "t",
                              "Startup Cost": 236.13,
                              "Total Cost": 26143.42,
                              "Plan Rows": 2227,
                              "Plan Width": 4,
                              "Actual Startup Time": 2.908,
                              "Actual Total Time": 21.01,
                              "Actual Rows": 1475,
                              "Actual Loops": 6,
                              "Recheck Cond": "(kind_id = 6)",
                              "Rows Removed by Index Recheck": 0,
                              "Filter": "(production_year < 2005)",
                              "Rows Removed by Filter": 625,
                              "Exact Heap Blocks": 4854,
                              "Lossy Heap Blocks": 0,
                              "Plans": [
                                {
                                  "Node Type": "Bitmap Index Scan",
                                  "Parent Relationship": "Outer",
                                  "Parallel Aware": false,
                                  "Index Name": "kind_id_title",
                                  "Startup Cost": 0.0,
                                  "Total Cost": 234.4,
                                  "Plan Rows": 13063,
                                  "Plan Width": 0,
                                  "Actual Startup Time": 5.862,
                                  "Actual Total Time": 5.862,
                                  "Actual Rows": 12600,
                                  "Actual Loops": 1,
                                  "Index Cond": "(kind_id = 6)"
                                }
                              ]
                            }
                          ]
                        }
                      ]
                    },
                    {
                      "Node Type": "Index Scan",
                      "Parent Relationship": "Inner",
                      "Parallel Aware": false,
                      "Scan Direction": "Forward",
                      "Index Name": "movie_id_cast_info",
                      "Relation Name": "cast_info",
                      "Alias": "ci",
                      "Startup Cost": 0.56,
                      "Total Cost": 1.5,
                      "Plan Rows": 8,
                      "Plan Width": 4,
                      "Actual Startup Time": 0.017,
                      "Actual Total Time": 0.033,
                      "Actual Rows": 16,
                      "Actual Loops": 76992,
                      "Index Cond": "(movie_id = mi.movie_id)",
                      "Rows Removed by Index Recheck": 0,
                      "Filter": "((person_id > 2569964) AND (role_id > 1))",
                      "Rows Removed by Filter": 17
                    }
                  ]
                }
              ]
            }
          ]
        }
      ]
    },
    "Planning Time": 1.405,
    "Triggers": [],
    "Execution Time": 1186.625
  }
]