{
  "Plan": {
    "Node Type": "Aggregate",
    "Strategy": "Plain",
    "Partial Mode": "Finalize",
    "Parallel Aware": false,
    "Startup Cost": 299535.42,
    "Total Cost": 299535.43,
    "Plan Rows": 1,
    "Plan Width": 8,
    "Actual Startup Time": 3527.208,
    "Actual Total Time": 3601.86,
    "Actual Rows": 1,
    "Actual Loops": 1,
    "Plans": [
      {
        "Node Type": "Gather",
        "Parent Relationship": "Outer",
        "Parallel Aware": false,
        "Startup Cost": 299535.31,
        "Total Cost": 299535.42,
        "Plan Rows": 1,
        "Plan Width": 8,
        "Actual Startup Time": 3526.045,
        "Actual Total Time": 3601.851,
        "Actual Rows": 2,
        "Actual Loops": 1,
        "Workers Planned": 1,
        "Workers Launched": 1,
        "Single Copy": false,
        "Plans": [
          {
            "Node Type": "Aggregate",
            "Strategy": "Plain",
            "Partial Mode": "Partial",
            "Parent Relationship": "Outer",
            "Parallel Aware": false,
            "Startup Cost": 298535.31,
            "Total Cost": 298535.32,
            "Plan Rows": 1,
            "Plan Width": 8,
            "Actual Startup Time": 3519.959,
            "Actual Total Time": 3519.964,
            "Actual Rows": 1,
            "Actual Loops": 2,
            "Plans": [
              {
                "Node Type": "Nested Loop",
                "Parent Relationship": "Outer",
                "Parallel Aware": false,
                "Join Type": "Inner",
                "Startup Cost": 37907.12,
                "Total Cost": 296247.09,
                "Plan Rows": 915288,
                "Plan Width": 0,
                "Actual Startup Time": 171.469,
                "Actual Total Time": 3392.188,
                "Actual Rows": 2949444,
                "Actual Loops": 2,
                "Inner Unique": false,
                "Plans": [
                  {
                    "Node Type": "Hash Join",
                    "Parent Relationship": "Outer",
                    "Parallel Aware": true,
                    "Join Type": "Inner",
                    "Startup Cost": 37906.55,
                    "Total Cost": 96515.64,
                    "Plan Rows": 63876,
                    "Plan Width": 8,
                    "Actual Startup Time": 171.393,
                    "Actual Total Time": 517.091,
                    "Actual Rows": 84608,
                    "Actual Loops": 2,
                    "Inner Unique": false,
                    "Hash Cond": "(t.id = mc.movie_id)",
                    "Plans": [
                      {
                        "Node Type": "Seq Scan",
                        "Parent Relationship": "Outer",
                        "Parallel Aware": true,
                        "Relation Name": "title",
                        "Alias": "t",
                        "Startup Cost": 0.0,
                        "Total Cost": 54588.39,
                        "Plan Rows": 583193,
                        "Plan Width": 4,
                        "Actual Startup Time": 0.012,
                        "Actual Total Time": 137.997,
                        "Actual Rows": 492524,
                        "Actual Loops": 2,
                        "Filter": "(kind_id < 7)",
                        "Rows Removed by Filter": 771632
                      },
                      {
                        "Node Type": "Hash",
                        "Parent Relationship": "Inner",
                        "Parallel Aware": true,
                        "Startup Cost": 35870.36,
                        "Total Cost": 35870.36,
                        "Plan Rows": 162895,
                        "Plan Width": 4,
                        "Actual Startup Time": 165.52,
                        "Actual Total Time": 165.521,
                        "Actual Rows": 205550,
                        "Actual Loops": 2,
                        "Hash Buckets": 524288,
                        "Original Hash Buckets": 524288,
                        "Hash Batches": 1,
                        "Original Hash Batches": 1,
                        "Peak Memory Usage": 20192,
                        "Plans": [
                          {
                            "Node Type": "Bitmap Heap Scan",
                            "Parent Relationship": "Outer",
                            "Parallel Aware": true,
                            "Relation Name": "movie_companies",
                            "Alias": "mc",
                            "Startup Cost": 12116.74,
                            "Total Cost": 35870.36,
                            "Plan Rows": 162895,
                            "Plan Width": 4,
                            "Actual Startup Time": 39.621,
                            "Actual Total Time": 113.321,
                            "Actual Rows": 205550,
                            "Actual Loops": 2,
                            "Recheck Cond": "(company_id < 578)",
                            "Rows Removed by Index Recheck": 0,
                            "Filter": "(company_type_id < 2)",
                            "Rows Removed by Filter": 72205,
                            "Exact Heap Blocks": 10777,
                            "Lossy Heap Blocks": 0,
                            "Plans": [
                              {
                                "Node Type": "Bitmap Index Scan",
                                "Parent Relationship": "Outer",
                                "Parallel Aware": false,
                                "Index Name": "company_id_movie_companies",
                                "Startup Cost": 0.0,
                                "Total Cost": 12047.51,
                                "Plan Rows": 562544,
                                "Plan Width": 0,
                                "Actual Startup Time": 36.909,
                                "Actual Total Time": 36.91,
                                "Actual Rows": 555511,
                                "Actual Loops": 1,
                                "Index Cond": "(company_id < 578)"
                              }
                            ]
                          }
                        ]
                      }
                    ]
                  },
                  {
                    "Node Type": "Index Only Scan",
                    "Parent Relationship": "Inner",
                    "Parallel Aware": false,
                    "Scan Direction": "Forward",
                    "Index Name": "movie_id_cast_info",
                    "Relation Name": "cast_info",
                    "Alias": "ci",
                    "Startup Cost": 0.56,
                    "Total Cost": 2.76,
                    "Plan Rows": 37,
                    "Plan Width": 4,
                    "Actual Startup Time": 0.005,
                    "Actual Total Time": 0.031,
                    "Actual Rows": 35,
                    "Actual Loops": 169217,
                    "Index Cond": "(movie_id = t.id)",
                    "Rows Removed by Index Recheck": 0,
                    "Heap Fetches": 5898889
                  }
                ]
              }
            ]
          }
        ]
      }
    ]
  },
  "Planning Time": 0.98,
  "Triggers": [],
  "Execution Time": 3601.986
}