[
  {
    "Plan": {
      "Node Type": "Aggregate",
      "Strategy": "Plain",
      "Partial Mode": "Finalize",
      "Parallel Aware": false,
      "Startup Cost": 29537.2,
      "Total Cost": 29537.21,
      "Plan Rows": 1,
      "Plan Width": 8,
      "Actual Startup Time": 85.718,
      "Actual Total Time": 92.314,
      "Actual Rows": 1,
      "Actual Loops": 1,
      "Plans": [
        {
          "Node Type": "Gather",
          "Parent Relationship": "Outer",
          "Parallel Aware": false,
          "Startup Cost": 29536.89,
          "Total Cost": 29537.2,
          "Plan Rows": 3,
          "Plan Width": 8,
          "Actual Startup Time": 85.491,
          "Actual Total Time": 92.306,
          "Actual Rows": 4,
          "Actual Loops": 1,
          "Workers Planned": 3,
          "Workers Launched": 3,
          "Single Copy": false,
          "Plans": [
            {
              "Node Type": "Aggregate",
              "Strategy": "Plain",
              "Partial Mode": "Partial",
              "Parent Relationship": "Outer",
              "Parallel Aware": false,
              "Startup Cost": 28536.89,
              "Total Cost": 28536.9,
              "Plan Rows": 1,
              "Plan Width": 8,
              "Actual Startup Time": 79.848,
              "Actual Total Time": 79.849,
              "Actual Rows": 1,
              "Actual Loops": 4,
              "Plans": [
                {
                  "Node Type": "Bitmap Heap Scan",
                  "Parent Relationship": "Outer",
                  "Parallel Aware": true,
                  "Relation Name": "movie_companies",
                  "Alias": "mc",
                  "Startup Cost": 7838.22,
                  "Total Cost": 28387.97,
                  "Plan Rows": 59566,
                  "Plan Width": 0,
                  "Actual Startup Time": 65.74,
                  "Actual Total Time": 78.808,
                  "Actual Rows": 20185,
                  "Actual Loops": 4,
                  "Recheck Cond": "(company_id < 181)",
                  "Rows Removed by Index Recheck": 0,
                  "Filter": "(company_type_id = 2)",
                  "Rows Removed by Filter": 69331,
                  "Exact Heap Blocks": 10307,
                  "Lossy Heap Blocks": 0,
                  "Plans": [
                    {
                      "Node Type": "Bitmap Index Scan",
                      "Parent Relationship": "Outer",
                      "Parallel Aware": false,
                      "Index Name": "company_id_movie_companies",
                      "Startup Cost": 0.0,
                      "Total Cost": 7792.05,
                      "Plan Rows": 363683,
                      "Plan Width": 0,
                      "Actual Startup Time": 31.353,
                      "Actual Total Time": 31.354,
                      "Actual Rows": 358065,
                      "Actual Loops": 1,
                      "Index Cond": "(company_id < 181)"
                    }
                  ]
                }
              ]
            }
          ]
        }
      ]
    },
    "Planning Time": 0.196,
    "Triggers": [],
    "Execution Time": 92.38
  }
]