[
  {
    "Plan": {
      "Node Type": "Aggregate",
      "Strategy": "Plain",
      "Partial Mode": "Finalize",
      "Parallel Aware": false,
      "Startup Cost": 45369.98,
      "Total Cost": 45369.99,
      "Plan Rows": 1,
      "Plan Width": 8,
      "Actual Startup Time": 142.9,
      "Actual Total Time": 152.704,
      "Actual Rows": 1,
      "Actual Loops": 1,
      "Plans": [
        {
          "Node Type": "Gather",
          "Parent Relationship": "Outer",
          "Parallel Aware": false,
          "Startup Cost": 45369.66,
          "Total Cost": 45369.97,
          "Plan Rows": 3,
          "Plan Width": 8,
          "Actual Startup Time": 142.77,
          "Actual Total Time": 152.694,
          "Actual Rows": 4,
          "Actual Loops": 1,
          "Workers Planned": 3,
          "Workers Launched": 3,
          "Single Copy": false,
          "Plans": [
            {
              "Node Type": "Aggregate",
              "Strategy": "Plain",
              "Partial Mode": "Partial",
              "Parent Relationship": "Outer",
              "Parallel Aware": false,
              "Startup Cost": 44369.66,
              "Total Cost": 44369.67,
              "Plan Rows": 1,
              "Plan Width": 8,
              "Actual Startup Time": 135.976,
              "Actual Total Time": 135.977,
              "Actual Rows": 1,
              "Actual Loops": 4,
              "Plans": [
                {
                  "Node Type": "Seq Scan",
                  "Parent Relationship": "Outer",
                  "Parallel Aware": true,
                  "Relation Name": "movie_keyword",
                  "Alias": "mk",
                  "Startup Cost": 0.0,
                  "Total Cost": 42695.65,
                  "Plan Rows": 669603,
                  "Plan Width": 0,
                  "Actual Startup Time": 0.866,
                  "Actual Total Time": 112.253,
                  "Actual Rows": 518462,
                  "Actual Loops": 4,
                  "Filter": "(keyword_id > 5850)",
                  "Rows Removed by Filter": 612520
                }
              ]
            }
          ]
        }
      ]
    },
    "Planning Time": 0.22,
    "Triggers": [],
    "Execution Time": 152.758
  }
]