{
    "Plan": {
        "Node Type": "Aggregate",
        "Strategy": "Plain",
        "Partial Mode": "Finalize",
        "Parallel Aware": false,
        "Startup Cost": 47233.11,
        "Total Cost": 47233.12,
        "Plan Rows": 1,
        "Plan Width": 8,
        "Actual Startup Time": 55.358,
        "Actual Total Time": 61.855,
        "Actual Rows": 1,
        "Actual Loops": 1,
        "Output": [
            "count(*)"
        ],
        "Plans": [
            {
                "Node Type": "Gather",
                "Parent Relationship": "Outer",
                "Parallel Aware": false,
                "Startup Cost": 47232.79,
                "Total Cost": 47233.1,
                "Plan Rows": 3,
                "Plan Width": 8,
                "Actual Startup Time": 55.237,
                "Actual Total Time": 61.848,
                "Actual Rows": 4,
                "Actual Loops": 1,
                "Output": [
                    "(PARTIAL count(*))"
                ],
                "Workers Planned": 3,
                "Workers Launched": 3,
                "Single Copy": false,
                "Plans": [
                    {
                        "Node Type": "Aggregate",
                        "Strategy": "Plain",
                        "Partial Mode": "Partial",
                        "Parent Relationship": "Outer",
                        "Parallel Aware": false,
                        "Startup Cost": 46232.79,
                        "Total Cost": 46232.8,
                        "Plan Rows": 1,
                        "Plan Width": 8,
                        "Actual Startup Time": 45.504,
                        "Actual Total Time": 45.506,
                        "Actual Rows": 1,
                        "Actual Loops": 4,
                        "Output": [
                            "PARTIAL count(*)"
                        ],
                        "Workers": [
                            {
                                "Worker Number": 0,
                                "Actual Startup Time": 42.167,
                                "Actual Total Time": 42.17,
                                "Actual Rows": 1,
                                "Actual Loops": 1
                            },
                            {
                                "Worker Number": 1,
                                "Actual Startup Time": 42.496,
                                "Actual Total Time": 42.497,
                                "Actual Rows": 1,
                                "Actual Loops": 1
                            },
                            {
                                "Worker Number": 2,
                                "Actual Startup Time": 42.862,
                                "Actual Total Time": 42.864,
                                "Actual Rows": 1,
                                "Actual Loops": 1
                            }
                        ],
                        "Plans": [
                            {
                                "Node Type": "Nested Loop",
                                "Parent Relationship": "Outer",
                                "Parallel Aware": false,
                                "Join Type": "Inner",
                                "Startup Cost": 1.43,
                                "Total Cost": 46232.5,
                                "Plan Rows": 118,
                                "Plan Width": 0,
                                "Actual Startup Time": 6.034,
                                "Actual Total Time": 45.478,
                                "Actual Rows": 208,
                                "Actual Loops": 4,
                                "Inner Unique": false,
                                "Workers": [
                                    {
                                        "Worker Number": 0,
                                        "Actual Startup Time": 4.817,
                                        "Actual Total Time": 42.139,
                                        "Actual Rows": 217,
                                        "Actual Loops": 1
                                    },
                                    {
                                        "Worker Number": 1,
                                        "Actual Startup Time": 1.886,
                                        "Actual Total Time": 42.483,
                                        "Actual Rows": 89,
                                        "Actual Loops": 1
                                    },
                                    {
                                        "Worker Number": 2,
                                        "Actual Startup Time": 13.483,
                                        "Actual Total Time": 42.838,
                                        "Actual Rows": 284,
                                        "Actual Loops": 1
                                    }
                                ],
                                "Plans": [
                                    {
                                        "Node Type": "Nested Loop",
                                        "Parent Relationship": "Outer",
                                        "Parallel Aware": false,
                                        "Join Type": "Inner",
                                        "Startup Cost": 0.99,
                                        "Total Cost": 45769.45,
                                        "Plan Rows": 66,
                                        "Plan Width": 8,
                                        "Actual Startup Time": 2.38,
                                        "Actual Total Time": 44.013,
                                        "Actual Rows": 50,
                                        "Actual Loops": 4,
                                        "Output": [
                                            "t.id",
                                            "ci.movie_id"
                                        ],
                                        "Inner Unique": true,
                                        "Workers": [
                                            {
                                                "Worker Number": 0,
                                                "Actual Startup Time": 3.497,
                                                "Actual Total Time": 40.168,
                                                "Actual Rows": 36,
                                                "Actual Loops": 1
                                            },
                                            {
                                                "Worker Number": 1,
                                                "Actual Startup Time": 1.649,
                                                "Actual Total Time": 41.56,
                                                "Actual Rows": 14,
                                                "Actual Loops": 1
                                            },
                                            {
                                                "Worker Number": 2,
                                                "Actual Startup Time": 0.638,
                                                "Actual Total Time": 41.476,
                                                "Actual Rows": 23,
                                                "Actual Loops": 1
                                            }
                                        ],
                                        "Plans": [
                                            {
                                                "Node Type": "Index Scan",
                                                "Parent Relationship": "Outer",
                                                "Parallel Aware": true,
                                                "Scan Direction": "Forward",
                                                "Index Name": "role_id_cast_info",
                                                "Relation Name": "cast_info",
                                                "Schema": "public",
                                                "Alias": "ci",
                                                "Startup Cost": 0.56,
                                                "Total Cost": 8709.54,
                                                "Plan Rows": 7272,
                                                "Plan Width": 4,
                                                "Actual Startup Time": 0.124,
                                                "Actual Total Time": 13.891,
                                                "Actual Rows": 2439,
                                                "Actual Loops": 4,
                                                "Output": [
                                                    "ci.id",
                                                    "ci.person_id",
                                                    "ci.movie_id",
                                                    "ci.person_role_id",
                                                    "ci.note",
                                                    "ci.nr_order",
                                                    "ci.role_id"
                                                ],
                                                "Index Cond": "(ci.role_id > 10)",
                                                "Rows Removed by Index Recheck": 0,
                                                "Filter": "(ci.person_id < 265277)",
                                                "Rows Removed by Filter": 76591,
                                                "Workers": [
                                                    {
                                                        "Worker Number": 0,
                                                        "Actual Startup Time": 0.118,
                                                        "Actual Total Time": 12.945,
                                                        "Actual Rows": 1225,
                                                        "Actual Loops": 1
                                                    },
                                                    {
                                                        "Worker Number": 1,
                                                        "Actual Startup Time": 0.212,
                                                        "Actual Total Time": 12.271,
                                                        "Actual Rows": 1421,
                                                        "Actual Loops": 1
                                                    },
                                                    {
                                                        "Worker Number": 2,
                                                        "Actual Startup Time": 0.104,
                                                        "Actual Total Time": 11.571,
                                                        "Actual Rows": 1363,
                                                        "Actual Loops": 1
                                                    }
                                                ]
                                            },
                                            {
                                                "Node Type": "Index Scan",
                                                "Parent Relationship": "Inner",
                                                "Parallel Aware": false,
                                                "Scan Direction": "Forward",
                                                "Index Name": "title_pkey",
                                                "Relation Name": "title",
                                                "Schema": "public",
                                                "Alias": "t",
                                                "Startup Cost": 0.43,
                                                "Total Cost": 5.1,
                                                "Plan Rows": 1,
                                                "Plan Width": 4,
                                                "Actual Startup Time": 0.012,
                                                "Actual Total Time": 0.012,
                                                "Actual Rows": 0,
                                                "Actual Loops": 9755,
                                                "Output": [
                                                    "t.id",
                                                    "t.title",
                                                    "t.imdb_index",
                                                    "t.kind_id",
                                                    "t.production_year",
                                                    "t.imdb_id",
                                                    "t.phonetic_code",
                                                    "t.episode_of_id",
                                                    "t.season_nr",
                                                    "t.episode_nr",
                                                    "t.series_years",
                                                    "t.md5sum"
                                                ],
                                                "Index Cond": "(t.id = ci.movie_id)",
                                                "Rows Removed by Index Recheck": 0,
                                                "Filter": "((t.kind_id < 4) AND (t.production_year > 2012))",
                                                "Rows Removed by Filter": 1,
                                                "Workers": [
                                                    {
                                                        "Worker Number": 0,
                                                        "Actual Startup Time": 0.021,
                                                        "Actual Total Time": 0.021,
                                                        "Actual Rows": 0,
                                                        "Actual Loops": 1225
                                                    },
                                                    {
                                                        "Worker Number": 1,
                                                        "Actual Startup Time": 0.02,
                                                        "Actual Total Time": 0.02,
                                                        "Actual Rows": 0,
                                                        "Actual Loops": 1421
                                                    },
                                                    {
                                                        "Worker Number": 2,
                                                        "Actual Startup Time": 0.021,
                                                        "Actual Total Time": 0.021,
                                                        "Actual Rows": 0,
                                                        "Actual Loops": 1363
                                                    }
                                                ]
                                            }
                                        ]
                                    },
                                    {
                                        "Node Type": "Index Only Scan",
                                        "Parent Relationship": "Inner",
                                        "Parallel Aware": false,
                                        "Scan Direction": "Forward",
                                        "Index Name": "movie_id_movie_keyword",
                                        "Relation Name": "movie_keyword",
                                        "Schema": "public",
                                        "Alias": "mk",
                                        "Startup Cost": 0.43,
                                        "Total Cost": 6.56,
                                        "Plan Rows": 46,
                                        "Plan Width": 4,
                                        "Actual Startup Time": 0.027,
                                        "Actual Total Time": 0.028,
                                        "Actual Rows": 4,
                                        "Actual Loops": 199,
                                        "Output": [
                                            "mk.movie_id"
                                        ],
                                        "Index Cond": "(mk.movie_id = t.id)",
                                        "Rows Removed by Index Recheck": 0,
                                        "Heap Fetches": 830,
                                        "Workers": [
                                            {
                                                "Worker Number": 0,
                                                "Actual Startup Time": 0.051,
                                                "Actual Total Time": 0.053,
                                                "Actual Rows": 6,
                                                "Actual Loops": 36
                                            },
                                            {
                                                "Worker Number": 1,
                                                "Actual Startup Time": 0.062,
                                                "Actual Total Time": 0.064,
                                                "Actual Rows": 6,
                                                "Actual Loops": 14
                                            },
                                            {
                                                "Worker Number": 2,
                                                "Actual Startup Time": 0.054,
                                                "Actual Total Time": 0.057,
                                                "Actual Rows": 12,
                                                "Actual Loops": 23
                                            }
                                        ]
                                    }
                                ]
                            }
                        ]
                    }
                ]
            }
        ]
    },
    "Planning Time": 1.495,
    "Triggers": [],
    "Execution Time": 61.937
}