[
  {
    "Plan": {
      "Node Type": "Aggregate",
      "Strategy": "Plain",
      "Partial Mode": "Finalize",
      "Parallel Aware": false,
      "Startup Cost": 52244.71,
      "Total Cost": 52244.72,
      "Plan Rows": 1,
      "Plan Width": 8,
      "Actual Startup Time": 108.367,
      "Actual Total Time": 123.846,
      "Actual Rows": 1,
      "Actual Loops": 1,
      "Plans": [
        {
          "Node Type": "Gather",
          "Parent Relationship": "Outer",
          "Parallel Aware": false,
          "Startup Cost": 52244.29,
          "Total Cost": 52244.7,
          "Plan Rows": 4,
          "Plan Width": 8,
          "Actual Startup Time": 108.215,
          "Actual Total Time": 123.836,
          "Actual Rows": 5,
          "Actual Loops": 1,
          "Workers Planned": 4,
          "Workers Launched": 4,
          "Single Copy": false,
          "Plans": [
            {
              "Node Type": "Aggregate",
              "Strategy": "Plain",
              "Partial Mode": "Partial",
              "Parent Relationship": "Outer",
              "Parallel Aware": false,
              "Startup Cost": 51244.29,
              "Total Cost": 51244.3,
              "Plan Rows": 1,
              "Plan Width": 8,
              "Actual Startup Time": 99.534,
              "Actual Total Time": 99.536,
              "Actual Rows": 1,
              "Actual Loops": 5,
              "Plans": [
                {
                  "Node Type": "Nested Loop",
                  "Parent Relationship": "Outer",
                  "Parallel Aware": false,
                  "Join Type": "Inner",
                  "Startup Cost": 0.43,
                  "Total Cost": 51241.84,
                  "Plan Rows": 977,
                  "Plan Width": 0,
                  "Actual Startup Time": 78.416,
                  "Actual Total Time": 99.523,
                  "Actual Rows": 7,
                  "Actual Loops": 5,
                  "Inner Unique": false,
                  "Plans": [
                    {
                      "Node Type": "Seq Scan",
                      "Parent Relationship": "Outer",
                      "Parallel Aware": true,
                      "Relation Name": "title",
                      "Alias": "t",
                      "Startup Cost": 0.0,
                      "Total Cost": 45479.59,
                      "Plan Rows": 614,
                      "Plan Width": 4,
                      "Actual Startup Time": 1.846,
                      "Actual Total Time": 98.436,
                      "Actual Rows": 42,
                      "Actual Loops": 5,
                      "Filter": "((kind_id > 2) AND (production_year > 2013))",
                      "Rows Removed by Filter": 505620
                    },
                    {
                      "Node Type": "Index Scan",
                      "Parent Relationship": "Inner",
                      "Parallel Aware": false,
                      "Scan Direction": "Forward",
                      "Index Name": "movie_id_movie_keyword",
                      "Relation Name": "movie_keyword",
                      "Alias": "mk",
                      "Startup Cost": 0.43,
                      "Total Cost": 8.97,
                      "Plan Rows": 41,
                      "Plan Width": 4,
                      "Actual Startup Time": 0.024,
                      "Actual Total Time": 0.024,
                      "Actual Rows": 0,
                      "Actual Loops": 212,
                      "Index Cond": "(movie_id = t.id)",
                      "Rows Removed by Index Recheck": 0,
                      "Filter": "(keyword_id < 36080)",
                      "Rows Removed by Filter": 0
                    }
                  ]
                }
              ]
            }
          ]
        }
      ]
    },
    "Planning Time": 0.276,
    "Triggers": [],
    "Execution Time": 123.899
  }
]