[
  {
    "Plan": {
      "Node Type": "Aggregate",
      "Strategy": "Plain",
      "Partial Mode": "Finalize",
      "Parallel Aware": false,
      "Startup Cost": 78749.87,
      "Total Cost": 78749.88,
      "Plan Rows": 1,
      "Plan Width": 8,
      "Actual Startup Time": 327.006,
      "Actual Total Time": 344.826,
      "Actual Rows": 1,
      "Actual Loops": 1,
      "Plans": [
        {
          "Node Type": "Gather",
          "Parent Relationship": "Outer",
          "Parallel Aware": false,
          "Startup Cost": 78749.45,
          "Total Cost": 78749.86,
          "Plan Rows": 4,
          "Plan Width": 8,
          "Actual Startup Time": 322.032,
          "Actual Total Time": 344.817,
          "Actual Rows": 5,
          "Actual Loops": 1,
          "Workers Planned": 4,
          "Workers Launched": 4,
          "Single Copy": false,
          "Plans": [
            {
              "Node Type": "Aggregate",
              "Strategy": "Plain",
              "Partial Mode": "Partial",
              "Parent Relationship": "Outer",
              "Parallel Aware": false,
              "Startup Cost": 77749.45,
              "Total Cost": 77749.46,
              "Plan Rows": 1,
              "Plan Width": 8,
              "Actual Startup Time": 312.722,
              "Actual Total Time": 312.726,
              "Actual Rows": 1,
              "Actual Loops": 5,
              "Plans": [
                {
                  "Node Type": "Hash Join",
                  "Parent Relationship": "Outer",
                  "Parallel Aware": true,
                  "Join Type": "Inner",
                  "Startup Cost": 31494.94,
                  "Total Cost": 77410.89,
                  "Plan Rows": 135424,
                  "Plan Width": 0,
                  "Actual Startup Time": 117.8,
                  "Actual Total Time": 307.452,
                  "Actual Rows": 110788,
                  "Actual Loops": 5,
                  "Inner Unique": false,
                  "Hash Cond": "(t.id = mc.movie_id)",
                  "Plans": [
                    {
                      "Node Type": "Seq Scan",
                      "Parent Relationship": "Outer",
                      "Parallel Aware": true,
                      "Relation Name": "title",
                      "Alias": "t",
                      "Startup Cost": 0.0,
                      "Total Cost": 42318.73,
                      "Plan Rows": 632073,
                      "Plan Width": 4,
                      "Actual Startup Time": 0.011,
                      "Actual Total Time": 67.32,
                      "Actual Rows": 505662,
                      "Actual Loops": 5
                    },
                    {
                      "Node Type": "Hash",
                      "Parent Relationship": "Inner",
                      "Parallel Aware": true,
                      "Startup Cost": 29310.68,
                      "Total Cost": 29310.68,
                      "Plan Rows": 174741,
                      "Plan Width": 4,
                      "Actual Startup Time": 113.435,
                      "Actual Total Time": 113.436,
                      "Actual Rows": 110788,
                      "Actual Loops": 5,
                      "Hash Buckets": 1048576,
                      "Original Hash Buckets": 1048576,
                      "Hash Batches": 1,
                      "Original Hash Batches": 1,
                      "Peak Memory Usage": 29920,
                      "Plans": [
                        {
                          "Node Type": "Seq Scan",
                          "Parent Relationship": "Outer",
                          "Parallel Aware": true,
                          "Relation Name": "movie_companies",
                          "Alias": "mc",
                          "Startup Cost": 0.0,
                          "Total Cost": 29310.68,
                          "Plan Rows": 174741,
                          "Plan Width": 4,
                          "Actual Startup Time": 43.706,
                          "Actual Total Time": 72.852,
                          "Actual Rows": 110788,
                          "Actual Loops": 5,
                          "Filter": "(company_id > 71767)",
                          "Rows Removed by Filter": 411037
                        }
                      ]
                    }
                  ]
                }
              ]
            }
          ]
        }
      ]
    },
    "Planning Time": 0.654,
    "Triggers": [],
    "Execution Time": 344.895
  }
]