[
  {
    "Plan": {
      "Node Type": "Aggregate",
      "Strategy": "Plain",
      "Partial Mode": "Finalize",
      "Parallel Aware": false,
      "Startup Cost": 259621.02,
      "Total Cost": 259621.03,
      "Plan Rows": 1,
      "Plan Width": 8,
      "Actual Startup Time": 363.327,
      "Actual Total Time": 381.037,
      "Actual Rows": 1,
      "Actual Loops": 1,
      "Plans": [
        {
          "Node Type": "Gather",
          "Parent Relationship": "Outer",
          "Parallel Aware": false,
          "Startup Cost": 259620.39,
          "Total Cost": 259621.0,
          "Plan Rows": 6,
          "Plan Width": 8,
          "Actual Startup Time": 363.238,
          "Actual Total Time": 381.027,
          "Actual Rows": 7,
          "Actual Loops": 1,
          "Workers Planned": 6,
          "Workers Launched": 6,
          "Single Copy": false,
          "Plans": [
            {
              "Node Type": "Aggregate",
              "Strategy": "Plain",
              "Partial Mode": "Partial",
              "Parent Relationship": "Outer",
              "Parallel Aware": false,
              "Startup Cost": 258620.39,
              "Total Cost": 258620.4,
              "Plan Rows": 1,
              "Plan Width": 8,
              "Actual Startup Time": 354.234,
              "Actual Total Time": 354.235,
              "Actual Rows": 1,
              "Actual Loops": 7,
              "Plans": [
                {
                  "Node Type": "Index Scan",
                  "Parent Relationship": "Outer",
                  "Parallel Aware": true,
                  "Scan Direction": "Forward",
                  "Index Name": "role_id_cast_info",
                  "Relation Name": "cast_info",
                  "Alias": "ci",
                  "Startup Cost": 0.56,
                  "Total Cost": 255086.64,
                  "Plan Rows": 1413500,
                  "Plan Width": 0,
                  "Actual Startup Time": 0.153,
                  "Actual Total Time": 297.159,
                  "Actual Rows": 1265308,
                  "Actual Loops": 7,
                  "Index Cond": "(role_id > 4)",
                  "Rows Removed by Index Recheck": 0,
                  "Filter": "(person_id > 382170)",
                  "Rows Removed by Filter": 75364
                }
              ]
            }
          ]
        }
      ]
    },
    "Planning Time": 0.228,
    "Triggers": [],
    "Execution Time": 381.106
  }
]