[
  {
    "Plan": {
      "Node Type": "Aggregate",
      "Strategy": "Plain",
      "Partial Mode": "Finalize",
      "Parallel Aware": false,
      "Startup Cost": 32771.81,
      "Total Cost": 32771.82,
      "Plan Rows": 1,
      "Plan Width": 8,
      "Actual Startup Time": 93.017,
      "Actual Total Time": 101.022,
      "Actual Rows": 1,
      "Actual Loops": 1,
      "Plans": [
        {
          "Node Type": "Gather",
          "Parent Relationship": "Outer",
          "Parallel Aware": false,
          "Startup Cost": 32771.49,
          "Total Cost": 32771.8,
          "Plan Rows": 3,
          "Plan Width": 8,
          "Actual Startup Time": 92.871,
          "Actual Total Time": 101.013,
          "Actual Rows": 4,
          "Actual Loops": 1,
          "Workers Planned": 3,
          "Workers Launched": 3,
          "Single Copy": false,
          "Plans": [
            {
              "Node Type": "Aggregate",
              "Strategy": "Plain",
              "Partial Mode": "Partial",
              "Parent Relationship": "Outer",
              "Parallel Aware": false,
              "Startup Cost": 31771.49,
              "Total Cost": 31771.5,
              "Plan Rows": 1,
              "Plan Width": 8,
              "Actual Startup Time": 86.09,
              "Actual Total Time": 86.091,
              "Actual Rows": 1,
              "Actual Loops": 4,
              "Plans": [
                {
                  "Node Type": "Seq Scan",
                  "Parent Relationship": "Outer",
                  "Parallel Aware": true,
                  "Relation Name": "movie_companies",
                  "Alias": "mc",
                  "Startup Cost": 0.0,
                  "Total Cost": 31414.82,
                  "Plan Rows": 142670,
                  "Plan Width": 0,
                  "Actual Startup Time": 0.043,
                  "Actual Total Time": 74.885,
                  "Actual Rows": 158210,
                  "Actual Loops": 4,
                  "Filter": "((company_id < 2805) AND (company_type_id < 2))",
                  "Rows Removed by Filter": 494072
                }
              ]
            }
          ]
        }
      ]
    },
    "Planning Time": 0.22,
    "Triggers": [],
    "Execution Time": 101.076
  }
]