{
  "Plan": {
    "Node Type": "Aggregate",
    "Strategy": "Plain",
    "Partial Mode": "Finalize",
    "Parallel Aware": false,
    "Startup Cost": 98790.39,
    "Total Cost": 98790.4,
    "Plan Rows": 1,
    "Plan Width": 8,
    "Actual Startup Time": 303.588,
    "Actual Total Time": 321.854,
    "Actual Rows": 1,
    "Actual Loops": 1,
    "Plans": [
      {
        "Node Type": "Gather",
        "Parent Relationship": "Outer",
        "Parallel Aware": false,
        "Startup Cost": 98790.27,
        "Total Cost": 98790.38,
        "Plan Rows": 1,
        "Plan Width": 8,
        "Actual Startup Time": 303.346,
        "Actual Total Time": 321.845,
        "Actual Rows": 2,
        "Actual Loops": 1,
        "Workers Planned": 1,
        "Workers Launched": 1,
        "Single Copy": false,
        "Plans": [
          {
            "Node Type": "Aggregate",
            "Strategy": "Plain",
            "Partial Mode": "Partial",
            "Parent Relationship": "Outer",
            "Parallel Aware": false,
            "Startup Cost": 97790.27,
            "Total Cost": 97790.28,
            "Plan Rows": 1,
            "Plan Width": 8,
            "Actual Startup Time": 297.494,
            "Actual Total Time": 297.497,
            "Actual Rows": 1,
            "Actual Loops": 2,
            "Plans": [
              {
                "Node Type": "Hash Join",
                "Parent Relationship": "Outer",
                "Parallel Aware": true,
                "Join Type": "Inner",
                "Startup Cost": 54654.7,
                "Total Cost": 97785.79,
                "Plan Rows": 1793,
                "Plan Width": 0,
                "Actual Startup Time": 244.524,
                "Actual Total Time": 297.312,
                "Actual Rows": 2601,
                "Actual Loops": 2,
                "Inner Unique": true,
                "Hash Cond": "(mc.movie_id = t.id)",
                "Plans": [
                  {
                    "Node Type": "Seq Scan",
                    "Parent Relationship": "Outer",
                    "Parallel Aware": true,
                    "Relation Name": "movie_companies",
                    "Alias": "mc",
                    "Startup Cost": 0.0,
                    "Total Cost": 41811.73,
                    "Plan Rows": 502614,
                    "Plan Width": 4,
                    "Actual Startup Time": 57.943,
                    "Actual Total Time": 123.723,
                    "Actual Rows": 269848,
                    "Actual Loops": 2,
                    "Filter": "((company_id < 19126) AND (company_type_id > 1))",
                    "Rows Removed by Filter": 1034716
                  },
                  {
                    "Node Type": "Hash",
                    "Parent Relationship": "Inner",
                    "Parallel Aware": true,
                    "Startup Cost": 54588.39,
                    "Total Cost": 54588.39,
                    "Plan Rows": 5305,
                    "Plan Width": 4,
                    "Actual Startup Time": 149.062,
                    "Actual Total Time": 149.063,
                    "Actual Rows": 3885,
                    "Actual Loops": 2,
                    "Hash Buckets": 16384,
                    "Original Hash Buckets": 16384,
                    "Hash Batches": 1,
                    "Original Hash Batches": 1,
                    "Peak Memory Usage": 480,
                    "Plans": [
                      {
                        "Node Type": "Seq Scan",
                        "Parent Relationship": "Outer",
                        "Parallel Aware": true,
                        "Relation Name": "title",
                        "Alias": "t",
                        "Startup Cost": 0.0,
                        "Total Cost": 54588.39,
                        "Plan Rows": 5305,
                        "Plan Width": 4,
                        "Actual Startup Time": 99.139,
                        "Actual Total Time": 147.672,
                        "Actual Rows": 3885,
                        "Actual Loops": 2,
                        "Filter": "(production_year = 1912)",
                        "Rows Removed by Filter": 1260271
                      }
                    ]
                  }
                ]
              }
            ]
          }
        ]
      }
    ]
  },
  "Planning Time": 0.472,
  "Triggers": [],
  "Execution Time": 321.925
}