{
  "Plan": {
    "Node Type": "Aggregate",
    "Strategy": "Plain",
    "Partial Mode": "Finalize",
    "Parallel Aware": false,
    "Startup Cost": 165251.62,
    "Total Cost": 165251.63,
    "Plan Rows": 1,
    "Plan Width": 8,
    "Actual Startup Time": 702.936,
    "Actual Total Time": 724.381,
    "Actual Rows": 1,
    "Actual Loops": 1,
    "Plans": [
      {
        "Node Type": "Gather",
        "Parent Relationship": "Outer",
        "Parallel Aware": false,
        "Startup Cost": 165251.5,
        "Total Cost": 165251.61,
        "Plan Rows": 1,
        "Plan Width": 8,
        "Actual Startup Time": 694.484,
        "Actual Total Time": 724.371,
        "Actual Rows": 2,
        "Actual Loops": 1,
        "Workers Planned": 1,
        "Workers Launched": 1,
        "Single Copy": false,
        "Plans": [
          {
            "Node Type": "Aggregate",
            "Strategy": "Plain",
            "Partial Mode": "Partial",
            "Parent Relationship": "Outer",
            "Parallel Aware": false,
            "Startup Cost": 164251.5,
            "Total Cost": 164251.51,
            "Plan Rows": 1,
            "Plan Width": 8,
            "Actual Startup Time": 690.576,
            "Actual Total Time": 690.579,
            "Actual Rows": 1,
            "Actual Loops": 2,
            "Plans": [
              {
                "Node Type": "Nested Loop",
                "Parent Relationship": "Outer",
                "Parallel Aware": false,
                "Join Type": "Inner",
                "Startup Cost": 136573.18,
                "Total Cost": 164203.46,
                "Plan Rows": 19217,
                "Plan Width": 0,
                "Actual Startup Time": 413.138,
                "Actual Total Time": 684.003,
                "Actual Rows": 132482,
                "Actual Loops": 2,
                "Inner Unique": false,
                "Join Filter": "(t.id = mc.movie_id)",
                "Rows Removed by Join Filter": 0,
                "Plans": [
                  {
                    "Node Type": "Merge Join",
                    "Parent Relationship": "Outer",
                    "Parallel Aware": false,
                    "Join Type": "Inner",
                    "Startup Cost": 136572.75,
                    "Total Cost": 139631.7,
                    "Plan Rows": 30091,
                    "Plan Width": 8,
                    "Actual Startup Time": 413.066,
                    "Actual Total Time": 518.561,
                    "Actual Rows": 60772,
                    "Actual Loops": 2,
                    "Inner Unique": true,
                    "Merge Cond": "(mi_idx.movie_id = t.id)",
                    "Plans": [
                      {
                        "Node Type": "Sort",
                        "Parent Relationship": "Outer",
                        "Parallel Aware": false,
                        "Startup Cost": 42189.43,
                        "Total Cost": 42858.0,
                        "Plan Rows": 267429,
                        "Plan Width": 4,
                        "Actual Startup Time": 121.038,
                        "Actual Total Time": 132.734,
                        "Actual Rows": 229962,
                        "Actual Loops": 2,
                        "Sort Key": [
                          "mi_idx.movie_id"
                        ],
                        "Sort Method": "quicksort",
                        "Sort Space Used": 17869,
                        "Sort Space Type": "Memory",
                        "Workers": [
                          {
                            "Worker Number": 0,
                            "Sort Method": "quicksort",
                            "Sort Space Used": 15979,
                            "Sort Space Type": "Memory"
                          }
                        ],
                        "Plans": [
                          {
                            "Node Type": "Seq Scan",
                            "Parent Relationship": "Outer",
                            "Parallel Aware": true,
                            "Relation Name": "movie_info_idx",
                            "Alias": "mi_idx",
                            "Startup Cost": 0.0,
                            "Total Cost": 18082.32,
                            "Plan Rows": 267429,
                            "Plan Width": 4,
                            "Actual Startup Time": 0.042,
                            "Actual Total Time": 68.909,
                            "Actual Rows": 229962,
                            "Actual Loops": 2,
                            "Filter": "(info_type_id = 99)",
                            "Rows Removed by Filter": 460055
                          }
                        ]
                      },
                      {
                        "Node Type": "Sort",
                        "Parent Relationship": "Inner",
                        "Parallel Aware": false,
                        "Startup Cost": 94383.29,
                        "Total Cost": 95094.48,
                        "Plan Rows": 284476,
                        "Plan Width": 4,
                        "Actual Startup Time": 291.916,
                        "Actual Total Time": 337.91,
                        "Actual Rows": 400886,
                        "Actual Loops": 2,
                        "Sort Key": [
                          "t.id"
                        ],
                        "Sort Method": "quicksort",
                        "Sort Space Used": 31108,
                        "Sort Space Type": "Memory",
                        "Workers": [
                          {
                            "Worker Number": 0,
                            "Sort Method": "quicksort",
                            "Sort Space Used": 31108,
                            "Sort Space Type": "Memory"
                          }
                        ],
                        "Plans": [
                          {
                            "Node Type": "Bitmap Heap Scan",
                            "Parent Relationship": "Outer",
                            "Parallel Aware": false,
                            "Relation Name": "title",
                            "Alias": "t",
                            "Startup Cost": 17743.26,
                            "Total Cost": 68612.68,
                            "Plan Rows": 284476,
                            "Plan Width": 4,
                            "Actual Startup Time": 37.566,
                            "Actual Total Time": 190.799,
                            "Actual Rows": 401493,
                            "Actual Loops": 2,
                            "Recheck Cond": "(kind_id < 7)",
                            "Rows Removed by Index Recheck": 0,
                            "Filter": "(production_year < 1992)",
                            "Rows Removed by Filter": 583555,
                            "Exact Heap Blocks": 35472,
                            "Lossy Heap Blocks": 0,
                            "Plans": [
                              {
                                "Node Type": "Bitmap Index Scan",
                                "Parent Relationship": "Outer",
                                "Parallel Aware": false,
                                "Index Name": "kind_id_title",
                                "Startup Cost": 0.0,
                                "Total Cost": 17672.14,
                                "Plan Rows": 991428,
                                "Plan Width": 0,
                                "Actual Startup Time": 32.702,
                                "Actual Total Time": 32.702,
                                "Actual Rows": 985048,
                                "Actual Loops": 2,
                                "Index Cond": "(kind_id < 7)"
                              }
                            ]
                          }
                        ]
                      }
                    ]
                  },
                  {
                    "Node Type": "Index Scan",
                    "Parent Relationship": "Inner",
                    "Parallel Aware": false,
                    "Scan Direction": "Forward",
                    "Index Name": "movie_id_movie_companies",
                    "Relation Name": "movie_companies",
                    "Alias": "mc",
                    "Startup Cost": 0.43,
                    "Total Cost": 0.78,
                    "Plan Rows": 3,
                    "Plan Width": 4,
                    "Actual Startup Time": 0.002,
                    "Actual Total Time": 0.002,
                    "Actual Rows": 2,
                    "Actual Loops": 121545,
                    "Index Cond": "(movie_id = mi_idx.movie_id)",
                    "Rows Removed by Index Recheck": 0,
                    "Filter": "(company_id > 4612)",
                    "Rows Removed by Filter": 1
                  }
                ]
              }
            ]
          }
        ]
      }
    ]
  },
  "Planning Time": 1.122,
  "Triggers": [],
  "Execution Time": 728.614
}