[
    {
        "Bao": {
            "Bao prediction": 2326.033,
            "Bao recommended hint": "SET enable_nestloop TO off; "
        }
    },
    {
        "Plan": {
            "Node Type": "Aggregate",
            "Strategy": "Plain",
            "Partial Mode": "Finalize",
            "Parallel Aware": false,
            "Startup Cost": 514143.69,
            "Total Cost": 514143.7,
            "Plan Rows": 1,
            "Plan Width": 64,
            "Actual Startup Time": 3610.527,
            "Actual Total Time": 3914.558,
            "Actual Rows": 1,
            "Actual Loops": 1,
            "Output": [
                "min(a1.name)",
                "min(t.title)"
            ],
            "Plans": [
                {
                    "Node Type": "Gather",
                    "Parent Relationship": "Outer",
                    "Parallel Aware": false,
                    "Startup Cost": 514143.26,
                    "Total Cost": 514143.67,
                    "Plan Rows": 4,
                    "Plan Width": 64,
                    "Actual Startup Time": 3576.196,
                    "Actual Total Time": 3914.525,
                    "Actual Rows": 5,
                    "Actual Loops": 1,
                    "Output": [
                        "(PARTIAL min(a1.name))",
                        "(PARTIAL min(t.title))"
                    ],
                    "Workers Planned": 4,
                    "Workers Launched": 4,
                    "Single Copy": false,
                    "Plans": [
                        {
                            "Node Type": "Aggregate",
                            "Strategy": "Plain",
                            "Partial Mode": "Partial",
                            "Parent Relationship": "Outer",
                            "Parallel Aware": false,
                            "Startup Cost": 513143.26,
                            "Total Cost": 513143.27,
                            "Plan Rows": 1,
                            "Plan Width": 64,
                            "Actual Startup Time": 3563.912,
                            "Actual Total Time": 3564.515,
                            "Actual Rows": 1,
                            "Actual Loops": 5,
                            "Output": [
                                "PARTIAL min(a1.name)",
                                "PARTIAL min(t.title)"
                            ],
                            "Workers": [
                                {
                                    "Worker Number": 0,
                                    "Actual Startup Time": 3560.588,
                                    "Actual Total Time": 3560.605,
                                    "Actual Rows": 1,
                                    "Actual Loops": 1
                                },
                                {
                                    "Worker Number": 1,
                                    "Actual Startup Time": 3560.691,
                                    "Actual Total Time": 3560.707,
                                    "Actual Rows": 1,
                                    "Actual Loops": 1
                                },
                                {
                                    "Worker Number": 2,
                                    "Actual Startup Time": 3562.937,
                                    "Actual Total Time": 3562.954,
                                    "Actual Rows": 1,
                                    "Actual Loops": 1
                                },
                                {
                                    "Worker Number": 3,
                                    "Actual Startup Time": 3561.071,
                                    "Actual Total Time": 3561.09,
                                    "Actual Rows": 1,
                                    "Actual Loops": 1
                                }
                            ],
                            "Plans": [
                                {
                                    "Node Type": "Hash Join",
                                    "Parent Relationship": "Outer",
                                    "Parallel Aware": true,
                                    "Join Type": "Inner",
                                    "Startup Cost": 441839.28,
                                    "Total Cost": 512119.56,
                                    "Plan Rows": 204740,
                                    "Plan Width": 33,
                                    "Actual Startup Time": 3244.362,
                                    "Actual Total Time": 3551.519,
                                    "Actual Rows": 115550,
                                    "Actual Loops": 5,
                                    "Output": [
                                        "a1.name",
                                        "t.title"
                                    ],
                                    "Inner Unique": false,
                                    "Hash Cond": "(n1.id = a1.person_id)",
                                    "Workers": [
                                        {
                                            "Worker Number": 0,
                                            "Actual Startup Time": 3275.76,
                                            "Actual Total Time": 3548.179,
                                            "Actual Rows": 152693,
                                            "Actual Loops": 1
                                        },
                                        {
                                            "Worker Number": 1,
                                            "Actual Startup Time": 3235.078,
                                            "Actual Total Time": 3547.104,
                                            "Actual Rows": 110386,
                                            "Actual Loops": 1
                                        },
                                        {
                                            "Worker Number": 2,
                                            "Actual Startup Time": 3264.492,
                                            "Actual Total Time": 3550.364,
                                            "Actual Rows": 98564,
                                            "Actual Loops": 1
                                        },
                                        {
                                            "Worker Number": 3,
                                            "Actual Startup Time": 3226.592,
                                            "Actual Total Time": 3548.153,
                                            "Actual Rows": 101729,
                                            "Actual Loops": 1
                                        }
                                    ],
                                    "Plans": [
                                        {
                                            "Node Type": "Seq Scan",
                                            "Parent Relationship": "Outer",
                                            "Parallel Aware": true,
                                            "Relation Name": "name",
                                            "Schema": "public",
                                            "Alias": "n1",
                                            "Startup Cost": 0.0,
                                            "Total Cost": 66031.94,
                                            "Plan Rows": 1041894,
                                            "Plan Width": 4,
                                            "Actual Startup Time": 0.031,
                                            "Actual Total Time": 142.648,
                                            "Actual Rows": 833498,
                                            "Actual Loops": 5,
                                            "Output": [
                                                "n1.id",
                                                "n1.name",
                                                "n1.imdb_index",
                                                "n1.imdb_id",
                                                "n1.gender",
                                                "n1.name_pcode_cf",
                                                "n1.name_pcode_nf",
                                                "n1.surname_pcode",
                                                "n1.md5sum"
                                            ],
                                            "Workers": [
                                                {
                                                    "Worker Number": 0,
                                                    "Actual Startup Time": 0.033,
                                                    "Actual Total Time": 134.947,
                                                    "Actual Rows": 1074473,
                                                    "Actual Loops": 1
                                                },
                                                {
                                                    "Worker Number": 1,
                                                    "Actual Startup Time": 0.04,
                                                    "Actual Total Time": 147.033,
                                                    "Actual Rows": 759541,
                                                    "Actual Loops": 1
                                                },
                                                {
                                                    "Worker Number": 2,
                                                    "Actual Startup Time": 0.037,
                                                    "Actual Total Time": 144.421,
                                                    "Actual Rows": 696413,
                                                    "Actual Loops": 1
                                                },
                                                {
                                                    "Worker Number": 3,
                                                    "Actual Startup Time": 0.031,
                                                    "Actual Total Time": 144.516,
                                                    "Actual Rows": 775892,
                                                    "Actual Loops": 1
                                                }
                                            ]
                                        },
                                        {
                                            "Node Type": "Hash",
                                            "Parent Relationship": "Inner",
                                            "Parallel Aware": true,
                                            "Startup Cost": 440133.11,
                                            "Total Cost": 440133.11,
                                            "Plan Rows": 136494,
                                            "Plan Width": 41,
                                            "Actual Startup Time": 3198.125,
                                            "Actual Total Time": 3198.726,
                                            "Actual Rows": 115550,
                                            "Actual Loops": 5,
                                            "Output": [
                                                "a1.name",
                                                "a1.person_id",
                                                "ci.person_id",
                                                "t.title"
                                            ],
                                            "Hash Buckets": 1048576,
                                            "Original Hash Buckets": 1048576,
                                            "Hash Batches": 1,
                                            "Original Hash Batches": 1,
                                            "Peak Memory Usage": 54496,
                                            "Workers": [
                                                {
                                                    "Worker Number": 0,
                                                    "Actual Startup Time": 3199.199,
                                                    "Actual Total Time": 3199.215,
                                                    "Actual Rows": 115025,
                                                    "Actual Loops": 1
                                                },
                                                {
                                                    "Worker Number": 1,
                                                    "Actual Startup Time": 3199.452,
                                                    "Actual Total Time": 3199.465,
                                                    "Actual Rows": 119906,
                                                    "Actual Loops": 1
                                                },
                                                {
                                                    "Worker Number": 2,
                                                    "Actual Startup Time": 3199.878,
                                                    "Actual Total Time": 3199.892,
                                                    "Actual Rows": 110407,
                                                    "Actual Loops": 1
                                                },
                                                {
                                                    "Worker Number": 3,
                                                    "Actual Startup Time": 3199.659,
                                                    "Actual Total Time": 3199.675,
                                                    "Actual Rows": 114157,
                                                    "Actual Loops": 1
                                                }
                                            ],
                                            "Plans": [
                                                {
                                                    "Node Type": "Hash Join",
                                                    "Parent Relationship": "Outer",
                                                    "Parallel Aware": true,
                                                    "Join Type": "Inner",
                                                    "Startup Cost": 102948.04,
                                                    "Total Cost": 440133.11,
                                                    "Plan Rows": 136494,
                                                    "Plan Width": 41,
                                                    "Actual Startup Time": 1440.829,
                                                    "Actual Total Time": 3132.214,
                                                    "Actual Rows": 115550,
                                                    "Actual Loops": 5,
                                                    "Output": [
                                                        "a1.name",
                                                        "a1.person_id",
                                                        "ci.person_id",
                                                        "t.title"
                                                    ],
                                                    "Inner Unique": false,
                                                    "Hash Cond": "(ci.person_id = a1.person_id)",
                                                    "Workers": [
                                                        {
                                                            "Worker Number": 0,
                                                            "Actual Startup Time": 1440.87,
                                                            "Actual Total Time": 3130.106,
                                                            "Actual Rows": 115025,
                                                            "Actual Loops": 1
                                                        },
                                                        {
                                                            "Worker Number": 1,
                                                            "Actual Startup Time": 1440.937,
                                                            "Actual Total Time": 3128.974,
                                                            "Actual Rows": 119906,
                                                            "Actual Loops": 1
                                                        },
                                                        {
                                                            "Worker Number": 2,
                                                            "Actual Startup Time": 1440.83,
                                                            "Actual Total Time": 3136.372,
                                                            "Actual Rows": 110407,
                                                            "Actual Loops": 1
                                                        },
                                                        {
                                                            "Worker Number": 3,
                                                            "Actual Startup Time": 1440.754,
                                                            "Actual Total Time": 3131.771,
                                                            "Actual Rows": 114157,
                                                            "Actual Loops": 1
                                                        }
                                                    ],
                                                    "Plans": [
                                                        {
                                                            "Node Type": "Hash Join",
                                                            "Parent Relationship": "Outer",
                                                            "Parallel Aware": true,
                                                            "Join Type": "Inner",
                                                            "Startup Cost": 85010.03,
                                                            "Total Cost": 421541.48,
                                                            "Plan Rows": 56885,
                                                            "Plan Width": 21,
                                                            "Actual Startup Time": 1279.917,
                                                            "Actual Total Time": 2916.628,
                                                            "Actual Rows": 143998,
                                                            "Actual Loops": 5,
                                                            "Output": [
                                                                "ci.person_id",
                                                                "t.title"
                                                            ],
                                                            "Inner Unique": false,
                                                            "Hash Cond": "(ci.movie_id = t.id)",
                                                            "Workers": [
                                                                {
                                                                    "Worker Number": 0,
                                                                    "Actual Startup Time": 1280.238,
                                                                    "Actual Total Time": 2914.823,
                                                                    "Actual Rows": 140882,
                                                                    "Actual Loops": 1
                                                                },
                                                                {
                                                                    "Worker Number": 1,
                                                                    "Actual Startup Time": 1279.991,
                                                                    "Actual Total Time": 2913.242,
                                                                    "Actual Rows": 144094,
                                                                    "Actual Loops": 1
                                                                },
                                                                {
                                                                    "Worker Number": 2,
                                                                    "Actual Startup Time": 1279.786,
                                                                    "Actual Total Time": 2920.608,
                                                                    "Actual Rows": 141554,
                                                                    "Actual Loops": 1
                                                                },
                                                                {
                                                                    "Worker Number": 3,
                                                                    "Actual Startup Time": 1279.682,
                                                                    "Actual Total Time": 2916.074,
                                                                    "Actual Rows": 147063,
                                                                    "Actual Loops": 1
                                                                }
                                                            ],
                                                            "Plans": [
                                                                {
                                                                    "Node Type": "Hash Join",
                                                                    "Parent Relationship": "Outer",
                                                                    "Parallel Aware": false,
                                                                    "Join Type": "Inner",
                                                                    "Startup Cost": 1.16,
                                                                    "Total Cost": 334569.19,
                                                                    "Plan Rows": 503496,
                                                                    "Plan Width": 8,
                                                                    "Actual Startup Time": 620.953,
                                                                    "Actual Total Time": 1931.206,
                                                                    "Actual Rows": 1490395,
                                                                    "Actual Loops": 5,
                                                                    "Output": [
                                                                        "ci.person_id",
                                                                        "ci.movie_id"
                                                                    ],
                                                                    "Inner Unique": true,
                                                                    "Hash Cond": "(ci.role_id = rt.id)",
                                                                    "Workers": [
                                                                        {
                                                                            "Worker Number": 0,
                                                                            "Actual Startup Time": 620.964,
                                                                            "Actual Total Time": 1929.048,
                                                                            "Actual Rows": 1502284,
                                                                            "Actual Loops": 1
                                                                        },
                                                                        {
                                                                            "Worker Number": 1,
                                                                            "Actual Startup Time": 620.946,
                                                                            "Actual Total Time": 1937.716,
                                                                            "Actual Rows": 1475439,
                                                                            "Actual Loops": 1
                                                                        },
                                                                        {
                                                                            "Worker Number": 2,
                                                                            "Actual Startup Time": 620.878,
                                                                            "Actual Total Time": 1921.229,
                                                                            "Actual Rows": 1450192,
                                                                            "Actual Loops": 1
                                                                        },
                                                                        {
                                                                            "Worker Number": 3,
                                                                            "Actual Startup Time": 620.971,
                                                                            "Actual Total Time": 1929.708,
                                                                            "Actual Rows": 1505196,
                                                                            "Actual Loops": 1
                                                                        }
                                                                    ],
                                                                    "Plans": [
                                                                        {
                                                                            "Node Type": "Seq Scan",
                                                                            "Parent Relationship": "Outer",
                                                                            "Parallel Aware": true,
                                                                            "Relation Name": "cast_info",
                                                                            "Schema": "public",
                                                                            "Alias": "ci",
                                                                            "Startup Cost": 0.0,
                                                                            "Total Cost": 313106.51,
                                                                            "Plan Rows": 6041951,
                                                                            "Plan Width": 12,
                                                                            "Actual Startup Time": 0.02,
                                                                            "Actual Total Time": 919.808,
                                                                            "Actual Rows": 7248869,
                                                                            "Actual Loops": 5,
                                                                            "Output": [
                                                                                "ci.id",
                                                                                "ci.person_id",
                                                                                "ci.movie_id",
                                                                                "ci.person_role_id",
                                                                                "ci.note",
                                                                                "ci.nr_order",
                                                                                "ci.role_id"
                                                                            ],
                                                                            "Workers": [
                                                                                {
                                                                                    "Worker Number": 0,
                                                                                    "Actual Startup Time": 0.016,
                                                                                    "Actual Total Time": 914.6,
                                                                                    "Actual Rows": 7730488,
                                                                                    "Actual Loops": 1
                                                                                },
                                                                                {
                                                                                    "Worker Number": 1,
                                                                                    "Actual Startup Time": 0.02,
                                                                                    "Actual Total Time": 917.11,
                                                                                    "Actual Rows": 7061936,
                                                                                    "Actual Loops": 1
                                                                                },
                                                                                {
                                                                                    "Worker Number": 2,
                                                                                    "Actual Startup Time": 0.024,
                                                                                    "Actual Total Time": 937.073,
                                                                                    "Actual Rows": 6998222,
                                                                                    "Actual Loops": 1
                                                                                },
                                                                                {
                                                                                    "Worker Number": 3,
                                                                                    "Actual Startup Time": 0.014,
                                                                                    "Actual Total Time": 914.506,
                                                                                    "Actual Rows": 7216867,
                                                                                    "Actual Loops": 1
                                                                                }
                                                                            ]
                                                                        },
                                                                        {
                                                                            "Node Type": "Hash",
                                                                            "Parent Relationship": "Inner",
                                                                            "Parallel Aware": false,
                                                                            "Startup Cost": 1.15,
                                                                            "Total Cost": 1.15,
                                                                            "Plan Rows": 1,
                                                                            "Plan Width": 4,
                                                                            "Actual Startup Time": 0.064,
                                                                            "Actual Total Time": 0.066,
                                                                            "Actual Rows": 1,
                                                                            "Actual Loops": 5,
                                                                            "Output": [
                                                                                "rt.id"
                                                                            ],
                                                                            "Hash Buckets": 1024,
                                                                            "Original Hash Buckets": 1024,
                                                                            "Hash Batches": 1,
                                                                            "Original Hash Batches": 1,
                                                                            "Peak Memory Usage": 9,
                                                                            "Workers": [
                                                                                {
                                                                                    "Worker Number": 0,
                                                                                    "Actual Startup Time": 0.076,
                                                                                    "Actual Total Time": 0.077,
                                                                                    "Actual Rows": 1,
                                                                                    "Actual Loops": 1
                                                                                },
                                                                                {
                                                                                    "Worker Number": 1,
                                                                                    "Actual Startup Time": 0.044,
                                                                                    "Actual Total Time": 0.046,
                                                                                    "Actual Rows": 1,
                                                                                    "Actual Loops": 1
                                                                                },
                                                                                {
                                                                                    "Worker Number": 2,
                                                                                    "Actual Startup Time": 0.058,
                                                                                    "Actual Total Time": 0.059,
                                                                                    "Actual Rows": 1,
                                                                                    "Actual Loops": 1
                                                                                },
                                                                                {
                                                                                    "Worker Number": 3,
                                                                                    "Actual Startup Time": 0.076,
                                                                                    "Actual Total Time": 0.077,
                                                                                    "Actual Rows": 1,
                                                                                    "Actual Loops": 1
                                                                                }
                                                                            ],
                                                                            "Plans": [
                                                                                {
                                                                                    "Node Type": "Seq Scan",
                                                                                    "Parent Relationship": "Outer",
                                                                                    "Parallel Aware": false,
                                                                                    "Relation Name": "role_type",
                                                                                    "Schema": "public",
                                                                                    "Alias": "rt",
                                                                                    "Startup Cost": 0.0,
                                                                                    "Total Cost": 1.15,
                                                                                    "Plan Rows": 1,
                                                                                    "Plan Width": 4,
                                                                                    "Actual Startup Time": 0.042,
                                                                                    "Actual Total Time": 0.044,
                                                                                    "Actual Rows": 1,
                                                                                    "Actual Loops": 5,
                                                                                    "Output": [
                                                                                        "rt.id"
                                                                                    ],
                                                                                    "Filter": "((rt.role)::text = 'actress'::text)",
                                                                                    "Rows Removed by Filter": 11,
                                                                                    "Workers": [
                                                                                        {
                                                                                            "Worker Number": 0,
                                                                                            "Actual Startup Time": 0.059,
                                                                                            "Actual Total Time": 0.061,
                                                                                            "Actual Rows": 1,
                                                                                            "Actual Loops": 1
                                                                                        },
                                                                                        {
                                                                                            "Worker Number": 1,
                                                                                            "Actual Startup Time": 0.03,
                                                                                            "Actual Total Time": 0.032,
                                                                                            "Actual Rows": 1,
                                                                                            "Actual Loops": 1
                                                                                        },
                                                                                        {
                                                                                            "Worker Number": 2,
                                                                                            "Actual Startup Time": 0.039,
                                                                                            "Actual Total Time": 0.042,
                                                                                            "Actual Rows": 1,
                                                                                            "Actual Loops": 1
                                                                                        },
                                                                                        {
                                                                                            "Worker Number": 3,
                                                                                            "Actual Startup Time": 0.057,
                                                                                            "Actual Total Time": 0.059,
                                                                                            "Actual Rows": 1,
                                                                                            "Actual Loops": 1
                                                                                        }
                                                                                    ]
                                                                                }
                                                                            ]
                                                                        }
                                                                    ]
                                                                },
                                                                {
                                                                    "Node Type": "Hash",
                                                                    "Parent Relationship": "Inner",
                                                                    "Parallel Aware": true,
                                                                    "Startup Cost": 84536.15,
                                                                    "Total Cost": 84536.15,
                                                                    "Plan Rows": 37818,
                                                                    "Plan Width": 25,
                                                                    "Actual Startup Time": 658.451,
                                                                    "Actual Total Time": 659.042,
                                                                    "Actual Rows": 24875,
                                                                    "Actual Loops": 5,
                                                                    "Output": [
                                                                        "mc.movie_id",
                                                                        "t.title",
                                                                        "t.id"
                                                                    ],
                                                                    "Hash Buckets": 131072,
                                                                    "Original Hash Buckets": 131072,
                                                                    "Hash Batches": 1,
                                                                    "Original Hash Batches": 1,
                                                                    "Peak Memory Usage": 8800,
                                                                    "Workers": [
                                                                        {
                                                                            "Worker Number": 0,
                                                                            "Actual Startup Time": 658.619,
                                                                            "Actual Total Time": 658.627,
                                                                            "Actual Rows": 25046,
                                                                            "Actual Loops": 1
                                                                        },
                                                                        {
                                                                            "Worker Number": 1,
                                                                            "Actual Startup Time": 657.957,
                                                                            "Actual Total Time": 657.963,
                                                                            "Actual Rows": 24153,
                                                                            "Actual Loops": 1
                                                                        },
                                                                        {
                                                                            "Worker Number": 2,
                                                                            "Actual Startup Time": 658.485,
                                                                            "Actual Total Time": 658.49,
                                                                            "Actual Rows": 24520,
                                                                            "Actual Loops": 1
                                                                        },
                                                                        {
                                                                            "Worker Number": 3,
                                                                            "Actual Startup Time": 658.613,
                                                                            "Actual Total Time": 658.622,
                                                                            "Actual Rows": 25171,
                                                                            "Actual Loops": 1
                                                                        }
                                                                    ],
                                                                    "Plans": [
                                                                        {
                                                                            "Node Type": "Hash Join",
                                                                            "Parent Relationship": "Outer",
                                                                            "Parallel Aware": true,
                                                                            "Join Type": "Inner",
                                                                            "Startup Cost": 55020.94,
                                                                            "Total Cost": 84536.15,
                                                                            "Plan Rows": 37818,
                                                                            "Plan Width": 25,
                                                                            "Actual Startup Time": 474.787,
                                                                            "Actual Total Time": 643.398,
                                                                            "Actual Rows": 24875,
                                                                            "Actual Loops": 5,
                                                                            "Output": [
                                                                                "mc.movie_id",
                                                                                "t.title",
                                                                                "t.id"
                                                                            ],
                                                                            "Inner Unique": true,
                                                                            "Hash Cond": "(mc.movie_id = t.id)",
                                                                            "Workers": [
                                                                                {
                                                                                    "Worker Number": 0,
                                                                                    "Actual Startup Time": 474.842,
                                                                                    "Actual Total Time": 641.983,
                                                                                    "Actual Rows": 25046,
                                                                                    "Actual Loops": 1
                                                                                },
                                                                                {
                                                                                    "Worker Number": 1,
                                                                                    "Actual Startup Time": 474.711,
                                                                                    "Actual Total Time": 642.619,
                                                                                    "Actual Rows": 24153,
                                                                                    "Actual Loops": 1
                                                                                },
                                                                                {
                                                                                    "Worker Number": 2,
                                                                                    "Actual Startup Time": 474.727,
                                                                                    "Actual Total Time": 645.88,
                                                                                    "Actual Rows": 24520,
                                                                                    "Actual Loops": 1
                                                                                },
                                                                                {
                                                                                    "Worker Number": 3,
                                                                                    "Actual Startup Time": 474.759,
                                                                                    "Actual Total Time": 641.984,
                                                                                    "Actual Rows": 25171,
                                                                                    "Actual Loops": 1
                                                                                }
                                                                            ],
                                                                            "Plans": [
                                                                                {
                                                                                    "Node Type": "Hash Join",
                                                                                    "Parent Relationship": "Outer",
                                                                                    "Parallel Aware": true,
                                                                                    "Join Type": "Inner",
                                                                                    "Startup Cost": 4800.56,
                                                                                    "Total Cost": 34216.49,
                                                                                    "Plan Rows": 37818,
                                                                                    "Plan Width": 4,
                                                                                    "Actual Startup Time": 11.226,
                                                                                    "Actual Total Time": 156.366,
                                                                                    "Actual Rows": 24875,
                                                                                    "Actual Loops": 5,
                                                                                    "Output": [
                                                                                        "mc.movie_id"
                                                                                    ],
                                                                                    "Inner Unique": true,
                                                                                    "Hash Cond": "(mc.company_id = cn.id)",
                                                                                    "Workers": [
                                                                                        {
                                                                                            "Worker Number": 0,
                                                                                            "Actual Startup Time": 11.279,
                                                                                            "Actual Total Time": 155.262,
                                                                                            "Actual Rows": 25046,
                                                                                            "Actual Loops": 1
                                                                                        },
                                                                                        {
                                                                                            "Worker Number": 1,
                                                                                            "Actual Startup Time": 11.154,
                                                                                            "Actual Total Time": 157.057,
                                                                                            "Actual Rows": 24153,
                                                                                            "Actual Loops": 1
                                                                                        },
                                                                                        {
                                                                                            "Worker Number": 2,
                                                                                            "Actual Startup Time": 11.146,
                                                                                            "Actual Total Time": 156.038,
                                                                                            "Actual Rows": 24520,
                                                                                            "Actual Loops": 1
                                                                                        },
                                                                                        {
                                                                                            "Worker Number": 3,
                                                                                            "Actual Startup Time": 11.219,
                                                                                            "Actual Total Time": 155.167,
                                                                                            "Actual Rows": 25171,
                                                                                            "Actual Loops": 1
                                                                                        }
                                                                                    ],
                                                                                    "Plans": [
                                                                                        {
                                                                                            "Node Type": "Seq Scan",
                                                                                            "Parent Relationship": "Outer",
                                                                                            "Parallel Aware": true,
                                                                                            "Relation Name": "movie_companies",
                                                                                            "Schema": "public",
                                                                                            "Alias": "mc",
                                                                                            "Startup Cost": 0.0,
                                                                                            "Total Cost": 27206.55,
                                                                                            "Plan Rows": 841655,
                                                                                            "Plan Width": 8,
                                                                                            "Actual Startup Time": 0.019,
                                                                                            "Actual Total Time": 70.513,
                                                                                            "Actual Rows": 521826,
                                                                                            "Actual Loops": 5,
                                                                                            "Output": [
                                                                                                "mc.id",
                                                                                                "mc.movie_id",
                                                                                                "mc.company_id",
                                                                                                "mc.company_type_id",
                                                                                                "mc.note"
                                                                                            ],
                                                                                            "Workers": [
                                                                                                {
                                                                                                    "Worker Number": 0,
                                                                                                    "Actual Startup Time": 0.021,
                                                                                                    "Actual Total Time": 69.479,
                                                                                                    "Actual Rows": 524123,
                                                                                                    "Actual Loops": 1
                                                                                                },
                                                                                                {
                                                                                                    "Worker Number": 1,
                                                                                                    "Actual Startup Time": 0.025,
                                                                                                    "Actual Total Time": 72.521,
                                                                                                    "Actual Rows": 517546,
                                                                                                    "Actual Loops": 1
                                                                                                },
                                                                                                {
                                                                                                    "Worker Number": 2,
                                                                                                    "Actual Startup Time": 0.021,
                                                                                                    "Actual Total Time": 72.101,
                                                                                                    "Actual Rows": 512551,
                                                                                                    "Actual Loops": 1
                                                                                                },
                                                                                                {
                                                                                                    "Worker Number": 3,
                                                                                                    "Actual Startup Time": 0.015,
                                                                                                    "Actual Total Time": 69.562,
                                                                                                    "Actual Rows": 525027,
                                                                                                    "Actual Loops": 1
                                                                                                }
                                                                                            ]
                                                                                        },
                                                                                        {
                                                                                            "Node Type": "Hash",
                                                                                            "Parent Relationship": "Inner",
                                                                                            "Parallel Aware": true,
                                                                                            "Startup Cost": 4722.92,
                                                                                            "Total Cost": 4722.92,
                                                                                            "Plan Rows": 6211,
                                                                                            "Plan Width": 4,
                                                                                            "Actual Startup Time": 10.985,
                                                                                            "Actual Total Time": 10.986,
                                                                                            "Actual Rows": 2079,
                                                                                            "Actual Loops": 5,
                                                                                            "Output": [
                                                                                                "cn.id"
                                                                                            ],
                                                                                            "Hash Buckets": 16384,
                                                                                            "Original Hash Buckets": 16384,
                                                                                            "Hash Batches": 1,
                                                                                            "Original Hash Batches": 1,
                                                                                            "Peak Memory Usage": 608,
                                                                                            "Workers": [
                                                                                                {
                                                                                                    "Worker Number": 0,
                                                                                                    "Actual Startup Time": 11.044,
                                                                                                    "Actual Total Time": 11.046,
                                                                                                    "Actual Rows": 2072,
                                                                                                    "Actual Loops": 1
                                                                                                },
                                                                                                {
                                                                                                    "Worker Number": 1,
                                                                                                    "Actual Startup Time": 11.021,
                                                                                                    "Actual Total Time": 11.022,
                                                                                                    "Actual Rows": 2082,
                                                                                                    "Actual Loops": 1
                                                                                                },
                                                                                                {
                                                                                                    "Worker Number": 2,
                                                                                                    "Actual Startup Time": 10.971,
                                                                                                    "Actual Total Time": 10.972,
                                                                                                    "Actual Rows": 1964,
                                                                                                    "Actual Loops": 1
                                                                                                },
                                                                                                {
                                                                                                    "Worker Number": 3,
                                                                                                    "Actual Startup Time": 10.917,
                                                                                                    "Actual Total Time": 10.919,
                                                                                                    "Actual Rows": 2186,
                                                                                                    "Actual Loops": 1
                                                                                                }
                                                                                            ],
                                                                                            "Plans": [
                                                                                                {
                                                                                                    "Node Type": "Seq Scan",
                                                                                                    "Parent Relationship": "Outer",
                                                                                                    "Parallel Aware": true,
                                                                                                    "Relation Name": "company_name",
                                                                                                    "Schema": "public",
                                                                                                    "Alias": "cn",
                                                                                                    "Startup Cost": 0.0,
                                                                                                    "Total Cost": 4722.92,
                                                                                                    "Plan Rows": 6211,
                                                                                                    "Plan Width": 4,
                                                                                                    "Actual Startup Time": 0.035,
                                                                                                    "Actual Total Time": 9.795,
                                                                                                    "Actual Rows": 2079,
                                                                                                    "Actual Loops": 5,
                                                                                                    "Output": [
                                                                                                        "cn.id"
                                                                                                    ],
                                                                                                    "Filter": "((cn.country_code)::text = '[fr]'::text)",
                                                                                                    "Rows Removed by Filter": 44921,
                                                                                                    "Workers": [
                                                                                                        {
                                                                                                            "Worker Number": 0,
                                                                                                            "Actual Startup Time": 0.041,
                                                                                                            "Actual Total Time": 9.745,
                                                                                                            "Actual Rows": 2072,
                                                                                                            "Actual Loops": 1
                                                                                                        },
                                                                                                        {
                                                                                                            "Worker Number": 1,
                                                                                                            "Actual Startup Time": 0.035,
                                                                                                            "Actual Total Time": 9.834,
                                                                                                            "Actual Rows": 2082,
                                                                                                            "Actual Loops": 1
                                                                                                        },
                                                                                                        {
                                                                                                            "Worker Number": 2,
                                                                                                            "Actual Startup Time": 0.042,
                                                                                                            "Actual Total Time": 9.732,
                                                                                                            "Actual Rows": 1964,
                                                                                                            "Actual Loops": 1
                                                                                                        },
                                                                                                        {
                                                                                                            "Worker Number": 3,
                                                                                                            "Actual Startup Time": 0.031,
                                                                                                            "Actual Total Time": 9.96,
                                                                                                            "Actual Rows": 2186,
                                                                                                            "Actual Loops": 1
                                                                                                        }
                                                                                                    ]
                                                                                                }
                                                                                            ]
                                                                                        }
                                                                                    ]
                                                                                },
                                                                                {
                                                                                    "Node Type": "Hash",
                                                                                    "Parent Relationship": "Inner",
                                                                                    "Parallel Aware": true,
                                                                                    "Startup Cost": 42319.06,
                                                                                    "Total Cost": 42319.06,
                                                                                    "Plan Rows": 632106,
                                                                                    "Plan Width": 21,
                                                                                    "Actual Startup Time": 455.864,
                                                                                    "Actual Total Time": 455.866,
                                                                                    "Actual Rows": 505662,
                                                                                    "Actual Loops": 5,
                                                                                    "Output": [
                                                                                        "t.title",
                                                                                        "t.id"
                                                                                    ],
                                                                                    "Hash Buckets": 4194304,
                                                                                    "Original Hash Buckets": 4194304,
                                                                                    "Hash Batches": 1,
                                                                                    "Original Hash Batches": 1,
                                                                                    "Peak Memory Usage": 174816,
                                                                                    "Workers": [
                                                                                        {
                                                                                            "Worker Number": 0,
                                                                                            "Actual Startup Time": 425.47,
                                                                                            "Actual Total Time": 425.471,
                                                                                            "Actual Rows": 529515,
                                                                                            "Actual Loops": 1
                                                                                        },
                                                                                        {
                                                                                            "Worker Number": 1,
                                                                                            "Actual Startup Time": 463.491,
                                                                                            "Actual Total Time": 463.491,
                                                                                            "Actual Rows": 503987,
                                                                                            "Actual Loops": 1
                                                                                        },
                                                                                        {
                                                                                            "Worker Number": 2,
                                                                                            "Actual Startup Time": 463.44,
                                                                                            "Actual Total Time": 463.441,
                                                                                            "Actual Rows": 482383,
                                                                                            "Actual Loops": 1
                                                                                        },
                                                                                        {
                                                                                            "Worker Number": 3,
                                                                                            "Actual Startup Time": 463.46,
                                                                                            "Actual Total Time": 463.461,
                                                                                            "Actual Rows": 505852,
                                                                                            "Actual Loops": 1
                                                                                        }
                                                                                    ],
                                                                                    "Plans": [
                                                                                        {
                                                                                            "Node Type": "Seq Scan",
                                                                                            "Parent Relationship": "Outer",
                                                                                            "Parallel Aware": true,
                                                                                            "Relation Name": "title",
                                                                                            "Schema": "public",
                                                                                            "Alias": "t",
                                                                                            "Startup Cost": 0.0,
                                                                                            "Total Cost": 42319.06,
                                                                                            "Plan Rows": 632106,
                                                                                            "Plan Width": 21,
                                                                                            "Actual Startup Time": 0.065,
                                                                                            "Actual Total Time": 120.041,
                                                                                            "Actual Rows": 505662,
                                                                                            "Actual Loops": 5,
                                                                                            "Output": [
                                                                                                "t.title",
                                                                                                "t.id"
                                                                                            ],
                                                                                            "Workers": [
                                                                                                {
                                                                                                    "Worker Number": 0,
                                                                                                    "Actual Startup Time": 0.053,
                                                                                                    "Actual Total Time": 121.381,
                                                                                                    "Actual Rows": 529515,
                                                                                                    "Actual Loops": 1
                                                                                                },
                                                                                                {
                                                                                                    "Worker Number": 1,
                                                                                                    "Actual Startup Time": 0.091,
                                                                                                    "Actual Total Time": 119.682,
                                                                                                    "Actual Rows": 503987,
                                                                                                    "Actual Loops": 1
                                                                                                },
                                                                                                {
                                                                                                    "Worker Number": 2,
                                                                                                    "Actual Startup Time": 0.072,
                                                                                                    "Actual Total Time": 121.427,
                                                                                                    "Actual Rows": 482383,
                                                                                                    "Actual Loops": 1
                                                                                                },
                                                                                                {
                                                                                                    "Worker Number": 3,
                                                                                                    "Actual Startup Time": 0.062,
                                                                                                    "Actual Total Time": 119.106,
                                                                                                    "Actual Rows": 505852,
                                                                                                    "Actual Loops": 1
                                                                                                }
                                                                                            ]
                                                                                        }
                                                                                    ]
                                                                                }
                                                                            ]
                                                                        }
                                                                    ]
                                                                }
                                                            ]
                                                        },
                                                        {
                                                            "Node Type": "Hash",
                                                            "Parent Relationship": "Inner",
                                                            "Parallel Aware": true,
                                                            "Startup Cost": 14303.56,
                                                            "Total Cost": 14303.56,
                                                            "Plan Rows": 290756,
                                                            "Plan Width": 20,
                                                            "Actual Startup Time": 158.334,
                                                            "Actual Total Time": 158.335,
                                                            "Actual Rows": 180269,
                                                            "Actual Loops": 5,
                                                            "Output": [
                                                                "a1.name",
                                                                "a1.person_id"
                                                            ],
                                                            "Hash Buckets": 1048576,
                                                            "Original Hash Buckets": 1048576,
                                                            "Hash Batches": 1,
                                                            "Original Hash Batches": 1,
                                                            "Peak Memory Usage": 58112,
                                                            "Workers": [
                                                                {
                                                                    "Worker Number": 0,
                                                                    "Actual Startup Time": 160.49,
                                                                    "Actual Total Time": 160.491,
                                                                    "Actual Rows": 175921,
                                                                    "Actual Loops": 1
                                                                },
                                                                {
                                                                    "Worker Number": 1,
                                                                    "Actual Startup Time": 160.505,
                                                                    "Actual Total Time": 160.506,
                                                                    "Actual Rows": 180111,
                                                                    "Actual Loops": 1
                                                                },
                                                                {
                                                                    "Worker Number": 2,
                                                                    "Actual Startup Time": 160.504,
                                                                    "Actual Total Time": 160.505,
                                                                    "Actual Rows": 161347,
                                                                    "Actual Loops": 1
                                                                },
                                                                {
                                                                    "Worker Number": 3,
                                                                    "Actual Startup Time": 160.489,
                                                                    "Actual Total Time": 160.489,
                                                                    "Actual Rows": 175030,
                                                                    "Actual Loops": 1
                                                                }
                                                            ],
                                                            "Plans": [
                                                                {
                                                                    "Node Type": "Seq Scan",
                                                                    "Parent Relationship": "Outer",
                                                                    "Parallel Aware": true,
                                                                    "Relation Name": "aka_name",
                                                                    "Schema": "public",
                                                                    "Alias": "a1",
                                                                    "Startup Cost": 0.0,
                                                                    "Total Cost": 14303.56,
                                                                    "Plan Rows": 290756,
                                                                    "Plan Width": 20,
                                                                    "Actual Startup Time": 0.059,
                                                                    "Actual Total Time": 49.606,
                                                                    "Actual Rows": 180269,
                                                                    "Actual Loops": 5,
                                                                    "Output": [
                                                                        "a1.name",
                                                                        "a1.person_id"
                                                                    ],
                                                                    "Workers": [
                                                                        {
                                                                            "Worker Number": 0,
                                                                            "Actual Startup Time": 0.068,
                                                                            "Actual Total Time": 49.73,
                                                                            "Actual Rows": 175921,
                                                                            "Actual Loops": 1
                                                                        },
                                                                        {
                                                                            "Worker Number": 1,
                                                                            "Actual Startup Time": 0.085,
                                                                            "Actual Total Time": 50.114,
                                                                            "Actual Rows": 180111,
                                                                            "Actual Loops": 1
                                                                        },
                                                                        {
                                                                            "Worker Number": 2,
                                                                            "Actual Startup Time": 0.053,
                                                                            "Actual Total Time": 48.993,
                                                                            "Actual Rows": 161347,
                                                                            "Actual Loops": 1
                                                                        },
                                                                        {
                                                                            "Worker Number": 3,
                                                                            "Actual Startup Time": 0.07,
                                                                            "Actual Total Time": 49.932,
                                                                            "Actual Rows": 175030,
                                                                            "Actual Loops": 1
                                                                        }
                                                                    ]
                                                                }
                                                            ]
                                                        }
                                                    ]
                                                }
                                            ]
                                        }
                                    ]
                                }
                            ]
                        }
                    ]
                }
            ]
        },
        "Planning Time": 2753.518,
        "Triggers": [],
        "Execution Time": 3915.495
    }
]