[
  {
    "Plan": {
      "Node Type": "Aggregate",
      "Strategy": "Plain",
      "Partial Mode": "Finalize",
      "Parallel Aware": false,
      "Startup Cost": 33177.26,
      "Total Cost": 33177.27,
      "Plan Rows": 1,
      "Plan Width": 8,
      "Actual Startup Time": 90.24,
      "Actual Total Time": 95.703,
      "Actual Rows": 1,
      "Actual Loops": 1,
      "Plans": [
        {
          "Node Type": "Gather",
          "Parent Relationship": "Outer",
          "Parallel Aware": false,
          "Startup Cost": 33176.94,
          "Total Cost": 33177.25,
          "Plan Rows": 3,
          "Plan Width": 8,
          "Actual Startup Time": 90.12,
          "Actual Total Time": 95.695,
          "Actual Rows": 4,
          "Actual Loops": 1,
          "Workers Planned": 3,
          "Workers Launched": 3,
          "Single Copy": false,
          "Plans": [
            {
              "Node Type": "Aggregate",
              "Strategy": "Plain",
              "Partial Mode": "Partial",
              "Parent Relationship": "Outer",
              "Parallel Aware": false,
              "Startup Cost": 32176.94,
              "Total Cost": 32176.95,
              "Plan Rows": 1,
              "Plan Width": 8,
              "Actual Startup Time": 84.975,
              "Actual Total Time": 84.976,
              "Actual Rows": 1,
              "Actual Loops": 4,
              "Plans": [
                {
                  "Node Type": "Seq Scan",
                  "Parent Relationship": "Outer",
                  "Parallel Aware": true,
                  "Relation Name": "movie_companies",
                  "Alias": "mc",
                  "Startup Cost": 0.0,
                  "Total Cost": 31414.82,
                  "Plan Rows": 304850,
                  "Plan Width": 0,
                  "Actual Startup Time": 39.103,
                  "Actual Total Time": 76.827,
                  "Actual Rows": 158624,
                  "Actual Loops": 4,
                  "Filter": "((company_id < 36397) AND (company_type_id > 1))",
                  "Rows Removed by Filter": 493659
                }
              ]
            }
          ]
        }
      ]
    },
    "Planning Time": 0.109,
    "Triggers": [],
    "Execution Time": 95.736
  }
]