{
    "Plan": {
        "Node Type": "Aggregate",
        "Strategy": "Plain",
        "Partial Mode": "Simple",
        "Parallel Aware": false,
        "Startup Cost": 80011744297.72,
        "Total Cost": 80011744297.73,
        "Plan Rows": 1,
        "Plan Width": 64,
        "Actual Startup Time": 22574.017,
        "Actual Total Time": 22574.035,
        "Actual Rows": 1,
        "Actual Loops": 1,
        "Output": [
            "min(n.name)",
            "min(t.title)"
        ],
        "Plans": [
            {
                "Node Type": "Nested Loop",
                "Parent Relationship": "Outer",
                "Parallel Aware": false,
                "Join Type": "Inner",
                "Startup Cost": 80011741971.16,
                "Total Cost": 80011744297.72,
                "Plan Rows": 1,
                "Plan Width": 32,
                "Actual Startup Time": 22545.134,
                "Actual Total Time": 22574.017,
                "Actual Rows": 13,
                "Actual Loops": 1,
                "Output": [
                    "n.name",
                    "t.title"
                ],
                "Inner Unique": true,
                "Plans": [
                    {
                        "Node Type": "Hash Join",
                        "Parent Relationship": "Outer",
                        "Parallel Aware": false,
                        "Join Type": "Inner",
                        "Startup Cost": 70011741970.7,
                        "Total Cost": 70011744293.25,
                        "Plan Rows": 1,
                        "Plan Width": 36,
                        "Actual Startup Time": 22545.084,
                        "Actual Total Time": 22573.91,
                        "Actual Rows": 13,
                        "Actual Loops": 1,
                        "Output": [
                            "ci.person_role_id",
                            "n.name",
                            "t.title"
                        ],
                        "Inner Unique": false,
                        "Hash Cond": "(mc.company_id = cn.id)",
                        "Plans": [
                            {
                                "Node Type": "Nested Loop",
                                "Parent Relationship": "Outer",
                                "Parallel Aware": false,
                                "Join Type": "Inner",
                                "Startup Cost": 60011734984.48,
                                "Total Cost": 60011737307.01,
                                "Plan Rows": 1,
                                "Plan Width": 40,
                                "Actual Startup Time": 22464.165,
                                "Actual Total Time": 22492.983,
                                "Actual Rows": 13,
                                "Actual Loops": 1,
                                "Output": [
                                    "ci.person_role_id",
                                    "mc.company_id",
                                    "n.name",
                                    "t.title"
                                ],
                                "Inner Unique": true,
                                "Plans": [
                                    {
                                        "Node Type": "Nested Loop",
                                        "Parent Relationship": "Outer",
                                        "Parallel Aware": false,
                                        "Join Type": "Inner",
                                        "Startup Cost": 50011734984.33,
                                        "Total Cost": 50011737294.66,
                                        "Plan Rows": 2,
                                        "Plan Width": 44,
                                        "Actual Startup Time": 22464.136,
                                        "Actual Total Time": 22492.902,
                                        "Actual Rows": 13,
                                        "Actual Loops": 1,
                                        "Output": [
                                            "ci.person_role_id",
                                            "mc.company_id",
                                            "mi.info_type_id",
                                            "n.name",
                                            "t.title"
                                        ],
                                        "Inner Unique": false,
                                        "Join Filter": "(t.id = mc.movie_id)",
                                        "Rows Removed by Join Filter": 0,
                                        "Plans": [
                                            {
                                                "Node Type": "Merge Join",
                                                "Parent Relationship": "Outer",
                                                "Parallel Aware": false,
                                                "Join Type": "Inner",
                                                "Startup Cost": 40011734983.84,
                                                "Total Cost": 40011737280.91,
                                                "Plan Rows": 3,
                                                "Plan Width": 52,
                                                "Actual Startup Time": 22464.063,
                                                "Actual Total Time": 22492.618,
                                                "Actual Rows": 17,
                                                "Actual Loops": 1,
                                                "Output": [
                                                    "ci.movie_id",
                                                    "ci.person_role_id",
                                                    "mi.movie_id",
                                                    "mi.info_type_id",
                                                    "n.name",
                                                    "t.title",
                                                    "t.id"
                                                ],
                                                "Inner Unique": false,
                                                "Merge Cond": "(mi.movie_id = t.id)",
                                                "Plans": [
                                                    {
                                                        "Node Type": "Sort",
                                                        "Parent Relationship": "Outer",
                                                        "Parallel Aware": false,
                                                        "Startup Cost": 10000426529.96,
                                                        "Total Cost": 10000427678.6,
                                                        "Plan Rows": 459453,
                                                        "Plan Width": 8,
                                                        "Actual Startup Time": 2493.662,
                                                        "Actual Total Time": 2506.288,
                                                        "Actual Rows": 354130,
                                                        "Actual Loops": 1,
                                                        "Output": [
                                                            "mi.movie_id",
                                                            "mi.info_type_id"
                                                        ],
                                                        "Sort Key": [
                                                            "mi.movie_id"
                                                        ],
                                                        "Sort Method": "quicksort",
                                                        "Sort Space Used": 33434,
                                                        "Sort Space Type": "Memory",
                                                        "Plans": [
                                                            {
                                                                "Node Type": "Seq Scan",
                                                                "Parent Relationship": "Outer",
                                                                "Parallel Aware": false,
                                                                "Relation Name": "movie_info",
                                                                "Schema": "public",
                                                                "Alias": "mi",
                                                                "Startup Cost": 10000000000.0,
                                                                "Total Cost": 10000383319.42,
                                                                "Plan Rows": 459453,
                                                                "Plan Width": 8,
                                                                "Actual Startup Time": 286.824,
                                                                "Actual Total Time": 2392.386,
                                                                "Actual Rows": 451104,
                                                                "Actual Loops": 1,
                                                                "Output": [
                                                                    "mi.movie_id",
                                                                    "mi.info_type_id"
                                                                ],
                                                                "Filter": "((mi.info IS NOT NULL) AND ((mi.info ~~ 'Japan:%200%'::text) OR (mi.info ~~ 'USA:%200%'::text)))",
                                                                "Rows Removed by Filter": 14384616
                                                            }
                                                        ]
                                                    },
                                                    {
                                                        "Node Type": "Sort",
                                                        "Parent Relationship": "Inner",
                                                        "Parallel Aware": false,
                                                        "Startup Cost": 30011308453.65,
                                                        "Total Cost": 30011308453.66,
                                                        "Plan Rows": 5,
                                                        "Plan Width": 44,
                                                        "Actual Startup Time": 19969.407,
                                                        "Actual Total Time": 19969.424,
                                                        "Actual Rows": 22,
                                                        "Actual Loops": 1,
                                                        "Output": [
                                                            "ci.movie_id",
                                                            "ci.person_role_id",
                                                            "n.name",
                                                            "t.title",
                                                            "t.id"
                                                        ],
                                                        "Sort Key": [
                                                            "ci.movie_id"
                                                        ],
                                                        "Sort Method": "quicksort",
                                                        "Sort Space Used": 27,
                                                        "Sort Space Type": "Memory",
                                                        "Plans": [
                                                            {
                                                                "Node Type": "Hash Join",
                                                                "Parent Relationship": "Outer",
                                                                "Parallel Aware": false,
                                                                "Join Type": "Inner",
                                                                "Startup Cost": 30011189509.5,
                                                                "Total Cost": 30011308453.59,
                                                                "Plan Rows": 5,
                                                                "Plan Width": 44,
                                                                "Actual Startup Time": 19676.624,
                                                                "Actual Total Time": 19969.362,
                                                                "Actual Rows": 22,
                                                                "Actual Loops": 1,
                                                                "Output": [
                                                                    "ci.movie_id",
                                                                    "ci.person_role_id",
                                                                    "n.name",
                                                                    "t.title",
                                                                    "t.id"
                                                                ],
                                                                "Inner Unique": true,
                                                                "Hash Cond": "(ci.role_id = rt.id)",
                                                                "Plans": [
                                                                    {
                                                                        "Node Type": "Hash Join",
                                                                        "Parent Relationship": "Outer",
                                                                        "Parallel Aware": false,
                                                                        "Join Type": "Inner",
                                                                        "Startup Cost": 30011189497.14,
                                                                        "Total Cost": 30011308440.99,
                                                                        "Plan Rows": 66,
                                                                        "Plan Width": 48,
                                                                        "Actual Startup Time": 19676.143,
                                                                        "Actual Total Time": 19969.311,
                                                                        "Actual Rows": 23,
                                                                        "Actual Loops": 1,
                                                                        "Output": [
                                                                            "ci.movie_id",
                                                                            "ci.role_id",
                                                                            "ci.person_role_id",
                                                                            "n.name",
                                                                            "t.title",
                                                                            "t.id"
                                                                        ],
                                                                        "Inner Unique": false,
                                                                        "Hash Cond": "(n.id = an.person_id)",
                                                                        "Plans": [
                                                                            {
                                                                                "Node Type": "Hash Join",
                                                                                "Parent Relationship": "Outer",
                                                                                "Parallel Aware": false,
                                                                                "Join Type": "Inner",
                                                                                "Startup Cost": 20011157820.92,
                                                                                "Total Cost": 20011276759.59,
                                                                                "Plan Rows": 27,
                                                                                "Plan Width": 56,
                                                                                "Actual Startup Time": 19431.973,
                                                                                "Actual Total Time": 19725.112,
                                                                                "Actual Rows": 45,
                                                                                "Actual Loops": 1,
                                                                                "Output": [
                                                                                    "ci.movie_id",
                                                                                    "ci.person_id",
                                                                                    "ci.role_id",
                                                                                    "ci.person_role_id",
                                                                                    "n.name",
                                                                                    "n.id",
                                                                                    "t.title",
                                                                                    "t.id"
                                                                                ],
                                                                                "Inner Unique": false,
                                                                                "Hash Cond": "(n.id = ci.person_id)",
                                                                                "Plans": [
                                                                                    {
                                                                                        "Node Type": "Seq Scan",
                                                                                        "Parent Relationship": "Outer",
                                                                                        "Parallel Aware": false,
                                                                                        "Relation Name": "name",
                                                                                        "Schema": "public",
                                                                                        "Alias": "n",
                                                                                        "Startup Cost": 10000000000.0,
                                                                                        "Total Cost": 10000118126.24,
                                                                                        "Plan Rows": 94,
                                                                                        "Plan Width": 19,
                                                                                        "Actual Startup Time": 210.134,
                                                                                        "Actual Total Time": 503.249,
                                                                                        "Actual Rows": 304,
                                                                                        "Actual Loops": 1,
                                                                                        "Output": [
                                                                                            "n.id",
                                                                                            "n.name",
                                                                                            "n.imdb_index",
                                                                                            "n.imdb_id",
                                                                                            "n.gender",
                                                                                            "n.name_pcode_cf",
                                                                                            "n.name_pcode_nf",
                                                                                            "n.surname_pcode",
                                                                                            "n.md5sum"
                                                                                        ],
                                                                                        "Filter": "((n.name ~~ '%Fatima%'::text) AND ((n.gender)::text = 'f'::text))",
                                                                                        "Rows Removed by Filter": 4167187
                                                                                    },
                                                                                    {
                                                                                        "Node Type": "Hash",
                                                                                        "Parent Relationship": "Inner",
                                                                                        "Parallel Aware": false,
                                                                                        "Startup Cost": 10011142781.62,
                                                                                        "Total Cost": 10011142781.62,
                                                                                        "Plan Rows": 1203144,
                                                                                        "Plan Width": 37,
                                                                                        "Actual Startup Time": 19218.503,
                                                                                        "Actual Total Time": 19218.506,
                                                                                        "Actual Rows": 1263892,
                                                                                        "Actual Loops": 1,
                                                                                        "Output": [
                                                                                            "ci.movie_id",
                                                                                            "ci.person_id",
                                                                                            "ci.role_id",
                                                                                            "ci.person_role_id",
                                                                                            "t.title",
                                                                                            "t.id"
                                                                                        ],
                                                                                        "Hash Buckets": 2097152,
                                                                                        "Original Hash Buckets": 2097152,
                                                                                        "Hash Batches": 1,
                                                                                        "Original Hash Batches": 1,
                                                                                        "Peak Memory Usage": 98922,
                                                                                        "Plans": [
                                                                                            {
                                                                                                "Node Type": "Nested Loop",
                                                                                                "Parent Relationship": "Outer",
                                                                                                "Parallel Aware": false,
                                                                                                "Join Type": "Inner",
                                                                                                "Startup Cost": 10000000000.45,
                                                                                                "Total Cost": 10011142781.62,
                                                                                                "Plan Rows": 1203144,
                                                                                                "Plan Width": 37,
                                                                                                "Actual Startup Time": 0.119,
                                                                                                "Actual Total Time": 18611.911,
                                                                                                "Actual Rows": 1263892,
                                                                                                "Actual Loops": 1,
                                                                                                "Output": [
                                                                                                    "ci.movie_id",
                                                                                                    "ci.person_id",
                                                                                                    "ci.role_id",
                                                                                                    "ci.person_role_id",
                                                                                                    "t.title",
                                                                                                    "t.id"
                                                                                                ],
                                                                                                "Inner Unique": true,
                                                                                                "Plans": [
                                                                                                    {
                                                                                                        "Node Type": "Seq Scan",
                                                                                                        "Parent Relationship": "Outer",
                                                                                                        "Parallel Aware": false,
                                                                                                        "Relation Name": "cast_info",
                                                                                                        "Schema": "public",
                                                                                                        "Alias": "ci",
                                                                                                        "Startup Cost": 0.0,
                                                                                                        "Total Cost": 796478.64,
                                                                                                        "Plan Rows": 2314190,
                                                                                                        "Plan Width": 16,
                                                                                                        "Actual Startup Time": 0.028,
                                                                                                        "Actual Total Time": 3997.164,
                                                                                                        "Actual Rows": 2401212,
                                                                                                        "Actual Loops": 1,
                                                                                                        "Output": [
                                                                                                            "ci.id",
                                                                                                            "ci.person_id",
                                                                                                            "ci.movie_id",
                                                                                                            "ci.person_role_id",
                                                                                                            "ci.note",
                                                                                                            "ci.nr_order",
                                                                                                            "ci.role_id"
                                                                                                        ],
                                                                                                        "Filter": "(ci.note = ANY ('{(writer),(uncredited),\"(executive producer)\",\"(as Fatima)\"}'::text[]))",
                                                                                                        "Rows Removed by Filter": 33843132
                                                                                                    },
                                                                                                    {
                                                                                                        "Node Type": "Bitmap Heap Scan",
                                                                                                        "Parent Relationship": "Inner",
                                                                                                        "Parallel Aware": false,
                                                                                                        "Relation Name": "title",
                                                                                                        "Schema": "public",
                                                                                                        "Alias": "t",
                                                                                                        "Startup Cost": 0.45,
                                                                                                        "Total Cost": 4.47,
                                                                                                        "Plan Rows": 1,
                                                                                                        "Plan Width": 21,
                                                                                                        "Actual Startup Time": 0.004,
                                                                                                        "Actual Total Time": 0.004,
                                                                                                        "Actual Rows": 1,
                                                                                                        "Actual Loops": 2401212,
                                                                                                        "Output": [
                                                                                                            "t.id",
                                                                                                            "t.title",
                                                                                                            "t.imdb_index",
                                                                                                            "t.kind_id",
                                                                                                            "t.production_year",
                                                                                                            "t.imdb_id",
                                                                                                            "t.phonetic_code",
                                                                                                            "t.episode_of_id",
                                                                                                            "t.season_nr",
                                                                                                            "t.episode_nr",
                                                                                                            "t.series_years",
                                                                                                            "t.md5sum"
                                                                                                        ],
                                                                                                        "Recheck Cond": "(t.id = ci.movie_id)",
                                                                                                        "Rows Removed by Index Recheck": 0,
                                                                                                        "Filter": "((t.production_year >= 2001) AND (t.production_year <= 2012))",
                                                                                                        "Rows Removed by Filter": 0,
                                                                                                        "Exact Heap Blocks": 2401212,
                                                                                                        "Lossy Heap Blocks": 0,
                                                                                                        "Plans": [
                                                                                                            {
                                                                                                                "Node Type": "Bitmap Index Scan",
                                                                                                                "Parent Relationship": "Outer",
                                                                                                                "Parallel Aware": false,
                                                                                                                "Index Name": "title_pkey",
                                                                                                                "Startup Cost": 0.0,
                                                                                                                "Total Cost": 0.45,
                                                                                                                "Plan Rows": 1,
                                                                                                                "Plan Width": 0,
                                                                                                                "Actual Startup Time": 0.002,
                                                                                                                "Actual Total Time": 0.002,
                                                                                                                "Actual Rows": 1,
                                                                                                                "Actual Loops": 2401212,
                                                                                                                "Index Cond": "(t.id = ci.movie_id)"
                                                                                                            }
                                                                                                        ]
                                                                                                    }
                                                                                                ]
                                                                                            }
                                                                                        ]
                                                                                    }
                                                                                ]
                                                                            },
                                                                            {
                                                                                "Node Type": "Hash",
                                                                                "Parent Relationship": "Inner",
                                                                                "Parallel Aware": false,
                                                                                "Startup Cost": 10000020409.43,
                                                                                "Total Cost": 10000020409.43,
                                                                                "Plan Rows": 901343,
                                                                                "Plan Width": 4,
                                                                                "Actual Startup Time": 242.527,
                                                                                "Actual Total Time": 242.528,
                                                                                "Actual Rows": 901343,
                                                                                "Actual Loops": 1,
                                                                                "Output": [
                                                                                    "an.person_id"
                                                                                ],
                                                                                "Hash Buckets": 1048576,
                                                                                "Original Hash Buckets": 1048576,
                                                                                "Hash Batches": 1,
                                                                                "Original Hash Batches": 1,
                                                                                "Peak Memory Usage": 39880,
                                                                                "Plans": [
                                                                                    {
                                                                                        "Node Type": "Seq Scan",
                                                                                        "Parent Relationship": "Outer",
                                                                                        "Parallel Aware": false,
                                                                                        "Relation Name": "aka_name",
                                                                                        "Schema": "public",
                                                                                        "Alias": "an",
                                                                                        "Startup Cost": 10000000000.0,
                                                                                        "Total Cost": 10000020409.43,
                                                                                        "Plan Rows": 901343,
                                                                                        "Plan Width": 4,
                                                                                        "Actual Startup Time": 0.023,
                                                                                        "Actual Total Time": 101.988,
                                                                                        "Actual Rows": 901343,
                                                                                        "Actual Loops": 1,
                                                                                        "Output": [
                                                                                            "an.person_id"
                                                                                        ]
                                                                                    }
                                                                                ]
                                                                            }
                                                                        ]
                                                                    },
                                                                    {
                                                                        "Node Type": "Hash",
                                                                        "Parent Relationship": "Inner",
                                                                        "Parallel Aware": false,
                                                                        "Startup Cost": 12.35,
                                                                        "Total Cost": 12.35,
                                                                        "Plan Rows": 1,
                                                                        "Plan Width": 4,
                                                                        "Actual Startup Time": 0.027,
                                                                        "Actual Total Time": 0.028,
                                                                        "Actual Rows": 1,
                                                                        "Actual Loops": 1,
                                                                        "Output": [
                                                                            "rt.id"
                                                                        ],
                                                                        "Hash Buckets": 1024,
                                                                        "Original Hash Buckets": 1024,
                                                                        "Hash Batches": 1,
                                                                        "Original Hash Batches": 1,
                                                                        "Peak Memory Usage": 9,
                                                                        "Plans": [
                                                                            {
                                                                                "Node Type": "Index Scan",
                                                                                "Parent Relationship": "Outer",
                                                                                "Parallel Aware": false,
                                                                                "Scan Direction": "Forward",
                                                                                "Index Name": "role_type_pkey",
                                                                                "Relation Name": "role_type",
                                                                                "Schema": "public",
                                                                                "Alias": "rt",
                                                                                "Startup Cost": 0.14,
                                                                                "Total Cost": 12.35,
                                                                                "Plan Rows": 1,
                                                                                "Plan Width": 4,
                                                                                "Actual Startup Time": 0.019,
                                                                                "Actual Total Time": 0.023,
                                                                                "Actual Rows": 1,
                                                                                "Actual Loops": 1,
                                                                                "Output": [
                                                                                    "rt.id"
                                                                                ],
                                                                                "Filter": "((rt.role)::text = 'actress'::text)",
                                                                                "Rows Removed by Filter": 11
                                                                            }
                                                                        ]
                                                                    }
                                                                ]
                                                            }
                                                        ]
                                                    }
                                                ]
                                            },
                                            {
                                                "Node Type": "Bitmap Heap Scan",
                                                "Parent Relationship": "Inner",
                                                "Parallel Aware": false,
                                                "Relation Name": "movie_companies",
                                                "Schema": "public",
                                                "Alias": "mc",
                                                "Startup Cost": 0.48,
                                                "Total Cost": 4.57,
                                                "Plan Rows": 1,
                                                "Plan Width": 8,
                                                "Actual Startup Time": 0.011,
                                                "Actual Total Time": 0.013,
                                                "Actual Rows": 1,
                                                "Actual Loops": 17,
                                                "Output": [
                                                    "mc.id",
                                                    "mc.movie_id",
                                                    "mc.company_id",
                                                    "mc.company_type_id",
                                                    "mc.note"
                                                ],
                                                "Recheck Cond": "(mc.movie_id = ci.movie_id)",
                                                "Rows Removed by Index Recheck": 0,
                                                "Filter": "((mc.note IS NOT NULL) AND ((mc.note ~~ '%(USA)%'::text) OR (mc.note ~~ '%(worldwide)%'::text)))",
                                                "Rows Removed by Filter": 4,
                                                "Exact Heap Blocks": 27,
                                                "Lossy Heap Blocks": 0,
                                                "Plans": [
                                                    {
                                                        "Node Type": "Bitmap Index Scan",
                                                        "Parent Relationship": "Outer",
                                                        "Parallel Aware": false,
                                                        "Index Name": "movie_id_movie_companies",
                                                        "Startup Cost": 0.0,
                                                        "Total Cost": 0.48,
                                                        "Plan Rows": 5,
                                                        "Plan Width": 0,
                                                        "Actual Startup Time": 0.008,
                                                        "Actual Total Time": 0.008,
                                                        "Actual Rows": 5,
                                                        "Actual Loops": 17,
                                                        "Index Cond": "(mc.movie_id = ci.movie_id)"
                                                    }
                                                ]
                                            }
                                        ]
                                    },
                                    {
                                        "Node Type": "Bitmap Heap Scan",
                                        "Parent Relationship": "Inner",
                                        "Parallel Aware": false,
                                        "Relation Name": "info_type",
                                        "Schema": "public",
                                        "Alias": "it",
                                        "Startup Cost": 0.15,
                                        "Total Cost": 4.17,
                                        "Plan Rows": 1,
                                        "Plan Width": 4,
                                        "Actual Startup Time": 0.003,
                                        "Actual Total Time": 0.003,
                                        "Actual Rows": 1,
                                        "Actual Loops": 13,
                                        "Output": [
                                            "it.id",
                                            "it.info"
                                        ],
                                        "Recheck Cond": "(it.id = mi.info_type_id)",
                                        "Rows Removed by Index Recheck": 0,
                                        "Filter": "((it.info)::text = 'release dates'::text)",
                                        "Rows Removed by Filter": 0,
                                        "Exact Heap Blocks": 13,
                                        "Lossy Heap Blocks": 0,
                                        "Plans": [
                                            {
                                                "Node Type": "Bitmap Index Scan",
                                                "Parent Relationship": "Outer",
                                                "Parallel Aware": false,
                                                "Index Name": "info_type_pkey",
                                                "Startup Cost": 0.0,
                                                "Total Cost": 0.15,
                                                "Plan Rows": 1,
                                                "Plan Width": 0,
                                                "Actual Startup Time": 0.001,
                                                "Actual Total Time": 0.001,
                                                "Actual Rows": 1,
                                                "Actual Loops": 13,
                                                "Index Cond": "(it.id = mi.info_type_id)"
                                            }
                                        ]
                                    }
                                ]
                            },
                            {
                                "Node Type": "Hash",
                                "Parent Relationship": "Inner",
                                "Parallel Aware": false,
                                "Startup Cost": 10000005932.46,
                                "Total Cost": 10000005932.46,
                                "Plan Rows": 84301,
                                "Plan Width": 4,
                                "Actual Startup Time": 80.582,
                                "Actual Total Time": 80.583,
                                "Actual Rows": 84843,
                                "Actual Loops": 1,
                                "Output": [
                                    "cn.id"
                                ],
                                "Hash Buckets": 131072,
                                "Original Hash Buckets": 131072,
                                "Hash Batches": 1,
                                "Original Hash Batches": 1,
                                "Peak Memory Usage": 4007,
                                "Plans": [
                                    {
                                        "Node Type": "Seq Scan",
                                        "Parent Relationship": "Outer",
                                        "Parallel Aware": false,
                                        "Relation Name": "company_name",
                                        "Schema": "public",
                                        "Alias": "cn",
                                        "Startup Cost": 10000000000.0,
                                        "Total Cost": 10000005932.46,
                                        "Plan Rows": 84301,
                                        "Plan Width": 4,
                                        "Actual Startup Time": 0.052,
                                        "Actual Total Time": 63.07,
                                        "Actual Rows": 84843,
                                        "Actual Loops": 1,
                                        "Output": [
                                            "cn.id"
                                        ],
                                        "Filter": "((cn.country_code)::text = '[us]'::text)",
                                        "Rows Removed by Filter": 150154
                                    }
                                ]
                            }
                        ]
                    },
                    {
                        "Node Type": "Bitmap Heap Scan",
                        "Parent Relationship": "Inner",
                        "Parallel Aware": false,
                        "Relation Name": "char_name",
                        "Schema": "public",
                        "Alias": "chn",
                        "Startup Cost": 0.46,
                        "Total Cost": 4.47,
                        "Plan Rows": 1,
                        "Plan Width": 4,
                        "Actual Startup Time": 0.005,
                        "Actual Total Time": 0.005,
                        "Actual Rows": 1,
                        "Actual Loops": 13,
                        "Output": [
                            "chn.id",
                            "chn.name",
                            "chn.imdb_index",
                            "chn.imdb_id",
                            "chn.name_pcode_nf",
                            "chn.surname_pcode",
                            "chn.md5sum"
                        ],
                        "Recheck Cond": "(chn.id = ci.person_role_id)",
                        "Rows Removed by Index Recheck": 0,
                        "Exact Heap Blocks": 13,
                        "Lossy Heap Blocks": 0,
                        "Plans": [
                            {
                                "Node Type": "Bitmap Index Scan",
                                "Parent Relationship": "Outer",
                                "Parallel Aware": false,
                                "Index Name": "char_name_pkey",
                                "Startup Cost": 0.0,
                                "Total Cost": 0.46,
                                "Plan Rows": 1,
                                "Plan Width": 0,
                                "Actual Startup Time": 0.004,
                                "Actual Total Time": 0.004,
                                "Actual Rows": 1,
                                "Actual Loops": 13,
                                "Index Cond": "(chn.id = ci.person_role_id)"
                            }
                        ]
                    }
                ]
            }
        ]
    },
    "Planning Time": 16.737,
    "Triggers": [],
    "Execution Time": 22575.71
}