[
  {
    "Plan": {
      "Node Type": "Aggregate",
      "Strategy": "Plain",
      "Partial Mode": "Finalize",
      "Parallel Aware": false,
      "Startup Cost": 109281.49,
      "Total Cost": 109281.5,
      "Plan Rows": 1,
      "Plan Width": 8,
      "Actual Startup Time": 732.925,
      "Actual Total Time": 744.198,
      "Actual Rows": 1,
      "Actual Loops": 1,
      "Plans": [
        {
          "Node Type": "Gather",
          "Parent Relationship": "Outer",
          "Parallel Aware": false,
          "Startup Cost": 109281.17,
          "Total Cost": 109281.48,
          "Plan Rows": 3,
          "Plan Width": 8,
          "Actual Startup Time": 729.754,
          "Actual Total Time": 744.19,
          "Actual Rows": 4,
          "Actual Loops": 1,
          "Workers Planned": 3,
          "Workers Launched": 3,
          "Single Copy": false,
          "Plans": [
            {
              "Node Type": "Aggregate",
              "Strategy": "Plain",
              "Partial Mode": "Partial",
              "Parent Relationship": "Outer",
              "Parallel Aware": false,
              "Startup Cost": 108281.17,
              "Total Cost": 108281.18,
              "Plan Rows": 1,
              "Plan Width": 8,
              "Actual Startup Time": 722.581,
              "Actual Total Time": 722.892,
              "Actual Rows": 1,
              "Actual Loops": 4,
              "Plans": [
                {
                  "Node Type": "Hash Join",
                  "Parent Relationship": "Outer",
                  "Parallel Aware": true,
                  "Join Type": "Inner",
                  "Startup Cost": 62957.59,
                  "Total Cost": 107979.76,
                  "Plan Rows": 120565,
                  "Plan Width": 0,
                  "Actual Startup Time": 310.941,
                  "Actual Total Time": 639.858,
                  "Actual Rows": 1474864,
                  "Actual Loops": 4,
                  "Inner Unique": false,
                  "Hash Cond": "(mk.movie_id = t.id)",
                  "Plans": [
                    {
                      "Node Type": "Seq Scan",
                      "Parent Relationship": "Outer",
                      "Parallel Aware": true,
                      "Relation Name": "movie_keyword",
                      "Alias": "mk",
                      "Startup Cost": 0.0,
                      "Total Cost": 39047.32,
                      "Plan Rows": 1459332,
                      "Plan Width": 4,
                      "Actual Startup Time": 0.013,
                      "Actual Total Time": 105.215,
                      "Actual Rows": 1130982,
                      "Actual Loops": 4
                    },
                    {
                      "Node Type": "Hash",
                      "Parent Relationship": "Inner",
                      "Parallel Aware": true,
                      "Startup Cost": 61869.67,
                      "Total Cost": 61869.67,
                      "Plan Rows": 87034,
                      "Plan Width": 8,
                      "Actual Startup Time": 266.841,
                      "Actual Total Time": 267.151,
                      "Actual Rows": 113945,
                      "Actual Loops": 4,
                      "Hash Buckets": 524288,
                      "Original Hash Buckets": 262144,
                      "Hash Batches": 1,
                      "Original Hash Batches": 1,
                      "Peak Memory Usage": 24064,
                      "Plans": [
                        {
                          "Node Type": "Hash Join",
                          "Parent Relationship": "Outer",
                          "Parallel Aware": true,
                          "Join Type": "Inner",
                          "Startup Cost": 46675.11,
                          "Total Cost": 61869.67,
                          "Plan Rows": 87034,
                          "Plan Width": 8,
                          "Actual Startup Time": 165.52,
                          "Actual Total Time": 232.481,
                          "Actual Rows": 113945,
                          "Actual Loops": 4,
                          "Inner Unique": true,
                          "Hash Cond": "(mi_idx.movie_id = t.id)",
                          "Plans": [
                            {
                              "Node Type": "Seq Scan",
                              "Parent Relationship": "Outer",
                              "Parallel Aware": true,
                              "Relation Name": "movie_info_idx",
                              "Alias": "mi_idx",
                              "Startup Cost": 0.0,
                              "Total Cost": 13685.15,
                              "Plan Rows": 575015,
                              "Plan Width": 4,
                              "Actual Startup Time": 0.019,
                              "Actual Total Time": 34.548,
                              "Actual Rows": 345009,
                              "Actual Loops": 4
                            },
                            {
                              "Node Type": "Hash",
                              "Parent Relationship": "Inner",
                              "Parallel Aware": true,
                              "Startup Cost": 45479.21,
                              "Total Cost": 45479.21,
                              "Plan Rows": 95672,
                              "Plan Width": 4,
                              "Actual Startup Time": 132.27,
                              "Actual Total Time": 132.271,
                              "Actual Rows": 110007,
                              "Actual Loops": 4,
                              "Hash Buckets": 524288,
                              "Original Hash Buckets": 524288,
                              "Hash Batches": 1,
                              "Original Hash Batches": 1,
                              "Peak Memory Usage": 21376,
                              "Plans": [
                                {
                                  "Node Type": "Seq Scan",
                                  "Parent Relationship": "Outer",
                                  "Parallel Aware": true,
                                  "Relation Name": "title",
                                  "Alias": "t",
                                  "Startup Cost": 0.0,
                                  "Total Cost": 45479.21,
                                  "Plan Rows": 95672,
                                  "Plan Width": 4,
                                  "Actual Startup Time": 55.091,
                                  "Actual Total Time": 101.178,
                                  "Actual Rows": 110007,
                                  "Actual Loops": 4,
                                  "Filter": "((production_year < 2006) AND (kind_id = 1))",
                                  "Rows Removed by Filter": 522071
                                }
                              ]
                            }
                          ]
                        }
                      ]
                    }
                  ]
                }
              ]
            }
          ]
        }
      ]
    },
    "Planning Time": 0.518,
    "Triggers": [],
    "Execution Time": 744.236
  }
]