{
  "Plan": {
    "Node Type": "Aggregate",
    "Strategy": "Plain",
    "Partial Mode": "Finalize",
    "Parallel Aware": false,
    "Startup Cost": 1628224.58,
    "Total Cost": 1628224.59,
    "Plan Rows": 1,
    "Plan Width": 8,
    "Actual Startup Time": 11300.302,
    "Actual Total Time": 11323.166,
    "Actual Rows": 1,
    "Actual Loops": 1,
    "Plans": [
      {
        "Node Type": "Gather",
        "Parent Relationship": "Outer",
        "Parallel Aware": false,
        "Startup Cost": 1628224.47,
        "Total Cost": 1628224.58,
        "Plan Rows": 1,
        "Plan Width": 8,
        "Actual Startup Time": 11300.291,
        "Actual Total Time": 11323.159,
        "Actual Rows": 2,
        "Actual Loops": 1,
        "Workers Planned": 1,
        "Workers Launched": 1,
        "Single Copy": false,
        "Plans": [
          {
            "Node Type": "Aggregate",
            "Strategy": "Plain",
            "Partial Mode": "Partial",
            "Parent Relationship": "Outer",
            "Parallel Aware": false,
            "Startup Cost": 1627224.47,
            "Total Cost": 1627224.48,
            "Plan Rows": 1,
            "Plan Width": 8,
            "Actual Startup Time": 11253.808,
            "Actual Total Time": 11253.815,
            "Actual Rows": 1,
            "Actual Loops": 2,
            "Plans": [
              {
                "Node Type": "Merge Join",
                "Parent Relationship": "Outer",
                "Parallel Aware": false,
                "Join Type": "Inner",
                "Startup Cost": 1544536.6,
                "Total Cost": 1618218.58,
                "Plan Rows": 3602354,
                "Plan Width": 0,
                "Actual Startup Time": 6776.708,
                "Actual Total Time": 10401.014,
                "Actual Rows": 21461336,
                "Actual Loops": 2,
                "Inner Unique": false,
                "Merge Cond": "(t.id = mi.movie_id)",
                "Plans": [
                  {
                    "Node Type": "Sort",
                    "Parent Relationship": "Outer",
                    "Parallel Aware": false,
                    "Startup Cost": 1066783.22,
                    "Total Cost": 1076614.16,
                    "Plan Rows": 3932377,
                    "Plan Width": 8,
                    "Actual Startup Time": 5929.598,
                    "Actual Total Time": 6582.328,
                    "Actual Rows": 3152064,
                    "Actual Loops": 2,
                    "Sort Key": [
                      "ci.movie_id"
                    ],
                    "Sort Method": "quicksort",
                    "Sort Space Used": 252213,
                    "Sort Space Type": "Memory",
                    "Workers": [
                      {
                        "Worker Number": 0,
                        "Sort Method": "quicksort",
                        "Sort Space Used": 239902,
                        "Sort Space Type": "Memory"
                      }
                    ],
                    "Plans": [
                      {
                        "Node Type": "Hash Join",
                        "Parent Relationship": "Outer",
                        "Parallel Aware": true,
                        "Join Type": "Inner",
                        "Startup Cost": 61783.01,
                        "Total Cost": 636050.89,
                        "Plan Rows": 3932377,
                        "Plan Width": 8,
                        "Actual Startup Time": 213.902,
                        "Actual Total Time": 5111.425,
                        "Actual Rows": 3152064,
                        "Actual Loops": 2,
                        "Inner Unique": true,
                        "Hash Cond": "(ci.movie_id = t.id)",
                        "Plans": [
                          {
                            "Node Type": "Seq Scan",
                            "Parent Relationship": "Outer",
                            "Parallel Aware": true,
                            "Relation Name": "cast_info",
                            "Alias": "ci",
                            "Startup Cost": 0.0,
                            "Total Cost": 519069.44,
                            "Plan Rows": 21027945,
                            "Plan Width": 4,
                            "Actual Startup Time": 0.015,
                            "Actual Total Time": 1776.121,
                            "Actual Rows": 17894307,
                            "Actual Loops": 2,
                            "Filter": "(person_id < 3974746)",
                            "Rows Removed by Filter": 227865
                          },
                          {
                            "Node Type": "Hash",
                            "Parent Relationship": "Inner",
                            "Parallel Aware": true,
                            "Startup Cost": 58306.47,
                            "Total Cost": 58306.47,
                            "Plan Rows": 278123,
                            "Plan Width": 4,
                            "Actual Startup Time": 208.528,
                            "Actual Total Time": 208.53,
                            "Actual Rows": 198180,
                            "Actual Loops": 2,
                            "Hash Buckets": 524288,
                            "Original Hash Buckets": 524288,
                            "Hash Batches": 1,
                            "Original Hash Batches": 1,
                            "Peak Memory Usage": 19648,
                            "Plans": [
                              {
                                "Node Type": "Seq Scan",
                                "Parent Relationship": "Outer",
                                "Parallel Aware": true,
                                "Relation Name": "title",
                                "Alias": "t",
                                "Startup Cost": 0.0,
                                "Total Cost": 58306.47,
                                "Plan Rows": 278123,
                                "Plan Width": 4,
                                "Actual Startup Time": 0.036,
                                "Actual Total Time": 151.288,
                                "Actual Rows": 198180,
                                "Actual Loops": 2,
                                "Filter": "((kind_id < 7) AND (production_year > 2003))",
                                "Rows Removed by Filter": 1065976
                              }
                            ]
                          }
                        ]
                      }
                    ]
                  },
                  {
                    "Node Type": "Sort",
                    "Parent Relationship": "Inner",
                    "Parallel Aware": false,
                    "Startup Cost": 477752.99,
                    "Total Cost": 483543.25,
                    "Plan Rows": 2316107,
                    "Plan Width": 4,
                    "Actual Startup Time": 847.093,
                    "Actual Total Time": 1670.872,
                    "Actual Rows": 22948432,
                    "Actual Loops": 2,
                    "Sort Key": [
                      "mi.movie_id"
                    ],
                    "Sort Method": "quicksort",
                    "Sort Space Used": 203016,
                    "Sort Space Type": "Memory",
                    "Workers": [
                      {
                        "Worker Number": 0,
                        "Sort Method": "quicksort",
                        "Sort Space Used": 203016,
                        "Sort Space Type": "Memory"
                      }
                    ],
                    "Plans": [
                      {
                        "Node Type": "Bitmap Heap Scan",
                        "Parent Relationship": "Outer",
                        "Parallel Aware": false,
                        "Relation Name": "movie_info",
                        "Alias": "mi",
                        "Startup Cost": 41958.26,
                        "Total Cost": 232902.6,
                        "Plan Rows": 2316107,
                        "Plan Width": 4,
                        "Actual Startup Time": 78.59,
                        "Actual Total Time": 389.364,
                        "Actual Rows": 2233850,
                        "Actual Loops": 2,
                        "Recheck Cond": "(info_type_id > 16)",
                        "Rows Removed by Index Recheck": 0,
                        "Exact Heap Blocks": 51002,
                        "Lossy Heap Blocks": 0,
                        "Plans": [
                          {
                            "Node Type": "Bitmap Index Scan",
                            "Parent Relationship": "Outer",
                            "Parallel Aware": false,
                            "Index Name": "info_type_id_movie_info",
                            "Startup Cost": 0.0,
                            "Total Cost": 41379.24,
                            "Plan Rows": 2316107,
                            "Plan Width": 0,
                            "Actual Startup Time": 71.79,
                            "Actual Total Time": 71.79,
                            "Actual Rows": 2233850,
                            "Actual Loops": 2,
                            "Index Cond": "(info_type_id > 16)"
                          }
                        ]
                      }
                    ]
                  }
                ]
              }
            ]
          }
        ]
      }
    ]
  },
  "Planning Time": 1.097,
  "Triggers": [],
  "Execution Time": 11343.518
}