[
    {
        "Bao": {
            "Bao prediction": 578.397,
            "Bao recommended hint": "(no hint)"
        }
    },
    {
        "Plan": {
            "Node Type": "Aggregate",
            "Strategy": "Plain",
            "Partial Mode": "Simple",
            "Parallel Aware": false,
            "Startup Cost": 26548.09,
            "Total Cost": 26548.1,
            "Plan Rows": 1,
            "Plan Width": 8,
            "Actual Startup Time": 46.694,
            "Actual Total Time": 46.695,
            "Actual Rows": 1,
            "Actual Loops": 1,
            "Output": [
                "count(*)"
            ],
            "Plans": [
                {
                    "Node Type": "Bitmap Heap Scan",
                    "Parent Relationship": "Outer",
                    "Parallel Aware": false,
                    "Relation Name": "movie_keyword",
                    "Schema": "public",
                    "Alias": "mk",
                    "Startup Cost": 957.08,
                    "Total Cost": 26435.62,
                    "Plan Rows": 44987,
                    "Plan Width": 0,
                    "Actual Startup Time": 13.747,
                    "Actual Total Time": 42.352,
                    "Actual Rows": 40810,
                    "Actual Loops": 1,
                    "Recheck Cond": "(mk.keyword_id > 104195)",
                    "Rows Removed by Index Recheck": 0,
                    "Exact Heap Blocks": 10698,
                    "Lossy Heap Blocks": 0,
                    "Plans": [
                        {
                            "Node Type": "Bitmap Index Scan",
                            "Parent Relationship": "Outer",
                            "Parallel Aware": false,
                            "Index Name": "keyword_id_movie_keyword",
                            "Startup Cost": 0.0,
                            "Total Cost": 945.83,
                            "Plan Rows": 44987,
                            "Plan Width": 0,
                            "Actual Startup Time": 8.642,
                            "Actual Total Time": 8.643,
                            "Actual Rows": 40810,
                            "Actual Loops": 1,
                            "Index Cond": "(mk.keyword_id > 104195)"
                        }
                    ]
                }
            ]
        },
        "Planning Time": 406.9,
        "Triggers": [],
        "Execution Time": 46.778
    }
]