[
  {
    "Plan": {
      "Node Type": "Aggregate",
      "Strategy": "Plain",
      "Partial Mode": "Finalize",
      "Parallel Aware": false,
      "Startup Cost": 256234.13,
      "Total Cost": 256234.14,
      "Plan Rows": 1,
      "Plan Width": 128,
      "Actual Startup Time": 3550.278,
      "Actual Total Time": 3605.759,
      "Actual Rows": 1,
      "Actual Loops": 1,
      "Plans": [
        {
          "Node Type": "Gather",
          "Parent Relationship": "Outer",
          "Parallel Aware": false,
          "Startup Cost": 256233.79,
          "Total Cost": 256234.1,
          "Plan Rows": 3,
          "Plan Width": 128,
          "Actual Startup Time": 3548.379,
          "Actual Total Time": 3605.746,
          "Actual Rows": 4,
          "Actual Loops": 1,
          "Workers Planned": 3,
          "Workers Launched": 3,
          "Single Copy": false,
          "Plans": [
            {
              "Node Type": "Aggregate",
              "Strategy": "Plain",
              "Partial Mode": "Partial",
              "Parent Relationship": "Outer",
              "Parallel Aware": false,
              "Startup Cost": 255233.79,
              "Total Cost": 255233.8,
              "Plan Rows": 1,
              "Plan Width": 128,
              "Actual Startup Time": 3537.954,
              "Actual Total Time": 3537.961,
              "Actual Rows": 1,
              "Actual Loops": 4,
              "Plans": [
                {
                  "Node Type": "Nested Loop",
                  "Parent Relationship": "Outer",
                  "Parallel Aware": false,
                  "Join Type": "Inner",
                  "Startup Cost": 143603.72,
                  "Total Cost": 254730.76,
                  "Plan Rows": 50303,
                  "Plan Width": 64,
                  "Actual Startup Time": 1711.015,
                  "Actual Total Time": 3501.951,
                  "Actual Rows": 224408,
                  "Actual Loops": 4,
                  "Inner Unique": false,
                  "Join Filter": "(n.id = an.person_id)",
                  "Rows Removed by Join Filter": 0,
                  "Plans": [
                    {
                      "Node Type": "Nested Loop",
                      "Parent Relationship": "Outer",
                      "Parallel Aware": false,
                      "Join Type": "Inner",
                      "Startup Cost": 143603.3,
                      "Total Cost": 244228.81,
                      "Plan Rows": 20964,
                      "Plan Width": 56,
                      "Actual Startup Time": 1710.724,
                      "Actual Total Time": 3145.677,
                      "Actual Rows": 154106,
                      "Actual Loops": 4,
                      "Inner Unique": true,
                      "Plans": [
                        {
                          "Node Type": "Nested Loop",
                          "Parent Relationship": "Outer",
                          "Parallel Aware": false,
                          "Join Type": "Inner",
                          "Startup Cost": 143602.87,
                          "Total Cost": 233819.16,
                          "Plan Rows": 20964,
                          "Plan Width": 47,
                          "Actual Startup Time": 1710.67,
                          "Actual Total Time": 2842.656,
                          "Actual Rows": 154106,
                          "Actual Loops": 4,
                          "Inner Unique": true,
                          "Plans": [
                            {
                              "Node Type": "Nested Loop",
                              "Parent Relationship": "Outer",
                              "Parallel Aware": false,
                              "Join Type": "Inner",
                              "Startup Cost": 143602.44,
                              "Total Cost": 223348.2,
                              "Plan Rows": 20964,
                              "Plan Width": 35,
                              "Actual Startup Time": 1710.585,
                              "Actual Total Time": 2441.771,
                              "Actual Rows": 162534,
                              "Actual Loops": 4,
                              "Inner Unique": true,
                              "Plans": [
                                {
                                  "Node Type": "Hash Join",
                                  "Parent Relationship": "Outer",
                                  "Parallel Aware": false,
                                  "Join Type": "Inner",
                                  "Startup Cost": 143602.01,
                                  "Total Cost": 175831.75,
                                  "Plan Rows": 90168,
                                  "Plan Width": 16,
                                  "Actual Startup Time": 1710.484,
                                  "Actual Total Time": 2018.981,
                                  "Actual Rows": 162576,
                                  "Actual Loops": 4,
                                  "Inner Unique": false,
                                  "Hash Cond": "(mc.movie_id = ci.movie_id)",
                                  "Plans": [
                                    {
                                      "Node Type": "Hash Join",
                                      "Parent Relationship": "Outer",
                                      "Parallel Aware": true,
                                      "Join Type": "Inner",
                                      "Startup Cost": 5351.02,
                                      "Total Cost": 34766.95,
                                      "Plan Rows": 305940,
                                      "Plan Width": 4,
                                      "Actual Startup Time": 27.853,
                                      "Actual Total Time": 214.481,
                                      "Actual Rows": 288450,
                                      "Actual Loops": 4,
                                      "Inner Unique": true,
                                      "Hash Cond": "(mc.company_id = cn.id)",
                                      "Plans": [
                                        {
                                          "Node Type": "Seq Scan",
                                          "Parent Relationship": "Outer",
                                          "Parallel Aware": true,
                                          "Relation Name": "movie_companies",
                                          "Alias": "mc",
                                          "Startup Cost": 0.0,
                                          "Total Cost": 27206.55,
                                          "Plan Rows": 841655,
                                          "Plan Width": 8,
                                          "Actual Startup Time": 0.027,
                                          "Actual Total Time": 56.749,
                                          "Actual Rows": 652282,
                                          "Actual Loops": 4
                                        },
                                        {
                                          "Node Type": "Hash",
                                          "Parent Relationship": "Inner",
                                          "Parallel Aware": true,
                                          "Startup Cost": 4722.92,
                                          "Total Cost": 4722.92,
                                          "Plan Rows": 50248,
                                          "Plan Width": 4,
                                          "Actual Startup Time": 26.947,
                                          "Actual Total Time": 26.948,
                                          "Actual Rows": 21211,
                                          "Actual Loops": 4,
                                          "Hash Buckets": 131072,
                                          "Original Hash Buckets": 131072,
                                          "Hash Batches": 1,
                                          "Original Hash Batches": 1,
                                          "Peak Memory Usage": 4416,
                                          "Plans": [
                                            {
                                              "Node Type": "Seq Scan",
                                              "Parent Relationship": "Outer",
                                              "Parallel Aware": true,
                                              "Relation Name": "company_name",
                                              "Alias": "cn",
                                              "Startup Cost": 0.0,
                                              "Total Cost": 4722.92,
                                              "Plan Rows": 50248,
                                              "Plan Width": 4,
                                              "Actual Startup Time": 0.053,
                                              "Actual Total Time": 18.015,
                                              "Actual Rows": 21211,
                                              "Actual Loops": 4,
                                              "Filter": "((country_code)::text = '[us]'::text)",
                                              "Rows Removed by Filter": 37538
                                            }
                                          ]
                                        }
                                      ]
                                    },
                                    {
                                      "Node Type": "Hash",
                                      "Parent Relationship": "Inner",
                                      "Parallel Aware": false,
                                      "Startup Cost": 134428.2,
                                      "Total Cost": 134428.2,
                                      "Plan Rows": 305823,
                                      "Plan Width": 12,
                                      "Actual Startup Time": 1678.804,
                                      "Actual Total Time": 1678.806,
                                      "Actual Rows": 390494,
                                      "Actual Loops": 4,
                                      "Hash Buckets": 524288,
                                      "Original Hash Buckets": 524288,
                                      "Hash Batches": 1,
                                      "Original Hash Batches": 1,
                                      "Peak Memory Usage": 20763,
                                      "Plans": [
                                        {
                                          "Node Type": "Nested Loop",
                                          "Parent Relationship": "Outer",
                                          "Parallel Aware": false,
                                          "Join Type": "Inner",
                                          "Startup Cost": 0.56,
                                          "Total Cost": 134428.2,
                                          "Plan Rows": 305823,
                                          "Plan Width": 12,
                                          "Actual Startup Time": 0.165,
                                          "Actual Total Time": 1554.897,
                                          "Actual Rows": 390494,
                                          "Actual Loops": 4,
                                          "Inner Unique": false,
                                          "Plans": [
                                            {
                                              "Node Type": "Seq Scan",
                                              "Parent Relationship": "Outer",
                                              "Parallel Aware": false,
                                              "Relation Name": "role_type",
                                              "Alias": "rt",
                                              "Startup Cost": 0.0,
                                              "Total Cost": 1.15,
                                              "Plan Rows": 1,
                                              "Plan Width": 4,
                                              "Actual Startup Time": 0.04,
                                              "Actual Total Time": 0.044,
                                              "Actual Rows": 1,
                                              "Actual Loops": 4,
                                              "Filter": "((role)::text = 'actress'::text)",
                                              "Rows Removed by Filter": 11
                                            },
                                            {
                                              "Node Type": "Index Scan",
                                              "Parent Relationship": "Inner",
                                              "Parallel Aware": false,
                                              "Scan Direction": "Forward",
                                              "Index Name": "role_id_cast_info",
                                              "Relation Name": "cast_info",
                                              "Alias": "ci",
                                              "Startup Cost": 0.56,
                                              "Total Cost": 131090.79,
                                              "Plan Rows": 333626,
                                              "Plan Width": 16,
                                              "Actual Startup Time": 0.12,
                                              "Actual Total Time": 1513.186,
                                              "Actual Rows": 390494,
                                              "Actual Loops": 4,
                                              "Index Cond": "(role_id = rt.id)",
                                              "Rows Removed by Index Recheck": 0,
                                              "Filter": "(note = ANY ('{(voice),(producer),(uncredited),\"(executive producer)\"}'::text[]))",
                                              "Rows Removed by Filter": 7061479
                                            }
                                          ]
                                        }
                                      ]
                                    }
                                  ]
                                },
                                {
                                  "Node Type": "Index Scan",
                                  "Parent Relationship": "Inner",
                                  "Parallel Aware": false,
                                  "Scan Direction": "Forward",
                                  "Index Name": "name_pkey",
                                  "Relation Name": "name",
                                  "Alias": "n",
                                  "Startup Cost": 0.43,
                                  "Total Cost": 0.53,
                                  "Plan Rows": 1,
                                  "Plan Width": 19,
                                  "Actual Startup Time": 0.002,
                                  "Actual Total Time": 0.002,
                                  "Actual Rows": 1,
                                  "Actual Loops": 650303,
                                  "Index Cond": "(id = ci.person_id)",
                                  "Rows Removed by Index Recheck": 0,
                                  "Filter": "((gender)::text = 'f'::text)",
                                  "Rows Removed by Filter": 0
                                }
                              ]
                            },
                            {
                              "Node Type": "Index Scan",
                              "Parent Relationship": "Inner",
                              "Parallel Aware": false,
                              "Scan Direction": "Forward",
                              "Index Name": "char_name_pkey",
                              "Relation Name": "char_name",
                              "Alias": "chn",
                              "Startup Cost": 0.43,
                              "Total Cost": 0.5,
                              "Plan Rows": 1,
                              "Plan Width": 20,
                              "Actual Startup Time": 0.002,
                              "Actual Total Time": 0.002,
                              "Actual Rows": 1,
                              "Actual Loops": 650135,
                              "Index Cond": "(id = ci.person_role_id)",
                              "Rows Removed by Index Recheck": 0
                            }
                          ]
                        },
                        {
                          "Node Type": "Index Scan",
                          "Parent Relationship": "Inner",
                          "Parallel Aware": false,
                          "Scan Direction": "Forward",
                          "Index Name": "title_pkey",
                          "Relation Name": "title",
                          "Alias": "t",
                          "Startup Cost": 0.43,
                          "Total Cost": 0.5,
                          "Plan Rows": 1,
                          "Plan Width": 21,
                          "Actual Startup Time": 0.002,
                          "Actual Total Time": 0.002,
                          "Actual Rows": 1,
                          "Actual Loops": 616422,
                          "Index Cond": "(id = ci.movie_id)",
                          "Rows Removed by Index Recheck": 0
                        }
                      ]
                    },
                    {
                      "Node Type": "Index Scan",
                      "Parent Relationship": "Inner",
                      "Parallel Aware": false,
                      "Scan Direction": "Forward",
                      "Index Name": "person_id_aka_name",
                      "Relation Name": "aka_name",
                      "Alias": "an",
                      "Startup Cost": 0.42,
                      "Total Cost": 0.48,
                      "Plan Rows": 2,
                      "Plan Width": 20,
                      "Actual Startup Time": 0.002,
                      "Actual Total Time": 0.002,
                      "Actual Rows": 1,
                      "Actual Loops": 616422,
                      "Index Cond": "(person_id = ci.person_id)",
                      "Rows Removed by Index Recheck": 0
                    }
                  ]
                }
              ]
            }
          ]
        }
      ]
    },
    "Planning Time": 13.727,
    "Triggers": [],
    "Execution Time": 3607.294
  }
]