[
  {
    "Plan": {
      "Node Type": "Aggregate",
      "Strategy": "Plain",
      "Partial Mode": "Finalize",
      "Parallel Aware": false,
      "Startup Cost": 69795.15,
      "Total Cost": 69795.16,
      "Plan Rows": 1,
      "Plan Width": 8,
      "Actual Startup Time": 208.962,
      "Actual Total Time": 220.744,
      "Actual Rows": 1,
      "Actual Loops": 1,
      "Plans": [
        {
          "Node Type": "Gather",
          "Parent Relationship": "Outer",
          "Parallel Aware": false,
          "Startup Cost": 69794.73,
          "Total Cost": 69795.14,
          "Plan Rows": 4,
          "Plan Width": 8,
          "Actual Startup Time": 207.305,
          "Actual Total Time": 220.731,
          "Actual Rows": 5,
          "Actual Loops": 1,
          "Workers Planned": 4,
          "Workers Launched": 4,
          "Single Copy": false,
          "Plans": [
            {
              "Node Type": "Aggregate",
              "Strategy": "Plain",
              "Partial Mode": "Partial",
              "Parent Relationship": "Outer",
              "Parallel Aware": false,
              "Startup Cost": 68794.73,
              "Total Cost": 68794.74,
              "Plan Rows": 1,
              "Plan Width": 8,
              "Actual Startup Time": 197.157,
              "Actual Total Time": 197.161,
              "Actual Rows": 1,
              "Actual Loops": 5,
              "Plans": [
                {
                  "Node Type": "Hash Join",
                  "Parent Relationship": "Outer",
                  "Parallel Aware": true,
                  "Join Type": "Inner",
                  "Startup Cost": 23202.84,
                  "Total Cost": 68745.48,
                  "Plan Rows": 19700,
                  "Plan Width": 0,
                  "Actual Startup Time": 149.111,
                  "Actual Total Time": 195.857,
                  "Actual Rows": 30362,
                  "Actual Loops": 5,
                  "Inner Unique": false,
                  "Hash Cond": "(t.id = mc.movie_id)",
                  "Plans": [
                    {
                      "Node Type": "Seq Scan",
                      "Parent Relationship": "Outer",
                      "Parallel Aware": true,
                      "Relation Name": "title",
                      "Alias": "t",
                      "Startup Cost": 0.0,
                      "Total Cost": 42318.73,
                      "Plan Rows": 632073,
                      "Plan Width": 4,
                      "Actual Startup Time": 0.013,
                      "Actual Total Time": 64.873,
                      "Actual Rows": 505662,
                      "Actual Loops": 5
                    },
                    {
                      "Node Type": "Hash",
                      "Parent Relationship": "Inner",
                      "Parallel Aware": true,
                      "Startup Cost": 22885.1,
                      "Total Cost": 22885.1,
                      "Plan Rows": 25419,
                      "Plan Width": 4,
                      "Actual Startup Time": 57.556,
                      "Actual Total Time": 57.558,
                      "Actual Rows": 30362,
                      "Actual Loops": 5,
                      "Hash Buckets": 262144,
                      "Original Hash Buckets": 131072,
                      "Hash Batches": 1,
                      "Original Hash Batches": 1,
                      "Peak Memory Usage": 9120,
                      "Plans": [
                        {
                          "Node Type": "Bitmap Heap Scan",
                          "Parent Relationship": "Outer",
                          "Parallel Aware": true,
                          "Relation Name": "movie_companies",
                          "Alias": "mc",
                          "Startup Cost": 3344.13,
                          "Total Cost": 22885.1,
                          "Plan Rows": 25419,
                          "Plan Width": 4,
                          "Actual Startup Time": 14.941,
                          "Actual Total Time": 38.434,
                          "Actual Rows": 30362,
                          "Actual Loops": 5,
                          "Recheck Cond": "(company_id > 131290)",
                          "Rows Removed by Index Recheck": 0,
                          "Filter": "(company_type_id = 2)",
                          "Rows Removed by Filter": 0,
                          "Exact Heap Blocks": 1721,
                          "Lossy Heap Blocks": 0,
                          "Plans": [
                            {
                              "Node Type": "Bitmap Index Scan",
                              "Parent Relationship": "Outer",
                              "Parallel Aware": false,
                              "Index Name": "company_id_movie_companies",
                              "Startup Cost": 0.0,
                              "Total Cost": 3324.43,
                              "Plan Rows": 155200,
                              "Plan Width": 0,
                              "Actual Startup Time": 18.479,
                              "Actual Total Time": 18.48,
                              "Actual Rows": 151812,
                              "Actual Loops": 1,
                              "Index Cond": "(company_id > 131290)"
                            }
                          ]
                        }
                      ]
                    }
                  ]
                }
              ]
            }
          ]
        }
      ]
    },
    "Planning Time": 0.617,
    "Triggers": [],
    "Execution Time": 220.834
  }
]