[
    {
        "Bao": {
            "Bao prediction": "NaN",
            "Bao recommended hint": "(no hint)"
        }
    },
    {
        "Plan": {
            "Node Type": "Aggregate",
            "Strategy": "Plain",
            "Partial Mode": "Finalize",
            "Parallel Aware": false,
            "Startup Cost": 37010.23,
            "Total Cost": 37010.24,
            "Plan Rows": 1,
            "Plan Width": 8,
            "Actual Startup Time": 103.296,
            "Actual Total Time": 110.253,
            "Actual Rows": 1,
            "Actual Loops": 1,
            "Output": [
                "count(*)"
            ],
            "Plans": [
                {
                    "Node Type": "Gather",
                    "Parent Relationship": "Outer",
                    "Parallel Aware": false,
                    "Startup Cost": 37009.92,
                    "Total Cost": 37010.23,
                    "Plan Rows": 3,
                    "Plan Width": 8,
                    "Actual Startup Time": 103.069,
                    "Actual Total Time": 110.244,
                    "Actual Rows": 4,
                    "Actual Loops": 1,
                    "Output": [
                        "(PARTIAL count(*))"
                    ],
                    "Workers Planned": 3,
                    "Workers Launched": 3,
                    "Single Copy": false,
                    "Plans": [
                        {
                            "Node Type": "Aggregate",
                            "Strategy": "Plain",
                            "Partial Mode": "Partial",
                            "Parent Relationship": "Outer",
                            "Parallel Aware": false,
                            "Startup Cost": 36009.92,
                            "Total Cost": 36009.93,
                            "Plan Rows": 1,
                            "Plan Width": 8,
                            "Actual Startup Time": 94.156,
                            "Actual Total Time": 94.158,
                            "Actual Rows": 1,
                            "Actual Loops": 4,
                            "Output": [
                                "PARTIAL count(*)"
                            ],
                            "Workers": [
                                {
                                    "Worker Number": 0,
                                    "Actual Startup Time": 91.036,
                                    "Actual Total Time": 91.038,
                                    "Actual Rows": 1,
                                    "Actual Loops": 1
                                },
                                {
                                    "Worker Number": 1,
                                    "Actual Startup Time": 91.45,
                                    "Actual Total Time": 91.451,
                                    "Actual Rows": 1,
                                    "Actual Loops": 1
                                },
                                {
                                    "Worker Number": 2,
                                    "Actual Startup Time": 91.452,
                                    "Actual Total Time": 91.453,
                                    "Actual Rows": 1,
                                    "Actual Loops": 1
                                }
                            ],
                            "Plans": [
                                {
                                    "Node Type": "Bitmap Heap Scan",
                                    "Parent Relationship": "Outer",
                                    "Parallel Aware": true,
                                    "Relation Name": "movie_keyword",
                                    "Schema": "public",
                                    "Alias": "mk",
                                    "Startup Cost": 9409.8,
                                    "Total Cost": 35652.23,
                                    "Plan Rows": 143075,
                                    "Plan Width": 0,
                                    "Actual Startup Time": 22.577,
                                    "Actual Total Time": 87.986,
                                    "Actual Rows": 108486,
                                    "Actual Loops": 4,
                                    "Recheck Cond": "(mk.keyword_id > 40406)",
                                    "Rows Removed by Index Recheck": 0,
                                    "Exact Heap Blocks": 10850,
                                    "Lossy Heap Blocks": 0,
                                    "Workers": [
                                        {
                                            "Worker Number": 0,
                                            "Actual Startup Time": 19.644,
                                            "Actual Total Time": 85.804,
                                            "Actual Rows": 72205,
                                            "Actual Loops": 1
                                        },
                                        {
                                            "Worker Number": 1,
                                            "Actual Startup Time": 19.985,
                                            "Actual Total Time": 85.906,
                                            "Actual Rows": 76522,
                                            "Actual Loops": 1
                                        },
                                        {
                                            "Worker Number": 2,
                                            "Actual Startup Time": 19.877,
                                            "Actual Total Time": 85.792,
                                            "Actual Rows": 78319,
                                            "Actual Loops": 1
                                        }
                                    ],
                                    "Plans": [
                                        {
                                            "Node Type": "Bitmap Index Scan",
                                            "Parent Relationship": "Outer",
                                            "Parallel Aware": false,
                                            "Index Name": "keyword_id_movie_keyword",
                                            "Startup Cost": 0.0,
                                            "Total Cost": 9298.92,
                                            "Plan Rows": 443531,
                                            "Plan Width": 0,
                                            "Actual Startup Time": 27.525,
                                            "Actual Total Time": 27.526,
                                            "Actual Rows": 433943,
                                            "Actual Loops": 1,
                                            "Index Cond": "(mk.keyword_id > 40406)"
                                        }
                                    ]
                                }
                            ]
                        }
                    ]
                }
            ]
        },
        "Planning Time": 177.243,
        "Triggers": [],
        "Execution Time": 110.353
    }
]