[
  {
    "Plan": {
      "Node Type": "Aggregate",
      "Strategy": "Plain",
      "Partial Mode": "Finalize",
      "Parallel Aware": false,
      "Startup Cost": 46805.0,
      "Total Cost": 46805.01,
      "Plan Rows": 1,
      "Plan Width": 8,
      "Actual Startup Time": 187.37,
      "Actual Total Time": 194.563,
      "Actual Rows": 1,
      "Actual Loops": 1,
      "Plans": [
        {
          "Node Type": "Gather",
          "Parent Relationship": "Outer",
          "Parallel Aware": false,
          "Startup Cost": 46804.68,
          "Total Cost": 46804.99,
          "Plan Rows": 3,
          "Plan Width": 8,
          "Actual Startup Time": 187.25,
          "Actual Total Time": 194.555,
          "Actual Rows": 4,
          "Actual Loops": 1,
          "Workers Planned": 3,
          "Workers Launched": 3,
          "Single Copy": false,
          "Plans": [
            {
              "Node Type": "Aggregate",
              "Strategy": "Plain",
              "Partial Mode": "Partial",
              "Parent Relationship": "Outer",
              "Parallel Aware": false,
              "Startup Cost": 45804.68,
              "Total Cost": 45804.69,
              "Plan Rows": 1,
              "Plan Width": 8,
              "Actual Startup Time": 180.694,
              "Actual Total Time": 180.695,
              "Actual Rows": 1,
              "Actual Loops": 4,
              "Plans": [
                {
                  "Node Type": "Seq Scan",
                  "Parent Relationship": "Outer",
                  "Parallel Aware": true,
                  "Relation Name": "movie_keyword",
                  "Alias": "mk",
                  "Startup Cost": 0.0,
                  "Total Cost": 42695.65,
                  "Plan Rows": 1243610,
                  "Plan Width": 0,
                  "Actual Startup Time": 0.048,
                  "Actual Total Time": 131.438,
                  "Actual Rows": 963493,
                  "Actual Loops": 4,
                  "Filter": "(keyword_id < 27983)",
                  "Rows Removed by Filter": 167489
                }
              ]
            }
          ]
        }
      ]
    },
    "Planning Time": 0.084,
    "Triggers": [],
    "Execution Time": 194.592
  }
]