[
  {
    "Plan": {
      "Node Type": "Aggregate",
      "Strategy": "Plain",
      "Partial Mode": "Finalize",
      "Parallel Aware": false,
      "Startup Cost": 437830.69,
      "Total Cost": 437830.7,
      "Plan Rows": 1,
      "Plan Width": 8,
      "Actual Startup Time": 1801.517,
      "Actual Total Time": 1855.781,
      "Actual Rows": 1,
      "Actual Loops": 1,
      "Plans": [
        {
          "Node Type": "Gather",
          "Parent Relationship": "Outer",
          "Parallel Aware": false,
          "Startup Cost": 437830.06,
          "Total Cost": 437830.67,
          "Plan Rows": 6,
          "Plan Width": 8,
          "Actual Startup Time": 1783.589,
          "Actual Total Time": 1855.77,
          "Actual Rows": 7,
          "Actual Loops": 1,
          "Workers Planned": 6,
          "Workers Launched": 6,
          "Single Copy": false,
          "Plans": [
            {
              "Node Type": "Aggregate",
              "Strategy": "Plain",
              "Partial Mode": "Partial",
              "Parent Relationship": "Outer",
              "Parallel Aware": false,
              "Startup Cost": 436830.06,
              "Total Cost": 436830.07,
              "Plan Rows": 1,
              "Plan Width": 8,
              "Actual Startup Time": 1774.57,
              "Actual Total Time": 1774.935,
              "Actual Rows": 1,
              "Actual Loops": 7,
              "Plans": [
                {
                  "Node Type": "Hash Join",
                  "Parent Relationship": "Outer",
                  "Parallel Aware": true,
                  "Join Type": "Inner",
                  "Startup Cost": 85184.98,
                  "Total Cost": 433706.88,
                  "Plan Rows": 1249274,
                  "Plan Width": 0,
                  "Actual Startup Time": 485.495,
                  "Actual Total Time": 1722.545,
                  "Actual Rows": 1153226,
                  "Actual Loops": 7,
                  "Inner Unique": false,
                  "Hash Cond": "(ci.movie_id = t.id)",
                  "Plans": [
                    {
                      "Node Type": "Seq Scan",
                      "Parent Relationship": "Outer",
                      "Parallel Aware": true,
                      "Relation Name": "cast_info",
                      "Alias": "ci",
                      "Startup Cost": 0.0,
                      "Total Cost": 328211.39,
                      "Plan Rows": 4341493,
                      "Plan Width": 4,
                      "Actual Startup Time": 104.307,
                      "Actual Total Time": 611.932,
                      "Actual Rows": 3716752,
                      "Actual Loops": 7,
                      "Filter": "(person_id > 1006061)",
                      "Rows Removed by Filter": 1461011
                    },
                    {
                      "Node Type": "Hash",
                      "Parent Relationship": "Inner",
                      "Parallel Aware": true,
                      "Startup Cost": 82251.28,
                      "Total Cost": 82251.28,
                      "Plan Rows": 234696,
                      "Plan Width": 8,
                      "Actual Startup Time": 378.658,
                      "Actual Total Time": 379.021,
                      "Actual Rows": 65520,
                      "Actual Loops": 7,
                      "Hash Buckets": 1048576,
                      "Original Hash Buckets": 1048576,
                      "Hash Batches": 1,
                      "Original Hash Batches": 1,
                      "Peak Memory Usage": 26208,
                      "Plans": [
                        {
                          "Node Type": "Hash Join",
                          "Parent Relationship": "Outer",
                          "Parallel Aware": true,
                          "Join Type": "Inner",
                          "Startup Cost": 50220.38,
                          "Total Cost": 82251.28,
                          "Plan Rows": 234696,
                          "Plan Width": 8,
                          "Actual Startup Time": 291.63,
                          "Actual Total Time": 350.271,
                          "Actual Rows": 65520,
                          "Actual Loops": 7,
                          "Inner Unique": true,
                          "Hash Cond": "(mc.movie_id = t.id)",
                          "Plans": [
                            {
                              "Node Type": "Seq Scan",
                              "Parent Relationship": "Outer",
                              "Parallel Aware": true,
                              "Relation Name": "movie_companies",
                              "Alias": "mc",
                              "Startup Cost": 0.0,
                              "Total Cost": 31414.82,
                              "Plan Rows": 234696,
                              "Plan Width": 4,
                              "Actual Startup Time": 23.036,
                              "Actual Total Time": 44.397,
                              "Actual Rows": 65520,
                              "Actual Loops": 7,
                              "Filter": "((company_id < 12690) AND (company_type_id = 2))",
                              "Rows Removed by Filter": 307212
                            },
                            {
                              "Node Type": "Hash",
                              "Parent Relationship": "Inner",
                              "Parallel Aware": true,
                              "Startup Cost": 42319.06,
                              "Total Cost": 42319.06,
                              "Plan Rows": 632106,
                              "Plan Width": 4,
                              "Actual Startup Time": 264.353,
                              "Actual Total Time": 264.356,
                              "Actual Rows": 361187,
                              "Actual Loops": 7,
                              "Hash Buckets": 4194304,
                              "Original Hash Buckets": 4194304,
                              "Hash Batches": 1,
                              "Original Hash Batches": 1,
                              "Peak Memory Usage": 131808,
                              "Plans": [
                                {
                                  "Node Type": "Seq Scan",
                                  "Parent Relationship": "Outer",
                                  "Parallel Aware": true,
                                  "Relation Name": "title",
                                  "Alias": "t",
                                  "Startup Cost": 0.0,
                                  "Total Cost": 42319.06,
                                  "Plan Rows": 632106,
                                  "Plan Width": 4,
                                  "Actual Startup Time": 0.053,
                                  "Actual Total Time": 73.74,
                                  "Actual Rows": 361187,
                                  "Actual Loops": 7
                                }
                              ]
                            }
                          ]
                        }
                      ]
                    }
                  ]
                }
              ]
            }
          ]
        }
      ]
    },
    "Planning Time": 0.588,
    "Triggers": [],
    "Execution Time": 1855.837
  }
]