{
  "Plan": {
    "Node Type": "Aggregate",
    "Strategy": "Plain",
    "Partial Mode": "Finalize",
    "Parallel Aware": false,
    "Startup Cost": 108604.99,
    "Total Cost": 108605.0,
    "Plan Rows": 1,
    "Plan Width": 8,
    "Actual Startup Time": 398.389,
    "Actual Total Time": 411.56,
    "Actual Rows": 1,
    "Actual Loops": 1,
    "Plans": [
      {
        "Node Type": "Gather",
        "Parent Relationship": "Outer",
        "Parallel Aware": false,
        "Startup Cost": 108604.88,
        "Total Cost": 108604.99,
        "Plan Rows": 1,
        "Plan Width": 8,
        "Actual Startup Time": 397.747,
        "Actual Total Time": 411.553,
        "Actual Rows": 2,
        "Actual Loops": 1,
        "Workers Planned": 1,
        "Workers Launched": 1,
        "Single Copy": false,
        "Plans": [
          {
            "Node Type": "Aggregate",
            "Strategy": "Plain",
            "Partial Mode": "Partial",
            "Parent Relationship": "Outer",
            "Parallel Aware": false,
            "Startup Cost": 107604.88,
            "Total Cost": 107604.89,
            "Plan Rows": 1,
            "Plan Width": 8,
            "Actual Startup Time": 394.273,
            "Actual Total Time": 394.276,
            "Actual Rows": 1,
            "Actual Loops": 2,
            "Plans": [
              {
                "Node Type": "Hash Join",
                "Parent Relationship": "Outer",
                "Parallel Aware": true,
                "Join Type": "Inner",
                "Startup Cost": 75358.14,
                "Total Cost": 107428.06,
                "Plan Rows": 70728,
                "Plan Width": 0,
                "Actual Startup Time": 236.683,
                "Actual Total Time": 389.903,
                "Actual Rows": 95576,
                "Actual Loops": 2,
                "Inner Unique": true,
                "Hash Cond": "(mk.movie_id = t.id)",
                "Plans": [
                  {
                    "Node Type": "Bitmap Heap Scan",
                    "Parent Relationship": "Outer",
                    "Parallel Aware": true,
                    "Relation Name": "movie_keyword",
                    "Alias": "mk",
                    "Startup Cost": 18158.47,
                    "Total Cost": 48906.63,
                    "Plan Rows": 503532,
                    "Plan Width": 4,
                    "Actual Startup Time": 47.298,
                    "Actual Total Time": 137.055,
                    "Actual Rows": 424524,
                    "Actual Loops": 2,
                    "Recheck Cond": "(keyword_id > 21629)",
                    "Rows Removed by Index Recheck": 0,
                    "Exact Heap Blocks": 13575,
                    "Lossy Heap Blocks": 0,
                    "Plans": [
                      {
                        "Node Type": "Bitmap Index Scan",
                        "Parent Relationship": "Outer",
                        "Parallel Aware": false,
                        "Index Name": "keyword_id_movie_keyword",
                        "Startup Cost": 0.0,
                        "Total Cost": 17944.47,
                        "Plan Rows": 856005,
                        "Plan Width": 0,
                        "Actual Startup Time": 43.598,
                        "Actual Total Time": 43.599,
                        "Actual Rows": 849048,
                        "Actual Loops": 1,
                        "Index Cond": "(keyword_id > 21629)"
                      }
                    ]
                  },
                  {
                    "Node Type": "Hash",
                    "Parent Relationship": "Inner",
                    "Parallel Aware": true,
                    "Startup Cost": 54588.39,
                    "Total Cost": 54588.39,
                    "Plan Rows": 208902,
                    "Plan Width": 4,
                    "Actual Startup Time": 183.609,
                    "Actual Total Time": 183.609,
                    "Actual Rows": 183215,
                    "Actual Loops": 2,
                    "Hash Buckets": 524288,
                    "Original Hash Buckets": 524288,
                    "Hash Batches": 1,
                    "Original Hash Batches": 1,
                    "Peak Memory Usage": 18464,
                    "Plans": [
                      {
                        "Node Type": "Seq Scan",
                        "Parent Relationship": "Outer",
                        "Parallel Aware": true,
                        "Relation Name": "title",
                        "Alias": "t",
                        "Startup Cost": 0.0,
                        "Total Cost": 54588.39,
                        "Plan Rows": 208902,
                        "Plan Width": 4,
                        "Actual Startup Time": 0.023,
                        "Actual Total Time": 135.941,
                        "Actual Rows": 183215,
                        "Actual Loops": 2,
                        "Filter": "(production_year < 1970)",
                        "Rows Removed by Filter": 1080941
                      }
                    ]
                  }
                ]
              }
            ]
          }
        ]
      }
    ]
  },
  "Planning Time": 0.472,
  "Triggers": [],
  "Execution Time": 411.654
}