{
  "Plan": {
    "Node Type": "Aggregate",
    "Strategy": "Plain",
    "Partial Mode": "Finalize",
    "Parallel Aware": false,
    "Startup Cost": 142884.05,
    "Total Cost": 142884.06,
    "Plan Rows": 1,
    "Plan Width": 8,
    "Actual Startup Time": 1104.1,
    "Actual Total Time": 1122.662,
    "Actual Rows": 1,
    "Actual Loops": 1,
    "Plans": [
      {
        "Node Type": "Gather",
        "Parent Relationship": "Outer",
        "Parallel Aware": false,
        "Startup Cost": 142883.94,
        "Total Cost": 142884.05,
        "Plan Rows": 1,
        "Plan Width": 8,
        "Actual Startup Time": 1099.564,
        "Actual Total Time": 1122.655,
        "Actual Rows": 2,
        "Actual Loops": 1,
        "Workers Planned": 1,
        "Workers Launched": 1,
        "Single Copy": false,
        "Plans": [
          {
            "Node Type": "Aggregate",
            "Strategy": "Plain",
            "Partial Mode": "Partial",
            "Parent Relationship": "Outer",
            "Parallel Aware": false,
            "Startup Cost": 141883.94,
            "Total Cost": 141883.95,
            "Plan Rows": 1,
            "Plan Width": 8,
            "Actual Startup Time": 1090.052,
            "Actual Total Time": 1090.056,
            "Actual Rows": 1,
            "Actual Loops": 2,
            "Plans": [
              {
                "Node Type": "Hash Join",
                "Parent Relationship": "Outer",
                "Parallel Aware": true,
                "Join Type": "Inner",
                "Startup Cost": 71551.01,
                "Total Cost": 136018.7,
                "Plan Rows": 2346095,
                "Plan Width": 0,
                "Actual Startup Time": 511.711,
                "Actual Total Time": 1014.769,
                "Actual Rows": 1964622,
                "Actual Loops": 2,
                "Inner Unique": true,
                "Hash Cond": "(mk.movie_id = t.id)",
                "Plans": [
                  {
                    "Node Type": "Seq Scan",
                    "Parent Relationship": "Outer",
                    "Parallel Aware": true,
                    "Relation Name": "movie_keyword",
                    "Alias": "mk",
                    "Startup Cost": 0.0,
                    "Total Cost": 57718.19,
                    "Plan Rows": 2571231,
                    "Plan Width": 4,
                    "Actual Startup Time": 0.015,
                    "Actual Total Time": 199.016,
                    "Actual Rows": 2187292,
                    "Actual Loops": 2,
                    "Filter": "(keyword_id < 73967)",
                    "Rows Removed by Filter": 74673
                  },
                  {
                    "Node Type": "Hash",
                    "Parent Relationship": "Inner",
                    "Parallel Aware": true,
                    "Startup Cost": 54588.39,
                    "Total Cost": 54588.39,
                    "Plan Rows": 1357010,
                    "Plan Width": 4,
                    "Actual Startup Time": 493.221,
                    "Actual Total Time": 493.222,
                    "Actual Rows": 1151488,
                    "Actual Loops": 2,
                    "Hash Buckets": 4194304,
                    "Original Hash Buckets": 4194304,
                    "Hash Batches": 1,
                    "Original Hash Batches": 1,
                    "Peak Memory Usage": 122912,
                    "Plans": [
                      {
                        "Node Type": "Seq Scan",
                        "Parent Relationship": "Outer",
                        "Parallel Aware": true,
                        "Relation Name": "title",
                        "Alias": "t",
                        "Startup Cost": 0.0,
                        "Total Cost": 54588.39,
                        "Plan Rows": 1357010,
                        "Plan Width": 4,
                        "Actual Startup Time": 0.027,
                        "Actual Total Time": 178.744,
                        "Actual Rows": 1151488,
                        "Actual Loops": 2,
                        "Filter": "(production_year > 1945)",
                        "Rows Removed by Filter": 112668
                      }
                    ]
                  }
                ]
              }
            ]
          }
        ]
      }
    ]
  },
  "Planning Time": 0.414,
  "Triggers": [],
  "Execution Time": 1122.706
}