[
  {
    "Plan": {
      "Node Type": "Aggregate",
      "Strategy": "Plain",
      "Partial Mode": "Simple",
      "Parallel Aware": false,
      "Startup Cost": 1277014.24,
      "Total Cost": 1277014.25,
      "Plan Rows": 1,
      "Plan Width": 96,
      "Actual Startup Time": 5179.109,
      "Actual Total Time": 5186.468,
      "Actual Rows": 1,
      "Actual Loops": 1,
      "Plans": [
        {
          "Node Type": "Merge Join",
          "Parent Relationship": "Outer",
          "Parallel Aware": false,
          "Join Type": "Inner",
          "Startup Cost": 1212832.24,
          "Total Cost": 1277014.23,
          "Plan Rows": 1,
          "Plan Width": 48,
          "Actual Startup Time": 5179.036,
          "Actual Total Time": 5186.439,
          "Actual Rows": 15,
          "Actual Loops": 1,
          "Inner Unique": true,
          "Merge Cond": "(ci.person_id = n.id)",
          "Plans": [
            {
              "Node Type": "Merge Join",
              "Parent Relationship": "Outer",
              "Parallel Aware": false,
              "Join Type": "Inner",
              "Startup Cost": 1132058.84,
              "Total Cost": 1196006.79,
              "Plan Rows": 1,
              "Plan Width": 45,
              "Actual Startup Time": 4861.534,
              "Actual Total Time": 4862.178,
              "Actual Rows": 15,
              "Actual Loops": 1,
              "Inner Unique": false,
              "Merge Cond": "(ci.person_id = an.person_id)",
              "Plans": [
                {
                  "Node Type": "Merge Join",
                  "Parent Relationship": "Outer",
                  "Parallel Aware": false,
                  "Join Type": "Inner",
                  "Startup Cost": 1132048.85,
                  "Total Cost": 1132176.53,
                  "Plan Rows": 1,
                  "Plan Width": 41,
                  "Actual Startup Time": 4653.133,
                  "Actual Total Time": 4653.744,
                  "Actual Rows": 5,
                  "Actual Loops": 1,
                  "Inner Unique": false,
                  "Merge Cond": "(pi.person_id = ci.person_id)",
                  "Plans": [
                    {
                      "Node Type": "Sort",
                      "Parent Relationship": "Outer",
                      "Parallel Aware": false,
                      "Startup Cost": 139869.28,
                      "Total Cost": 139934.75,
                      "Plan Rows": 26186,
                      "Plan Width": 4,
                      "Actual Startup Time": 618.661,
                      "Actual Total Time": 629.505,
                      "Actual Rows": 79687,
                      "Actual Loops": 1,
                      "Sort Key": [
                        "pi.person_id"
                      ],
                      "Sort Method": "quicksort",
                      "Sort Space Used": 12817,
                      "Sort Space Type": "Memory",
                      "Plans": [
                        {
                          "Node Type": "Gather",
                          "Parent Relationship": "Outer",
                          "Parallel Aware": false,
                          "Startup Cost": 131564.84,
                          "Total Cost": 137947.69,
                          "Plan Rows": 26186,
                          "Plan Width": 4,
                          "Actual Startup Time": 532.468,
                          "Actual Total Time": 568.499,
                          "Actual Rows": 142345,
                          "Actual Loops": 1,
                          "Workers Planned": 4,
                          "Workers Launched": 4,
                          "Single Copy": false,
                          "Plans": [
                            {
                              "Node Type": "Merge Join",
                              "Parent Relationship": "Outer",
                              "Parallel Aware": false,
                              "Join Type": "Inner",
                              "Startup Cost": 130564.84,
                              "Total Cost": 134329.09,
                              "Plan Rows": 6546,
                              "Plan Width": 4,
                              "Actual Startup Time": 523.308,
                              "Actual Total Time": 534.815,
                              "Actual Rows": 28469,
                              "Actual Loops": 5,
                              "Inner Unique": true,
                              "Merge Cond": "(pi.info_type_id = it3.id)",
                              "Plans": [
                                {
                                  "Node Type": "Sort",
                                  "Parent Relationship": "Outer",
                                  "Parallel Aware": false,
                                  "Startup Cost": 130562.41,
                                  "Total Cost": 132411.8,
                                  "Plan Rows": 739755,
                                  "Plan Width": 8,
                                  "Actual Startup Time": 447.46,
                                  "Actual Total Time": 501.154,
                                  "Actual Rows": 321021,
                                  "Actual Loops": 5,
                                  "Sort Key": [
                                    "pi.info_type_id"
                                  ],
                                  "Sort Method": "quicksort",
                                  "Sort Space Used": 53095,
                                  "Sort Space Type": "Memory",
                                  "Workers": [
                                    {
                                      "Worker Number": 0,
                                      "Sort Method": "quicksort",
                                      "Sort Space Used": 52303,
                                      "Sort Space Type": "Memory"
                                    },
                                    {
                                      "Worker Number": 1,
                                      "Sort Method": "quicksort",
                                      "Sort Space Used": 52063,
                                      "Sort Space Type": "Memory"
                                    },
                                    {
                                      "Worker Number": 2,
                                      "Sort Method": "quicksort",
                                      "Sort Space Used": 52368,
                                      "Sort Space Type": "Memory"
                                    },
                                    {
                                      "Worker Number": 3,
                                      "Sort Method": "quicksort",
                                      "Sort Space Used": 51975,
                                      "Sort Space Type": "Memory"
                                    }
                                  ],
                                  "Plans": [
                                    {
                                      "Node Type": "Seq Scan",
                                      "Parent Relationship": "Outer",
                                      "Parallel Aware": true,
                                      "Relation Name": "person_info",
                                      "Alias": "pi",
                                      "Startup Cost": 0.0,
                                      "Total Cost": 58448.55,
                                      "Plan Rows": 739755,
                                      "Plan Width": 8,
                                      "Actual Startup Time": 0.07,
                                      "Actual Total Time": 264.654,
                                      "Actual Rows": 592733,
                                      "Actual Loops": 5
                                    }
                                  ]
                                },
                                {
                                  "Node Type": "Sort",
                                  "Parent Relationship": "Inner",
                                  "Parallel Aware": false,
                                  "Startup Cost": 2.42,
                                  "Total Cost": 2.43,
                                  "Plan Rows": 1,
                                  "Plan Width": 4,
                                  "Actual Startup Time": 0.107,
                                  "Actual Total Time": 0.109,
                                  "Actual Rows": 1,
                                  "Actual Loops": 5,
                                  "Sort Key": [
                                    "it3.id"
                                  ],
                                  "Sort Method": "quicksort",
                                  "Sort Space Used": 25,
                                  "Sort Space Type": "Memory",
                                  "Workers": [
                                    {
                                      "Worker Number": 0,
                                      "Sort Method": "quicksort",
                                      "Sort Space Used": 25,
                                      "Sort Space Type": "Memory"
                                    },
                                    {
                                      "Worker Number": 1,
                                      "Sort Method": "quicksort",
                                      "Sort Space Used": 25,
                                      "Sort Space Type": "Memory"
                                    },
                                    {
                                      "Worker Number": 2,
                                      "Sort Method": "quicksort",
                                      "Sort Space Used": 25,
                                      "Sort Space Type": "Memory"
                                    },
                                    {
                                      "Worker Number": 3,
                                      "Sort Method": "quicksort",
                                      "Sort Space Used": 25,
                                      "Sort Space Type": "Memory"
                                    }
                                  ],
                                  "Plans": [
                                    {
                                      "Node Type": "Seq Scan",
                                      "Parent Relationship": "Outer",
                                      "Parallel Aware": false,
                                      "Relation Name": "info_type",
                                      "Alias": "it3",
                                      "Startup Cost": 0.0,
                                      "Total Cost": 2.41,
                                      "Plan Rows": 1,
                                      "Plan Width": 4,
                                      "Actual Startup Time": 0.081,
                                      "Actual Total Time": 0.088,
                                      "Actual Rows": 1,
                                      "Actual Loops": 5,
                                      "Filter": "((info)::text = 'height'::text)",
                                      "Rows Removed by Filter": 112
                                    }
                                  ]
                                }
                              ]
                            }
                          ]
                        }
                      ]
                    },
                    {
                      "Node Type": "Sort",
                      "Parent Relationship": "Inner",
                      "Parallel Aware": false,
                      "Startup Cost": 992179.55,
                      "Total Cost": 992179.55,
                      "Plan Rows": 1,
                      "Plan Width": 37,
                      "Actual Startup Time": 4018.2,
                      "Actual Total Time": 4018.633,
                      "Actual Rows": 5,
                      "Actual Loops": 1,
                      "Sort Key": [
                        "ci.person_id"
                      ],
                      "Sort Method": "quicksort",
                      "Sort Space Used": 25,
                      "Sort Space Type": "Memory",
                      "Plans": [
                        {
                          "Node Type": "Merge Join",
                          "Parent Relationship": "Outer",
                          "Parallel Aware": false,
                          "Join Type": "Inner",
                          "Startup Cost": 992080.54,
                          "Total Cost": 992179.54,
                          "Plan Rows": 1,
                          "Plan Width": 37,
                          "Actual Startup Time": 4017.608,
                          "Actual Total Time": 4018.614,
                          "Actual Rows": 5,
                          "Actual Loops": 1,
                          "Inner Unique": false,
                          "Merge Cond": "(mi.movie_id = t.id)",
                          "Plans": [
                            {
                              "Node Type": "Merge Join",
                              "Parent Relationship": "Outer",
                              "Parallel Aware": false,
                              "Join Type": "Inner",
                              "Startup Cost": 758052.62,
                              "Total Cost": 758151.6,
                              "Plan Rows": 1,
                              "Plan Width": 36,
                              "Actual Startup Time": 3023.976,
                              "Actual Total Time": 3024.913,
                              "Actual Rows": 6,
                              "Actual Loops": 1,
                              "Inner Unique": false,
                              "Merge Cond": "(mc.movie_id = mi.movie_id)",
                              "Plans": [
                                {
                                  "Node Type": "Merge Join",
                                  "Parent Relationship": "Outer",
                                  "Parallel Aware": false,
                                  "Join Type": "Inner",
                                  "Startup Cost": 550720.57,
                                  "Total Cost": 550802.39,
                                  "Plan Rows": 1,
                                  "Plan Width": 32,
                                  "Actual Startup Time": 2129.954,
                                  "Actual Total Time": 2138.741,
                                  "Actual Rows": 19,
                                  "Actual Loops": 1,
                                  "Inner Unique": false,
                                  "Merge Cond": "(ci.movie_id = mc.movie_id)",
                                  "Plans": [
                                    {
                                      "Node Type": "Sort",
                                      "Parent Relationship": "Outer",
                                      "Parallel Aware": false,
                                      "Startup Cost": 409832.1,
                                      "Total Cost": 409832.1,
                                      "Plan Rows": 1,
                                      "Plan Width": 24,
                                      "Actual Startup Time": 1401.983,
                                      "Actual Total Time": 1402.165,
                                      "Actual Rows": 63,
                                      "Actual Loops": 1,
                                      "Sort Key": [
                                        "ci.movie_id"
                                      ],
                                      "Sort Method": "quicksort",
                                      "Sort Space Used": 28,
                                      "Sort Space Type": "Memory",
                                      "Plans": [
                                        {
                                          "Node Type": "Merge Join",
                                          "Parent Relationship": "Outer",
                                          "Parallel Aware": false,
                                          "Join Type": "Inner",
                                          "Startup Cost": 409678.35,
                                          "Total Cost": 409832.09,
                                          "Plan Rows": 1,
                                          "Plan Width": 24,
                                          "Actual Startup Time": 1401.939,
                                          "Actual Total Time": 1402.125,
                                          "Actual Rows": 73,
                                          "Actual Loops": 1,
                                          "Inner Unique": true,
                                          "Merge Cond": "(ci.person_role_id = chn.id)",
                                          "Plans": [
                                            {
                                              "Node Type": "Sort",
                                              "Parent Relationship": "Outer",
                                              "Parallel Aware": false,
                                              "Startup Cost": 362400.25,
                                              "Total Cost": 362576.52,
                                              "Plan Rows": 70509,
                                              "Plan Width": 12,
                                              "Actual Startup Time": 1215.666,
                                              "Actual Total Time": 1223.723,
                                              "Actual Rows": 61387,
                                              "Actual Loops": 1,
                                              "Sort Key": [
                                                "ci.person_role_id"
                                              ],
                                              "Sort Method": "quicksort",
                                              "Sort Space Used": 24644,
                                              "Sort Space Type": "Memory",
                                              "Plans": [
                                                {
                                                  "Node Type": "Gather",
                                                  "Parent Relationship": "Outer",
                                                  "Parallel Aware": false,
                                                  "Startup Cost": 348848.81,
                                                  "Total Cost": 356722.33,
                                                  "Plan Rows": 70509,
                                                  "Plan Width": 12,
                                                  "Actual Startup Time": 1119.214,
                                                  "Actual Total Time": 1155.057,
                                                  "Actual Rows": 263582,
                                                  "Actual Loops": 1,
                                                  "Workers Planned": 6,
                                                  "Workers Launched": 6,
                                                  "Single Copy": false,
                                                  "Plans": [
                                                    {
                                                      "Node Type": "Merge Join",
                                                      "Parent Relationship": "Outer",
                                                      "Parallel Aware": false,
                                                      "Join Type": "Inner",
                                                      "Startup Cost": 347848.81,
                                                      "Total Cost": 348671.43,
                                                      "Plan Rows": 11752,
                                                      "Plan Width": 12,
                                                      "Actual Startup Time": 1108.751,
                                                      "Actual Total Time": 1117.612,
                                                      "Actual Rows": 37655,
                                                      "Actual Loops": 7,
                                                      "Inner Unique": true,
                                                      "Merge Cond": "(ci.role_id = rt.id)",
                                                      "Plans": [
                                                        {
                                                          "Node Type": "Sort",
                                                          "Parent Relationship": "Outer",
                                                          "Parallel Aware": false,
                                                          "Startup Cost": 347847.65,
                                                          "Total Cost": 348200.2,
                                                          "Plan Rows": 141018,
                                                          "Plan Width": 16,
                                                          "Actual Startup Time": 1098.474,
                                                          "Actual Total Time": 1104.468,
                                                          "Actual Rows": 119480,
                                                          "Actual Loops": 7,
                                                          "Sort Key": [
                                                            "ci.role_id"
                                                          ],
                                                          "Sort Method": "quicksort",
                                                          "Sort Space Used": 13489,
                                                          "Sort Space Type": "Memory",
                                                          "Workers": [
                                                            {
                                                              "Worker Number": 0,
                                                              "Sort Method": "quicksort",
                                                              "Sort Space Used": 8274,
                                                              "Sort Space Type": "Memory"
                                                            },
                                                            {
                                                              "Worker Number": 1,
                                                              "Sort Method": "quicksort",
                                                              "Sort Space Used": 8115,
                                                              "Sort Space Type": "Memory"
                                                            },
                                                            {
                                                              "Worker Number": 2,
                                                              "Sort Method": "quicksort",
                                                              "Sort Space Used": 8244,
                                                              "Sort Space Type": "Memory"
                                                            },
                                                            {
                                                              "Worker Number": 3,
                                                              "Sort Method": "quicksort",
                                                              "Sort Space Used": 8206,
                                                              "Sort Space Type": "Memory"
                                                            },
                                                            {
                                                              "Worker Number": 4,
                                                              "Sort Method": "quicksort",
                                                              "Sort Space Used": 8186,
                                                              "Sort Space Type": "Memory"
                                                            },
                                                            {
                                                              "Worker Number": 5,
                                                              "Sort Method": "quicksort",
                                                              "Sort Space Used": 12359,
                                                              "Sort Space Type": "Memory"
                                                            }
                                                          ],
                                                          "Plans": [
                                                            {
                                                              "Node Type": "Seq Scan",
                                                              "Parent Relationship": "Outer",
                                                              "Parallel Aware": true,
                                                              "Relation Name": "cast_info",
                                                              "Alias": "ci",
                                                              "Startup Cost": 0.0,
                                                              "Total Cost": 335786.72,
                                                              "Plan Rows": 141018,
                                                              "Plan Width": 16,
                                                              "Actual Startup Time": 0.127,
                                                              "Actual Total Time": 1063.044,
                                                              "Actual Rows": 119529,
                                                              "Actual Loops": 7,
                                                              "Filter": "(note = ANY ('{(voice),\"(voice) (uncredited)\",\"(voice: English version)\"}'::text[]))",
                                                              "Rows Removed by Filter": 5058235
                                                            }
                                                          ]
                                                        },
                                                        {
                                                          "Node Type": "Sort",
                                                          "Parent Relationship": "Inner",
                                                          "Parallel Aware": false,
                                                          "Startup Cost": 1.16,
                                                          "Total Cost": 1.16,
                                                          "Plan Rows": 1,
                                                          "Plan Width": 4,
                                                          "Actual Startup Time": 0.109,
                                                          "Actual Total Time": 0.112,
                                                          "Actual Rows": 1,
                                                          "Actual Loops": 7,
                                                          "Sort Key": [
                                                            "rt.id"
                                                          ],
                                                          "Sort Method": "quicksort",
                                                          "Sort Space Used": 25,
                                                          "Sort Space Type": "Memory",
                                                          "Workers": [
                                                            {
                                                              "Worker Number": 0,
                                                              "Sort Method": "quicksort",
                                                              "Sort Space Used": 25,
                                                              "Sort Space Type": "Memory"
                                                            },
                                                            {
                                                              "Worker Number": 1,
                                                              "Sort Method": "quicksort",
                                                              "Sort Space Used": 25,
                                                              "Sort Space Type": "Memory"
                                                            },
                                                            {
                                                              "Worker Number": 2,
                                                              "Sort Method": "quicksort",
                                                              "Sort Space Used": 25,
                                                              "Sort Space Type": "Memory"
                                                            },
                                                            {
                                                              "Worker Number": 3,
                                                              "Sort Method": "quicksort",
                                                              "Sort Space Used": 25,
                                                              "Sort Space Type": "Memory"
                                                            },
                                                            {
                                                              "Worker Number": 4,
                                                              "Sort Method": "quicksort",
                                                              "Sort Space Used": 25,
                                                              "Sort Space Type": "Memory"
                                                            },
                                                            {
                                                              "Worker Number": 5,
                                                              "Sort Method": "quicksort",
                                                              "Sort Space Used": 25,
                                                              "Sort Space Type": "Memory"
                                                            }
                                                          ],
                                                          "Plans": [
                                                            {
                                                              "Node Type": "Seq Scan",
                                                              "Parent Relationship": "Outer",
                                                              "Parallel Aware": false,
                                                              "Relation Name": "role_type",
                                                              "Alias": "rt",
                                                              "Startup Cost": 0.0,
                                                              "Total Cost": 1.15,
                                                              "Plan Rows": 1,
                                                              "Plan Width": 4,
                                                              "Actual Startup Time": 0.083,
                                                              "Actual Total Time": 0.084,
                                                              "Actual Rows": 1,
                                                              "Actual Loops": 7,
                                                              "Filter": "((role)::text = 'actress'::text)",
                                                              "Rows Removed by Filter": 11
                                                            }
                                                          ]
                                                        }
                                                      ]
                                                    }
                                                  ]
                                                }
                                              ]
                                            },
                                            {
                                              "Node Type": "Sort",
                                              "Parent Relationship": "Inner",
                                              "Parallel Aware": false,
                                              "Startup Cost": 47261.67,
                                              "Total Cost": 47261.67,
                                              "Plan Rows": 1,
                                              "Plan Width": 20,
                                              "Actual Startup Time": 173.314,
                                              "Actual Total Time": 173.368,
                                              "Actual Rows": 1,
                                              "Actual Loops": 1,
                                              "Sort Key": [
                                                "chn.id"
                                              ],
                                              "Sort Method": "quicksort",
                                              "Sort Space Used": 25,
                                              "Sort Space Type": "Memory",
                                              "Plans": [
                                                {
                                                  "Node Type": "Gather",
                                                  "Parent Relationship": "Outer",
                                                  "Parallel Aware": false,
                                                  "Startup Cost": 1000.0,
                                                  "Total Cost": 47261.66,
                                                  "Plan Rows": 1,
                                                  "Plan Width": 20,
                                                  "Actual Startup Time": 16.02,
                                                  "Actual Total Time": 173.347,
                                                  "Actual Rows": 1,
                                                  "Actual Loops": 1,
                                                  "Workers Planned": 4,
                                                  "Workers Launched": 4,
                                                  "Single Copy": false,
                                                  "Plans": [
                                                    {
                                                      "Node Type": "Seq Scan",
                                                      "Parent Relationship": "Outer",
                                                      "Parallel Aware": true,
                                                      "Relation Name": "char_name",
                                                      "Alias": "chn",
                                                      "Startup Cost": 0.0,
                                                      "Total Cost": 46261.56,
                                                      "Plan Rows": 1,
                                                      "Plan Width": 20,
                                                      "Actual Startup Time": 136.556,
                                                      "Actual Total Time": 167.947,
                                                      "Actual Rows": 0,
                                                      "Actual Loops": 5,
                                                      "Filter": "(name = 'Queen'::text)",
                                                      "Rows Removed by Filter": 628068
                                                    }
                                                  ]
                                                }
                                              ]
                                            }
                                          ]
                                        }
                                      ]
                                    },
                                    {
                                      "Node Type": "Sort",
                                      "Parent Relationship": "Inner",
                                      "Parallel Aware": false,
                                      "Startup Cost": 140888.48,
                                      "Total Cost": 140929.38,
                                      "Plan Rows": 16360,
                                      "Plan Width": 8,
                                      "Actual Startup Time": 726.646,
                                      "Actual Total Time": 733.042,
                                      "Actual Rows": 48835,
                                      "Actual Loops": 1,
                                      "Sort Key": [
                                        "cc.movie_id"
                                      ],
                                      "Sort Method": "quicksort",
                                      "Sort Space Used": 6516,
                                      "Sort Space Type": "Memory",
                                      "Plans": [
                                        {
                                          "Node Type": "Gather",
                                          "Parent Relationship": "Outer",
                                          "Parallel Aware": false,
                                          "Startup Cost": 137557.17,
                                          "Total Cost": 139743.45,
                                          "Plan Rows": 16360,
                                          "Plan Width": 8,
                                          "Actual Startup Time": 643.791,
                                          "Actual Total Time": 708.456,
                                          "Actual Rows": 73471,
                                          "Actual Loops": 1,
                                          "Workers Planned": 3,
                                          "Workers Launched": 3,
                                          "Single Copy": false,
                                          "Plans": [
                                            {
                                              "Node Type": "Merge Join",
                                              "Parent Relationship": "Outer",
                                              "Parallel Aware": false,
                                              "Join Type": "Inner",
                                              "Startup Cost": 136557.17,
                                              "Total Cost": 137107.45,
                                              "Plan Rows": 5277,
                                              "Plan Width": 8,
                                              "Actual Startup Time": 655.604,
                                              "Actual Total Time": 685.172,
                                              "Actual Rows": 18368,
                                              "Actual Loops": 4,
                                              "Inner Unique": true,
                                              "Merge Cond": "(mc.company_id = cn.id)",
                                              "Plans": [
                                                {
                                                  "Node Type": "Sort",
                                                  "Parent Relationship": "Outer",
                                                  "Parallel Aware": false,
                                                  "Startup Cost": 123671.65,
                                                  "Total Cost": 123708.16,
                                                  "Plan Rows": 14603,
                                                  "Plan Width": 12,
                                                  "Actual Startup Time": 556.105,
                                                  "Actual Total Time": 560.675,
                                                  "Actual Rows": 41626,
                                                  "Actual Loops": 4,
                                                  "Sort Key": [
                                                    "mc.company_id"
                                                  ],
                                                  "Sort Method": "quicksort",
                                                  "Sort Space Used": 4222,
                                                  "Sort Space Type": "Memory",
                                                  "Workers": [
                                                    {
                                                      "Worker Number": 0,
                                                      "Sort Method": "quicksort",
                                                      "Sort Space Used": 3220,
                                                      "Sort Space Type": "Memory"
                                                    },
                                                    {
                                                      "Worker Number": 1,
                                                      "Sort Method": "quicksort",
                                                      "Sort Space Used": 3241,
                                                      "Sort Space Type": "Memory"
                                                    },
                                                    {
                                                      "Worker Number": 2,
                                                      "Sort Method": "quicksort",
                                                      "Sort Space Used": 3268,
                                                      "Sort Space Type": "Memory"
                                                    }
                                                  ],
                                                  "Plans": [
                                                    {
                                                      "Node Type": "Merge Join",
                                                      "Parent Relationship": "Outer",
                                                      "Parallel Aware": false,
                                                      "Join Type": "Inner",
                                                      "Startup Cost": 118235.29,
                                                      "Total Cost": 122661.56,
                                                      "Plan Rows": 14603,
                                                      "Plan Width": 12,
                                                      "Actual Startup Time": 441.818,
                                                      "Actual Total Time": 541.354,
                                                      "Actual Rows": 41626,
                                                      "Actual Loops": 4,
                                                      "Inner Unique": false,
                                                      "Merge Cond": "(mc.movie_id = cc.movie_id)",
                                                      "Plans": [
                                                        {
                                                          "Node Type": "Sort",
                                                          "Parent Relationship": "Outer",
                                                          "Parallel Aware": false,
                                                          "Startup Cost": 110037.47,
                                                          "Total Cost": 112141.61,
                                                          "Plan Rows": 841655,
                                                          "Plan Width": 8,
                                                          "Actual Startup Time": 356.792,
                                                          "Actual Total Time": 398.044,
                                                          "Actual Rows": 652282,
                                                          "Actual Loops": 4,
                                                          "Sort Key": [
                                                            "mc.movie_id"
                                                          ],
                                                          "Sort Method": "quicksort",
                                                          "Sort Space Used": 68093,
                                                          "Sort Space Type": "Memory",
                                                          "Workers": [
                                                            {
                                                              "Worker Number": 0,
                                                              "Sort Method": "quicksort",
                                                              "Sort Space Used": 51634,
                                                              "Sort Space Type": "Memory"
                                                            },
                                                            {
                                                              "Worker Number": 1,
                                                              "Sort Method": "quicksort",
                                                              "Sort Space Used": 50312,
                                                              "Sort Space Type": "Memory"
                                                            },
                                                            {
                                                              "Worker Number": 2,
                                                              "Sort Method": "quicksort",
                                                              "Sort Space Used": 50569,
                                                              "Sort Space Type": "Memory"
                                                            }
                                                          ],
                                                          "Plans": [
                                                            {
                                                              "Node Type": "Seq Scan",
                                                              "Parent Relationship": "Outer",
                                                              "Parallel Aware": true,
                                                              "Relation Name": "movie_companies",
                                                              "Alias": "mc",
                                                              "Startup Cost": 0.0,
                                                              "Total Cost": 27206.55,
                                                              "Plan Rows": 841655,
                                                              "Plan Width": 8,
                                                              "Actual Startup Time": 0.048,
                                                              "Actual Total Time": 144.951,
                                                              "Actual Rows": 652282,
                                                              "Actual Loops": 4
                                                            }
                                                          ]
                                                        },
                                                        {
                                                          "Node Type": "Sort",
                                                          "Parent Relationship": "Inner",
                                                          "Parallel Aware": false,
                                                          "Startup Cost": 8197.59,
                                                          "Total Cost": 8218.7,
                                                          "Plan Rows": 8443,
                                                          "Plan Width": 4,
                                                          "Actual Startup Time": 84.924,
                                                          "Actual Total Time": 89.192,
                                                          "Actual Rows": 51782,
                                                          "Actual Loops": 4,
                                                          "Sort Key": [
                                                            "cc.movie_id"
                                                          ],
                                                          "Sort Method": "quicksort",
                                                          "Sort Space Used": 1607,
                                                          "Sort Space Type": "Memory",
                                                          "Workers": [
                                                            {
                                                              "Worker Number": 0,
                                                              "Sort Method": "quicksort",
                                                              "Sort Space Used": 1607,
                                                              "Sort Space Type": "Memory"
                                                            },
                                                            {
                                                              "Worker Number": 1,
                                                              "Sort Method": "quicksort",
                                                              "Sort Space Used": 1607,
                                                              "Sort Space Type": "Memory"
                                                            },
                                                            {
                                                              "Worker Number": 2,
                                                              "Sort Method": "quicksort",
                                                              "Sort Space Used": 1607,
                                                              "Sort Space Type": "Memory"
                                                            }
                                                          ],
                                                          "Plans": [
                                                            {
                                                              "Node Type": "Merge Join",
                                                              "Parent Relationship": "Outer",
                                                              "Parallel Aware": false,
                                                              "Join Type": "Inner",
                                                              "Startup Cost": 7393.66,
                                                              "Total Cost": 7646.96,
                                                              "Plan Rows": 8443,
                                                              "Plan Width": 4,
                                                              "Actual Startup Time": 66.762,
                                                              "Actual Total Time": 76.316,
                                                              "Actual Rows": 17879,
                                                              "Actual Loops": 4,
                                                              "Inner Unique": true,
                                                              "Merge Cond": "(cc.status_id = cct2.id)",
                                                              "Plans": [
                                                                {
                                                                  "Node Type": "Sort",
                                                                  "Parent Relationship": "Outer",
                                                                  "Parallel Aware": false,
                                                                  "Startup Cost": 7392.6,
                                                                  "Total Cost": 7477.03,
                                                                  "Plan Rows": 33772,
                                                                  "Plan Width": 8,
                                                                  "Actual Startup Time": 57.486,
                                                                  "Actual Total Time": 68.427,
                                                                  "Actual Rows": 85941,
                                                                  "Actual Loops": 4,
                                                                  "Sort Key": [
                                                                    "cc.status_id"
                                                                  ],
                                                                  "Sort Method": "quicksort",
                                                                  "Sort Space Used": 7101,
                                                                  "Sort Space Type": "Memory",
                                                                  "Workers": [
                                                                    {
                                                                      "Worker Number": 0,
                                                                      "Sort Method": "quicksort",
                                                                      "Sort Space Used": 7101,
                                                                      "Sort Space Type": "Memory"
                                                                    },
                                                                    {
                                                                      "Worker Number": 1,
                                                                      "Sort Method": "quicksort",
                                                                      "Sort Space Used": 7101,
                                                                      "Sort Space Type": "Memory"
                                                                    },
                                                                    {
                                                                      "Worker Number": 2,
                                                                      "Sort Method": "quicksort",
                                                                      "Sort Space Used": 7101,
                                                                      "Sort Space Type": "Memory"
                                                                    }
                                                                  ],
                                                                  "Plans": [
                                                                    {
                                                                      "Node Type": "Merge Join",
                                                                      "Parent Relationship": "Outer",
                                                                      "Parallel Aware": false,
                                                                      "Join Type": "Inner",
                                                                      "Startup Cost": 0.55,
                                                                      "Total Cost": 4852.35,
                                                                      "Plan Rows": 33772,
                                                                      "Plan Width": 8,
                                                                      "Actual Startup Time": 0.182,
                                                                      "Actual Total Time": 36.897,
                                                                      "Actual Rows": 85941,
                                                                      "Actual Loops": 4,
                                                                      "Inner Unique": true,
                                                                      "Merge Cond": "(cc.subject_id = cct1.id)",
                                                                      "Plans": [
                                                                        {
                                                                          "Node Type": "Index Scan",
                                                                          "Parent Relationship": "Outer",
                                                                          "Parallel Aware": false,
                                                                          "Scan Direction": "Forward",
                                                                          "Index Name": "subject_id_complete_cast",
                                                                          "Relation Name": "complete_cast",
                                                                          "Alias": "cc",
                                                                          "Startup Cost": 0.42,
                                                                          "Total Cost": 4164.71,
                                                                          "Plan Rows": 135086,
                                                                          "Plan Width": 12,
                                                                          "Actual Startup Time": 0.136,
                                                                          "Actual Total Time": 21.034,
                                                                          "Actual Rows": 85942,
                                                                          "Actual Loops": 4
                                                                        },
                                                                        {
                                                                          "Node Type": "Index Scan",
                                                                          "Parent Relationship": "Inner",
                                                                          "Parallel Aware": false,
                                                                          "Scan Direction": "Forward",
                                                                          "Index Name": "comp_cast_type_pkey",
                                                                          "Relation Name": "comp_cast_type",
                                                                          "Alias": "cct1",
                                                                          "Startup Cost": 0.13,
                                                                          "Total Cost": 12.2,
                                                                          "Plan Rows": 1,
                                                                          "Plan Width": 4,
                                                                          "Actual Startup Time": 0.039,
                                                                          "Actual Total Time": 0.047,
                                                                          "Actual Rows": 1,
                                                                          "Actual Loops": 4,
                                                                          "Filter": "((kind)::text = 'cast'::text)",
                                                                          "Rows Removed by Filter": 3
                                                                        }
                                                                      ]
                                                                    }
                                                                  ]
                                                                },
                                                                {
                                                                  "Node Type": "Sort",
                                                                  "Parent Relationship": "Inner",
                                                                  "Parallel Aware": false,
                                                                  "Startup Cost": 1.06,
                                                                  "Total Cost": 1.06,
                                                                  "Plan Rows": 1,
                                                                  "Plan Width": 4,
                                                                  "Actual Startup Time": 0.071,
                                                                  "Actual Total Time": 0.072,
                                                                  "Actual Rows": 1,
                                                                  "Actual Loops": 4,
                                                                  "Sort Key": [
                                                                    "cct2.id"
                                                                  ],
                                                                  "Sort Method": "quicksort",
                                                                  "Sort Space Used": 25,
                                                                  "Sort Space Type": "Memory",
                                                                  "Workers": [
                                                                    {
                                                                      "Worker Number": 0,
                                                                      "Sort Method": "quicksort",
                                                                      "Sort Space Used": 25,
                                                                      "Sort Space Type": "Memory"
                                                                    },
                                                                    {
                                                                      "Worker Number": 1,
                                                                      "Sort Method": "quicksort",
                                                                      "Sort Space Used": 25,
                                                                      "Sort Space Type": "Memory"
                                                                    },
                                                                    {
                                                                      "Worker Number": 2,
                                                                      "Sort Method": "quicksort",
                                                                      "Sort Space Used": 25,
                                                                      "Sort Space Type": "Memory"
                                                                    }
                                                                  ],
                                                                  "Plans": [
                                                                    {
                                                                      "Node Type": "Seq Scan",
                                                                      "Parent Relationship": "Outer",
                                                                      "Parallel Aware": false,
                                                                      "Relation Name": "comp_cast_type",
                                                                      "Alias": "cct2",
                                                                      "Startup Cost": 0.0,
                                                                      "Total Cost": 1.05,
                                                                      "Plan Rows": 1,
                                                                      "Plan Width": 4,
                                                                      "Actual Startup Time": 0.056,
                                                                      "Actual Total Time": 0.057,
                                                                      "Actual Rows": 1,
                                                                      "Actual Loops": 4,
                                                                      "Filter": "((kind)::text = 'complete+verified'::text)",
                                                                      "Rows Removed by Filter": 3
                                                                    }
                                                                  ]
                                                                }
                                                              ]
                                                            }
                                                          ]
                                                        }
                                                      ]
                                                    }
                                                  ]
                                                },
                                                {
                                                  "Node Type": "Sort",
                                                  "Parent Relationship": "Inner",
                                                  "Parallel Aware": false,
                                                  "Startup Cost": 12885.5,
                                                  "Total Cost": 13097.82,
                                                  "Plan Rows": 84928,
                                                  "Plan Width": 4,
                                                  "Actual Startup Time": 99.47,
                                                  "Actual Total Time": 111.237,
                                                  "Actual Rows": 84841,
                                                  "Actual Loops": 4,
                                                  "Sort Key": [
                                                    "cn.id"
                                                  ],
                                                  "Sort Method": "quicksort",
                                                  "Sort Space Used": 7050,
                                                  "Sort Space Type": "Memory",
                                                  "Workers": [
                                                    {
                                                      "Worker Number": 0,
                                                      "Sort Method": "quicksort",
                                                      "Sort Space Used": 7050,
                                                      "Sort Space Type": "Memory"
                                                    },
                                                    {
                                                      "Worker Number": 1,
                                                      "Sort Method": "quicksort",
                                                      "Sort Space Used": 7050,
                                                      "Sort Space Type": "Memory"
                                                    },
                                                    {
                                                      "Worker Number": 2,
                                                      "Sort Method": "quicksort",
                                                      "Sort Space Used": 7050,
                                                      "Sort Space Type": "Memory"
                                                    }
                                                  ],
                                                  "Plans": [
                                                    {
                                                      "Node Type": "Seq Scan",
                                                      "Parent Relationship": "Outer",
                                                      "Parallel Aware": false,
                                                      "Relation Name": "company_name",
                                                      "Alias": "cn",
                                                      "Startup Cost": 0.0,
                                                      "Total Cost": 5932.46,
                                                      "Plan Rows": 84928,
                                                      "Plan Width": 4,
                                                      "Actual Startup Time": 0.085,
                                                      "Actual Total Time": 66.841,
                                                      "Actual Rows": 84843,
                                                      "Actual Loops": 4,
                                                      "Filter": "((country_code)::text = '[us]'::text)",
                                                      "Rows Removed by Filter": 150154
                                                    }
                                                  ]
                                                }
                                              ]
                                            }
                                          ]
                                        }
                                      ]
                                    }
                                  ]
                                },
                                {
                                  "Node Type": "Sort",
                                  "Parent Relationship": "Inner",
                                  "Parallel Aware": false,
                                  "Startup Cost": 207332.05,
                                  "Total Cost": 207340.63,
                                  "Plan Rows": 3430,
                                  "Plan Width": 4,
                                  "Actual Startup Time": 857.686,
                                  "Actual Total Time": 869.676,
                                  "Actual Rows": 341304,
                                  "Actual Loops": 1,
                                  "Sort Key": [
                                    "mi.movie_id"
                                  ],
                                  "Sort Method": "quicksort",
                                  "Sort Space Used": 30458,
                                  "Sort Space Type": "Memory",
                                  "Plans": [
                                    {
                                      "Node Type": "Gather",
                                      "Parent Relationship": "Outer",
                                      "Parallel Aware": false,
                                      "Startup Cost": 206393.18,
                                      "Total Cost": 207130.64,
                                      "Plan Rows": 3430,
                                      "Plan Width": 4,
                                      "Actual Startup Time": 717.208,
                                      "Actual Total Time": 774.642,
                                      "Actual Rows": 387620,
                                      "Actual Loops": 1,
                                      "Workers Planned": 5,
                                      "Workers Launched": 5,
                                      "Single Copy": false,
                                      "Plans": [
                                        {
                                          "Node Type": "Merge Join",
                                          "Parent Relationship": "Outer",
                                          "Parallel Aware": false,
                                          "Join Type": "Inner",
                                          "Startup Cost": 205393.18,
                                          "Total Cost": 205787.64,
                                          "Plan Rows": 686,
                                          "Plan Width": 4,
                                          "Actual Startup Time": 707.158,
                                          "Actual Total Time": 721.538,
                                          "Actual Rows": 64603,
                                          "Actual Loops": 6,
                                          "Inner Unique": true,
                                          "Merge Cond": "(mi.info_type_id = it.id)",
                                          "Plans": [
                                            {
                                              "Node Type": "Sort",
                                              "Parent Relationship": "Outer",
                                              "Parallel Aware": false,
                                              "Startup Cost": 205390.76,
                                              "Total Cost": 205584.56,
                                              "Plan Rows": 77518,
                                              "Plan Width": 8,
                                              "Actual Startup Time": 706.991,
                                              "Actual Total Time": 710.61,
                                              "Actual Rows": 64614,
                                              "Actual Loops": 6,
                                              "Sort Key": [
                                                "mi.info_type_id"
                                              ],
                                              "Sort Method": "quicksort",
                                              "Sort Space Used": 6912,
                                              "Sort Space Type": "Memory",
                                              "Workers": [
                                                {
                                                  "Worker Number": 0,
                                                  "Sort Method": "quicksort",
                                                  "Sort Space Used": 4206,
                                                  "Sort Space Type": "Memory"
                                                },
                                                {
                                                  "Worker Number": 1,
                                                  "Sort Method": "quicksort",
                                                  "Sort Space Used": 4140,
                                                  "Sort Space Type": "Memory"
                                                },
                                                {
                                                  "Worker Number": 2,
                                                  "Sort Method": "quicksort",
                                                  "Sort Space Used": 6727,
                                                  "Sort Space Type": "Memory"
                                                },
                                                {
                                                  "Worker Number": 3,
                                                  "Sort Method": "quicksort",
                                                  "Sort Space Used": 4258,
                                                  "Sort Space Type": "Memory"
                                                },
                                                {
                                                  "Worker Number": 4,
                                                  "Sort Method": "quicksort",
                                                  "Sort Space Used": 4220,
                                                  "Sort Space Type": "Memory"
                                                }
                                              ],
                                              "Plans": [
                                                {
                                                  "Node Type": "Seq Scan",
                                                  "Parent Relationship": "Outer",
                                                  "Parallel Aware": true,
                                                  "Relation Name": "movie_info",
                                                  "Alias": "mi",
                                                  "Startup Cost": 0.0,
                                                  "Total Cost": 199095.43,
                                                  "Plan Rows": 77518,
                                                  "Plan Width": 8,
                                                  "Actual Startup Time": 80.801,
                                                  "Actual Total Time": 691.311,
                                                  "Actual Rows": 64614,
                                                  "Actual Loops": 6,
                                                  "Filter": "(info ~~ 'USA:%200%'::text)",
                                                  "Rows Removed by Filter": 2408006
                                                }
                                              ]
                                            },
                                            {
                                              "Node Type": "Sort",
                                              "Parent Relationship": "Inner",
                                              "Parallel Aware": false,
                                              "Startup Cost": 2.42,
                                              "Total Cost": 2.43,
                                              "Plan Rows": 1,
                                              "Plan Width": 4,
                                              "Actual Startup Time": 0.151,
                                              "Actual Total Time": 0.153,
                                              "Actual Rows": 1,
                                              "Actual Loops": 6,
                                              "Sort Key": [
                                                "it.id"
                                              ],
                                              "Sort Method": "quicksort",
                                              "Sort Space Used": 25,
                                              "Sort Space Type": "Memory",
                                              "Workers": [
                                                {
                                                  "Worker Number": 0,
                                                  "Sort Method": "quicksort",
                                                  "Sort Space Used": 25,
                                                  "Sort Space Type": "Memory"
                                                },
                                                {
                                                  "Worker Number": 1,
                                                  "Sort Method": "quicksort",
                                                  "Sort Space Used": 25,
                                                  "Sort Space Type": "Memory"
                                                },
                                                {
                                                  "Worker Number": 2,
                                                  "Sort Method": "quicksort",
                                                  "Sort Space Used": 25,
                                                  "Sort Space Type": "Memory"
                                                },
                                                {
                                                  "Worker Number": 3,
                                                  "Sort Method": "quicksort",
                                                  "Sort Space Used": 25,
                                                  "Sort Space Type": "Memory"
                                                },
                                                {
                                                  "Worker Number": 4,
                                                  "Sort Method": "quicksort",
                                                  "Sort Space Used": 25,
                                                  "Sort Space Type": "Memory"
                                                }
                                              ],
                                              "Plans": [
                                                {
                                                  "Node Type": "Seq Scan",
                                                  "Parent Relationship": "Outer",
                                                  "Parallel Aware": false,
                                                  "Relation Name": "info_type",
                                                  "Alias": "it",
                                                  "Startup Cost": 0.0,
                                                  "Total Cost": 2.41,
                                                  "Plan Rows": 1,
                                                  "Plan Width": 4,
                                                  "Actual Startup Time": 0.115,
                                                  "Actual Total Time": 0.121,
                                                  "Actual Rows": 1,
                                                  "Actual Loops": 6,
                                                  "Filter": "((info)::text = 'release dates'::text)",
                                                  "Rows Removed by Filter": 112
                                                }
                                              ]
                                            }
                                          ]
                                        }
                                      ]
                                    }
                                  ]
                                }
                              ]
                            },
                            {
                              "Node Type": "Sort",
                              "Parent Relationship": "Inner",
                              "Parallel Aware": false,
                              "Startup Cost": 234027.92,
                              "Total Cost": 234027.93,
                              "Plan Rows": 1,
                              "Plan Width": 25,
                              "Actual Startup Time": 993.622,
                              "Actual Total Time": 993.687,
                              "Actual Rows": 1,
                              "Actual Loops": 1,
                              "Sort Key": [
                                "mk.movie_id"
                              ],
                              "Sort Method": "quicksort",
                              "Sort Space Used": 25,
                              "Sort Space Type": "Memory",
                              "Plans": [
                                {
                                  "Node Type": "Gather",
                                  "Parent Relationship": "Outer",
                                  "Parallel Aware": false,
                                  "Startup Cost": 234027.78,
                                  "Total Cost": 234027.91,
                                  "Plan Rows": 1,
                                  "Plan Width": 25,
                                  "Actual Startup Time": 993.53,
                                  "Actual Total Time": 993.664,
                                  "Actual Rows": 1,
                                  "Actual Loops": 1,
                                  "Workers Planned": 3,
                                  "Workers Launched": 3,
                                  "Single Copy": false,
                                  "Plans": [
                                    {
                                      "Node Type": "Merge Join",
                                      "Parent Relationship": "Outer",
                                      "Parallel Aware": false,
                                      "Join Type": "Inner",
                                      "Startup Cost": 233027.78,
                                      "Total Cost": 233027.81,
                                      "Plan Rows": 1,
                                      "Plan Width": 25,
                                      "Actual Startup Time": 972.783,
                                      "Actual Total Time": 972.788,
                                      "Actual Rows": 0,
                                      "Actual Loops": 4,
                                      "Inner Unique": true,
                                      "Merge Cond": "(mk.keyword_id = k.id)",
                                      "Plans": [
                                        {
                                          "Node Type": "Sort",
                                          "Parent Relationship": "Outer",
                                          "Parallel Aware": false,
                                          "Startup Cost": 230401.65,
                                          "Total Cost": 230401.65,
                                          "Plan Rows": 2,
                                          "Plan Width": 29,
                                          "Actual Startup Time": 965.071,
                                          "Actual Total Time": 965.077,
                                          "Actual Rows": 20,
                                          "Actual Loops": 4,
                                          "Sort Key": [
                                            "mk.keyword_id"
                                          ],
                                          "Sort Method": "quicksort",
                                          "Sort Space Used": 27,
                                          "Sort Space Type": "Memory",
                                          "Workers": [
                                            {
                                              "Worker Number": 0,
                                              "Sort Method": "quicksort",
                                              "Sort Space Used": 25,
                                              "Sort Space Type": "Memory"
                                            },
                                            {
                                              "Worker Number": 1,
                                              "Sort Method": "quicksort",
                                              "Sort Space Used": 25,
                                              "Sort Space Type": "Memory"
                                            },
                                            {
                                              "Worker Number": 2,
                                              "Sort Method": "quicksort",
                                              "Sort Space Used": 33,
                                              "Sort Space Type": "Memory"
                                            }
                                          ],
                                          "Plans": [
                                            {
                                              "Node Type": "Merge Join",
                                              "Parent Relationship": "Outer",
                                              "Parallel Aware": false,
                                              "Join Type": "Inner",
                                              "Startup Cost": 80242.87,
                                              "Total Cost": 230401.64,
                                              "Plan Rows": 2,
                                              "Plan Width": 29,
                                              "Actual Startup Time": 964.967,
                                              "Actual Total Time": 964.988,
                                              "Actual Rows": 34,
                                              "Actual Loops": 4,
                                              "Inner Unique": true,
                                              "Merge Cond": "(mk.movie_id = t.id)",
                                              "Plans": [
                                                {
                                                  "Node Type": "Index Scan",
                                                  "Parent Relationship": "Outer",
                                                  "Parallel Aware": true,
                                                  "Scan Direction": "Forward",
                                                  "Index Name": "movie_id_movie_keyword",
                                                  "Relation Name": "movie_keyword",
                                                  "Alias": "mk",
                                                  "Startup Cost": 0.43,
                                                  "Total Cost": 146510.84,
                                                  "Plan Rows": 1459332,
                                                  "Plan Width": 8,
                                                  "Actual Startup Time": 0.233,
                                                  "Actual Total Time": 217.454,
                                                  "Actual Rows": 845913,
                                                  "Actual Loops": 4
                                                },
                                                {
                                                  "Node Type": "Sort",
                                                  "Parent Relationship": "Inner",
                                                  "Parallel Aware": false,
                                                  "Startup Cost": 80242.43,
                                                  "Total Cost": 80242.44,
                                                  "Plan Rows": 3,
                                                  "Plan Width": 21,
                                                  "Actual Startup Time": 682.86,
                                                  "Actual Total Time": 682.863,
                                                  "Actual Rows": 2,
                                                  "Actual Loops": 4,
                                                  "Sort Key": [
                                                    "t.id"
                                                  ],
                                                  "Sort Method": "quicksort",
                                                  "Sort Space Used": 25,
                                                  "Sort Space Type": "Memory",
                                                  "Workers": [
                                                    {
                                                      "Worker Number": 0,
                                                      "Sort Method": "quicksort",
                                                      "Sort Space Used": 25,
                                                      "Sort Space Type": "Memory"
                                                    },
                                                    {
                                                      "Worker Number": 1,
                                                      "Sort Method": "quicksort",
                                                      "Sort Space Used": 25,
                                                      "Sort Space Type": "Memory"
                                                    },
                                                    {
                                                      "Worker Number": 2,
                                                      "Sort Method": "quicksort",
                                                      "Sort Space Used": 25,
                                                      "Sort Space Type": "Memory"
                                                    }
                                                  ],
                                                  "Plans": [
                                                    {
                                                      "Node Type": "Seq Scan",
                                                      "Parent Relationship": "Outer",
                                                      "Parallel Aware": false,
                                                      "Relation Name": "title",
                                                      "Alias": "t",
                                                      "Startup Cost": 0.0,
                                                      "Total Cost": 80242.41,
                                                      "Plan Rows": 3,
                                                      "Plan Width": 21,
                                                      "Actual Startup Time": 605.898,
                                                      "Actual Total Time": 682.83,
                                                      "Actual Rows": 2,
                                                      "Actual Loops": 4,
                                                      "Filter": "((production_year >= 2000) AND (production_year <= 2005) AND (title = 'Shrek 2'::text))",
                                                      "Rows Removed by Filter": 2528310
                                                    }
                                                  ]
                                                }
                                              ]
                                            }
                                          ]
                                        },
                                        {
                                          "Node Type": "Sort",
                                          "Parent Relationship": "Inner",
                                          "Parallel Aware": false,
                                          "Startup Cost": 2626.14,
                                          "Total Cost": 2626.14,
                                          "Plan Rows": 1,
                                          "Plan Width": 4,
                                          "Actual Startup Time": 15.404,
                                          "Actual Total Time": 15.405,
                                          "Actual Rows": 1,
                                          "Actual Loops": 2,
                                          "Sort Key": [
                                            "k.id"
                                          ],
                                          "Sort Method": "quicksort",
                                          "Sort Space Used": 25,
                                          "Sort Space Type": "Memory",
                                          "Workers": [
                                            {
                                              "Worker Number": 2,
                                              "Sort Method": "quicksort",
                                              "Sort Space Used": 25,
                                              "Sort Space Type": "Memory"
                                            }
                                          ],
                                          "Plans": [
                                            {
                                              "Node Type": "Seq Scan",
                                              "Parent Relationship": "Outer",
                                              "Parallel Aware": false,
                                              "Relation Name": "keyword",
                                              "Alias": "k",
                                              "Startup Cost": 0.0,
                                              "Total Cost": 2626.12,
                                              "Plan Rows": 1,
                                              "Plan Width": 4,
                                              "Actual Startup Time": 0.108,
                                              "Actual Total Time": 15.368,
                                              "Actual Rows": 1,
                                              "Actual Loops": 2,
                                              "Filter": "(keyword = 'computer-animation'::text)",
                                              "Rows Removed by Filter": 134169
                                            }
                                          ]
                                        }
                                      ]
                                    }
                                  ]
                                }
                              ]
                            }
                          ]
                        }
                      ]
                    }
                  ]
                },
                {
                  "Node Type": "Index Only Scan",
                  "Parent Relationship": "Inner",
                  "Parallel Aware": false,
                  "Scan Direction": "Forward",
                  "Index Name": "person_id_aka_name",
                  "Relation Name": "aka_name",
                  "Alias": "an",
                  "Startup Cost": 0.42,
                  "Total Cost": 72006.77,
                  "Plan Rows": 901343,
                  "Plan Width": 4,
                  "Actual Startup Time": 0.069,
                  "Actual Total Time": 187.438,
                  "Actual Rows": 390273,
                  "Actual Loops": 1,
                  "Heap Fetches": 390273
                }
              ]
            },
            {
              "Node Type": "Sort",
              "Parent Relationship": "Inner",
              "Parallel Aware": false,
              "Startup Cost": 80773.37,
              "Total Cost": 80893.38,
              "Plan Rows": 48002,
              "Plan Width": 19,
              "Actual Startup Time": 316.813,
              "Actual Total Time": 323.951,
              "Actual Rows": 4355,
              "Actual Loops": 1,
              "Sort Key": [
                "n.id"
              ],
              "Sort Method": "quicksort",
              "Sort Space Used": 5246,
              "Sort Space Type": "Memory",
              "Plans": [
                {
                  "Node Type": "Gather",
                  "Parent Relationship": "Outer",
                  "Parallel Aware": false,
                  "Startup Cost": 1000.0,
                  "Total Cost": 77041.02,
                  "Plan Rows": 48002,
                  "Plan Width": 19,
                  "Actual Startup Time": 135.168,
                  "Actual Total Time": 309.168,
                  "Actual Rows": 50011,
                  "Actual Loops": 1,
                  "Workers Planned": 4,
                  "Workers Launched": 4,
                  "Single Copy": false,
                  "Plans": [
                    {
                      "Node Type": "Seq Scan",
                      "Parent Relationship": "Outer",
                      "Parallel Aware": true,
                      "Relation Name": "name",
                      "Alias": "n",
                      "Startup Cost": 0.0,
                      "Total Cost": 71240.82,
                      "Plan Rows": 12000,
                      "Plan Width": 19,
                      "Actual Startup Time": 125.365,
                      "Actual Total Time": 294.895,
                      "Actual Rows": 10002,
                      "Actual Loops": 5,
                      "Filter": "((name ~~ '%An%'::text) AND ((gender)::text = 'f'::text))",
                      "Rows Removed by Filter": 823496
                    }
                  ]
                }
              ]
            }
          ]
        }
      ]
    },
    "Planning Time": 3957.583,
    "Triggers": [],
    "Execution Time": 5204.926
  }
]