{
  "Plan": {
    "Node Type": "Aggregate",
    "Strategy": "Plain",
    "Partial Mode": "Finalize",
    "Parallel Aware": false,
    "Startup Cost": 1213067.18,
    "Total Cost": 1213067.19,
    "Plan Rows": 1,
    "Plan Width": 8,
    "Actual Startup Time": 17752.837,
    "Actual Total Time": 17869.823,
    "Actual Rows": 1,
    "Actual Loops": 1,
    "Plans": [
      {
        "Node Type": "Gather",
        "Parent Relationship": "Outer",
        "Parallel Aware": false,
        "Startup Cost": 1213067.06,
        "Total Cost": 1213067.17,
        "Plan Rows": 1,
        "Plan Width": 8,
        "Actual Startup Time": 17744.475,
        "Actual Total Time": 17869.813,
        "Actual Rows": 2,
        "Actual Loops": 1,
        "Workers Planned": 1,
        "Workers Launched": 1,
        "Single Copy": false,
        "Plans": [
          {
            "Node Type": "Aggregate",
            "Strategy": "Plain",
            "Partial Mode": "Partial",
            "Parent Relationship": "Outer",
            "Parallel Aware": false,
            "Startup Cost": 1212067.06,
            "Total Cost": 1212067.07,
            "Plan Rows": 1,
            "Plan Width": 8,
            "Actual Startup Time": 17711.31,
            "Actual Total Time": 17711.317,
            "Actual Rows": 1,
            "Actual Loops": 2,
            "Plans": [
              {
                "Node Type": "Hash Join",
                "Parent Relationship": "Outer",
                "Parallel Aware": true,
                "Join Type": "Inner",
                "Startup Cost": 731946.86,
                "Total Cost": 1162388.73,
                "Plan Rows": 19871334,
                "Plan Width": 0,
                "Actual Startup Time": 9227.176,
                "Actual Total Time": 15826.006,
                "Actual Rows": 46726054,
                "Actual Loops": 2,
                "Inner Unique": false,
                "Hash Cond": "(mi.movie_id = t.id)",
                "Plans": [
                  {
                    "Node Type": "Seq Scan",
                    "Parent Relationship": "Outer",
                    "Parallel Aware": true,
                    "Relation Name": "movie_info",
                    "Alias": "mi",
                    "Startup Cost": 0.0,
                    "Total Cost": 270696.42,
                    "Plan Rows": 3116745,
                    "Plan Width": 4,
                    "Actual Startup Time": 35.642,
                    "Actual Total Time": 729.052,
                    "Actual Rows": 2635284,
                    "Actual Loops": 2,
                    "Filter": "(info_type_id > 15)",
                    "Rows Removed by Filter": 4782576
                  },
                  {
                    "Node Type": "Hash",
                    "Parent Relationship": "Inner",
                    "Parallel Aware": true,
                    "Startup Cost": 613420.68,
                    "Total Cost": 613420.68,
                    "Plan Rows": 9482094,
                    "Plan Width": 8,
                    "Actual Startup Time": 9135.211,
                    "Actual Total Time": 9135.215,
                    "Actual Rows": 8052440,
                    "Actual Loops": 2,
                    "Hash Buckets": 16777216,
                    "Original Hash Buckets": 16777216,
                    "Hash Batches": 1,
                    "Original Hash Batches": 1,
                    "Peak Memory Usage": 761120,
                    "Plans": [
                      {
                        "Node Type": "Hash Join",
                        "Parent Relationship": "Outer",
                        "Parallel Aware": true,
                        "Join Type": "Inner",
                        "Startup Cost": 69460.7,
                        "Total Cost": 613420.68,
                        "Plan Rows": 9482094,
                        "Plan Width": 8,
                        "Actual Startup Time": 637.745,
                        "Actual Total Time": 6200.252,
                        "Actual Rows": 8052440,
                        "Actual Loops": 2,
                        "Inner Unique": true,
                        "Hash Cond": "(ci.movie_id = t.id)",
                        "Plans": [
                          {
                            "Node Type": "Seq Scan",
                            "Parent Relationship": "Outer",
                            "Parallel Aware": true,
                            "Relation Name": "cast_info",
                            "Alias": "ci",
                            "Startup Cost": 0.0,
                            "Total Cost": 519069.44,
                            "Plan Rows": 9482094,
                            "Plan Width": 4,
                            "Actual Startup Time": 0.019,
                            "Actual Total Time": 1639.115,
                            "Actual Rows": 8052440,
                            "Actual Loops": 2,
                            "Filter": "(person_id < 1594945)",
                            "Rows Removed by Filter": 10069732
                          },
                          {
                            "Node Type": "Hash",
                            "Parent Relationship": "Inner",
                            "Parallel Aware": true,
                            "Startup Cost": 50870.31,
                            "Total Cost": 50870.31,
                            "Plan Rows": 1487231,
                            "Plan Width": 4,
                            "Actual Startup Time": 626.49,
                            "Actual Total Time": 626.492,
                            "Actual Rows": 1264156,
                            "Actual Loops": 2,
                            "Hash Buckets": 4194304,
                            "Original Hash Buckets": 4194304,
                            "Hash Batches": 1,
                            "Original Hash Batches": 1,
                            "Peak Memory Usage": 131712,
                            "Plans": [
                              {
                                "Node Type": "Seq Scan",
                                "Parent Relationship": "Outer",
                                "Parallel Aware": true,
                                "Relation Name": "title",
                                "Alias": "t",
                                "Startup Cost": 0.0,
                                "Total Cost": 50870.31,
                                "Plan Rows": 1487231,
                                "Plan Width": 4,
                                "Actual Startup Time": 0.034,
                                "Actual Total Time": 186.636,
                                "Actual Rows": 1264156,
                                "Actual Loops": 2
                              }
                            ]
                          }
                        ]
                      }
                    ]
                  }
                ]
              }
            ]
          }
        ]
      }
    ]
  },
  "Planning Time": 0.943,
  "Triggers": [],
  "Execution Time": 17869.909
}