[
  {
    "Plan": {
      "Node Type": "Aggregate",
      "Strategy": "Plain",
      "Partial Mode": "Finalize",
      "Parallel Aware": false,
      "Startup Cost": 346056.93,
      "Total Cost": 346056.95,
      "Plan Rows": 1,
      "Plan Width": 8,
      "Actual Startup Time": 733.29,
      "Actual Total Time": 784.342,
      "Actual Rows": 1,
      "Actual Loops": 1,
      "Plans": [
        {
          "Node Type": "Gather",
          "Parent Relationship": "Outer",
          "Parallel Aware": false,
          "Startup Cost": 346056.31,
          "Total Cost": 346056.92,
          "Plan Rows": 6,
          "Plan Width": 8,
          "Actual Startup Time": 733.005,
          "Actual Total Time": 784.329,
          "Actual Rows": 7,
          "Actual Loops": 1,
          "Workers Planned": 6,
          "Workers Launched": 6,
          "Single Copy": false,
          "Plans": [
            {
              "Node Type": "Aggregate",
              "Strategy": "Plain",
              "Partial Mode": "Partial",
              "Parent Relationship": "Outer",
              "Parallel Aware": false,
              "Startup Cost": 345056.31,
              "Total Cost": 345056.32,
              "Plan Rows": 1,
              "Plan Width": 8,
              "Actual Startup Time": 723.33,
              "Actual Total Time": 723.332,
              "Actual Rows": 1,
              "Actual Loops": 7,
              "Plans": [
                {
                  "Node Type": "Seq Scan",
                  "Parent Relationship": "Outer",
                  "Parallel Aware": true,
                  "Relation Name": "cast_info",
                  "Alias": "ci",
                  "Startup Cost": 0.0,
                  "Total Cost": 343316.27,
                  "Plan Rows": 696016,
                  "Plan Width": 0,
                  "Actual Startup Time": 0.064,
                  "Actual Total Time": 682.816,
                  "Actual Rows": 680111,
                  "Actual Loops": 7,
                  "Filter": "((person_id < 481832) AND (role_id < 10))",
                  "Rows Removed by Filter": 4497653
                }
              ]
            }
          ]
        }
      ]
    },
    "Planning Time": 0.275,
    "Triggers": [],
    "Execution Time": 784.418
  }
]