{
    "Plan": {
        "Node Type": "Aggregate",
        "Strategy": "Plain",
        "Partial Mode": "Finalize",
        "Parallel Aware": false,
        "Startup Cost": 604395.68,
        "Total Cost": 604395.69,
        "Plan Rows": 1,
        "Plan Width": 8,
        "Actual Startup Time": 4985.579,
        "Actual Total Time": 5046.644,
        "Actual Rows": 1,
        "Actual Loops": 1,
        "Output": [
            "count(*)"
        ],
        "Plans": [
            {
                "Node Type": "Gather",
                "Parent Relationship": "Outer",
                "Parallel Aware": false,
                "Startup Cost": 604395.16,
                "Total Cost": 604395.67,
                "Plan Rows": 5,
                "Plan Width": 8,
                "Actual Startup Time": 4969.659,
                "Actual Total Time": 5046.63,
                "Actual Rows": 6,
                "Actual Loops": 1,
                "Output": [
                    "(PARTIAL count(*))"
                ],
                "Workers Planned": 5,
                "Workers Launched": 5,
                "Single Copy": false,
                "Plans": [
                    {
                        "Node Type": "Aggregate",
                        "Strategy": "Plain",
                        "Partial Mode": "Partial",
                        "Parent Relationship": "Outer",
                        "Parallel Aware": false,
                        "Startup Cost": 603395.16,
                        "Total Cost": 603395.17,
                        "Plan Rows": 1,
                        "Plan Width": 8,
                        "Actual Startup Time": 4951.555,
                        "Actual Total Time": 4951.562,
                        "Actual Rows": 1,
                        "Actual Loops": 6,
                        "Output": [
                            "PARTIAL count(*)"
                        ],
                        "Workers": [
                            {
                                "Worker Number": 0,
                                "Actual Startup Time": 4948.135,
                                "Actual Total Time": 4948.14,
                                "Actual Rows": 1,
                                "Actual Loops": 1
                            },
                            {
                                "Worker Number": 1,
                                "Actual Startup Time": 4948.131,
                                "Actual Total Time": 4948.136,
                                "Actual Rows": 1,
                                "Actual Loops": 1
                            },
                            {
                                "Worker Number": 2,
                                "Actual Startup Time": 4948.081,
                                "Actual Total Time": 4948.087,
                                "Actual Rows": 1,
                                "Actual Loops": 1
                            },
                            {
                                "Worker Number": 3,
                                "Actual Startup Time": 4948.211,
                                "Actual Total Time": 4948.215,
                                "Actual Rows": 1,
                                "Actual Loops": 1
                            },
                            {
                                "Worker Number": 4,
                                "Actual Startup Time": 4948.044,
                                "Actual Total Time": 4948.049,
                                "Actual Rows": 1,
                                "Actual Loops": 1
                            }
                        ],
                        "Plans": [
                            {
                                "Node Type": "Hash Join",
                                "Parent Relationship": "Outer",
                                "Parallel Aware": true,
                                "Join Type": "Inner",
                                "Startup Cost": 395003.9,
                                "Total Cost": 599902.11,
                                "Plan Rows": 1397219,
                                "Plan Width": 0,
                                "Actual Startup Time": 1489.445,
                                "Actual Total Time": 4306.119,
                                "Actual Rows": 13960904,
                                "Actual Loops": 6,
                                "Inner Unique": false,
                                "Hash Cond": "(mi.movie_id = t.id)",
                                "Workers": [
                                    {
                                        "Worker Number": 0,
                                        "Actual Startup Time": 1486.84,
                                        "Actual Total Time": 4289.44,
                                        "Actual Rows": 14354814,
                                        "Actual Loops": 1
                                    },
                                    {
                                        "Worker Number": 1,
                                        "Actual Startup Time": 1486.716,
                                        "Actual Total Time": 4320.087,
                                        "Actual Rows": 15738569,
                                        "Actual Loops": 1
                                    },
                                    {
                                        "Worker Number": 2,
                                        "Actual Startup Time": 1486.733,
                                        "Actual Total Time": 4290.439,
                                        "Actual Rows": 10664970,
                                        "Actual Loops": 1
                                    },
                                    {
                                        "Worker Number": 3,
                                        "Actual Startup Time": 1486.755,
                                        "Actual Total Time": 4317.758,
                                        "Actual Rows": 15797093,
                                        "Actual Loops": 1
                                    },
                                    {
                                        "Worker Number": 4,
                                        "Actual Startup Time": 1486.645,
                                        "Actual Total Time": 4361.915,
                                        "Actual Rows": 15404909,
                                        "Actual Loops": 1
                                    }
                                ],
                                "Plans": [
                                    {
                                        "Node Type": "Seq Scan",
                                        "Parent Relationship": "Outer",
                                        "Parallel Aware": true,
                                        "Relation Name": "movie_info",
                                        "Schema": "public",
                                        "Alias": "mi",
                                        "Startup Cost": 0.0,
                                        "Total Cost": 191503.19,
                                        "Plan Rows": 2951019,
                                        "Plan Width": 4,
                                        "Actual Startup Time": 0.033,
                                        "Actual Total Time": 319.801,
                                        "Actual Rows": 2472620,
                                        "Actual Loops": 6,
                                        "Output": [
                                            "mi.id",
                                            "mi.movie_id",
                                            "mi.info_type_id",
                                            "mi.info",
                                            "mi.note"
                                        ],
                                        "Workers": [
                                            {
                                                "Worker Number": 0,
                                                "Actual Startup Time": 0.048,
                                                "Actual Total Time": 340.623,
                                                "Actual Rows": 2455501,
                                                "Actual Loops": 1
                                            },
                                            {
                                                "Worker Number": 1,
                                                "Actual Startup Time": 0.028,
                                                "Actual Total Time": 323.909,
                                                "Actual Rows": 2773116,
                                                "Actual Loops": 1
                                            },
                                            {
                                                "Worker Number": 2,
                                                "Actual Startup Time": 0.045,
                                                "Actual Total Time": 353.347,
                                                "Actual Rows": 1874746,
                                                "Actual Loops": 1
                                            },
                                            {
                                                "Worker Number": 3,
                                                "Actual Startup Time": 0.031,
                                                "Actual Total Time": 325.41,
                                                "Actual Rows": 2798787,
                                                "Actual Loops": 1
                                            },
                                            {
                                                "Worker Number": 4,
                                                "Actual Startup Time": 0.033,
                                                "Actual Total Time": 330.377,
                                                "Actual Rows": 2610158,
                                                "Actual Loops": 1
                                            }
                                        ]
                                    },
                                    {
                                        "Node Type": "Hash",
                                        "Parent Relationship": "Inner",
                                        "Parallel Aware": true,
                                        "Startup Cost": 392509.98,
                                        "Total Cost": 392509.98,
                                        "Plan Rows": 199514,
                                        "Plan Width": 8,
                                        "Actual Startup Time": 1482.289,
                                        "Actual Total Time": 1482.294,
                                        "Actual Rows": 556854,
                                        "Actual Loops": 6,
                                        "Output": [
                                            "t.id",
                                            "ci.movie_id"
                                        ],
                                        "Hash Buckets": 4194304,
                                        "Original Hash Buckets": 2097152,
                                        "Hash Batches": 1,
                                        "Original Hash Batches": 1,
                                        "Peak Memory Usage": 179968,
                                        "Workers": [
                                            {
                                                "Worker Number": 0,
                                                "Actual Startup Time": 1484.436,
                                                "Actual Total Time": 1484.44,
                                                "Actual Rows": 447047,
                                                "Actual Loops": 1
                                            },
                                            {
                                                "Worker Number": 1,
                                                "Actual Startup Time": 1484.334,
                                                "Actual Total Time": 1484.338,
                                                "Actual Rows": 627014,
                                                "Actual Loops": 1
                                            },
                                            {
                                                "Worker Number": 2,
                                                "Actual Startup Time": 1484.197,
                                                "Actual Total Time": 1484.201,
                                                "Actual Rows": 400776,
                                                "Actual Loops": 1
                                            },
                                            {
                                                "Worker Number": 3,
                                                "Actual Startup Time": 1484.471,
                                                "Actual Total Time": 1484.474,
                                                "Actual Rows": 626605,
                                                "Actual Loops": 1
                                            },
                                            {
                                                "Worker Number": 4,
                                                "Actual Startup Time": 1484.287,
                                                "Actual Total Time": 1484.291,
                                                "Actual Rows": 554860,
                                                "Actual Loops": 1
                                            }
                                        ],
                                        "Plans": [
                                            {
                                                "Node Type": "Hash Join",
                                                "Parent Relationship": "Outer",
                                                "Parallel Aware": true,
                                                "Join Type": "Inner",
                                                "Startup Cost": 47034.39,
                                                "Total Cost": 392509.98,
                                                "Plan Rows": 199514,
                                                "Plan Width": 8,
                                                "Actual Startup Time": 138.517,
                                                "Actual Total Time": 1199.24,
                                                "Actual Rows": 556854,
                                                "Actual Loops": 6,
                                                "Output": [
                                                    "t.id",
                                                    "ci.movie_id"
                                                ],
                                                "Inner Unique": true,
                                                "Hash Cond": "(ci.movie_id = t.id)",
                                                "Workers": [
                                                    {
                                                        "Worker Number": 0,
                                                        "Actual Startup Time": 138.473,
                                                        "Actual Total Time": 1209.793,
                                                        "Actual Rows": 447047,
                                                        "Actual Loops": 1
                                                    },
                                                    {
                                                        "Worker Number": 1,
                                                        "Actual Startup Time": 138.574,
                                                        "Actual Total Time": 1195.658,
                                                        "Actual Rows": 627014,
                                                        "Actual Loops": 1
                                                    },
                                                    {
                                                        "Worker Number": 2,
                                                        "Actual Startup Time": 138.538,
                                                        "Actual Total Time": 1210.811,
                                                        "Actual Rows": 400776,
                                                        "Actual Loops": 1
                                                    },
                                                    {
                                                        "Worker Number": 3,
                                                        "Actual Startup Time": 138.47,
                                                        "Actual Total Time": 1199.646,
                                                        "Actual Rows": 626605,
                                                        "Actual Loops": 1
                                                    },
                                                    {
                                                        "Worker Number": 4,
                                                        "Actual Startup Time": 138.563,
                                                        "Actual Total Time": 1196.287,
                                                        "Actual Rows": 554860,
                                                        "Actual Loops": 1
                                                    }
                                                ],
                                                "Plans": [
                                                    {
                                                        "Node Type": "Index Scan",
                                                        "Parent Relationship": "Outer",
                                                        "Parallel Aware": true,
                                                        "Scan Direction": "Forward",
                                                        "Index Name": "role_id_cast_info",
                                                        "Relation Name": "cast_info",
                                                        "Schema": "public",
                                                        "Alias": "ci",
                                                        "Startup Cost": 0.56,
                                                        "Total Cost": 342814.42,
                                                        "Plan Rows": 1013993,
                                                        "Plan Width": 4,
                                                        "Actual Startup Time": 0.113,
                                                        "Actual Total Time": 499.078,
                                                        "Actual Rows": 2064704,
                                                        "Actual Loops": 6,
                                                        "Output": [
                                                            "ci.id",
                                                            "ci.person_id",
                                                            "ci.movie_id",
                                                            "ci.person_role_id",
                                                            "ci.note",
                                                            "ci.nr_order",
                                                            "ci.role_id"
                                                        ],
                                                        "Index Cond": "(ci.role_id < 2)",
                                                        "Rows Removed by Index Recheck": 0,
                                                        "Filter": "(ci.person_id < 1698450)",
                                                        "Rows Removed by Filter": 47077,
                                                        "Workers": [
                                                            {
                                                                "Worker Number": 0,
                                                                "Actual Startup Time": 0.075,
                                                                "Actual Total Time": 546.065,
                                                                "Actual Rows": 1643850,
                                                                "Actual Loops": 1
                                                            },
                                                            {
                                                                "Worker Number": 1,
                                                                "Actual Startup Time": 0.204,
                                                                "Actual Total Time": 503.052,
                                                                "Actual Rows": 2305680,
                                                                "Actual Loops": 1
                                                            },
                                                            {
                                                                "Worker Number": 2,
                                                                "Actual Startup Time": 0.182,
                                                                "Actual Total Time": 518.857,
                                                                "Actual Rows": 1465230,
                                                                "Actual Loops": 1
                                                            },
                                                            {
                                                                "Worker Number": 3,
                                                                "Actual Startup Time": 0.068,
                                                                "Actual Total Time": 506.573,
                                                                "Actual Rows": 2337534,
                                                                "Actual Loops": 1
                                                            },
                                                            {
                                                                "Worker Number": 4,
                                                                "Actual Startup Time": 0.125,
                                                                "Actual Total Time": 476.467,
                                                                "Actual Rows": 2055302,
                                                                "Actual Loops": 1
                                                            }
                                                        ]
                                                    },
                                                    {
                                                        "Node Type": "Hash",
                                                        "Parent Relationship": "Inner",
                                                        "Parallel Aware": true,
                                                        "Startup Cost": 45479.21,
                                                        "Total Cost": 45479.21,
                                                        "Plan Rows": 124369,
                                                        "Plan Width": 4,
                                                        "Actual Startup Time": 137.627,
                                                        "Actual Total Time": 137.628,
                                                        "Actual Rows": 96903,
                                                        "Actual Loops": 6,
                                                        "Output": [
                                                            "t.id"
                                                        ],
                                                        "Hash Buckets": 1048576,
                                                        "Original Hash Buckets": 524288,
                                                        "Hash Batches": 1,
                                                        "Original Hash Batches": 1,
                                                        "Peak Memory Usage": 35104,
                                                        "Workers": [
                                                            {
                                                                "Worker Number": 0,
                                                                "Actual Startup Time": 138.31,
                                                                "Actual Total Time": 138.312,
                                                                "Actual Rows": 75796,
                                                                "Actual Loops": 1
                                                            },
                                                            {
                                                                "Worker Number": 1,
                                                                "Actual Startup Time": 138.283,
                                                                "Actual Total Time": 138.284,
                                                                "Actual Rows": 107593,
                                                                "Actual Loops": 1
                                                            },
                                                            {
                                                                "Worker Number": 2,
                                                                "Actual Startup Time": 138.215,
                                                                "Actual Total Time": 138.217,
                                                                "Actual Rows": 66087,
                                                                "Actual Loops": 1
                                                            },
                                                            {
                                                                "Worker Number": 3,
                                                                "Actual Startup Time": 138.246,
                                                                "Actual Total Time": 138.247,
                                                                "Actual Rows": 105533,
                                                                "Actual Loops": 1
                                                            },
                                                            {
                                                                "Worker Number": 4,
                                                                "Actual Startup Time": 138.251,
                                                                "Actual Total Time": 138.252,
                                                                "Actual Rows": 91513,
                                                                "Actual Loops": 1
                                                            }
                                                        ],
                                                        "Plans": [
                                                            {
                                                                "Node Type": "Seq Scan",
                                                                "Parent Relationship": "Outer",
                                                                "Parallel Aware": true,
                                                                "Relation Name": "title",
                                                                "Schema": "public",
                                                                "Alias": "t",
                                                                "Startup Cost": 0.0,
                                                                "Total Cost": 45479.21,
                                                                "Plan Rows": 124369,
                                                                "Plan Width": 4,
                                                                "Actual Startup Time": 0.078,
                                                                "Actual Total Time": 84.985,
                                                                "Actual Rows": 96903,
                                                                "Actual Loops": 6,
                                                                "Output": [
                                                                    "t.id"
                                                                ],
                                                                "Filter": "((t.kind_id < 7) AND (t.production_year < 2004))",
                                                                "Rows Removed by Filter": 324482,
                                                                "Workers": [
                                                                    {
                                                                        "Worker Number": 0,
                                                                        "Actual Startup Time": 0.13,
                                                                        "Actual Total Time": 86.602,
                                                                        "Actual Rows": 75796,
                                                                        "Actual Loops": 1
                                                                    },
                                                                    {
                                                                        "Worker Number": 1,
                                                                        "Actual Startup Time": 0.066,
                                                                        "Actual Total Time": 85.776,
                                                                        "Actual Rows": 107593,
                                                                        "Actual Loops": 1
                                                                    },
                                                                    {
                                                                        "Worker Number": 2,
                                                                        "Actual Startup Time": 0.106,
                                                                        "Actual Total Time": 86.048,
                                                                        "Actual Rows": 66087,
                                                                        "Actual Loops": 1
                                                                    },
                                                                    {
                                                                        "Worker Number": 3,
                                                                        "Actual Startup Time": 0.066,
                                                                        "Actual Total Time": 85.249,
                                                                        "Actual Rows": 105533,
                                                                        "Actual Loops": 1
                                                                    },
                                                                    {
                                                                        "Worker Number": 4,
                                                                        "Actual Startup Time": 0.074,
                                                                        "Actual Total Time": 84.471,
                                                                        "Actual Rows": 91513,
                                                                        "Actual Loops": 1
                                                                    }
                                                                ]
                                                            }
                                                        ]
                                                    }
                                                ]
                                            }
                                        ]
                                    }
                                ]
                            }
                        ]
                    }
                ]
            }
        ]
    },
    "Planning Time": 1.577,
    "Triggers": [],
    "Execution Time": 5046.75
}