[
  {
    "Plan": {
      "Node Type": "Aggregate",
      "Strategy": "Plain",
      "Partial Mode": "Finalize",
      "Parallel Aware": false,
      "Startup Cost": 247162.64,
      "Total Cost": 247162.65,
      "Plan Rows": 1,
      "Plan Width": 8,
      "Actual Startup Time": 828.359,
      "Actual Total Time": 871.027,
      "Actual Rows": 1,
      "Actual Loops": 1,
      "Plans": [
        {
          "Node Type": "Gather",
          "Parent Relationship": "Outer",
          "Parallel Aware": false,
          "Startup Cost": 247162.12,
          "Total Cost": 247162.63,
          "Plan Rows": 5,
          "Plan Width": 8,
          "Actual Startup Time": 825.523,
          "Actual Total Time": 870.997,
          "Actual Rows": 6,
          "Actual Loops": 1,
          "Workers Planned": 5,
          "Workers Launched": 5,
          "Single Copy": false,
          "Plans": [
            {
              "Node Type": "Aggregate",
              "Strategy": "Plain",
              "Partial Mode": "Partial",
              "Parent Relationship": "Outer",
              "Parallel Aware": false,
              "Startup Cost": 246162.12,
              "Total Cost": 246162.13,
              "Plan Rows": 1,
              "Plan Width": 8,
              "Actual Startup Time": 818.497,
              "Actual Total Time": 818.55,
              "Actual Rows": 1,
              "Actual Loops": 6,
              "Plans": [
                {
                  "Node Type": "Hash Join",
                  "Parent Relationship": "Outer",
                  "Parallel Aware": true,
                  "Join Type": "Inner",
                  "Startup Cost": 46099.92,
                  "Total Cost": 245579.33,
                  "Plan Rows": 233116,
                  "Plan Width": 0,
                  "Actual Startup Time": 109.271,
                  "Actual Total Time": 791.314,
                  "Actual Rows": 591987,
                  "Actual Loops": 6,
                  "Inner Unique": true,
                  "Hash Cond": "(mi.movie_id = t.id)",
                  "Plans": [
                    {
                      "Node Type": "Seq Scan",
                      "Parent Relationship": "Outer",
                      "Parallel Aware": true,
                      "Relation Name": "movie_info",
                      "Alias": "mi",
                      "Startup Cost": 0.0,
                      "Total Cost": 191685.19,
                      "Plan Rows": 2969219,
                      "Plan Width": 4,
                      "Actual Startup Time": 0.032,
                      "Actual Total Time": 301.034,
                      "Actual Rows": 2472620,
                      "Actual Loops": 6
                    },
                    {
                      "Node Type": "Hash",
                      "Parent Relationship": "Inner",
                      "Parallel Aware": true,
                      "Startup Cost": 45479.59,
                      "Total Cost": 45479.59,
                      "Plan Rows": 49627,
                      "Plan Width": 4,
                      "Actual Startup Time": 107.187,
                      "Actual Total Time": 107.187,
                      "Actual Rows": 52322,
                      "Actual Loops": 6,
                      "Hash Buckets": 524288,
                      "Original Hash Buckets": 262144,
                      "Hash Batches": 1,
                      "Original Hash Batches": 1,
                      "Peak Memory Usage": 18528,
                      "Plans": [
                        {
                          "Node Type": "Seq Scan",
                          "Parent Relationship": "Outer",
                          "Parallel Aware": true,
                          "Relation Name": "title",
                          "Alias": "t",
                          "Startup Cost": 0.0,
                          "Total Cost": 45479.59,
                          "Plan Rows": 49627,
                          "Plan Width": 4,
                          "Actual Startup Time": 0.119,
                          "Actual Total Time": 79.336,
                          "Actual Rows": 52322,
                          "Actual Loops": 6,
                          "Filter": "((kind_id < 7) AND (production_year < 1981))",
                          "Rows Removed by Filter": 369064
                        }
                      ]
                    }
                  ]
                }
              ]
            }
          ]
        }
      ]
    },
    "Planning Time": 0.294,
    "Triggers": [],
    "Execution Time": 871.072
  }
]