{
  "Plan": {
    "Node Type": "Aggregate",
    "Strategy": "Plain",
    "Partial Mode": "Finalize",
    "Parallel Aware": false,
    "Startup Cost": 354909.46,
    "Total Cost": 354909.47,
    "Plan Rows": 1,
    "Plan Width": 8,
    "Actual Startup Time": 317.339,
    "Actual Total Time": 327.952,
    "Actual Rows": 1,
    "Actual Loops": 1,
    "Plans": [
      {
        "Node Type": "Gather",
        "Parent Relationship": "Outer",
        "Parallel Aware": false,
        "Startup Cost": 354909.35,
        "Total Cost": 354909.46,
        "Plan Rows": 1,
        "Plan Width": 8,
        "Actual Startup Time": 316.994,
        "Actual Total Time": 327.946,
        "Actual Rows": 2,
        "Actual Loops": 1,
        "Workers Planned": 1,
        "Workers Launched": 1,
        "Single Copy": false,
        "Plans": [
          {
            "Node Type": "Aggregate",
            "Strategy": "Plain",
            "Partial Mode": "Partial",
            "Parent Relationship": "Outer",
            "Parallel Aware": false,
            "Startup Cost": 353909.35,
            "Total Cost": 353909.36,
            "Plan Rows": 1,
            "Plan Width": 8,
            "Actual Startup Time": 310.783,
            "Actual Total Time": 310.788,
            "Actual Rows": 1,
            "Actual Loops": 2,
            "Plans": [
              {
                "Node Type": "Hash Join",
                "Parent Relationship": "Outer",
                "Parallel Aware": true,
                "Join Type": "Inner",
                "Startup Cost": 83298.47,
                "Total Cost": 353889.83,
                "Plan Rows": 7805,
                "Plan Width": 0,
                "Actual Startup Time": 117.294,
                "Actual Total Time": 310.391,
                "Actual Rows": 6590,
                "Actual Loops": 2,
                "Inner Unique": true,
                "Hash Cond": "(ci.movie_id = t.id)",
                "Plans": [
                  {
                    "Node Type": "Bitmap Heap Scan",
                    "Parent Relationship": "Outer",
                    "Parallel Aware": true,
                    "Relation Name": "cast_info",
                    "Alias": "ci",
                    "Startup Cost": 44448.6,
                    "Total Cost": 311932.59,
                    "Plan Rows": 1183759,
                    "Plan Width": 4,
                    "Actual Startup Time": 63.462,
                    "Actual Total Time": 164.767,
                    "Actual Rows": 1011044,
                    "Actual Loops": 2,
                    "Recheck Cond": "(person_id < 198410)",
                    "Rows Removed by Index Recheck": 0,
                    "Exact Heap Blocks": 12429,
                    "Lossy Heap Blocks": 0,
                    "Plans": [
                      {
                        "Node Type": "Bitmap Index Scan",
                        "Parent Relationship": "Outer",
                        "Parallel Aware": false,
                        "Index Name": "person_id_cast_info",
                        "Startup Cost": 0.0,
                        "Total Cost": 43945.5,
                        "Plan Rows": 2012391,
                        "Plan Width": 0,
                        "Actual Startup Time": 60.253,
                        "Actual Total Time": 60.253,
                        "Actual Rows": 2022087,
                        "Actual Loops": 1,
                        "Index Cond": "(person_id < 198410)"
                      }
                    ]
                  },
                  {
                    "Node Type": "Hash",
                    "Parent Relationship": "Inner",
                    "Parallel Aware": true,
                    "Startup Cost": 38727.3,
                    "Total Cost": 38727.3,
                    "Plan Rows": 9806,
                    "Plan Width": 4,
                    "Actual Startup Time": 52.49,
                    "Actual Total Time": 52.491,
                    "Actual Rows": 7766,
                    "Actual Loops": 2,
                    "Hash Buckets": 32768,
                    "Original Hash Buckets": 32768,
                    "Hash Batches": 1,
                    "Original Hash Batches": 1,
                    "Peak Memory Usage": 896,
                    "Plans": [
                      {
                        "Node Type": "Bitmap Heap Scan",
                        "Parent Relationship": "Outer",
                        "Parallel Aware": true,
                        "Relation Name": "title",
                        "Alias": "t",
                        "Startup Cost": 1827.3,
                        "Total Cost": 38727.3,
                        "Plan Rows": 9806,
                        "Plan Width": 4,
                        "Actual Startup Time": 15.553,
                        "Actual Total Time": 50.257,
                        "Actual Rows": 7766,
                        "Actual Loops": 2,
                        "Recheck Cond": "(kind_id = 3)",
                        "Rows Removed by Index Recheck": 0,
                        "Filter": "(production_year < 1974)",
                        "Rows Removed by Filter": 42502,
                        "Exact Heap Blocks": 11301,
                        "Lossy Heap Blocks": 0,
                        "Plans": [
                          {
                            "Node Type": "Bitmap Index Scan",
                            "Parent Relationship": "Outer",
                            "Parallel Aware": false,
                            "Index Name": "kind_id_title",
                            "Startup Cost": 0.0,
                            "Total Cost": 1823.13,
                            "Plan Rows": 102227,
                            "Plan Width": 0,
                            "Actual Startup Time": 15.18,
                            "Actual Total Time": 15.181,
                            "Actual Rows": 100537,
                            "Actual Loops": 1,
                            "Index Cond": "(kind_id = 3)"
                          }
                        ]
                      }
                    ]
                  }
                ]
              }
            ]
          }
        ]
      }
    ]
  },
  "Planning Time": 0.618,
  "Triggers": [],
  "Execution Time": 328.053
}