{
  "Plan": {
    "Node Type": "Aggregate",
    "Strategy": "Plain",
    "Partial Mode": "Finalize",
    "Parallel Aware": false,
    "Startup Cost": 154528.75,
    "Total Cost": 154528.76,
    "Plan Rows": 1,
    "Plan Width": 8,
    "Actual Startup Time": 757.055,
    "Actual Total Time": 826.663,
    "Actual Rows": 1,
    "Actual Loops": 1,
    "Plans": [
      {
        "Node Type": "Gather",
        "Parent Relationship": "Outer",
        "Parallel Aware": false,
        "Startup Cost": 154528.63,
        "Total Cost": 154528.74,
        "Plan Rows": 1,
        "Plan Width": 8,
        "Actual Startup Time": 756.331,
        "Actual Total Time": 826.654,
        "Actual Rows": 2,
        "Actual Loops": 1,
        "Workers Planned": 1,
        "Workers Launched": 1,
        "Single Copy": false,
        "Plans": [
          {
            "Node Type": "Aggregate",
            "Strategy": "Plain",
            "Partial Mode": "Partial",
            "Parent Relationship": "Outer",
            "Parallel Aware": false,
            "Startup Cost": 153528.63,
            "Total Cost": 153528.64,
            "Plan Rows": 1,
            "Plan Width": 8,
            "Actual Startup Time": 750.315,
            "Actual Total Time": 750.319,
            "Actual Rows": 1,
            "Actual Loops": 2,
            "Plans": [
              {
                "Node Type": "Nested Loop",
                "Parent Relationship": "Outer",
                "Parallel Aware": false,
                "Join Type": "Inner",
                "Startup Cost": 63562.72,
                "Total Cost": 153140.49,
                "Plan Rows": 155259,
                "Plan Width": 0,
                "Actual Startup Time": 206.396,
                "Actual Total Time": 721.376,
                "Actual Rows": 506558,
                "Actual Loops": 2,
                "Inner Unique": false,
                "Join Filter": "(t.id = ci.movie_id)",
                "Rows Removed by Join Filter": 0,
                "Plans": [
                  {
                    "Node Type": "Hash Join",
                    "Parent Relationship": "Outer",
                    "Parallel Aware": true,
                    "Join Type": "Inner",
                    "Startup Cost": 63562.15,
                    "Total Cost": 91402.27,
                    "Plan Rows": 10835,
                    "Plan Width": 8,
                    "Actual Startup Time": 206.289,
                    "Actual Total Time": 290.458,
                    "Actual Rows": 8352,
                    "Actual Loops": 2,
                    "Inner Unique": true,
                    "Hash Cond": "(mk.movie_id = t.id)",
                    "Plans": [
                      {
                        "Node Type": "Bitmap Heap Scan",
                        "Parent Relationship": "Outer",
                        "Parallel Aware": true,
                        "Relation Name": "movie_keyword",
                        "Alias": "mk",
                        "Startup Cost": 8073.99,
                        "Total Cost": 35326.43,
                        "Plan Rows": 223875,
                        "Plan Width": 4,
                        "Actual Startup Time": 38.924,
                        "Actual Total Time": 90.427,
                        "Actual Rows": 183298,
                        "Actual Loops": 2,
                        "Recheck Cond": "(keyword_id > 45883)",
                        "Rows Removed by Index Recheck": 0,
                        "Exact Heap Blocks": 16914,
                        "Lossy Heap Blocks": 0,
                        "Plans": [
                          {
                            "Node Type": "Bitmap Index Scan",
                            "Parent Relationship": "Outer",
                            "Parallel Aware": false,
                            "Index Name": "keyword_id_movie_keyword",
                            "Startup Cost": 0.0,
                            "Total Cost": 7978.84,
                            "Plan Rows": 380588,
                            "Plan Width": 0,
                            "Actual Startup Time": 33.684,
                            "Actual Total Time": 33.685,
                            "Actual Rows": 366595,
                            "Actual Loops": 1,
                            "Index Cond": "(keyword_id > 45883)"
                          }
                        ]
                      },
                      {
                        "Node Type": "Hash",
                        "Parent Relationship": "Inner",
                        "Parallel Aware": true,
                        "Startup Cost": 54588.39,
                        "Total Cost": 54588.39,
                        "Plan Rows": 71982,
                        "Plan Width": 4,
                        "Actual Startup Time": 165.69,
                        "Actual Total Time": 165.691,
                        "Actual Rows": 61430,
                        "Actual Loops": 2,
                        "Hash Buckets": 131072,
                        "Original Hash Buckets": 131072,
                        "Hash Batches": 1,
                        "Original Hash Batches": 1,
                        "Peak Memory Usage": 5856,
                        "Plans": [
                          {
                            "Node Type": "Seq Scan",
                            "Parent Relationship": "Outer",
                            "Parallel Aware": true,
                            "Relation Name": "title",
                            "Alias": "t",
                            "Startup Cost": 0.0,
                            "Total Cost": 54588.39,
                            "Plan Rows": 71982,
                            "Plan Width": 4,
                            "Actual Startup Time": 0.04,
                            "Actual Total Time": 147.993,
                            "Actual Rows": 61430,
                            "Actual Loops": 2,
                            "Filter": "(production_year = 2008)",
                            "Rows Removed by Filter": 1202726
                          }
                        ]
                      }
                    ]
                  },
                  {
                    "Node Type": "Index Only Scan",
                    "Parent Relationship": "Inner",
                    "Parallel Aware": false,
                    "Scan Direction": "Forward",
                    "Index Name": "movie_id_cast_info",
                    "Relation Name": "cast_info",
                    "Alias": "ci",
                    "Startup Cost": 0.56,
                    "Total Cost": 5.24,
                    "Plan Rows": 37,
                    "Plan Width": 4,
                    "Actual Startup Time": 0.006,
                    "Actual Total Time": 0.045,
                    "Actual Rows": 61,
                    "Actual Loops": 16703,
                    "Index Cond": "(movie_id = mk.movie_id)",
                    "Rows Removed by Index Recheck": 0,
                    "Heap Fetches": 1013115
                  }
                ]
              }
            ]
          }
        ]
      }
    ]
  },
  "Planning Time": 0.674,
  "Triggers": [],
  "Execution Time": 826.767
}