{
    "Plan": {
        "Node Type": "Aggregate",
        "Strategy": "Plain",
        "Partial Mode": "Finalize",
        "Parallel Aware": false,
        "Startup Cost": 317524.64,
        "Total Cost": 317524.65,
        "Plan Rows": 1,
        "Plan Width": 8,
        "Actual Startup Time": 3588.937,
        "Actual Total Time": 3642.449,
        "Actual Rows": 1,
        "Actual Loops": 1,
        "Output": [
            "count(*)"
        ],
        "Plans": [
            {
                "Node Type": "Gather",
                "Parent Relationship": "Outer",
                "Parallel Aware": false,
                "Startup Cost": 317524.12,
                "Total Cost": 317524.63,
                "Plan Rows": 5,
                "Plan Width": 8,
                "Actual Startup Time": 3557.477,
                "Actual Total Time": 3642.435,
                "Actual Rows": 6,
                "Actual Loops": 1,
                "Output": [
                    "(PARTIAL count(*))"
                ],
                "Workers Planned": 5,
                "Workers Launched": 5,
                "Single Copy": false,
                "Plans": [
                    {
                        "Node Type": "Aggregate",
                        "Strategy": "Plain",
                        "Partial Mode": "Partial",
                        "Parent Relationship": "Outer",
                        "Parallel Aware": false,
                        "Startup Cost": 316524.12,
                        "Total Cost": 316524.13,
                        "Plan Rows": 1,
                        "Plan Width": 8,
                        "Actual Startup Time": 3538.452,
                        "Actual Total Time": 3539.622,
                        "Actual Rows": 1,
                        "Actual Loops": 6,
                        "Output": [
                            "PARTIAL count(*)"
                        ],
                        "Workers": [
                            {
                                "Worker Number": 0,
                                "Actual Startup Time": 3537.637,
                                "Actual Total Time": 3537.642,
                                "Actual Rows": 1,
                                "Actual Loops": 1
                            },
                            {
                                "Worker Number": 1,
                                "Actual Startup Time": 3534.073,
                                "Actual Total Time": 3534.078,
                                "Actual Rows": 1,
                                "Actual Loops": 1
                            },
                            {
                                "Worker Number": 2,
                                "Actual Startup Time": 3534.076,
                                "Actual Total Time": 3534.082,
                                "Actual Rows": 1,
                                "Actual Loops": 1
                            },
                            {
                                "Worker Number": 3,
                                "Actual Startup Time": 3534.244,
                                "Actual Total Time": 3534.249,
                                "Actual Rows": 1,
                                "Actual Loops": 1
                            },
                            {
                                "Worker Number": 4,
                                "Actual Startup Time": 3534.242,
                                "Actual Total Time": 3534.248,
                                "Actual Rows": 1,
                                "Actual Loops": 1
                            }
                        ],
                        "Plans": [
                            {
                                "Node Type": "Hash Join",
                                "Parent Relationship": "Outer",
                                "Parallel Aware": true,
                                "Join Type": "Inner",
                                "Startup Cost": 104653.28,
                                "Total Cost": 313310.45,
                                "Plan Rows": 1285466,
                                "Plan Width": 0,
                                "Actual Startup Time": 978.311,
                                "Actual Total Time": 2815.004,
                                "Actual Rows": 15973526,
                                "Actual Loops": 6,
                                "Inner Unique": false,
                                "Hash Cond": "(mi.movie_id = t.id)",
                                "Workers": [
                                    {
                                        "Worker Number": 0,
                                        "Actual Startup Time": 974.454,
                                        "Actual Total Time": 2813.376,
                                        "Actual Rows": 11717329,
                                        "Actual Loops": 1
                                    },
                                    {
                                        "Worker Number": 1,
                                        "Actual Startup Time": 974.611,
                                        "Actual Total Time": 2809.48,
                                        "Actual Rows": 15474262,
                                        "Actual Loops": 1
                                    },
                                    {
                                        "Worker Number": 2,
                                        "Actual Startup Time": 974.6,
                                        "Actual Total Time": 2813.175,
                                        "Actual Rows": 11854775,
                                        "Actual Loops": 1
                                    },
                                    {
                                        "Worker Number": 3,
                                        "Actual Startup Time": 974.641,
                                        "Actual Total Time": 2818.209,
                                        "Actual Rows": 18971945,
                                        "Actual Loops": 1
                                    },
                                    {
                                        "Worker Number": 4,
                                        "Actual Startup Time": 974.779,
                                        "Actual Total Time": 2816.5,
                                        "Actual Rows": 19009976,
                                        "Actual Loops": 1
                                    }
                                ],
                                "Plans": [
                                    {
                                        "Node Type": "Seq Scan",
                                        "Parent Relationship": "Outer",
                                        "Parallel Aware": true,
                                        "Relation Name": "movie_info",
                                        "Schema": "public",
                                        "Alias": "mi",
                                        "Startup Cost": 0.0,
                                        "Total Cost": 198880.74,
                                        "Plan Rows": 1501273,
                                        "Plan Width": 4,
                                        "Actual Startup Time": 16.582,
                                        "Actual Total Time": 342.673,
                                        "Actual Rows": 1258142,
                                        "Actual Loops": 6,
                                        "Output": [
                                            "mi.id",
                                            "mi.movie_id",
                                            "mi.info_type_id",
                                            "mi.info",
                                            "mi.note"
                                        ],
                                        "Filter": "(mi.info_type_id > 7)",
                                        "Rows Removed by Filter": 1214478,
                                        "Workers": [
                                            {
                                                "Worker Number": 0,
                                                "Actual Startup Time": 16.589,
                                                "Actual Total Time": 356.59,
                                                "Actual Rows": 912203,
                                                "Actual Loops": 1
                                            },
                                            {
                                                "Worker Number": 1,
                                                "Actual Startup Time": 16.59,
                                                "Actual Total Time": 345.293,
                                                "Actual Rows": 1254630,
                                                "Actual Loops": 1
                                            },
                                            {
                                                "Worker Number": 2,
                                                "Actual Startup Time": 16.579,
                                                "Actual Total Time": 356.208,
                                                "Actual Rows": 920879,
                                                "Actual Loops": 1
                                            },
                                            {
                                                "Worker Number": 3,
                                                "Actual Startup Time": 16.616,
                                                "Actual Total Time": 353.752,
                                                "Actual Rows": 1484983,
                                                "Actual Loops": 1
                                            },
                                            {
                                                "Worker Number": 4,
                                                "Actual Startup Time": 16.597,
                                                "Actual Total Time": 352.113,
                                                "Actual Rows": 1468961,
                                                "Actual Loops": 1
                                            }
                                        ]
                                    },
                                    {
                                        "Node Type": "Hash",
                                        "Parent Relationship": "Inner",
                                        "Parallel Aware": true,
                                        "Startup Cost": 95923.95,
                                        "Total Cost": 95923.95,
                                        "Plan Rows": 698347,
                                        "Plan Width": 8,
                                        "Actual Startup Time": 954.008,
                                        "Actual Total Time": 955.176,
                                        "Actual Rows": 381542,
                                        "Actual Loops": 6,
                                        "Output": [
                                            "t.id",
                                            "mk.movie_id"
                                        ],
                                        "Hash Buckets": 4194304,
                                        "Original Hash Buckets": 4194304,
                                        "Hash Batches": 1,
                                        "Original Hash Batches": 1,
                                        "Peak Memory Usage": 122432,
                                        "Workers": [
                                            {
                                                "Worker Number": 0,
                                                "Actual Startup Time": 956.988,
                                                "Actual Total Time": 956.992,
                                                "Actual Rows": 284768,
                                                "Actual Loops": 1
                                            },
                                            {
                                                "Worker Number": 1,
                                                "Actual Startup Time": 957.052,
                                                "Actual Total Time": 957.055,
                                                "Actual Rows": 401355,
                                                "Actual Loops": 1
                                            },
                                            {
                                                "Worker Number": 2,
                                                "Actual Startup Time": 957.049,
                                                "Actual Total Time": 957.052,
                                                "Actual Rows": 308692,
                                                "Actual Loops": 1
                                            },
                                            {
                                                "Worker Number": 3,
                                                "Actual Startup Time": 957.183,
                                                "Actual Total Time": 957.187,
                                                "Actual Rows": 411838,
                                                "Actual Loops": 1
                                            },
                                            {
                                                "Worker Number": 4,
                                                "Actual Startup Time": 957.183,
                                                "Actual Total Time": 957.188,
                                                "Actual Rows": 400928,
                                                "Actual Loops": 1
                                            }
                                        ],
                                        "Plans": [
                                            {
                                                "Node Type": "Hash Join",
                                                "Parent Relationship": "Outer",
                                                "Parallel Aware": true,
                                                "Join Type": "Inner",
                                                "Startup Cost": 51260.88,
                                                "Total Cost": 95923.95,
                                                "Plan Rows": 698347,
                                                "Plan Width": 8,
                                                "Actual Startup Time": 520.021,
                                                "Actual Total Time": 731.137,
                                                "Actual Rows": 381542,
                                                "Actual Loops": 6,
                                                "Output": [
                                                    "t.id",
                                                    "mk.movie_id"
                                                ],
                                                "Inner Unique": true,
                                                "Hash Cond": "(mk.movie_id = t.id)",
                                                "Workers": [
                                                    {
                                                        "Worker Number": 0,
                                                        "Actual Startup Time": 520.002,
                                                        "Actual Total Time": 730.763,
                                                        "Actual Rows": 284768,
                                                        "Actual Loops": 1
                                                    },
                                                    {
                                                        "Worker Number": 1,
                                                        "Actual Startup Time": 520.021,
                                                        "Actual Total Time": 731.17,
                                                        "Actual Rows": 401355,
                                                        "Actual Loops": 1
                                                    },
                                                    {
                                                        "Worker Number": 2,
                                                        "Actual Startup Time": 519.995,
                                                        "Actual Total Time": 730.311,
                                                        "Actual Rows": 308692,
                                                        "Actual Loops": 1
                                                    },
                                                    {
                                                        "Worker Number": 3,
                                                        "Actual Startup Time": 519.998,
                                                        "Actual Total Time": 730.512,
                                                        "Actual Rows": 411838,
                                                        "Actual Loops": 1
                                                    },
                                                    {
                                                        "Worker Number": 4,
                                                        "Actual Startup Time": 519.978,
                                                        "Actual Total Time": 730.975,
                                                        "Actual Rows": 400928,
                                                        "Actual Loops": 1
                                                    }
                                                ],
                                                "Plans": [
                                                    {
                                                        "Node Type": "Seq Scan",
                                                        "Parent Relationship": "Outer",
                                                        "Parallel Aware": true,
                                                        "Relation Name": "movie_keyword",
                                                        "Schema": "public",
                                                        "Alias": "mk",
                                                        "Startup Cost": 0.0,
                                                        "Total Cost": 42695.65,
                                                        "Plan Rows": 749490,
                                                        "Plan Width": 4,
                                                        "Actual Startup Time": 0.196,
                                                        "Actual Total Time": 111.353,
                                                        "Actual Rows": 387470,
                                                        "Actual Loops": 6,
                                                        "Output": [
                                                            "mk.id",
                                                            "mk.movie_id",
                                                            "mk.keyword_id"
                                                        ],
                                                        "Filter": "(mk.keyword_id > 4392)",
                                                        "Rows Removed by Filter": 366518,
                                                        "Workers": [
                                                            {
                                                                "Worker Number": 0,
                                                                "Actual Startup Time": 0.188,
                                                                "Actual Total Time": 113.573,
                                                                "Actual Rows": 289444,
                                                                "Actual Loops": 1
                                                            },
                                                            {
                                                                "Worker Number": 1,
                                                                "Actual Startup Time": 0.199,
                                                                "Actual Total Time": 114.481,
                                                                "Actual Rows": 408042,
                                                                "Actual Loops": 1
                                                            },
                                                            {
                                                                "Worker Number": 2,
                                                                "Actual Startup Time": 0.188,
                                                                "Actual Total Time": 113.801,
                                                                "Actual Rows": 313229,
                                                                "Actual Loops": 1
                                                            },
                                                            {
                                                                "Worker Number": 3,
                                                                "Actual Startup Time": 0.2,
                                                                "Actual Total Time": 114.089,
                                                                "Actual Rows": 418516,
                                                                "Actual Loops": 1
                                                            },
                                                            {
                                                                "Worker Number": 4,
                                                                "Actual Startup Time": 0.21,
                                                                "Actual Total Time": 114.589,
                                                                "Actual Rows": 406394,
                                                                "Actual Loops": 1
                                                            }
                                                        ]
                                                    },
                                                    {
                                                        "Node Type": "Hash",
                                                        "Parent Relationship": "Inner",
                                                        "Parallel Aware": true,
                                                        "Startup Cost": 43899.01,
                                                        "Total Cost": 43899.01,
                                                        "Plan Rows": 588950,
                                                        "Plan Width": 4,
                                                        "Actual Startup Time": 513.459,
                                                        "Actual Total Time": 513.461,
                                                        "Actual Rows": 393376,
                                                        "Actual Loops": 6,
                                                        "Output": [
                                                            "t.id"
                                                        ],
                                                        "Hash Buckets": 4194304,
                                                        "Original Hash Buckets": 4194304,
                                                        "Hash Batches": 1,
                                                        "Original Hash Batches": 1,
                                                        "Peak Memory Usage": 125184,
                                                        "Workers": [
                                                            {
                                                                "Worker Number": 0,
                                                                "Actual Startup Time": 519.691,
                                                                "Actual Total Time": 519.692,
                                                                "Actual Rows": 357314,
                                                                "Actual Loops": 1
                                                            },
                                                            {
                                                                "Worker Number": 1,
                                                                "Actual Startup Time": 519.713,
                                                                "Actual Total Time": 519.714,
                                                                "Actual Rows": 319657,
                                                                "Actual Loops": 1
                                                            },
                                                            {
                                                                "Worker Number": 2,
                                                                "Actual Startup Time": 519.704,
                                                                "Actual Total Time": 519.705,
                                                                "Actual Rows": 409963,
                                                                "Actual Loops": 1
                                                            },
                                                            {
                                                                "Worker Number": 3,
                                                                "Actual Startup Time": 519.695,
                                                                "Actual Total Time": 519.697,
                                                                "Actual Rows": 380957,
                                                                "Actual Loops": 1
                                                            },
                                                            {
                                                                "Worker Number": 4,
                                                                "Actual Startup Time": 519.673,
                                                                "Actual Total Time": 519.675,
                                                                "Actual Rows": 304498,
                                                                "Actual Loops": 1
                                                            }
                                                        ],
                                                        "Plans": [
                                                            {
                                                                "Node Type": "Seq Scan",
                                                                "Parent Relationship": "Outer",
                                                                "Parallel Aware": true,
                                                                "Relation Name": "title",
                                                                "Schema": "public",
                                                                "Alias": "t",
                                                                "Startup Cost": 0.0,
                                                                "Total Cost": 43899.01,
                                                                "Plan Rows": 588950,
                                                                "Plan Width": 4,
                                                                "Actual Startup Time": 0.068,
                                                                "Actual Total Time": 125.117,
                                                                "Actual Rows": 393376,
                                                                "Actual Loops": 6,
                                                                "Output": [
                                                                    "t.id"
                                                                ],
                                                                "Filter": "(t.production_year > 1922)",
                                                                "Rows Removed by Filter": 28010,
                                                                "Workers": [
                                                                    {
                                                                        "Worker Number": 0,
                                                                        "Actual Startup Time": 0.077,
                                                                        "Actual Total Time": 125.009,
                                                                        "Actual Rows": 357314,
                                                                        "Actual Loops": 1
                                                                    },
                                                                    {
                                                                        "Worker Number": 1,
                                                                        "Actual Startup Time": 0.081,
                                                                        "Actual Total Time": 133.872,
                                                                        "Actual Rows": 319657,
                                                                        "Actual Loops": 1
                                                                    },
                                                                    {
                                                                        "Worker Number": 2,
                                                                        "Actual Startup Time": 0.07,
                                                                        "Actual Total Time": 124.344,
                                                                        "Actual Rows": 409963,
                                                                        "Actual Loops": 1
                                                                    },
                                                                    {
                                                                        "Worker Number": 3,
                                                                        "Actual Startup Time": 0.082,
                                                                        "Actual Total Time": 128.082,
                                                                        "Actual Rows": 380957,
                                                                        "Actual Loops": 1
                                                                    },
                                                                    {
                                                                        "Worker Number": 4,
                                                                        "Actual Startup Time": 0.078,
                                                                        "Actual Total Time": 133.855,
                                                                        "Actual Rows": 304498,
                                                                        "Actual Loops": 1
                                                                    }
                                                                ]
                                                            }
                                                        ]
                                                    }
                                                ]
                                            }
                                        ]
                                    }
                                ]
                            }
                        ]
                    }
                ]
            }
        ]
    },
    "Planning Time": 1.629,
    "Triggers": [],
    "Execution Time": 3642.541
}