[
  {
    "Plan": {
      "Node Type": "Aggregate",
      "Strategy": "Plain",
      "Partial Mode": "Finalize",
      "Parallel Aware": false,
      "Startup Cost": 400705.39,
      "Total Cost": 400705.4,
      "Plan Rows": 1,
      "Plan Width": 8,
      "Actual Startup Time": 1216.403,
      "Actual Total Time": 1254.367,
      "Actual Rows": 1,
      "Actual Loops": 1,
      "Plans": [
        {
          "Node Type": "Gather",
          "Parent Relationship": "Outer",
          "Parallel Aware": false,
          "Startup Cost": 400704.76,
          "Total Cost": 400705.37,
          "Plan Rows": 6,
          "Plan Width": 8,
          "Actual Startup Time": 1203.181,
          "Actual Total Time": 1254.355,
          "Actual Rows": 7,
          "Actual Loops": 1,
          "Workers Planned": 6,
          "Workers Launched": 6,
          "Single Copy": false,
          "Plans": [
            {
              "Node Type": "Aggregate",
              "Strategy": "Plain",
              "Partial Mode": "Partial",
              "Parent Relationship": "Outer",
              "Parallel Aware": false,
              "Startup Cost": 399704.76,
              "Total Cost": 399704.77,
              "Plan Rows": 1,
              "Plan Width": 8,
              "Actual Startup Time": 1193.284,
              "Actual Total Time": 1193.287,
              "Actual Rows": 1,
              "Actual Loops": 7,
              "Plans": [
                {
                  "Node Type": "Hash Join",
                  "Parent Relationship": "Outer",
                  "Parallel Aware": true,
                  "Join Type": "Inner",
                  "Startup Cost": 50126.22,
                  "Total Cost": 396093.19,
                  "Plan Rows": 1444629,
                  "Plan Width": 0,
                  "Actual Startup Time": 310.694,
                  "Actual Total Time": 1145.711,
                  "Actual Rows": 1022185,
                  "Actual Loops": 7,
                  "Inner Unique": true,
                  "Hash Cond": "(ci.movie_id = t.id)",
                  "Plans": [
                    {
                      "Node Type": "Index Scan",
                      "Parent Relationship": "Outer",
                      "Parallel Aware": true,
                      "Scan Direction": "Forward",
                      "Index Name": "role_id_cast_info",
                      "Relation Name": "cast_info",
                      "Alias": "ci",
                      "Startup Cost": 0.56,
                      "Total Cost": 341155.22,
                      "Plan Rows": 1833258,
                      "Plan Width": 4,
                      "Actual Startup Time": 107.075,
                      "Actual Total Time": 395.661,
                      "Actual Rows": 1289604,
                      "Actual Loops": 7,
                      "Index Cond": "(role_id = 1)",
                      "Rows Removed by Index Recheck": 0,
                      "Filter": "(person_id > 487202)",
                      "Rows Removed by Filter": 520494
                    },
                    {
                      "Node Type": "Hash",
                      "Parent Relationship": "Inner",
                      "Parallel Aware": true,
                      "Startup Cost": 43899.32,
                      "Total Cost": 43899.32,
                      "Plan Rows": 498107,
                      "Plan Width": 4,
                      "Actual Startup Time": 200.748,
                      "Actual Total Time": 200.75,
                      "Actual Rows": 282374,
                      "Actual Loops": 7,
                      "Hash Buckets": 2097152,
                      "Original Hash Buckets": 2097152,
                      "Hash Batches": 1,
                      "Original Hash Batches": 1,
                      "Peak Memory Usage": 93792,
                      "Plans": [
                        {
                          "Node Type": "Seq Scan",
                          "Parent Relationship": "Outer",
                          "Parallel Aware": true,
                          "Relation Name": "title",
                          "Alias": "t",
                          "Startup Cost": 0.0,
                          "Total Cost": 43899.32,
                          "Plan Rows": 498107,
                          "Plan Width": 4,
                          "Actual Startup Time": 0.037,
                          "Actual Total Time": 80.478,
                          "Actual Rows": 282374,
                          "Actual Loops": 7,
                          "Filter": "(production_year > 1977)",
                          "Rows Removed by Filter": 78814
                        }
                      ]
                    }
                  ]
                }
              ]
            }
          ]
        }
      ]
    },
    "Planning Time": 0.199,
    "Triggers": [],
    "Execution Time": 1254.414
  }
]