[
  {
    "Plan": {
      "Node Type": "Aggregate",
      "Strategy": "Plain",
      "Partial Mode": "Finalize",
      "Parallel Aware": false,
      "Startup Cost": 394597.59,
      "Total Cost": 394597.6,
      "Plan Rows": 1,
      "Plan Width": 8,
      "Actual Startup Time": 1218.543,
      "Actual Total Time": 1247.249,
      "Actual Rows": 1,
      "Actual Loops": 1,
      "Plans": [
        {
          "Node Type": "Gather",
          "Parent Relationship": "Outer",
          "Parallel Aware": false,
          "Startup Cost": 394596.97,
          "Total Cost": 394597.58,
          "Plan Rows": 6,
          "Plan Width": 8,
          "Actual Startup Time": 1207.293,
          "Actual Total Time": 1247.235,
          "Actual Rows": 7,
          "Actual Loops": 1,
          "Workers Planned": 6,
          "Workers Launched": 6,
          "Single Copy": false,
          "Plans": [
            {
              "Node Type": "Aggregate",
              "Strategy": "Plain",
              "Partial Mode": "Partial",
              "Parent Relationship": "Outer",
              "Parallel Aware": false,
              "Startup Cost": 393596.97,
              "Total Cost": 393596.98,
              "Plan Rows": 1,
              "Plan Width": 8,
              "Actual Startup Time": 1195.503,
              "Actual Total Time": 1195.506,
              "Actual Rows": 1,
              "Actual Loops": 7,
              "Plans": [
                {
                  "Node Type": "Hash Join",
                  "Parent Relationship": "Outer",
                  "Parallel Aware": true,
                  "Join Type": "Inner",
                  "Startup Cost": 50102.84,
                  "Total Cost": 390063.4,
                  "Plan Rows": 1413428,
                  "Plan Width": 0,
                  "Actual Startup Time": 325.245,
                  "Actual Total Time": 1149.511,
                  "Actual Rows": 1022185,
                  "Actual Loops": 7,
                  "Inner Unique": true,
                  "Hash Cond": "(ci.movie_id = t.id)",
                  "Plans": [
                    {
                      "Node Type": "Index Scan",
                      "Parent Relationship": "Outer",
                      "Parallel Aware": true,
                      "Scan Direction": "Forward",
                      "Index Name": "role_id_cast_info",
                      "Relation Name": "cast_info",
                      "Alias": "ci",
                      "Startup Cost": 0.56,
                      "Total Cost": 335235.55,
                      "Plan Rows": 1800214,
                      "Plan Width": 4,
                      "Actual Startup Time": 100.767,
                      "Actual Total Time": 372.121,
                      "Actual Rows": 1289604,
                      "Actual Loops": 7,
                      "Index Cond": "(role_id = 1)",
                      "Rows Removed by Index Recheck": 0,
                      "Filter": "(person_id > 487202)",
                      "Rows Removed by Filter": 520494
                    },
                    {
                      "Node Type": "Hash",
                      "Parent Relationship": "Inner",
                      "Parallel Aware": true,
                      "Startup Cost": 43898.92,
                      "Total Cost": 43898.92,
                      "Plan Rows": 496269,
                      "Plan Width": 4,
                      "Actual Startup Time": 220.692,
                      "Actual Total Time": 220.693,
                      "Actual Rows": 282374,
                      "Actual Loops": 7,
                      "Hash Buckets": 2097152,
                      "Original Hash Buckets": 2097152,
                      "Hash Batches": 1,
                      "Original Hash Batches": 1,
                      "Peak Memory Usage": 93824,
                      "Plans": [
                        {
                          "Node Type": "Seq Scan",
                          "Parent Relationship": "Outer",
                          "Parallel Aware": true,
                          "Relation Name": "title",
                          "Alias": "t",
                          "Startup Cost": 0.0,
                          "Total Cost": 43898.92,
                          "Plan Rows": 496269,
                          "Plan Width": 4,
                          "Actual Startup Time": 0.049,
                          "Actual Total Time": 84.54,
                          "Actual Rows": 282374,
                          "Actual Loops": 7,
                          "Filter": "(production_year > 1977)",
                          "Rows Removed by Filter": 78814
                        }
                      ]
                    }
                  ]
                }
              ]
            }
          ]
        }
      ]
    },
    "Planning Time": 0.388,
    "Triggers": [],
    "Execution Time": 1247.311
  }
]