{
  "Plan": {
    "Node Type": "Aggregate",
    "Strategy": "Plain",
    "Partial Mode": "Finalize",
    "Parallel Aware": false,
    "Startup Cost": 78395.66,
    "Total Cost": 78395.67,
    "Plan Rows": 1,
    "Plan Width": 8,
    "Actual Startup Time": 285.56,
    "Actual Total Time": 291.63,
    "Actual Rows": 1,
    "Actual Loops": 1,
    "Plans": [
      {
        "Node Type": "Gather",
        "Parent Relationship": "Outer",
        "Parallel Aware": false,
        "Startup Cost": 78395.55,
        "Total Cost": 78395.66,
        "Plan Rows": 1,
        "Plan Width": 8,
        "Actual Startup Time": 284.097,
        "Actual Total Time": 291.622,
        "Actual Rows": 2,
        "Actual Loops": 1,
        "Workers Planned": 1,
        "Workers Launched": 1,
        "Single Copy": false,
        "Plans": [
          {
            "Node Type": "Aggregate",
            "Strategy": "Plain",
            "Partial Mode": "Partial",
            "Parent Relationship": "Outer",
            "Parallel Aware": false,
            "Startup Cost": 77395.55,
            "Total Cost": 77395.56,
            "Plan Rows": 1,
            "Plan Width": 8,
            "Actual Startup Time": 278.547,
            "Actual Total Time": 278.551,
            "Actual Rows": 1,
            "Actual Loops": 2,
            "Plans": [
              {
                "Node Type": "Hash Join",
                "Parent Relationship": "Outer",
                "Parallel Aware": true,
                "Join Type": "Inner",
                "Startup Cost": 58433.97,
                "Total Cost": 77227.73,
                "Plan Rows": 67126,
                "Plan Width": 0,
                "Actual Startup Time": 206.249,
                "Actual Total Time": 274.414,
                "Actual Rows": 102544,
                "Actual Loops": 2,
                "Inner Unique": true,
                "Hash Cond": "(mi_idx.movie_id = t.id)",
                "Plans": [
                  {
                    "Node Type": "Seq Scan",
                    "Parent Relationship": "Outer",
                    "Parallel Aware": true,
                    "Relation Name": "movie_info_idx",
                    "Alias": "mi_idx",
                    "Startup Cost": 0.0,
                    "Total Cost": 18082.32,
                    "Plan Rows": 271028,
                    "Plan Width": 4,
                    "Actual Startup Time": 0.019,
                    "Actual Total Time": 48.646,
                    "Actual Rows": 229962,
                    "Actual Loops": 2,
                    "Filter": "(info_type_id = 101)",
                    "Rows Removed by Filter": 460055
                  },
                  {
                    "Node Type": "Hash",
                    "Parent Relationship": "Inner",
                    "Parallel Aware": true,
                    "Startup Cost": 53829.66,
                    "Total Cost": 53829.66,
                    "Plan Rows": 368345,
                    "Plan Width": 4,
                    "Actual Startup Time": 161.901,
                    "Actual Total Time": 161.903,
                    "Actual Rows": 291480,
                    "Actual Loops": 2,
                    "Hash Buckets": 1048576,
                    "Original Hash Buckets": 1048576,
                    "Hash Batches": 1,
                    "Original Hash Batches": 1,
                    "Peak Memory Usage": 31040,
                    "Plans": [
                      {
                        "Node Type": "Bitmap Heap Scan",
                        "Parent Relationship": "Outer",
                        "Parallel Aware": true,
                        "Relation Name": "title",
                        "Alias": "t",
                        "Startup Cost": 11979.4,
                        "Total Cost": 53829.66,
                        "Plan Rows": 368345,
                        "Plan Width": 4,
                        "Actual Startup Time": 26.867,
                        "Actual Total Time": 94.392,
                        "Actual Rows": 291480,
                        "Actual Loops": 2,
                        "Recheck Cond": "(kind_id = 1)",
                        "Rows Removed by Index Recheck": 0,
                        "Filter": "(production_year > 1916)",
                        "Rows Removed by Filter": 39932,
                        "Exact Heap Blocks": 7731,
                        "Lossy Heap Blocks": 0,
                        "Plans": [
                          {
                            "Node Type": "Bitmap Index Scan",
                            "Parent Relationship": "Outer",
                            "Parallel Aware": false,
                            "Index Name": "kind_id_title",
                            "Startup Cost": 0.0,
                            "Total Cost": 11822.85,
                            "Plan Rows": 663256,
                            "Plan Width": 0,
                            "Actual Startup Time": 25.039,
                            "Actual Total Time": 25.039,
                            "Actual Rows": 662825,
                            "Actual Loops": 1,
                            "Index Cond": "(kind_id = 1)"
                          }
                        ]
                      }
                    ]
                  }
                ]
              }
            ]
          }
        ]
      }
    ]
  },
  "Planning Time": 0.305,
  "Triggers": [],
  "Execution Time": 291.693
}