[
  {
    "Plan": {
      "Node Type": "Aggregate",
      "Strategy": "Plain",
      "Partial Mode": "Finalize",
      "Parallel Aware": false,
      "Startup Cost": 494580.8,
      "Total Cost": 494580.81,
      "Plan Rows": 1,
      "Plan Width": 8,
      "Actual Startup Time": 4065.052,
      "Actual Total Time": 4126.611,
      "Actual Rows": 1,
      "Actual Loops": 1,
      "Plans": [
        {
          "Node Type": "Gather",
          "Parent Relationship": "Outer",
          "Parallel Aware": false,
          "Startup Cost": 494580.18,
          "Total Cost": 494580.79,
          "Plan Rows": 6,
          "Plan Width": 8,
          "Actual Startup Time": 4021.975,
          "Actual Total Time": 4126.601,
          "Actual Rows": 7,
          "Actual Loops": 1,
          "Workers Planned": 6,
          "Workers Launched": 6,
          "Single Copy": false,
          "Plans": [
            {
              "Node Type": "Aggregate",
              "Strategy": "Plain",
              "Partial Mode": "Partial",
              "Parent Relationship": "Outer",
              "Parallel Aware": false,
              "Startup Cost": 493580.18,
              "Total Cost": 493580.19,
              "Plan Rows": 1,
              "Plan Width": 8,
              "Actual Startup Time": 3997.02,
              "Actual Total Time": 3997.027,
              "Actual Rows": 1,
              "Actual Loops": 7,
              "Plans": [
                {
                  "Node Type": "Hash Join",
                  "Parent Relationship": "Outer",
                  "Parallel Aware": true,
                  "Join Type": "Inner",
                  "Startup Cost": 108651.58,
                  "Total Cost": 480922.48,
                  "Plan Rows": 5063078,
                  "Plan Width": 0,
                  "Actual Startup Time": 587.246,
                  "Actual Total Time": 3366.261,
                  "Actual Rows": 15332918,
                  "Actual Loops": 7,
                  "Inner Unique": false,
                  "Hash Cond": "(ci.movie_id = t.id)",
                  "Plans": [
                    {
                      "Node Type": "Seq Scan",
                      "Parent Relationship": "Outer",
                      "Parallel Aware": true,
                      "Relation Name": "cast_info",
                      "Alias": "ci",
                      "Startup Cost": 0.0,
                      "Total Cost": 343257.03,
                      "Plan Rows": 3381696,
                      "Plan Width": 4,
                      "Actual Startup Time": 0.02,
                      "Actual Total Time": 695.426,
                      "Actual Rows": 3447243,
                      "Actual Loops": 7,
                      "Filter": "((person_id < 3130021) AND (role_id < 4))",
                      "Rows Removed by Filter": 1730521
                    },
                    {
                      "Node Type": "Hash",
                      "Parent Relationship": "Inner",
                      "Parallel Aware": true,
                      "Startup Cost": 93388.02,
                      "Total Cost": 93388.02,
                      "Plan Rows": 1221085,
                      "Plan Width": 8,
                      "Actual Startup Time": 580.435,
                      "Actual Total Time": 580.439,
                      "Actual Rows": 511979,
                      "Actual Loops": 7,
                      "Hash Buckets": 4194304,
                      "Original Hash Buckets": 4194304,
                      "Hash Batches": 1,
                      "Original Hash Batches": 1,
                      "Peak Memory Usage": 173088,
                      "Plans": [
                        {
                          "Node Type": "Hash Join",
                          "Parent Relationship": "Outer",
                          "Parallel Aware": true,
                          "Join Type": "Inner",
                          "Startup Cost": 50509.94,
                          "Total Cost": 93388.02,
                          "Plan Rows": 1221085,
                          "Plan Width": 8,
                          "Actual Startup Time": 232.388,
                          "Actual Total Time": 418.518,
                          "Actual Rows": 511979,
                          "Actual Loops": 7,
                          "Inner Unique": true,
                          "Hash Cond": "(mk.movie_id = t.id)",
                          "Plans": [
                            {
                              "Node Type": "Seq Scan",
                              "Parent Relationship": "Outer",
                              "Parallel Aware": true,
                              "Relation Name": "movie_keyword",
                              "Alias": "mk",
                              "Startup Cost": 0.0,
                              "Total Cost": 39047.32,
                              "Plan Rows": 1459332,
                              "Plan Width": 4,
                              "Actual Startup Time": 0.029,
                              "Actual Total Time": 63.026,
                              "Actual Rows": 646276,
                              "Actual Loops": 7
                            },
                            {
                              "Node Type": "Hash",
                              "Parent Relationship": "Inner",
                              "Parallel Aware": true,
                              "Startup Cost": 43898.92,
                              "Total Cost": 43898.92,
                              "Plan Rows": 528882,
                              "Plan Width": 4,
                              "Actual Startup Time": 228.891,
                              "Actual Total Time": 228.893,
                              "Actual Rows": 300591,
                              "Actual Loops": 7,
                              "Hash Buckets": 4194304,
                              "Original Hash Buckets": 4194304,
                              "Hash Batches": 1,
                              "Original Hash Batches": 1,
                              "Peak Memory Usage": 115168,
                              "Plans": [
                                {
                                  "Node Type": "Seq Scan",
                                  "Parent Relationship": "Outer",
                                  "Parallel Aware": true,
                                  "Relation Name": "title",
                                  "Alias": "t",
                                  "Startup Cost": 0.0,
                                  "Total Cost": 43898.92,
                                  "Plan Rows": 528882,
                                  "Plan Width": 4,
                                  "Actual Startup Time": 0.052,
                                  "Actual Total Time": 79.817,
                                  "Actual Rows": 300591,
                                  "Actual Loops": 7,
                                  "Filter": "(production_year > 1968)",
                                  "Rows Removed by Filter": 60596
                                }
                              ]
                            }
                          ]
                        }
                      ]
                    }
                  ]
                }
              ]
            }
          ]
        }
      ]
    },
    "Planning Time": 1.373,
    "Triggers": [],
    "Execution Time": 4126.703
  }
]