[
  {
    "Plan": {
      "Node Type": "Aggregate",
      "Strategy": "Plain",
      "Partial Mode": "Finalize",
      "Parallel Aware": false,
      "Startup Cost": 46525.48,
      "Total Cost": 46525.49,
      "Plan Rows": 1,
      "Plan Width": 8,
      "Actual Startup Time": 88.029,
      "Actual Total Time": 99.353,
      "Actual Rows": 1,
      "Actual Loops": 1,
      "Plans": [
        {
          "Node Type": "Gather",
          "Parent Relationship": "Outer",
          "Parallel Aware": false,
          "Startup Cost": 46525.06,
          "Total Cost": 46525.47,
          "Plan Rows": 4,
          "Plan Width": 8,
          "Actual Startup Time": 87.902,
          "Actual Total Time": 99.345,
          "Actual Rows": 5,
          "Actual Loops": 1,
          "Workers Planned": 4,
          "Workers Launched": 4,
          "Single Copy": false,
          "Plans": [
            {
              "Node Type": "Aggregate",
              "Strategy": "Plain",
              "Partial Mode": "Partial",
              "Parent Relationship": "Outer",
              "Parallel Aware": false,
              "Startup Cost": 45525.06,
              "Total Cost": 45525.07,
              "Plan Rows": 1,
              "Plan Width": 8,
              "Actual Startup Time": 81.309,
              "Actual Total Time": 81.31,
              "Actual Rows": 1,
              "Actual Loops": 5,
              "Plans": [
                {
                  "Node Type": "Seq Scan",
                  "Parent Relationship": "Outer",
                  "Parallel Aware": true,
                  "Relation Name": "title",
                  "Alias": "t",
                  "Startup Cost": 0.0,
                  "Total Cost": 45479.59,
                  "Plan Rows": 18190,
                  "Plan Width": 0,
                  "Actual Startup Time": 48.857,
                  "Actual Total Time": 79.486,
                  "Actual Rows": 41200,
                  "Actual Loops": 5,
                  "Filter": "((production_year < 1965) AND (kind_id = 1))",
                  "Rows Removed by Filter": 464463
                }
              ]
            }
          ]
        }
      ]
    },
    "Planning Time": 0.07,
    "Triggers": [],
    "Execution Time": 99.388
  }
]