[
  {
    "Plan": {
      "Node Type": "Aggregate",
      "Strategy": "Plain",
      "Partial Mode": "Finalize",
      "Parallel Aware": false,
      "Startup Cost": 46525.99,
      "Total Cost": 46526.0,
      "Plan Rows": 1,
      "Plan Width": 8,
      "Actual Startup Time": 89.611,
      "Actual Total Time": 100.98,
      "Actual Rows": 1,
      "Actual Loops": 1,
      "Plans": [
        {
          "Node Type": "Gather",
          "Parent Relationship": "Outer",
          "Parallel Aware": false,
          "Startup Cost": 46525.57,
          "Total Cost": 46525.98,
          "Plan Rows": 4,
          "Plan Width": 8,
          "Actual Startup Time": 89.357,
          "Actual Total Time": 100.972,
          "Actual Rows": 5,
          "Actual Loops": 1,
          "Workers Planned": 4,
          "Workers Launched": 4,
          "Single Copy": false,
          "Plans": [
            {
              "Node Type": "Aggregate",
              "Strategy": "Plain",
              "Partial Mode": "Partial",
              "Parent Relationship": "Outer",
              "Parallel Aware": false,
              "Startup Cost": 45525.57,
              "Total Cost": 45525.58,
              "Plan Rows": 1,
              "Plan Width": 8,
              "Actual Startup Time": 83.108,
              "Actual Total Time": 83.11,
              "Actual Rows": 1,
              "Actual Loops": 5,
              "Plans": [
                {
                  "Node Type": "Seq Scan",
                  "Parent Relationship": "Outer",
                  "Parallel Aware": true,
                  "Relation Name": "title",
                  "Alias": "t",
                  "Startup Cost": 0.0,
                  "Total Cost": 45479.1,
                  "Plan Rows": 18589,
                  "Plan Width": 0,
                  "Actual Startup Time": 51.641,
                  "Actual Total Time": 81.314,
                  "Actual Rows": 41200,
                  "Actual Loops": 5,
                  "Filter": "((production_year < 1965) AND (kind_id = 1))",
                  "Rows Removed by Filter": 464463
                }
              ]
            }
          ]
        }
      ]
    },
    "Planning Time": 0.231,
    "Triggers": [],
    "Execution Time": 101.038
  }
]