{
  "Plan": {
    "Node Type": "Aggregate",
    "Strategy": "Plain",
    "Partial Mode": "Finalize",
    "Parallel Aware": false,
    "Startup Cost": 165863.55,
    "Total Cost": 165863.56,
    "Plan Rows": 1,
    "Plan Width": 8,
    "Actual Startup Time": 775.267,
    "Actual Total Time": 795.27,
    "Actual Rows": 1,
    "Actual Loops": 1,
    "Plans": [
      {
        "Node Type": "Gather",
        "Parent Relationship": "Outer",
        "Parallel Aware": false,
        "Startup Cost": 165863.44,
        "Total Cost": 165863.55,
        "Plan Rows": 1,
        "Plan Width": 8,
        "Actual Startup Time": 774.853,
        "Actual Total Time": 795.26,
        "Actual Rows": 2,
        "Actual Loops": 1,
        "Workers Planned": 1,
        "Workers Launched": 1,
        "Single Copy": false,
        "Plans": [
          {
            "Node Type": "Aggregate",
            "Strategy": "Plain",
            "Partial Mode": "Partial",
            "Parent Relationship": "Outer",
            "Parallel Aware": false,
            "Startup Cost": 164863.44,
            "Total Cost": 164863.45,
            "Plan Rows": 1,
            "Plan Width": 8,
            "Actual Startup Time": 769.963,
            "Actual Total Time": 769.969,
            "Actual Rows": 1,
            "Actual Loops": 2,
            "Plans": [
              {
                "Node Type": "Hash Join",
                "Parent Relationship": "Outer",
                "Parallel Aware": true,
                "Join Type": "Inner",
                "Startup Cost": 102741.5,
                "Total Cost": 164542.13,
                "Plan Rows": 128523,
                "Plan Width": 0,
                "Actual Startup Time": 510.798,
                "Actual Total Time": 756.568,
                "Actual Rows": 249590,
                "Actual Loops": 2,
                "Inner Unique": false,
                "Hash Cond": "(mk.movie_id = t.id)",
                "Plans": [
                  {
                    "Node Type": "Seq Scan",
                    "Parent Relationship": "Outer",
                    "Parallel Aware": true,
                    "Relation Name": "movie_keyword",
                    "Alias": "mk",
                    "Startup Cost": 0.0,
                    "Total Cost": 51065.35,
                    "Plan Rows": 2661135,
                    "Plan Width": 4,
                    "Actual Startup Time": 0.014,
                    "Actual Total Time": 184.096,
                    "Actual Rows": 2261965,
                    "Actual Loops": 2
                  },
                  {
                    "Node Type": "Hash",
                    "Parent Relationship": "Inner",
                    "Parallel Aware": true,
                    "Startup Cost": 101843.65,
                    "Total Cost": 101843.65,
                    "Plan Rows": 71828,
                    "Plan Width": 8,
                    "Actual Startup Time": 363.687,
                    "Actual Total Time": 363.692,
                    "Actual Rows": 20712,
                    "Actual Loops": 2,
                    "Hash Buckets": 131072,
                    "Original Hash Buckets": 131072,
                    "Hash Batches": 1,
                    "Original Hash Batches": 1,
                    "Peak Memory Usage": 2656,
                    "Plans": [
                      {
                        "Node Type": "Hash Join",
                        "Parent Relationship": "Outer",
                        "Parallel Aware": true,
                        "Join Type": "Inner",
                        "Startup Cost": 43685.08,
                        "Total Cost": 101843.65,
                        "Plan Rows": 71828,
                        "Plan Width": 8,
                        "Actual Startup Time": 248.239,
                        "Actual Total Time": 357.397,
                        "Actual Rows": 20712,
                        "Actual Loops": 2,
                        "Inner Unique": false,
                        "Hash Cond": "(t.id = mc.movie_id)",
                        "Plans": [
                          {
                            "Node Type": "Seq Scan",
                            "Parent Relationship": "Outer",
                            "Parallel Aware": true,
                            "Relation Name": "title",
                            "Alias": "t",
                            "Startup Cost": 0.0,
                            "Total Cost": 54588.39,
                            "Plan Rows": 503626,
                            "Plan Width": 4,
                            "Actual Startup Time": 0.017,
                            "Actual Total Time": 147.075,
                            "Actual Rows": 427107,
                            "Actual Loops": 2,
                            "Filter": "(kind_id < 4)",
                            "Rows Removed by Filter": 837049
                          },
                          {
                            "Node Type": "Hash",
                            "Parent Relationship": "Inner",
                            "Parallel Aware": true,
                            "Startup Cost": 41033.69,
                            "Total Cost": 41033.69,
                            "Plan Rows": 212111,
                            "Plan Width": 4,
                            "Actual Startup Time": 143.025,
                            "Actual Total Time": 143.028,
                            "Actual Rows": 25350,
                            "Actual Loops": 2,
                            "Hash Buckets": 524288,
                            "Original Hash Buckets": 524288,
                            "Hash Batches": 1,
                            "Original Hash Batches": 1,
                            "Peak Memory Usage": 6112,
                            "Plans": [
                              {
                                "Node Type": "Bitmap Heap Scan",
                                "Parent Relationship": "Outer",
                                "Parallel Aware": true,
                                "Relation Name": "movie_companies",
                                "Alias": "mc",
                                "Startup Cost": 15780.39,
                                "Total Cost": 41033.69,
                                "Plan Rows": 212111,
                                "Plan Width": 4,
                                "Actual Startup Time": 63.134,
                                "Actual Total Time": 132.507,
                                "Actual Rows": 25350,
                                "Actual Loops": 2,
                                "Recheck Cond": "(company_id > 37560)",
                                "Rows Removed by Index Recheck": 0,
                                "Filter": "(company_type_id < 2)",
                                "Rows Removed by Filter": 348063,
                                "Exact Heap Blocks": 8281,
                                "Lossy Heap Blocks": 0,
                                "Plans": [
                                  {
                                    "Node Type": "Bitmap Index Scan",
                                    "Parent Relationship": "Outer",
                                    "Parallel Aware": false,
                                    "Index Name": "company_id_movie_companies",
                                    "Startup Cost": 0.0,
                                    "Total Cost": 15690.24,
                                    "Plan Rows": 732508,
                                    "Plan Width": 0,
                                    "Actual Startup Time": 59.877,
                                    "Actual Total Time": 59.877,
                                    "Actual Rows": 746825,
                                    "Actual Loops": 1,
                                    "Index Cond": "(company_id > 37560)"
                                  }
                                ]
                              }
                            ]
                          }
                        ]
                      }
                    ]
                  }
                ]
              }
            ]
          }
        ]
      }
    ]
  },
  "Planning Time": 1.164,
  "Triggers": [],
  "Execution Time": 795.381
}