[
    {
        "Bao": {
            "Bao prediction": 451.823,
            "Bao recommended hint": "SET enable_mergejoin TO off; SET enable_indexscan TO off; "
        }
    },
    {
        "Plan": {
            "Node Type": "Aggregate",
            "Strategy": "Plain",
            "Partial Mode": "Finalize",
            "Parallel Aware": false,
            "Startup Cost": 345314.6,
            "Total Cost": 345314.61,
            "Plan Rows": 1,
            "Plan Width": 8,
            "Actual Startup Time": 673.108,
            "Actual Total Time": 702.812,
            "Actual Rows": 1,
            "Actual Loops": 1,
            "Output": [
                "count(*)"
            ],
            "Plans": [
                {
                    "Node Type": "Gather",
                    "Parent Relationship": "Outer",
                    "Parallel Aware": false,
                    "Startup Cost": 345313.97,
                    "Total Cost": 345314.58,
                    "Plan Rows": 6,
                    "Plan Width": 8,
                    "Actual Startup Time": 672.98,
                    "Actual Total Time": 702.803,
                    "Actual Rows": 7,
                    "Actual Loops": 1,
                    "Output": [
                        "(PARTIAL count(*))"
                    ],
                    "Workers Planned": 6,
                    "Workers Launched": 6,
                    "Single Copy": false,
                    "Plans": [
                        {
                            "Node Type": "Aggregate",
                            "Strategy": "Plain",
                            "Partial Mode": "Partial",
                            "Parent Relationship": "Outer",
                            "Parallel Aware": false,
                            "Startup Cost": 344313.97,
                            "Total Cost": 344313.98,
                            "Plan Rows": 1,
                            "Plan Width": 8,
                            "Actual Startup Time": 663.66,
                            "Actual Total Time": 663.661,
                            "Actual Rows": 1,
                            "Actual Loops": 7,
                            "Output": [
                                "PARTIAL count(*)"
                            ],
                            "Workers": [
                                {
                                    "Worker Number": 0,
                                    "Actual Startup Time": 661.412,
                                    "Actual Total Time": 661.413,
                                    "Actual Rows": 1,
                                    "Actual Loops": 1
                                },
                                {
                                    "Worker Number": 1,
                                    "Actual Startup Time": 661.696,
                                    "Actual Total Time": 661.697,
                                    "Actual Rows": 1,
                                    "Actual Loops": 1
                                },
                                {
                                    "Worker Number": 2,
                                    "Actual Startup Time": 662.201,
                                    "Actual Total Time": 662.203,
                                    "Actual Rows": 1,
                                    "Actual Loops": 1
                                },
                                {
                                    "Worker Number": 3,
                                    "Actual Startup Time": 662.222,
                                    "Actual Total Time": 662.222,
                                    "Actual Rows": 1,
                                    "Actual Loops": 1
                                },
                                {
                                    "Worker Number": 4,
                                    "Actual Startup Time": 662.94,
                                    "Actual Total Time": 662.941,
                                    "Actual Rows": 1,
                                    "Actual Loops": 1
                                },
                                {
                                    "Worker Number": 5,
                                    "Actual Startup Time": 662.965,
                                    "Actual Total Time": 662.966,
                                    "Actual Rows": 1,
                                    "Actual Loops": 1
                                }
                            ],
                            "Plans": [
                                {
                                    "Node Type": "Seq Scan",
                                    "Parent Relationship": "Outer",
                                    "Parallel Aware": true,
                                    "Relation Name": "cast_info",
                                    "Schema": "public",
                                    "Alias": "ci",
                                    "Startup Cost": 0.0,
                                    "Total Cost": 343318.94,
                                    "Plan Rows": 398014,
                                    "Plan Width": 0,
                                    "Actual Startup Time": 246.633,
                                    "Actual Total Time": 663.629,
                                    "Actual Rows": 272,
                                    "Actual Loops": 7,
                                    "Output": [
                                        "id",
                                        "person_id",
                                        "movie_id",
                                        "person_role_id",
                                        "note",
                                        "nr_order",
                                        "role_id"
                                    ],
                                    "Filter": "((ci.person_id < 1144541) AND (ci.role_id = 2))",
                                    "Rows Removed by Filter": 5177492,
                                    "Workers": [
                                        {
                                            "Worker Number": 0,
                                            "Actual Startup Time": 243.87,
                                            "Actual Total Time": 661.386,
                                            "Actual Rows": 157,
                                            "Actual Loops": 1
                                        },
                                        {
                                            "Worker Number": 1,
                                            "Actual Startup Time": 243.794,
                                            "Actual Total Time": 661.66,
                                            "Actual Rows": 290,
                                            "Actual Loops": 1
                                        },
                                        {
                                            "Worker Number": 2,
                                            "Actual Startup Time": 244.513,
                                            "Actual Total Time": 662.181,
                                            "Actual Rows": 75,
                                            "Actual Loops": 1
                                        },
                                        {
                                            "Worker Number": 3,
                                            "Actual Startup Time": 245.396,
                                            "Actual Total Time": 662.181,
                                            "Actual Rows": 602,
                                            "Actual Loops": 1
                                        },
                                        {
                                            "Worker Number": 4,
                                            "Actual Startup Time": 245.531,
                                            "Actual Total Time": 662.919,
                                            "Actual Rows": 88,
                                            "Actual Loops": 1
                                        },
                                        {
                                            "Worker Number": 5,
                                            "Actual Startup Time": 247.805,
                                            "Actual Total Time": 662.931,
                                            "Actual Rows": 210,
                                            "Actual Loops": 1
                                        }
                                    ]
                                }
                            ]
                        }
                    ]
                }
            ]
        },
        "Planning Time": 562.607,
        "Triggers": [],
        "Execution Time": 702.916
    }
]