[
  {
    "Plan": {
      "Node Type": "Aggregate",
      "Strategy": "Plain",
      "Partial Mode": "Finalize",
      "Parallel Aware": false,
      "Startup Cost": 91077.7,
      "Total Cost": 91077.71,
      "Plan Rows": 1,
      "Plan Width": 8,
      "Actual Startup Time": 244.6,
      "Actual Total Time": 263.641,
      "Actual Rows": 1,
      "Actual Loops": 1,
      "Plans": [
        {
          "Node Type": "Gather",
          "Parent Relationship": "Outer",
          "Parallel Aware": false,
          "Startup Cost": 91077.38,
          "Total Cost": 91077.69,
          "Plan Rows": 3,
          "Plan Width": 8,
          "Actual Startup Time": 244.285,
          "Actual Total Time": 263.63,
          "Actual Rows": 4,
          "Actual Loops": 1,
          "Workers Planned": 3,
          "Workers Launched": 3,
          "Single Copy": false,
          "Plans": [
            {
              "Node Type": "Aggregate",
              "Strategy": "Plain",
              "Partial Mode": "Partial",
              "Parent Relationship": "Outer",
              "Parallel Aware": false,
              "Startup Cost": 90077.38,
              "Total Cost": 90077.39,
              "Plan Rows": 1,
              "Plan Width": 8,
              "Actual Startup Time": 238.477,
              "Actual Total Time": 238.48,
              "Actual Rows": 1,
              "Actual Loops": 4,
              "Plans": [
                {
                  "Node Type": "Hash Join",
                  "Parent Relationship": "Outer",
                  "Parallel Aware": true,
                  "Join Type": "Inner",
                  "Startup Cost": 45649.71,
                  "Total Cost": 90042.48,
                  "Plan Rows": 13961,
                  "Plan Width": 0,
                  "Actual Startup Time": 100.208,
                  "Actual Total Time": 237.96,
                  "Actual Rows": 10467,
                  "Actual Loops": 4,
                  "Inner Unique": true,
                  "Hash Cond": "(mk.movie_id = t.id)",
                  "Plans": [
                    {
                      "Node Type": "Seq Scan",
                      "Parent Relationship": "Outer",
                      "Parallel Aware": true,
                      "Relation Name": "movie_keyword",
                      "Alias": "mk",
                      "Startup Cost": 0.0,
                      "Total Cost": 42695.65,
                      "Plan Rows": 646521,
                      "Plan Width": 4,
                      "Actual Startup Time": 0.402,
                      "Actual Total Time": 102.616,
                      "Actual Rows": 500243,
                      "Actual Loops": 4,
                      "Filter": "(keyword_id > 6251)",
                      "Rows Removed by Filter": 630739
                    },
                    {
                      "Node Type": "Hash",
                      "Parent Relationship": "Inner",
                      "Parallel Aware": true,
                      "Startup Cost": 45479.1,
                      "Total Cost": 45479.1,
                      "Plan Rows": 13649,
                      "Plan Width": 4,
                      "Actual Startup Time": 98.344,
                      "Actual Total Time": 98.344,
                      "Actual Rows": 11586,
                      "Actual Loops": 4,
                      "Hash Buckets": 65536,
                      "Original Hash Buckets": 65536,
                      "Hash Batches": 1,
                      "Original Hash Batches": 1,
                      "Peak Memory Usage": 2368,
                      "Plans": [
                        {
                          "Node Type": "Seq Scan",
                          "Parent Relationship": "Outer",
                          "Parallel Aware": true,
                          "Relation Name": "title",
                          "Alias": "t",
                          "Startup Cost": 0.0,
                          "Total Cost": 45479.1,
                          "Plan Rows": 13649,
                          "Plan Width": 4,
                          "Actual Startup Time": 0.083,
                          "Actual Total Time": 94.183,
                          "Actual Rows": 11586,
                          "Actual Loops": 4,
                          "Filter": "((kind_id < 4) AND (production_year = 2011))",
                          "Rows Removed by Filter": 620492
                        }
                      ]
                    }
                  ]
                }
              ]
            }
          ]
        }
      ]
    },
    "Planning Time": 0.689,
    "Triggers": [],
    "Execution Time": 263.712
  }
]