[
  {
    "Plan": {
      "Node Type": "Aggregate",
      "Strategy": "Plain",
      "Partial Mode": "Finalize",
      "Parallel Aware": false,
      "Startup Cost": 203873.78,
      "Total Cost": 203873.79,
      "Plan Rows": 1,
      "Plan Width": 8,
      "Actual Startup Time": 275.925,
      "Actual Total Time": 297.998,
      "Actual Rows": 1,
      "Actual Loops": 1,
      "Plans": [
        {
          "Node Type": "Gather",
          "Parent Relationship": "Outer",
          "Parallel Aware": false,
          "Startup Cost": 203873.16,
          "Total Cost": 203873.77,
          "Plan Rows": 6,
          "Plan Width": 8,
          "Actual Startup Time": 275.773,
          "Actual Total Time": 297.987,
          "Actual Rows": 7,
          "Actual Loops": 1,
          "Workers Planned": 6,
          "Workers Launched": 6,
          "Single Copy": false,
          "Plans": [
            {
              "Node Type": "Aggregate",
              "Strategy": "Plain",
              "Partial Mode": "Partial",
              "Parent Relationship": "Outer",
              "Parallel Aware": false,
              "Startup Cost": 202873.16,
              "Total Cost": 202873.17,
              "Plan Rows": 1,
              "Plan Width": 8,
              "Actual Startup Time": 264.928,
              "Actual Total Time": 264.93,
              "Actual Rows": 1,
              "Actual Loops": 7,
              "Plans": [
                {
                  "Node Type": "Index Scan",
                  "Parent Relationship": "Outer",
                  "Parallel Aware": true,
                  "Scan Direction": "Forward",
                  "Index Name": "role_id_cast_info",
                  "Relation Name": "cast_info",
                  "Alias": "ci",
                  "Startup Cost": 0.56,
                  "Total Cost": 201884.69,
                  "Plan Rows": 395386,
                  "Plan Width": 0,
                  "Actual Startup Time": 220.034,
                  "Actual Total Time": 256.425,
                  "Actual Rows": 147057,
                  "Actual Loops": 7,
                  "Index Cond": "(role_id = 2)",
                  "Rows Removed by Index Recheck": 0,
                  "Filter": "(person_id > 2568825)",
                  "Rows Removed by Filter": 917510
                }
              ]
            }
          ]
        }
      ]
    },
    "Planning Time": 0.249,
    "Triggers": [],
    "Execution Time": 298.071
  }
]