[
  {
    "Plan": {
      "Node Type": "Aggregate",
      "Strategy": "Plain",
      "Partial Mode": "Finalize",
      "Parallel Aware": false,
      "Startup Cost": 199842.95,
      "Total Cost": 199842.96,
      "Plan Rows": 1,
      "Plan Width": 8,
      "Actual Startup Time": 257.396,
      "Actual Total Time": 272.308,
      "Actual Rows": 1,
      "Actual Loops": 1,
      "Plans": [
        {
          "Node Type": "Gather",
          "Parent Relationship": "Outer",
          "Parallel Aware": false,
          "Startup Cost": 199842.32,
          "Total Cost": 199842.93,
          "Plan Rows": 6,
          "Plan Width": 8,
          "Actual Startup Time": 257.294,
          "Actual Total Time": 272.301,
          "Actual Rows": 7,
          "Actual Loops": 1,
          "Workers Planned": 6,
          "Workers Launched": 6,
          "Single Copy": false,
          "Plans": [
            {
              "Node Type": "Aggregate",
              "Strategy": "Plain",
              "Partial Mode": "Partial",
              "Parent Relationship": "Outer",
              "Parallel Aware": false,
              "Startup Cost": 198842.32,
              "Total Cost": 198842.33,
              "Plan Rows": 1,
              "Plan Width": 8,
              "Actual Startup Time": 246.346,
              "Actual Total Time": 246.347,
              "Actual Rows": 1,
              "Actual Loops": 7,
              "Plans": [
                {
                  "Node Type": "Index Scan",
                  "Parent Relationship": "Outer",
                  "Parallel Aware": true,
                  "Scan Direction": "Forward",
                  "Index Name": "role_id_cast_info",
                  "Relation Name": "cast_info",
                  "Alias": "ci",
                  "Startup Cost": 0.56,
                  "Total Cost": 197877.72,
                  "Plan Rows": 385840,
                  "Plan Width": 0,
                  "Actual Startup Time": 207.187,
                  "Actual Total Time": 239.472,
                  "Actual Rows": 147057,
                  "Actual Loops": 7,
                  "Index Cond": "(role_id = 2)",
                  "Rows Removed by Index Recheck": 0,
                  "Filter": "(person_id > 2568825)",
                  "Rows Removed by Filter": 917510
                }
              ]
            }
          ]
        }
      ]
    },
    "Planning Time": 0.214,
    "Triggers": [],
    "Execution Time": 272.366
  }
]