[
  {
    "Plan": {
      "Node Type": "Aggregate",
      "Strategy": "Plain",
      "Partial Mode": "Finalize",
      "Parallel Aware": false,
      "Startup Cost": 451260.97,
      "Total Cost": 451260.98,
      "Plan Rows": 1,
      "Plan Width": 8,
      "Actual Startup Time": 2756.347,
      "Actual Total Time": 2819.971,
      "Actual Rows": 1,
      "Actual Loops": 1,
      "Plans": [
        {
          "Node Type": "Gather",
          "Parent Relationship": "Outer",
          "Parallel Aware": false,
          "Startup Cost": 451260.35,
          "Total Cost": 451260.96,
          "Plan Rows": 6,
          "Plan Width": 8,
          "Actual Startup Time": 2743.525,
          "Actual Total Time": 2819.961,
          "Actual Rows": 7,
          "Actual Loops": 1,
          "Workers Planned": 6,
          "Workers Launched": 6,
          "Single Copy": false,
          "Plans": [
            {
              "Node Type": "Aggregate",
              "Strategy": "Plain",
              "Partial Mode": "Partial",
              "Parent Relationship": "Outer",
              "Parallel Aware": false,
              "Startup Cost": 450260.35,
              "Total Cost": 450260.36,
              "Plan Rows": 1,
              "Plan Width": 8,
              "Actual Startup Time": 2732.59,
              "Actual Total Time": 2732.73,
              "Actual Rows": 1,
              "Actual Loops": 7,
              "Plans": [
                {
                  "Node Type": "Hash Join",
                  "Parent Relationship": "Outer",
                  "Parallel Aware": true,
                  "Join Type": "Inner",
                  "Startup Cost": 94281.17,
                  "Total Cost": 448136.37,
                  "Plan Rows": 849591,
                  "Plan Width": 0,
                  "Actual Startup Time": 822.816,
                  "Actual Total Time": 2326.792,
                  "Actual Rows": 8824294,
                  "Actual Loops": 7,
                  "Inner Unique": false,
                  "Hash Cond": "(ci.movie_id = t.id)",
                  "Plans": [
                    {
                      "Node Type": "Seq Scan",
                      "Parent Relationship": "Outer",
                      "Parallel Aware": true,
                      "Relation Name": "cast_info",
                      "Alias": "ci",
                      "Startup Cost": 0.0,
                      "Total Cost": 343257.03,
                      "Plan Rows": 2095348,
                      "Plan Width": 4,
                      "Actual Startup Time": 350.48,
                      "Actual Total Time": 697.035,
                      "Actual Rows": 1962453,
                      "Actual Loops": 7,
                      "Filter": "((person_id > 842615) AND (role_id > 2))",
                      "Rows Removed by Filter": 3215311
                    },
                    {
                      "Node Type": "Hash",
                      "Parent Relationship": "Inner",
                      "Parallel Aware": true,
                      "Startup Cost": 90147.55,
                      "Total Cost": 90147.55,
                      "Plan Rows": 330689,
                      "Plan Width": 8,
                      "Actual Startup Time": 468.966,
                      "Actual Total Time": 469.104,
                      "Actual Rows": 305912,
                      "Actual Loops": 7,
                      "Hash Buckets": 4194304,
                      "Original Hash Buckets": 1048576,
                      "Hash Batches": 1,
                      "Original Hash Batches": 1,
                      "Peak Memory Usage": 141216,
                      "Plans": [
                        {
                          "Node Type": "Hash Join",
                          "Parent Relationship": "Outer",
                          "Parallel Aware": true,
                          "Join Type": "Inner",
                          "Startup Cost": 47269.47,
                          "Total Cost": 90147.55,
                          "Plan Rows": 330689,
                          "Plan Width": 8,
                          "Actual Startup Time": 143.849,
                          "Actual Total Time": 285.07,
                          "Actual Rows": 305912,
                          "Actual Loops": 7,
                          "Inner Unique": true,
                          "Hash Cond": "(mk.movie_id = t.id)",
                          "Plans": [
                            {
                              "Node Type": "Seq Scan",
                              "Parent Relationship": "Outer",
                              "Parallel Aware": true,
                              "Relation Name": "movie_keyword",
                              "Alias": "mk",
                              "Startup Cost": 0.0,
                              "Total Cost": 39047.32,
                              "Plan Rows": 1459332,
                              "Plan Width": 4,
                              "Actual Startup Time": 0.03,
                              "Actual Total Time": 66.517,
                              "Actual Rows": 646276,
                              "Actual Loops": 7
                            },
                            {
                              "Node Type": "Hash",
                              "Parent Relationship": "Inner",
                              "Parallel Aware": true,
                              "Startup Cost": 45479.1,
                              "Total Cost": 45479.1,
                              "Plan Rows": 143230,
                              "Plan Width": 4,
                              "Actual Startup Time": 117.268,
                              "Actual Total Time": 117.269,
                              "Actual Rows": 64858,
                              "Actual Loops": 7,
                              "Hash Buckets": 1048576,
                              "Original Hash Buckets": 1048576,
                              "Hash Batches": 1,
                              "Original Hash Batches": 1,
                              "Peak Memory Usage": 26048,
                              "Plans": [
                                {
                                  "Node Type": "Seq Scan",
                                  "Parent Relationship": "Outer",
                                  "Parallel Aware": true,
                                  "Relation Name": "title",
                                  "Alias": "t",
                                  "Startup Cost": 0.0,
                                  "Total Cost": 45479.1,
                                  "Plan Rows": 143230,
                                  "Plan Width": 4,
                                  "Actual Startup Time": 44.016,
                                  "Actual Total Time": 82.373,
                                  "Actual Rows": 64858,
                                  "Actual Loops": 7,
                                  "Filter": "((production_year > 1963) AND (kind_id = 1))",
                                  "Rows Removed by Filter": 296330
                                }
                              ]
                            }
                          ]
                        }
                      ]
                    }
                  ]
                }
              ]
            }
          ]
        }
      ]
    },
    "Planning Time": 1.264,
    "Triggers": [],
    "Execution Time": 2820.06
  }
]