[
  {
    "Plan": {
      "Node Type": "Aggregate",
      "Strategy": "Plain",
      "Partial Mode": "Finalize",
      "Parallel Aware": false,
      "Startup Cost": 33056.06,
      "Total Cost": 33056.07,
      "Plan Rows": 1,
      "Plan Width": 8,
      "Actual Startup Time": 95.303,
      "Actual Total Time": 100.998,
      "Actual Rows": 1,
      "Actual Loops": 1,
      "Plans": [
        {
          "Node Type": "Gather",
          "Parent Relationship": "Outer",
          "Parallel Aware": false,
          "Startup Cost": 33055.74,
          "Total Cost": 33056.05,
          "Plan Rows": 3,
          "Plan Width": 8,
          "Actual Startup Time": 95.06,
          "Actual Total Time": 100.991,
          "Actual Rows": 4,
          "Actual Loops": 1,
          "Workers Planned": 3,
          "Workers Launched": 3,
          "Single Copy": false,
          "Plans": [
            {
              "Node Type": "Aggregate",
              "Strategy": "Plain",
              "Partial Mode": "Partial",
              "Parent Relationship": "Outer",
              "Parallel Aware": false,
              "Startup Cost": 32055.74,
              "Total Cost": 32055.75,
              "Plan Rows": 1,
              "Plan Width": 8,
              "Actual Startup Time": 89.605,
              "Actual Total Time": 89.606,
              "Actual Rows": 1,
              "Actual Loops": 4,
              "Plans": [
                {
                  "Node Type": "Seq Scan",
                  "Parent Relationship": "Outer",
                  "Parallel Aware": true,
                  "Relation Name": "movie_companies",
                  "Alias": "mc",
                  "Startup Cost": 0.0,
                  "Total Cost": 31414.82,
                  "Plan Rows": 256368,
                  "Plan Width": 0,
                  "Actual Startup Time": 2.917,
                  "Actual Total Time": 81.671,
                  "Actual Rows": 145669,
                  "Actual Loops": 4,
                  "Filter": "((company_id > 4518) AND (company_type_id < 2))",
                  "Rows Removed by Filter": 506613
                }
              ]
            }
          ]
        }
      ]
    },
    "Planning Time": 0.09,
    "Triggers": [],
    "Execution Time": 101.032
  }
]