[
  {
    "Plan": {
      "Node Type": "Aggregate",
      "Strategy": "Plain",
      "Partial Mode": "Finalize",
      "Parallel Aware": false,
      "Startup Cost": 33058.33,
      "Total Cost": 33058.34,
      "Plan Rows": 1,
      "Plan Width": 8,
      "Actual Startup Time": 99.655,
      "Actual Total Time": 108.586,
      "Actual Rows": 1,
      "Actual Loops": 1,
      "Plans": [
        {
          "Node Type": "Gather",
          "Parent Relationship": "Outer",
          "Parallel Aware": false,
          "Startup Cost": 33058.01,
          "Total Cost": 33058.32,
          "Plan Rows": 3,
          "Plan Width": 8,
          "Actual Startup Time": 99.542,
          "Actual Total Time": 108.57,
          "Actual Rows": 4,
          "Actual Loops": 1,
          "Workers Planned": 3,
          "Workers Launched": 3,
          "Single Copy": false,
          "Plans": [
            {
              "Node Type": "Aggregate",
              "Strategy": "Plain",
              "Partial Mode": "Partial",
              "Parent Relationship": "Outer",
              "Parallel Aware": false,
              "Startup Cost": 32058.01,
              "Total Cost": 32058.02,
              "Plan Rows": 1,
              "Plan Width": 8,
              "Actual Startup Time": 92.25,
              "Actual Total Time": 92.251,
              "Actual Rows": 1,
              "Actual Loops": 4,
              "Plans": [
                {
                  "Node Type": "Seq Scan",
                  "Parent Relationship": "Outer",
                  "Parallel Aware": true,
                  "Relation Name": "movie_companies",
                  "Alias": "mc",
                  "Startup Cost": 0.0,
                  "Total Cost": 31414.82,
                  "Plan Rows": 257277,
                  "Plan Width": 0,
                  "Actual Startup Time": 6.293,
                  "Actual Total Time": 84.694,
                  "Actual Rows": 145669,
                  "Actual Loops": 4,
                  "Filter": "((company_id > 4518) AND (company_type_id < 2))",
                  "Rows Removed by Filter": 506613
                }
              ]
            }
          ]
        }
      ]
    },
    "Planning Time": 0.216,
    "Triggers": [],
    "Execution Time": 108.644
  }
]