{
  "Plan": {
    "Node Type": "Aggregate",
    "Strategy": "Plain",
    "Partial Mode": "Finalize",
    "Parallel Aware": false,
    "Startup Cost": 145332.36,
    "Total Cost": 145332.37,
    "Plan Rows": 1,
    "Plan Width": 8,
    "Actual Startup Time": 821.371,
    "Actual Total Time": 845.143,
    "Actual Rows": 1,
    "Actual Loops": 1,
    "Plans": [
      {
        "Node Type": "Gather",
        "Parent Relationship": "Outer",
        "Parallel Aware": false,
        "Startup Cost": 145332.25,
        "Total Cost": 145332.36,
        "Plan Rows": 1,
        "Plan Width": 8,
        "Actual Startup Time": 820.693,
        "Actual Total Time": 845.133,
        "Actual Rows": 2,
        "Actual Loops": 1,
        "Workers Planned": 1,
        "Workers Launched": 1,
        "Single Copy": false,
        "Plans": [
          {
            "Node Type": "Aggregate",
            "Strategy": "Plain",
            "Partial Mode": "Partial",
            "Parent Relationship": "Outer",
            "Parallel Aware": false,
            "Startup Cost": 144332.25,
            "Total Cost": 144332.26,
            "Plan Rows": 1,
            "Plan Width": 8,
            "Actual Startup Time": 814.646,
            "Actual Total Time": 814.865,
            "Actual Rows": 1,
            "Actual Loops": 2,
            "Plans": [
              {
                "Node Type": "Hash Join",
                "Parent Relationship": "Outer",
                "Parallel Aware": true,
                "Join Type": "Inner",
                "Startup Cost": 82847.36,
                "Total Cost": 144200.94,
                "Plan Rows": 52525,
                "Plan Width": 0,
                "Actual Startup Time": 566.156,
                "Actual Total Time": 796.067,
                "Actual Rows": 377908,
                "Actual Loops": 2,
                "Inner Unique": false,
                "Hash Cond": "(mk.movie_id = t.id)",
                "Plans": [
                  {
                    "Node Type": "Seq Scan",
                    "Parent Relationship": "Outer",
                    "Parallel Aware": true,
                    "Relation Name": "movie_keyword",
                    "Alias": "mk",
                    "Startup Cost": 0.0,
                    "Total Cost": 51065.35,
                    "Plan Rows": 2661135,
                    "Plan Width": 4,
                    "Actual Startup Time": 0.029,
                    "Actual Total Time": 186.64,
                    "Actual Rows": 2261965,
                    "Actual Loops": 2
                  },
                  {
                    "Node Type": "Hash",
                    "Parent Relationship": "Inner",
                    "Parallel Aware": true,
                    "Startup Cost": 82480.42,
                    "Total Cost": 82480.42,
                    "Plan Rows": 29355,
                    "Plan Width": 8,
                    "Actual Startup Time": 381.563,
                    "Actual Total Time": 381.781,
                    "Actual Rows": 46536,
                    "Actual Loops": 2,
                    "Hash Buckets": 131072,
                    "Original Hash Buckets": 65536,
                    "Hash Batches": 1,
                    "Original Hash Batches": 1,
                    "Peak Memory Usage": 5216,
                    "Plans": [
                      {
                        "Node Type": "Hash Join",
                        "Parent Relationship": "Outer",
                        "Parallel Aware": true,
                        "Join Type": "Inner",
                        "Startup Cost": 22142.23,
                        "Total Cost": 82480.42,
                        "Plan Rows": 29355,
                        "Plan Width": 8,
                        "Actual Startup Time": 252.86,
                        "Actual Total Time": 369.133,
                        "Actual Rows": 46536,
                        "Actual Loops": 2,
                        "Inner Unique": false,
                        "Hash Cond": "(t.id = mc.movie_id)",
                        "Plans": [
                          {
                            "Node Type": "Seq Scan",
                            "Parent Relationship": "Outer",
                            "Parallel Aware": true,
                            "Relation Name": "title",
                            "Alias": "t",
                            "Startup Cost": 0.0,
                            "Total Cost": 50870.31,
                            "Plan Rows": 1487231,
                            "Plan Width": 4,
                            "Actual Startup Time": 0.024,
                            "Actual Total Time": 142.073,
                            "Actual Rows": 1264156,
                            "Actual Loops": 2
                          },
                          {
                            "Node Type": "Hash",
                            "Parent Relationship": "Inner",
                            "Parallel Aware": true,
                            "Startup Cost": 21775.3,
                            "Total Cost": 21775.3,
                            "Plan Rows": 29355,
                            "Plan Width": 4,
                            "Actual Startup Time": 46.911,
                            "Actual Total Time": 46.912,
                            "Actual Rows": 46536,
                            "Actual Loops": 2,
                            "Hash Buckets": 131072,
                            "Original Hash Buckets": 65536,
                            "Hash Batches": 1,
                            "Original Hash Batches": 1,
                            "Peak Memory Usage": 5216,
                            "Plans": [
                              {
                                "Node Type": "Bitmap Heap Scan",
                                "Parent Relationship": "Outer",
                                "Parallel Aware": true,
                                "Relation Name": "movie_companies",
                                "Alias": "mc",
                                "Startup Cost": 2118.06,
                                "Total Cost": 21775.3,
                                "Plan Rows": 29355,
                                "Plan Width": 4,
                                "Actual Startup Time": 8.867,
                                "Actual Total Time": 31.398,
                                "Actual Rows": 46536,
                                "Actual Loops": 2,
                                "Recheck Cond": "(company_id > 161786)",
                                "Rows Removed by Index Recheck": 0,
                                "Filter": "(company_type_id > 1)",
                                "Rows Removed by Filter": 0,
                                "Exact Heap Blocks": 2204,
                                "Lossy Heap Blocks": 0,
                                "Plans": [
                                  {
                                    "Node Type": "Bitmap Index Scan",
                                    "Parent Relationship": "Outer",
                                    "Parallel Aware": false,
                                    "Index Name": "company_id_movie_companies",
                                    "Startup Cost": 0.0,
                                    "Total Cost": 2105.58,
                                    "Plan Rows": 98287,
                                    "Plan Width": 0,
                                    "Actual Startup Time": 11.65,
                                    "Actual Total Time": 11.65,
                                    "Actual Rows": 93072,
                                    "Actual Loops": 1,
                                    "Index Cond": "(company_id > 161786)"
                                  }
                                ]
                              }
                            ]
                          }
                        ]
                      }
                    ]
                  }
                ]
              }
            ]
          }
        ]
      }
    ]
  },
  "Planning Time": 1.182,
  "Triggers": [],
  "Execution Time": 845.249
}