[
    {
        "Bao": {
            "Bao prediction": "NaN",
            "Bao recommended hint": "(no hint)"
        }
    },
    {
        "Plan": {
            "Node Type": "Aggregate",
            "Strategy": "Plain",
            "Partial Mode": "Finalize",
            "Parallel Aware": false,
            "Startup Cost": 349971.33,
            "Total Cost": 349971.34,
            "Plan Rows": 1,
            "Plan Width": 8,
            "Actual Startup Time": 818.313,
            "Actual Total Time": 855.137,
            "Actual Rows": 1,
            "Actual Loops": 1,
            "Output": [
                "count(*)"
            ],
            "Plans": [
                {
                    "Node Type": "Gather",
                    "Parent Relationship": "Outer",
                    "Parallel Aware": false,
                    "Startup Cost": 349970.71,
                    "Total Cost": 349971.32,
                    "Plan Rows": 6,
                    "Plan Width": 8,
                    "Actual Startup Time": 818.176,
                    "Actual Total Time": 855.127,
                    "Actual Rows": 7,
                    "Actual Loops": 1,
                    "Output": [
                        "(PARTIAL count(*))"
                    ],
                    "Workers Planned": 6,
                    "Workers Launched": 6,
                    "Single Copy": false,
                    "Plans": [
                        {
                            "Node Type": "Aggregate",
                            "Strategy": "Plain",
                            "Partial Mode": "Partial",
                            "Parent Relationship": "Outer",
                            "Parallel Aware": false,
                            "Startup Cost": 348970.71,
                            "Total Cost": 348970.72,
                            "Plan Rows": 1,
                            "Plan Width": 8,
                            "Actual Startup Time": 808.037,
                            "Actual Total Time": 808.038,
                            "Actual Rows": 1,
                            "Actual Loops": 7,
                            "Output": [
                                "PARTIAL count(*)"
                            ],
                            "Workers": [
                                {
                                    "Worker Number": 0,
                                    "Actual Startup Time": 805.866,
                                    "Actual Total Time": 805.867,
                                    "Actual Rows": 1,
                                    "Actual Loops": 1
                                },
                                {
                                    "Worker Number": 1,
                                    "Actual Startup Time": 805.792,
                                    "Actual Total Time": 805.793,
                                    "Actual Rows": 1,
                                    "Actual Loops": 1
                                },
                                {
                                    "Worker Number": 2,
                                    "Actual Startup Time": 806.43,
                                    "Actual Total Time": 806.431,
                                    "Actual Rows": 1,
                                    "Actual Loops": 1
                                },
                                {
                                    "Worker Number": 3,
                                    "Actual Startup Time": 806.597,
                                    "Actual Total Time": 806.598,
                                    "Actual Rows": 1,
                                    "Actual Loops": 1
                                },
                                {
                                    "Worker Number": 4,
                                    "Actual Startup Time": 806.705,
                                    "Actual Total Time": 806.706,
                                    "Actual Rows": 1,
                                    "Actual Loops": 1
                                },
                                {
                                    "Worker Number": 5,
                                    "Actual Startup Time": 807.335,
                                    "Actual Total Time": 807.337,
                                    "Actual Rows": 1,
                                    "Actual Loops": 1
                                }
                            ],
                            "Plans": [
                                {
                                    "Node Type": "Seq Scan",
                                    "Parent Relationship": "Outer",
                                    "Parallel Aware": true,
                                    "Relation Name": "cast_info",
                                    "Schema": "public",
                                    "Alias": "ci",
                                    "Startup Cost": 0.0,
                                    "Total Cost": 343318.94,
                                    "Plan Rows": 2260707,
                                    "Plan Width": 0,
                                    "Actual Startup Time": 220.658,
                                    "Actual Total Time": 678.835,
                                    "Actual Rows": 2756172,
                                    "Actual Loops": 7,
                                    "Output": [
                                        "id",
                                        "person_id",
                                        "movie_id",
                                        "person_role_id",
                                        "note",
                                        "nr_order",
                                        "role_id"
                                    ],
                                    "Filter": "((ci.person_id > 1504729) AND (ci.role_id > 1))",
                                    "Rows Removed by Filter": 2421591,
                                    "Workers": [
                                        {
                                            "Worker Number": 0,
                                            "Actual Startup Time": 218.466,
                                            "Actual Total Time": 676.427,
                                            "Actual Rows": 1954728,
                                            "Actual Loops": 1
                                        },
                                        {
                                            "Worker Number": 1,
                                            "Actual Startup Time": 218.425,
                                            "Actual Total Time": 676.635,
                                            "Actual Rows": 1948350,
                                            "Actual Loops": 1
                                        },
                                        {
                                            "Worker Number": 2,
                                            "Actual Startup Time": 219.045,
                                            "Actual Total Time": 681.511,
                                            "Actual Rows": 3054405,
                                            "Actual Loops": 1
                                        },
                                        {
                                            "Worker Number": 3,
                                            "Actual Startup Time": 219.209,
                                            "Actual Total Time": 681.72,
                                            "Actual Rows": 3059966,
                                            "Actual Loops": 1
                                        },
                                        {
                                            "Worker Number": 4,
                                            "Actual Startup Time": 219.329,
                                            "Actual Total Time": 682.288,
                                            "Actual Rows": 3048089,
                                            "Actual Loops": 1
                                        },
                                        {
                                            "Worker Number": 5,
                                            "Actual Startup Time": 219.963,
                                            "Actual Total Time": 679.472,
                                            "Actual Rows": 2959666,
                                            "Actual Loops": 1
                                        }
                                    ]
                                }
                            ]
                        }
                    ]
                }
            ]
        },
        "Planning Time": 266.1,
        "Triggers": [],
        "Execution Time": 855.26
    }
]