[
  {
    "Plan": {
      "Node Type": "Aggregate",
      "Strategy": "Plain",
      "Partial Mode": "Finalize",
      "Parallel Aware": false,
      "Startup Cost": 129134.05,
      "Total Cost": 129134.06,
      "Plan Rows": 1,
      "Plan Width": 8,
      "Actual Startup Time": 645.036,
      "Actual Total Time": 669.168,
      "Actual Rows": 1,
      "Actual Loops": 1,
      "Plans": [
        {
          "Node Type": "Gather",
          "Parent Relationship": "Outer",
          "Parallel Aware": false,
          "Startup Cost": 129133.73,
          "Total Cost": 129134.04,
          "Plan Rows": 3,
          "Plan Width": 8,
          "Actual Startup Time": 641.412,
          "Actual Total Time": 669.155,
          "Actual Rows": 4,
          "Actual Loops": 1,
          "Workers Planned": 3,
          "Workers Launched": 3,
          "Single Copy": false,
          "Plans": [
            {
              "Node Type": "Aggregate",
              "Strategy": "Plain",
              "Partial Mode": "Partial",
              "Parent Relationship": "Outer",
              "Parallel Aware": false,
              "Startup Cost": 128133.73,
              "Total Cost": 128133.74,
              "Plan Rows": 1,
              "Plan Width": 8,
              "Actual Startup Time": 632.504,
              "Actual Total Time": 632.815,
              "Actual Rows": 1,
              "Actual Loops": 4,
              "Plans": [
                {
                  "Node Type": "Hash Join",
                  "Parent Relationship": "Outer",
                  "Parallel Aware": true,
                  "Join Type": "Inner",
                  "Startup Cost": 82226.13,
                  "Total Cost": 127439.84,
                  "Plan Rows": 277555,
                  "Plan Width": 0,
                  "Actual Startup Time": 415.141,
                  "Actual Total Time": 623.812,
                  "Actual Rows": 202360,
                  "Actual Loops": 4,
                  "Inner Unique": false,
                  "Hash Cond": "(mk.movie_id = t.id)",
                  "Plans": [
                    {
                      "Node Type": "Seq Scan",
                      "Parent Relationship": "Outer",
                      "Parallel Aware": true,
                      "Relation Name": "movie_keyword",
                      "Alias": "mk",
                      "Startup Cost": 0.0,
                      "Total Cost": 39047.32,
                      "Plan Rows": 1459332,
                      "Plan Width": 4,
                      "Actual Startup Time": 0.06,
                      "Actual Total Time": 93.835,
                      "Actual Rows": 1130982,
                      "Actual Loops": 4
                    },
                    {
                      "Node Type": "Hash",
                      "Parent Relationship": "Inner",
                      "Parallel Aware": true,
                      "Startup Cost": 80723.43,
                      "Total Cost": 80723.43,
                      "Plan Rows": 120216,
                      "Plan Width": 8,
                      "Actual Startup Time": 411.547,
                      "Actual Total Time": 411.857,
                      "Actual Rows": 69702,
                      "Actual Loops": 4,
                      "Hash Buckets": 524288,
                      "Original Hash Buckets": 524288,
                      "Hash Batches": 1,
                      "Original Hash Batches": 1,
                      "Peak Memory Usage": 15072,
                      "Plans": [
                        {
                          "Node Type": "Hash Join",
                          "Parent Relationship": "Outer",
                          "Parallel Aware": true,
                          "Join Type": "Inner",
                          "Startup Cost": 34346.57,
                          "Total Cost": 80723.43,
                          "Plan Rows": 120216,
                          "Plan Width": 8,
                          "Actual Startup Time": 167.297,
                          "Actual Total Time": 388.995,
                          "Actual Rows": 69702,
                          "Actual Loops": 4,
                          "Inner Unique": false,
                          "Hash Cond": "(t.id = mc.movie_id)",
                          "Plans": [
                            {
                              "Node Type": "Seq Scan",
                              "Parent Relationship": "Outer",
                              "Parallel Aware": true,
                              "Relation Name": "title",
                              "Alias": "t",
                              "Startup Cost": 0.0,
                              "Total Cost": 43898.92,
                              "Plan Rows": 418032,
                              "Plan Width": 4,
                              "Actual Startup Time": 0.012,
                              "Actual Total Time": 92.154,
                              "Actual Rows": 418524,
                              "Actual Loops": 4,
                              "Filter": "(kind_id > 3)",
                              "Rows Removed by Filter": 213554
                            },
                            {
                              "Node Type": "Hash",
                              "Parent Relationship": "Inner",
                              "Parallel Aware": true,
                              "Startup Cost": 31414.82,
                              "Total Cost": 31414.82,
                              "Plan Rows": 234540,
                              "Plan Width": 4,
                              "Actual Startup Time": 164.338,
                              "Actual Total Time": 164.339,
                              "Actual Rows": 236810,
                              "Actual Loops": 4,
                              "Hash Buckets": 1048576,
                              "Original Hash Buckets": 1048576,
                              "Hash Batches": 1,
                              "Original Hash Batches": 1,
                              "Peak Memory Usage": 45280,
                              "Plans": [
                                {
                                  "Node Type": "Seq Scan",
                                  "Parent Relationship": "Outer",
                                  "Parallel Aware": true,
                                  "Relation Name": "movie_companies",
                                  "Alias": "mc",
                                  "Startup Cost": 0.0,
                                  "Total Cost": 31414.82,
                                  "Plan Rows": 234540,
                                  "Plan Width": 4,
                                  "Actual Startup Time": 49.859,
                                  "Actual Total Time": 91.937,
                                  "Actual Rows": 236810,
                                  "Actual Loops": 4,
                                  "Filter": "((company_id > 10000) AND (company_type_id = 2))",
                                  "Rows Removed by Filter": 415473
                                }
                              ]
                            }
                          ]
                        }
                      ]
                    }
                  ]
                }
              ]
            }
          ]
        }
      ]
    },
    "Planning Time": 1.457,
    "Triggers": [],
    "Execution Time": 669.275
  }
]