{
  "Plan": {
    "Node Type": "Aggregate",
    "Strategy": "Plain",
    "Partial Mode": "Finalize",
    "Parallel Aware": false,
    "Startup Cost": 248121.95,
    "Total Cost": 248121.96,
    "Plan Rows": 1,
    "Plan Width": 32,
    "Actual Startup Time": 2821.381,
    "Actual Total Time": 2823.549,
    "Actual Rows": 1,
    "Actual Loops": 1,
    "Plans": [
      {
        "Node Type": "Gather",
        "Parent Relationship": "Outer",
        "Parallel Aware": false,
        "Startup Cost": 248121.83,
        "Total Cost": 248121.94,
        "Plan Rows": 1,
        "Plan Width": 32,
        "Actual Startup Time": 2821.376,
        "Actual Total Time": 2823.545,
        "Actual Rows": 1,
        "Actual Loops": 1,
        "Workers Planned": 1,
        "Workers Launched": 0,
        "Single Copy": false,
        "Plans": [
          {
            "Node Type": "Aggregate",
            "Strategy": "Plain",
            "Partial Mode": "Partial",
            "Parent Relationship": "Outer",
            "Parallel Aware": false,
            "Startup Cost": 247121.83,
            "Total Cost": 247121.84,
            "Plan Rows": 1,
            "Plan Width": 32,
            "Actual Startup Time": 2820.605,
            "Actual Total Time": 2820.612,
            "Actual Rows": 1,
            "Actual Loops": 1,
            "Plans": [
              {
                "Node Type": "Hash Join",
                "Parent Relationship": "Outer",
                "Parallel Aware": false,
                "Join Type": "Inner",
                "Startup Cost": 246767.94,
                "Total Cost": 247111.33,
                "Plan Rows": 4200,
                "Plan Width": 17,
                "Actual Startup Time": 2804.363,
                "Actual Total Time": 2820.56,
                "Actual Rows": 665,
                "Actual Loops": 1,
                "Inner Unique": true,
                "Hash Cond": "(mc.company_type_id = ct.id)",
                "Plans": [
                  {
                    "Node Type": "Merge Join",
                    "Parent Relationship": "Outer",
                    "Parallel Aware": false,
                    "Join Type": "Inner",
                    "Startup Cost": 246766.87,
                    "Total Cost": 247019.44,
                    "Plan Rows": 16801,
                    "Plan Width": 21,
                    "Actual Startup Time": 2804.088,
                    "Actual Total Time": 2816.582,
                    "Actual Rows": 82619,
                    "Actual Loops": 1,
                    "Inner Unique": true,
                    "Merge Cond": "(mi.info_type_id = it.id)",
                    "Plans": [
                      {
                        "Node Type": "Sort",
                        "Parent Relationship": "Outer",
                        "Parallel Aware": false,
                        "Startup Cost": 246760.89,
                        "Total Cost": 246802.89,
                        "Plan Rows": 16801,
                        "Plan Width": 25,
                        "Actual Startup Time": 2804.022,
                        "Actual Total Time": 2807.477,
                        "Actual Rows": 82619,
                        "Actual Loops": 1,
                        "Sort Key": [
                          "mi.info_type_id"
                        ],
                        "Sort Method": "quicksort",
                        "Sort Space Used": 9636,
                        "Sort Space Type": "Memory",
                        "Plans": [
                          {
                            "Node Type": "Nested Loop",
                            "Parent Relationship": "Outer",
                            "Parallel Aware": false,
                            "Join Type": "Inner",
                            "Startup Cost": 43076.87,
                            "Total Cost": 245581.77,
                            "Plan Rows": 16801,
                            "Plan Width": 25,
                            "Actual Startup Time": 415.834,
                            "Actual Total Time": 2786.161,
                            "Actual Rows": 82619,
                            "Actual Loops": 1,
                            "Inner Unique": false,
                            "Plans": [
                              {
                                "Node Type": "Hash Join",
                                "Parent Relationship": "Outer",
                                "Parallel Aware": true,
                                "Join Type": "Inner",
                                "Startup Cost": 43076.44,
                                "Total Cost": 104093.39,
                                "Plan Rows": 65773,
                                "Plan Width": 29,
                                "Actual Startup Time": 415.791,
                                "Actual Total Time": 1101.841,
                                "Actual Rows": 94067,
                                "Actual Loops": 1,
                                "Inner Unique": false,
                                "Hash Cond": "(t.id = mc.movie_id)",
                                "Plans": [
                                  {
                                    "Node Type": "Seq Scan",
                                    "Parent Relationship": "Outer",
                                    "Parallel Aware": true,
                                    "Relation Name": "title",
                                    "Alias": "t",
                                    "Startup Cost": 0.0,
                                    "Total Cost": 54587.68,
                                    "Plan Rows": 966779,
                                    "Plan Width": 21,
                                    "Actual Startup Time": 0.006,
                                    "Actual Total Time": 276.604,
                                    "Actual Rows": 1643514,
                                    "Actual Loops": 1,
                                    "Filter": "(production_year > 1994)",
                                    "Rows Removed by Filter": 884798
                                  },
                                  {
                                    "Node Type": "Hash",
                                    "Parent Relationship": "Inner",
                                    "Parallel Aware": true,
                                    "Startup Cost": 41811.73,
                                    "Total Cost": 41811.73,
                                    "Plan Rows": 101177,
                                    "Plan Width": 8,
                                    "Actual Startup Time": 410.145,
                                    "Actual Total Time": 410.146,
                                    "Actual Rows": 295628,
                                    "Actual Loops": 1,
                                    "Hash Buckets": 524288,
                                    "Original Hash Buckets": 262144,
                                    "Hash Batches": 1,
                                    "Original Hash Batches": 1,
                                    "Peak Memory Usage": 17728,
                                    "Plans": [
                                      {
                                        "Node Type": "Seq Scan",
                                        "Parent Relationship": "Outer",
                                        "Parallel Aware": true,
                                        "Relation Name": "movie_companies",
                                        "Alias": "mc",
                                        "Startup Cost": 0.0,
                                        "Total Cost": 41811.73,
                                        "Plan Rows": 101177,
                                        "Plan Width": 8,
                                        "Actual Startup Time": 0.025,
                                        "Actual Total Time": 342.182,
                                        "Actual Rows": 295628,
                                        "Actual Loops": 1,
                                        "Filter": "((note !~~ '%(TV)%'::text) AND (note ~~ '%(USA)%'::text))",
                                        "Rows Removed by Filter": 2313501
                                      }
                                    ]
                                  }
                                ]
                              },
                              {
                                "Node Type": "Index Scan",
                                "Parent Relationship": "Inner",
                                "Parallel Aware": false,
                                "Scan Direction": "Forward",
                                "Index Name": "movie_id_movie_info",
                                "Relation Name": "movie_info",
                                "Alias": "mi",
                                "Startup Cost": 0.43,
                                "Total Cost": 2.13,
                                "Plan Rows": 2,
                                "Plan Width": 8,
                                "Actual Startup Time": 0.015,
                                "Actual Total Time": 0.018,
                                "Actual Rows": 1,
                                "Actual Loops": 94067,
                                "Index Cond": "(movie_id = t.id)",
                                "Rows Removed by Index Recheck": 0,
                                "Filter": "(info = ANY ('{USA,Bulgaria,Danish,Norwegian,Denish,America,German,Sweden,Germany,Norway}'::text[]))",
                                "Rows Removed by Filter": 38
                              }
                            ]
                          }
                        ]
                      },
                      {
                        "Node Type": "Sort",
                        "Parent Relationship": "Inner",
                        "Parallel Aware": false,
                        "Startup Cost": 5.98,
                        "Total Cost": 6.27,
                        "Plan Rows": 113,
                        "Plan Width": 4,
                        "Actual Startup Time": 0.052,
                        "Actual Total Time": 0.055,
                        "Actual Rows": 57,
                        "Actual Loops": 1,
                        "Sort Key": [
                          "it.id"
                        ],
                        "Sort Method": "quicksort",
                        "Sort Space Used": 30,
                        "Sort Space Type": "Memory",
                        "Plans": [
                          {
                            "Node Type": "Seq Scan",
                            "Parent Relationship": "Outer",
                            "Parallel Aware": false,
                            "Relation Name": "info_type",
                            "Alias": "it",
                            "Startup Cost": 0.0,
                            "Total Cost": 2.13,
                            "Plan Rows": 113,
                            "Plan Width": 4,
                            "Actual Startup Time": 0.02,
                            "Actual Total Time": 0.029,
                            "Actual Rows": 113,
                            "Actual Loops": 1
                          }
                        ]
                      }
                    ]
                  },
                  {
                    "Node Type": "Hash",
                    "Parent Relationship": "Inner",
                    "Parallel Aware": false,
                    "Startup Cost": 1.05,
                    "Total Cost": 1.05,
                    "Plan Rows": 1,
                    "Plan Width": 4,
                    "Actual Startup Time": 0.03,
                    "Actual Total Time": 0.03,
                    "Actual Rows": 1,
                    "Actual Loops": 1,
                    "Hash Buckets": 1024,
                    "Original Hash Buckets": 1024,
                    "Hash Batches": 1,
                    "Original Hash Batches": 1,
                    "Peak Memory Usage": 9,
                    "Plans": [
                      {
                        "Node Type": "Seq Scan",
                        "Parent Relationship": "Outer",
                        "Parallel Aware": false,
                        "Relation Name": "company_type",
                        "Alias": "ct",
                        "Startup Cost": 0.0,
                        "Total Cost": 1.05,
                        "Plan Rows": 1,
                        "Plan Width": 4,
                        "Actual Startup Time": 0.021,
                        "Actual Total Time": 0.024,
                        "Actual Rows": 1,
                        "Actual Loops": 1,
                        "Filter": "((kind)::text = 'production companies'::text)",
                        "Rows Removed by Filter": 3
                      }
                    ]
                  }
                ]
              }
            ]
          }
        ]
      }
    ]
  },
  "Planning Time": 1.814,
  "Triggers": [],
  "Execution Time": 2823.665
}