[
  {
    "Plan": {
      "Node Type": "Aggregate",
      "Strategy": "Plain",
      "Partial Mode": "Finalize",
      "Parallel Aware": false,
      "Startup Cost": 29344.45,
      "Total Cost": 29344.46,
      "Plan Rows": 1,
      "Plan Width": 8,
      "Actual Startup Time": 81.719,
      "Actual Total Time": 86.219,
      "Actual Rows": 1,
      "Actual Loops": 1,
      "Plans": [
        {
          "Node Type": "Gather",
          "Parent Relationship": "Outer",
          "Parallel Aware": false,
          "Startup Cost": 29344.13,
          "Total Cost": 29344.44,
          "Plan Rows": 3,
          "Plan Width": 8,
          "Actual Startup Time": 81.449,
          "Actual Total Time": 86.211,
          "Actual Rows": 4,
          "Actual Loops": 1,
          "Workers Planned": 3,
          "Workers Launched": 3,
          "Single Copy": false,
          "Plans": [
            {
              "Node Type": "Aggregate",
              "Strategy": "Plain",
              "Partial Mode": "Partial",
              "Parent Relationship": "Outer",
              "Parallel Aware": false,
              "Startup Cost": 28344.13,
              "Total Cost": 28344.14,
              "Plan Rows": 1,
              "Plan Width": 8,
              "Actual Startup Time": 73.996,
              "Actual Total Time": 73.997,
              "Actual Rows": 1,
              "Actual Loops": 4,
              "Plans": [
                {
                  "Node Type": "Bitmap Heap Scan",
                  "Parent Relationship": "Outer",
                  "Parallel Aware": true,
                  "Relation Name": "movie_companies",
                  "Alias": "mc",
                  "Startup Cost": 7683.27,
                  "Total Cost": 28198.17,
                  "Plan Rows": 58386,
                  "Plan Width": 0,
                  "Actual Startup Time": 30.525,
                  "Actual Total Time": 67.95,
                  "Actual Rows": 89636,
                  "Actual Loops": 4,
                  "Recheck Cond": "(company_id > 87222)",
                  "Rows Removed by Index Recheck": 0,
                  "Filter": "(company_type_id = 2)",
                  "Rows Removed by Filter": 0,
                  "Exact Heap Blocks": 2958,
                  "Lossy Heap Blocks": 0,
                  "Plans": [
                    {
                      "Node Type": "Bitmap Index Scan",
                      "Parent Relationship": "Outer",
                      "Parallel Aware": false,
                      "Index Name": "company_id_movie_companies",
                      "Startup Cost": 0.0,
                      "Total Cost": 7638.02,
                      "Plan Rows": 356479,
                      "Plan Width": 0,
                      "Actual Startup Time": 36.034,
                      "Actual Total Time": 36.035,
                      "Actual Rows": 358542,
                      "Actual Loops": 1,
                      "Index Cond": "(company_id > 87222)"
                    }
                  ]
                }
              ]
            }
          ]
        }
      ]
    },
    "Planning Time": 0.224,
    "Triggers": [],
    "Execution Time": 86.298
  }
]