[
  {
    "Plan": {
      "Node Type": "Aggregate",
      "Strategy": "Plain",
      "Partial Mode": "Finalize",
      "Parallel Aware": false,
      "Startup Cost": 46532.13,
      "Total Cost": 46532.14,
      "Plan Rows": 1,
      "Plan Width": 8,
      "Actual Startup Time": 205.313,
      "Actual Total Time": 213.253,
      "Actual Rows": 1,
      "Actual Loops": 1,
      "Plans": [
        {
          "Node Type": "Gather",
          "Parent Relationship": "Outer",
          "Parallel Aware": false,
          "Startup Cost": 46531.81,
          "Total Cost": 46532.12,
          "Plan Rows": 3,
          "Plan Width": 8,
          "Actual Startup Time": 205.156,
          "Actual Total Time": 213.244,
          "Actual Rows": 4,
          "Actual Loops": 1,
          "Workers Planned": 3,
          "Workers Launched": 3,
          "Single Copy": false,
          "Plans": [
            {
              "Node Type": "Aggregate",
              "Strategy": "Plain",
              "Partial Mode": "Partial",
              "Parent Relationship": "Outer",
              "Parallel Aware": false,
              "Startup Cost": 45531.81,
              "Total Cost": 45531.82,
              "Plan Rows": 1,
              "Plan Width": 8,
              "Actual Startup Time": 198.363,
              "Actual Total Time": 198.365,
              "Actual Rows": 1,
              "Actual Loops": 4,
              "Plans": [
                {
                  "Node Type": "Seq Scan",
                  "Parent Relationship": "Outer",
                  "Parallel Aware": true,
                  "Relation Name": "movie_keyword",
                  "Alias": "mk",
                  "Startup Cost": 0.0,
                  "Total Cost": 42695.65,
                  "Plan Rows": 1134464,
                  "Plan Width": 0,
                  "Actual Startup Time": 0.106,
                  "Actual Total Time": 148.751,
                  "Actual Rows": 878712,
                  "Actual Loops": 4,
                  "Filter": "(keyword_id > 975)",
                  "Rows Removed by Filter": 252271
                }
              ]
            }
          ]
        }
      ]
    },
    "Planning Time": 0.13,
    "Triggers": [],
    "Execution Time": 213.295
  }
]