{
  "Plan": {
    "Node Type": "Aggregate",
    "Strategy": "Plain",
    "Partial Mode": "Finalize",
    "Parallel Aware": false,
    "Startup Cost": 521133.65,
    "Total Cost": 521133.66,
    "Plan Rows": 1,
    "Plan Width": 8,
    "Actual Startup Time": 2468.533,
    "Actual Total Time": 2532.929,
    "Actual Rows": 1,
    "Actual Loops": 1,
    "Plans": [
      {
        "Node Type": "Gather",
        "Parent Relationship": "Outer",
        "Parallel Aware": false,
        "Startup Cost": 521133.54,
        "Total Cost": 521133.65,
        "Plan Rows": 1,
        "Plan Width": 8,
        "Actual Startup Time": 2467.929,
        "Actual Total Time": 2532.89,
        "Actual Rows": 2,
        "Actual Loops": 1,
        "Workers Planned": 1,
        "Workers Launched": 1,
        "Single Copy": false,
        "Plans": [
          {
            "Node Type": "Aggregate",
            "Strategy": "Plain",
            "Partial Mode": "Partial",
            "Parent Relationship": "Outer",
            "Parallel Aware": false,
            "Startup Cost": 520133.54,
            "Total Cost": 520133.55,
            "Plan Rows": 1,
            "Plan Width": 8,
            "Actual Startup Time": 2461.672,
            "Actual Total Time": 2461.675,
            "Actual Rows": 1,
            "Actual Loops": 2,
            "Plans": [
              {
                "Node Type": "Nested Loop",
                "Parent Relationship": "Outer",
                "Parallel Aware": false,
                "Join Type": "Inner",
                "Startup Cost": 45379.72,
                "Total Cost": 515028.14,
                "Plan Rows": 2042158,
                "Plan Width": 0,
                "Actual Startup Time": 281.561,
                "Actual Total Time": 2378.804,
                "Actual Rows": 1920524,
                "Actual Loops": 2,
                "Inner Unique": false,
                "Plans": [
                  {
                    "Node Type": "Hash Join",
                    "Parent Relationship": "Outer",
                    "Parallel Aware": true,
                    "Join Type": "Inner",
                    "Startup Cost": 45379.15,
                    "Total Cost": 105158.1,
                    "Plan Rows": 142519,
                    "Plan Width": 8,
                    "Actual Startup Time": 281.473,
                    "Actual Total Time": 450.106,
                    "Actual Rows": 66785,
                    "Actual Loops": 2,
                    "Inner Unique": false,
                    "Hash Cond": "(t.id = mc.movie_id)",
                    "Plans": [
                      {
                        "Node Type": "Seq Scan",
                        "Parent Relationship": "Outer",
                        "Parallel Aware": true,
                        "Relation Name": "title",
                        "Alias": "t",
                        "Startup Cost": 0.0,
                        "Total Cost": 54588.39,
                        "Plan Rows": 696353,
                        "Plan Width": 4,
                        "Actual Startup Time": 0.013,
                        "Actual Total Time": 148.522,
                        "Actual Rows": 597962,
                        "Actual Loops": 2,
                        "Filter": "(production_year < 2003)",
                        "Rows Removed by Filter": 666194
                      },
                      {
                        "Node Type": "Hash",
                        "Parent Relationship": "Inner",
                        "Parallel Aware": true,
                        "Startup Cost": 41574.35,
                        "Total Cost": 41574.35,
                        "Plan Rows": 304384,
                        "Plan Width": 4,
                        "Actual Startup Time": 141.269,
                        "Actual Total Time": 141.27,
                        "Actual Rows": 111143,
                        "Actual Loops": 2,
                        "Hash Buckets": 524288,
                        "Original Hash Buckets": 524288,
                        "Hash Batches": 1,
                        "Original Hash Batches": 1,
                        "Peak Memory Usage": 12832,
                        "Plans": [
                          {
                            "Node Type": "Index Scan",
                            "Parent Relationship": "Outer",
                            "Parallel Aware": true,
                            "Scan Direction": "Forward",
                            "Index Name": "company_type_id_movie_companies",
                            "Relation Name": "movie_companies",
                            "Alias": "mc",
                            "Startup Cost": 0.43,
                            "Total Cost": 41574.35,
                            "Plan Rows": 304384,
                            "Plan Width": 4,
                            "Actual Startup Time": 45.13,
                            "Actual Total Time": 112.901,
                            "Actual Rows": 111143,
                            "Actual Loops": 2,
                            "Index Cond": "(company_type_id < 2)",
                            "Rows Removed by Index Recheck": 0,
                            "Filter": "(company_id > 14715)",
                            "Rows Removed by Filter": 525980
                          }
                        ]
                      }
                    ]
                  },
                  {
                    "Node Type": "Index Only Scan",
                    "Parent Relationship": "Inner",
                    "Parallel Aware": false,
                    "Scan Direction": "Forward",
                    "Index Name": "movie_id_cast_info",
                    "Relation Name": "cast_info",
                    "Alias": "ci",
                    "Startup Cost": 0.56,
                    "Total Cost": 2.51,
                    "Plan Rows": 37,
                    "Plan Width": 4,
                    "Actual Startup Time": 0.005,
                    "Actual Total Time": 0.027,
                    "Actual Rows": 29,
                    "Actual Loops": 133570,
                    "Index Cond": "(movie_id = t.id)",
                    "Rows Removed by Index Recheck": 0,
                    "Heap Fetches": 3841049
                  }
                ]
              }
            ]
          }
        ]
      }
    ]
  },
  "Planning Time": 1.019,
  "Triggers": [],
  "Execution Time": 2533.033
}