[
  {
    "Plan": {
      "Node Type": "Aggregate",
      "Strategy": "Plain",
      "Partial Mode": "Finalize",
      "Parallel Aware": false,
      "Startup Cost": 44902.5,
      "Total Cost": 44902.51,
      "Plan Rows": 1,
      "Plan Width": 8,
      "Actual Startup Time": 87.531,
      "Actual Total Time": 98.824,
      "Actual Rows": 1,
      "Actual Loops": 1,
      "Plans": [
        {
          "Node Type": "Gather",
          "Parent Relationship": "Outer",
          "Parallel Aware": false,
          "Startup Cost": 44902.08,
          "Total Cost": 44902.49,
          "Plan Rows": 4,
          "Plan Width": 8,
          "Actual Startup Time": 87.295,
          "Actual Total Time": 98.817,
          "Actual Rows": 5,
          "Actual Loops": 1,
          "Workers Planned": 4,
          "Workers Launched": 4,
          "Single Copy": false,
          "Plans": [
            {
              "Node Type": "Aggregate",
              "Strategy": "Plain",
              "Partial Mode": "Partial",
              "Parent Relationship": "Outer",
              "Parallel Aware": false,
              "Startup Cost": 43902.08,
              "Total Cost": 43902.09,
              "Plan Rows": 1,
              "Plan Width": 8,
              "Actual Startup Time": 79.513,
              "Actual Total Time": 79.514,
              "Actual Rows": 1,
              "Actual Loops": 5,
              "Plans": [
                {
                  "Node Type": "Seq Scan",
                  "Parent Relationship": "Outer",
                  "Parallel Aware": true,
                  "Relation Name": "title",
                  "Alias": "t",
                  "Startup Cost": 0.0,
                  "Total Cost": 43898.92,
                  "Plan Rows": 1264,
                  "Plan Width": 0,
                  "Actual Startup Time": 0.374,
                  "Actual Total Time": 79.342,
                  "Actual Rows": 1367,
                  "Actual Loops": 5,
                  "Filter": "(production_year = 1953)",
                  "Rows Removed by Filter": 504296
                }
              ]
            }
          ]
        }
      ]
    },
    "Planning Time": 0.124,
    "Triggers": [],
    "Execution Time": 98.874
  }
]