[
  {
    "Plan": {
      "Node Type": "Aggregate",
      "Strategy": "Plain",
      "Partial Mode": "Finalize",
      "Parallel Aware": false,
      "Startup Cost": 387679.1,
      "Total Cost": 387679.11,
      "Plan Rows": 1,
      "Plan Width": 8,
      "Actual Startup Time": 1173.207,
      "Actual Total Time": 1243.121,
      "Actual Rows": 1,
      "Actual Loops": 1,
      "Plans": [
        {
          "Node Type": "Gather",
          "Parent Relationship": "Outer",
          "Parallel Aware": false,
          "Startup Cost": 387678.47,
          "Total Cost": 387679.08,
          "Plan Rows": 6,
          "Plan Width": 8,
          "Actual Startup Time": 1172.321,
          "Actual Total Time": 1243.099,
          "Actual Rows": 7,
          "Actual Loops": 1,
          "Workers Planned": 6,
          "Workers Launched": 6,
          "Single Copy": false,
          "Plans": [
            {
              "Node Type": "Aggregate",
              "Strategy": "Plain",
              "Partial Mode": "Partial",
              "Parent Relationship": "Outer",
              "Parallel Aware": false,
              "Startup Cost": 386678.47,
              "Total Cost": 386678.48,
              "Plan Rows": 1,
              "Plan Width": 8,
              "Actual Startup Time": 1161.808,
              "Actual Total Time": 1161.811,
              "Actual Rows": 1,
              "Actual Loops": 7,
              "Plans": [
                {
                  "Node Type": "Hash Join",
                  "Parent Relationship": "Outer",
                  "Parallel Aware": true,
                  "Join Type": "Inner",
                  "Startup Cost": 45760.76,
                  "Total Cost": 386259.62,
                  "Plan Rows": 167541,
                  "Plan Width": 0,
                  "Actual Startup Time": 158.421,
                  "Actual Total Time": 1154.497,
                  "Actual Rows": 144168,
                  "Actual Loops": 7,
                  "Inner Unique": true,
                  "Hash Cond": "(ci.movie_id = t.id)",
                  "Plans": [
                    {
                      "Node Type": "Seq Scan",
                      "Parent Relationship": "Outer",
                      "Parallel Aware": true,
                      "Relation Name": "cast_info",
                      "Alias": "ci",
                      "Startup Cost": 0.0,
                      "Total Cost": 328162.03,
                      "Plan Rows": 4699737,
                      "Plan Width": 4,
                      "Actual Startup Time": 78.506,
                      "Actual Total Time": 593.543,
                      "Actual Rows": 4008026,
                      "Actual Loops": 7,
                      "Filter": "(person_id > 800203)",
                      "Rows Removed by Filter": 1169738
                    },
                    {
                      "Node Type": "Hash",
                      "Parent Relationship": "Inner",
                      "Parallel Aware": true,
                      "Startup Cost": 45479.1,
                      "Total Cost": 45479.1,
                      "Plan Rows": 22533,
                      "Plan Width": 4,
                      "Actual Startup Time": 78.242,
                      "Actual Total Time": 78.243,
                      "Actual Rows": 11570,
                      "Actual Loops": 7,
                      "Hash Buckets": 131072,
                      "Original Hash Buckets": 131072,
                      "Hash Batches": 1,
                      "Original Hash Batches": 1,
                      "Peak Memory Usage": 4288,
                      "Plans": [
                        {
                          "Node Type": "Seq Scan",
                          "Parent Relationship": "Outer",
                          "Parallel Aware": true,
                          "Relation Name": "title",
                          "Alias": "t",
                          "Startup Cost": 0.0,
                          "Total Cost": 45479.1,
                          "Plan Rows": 22533,
                          "Plan Width": 4,
                          "Actual Startup Time": 0.137,
                          "Actual Total Time": 73.258,
                          "Actual Rows": 11570,
                          "Actual Loops": 7,
                          "Filter": "((kind_id < 7) AND (production_year > 2011))",
                          "Rows Removed by Filter": 349617
                        }
                      ]
                    }
                  ]
                }
              ]
            }
          ]
        }
      ]
    },
    "Planning Time": 0.628,
    "Triggers": [],
    "Execution Time": 1243.207
  }
]