[
  {
    "Plan": {
      "Node Type": "Aggregate",
      "Strategy": "Plain",
      "Partial Mode": "Finalize",
      "Parallel Aware": false,
      "Startup Cost": 18915.46,
      "Total Cost": 18915.47,
      "Plan Rows": 1,
      "Plan Width": 8,
      "Actual Startup Time": 34.221,
      "Actual Total Time": 39.536,
      "Actual Rows": 1,
      "Actual Loops": 1,
      "Plans": [
        {
          "Node Type": "Gather",
          "Parent Relationship": "Outer",
          "Parallel Aware": false,
          "Startup Cost": 18915.35,
          "Total Cost": 18915.46,
          "Plan Rows": 1,
          "Plan Width": 8,
          "Actual Startup Time": 34.069,
          "Actual Total Time": 39.529,
          "Actual Rows": 2,
          "Actual Loops": 1,
          "Workers Planned": 1,
          "Workers Launched": 1,
          "Single Copy": false,
          "Plans": [
            {
              "Node Type": "Aggregate",
              "Strategy": "Plain",
              "Partial Mode": "Partial",
              "Parent Relationship": "Outer",
              "Parallel Aware": false,
              "Startup Cost": 17915.35,
              "Total Cost": 17915.36,
              "Plan Rows": 1,
              "Plan Width": 8,
              "Actual Startup Time": 27.58,
              "Actual Total Time": 27.582,
              "Actual Rows": 1,
              "Actual Loops": 2,
              "Plans": [
                {
                  "Node Type": "Nested Loop",
                  "Parent Relationship": "Outer",
                  "Parallel Aware": false,
                  "Join Type": "Inner",
                  "Startup Cost": 73.84,
                  "Total Cost": 17911.02,
                  "Plan Rows": 1731,
                  "Plan Width": 0,
                  "Actual Startup Time": 3.558,
                  "Actual Total Time": 27.158,
                  "Actual Rows": 3482,
                  "Actual Loops": 2,
                  "Inner Unique": false,
                  "Plans": [
                    {
                      "Node Type": "Nested Loop",
                      "Parent Relationship": "Outer",
                      "Parallel Aware": false,
                      "Join Type": "Inner",
                      "Startup Cost": 73.41,
                      "Total Cost": 16197.93,
                      "Plan Rows": 968,
                      "Plan Width": 8,
                      "Actual Startup Time": 3.43,
                      "Actual Total Time": 16.594,
                      "Actual Rows": 996,
                      "Actual Loops": 2,
                      "Inner Unique": true,
                      "Plans": [
                        {
                          "Node Type": "Bitmap Heap Scan",
                          "Parent Relationship": "Outer",
                          "Parallel Aware": true,
                          "Relation Name": "movie_companies",
                          "Alias": "mc",
                          "Startup Cost": 72.98,
                          "Total Cost": 8427.95,
                          "Plan Rows": 968,
                          "Plan Width": 4,
                          "Actual Startup Time": 3.29,
                          "Actual Total Time": 5.987,
                          "Actual Rows": 996,
                          "Actual Loops": 2,
                          "Recheck Cond": "(company_id = 401)",
                          "Rows Removed by Index Recheck": 0,
                          "Filter": "(company_type_id > 1)",
                          "Rows Removed by Filter": 684,
                          "Exact Heap Blocks": 1487,
                          "Lossy Heap Blocks": 0,
                          "Plans": [
                            {
                              "Node Type": "Bitmap Index Scan",
                              "Parent Relationship": "Outer",
                              "Parallel Aware": false,
                              "Index Name": "company_id_movie_companies",
                              "Startup Cost": 0.0,
                              "Total Cost": 72.56,
                              "Plan Rows": 3218,
                              "Plan Width": 0,
                              "Actual Startup Time": 3.08,
                              "Actual Total Time": 3.081,
                              "Actual Rows": 3362,
                              "Actual Loops": 1,
                              "Index Cond": "(company_id = 401)"
                            }
                          ]
                        },
                        {
                          "Node Type": "Index Only Scan",
                          "Parent Relationship": "Inner",
                          "Parallel Aware": false,
                          "Scan Direction": "Forward",
                          "Index Name": "title_pkey",
                          "Relation Name": "title",
                          "Alias": "t",
                          "Startup Cost": 0.43,
                          "Total Cost": 8.03,
                          "Plan Rows": 1,
                          "Plan Width": 4,
                          "Actual Startup Time": 0.01,
                          "Actual Total Time": 0.01,
                          "Actual Rows": 1,
                          "Actual Loops": 1993,
                          "Index Cond": "(id = mc.movie_id)",
                          "Rows Removed by Index Recheck": 0,
                          "Heap Fetches": 1993
                        }
                      ]
                    },
                    {
                      "Node Type": "Index Only Scan",
                      "Parent Relationship": "Inner",
                      "Parallel Aware": false,
                      "Scan Direction": "Forward",
                      "Index Name": "movie_id_movie_keyword",
                      "Relation Name": "movie_keyword",
                      "Alias": "mk",
                      "Startup Cost": 0.43,
                      "Total Cost": 1.31,
                      "Plan Rows": 46,
                      "Plan Width": 4,
                      "Actual Startup Time": 0.008,
                      "Actual Total Time": 0.009,
                      "Actual Rows": 3,
                      "Actual Loops": 1993,
                      "Index Cond": "(movie_id = t.id)",
                      "Rows Removed by Index Recheck": 0,
                      "Heap Fetches": 6965
                    }
                  ]
                }
              ]
            }
          ]
        }
      ]
    },
    "Planning Time": 1.334,
    "Triggers": [],
    "Execution Time": 39.632
  }
]