[
  {
    "Plan": {
      "Node Type": "Aggregate",
      "Strategy": "Plain",
      "Partial Mode": "Finalize",
      "Parallel Aware": false,
      "Startup Cost": 77748.04,
      "Total Cost": 77748.05,
      "Plan Rows": 1,
      "Plan Width": 8,
      "Actual Startup Time": 180.719,
      "Actual Total Time": 196.683,
      "Actual Rows": 1,
      "Actual Loops": 1,
      "Plans": [
        {
          "Node Type": "Gather",
          "Parent Relationship": "Outer",
          "Parallel Aware": false,
          "Startup Cost": 77747.72,
          "Total Cost": 77748.03,
          "Plan Rows": 3,
          "Plan Width": 8,
          "Actual Startup Time": 180.071,
          "Actual Total Time": 196.666,
          "Actual Rows": 4,
          "Actual Loops": 1,
          "Workers Planned": 3,
          "Workers Launched": 3,
          "Single Copy": false,
          "Plans": [
            {
              "Node Type": "Aggregate",
              "Strategy": "Plain",
              "Partial Mode": "Partial",
              "Parent Relationship": "Outer",
              "Parallel Aware": false,
              "Startup Cost": 76747.72,
              "Total Cost": 76747.73,
              "Plan Rows": 1,
              "Plan Width": 8,
              "Actual Startup Time": 174.534,
              "Actual Total Time": 174.539,
              "Actual Rows": 1,
              "Actual Loops": 4,
              "Plans": [
                {
                  "Node Type": "Nested Loop",
                  "Parent Relationship": "Outer",
                  "Parallel Aware": false,
                  "Join Type": "Inner",
                  "Startup Cost": 50714.74,
                  "Total Cost": 76731.31,
                  "Plan Rows": 6563,
                  "Plan Width": 0,
                  "Actual Startup Time": 155.947,
                  "Actual Total Time": 174.518,
                  "Actual Rows": 100,
                  "Actual Loops": 4,
                  "Inner Unique": false,
                  "Join Filter": "(t.id = ci.movie_id)",
                  "Rows Removed by Join Filter": 0,
                  "Plans": [
                    {
                      "Node Type": "Hash Join",
                      "Parent Relationship": "Outer",
                      "Parallel Aware": true,
                      "Join Type": "Inner",
                      "Startup Cost": 50714.18,
                      "Total Cost": 70757.02,
                      "Plan Rows": 458,
                      "Plan Width": 8,
                      "Actual Startup Time": 155.833,
                      "Actual Total Time": 173.349,
                      "Actual Rows": 2,
                      "Actual Loops": 4,
                      "Inner Unique": true,
                      "Hash Cond": "(mc.movie_id = t.id)",
                      "Plans": [
                        {
                          "Node Type": "Bitmap Heap Scan",
                          "Parent Relationship": "Outer",
                          "Parallel Aware": true,
                          "Relation Name": "movie_companies",
                          "Alias": "mc",
                          "Startup Cost": 5138.44,
                          "Total Cost": 25082.54,
                          "Plan Rows": 37618,
                          "Plan Width": 4,
                          "Actual Startup Time": 14.633,
                          "Actual Total Time": 49.888,
                          "Actual Rows": 44569,
                          "Actual Loops": 4,
                          "Recheck Cond": "(company_id < 93)",
                          "Rows Removed by Index Recheck": 0,
                          "Filter": "(company_type_id < 2)",
                          "Rows Removed by Filter": 13598,
                          "Exact Heap Blocks": 5427,
                          "Lossy Heap Blocks": 0,
                          "Plans": [
                            {
                              "Node Type": "Bitmap Index Scan",
                              "Parent Relationship": "Outer",
                              "Parallel Aware": false,
                              "Index Name": "company_id_movie_companies",
                              "Startup Cost": 0.0,
                              "Total Cost": 5109.28,
                              "Plan Rows": 238514,
                              "Plan Width": 0,
                              "Actual Startup Time": 12.04,
                              "Actual Total Time": 12.04,
                              "Actual Rows": 232665,
                              "Actual Loops": 1,
                              "Index Cond": "(company_id < 93)"
                            }
                          ]
                        },
                        {
                          "Node Type": "Hash",
                          "Parent Relationship": "Inner",
                          "Parallel Aware": true,
                          "Startup Cost": 45479.59,
                          "Total Cost": 45479.59,
                          "Plan Rows": 7692,
                          "Plan Width": 4,
                          "Actual Startup Time": 113.949,
                          "Actual Total Time": 113.95,
                          "Actual Rows": 20411,
                          "Actual Loops": 4,
                          "Hash Buckets": 131072,
                          "Original Hash Buckets": 32768,
                          "Hash Batches": 1,
                          "Original Hash Batches": 1,
                          "Peak Memory Usage": 5056,
                          "Plans": [
                            {
                              "Node Type": "Seq Scan",
                              "Parent Relationship": "Outer",
                              "Parallel Aware": true,
                              "Relation Name": "title",
                              "Alias": "t",
                              "Startup Cost": 0.0,
                              "Total Cost": 45479.59,
                              "Plan Rows": 7692,
                              "Plan Width": 4,
                              "Actual Startup Time": 60.534,
                              "Actual Total Time": 101.662,
                              "Actual Rows": 20411,
                              "Actual Loops": 4,
                              "Filter": "((kind_id < 7) AND (production_year < 1919))",
                              "Rows Removed by Filter": 611667
                            }
                          ]
                        }
                      ]
                    },
                    {
                      "Node Type": "Index Only Scan",
                      "Parent Relationship": "Inner",
                      "Parallel Aware": false,
                      "Scan Direction": "Forward",
                      "Index Name": "movie_id_cast_info",
                      "Relation Name": "cast_info",
                      "Alias": "ci",
                      "Startup Cost": 0.56,
                      "Total Cost": 12.61,
                      "Plan Rows": 35,
                      "Plan Width": 4,
                      "Actual Startup Time": 0.066,
                      "Actual Total Time": 0.453,
                      "Actual Rows": 40,
                      "Actual Loops": 10,
                      "Index Cond": "(movie_id = mc.movie_id)",
                      "Rows Removed by Index Recheck": 0,
                      "Heap Fetches": 398
                    }
                  ]
                }
              ]
            }
          ]
        }
      ]
    },
    "Planning Time": 0.681,
    "Triggers": [],
    "Execution Time": 196.751
  }
]