[
  {
    "Plan": {
      "Node Type": "Aggregate",
      "Strategy": "Plain",
      "Partial Mode": "Finalize",
      "Parallel Aware": false,
      "Startup Cost": 349935.01,
      "Total Cost": 349935.02,
      "Plan Rows": 1,
      "Plan Width": 8,
      "Actual Startup Time": 743.848,
      "Actual Total Time": 790.392,
      "Actual Rows": 1,
      "Actual Loops": 1,
      "Plans": [
        {
          "Node Type": "Gather",
          "Parent Relationship": "Outer",
          "Parallel Aware": false,
          "Startup Cost": 349934.39,
          "Total Cost": 349934.99,
          "Plan Rows": 6,
          "Plan Width": 8,
          "Actual Startup Time": 743.554,
          "Actual Total Time": 790.384,
          "Actual Rows": 7,
          "Actual Loops": 1,
          "Workers Planned": 6,
          "Workers Launched": 6,
          "Single Copy": false,
          "Plans": [
            {
              "Node Type": "Aggregate",
              "Strategy": "Plain",
              "Partial Mode": "Partial",
              "Parent Relationship": "Outer",
              "Parallel Aware": false,
              "Startup Cost": 348934.39,
              "Total Cost": 348934.4,
              "Plan Rows": 1,
              "Plan Width": 8,
              "Actual Startup Time": 737.389,
              "Actual Total Time": 737.39,
              "Actual Rows": 1,
              "Actual Loops": 7,
              "Plans": [
                {
                  "Node Type": "Seq Scan",
                  "Parent Relationship": "Outer",
                  "Parallel Aware": true,
                  "Relation Name": "cast_info",
                  "Alias": "ci",
                  "Startup Cost": 0.0,
                  "Total Cost": 343316.27,
                  "Plan Rows": 2247246,
                  "Plan Width": 0,
                  "Actual Startup Time": 329.784,
                  "Actual Total Time": 643.489,
                  "Actual Rows": 2067459,
                  "Actual Loops": 7,
                  "Filter": "((person_id > 576882) AND (role_id > 2))",
                  "Rows Removed by Filter": 3110305
                }
              ]
            }
          ]
        }
      ]
    },
    "Planning Time": 0.099,
    "Triggers": [],
    "Execution Time": 790.432
  }
]