[
  {
    "Plan": {
      "Node Type": "Aggregate",
      "Strategy": "Plain",
      "Partial Mode": "Finalize",
      "Parallel Aware": false,
      "Startup Cost": 49604.31,
      "Total Cost": 49604.32,
      "Plan Rows": 1,
      "Plan Width": 8,
      "Actual Startup Time": 100.019,
      "Actual Total Time": 107.361,
      "Actual Rows": 1,
      "Actual Loops": 1,
      "Plans": [
        {
          "Node Type": "Gather",
          "Parent Relationship": "Outer",
          "Parallel Aware": false,
          "Startup Cost": 49603.89,
          "Total Cost": 49604.3,
          "Plan Rows": 4,
          "Plan Width": 8,
          "Actual Startup Time": 99.935,
          "Actual Total Time": 107.354,
          "Actual Rows": 5,
          "Actual Loops": 1,
          "Workers Planned": 4,
          "Workers Launched": 4,
          "Single Copy": false,
          "Plans": [
            {
              "Node Type": "Aggregate",
              "Strategy": "Plain",
              "Partial Mode": "Partial",
              "Parent Relationship": "Outer",
              "Parallel Aware": false,
              "Startup Cost": 48603.89,
              "Total Cost": 48603.9,
              "Plan Rows": 1,
              "Plan Width": 8,
              "Actual Startup Time": 91.353,
              "Actual Total Time": 91.354,
              "Actual Rows": 1,
              "Actual Loops": 5,
              "Plans": [
                {
                  "Node Type": "Index Scan",
                  "Parent Relationship": "Outer",
                  "Parallel Aware": true,
                  "Scan Direction": "Forward",
                  "Index Name": "role_id_cast_info",
                  "Relation Name": "cast_info",
                  "Alias": "ci",
                  "Startup Cost": 0.56,
                  "Total Cost": 47835.41,
                  "Plan Rows": 307393,
                  "Plan Width": 0,
                  "Actual Startup Time": 0.206,
                  "Actual Total Time": 79.354,
                  "Actual Rows": 247997,
                  "Actual Loops": 5,
                  "Index Cond": "(role_id = 8)",
                  "Rows Removed by Index Recheck": 0,
                  "Filter": "(person_id > 1011503)",
                  "Rows Removed by Filter": 92712
                }
              ]
            }
          ]
        }
      ]
    },
    "Planning Time": 0.241,
    "Triggers": [],
    "Execution Time": 107.424
  }
]