[
    {
        "Bao": {
            "Bao prediction": "NaN",
            "Bao recommended hint": "(no hint)"
        }
    },
    {
        "Plan": {
            "Node Type": "Aggregate",
            "Strategy": "Plain",
            "Partial Mode": "Finalize",
            "Parallel Aware": false,
            "Startup Cost": 345923.94,
            "Total Cost": 345923.95,
            "Plan Rows": 1,
            "Plan Width": 8,
            "Actual Startup Time": 674.337,
            "Actual Total Time": 709.097,
            "Actual Rows": 1,
            "Actual Loops": 1,
            "Output": [
                "count(*)"
            ],
            "Plans": [
                {
                    "Node Type": "Gather",
                    "Parent Relationship": "Outer",
                    "Parallel Aware": false,
                    "Startup Cost": 345923.32,
                    "Total Cost": 345923.93,
                    "Plan Rows": 6,
                    "Plan Width": 8,
                    "Actual Startup Time": 674.198,
                    "Actual Total Time": 709.086,
                    "Actual Rows": 7,
                    "Actual Loops": 1,
                    "Output": [
                        "(PARTIAL count(*))"
                    ],
                    "Workers Planned": 6,
                    "Workers Launched": 6,
                    "Single Copy": false,
                    "Plans": [
                        {
                            "Node Type": "Aggregate",
                            "Strategy": "Plain",
                            "Partial Mode": "Partial",
                            "Parent Relationship": "Outer",
                            "Parallel Aware": false,
                            "Startup Cost": 344923.32,
                            "Total Cost": 344923.33,
                            "Plan Rows": 1,
                            "Plan Width": 8,
                            "Actual Startup Time": 664.75,
                            "Actual Total Time": 664.751,
                            "Actual Rows": 1,
                            "Actual Loops": 7,
                            "Output": [
                                "PARTIAL count(*)"
                            ],
                            "Workers": [
                                {
                                    "Worker Number": 0,
                                    "Actual Startup Time": 662.735,
                                    "Actual Total Time": 662.736,
                                    "Actual Rows": 1,
                                    "Actual Loops": 1
                                },
                                {
                                    "Worker Number": 1,
                                    "Actual Startup Time": 662.91,
                                    "Actual Total Time": 662.911,
                                    "Actual Rows": 1,
                                    "Actual Loops": 1
                                },
                                {
                                    "Worker Number": 2,
                                    "Actual Startup Time": 662.828,
                                    "Actual Total Time": 662.83,
                                    "Actual Rows": 1,
                                    "Actual Loops": 1
                                },
                                {
                                    "Worker Number": 3,
                                    "Actual Startup Time": 663.593,
                                    "Actual Total Time": 663.595,
                                    "Actual Rows": 1,
                                    "Actual Loops": 1
                                },
                                {
                                    "Worker Number": 4,
                                    "Actual Startup Time": 663.289,
                                    "Actual Total Time": 663.29,
                                    "Actual Rows": 1,
                                    "Actual Loops": 1
                                },
                                {
                                    "Worker Number": 5,
                                    "Actual Startup Time": 664.045,
                                    "Actual Total Time": 664.046,
                                    "Actual Rows": 1,
                                    "Actual Loops": 1
                                }
                            ],
                            "Plans": [
                                {
                                    "Node Type": "Seq Scan",
                                    "Parent Relationship": "Outer",
                                    "Parallel Aware": true,
                                    "Relation Name": "cast_info",
                                    "Schema": "public",
                                    "Alias": "ci",
                                    "Startup Cost": 0.0,
                                    "Total Cost": 343318.94,
                                    "Plan Rows": 641751,
                                    "Plan Width": 0,
                                    "Actual Startup Time": 482.573,
                                    "Actual Total Time": 650.913,
                                    "Actual Rows": 246353,
                                    "Actual Loops": 7,
                                    "Output": [
                                        "id",
                                        "person_id",
                                        "movie_id",
                                        "person_role_id",
                                        "note",
                                        "nr_order",
                                        "role_id"
                                    ],
                                    "Filter": "((ci.person_id > 3259219) AND (ci.role_id < 10))",
                                    "Rows Removed by Filter": 4931410,
                                    "Workers": [
                                        {
                                            "Worker Number": 0,
                                            "Actual Startup Time": 480.561,
                                            "Actual Total Time": 648.829,
                                            "Actual Rows": 204964,
                                            "Actual Loops": 1
                                        },
                                        {
                                            "Worker Number": 1,
                                            "Actual Startup Time": 480.725,
                                            "Actual Total Time": 649.496,
                                            "Actual Rows": 199761,
                                            "Actual Loops": 1
                                        },
                                        {
                                            "Worker Number": 2,
                                            "Actual Startup Time": 480.659,
                                            "Actual Total Time": 649.485,
                                            "Actual Rows": 197505,
                                            "Actual Loops": 1
                                        },
                                        {
                                            "Worker Number": 3,
                                            "Actual Startup Time": 481.418,
                                            "Actual Total Time": 649.756,
                                            "Actual Rows": 333265,
                                            "Actual Loops": 1
                                        },
                                        {
                                            "Worker Number": 4,
                                            "Actual Startup Time": 481.114,
                                            "Actual Total Time": 649.831,
                                            "Actual Rows": 197225,
                                            "Actual Loops": 1
                                        },
                                        {
                                            "Worker Number": 5,
                                            "Actual Startup Time": 481.862,
                                            "Actual Total Time": 650.555,
                                            "Actual Rows": 199728,
                                            "Actual Loops": 1
                                        }
                                    ]
                                }
                            ]
                        }
                    ]
                }
            ]
        },
        "Planning Time": 194.592,
        "Triggers": [],
        "Execution Time": 709.151
    }
]