[
  {
    "Plan": {
      "Node Type": "Aggregate",
      "Strategy": "Plain",
      "Partial Mode": "Finalize",
      "Parallel Aware": false,
      "Startup Cost": 338042.67,
      "Total Cost": 338042.68,
      "Plan Rows": 1,
      "Plan Width": 8,
      "Actual Startup Time": 713.221,
      "Actual Total Time": 739.843,
      "Actual Rows": 1,
      "Actual Loops": 1,
      "Plans": [
        {
          "Node Type": "Gather",
          "Parent Relationship": "Outer",
          "Parallel Aware": false,
          "Startup Cost": 338042.04,
          "Total Cost": 338042.65,
          "Plan Rows": 6,
          "Plan Width": 8,
          "Actual Startup Time": 713.137,
          "Actual Total Time": 739.837,
          "Actual Rows": 7,
          "Actual Loops": 1,
          "Workers Planned": 6,
          "Workers Launched": 6,
          "Single Copy": false,
          "Plans": [
            {
              "Node Type": "Aggregate",
              "Strategy": "Plain",
              "Partial Mode": "Partial",
              "Parent Relationship": "Outer",
              "Parallel Aware": false,
              "Startup Cost": 337042.04,
              "Total Cost": 337042.05,
              "Plan Rows": 1,
              "Plan Width": 8,
              "Actual Startup Time": 707.54,
              "Actual Total Time": 707.541,
              "Actual Rows": 1,
              "Actual Loops": 7,
              "Plans": [
                {
                  "Node Type": "Seq Scan",
                  "Parent Relationship": "Outer",
                  "Parallel Aware": true,
                  "Relation Name": "cast_info",
                  "Alias": "ci",
                  "Startup Cost": 0.0,
                  "Total Cost": 328213.62,
                  "Plan Rows": 3531370,
                  "Plan Width": 0,
                  "Actual Startup Time": 0.033,
                  "Actual Total Time": 565.183,
                  "Actual Rows": 3013305,
                  "Actual Loops": 7,
                  "Filter": "(person_id < 2129657)",
                  "Rows Removed by Filter": 2164459
                }
              ]
            }
          ]
        }
      ]
    },
    "Planning Time": 0.138,
    "Triggers": [],
    "Execution Time": 739.884
  }
]