[
  {
    "Plan": {
      "Node Type": "Aggregate",
      "Strategy": "Plain",
      "Partial Mode": "Finalize",
      "Parallel Aware": false,
      "Startup Cost": 90322.96,
      "Total Cost": 90322.97,
      "Plan Rows": 1,
      "Plan Width": 8,
      "Actual Startup Time": 228.681,
      "Actual Total Time": 248.691,
      "Actual Rows": 1,
      "Actual Loops": 1,
      "Plans": [
        {
          "Node Type": "Gather",
          "Parent Relationship": "Outer",
          "Parallel Aware": false,
          "Startup Cost": 90322.64,
          "Total Cost": 90322.95,
          "Plan Rows": 3,
          "Plan Width": 8,
          "Actual Startup Time": 227.766,
          "Actual Total Time": 248.683,
          "Actual Rows": 4,
          "Actual Loops": 1,
          "Workers Planned": 3,
          "Workers Launched": 3,
          "Single Copy": false,
          "Plans": [
            {
              "Node Type": "Aggregate",
              "Strategy": "Plain",
              "Partial Mode": "Partial",
              "Parent Relationship": "Outer",
              "Parallel Aware": false,
              "Startup Cost": 89322.64,
              "Total Cost": 89322.65,
              "Plan Rows": 1,
              "Plan Width": 8,
              "Actual Startup Time": 221.859,
              "Actual Total Time": 221.862,
              "Actual Rows": 1,
              "Actual Loops": 4,
              "Plans": [
                {
                  "Node Type": "Hash Join",
                  "Parent Relationship": "Outer",
                  "Parallel Aware": true,
                  "Join Type": "Inner",
                  "Startup Cost": 45916.64,
                  "Total Cost": 89287.09,
                  "Plan Rows": 14219,
                  "Plan Width": 0,
                  "Actual Startup Time": 109.349,
                  "Actual Total Time": 221.747,
                  "Actual Rows": 2125,
                  "Actual Loops": 4,
                  "Inner Unique": true,
                  "Hash Cond": "(mk.movie_id = t.id)",
                  "Plans": [
                    {
                      "Node Type": "Seq Scan",
                      "Parent Relationship": "Outer",
                      "Parallel Aware": true,
                      "Relation Name": "movie_keyword",
                      "Alias": "mk",
                      "Startup Cost": 0.0,
                      "Total Cost": 42695.65,
                      "Plan Rows": 257068,
                      "Plan Width": 4,
                      "Actual Startup Time": 1.826,
                      "Actual Total Time": 91.754,
                      "Actual Rows": 198277,
                      "Actual Loops": 4,
                      "Filter": "(keyword_id > 23544)",
                      "Rows Removed by Filter": 932706
                    },
                    {
                      "Node Type": "Hash",
                      "Parent Relationship": "Inner",
                      "Parallel Aware": true,
                      "Startup Cost": 45479.59,
                      "Total Cost": 45479.59,
                      "Plan Rows": 34964,
                      "Plan Width": 4,
                      "Actual Startup Time": 105.567,
                      "Actual Total Time": 105.568,
                      "Actual Rows": 37665,
                      "Actual Loops": 4,
                      "Hash Buckets": 262144,
                      "Original Hash Buckets": 262144,
                      "Hash Batches": 1,
                      "Original Hash Batches": 1,
                      "Peak Memory Usage": 8000,
                      "Plans": [
                        {
                          "Node Type": "Seq Scan",
                          "Parent Relationship": "Outer",
                          "Parallel Aware": true,
                          "Relation Name": "title",
                          "Alias": "t",
                          "Startup Cost": 0.0,
                          "Total Cost": 45479.59,
                          "Plan Rows": 34964,
                          "Plan Width": 4,
                          "Actual Startup Time": 0.032,
                          "Actual Total Time": 92.732,
                          "Actual Rows": 37665,
                          "Actual Loops": 4,
                          "Filter": "((production_year > 2011) AND (kind_id = 7))",
                          "Rows Removed by Filter": 594413
                        }
                      ]
                    }
                  ]
                }
              ]
            }
          ]
        }
      ]
    },
    "Planning Time": 0.355,
    "Triggers": [],
    "Execution Time": 248.735
  }
]