[
  {
    "Plan": {
      "Node Type": "Aggregate",
      "Strategy": "Plain",
      "Partial Mode": "Finalize",
      "Parallel Aware": false,
      "Startup Cost": 47002.92,
      "Total Cost": 47002.93,
      "Plan Rows": 1,
      "Plan Width": 8,
      "Actual Startup Time": 149.903,
      "Actual Total Time": 157.165,
      "Actual Rows": 1,
      "Actual Loops": 1,
      "Plans": [
        {
          "Node Type": "Gather",
          "Parent Relationship": "Outer",
          "Parallel Aware": false,
          "Startup Cost": 47002.6,
          "Total Cost": 47002.91,
          "Plan Rows": 3,
          "Plan Width": 8,
          "Actual Startup Time": 149.817,
          "Actual Total Time": 157.159,
          "Actual Rows": 4,
          "Actual Loops": 1,
          "Workers Planned": 3,
          "Workers Launched": 3,
          "Single Copy": false,
          "Plans": [
            {
              "Node Type": "Aggregate",
              "Strategy": "Plain",
              "Partial Mode": "Partial",
              "Parent Relationship": "Outer",
              "Parallel Aware": false,
              "Startup Cost": 46002.6,
              "Total Cost": 46002.61,
              "Plan Rows": 1,
              "Plan Width": 8,
              "Actual Startup Time": 147.148,
              "Actual Total Time": 147.148,
              "Actual Rows": 1,
              "Actual Loops": 4,
              "Plans": [
                {
                  "Node Type": "Seq Scan",
                  "Parent Relationship": "Outer",
                  "Parallel Aware": true,
                  "Relation Name": "movie_keyword",
                  "Alias": "mk",
                  "Startup Cost": 0.0,
                  "Total Cost": 42695.65,
                  "Plan Rows": 1322778,
                  "Plan Width": 0,
                  "Actual Startup Time": 0.015,
                  "Actual Total Time": 104.44,
                  "Actual Rows": 1027707,
                  "Actual Loops": 4,
                  "Filter": "(keyword_id < 42020)",
                  "Rows Removed by Filter": 103276
                }
              ]
            }
          ]
        }
      ]
    },
    "Planning Time": 0.08,
    "Triggers": [],
    "Execution Time": 157.191
  }
]