[
  {
    "Plan": {
      "Node Type": "Aggregate",
      "Strategy": "Plain",
      "Partial Mode": "Finalize",
      "Parallel Aware": false,
      "Startup Cost": 39764.87,
      "Total Cost": 39764.88,
      "Plan Rows": 1,
      "Plan Width": 8,
      "Actual Startup Time": 144.654,
      "Actual Total Time": 153.769,
      "Actual Rows": 1,
      "Actual Loops": 1,
      "Plans": [
        {
          "Node Type": "Gather",
          "Parent Relationship": "Outer",
          "Parallel Aware": false,
          "Startup Cost": 39764.56,
          "Total Cost": 39764.87,
          "Plan Rows": 3,
          "Plan Width": 8,
          "Actual Startup Time": 144.335,
          "Actual Total Time": 153.757,
          "Actual Rows": 4,
          "Actual Loops": 1,
          "Workers Planned": 3,
          "Workers Launched": 3,
          "Single Copy": false,
          "Plans": [
            {
              "Node Type": "Aggregate",
              "Strategy": "Plain",
              "Partial Mode": "Partial",
              "Parent Relationship": "Outer",
              "Parallel Aware": false,
              "Startup Cost": 38764.56,
              "Total Cost": 38764.57,
              "Plan Rows": 1,
              "Plan Width": 8,
              "Actual Startup Time": 137.148,
              "Actual Total Time": 137.15,
              "Actual Rows": 1,
              "Actual Loops": 4,
              "Plans": [
                {
                  "Node Type": "Bitmap Heap Scan",
                  "Parent Relationship": "Outer",
                  "Parallel Aware": true,
                  "Relation Name": "movie_keyword",
                  "Alias": "mk",
                  "Startup Cost": 11652.98,
                  "Total Cost": 38321.63,
                  "Plan Rows": 177172,
                  "Plan Width": 0,
                  "Actual Startup Time": 50.667,
                  "Actual Total Time": 128.44,
                  "Actual Rows": 137386,
                  "Actual Loops": 4,
                  "Recheck Cond": "(keyword_id > 33526)",
                  "Rows Removed by Index Recheck": 0,
                  "Exact Heap Blocks": 7297,
                  "Lossy Heap Blocks": 0,
                  "Plans": [
                    {
                      "Node Type": "Bitmap Index Scan",
                      "Parent Relationship": "Outer",
                      "Parallel Aware": false,
                      "Index Name": "keyword_id_movie_keyword",
                      "Startup Cost": 0.0,
                      "Total Cost": 11515.67,
                      "Plan Rows": 549232,
                      "Plan Width": 0,
                      "Actual Startup Time": 51.733,
                      "Actual Total Time": 51.733,
                      "Actual Rows": 549545,
                      "Actual Loops": 1,
                      "Index Cond": "(keyword_id > 33526)"
                    }
                  ]
                }
              ]
            }
          ]
        }
      ]
    },
    "Planning Time": 0.138,
    "Triggers": [],
    "Execution Time": 153.826
  }
]