{
  "Plan": {
    "Node Type": "Aggregate",
    "Strategy": "Plain",
    "Partial Mode": "Finalize",
    "Parallel Aware": false,
    "Startup Cost": 138977.12,
    "Total Cost": 138977.13,
    "Plan Rows": 1,
    "Plan Width": 8,
    "Actual Startup Time": 1019.75,
    "Actual Total Time": 1038.057,
    "Actual Rows": 1,
    "Actual Loops": 1,
    "Plans": [
      {
        "Node Type": "Gather",
        "Parent Relationship": "Outer",
        "Parallel Aware": false,
        "Startup Cost": 138977.01,
        "Total Cost": 138977.12,
        "Plan Rows": 1,
        "Plan Width": 8,
        "Actual Startup Time": 1015.321,
        "Actual Total Time": 1038.051,
        "Actual Rows": 2,
        "Actual Loops": 1,
        "Workers Planned": 1,
        "Workers Launched": 1,
        "Single Copy": false,
        "Plans": [
          {
            "Node Type": "Aggregate",
            "Strategy": "Plain",
            "Partial Mode": "Partial",
            "Parent Relationship": "Outer",
            "Parallel Aware": false,
            "Startup Cost": 137977.01,
            "Total Cost": 137977.02,
            "Plan Rows": 1,
            "Plan Width": 8,
            "Actual Startup Time": 1003.051,
            "Actual Total Time": 1003.054,
            "Actual Rows": 1,
            "Actual Loops": 2,
            "Plans": [
              {
                "Node Type": "Hash Join",
                "Parent Relationship": "Outer",
                "Parallel Aware": true,
                "Join Type": "Inner",
                "Startup Cost": 71530.49,
                "Total Cost": 133921.39,
                "Plan Rows": 1622247,
                "Plan Width": 0,
                "Actual Startup Time": 528.152,
                "Actual Total Time": 951.271,
                "Actual Rows": 1335847,
                "Actual Loops": 2,
                "Inner Unique": true,
                "Hash Cond": "(mk.movie_id = t.id)",
                "Plans": [
                  {
                    "Node Type": "Seq Scan",
                    "Parent Relationship": "Outer",
                    "Parallel Aware": true,
                    "Relation Name": "movie_keyword",
                    "Alias": "mk",
                    "Startup Cost": 0.0,
                    "Total Cost": 57718.19,
                    "Plan Rows": 1780075,
                    "Plan Width": 4,
                    "Actual Startup Time": 0.014,
                    "Actual Total Time": 190.518,
                    "Actual Rows": 1507984,
                    "Actual Loops": 2,
                    "Filter": "(keyword_id < 10746)",
                    "Rows Removed by Filter": 753982
                  },
                  {
                    "Node Type": "Hash",
                    "Parent Relationship": "Inner",
                    "Parallel Aware": true,
                    "Startup Cost": 54588.39,
                    "Total Cost": 54588.39,
                    "Plan Rows": 1355368,
                    "Plan Width": 4,
                    "Actual Startup Time": 506.23,
                    "Actual Total Time": 506.231,
                    "Actual Rows": 1149360,
                    "Actual Loops": 2,
                    "Hash Buckets": 4194304,
                    "Original Hash Buckets": 4194304,
                    "Hash Batches": 1,
                    "Original Hash Batches": 1,
                    "Peak Memory Usage": 122720,
                    "Plans": [
                      {
                        "Node Type": "Seq Scan",
                        "Parent Relationship": "Outer",
                        "Parallel Aware": true,
                        "Relation Name": "title",
                        "Alias": "t",
                        "Startup Cost": 0.0,
                        "Total Cost": 54588.39,
                        "Plan Rows": 1355368,
                        "Plan Width": 4,
                        "Actual Startup Time": 0.027,
                        "Actual Total Time": 179.454,
                        "Actual Rows": 1149360,
                        "Actual Loops": 2,
                        "Filter": "(production_year > 1947)",
                        "Rows Removed by Filter": 114796
                      }
                    ]
                  }
                ]
              }
            ]
          }
        ]
      }
    ]
  },
  "Planning Time": 0.649,
  "Triggers": [],
  "Execution Time": 1038.123
}