[
  {
    "Plan": {
      "Node Type": "Aggregate",
      "Strategy": "Plain",
      "Partial Mode": "Finalize",
      "Parallel Aware": false,
      "Startup Cost": 140922.68,
      "Total Cost": 140922.69,
      "Plan Rows": 1,
      "Plan Width": 8,
      "Actual Startup Time": 679.97,
      "Actual Total Time": 706.638,
      "Actual Rows": 1,
      "Actual Loops": 1,
      "Plans": [
        {
          "Node Type": "Gather",
          "Parent Relationship": "Outer",
          "Parallel Aware": false,
          "Startup Cost": 140922.46,
          "Total Cost": 140922.67,
          "Plan Rows": 2,
          "Plan Width": 8,
          "Actual Startup Time": 672.458,
          "Actual Total Time": 706.629,
          "Actual Rows": 3,
          "Actual Loops": 1,
          "Workers Planned": 2,
          "Workers Launched": 2,
          "Single Copy": false,
          "Plans": [
            {
              "Node Type": "Aggregate",
              "Strategy": "Plain",
              "Partial Mode": "Partial",
              "Parent Relationship": "Outer",
              "Parallel Aware": false,
              "Startup Cost": 139922.46,
              "Total Cost": 139922.47,
              "Plan Rows": 1,
              "Plan Width": 8,
              "Actual Startup Time": 669.465,
              "Actual Total Time": 669.992,
              "Actual Rows": 1,
              "Actual Loops": 3,
              "Plans": [
                {
                  "Node Type": "Hash Join",
                  "Parent Relationship": "Outer",
                  "Parallel Aware": true,
                  "Join Type": "Inner",
                  "Startup Cost": 123916.85,
                  "Total Cost": 139831.26,
                  "Plan Rows": 36481,
                  "Plan Width": 0,
                  "Actual Startup Time": 575.856,
                  "Actual Total Time": 667.432,
                  "Actual Rows": 60495,
                  "Actual Loops": 3,
                  "Inner Unique": false,
                  "Hash Cond": "(mi_idx.movie_id = t.id)",
                  "Plans": [
                    {
                      "Node Type": "Seq Scan",
                      "Parent Relationship": "Outer",
                      "Parallel Aware": true,
                      "Relation Name": "movie_info_idx",
                      "Alias": "mi_idx",
                      "Startup Cost": 0.0,
                      "Total Cost": 13685.15,
                      "Plan Rows": 575015,
                      "Plan Width": 4,
                      "Actual Startup Time": 0.017,
                      "Actual Total Time": 38.087,
                      "Actual Rows": 460012,
                      "Actual Loops": 3
                    },
                    {
                      "Node Type": "Hash",
                      "Parent Relationship": "Inner",
                      "Parallel Aware": true,
                      "Startup Cost": 123515.82,
                      "Total Cost": 123515.82,
                      "Plan Rows": 32082,
                      "Plan Width": 8,
                      "Actual Startup Time": 574.369,
                      "Actual Total Time": 574.894,
                      "Actual Rows": 60710,
                      "Actual Loops": 3,
                      "Hash Buckets": 262144,
                      "Original Hash Buckets": 262144,
                      "Hash Batches": 1,
                      "Original Hash Batches": 1,
                      "Peak Memory Usage": 9216,
                      "Plans": [
                        {
                          "Node Type": "Hash Join",
                          "Parent Relationship": "Outer",
                          "Parallel Aware": true,
                          "Join Type": "Inner",
                          "Startup Cost": 50469.88,
                          "Total Cost": 123515.82,
                          "Plan Rows": 32082,
                          "Plan Width": 8,
                          "Actual Startup Time": 353.805,
                          "Actual Total Time": 557.385,
                          "Actual Rows": 60710,
                          "Actual Loops": 3,
                          "Inner Unique": true,
                          "Hash Cond": "(ci.movie_id = t.id)",
                          "Plans": [
                            {
                              "Node Type": "Index Scan",
                              "Parent Relationship": "Outer",
                              "Parallel Aware": true,
                              "Scan Direction": "Forward",
                              "Index Name": "role_id_cast_info",
                              "Relation Name": "cast_info",
                              "Alias": "ci",
                              "Startup Cost": 0.56,
                              "Total Cost": 72913.16,
                              "Plan Rows": 50803,
                              "Plan Width": 4,
                              "Actual Startup Time": 0.224,
                              "Actual Total Time": 155.932,
                              "Actual Rows": 84654,
                              "Actual Loops": 3,
                              "Index Cond": "(role_id = 4)",
                              "Rows Removed by Index Recheck": 0,
                              "Filter": "(person_id < 342489)",
                              "Rows Removed by Filter": 824994
                            },
                            {
                              "Node Type": "Hash",
                              "Parent Relationship": "Inner",
                              "Parallel Aware": true,
                              "Startup Cost": 45479.59,
                              "Total Cost": 45479.59,
                              "Plan Rows": 399178,
                              "Plan Width": 4,
                              "Actual Startup Time": 347.994,
                              "Actual Total Time": 347.996,
                              "Actual Rows": 566708,
                              "Actual Loops": 3,
                              "Hash Buckets": 2097152,
                              "Original Hash Buckets": 2097152,
                              "Hash Batches": 1,
                              "Original Hash Batches": 1,
                              "Peak Memory Usage": 82944,
                              "Plans": [
                                {
                                  "Node Type": "Seq Scan",
                                  "Parent Relationship": "Outer",
                                  "Parallel Aware": true,
                                  "Relation Name": "title",
                                  "Alias": "t",
                                  "Startup Cost": 0.0,
                                  "Total Cost": 45479.59,
                                  "Plan Rows": 399178,
                                  "Plan Width": 4,
                                  "Actual Startup Time": 0.033,
                                  "Actual Total Time": 141.966,
                                  "Actual Rows": 566708,
                                  "Actual Loops": 3,
                                  "Filter": "((kind_id > 1) AND (production_year > 1965))",
                                  "Rows Removed by Filter": 276062
                                }
                              ]
                            }
                          ]
                        }
                      ]
                    }
                  ]
                }
              ]
            }
          ]
        }
      ]
    },
    "Planning Time": 0.52,
    "Triggers": [],
    "Execution Time": 706.691
  }
]