[
  {
    "Plan": {
      "Node Type": "Aggregate",
      "Strategy": "Plain",
      "Partial Mode": "Finalize",
      "Parallel Aware": false,
      "Startup Cost": 94564.96,
      "Total Cost": 94564.97,
      "Plan Rows": 1,
      "Plan Width": 8,
      "Actual Startup Time": 231.638,
      "Actual Total Time": 246.378,
      "Actual Rows": 1,
      "Actual Loops": 1,
      "Plans": [
        {
          "Node Type": "Gather",
          "Parent Relationship": "Outer",
          "Parallel Aware": false,
          "Startup Cost": 94564.54,
          "Total Cost": 94564.95,
          "Plan Rows": 4,
          "Plan Width": 8,
          "Actual Startup Time": 228.467,
          "Actual Total Time": 246.364,
          "Actual Rows": 5,
          "Actual Loops": 1,
          "Workers Planned": 4,
          "Workers Launched": 4,
          "Single Copy": false,
          "Plans": [
            {
              "Node Type": "Aggregate",
              "Strategy": "Plain",
              "Partial Mode": "Partial",
              "Parent Relationship": "Outer",
              "Parallel Aware": false,
              "Startup Cost": 93564.54,
              "Total Cost": 93564.55,
              "Plan Rows": 1,
              "Plan Width": 8,
              "Actual Startup Time": 218.842,
              "Actual Total Time": 218.845,
              "Actual Rows": 1,
              "Actual Loops": 5,
              "Plans": [
                {
                  "Node Type": "Hash Join",
                  "Parent Relationship": "Outer",
                  "Parallel Aware": true,
                  "Join Type": "Inner",
                  "Startup Cost": 45102.41,
                  "Total Cost": 93485.1,
                  "Plan Rows": 31776,
                  "Plan Width": 0,
                  "Actual Startup Time": 118.89,
                  "Actual Total Time": 217.293,
                  "Actual Rows": 33612,
                  "Actual Loops": 5,
                  "Inner Unique": true,
                  "Hash Cond": "(ci.movie_id = t.id)",
                  "Plans": [
                    {
                      "Node Type": "Index Scan",
                      "Parent Relationship": "Outer",
                      "Parallel Aware": true,
                      "Scan Direction": "Forward",
                      "Index Name": "role_id_cast_info",
                      "Relation Name": "cast_info",
                      "Alias": "ci",
                      "Startup Cost": 0.56,
                      "Total Cost": 47835.41,
                      "Plan Rows": 208705,
                      "Plan Width": 4,
                      "Actual Startup Time": 0.294,
                      "Actual Total Time": 57.723,
                      "Actual Rows": 158409,
                      "Actual Loops": 5,
                      "Index Cond": "(role_id = 8)",
                      "Rows Removed by Index Recheck": 0,
                      "Filter": "(person_id < 1752359)",
                      "Rows Removed by Filter": 182299
                    },
                    {
                      "Node Type": "Hash",
                      "Parent Relationship": "Inner",
                      "Parallel Aware": true,
                      "Startup Cost": 43898.92,
                      "Total Cost": 43898.92,
                      "Plan Rows": 96234,
                      "Plan Width": 4,
                      "Actual Startup Time": 115.86,
                      "Actual Total Time": 115.862,
                      "Actual Rows": 79174,
                      "Actual Loops": 5,
                      "Hash Buckets": 524288,
                      "Original Hash Buckets": 524288,
                      "Hash Batches": 1,
                      "Original Hash Batches": 1,
                      "Peak Memory Usage": 19648,
                      "Plans": [
                        {
                          "Node Type": "Seq Scan",
                          "Parent Relationship": "Outer",
                          "Parallel Aware": true,
                          "Relation Name": "title",
                          "Alias": "t",
                          "Startup Cost": 0.0,
                          "Total Cost": 43898.92,
                          "Plan Rows": 96234,
                          "Plan Width": 4,
                          "Actual Startup Time": 0.052,
                          "Actual Total Time": 87.776,
                          "Actual Rows": 79174,
                          "Actual Loops": 5,
                          "Filter": "(production_year < 1972)",
                          "Rows Removed by Filter": 426488
                        }
                      ]
                    }
                  ]
                }
              ]
            }
          ]
        }
      ]
    },
    "Planning Time": 0.668,
    "Triggers": [],
    "Execution Time": 246.46
  }
]