{
  "Plan": {
    "Node Type": "Aggregate",
    "Strategy": "Plain",
    "Partial Mode": "Finalize",
    "Parallel Aware": false,
    "Startup Cost": 104693.54,
    "Total Cost": 104693.55,
    "Plan Rows": 1,
    "Plan Width": 8,
    "Actual Startup Time": 415.344,
    "Actual Total Time": 427.52,
    "Actual Rows": 1,
    "Actual Loops": 1,
    "Plans": [
      {
        "Node Type": "Gather",
        "Parent Relationship": "Outer",
        "Parallel Aware": false,
        "Startup Cost": 104693.43,
        "Total Cost": 104693.54,
        "Plan Rows": 1,
        "Plan Width": 8,
        "Actual Startup Time": 414.598,
        "Actual Total Time": 427.51,
        "Actual Rows": 2,
        "Actual Loops": 1,
        "Workers Planned": 1,
        "Workers Launched": 1,
        "Single Copy": false,
        "Plans": [
          {
            "Node Type": "Aggregate",
            "Strategy": "Plain",
            "Partial Mode": "Partial",
            "Parent Relationship": "Outer",
            "Parallel Aware": false,
            "Startup Cost": 103693.43,
            "Total Cost": 103693.44,
            "Plan Rows": 1,
            "Plan Width": 8,
            "Actual Startup Time": 412.077,
            "Actual Total Time": 412.08,
            "Actual Rows": 1,
            "Actual Loops": 2,
            "Plans": [
              {
                "Node Type": "Hash Join",
                "Parent Relationship": "Outer",
                "Parallel Aware": true,
                "Join Type": "Inner",
                "Startup Cost": 60427.78,
                "Total Cost": 103550.91,
                "Plan Rows": 57006,
                "Plan Width": 0,
                "Actual Startup Time": 251.01,
                "Actual Total Time": 410.152,
                "Actual Rows": 34860,
                "Actual Loops": 2,
                "Inner Unique": true,
                "Hash Cond": "(mc.movie_id = t.id)",
                "Plans": [
                  {
                    "Node Type": "Seq Scan",
                    "Parent Relationship": "Outer",
                    "Parallel Aware": true,
                    "Relation Name": "movie_companies",
                    "Alias": "mc",
                    "Startup Cost": 0.0,
                    "Total Cost": 41811.73,
                    "Plan Rows": 499583,
                    "Plan Width": 4,
                    "Actual Startup Time": 57.377,
                    "Actual Total Time": 133.347,
                    "Actual Rows": 529868,
                    "Actual Loops": 2,
                    "Filter": "((company_id > 3422) AND (company_type_id = 2))",
                    "Rows Removed by Filter": 774696
                  },
                  {
                    "Node Type": "Hash",
                    "Parent Relationship": "Inner",
                    "Parallel Aware": true,
                    "Startup Cost": 58306.47,
                    "Total Cost": 58306.47,
                    "Plan Rows": 169705,
                    "Plan Width": 4,
                    "Actual Startup Time": 189.148,
                    "Actual Total Time": 189.149,
                    "Actual Rows": 146337,
                    "Actual Loops": 2,
                    "Hash Buckets": 524288,
                    "Original Hash Buckets": 524288,
                    "Hash Batches": 1,
                    "Original Hash Batches": 1,
                    "Peak Memory Usage": 15584,
                    "Plans": [
                      {
                        "Node Type": "Seq Scan",
                        "Parent Relationship": "Outer",
                        "Parallel Aware": true,
                        "Relation Name": "title",
                        "Alias": "t",
                        "Startup Cost": 0.0,
                        "Total Cost": 58306.47,
                        "Plan Rows": 169705,
                        "Plan Width": 4,
                        "Actual Startup Time": 0.02,
                        "Actual Total Time": 149.685,
                        "Actual Rows": 146337,
                        "Actual Loops": 2,
                        "Filter": "((kind_id > 1) AND (production_year > 2010))",
                        "Rows Removed by Filter": 1117819
                      }
                    ]
                  }
                ]
              }
            ]
          }
        ]
      }
    ]
  },
  "Planning Time": 0.304,
  "Triggers": [],
  "Execution Time": 427.572
}