[
  {
    "Bao": {
      "Bao prediction": 323.015,
      "Bao recommended hint": "SET enable_nestloop TO off; SET enable_hashjoin TO off; "
    }
  },
  {
    "Plan": {
      "Node Type": "Aggregate",
      "Strategy": "Plain",
      "Partial Mode": "Simple",
      "Parallel Aware": false,
      "Startup Cost": 199505.66,
      "Total Cost": 199505.67,
      "Plan Rows": 1,
      "Plan Width": 68,
      "Actual Startup Time": 1219.157,
      "Actual Total Time": 1257.666,
      "Actual Rows": 1,
      "Actual Loops": 1,
      "Plans": [
        {
          "Node Type": "Merge Join",
          "Parent Relationship": "Outer",
          "Parallel Aware": false,
          "Join Type": "Inner",
          "Startup Cost": 105134.86,
          "Total Cost": 199504.88,
          "Plan Rows": 103,
          "Plan Width": 45,
          "Actual Startup Time": 1215.521,
          "Actual Total Time": 1257.615,
          "Actual Rows": 142,
          "Actual Loops": 1,
          "Inner Unique": false,
          "Merge Cond": "(t.id = mc.movie_id)",
          "Plans": [
            {
              "Node Type": "Gather Merge",
              "Parent Relationship": "Outer",
              "Parallel Aware": false,
              "Startup Cost": 69514.68,
              "Total Cost": 163932.55,
              "Plan Rows": 12213,
              "Plan Width": 29,
              "Actual Startup Time": 962.191,
              "Actual Total Time": 1004.531,
              "Actual Rows": 250,
              "Actual Loops": 1,
              "Workers Planned": 4,
              "Workers Launched": 4,
              "Plans": [
                {
                  "Node Type": "Merge Join",
                  "Parent Relationship": "Outer",
                  "Parallel Aware": false,
                  "Join Type": "Inner",
                  "Startup Cost": 68514.62,
                  "Total Cost": 161477.8,
                  "Plan Rows": 3053,
                  "Plan Width": 29,
                  "Actual Startup Time": 942.59,
                  "Actual Total Time": 1151.787,
                  "Actual Rows": 50,
                  "Actual Loops": 5,
                  "Inner Unique": false,
                  "Merge Cond": "(t.id = mi_idx.movie_id)",
                  "Plans": [
                    {
                      "Node Type": "Index Scan",
                      "Parent Relationship": "Outer",
                      "Parallel Aware": true,
                      "Scan Direction": "Forward",
                      "Index Name": "title_pkey",
                      "Relation Name": "title",
                      "Alias": "t",
                      "Startup Cost": 0.43,
                      "Total Cost": 91395.24,
                      "Plan Rows": 632127,
                      "Plan Width": 25,
                      "Actual Startup Time": 0.104,
                      "Actual Total Time": 546.668,
                      "Actual Rows": 503319,
                      "Actual Loops": 5
                    },
                    {
                      "Node Type": "Sort",
                      "Parent Relationship": "Inner",
                      "Parallel Aware": false,
                      "Startup Cost": 68509.93,
                      "Total Cost": 68540.46,
                      "Plan Rows": 12213,
                      "Plan Width": 4,
                      "Actual Startup Time": 554.557,
                      "Actual Total Time": 554.689,
                      "Actual Rows": 250,
                      "Actual Loops": 5,
                      "Sort Key": [
                        "mi_idx.movie_id"
                      ],
                      "Sort Method": "quicksort",
                      "Sort Space Used": 36,
                      "Sort Space Type": "Memory",
                      "Workers": [
                        {
                          "Worker Number": 0,
                          "Sort Method": "quicksort",
                          "Sort Space Used": 36,
                          "Sort Space Type": "Memory"
                        },
                        {
                          "Worker Number": 1,
                          "Sort Method": "quicksort",
                          "Sort Space Used": 36,
                          "Sort Space Type": "Memory"
                        },
                        {
                          "Worker Number": 2,
                          "Sort Method": "quicksort",
                          "Sort Space Used": 36,
                          "Sort Space Type": "Memory"
                        },
                        {
                          "Worker Number": 3,
                          "Sort Method": "quicksort",
                          "Sort Space Used": 36,
                          "Sort Space Type": "Memory"
                        }
                      ],
                      "Plans": [
                        {
                          "Node Type": "Merge Join",
                          "Parent Relationship": "Outer",
                          "Parallel Aware": false,
                          "Join Type": "Inner",
                          "Startup Cost": 2.86,
                          "Total Cost": 67680.9,
                          "Plan Rows": 12213,
                          "Plan Width": 4,
                          "Actual Startup Time": 554.262,
                          "Actual Total Time": 554.365,
                          "Actual Rows": 250,
                          "Actual Loops": 5,
                          "Inner Unique": true,
                          "Merge Cond": "(mi_idx.info_type_id = it.id)",
                          "Plans": [
                            {
                              "Node Type": "Index Scan",
                              "Parent Relationship": "Outer",
                              "Parallel Aware": false,
                              "Scan Direction": "Forward",
                              "Index Name": "info_type_id_movie_info_idx",
                              "Relation Name": "movie_info_idx",
                              "Alias": "mi_idx",
                              "Startup Cost": 0.43,
                              "Total Cost": 64106.25,
                              "Plan Rows": 1380035,
                              "Plan Width": 8,
                              "Actual Startup Time": 0.189,
                              "Actual Total Time": 406.59,
                              "Actual Rows": 1380026,
                              "Actual Loops": 5
                            },
                            {
                              "Node Type": "Sort",
                              "Parent Relationship": "Inner",
                              "Parallel Aware": false,
                              "Startup Cost": 2.42,
                              "Total Cost": 2.43,
                              "Plan Rows": 1,
                              "Plan Width": 4,
                              "Actual Startup Time": 0.12,
                              "Actual Total Time": 0.122,
                              "Actual Rows": 1,
                              "Actual Loops": 5,
                              "Sort Key": [
                                "it.id"
                              ],
                              "Sort Method": "quicksort",
                              "Sort Space Used": 25,
                              "Sort Space Type": "Memory",
                              "Workers": [
                                {
                                  "Worker Number": 0,
                                  "Sort Method": "quicksort",
                                  "Sort Space Used": 25,
                                  "Sort Space Type": "Memory"
                                },
                                {
                                  "Worker Number": 1,
                                  "Sort Method": "quicksort",
                                  "Sort Space Used": 25,
                                  "Sort Space Type": "Memory"
                                },
                                {
                                  "Worker Number": 2,
                                  "Sort Method": "quicksort",
                                  "Sort Space Used": 25,
                                  "Sort Space Type": "Memory"
                                },
                                {
                                  "Worker Number": 3,
                                  "Sort Method": "quicksort",
                                  "Sort Space Used": 25,
                                  "Sort Space Type": "Memory"
                                }
                              ],
                              "Plans": [
                                {
                                  "Node Type": "Seq Scan",
                                  "Parent Relationship": "Outer",
                                  "Parallel Aware": false,
                                  "Relation Name": "info_type",
                                  "Alias": "it",
                                  "Startup Cost": 0.0,
                                  "Total Cost": 2.41,
                                  "Plan Rows": 1,
                                  "Plan Width": 4,
                                  "Actual Startup Time": 0.072,
                                  "Actual Total Time": 0.073,
                                  "Actual Rows": 1,
                                  "Actual Loops": 5,
                                  "Filter": "((info)::text = 'top 250 rank'::text)",
                                  "Rows Removed by Filter": 112
                                }
                              ]
                            }
                          ]
                        }
                      ]
                    }
                  ]
                }
              ]
            },
            {
              "Node Type": "Sort",
              "Parent Relationship": "Inner",
              "Parallel Aware": false,
              "Startup Cost": 35620.18,
              "Total Cost": 35631.15,
              "Plan Rows": 4390,
              "Plan Width": 28,
              "Actual Startup Time": 248.77,
              "Actual Total Time": 250.596,
              "Actual Rows": 28348,
              "Actual Loops": 1,
              "Sort Key": [
                "mc.movie_id"
              ],
              "Sort Method": "quicksort",
              "Sort Space Used": 2821,
              "Sort Space Type": "Memory",
              "Plans": [
                {
                  "Node Type": "Gather",
                  "Parent Relationship": "Outer",
                  "Parallel Aware": false,
                  "Startup Cost": 34873.1,
                  "Total Cost": 35354.58,
                  "Plan Rows": 4390,
                  "Plan Width": 28,
                  "Actual Startup Time": 233.2,
                  "Actual Total Time": 239.16,
                  "Actual Rows": 28657,
                  "Actual Loops": 1,
                  "Workers Planned": 3,
                  "Workers Launched": 3,
                  "Single Copy": false,
                  "Plans": [
                    {
                      "Node Type": "Merge Join",
                      "Parent Relationship": "Outer",
                      "Parallel Aware": false,
                      "Join Type": "Inner",
                      "Startup Cost": 33873.1,
                      "Total Cost": 33915.58,
                      "Plan Rows": 1416,
                      "Plan Width": 28,
                      "Actual Startup Time": 223.252,
                      "Actual Total Time": 225.095,
                      "Actual Rows": 7164,
                      "Actual Loops": 4,
                      "Inner Unique": true,
                      "Merge Cond": "(mc.company_type_id = ct.id)",
                      "Plans": [
                        {
                          "Node Type": "Sort",
                          "Parent Relationship": "Outer",
                          "Parallel Aware": false,
                          "Startup Cost": 33872.04,
                          "Total Cost": 33886.2,
                          "Plan Rows": 5664,
                          "Plan Width": 32,
                          "Actual Startup Time": 223.161,
                          "Actual Total Time": 223.586,
                          "Actual Rows": 7222,
                          "Actual Loops": 4,
                          "Sort Key": [
                            "mc.company_type_id"
                          ],
                          "Sort Method": "quicksort",
                          "Sort Space Used": 812,
                          "Sort Space Type": "Memory",
                          "Workers": [
                            {
                              "Worker Number": 0,
                              "Sort Method": "quicksort",
                              "Sort Space Used": 773,
                              "Sort Space Type": "Memory"
                            },
                            {
                              "Worker Number": 1,
                              "Sort Method": "quicksort",
                              "Sort Space Used": 782,
                              "Sort Space Type": "Memory"
                            },
                            {
                              "Worker Number": 2,
                              "Sort Method": "quicksort",
                              "Sort Space Used": 758,
                              "Sort Space Type": "Memory"
                            }
                          ],
                          "Plans": [
                            {
                              "Node Type": "Seq Scan",
                              "Parent Relationship": "Outer",
                              "Parallel Aware": true,
                              "Relation Name": "movie_companies",
                              "Alias": "mc",
                              "Startup Cost": 0.0,
                              "Total Cost": 33518.95,
                              "Plan Rows": 5664,
                              "Plan Width": 32,
                              "Actual Startup Time": 37.198,
                              "Actual Total Time": 220.026,
                              "Actual Rows": 7222,
                              "Actual Loops": 4,
                              "Filter": "((note !~~ '%(as Metro-Goldwyn-Mayer Pictures)%'::text) AND ((note ~~ '%(co-production)%'::text) OR (note ~~ '%(presents)%'::text)))",
                              "Rows Removed by Filter": 645060
                            }
                          ]
                        },
                        {
                          "Node Type": "Sort",
                          "Parent Relationship": "Inner",
                          "Parallel Aware": false,
                          "Startup Cost": 1.06,
                          "Total Cost": 1.06,
                          "Plan Rows": 1,
                          "Plan Width": 4,
                          "Actual Startup Time": 0.073,
                          "Actual Total Time": 0.074,
                          "Actual Rows": 1,
                          "Actual Loops": 4,
                          "Sort Key": [
                            "ct.id"
                          ],
                          "Sort Method": "quicksort",
                          "Sort Space Used": 25,
                          "Sort Space Type": "Memory",
                          "Workers": [
                            {
                              "Worker Number": 0,
                              "Sort Method": "quicksort",
                              "Sort Space Used": 25,
                              "Sort Space Type": "Memory"
                            },
                            {
                              "Worker Number": 1,
                              "Sort Method": "quicksort",
                              "Sort Space Used": 25,
                              "Sort Space Type": "Memory"
                            },
                            {
                              "Worker Number": 2,
                              "Sort Method": "quicksort",
                              "Sort Space Used": 25,
                              "Sort Space Type": "Memory"
                            }
                          ],
                          "Plans": [
                            {
                              "Node Type": "Seq Scan",
                              "Parent Relationship": "Outer",
                              "Parallel Aware": false,
                              "Relation Name": "company_type",
                              "Alias": "ct",
                              "Startup Cost": 0.0,
                              "Total Cost": 1.05,
                              "Plan Rows": 1,
                              "Plan Width": 4,
                              "Actual Startup Time": 0.057,
                              "Actual Total Time": 0.058,
                              "Actual Rows": 1,
                              "Actual Loops": 4,
                              "Filter": "((kind)::text = 'production companies'::text)",
                              "Rows Removed by Filter": 3
                            }
                          ]
                        }
                      ]
                    }
                  ]
                }
              ]
            }
          ]
        }
      ]
    },
    "Planning Time": 435.102,
    "Triggers": [],
    "Execution Time": 1258.717
  }
]