[
  {
    "Plan": {
      "Node Type": "Aggregate",
      "Strategy": "Plain",
      "Partial Mode": "Finalize",
      "Parallel Aware": false,
      "Startup Cost": 382078.62,
      "Total Cost": 382078.63,
      "Plan Rows": 1,
      "Plan Width": 8,
      "Actual Startup Time": 1524.635,
      "Actual Total Time": 1577.602,
      "Actual Rows": 1,
      "Actual Loops": 1,
      "Plans": [
        {
          "Node Type": "Gather",
          "Parent Relationship": "Outer",
          "Parallel Aware": false,
          "Startup Cost": 382078.09,
          "Total Cost": 382078.6,
          "Plan Rows": 5,
          "Plan Width": 8,
          "Actual Startup Time": 1517.102,
          "Actual Total Time": 1577.591,
          "Actual Rows": 6,
          "Actual Loops": 1,
          "Workers Planned": 5,
          "Workers Launched": 5,
          "Single Copy": false,
          "Plans": [
            {
              "Node Type": "Aggregate",
              "Strategy": "Plain",
              "Partial Mode": "Partial",
              "Parent Relationship": "Outer",
              "Parallel Aware": false,
              "Startup Cost": 381078.09,
              "Total Cost": 381078.1,
              "Plan Rows": 1,
              "Plan Width": 8,
              "Actual Startup Time": 1507.18,
              "Actual Total Time": 1507.317,
              "Actual Rows": 1,
              "Actual Loops": 6,
              "Plans": [
                {
                  "Node Type": "Hash Join",
                  "Parent Relationship": "Outer",
                  "Parallel Aware": true,
                  "Join Type": "Inner",
                  "Startup Cost": 170227.9,
                  "Total Cost": 376616.75,
                  "Plan Rows": 1784538,
                  "Plan Width": 0,
                  "Actual Startup Time": 574.225,
                  "Actual Total Time": 1448.101,
                  "Actual Rows": 1489785,
                  "Actual Loops": 6,
                  "Inner Unique": false,
                  "Hash Cond": "(mi.movie_id = t.id)",
                  "Plans": [
                    {
                      "Node Type": "Seq Scan",
                      "Parent Relationship": "Outer",
                      "Parallel Aware": true,
                      "Relation Name": "movie_info",
                      "Alias": "mi",
                      "Startup Cost": 0.0,
                      "Total Cost": 191685.19,
                      "Plan Rows": 2969219,
                      "Plan Width": 4,
                      "Actual Startup Time": 0.035,
                      "Actual Total Time": 275.592,
                      "Actual Rows": 2472620,
                      "Actual Loops": 6
                    },
                    {
                      "Node Type": "Hash",
                      "Parent Relationship": "Inner",
                      "Parallel Aware": true,
                      "Startup Cost": 166428.87,
                      "Total Cost": 166428.87,
                      "Plan Rows": 303923,
                      "Plan Width": 8,
                      "Actual Startup Time": 569.954,
                      "Actual Total Time": 570.089,
                      "Actual Rows": 192087,
                      "Actual Loops": 6,
                      "Hash Buckets": 2097152,
                      "Original Hash Buckets": 2097152,
                      "Hash Batches": 1,
                      "Original Hash Batches": 1,
                      "Peak Memory Usage": 61600,
                      "Plans": [
                        {
                          "Node Type": "Hash Join",
                          "Parent Relationship": "Outer",
                          "Parallel Aware": true,
                          "Join Type": "Inner",
                          "Startup Cost": 48254.11,
                          "Total Cost": 166428.87,
                          "Plan Rows": 303923,
                          "Plan Width": 8,
                          "Actual Startup Time": 145.212,
                          "Actual Total Time": 483.334,
                          "Actual Rows": 192087,
                          "Actual Loops": 6,
                          "Inner Unique": true,
                          "Hash Cond": "(ci.movie_id = t.id)",
                          "Plans": [
                            {
                              "Node Type": "Index Scan",
                              "Parent Relationship": "Outer",
                              "Parallel Aware": true,
                              "Scan Direction": "Forward",
                              "Index Name": "role_id_cast_info",
                              "Relation Name": "cast_info",
                              "Alias": "ci",
                              "Startup Cost": 0.56,
                              "Total Cost": 115902.88,
                              "Plan Rows": 865691,
                              "Plan Width": 4,
                              "Actual Startup Time": 0.16,
                              "Actual Total Time": 140.228,
                              "Actual Rows": 720503,
                              "Actual Loops": 6,
                              "Index Cond": "(role_id = 10)",
                              "Rows Removed by Index Recheck": 0
                            },
                            {
                              "Node Type": "Hash",
                              "Parent Relationship": "Inner",
                              "Parallel Aware": true,
                              "Startup Cost": 45479.59,
                              "Total Cost": 45479.59,
                              "Plan Rows": 221917,
                              "Plan Width": 4,
                              "Actual Startup Time": 143.265,
                              "Actual Total Time": 143.267,
                              "Actual Rows": 135136,
                              "Actual Loops": 6,
                              "Hash Buckets": 1048576,
                              "Original Hash Buckets": 1048576,
                              "Hash Batches": 1,
                              "Original Hash Batches": 1,
                              "Peak Memory Usage": 40000,
                              "Plans": [
                                {
                                  "Node Type": "Seq Scan",
                                  "Parent Relationship": "Outer",
                                  "Parallel Aware": true,
                                  "Relation Name": "title",
                                  "Alias": "t",
                                  "Startup Cost": 0.0,
                                  "Total Cost": 45479.59,
                                  "Plan Rows": 221917,
                                  "Plan Width": 4,
                                  "Actual Startup Time": 0.059,
                                  "Actual Total Time": 83.547,
                                  "Actual Rows": 135136,
                                  "Actual Loops": 6,
                                  "Filter": "((kind_id > 4) AND (production_year < 2006))",
                                  "Rows Removed by Filter": 286250
                                }
                              ]
                            }
                          ]
                        }
                      ]
                    }
                  ]
                }
              ]
            }
          ]
        }
      ]
    },
    "Planning Time": 0.622,
    "Triggers": [],
    "Execution Time": 1577.67
  }
]