[
  {
    "Plan": {
      "Node Type": "Aggregate",
      "Strategy": "Plain",
      "Partial Mode": "Finalize",
      "Parallel Aware": false,
      "Startup Cost": 218733.37,
      "Total Cost": 218733.38,
      "Plan Rows": 1,
      "Plan Width": 8,
      "Actual Startup Time": 158.293,
      "Actual Total Time": 182.951,
      "Actual Rows": 1,
      "Actual Loops": 1,
      "Plans": [
        {
          "Node Type": "Gather",
          "Parent Relationship": "Outer",
          "Parallel Aware": false,
          "Startup Cost": 218732.95,
          "Total Cost": 218733.36,
          "Plan Rows": 4,
          "Plan Width": 8,
          "Actual Startup Time": 158.141,
          "Actual Total Time": 182.941,
          "Actual Rows": 5,
          "Actual Loops": 1,
          "Workers Planned": 4,
          "Workers Launched": 4,
          "Single Copy": false,
          "Plans": [
            {
              "Node Type": "Aggregate",
              "Strategy": "Plain",
              "Partial Mode": "Partial",
              "Parent Relationship": "Outer",
              "Parallel Aware": false,
              "Startup Cost": 217732.95,
              "Total Cost": 217732.96,
              "Plan Rows": 1,
              "Plan Width": 8,
              "Actual Startup Time": 148.195,
              "Actual Total Time": 148.196,
              "Actual Rows": 1,
              "Actual Loops": 5,
              "Plans": [
                {
                  "Node Type": "Nested Loop",
                  "Parent Relationship": "Outer",
                  "Parallel Aware": false,
                  "Join Type": "Inner",
                  "Startup Cost": 0.43,
                  "Total Cost": 217729.1,
                  "Plan Rows": 1540,
                  "Plan Width": 0,
                  "Actual Startup Time": 1.27,
                  "Actual Total Time": 147.864,
                  "Actual Rows": 2515,
                  "Actual Loops": 5,
                  "Inner Unique": false,
                  "Plans": [
                    {
                      "Node Type": "Seq Scan",
                      "Parent Relationship": "Outer",
                      "Parallel Aware": true,
                      "Relation Name": "title",
                      "Alias": "t",
                      "Startup Cost": 0.0,
                      "Total Cost": 45479.1,
                      "Plan Rows": 2536,
                      "Plan Width": 4,
                      "Actual Startup Time": 0.53,
                      "Actual Total Time": 81.17,
                      "Actual Rows": 2106,
                      "Actual Loops": 5,
                      "Filter": "((kind_id < 7) AND (production_year = 1993))",
                      "Rows Removed by Filter": 503557
                    },
                    {
                      "Node Type": "Index Scan",
                      "Parent Relationship": "Inner",
                      "Parallel Aware": false,
                      "Scan Direction": "Forward",
                      "Index Name": "movie_id_movie_info",
                      "Relation Name": "movie_info",
                      "Alias": "mi",
                      "Startup Cost": 0.43,
                      "Total Cost": 67.88,
                      "Plan Rows": 4,
                      "Plan Width": 4,
                      "Actual Startup Time": 0.03,
                      "Actual Total Time": 0.031,
                      "Actual Rows": 1,
                      "Actual Loops": 10528,
                      "Index Cond": "(movie_id = t.id)",
                      "Rows Removed by Index Recheck": 0,
                      "Filter": "(info_type_id = 3)",
                      "Rows Removed by Filter": 10
                    }
                  ]
                }
              ]
            }
          ]
        }
      ]
    },
    "Planning Time": 0.6,
    "Triggers": [],
    "Execution Time": 183.034
  }
]