{
  "Plan": {
    "Node Type": "Aggregate",
    "Strategy": "Plain",
    "Partial Mode": "Finalize",
    "Parallel Aware": false,
    "Startup Cost": 525575.12,
    "Total Cost": 525575.13,
    "Plan Rows": 1,
    "Plan Width": 8,
    "Actual Startup Time": 2084.489,
    "Actual Total Time": 2104.693,
    "Actual Rows": 1,
    "Actual Loops": 1,
    "Plans": [
      {
        "Node Type": "Gather",
        "Parent Relationship": "Outer",
        "Parallel Aware": false,
        "Startup Cost": 525575.01,
        "Total Cost": 525575.12,
        "Plan Rows": 1,
        "Plan Width": 8,
        "Actual Startup Time": 1689.502,
        "Actual Total Time": 2104.673,
        "Actual Rows": 2,
        "Actual Loops": 1,
        "Workers Planned": 1,
        "Workers Launched": 1,
        "Single Copy": false,
        "Plans": [
          {
            "Node Type": "Aggregate",
            "Strategy": "Plain",
            "Partial Mode": "Partial",
            "Parent Relationship": "Outer",
            "Parallel Aware": false,
            "Startup Cost": 524575.01,
            "Total Cost": 524575.02,
            "Plan Rows": 1,
            "Plan Width": 8,
            "Actual Startup Time": 1876.938,
            "Actual Total Time": 1876.947,
            "Actual Rows": 1,
            "Actual Loops": 2,
            "Plans": [
              {
                "Node Type": "Merge Join",
                "Parent Relationship": "Outer",
                "Parallel Aware": false,
                "Join Type": "Inner",
                "Startup Cost": 517474.25,
                "Total Cost": 524269.19,
                "Plan Rows": 122325,
                "Plan Width": 0,
                "Actual Startup Time": 1676.071,
                "Actual Total Time": 1864.847,
                "Actual Rows": 308855,
                "Actual Loops": 2,
                "Inner Unique": false,
                "Merge Cond": "(ci.movie_id = t.id)",
                "Plans": [
                  {
                    "Node Type": "Sort",
                    "Parent Relationship": "Outer",
                    "Parallel Aware": false,
                    "Startup Cost": 339589.95,
                    "Total Cost": 341078.34,
                    "Plan Rows": 595355,
                    "Plan Width": 4,
                    "Actual Startup Time": 258.898,
                    "Actual Total Time": 305.535,
                    "Actual Rows": 507062,
                    "Actual Loops": 2,
                    "Sort Key": [
                      "ci.movie_id"
                    ],
                    "Sort Method": "quicksort",
                    "Sort Space Used": 59251,
                    "Sort Space Type": "Memory",
                    "Workers": [
                      {
                        "Worker Number": 0,
                        "Sort Method": "quicksort",
                        "Sort Space Used": 25152,
                        "Sort Space Type": "Memory"
                      }
                    ],
                    "Plans": [
                      {
                        "Node Type": "Bitmap Heap Scan",
                        "Parent Relationship": "Outer",
                        "Parallel Aware": true,
                        "Relation Name": "cast_info",
                        "Alias": "ci",
                        "Startup Cost": 22356.37,
                        "Total Cost": 282485.31,
                        "Plan Rows": 595355,
                        "Plan Width": 4,
                        "Actual Startup Time": 50.328,
                        "Actual Total Time": 131.575,
                        "Actual Rows": 507072,
                        "Actual Loops": 2,
                        "Recheck Cond": "(person_id < 103483)",
                        "Rows Removed by Index Recheck": 0,
                        "Exact Heap Blocks": 7854,
                        "Lossy Heap Blocks": 0,
                        "Plans": [
                          {
                            "Node Type": "Bitmap Index Scan",
                            "Parent Relationship": "Outer",
                            "Parallel Aware": false,
                            "Index Name": "person_id_cast_info",
                            "Startup Cost": 0.0,
                            "Total Cost": 22103.34,
                            "Plan Rows": 1012104,
                            "Plan Width": 0,
                            "Actual Startup Time": 54.239,
                            "Actual Total Time": 54.24,
                            "Actual Rows": 1014144,
                            "Actual Loops": 1,
                            "Index Cond": "(person_id < 103483)"
                          }
                        ]
                      }
                    ]
                  },
                  {
                    "Node Type": "Sort",
                    "Parent Relationship": "Inner",
                    "Parallel Aware": false,
                    "Startup Cost": 177884.24,
                    "Total Cost": 179182.93,
                    "Plan Rows": 519476,
                    "Plan Width": 8,
                    "Actual Startup Time": 1417.145,
                    "Actual Total Time": 1455.524,
                    "Actual Rows": 1051460,
                    "Actual Loops": 2,
                    "Sort Key": [
                      "t.id"
                    ],
                    "Sort Method": "quicksort",
                    "Sort Space Used": 68377,
                    "Sort Space Type": "Memory",
                    "Workers": [
                      {
                        "Worker Number": 0,
                        "Sort Method": "quicksort",
                        "Sort Space Used": 68377,
                        "Sort Space Type": "Memory"
                      }
                    ],
                    "Plans": [
                      {
                        "Node Type": "Hash Join",
                        "Parent Relationship": "Outer",
                        "Parallel Aware": false,
                        "Join Type": "Inner",
                        "Startup Cost": 78704.13,
                        "Total Cost": 128568.57,
                        "Plan Rows": 519476,
                        "Plan Width": 8,
                        "Actual Startup Time": 465.221,
                        "Actual Total Time": 1180.088,
                        "Actual Rows": 934414,
                        "Actual Loops": 2,
                        "Inner Unique": true,
                        "Hash Cond": "(mc.movie_id = t.id)",
                        "Plans": [
                          {
                            "Node Type": "Index Scan",
                            "Parent Relationship": "Outer",
                            "Parallel Aware": false,
                            "Scan Direction": "Forward",
                            "Index Name": "company_type_id_movie_companies",
                            "Relation Name": "movie_companies",
                            "Alias": "mc",
                            "Startup Cost": 0.43,
                            "Total Cost": 46387.42,
                            "Plan Rows": 1324742,
                            "Plan Width": 4,
                            "Actual Startup Time": 0.098,
                            "Actual Total Time": 242.029,
                            "Actual Rows": 1334883,
                            "Actual Loops": 2,
                            "Index Cond": "(company_type_id = 2)",
                            "Rows Removed by Index Recheck": 0
                          },
                          {
                            "Node Type": "Hash",
                            "Parent Relationship": "Inner",
                            "Parallel Aware": false,
                            "Startup Cost": 66310.85,
                            "Total Cost": 66310.85,
                            "Plan Rows": 991428,
                            "Plan Width": 4,
                            "Actual Startup Time": 460.01,
                            "Actual Total Time": 460.012,
                            "Actual Rows": 985048,
                            "Actual Loops": 2,
                            "Hash Buckets": 1048576,
                            "Original Hash Buckets": 1048576,
                            "Hash Batches": 1,
                            "Original Hash Batches": 1,
                            "Peak Memory Usage": 42823,
                            "Plans": [
                              {
                                "Node Type": "Bitmap Heap Scan",
                                "Parent Relationship": "Outer",
                                "Parallel Aware": false,
                                "Relation Name": "title",
                                "Alias": "t",
                                "Startup Cost": 17920.0,
                                "Total Cost": 66310.85,
                                "Plan Rows": 991428,
                                "Plan Width": 4,
                                "Actual Startup Time": 48.61,
                                "Actual Total Time": 243.524,
                                "Actual Rows": 985048,
                                "Actual Loops": 2,
                                "Recheck Cond": "(kind_id < 7)",
                                "Rows Removed by Index Recheck": 0,
                                "Exact Heap Blocks": 35472,
                                "Lossy Heap Blocks": 0,
                                "Plans": [
                                  {
                                    "Node Type": "Bitmap Index Scan",
                                    "Parent Relationship": "Outer",
                                    "Parallel Aware": false,
                                    "Index Name": "kind_id_title",
                                    "Startup Cost": 0.0,
                                    "Total Cost": 17672.14,
                                    "Plan Rows": 991428,
                                    "Plan Width": 0,
                                    "Actual Startup Time": 42.29,
                                    "Actual Total Time": 42.291,
                                    "Actual Rows": 985048,
                                    "Actual Loops": 2,
                                    "Index Cond": "(kind_id < 7)"
                                  }
                                ]
                              }
                            ]
                          }
                        ]
                      }
                    ]
                  }
                ]
              }
            ]
          }
        ]
      }
    ]
  },
  "Planning Time": 1.065,
  "Triggers": [],
  "Execution Time": 2122.469
}