[
  {
    "Plan": {
      "Node Type": "Aggregate",
      "Strategy": "Plain",
      "Partial Mode": "Finalize",
      "Parallel Aware": false,
      "Startup Cost": 79889.47,
      "Total Cost": 79889.48,
      "Plan Rows": 1,
      "Plan Width": 8,
      "Actual Startup Time": 292.193,
      "Actual Total Time": 316.024,
      "Actual Rows": 1,
      "Actual Loops": 1,
      "Plans": [
        {
          "Node Type": "Gather",
          "Parent Relationship": "Outer",
          "Parallel Aware": false,
          "Startup Cost": 79889.15,
          "Total Cost": 79889.46,
          "Plan Rows": 3,
          "Plan Width": 8,
          "Actual Startup Time": 290.455,
          "Actual Total Time": 316.013,
          "Actual Rows": 4,
          "Actual Loops": 1,
          "Workers Planned": 3,
          "Workers Launched": 3,
          "Single Copy": false,
          "Plans": [
            {
              "Node Type": "Aggregate",
              "Strategy": "Plain",
              "Partial Mode": "Partial",
              "Parent Relationship": "Outer",
              "Parallel Aware": false,
              "Startup Cost": 78889.15,
              "Total Cost": 78889.16,
              "Plan Rows": 1,
              "Plan Width": 8,
              "Actual Startup Time": 280.853,
              "Actual Total Time": 280.858,
              "Actual Rows": 1,
              "Actual Loops": 4,
              "Plans": [
                {
                  "Node Type": "Nested Loop",
                  "Parent Relationship": "Outer",
                  "Parallel Aware": false,
                  "Join Type": "Inner",
                  "Startup Cost": 48226.73,
                  "Total Cost": 78875.77,
                  "Plan Rows": 5352,
                  "Plan Width": 0,
                  "Actual Startup Time": 160.634,
                  "Actual Total Time": 276.931,
                  "Actual Rows": 56162,
                  "Actual Loops": 4,
                  "Inner Unique": false,
                  "Plans": [
                    {
                      "Node Type": "Hash Join",
                      "Parent Relationship": "Outer",
                      "Parallel Aware": true,
                      "Join Type": "Inner",
                      "Startup Cost": 48226.3,
                      "Total Cost": 73501.34,
                      "Plan Rows": 5186,
                      "Plan Width": 8,
                      "Actual Startup Time": 160.524,
                      "Actual Total Time": 207.948,
                      "Actual Rows": 8749,
                      "Actual Loops": 4,
                      "Inner Unique": true,
                      "Hash Cond": "(mk.movie_id = t.id)",
                      "Plans": [
                        {
                          "Node Type": "Bitmap Heap Scan",
                          "Parent Relationship": "Outer",
                          "Parallel Aware": true,
                          "Relation Name": "movie_keyword",
                          "Alias": "mk",
                          "Startup Cost": 3572.59,
                          "Total Cost": 28705.13,
                          "Plan Rows": 54283,
                          "Plan Width": 4,
                          "Actual Startup Time": 19.943,
                          "Actual Total Time": 53.936,
                          "Actual Rows": 40057,
                          "Actual Loops": 4,
                          "Recheck Cond": "(keyword_id > 72835)",
                          "Rows Removed by Index Recheck": 0,
                          "Exact Heap Blocks": 6337,
                          "Lossy Heap Blocks": 0,
                          "Plans": [
                            {
                              "Node Type": "Bitmap Index Scan",
                              "Parent Relationship": "Outer",
                              "Parallel Aware": false,
                              "Index Name": "keyword_id_movie_keyword",
                              "Startup Cost": 0.0,
                              "Total Cost": 3530.52,
                              "Plan Rows": 168278,
                              "Plan Width": 0,
                              "Actual Startup Time": 15.258,
                              "Actual Total Time": 15.259,
                              "Actual Rows": 160229,
                              "Actual Loops": 1,
                              "Index Cond": "(keyword_id > 72835)"
                            }
                          ]
                        },
                        {
                          "Node Type": "Hash",
                          "Parent Relationship": "Inner",
                          "Parallel Aware": true,
                          "Startup Cost": 43898.92,
                          "Total Cost": 43898.92,
                          "Plan Rows": 60384,
                          "Plan Width": 4,
                          "Actual Startup Time": 138.365,
                          "Actual Total Time": 138.366,
                          "Actual Rows": 63130,
                          "Actual Loops": 4,
                          "Hash Buckets": 262144,
                          "Original Hash Buckets": 262144,
                          "Hash Batches": 1,
                          "Original Hash Batches": 1,
                          "Peak Memory Usage": 11968,
                          "Plans": [
                            {
                              "Node Type": "Seq Scan",
                              "Parent Relationship": "Outer",
                              "Parallel Aware": true,
                              "Relation Name": "title",
                              "Alias": "t",
                              "Startup Cost": 0.0,
                              "Total Cost": 43898.92,
                              "Plan Rows": 60384,
                              "Plan Width": 4,
                              "Actual Startup Time": 0.041,
                              "Actual Total Time": 113.227,
                              "Actual Rows": 63130,
                              "Actual Loops": 4,
                              "Filter": "(production_year < 1961)",
                              "Rows Removed by Filter": 568948
                            }
                          ]
                        }
                      ]
                    },
                    {
                      "Node Type": "Index Only Scan",
                      "Parent Relationship": "Inner",
                      "Parallel Aware": false,
                      "Scan Direction": "Forward",
                      "Index Name": "movie_id_movie_companies",
                      "Relation Name": "movie_companies",
                      "Alias": "mc",
                      "Startup Cost": 0.43,
                      "Total Cost": 0.99,
                      "Plan Rows": 5,
                      "Plan Width": 4,
                      "Actual Startup Time": 0.004,
                      "Actual Total Time": 0.007,
                      "Actual Rows": 6,
                      "Actual Loops": 34997,
                      "Index Cond": "(movie_id = t.id)",
                      "Rows Removed by Index Recheck": 0,
                      "Heap Fetches": 224649
                    }
                  ]
                }
              ]
            }
          ]
        }
      ]
    },
    "Planning Time": 1.402,
    "Triggers": [],
    "Execution Time": 316.133
  }
]