[
  {
    "Plan": {
      "Node Type": "Aggregate",
      "Strategy": "Plain",
      "Partial Mode": "Finalize",
      "Parallel Aware": false,
      "Startup Cost": 82883.41,
      "Total Cost": 82883.42,
      "Plan Rows": 1,
      "Plan Width": 8,
      "Actual Startup Time": 448.869,
      "Actual Total Time": 463.265,
      "Actual Rows": 1,
      "Actual Loops": 1,
      "Plans": [
        {
          "Node Type": "Gather",
          "Parent Relationship": "Outer",
          "Parallel Aware": false,
          "Startup Cost": 82883.09,
          "Total Cost": 82883.4,
          "Plan Rows": 3,
          "Plan Width": 8,
          "Actual Startup Time": 443.184,
          "Actual Total Time": 463.255,
          "Actual Rows": 4,
          "Actual Loops": 1,
          "Workers Planned": 3,
          "Workers Launched": 3,
          "Single Copy": false,
          "Plans": [
            {
              "Node Type": "Aggregate",
              "Strategy": "Plain",
              "Partial Mode": "Partial",
              "Parent Relationship": "Outer",
              "Parallel Aware": false,
              "Startup Cost": 81883.09,
              "Total Cost": 81883.1,
              "Plan Rows": 1,
              "Plan Width": 8,
              "Actual Startup Time": 431.556,
              "Actual Total Time": 431.558,
              "Actual Rows": 1,
              "Actual Loops": 4,
              "Plans": [
                {
                  "Node Type": "Hash Join",
                  "Parent Relationship": "Outer",
                  "Parallel Aware": true,
                  "Join Type": "Inner",
                  "Startup Cost": 49528.84,
                  "Total Cost": 80884.72,
                  "Plan Rows": 399351,
                  "Plan Width": 0,
                  "Actual Startup Time": 226.844,
                  "Actual Total Time": 426.004,
                  "Actual Rows": 143577,
                  "Actual Loops": 4,
                  "Inner Unique": true,
                  "Hash Cond": "(mc.movie_id = t.id)",
                  "Plans": [
                    {
                      "Node Type": "Seq Scan",
                      "Parent Relationship": "Outer",
                      "Parallel Aware": true,
                      "Relation Name": "movie_companies",
                      "Alias": "mc",
                      "Startup Cost": 0.0,
                      "Total Cost": 29310.68,
                      "Plan Rows": 779123,
                      "Plan Width": 4,
                      "Actual Startup Time": 0.017,
                      "Actual Total Time": 69.453,
                      "Actual Rows": 605238,
                      "Actual Loops": 4,
                      "Filter": "(company_id < 117311)",
                      "Rows Removed by Filter": 47044
                    },
                    {
                      "Node Type": "Hash",
                      "Parent Relationship": "Inner",
                      "Parallel Aware": true,
                      "Startup Cost": 45479.1,
                      "Total Cost": 45479.1,
                      "Plan Rows": 323979,
                      "Plan Width": 4,
                      "Actual Startup Time": 219.185,
                      "Actual Total Time": 219.186,
                      "Actual Rows": 343572,
                      "Actual Loops": 4,
                      "Hash Buckets": 2097152,
                      "Original Hash Buckets": 2097152,
                      "Hash Batches": 1,
                      "Original Hash Batches": 1,
                      "Peak Memory Usage": 70240,
                      "Plans": [
                        {
                          "Node Type": "Seq Scan",
                          "Parent Relationship": "Outer",
                          "Parallel Aware": true,
                          "Relation Name": "title",
                          "Alias": "t",
                          "Startup Cost": 0.0,
                          "Total Cost": 45479.1,
                          "Plan Rows": 323979,
                          "Plan Width": 4,
                          "Actual Startup Time": 0.04,
                          "Actual Total Time": 103.735,
                          "Actual Rows": 343572,
                          "Actual Loops": 4,
                          "Filter": "((production_year > 1967) AND (kind_id = 7))",
                          "Rows Removed by Filter": 288506
                        }
                      ]
                    }
                  ]
                }
              ]
            }
          ]
        }
      ]
    },
    "Planning Time": 0.633,
    "Triggers": [],
    "Execution Time": 463.356
  }
]