[
  {
    "Plan": {
      "Node Type": "Aggregate",
      "Strategy": "Plain",
      "Partial Mode": "Finalize",
      "Parallel Aware": false,
      "Startup Cost": 30114.74,
      "Total Cost": 30114.75,
      "Plan Rows": 1,
      "Plan Width": 8,
      "Actual Startup Time": 82.435,
      "Actual Total Time": 86.298,
      "Actual Rows": 1,
      "Actual Loops": 1,
      "Plans": [
        {
          "Node Type": "Gather",
          "Parent Relationship": "Outer",
          "Parallel Aware": false,
          "Startup Cost": 30114.42,
          "Total Cost": 30114.73,
          "Plan Rows": 3,
          "Plan Width": 8,
          "Actual Startup Time": 82.316,
          "Actual Total Time": 86.291,
          "Actual Rows": 4,
          "Actual Loops": 1,
          "Workers Planned": 3,
          "Workers Launched": 3,
          "Single Copy": false,
          "Plans": [
            {
              "Node Type": "Aggregate",
              "Strategy": "Plain",
              "Partial Mode": "Partial",
              "Parent Relationship": "Outer",
              "Parallel Aware": false,
              "Startup Cost": 29114.42,
              "Total Cost": 29114.43,
              "Plan Rows": 1,
              "Plan Width": 8,
              "Actual Startup Time": 75.626,
              "Actual Total Time": 75.627,
              "Actual Rows": 1,
              "Actual Loops": 4,
              "Plans": [
                {
                  "Node Type": "Bitmap Heap Scan",
                  "Parent Relationship": "Outer",
                  "Parallel Aware": true,
                  "Relation Name": "movie_companies",
                  "Alias": "mc",
                  "Startup Cost": 8302.62,
                  "Total Cost": 28956.68,
                  "Plan Rows": 63096,
                  "Plan Width": 0,
                  "Actual Startup Time": 29.825,
                  "Actual Total Time": 69.322,
                  "Actual Rows": 97993,
                  "Actual Loops": 4,
                  "Recheck Cond": "(company_id > 83089)",
                  "Rows Removed by Index Recheck": 0,
                  "Filter": "(company_type_id > 1)",
                  "Rows Removed by Filter": 0,
                  "Exact Heap Blocks": 3368,
                  "Lossy Heap Blocks": 0,
                  "Plans": [
                    {
                      "Node Type": "Bitmap Index Scan",
                      "Parent Relationship": "Outer",
                      "Parallel Aware": false,
                      "Index Name": "company_id_movie_companies",
                      "Startup Cost": 0.0,
                      "Total Cost": 8253.72,
                      "Plan Rows": 385239,
                      "Plan Width": 0,
                      "Actual Startup Time": 34.922,
                      "Actual Total Time": 34.922,
                      "Actual Rows": 391972,
                      "Actual Loops": 1,
                      "Index Cond": "(company_id > 83089)"
                    }
                  ]
                }
              ]
            }
          ]
        }
      ]
    },
    "Planning Time": 0.145,
    "Triggers": [],
    "Execution Time": 86.348
  }
]