[
  {
    "Plan": {
      "Node Type": "Aggregate",
      "Strategy": "Plain",
      "Partial Mode": "Finalize",
      "Parallel Aware": false,
      "Startup Cost": 275497.65,
      "Total Cost": 275497.66,
      "Plan Rows": 1,
      "Plan Width": 8,
      "Actual Startup Time": 322.564,
      "Actual Total Time": 361.843,
      "Actual Rows": 1,
      "Actual Loops": 1,
      "Plans": [
        {
          "Node Type": "Gather",
          "Parent Relationship": "Outer",
          "Parallel Aware": false,
          "Startup Cost": 275497.23,
          "Total Cost": 275497.64,
          "Plan Rows": 4,
          "Plan Width": 8,
          "Actual Startup Time": 322.346,
          "Actual Total Time": 361.836,
          "Actual Rows": 5,
          "Actual Loops": 1,
          "Workers Planned": 4,
          "Workers Launched": 4,
          "Single Copy": false,
          "Plans": [
            {
              "Node Type": "Aggregate",
              "Strategy": "Plain",
              "Partial Mode": "Partial",
              "Parent Relationship": "Outer",
              "Parallel Aware": false,
              "Startup Cost": 274497.23,
              "Total Cost": 274497.24,
              "Plan Rows": 1,
              "Plan Width": 8,
              "Actual Startup Time": 312.051,
              "Actual Total Time": 312.053,
              "Actual Rows": 1,
              "Actual Loops": 5,
              "Plans": [
                {
                  "Node Type": "Nested Loop",
                  "Parent Relationship": "Outer",
                  "Parallel Aware": false,
                  "Join Type": "Inner",
                  "Startup Cost": 1.0,
                  "Total Cost": 274427.96,
                  "Plan Rows": 27710,
                  "Plan Width": 0,
                  "Actual Startup Time": 58.709,
                  "Actual Total Time": 311.681,
                  "Actual Rows": 5222,
                  "Actual Loops": 5,
                  "Inner Unique": false,
                  "Join Filter": "(t.id = ci.movie_id)",
                  "Rows Removed by Join Filter": 0,
                  "Plans": [
                    {
                      "Node Type": "Nested Loop",
                      "Parent Relationship": "Outer",
                      "Parallel Aware": false,
                      "Join Type": "Inner",
                      "Startup Cost": 0.43,
                      "Total Cost": 228960.27,
                      "Plan Rows": 29794,
                      "Plan Width": 8,
                      "Actual Startup Time": 57.758,
                      "Actual Total Time": 172.477,
                      "Actual Rows": 48039,
                      "Actual Loops": 5,
                      "Inner Unique": false,
                      "Plans": [
                        {
                          "Node Type": "Seq Scan",
                          "Parent Relationship": "Outer",
                          "Parallel Aware": true,
                          "Relation Name": "title",
                          "Alias": "t",
                          "Startup Cost": 0.0,
                          "Total Cost": 43898.92,
                          "Plan Rows": 5095,
                          "Plan Width": 4,
                          "Actual Startup Time": 53.571,
                          "Actual Total Time": 80.024,
                          "Actual Rows": 4902,
                          "Actual Loops": 5,
                          "Filter": "(production_year < 1910)",
                          "Rows Removed by Filter": 500761
                        },
                        {
                          "Node Type": "Index Only Scan",
                          "Parent Relationship": "Inner",
                          "Parallel Aware": false,
                          "Scan Direction": "Forward",
                          "Index Name": "movie_id_movie_info",
                          "Relation Name": "movie_info",
                          "Alias": "mi",
                          "Startup Cost": 0.43,
                          "Total Cost": 35.9,
                          "Plan Rows": 42,
                          "Plan Width": 4,
                          "Actual Startup Time": 0.007,
                          "Actual Total Time": 0.018,
                          "Actual Rows": 10,
                          "Actual Loops": 24508,
                          "Index Cond": "(movie_id = t.id)",
                          "Rows Removed by Index Recheck": 0,
                          "Heap Fetches": 240194
                        }
                      ]
                    },
                    {
                      "Node Type": "Index Scan",
                      "Parent Relationship": "Inner",
                      "Parallel Aware": false,
                      "Scan Direction": "Forward",
                      "Index Name": "movie_id_cast_info",
                      "Relation Name": "cast_info",
                      "Alias": "ci",
                      "Startup Cost": 0.56,
                      "Total Cost": 1.5,
                      "Plan Rows": 2,
                      "Plan Width": 4,
                      "Actual Startup Time": 0.002,
                      "Actual Total Time": 0.003,
                      "Actual Rows": 0,
                      "Actual Loops": 240194,
                      "Index Cond": "(movie_id = mi.movie_id)",
                      "Rows Removed by Index Recheck": 0,
                      "Filter": "((person_id < 677696) AND (role_id < 2))",
                      "Rows Removed by Filter": 1
                    }
                  ]
                }
              ]
            }
          ]
        }
      ]
    },
    "Planning Time": 1.448,
    "Triggers": [],
    "Execution Time": 361.939
  }
]