[
  {
    "Plan": {
      "Node Type": "Aggregate",
      "Strategy": "Plain",
      "Partial Mode": "Finalize",
      "Parallel Aware": false,
      "Startup Cost": 44347.38,
      "Total Cost": 44347.39,
      "Plan Rows": 1,
      "Plan Width": 8,
      "Actual Startup Time": 138.247,
      "Actual Total Time": 148.742,
      "Actual Rows": 1,
      "Actual Loops": 1,
      "Plans": [
        {
          "Node Type": "Gather",
          "Parent Relationship": "Outer",
          "Parallel Aware": false,
          "Startup Cost": 44347.07,
          "Total Cost": 44347.38,
          "Plan Rows": 3,
          "Plan Width": 8,
          "Actual Startup Time": 138.093,
          "Actual Total Time": 148.733,
          "Actual Rows": 4,
          "Actual Loops": 1,
          "Workers Planned": 3,
          "Workers Launched": 3,
          "Single Copy": false,
          "Plans": [
            {
              "Node Type": "Aggregate",
              "Strategy": "Plain",
              "Partial Mode": "Partial",
              "Parent Relationship": "Outer",
              "Parallel Aware": false,
              "Startup Cost": 43347.07,
              "Total Cost": 43347.08,
              "Plan Rows": 1,
              "Plan Width": 8,
              "Actual Startup Time": 129.241,
              "Actual Total Time": 129.242,
              "Actual Rows": 1,
              "Actual Loops": 4,
              "Plans": [
                {
                  "Node Type": "Seq Scan",
                  "Parent Relationship": "Outer",
                  "Parallel Aware": true,
                  "Relation Name": "movie_keyword",
                  "Alias": "mk",
                  "Startup Cost": 0.0,
                  "Total Cost": 42695.65,
                  "Plan Rows": 260565,
                  "Plan Width": 0,
                  "Actual Startup Time": 5.447,
                  "Actual Total Time": 117.223,
                  "Actual Rows": 201281,
                  "Actual Loops": 4,
                  "Filter": "(keyword_id > 23013)",
                  "Rows Removed by Filter": 929702
                }
              ]
            }
          ]
        }
      ]
    },
    "Planning Time": 0.194,
    "Triggers": [],
    "Execution Time": 148.796
  }
]