[
  {
    "Plan": {
      "Node Type": "Aggregate",
      "Strategy": "Plain",
      "Partial Mode": "Finalize",
      "Parallel Aware": false,
      "Startup Cost": 46265.8,
      "Total Cost": 46265.81,
      "Plan Rows": 1,
      "Plan Width": 8,
      "Actual Startup Time": 144.874,
      "Actual Total Time": 152.028,
      "Actual Rows": 1,
      "Actual Loops": 1,
      "Plans": [
        {
          "Node Type": "Gather",
          "Parent Relationship": "Outer",
          "Parallel Aware": false,
          "Startup Cost": 46265.49,
          "Total Cost": 46265.8,
          "Plan Rows": 3,
          "Plan Width": 8,
          "Actual Startup Time": 144.799,
          "Actual Total Time": 152.021,
          "Actual Rows": 4,
          "Actual Loops": 1,
          "Workers Planned": 3,
          "Workers Launched": 3,
          "Single Copy": false,
          "Plans": [
            {
              "Node Type": "Aggregate",
              "Strategy": "Plain",
              "Partial Mode": "Partial",
              "Parent Relationship": "Outer",
              "Parallel Aware": false,
              "Startup Cost": 45265.49,
              "Total Cost": 45265.5,
              "Plan Rows": 1,
              "Plan Width": 8,
              "Actual Startup Time": 140.273,
              "Actual Total Time": 140.274,
              "Actual Rows": 1,
              "Actual Loops": 4,
              "Plans": [
                {
                  "Node Type": "Seq Scan",
                  "Parent Relationship": "Outer",
                  "Parallel Aware": true,
                  "Relation Name": "movie_keyword",
                  "Alias": "mk",
                  "Startup Cost": 0.0,
                  "Total Cost": 42695.65,
                  "Plan Rows": 1027933,
                  "Plan Width": 0,
                  "Actual Startup Time": 0.031,
                  "Actual Total Time": 106.165,
                  "Actual Rows": 796558,
                  "Actual Loops": 4,
                  "Filter": "(keyword_id < 12839)",
                  "Rows Removed by Filter": 334425
                }
              ]
            }
          ]
        }
      ]
    },
    "Planning Time": 0.099,
    "Triggers": [],
    "Execution Time": 152.058
  }
]