[
  {
    "Bao": {
      "Bao prediction": 377.277,
      "Bao recommended hint": "(no hint)"
    }
  },
  {
    "Plan": {
      "Node Type": "Aggregate",
      "Strategy": "Plain",
      "Partial Mode": "Simple",
      "Parallel Aware": false,
      "Startup Cost": 7479.85,
      "Total Cost": 7479.86,
      "Plan Rows": 1,
      "Plan Width": 96,
      "Actual Startup Time": 3104.995,
      "Actual Total Time": 3105.003,
      "Actual Rows": 1,
      "Actual Loops": 1,
      "Plans": [
        {
          "Node Type": "Nested Loop",
          "Parent Relationship": "Outer",
          "Parallel Aware": false,
          "Join Type": "Inner",
          "Startup Cost": 12.93,
          "Total Cost": 7479.84,
          "Plan Rows": 1,
          "Plan Width": 41,
          "Actual Startup Time": 27.658,
          "Actual Total Time": 3058.37,
          "Actual Rows": 119406,
          "Actual Loops": 1,
          "Inner Unique": true,
          "Join Filter": "(mc.company_type_id = ct.id)",
          "Rows Removed by Join Filter": 10571,
          "Plans": [
            {
              "Node Type": "Nested Loop",
              "Parent Relationship": "Outer",
              "Parallel Aware": false,
              "Join Type": "Inner",
              "Startup Cost": 12.93,
              "Total Cost": 7478.75,
              "Plan Rows": 1,
              "Plan Width": 45,
              "Actual Startup Time": 27.641,
              "Actual Total Time": 2751.524,
              "Actual Rows": 119406,
              "Actual Loops": 1,
              "Inner Unique": true,
              "Plans": [
                {
                  "Node Type": "Nested Loop",
                  "Parent Relationship": "Outer",
                  "Parallel Aware": false,
                  "Join Type": "Inner",
                  "Startup Cost": 12.51,
                  "Total Cost": 7478.3,
                  "Plan Rows": 1,
                  "Plan Width": 30,
                  "Actual Startup Time": 26.862,
                  "Actual Total Time": 2170.733,
                  "Actual Rows": 201838,
                  "Actual Loops": 1,
                  "Inner Unique": false,
                  "Join Filter": "(t.id = mc.movie_id)",
                  "Rows Removed by Join Filter": 0,
                  "Plans": [
                    {
                      "Node Type": "Nested Loop",
                      "Parent Relationship": "Outer",
                      "Parallel Aware": false,
                      "Join Type": "Inner",
                      "Startup Cost": 12.08,
                      "Total Cost": 7477.7,
                      "Plan Rows": 1,
                      "Plan Width": 38,
                      "Actual Startup Time": 26.772,
                      "Actual Total Time": 1924.011,
                      "Actual Rows": 15790,
                      "Actual Loops": 1,
                      "Inner Unique": true,
                      "Join Filter": "(mi.info_type_id = it1.id)",
                      "Rows Removed by Join Filter": 9078,
                      "Plans": [
                        {
                          "Node Type": "Nested Loop",
                          "Parent Relationship": "Outer",
                          "Parallel Aware": false,
                          "Join Type": "Inner",
                          "Startup Cost": 12.08,
                          "Total Cost": 7475.27,
                          "Plan Rows": 1,
                          "Plan Width": 42,
                          "Actual Startup Time": 26.751,
                          "Actual Total Time": 1780.358,
                          "Actual Rows": 24868,
                          "Actual Loops": 1,
                          "Inner Unique": false,
                          "Join Filter": "(t.id = mi.movie_id)",
                          "Rows Removed by Join Filter": 0,
                          "Plans": [
                            {
                              "Node Type": "Nested Loop",
                              "Parent Relationship": "Outer",
                              "Parallel Aware": false,
                              "Join Type": "Inner",
                              "Startup Cost": 11.65,
                              "Total Cost": 7473.36,
                              "Plan Rows": 1,
                              "Plan Width": 34,
                              "Actual Startup Time": 22.104,
                              "Actual Total Time": 615.791,
                              "Actual Rows": 24541,
                              "Actual Loops": 1,
                              "Inner Unique": true,
                              "Join Filter": "(t.kind_id = kt.id)",
                              "Rows Removed by Join Filter": 10651,
                              "Plans": [
                                {
                                  "Node Type": "Nested Loop",
                                  "Parent Relationship": "Outer",
                                  "Parallel Aware": false,
                                  "Join Type": "Inner",
                                  "Startup Cost": 11.65,
                                  "Total Cost": 7472.18,
                                  "Plan Rows": 3,
                                  "Plan Width": 38,
                                  "Actual Startup Time": 20.839,
                                  "Actual Total Time": 604.918,
                                  "Actual Rows": 29227,
                                  "Actual Loops": 1,
                                  "Inner Unique": true,
                                  "Plans": [
                                    {
                                      "Node Type": "Nested Loop",
                                      "Parent Relationship": "Outer",
                                      "Parallel Aware": false,
                                      "Join Type": "Inner",
                                      "Startup Cost": 11.22,
                                      "Total Cost": 7470.22,
                                      "Plan Rows": 4,
                                      "Plan Width": 13,
                                      "Actual Startup Time": 20.735,
                                      "Actual Total Time": 415.883,
                                      "Actual Rows": 31800,
                                      "Actual Loops": 1,
                                      "Inner Unique": false,
                                      "Join Filter": "(mi_idx.info_type_id = it2.id)",
                                      "Rows Removed by Join Filter": 62093,
                                      "Plans": [
                                        {
                                          "Node Type": "Seq Scan",
                                          "Parent Relationship": "Outer",
                                          "Parallel Aware": false,
                                          "Relation Name": "info_type",
                                          "Alias": "it2",
                                          "Startup Cost": 0.0,
                                          "Total Cost": 2.41,
                                          "Plan Rows": 1,
                                          "Plan Width": 4,
                                          "Actual Startup Time": 0.051,
                                          "Actual Total Time": 0.054,
                                          "Actual Rows": 1,
                                          "Actual Loops": 1,
                                          "Filter": "((info)::text = 'rating'::text)",
                                          "Rows Removed by Filter": 112
                                        },
                                        {
                                          "Node Type": "Nested Loop",
                                          "Parent Relationship": "Inner",
                                          "Parallel Aware": false,
                                          "Join Type": "Inner",
                                          "Startup Cost": 11.22,
                                          "Total Cost": 7462.85,
                                          "Plan Rows": 397,
                                          "Plan Width": 17,
                                          "Actual Startup Time": 20.673,
                                          "Actual Total Time": 407.145,
                                          "Actual Rows": 93893,
                                          "Actual Loops": 1,
                                          "Inner Unique": false,
                                          "Plans": [
                                            {
                                              "Node Type": "Nested Loop",
                                              "Parent Relationship": "Outer",
                                              "Parallel Aware": false,
                                              "Join Type": "Inner",
                                              "Startup Cost": 10.79,
                                              "Total Cost": 7391.29,
                                              "Plan Rows": 135,
                                              "Plan Width": 4,
                                              "Actual Startup Time": 20.578,
                                              "Actual Total Time": 178.683,
                                              "Actual Rows": 37091,
                                              "Actual Loops": 1,
                                              "Inner Unique": false,
                                              "Plans": [
                                                {
                                                  "Node Type": "Seq Scan",
                                                  "Parent Relationship": "Outer",
                                                  "Parallel Aware": false,
                                                  "Relation Name": "keyword",
                                                  "Alias": "k",
                                                  "Startup Cost": 0.0,
                                                  "Total Cost": 2961.55,
                                                  "Plan Rows": 4,
                                                  "Plan Width": 4,
                                                  "Actual Startup Time": 3.4,
                                                  "Actual Total Time": 19.764,
                                                  "Actual Rows": 3,
                                                  "Actual Loops": 1,
                                                  "Filter": "(keyword = ANY ('{murder,murder-in-title,blood,violence}'::text[]))",
                                                  "Rows Removed by Filter": 134167
                                                },
                                                {
                                                  "Node Type": "Bitmap Heap Scan",
                                                  "Parent Relationship": "Inner",
                                                  "Parallel Aware": false,
                                                  "Relation Name": "movie_keyword",
                                                  "Alias": "mk",
                                                  "Startup Cost": 10.79,
                                                  "Total Cost": 1104.4,
                                                  "Plan Rows": 304,
                                                  "Plan Width": 8,
                                                  "Actual Startup Time": 7.776,
                                                  "Actual Total Time": 50.563,
                                                  "Actual Rows": 12364,
                                                  "Actual Loops": 3,
                                                  "Recheck Cond": "(keyword_id = k.id)",
                                                  "Rows Removed by Index Recheck": 0,
                                                  "Exact Heap Blocks": 26312,
                                                  "Lossy Heap Blocks": 0,
                                                  "Plans": [
                                                    {
                                                      "Node Type": "Bitmap Index Scan",
                                                      "Parent Relationship": "Outer",
                                                      "Parallel Aware": false,
                                                      "Index Name": "keyword_id_movie_keyword",
                                                      "Startup Cost": 0.0,
                                                      "Total Cost": 10.71,
                                                      "Plan Rows": 304,
                                                      "Plan Width": 0,
                                                      "Actual Startup Time": 6.216,
                                                      "Actual Total Time": 6.216,
                                                      "Actual Rows": 12364,
                                                      "Actual Loops": 3,
                                                      "Index Cond": "(keyword_id = k.id)"
                                                    }
                                                  ]
                                                }
                                              ]
                                            },
                                            {
                                              "Node Type": "Index Scan",
                                              "Parent Relationship": "Inner",
                                              "Parallel Aware": false,
                                              "Scan Direction": "Forward",
                                              "Index Name": "movie_id_movie_info_idx",
                                              "Relation Name": "movie_info_idx",
                                              "Alias": "mi_idx",
                                              "Startup Cost": 0.43,
                                              "Total Cost": 0.5,
                                              "Plan Rows": 3,
                                              "Plan Width": 13,
                                              "Actual Startup Time": 0.005,
                                              "Actual Total Time": 0.005,
                                              "Actual Rows": 3,
                                              "Actual Loops": 37091,
                                              "Index Cond": "(movie_id = mk.movie_id)",
                                              "Rows Removed by Index Recheck": 0,
                                              "Filter": "(info < '8.5'::text)",
                                              "Rows Removed by Filter": 0
                                            }
                                          ]
                                        }
                                      ]
                                    },
                                    {
                                      "Node Type": "Index Scan",
                                      "Parent Relationship": "Inner",
                                      "Parallel Aware": false,
                                      "Scan Direction": "Forward",
                                      "Index Name": "title_pkey",
                                      "Relation Name": "title",
                                      "Alias": "t",
                                      "Startup Cost": 0.43,
                                      "Total Cost": 0.49,
                                      "Plan Rows": 1,
                                      "Plan Width": 25,
                                      "Actual Startup Time": 0.005,
                                      "Actual Total Time": 0.005,
                                      "Actual Rows": 1,
                                      "Actual Loops": 31800,
                                      "Index Cond": "(id = mk.movie_id)",
                                      "Rows Removed by Index Recheck": 0,
                                      "Filter": "(production_year < 2010)",
                                      "Rows Removed by Filter": 0
                                    }
                                  ]
                                },
                                {
                                  "Node Type": "Materialize",
                                  "Parent Relationship": "Inner",
                                  "Parallel Aware": false,
                                  "Startup Cost": 0.0,
                                  "Total Cost": 1.1,
                                  "Plan Rows": 2,
                                  "Plan Width": 4,
                                  "Actual Startup Time": 0.0,
                                  "Actual Total Time": 0.0,
                                  "Actual Rows": 1,
                                  "Actual Loops": 29227,
                                  "Plans": [
                                    {
                                      "Node Type": "Seq Scan",
                                      "Parent Relationship": "Outer",
                                      "Parallel Aware": false,
                                      "Relation Name": "kind_type",
                                      "Alias": "kt",
                                      "Startup Cost": 0.0,
                                      "Total Cost": 1.09,
                                      "Plan Rows": 2,
                                      "Plan Width": 4,
                                      "Actual Startup Time": 0.018,
                                      "Actual Total Time": 0.022,
                                      "Actual Rows": 2,
                                      "Actual Loops": 1,
                                      "Filter": "((kind)::text = ANY ('{movie,episode}'::text[]))",
                                      "Rows Removed by Filter": 5
                                    }
                                  ]
                                }
                              ]
                            },
                            {
                              "Node Type": "Index Scan",
                              "Parent Relationship": "Inner",
                              "Parallel Aware": false,
                              "Scan Direction": "Forward",
                              "Index Name": "movie_id_movie_info",
                              "Relation Name": "movie_info",
                              "Alias": "mi",
                              "Startup Cost": 0.43,
                              "Total Cost": 1.89,
                              "Plan Rows": 2,
                              "Plan Width": 8,
                              "Actual Startup Time": 0.04,
                              "Actual Total Time": 0.047,
                              "Actual Rows": 1,
                              "Actual Loops": 24541,
                              "Index Cond": "(movie_id = mk.movie_id)",
                              "Rows Removed by Index Recheck": 0,
                              "Filter": "(info = ANY ('{Sweden,Norway,Germany,Denmark,Swedish,Danish,Norwegian,German,USA,American}'::text[]))",
                              "Rows Removed by Filter": 67
                            }
                          ]
                        },
                        {
                          "Node Type": "Seq Scan",
                          "Parent Relationship": "Inner",
                          "Parallel Aware": false,
                          "Relation Name": "info_type",
                          "Alias": "it1",
                          "Startup Cost": 0.0,
                          "Total Cost": 2.41,
                          "Plan Rows": 1,
                          "Plan Width": 4,
                          "Actual Startup Time": 0.002,
                          "Actual Total Time": 0.004,
                          "Actual Rows": 1,
                          "Actual Loops": 24868,
                          "Filter": "((info)::text = 'countries'::text)",
                          "Rows Removed by Filter": 45
                        }
                      ]
                    },
                    {
                      "Node Type": "Index Scan",
                      "Parent Relationship": "Inner",
                      "Parallel Aware": false,
                      "Scan Direction": "Forward",
                      "Index Name": "movie_id_movie_companies",
                      "Relation Name": "movie_companies",
                      "Alias": "mc",
                      "Startup Cost": 0.43,
                      "Total Cost": 0.54,
                      "Plan Rows": 5,
                      "Plan Width": 12,
                      "Actual Startup Time": 0.007,
                      "Actual Total Time": 0.013,
                      "Actual Rows": 13,
                      "Actual Loops": 15790,
                      "Index Cond": "(movie_id = mk.movie_id)",
                      "Rows Removed by Index Recheck": 0
                    }
                  ]
                },
                {
                  "Node Type": "Index Scan",
                  "Parent Relationship": "Inner",
                  "Parallel Aware": false,
                  "Scan Direction": "Forward",
                  "Index Name": "company_name_pkey",
                  "Relation Name": "company_name",
                  "Alias": "cn",
                  "Startup Cost": 0.42,
                  "Total Cost": 0.45,
                  "Plan Rows": 1,
                  "Plan Width": 23,
                  "Actual Startup Time": 0.002,
                  "Actual Total Time": 0.002,
                  "Actual Rows": 1,
                  "Actual Loops": 201838,
                  "Index Cond": "(id = mc.company_id)",
                  "Rows Removed by Index Recheck": 0,
                  "Filter": "((country_code)::text <> '[us]'::text)",
                  "Rows Removed by Filter": 0
                }
              ]
            },
            {
              "Node Type": "Seq Scan",
              "Parent Relationship": "Inner",
              "Parallel Aware": false,
              "Relation Name": "company_type",
              "Alias": "ct",
              "Startup Cost": 0.0,
              "Total Cost": 1.04,
              "Plan Rows": 4,
              "Plan Width": 4,
              "Actual Startup Time": 0.001,
              "Actual Total Time": 0.001,
              "Actual Rows": 1,
              "Actual Loops": 119406
            }
          ]
        }
      ]
    },
    "Planning Time": 504.477,
    "Triggers": [],
    "Execution Time": 3107.98
  }
]