[
  {
    "Plan": {
      "Node Type": "Aggregate",
      "Strategy": "Plain",
      "Partial Mode": "Finalize",
      "Parallel Aware": false,
      "Startup Cost": 33065.06,
      "Total Cost": 33065.07,
      "Plan Rows": 1,
      "Plan Width": 8,
      "Actual Startup Time": 107.151,
      "Actual Total Time": 114.989,
      "Actual Rows": 1,
      "Actual Loops": 1,
      "Plans": [
        {
          "Node Type": "Gather",
          "Parent Relationship": "Outer",
          "Parallel Aware": false,
          "Startup Cost": 33064.74,
          "Total Cost": 33065.05,
          "Plan Rows": 3,
          "Plan Width": 8,
          "Actual Startup Time": 107.032,
          "Actual Total Time": 114.981,
          "Actual Rows": 4,
          "Actual Loops": 1,
          "Workers Planned": 3,
          "Workers Launched": 3,
          "Single Copy": false,
          "Plans": [
            {
              "Node Type": "Aggregate",
              "Strategy": "Plain",
              "Partial Mode": "Partial",
              "Parent Relationship": "Outer",
              "Parallel Aware": false,
              "Startup Cost": 32064.74,
              "Total Cost": 32064.75,
              "Plan Rows": 1,
              "Plan Width": 8,
              "Actual Startup Time": 98.58,
              "Actual Total Time": 98.581,
              "Actual Rows": 1,
              "Actual Loops": 4,
              "Plans": [
                {
                  "Node Type": "Seq Scan",
                  "Parent Relationship": "Outer",
                  "Parallel Aware": true,
                  "Relation Name": "movie_companies",
                  "Alias": "mc",
                  "Startup Cost": 0.0,
                  "Total Cost": 31414.82,
                  "Plan Rows": 259968,
                  "Plan Width": 0,
                  "Actual Startup Time": 49.987,
                  "Actual Total Time": 87.581,
                  "Actual Rows": 256112,
                  "Actual Loops": 4,
                  "Filter": "((company_id > 5386) AND (company_type_id = 2))",
                  "Rows Removed by Filter": 396170
                }
              ]
            }
          ]
        }
      ]
    },
    "Planning Time": 0.2,
    "Triggers": [],
    "Execution Time": 115.042
  }
]