[
  {
    "Plan": {
      "Node Type": "Aggregate",
      "Strategy": "Plain",
      "Partial Mode": "Finalize",
      "Parallel Aware": false,
      "Startup Cost": 158823.29,
      "Total Cost": 158823.3,
      "Plan Rows": 1,
      "Plan Width": 8,
      "Actual Startup Time": 484.762,
      "Actual Total Time": 540.178,
      "Actual Rows": 1,
      "Actual Loops": 1,
      "Plans": [
        {
          "Node Type": "Gather",
          "Parent Relationship": "Outer",
          "Parallel Aware": false,
          "Startup Cost": 158822.97,
          "Total Cost": 158823.28,
          "Plan Rows": 3,
          "Plan Width": 8,
          "Actual Startup Time": 483.97,
          "Actual Total Time": 540.169,
          "Actual Rows": 4,
          "Actual Loops": 1,
          "Workers Planned": 3,
          "Workers Launched": 3,
          "Single Copy": false,
          "Plans": [
            {
              "Node Type": "Aggregate",
              "Strategy": "Plain",
              "Partial Mode": "Partial",
              "Parent Relationship": "Outer",
              "Parallel Aware": false,
              "Startup Cost": 157822.97,
              "Total Cost": 157822.98,
              "Plan Rows": 1,
              "Plan Width": 8,
              "Actual Startup Time": 474.48,
              "Actual Total Time": 474.483,
              "Actual Rows": 1,
              "Actual Loops": 4,
              "Plans": [
                {
                  "Node Type": "Nested Loop",
                  "Parent Relationship": "Outer",
                  "Parallel Aware": false,
                  "Join Type": "Inner",
                  "Startup Cost": 45102.41,
                  "Total Cost": 157304.07,
                  "Plan Rows": 207558,
                  "Plan Width": 0,
                  "Actual Startup Time": 161.314,
                  "Actual Total Time": 465.285,
                  "Actual Rows": 142720,
                  "Actual Loops": 4,
                  "Inner Unique": false,
                  "Plans": [
                    {
                      "Node Type": "Hash Join",
                      "Parent Relationship": "Outer",
                      "Parallel Aware": true,
                      "Join Type": "Inner",
                      "Startup Cost": 45101.84,
                      "Total Cost": 76766.4,
                      "Plan Rows": 14485,
                      "Plan Width": 8,
                      "Actual Startup Time": 161.234,
                      "Actual Total Time": 208.143,
                      "Actual Rows": 9148,
                      "Actual Loops": 4,
                      "Inner Unique": true,
                      "Hash Cond": "(mc.movie_id = t.id)",
                      "Plans": [
                        {
                          "Node Type": "Seq Scan",
                          "Parent Relationship": "Outer",
                          "Parallel Aware": true,
                          "Relation Name": "movie_companies",
                          "Alias": "mc",
                          "Startup Cost": 0.0,
                          "Total Cost": 31414.82,
                          "Plan Rows": 95140,
                          "Plan Width": 4,
                          "Actual Startup Time": 30.761,
                          "Actual Total Time": 59.831,
                          "Actual Rows": 39196,
                          "Actual Loops": 4,
                          "Filter": "((company_id < 624) AND (company_type_id > 1))",
                          "Rows Removed by Filter": 613086
                        },
                        {
                          "Node Type": "Hash",
                          "Parent Relationship": "Inner",
                          "Parallel Aware": true,
                          "Startup Cost": 43898.92,
                          "Total Cost": 43898.92,
                          "Plan Rows": 96234,
                          "Plan Width": 4,
                          "Actual Startup Time": 127.198,
                          "Actual Total Time": 127.199,
                          "Actual Rows": 98968,
                          "Actual Loops": 4,
                          "Hash Buckets": 524288,
                          "Original Hash Buckets": 524288,
                          "Hash Batches": 1,
                          "Original Hash Batches": 1,
                          "Peak Memory Usage": 19648,
                          "Plans": [
                            {
                              "Node Type": "Seq Scan",
                              "Parent Relationship": "Outer",
                              "Parallel Aware": true,
                              "Relation Name": "title",
                              "Alias": "t",
                              "Startup Cost": 0.0,
                              "Total Cost": 43898.92,
                              "Plan Rows": 96234,
                              "Plan Width": 4,
                              "Actual Startup Time": 0.033,
                              "Actual Total Time": 96.141,
                              "Actual Rows": 98968,
                              "Actual Loops": 4,
                              "Filter": "(production_year < 1972)",
                              "Rows Removed by Filter": 533110
                            }
                          ]
                        }
                      ]
                    },
                    {
                      "Node Type": "Index Only Scan",
                      "Parent Relationship": "Inner",
                      "Parallel Aware": false,
                      "Scan Direction": "Forward",
                      "Index Name": "movie_id_cast_info",
                      "Relation Name": "cast_info",
                      "Alias": "ci",
                      "Startup Cost": 0.56,
                      "Total Cost": 5.19,
                      "Plan Rows": 37,
                      "Plan Width": 4,
                      "Actual Startup Time": 0.006,
                      "Actual Total Time": 0.026,
                      "Actual Rows": 16,
                      "Actual Loops": 36592,
                      "Index Cond": "(movie_id = t.id)",
                      "Rows Removed by Index Recheck": 0,
                      "Heap Fetches": 570879
                    }
                  ]
                }
              ]
            }
          ]
        }
      ]
    },
    "Planning Time": 1.418,
    "Triggers": [],
    "Execution Time": 540.286
  }
]