[
  {
    "Plan": {
      "Node Type": "Aggregate",
      "Strategy": "Plain",
      "Partial Mode": "Finalize",
      "Parallel Aware": false,
      "Startup Cost": 613337.26,
      "Total Cost": 613337.27,
      "Plan Rows": 1,
      "Plan Width": 8,
      "Actual Startup Time": 2566.896,
      "Actual Total Time": 2653.748,
      "Actual Rows": 1,
      "Actual Loops": 1,
      "Plans": [
        {
          "Node Type": "Gather",
          "Parent Relationship": "Outer",
          "Parallel Aware": false,
          "Startup Cost": 613336.64,
          "Total Cost": 613337.25,
          "Plan Rows": 6,
          "Plan Width": 8,
          "Actual Startup Time": 2543.279,
          "Actual Total Time": 2653.734,
          "Actual Rows": 7,
          "Actual Loops": 1,
          "Workers Planned": 6,
          "Workers Launched": 6,
          "Single Copy": false,
          "Plans": [
            {
              "Node Type": "Aggregate",
              "Strategy": "Plain",
              "Partial Mode": "Partial",
              "Parent Relationship": "Outer",
              "Parallel Aware": false,
              "Startup Cost": 612336.64,
              "Total Cost": 612336.65,
              "Plan Rows": 1,
              "Plan Width": 8,
              "Actual Startup Time": 2528.536,
              "Actual Total Time": 2528.717,
              "Actual Rows": 1,
              "Actual Loops": 7,
              "Plans": [
                {
                  "Node Type": "Hash Join",
                  "Parent Relationship": "Outer",
                  "Parallel Aware": true,
                  "Join Type": "Inner",
                  "Startup Cost": 253552.45,
                  "Total Cost": 605214.3,
                  "Plan Rows": 2848936,
                  "Plan Width": 0,
                  "Actual Startup Time": 759.278,
                  "Actual Total Time": 2441.183,
                  "Actual Rows": 2091813,
                  "Actual Loops": 7,
                  "Inner Unique": false,
                  "Hash Cond": "(ci.movie_id = t.id)",
                  "Plans": [
                    {
                      "Node Type": "Seq Scan",
                      "Parent Relationship": "Outer",
                      "Parallel Aware": true,
                      "Relation Name": "cast_info",
                      "Alias": "ci",
                      "Startup Cost": 0.0,
                      "Total Cost": 328162.03,
                      "Plan Rows": 4747190,
                      "Plan Width": 4,
                      "Actual Startup Time": 81.053,
                      "Actual Total Time": 617.838,
                      "Actual Rows": 4045705,
                      "Actual Loops": 7,
                      "Filter": "(person_id > 773018)",
                      "Rows Removed by Filter": 1132059
                    },
                    {
                      "Node Type": "Hash",
                      "Parent Relationship": "Inner",
                      "Parallel Aware": true,
                      "Startup Cost": 249759.19,
                      "Total Cost": 249759.19,
                      "Plan Rows": 303461,
                      "Plan Width": 8,
                      "Actual Startup Time": 673.466,
                      "Actual Total Time": 673.645,
                      "Actual Rows": 146131,
                      "Actual Loops": 7,
                      "Hash Buckets": 2097152,
                      "Original Hash Buckets": 2097152,
                      "Hash Batches": 1,
                      "Original Hash Batches": 1,
                      "Peak Memory Usage": 56512,
                      "Plans": [
                        {
                          "Node Type": "Hash Join",
                          "Parent Relationship": "Outer",
                          "Parallel Aware": true,
                          "Join Type": "Inner",
                          "Startup Cost": 49727.15,
                          "Total Cost": 249759.19,
                          "Plan Rows": 303461,
                          "Plan Width": 8,
                          "Actual Startup Time": 229.504,
                          "Actual Total Time": 599.13,
                          "Actual Rows": 146131,
                          "Actual Loops": 7,
                          "Inner Unique": true,
                          "Hash Cond": "(mi.movie_id = t.id)",
                          "Plans": [
                            {
                              "Node Type": "Seq Scan",
                              "Parent Relationship": "Outer",
                              "Parallel Aware": true,
                              "Relation Name": "movie_info",
                              "Alias": "mi",
                              "Startup Cost": 0.0,
                              "Total Cost": 198952.16,
                              "Plan Rows": 411380,
                              "Plan Width": 4,
                              "Actual Startup Time": 26.437,
                              "Actual Total Time": 272.184,
                              "Actual Rows": 298724,
                              "Actual Loops": 7,
                              "Filter": "(info_type_id < 3)",
                              "Rows Removed by Filter": 1820665
                            },
                            {
                              "Node Type": "Hash",
                              "Parent Relationship": "Inner",
                              "Parallel Aware": true,
                              "Startup Cost": 43898.92,
                              "Total Cost": 43898.92,
                              "Plan Rows": 466259,
                              "Plan Width": 4,
                              "Actual Startup Time": 200.929,
                              "Actual Total Time": 200.931,
                              "Actual Rows": 266498,
                              "Actual Loops": 7,
                              "Hash Buckets": 2097152,
                              "Original Hash Buckets": 2097152,
                              "Hash Batches": 1,
                              "Original Hash Batches": 1,
                              "Peak Memory Usage": 89440,
                              "Plans": [
                                {
                                  "Node Type": "Seq Scan",
                                  "Parent Relationship": "Outer",
                                  "Parallel Aware": true,
                                  "Relation Name": "title",
                                  "Alias": "t",
                                  "Startup Cost": 0.0,
                                  "Total Cost": 43898.92,
                                  "Plan Rows": 466259,
                                  "Plan Width": 4,
                                  "Actual Startup Time": 0.046,
                                  "Actual Total Time": 78.846,
                                  "Actual Rows": 266498,
                                  "Actual Loops": 7,
                                  "Filter": "(kind_id > 1)",
                                  "Rows Removed by Filter": 94689
                                }
                              ]
                            }
                          ]
                        }
                      ]
                    }
                  ]
                }
              ]
            }
          ]
        }
      ]
    },
    "Planning Time": 1.375,
    "Triggers": [],
    "Execution Time": 2653.853
  }
]