{
    "Plan": {
        "Node Type": "Aggregate",
        "Strategy": "Plain",
        "Partial Mode": "Simple",
        "Parallel Aware": false,
        "Startup Cost": 10000259623.55,
        "Total Cost": 10000259623.56,
        "Plan Rows": 1,
        "Plan Width": 8,
        "Actual Startup Time": 2665.123,
        "Actual Total Time": 2665.127,
        "Actual Rows": 1,
        "Actual Loops": 1,
        "Output": [
            "count(*)"
        ],
        "Plans": [
            {
                "Node Type": "Hash Join",
                "Parent Relationship": "Outer",
                "Parallel Aware": false,
                "Join Type": "Inner",
                "Startup Cost": 10000107634.37,
                "Total Cost": 10000255332.84,
                "Plan Rows": 1716285,
                "Plan Width": 0,
                "Actual Startup Time": 1171.088,
                "Actual Total Time": 2609.815,
                "Actual Rows": 906814,
                "Actual Loops": 1,
                "Inner Unique": true,
                "Hash Cond": "(mc.movie_id = t.id)",
                "Plans": [
                    {
                        "Node Type": "Index Scan",
                        "Parent Relationship": "Outer",
                        "Parallel Aware": false,
                        "Scan Direction": "Forward",
                        "Index Name": "movie_id_movie_companies",
                        "Relation Name": "movie_companies",
                        "Schema": "public",
                        "Alias": "mc",
                        "Startup Cost": 10000000000.43,
                        "Total Cost": 10000140849.93,
                        "Plan Rows": 2609129,
                        "Plan Width": 4,
                        "Actual Startup Time": 0.045,
                        "Actual Total Time": 714.168,
                        "Actual Rows": 2609129,
                        "Actual Loops": 1,
                        "Output": [
                            "mc.id",
                            "mc.movie_id",
                            "mc.company_id",
                            "mc.company_type_id",
                            "mc.note"
                        ]
                    },
                    {
                        "Node Type": "Hash",
                        "Parent Relationship": "Inner",
                        "Parallel Aware": false,
                        "Startup Cost": 86844.81,
                        "Total Cost": 86844.81,
                        "Plan Rows": 1663130,
                        "Plan Width": 4,
                        "Actual Startup Time": 1151.464,
                        "Actual Total Time": 1151.466,
                        "Actual Rows": 1674098,
                        "Actual Loops": 1,
                        "Output": [
                            "t.id"
                        ],
                        "Hash Buckets": 2097152,
                        "Original Hash Buckets": 2097152,
                        "Hash Batches": 1,
                        "Original Hash Batches": 1,
                        "Peak Memory Usage": 75240,
                        "Plans": [
                            {
                                "Node Type": "Bitmap Heap Scan",
                                "Parent Relationship": "Outer",
                                "Parallel Aware": false,
                                "Relation Name": "title",
                                "Schema": "public",
                                "Alias": "t",
                                "Startup Cost": 30057.69,
                                "Total Cost": 86844.81,
                                "Plan Rows": 1663130,
                                "Plan Width": 4,
                                "Actual Startup Time": 104.756,
                                "Actual Total Time": 576.046,
                                "Actual Rows": 1674098,
                                "Actual Loops": 1,
                                "Output": [
                                    "t.id"
                                ],
                                "Recheck Cond": "(t.kind_id > 3)",
                                "Rows Removed by Index Recheck": 0,
                                "Exact Heap Blocks": 35994,
                                "Lossy Heap Blocks": 0,
                                "Plans": [
                                    {
                                        "Node Type": "Bitmap Index Scan",
                                        "Parent Relationship": "Outer",
                                        "Parallel Aware": false,
                                        "Index Name": "kind_id_title",
                                        "Startup Cost": 0.0,
                                        "Total Cost": 29641.9,
                                        "Plan Rows": 1663130,
                                        "Plan Width": 0,
                                        "Actual Startup Time": 96.839,
                                        "Actual Total Time": 96.839,
                                        "Actual Rows": 1674098,
                                        "Actual Loops": 1,
                                        "Index Cond": "(t.kind_id > 3)"
                                    }
                                ]
                            }
                        ]
                    }
                ]
            }
        ]
    },
    "Planning Time": 2.771,
    "Triggers": [],
    "Execution Time": 2667.124
}