[
  {
    "Plan": {
      "Node Type": "Aggregate",
      "Strategy": "Plain",
      "Partial Mode": "Finalize",
      "Parallel Aware": false,
      "Startup Cost": 74010.55,
      "Total Cost": 74010.56,
      "Plan Rows": 1,
      "Plan Width": 8,
      "Actual Startup Time": 109.846,
      "Actual Total Time": 126.735,
      "Actual Rows": 1,
      "Actual Loops": 1,
      "Plans": [
        {
          "Node Type": "Gather",
          "Parent Relationship": "Outer",
          "Parallel Aware": false,
          "Startup Cost": 74010.13,
          "Total Cost": 74010.54,
          "Plan Rows": 4,
          "Plan Width": 8,
          "Actual Startup Time": 109.609,
          "Actual Total Time": 126.726,
          "Actual Rows": 5,
          "Actual Loops": 1,
          "Workers Planned": 4,
          "Workers Launched": 4,
          "Single Copy": false,
          "Plans": [
            {
              "Node Type": "Aggregate",
              "Strategy": "Plain",
              "Partial Mode": "Partial",
              "Parent Relationship": "Outer",
              "Parallel Aware": false,
              "Startup Cost": 73010.13,
              "Total Cost": 73010.14,
              "Plan Rows": 1,
              "Plan Width": 8,
              "Actual Startup Time": 99.972,
              "Actual Total Time": 99.973,
              "Actual Rows": 1,
              "Actual Loops": 5,
              "Plans": [
                {
                  "Node Type": "Nested Loop",
                  "Parent Relationship": "Outer",
                  "Parallel Aware": false,
                  "Join Type": "Inner",
                  "Startup Cost": 0.43,
                  "Total Cost": 73007.57,
                  "Plan Rows": 1023,
                  "Plan Width": 0,
                  "Actual Startup Time": 61.515,
                  "Actual Total Time": 99.658,
                  "Actual Rows": 3796,
                  "Actual Loops": 5,
                  "Inner Unique": false,
                  "Plans": [
                    {
                      "Node Type": "Seq Scan",
                      "Parent Relationship": "Outer",
                      "Parallel Aware": true,
                      "Relation Name": "title",
                      "Alias": "t",
                      "Startup Cost": 0.0,
                      "Total Cost": 45479.1,
                      "Plan Rows": 175,
                      "Plan Width": 4,
                      "Actual Startup Time": 61.42,
                      "Actual Total Time": 85.265,
                      "Actual Rows": 360,
                      "Actual Loops": 5,
                      "Filter": "((kind_id < 6) AND (production_year = 1902))",
                      "Rows Removed by Filter": 505303
                    },
                    {
                      "Node Type": "Index Only Scan",
                      "Parent Relationship": "Inner",
                      "Parallel Aware": false,
                      "Scan Direction": "Forward",
                      "Index Name": "movie_id_movie_info",
                      "Relation Name": "movie_info",
                      "Alias": "mi",
                      "Startup Cost": 0.43,
                      "Total Cost": 156.89,
                      "Plan Rows": 42,
                      "Plan Width": 4,
                      "Actual Startup Time": 0.016,
                      "Actual Total Time": 0.038,
                      "Actual Rows": 11,
                      "Actual Loops": 1799,
                      "Index Cond": "(movie_id = t.id)",
                      "Rows Removed by Index Recheck": 0,
                      "Heap Fetches": 18982
                    }
                  ]
                }
              ]
            }
          ]
        }
      ]
    },
    "Planning Time": 0.504,
    "Triggers": [],
    "Execution Time": 126.8
  }
]