[
  {
    "Plan": {
      "Node Type": "Aggregate",
      "Strategy": "Plain",
      "Partial Mode": "Finalize",
      "Parallel Aware": false,
      "Startup Cost": 33125.55,
      "Total Cost": 33125.56,
      "Plan Rows": 1,
      "Plan Width": 8,
      "Actual Startup Time": 109.647,
      "Actual Total Time": 117.807,
      "Actual Rows": 1,
      "Actual Loops": 1,
      "Plans": [
        {
          "Node Type": "Gather",
          "Parent Relationship": "Outer",
          "Parallel Aware": false,
          "Startup Cost": 33125.24,
          "Total Cost": 33125.55,
          "Plan Rows": 3,
          "Plan Width": 8,
          "Actual Startup Time": 109.537,
          "Actual Total Time": 117.798,
          "Actual Rows": 4,
          "Actual Loops": 1,
          "Workers Planned": 3,
          "Workers Launched": 3,
          "Single Copy": false,
          "Plans": [
            {
              "Node Type": "Aggregate",
              "Strategy": "Plain",
              "Partial Mode": "Partial",
              "Parent Relationship": "Outer",
              "Parallel Aware": false,
              "Startup Cost": 32125.24,
              "Total Cost": 32125.25,
              "Plan Rows": 1,
              "Plan Width": 8,
              "Actual Startup Time": 101.481,
              "Actual Total Time": 101.482,
              "Actual Rows": 1,
              "Actual Loops": 4,
              "Plans": [
                {
                  "Node Type": "Seq Scan",
                  "Parent Relationship": "Outer",
                  "Parallel Aware": true,
                  "Relation Name": "movie_companies",
                  "Alias": "mc",
                  "Startup Cost": 0.0,
                  "Total Cost": 31414.82,
                  "Plan Rows": 284167,
                  "Plan Width": 0,
                  "Actual Startup Time": 0.046,
                  "Actual Total Time": 84.294,
                  "Actual Rows": 297066,
                  "Actual Loops": 4,
                  "Filter": "((company_id < 26983) AND (company_type_id < 2))",
                  "Rows Removed by Filter": 355216
                }
              ]
            }
          ]
        }
      ]
    },
    "Planning Time": 0.217,
    "Triggers": [],
    "Execution Time": 117.873
  }
]