[
  {
    "Plan": {
      "Node Type": "Aggregate",
      "Strategy": "Plain",
      "Partial Mode": "Finalize",
      "Parallel Aware": false,
      "Startup Cost": 32761.82,
      "Total Cost": 32761.83,
      "Plan Rows": 1,
      "Plan Width": 8,
      "Actual Startup Time": 99.445,
      "Actual Total Time": 105.677,
      "Actual Rows": 1,
      "Actual Loops": 1,
      "Plans": [
        {
          "Node Type": "Gather",
          "Parent Relationship": "Outer",
          "Parallel Aware": false,
          "Startup Cost": 32761.51,
          "Total Cost": 32761.82,
          "Plan Rows": 3,
          "Plan Width": 8,
          "Actual Startup Time": 99.363,
          "Actual Total Time": 105.668,
          "Actual Rows": 4,
          "Actual Loops": 1,
          "Workers Planned": 3,
          "Workers Launched": 3,
          "Single Copy": false,
          "Plans": [
            {
              "Node Type": "Aggregate",
              "Strategy": "Plain",
              "Partial Mode": "Partial",
              "Parent Relationship": "Outer",
              "Parallel Aware": false,
              "Startup Cost": 31761.51,
              "Total Cost": 31761.52,
              "Plan Rows": 1,
              "Plan Width": 8,
              "Actual Startup Time": 92.285,
              "Actual Total Time": 92.286,
              "Actual Rows": 1,
              "Actual Loops": 4,
              "Plans": [
                {
                  "Node Type": "Seq Scan",
                  "Parent Relationship": "Outer",
                  "Parallel Aware": true,
                  "Relation Name": "movie_companies",
                  "Alias": "mc",
                  "Startup Cost": 0.0,
                  "Total Cost": 31414.82,
                  "Plan Rows": 138675,
                  "Plan Width": 0,
                  "Actual Startup Time": 49.057,
                  "Actual Total Time": 83.973,
                  "Actual Rows": 189992,
                  "Actual Loops": 4,
                  "Filter": "((company_id > 24317) AND (company_type_id > 1))",
                  "Rows Removed by Filter": 462291
                }
              ]
            }
          ]
        }
      ]
    },
    "Planning Time": 0.202,
    "Triggers": [],
    "Execution Time": 105.734
  }
]