[
  {
    "Plan": {
      "Node Type": "Aggregate",
      "Strategy": "Plain",
      "Partial Mode": "Finalize",
      "Parallel Aware": false,
      "Startup Cost": 44739.45,
      "Total Cost": 44739.46,
      "Plan Rows": 1,
      "Plan Width": 8,
      "Actual Startup Time": 137.273,
      "Actual Total Time": 146.961,
      "Actual Rows": 1,
      "Actual Loops": 1,
      "Plans": [
        {
          "Node Type": "Gather",
          "Parent Relationship": "Outer",
          "Parallel Aware": false,
          "Startup Cost": 44739.13,
          "Total Cost": 44739.44,
          "Plan Rows": 3,
          "Plan Width": 8,
          "Actual Startup Time": 137.161,
          "Actual Total Time": 146.953,
          "Actual Rows": 4,
          "Actual Loops": 1,
          "Workers Planned": 3,
          "Workers Launched": 3,
          "Single Copy": false,
          "Plans": [
            {
              "Node Type": "Aggregate",
              "Strategy": "Plain",
              "Partial Mode": "Partial",
              "Parent Relationship": "Outer",
              "Parallel Aware": false,
              "Startup Cost": 43739.13,
              "Total Cost": 43739.14,
              "Plan Rows": 1,
              "Plan Width": 8,
              "Actual Startup Time": 128.478,
              "Actual Total Time": 128.48,
              "Actual Rows": 1,
              "Actual Loops": 4,
              "Plans": [
                {
                  "Node Type": "Seq Scan",
                  "Parent Relationship": "Outer",
                  "Parallel Aware": true,
                  "Relation Name": "movie_keyword",
                  "Alias": "mk",
                  "Startup Cost": 0.0,
                  "Total Cost": 42695.65,
                  "Plan Rows": 417392,
                  "Plan Width": 0,
                  "Actual Startup Time": 2.323,
                  "Actual Total Time": 112.079,
                  "Actual Rows": 323313,
                  "Actual Loops": 4,
                  "Filter": "(keyword_id > 13660)",
                  "Rows Removed by Filter": 807670
                }
              ]
            }
          ]
        }
      ]
    },
    "Planning Time": 0.181,
    "Triggers": [],
    "Execution Time": 147.016
  }
]