[
  {
    "Plan": {
      "Node Type": "Aggregate",
      "Strategy": "Plain",
      "Partial Mode": "Finalize",
      "Parallel Aware": false,
      "Startup Cost": 100265.48,
      "Total Cost": 100265.49,
      "Plan Rows": 1,
      "Plan Width": 8,
      "Actual Startup Time": 613.011,
      "Actual Total Time": 632.047,
      "Actual Rows": 1,
      "Actual Loops": 1,
      "Plans": [
        {
          "Node Type": "Gather",
          "Parent Relationship": "Outer",
          "Parallel Aware": false,
          "Startup Cost": 100265.27,
          "Total Cost": 100265.48,
          "Plan Rows": 2,
          "Plan Width": 8,
          "Actual Startup Time": 607.341,
          "Actual Total Time": 632.034,
          "Actual Rows": 3,
          "Actual Loops": 1,
          "Workers Planned": 2,
          "Workers Launched": 2,
          "Single Copy": false,
          "Plans": [
            {
              "Node Type": "Aggregate",
              "Strategy": "Plain",
              "Partial Mode": "Partial",
              "Parent Relationship": "Outer",
              "Parallel Aware": false,
              "Startup Cost": 99265.27,
              "Total Cost": 99265.28,
              "Plan Rows": 1,
              "Plan Width": 8,
              "Actual Startup Time": 603.943,
              "Actual Total Time": 604.566,
              "Actual Rows": 1,
              "Actual Loops": 3,
              "Plans": [
                {
                  "Node Type": "Hash Join",
                  "Parent Relationship": "Outer",
                  "Parallel Aware": true,
                  "Join Type": "Inner",
                  "Startup Cost": 83048.01,
                  "Total Cost": 99101.19,
                  "Plan Rows": 65633,
                  "Plan Width": 0,
                  "Actual Startup Time": 497.506,
                  "Actual Total Time": 598.432,
                  "Actual Rows": 149797,
                  "Actual Loops": 3,
                  "Inner Unique": false,
                  "Hash Cond": "(mi_idx.movie_id = t.id)",
                  "Plans": [
                    {
                      "Node Type": "Seq Scan",
                      "Parent Relationship": "Outer",
                      "Parallel Aware": true,
                      "Relation Name": "movie_info_idx",
                      "Alias": "mi_idx",
                      "Startup Cost": 0.0,
                      "Total Cost": 13685.15,
                      "Plan Rows": 575015,
                      "Plan Width": 4,
                      "Actual Startup Time": 0.018,
                      "Actual Total Time": 38.641,
                      "Actual Rows": 460012,
                      "Actual Loops": 3
                    },
                    {
                      "Node Type": "Hash",
                      "Parent Relationship": "Inner",
                      "Parallel Aware": true,
                      "Startup Cost": 81884.31,
                      "Total Cost": 81884.31,
                      "Plan Rows": 93096,
                      "Plan Width": 8,
                      "Actual Startup Time": 495.06,
                      "Actual Total Time": 495.681,
                      "Actual Rows": 102125,
                      "Actual Loops": 3,
                      "Hash Buckets": 524288,
                      "Original Hash Buckets": 524288,
                      "Hash Batches": 1,
                      "Original Hash Batches": 1,
                      "Peak Memory Usage": 16128,
                      "Plans": [
                        {
                          "Node Type": "Hash Join",
                          "Parent Relationship": "Outer",
                          "Parallel Aware": true,
                          "Join Type": "Inner",
                          "Startup Cost": 50046.71,
                          "Total Cost": 81884.31,
                          "Plan Rows": 93096,
                          "Plan Width": 8,
                          "Actual Startup Time": 309.916,
                          "Actual Total Time": 464.161,
                          "Actual Rows": 102125,
                          "Actual Loops": 3,
                          "Inner Unique": true,
                          "Hash Cond": "(mc.movie_id = t.id)",
                          "Plans": [
                            {
                              "Node Type": "Seq Scan",
                              "Parent Relationship": "Outer",
                              "Parallel Aware": true,
                              "Relation Name": "movie_companies",
                              "Alias": "mc",
                              "Startup Cost": 0.0,
                              "Total Cost": 31414.82,
                              "Plan Rows": 161061,
                              "Plan Width": 4,
                              "Actual Startup Time": 0.013,
                              "Actual Total Time": 80.048,
                              "Actual Rows": 237614,
                              "Actual Loops": 3,
                              "Filter": "((company_id < 5503) AND (company_type_id = 1))",
                              "Rows Removed by Filter": 632095
                            },
                            {
                              "Node Type": "Hash",
                              "Parent Relationship": "Inner",
                              "Parallel Aware": true,
                              "Startup Cost": 45479.59,
                              "Total Cost": 45479.59,
                              "Plan Rows": 365370,
                              "Plan Width": 4,
                              "Actual Startup Time": 303.923,
                              "Actual Total Time": 303.924,
                              "Actual Rows": 492813,
                              "Actual Loops": 3,
                              "Hash Buckets": 2097152,
                              "Original Hash Buckets": 2097152,
                              "Hash Batches": 1,
                              "Original Hash Batches": 1,
                              "Peak Memory Usage": 74272,
                              "Plans": [
                                {
                                  "Node Type": "Seq Scan",
                                  "Parent Relationship": "Outer",
                                  "Parallel Aware": true,
                                  "Relation Name": "title",
                                  "Alias": "t",
                                  "Startup Cost": 0.0,
                                  "Total Cost": 45479.59,
                                  "Plan Rows": 365370,
                                  "Plan Width": 4,
                                  "Actual Startup Time": 0.042,
                                  "Actual Total Time": 130.904,
                                  "Actual Rows": 492813,
                                  "Actual Loops": 3,
                                  "Filter": "((production_year > 1914) AND (kind_id = 7))",
                                  "Rows Removed by Filter": 349958
                                }
                              ]
                            }
                          ]
                        }
                      ]
                    }
                  ]
                }
              ]
            }
          ]
        }
      ]
    },
    "Planning Time": 0.713,
    "Triggers": [],
    "Execution Time": 632.099
  }
]