[
  {
    "Plan": {
      "Node Type": "Aggregate",
      "Strategy": "Plain",
      "Partial Mode": "Finalize",
      "Parallel Aware": false,
      "Startup Cost": 99071.11,
      "Total Cost": 99071.12,
      "Plan Rows": 1,
      "Plan Width": 8,
      "Actual Startup Time": 556.249,
      "Actual Total Time": 572.942,
      "Actual Rows": 1,
      "Actual Loops": 1,
      "Plans": [
        {
          "Node Type": "Gather",
          "Parent Relationship": "Outer",
          "Parallel Aware": false,
          "Startup Cost": 99070.89,
          "Total Cost": 99071.1,
          "Plan Rows": 2,
          "Plan Width": 8,
          "Actual Startup Time": 553.016,
          "Actual Total Time": 572.934,
          "Actual Rows": 3,
          "Actual Loops": 1,
          "Workers Planned": 2,
          "Workers Launched": 2,
          "Single Copy": false,
          "Plans": [
            {
              "Node Type": "Aggregate",
              "Strategy": "Plain",
              "Partial Mode": "Partial",
              "Parent Relationship": "Outer",
              "Parallel Aware": false,
              "Startup Cost": 98070.89,
              "Total Cost": 98070.9,
              "Plan Rows": 1,
              "Plan Width": 8,
              "Actual Startup Time": 544.523,
              "Actual Total Time": 544.528,
              "Actual Rows": 1,
              "Actual Loops": 3,
              "Plans": [
                {
                  "Node Type": "Hash Join",
                  "Parent Relationship": "Outer",
                  "Parallel Aware": true,
                  "Join Type": "Inner",
                  "Startup Cost": 81898.2,
                  "Total Cost": 97905.27,
                  "Plan Rows": 66248,
                  "Plan Width": 0,
                  "Actual Startup Time": 443.46,
                  "Actual Total Time": 538.803,
                  "Actual Rows": 149797,
                  "Actual Loops": 3,
                  "Inner Unique": false,
                  "Hash Cond": "(mi_idx.movie_id = t.id)",
                  "Plans": [
                    {
                      "Node Type": "Seq Scan",
                      "Parent Relationship": "Outer",
                      "Parallel Aware": true,
                      "Relation Name": "movie_info_idx",
                      "Alias": "mi_idx",
                      "Startup Cost": 0.0,
                      "Total Cost": 13685.15,
                      "Plan Rows": 575015,
                      "Plan Width": 4,
                      "Actual Startup Time": 0.031,
                      "Actual Total Time": 34.838,
                      "Actual Rows": 460012,
                      "Actual Loops": 3
                    },
                    {
                      "Node Type": "Hash",
                      "Parent Relationship": "Inner",
                      "Parallel Aware": true,
                      "Startup Cost": 80987.93,
                      "Total Cost": 80987.93,
                      "Plan Rows": 72822,
                      "Plan Width": 8,
                      "Actual Startup Time": 438.675,
                      "Actual Total Time": 438.679,
                      "Actual Rows": 102125,
                      "Actual Loops": 3,
                      "Hash Buckets": 524288,
                      "Original Hash Buckets": 524288,
                      "Hash Batches": 1,
                      "Original Hash Batches": 1,
                      "Peak Memory Usage": 16128,
                      "Plans": [
                        {
                          "Node Type": "Hash Join",
                          "Parent Relationship": "Outer",
                          "Parallel Aware": true,
                          "Join Type": "Inner",
                          "Startup Cost": 33449.99,
                          "Total Cost": 80987.93,
                          "Plan Rows": 72822,
                          "Plan Width": 8,
                          "Actual Startup Time": 175.243,
                          "Actual Total Time": 409.261,
                          "Actual Rows": 102125,
                          "Actual Loops": 3,
                          "Inner Unique": false,
                          "Hash Cond": "(t.id = mc.movie_id)",
                          "Plans": [
                            {
                              "Node Type": "Seq Scan",
                              "Parent Relationship": "Outer",
                              "Parallel Aware": true,
                              "Relation Name": "title",
                              "Alias": "t",
                              "Startup Cost": 0.0,
                              "Total Cost": 45479.1,
                              "Plan Rows": 364785,
                              "Plan Width": 4,
                              "Actual Startup Time": 0.016,
                              "Actual Total Time": 112.364,
                              "Actual Rows": 492813,
                              "Actual Loops": 3,
                              "Filter": "((production_year > 1914) AND (kind_id = 7))",
                              "Rows Removed by Filter": 349958
                            },
                            {
                              "Node Type": "Hash",
                              "Parent Relationship": "Inner",
                              "Parallel Aware": true,
                              "Startup Cost": 31414.82,
                              "Total Cost": 31414.82,
                              "Plan Rows": 162814,
                              "Plan Width": 4,
                              "Actual Startup Time": 172.895,
                              "Actual Total Time": 172.896,
                              "Actual Rows": 237614,
                              "Actual Loops": 3,
                              "Hash Buckets": 1048576,
                              "Original Hash Buckets": 524288,
                              "Hash Batches": 1,
                              "Original Hash Batches": 1,
                              "Peak Memory Usage": 40256,
                              "Plans": [
                                {
                                  "Node Type": "Seq Scan",
                                  "Parent Relationship": "Outer",
                                  "Parallel Aware": true,
                                  "Relation Name": "movie_companies",
                                  "Alias": "mc",
                                  "Startup Cost": 0.0,
                                  "Total Cost": 31414.82,
                                  "Plan Rows": 162814,
                                  "Plan Width": 4,
                                  "Actual Startup Time": 0.045,
                                  "Actual Total Time": 94.046,
                                  "Actual Rows": 237614,
                                  "Actual Loops": 3,
                                  "Filter": "((company_id < 5503) AND (company_type_id = 1))",
                                  "Rows Removed by Filter": 632095
                                }
                              ]
                            }
                          ]
                        }
                      ]
                    }
                  ]
                }
              ]
            }
          ]
        }
      ]
    },
    "Planning Time": 1.454,
    "Triggers": [],
    "Execution Time": 573.04
  }
]