[
  {
    "Plan": {
      "Node Type": "Aggregate",
      "Strategy": "Plain",
      "Partial Mode": "Finalize",
      "Parallel Aware": false,
      "Startup Cost": 45616.6,
      "Total Cost": 45616.61,
      "Plan Rows": 1,
      "Plan Width": 8,
      "Actual Startup Time": 169.332,
      "Actual Total Time": 182.668,
      "Actual Rows": 1,
      "Actual Loops": 1,
      "Plans": [
        {
          "Node Type": "Gather",
          "Parent Relationship": "Outer",
          "Parallel Aware": false,
          "Startup Cost": 45616.28,
          "Total Cost": 45616.59,
          "Plan Rows": 3,
          "Plan Width": 8,
          "Actual Startup Time": 169.131,
          "Actual Total Time": 182.66,
          "Actual Rows": 4,
          "Actual Loops": 1,
          "Workers Planned": 3,
          "Workers Launched": 3,
          "Single Copy": false,
          "Plans": [
            {
              "Node Type": "Aggregate",
              "Strategy": "Plain",
              "Partial Mode": "Partial",
              "Parent Relationship": "Outer",
              "Parallel Aware": false,
              "Startup Cost": 44616.28,
              "Total Cost": 44616.29,
              "Plan Rows": 1,
              "Plan Width": 8,
              "Actual Startup Time": 162.411,
              "Actual Total Time": 162.412,
              "Actual Rows": 1,
              "Actual Loops": 4,
              "Plans": [
                {
                  "Node Type": "Seq Scan",
                  "Parent Relationship": "Outer",
                  "Parallel Aware": true,
                  "Relation Name": "movie_keyword",
                  "Alias": "mk",
                  "Startup Cost": 0.0,
                  "Total Cost": 42695.65,
                  "Plan Rows": 768251,
                  "Plan Width": 0,
                  "Actual Startup Time": 0.057,
                  "Actual Total Time": 132.349,
                  "Actual Rows": 598272,
                  "Actual Loops": 4,
                  "Filter": "(keyword_id < 5553)",
                  "Rows Removed by Filter": 532711
                }
              ]
            }
          ]
        }
      ]
    },
    "Planning Time": 0.202,
    "Triggers": [],
    "Execution Time": 182.732
  }
]