[
  {
    "Plan": {
      "Node Type": "Aggregate",
      "Strategy": "Plain",
      "Partial Mode": "Finalize",
      "Parallel Aware": false,
      "Startup Cost": 45626.44,
      "Total Cost": 45626.45,
      "Plan Rows": 1,
      "Plan Width": 8,
      "Actual Startup Time": 145.362,
      "Actual Total Time": 154.648,
      "Actual Rows": 1,
      "Actual Loops": 1,
      "Plans": [
        {
          "Node Type": "Gather",
          "Parent Relationship": "Outer",
          "Parallel Aware": false,
          "Startup Cost": 45626.12,
          "Total Cost": 45626.43,
          "Plan Rows": 3,
          "Plan Width": 8,
          "Actual Startup Time": 145.232,
          "Actual Total Time": 154.64,
          "Actual Rows": 4,
          "Actual Loops": 1,
          "Workers Planned": 3,
          "Workers Launched": 3,
          "Single Copy": false,
          "Plans": [
            {
              "Node Type": "Aggregate",
              "Strategy": "Plain",
              "Partial Mode": "Partial",
              "Parent Relationship": "Outer",
              "Parallel Aware": false,
              "Startup Cost": 44626.12,
              "Total Cost": 44626.13,
              "Plan Rows": 1,
              "Plan Width": 8,
              "Actual Startup Time": 139.412,
              "Actual Total Time": 139.413,
              "Actual Rows": 1,
              "Actual Loops": 4,
              "Plans": [
                {
                  "Node Type": "Seq Scan",
                  "Parent Relationship": "Outer",
                  "Parallel Aware": true,
                  "Relation Name": "movie_keyword",
                  "Alias": "mk",
                  "Startup Cost": 0.0,
                  "Total Cost": 42695.65,
                  "Plan Rows": 772187,
                  "Plan Width": 0,
                  "Actual Startup Time": 0.045,
                  "Actual Total Time": 112.937,
                  "Actual Rows": 598272,
                  "Actual Loops": 4,
                  "Filter": "(keyword_id < 5553)",
                  "Rows Removed by Filter": 532711
                }
              ]
            }
          ]
        }
      ]
    },
    "Planning Time": 0.131,
    "Triggers": [],
    "Execution Time": 154.688
  }
]