{
  "Plan": {
    "Node Type": "Aggregate",
    "Strategy": "Plain",
    "Partial Mode": "Finalize",
    "Parallel Aware": false,
    "Startup Cost": 205562.84,
    "Total Cost": 205562.85,
    "Plan Rows": 1,
    "Plan Width": 8,
    "Actual Startup Time": 139.222,
    "Actual Total Time": 150.545,
    "Actual Rows": 1,
    "Actual Loops": 1,
    "Plans": [
      {
        "Node Type": "Gather",
        "Parent Relationship": "Outer",
        "Parallel Aware": false,
        "Startup Cost": 205562.73,
        "Total Cost": 205562.84,
        "Plan Rows": 1,
        "Plan Width": 8,
        "Actual Startup Time": 138.984,
        "Actual Total Time": 150.539,
        "Actual Rows": 2,
        "Actual Loops": 1,
        "Workers Planned": 1,
        "Workers Launched": 1,
        "Single Copy": false,
        "Plans": [
          {
            "Node Type": "Aggregate",
            "Strategy": "Plain",
            "Partial Mode": "Partial",
            "Parent Relationship": "Outer",
            "Parallel Aware": false,
            "Startup Cost": 204562.73,
            "Total Cost": 204562.74,
            "Plan Rows": 1,
            "Plan Width": 8,
            "Actual Startup Time": 133.056,
            "Actual Total Time": 133.058,
            "Actual Rows": 1,
            "Actual Loops": 2,
            "Plans": [
              {
                "Node Type": "Nested Loop",
                "Parent Relationship": "Outer",
                "Parallel Aware": false,
                "Join Type": "Inner",
                "Startup Cost": 0.43,
                "Total Cost": 204547.46,
                "Plan Rows": 6105,
                "Plan Width": 0,
                "Actual Startup Time": 5.304,
                "Actual Total Time": 133.03,
                "Actual Rows": 76,
                "Actual Loops": 2,
                "Inner Unique": false,
                "Plans": [
                  {
                    "Node Type": "Seq Scan",
                    "Parent Relationship": "Outer",
                    "Parallel Aware": true,
                    "Relation Name": "title",
                    "Alias": "t",
                    "Startup Cost": 0.0,
                    "Total Cost": 58306.47,
                    "Plan Rows": 1044,
                    "Plan Width": 4,
                    "Actual Startup Time": 5.181,
                    "Actual Total Time": 131.869,
                    "Actual Rows": 68,
                    "Actual Loops": 2,
                    "Filter": "((production_year > 2013) AND (kind_id = 7))",
                    "Rows Removed by Filter": 1264088
                  },
                  {
                    "Node Type": "Index Only Scan",
                    "Parent Relationship": "Inner",
                    "Parallel Aware": false,
                    "Scan Direction": "Forward",
                    "Index Name": "movie_id_movie_info",
                    "Relation Name": "movie_info",
                    "Alias": "mi",
                    "Startup Cost": 0.43,
                    "Total Cost": 139.66,
                    "Plan Rows": 42,
                    "Plan Width": 4,
                    "Actual Startup Time": 0.015,
                    "Actual Total Time": 0.016,
                    "Actual Rows": 1,
                    "Actual Loops": 137,
                    "Index Cond": "(movie_id = t.id)",
                    "Rows Removed by Index Recheck": 0,
                    "Heap Fetches": 152
                  }
                ]
              }
            ]
          }
        ]
      }
    ]
  },
  "Planning Time": 0.403,
  "Triggers": [],
  "Execution Time": 150.583
}