{
    "Plan": {
        "Node Type": "Aggregate",
        "Strategy": "Plain",
        "Partial Mode": "Finalize",
        "Parallel Aware": false,
        "Startup Cost": 100947.87,
        "Total Cost": 100947.88,
        "Plan Rows": 1,
        "Plan Width": 8,
        "Actual Startup Time": 257.092,
        "Actual Total Time": 285.262,
        "Actual Rows": 1,
        "Actual Loops": 1,
        "Output": [
            "count(*)"
        ],
        "Plans": [
            {
                "Node Type": "Gather",
                "Parent Relationship": "Outer",
                "Parallel Aware": false,
                "Startup Cost": 100947.55,
                "Total Cost": 100947.86,
                "Plan Rows": 3,
                "Plan Width": 8,
                "Actual Startup Time": 256.545,
                "Actual Total Time": 285.253,
                "Actual Rows": 4,
                "Actual Loops": 1,
                "Output": [
                    "(PARTIAL count(*))"
                ],
                "Workers Planned": 3,
                "Workers Launched": 3,
                "Single Copy": false,
                "Plans": [
                    {
                        "Node Type": "Aggregate",
                        "Strategy": "Plain",
                        "Partial Mode": "Partial",
                        "Parent Relationship": "Outer",
                        "Parallel Aware": false,
                        "Startup Cost": 99947.55,
                        "Total Cost": 99947.56,
                        "Plan Rows": 1,
                        "Plan Width": 8,
                        "Actual Startup Time": 246.928,
                        "Actual Total Time": 246.932,
                        "Actual Rows": 1,
                        "Actual Loops": 4,
                        "Output": [
                            "PARTIAL count(*)"
                        ],
                        "Workers": [
                            {
                                "Worker Number": 0,
                                "Actual Startup Time": 243.563,
                                "Actual Total Time": 243.568,
                                "Actual Rows": 1,
                                "Actual Loops": 1
                            },
                            {
                                "Worker Number": 1,
                                "Actual Startup Time": 243.993,
                                "Actual Total Time": 243.997,
                                "Actual Rows": 1,
                                "Actual Loops": 1
                            },
                            {
                                "Worker Number": 2,
                                "Actual Startup Time": 244.385,
                                "Actual Total Time": 244.389,
                                "Actual Rows": 1,
                                "Actual Loops": 1
                            }
                        ],
                        "Plans": [
                            {
                                "Node Type": "Nested Loop",
                                "Parent Relationship": "Outer",
                                "Parallel Aware": false,
                                "Join Type": "Inner",
                                "Startup Cost": 45748.02,
                                "Total Cost": 99828.89,
                                "Plan Rows": 47465,
                                "Plan Width": 0,
                                "Actual Startup Time": 137.351,
                                "Actual Total Time": 244.307,
                                "Actual Rows": 51011,
                                "Actual Loops": 4,
                                "Inner Unique": false,
                                "Join Filter": "(t.id = ci.movie_id)",
                                "Rows Removed by Join Filter": 0,
                                "Workers": [
                                    {
                                        "Worker Number": 0,
                                        "Actual Startup Time": 134.512,
                                        "Actual Total Time": 241.3,
                                        "Actual Rows": 37156,
                                        "Actual Loops": 1
                                    },
                                    {
                                        "Worker Number": 1,
                                        "Actual Startup Time": 134.211,
                                        "Actual Total Time": 241.707,
                                        "Actual Rows": 38182,
                                        "Actual Loops": 1
                                    },
                                    {
                                        "Worker Number": 2,
                                        "Actual Startup Time": 134.678,
                                        "Actual Total Time": 241.9,
                                        "Actual Rows": 43428,
                                        "Actual Loops": 1
                                    }
                                ],
                                "Plans": [
                                    {
                                        "Node Type": "Hash Join",
                                        "Parent Relationship": "Outer",
                                        "Parallel Aware": true,
                                        "Join Type": "Inner",
                                        "Startup Cost": 45747.46,
                                        "Total Cost": 77418.22,
                                        "Plan Rows": 3310,
                                        "Plan Width": 8,
                                        "Actual Startup Time": 137.265,
                                        "Actual Total Time": 172.371,
                                        "Actual Rows": 1190,
                                        "Actual Loops": 4,
                                        "Output": [
                                            "t.id",
                                            "mc.movie_id"
                                        ],
                                        "Inner Unique": true,
                                        "Hash Cond": "(mc.movie_id = t.id)",
                                        "Workers": [
                                            {
                                                "Worker Number": 0,
                                                "Actual Startup Time": 134.412,
                                                "Actual Total Time": 164.048,
                                                "Actual Rows": 1030,
                                                "Actual Loops": 1
                                            },
                                            {
                                                "Worker Number": 1,
                                                "Actual Startup Time": 134.103,
                                                "Actual Total Time": 166.567,
                                                "Actual Rows": 904,
                                                "Actual Loops": 1
                                            },
                                            {
                                                "Worker Number": 2,
                                                "Actual Startup Time": 134.568,
                                                "Actual Total Time": 167.271,
                                                "Actual Rows": 801,
                                                "Actual Loops": 1
                                            }
                                        ],
                                        "Plans": [
                                            {
                                                "Node Type": "Seq Scan",
                                                "Parent Relationship": "Outer",
                                                "Parallel Aware": true,
                                                "Relation Name": "movie_companies",
                                                "Schema": "public",
                                                "Alias": "mc",
                                                "Startup Cost": 0.0,
                                                "Total Cost": 31414.82,
                                                "Plan Rows": 97503,
                                                "Plan Width": 4,
                                                "Actual Startup Time": 28.653,
                                                "Actual Total Time": 53.969,
                                                "Actual Rows": 40633,
                                                "Actual Loops": 4,
                                                "Output": [
                                                    "mc.id",
                                                    "mc.movie_id",
                                                    "mc.company_id",
                                                    "mc.company_type_id",
                                                    "mc.note"
                                                ],
                                                "Filter": "((mc.company_id < 677) AND (mc.company_type_id = 2))",
                                                "Rows Removed by Filter": 611650,
                                                "Workers": [
                                                    {
                                                        "Worker Number": 0,
                                                        "Actual Startup Time": 28.58,
                                                        "Actual Total Time": 50.737,
                                                        "Actual Rows": 29461,
                                                        "Actual Loops": 1
                                                    },
                                                    {
                                                        "Worker Number": 1,
                                                        "Actual Startup Time": 28.617,
                                                        "Actual Total Time": 52.776,
                                                        "Actual Rows": 34492,
                                                        "Actual Loops": 1
                                                    },
                                                    {
                                                        "Worker Number": 2,
                                                        "Actual Startup Time": 28.687,
                                                        "Actual Total Time": 52.182,
                                                        "Actual Rows": 33611,
                                                        "Actual Loops": 1
                                                    }
                                                ]
                                            },
                                            {
                                                "Node Type": "Hash",
                                                "Parent Relationship": "Inner",
                                                "Parallel Aware": true,
                                                "Startup Cost": 45479.21,
                                                "Total Cost": 45479.21,
                                                "Plan Rows": 21460,
                                                "Plan Width": 4,
                                                "Actual Startup Time": 106.552,
                                                "Actual Total Time": 106.553,
                                                "Actual Rows": 23157,
                                                "Actual Loops": 4,
                                                "Output": [
                                                    "t.id"
                                                ],
                                                "Hash Buckets": 131072,
                                                "Original Hash Buckets": 131072,
                                                "Hash Batches": 1,
                                                "Original Hash Batches": 1,
                                                "Peak Memory Usage": 4736,
                                                "Workers": [
                                                    {
                                                        "Worker Number": 0,
                                                        "Actual Startup Time": 104.566,
                                                        "Actual Total Time": 104.567,
                                                        "Actual Rows": 19154,
                                                        "Actual Loops": 1
                                                    },
                                                    {
                                                        "Worker Number": 1,
                                                        "Actual Startup Time": 104.927,
                                                        "Actual Total Time": 104.928,
                                                        "Actual Rows": 19823,
                                                        "Actual Loops": 1
                                                    },
                                                    {
                                                        "Worker Number": 2,
                                                        "Actual Startup Time": 105.415,
                                                        "Actual Total Time": 105.416,
                                                        "Actual Rows": 18847,
                                                        "Actual Loops": 1
                                                    }
                                                ],
                                                "Plans": [
                                                    {
                                                        "Node Type": "Seq Scan",
                                                        "Parent Relationship": "Outer",
                                                        "Parallel Aware": true,
                                                        "Relation Name": "title",
                                                        "Schema": "public",
                                                        "Alias": "t",
                                                        "Startup Cost": 0.0,
                                                        "Total Cost": 45479.21,
                                                        "Plan Rows": 21460,
                                                        "Plan Width": 4,
                                                        "Actual Startup Time": 0.063,
                                                        "Actual Total Time": 97.005,
                                                        "Actual Rows": 23157,
                                                        "Actual Loops": 4,
                                                        "Output": [
                                                            "t.id"
                                                        ],
                                                        "Filter": "((t.kind_id = 7) AND (t.production_year = 2010))",
                                                        "Rows Removed by Filter": 608921,
                                                        "Workers": [
                                                            {
                                                                "Worker Number": 0,
                                                                "Actual Startup Time": 0.063,
                                                                "Actual Total Time": 96.047,
                                                                "Actual Rows": 19154,
                                                                "Actual Loops": 1
                                                            },
                                                            {
                                                                "Worker Number": 1,
                                                                "Actual Startup Time": 0.098,
                                                                "Actual Total Time": 96.197,
                                                                "Actual Rows": 19823,
                                                                "Actual Loops": 1
                                                            },
                                                            {
                                                                "Worker Number": 2,
                                                                "Actual Startup Time": 0.068,
                                                                "Actual Total Time": 95.911,
                                                                "Actual Rows": 18847,
                                                                "Actual Loops": 1
                                                            }
                                                        ]
                                                    }
                                                ]
                                            }
                                        ]
                                    },
                                    {
                                        "Node Type": "Index Only Scan",
                                        "Parent Relationship": "Inner",
                                        "Parallel Aware": false,
                                        "Scan Direction": "Forward",
                                        "Index Name": "movie_id_cast_info",
                                        "Relation Name": "cast_info",
                                        "Schema": "public",
                                        "Alias": "ci",
                                        "Startup Cost": 0.56,
                                        "Total Cost": 6.3,
                                        "Plan Rows": 38,
                                        "Plan Width": 4,
                                        "Actual Startup Time": 0.008,
                                        "Actual Total Time": 0.056,
                                        "Actual Rows": 43,
                                        "Actual Loops": 4761,
                                        "Output": [
                                            "ci.movie_id"
                                        ],
                                        "Index Cond": "(ci.movie_id = mc.movie_id)",
                                        "Rows Removed by Index Recheck": 0,
                                        "Heap Fetches": 204043,
                                        "Workers": [
                                            {
                                                "Worker Number": 0,
                                                "Actual Startup Time": 0.009,
                                                "Actual Total Time": 0.071,
                                                "Actual Rows": 36,
                                                "Actual Loops": 1030
                                            },
                                            {
                                                "Worker Number": 1,
                                                "Actual Startup Time": 0.01,
                                                "Actual Total Time": 0.078,
                                                "Actual Rows": 42,
                                                "Actual Loops": 904
                                            },
                                            {
                                                "Worker Number": 2,
                                                "Actual Startup Time": 0.011,
                                                "Actual Total Time": 0.087,
                                                "Actual Rows": 54,
                                                "Actual Loops": 801
                                            }
                                        ]
                                    }
                                ]
                            }
                        ]
                    }
                ]
            }
        ]
    },
    "Planning Time": 1.646,
    "Triggers": [],
    "Execution Time": 285.356
}