[
    {
        "Bao": {
            "Bao prediction": "NaN",
            "Bao recommended hint": "(no hint)"
        }
    },
    {
        "Plan": {
            "Node Type": "Aggregate",
            "Strategy": "Plain",
            "Partial Mode": "Finalize",
            "Parallel Aware": false,
            "Startup Cost": 77843.41,
            "Total Cost": 77843.42,
            "Plan Rows": 1,
            "Plan Width": 8,
            "Actual Startup Time": 243.313,
            "Actual Total Time": 255.436,
            "Actual Rows": 1,
            "Actual Loops": 1,
            "Output": [
                "count(*)"
            ],
            "Plans": [
                {
                    "Node Type": "Gather",
                    "Parent Relationship": "Outer",
                    "Parallel Aware": false,
                    "Startup Cost": 77843.1,
                    "Total Cost": 77843.41,
                    "Plan Rows": 3,
                    "Plan Width": 8,
                    "Actual Startup Time": 240.791,
                    "Actual Total Time": 255.428,
                    "Actual Rows": 4,
                    "Actual Loops": 1,
                    "Output": [
                        "(PARTIAL count(*))"
                    ],
                    "Workers Planned": 3,
                    "Workers Launched": 3,
                    "Single Copy": false,
                    "Plans": [
                        {
                            "Node Type": "Aggregate",
                            "Strategy": "Plain",
                            "Partial Mode": "Partial",
                            "Parent Relationship": "Outer",
                            "Parallel Aware": false,
                            "Startup Cost": 76843.1,
                            "Total Cost": 76843.11,
                            "Plan Rows": 1,
                            "Plan Width": 8,
                            "Actual Startup Time": 232.008,
                            "Actual Total Time": 232.012,
                            "Actual Rows": 1,
                            "Actual Loops": 4,
                            "Output": [
                                "PARTIAL count(*)"
                            ],
                            "Workers": [
                                {
                                    "Worker Number": 0,
                                    "Actual Startup Time": 229.18,
                                    "Actual Total Time": 229.183,
                                    "Actual Rows": 1,
                                    "Actual Loops": 1
                                },
                                {
                                    "Worker Number": 1,
                                    "Actual Startup Time": 228.842,
                                    "Actual Total Time": 228.845,
                                    "Actual Rows": 1,
                                    "Actual Loops": 1
                                },
                                {
                                    "Worker Number": 2,
                                    "Actual Startup Time": 229.517,
                                    "Actual Total Time": 229.522,
                                    "Actual Rows": 1,
                                    "Actual Loops": 1
                                }
                            ],
                            "Plans": [
                                {
                                    "Node Type": "Hash Join",
                                    "Parent Relationship": "Outer",
                                    "Parallel Aware": true,
                                    "Join Type": "Inner",
                                    "Startup Cost": 51151.94,
                                    "Total Cost": 76791.08,
                                    "Plan Rows": 20806,
                                    "Plan Width": 0,
                                    "Actual Startup Time": 179.506,
                                    "Actual Total Time": 230.282,
                                    "Actual Rows": 33816,
                                    "Actual Loops": 4,
                                    "Inner Unique": true,
                                    "Hash Cond": "(mk.movie_id = t.id)",
                                    "Workers": [
                                        {
                                            "Worker Number": 0,
                                            "Actual Startup Time": 176.414,
                                            "Actual Total Time": 227.538,
                                            "Actual Rows": 29817,
                                            "Actual Loops": 1
                                        },
                                        {
                                            "Worker Number": 1,
                                            "Actual Startup Time": 176.426,
                                            "Actual Total Time": 227.218,
                                            "Actual Rows": 29729,
                                            "Actual Loops": 1
                                        },
                                        {
                                            "Worker Number": 2,
                                            "Actual Startup Time": 177.108,
                                            "Actual Total Time": 227.803,
                                            "Actual Rows": 30701,
                                            "Actual Loops": 1
                                        }
                                    ],
                                    "Plans": [
                                        {
                                            "Node Type": "Bitmap Heap Scan",
                                            "Parent Relationship": "Outer",
                                            "Parallel Aware": true,
                                            "Relation Name": "movie_keyword",
                                            "Schema": "public",
                                            "Alias": "mk",
                                            "Startup Cost": 5154.95,
                                            "Total Cost": 30588.41,
                                            "Plan Rows": 78357,
                                            "Plan Width": 4,
                                            "Actual Startup Time": 17.822,
                                            "Actual Total Time": 63.41,
                                            "Actual Rows": 58972,
                                            "Actual Loops": 4,
                                            "Output": [
                                                "mk.id",
                                                "mk.movie_id",
                                                "mk.keyword_id"
                                            ],
                                            "Recheck Cond": "(mk.keyword_id < 196)",
                                            "Rows Removed by Index Recheck": 0,
                                            "Exact Heap Blocks": 8621,
                                            "Lossy Heap Blocks": 0,
                                            "Workers": [
                                                {
                                                    "Worker Number": 0,
                                                    "Actual Startup Time": 17.913,
                                                    "Actual Total Time": 64.682,
                                                    "Actual Rows": 51018,
                                                    "Actual Loops": 1
                                                },
                                                {
                                                    "Worker Number": 1,
                                                    "Actual Startup Time": 17.848,
                                                    "Actual Total Time": 64.807,
                                                    "Actual Rows": 50948,
                                                    "Actual Loops": 1
                                                },
                                                {
                                                    "Worker Number": 2,
                                                    "Actual Startup Time": 17.8,
                                                    "Actual Total Time": 64.927,
                                                    "Actual Rows": 50865,
                                                    "Actual Loops": 1
                                                }
                                            ],
                                            "Plans": [
                                                {
                                                    "Node Type": "Bitmap Index Scan",
                                                    "Parent Relationship": "Outer",
                                                    "Parallel Aware": false,
                                                    "Index Name": "keyword_id_movie_keyword",
                                                    "Startup Cost": 0.0,
                                                    "Total Cost": 5094.23,
                                                    "Plan Rows": 242906,
                                                    "Plan Width": 0,
                                                    "Actual Startup Time": 14.268,
                                                    "Actual Total Time": 14.268,
                                                    "Actual Rows": 235890,
                                                    "Actual Loops": 1,
                                                    "Index Cond": "(mk.keyword_id < 196)"
                                                }
                                            ]
                                        },
                                        {
                                            "Node Type": "Hash",
                                            "Parent Relationship": "Inner",
                                            "Parallel Aware": true,
                                            "Startup Cost": 43899.01,
                                            "Total Cost": 43899.01,
                                            "Plan Rows": 167838,
                                            "Plan Width": 4,
                                            "Actual Startup Time": 142.278,
                                            "Actual Total Time": 142.279,
                                            "Actual Rows": 165706,
                                            "Actual Loops": 4,
                                            "Output": [
                                                "t.id"
                                            ],
                                            "Hash Buckets": 1048576,
                                            "Original Hash Buckets": 1048576,
                                            "Hash Batches": 1,
                                            "Original Hash Batches": 1,
                                            "Peak Memory Usage": 34208,
                                            "Workers": [
                                                {
                                                    "Worker Number": 0,
                                                    "Actual Startup Time": 141.357,
                                                    "Actual Total Time": 141.358,
                                                    "Actual Rows": 163996,
                                                    "Actual Loops": 1
                                                },
                                                {
                                                    "Worker Number": 1,
                                                    "Actual Startup Time": 141.362,
                                                    "Actual Total Time": 141.363,
                                                    "Actual Rows": 164723,
                                                    "Actual Loops": 1
                                                },
                                                {
                                                    "Worker Number": 2,
                                                    "Actual Startup Time": 142.011,
                                                    "Actual Total Time": 142.013,
                                                    "Actual Rows": 140997,
                                                    "Actual Loops": 1
                                                }
                                            ],
                                            "Plans": [
                                                {
                                                    "Node Type": "Seq Scan",
                                                    "Parent Relationship": "Outer",
                                                    "Parallel Aware": true,
                                                    "Relation Name": "title",
                                                    "Schema": "public",
                                                    "Alias": "t",
                                                    "Startup Cost": 0.0,
                                                    "Total Cost": 43899.01,
                                                    "Plan Rows": 167838,
                                                    "Plan Width": 4,
                                                    "Actual Startup Time": 38.531,
                                                    "Actual Total Time": 90.405,
                                                    "Actual Rows": 165706,
                                                    "Actual Loops": 4,
                                                    "Output": [
                                                        "t.id"
                                                    ],
                                                    "Filter": "(t.kind_id = 1)",
                                                    "Rows Removed by Filter": 466372,
                                                    "Workers": [
                                                        {
                                                            "Worker Number": 0,
                                                            "Actual Startup Time": 49.068,
                                                            "Actual Total Time": 90.148,
                                                            "Actual Rows": 163996,
                                                            "Actual Loops": 1
                                                        },
                                                        {
                                                            "Worker Number": 1,
                                                            "Actual Startup Time": 49.056,
                                                            "Actual Total Time": 90.319,
                                                            "Actual Rows": 164723,
                                                            "Actual Loops": 1
                                                        },
                                                        {
                                                            "Worker Number": 2,
                                                            "Actual Startup Time": 49.68,
                                                            "Actual Total Time": 92.013,
                                                            "Actual Rows": 140997,
                                                            "Actual Loops": 1
                                                        }
                                                    ]
                                                }
                                            ]
                                        }
                                    ]
                                }
                            ]
                        }
                    ]
                }
            ]
        },
        "Planning Time": 177.968,
        "Triggers": [],
        "Execution Time": 255.502
    }
]