[
  {
    "Plan": {
      "Node Type": "Aggregate",
      "Strategy": "Plain",
      "Partial Mode": "Finalize",
      "Parallel Aware": false,
      "Startup Cost": 46166.76,
      "Total Cost": 46166.77,
      "Plan Rows": 1,
      "Plan Width": 8,
      "Actual Startup Time": 184.069,
      "Actual Total Time": 194.286,
      "Actual Rows": 1,
      "Actual Loops": 1,
      "Plans": [
        {
          "Node Type": "Gather",
          "Parent Relationship": "Outer",
          "Parallel Aware": false,
          "Startup Cost": 46166.44,
          "Total Cost": 46166.75,
          "Plan Rows": 3,
          "Plan Width": 8,
          "Actual Startup Time": 183.925,
          "Actual Total Time": 194.276,
          "Actual Rows": 4,
          "Actual Loops": 1,
          "Workers Planned": 3,
          "Workers Launched": 3,
          "Single Copy": false,
          "Plans": [
            {
              "Node Type": "Aggregate",
              "Strategy": "Plain",
              "Partial Mode": "Partial",
              "Parent Relationship": "Outer",
              "Parallel Aware": false,
              "Startup Cost": 45166.44,
              "Total Cost": 45166.45,
              "Plan Rows": 1,
              "Plan Width": 8,
              "Actual Startup Time": 175.436,
              "Actual Total Time": 175.437,
              "Actual Rows": 1,
              "Actual Loops": 4,
              "Plans": [
                {
                  "Node Type": "Seq Scan",
                  "Parent Relationship": "Outer",
                  "Parallel Aware": true,
                  "Relation Name": "movie_keyword",
                  "Alias": "mk",
                  "Startup Cost": 0.0,
                  "Total Cost": 42695.65,
                  "Plan Rows": 988316,
                  "Plan Width": 0,
                  "Actual Startup Time": 0.066,
                  "Actual Total Time": 135.369,
                  "Actual Rows": 767343,
                  "Actual Loops": 4,
                  "Filter": "(keyword_id < 11468)",
                  "Rows Removed by Filter": 363640
                }
              ]
            }
          ]
        }
      ]
    },
    "Planning Time": 0.159,
    "Triggers": [],
    "Execution Time": 194.339
  }
]