[
    {
        "Bao": {
            "Bao prediction": "NaN",
            "Bao recommended hint": "(no hint)"
        }
    },
    {
        "Plan": {
            "Node Type": "Aggregate",
            "Strategy": "Plain",
            "Partial Mode": "Finalize",
            "Parallel Aware": false,
            "Startup Cost": 269588.28,
            "Total Cost": 269588.29,
            "Plan Rows": 1,
            "Plan Width": 8,
            "Actual Startup Time": 193.696,
            "Actual Total Time": 220.148,
            "Actual Rows": 1,
            "Actual Loops": 1,
            "Output": [
                "count(*)"
            ],
            "Plans": [
                {
                    "Node Type": "Gather",
                    "Parent Relationship": "Outer",
                    "Parallel Aware": false,
                    "Startup Cost": 269587.86,
                    "Total Cost": 269588.27,
                    "Plan Rows": 4,
                    "Plan Width": 8,
                    "Actual Startup Time": 193.512,
                    "Actual Total Time": 220.139,
                    "Actual Rows": 5,
                    "Actual Loops": 1,
                    "Output": [
                        "(PARTIAL count(*))"
                    ],
                    "Workers Planned": 4,
                    "Workers Launched": 4,
                    "Single Copy": false,
                    "Plans": [
                        {
                            "Node Type": "Aggregate",
                            "Strategy": "Plain",
                            "Partial Mode": "Partial",
                            "Parent Relationship": "Outer",
                            "Parallel Aware": false,
                            "Startup Cost": 268587.86,
                            "Total Cost": 268587.87,
                            "Plan Rows": 1,
                            "Plan Width": 8,
                            "Actual Startup Time": 184.26,
                            "Actual Total Time": 184.261,
                            "Actual Rows": 1,
                            "Actual Loops": 5,
                            "Output": [
                                "PARTIAL count(*)"
                            ],
                            "Workers": [
                                {
                                    "Worker Number": 0,
                                    "Actual Startup Time": 181.707,
                                    "Actual Total Time": 181.708,
                                    "Actual Rows": 1,
                                    "Actual Loops": 1
                                },
                                {
                                    "Worker Number": 1,
                                    "Actual Startup Time": 181.779,
                                    "Actual Total Time": 181.78,
                                    "Actual Rows": 1,
                                    "Actual Loops": 1
                                },
                                {
                                    "Worker Number": 2,
                                    "Actual Startup Time": 182.092,
                                    "Actual Total Time": 182.093,
                                    "Actual Rows": 1,
                                    "Actual Loops": 1
                                },
                                {
                                    "Worker Number": 3,
                                    "Actual Startup Time": 182.519,
                                    "Actual Total Time": 182.52,
                                    "Actual Rows": 1,
                                    "Actual Loops": 1
                                }
                            ],
                            "Plans": [
                                {
                                    "Node Type": "Nested Loop",
                                    "Parent Relationship": "Outer",
                                    "Parallel Aware": false,
                                    "Join Type": "Inner",
                                    "Startup Cost": 0.56,
                                    "Total Cost": 268572.48,
                                    "Plan Rows": 6152,
                                    "Plan Width": 0,
                                    "Actual Startup Time": 2.77,
                                    "Actual Total Time": 183.438,
                                    "Actual Rows": 7927,
                                    "Actual Loops": 5,
                                    "Inner Unique": false,
                                    "Workers": [
                                        {
                                            "Worker Number": 0,
                                            "Actual Startup Time": 5.047,
                                            "Actual Total Time": 180.855,
                                            "Actual Rows": 5259,
                                            "Actual Loops": 1
                                        },
                                        {
                                            "Worker Number": 1,
                                            "Actual Startup Time": 2.355,
                                            "Actual Total Time": 180.968,
                                            "Actual Rows": 4769,
                                            "Actual Loops": 1
                                        },
                                        {
                                            "Worker Number": 2,
                                            "Actual Startup Time": 0.824,
                                            "Actual Total Time": 181.252,
                                            "Actual Rows": 5119,
                                            "Actual Loops": 1
                                        },
                                        {
                                            "Worker Number": 3,
                                            "Actual Startup Time": 5.51,
                                            "Actual Total Time": 181.763,
                                            "Actual Rows": 7461,
                                            "Actual Loops": 1
                                        }
                                    ],
                                    "Plans": [
                                        {
                                            "Node Type": "Seq Scan",
                                            "Parent Relationship": "Outer",
                                            "Parallel Aware": true,
                                            "Relation Name": "title",
                                            "Schema": "public",
                                            "Alias": "t",
                                            "Startup Cost": 0.0,
                                            "Total Cost": 45479.21,
                                            "Plan Rows": 2372,
                                            "Plan Width": 4,
                                            "Actual Startup Time": 0.977,
                                            "Actual Total Time": 68.639,
                                            "Actual Rows": 2039,
                                            "Actual Loops": 5,
                                            "Output": [
                                                "t.id",
                                                "t.title",
                                                "t.imdb_index",
                                                "t.kind_id",
                                                "t.production_year",
                                                "t.imdb_id",
                                                "t.phonetic_code",
                                                "t.episode_of_id",
                                                "t.season_nr",
                                                "t.episode_nr",
                                                "t.series_years",
                                                "t.md5sum"
                                            ],
                                            "Filter": "((t.kind_id < 7) AND (t.production_year = 1992))",
                                            "Rows Removed by Filter": 503623,
                                            "Workers": [
                                                {
                                                    "Worker Number": 0,
                                                    "Actual Startup Time": 1.699,
                                                    "Actual Total Time": 62.362,
                                                    "Actual Rows": 1292,
                                                    "Actual Loops": 1
                                                },
                                                {
                                                    "Worker Number": 1,
                                                    "Actual Startup Time": 0.101,
                                                    "Actual Total Time": 63.237,
                                                    "Actual Rows": 1266,
                                                    "Actual Loops": 1
                                                },
                                                {
                                                    "Worker Number": 2,
                                                    "Actual Startup Time": 0.469,
                                                    "Actual Total Time": 59.413,
                                                    "Actual Rows": 1230,
                                                    "Actual Loops": 1
                                                },
                                                {
                                                    "Worker Number": 3,
                                                    "Actual Startup Time": 2.598,
                                                    "Actual Total Time": 60.924,
                                                    "Actual Rows": 1909,
                                                    "Actual Loops": 1
                                                }
                                            ]
                                        },
                                        {
                                            "Node Type": "Index Scan",
                                            "Parent Relationship": "Inner",
                                            "Parallel Aware": false,
                                            "Scan Direction": "Forward",
                                            "Index Name": "movie_id_cast_info",
                                            "Relation Name": "cast_info",
                                            "Schema": "public",
                                            "Alias": "ci",
                                            "Startup Cost": 0.56,
                                            "Total Cost": 93.98,
                                            "Plan Rows": 7,
                                            "Plan Width": 4,
                                            "Actual Startup Time": 0.043,
                                            "Actual Total Time": 0.055,
                                            "Actual Rows": 4,
                                            "Actual Loops": 10197,
                                            "Output": [
                                                "ci.id",
                                                "ci.person_id",
                                                "ci.movie_id",
                                                "ci.person_role_id",
                                                "ci.note",
                                                "ci.nr_order",
                                                "ci.role_id"
                                            ],
                                            "Index Cond": "(ci.movie_id = t.id)",
                                            "Rows Removed by Index Recheck": 0,
                                            "Filter": "((ci.person_id > 1623707) AND (ci.role_id > 3))",
                                            "Rows Removed by Filter": 12,
                                            "Workers": [
                                                {
                                                    "Worker Number": 0,
                                                    "Actual Startup Time": 0.069,
                                                    "Actual Total Time": 0.09,
                                                    "Actual Rows": 4,
                                                    "Actual Loops": 1292
                                                },
                                                {
                                                    "Worker Number": 1,
                                                    "Actual Startup Time": 0.072,
                                                    "Actual Total Time": 0.091,
                                                    "Actual Rows": 4,
                                                    "Actual Loops": 1266
                                                },
                                                {
                                                    "Worker Number": 2,
                                                    "Actual Startup Time": 0.074,
                                                    "Actual Total Time": 0.098,
                                                    "Actual Rows": 4,
                                                    "Actual Loops": 1230
                                                },
                                                {
                                                    "Worker Number": 3,
                                                    "Actual Startup Time": 0.048,
                                                    "Actual Total Time": 0.062,
                                                    "Actual Rows": 4,
                                                    "Actual Loops": 1909
                                                }
                                            ]
                                        }
                                    ]
                                }
                            ]
                        }
                    ]
                }
            ]
        },
        "Planning Time": 226.721,
        "Triggers": [],
        "Execution Time": 220.214
    }
]