[
  {
    "Plan": {
      "Node Type": "Aggregate",
      "Strategy": "Plain",
      "Partial Mode": "Finalize",
      "Parallel Aware": false,
      "Startup Cost": 31920.75,
      "Total Cost": 31920.76,
      "Plan Rows": 1,
      "Plan Width": 8,
      "Actual Startup Time": 135.312,
      "Actual Total Time": 142.425,
      "Actual Rows": 1,
      "Actual Loops": 1,
      "Plans": [
        {
          "Node Type": "Gather",
          "Parent Relationship": "Outer",
          "Parallel Aware": false,
          "Startup Cost": 31920.43,
          "Total Cost": 31920.74,
          "Plan Rows": 3,
          "Plan Width": 8,
          "Actual Startup Time": 135.188,
          "Actual Total Time": 142.418,
          "Actual Rows": 4,
          "Actual Loops": 1,
          "Workers Planned": 3,
          "Workers Launched": 3,
          "Single Copy": false,
          "Plans": [
            {
              "Node Type": "Aggregate",
              "Strategy": "Plain",
              "Partial Mode": "Partial",
              "Parent Relationship": "Outer",
              "Parallel Aware": false,
              "Startup Cost": 30920.43,
              "Total Cost": 30920.44,
              "Plan Rows": 1,
              "Plan Width": 8,
              "Actual Startup Time": 127.027,
              "Actual Total Time": 127.028,
              "Actual Rows": 1,
              "Actual Loops": 4,
              "Plans": [
                {
                  "Node Type": "Seq Scan",
                  "Parent Relationship": "Outer",
                  "Parallel Aware": true,
                  "Relation Name": "movie_companies",
                  "Alias": "mc",
                  "Startup Cost": 0.0,
                  "Total Cost": 29310.68,
                  "Plan Rows": 643900,
                  "Plan Width": 0,
                  "Actual Startup Time": 0.036,
                  "Actual Total Time": 96.372,
                  "Actual Rows": 500422,
                  "Actual Loops": 4,
                  "Filter": "(company_id < 65485)",
                  "Rows Removed by Filter": 151861
                }
              ]
            }
          ]
        }
      ]
    },
    "Planning Time": 0.06,
    "Triggers": [],
    "Execution Time": 142.45
  }
]