[
  {
    "Plan": {
      "Node Type": "Aggregate",
      "Strategy": "Plain",
      "Partial Mode": "Finalize",
      "Parallel Aware": false,
      "Startup Cost": 32249.34,
      "Total Cost": 32249.35,
      "Plan Rows": 1,
      "Plan Width": 8,
      "Actual Startup Time": 125.584,
      "Actual Total Time": 133.322,
      "Actual Rows": 1,
      "Actual Loops": 1,
      "Plans": [
        {
          "Node Type": "Gather",
          "Parent Relationship": "Outer",
          "Parallel Aware": false,
          "Startup Cost": 32249.02,
          "Total Cost": 32249.33,
          "Plan Rows": 3,
          "Plan Width": 8,
          "Actual Startup Time": 125.443,
          "Actual Total Time": 133.313,
          "Actual Rows": 4,
          "Actual Loops": 1,
          "Workers Planned": 3,
          "Workers Launched": 3,
          "Single Copy": false,
          "Plans": [
            {
              "Node Type": "Aggregate",
              "Strategy": "Plain",
              "Partial Mode": "Partial",
              "Parent Relationship": "Outer",
              "Parallel Aware": false,
              "Startup Cost": 31249.02,
              "Total Cost": 31249.03,
              "Plan Rows": 1,
              "Plan Width": 8,
              "Actual Startup Time": 118.342,
              "Actual Total Time": 118.343,
              "Actual Rows": 1,
              "Actual Loops": 4,
              "Plans": [
                {
                  "Node Type": "Seq Scan",
                  "Parent Relationship": "Outer",
                  "Parallel Aware": true,
                  "Relation Name": "movie_companies",
                  "Alias": "mc",
                  "Startup Cost": 0.0,
                  "Total Cost": 29310.68,
                  "Plan Rows": 775336,
                  "Plan Width": 0,
                  "Actual Startup Time": 0.036,
                  "Actual Total Time": 88.073,
                  "Actual Rows": 601810,
                  "Actual Loops": 4,
                  "Filter": "(company_id < 112867)",
                  "Rows Removed by Filter": 50472
                }
              ]
            }
          ]
        }
      ]
    },
    "Planning Time": 0.156,
    "Triggers": [],
    "Execution Time": 133.373
  }
]