{
  "Plan": {
    "Node Type": "Aggregate",
    "Strategy": "Plain",
    "Partial Mode": "Finalize",
    "Parallel Aware": false,
    "Startup Cost": 119888.41,
    "Total Cost": 119888.42,
    "Plan Rows": 1,
    "Plan Width": 8,
    "Actual Startup Time": 493.265,
    "Actual Total Time": 504.491,
    "Actual Rows": 1,
    "Actual Loops": 1,
    "Plans": [
      {
        "Node Type": "Gather",
        "Parent Relationship": "Outer",
        "Parallel Aware": false,
        "Startup Cost": 119888.3,
        "Total Cost": 119888.41,
        "Plan Rows": 1,
        "Plan Width": 8,
        "Actual Startup Time": 492.248,
        "Actual Total Time": 504.479,
        "Actual Rows": 2,
        "Actual Loops": 1,
        "Workers Planned": 1,
        "Workers Launched": 1,
        "Single Copy": false,
        "Plans": [
          {
            "Node Type": "Aggregate",
            "Strategy": "Plain",
            "Partial Mode": "Partial",
            "Parent Relationship": "Outer",
            "Parallel Aware": false,
            "Startup Cost": 118888.3,
            "Total Cost": 118888.31,
            "Plan Rows": 1,
            "Plan Width": 8,
            "Actual Startup Time": 486.987,
            "Actual Total Time": 486.993,
            "Actual Rows": 1,
            "Actual Loops": 2,
            "Plans": [
              {
                "Node Type": "Hash Join",
                "Parent Relationship": "Outer",
                "Parallel Aware": true,
                "Join Type": "Inner",
                "Startup Cost": 57420.85,
                "Total Cost": 118301.15,
                "Plan Rows": 234859,
                "Plan Width": 0,
                "Actual Startup Time": 217.762,
                "Actual Total Time": 472.176,
                "Actual Rows": 364522,
                "Actual Loops": 2,
                "Inner Unique": true,
                "Hash Cond": "(mk.movie_id = t.id)",
                "Plans": [
                  {
                    "Node Type": "Seq Scan",
                    "Parent Relationship": "Outer",
                    "Parallel Aware": true,
                    "Relation Name": "movie_keyword",
                    "Alias": "mk",
                    "Startup Cost": 0.0,
                    "Total Cost": 57718.19,
                    "Plan Rows": 1204612,
                    "Plan Width": 4,
                    "Actual Startup Time": 0.558,
                    "Actual Total Time": 182.194,
                    "Actual Rows": 1023176,
                    "Actual Loops": 2,
                    "Filter": "(keyword_id > 5990)",
                    "Rows Removed by Filter": 1238788
                  },
                  {
                    "Node Type": "Hash",
                    "Parent Relationship": "Inner",
                    "Parallel Aware": true,
                    "Startup Cost": 53796.34,
                    "Total Cost": 53796.34,
                    "Plan Rows": 289961,
                    "Plan Width": 4,
                    "Actual Startup Time": 159.505,
                    "Actual Total Time": 159.507,
                    "Actual Rows": 182332,
                    "Actual Loops": 2,
                    "Hash Buckets": 524288,
                    "Original Hash Buckets": 524288,
                    "Hash Batches": 1,
                    "Original Hash Batches": 1,
                    "Peak Memory Usage": 18400,
                    "Plans": [
                      {
                        "Node Type": "Bitmap Heap Scan",
                        "Parent Relationship": "Outer",
                        "Parallel Aware": true,
                        "Relation Name": "title",
                        "Alias": "t",
                        "Startup Cost": 11946.08,
                        "Total Cost": 53796.34,
                        "Plan Rows": 289961,
                        "Plan Width": 4,
                        "Actual Startup Time": 35.784,
                        "Actual Total Time": 107.5,
                        "Actual Rows": 182332,
                        "Actual Loops": 2,
                        "Recheck Cond": "(kind_id < 2)",
                        "Rows Removed by Index Recheck": 0,
                        "Filter": "(production_year > 1984)",
                        "Rows Removed by Filter": 149081,
                        "Exact Heap Blocks": 7887,
                        "Lossy Heap Blocks": 0,
                        "Plans": [
                          {
                            "Node Type": "Bitmap Index Scan",
                            "Parent Relationship": "Outer",
                            "Parallel Aware": false,
                            "Index Name": "kind_id_title",
                            "Startup Cost": 0.0,
                            "Total Cost": 11822.85,
                            "Plan Rows": 663256,
                            "Plan Width": 0,
                            "Actual Startup Time": 33.876,
                            "Actual Total Time": 33.876,
                            "Actual Rows": 662825,
                            "Actual Loops": 1,
                            "Index Cond": "(kind_id < 2)"
                          }
                        ]
                      }
                    ]
                  }
                ]
              }
            ]
          }
        ]
      }
    ]
  },
  "Planning Time": 0.847,
  "Triggers": [],
  "Execution Time": 504.602
}