{
  "Plan": {
    "Node Type": "Aggregate",
    "Strategy": "Plain",
    "Partial Mode": "Finalize",
    "Parallel Aware": false,
    "Startup Cost": 410545.9,
    "Total Cost": 410545.91,
    "Plan Rows": 1,
    "Plan Width": 8,
    "Actual Startup Time": 758.425,
    "Actual Total Time": 789.312,
    "Actual Rows": 1,
    "Actual Loops": 1,
    "Plans": [
      {
        "Node Type": "Gather",
        "Parent Relationship": "Outer",
        "Parallel Aware": false,
        "Startup Cost": 410545.79,
        "Total Cost": 410545.9,
        "Plan Rows": 1,
        "Plan Width": 8,
        "Actual Startup Time": 757.535,
        "Actual Total Time": 789.285,
        "Actual Rows": 2,
        "Actual Loops": 1,
        "Workers Planned": 1,
        "Workers Launched": 1,
        "Single Copy": false,
        "Plans": [
          {
            "Node Type": "Aggregate",
            "Strategy": "Plain",
            "Partial Mode": "Partial",
            "Parent Relationship": "Outer",
            "Parallel Aware": false,
            "Startup Cost": 409545.79,
            "Total Cost": 409545.8,
            "Plan Rows": 1,
            "Plan Width": 8,
            "Actual Startup Time": 751.272,
            "Actual Total Time": 751.276,
            "Actual Rows": 1,
            "Actual Loops": 2,
            "Plans": [
              {
                "Node Type": "Nested Loop",
                "Parent Relationship": "Outer",
                "Parallel Aware": false,
                "Join Type": "Inner",
                "Startup Cost": 79752.06,
                "Total Cost": 409183.19,
                "Plan Rows": 145039,
                "Plan Width": 0,
                "Actual Startup Time": 237.302,
                "Actual Total Time": 733.492,
                "Actual Rows": 415606,
                "Actual Loops": 2,
                "Inner Unique": false,
                "Join Filter": "(t.id = mk.movie_id)",
                "Rows Removed by Join Filter": 0,
                "Plans": [
                  {
                    "Node Type": "Hash Join",
                    "Parent Relationship": "Outer",
                    "Parallel Aware": true,
                    "Join Type": "Inner",
                    "Startup Cost": 79751.63,
                    "Total Cost": 253117.69,
                    "Plan Rows": 81058,
                    "Plan Width": 8,
                    "Actual Startup Time": 237.226,
                    "Actual Total Time": 435.319,
                    "Actual Rows": 104515,
                    "Actual Loops": 2,
                    "Inner Unique": true,
                    "Hash Cond": "(mi.movie_id = t.id)",
                    "Plans": [
                      {
                        "Node Type": "Bitmap Heap Scan",
                        "Parent Relationship": "Outer",
                        "Parallel Aware": true,
                        "Relation Name": "movie_info",
                        "Alias": "mi",
                        "Startup Cost": 23159.21,
                        "Total Cost": 194551.43,
                        "Plan Rows": 751938,
                        "Plan Width": 4,
                        "Actual Startup Time": 50.898,
                        "Actual Total Time": 109.594,
                        "Actual Rows": 649494,
                        "Actual Loops": 2,
                        "Recheck Cond": "(info_type_id = 4)",
                        "Rows Removed by Index Recheck": 0,
                        "Exact Heap Blocks": 4374,
                        "Lossy Heap Blocks": 0,
                        "Plans": [
                          {
                            "Node Type": "Bitmap Index Scan",
                            "Parent Relationship": "Outer",
                            "Parallel Aware": false,
                            "Index Name": "info_type_id_movie_info",
                            "Startup Cost": 0.0,
                            "Total Cost": 22839.64,
                            "Plan Rows": 1278294,
                            "Plan Width": 0,
                            "Actual Startup Time": 49.625,
                            "Actual Total Time": 49.626,
                            "Actual Rows": 1298989,
                            "Actual Loops": 1,
                            "Index Cond": "(info_type_id = 4)"
                          }
                        ]
                      },
                      {
                        "Node Type": "Hash",
                        "Parent Relationship": "Inner",
                        "Parallel Aware": true,
                        "Startup Cost": 54588.39,
                        "Total Cost": 54588.39,
                        "Plan Rows": 160322,
                        "Plan Width": 4,
                        "Actual Startup Time": 178.205,
                        "Actual Total Time": 178.205,
                        "Actual Rows": 142528,
                        "Actual Loops": 2,
                        "Hash Buckets": 524288,
                        "Original Hash Buckets": 524288,
                        "Hash Batches": 1,
                        "Original Hash Batches": 1,
                        "Peak Memory Usage": 15296,
                        "Plans": [
                          {
                            "Node Type": "Seq Scan",
                            "Parent Relationship": "Outer",
                            "Parallel Aware": true,
                            "Relation Name": "title",
                            "Alias": "t",
                            "Startup Cost": 0.0,
                            "Total Cost": 54588.39,
                            "Plan Rows": 160322,
                            "Plan Width": 4,
                            "Actual Startup Time": 0.048,
                            "Actual Total Time": 140.555,
                            "Actual Rows": 142528,
                            "Actual Loops": 2,
                            "Filter": "(production_year < 1964)",
                            "Rows Removed by Filter": 1121628
                          }
                        ]
                      }
                    ]
                  },
                  {
                    "Node Type": "Index Only Scan",
                    "Parent Relationship": "Inner",
                    "Parallel Aware": false,
                    "Scan Direction": "Forward",
                    "Index Name": "movie_id_movie_keyword",
                    "Relation Name": "movie_keyword",
                    "Alias": "mk",
                    "Startup Cost": 0.43,
                    "Total Cost": 1.36,
                    "Plan Rows": 45,
                    "Plan Width": 4,
                    "Actual Startup Time": 0.002,
                    "Actual Total Time": 0.002,
                    "Actual Rows": 4,
                    "Actual Loops": 209030,
                    "Index Cond": "(movie_id = mi.movie_id)",
                    "Rows Removed by Index Recheck": 0,
                    "Heap Fetches": 831211
                  }
                ]
              }
            ]
          }
        ]
      }
    ]
  },
  "Planning Time": 1.072,
  "Triggers": [],
  "Execution Time": 789.429
}