[
  {
    "Plan": {
      "Node Type": "Aggregate",
      "Strategy": "Plain",
      "Partial Mode": "Finalize",
      "Parallel Aware": false,
      "Startup Cost": 81113.13,
      "Total Cost": 81113.14,
      "Plan Rows": 1,
      "Plan Width": 8,
      "Actual Startup Time": 318.394,
      "Actual Total Time": 332.503,
      "Actual Rows": 1,
      "Actual Loops": 1,
      "Plans": [
        {
          "Node Type": "Gather",
          "Parent Relationship": "Outer",
          "Parallel Aware": false,
          "Startup Cost": 81112.71,
          "Total Cost": 81113.12,
          "Plan Rows": 4,
          "Plan Width": 8,
          "Actual Startup Time": 313.028,
          "Actual Total Time": 332.494,
          "Actual Rows": 5,
          "Actual Loops": 1,
          "Workers Planned": 4,
          "Workers Launched": 4,
          "Single Copy": false,
          "Plans": [
            {
              "Node Type": "Aggregate",
              "Strategy": "Plain",
              "Partial Mode": "Partial",
              "Parent Relationship": "Outer",
              "Parallel Aware": false,
              "Startup Cost": 80112.71,
              "Total Cost": 80112.72,
              "Plan Rows": 1,
              "Plan Width": 8,
              "Actual Startup Time": 303.254,
              "Actual Total Time": 303.353,
              "Actual Rows": 1,
              "Actual Loops": 5,
              "Plans": [
                {
                  "Node Type": "Hash Join",
                  "Parent Relationship": "Outer",
                  "Parallel Aware": true,
                  "Join Type": "Inner",
                  "Startup Cost": 33370.39,
                  "Total Cost": 79889.11,
                  "Plan Rows": 89439,
                  "Plan Width": 0,
                  "Actual Startup Time": 128.524,
                  "Actual Total Time": 299.089,
                  "Actual Rows": 96607,
                  "Actual Loops": 5,
                  "Inner Unique": false,
                  "Hash Cond": "(t.id = mc.movie_id)",
                  "Plans": [
                    {
                      "Node Type": "Seq Scan",
                      "Parent Relationship": "Outer",
                      "Parallel Aware": true,
                      "Relation Name": "title",
                      "Alias": "t",
                      "Startup Cost": 0.0,
                      "Total Cost": 43898.92,
                      "Plan Rows": 466259,
                      "Plan Width": 4,
                      "Actual Startup Time": 0.016,
                      "Actual Total Time": 76.346,
                      "Actual Rows": 373097,
                      "Actual Loops": 5,
                      "Filter": "(kind_id > 1)",
                      "Rows Removed by Filter": 132565
                    },
                    {
                      "Node Type": "Hash",
                      "Parent Relationship": "Inner",
                      "Parallel Aware": true,
                      "Startup Cost": 31414.82,
                      "Total Cost": 31414.82,
                      "Plan Rows": 156446,
                      "Plan Width": 4,
                      "Actual Startup Time": 125.414,
                      "Actual Total Time": 125.415,
                      "Actual Rows": 138095,
                      "Actual Loops": 5,
                      "Hash Buckets": 1048576,
                      "Original Hash Buckets": 524288,
                      "Hash Batches": 1,
                      "Original Hash Batches": 1,
                      "Peak Memory Usage": 39424,
                      "Plans": [
                        {
                          "Node Type": "Seq Scan",
                          "Parent Relationship": "Outer",
                          "Parallel Aware": true,
                          "Relation Name": "movie_companies",
                          "Alias": "mc",
                          "Startup Cost": 0.0,
                          "Total Cost": 31414.82,
                          "Plan Rows": 156446,
                          "Plan Width": 4,
                          "Actual Startup Time": 0.045,
                          "Actual Total Time": 66.168,
                          "Actual Rows": 138095,
                          "Actual Loops": 5,
                          "Filter": "((company_id < 4456) AND (company_type_id = 1))",
                          "Rows Removed by Filter": 383731
                        }
                      ]
                    }
                  ]
                }
              ]
            }
          ]
        }
      ]
    },
    "Planning Time": 0.591,
    "Triggers": [],
    "Execution Time": 332.57
  }
]