[
  {
    "Plan": {
      "Node Type": "Aggregate",
      "Strategy": "Plain",
      "Partial Mode": "Finalize",
      "Parallel Aware": false,
      "Startup Cost": 333444.97,
      "Total Cost": 333444.98,
      "Plan Rows": 1,
      "Plan Width": 8,
      "Actual Startup Time": 648.993,
      "Actual Total Time": 708.759,
      "Actual Rows": 1,
      "Actual Loops": 1,
      "Plans": [
        {
          "Node Type": "Gather",
          "Parent Relationship": "Outer",
          "Parallel Aware": false,
          "Startup Cost": 333444.34,
          "Total Cost": 333444.95,
          "Plan Rows": 6,
          "Plan Width": 8,
          "Actual Startup Time": 648.873,
          "Actual Total Time": 708.75,
          "Actual Rows": 7,
          "Actual Loops": 1,
          "Workers Planned": 6,
          "Workers Launched": 6,
          "Single Copy": false,
          "Plans": [
            {
              "Node Type": "Aggregate",
              "Strategy": "Plain",
              "Partial Mode": "Partial",
              "Parent Relationship": "Outer",
              "Parallel Aware": false,
              "Startup Cost": 332444.34,
              "Total Cost": 332444.35,
              "Plan Rows": 1,
              "Plan Width": 8,
              "Actual Startup Time": 638.412,
              "Actual Total Time": 638.413,
              "Actual Rows": 1,
              "Actual Loops": 7,
              "Plans": [
                {
                  "Node Type": "Seq Scan",
                  "Parent Relationship": "Outer",
                  "Parallel Aware": true,
                  "Relation Name": "cast_info",
                  "Alias": "ci",
                  "Startup Cost": 0.0,
                  "Total Cost": 328162.03,
                  "Plan Rows": 1712927,
                  "Plan Width": 0,
                  "Actual Startup Time": 299.701,
                  "Actual Total Time": 574.753,
                  "Actual Rows": 1455795,
                  "Actual Loops": 7,
                  "Filter": "(person_id > 2696474)",
                  "Rows Removed by Filter": 3721968
                }
              ]
            }
          ]
        }
      ]
    },
    "Planning Time": 0.18,
    "Triggers": [],
    "Execution Time": 708.828
  }
]