{
  "Plan": {
    "Node Type": "Aggregate",
    "Strategy": "Plain",
    "Partial Mode": "Finalize",
    "Parallel Aware": false,
    "Startup Cost": 257939.96,
    "Total Cost": 257939.97,
    "Plan Rows": 1,
    "Plan Width": 8,
    "Actual Startup Time": 1452.798,
    "Actual Total Time": 1472.621,
    "Actual Rows": 1,
    "Actual Loops": 1,
    "Plans": [
      {
        "Node Type": "Gather",
        "Parent Relationship": "Outer",
        "Parallel Aware": false,
        "Startup Cost": 257939.85,
        "Total Cost": 257939.96,
        "Plan Rows": 1,
        "Plan Width": 8,
        "Actual Startup Time": 1452.559,
        "Actual Total Time": 1472.611,
        "Actual Rows": 2,
        "Actual Loops": 1,
        "Workers Planned": 1,
        "Workers Launched": 1,
        "Single Copy": false,
        "Plans": [
          {
            "Node Type": "Aggregate",
            "Strategy": "Plain",
            "Partial Mode": "Partial",
            "Parent Relationship": "Outer",
            "Parallel Aware": false,
            "Startup Cost": 256939.85,
            "Total Cost": 256939.86,
            "Plan Rows": 1,
            "Plan Width": 8,
            "Actual Startup Time": 1446.885,
            "Actual Total Time": 1446.887,
            "Actual Rows": 1,
            "Actual Loops": 2,
            "Plans": [
              {
                "Node Type": "Merge Join",
                "Parent Relationship": "Outer",
                "Parallel Aware": false,
                "Join Type": "Inner",
                "Startup Cost": 2.99,
                "Total Cost": 255797.92,
                "Plan Rows": 456771,
                "Plan Width": 0,
                "Actual Startup Time": 3.022,
                "Actual Total Time": 1422.21,
                "Actual Rows": 563177,
                "Actual Loops": 2,
                "Inner Unique": false,
                "Merge Cond": "(t.id = mc.movie_id)",
                "Plans": [
                  {
                    "Node Type": "Index Scan",
                    "Parent Relationship": "Outer",
                    "Parallel Aware": true,
                    "Scan Direction": "Forward",
                    "Index Name": "title_pkey",
                    "Relation Name": "title",
                    "Alias": "t",
                    "Startup Cost": 0.43,
                    "Total Cost": 103647.43,
                    "Plan Rows": 442619,
                    "Plan Width": 4,
                    "Actual Startup Time": 0.914,
                    "Actual Total Time": 615.135,
                    "Actual Rows": 377630,
                    "Actual Loops": 2,
                    "Filter": "(production_year < 1993)",
                    "Rows Removed by Filter": 885314
                  },
                  {
                    "Node Type": "Index Only Scan",
                    "Parent Relationship": "Inner",
                    "Parallel Aware": false,
                    "Scan Direction": "Forward",
                    "Index Name": "movie_id_movie_companies",
                    "Relation Name": "movie_companies",
                    "Alias": "mc",
                    "Startup Cost": 0.43,
                    "Total Cost": 140059.44,
                    "Plan Rows": 2609129,
                    "Plan Width": 4,
                    "Actual Startup Time": 0.135,
                    "Actual Total Time": 629.212,
                    "Actual Rows": 2609129,
                    "Actual Loops": 2,
                    "Heap Fetches": 5218258
                  }
                ]
              }
            ]
          }
        ]
      }
    ]
  },
  "Planning Time": 0.649,
  "Triggers": [],
  "Execution Time": 1472.693
}