[
  {
    "Plan": {
      "Node Type": "Aggregate",
      "Strategy": "Plain",
      "Partial Mode": "Finalize",
      "Parallel Aware": false,
      "Startup Cost": 45924.41,
      "Total Cost": 45924.42,
      "Plan Rows": 1,
      "Plan Width": 8,
      "Actual Startup Time": 181.75,
      "Actual Total Time": 191.585,
      "Actual Rows": 1,
      "Actual Loops": 1,
      "Plans": [
        {
          "Node Type": "Gather",
          "Parent Relationship": "Outer",
          "Parallel Aware": false,
          "Startup Cost": 45924.09,
          "Total Cost": 45924.4,
          "Plan Rows": 3,
          "Plan Width": 8,
          "Actual Startup Time": 181.649,
          "Actual Total Time": 191.575,
          "Actual Rows": 4,
          "Actual Loops": 1,
          "Workers Planned": 3,
          "Workers Launched": 3,
          "Single Copy": false,
          "Plans": [
            {
              "Node Type": "Aggregate",
              "Strategy": "Plain",
              "Partial Mode": "Partial",
              "Parent Relationship": "Outer",
              "Parallel Aware": false,
              "Startup Cost": 44924.09,
              "Total Cost": 44924.1,
              "Plan Rows": 1,
              "Plan Width": 8,
              "Actual Startup Time": 175.101,
              "Actual Total Time": 175.102,
              "Actual Rows": 1,
              "Actual Loops": 4,
              "Plans": [
                {
                  "Node Type": "Seq Scan",
                  "Parent Relationship": "Outer",
                  "Parallel Aware": true,
                  "Relation Name": "movie_keyword",
                  "Alias": "mk",
                  "Startup Cost": 0.0,
                  "Total Cost": 42695.65,
                  "Plan Rows": 891374,
                  "Plan Width": 0,
                  "Actual Startup Time": 0.053,
                  "Actual Total Time": 137.269,
                  "Actual Rows": 689706,
                  "Actual Loops": 4,
                  "Filter": "(keyword_id < 7861)",
                  "Rows Removed by Filter": 441277
                }
              ]
            }
          ]
        }
      ]
    },
    "Planning Time": 0.179,
    "Triggers": [],
    "Execution Time": 191.642
  }
]