[
  {
    "Plan": {
      "Node Type": "Aggregate",
      "Strategy": "Plain",
      "Partial Mode": "Finalize",
      "Parallel Aware": false,
      "Startup Cost": 44770.88,
      "Total Cost": 44770.89,
      "Plan Rows": 1,
      "Plan Width": 8,
      "Actual Startup Time": 125.829,
      "Actual Total Time": 135.019,
      "Actual Rows": 1,
      "Actual Loops": 1,
      "Plans": [
        {
          "Node Type": "Gather",
          "Parent Relationship": "Outer",
          "Parallel Aware": false,
          "Startup Cost": 44770.56,
          "Total Cost": 44770.87,
          "Plan Rows": 3,
          "Plan Width": 8,
          "Actual Startup Time": 125.722,
          "Actual Total Time": 135.011,
          "Actual Rows": 4,
          "Actual Loops": 1,
          "Workers Planned": 3,
          "Workers Launched": 3,
          "Single Copy": false,
          "Plans": [
            {
              "Node Type": "Aggregate",
              "Strategy": "Plain",
              "Partial Mode": "Partial",
              "Parent Relationship": "Outer",
              "Parallel Aware": false,
              "Startup Cost": 43770.56,
              "Total Cost": 43770.57,
              "Plan Rows": 1,
              "Plan Width": 8,
              "Actual Startup Time": 119.619,
              "Actual Total Time": 119.62,
              "Actual Rows": 1,
              "Actual Loops": 4,
              "Plans": [
                {
                  "Node Type": "Seq Scan",
                  "Parent Relationship": "Outer",
                  "Parallel Aware": true,
                  "Relation Name": "movie_keyword",
                  "Alias": "mk",
                  "Startup Cost": 0.0,
                  "Total Cost": 42695.65,
                  "Plan Rows": 429963,
                  "Plan Width": 0,
                  "Actual Startup Time": 0.054,
                  "Actual Total Time": 103.83,
                  "Actual Rows": 337656,
                  "Actual Loops": 4,
                  "Filter": "(keyword_id < 1757)",
                  "Rows Removed by Filter": 793326
                }
              ]
            }
          ]
        }
      ]
    },
    "Planning Time": 0.181,
    "Triggers": [],
    "Execution Time": 135.074
  }
]