[
  {
    "Plan": {
      "Node Type": "Aggregate",
      "Strategy": "Plain",
      "Partial Mode": "Finalize",
      "Parallel Aware": false,
      "Startup Cost": 33337.18,
      "Total Cost": 33337.19,
      "Plan Rows": 1,
      "Plan Width": 8,
      "Actual Startup Time": 92.124,
      "Actual Total Time": 100.124,
      "Actual Rows": 1,
      "Actual Loops": 1,
      "Plans": [
        {
          "Node Type": "Gather",
          "Parent Relationship": "Outer",
          "Parallel Aware": false,
          "Startup Cost": 33336.86,
          "Total Cost": 33337.17,
          "Plan Rows": 3,
          "Plan Width": 8,
          "Actual Startup Time": 91.987,
          "Actual Total Time": 100.115,
          "Actual Rows": 4,
          "Actual Loops": 1,
          "Workers Planned": 3,
          "Workers Launched": 3,
          "Single Copy": false,
          "Plans": [
            {
              "Node Type": "Aggregate",
              "Strategy": "Plain",
              "Partial Mode": "Partial",
              "Parent Relationship": "Outer",
              "Parallel Aware": false,
              "Startup Cost": 32336.86,
              "Total Cost": 32336.87,
              "Plan Rows": 1,
              "Plan Width": 8,
              "Actual Startup Time": 88.202,
              "Actual Total Time": 88.203,
              "Actual Rows": 1,
              "Actual Loops": 4,
              "Plans": [
                {
                  "Node Type": "Seq Scan",
                  "Parent Relationship": "Outer",
                  "Parallel Aware": true,
                  "Relation Name": "movie_companies",
                  "Alias": "mc",
                  "Startup Cost": 0.0,
                  "Total Cost": 31414.82,
                  "Plan Rows": 368818,
                  "Plan Width": 0,
                  "Actual Startup Time": 39.294,
                  "Actual Total Time": 75.648,
                  "Actual Rows": 312291,
                  "Actual Loops": 4,
                  "Filter": "((company_id > 197) AND (company_type_id = 2))",
                  "Rows Removed by Filter": 339992
                }
              ]
            }
          ]
        }
      ]
    },
    "Planning Time": 0.196,
    "Triggers": [],
    "Execution Time": 100.173
  }
]