[
  {
    "Plan": {
      "Node Type": "Aggregate",
      "Strategy": "Plain",
      "Partial Mode": "Finalize",
      "Parallel Aware": false,
      "Startup Cost": 44992.33,
      "Total Cost": 44992.34,
      "Plan Rows": 1,
      "Plan Width": 8,
      "Actual Startup Time": 116.326,
      "Actual Total Time": 123.924,
      "Actual Rows": 1,
      "Actual Loops": 1,
      "Plans": [
        {
          "Node Type": "Gather",
          "Parent Relationship": "Outer",
          "Parallel Aware": false,
          "Startup Cost": 44992.02,
          "Total Cost": 44992.33,
          "Plan Rows": 3,
          "Plan Width": 8,
          "Actual Startup Time": 116.245,
          "Actual Total Time": 123.919,
          "Actual Rows": 4,
          "Actual Loops": 1,
          "Workers Planned": 3,
          "Workers Launched": 3,
          "Single Copy": false,
          "Plans": [
            {
              "Node Type": "Aggregate",
              "Strategy": "Plain",
              "Partial Mode": "Partial",
              "Parent Relationship": "Outer",
              "Parallel Aware": false,
              "Startup Cost": 43992.02,
              "Total Cost": 43992.03,
              "Plan Rows": 1,
              "Plan Width": 8,
              "Actual Startup Time": 112.311,
              "Actual Total Time": 112.312,
              "Actual Rows": 1,
              "Actual Loops": 4,
              "Plans": [
                {
                  "Node Type": "Seq Scan",
                  "Parent Relationship": "Outer",
                  "Parallel Aware": true,
                  "Relation Name": "movie_keyword",
                  "Alias": "mk",
                  "Startup Cost": 0.0,
                  "Total Cost": 42695.65,
                  "Plan Rows": 518545,
                  "Plan Width": 0,
                  "Actual Startup Time": 0.486,
                  "Actual Total Time": 93.969,
                  "Actual Rows": 396940,
                  "Actual Loops": 4,
                  "Filter": "(keyword_id > 9779)",
                  "Rows Removed by Filter": 734043
                }
              ]
            }
          ]
        }
      ]
    },
    "Planning Time": 0.062,
    "Triggers": [],
    "Execution Time": 123.946
  }
]