[
  {
    "Plan": {
      "Node Type": "Aggregate",
      "Strategy": "Plain",
      "Partial Mode": "Finalize",
      "Parallel Aware": false,
      "Startup Cost": 29808.98,
      "Total Cost": 29808.99,
      "Plan Rows": 1,
      "Plan Width": 8,
      "Actual Startup Time": 90.236,
      "Actual Total Time": 98.054,
      "Actual Rows": 1,
      "Actual Loops": 1,
      "Plans": [
        {
          "Node Type": "Gather",
          "Parent Relationship": "Outer",
          "Parallel Aware": false,
          "Startup Cost": 29808.66,
          "Total Cost": 29808.97,
          "Plan Rows": 3,
          "Plan Width": 8,
          "Actual Startup Time": 89.775,
          "Actual Total Time": 98.048,
          "Actual Rows": 4,
          "Actual Loops": 1,
          "Workers Planned": 3,
          "Workers Launched": 3,
          "Single Copy": false,
          "Plans": [
            {
              "Node Type": "Aggregate",
              "Strategy": "Plain",
              "Partial Mode": "Partial",
              "Parent Relationship": "Outer",
              "Parallel Aware": false,
              "Startup Cost": 28808.66,
              "Total Cost": 28808.67,
              "Plan Rows": 1,
              "Plan Width": 8,
              "Actual Startup Time": 82.293,
              "Actual Total Time": 82.294,
              "Actual Rows": 1,
              "Actual Loops": 4,
              "Plans": [
                {
                  "Node Type": "Bitmap Heap Scan",
                  "Parent Relationship": "Outer",
                  "Parallel Aware": true,
                  "Relation Name": "movie_companies",
                  "Alias": "mc",
                  "Startup Cost": 8189.74,
                  "Total Cost": 28503.84,
                  "Plan Rows": 121928,
                  "Plan Width": 0,
                  "Actual Startup Time": 22.532,
                  "Actual Total Time": 74.475,
                  "Actual Rows": 93524,
                  "Actual Loops": 4,
                  "Recheck Cond": "(company_id < 215)",
                  "Rows Removed by Index Recheck": 0,
                  "Exact Heap Blocks": 8798,
                  "Lossy Heap Blocks": 0,
                  "Plans": [
                    {
                      "Node Type": "Bitmap Index Scan",
                      "Parent Relationship": "Outer",
                      "Parallel Aware": false,
                      "Index Name": "company_id_movie_companies",
                      "Startup Cost": 0.0,
                      "Total Cost": 8095.25,
                      "Plan Rows": 377976,
                      "Plan Width": 0,
                      "Actual Startup Time": 26.225,
                      "Actual Total Time": 26.225,
                      "Actual Rows": 374097,
                      "Actual Loops": 1,
                      "Index Cond": "(company_id < 215)"
                    }
                  ]
                }
              ]
            }
          ]
        }
      ]
    },
    "Planning Time": 0.078,
    "Triggers": [],
    "Execution Time": 98.088
  }
]