{
    "Plan": {
        "Node Type": "Aggregate",
        "Strategy": "Plain",
        "Partial Mode": "Finalize",
        "Parallel Aware": false,
        "Startup Cost": 78328.63,
        "Total Cost": 78328.64,
        "Plan Rows": 1,
        "Plan Width": 64,
        "Actual Startup Time": 431.512,
        "Actual Total Time": 466.953,
        "Actual Rows": 1,
        "Actual Loops": 1,
        "Plans": [
            {
                "Node Type": "Gather",
                "Parent Relationship": "Outer",
                "Parallel Aware": false,
                "Startup Cost": 78328.52,
                "Total Cost": 78328.63,
                "Plan Rows": 1,
                "Plan Width": 64,
                "Actual Startup Time": 431.326,
                "Actual Total Time": 466.944,
                "Actual Rows": 2,
                "Actual Loops": 1,
                "Workers Planned": 1,
                "Workers Launched": 1,
                "Single Copy": false,
                "Plans": [
                    {
                        "Node Type": "Aggregate",
                        "Strategy": "Plain",
                        "Partial Mode": "Partial",
                        "Parent Relationship": "Outer",
                        "Parallel Aware": false,
                        "Startup Cost": 77328.52,
                        "Total Cost": 77328.53,
                        "Plan Rows": 1,
                        "Plan Width": 64,
                        "Actual Startup Time": 421.967,
                        "Actual Total Time": 421.98,
                        "Actual Rows": 1,
                        "Actual Loops": 2,
                        "Plans": [
                            {
                                "Node Type": "Nested Loop",
                                "Parent Relationship": "Outer",
                                "Parallel Aware": false,
                                "Join Type": "Inner",
                                "Startup Cost": 3238.95,
                                "Total Cost": 77328.5,
                                "Plan Rows": 3,
                                "Plan Width": 27,
                                "Actual Startup Time": 315.209,
                                "Actual Total Time": 421.927,
                                "Actual Rows": 314,
                                "Actual Loops": 2,
                                "Inner Unique": true,
                                "Plans": [
                                    {
                                        "Node Type": "Nested Loop",
                                        "Parent Relationship": "Outer",
                                        "Parallel Aware": false,
                                        "Join Type": "Inner",
                                        "Startup Cost": 3238.53,
                                        "Total Cost": 77327.19,
                                        "Plan Rows": 3,
                                        "Plan Width": 31,
                                        "Actual Startup Time": 315.179,
                                        "Actual Total Time": 421.245,
                                        "Actual Rows": 314,
                                        "Actual Loops": 2,
                                        "Inner Unique": false,
                                        "Plans": [
                                            {
                                                "Node Type": "Nested Loop",
                                                "Parent Relationship": "Outer",
                                                "Parallel Aware": false,
                                                "Join Type": "Inner",
                                                "Startup Cost": 3238.1,
                                                "Total Cost": 77325.43,
                                                "Plan Rows": 1,
                                                "Plan Width": 43,
                                                "Actual Startup Time": 315.16,
                                                "Actual Total Time": 421.142,
                                                "Actual Rows": 4,
                                                "Actual Loops": 2,
                                                "Inner Unique": true,
                                                "Plans": [
                                                    {
                                                        "Node Type": "Nested Loop",
                                                        "Parent Relationship": "Outer",
                                                        "Parallel Aware": false,
                                                        "Join Type": "Inner",
                                                        "Startup Cost": 3237.97,
                                                        "Total Cost": 77325.28,
                                                        "Plan Rows": 1,
                                                        "Plan Width": 47,
                                                        "Actual Startup Time": 315.129,
                                                        "Actual Total Time": 421.103,
                                                        "Actual Rows": 4,
                                                        "Actual Loops": 2,
                                                        "Inner Unique": true,
                                                        "Plans": [
                                                            {
                                                                "Node Type": "Nested Loop",
                                                                "Parent Relationship": "Outer",
                                                                "Parallel Aware": false,
                                                                "Join Type": "Inner",
                                                                "Startup Cost": 3237.55,
                                                                "Total Cost": 77324.83,
                                                                "Plan Rows": 1,
                                                                "Plan Width": 51,
                                                                "Actual Startup Time": 315.105,
                                                                "Actual Total Time": 421.058,
                                                                "Actual Rows": 4,
                                                                "Actual Loops": 2,
                                                                "Inner Unique": false,
                                                                "Plans": [
                                                                    {
                                                                        "Node Type": "Nested Loop",
                                                                        "Parent Relationship": "Outer",
                                                                        "Parallel Aware": false,
                                                                        "Join Type": "Inner",
                                                                        "Startup Cost": 3237.12,
                                                                        "Total Cost": 77324.21,
                                                                        "Plan Rows": 1,
                                                                        "Plan Width": 39,
                                                                        "Actual Startup Time": 315.079,
                                                                        "Actual Total Time": 421.012,
                                                                        "Actual Rows": 3,
                                                                        "Actual Loops": 2,
                                                                        "Inner Unique": true,
                                                                        "Plans": [
                                                                            {
                                                                                "Node Type": "Nested Loop",
                                                                                "Parent Relationship": "Outer",
                                                                                "Parallel Aware": false,
                                                                                "Join Type": "Inner",
                                                                                "Startup Cost": 3236.98,
                                                                                "Total Cost": 77321.95,
                                                                                "Plan Rows": 12,
                                                                                "Plan Width": 43,
                                                                                "Actual Startup Time": 315.056,
                                                                                "Actual Total Time": 420.981,
                                                                                "Actual Rows": 3,
                                                                                "Actual Loops": 2,
                                                                                "Inner Unique": false,
                                                                                "Plans": [
                                                                                    {
                                                                                        "Node Type": "Hash Join",
                                                                                        "Parent Relationship": "Outer",
                                                                                        "Parallel Aware": false,
                                                                                        "Join Type": "Inner",
                                                                                        "Startup Cost": 3236.54,
                                                                                        "Total Cost": 61894.55,
                                                                                        "Plan Rows": 7884,
                                                                                        "Plan Width": 35,
                                                                                        "Actual Startup Time": 191.885,
                                                                                        "Actual Total Time": 299.248,
                                                                                        "Actual Rows": 2526,
                                                                                        "Actual Loops": 2,
                                                                                        "Inner Unique": true,
                                                                                        "Hash Cond": "(t.kind_id = kt.id)",
                                                                                        "Plans": [
                                                                                            {
                                                                                                "Node Type": "Hash Join",
                                                                                                "Parent Relationship": "Outer",
                                                                                                "Parallel Aware": false,
                                                                                                "Join Type": "Inner",
                                                                                                "Startup Cost": 3235.39,
                                                                                                "Total Cost": 61835.25,
                                                                                                "Plan Rows": 13797,
                                                                                                "Plan Width": 29,
                                                                                                "Actual Startup Time": 31.45,
                                                                                                "Actual Total Time": 298.24,
                                                                                                "Actual Rows": 3212,
                                                                                                "Actual Loops": 2,
                                                                                                "Inner Unique": false,
                                                                                                "Hash Cond": "(t.id = cc.movie_id)",
                                                                                                "Plans": [
                                                                                                    {
                                                                                                        "Node Type": "Seq Scan",
                                                                                                        "Parent Relationship": "Outer",
                                                                                                        "Parallel Aware": true,
                                                                                                        "Relation Name": "title",
                                                                                                        "Alias": "t",
                                                                                                        "Startup Cost": 0.0,
                                                                                                        "Total Cost": 54588.53,
                                                                                                        "Plan Rows": 1032896,
                                                                                                        "Plan Width": 25,
                                                                                                        "Actual Startup Time": 0.047,
                                                                                                        "Actual Total Time": 190.168,
                                                                                                        "Actual Rows": 874516,
                                                                                                        "Actual Loops": 2,
                                                                                                        "Filter": "(production_year > 1990)",
                                                                                                        "Rows Removed by Filter": 389640
                                                                                                    },
                                                                                                    {
                                                                                                        "Node Type": "Hash",
                                                                                                        "Parent Relationship": "Inner",
                                                                                                        "Parallel Aware": false,
                                                                                                        "Startup Cost": 2813.24,
                                                                                                        "Total Cost": 2813.24,
                                                                                                        "Plan Rows": 33772,
                                                                                                        "Plan Width": 4,
                                                                                                        "Actual Startup Time": 29.993,
                                                                                                        "Actual Total Time": 29.997,
                                                                                                        "Actual Rows": 24592,
                                                                                                        "Actual Loops": 2,
                                                                                                        "Hash Buckets": 65536,
                                                                                                        "Original Hash Buckets": 65536,
                                                                                                        "Hash Batches": 1,
                                                                                                        "Original Hash Batches": 1,
                                                                                                        "Peak Memory Usage": 1377,
                                                                                                        "Plans": [
                                                                                                            {
                                                                                                                "Node Type": "Hash Join",
                                                                                                                "Parent Relationship": "Outer",
                                                                                                                "Parallel Aware": false,
                                                                                                                "Join Type": "Inner",
                                                                                                                "Startup Cost": 1.06,
                                                                                                                "Total Cost": 2813.24,
                                                                                                                "Plan Rows": 33772,
                                                                                                                "Plan Width": 4,
                                                                                                                "Actual Startup Time": 0.132,
                                                                                                                "Actual Total Time": 25.717,
                                                                                                                "Actual Rows": 24592,
                                                                                                                "Actual Loops": 2,
                                                                                                                "Inner Unique": true,
                                                                                                                "Hash Cond": "(cc.status_id = cct1.id)",
                                                                                                                "Plans": [
                                                                                                                    {
                                                                                                                        "Node Type": "Seq Scan",
                                                                                                                        "Parent Relationship": "Outer",
                                                                                                                        "Parallel Aware": false,
                                                                                                                        "Relation Name": "complete_cast",
                                                                                                                        "Alias": "cc",
                                                                                                                        "Startup Cost": 0.0,
                                                                                                                        "Total Cost": 2081.86,
                                                                                                                        "Plan Rows": 135086,
                                                                                                                        "Plan Width": 8,
                                                                                                                        "Actual Startup Time": 0.043,
                                                                                                                        "Actual Total Time": 12.438,
                                                                                                                        "Actual Rows": 135086,
                                                                                                                        "Actual Loops": 2
                                                                                                                    },
                                                                                                                    {
                                                                                                                        "Node Type": "Hash",
                                                                                                                        "Parent Relationship": "Inner",
                                                                                                                        "Parallel Aware": false,
                                                                                                                        "Startup Cost": 1.05,
                                                                                                                        "Total Cost": 1.05,
                                                                                                                        "Plan Rows": 1,
                                                                                                                        "Plan Width": 4,
                                                                                                                        "Actual Startup Time": 0.057,
                                                                                                                        "Actual Total Time": 0.058,
                                                                                                                        "Actual Rows": 1,
                                                                                                                        "Actual Loops": 2,
                                                                                                                        "Hash Buckets": 1024,
                                                                                                                        "Original Hash Buckets": 1024,
                                                                                                                        "Hash Batches": 1,
                                                                                                                        "Original Hash Batches": 1,
                                                                                                                        "Peak Memory Usage": 9,
                                                                                                                        "Plans": [
                                                                                                                            {
                                                                                                                                "Node Type": "Seq Scan",
                                                                                                                                "Parent Relationship": "Outer",
                                                                                                                                "Parallel Aware": false,
                                                                                                                                "Relation Name": "comp_cast_type",
                                                                                                                                "Alias": "cct1",
                                                                                                                                "Startup Cost": 0.0,
                                                                                                                                "Total Cost": 1.05,
                                                                                                                                "Plan Rows": 1,
                                                                                                                                "Plan Width": 4,
                                                                                                                                "Actual Startup Time": 0.049,
                                                                                                                                "Actual Total Time": 0.05,
                                                                                                                                "Actual Rows": 1,
                                                                                                                                "Actual Loops": 2,
                                                                                                                                "Filter": "((kind)::text = 'complete+verified'::text)",
                                                                                                                                "Rows Removed by Filter": 3
                                                                                                                            }
                                                                                                                        ]
                                                                                                                    }
                                                                                                                ]
                                                                                                            }
                                                                                                        ]
                                                                                                    }
                                                                                                ]
                                                                                            },
                                                                                            {
                                                                                                "Node Type": "Hash",
                                                                                                "Parent Relationship": "Inner",
                                                                                                "Parallel Aware": false,
                                                                                                "Startup Cost": 1.1,
                                                                                                "Total Cost": 1.1,
                                                                                                "Plan Rows": 4,
                                                                                                "Plan Width": 14,
                                                                                                "Actual Startup Time": 0.096,
                                                                                                "Actual Total Time": 0.097,
                                                                                                "Actual Rows": 4,
                                                                                                "Actual Loops": 2,
                                                                                                "Hash Buckets": 1024,
                                                                                                "Original Hash Buckets": 1024,
                                                                                                "Hash Batches": 1,
                                                                                                "Original Hash Batches": 1,
                                                                                                "Peak Memory Usage": 9,
                                                                                                "Plans": [
                                                                                                    {
                                                                                                        "Node Type": "Seq Scan",
                                                                                                        "Parent Relationship": "Outer",
                                                                                                        "Parallel Aware": false,
                                                                                                        "Relation Name": "kind_type",
                                                                                                        "Alias": "kt",
                                                                                                        "Startup Cost": 0.0,
                                                                                                        "Total Cost": 1.1,
                                                                                                        "Plan Rows": 4,
                                                                                                        "Plan Width": 14,
                                                                                                        "Actual Startup Time": 0.07,
                                                                                                        "Actual Total Time": 0.077,
                                                                                                        "Actual Rows": 4,
                                                                                                        "Actual Loops": 2,
                                                                                                        "Filter": "((kind)::text = ANY ('{movie,\"tv movie\",\"video movie\",\"video game\"}'::text[]))",
                                                                                                        "Rows Removed by Filter": 3
                                                                                                    }
                                                                                                ]
                                                                                            }
                                                                                        ]
                                                                                    },
                                                                                    {
                                                                                        "Node Type": "Index Scan",
                                                                                        "Parent Relationship": "Inner",
                                                                                        "Parallel Aware": false,
                                                                                        "Scan Direction": "Forward",
                                                                                        "Index Name": "movie_id_movie_info",
                                                                                        "Relation Name": "movie_info",
                                                                                        "Alias": "mi",
                                                                                        "Startup Cost": 0.43,
                                                                                        "Total Cost": 1.95,
                                                                                        "Plan Rows": 1,
                                                                                        "Plan Width": 8,
                                                                                        "Actual Startup Time": 0.048,
                                                                                        "Actual Total Time": 0.048,
                                                                                        "Actual Rows": 0,
                                                                                        "Actual Loops": 5053,
                                                                                        "Index Cond": "(movie_id = t.id)",
                                                                                        "Rows Removed by Index Recheck": 0,
                                                                                        "Filter": "((info IS NOT NULL) AND (note ~~ '%internet%'::text) AND ((info ~~ 'USA:% 199%'::text) OR (info ~~ 'USA:% 200%'::text)))",
                                                                                        "Rows Removed by Filter": 123
                                                                                    }
                                                                                ]
                                                                            },
                                                                            {
                                                                                "Node Type": "Index Scan",
                                                                                "Parent Relationship": "Inner",
                                                                                "Parallel Aware": false,
                                                                                "Scan Direction": "Forward",
                                                                                "Index Name": "info_type_pkey",
                                                                                "Relation Name": "info_type",
                                                                                "Alias": "it1",
                                                                                "Startup Cost": 0.14,
                                                                                "Total Cost": 0.18,
                                                                                "Plan Rows": 1,
                                                                                "Plan Width": 4,
                                                                                "Actual Startup Time": 0.008,
                                                                                "Actual Total Time": 0.008,
                                                                                "Actual Rows": 1,
                                                                                "Actual Loops": 6,
                                                                                "Index Cond": "(id = mi.info_type_id)",
                                                                                "Rows Removed by Index Recheck": 0,
                                                                                "Filter": "((info)::text = 'release dates'::text)",
                                                                                "Rows Removed by Filter": 0
                                                                            }
                                                                        ]
                                                                    },
                                                                    {
                                                                        "Node Type": "Index Scan",
                                                                        "Parent Relationship": "Inner",
                                                                        "Parallel Aware": false,
                                                                        "Scan Direction": "Forward",
                                                                        "Index Name": "movie_id_movie_companies",
                                                                        "Relation Name": "movie_companies",
                                                                        "Alias": "mc",
                                                                        "Startup Cost": 0.43,
                                                                        "Total Cost": 0.58,
                                                                        "Plan Rows": 5,
                                                                        "Plan Width": 12,
                                                                        "Actual Startup Time": 0.012,
                                                                        "Actual Total Time": 0.013,
                                                                        "Actual Rows": 1,
                                                                        "Actual Loops": 6,
                                                                        "Index Cond": "(movie_id = t.id)",
                                                                        "Rows Removed by Index Recheck": 0
                                                                    }
                                                                ]
                                                            },
                                                            {
                                                                "Node Type": "Index Scan",
                                                                "Parent Relationship": "Inner",
                                                                "Parallel Aware": false,
                                                                "Scan Direction": "Forward",
                                                                "Index Name": "company_name_pkey",
                                                                "Relation Name": "company_name",
                                                                "Alias": "cn",
                                                                "Startup Cost": 0.42,
                                                                "Total Cost": 0.45,
                                                                "Plan Rows": 1,
                                                                "Plan Width": 4,
                                                                "Actual Startup Time": 0.011,
                                                                "Actual Total Time": 0.011,
                                                                "Actual Rows": 1,
                                                                "Actual Loops": 7,
                                                                "Index Cond": "(id = mc.company_id)",
                                                                "Rows Removed by Index Recheck": 0,
                                                                "Filter": "((country_code)::text = '[us]'::text)",
                                                                "Rows Removed by Filter": 0
                                                            }
                                                        ]
                                                    },
                                                    {
                                                        "Node Type": "Index Only Scan",
                                                        "Parent Relationship": "Inner",
                                                        "Parallel Aware": false,
                                                        "Scan Direction": "Forward",
                                                        "Index Name": "company_type_pkey",
                                                        "Relation Name": "company_type",
                                                        "Alias": "ct",
                                                        "Startup Cost": 0.13,
                                                        "Total Cost": 0.15,
                                                        "Plan Rows": 1,
                                                        "Plan Width": 4,
                                                        "Actual Startup Time": 0.009,
                                                        "Actual Total Time": 0.009,
                                                        "Actual Rows": 1,
                                                        "Actual Loops": 7,
                                                        "Index Cond": "(id = mc.company_type_id)",
                                                        "Rows Removed by Index Recheck": 0,
                                                        "Heap Fetches": 7
                                                    }
                                                ]
                                            },
                                            {
                                                "Node Type": "Index Scan",
                                                "Parent Relationship": "Inner",
                                                "Parallel Aware": false,
                                                "Scan Direction": "Forward",
                                                "Index Name": "movie_id_movie_keyword",
                                                "Relation Name": "movie_keyword",
                                                "Alias": "mk",
                                                "Startup Cost": 0.43,
                                                "Total Cost": 1.3,
                                                "Plan Rows": 45,
                                                "Plan Width": 8,
                                                "Actual Startup Time": 0.008,
                                                "Actual Total Time": 0.02,
                                                "Actual Rows": 90,
                                                "Actual Loops": 7,
                                                "Index Cond": "(movie_id = t.id)",
                                                "Rows Removed by Index Recheck": 0
                                            }
                                        ]
                                    },
                                    {
                                        "Node Type": "Index Only Scan",
                                        "Parent Relationship": "Inner",
                                        "Parallel Aware": false,
                                        "Scan Direction": "Forward",
                                        "Index Name": "keyword_pkey",
                                        "Relation Name": "keyword",
                                        "Alias": "k",
                                        "Startup Cost": 0.42,
                                        "Total Cost": 0.44,
                                        "Plan Rows": 1,
                                        "Plan Width": 4,
                                        "Actual Startup Time": 0.002,
                                        "Actual Total Time": 0.002,
                                        "Actual Rows": 1,
                                        "Actual Loops": 628,
                                        "Index Cond": "(id = mk.keyword_id)",
                                        "Rows Removed by Index Recheck": 0,
                                        "Heap Fetches": 628
                                    }
                                ]
                            }
                        ]
                    }
                ]
            }
        ]
    },
    "Planning Time": 24.744,
    "Triggers": [],
    "Execution Time": 467.091
}