[
    {
        "Bao": {
            "Bao prediction": "NaN",
            "Bao recommended hint": "(no hint)"
        }
    },
    {
        "Plan": {
            "Node Type": "Aggregate",
            "Strategy": "Plain",
            "Partial Mode": "Finalize",
            "Parallel Aware": false,
            "Startup Cost": 72101.46,
            "Total Cost": 72101.47,
            "Plan Rows": 1,
            "Plan Width": 8,
            "Actual Startup Time": 143.379,
            "Actual Total Time": 151.535,
            "Actual Rows": 1,
            "Actual Loops": 1,
            "Output": [
                "count(*)"
            ],
            "Plans": [
                {
                    "Node Type": "Gather",
                    "Parent Relationship": "Outer",
                    "Parallel Aware": false,
                    "Startup Cost": 72101.14,
                    "Total Cost": 72101.45,
                    "Plan Rows": 3,
                    "Plan Width": 8,
                    "Actual Startup Time": 142.718,
                    "Actual Total Time": 151.527,
                    "Actual Rows": 4,
                    "Actual Loops": 1,
                    "Output": [
                        "(PARTIAL count(*))"
                    ],
                    "Workers Planned": 3,
                    "Workers Launched": 3,
                    "Single Copy": false,
                    "Plans": [
                        {
                            "Node Type": "Aggregate",
                            "Strategy": "Plain",
                            "Partial Mode": "Partial",
                            "Parent Relationship": "Outer",
                            "Parallel Aware": false,
                            "Startup Cost": 71101.14,
                            "Total Cost": 71101.15,
                            "Plan Rows": 1,
                            "Plan Width": 8,
                            "Actual Startup Time": 134.073,
                            "Actual Total Time": 134.077,
                            "Actual Rows": 1,
                            "Actual Loops": 4,
                            "Output": [
                                "PARTIAL count(*)"
                            ],
                            "Workers": [
                                {
                                    "Worker Number": 0,
                                    "Actual Startup Time": 130.845,
                                    "Actual Total Time": 130.849,
                                    "Actual Rows": 1,
                                    "Actual Loops": 1
                                },
                                {
                                    "Worker Number": 1,
                                    "Actual Startup Time": 131.424,
                                    "Actual Total Time": 131.426,
                                    "Actual Rows": 1,
                                    "Actual Loops": 1
                                },
                                {
                                    "Worker Number": 2,
                                    "Actual Startup Time": 131.623,
                                    "Actual Total Time": 131.628,
                                    "Actual Rows": 1,
                                    "Actual Loops": 1
                                }
                            ],
                            "Plans": [
                                {
                                    "Node Type": "Hash Join",
                                    "Parent Relationship": "Outer",
                                    "Parallel Aware": true,
                                    "Join Type": "Inner",
                                    "Startup Cost": 38872.62,
                                    "Total Cost": 71066.47,
                                    "Plan Rows": 13869,
                                    "Plan Width": 0,
                                    "Actual Startup Time": 96.842,
                                    "Actual Total Time": 133.605,
                                    "Actual Rows": 7958,
                                    "Actual Loops": 4,
                                    "Inner Unique": true,
                                    "Hash Cond": "(mc.movie_id = t.id)",
                                    "Workers": [
                                        {
                                            "Worker Number": 0,
                                            "Actual Startup Time": 93.644,
                                            "Actual Total Time": 130.376,
                                            "Actual Rows": 8376,
                                            "Actual Loops": 1
                                        },
                                        {
                                            "Worker Number": 1,
                                            "Actual Startup Time": 94.127,
                                            "Actual Total Time": 130.99,
                                            "Actual Rows": 8361,
                                            "Actual Loops": 1
                                        },
                                        {
                                            "Worker Number": 2,
                                            "Actual Startup Time": 94.405,
                                            "Actual Total Time": 131.131,
                                            "Actual Rows": 5558,
                                            "Actual Loops": 1
                                        }
                                    ],
                                    "Plans": [
                                        {
                                            "Node Type": "Seq Scan",
                                            "Parent Relationship": "Outer",
                                            "Parallel Aware": true,
                                            "Relation Name": "movie_companies",
                                            "Schema": "public",
                                            "Alias": "mc",
                                            "Startup Cost": 0.0,
                                            "Total Cost": 31414.82,
                                            "Plan Rows": 296771,
                                            "Plan Width": 4,
                                            "Actual Startup Time": 29.155,
                                            "Actual Total Time": 66.524,
                                            "Actual Rows": 150603,
                                            "Actual Loops": 4,
                                            "Output": [
                                                "mc.id",
                                                "mc.movie_id",
                                                "mc.company_id",
                                                "mc.company_type_id",
                                                "mc.note"
                                            ],
                                            "Filter": "((mc.company_id < 29613) AND (mc.company_type_id > 1))",
                                            "Rows Removed by Filter": 501679,
                                            "Workers": [
                                                {
                                                    "Worker Number": 0,
                                                    "Actual Startup Time": 29.169,
                                                    "Actual Total Time": 66.339,
                                                    "Actual Rows": 158644,
                                                    "Actual Loops": 1
                                                },
                                                {
                                                    "Worker Number": 1,
                                                    "Actual Startup Time": 29.158,
                                                    "Actual Total Time": 65.63,
                                                    "Actual Rows": 155728,
                                                    "Actual Loops": 1
                                                },
                                                {
                                                    "Worker Number": 2,
                                                    "Actual Startup Time": 29.122,
                                                    "Actual Total Time": 67.113,
                                                    "Actual Rows": 109333,
                                                    "Actual Loops": 1
                                                }
                                            ]
                                        },
                                        {
                                            "Node Type": "Hash",
                                            "Parent Relationship": "Inner",
                                            "Parallel Aware": true,
                                            "Startup Cost": 38503.39,
                                            "Total Cost": 38503.39,
                                            "Plan Rows": 29539,
                                            "Plan Width": 4,
                                            "Actual Startup Time": 42.514,
                                            "Actual Total Time": 42.516,
                                            "Actual Rows": 29558,
                                            "Actual Loops": 4,
                                            "Output": [
                                                "t.id"
                                            ],
                                            "Hash Buckets": 131072,
                                            "Original Hash Buckets": 131072,
                                            "Hash Batches": 1,
                                            "Original Hash Batches": 1,
                                            "Peak Memory Usage": 5696,
                                            "Workers": [
                                                {
                                                    "Worker Number": 0,
                                                    "Actual Startup Time": 39.565,
                                                    "Actual Total Time": 39.566,
                                                    "Actual Rows": 18147,
                                                    "Actual Loops": 1
                                                },
                                                {
                                                    "Worker Number": 1,
                                                    "Actual Startup Time": 40.054,
                                                    "Actual Total Time": 40.054,
                                                    "Actual Rows": 16343,
                                                    "Actual Loops": 1
                                                },
                                                {
                                                    "Worker Number": 2,
                                                    "Actual Startup Time": 40.345,
                                                    "Actual Total Time": 40.347,
                                                    "Actual Rows": 17049,
                                                    "Actual Loops": 1
                                                }
                                            ],
                                            "Plans": [
                                                {
                                                    "Node Type": "Bitmap Heap Scan",
                                                    "Parent Relationship": "Outer",
                                                    "Parallel Aware": true,
                                                    "Relation Name": "title",
                                                    "Schema": "public",
                                                    "Alias": "t",
                                                    "Startup Cost": 2136.15,
                                                    "Total Cost": 38503.39,
                                                    "Plan Rows": 29539,
                                                    "Plan Width": 4,
                                                    "Actual Startup Time": 2.305,
                                                    "Actual Total Time": 32.589,
                                                    "Actual Rows": 29558,
                                                    "Actual Loops": 4,
                                                    "Output": [
                                                        "t.id"
                                                    ],
                                                    "Recheck Cond": "(t.kind_id = 4)",
                                                    "Rows Removed by Index Recheck": 0,
                                                    "Exact Heap Blocks": 7264,
                                                    "Lossy Heap Blocks": 0,
                                                    "Workers": [
                                                        {
                                                            "Worker Number": 0,
                                                            "Actual Startup Time": 0.145,
                                                            "Actual Total Time": 31.444,
                                                            "Actual Rows": 18147,
                                                            "Actual Loops": 1
                                                        },
                                                        {
                                                            "Worker Number": 1,
                                                            "Actual Startup Time": 0.143,
                                                            "Actual Total Time": 31.029,
                                                            "Actual Rows": 16343,
                                                            "Actual Loops": 1
                                                        },
                                                        {
                                                            "Worker Number": 2,
                                                            "Actual Startup Time": 0.145,
                                                            "Actual Total Time": 32.352,
                                                            "Actual Rows": 17049,
                                                            "Actual Loops": 1
                                                        }
                                                    ],
                                                    "Plans": [
                                                        {
                                                            "Node Type": "Bitmap Index Scan",
                                                            "Parent Relationship": "Outer",
                                                            "Parallel Aware": false,
                                                            "Index Name": "kind_id_title",
                                                            "Startup Cost": 0.0,
                                                            "Total Cost": 2106.61,
                                                            "Plan Rows": 118157,
                                                            "Plan Width": 0,
                                                            "Actual Startup Time": 6.641,
                                                            "Actual Total Time": 6.642,
                                                            "Actual Rows": 118234,
                                                            "Actual Loops": 1,
                                                            "Index Cond": "(t.kind_id = 4)"
                                                        }
                                                    ]
                                                }
                                            ]
                                        }
                                    ]
                                }
                            ]
                        }
                    ]
                }
            ]
        },
        "Planning Time": 181.249,
        "Triggers": [],
        "Execution Time": 151.607
    }
]