[
  {
    "Plan": {
      "Node Type": "Aggregate",
      "Strategy": "Plain",
      "Partial Mode": "Finalize",
      "Parallel Aware": false,
      "Startup Cost": 42684.99,
      "Total Cost": 42685.0,
      "Plan Rows": 1,
      "Plan Width": 8,
      "Actual Startup Time": 111.988,
      "Actual Total Time": 120.653,
      "Actual Rows": 1,
      "Actual Loops": 1,
      "Plans": [
        {
          "Node Type": "Gather",
          "Parent Relationship": "Outer",
          "Parallel Aware": false,
          "Startup Cost": 42684.77,
          "Total Cost": 42684.98,
          "Plan Rows": 2,
          "Plan Width": 8,
          "Actual Startup Time": 111.772,
          "Actual Total Time": 120.645,
          "Actual Rows": 3,
          "Actual Loops": 1,
          "Workers Planned": 2,
          "Workers Launched": 2,
          "Single Copy": false,
          "Plans": [
            {
              "Node Type": "Aggregate",
              "Strategy": "Plain",
              "Partial Mode": "Partial",
              "Parent Relationship": "Outer",
              "Parallel Aware": false,
              "Startup Cost": 41684.77,
              "Total Cost": 41684.78,
              "Plan Rows": 1,
              "Plan Width": 8,
              "Actual Startup Time": 103.341,
              "Actual Total Time": 103.342,
              "Actual Rows": 1,
              "Actual Loops": 3,
              "Plans": [
                {
                  "Node Type": "Nested Loop",
                  "Parent Relationship": "Outer",
                  "Parallel Aware": false,
                  "Join Type": "Inner",
                  "Startup Cost": 110.65,
                  "Total Cost": 41673.86,
                  "Plan Rows": 4363,
                  "Plan Width": 0,
                  "Actual Startup Time": 1.708,
                  "Actual Total Time": 94.59,
                  "Actual Rows": 169692,
                  "Actual Loops": 3,
                  "Inner Unique": false,
                  "Plans": [
                    {
                      "Node Type": "Nested Loop",
                      "Parent Relationship": "Outer",
                      "Parallel Aware": false,
                      "Join Type": "Inner",
                      "Startup Cost": 110.22,
                      "Total Cost": 37359.28,
                      "Plan Rows": 2438,
                      "Plan Width": 8,
                      "Actual Startup Time": 1.501,
                      "Actual Total Time": 21.3,
                      "Actual Rows": 2195,
                      "Actual Loops": 3,
                      "Inner Unique": true,
                      "Plans": [
                        {
                          "Node Type": "Bitmap Heap Scan",
                          "Parent Relationship": "Outer",
                          "Parallel Aware": true,
                          "Relation Name": "movie_info",
                          "Alias": "mi",
                          "Startup Cost": 109.79,
                          "Total Cost": 19887.18,
                          "Plan Rows": 2438,
                          "Plan Width": 4,
                          "Actual Startup Time": 1.304,
                          "Actual Total Time": 4.437,
                          "Actual Rows": 2195,
                          "Actual Loops": 3,
                          "Recheck Cond": "(info_type_id = 47)",
                          "Rows Removed by Index Recheck": 0,
                          "Exact Heap Blocks": 589,
                          "Lossy Heap Blocks": 0,
                          "Plans": [
                            {
                              "Node Type": "Bitmap Index Scan",
                              "Parent Relationship": "Outer",
                              "Parallel Aware": false,
                              "Index Name": "info_type_id_movie_info",
                              "Startup Cost": 0.0,
                              "Total Cost": 108.33,
                              "Plan Rows": 5852,
                              "Plan Width": 0,
                              "Actual Startup Time": 3.021,
                              "Actual Total Time": 3.022,
                              "Actual Rows": 6586,
                              "Actual Loops": 1,
                              "Index Cond": "(info_type_id = 47)"
                            }
                          ]
                        },
                        {
                          "Node Type": "Index Only Scan",
                          "Parent Relationship": "Inner",
                          "Parallel Aware": false,
                          "Scan Direction": "Forward",
                          "Index Name": "title_pkey",
                          "Relation Name": "title",
                          "Alias": "t",
                          "Startup Cost": 0.43,
                          "Total Cost": 7.17,
                          "Plan Rows": 1,
                          "Plan Width": 4,
                          "Actual Startup Time": 0.007,
                          "Actual Total Time": 0.007,
                          "Actual Rows": 1,
                          "Actual Loops": 6586,
                          "Index Cond": "(id = mi.movie_id)",
                          "Rows Removed by Index Recheck": 0,
                          "Heap Fetches": 6586
                        }
                      ]
                    },
                    {
                      "Node Type": "Index Only Scan",
                      "Parent Relationship": "Inner",
                      "Parallel Aware": false,
                      "Scan Direction": "Forward",
                      "Index Name": "movie_id_movie_keyword",
                      "Relation Name": "movie_keyword",
                      "Alias": "mk",
                      "Startup Cost": 0.43,
                      "Total Cost": 1.31,
                      "Plan Rows": 46,
                      "Plan Width": 4,
                      "Actual Startup Time": 0.012,
                      "Actual Total Time": 0.027,
                      "Actual Rows": 77,
                      "Actual Loops": 6586,
                      "Index Cond": "(movie_id = t.id)",
                      "Rows Removed by Index Recheck": 0,
                      "Heap Fetches": 509076
                    }
                  ]
                }
              ]
            }
          ]
        }
      ]
    },
    "Planning Time": 1.445,
    "Triggers": [],
    "Execution Time": 120.754
  }
]