[
  {
    "Plan": {
      "Node Type": "Aggregate",
      "Strategy": "Plain",
      "Partial Mode": "Finalize",
      "Parallel Aware": false,
      "Startup Cost": 52174.54,
      "Total Cost": 52174.55,
      "Plan Rows": 1,
      "Plan Width": 8,
      "Actual Startup Time": 108.487,
      "Actual Total Time": 118.209,
      "Actual Rows": 1,
      "Actual Loops": 1,
      "Plans": [
        {
          "Node Type": "Gather",
          "Parent Relationship": "Outer",
          "Parallel Aware": false,
          "Startup Cost": 52174.33,
          "Total Cost": 52174.54,
          "Plan Rows": 2,
          "Plan Width": 8,
          "Actual Startup Time": 108.408,
          "Actual Total Time": 118.203,
          "Actual Rows": 3,
          "Actual Loops": 1,
          "Workers Planned": 2,
          "Workers Launched": 2,
          "Single Copy": false,
          "Plans": [
            {
              "Node Type": "Aggregate",
              "Strategy": "Plain",
              "Partial Mode": "Partial",
              "Parent Relationship": "Outer",
              "Parallel Aware": false,
              "Startup Cost": 51174.33,
              "Total Cost": 51174.34,
              "Plan Rows": 1,
              "Plan Width": 8,
              "Actual Startup Time": 100.059,
              "Actual Total Time": 100.06,
              "Actual Rows": 1,
              "Actual Loops": 3,
              "Plans": [
                {
                  "Node Type": "Nested Loop",
                  "Parent Relationship": "Outer",
                  "Parallel Aware": false,
                  "Join Type": "Inner",
                  "Startup Cost": 138.59,
                  "Total Cost": 51160.55,
                  "Plan Rows": 5511,
                  "Plan Width": 0,
                  "Actual Startup Time": 1.878,
                  "Actual Total Time": 91.394,
                  "Actual Rows": 169692,
                  "Actual Loops": 3,
                  "Inner Unique": false,
                  "Plans": [
                    {
                      "Node Type": "Nested Loop",
                      "Parent Relationship": "Outer",
                      "Parallel Aware": false,
                      "Join Type": "Inner",
                      "Startup Cost": 138.15,
                      "Total Cost": 45794.49,
                      "Plan Rows": 3080,
                      "Plan Width": 8,
                      "Actual Startup Time": 1.689,
                      "Actual Total Time": 21.168,
                      "Actual Rows": 2195,
                      "Actual Loops": 3,
                      "Inner Unique": true,
                      "Plans": [
                        {
                          "Node Type": "Bitmap Heap Scan",
                          "Parent Relationship": "Outer",
                          "Parallel Aware": true,
                          "Relation Name": "movie_info",
                          "Alias": "mi",
                          "Startup Cost": 137.72,
                          "Total Cost": 24507.86,
                          "Plan Rows": 3080,
                          "Plan Width": 4,
                          "Actual Startup Time": 1.47,
                          "Actual Total Time": 4.718,
                          "Actual Rows": 2195,
                          "Actual Loops": 3,
                          "Recheck Cond": "(info_type_id = 47)",
                          "Rows Removed by Index Recheck": 0,
                          "Exact Heap Blocks": 613,
                          "Lossy Heap Blocks": 0,
                          "Plans": [
                            {
                              "Node Type": "Bitmap Index Scan",
                              "Parent Relationship": "Outer",
                              "Parallel Aware": false,
                              "Index Name": "info_type_id_movie_info",
                              "Startup Cost": 0.0,
                              "Total Cost": 135.88,
                              "Plan Rows": 7392,
                              "Plan Width": 0,
                              "Actual Startup Time": 3.484,
                              "Actual Total Time": 3.484,
                              "Actual Rows": 6586,
                              "Actual Loops": 1,
                              "Index Cond": "(info_type_id = 47)"
                            }
                          ]
                        },
                        {
                          "Node Type": "Index Only Scan",
                          "Parent Relationship": "Inner",
                          "Parallel Aware": false,
                          "Scan Direction": "Forward",
                          "Index Name": "title_pkey",
                          "Relation Name": "title",
                          "Alias": "t",
                          "Startup Cost": 0.43,
                          "Total Cost": 6.91,
                          "Plan Rows": 1,
                          "Plan Width": 4,
                          "Actual Startup Time": 0.007,
                          "Actual Total Time": 0.007,
                          "Actual Rows": 1,
                          "Actual Loops": 6586,
                          "Index Cond": "(id = mi.movie_id)",
                          "Rows Removed by Index Recheck": 0,
                          "Heap Fetches": 6586
                        }
                      ]
                    },
                    {
                      "Node Type": "Index Only Scan",
                      "Parent Relationship": "Inner",
                      "Parallel Aware": false,
                      "Scan Direction": "Forward",
                      "Index Name": "movie_id_movie_keyword",
                      "Relation Name": "movie_keyword",
                      "Alias": "mk",
                      "Startup Cost": 0.43,
                      "Total Cost": 1.29,
                      "Plan Rows": 45,
                      "Plan Width": 4,
                      "Actual Startup Time": 0.011,
                      "Actual Total Time": 0.026,
                      "Actual Rows": 77,
                      "Actual Loops": 6586,
                      "Index Cond": "(movie_id = t.id)",
                      "Rows Removed by Index Recheck": 0,
                      "Heap Fetches": 509076
                    }
                  ]
                }
              ]
            }
          ]
        }
      ]
    },
    "Planning Time": 1.383,
    "Triggers": [],
    "Execution Time": 118.304
  }
]