[
  {
    "Plan": {
      "Node Type": "Aggregate",
      "Strategy": "Plain",
      "Partial Mode": "Finalize",
      "Parallel Aware": false,
      "Startup Cost": 78307.1,
      "Total Cost": 78307.11,
      "Plan Rows": 1,
      "Plan Width": 8,
      "Actual Startup Time": 183.242,
      "Actual Total Time": 200.649,
      "Actual Rows": 1,
      "Actual Loops": 1,
      "Plans": [
        {
          "Node Type": "Gather",
          "Parent Relationship": "Outer",
          "Parallel Aware": false,
          "Startup Cost": 78306.79,
          "Total Cost": 78307.1,
          "Plan Rows": 3,
          "Plan Width": 8,
          "Actual Startup Time": 183.025,
          "Actual Total Time": 200.642,
          "Actual Rows": 4,
          "Actual Loops": 1,
          "Workers Planned": 3,
          "Workers Launched": 3,
          "Single Copy": false,
          "Plans": [
            {
              "Node Type": "Aggregate",
              "Strategy": "Plain",
              "Partial Mode": "Partial",
              "Parent Relationship": "Outer",
              "Parallel Aware": false,
              "Startup Cost": 77306.79,
              "Total Cost": 77306.8,
              "Plan Rows": 1,
              "Plan Width": 8,
              "Actual Startup Time": 174.277,
              "Actual Total Time": 174.28,
              "Actual Rows": 1,
              "Actual Loops": 4,
              "Plans": [
                {
                  "Node Type": "Hash Join",
                  "Parent Relationship": "Outer",
                  "Parallel Aware": true,
                  "Join Type": "Inner",
                  "Startup Cost": 45579.42,
                  "Total Cost": 77303.05,
                  "Plan Rows": 1494,
                  "Plan Width": 0,
                  "Actual Startup Time": 142.514,
                  "Actual Total Time": 174.068,
                  "Actual Rows": 4090,
                  "Actual Loops": 4,
                  "Inner Unique": true,
                  "Hash Cond": "(mc.movie_id = t.id)",
                  "Plans": [
                    {
                      "Node Type": "Seq Scan",
                      "Parent Relationship": "Outer",
                      "Parallel Aware": true,
                      "Relation Name": "movie_companies",
                      "Alias": "mc",
                      "Startup Cost": 0.0,
                      "Total Cost": 31414.82,
                      "Plan Rows": 117642,
                      "Plan Width": 4,
                      "Actual Startup Time": 28.027,
                      "Actual Total Time": 60.764,
                      "Actual Rows": 172071,
                      "Actual Loops": 4,
                      "Filter": "((company_id > 40063) AND (company_type_id = 2))",
                      "Rows Removed by Filter": 480211
                    },
                    {
                      "Node Type": "Hash",
                      "Parent Relationship": "Inner",
                      "Parallel Aware": true,
                      "Startup Cost": 45479.1,
                      "Total Cost": 45479.1,
                      "Plan Rows": 8026,
                      "Plan Width": 4,
                      "Actual Startup Time": 95.656,
                      "Actual Total Time": 95.657,
                      "Actual Rows": 5527,
                      "Actual Loops": 4,
                      "Hash Buckets": 32768,
                      "Original Hash Buckets": 32768,
                      "Hash Batches": 1,
                      "Original Hash Batches": 1,
                      "Peak Memory Usage": 1184,
                      "Plans": [
                        {
                          "Node Type": "Seq Scan",
                          "Parent Relationship": "Outer",
                          "Parallel Aware": true,
                          "Relation Name": "title",
                          "Alias": "t",
                          "Startup Cost": 0.0,
                          "Total Cost": 45479.1,
                          "Plan Rows": 8026,
                          "Plan Width": 4,
                          "Actual Startup Time": 61.48,
                          "Actual Total Time": 93.547,
                          "Actual Rows": 5527,
                          "Actual Loops": 4,
                          "Filter": "((kind_id = 1) AND (production_year = 2008))",
                          "Rows Removed by Filter": 626551
                        }
                      ]
                    }
                  ]
                }
              ]
            }
          ]
        }
      ]
    },
    "Planning Time": 0.7,
    "Triggers": [],
    "Execution Time": 200.722
  }
]