[
  {
    "Plan": {
      "Node Type": "Aggregate",
      "Strategy": "Plain",
      "Partial Mode": "Simple",
      "Parallel Aware": false,
      "Startup Cost": 6425.73,
      "Total Cost": 6425.74,
      "Plan Rows": 1,
      "Plan Width": 96,
      "Actual Startup Time": 504.403,
      "Actual Total Time": 504.49,
      "Actual Rows": 1,
      "Actual Loops": 1,
      "Plans": [
        {
          "Node Type": "Nested Loop",
          "Parent Relationship": "Outer",
          "Parallel Aware": false,
          "Join Type": "Inner",
          "Startup Cost": 1004.27,
          "Total Cost": 6425.72,
          "Plan Rows": 1,
          "Plan Width": 48,
          "Actual Startup Time": 96.792,
          "Actual Total Time": 504.465,
          "Actual Rows": 30,
          "Actual Loops": 1,
          "Inner Unique": true,
          "Plans": [
            {
              "Node Type": "Nested Loop",
              "Parent Relationship": "Outer",
              "Parallel Aware": false,
              "Join Type": "Inner",
              "Startup Cost": 1004.14,
              "Total Cost": 6425.55,
              "Plan Rows": 1,
              "Plan Width": 52,
              "Actual Startup Time": 96.77,
              "Actual Total Time": 504.407,
              "Actual Rows": 30,
              "Actual Loops": 1,
              "Inner Unique": true,
              "Plans": [
                {
                  "Node Type": "Nested Loop",
                  "Parent Relationship": "Outer",
                  "Parallel Aware": false,
                  "Join Type": "Inner",
                  "Startup Cost": 1003.71,
                  "Total Cost": 6424.78,
                  "Plan Rows": 1,
                  "Plan Width": 45,
                  "Actual Startup Time": 91.364,
                  "Actual Total Time": 502.555,
                  "Actual Rows": 570,
                  "Actual Loops": 1,
                  "Inner Unique": true,
                  "Plans": [
                    {
                      "Node Type": "Nested Loop",
                      "Parent Relationship": "Outer",
                      "Parallel Aware": false,
                      "Join Type": "Inner",
                      "Startup Cost": 1003.29,
                      "Total Cost": 6424.32,
                      "Plan Rows": 1,
                      "Plan Width": 49,
                      "Actual Startup Time": 16.675,
                      "Actual Total Time": 464.162,
                      "Actual Rows": 25080,
                      "Actual Loops": 1,
                      "Inner Unique": true,
                      "Plans": [
                        {
                          "Node Type": "Nested Loop",
                          "Parent Relationship": "Outer",
                          "Parallel Aware": false,
                          "Join Type": "Inner",
                          "Startup Cost": 1003.15,
                          "Total Cost": 6424.14,
                          "Plan Rows": 1,
                          "Plan Width": 53,
                          "Actual Startup Time": 16.643,
                          "Actual Total Time": 439.646,
                          "Actual Rows": 25080,
                          "Actual Loops": 1,
                          "Inner Unique": false,
                          "Join Filter": "(t.id = mi.movie_id)",
                          "Rows Removed by Join Filter": 0,
                          "Plans": [
                            {
                              "Node Type": "Nested Loop",
                              "Parent Relationship": "Outer",
                              "Parallel Aware": false,
                              "Join Type": "Inner",
                              "Startup Cost": 1002.71,
                              "Total Cost": 6422.62,
                              "Plan Rows": 1,
                              "Plan Width": 65,
                              "Actual Startup Time": 16.538,
                              "Actual Total Time": 58.128,
                              "Actual Rows": 8360,
                              "Actual Loops": 1,
                              "Inner Unique": true,
                              "Plans": [
                                {
                                  "Node Type": "Nested Loop",
                                  "Parent Relationship": "Outer",
                                  "Parallel Aware": false,
                                  "Join Type": "Inner",
                                  "Startup Cost": 1002.28,
                                  "Total Cost": 6421.96,
                                  "Plan Rows": 1,
                                  "Plan Width": 53,
                                  "Actual Startup Time": 16.483,
                                  "Actual Total Time": 42.31,
                                  "Actual Rows": 8360,
                                  "Actual Loops": 1,
                                  "Inner Unique": false,
                                  "Plans": [
                                    {
                                      "Node Type": "Nested Loop",
                                      "Parent Relationship": "Outer",
                                      "Parallel Aware": false,
                                      "Join Type": "Inner",
                                      "Startup Cost": 1001.86,
                                      "Total Cost": 6421.41,
                                      "Plan Rows": 1,
                                      "Plan Width": 49,
                                      "Actual Startup Time": 16.347,
                                      "Actual Total Time": 32.236,
                                      "Actual Rows": 2992,
                                      "Actual Loops": 1,
                                      "Inner Unique": false,
                                      "Join Filter": "(t.id = ci.movie_id)",
                                      "Rows Removed by Join Filter": 0,
                                      "Plans": [
                                        {
                                          "Node Type": "Nested Loop",
                                          "Parent Relationship": "Outer",
                                          "Parallel Aware": false,
                                          "Join Type": "Inner",
                                          "Startup Cost": 1001.29,
                                          "Total Cost": 6419.73,
                                          "Plan Rows": 1,
                                          "Plan Width": 33,
                                          "Actual Startup Time": 16.239,
                                          "Actual Total Time": 20.267,
                                          "Actual Rows": 88,
                                          "Actual Loops": 1,
                                          "Inner Unique": false,
                                          "Join Filter": "(t.id = mk.movie_id)",
                                          "Rows Removed by Join Filter": 0,
                                          "Plans": [
                                            {
                                              "Node Type": "Gather",
                                              "Parent Relationship": "Outer",
                                              "Parallel Aware": false,
                                              "Startup Cost": 1000.86,
                                              "Total Cost": 6417.85,
                                              "Plan Rows": 1,
                                              "Plan Width": 25,
                                              "Actual Startup Time": 16.123,
                                              "Actual Total Time": 20.067,
                                              "Actual Rows": 2,
                                              "Actual Loops": 1,
                                              "Workers Planned": 1,
                                              "Workers Launched": 1,
                                              "Single Copy": false,
                                              "Plans": [
                                                {
                                                  "Node Type": "Nested Loop",
                                                  "Parent Relationship": "Outer",
                                                  "Parallel Aware": false,
                                                  "Join Type": "Inner",
                                                  "Startup Cost": 0.86,
                                                  "Total Cost": 5417.75,
                                                  "Plan Rows": 1,
                                                  "Plan Width": 25,
                                                  "Actual Startup Time": 34.439,
                                                  "Actual Total Time": 36.371,
                                                  "Actual Rows": 1,
                                                  "Actual Loops": 2,
                                                  "Inner Unique": true,
                                                  "Plans": [
                                                    {
                                                      "Node Type": "Nested Loop",
                                                      "Parent Relationship": "Outer",
                                                      "Parallel Aware": false,
                                                      "Join Type": "Inner",
                                                      "Startup Cost": 0.43,
                                                      "Total Cost": 5414.62,
                                                      "Plan Rows": 6,
                                                      "Plan Width": 4,
                                                      "Actual Startup Time": 32.966,
                                                      "Actual Total Time": 33.986,
                                                      "Actual Rows": 139,
                                                      "Actual Loops": 2,
                                                      "Inner Unique": false,
                                                      "Plans": [
                                                        {
                                                          "Node Type": "Seq Scan",
                                                          "Parent Relationship": "Outer",
                                                          "Parallel Aware": true,
                                                          "Relation Name": "company_name",
                                                          "Alias": "cn",
                                                          "Startup Cost": 0.0,
                                                          "Total Cost": 5068.5,
                                                          "Plan Rows": 1,
                                                          "Plan Width": 4,
                                                          "Actual Startup Time": 32.913,
                                                          "Actual Total Time": 32.917,
                                                          "Actual Rows": 0,
                                                          "Actual Loops": 2,
                                                          "Filter": "(((country_code)::text = '[us]'::text) AND (name = 'DreamWorks Home Entertainment'::text))",
                                                          "Rows Removed by Filter": 117498
                                                        },
                                                        {
                                                          "Node Type": "Index Scan",
                                                          "Parent Relationship": "Inner",
                                                          "Parallel Aware": false,
                                                          "Scan Direction": "Forward",
                                                          "Index Name": "company_id_movie_companies",
                                                          "Relation Name": "movie_companies",
                                                          "Alias": "mc",
                                                          "Startup Cost": 0.43,
                                                          "Total Cost": 344.81,
                                                          "Plan Rows": 131,
                                                          "Plan Width": 8,
                                                          "Actual Startup Time": 0.1,
                                                          "Actual Total Time": 2.069,
                                                          "Actual Rows": 278,
                                                          "Actual Loops": 1,
                                                          "Index Cond": "(company_id = cn.id)",
                                                          "Rows Removed by Index Recheck": 0
                                                        }
                                                      ]
                                                    },
                                                    {
                                                      "Node Type": "Index Scan",
                                                      "Parent Relationship": "Inner",
                                                      "Parallel Aware": false,
                                                      "Scan Direction": "Forward",
                                                      "Index Name": "title_pkey",
                                                      "Relation Name": "title",
                                                      "Alias": "t",
                                                      "Startup Cost": 0.43,
                                                      "Total Cost": 0.52,
                                                      "Plan Rows": 1,
                                                      "Plan Width": 21,
                                                      "Actual Startup Time": 0.017,
                                                      "Actual Total Time": 0.017,
                                                      "Actual Rows": 0,
                                                      "Actual Loops": 278,
                                                      "Index Cond": "(id = mc.movie_id)",
                                                      "Rows Removed by Index Recheck": 0,
                                                      "Filter": "((title ~~ 'Kung Fu Panda%'::text) AND (production_year > 2009))",
                                                      "Rows Removed by Filter": 1
                                                    }
                                                  ]
                                                }
                                              ]
                                            },
                                            {
                                              "Node Type": "Index Scan",
                                              "Parent Relationship": "Inner",
                                              "Parallel Aware": false,
                                              "Scan Direction": "Forward",
                                              "Index Name": "movie_id_movie_keyword",
                                              "Relation Name": "movie_keyword",
                                              "Alias": "mk",
                                              "Startup Cost": 0.43,
                                              "Total Cost": 1.31,
                                              "Plan Rows": 46,
                                              "Plan Width": 8,
                                              "Actual Startup Time": 0.062,
                                              "Actual Total Time": 0.084,
                                              "Actual Rows": 44,
                                              "Actual Loops": 2,
                                              "Index Cond": "(movie_id = mc.movie_id)",
                                              "Rows Removed by Index Recheck": 0
                                            }
                                          ]
                                        },
                                        {
                                          "Node Type": "Index Scan",
                                          "Parent Relationship": "Inner",
                                          "Parallel Aware": false,
                                          "Scan Direction": "Forward",
                                          "Index Name": "movie_id_cast_info",
                                          "Relation Name": "cast_info",
                                          "Alias": "ci",
                                          "Startup Cost": 0.56,
                                          "Total Cost": 1.67,
                                          "Plan Rows": 1,
                                          "Plan Width": 16,
                                          "Actual Startup Time": 0.007,
                                          "Actual Total Time": 0.13,
                                          "Actual Rows": 34,
                                          "Actual Loops": 88,
                                          "Index Cond": "(movie_id = mk.movie_id)",
                                          "Rows Removed by Index Recheck": 0,
                                          "Filter": "(note = ANY ('{(voice),\"(voice: Japanese version)\",\"(voice) (uncredited)\",\"(voice: English version)\"}'::text[]))",
                                          "Rows Removed by Filter": 126
                                        }
                                      ]
                                    },
                                    {
                                      "Node Type": "Index Scan",
                                      "Parent Relationship": "Inner",
                                      "Parallel Aware": false,
                                      "Scan Direction": "Forward",
                                      "Index Name": "person_id_aka_name",
                                      "Relation Name": "aka_name",
                                      "Alias": "an",
                                      "Startup Cost": 0.42,
                                      "Total Cost": 0.53,
                                      "Plan Rows": 2,
                                      "Plan Width": 4,
                                      "Actual Startup Time": 0.002,
                                      "Actual Total Time": 0.003,
                                      "Actual Rows": 3,
                                      "Actual Loops": 2992,
                                      "Index Cond": "(person_id = ci.person_id)",
                                      "Rows Removed by Index Recheck": 0
                                    }
                                  ]
                                },
                                {
                                  "Node Type": "Index Scan",
                                  "Parent Relationship": "Inner",
                                  "Parallel Aware": false,
                                  "Scan Direction": "Forward",
                                  "Index Name": "char_name_pkey",
                                  "Relation Name": "char_name",
                                  "Alias": "chn",
                                  "Startup Cost": 0.43,
                                  "Total Cost": 0.66,
                                  "Plan Rows": 1,
                                  "Plan Width": 20,
                                  "Actual Startup Time": 0.002,
                                  "Actual Total Time": 0.002,
                                  "Actual Rows": 1,
                                  "Actual Loops": 8360,
                                  "Index Cond": "(id = ci.person_role_id)",
                                  "Rows Removed by Index Recheck": 0
                                }
                              ]
                            },
                            {
                              "Node Type": "Index Scan",
                              "Parent Relationship": "Inner",
                              "Parallel Aware": false,
                              "Scan Direction": "Forward",
                              "Index Name": "movie_id_movie_info",
                              "Relation Name": "movie_info",
                              "Alias": "mi",
                              "Startup Cost": 0.43,
                              "Total Cost": 1.5,
                              "Plan Rows": 1,
                              "Plan Width": 8,
                              "Actual Startup Time": 0.007,
                              "Actual Total Time": 0.045,
                              "Actual Rows": 3,
                              "Actual Loops": 8360,
                              "Index Cond": "(movie_id = mk.movie_id)",
                              "Rows Removed by Index Recheck": 0,
                              "Filter": "((info IS NOT NULL) AND ((info ~~ 'Japan:%201%'::text) OR (info ~~ 'USA:%201%'::text)))",
                              "Rows Removed by Filter": 237
                            }
                          ]
                        },
                        {
                          "Node Type": "Index Scan",
                          "Parent Relationship": "Inner",
                          "Parallel Aware": false,
                          "Scan Direction": "Forward",
                          "Index Name": "info_type_pkey",
                          "Relation Name": "info_type",
                          "Alias": "it",
                          "Startup Cost": 0.14,
                          "Total Cost": 0.16,
                          "Plan Rows": 1,
                          "Plan Width": 4,
                          "Actual Startup Time": 0.001,
                          "Actual Total Time": 0.001,
                          "Actual Rows": 1,
                          "Actual Loops": 25080,
                          "Index Cond": "(id = mi.info_type_id)",
                          "Rows Removed by Index Recheck": 0,
                          "Filter": "((info)::text = 'release dates'::text)",
                          "Rows Removed by Filter": 0
                        }
                      ]
                    },
                    {
                      "Node Type": "Index Scan",
                      "Parent Relationship": "Inner",
                      "Parallel Aware": false,
                      "Scan Direction": "Forward",
                      "Index Name": "keyword_pkey",
                      "Relation Name": "keyword",
                      "Alias": "k",
                      "Startup Cost": 0.42,
                      "Total Cost": 0.44,
                      "Plan Rows": 1,
                      "Plan Width": 4,
                      "Actual Startup Time": 0.001,
                      "Actual Total Time": 0.001,
                      "Actual Rows": 0,
                      "Actual Loops": 25080,
                      "Index Cond": "(id = mk.keyword_id)",
                      "Rows Removed by Index Recheck": 0,
                      "Filter": "(keyword = ANY ('{marvel-comics,marvel-cinematic-universe,murder,exploding-ship}'::text[]))",
                      "Rows Removed by Filter": 1
                    }
                  ]
                },
                {
                  "Node Type": "Index Scan",
                  "Parent Relationship": "Inner",
                  "Parallel Aware": false,
                  "Scan Direction": "Forward",
                  "Index Name": "name_pkey",
                  "Relation Name": "name",
                  "Alias": "n",
                  "Startup Cost": 0.43,
                  "Total Cost": 0.77,
                  "Plan Rows": 1,
                  "Plan Width": 19,
                  "Actual Startup Time": 0.003,
                  "Actual Total Time": 0.003,
                  "Actual Rows": 0,
                  "Actual Loops": 570,
                  "Index Cond": "(id = ci.person_id)",
                  "Rows Removed by Index Recheck": 0,
                  "Filter": "((name ~~ '%An%'::text) AND ((gender)::text = 'f'::text))",
                  "Rows Removed by Filter": 1
                }
              ]
            },
            {
              "Node Type": "Index Scan",
              "Parent Relationship": "Inner",
              "Parallel Aware": false,
              "Scan Direction": "Forward",
              "Index Name": "role_type_pkey",
              "Relation Name": "role_type",
              "Alias": "rt",
              "Startup Cost": 0.14,
              "Total Cost": 0.16,
              "Plan Rows": 1,
              "Plan Width": 4,
              "Actual Startup Time": 0.001,
              "Actual Total Time": 0.001,
              "Actual Rows": 1,
              "Actual Loops": 30,
              "Index Cond": "(id = ci.role_id)",
              "Rows Removed by Index Recheck": 0,
              "Filter": "((role)::text = 'actress'::text)",
              "Rows Removed by Filter": 0
            }
          ]
        }
      ]
    },
    "Planning Time": 75.403,
    "Triggers": [],
    "Execution Time": 504.828
  }
]