[
  {
    "Plan": {
      "Node Type": "Aggregate",
      "Strategy": "Plain",
      "Partial Mode": "Finalize",
      "Parallel Aware": false,
      "Startup Cost": 207804.74,
      "Total Cost": 207804.75,
      "Plan Rows": 1,
      "Plan Width": 8,
      "Actual Startup Time": 773.769,
      "Actual Total Time": 812.986,
      "Actual Rows": 1,
      "Actual Loops": 1,
      "Plans": [
        {
          "Node Type": "Gather",
          "Parent Relationship": "Outer",
          "Parallel Aware": false,
          "Startup Cost": 207804.42,
          "Total Cost": 207804.73,
          "Plan Rows": 3,
          "Plan Width": 8,
          "Actual Startup Time": 772.624,
          "Actual Total Time": 812.977,
          "Actual Rows": 4,
          "Actual Loops": 1,
          "Workers Planned": 3,
          "Workers Launched": 3,
          "Single Copy": false,
          "Plans": [
            {
              "Node Type": "Aggregate",
              "Strategy": "Plain",
              "Partial Mode": "Partial",
              "Parent Relationship": "Outer",
              "Parallel Aware": false,
              "Startup Cost": 206804.42,
              "Total Cost": 206804.43,
              "Plan Rows": 1,
              "Plan Width": 8,
              "Actual Startup Time": 763.557,
              "Actual Total Time": 763.56,
              "Actual Rows": 1,
              "Actual Loops": 4,
              "Plans": [
                {
                  "Node Type": "Nested Loop",
                  "Parent Relationship": "Outer",
                  "Parallel Aware": false,
                  "Join Type": "Inner",
                  "Startup Cost": 44351.03,
                  "Total Cost": 206589.42,
                  "Plan Rows": 86002,
                  "Plan Width": 0,
                  "Actual Startup Time": 106.966,
                  "Actual Total Time": 746.526,
                  "Actual Rows": 402369,
                  "Actual Loops": 4,
                  "Inner Unique": false,
                  "Join Filter": "(t.id = mi.movie_id)",
                  "Rows Removed by Join Filter": 0,
                  "Plans": [
                    {
                      "Node Type": "Hash Join",
                      "Parent Relationship": "Outer",
                      "Parallel Aware": true,
                      "Join Type": "Inner",
                      "Startup Cost": 44350.59,
                      "Total Cost": 90394.09,
                      "Plan Rows": 72908,
                      "Plan Width": 8,
                      "Actual Startup Time": 106.858,
                      "Actual Total Time": 282.48,
                      "Actual Rows": 37738,
                      "Actual Loops": 4,
                      "Inner Unique": true,
                      "Hash Cond": "(mk.movie_id = t.id)",
                      "Plans": [
                        {
                          "Node Type": "Seq Scan",
                          "Parent Relationship": "Outer",
                          "Parallel Aware": true,
                          "Relation Name": "movie_keyword",
                          "Alias": "mk",
                          "Startup Cost": 0.0,
                          "Total Cost": 42695.65,
                          "Plan Rows": 1275366,
                          "Plan Width": 4,
                          "Actual Startup Time": 0.028,
                          "Actual Total Time": 102.231,
                          "Actual Rows": 991134,
                          "Actual Loops": 4,
                          "Filter": "(keyword_id < 32896)",
                          "Rows Removed by Filter": 139848
                        },
                        {
                          "Node Type": "Hash",
                          "Parent Relationship": "Inner",
                          "Parallel Aware": true,
                          "Startup Cost": 43898.92,
                          "Total Cost": 43898.92,
                          "Plan Rows": 36134,
                          "Plan Width": 4,
                          "Actual Startup Time": 104.433,
                          "Actual Total Time": 104.434,
                          "Actual Rows": 35426,
                          "Actual Loops": 4,
                          "Hash Buckets": 262144,
                          "Original Hash Buckets": 262144,
                          "Hash Batches": 1,
                          "Original Hash Batches": 1,
                          "Peak Memory Usage": 7680,
                          "Plans": [
                            {
                              "Node Type": "Seq Scan",
                              "Parent Relationship": "Outer",
                              "Parallel Aware": true,
                              "Relation Name": "title",
                              "Alias": "t",
                              "Startup Cost": 0.0,
                              "Total Cost": 43898.92,
                              "Plan Rows": 36134,
                              "Plan Width": 4,
                              "Actual Startup Time": 0.042,
                              "Actual Total Time": 91.531,
                              "Actual Rows": 35426,
                              "Actual Loops": 4,
                              "Filter": "(production_year = 2010)",
                              "Rows Removed by Filter": 596652
                            }
                          ]
                        }
                      ]
                    },
                    {
                      "Node Type": "Index Scan",
                      "Parent Relationship": "Inner",
                      "Parallel Aware": false,
                      "Scan Direction": "Forward",
                      "Index Name": "movie_id_movie_info",
                      "Relation Name": "movie_info",
                      "Alias": "mi",
                      "Startup Cost": 0.43,
                      "Total Cost": 1.49,
                      "Plan Rows": 8,
                      "Plan Width": 4,
                      "Actual Startup Time": 0.005,
                      "Actual Total Time": 0.011,
                      "Actual Rows": 11,
                      "Actual Loops": 150954,
                      "Index Cond": "(movie_id = mk.movie_id)",
                      "Rows Removed by Index Recheck": 0,
                      "Filter": "(info_type_id = 16)",
                      "Rows Removed by Filter": 37
                    }
                  ]
                }
              ]
            }
          ]
        }
      ]
    },
    "Planning Time": 1.49,
    "Triggers": [],
    "Execution Time": 813.09
  }
]