[
  {
    "Plan": {
      "Node Type": "Aggregate",
      "Strategy": "Plain",
      "Partial Mode": "Finalize",
      "Parallel Aware": false,
      "Startup Cost": 576359.47,
      "Total Cost": 576359.48,
      "Plan Rows": 1,
      "Plan Width": 8,
      "Actual Startup Time": 2528.865,
      "Actual Total Time": 2587.148,
      "Actual Rows": 1,
      "Actual Loops": 1,
      "Plans": [
        {
          "Node Type": "Gather",
          "Parent Relationship": "Outer",
          "Parallel Aware": false,
          "Startup Cost": 576358.95,
          "Total Cost": 576359.46,
          "Plan Rows": 5,
          "Plan Width": 8,
          "Actual Startup Time": 2493.069,
          "Actual Total Time": 2587.137,
          "Actual Rows": 6,
          "Actual Loops": 1,
          "Workers Planned": 5,
          "Workers Launched": 5,
          "Single Copy": false,
          "Plans": [
            {
              "Node Type": "Aggregate",
              "Strategy": "Plain",
              "Partial Mode": "Partial",
              "Parent Relationship": "Outer",
              "Parallel Aware": false,
              "Startup Cost": 575358.95,
              "Total Cost": 575358.96,
              "Plan Rows": 1,
              "Plan Width": 8,
              "Actual Startup Time": 2478.787,
              "Actual Total Time": 2478.795,
              "Actual Rows": 1,
              "Actual Loops": 6,
              "Plans": [
                {
                  "Node Type": "Hash Join",
                  "Parent Relationship": "Outer",
                  "Parallel Aware": true,
                  "Join Type": "Inner",
                  "Startup Cost": 365895.61,
                  "Total Cost": 571372.81,
                  "Plan Rows": 1594458,
                  "Plan Width": 0,
                  "Actual Startup Time": 831.166,
                  "Actual Total Time": 2300.202,
                  "Actual Rows": 3791270,
                  "Actual Loops": 6,
                  "Inner Unique": false,
                  "Hash Cond": "(mi.movie_id = t.id)",
                  "Plans": [
                    {
                      "Node Type": "Seq Scan",
                      "Parent Relationship": "Outer",
                      "Parallel Aware": true,
                      "Relation Name": "movie_info",
                      "Alias": "mi",
                      "Startup Cost": 0.0,
                      "Total Cost": 191685.19,
                      "Plan Rows": 2969219,
                      "Plan Width": 4,
                      "Actual Startup Time": 0.028,
                      "Actual Total Time": 312.683,
                      "Actual Rows": 2472620,
                      "Actual Loops": 6
                    },
                    {
                      "Node Type": "Hash",
                      "Parent Relationship": "Inner",
                      "Parallel Aware": true,
                      "Startup Cost": 363066.96,
                      "Total Cost": 363066.96,
                      "Plan Rows": 226292,
                      "Plan Width": 8,
                      "Actual Startup Time": 826.405,
                      "Actual Total Time": 826.412,
                      "Actual Rows": 300291,
                      "Actual Loops": 6,
                      "Hash Buckets": 2097152,
                      "Original Hash Buckets": 2097152,
                      "Hash Batches": 1,
                      "Original Hash Batches": 1,
                      "Peak Memory Usage": 86944,
                      "Plans": [
                        {
                          "Node Type": "Hash Join",
                          "Parent Relationship": "Outer",
                          "Parallel Aware": true,
                          "Join Type": "Inner",
                          "Startup Cost": 103699.56,
                          "Total Cost": 363066.96,
                          "Plan Rows": 226292,
                          "Plan Width": 8,
                          "Actual Startup Time": 393.966,
                          "Actual Total Time": 679.594,
                          "Actual Rows": 300291,
                          "Actual Loops": 6,
                          "Inner Unique": true,
                          "Hash Cond": "(ci.movie_id = t.id)",
                          "Plans": [
                            {
                              "Node Type": "Bitmap Heap Scan",
                              "Parent Relationship": "Outer",
                              "Parallel Aware": true,
                              "Relation Name": "cast_info",
                              "Alias": "ci",
                              "Startup Cost": 53479.17,
                              "Total Cost": 312252.56,
                              "Plan Rows": 226292,
                              "Plan Width": 4,
                              "Actual Startup Time": 91.97,
                              "Actual Total Time": 197.32,
                              "Actual Rows": 300291,
                              "Actual Loops": 6,
                              "Recheck Cond": "(person_id < 243502)",
                              "Rows Removed by Index Recheck": 0,
                              "Filter": "(role_id < 3)",
                              "Rows Removed by Filter": 118481,
                              "Exact Heap Blocks": 4320,
                              "Lossy Heap Blocks": 0,
                              "Plans": [
                                {
                                  "Node Type": "Bitmap Index Scan",
                                  "Parent Relationship": "Outer",
                                  "Parallel Aware": false,
                                  "Index Name": "person_id_cast_info",
                                  "Startup Cost": 0.0,
                                  "Total Cost": 53139.74,
                                  "Plan Rows": 2434556,
                                  "Plan Width": 0,
                                  "Actual Startup Time": 87.844,
                                  "Actual Total Time": 87.845,
                                  "Actual Rows": 2512636,
                                  "Actual Loops": 1,
                                  "Index Cond": "(person_id < 243502)"
                                }
                              ]
                            },
                            {
                              "Node Type": "Hash",
                              "Parent Relationship": "Inner",
                              "Parallel Aware": true,
                              "Startup Cost": 42319.06,
                              "Total Cost": 42319.06,
                              "Plan Rows": 632106,
                              "Plan Width": 4,
                              "Actual Startup Time": 296.919,
                              "Actual Total Time": 296.92,
                              "Actual Rows": 421385,
                              "Actual Loops": 6,
                              "Hash Buckets": 4194304,
                              "Original Hash Buckets": 4194304,
                              "Hash Batches": 1,
                              "Original Hash Batches": 1,
                              "Peak Memory Usage": 131808,
                              "Plans": [
                                {
                                  "Node Type": "Seq Scan",
                                  "Parent Relationship": "Outer",
                                  "Parallel Aware": true,
                                  "Relation Name": "title",
                                  "Alias": "t",
                                  "Startup Cost": 0.0,
                                  "Total Cost": 42319.06,
                                  "Plan Rows": 632106,
                                  "Plan Width": 4,
                                  "Actual Startup Time": 0.068,
                                  "Actual Total Time": 83.675,
                                  "Actual Rows": 421385,
                                  "Actual Loops": 6
                                }
                              ]
                            }
                          ]
                        }
                      ]
                    }
                  ]
                }
              ]
            }
          ]
        }
      ]
    },
    "Planning Time": 0.854,
    "Triggers": [],
    "Execution Time": 2587.227
  }
]