[
  {
    "Plan": {
      "Node Type": "Aggregate",
      "Strategy": "Plain",
      "Partial Mode": "Finalize",
      "Parallel Aware": false,
      "Startup Cost": 331567.31,
      "Total Cost": 331567.32,
      "Plan Rows": 1,
      "Plan Width": 8,
      "Actual Startup Time": 104.382,
      "Actual Total Time": 119.503,
      "Actual Rows": 1,
      "Actual Loops": 1,
      "Plans": [
        {
          "Node Type": "Gather",
          "Parent Relationship": "Outer",
          "Parallel Aware": false,
          "Startup Cost": 331566.89,
          "Total Cost": 331567.3,
          "Plan Rows": 4,
          "Plan Width": 8,
          "Actual Startup Time": 104.162,
          "Actual Total Time": 119.486,
          "Actual Rows": 5,
          "Actual Loops": 1,
          "Workers Planned": 4,
          "Workers Launched": 4,
          "Single Copy": false,
          "Plans": [
            {
              "Node Type": "Aggregate",
              "Strategy": "Plain",
              "Partial Mode": "Partial",
              "Parent Relationship": "Outer",
              "Parallel Aware": false,
              "Startup Cost": 330566.89,
              "Total Cost": 330566.9,
              "Plan Rows": 1,
              "Plan Width": 8,
              "Actual Startup Time": 96.719,
              "Actual Total Time": 96.722,
              "Actual Rows": 1,
              "Actual Loops": 5,
              "Plans": [
                {
                  "Node Type": "Nested Loop",
                  "Parent Relationship": "Outer",
                  "Parallel Aware": false,
                  "Join Type": "Inner",
                  "Startup Cost": 0.56,
                  "Total Cost": 330502.79,
                  "Plan Rows": 25638,
                  "Plan Width": 0,
                  "Actual Startup Time": 84.612,
                  "Actual Total Time": 96.711,
                  "Actual Rows": 0,
                  "Actual Loops": 5,
                  "Inner Unique": false,
                  "Plans": [
                    {
                      "Node Type": "Seq Scan",
                      "Parent Relationship": "Outer",
                      "Parallel Aware": true,
                      "Relation Name": "title",
                      "Alias": "t",
                      "Startup Cost": 0.0,
                      "Total Cost": 45479.59,
                      "Plan Rows": 6344,
                      "Plan Width": 4,
                      "Actual Startup Time": 84.569,
                      "Actual Total Time": 96.666,
                      "Actual Rows": 0,
                      "Actual Loops": 5,
                      "Filter": "((production_year < 1913) AND (kind_id = 7))",
                      "Rows Removed by Filter": 505662
                    },
                    {
                      "Node Type": "Index Scan",
                      "Parent Relationship": "Inner",
                      "Parallel Aware": false,
                      "Scan Direction": "Forward",
                      "Index Name": "movie_id_cast_info",
                      "Relation Name": "cast_info",
                      "Alias": "ci",
                      "Startup Cost": 0.56,
                      "Total Cost": 44.83,
                      "Plan Rows": 10,
                      "Plan Width": 4,
                      "Actual Startup Time": 0.174,
                      "Actual Total Time": 0.175,
                      "Actual Rows": 1,
                      "Actual Loops": 1,
                      "Index Cond": "(movie_id = t.id)",
                      "Rows Removed by Index Recheck": 0,
                      "Filter": "((person_id < 3091855) AND (role_id > 3))",
                      "Rows Removed by Filter": 0
                    }
                  ]
                }
              ]
            }
          ]
        }
      ]
    },
    "Planning Time": 0.682,
    "Triggers": [],
    "Execution Time": 119.579
  }
]