[
  {
    "Plan": {
      "Node Type": "Aggregate",
      "Strategy": "Plain",
      "Partial Mode": "Finalize",
      "Parallel Aware": false,
      "Startup Cost": 50334.31,
      "Total Cost": 50334.32,
      "Plan Rows": 1,
      "Plan Width": 8,
      "Actual Startup Time": 120.12,
      "Actual Total Time": 134.557,
      "Actual Rows": 1,
      "Actual Loops": 1,
      "Plans": [
        {
          "Node Type": "Gather",
          "Parent Relationship": "Outer",
          "Parallel Aware": false,
          "Startup Cost": 50333.99,
          "Total Cost": 50334.3,
          "Plan Rows": 3,
          "Plan Width": 8,
          "Actual Startup Time": 119.834,
          "Actual Total Time": 134.531,
          "Actual Rows": 4,
          "Actual Loops": 1,
          "Workers Planned": 3,
          "Workers Launched": 3,
          "Single Copy": false,
          "Plans": [
            {
              "Node Type": "Aggregate",
              "Strategy": "Plain",
              "Partial Mode": "Partial",
              "Parent Relationship": "Outer",
              "Parallel Aware": false,
              "Startup Cost": 49333.99,
              "Total Cost": 49334.0,
              "Plan Rows": 1,
              "Plan Width": 8,
              "Actual Startup Time": 115.597,
              "Actual Total Time": 115.6,
              "Actual Rows": 1,
              "Actual Loops": 4,
              "Plans": [
                {
                  "Node Type": "Nested Loop",
                  "Parent Relationship": "Outer",
                  "Parallel Aware": false,
                  "Join Type": "Inner",
                  "Startup Cost": 9230.25,
                  "Total Cost": 49326.63,
                  "Plan Rows": 2944,
                  "Plan Width": 0,
                  "Actual Startup Time": 56.812,
                  "Actual Total Time": 115.373,
                  "Actual Rows": 1674,
                  "Actual Loops": 4,
                  "Inner Unique": true,
                  "Plans": [
                    {
                      "Node Type": "Hash Join",
                      "Parent Relationship": "Outer",
                      "Parallel Aware": true,
                      "Join Type": "Inner",
                      "Startup Cost": 9229.82,
                      "Total Cost": 44199.69,
                      "Plan Rows": 7174,
                      "Plan Width": 8,
                      "Actual Startup Time": 56.727,
                      "Actual Total Time": 101.467,
                      "Actual Rows": 1674,
                      "Actual Loops": 4,
                      "Inner Unique": false,
                      "Hash Cond": "(mc.movie_id = ci.movie_id)",
                      "Plans": [
                        {
                          "Node Type": "Seq Scan",
                          "Parent Relationship": "Outer",
                          "Parallel Aware": true,
                          "Relation Name": "movie_companies",
                          "Alias": "mc",
                          "Startup Cost": 0.0,
                          "Total Cost": 31414.82,
                          "Plan Rows": 217348,
                          "Plan Width": 4,
                          "Actual Startup Time": 35.493,
                          "Actual Total Time": 69.021,
                          "Actual Rows": 108819,
                          "Actual Loops": 4,
                          "Filter": "((company_id < 11388) AND (company_type_id = 2))",
                          "Rows Removed by Filter": 543463
                        },
                        {
                          "Node Type": "Hash",
                          "Parent Relationship": "Inner",
                          "Parallel Aware": true,
                          "Startup Cost": 9091.72,
                          "Total Cost": 9091.72,
                          "Plan Rows": 11048,
                          "Plan Width": 4,
                          "Actual Startup Time": 20.082,
                          "Actual Total Time": 20.082,
                          "Actual Rows": 3734,
                          "Actual Loops": 4,
                          "Hash Buckets": 65536,
                          "Original Hash Buckets": 65536,
                          "Hash Batches": 1,
                          "Original Hash Batches": 1,
                          "Peak Memory Usage": 1152,
                          "Plans": [
                            {
                              "Node Type": "Index Scan",
                              "Parent Relationship": "Outer",
                              "Parallel Aware": true,
                              "Scan Direction": "Forward",
                              "Index Name": "role_id_cast_info",
                              "Relation Name": "cast_info",
                              "Alias": "ci",
                              "Startup Cost": 0.56,
                              "Total Cost": 9091.72,
                              "Plan Rows": 11048,
                              "Plan Width": 4,
                              "Actual Startup Time": 0.083,
                              "Actual Total Time": 18.549,
                              "Actual Rows": 3734,
                              "Actual Loops": 4,
                              "Index Cond": "(role_id > 10)",
                              "Rows Removed by Index Recheck": 0,
                              "Filter": "(person_id < 393309)",
                              "Rows Removed by Filter": 75296
                            }
                          ]
                        }
                      ]
                    },
                    {
                      "Node Type": "Index Only Scan",
                      "Parent Relationship": "Inner",
                      "Parallel Aware": false,
                      "Scan Direction": "Forward",
                      "Index Name": "title_pkey",
                      "Relation Name": "title",
                      "Alias": "t",
                      "Startup Cost": 0.43,
                      "Total Cost": 0.71,
                      "Plan Rows": 1,
                      "Plan Width": 4,
                      "Actual Startup Time": 0.008,
                      "Actual Total Time": 0.008,
                      "Actual Rows": 1,
                      "Actual Loops": 6696,
                      "Index Cond": "(id = mc.movie_id)",
                      "Rows Removed by Index Recheck": 0,
                      "Heap Fetches": 6696
                    }
                  ]
                }
              ]
            }
          ]
        }
      ]
    },
    "Planning Time": 1.482,
    "Triggers": [],
    "Execution Time": 134.66
  }
]