[
    {
        "Bao": {
            "Bao prediction": "NaN",
            "Bao recommended hint": "(no hint)"
        }
    },
    {
        "Plan": {
            "Node Type": "Aggregate",
            "Strategy": "Plain",
            "Partial Mode": "Finalize",
            "Parallel Aware": false,
            "Startup Cost": 33283.77,
            "Total Cost": 33283.78,
            "Plan Rows": 1,
            "Plan Width": 8,
            "Actual Startup Time": 89.623,
            "Actual Total Time": 93.603,
            "Actual Rows": 1,
            "Actual Loops": 1,
            "Output": [
                "count(*)"
            ],
            "Plans": [
                {
                    "Node Type": "Gather",
                    "Parent Relationship": "Outer",
                    "Parallel Aware": false,
                    "Startup Cost": 33283.46,
                    "Total Cost": 33283.77,
                    "Plan Rows": 3,
                    "Plan Width": 8,
                    "Actual Startup Time": 89.543,
                    "Actual Total Time": 93.597,
                    "Actual Rows": 4,
                    "Actual Loops": 1,
                    "Output": [
                        "(PARTIAL count(*))"
                    ],
                    "Workers Planned": 3,
                    "Workers Launched": 3,
                    "Single Copy": false,
                    "Plans": [
                        {
                            "Node Type": "Aggregate",
                            "Strategy": "Plain",
                            "Partial Mode": "Partial",
                            "Parent Relationship": "Outer",
                            "Parallel Aware": false,
                            "Startup Cost": 32283.46,
                            "Total Cost": 32283.47,
                            "Plan Rows": 1,
                            "Plan Width": 8,
                            "Actual Startup Time": 81.649,
                            "Actual Total Time": 81.65,
                            "Actual Rows": 1,
                            "Actual Loops": 4,
                            "Output": [
                                "PARTIAL count(*)"
                            ],
                            "Workers": [
                                {
                                    "Worker Number": 0,
                                    "Actual Startup Time": 78.908,
                                    "Actual Total Time": 78.909,
                                    "Actual Rows": 1,
                                    "Actual Loops": 1
                                },
                                {
                                    "Worker Number": 1,
                                    "Actual Startup Time": 79.141,
                                    "Actual Total Time": 79.142,
                                    "Actual Rows": 1,
                                    "Actual Loops": 1
                                },
                                {
                                    "Worker Number": 2,
                                    "Actual Startup Time": 79.29,
                                    "Actual Total Time": 79.291,
                                    "Actual Rows": 1,
                                    "Actual Loops": 1
                                }
                            ],
                            "Plans": [
                                {
                                    "Node Type": "Seq Scan",
                                    "Parent Relationship": "Outer",
                                    "Parallel Aware": true,
                                    "Relation Name": "movie_companies",
                                    "Schema": "public",
                                    "Alias": "mc",
                                    "Startup Cost": 0.0,
                                    "Total Cost": 31414.82,
                                    "Plan Rows": 347455,
                                    "Plan Width": 0,
                                    "Actual Startup Time": 41.572,
                                    "Actual Total Time": 73.348,
                                    "Actual Rows": 209216,
                                    "Actual Loops": 4,
                                    "Output": [
                                        "id",
                                        "movie_id",
                                        "company_id",
                                        "company_type_id",
                                        "note"
                                    ],
                                    "Filter": "((mc.company_id < 74343) AND (mc.company_type_id = 2))",
                                    "Rows Removed by Filter": 443066,
                                    "Workers": [
                                        {
                                            "Worker Number": 0,
                                            "Actual Startup Time": 38.833,
                                            "Actual Total Time": 70.778,
                                            "Actual Rows": 200544,
                                            "Actual Loops": 1
                                        },
                                        {
                                            "Worker Number": 1,
                                            "Actual Startup Time": 39.06,
                                            "Actual Total Time": 70.987,
                                            "Actual Rows": 200456,
                                            "Actual Loops": 1
                                        },
                                        {
                                            "Worker Number": 2,
                                            "Actual Startup Time": 39.217,
                                            "Actual Total Time": 71.15,
                                            "Actual Rows": 200349,
                                            "Actual Loops": 1
                                        }
                                    ]
                                }
                            ]
                        }
                    ]
                }
            ]
        },
        "Planning Time": 231.217,
        "Triggers": [],
        "Execution Time": 93.645
    }
]