[
  {
    "Plan": {
      "Node Type": "Aggregate",
      "Strategy": "Plain",
      "Partial Mode": "Finalize",
      "Parallel Aware": false,
      "Startup Cost": 594181.17,
      "Total Cost": 594181.18,
      "Plan Rows": 1,
      "Plan Width": 8,
      "Actual Startup Time": 3242.254,
      "Actual Total Time": 3347.257,
      "Actual Rows": 1,
      "Actual Loops": 1,
      "Plans": [
        {
          "Node Type": "Gather",
          "Parent Relationship": "Outer",
          "Parallel Aware": false,
          "Startup Cost": 594180.65,
          "Total Cost": 594181.16,
          "Plan Rows": 5,
          "Plan Width": 8,
          "Actual Startup Time": 3227.029,
          "Actual Total Time": 3347.197,
          "Actual Rows": 6,
          "Actual Loops": 1,
          "Workers Planned": 5,
          "Workers Launched": 5,
          "Single Copy": false,
          "Plans": [
            {
              "Node Type": "Aggregate",
              "Strategy": "Plain",
              "Partial Mode": "Partial",
              "Parent Relationship": "Outer",
              "Parallel Aware": false,
              "Startup Cost": 593180.65,
              "Total Cost": 593180.66,
              "Plan Rows": 1,
              "Plan Width": 8,
              "Actual Startup Time": 3210.065,
              "Actual Total Time": 3210.139,
              "Actual Rows": 1,
              "Actual Loops": 6,
              "Plans": [
                {
                  "Node Type": "Hash Join",
                  "Parent Relationship": "Outer",
                  "Parallel Aware": true,
                  "Join Type": "Inner",
                  "Startup Cost": 383702.89,
                  "Total Cost": 589185.86,
                  "Plan Rows": 1597917,
                  "Plan Width": 0,
                  "Actual Startup Time": 1484.686,
                  "Actual Total Time": 2963.748,
                  "Actual Rows": 6118274,
                  "Actual Loops": 6,
                  "Inner Unique": false,
                  "Hash Cond": "(mi.movie_id = t.id)",
                  "Plans": [
                    {
                      "Node Type": "Seq Scan",
                      "Parent Relationship": "Outer",
                      "Parallel Aware": true,
                      "Relation Name": "movie_info",
                      "Alias": "mi",
                      "Startup Cost": 0.0,
                      "Total Cost": 191685.19,
                      "Plan Rows": 2969219,
                      "Plan Width": 4,
                      "Actual Startup Time": 0.04,
                      "Actual Total Time": 312.259,
                      "Actual Rows": 2472620,
                      "Actual Loops": 6
                    },
                    {
                      "Node Type": "Hash",
                      "Parent Relationship": "Inner",
                      "Parallel Aware": true,
                      "Startup Cost": 380868.1,
                      "Total Cost": 380868.1,
                      "Plan Rows": 226783,
                      "Plan Width": 8,
                      "Actual Startup Time": 1477.08,
                      "Actual Total Time": 1477.152,
                      "Actual Rows": 243379,
                      "Actual Loops": 6,
                      "Hash Buckets": 2097152,
                      "Original Hash Buckets": 2097152,
                      "Hash Batches": 1,
                      "Original Hash Batches": 1,
                      "Peak Memory Usage": 73600,
                      "Plans": [
                        {
                          "Node Type": "Hash Join",
                          "Parent Relationship": "Outer",
                          "Parallel Aware": true,
                          "Join Type": "Inner",
                          "Startup Cost": 46209.11,
                          "Total Cost": 380868.1,
                          "Plan Rows": 226783,
                          "Plan Width": 8,
                          "Actual Startup Time": 467.513,
                          "Actual Total Time": 1347.624,
                          "Actual Rows": 243379,
                          "Actual Loops": 6,
                          "Inner Unique": true,
                          "Hash Cond": "(ci.movie_id = t.id)",
                          "Plans": [
                            {
                              "Node Type": "Seq Scan",
                              "Parent Relationship": "Outer",
                              "Parallel Aware": true,
                              "Relation Name": "cast_info",
                              "Alias": "ci",
                              "Startup Cost": 0.0,
                              "Total Cost": 328211.39,
                              "Plan Rows": 2456225,
                              "Plan Width": 4,
                              "Actual Startup Time": 333.216,
                              "Actual Total Time": 820.269,
                              "Actual Rows": 2414690,
                              "Actual Loops": 6,
                              "Filter": "(person_id > 2211473)",
                              "Rows Removed by Filter": 3626034
                            },
                            {
                              "Node Type": "Hash",
                              "Parent Relationship": "Inner",
                              "Parallel Aware": true,
                              "Startup Cost": 45479.59,
                              "Total Cost": 45479.59,
                              "Plan Rows": 58362,
                              "Plan Width": 4,
                              "Actual Startup Time": 133.709,
                              "Actual Total Time": 133.711,
                              "Actual Rows": 34694,
                              "Actual Loops": 6,
                              "Hash Buckets": 262144,
                              "Original Hash Buckets": 262144,
                              "Hash Batches": 1,
                              "Original Hash Batches": 1,
                              "Peak Memory Usage": 10272,
                              "Plans": [
                                {
                                  "Node Type": "Seq Scan",
                                  "Parent Relationship": "Outer",
                                  "Parallel Aware": true,
                                  "Relation Name": "title",
                                  "Alias": "t",
                                  "Startup Cost": 0.0,
                                  "Total Cost": 45479.59,
                                  "Plan Rows": 58362,
                                  "Plan Width": 4,
                                  "Actual Startup Time": 0.079,
                                  "Actual Total Time": 114.382,
                                  "Actual Rows": 34694,
                                  "Actual Loops": 6,
                                  "Filter": "((kind_id < 3) AND (production_year > 2007))",
                                  "Rows Removed by Filter": 386692
                                }
                              ]
                            }
                          ]
                        }
                      ]
                    }
                  ]
                }
              ]
            }
          ]
        }
      ]
    },
    "Planning Time": 1.575,
    "Triggers": [],
    "Execution Time": 3347.37
  }
]