[
  {
    "Plan": {
      "Node Type": "Aggregate",
      "Strategy": "Plain",
      "Partial Mode": "Finalize",
      "Parallel Aware": false,
      "Startup Cost": 32998.23,
      "Total Cost": 32998.24,
      "Plan Rows": 1,
      "Plan Width": 8,
      "Actual Startup Time": 106.443,
      "Actual Total Time": 113.737,
      "Actual Rows": 1,
      "Actual Loops": 1,
      "Plans": [
        {
          "Node Type": "Gather",
          "Parent Relationship": "Outer",
          "Parallel Aware": false,
          "Startup Cost": 32997.91,
          "Total Cost": 32998.22,
          "Plan Rows": 3,
          "Plan Width": 8,
          "Actual Startup Time": 106.281,
          "Actual Total Time": 113.726,
          "Actual Rows": 4,
          "Actual Loops": 1,
          "Workers Planned": 3,
          "Workers Launched": 3,
          "Single Copy": false,
          "Plans": [
            {
              "Node Type": "Aggregate",
              "Strategy": "Plain",
              "Partial Mode": "Partial",
              "Parent Relationship": "Outer",
              "Parallel Aware": false,
              "Startup Cost": 31997.91,
              "Total Cost": 31997.92,
              "Plan Rows": 1,
              "Plan Width": 8,
              "Actual Startup Time": 99.752,
              "Actual Total Time": 99.753,
              "Actual Rows": 1,
              "Actual Loops": 4,
              "Plans": [
                {
                  "Node Type": "Seq Scan",
                  "Parent Relationship": "Outer",
                  "Parallel Aware": true,
                  "Relation Name": "movie_companies",
                  "Alias": "mc",
                  "Startup Cost": 0.0,
                  "Total Cost": 31414.82,
                  "Plan Rows": 233236,
                  "Plan Width": 0,
                  "Actual Startup Time": 48.427,
                  "Actual Total Time": 88.637,
                  "Actual Rows": 235652,
                  "Actual Loops": 4,
                  "Filter": "((company_id > 10325) AND (company_type_id > 1))",
                  "Rows Removed by Filter": 416630
                }
              ]
            }
          ]
        }
      ]
    },
    "Planning Time": 0.244,
    "Triggers": [],
    "Execution Time": 113.795
  }
]