{
  "Plan": {
    "Node Type": "Aggregate",
    "Strategy": "Plain",
    "Partial Mode": "Finalize",
    "Parallel Aware": false,
    "Startup Cost": 119217.33,
    "Total Cost": 119217.34,
    "Plan Rows": 1,
    "Plan Width": 8,
    "Actual Startup Time": 703.144,
    "Actual Total Time": 736.876,
    "Actual Rows": 1,
    "Actual Loops": 1,
    "Plans": [
      {
        "Node Type": "Gather",
        "Parent Relationship": "Outer",
        "Parallel Aware": false,
        "Startup Cost": 119217.22,
        "Total Cost": 119217.33,
        "Plan Rows": 1,
        "Plan Width": 8,
        "Actual Startup Time": 699.351,
        "Actual Total Time": 736.867,
        "Actual Rows": 2,
        "Actual Loops": 1,
        "Workers Planned": 1,
        "Workers Launched": 1,
        "Single Copy": false,
        "Plans": [
          {
            "Node Type": "Aggregate",
            "Strategy": "Plain",
            "Partial Mode": "Partial",
            "Parent Relationship": "Outer",
            "Parallel Aware": false,
            "Startup Cost": 118217.22,
            "Total Cost": 118217.23,
            "Plan Rows": 1,
            "Plan Width": 8,
            "Actual Startup Time": 691.628,
            "Actual Total Time": 691.631,
            "Actual Rows": 1,
            "Actual Loops": 2,
            "Plans": [
              {
                "Node Type": "Nested Loop",
                "Parent Relationship": "Outer",
                "Parallel Aware": false,
                "Join Type": "Inner",
                "Startup Cost": 65230.71,
                "Total Cost": 118041.0,
                "Plan Rows": 70488,
                "Plan Width": 0,
                "Actual Startup Time": 361.531,
                "Actual Total Time": 660.583,
                "Actual Rows": 769080,
                "Actual Loops": 2,
                "Inner Unique": false,
                "Plans": [
                  {
                    "Node Type": "Hash Join",
                    "Parent Relationship": "Outer",
                    "Parallel Aware": true,
                    "Join Type": "Inner",
                    "Startup Cost": 65230.28,
                    "Total Cost": 91065.2,
                    "Plan Rows": 12055,
                    "Plan Width": 8,
                    "Actual Startup Time": 361.463,
                    "Actual Total Time": 386.125,
                    "Actual Rows": 8941,
                    "Actual Loops": 2,
                    "Inner Unique": true,
                    "Hash Cond": "(mk.movie_id = t.id)",
                    "Plans": [
                      {
                        "Node Type": "Bitmap Heap Scan",
                        "Parent Relationship": "Outer",
                        "Parallel Aware": true,
                        "Relation Name": "movie_keyword",
                        "Alias": "mk",
                        "Startup Cost": 825.2,
                        "Total Cost": 26600.2,
                        "Plan Rows": 22829,
                        "Plan Width": 4,
                        "Actual Startup Time": 4.546,
                        "Actual Total Time": 20.052,
                        "Actual Rows": 19712,
                        "Actual Loops": 2,
                        "Recheck Cond": "(keyword_id > 104922)",
                        "Rows Removed by Index Recheck": 0,
                        "Exact Heap Blocks": 6117,
                        "Lossy Heap Blocks": 0,
                        "Plans": [
                          {
                            "Node Type": "Bitmap Index Scan",
                            "Parent Relationship": "Outer",
                            "Parallel Aware": false,
                            "Index Name": "keyword_id_movie_keyword",
                            "Startup Cost": 0.0,
                            "Total Cost": 815.5,
                            "Plan Rows": 38809,
                            "Plan Width": 0,
                            "Actual Startup Time": 3.058,
                            "Actual Total Time": 3.058,
                            "Actual Rows": 39423,
                            "Actual Loops": 1,
                            "Index Cond": "(keyword_id > 104922)"
                          }
                        ]
                      },
                      {
                        "Node Type": "Hash",
                        "Parent Relationship": "Inner",
                        "Parallel Aware": true,
                        "Startup Cost": 54588.39,
                        "Total Cost": 54588.39,
                        "Plan Rows": 785335,
                        "Plan Width": 4,
                        "Actual Startup Time": 342.639,
                        "Actual Total Time": 342.64,
                        "Actual Rows": 661432,
                        "Actual Loops": 2,
                        "Hash Buckets": 2097152,
                        "Original Hash Buckets": 2097152,
                        "Hash Batches": 1,
                        "Original Hash Batches": 1,
                        "Peak Memory Usage": 68160,
                        "Plans": [
                          {
                            "Node Type": "Seq Scan",
                            "Parent Relationship": "Outer",
                            "Parallel Aware": true,
                            "Relation Name": "title",
                            "Alias": "t",
                            "Startup Cost": 0.0,
                            "Total Cost": 54588.39,
                            "Plan Rows": 785335,
                            "Plan Width": 4,
                            "Actual Startup Time": 0.031,
                            "Actual Total Time": 166.814,
                            "Actual Rows": 661432,
                            "Actual Loops": 2,
                            "Filter": "(production_year > 2001)",
                            "Rows Removed by Filter": 602724
                          }
                        ]
                      }
                    ]
                  },
                  {
                    "Node Type": "Index Only Scan",
                    "Parent Relationship": "Inner",
                    "Parallel Aware": false,
                    "Scan Direction": "Forward",
                    "Index Name": "movie_id_movie_info",
                    "Relation Name": "movie_info",
                    "Alias": "mi",
                    "Startup Cost": 0.43,
                    "Total Cost": 1.82,
                    "Plan Rows": 42,
                    "Plan Width": 4,
                    "Actual Startup Time": 0.005,
                    "Actual Total Time": 0.025,
                    "Actual Rows": 86,
                    "Actual Loops": 17882,
                    "Index Cond": "(movie_id = t.id)",
                    "Rows Removed by Index Recheck": 0,
                    "Heap Fetches": 1538160
                  }
                ]
              }
            ]
          }
        ]
      }
    ]
  },
  "Planning Time": 1.021,
  "Triggers": [],
  "Execution Time": 736.985
}