[
  {
    "Plan": {
      "Node Type": "Aggregate",
      "Strategy": "Plain",
      "Partial Mode": "Finalize",
      "Parallel Aware": false,
      "Startup Cost": 247714.6,
      "Total Cost": 247714.61,
      "Plan Rows": 1,
      "Plan Width": 8,
      "Actual Startup Time": 769.407,
      "Actual Total Time": 813.042,
      "Actual Rows": 1,
      "Actual Loops": 1,
      "Plans": [
        {
          "Node Type": "Gather",
          "Parent Relationship": "Outer",
          "Parallel Aware": false,
          "Startup Cost": 247714.07,
          "Total Cost": 247714.58,
          "Plan Rows": 5,
          "Plan Width": 8,
          "Actual Startup Time": 767.452,
          "Actual Total Time": 813.032,
          "Actual Rows": 6,
          "Actual Loops": 1,
          "Workers Planned": 5,
          "Workers Launched": 5,
          "Single Copy": false,
          "Plans": [
            {
              "Node Type": "Aggregate",
              "Strategy": "Plain",
              "Partial Mode": "Partial",
              "Parent Relationship": "Outer",
              "Parallel Aware": false,
              "Startup Cost": 246714.07,
              "Total Cost": 246714.08,
              "Plan Rows": 1,
              "Plan Width": 8,
              "Actual Startup Time": 758.076,
              "Actual Total Time": 758.078,
              "Actual Rows": 1,
              "Actual Loops": 6,
              "Plans": [
                {
                  "Node Type": "Hash Join",
                  "Parent Relationship": "Outer",
                  "Parallel Aware": true,
                  "Join Type": "Inner",
                  "Startup Cost": 46467.55,
                  "Total Cost": 245789.31,
                  "Plan Rows": 369904,
                  "Plan Width": 0,
                  "Actual Startup Time": 110.0,
                  "Actual Total Time": 735.489,
                  "Actual Rows": 505562,
                  "Actual Loops": 6,
                  "Inner Unique": true,
                  "Hash Cond": "(mi.movie_id = t.id)",
                  "Plans": [
                    {
                      "Node Type": "Seq Scan",
                      "Parent Relationship": "Outer",
                      "Parallel Aware": true,
                      "Relation Name": "movie_info",
                      "Alias": "mi",
                      "Startup Cost": 0.0,
                      "Total Cost": 191560.33,
                      "Plan Rows": 2956733,
                      "Plan Width": 4,
                      "Actual Startup Time": 0.027,
                      "Actual Total Time": 292.804,
                      "Actual Rows": 2472620,
                      "Actual Loops": 6
                    },
                    {
                      "Node Type": "Hash",
                      "Parent Relationship": "Inner",
                      "Parallel Aware": true,
                      "Startup Cost": 45479.1,
                      "Total Cost": 45479.1,
                      "Plan Rows": 79076,
                      "Plan Width": 4,
                      "Actual Startup Time": 97.104,
                      "Actual Total Time": 97.105,
                      "Actual Rows": 40798,
                      "Actual Loops": 6,
                      "Hash Buckets": 524288,
                      "Original Hash Buckets": 524288,
                      "Hash Batches": 1,
                      "Original Hash Batches": 1,
                      "Peak Memory Usage": 13728,
                      "Plans": [
                        {
                          "Node Type": "Seq Scan",
                          "Parent Relationship": "Outer",
                          "Parallel Aware": true,
                          "Relation Name": "title",
                          "Alias": "t",
                          "Startup Cost": 0.0,
                          "Total Cost": 45479.1,
                          "Plan Rows": 79076,
                          "Plan Width": 4,
                          "Actual Startup Time": 44.961,
                          "Actual Total Time": 83.004,
                          "Actual Rows": 40798,
                          "Actual Loops": 6,
                          "Filter": "((production_year > 2003) AND (kind_id = 1))",
                          "Rows Removed by Filter": 380587
                        }
                      ]
                    }
                  ]
                }
              ]
            }
          ]
        }
      ]
    },
    "Planning Time": 0.655,
    "Triggers": [],
    "Execution Time": 813.121
  }
]