[
  {
    "Plan": {
      "Node Type": "Aggregate",
      "Strategy": "Plain",
      "Partial Mode": "Finalize",
      "Parallel Aware": false,
      "Startup Cost": 46946.55,
      "Total Cost": 46946.56,
      "Plan Rows": 1,
      "Plan Width": 8,
      "Actual Startup Time": 154.252,
      "Actual Total Time": 168.044,
      "Actual Rows": 1,
      "Actual Loops": 1,
      "Plans": [
        {
          "Node Type": "Gather",
          "Parent Relationship": "Outer",
          "Parallel Aware": false,
          "Startup Cost": 46946.23,
          "Total Cost": 46946.54,
          "Plan Rows": 3,
          "Plan Width": 8,
          "Actual Startup Time": 154.1,
          "Actual Total Time": 168.034,
          "Actual Rows": 4,
          "Actual Loops": 1,
          "Workers Planned": 3,
          "Workers Launched": 3,
          "Single Copy": false,
          "Plans": [
            {
              "Node Type": "Aggregate",
              "Strategy": "Plain",
              "Partial Mode": "Partial",
              "Parent Relationship": "Outer",
              "Parallel Aware": false,
              "Startup Cost": 45946.23,
              "Total Cost": 45946.24,
              "Plan Rows": 1,
              "Plan Width": 8,
              "Actual Startup Time": 150.077,
              "Actual Total Time": 150.078,
              "Actual Rows": 1,
              "Actual Loops": 4,
              "Plans": [
                {
                  "Node Type": "Seq Scan",
                  "Parent Relationship": "Outer",
                  "Parallel Aware": true,
                  "Relation Name": "movie_keyword",
                  "Alias": "mk",
                  "Startup Cost": 0.0,
                  "Total Cost": 42695.65,
                  "Plan Rows": 1300231,
                  "Plan Width": 0,
                  "Actual Startup Time": 0.029,
                  "Actual Total Time": 109.043,
                  "Actual Rows": 1007968,
                  "Actual Loops": 4,
                  "Filter": "(keyword_id < 36621)",
                  "Rows Removed by Filter": 123015
                }
              ]
            }
          ]
        }
      ]
    },
    "Planning Time": 0.178,
    "Triggers": [],
    "Execution Time": 168.106
  }
]