[
  {
    "Plan": {
      "Node Type": "Aggregate",
      "Strategy": "Plain",
      "Partial Mode": "Simple",
      "Parallel Aware": false,
      "Startup Cost": 11615.45,
      "Total Cost": 11615.46,
      "Plan Rows": 1,
      "Plan Width": 8,
      "Actual Startup Time": 12.739,
      "Actual Total Time": 12.741,
      "Actual Rows": 1,
      "Actual Loops": 1,
      "Plans": [
        {
          "Node Type": "Bitmap Heap Scan",
          "Parent Relationship": "Outer",
          "Parallel Aware": false,
          "Relation Name": "movie_companies",
          "Alias": "mc",
          "Startup Cost": 111.57,
          "Total Cost": 11608.89,
          "Plan Rows": 2622,
          "Plan Width": 0,
          "Actual Startup Time": 7.94,
          "Actual Total Time": 12.286,
          "Actual Rows": 2438,
          "Actual Loops": 1,
          "Recheck Cond": "(company_id = 11146)",
          "Rows Removed by Index Recheck": 0,
          "Filter": "(company_type_id > 1)",
          "Rows Removed by Filter": 2629,
          "Exact Heap Blocks": 2691,
          "Lossy Heap Blocks": 0,
          "Plans": [
            {
              "Node Type": "Bitmap Index Scan",
              "Parent Relationship": "Outer",
              "Parallel Aware": false,
              "Index Name": "company_id_movie_companies",
              "Startup Cost": 0.0,
              "Total Cost": 110.91,
              "Plan Rows": 5131,
              "Plan Width": 0,
              "Actual Startup Time": 1.929,
              "Actual Total Time": 1.93,
              "Actual Rows": 5067,
              "Actual Loops": 1,
              "Index Cond": "(company_id = 11146)"
            }
          ]
        }
      ]
    },
    "Planning Time": 0.214,
    "Triggers": [],
    "Execution Time": 12.813
  }
]