[
  {
    "Plan": {
      "Node Type": "Aggregate",
      "Strategy": "Plain",
      "Partial Mode": "Finalize",
      "Parallel Aware": false,
      "Startup Cost": 32933.61,
      "Total Cost": 32933.62,
      "Plan Rows": 1,
      "Plan Width": 8,
      "Actual Startup Time": 101.532,
      "Actual Total Time": 110.9,
      "Actual Rows": 1,
      "Actual Loops": 1,
      "Plans": [
        {
          "Node Type": "Gather",
          "Parent Relationship": "Outer",
          "Parallel Aware": false,
          "Startup Cost": 32933.29,
          "Total Cost": 32933.6,
          "Plan Rows": 3,
          "Plan Width": 8,
          "Actual Startup Time": 101.377,
          "Actual Total Time": 110.89,
          "Actual Rows": 4,
          "Actual Loops": 1,
          "Workers Planned": 3,
          "Workers Launched": 3,
          "Single Copy": false,
          "Plans": [
            {
              "Node Type": "Aggregate",
              "Strategy": "Plain",
              "Partial Mode": "Partial",
              "Parent Relationship": "Outer",
              "Parallel Aware": false,
              "Startup Cost": 31933.29,
              "Total Cost": 31933.3,
              "Plan Rows": 1,
              "Plan Width": 8,
              "Actual Startup Time": 94.175,
              "Actual Total Time": 94.176,
              "Actual Rows": 1,
              "Actual Loops": 4,
              "Plans": [
                {
                  "Node Type": "Seq Scan",
                  "Parent Relationship": "Outer",
                  "Parallel Aware": true,
                  "Relation Name": "movie_companies",
                  "Alias": "mc",
                  "Startup Cost": 0.0,
                  "Total Cost": 31414.82,
                  "Plan Rows": 207388,
                  "Plan Width": 0,
                  "Actual Startup Time": 41.314,
                  "Actual Total Time": 82.877,
                  "Actual Rows": 223348,
                  "Actual Loops": 4,
                  "Filter": "((company_id > 11671) AND (company_type_id > 1))",
                  "Rows Removed by Filter": 428934
                }
              ]
            }
          ]
        }
      ]
    },
    "Planning Time": 0.171,
    "Triggers": [],
    "Execution Time": 110.948
  }
]