[
    {
        "Bao": {
            "Bao prediction": "NaN",
            "Bao recommended hint": "(no hint)"
        }
    },
    {
        "Plan": {
            "Node Type": "Aggregate",
            "Strategy": "Plain",
            "Partial Mode": "Finalize",
            "Parallel Aware": false,
            "Startup Cost": 77006.62,
            "Total Cost": 77006.63,
            "Plan Rows": 1,
            "Plan Width": 8,
            "Actual Startup Time": 175.608,
            "Actual Total Time": 185.397,
            "Actual Rows": 1,
            "Actual Loops": 1,
            "Output": [
                "count(*)"
            ],
            "Plans": [
                {
                    "Node Type": "Gather",
                    "Parent Relationship": "Outer",
                    "Parallel Aware": false,
                    "Startup Cost": 77006.31,
                    "Total Cost": 77006.62,
                    "Plan Rows": 3,
                    "Plan Width": 8,
                    "Actual Startup Time": 175.086,
                    "Actual Total Time": 185.39,
                    "Actual Rows": 4,
                    "Actual Loops": 1,
                    "Output": [
                        "(PARTIAL count(*))"
                    ],
                    "Workers Planned": 3,
                    "Workers Launched": 3,
                    "Single Copy": false,
                    "Plans": [
                        {
                            "Node Type": "Aggregate",
                            "Strategy": "Plain",
                            "Partial Mode": "Partial",
                            "Parent Relationship": "Outer",
                            "Parallel Aware": false,
                            "Startup Cost": 76006.31,
                            "Total Cost": 76006.32,
                            "Plan Rows": 1,
                            "Plan Width": 8,
                            "Actual Startup Time": 166.381,
                            "Actual Total Time": 166.385,
                            "Actual Rows": 1,
                            "Actual Loops": 4,
                            "Output": [
                                "PARTIAL count(*)"
                            ],
                            "Workers": [
                                {
                                    "Worker Number": 0,
                                    "Actual Startup Time": 163.496,
                                    "Actual Total Time": 163.5,
                                    "Actual Rows": 1,
                                    "Actual Loops": 1
                                },
                                {
                                    "Worker Number": 1,
                                    "Actual Startup Time": 163.361,
                                    "Actual Total Time": 163.364,
                                    "Actual Rows": 1,
                                    "Actual Loops": 1
                                },
                                {
                                    "Worker Number": 2,
                                    "Actual Startup Time": 163.878,
                                    "Actual Total Time": 163.883,
                                    "Actual Rows": 1,
                                    "Actual Loops": 1
                                }
                            ],
                            "Plans": [
                                {
                                    "Node Type": "Hash Join",
                                    "Parent Relationship": "Outer",
                                    "Parallel Aware": true,
                                    "Join Type": "Inner",
                                    "Startup Cost": 50429.24,
                                    "Total Cost": 76004.61,
                                    "Plan Rows": 679,
                                    "Plan Width": 0,
                                    "Actual Startup Time": 116.987,
                                    "Actual Total Time": 166.333,
                                    "Actual Rows": 345,
                                    "Actual Loops": 4,
                                    "Inner Unique": true,
                                    "Hash Cond": "(mk.movie_id = t.id)",
                                    "Workers": [
                                        {
                                            "Worker Number": 0,
                                            "Actual Startup Time": 114.357,
                                            "Actual Total Time": 163.448,
                                            "Actual Rows": 276,
                                            "Actual Loops": 1
                                        },
                                        {
                                            "Worker Number": 1,
                                            "Actual Startup Time": 114.391,
                                            "Actual Total Time": 163.316,
                                            "Actual Rows": 283,
                                            "Actual Loops": 1
                                        },
                                        {
                                            "Worker Number": 2,
                                            "Actual Startup Time": 114.157,
                                            "Actual Total Time": 163.835,
                                            "Actual Rows": 430,
                                            "Actual Loops": 1
                                        }
                                    ],
                                    "Plans": [
                                        {
                                            "Node Type": "Bitmap Heap Scan",
                                            "Parent Relationship": "Outer",
                                            "Parallel Aware": true,
                                            "Relation Name": "movie_keyword",
                                            "Schema": "public",
                                            "Alias": "mk",
                                            "Startup Cost": 4877.65,
                                            "Total Cost": 30258.4,
                                            "Plan Rows": 74140,
                                            "Plan Width": 4,
                                            "Actual Startup Time": 22.974,
                                            "Actual Total Time": 65.681,
                                            "Actual Rows": 56332,
                                            "Actual Loops": 4,
                                            "Output": [
                                                "mk.id",
                                                "mk.movie_id",
                                                "mk.keyword_id"
                                            ],
                                            "Recheck Cond": "(mk.keyword_id > 64018)",
                                            "Rows Removed by Index Recheck": 0,
                                            "Exact Heap Blocks": 6782,
                                            "Lossy Heap Blocks": 0,
                                            "Workers": [
                                                {
                                                    "Worker Number": 0,
                                                    "Actual Startup Time": 23.037,
                                                    "Actual Total Time": 66.538,
                                                    "Actual Rows": 39659,
                                                    "Actual Loops": 1
                                                },
                                                {
                                                    "Worker Number": 1,
                                                    "Actual Startup Time": 23.016,
                                                    "Actual Total Time": 66.521,
                                                    "Actual Rows": 44621,
                                                    "Actual Loops": 1
                                                },
                                                {
                                                    "Worker Number": 2,
                                                    "Actual Startup Time": 22.867,
                                                    "Actual Total Time": 66.405,
                                                    "Actual Rows": 67256,
                                                    "Actual Loops": 1
                                                }
                                            ],
                                            "Plans": [
                                                {
                                                    "Node Type": "Bitmap Index Scan",
                                                    "Parent Relationship": "Outer",
                                                    "Parallel Aware": false,
                                                    "Index Name": "keyword_id_movie_keyword",
                                                    "Startup Cost": 0.0,
                                                    "Total Cost": 4820.19,
                                                    "Plan Rows": 229834,
                                                    "Plan Width": 0,
                                                    "Actual Startup Time": 19.834,
                                                    "Actual Total Time": 19.834,
                                                    "Actual Rows": 225329,
                                                    "Actual Loops": 1,
                                                    "Index Cond": "(mk.keyword_id > 64018)",
                                                    "Workers": [
                                                        {
                                                            "Worker Number": 2,
                                                            "Actual Startup Time": 19.834,
                                                            "Actual Total Time": 19.834,
                                                            "Actual Rows": 225329,
                                                            "Actual Loops": 1
                                                        }
                                                    ]
                                                }
                                            ]
                                        },
                                        {
                                            "Node Type": "Hash",
                                            "Parent Relationship": "Inner",
                                            "Parallel Aware": true,
                                            "Startup Cost": 45479.21,
                                            "Total Cost": 45479.21,
                                            "Plan Rows": 5791,
                                            "Plan Width": 4,
                                            "Actual Startup Time": 90.332,
                                            "Actual Total Time": 90.333,
                                            "Actual Rows": 14962,
                                            "Actual Loops": 4,
                                            "Output": [
                                                "t.id"
                                            ],
                                            "Hash Buckets": 65536,
                                            "Original Hash Buckets": 32768,
                                            "Hash Batches": 1,
                                            "Original Hash Batches": 1,
                                            "Peak Memory Usage": 3168,
                                            "Workers": [
                                                {
                                                    "Worker Number": 0,
                                                    "Actual Startup Time": 87.401,
                                                    "Actual Total Time": 87.402,
                                                    "Actual Rows": 9644,
                                                    "Actual Loops": 1
                                                },
                                                {
                                                    "Worker Number": 1,
                                                    "Actual Startup Time": 87.335,
                                                    "Actual Total Time": 87.336,
                                                    "Actual Rows": 14379,
                                                    "Actual Loops": 1
                                                },
                                                {
                                                    "Worker Number": 2,
                                                    "Actual Startup Time": 87.866,
                                                    "Actual Total Time": 87.867,
                                                    "Actual Rows": 14977,
                                                    "Actual Loops": 1
                                                }
                                            ],
                                            "Plans": [
                                                {
                                                    "Node Type": "Seq Scan",
                                                    "Parent Relationship": "Outer",
                                                    "Parallel Aware": true,
                                                    "Relation Name": "title",
                                                    "Schema": "public",
                                                    "Alias": "t",
                                                    "Startup Cost": 0.0,
                                                    "Total Cost": 45479.21,
                                                    "Plan Rows": 5791,
                                                    "Plan Width": 4,
                                                    "Actual Startup Time": 54.882,
                                                    "Actual Total Time": 84.383,
                                                    "Actual Rows": 14962,
                                                    "Actual Loops": 4,
                                                    "Output": [
                                                        "t.id"
                                                    ],
                                                    "Filter": "((t.kind_id < 7) AND (t.production_year < 1915))",
                                                    "Rows Removed by Filter": 617116,
                                                    "Workers": [
                                                        {
                                                            "Worker Number": 0,
                                                            "Actual Startup Time": 51.974,
                                                            "Actual Total Time": 81.843,
                                                            "Actual Rows": 9644,
                                                            "Actual Loops": 1
                                                        },
                                                        {
                                                            "Worker Number": 1,
                                                            "Actual Startup Time": 51.849,
                                                            "Actual Total Time": 81.176,
                                                            "Actual Rows": 14379,
                                                            "Actual Loops": 1
                                                        },
                                                        {
                                                            "Worker Number": 2,
                                                            "Actual Startup Time": 52.398,
                                                            "Actual Total Time": 81.698,
                                                            "Actual Rows": 14977,
                                                            "Actual Loops": 1
                                                        }
                                                    ]
                                                }
                                            ]
                                        }
                                    ]
                                }
                            ]
                        }
                    ]
                }
            ]
        },
        "Planning Time": 203.089,
        "Triggers": [],
        "Execution Time": 185.453
    }
]