{
  "Plan": {
    "Node Type": "Aggregate",
    "Strategy": "Plain",
    "Partial Mode": "Finalize",
    "Parallel Aware": false,
    "Startup Cost": 248839.38,
    "Total Cost": 248839.39,
    "Plan Rows": 1,
    "Plan Width": 8,
    "Actual Startup Time": 523.87,
    "Actual Total Time": 540.625,
    "Actual Rows": 1,
    "Actual Loops": 1,
    "Plans": [
      {
        "Node Type": "Gather",
        "Parent Relationship": "Outer",
        "Parallel Aware": false,
        "Startup Cost": 248839.26,
        "Total Cost": 248839.37,
        "Plan Rows": 1,
        "Plan Width": 8,
        "Actual Startup Time": 519.92,
        "Actual Total Time": 540.616,
        "Actual Rows": 2,
        "Actual Loops": 1,
        "Workers Planned": 1,
        "Workers Launched": 1,
        "Single Copy": false,
        "Plans": [
          {
            "Node Type": "Aggregate",
            "Strategy": "Plain",
            "Partial Mode": "Partial",
            "Parent Relationship": "Outer",
            "Parallel Aware": false,
            "Startup Cost": 247839.26,
            "Total Cost": 247839.27,
            "Plan Rows": 1,
            "Plan Width": 8,
            "Actual Startup Time": 511.886,
            "Actual Total Time": 511.889,
            "Actual Rows": 1,
            "Actual Loops": 2,
            "Plans": [
              {
                "Node Type": "Hash Join",
                "Parent Relationship": "Outer",
                "Parallel Aware": true,
                "Join Type": "Inner",
                "Startup Cost": 79867.72,
                "Total Cost": 247332.41,
                "Plan Rows": 202743,
                "Plan Width": 0,
                "Actual Startup Time": 400.292,
                "Actual Total Time": 505.234,
                "Actual Rows": 147036,
                "Actual Loops": 2,
                "Inner Unique": true,
                "Hash Cond": "(mi.movie_id = t.id)",
                "Plans": [
                  {
                    "Node Type": "Bitmap Heap Scan",
                    "Parent Relationship": "Outer",
                    "Parallel Aware": true,
                    "Relation Name": "movie_info",
                    "Alias": "mi",
                    "Startup Cost": 11142.68,
                    "Total Cost": 177657.74,
                    "Plan Rows": 361765,
                    "Plan Width": 4,
                    "Actual Startup Time": 33.051,
                    "Actual Total Time": 87.04,
                    "Actual Rows": 299228,
                    "Actual Loops": 2,
                    "Recheck Cond": "(info_type_id = 15)",
                    "Rows Removed by Index Recheck": 0,
                    "Exact Heap Blocks": 12201,
                    "Lossy Heap Blocks": 0,
                    "Plans": [
                      {
                        "Node Type": "Bitmap Index Scan",
                        "Parent Relationship": "Outer",
                        "Parallel Aware": false,
                        "Index Name": "info_type_id_movie_info",
                        "Startup Cost": 0.0,
                        "Total Cost": 10988.93,
                        "Plan Rows": 615000,
                        "Plan Width": 0,
                        "Actual Startup Time": 29.827,
                        "Actual Total Time": 29.827,
                        "Actual Rows": 598457,
                        "Actual Loops": 1,
                        "Index Cond": "(info_type_id = 15)"
                      }
                    ]
                  },
                  {
                    "Node Type": "Hash",
                    "Parent Relationship": "Inner",
                    "Parallel Aware": true,
                    "Startup Cost": 58306.47,
                    "Total Cost": 58306.47,
                    "Plan Rows": 833485,
                    "Plan Width": 4,
                    "Actual Startup Time": 352.794,
                    "Actual Total Time": 352.794,
                    "Actual Rows": 699360,
                    "Actual Loops": 2,
                    "Hash Buckets": 2097152,
                    "Original Hash Buckets": 2097152,
                    "Hash Batches": 1,
                    "Original Hash Batches": 1,
                    "Peak Memory Usage": 71136,
                    "Plans": [
                      {
                        "Node Type": "Seq Scan",
                        "Parent Relationship": "Outer",
                        "Parallel Aware": true,
                        "Relation Name": "title",
                        "Alias": "t",
                        "Startup Cost": 0.0,
                        "Total Cost": 58306.47,
                        "Plan Rows": 833485,
                        "Plan Width": 4,
                        "Actual Startup Time": 0.03,
                        "Actual Total Time": 171.081,
                        "Actual Rows": 699360,
                        "Actual Loops": 2,
                        "Filter": "((kind_id > 1) AND (production_year < 2010))",
                        "Rows Removed by Filter": 564796
                      }
                    ]
                  }
                ]
              }
            ]
          }
        ]
      }
    ]
  },
  "Planning Time": 0.676,
  "Triggers": [],
  "Execution Time": 540.717
}