[
  {
    "Plan": {
      "Node Type": "Aggregate",
      "Strategy": "Plain",
      "Partial Mode": "Finalize",
      "Parallel Aware": false,
      "Startup Cost": 346246.72,
      "Total Cost": 346246.73,
      "Plan Rows": 1,
      "Plan Width": 8,
      "Actual Startup Time": 664.731,
      "Actual Total Time": 725.514,
      "Actual Rows": 1,
      "Actual Loops": 1,
      "Plans": [
        {
          "Node Type": "Gather",
          "Parent Relationship": "Outer",
          "Parallel Aware": false,
          "Startup Cost": 346246.09,
          "Total Cost": 346246.7,
          "Plan Rows": 6,
          "Plan Width": 8,
          "Actual Startup Time": 664.648,
          "Actual Total Time": 725.503,
          "Actual Rows": 7,
          "Actual Loops": 1,
          "Workers Planned": 6,
          "Workers Launched": 6,
          "Single Copy": false,
          "Plans": [
            {
              "Node Type": "Aggregate",
              "Strategy": "Plain",
              "Partial Mode": "Partial",
              "Parent Relationship": "Outer",
              "Parallel Aware": false,
              "Startup Cost": 345246.09,
              "Total Cost": 345246.1,
              "Plan Rows": 1,
              "Plan Width": 8,
              "Actual Startup Time": 655.397,
              "Actual Total Time": 655.398,
              "Actual Rows": 1,
              "Actual Loops": 7,
              "Plans": [
                {
                  "Node Type": "Seq Scan",
                  "Parent Relationship": "Outer",
                  "Parallel Aware": true,
                  "Relation Name": "cast_info",
                  "Alias": "ci",
                  "Startup Cost": 0.0,
                  "Total Cost": 343257.03,
                  "Plan Rows": 795626,
                  "Plan Width": 0,
                  "Actual Startup Time": 374.79,
                  "Actual Total Time": 612.299,
                  "Actual Rows": 1023619,
                  "Actual Loops": 7,
                  "Filter": "((person_id > 2951232) AND (role_id > 1))",
                  "Rows Removed by Filter": 4154144
                }
              ]
            }
          ]
        }
      ]
    },
    "Planning Time": 0.273,
    "Triggers": [],
    "Execution Time": 725.591
  }
]