[
  {
    "Plan": {
      "Node Type": "Aggregate",
      "Strategy": "Plain",
      "Partial Mode": "Finalize",
      "Parallel Aware": false,
      "Startup Cost": 200110.73,
      "Total Cost": 200110.74,
      "Plan Rows": 1,
      "Plan Width": 8,
      "Actual Startup Time": 219.962,
      "Actual Total Time": 234.198,
      "Actual Rows": 1,
      "Actual Loops": 1,
      "Plans": [
        {
          "Node Type": "Gather",
          "Parent Relationship": "Outer",
          "Parallel Aware": false,
          "Startup Cost": 200110.1,
          "Total Cost": 200110.71,
          "Plan Rows": 6,
          "Plan Width": 8,
          "Actual Startup Time": 219.862,
          "Actual Total Time": 234.189,
          "Actual Rows": 7,
          "Actual Loops": 1,
          "Workers Planned": 6,
          "Workers Launched": 6,
          "Single Copy": false,
          "Plans": [
            {
              "Node Type": "Aggregate",
              "Strategy": "Plain",
              "Partial Mode": "Partial",
              "Parent Relationship": "Outer",
              "Parallel Aware": false,
              "Startup Cost": 199110.1,
              "Total Cost": 199110.11,
              "Plan Rows": 1,
              "Plan Width": 8,
              "Actual Startup Time": 210.724,
              "Actual Total Time": 210.725,
              "Actual Rows": 1,
              "Actual Loops": 7,
              "Plans": [
                {
                  "Node Type": "Index Scan",
                  "Parent Relationship": "Outer",
                  "Parallel Aware": true,
                  "Scan Direction": "Forward",
                  "Index Name": "role_id_cast_info",
                  "Relation Name": "cast_info",
                  "Alias": "ci",
                  "Startup Cost": 0.56,
                  "Total Cost": 197877.72,
                  "Plan Rows": 492951,
                  "Plan Width": 0,
                  "Actual Startup Time": 15.44,
                  "Actual Total Time": 210.685,
                  "Actual Rows": 378,
                  "Actual Loops": 7,
                  "Index Cond": "(role_id = 2)",
                  "Rows Removed by Index Recheck": 0,
                  "Filter": "(person_id < 1434160)",
                  "Rows Removed by Filter": 1064189
                }
              ]
            }
          ]
        }
      ]
    },
    "Planning Time": 0.202,
    "Triggers": [],
    "Execution Time": 234.254
  }
]