[
  {
    "Plan": {
      "Node Type": "Aggregate",
      "Strategy": "Plain",
      "Partial Mode": "Finalize",
      "Parallel Aware": false,
      "Startup Cost": 33175.9,
      "Total Cost": 33175.91,
      "Plan Rows": 1,
      "Plan Width": 8,
      "Actual Startup Time": 93.511,
      "Actual Total Time": 101.428,
      "Actual Rows": 1,
      "Actual Loops": 1,
      "Plans": [
        {
          "Node Type": "Gather",
          "Parent Relationship": "Outer",
          "Parallel Aware": false,
          "Startup Cost": 33175.59,
          "Total Cost": 33175.9,
          "Plan Rows": 3,
          "Plan Width": 8,
          "Actual Startup Time": 93.408,
          "Actual Total Time": 101.421,
          "Actual Rows": 4,
          "Actual Loops": 1,
          "Workers Planned": 3,
          "Workers Launched": 3,
          "Single Copy": false,
          "Plans": [
            {
              "Node Type": "Aggregate",
              "Strategy": "Plain",
              "Partial Mode": "Partial",
              "Parent Relationship": "Outer",
              "Parallel Aware": false,
              "Startup Cost": 32175.59,
              "Total Cost": 32175.6,
              "Plan Rows": 1,
              "Plan Width": 8,
              "Actual Startup Time": 86.336,
              "Actual Total Time": 86.337,
              "Actual Rows": 1,
              "Actual Loops": 4,
              "Plans": [
                {
                  "Node Type": "Seq Scan",
                  "Parent Relationship": "Outer",
                  "Parallel Aware": true,
                  "Relation Name": "movie_companies",
                  "Alias": "mc",
                  "Startup Cost": 0.0,
                  "Total Cost": 31414.82,
                  "Plan Rows": 304307,
                  "Plan Width": 0,
                  "Actual Startup Time": 0.754,
                  "Actual Total Time": 77.087,
                  "Actual Rows": 195782,
                  "Actual Loops": 4,
                  "Filter": "((company_id > 1240) AND (company_type_id < 2))",
                  "Rows Removed by Filter": 456500
                }
              ]
            }
          ]
        }
      ]
    },
    "Planning Time": 0.178,
    "Triggers": [],
    "Execution Time": 101.477
  }
]