{
  "Plan": {
    "Node Type": "Aggregate",
    "Strategy": "Plain",
    "Partial Mode": "Finalize",
    "Parallel Aware": false,
    "Startup Cost": 259253.78,
    "Total Cost": 259253.79,
    "Plan Rows": 1,
    "Plan Width": 8,
    "Actual Startup Time": 569.858,
    "Actual Total Time": 589.383,
    "Actual Rows": 1,
    "Actual Loops": 1,
    "Plans": [
      {
        "Node Type": "Gather",
        "Parent Relationship": "Outer",
        "Parallel Aware": false,
        "Startup Cost": 259253.67,
        "Total Cost": 259253.78,
        "Plan Rows": 1,
        "Plan Width": 8,
        "Actual Startup Time": 568.521,
        "Actual Total Time": 589.376,
        "Actual Rows": 2,
        "Actual Loops": 1,
        "Workers Planned": 1,
        "Workers Launched": 1,
        "Single Copy": false,
        "Plans": [
          {
            "Node Type": "Aggregate",
            "Strategy": "Plain",
            "Partial Mode": "Partial",
            "Parent Relationship": "Outer",
            "Parallel Aware": false,
            "Startup Cost": 258253.67,
            "Total Cost": 258253.68,
            "Plan Rows": 1,
            "Plan Width": 8,
            "Actual Startup Time": 562.267,
            "Actual Total Time": 562.271,
            "Actual Rows": 1,
            "Actual Loops": 2,
            "Plans": [
              {
                "Node Type": "Nested Loop",
                "Parent Relationship": "Outer",
                "Parallel Aware": false,
                "Join Type": "Inner",
                "Startup Cost": 62611.75,
                "Total Cost": 257721.54,
                "Plan Rows": 212852,
                "Plan Width": 0,
                "Actual Startup Time": 224.893,
                "Actual Total Time": 558.226,
                "Actual Rows": 83996,
                "Actual Loops": 2,
                "Inner Unique": false,
                "Join Filter": "(t.id = mc.movie_id)",
                "Rows Removed by Join Filter": 0,
                "Plans": [
                  {
                    "Node Type": "Hash Join",
                    "Parent Relationship": "Outer",
                    "Parallel Aware": true,
                    "Join Type": "Inner",
                    "Startup Cost": 62611.32,
                    "Total Cost": 122667.64,
                    "Plan Rows": 206257,
                    "Plan Width": 8,
                    "Actual Startup Time": 224.773,
                    "Actual Total Time": 470.483,
                    "Actual Rows": 44288,
                    "Actual Loops": 2,
                    "Inner Unique": true,
                    "Hash Cond": "(mk.movie_id = t.id)",
                    "Plans": [
                      {
                        "Node Type": "Seq Scan",
                        "Parent Relationship": "Outer",
                        "Parallel Aware": true,
                        "Relation Name": "movie_keyword",
                        "Alias": "mk",
                        "Startup Cost": 0.0,
                        "Total Cost": 57718.19,
                        "Plan Rows": 890715,
                        "Plan Width": 4,
                        "Actual Startup Time": 0.969,
                        "Actual Total Time": 165.213,
                        "Actual Rows": 761153,
                        "Actual Loops": 2,
                        "Filter": "(keyword_id > 10568)",
                        "Rows Removed by Filter": 1500812
                      },
                      {
                        "Node Type": "Hash",
                        "Parent Relationship": "Inner",
                        "Parallel Aware": true,
                        "Startup Cost": 58306.47,
                        "Total Cost": 58306.47,
                        "Plan Rows": 344388,
                        "Plan Width": 4,
                        "Actual Startup Time": 214.952,
                        "Actual Total Time": 214.953,
                        "Actual Rows": 243184,
                        "Actual Loops": 2,
                        "Hash Buckets": 1048576,
                        "Original Hash Buckets": 1048576,
                        "Hash Batches": 1,
                        "Original Hash Batches": 1,
                        "Peak Memory Usage": 27264,
                        "Plans": [
                          {
                            "Node Type": "Seq Scan",
                            "Parent Relationship": "Outer",
                            "Parallel Aware": true,
                            "Relation Name": "title",
                            "Alias": "t",
                            "Startup Cost": 0.0,
                            "Total Cost": 58306.47,
                            "Plan Rows": 344388,
                            "Plan Width": 4,
                            "Actual Startup Time": 0.03,
                            "Actual Total Time": 149.201,
                            "Actual Rows": 243184,
                            "Actual Loops": 2,
                            "Filter": "((production_year < 1999) AND (kind_id = 7))",
                            "Rows Removed by Filter": 1020972
                          }
                        ]
                      }
                    ]
                  },
                  {
                    "Node Type": "Index Only Scan",
                    "Parent Relationship": "Inner",
                    "Parallel Aware": false,
                    "Scan Direction": "Forward",
                    "Index Name": "movie_id_movie_companies",
                    "Relation Name": "movie_companies",
                    "Alias": "mc",
                    "Startup Cost": 0.43,
                    "Total Cost": 0.59,
                    "Plan Rows": 5,
                    "Plan Width": 4,
                    "Actual Startup Time": 0.001,
                    "Actual Total Time": 0.002,
                    "Actual Rows": 2,
                    "Actual Loops": 88575,
                    "Index Cond": "(movie_id = mk.movie_id)",
                    "Rows Removed by Index Recheck": 0,
                    "Heap Fetches": 167991
                  }
                ]
              }
            ]
          }
        ]
      }
    ]
  },
  "Planning Time": 1.047,
  "Triggers": [],
  "Execution Time": 589.472
}