{
  "Plan": {
    "Node Type": "Aggregate",
    "Strategy": "Plain",
    "Partial Mode": "Finalize",
    "Parallel Aware": false,
    "Startup Cost": 296997.06,
    "Total Cost": 296997.07,
    "Plan Rows": 1,
    "Plan Width": 8,
    "Actual Startup Time": 1121.268,
    "Actual Total Time": 1149.118,
    "Actual Rows": 1,
    "Actual Loops": 1,
    "Plans": [
      {
        "Node Type": "Gather",
        "Parent Relationship": "Outer",
        "Parallel Aware": false,
        "Startup Cost": 296996.95,
        "Total Cost": 296997.06,
        "Plan Rows": 1,
        "Plan Width": 8,
        "Actual Startup Time": 1121.007,
        "Actual Total Time": 1149.109,
        "Actual Rows": 2,
        "Actual Loops": 1,
        "Workers Planned": 1,
        "Workers Launched": 1,
        "Single Copy": false,
        "Plans": [
          {
            "Node Type": "Aggregate",
            "Strategy": "Plain",
            "Partial Mode": "Partial",
            "Parent Relationship": "Outer",
            "Parallel Aware": false,
            "Startup Cost": 295996.95,
            "Total Cost": 295996.96,
            "Plan Rows": 1,
            "Plan Width": 8,
            "Actual Startup Time": 1115.178,
            "Actual Total Time": 1115.181,
            "Actual Rows": 1,
            "Actual Loops": 2,
            "Plans": [
              {
                "Node Type": "Hash Join",
                "Parent Relationship": "Outer",
                "Parallel Aware": true,
                "Join Type": "Inner",
                "Startup Cost": 58601.6,
                "Total Cost": 295825.36,
                "Plan Rows": 68636,
                "Plan Width": 0,
                "Actual Startup Time": 146.785,
                "Actual Total Time": 1112.001,
                "Actual Rows": 59740,
                "Actual Loops": 2,
                "Inner Unique": true,
                "Hash Cond": "(ci.movie_id = t.id)",
                "Plans": [
                  {
                    "Node Type": "Index Scan",
                    "Parent Relationship": "Outer",
                    "Parallel Aware": true,
                    "Scan Direction": "Forward",
                    "Index Name": "role_id_cast_info",
                    "Relation Name": "cast_info",
                    "Alias": "ci",
                    "Startup Cost": 0.56,
                    "Total Cost": 225853.5,
                    "Plan Rows": 4331734,
                    "Plan Width": 4,
                    "Actual Startup Time": 0.06,
                    "Actual Total Time": 547.791,
                    "Actual Rows": 3725986,
                    "Actual Loops": 2,
                    "Index Cond": "(role_id = 2)",
                    "Rows Removed by Index Recheck": 0
                  },
                  {
                    "Node Type": "Hash",
                    "Parent Relationship": "Inner",
                    "Parallel Aware": true,
                    "Startup Cost": 58306.47,
                    "Total Cost": 58306.47,
                    "Plan Rows": 23565,
                    "Plan Width": 4,
                    "Actual Startup Time": 145.241,
                    "Actual Total Time": 145.242,
                    "Actual Rows": 20060,
                    "Actual Loops": 2,
                    "Hash Buckets": 65536,
                    "Original Hash Buckets": 65536,
                    "Hash Batches": 1,
                    "Original Hash Batches": 1,
                    "Peak Memory Usage": 2112,
                    "Plans": [
                      {
                        "Node Type": "Seq Scan",
                        "Parent Relationship": "Outer",
                        "Parallel Aware": true,
                        "Relation Name": "title",
                        "Alias": "t",
                        "Startup Cost": 0.0,
                        "Total Cost": 58306.47,
                        "Plan Rows": 23565,
                        "Plan Width": 4,
                        "Actual Startup Time": 0.054,
                        "Actual Total Time": 138.606,
                        "Actual Rows": 20060,
                        "Actual Loops": 2,
                        "Filter": "((kind_id > 6) AND (production_year = 2013))",
                        "Rows Removed by Filter": 1244096
                      }
                    ]
                  }
                ]
              }
            ]
          }
        ]
      }
    ]
  },
  "Planning Time": 0.475,
  "Triggers": [],
  "Execution Time": 1149.25
}