{
  "Plan": {
    "Node Type": "Aggregate",
    "Strategy": "Plain",
    "Partial Mode": "Finalize",
    "Parallel Aware": false,
    "Startup Cost": 652972.87,
    "Total Cost": 652972.88,
    "Plan Rows": 1,
    "Plan Width": 8,
    "Actual Startup Time": 1938.409,
    "Actual Total Time": 1976.374,
    "Actual Rows": 1,
    "Actual Loops": 1,
    "Plans": [
      {
        "Node Type": "Gather",
        "Parent Relationship": "Outer",
        "Parallel Aware": false,
        "Startup Cost": 652972.76,
        "Total Cost": 652972.87,
        "Plan Rows": 1,
        "Plan Width": 8,
        "Actual Startup Time": 1934.844,
        "Actual Total Time": 1976.366,
        "Actual Rows": 2,
        "Actual Loops": 1,
        "Workers Planned": 1,
        "Workers Launched": 1,
        "Single Copy": false,
        "Plans": [
          {
            "Node Type": "Aggregate",
            "Strategy": "Plain",
            "Partial Mode": "Partial",
            "Parent Relationship": "Outer",
            "Parallel Aware": false,
            "Startup Cost": 651972.76,
            "Total Cost": 651972.77,
            "Plan Rows": 1,
            "Plan Width": 8,
            "Actual Startup Time": 1926.175,
            "Actual Total Time": 1926.179,
            "Actual Rows": 1,
            "Actual Loops": 2,
            "Plans": [
              {
                "Node Type": "Hash Join",
                "Parent Relationship": "Outer",
                "Parallel Aware": true,
                "Join Type": "Inner",
                "Startup Cost": 292116.99,
                "Total Cost": 645946.08,
                "Plan Rows": 2410671,
                "Plan Width": 0,
                "Actual Startup Time": 1184.753,
                "Actual Total Time": 1891.416,
                "Actual Rows": 836278,
                "Actual Loops": 2,
                "Inner Unique": true,
                "Hash Cond": "(ci.movie_id = t.id)",
                "Plans": [
                  {
                    "Node Type": "Bitmap Heap Scan",
                    "Parent Relationship": "Outer",
                    "Parallel Aware": true,
                    "Relation Name": "cast_info",
                    "Alias": "ci",
                    "Startup Cost": 226228.12,
                    "Total Cost": 569647.0,
                    "Plan Rows": 3965789,
                    "Plan Width": 4,
                    "Actual Startup Time": 812.298,
                    "Actual Total Time": 1057.911,
                    "Actual Rows": 1447153,
                    "Actual Loops": 2,
                    "Recheck Cond": "(person_id < 1015956)",
                    "Rows Removed by Index Recheck": 0,
                    "Filter": "(role_id > 1)",
                    "Rows Removed by Filter": 3721465,
                    "Exact Heap Blocks": 58780,
                    "Lossy Heap Blocks": 0,
                    "Plans": [
                      {
                        "Node Type": "Bitmap Index Scan",
                        "Parent Relationship": "Outer",
                        "Parallel Aware": false,
                        "Index Name": "person_id_cast_info",
                        "Startup Cost": 0.0,
                        "Total Cost": 224542.66,
                        "Plan Rows": 10282946,
                        "Plan Width": 0,
                        "Actual Startup Time": 444.151,
                        "Actual Total Time": 444.152,
                        "Actual Rows": 10337236,
                        "Actual Loops": 1,
                        "Index Cond": "(person_id < 1015956)"
                      }
                    ]
                  },
                  {
                    "Node Type": "Hash",
                    "Parent Relationship": "Inner",
                    "Parallel Aware": true,
                    "Startup Cost": 54588.39,
                    "Total Cost": 54588.39,
                    "Plan Rows": 904038,
                    "Plan Width": 4,
                    "Actual Startup Time": 357.675,
                    "Actual Total Time": 357.676,
                    "Actual Rows": 771632,
                    "Actual Loops": 2,
                    "Hash Buckets": 2097152,
                    "Original Hash Buckets": 2097152,
                    "Hash Batches": 1,
                    "Original Hash Batches": 1,
                    "Peak Memory Usage": 76800,
                    "Plans": [
                      {
                        "Node Type": "Seq Scan",
                        "Parent Relationship": "Outer",
                        "Parallel Aware": true,
                        "Relation Name": "title",
                        "Alias": "t",
                        "Startup Cost": 0.0,
                        "Total Cost": 54588.39,
                        "Plan Rows": 904038,
                        "Plan Width": 4,
                        "Actual Startup Time": 0.03,
                        "Actual Total Time": 163.9,
                        "Actual Rows": 771632,
                        "Actual Loops": 2,
                        "Filter": "(kind_id = 7)",
                        "Rows Removed by Filter": 492524
                      }
                    ]
                  }
                ]
              }
            ]
          }
        ]
      }
    ]
  },
  "Planning Time": 0.727,
  "Triggers": [],
  "Execution Time": 1976.511
}