[
  {
    "Plan": {
      "Node Type": "Aggregate",
      "Strategy": "Plain",
      "Partial Mode": "Finalize",
      "Parallel Aware": false,
      "Startup Cost": 337520.23,
      "Total Cost": 337520.24,
      "Plan Rows": 1,
      "Plan Width": 8,
      "Actual Startup Time": 718.976,
      "Actual Total Time": 780.052,
      "Actual Rows": 1,
      "Actual Loops": 1,
      "Plans": [
        {
          "Node Type": "Gather",
          "Parent Relationship": "Outer",
          "Parallel Aware": false,
          "Startup Cost": 337519.61,
          "Total Cost": 337520.22,
          "Plan Rows": 6,
          "Plan Width": 8,
          "Actual Startup Time": 718.863,
          "Actual Total Time": 780.04,
          "Actual Rows": 7,
          "Actual Loops": 1,
          "Workers Planned": 6,
          "Workers Launched": 6,
          "Single Copy": false,
          "Plans": [
            {
              "Node Type": "Aggregate",
              "Strategy": "Plain",
              "Partial Mode": "Partial",
              "Parent Relationship": "Outer",
              "Parallel Aware": false,
              "Startup Cost": 336519.61,
              "Total Cost": 336519.62,
              "Plan Rows": 1,
              "Plan Width": 8,
              "Actual Startup Time": 710.229,
              "Actual Total Time": 710.23,
              "Actual Rows": 1,
              "Actual Loops": 7,
              "Plans": [
                {
                  "Node Type": "Seq Scan",
                  "Parent Relationship": "Outer",
                  "Parallel Aware": true,
                  "Relation Name": "cast_info",
                  "Alias": "ci",
                  "Startup Cost": 0.0,
                  "Total Cost": 328162.03,
                  "Plan Rows": 3343032,
                  "Plan Width": 0,
                  "Actual Startup Time": 0.053,
                  "Actual Total Time": 590.224,
                  "Actual Rows": 2872158,
                  "Actual Loops": 7,
                  "Filter": "(person_id < 2019219)",
                  "Rows Removed by Filter": 2305605
                }
              ]
            }
          ]
        }
      ]
    },
    "Planning Time": 0.207,
    "Triggers": [],
    "Execution Time": 780.131
  }
]