[
  {
    "Plan": {
      "Node Type": "Aggregate",
      "Strategy": "Plain",
      "Partial Mode": "Finalize",
      "Parallel Aware": false,
      "Startup Cost": 343249.02,
      "Total Cost": 343249.03,
      "Plan Rows": 1,
      "Plan Width": 8,
      "Actual Startup Time": 906.669,
      "Actual Total Time": 960.851,
      "Actual Rows": 1,
      "Actual Loops": 1,
      "Plans": [
        {
          "Node Type": "Gather",
          "Parent Relationship": "Outer",
          "Parallel Aware": false,
          "Startup Cost": 343248.39,
          "Total Cost": 343249.0,
          "Plan Rows": 6,
          "Plan Width": 8,
          "Actual Startup Time": 906.415,
          "Actual Total Time": 960.841,
          "Actual Rows": 7,
          "Actual Loops": 1,
          "Workers Planned": 6,
          "Workers Launched": 6,
          "Single Copy": false,
          "Plans": [
            {
              "Node Type": "Aggregate",
              "Strategy": "Plain",
              "Partial Mode": "Partial",
              "Parent Relationship": "Outer",
              "Parallel Aware": false,
              "Startup Cost": 342248.39,
              "Total Cost": 342248.4,
              "Plan Rows": 1,
              "Plan Width": 8,
              "Actual Startup Time": 898.945,
              "Actual Total Time": 898.947,
              "Actual Rows": 1,
              "Actual Loops": 7,
              "Plans": [
                {
                  "Node Type": "Seq Scan",
                  "Parent Relationship": "Outer",
                  "Parallel Aware": true,
                  "Relation Name": "cast_info",
                  "Alias": "ci",
                  "Startup Cost": 0.0,
                  "Total Cost": 328211.39,
                  "Plan Rows": 5614800,
                  "Plan Width": 0,
                  "Actual Startup Time": 40.235,
                  "Actual Total Time": 668.935,
                  "Actual Rows": 4797400,
                  "Actual Loops": 7,
                  "Filter": "(person_id > 255373)",
                  "Rows Removed by Filter": 380364
                }
              ]
            }
          ]
        }
      ]
    },
    "Planning Time": 0.102,
    "Triggers": [],
    "Execution Time": 960.899
  }
]