[
    {
        "Bao": {
            "Bao prediction": "NaN",
            "Bao recommended hint": "(no hint)"
        }
    },
    {
        "Plan": {
            "Node Type": "Aggregate",
            "Strategy": "Plain",
            "Partial Mode": "Finalize",
            "Parallel Aware": false,
            "Startup Cost": 86509.29,
            "Total Cost": 86509.3,
            "Plan Rows": 1,
            "Plan Width": 8,
            "Actual Startup Time": 401.789,
            "Actual Total Time": 412.856,
            "Actual Rows": 1,
            "Actual Loops": 1,
            "Output": [
                "count(*)"
            ],
            "Plans": [
                {
                    "Node Type": "Gather",
                    "Parent Relationship": "Outer",
                    "Parallel Aware": false,
                    "Startup Cost": 86508.97,
                    "Total Cost": 86509.28,
                    "Plan Rows": 3,
                    "Plan Width": 8,
                    "Actual Startup Time": 394.959,
                    "Actual Total Time": 412.845,
                    "Actual Rows": 4,
                    "Actual Loops": 1,
                    "Output": [
                        "(PARTIAL count(*))"
                    ],
                    "Workers Planned": 3,
                    "Workers Launched": 3,
                    "Single Copy": false,
                    "Plans": [
                        {
                            "Node Type": "Aggregate",
                            "Strategy": "Plain",
                            "Partial Mode": "Partial",
                            "Parent Relationship": "Outer",
                            "Parallel Aware": false,
                            "Startup Cost": 85508.97,
                            "Total Cost": 85508.98,
                            "Plan Rows": 1,
                            "Plan Width": 8,
                            "Actual Startup Time": 385.63,
                            "Actual Total Time": 385.842,
                            "Actual Rows": 1,
                            "Actual Loops": 4,
                            "Output": [
                                "PARTIAL count(*)"
                            ],
                            "Workers": [
                                {
                                    "Worker Number": 0,
                                    "Actual Startup Time": 383.503,
                                    "Actual Total Time": 383.506,
                                    "Actual Rows": 1,
                                    "Actual Loops": 1
                                },
                                {
                                    "Worker Number": 1,
                                    "Actual Startup Time": 382.285,
                                    "Actual Total Time": 382.289,
                                    "Actual Rows": 1,
                                    "Actual Loops": 1
                                },
                                {
                                    "Worker Number": 2,
                                    "Actual Startup Time": 382.481,
                                    "Actual Total Time": 382.484,
                                    "Actual Rows": 1,
                                    "Actual Loops": 1
                                }
                            ],
                            "Plans": [
                                {
                                    "Node Type": "Hash Join",
                                    "Parent Relationship": "Outer",
                                    "Parallel Aware": true,
                                    "Join Type": "Inner",
                                    "Startup Cost": 58589.84,
                                    "Total Cost": 85361.93,
                                    "Plan Rows": 58815,
                                    "Plan Width": 0,
                                    "Actual Startup Time": 288.903,
                                    "Actual Total Time": 384.951,
                                    "Actual Rows": 9808,
                                    "Actual Loops": 4,
                                    "Inner Unique": true,
                                    "Hash Cond": "(mk.movie_id = t.id)",
                                    "Workers": [
                                        {
                                            "Worker Number": 0,
                                            "Actual Startup Time": 285.936,
                                            "Actual Total Time": 382.63,
                                            "Actual Rows": 7065,
                                            "Actual Loops": 1
                                        },
                                        {
                                            "Worker Number": 1,
                                            "Actual Startup Time": 285.623,
                                            "Actual Total Time": 381.477,
                                            "Actual Rows": 16799,
                                            "Actual Loops": 1
                                        },
                                        {
                                            "Worker Number": 2,
                                            "Actual Startup Time": 286.134,
                                            "Actual Total Time": 381.591,
                                            "Actual Rows": 6913,
                                            "Actual Loops": 1
                                        }
                                    ],
                                    "Plans": [
                                        {
                                            "Node Type": "Bitmap Heap Scan",
                                            "Parent Relationship": "Outer",
                                            "Parallel Aware": true,
                                            "Relation Name": "movie_keyword",
                                            "Schema": "public",
                                            "Alias": "mk",
                                            "Startup Cost": 10078.57,
                                            "Total Cost": 36448.35,
                                            "Plan Rows": 153263,
                                            "Plan Width": 4,
                                            "Actual Startup Time": 40.866,
                                            "Actual Total Time": 100.578,
                                            "Actual Rows": 118136,
                                            "Actual Loops": 4,
                                            "Output": [
                                                "mk.id",
                                                "mk.movie_id",
                                                "mk.keyword_id"
                                            ],
                                            "Recheck Cond": "(mk.keyword_id < 359)",
                                            "Rows Removed by Index Recheck": 0,
                                            "Exact Heap Blocks": 7259,
                                            "Lossy Heap Blocks": 0,
                                            "Workers": [
                                                {
                                                    "Worker Number": 0,
                                                    "Actual Startup Time": 40.848,
                                                    "Actual Total Time": 103.75,
                                                    "Actual Rows": 82738,
                                                    "Actual Loops": 1
                                                },
                                                {
                                                    "Worker Number": 1,
                                                    "Actual Startup Time": 40.694,
                                                    "Actual Total Time": 101.182,
                                                    "Actual Rows": 140596,
                                                    "Actual Loops": 1
                                                },
                                                {
                                                    "Worker Number": 2,
                                                    "Actual Startup Time": 40.995,
                                                    "Actual Total Time": 102.128,
                                                    "Actual Rows": 110056,
                                                    "Actual Loops": 1
                                                }
                                            ],
                                            "Plans": [
                                                {
                                                    "Node Type": "Bitmap Index Scan",
                                                    "Parent Relationship": "Outer",
                                                    "Parallel Aware": false,
                                                    "Index Name": "keyword_id_movie_keyword",
                                                    "Startup Cost": 0.0,
                                                    "Total Cost": 9959.79,
                                                    "Plan Rows": 475114,
                                                    "Plan Width": 0,
                                                    "Actual Startup Time": 37.141,
                                                    "Actual Total Time": 37.142,
                                                    "Actual Rows": 472545,
                                                    "Actual Loops": 1,
                                                    "Index Cond": "(mk.keyword_id < 359)",
                                                    "Workers": [
                                                        {
                                                            "Worker Number": 1,
                                                            "Actual Startup Time": 37.141,
                                                            "Actual Total Time": 37.142,
                                                            "Actual Rows": 472545,
                                                            "Actual Loops": 1
                                                        }
                                                    ]
                                                }
                                            ]
                                        },
                                        {
                                            "Node Type": "Hash",
                                            "Parent Relationship": "Inner",
                                            "Parallel Aware": true,
                                            "Startup Cost": 45479.21,
                                            "Total Cost": 45479.21,
                                            "Plan Rows": 242565,
                                            "Plan Width": 4,
                                            "Actual Startup Time": 242.824,
                                            "Actual Total Time": 242.825,
                                            "Actual Rows": 268623,
                                            "Actual Loops": 4,
                                            "Output": [
                                                "t.id"
                                            ],
                                            "Hash Buckets": 2097152,
                                            "Original Hash Buckets": 1048576,
                                            "Hash Batches": 1,
                                            "Original Hash Batches": 1,
                                            "Peak Memory Usage": 66688,
                                            "Workers": [
                                                {
                                                    "Worker Number": 0,
                                                    "Actual Startup Time": 244.667,
                                                    "Actual Total Time": 244.668,
                                                    "Actual Rows": 195411,
                                                    "Actual Loops": 1
                                                },
                                                {
                                                    "Worker Number": 1,
                                                    "Actual Startup Time": 244.484,
                                                    "Actual Total Time": 244.485,
                                                    "Actual Rows": 266854,
                                                    "Actual Loops": 1
                                                },
                                                {
                                                    "Worker Number": 2,
                                                    "Actual Startup Time": 244.698,
                                                    "Actual Total Time": 244.699,
                                                    "Actual Rows": 268403,
                                                    "Actual Loops": 1
                                                }
                                            ],
                                            "Plans": [
                                                {
                                                    "Node Type": "Seq Scan",
                                                    "Parent Relationship": "Outer",
                                                    "Parallel Aware": true,
                                                    "Relation Name": "title",
                                                    "Schema": "public",
                                                    "Alias": "t",
                                                    "Startup Cost": 0.0,
                                                    "Total Cost": 45479.21,
                                                    "Plan Rows": 242565,
                                                    "Plan Width": 4,
                                                    "Actual Startup Time": 0.037,
                                                    "Actual Total Time": 107.912,
                                                    "Actual Rows": 268623,
                                                    "Actual Loops": 4,
                                                    "Output": [
                                                        "t.id"
                                                    ],
                                                    "Filter": "((t.production_year > 1995) AND (t.kind_id = 7))",
                                                    "Rows Removed by Filter": 363455,
                                                    "Workers": [
                                                        {
                                                            "Worker Number": 0,
                                                            "Actual Startup Time": 0.046,
                                                            "Actual Total Time": 112.033,
                                                            "Actual Rows": 195411,
                                                            "Actual Loops": 1
                                                        },
                                                        {
                                                            "Worker Number": 1,
                                                            "Actual Startup Time": 0.042,
                                                            "Actual Total Time": 106.926,
                                                            "Actual Rows": 266854,
                                                            "Actual Loops": 1
                                                        },
                                                        {
                                                            "Worker Number": 2,
                                                            "Actual Startup Time": 0.034,
                                                            "Actual Total Time": 110.508,
                                                            "Actual Rows": 268403,
                                                            "Actual Loops": 1
                                                        }
                                                    ]
                                                }
                                            ]
                                        }
                                    ]
                                }
                            ]
                        }
                    ]
                }
            ]
        },
        "Planning Time": 201.138,
        "Triggers": [],
        "Execution Time": 412.995
    }
]