[
  {
    "Plan": {
      "Node Type": "Aggregate",
      "Strategy": "Plain",
      "Partial Mode": "Finalize",
      "Parallel Aware": false,
      "Startup Cost": 331623.99,
      "Total Cost": 331624.0,
      "Plan Rows": 1,
      "Plan Width": 8,
      "Actual Startup Time": 644.404,
      "Actual Total Time": 690.171,
      "Actual Rows": 1,
      "Actual Loops": 1,
      "Plans": [
        {
          "Node Type": "Gather",
          "Parent Relationship": "Outer",
          "Parallel Aware": false,
          "Startup Cost": 331623.36,
          "Total Cost": 331623.97,
          "Plan Rows": 6,
          "Plan Width": 8,
          "Actual Startup Time": 644.175,
          "Actual Total Time": 690.146,
          "Actual Rows": 7,
          "Actual Loops": 1,
          "Workers Planned": 6,
          "Workers Launched": 6,
          "Single Copy": false,
          "Plans": [
            {
              "Node Type": "Aggregate",
              "Strategy": "Plain",
              "Partial Mode": "Partial",
              "Parent Relationship": "Outer",
              "Parallel Aware": false,
              "Startup Cost": 330623.36,
              "Total Cost": 330623.37,
              "Plan Rows": 1,
              "Plan Width": 8,
              "Actual Startup Time": 635.93,
              "Actual Total Time": 635.932,
              "Actual Rows": 1,
              "Actual Loops": 7,
              "Plans": [
                {
                  "Node Type": "Seq Scan",
                  "Parent Relationship": "Outer",
                  "Parallel Aware": true,
                  "Relation Name": "cast_info",
                  "Alias": "ci",
                  "Startup Cost": 0.0,
                  "Total Cost": 328211.39,
                  "Plan Rows": 964789,
                  "Plan Width": 0,
                  "Actual Startup Time": 0.057,
                  "Actual Total Time": 592.09,
                  "Actual Rows": 855112,
                  "Actual Loops": 7,
                  "Filter": "(person_id < 579345)",
                  "Rows Removed by Filter": 4322652
                }
              ]
            }
          ]
        }
      ]
    },
    "Planning Time": 0.211,
    "Triggers": [],
    "Execution Time": 690.243
  }
]