[
  {
    "Plan": {
      "Node Type": "Aggregate",
      "Strategy": "Plain",
      "Partial Mode": "Finalize",
      "Parallel Aware": false,
      "Startup Cost": 73390.67,
      "Total Cost": 73390.68,
      "Plan Rows": 1,
      "Plan Width": 8,
      "Actual Startup Time": 163.684,
      "Actual Total Time": 184.118,
      "Actual Rows": 1,
      "Actual Loops": 1,
      "Plans": [
        {
          "Node Type": "Gather",
          "Parent Relationship": "Outer",
          "Parallel Aware": false,
          "Startup Cost": 73390.35,
          "Total Cost": 73390.66,
          "Plan Rows": 3,
          "Plan Width": 8,
          "Actual Startup Time": 163.261,
          "Actual Total Time": 184.111,
          "Actual Rows": 4,
          "Actual Loops": 1,
          "Workers Planned": 3,
          "Workers Launched": 3,
          "Single Copy": false,
          "Plans": [
            {
              "Node Type": "Aggregate",
              "Strategy": "Plain",
              "Partial Mode": "Partial",
              "Parent Relationship": "Outer",
              "Parallel Aware": false,
              "Startup Cost": 72390.35,
              "Total Cost": 72390.36,
              "Plan Rows": 1,
              "Plan Width": 8,
              "Actual Startup Time": 154.116,
              "Actual Total Time": 154.12,
              "Actual Rows": 1,
              "Actual Loops": 4,
              "Plans": [
                {
                  "Node Type": "Hash Join",
                  "Parent Relationship": "Outer",
                  "Parallel Aware": true,
                  "Join Type": "Inner",
                  "Startup Cost": 47492.19,
                  "Total Cost": 72389.57,
                  "Plan Rows": 313,
                  "Plan Width": 0,
                  "Actual Startup Time": 117.453,
                  "Actual Total Time": 154.073,
                  "Actual Rows": 336,
                  "Actual Loops": 4,
                  "Inner Unique": true,
                  "Hash Cond": "(mk.movie_id = t.id)",
                  "Plans": [
                    {
                      "Node Type": "Bitmap Heap Scan",
                      "Parent Relationship": "Outer",
                      "Parallel Aware": true,
                      "Relation Name": "movie_keyword",
                      "Alias": "mk",
                      "Startup Cost": 1928.71,
                      "Total Cost": 26749.15,
                      "Plan Rows": 29315,
                      "Plan Width": 4,
                      "Actual Startup Time": 9.66,
                      "Actual Total Time": 42.391,
                      "Actual Rows": 22217,
                      "Actual Loops": 4,
                      "Recheck Cond": "(keyword_id > 85207)",
                      "Rows Removed by Index Recheck": 0,
                      "Exact Heap Blocks": 8139,
                      "Lossy Heap Blocks": 0,
                      "Plans": [
                        {
                          "Node Type": "Bitmap Index Scan",
                          "Parent Relationship": "Outer",
                          "Parallel Aware": false,
                          "Index Name": "keyword_id_movie_keyword",
                          "Startup Cost": 0.0,
                          "Total Cost": 1905.99,
                          "Plan Rows": 90875,
                          "Plan Width": 0,
                          "Actual Startup Time": 7.144,
                          "Actual Total Time": 7.144,
                          "Actual Rows": 88867,
                          "Actual Loops": 1,
                          "Index Cond": "(keyword_id > 85207)"
                        }
                      ]
                    },
                    {
                      "Node Type": "Hash",
                      "Parent Relationship": "Inner",
                      "Parallel Aware": true,
                      "Startup Cost": 45479.1,
                      "Total Cost": 45479.1,
                      "Plan Rows": 6750,
                      "Plan Width": 4,
                      "Actual Startup Time": 106.299,
                      "Actual Total Time": 106.3,
                      "Actual Rows": 6771,
                      "Actual Loops": 4,
                      "Hash Buckets": 32768,
                      "Original Hash Buckets": 32768,
                      "Hash Batches": 1,
                      "Original Hash Batches": 1,
                      "Peak Memory Usage": 1344,
                      "Plans": [
                        {
                          "Node Type": "Seq Scan",
                          "Parent Relationship": "Outer",
                          "Parallel Aware": true,
                          "Relation Name": "title",
                          "Alias": "t",
                          "Startup Cost": 0.0,
                          "Total Cost": 45479.1,
                          "Plan Rows": 6750,
                          "Plan Width": 4,
                          "Actual Startup Time": 0.367,
                          "Actual Total Time": 103.18,
                          "Actual Rows": 6771,
                          "Actual Loops": 4,
                          "Filter": "((kind_id < 7) AND (production_year > 2012))",
                          "Rows Removed by Filter": 625307
                        }
                      ]
                    }
                  ]
                }
              ]
            }
          ]
        }
      ]
    },
    "Planning Time": 0.638,
    "Triggers": [],
    "Execution Time": 184.208
  }
]