{
  "Plan": {
    "Node Type": "Aggregate",
    "Strategy": "Plain",
    "Partial Mode": "Finalize",
    "Parallel Aware": false,
    "Startup Cost": 115135.07,
    "Total Cost": 115135.08,
    "Plan Rows": 1,
    "Plan Width": 8,
    "Actual Startup Time": 718.167,
    "Actual Total Time": 735.036,
    "Actual Rows": 1,
    "Actual Loops": 1,
    "Plans": [
      {
        "Node Type": "Gather",
        "Parent Relationship": "Outer",
        "Parallel Aware": false,
        "Startup Cost": 115134.96,
        "Total Cost": 115135.07,
        "Plan Rows": 1,
        "Plan Width": 8,
        "Actual Startup Time": 715.181,
        "Actual Total Time": 735.03,
        "Actual Rows": 2,
        "Actual Loops": 1,
        "Workers Planned": 1,
        "Workers Launched": 1,
        "Single Copy": false,
        "Plans": [
          {
            "Node Type": "Aggregate",
            "Strategy": "Plain",
            "Partial Mode": "Partial",
            "Parent Relationship": "Outer",
            "Parallel Aware": false,
            "Startup Cost": 114134.96,
            "Total Cost": 114134.97,
            "Plan Rows": 1,
            "Plan Width": 8,
            "Actual Startup Time": 702.651,
            "Actual Total Time": 702.655,
            "Actual Rows": 1,
            "Actual Loops": 2,
            "Plans": [
              {
                "Node Type": "Hash Join",
                "Parent Relationship": "Outer",
                "Parallel Aware": true,
                "Join Type": "Inner",
                "Startup Cost": 83043.07,
                "Total Cost": 113193.41,
                "Plan Rows": 376618,
                "Plan Width": 0,
                "Actual Startup Time": 547.453,
                "Actual Total Time": 689.288,
                "Actual Rows": 310664,
                "Actual Loops": 2,
                "Inner Unique": true,
                "Hash Cond": "(mk.movie_id = t.id)",
                "Plans": [
                  {
                    "Node Type": "Bitmap Heap Scan",
                    "Parent Relationship": "Outer",
                    "Parallel Aware": true,
                    "Relation Name": "movie_keyword",
                    "Alias": "mk",
                    "Startup Cost": 13582.37,
                    "Total Cost": 42744.09,
                    "Plan Rows": 376618,
                    "Plan Width": 4,
                    "Actual Startup Time": 34.258,
                    "Actual Total Time": 100.657,
                    "Actual Rows": 310664,
                    "Actual Loops": 2,
                    "Recheck Cond": "(keyword_id > 29352)",
                    "Rows Removed by Index Recheck": 0,
                    "Exact Heap Blocks": 12988,
                    "Lossy Heap Blocks": 0,
                    "Plans": [
                      {
                        "Node Type": "Bitmap Index Scan",
                        "Parent Relationship": "Outer",
                        "Parallel Aware": false,
                        "Index Name": "keyword_id_movie_keyword",
                        "Startup Cost": 0.0,
                        "Total Cost": 13422.31,
                        "Plan Rows": 640250,
                        "Plan Width": 0,
                        "Actual Startup Time": 30.852,
                        "Actual Total Time": 30.852,
                        "Actual Rows": 621327,
                        "Actual Loops": 1,
                        "Index Cond": "(keyword_id > 29352)"
                      }
                    ]
                  },
                  {
                    "Node Type": "Hash",
                    "Parent Relationship": "Inner",
                    "Parallel Aware": true,
                    "Startup Cost": 50870.31,
                    "Total Cost": 50870.31,
                    "Plan Rows": 1487231,
                    "Plan Width": 4,
                    "Actual Startup Time": 491.431,
                    "Actual Total Time": 491.432,
                    "Actual Rows": 1264156,
                    "Actual Loops": 2,
                    "Hash Buckets": 4194304,
                    "Original Hash Buckets": 4194304,
                    "Hash Batches": 1,
                    "Original Hash Batches": 1,
                    "Peak Memory Usage": 131680,
                    "Plans": [
                      {
                        "Node Type": "Seq Scan",
                        "Parent Relationship": "Outer",
                        "Parallel Aware": true,
                        "Relation Name": "title",
                        "Alias": "t",
                        "Startup Cost": 0.0,
                        "Total Cost": 50870.31,
                        "Plan Rows": 1487231,
                        "Plan Width": 4,
                        "Actual Startup Time": 0.019,
                        "Actual Total Time": 143.311,
                        "Actual Rows": 1264156,
                        "Actual Loops": 2
                      }
                    ]
                  }
                ]
              }
            ]
          }
        ]
      }
    ]
  },
  "Planning Time": 0.699,
  "Triggers": [],
  "Execution Time": 735.126
}