{
  "Plan": {
    "Node Type": "Aggregate",
    "Strategy": "Plain",
    "Partial Mode": "Finalize",
    "Parallel Aware": false,
    "Startup Cost": 32834.92,
    "Total Cost": 32834.93,
    "Plan Rows": 1,
    "Plan Width": 8,
    "Actual Startup Time": 36.248,
    "Actual Total Time": 41.046,
    "Actual Rows": 1,
    "Actual Loops": 1,
    "Plans": [
      {
        "Node Type": "Gather",
        "Parent Relationship": "Outer",
        "Parallel Aware": false,
        "Startup Cost": 32834.81,
        "Total Cost": 32834.92,
        "Plan Rows": 1,
        "Plan Width": 8,
        "Actual Startup Time": 36.135,
        "Actual Total Time": 41.04,
        "Actual Rows": 2,
        "Actual Loops": 1,
        "Workers Planned": 1,
        "Workers Launched": 1,
        "Single Copy": false,
        "Plans": [
          {
            "Node Type": "Aggregate",
            "Strategy": "Plain",
            "Partial Mode": "Partial",
            "Parent Relationship": "Outer",
            "Parallel Aware": false,
            "Startup Cost": 31834.81,
            "Total Cost": 31834.82,
            "Plan Rows": 1,
            "Plan Width": 8,
            "Actual Startup Time": 31.95,
            "Actual Total Time": 31.952,
            "Actual Rows": 1,
            "Actual Loops": 2,
            "Plans": [
              {
                "Node Type": "Nested Loop",
                "Parent Relationship": "Outer",
                "Parallel Aware": false,
                "Join Type": "Inner",
                "Startup Cost": 172.53,
                "Total Cost": 31833.93,
                "Plan Rows": 351,
                "Plan Width": 0,
                "Actual Startup Time": 13.723,
                "Actual Total Time": 31.941,
                "Actual Rows": 7,
                "Actual Loops": 2,
                "Inner Unique": true,
                "Plans": [
                  {
                    "Node Type": "Bitmap Heap Scan",
                    "Parent Relationship": "Outer",
                    "Parallel Aware": true,
                    "Relation Name": "movie_companies",
                    "Alias": "mc",
                    "Startup Cost": 172.1,
                    "Total Cost": 14742.27,
                    "Plan Rows": 2266,
                    "Plan Width": 4,
                    "Actual Startup Time": 2.883,
                    "Actual Total Time": 13.158,
                    "Actual Rows": 2188,
                    "Actual Loops": 2,
                    "Recheck Cond": "(company_id = 159)",
                    "Rows Removed by Index Recheck": 0,
                    "Filter": "(company_type_id < 2)",
                    "Rows Removed by Filter": 1592,
                    "Exact Heap Blocks": 3919,
                    "Lossy Heap Blocks": 0,
                    "Plans": [
                      {
                        "Node Type": "Bitmap Index Scan",
                        "Parent Relationship": "Outer",
                        "Parallel Aware": false,
                        "Index Name": "company_id_movie_companies",
                        "Startup Cost": 0.0,
                        "Total Cost": 171.13,
                        "Plan Rows": 7827,
                        "Plan Width": 0,
                        "Actual Startup Time": 3.603,
                        "Actual Total Time": 3.603,
                        "Actual Rows": 7560,
                        "Actual Loops": 1,
                        "Index Cond": "(company_id = 159)"
                      }
                    ]
                  },
                  {
                    "Node Type": "Index Scan",
                    "Parent Relationship": "Inner",
                    "Parallel Aware": false,
                    "Scan Direction": "Forward",
                    "Index Name": "title_pkey",
                    "Relation Name": "title",
                    "Alias": "t",
                    "Startup Cost": 0.43,
                    "Total Cost": 7.54,
                    "Plan Rows": 1,
                    "Plan Width": 4,
                    "Actual Startup Time": 0.008,
                    "Actual Total Time": 0.008,
                    "Actual Rows": 0,
                    "Actual Loops": 4375,
                    "Index Cond": "(id = mc.movie_id)",
                    "Rows Removed by Index Recheck": 0,
                    "Filter": "(production_year > 2010)",
                    "Rows Removed by Filter": 1
                  }
                ]
              }
            ]
          }
        ]
      }
    ]
  },
  "Planning Time": 0.401,
  "Triggers": [],
  "Execution Time": 41.12
}