{
  "Plan": {
    "Node Type": "Aggregate",
    "Strategy": "Plain",
    "Partial Mode": "Simple",
    "Parallel Aware": false,
    "Startup Cost": 280588.98,
    "Total Cost": 280588.99,
    "Plan Rows": 1,
    "Plan Width": 96,
    "Actual Startup Time": 340.583,
    "Actual Total Time": 357.487,
    "Actual Rows": 1,
    "Actual Loops": 1,
    "Plans": [
      {
        "Node Type": "Gather",
        "Parent Relationship": "Outer",
        "Parallel Aware": false,
        "Startup Cost": 4633.93,
        "Total Cost": 280588.97,
        "Plan Rows": 1,
        "Plan Width": 48,
        "Actual Startup Time": 83.999,
        "Actual Total Time": 357.457,
        "Actual Rows": 36,
        "Actual Loops": 1,
        "Workers Planned": 1,
        "Workers Launched": 1,
        "Single Copy": false,
        "Plans": [
          {
            "Node Type": "Nested Loop",
            "Parent Relationship": "Outer",
            "Parallel Aware": false,
            "Join Type": "Inner",
            "Startup Cost": 3633.93,
            "Total Cost": 279588.87,
            "Plan Rows": 1,
            "Plan Width": 48,
            "Actual Startup Time": 74.203,
            "Actual Total Time": 333.683,
            "Actual Rows": 18,
            "Actual Loops": 2,
            "Inner Unique": true,
            "Plans": [
              {
                "Node Type": "Hash Join",
                "Parent Relationship": "Outer",
                "Parallel Aware": false,
                "Join Type": "Inner",
                "Startup Cost": 3633.5,
                "Total Cost": 279588.42,
                "Plan Rows": 1,
                "Plan Width": 39,
                "Actual Startup Time": 74.15,
                "Actual Total Time": 333.32,
                "Actual Rows": 56,
                "Actual Loops": 2,
                "Inner Unique": true,
                "Hash Cond": "(mk.keyword_id = k.id)",
                "Plans": [
                  {
                    "Node Type": "Nested Loop",
                    "Parent Relationship": "Outer",
                    "Parallel Aware": false,
                    "Join Type": "Inner",
                    "Startup Cost": 1.0,
                    "Total Cost": 275931.71,
                    "Plan Rows": 9222,
                    "Plan Width": 27,
                    "Actual Startup Time": 46.641,
                    "Actual Total Time": 305.449,
                    "Actual Rows": 5033,
                    "Actual Loops": 2,
                    "Inner Unique": false,
                    "Plans": [
                      {
                        "Node Type": "Nested Loop",
                        "Parent Relationship": "Outer",
                        "Parallel Aware": false,
                        "Join Type": "Inner",
                        "Startup Cost": 0.56,
                        "Total Cost": 272236.36,
                        "Plan Rows": 2136,
                        "Plan Width": 19,
                        "Actual Startup Time": 46.569,
                        "Actual Total Time": 302.078,
                        "Actual Rows": 243,
                        "Actual Loops": 2,
                        "Inner Unique": false,
                        "Plans": [
                          {
                            "Node Type": "Seq Scan",
                            "Parent Relationship": "Outer",
                            "Parallel Aware": true,
                            "Relation Name": "name",
                            "Alias": "n",
                            "Startup Cost": 0.0,
                            "Total Cost": 86256.12,
                            "Plan Rows": 245,
                            "Plan Width": 19,
                            "Actual Startup Time": 46.478,
                            "Actual Total Time": 301.844,
                            "Actual Rows": 1,
                            "Actual Loops": 2,
                            "Filter": "(name ~~ '%Downey%Robert%'::text)",
                            "Rows Removed by Filter": 2083744
                          },
                          {
                            "Node Type": "Index Scan",
                            "Parent Relationship": "Inner",
                            "Parallel Aware": false,
                            "Scan Direction": "Forward",
                            "Index Name": "person_id_cast_info",
                            "Relation Name": "cast_info",
                            "Alias": "ci",
                            "Startup Cost": 0.56,
                            "Total Cost": 754.07,
                            "Plan Rows": 503,
                            "Plan Width": 8,
                            "Actual Startup Time": 0.084,
                            "Actual Total Time": 0.189,
                            "Actual Rows": 243,
                            "Actual Loops": 2,
                            "Index Cond": "(person_id = n.id)",
                            "Rows Removed by Index Recheck": 0
                          }
                        ]
                      },
                      {
                        "Node Type": "Index Scan",
                        "Parent Relationship": "Inner",
                        "Parallel Aware": false,
                        "Scan Direction": "Forward",
                        "Index Name": "movie_id_movie_keyword",
                        "Relation Name": "movie_keyword",
                        "Alias": "mk",
                        "Startup Cost": 0.43,
                        "Total Cost": 1.26,
                        "Plan Rows": 47,
                        "Plan Width": 8,
                        "Actual Startup Time": 0.008,
                        "Actual Total Time": 0.011,
                        "Actual Rows": 21,
                        "Actual Loops": 486,
                        "Index Cond": "(movie_id = ci.movie_id)",
                        "Rows Removed by Index Recheck": 0
                      }
                    ]
                  },
                  {
                    "Node Type": "Hash",
                    "Parent Relationship": "Inner",
                    "Parallel Aware": false,
                    "Startup Cost": 3632.4,
                    "Total Cost": 3632.4,
                    "Plan Rows": 8,
                    "Plan Width": 20,
                    "Actual Startup Time": 27.358,
                    "Actual Total Time": 27.359,
                    "Actual Rows": 8,
                    "Actual Loops": 2,
                    "Hash Buckets": 1024,
                    "Original Hash Buckets": 1024,
                    "Hash Batches": 1,
                    "Original Hash Batches": 1,
                    "Peak Memory Usage": 9,
                    "Plans": [
                      {
                        "Node Type": "Seq Scan",
                        "Parent Relationship": "Outer",
                        "Parallel Aware": false,
                        "Relation Name": "keyword",
                        "Alias": "k",
                        "Startup Cost": 0.0,
                        "Total Cost": 3632.4,
                        "Plan Rows": 8,
                        "Plan Width": 20,
                        "Actual Startup Time": 0.117,
                        "Actual Total Time": 27.347,
                        "Actual Rows": 8,
                        "Actual Loops": 2,
                        "Filter": "(keyword = ANY ('{superhero,sequel,second-part,marvel-comics,based-on-comic,tv-special,fight,violence}'::text[]))",
                        "Rows Removed by Filter": 134162
                      }
                    ]
                  }
                ]
              },
              {
                "Node Type": "Index Scan",
                "Parent Relationship": "Inner",
                "Parallel Aware": false,
                "Scan Direction": "Forward",
                "Index Name": "title_pkey",
                "Relation Name": "title",
                "Alias": "t",
                "Startup Cost": 0.43,
                "Total Cost": 0.45,
                "Plan Rows": 1,
                "Plan Width": 21,
                "Actual Startup Time": 0.006,
                "Actual Total Time": 0.006,
                "Actual Rows": 0,
                "Actual Loops": 112,
                "Index Cond": "(id = ci.movie_id)",
                "Rows Removed by Index Recheck": 0,
                "Filter": "(production_year < 2006)",
                "Rows Removed by Filter": 1
              }
            ]
          }
        ]
      }
    ]
  },
  "Planning Time": 1.803,
  "Triggers": [],
  "Execution Time": 357.604
}