{
  "Plan": {
    "Node Type": "Aggregate",
    "Strategy": "Plain",
    "Partial Mode": "Finalize",
    "Parallel Aware": false,
    "Startup Cost": 396593.39,
    "Total Cost": 396593.4,
    "Plan Rows": 1,
    "Plan Width": 8,
    "Actual Startup Time": 2266.851,
    "Actual Total Time": 2320.97,
    "Actual Rows": 1,
    "Actual Loops": 1,
    "Plans": [
      {
        "Node Type": "Gather",
        "Parent Relationship": "Outer",
        "Parallel Aware": false,
        "Startup Cost": 396593.28,
        "Total Cost": 396593.39,
        "Plan Rows": 1,
        "Plan Width": 8,
        "Actual Startup Time": 2264.499,
        "Actual Total Time": 2320.96,
        "Actual Rows": 2,
        "Actual Loops": 1,
        "Workers Planned": 1,
        "Workers Launched": 1,
        "Single Copy": false,
        "Plans": [
          {
            "Node Type": "Aggregate",
            "Strategy": "Plain",
            "Partial Mode": "Partial",
            "Parent Relationship": "Outer",
            "Parallel Aware": false,
            "Startup Cost": 395593.28,
            "Total Cost": 395593.29,
            "Plan Rows": 1,
            "Plan Width": 8,
            "Actual Startup Time": 2258.788,
            "Actual Total Time": 2259.089,
            "Actual Rows": 1,
            "Actual Loops": 2,
            "Plans": [
              {
                "Node Type": "Hash Join",
                "Parent Relationship": "Outer",
                "Parallel Aware": true,
                "Join Type": "Inner",
                "Startup Cost": 105082.74,
                "Total Cost": 392925.84,
                "Plan Rows": 1066976,
                "Plan Width": 0,
                "Actual Startup Time": 507.74,
                "Actual Total Time": 2176.315,
                "Actual Rows": 1909130,
                "Actual Loops": 2,
                "Inner Unique": false,
                "Hash Cond": "(mi.movie_id = t.id)",
                "Plans": [
                  {
                    "Node Type": "Seq Scan",
                    "Parent Relationship": "Outer",
                    "Parallel Aware": true,
                    "Relation Name": "movie_info",
                    "Alias": "mi",
                    "Startup Cost": 0.0,
                    "Total Cost": 248955.74,
                    "Plan Rows": 8696274,
                    "Plan Width": 4,
                    "Actual Startup Time": 0.016,
                    "Actual Total Time": 630.66,
                    "Actual Rows": 7417860,
                    "Actual Loops": 2
                  },
                  {
                    "Node Type": "Hash",
                    "Parent Relationship": "Inner",
                    "Parallel Aware": true,
                    "Startup Cost": 102801.81,
                    "Total Cost": 102801.81,
                    "Plan Rows": 182474,
                    "Plan Width": 8,
                    "Actual Startup Time": 501.699,
                    "Actual Total Time": 501.998,
                    "Actual Rows": 172576,
                    "Actual Loops": 2,
                    "Hash Buckets": 524288,
                    "Original Hash Buckets": 524288,
                    "Hash Batches": 1,
                    "Original Hash Batches": 1,
                    "Peak Memory Usage": 17632,
                    "Plans": [
                      {
                        "Node Type": "Hash Join",
                        "Parent Relationship": "Outer",
                        "Parallel Aware": true,
                        "Join Type": "Inner",
                        "Startup Cost": 62880.08,
                        "Total Cost": 102801.81,
                        "Plan Rows": 182474,
                        "Plan Width": 8,
                        "Actual Startup Time": 230.018,
                        "Actual Total Time": 461.789,
                        "Actual Rows": 172576,
                        "Actual Loops": 2,
                        "Inner Unique": true,
                        "Hash Cond": "(mc.movie_id = t.id)",
                        "Plans": [
                          {
                            "Node Type": "Seq Scan",
                            "Parent Relationship": "Outer",
                            "Parallel Aware": true,
                            "Relation Name": "movie_companies",
                            "Alias": "mc",
                            "Startup Cost": 0.0,
                            "Total Cost": 37974.77,
                            "Plan Rows": 741699,
                            "Plan Width": 4,
                            "Actual Startup Time": 0.014,
                            "Actual Total Time": 112.069,
                            "Actual Rows": 626652,
                            "Actual Loops": 2,
                            "Filter": "(company_id < 11156)",
                            "Rows Removed by Filter": 677912
                          },
                          {
                            "Node Type": "Hash",
                            "Parent Relationship": "Inner",
                            "Parallel Aware": true,
                            "Startup Cost": 58306.47,
                            "Total Cost": 58306.47,
                            "Plan Rows": 365889,
                            "Plan Width": 4,
                            "Actual Startup Time": 223.146,
                            "Actual Total Time": 223.146,
                            "Actual Rows": 250964,
                            "Actual Loops": 2,
                            "Hash Buckets": 1048576,
                            "Original Hash Buckets": 1048576,
                            "Hash Batches": 1,
                            "Original Hash Batches": 1,
                            "Peak Memory Usage": 27872,
                            "Plans": [
                              {
                                "Node Type": "Seq Scan",
                                "Parent Relationship": "Outer",
                                "Parallel Aware": true,
                                "Relation Name": "title",
                                "Alias": "t",
                                "Startup Cost": 0.0,
                                "Total Cost": 58306.47,
                                "Plan Rows": 365889,
                                "Plan Width": 4,
                                "Actual Startup Time": 0.032,
                                "Actual Total Time": 151.88,
                                "Actual Rows": 250964,
                                "Actual Loops": 2,
                                "Filter": "((kind_id > 1) AND (production_year < 1996))",
                                "Rows Removed by Filter": 1013192
                              }
                            ]
                          }
                        ]
                      }
                    ]
                  }
                ]
              }
            ]
          }
        ]
      }
    ]
  },
  "Planning Time": 1.025,
  "Triggers": [],
  "Execution Time": 2321.063
}