[
  {
    "Plan": {
      "Node Type": "Aggregate",
      "Strategy": "Plain",
      "Partial Mode": "Finalize",
      "Parallel Aware": false,
      "Startup Cost": 230209.05,
      "Total Cost": 230209.06,
      "Plan Rows": 1,
      "Plan Width": 8,
      "Actual Startup Time": 1385.972,
      "Actual Total Time": 1487.849,
      "Actual Rows": 1,
      "Actual Loops": 1,
      "Plans": [
        {
          "Node Type": "Gather",
          "Parent Relationship": "Outer",
          "Parallel Aware": false,
          "Startup Cost": 230208.63,
          "Total Cost": 230209.04,
          "Plan Rows": 4,
          "Plan Width": 8,
          "Actual Startup Time": 1384.227,
          "Actual Total Time": 1487.839,
          "Actual Rows": 5,
          "Actual Loops": 1,
          "Workers Planned": 4,
          "Workers Launched": 4,
          "Single Copy": false,
          "Plans": [
            {
              "Node Type": "Aggregate",
              "Strategy": "Plain",
              "Partial Mode": "Partial",
              "Parent Relationship": "Outer",
              "Parallel Aware": false,
              "Startup Cost": 229208.63,
              "Total Cost": 229208.64,
              "Plan Rows": 1,
              "Plan Width": 8,
              "Actual Startup Time": 1373.726,
              "Actual Total Time": 1373.73,
              "Actual Rows": 1,
              "Actual Loops": 5,
              "Plans": [
                {
                  "Node Type": "Nested Loop",
                  "Parent Relationship": "Outer",
                  "Parallel Aware": false,
                  "Join Type": "Inner",
                  "Startup Cost": 32632.87,
                  "Total Cost": 228613.05,
                  "Plan Rows": 238234,
                  "Plan Width": 0,
                  "Actual Startup Time": 81.266,
                  "Actual Total Time": 1362.116,
                  "Actual Rows": 219192,
                  "Actual Loops": 5,
                  "Inner Unique": false,
                  "Plans": [
                    {
                      "Node Type": "Hash Join",
                      "Parent Relationship": "Outer",
                      "Parallel Aware": true,
                      "Join Type": "Inner",
                      "Startup Cost": 32632.31,
                      "Total Cost": 78354.9,
                      "Plan Rows": 75484,
                      "Plan Width": 8,
                      "Actual Startup Time": 80.911,
                      "Actual Total Time": 274.861,
                      "Actual Rows": 32506,
                      "Actual Loops": 5,
                      "Inner Unique": false,
                      "Hash Cond": "(t.id = mc.movie_id)",
                      "Plans": [
                        {
                          "Node Type": "Seq Scan",
                          "Parent Relationship": "Outer",
                          "Parallel Aware": true,
                          "Relation Name": "title",
                          "Alias": "t",
                          "Startup Cost": 0.0,
                          "Total Cost": 42318.73,
                          "Plan Rows": 632073,
                          "Plan Width": 4,
                          "Actual Startup Time": 0.012,
                          "Actual Total Time": 60.675,
                          "Actual Rows": 505662,
                          "Actual Loops": 5
                        },
                        {
                          "Node Type": "Hash",
                          "Parent Relationship": "Inner",
                          "Parallel Aware": true,
                          "Startup Cost": 31414.82,
                          "Total Cost": 31414.82,
                          "Plan Rows": 97399,
                          "Plan Width": 4,
                          "Actual Startup Time": 78.048,
                          "Actual Total Time": 78.049,
                          "Actual Rows": 32506,
                          "Actual Loops": 5,
                          "Hash Buckets": 524288,
                          "Original Hash Buckets": 524288,
                          "Hash Batches": 1,
                          "Original Hash Batches": 1,
                          "Peak Memory Usage": 10528,
                          "Plans": [
                            {
                              "Node Type": "Seq Scan",
                              "Parent Relationship": "Outer",
                              "Parallel Aware": true,
                              "Relation Name": "movie_companies",
                              "Alias": "mc",
                              "Startup Cost": 0.0,
                              "Total Cost": 31414.82,
                              "Plan Rows": 97399,
                              "Plan Width": 4,
                              "Actual Startup Time": 42.265,
                              "Actual Total Time": 66.341,
                              "Actual Rows": 32506,
                              "Actual Loops": 5,
                              "Filter": "((company_id < 677) AND (company_type_id = 2))",
                              "Rows Removed by Filter": 489320
                            }
                          ]
                        }
                      ]
                    },
                    {
                      "Node Type": "Index Scan",
                      "Parent Relationship": "Inner",
                      "Parallel Aware": false,
                      "Scan Direction": "Forward",
                      "Index Name": "movie_id_cast_info",
                      "Relation Name": "cast_info",
                      "Alias": "ci",
                      "Startup Cost": 0.56,
                      "Total Cost": 1.91,
                      "Plan Rows": 8,
                      "Plan Width": 4,
                      "Actual Startup Time": 0.023,
                      "Actual Total Time": 0.033,
                      "Actual Rows": 7,
                      "Actual Loops": 162531,
                      "Index Cond": "(movie_id = t.id)",
                      "Rows Removed by Index Recheck": 0,
                      "Filter": "(person_id > 2888288)",
                      "Rows Removed by Filter": 18
                    }
                  ]
                }
              ]
            }
          ]
        }
      ]
    },
    "Planning Time": 1.373,
    "Triggers": [],
    "Execution Time": 1487.954
  }
]