[
  {
    "Plan": {
      "Node Type": "Aggregate",
      "Strategy": "Plain",
      "Partial Mode": "Finalize",
      "Parallel Aware": false,
      "Startup Cost": 84825.8,
      "Total Cost": 84825.81,
      "Plan Rows": 1,
      "Plan Width": 8,
      "Actual Startup Time": 221.733,
      "Actual Total Time": 239.529,
      "Actual Rows": 1,
      "Actual Loops": 1,
      "Plans": [
        {
          "Node Type": "Gather",
          "Parent Relationship": "Outer",
          "Parallel Aware": false,
          "Startup Cost": 84825.48,
          "Total Cost": 84825.79,
          "Plan Rows": 3,
          "Plan Width": 8,
          "Actual Startup Time": 218.232,
          "Actual Total Time": 239.522,
          "Actual Rows": 4,
          "Actual Loops": 1,
          "Workers Planned": 3,
          "Workers Launched": 3,
          "Single Copy": false,
          "Plans": [
            {
              "Node Type": "Aggregate",
              "Strategy": "Plain",
              "Partial Mode": "Partial",
              "Parent Relationship": "Outer",
              "Parallel Aware": false,
              "Startup Cost": 83825.48,
              "Total Cost": 83825.49,
              "Plan Rows": 1,
              "Plan Width": 8,
              "Actual Startup Time": 213.097,
              "Actual Total Time": 213.101,
              "Actual Rows": 1,
              "Actual Loops": 4,
              "Plans": [
                {
                  "Node Type": "Nested Loop",
                  "Parent Relationship": "Outer",
                  "Parallel Aware": false,
                  "Join Type": "Inner",
                  "Startup Cost": 48434.24,
                  "Total Cost": 83791.47,
                  "Plan Rows": 13603,
                  "Plan Width": 0,
                  "Actual Startup Time": 180.953,
                  "Actual Total Time": 212.711,
                  "Actual Rows": 5244,
                  "Actual Loops": 4,
                  "Inner Unique": false,
                  "Plans": [
                    {
                      "Node Type": "Hash Join",
                      "Parent Relationship": "Outer",
                      "Parallel Aware": true,
                      "Join Type": "Inner",
                      "Startup Cost": 48433.81,
                      "Total Cost": 73946.41,
                      "Plan Rows": 3489,
                      "Plan Width": 8,
                      "Actual Startup Time": 180.82,
                      "Actual Total Time": 197.822,
                      "Actual Rows": 416,
                      "Actual Loops": 4,
                      "Inner Unique": true,
                      "Hash Cond": "(mk.movie_id = t.id)",
                      "Plans": [
                        {
                          "Node Type": "Bitmap Heap Scan",
                          "Parent Relationship": "Outer",
                          "Parallel Aware": true,
                          "Relation Name": "movie_keyword",
                          "Alias": "mk",
                          "Startup Cost": 870.24,
                          "Total Cost": 26348.12,
                          "Plan Rows": 13228,
                          "Plan Width": 4,
                          "Actual Startup Time": 7.334,
                          "Actual Total Time": 19.568,
                          "Actual Rows": 10697,
                          "Actual Loops": 4,
                          "Recheck Cond": "(keyword_id > 103183)",
                          "Rows Removed by Index Recheck": 0,
                          "Exact Heap Blocks": 5467,
                          "Lossy Heap Blocks": 0,
                          "Plans": [
                            {
                              "Node Type": "Bitmap Index Scan",
                              "Parent Relationship": "Outer",
                              "Parallel Aware": false,
                              "Index Name": "keyword_id_movie_keyword",
                              "Startup Cost": 0.0,
                              "Total Cost": 859.99,
                              "Plan Rows": 41008,
                              "Plan Width": 0,
                              "Actual Startup Time": 4.901,
                              "Actual Total Time": 4.902,
                              "Actual Rows": 42787,
                              "Actual Loops": 1,
                              "Index Cond": "(keyword_id > 103183)"
                            }
                          ]
                        },
                        {
                          "Node Type": "Hash",
                          "Parent Relationship": "Inner",
                          "Parallel Aware": true,
                          "Startup Cost": 45479.59,
                          "Total Cost": 45479.59,
                          "Plan Rows": 166718,
                          "Plan Width": 4,
                          "Actual Startup Time": 169.894,
                          "Actual Total Time": 169.895,
                          "Actual Rows": 176082,
                          "Actual Loops": 4,
                          "Hash Buckets": 1048576,
                          "Original Hash Buckets": 1048576,
                          "Hash Batches": 1,
                          "Original Hash Batches": 1,
                          "Peak Memory Usage": 35776,
                          "Plans": [
                            {
                              "Node Type": "Seq Scan",
                              "Parent Relationship": "Outer",
                              "Parallel Aware": true,
                              "Relation Name": "title",
                              "Alias": "t",
                              "Startup Cost": 0.0,
                              "Total Cost": 45479.59,
                              "Plan Rows": 166718,
                              "Plan Width": 4,
                              "Actual Startup Time": 0.021,
                              "Actual Total Time": 102.96,
                              "Actual Rows": 176082,
                              "Actual Loops": 4,
                              "Filter": "((kind_id > 1) AND (production_year > 2006))",
                              "Rows Removed by Filter": 455996
                            }
                          ]
                        }
                      ]
                    },
                    {
                      "Node Type": "Index Scan",
                      "Parent Relationship": "Inner",
                      "Parallel Aware": false,
                      "Scan Direction": "Forward",
                      "Index Name": "movie_id_movie_info",
                      "Relation Name": "movie_info",
                      "Alias": "mi",
                      "Startup Cost": 0.43,
                      "Total Cost": 2.55,
                      "Plan Rows": 27,
                      "Plan Width": 4,
                      "Actual Startup Time": 0.013,
                      "Actual Total Time": 0.034,
                      "Actual Rows": 13,
                      "Actual Loops": 1663,
                      "Index Cond": "(movie_id = t.id)",
                      "Rows Removed by Index Recheck": 0,
                      "Filter": "(info_type_id > 4)",
                      "Rows Removed by Filter": 5
                    }
                  ]
                }
              ]
            }
          ]
        }
      ]
    },
    "Planning Time": 0.678,
    "Triggers": [],
    "Execution Time": 239.587
  }
]