[
  {
    "Plan": {
      "Node Type": "Aggregate",
      "Strategy": "Plain",
      "Partial Mode": "Finalize",
      "Parallel Aware": false,
      "Startup Cost": 430835.39,
      "Total Cost": 430835.4,
      "Plan Rows": 1,
      "Plan Width": 8,
      "Actual Startup Time": 2504.307,
      "Actual Total Time": 2570.137,
      "Actual Rows": 1,
      "Actual Loops": 1,
      "Plans": [
        {
          "Node Type": "Gather",
          "Parent Relationship": "Outer",
          "Parallel Aware": false,
          "Startup Cost": 430834.77,
          "Total Cost": 430835.38,
          "Plan Rows": 6,
          "Plan Width": 8,
          "Actual Startup Time": 2498.73,
          "Actual Total Time": 2570.127,
          "Actual Rows": 7,
          "Actual Loops": 1,
          "Workers Planned": 6,
          "Workers Launched": 6,
          "Single Copy": false,
          "Plans": [
            {
              "Node Type": "Aggregate",
              "Strategy": "Plain",
              "Partial Mode": "Partial",
              "Parent Relationship": "Outer",
              "Parallel Aware": false,
              "Startup Cost": 429834.77,
              "Total Cost": 429834.78,
              "Plan Rows": 1,
              "Plan Width": 8,
              "Actual Startup Time": 2486.98,
              "Actual Total Time": 2486.992,
              "Actual Rows": 1,
              "Actual Loops": 7,
              "Plans": [
                {
                  "Node Type": "Hash Join",
                  "Parent Relationship": "Outer",
                  "Parallel Aware": true,
                  "Join Type": "Inner",
                  "Startup Cost": 83788.07,
                  "Total Cost": 424666.18,
                  "Plan Rows": 2067437,
                  "Plan Width": 0,
                  "Actual Startup Time": 327.853,
                  "Actual Total Time": 2302.855,
                  "Actual Rows": 3638159,
                  "Actual Loops": 7,
                  "Inner Unique": false,
                  "Hash Cond": "(ci.movie_id = t.id)",
                  "Plans": [
                    {
                      "Node Type": "Seq Scan",
                      "Parent Relationship": "Outer",
                      "Parallel Aware": true,
                      "Relation Name": "cast_info",
                      "Alias": "ci",
                      "Startup Cost": 0.0,
                      "Total Cost": 313067.02,
                      "Plan Rows": 6038002,
                      "Plan Width": 4,
                      "Actual Startup Time": 0.027,
                      "Actual Total Time": 591.568,
                      "Actual Rows": 5177763,
                      "Actual Loops": 7
                    },
                    {
                      "Node Type": "Hash",
                      "Parent Relationship": "Inner",
                      "Parallel Aware": true,
                      "Startup Cost": 81082.77,
                      "Total Cost": 81082.77,
                      "Plan Rows": 216424,
                      "Plan Width": 8,
                      "Actual Startup Time": 324.353,
                      "Actual Total Time": 324.364,
                      "Actual Rows": 96664,
                      "Actual Loops": 7,
                      "Hash Buckets": 1048576,
                      "Original Hash Buckets": 1048576,
                      "Hash Batches": 1,
                      "Original Hash Batches": 1,
                      "Peak Memory Usage": 34784,
                      "Plans": [
                        {
                          "Node Type": "Hash Join",
                          "Parent Relationship": "Outer",
                          "Parallel Aware": true,
                          "Join Type": "Inner",
                          "Startup Cost": 34905.53,
                          "Total Cost": 81082.77,
                          "Plan Rows": 216424,
                          "Plan Width": 8,
                          "Actual Startup Time": 114.48,
                          "Actual Total Time": 282.805,
                          "Actual Rows": 96664,
                          "Actual Loops": 7,
                          "Inner Unique": false,
                          "Hash Cond": "(t.id = mc.movie_id)",
                          "Plans": [
                            {
                              "Node Type": "Seq Scan",
                              "Parent Relationship": "Outer",
                              "Parallel Aware": true,
                              "Relation Name": "title",
                              "Alias": "t",
                              "Startup Cost": 0.0,
                              "Total Cost": 42318.73,
                              "Plan Rows": 632073,
                              "Plan Width": 4,
                              "Actual Startup Time": 0.018,
                              "Actual Total Time": 62.654,
                              "Actual Rows": 361187,
                              "Actual Loops": 7
                            },
                            {
                              "Node Type": "Hash",
                              "Parent Relationship": "Inner",
                              "Parallel Aware": true,
                              "Startup Cost": 31414.82,
                              "Total Cost": 31414.82,
                              "Plan Rows": 279257,
                              "Plan Width": 4,
                              "Actual Startup Time": 112.371,
                              "Actual Total Time": 112.372,
                              "Actual Rows": 96664,
                              "Actual Loops": 7,
                              "Hash Buckets": 1048576,
                              "Original Hash Buckets": 1048576,
                              "Hash Batches": 1,
                              "Original Hash Batches": 1,
                              "Peak Memory Usage": 34784,
                              "Plans": [
                                {
                                  "Node Type": "Seq Scan",
                                  "Parent Relationship": "Outer",
                                  "Parallel Aware": true,
                                  "Relation Name": "movie_companies",
                                  "Alias": "mc",
                                  "Startup Cost": 0.0,
                                  "Total Cost": 31414.82,
                                  "Plan Rows": 279257,
                                  "Plan Width": 4,
                                  "Actual Startup Time": 1.411,
                                  "Actual Total Time": 63.192,
                                  "Actual Rows": 96664,
                                  "Actual Loops": 7,
                                  "Filter": "((company_id > 2281) AND (company_type_id = 1))",
                                  "Rows Removed by Filter": 276068
                                }
                              ]
                            }
                          ]
                        }
                      ]
                    }
                  ]
                }
              ]
            }
          ]
        }
      ]
    },
    "Planning Time": 1.381,
    "Triggers": [],
    "Execution Time": 2570.257
  }
]