{
  "Plan": {
    "Node Type": "Aggregate",
    "Strategy": "Plain",
    "Partial Mode": "Finalize",
    "Parallel Aware": false,
    "Startup Cost": 662659.73,
    "Total Cost": 662659.74,
    "Plan Rows": 1,
    "Plan Width": 8,
    "Actual Startup Time": 2398.002,
    "Actual Total Time": 2428.08,
    "Actual Rows": 1,
    "Actual Loops": 1,
    "Plans": [
      {
        "Node Type": "Gather",
        "Parent Relationship": "Outer",
        "Parallel Aware": false,
        "Startup Cost": 662659.62,
        "Total Cost": 662659.73,
        "Plan Rows": 1,
        "Plan Width": 8,
        "Actual Startup Time": 2392.074,
        "Actual Total Time": 2428.07,
        "Actual Rows": 2,
        "Actual Loops": 1,
        "Workers Planned": 1,
        "Workers Launched": 1,
        "Single Copy": false,
        "Plans": [
          {
            "Node Type": "Aggregate",
            "Strategy": "Plain",
            "Partial Mode": "Partial",
            "Parent Relationship": "Outer",
            "Parallel Aware": false,
            "Startup Cost": 661659.62,
            "Total Cost": 661659.63,
            "Plan Rows": 1,
            "Plan Width": 8,
            "Actual Startup Time": 2384.135,
            "Actual Total Time": 2384.139,
            "Actual Rows": 1,
            "Actual Loops": 2,
            "Plans": [
              {
                "Node Type": "Hash Join",
                "Parent Relationship": "Outer",
                "Parallel Aware": true,
                "Join Type": "Inner",
                "Startup Cost": 295543.46,
                "Total Cost": 650517.76,
                "Plan Rows": 4456744,
                "Plan Width": 0,
                "Actual Startup Time": 960.262,
                "Actual Total Time": 2308.116,
                "Actual Rows": 1825252,
                "Actual Loops": 2,
                "Inner Unique": true,
                "Hash Cond": "(ci.movie_id = t.id)",
                "Plans": [
                  {
                    "Node Type": "Bitmap Heap Scan",
                    "Parent Relationship": "Outer",
                    "Parallel Aware": true,
                    "Relation Name": "cast_info",
                    "Alias": "ci",
                    "Startup Cost": 226082.76,
                    "Total Cost": 569358.09,
                    "Plan Rows": 4456744,
                    "Plan Width": 4,
                    "Actual Startup Time": 426.706,
                    "Actual Total Time": 986.335,
                    "Actual Rows": 1825252,
                    "Actual Loops": 2,
                    "Recheck Cond": "(person_id > 2697615)",
                    "Rows Removed by Index Recheck": 0,
                    "Filter": "(role_id < 5)",
                    "Rows Removed by Filter": 3263933,
                    "Exact Heap Blocks": 58335,
                    "Lossy Heap Blocks": 0,
                    "Plans": [
                      {
                        "Node Type": "Bitmap Index Scan",
                        "Parent Relationship": "Outer",
                        "Parallel Aware": false,
                        "Index Name": "person_id_cast_info",
                        "Startup Cost": 0.0,
                        "Total Cost": 224188.64,
                        "Plan Rows": 10266677,
                        "Plan Width": 0,
                        "Actual Startup Time": 405.19,
                        "Actual Total Time": 405.191,
                        "Actual Rows": 10178369,
                        "Actual Loops": 1,
                        "Index Cond": "(person_id > 2697615)"
                      }
                    ]
                  },
                  {
                    "Node Type": "Hash",
                    "Parent Relationship": "Inner",
                    "Parallel Aware": true,
                    "Startup Cost": 50870.31,
                    "Total Cost": 50870.31,
                    "Plan Rows": 1487231,
                    "Plan Width": 4,
                    "Actual Startup Time": 516.496,
                    "Actual Total Time": 516.497,
                    "Actual Rows": 1264156,
                    "Actual Loops": 2,
                    "Hash Buckets": 4194304,
                    "Original Hash Buckets": 4194304,
                    "Hash Batches": 1,
                    "Original Hash Batches": 1,
                    "Peak Memory Usage": 131712,
                    "Plans": [
                      {
                        "Node Type": "Seq Scan",
                        "Parent Relationship": "Outer",
                        "Parallel Aware": true,
                        "Relation Name": "title",
                        "Alias": "t",
                        "Startup Cost": 0.0,
                        "Total Cost": 50870.31,
                        "Plan Rows": 1487231,
                        "Plan Width": 4,
                        "Actual Startup Time": 0.024,
                        "Actual Total Time": 149.233,
                        "Actual Rows": 1264156,
                        "Actual Loops": 2
                      }
                    ]
                  }
                ]
              }
            ]
          }
        ]
      }
    ]
  },
  "Planning Time": 0.298,
  "Triggers": [],
  "Execution Time": 2428.13
}