{
  "Plan": {
    "Node Type": "Aggregate",
    "Strategy": "Plain",
    "Partial Mode": "Finalize",
    "Parallel Aware": false,
    "Startup Cost": 199429.23,
    "Total Cost": 199429.24,
    "Plan Rows": 1,
    "Plan Width": 8,
    "Actual Startup Time": 139.226,
    "Actual Total Time": 149.28,
    "Actual Rows": 1,
    "Actual Loops": 1,
    "Plans": [
      {
        "Node Type": "Gather",
        "Parent Relationship": "Outer",
        "Parallel Aware": false,
        "Startup Cost": 199429.11,
        "Total Cost": 199429.22,
        "Plan Rows": 1,
        "Plan Width": 8,
        "Actual Startup Time": 139.095,
        "Actual Total Time": 149.274,
        "Actual Rows": 2,
        "Actual Loops": 1,
        "Workers Planned": 1,
        "Workers Launched": 1,
        "Single Copy": false,
        "Plans": [
          {
            "Node Type": "Aggregate",
            "Strategy": "Plain",
            "Partial Mode": "Partial",
            "Parent Relationship": "Outer",
            "Parallel Aware": false,
            "Startup Cost": 198429.11,
            "Total Cost": 198429.12,
            "Plan Rows": 1,
            "Plan Width": 8,
            "Actual Startup Time": 136.046,
            "Actual Total Time": 136.047,
            "Actual Rows": 1,
            "Actual Loops": 2,
            "Plans": [
              {
                "Node Type": "Nested Loop",
                "Parent Relationship": "Outer",
                "Parallel Aware": false,
                "Join Type": "Inner",
                "Startup Cost": 0.56,
                "Total Cost": 198422.52,
                "Plan Rows": 2636,
                "Plan Width": 0,
                "Actual Startup Time": 16.638,
                "Actual Total Time": 136.039,
                "Actual Rows": 4,
                "Actual Loops": 2,
                "Inner Unique": false,
                "Plans": [
                  {
                    "Node Type": "Seq Scan",
                    "Parent Relationship": "Outer",
                    "Parallel Aware": true,
                    "Relation Name": "title",
                    "Alias": "t",
                    "Startup Cost": 0.0,
                    "Total Cost": 58306.47,
                    "Plan Rows": 1025,
                    "Plan Width": 4,
                    "Actual Startup Time": 0.928,
                    "Actual Total Time": 132.866,
                    "Actual Rows": 68,
                    "Actual Loops": 2,
                    "Filter": "((kind_id = 7) AND (production_year = 2014))",
                    "Rows Removed by Filter": 1264088
                  },
                  {
                    "Node Type": "Index Scan",
                    "Parent Relationship": "Inner",
                    "Parallel Aware": false,
                    "Scan Direction": "Forward",
                    "Index Name": "movie_id_cast_info",
                    "Relation Name": "cast_info",
                    "Alias": "ci",
                    "Startup Cost": 0.56,
                    "Total Cost": 136.63,
                    "Plan Rows": 7,
                    "Plan Width": 4,
                    "Actual Startup Time": 0.044,
                    "Actual Total Time": 0.045,
                    "Actual Rows": 0,
                    "Actual Loops": 137,
                    "Index Cond": "(movie_id = t.id)",
                    "Rows Removed by Index Recheck": 0,
                    "Filter": "((person_id > 1721090) AND (role_id = 1))",
                    "Rows Removed by Filter": 10
                  }
                ]
              }
            ]
          }
        ]
      }
    ]
  },
  "Planning Time": 0.277,
  "Triggers": [],
  "Execution Time": 149.328
}