[
  {
    "Plan": {
      "Node Type": "Aggregate",
      "Strategy": "Plain",
      "Partial Mode": "Finalize",
      "Parallel Aware": false,
      "Startup Cost": 30933.26,
      "Total Cost": 30933.27,
      "Plan Rows": 1,
      "Plan Width": 8,
      "Actual Startup Time": 83.225,
      "Actual Total Time": 90.609,
      "Actual Rows": 1,
      "Actual Loops": 1,
      "Plans": [
        {
          "Node Type": "Gather",
          "Parent Relationship": "Outer",
          "Parallel Aware": false,
          "Startup Cost": 30932.94,
          "Total Cost": 30933.25,
          "Plan Rows": 3,
          "Plan Width": 8,
          "Actual Startup Time": 83.102,
          "Actual Total Time": 90.603,
          "Actual Rows": 4,
          "Actual Loops": 1,
          "Workers Planned": 3,
          "Workers Launched": 3,
          "Single Copy": false,
          "Plans": [
            {
              "Node Type": "Aggregate",
              "Strategy": "Plain",
              "Partial Mode": "Partial",
              "Parent Relationship": "Outer",
              "Parallel Aware": false,
              "Startup Cost": 29932.94,
              "Total Cost": 29932.95,
              "Plan Rows": 1,
              "Plan Width": 8,
              "Actual Startup Time": 78.257,
              "Actual Total Time": 78.258,
              "Actual Rows": 1,
              "Actual Loops": 4,
              "Plans": [
                {
                  "Node Type": "Seq Scan",
                  "Parent Relationship": "Outer",
                  "Parallel Aware": true,
                  "Relation Name": "movie_companies",
                  "Alias": "mc",
                  "Startup Cost": 0.0,
                  "Total Cost": 29310.68,
                  "Plan Rows": 248903,
                  "Plan Width": 0,
                  "Actual Startup Time": 17.308,
                  "Actual Total Time": 69.416,
                  "Actual Rows": 190988,
                  "Actual Loops": 4,
                  "Filter": "(company_id > 34875)",
                  "Rows Removed by Filter": 461294
                }
              ]
            }
          ]
        }
      ]
    },
    "Planning Time": 0.089,
    "Triggers": [],
    "Execution Time": 90.634
  }
]