[
  {
    "Plan": {
      "Node Type": "Aggregate",
      "Strategy": "Plain",
      "Partial Mode": "Finalize",
      "Parallel Aware": false,
      "Startup Cost": 56926.15,
      "Total Cost": 56926.16,
      "Plan Rows": 1,
      "Plan Width": 8,
      "Actual Startup Time": 105.235,
      "Actual Total Time": 118.651,
      "Actual Rows": 1,
      "Actual Loops": 1,
      "Plans": [
        {
          "Node Type": "Gather",
          "Parent Relationship": "Outer",
          "Parallel Aware": false,
          "Startup Cost": 56925.73,
          "Total Cost": 56926.14,
          "Plan Rows": 4,
          "Plan Width": 8,
          "Actual Startup Time": 105.104,
          "Actual Total Time": 118.643,
          "Actual Rows": 5,
          "Actual Loops": 1,
          "Workers Planned": 4,
          "Workers Launched": 4,
          "Single Copy": false,
          "Plans": [
            {
              "Node Type": "Aggregate",
              "Strategy": "Plain",
              "Partial Mode": "Partial",
              "Parent Relationship": "Outer",
              "Parallel Aware": false,
              "Startup Cost": 55925.73,
              "Total Cost": 55925.74,
              "Plan Rows": 1,
              "Plan Width": 8,
              "Actual Startup Time": 96.219,
              "Actual Total Time": 96.22,
              "Actual Rows": 1,
              "Actual Loops": 5,
              "Plans": [
                {
                  "Node Type": "Nested Loop",
                  "Parent Relationship": "Outer",
                  "Parallel Aware": false,
                  "Join Type": "Inner",
                  "Startup Cost": 0.43,
                  "Total Cost": 55923.27,
                  "Plan Rows": 983,
                  "Plan Width": 0,
                  "Actual Startup Time": 2.338,
                  "Actual Total Time": 96.057,
                  "Actual Rows": 1763,
                  "Actual Loops": 5,
                  "Inner Unique": false,
                  "Plans": [
                    {
                      "Node Type": "Seq Scan",
                      "Parent Relationship": "Outer",
                      "Parallel Aware": true,
                      "Relation Name": "title",
                      "Alias": "t",
                      "Startup Cost": 0.0,
                      "Total Cost": 45479.1,
                      "Plan Rows": 1801,
                      "Plan Width": 4,
                      "Actual Startup Time": 0.863,
                      "Actual Total Time": 83.902,
                      "Actual Rows": 1417,
                      "Actual Loops": 5,
                      "Filter": "((kind_id < 7) AND (production_year = 1983))",
                      "Rows Removed by Filter": 504245
                    },
                    {
                      "Node Type": "Index Only Scan",
                      "Parent Relationship": "Inner",
                      "Parallel Aware": false,
                      "Scan Direction": "Forward",
                      "Index Name": "movie_id_movie_info_idx",
                      "Relation Name": "movie_info_idx",
                      "Alias": "mi_idx",
                      "Startup Cost": 0.43,
                      "Total Cost": 5.77,
                      "Plan Rows": 3,
                      "Plan Width": 4,
                      "Actual Startup Time": 0.008,
                      "Actual Total Time": 0.008,
                      "Actual Rows": 1,
                      "Actual Loops": 7085,
                      "Index Cond": "(movie_id = t.id)",
                      "Rows Removed by Index Recheck": 0,
                      "Heap Fetches": 8813
                    }
                  ]
                }
              ]
            }
          ]
        }
      ]
    },
    "Planning Time": 0.585,
    "Triggers": [],
    "Execution Time": 118.721
  }
]