[
  {
    "Plan": {
      "Node Type": "Aggregate",
      "Strategy": "Plain",
      "Partial Mode": "Finalize",
      "Parallel Aware": false,
      "Startup Cost": 95904.52,
      "Total Cost": 95904.53,
      "Plan Rows": 1,
      "Plan Width": 8,
      "Actual Startup Time": 464.618,
      "Actual Total Time": 481.28,
      "Actual Rows": 1,
      "Actual Loops": 1,
      "Plans": [
        {
          "Node Type": "Gather",
          "Parent Relationship": "Outer",
          "Parallel Aware": false,
          "Startup Cost": 95904.3,
          "Total Cost": 95904.51,
          "Plan Rows": 2,
          "Plan Width": 8,
          "Actual Startup Time": 462.213,
          "Actual Total Time": 481.27,
          "Actual Rows": 3,
          "Actual Loops": 1,
          "Workers Planned": 2,
          "Workers Launched": 2,
          "Single Copy": false,
          "Plans": [
            {
              "Node Type": "Aggregate",
              "Strategy": "Plain",
              "Partial Mode": "Partial",
              "Parent Relationship": "Outer",
              "Parallel Aware": false,
              "Startup Cost": 94904.3,
              "Total Cost": 94904.31,
              "Plan Rows": 1,
              "Plan Width": 8,
              "Actual Startup Time": 453.713,
              "Actual Total Time": 453.888,
              "Actual Rows": 1,
              "Actual Loops": 3,
              "Plans": [
                {
                  "Node Type": "Hash Join",
                  "Parent Relationship": "Outer",
                  "Parallel Aware": true,
                  "Join Type": "Inner",
                  "Startup Cost": 78997.96,
                  "Total Cost": 94872.61,
                  "Plan Rows": 12675,
                  "Plan Width": 0,
                  "Actual Startup Time": 384.871,
                  "Actual Total Time": 452.192,
                  "Actual Rows": 39972,
                  "Actual Loops": 3,
                  "Inner Unique": false,
                  "Hash Cond": "(mi_idx.movie_id = t.id)",
                  "Plans": [
                    {
                      "Node Type": "Seq Scan",
                      "Parent Relationship": "Outer",
                      "Parallel Aware": true,
                      "Relation Name": "movie_info_idx",
                      "Alias": "mi_idx",
                      "Startup Cost": 0.0,
                      "Total Cost": 15122.68,
                      "Plan Rows": 192074,
                      "Plan Width": 4,
                      "Actual Startup Time": 0.033,
                      "Actual Total Time": 36.796,
                      "Actual Rows": 153395,
                      "Actual Loops": 3,
                      "Filter": "(info_type_id > 100)",
                      "Rows Removed by Filter": 306617
                    },
                    {
                      "Node Type": "Hash",
                      "Parent Relationship": "Inner",
                      "Parallel Aware": true,
                      "Startup Cost": 78476.6,
                      "Total Cost": 78476.6,
                      "Plan Rows": 41709,
                      "Plan Width": 8,
                      "Actual Startup Time": 382.053,
                      "Actual Total Time": 382.226,
                      "Actual Rows": 65400,
                      "Actual Loops": 3,
                      "Hash Buckets": 262144,
                      "Original Hash Buckets": 262144,
                      "Hash Batches": 1,
                      "Original Hash Batches": 1,
                      "Peak Memory Usage": 9760,
                      "Plans": [
                        {
                          "Node Type": "Hash Join",
                          "Parent Relationship": "Outer",
                          "Parallel Aware": true,
                          "Join Type": "Inner",
                          "Startup Cost": 32520.81,
                          "Total Cost": 78476.6,
                          "Plan Rows": 41709,
                          "Plan Width": 8,
                          "Actual Startup Time": 135.484,
                          "Actual Total Time": 362.896,
                          "Actual Rows": 65400,
                          "Actual Loops": 3,
                          "Inner Unique": false,
                          "Hash Cond": "(t.id = mc.movie_id)",
                          "Plans": [
                            {
                              "Node Type": "Seq Scan",
                              "Parent Relationship": "Outer",
                              "Parallel Aware": true,
                              "Relation Name": "title",
                              "Alias": "t",
                              "Startup Cost": 0.0,
                              "Total Cost": 43898.92,
                              "Plan Rows": 384466,
                              "Plan Width": 4,
                              "Actual Startup Time": 0.014,
                              "Actual Total Time": 113.552,
                              "Actual Rows": 510538,
                              "Actual Loops": 3,
                              "Filter": "(production_year > 1997)",
                              "Rows Removed by Filter": 332233
                            },
                            {
                              "Node Type": "Hash",
                              "Parent Relationship": "Inner",
                              "Parallel Aware": true,
                              "Startup Cost": 31414.82,
                              "Total Cost": 31414.82,
                              "Plan Rows": 88479,
                              "Plan Width": 4,
                              "Actual Startup Time": 132.65,
                              "Actual Total Time": 132.651,
                              "Actual Rows": 135630,
                              "Actual Loops": 3,
                              "Hash Buckets": 524288,
                              "Original Hash Buckets": 524288,
                              "Hash Batches": 1,
                              "Original Hash Batches": 1,
                              "Peak Memory Usage": 20064,
                              "Plans": [
                                {
                                  "Node Type": "Seq Scan",
                                  "Parent Relationship": "Outer",
                                  "Parallel Aware": true,
                                  "Relation Name": "movie_companies",
                                  "Alias": "mc",
                                  "Startup Cost": 0.0,
                                  "Total Cost": 31414.82,
                                  "Plan Rows": 88479,
                                  "Plan Width": 4,
                                  "Actual Startup Time": 0.04,
                                  "Actual Total Time": 89.634,
                                  "Actual Rows": 135630,
                                  "Actual Loops": 3,
                                  "Filter": "((company_id < 565) AND (company_type_id = 1))",
                                  "Rows Removed by Filter": 734079
                                }
                              ]
                            }
                          ]
                        }
                      ]
                    }
                  ]
                }
              ]
            }
          ]
        }
      ]
    },
    "Planning Time": 1.433,
    "Triggers": [],
    "Execution Time": 481.396
  }
]