{
  "Plan": {
    "Node Type": "Aggregate",
    "Strategy": "Plain",
    "Partial Mode": "Finalize",
    "Parallel Aware": false,
    "Startup Cost": 504520.09,
    "Total Cost": 504520.1,
    "Plan Rows": 1,
    "Plan Width": 8,
    "Actual Startup Time": 2297.977,
    "Actual Total Time": 2330.766,
    "Actual Rows": 1,
    "Actual Loops": 1,
    "Plans": [
      {
        "Node Type": "Gather",
        "Parent Relationship": "Outer",
        "Parallel Aware": false,
        "Startup Cost": 504519.98,
        "Total Cost": 504520.09,
        "Plan Rows": 1,
        "Plan Width": 8,
        "Actual Startup Time": 2291.865,
        "Actual Total Time": 2330.759,
        "Actual Rows": 2,
        "Actual Loops": 1,
        "Workers Planned": 1,
        "Workers Launched": 1,
        "Single Copy": false,
        "Plans": [
          {
            "Node Type": "Aggregate",
            "Strategy": "Plain",
            "Partial Mode": "Partial",
            "Parent Relationship": "Outer",
            "Parallel Aware": false,
            "Startup Cost": 503519.98,
            "Total Cost": 503519.99,
            "Plan Rows": 1,
            "Plan Width": 8,
            "Actual Startup Time": 2285.023,
            "Actual Total Time": 2285.03,
            "Actual Rows": 1,
            "Actual Loops": 2,
            "Plans": [
              {
                "Node Type": "Hash Join",
                "Parent Relationship": "Outer",
                "Parallel Aware": true,
                "Join Type": "Inner",
                "Startup Cost": 252590.7,
                "Total Cost": 500885.77,
                "Plan Rows": 1053682,
                "Plan Width": 0,
                "Actual Startup Time": 810.896,
                "Actual Total Time": 2160.954,
                "Actual Rows": 3101311,
                "Actual Loops": 2,
                "Inner Unique": false,
                "Hash Cond": "(ci.movie_id = t.id)",
                "Plans": [
                  {
                    "Node Type": "Index Scan",
                    "Parent Relationship": "Outer",
                    "Parallel Aware": true,
                    "Scan Direction": "Forward",
                    "Index Name": "role_id_cast_info",
                    "Relation Name": "cast_info",
                    "Alias": "ci",
                    "Startup Cost": 0.56,
                    "Total Cost": 225853.5,
                    "Plan Rows": 4331734,
                    "Plan Width": 4,
                    "Actual Startup Time": 0.197,
                    "Actual Total Time": 488.146,
                    "Actual Rows": 3725986,
                    "Actual Loops": 2,
                    "Index Cond": "(role_id = 2)",
                    "Rows Removed by Index Recheck": 0
                  },
                  {
                    "Node Type": "Hash",
                    "Parent Relationship": "Inner",
                    "Parallel Aware": true,
                    "Startup Cost": 248068.08,
                    "Total Cost": 248068.08,
                    "Plan Rows": 361765,
                    "Plan Width": 8,
                    "Actual Startup Time": 801.781,
                    "Actual Total Time": 801.785,
                    "Actual Rows": 299228,
                    "Actual Loops": 2,
                    "Hash Buckets": 1048576,
                    "Original Hash Buckets": 1048576,
                    "Hash Batches": 1,
                    "Original Hash Batches": 1,
                    "Peak Memory Usage": 31616,
                    "Plans": [
                      {
                        "Node Type": "Hash Join",
                        "Parent Relationship": "Outer",
                        "Parallel Aware": true,
                        "Join Type": "Inner",
                        "Startup Cost": 80603.38,
                        "Total Cost": 248068.08,
                        "Plan Rows": 361765,
                        "Plan Width": 8,
                        "Actual Startup Time": 596.733,
                        "Actual Total Time": 735.515,
                        "Actual Rows": 299228,
                        "Actual Loops": 2,
                        "Inner Unique": true,
                        "Hash Cond": "(mi.movie_id = t.id)",
                        "Plans": [
                          {
                            "Node Type": "Bitmap Heap Scan",
                            "Parent Relationship": "Outer",
                            "Parallel Aware": true,
                            "Relation Name": "movie_info",
                            "Alias": "mi",
                            "Startup Cost": 11142.68,
                            "Total Cost": 177657.74,
                            "Plan Rows": 361765,
                            "Plan Width": 4,
                            "Actual Startup Time": 34.941,
                            "Actual Total Time": 98.052,
                            "Actual Rows": 299228,
                            "Actual Loops": 2,
                            "Recheck Cond": "(info_type_id = 15)",
                            "Rows Removed by Index Recheck": 0,
                            "Exact Heap Blocks": 11573,
                            "Lossy Heap Blocks": 0,
                            "Plans": [
                              {
                                "Node Type": "Bitmap Index Scan",
                                "Parent Relationship": "Outer",
                                "Parallel Aware": false,
                                "Index Name": "info_type_id_movie_info",
                                "Startup Cost": 0.0,
                                "Total Cost": 10988.93,
                                "Plan Rows": 615000,
                                "Plan Width": 0,
                                "Actual Startup Time": 31.756,
                                "Actual Total Time": 31.756,
                                "Actual Rows": 598457,
                                "Actual Loops": 1,
                                "Index Cond": "(info_type_id = 15)"
                              }
                            ]
                          },
                          {
                            "Node Type": "Hash",
                            "Parent Relationship": "Inner",
                            "Parallel Aware": true,
                            "Startup Cost": 50870.31,
                            "Total Cost": 50870.31,
                            "Plan Rows": 1487231,
                            "Plan Width": 4,
                            "Actual Startup Time": 545.648,
                            "Actual Total Time": 545.649,
                            "Actual Rows": 1264156,
                            "Actual Loops": 2,
                            "Hash Buckets": 4194304,
                            "Original Hash Buckets": 4194304,
                            "Hash Batches": 1,
                            "Original Hash Batches": 1,
                            "Peak Memory Usage": 131712,
                            "Plans": [
                              {
                                "Node Type": "Seq Scan",
                                "Parent Relationship": "Outer",
                                "Parallel Aware": true,
                                "Relation Name": "title",
                                "Alias": "t",
                                "Startup Cost": 0.0,
                                "Total Cost": 50870.31,
                                "Plan Rows": 1487231,
                                "Plan Width": 4,
                                "Actual Startup Time": 0.033,
                                "Actual Total Time": 160.685,
                                "Actual Rows": 1264156,
                                "Actual Loops": 2
                              }
                            ]
                          }
                        ]
                      }
                    ]
                  }
                ]
              }
            ]
          }
        ]
      }
    ]
  },
  "Planning Time": 1.045,
  "Triggers": [],
  "Execution Time": 2330.879
}