[
  {
    "Plan": {
      "Node Type": "Aggregate",
      "Strategy": "Plain",
      "Partial Mode": "Finalize",
      "Parallel Aware": false,
      "Startup Cost": 84918.62,
      "Total Cost": 84918.63,
      "Plan Rows": 1,
      "Plan Width": 8,
      "Actual Startup Time": 711.637,
      "Actual Total Time": 786.218,
      "Actual Rows": 1,
      "Actual Loops": 1,
      "Plans": [
        {
          "Node Type": "Gather",
          "Parent Relationship": "Outer",
          "Parallel Aware": false,
          "Startup Cost": 84918.2,
          "Total Cost": 84918.61,
          "Plan Rows": 4,
          "Plan Width": 8,
          "Actual Startup Time": 710.971,
          "Actual Total Time": 786.205,
          "Actual Rows": 5,
          "Actual Loops": 1,
          "Workers Planned": 4,
          "Workers Launched": 4,
          "Single Copy": false,
          "Plans": [
            {
              "Node Type": "Aggregate",
              "Strategy": "Plain",
              "Partial Mode": "Partial",
              "Parent Relationship": "Outer",
              "Parallel Aware": false,
              "Startup Cost": 83918.2,
              "Total Cost": 83918.21,
              "Plan Rows": 1,
              "Plan Width": 8,
              "Actual Startup Time": 700.51,
              "Actual Total Time": 700.514,
              "Actual Rows": 1,
              "Actual Loops": 5,
              "Plans": [
                {
                  "Node Type": "Nested Loop",
                  "Parent Relationship": "Outer",
                  "Parallel Aware": false,
                  "Join Type": "Inner",
                  "Startup Cost": 20585.08,
                  "Total Cost": 83849.65,
                  "Plan Rows": 27419,
                  "Plan Width": 0,
                  "Actual Startup Time": 86.216,
                  "Actual Total Time": 694.543,
                  "Actual Rows": 92751,
                  "Actual Loops": 5,
                  "Inner Unique": false,
                  "Plans": [
                    {
                      "Node Type": "Hash Join",
                      "Parent Relationship": "Outer",
                      "Parallel Aware": true,
                      "Join Type": "Inner",
                      "Startup Cost": 20584.52,
                      "Total Cost": 65741.8,
                      "Plan Rows": 5914,
                      "Plan Width": 8,
                      "Actual Startup Time": 85.894,
                      "Actual Total Time": 145.291,
                      "Actual Rows": 11585,
                      "Actual Loops": 5,
                      "Inner Unique": false,
                      "Hash Cond": "(t.id = mc.movie_id)",
                      "Plans": [
                        {
                          "Node Type": "Seq Scan",
                          "Parent Relationship": "Outer",
                          "Parallel Aware": true,
                          "Relation Name": "title",
                          "Alias": "t",
                          "Startup Cost": 0.0,
                          "Total Cost": 43898.92,
                          "Plan Rows": 247857,
                          "Plan Width": 4,
                          "Actual Startup Time": 0.018,
                          "Actual Total Time": 81.78,
                          "Actual Rows": 197010,
                          "Actual Loops": 5,
                          "Filter": "(kind_id < 7)",
                          "Rows Removed by Filter": 308653
                        },
                        {
                          "Node Type": "Hash",
                          "Parent Relationship": "Inner",
                          "Parallel Aware": true,
                          "Startup Cost": 20341.25,
                          "Total Cost": 20341.25,
                          "Plan Rows": 19461,
                          "Plan Width": 4,
                          "Actual Startup Time": 20.859,
                          "Actual Total Time": 20.861,
                          "Actual Rows": 11585,
                          "Actual Loops": 5,
                          "Hash Buckets": 65536,
                          "Original Hash Buckets": 65536,
                          "Hash Batches": 1,
                          "Original Hash Batches": 1,
                          "Peak Memory Usage": 2848,
                          "Plans": [
                            {
                              "Node Type": "Bitmap Heap Scan",
                              "Parent Relationship": "Outer",
                              "Parallel Aware": true,
                              "Relation Name": "movie_companies",
                              "Alias": "mc",
                              "Startup Cost": 1307.99,
                              "Total Cost": 20341.25,
                              "Plan Rows": 19461,
                              "Plan Width": 4,
                              "Actual Startup Time": 2.042,
                              "Actual Total Time": 14.018,
                              "Actual Rows": 11585,
                              "Actual Loops": 5,
                              "Recheck Cond": "(company_id > 185362)",
                              "Rows Removed by Index Recheck": 0,
                              "Exact Heap Blocks": 705,
                              "Lossy Heap Blocks": 0,
                              "Plans": [
                                {
                                  "Node Type": "Bitmap Index Scan",
                                  "Parent Relationship": "Outer",
                                  "Parallel Aware": false,
                                  "Index Name": "company_id_movie_companies",
                                  "Startup Cost": 0.0,
                                  "Total Cost": 1292.9,
                                  "Plan Rows": 60330,
                                  "Plan Width": 0,
                                  "Actual Startup Time": 7.423,
                                  "Actual Total Time": 7.423,
                                  "Actual Rows": 57923,
                                  "Actual Loops": 1,
                                  "Index Cond": "(company_id > 185362)"
                                }
                              ]
                            }
                          ]
                        }
                      ]
                    },
                    {
                      "Node Type": "Index Scan",
                      "Parent Relationship": "Inner",
                      "Parallel Aware": false,
                      "Scan Direction": "Forward",
                      "Index Name": "movie_id_cast_info",
                      "Relation Name": "cast_info",
                      "Alias": "ci",
                      "Startup Cost": 0.56,
                      "Total Cost": 2.94,
                      "Plan Rows": 12,
                      "Plan Width": 4,
                      "Actual Startup Time": 0.033,
                      "Actual Total Time": 0.046,
                      "Actual Rows": 8,
                      "Actual Loops": 57923,
                      "Index Cond": "(movie_id = t.id)",
                      "Rows Removed by Index Recheck": 0,
                      "Filter": "((person_id < 3713067) AND (role_id > 3))",
                      "Rows Removed by Filter": 19
                    }
                  ]
                }
              ]
            }
          ]
        }
      ]
    },
    "Planning Time": 1.433,
    "Triggers": [],
    "Execution Time": 786.353
  }
]