[
    {
        "Bao": {
            "Bao prediction": "NaN",
            "Bao recommended hint": "(no hint)"
        }
    },
    {
        "Plan": {
            "Node Type": "Aggregate",
            "Strategy": "Plain",
            "Partial Mode": "Finalize",
            "Parallel Aware": false,
            "Startup Cost": 30353.82,
            "Total Cost": 30353.83,
            "Plan Rows": 1,
            "Plan Width": 8,
            "Actual Startup Time": 86.729,
            "Actual Total Time": 94.464,
            "Actual Rows": 1,
            "Actual Loops": 1,
            "Output": [
                "count(*)"
            ],
            "Plans": [
                {
                    "Node Type": "Gather",
                    "Parent Relationship": "Outer",
                    "Parallel Aware": false,
                    "Startup Cost": 30353.5,
                    "Total Cost": 30353.81,
                    "Plan Rows": 3,
                    "Plan Width": 8,
                    "Actual Startup Time": 86.511,
                    "Actual Total Time": 94.457,
                    "Actual Rows": 4,
                    "Actual Loops": 1,
                    "Output": [
                        "(PARTIAL count(*))"
                    ],
                    "Workers Planned": 3,
                    "Workers Launched": 3,
                    "Single Copy": false,
                    "Plans": [
                        {
                            "Node Type": "Aggregate",
                            "Strategy": "Plain",
                            "Partial Mode": "Partial",
                            "Parent Relationship": "Outer",
                            "Parallel Aware": false,
                            "Startup Cost": 29353.5,
                            "Total Cost": 29353.51,
                            "Plan Rows": 1,
                            "Plan Width": 8,
                            "Actual Startup Time": 77.832,
                            "Actual Total Time": 77.836,
                            "Actual Rows": 1,
                            "Actual Loops": 4,
                            "Output": [
                                "PARTIAL count(*)"
                            ],
                            "Workers": [
                                {
                                    "Worker Number": 0,
                                    "Actual Startup Time": 75.098,
                                    "Actual Total Time": 75.099,
                                    "Actual Rows": 1,
                                    "Actual Loops": 1
                                },
                                {
                                    "Worker Number": 1,
                                    "Actual Startup Time": 75.056,
                                    "Actual Total Time": 75.057,
                                    "Actual Rows": 1,
                                    "Actual Loops": 1
                                },
                                {
                                    "Worker Number": 2,
                                    "Actual Startup Time": 75.073,
                                    "Actual Total Time": 75.074,
                                    "Actual Rows": 1,
                                    "Actual Loops": 1
                                }
                            ],
                            "Plans": [
                                {
                                    "Node Type": "Bitmap Heap Scan",
                                    "Parent Relationship": "Outer",
                                    "Parallel Aware": true,
                                    "Relation Name": "movie_keyword",
                                    "Schema": "public",
                                    "Alias": "mk",
                                    "Startup Cost": 3989.67,
                                    "Total Cost": 29201.86,
                                    "Plan Rows": 60655,
                                    "Plan Width": 0,
                                    "Actual Startup Time": 19.861,
                                    "Actual Total Time": 74.493,
                                    "Actual Rows": 45418,
                                    "Actual Loops": 4,
                                    "Recheck Cond": "(mk.keyword_id < 133)",
                                    "Rows Removed by Index Recheck": 0,
                                    "Exact Heap Blocks": 13481,
                                    "Lossy Heap Blocks": 0,
                                    "Workers": [
                                        {
                                            "Worker Number": 0,
                                            "Actual Startup Time": 17.161,
                                            "Actual Total Time": 72.184,
                                            "Actual Rows": 24136,
                                            "Actual Loops": 1
                                        },
                                        {
                                            "Worker Number": 1,
                                            "Actual Startup Time": 17.173,
                                            "Actual Total Time": 72.17,
                                            "Actual Rows": 23962,
                                            "Actual Loops": 1
                                        },
                                        {
                                            "Worker Number": 2,
                                            "Actual Startup Time": 17.165,
                                            "Actual Total Time": 72.302,
                                            "Actual Rows": 26682,
                                            "Actual Loops": 1
                                        }
                                    ],
                                    "Plans": [
                                        {
                                            "Node Type": "Bitmap Index Scan",
                                            "Parent Relationship": "Outer",
                                            "Parallel Aware": false,
                                            "Index Name": "keyword_id_movie_keyword",
                                            "Startup Cost": 0.0,
                                            "Total Cost": 3942.66,
                                            "Plan Rows": 188031,
                                            "Plan Width": 0,
                                            "Actual Startup Time": 22.973,
                                            "Actual Total Time": 22.974,
                                            "Actual Rows": 181674,
                                            "Actual Loops": 1,
                                            "Index Cond": "(mk.keyword_id < 133)"
                                        }
                                    ]
                                }
                            ]
                        }
                    ]
                }
            ]
        },
        "Planning Time": 219.932,
        "Triggers": [],
        "Execution Time": 94.536
    }
]