{
  "Plan": {
    "Node Type": "Aggregate",
    "Strategy": "Plain",
    "Partial Mode": "Finalize",
    "Parallel Aware": false,
    "Startup Cost": 89564.45,
    "Total Cost": 89564.46,
    "Plan Rows": 1,
    "Plan Width": 8,
    "Actual Startup Time": 302.954,
    "Actual Total Time": 316.869,
    "Actual Rows": 1,
    "Actual Loops": 1,
    "Plans": [
      {
        "Node Type": "Gather",
        "Parent Relationship": "Outer",
        "Parallel Aware": false,
        "Startup Cost": 89564.34,
        "Total Cost": 89564.45,
        "Plan Rows": 1,
        "Plan Width": 8,
        "Actual Startup Time": 302.449,
        "Actual Total Time": 316.86,
        "Actual Rows": 2,
        "Actual Loops": 1,
        "Workers Planned": 1,
        "Workers Launched": 1,
        "Single Copy": false,
        "Plans": [
          {
            "Node Type": "Aggregate",
            "Strategy": "Plain",
            "Partial Mode": "Partial",
            "Parent Relationship": "Outer",
            "Parallel Aware": false,
            "Startup Cost": 88564.34,
            "Total Cost": 88564.35,
            "Plan Rows": 1,
            "Plan Width": 8,
            "Actual Startup Time": 296.545,
            "Actual Total Time": 296.549,
            "Actual Rows": 1,
            "Actual Loops": 2,
            "Plans": [
              {
                "Node Type": "Nested Loop",
                "Parent Relationship": "Outer",
                "Parallel Aware": false,
                "Join Type": "Inner",
                "Startup Cost": 59180.0,
                "Total Cost": 88534.15,
                "Plan Rows": 12076,
                "Plan Width": 0,
                "Actual Startup Time": 177.695,
                "Actual Total Time": 295.917,
                "Actual Rows": 10998,
                "Actual Loops": 2,
                "Inner Unique": false,
                "Join Filter": "(t.id = mc.movie_id)",
                "Rows Removed by Join Filter": 0,
                "Plans": [
                  {
                    "Node Type": "Hash Join",
                    "Parent Relationship": "Outer",
                    "Parallel Aware": true,
                    "Join Type": "Inner",
                    "Startup Cost": 59179.57,
                    "Total Cost": 77963.88,
                    "Plan Rows": 12560,
                    "Plan Width": 8,
                    "Actual Startup Time": 177.629,
                    "Actual Total Time": 268.766,
                    "Actual Rows": 5378,
                    "Actual Loops": 2,
                    "Inner Unique": true,
                    "Hash Cond": "(mi_idx.movie_id = t.id)",
                    "Plans": [
                      {
                        "Node Type": "Seq Scan",
                        "Parent Relationship": "Outer",
                        "Parallel Aware": true,
                        "Relation Name": "movie_info_idx",
                        "Alias": "mi_idx",
                        "Startup Cost": 0.0,
                        "Total Cost": 18082.32,
                        "Plan Rows": 267429,
                        "Plan Width": 4,
                        "Actual Startup Time": 0.021,
                        "Actual Total Time": 51.782,
                        "Actual Rows": 229962,
                        "Actual Loops": 2,
                        "Filter": "(info_type_id < 100)",
                        "Rows Removed by Filter": 460055
                      },
                      {
                        "Node Type": "Hash",
                        "Parent Relationship": "Inner",
                        "Parallel Aware": true,
                        "Startup Cost": 58306.47,
                        "Total Cost": 58306.47,
                        "Plan Rows": 69848,
                        "Plan Width": 4,
                        "Actual Startup Time": 175.133,
                        "Actual Total Time": 175.134,
                        "Actual Rows": 62374,
                        "Actual Loops": 2,
                        "Hash Buckets": 131072,
                        "Original Hash Buckets": 131072,
                        "Hash Batches": 1,
                        "Original Hash Batches": 1,
                        "Peak Memory Usage": 5920,
                        "Plans": [
                          {
                            "Node Type": "Seq Scan",
                            "Parent Relationship": "Outer",
                            "Parallel Aware": true,
                            "Relation Name": "title",
                            "Alias": "t",
                            "Startup Cost": 0.0,
                            "Total Cost": 58306.47,
                            "Plan Rows": 69848,
                            "Plan Width": 4,
                            "Actual Startup Time": 0.032,
                            "Actual Total Time": 153.215,
                            "Actual Rows": 62374,
                            "Actual Loops": 2,
                            "Filter": "((kind_id > 1) AND (production_year = 2012))",
                            "Rows Removed by Filter": 1201782
                          }
                        ]
                      }
                    ]
                  },
                  {
                    "Node Type": "Index Scan",
                    "Parent Relationship": "Inner",
                    "Parallel Aware": false,
                    "Scan Direction": "Forward",
                    "Index Name": "movie_id_movie_companies",
                    "Relation Name": "movie_companies",
                    "Alias": "mc",
                    "Startup Cost": 0.43,
                    "Total Cost": 0.78,
                    "Plan Rows": 5,
                    "Plan Width": 4,
                    "Actual Startup Time": 0.004,
                    "Actual Total Time": 0.005,
                    "Actual Rows": 2,
                    "Actual Loops": 10755,
                    "Index Cond": "(movie_id = mi_idx.movie_id)",
                    "Rows Removed by Index Recheck": 0,
                    "Filter": "(company_id > 34)",
                    "Rows Removed by Filter": 0
                  }
                ]
              }
            ]
          }
        ]
      }
    ]
  },
  "Planning Time": 1.021,
  "Triggers": [],
  "Execution Time": 316.981
}