[
  {
    "Plan": {
      "Node Type": "Aggregate",
      "Strategy": "Plain",
      "Partial Mode": "Finalize",
      "Parallel Aware": false,
      "Startup Cost": 408618.79,
      "Total Cost": 408618.8,
      "Plan Rows": 1,
      "Plan Width": 8,
      "Actual Startup Time": 2114.02,
      "Actual Total Time": 2177.801,
      "Actual Rows": 1,
      "Actual Loops": 1,
      "Plans": [
        {
          "Node Type": "Gather",
          "Parent Relationship": "Outer",
          "Parallel Aware": false,
          "Startup Cost": 408618.16,
          "Total Cost": 408618.77,
          "Plan Rows": 6,
          "Plan Width": 8,
          "Actual Startup Time": 2105.583,
          "Actual Total Time": 2177.788,
          "Actual Rows": 7,
          "Actual Loops": 1,
          "Workers Planned": 6,
          "Workers Launched": 6,
          "Single Copy": false,
          "Plans": [
            {
              "Node Type": "Aggregate",
              "Strategy": "Plain",
              "Partial Mode": "Partial",
              "Parent Relationship": "Outer",
              "Parallel Aware": false,
              "Startup Cost": 407618.16,
              "Total Cost": 407618.17,
              "Plan Rows": 1,
              "Plan Width": 8,
              "Actual Startup Time": 2090.887,
              "Actual Total Time": 2090.892,
              "Actual Rows": 1,
              "Actual Loops": 7,
              "Plans": [
                {
                  "Node Type": "Hash Join",
                  "Parent Relationship": "Outer",
                  "Parallel Aware": true,
                  "Join Type": "Inner",
                  "Startup Cost": 50014.6,
                  "Total Cost": 402547.14,
                  "Plan Rows": 2028408,
                  "Plan Width": 0,
                  "Actual Startup Time": 403.262,
                  "Actual Total Time": 2008.492,
                  "Actual Rows": 1848922,
                  "Actual Loops": 7,
                  "Inner Unique": true,
                  "Hash Cond": "(ci.movie_id = t.id)",
                  "Plans": [
                    {
                      "Node Type": "Seq Scan",
                      "Parent Relationship": "Outer",
                      "Parallel Aware": true,
                      "Relation Name": "cast_info",
                      "Alias": "ci",
                      "Startup Cost": 0.0,
                      "Total Cost": 343257.03,
                      "Plan Rows": 3533525,
                      "Plan Width": 4,
                      "Actual Startup Time": 214.769,
                      "Actual Total Time": 731.043,
                      "Actual Rows": 3207803,
                      "Actual Loops": 7,
                      "Filter": "((person_id > 385304) AND (role_id > 1))",
                      "Rows Removed by Filter": 1969960
                    },
                    {
                      "Node Type": "Hash",
                      "Parent Relationship": "Inner",
                      "Parallel Aware": true,
                      "Startup Cost": 45479.1,
                      "Total Cost": 45479.1,
                      "Plan Rows": 362840,
                      "Plan Width": 4,
                      "Actual Startup Time": 183.467,
                      "Actual Total Time": 183.468,
                      "Actual Rows": 205455,
                      "Actual Loops": 7,
                      "Hash Buckets": 2097152,
                      "Original Hash Buckets": 2097152,
                      "Hash Batches": 1,
                      "Original Hash Batches": 1,
                      "Peak Memory Usage": 72768,
                      "Plans": [
                        {
                          "Node Type": "Seq Scan",
                          "Parent Relationship": "Outer",
                          "Parallel Aware": true,
                          "Relation Name": "title",
                          "Alias": "t",
                          "Startup Cost": 0.0,
                          "Total Cost": 45479.1,
                          "Plan Rows": 362840,
                          "Plan Width": 4,
                          "Actual Startup Time": 0.042,
                          "Actual Total Time": 82.08,
                          "Actual Rows": 205455,
                          "Actual Loops": 7,
                          "Filter": "((production_year < 2013) AND (kind_id = 7))",
                          "Rows Removed by Filter": 155733
                        }
                      ]
                    }
                  ]
                }
              ]
            }
          ]
        }
      ]
    },
    "Planning Time": 0.689,
    "Triggers": [],
    "Execution Time": 2177.89
  }
]