[
  {
    "Plan": {
      "Node Type": "Aggregate",
      "Strategy": "Plain",
      "Partial Mode": "Finalize",
      "Parallel Aware": false,
      "Startup Cost": 44815.24,
      "Total Cost": 44815.25,
      "Plan Rows": 1,
      "Plan Width": 8,
      "Actual Startup Time": 122.101,
      "Actual Total Time": 131.707,
      "Actual Rows": 1,
      "Actual Loops": 1,
      "Plans": [
        {
          "Node Type": "Gather",
          "Parent Relationship": "Outer",
          "Parallel Aware": false,
          "Startup Cost": 44814.93,
          "Total Cost": 44815.24,
          "Plan Rows": 3,
          "Plan Width": 8,
          "Actual Startup Time": 121.929,
          "Actual Total Time": 131.699,
          "Actual Rows": 4,
          "Actual Loops": 1,
          "Workers Planned": 3,
          "Workers Launched": 3,
          "Single Copy": false,
          "Plans": [
            {
              "Node Type": "Aggregate",
              "Strategy": "Plain",
              "Partial Mode": "Partial",
              "Parent Relationship": "Outer",
              "Parallel Aware": false,
              "Startup Cost": 43814.93,
              "Total Cost": 43814.94,
              "Plan Rows": 1,
              "Plan Width": 8,
              "Actual Startup Time": 118.066,
              "Actual Total Time": 118.068,
              "Actual Rows": 1,
              "Actual Loops": 4,
              "Plans": [
                {
                  "Node Type": "Seq Scan",
                  "Parent Relationship": "Outer",
                  "Parallel Aware": true,
                  "Relation Name": "movie_keyword",
                  "Alias": "mk",
                  "Startup Cost": 0.0,
                  "Total Cost": 42695.65,
                  "Plan Rows": 447709,
                  "Plan Width": 0,
                  "Actual Startup Time": 1.605,
                  "Actual Total Time": 102.495,
                  "Actual Rows": 346602,
                  "Actual Loops": 4,
                  "Filter": "(keyword_id > 12033)",
                  "Rows Removed by Filter": 784380
                }
              ]
            }
          ]
        }
      ]
    },
    "Planning Time": 0.208,
    "Triggers": [],
    "Execution Time": 131.763
  }
]