[
  {
    "Plan": {
      "Node Type": "Aggregate",
      "Strategy": "Plain",
      "Partial Mode": "Finalize",
      "Parallel Aware": false,
      "Startup Cost": 33390.9,
      "Total Cost": 33390.91,
      "Plan Rows": 1,
      "Plan Width": 8,
      "Actual Startup Time": 121.111,
      "Actual Total Time": 131.11,
      "Actual Rows": 1,
      "Actual Loops": 1,
      "Plans": [
        {
          "Node Type": "Gather",
          "Parent Relationship": "Outer",
          "Parallel Aware": false,
          "Startup Cost": 33390.59,
          "Total Cost": 33390.9,
          "Plan Rows": 3,
          "Plan Width": 8,
          "Actual Startup Time": 120.949,
          "Actual Total Time": 131.099,
          "Actual Rows": 4,
          "Actual Loops": 1,
          "Workers Planned": 3,
          "Workers Launched": 3,
          "Single Copy": false,
          "Plans": [
            {
              "Node Type": "Aggregate",
              "Strategy": "Plain",
              "Partial Mode": "Partial",
              "Parent Relationship": "Outer",
              "Parallel Aware": false,
              "Startup Cost": 32390.59,
              "Total Cost": 32390.6,
              "Plan Rows": 1,
              "Plan Width": 8,
              "Actual Startup Time": 112.83,
              "Actual Total Time": 112.832,
              "Actual Rows": 1,
              "Actual Loops": 4,
              "Plans": [
                {
                  "Node Type": "Seq Scan",
                  "Parent Relationship": "Outer",
                  "Parallel Aware": true,
                  "Relation Name": "movie_companies",
                  "Alias": "mc",
                  "Startup Cost": 0.0,
                  "Total Cost": 31414.82,
                  "Plan Rows": 390307,
                  "Plan Width": 0,
                  "Actual Startup Time": 0.043,
                  "Actual Total Time": 94.454,
                  "Actual Rows": 290815,
                  "Actual Loops": 4,
                  "Filter": "((company_id > 21) AND (company_type_id < 2))",
                  "Rows Removed by Filter": 361467
                }
              ]
            }
          ]
        }
      ]
    },
    "Planning Time": 0.114,
    "Triggers": [],
    "Execution Time": 131.138
  }
]