{
  "Plan": {
    "Node Type": "Aggregate",
    "Strategy": "Plain",
    "Partial Mode": "Finalize",
    "Parallel Aware": false,
    "Startup Cost": 334337.36,
    "Total Cost": 334337.37,
    "Plan Rows": 1,
    "Plan Width": 8,
    "Actual Startup Time": 1016.152,
    "Actual Total Time": 1064.78,
    "Actual Rows": 1,
    "Actual Loops": 1,
    "Plans": [
      {
        "Node Type": "Gather",
        "Parent Relationship": "Outer",
        "Parallel Aware": false,
        "Startup Cost": 334337.25,
        "Total Cost": 334337.36,
        "Plan Rows": 1,
        "Plan Width": 8,
        "Actual Startup Time": 1015.965,
        "Actual Total Time": 1064.771,
        "Actual Rows": 2,
        "Actual Loops": 1,
        "Workers Planned": 1,
        "Workers Launched": 1,
        "Single Copy": false,
        "Plans": [
          {
            "Node Type": "Aggregate",
            "Strategy": "Plain",
            "Partial Mode": "Partial",
            "Parent Relationship": "Outer",
            "Parallel Aware": false,
            "Startup Cost": 333337.25,
            "Total Cost": 333337.26,
            "Plan Rows": 1,
            "Plan Width": 8,
            "Actual Startup Time": 1010.297,
            "Actual Total Time": 1010.3,
            "Actual Rows": 1,
            "Actual Loops": 2,
            "Plans": [
              {
                "Node Type": "Hash Join",
                "Parent Relationship": "Outer",
                "Parallel Aware": true,
                "Join Type": "Inner",
                "Startup Cost": 54972.59,
                "Total Cost": 333189.23,
                "Plan Rows": 59206,
                "Plan Width": 0,
                "Actual Startup Time": 145.739,
                "Actual Total Time": 1007.899,
                "Actual Rows": 50826,
                "Actual Loops": 2,
                "Inner Unique": true,
                "Hash Cond": "(mi.movie_id = t.id)",
                "Plans": [
                  {
                    "Node Type": "Seq Scan",
                    "Parent Relationship": "Outer",
                    "Parallel Aware": true,
                    "Relation Name": "movie_info",
                    "Alias": "mi",
                    "Startup Cost": 0.0,
                    "Total Cost": 270696.42,
                    "Plan Rows": 2864842,
                    "Plan Width": 4,
                    "Actual Startup Time": 0.011,
                    "Actual Total Time": 632.623,
                    "Actual Rows": 2461983,
                    "Actual Loops": 2,
                    "Filter": "(info_type_id < 5)",
                    "Rows Removed by Filter": 4955877
                  },
                  {
                    "Node Type": "Hash",
                    "Parent Relationship": "Inner",
                    "Parallel Aware": true,
                    "Startup Cost": 54588.39,
                    "Total Cost": 54588.39,
                    "Plan Rows": 30736,
                    "Plan Width": 4,
                    "Actual Startup Time": 143.756,
                    "Actual Total Time": 143.756,
                    "Actual Rows": 29295,
                    "Actual Loops": 2,
                    "Hash Buckets": 65536,
                    "Original Hash Buckets": 65536,
                    "Hash Batches": 1,
                    "Original Hash Batches": 1,
                    "Peak Memory Usage": 2848,
                    "Plans": [
                      {
                        "Node Type": "Seq Scan",
                        "Parent Relationship": "Outer",
                        "Parallel Aware": true,
                        "Relation Name": "title",
                        "Alias": "t",
                        "Startup Cost": 0.0,
                        "Total Cost": 54588.39,
                        "Plan Rows": 30736,
                        "Plan Width": 4,
                        "Actual Startup Time": 0.037,
                        "Actual Total Time": 135.397,
                        "Actual Rows": 29295,
                        "Actual Loops": 2,
                        "Filter": "(production_year = 2001)",
                        "Rows Removed by Filter": 1234861
                      }
                    ]
                  }
                ]
              }
            ]
          }
        ]
      }
    ]
  },
  "Planning Time": 0.434,
  "Triggers": [],
  "Execution Time": 1064.866
}