[
  {
    "Plan": {
      "Node Type": "Aggregate",
      "Strategy": "Plain",
      "Partial Mode": "Finalize",
      "Parallel Aware": false,
      "Startup Cost": 126197.53,
      "Total Cost": 126197.54,
      "Plan Rows": 1,
      "Plan Width": 8,
      "Actual Startup Time": 610.812,
      "Actual Total Time": 632.944,
      "Actual Rows": 1,
      "Actual Loops": 1,
      "Plans": [
        {
          "Node Type": "Gather",
          "Parent Relationship": "Outer",
          "Parallel Aware": false,
          "Startup Cost": 126197.21,
          "Total Cost": 126197.52,
          "Plan Rows": 3,
          "Plan Width": 8,
          "Actual Startup Time": 604.715,
          "Actual Total Time": 632.933,
          "Actual Rows": 4,
          "Actual Loops": 1,
          "Workers Planned": 3,
          "Workers Launched": 3,
          "Single Copy": false,
          "Plans": [
            {
              "Node Type": "Aggregate",
              "Strategy": "Plain",
              "Partial Mode": "Partial",
              "Parent Relationship": "Outer",
              "Parallel Aware": false,
              "Startup Cost": 125197.21,
              "Total Cost": 125197.22,
              "Plan Rows": 1,
              "Plan Width": 8,
              "Actual Startup Time": 598.055,
              "Actual Total Time": 598.563,
              "Actual Rows": 1,
              "Actual Loops": 4,
              "Plans": [
                {
                  "Node Type": "Hash Join",
                  "Parent Relationship": "Outer",
                  "Parallel Aware": true,
                  "Join Type": "Inner",
                  "Startup Cost": 80822.97,
                  "Total Cost": 125135.6,
                  "Plan Rows": 24644,
                  "Plan Width": 0,
                  "Actual Startup Time": 375.11,
                  "Actual Total Time": 569.833,
                  "Actual Rows": 574871,
                  "Actual Loops": 4,
                  "Inner Unique": false,
                  "Hash Cond": "(mk.movie_id = t.id)",
                  "Plans": [
                    {
                      "Node Type": "Seq Scan",
                      "Parent Relationship": "Outer",
                      "Parallel Aware": true,
                      "Relation Name": "movie_keyword",
                      "Alias": "mk",
                      "Startup Cost": 0.0,
                      "Total Cost": 42695.65,
                      "Plan Rows": 409995,
                      "Plan Width": 4,
                      "Actual Startup Time": 1.314,
                      "Actual Total Time": 106.766,
                      "Actual Rows": 317334,
                      "Actual Loops": 4,
                      "Filter": "(keyword_id > 14033)",
                      "Rows Removed by Filter": 813648
                    },
                    {
                      "Node Type": "Hash",
                      "Parent Relationship": "Inner",
                      "Parallel Aware": true,
                      "Startup Cost": 80210.16,
                      "Total Cost": 80210.16,
                      "Plan Rows": 49025,
                      "Plan Width": 8,
                      "Actual Startup Time": 372.059,
                      "Actual Total Time": 372.565,
                      "Actual Rows": 74230,
                      "Actual Loops": 4,
                      "Hash Buckets": 524288,
                      "Original Hash Buckets": 262144,
                      "Hash Batches": 1,
                      "Original Hash Batches": 1,
                      "Peak Memory Usage": 17792,
                      "Plans": [
                        {
                          "Node Type": "Hash Join",
                          "Parent Relationship": "Outer",
                          "Parallel Aware": true,
                          "Join Type": "Inner",
                          "Startup Cost": 48453.41,
                          "Total Cost": 80210.16,
                          "Plan Rows": 49025,
                          "Plan Width": 8,
                          "Actual Startup Time": 213.308,
                          "Actual Total Time": 338.481,
                          "Actual Rows": 74230,
                          "Actual Loops": 4,
                          "Inner Unique": true,
                          "Hash Cond": "(mc.movie_id = t.id)",
                          "Plans": [
                            {
                              "Node Type": "Seq Scan",
                              "Parent Relationship": "Outer",
                              "Parallel Aware": true,
                              "Relation Name": "movie_companies",
                              "Alias": "mc",
                              "Startup Cost": 0.0,
                              "Total Cost": 31414.82,
                              "Plan Rows": 130258,
                              "Plan Width": 4,
                              "Actual Startup Time": 0.011,
                              "Actual Total Time": 74.043,
                              "Actual Rows": 146618,
                              "Actual Loops": 4,
                              "Filter": "((company_id < 2042) AND (company_type_id < 2))",
                              "Rows Removed by Filter": 505664
                            },
                            {
                              "Node Type": "Hash",
                              "Parent Relationship": "Inner",
                              "Parallel Aware": true,
                              "Startup Cost": 45479.59,
                              "Total Cost": 45479.59,
                              "Plan Rows": 237906,
                              "Plan Width": 4,
                              "Actual Startup Time": 210.345,
                              "Actual Total Time": 210.347,
                              "Actual Rows": 240498,
                              "Actual Loops": 4,
                              "Hash Buckets": 1048576,
                              "Original Hash Buckets": 1048576,
                              "Hash Batches": 1,
                              "Original Hash Batches": 1,
                              "Peak Memory Usage": 45920,
                              "Plans": [
                                {
                                  "Node Type": "Seq Scan",
                                  "Parent Relationship": "Outer",
                                  "Parallel Aware": true,
                                  "Relation Name": "title",
                                  "Alias": "t",
                                  "Startup Cost": 0.0,
                                  "Total Cost": 45479.59,
                                  "Plan Rows": 237906,
                                  "Plan Width": 4,
                                  "Actual Startup Time": 0.038,
                                  "Actual Total Time": 115.498,
                                  "Actual Rows": 240498,
                                  "Actual Loops": 4,
                                  "Filter": "((kind_id < 7) AND (production_year > 1905))",
                                  "Rows Removed by Filter": 391580
                                }
                              ]
                            }
                          ]
                        }
                      ]
                    }
                  ]
                }
              ]
            }
          ]
        }
      ]
    },
    "Planning Time": 0.924,
    "Triggers": [],
    "Execution Time": 633.018
  }
]