[
  {
    "Plan": {
      "Node Type": "Aggregate",
      "Strategy": "Plain",
      "Partial Mode": "Finalize",
      "Parallel Aware": false,
      "Startup Cost": 125702.05,
      "Total Cost": 125702.06,
      "Plan Rows": 1,
      "Plan Width": 8,
      "Actual Startup Time": 514.716,
      "Actual Total Time": 536.434,
      "Actual Rows": 1,
      "Actual Loops": 1,
      "Plans": [
        {
          "Node Type": "Gather",
          "Parent Relationship": "Outer",
          "Parallel Aware": false,
          "Startup Cost": 125701.73,
          "Total Cost": 125702.04,
          "Plan Rows": 3,
          "Plan Width": 8,
          "Actual Startup Time": 511.7,
          "Actual Total Time": 536.426,
          "Actual Rows": 4,
          "Actual Loops": 1,
          "Workers Planned": 3,
          "Workers Launched": 3,
          "Single Copy": false,
          "Plans": [
            {
              "Node Type": "Aggregate",
              "Strategy": "Plain",
              "Partial Mode": "Partial",
              "Parent Relationship": "Outer",
              "Parallel Aware": false,
              "Startup Cost": 124701.73,
              "Total Cost": 124701.74,
              "Plan Rows": 1,
              "Plan Width": 8,
              "Actual Startup Time": 501.593,
              "Actual Total Time": 501.905,
              "Actual Rows": 1,
              "Actual Loops": 4,
              "Plans": [
                {
                  "Node Type": "Hash Join",
                  "Parent Relationship": "Outer",
                  "Parallel Aware": true,
                  "Join Type": "Inner",
                  "Startup Cost": 80352.3,
                  "Total Cost": 124639.19,
                  "Plan Rows": 25015,
                  "Plan Width": 0,
                  "Actual Startup Time": 316.495,
                  "Actual Total Time": 479.242,
                  "Actual Rows": 574871,
                  "Actual Loops": 4,
                  "Inner Unique": false,
                  "Hash Cond": "(mk.movie_id = t.id)",
                  "Plans": [
                    {
                      "Node Type": "Seq Scan",
                      "Parent Relationship": "Outer",
                      "Parallel Aware": true,
                      "Relation Name": "movie_keyword",
                      "Alias": "mk",
                      "Startup Cost": 0.0,
                      "Total Cost": 42695.65,
                      "Plan Rows": 407654,
                      "Plan Width": 4,
                      "Actual Startup Time": 0.88,
                      "Actual Total Time": 90.546,
                      "Actual Rows": 317334,
                      "Actual Loops": 4,
                      "Filter": "(keyword_id > 14033)",
                      "Rows Removed by Filter": 813648
                    },
                    {
                      "Node Type": "Hash",
                      "Parent Relationship": "Inner",
                      "Parallel Aware": true,
                      "Startup Cost": 79867.47,
                      "Total Cost": 79867.47,
                      "Plan Rows": 38786,
                      "Plan Width": 8,
                      "Actual Startup Time": 311.789,
                      "Actual Total Time": 312.1,
                      "Actual Rows": 74230,
                      "Actual Loops": 4,
                      "Hash Buckets": 524288,
                      "Original Hash Buckets": 262144,
                      "Hash Batches": 1,
                      "Original Hash Batches": 1,
                      "Peak Memory Usage": 17824,
                      "Plans": [
                        {
                          "Node Type": "Hash Join",
                          "Parent Relationship": "Outer",
                          "Parallel Aware": true,
                          "Join Type": "Inner",
                          "Startup Cost": 33065.59,
                          "Total Cost": 79867.47,
                          "Plan Rows": 38786,
                          "Plan Width": 8,
                          "Actual Startup Time": 135.134,
                          "Actual Total Time": 284.14,
                          "Actual Rows": 74230,
                          "Actual Loops": 4,
                          "Inner Unique": false,
                          "Hash Cond": "(t.id = mc.movie_id)",
                          "Plans": [
                            {
                              "Node Type": "Seq Scan",
                              "Parent Relationship": "Outer",
                              "Parallel Aware": true,
                              "Relation Name": "title",
                              "Alias": "t",
                              "Startup Cost": 0.0,
                              "Total Cost": 45479.1,
                              "Plan Rows": 239532,
                              "Plan Width": 4,
                              "Actual Startup Time": 0.013,
                              "Actual Total Time": 83.209,
                              "Actual Rows": 240498,
                              "Actual Loops": 4,
                              "Filter": "((kind_id < 7) AND (production_year > 1905))",
                              "Rows Removed by Filter": 391580
                            },
                            {
                              "Node Type": "Hash",
                              "Parent Relationship": "Inner",
                              "Parallel Aware": true,
                              "Startup Cost": 31414.82,
                              "Total Cost": 31414.82,
                              "Plan Rows": 132062,
                              "Plan Width": 4,
                              "Actual Startup Time": 133.09,
                              "Actual Total Time": 133.091,
                              "Actual Rows": 146618,
                              "Actual Loops": 4,
                              "Hash Buckets": 1048576,
                              "Original Hash Buckets": 524288,
                              "Hash Batches": 1,
                              "Original Hash Batches": 1,
                              "Peak Memory Usage": 35328,
                              "Plans": [
                                {
                                  "Node Type": "Seq Scan",
                                  "Parent Relationship": "Outer",
                                  "Parallel Aware": true,
                                  "Relation Name": "movie_companies",
                                  "Alias": "mc",
                                  "Startup Cost": 0.0,
                                  "Total Cost": 31414.82,
                                  "Plan Rows": 132062,
                                  "Plan Width": 4,
                                  "Actual Startup Time": 0.049,
                                  "Actual Total Time": 74.211,
                                  "Actual Rows": 146618,
                                  "Actual Loops": 4,
                                  "Filter": "((company_id < 2042) AND (company_type_id < 2))",
                                  "Rows Removed by Filter": 505664
                                }
                              ]
                            }
                          ]
                        }
                      ]
                    }
                  ]
                }
              ]
            }
          ]
        }
      ]
    },
    "Planning Time": 1.519,
    "Triggers": [],
    "Execution Time": 536.518
  }
]