{
  "Plan": {
    "Node Type": "Aggregate",
    "Strategy": "Plain",
    "Partial Mode": "Finalize",
    "Parallel Aware": false,
    "Startup Cost": 89776.7,
    "Total Cost": 89776.71,
    "Plan Rows": 1,
    "Plan Width": 8,
    "Actual Startup Time": 581.336,
    "Actual Total Time": 594.744,
    "Actual Rows": 1,
    "Actual Loops": 1,
    "Plans": [
      {
        "Node Type": "Gather",
        "Parent Relationship": "Outer",
        "Parallel Aware": false,
        "Startup Cost": 89776.59,
        "Total Cost": 89776.7,
        "Plan Rows": 1,
        "Plan Width": 8,
        "Actual Startup Time": 577.262,
        "Actual Total Time": 594.734,
        "Actual Rows": 2,
        "Actual Loops": 1,
        "Workers Planned": 1,
        "Workers Launched": 1,
        "Single Copy": false,
        "Plans": [
          {
            "Node Type": "Aggregate",
            "Strategy": "Plain",
            "Partial Mode": "Partial",
            "Parent Relationship": "Outer",
            "Parallel Aware": false,
            "Startup Cost": 88776.59,
            "Total Cost": 88776.6,
            "Plan Rows": 1,
            "Plan Width": 8,
            "Actual Startup Time": 571.284,
            "Actual Total Time": 571.287,
            "Actual Rows": 1,
            "Actual Loops": 2,
            "Plans": [
              {
                "Node Type": "Hash Join",
                "Parent Relationship": "Outer",
                "Parallel Aware": true,
                "Join Type": "Inner",
                "Startup Cost": 69383.54,
                "Total Cost": 87567.33,
                "Plan Rows": 483702,
                "Plan Width": 0,
                "Actual Startup Time": 390.427,
                "Actual Total Time": 559.442,
                "Actual Rows": 299115,
                "Actual Loops": 2,
                "Inner Unique": true,
                "Hash Cond": "(mi_idx.movie_id = t.id)",
                "Plans": [
                  {
                    "Node Type": "Seq Scan",
                    "Parent Relationship": "Outer",
                    "Parallel Aware": true,
                    "Relation Name": "movie_info_idx",
                    "Alias": "mi_idx",
                    "Startup Cost": 0.0,
                    "Total Cost": 16052.85,
                    "Plan Rows": 811785,
                    "Plan Width": 4,
                    "Actual Startup Time": 0.018,
                    "Actual Total Time": 46.967,
                    "Actual Rows": 690018,
                    "Actual Loops": 2
                  },
                  {
                    "Node Type": "Hash",
                    "Parent Relationship": "Inner",
                    "Parallel Aware": true,
                    "Startup Cost": 58306.47,
                    "Total Cost": 58306.47,
                    "Plan Rows": 886166,
                    "Plan Width": 4,
                    "Actual Startup Time": 377.797,
                    "Actual Total Time": 377.798,
                    "Actual Rows": 802844,
                    "Actual Loops": 2,
                    "Hash Buckets": 2097152,
                    "Original Hash Buckets": 2097152,
                    "Hash Batches": 1,
                    "Original Hash Batches": 1,
                    "Peak Memory Usage": 79232,
                    "Plans": [
                      {
                        "Node Type": "Seq Scan",
                        "Parent Relationship": "Outer",
                        "Parallel Aware": true,
                        "Relation Name": "title",
                        "Alias": "t",
                        "Startup Cost": 0.0,
                        "Total Cost": 58306.47,
                        "Plan Rows": 886166,
                        "Plan Width": 4,
                        "Actual Startup Time": 0.047,
                        "Actual Total Time": 172.91,
                        "Actual Rows": 802844,
                        "Actual Loops": 2,
                        "Filter": "((kind_id > 2) AND (production_year > 1966))",
                        "Rows Removed by Filter": 461312
                      }
                    ]
                  }
                ]
              }
            ]
          }
        ]
      }
    ]
  },
  "Planning Time": 0.351,
  "Triggers": [],
  "Execution Time": 594.8
}