{
  "Plan": {
    "Node Type": "Aggregate",
    "Strategy": "Plain",
    "Partial Mode": "Finalize",
    "Parallel Aware": false,
    "Startup Cost": 160192.41,
    "Total Cost": 160192.42,
    "Plan Rows": 1,
    "Plan Width": 8,
    "Actual Startup Time": 177.791,
    "Actual Total Time": 200.048,
    "Actual Rows": 1,
    "Actual Loops": 1,
    "Plans": [
      {
        "Node Type": "Gather",
        "Parent Relationship": "Outer",
        "Parallel Aware": false,
        "Startup Cost": 160192.3,
        "Total Cost": 160192.41,
        "Plan Rows": 1,
        "Plan Width": 8,
        "Actual Startup Time": 177.681,
        "Actual Total Time": 200.04,
        "Actual Rows": 2,
        "Actual Loops": 1,
        "Workers Planned": 1,
        "Workers Launched": 1,
        "Single Copy": false,
        "Plans": [
          {
            "Node Type": "Aggregate",
            "Strategy": "Plain",
            "Partial Mode": "Partial",
            "Parent Relationship": "Outer",
            "Parallel Aware": false,
            "Startup Cost": 159192.3,
            "Total Cost": 159192.31,
            "Plan Rows": 1,
            "Plan Width": 8,
            "Actual Startup Time": 171.647,
            "Actual Total Time": 171.649,
            "Actual Rows": 1,
            "Actual Loops": 2,
            "Plans": [
              {
                "Node Type": "Nested Loop",
                "Parent Relationship": "Outer",
                "Parallel Aware": false,
                "Join Type": "Inner",
                "Startup Cost": 0.43,
                "Total Cost": 159182.46,
                "Plan Rows": 3938,
                "Plan Width": 0,
                "Actual Startup Time": 5.627,
                "Actual Total Time": 170.878,
                "Actual Rows": 11490,
                "Actual Loops": 2,
                "Inner Unique": false,
                "Plans": [
                  {
                    "Node Type": "Seq Scan",
                    "Parent Relationship": "Outer",
                    "Parallel Aware": true,
                    "Relation Name": "title",
                    "Alias": "t",
                    "Startup Cost": 0.0,
                    "Total Cost": 58306.47,
                    "Plan Rows": 674,
                    "Plan Width": 4,
                    "Actual Startup Time": 5.489,
                    "Actual Total Time": 134.761,
                    "Actual Rows": 1689,
                    "Actual Loops": 2,
                    "Filter": "((kind_id < 7) AND (production_year > 2013))",
                    "Rows Removed by Filter": 1262467
                  },
                  {
                    "Node Type": "Index Only Scan",
                    "Parent Relationship": "Inner",
                    "Parallel Aware": false,
                    "Scan Direction": "Forward",
                    "Index Name": "movie_id_movie_info",
                    "Relation Name": "movie_info",
                    "Alias": "mi",
                    "Startup Cost": 0.43,
                    "Total Cost": 149.25,
                    "Plan Rows": 42,
                    "Plan Width": 4,
                    "Actual Startup Time": 0.009,
                    "Actual Total Time": 0.02,
                    "Actual Rows": 7,
                    "Actual Loops": 3378,
                    "Index Cond": "(movie_id = t.id)",
                    "Rows Removed by Index Recheck": 0,
                    "Heap Fetches": 22981
                  }
                ]
              }
            ]
          }
        ]
      }
    ]
  },
  "Planning Time": 0.444,
  "Triggers": [],
  "Execution Time": 200.125
}