{
  "Plan": {
    "Node Type": "Aggregate",
    "Strategy": "Plain",
    "Partial Mode": "Finalize",
    "Parallel Aware": false,
    "Startup Cost": 127547.91,
    "Total Cost": 127547.92,
    "Plan Rows": 1,
    "Plan Width": 8,
    "Actual Startup Time": 590.451,
    "Actual Total Time": 607.992,
    "Actual Rows": 1,
    "Actual Loops": 1,
    "Plans": [
      {
        "Node Type": "Gather",
        "Parent Relationship": "Outer",
        "Parallel Aware": false,
        "Startup Cost": 127547.8,
        "Total Cost": 127547.91,
        "Plan Rows": 1,
        "Plan Width": 8,
        "Actual Startup Time": 589.241,
        "Actual Total Time": 607.985,
        "Actual Rows": 2,
        "Actual Loops": 1,
        "Workers Planned": 1,
        "Workers Launched": 1,
        "Single Copy": false,
        "Plans": [
          {
            "Node Type": "Aggregate",
            "Strategy": "Plain",
            "Partial Mode": "Partial",
            "Parent Relationship": "Outer",
            "Parallel Aware": false,
            "Startup Cost": 126547.8,
            "Total Cost": 126547.81,
            "Plan Rows": 1,
            "Plan Width": 8,
            "Actual Startup Time": 582.769,
            "Actual Total Time": 582.775,
            "Actual Rows": 1,
            "Actual Loops": 2,
            "Plans": [
              {
                "Node Type": "Hash Join",
                "Parent Relationship": "Outer",
                "Parallel Aware": true,
                "Join Type": "Inner",
                "Startup Cost": 105820.64,
                "Total Cost": 126363.63,
                "Plan Rows": 73667,
                "Plan Width": 0,
                "Actual Startup Time": 468.424,
                "Actual Total Time": 579.488,
                "Actual Rows": 82360,
                "Actual Loops": 2,
                "Inner Unique": false,
                "Hash Cond": "(mi_idx.movie_id = t.id)",
                "Plans": [
                  {
                    "Node Type": "Seq Scan",
                    "Parent Relationship": "Outer",
                    "Parallel Aware": true,
                    "Relation Name": "movie_info_idx",
                    "Alias": "mi_idx",
                    "Startup Cost": 0.0,
                    "Total Cost": 18082.32,
                    "Plan Rows": 540622,
                    "Plan Width": 4,
                    "Actual Startup Time": 0.027,
                    "Actual Total Time": 57.695,
                    "Actual Rows": 459925,
                    "Actual Loops": 2,
                    "Filter": "(info_type_id < 101)",
                    "Rows Removed by Filter": 230092
                  },
                  {
                    "Node Type": "Hash",
                    "Parent Relationship": "Inner",
                    "Parallel Aware": true,
                    "Startup Cost": 103287.44,
                    "Total Cost": 103287.44,
                    "Plan Rows": 202656,
                    "Plan Width": 8,
                    "Actual Startup Time": 462.898,
                    "Actual Total Time": 462.902,
                    "Actual Rows": 95469,
                    "Actual Loops": 2,
                    "Hash Buckets": 524288,
                    "Original Hash Buckets": 524288,
                    "Hash Batches": 1,
                    "Original Hash Batches": 1,
                    "Peak Memory Usage": 11616,
                    "Plans": [
                      {
                        "Node Type": "Hash Join",
                        "Parent Relationship": "Outer",
                        "Parallel Aware": true,
                        "Join Type": "Inner",
                        "Startup Cost": 41929.84,
                        "Total Cost": 103287.44,
                        "Plan Rows": 202656,
                        "Plan Width": 8,
                        "Actual Startup Time": 140.355,
                        "Actual Total Time": 436.182,
                        "Actual Rows": 95469,
                        "Actual Loops": 2,
                        "Inner Unique": false,
                        "Hash Cond": "(t.id = mc.movie_id)",
                        "Plans": [
                          {
                            "Node Type": "Seq Scan",
                            "Parent Relationship": "Outer",
                            "Parallel Aware": true,
                            "Relation Name": "title",
                            "Alias": "t",
                            "Startup Cost": 0.0,
                            "Total Cost": 50870.31,
                            "Plan Rows": 1487231,
                            "Plan Width": 4,
                            "Actual Startup Time": 0.01,
                            "Actual Total Time": 117.34,
                            "Actual Rows": 1264156,
                            "Actual Loops": 2
                          },
                          {
                            "Node Type": "Hash",
                            "Parent Relationship": "Inner",
                            "Parallel Aware": true,
                            "Startup Cost": 39396.64,
                            "Total Cost": 39396.64,
                            "Plan Rows": 202656,
                            "Plan Width": 4,
                            "Actual Startup Time": 136.691,
                            "Actual Total Time": 136.692,
                            "Actual Rows": 95469,
                            "Actual Loops": 2,
                            "Hash Buckets": 524288,
                            "Original Hash Buckets": 524288,
                            "Hash Batches": 1,
                            "Original Hash Batches": 1,
                            "Peak Memory Usage": 11584,
                            "Plans": [
                              {
                                "Node Type": "Bitmap Heap Scan",
                                "Parent Relationship": "Outer",
                                "Parallel Aware": true,
                                "Relation Name": "movie_companies",
                                "Alias": "mc",
                                "Startup Cost": 14619.57,
                                "Total Cost": 39396.64,
                                "Plan Rows": 202656,
                                "Plan Width": 4,
                                "Actual Startup Time": 89.26,
                                "Actual Total Time": 113.528,
                                "Actual Rows": 95469,
                                "Actual Loops": 2,
                                "Recheck Cond": "(company_id < 1085)",
                                "Rows Removed by Index Recheck": 0,
                                "Filter": "(company_type_id > 1)",
                                "Rows Removed by Filter": 240696,
                                "Exact Heap Blocks": 12723,
                                "Lossy Heap Blocks": 0,
                                "Plans": [
                                  {
                                    "Node Type": "Bitmap Index Scan",
                                    "Parent Relationship": "Outer",
                                    "Parallel Aware": false,
                                    "Index Name": "company_id_movie_companies",
                                    "Startup Cost": 0.0,
                                    "Total Cost": 14533.44,
                                    "Plan Rows": 678535,
                                    "Plan Width": 0,
                                    "Actual Startup Time": 39.878,
                                    "Actual Total Time": 39.878,
                                    "Actual Rows": 672329,
                                    "Actual Loops": 1,
                                    "Index Cond": "(company_id < 1085)"
                                  }
                                ]
                              }
                            ]
                          }
                        ]
                      }
                    ]
                  }
                ]
              }
            ]
          }
        ]
      }
    ]
  },
  "Planning Time": 1.062,
  "Triggers": [],
  "Execution Time": 608.097
}