[
  {
    "Plan": {
      "Node Type": "Aggregate",
      "Strategy": "Plain",
      "Partial Mode": "Finalize",
      "Parallel Aware": false,
      "Startup Cost": 54483.16,
      "Total Cost": 54483.17,
      "Plan Rows": 1,
      "Plan Width": 8,
      "Actual Startup Time": 162.595,
      "Actual Total Time": 169.876,
      "Actual Rows": 1,
      "Actual Loops": 1,
      "Plans": [
        {
          "Node Type": "Gather",
          "Parent Relationship": "Outer",
          "Parallel Aware": false,
          "Startup Cost": 54482.95,
          "Total Cost": 54483.16,
          "Plan Rows": 2,
          "Plan Width": 8,
          "Actual Startup Time": 162.313,
          "Actual Total Time": 169.866,
          "Actual Rows": 3,
          "Actual Loops": 1,
          "Workers Planned": 2,
          "Workers Launched": 2,
          "Single Copy": false,
          "Plans": [
            {
              "Node Type": "Aggregate",
              "Strategy": "Plain",
              "Partial Mode": "Partial",
              "Parent Relationship": "Outer",
              "Parallel Aware": false,
              "Startup Cost": 53482.95,
              "Total Cost": 53482.96,
              "Plan Rows": 1,
              "Plan Width": 8,
              "Actual Startup Time": 154.285,
              "Actual Total Time": 154.289,
              "Actual Rows": 1,
              "Actual Loops": 3,
              "Plans": [
                {
                  "Node Type": "Hash Join",
                  "Parent Relationship": "Outer",
                  "Parallel Aware": true,
                  "Join Type": "Inner",
                  "Startup Cost": 38276.29,
                  "Total Cost": 53470.85,
                  "Plan Rows": 4839,
                  "Plan Width": 0,
                  "Actual Startup Time": 95.864,
                  "Actual Total Time": 153.866,
                  "Actual Rows": 6102,
                  "Actual Loops": 3,
                  "Inner Unique": true,
                  "Hash Cond": "(mi_idx.movie_id = t.id)",
                  "Plans": [
                    {
                      "Node Type": "Seq Scan",
                      "Parent Relationship": "Outer",
                      "Parallel Aware": true,
                      "Relation Name": "movie_info_idx",
                      "Alias": "mi_idx",
                      "Startup Cost": 0.0,
                      "Total Cost": 13685.15,
                      "Plan Rows": 575015,
                      "Plan Width": 4,
                      "Actual Startup Time": 0.025,
                      "Actual Total Time": 45.876,
                      "Actual Rows": 460012,
                      "Actual Loops": 3
                    },
                    {
                      "Node Type": "Hash",
                      "Parent Relationship": "Inner",
                      "Parallel Aware": true,
                      "Startup Cost": 38209.8,
                      "Total Cost": 38209.8,
                      "Plan Rows": 5319,
                      "Plan Width": 4,
                      "Actual Startup Time": 56.82,
                      "Actual Total Time": 56.822,
                      "Actual Rows": 8273,
                      "Actual Loops": 3,
                      "Hash Buckets": 32768,
                      "Original Hash Buckets": 32768,
                      "Hash Batches": 1,
                      "Original Hash Batches": 1,
                      "Peak Memory Usage": 1248,
                      "Plans": [
                        {
                          "Node Type": "Bitmap Heap Scan",
                          "Parent Relationship": "Outer",
                          "Parallel Aware": true,
                          "Relation Name": "title",
                          "Alias": "t",
                          "Startup Cost": 1828.45,
                          "Total Cost": 38209.8,
                          "Plan Rows": 5319,
                          "Plan Width": 4,
                          "Actual Startup Time": 14.103,
                          "Actual Total Time": 52.74,
                          "Actual Rows": 8273,
                          "Actual Loops": 3,
                          "Recheck Cond": "(kind_id = 3)",
                          "Rows Removed by Index Recheck": 0,
                          "Filter": "(production_year < 1982)",
                          "Rows Removed by Filter": 25239,
                          "Exact Heap Blocks": 7878,
                          "Lossy Heap Blocks": 0,
                          "Plans": [
                            {
                              "Node Type": "Bitmap Index Scan",
                              "Parent Relationship": "Outer",
                              "Parallel Aware": false,
                              "Index Name": "kind_id_title",
                              "Startup Cost": 0.0,
                              "Total Cost": 1823.13,
                              "Plan Rows": 102227,
                              "Plan Width": 0,
                              "Actual Startup Time": 15.044,
                              "Actual Total Time": 15.044,
                              "Actual Rows": 100537,
                              "Actual Loops": 1,
                              "Index Cond": "(kind_id = 3)"
                            }
                          ]
                        }
                      ]
                    }
                  ]
                }
              ]
            }
          ]
        }
      ]
    },
    "Planning Time": 0.607,
    "Triggers": [],
    "Execution Time": 169.97
  }
]