[
  {
    "Plan": {
      "Node Type": "Aggregate",
      "Strategy": "Plain",
      "Partial Mode": "Finalize",
      "Parallel Aware": false,
      "Startup Cost": 90957.4,
      "Total Cost": 90957.41,
      "Plan Rows": 1,
      "Plan Width": 8,
      "Actual Startup Time": 286.513,
      "Actual Total Time": 299.211,
      "Actual Rows": 1,
      "Actual Loops": 1,
      "Plans": [
        {
          "Node Type": "Gather",
          "Parent Relationship": "Outer",
          "Parallel Aware": false,
          "Startup Cost": 90957.09,
          "Total Cost": 90957.4,
          "Plan Rows": 3,
          "Plan Width": 8,
          "Actual Startup Time": 284.513,
          "Actual Total Time": 299.206,
          "Actual Rows": 4,
          "Actual Loops": 1,
          "Workers Planned": 3,
          "Workers Launched": 3,
          "Single Copy": false,
          "Plans": [
            {
              "Node Type": "Aggregate",
              "Strategy": "Plain",
              "Partial Mode": "Partial",
              "Parent Relationship": "Outer",
              "Parallel Aware": false,
              "Startup Cost": 89957.09,
              "Total Cost": 89957.1,
              "Plan Rows": 1,
              "Plan Width": 8,
              "Actual Startup Time": 279.299,
              "Actual Total Time": 279.301,
              "Actual Rows": 1,
              "Actual Loops": 4,
              "Plans": [
                {
                  "Node Type": "Hash Join",
                  "Parent Relationship": "Outer",
                  "Parallel Aware": true,
                  "Join Type": "Inner",
                  "Startup Cost": 45996.98,
                  "Total Cost": 89701.86,
                  "Plan Rows": 102089,
                  "Plan Width": 0,
                  "Actual Startup Time": 158.357,
                  "Actual Total Time": 271.664,
                  "Actual Rows": 183130,
                  "Actual Loops": 4,
                  "Inner Unique": true,
                  "Hash Cond": "(mk.movie_id = t.id)",
                  "Plans": [
                    {
                      "Node Type": "Seq Scan",
                      "Parent Relationship": "Outer",
                      "Parallel Aware": true,
                      "Relation Name": "movie_keyword",
                      "Alias": "mk",
                      "Startup Cost": 0.0,
                      "Total Cost": 42695.65,
                      "Plan Rows": 384468,
                      "Plan Width": 4,
                      "Actual Startup Time": 0.013,
                      "Actual Total Time": 85.782,
                      "Actual Rows": 296048,
                      "Actual Loops": 4,
                      "Filter": "(keyword_id < 1411)",
                      "Rows Removed by Filter": 834935
                    },
                    {
                      "Node Type": "Hash",
                      "Parent Relationship": "Inner",
                      "Parallel Aware": true,
                      "Startup Cost": 43899.01,
                      "Total Cost": 43899.01,
                      "Plan Rows": 167838,
                      "Plan Width": 4,
                      "Actual Startup Time": 130.396,
                      "Actual Total Time": 130.397,
                      "Actual Rows": 165706,
                      "Actual Loops": 4,
                      "Hash Buckets": 1048576,
                      "Original Hash Buckets": 1048576,
                      "Hash Batches": 1,
                      "Original Hash Batches": 1,
                      "Peak Memory Usage": 34208,
                      "Plans": [
                        {
                          "Node Type": "Seq Scan",
                          "Parent Relationship": "Outer",
                          "Parallel Aware": true,
                          "Relation Name": "title",
                          "Alias": "t",
                          "Startup Cost": 0.0,
                          "Total Cost": 43899.01,
                          "Plan Rows": 167838,
                          "Plan Width": 4,
                          "Actual Startup Time": 33.387,
                          "Actual Total Time": 80.537,
                          "Actual Rows": 165706,
                          "Actual Loops": 4,
                          "Filter": "(kind_id = 1)",
                          "Rows Removed by Filter": 466372
                        }
                      ]
                    }
                  ]
                }
              ]
            }
          ]
        }
      ]
    },
    "Planning Time": 0.359,
    "Triggers": [],
    "Execution Time": 299.258
  }
]