[
    {
        "Bao": {
            "Bao prediction": 453.432,
            "Bao recommended hint": "(no hint)"
        }
    },
    {
        "Plan": {
            "Node Type": "Aggregate",
            "Strategy": "Plain",
            "Partial Mode": "Finalize",
            "Parallel Aware": false,
            "Startup Cost": 345643.66,
            "Total Cost": 345643.67,
            "Plan Rows": 1,
            "Plan Width": 8,
            "Actual Startup Time": 749.15,
            "Actual Total Time": 787.496,
            "Actual Rows": 1,
            "Actual Loops": 1,
            "Output": [
                "count(*)"
            ],
            "Plans": [
                {
                    "Node Type": "Gather",
                    "Parent Relationship": "Outer",
                    "Parallel Aware": false,
                    "Startup Cost": 345643.03,
                    "Total Cost": 345643.64,
                    "Plan Rows": 6,
                    "Plan Width": 8,
                    "Actual Startup Time": 749.027,
                    "Actual Total Time": 787.486,
                    "Actual Rows": 7,
                    "Actual Loops": 1,
                    "Output": [
                        "(PARTIAL count(*))"
                    ],
                    "Workers Planned": 6,
                    "Workers Launched": 6,
                    "Single Copy": false,
                    "Plans": [
                        {
                            "Node Type": "Aggregate",
                            "Strategy": "Plain",
                            "Partial Mode": "Partial",
                            "Parent Relationship": "Outer",
                            "Parallel Aware": false,
                            "Startup Cost": 344643.03,
                            "Total Cost": 344643.04,
                            "Plan Rows": 1,
                            "Plan Width": 8,
                            "Actual Startup Time": 738.056,
                            "Actual Total Time": 738.057,
                            "Actual Rows": 1,
                            "Actual Loops": 7,
                            "Output": [
                                "PARTIAL count(*)"
                            ],
                            "Workers": [
                                {
                                    "Worker Number": 0,
                                    "Actual Startup Time": 735.695,
                                    "Actual Total Time": 735.696,
                                    "Actual Rows": 1,
                                    "Actual Loops": 1
                                },
                                {
                                    "Worker Number": 1,
                                    "Actual Startup Time": 735.691,
                                    "Actual Total Time": 735.692,
                                    "Actual Rows": 1,
                                    "Actual Loops": 1
                                },
                                {
                                    "Worker Number": 2,
                                    "Actual Startup Time": 735.687,
                                    "Actual Total Time": 735.688,
                                    "Actual Rows": 1,
                                    "Actual Loops": 1
                                },
                                {
                                    "Worker Number": 3,
                                    "Actual Startup Time": 736.527,
                                    "Actual Total Time": 736.528,
                                    "Actual Rows": 1,
                                    "Actual Loops": 1
                                },
                                {
                                    "Worker Number": 4,
                                    "Actual Startup Time": 736.94,
                                    "Actual Total Time": 736.941,
                                    "Actual Rows": 1,
                                    "Actual Loops": 1
                                },
                                {
                                    "Worker Number": 5,
                                    "Actual Startup Time": 737.7,
                                    "Actual Total Time": 737.701,
                                    "Actual Rows": 1,
                                    "Actual Loops": 1
                                }
                            ],
                            "Plans": [
                                {
                                    "Node Type": "Seq Scan",
                                    "Parent Relationship": "Outer",
                                    "Parallel Aware": true,
                                    "Relation Name": "cast_info",
                                    "Schema": "public",
                                    "Alias": "ci",
                                    "Startup Cost": 0.0,
                                    "Total Cost": 343318.94,
                                    "Plan Rows": 529636,
                                    "Plan Width": 0,
                                    "Actual Startup Time": 270.168,
                                    "Actual Total Time": 726.031,
                                    "Actual Rows": 197759,
                                    "Actual Loops": 7,
                                    "Output": [
                                        "id",
                                        "person_id",
                                        "movie_id",
                                        "person_role_id",
                                        "note",
                                        "nr_order",
                                        "role_id"
                                    ],
                                    "Filter": "((ci.person_id < 485211) AND (ci.role_id > 1))",
                                    "Rows Removed by Filter": 4980004,
                                    "Workers": [
                                        {
                                            "Worker Number": 0,
                                            "Actual Startup Time": 266.683,
                                            "Actual Total Time": 723.984,
                                            "Actual Rows": 170919,
                                            "Actual Loops": 1
                                        },
                                        {
                                            "Worker Number": 1,
                                            "Actual Startup Time": 265.317,
                                            "Actual Total Time": 723.943,
                                            "Actual Rows": 172062,
                                            "Actual Loops": 1
                                        },
                                        {
                                            "Worker Number": 2,
                                            "Actual Startup Time": 265.547,
                                            "Actual Total Time": 724.079,
                                            "Actual Rows": 169791,
                                            "Actual Loops": 1
                                        },
                                        {
                                            "Worker Number": 3,
                                            "Actual Startup Time": 266.544,
                                            "Actual Total Time": 724.757,
                                            "Actual Rows": 172131,
                                            "Actual Loops": 1
                                        },
                                        {
                                            "Worker Number": 4,
                                            "Actual Startup Time": 268.497,
                                            "Actual Total Time": 725.225,
                                            "Actual Rows": 168781,
                                            "Actual Loops": 1
                                        },
                                        {
                                            "Worker Number": 5,
                                            "Actual Startup Time": 280.234,
                                            "Actual Total Time": 725.901,
                                            "Actual Rows": 172579,
                                            "Actual Loops": 1
                                        }
                                    ]
                                }
                            ]
                        }
                    ]
                }
            ]
        },
        "Planning Time": 1560.653,
        "Triggers": [],
        "Execution Time": 787.651
    }
]