{
  "Plan": {
    "Node Type": "Aggregate",
    "Strategy": "Plain",
    "Partial Mode": "Finalize",
    "Parallel Aware": false,
    "Startup Cost": 173422.29,
    "Total Cost": 173422.3,
    "Plan Rows": 1,
    "Plan Width": 8,
    "Actual Startup Time": 950.506,
    "Actual Total Time": 1007.714,
    "Actual Rows": 1,
    "Actual Loops": 1,
    "Plans": [
      {
        "Node Type": "Gather",
        "Parent Relationship": "Outer",
        "Parallel Aware": false,
        "Startup Cost": 173422.18,
        "Total Cost": 173422.29,
        "Plan Rows": 1,
        "Plan Width": 8,
        "Actual Startup Time": 946.397,
        "Actual Total Time": 1007.706,
        "Actual Rows": 2,
        "Actual Loops": 1,
        "Workers Planned": 1,
        "Workers Launched": 1,
        "Single Copy": false,
        "Plans": [
          {
            "Node Type": "Aggregate",
            "Strategy": "Plain",
            "Partial Mode": "Partial",
            "Parent Relationship": "Outer",
            "Parallel Aware": false,
            "Startup Cost": 172422.18,
            "Total Cost": 172422.19,
            "Plan Rows": 1,
            "Plan Width": 8,
            "Actual Startup Time": 933.141,
            "Actual Total Time": 933.144,
            "Actual Rows": 1,
            "Actual Loops": 2,
            "Plans": [
              {
                "Node Type": "Nested Loop",
                "Parent Relationship": "Outer",
                "Parallel Aware": false,
                "Join Type": "Inner",
                "Startup Cost": 70708.31,
                "Total Cost": 171186.09,
                "Plan Rows": 494436,
                "Plan Width": 0,
                "Actual Startup Time": 521.194,
                "Actual Total Time": 918.658,
                "Actual Rows": 308327,
                "Actual Loops": 2,
                "Inner Unique": false,
                "Plans": [
                  {
                    "Node Type": "Hash Join",
                    "Parent Relationship": "Outer",
                    "Parallel Aware": true,
                    "Join Type": "Inner",
                    "Startup Cost": 70707.75,
                    "Total Cost": 95683.65,
                    "Plan Rows": 34506,
                    "Plan Width": 8,
                    "Actual Startup Time": 521.076,
                    "Actual Total Time": 561.023,
                    "Actual Rows": 29224,
                    "Actual Loops": 2,
                    "Inner Unique": true,
                    "Hash Cond": "(mk.movie_id = t.id)",
                    "Plans": [
                      {
                        "Node Type": "Bitmap Heap Scan",
                        "Parent Relationship": "Outer",
                        "Parallel Aware": true,
                        "Relation Name": "movie_keyword",
                        "Alias": "mk",
                        "Startup Cost": 1247.05,
                        "Total Cost": 26132.37,
                        "Plan Rows": 34506,
                        "Plan Width": 4,
                        "Actual Startup Time": 4.818,
                        "Actual Total Time": 24.587,
                        "Actual Rows": 29224,
                        "Actual Loops": 2,
                        "Recheck Cond": "(keyword_id = 16264)",
                        "Rows Removed by Index Recheck": 0,
                        "Exact Heap Blocks": 7352,
                        "Lossy Heap Blocks": 0,
                        "Plans": [
                          {
                            "Node Type": "Bitmap Index Scan",
                            "Parent Relationship": "Outer",
                            "Parallel Aware": false,
                            "Index Name": "keyword_id_movie_keyword",
                            "Startup Cost": 0.0,
                            "Total Cost": 1232.38,
                            "Plan Rows": 58660,
                            "Plan Width": 0,
                            "Actual Startup Time": 3.218,
                            "Actual Total Time": 3.219,
                            "Actual Rows": 58448,
                            "Actual Loops": 1,
                            "Index Cond": "(keyword_id = 16264)"
                          }
                        ]
                      },
                      {
                        "Node Type": "Hash",
                        "Parent Relationship": "Inner",
                        "Parallel Aware": true,
                        "Startup Cost": 50870.31,
                        "Total Cost": 50870.31,
                        "Plan Rows": 1487231,
                        "Plan Width": 4,
                        "Actual Startup Time": 494.128,
                        "Actual Total Time": 494.128,
                        "Actual Rows": 1264156,
                        "Actual Loops": 2,
                        "Hash Buckets": 4194304,
                        "Original Hash Buckets": 4194304,
                        "Hash Batches": 1,
                        "Original Hash Batches": 1,
                        "Peak Memory Usage": 131712,
                        "Plans": [
                          {
                            "Node Type": "Seq Scan",
                            "Parent Relationship": "Outer",
                            "Parallel Aware": true,
                            "Relation Name": "title",
                            "Alias": "t",
                            "Startup Cost": 0.0,
                            "Total Cost": 50870.31,
                            "Plan Rows": 1487231,
                            "Plan Width": 4,
                            "Actual Startup Time": 0.026,
                            "Actual Total Time": 151.361,
                            "Actual Rows": 1264156,
                            "Actual Loops": 2
                          }
                        ]
                      }
                    ]
                  },
                  {
                    "Node Type": "Index Only Scan",
                    "Parent Relationship": "Inner",
                    "Parallel Aware": false,
                    "Scan Direction": "Forward",
                    "Index Name": "movie_id_cast_info",
                    "Relation Name": "cast_info",
                    "Alias": "ci",
                    "Startup Cost": 0.56,
                    "Total Cost": 1.82,
                    "Plan Rows": 37,
                    "Plan Width": 4,
                    "Actual Startup Time": 0.003,
                    "Actual Total Time": 0.011,
                    "Actual Rows": 11,
                    "Actual Loops": 58448,
                    "Index Cond": "(movie_id = t.id)",
                    "Rows Removed by Index Recheck": 0,
                    "Heap Fetches": 616654
                  }
                ]
              }
            ]
          }
        ]
      }
    ]
  },
  "Planning Time": 0.97,
  "Triggers": [],
  "Execution Time": 1007.833
}