{
  "Plan": {
    "Node Type": "Aggregate",
    "Strategy": "Plain",
    "Partial Mode": "Finalize",
    "Parallel Aware": false,
    "Startup Cost": 1435370.95,
    "Total Cost": 1435370.96,
    "Plan Rows": 1,
    "Plan Width": 8,
    "Actual Startup Time": 9590.16,
    "Actual Total Time": 9645.228,
    "Actual Rows": 1,
    "Actual Loops": 1,
    "Plans": [
      {
        "Node Type": "Gather",
        "Parent Relationship": "Outer",
        "Parallel Aware": false,
        "Startup Cost": 1435370.84,
        "Total Cost": 1435370.95,
        "Plan Rows": 1,
        "Plan Width": 8,
        "Actual Startup Time": 9581.32,
        "Actual Total Time": 9645.219,
        "Actual Rows": 2,
        "Actual Loops": 1,
        "Workers Planned": 1,
        "Workers Launched": 1,
        "Single Copy": false,
        "Plans": [
          {
            "Node Type": "Aggregate",
            "Strategy": "Plain",
            "Partial Mode": "Partial",
            "Parent Relationship": "Outer",
            "Parallel Aware": false,
            "Startup Cost": 1434370.84,
            "Total Cost": 1434370.85,
            "Plan Rows": 1,
            "Plan Width": 8,
            "Actual Startup Time": 9575.588,
            "Actual Total Time": 9575.593,
            "Actual Rows": 1,
            "Actual Loops": 2,
            "Plans": [
              {
                "Node Type": "Merge Join",
                "Parent Relationship": "Outer",
                "Parallel Aware": false,
                "Join Type": "Inner",
                "Startup Cost": 312564.23,
                "Total Cost": 1422678.19,
                "Plan Rows": 4677059,
                "Plan Width": 0,
                "Actual Startup Time": 1605.784,
                "Actual Total Time": 8206.978,
                "Actual Rows": 33949906,
                "Actual Loops": 2,
                "Inner Unique": false,
                "Merge Cond": "(mi.movie_id = t.id)",
                "Plans": [
                  {
                    "Node Type": "Index Only Scan",
                    "Parent Relationship": "Outer",
                    "Parallel Aware": true,
                    "Scan Direction": "Forward",
                    "Index Name": "movie_id_movie_info",
                    "Relation Name": "movie_info",
                    "Alias": "mi",
                    "Startup Cost": 0.43,
                    "Total Cost": 1018223.42,
                    "Plan Rows": 8696274,
                    "Plan Width": 4,
                    "Actual Startup Time": 0.091,
                    "Actual Total Time": 2171.556,
                    "Actual Rows": 7417283,
                    "Actual Loops": 2,
                    "Heap Fetches": 14834566
                  },
                  {
                    "Node Type": "Sort",
                    "Parent Relationship": "Inner",
                    "Parallel Aware": false,
                    "Startup Cost": 312563.49,
                    "Total Cost": 315962.93,
                    "Plan Rows": 1359775,
                    "Plan Width": 8,
                    "Actual Startup Time": 1596.726,
                    "Actual Total Time": 2769.355,
                    "Actual Rows": 34501806,
                    "Actual Loops": 2,
                    "Sort Key": [
                      "mk.movie_id"
                    ],
                    "Sort Method": "quicksort",
                    "Sort Space Used": 101682,
                    "Sort Space Type": "Memory",
                    "Workers": [
                      {
                        "Worker Number": 0,
                        "Sort Method": "quicksort",
                        "Sort Space Used": 101682,
                        "Sort Space Type": "Memory"
                      }
                    ],
                    "Plans": [
                      {
                        "Node Type": "Hash Join",
                        "Parent Relationship": "Outer",
                        "Parallel Aware": false,
                        "Join Type": "Inner",
                        "Startup Cost": 87309.89,
                        "Total Cost": 174036.85,
                        "Plan Rows": 1359775,
                        "Plan Width": 8,
                        "Actual Startup Time": 692.359,
                        "Actual Total Time": 1366.152,
                        "Actual Rows": 1120636,
                        "Actual Loops": 2,
                        "Inner Unique": true,
                        "Hash Cond": "(mk.movie_id = t.id)",
                        "Plans": [
                          {
                            "Node Type": "Seq Scan",
                            "Parent Relationship": "Outer",
                            "Parallel Aware": false,
                            "Relation Name": "movie_keyword",
                            "Alias": "mk",
                            "Startup Cost": 0.0,
                            "Total Cost": 81003.12,
                            "Plan Rows": 2180504,
                            "Plan Width": 4,
                            "Actual Startup Time": 3.228,
                            "Actual Total Time": 359.236,
                            "Actual Rows": 2180433,
                            "Actual Loops": 2,
                            "Filter": "(keyword_id > 5210)",
                            "Rows Removed by Filter": 2343497
                          },
                          {
                            "Node Type": "Hash",
                            "Parent Relationship": "Inner",
                            "Parallel Aware": false,
                            "Startup Cost": 67601.66,
                            "Total Cost": 67601.66,
                            "Plan Rows": 1576658,
                            "Plan Width": 4,
                            "Actual Startup Time": 676.21,
                            "Actual Total Time": 676.211,
                            "Actual Rows": 1570568,
                            "Actual Loops": 2,
                            "Hash Buckets": 2097152,
                            "Original Hash Buckets": 2097152,
                            "Hash Batches": 1,
                            "Original Hash Batches": 1,
                            "Peak Memory Usage": 71600,
                            "Plans": [
                              {
                                "Node Type": "Seq Scan",
                                "Parent Relationship": "Outer",
                                "Parallel Aware": false,
                                "Relation Name": "title",
                                "Alias": "t",
                                "Startup Cost": 0.0,
                                "Total Cost": 67601.66,
                                "Plan Rows": 1576658,
                                "Plan Width": 4,
                                "Actual Startup Time": 0.03,
                                "Actual Total Time": 320.308,
                                "Actual Rows": 1570568,
                                "Actual Loops": 2,
                                "Filter": "(production_year > 1996)",
                                "Rows Removed by Filter": 957744
                              }
                            ]
                          }
                        ]
                      }
                    ]
                  }
                ]
              }
            ]
          }
        ]
      }
    ]
  },
  "Planning Time": 0.876,
  "Triggers": [],
  "Execution Time": 9661.13
}