[
  {
    "Plan": {
      "Node Type": "Aggregate",
      "Strategy": "Plain",
      "Partial Mode": "Finalize",
      "Parallel Aware": false,
      "Startup Cost": 352337.75,
      "Total Cost": 352337.76,
      "Plan Rows": 1,
      "Plan Width": 8,
      "Actual Startup Time": 928.598,
      "Actual Total Time": 989.629,
      "Actual Rows": 1,
      "Actual Loops": 1,
      "Plans": [
        {
          "Node Type": "Gather",
          "Parent Relationship": "Outer",
          "Parallel Aware": false,
          "Startup Cost": 352337.12,
          "Total Cost": 352337.73,
          "Plan Rows": 6,
          "Plan Width": 8,
          "Actual Startup Time": 928.415,
          "Actual Total Time": 989.618,
          "Actual Rows": 7,
          "Actual Loops": 1,
          "Workers Planned": 6,
          "Workers Launched": 6,
          "Single Copy": false,
          "Plans": [
            {
              "Node Type": "Aggregate",
              "Strategy": "Plain",
              "Partial Mode": "Partial",
              "Parent Relationship": "Outer",
              "Parallel Aware": false,
              "Startup Cost": 351337.12,
              "Total Cost": 351337.14,
              "Plan Rows": 1,
              "Plan Width": 8,
              "Actual Startup Time": 919.226,
              "Actual Total Time": 919.227,
              "Actual Rows": 1,
              "Actual Loops": 7,
              "Plans": [
                {
                  "Node Type": "Seq Scan",
                  "Parent Relationship": "Outer",
                  "Parallel Aware": true,
                  "Relation Name": "cast_info",
                  "Alias": "ci",
                  "Startup Cost": 0.0,
                  "Total Cost": 343316.27,
                  "Plan Rows": 3208342,
                  "Plan Width": 0,
                  "Actual Startup Time": 256.933,
                  "Actual Total Time": 785.578,
                  "Actual Rows": 2432776,
                  "Actual Loops": 7,
                  "Filter": "((person_id < 3003307) AND (role_id > 1))",
                  "Rows Removed by Filter": 2744987
                }
              ]
            }
          ]
        }
      ]
    },
    "Planning Time": 0.231,
    "Triggers": [],
    "Execution Time": 989.703
  }
]