[
  {
    "Plan": {
      "Node Type": "Aggregate",
      "Strategy": "Plain",
      "Partial Mode": "Finalize",
      "Parallel Aware": false,
      "Startup Cost": 342643.83,
      "Total Cost": 342643.84,
      "Plan Rows": 1,
      "Plan Width": 8,
      "Actual Startup Time": 954.557,
      "Actual Total Time": 1001.473,
      "Actual Rows": 1,
      "Actual Loops": 1,
      "Plans": [
        {
          "Node Type": "Gather",
          "Parent Relationship": "Outer",
          "Parallel Aware": false,
          "Startup Cost": 342643.21,
          "Total Cost": 342643.82,
          "Plan Rows": 6,
          "Plan Width": 8,
          "Actual Startup Time": 954.358,
          "Actual Total Time": 1001.461,
          "Actual Rows": 7,
          "Actual Loops": 1,
          "Workers Planned": 6,
          "Workers Launched": 6,
          "Single Copy": false,
          "Plans": [
            {
              "Node Type": "Aggregate",
              "Strategy": "Plain",
              "Partial Mode": "Partial",
              "Parent Relationship": "Outer",
              "Parallel Aware": false,
              "Startup Cost": 341643.21,
              "Total Cost": 341643.22,
              "Plan Rows": 1,
              "Plan Width": 8,
              "Actual Startup Time": 947.175,
              "Actual Total Time": 947.176,
              "Actual Rows": 1,
              "Actual Loops": 7,
              "Plans": [
                {
                  "Node Type": "Seq Scan",
                  "Parent Relationship": "Outer",
                  "Parallel Aware": true,
                  "Relation Name": "cast_info",
                  "Alias": "ci",
                  "Startup Cost": 0.0,
                  "Total Cost": 328211.39,
                  "Plan Rows": 5372727,
                  "Plan Width": 0,
                  "Actual Startup Time": 58.495,
                  "Actual Total Time": 702.138,
                  "Actual Rows": 4581336,
                  "Actual Loops": 7,
                  "Filter": "(person_id > 401643)",
                  "Rows Removed by Filter": 596428
                }
              ]
            }
          ]
        }
      ]
    },
    "Planning Time": 0.099,
    "Triggers": [],
    "Execution Time": 1001.515
  }
]