[
    {
        "Bao": {
            "Bao prediction": "NaN",
            "Bao recommended hint": "(no hint)"
        }
    },
    {
        "Plan": {
            "Node Type": "Aggregate",
            "Strategy": "Plain",
            "Partial Mode": "Finalize",
            "Parallel Aware": false,
            "Startup Cost": 46517.12,
            "Total Cost": 46517.13,
            "Plan Rows": 1,
            "Plan Width": 8,
            "Actual Startup Time": 164.179,
            "Actual Total Time": 170.105,
            "Actual Rows": 1,
            "Actual Loops": 1,
            "Output": [
                "count(*)"
            ],
            "Plans": [
                {
                    "Node Type": "Gather",
                    "Parent Relationship": "Outer",
                    "Parallel Aware": false,
                    "Startup Cost": 46516.8,
                    "Total Cost": 46517.11,
                    "Plan Rows": 3,
                    "Plan Width": 8,
                    "Actual Startup Time": 164.087,
                    "Actual Total Time": 170.097,
                    "Actual Rows": 4,
                    "Actual Loops": 1,
                    "Output": [
                        "(PARTIAL count(*))"
                    ],
                    "Workers Planned": 3,
                    "Workers Launched": 3,
                    "Single Copy": false,
                    "Plans": [
                        {
                            "Node Type": "Aggregate",
                            "Strategy": "Plain",
                            "Partial Mode": "Partial",
                            "Parent Relationship": "Outer",
                            "Parallel Aware": false,
                            "Startup Cost": 45516.8,
                            "Total Cost": 45516.81,
                            "Plan Rows": 1,
                            "Plan Width": 8,
                            "Actual Startup Time": 155.945,
                            "Actual Total Time": 155.947,
                            "Actual Rows": 1,
                            "Actual Loops": 4,
                            "Output": [
                                "PARTIAL count(*)"
                            ],
                            "Workers": [
                                {
                                    "Worker Number": 0,
                                    "Actual Startup Time": 153.052,
                                    "Actual Total Time": 153.053,
                                    "Actual Rows": 1,
                                    "Actual Loops": 1
                                },
                                {
                                    "Worker Number": 1,
                                    "Actual Startup Time": 153.255,
                                    "Actual Total Time": 153.256,
                                    "Actual Rows": 1,
                                    "Actual Loops": 1
                                },
                                {
                                    "Worker Number": 2,
                                    "Actual Startup Time": 153.835,
                                    "Actual Total Time": 153.836,
                                    "Actual Rows": 1,
                                    "Actual Loops": 1
                                }
                            ],
                            "Plans": [
                                {
                                    "Node Type": "Seq Scan",
                                    "Parent Relationship": "Outer",
                                    "Parallel Aware": true,
                                    "Relation Name": "movie_keyword",
                                    "Schema": "public",
                                    "Alias": "mk",
                                    "Startup Cost": 0.0,
                                    "Total Cost": 42695.65,
                                    "Plan Rows": 1128458,
                                    "Plan Width": 0,
                                    "Actual Startup Time": 0.048,
                                    "Actual Total Time": 114.645,
                                    "Actual Rows": 879672,
                                    "Actual Loops": 4,
                                    "Output": [
                                        "id",
                                        "movie_id",
                                        "keyword_id"
                                    ],
                                    "Filter": "(mk.keyword_id < 18354)",
                                    "Rows Removed by Filter": 251310,
                                    "Workers": [
                                        {
                                            "Worker Number": 0,
                                            "Actual Startup Time": 0.058,
                                            "Actual Total Time": 113.5,
                                            "Actual Rows": 817286,
                                            "Actual Loops": 1
                                        },
                                        {
                                            "Worker Number": 1,
                                            "Actual Startup Time": 0.058,
                                            "Actual Total Time": 114.004,
                                            "Actual Rows": 827015,
                                            "Actual Loops": 1
                                        },
                                        {
                                            "Worker Number": 2,
                                            "Actual Startup Time": 0.058,
                                            "Actual Total Time": 114.279,
                                            "Actual Rows": 815076,
                                            "Actual Loops": 1
                                        }
                                    ]
                                }
                            ]
                        }
                    ]
                }
            ]
        },
        "Planning Time": 217.839,
        "Triggers": [],
        "Execution Time": 170.182
    }
]