[
    {
        "Bao": {
            "Bao prediction": "NaN",
            "Bao recommended hint": "(no hint)"
        }
    },
    {
        "Plan": {
            "Node Type": "Aggregate",
            "Strategy": "Plain",
            "Partial Mode": "Finalize",
            "Parallel Aware": false,
            "Startup Cost": 33764.98,
            "Total Cost": 33764.99,
            "Plan Rows": 1,
            "Plan Width": 8,
            "Actual Startup Time": 94.737,
            "Actual Total Time": 101.852,
            "Actual Rows": 1,
            "Actual Loops": 1,
            "Output": [
                "count(*)"
            ],
            "Plans": [
                {
                    "Node Type": "Gather",
                    "Parent Relationship": "Outer",
                    "Parallel Aware": false,
                    "Startup Cost": 33764.66,
                    "Total Cost": 33764.97,
                    "Plan Rows": 3,
                    "Plan Width": 8,
                    "Actual Startup Time": 94.52,
                    "Actual Total Time": 101.844,
                    "Actual Rows": 4,
                    "Actual Loops": 1,
                    "Output": [
                        "(PARTIAL count(*))"
                    ],
                    "Workers Planned": 3,
                    "Workers Launched": 3,
                    "Single Copy": false,
                    "Plans": [
                        {
                            "Node Type": "Aggregate",
                            "Strategy": "Plain",
                            "Partial Mode": "Partial",
                            "Parent Relationship": "Outer",
                            "Parallel Aware": false,
                            "Startup Cost": 32764.66,
                            "Total Cost": 32764.67,
                            "Plan Rows": 1,
                            "Plan Width": 8,
                            "Actual Startup Time": 85.903,
                            "Actual Total Time": 85.904,
                            "Actual Rows": 1,
                            "Actual Loops": 4,
                            "Output": [
                                "PARTIAL count(*)"
                            ],
                            "Workers": [
                                {
                                    "Worker Number": 0,
                                    "Actual Startup Time": 83.189,
                                    "Actual Total Time": 83.191,
                                    "Actual Rows": 1,
                                    "Actual Loops": 1
                                },
                                {
                                    "Worker Number": 1,
                                    "Actual Startup Time": 83.217,
                                    "Actual Total Time": 83.219,
                                    "Actual Rows": 1,
                                    "Actual Loops": 1
                                },
                                {
                                    "Worker Number": 2,
                                    "Actual Startup Time": 83.181,
                                    "Actual Total Time": 83.183,
                                    "Actual Rows": 1,
                                    "Actual Loops": 1
                                }
                            ],
                            "Plans": [
                                {
                                    "Node Type": "Bitmap Heap Scan",
                                    "Parent Relationship": "Outer",
                                    "Parallel Aware": true,
                                    "Relation Name": "movie_keyword",
                                    "Schema": "public",
                                    "Alias": "mk",
                                    "Startup Cost": 6767.71,
                                    "Total Cost": 32507.5,
                                    "Plan Rows": 102863,
                                    "Plan Width": 0,
                                    "Actual Startup Time": 23.846,
                                    "Actual Total Time": 81.196,
                                    "Actual Rows": 78872,
                                    "Actual Loops": 4,
                                    "Recheck Cond": "(mk.keyword_id > 51672)",
                                    "Rows Removed by Index Recheck": 0,
                                    "Exact Heap Blocks": 10897,
                                    "Lossy Heap Blocks": 0,
                                    "Workers": [
                                        {
                                            "Worker Number": 0,
                                            "Actual Startup Time": 21.066,
                                            "Actual Total Time": 78.932,
                                            "Actual Rows": 55312,
                                            "Actual Loops": 1
                                        },
                                        {
                                            "Worker Number": 1,
                                            "Actual Startup Time": 21.41,
                                            "Actual Total Time": 78.942,
                                            "Actual Rows": 54740,
                                            "Actual Loops": 1
                                        },
                                        {
                                            "Worker Number": 2,
                                            "Actual Startup Time": 21.299,
                                            "Actual Total Time": 79.397,
                                            "Actual Rows": 49199,
                                            "Actual Loops": 1
                                        }
                                    ],
                                    "Plans": [
                                        {
                                            "Node Type": "Bitmap Index Scan",
                                            "Parent Relationship": "Outer",
                                            "Parallel Aware": false,
                                            "Index Name": "keyword_id_movie_keyword",
                                            "Startup Cost": 0.0,
                                            "Total Cost": 6687.99,
                                            "Plan Rows": 318875,
                                            "Plan Width": 0,
                                            "Actual Startup Time": 27.909,
                                            "Actual Total Time": 27.909,
                                            "Actual Rows": 315486,
                                            "Actual Loops": 1,
                                            "Index Cond": "(mk.keyword_id > 51672)"
                                        }
                                    ]
                                }
                            ]
                        }
                    ]
                }
            ]
        },
        "Planning Time": 196.154,
        "Triggers": [],
        "Execution Time": 101.956
    }
]