[
  {
    "Plan": {
      "Node Type": "Aggregate",
      "Strategy": "Plain",
      "Partial Mode": "Finalize",
      "Parallel Aware": false,
      "Startup Cost": 102208.29,
      "Total Cost": 102208.3,
      "Plan Rows": 1,
      "Plan Width": 8,
      "Actual Startup Time": 486.091,
      "Actual Total Time": 505.384,
      "Actual Rows": 1,
      "Actual Loops": 1,
      "Plans": [
        {
          "Node Type": "Gather",
          "Parent Relationship": "Outer",
          "Parallel Aware": false,
          "Startup Cost": 102208.07,
          "Total Cost": 102208.28,
          "Plan Rows": 2,
          "Plan Width": 8,
          "Actual Startup Time": 481.79,
          "Actual Total Time": 505.374,
          "Actual Rows": 3,
          "Actual Loops": 1,
          "Workers Planned": 2,
          "Workers Launched": 2,
          "Single Copy": false,
          "Plans": [
            {
              "Node Type": "Aggregate",
              "Strategy": "Plain",
              "Partial Mode": "Partial",
              "Parent Relationship": "Outer",
              "Parallel Aware": false,
              "Startup Cost": 101208.07,
              "Total Cost": 101208.08,
              "Plan Rows": 1,
              "Plan Width": 8,
              "Actual Startup Time": 478.493,
              "Actual Total Time": 478.788,
              "Actual Rows": 1,
              "Actual Loops": 3,
              "Plans": [
                {
                  "Node Type": "Hash Join",
                  "Parent Relationship": "Outer",
                  "Parallel Aware": true,
                  "Join Type": "Inner",
                  "Startup Cost": 84514.62,
                  "Total Cost": 101153.04,
                  "Plan Rows": 22014,
                  "Plan Width": 0,
                  "Actual Startup Time": 381.479,
                  "Actual Total Time": 472.823,
                  "Actual Rows": 144011,
                  "Actual Loops": 3,
                  "Inner Unique": false,
                  "Hash Cond": "(mi_idx.movie_id = t.id)",
                  "Plans": [
                    {
                      "Node Type": "Seq Scan",
                      "Parent Relationship": "Outer",
                      "Parallel Aware": true,
                      "Relation Name": "movie_info_idx",
                      "Alias": "mi_idx",
                      "Startup Cost": 0.0,
                      "Total Cost": 15122.68,
                      "Plan Rows": 385260,
                      "Plan Width": 4,
                      "Actual Startup Time": 0.018,
                      "Actual Total Time": 44.749,
                      "Actual Rows": 306703,
                      "Actual Loops": 3,
                      "Filter": "(info_type_id > 99)",
                      "Rows Removed by Filter": 153308
                    },
                    {
                      "Node Type": "Hash",
                      "Parent Relationship": "Inner",
                      "Parallel Aware": true,
                      "Startup Cost": 83932.06,
                      "Total Cost": 83932.06,
                      "Plan Rows": 46605,
                      "Plan Width": 8,
                      "Actual Startup Time": 379.756,
                      "Actual Total Time": 380.049,
                      "Actual Rows": 102795,
                      "Actual Loops": 3,
                      "Hash Buckets": 524288,
                      "Original Hash Buckets": 262144,
                      "Hash Batches": 1,
                      "Original Hash Batches": 1,
                      "Peak Memory Usage": 18240,
                      "Plans": [
                        {
                          "Node Type": "Hash Join",
                          "Parent Relationship": "Outer",
                          "Parallel Aware": true,
                          "Join Type": "Inner",
                          "Startup Cost": 57349.67,
                          "Total Cost": 83932.06,
                          "Plan Rows": 46605,
                          "Plan Width": 8,
                          "Actual Startup Time": 238.925,
                          "Actual Total Time": 344.724,
                          "Actual Rows": 102795,
                          "Actual Loops": 3,
                          "Inner Unique": true,
                          "Hash Cond": "(mk.movie_id = t.id)",
                          "Plans": [
                            {
                              "Node Type": "Bitmap Heap Scan",
                              "Parent Relationship": "Outer",
                              "Parallel Aware": true,
                              "Relation Name": "movie_keyword",
                              "Alias": "mk",
                              "Startup Cost": 9253.23,
                              "Total Cost": 35466.23,
                              "Plan Rows": 140720,
                              "Plan Width": 4,
                              "Actual Startup Time": 27.583,
                              "Actual Total Time": 84.899,
                              "Actual Rows": 145874,
                              "Actual Loops": 3,
                              "Recheck Cond": "(keyword_id < 338)",
                              "Rows Removed by Index Recheck": 0,
                              "Exact Heap Blocks": 9433,
                              "Lossy Heap Blocks": 0,
                              "Plans": [
                                {
                                  "Node Type": "Bitmap Index Scan",
                                  "Parent Relationship": "Outer",
                                  "Parallel Aware": false,
                                  "Index Name": "keyword_id_movie_keyword",
                                  "Startup Cost": 0.0,
                                  "Total Cost": 9144.17,
                                  "Plan Rows": 436232,
                                  "Plan Width": 0,
                                  "Actual Startup Time": 23.86,
                                  "Actual Total Time": 23.86,
                                  "Actual Rows": 437621,
                                  "Actual Loops": 1,
                                  "Index Cond": "(keyword_id < 338)"
                                }
                              ]
                            },
                            {
                              "Node Type": "Hash",
                              "Parent Relationship": "Inner",
                              "Parallel Aware": true,
                              "Startup Cost": 45479.59,
                              "Total Cost": 45479.59,
                              "Plan Rows": 209348,
                              "Plan Width": 4,
                              "Actual Startup Time": 207.612,
                              "Actual Total Time": 207.614,
                              "Actual Rows": 249956,
                              "Actual Loops": 3,
                              "Hash Buckets": 1048576,
                              "Original Hash Buckets": 1048576,
                              "Hash Batches": 1,
                              "Original Hash Batches": 1,
                              "Peak Memory Usage": 37568,
                              "Plans": [
                                {
                                  "Node Type": "Seq Scan",
                                  "Parent Relationship": "Outer",
                                  "Parallel Aware": true,
                                  "Relation Name": "title",
                                  "Alias": "t",
                                  "Startup Cost": 0.0,
                                  "Total Cost": 45479.59,
                                  "Plan Rows": 209348,
                                  "Plan Width": 4,
                                  "Actual Startup Time": 0.025,
                                  "Actual Total Time": 124.253,
                                  "Actual Rows": 249956,
                                  "Actual Loops": 3,
                                  "Filter": "((kind_id < 7) AND (production_year > 1966))",
                                  "Rows Removed by Filter": 592814
                                }
                              ]
                            }
                          ]
                        }
                      ]
                    }
                  ]
                }
              ]
            }
          ]
        }
      ]
    },
    "Planning Time": 0.625,
    "Triggers": [],
    "Execution Time": 505.445
  }
]