[
    {
        "Bao": {
            "Bao prediction": 658.882,
            "Bao recommended hint": "(no hint)"
        }
    },
    {
        "Plan": {
            "Node Type": "Aggregate",
            "Strategy": "Plain",
            "Partial Mode": "Finalize",
            "Parallel Aware": false,
            "Startup Cost": 29006.8,
            "Total Cost": 29006.81,
            "Plan Rows": 1,
            "Plan Width": 8,
            "Actual Startup Time": 83.304,
            "Actual Total Time": 87.013,
            "Actual Rows": 1,
            "Actual Loops": 1,
            "Output": [
                "count(*)"
            ],
            "Plans": [
                {
                    "Node Type": "Gather",
                    "Parent Relationship": "Outer",
                    "Parallel Aware": false,
                    "Startup Cost": 29006.48,
                    "Total Cost": 29006.79,
                    "Plan Rows": 3,
                    "Plan Width": 8,
                    "Actual Startup Time": 83.15,
                    "Actual Total Time": 87.006,
                    "Actual Rows": 4,
                    "Actual Loops": 1,
                    "Output": [
                        "(PARTIAL count(*))"
                    ],
                    "Workers Planned": 3,
                    "Workers Launched": 3,
                    "Single Copy": false,
                    "Plans": [
                        {
                            "Node Type": "Aggregate",
                            "Strategy": "Plain",
                            "Partial Mode": "Partial",
                            "Parent Relationship": "Outer",
                            "Parallel Aware": false,
                            "Startup Cost": 28006.48,
                            "Total Cost": 28006.49,
                            "Plan Rows": 1,
                            "Plan Width": 8,
                            "Actual Startup Time": 74.979,
                            "Actual Total Time": 74.98,
                            "Actual Rows": 1,
                            "Actual Loops": 4,
                            "Output": [
                                "PARTIAL count(*)"
                            ],
                            "Workers": [
                                {
                                    "Worker Number": 0,
                                    "Actual Startup Time": 72.111,
                                    "Actual Total Time": 72.113,
                                    "Actual Rows": 1,
                                    "Actual Loops": 1
                                },
                                {
                                    "Worker Number": 1,
                                    "Actual Startup Time": 72.488,
                                    "Actual Total Time": 72.49,
                                    "Actual Rows": 1,
                                    "Actual Loops": 1
                                },
                                {
                                    "Worker Number": 2,
                                    "Actual Startup Time": 72.752,
                                    "Actual Total Time": 72.753,
                                    "Actual Rows": 1,
                                    "Actual Loops": 1
                                }
                            ],
                            "Plans": [
                                {
                                    "Node Type": "Bitmap Heap Scan",
                                    "Parent Relationship": "Outer",
                                    "Parallel Aware": true,
                                    "Relation Name": "movie_companies",
                                    "Schema": "public",
                                    "Alias": "mc",
                                    "Startup Cost": 7411.24,
                                    "Total Cost": 27865.1,
                                    "Plan Rows": 56553,
                                    "Plan Width": 0,
                                    "Actual Startup Time": 30.515,
                                    "Actual Total Time": 68.572,
                                    "Actual Rows": 87946,
                                    "Actual Loops": 4,
                                    "Recheck Cond": "(mc.company_id > 88067)",
                                    "Rows Removed by Index Recheck": 0,
                                    "Filter": "(mc.company_type_id = 2)",
                                    "Rows Removed by Filter": 0,
                                    "Exact Heap Blocks": 2950,
                                    "Lossy Heap Blocks": 0,
                                    "Workers": [
                                        {
                                            "Worker Number": 0,
                                            "Actual Startup Time": 27.733,
                                            "Actual Total Time": 66.165,
                                            "Actual Rows": 55537,
                                            "Actual Loops": 1
                                        },
                                        {
                                            "Worker Number": 1,
                                            "Actual Startup Time": 28.177,
                                            "Actual Total Time": 66.52,
                                            "Actual Rows": 52611,
                                            "Actual Loops": 1
                                        },
                                        {
                                            "Worker Number": 2,
                                            "Actual Startup Time": 28.276,
                                            "Actual Total Time": 66.682,
                                            "Actual Rows": 54894,
                                            "Actual Loops": 1
                                        }
                                    ],
                                    "Plans": [
                                        {
                                            "Node Type": "Bitmap Index Scan",
                                            "Parent Relationship": "Outer",
                                            "Parallel Aware": false,
                                            "Index Name": "company_id_movie_companies",
                                            "Startup Cost": 0.0,
                                            "Total Cost": 7367.41,
                                            "Plan Rows": 343864,
                                            "Plan Width": 0,
                                            "Actual Startup Time": 36.872,
                                            "Actual Total Time": 36.873,
                                            "Actual Rows": 351784,
                                            "Actual Loops": 1,
                                            "Index Cond": "(mc.company_id > 88067)"
                                        }
                                    ]
                                }
                            ]
                        }
                    ]
                }
            ]
        },
        "Planning Time": 721.366,
        "Triggers": [],
        "Execution Time": 87.118
    }
]