[
  {
    "Plan": {
      "Node Type": "Aggregate",
      "Strategy": "Plain",
      "Partial Mode": "Finalize",
      "Parallel Aware": false,
      "Startup Cost": 45119.23,
      "Total Cost": 45119.24,
      "Plan Rows": 1,
      "Plan Width": 8,
      "Actual Startup Time": 149.671,
      "Actual Total Time": 160.194,
      "Actual Rows": 1,
      "Actual Loops": 1,
      "Plans": [
        {
          "Node Type": "Gather",
          "Parent Relationship": "Outer",
          "Parallel Aware": false,
          "Startup Cost": 45118.91,
          "Total Cost": 45119.22,
          "Plan Rows": 3,
          "Plan Width": 8,
          "Actual Startup Time": 149.531,
          "Actual Total Time": 160.185,
          "Actual Rows": 4,
          "Actual Loops": 1,
          "Workers Planned": 3,
          "Workers Launched": 3,
          "Single Copy": false,
          "Plans": [
            {
              "Node Type": "Aggregate",
              "Strategy": "Plain",
              "Partial Mode": "Partial",
              "Parent Relationship": "Outer",
              "Parallel Aware": false,
              "Startup Cost": 44118.91,
              "Total Cost": 44118.92,
              "Plan Rows": 1,
              "Plan Width": 8,
              "Actual Startup Time": 141.166,
              "Actual Total Time": 141.168,
              "Actual Rows": 1,
              "Actual Loops": 4,
              "Plans": [
                {
                  "Node Type": "Seq Scan",
                  "Parent Relationship": "Outer",
                  "Parallel Aware": true,
                  "Relation Name": "movie_keyword",
                  "Alias": "mk",
                  "Startup Cost": 0.0,
                  "Total Cost": 42695.65,
                  "Plan Rows": 569304,
                  "Plan Width": 0,
                  "Actual Startup Time": 1.231,
                  "Actual Total Time": 118.498,
                  "Actual Rows": 442402,
                  "Actual Loops": 4,
                  "Filter": "(keyword_id > 7834)",
                  "Rows Removed by Filter": 688581
                }
              ]
            }
          ]
        }
      ]
    },
    "Planning Time": 0.159,
    "Triggers": [],
    "Execution Time": 160.254
  }
]