{
  "Plan": {
    "Node Type": "Aggregate",
    "Strategy": "Plain",
    "Partial Mode": "Finalize",
    "Parallel Aware": false,
    "Startup Cost": 604302.38,
    "Total Cost": 604302.39,
    "Plan Rows": 1,
    "Plan Width": 8,
    "Actual Startup Time": 5653.247,
    "Actual Total Time": 5721.919,
    "Actual Rows": 1,
    "Actual Loops": 1,
    "Plans": [
      {
        "Node Type": "Gather",
        "Parent Relationship": "Outer",
        "Parallel Aware": false,
        "Startup Cost": 604302.27,
        "Total Cost": 604302.38,
        "Plan Rows": 1,
        "Plan Width": 8,
        "Actual Startup Time": 5651.2,
        "Actual Total Time": 5721.908,
        "Actual Rows": 2,
        "Actual Loops": 1,
        "Workers Planned": 1,
        "Workers Launched": 1,
        "Single Copy": false,
        "Plans": [
          {
            "Node Type": "Aggregate",
            "Strategy": "Plain",
            "Partial Mode": "Partial",
            "Parent Relationship": "Outer",
            "Parallel Aware": false,
            "Startup Cost": 603302.27,
            "Total Cost": 603302.28,
            "Plan Rows": 1,
            "Plan Width": 8,
            "Actual Startup Time": 5645.577,
            "Actual Total Time": 5645.581,
            "Actual Rows": 1,
            "Actual Loops": 2,
            "Plans": [
              {
                "Node Type": "Hash Join",
                "Parent Relationship": "Outer",
                "Parallel Aware": true,
                "Join Type": "Inner",
                "Startup Cost": 64323.96,
                "Total Cost": 586057.31,
                "Plan Rows": 6897983,
                "Plan Width": 0,
                "Actual Startup Time": 252.379,
                "Actual Total Time": 5406.352,
                "Actual Rows": 5965826,
                "Actual Loops": 2,
                "Inner Unique": true,
                "Hash Cond": "(ci.movie_id = t.id)",
                "Plans": [
                  {
                    "Node Type": "Seq Scan",
                    "Parent Relationship": "Outer",
                    "Parallel Aware": true,
                    "Relation Name": "cast_info",
                    "Alias": "ci",
                    "Startup Cost": 0.0,
                    "Total Cost": 465792.95,
                    "Plan Rows": 21310595,
                    "Plan Width": 4,
                    "Actual Startup Time": 0.013,
                    "Actual Total Time": 1346.144,
                    "Actual Rows": 18122172,
                    "Actual Loops": 2
                  },
                  {
                    "Node Type": "Hash",
                    "Parent Relationship": "Inner",
                    "Parallel Aware": true,
                    "Startup Cost": 58306.47,
                    "Total Cost": 58306.47,
                    "Plan Rows": 481399,
                    "Plan Width": 4,
                    "Actual Startup Time": 242.734,
                    "Actual Total Time": 242.735,
                    "Actual Rows": 362952,
                    "Actual Loops": 2,
                    "Hash Buckets": 1048576,
                    "Original Hash Buckets": 1048576,
                    "Hash Batches": 1,
                    "Original Hash Batches": 1,
                    "Peak Memory Usage": 36640,
                    "Plans": [
                      {
                        "Node Type": "Seq Scan",
                        "Parent Relationship": "Outer",
                        "Parallel Aware": true,
                        "Relation Name": "title",
                        "Alias": "t",
                        "Startup Cost": 0.0,
                        "Total Cost": 58306.47,
                        "Plan Rows": 481399,
                        "Plan Width": 4,
                        "Actual Startup Time": 0.038,
                        "Actual Total Time": 155.679,
                        "Actual Rows": 362952,
                        "Actual Loops": 2,
                        "Filter": "((kind_id < 7) AND (production_year > 1970))",
                        "Rows Removed by Filter": 901204
                      }
                    ]
                  }
                ]
              }
            ]
          }
        ]
      }
    ]
  },
  "Planning Time": 0.723,
  "Triggers": [],
  "Execution Time": 5722.004
}