[
  {
    "Plan": {
      "Node Type": "Aggregate",
      "Strategy": "Plain",
      "Partial Mode": "Finalize",
      "Parallel Aware": false,
      "Startup Cost": 331149.38,
      "Total Cost": 331149.39,
      "Plan Rows": 1,
      "Plan Width": 8,
      "Actual Startup Time": 580.433,
      "Actual Total Time": 624.961,
      "Actual Rows": 1,
      "Actual Loops": 1,
      "Plans": [
        {
          "Node Type": "Gather",
          "Parent Relationship": "Outer",
          "Parallel Aware": false,
          "Startup Cost": 331148.76,
          "Total Cost": 331149.37,
          "Plan Rows": 6,
          "Plan Width": 8,
          "Actual Startup Time": 580.116,
          "Actual Total Time": 624.948,
          "Actual Rows": 7,
          "Actual Loops": 1,
          "Workers Planned": 6,
          "Workers Launched": 6,
          "Single Copy": false,
          "Plans": [
            {
              "Node Type": "Aggregate",
              "Strategy": "Plain",
              "Partial Mode": "Partial",
              "Parent Relationship": "Outer",
              "Parallel Aware": false,
              "Startup Cost": 330148.76,
              "Total Cost": 330148.77,
              "Plan Rows": 1,
              "Plan Width": 8,
              "Actual Startup Time": 572.323,
              "Actual Total Time": 572.324,
              "Actual Rows": 1,
              "Actual Loops": 7,
              "Plans": [
                {
                  "Node Type": "Seq Scan",
                  "Parent Relationship": "Outer",
                  "Parallel Aware": true,
                  "Relation Name": "cast_info",
                  "Alias": "ci",
                  "Startup Cost": 0.0,
                  "Total Cost": 328211.39,
                  "Plan Rows": 774946,
                  "Plan Width": 0,
                  "Actual Startup Time": 0.047,
                  "Actual Total Time": 536.47,
                  "Actual Rows": 687634,
                  "Actual Loops": 7,
                  "Filter": "(person_id < 467744)",
                  "Rows Removed by Filter": 4490130
                }
              ]
            }
          ]
        }
      ]
    },
    "Planning Time": 0.212,
    "Triggers": [],
    "Execution Time": 625.032
  }
]