[
  {
    "Plan": {
      "Node Type": "Aggregate",
      "Strategy": "Plain",
      "Partial Mode": "Finalize",
      "Parallel Aware": false,
      "Startup Cost": 382544.25,
      "Total Cost": 382544.26,
      "Plan Rows": 1,
      "Plan Width": 8,
      "Actual Startup Time": 1381.891,
      "Actual Total Time": 1435.534,
      "Actual Rows": 1,
      "Actual Loops": 1,
      "Plans": [
        {
          "Node Type": "Gather",
          "Parent Relationship": "Outer",
          "Parallel Aware": false,
          "Startup Cost": 382543.62,
          "Total Cost": 382544.23,
          "Plan Rows": 6,
          "Plan Width": 8,
          "Actual Startup Time": 1374.469,
          "Actual Total Time": 1435.508,
          "Actual Rows": 7,
          "Actual Loops": 1,
          "Workers Planned": 6,
          "Workers Launched": 6,
          "Single Copy": false,
          "Plans": [
            {
              "Node Type": "Aggregate",
              "Strategy": "Plain",
              "Partial Mode": "Partial",
              "Parent Relationship": "Outer",
              "Parallel Aware": false,
              "Startup Cost": 381543.62,
              "Total Cost": 381543.63,
              "Plan Rows": 1,
              "Plan Width": 8,
              "Actual Startup Time": 1366.587,
              "Actual Total Time": 1366.592,
              "Actual Rows": 1,
              "Actual Loops": 7,
              "Plans": [
                {
                  "Node Type": "Hash Join",
                  "Parent Relationship": "Outer",
                  "Parallel Aware": true,
                  "Join Type": "Inner",
                  "Startup Cost": 46854.47,
                  "Total Cost": 380622.73,
                  "Plan Rows": 368356,
                  "Plan Width": 0,
                  "Actual Startup Time": 153.049,
                  "Actual Total Time": 1340.134,
                  "Actual Rows": 451930,
                  "Actual Loops": 7,
                  "Inner Unique": true,
                  "Hash Cond": "(ci.movie_id = t.id)",
                  "Plans": [
                    {
                      "Node Type": "Seq Scan",
                      "Parent Relationship": "Outer",
                      "Parallel Aware": true,
                      "Relation Name": "cast_info",
                      "Alias": "ci",
                      "Startup Cost": 0.0,
                      "Total Cost": 328211.39,
                      "Plan Rows": 2116898,
                      "Plan Width": 4,
                      "Actual Startup Time": 0.05,
                      "Actual Total Time": 749.441,
                      "Actual Rows": 1810098,
                      "Actual Loops": 7,
                      "Filter": "(role_id = 1)",
                      "Rows Removed by Filter": 3367665
                    },
                    {
                      "Node Type": "Hash",
                      "Parent Relationship": "Inner",
                      "Parallel Aware": true,
                      "Startup Cost": 45479.59,
                      "Total Cost": 45479.59,
                      "Plan Rows": 109991,
                      "Plan Width": 4,
                      "Actual Startup Time": 151.1,
                      "Actual Total Time": 151.101,
                      "Actual Rows": 76694,
                      "Actual Loops": 7,
                      "Hash Buckets": 1048576,
                      "Original Hash Buckets": 524288,
                      "Hash Batches": 1,
                      "Original Hash Batches": 1,
                      "Peak Memory Usage": 33376,
                      "Plans": [
                        {
                          "Node Type": "Seq Scan",
                          "Parent Relationship": "Outer",
                          "Parallel Aware": true,
                          "Relation Name": "title",
                          "Alias": "t",
                          "Startup Cost": 0.0,
                          "Total Cost": 45479.59,
                          "Plan Rows": 109991,
                          "Plan Width": 4,
                          "Actual Startup Time": 0.048,
                          "Actual Total Time": 84.781,
                          "Actual Rows": 76694,
                          "Actual Loops": 7,
                          "Filter": "((kind_id < 7) AND (production_year < 2002))",
                          "Rows Removed by Filter": 284493
                        }
                      ]
                    }
                  ]
                }
              ]
            }
          ]
        }
      ]
    },
    "Planning Time": 0.382,
    "Triggers": [],
    "Execution Time": 1435.597
  }
]