[
  {
    "Plan": {
      "Node Type": "Aggregate",
      "Strategy": "Plain",
      "Partial Mode": "Finalize",
      "Parallel Aware": false,
      "Startup Cost": 46888.68,
      "Total Cost": 46888.69,
      "Plan Rows": 1,
      "Plan Width": 8,
      "Actual Startup Time": 173.047,
      "Actual Total Time": 181.948,
      "Actual Rows": 1,
      "Actual Loops": 1,
      "Plans": [
        {
          "Node Type": "Gather",
          "Parent Relationship": "Outer",
          "Parallel Aware": false,
          "Startup Cost": 46888.36,
          "Total Cost": 46888.67,
          "Plan Rows": 3,
          "Plan Width": 8,
          "Actual Startup Time": 172.972,
          "Actual Total Time": 181.941,
          "Actual Rows": 4,
          "Actual Loops": 1,
          "Workers Planned": 3,
          "Workers Launched": 3,
          "Single Copy": false,
          "Plans": [
            {
              "Node Type": "Aggregate",
              "Strategy": "Plain",
              "Partial Mode": "Partial",
              "Parent Relationship": "Outer",
              "Parallel Aware": false,
              "Startup Cost": 45888.36,
              "Total Cost": 45888.37,
              "Plan Rows": 1,
              "Plan Width": 8,
              "Actual Startup Time": 167.364,
              "Actual Total Time": 167.365,
              "Actual Rows": 1,
              "Actual Loops": 4,
              "Plans": [
                {
                  "Node Type": "Seq Scan",
                  "Parent Relationship": "Outer",
                  "Parallel Aware": true,
                  "Relation Name": "movie_keyword",
                  "Alias": "mk",
                  "Startup Cost": 0.0,
                  "Total Cost": 42695.65,
                  "Plan Rows": 1277083,
                  "Plan Width": 0,
                  "Actual Startup Time": 0.073,
                  "Actual Total Time": 124.282,
                  "Actual Rows": 986450,
                  "Actual Loops": 4,
                  "Filter": "(keyword_id > 408)",
                  "Rows Removed by Filter": 144532
                }
              ]
            }
          ]
        }
      ]
    },
    "Planning Time": 0.157,
    "Triggers": [],
    "Execution Time": 181.995
  }
]