[
    {
        "Bao": {
            "Bao prediction": "NaN",
            "Bao recommended hint": "(no hint)"
        }
    },
    {
        "Plan": {
            "Node Type": "Aggregate",
            "Strategy": "Plain",
            "Partial Mode": "Finalize",
            "Parallel Aware": false,
            "Startup Cost": 32927.03,
            "Total Cost": 32927.04,
            "Plan Rows": 1,
            "Plan Width": 8,
            "Actual Startup Time": 89.982,
            "Actual Total Time": 95.009,
            "Actual Rows": 1,
            "Actual Loops": 1,
            "Output": [
                "count(*)"
            ],
            "Plans": [
                {
                    "Node Type": "Gather",
                    "Parent Relationship": "Outer",
                    "Parallel Aware": false,
                    "Startup Cost": 32926.71,
                    "Total Cost": 32927.02,
                    "Plan Rows": 3,
                    "Plan Width": 8,
                    "Actual Startup Time": 89.828,
                    "Actual Total Time": 95.001,
                    "Actual Rows": 4,
                    "Actual Loops": 1,
                    "Output": [
                        "(PARTIAL count(*))"
                    ],
                    "Workers Planned": 3,
                    "Workers Launched": 3,
                    "Single Copy": false,
                    "Plans": [
                        {
                            "Node Type": "Aggregate",
                            "Strategy": "Plain",
                            "Partial Mode": "Partial",
                            "Parent Relationship": "Outer",
                            "Parallel Aware": false,
                            "Startup Cost": 31926.71,
                            "Total Cost": 31926.72,
                            "Plan Rows": 1,
                            "Plan Width": 8,
                            "Actual Startup Time": 81.744,
                            "Actual Total Time": 81.745,
                            "Actual Rows": 1,
                            "Actual Loops": 4,
                            "Output": [
                                "PARTIAL count(*)"
                            ],
                            "Workers": [
                                {
                                    "Worker Number": 0,
                                    "Actual Startup Time": 78.858,
                                    "Actual Total Time": 78.858,
                                    "Actual Rows": 1,
                                    "Actual Loops": 1
                                },
                                {
                                    "Worker Number": 1,
                                    "Actual Startup Time": 79.098,
                                    "Actual Total Time": 79.099,
                                    "Actual Rows": 1,
                                    "Actual Loops": 1
                                },
                                {
                                    "Worker Number": 2,
                                    "Actual Startup Time": 79.562,
                                    "Actual Total Time": 79.563,
                                    "Actual Rows": 1,
                                    "Actual Loops": 1
                                }
                            ],
                            "Plans": [
                                {
                                    "Node Type": "Seq Scan",
                                    "Parent Relationship": "Outer",
                                    "Parallel Aware": true,
                                    "Relation Name": "movie_companies",
                                    "Schema": "public",
                                    "Alias": "mc",
                                    "Startup Cost": 0.0,
                                    "Total Cost": 31414.82,
                                    "Plan Rows": 204758,
                                    "Plan Width": 0,
                                    "Actual Startup Time": 46.35,
                                    "Actual Total Time": 77.164,
                                    "Actual Rows": 100559,
                                    "Actual Loops": 4,
                                    "Output": [
                                        "id",
                                        "movie_id",
                                        "company_id",
                                        "company_type_id",
                                        "note"
                                    ],
                                    "Filter": "((mc.company_id < 11146) AND (mc.company_type_id > 1))",
                                    "Rows Removed by Filter": 551723,
                                    "Workers": [
                                        {
                                            "Worker Number": 0,
                                            "Actual Startup Time": 43.473,
                                            "Actual Total Time": 74.387,
                                            "Actual Rows": 65568,
                                            "Actual Loops": 1
                                        },
                                        {
                                            "Worker Number": 1,
                                            "Actual Startup Time": 43.674,
                                            "Actual Total Time": 74.694,
                                            "Actual Rows": 105168,
                                            "Actual Loops": 1
                                        },
                                        {
                                            "Worker Number": 2,
                                            "Actual Startup Time": 44.17,
                                            "Actual Total Time": 75.224,
                                            "Actual Rows": 104226,
                                            "Actual Loops": 1
                                        }
                                    ]
                                }
                            ]
                        }
                    ]
                }
            ]
        },
        "Planning Time": 177.588,
        "Triggers": [],
        "Execution Time": 95.067
    }
]