[
    {
        "Bao": {
            "Bao prediction": "NaN",
            "Bao recommended hint": "(no hint)"
        }
    },
    {
        "Plan": {
            "Node Type": "Aggregate",
            "Strategy": "Plain",
            "Partial Mode": "Simple",
            "Parallel Aware": false,
            "Startup Cost": 14620.63,
            "Total Cost": 14620.64,
            "Plan Rows": 1,
            "Plan Width": 8,
            "Actual Startup Time": 9.58,
            "Actual Total Time": 9.582,
            "Actual Rows": 1,
            "Actual Loops": 1,
            "Output": [
                "count(*)"
            ],
            "Plans": [
                {
                    "Node Type": "Bitmap Heap Scan",
                    "Parent Relationship": "Outer",
                    "Parallel Aware": false,
                    "Relation Name": "movie_companies",
                    "Schema": "public",
                    "Alias": "mc",
                    "Startup Cost": 167.74,
                    "Total Cost": 14601.5,
                    "Plan Rows": 7653,
                    "Plan Width": 0,
                    "Actual Startup Time": 1.569,
                    "Actual Total Time": 8.97,
                    "Actual Rows": 9230,
                    "Actual Loops": 1,
                    "Recheck Cond": "(mc.company_id = 11141)",
                    "Rows Removed by Index Recheck": 0,
                    "Exact Heap Blocks": 4061,
                    "Lossy Heap Blocks": 0,
                    "Plans": [
                        {
                            "Node Type": "Bitmap Index Scan",
                            "Parent Relationship": "Outer",
                            "Parallel Aware": false,
                            "Index Name": "company_id_movie_companies",
                            "Startup Cost": 0.0,
                            "Total Cost": 165.83,
                            "Plan Rows": 7653,
                            "Plan Width": 0,
                            "Actual Startup Time": 0.973,
                            "Actual Total Time": 0.973,
                            "Actual Rows": 9230,
                            "Actual Loops": 1,
                            "Index Cond": "(mc.company_id = 11141)"
                        }
                    ]
                }
            ]
        },
        "Planning Time": 222.139,
        "Triggers": [],
        "Execution Time": 9.623
    }
]