[
  {
    "Plan": {
      "Node Type": "Aggregate",
      "Strategy": "Plain",
      "Partial Mode": "Finalize",
      "Parallel Aware": false,
      "Startup Cost": 97263.27,
      "Total Cost": 97263.28,
      "Plan Rows": 1,
      "Plan Width": 8,
      "Actual Startup Time": 623.287,
      "Actual Total Time": 641.43,
      "Actual Rows": 1,
      "Actual Loops": 1,
      "Plans": [
        {
          "Node Type": "Gather",
          "Parent Relationship": "Outer",
          "Parallel Aware": false,
          "Startup Cost": 97262.96,
          "Total Cost": 97263.27,
          "Plan Rows": 3,
          "Plan Width": 8,
          "Actual Startup Time": 608.409,
          "Actual Total Time": 641.421,
          "Actual Rows": 4,
          "Actual Loops": 1,
          "Workers Planned": 3,
          "Workers Launched": 3,
          "Single Copy": false,
          "Plans": [
            {
              "Node Type": "Aggregate",
              "Strategy": "Plain",
              "Partial Mode": "Partial",
              "Parent Relationship": "Outer",
              "Parallel Aware": false,
              "Startup Cost": 96262.96,
              "Total Cost": 96262.97,
              "Plan Rows": 1,
              "Plan Width": 8,
              "Actual Startup Time": 599.53,
              "Actual Total Time": 599.534,
              "Actual Rows": 1,
              "Actual Loops": 4,
              "Plans": [
                {
                  "Node Type": "Hash Join",
                  "Parent Relationship": "Outer",
                  "Parallel Aware": true,
                  "Join Type": "Inner",
                  "Startup Cost": 50249.26,
                  "Total Cost": 95051.73,
                  "Plan Rows": 484491,
                  "Plan Width": 0,
                  "Actual Startup Time": 320.799,
                  "Actual Total Time": 586.459,
                  "Actual Rows": 201952,
                  "Actual Loops": 4,
                  "Inner Unique": true,
                  "Hash Cond": "(mk.movie_id = t.id)",
                  "Plans": [
                    {
                      "Node Type": "Seq Scan",
                      "Parent Relationship": "Outer",
                      "Parallel Aware": true,
                      "Relation Name": "movie_keyword",
                      "Alias": "mk",
                      "Startup Cost": 0.0,
                      "Total Cost": 42695.65,
                      "Plan Rows": 802596,
                      "Plan Width": 4,
                      "Actual Startup Time": 0.329,
                      "Actual Total Time": 153.726,
                      "Actual Rows": 620164,
                      "Actual Loops": 4,
                      "Filter": "(keyword_id > 3644)",
                      "Rows Removed by Filter": 510818
                    },
                    {
                      "Node Type": "Hash",
                      "Parent Relationship": "Inner",
                      "Parallel Aware": true,
                      "Startup Cost": 45479.59,
                      "Total Cost": 45479.59,
                      "Plan Rows": 381574,
                      "Plan Width": 4,
                      "Actual Startup Time": 315.169,
                      "Actual Total Time": 315.17,
                      "Actual Rows": 376808,
                      "Actual Loops": 4,
                      "Hash Buckets": 2097152,
                      "Original Hash Buckets": 2097152,
                      "Hash Batches": 1,
                      "Original Hash Batches": 1,
                      "Peak Memory Usage": 75424,
                      "Plans": [
                        {
                          "Node Type": "Seq Scan",
                          "Parent Relationship": "Outer",
                          "Parallel Aware": true,
                          "Relation Name": "title",
                          "Alias": "t",
                          "Startup Cost": 0.0,
                          "Total Cost": 45479.59,
                          "Plan Rows": 381574,
                          "Plan Width": 4,
                          "Actual Startup Time": 0.025,
                          "Actual Total Time": 148.036,
                          "Actual Rows": 376808,
                          "Actual Loops": 4,
                          "Filter": "((kind_id > 1) AND (production_year < 2011))",
                          "Rows Removed by Filter": 255270
                        }
                      ]
                    }
                  ]
                }
              ]
            }
          ]
        }
      ]
    },
    "Planning Time": 0.304,
    "Triggers": [],
    "Execution Time": 641.474
  }
]