[
  {
    "Plan": {
      "Node Type": "Aggregate",
      "Strategy": "Plain",
      "Partial Mode": "Finalize",
      "Parallel Aware": false,
      "Startup Cost": 31757.02,
      "Total Cost": 31757.03,
      "Plan Rows": 1,
      "Plan Width": 8,
      "Actual Startup Time": 27.555,
      "Actual Total Time": 32.326,
      "Actual Rows": 1,
      "Actual Loops": 1,
      "Plans": [
        {
          "Node Type": "Gather",
          "Parent Relationship": "Outer",
          "Parallel Aware": false,
          "Startup Cost": 31756.81,
          "Total Cost": 31757.02,
          "Plan Rows": 2,
          "Plan Width": 8,
          "Actual Startup Time": 27.503,
          "Actual Total Time": 32.321,
          "Actual Rows": 3,
          "Actual Loops": 1,
          "Workers Planned": 2,
          "Workers Launched": 2,
          "Single Copy": false,
          "Plans": [
            {
              "Node Type": "Aggregate",
              "Strategy": "Plain",
              "Partial Mode": "Partial",
              "Parent Relationship": "Outer",
              "Parallel Aware": false,
              "Startup Cost": 30756.81,
              "Total Cost": 30756.82,
              "Plan Rows": 1,
              "Plan Width": 8,
              "Actual Startup Time": 24.673,
              "Actual Total Time": 24.674,
              "Actual Rows": 1,
              "Actual Loops": 3,
              "Plans": [
                {
                  "Node Type": "Nested Loop",
                  "Parent Relationship": "Outer",
                  "Parallel Aware": false,
                  "Join Type": "Inner",
                  "Startup Cost": 192.29,
                  "Total Cost": 30751.82,
                  "Plan Rows": 1993,
                  "Plan Width": 0,
                  "Actual Startup Time": 0.803,
                  "Actual Total Time": 24.5,
                  "Actual Rows": 1859,
                  "Actual Loops": 3,
                  "Inner Unique": false,
                  "Plans": [
                    {
                      "Node Type": "Nested Loop",
                      "Parent Relationship": "Outer",
                      "Parallel Aware": false,
                      "Join Type": "Inner",
                      "Startup Cost": 191.86,
                      "Total Cost": 29428.31,
                      "Plan Rows": 452,
                      "Plan Width": 8,
                      "Actual Startup Time": 0.735,
                      "Actual Total Time": 15.261,
                      "Actual Rows": 267,
                      "Actual Loops": 3,
                      "Inner Unique": true,
                      "Plans": [
                        {
                          "Node Type": "Bitmap Heap Scan",
                          "Parent Relationship": "Outer",
                          "Parallel Aware": true,
                          "Relation Name": "movie_companies",
                          "Alias": "mc",
                          "Startup Cost": 191.43,
                          "Total Cost": 15577.78,
                          "Plan Rows": 1866,
                          "Plan Width": 4,
                          "Actual Startup Time": 0.684,
                          "Actual Total Time": 2.245,
                          "Actual Rows": 2869,
                          "Actual Loops": 3,
                          "Recheck Cond": "(company_id = 596)",
                          "Rows Removed by Index Recheck": 0,
                          "Filter": "(company_type_id = 2)",
                          "Rows Removed by Filter": 32,
                          "Exact Heap Blocks": 539,
                          "Lossy Heap Blocks": 0,
                          "Plans": [
                            {
                              "Node Type": "Bitmap Index Scan",
                              "Parent Relationship": "Outer",
                              "Parallel Aware": false,
                              "Index Name": "company_id_movie_companies",
                              "Startup Cost": 0.0,
                              "Total Cost": 190.31,
                              "Plan Rows": 8784,
                              "Plan Width": 0,
                              "Actual Startup Time": 1.572,
                              "Actual Total Time": 1.572,
                              "Actual Rows": 8702,
                              "Actual Loops": 1,
                              "Index Cond": "(company_id = 596)"
                            }
                          ]
                        },
                        {
                          "Node Type": "Index Scan",
                          "Parent Relationship": "Inner",
                          "Parallel Aware": false,
                          "Scan Direction": "Forward",
                          "Index Name": "title_pkey",
                          "Relation Name": "title",
                          "Alias": "t",
                          "Startup Cost": 0.43,
                          "Total Cost": 7.42,
                          "Plan Rows": 1,
                          "Plan Width": 4,
                          "Actual Startup Time": 0.004,
                          "Actual Total Time": 0.004,
                          "Actual Rows": 0,
                          "Actual Loops": 8606,
                          "Index Cond": "(id = mc.movie_id)",
                          "Rows Removed by Index Recheck": 0,
                          "Filter": "((kind_id < 4) AND (production_year < 2009))",
                          "Rows Removed by Filter": 1
                        }
                      ]
                    },
                    {
                      "Node Type": "Index Scan",
                      "Parent Relationship": "Inner",
                      "Parallel Aware": false,
                      "Scan Direction": "Forward",
                      "Index Name": "movie_id_movie_info",
                      "Relation Name": "movie_info",
                      "Alias": "mi",
                      "Startup Cost": 0.43,
                      "Total Cost": 2.63,
                      "Plan Rows": 30,
                      "Plan Width": 4,
                      "Actual Startup Time": 0.014,
                      "Actual Total Time": 0.033,
                      "Actual Rows": 7,
                      "Actual Loops": 801,
                      "Index Cond": "(movie_id = t.id)",
                      "Rows Removed by Index Recheck": 0,
                      "Filter": "(info_type_id > 3)",
                      "Rows Removed by Filter": 3
                    }
                  ]
                }
              ]
            }
          ]
        }
      ]
    },
    "Planning Time": 0.931,
    "Triggers": [],
    "Execution Time": 32.388
  }
]