{
  "Plan": {
    "Node Type": "Aggregate",
    "Strategy": "Plain",
    "Partial Mode": "Finalize",
    "Parallel Aware": false,
    "Startup Cost": 119846.24,
    "Total Cost": 119846.25,
    "Plan Rows": 1,
    "Plan Width": 8,
    "Actual Startup Time": 436.21,
    "Actual Total Time": 451.479,
    "Actual Rows": 1,
    "Actual Loops": 1,
    "Plans": [
      {
        "Node Type": "Gather",
        "Parent Relationship": "Outer",
        "Parallel Aware": false,
        "Startup Cost": 119846.13,
        "Total Cost": 119846.24,
        "Plan Rows": 1,
        "Plan Width": 8,
        "Actual Startup Time": 435.918,
        "Actual Total Time": 451.471,
        "Actual Rows": 2,
        "Actual Loops": 1,
        "Workers Planned": 1,
        "Workers Launched": 1,
        "Single Copy": false,
        "Plans": [
          {
            "Node Type": "Aggregate",
            "Strategy": "Plain",
            "Partial Mode": "Partial",
            "Parent Relationship": "Outer",
            "Parallel Aware": false,
            "Startup Cost": 118846.13,
            "Total Cost": 118846.14,
            "Plan Rows": 1,
            "Plan Width": 8,
            "Actual Startup Time": 429.605,
            "Actual Total Time": 429.608,
            "Actual Rows": 1,
            "Actual Loops": 2,
            "Plans": [
              {
                "Node Type": "Hash Join",
                "Parent Relationship": "Outer",
                "Parallel Aware": true,
                "Join Type": "Inner",
                "Startup Cost": 56454.86,
                "Total Cost": 118763.01,
                "Plan Rows": 33249,
                "Plan Width": 0,
                "Actual Startup Time": 146.353,
                "Actual Total Time": 428.368,
                "Actual Rows": 26406,
                "Actual Loops": 2,
                "Inner Unique": true,
                "Hash Cond": "(mk.movie_id = t.id)",
                "Plans": [
                  {
                    "Node Type": "Seq Scan",
                    "Parent Relationship": "Outer",
                    "Parallel Aware": true,
                    "Relation Name": "movie_keyword",
                    "Alias": "mk",
                    "Startup Cost": 0.0,
                    "Total Cost": 57718.19,
                    "Plan Rows": 1748549,
                    "Plan Width": 4,
                    "Actual Startup Time": 0.015,
                    "Actual Total Time": 188.065,
                    "Actual Rows": 1483200,
                    "Actual Loops": 2,
                    "Filter": "(keyword_id < 10108)",
                    "Rows Removed by Filter": 778765
                  },
                  {
                    "Node Type": "Hash",
                    "Parent Relationship": "Inner",
                    "Parallel Aware": true,
                    "Startup Cost": 56101.36,
                    "Total Cost": 56101.36,
                    "Plan Rows": 28280,
                    "Plan Width": 4,
                    "Actual Startup Time": 144.879,
                    "Actual Total Time": 144.88,
                    "Actual Rows": 21382,
                    "Actual Loops": 2,
                    "Hash Buckets": 65536,
                    "Original Hash Buckets": 65536,
                    "Hash Batches": 1,
                    "Original Hash Batches": 1,
                    "Peak Memory Usage": 2208,
                    "Plans": [
                      {
                        "Node Type": "Bitmap Heap Scan",
                        "Parent Relationship": "Outer",
                        "Parallel Aware": true,
                        "Relation Name": "title",
                        "Alias": "t",
                        "Startup Cost": 13450.98,
                        "Total Cost": 56101.36,
                        "Plan Rows": 28280,
                        "Plan Width": 4,
                        "Actual Startup Time": 51.423,
                        "Actual Total Time": 139.639,
                        "Actual Rows": 21382,
                        "Actual Loops": 2,
                        "Recheck Cond": "(kind_id < 3)",
                        "Rows Removed by Index Recheck": 0,
                        "Filter": "(production_year = 2011)",
                        "Rows Removed by Filter": 355456,
                        "Exact Heap Blocks": 27687,
                        "Lossy Heap Blocks": 0,
                        "Plans": [
                          {
                            "Node Type": "Bitmap Index Scan",
                            "Parent Relationship": "Outer",
                            "Parallel Aware": false,
                            "Index Name": "kind_id_title",
                            "Startup Cost": 0.0,
                            "Total Cost": 13438.96,
                            "Plan Rows": 753937,
                            "Plan Width": 0,
                            "Actual Startup Time": 50.434,
                            "Actual Total Time": 50.434,
                            "Actual Rows": 753677,
                            "Actual Loops": 1,
                            "Index Cond": "(kind_id < 3)"
                          }
                        ]
                      }
                    ]
                  }
                ]
              }
            ]
          }
        ]
      }
    ]
  },
  "Planning Time": 0.484,
  "Triggers": [],
  "Execution Time": 451.576
}