[
  {
    "Plan": {
      "Node Type": "Aggregate",
      "Strategy": "Plain",
      "Partial Mode": "Simple",
      "Parallel Aware": false,
      "Startup Cost": 39356.36,
      "Total Cost": 39356.37,
      "Plan Rows": 1,
      "Plan Width": 8,
      "Actual Startup Time": 54.493,
      "Actual Total Time": 54.494,
      "Actual Rows": 1,
      "Actual Loops": 1,
      "Plans": [
        {
          "Node Type": "Bitmap Heap Scan",
          "Parent Relationship": "Outer",
          "Parallel Aware": false,
          "Relation Name": "title",
          "Alias": "t",
          "Startup Cost": 1823.3,
          "Total Cost": 39354.7,
          "Plan Rows": 661,
          "Plan Width": 0,
          "Actual Startup Time": 20.384,
          "Actual Total Time": 54.411,
          "Actual Rows": 1000,
          "Actual Loops": 1,
          "Recheck Cond": "(kind_id = 3)",
          "Rows Removed by Index Recheck": 0,
          "Filter": "(production_year = 1968)",
          "Rows Removed by Filter": 99537,
          "Exact Heap Blocks": 12707,
          "Lossy Heap Blocks": 0,
          "Plans": [
            {
              "Node Type": "Bitmap Index Scan",
              "Parent Relationship": "Outer",
              "Parallel Aware": false,
              "Index Name": "kind_id_title",
              "Startup Cost": 0.0,
              "Total Cost": 1823.13,
              "Plan Rows": 102227,
              "Plan Width": 0,
              "Actual Startup Time": 15.998,
              "Actual Total Time": 15.999,
              "Actual Rows": 100537,
              "Actual Loops": 1,
              "Index Cond": "(kind_id = 3)"
            }
          ]
        }
      ]
    },
    "Planning Time": 0.215,
    "Triggers": [],
    "Execution Time": 54.556
  }
]