[
  {
    "Plan": {
      "Node Type": "Aggregate",
      "Strategy": "Plain",
      "Partial Mode": "Finalize",
      "Parallel Aware": false,
      "Startup Cost": 31412.92,
      "Total Cost": 31412.93,
      "Plan Rows": 1,
      "Plan Width": 8,
      "Actual Startup Time": 84.097,
      "Actual Total Time": 90.234,
      "Actual Rows": 1,
      "Actual Loops": 1,
      "Plans": [
        {
          "Node Type": "Gather",
          "Parent Relationship": "Outer",
          "Parallel Aware": false,
          "Startup Cost": 31412.5,
          "Total Cost": 31412.91,
          "Plan Rows": 4,
          "Plan Width": 8,
          "Actual Startup Time": 83.977,
          "Actual Total Time": 90.219,
          "Actual Rows": 5,
          "Actual Loops": 1,
          "Workers Planned": 4,
          "Workers Launched": 4,
          "Single Copy": false,
          "Plans": [
            {
              "Node Type": "Aggregate",
              "Strategy": "Plain",
              "Partial Mode": "Partial",
              "Parent Relationship": "Outer",
              "Parallel Aware": false,
              "Startup Cost": 30412.5,
              "Total Cost": 30412.51,
              "Plan Rows": 1,
              "Plan Width": 8,
              "Actual Startup Time": 74.327,
              "Actual Total Time": 74.328,
              "Actual Rows": 1,
              "Actual Loops": 5,
              "Plans": [
                {
                  "Node Type": "Index Scan",
                  "Parent Relationship": "Outer",
                  "Parallel Aware": true,
                  "Scan Direction": "Forward",
                  "Index Name": "role_id_cast_info",
                  "Relation Name": "cast_info",
                  "Alias": "ci",
                  "Startup Cost": 0.56,
                  "Total Cost": 29878.05,
                  "Plan Rows": 213781,
                  "Plan Width": 0,
                  "Actual Startup Time": 0.227,
                  "Actual Total Time": 62.781,
                  "Actual Rows": 199709,
                  "Actual Loops": 5,
                  "Index Cond": "(role_id = 9)",
                  "Rows Removed by Index Recheck": 0,
                  "Filter": "(person_id > 719294)",
                  "Rows Removed by Filter": 19002
                }
              ]
            }
          ]
        }
      ]
    },
    "Planning Time": 0.278,
    "Triggers": [],
    "Execution Time": 90.31
  }
]