[
  {
    "Plan": {
      "Node Type": "Aggregate",
      "Strategy": "Plain",
      "Partial Mode": "Simple",
      "Parallel Aware": false,
      "Startup Cost": 25948.95,
      "Total Cost": 25948.96,
      "Plan Rows": 1,
      "Plan Width": 8,
      "Actual Startup Time": 36.598,
      "Actual Total Time": 36.599,
      "Actual Rows": 1,
      "Actual Loops": 1,
      "Plans": [
        {
          "Node Type": "Bitmap Heap Scan",
          "Parent Relationship": "Outer",
          "Parallel Aware": false,
          "Relation Name": "movie_keyword",
          "Alias": "mk",
          "Startup Cost": 497.39,
          "Total Cost": 25890.57,
          "Plan Rows": 23350,
          "Plan Width": 0,
          "Actual Startup Time": 9.79,
          "Actual Total Time": 34.036,
          "Actual Rows": 22392,
          "Actual Loops": 1,
          "Recheck Cond": "(keyword_id > 115592)",
          "Rows Removed by Index Recheck": 0,
          "Exact Heap Blocks": 6697,
          "Lossy Heap Blocks": 0,
          "Plans": [
            {
              "Node Type": "Bitmap Index Scan",
              "Parent Relationship": "Outer",
              "Parallel Aware": false,
              "Index Name": "keyword_id_movie_keyword",
              "Startup Cost": 0.0,
              "Total Cost": 491.56,
              "Plan Rows": 23350,
              "Plan Width": 0,
              "Actual Startup Time": 6.7,
              "Actual Total Time": 6.7,
              "Actual Rows": 22392,
              "Actual Loops": 1,
              "Index Cond": "(keyword_id > 115592)"
            }
          ]
        }
      ]
    },
    "Planning Time": 0.395,
    "Triggers": [],
    "Execution Time": 36.696
  }
]