{
  "Plan": {
    "Node Type": "Aggregate",
    "Strategy": "Plain",
    "Partial Mode": "Finalize",
    "Parallel Aware": false,
    "Startup Cost": 279885.49,
    "Total Cost": 279885.5,
    "Plan Rows": 1,
    "Plan Width": 8,
    "Actual Startup Time": 514.569,
    "Actual Total Time": 529.606,
    "Actual Rows": 1,
    "Actual Loops": 1,
    "Plans": [
      {
        "Node Type": "Gather",
        "Parent Relationship": "Outer",
        "Parallel Aware": false,
        "Startup Cost": 279885.38,
        "Total Cost": 279885.49,
        "Plan Rows": 1,
        "Plan Width": 8,
        "Actual Startup Time": 513.652,
        "Actual Total Time": 529.598,
        "Actual Rows": 2,
        "Actual Loops": 1,
        "Workers Planned": 1,
        "Workers Launched": 1,
        "Single Copy": false,
        "Plans": [
          {
            "Node Type": "Aggregate",
            "Strategy": "Plain",
            "Partial Mode": "Partial",
            "Parent Relationship": "Outer",
            "Parallel Aware": false,
            "Startup Cost": 278885.38,
            "Total Cost": 278885.39,
            "Plan Rows": 1,
            "Plan Width": 8,
            "Actual Startup Time": 507.005,
            "Actual Total Time": 507.189,
            "Actual Rows": 1,
            "Actual Loops": 2,
            "Plans": [
              {
                "Node Type": "Hash Join",
                "Parent Relationship": "Outer",
                "Parallel Aware": true,
                "Join Type": "Inner",
                "Startup Cost": 112038.49,
                "Total Cost": 278818.72,
                "Plan Rows": 26661,
                "Plan Width": 0,
                "Actual Startup Time": 450.439,
                "Actual Total Time": 506.968,
                "Actual Rows": 3714,
                "Actual Loops": 2,
                "Inner Unique": false,
                "Hash Cond": "(mi.movie_id = t.id)",
                "Plans": [
                  {
                    "Node Type": "Bitmap Heap Scan",
                    "Parent Relationship": "Outer",
                    "Parallel Aware": true,
                    "Relation Name": "movie_info",
                    "Alias": "mi",
                    "Startup Cost": 8778.62,
                    "Total Cost": 174333.47,
                    "Plan Rows": 284948,
                    "Plan Width": 4,
                    "Actual Startup Time": 21.381,
                    "Actual Total Time": 49.537,
                    "Actual Rows": 243277,
                    "Actual Loops": 2,
                    "Recheck Cond": "(info_type_id = 5)",
                    "Rows Removed by Index Recheck": 0,
                    "Exact Heap Blocks": 2620,
                    "Lossy Heap Blocks": 0,
                    "Plans": [
                      {
                        "Node Type": "Bitmap Index Scan",
                        "Parent Relationship": "Outer",
                        "Parallel Aware": false,
                        "Index Name": "info_type_id_movie_info",
                        "Startup Cost": 0.0,
                        "Total Cost": 8657.52,
                        "Plan Rows": 484411,
                        "Plan Width": 0,
                        "Actual Startup Time": 20.561,
                        "Actual Total Time": 20.562,
                        "Actual Rows": 486554,
                        "Actual Loops": 1,
                        "Index Cond": "(info_type_id = 5)"
                      }
                    ]
                  },
                  {
                    "Node Type": "Hash",
                    "Parent Relationship": "Inner",
                    "Parallel Aware": true,
                    "Startup Cost": 101520.45,
                    "Total Cost": 101520.45,
                    "Plan Rows": 139154,
                    "Plan Width": 8,
                    "Actual Startup Time": 424.607,
                    "Actual Total Time": 424.788,
                    "Actual Rows": 41370,
                    "Actual Loops": 2,
                    "Hash Buckets": 262144,
                    "Original Hash Buckets": 262144,
                    "Hash Batches": 1,
                    "Original Hash Batches": 1,
                    "Peak Memory Usage": 5312,
                    "Plans": [
                      {
                        "Node Type": "Hash Join",
                        "Parent Relationship": "Outer",
                        "Parallel Aware": true,
                        "Join Type": "Inner",
                        "Startup Cost": 60658.41,
                        "Total Cost": 101520.45,
                        "Plan Rows": 139154,
                        "Plan Width": 8,
                        "Actual Startup Time": 183.238,
                        "Actual Total Time": 413.543,
                        "Actual Rows": 41370,
                        "Actual Loops": 2,
                        "Inner Unique": true,
                        "Hash Cond": "(mc.movie_id = t.id)",
                        "Plans": [
                          {
                            "Node Type": "Seq Scan",
                            "Parent Relationship": "Outer",
                            "Parallel Aware": true,
                            "Relation Name": "movie_companies",
                            "Alias": "mc",
                            "Startup Cost": 0.0,
                            "Total Cost": 37974.77,
                            "Plan Rows": 1099913,
                            "Plan Width": 4,
                            "Actual Startup Time": 0.593,
                            "Actual Total Time": 120.149,
                            "Actual Rows": 937024,
                            "Actual Loops": 2,
                            "Filter": "(company_id > 1434)",
                            "Rows Removed by Filter": 367541
                          },
                          {
                            "Node Type": "Hash",
                            "Parent Relationship": "Inner",
                            "Parallel Aware": true,
                            "Startup Cost": 58306.47,
                            "Total Cost": 58306.47,
                            "Plan Rows": 188155,
                            "Plan Width": 4,
                            "Actual Startup Time": 178.899,
                            "Actual Total Time": 178.9,
                            "Actual Rows": 108806,
                            "Actual Loops": 2,
                            "Hash Buckets": 524288,
                            "Original Hash Buckets": 524288,
                            "Hash Batches": 1,
                            "Original Hash Batches": 1,
                            "Peak Memory Usage": 12640,
                            "Plans": [
                              {
                                "Node Type": "Seq Scan",
                                "Parent Relationship": "Outer",
                                "Parallel Aware": true,
                                "Relation Name": "title",
                                "Alias": "t",
                                "Startup Cost": 0.0,
                                "Total Cost": 58306.47,
                                "Plan Rows": 188155,
                                "Plan Width": 4,
                                "Actual Startup Time": 0.031,
                                "Actual Total Time": 144.444,
                                "Actual Rows": 108806,
                                "Actual Loops": 2,
                                "Filter": "((production_year < 1982) AND (kind_id = 7))",
                                "Rows Removed by Filter": 1155350
                              }
                            ]
                          }
                        ]
                      }
                    ]
                  }
                ]
              }
            ]
          }
        ]
      }
    ]
  },
  "Planning Time": 1.016,
  "Triggers": [],
  "Execution Time": 529.714
}