[
    {
        "Bao": {
            "Bao prediction": 990.055,
            "Bao recommended hint": "(no hint)"
        }
    },
    {
        "Plan": {
            "Node Type": "Aggregate",
            "Strategy": "Plain",
            "Partial Mode": "Finalize",
            "Parallel Aware": false,
            "Startup Cost": 339978.59,
            "Total Cost": 339978.6,
            "Plan Rows": 1,
            "Plan Width": 8,
            "Actual Startup Time": 943.857,
            "Actual Total Time": 965.673,
            "Actual Rows": 1,
            "Actual Loops": 1,
            "Output": [
                "count(*)"
            ],
            "Plans": [
                {
                    "Node Type": "Gather",
                    "Parent Relationship": "Outer",
                    "Parallel Aware": false,
                    "Startup Cost": 339977.97,
                    "Total Cost": 339978.58,
                    "Plan Rows": 6,
                    "Plan Width": 8,
                    "Actual Startup Time": 930.677,
                    "Actual Total Time": 965.662,
                    "Actual Rows": 7,
                    "Actual Loops": 1,
                    "Output": [
                        "(PARTIAL count(*))"
                    ],
                    "Workers Planned": 6,
                    "Workers Launched": 6,
                    "Single Copy": false,
                    "Plans": [
                        {
                            "Node Type": "Aggregate",
                            "Strategy": "Plain",
                            "Partial Mode": "Partial",
                            "Parent Relationship": "Outer",
                            "Parallel Aware": false,
                            "Startup Cost": 338977.97,
                            "Total Cost": 338977.98,
                            "Plan Rows": 1,
                            "Plan Width": 8,
                            "Actual Startup Time": 919.421,
                            "Actual Total Time": 919.772,
                            "Actual Rows": 1,
                            "Actual Loops": 7,
                            "Output": [
                                "PARTIAL count(*)"
                            ],
                            "Workers": [
                                {
                                    "Worker Number": 0,
                                    "Actual Startup Time": 918.552,
                                    "Actual Total Time": 918.556,
                                    "Actual Rows": 1,
                                    "Actual Loops": 1
                                },
                                {
                                    "Worker Number": 1,
                                    "Actual Startup Time": 917.571,
                                    "Actual Total Time": 917.576,
                                    "Actual Rows": 1,
                                    "Actual Loops": 1
                                },
                                {
                                    "Worker Number": 2,
                                    "Actual Startup Time": 917.34,
                                    "Actual Total Time": 917.345,
                                    "Actual Rows": 1,
                                    "Actual Loops": 1
                                },
                                {
                                    "Worker Number": 3,
                                    "Actual Startup Time": 917.536,
                                    "Actual Total Time": 917.541,
                                    "Actual Rows": 1,
                                    "Actual Loops": 1
                                },
                                {
                                    "Worker Number": 4,
                                    "Actual Startup Time": 917.527,
                                    "Actual Total Time": 917.532,
                                    "Actual Rows": 1,
                                    "Actual Loops": 1
                                },
                                {
                                    "Worker Number": 5,
                                    "Actual Startup Time": 917.759,
                                    "Actual Total Time": 917.764,
                                    "Actual Rows": 1,
                                    "Actual Loops": 1
                                }
                            ],
                            "Plans": [
                                {
                                    "Node Type": "Hash Join",
                                    "Parent Relationship": "Outer",
                                    "Parallel Aware": true,
                                    "Join Type": "Inner",
                                    "Startup Cost": 82775.87,
                                    "Total Cost": 338325.12,
                                    "Plan Rows": 261141,
                                    "Plan Width": 0,
                                    "Actual Startup Time": 329.932,
                                    "Actual Total Time": 886.059,
                                    "Actual Rows": 801317,
                                    "Actual Loops": 7,
                                    "Inner Unique": false,
                                    "Hash Cond": "(ci.movie_id = t.id)",
                                    "Workers": [
                                        {
                                            "Worker Number": 0,
                                            "Actual Startup Time": 328.132,
                                            "Actual Total Time": 884.557,
                                            "Actual Rows": 775471,
                                            "Actual Loops": 1
                                        },
                                        {
                                            "Worker Number": 1,
                                            "Actual Startup Time": 328.193,
                                            "Actual Total Time": 884.277,
                                            "Actual Rows": 807051,
                                            "Actual Loops": 1
                                        },
                                        {
                                            "Worker Number": 2,
                                            "Actual Startup Time": 328.15,
                                            "Actual Total Time": 882.922,
                                            "Actual Rows": 784100,
                                            "Actual Loops": 1
                                        },
                                        {
                                            "Worker Number": 3,
                                            "Actual Startup Time": 328.173,
                                            "Actual Total Time": 884.405,
                                            "Actual Rows": 799347,
                                            "Actual Loops": 1
                                        },
                                        {
                                            "Worker Number": 4,
                                            "Actual Startup Time": 328.198,
                                            "Actual Total Time": 884.323,
                                            "Actual Rows": 802829,
                                            "Actual Loops": 1
                                        },
                                        {
                                            "Worker Number": 5,
                                            "Actual Startup Time": 328.373,
                                            "Actual Total Time": 883.26,
                                            "Actual Rows": 787977,
                                            "Actual Loops": 1
                                        }
                                    ],
                                    "Plans": [
                                        {
                                            "Node Type": "Index Scan",
                                            "Parent Relationship": "Outer",
                                            "Parallel Aware": true,
                                            "Scan Direction": "Forward",
                                            "Index Name": "role_id_cast_info",
                                            "Relation Name": "cast_info",
                                            "Schema": "public",
                                            "Alias": "ci",
                                            "Startup Cost": 0.56,
                                            "Total Cost": 251544.36,
                                            "Plan Rows": 894028,
                                            "Plan Width": 4,
                                            "Actual Startup Time": 0.124,
                                            "Actual Total Time": 245.052,
                                            "Actual Rows": 1049426,
                                            "Actual Loops": 7,
                                            "Output": [
                                                "ci.id",
                                                "ci.person_id",
                                                "ci.movie_id",
                                                "ci.person_role_id",
                                                "ci.note",
                                                "ci.nr_order",
                                                "ci.role_id"
                                            ],
                                            "Index Cond": "(ci.role_id > 4)",
                                            "Rows Removed by Index Recheck": 0,
                                            "Filter": "(ci.person_id > 1521694)",
                                            "Rows Removed by Filter": 291246,
                                            "Workers": [
                                                {
                                                    "Worker Number": 0,
                                                    "Actual Startup Time": 0.225,
                                                    "Actual Total Time": 245.905,
                                                    "Actual Rows": 1017170,
                                                    "Actual Loops": 1
                                                },
                                                {
                                                    "Worker Number": 1,
                                                    "Actual Startup Time": 0.046,
                                                    "Actual Total Time": 248.265,
                                                    "Actual Rows": 1061612,
                                                    "Actual Loops": 1
                                                },
                                                {
                                                    "Worker Number": 2,
                                                    "Actual Startup Time": 0.259,
                                                    "Actual Total Time": 248.762,
                                                    "Actual Rows": 1028395,
                                                    "Actual Loops": 1
                                                },
                                                {
                                                    "Worker Number": 3,
                                                    "Actual Startup Time": 0.066,
                                                    "Actual Total Time": 247.477,
                                                    "Actual Rows": 1044664,
                                                    "Actual Loops": 1
                                                },
                                                {
                                                    "Worker Number": 4,
                                                    "Actual Startup Time": 0.076,
                                                    "Actual Total Time": 248.798,
                                                    "Actual Rows": 1054017,
                                                    "Actual Loops": 1
                                                },
                                                {
                                                    "Worker Number": 5,
                                                    "Actual Startup Time": 0.108,
                                                    "Actual Total Time": 247.878,
                                                    "Actual Rows": 1022772,
                                                    "Actual Loops": 1
                                                }
                                            ]
                                        },
                                        {
                                            "Node Type": "Hash",
                                            "Parent Relationship": "Inner",
                                            "Parallel Aware": true,
                                            "Startup Cost": 80467.46,
                                            "Total Cost": 80467.46,
                                            "Plan Rows": 184628,
                                            "Plan Width": 8,
                                            "Actual Startup Time": 326.593,
                                            "Actual Total Time": 326.942,
                                            "Actual Rows": 136715,
                                            "Actual Loops": 7,
                                            "Output": [
                                                "t.id",
                                                "mc.movie_id"
                                            ],
                                            "Hash Buckets": 1048576,
                                            "Original Hash Buckets": 1048576,
                                            "Hash Batches": 1,
                                            "Original Hash Batches": 1,
                                            "Peak Memory Usage": 45728,
                                            "Workers": [
                                                {
                                                    "Worker Number": 0,
                                                    "Actual Startup Time": 327.306,
                                                    "Actual Total Time": 327.309,
                                                    "Actual Rows": 132171,
                                                    "Actual Loops": 1
                                                },
                                                {
                                                    "Worker Number": 1,
                                                    "Actual Startup Time": 327.754,
                                                    "Actual Total Time": 327.758,
                                                    "Actual Rows": 136349,
                                                    "Actual Loops": 1
                                                },
                                                {
                                                    "Worker Number": 2,
                                                    "Actual Startup Time": 327.321,
                                                    "Actual Total Time": 327.325,
                                                    "Actual Rows": 133696,
                                                    "Actual Loops": 1
                                                },
                                                {
                                                    "Worker Number": 3,
                                                    "Actual Startup Time": 327.622,
                                                    "Actual Total Time": 327.626,
                                                    "Actual Rows": 133965,
                                                    "Actual Loops": 1
                                                },
                                                {
                                                    "Worker Number": 4,
                                                    "Actual Startup Time": 327.641,
                                                    "Actual Total Time": 327.644,
                                                    "Actual Rows": 135679,
                                                    "Actual Loops": 1
                                                },
                                                {
                                                    "Worker Number": 5,
                                                    "Actual Startup Time": 327.85,
                                                    "Actual Total Time": 327.854,
                                                    "Actual Rows": 135043,
                                                    "Actual Loops": 1
                                                }
                                            ],
                                            "Plans": [
                                                {
                                                    "Node Type": "Hash Join",
                                                    "Parent Relationship": "Outer",
                                                    "Parallel Aware": true,
                                                    "Join Type": "Inner",
                                                    "Startup Cost": 34392.68,
                                                    "Total Cost": 80467.46,
                                                    "Plan Rows": 184628,
                                                    "Plan Width": 8,
                                                    "Actual Startup Time": 116.399,
                                                    "Actual Total Time": 273.57,
                                                    "Actual Rows": 136715,
                                                    "Actual Loops": 7,
                                                    "Output": [
                                                        "t.id",
                                                        "mc.movie_id"
                                                    ],
                                                    "Inner Unique": false,
                                                    "Hash Cond": "(t.id = mc.movie_id)",
                                                    "Workers": [
                                                        {
                                                            "Worker Number": 0,
                                                            "Actual Startup Time": 116.349,
                                                            "Actual Total Time": 273.74,
                                                            "Actual Rows": 132171,
                                                            "Actual Loops": 1
                                                        },
                                                        {
                                                            "Worker Number": 1,
                                                            "Actual Startup Time": 116.402,
                                                            "Actual Total Time": 273.61,
                                                            "Actual Rows": 136349,
                                                            "Actual Loops": 1
                                                        },
                                                        {
                                                            "Worker Number": 2,
                                                            "Actual Startup Time": 116.441,
                                                            "Actual Total Time": 272.493,
                                                            "Actual Rows": 133696,
                                                            "Actual Loops": 1
                                                        },
                                                        {
                                                            "Worker Number": 3,
                                                            "Actual Startup Time": 116.384,
                                                            "Actual Total Time": 273.087,
                                                            "Actual Rows": 133965,
                                                            "Actual Loops": 1
                                                        },
                                                        {
                                                            "Worker Number": 4,
                                                            "Actual Startup Time": 116.395,
                                                            "Actual Total Time": 273.365,
                                                            "Actual Rows": 135679,
                                                            "Actual Loops": 1
                                                        },
                                                        {
                                                            "Worker Number": 5,
                                                            "Actual Startup Time": 116.349,
                                                            "Actual Total Time": 273.747,
                                                            "Actual Rows": 135043,
                                                            "Actual Loops": 1
                                                        }
                                                    ],
                                                    "Plans": [
                                                        {
                                                            "Node Type": "Seq Scan",
                                                            "Parent Relationship": "Outer",
                                                            "Parallel Aware": true,
                                                            "Relation Name": "title",
                                                            "Schema": "public",
                                                            "Alias": "t",
                                                            "Startup Cost": 0.0,
                                                            "Total Cost": 42318.81,
                                                            "Plan Rows": 632080,
                                                            "Plan Width": 4,
                                                            "Actual Startup Time": 0.012,
                                                            "Actual Total Time": 46.537,
                                                            "Actual Rows": 361187,
                                                            "Actual Loops": 7,
                                                            "Output": [
                                                                "t.id",
                                                                "t.title",
                                                                "t.imdb_index",
                                                                "t.kind_id",
                                                                "t.production_year",
                                                                "t.imdb_id",
                                                                "t.phonetic_code",
                                                                "t.episode_of_id",
                                                                "t.season_nr",
                                                                "t.episode_nr",
                                                                "t.series_years",
                                                                "t.md5sum"
                                                            ],
                                                            "Workers": [
                                                                {
                                                                    "Worker Number": 0,
                                                                    "Actual Startup Time": 0.015,
                                                                    "Actual Total Time": 48.225,
                                                                    "Actual Rows": 347412,
                                                                    "Actual Loops": 1
                                                                },
                                                                {
                                                                    "Worker Number": 1,
                                                                    "Actual Startup Time": 0.017,
                                                                    "Actual Total Time": 48.447,
                                                                    "Actual Rows": 359900,
                                                                    "Actual Loops": 1
                                                                },
                                                                {
                                                                    "Worker Number": 2,
                                                                    "Actual Startup Time": 0.012,
                                                                    "Actual Total Time": 48.714,
                                                                    "Actual Rows": 351492,
                                                                    "Actual Loops": 1
                                                                },
                                                                {
                                                                    "Worker Number": 3,
                                                                    "Actual Startup Time": 0.013,
                                                                    "Actual Total Time": 48.025,
                                                                    "Actual Rows": 352252,
                                                                    "Actual Loops": 1
                                                                },
                                                                {
                                                                    "Worker Number": 4,
                                                                    "Actual Startup Time": 0.01,
                                                                    "Actual Total Time": 48.132,
                                                                    "Actual Rows": 357305,
                                                                    "Actual Loops": 1
                                                                },
                                                                {
                                                                    "Worker Number": 5,
                                                                    "Actual Startup Time": 0.011,
                                                                    "Actual Total Time": 48.562,
                                                                    "Actual Rows": 352903,
                                                                    "Actual Loops": 1
                                                                }
                                                            ]
                                                        },
                                                        {
                                                            "Node Type": "Hash",
                                                            "Parent Relationship": "Inner",
                                                            "Parallel Aware": true,
                                                            "Startup Cost": 31414.82,
                                                            "Total Cost": 31414.82,
                                                            "Plan Rows": 238229,
                                                            "Plan Width": 4,
                                                            "Actual Startup Time": 114.791,
                                                            "Actual Total Time": 114.792,
                                                            "Actual Rows": 136715,
                                                            "Actual Loops": 7,
                                                            "Output": [
                                                                "mc.movie_id"
                                                            ],
                                                            "Hash Buckets": 1048576,
                                                            "Original Hash Buckets": 1048576,
                                                            "Hash Batches": 1,
                                                            "Original Hash Batches": 1,
                                                            "Peak Memory Usage": 45696,
                                                            "Workers": [
                                                                {
                                                                    "Worker Number": 0,
                                                                    "Actual Startup Time": 116.22,
                                                                    "Actual Total Time": 116.222,
                                                                    "Actual Rows": 128176,
                                                                    "Actual Loops": 1
                                                                },
                                                                {
                                                                    "Worker Number": 1,
                                                                    "Actual Startup Time": 116.298,
                                                                    "Actual Total Time": 116.3,
                                                                    "Actual Rows": 140392,
                                                                    "Actual Loops": 1
                                                                },
                                                                {
                                                                    "Worker Number": 2,
                                                                    "Actual Startup Time": 116.304,
                                                                    "Actual Total Time": 116.305,
                                                                    "Actual Rows": 128406,
                                                                    "Actual Loops": 1
                                                                },
                                                                {
                                                                    "Worker Number": 3,
                                                                    "Actual Startup Time": 116.312,
                                                                    "Actual Total Time": 116.313,
                                                                    "Actual Rows": 137948,
                                                                    "Actual Loops": 1
                                                                },
                                                                {
                                                                    "Worker Number": 4,
                                                                    "Actual Startup Time": 116.31,
                                                                    "Actual Total Time": 116.311,
                                                                    "Actual Rows": 138180,
                                                                    "Actual Loops": 1
                                                                },
                                                                {
                                                                    "Worker Number": 5,
                                                                    "Actual Startup Time": 116.266,
                                                                    "Actual Total Time": 116.268,
                                                                    "Actual Rows": 126530,
                                                                    "Actual Loops": 1
                                                                }
                                                            ],
                                                            "Plans": [
                                                                {
                                                                    "Node Type": "Seq Scan",
                                                                    "Parent Relationship": "Outer",
                                                                    "Parallel Aware": true,
                                                                    "Relation Name": "movie_companies",
                                                                    "Schema": "public",
                                                                    "Alias": "mc",
                                                                    "Startup Cost": 0.0,
                                                                    "Total Cost": 31414.82,
                                                                    "Plan Rows": 238229,
                                                                    "Plan Width": 4,
                                                                    "Actual Startup Time": 39.469,
                                                                    "Actual Total Time": 63.888,
                                                                    "Actual Rows": 136715,
                                                                    "Actual Loops": 7,
                                                                    "Output": [
                                                                        "mc.movie_id"
                                                                    ],
                                                                    "Filter": "((mc.company_id > 9374) AND (mc.company_type_id = 2))",
                                                                    "Rows Removed by Filter": 236017,
                                                                    "Workers": [
                                                                        {
                                                                            "Worker Number": 0,
                                                                            "Actual Startup Time": 39.438,
                                                                            "Actual Total Time": 63.955,
                                                                            "Actual Rows": 128176,
                                                                            "Actual Loops": 1
                                                                        },
                                                                        {
                                                                            "Worker Number": 1,
                                                                            "Actual Startup Time": 39.463,
                                                                            "Actual Total Time": 64.718,
                                                                            "Actual Rows": 140392,
                                                                            "Actual Loops": 1
                                                                        },
                                                                        {
                                                                            "Worker Number": 2,
                                                                            "Actual Startup Time": 39.472,
                                                                            "Actual Total Time": 63.866,
                                                                            "Actual Rows": 128406,
                                                                            "Actual Loops": 1
                                                                        },
                                                                        {
                                                                            "Worker Number": 3,
                                                                            "Actual Startup Time": 39.469,
                                                                            "Actual Total Time": 64.503,
                                                                            "Actual Rows": 137948,
                                                                            "Actual Loops": 1
                                                                        },
                                                                        {
                                                                            "Worker Number": 4,
                                                                            "Actual Startup Time": 39.489,
                                                                            "Actual Total Time": 64.436,
                                                                            "Actual Rows": 138180,
                                                                            "Actual Loops": 1
                                                                        },
                                                                        {
                                                                            "Worker Number": 5,
                                                                            "Actual Startup Time": 39.454,
                                                                            "Actual Total Time": 63.64,
                                                                            "Actual Rows": 126530,
                                                                            "Actual Loops": 1
                                                                        }
                                                                    ]
                                                                }
                                                            ]
                                                        }
                                                    ]
                                                }
                                            ]
                                        }
                                    ]
                                }
                            ]
                        }
                    ]
                }
            ]
        },
        "Planning Time": 442.537,
        "Triggers": [],
        "Execution Time": 965.797
    }
]