{
  "Plan": {
    "Node Type": "Aggregate",
    "Strategy": "Plain",
    "Partial Mode": "Finalize",
    "Parallel Aware": false,
    "Startup Cost": 449444.05,
    "Total Cost": 449444.06,
    "Plan Rows": 1,
    "Plan Width": 8,
    "Actual Startup Time": 2806.27,
    "Actual Total Time": 2861.414,
    "Actual Rows": 1,
    "Actual Loops": 1,
    "Plans": [
      {
        "Node Type": "Gather",
        "Parent Relationship": "Outer",
        "Parallel Aware": false,
        "Startup Cost": 449443.94,
        "Total Cost": 449444.05,
        "Plan Rows": 1,
        "Plan Width": 8,
        "Actual Startup Time": 2802.565,
        "Actual Total Time": 2861.403,
        "Actual Rows": 2,
        "Actual Loops": 1,
        "Workers Planned": 1,
        "Workers Launched": 1,
        "Single Copy": false,
        "Plans": [
          {
            "Node Type": "Aggregate",
            "Strategy": "Plain",
            "Partial Mode": "Partial",
            "Parent Relationship": "Outer",
            "Parallel Aware": false,
            "Startup Cost": 448443.94,
            "Total Cost": 448443.95,
            "Plan Rows": 1,
            "Plan Width": 8,
            "Actual Startup Time": 2795.02,
            "Actual Total Time": 2795.338,
            "Actual Rows": 1,
            "Actual Loops": 2,
            "Plans": [
              {
                "Node Type": "Hash Join",
                "Parent Relationship": "Outer",
                "Parallel Aware": true,
                "Join Type": "Inner",
                "Startup Cost": 135294.77,
                "Total Cost": 439024.62,
                "Plan Rows": 3767726,
                "Plan Width": 0,
                "Actual Startup Time": 802.944,
                "Actual Total Time": 2668.087,
                "Actual Rows": 2837126,
                "Actual Loops": 2,
                "Inner Unique": false,
                "Hash Cond": "(mi.movie_id = t.id)",
                "Plans": [
                  {
                    "Node Type": "Seq Scan",
                    "Parent Relationship": "Outer",
                    "Parallel Aware": true,
                    "Relation Name": "movie_info",
                    "Alias": "mi",
                    "Startup Cost": 0.0,
                    "Total Cost": 248955.74,
                    "Plan Rows": 8696274,
                    "Plan Width": 4,
                    "Actual Startup Time": 0.019,
                    "Actual Total Time": 695.316,
                    "Actual Rows": 7417860,
                    "Actual Loops": 2
                  },
                  {
                    "Node Type": "Hash",
                    "Parent Relationship": "Inner",
                    "Parallel Aware": true,
                    "Startup Cost": 127240.34,
                    "Total Cost": 127240.34,
                    "Plan Rows": 644354,
                    "Plan Width": 8,
                    "Actual Startup Time": 787.665,
                    "Actual Total Time": 787.981,
                    "Actual Rows": 233989,
                    "Actual Loops": 2,
                    "Hash Buckets": 2097152,
                    "Original Hash Buckets": 2097152,
                    "Hash Batches": 1,
                    "Original Hash Batches": 1,
                    "Peak Memory Usage": 34720,
                    "Plans": [
                      {
                        "Node Type": "Hash Join",
                        "Parent Relationship": "Outer",
                        "Parallel Aware": true,
                        "Join Type": "Inner",
                        "Startup Cost": 63855.07,
                        "Total Cost": 127240.34,
                        "Plan Rows": 644354,
                        "Plan Width": 8,
                        "Actual Startup Time": 289.533,
                        "Actual Total Time": 730.269,
                        "Actual Rows": 233989,
                        "Actual Loops": 2,
                        "Inner Unique": true,
                        "Hash Cond": "(mk.movie_id = t.id)",
                        "Plans": [
                          {
                            "Node Type": "Seq Scan",
                            "Parent Relationship": "Outer",
                            "Parallel Aware": true,
                            "Relation Name": "movie_keyword",
                            "Alias": "mk",
                            "Startup Cost": 0.0,
                            "Total Cost": 57718.19,
                            "Plan Rows": 2158885,
                            "Plan Width": 4,
                            "Actual Startup Time": 0.017,
                            "Actual Total Time": 236.967,
                            "Actual Rows": 1838805,
                            "Actual Loops": 2,
                            "Filter": "(keyword_id < 21706)",
                            "Rows Removed by Filter": 423160
                          },
                          {
                            "Node Type": "Hash",
                            "Parent Relationship": "Inner",
                            "Parallel Aware": true,
                            "Startup Cost": 58306.47,
                            "Total Cost": 58306.47,
                            "Plan Rows": 443888,
                            "Plan Width": 4,
                            "Actual Startup Time": 285.452,
                            "Actual Total Time": 285.453,
                            "Actual Rows": 398319,
                            "Actual Loops": 2,
                            "Hash Buckets": 1048576,
                            "Original Hash Buckets": 1048576,
                            "Hash Batches": 1,
                            "Original Hash Batches": 1,
                            "Peak Memory Usage": 39392,
                            "Plans": [
                              {
                                "Node Type": "Seq Scan",
                                "Parent Relationship": "Outer",
                                "Parallel Aware": true,
                                "Relation Name": "title",
                                "Alias": "t",
                                "Startup Cost": 0.0,
                                "Total Cost": 58306.47,
                                "Plan Rows": 443888,
                                "Plan Width": 4,
                                "Actual Startup Time": 0.028,
                                "Actual Total Time": 178.773,
                                "Actual Rows": 398319,
                                "Actual Loops": 2,
                                "Filter": "((kind_id > 1) AND (production_year > 2005))",
                                "Rows Removed by Filter": 865837
                              }
                            ]
                          }
                        ]
                      }
                    ]
                  }
                ]
              }
            ]
          }
        ]
      }
    ]
  },
  "Planning Time": 0.962,
  "Triggers": [],
  "Execution Time": 2861.506
}