[
  {
    "Plan": {
      "Node Type": "Aggregate",
      "Strategy": "Plain",
      "Partial Mode": "Finalize",
      "Parallel Aware": false,
      "Startup Cost": 291449.5,
      "Total Cost": 291449.51,
      "Plan Rows": 1,
      "Plan Width": 8,
      "Actual Startup Time": 954.769,
      "Actual Total Time": 1002.341,
      "Actual Rows": 1,
      "Actual Loops": 1,
      "Plans": [
        {
          "Node Type": "Gather",
          "Parent Relationship": "Outer",
          "Parallel Aware": false,
          "Startup Cost": 291448.98,
          "Total Cost": 291449.49,
          "Plan Rows": 5,
          "Plan Width": 8,
          "Actual Startup Time": 947.406,
          "Actual Total Time": 1002.33,
          "Actual Rows": 6,
          "Actual Loops": 1,
          "Workers Planned": 5,
          "Workers Launched": 5,
          "Single Copy": false,
          "Plans": [
            {
              "Node Type": "Aggregate",
              "Strategy": "Plain",
              "Partial Mode": "Partial",
              "Parent Relationship": "Outer",
              "Parallel Aware": false,
              "Startup Cost": 290448.98,
              "Total Cost": 290448.99,
              "Plan Rows": 1,
              "Plan Width": 8,
              "Actual Startup Time": 936.533,
              "Actual Total Time": 936.621,
              "Actual Rows": 1,
              "Actual Loops": 6,
              "Plans": [
                {
                  "Node Type": "Hash Join",
                  "Parent Relationship": "Outer",
                  "Parallel Aware": true,
                  "Join Type": "Inner",
                  "Startup Cost": 83347.4,
                  "Total Cost": 289228.99,
                  "Plan Rows": 487994,
                  "Plan Width": 0,
                  "Actual Startup Time": 337.04,
                  "Actual Total Time": 908.236,
                  "Actual Rows": 618851,
                  "Actual Loops": 6,
                  "Inner Unique": false,
                  "Hash Cond": "(mi.movie_id = t.id)",
                  "Plans": [
                    {
                      "Node Type": "Seq Scan",
                      "Parent Relationship": "Outer",
                      "Parallel Aware": true,
                      "Relation Name": "movie_info",
                      "Alias": "mi",
                      "Startup Cost": 0.0,
                      "Total Cost": 198952.16,
                      "Plan Rows": 1522520,
                      "Plan Width": 4,
                      "Actual Startup Time": 16.995,
                      "Actual Total Time": 332.287,
                      "Actual Rows": 1258142,
                      "Actual Loops": 6,
                      "Filter": "(info_type_id > 7)",
                      "Rows Removed by Filter": 1214478
                    },
                    {
                      "Node Type": "Hash",
                      "Parent Relationship": "Inner",
                      "Parallel Aware": true,
                      "Startup Cost": 80815.02,
                      "Total Cost": 80815.02,
                      "Plan Rows": 202590,
                      "Plan Width": 8,
                      "Actual Startup Time": 316.182,
                      "Actual Total Time": 316.268,
                      "Actual Rows": 84564,
                      "Actual Loops": 6,
                      "Hash Buckets": 1048576,
                      "Original Hash Buckets": 1048576,
                      "Hash Batches": 1,
                      "Original Hash Batches": 1,
                      "Peak Memory Usage": 28096,
                      "Plans": [
                        {
                          "Node Type": "Hash Join",
                          "Parent Relationship": "Outer",
                          "Parallel Aware": true,
                          "Join Type": "Inner",
                          "Startup Cost": 34682.41,
                          "Total Cost": 80815.02,
                          "Plan Rows": 202590,
                          "Plan Width": 8,
                          "Actual Startup Time": 107.41,
                          "Actual Total Time": 277.447,
                          "Actual Rows": 84564,
                          "Actual Loops": 6,
                          "Inner Unique": false,
                          "Hash Cond": "(t.id = mc.movie_id)",
                          "Plans": [
                            {
                              "Node Type": "Seq Scan",
                              "Parent Relationship": "Outer",
                              "Parallel Aware": true,
                              "Relation Name": "title",
                              "Alias": "t",
                              "Startup Cost": 0.0,
                              "Total Cost": 42318.73,
                              "Plan Rows": 632073,
                              "Plan Width": 4,
                              "Actual Startup Time": 0.011,
                              "Actual Total Time": 61.833,
                              "Actual Rows": 421385,
                              "Actual Loops": 6
                            },
                            {
                              "Node Type": "Hash",
                              "Parent Relationship": "Inner",
                              "Parallel Aware": true,
                              "Startup Cost": 31414.82,
                              "Total Cost": 31414.82,
                              "Plan Rows": 261407,
                              "Plan Width": 4,
                              "Actual Startup Time": 105.621,
                              "Actual Total Time": 105.622,
                              "Actual Rows": 84564,
                              "Actual Loops": 6,
                              "Hash Buckets": 1048576,
                              "Original Hash Buckets": 1048576,
                              "Hash Batches": 1,
                              "Original Hash Batches": 1,
                              "Peak Memory Usage": 28160,
                              "Plans": [
                                {
                                  "Node Type": "Seq Scan",
                                  "Parent Relationship": "Outer",
                                  "Parallel Aware": true,
                                  "Relation Name": "movie_companies",
                                  "Alias": "mc",
                                  "Startup Cost": 0.0,
                                  "Total Cost": 31414.82,
                                  "Plan Rows": 261407,
                                  "Plan Width": 4,
                                  "Actual Startup Time": 42.044,
                                  "Actual Total Time": 68.015,
                                  "Actual Rows": 84564,
                                  "Actual Loops": 6,
                                  "Filter": "((company_id < 15820) AND (company_type_id = 2))",
                                  "Rows Removed by Filter": 350290
                                }
                              ]
                            }
                          ]
                        }
                      ]
                    }
                  ]
                }
              ]
            }
          ]
        }
      ]
    },
    "Planning Time": 1.523,
    "Triggers": [],
    "Execution Time": 1002.441
  }
]