[
  {
    "Plan": {
      "Node Type": "Aggregate",
      "Strategy": "Plain",
      "Partial Mode": "Finalize",
      "Parallel Aware": false,
      "Startup Cost": 103367.11,
      "Total Cost": 103367.12,
      "Plan Rows": 1,
      "Plan Width": 8,
      "Actual Startup Time": 622.089,
      "Actual Total Time": 644.184,
      "Actual Rows": 1,
      "Actual Loops": 1,
      "Plans": [
        {
          "Node Type": "Gather",
          "Parent Relationship": "Outer",
          "Parallel Aware": false,
          "Startup Cost": 103366.9,
          "Total Cost": 103367.11,
          "Plan Rows": 2,
          "Plan Width": 8,
          "Actual Startup Time": 612.057,
          "Actual Total Time": 644.178,
          "Actual Rows": 3,
          "Actual Loops": 1,
          "Workers Planned": 2,
          "Workers Launched": 2,
          "Single Copy": false,
          "Plans": [
            {
              "Node Type": "Aggregate",
              "Strategy": "Plain",
              "Partial Mode": "Partial",
              "Parent Relationship": "Outer",
              "Parallel Aware": false,
              "Startup Cost": 102366.9,
              "Total Cost": 102366.91,
              "Plan Rows": 1,
              "Plan Width": 8,
              "Actual Startup Time": 605.819,
              "Actual Total Time": 605.985,
              "Actual Rows": 1,
              "Actual Loops": 3,
              "Plans": [
                {
                  "Node Type": "Hash Join",
                  "Parent Relationship": "Outer",
                  "Parallel Aware": true,
                  "Join Type": "Inner",
                  "Startup Cost": 85492.6,
                  "Total Cost": 102230.61,
                  "Plan Rows": 54514,
                  "Plan Width": 0,
                  "Actual Startup Time": 525.169,
                  "Actual Total Time": 598.753,
                  "Actual Rows": 183167,
                  "Actual Loops": 3,
                  "Inner Unique": false,
                  "Hash Cond": "(mi_idx.movie_id = t.id)",
                  "Plans": [
                    {
                      "Node Type": "Seq Scan",
                      "Parent Relationship": "Outer",
                      "Parallel Aware": true,
                      "Relation Name": "movie_info_idx",
                      "Alias": "mi_idx",
                      "Startup Cost": 0.0,
                      "Total Cost": 15122.68,
                      "Plan Rows": 383860,
                      "Plan Width": 4,
                      "Actual Startup Time": 0.022,
                      "Actual Total Time": 40.501,
                      "Actual Rows": 306617,
                      "Actual Loops": 3,
                      "Filter": "(info_type_id < 101)",
                      "Rows Removed by Filter": 153395
                    },
                    {
                      "Node Type": "Hash",
                      "Parent Relationship": "Inner",
                      "Parallel Aware": true,
                      "Startup Cost": 84044.79,
                      "Total Cost": 84044.79,
                      "Plan Rows": 115825,
                      "Plan Width": 8,
                      "Actual Startup Time": 509.117,
                      "Actual Total Time": 509.281,
                      "Actual Rows": 118812,
                      "Actual Loops": 3,
                      "Hash Buckets": 524288,
                      "Original Hash Buckets": 524288,
                      "Hash Batches": 1,
                      "Original Hash Batches": 1,
                      "Peak Memory Usage": 18080,
                      "Plans": [
                        {
                          "Node Type": "Hash Join",
                          "Parent Relationship": "Outer",
                          "Parallel Aware": true,
                          "Join Type": "Inner",
                          "Startup Cost": 57838.94,
                          "Total Cost": 84044.79,
                          "Plan Rows": 115825,
                          "Plan Width": 8,
                          "Actual Startup Time": 395.337,
                          "Actual Total Time": 480.181,
                          "Actual Rows": 118812,
                          "Actual Loops": 3,
                          "Inner Unique": true,
                          "Hash Cond": "(mk.movie_id = t.id)",
                          "Plans": [
                            {
                              "Node Type": "Bitmap Heap Scan",
                              "Parent Relationship": "Outer",
                              "Parallel Aware": true,
                              "Relation Name": "movie_keyword",
                              "Alias": "mk",
                              "Startup Cost": 7619.13,
                              "Total Cost": 33520.95,
                              "Plan Rows": 115825,
                              "Plan Width": 4,
                              "Actual Startup Time": 22.74,
                              "Actual Total Time": 70.702,
                              "Actual Rows": 118812,
                              "Actual Loops": 3,
                              "Recheck Cond": "(keyword_id > 46841)",
                              "Rows Removed by Index Recheck": 0,
                              "Exact Heap Blocks": 8717,
                              "Lossy Heap Blocks": 0,
                              "Plans": [
                                {
                                  "Node Type": "Bitmap Index Scan",
                                  "Parent Relationship": "Outer",
                                  "Parallel Aware": false,
                                  "Index Name": "keyword_id_movie_keyword",
                                  "Startup Cost": 0.0,
                                  "Total Cost": 7529.37,
                                  "Plan Rows": 359058,
                                  "Plan Width": 0,
                                  "Actual Startup Time": 19.502,
                                  "Actual Total Time": 19.502,
                                  "Actual Rows": 356435,
                                  "Actual Loops": 1,
                                  "Index Cond": "(keyword_id > 46841)"
                                }
                              ]
                            },
                            {
                              "Node Type": "Hash",
                              "Parent Relationship": "Inner",
                              "Parallel Aware": true,
                              "Startup Cost": 42318.81,
                              "Total Cost": 42318.81,
                              "Plan Rows": 632080,
                              "Plan Width": 4,
                              "Actual Startup Time": 364.966,
                              "Actual Total Time": 364.967,
                              "Actual Rows": 842771,
                              "Actual Loops": 3,
                              "Hash Buckets": 4194304,
                              "Original Hash Buckets": 4194304,
                              "Hash Batches": 1,
                              "Original Hash Batches": 1,
                              "Peak Memory Usage": 131712,
                              "Plans": [
                                {
                                  "Node Type": "Seq Scan",
                                  "Parent Relationship": "Outer",
                                  "Parallel Aware": true,
                                  "Relation Name": "title",
                                  "Alias": "t",
                                  "Startup Cost": 0.0,
                                  "Total Cost": 42318.81,
                                  "Plan Rows": 632080,
                                  "Plan Width": 4,
                                  "Actual Startup Time": 0.029,
                                  "Actual Total Time": 104.615,
                                  "Actual Rows": 842771,
                                  "Actual Loops": 3
                                }
                              ]
                            }
                          ]
                        }
                      ]
                    }
                  ]
                }
              ]
            }
          ]
        }
      ]
    },
    "Planning Time": 0.438,
    "Triggers": [],
    "Execution Time": 644.229
  }
]