[
  {
    "Plan": {
      "Node Type": "Aggregate",
      "Strategy": "Plain",
      "Partial Mode": "Finalize",
      "Parallel Aware": false,
      "Startup Cost": 103678.59,
      "Total Cost": 103678.6,
      "Plan Rows": 1,
      "Plan Width": 8,
      "Actual Startup Time": 748.709,
      "Actual Total Time": 773.153,
      "Actual Rows": 1,
      "Actual Loops": 1,
      "Plans": [
        {
          "Node Type": "Gather",
          "Parent Relationship": "Outer",
          "Parallel Aware": false,
          "Startup Cost": 103678.37,
          "Total Cost": 103678.58,
          "Plan Rows": 2,
          "Plan Width": 8,
          "Actual Startup Time": 741.575,
          "Actual Total Time": 773.144,
          "Actual Rows": 3,
          "Actual Loops": 1,
          "Workers Planned": 2,
          "Workers Launched": 2,
          "Single Copy": false,
          "Plans": [
            {
              "Node Type": "Aggregate",
              "Strategy": "Plain",
              "Partial Mode": "Partial",
              "Parent Relationship": "Outer",
              "Parallel Aware": false,
              "Startup Cost": 102678.37,
              "Total Cost": 102678.38,
              "Plan Rows": 1,
              "Plan Width": 8,
              "Actual Startup Time": 732.98,
              "Actual Total Time": 732.987,
              "Actual Rows": 1,
              "Actual Loops": 3,
              "Plans": [
                {
                  "Node Type": "Hash Join",
                  "Parent Relationship": "Outer",
                  "Parallel Aware": true,
                  "Join Type": "Inner",
                  "Startup Cost": 85799.38,
                  "Total Cost": 102538.53,
                  "Plan Rows": 55938,
                  "Plan Width": 0,
                  "Actual Startup Time": 641.15,
                  "Actual Total Time": 724.646,
                  "Actual Rows": 183167,
                  "Actual Loops": 3,
                  "Inner Unique": false,
                  "Hash Cond": "(mi_idx.movie_id = t.id)",
                  "Plans": [
                    {
                      "Node Type": "Seq Scan",
                      "Parent Relationship": "Outer",
                      "Parallel Aware": true,
                      "Relation Name": "movie_info_idx",
                      "Alias": "mi_idx",
                      "Startup Cost": 0.0,
                      "Total Cost": 15122.68,
                      "Plan Rows": 382940,
                      "Plan Width": 4,
                      "Actual Startup Time": 0.069,
                      "Actual Total Time": 46.126,
                      "Actual Rows": 306617,
                      "Actual Loops": 3,
                      "Filter": "(info_type_id < 101)",
                      "Rows Removed by Filter": 153395
                    },
                    {
                      "Node Type": "Hash",
                      "Parent Relationship": "Inner",
                      "Parallel Aware": true,
                      "Startup Cost": 84310.2,
                      "Total Cost": 84310.2,
                      "Plan Rows": 119135,
                      "Plan Width": 8,
                      "Actual Startup Time": 619.848,
                      "Actual Total Time": 619.853,
                      "Actual Rows": 118812,
                      "Actual Loops": 3,
                      "Hash Buckets": 524288,
                      "Original Hash Buckets": 524288,
                      "Hash Batches": 1,
                      "Original Hash Batches": 1,
                      "Peak Memory Usage": 18080,
                      "Plans": [
                        {
                          "Node Type": "Hash Join",
                          "Parent Relationship": "Outer",
                          "Parallel Aware": true,
                          "Join Type": "Inner",
                          "Startup Cost": 58054.28,
                          "Total Cost": 84310.2,
                          "Plan Rows": 119135,
                          "Plan Width": 8,
                          "Actual Startup Time": 482.995,
                          "Actual Total Time": 585.114,
                          "Actual Rows": 118812,
                          "Actual Loops": 3,
                          "Inner Unique": true,
                          "Hash Cond": "(mk.movie_id = t.id)",
                          "Plans": [
                            {
                              "Node Type": "Bitmap Heap Scan",
                              "Parent Relationship": "Outer",
                              "Parallel Aware": true,
                              "Relation Name": "movie_keyword",
                              "Alias": "mk",
                              "Startup Cost": 7834.64,
                              "Total Cost": 33777.82,
                              "Plan Rows": 119135,
                              "Plan Width": 4,
                              "Actual Startup Time": 23.888,
                              "Actual Total Time": 81.432,
                              "Actual Rows": 118812,
                              "Actual Loops": 3,
                              "Recheck Cond": "(keyword_id > 46841)",
                              "Rows Removed by Index Recheck": 0,
                              "Exact Heap Blocks": 6600,
                              "Lossy Heap Blocks": 0,
                              "Plans": [
                                {
                                  "Node Type": "Bitmap Index Scan",
                                  "Parent Relationship": "Outer",
                                  "Parallel Aware": false,
                                  "Index Name": "keyword_id_movie_keyword",
                                  "Startup Cost": 0.0,
                                  "Total Cost": 7742.31,
                                  "Plan Rows": 369317,
                                  "Plan Width": 0,
                                  "Actual Startup Time": 20.556,
                                  "Actual Total Time": 20.557,
                                  "Actual Rows": 356435,
                                  "Actual Loops": 1,
                                  "Index Cond": "(keyword_id > 46841)"
                                }
                              ]
                            },
                            {
                              "Node Type": "Hash",
                              "Parent Relationship": "Inner",
                              "Parallel Aware": true,
                              "Startup Cost": 42318.73,
                              "Total Cost": 42318.73,
                              "Plan Rows": 632073,
                              "Plan Width": 4,
                              "Actual Startup Time": 446.449,
                              "Actual Total Time": 446.45,
                              "Actual Rows": 842771,
                              "Actual Loops": 3,
                              "Hash Buckets": 4194304,
                              "Original Hash Buckets": 4194304,
                              "Hash Batches": 1,
                              "Original Hash Batches": 1,
                              "Peak Memory Usage": 131712,
                              "Plans": [
                                {
                                  "Node Type": "Seq Scan",
                                  "Parent Relationship": "Outer",
                                  "Parallel Aware": true,
                                  "Relation Name": "title",
                                  "Alias": "t",
                                  "Startup Cost": 0.0,
                                  "Total Cost": 42318.73,
                                  "Plan Rows": 632073,
                                  "Plan Width": 4,
                                  "Actual Startup Time": 0.041,
                                  "Actual Total Time": 127.185,
                                  "Actual Rows": 842771,
                                  "Actual Loops": 3
                                }
                              ]
                            }
                          ]
                        }
                      ]
                    }
                  ]
                }
              ]
            }
          ]
        }
      ]
    },
    "Planning Time": 1.312,
    "Triggers": [],
    "Execution Time": 773.255
  }
]