{
  "Plan": {
    "Node Type": "Aggregate",
    "Strategy": "Plain",
    "Partial Mode": "Finalize",
    "Parallel Aware": false,
    "Startup Cost": 131861.91,
    "Total Cost": 131861.92,
    "Plan Rows": 1,
    "Plan Width": 8,
    "Actual Startup Time": 848.576,
    "Actual Total Time": 868.113,
    "Actual Rows": 1,
    "Actual Loops": 1,
    "Plans": [
      {
        "Node Type": "Gather",
        "Parent Relationship": "Outer",
        "Parallel Aware": false,
        "Startup Cost": 131861.8,
        "Total Cost": 131861.91,
        "Plan Rows": 1,
        "Plan Width": 8,
        "Actual Startup Time": 843.328,
        "Actual Total Time": 868.104,
        "Actual Rows": 2,
        "Actual Loops": 1,
        "Workers Planned": 1,
        "Workers Launched": 1,
        "Single Copy": false,
        "Plans": [
          {
            "Node Type": "Aggregate",
            "Strategy": "Plain",
            "Partial Mode": "Partial",
            "Parent Relationship": "Outer",
            "Parallel Aware": false,
            "Startup Cost": 130861.8,
            "Total Cost": 130861.81,
            "Plan Rows": 1,
            "Plan Width": 8,
            "Actual Startup Time": 837.9,
            "Actual Total Time": 837.904,
            "Actual Rows": 1,
            "Actual Loops": 2,
            "Plans": [
              {
                "Node Type": "Hash Join",
                "Parent Relationship": "Outer",
                "Parallel Aware": true,
                "Join Type": "Inner",
                "Startup Cost": 66883.45,
                "Total Cost": 128442.53,
                "Plan Rows": 967706,
                "Plan Width": 0,
                "Actual Startup Time": 433.107,
                "Actual Total Time": 821.151,
                "Actual Rows": 350378,
                "Actual Loops": 2,
                "Inner Unique": true,
                "Hash Cond": "(mk.movie_id = t.id)",
                "Plans": [
                  {
                    "Node Type": "Seq Scan",
                    "Parent Relationship": "Outer",
                    "Parallel Aware": true,
                    "Relation Name": "movie_keyword",
                    "Alias": "mk",
                    "Startup Cost": 0.0,
                    "Total Cost": 57718.19,
                    "Plan Rows": 1463192,
                    "Plan Width": 4,
                    "Actual Startup Time": 0.372,
                    "Actual Total Time": 219.763,
                    "Actual Rows": 1243915,
                    "Actual Loops": 2,
                    "Filter": "(keyword_id > 3636)",
                    "Rows Removed by Filter": 1018050
                  },
                  {
                    "Node Type": "Hash",
                    "Parent Relationship": "Inner",
                    "Parallel Aware": true,
                    "Startup Cost": 54588.39,
                    "Total Cost": 54588.39,
                    "Plan Rows": 983605,
                    "Plan Width": 4,
                    "Actual Startup Time": 420.36,
                    "Actual Total Time": 420.361,
                    "Actual Rows": 837049,
                    "Actual Loops": 2,
                    "Hash Buckets": 2097152,
                    "Original Hash Buckets": 2097152,
                    "Hash Batches": 1,
                    "Original Hash Batches": 1,
                    "Peak Memory Usage": 81888,
                    "Plans": [
                      {
                        "Node Type": "Seq Scan",
                        "Parent Relationship": "Outer",
                        "Parallel Aware": true,
                        "Relation Name": "title",
                        "Alias": "t",
                        "Startup Cost": 0.0,
                        "Total Cost": 54588.39,
                        "Plan Rows": 983605,
                        "Plan Width": 4,
                        "Actual Startup Time": 0.019,
                        "Actual Total Time": 187.675,
                        "Actual Rows": 837049,
                        "Actual Loops": 2,
                        "Filter": "(kind_id > 3)",
                        "Rows Removed by Filter": 427107
                      }
                    ]
                  }
                ]
              }
            ]
          }
        ]
      }
    ]
  },
  "Planning Time": 0.602,
  "Triggers": [],
  "Execution Time": 868.171
}