[
  {
    "Plan": {
      "Node Type": "Aggregate",
      "Strategy": "Plain",
      "Partial Mode": "Finalize",
      "Parallel Aware": false,
      "Startup Cost": 96114.64,
      "Total Cost": 96114.65,
      "Plan Rows": 1,
      "Plan Width": 8,
      "Actual Startup Time": 500.293,
      "Actual Total Time": 521.28,
      "Actual Rows": 1,
      "Actual Loops": 1,
      "Plans": [
        {
          "Node Type": "Gather",
          "Parent Relationship": "Outer",
          "Parallel Aware": false,
          "Startup Cost": 96114.32,
          "Total Cost": 96114.63,
          "Plan Rows": 3,
          "Plan Width": 8,
          "Actual Startup Time": 497.192,
          "Actual Total Time": 521.271,
          "Actual Rows": 4,
          "Actual Loops": 1,
          "Workers Planned": 3,
          "Workers Launched": 3,
          "Single Copy": false,
          "Plans": [
            {
              "Node Type": "Aggregate",
              "Strategy": "Plain",
              "Partial Mode": "Partial",
              "Parent Relationship": "Outer",
              "Parallel Aware": false,
              "Startup Cost": 95114.32,
              "Total Cost": 95114.33,
              "Plan Rows": 1,
              "Plan Width": 8,
              "Actual Startup Time": 493.321,
              "Actual Total Time": 493.551,
              "Actual Rows": 1,
              "Actual Loops": 4,
              "Plans": [
                {
                  "Node Type": "Hash Join",
                  "Parent Relationship": "Outer",
                  "Parallel Aware": true,
                  "Join Type": "Inner",
                  "Startup Cost": 64063.62,
                  "Total Cost": 94856.34,
                  "Plan Rows": 103192,
                  "Plan Width": 0,
                  "Actual Startup Time": 313.432,
                  "Actual Total Time": 473.578,
                  "Actual Rows": 453616,
                  "Actual Loops": 4,
                  "Inner Unique": false,
                  "Hash Cond": "(mc.movie_id = t.id)",
                  "Plans": [
                    {
                      "Node Type": "Seq Scan",
                      "Parent Relationship": "Outer",
                      "Parallel Aware": true,
                      "Relation Name": "movie_companies",
                      "Alias": "mc",
                      "Startup Cost": 0.0,
                      "Total Cost": 27206.55,
                      "Plan Rows": 841655,
                      "Plan Width": 4,
                      "Actual Startup Time": 0.011,
                      "Actual Total Time": 61.668,
                      "Actual Rows": 652282,
                      "Actual Loops": 4
                    },
                    {
                      "Node Type": "Hash",
                      "Parent Relationship": "Inner",
                      "Parallel Aware": true,
                      "Startup Cost": 62449.03,
                      "Total Cost": 62449.03,
                      "Plan Rows": 129167,
                      "Plan Width": 8,
                      "Actual Startup Time": 283.152,
                      "Actual Total Time": 283.38,
                      "Actual Rows": 123414,
                      "Actual Loops": 4,
                      "Hash Buckets": 524288,
                      "Original Hash Buckets": 524288,
                      "Hash Batches": 1,
                      "Original Hash Batches": 1,
                      "Peak Memory Usage": 23456,
                      "Plans": [
                        {
                          "Node Type": "Hash Join",
                          "Parent Relationship": "Outer",
                          "Parallel Aware": true,
                          "Join Type": "Inner",
                          "Startup Cost": 47254.47,
                          "Total Cost": 62449.03,
                          "Plan Rows": 129167,
                          "Plan Width": 8,
                          "Actual Startup Time": 183.034,
                          "Actual Total Time": 251.273,
                          "Actual Rows": 123414,
                          "Actual Loops": 4,
                          "Inner Unique": true,
                          "Hash Cond": "(mi_idx.movie_id = t.id)",
                          "Plans": [
                            {
                              "Node Type": "Seq Scan",
                              "Parent Relationship": "Outer",
                              "Parallel Aware": true,
                              "Relation Name": "movie_info_idx",
                              "Alias": "mi_idx",
                              "Startup Cost": 0.0,
                              "Total Cost": 13685.15,
                              "Plan Rows": 575015,
                              "Plan Width": 4,
                              "Actual Startup Time": 0.009,
                              "Actual Total Time": 34.344,
                              "Actual Rows": 345009,
                              "Actual Loops": 4
                            },
                            {
                              "Node Type": "Hash",
                              "Parent Relationship": "Inner",
                              "Parallel Aware": true,
                              "Startup Cost": 45479.59,
                              "Total Cost": 45479.59,
                              "Plan Rows": 141991,
                              "Plan Width": 4,
                              "Actual Startup Time": 147.163,
                              "Actual Total Time": 147.165,
                              "Actual Rows": 112578,
                              "Actual Loops": 4,
                              "Hash Buckets": 1048576,
                              "Original Hash Buckets": 1048576,
                              "Hash Batches": 1,
                              "Original Hash Batches": 1,
                              "Peak Memory Usage": 25888,
                              "Plans": [
                                {
                                  "Node Type": "Seq Scan",
                                  "Parent Relationship": "Outer",
                                  "Parallel Aware": true,
                                  "Relation Name": "title",
                                  "Alias": "t",
                                  "Startup Cost": 0.0,
                                  "Total Cost": 45479.59,
                                  "Plan Rows": 141991,
                                  "Plan Width": 4,
                                  "Actual Startup Time": 42.109,
                                  "Actual Total Time": 100.581,
                                  "Actual Rows": 112578,
                                  "Actual Loops": 4,
                                  "Filter": "((production_year > 1964) AND (kind_id = 1))",
                                  "Rows Removed by Filter": 519500
                                }
                              ]
                            }
                          ]
                        }
                      ]
                    }
                  ]
                }
              ]
            }
          ]
        }
      ]
    },
    "Planning Time": 0.53,
    "Triggers": [],
    "Execution Time": 521.329
  }
]