[
  {
    "Plan": {
      "Node Type": "Aggregate",
      "Strategy": "Plain",
      "Partial Mode": "Finalize",
      "Parallel Aware": false,
      "Startup Cost": 96129.34,
      "Total Cost": 96129.35,
      "Plan Rows": 1,
      "Plan Width": 8,
      "Actual Startup Time": 476.568,
      "Actual Total Time": 494.49,
      "Actual Rows": 1,
      "Actual Loops": 1,
      "Plans": [
        {
          "Node Type": "Gather",
          "Parent Relationship": "Outer",
          "Parallel Aware": false,
          "Startup Cost": 96129.02,
          "Total Cost": 96129.33,
          "Plan Rows": 3,
          "Plan Width": 8,
          "Actual Startup Time": 473.154,
          "Actual Total Time": 494.481,
          "Actual Rows": 4,
          "Actual Loops": 1,
          "Workers Planned": 3,
          "Workers Launched": 3,
          "Single Copy": false,
          "Plans": [
            {
              "Node Type": "Aggregate",
              "Strategy": "Plain",
              "Partial Mode": "Partial",
              "Parent Relationship": "Outer",
              "Parallel Aware": false,
              "Startup Cost": 95129.02,
              "Total Cost": 95129.03,
              "Plan Rows": 1,
              "Plan Width": 8,
              "Actual Startup Time": 463.73,
              "Actual Total Time": 463.736,
              "Actual Rows": 1,
              "Actual Loops": 4,
              "Plans": [
                {
                  "Node Type": "Hash Join",
                  "Parent Relationship": "Outer",
                  "Parallel Aware": true,
                  "Join Type": "Inner",
                  "Startup Cost": 64075.71,
                  "Total Cost": 94870.06,
                  "Plan Rows": 103583,
                  "Plan Width": 0,
                  "Actual Startup Time": 296.084,
                  "Actual Total Time": 446.221,
                  "Actual Rows": 453616,
                  "Actual Loops": 4,
                  "Inner Unique": false,
                  "Hash Cond": "(mc.movie_id = t.id)",
                  "Plans": [
                    {
                      "Node Type": "Seq Scan",
                      "Parent Relationship": "Outer",
                      "Parallel Aware": true,
                      "Relation Name": "movie_companies",
                      "Alias": "mc",
                      "Startup Cost": 0.0,
                      "Total Cost": 27206.55,
                      "Plan Rows": 841655,
                      "Plan Width": 4,
                      "Actual Startup Time": 0.02,
                      "Actual Total Time": 56.835,
                      "Actual Rows": 652282,
                      "Actual Loops": 4
                    },
                    {
                      "Node Type": "Hash",
                      "Parent Relationship": "Inner",
                      "Parallel Aware": true,
                      "Startup Cost": 62455.08,
                      "Total Cost": 62455.08,
                      "Plan Rows": 129650,
                      "Plan Width": 8,
                      "Actual Startup Time": 265.974,
                      "Actual Total Time": 265.978,
                      "Actual Rows": 123414,
                      "Actual Loops": 4,
                      "Hash Buckets": 524288,
                      "Original Hash Buckets": 524288,
                      "Hash Batches": 1,
                      "Original Hash Batches": 1,
                      "Peak Memory Usage": 23456,
                      "Plans": [
                        {
                          "Node Type": "Hash Join",
                          "Parent Relationship": "Outer",
                          "Parallel Aware": true,
                          "Join Type": "Inner",
                          "Startup Cost": 47260.52,
                          "Total Cost": 62455.08,
                          "Plan Rows": 129650,
                          "Plan Width": 8,
                          "Actual Startup Time": 180.521,
                          "Actual Total Time": 236.514,
                          "Actual Rows": 123414,
                          "Actual Loops": 4,
                          "Inner Unique": true,
                          "Hash Cond": "(mi_idx.movie_id = t.id)",
                          "Plans": [
                            {
                              "Node Type": "Seq Scan",
                              "Parent Relationship": "Outer",
                              "Parallel Aware": true,
                              "Relation Name": "movie_info_idx",
                              "Alias": "mi_idx",
                              "Startup Cost": 0.0,
                              "Total Cost": 13685.15,
                              "Plan Rows": 575015,
                              "Plan Width": 4,
                              "Actual Startup Time": 0.024,
                              "Actual Total Time": 28.144,
                              "Actual Rows": 345009,
                              "Actual Loops": 4
                            },
                            {
                              "Node Type": "Hash",
                              "Parent Relationship": "Inner",
                              "Parallel Aware": true,
                              "Startup Cost": 45479.1,
                              "Total Cost": 45479.1,
                              "Plan Rows": 142514,
                              "Plan Width": 4,
                              "Actual Startup Time": 150.35,
                              "Actual Total Time": 150.351,
                              "Actual Rows": 112578,
                              "Actual Loops": 4,
                              "Hash Buckets": 1048576,
                              "Original Hash Buckets": 1048576,
                              "Hash Batches": 1,
                              "Original Hash Batches": 1,
                              "Peak Memory Usage": 25888,
                              "Plans": [
                                {
                                  "Node Type": "Seq Scan",
                                  "Parent Relationship": "Outer",
                                  "Parallel Aware": true,
                                  "Relation Name": "title",
                                  "Alias": "t",
                                  "Startup Cost": 0.0,
                                  "Total Cost": 45479.1,
                                  "Plan Rows": 142514,
                                  "Plan Width": 4,
                                  "Actual Startup Time": 49.904,
                                  "Actual Total Time": 105.432,
                                  "Actual Rows": 112578,
                                  "Actual Loops": 4,
                                  "Filter": "((production_year > 1964) AND (kind_id = 1))",
                                  "Rows Removed by Filter": 519500
                                }
                              ]
                            }
                          ]
                        }
                      ]
                    }
                  ]
                }
              ]
            }
          ]
        }
      ]
    },
    "Planning Time": 1.391,
    "Triggers": [],
    "Execution Time": 494.577
  }
]