[
  {
    "Plan": {
      "Node Type": "Aggregate",
      "Strategy": "Plain",
      "Partial Mode": "Finalize",
      "Parallel Aware": false,
      "Startup Cost": 253273.9,
      "Total Cost": 253273.91,
      "Plan Rows": 1,
      "Plan Width": 8,
      "Actual Startup Time": 883.323,
      "Actual Total Time": 928.108,
      "Actual Rows": 1,
      "Actual Loops": 1,
      "Plans": [
        {
          "Node Type": "Gather",
          "Parent Relationship": "Outer",
          "Parallel Aware": false,
          "Startup Cost": 253273.38,
          "Total Cost": 253273.89,
          "Plan Rows": 5,
          "Plan Width": 8,
          "Actual Startup Time": 878.995,
          "Actual Total Time": 928.089,
          "Actual Rows": 6,
          "Actual Loops": 1,
          "Workers Planned": 5,
          "Workers Launched": 5,
          "Single Copy": false,
          "Plans": [
            {
              "Node Type": "Aggregate",
              "Strategy": "Plain",
              "Partial Mode": "Partial",
              "Parent Relationship": "Outer",
              "Parallel Aware": false,
              "Startup Cost": 252273.38,
              "Total Cost": 252273.39,
              "Plan Rows": 1,
              "Plan Width": 8,
              "Actual Startup Time": 868.785,
              "Actual Total Time": 868.788,
              "Actual Rows": 1,
              "Actual Loops": 6,
              "Plans": [
                {
                  "Node Type": "Hash Join",
                  "Parent Relationship": "Outer",
                  "Parallel Aware": true,
                  "Join Type": "Inner",
                  "Startup Cost": 45975.09,
                  "Total Cost": 250802.92,
                  "Plan Rows": 588183,
                  "Plan Width": 0,
                  "Actual Startup Time": 142.028,
                  "Actual Total Time": 850.923,
                  "Actual Rows": 363413,
                  "Actual Loops": 6,
                  "Inner Unique": true,
                  "Hash Cond": "(mi.movie_id = t.id)",
                  "Plans": [
                    {
                      "Node Type": "Seq Scan",
                      "Parent Relationship": "Outer",
                      "Parallel Aware": true,
                      "Relation Name": "movie_info",
                      "Alias": "mi",
                      "Startup Cost": 0.0,
                      "Total Cost": 198952.16,
                      "Plan Rows": 2238345,
                      "Plan Width": 4,
                      "Actual Startup Time": 0.031,
                      "Actual Total Time": 368.27,
                      "Actual Rows": 1868457,
                      "Actual Loops": 6,
                      "Filter": "(info_type_id > 3)",
                      "Rows Removed by Filter": 604163
                    },
                    {
                      "Node Type": "Hash",
                      "Parent Relationship": "Inner",
                      "Parallel Aware": true,
                      "Startup Cost": 43898.92,
                      "Total Cost": 43898.92,
                      "Plan Rows": 166094,
                      "Plan Width": 4,
                      "Actual Startup Time": 137.188,
                      "Actual Total Time": 137.188,
                      "Actual Rows": 110344,
                      "Actual Loops": 6,
                      "Hash Buckets": 1048576,
                      "Original Hash Buckets": 1048576,
                      "Hash Batches": 1,
                      "Original Hash Batches": 1,
                      "Peak Memory Usage": 34144,
                      "Plans": [
                        {
                          "Node Type": "Seq Scan",
                          "Parent Relationship": "Outer",
                          "Parallel Aware": true,
                          "Relation Name": "title",
                          "Alias": "t",
                          "Startup Cost": 0.0,
                          "Total Cost": 43898.92,
                          "Plan Rows": 166094,
                          "Plan Width": 4,
                          "Actual Startup Time": 0.043,
                          "Actual Total Time": 86.944,
                          "Actual Rows": 110344,
                          "Actual Loops": 6,
                          "Filter": "(production_year > 2008)",
                          "Rows Removed by Filter": 311041
                        }
                      ]
                    }
                  ]
                }
              ]
            }
          ]
        }
      ]
    },
    "Planning Time": 0.604,
    "Triggers": [],
    "Execution Time": 928.19
  }
]