[
    {
        "Bao": {
            "Bao prediction": "NaN",
            "Bao recommended hint": "(no hint)"
        }
    },
    {
        "Plan": {
            "Node Type": "Aggregate",
            "Strategy": "Plain",
            "Partial Mode": "Simple",
            "Parallel Aware": false,
            "Startup Cost": 25232.99,
            "Total Cost": 25233.0,
            "Plan Rows": 1,
            "Plan Width": 8,
            "Actual Startup Time": 30.466,
            "Actual Total Time": 30.468,
            "Actual Rows": 1,
            "Actual Loops": 1,
            "Output": [
                "count(*)"
            ],
            "Plans": [
                {
                    "Node Type": "Bitmap Heap Scan",
                    "Parent Relationship": "Outer",
                    "Parallel Aware": false,
                    "Relation Name": "title",
                    "Schema": "public",
                    "Alias": "t",
                    "Startup Cost": 221.6,
                    "Total Cost": 25211.53,
                    "Plan Rows": 8584,
                    "Plan Width": 0,
                    "Actual Startup Time": 9.938,
                    "Actual Total Time": 29.062,
                    "Actual Rows": 10624,
                    "Actual Loops": 1,
                    "Recheck Cond": "(t.kind_id = 6)",
                    "Rows Removed by Index Recheck": 0,
                    "Filter": "(t.production_year < 2009)",
                    "Rows Removed by Filter": 1976,
                    "Exact Heap Blocks": 7903,
                    "Lossy Heap Blocks": 0,
                    "Plans": [
                        {
                            "Node Type": "Bitmap Index Scan",
                            "Parent Relationship": "Outer",
                            "Parallel Aware": false,
                            "Index Name": "kind_id_title",
                            "Startup Cost": 0.0,
                            "Total Cost": 219.45,
                            "Plan Rows": 12136,
                            "Plan Width": 0,
                            "Actual Startup Time": 6.104,
                            "Actual Total Time": 6.105,
                            "Actual Rows": 12600,
                            "Actual Loops": 1,
                            "Index Cond": "(t.kind_id = 6)"
                        }
                    ]
                }
            ]
        },
        "Planning Time": 204.851,
        "Triggers": [],
        "Execution Time": 30.56
    }
]