{
  "Plan": {
    "Node Type": "Aggregate",
    "Strategy": "Plain",
    "Partial Mode": "Finalize",
    "Parallel Aware": false,
    "Startup Cost": 101582.79,
    "Total Cost": 101582.8,
    "Plan Rows": 1,
    "Plan Width": 8,
    "Actual Startup Time": 337.903,
    "Actual Total Time": 350.885,
    "Actual Rows": 1,
    "Actual Loops": 1,
    "Plans": [
      {
        "Node Type": "Gather",
        "Parent Relationship": "Outer",
        "Parallel Aware": false,
        "Startup Cost": 101582.68,
        "Total Cost": 101582.79,
        "Plan Rows": 1,
        "Plan Width": 8,
        "Actual Startup Time": 336.935,
        "Actual Total Time": 350.877,
        "Actual Rows": 2,
        "Actual Loops": 1,
        "Workers Planned": 1,
        "Workers Launched": 1,
        "Single Copy": false,
        "Plans": [
          {
            "Node Type": "Aggregate",
            "Strategy": "Plain",
            "Partial Mode": "Partial",
            "Parent Relationship": "Outer",
            "Parallel Aware": false,
            "Startup Cost": 100582.68,
            "Total Cost": 100582.69,
            "Plan Rows": 1,
            "Plan Width": 8,
            "Actual Startup Time": 330.791,
            "Actual Total Time": 330.795,
            "Actual Rows": 1,
            "Actual Loops": 2,
            "Plans": [
              {
                "Node Type": "Hash Join",
                "Parent Relationship": "Outer",
                "Parallel Aware": true,
                "Join Type": "Inner",
                "Startup Cost": 75455.75,
                "Total Cost": 100504.29,
                "Plan Rows": 31356,
                "Plan Width": 0,
                "Actual Startup Time": 269.706,
                "Actual Total Time": 330.44,
                "Actual Rows": 4265,
                "Actual Loops": 2,
                "Inner Unique": true,
                "Hash Cond": "(mc.movie_id = t.id)",
                "Plans": [
                  {
                    "Node Type": "Bitmap Heap Scan",
                    "Parent Relationship": "Outer",
                    "Parallel Aware": true,
                    "Relation Name": "movie_companies",
                    "Alias": "mc",
                    "Startup Cost": 14066.63,
                    "Total Cost": 38618.78,
                    "Plan Rows": 189101,
                    "Plan Width": 4,
                    "Actual Startup Time": 37.632,
                    "Actual Total Time": 91.039,
                    "Actual Rows": 12177,
                    "Actual Loops": 2,
                    "Recheck Cond": "(company_id > 51471)",
                    "Rows Removed by Index Recheck": 0,
                    "Filter": "(company_type_id < 2)",
                    "Rows Removed by Filter": 320472,
                    "Exact Heap Blocks": 4764,
                    "Lossy Heap Blocks": 0,
                    "Plans": [
                      {
                        "Node Type": "Bitmap Index Scan",
                        "Parent Relationship": "Outer",
                        "Parallel Aware": false,
                        "Index Name": "company_id_movie_companies",
                        "Startup Cost": 0.0,
                        "Total Cost": 13986.26,
                        "Plan Rows": 653044,
                        "Plan Width": 0,
                        "Actual Startup Time": 36.019,
                        "Actual Total Time": 36.02,
                        "Actual Rows": 665297,
                        "Actual Loops": 1,
                        "Index Cond": "(company_id > 51471)"
                      }
                    ]
                  },
                  {
                    "Node Type": "Hash",
                    "Parent Relationship": "Inner",
                    "Parallel Aware": true,
                    "Startup Cost": 58306.47,
                    "Total Cost": 58306.47,
                    "Plan Rows": 246612,
                    "Plan Width": 4,
                    "Actual Startup Time": 226.733,
                    "Actual Total Time": 226.733,
                    "Actual Rows": 258984,
                    "Actual Loops": 2,
                    "Hash Buckets": 524288,
                    "Original Hash Buckets": 524288,
                    "Hash Batches": 1,
                    "Original Hash Batches": 1,
                    "Peak Memory Usage": 24384,
                    "Plans": [
                      {
                        "Node Type": "Seq Scan",
                        "Parent Relationship": "Outer",
                        "Parallel Aware": true,
                        "Relation Name": "title",
                        "Alias": "t",
                        "Startup Cost": 0.0,
                        "Total Cost": 58306.47,
                        "Plan Rows": 246612,
                        "Plan Width": 4,
                        "Actual Startup Time": 0.057,
                        "Actual Total Time": 155.587,
                        "Actual Rows": 258984,
                        "Actual Loops": 2,
                        "Filter": "((kind_id < 7) AND (production_year < 2001))",
                        "Rows Removed by Filter": 1005172
                      }
                    ]
                  }
                ]
              }
            ]
          }
        ]
      }
    ]
  },
  "Planning Time": 0.679,
  "Triggers": [],
  "Execution Time": 350.979
}