{
    "Plan": {
        "Node Type": "Aggregate",
        "Strategy": "Plain",
        "Partial Mode": "Finalize",
        "Parallel Aware": false,
        "Startup Cost": 294552.13,
        "Total Cost": 294552.14,
        "Plan Rows": 1,
        "Plan Width": 8,
        "Actual Startup Time": 824.481,
        "Actual Total Time": 873.172,
        "Actual Rows": 1,
        "Actual Loops": 1,
        "Output": [
            "count(*)"
        ],
        "Plans": [
            {
                "Node Type": "Gather",
                "Parent Relationship": "Outer",
                "Parallel Aware": false,
                "Startup Cost": 294551.6,
                "Total Cost": 294552.11,
                "Plan Rows": 5,
                "Plan Width": 8,
                "Actual Startup Time": 802.625,
                "Actual Total Time": 873.156,
                "Actual Rows": 6,
                "Actual Loops": 1,
                "Output": [
                    "(PARTIAL count(*))"
                ],
                "Workers Planned": 5,
                "Workers Launched": 5,
                "Single Copy": false,
                "Plans": [
                    {
                        "Node Type": "Aggregate",
                        "Strategy": "Plain",
                        "Partial Mode": "Partial",
                        "Parent Relationship": "Outer",
                        "Parallel Aware": false,
                        "Startup Cost": 293551.6,
                        "Total Cost": 293551.61,
                        "Plan Rows": 1,
                        "Plan Width": 8,
                        "Actual Startup Time": 792.17,
                        "Actual Total Time": 792.51,
                        "Actual Rows": 1,
                        "Actual Loops": 6,
                        "Output": [
                            "PARTIAL count(*)"
                        ],
                        "Workers": [
                            {
                                "Worker Number": 0,
                                "Actual Startup Time": 789.542,
                                "Actual Total Time": 789.547,
                                "Actual Rows": 1,
                                "Actual Loops": 1
                            },
                            {
                                "Worker Number": 1,
                                "Actual Startup Time": 791.053,
                                "Actual Total Time": 791.058,
                                "Actual Rows": 1,
                                "Actual Loops": 1
                            },
                            {
                                "Worker Number": 2,
                                "Actual Startup Time": 790.267,
                                "Actual Total Time": 790.272,
                                "Actual Rows": 1,
                                "Actual Loops": 1
                            },
                            {
                                "Worker Number": 3,
                                "Actual Startup Time": 789.866,
                                "Actual Total Time": 789.871,
                                "Actual Rows": 1,
                                "Actual Loops": 1
                            },
                            {
                                "Worker Number": 4,
                                "Actual Startup Time": 790.559,
                                "Actual Total Time": 790.565,
                                "Actual Rows": 1,
                                "Actual Loops": 1
                            }
                        ],
                        "Plans": [
                            {
                                "Node Type": "Hash Join",
                                "Parent Relationship": "Outer",
                                "Parallel Aware": true,
                                "Join Type": "Inner",
                                "Startup Cost": 92679.2,
                                "Total Cost": 293355.88,
                                "Plan Rows": 78291,
                                "Plan Width": 0,
                                "Actual Startup Time": 398.588,
                                "Actual Total Time": 777.376,
                                "Actual Rows": 365367,
                                "Actual Loops": 6,
                                "Inner Unique": false,
                                "Hash Cond": "(mi.movie_id = t.id)",
                                "Workers": [
                                    {
                                        "Worker Number": 0,
                                        "Actual Startup Time": 396.166,
                                        "Actual Total Time": 774.781,
                                        "Actual Rows": 389331,
                                        "Actual Loops": 1
                                    },
                                    {
                                        "Worker Number": 1,
                                        "Actual Startup Time": 396.435,
                                        "Actual Total Time": 777.224,
                                        "Actual Rows": 363982,
                                        "Actual Loops": 1
                                    },
                                    {
                                        "Worker Number": 2,
                                        "Actual Startup Time": 396.89,
                                        "Actual Total Time": 775.423,
                                        "Actual Rows": 390950,
                                        "Actual Loops": 1
                                    },
                                    {
                                        "Worker Number": 3,
                                        "Actual Startup Time": 396.486,
                                        "Actual Total Time": 775.917,
                                        "Actual Rows": 365257,
                                        "Actual Loops": 1
                                    },
                                    {
                                        "Worker Number": 4,
                                        "Actual Startup Time": 397.183,
                                        "Actual Total Time": 775.632,
                                        "Actual Rows": 394073,
                                        "Actual Loops": 1
                                    }
                                ],
                                "Plans": [
                                    {
                                        "Node Type": "Seq Scan",
                                        "Parent Relationship": "Outer",
                                        "Parallel Aware": true,
                                        "Relation Name": "movie_info",
                                        "Schema": "public",
                                        "Alias": "mi",
                                        "Startup Cost": 0.0,
                                        "Total Cost": 198880.74,
                                        "Plan Rows": 411570,
                                        "Plan Width": 4,
                                        "Actual Startup Time": 29.683,
                                        "Actual Total Time": 304.535,
                                        "Actual Rows": 348511,
                                        "Actual Loops": 6,
                                        "Output": [
                                            "mi.id",
                                            "mi.movie_id",
                                            "mi.info_type_id",
                                            "mi.info",
                                            "mi.note"
                                        ],
                                        "Filter": "(mi.info_type_id < 3)",
                                        "Rows Removed by Filter": 2124109,
                                        "Workers": [
                                            {
                                                "Worker Number": 0,
                                                "Actual Startup Time": 29.674,
                                                "Actual Total Time": 305.162,
                                                "Actual Rows": 374246,
                                                "Actual Loops": 1
                                            },
                                            {
                                                "Worker Number": 1,
                                                "Actual Startup Time": 29.692,
                                                "Actual Total Time": 304.657,
                                                "Actual Rows": 344798,
                                                "Actual Loops": 1
                                            },
                                            {
                                                "Worker Number": 2,
                                                "Actual Startup Time": 29.682,
                                                "Actual Total Time": 305.191,
                                                "Actual Rows": 375357,
                                                "Actual Loops": 1
                                            },
                                            {
                                                "Worker Number": 3,
                                                "Actual Startup Time": 29.684,
                                                "Actual Total Time": 304.548,
                                                "Actual Rows": 342142,
                                                "Actual Loops": 1
                                            },
                                            {
                                                "Worker Number": 4,
                                                "Actual Startup Time": 29.674,
                                                "Actual Total Time": 305.138,
                                                "Actual Rows": 374685,
                                                "Actual Loops": 1
                                            }
                                        ]
                                    },
                                    {
                                        "Node Type": "Hash",
                                        "Parent Relationship": "Inner",
                                        "Parallel Aware": true,
                                        "Startup Cost": 90739.89,
                                        "Total Cost": 90739.89,
                                        "Plan Rows": 155145,
                                        "Plan Width": 8,
                                        "Actual Startup Time": 366.378,
                                        "Actual Total Time": 366.716,
                                        "Actual Rows": 177062,
                                        "Actual Loops": 6,
                                        "Output": [
                                            "t.id",
                                            "mk.movie_id"
                                        ],
                                        "Hash Buckets": 2097152,
                                        "Original Hash Buckets": 524288,
                                        "Hash Batches": 1,
                                        "Original Hash Batches": 1,
                                        "Peak Memory Usage": 70272,
                                        "Workers": [
                                            {
                                                "Worker Number": 0,
                                                "Actual Startup Time": 365.871,
                                                "Actual Total Time": 365.875,
                                                "Actual Rows": 186753,
                                                "Actual Loops": 1
                                            },
                                            {
                                                "Worker Number": 1,
                                                "Actual Startup Time": 366.13,
                                                "Actual Total Time": 366.134,
                                                "Actual Rows": 175806,
                                                "Actual Loops": 1
                                            },
                                            {
                                                "Worker Number": 2,
                                                "Actual Startup Time": 366.596,
                                                "Actual Total Time": 366.6,
                                                "Actual Rows": 186400,
                                                "Actual Loops": 1
                                            },
                                            {
                                                "Worker Number": 3,
                                                "Actual Startup Time": 366.188,
                                                "Actual Total Time": 366.192,
                                                "Actual Rows": 174136,
                                                "Actual Loops": 1
                                            },
                                            {
                                                "Worker Number": 4,
                                                "Actual Startup Time": 366.869,
                                                "Actual Total Time": 366.873,
                                                "Actual Rows": 186342,
                                                "Actual Loops": 1
                                            }
                                        ],
                                        "Plans": [
                                            {
                                                "Node Type": "Hash Join",
                                                "Parent Relationship": "Outer",
                                                "Parallel Aware": true,
                                                "Join Type": "Inner",
                                                "Startup Cost": 47009.89,
                                                "Total Cost": 90739.89,
                                                "Plan Rows": 155145,
                                                "Plan Width": 8,
                                                "Actual Startup Time": 156.155,
                                                "Actual Total Time": 291.697,
                                                "Actual Rows": 177062,
                                                "Actual Loops": 6,
                                                "Output": [
                                                    "t.id",
                                                    "mk.movie_id"
                                                ],
                                                "Inner Unique": true,
                                                "Hash Cond": "(mk.movie_id = t.id)",
                                                "Workers": [
                                                    {
                                                        "Worker Number": 0,
                                                        "Actual Startup Time": 155.8,
                                                        "Actual Total Time": 292.514,
                                                        "Actual Rows": 186753,
                                                        "Actual Loops": 1
                                                    },
                                                    {
                                                        "Worker Number": 1,
                                                        "Actual Startup Time": 155.922,
                                                        "Actual Total Time": 292.615,
                                                        "Actual Rows": 175806,
                                                        "Actual Loops": 1
                                                    },
                                                    {
                                                        "Worker Number": 2,
                                                        "Actual Startup Time": 156.472,
                                                        "Actual Total Time": 292.009,
                                                        "Actual Rows": 186400,
                                                        "Actual Loops": 1
                                                    },
                                                    {
                                                        "Worker Number": 3,
                                                        "Actual Startup Time": 155.926,
                                                        "Actual Total Time": 291.8,
                                                        "Actual Rows": 174136,
                                                        "Actual Loops": 1
                                                    },
                                                    {
                                                        "Worker Number": 4,
                                                        "Actual Startup Time": 156.301,
                                                        "Actual Total Time": 291.327,
                                                        "Actual Rows": 186342,
                                                        "Actual Loops": 1
                                                    }
                                                ],
                                                "Plans": [
                                                    {
                                                        "Node Type": "Seq Scan",
                                                        "Parent Relationship": "Outer",
                                                        "Parallel Aware": true,
                                                        "Relation Name": "movie_keyword",
                                                        "Schema": "public",
                                                        "Alias": "mk",
                                                        "Startup Cost": 0.0,
                                                        "Total Cost": 42695.65,
                                                        "Plan Rows": 394035,
                                                        "Plan Width": 4,
                                                        "Actual Startup Time": 0.015,
                                                        "Actual Total Time": 81.421,
                                                        "Actual Rows": 201882,
                                                        "Actual Loops": 6,
                                                        "Output": [
                                                            "mk.id",
                                                            "mk.movie_id",
                                                            "mk.keyword_id"
                                                        ],
                                                        "Filter": "(mk.keyword_id < 1523)",
                                                        "Rows Removed by Filter": 552107,
                                                        "Workers": [
                                                            {
                                                                "Worker Number": 0,
                                                                "Actual Startup Time": 0.02,
                                                                "Actual Total Time": 84.1,
                                                                "Actual Rows": 214339,
                                                                "Actual Loops": 1
                                                            },
                                                            {
                                                                "Worker Number": 1,
                                                                "Actual Startup Time": 0.008,
                                                                "Actual Total Time": 83.026,
                                                                "Actual Rows": 199949,
                                                                "Actual Loops": 1
                                                            },
                                                            {
                                                                "Worker Number": 2,
                                                                "Actual Startup Time": 0.023,
                                                                "Actual Total Time": 83.093,
                                                                "Actual Rows": 212047,
                                                                "Actual Loops": 1
                                                            },
                                                            {
                                                                "Worker Number": 3,
                                                                "Actual Startup Time": 0.015,
                                                                "Actual Total Time": 82.806,
                                                                "Actual Rows": 198000,
                                                                "Actual Loops": 1
                                                            },
                                                            {
                                                                "Worker Number": 4,
                                                                "Actual Startup Time": 0.015,
                                                                "Actual Total Time": 82.824,
                                                                "Actual Rows": 210876,
                                                                "Actual Loops": 1
                                                            }
                                                        ]
                                                    },
                                                    {
                                                        "Node Type": "Hash",
                                                        "Parent Relationship": "Inner",
                                                        "Parallel Aware": true,
                                                        "Startup Cost": 43899.01,
                                                        "Total Cost": 43899.01,
                                                        "Plan Rows": 248871,
                                                        "Plan Width": 4,
                                                        "Actual Startup Time": 153.823,
                                                        "Actual Total Time": 153.824,
                                                        "Actual Rows": 164175,
                                                        "Actual Loops": 6,
                                                        "Output": [
                                                            "t.id"
                                                        ],
                                                        "Hash Buckets": 1048576,
                                                        "Original Hash Buckets": 1048576,
                                                        "Hash Batches": 1,
                                                        "Original Hash Batches": 1,
                                                        "Peak Memory Usage": 46816,
                                                        "Workers": [
                                                            {
                                                                "Worker Number": 0,
                                                                "Actual Startup Time": 155.522,
                                                                "Actual Total Time": 155.523,
                                                                "Actual Rows": 173426,
                                                                "Actual Loops": 1
                                                            },
                                                            {
                                                                "Worker Number": 1,
                                                                "Actual Startup Time": 155.788,
                                                                "Actual Total Time": 155.789,
                                                                "Actual Rows": 155984,
                                                                "Actual Loops": 1
                                                            },
                                                            {
                                                                "Worker Number": 2,
                                                                "Actual Startup Time": 156.242,
                                                                "Actual Total Time": 156.244,
                                                                "Actual Rows": 173924,
                                                                "Actual Loops": 1
                                                            },
                                                            {
                                                                "Worker Number": 3,
                                                                "Actual Startup Time": 155.812,
                                                                "Actual Total Time": 155.813,
                                                                "Actual Rows": 155029,
                                                                "Actual Loops": 1
                                                            },
                                                            {
                                                                "Worker Number": 4,
                                                                "Actual Startup Time": 156.202,
                                                                "Actual Total Time": 156.203,
                                                                "Actual Rows": 173812,
                                                                "Actual Loops": 1
                                                            }
                                                        ],
                                                        "Plans": [
                                                            {
                                                                "Node Type": "Seq Scan",
                                                                "Parent Relationship": "Outer",
                                                                "Parallel Aware": true,
                                                                "Relation Name": "title",
                                                                "Schema": "public",
                                                                "Alias": "t",
                                                                "Startup Cost": 0.0,
                                                                "Total Cost": 43899.01,
                                                                "Plan Rows": 248871,
                                                                "Plan Width": 4,
                                                                "Actual Startup Time": 0.089,
                                                                "Actual Total Time": 82.53,
                                                                "Actual Rows": 164175,
                                                                "Actual Loops": 6,
                                                                "Output": [
                                                                    "t.id"
                                                                ],
                                                                "Filter": "(t.kind_id < 7)",
                                                                "Rows Removed by Filter": 257211,
                                                                "Workers": [
                                                                    {
                                                                        "Worker Number": 0,
                                                                        "Actual Startup Time": 0.107,
                                                                        "Actual Total Time": 83.188,
                                                                        "Actual Rows": 173426,
                                                                        "Actual Loops": 1
                                                                    },
                                                                    {
                                                                        "Worker Number": 1,
                                                                        "Actual Startup Time": 0.111,
                                                                        "Actual Total Time": 82.136,
                                                                        "Actual Rows": 155984,
                                                                        "Actual Loops": 1
                                                                    },
                                                                    {
                                                                        "Worker Number": 2,
                                                                        "Actual Startup Time": 0.101,
                                                                        "Actual Total Time": 82.773,
                                                                        "Actual Rows": 173924,
                                                                        "Actual Loops": 1
                                                                    },
                                                                    {
                                                                        "Worker Number": 3,
                                                                        "Actual Startup Time": 0.126,
                                                                        "Actual Total Time": 82.546,
                                                                        "Actual Rows": 155029,
                                                                        "Actual Loops": 1
                                                                    },
                                                                    {
                                                                        "Worker Number": 4,
                                                                        "Actual Startup Time": 0.068,
                                                                        "Actual Total Time": 83.602,
                                                                        "Actual Rows": 173812,
                                                                        "Actual Loops": 1
                                                                    }
                                                                ]
                                                            }
                                                        ]
                                                    }
                                                ]
                                            }
                                        ]
                                    }
                                ]
                            }
                        ]
                    }
                ]
            }
        ]
    },
    "Planning Time": 1.644,
    "Triggers": [],
    "Execution Time": 873.264
}