[
  {
    "Plan": {
      "Node Type": "Aggregate",
      "Strategy": "Plain",
      "Partial Mode": "Finalize",
      "Parallel Aware": false,
      "Startup Cost": 91260.29,
      "Total Cost": 91260.3,
      "Plan Rows": 1,
      "Plan Width": 8,
      "Actual Startup Time": 215.495,
      "Actual Total Time": 225.082,
      "Actual Rows": 1,
      "Actual Loops": 1,
      "Plans": [
        {
          "Node Type": "Gather",
          "Parent Relationship": "Outer",
          "Parallel Aware": false,
          "Startup Cost": 91259.97,
          "Total Cost": 91260.28,
          "Plan Rows": 3,
          "Plan Width": 8,
          "Actual Startup Time": 215.213,
          "Actual Total Time": 225.077,
          "Actual Rows": 4,
          "Actual Loops": 1,
          "Workers Planned": 3,
          "Workers Launched": 3,
          "Single Copy": false,
          "Plans": [
            {
              "Node Type": "Aggregate",
              "Strategy": "Plain",
              "Partial Mode": "Partial",
              "Parent Relationship": "Outer",
              "Parallel Aware": false,
              "Startup Cost": 90259.97,
              "Total Cost": 90259.98,
              "Plan Rows": 1,
              "Plan Width": 8,
              "Actual Startup Time": 212.164,
              "Actual Total Time": 212.167,
              "Actual Rows": 1,
              "Actual Loops": 4,
              "Plans": [
                {
                  "Node Type": "Hash Join",
                  "Parent Relationship": "Outer",
                  "Parallel Aware": true,
                  "Join Type": "Inner",
                  "Startup Cost": 45671.78,
                  "Total Cost": 90217.03,
                  "Plan Rows": 17174,
                  "Plan Width": 0,
                  "Actual Startup Time": 79.21,
                  "Actual Total Time": 211.567,
                  "Actual Rows": 11696,
                  "Actual Loops": 4,
                  "Inner Unique": true,
                  "Hash Cond": "(mk.movie_id = t.id)",
                  "Plans": [
                    {
                      "Node Type": "Seq Scan",
                      "Parent Relationship": "Outer",
                      "Parallel Aware": true,
                      "Relation Name": "movie_keyword",
                      "Alias": "mk",
                      "Startup Cost": 0.0,
                      "Total Cost": 42695.65,
                      "Plan Rows": 704609,
                      "Plan Width": 4,
                      "Actual Startup Time": 0.011,
                      "Actual Total Time": 93.721,
                      "Actual Rows": 546064,
                      "Actual Loops": 4,
                      "Filter": "(keyword_id < 4333)",
                      "Rows Removed by Filter": 584918
                    },
                    {
                      "Node Type": "Hash",
                      "Parent Relationship": "Inner",
                      "Parallel Aware": true,
                      "Startup Cost": 45479.21,
                      "Total Cost": 45479.21,
                      "Plan Rows": 15406,
                      "Plan Width": 4,
                      "Actual Startup Time": 78.635,
                      "Actual Total Time": 78.636,
                      "Actual Rows": 13339,
                      "Actual Loops": 4,
                      "Hash Buckets": 65536,
                      "Original Hash Buckets": 65536,
                      "Hash Batches": 1,
                      "Original Hash Batches": 1,
                      "Peak Memory Usage": 2656,
                      "Plans": [
                        {
                          "Node Type": "Seq Scan",
                          "Parent Relationship": "Outer",
                          "Parallel Aware": true,
                          "Relation Name": "title",
                          "Alias": "t",
                          "Startup Cost": 0.0,
                          "Total Cost": 45479.21,
                          "Plan Rows": 15406,
                          "Plan Width": 4,
                          "Actual Startup Time": 0.103,
                          "Actual Total Time": 74.325,
                          "Actual Rows": 13339,
                          "Actual Loops": 4,
                          "Filter": "((kind_id < 6) AND (production_year = 2011))",
                          "Rows Removed by Filter": 618739
                        }
                      ]
                    }
                  ]
                }
              ]
            }
          ]
        }
      ]
    },
    "Planning Time": 0.282,
    "Triggers": [],
    "Execution Time": 225.117
  }
]