[
  {
    "Plan": {
      "Node Type": "Aggregate",
      "Strategy": "Plain",
      "Partial Mode": "Finalize",
      "Parallel Aware": false,
      "Startup Cost": 443140.9,
      "Total Cost": 443140.91,
      "Plan Rows": 1,
      "Plan Width": 8,
      "Actual Startup Time": 1742.793,
      "Actual Total Time": 1807.639,
      "Actual Rows": 1,
      "Actual Loops": 1,
      "Plans": [
        {
          "Node Type": "Gather",
          "Parent Relationship": "Outer",
          "Parallel Aware": false,
          "Startup Cost": 443140.27,
          "Total Cost": 443140.88,
          "Plan Rows": 6,
          "Plan Width": 8,
          "Actual Startup Time": 1731.522,
          "Actual Total Time": 1807.629,
          "Actual Rows": 7,
          "Actual Loops": 1,
          "Workers Planned": 6,
          "Workers Launched": 6,
          "Single Copy": false,
          "Plans": [
            {
              "Node Type": "Aggregate",
              "Strategy": "Plain",
              "Partial Mode": "Partial",
              "Parent Relationship": "Outer",
              "Parallel Aware": false,
              "Startup Cost": 442140.27,
              "Total Cost": 442140.28,
              "Plan Rows": 1,
              "Plan Width": 8,
              "Actual Startup Time": 1718.002,
              "Actual Total Time": 1718.007,
              "Actual Rows": 1,
              "Actual Loops": 7,
              "Plans": [
                {
                  "Node Type": "Hash Join",
                  "Parent Relationship": "Outer",
                  "Parallel Aware": true,
                  "Join Type": "Inner",
                  "Startup Cost": 85006.45,
                  "Total Cost": 439715.47,
                  "Plan Rows": 969920,
                  "Plan Width": 0,
                  "Actual Startup Time": 763.281,
                  "Actual Total Time": 1657.454,
                  "Actual Rows": 1432084,
                  "Actual Loops": 7,
                  "Inner Unique": false,
                  "Hash Cond": "(ci.movie_id = t.id)",
                  "Plans": [
                    {
                      "Node Type": "Seq Scan",
                      "Parent Relationship": "Outer",
                      "Parallel Aware": true,
                      "Relation Name": "cast_info",
                      "Alias": "ci",
                      "Startup Cost": 0.0,
                      "Total Cost": 343257.03,
                      "Plan Rows": 2407252,
                      "Plan Width": 4,
                      "Actual Startup Time": 323.839,
                      "Actual Total Time": 632.412,
                      "Actual Rows": 1717741,
                      "Actual Loops": 7,
                      "Filter": "((person_id < 3306296) AND (role_id > 2))",
                      "Rows Removed by Filter": 3460022
                    },
                    {
                      "Node Type": "Hash",
                      "Parent Relationship": "Inner",
                      "Parallel Aware": true,
                      "Startup Cost": 81823.05,
                      "Total Cost": 81823.05,
                      "Plan Rows": 254672,
                      "Plan Width": 8,
                      "Actual Startup Time": 434.558,
                      "Actual Total Time": 434.562,
                      "Actual Rows": 167078,
                      "Actual Loops": 7,
                      "Hash Buckets": 2097152,
                      "Original Hash Buckets": 1048576,
                      "Hash Batches": 1,
                      "Original Hash Batches": 1,
                      "Peak Memory Usage": 70496,
                      "Plans": [
                        {
                          "Node Type": "Hash Join",
                          "Parent Relationship": "Outer",
                          "Parallel Aware": true,
                          "Join Type": "Inner",
                          "Startup Cost": 35522.43,
                          "Total Cost": 81823.05,
                          "Plan Rows": 254672,
                          "Plan Width": 8,
                          "Actual Startup Time": 162.586,
                          "Actual Total Time": 347.776,
                          "Actual Rows": 167078,
                          "Actual Loops": 7,
                          "Inner Unique": false,
                          "Hash Cond": "(t.id = mc.movie_id)",
                          "Plans": [
                            {
                              "Node Type": "Seq Scan",
                              "Parent Relationship": "Outer",
                              "Parallel Aware": true,
                              "Relation Name": "title",
                              "Alias": "t",
                              "Startup Cost": 0.0,
                              "Total Cost": 42318.73,
                              "Plan Rows": 632073,
                              "Plan Width": 4,
                              "Actual Startup Time": 0.011,
                              "Actual Total Time": 53.862,
                              "Actual Rows": 361187,
                              "Actual Loops": 7
                            },
                            {
                              "Node Type": "Hash",
                              "Parent Relationship": "Inner",
                              "Parallel Aware": true,
                              "Startup Cost": 31414.82,
                              "Total Cost": 31414.82,
                              "Plan Rows": 328609,
                              "Plan Width": 4,
                              "Actual Startup Time": 161.053,
                              "Actual Total Time": 161.054,
                              "Actual Rows": 167078,
                              "Actual Loops": 7,
                              "Hash Buckets": 2097152,
                              "Original Hash Buckets": 1048576,
                              "Hash Batches": 1,
                              "Original Hash Batches": 1,
                              "Peak Memory Usage": 70432,
                              "Plans": [
                                {
                                  "Node Type": "Seq Scan",
                                  "Parent Relationship": "Outer",
                                  "Parallel Aware": true,
                                  "Relation Name": "movie_companies",
                                  "Alias": "mc",
                                  "Startup Cost": 0.0,
                                  "Total Cost": 31414.82,
                                  "Plan Rows": 328609,
                                  "Plan Width": 4,
                                  "Actual Startup Time": 40.121,
                                  "Actual Total Time": 68.209,
                                  "Actual Rows": 167078,
                                  "Actual Loops": 7,
                                  "Filter": "((company_id > 686) AND (company_type_id > 1))",
                                  "Rows Removed by Filter": 205655
                                }
                              ]
                            }
                          ]
                        }
                      ]
                    }
                  ]
                }
              ]
            }
          ]
        }
      ]
    },
    "Planning Time": 1.446,
    "Triggers": [],
    "Execution Time": 1807.748
  }
]