[
  {
    "Plan": {
      "Node Type": "Aggregate",
      "Strategy": "Plain",
      "Partial Mode": "Finalize",
      "Parallel Aware": false,
      "Startup Cost": 128246.29,
      "Total Cost": 128246.3,
      "Plan Rows": 1,
      "Plan Width": 8,
      "Actual Startup Time": 198.378,
      "Actual Total Time": 216.183,
      "Actual Rows": 1,
      "Actual Loops": 1,
      "Plans": [
        {
          "Node Type": "Gather",
          "Parent Relationship": "Outer",
          "Parallel Aware": false,
          "Startup Cost": 128245.77,
          "Total Cost": 128246.28,
          "Plan Rows": 5,
          "Plan Width": 8,
          "Actual Startup Time": 198.283,
          "Actual Total Time": 216.17,
          "Actual Rows": 6,
          "Actual Loops": 1,
          "Workers Planned": 5,
          "Workers Launched": 5,
          "Single Copy": false,
          "Plans": [
            {
              "Node Type": "Aggregate",
              "Strategy": "Plain",
              "Partial Mode": "Partial",
              "Parent Relationship": "Outer",
              "Parallel Aware": false,
              "Startup Cost": 127245.77,
              "Total Cost": 127245.78,
              "Plan Rows": 1,
              "Plan Width": 8,
              "Actual Startup Time": 193.407,
              "Actual Total Time": 193.409,
              "Actual Rows": 1,
              "Actual Loops": 6,
              "Plans": [
                {
                  "Node Type": "Index Scan",
                  "Parent Relationship": "Outer",
                  "Parallel Aware": true,
                  "Scan Direction": "Forward",
                  "Index Name": "role_id_cast_info",
                  "Relation Name": "cast_info",
                  "Alias": "ci",
                  "Startup Cost": 0.56,
                  "Total Cost": 126672.01,
                  "Plan Rows": 229506,
                  "Plan Width": 0,
                  "Actual Startup Time": 0.108,
                  "Actual Total Time": 168.029,
                  "Actual Rows": 554750,
                  "Actual Loops": 6,
                  "Index Cond": "(role_id > 9)",
                  "Rows Removed by Index Recheck": 0,
                  "Filter": "(person_id > 2809538)",
                  "Rows Removed by Filter": 218439
                }
              ]
            }
          ]
        }
      ]
    },
    "Planning Time": 0.101,
    "Triggers": [],
    "Execution Time": 216.221
  }
]