[
  {
    "Plan": {
      "Node Type": "Aggregate",
      "Strategy": "Plain",
      "Partial Mode": "Finalize",
      "Parallel Aware": false,
      "Startup Cost": 74410.78,
      "Total Cost": 74410.79,
      "Plan Rows": 1,
      "Plan Width": 8,
      "Actual Startup Time": 127.681,
      "Actual Total Time": 149.096,
      "Actual Rows": 1,
      "Actual Loops": 1,
      "Plans": [
        {
          "Node Type": "Gather",
          "Parent Relationship": "Outer",
          "Parallel Aware": false,
          "Startup Cost": 74410.36,
          "Total Cost": 74410.77,
          "Plan Rows": 4,
          "Plan Width": 8,
          "Actual Startup Time": 127.56,
          "Actual Total Time": 149.088,
          "Actual Rows": 5,
          "Actual Loops": 1,
          "Workers Planned": 4,
          "Workers Launched": 4,
          "Single Copy": false,
          "Plans": [
            {
              "Node Type": "Aggregate",
              "Strategy": "Plain",
              "Partial Mode": "Partial",
              "Parent Relationship": "Outer",
              "Parallel Aware": false,
              "Startup Cost": 73410.36,
              "Total Cost": 73410.37,
              "Plan Rows": 1,
              "Plan Width": 8,
              "Actual Startup Time": 117.817,
              "Actual Total Time": 117.818,
              "Actual Rows": 1,
              "Actual Loops": 5,
              "Plans": [
                {
                  "Node Type": "Nested Loop",
                  "Parent Relationship": "Outer",
                  "Parallel Aware": false,
                  "Join Type": "Inner",
                  "Startup Cost": 0.56,
                  "Total Cost": 73409.53,
                  "Plan Rows": 332,
                  "Plan Width": 0,
                  "Actual Startup Time": 60.084,
                  "Actual Total Time": 117.734,
                  "Actual Rows": 761,
                  "Actual Loops": 5,
                  "Inner Unique": false,
                  "Plans": [
                    {
                      "Node Type": "Seq Scan",
                      "Parent Relationship": "Outer",
                      "Parallel Aware": true,
                      "Relation Name": "title",
                      "Alias": "t",
                      "Startup Cost": 0.0,
                      "Total Cost": 45479.1,
                      "Plan Rows": 192,
                      "Plan Width": 4,
                      "Actual Startup Time": 56.89,
                      "Actual Total Time": 77.651,
                      "Actual Rows": 643,
                      "Actual Loops": 5,
                      "Filter": "((production_year > 2013) AND (kind_id = 1))",
                      "Rows Removed by Filter": 505019
                    },
                    {
                      "Node Type": "Index Scan",
                      "Parent Relationship": "Inner",
                      "Parallel Aware": false,
                      "Scan Direction": "Forward",
                      "Index Name": "movie_id_cast_info",
                      "Relation Name": "cast_info",
                      "Alias": "ci",
                      "Startup Cost": 0.56,
                      "Total Cost": 145.43,
                      "Plan Rows": 4,
                      "Plan Width": 4,
                      "Actual Startup Time": 0.057,
                      "Actual Total Time": 0.062,
                      "Actual Rows": 1,
                      "Actual Loops": 3217,
                      "Index Cond": "(movie_id = t.id)",
                      "Rows Removed by Index Recheck": 0,
                      "Filter": "(role_id = 10)",
                      "Rows Removed by Filter": 11
                    }
                  ]
                }
              ]
            }
          ]
        }
      ]
    },
    "Planning Time": 0.681,
    "Triggers": [],
    "Execution Time": 149.181
  }
]