[
  {
    "Plan": {
      "Node Type": "Aggregate",
      "Strategy": "Plain",
      "Partial Mode": "Finalize",
      "Parallel Aware": false,
      "Startup Cost": 117864.95,
      "Total Cost": 117864.96,
      "Plan Rows": 1,
      "Plan Width": 8,
      "Actual Startup Time": 491.078,
      "Actual Total Time": 510.711,
      "Actual Rows": 1,
      "Actual Loops": 1,
      "Plans": [
        {
          "Node Type": "Gather",
          "Parent Relationship": "Outer",
          "Parallel Aware": false,
          "Startup Cost": 117864.64,
          "Total Cost": 117864.95,
          "Plan Rows": 3,
          "Plan Width": 8,
          "Actual Startup Time": 488.243,
          "Actual Total Time": 510.702,
          "Actual Rows": 4,
          "Actual Loops": 1,
          "Workers Planned": 3,
          "Workers Launched": 3,
          "Single Copy": false,
          "Plans": [
            {
              "Node Type": "Aggregate",
              "Strategy": "Plain",
              "Partial Mode": "Partial",
              "Parent Relationship": "Outer",
              "Parallel Aware": false,
              "Startup Cost": 116864.64,
              "Total Cost": 116864.65,
              "Plan Rows": 1,
              "Plan Width": 8,
              "Actual Startup Time": 479.11,
              "Actual Total Time": 479.339,
              "Actual Rows": 1,
              "Actual Loops": 4,
              "Plans": [
                {
                  "Node Type": "Hash Join",
                  "Parent Relationship": "Outer",
                  "Parallel Aware": true,
                  "Join Type": "Inner",
                  "Startup Cost": 72040.68,
                  "Total Cost": 116712.57,
                  "Plan Rows": 60828,
                  "Plan Width": 0,
                  "Actual Startup Time": 284.296,
                  "Actual Total Time": 461.838,
                  "Actual Rows": 460288,
                  "Actual Loops": 4,
                  "Inner Unique": false,
                  "Hash Cond": "(mk.movie_id = t.id)",
                  "Plans": [
                    {
                      "Node Type": "Seq Scan",
                      "Parent Relationship": "Outer",
                      "Parallel Aware": true,
                      "Relation Name": "movie_keyword",
                      "Alias": "mk",
                      "Startup Cost": 0.0,
                      "Total Cost": 39047.32,
                      "Plan Rows": 1459332,
                      "Plan Width": 4,
                      "Actual Startup Time": 0.033,
                      "Actual Total Time": 86.739,
                      "Actual Rows": 1130982,
                      "Actual Loops": 4
                    },
                    {
                      "Node Type": "Hash",
                      "Parent Relationship": "Inner",
                      "Parallel Aware": true,
                      "Startup Cost": 71711.35,
                      "Total Cost": 71711.35,
                      "Plan Rows": 26346,
                      "Plan Width": 8,
                      "Actual Startup Time": 246.614,
                      "Actual Total Time": 246.842,
                      "Actual Rows": 59634,
                      "Actual Loops": 4,
                      "Hash Buckets": 262144,
                      "Original Hash Buckets": 131072,
                      "Hash Batches": 1,
                      "Original Hash Batches": 1,
                      "Peak Memory Usage": 12448,
                      "Plans": [
                        {
                          "Node Type": "Hash Join",
                          "Parent Relationship": "Outer",
                          "Parallel Aware": true,
                          "Join Type": "Inner",
                          "Startup Cost": 46398.99,
                          "Total Cost": 71711.35,
                          "Plan Rows": 26346,
                          "Plan Width": 8,
                          "Actual Startup Time": 135.309,
                          "Actual Total Time": 224.905,
                          "Actual Rows": 59634,
                          "Actual Loops": 4,
                          "Inner Unique": true,
                          "Hash Cond": "(ci.movie_id = t.id)",
                          "Plans": [
                            {
                              "Node Type": "Index Scan",
                              "Parent Relationship": "Outer",
                              "Parallel Aware": true,
                              "Scan Direction": "Forward",
                              "Index Name": "role_id_cast_info",
                              "Relation Name": "cast_info",
                              "Alias": "ci",
                              "Startup Cost": 0.56,
                              "Total Cost": 24718.56,
                              "Plan Rows": 226425,
                              "Plan Width": 4,
                              "Actual Startup Time": 0.201,
                              "Actual Total Time": 34.376,
                              "Actual Rows": 224597,
                              "Actual Loops": 4,
                              "Index Cond": "(role_id = 5)",
                              "Rows Removed by Index Recheck": 0
                            },
                            {
                              "Node Type": "Hash",
                              "Parent Relationship": "Inner",
                              "Parallel Aware": true,
                              "Startup Cost": 45479.1,
                              "Total Cost": 45479.1,
                              "Plan Rows": 73546,
                              "Plan Width": 4,
                              "Actual Startup Time": 132.923,
                              "Actual Total Time": 132.924,
                              "Actual Rows": 97759,
                              "Actual Loops": 4,
                              "Hash Buckets": 524288,
                              "Original Hash Buckets": 524288,
                              "Hash Batches": 1,
                              "Original Hash Batches": 1,
                              "Peak Memory Usage": 19456,
                              "Plans": [
                                {
                                  "Node Type": "Seq Scan",
                                  "Parent Relationship": "Outer",
                                  "Parallel Aware": true,
                                  "Relation Name": "title",
                                  "Alias": "t",
                                  "Startup Cost": 0.0,
                                  "Total Cost": 45479.1,
                                  "Plan Rows": 73546,
                                  "Plan Width": 4,
                                  "Actual Startup Time": 60.661,
                                  "Actual Total Time": 101.193,
                                  "Actual Rows": 97759,
                                  "Actual Loops": 4,
                                  "Filter": "((production_year < 2002) AND (kind_id = 1))",
                                  "Rows Removed by Filter": 534319
                                }
                              ]
                            }
                          ]
                        }
                      ]
                    }
                  ]
                }
              ]
            }
          ]
        }
      ]
    },
    "Planning Time": 1.313,
    "Triggers": [],
    "Execution Time": 510.799
  }
]