[
  {
    "Plan": {
      "Node Type": "Aggregate",
      "Strategy": "Plain",
      "Partial Mode": "Finalize",
      "Parallel Aware": false,
      "Startup Cost": 34371.01,
      "Total Cost": 34371.02,
      "Plan Rows": 1,
      "Plan Width": 8,
      "Actual Startup Time": 120.832,
      "Actual Total Time": 130.565,
      "Actual Rows": 1,
      "Actual Loops": 1,
      "Plans": [
        {
          "Node Type": "Gather",
          "Parent Relationship": "Outer",
          "Parallel Aware": false,
          "Startup Cost": 34370.69,
          "Total Cost": 34371.0,
          "Plan Rows": 3,
          "Plan Width": 8,
          "Actual Startup Time": 120.52,
          "Actual Total Time": 130.554,
          "Actual Rows": 4,
          "Actual Loops": 1,
          "Workers Planned": 3,
          "Workers Launched": 3,
          "Single Copy": false,
          "Plans": [
            {
              "Node Type": "Aggregate",
              "Strategy": "Plain",
              "Partial Mode": "Partial",
              "Parent Relationship": "Outer",
              "Parallel Aware": false,
              "Startup Cost": 33370.69,
              "Total Cost": 33370.7,
              "Plan Rows": 1,
              "Plan Width": 8,
              "Actual Startup Time": 114.653,
              "Actual Total Time": 114.654,
              "Actual Rows": 1,
              "Actual Loops": 4,
              "Plans": [
                {
                  "Node Type": "Bitmap Heap Scan",
                  "Parent Relationship": "Outer",
                  "Parallel Aware": true,
                  "Relation Name": "movie_keyword",
                  "Alias": "mk",
                  "Startup Cost": 7260.73,
                  "Total Cost": 33094.7,
                  "Plan Rows": 110397,
                  "Plan Width": 0,
                  "Actual Startup Time": 31.786,
                  "Actual Total Time": 107.96,
                  "Actual Rows": 85994,
                  "Actual Loops": 4,
                  "Recheck Cond": "(keyword_id < 286)",
                  "Rows Removed by Index Recheck": 0,
                  "Exact Heap Blocks": 9583,
                  "Lossy Heap Blocks": 0,
                  "Plans": [
                    {
                      "Node Type": "Bitmap Index Scan",
                      "Parent Relationship": "Outer",
                      "Parallel Aware": false,
                      "Index Name": "keyword_id_movie_keyword",
                      "Startup Cost": 0.0,
                      "Total Cost": 7175.17,
                      "Plan Rows": 342232,
                      "Plan Width": 0,
                      "Actual Startup Time": 31.546,
                      "Actual Total Time": 31.546,
                      "Actual Rows": 343974,
                      "Actual Loops": 1,
                      "Index Cond": "(keyword_id < 286)"
                    }
                  ]
                }
              ]
            }
          ]
        }
      ]
    },
    "Planning Time": 0.167,
    "Triggers": [],
    "Execution Time": 130.611
  }
]