[
  {
    "Plan": {
      "Node Type": "Aggregate",
      "Strategy": "Plain",
      "Partial Mode": "Finalize",
      "Parallel Aware": false,
      "Startup Cost": 33952.22,
      "Total Cost": 33952.23,
      "Plan Rows": 1,
      "Plan Width": 8,
      "Actual Startup Time": 115.57,
      "Actual Total Time": 124.306,
      "Actual Rows": 1,
      "Actual Loops": 1,
      "Plans": [
        {
          "Node Type": "Gather",
          "Parent Relationship": "Outer",
          "Parallel Aware": false,
          "Startup Cost": 33951.9,
          "Total Cost": 33952.21,
          "Plan Rows": 3,
          "Plan Width": 8,
          "Actual Startup Time": 115.268,
          "Actual Total Time": 124.298,
          "Actual Rows": 4,
          "Actual Loops": 1,
          "Workers Planned": 3,
          "Workers Launched": 3,
          "Single Copy": false,
          "Plans": [
            {
              "Node Type": "Aggregate",
              "Strategy": "Plain",
              "Partial Mode": "Partial",
              "Parent Relationship": "Outer",
              "Parallel Aware": false,
              "Startup Cost": 32951.9,
              "Total Cost": 32951.91,
              "Plan Rows": 1,
              "Plan Width": 8,
              "Actual Startup Time": 108.653,
              "Actual Total Time": 108.655,
              "Actual Rows": 1,
              "Actual Loops": 4,
              "Plans": [
                {
                  "Node Type": "Bitmap Heap Scan",
                  "Parent Relationship": "Outer",
                  "Parallel Aware": true,
                  "Relation Name": "movie_keyword",
                  "Alias": "mk",
                  "Startup Cost": 6919.89,
                  "Total Cost": 32688.9,
                  "Plan Rows": 105201,
                  "Plan Width": 0,
                  "Actual Startup Time": 39.466,
                  "Actual Total Time": 103.316,
                  "Actual Rows": 85994,
                  "Actual Loops": 4,
                  "Recheck Cond": "(keyword_id < 286)",
                  "Rows Removed by Index Recheck": 0,
                  "Exact Heap Blocks": 12387,
                  "Lossy Heap Blocks": 0,
                  "Plans": [
                    {
                      "Node Type": "Bitmap Index Scan",
                      "Parent Relationship": "Outer",
                      "Parallel Aware": false,
                      "Index Name": "keyword_id_movie_keyword",
                      "Startup Cost": 0.0,
                      "Total Cost": 6838.36,
                      "Plan Rows": 326123,
                      "Plan Width": 0,
                      "Actual Startup Time": 40.828,
                      "Actual Total Time": 40.828,
                      "Actual Rows": 343974,
                      "Actual Loops": 1,
                      "Index Cond": "(keyword_id < 286)"
                    }
                  ]
                }
              ]
            }
          ]
        }
      ]
    },
    "Planning Time": 0.189,
    "Triggers": [],
    "Execution Time": 124.383
  }
]