[
  {
    "Plan": {
      "Node Type": "Aggregate",
      "Strategy": "Plain",
      "Partial Mode": "Finalize",
      "Parallel Aware": false,
      "Startup Cost": 223057.01,
      "Total Cost": 223057.02,
      "Plan Rows": 1,
      "Plan Width": 8,
      "Actual Startup Time": 303.575,
      "Actual Total Time": 315.973,
      "Actual Rows": 1,
      "Actual Loops": 1,
      "Plans": [
        {
          "Node Type": "Gather",
          "Parent Relationship": "Outer",
          "Parallel Aware": false,
          "Startup Cost": 223056.49,
          "Total Cost": 223057.0,
          "Plan Rows": 5,
          "Plan Width": 8,
          "Actual Startup Time": 291.011,
          "Actual Total Time": 315.963,
          "Actual Rows": 6,
          "Actual Loops": 1,
          "Workers Planned": 5,
          "Workers Launched": 5,
          "Single Copy": false,
          "Plans": [
            {
              "Node Type": "Aggregate",
              "Strategy": "Plain",
              "Partial Mode": "Partial",
              "Parent Relationship": "Outer",
              "Parallel Aware": false,
              "Startup Cost": 222056.49,
              "Total Cost": 222056.5,
              "Plan Rows": 1,
              "Plan Width": 8,
              "Actual Startup Time": 279.683,
              "Actual Total Time": 279.687,
              "Actual Rows": 1,
              "Actual Loops": 6,
              "Plans": [
                {
                  "Node Type": "Hash Join",
                  "Parent Relationship": "Outer",
                  "Parallel Aware": true,
                  "Join Type": "Inner",
                  "Startup Cost": 58352.63,
                  "Total Cost": 221887.52,
                  "Plan Rows": 67588,
                  "Plan Width": 0,
                  "Actual Startup Time": 238.727,
                  "Actual Total Time": 278.688,
                  "Actual Rows": 16791,
                  "Actual Loops": 6,
                  "Inner Unique": true,
                  "Hash Cond": "(mi.movie_id = t.id)",
                  "Plans": [
                    {
                      "Node Type": "Bitmap Heap Scan",
                      "Parent Relationship": "Outer",
                      "Parallel Aware": true,
                      "Relation Name": "movie_info",
                      "Alias": "mi",
                      "Startup Cost": 9214.73,
                      "Total Cost": 172482.02,
                      "Plan Rows": 101943,
                      "Plan Width": 4,
                      "Actual Startup Time": 15.173,
                      "Actual Total Time": 29.497,
                      "Actual Rows": 81092,
                      "Actual Loops": 6,
                      "Recheck Cond": "(info_type_id = 5)",
                      "Rows Removed by Index Recheck": 0,
                      "Exact Heap Blocks": 1344,
                      "Lossy Heap Blocks": 0,
                      "Plans": [
                        {
                          "Node Type": "Bitmap Index Scan",
                          "Parent Relationship": "Outer",
                          "Parallel Aware": false,
                          "Index Name": "info_type_id_movie_info",
                          "Startup Cost": 0.0,
                          "Total Cost": 9087.3,
                          "Plan Rows": 509716,
                          "Plan Width": 0,
                          "Actual Startup Time": 14.325,
                          "Actual Total Time": 14.326,
                          "Actual Rows": 486554,
                          "Actual Loops": 1,
                          "Index Cond": "(info_type_id = 5)"
                        }
                      ]
                    },
                    {
                      "Node Type": "Hash",
                      "Parent Relationship": "Inner",
                      "Parallel Aware": true,
                      "Startup Cost": 43899.32,
                      "Total Cost": 43899.32,
                      "Plan Rows": 419086,
                      "Plan Width": 4,
                      "Actual Startup Time": 219.136,
                      "Actual Total Time": 219.137,
                      "Actual Rows": 279016,
                      "Actual Loops": 6,
                      "Hash Buckets": 2097152,
                      "Original Hash Buckets": 2097152,
                      "Hash Batches": 1,
                      "Original Hash Batches": 1,
                      "Peak Memory Usage": 81952,
                      "Plans": [
                        {
                          "Node Type": "Seq Scan",
                          "Parent Relationship": "Outer",
                          "Parallel Aware": true,
                          "Relation Name": "title",
                          "Alias": "t",
                          "Startup Cost": 0.0,
                          "Total Cost": 43899.32,
                          "Plan Rows": 419086,
                          "Plan Width": 4,
                          "Actual Startup Time": 0.045,
                          "Actual Total Time": 89.562,
                          "Actual Rows": 279016,
                          "Actual Loops": 6,
                          "Filter": "(kind_id > 3)",
                          "Rows Removed by Filter": 142369
                        }
                      ]
                    }
                  ]
                }
              ]
            }
          ]
        }
      ]
    },
    "Planning Time": 0.474,
    "Triggers": [],
    "Execution Time": 316.03
  }
]