[
  {
    "Plan": {
      "Node Type": "Aggregate",
      "Strategy": "Plain",
      "Partial Mode": "Finalize",
      "Parallel Aware": false,
      "Startup Cost": 253606.89,
      "Total Cost": 253606.9,
      "Plan Rows": 1,
      "Plan Width": 8,
      "Actual Startup Time": 869.672,
      "Actual Total Time": 912.903,
      "Actual Rows": 1,
      "Actual Loops": 1,
      "Plans": [
        {
          "Node Type": "Gather",
          "Parent Relationship": "Outer",
          "Parallel Aware": false,
          "Startup Cost": 253606.37,
          "Total Cost": 253606.88,
          "Plan Rows": 5,
          "Plan Width": 8,
          "Actual Startup Time": 866.524,
          "Actual Total Time": 912.892,
          "Actual Rows": 6,
          "Actual Loops": 1,
          "Workers Planned": 5,
          "Workers Launched": 5,
          "Single Copy": false,
          "Plans": [
            {
              "Node Type": "Aggregate",
              "Strategy": "Plain",
              "Partial Mode": "Partial",
              "Parent Relationship": "Outer",
              "Parallel Aware": false,
              "Startup Cost": 252606.37,
              "Total Cost": 252606.38,
              "Plan Rows": 1,
              "Plan Width": 8,
              "Actual Startup Time": 856.526,
              "Actual Total Time": 856.529,
              "Actual Rows": 1,
              "Actual Loops": 6,
              "Plans": [
                {
                  "Node Type": "Hash Join",
                  "Parent Relationship": "Outer",
                  "Parallel Aware": true,
                  "Join Type": "Inner",
                  "Startup Cost": 47304.47,
                  "Total Cost": 251461.2,
                  "Plan Rows": 458066,
                  "Plan Width": 0,
                  "Actual Startup Time": 160.236,
                  "Actual Total Time": 817.401,
                  "Actual Rows": 864996,
                  "Actual Loops": 6,
                  "Inner Unique": true,
                  "Hash Cond": "(mi.movie_id = t.id)",
                  "Plans": [
                    {
                      "Node Type": "Seq Scan",
                      "Parent Relationship": "Outer",
                      "Parallel Aware": true,
                      "Relation Name": "movie_info",
                      "Alias": "mi",
                      "Startup Cost": 0.0,
                      "Total Cost": 198952.16,
                      "Plan Rows": 1982687,
                      "Plan Width": 4,
                      "Actual Startup Time": 17.626,
                      "Actual Total Time": 352.79,
                      "Actual Rows": 1651959,
                      "Actual Loops": 6,
                      "Filter": "(info_type_id > 4)",
                      "Rows Removed by Filter": 820661
                    },
                    {
                      "Node Type": "Hash",
                      "Parent Relationship": "Inner",
                      "Parallel Aware": true,
                      "Startup Cost": 45479.1,
                      "Total Cost": 45479.1,
                      "Plan Rows": 146030,
                      "Plan Width": 4,
                      "Actual Startup Time": 124.648,
                      "Actual Total Time": 124.649,
                      "Actual Rows": 99122,
                      "Actual Loops": 6,
                      "Hash Buckets": 1048576,
                      "Original Hash Buckets": 1048576,
                      "Hash Batches": 1,
                      "Original Hash Batches": 1,
                      "Peak Memory Usage": 31552,
                      "Plans": [
                        {
                          "Node Type": "Seq Scan",
                          "Parent Relationship": "Outer",
                          "Parallel Aware": true,
                          "Relation Name": "title",
                          "Alias": "t",
                          "Startup Cost": 0.0,
                          "Total Cost": 45479.1,
                          "Plan Rows": 146030,
                          "Plan Width": 4,
                          "Actual Startup Time": 52.947,
                          "Actual Total Time": 87.0,
                          "Actual Rows": 99122,
                          "Actual Loops": 6,
                          "Filter": "((production_year < 2012) AND (kind_id = 1))",
                          "Rows Removed by Filter": 322264
                        }
                      ]
                    }
                  ]
                }
              ]
            }
          ]
        }
      ]
    },
    "Planning Time": 0.418,
    "Triggers": [],
    "Execution Time": 912.957
  }
]