[
    {
        "Bao": {
            "Bao prediction": "NaN",
            "Bao recommended hint": "(no hint)"
        }
    },
    {
        "Plan": {
            "Node Type": "Aggregate",
            "Strategy": "Plain",
            "Partial Mode": "Finalize",
            "Parallel Aware": false,
            "Startup Cost": 219275.28,
            "Total Cost": 219275.29,
            "Plan Rows": 1,
            "Plan Width": 8,
            "Actual Startup Time": 114.234,
            "Actual Total Time": 119.847,
            "Actual Rows": 1,
            "Actual Loops": 1,
            "Output": [
                "count(*)"
            ],
            "Plans": [
                {
                    "Node Type": "Gather",
                    "Parent Relationship": "Outer",
                    "Parallel Aware": false,
                    "Startup Cost": 219274.76,
                    "Total Cost": 219275.27,
                    "Plan Rows": 5,
                    "Plan Width": 8,
                    "Actual Startup Time": 113.484,
                    "Actual Total Time": 119.84,
                    "Actual Rows": 6,
                    "Actual Loops": 1,
                    "Output": [
                        "(PARTIAL count(*))"
                    ],
                    "Workers Planned": 5,
                    "Workers Launched": 5,
                    "Single Copy": false,
                    "Plans": [
                        {
                            "Node Type": "Aggregate",
                            "Strategy": "Plain",
                            "Partial Mode": "Partial",
                            "Parent Relationship": "Outer",
                            "Parallel Aware": false,
                            "Startup Cost": 218274.76,
                            "Total Cost": 218274.77,
                            "Plan Rows": 1,
                            "Plan Width": 8,
                            "Actual Startup Time": 103.345,
                            "Actual Total Time": 103.348,
                            "Actual Rows": 1,
                            "Actual Loops": 6,
                            "Output": [
                                "PARTIAL count(*)"
                            ],
                            "Workers": [
                                {
                                    "Worker Number": 0,
                                    "Actual Startup Time": 100.631,
                                    "Actual Total Time": 100.634,
                                    "Actual Rows": 1,
                                    "Actual Loops": 1
                                },
                                {
                                    "Worker Number": 1,
                                    "Actual Startup Time": 101.23,
                                    "Actual Total Time": 101.233,
                                    "Actual Rows": 1,
                                    "Actual Loops": 1
                                },
                                {
                                    "Worker Number": 2,
                                    "Actual Startup Time": 101.542,
                                    "Actual Total Time": 101.544,
                                    "Actual Rows": 1,
                                    "Actual Loops": 1
                                },
                                {
                                    "Worker Number": 3,
                                    "Actual Startup Time": 101.617,
                                    "Actual Total Time": 101.62,
                                    "Actual Rows": 1,
                                    "Actual Loops": 1
                                },
                                {
                                    "Worker Number": 4,
                                    "Actual Startup Time": 101.948,
                                    "Actual Total Time": 101.95,
                                    "Actual Rows": 1,
                                    "Actual Loops": 1
                                }
                            ],
                            "Plans": [
                                {
                                    "Node Type": "Hash Join",
                                    "Parent Relationship": "Outer",
                                    "Parallel Aware": true,
                                    "Join Type": "Inner",
                                    "Startup Cost": 48921.54,
                                    "Total Cost": 218271.47,
                                    "Plan Rows": 1316,
                                    "Plan Width": 0,
                                    "Actual Startup Time": 88.546,
                                    "Actual Total Time": 103.322,
                                    "Actual Rows": 243,
                                    "Actual Loops": 6,
                                    "Inner Unique": true,
                                    "Hash Cond": "(mi.movie_id = t.id)",
                                    "Workers": [
                                        {
                                            "Worker Number": 0,
                                            "Actual Startup Time": 85.983,
                                            "Actual Total Time": 100.609,
                                            "Actual Rows": 234,
                                            "Actual Loops": 1
                                        },
                                        {
                                            "Worker Number": 1,
                                            "Actual Startup Time": 86.166,
                                            "Actual Total Time": 101.196,
                                            "Actual Rows": 281,
                                            "Actual Loops": 1
                                        },
                                        {
                                            "Worker Number": 2,
                                            "Actual Startup Time": 86.76,
                                            "Actual Total Time": 101.52,
                                            "Actual Rows": 231,
                                            "Actual Loops": 1
                                        },
                                        {
                                            "Worker Number": 3,
                                            "Actual Startup Time": 86.698,
                                            "Actual Total Time": 101.594,
                                            "Actual Rows": 248,
                                            "Actual Loops": 1
                                        },
                                        {
                                            "Worker Number": 4,
                                            "Actual Startup Time": 87.435,
                                            "Actual Total Time": 101.929,
                                            "Actual Rows": 181,
                                            "Actual Loops": 1
                                        }
                                    ],
                                    "Plans": [
                                        {
                                            "Node Type": "Bitmap Heap Scan",
                                            "Parent Relationship": "Outer",
                                            "Parallel Aware": true,
                                            "Relation Name": "movie_info",
                                            "Schema": "public",
                                            "Alias": "mi",
                                            "Startup Cost": 3142.16,
                                            "Total Cost": 172401.2,
                                            "Plan Rows": 34625,
                                            "Plan Width": 4,
                                            "Actual Startup Time": 8.029,
                                            "Actual Total Time": 18.605,
                                            "Actual Rows": 30019,
                                            "Actual Loops": 6,
                                            "Output": [
                                                "mi.id",
                                                "mi.movie_id",
                                                "mi.info_type_id",
                                                "mi.info",
                                                "mi.note"
                                            ],
                                            "Recheck Cond": "(mi.info_type_id = 13)",
                                            "Rows Removed by Index Recheck": 0,
                                            "Exact Heap Blocks": 1432,
                                            "Lossy Heap Blocks": 0,
                                            "Workers": [
                                                {
                                                    "Worker Number": 0,
                                                    "Actual Startup Time": 7.927,
                                                    "Actual Total Time": 18.713,
                                                    "Actual Rows": 27115,
                                                    "Actual Loops": 1
                                                },
                                                {
                                                    "Worker Number": 1,
                                                    "Actual Startup Time": 7.93,
                                                    "Actual Total Time": 18.745,
                                                    "Actual Rows": 27855,
                                                    "Actual Loops": 1
                                                },
                                                {
                                                    "Worker Number": 2,
                                                    "Actual Startup Time": 8.157,
                                                    "Actual Total Time": 18.949,
                                                    "Actual Rows": 27029,
                                                    "Actual Loops": 1
                                                },
                                                {
                                                    "Worker Number": 3,
                                                    "Actual Startup Time": 8.184,
                                                    "Actual Total Time": 18.908,
                                                    "Actual Rows": 27700,
                                                    "Actual Loops": 1
                                                },
                                                {
                                                    "Worker Number": 4,
                                                    "Actual Startup Time": 7.939,
                                                    "Actual Total Time": 18.598,
                                                    "Actual Rows": 26347,
                                                    "Actual Loops": 1
                                                }
                                            ],
                                            "Plans": [
                                                {
                                                    "Node Type": "Bitmap Index Scan",
                                                    "Parent Relationship": "Outer",
                                                    "Parallel Aware": false,
                                                    "Index Name": "info_type_id_movie_info",
                                                    "Startup Cost": 0.0,
                                                    "Total Cost": 3098.88,
                                                    "Plan Rows": 173126,
                                                    "Plan Width": 0,
                                                    "Actual Startup Time": 7.257,
                                                    "Actual Total Time": 7.259,
                                                    "Actual Rows": 180112,
                                                    "Actual Loops": 1,
                                                    "Index Cond": "(mi.info_type_id = 13)"
                                                }
                                            ]
                                        },
                                        {
                                            "Node Type": "Hash",
                                            "Parent Relationship": "Inner",
                                            "Parallel Aware": true,
                                            "Startup Cost": 45479.21,
                                            "Total Cost": 45479.21,
                                            "Plan Rows": 24014,
                                            "Plan Width": 4,
                                            "Actual Startup Time": 79.507,
                                            "Actual Total Time": 79.508,
                                            "Actual Rows": 17708,
                                            "Actual Loops": 6,
                                            "Output": [
                                                "t.id"
                                            ],
                                            "Hash Buckets": 131072,
                                            "Original Hash Buckets": 131072,
                                            "Hash Batches": 1,
                                            "Original Hash Batches": 1,
                                            "Peak Memory Usage": 5280,
                                            "Workers": [
                                                {
                                                    "Worker Number": 0,
                                                    "Actual Startup Time": 77.025,
                                                    "Actual Total Time": 77.026,
                                                    "Actual Rows": 12858,
                                                    "Actual Loops": 1
                                                },
                                                {
                                                    "Worker Number": 1,
                                                    "Actual Startup Time": 77.606,
                                                    "Actual Total Time": 77.607,
                                                    "Actual Rows": 13316,
                                                    "Actual Loops": 1
                                                },
                                                {
                                                    "Worker Number": 2,
                                                    "Actual Startup Time": 77.855,
                                                    "Actual Total Time": 77.856,
                                                    "Actual Rows": 13835,
                                                    "Actual Loops": 1
                                                },
                                                {
                                                    "Worker Number": 3,
                                                    "Actual Startup Time": 77.862,
                                                    "Actual Total Time": 77.862,
                                                    "Actual Rows": 14499,
                                                    "Actual Loops": 1
                                                },
                                                {
                                                    "Worker Number": 4,
                                                    "Actual Startup Time": 78.334,
                                                    "Actual Total Time": 78.335,
                                                    "Actual Rows": 12445,
                                                    "Actual Loops": 1
                                                }
                                            ],
                                            "Plans": [
                                                {
                                                    "Node Type": "Seq Scan",
                                                    "Parent Relationship": "Outer",
                                                    "Parallel Aware": true,
                                                    "Relation Name": "title",
                                                    "Schema": "public",
                                                    "Alias": "t",
                                                    "Startup Cost": 0.0,
                                                    "Total Cost": 45479.21,
                                                    "Plan Rows": 24014,
                                                    "Plan Width": 4,
                                                    "Actual Startup Time": 0.058,
                                                    "Actual Total Time": 72.077,
                                                    "Actual Rows": 17708,
                                                    "Actual Loops": 6,
                                                    "Output": [
                                                        "t.id"
                                                    ],
                                                    "Filter": "((t.kind_id = 7) AND (t.production_year = 2011))",
                                                    "Rows Removed by Filter": 403678,
                                                    "Workers": [
                                                        {
                                                            "Worker Number": 0,
                                                            "Actual Startup Time": 0.075,
                                                            "Actual Total Time": 70.742,
                                                            "Actual Rows": 12858,
                                                            "Actual Loops": 1
                                                        },
                                                        {
                                                            "Worker Number": 1,
                                                            "Actual Startup Time": 0.056,
                                                            "Actual Total Time": 69.949,
                                                            "Actual Rows": 13316,
                                                            "Actual Loops": 1
                                                        },
                                                        {
                                                            "Worker Number": 2,
                                                            "Actual Startup Time": 0.069,
                                                            "Actual Total Time": 70.88,
                                                            "Actual Rows": 13835,
                                                            "Actual Loops": 1
                                                        },
                                                        {
                                                            "Worker Number": 3,
                                                            "Actual Startup Time": 0.083,
                                                            "Actual Total Time": 71.794,
                                                            "Actual Rows": 14499,
                                                            "Actual Loops": 1
                                                        },
                                                        {
                                                            "Worker Number": 4,
                                                            "Actual Startup Time": 0.05,
                                                            "Actual Total Time": 70.896,
                                                            "Actual Rows": 12445,
                                                            "Actual Loops": 1
                                                        }
                                                    ]
                                                }
                                            ]
                                        }
                                    ]
                                }
                            ]
                        }
                    ]
                }
            ]
        },
        "Planning Time": 181.934,
        "Triggers": [],
        "Execution Time": 119.913
    }
]