{
    "Plan": {
        "Node Type": "Aggregate",
        "Strategy": "Plain",
        "Partial Mode": "Simple",
        "Parallel Aware": false,
        "Startup Cost": 50000632657.03,
        "Total Cost": 50000632657.04,
        "Plan Rows": 1,
        "Plan Width": 96,
        "Actual Startup Time": 4034.467,
        "Actual Total Time": 4034.477,
        "Actual Rows": 1,
        "Actual Loops": 1,
        "Output": [
            "min(cn.name)",
            "min((lt.link)::text)",
            "min(t.title)"
        ],
        "Plans": [
            {
                "Node Type": "Hash Join",
                "Parent Relationship": "Outer",
                "Parallel Aware": false,
                "Join Type": "Inner",
                "Startup Cost": 50000495390.97,
                "Total Cost": 50000632657.03,
                "Plan Rows": 1,
                "Plan Width": 48,
                "Actual Startup Time": 4034.462,
                "Actual Total Time": 4034.472,
                "Actual Rows": 0,
                "Actual Loops": 1,
                "Output": [
                    "cn.name",
                    "lt.link",
                    "t.title"
                ],
                "Inner Unique": false,
                "Hash Cond": "(ml.movie_id = mk.movie_id)",
                "Plans": [
                    {
                        "Node Type": "Nested Loop",
                        "Parent Relationship": "Outer",
                        "Parallel Aware": false,
                        "Join Type": "Inner",
                        "Startup Cost": 30000000003.26,
                        "Total Cost": 30000137264.89,
                        "Plan Rows": 1177,
                        "Plan Width": 41,
                        "Actual Startup Time": 0.455,
                        "Actual Total Time": 138.157,
                        "Actual Rows": 732,
                        "Actual Loops": 1,
                        "Output": [
                            "lt.link",
                            "ml.movie_id",
                            "mi.movie_id",
                            "t.title",
                            "t.id"
                        ],
                        "Inner Unique": false,
                        "Join Filter": "(ml.movie_id = mi.movie_id)",
                        "Rows Removed by Join Filter": 0,
                        "Plans": [
                            {
                                "Node Type": "Nested Loop",
                                "Parent Relationship": "Outer",
                                "Parallel Aware": false,
                                "Join Type": "Inner",
                                "Startup Cost": 20000000002.07,
                                "Total Cost": 20000135353.7,
                                "Plan Rows": 310,
                                "Plan Width": 37,
                                "Actual Startup Time": 0.378,
                                "Actual Total Time": 131.109,
                                "Actual Rows": 498,
                                "Actual Loops": 1,
                                "Output": [
                                    "lt.link",
                                    "ml.movie_id",
                                    "t.title",
                                    "t.id"
                                ],
                                "Inner Unique": true,
                                "Plans": [
                                    {
                                        "Node Type": "Nested Loop",
                                        "Parent Relationship": "Outer",
                                        "Parallel Aware": false,
                                        "Join Type": "Inner",
                                        "Startup Cost": 10000000000.43,
                                        "Total Cost": 10000125931.19,
                                        "Plan Rows": 1666,
                                        "Plan Width": 16,
                                        "Actual Startup Time": 0.189,
                                        "Actual Total Time": 119.31,
                                        "Actual Rows": 2315,
                                        "Actual Loops": 1,
                                        "Output": [
                                            "lt.link",
                                            "ml.movie_id"
                                        ],
                                        "Inner Unique": true,
                                        "Plans": [
                                            {
                                                "Node Type": "Index Scan",
                                                "Parent Relationship": "Outer",
                                                "Parallel Aware": false,
                                                "Scan Direction": "Forward",
                                                "Index Name": "movie_id_movie_link",
                                                "Relation Name": "movie_link",
                                                "Schema": "public",
                                                "Alias": "ml",
                                                "Startup Cost": 0.29,
                                                "Total Cost": 1111.51,
                                                "Plan Rows": 29997,
                                                "Plan Width": 8,
                                                "Actual Startup Time": 0.015,
                                                "Actual Total Time": 6.705,
                                                "Actual Rows": 29997,
                                                "Actual Loops": 1,
                                                "Output": [
                                                    "ml.id",
                                                    "ml.movie_id",
                                                    "ml.linked_movie_id",
                                                    "ml.link_type_id"
                                                ]
                                            },
                                            {
                                                "Node Type": "Bitmap Heap Scan",
                                                "Parent Relationship": "Inner",
                                                "Parallel Aware": false,
                                                "Relation Name": "link_type",
                                                "Schema": "public",
                                                "Alias": "lt",
                                                "Startup Cost": 0.15,
                                                "Total Cost": 4.16,
                                                "Plan Rows": 1,
                                                "Plan Width": 16,
                                                "Actual Startup Time": 0.002,
                                                "Actual Total Time": 0.002,
                                                "Actual Rows": 0,
                                                "Actual Loops": 29997,
                                                "Output": [
                                                    "lt.id",
                                                    "lt.link"
                                                ],
                                                "Recheck Cond": "(lt.id = ml.link_type_id)",
                                                "Rows Removed by Index Recheck": 0,
                                                "Filter": "((lt.link)::text ~~ '%follow%'::text)",
                                                "Rows Removed by Filter": 1,
                                                "Exact Heap Blocks": 29997,
                                                "Lossy Heap Blocks": 0,
                                                "Plans": [
                                                    {
                                                        "Node Type": "Bitmap Index Scan",
                                                        "Parent Relationship": "Outer",
                                                        "Parallel Aware": false,
                                                        "Index Name": "link_type_pkey",
                                                        "Startup Cost": 0.0,
                                                        "Total Cost": 0.15,
                                                        "Plan Rows": 1,
                                                        "Plan Width": 0,
                                                        "Actual Startup Time": 0.001,
                                                        "Actual Total Time": 0.001,
                                                        "Actual Rows": 1,
                                                        "Actual Loops": 29997,
                                                        "Index Cond": "(lt.id = ml.link_type_id)"
                                                    }
                                                ]
                                            }
                                        ]
                                    },
                                    {
                                        "Node Type": "Bitmap Heap Scan",
                                        "Parent Relationship": "Inner",
                                        "Parallel Aware": false,
                                        "Relation Name": "title",
                                        "Schema": "public",
                                        "Alias": "t",
                                        "Startup Cost": 1.64,
                                        "Total Cost": 5.66,
                                        "Plan Rows": 1,
                                        "Plan Width": 21,
                                        "Actual Startup Time": 0.003,
                                        "Actual Total Time": 0.003,
                                        "Actual Rows": 0,
                                        "Actual Loops": 2315,
                                        "Output": [
                                            "t.id",
                                            "t.title",
                                            "t.imdb_index",
                                            "t.kind_id",
                                            "t.production_year",
                                            "t.imdb_id",
                                            "t.phonetic_code",
                                            "t.episode_of_id",
                                            "t.season_nr",
                                            "t.episode_nr",
                                            "t.series_years",
                                            "t.md5sum"
                                        ],
                                        "Recheck Cond": "(t.id = ml.movie_id)",
                                        "Rows Removed by Index Recheck": 0,
                                        "Filter": "((t.production_year >= 2003) AND (t.production_year <= 2007))",
                                        "Rows Removed by Filter": 1,
                                        "Exact Heap Blocks": 2315,
                                        "Lossy Heap Blocks": 0,
                                        "Plans": [
                                            {
                                                "Node Type": "Bitmap Index Scan",
                                                "Parent Relationship": "Outer",
                                                "Parallel Aware": false,
                                                "Index Name": "title_pkey",
                                                "Startup Cost": 0.0,
                                                "Total Cost": 1.64,
                                                "Plan Rows": 1,
                                                "Plan Width": 0,
                                                "Actual Startup Time": 0.002,
                                                "Actual Total Time": 0.002,
                                                "Actual Rows": 1,
                                                "Actual Loops": 2315,
                                                "Index Cond": "(t.id = ml.movie_id)"
                                            }
                                        ]
                                    }
                                ]
                            },
                            {
                                "Node Type": "Bitmap Heap Scan",
                                "Parent Relationship": "Inner",
                                "Parallel Aware": false,
                                "Relation Name": "movie_info",
                                "Schema": "public",
                                "Alias": "mi",
                                "Startup Cost": 1.19,
                                "Total Cost": 6.12,
                                "Plan Rows": 4,
                                "Plan Width": 4,
                                "Actual Startup Time": 0.011,
                                "Actual Total Time": 0.012,
                                "Actual Rows": 1,
                                "Actual Loops": 498,
                                "Output": [
                                    "mi.id",
                                    "mi.movie_id",
                                    "mi.info_type_id",
                                    "mi.info",
                                    "mi.note"
                                ],
                                "Recheck Cond": "(mi.movie_id = t.id)",
                                "Rows Removed by Index Recheck": 0,
                                "Filter": "(mi.info = ANY ('{USA,Denmark,German,Sweden,Germany,English,Norwegian,America,Danish}'::text[]))",
                                "Rows Removed by Filter": 11,
                                "Exact Heap Blocks": 3873,
                                "Lossy Heap Blocks": 0,
                                "Plans": [
                                    {
                                        "Node Type": "Bitmap Index Scan",
                                        "Parent Relationship": "Outer",
                                        "Parallel Aware": false,
                                        "Index Name": "movie_id_movie_info",
                                        "Startup Cost": 0.0,
                                        "Total Cost": 1.19,
                                        "Plan Rows": 39,
                                        "Plan Width": 0,
                                        "Actual Startup Time": 0.003,
                                        "Actual Total Time": 0.003,
                                        "Actual Rows": 13,
                                        "Actual Loops": 498,
                                        "Index Cond": "(mi.movie_id = t.id)"
                                    }
                                ]
                            }
                        ]
                    },
                    {
                        "Node Type": "Hash",
                        "Parent Relationship": "Inner",
                        "Parallel Aware": false,
                        "Startup Cost": 20000495387.64,
                        "Total Cost": 20000495387.64,
                        "Plan Rows": 5,
                        "Plan Width": 27,
                        "Actual Startup Time": 3896.141,
                        "Actual Total Time": 3896.148,
                        "Actual Rows": 2293,
                        "Actual Loops": 1,
                        "Output": [
                            "cn.name",
                            "mc.movie_id",
                            "mk.movie_id"
                        ],
                        "Hash Buckets": 4096,
                        "Original Hash Buckets": 1024,
                        "Hash Batches": 1,
                        "Original Hash Batches": 1,
                        "Peak Memory Usage": 171,
                        "Plans": [
                            {
                                "Node Type": "Merge Join",
                                "Parent Relationship": "Outer",
                                "Parallel Aware": false,
                                "Join Type": "Inner",
                                "Startup Cost": 20000481642.5,
                                "Total Cost": 20000495387.64,
                                "Plan Rows": 5,
                                "Plan Width": 27,
                                "Actual Startup Time": 3778.558,
                                "Actual Total Time": 3895.648,
                                "Actual Rows": 2293,
                                "Actual Loops": 1,
                                "Output": [
                                    "cn.name",
                                    "mc.movie_id",
                                    "mk.movie_id"
                                ],
                                "Inner Unique": true,
                                "Merge Cond": "(mc.company_id = cn.id)",
                                "Plans": [
                                    {
                                        "Node Type": "Sort",
                                        "Parent Relationship": "Outer",
                                        "Parallel Aware": false,
                                        "Startup Cost": 20000481642.07,
                                        "Total Cost": 20000481642.13,
                                        "Plan Rows": 22,
                                        "Plan Width": 12,
                                        "Actual Startup Time": 3778.499,
                                        "Actual Total Time": 3780.157,
                                        "Actual Rows": 11915,
                                        "Actual Loops": 1,
                                        "Output": [
                                            "mc.movie_id",
                                            "mc.company_id",
                                            "mk.movie_id"
                                        ],
                                        "Sort Key": [
                                            "mc.company_id"
                                        ],
                                        "Sort Method": "quicksort",
                                        "Sort Space Used": 943,
                                        "Sort Space Type": "Memory",
                                        "Plans": [
                                            {
                                                "Node Type": "Nested Loop",
                                                "Parent Relationship": "Outer",
                                                "Parallel Aware": false,
                                                "Join Type": "Inner",
                                                "Startup Cost": 20000476032.94,
                                                "Total Cost": 20000481641.58,
                                                "Plan Rows": 22,
                                                "Plan Width": 12,
                                                "Actual Startup Time": 3725.495,
                                                "Actual Total Time": 3775.521,
                                                "Actual Rows": 11915,
                                                "Actual Loops": 1,
                                                "Output": [
                                                    "mc.movie_id",
                                                    "mc.company_id",
                                                    "mk.movie_id"
                                                ],
                                                "Inner Unique": true,
                                                "Plans": [
                                                    {
                                                        "Node Type": "Hash Join",
                                                        "Parent Relationship": "Outer",
                                                        "Parallel Aware": false,
                                                        "Join Type": "Inner",
                                                        "Startup Cost": 20000476032.81,
                                                        "Total Cost": 20000481628.01,
                                                        "Plan Rows": 89,
                                                        "Plan Width": 16,
                                                        "Actual Startup Time": 3725.47,
                                                        "Actual Total Time": 3764.759,
                                                        "Actual Rows": 14331,
                                                        "Actual Loops": 1,
                                                        "Output": [
                                                            "mk.movie_id",
                                                            "mc.movie_id",
                                                            "mc.company_type_id",
                                                            "mc.company_id"
                                                        ],
                                                        "Inner Unique": false,
                                                        "Hash Cond": "(k.id = mk.keyword_id)",
                                                        "Plans": [
                                                            {
                                                                "Node Type": "Index Scan",
                                                                "Parent Relationship": "Outer",
                                                                "Parallel Aware": false,
                                                                "Scan Direction": "Forward",
                                                                "Index Name": "keyword_pkey",
                                                                "Relation Name": "keyword",
                                                                "Schema": "public",
                                                                "Alias": "k",
                                                                "Startup Cost": 10000000000.42,
                                                                "Total Cost": 10000005342.92,
                                                                "Plan Rows": 1,
                                                                "Plan Width": 4,
                                                                "Actual Startup Time": 0.454,
                                                                "Actual Total Time": 36.01,
                                                                "Actual Rows": 1,
                                                                "Actual Loops": 1,
                                                                "Output": [
                                                                    "k.id",
                                                                    "k.keyword",
                                                                    "k.phonetic_code"
                                                                ],
                                                                "Filter": "(k.keyword = 'sequel'::text)",
                                                                "Rows Removed by Filter": 134169
                                                            },
                                                            {
                                                                "Node Type": "Hash",
                                                                "Parent Relationship": "Inner",
                                                                "Parallel Aware": false,
                                                                "Startup Cost": 10000328195.45,
                                                                "Total Cost": 10000328195.45,
                                                                "Plan Rows": 11826955,
                                                                "Plan Width": 20,
                                                                "Actual Startup Time": 3700.162,
                                                                "Actual Total Time": 3700.164,
                                                                "Actual Rows": 6719220,
                                                                "Actual Loops": 1,
                                                                "Output": [
                                                                    "mc.movie_id",
                                                                    "mc.company_type_id",
                                                                    "mc.company_id",
                                                                    "mk.movie_id",
                                                                    "mk.keyword_id"
                                                                ],
                                                                "Hash Buckets": 16777216,
                                                                "Original Hash Buckets": 16777216,
                                                                "Hash Batches": 1,
                                                                "Original Hash Batches": 1,
                                                                "Peak Memory Usage": 472283,
                                                                "Plans": [
                                                                    {
                                                                        "Node Type": "Hash Join",
                                                                        "Parent Relationship": "Outer",
                                                                        "Parallel Aware": false,
                                                                        "Join Type": "Inner",
                                                                        "Startup Cost": 10000100648.22,
                                                                        "Total Cost": 10000328195.45,
                                                                        "Plan Rows": 11826955,
                                                                        "Plan Width": 20,
                                                                        "Actual Startup Time": 933.406,
                                                                        "Actual Total Time": 2506.2,
                                                                        "Actual Rows": 6719220,
                                                                        "Actual Loops": 1,
                                                                        "Output": [
                                                                            "mc.movie_id",
                                                                            "mc.company_type_id",
                                                                            "mc.company_id",
                                                                            "mk.movie_id",
                                                                            "mk.keyword_id"
                                                                        ],
                                                                        "Inner Unique": false,
                                                                        "Hash Cond": "(mk.movie_id = mc.movie_id)",
                                                                        "Plans": [
                                                                            {
                                                                                "Node Type": "Seq Scan",
                                                                                "Parent Relationship": "Outer",
                                                                                "Parallel Aware": false,
                                                                                "Relation Name": "movie_keyword",
                                                                                "Schema": "public",
                                                                                "Alias": "mk",
                                                                                "Startup Cost": 10000000000.0,
                                                                                "Total Cost": 10000069693.3,
                                                                                "Plan Rows": 4523930,
                                                                                "Plan Width": 8,
                                                                                "Actual Startup Time": 0.02,
                                                                                "Actual Total Time": 364.928,
                                                                                "Actual Rows": 4523930,
                                                                                "Actual Loops": 1,
                                                                                "Output": [
                                                                                    "mk.id",
                                                                                    "mk.movie_id",
                                                                                    "mk.keyword_id"
                                                                                ]
                                                                            },
                                                                            {
                                                                                "Node Type": "Hash",
                                                                                "Parent Relationship": "Inner",
                                                                                "Parallel Aware": false,
                                                                                "Startup Cost": 84830.36,
                                                                                "Total Cost": 84830.36,
                                                                                "Plan Rows": 1265428,
                                                                                "Plan Width": 12,
                                                                                "Actual Startup Time": 930.325,
                                                                                "Actual Total Time": 930.326,
                                                                                "Actual Rows": 1271989,
                                                                                "Actual Loops": 1,
                                                                                "Output": [
                                                                                    "mc.movie_id",
                                                                                    "mc.company_type_id",
                                                                                    "mc.company_id"
                                                                                ],
                                                                                "Hash Buckets": 2097152,
                                                                                "Original Hash Buckets": 2097152,
                                                                                "Hash Batches": 1,
                                                                                "Original Hash Batches": 1,
                                                                                "Peak Memory Usage": 71040,
                                                                                "Plans": [
                                                                                    {
                                                                                        "Node Type": "Index Scan",
                                                                                        "Parent Relationship": "Outer",
                                                                                        "Parallel Aware": false,
                                                                                        "Scan Direction": "Forward",
                                                                                        "Index Name": "company_type_id_movie_companies",
                                                                                        "Relation Name": "movie_companies",
                                                                                        "Schema": "public",
                                                                                        "Alias": "mc",
                                                                                        "Startup Cost": 0.43,
                                                                                        "Total Cost": 84830.36,
                                                                                        "Plan Rows": 1265428,
                                                                                        "Plan Width": 12,
                                                                                        "Actual Startup Time": 0.051,
                                                                                        "Actual Total Time": 593.954,
                                                                                        "Actual Rows": 1271989,
                                                                                        "Actual Loops": 1,
                                                                                        "Output": [
                                                                                            "mc.movie_id",
                                                                                            "mc.company_type_id",
                                                                                            "mc.company_id"
                                                                                        ],
                                                                                        "Filter": "(mc.note IS NULL)",
                                                                                        "Rows Removed by Filter": 1337140
                                                                                    }
                                                                                ]
                                                                            }
                                                                        ]
                                                                    }
                                                                ]
                                                            }
                                                        ]
                                                    },
                                                    {
                                                        "Node Type": "Index Scan",
                                                        "Parent Relationship": "Inner",
                                                        "Parallel Aware": false,
                                                        "Scan Direction": "Forward",
                                                        "Index Name": "company_type_pkey",
                                                        "Relation Name": "company_type",
                                                        "Schema": "public",
                                                        "Alias": "ct",
                                                        "Startup Cost": 0.13,
                                                        "Total Cost": 0.15,
                                                        "Plan Rows": 1,
                                                        "Plan Width": 4,
                                                        "Actual Startup Time": 0.001,
                                                        "Actual Total Time": 0.001,
                                                        "Actual Rows": 1,
                                                        "Actual Loops": 14331,
                                                        "Output": [
                                                            "ct.id",
                                                            "ct.kind"
                                                        ],
                                                        "Index Cond": "(ct.id = mc.company_type_id)",
                                                        "Rows Removed by Index Recheck": 0,
                                                        "Filter": "((ct.kind)::text = 'production companies'::text)",
                                                        "Rows Removed by Filter": 0
                                                    }
                                                ]
                                            }
                                        ]
                                    },
                                    {
                                        "Node Type": "Index Scan",
                                        "Parent Relationship": "Inner",
                                        "Parallel Aware": false,
                                        "Scan Direction": "Forward",
                                        "Index Name": "company_name_pkey",
                                        "Relation Name": "company_name",
                                        "Schema": "public",
                                        "Alias": "cn",
                                        "Startup Cost": 0.42,
                                        "Total Cost": 13629.43,
                                        "Plan Rows": 50732,
                                        "Plan Width": 23,
                                        "Actual Startup Time": 0.039,
                                        "Actual Total Time": 111.795,
                                        "Actual Rows": 48220,
                                        "Actual Loops": 1,
                                        "Output": [
                                            "cn.id",
                                            "cn.name",
                                            "cn.country_code",
                                            "cn.imdb_id",
                                            "cn.name_pcode_nf",
                                            "cn.name_pcode_sf",
                                            "cn.md5sum"
                                        ],
                                        "Filter": "(((cn.country_code)::text <> '[pl]'::text) AND ((cn.name ~~ '%Film%'::text) OR (cn.name ~~ '%Warner%'::text)))",
                                        "Rows Removed by Filter": 186478
                                    }
                                ]
                            }
                        ]
                    }
                ]
            }
        ]
    },
    "Planning Time": 14.903,
    "Triggers": [],
    "Execution Time": 4038.675
}