[
  {
    "Plan": {
      "Node Type": "Aggregate",
      "Strategy": "Plain",
      "Partial Mode": "Finalize",
      "Parallel Aware": false,
      "Startup Cost": 76459.9,
      "Total Cost": 76459.91,
      "Plan Rows": 1,
      "Plan Width": 8,
      "Actual Startup Time": 292.586,
      "Actual Total Time": 309.813,
      "Actual Rows": 1,
      "Actual Loops": 1,
      "Plans": [
        {
          "Node Type": "Gather",
          "Parent Relationship": "Outer",
          "Parallel Aware": false,
          "Startup Cost": 76459.58,
          "Total Cost": 76459.89,
          "Plan Rows": 3,
          "Plan Width": 8,
          "Actual Startup Time": 291.4,
          "Actual Total Time": 309.785,
          "Actual Rows": 4,
          "Actual Loops": 1,
          "Workers Planned": 3,
          "Workers Launched": 3,
          "Single Copy": false,
          "Plans": [
            {
              "Node Type": "Aggregate",
              "Strategy": "Plain",
              "Partial Mode": "Partial",
              "Parent Relationship": "Outer",
              "Parallel Aware": false,
              "Startup Cost": 75459.58,
              "Total Cost": 75459.59,
              "Plan Rows": 1,
              "Plan Width": 8,
              "Actual Startup Time": 282.501,
              "Actual Total Time": 282.504,
              "Actual Rows": 1,
              "Actual Loops": 4,
              "Plans": [
                {
                  "Node Type": "Hash Join",
                  "Parent Relationship": "Outer",
                  "Parallel Aware": true,
                  "Join Type": "Inner",
                  "Startup Cost": 45925.06,
                  "Total Cost": 75340.95,
                  "Plan Rows": 47452,
                  "Plan Width": 0,
                  "Actual Startup Time": 126.453,
                  "Actual Total Time": 277.091,
                  "Actual Rows": 131095,
                  "Actual Loops": 4,
                  "Inner Unique": true,
                  "Hash Cond": "(mc.movie_id = t.id)",
                  "Plans": [
                    {
                      "Node Type": "Seq Scan",
                      "Parent Relationship": "Outer",
                      "Parallel Aware": true,
                      "Relation Name": "movie_companies",
                      "Alias": "mc",
                      "Startup Cost": 0.0,
                      "Total Cost": 27206.55,
                      "Plan Rows": 841655,
                      "Plan Width": 4,
                      "Actual Startup Time": 0.007,
                      "Actual Total Time": 55.494,
                      "Actual Rows": 652282,
                      "Actual Loops": 4
                    },
                    {
                      "Node Type": "Hash",
                      "Parent Relationship": "Inner",
                      "Parallel Aware": true,
                      "Startup Cost": 45479.59,
                      "Total Cost": 45479.59,
                      "Plan Rows": 35638,
                      "Plan Width": 4,
                      "Actual Startup Time": 123.542,
                      "Actual Total Time": 123.543,
                      "Actual Rows": 62969,
                      "Actual Loops": 4,
                      "Hash Buckets": 262144,
                      "Original Hash Buckets": 262144,
                      "Hash Batches": 1,
                      "Original Hash Batches": 1,
                      "Peak Memory Usage": 12000,
                      "Plans": [
                        {
                          "Node Type": "Seq Scan",
                          "Parent Relationship": "Outer",
                          "Parallel Aware": true,
                          "Relation Name": "title",
                          "Alias": "t",
                          "Startup Cost": 0.0,
                          "Total Cost": 45479.59,
                          "Plan Rows": 35638,
                          "Plan Width": 4,
                          "Actual Startup Time": 0.154,
                          "Actual Total Time": 102.414,
                          "Actual Rows": 62969,
                          "Actual Loops": 4,
                          "Filter": "((kind_id < 7) AND (production_year < 1971))",
                          "Rows Removed by Filter": 569109
                        }
                      ]
                    }
                  ]
                }
              ]
            }
          ]
        }
      ]
    },
    "Planning Time": 0.645,
    "Triggers": [],
    "Execution Time": 309.889
  }
]