[
  {
    "Plan": {
      "Node Type": "Aggregate",
      "Strategy": "Plain",
      "Partial Mode": "Finalize",
      "Parallel Aware": false,
      "Startup Cost": 338328.56,
      "Total Cost": 338328.57,
      "Plan Rows": 1,
      "Plan Width": 8,
      "Actual Startup Time": 692.464,
      "Actual Total Time": 721.386,
      "Actual Rows": 1,
      "Actual Loops": 1,
      "Plans": [
        {
          "Node Type": "Gather",
          "Parent Relationship": "Outer",
          "Parallel Aware": false,
          "Startup Cost": 338327.93,
          "Total Cost": 338328.54,
          "Plan Rows": 6,
          "Plan Width": 8,
          "Actual Startup Time": 692.365,
          "Actual Total Time": 721.378,
          "Actual Rows": 7,
          "Actual Loops": 1,
          "Workers Planned": 6,
          "Workers Launched": 6,
          "Single Copy": false,
          "Plans": [
            {
              "Node Type": "Aggregate",
              "Strategy": "Plain",
              "Partial Mode": "Partial",
              "Parent Relationship": "Outer",
              "Parallel Aware": false,
              "Startup Cost": 337327.93,
              "Total Cost": 337327.94,
              "Plan Rows": 1,
              "Plan Width": 8,
              "Actual Startup Time": 687.782,
              "Actual Total Time": 687.783,
              "Actual Rows": 1,
              "Actual Loops": 7,
              "Plans": [
                {
                  "Node Type": "Seq Scan",
                  "Parent Relationship": "Outer",
                  "Parallel Aware": true,
                  "Relation Name": "cast_info",
                  "Alias": "ci",
                  "Startup Cost": 0.0,
                  "Total Cost": 328213.62,
                  "Plan Rows": 3645726,
                  "Plan Width": 0,
                  "Actual Startup Time": 0.026,
                  "Actual Total Time": 549.404,
                  "Actual Rows": 3108434,
                  "Actual Loops": 7,
                  "Filter": "(person_id < 2211875)",
                  "Rows Removed by Filter": 2069329
                }
              ]
            }
          ]
        }
      ]
    },
    "Planning Time": 0.115,
    "Triggers": [],
    "Execution Time": 721.424
  }
]