[
  {
    "Plan": {
      "Node Type": "Aggregate",
      "Strategy": "Plain",
      "Partial Mode": "Finalize",
      "Parallel Aware": false,
      "Startup Cost": 347401.93,
      "Total Cost": 347401.94,
      "Plan Rows": 1,
      "Plan Width": 8,
      "Actual Startup Time": 730.106,
      "Actual Total Time": 787.287,
      "Actual Rows": 1,
      "Actual Loops": 1,
      "Plans": [
        {
          "Node Type": "Gather",
          "Parent Relationship": "Outer",
          "Parallel Aware": false,
          "Startup Cost": 347401.31,
          "Total Cost": 347401.92,
          "Plan Rows": 6,
          "Plan Width": 8,
          "Actual Startup Time": 729.966,
          "Actual Total Time": 787.278,
          "Actual Rows": 7,
          "Actual Loops": 1,
          "Workers Planned": 6,
          "Workers Launched": 6,
          "Single Copy": false,
          "Plans": [
            {
              "Node Type": "Aggregate",
              "Strategy": "Plain",
              "Partial Mode": "Partial",
              "Parent Relationship": "Outer",
              "Parallel Aware": false,
              "Startup Cost": 346401.31,
              "Total Cost": 346401.32,
              "Plan Rows": 1,
              "Plan Width": 8,
              "Actual Startup Time": 721.8,
              "Actual Total Time": 721.801,
              "Actual Rows": 1,
              "Actual Loops": 7,
              "Plans": [
                {
                  "Node Type": "Seq Scan",
                  "Parent Relationship": "Outer",
                  "Parallel Aware": true,
                  "Relation Name": "cast_info",
                  "Alias": "ci",
                  "Startup Cost": 0.0,
                  "Total Cost": 343257.03,
                  "Plan Rows": 1257711,
                  "Plan Width": 0,
                  "Actual Startup Time": 320.771,
                  "Actual Total Time": 649.991,
                  "Actual Rows": 1634789,
                  "Actual Loops": 7,
                  "Filter": "((person_id > 2554125) AND (role_id > 1))",
                  "Rows Removed by Filter": 3542975
                }
              ]
            }
          ]
        }
      ]
    },
    "Planning Time": 0.161,
    "Triggers": [],
    "Execution Time": 787.358
  }
]