[
  {
    "Plan": {
      "Node Type": "Aggregate",
      "Strategy": "Plain",
      "Partial Mode": "Finalize",
      "Parallel Aware": false,
      "Startup Cost": 118883.17,
      "Total Cost": 118883.18,
      "Plan Rows": 1,
      "Plan Width": 8,
      "Actual Startup Time": 575.304,
      "Actual Total Time": 592.3,
      "Actual Rows": 1,
      "Actual Loops": 1,
      "Plans": [
        {
          "Node Type": "Gather",
          "Parent Relationship": "Outer",
          "Parallel Aware": false,
          "Startup Cost": 118882.85,
          "Total Cost": 118883.16,
          "Plan Rows": 3,
          "Plan Width": 8,
          "Actual Startup Time": 564.886,
          "Actual Total Time": 592.264,
          "Actual Rows": 4,
          "Actual Loops": 1,
          "Workers Planned": 3,
          "Workers Launched": 3,
          "Single Copy": false,
          "Plans": [
            {
              "Node Type": "Aggregate",
              "Strategy": "Plain",
              "Partial Mode": "Partial",
              "Parent Relationship": "Outer",
              "Parallel Aware": false,
              "Startup Cost": 117882.85,
              "Total Cost": 117882.86,
              "Plan Rows": 1,
              "Plan Width": 8,
              "Actual Startup Time": 553.346,
              "Actual Total Time": 553.635,
              "Actual Rows": 1,
              "Actual Loops": 4,
              "Plans": [
                {
                  "Node Type": "Hash Join",
                  "Parent Relationship": "Outer",
                  "Parallel Aware": true,
                  "Join Type": "Inner",
                  "Startup Cost": 67466.65,
                  "Total Cost": 117002.68,
                  "Plan Rows": 352070,
                  "Plan Width": 0,
                  "Actual Startup Time": 337.707,
                  "Actual Total Time": 544.576,
                  "Actual Rows": 221445,
                  "Actual Loops": 4,
                  "Inner Unique": false,
                  "Hash Cond": "(mk.movie_id = t.id)",
                  "Plans": [
                    {
                      "Node Type": "Seq Scan",
                      "Parent Relationship": "Outer",
                      "Parallel Aware": true,
                      "Relation Name": "movie_keyword",
                      "Alias": "mk",
                      "Startup Cost": 0.0,
                      "Total Cost": 42695.65,
                      "Plan Rows": 1432911,
                      "Plan Width": 4,
                      "Actual Startup Time": 0.029,
                      "Actual Total Time": 115.644,
                      "Actual Rows": 1110753,
                      "Actual Loops": 4,
                      "Filter": "(keyword_id < 87540)",
                      "Rows Removed by Filter": 20230
                    },
                    {
                      "Node Type": "Hash",
                      "Parent Relationship": "Inner",
                      "Parallel Aware": true,
                      "Startup Cost": 64231.02,
                      "Total Cost": 64231.02,
                      "Plan Rows": 258850,
                      "Plan Width": 8,
                      "Actual Startup Time": 335.009,
                      "Actual Total Time": 335.297,
                      "Actual Rows": 83314,
                      "Actual Loops": 4,
                      "Hash Buckets": 1048576,
                      "Original Hash Buckets": 1048576,
                      "Hash Batches": 1,
                      "Original Hash Batches": 1,
                      "Peak Memory Usage": 21280,
                      "Plans": [
                        {
                          "Node Type": "Hash Join",
                          "Parent Relationship": "Outer",
                          "Parallel Aware": true,
                          "Join Type": "Inner",
                          "Startup Cost": 49036.46,
                          "Total Cost": 64231.02,
                          "Plan Rows": 258850,
                          "Plan Width": 8,
                          "Actual Startup Time": 220.735,
                          "Actual Total Time": 309.42,
                          "Actual Rows": 83314,
                          "Actual Loops": 4,
                          "Inner Unique": true,
                          "Hash Cond": "(mi_idx.movie_id = t.id)",
                          "Plans": [
                            {
                              "Node Type": "Seq Scan",
                              "Parent Relationship": "Outer",
                              "Parallel Aware": true,
                              "Relation Name": "movie_info_idx",
                              "Alias": "mi_idx",
                              "Startup Cost": 0.0,
                              "Total Cost": 13685.15,
                              "Plan Rows": 575015,
                              "Plan Width": 4,
                              "Actual Startup Time": 0.011,
                              "Actual Total Time": 28.425,
                              "Actual Rows": 345009,
                              "Actual Loops": 4
                            },
                            {
                              "Node Type": "Hash",
                              "Parent Relationship": "Inner",
                              "Parallel Aware": true,
                              "Startup Cost": 45479.59,
                              "Total Cost": 45479.59,
                              "Plan Rows": 284550,
                              "Plan Width": 4,
                              "Actual Startup Time": 217.657,
                              "Actual Total Time": 217.657,
                              "Actual Rows": 306168,
                              "Actual Loops": 4,
                              "Hash Buckets": 2097152,
                              "Original Hash Buckets": 2097152,
                              "Hash Batches": 1,
                              "Original Hash Batches": 1,
                              "Peak Memory Usage": 64352,
                              "Plans": [
                                {
                                  "Node Type": "Seq Scan",
                                  "Parent Relationship": "Outer",
                                  "Parallel Aware": true,
                                  "Relation Name": "title",
                                  "Alias": "t",
                                  "Startup Cost": 0.0,
                                  "Total Cost": 45479.59,
                                  "Plan Rows": 284550,
                                  "Plan Width": 4,
                                  "Actual Startup Time": 0.025,
                                  "Actual Total Time": 108.526,
                                  "Actual Rows": 306168,
                                  "Actual Loops": 4,
                                  "Filter": "((production_year > 1985) AND (kind_id = 7))",
                                  "Rows Removed by Filter": 325910
                                }
                              ]
                            }
                          ]
                        }
                      ]
                    }
                  ]
                }
              ]
            }
          ]
        }
      ]
    },
    "Planning Time": 0.415,
    "Triggers": [],
    "Execution Time": 592.347
  }
]