{
  "Plan": {
    "Node Type": "Aggregate",
    "Strategy": "Plain",
    "Partial Mode": "Finalize",
    "Parallel Aware": false,
    "Startup Cost": 210196.36,
    "Total Cost": 210196.37,
    "Plan Rows": 1,
    "Plan Width": 8,
    "Actual Startup Time": 774.439,
    "Actual Total Time": 800.618,
    "Actual Rows": 1,
    "Actual Loops": 1,
    "Plans": [
      {
        "Node Type": "Gather",
        "Parent Relationship": "Outer",
        "Parallel Aware": false,
        "Startup Cost": 210196.25,
        "Total Cost": 210196.36,
        "Plan Rows": 1,
        "Plan Width": 8,
        "Actual Startup Time": 774.225,
        "Actual Total Time": 800.61,
        "Actual Rows": 2,
        "Actual Loops": 1,
        "Workers Planned": 1,
        "Workers Launched": 1,
        "Single Copy": false,
        "Plans": [
          {
            "Node Type": "Aggregate",
            "Strategy": "Plain",
            "Partial Mode": "Partial",
            "Parent Relationship": "Outer",
            "Parallel Aware": false,
            "Startup Cost": 209196.25,
            "Total Cost": 209196.26,
            "Plan Rows": 1,
            "Plan Width": 8,
            "Actual Startup Time": 771.028,
            "Actual Total Time": 771.032,
            "Actual Rows": 1,
            "Actual Loops": 2,
            "Plans": [
              {
                "Node Type": "Hash Join",
                "Parent Relationship": "Outer",
                "Parallel Aware": true,
                "Join Type": "Inner",
                "Startup Cost": 58352.61,
                "Total Cost": 209179.37,
                "Plan Rows": 6752,
                "Plan Width": 0,
                "Actual Startup Time": 151.422,
                "Actual Total Time": 770.886,
                "Actual Rows": 1598,
                "Actual Loops": 2,
                "Inner Unique": true,
                "Hash Cond": "(ci.movie_id = t.id)",
                "Plans": [
                  {
                    "Node Type": "Index Scan",
                    "Parent Relationship": "Outer",
                    "Parallel Aware": true,
                    "Scan Direction": "Forward",
                    "Index Name": "role_id_cast_info",
                    "Relation Name": "cast_info",
                    "Alias": "ci",
                    "Startup Cost": 0.56,
                    "Total Cost": 143597.96,
                    "Plan Rows": 2754039,
                    "Plan Width": 4,
                    "Actual Startup Time": 0.073,
                    "Actual Total Time": 369.216,
                    "Actual Rows": 2319568,
                    "Actual Loops": 2,
                    "Index Cond": "(role_id > 9)",
                    "Rows Removed by Index Recheck": 0
                  },
                  {
                    "Node Type": "Hash",
                    "Parent Relationship": "Inner",
                    "Parallel Aware": true,
                    "Startup Cost": 58306.47,
                    "Total Cost": 58306.47,
                    "Plan Rows": 3646,
                    "Plan Width": 4,
                    "Actual Startup Time": 146.852,
                    "Actual Total Time": 146.853,
                    "Actual Rows": 3280,
                    "Actual Loops": 2,
                    "Hash Buckets": 8192,
                    "Original Hash Buckets": 8192,
                    "Hash Batches": 1,
                    "Original Hash Batches": 1,
                    "Peak Memory Usage": 352,
                    "Plans": [
                      {
                        "Node Type": "Seq Scan",
                        "Parent Relationship": "Outer",
                        "Parallel Aware": true,
                        "Relation Name": "title",
                        "Alias": "t",
                        "Startup Cost": 0.0,
                        "Total Cost": 58306.47,
                        "Plan Rows": 3646,
                        "Plan Width": 4,
                        "Actual Startup Time": 0.388,
                        "Actual Total Time": 145.452,
                        "Actual Rows": 3280,
                        "Actual Loops": 2,
                        "Filter": "((kind_id = 7) AND (production_year = 1963))",
                        "Rows Removed by Filter": 1260876
                      }
                    ]
                  }
                ]
              }
            ]
          }
        ]
      }
    ]
  },
  "Planning Time": 0.298,
  "Triggers": [],
  "Execution Time": 800.674
}