[
  {
    "Plan": {
      "Node Type": "Aggregate",
      "Strategy": "Plain",
      "Partial Mode": "Finalize",
      "Parallel Aware": false,
      "Startup Cost": 190679.08,
      "Total Cost": 190679.09,
      "Plan Rows": 1,
      "Plan Width": 8,
      "Actual Startup Time": 123.777,
      "Actual Total Time": 141.925,
      "Actual Rows": 1,
      "Actual Loops": 1,
      "Plans": [
        {
          "Node Type": "Gather",
          "Parent Relationship": "Outer",
          "Parallel Aware": false,
          "Startup Cost": 190678.66,
          "Total Cost": 190679.07,
          "Plan Rows": 4,
          "Plan Width": 8,
          "Actual Startup Time": 123.645,
          "Actual Total Time": 141.917,
          "Actual Rows": 5,
          "Actual Loops": 1,
          "Workers Planned": 4,
          "Workers Launched": 4,
          "Single Copy": false,
          "Plans": [
            {
              "Node Type": "Aggregate",
              "Strategy": "Plain",
              "Partial Mode": "Partial",
              "Parent Relationship": "Outer",
              "Parallel Aware": false,
              "Startup Cost": 189678.66,
              "Total Cost": 189678.67,
              "Plan Rows": 1,
              "Plan Width": 8,
              "Actual Startup Time": 117.001,
              "Actual Total Time": 117.002,
              "Actual Rows": 1,
              "Actual Loops": 5,
              "Plans": [
                {
                  "Node Type": "Nested Loop",
                  "Parent Relationship": "Outer",
                  "Parallel Aware": false,
                  "Join Type": "Inner",
                  "Startup Cost": 0.43,
                  "Total Cost": 189669.55,
                  "Plan Rows": 3645,
                  "Plan Width": 0,
                  "Actual Startup Time": 53.316,
                  "Actual Total Time": 116.753,
                  "Actual Rows": 2244,
                  "Actual Loops": 5,
                  "Inner Unique": false,
                  "Plans": [
                    {
                      "Node Type": "Seq Scan",
                      "Parent Relationship": "Outer",
                      "Parallel Aware": true,
                      "Relation Name": "title",
                      "Alias": "t",
                      "Startup Cost": 0.0,
                      "Total Cost": 43899.32,
                      "Plan Rows": 1496,
                      "Plan Width": 4,
                      "Actual Startup Time": 52.538,
                      "Actual Total Time": 76.125,
                      "Actual Rows": 1534,
                      "Actual Loops": 5,
                      "Filter": "(production_year = 1915)",
                      "Rows Removed by Filter": 504128
                    },
                    {
                      "Node Type": "Index Scan",
                      "Parent Relationship": "Inner",
                      "Parallel Aware": false,
                      "Scan Direction": "Forward",
                      "Index Name": "movie_id_movie_info",
                      "Relation Name": "movie_info",
                      "Alias": "mi",
                      "Startup Cost": 0.43,
                      "Total Cost": 97.27,
                      "Plan Rows": 17,
                      "Plan Width": 4,
                      "Actual Startup Time": 0.017,
                      "Actual Total Time": 0.026,
                      "Actual Rows": 1,
                      "Actual Loops": 7670,
                      "Index Cond": "(movie_id = t.id)",
                      "Rows Removed by Index Recheck": 0,
                      "Filter": "(info_type_id > 8)",
                      "Rows Removed by Filter": 10
                    }
                  ]
                }
              ]
            }
          ]
        }
      ]
    },
    "Planning Time": 0.24,
    "Triggers": [],
    "Execution Time": 141.968
  }
]