[
  {
    "Plan": {
      "Node Type": "Aggregate",
      "Strategy": "Plain",
      "Partial Mode": "Finalize",
      "Parallel Aware": false,
      "Startup Cost": 596058.41,
      "Total Cost": 596058.42,
      "Plan Rows": 1,
      "Plan Width": 8,
      "Actual Startup Time": 1703.282,
      "Actual Total Time": 1796.214,
      "Actual Rows": 1,
      "Actual Loops": 1,
      "Plans": [
        {
          "Node Type": "Gather",
          "Parent Relationship": "Outer",
          "Parallel Aware": false,
          "Startup Cost": 596057.78,
          "Total Cost": 596058.39,
          "Plan Rows": 6,
          "Plan Width": 8,
          "Actual Startup Time": 1693.891,
          "Actual Total Time": 1796.201,
          "Actual Rows": 7,
          "Actual Loops": 1,
          "Workers Planned": 6,
          "Workers Launched": 6,
          "Single Copy": false,
          "Plans": [
            {
              "Node Type": "Aggregate",
              "Strategy": "Plain",
              "Partial Mode": "Partial",
              "Parent Relationship": "Outer",
              "Parallel Aware": false,
              "Startup Cost": 595057.78,
              "Total Cost": 595057.79,
              "Plan Rows": 1,
              "Plan Width": 8,
              "Actual Startup Time": 1682.545,
              "Actual Total Time": 1682.623,
              "Actual Rows": 1,
              "Actual Loops": 7,
              "Plans": [
                {
                  "Node Type": "Hash Join",
                  "Parent Relationship": "Outer",
                  "Parallel Aware": true,
                  "Join Type": "Inner",
                  "Startup Cost": 250804.42,
                  "Total Cost": 592269.86,
                  "Plan Rows": 1115168,
                  "Plan Width": 0,
                  "Actual Startup Time": 574.68,
                  "Actual Total Time": 1658.571,
                  "Actual Rows": 502870,
                  "Actual Loops": 7,
                  "Inner Unique": false,
                  "Hash Cond": "(ci.movie_id = t.id)",
                  "Plans": [
                    {
                      "Node Type": "Seq Scan",
                      "Parent Relationship": "Outer",
                      "Parallel Aware": true,
                      "Relation Name": "cast_info",
                      "Alias": "ci",
                      "Startup Cost": 0.0,
                      "Total Cost": 328162.03,
                      "Plan Rows": 2952821,
                      "Plan Width": 4,
                      "Actual Startup Time": 0.023,
                      "Actual Total Time": 600.977,
                      "Actual Rows": 2537708,
                      "Actual Loops": 7,
                      "Filter": "(person_id < 1759377)",
                      "Rows Removed by Filter": 2640056
                    },
                    {
                      "Node Type": "Hash",
                      "Parent Relationship": "Inner",
                      "Parallel Aware": true,
                      "Startup Cost": 248417.32,
                      "Total Cost": 248417.32,
                      "Plan Rows": 190968,
                      "Plan Width": 8,
                      "Actual Startup Time": 571.265,
                      "Actual Total Time": 571.342,
                      "Actual Rows": 62139,
                      "Actual Loops": 7,
                      "Hash Buckets": 1048576,
                      "Original Hash Buckets": 1048576,
                      "Hash Batches": 1,
                      "Original Hash Batches": 1,
                      "Peak Memory Usage": 25376,
                      "Plans": [
                        {
                          "Node Type": "Hash Join",
                          "Parent Relationship": "Outer",
                          "Parallel Aware": true,
                          "Join Type": "Inner",
                          "Startup Cost": 47579.39,
                          "Total Cost": 248417.32,
                          "Plan Rows": 190968,
                          "Plan Width": 8,
                          "Actual Startup Time": 169.709,
                          "Actual Total Time": 541.005,
                          "Actual Rows": 62139,
                          "Actual Loops": 7,
                          "Inner Unique": true,
                          "Hash Cond": "(mi.movie_id = t.id)",
                          "Plans": [
                            {
                              "Node Type": "Seq Scan",
                              "Parent Relationship": "Outer",
                              "Parallel Aware": true,
                              "Relation Name": "movie_info",
                              "Alias": "mi",
                              "Startup Cost": 0.0,
                              "Total Cost": 198952.16,
                              "Plan Rows": 718388,
                              "Plan Width": 4,
                              "Actual Startup Time": 27.071,
                              "Actual Total Time": 283.029,
                              "Actual Rows": 517854,
                              "Actual Loops": 7,
                              "Filter": "(info_type_id < 4)",
                              "Rows Removed by Filter": 1601535
                            },
                            {
                              "Node Type": "Hash",
                              "Parent Relationship": "Inner",
                              "Parallel Aware": true,
                              "Startup Cost": 45479.1,
                              "Total Cost": 45479.1,
                              "Plan Rows": 168023,
                              "Plan Width": 4,
                              "Actual Startup Time": 140.867,
                              "Actual Total Time": 140.868,
                              "Actual Rows": 100618,
                              "Actual Loops": 7,
                              "Hash Buckets": 1048576,
                              "Original Hash Buckets": 1048576,
                              "Hash Batches": 1,
                              "Original Hash Batches": 1,
                              "Peak Memory Usage": 35872,
                              "Plans": [
                                {
                                  "Node Type": "Seq Scan",
                                  "Parent Relationship": "Outer",
                                  "Parallel Aware": true,
                                  "Relation Name": "title",
                                  "Alias": "t",
                                  "Startup Cost": 0.0,
                                  "Total Cost": 45479.1,
                                  "Plan Rows": 168023,
                                  "Plan Width": 4,
                                  "Actual Startup Time": 0.044,
                                  "Actual Total Time": 81.413,
                                  "Actual Rows": 100618,
                                  "Actual Loops": 7,
                                  "Filter": "((kind_id > 1) AND (production_year > 2006))",
                                  "Rows Removed by Filter": 260569
                                }
                              ]
                            }
                          ]
                        }
                      ]
                    }
                  ]
                }
              ]
            }
          ]
        }
      ]
    },
    "Planning Time": 1.368,
    "Triggers": [],
    "Execution Time": 1796.322
  }
]