[
  {
    "Plan": {
      "Node Type": "Aggregate",
      "Strategy": "Plain",
      "Partial Mode": "Simple",
      "Parallel Aware": false,
      "Startup Cost": 72613.89,
      "Total Cost": 72613.9,
      "Plan Rows": 1,
      "Plan Width": 64,
      "Actual Startup Time": 189.326,
      "Actual Total Time": 208.231,
      "Actual Rows": 1,
      "Actual Loops": 1,
      "Plans": [
        {
          "Node Type": "Nested Loop",
          "Parent Relationship": "Outer",
          "Parallel Aware": false,
          "Join Type": "Inner",
          "Startup Cost": 1004.44,
          "Total Cost": 72613.88,
          "Plan Rows": 1,
          "Plan Width": 32,
          "Actual Startup Time": 130.345,
          "Actual Total Time": 208.134,
          "Actual Rows": 305,
          "Actual Loops": 1,
          "Inner Unique": true,
          "Join Filter": "(mi.movie_id = t.id)",
          "Rows Removed by Join Filter": 0,
          "Plans": [
            {
              "Node Type": "Nested Loop",
              "Parent Relationship": "Outer",
              "Parallel Aware": false,
              "Join Type": "Inner",
              "Startup Cost": 1004.01,
              "Total Cost": 72613.34,
              "Plan Rows": 1,
              "Plan Width": 27,
              "Actual Startup Time": 130.303,
              "Actual Total Time": 206.923,
              "Actual Rows": 307,
              "Actual Loops": 1,
              "Inner Unique": true,
              "Plans": [
                {
                  "Node Type": "Nested Loop",
                  "Parent Relationship": "Outer",
                  "Parallel Aware": false,
                  "Join Type": "Inner",
                  "Startup Cost": 1003.87,
                  "Total Cost": 72613.16,
                  "Plan Rows": 1,
                  "Plan Width": 31,
                  "Actual Startup Time": 130.282,
                  "Actual Total Time": 206.577,
                  "Actual Rows": 307,
                  "Actual Loops": 1,
                  "Inner Unique": false,
                  "Join Filter": "(mc.movie_id = mi.movie_id)",
                  "Rows Removed by Join Filter": 0,
                  "Plans": [
                    {
                      "Node Type": "Nested Loop",
                      "Parent Relationship": "Outer",
                      "Parallel Aware": false,
                      "Join Type": "Inner",
                      "Startup Cost": 1003.43,
                      "Total Cost": 72611.42,
                      "Plan Rows": 1,
                      "Plan Width": 23,
                      "Actual Startup Time": 111.917,
                      "Actual Total Time": 197.243,
                      "Actual Rows": 161,
                      "Actual Loops": 1,
                      "Inner Unique": true,
                      "Plans": [
                        {
                          "Node Type": "Gather",
                          "Parent Relationship": "Outer",
                          "Parallel Aware": false,
                          "Startup Cost": 1003.0,
                          "Total Cost": 72610.89,
                          "Plan Rows": 1,
                          "Plan Width": 27,
                          "Actual Startup Time": 111.831,
                          "Actual Total Time": 196.037,
                          "Actual Rows": 167,
                          "Actual Loops": 1,
                          "Workers Planned": 4,
                          "Workers Launched": 4,
                          "Single Copy": false,
                          "Plans": [
                            {
                              "Node Type": "Nested Loop",
                              "Parent Relationship": "Outer",
                              "Parallel Aware": false,
                              "Join Type": "Inner",
                              "Startup Cost": 3.0,
                              "Total Cost": 71610.79,
                              "Plan Rows": 1,
                              "Plan Width": 27,
                              "Actual Startup Time": 112.12,
                              "Actual Total Time": 176.257,
                              "Actual Rows": 33,
                              "Actual Loops": 5,
                              "Inner Unique": true,
                              "Plans": [
                                {
                                  "Node Type": "Nested Loop",
                                  "Parent Relationship": "Outer",
                                  "Parallel Aware": false,
                                  "Join Type": "Inner",
                                  "Startup Cost": 2.58,
                                  "Total Cost": 71610.3,
                                  "Plan Rows": 1,
                                  "Plan Width": 31,
                                  "Actual Startup Time": 112.044,
                                  "Actual Total Time": 175.936,
                                  "Actual Rows": 34,
                                  "Actual Loops": 5,
                                  "Inner Unique": false,
                                  "Plans": [
                                    {
                                      "Node Type": "Hash Join",
                                      "Parent Relationship": "Outer",
                                      "Parallel Aware": false,
                                      "Join Type": "Inner",
                                      "Startup Cost": 2.15,
                                      "Total Cost": 71608.5,
                                      "Plan Rows": 3,
                                      "Plan Width": 23,
                                      "Actual Startup Time": 111.957,
                                      "Actual Total Time": 175.153,
                                      "Actual Rows": 32,
                                      "Actual Loops": 5,
                                      "Inner Unique": true,
                                      "Hash Cond": "(ci.role_id = rt.id)",
                                      "Plans": [
                                        {
                                          "Node Type": "Nested Loop",
                                          "Parent Relationship": "Outer",
                                          "Parallel Aware": false,
                                          "Join Type": "Inner",
                                          "Startup Cost": 0.99,
                                          "Total Cost": 71607.21,
                                          "Plan Rows": 33,
                                          "Plan Width": 27,
                                          "Actual Startup Time": 111.751,
                                          "Actual Total Time": 174.931,
                                          "Actual Rows": 33,
                                          "Actual Loops": 5,
                                          "Inner Unique": false,
                                          "Join Filter": "(n.id = ci.person_id)",
                                          "Rows Removed by Join Filter": 0,
                                          "Plans": [
                                            {
                                              "Node Type": "Nested Loop",
                                              "Parent Relationship": "Outer",
                                              "Parallel Aware": false,
                                              "Join Type": "Inner",
                                              "Startup Cost": 0.42,
                                              "Total Cost": 71538.77,
                                              "Plan Rows": 5,
                                              "Plan Width": 23,
                                              "Actual Startup Time": 104.076,
                                              "Actual Total Time": 174.034,
                                              "Actual Rows": 29,
                                              "Actual Loops": 5,
                                              "Inner Unique": false,
                                              "Plans": [
                                                {
                                                  "Node Type": "Seq Scan",
                                                  "Parent Relationship": "Outer",
                                                  "Parallel Aware": true,
                                                  "Relation Name": "name",
                                                  "Alias": "n",
                                                  "Startup Cost": 0.0,
                                                  "Total Cost": 71241.41,
                                                  "Plan Rows": 24,
                                                  "Plan Width": 19,
                                                  "Actual Startup Time": 89.965,
                                                  "Actual Total Time": 173.419,
                                                  "Actual Rows": 152,
                                                  "Actual Loops": 5,
                                                  "Filter": "((name ~~ '%Wright,%'::text) AND ((gender)::text = 'f'::text))",
                                                  "Rows Removed by Filter": 833346
                                                },
                                                {
                                                  "Node Type": "Index Only Scan",
                                                  "Parent Relationship": "Inner",
                                                  "Parallel Aware": false,
                                                  "Scan Direction": "Forward",
                                                  "Index Name": "person_id_aka_name",
                                                  "Relation Name": "aka_name",
                                                  "Alias": "an",
                                                  "Startup Cost": 0.42,
                                                  "Total Cost": 12.37,
                                                  "Plan Rows": 2,
                                                  "Plan Width": 4,
                                                  "Actual Startup Time": 0.003,
                                                  "Actual Total Time": 0.004,
                                                  "Actual Rows": 0,
                                                  "Actual Loops": 762,
                                                  "Index Cond": "(person_id = n.id)",
                                                  "Rows Removed by Index Recheck": 0,
                                                  "Heap Fetches": 145
                                                }
                                              ]
                                            },
                                            {
                                              "Node Type": "Index Scan",
                                              "Parent Relationship": "Inner",
                                              "Parallel Aware": false,
                                              "Scan Direction": "Forward",
                                              "Index Name": "person_id_cast_info",
                                              "Relation Name": "cast_info",
                                              "Alias": "ci",
                                              "Startup Cost": 0.56,
                                              "Total Cost": 13.29,
                                              "Plan Rows": 32,
                                              "Plan Width": 16,
                                              "Actual Startup Time": 0.021,
                                              "Actual Total Time": 0.03,
                                              "Actual Rows": 1,
                                              "Actual Loops": 145,
                                              "Index Cond": "(person_id = an.person_id)",
                                              "Rows Removed by Index Recheck": 0,
                                              "Filter": "(note = ANY ('{(voice),\"(executive producer)\",(uncredited),\"(as Aimee)\"}'::text[]))",
                                              "Rows Removed by Filter": 68
                                            }
                                          ]
                                        },
                                        {
                                          "Node Type": "Hash",
                                          "Parent Relationship": "Inner",
                                          "Parallel Aware": false,
                                          "Startup Cost": 1.15,
                                          "Total Cost": 1.15,
                                          "Plan Rows": 1,
                                          "Plan Width": 4,
                                          "Actual Startup Time": 0.053,
                                          "Actual Total Time": 0.054,
                                          "Actual Rows": 1,
                                          "Actual Loops": 5,
                                          "Hash Buckets": 1024,
                                          "Original Hash Buckets": 1024,
                                          "Hash Batches": 1,
                                          "Original Hash Batches": 1,
                                          "Peak Memory Usage": 9,
                                          "Plans": [
                                            {
                                              "Node Type": "Seq Scan",
                                              "Parent Relationship": "Outer",
                                              "Parallel Aware": false,
                                              "Relation Name": "role_type",
                                              "Alias": "rt",
                                              "Startup Cost": 0.0,
                                              "Total Cost": 1.15,
                                              "Plan Rows": 1,
                                              "Plan Width": 4,
                                              "Actual Startup Time": 0.04,
                                              "Actual Total Time": 0.041,
                                              "Actual Rows": 1,
                                              "Actual Loops": 5,
                                              "Filter": "((role)::text = 'actress'::text)",
                                              "Rows Removed by Filter": 11
                                            }
                                          ]
                                        }
                                      ]
                                    },
                                    {
                                      "Node Type": "Index Scan",
                                      "Parent Relationship": "Inner",
                                      "Parallel Aware": false,
                                      "Scan Direction": "Forward",
                                      "Index Name": "movie_id_movie_companies",
                                      "Relation Name": "movie_companies",
                                      "Alias": "mc",
                                      "Startup Cost": 0.43,
                                      "Total Cost": 0.59,
                                      "Plan Rows": 1,
                                      "Plan Width": 8,
                                      "Actual Startup Time": 0.019,
                                      "Actual Total Time": 0.024,
                                      "Actual Rows": 1,
                                      "Actual Loops": 161,
                                      "Index Cond": "(movie_id = ci.movie_id)",
                                      "Rows Removed by Index Recheck": 0,
                                      "Filter": "((note IS NOT NULL) AND ((note ~~ '%(USA)%'::text) OR (note ~~ '%(worldwide)%'::text)))",
                                      "Rows Removed by Filter": 5
                                    }
                                  ]
                                },
                                {
                                  "Node Type": "Index Scan",
                                  "Parent Relationship": "Inner",
                                  "Parallel Aware": false,
                                  "Scan Direction": "Forward",
                                  "Index Name": "company_name_pkey",
                                  "Relation Name": "company_name",
                                  "Alias": "cn",
                                  "Startup Cost": 0.42,
                                  "Total Cost": 0.49,
                                  "Plan Rows": 1,
                                  "Plan Width": 4,
                                  "Actual Startup Time": 0.009,
                                  "Actual Total Time": 0.009,
                                  "Actual Rows": 1,
                                  "Actual Loops": 169,
                                  "Index Cond": "(id = mc.company_id)",
                                  "Rows Removed by Index Recheck": 0,
                                  "Filter": "((country_code)::text = '[us]'::text)",
                                  "Rows Removed by Filter": 0
                                }
                              ]
                            }
                          ]
                        },
                        {
                          "Node Type": "Index Only Scan",
                          "Parent Relationship": "Inner",
                          "Parallel Aware": false,
                          "Scan Direction": "Forward",
                          "Index Name": "char_name_pkey",
                          "Relation Name": "char_name",
                          "Alias": "chn",
                          "Startup Cost": 0.43,
                          "Total Cost": 0.53,
                          "Plan Rows": 1,
                          "Plan Width": 4,
                          "Actual Startup Time": 0.007,
                          "Actual Total Time": 0.007,
                          "Actual Rows": 1,
                          "Actual Loops": 167,
                          "Index Cond": "(id = ci.person_role_id)",
                          "Rows Removed by Index Recheck": 0,
                          "Heap Fetches": 161
                        }
                      ]
                    },
                    {
                      "Node Type": "Index Scan",
                      "Parent Relationship": "Inner",
                      "Parallel Aware": false,
                      "Scan Direction": "Forward",
                      "Index Name": "movie_id_movie_info",
                      "Relation Name": "movie_info",
                      "Alias": "mi",
                      "Startup Cost": 0.43,
                      "Total Cost": 1.73,
                      "Plan Rows": 1,
                      "Plan Width": 8,
                      "Actual Startup Time": 0.033,
                      "Actual Total Time": 0.057,
                      "Actual Rows": 2,
                      "Actual Loops": 161,
                      "Index Cond": "(movie_id = ci.movie_id)",
                      "Rows Removed by Index Recheck": 0,
                      "Filter": "((info IS NOT NULL) AND ((info ~~ 'Japan:%200%'::text) OR (info ~~ 'USA:%200%'::text)))",
                      "Rows Removed by Filter": 102
                    }
                  ]
                },
                {
                  "Node Type": "Index Scan",
                  "Parent Relationship": "Inner",
                  "Parallel Aware": false,
                  "Scan Direction": "Forward",
                  "Index Name": "info_type_pkey",
                  "Relation Name": "info_type",
                  "Alias": "it",
                  "Startup Cost": 0.14,
                  "Total Cost": 0.16,
                  "Plan Rows": 1,
                  "Plan Width": 4,
                  "Actual Startup Time": 0.001,
                  "Actual Total Time": 0.001,
                  "Actual Rows": 1,
                  "Actual Loops": 307,
                  "Index Cond": "(id = mi.info_type_id)",
                  "Rows Removed by Index Recheck": 0,
                  "Filter": "((info)::text = 'release dates'::text)",
                  "Rows Removed by Filter": 0
                }
              ]
            },
            {
              "Node Type": "Index Scan",
              "Parent Relationship": "Inner",
              "Parallel Aware": false,
              "Scan Direction": "Forward",
              "Index Name": "title_pkey",
              "Relation Name": "title",
              "Alias": "t",
              "Startup Cost": 0.43,
              "Total Cost": 0.53,
              "Plan Rows": 1,
              "Plan Width": 21,
              "Actual Startup Time": 0.004,
              "Actual Total Time": 0.004,
              "Actual Rows": 1,
              "Actual Loops": 307,
              "Index Cond": "(id = ci.movie_id)",
              "Rows Removed by Index Recheck": 0,
              "Filter": "((production_year >= 1994) AND (production_year <= 2012))",
              "Rows Removed by Filter": 0
            }
          ]
        }
      ]
    },
    "Planning Time": 39.057,
    "Triggers": [],
    "Execution Time": 208.526
  }
]