[
  {
    "Plan": {
      "Node Type": "Aggregate",
      "Strategy": "Plain",
      "Partial Mode": "Simple",
      "Parallel Aware": false,
      "Startup Cost": 4926.07,
      "Total Cost": 4926.08,
      "Plan Rows": 1,
      "Plan Width": 64,
      "Actual Startup Time": 108.557,
      "Actual Total Time": 108.564,
      "Actual Rows": 1,
      "Actual Loops": 1,
      "Output": [
        "min(mi_idx.info)",
        "min(t.title)"
      ],
      "Plans": [
        {
          "Node Type": "Nested Loop",
          "Parent Relationship": "Outer",
          "Parallel Aware": false,
          "Join Type": "Inner",
          "Startup Cost": 12.1,
          "Total Cost": 4926.07,
          "Plan Rows": 1,
          "Plan Width": 22,
          "Actual Startup Time": 7.203,
          "Actual Total Time": 108.547,
          "Actual Rows": 1,
          "Actual Loops": 1,
          "Output": [
            "mi_idx.info",
            "t.title"
          ],
          "Inner Unique": true,
          "Join Filter": "(t.kind_id = kt.id)",
          "Rows Removed by Join Filter": 0,
          "Plans": [
            {
              "Node Type": "Nested Loop",
              "Parent Relationship": "Outer",
              "Parallel Aware": false,
              "Join Type": "Inner",
              "Startup Cost": 12.1,
              "Total Cost": 4924.97,
              "Plan Rows": 1,
              "Plan Width": 26,
              "Actual Startup Time": 7.185,
              "Actual Total Time": 108.528,
              "Actual Rows": 1,
              "Actual Loops": 1,
              "Output": [
                "mi_idx.info",
                "t.title",
                "t.kind_id"
              ],
              "Inner Unique": false,
              "Join Filter": "(mi_idx.info_type_id = it2.id)",
              "Rows Removed by Join Filter": 0,
              "Plans": [
                {
                  "Node Type": "Seq Scan",
                  "Parent Relationship": "Outer",
                  "Parallel Aware": false,
                  "Relation Name": "info_type",
                  "Schema": "public",
                  "Alias": "it2",
                  "Startup Cost": 0.0,
                  "Total Cost": 2.41,
                  "Plan Rows": 1,
                  "Plan Width": 4,
                  "Actual Startup Time": 0.045,
                  "Actual Total Time": 0.048,
                  "Actual Rows": 1,
                  "Actual Loops": 1,
                  "Output": [
                    "it2.id",
                    "it2.info"
                  ],
                  "Filter": "((it2.info)::text = 'rating'::text)",
                  "Rows Removed by Filter": 112
                },
                {
                  "Node Type": "Nested Loop",
                  "Parent Relationship": "Inner",
                  "Parallel Aware": false,
                  "Join Type": "Inner",
                  "Startup Cost": 12.1,
                  "Total Cost": 4921.3,
                  "Plan Rows": 100,
                  "Plan Width": 30,
                  "Actual Startup Time": 7.135,
                  "Actual Total Time": 108.473,
                  "Actual Rows": 1,
                  "Actual Loops": 1,
                  "Output": [
                    "mi_idx.info",
                    "mi_idx.info_type_id",
                    "t.title",
                    "t.kind_id"
                  ],
                  "Inner Unique": false,
                  "Join Filter": "(t.id = mi_idx.movie_id)",
                  "Rows Removed by Join Filter": 0,
                  "Plans": [
                    {
                      "Node Type": "Nested Loop",
                      "Parent Relationship": "Outer",
                      "Parallel Aware": false,
                      "Join Type": "Inner",
                      "Startup Cost": 11.67,
                      "Total Cost": 4920.79,
                      "Plan Rows": 1,
                      "Plan Width": 33,
                      "Actual Startup Time": 6.963,
                      "Actual Total Time": 108.297,
                      "Actual Rows": 1,
                      "Actual Loops": 1,
                      "Output": [
                        "mi.movie_id",
                        "mk.movie_id",
                        "t.title",
                        "t.kind_id",
                        "t.id"
                      ],
                      "Inner Unique": true,
                      "Join Filter": "(mi.info_type_id = it1.id)",
                      "Rows Removed by Join Filter": 0,
                      "Plans": [
                        {
                          "Node Type": "Nested Loop",
                          "Parent Relationship": "Outer",
                          "Parallel Aware": false,
                          "Join Type": "Inner",
                          "Startup Cost": 11.67,
                          "Total Cost": 4918.37,
                          "Plan Rows": 1,
                          "Plan Width": 37,
                          "Actual Startup Time": 6.937,
                          "Actual Total Time": 108.27,
                          "Actual Rows": 1,
                          "Actual Loops": 1,
                          "Output": [
                            "mk.movie_id",
                            "mi.movie_id",
                            "mi.info_type_id",
                            "t.title",
                            "t.kind_id",
                            "t.id"
                          ],
                          "Inner Unique": false,
                          "Join Filter": "(t.id = mi.movie_id)",
                          "Rows Removed by Join Filter": 0,
                          "Plans": [
                            {
                              "Node Type": "Nested Loop",
                              "Parent Relationship": "Outer",
                              "Parallel Aware": false,
                              "Join Type": "Inner",
                              "Startup Cost": 11.23,
                              "Total Cost": 4916.45,
                              "Plan Rows": 1,
                              "Plan Width": 29,
                              "Actual Startup Time": 6.032,
                              "Actual Total Time": 107.457,
                              "Actual Rows": 3,
                              "Actual Loops": 1,
                              "Output": [
                                "mk.movie_id",
                                "t.title",
                                "t.kind_id",
                                "t.id"
                              ],
                              "Inner Unique": true,
                              "Plans": [
                                {
                                  "Node Type": "Nested Loop",
                                  "Parent Relationship": "Outer",
                                  "Parallel Aware": false,
                                  "Join Type": "Inner",
                                  "Startup Cost": 10.8,
                                  "Total Cost": 4883.14,
                                  "Plan Rows": 67,
                                  "Plan Width": 4,
                                  "Actual Startup Time": 5.34,
                                  "Actual Total Time": 52.445,
                                  "Actual Rows": 1442,
                                  "Actual Loops": 1,
                                  "Output": [
                                    "mk.movie_id"
                                  ],
                                  "Inner Unique": false,
                                  "Plans": [
                                    {
                                      "Node Type": "Seq Scan",
                                      "Parent Relationship": "Outer",
                                      "Parallel Aware": false,
                                      "Relation Name": "keyword",
                                      "Schema": "public",
                                      "Alias": "k",
                                      "Startup Cost": 0.0,
                                      "Total Cost": 2626.12,
                                      "Plan Rows": 2,
                                      "Plan Width": 4,
                                      "Actual Startup Time": 2.907,
                                      "Actual Total Time": 24.156,
                                      "Actual Rows": 1,
                                      "Actual Loops": 1,
                                      "Output": [
                                        "k.id",
                                        "k.keyword",
                                        "k.phonetic_code"
                                      ],
                                      "Filter": "(k.keyword = ANY ('{murder-in-title,narration}'::text[]))",
                                      "Rows Removed by Filter": 134169
                                    },
                                    {
                                      "Node Type": "Bitmap Heap Scan",
                                      "Parent Relationship": "Inner",
                                      "Parallel Aware": false,
                                      "Relation Name": "movie_keyword",
                                      "Schema": "public",
                                      "Alias": "mk",
                                      "Startup Cost": 10.8,
                                      "Total Cost": 1125.45,
                                      "Plan Rows": 306,
                                      "Plan Width": 8,
                                      "Actual Startup Time": 2.419,
                                      "Actual Total Time": 27.608,
                                      "Actual Rows": 1442,
                                      "Actual Loops": 1,
                                      "Output": [
                                        "mk.id",
                                        "mk.movie_id",
                                        "mk.keyword_id"
                                      ],
                                      "Recheck Cond": "(mk.keyword_id = k.id)",
                                      "Rows Removed by Index Recheck": 0,
                                      "Exact Heap Blocks": 1137,
                                      "Lossy Heap Blocks": 0,
                                      "Plans": [
                                        {
                                          "Node Type": "Bitmap Index Scan",
                                          "Parent Relationship": "Outer",
                                          "Parallel Aware": false,
                                          "Index Name": "keyword_id_movie_keyword",
                                          "Startup Cost": 0.0,
                                          "Total Cost": 10.73,
                                          "Plan Rows": 306,
                                          "Plan Width": 0,
                                          "Actual Startup Time": 1.899,
                                          "Actual Total Time": 1.899,
                                          "Actual Rows": 1442,
                                          "Actual Loops": 1,
                                          "Index Cond": "(mk.keyword_id = k.id)"
                                        }
                                      ]
                                    }
                                  ]
                                },
                                {
                                  "Node Type": "Index Scan",
                                  "Parent Relationship": "Inner",
                                  "Parallel Aware": false,
                                  "Scan Direction": "Forward",
                                  "Index Name": "title_pkey",
                                  "Relation Name": "title",
                                  "Schema": "public",
                                  "Alias": "t",
                                  "Startup Cost": 0.43,
                                  "Total Cost": 0.5,
                                  "Plan Rows": 1,
                                  "Plan Width": 25,
                                  "Actual Startup Time": 0.037,
                                  "Actual Total Time": 0.037,
                                  "Actual Rows": 0,
                                  "Actual Loops": 1442,
                                  "Output": [
                                    "t.id",
                                    "t.title",
                                    "t.imdb_index",
                                    "t.kind_id",
                                    "t.production_year",
                                    "t.imdb_id",
                                    "t.phonetic_code",
                                    "t.episode_of_id",
                                    "t.season_nr",
                                    "t.episode_nr",
                                    "t.series_years",
                                    "t.md5sum"
                                  ],
                                  "Index Cond": "(t.id = mk.movie_id)",
                                  "Rows Removed by Index Recheck": 0,
                                  "Filter": "((t.production_year > 2000) AND ((t.title ~~ '%murder%'::text) OR (t.title ~~ '%Murder%'::text) OR (t.title ~~ '%Mord%'::text)))",
                                  "Rows Removed by Filter": 1
                                }
                              ]
                            },
                            {
                              "Node Type": "Index Scan",
                              "Parent Relationship": "Inner",
                              "Parallel Aware": false,
                              "Scan Direction": "Forward",
                              "Index Name": "movie_id_movie_info",
                              "Relation Name": "movie_info",
                              "Schema": "public",
                              "Alias": "mi",
                              "Startup Cost": 0.43,
                              "Total Cost": 1.89,
                              "Plan Rows": 2,
                              "Plan Width": 8,
                              "Actual Startup Time": 0.257,
                              "Actual Total Time": 0.266,
                              "Actual Rows": 0,
                              "Actual Loops": 3,
                              "Output": [
                                "mi.id",
                                "mi.movie_id",
                                "mi.info_type_id",
                                "mi.info",
                                "mi.note"
                              ],
                              "Index Cond": "(mi.movie_id = mk.movie_id)",
                              "Rows Removed by Index Recheck": 0,
                              "Filter": "(mi.info = ANY ('{America,German,Sweden,Swedish,Norway,American,Denmark,Norwegian,Danish,USA}'::text[]))",
                              "Rows Removed by Filter": 10
                            }
                          ]
                        },
                        {
                          "Node Type": "Seq Scan",
                          "Parent Relationship": "Inner",
                          "Parallel Aware": false,
                          "Relation Name": "info_type",
                          "Schema": "public",
                          "Alias": "it1",
                          "Startup Cost": 0.0,
                          "Total Cost": 2.41,
                          "Plan Rows": 1,
                          "Plan Width": 4,
                          "Actual Startup Time": 0.022,
                          "Actual Total Time": 0.022,
                          "Actual Rows": 1,
                          "Actual Loops": 1,
                          "Output": [
                            "it1.id",
                            "it1.info"
                          ],
                          "Filter": "((it1.info)::text = 'countries'::text)",
                          "Rows Removed by Filter": 7
                        }
                      ]
                    },
                    {
                      "Node Type": "Index Scan",
                      "Parent Relationship": "Inner",
                      "Parallel Aware": false,
                      "Scan Direction": "Forward",
                      "Index Name": "movie_id_movie_info_idx",
                      "Relation Name": "movie_info_idx",
                      "Schema": "public",
                      "Alias": "mi_idx",
                      "Startup Cost": 0.43,
                      "Total Cost": 0.5,
                      "Plan Rows": 1,
                      "Plan Width": 13,
                      "Actual Startup Time": 0.168,
                      "Actual Total Time": 0.17,
                      "Actual Rows": 1,
                      "Actual Loops": 1,
                      "Output": [
                        "mi_idx.id",
                        "mi_idx.movie_id",
                        "mi_idx.info_type_id",
                        "mi_idx.info",
                        "mi_idx.note"
                      ],
                      "Index Cond": "(mi_idx.movie_id = mk.movie_id)",
                      "Rows Removed by Index Recheck": 0,
                      "Filter": "(mi_idx.info > '7.0'::text)",
                      "Rows Removed by Filter": 2
                    }
                  ]
                }
              ]
            },
            {
              "Node Type": "Seq Scan",
              "Parent Relationship": "Inner",
              "Parallel Aware": false,
              "Relation Name": "kind_type",
              "Schema": "public",
              "Alias": "kt",
              "Startup Cost": 0.0,
              "Total Cost": 1.09,
              "Plan Rows": 1,
              "Plan Width": 4,
              "Actual Startup Time": 0.015,
              "Actual Total Time": 0.015,
              "Actual Rows": 1,
              "Actual Loops": 1,
              "Output": [
                "kt.id",
                "kt.kind"
              ],
              "Filter": "((kt.kind)::text = 'episode'::text)",
              "Rows Removed by Filter": 6
            }
          ]
        }
      ]
    },
    "Planning Time": 99738.126,
    "Triggers": [],
    "Execution Time": 109.0
  }
]