[
  {
    "Plan": {
      "Node Type": "Aggregate",
      "Strategy": "Plain",
      "Partial Mode": "Finalize",
      "Parallel Aware": false,
      "Startup Cost": 26904.78,
      "Total Cost": 26904.79,
      "Plan Rows": 1,
      "Plan Width": 8,
      "Actual Startup Time": 91.429,
      "Actual Total Time": 98.085,
      "Actual Rows": 1,
      "Actual Loops": 1,
      "Plans": [
        {
          "Node Type": "Gather",
          "Parent Relationship": "Outer",
          "Parallel Aware": false,
          "Startup Cost": 26904.46,
          "Total Cost": 26904.77,
          "Plan Rows": 3,
          "Plan Width": 8,
          "Actual Startup Time": 91.139,
          "Actual Total Time": 98.076,
          "Actual Rows": 4,
          "Actual Loops": 1,
          "Workers Planned": 3,
          "Workers Launched": 3,
          "Single Copy": false,
          "Plans": [
            {
              "Node Type": "Aggregate",
              "Strategy": "Plain",
              "Partial Mode": "Partial",
              "Parent Relationship": "Outer",
              "Parallel Aware": false,
              "Startup Cost": 25904.46,
              "Total Cost": 25904.47,
              "Plan Rows": 1,
              "Plan Width": 8,
              "Actual Startup Time": 82.703,
              "Actual Total Time": 82.704,
              "Actual Rows": 1,
              "Actual Loops": 4,
              "Plans": [
                {
                  "Node Type": "Bitmap Heap Scan",
                  "Parent Relationship": "Outer",
                  "Parallel Aware": true,
                  "Relation Name": "movie_companies",
                  "Alias": "mc",
                  "Startup Cost": 5816.05,
                  "Total Cost": 25688.06,
                  "Plan Rows": 86561,
                  "Plan Width": 0,
                  "Actual Startup Time": 26.857,
                  "Actual Total Time": 76.664,
                  "Actual Rows": 66582,
                  "Actual Loops": 4,
                  "Recheck Cond": "(company_id < 139)",
                  "Rows Removed by Index Recheck": 0,
                  "Exact Heap Blocks": 7517,
                  "Lossy Heap Blocks": 0,
                  "Plans": [
                    {
                      "Node Type": "Bitmap Index Scan",
                      "Parent Relationship": "Outer",
                      "Parallel Aware": false,
                      "Index Name": "company_id_movie_companies",
                      "Startup Cost": 0.0,
                      "Total Cost": 5748.97,
                      "Plan Rows": 268338,
                      "Plan Width": 0,
                      "Actual Startup Time": 30.282,
                      "Actual Total Time": 30.282,
                      "Actual Rows": 266330,
                      "Actual Loops": 1,
                      "Index Cond": "(company_id < 139)"
                    }
                  ]
                }
              ]
            }
          ]
        }
      ]
    },
    "Planning Time": 0.222,
    "Triggers": [],
    "Execution Time": 98.161
  }
]