{
  "Plan": {
    "Node Type": "Aggregate",
    "Strategy": "Plain",
    "Partial Mode": "Finalize",
    "Parallel Aware": false,
    "Startup Cost": 301636.45,
    "Total Cost": 301636.46,
    "Plan Rows": 1,
    "Plan Width": 8,
    "Actual Startup Time": 1628.424,
    "Actual Total Time": 1652.725,
    "Actual Rows": 1,
    "Actual Loops": 1,
    "Plans": [
      {
        "Node Type": "Gather",
        "Parent Relationship": "Outer",
        "Parallel Aware": false,
        "Startup Cost": 301636.33,
        "Total Cost": 301636.44,
        "Plan Rows": 1,
        "Plan Width": 8,
        "Actual Startup Time": 1625.195,
        "Actual Total Time": 1652.719,
        "Actual Rows": 2,
        "Actual Loops": 1,
        "Workers Planned": 1,
        "Workers Launched": 1,
        "Single Copy": false,
        "Plans": [
          {
            "Node Type": "Aggregate",
            "Strategy": "Plain",
            "Partial Mode": "Partial",
            "Parent Relationship": "Outer",
            "Parallel Aware": false,
            "Startup Cost": 300636.33,
            "Total Cost": 300636.34,
            "Plan Rows": 1,
            "Plan Width": 8,
            "Actual Startup Time": 1616.673,
            "Actual Total Time": 1616.678,
            "Actual Rows": 1,
            "Actual Loops": 2,
            "Plans": [
              {
                "Node Type": "Nested Loop",
                "Parent Relationship": "Outer",
                "Parallel Aware": false,
                "Join Type": "Inner",
                "Startup Cost": 83040.31,
                "Total Cost": 300260.11,
                "Plan Rows": 150489,
                "Plan Width": 0,
                "Actual Startup Time": 437.338,
                "Actual Total Time": 1550.999,
                "Actual Rows": 1443897,
                "Actual Loops": 2,
                "Inner Unique": false,
                "Plans": [
                  {
                    "Node Type": "Hash Join",
                    "Parent Relationship": "Outer",
                    "Parallel Aware": true,
                    "Join Type": "Inner",
                    "Startup Cost": 83039.88,
                    "Total Cost": 114278.39,
                    "Plan Rows": 296234,
                    "Plan Width": 8,
                    "Actual Startup Time": 437.006,
                    "Actual Total Time": 635.573,
                    "Actual Rows": 316882,
                    "Actual Loops": 2,
                    "Inner Unique": true,
                    "Hash Cond": "(mk.movie_id = t.id)",
                    "Plans": [
                      {
                        "Node Type": "Bitmap Heap Scan",
                        "Parent Relationship": "Outer",
                        "Parallel Aware": true,
                        "Relation Name": "movie_keyword",
                        "Alias": "mk",
                        "Startup Cost": 16174.24,
                        "Total Cost": 46235.27,
                        "Plan Rows": 448562,
                        "Plan Width": 4,
                        "Actual Startup Time": 41.677,
                        "Actual Total Time": 121.59,
                        "Actual Rows": 385886,
                        "Actual Loops": 2,
                        "Recheck Cond": "(keyword_id < 731)",
                        "Rows Removed by Index Recheck": 0,
                        "Exact Heap Blocks": 12446,
                        "Lossy Heap Blocks": 0,
                        "Plans": [
                          {
                            "Node Type": "Bitmap Index Scan",
                            "Parent Relationship": "Outer",
                            "Parallel Aware": false,
                            "Index Name": "keyword_id_movie_keyword",
                            "Startup Cost": 0.0,
                            "Total Cost": 15983.6,
                            "Plan Rows": 762556,
                            "Plan Width": 0,
                            "Actual Startup Time": 38.102,
                            "Actual Total Time": 38.102,
                            "Actual Rows": 771771,
                            "Actual Loops": 1,
                            "Index Cond": "(keyword_id < 731)"
                          }
                        ]
                      },
                      {
                        "Node Type": "Hash",
                        "Parent Relationship": "Inner",
                        "Parallel Aware": true,
                        "Startup Cost": 54588.39,
                        "Total Cost": 54588.39,
                        "Plan Rows": 982180,
                        "Plan Width": 4,
                        "Actual Startup Time": 381.026,
                        "Actual Total Time": 381.027,
                        "Actual Rows": 835646,
                        "Actual Loops": 2,
                        "Hash Buckets": 2097152,
                        "Original Hash Buckets": 2097152,
                        "Hash Batches": 1,
                        "Original Hash Batches": 1,
                        "Peak Memory Usage": 81792,
                        "Plans": [
                          {
                            "Node Type": "Seq Scan",
                            "Parent Relationship": "Outer",
                            "Parallel Aware": true,
                            "Relation Name": "title",
                            "Alias": "t",
                            "Startup Cost": 0.0,
                            "Total Cost": 54588.39,
                            "Plan Rows": 982180,
                            "Plan Width": 4,
                            "Actual Startup Time": 0.028,
                            "Actual Total Time": 171.947,
                            "Actual Rows": 835646,
                            "Actual Loops": 2,
                            "Filter": "(production_year < 2008)",
                            "Rows Removed by Filter": 428510
                          }
                        ]
                      }
                    ]
                  },
                  {
                    "Node Type": "Index Scan",
                    "Parent Relationship": "Inner",
                    "Parallel Aware": false,
                    "Scan Direction": "Forward",
                    "Index Name": "movie_id_movie_companies",
                    "Relation Name": "movie_companies",
                    "Alias": "mc",
                    "Startup Cost": 0.43,
                    "Total Cost": 0.6,
                    "Plan Rows": 3,
                    "Plan Width": 4,
                    "Actual Startup Time": 0.001,
                    "Actual Total Time": 0.002,
                    "Actual Rows": 5,
                    "Actual Loops": 633765,
                    "Index Cond": "(movie_id = t.id)",
                    "Rows Removed by Index Recheck": 0,
                    "Filter": "(company_type_id < 2)",
                    "Rows Removed by Filter": 2
                  }
                ]
              }
            ]
          }
        ]
      }
    ]
  },
  "Planning Time": 1.062,
  "Triggers": [],
  "Execution Time": 1652.828
}