[
  {
    "Plan": {
      "Node Type": "Aggregate",
      "Strategy": "Plain",
      "Partial Mode": "Finalize",
      "Parallel Aware": false,
      "Startup Cost": 45248.47,
      "Total Cost": 45248.48,
      "Plan Rows": 1,
      "Plan Width": 8,
      "Actual Startup Time": 144.528,
      "Actual Total Time": 153.431,
      "Actual Rows": 1,
      "Actual Loops": 1,
      "Plans": [
        {
          "Node Type": "Gather",
          "Parent Relationship": "Outer",
          "Parallel Aware": false,
          "Startup Cost": 45248.15,
          "Total Cost": 45248.46,
          "Plan Rows": 3,
          "Plan Width": 8,
          "Actual Startup Time": 144.387,
          "Actual Total Time": 153.422,
          "Actual Rows": 4,
          "Actual Loops": 1,
          "Workers Planned": 3,
          "Workers Launched": 3,
          "Single Copy": false,
          "Plans": [
            {
              "Node Type": "Aggregate",
              "Strategy": "Plain",
              "Partial Mode": "Partial",
              "Parent Relationship": "Outer",
              "Parallel Aware": false,
              "Startup Cost": 44248.15,
              "Total Cost": 44248.16,
              "Plan Rows": 1,
              "Plan Width": 8,
              "Actual Startup Time": 139.516,
              "Actual Total Time": 139.517,
              "Actual Rows": 1,
              "Actual Loops": 4,
              "Plans": [
                {
                  "Node Type": "Seq Scan",
                  "Parent Relationship": "Outer",
                  "Parallel Aware": true,
                  "Relation Name": "movie_keyword",
                  "Alias": "mk",
                  "Startup Cost": 0.0,
                  "Total Cost": 42695.65,
                  "Plan Rows": 620998,
                  "Plan Width": 0,
                  "Actual Startup Time": 0.836,
                  "Actual Total Time": 116.012,
                  "Actual Rows": 482290,
                  "Actual Loops": 4,
                  "Filter": "(keyword_id > 6930)",
                  "Rows Removed by Filter": 648692
                }
              ]
            }
          ]
        }
      ]
    },
    "Planning Time": 0.155,
    "Triggers": [],
    "Execution Time": 153.478
  }
]