[
  {
    "Plan": {
      "Node Type": "Aggregate",
      "Strategy": "Plain",
      "Partial Mode": "Finalize",
      "Parallel Aware": false,
      "Startup Cost": 98908.3,
      "Total Cost": 98908.31,
      "Plan Rows": 1,
      "Plan Width": 8,
      "Actual Startup Time": 973.642,
      "Actual Total Time": 998.925,
      "Actual Rows": 1,
      "Actual Loops": 1,
      "Plans": [
        {
          "Node Type": "Gather",
          "Parent Relationship": "Outer",
          "Parallel Aware": false,
          "Startup Cost": 98907.98,
          "Total Cost": 98908.29,
          "Plan Rows": 3,
          "Plan Width": 8,
          "Actual Startup Time": 952.387,
          "Actual Total Time": 998.912,
          "Actual Rows": 4,
          "Actual Loops": 1,
          "Workers Planned": 3,
          "Workers Launched": 3,
          "Single Copy": false,
          "Plans": [
            {
              "Node Type": "Aggregate",
              "Strategy": "Plain",
              "Partial Mode": "Partial",
              "Parent Relationship": "Outer",
              "Parallel Aware": false,
              "Startup Cost": 97907.98,
              "Total Cost": 97907.99,
              "Plan Rows": 1,
              "Plan Width": 8,
              "Actual Startup Time": 934.008,
              "Actual Total Time": 934.013,
              "Actual Rows": 1,
              "Actual Loops": 4,
              "Plans": [
                {
                  "Node Type": "Hash Join",
                  "Parent Relationship": "Outer",
                  "Parallel Aware": true,
                  "Join Type": "Inner",
                  "Startup Cost": 51513.95,
                  "Total Cost": 94392.03,
                  "Plan Rows": 1406381,
                  "Plan Width": 0,
                  "Actual Startup Time": 496.783,
                  "Actual Total Time": 869.297,
                  "Actual Rows": 1123470,
                  "Actual Loops": 4,
                  "Inner Unique": true,
                  "Hash Cond": "(mk.movie_id = t.id)",
                  "Plans": [
                    {
                      "Node Type": "Seq Scan",
                      "Parent Relationship": "Outer",
                      "Parallel Aware": true,
                      "Relation Name": "movie_keyword",
                      "Alias": "mk",
                      "Startup Cost": 0.0,
                      "Total Cost": 39047.32,
                      "Plan Rows": 1459332,
                      "Plan Width": 4,
                      "Actual Startup Time": 0.069,
                      "Actual Total Time": 112.981,
                      "Actual Rows": 1130982,
                      "Actual Loops": 4
                    },
                    {
                      "Node Type": "Hash",
                      "Parent Relationship": "Inner",
                      "Parallel Aware": true,
                      "Startup Cost": 43899.32,
                      "Total Cost": 43899.32,
                      "Plan Rows": 609170,
                      "Plan Width": 4,
                      "Actual Startup Time": 484.04,
                      "Actual Total Time": 484.042,
                      "Actual Rows": 609460,
                      "Actual Loops": 4,
                      "Hash Buckets": 4194304,
                      "Original Hash Buckets": 4194304,
                      "Hash Batches": 1,
                      "Original Hash Batches": 1,
                      "Peak Memory Usage": 128192,
                      "Plans": [
                        {
                          "Node Type": "Seq Scan",
                          "Parent Relationship": "Outer",
                          "Parallel Aware": true,
                          "Relation Name": "title",
                          "Alias": "t",
                          "Startup Cost": 0.0,
                          "Total Cost": 43899.32,
                          "Plan Rows": 609170,
                          "Plan Width": 4,
                          "Actual Startup Time": 0.061,
                          "Actual Total Time": 179.147,
                          "Actual Rows": 609460,
                          "Actual Loops": 4,
                          "Filter": "(production_year > 1907)",
                          "Rows Removed by Filter": 22618
                        }
                      ]
                    }
                  ]
                }
              ]
            }
          ]
        }
      ]
    },
    "Planning Time": 0.587,
    "Triggers": [],
    "Execution Time": 998.997
  }
]