[
  {
    "Plan": {
      "Node Type": "Aggregate",
      "Strategy": "Plain",
      "Partial Mode": "Finalize",
      "Parallel Aware": false,
      "Startup Cost": 104478.07,
      "Total Cost": 104478.08,
      "Plan Rows": 1,
      "Plan Width": 8,
      "Actual Startup Time": 1101.405,
      "Actual Total Time": 1123.941,
      "Actual Rows": 1,
      "Actual Loops": 1,
      "Plans": [
        {
          "Node Type": "Gather",
          "Parent Relationship": "Outer",
          "Parallel Aware": false,
          "Startup Cost": 104477.85,
          "Total Cost": 104478.06,
          "Plan Rows": 2,
          "Plan Width": 8,
          "Actual Startup Time": 1093.619,
          "Actual Total Time": 1123.928,
          "Actual Rows": 3,
          "Actual Loops": 1,
          "Workers Planned": 2,
          "Workers Launched": 2,
          "Single Copy": false,
          "Plans": [
            {
              "Node Type": "Aggregate",
              "Strategy": "Plain",
              "Partial Mode": "Partial",
              "Parent Relationship": "Outer",
              "Parallel Aware": false,
              "Startup Cost": 103477.85,
              "Total Cost": 103477.86,
              "Plan Rows": 1,
              "Plan Width": 8,
              "Actual Startup Time": 1082.818,
              "Actual Total Time": 1084.3,
              "Actual Rows": 1,
              "Actual Loops": 3,
              "Plans": [
                {
                  "Node Type": "Hash Join",
                  "Parent Relationship": "Outer",
                  "Parallel Aware": true,
                  "Join Type": "Inner",
                  "Startup Cost": 86294.12,
                  "Total Cost": 102806.71,
                  "Plan Rows": 268456,
                  "Plan Width": 0,
                  "Actual Startup Time": 871.799,
                  "Actual Total Time": 1057.623,
                  "Actual Rows": 555940,
                  "Actual Loops": 3,
                  "Inner Unique": false,
                  "Hash Cond": "(mi_idx.movie_id = t.id)",
                  "Plans": [
                    {
                      "Node Type": "Seq Scan",
                      "Parent Relationship": "Outer",
                      "Parallel Aware": true,
                      "Relation Name": "movie_info_idx",
                      "Alias": "mi_idx",
                      "Startup Cost": 0.0,
                      "Total Cost": 13685.15,
                      "Plan Rows": 575015,
                      "Plan Width": 4,
                      "Actual Startup Time": 0.029,
                      "Actual Total Time": 41.283,
                      "Actual Rows": 460012,
                      "Actual Loops": 3
                    },
                    {
                      "Node Type": "Hash",
                      "Parent Relationship": "Inner",
                      "Parallel Aware": true,
                      "Startup Cost": 82605.44,
                      "Total Cost": 82605.44,
                      "Plan Rows": 295095,
                      "Plan Width": 8,
                      "Actual Startup Time": 861.461,
                      "Actual Total Time": 862.941,
                      "Actual Rows": 423549,
                      "Actual Loops": 3,
                      "Hash Buckets": 2097152,
                      "Original Hash Buckets": 2097152,
                      "Hash Batches": 1,
                      "Original Hash Batches": 1,
                      "Peak Memory Usage": 66144,
                      "Plans": [
                        {
                          "Node Type": "Hash Join",
                          "Parent Relationship": "Outer",
                          "Parallel Aware": true,
                          "Join Type": "Inner",
                          "Startup Cost": 36174.42,
                          "Total Cost": 82605.44,
                          "Plan Rows": 295095,
                          "Plan Width": 8,
                          "Actual Startup Time": 265.22,
                          "Actual Total Time": 715.802,
                          "Actual Rows": 423549,
                          "Actual Loops": 3,
                          "Inner Unique": false,
                          "Hash Cond": "(t.id = mc.movie_id)",
                          "Plans": [
                            {
                              "Node Type": "Seq Scan",
                              "Parent Relationship": "Outer",
                              "Parallel Aware": true,
                              "Relation Name": "title",
                              "Alias": "t",
                              "Startup Cost": 0.0,
                              "Total Cost": 42318.73,
                              "Plan Rows": 632073,
                              "Plan Width": 4,
                              "Actual Startup Time": 0.014,
                              "Actual Total Time": 102.504,
                              "Actual Rows": 842771,
                              "Actual Loops": 3
                            },
                            {
                              "Node Type": "Hash",
                              "Parent Relationship": "Inner",
                              "Parallel Aware": true,
                              "Startup Cost": 31414.82,
                              "Total Cost": 31414.82,
                              "Plan Rows": 380768,
                              "Plan Width": 4,
                              "Actual Startup Time": 259.301,
                              "Actual Total Time": 259.302,
                              "Actual Rows": 423549,
                              "Actual Loops": 3,
                              "Hash Buckets": 2097152,
                              "Original Hash Buckets": 2097152,
                              "Hash Batches": 1,
                              "Original Hash Batches": 1,
                              "Peak Memory Usage": 66144,
                              "Plans": [
                                {
                                  "Node Type": "Seq Scan",
                                  "Parent Relationship": "Outer",
                                  "Parallel Aware": true,
                                  "Relation Name": "movie_companies",
                                  "Alias": "mc",
                                  "Startup Cost": 0.0,
                                  "Total Cost": 31414.82,
                                  "Plan Rows": 380768,
                                  "Plan Width": 4,
                                  "Actual Startup Time": 59.552,
                                  "Actual Total Time": 122.622,
                                  "Actual Rows": 423549,
                                  "Actual Loops": 3,
                                  "Filter": "((company_id > 150) AND (company_type_id = 2))",
                                  "Rows Removed by Filter": 446161
                                }
                              ]
                            }
                          ]
                        }
                      ]
                    }
                  ]
                }
              ]
            }
          ]
        }
      ]
    },
    "Planning Time": 1.412,
    "Triggers": [],
    "Execution Time": 1124.025
  }
]