[
  {
    "Plan": {
      "Node Type": "Aggregate",
      "Strategy": "Plain",
      "Partial Mode": "Finalize",
      "Parallel Aware": false,
      "Startup Cost": 68773.98,
      "Total Cost": 68773.99,
      "Plan Rows": 1,
      "Plan Width": 8,
      "Actual Startup Time": 191.306,
      "Actual Total Time": 218.348,
      "Actual Rows": 1,
      "Actual Loops": 1,
      "Plans": [
        {
          "Node Type": "Gather",
          "Parent Relationship": "Outer",
          "Parallel Aware": false,
          "Startup Cost": 68773.56,
          "Total Cost": 68773.97,
          "Plan Rows": 4,
          "Plan Width": 8,
          "Actual Startup Time": 190.614,
          "Actual Total Time": 218.338,
          "Actual Rows": 5,
          "Actual Loops": 1,
          "Workers Planned": 4,
          "Workers Launched": 4,
          "Single Copy": false,
          "Plans": [
            {
              "Node Type": "Aggregate",
              "Strategy": "Plain",
              "Partial Mode": "Partial",
              "Parent Relationship": "Outer",
              "Parallel Aware": false,
              "Startup Cost": 67773.56,
              "Total Cost": 67773.57,
              "Plan Rows": 1,
              "Plan Width": 8,
              "Actual Startup Time": 180.531,
              "Actual Total Time": 180.534,
              "Actual Rows": 1,
              "Actual Loops": 5,
              "Plans": [
                {
                  "Node Type": "Nested Loop",
                  "Parent Relationship": "Outer",
                  "Parallel Aware": false,
                  "Join Type": "Inner",
                  "Startup Cost": 1.0,
                  "Total Cost": 67759.4,
                  "Plan Rows": 5665,
                  "Plan Width": 0,
                  "Actual Startup Time": 38.087,
                  "Actual Total Time": 178.03,
                  "Actual Rows": 38141,
                  "Actual Loops": 5,
                  "Inner Unique": false,
                  "Join Filter": "(t.id = ci.movie_id)",
                  "Rows Removed by Join Filter": 0,
                  "Plans": [
                    {
                      "Node Type": "Nested Loop",
                      "Parent Relationship": "Outer",
                      "Parallel Aware": false,
                      "Join Type": "Inner",
                      "Startup Cost": 0.43,
                      "Total Cost": 65563.04,
                      "Plan Rows": 395,
                      "Plan Width": 8,
                      "Actual Startup Time": 36.946,
                      "Actual Total Time": 113.486,
                      "Actual Rows": 805,
                      "Actual Loops": 5,
                      "Inner Unique": false,
                      "Plans": [
                        {
                          "Node Type": "Seq Scan",
                          "Parent Relationship": "Outer",
                          "Parallel Aware": true,
                          "Relation Name": "title",
                          "Alias": "t",
                          "Startup Cost": 0.0,
                          "Total Cost": 45479.1,
                          "Plan Rows": 2536,
                          "Plan Width": 4,
                          "Actual Startup Time": 0.447,
                          "Actual Total Time": 82.309,
                          "Actual Rows": 2106,
                          "Actual Loops": 5,
                          "Filter": "((kind_id < 7) AND (production_year = 1993))",
                          "Rows Removed by Filter": 503557
                        },
                        {
                          "Node Type": "Index Scan",
                          "Parent Relationship": "Inner",
                          "Parallel Aware": false,
                          "Scan Direction": "Forward",
                          "Index Name": "movie_id_movie_keyword",
                          "Relation Name": "movie_keyword",
                          "Alias": "mk",
                          "Startup Cost": 0.43,
                          "Total Cost": 7.88,
                          "Plan Rows": 4,
                          "Plan Width": 4,
                          "Actual Startup Time": 0.014,
                          "Actual Total Time": 0.014,
                          "Actual Rows": 0,
                          "Actual Loops": 10528,
                          "Index Cond": "(movie_id = t.id)",
                          "Rows Removed by Index Recheck": 0,
                          "Filter": "(keyword_id > 44737)",
                          "Rows Removed by Filter": 5
                        }
                      ]
                    },
                    {
                      "Node Type": "Index Only Scan",
                      "Parent Relationship": "Inner",
                      "Parallel Aware": false,
                      "Scan Direction": "Forward",
                      "Index Name": "movie_id_cast_info",
                      "Relation Name": "cast_info",
                      "Alias": "ci",
                      "Startup Cost": 0.56,
                      "Total Cost": 5.1,
                      "Plan Rows": 37,
                      "Plan Width": 4,
                      "Actual Startup Time": 0.009,
                      "Actual Total Time": 0.074,
                      "Actual Rows": 47,
                      "Actual Loops": 4024,
                      "Index Cond": "(movie_id = mk.movie_id)",
                      "Rows Removed by Index Recheck": 0,
                      "Heap Fetches": 190705
                    }
                  ]
                }
              ]
            }
          ]
        }
      ]
    },
    "Planning Time": 1.247,
    "Triggers": [],
    "Execution Time": 218.43
  }
]