[
  {
    "Plan": {
      "Node Type": "Aggregate",
      "Strategy": "Plain",
      "Partial Mode": "Finalize",
      "Parallel Aware": false,
      "Startup Cost": 122338.33,
      "Total Cost": 122338.34,
      "Plan Rows": 1,
      "Plan Width": 8,
      "Actual Startup Time": 1144.702,
      "Actual Total Time": 1184.604,
      "Actual Rows": 1,
      "Actual Loops": 1,
      "Plans": [
        {
          "Node Type": "Gather",
          "Parent Relationship": "Outer",
          "Parallel Aware": false,
          "Startup Cost": 122338.01,
          "Total Cost": 122338.32,
          "Plan Rows": 3,
          "Plan Width": 8,
          "Actual Startup Time": 1132.109,
          "Actual Total Time": 1184.59,
          "Actual Rows": 4,
          "Actual Loops": 1,
          "Workers Planned": 3,
          "Workers Launched": 3,
          "Single Copy": false,
          "Plans": [
            {
              "Node Type": "Aggregate",
              "Strategy": "Plain",
              "Partial Mode": "Partial",
              "Parent Relationship": "Outer",
              "Parallel Aware": false,
              "Startup Cost": 121338.01,
              "Total Cost": 121338.02,
              "Plan Rows": 1,
              "Plan Width": 8,
              "Actual Startup Time": 1125.121,
              "Actual Total Time": 1125.132,
              "Actual Rows": 1,
              "Actual Loops": 4,
              "Plans": [
                {
                  "Node Type": "Hash Join",
                  "Parent Relationship": "Outer",
                  "Parallel Aware": true,
                  "Join Type": "Inner",
                  "Startup Cost": 90285.22,
                  "Total Cost": 121210.49,
                  "Plan Rows": 51011,
                  "Plan Width": 0,
                  "Actual Startup Time": 730.592,
                  "Actual Total Time": 1055.136,
                  "Actual Rows": 1064876,
                  "Actual Loops": 4,
                  "Inner Unique": false,
                  "Hash Cond": "(mc.movie_id = t.id)",
                  "Plans": [
                    {
                      "Node Type": "Seq Scan",
                      "Parent Relationship": "Outer",
                      "Parallel Aware": true,
                      "Relation Name": "movie_companies",
                      "Alias": "mc",
                      "Startup Cost": 0.0,
                      "Total Cost": 29310.68,
                      "Plan Rows": 386677,
                      "Plan Width": 4,
                      "Actual Startup Time": 0.032,
                      "Actual Total Time": 111.651,
                      "Actual Rows": 301556,
                      "Actual Loops": 4,
                      "Filter": "(company_id < 11137)",
                      "Rows Removed by Filter": 350726
                    },
                    {
                      "Node Type": "Hash",
                      "Parent Relationship": "Inner",
                      "Parallel Aware": true,
                      "Startup Cost": 88940.24,
                      "Total Cost": 88940.24,
                      "Plan Rows": 107598,
                      "Plan Width": 8,
                      "Actual Startup Time": 727.682,
                      "Actual Total Time": 727.69,
                      "Actual Rows": 284524,
                      "Actual Loops": 4,
                      "Hash Buckets": 2097152,
                      "Original Hash Buckets": 524288,
                      "Hash Batches": 1,
                      "Original Hash Batches": 1,
                      "Peak Memory Usage": 73248,
                      "Plans": [
                        {
                          "Node Type": "Hash Join",
                          "Parent Relationship": "Outer",
                          "Parallel Aware": true,
                          "Join Type": "Inner",
                          "Startup Cost": 46062.16,
                          "Total Cost": 88940.24,
                          "Plan Rows": 107598,
                          "Plan Width": 8,
                          "Actual Startup Time": 201.48,
                          "Actual Total Time": 557.163,
                          "Actual Rows": 284524,
                          "Actual Loops": 4,
                          "Inner Unique": true,
                          "Hash Cond": "(mk.movie_id = t.id)",
                          "Plans": [
                            {
                              "Node Type": "Seq Scan",
                              "Parent Relationship": "Outer",
                              "Parallel Aware": true,
                              "Relation Name": "movie_keyword",
                              "Alias": "mk",
                              "Startup Cost": 0.0,
                              "Total Cost": 39047.32,
                              "Plan Rows": 1459332,
                              "Plan Width": 4,
                              "Actual Startup Time": 0.047,
                              "Actual Total Time": 147.193,
                              "Actual Rows": 1130982,
                              "Actual Loops": 4
                            },
                            {
                              "Node Type": "Hash",
                              "Parent Relationship": "Inner",
                              "Parallel Aware": true,
                              "Startup Cost": 45479.59,
                              "Total Cost": 45479.59,
                              "Plan Rows": 46606,
                              "Plan Width": 4,
                              "Actual Startup Time": 200.469,
                              "Actual Total Time": 200.471,
                              "Actual Rows": 75162,
                              "Actual Loops": 4,
                              "Hash Buckets": 524288,
                              "Original Hash Buckets": 262144,
                              "Hash Batches": 1,
                              "Original Hash Batches": 1,
                              "Peak Memory Usage": 17952,
                              "Plans": [
                                {
                                  "Node Type": "Seq Scan",
                                  "Parent Relationship": "Outer",
                                  "Parallel Aware": true,
                                  "Relation Name": "title",
                                  "Alias": "t",
                                  "Startup Cost": 0.0,
                                  "Total Cost": 45479.59,
                                  "Plan Rows": 46606,
                                  "Plan Width": 4,
                                  "Actual Startup Time": 0.084,
                                  "Actual Total Time": 143.416,
                                  "Actual Rows": 75162,
                                  "Actual Loops": 4,
                                  "Filter": "((kind_id < 7) AND (production_year < 1979))",
                                  "Rows Removed by Filter": 556916
                                }
                              ]
                            }
                          ]
                        }
                      ]
                    }
                  ]
                }
              ]
            }
          ]
        }
      ]
    },
    "Planning Time": 0.729,
    "Triggers": [],
    "Execution Time": 1184.663
  }
]