[
  {
    "Plan": {
      "Node Type": "Aggregate",
      "Strategy": "Plain",
      "Partial Mode": "Finalize",
      "Parallel Aware": false,
      "Startup Cost": 122407.33,
      "Total Cost": 122407.34,
      "Plan Rows": 1,
      "Plan Width": 8,
      "Actual Startup Time": 660.222,
      "Actual Total Time": 681.155,
      "Actual Rows": 1,
      "Actual Loops": 1,
      "Plans": [
        {
          "Node Type": "Gather",
          "Parent Relationship": "Outer",
          "Parallel Aware": false,
          "Startup Cost": 122407.01,
          "Total Cost": 122407.32,
          "Plan Rows": 3,
          "Plan Width": 8,
          "Actual Startup Time": 655.539,
          "Actual Total Time": 681.149,
          "Actual Rows": 4,
          "Actual Loops": 1,
          "Workers Planned": 3,
          "Workers Launched": 3,
          "Single Copy": false,
          "Plans": [
            {
              "Node Type": "Aggregate",
              "Strategy": "Plain",
              "Partial Mode": "Partial",
              "Parent Relationship": "Outer",
              "Parallel Aware": false,
              "Startup Cost": 121407.01,
              "Total Cost": 121407.02,
              "Plan Rows": 1,
              "Plan Width": 8,
              "Actual Startup Time": 645.659,
              "Actual Total Time": 645.664,
              "Actual Rows": 1,
              "Actual Loops": 4,
              "Plans": [
                {
                  "Node Type": "Hash Join",
                  "Parent Relationship": "Outer",
                  "Parallel Aware": true,
                  "Join Type": "Inner",
                  "Startup Cost": 90323.68,
                  "Total Cost": 121275.06,
                  "Plan Rows": 52778,
                  "Plan Width": 0,
                  "Actual Startup Time": 424.513,
                  "Actual Total Time": 604.873,
                  "Actual Rows": 1064876,
                  "Actual Loops": 4,
                  "Inner Unique": false,
                  "Hash Cond": "(mc.movie_id = t.id)",
                  "Plans": [
                    {
                      "Node Type": "Seq Scan",
                      "Parent Relationship": "Outer",
                      "Parallel Aware": true,
                      "Relation Name": "movie_companies",
                      "Alias": "mc",
                      "Startup Cost": 0.0,
                      "Total Cost": 29310.68,
                      "Plan Rows": 392121,
                      "Plan Width": 4,
                      "Actual Startup Time": 0.023,
                      "Actual Total Time": 62.636,
                      "Actual Rows": 301556,
                      "Actual Loops": 4,
                      "Filter": "(company_id < 11137)",
                      "Rows Removed by Filter": 350726
                    },
                    {
                      "Node Type": "Hash",
                      "Parent Relationship": "Inner",
                      "Parallel Aware": true,
                      "Startup Cost": 88951.5,
                      "Total Cost": 88951.5,
                      "Plan Rows": 109774,
                      "Plan Width": 8,
                      "Actual Startup Time": 420.846,
                      "Actual Total Time": 420.85,
                      "Actual Rows": 284524,
                      "Actual Loops": 4,
                      "Hash Buckets": 2097152,
                      "Original Hash Buckets": 524288,
                      "Hash Batches": 1,
                      "Original Hash Batches": 1,
                      "Peak Memory Usage": 73248,
                      "Plans": [
                        {
                          "Node Type": "Hash Join",
                          "Parent Relationship": "Outer",
                          "Parallel Aware": true,
                          "Join Type": "Inner",
                          "Startup Cost": 46073.42,
                          "Total Cost": 88951.5,
                          "Plan Rows": 109774,
                          "Plan Width": 8,
                          "Actual Startup Time": 129.067,
                          "Actual Total Time": 338.124,
                          "Actual Rows": 284524,
                          "Actual Loops": 4,
                          "Inner Unique": true,
                          "Hash Cond": "(mk.movie_id = t.id)",
                          "Plans": [
                            {
                              "Node Type": "Seq Scan",
                              "Parent Relationship": "Outer",
                              "Parallel Aware": true,
                              "Relation Name": "movie_keyword",
                              "Alias": "mk",
                              "Startup Cost": 0.0,
                              "Total Cost": 39047.32,
                              "Plan Rows": 1459332,
                              "Plan Width": 4,
                              "Actual Startup Time": 0.023,
                              "Actual Total Time": 91.261,
                              "Actual Rows": 1130982,
                              "Actual Loops": 4
                            },
                            {
                              "Node Type": "Hash",
                              "Parent Relationship": "Inner",
                              "Parallel Aware": true,
                              "Startup Cost": 45479.1,
                              "Total Cost": 45479.1,
                              "Plan Rows": 47546,
                              "Plan Width": 4,
                              "Actual Startup Time": 128.167,
                              "Actual Total Time": 128.168,
                              "Actual Rows": 75162,
                              "Actual Loops": 4,
                              "Hash Buckets": 524288,
                              "Original Hash Buckets": 262144,
                              "Hash Batches": 1,
                              "Original Hash Batches": 1,
                              "Peak Memory Usage": 17984,
                              "Plans": [
                                {
                                  "Node Type": "Seq Scan",
                                  "Parent Relationship": "Outer",
                                  "Parallel Aware": true,
                                  "Relation Name": "title",
                                  "Alias": "t",
                                  "Startup Cost": 0.0,
                                  "Total Cost": 45479.1,
                                  "Plan Rows": 47546,
                                  "Plan Width": 4,
                                  "Actual Startup Time": 0.11,
                                  "Actual Total Time": 98.784,
                                  "Actual Rows": 75162,
                                  "Actual Loops": 4,
                                  "Filter": "((kind_id < 7) AND (production_year < 1979))",
                                  "Rows Removed by Filter": 556916
                                }
                              ]
                            }
                          ]
                        }
                      ]
                    }
                  ]
                }
              ]
            }
          ]
        }
      ]
    },
    "Planning Time": 1.488,
    "Triggers": [],
    "Execution Time": 681.241
  }
]