{
  "Plan": {
    "Node Type": "Aggregate",
    "Strategy": "Plain",
    "Partial Mode": "Finalize",
    "Parallel Aware": false,
    "Startup Cost": 365428.49,
    "Total Cost": 365428.5,
    "Plan Rows": 1,
    "Plan Width": 8,
    "Actual Startup Time": 782.053,
    "Actual Total Time": 794.634,
    "Actual Rows": 1,
    "Actual Loops": 1,
    "Plans": [
      {
        "Node Type": "Gather",
        "Parent Relationship": "Outer",
        "Parallel Aware": false,
        "Startup Cost": 365428.38,
        "Total Cost": 365428.49,
        "Plan Rows": 1,
        "Plan Width": 8,
        "Actual Startup Time": 779.754,
        "Actual Total Time": 794.625,
        "Actual Rows": 2,
        "Actual Loops": 1,
        "Workers Planned": 1,
        "Workers Launched": 1,
        "Single Copy": false,
        "Plans": [
          {
            "Node Type": "Aggregate",
            "Strategy": "Plain",
            "Partial Mode": "Partial",
            "Parent Relationship": "Outer",
            "Parallel Aware": false,
            "Startup Cost": 364428.38,
            "Total Cost": 364428.39,
            "Plan Rows": 1,
            "Plan Width": 8,
            "Actual Startup Time": 773.905,
            "Actual Total Time": 773.91,
            "Actual Rows": 1,
            "Actual Loops": 2,
            "Plans": [
              {
                "Node Type": "Hash Join",
                "Parent Relationship": "Outer",
                "Parallel Aware": true,
                "Join Type": "Inner",
                "Startup Cost": 95533.2,
                "Total Cost": 363646.33,
                "Plan Rows": 312821,
                "Plan Width": 0,
                "Actual Startup Time": 394.434,
                "Actual Total Time": 759.337,
                "Actual Rows": 325968,
                "Actual Loops": 2,
                "Inner Unique": true,
                "Hash Cond": "(ci.movie_id = t.id)",
                "Plans": [
                  {
                    "Node Type": "Bitmap Heap Scan",
                    "Parent Relationship": "Outer",
                    "Parallel Aware": true,
                    "Relation Name": "cast_info",
                    "Alias": "ci",
                    "Startup Cost": 33461.16,
                    "Total Cost": 299534.43,
                    "Plan Rows": 777088,
                    "Plan Width": 4,
                    "Actual Startup Time": 69.406,
                    "Actual Total Time": 190.135,
                    "Actual Rows": 752584,
                    "Actual Loops": 2,
                    "Recheck Cond": "(person_id < 156442)",
                    "Rows Removed by Index Recheck": 0,
                    "Filter": "(role_id < 10)",
                    "Rows Removed by Filter": 32118,
                    "Exact Heap Blocks": 9286,
                    "Lossy Heap Blocks": 0,
                    "Plans": [
                      {
                        "Node Type": "Bitmap Index Scan",
                        "Parent Relationship": "Outer",
                        "Parallel Aware": false,
                        "Index Name": "person_id_cast_info",
                        "Startup Cost": 0.0,
                        "Total Cost": 33130.9,
                        "Plan Rows": 1517111,
                        "Plan Width": 0,
                        "Actual Startup Time": 66.8,
                        "Actual Total Time": 66.801,
                        "Actual Rows": 1569402,
                        "Actual Loops": 1,
                        "Index Cond": "(person_id < 156442)"
                      }
                    ]
                  },
                  {
                    "Node Type": "Hash",
                    "Parent Relationship": "Inner",
                    "Parallel Aware": true,
                    "Startup Cost": 54588.39,
                    "Total Cost": 54588.39,
                    "Plan Rows": 598692,
                    "Plan Width": 4,
                    "Actual Startup Time": 315.848,
                    "Actual Total Time": 315.848,
                    "Actual Rows": 510876,
                    "Actual Loops": 2,
                    "Hash Buckets": 1048576,
                    "Original Hash Buckets": 1048576,
                    "Hash Batches": 1,
                    "Original Hash Batches": 1,
                    "Peak Memory Usage": 48192,
                    "Plans": [
                      {
                        "Node Type": "Seq Scan",
                        "Parent Relationship": "Outer",
                        "Parallel Aware": true,
                        "Relation Name": "title",
                        "Alias": "t",
                        "Startup Cost": 0.0,
                        "Total Cost": 54588.39,
                        "Plan Rows": 598692,
                        "Plan Width": 4,
                        "Actual Startup Time": 0.029,
                        "Actual Total Time": 166.372,
                        "Actual Rows": 510876,
                        "Actual Loops": 2,
                        "Filter": "(production_year < 2000)",
                        "Rows Removed by Filter": 753280
                      }
                    ]
                  }
                ]
              }
            ]
          }
        ]
      }
    ]
  },
  "Planning Time": 0.681,
  "Triggers": [],
  "Execution Time": 794.728
}