[
  {
    "Plan": {
      "Node Type": "Aggregate",
      "Strategy": "Plain",
      "Partial Mode": "Finalize",
      "Parallel Aware": false,
      "Startup Cost": 45830.83,
      "Total Cost": 45830.84,
      "Plan Rows": 1,
      "Plan Width": 8,
      "Actual Startup Time": 150.841,
      "Actual Total Time": 160.02,
      "Actual Rows": 1,
      "Actual Loops": 1,
      "Plans": [
        {
          "Node Type": "Gather",
          "Parent Relationship": "Outer",
          "Parallel Aware": false,
          "Startup Cost": 45830.51,
          "Total Cost": 45830.82,
          "Plan Rows": 3,
          "Plan Width": 8,
          "Actual Startup Time": 150.673,
          "Actual Total Time": 160.01,
          "Actual Rows": 4,
          "Actual Loops": 1,
          "Workers Planned": 3,
          "Workers Launched": 3,
          "Single Copy": false,
          "Plans": [
            {
              "Node Type": "Aggregate",
              "Strategy": "Plain",
              "Partial Mode": "Partial",
              "Parent Relationship": "Outer",
              "Parallel Aware": false,
              "Startup Cost": 44830.51,
              "Total Cost": 44830.52,
              "Plan Rows": 1,
              "Plan Width": 8,
              "Actual Startup Time": 145.711,
              "Actual Total Time": 145.712,
              "Actual Rows": 1,
              "Actual Loops": 4,
              "Plans": [
                {
                  "Node Type": "Seq Scan",
                  "Parent Relationship": "Outer",
                  "Parallel Aware": true,
                  "Relation Name": "movie_keyword",
                  "Alias": "mk",
                  "Startup Cost": 0.0,
                  "Total Cost": 42695.65,
                  "Plan Rows": 853944,
                  "Plan Width": 0,
                  "Actual Startup Time": 0.295,
                  "Actual Total Time": 115.891,
                  "Actual Rows": 661754,
                  "Actual Loops": 4,
                  "Filter": "(keyword_id > 3192)",
                  "Rows Removed by Filter": 469228
                }
              ]
            }
          ]
        }
      ]
    },
    "Planning Time": 0.092,
    "Triggers": [],
    "Execution Time": 160.051
  }
]