[
    {
        "Bao": {
            "Bao prediction": "NaN",
            "Bao recommended hint": "(no hint)"
        }
    },
    {
        "Plan": {
            "Node Type": "Aggregate",
            "Strategy": "Plain",
            "Partial Mode": "Finalize",
            "Parallel Aware": false,
            "Startup Cost": 33790.36,
            "Total Cost": 33790.37,
            "Plan Rows": 1,
            "Plan Width": 8,
            "Actual Startup Time": 106.795,
            "Actual Total Time": 112.257,
            "Actual Rows": 1,
            "Actual Loops": 1,
            "Output": [
                "count(*)"
            ],
            "Plans": [
                {
                    "Node Type": "Gather",
                    "Parent Relationship": "Outer",
                    "Parallel Aware": false,
                    "Startup Cost": 33790.04,
                    "Total Cost": 33790.35,
                    "Plan Rows": 3,
                    "Plan Width": 8,
                    "Actual Startup Time": 106.562,
                    "Actual Total Time": 112.249,
                    "Actual Rows": 4,
                    "Actual Loops": 1,
                    "Output": [
                        "(PARTIAL count(*))"
                    ],
                    "Workers Planned": 3,
                    "Workers Launched": 3,
                    "Single Copy": false,
                    "Plans": [
                        {
                            "Node Type": "Aggregate",
                            "Strategy": "Plain",
                            "Partial Mode": "Partial",
                            "Parent Relationship": "Outer",
                            "Parallel Aware": false,
                            "Startup Cost": 32790.04,
                            "Total Cost": 32790.05,
                            "Plan Rows": 1,
                            "Plan Width": 8,
                            "Actual Startup Time": 97.547,
                            "Actual Total Time": 97.548,
                            "Actual Rows": 1,
                            "Actual Loops": 4,
                            "Output": [
                                "PARTIAL count(*)"
                            ],
                            "Workers": [
                                {
                                    "Worker Number": 0,
                                    "Actual Startup Time": 94.477,
                                    "Actual Total Time": 94.479,
                                    "Actual Rows": 1,
                                    "Actual Loops": 1
                                },
                                {
                                    "Worker Number": 1,
                                    "Actual Startup Time": 94.483,
                                    "Actual Total Time": 94.485,
                                    "Actual Rows": 1,
                                    "Actual Loops": 1
                                },
                                {
                                    "Worker Number": 2,
                                    "Actual Startup Time": 95.27,
                                    "Actual Total Time": 95.272,
                                    "Actual Rows": 1,
                                    "Actual Loops": 1
                                }
                            ],
                            "Plans": [
                                {
                                    "Node Type": "Bitmap Heap Scan",
                                    "Parent Relationship": "Outer",
                                    "Parallel Aware": true,
                                    "Relation Name": "movie_keyword",
                                    "Schema": "public",
                                    "Alias": "mk",
                                    "Startup Cost": 6787.95,
                                    "Total Cost": 32532.02,
                                    "Plan Rows": 103206,
                                    "Plan Width": 0,
                                    "Actual Startup Time": 37.083,
                                    "Actual Total Time": 92.53,
                                    "Actual Rows": 80213,
                                    "Actual Loops": 4,
                                    "Recheck Cond": "(mk.keyword_id < 259)",
                                    "Rows Removed by Index Recheck": 0,
                                    "Exact Heap Blocks": 12378,
                                    "Lossy Heap Blocks": 0,
                                    "Workers": [
                                        {
                                            "Worker Number": 0,
                                            "Actual Startup Time": 34.142,
                                            "Actual Total Time": 90.133,
                                            "Actual Rows": 54204,
                                            "Actual Loops": 1
                                        },
                                        {
                                            "Worker Number": 1,
                                            "Actual Startup Time": 34.171,
                                            "Actual Total Time": 90.111,
                                            "Actual Rows": 54642,
                                            "Actual Loops": 1
                                        },
                                        {
                                            "Worker Number": 2,
                                            "Actual Startup Time": 34.801,
                                            "Actual Total Time": 90.905,
                                            "Actual Rows": 43303,
                                            "Actual Loops": 1
                                        }
                                    ],
                                    "Plans": [
                                        {
                                            "Node Type": "Bitmap Index Scan",
                                            "Parent Relationship": "Outer",
                                            "Parallel Aware": false,
                                            "Index Name": "keyword_id_movie_keyword",
                                            "Startup Cost": 0.0,
                                            "Total Cost": 6707.97,
                                            "Plan Rows": 319938,
                                            "Plan Width": 0,
                                            "Actual Startup Time": 40.675,
                                            "Actual Total Time": 40.675,
                                            "Actual Rows": 320853,
                                            "Actual Loops": 1,
                                            "Index Cond": "(mk.keyword_id < 259)"
                                        }
                                    ]
                                }
                            ]
                        }
                    ]
                }
            ]
        },
        "Planning Time": 190.485,
        "Triggers": [],
        "Execution Time": 112.364
    }
]