[
  {
    "Plan": {
      "Node Type": "Aggregate",
      "Strategy": "Plain",
      "Partial Mode": "Finalize",
      "Parallel Aware": false,
      "Startup Cost": 32844.87,
      "Total Cost": 32844.88,
      "Plan Rows": 1,
      "Plan Width": 8,
      "Actual Startup Time": 80.609,
      "Actual Total Time": 87.314,
      "Actual Rows": 1,
      "Actual Loops": 1,
      "Plans": [
        {
          "Node Type": "Gather",
          "Parent Relationship": "Outer",
          "Parallel Aware": false,
          "Startup Cost": 32844.56,
          "Total Cost": 32844.87,
          "Plan Rows": 3,
          "Plan Width": 8,
          "Actual Startup Time": 80.511,
          "Actual Total Time": 87.307,
          "Actual Rows": 4,
          "Actual Loops": 1,
          "Workers Planned": 3,
          "Workers Launched": 3,
          "Single Copy": false,
          "Plans": [
            {
              "Node Type": "Aggregate",
              "Strategy": "Plain",
              "Partial Mode": "Partial",
              "Parent Relationship": "Outer",
              "Parallel Aware": false,
              "Startup Cost": 31844.56,
              "Total Cost": 31844.57,
              "Plan Rows": 1,
              "Plan Width": 8,
              "Actual Startup Time": 76.803,
              "Actual Total Time": 76.804,
              "Actual Rows": 1,
              "Actual Loops": 4,
              "Plans": [
                {
                  "Node Type": "Seq Scan",
                  "Parent Relationship": "Outer",
                  "Parallel Aware": true,
                  "Relation Name": "movie_companies",
                  "Alias": "mc",
                  "Startup Cost": 0.0,
                  "Total Cost": 31414.82,
                  "Plan Rows": 171895,
                  "Plan Width": 0,
                  "Actual Startup Time": 0.018,
                  "Actual Total Time": 66.875,
                  "Actual Rows": 187322,
                  "Actual Loops": 4,
                  "Filter": "((company_id < 7436) AND (company_type_id = 1))",
                  "Rows Removed by Filter": 464961
                }
              ]
            }
          ]
        }
      ]
    },
    "Planning Time": 0.188,
    "Triggers": [],
    "Execution Time": 87.363
  }
]