[
  {
    "Plan": {
      "Node Type": "Aggregate",
      "Strategy": "Plain",
      "Partial Mode": "Finalize",
      "Parallel Aware": false,
      "Startup Cost": 343151.24,
      "Total Cost": 343151.25,
      "Plan Rows": 1,
      "Plan Width": 8,
      "Actual Startup Time": 841.246,
      "Actual Total Time": 897.792,
      "Actual Rows": 1,
      "Actual Loops": 1,
      "Plans": [
        {
          "Node Type": "Gather",
          "Parent Relationship": "Outer",
          "Parallel Aware": false,
          "Startup Cost": 343150.62,
          "Total Cost": 343151.23,
          "Plan Rows": 6,
          "Plan Width": 8,
          "Actual Startup Time": 841.148,
          "Actual Total Time": 897.781,
          "Actual Rows": 7,
          "Actual Loops": 1,
          "Workers Planned": 6,
          "Workers Launched": 6,
          "Single Copy": false,
          "Plans": [
            {
              "Node Type": "Aggregate",
              "Strategy": "Plain",
              "Partial Mode": "Partial",
              "Parent Relationship": "Outer",
              "Parallel Aware": false,
              "Startup Cost": 342150.62,
              "Total Cost": 342150.63,
              "Plan Rows": 1,
              "Plan Width": 8,
              "Actual Startup Time": 832.166,
              "Actual Total Time": 832.167,
              "Actual Rows": 1,
              "Actual Loops": 7,
              "Plans": [
                {
                  "Node Type": "Seq Scan",
                  "Parent Relationship": "Outer",
                  "Parallel Aware": true,
                  "Relation Name": "cast_info",
                  "Alias": "ci",
                  "Startup Cost": 0.0,
                  "Total Cost": 328162.03,
                  "Plan Rows": 5595437,
                  "Plan Width": 0,
                  "Actual Startup Time": 41.755,
                  "Actual Total Time": 636.233,
                  "Actual Rows": 4788996,
                  "Actual Loops": 7,
                  "Filter": "(person_id > 260836)",
                  "Rows Removed by Filter": 388768
                }
              ]
            }
          ]
        }
      ]
    },
    "Planning Time": 0.196,
    "Triggers": [],
    "Execution Time": 897.863
  }
]