{
  "Plan": {
    "Node Type": "Aggregate",
    "Strategy": "Plain",
    "Partial Mode": "Simple",
    "Parallel Aware": false,
    "Startup Cost": 2936925.04,
    "Total Cost": 2936925.05,
    "Plan Rows": 1,
    "Plan Width": 64,
    "Actual Startup Time": 16033.417,
    "Actual Total Time": 16033.428,
    "Actual Rows": 1,
    "Actual Loops": 1,
    "Plans": [
      {
        "Node Type": "Merge Join",
        "Parent Relationship": "Outer",
        "Parallel Aware": false,
        "Join Type": "Inner",
        "Startup Cost": 2924244.46,
        "Total Cost": 2936924.2,
        "Plan Rows": 167,
        "Plan Width": 33,
        "Actual Startup Time": 15909.948,
        "Actual Total Time": 16009.322,
        "Actual Rows": 319932,
        "Actual Loops": 1,
        "Inner Unique": false,
        "Merge Cond": "(cn.id = mc.company_id)",
        "Plans": [
          {
            "Node Type": "Index Scan",
            "Parent Relationship": "Outer",
            "Parallel Aware": false,
            "Scan Direction": "Forward",
            "Index Name": "company_name_pkey",
            "Relation Name": "company_name",
            "Alias": "cn",
            "Startup Cost": 0.42,
            "Total Cost": 12469.43,
            "Plan Rows": 85931,
            "Plan Width": 4,
            "Actual Startup Time": 0.018,
            "Actual Total Time": 40.541,
            "Actual Rows": 33701,
            "Actual Loops": 1,
            "Filter": "((country_code)::text = '[us]'::text)",
            "Rows Removed by Filter": 57196
          },
          {
            "Node Type": "Sort",
            "Parent Relationship": "Inner",
            "Parallel Aware": false,
            "Startup Cost": 2924243.97,
            "Total Cost": 2924245.11,
            "Plan Rows": 457,
            "Plan Width": 37,
            "Actual Startup Time": 15909.924,
            "Actual Total Time": 15929.296,
            "Actual Rows": 424483,
            "Actual Loops": 1,
            "Sort Key": [
              "mc.company_id"
            ],
            "Sort Method": "quicksort",
            "Sort Space Used": 53686,
            "Sort Space Type": "Memory",
            "Plans": [
              {
                "Node Type": "Merge Join",
                "Parent Relationship": "Outer",
                "Parallel Aware": false,
                "Join Type": "Inner",
                "Startup Cost": 2777289.76,
                "Total Cost": 2924223.78,
                "Plan Rows": 457,
                "Plan Width": 37,
                "Actual Startup Time": 15489.117,
                "Actual Total Time": 15815.591,
                "Actual Rows": 424483,
                "Actual Loops": 1,
                "Inner Unique": false,
                "Merge Cond": "(mc.movie_id = t.id)",
                "Plans": [
                  {
                    "Node Type": "Index Scan",
                    "Parent Relationship": "Outer",
                    "Parallel Aware": false,
                    "Scan Direction": "Forward",
                    "Index Name": "movie_id_movie_companies",
                    "Relation Name": "movie_companies",
                    "Alias": "mc",
                    "Startup Cost": 0.43,
                    "Total Cost": 140404.76,
                    "Plan Rows": 2609129,
                    "Plan Width": 8,
                    "Actual Startup Time": 0.014,
                    "Actual Total Time": 177.968,
                    "Actual Rows": 910954,
                    "Actual Loops": 1
                  },
                  {
                    "Node Type": "Sort",
                    "Parent Relationship": "Inner",
                    "Parallel Aware": false,
                    "Startup Cost": 2777289.33,
                    "Total Cost": 2777290.44,
                    "Plan Rows": 443,
                    "Plan Width": 45,
                    "Actual Startup Time": 15488.803,
                    "Actual Total Time": 15525.318,
                    "Actual Rows": 454744,
                    "Actual Loops": 1,
                    "Sort Key": [
                      "mk.movie_id"
                    ],
                    "Sort Method": "quicksort",
                    "Sort Space Used": 27602,
                    "Sort Space Type": "Memory",
                    "Plans": [
                      {
                        "Node Type": "Merge Join",
                        "Parent Relationship": "Outer",
                        "Parallel Aware": false,
                        "Join Type": "Inner",
                        "Startup Cost": 2524857.75,
                        "Total Cost": 2777269.86,
                        "Plan Rows": 443,
                        "Plan Width": 45,
                        "Actual Startup Time": 13541.78,
                        "Actual Total Time": 15438.156,
                        "Actual Rows": 181492,
                        "Actual Loops": 1,
                        "Inner Unique": true,
                        "Merge Cond": "(an.person_id = n.id)",
                        "Plans": [
                          {
                            "Node Type": "Merge Join",
                            "Parent Relationship": "Outer",
                            "Parallel Aware": false,
                            "Join Type": "Inner",
                            "Startup Cost": 2524846.0,
                            "Total Cost": 2588677.82,
                            "Plan Rows": 443,
                            "Plan Width": 53,
                            "Actual Startup Time": 13541.697,
                            "Actual Total Time": 13898.343,
                            "Actual Rows": 181492,
                            "Actual Loops": 1,
                            "Inner Unique": false,
                            "Merge Cond": "(an.person_id = ci.person_id)",
                            "Plans": [
                              {
                                "Node Type": "Index Scan",
                                "Parent Relationship": "Outer",
                                "Parallel Aware": false,
                                "Scan Direction": "Forward",
                                "Index Name": "person_id_aka_name",
                                "Relation Name": "aka_name",
                                "Alias": "an",
                                "Startup Cost": 0.42,
                                "Total Cost": 72027.93,
                                "Plan Rows": 901343,
                                "Plan Width": 20,
                                "Actual Startup Time": 0.01,
                                "Actual Total Time": 241.836,
                                "Actual Rows": 772499,
                                "Actual Loops": 1
                              },
                              {
                                "Node Type": "Sort",
                                "Parent Relationship": "Inner",
                                "Parallel Aware": false,
                                "Startup Cost": 2524845.58,
                                "Total Cost": 2524846.04,
                                "Plan Rows": 186,
                                "Plan Width": 33,
                                "Actual Startup Time": 13541.671,
                                "Actual Total Time": 13571.699,
                                "Actual Rows": 233290,
                                "Actual Loops": 1,
                                "Sort Key": [
                                  "ci.person_id"
                                ],
                                "Sort Method": "quicksort",
                                "Sort Space Used": 18032,
                                "Sort Space Type": "Memory",
                                "Plans": [
                                  {
                                    "Node Type": "Merge Join",
                                    "Parent Relationship": "Outer",
                                    "Parallel Aware": false,
                                    "Join Type": "Inner",
                                    "Startup Cost": 240502.29,
                                    "Total Cost": 2524838.57,
                                    "Plan Rows": 186,
                                    "Plan Width": 33,
                                    "Actual Startup Time": 136.588,
                                    "Actual Total Time": 13503.632,
                                    "Actual Rows": 134210,
                                    "Actual Loops": 1,
                                    "Inner Unique": false,
                                    "Merge Cond": "(t.id = ci.movie_id)",
                                    "Plans": [
                                      {
                                        "Node Type": "Merge Join",
                                        "Parent Relationship": "Outer",
                                        "Parallel Aware": false,
                                        "Join Type": "Inner",
                                        "Startup Cost": 240501.72,
                                        "Total Cost": 359389.65,
                                        "Plan Rows": 13,
                                        "Plan Width": 25,
                                        "Actual Startup Time": 133.995,
                                        "Actual Total Time": 1382.412,
                                        "Actual Rows": 6926,
                                        "Actual Loops": 1,
                                        "Inner Unique": false,
                                        "Merge Cond": "(t.id = mk.movie_id)",
                                        "Plans": [
                                          {
                                            "Node Type": "Index Scan",
                                            "Parent Relationship": "Outer",
                                            "Parallel Aware": false,
                                            "Scan Direction": "Forward",
                                            "Index Name": "title_pkey",
                                            "Relation Name": "title",
                                            "Alias": "t",
                                            "Startup Cost": 0.43,
                                            "Total Cost": 116680.33,
                                            "Plan Rows": 939828,
                                            "Plan Width": 21,
                                            "Actual Startup Time": 0.022,
                                            "Actual Total Time": 1197.957,
                                            "Actual Rows": 946023,
                                            "Actual Loops": 1,
                                            "Filter": "(episode_nr < 100)",
                                            "Rows Removed by Filter": 1579750
                                          },
                                          {
                                            "Node Type": "Sort",
                                            "Parent Relationship": "Inner",
                                            "Parallel Aware": false,
                                            "Startup Cost": 240487.87,
                                            "Total Cost": 240487.95,
                                            "Plan Rows": 34,
                                            "Plan Width": 4,
                                            "Actual Startup Time": 133.563,
                                            "Actual Total Time": 136.362,
                                            "Actual Rows": 41840,
                                            "Actual Loops": 1,
                                            "Sort Key": [
                                              "mk.movie_id"
                                            ],
                                            "Sort Method": "quicksort",
                                            "Sort Space Used": 3498,
                                            "Sort Space Type": "Memory",
                                            "Plans": [
                                              {
                                                "Node Type": "Merge Join",
                                                "Parent Relationship": "Outer",
                                                "Parallel Aware": false,
                                                "Join Type": "Inner",
                                                "Startup Cost": 3468.34,
                                                "Total Cost": 240487.0,
                                                "Plan Rows": 34,
                                                "Plan Width": 4,
                                                "Actual Startup Time": 108.459,
                                                "Actual Total Time": 127.644,
                                                "Actual Rows": 41840,
                                                "Actual Loops": 1,
                                                "Inner Unique": true,
                                                "Merge Cond": "(mk.keyword_id = k.id)",
                                                "Plans": [
                                                  {
                                                    "Node Type": "Index Scan",
                                                    "Parent Relationship": "Outer",
                                                    "Parallel Aware": false,
                                                    "Scan Direction": "Forward",
                                                    "Index Name": "keyword_id_movie_keyword",
                                                    "Relation Name": "movie_keyword",
                                                    "Alias": "mk",
                                                    "Startup Cost": 0.43,
                                                    "Total Cost": 226550.7,
                                                    "Plan Rows": 4523930,
                                                    "Plan Width": 8,
                                                    "Actual Startup Time": 0.015,
                                                    "Actual Total Time": 91.108,
                                                    "Actual Rows": 163762,
                                                    "Actual Loops": 1
                                                  },
                                                  {
                                                    "Node Type": "Sort",
                                                    "Parent Relationship": "Inner",
                                                    "Parallel Aware": false,
                                                    "Startup Cost": 2626.14,
                                                    "Total Cost": 2626.14,
                                                    "Plan Rows": 1,
                                                    "Plan Width": 4,
                                                    "Actual Startup Time": 23.504,
                                                    "Actual Total Time": 23.506,
                                                    "Actual Rows": 1,
                                                    "Actual Loops": 1,
                                                    "Sort Key": [
                                                      "k.id"
                                                    ],
                                                    "Sort Method": "quicksort",
                                                    "Sort Space Used": 25,
                                                    "Sort Space Type": "Memory",
                                                    "Plans": [
                                                      {
                                                        "Node Type": "Seq Scan",
                                                        "Parent Relationship": "Outer",
                                                        "Parallel Aware": false,
                                                        "Relation Name": "keyword",
                                                        "Alias": "k",
                                                        "Startup Cost": 0.0,
                                                        "Total Cost": 2626.12,
                                                        "Plan Rows": 1,
                                                        "Plan Width": 4,
                                                        "Actual Startup Time": 1.372,
                                                        "Actual Total Time": 23.496,
                                                        "Actual Rows": 1,
                                                        "Actual Loops": 1,
                                                        "Filter": "(keyword = 'character-name-in-title'::text)",
                                                        "Rows Removed by Filter": 134169
                                                      }
                                                    ]
                                                  }
                                                ]
                                              }
                                            ]
                                          }
                                        ]
                                      },
                                      {
                                        "Node Type": "Index Scan",
                                        "Parent Relationship": "Inner",
                                        "Parallel Aware": false,
                                        "Scan Direction": "Forward",
                                        "Index Name": "movie_id_cast_info",
                                        "Relation Name": "cast_info",
                                        "Alias": "ci",
                                        "Startup Cost": 0.56,
                                        "Total Cost": 2074802.47,
                                        "Plan Rows": 36257824,
                                        "Plan Width": 8,
                                        "Actual Startup Time": 0.018,
                                        "Actual Total Time": 10666.593,
                                        "Actual Rows": 22287185,
                                        "Actual Loops": 1
                                      }
                                    ]
                                  }
                                ]
                              }
                            ]
                          },
                          {
                            "Node Type": "Index Only Scan",
                            "Parent Relationship": "Inner",
                            "Parallel Aware": false,
                            "Scan Direction": "Forward",
                            "Index Name": "name_pkey",
                            "Relation Name": "name",
                            "Alias": "n",
                            "Startup Cost": 0.43,
                            "Total Cost": 178171.22,
                            "Plan Rows": 4167377,
                            "Plan Width": 4,
                            "Actual Startup Time": 0.032,
                            "Actual Total Time": 1344.369,
                            "Actual Rows": 4061471,
                            "Actual Loops": 1,
                            "Heap Fetches": 4061471
                          }
                        ]
                      }
                    ]
                  }
                ]
              }
            ]
          }
        ]
      }
    ]
  },
  "Planning Time": 2.892,
  "Triggers": [],
  "Execution Time": 16033.592
}