[
  {
    "Plan": {
      "Node Type": "Aggregate",
      "Strategy": "Plain",
      "Partial Mode": "Finalize",
      "Parallel Aware": false,
      "Startup Cost": 108697.38,
      "Total Cost": 108697.39,
      "Plan Rows": 1,
      "Plan Width": 8,
      "Actual Startup Time": 639.505,
      "Actual Total Time": 661.623,
      "Actual Rows": 1,
      "Actual Loops": 1,
      "Plans": [
        {
          "Node Type": "Gather",
          "Parent Relationship": "Outer",
          "Parallel Aware": false,
          "Startup Cost": 108697.06,
          "Total Cost": 108697.37,
          "Plan Rows": 3,
          "Plan Width": 8,
          "Actual Startup Time": 635.987,
          "Actual Total Time": 661.612,
          "Actual Rows": 4,
          "Actual Loops": 1,
          "Workers Planned": 3,
          "Workers Launched": 3,
          "Single Copy": false,
          "Plans": [
            {
              "Node Type": "Aggregate",
              "Strategy": "Plain",
              "Partial Mode": "Partial",
              "Parent Relationship": "Outer",
              "Parallel Aware": false,
              "Startup Cost": 107697.06,
              "Total Cost": 107697.07,
              "Plan Rows": 1,
              "Plan Width": 8,
              "Actual Startup Time": 630.278,
              "Actual Total Time": 630.517,
              "Actual Rows": 1,
              "Actual Loops": 4,
              "Plans": [
                {
                  "Node Type": "Hash Join",
                  "Parent Relationship": "Outer",
                  "Parallel Aware": true,
                  "Join Type": "Inner",
                  "Startup Cost": 62525.66,
                  "Total Cost": 107452.72,
                  "Plan Rows": 97737,
                  "Plan Width": 0,
                  "Actual Startup Time": 320.617,
                  "Actual Total Time": 574.307,
                  "Actual Rows": 1305408,
                  "Actual Loops": 4,
                  "Inner Unique": false,
                  "Hash Cond": "(mk.movie_id = t.id)",
                  "Plans": [
                    {
                      "Node Type": "Seq Scan",
                      "Parent Relationship": "Outer",
                      "Parallel Aware": true,
                      "Relation Name": "movie_keyword",
                      "Alias": "mk",
                      "Startup Cost": 0.0,
                      "Total Cost": 39047.32,
                      "Plan Rows": 1459332,
                      "Plan Width": 4,
                      "Actual Startup Time": 0.033,
                      "Actual Total Time": 90.054,
                      "Actual Rows": 1130982,
                      "Actual Loops": 4
                    },
                    {
                      "Node Type": "Hash",
                      "Parent Relationship": "Inner",
                      "Parallel Aware": true,
                      "Startup Cost": 61643.68,
                      "Total Cost": 61643.68,
                      "Plan Rows": 70558,
                      "Plan Width": 8,
                      "Actual Startup Time": 282.472,
                      "Actual Total Time": 282.71,
                      "Actual Rows": 99625,
                      "Actual Loops": 4,
                      "Hash Buckets": 524288,
                      "Original Hash Buckets": 262144,
                      "Hash Batches": 1,
                      "Original Hash Batches": 1,
                      "Peak Memory Usage": 21824,
                      "Plans": [
                        {
                          "Node Type": "Hash Join",
                          "Parent Relationship": "Outer",
                          "Parallel Aware": true,
                          "Join Type": "Inner",
                          "Startup Cost": 46449.12,
                          "Total Cost": 61643.68,
                          "Plan Rows": 70558,
                          "Plan Width": 8,
                          "Actual Startup Time": 184.943,
                          "Actual Total Time": 246.642,
                          "Actual Rows": 99625,
                          "Actual Loops": 4,
                          "Inner Unique": true,
                          "Hash Cond": "(mi_idx.movie_id = t.id)",
                          "Plans": [
                            {
                              "Node Type": "Seq Scan",
                              "Parent Relationship": "Outer",
                              "Parallel Aware": true,
                              "Relation Name": "movie_info_idx",
                              "Alias": "mi_idx",
                              "Startup Cost": 0.0,
                              "Total Cost": 13685.15,
                              "Plan Rows": 575015,
                              "Plan Width": 4,
                              "Actual Startup Time": 0.011,
                              "Actual Total Time": 34.611,
                              "Actual Rows": 345009,
                              "Actual Loops": 4
                            },
                            {
                              "Node Type": "Hash",
                              "Parent Relationship": "Inner",
                              "Parallel Aware": true,
                              "Startup Cost": 45479.59,
                              "Total Cost": 45479.59,
                              "Plan Rows": 77563,
                              "Plan Width": 4,
                              "Actual Startup Time": 149.151,
                              "Actual Total Time": 149.152,
                              "Actual Rows": 100185,
                              "Actual Loops": 4,
                              "Hash Buckets": 524288,
                              "Original Hash Buckets": 524288,
                              "Hash Batches": 1,
                              "Original Hash Batches": 1,
                              "Peak Memory Usage": 19840,
                              "Plans": [
                                {
                                  "Node Type": "Seq Scan",
                                  "Parent Relationship": "Outer",
                                  "Parallel Aware": true,
                                  "Relation Name": "title",
                                  "Alias": "t",
                                  "Startup Cost": 0.0,
                                  "Total Cost": 45479.59,
                                  "Plan Rows": 77563,
                                  "Plan Width": 4,
                                  "Actual Startup Time": 66.314,
                                  "Actual Total Time": 112.212,
                                  "Actual Rows": 100185,
                                  "Actual Loops": 4,
                                  "Filter": "((production_year < 2003) AND (kind_id = 1))",
                                  "Rows Removed by Filter": 531893
                                }
                              ]
                            }
                          ]
                        }
                      ]
                    }
                  ]
                }
              ]
            }
          ]
        }
      ]
    },
    "Planning Time": 1.184,
    "Triggers": [],
    "Execution Time": 661.709
  }
]