[
  {
    "Plan": {
      "Node Type": "Aggregate",
      "Strategy": "Plain",
      "Partial Mode": "Finalize",
      "Parallel Aware": false,
      "Startup Cost": 29230.64,
      "Total Cost": 29230.65,
      "Plan Rows": 1,
      "Plan Width": 8,
      "Actual Startup Time": 40.003,
      "Actual Total Time": 45.637,
      "Actual Rows": 1,
      "Actual Loops": 1,
      "Plans": [
        {
          "Node Type": "Gather",
          "Parent Relationship": "Outer",
          "Parallel Aware": false,
          "Startup Cost": 29230.43,
          "Total Cost": 29230.64,
          "Plan Rows": 2,
          "Plan Width": 8,
          "Actual Startup Time": 39.796,
          "Actual Total Time": 45.629,
          "Actual Rows": 3,
          "Actual Loops": 1,
          "Workers Planned": 2,
          "Workers Launched": 2,
          "Single Copy": false,
          "Plans": [
            {
              "Node Type": "Aggregate",
              "Strategy": "Plain",
              "Partial Mode": "Partial",
              "Parent Relationship": "Outer",
              "Parallel Aware": false,
              "Startup Cost": 28230.43,
              "Total Cost": 28230.44,
              "Plan Rows": 1,
              "Plan Width": 8,
              "Actual Startup Time": 31.706,
              "Actual Total Time": 31.708,
              "Actual Rows": 1,
              "Actual Loops": 3,
              "Plans": [
                {
                  "Node Type": "Nested Loop",
                  "Parent Relationship": "Outer",
                  "Parallel Aware": false,
                  "Join Type": "Inner",
                  "Startup Cost": 112.6,
                  "Total Cost": 28226.9,
                  "Plan Rows": 1411,
                  "Plan Width": 0,
                  "Actual Startup Time": 2.21,
                  "Actual Total Time": 31.406,
                  "Actual Rows": 1527,
                  "Actual Loops": 3,
                  "Inner Unique": true,
                  "Plans": [
                    {
                      "Node Type": "Bitmap Heap Scan",
                      "Parent Relationship": "Outer",
                      "Parallel Aware": true,
                      "Relation Name": "movie_keyword",
                      "Alias": "mk",
                      "Startup Cost": 112.17,
                      "Total Cost": 12637.41,
                      "Plan Rows": 2136,
                      "Plan Width": 4,
                      "Actual Startup Time": 2.03,
                      "Actual Total Time": 10.361,
                      "Actual Rows": 1559,
                      "Actual Loops": 3,
                      "Recheck Cond": "(keyword_id = 2849)",
                      "Rows Removed by Index Recheck": 0,
                      "Exact Heap Blocks": 2634,
                      "Lossy Heap Blocks": 0,
                      "Plans": [
                        {
                          "Node Type": "Bitmap Index Scan",
                          "Parent Relationship": "Outer",
                          "Parallel Aware": false,
                          "Index Name": "keyword_id_movie_keyword",
                          "Startup Cost": 0.0,
                          "Total Cost": 110.89,
                          "Plan Rows": 5127,
                          "Plan Width": 0,
                          "Actual Startup Time": 3.96,
                          "Actual Total Time": 3.961,
                          "Actual Rows": 4676,
                          "Actual Loops": 1,
                          "Index Cond": "(keyword_id = 2849)"
                        }
                      ]
                    },
                    {
                      "Node Type": "Index Scan",
                      "Parent Relationship": "Inner",
                      "Parallel Aware": false,
                      "Scan Direction": "Forward",
                      "Index Name": "title_pkey",
                      "Relation Name": "title",
                      "Alias": "t",
                      "Startup Cost": 0.43,
                      "Total Cost": 7.3,
                      "Plan Rows": 1,
                      "Plan Width": 4,
                      "Actual Startup Time": 0.013,
                      "Actual Total Time": 0.013,
                      "Actual Rows": 1,
                      "Actual Loops": 4676,
                      "Index Cond": "(id = mk.movie_id)",
                      "Rows Removed by Index Recheck": 0,
                      "Filter": "(production_year < 2008)",
                      "Rows Removed by Filter": 0
                    }
                  ]
                }
              ]
            }
          ]
        }
      ]
    },
    "Planning Time": 0.64,
    "Triggers": [],
    "Execution Time": 45.731
  }
]