{
  "Plan": {
    "Node Type": "Aggregate",
    "Strategy": "Plain",
    "Partial Mode": "Finalize",
    "Parallel Aware": false,
    "Startup Cost": 120091.56,
    "Total Cost": 120091.57,
    "Plan Rows": 1,
    "Plan Width": 8,
    "Actual Startup Time": 206.051,
    "Actual Total Time": 212.073,
    "Actual Rows": 1,
    "Actual Loops": 1,
    "Plans": [
      {
        "Node Type": "Gather",
        "Parent Relationship": "Outer",
        "Parallel Aware": false,
        "Startup Cost": 120091.44,
        "Total Cost": 120091.55,
        "Plan Rows": 1,
        "Plan Width": 8,
        "Actual Startup Time": 204.851,
        "Actual Total Time": 212.065,
        "Actual Rows": 2,
        "Actual Loops": 1,
        "Workers Planned": 1,
        "Workers Launched": 1,
        "Single Copy": false,
        "Plans": [
          {
            "Node Type": "Aggregate",
            "Strategy": "Plain",
            "Partial Mode": "Partial",
            "Parent Relationship": "Outer",
            "Parallel Aware": false,
            "Startup Cost": 119091.44,
            "Total Cost": 119091.45,
            "Plan Rows": 1,
            "Plan Width": 8,
            "Actual Startup Time": 198.711,
            "Actual Total Time": 198.715,
            "Actual Rows": 1,
            "Actual Loops": 2,
            "Plans": [
              {
                "Node Type": "Hash Join",
                "Parent Relationship": "Outer",
                "Parallel Aware": true,
                "Join Type": "Inner",
                "Startup Cost": 58154.53,
                "Total Cost": 119084.53,
                "Plan Rows": 2766,
                "Plan Width": 0,
                "Actual Startup Time": 190.778,
                "Actual Total Time": 198.516,
                "Actual Rows": 2922,
                "Actual Loops": 2,
                "Inner Unique": true,
                "Hash Cond": "(mi.movie_id = t.id)",
                "Plans": [
                  {
                    "Node Type": "Bitmap Heap Scan",
                    "Parent Relationship": "Outer",
                    "Parallel Aware": true,
                    "Relation Name": "movie_info",
                    "Alias": "mi",
                    "Startup Cost": 404.29,
                    "Total Cost": 61300.05,
                    "Plan Rows": 13044,
                    "Plan Width": 4,
                    "Actual Startup Time": 1.931,
                    "Actual Total Time": 6.437,
                    "Actual Rows": 9270,
                    "Actual Loops": 2,
                    "Recheck Cond": "(info_type_id = 90)",
                    "Rows Removed by Index Recheck": 0,
                    "Exact Heap Blocks": 1070,
                    "Lossy Heap Blocks": 0,
                    "Plans": [
                      {
                        "Node Type": "Bitmap Index Scan",
                        "Parent Relationship": "Outer",
                        "Parallel Aware": false,
                        "Index Name": "info_type_id_movie_info",
                        "Startup Cost": 0.0,
                        "Total Cost": 398.75,
                        "Plan Rows": 22175,
                        "Plan Width": 0,
                        "Actual Startup Time": 1.43,
                        "Actual Total Time": 1.431,
                        "Actual Rows": 18539,
                        "Actual Loops": 1,
                        "Index Cond": "(info_type_id = 90)"
                      }
                    ]
                  },
                  {
                    "Node Type": "Hash",
                    "Parent Relationship": "Inner",
                    "Parallel Aware": true,
                    "Startup Cost": 53807.17,
                    "Total Cost": 53807.17,
                    "Plan Rows": 315445,
                    "Plan Width": 4,
                    "Actual Startup Time": 179.004,
                    "Actual Total Time": 179.005,
                    "Actual Rows": 206135,
                    "Actual Loops": 2,
                    "Hash Buckets": 1048576,
                    "Original Hash Buckets": 1048576,
                    "Hash Batches": 1,
                    "Original Hash Batches": 1,
                    "Peak Memory Usage": 24352,
                    "Plans": [
                      {
                        "Node Type": "Bitmap Heap Scan",
                        "Parent Relationship": "Outer",
                        "Parallel Aware": true,
                        "Relation Name": "title",
                        "Alias": "t",
                        "Startup Cost": 11956.91,
                        "Total Cost": 53807.17,
                        "Plan Rows": 315445,
                        "Plan Width": 4,
                        "Actual Startup Time": 37.499,
                        "Actual Total Time": 116.791,
                        "Actual Rows": 206135,
                        "Actual Loops": 2,
                        "Recheck Cond": "(kind_id = 1)",
                        "Rows Removed by Index Recheck": 0,
                        "Filter": "(production_year > 1973)",
                        "Rows Removed by Filter": 125278,
                        "Exact Heap Blocks": 6498,
                        "Lossy Heap Blocks": 0,
                        "Plans": [
                          {
                            "Node Type": "Bitmap Index Scan",
                            "Parent Relationship": "Outer",
                            "Parallel Aware": false,
                            "Index Name": "kind_id_title",
                            "Startup Cost": 0.0,
                            "Total Cost": 11822.85,
                            "Plan Rows": 663256,
                            "Plan Width": 0,
                            "Actual Startup Time": 34.629,
                            "Actual Total Time": 34.629,
                            "Actual Rows": 662825,
                            "Actual Loops": 1,
                            "Index Cond": "(kind_id = 1)"
                          }
                        ]
                      }
                    ]
                  }
                ]
              }
            ]
          }
        ]
      }
    ]
  },
  "Planning Time": 0.643,
  "Triggers": [],
  "Execution Time": 212.176
}