{
  "Plan": {
    "Node Type": "Aggregate",
    "Strategy": "Plain",
    "Partial Mode": "Finalize",
    "Parallel Aware": false,
    "Startup Cost": 100137.7,
    "Total Cost": 100137.71,
    "Plan Rows": 1,
    "Plan Width": 8,
    "Actual Startup Time": 534.262,
    "Actual Total Time": 547.132,
    "Actual Rows": 1,
    "Actual Loops": 1,
    "Plans": [
      {
        "Node Type": "Gather",
        "Parent Relationship": "Outer",
        "Parallel Aware": false,
        "Startup Cost": 100137.58,
        "Total Cost": 100137.69,
        "Plan Rows": 1,
        "Plan Width": 8,
        "Actual Startup Time": 533.244,
        "Actual Total Time": 547.124,
        "Actual Rows": 2,
        "Actual Loops": 1,
        "Workers Planned": 1,
        "Workers Launched": 1,
        "Single Copy": false,
        "Plans": [
          {
            "Node Type": "Aggregate",
            "Strategy": "Plain",
            "Partial Mode": "Partial",
            "Parent Relationship": "Outer",
            "Parallel Aware": false,
            "Startup Cost": 99137.58,
            "Total Cost": 99137.59,
            "Plan Rows": 1,
            "Plan Width": 8,
            "Actual Startup Time": 527.027,
            "Actual Total Time": 527.032,
            "Actual Rows": 1,
            "Actual Loops": 2,
            "Plans": [
              {
                "Node Type": "Hash Join",
                "Parent Relationship": "Outer",
                "Parallel Aware": true,
                "Join Type": "Inner",
                "Startup Cost": 36562.8,
                "Total Cost": 98419.03,
                "Plan Rows": 287423,
                "Plan Width": 0,
                "Actual Startup Time": 144.982,
                "Actual Total Time": 516.914,
                "Actual Rows": 247808,
                "Actual Loops": 2,
                "Inner Unique": false,
                "Hash Cond": "(t.id = mc.movie_id)",
                "Plans": [
                  {
                    "Node Type": "Seq Scan",
                    "Parent Relationship": "Outer",
                    "Parallel Aware": true,
                    "Relation Name": "title",
                    "Alias": "t",
                    "Startup Cost": 0.0,
                    "Total Cost": 50870.31,
                    "Plan Rows": 1487231,
                    "Plan Width": 4,
                    "Actual Startup Time": 0.009,
                    "Actual Total Time": 120.297,
                    "Actual Rows": 1264156,
                    "Actual Loops": 2
                  },
                  {
                    "Node Type": "Hash",
                    "Parent Relationship": "Inner",
                    "Parallel Aware": true,
                    "Startup Cost": 32970.01,
                    "Total Cost": 32970.01,
                    "Plan Rows": 287423,
                    "Plan Width": 4,
                    "Actual Startup Time": 139.066,
                    "Actual Total Time": 139.067,
                    "Actual Rows": 247808,
                    "Actual Loops": 2,
                    "Hash Buckets": 524288,
                    "Original Hash Buckets": 524288,
                    "Hash Batches": 1,
                    "Original Hash Batches": 1,
                    "Peak Memory Usage": 23520,
                    "Plans": [
                      {
                        "Node Type": "Bitmap Heap Scan",
                        "Parent Relationship": "Outer",
                        "Parallel Aware": true,
                        "Relation Name": "movie_companies",
                        "Alias": "mc",
                        "Startup Cost": 10587.23,
                        "Total Cost": 32970.01,
                        "Plan Rows": 287423,
                        "Plan Width": 4,
                        "Actual Startup Time": 42.528,
                        "Actual Total Time": 91.388,
                        "Actual Rows": 247808,
                        "Actual Loops": 2,
                        "Recheck Cond": "(company_id > 74404)",
                        "Rows Removed by Index Recheck": 0,
                        "Exact Heap Blocks": 4565,
                        "Lossy Heap Blocks": 0,
                        "Plans": [
                          {
                            "Node Type": "Bitmap Index Scan",
                            "Parent Relationship": "Outer",
                            "Parallel Aware": false,
                            "Index Name": "company_id_movie_companies",
                            "Startup Cost": 0.0,
                            "Total Cost": 10465.07,
                            "Plan Rows": 488619,
                            "Plan Width": 0,
                            "Actual Startup Time": 41.731,
                            "Actual Total Time": 41.731,
                            "Actual Rows": 495616,
                            "Actual Loops": 1,
                            "Index Cond": "(company_id > 74404)"
                          }
                        ]
                      }
                    ]
                  }
                ]
              }
            ]
          }
        ]
      }
    ]
  },
  "Planning Time": 0.716,
  "Triggers": [],
  "Execution Time": 547.224
}