[
  {
    "Plan": {
      "Node Type": "Aggregate",
      "Strategy": "Plain",
      "Partial Mode": "Finalize",
      "Parallel Aware": false,
      "Startup Cost": 55640.03,
      "Total Cost": 55640.04,
      "Plan Rows": 1,
      "Plan Width": 8,
      "Actual Startup Time": 151.922,
      "Actual Total Time": 178.36,
      "Actual Rows": 1,
      "Actual Loops": 1,
      "Plans": [
        {
          "Node Type": "Gather",
          "Parent Relationship": "Outer",
          "Parallel Aware": false,
          "Startup Cost": 55639.61,
          "Total Cost": 55640.02,
          "Plan Rows": 4,
          "Plan Width": 8,
          "Actual Startup Time": 151.716,
          "Actual Total Time": 178.344,
          "Actual Rows": 5,
          "Actual Loops": 1,
          "Workers Planned": 4,
          "Workers Launched": 4,
          "Single Copy": false,
          "Plans": [
            {
              "Node Type": "Aggregate",
              "Strategy": "Plain",
              "Partial Mode": "Partial",
              "Parent Relationship": "Outer",
              "Parallel Aware": false,
              "Startup Cost": 54639.61,
              "Total Cost": 54639.62,
              "Plan Rows": 1,
              "Plan Width": 8,
              "Actual Startup Time": 143.292,
              "Actual Total Time": 143.294,
              "Actual Rows": 1,
              "Actual Loops": 5,
              "Plans": [
                {
                  "Node Type": "Nested Loop",
                  "Parent Relationship": "Outer",
                  "Parallel Aware": false,
                  "Join Type": "Inner",
                  "Startup Cost": 0.43,
                  "Total Cost": 54637.57,
                  "Plan Rows": 817,
                  "Plan Width": 0,
                  "Actual Startup Time": 1.801,
                  "Actual Total Time": 143.081,
                  "Actual Rows": 1572,
                  "Actual Loops": 5,
                  "Inner Unique": false,
                  "Plans": [
                    {
                      "Node Type": "Seq Scan",
                      "Parent Relationship": "Outer",
                      "Parallel Aware": true,
                      "Relation Name": "title",
                      "Alias": "t",
                      "Startup Cost": 0.0,
                      "Total Cost": 45479.59,
                      "Plan Rows": 1496,
                      "Plan Width": 4,
                      "Actual Startup Time": 0.795,
                      "Actual Total Time": 122.48,
                      "Actual Rows": 1310,
                      "Actual Loops": 5,
                      "Filter": "((kind_id < 7) AND (production_year = 1979))",
                      "Rows Removed by Filter": 504353
                    },
                    {
                      "Node Type": "Index Only Scan",
                      "Parent Relationship": "Inner",
                      "Parallel Aware": false,
                      "Scan Direction": "Forward",
                      "Index Name": "movie_id_movie_info_idx",
                      "Relation Name": "movie_info_idx",
                      "Alias": "mi_idx",
                      "Startup Cost": 0.43,
                      "Total Cost": 6.09,
                      "Plan Rows": 3,
                      "Plan Width": 4,
                      "Actual Startup Time": 0.014,
                      "Actual Total Time": 0.015,
                      "Actual Rows": 1,
                      "Actual Loops": 6548,
                      "Index Cond": "(movie_id = t.id)",
                      "Rows Removed by Index Recheck": 0,
                      "Heap Fetches": 7859
                    }
                  ]
                }
              ]
            }
          ]
        }
      ]
    },
    "Planning Time": 0.35,
    "Triggers": [],
    "Execution Time": 178.416
  }
]