[
  {
    "Plan": {
      "Node Type": "Aggregate",
      "Strategy": "Plain",
      "Partial Mode": "Finalize",
      "Parallel Aware": false,
      "Startup Cost": 318118.71,
      "Total Cost": 318118.72,
      "Plan Rows": 1,
      "Plan Width": 8,
      "Actual Startup Time": 1252.452,
      "Actual Total Time": 1282.969,
      "Actual Rows": 1,
      "Actual Loops": 1,
      "Plans": [
        {
          "Node Type": "Gather",
          "Parent Relationship": "Outer",
          "Parallel Aware": false,
          "Startup Cost": 318118.19,
          "Total Cost": 318118.7,
          "Plan Rows": 5,
          "Plan Width": 8,
          "Actual Startup Time": 1235.552,
          "Actual Total Time": 1282.959,
          "Actual Rows": 6,
          "Actual Loops": 1,
          "Workers Planned": 5,
          "Workers Launched": 5,
          "Single Copy": false,
          "Plans": [
            {
              "Node Type": "Aggregate",
              "Strategy": "Plain",
              "Partial Mode": "Partial",
              "Parent Relationship": "Outer",
              "Parallel Aware": false,
              "Startup Cost": 317118.19,
              "Total Cost": 317118.2,
              "Plan Rows": 1,
              "Plan Width": 8,
              "Actual Startup Time": 1226.702,
              "Actual Total Time": 1227.133,
              "Actual Rows": 1,
              "Actual Loops": 6,
              "Plans": [
                {
                  "Node Type": "Hash Join",
                  "Parent Relationship": "Outer",
                  "Parallel Aware": true,
                  "Join Type": "Inner",
                  "Startup Cost": 102624.45,
                  "Total Cost": 311911.83,
                  "Plan Rows": 2082541,
                  "Plan Width": 0,
                  "Actual Startup Time": 364.663,
                  "Actual Total Time": 1129.317,
                  "Actual Rows": 2459444,
                  "Actual Loops": 6,
                  "Inner Unique": false,
                  "Hash Cond": "(mi.movie_id = t.id)",
                  "Plans": [
                    {
                      "Node Type": "Seq Scan",
                      "Parent Relationship": "Outer",
                      "Parallel Aware": true,
                      "Relation Name": "movie_info",
                      "Alias": "mi",
                      "Startup Cost": 0.0,
                      "Total Cost": 191503.19,
                      "Plan Rows": 2951019,
                      "Plan Width": 4,
                      "Actual Startup Time": 0.021,
                      "Actual Total Time": 255.574,
                      "Actual Rows": 2472620,
                      "Actual Loops": 6
                    },
                    {
                      "Node Type": "Hash",
                      "Parent Relationship": "Inner",
                      "Parallel Aware": true,
                      "Startup Cost": 95429.93,
                      "Total Cost": 95429.93,
                      "Plan Rows": 575562,
                      "Plan Width": 8,
                      "Actual Startup Time": 360.542,
                      "Actual Total Time": 360.972,
                      "Actual Rows": 160948,
                      "Actual Loops": 6,
                      "Hash Buckets": 2097152,
                      "Original Hash Buckets": 2097152,
                      "Hash Batches": 1,
                      "Original Hash Batches": 1,
                      "Peak Memory Usage": 54272,
                      "Plans": [
                        {
                          "Node Type": "Hash Join",
                          "Parent Relationship": "Outer",
                          "Parallel Aware": true,
                          "Join Type": "Inner",
                          "Startup Cost": 50212.07,
                          "Total Cost": 95429.93,
                          "Plan Rows": 575562,
                          "Plan Width": 8,
                          "Actual Startup Time": 183.0,
                          "Actual Total Time": 317.747,
                          "Actual Rows": 160948,
                          "Actual Loops": 6,
                          "Inner Unique": true,
                          "Hash Cond": "(mk.movie_id = t.id)",
                          "Plans": [
                            {
                              "Node Type": "Seq Scan",
                              "Parent Relationship": "Outer",
                              "Parallel Aware": true,
                              "Relation Name": "movie_keyword",
                              "Alias": "mk",
                              "Startup Cost": 0.0,
                              "Total Cost": 42695.65,
                              "Plan Rows": 960840,
                              "Plan Width": 4,
                              "Actual Startup Time": 0.085,
                              "Actual Total Time": 73.361,
                              "Actual Rows": 495584,
                              "Actual Loops": 6,
                              "Filter": "(keyword_id > 2276)",
                              "Rows Removed by Filter": 258405
                            },
                            {
                              "Node Type": "Hash",
                              "Parent Relationship": "Inner",
                              "Parallel Aware": true,
                              "Startup Cost": 45479.21,
                              "Total Cost": 45479.21,
                              "Plan Rows": 378629,
                              "Plan Width": 4,
                              "Actual Startup Time": 180.737,
                              "Actual Total Time": 180.738,
                              "Actual Rows": 251206,
                              "Actual Loops": 6,
                              "Hash Buckets": 2097152,
                              "Original Hash Buckets": 2097152,
                              "Hash Batches": 1,
                              "Original Hash Batches": 1,
                              "Peak Memory Usage": 75456,
                              "Plans": [
                                {
                                  "Node Type": "Seq Scan",
                                  "Parent Relationship": "Outer",
                                  "Parallel Aware": true,
                                  "Relation Name": "title",
                                  "Alias": "t",
                                  "Startup Cost": 0.0,
                                  "Total Cost": 45479.21,
                                  "Plan Rows": 378629,
                                  "Plan Width": 4,
                                  "Actual Startup Time": 0.039,
                                  "Actual Total Time": 78.418,
                                  "Actual Rows": 251206,
                                  "Actual Loops": 6,
                                  "Filter": "((kind_id > 1) AND (production_year < 2011))",
                                  "Rows Removed by Filter": 170180
                                }
                              ]
                            }
                          ]
                        }
                      ]
                    }
                  ]
                }
              ]
            }
          ]
        }
      ]
    },
    "Planning Time": 0.695,
    "Triggers": [],
    "Execution Time": 1283.034
  }
]