[
  {
    "Plan": {
      "Node Type": "Aggregate",
      "Strategy": "Plain",
      "Partial Mode": "Finalize",
      "Parallel Aware": false,
      "Startup Cost": 45527.61,
      "Total Cost": 45527.62,
      "Plan Rows": 1,
      "Plan Width": 8,
      "Actual Startup Time": 155.86,
      "Actual Total Time": 162.937,
      "Actual Rows": 1,
      "Actual Loops": 1,
      "Plans": [
        {
          "Node Type": "Gather",
          "Parent Relationship": "Outer",
          "Parallel Aware": false,
          "Startup Cost": 45527.29,
          "Total Cost": 45527.6,
          "Plan Rows": 3,
          "Plan Width": 8,
          "Actual Startup Time": 155.753,
          "Actual Total Time": 162.929,
          "Actual Rows": 4,
          "Actual Loops": 1,
          "Workers Planned": 3,
          "Workers Launched": 3,
          "Single Copy": false,
          "Plans": [
            {
              "Node Type": "Aggregate",
              "Strategy": "Plain",
              "Partial Mode": "Partial",
              "Parent Relationship": "Outer",
              "Parallel Aware": false,
              "Startup Cost": 44527.29,
              "Total Cost": 44527.3,
              "Plan Rows": 1,
              "Plan Width": 8,
              "Actual Startup Time": 147.615,
              "Actual Total Time": 147.616,
              "Actual Rows": 1,
              "Actual Loops": 4,
              "Plans": [
                {
                  "Node Type": "Seq Scan",
                  "Parent Relationship": "Outer",
                  "Parallel Aware": true,
                  "Relation Name": "movie_keyword",
                  "Alias": "mk",
                  "Startup Cost": 0.0,
                  "Total Cost": 42695.65,
                  "Plan Rows": 732655,
                  "Plan Width": 0,
                  "Actual Startup Time": 0.729,
                  "Actual Total Time": 118.9,
                  "Actual Rows": 563464,
                  "Actual Loops": 4,
                  "Filter": "(keyword_id > 4755)",
                  "Rows Removed by Filter": 567519
                }
              ]
            }
          ]
        }
      ]
    },
    "Planning Time": 0.19,
    "Triggers": [],
    "Execution Time": 162.99
  }
]