[
  {
    "Plan": {
      "Node Type": "Aggregate",
      "Strategy": "Plain",
      "Partial Mode": "Finalize",
      "Parallel Aware": false,
      "Startup Cost": 47048.33,
      "Total Cost": 47048.34,
      "Plan Rows": 1,
      "Plan Width": 8,
      "Actual Startup Time": 115.704,
      "Actual Total Time": 128.283,
      "Actual Rows": 1,
      "Actual Loops": 1,
      "Plans": [
        {
          "Node Type": "Gather",
          "Parent Relationship": "Outer",
          "Parallel Aware": false,
          "Startup Cost": 47047.91,
          "Total Cost": 47048.32,
          "Plan Rows": 4,
          "Plan Width": 8,
          "Actual Startup Time": 115.562,
          "Actual Total Time": 128.273,
          "Actual Rows": 5,
          "Actual Loops": 1,
          "Workers Planned": 4,
          "Workers Launched": 4,
          "Single Copy": false,
          "Plans": [
            {
              "Node Type": "Aggregate",
              "Strategy": "Plain",
              "Partial Mode": "Partial",
              "Parent Relationship": "Outer",
              "Parallel Aware": false,
              "Startup Cost": 46047.91,
              "Total Cost": 46047.92,
              "Plan Rows": 1,
              "Plan Width": 8,
              "Actual Startup Time": 107.025,
              "Actual Total Time": 107.026,
              "Actual Rows": 1,
              "Actual Loops": 5,
              "Plans": [
                {
                  "Node Type": "Seq Scan",
                  "Parent Relationship": "Outer",
                  "Parallel Aware": true,
                  "Relation Name": "title",
                  "Alias": "t",
                  "Startup Cost": 0.0,
                  "Total Cost": 45479.1,
                  "Plan Rows": 227523,
                  "Plan Width": 0,
                  "Actual Startup Time": 0.043,
                  "Actual Total Time": 98.804,
                  "Actual Rows": 167832,
                  "Actual Loops": 5,
                  "Filter": "((kind_id < 7) AND (production_year > 1938))",
                  "Rows Removed by Filter": 337831
                }
              ]
            }
          ]
        }
      ]
    },
    "Planning Time": 0.16,
    "Triggers": [],
    "Execution Time": 128.336
  }
]