{
  "Plan": {
    "Node Type": "Aggregate",
    "Strategy": "Plain",
    "Partial Mode": "Finalize",
    "Parallel Aware": false,
    "Startup Cost": 495952.93,
    "Total Cost": 495952.94,
    "Plan Rows": 1,
    "Plan Width": 8,
    "Actual Startup Time": 1490.09,
    "Actual Total Time": 1522.872,
    "Actual Rows": 1,
    "Actual Loops": 1,
    "Plans": [
      {
        "Node Type": "Gather",
        "Parent Relationship": "Outer",
        "Parallel Aware": false,
        "Startup Cost": 495952.81,
        "Total Cost": 495952.92,
        "Plan Rows": 1,
        "Plan Width": 8,
        "Actual Startup Time": 1488.262,
        "Actual Total Time": 1522.862,
        "Actual Rows": 2,
        "Actual Loops": 1,
        "Workers Planned": 1,
        "Workers Launched": 1,
        "Single Copy": false,
        "Plans": [
          {
            "Node Type": "Aggregate",
            "Strategy": "Plain",
            "Partial Mode": "Partial",
            "Parent Relationship": "Outer",
            "Parallel Aware": false,
            "Startup Cost": 494952.81,
            "Total Cost": 494952.82,
            "Plan Rows": 1,
            "Plan Width": 8,
            "Actual Startup Time": 1482.306,
            "Actual Total Time": 1482.31,
            "Actual Rows": 1,
            "Actual Loops": 2,
            "Plans": [
              {
                "Node Type": "Hash Join",
                "Parent Relationship": "Outer",
                "Parallel Aware": true,
                "Join Type": "Inner",
                "Startup Cost": 189304.03,
                "Total Cost": 493308.61,
                "Plan Rows": 657683,
                "Plan Width": 0,
                "Actual Startup Time": 425.91,
                "Actual Total Time": 1444.333,
                "Actual Rows": 711890,
                "Actual Loops": 2,
                "Inner Unique": true,
                "Hash Cond": "(ci.movie_id = t.id)",
                "Plans": [
                  {
                    "Node Type": "Bitmap Heap Scan",
                    "Parent Relationship": "Outer",
                    "Parallel Aware": true,
                    "Relation Name": "cast_info",
                    "Alias": "ci",
                    "Startup Cost": 127393.98,
                    "Total Cost": 422492.2,
                    "Plan Rows": 3392897,
                    "Plan Width": 4,
                    "Actual Startup Time": 182.817,
                    "Actual Total Time": 552.938,
                    "Actual Rows": 2794548,
                    "Actual Loops": 2,
                    "Recheck Cond": "(person_id > 3093501)",
                    "Rows Removed by Index Recheck": 0,
                    "Exact Heap Blocks": 48422,
                    "Lossy Heap Blocks": 0,
                    "Plans": [
                      {
                        "Node Type": "Bitmap Index Scan",
                        "Parent Relationship": "Outer",
                        "Parallel Aware": false,
                        "Index Name": "person_id_cast_info",
                        "Startup Cost": 0.0,
                        "Total Cost": 125952.0,
                        "Plan Rows": 5767925,
                        "Plan Width": 0,
                        "Actual Startup Time": 169.447,
                        "Actual Total Time": 169.448,
                        "Actual Rows": 5589097,
                        "Actual Loops": 1,
                        "Index Cond": "(person_id > 3093501)"
                      }
                    ]
                  },
                  {
                    "Node Type": "Hash",
                    "Parent Relationship": "Inner",
                    "Parallel Aware": true,
                    "Startup Cost": 58306.47,
                    "Total Cost": 58306.47,
                    "Plan Rows": 288286,
                    "Plan Width": 4,
                    "Actual Startup Time": 237.251,
                    "Actual Total Time": 237.252,
                    "Actual Rows": 250890,
                    "Actual Loops": 2,
                    "Hash Buckets": 524288,
                    "Original Hash Buckets": 524288,
                    "Hash Batches": 1,
                    "Original Hash Batches": 1,
                    "Peak Memory Usage": 23744,
                    "Plans": [
                      {
                        "Node Type": "Seq Scan",
                        "Parent Relationship": "Outer",
                        "Parallel Aware": true,
                        "Relation Name": "title",
                        "Alias": "t",
                        "Startup Cost": 0.0,
                        "Total Cost": 58306.47,
                        "Plan Rows": 288286,
                        "Plan Width": 4,
                        "Actual Startup Time": 0.032,
                        "Actual Total Time": 173.289,
                        "Actual Rows": 250890,
                        "Actual Loops": 2,
                        "Filter": "((kind_id > 1) AND (production_year > 2008))",
                        "Rows Removed by Filter": 1013266
                      }
                    ]
                  }
                ]
              }
            ]
          }
        ]
      }
    ]
  },
  "Planning Time": 0.44,
  "Triggers": [],
  "Execution Time": 1522.967
}