[
  {
    "Plan": {
      "Node Type": "Aggregate",
      "Strategy": "Plain",
      "Partial Mode": "Finalize",
      "Parallel Aware": false,
      "Startup Cost": 25618.39,
      "Total Cost": 25618.4,
      "Plan Rows": 1,
      "Plan Width": 8,
      "Actual Startup Time": 62.114,
      "Actual Total Time": 66.402,
      "Actual Rows": 1,
      "Actual Loops": 1,
      "Plans": [
        {
          "Node Type": "Gather",
          "Parent Relationship": "Outer",
          "Parallel Aware": false,
          "Startup Cost": 25618.07,
          "Total Cost": 25618.38,
          "Plan Rows": 3,
          "Plan Width": 8,
          "Actual Startup Time": 61.954,
          "Actual Total Time": 66.394,
          "Actual Rows": 4,
          "Actual Loops": 1,
          "Workers Planned": 3,
          "Workers Launched": 3,
          "Single Copy": false,
          "Plans": [
            {
              "Node Type": "Aggregate",
              "Strategy": "Plain",
              "Partial Mode": "Partial",
              "Parent Relationship": "Outer",
              "Parallel Aware": false,
              "Startup Cost": 24618.07,
              "Total Cost": 24618.08,
              "Plan Rows": 1,
              "Plan Width": 8,
              "Actual Startup Time": 54.059,
              "Actual Total Time": 54.062,
              "Actual Rows": 1,
              "Actual Loops": 4,
              "Plans": [
                {
                  "Node Type": "Bitmap Heap Scan",
                  "Parent Relationship": "Outer",
                  "Parallel Aware": true,
                  "Relation Name": "movie_companies",
                  "Alias": "mc",
                  "Startup Cost": 4764.28,
                  "Total Cost": 24440.77,
                  "Plan Rows": 70920,
                  "Plan Width": 0,
                  "Actual Startup Time": 21.847,
                  "Actual Total Time": 49.779,
                  "Actual Rows": 54263,
                  "Actual Loops": 4,
                  "Recheck Cond": "(company_id > 108735)",
                  "Rows Removed by Index Recheck": 0,
                  "Exact Heap Blocks": 2669,
                  "Lossy Heap Blocks": 0,
                  "Plans": [
                    {
                      "Node Type": "Bitmap Index Scan",
                      "Parent Relationship": "Outer",
                      "Parallel Aware": false,
                      "Index Name": "company_id_movie_companies",
                      "Startup Cost": 0.0,
                      "Total Cost": 4709.31,
                      "Plan Rows": 219851,
                      "Plan Width": 0,
                      "Actual Startup Time": 27.654,
                      "Actual Total Time": 27.654,
                      "Actual Rows": 217052,
                      "Actual Loops": 1,
                      "Index Cond": "(company_id > 108735)"
                    }
                  ]
                }
              ]
            }
          ]
        }
      ]
    },
    "Planning Time": 0.195,
    "Triggers": [],
    "Execution Time": 66.487
  }
]