[
  {
    "Plan": {
      "Node Type": "Aggregate",
      "Strategy": "Plain",
      "Partial Mode": "Simple",
      "Parallel Aware": false,
      "Startup Cost": 28573.18,
      "Total Cost": 28573.19,
      "Plan Rows": 1,
      "Plan Width": 8,
      "Actual Startup Time": 64.782,
      "Actual Total Time": 64.784,
      "Actual Rows": 1,
      "Actual Loops": 1,
      "Plans": [
        {
          "Node Type": "Bitmap Heap Scan",
          "Parent Relationship": "Outer",
          "Parallel Aware": false,
          "Relation Name": "movie_keyword",
          "Alias": "mk",
          "Startup Cost": 2413.63,
          "Total Cost": 28288.92,
          "Plan Rows": 113703,
          "Plan Width": 0,
          "Actual Startup Time": 16.659,
          "Actual Total Time": 59.39,
          "Actual Rows": 113771,
          "Actual Loops": 1,
          "Recheck Cond": "(keyword_id > 79383)",
          "Rows Removed by Index Recheck": 0,
          "Exact Heap Blocks": 17993,
          "Lossy Heap Blocks": 0,
          "Plans": [
            {
              "Node Type": "Bitmap Index Scan",
              "Parent Relationship": "Outer",
              "Parallel Aware": false,
              "Index Name": "keyword_id_movie_keyword",
              "Startup Cost": 0.0,
              "Total Cost": 2385.2,
              "Plan Rows": 113703,
              "Plan Width": 0,
              "Actual Startup Time": 12.644,
              "Actual Total Time": 12.645,
              "Actual Rows": 113771,
              "Actual Loops": 1,
              "Index Cond": "(keyword_id > 79383)"
            }
          ]
        }
      ]
    },
    "Planning Time": 0.109,
    "Triggers": [],
    "Execution Time": 64.823
  }
]