[
  {
    "Plan": {
      "Node Type": "Aggregate",
      "Strategy": "Plain",
      "Partial Mode": "Finalize",
      "Parallel Aware": false,
      "Startup Cost": 340303.0,
      "Total Cost": 340303.01,
      "Plan Rows": 1,
      "Plan Width": 8,
      "Actual Startup Time": 868.734,
      "Actual Total Time": 917.941,
      "Actual Rows": 1,
      "Actual Loops": 1,
      "Plans": [
        {
          "Node Type": "Gather",
          "Parent Relationship": "Outer",
          "Parallel Aware": false,
          "Startup Cost": 340302.38,
          "Total Cost": 340302.99,
          "Plan Rows": 6,
          "Plan Width": 8,
          "Actual Startup Time": 868.513,
          "Actual Total Time": 917.929,
          "Actual Rows": 7,
          "Actual Loops": 1,
          "Workers Planned": 6,
          "Workers Launched": 6,
          "Single Copy": false,
          "Plans": [
            {
              "Node Type": "Aggregate",
              "Strategy": "Plain",
              "Partial Mode": "Partial",
              "Parent Relationship": "Outer",
              "Parallel Aware": false,
              "Startup Cost": 339302.38,
              "Total Cost": 339302.39,
              "Plan Rows": 1,
              "Plan Width": 8,
              "Actual Startup Time": 862.757,
              "Actual Total Time": 862.758,
              "Actual Rows": 1,
              "Actual Loops": 7,
              "Plans": [
                {
                  "Node Type": "Seq Scan",
                  "Parent Relationship": "Outer",
                  "Parallel Aware": true,
                  "Relation Name": "cast_info",
                  "Alias": "ci",
                  "Startup Cost": 0.0,
                  "Total Cost": 328211.39,
                  "Plan Rows": 4436395,
                  "Plan Width": 0,
                  "Actual Startup Time": 0.034,
                  "Actual Total Time": 662.887,
                  "Actual Rows": 3815469,
                  "Actual Loops": 7,
                  "Filter": "(person_id < 2752324)",
                  "Rows Removed by Filter": 1362294
                }
              ]
            }
          ]
        }
      ]
    },
    "Planning Time": 0.107,
    "Triggers": [],
    "Execution Time": 917.987
  }
]