[
  {
    "Plan": {
      "Node Type": "Aggregate",
      "Strategy": "Plain",
      "Partial Mode": "Finalize",
      "Parallel Aware": false,
      "Startup Cost": 33020.44,
      "Total Cost": 33020.45,
      "Plan Rows": 1,
      "Plan Width": 8,
      "Actual Startup Time": 131.154,
      "Actual Total Time": 143.519,
      "Actual Rows": 1,
      "Actual Loops": 1,
      "Plans": [
        {
          "Node Type": "Gather",
          "Parent Relationship": "Outer",
          "Parallel Aware": false,
          "Startup Cost": 33020.13,
          "Total Cost": 33020.44,
          "Plan Rows": 3,
          "Plan Width": 8,
          "Actual Startup Time": 130.955,
          "Actual Total Time": 143.507,
          "Actual Rows": 4,
          "Actual Loops": 1,
          "Workers Planned": 3,
          "Workers Launched": 3,
          "Single Copy": false,
          "Plans": [
            {
              "Node Type": "Aggregate",
              "Strategy": "Plain",
              "Partial Mode": "Partial",
              "Parent Relationship": "Outer",
              "Parallel Aware": false,
              "Startup Cost": 32020.13,
              "Total Cost": 32020.14,
              "Plan Rows": 1,
              "Plan Width": 8,
              "Actual Startup Time": 124.978,
              "Actual Total Time": 124.98,
              "Actual Rows": 1,
              "Actual Loops": 4,
              "Plans": [
                {
                  "Node Type": "Seq Scan",
                  "Parent Relationship": "Outer",
                  "Parallel Aware": true,
                  "Relation Name": "movie_companies",
                  "Alias": "mc",
                  "Startup Cost": 0.0,
                  "Total Cost": 31414.82,
                  "Plan Rows": 242123,
                  "Plan Width": 0,
                  "Actual Startup Time": 51.628,
                  "Actual Total Time": 108.441,
                  "Actual Rows": 240055,
                  "Actual Loops": 4,
                  "Filter": "((company_id > 8968) AND (company_type_id = 2))",
                  "Rows Removed by Filter": 412227
                }
              ]
            }
          ]
        }
      ]
    },
    "Planning Time": 0.149,
    "Triggers": [],
    "Execution Time": 143.566
  }
]