{
  "Plan": {
    "Node Type": "Aggregate",
    "Strategy": "Plain",
    "Partial Mode": "Finalize",
    "Parallel Aware": false,
    "Startup Cost": 467213.74,
    "Total Cost": 467213.75,
    "Plan Rows": 1,
    "Plan Width": 8,
    "Actual Startup Time": 6423.615,
    "Actual Total Time": 6507.551,
    "Actual Rows": 1,
    "Actual Loops": 1,
    "Plans": [
      {
        "Node Type": "Gather",
        "Parent Relationship": "Outer",
        "Parallel Aware": false,
        "Startup Cost": 467213.62,
        "Total Cost": 467213.73,
        "Plan Rows": 1,
        "Plan Width": 8,
        "Actual Startup Time": 6420.431,
        "Actual Total Time": 6507.542,
        "Actual Rows": 2,
        "Actual Loops": 1,
        "Workers Planned": 1,
        "Workers Launched": 1,
        "Single Copy": false,
        "Plans": [
          {
            "Node Type": "Aggregate",
            "Strategy": "Plain",
            "Partial Mode": "Partial",
            "Parent Relationship": "Outer",
            "Parallel Aware": false,
            "Startup Cost": 466213.62,
            "Total Cost": 466213.63,
            "Plan Rows": 1,
            "Plan Width": 8,
            "Actual Startup Time": 6414.83,
            "Actual Total Time": 6414.834,
            "Actual Rows": 1,
            "Actual Loops": 2,
            "Plans": [
              {
                "Node Type": "Nested Loop",
                "Parent Relationship": "Outer",
                "Parallel Aware": false,
                "Join Type": "Inner",
                "Startup Cost": 72725.02,
                "Total Cost": 463650.4,
                "Plan Rows": 1025291,
                "Plan Width": 0,
                "Actual Startup Time": 306.928,
                "Actual Total Time": 6126.089,
                "Actual Rows": 6520048,
                "Actual Loops": 2,
                "Inner Unique": false,
                "Plans": [
                  {
                    "Node Type": "Hash Join",
                    "Parent Relationship": "Outer",
                    "Parallel Aware": true,
                    "Join Type": "Inner",
                    "Startup Cost": 72724.46,
                    "Total Cost": 101726.54,
                    "Plan Rows": 117915,
                    "Plan Width": 8,
                    "Actual Startup Time": 306.748,
                    "Actual Total Time": 465.046,
                    "Actual Rows": 218487,
                    "Actual Loops": 2,
                    "Inner Unique": true,
                    "Hash Cond": "(mk.movie_id = t.id)",
                    "Plans": [
                      {
                        "Node Type": "Bitmap Heap Scan",
                        "Parent Relationship": "Outer",
                        "Parallel Aware": true,
                        "Relation Name": "movie_keyword",
                        "Alias": "mk",
                        "Startup Cost": 10846.16,
                        "Total Cost": 39058.9,
                        "Plan Rows": 300700,
                        "Plan Width": 4,
                        "Actual Startup Time": 34.689,
                        "Actual Total Time": 102.883,
                        "Actual Rows": 249146,
                        "Actual Loops": 2,
                        "Recheck Cond": "(keyword_id > 36213)",
                        "Rows Removed by Index Recheck": 0,
                        "Exact Heap Blocks": 12570,
                        "Lossy Heap Blocks": 0,
                        "Plans": [
                          {
                            "Node Type": "Bitmap Index Scan",
                            "Parent Relationship": "Outer",
                            "Parallel Aware": false,
                            "Index Name": "keyword_id_movie_keyword",
                            "Startup Cost": 0.0,
                            "Total Cost": 10718.36,
                            "Plan Rows": 511190,
                            "Plan Width": 0,
                            "Actual Startup Time": 31.156,
                            "Actual Total Time": 31.156,
                            "Actual Rows": 498292,
                            "Actual Loops": 1,
                            "Index Cond": "(keyword_id > 36213)"
                          }
                        ]
                      },
                      {
                        "Node Type": "Hash",
                        "Parent Relationship": "Inner",
                        "Parallel Aware": true,
                        "Startup Cost": 54588.39,
                        "Total Cost": 54588.39,
                        "Plan Rows": 583193,
                        "Plan Width": 4,
                        "Actual Startup Time": 262.868,
                        "Actual Total Time": 262.869,
                        "Actual Rows": 492524,
                        "Actual Loops": 2,
                        "Hash Buckets": 1048576,
                        "Original Hash Buckets": 1048576,
                        "Hash Batches": 1,
                        "Original Hash Batches": 1,
                        "Peak Memory Usage": 46752,
                        "Plans": [
                          {
                            "Node Type": "Seq Scan",
                            "Parent Relationship": "Outer",
                            "Parallel Aware": true,
                            "Relation Name": "title",
                            "Alias": "t",
                            "Startup Cost": 0.0,
                            "Total Cost": 54588.39,
                            "Plan Rows": 583193,
                            "Plan Width": 4,
                            "Actual Startup Time": 0.038,
                            "Actual Total Time": 151.29,
                            "Actual Rows": 492524,
                            "Actual Loops": 2,
                            "Filter": "(kind_id < 7)",
                            "Rows Removed by Filter": 771632
                          }
                        ]
                      }
                    ]
                  },
                  {
                    "Node Type": "Index Scan",
                    "Parent Relationship": "Inner",
                    "Parallel Aware": false,
                    "Scan Direction": "Forward",
                    "Index Name": "movie_id_cast_info",
                    "Relation Name": "cast_info",
                    "Alias": "ci",
                    "Startup Cost": 0.56,
                    "Total Cost": 2.85,
                    "Plan Rows": 22,
                    "Plan Width": 4,
                    "Actual Startup Time": 0.009,
                    "Actual Total Time": 0.024,
                    "Actual Rows": 30,
                    "Actual Loops": 436974,
                    "Index Cond": "(movie_id = t.id)",
                    "Rows Removed by Index Recheck": 0,
                    "Filter": "(person_id > 1402200)",
                    "Rows Removed by Filter": 21
                  }
                ]
              }
            ]
          }
        ]
      }
    ]
  },
  "Planning Time": 1.013,
  "Triggers": [],
  "Execution Time": 6507.679
}