[
  {
    "Plan": {
      "Node Type": "Aggregate",
      "Strategy": "Plain",
      "Partial Mode": "Simple",
      "Parallel Aware": false,
      "Startup Cost": 119630.44,
      "Total Cost": 119630.45,
      "Plan Rows": 1,
      "Plan Width": 64,
      "Actual Startup Time": 1201.109,
      "Actual Total Time": 1201.119,
      "Actual Rows": 1,
      "Actual Loops": 1,
      "Output": [
        "min(n.name)",
        "min(t.title)"
      ],
      "Plans": [
        {
          "Node Type": "Nested Loop",
          "Parent Relationship": "Outer",
          "Parallel Aware": false,
          "Join Type": "Inner",
          "Startup Cost": 3.13,
          "Total Cost": 119630.44,
          "Plan Rows": 1,
          "Plan Width": 32,
          "Actual Startup Time": 721.823,
          "Actual Total Time": 1201.086,
          "Actual Rows": 28,
          "Actual Loops": 1,
          "Output": [
            "n.name",
            "t.title"
          ],
          "Inner Unique": false,
          "Join Filter": "(mi.info_type_id = it.id)",
          "Rows Removed by Join Filter": 0,
          "Plans": [
            {
              "Node Type": "Seq Scan",
              "Parent Relationship": "Outer",
              "Parallel Aware": false,
              "Relation Name": "info_type",
              "Schema": "public",
              "Alias": "it",
              "Startup Cost": 0.0,
              "Total Cost": 2.41,
              "Plan Rows": 1,
              "Plan Width": 4,
              "Actual Startup Time": 0.034,
              "Actual Total Time": 0.043,
              "Actual Rows": 1,
              "Actual Loops": 1,
              "Output": [
                "it.id",
                "it.info"
              ],
              "Filter": "((it.info)::text = 'release dates'::text)",
              "Rows Removed by Filter": 112
            },
            {
              "Node Type": "Nested Loop",
              "Parent Relationship": "Inner",
              "Parallel Aware": false,
              "Join Type": "Inner",
              "Startup Cost": 3.13,
              "Total Cost": 119614.28,
              "Plan Rows": 1100,
              "Plan Width": 36,
              "Actual Startup Time": 721.784,
              "Actual Total Time": 1201.032,
              "Actual Rows": 28,
              "Actual Loops": 1,
              "Output": [
                "mi.info_type_id",
                "n.name",
                "t.title"
              ],
              "Inner Unique": false,
              "Join Filter": "(t.id = mi.movie_id)",
              "Rows Removed by Join Filter": 0,
              "Plans": [
                {
                  "Node Type": "Nested Loop",
                  "Parent Relationship": "Outer",
                  "Parallel Aware": false,
                  "Join Type": "Inner",
                  "Startup Cost": 2.7,
                  "Total Cost": 119602.61,
                  "Plan Rows": 7,
                  "Plan Width": 44,
                  "Actual Startup Time": 721.675,
                  "Actual Total Time": 1200.748,
                  "Actual Rows": 16,
                  "Actual Loops": 1,
                  "Output": [
                    "ci.movie_id",
                    "mc.movie_id",
                    "n.name",
                    "t.title",
                    "t.id"
                  ],
                  "Inner Unique": true,
                  "Plans": [
                    {
                      "Node Type": "Nested Loop",
                      "Parent Relationship": "Outer",
                      "Parallel Aware": false,
                      "Join Type": "Inner",
                      "Startup Cost": 2.28,
                      "Total Cost": 119594.14,
                      "Plan Rows": 19,
                      "Plan Width": 48,
                      "Actual Startup Time": 685.786,
                      "Actual Total Time": 1200.387,
                      "Actual Rows": 26,
                      "Actual Loops": 1,
                      "Output": [
                        "ci.movie_id",
                        "mc.movie_id",
                        "mc.company_id",
                        "n.name",
                        "t.title",
                        "t.id"
                      ],
                      "Inner Unique": false,
                      "Join Filter": "(t.id = mc.movie_id)",
                      "Rows Removed by Join Filter": 0,
                      "Plans": [
                        {
                          "Node Type": "Nested Loop",
                          "Parent Relationship": "Outer",
                          "Parallel Aware": false,
                          "Join Type": "Inner",
                          "Startup Cost": 1.85,
                          "Total Cost": 119589.84,
                          "Plan Rows": 7,
                          "Plan Width": 40,
                          "Actual Startup Time": 560.709,
                          "Actual Total Time": 1200.038,
                          "Actual Rows": 10,
                          "Actual Loops": 1,
                          "Output": [
                            "ci.movie_id",
                            "n.name",
                            "t.title",
                            "t.id"
                          ],
                          "Inner Unique": true,
                          "Plans": [
                            {
                              "Node Type": "Nested Loop",
                              "Parent Relationship": "Outer",
                              "Parallel Aware": false,
                              "Join Type": "Inner",
                              "Startup Cost": 1.42,
                              "Total Cost": 119586.3,
                              "Plan Rows": 7,
                              "Plan Width": 44,
                              "Actual Startup Time": 560.634,
                              "Actual Total Time": 1199.798,
                              "Actual Rows": 18,
                              "Actual Loops": 1,
                              "Output": [
                                "ci.movie_id",
                                "ci.person_role_id",
                                "n.name",
                                "t.title",
                                "t.id"
                              ],
                              "Inner Unique": true,
                              "Plans": [
                                {
                                  "Node Type": "Nested Loop",
                                  "Parent Relationship": "Outer",
                                  "Parallel Aware": false,
                                  "Join Type": "Inner",
                                  "Startup Cost": 0.99,
                                  "Total Cost": 119579.24,
                                  "Plan Rows": 14,
                                  "Plan Width": 23,
                                  "Actual Startup Time": 560.532,
                                  "Actual Total Time": 1199.071,
                                  "Actual Rows": 19,
                                  "Actual Loops": 1,
                                  "Output": [
                                    "ci.movie_id",
                                    "ci.person_role_id",
                                    "n.name"
                                  ],
                                  "Inner Unique": false,
                                  "Join Filter": "(ci.role_id = rt.id)",
                                  "Rows Removed by Join Filter": 173,
                                  "Plans": [
                                    {
                                      "Node Type": "Seq Scan",
                                      "Parent Relationship": "Outer",
                                      "Parallel Aware": false,
                                      "Relation Name": "role_type",
                                      "Schema": "public",
                                      "Alias": "rt",
                                      "Startup Cost": 0.0,
                                      "Total Cost": 1.15,
                                      "Plan Rows": 1,
                                      "Plan Width": 4,
                                      "Actual Startup Time": 0.014,
                                      "Actual Total Time": 0.019,
                                      "Actual Rows": 1,
                                      "Actual Loops": 1,
                                      "Output": [
                                        "rt.id",
                                        "rt.role"
                                      ],
                                      "Filter": "((rt.role)::text = 'actress'::text)",
                                      "Rows Removed by Filter": 11
                                    },
                                    {
                                      "Node Type": "Nested Loop",
                                      "Parent Relationship": "Inner",
                                      "Parallel Aware": false,
                                      "Join Type": "Inner",
                                      "Startup Cost": 0.99,
                                      "Total Cost": 119575.91,
                                      "Plan Rows": 174,
                                      "Plan Width": 27,
                                      "Actual Startup Time": 560.515,
                                      "Actual Total Time": 1199.028,
                                      "Actual Rows": 192,
                                      "Actual Loops": 1,
                                      "Output": [
                                        "ci.movie_id",
                                        "ci.role_id",
                                        "ci.person_role_id",
                                        "n.name"
                                      ],
                                      "Inner Unique": false,
                                      "Join Filter": "(n.id = ci.person_id)",
                                      "Rows Removed by Join Filter": 0,
                                      "Plans": [
                                        {
                                          "Node Type": "Nested Loop",
                                          "Parent Relationship": "Outer",
                                          "Parallel Aware": false,
                                          "Join Type": "Inner",
                                          "Startup Cost": 0.42,
                                          "Total Cost": 119292.81,
                                          "Plan Rows": 20,
                                          "Plan Width": 23,
                                          "Actual Startup Time": 559.371,
                                          "Actual Total Time": 1191.393,
                                          "Actual Rows": 124,
                                          "Actual Loops": 1,
                                          "Output": [
                                            "an.person_id",
                                            "n.name",
                                            "n.id"
                                          ],
                                          "Inner Unique": false,
                                          "Plans": [
                                            {
                                              "Node Type": "Seq Scan",
                                              "Parent Relationship": "Outer",
                                              "Parallel Aware": false,
                                              "Relation Name": "name",
                                              "Schema": "public",
                                              "Alias": "n",
                                              "Startup Cost": 0.0,
                                              "Total Cost": 118128.21,
                                              "Plan Rows": 94,
                                              "Plan Width": 19,
                                              "Actual Startup Time": 554.249,
                                              "Actual Total Time": 1179.158,
                                              "Actual Rows": 699,
                                              "Actual Loops": 1,
                                              "Output": [
                                                "n.id",
                                                "n.name",
                                                "n.imdb_index",
                                                "n.imdb_id",
                                                "n.gender",
                                                "n.name_pcode_cf",
                                                "n.name_pcode_nf",
                                                "n.surname_pcode",
                                                "n.md5sum"
                                              ],
                                              "Filter": "((n.name ~~ '%Camille%'::text) AND ((n.gender)::text = 'f'::text))",
                                              "Rows Removed by Filter": 4166792
                                            },
                                            {
                                              "Node Type": "Index Only Scan",
                                              "Parent Relationship": "Inner",
                                              "Parallel Aware": false,
                                              "Scan Direction": "Forward",
                                              "Index Name": "person_id_aka_name",
                                              "Relation Name": "aka_name",
                                              "Schema": "public",
                                              "Alias": "an",
                                              "Startup Cost": 0.42,
                                              "Total Cost": 12.37,
                                              "Plan Rows": 2,
                                              "Plan Width": 4,
                                              "Actual Startup Time": 0.016,
                                              "Actual Total Time": 0.017,
                                              "Actual Rows": 0,
                                              "Actual Loops": 699,
                                              "Output": [
                                                "an.person_id"
                                              ],
                                              "Index Cond": "(an.person_id = n.id)",
                                              "Rows Removed by Index Recheck": 0,
                                              "Heap Fetches": 124
                                            }
                                          ]
                                        },
                                        {
                                          "Node Type": "Index Scan",
                                          "Parent Relationship": "Inner",
                                          "Parallel Aware": false,
                                          "Scan Direction": "Forward",
                                          "Index Name": "person_id_cast_info",
                                          "Relation Name": "cast_info",
                                          "Schema": "public",
                                          "Alias": "ci",
                                          "Startup Cost": 0.56,
                                          "Total Cost": 13.58,
                                          "Plan Rows": 46,
                                          "Plan Width": 16,
                                          "Actual Startup Time": 0.055,
                                          "Actual Total Time": 0.06,
                                          "Actual Rows": 2,
                                          "Actual Loops": 124,
                                          "Output": [
                                            "ci.id",
                                            "ci.person_id",
                                            "ci.movie_id",
                                            "ci.person_role_id",
                                            "ci.note",
                                            "ci.nr_order",
                                            "ci.role_id"
                                          ],
                                          "Index Cond": "(ci.person_id = an.person_id)",
                                          "Rows Removed by Index Recheck": 0,
                                          "Filter": "(ci.note = ANY ('{(producer),(writer),\"(executive producer)\",\"(archive footage)\"}'::text[]))",
                                          "Rows Removed by Filter": 22
                                        }
                                      ]
                                    }
                                  ]
                                },
                                {
                                  "Node Type": "Index Scan",
                                  "Parent Relationship": "Inner",
                                  "Parallel Aware": false,
                                  "Scan Direction": "Forward",
                                  "Index Name": "title_pkey",
                                  "Relation Name": "title",
                                  "Schema": "public",
                                  "Alias": "t",
                                  "Startup Cost": 0.43,
                                  "Total Cost": 0.5,
                                  "Plan Rows": 1,
                                  "Plan Width": 21,
                                  "Actual Startup Time": 0.037,
                                  "Actual Total Time": 0.037,
                                  "Actual Rows": 1,
                                  "Actual Loops": 19,
                                  "Output": [
                                    "t.id",
                                    "t.title",
                                    "t.imdb_index",
                                    "t.kind_id",
                                    "t.production_year",
                                    "t.imdb_id",
                                    "t.phonetic_code",
                                    "t.episode_of_id",
                                    "t.season_nr",
                                    "t.episode_nr",
                                    "t.series_years",
                                    "t.md5sum"
                                  ],
                                  "Index Cond": "(t.id = ci.movie_id)",
                                  "Rows Removed by Index Recheck": 0,
                                  "Filter": "(t.production_year > 2002)",
                                  "Rows Removed by Filter": 0
                                }
                              ]
                            },
                            {
                              "Node Type": "Index Only Scan",
                              "Parent Relationship": "Inner",
                              "Parallel Aware": false,
                              "Scan Direction": "Forward",
                              "Index Name": "char_name_pkey",
                              "Relation Name": "char_name",
                              "Schema": "public",
                              "Alias": "chn",
                              "Startup Cost": 0.43,
                              "Total Cost": 0.51,
                              "Plan Rows": 1,
                              "Plan Width": 4,
                              "Actual Startup Time": 0.012,
                              "Actual Total Time": 0.012,
                              "Actual Rows": 1,
                              "Actual Loops": 18,
                              "Output": [
                                "chn.id"
                              ],
                              "Index Cond": "(chn.id = ci.person_role_id)",
                              "Rows Removed by Index Recheck": 0,
                              "Heap Fetches": 10
                            }
                          ]
                        },
                        {
                          "Node Type": "Index Scan",
                          "Parent Relationship": "Inner",
                          "Parallel Aware": false,
                          "Scan Direction": "Forward",
                          "Index Name": "movie_id_movie_companies",
                          "Relation Name": "movie_companies",
                          "Schema": "public",
                          "Alias": "mc",
                          "Startup Cost": 0.43,
                          "Total Cost": 0.55,
                          "Plan Rows": 5,
                          "Plan Width": 8,
                          "Actual Startup Time": 0.025,
                          "Actual Total Time": 0.032,
                          "Actual Rows": 3,
                          "Actual Loops": 10,
                          "Output": [
                            "mc.id",
                            "mc.movie_id",
                            "mc.company_id",
                            "mc.company_type_id",
                            "mc.note"
                          ],
                          "Index Cond": "(mc.movie_id = ci.movie_id)",
                          "Rows Removed by Index Recheck": 0
                        }
                      ]
                    },
                    {
                      "Node Type": "Index Scan",
                      "Parent Relationship": "Inner",
                      "Parallel Aware": false,
                      "Scan Direction": "Forward",
                      "Index Name": "company_name_pkey",
                      "Relation Name": "company_name",
                      "Schema": "public",
                      "Alias": "cn",
                      "Startup Cost": 0.42,
                      "Total Cost": 0.45,
                      "Plan Rows": 1,
                      "Plan Width": 4,
                      "Actual Startup Time": 0.013,
                      "Actual Total Time": 0.013,
                      "Actual Rows": 1,
                      "Actual Loops": 26,
                      "Output": [
                        "cn.id",
                        "cn.name",
                        "cn.country_code",
                        "cn.imdb_id",
                        "cn.name_pcode_nf",
                        "cn.name_pcode_sf",
                        "cn.md5sum"
                      ],
                      "Index Cond": "(cn.id = mc.company_id)",
                      "Rows Removed by Index Recheck": 0,
                      "Filter": "((cn.country_code)::text = '[us]'::text)",
                      "Rows Removed by Filter": 0
                    }
                  ]
                },
                {
                  "Node Type": "Index Scan",
                  "Parent Relationship": "Inner",
                  "Parallel Aware": false,
                  "Scan Direction": "Forward",
                  "Index Name": "movie_id_movie_info",
                  "Relation Name": "movie_info",
                  "Schema": "public",
                  "Alias": "mi",
                  "Startup Cost": 0.43,
                  "Total Cost": 1.64,
                  "Plan Rows": 2,
                  "Plan Width": 8,
                  "Actual Startup Time": 0.012,
                  "Actual Total Time": 0.017,
                  "Actual Rows": 2,
                  "Actual Loops": 16,
                  "Output": [
                    "mi.id",
                    "mi.movie_id",
                    "mi.info_type_id",
                    "mi.info",
                    "mi.note"
                  ],
                  "Index Cond": "(mi.movie_id = ci.movie_id)",
                  "Rows Removed by Index Recheck": 0,
                  "Filter": "((mi.info IS NOT NULL) AND ((mi.info ~~ 'Japan:%200%'::text) OR (mi.info ~~ 'USA:%200%'::text)))",
                  "Rows Removed by Filter": 2
                }
              ]
            }
          ]
        }
      ]
    },
    "Planning Time": 61403.663,
    "Triggers": [],
    "Execution Time": 1201.562
  }
]