{
  "Plan": {
    "Node Type": "Aggregate",
    "Strategy": "Plain",
    "Partial Mode": "Finalize",
    "Parallel Aware": false,
    "Startup Cost": 192573.26,
    "Total Cost": 192573.27,
    "Plan Rows": 1,
    "Plan Width": 8,
    "Actual Startup Time": 938.32,
    "Actual Total Time": 961.36,
    "Actual Rows": 1,
    "Actual Loops": 1,
    "Plans": [
      {
        "Node Type": "Gather",
        "Parent Relationship": "Outer",
        "Parallel Aware": false,
        "Startup Cost": 192573.15,
        "Total Cost": 192573.26,
        "Plan Rows": 1,
        "Plan Width": 8,
        "Actual Startup Time": 935.484,
        "Actual Total Time": 961.354,
        "Actual Rows": 2,
        "Actual Loops": 1,
        "Workers Planned": 1,
        "Workers Launched": 1,
        "Single Copy": false,
        "Plans": [
          {
            "Node Type": "Aggregate",
            "Strategy": "Plain",
            "Partial Mode": "Partial",
            "Parent Relationship": "Outer",
            "Parallel Aware": false,
            "Startup Cost": 191573.15,
            "Total Cost": 191573.16,
            "Plan Rows": 1,
            "Plan Width": 8,
            "Actual Startup Time": 927.023,
            "Actual Total Time": 927.027,
            "Actual Rows": 1,
            "Actual Loops": 2,
            "Plans": [
              {
                "Node Type": "Nested Loop",
                "Parent Relationship": "Outer",
                "Parallel Aware": false,
                "Join Type": "Inner",
                "Startup Cost": 73915.17,
                "Total Cost": 191217.1,
                "Plan Rows": 142418,
                "Plan Width": 0,
                "Actual Startup Time": 410.145,
                "Actual Total Time": 892.665,
                "Actual Rows": 837562,
                "Actual Loops": 2,
                "Inner Unique": false,
                "Plans": [
                  {
                    "Node Type": "Hash Join",
                    "Parent Relationship": "Outer",
                    "Parallel Aware": true,
                    "Join Type": "Inner",
                    "Startup Cost": 73914.74,
                    "Total Cost": 102036.9,
                    "Plan Rows": 138005,
                    "Plan Width": 8,
                    "Actual Startup Time": 410.037,
                    "Actual Total Time": 521.457,
                    "Actual Rows": 90734,
                    "Actual Loops": 2,
                    "Inner Unique": true,
                    "Hash Cond": "(mk.movie_id = t.id)",
                    "Plans": [
                      {
                        "Node Type": "Bitmap Heap Scan",
                        "Parent Relationship": "Outer",
                        "Parallel Aware": true,
                        "Relation Name": "movie_keyword",
                        "Alias": "mk",
                        "Startup Cost": 8747.67,
                        "Total Cost": 36233.21,
                        "Plan Rows": 242523,
                        "Plan Width": 4,
                        "Actual Startup Time": 30.305,
                        "Actual Total Time": 88.836,
                        "Actual Rows": 200978,
                        "Actual Loops": 2,
                        "Recheck Cond": "(keyword_id > 43159)",
                        "Rows Removed by Index Recheck": 0,
                        "Exact Heap Blocks": 12152,
                        "Lossy Heap Blocks": 0,
                        "Plans": [
                          {
                            "Node Type": "Bitmap Index Scan",
                            "Parent Relationship": "Outer",
                            "Parallel Aware": false,
                            "Index Name": "keyword_id_movie_keyword",
                            "Startup Cost": 0.0,
                            "Total Cost": 8644.6,
                            "Plan Rows": 412289,
                            "Plan Width": 0,
                            "Actual Startup Time": 26.908,
                            "Actual Total Time": 26.908,
                            "Actual Rows": 401955,
                            "Actual Loops": 1,
                            "Index Cond": "(keyword_id > 43159)"
                          }
                        ]
                      },
                      {
                        "Node Type": "Hash",
                        "Parent Relationship": "Inner",
                        "Parallel Aware": true,
                        "Startup Cost": 54588.39,
                        "Total Cost": 54588.39,
                        "Plan Rows": 846294,
                        "Plan Width": 4,
                        "Actual Startup Time": 365.243,
                        "Actual Total Time": 365.244,
                        "Actual Rows": 717233,
                        "Actual Loops": 2,
                        "Hash Buckets": 2097152,
                        "Original Hash Buckets": 2097152,
                        "Hash Batches": 1,
                        "Original Hash Batches": 1,
                        "Peak Memory Usage": 72512,
                        "Plans": [
                          {
                            "Node Type": "Seq Scan",
                            "Parent Relationship": "Outer",
                            "Parallel Aware": true,
                            "Relation Name": "title",
                            "Alias": "t",
                            "Startup Cost": 0.0,
                            "Total Cost": 54588.39,
                            "Plan Rows": 846294,
                            "Plan Width": 4,
                            "Actual Startup Time": 0.031,
                            "Actual Total Time": 168.718,
                            "Actual Rows": 717233,
                            "Actual Loops": 2,
                            "Filter": "(production_year > 1999)",
                            "Rows Removed by Filter": 546923
                          }
                        ]
                      }
                    ]
                  },
                  {
                    "Node Type": "Index Only Scan",
                    "Parent Relationship": "Inner",
                    "Parallel Aware": false,
                    "Scan Direction": "Forward",
                    "Index Name": "movie_id_movie_companies",
                    "Relation Name": "movie_companies",
                    "Alias": "mc",
                    "Startup Cost": 0.43,
                    "Total Cost": 0.6,
                    "Plan Rows": 5,
                    "Plan Width": 4,
                    "Actual Startup Time": 0.002,
                    "Actual Total Time": 0.003,
                    "Actual Rows": 9,
                    "Actual Loops": 181469,
                    "Index Cond": "(movie_id = t.id)",
                    "Rows Removed by Index Recheck": 0,
                    "Heap Fetches": 1675123
                  }
                ]
              }
            ]
          }
        ]
      }
    ]
  },
  "Planning Time": 1.145,
  "Triggers": [],
  "Execution Time": 961.47
}