[
  {
    "Plan": {
      "Node Type": "Aggregate",
      "Strategy": "Plain",
      "Partial Mode": "Finalize",
      "Parallel Aware": false,
      "Startup Cost": 88884.55,
      "Total Cost": 88884.56,
      "Plan Rows": 1,
      "Plan Width": 64,
      "Actual Startup Time": 433.539,
      "Actual Total Time": 469.918,
      "Actual Rows": 1,
      "Actual Loops": 1,
      "Plans": [
        {
          "Node Type": "Gather",
          "Parent Relationship": "Outer",
          "Parallel Aware": false,
          "Startup Cost": 88884.22,
          "Total Cost": 88884.53,
          "Plan Rows": 3,
          "Plan Width": 64,
          "Actual Startup Time": 433.418,
          "Actual Total Time": 469.901,
          "Actual Rows": 4,
          "Actual Loops": 1,
          "Workers Planned": 3,
          "Workers Launched": 3,
          "Single Copy": false,
          "Plans": [
            {
              "Node Type": "Aggregate",
              "Strategy": "Plain",
              "Partial Mode": "Partial",
              "Parent Relationship": "Outer",
              "Parallel Aware": false,
              "Startup Cost": 87884.22,
              "Total Cost": 87884.23,
              "Plan Rows": 1,
              "Plan Width": 64,
              "Actual Startup Time": 421.017,
              "Actual Total Time": 421.025,
              "Actual Rows": 1,
              "Actual Loops": 4,
              "Plans": [
                {
                  "Node Type": "Nested Loop",
                  "Parent Relationship": "Outer",
                  "Parallel Aware": false,
                  "Join Type": "Inner",
                  "Startup Cost": 3.26,
                  "Total Cost": 87884.18,
                  "Plan Rows": 8,
                  "Plan Width": 60,
                  "Actual Startup Time": 81.287,
                  "Actual Total Time": 420.978,
                  "Actual Rows": 120,
                  "Actual Loops": 4,
                  "Inner Unique": true,
                  "Plans": [
                    {
                      "Node Type": "Nested Loop",
                      "Parent Relationship": "Outer",
                      "Parallel Aware": false,
                      "Join Type": "Inner",
                      "Startup Cost": 2.84,
                      "Total Cost": 87880.67,
                      "Plan Rows": 8,
                      "Plan Width": 64,
                      "Actual Startup Time": 81.193,
                      "Actual Total Time": 420.168,
                      "Actual Rows": 120,
                      "Actual Loops": 4,
                      "Inner Unique": false,
                      "Plans": [
                        {
                          "Node Type": "Nested Loop",
                          "Parent Relationship": "Outer",
                          "Parallel Aware": false,
                          "Join Type": "Inner",
                          "Startup Cost": 2.41,
                          "Total Cost": 87878.85,
                          "Plan Rows": 1,
                          "Plan Width": 76,
                          "Actual Startup Time": 71.096,
                          "Actual Total Time": 419.781,
                          "Actual Rows": 18,
                          "Actual Loops": 4,
                          "Inner Unique": true,
                          "Plans": [
                            {
                              "Node Type": "Nested Loop",
                              "Parent Relationship": "Outer",
                              "Parallel Aware": false,
                              "Join Type": "Inner",
                              "Startup Cost": 2.27,
                              "Total Cost": 87878.57,
                              "Plan Rows": 1,
                              "Plan Width": 80,
                              "Actual Startup Time": 71.057,
                              "Actual Total Time": 419.697,
                              "Actual Rows": 18,
                              "Actual Loops": 4,
                              "Inner Unique": true,
                              "Plans": [
                                {
                                  "Node Type": "Nested Loop",
                                  "Parent Relationship": "Outer",
                                  "Parallel Aware": false,
                                  "Join Type": "Inner",
                                  "Startup Cost": 2.14,
                                  "Total Cost": 87878.42,
                                  "Plan Rows": 1,
                                  "Plan Width": 84,
                                  "Actual Startup Time": 70.974,
                                  "Actual Total Time": 419.565,
                                  "Actual Rows": 18,
                                  "Actual Loops": 4,
                                  "Inner Unique": false,
                                  "Plans": [
                                    {
                                      "Node Type": "Nested Loop",
                                      "Parent Relationship": "Outer",
                                      "Parallel Aware": false,
                                      "Join Type": "Inner",
                                      "Startup Cost": 1.7,
                                      "Total Cost": 85501.76,
                                      "Plan Rows": 1292,
                                      "Plan Width": 33,
                                      "Actual Startup Time": 2.188,
                                      "Actual Total Time": 307.213,
                                      "Actual Rows": 3410,
                                      "Actual Loops": 4,
                                      "Inner Unique": true,
                                      "Plans": [
                                        {
                                          "Node Type": "Nested Loop",
                                          "Parent Relationship": "Outer",
                                          "Parallel Aware": false,
                                          "Join Type": "Inner",
                                          "Startup Cost": 1.27,
                                          "Total Cost": 83892.1,
                                          "Plan Rows": 1698,
                                          "Plan Width": 12,
                                          "Actual Startup Time": 2.01,
                                          "Actual Total Time": 283.514,
                                          "Actual Rows": 3425,
                                          "Actual Loops": 4,
                                          "Inner Unique": false,
                                          "Plans": [
                                            {
                                              "Node Type": "Nested Loop",
                                              "Parent Relationship": "Outer",
                                              "Parallel Aware": false,
                                              "Join Type": "Inner",
                                              "Startup Cost": 0.85,
                                              "Total Cost": 79226.15,
                                              "Plan Rows": 2351,
                                              "Plan Width": 8,
                                              "Actual Startup Time": 0.635,
                                              "Actual Total Time": 243.827,
                                              "Actual Rows": 10959,
                                              "Actual Loops": 4,
                                              "Inner Unique": true,
                                              "Plans": [
                                                {
                                                  "Node Type": "Index Scan",
                                                  "Parent Relationship": "Outer",
                                                  "Parallel Aware": true,
                                                  "Scan Direction": "Forward",
                                                  "Index Name": "company_type_id_movie_companies",
                                                  "Relation Name": "movie_companies",
                                                  "Alias": "mc",
                                                  "Startup Cost": 0.43,
                                                  "Total Cost": 71363.89,
                                                  "Plan Rows": 6496,
                                                  "Plan Width": 12,
                                                  "Actual Startup Time": 0.28,
                                                  "Actual Total Time": 188.342,
                                                  "Actual Rows": 15416,
                                                  "Actual Loops": 4,
                                                  "Filter": "((note ~~ '%(200%)%'::text) AND (note ~~ '%(worldwide)%'::text))",
                                                  "Rows Removed by Filter": 636866
                                                },
                                                {
                                                  "Node Type": "Index Scan",
                                                  "Parent Relationship": "Inner",
                                                  "Parallel Aware": false,
                                                  "Scan Direction": "Forward",
                                                  "Index Name": "company_name_pkey",
                                                  "Relation Name": "company_name",
                                                  "Alias": "cn",
                                                  "Startup Cost": 0.42,
                                                  "Total Cost": 1.21,
                                                  "Plan Rows": 1,
                                                  "Plan Width": 4,
                                                  "Actual Startup Time": 0.003,
                                                  "Actual Total Time": 0.003,
                                                  "Actual Rows": 1,
                                                  "Actual Loops": 61664,
                                                  "Index Cond": "(id = mc.company_id)",
                                                  "Rows Removed by Index Recheck": 0,
                                                  "Filter": "((country_code)::text = '[us]'::text)",
                                                  "Rows Removed by Filter": 0
                                                }
                                              ]
                                            },
                                            {
                                              "Node Type": "Index Only Scan",
                                              "Parent Relationship": "Inner",
                                              "Parallel Aware": false,
                                              "Scan Direction": "Forward",
                                              "Index Name": "movie_id_aka_title",
                                              "Relation Name": "aka_title",
                                              "Alias": "at",
                                              "Startup Cost": 0.42,
                                              "Total Cost": 1.95,
                                              "Plan Rows": 3,
                                              "Plan Width": 4,
                                              "Actual Startup Time": 0.003,
                                              "Actual Total Time": 0.003,
                                              "Actual Rows": 0,
                                              "Actual Loops": 43837,
                                              "Index Cond": "(movie_id = mc.movie_id)",
                                              "Rows Removed by Index Recheck": 0,
                                              "Heap Fetches": 13699
                                            }
                                          ]
                                        },
                                        {
                                          "Node Type": "Index Scan",
                                          "Parent Relationship": "Inner",
                                          "Parallel Aware": false,
                                          "Scan Direction": "Forward",
                                          "Index Name": "title_pkey",
                                          "Relation Name": "title",
                                          "Alias": "t",
                                          "Startup Cost": 0.43,
                                          "Total Cost": 0.95,
                                          "Plan Rows": 1,
                                          "Plan Width": 21,
                                          "Actual Startup Time": 0.006,
                                          "Actual Total Time": 0.006,
                                          "Actual Rows": 1,
                                          "Actual Loops": 13699,
                                          "Index Cond": "(id = at.movie_id)",
                                          "Rows Removed by Index Recheck": 0,
                                          "Filter": "(production_year < 2010)",
                                          "Rows Removed by Filter": 0
                                        }
                                      ]
                                    },
                                    {
                                      "Node Type": "Index Scan",
                                      "Parent Relationship": "Inner",
                                      "Parallel Aware": false,
                                      "Scan Direction": "Forward",
                                      "Index Name": "movie_id_movie_info",
                                      "Relation Name": "movie_info",
                                      "Alias": "mi",
                                      "Startup Cost": 0.43,
                                      "Total Cost": 1.83,
                                      "Plan Rows": 1,
                                      "Plan Width": 51,
                                      "Actual Startup Time": 0.033,
                                      "Actual Total Time": 0.033,
                                      "Actual Rows": 0,
                                      "Actual Loops": 13642,
                                      "Index Cond": "(movie_id = t.id)",
                                      "Rows Removed by Index Recheck": 0,
                                      "Filter": "((note ~~ '%internet%'::text) AND (info ~~ 'USA:% 200%'::text))",
                                      "Rows Removed by Filter": 61
                                    }
                                  ]
                                },
                                {
                                  "Node Type": "Index Only Scan",
                                  "Parent Relationship": "Inner",
                                  "Parallel Aware": false,
                                  "Scan Direction": "Forward",
                                  "Index Name": "company_type_pkey",
                                  "Relation Name": "company_type",
                                  "Alias": "ct",
                                  "Startup Cost": 0.13,
                                  "Total Cost": 0.15,
                                  "Plan Rows": 1,
                                  "Plan Width": 4,
                                  "Actual Startup Time": 0.006,
                                  "Actual Total Time": 0.006,
                                  "Actual Rows": 1,
                                  "Actual Loops": 71,
                                  "Index Cond": "(id = mc.company_type_id)",
                                  "Rows Removed by Index Recheck": 0,
                                  "Heap Fetches": 71
                                }
                              ]
                            },
                            {
                              "Node Type": "Index Scan",
                              "Parent Relationship": "Inner",
                              "Parallel Aware": false,
                              "Scan Direction": "Forward",
                              "Index Name": "info_type_pkey",
                              "Relation Name": "info_type",
                              "Alias": "it1",
                              "Startup Cost": 0.14,
                              "Total Cost": 0.21,
                              "Plan Rows": 1,
                              "Plan Width": 4,
                              "Actual Startup Time": 0.004,
                              "Actual Total Time": 0.004,
                              "Actual Rows": 1,
                              "Actual Loops": 71,
                              "Index Cond": "(id = mi.info_type_id)",
                              "Rows Removed by Index Recheck": 0,
                              "Filter": "((info)::text = 'release dates'::text)",
                              "Rows Removed by Filter": 0
                            }
                          ]
                        },
                        {
                          "Node Type": "Index Scan",
                          "Parent Relationship": "Inner",
                          "Parallel Aware": false,
                          "Scan Direction": "Forward",
                          "Index Name": "movie_id_movie_keyword",
                          "Relation Name": "movie_keyword",
                          "Alias": "mk",
                          "Startup Cost": 0.43,
                          "Total Cost": 1.35,
                          "Plan Rows": 47,
                          "Plan Width": 8,
                          "Actual Startup Time": 0.019,
                          "Actual Total Time": 0.02,
                          "Actual Rows": 7,
                          "Actual Loops": 71,
                          "Index Cond": "(movie_id = t.id)",
                          "Rows Removed by Index Recheck": 0
                        }
                      ]
                    },
                    {
                      "Node Type": "Index Only Scan",
                      "Parent Relationship": "Inner",
                      "Parallel Aware": false,
                      "Scan Direction": "Forward",
                      "Index Name": "keyword_pkey",
                      "Relation Name": "keyword",
                      "Alias": "k",
                      "Startup Cost": 0.42,
                      "Total Cost": 0.44,
                      "Plan Rows": 1,
                      "Plan Width": 4,
                      "Actual Startup Time": 0.006,
                      "Actual Total Time": 0.006,
                      "Actual Rows": 1,
                      "Actual Loops": 482,
                      "Index Cond": "(id = mk.keyword_id)",
                      "Rows Removed by Index Recheck": 0,
                      "Heap Fetches": 482
                    }
                  ]
                }
              ]
            }
          ]
        }
      ]
    },
    "Planning Time": 28.912,
    "Triggers": [],
    "Execution Time": 470.402
  }
]