[
  {
    "Plan": {
      "Node Type": "Aggregate",
      "Strategy": "Plain",
      "Partial Mode": "Finalize",
      "Parallel Aware": false,
      "Startup Cost": 248176.33,
      "Total Cost": 248176.34,
      "Plan Rows": 1,
      "Plan Width": 8,
      "Actual Startup Time": 684.827,
      "Actual Total Time": 765.835,
      "Actual Rows": 1,
      "Actual Loops": 1,
      "Plans": [
        {
          "Node Type": "Gather",
          "Parent Relationship": "Outer",
          "Parallel Aware": false,
          "Startup Cost": 248175.81,
          "Total Cost": 248176.32,
          "Plan Rows": 5,
          "Plan Width": 8,
          "Actual Startup Time": 680.73,
          "Actual Total Time": 765.814,
          "Actual Rows": 6,
          "Actual Loops": 1,
          "Workers Planned": 5,
          "Workers Launched": 5,
          "Single Copy": false,
          "Plans": [
            {
              "Node Type": "Aggregate",
              "Strategy": "Plain",
              "Partial Mode": "Partial",
              "Parent Relationship": "Outer",
              "Parallel Aware": false,
              "Startup Cost": 247175.81,
              "Total Cost": 247175.82,
              "Plan Rows": 1,
              "Plan Width": 8,
              "Actual Startup Time": 670.438,
              "Actual Total Time": 670.445,
              "Actual Rows": 1,
              "Actual Loops": 6,
              "Plans": [
                {
                  "Node Type": "Hash Join",
                  "Parent Relationship": "Outer",
                  "Parallel Aware": true,
                  "Join Type": "Inner",
                  "Startup Cost": 46738.91,
                  "Total Cost": 247000.71,
                  "Plan Rows": 70040,
                  "Plan Width": 0,
                  "Actual Startup Time": 153.82,
                  "Actual Total Time": 662.523,
                  "Actual Rows": 117691,
                  "Actual Loops": 6,
                  "Inner Unique": true,
                  "Hash Cond": "(mi.movie_id = t.id)",
                  "Plans": [
                    {
                      "Node Type": "Seq Scan",
                      "Parent Relationship": "Outer",
                      "Parallel Aware": true,
                      "Relation Name": "movie_info",
                      "Alias": "mi",
                      "Startup Cost": 0.0,
                      "Total Cost": 199108.24,
                      "Plan Rows": 439450,
                      "Plan Width": 4,
                      "Actual Startup Time": 20.982,
                      "Actual Total Time": 440.012,
                      "Actual Rows": 372308,
                      "Actual Loops": 6,
                      "Filter": "(info_type_id > 16)",
                      "Rows Removed by Filter": 2100312
                    },
                    {
                      "Node Type": "Hash",
                      "Parent Relationship": "Inner",
                      "Parallel Aware": true,
                      "Startup Cost": 45479.59,
                      "Total Cost": 45479.59,
                      "Plan Rows": 100746,
                      "Plan Width": 4,
                      "Actual Startup Time": 129.706,
                      "Actual Total Time": 129.708,
                      "Actual Rows": 53346,
                      "Actual Loops": 6,
                      "Hash Buckets": 524288,
                      "Original Hash Buckets": 524288,
                      "Hash Batches": 1,
                      "Original Hash Batches": 1,
                      "Peak Memory Usage": 16704,
                      "Plans": [
                        {
                          "Node Type": "Seq Scan",
                          "Parent Relationship": "Outer",
                          "Parallel Aware": true,
                          "Relation Name": "title",
                          "Alias": "t",
                          "Startup Cost": 0.0,
                          "Total Cost": 45479.59,
                          "Plan Rows": 100746,
                          "Plan Width": 4,
                          "Actual Startup Time": 0.08,
                          "Actual Total Time": 100.952,
                          "Actual Rows": 53346,
                          "Actual Loops": 6,
                          "Filter": "((kind_id < 4) AND (production_year > 2003))",
                          "Rows Removed by Filter": 368039
                        }
                      ]
                    }
                  ]
                }
              ]
            }
          ]
        }
      ]
    },
    "Planning Time": 0.688,
    "Triggers": [],
    "Execution Time": 765.926
  }
]