{
  "Plan": {
    "Node Type": "Aggregate",
    "Strategy": "Plain",
    "Partial Mode": "Finalize",
    "Parallel Aware": false,
    "Startup Cost": 645530.42,
    "Total Cost": 645530.43,
    "Plan Rows": 1,
    "Plan Width": 8,
    "Actual Startup Time": 2194.749,
    "Actual Total Time": 2220.431,
    "Actual Rows": 1,
    "Actual Loops": 1,
    "Plans": [
      {
        "Node Type": "Gather",
        "Parent Relationship": "Outer",
        "Parallel Aware": false,
        "Startup Cost": 645530.3,
        "Total Cost": 645530.41,
        "Plan Rows": 1,
        "Plan Width": 8,
        "Actual Startup Time": 2184.115,
        "Actual Total Time": 2220.424,
        "Actual Rows": 2,
        "Actual Loops": 1,
        "Workers Planned": 1,
        "Workers Launched": 1,
        "Single Copy": false,
        "Plans": [
          {
            "Node Type": "Aggregate",
            "Strategy": "Plain",
            "Partial Mode": "Partial",
            "Parent Relationship": "Outer",
            "Parallel Aware": false,
            "Startup Cost": 644530.3,
            "Total Cost": 644530.31,
            "Plan Rows": 1,
            "Plan Width": 8,
            "Actual Startup Time": 2175.586,
            "Actual Total Time": 2175.592,
            "Actual Rows": 1,
            "Actual Loops": 2,
            "Plans": [
              {
                "Node Type": "Hash Join",
                "Parent Relationship": "Outer",
                "Parallel Aware": true,
                "Join Type": "Inner",
                "Startup Cost": 621420.29,
                "Total Cost": 643333.45,
                "Plan Rows": 478740,
                "Plan Width": 0,
                "Actual Startup Time": 1914.828,
                "Actual Total Time": 2130.457,
                "Actual Rows": 1150726,
                "Actual Loops": 2,
                "Inner Unique": false,
                "Hash Cond": "(mi_idx.movie_id = t.id)",
                "Plans": [
                  {
                    "Node Type": "Seq Scan",
                    "Parent Relationship": "Outer",
                    "Parallel Aware": true,
                    "Relation Name": "movie_info_idx",
                    "Alias": "mi_idx",
                    "Startup Cost": 0.0,
                    "Total Cost": 16052.85,
                    "Plan Rows": 811785,
                    "Plan Width": 4,
                    "Actual Startup Time": 0.017,
                    "Actual Total Time": 48.279,
                    "Actual Rows": 690018,
                    "Actual Loops": 2
                  },
                  {
                    "Node Type": "Hash",
                    "Parent Relationship": "Inner",
                    "Parallel Aware": true,
                    "Startup Cost": 610456.84,
                    "Total Cost": 610456.84,
                    "Plan Rows": 877076,
                    "Plan Width": 8,
                    "Actual Startup Time": 1900.031,
                    "Actual Total Time": 1900.035,
                    "Actual Rows": 701268,
                    "Actual Loops": 2,
                    "Hash Buckets": 2097152,
                    "Original Hash Buckets": 2097152,
                    "Hash Batches": 1,
                    "Original Hash Batches": 1,
                    "Peak Memory Usage": 71264,
                    "Plans": [
                      {
                        "Node Type": "Merge Join",
                        "Parent Relationship": "Outer",
                        "Parallel Aware": false,
                        "Join Type": "Inner",
                        "Startup Cost": 486398.33,
                        "Total Cost": 610456.84,
                        "Plan Rows": 877076,
                        "Plan Width": 8,
                        "Actual Startup Time": 674.006,
                        "Actual Total Time": 1746.752,
                        "Actual Rows": 701268,
                        "Actual Loops": 2,
                        "Inner Unique": false,
                        "Merge Cond": "(t.id = ci.movie_id)",
                        "Plans": [
                          {
                            "Node Type": "Index Scan",
                            "Parent Relationship": "Outer",
                            "Parallel Aware": true,
                            "Scan Direction": "Forward",
                            "Index Name": "title_pkey",
                            "Relation Name": "title",
                            "Alias": "t",
                            "Startup Cost": 0.43,
                            "Total Cost": 103647.43,
                            "Plan Rows": 1309782,
                            "Plan Width": 4,
                            "Actual Startup Time": 0.071,
                            "Actual Total Time": 659.386,
                            "Actual Rows": 1111742,
                            "Actual Loops": 2,
                            "Filter": "(production_year < 2012)",
                            "Rows Removed by Filter": 151300
                          },
                          {
                            "Node Type": "Sort",
                            "Parent Relationship": "Inner",
                            "Parallel Aware": false,
                            "Startup Cost": 486397.72,
                            "Total Cost": 490630.31,
                            "Plan Rows": 1693033,
                            "Plan Width": 4,
                            "Actual Startup Time": 673.887,
                            "Actual Total Time": 866.747,
                            "Actual Rows": 1642729,
                            "Actual Loops": 2,
                            "Sort Key": [
                              "ci.movie_id"
                            ],
                            "Sort Method": "quicksort",
                            "Sort Space Used": 126155,
                            "Sort Space Type": "Memory",
                            "Workers": [
                              {
                                "Worker Number": 0,
                                "Sort Method": "quicksort",
                                "Sort Space Used": 126155,
                                "Sort Space Type": "Memory"
                              }
                            ],
                            "Plans": [
                              {
                                "Node Type": "Bitmap Heap Scan",
                                "Parent Relationship": "Outer",
                                "Parallel Aware": false,
                                "Relation Name": "cast_info",
                                "Alias": "ci",
                                "Startup Cost": 37393.57,
                                "Total Cost": 311243.48,
                                "Plan Rows": 1693033,
                                "Plan Width": 4,
                                "Actual Startup Time": 73.258,
                                "Actual Total Time": 278.322,
                                "Actual Rows": 1642729,
                                "Actual Loops": 2,
                                "Recheck Cond": "(person_id > 3736423)",
                                "Rows Removed by Index Recheck": 0,
                                "Exact Heap Blocks": 23565,
                                "Lossy Heap Blocks": 0,
                                "Plans": [
                                  {
                                    "Node Type": "Bitmap Index Scan",
                                    "Parent Relationship": "Outer",
                                    "Parallel Aware": false,
                                    "Index Name": "person_id_cast_info",
                                    "Startup Cost": 0.0,
                                    "Total Cost": 36970.31,
                                    "Plan Rows": 1693033,
                                    "Plan Width": 0,
                                    "Actual Startup Time": 70.348,
                                    "Actual Total Time": 70.349,
                                    "Actual Rows": 1642729,
                                    "Actual Loops": 2,
                                    "Index Cond": "(person_id > 3736423)"
                                  }
                                ]
                              }
                            ]
                          }
                        ]
                      }
                    ]
                  }
                ]
              }
            ]
          }
        ]
      }
    ]
  },
  "Planning Time": 1.002,
  "Triggers": [],
  "Execution Time": 2230.34
}