{
  "Plan": {
    "Node Type": "Aggregate",
    "Strategy": "Plain",
    "Partial Mode": "Finalize",
    "Parallel Aware": false,
    "Startup Cost": 603983.25,
    "Total Cost": 603983.26,
    "Plan Rows": 1,
    "Plan Width": 8,
    "Actual Startup Time": 2818.937,
    "Actual Total Time": 2876.899,
    "Actual Rows": 1,
    "Actual Loops": 1,
    "Plans": [
      {
        "Node Type": "Gather",
        "Parent Relationship": "Outer",
        "Parallel Aware": false,
        "Startup Cost": 603983.14,
        "Total Cost": 603983.25,
        "Plan Rows": 1,
        "Plan Width": 8,
        "Actual Startup Time": 2817.59,
        "Actual Total Time": 2876.89,
        "Actual Rows": 2,
        "Actual Loops": 1,
        "Workers Planned": 1,
        "Workers Launched": 1,
        "Single Copy": false,
        "Plans": [
          {
            "Node Type": "Aggregate",
            "Strategy": "Plain",
            "Partial Mode": "Partial",
            "Parent Relationship": "Outer",
            "Parallel Aware": false,
            "Startup Cost": 602983.14,
            "Total Cost": 602983.15,
            "Plan Rows": 1,
            "Plan Width": 8,
            "Actual Startup Time": 2812.774,
            "Actual Total Time": 2812.778,
            "Actual Rows": 1,
            "Actual Loops": 2,
            "Plans": [
              {
                "Node Type": "Hash Join",
                "Parent Relationship": "Outer",
                "Parallel Aware": true,
                "Join Type": "Inner",
                "Startup Cost": 64120.17,
                "Total Cost": 598440.81,
                "Plan Rows": 1816932,
                "Plan Width": 0,
                "Actual Startup Time": 957.288,
                "Actual Total Time": 2748.873,
                "Actual Rows": 1646232,
                "Actual Loops": 2,
                "Inner Unique": true,
                "Hash Cond": "(ci.movie_id = t.id)",
                "Plans": [
                  {
                    "Node Type": "Seq Scan",
                    "Parent Relationship": "Outer",
                    "Parallel Aware": true,
                    "Relation Name": "cast_info",
                    "Alias": "ci",
                    "Startup Cost": 0.0,
                    "Total Cost": 519069.44,
                    "Plan Rows": 5809973,
                    "Plan Width": 4,
                    "Actual Startup Time": 685.683,
                    "Actual Total Time": 1369.418,
                    "Actual Rows": 4887988,
                    "Actual Loops": 2,
                    "Filter": "(person_id > 2732811)",
                    "Rows Removed by Filter": 13234184
                  },
                  {
                    "Node Type": "Hash",
                    "Parent Relationship": "Inner",
                    "Parallel Aware": true,
                    "Startup Cost": 58306.47,
                    "Total Cost": 58306.47,
                    "Plan Rows": 465096,
                    "Plan Width": 4,
                    "Actual Startup Time": 262.886,
                    "Actual Total Time": 262.887,
                    "Actual Rows": 347876,
                    "Actual Loops": 2,
                    "Hash Buckets": 1048576,
                    "Original Hash Buckets": 1048576,
                    "Hash Batches": 1,
                    "Original Hash Batches": 1,
                    "Peak Memory Usage": 35424,
                    "Plans": [
                      {
                        "Node Type": "Seq Scan",
                        "Parent Relationship": "Outer",
                        "Parallel Aware": true,
                        "Relation Name": "title",
                        "Alias": "t",
                        "Startup Cost": 0.0,
                        "Total Cost": 58306.47,
                        "Plan Rows": 465096,
                        "Plan Width": 4,
                        "Actual Startup Time": 0.053,
                        "Actual Total Time": 158.787,
                        "Actual Rows": 347876,
                        "Actual Loops": 2,
                        "Filter": "((kind_id < 7) AND (production_year > 1975))",
                        "Rows Removed by Filter": 916280
                      }
                    ]
                  }
                ]
              }
            ]
          }
        ]
      }
    ]
  },
  "Planning Time": 0.705,
  "Triggers": [],
  "Execution Time": 2876.982
}