[
    {
        "Bao": {
            "Bao prediction": "NaN",
            "Bao recommended hint": "(no hint)"
        }
    },
    {
        "Plan": {
            "Node Type": "Aggregate",
            "Strategy": "Plain",
            "Partial Mode": "Finalize",
            "Parallel Aware": false,
            "Startup Cost": 24918.11,
            "Total Cost": 24918.12,
            "Plan Rows": 1,
            "Plan Width": 8,
            "Actual Startup Time": 69.457,
            "Actual Total Time": 74.356,
            "Actual Rows": 1,
            "Actual Loops": 1,
            "Output": [
                "count(*)"
            ],
            "Plans": [
                {
                    "Node Type": "Gather",
                    "Parent Relationship": "Outer",
                    "Parallel Aware": false,
                    "Startup Cost": 24917.79,
                    "Total Cost": 24918.1,
                    "Plan Rows": 3,
                    "Plan Width": 8,
                    "Actual Startup Time": 69.242,
                    "Actual Total Time": 74.349,
                    "Actual Rows": 4,
                    "Actual Loops": 1,
                    "Output": [
                        "(PARTIAL count(*))"
                    ],
                    "Workers Planned": 3,
                    "Workers Launched": 3,
                    "Single Copy": false,
                    "Plans": [
                        {
                            "Node Type": "Aggregate",
                            "Strategy": "Plain",
                            "Partial Mode": "Partial",
                            "Parent Relationship": "Outer",
                            "Parallel Aware": false,
                            "Startup Cost": 23917.79,
                            "Total Cost": 23917.8,
                            "Plan Rows": 1,
                            "Plan Width": 8,
                            "Actual Startup Time": 60.343,
                            "Actual Total Time": 60.344,
                            "Actual Rows": 1,
                            "Actual Loops": 4,
                            "Output": [
                                "PARTIAL count(*)"
                            ],
                            "Workers": [
                                {
                                    "Worker Number": 0,
                                    "Actual Startup Time": 57.443,
                                    "Actual Total Time": 57.444,
                                    "Actual Rows": 1,
                                    "Actual Loops": 1
                                },
                                {
                                    "Worker Number": 1,
                                    "Actual Startup Time": 57.375,
                                    "Actual Total Time": 57.375,
                                    "Actual Rows": 1,
                                    "Actual Loops": 1
                                },
                                {
                                    "Worker Number": 2,
                                    "Actual Startup Time": 57.826,
                                    "Actual Total Time": 57.827,
                                    "Actual Rows": 1,
                                    "Actual Loops": 1
                                }
                            ],
                            "Plans": [
                                {
                                    "Node Type": "Bitmap Heap Scan",
                                    "Parent Relationship": "Outer",
                                    "Parallel Aware": true,
                                    "Relation Name": "movie_companies",
                                    "Schema": "public",
                                    "Alias": "mc",
                                    "Startup Cost": 4191.71,
                                    "Total Cost": 23761.78,
                                    "Plan Rows": 62405,
                                    "Plan Width": 0,
                                    "Actual Startup Time": 21.802,
                                    "Actual Total Time": 56.356,
                                    "Actual Rows": 48010,
                                    "Actual Loops": 4,
                                    "Recheck Cond": "(mc.company_id < 52)",
                                    "Rows Removed by Index Recheck": 0,
                                    "Exact Heap Blocks": 9695,
                                    "Lossy Heap Blocks": 0,
                                    "Workers": [
                                        {
                                            "Worker Number": 0,
                                            "Actual Startup Time": 18.925,
                                            "Actual Total Time": 54.116,
                                            "Actual Rows": 24420,
                                            "Actual Loops": 1
                                        },
                                        {
                                            "Worker Number": 1,
                                            "Actual Startup Time": 18.993,
                                            "Actual Total Time": 54.198,
                                            "Actual Rows": 20956,
                                            "Actual Loops": 1
                                        },
                                        {
                                            "Worker Number": 2,
                                            "Actual Startup Time": 19.327,
                                            "Actual Total Time": 54.525,
                                            "Actual Rows": 23799,
                                            "Actual Loops": 1
                                        }
                                    ],
                                    "Plans": [
                                        {
                                            "Node Type": "Bitmap Index Scan",
                                            "Parent Relationship": "Outer",
                                            "Parallel Aware": false,
                                            "Index Name": "company_id_movie_companies",
                                            "Startup Cost": 0.0,
                                            "Total Cost": 4143.35,
                                            "Plan Rows": 193456,
                                            "Plan Width": 0,
                                            "Actual Startup Time": 25.638,
                                            "Actual Total Time": 25.638,
                                            "Actual Rows": 192038,
                                            "Actual Loops": 1,
                                            "Index Cond": "(mc.company_id < 52)"
                                        }
                                    ]
                                }
                            ]
                        }
                    ]
                }
            ]
        },
        "Planning Time": 205.552,
        "Triggers": [],
        "Execution Time": 74.437
    }
]