[
  {
    "Plan": {
      "Node Type": "Aggregate",
      "Strategy": "Plain",
      "Partial Mode": "Finalize",
      "Parallel Aware": false,
      "Startup Cost": 193107.93,
      "Total Cost": 193107.94,
      "Plan Rows": 1,
      "Plan Width": 8,
      "Actual Startup Time": 957.469,
      "Actual Total Time": 1008.537,
      "Actual Rows": 1,
      "Actual Loops": 1,
      "Plans": [
        {
          "Node Type": "Gather",
          "Parent Relationship": "Outer",
          "Parallel Aware": false,
          "Startup Cost": 193107.51,
          "Total Cost": 193107.92,
          "Plan Rows": 4,
          "Plan Width": 8,
          "Actual Startup Time": 955.875,
          "Actual Total Time": 1008.527,
          "Actual Rows": 5,
          "Actual Loops": 1,
          "Workers Planned": 4,
          "Workers Launched": 4,
          "Single Copy": false,
          "Plans": [
            {
              "Node Type": "Aggregate",
              "Strategy": "Plain",
              "Partial Mode": "Partial",
              "Parent Relationship": "Outer",
              "Parallel Aware": false,
              "Startup Cost": 192107.51,
              "Total Cost": 192107.52,
              "Plan Rows": 1,
              "Plan Width": 8,
              "Actual Startup Time": 944.628,
              "Actual Total Time": 944.632,
              "Actual Rows": 1,
              "Actual Loops": 5,
              "Plans": [
                {
                  "Node Type": "Nested Loop",
                  "Parent Relationship": "Outer",
                  "Parallel Aware": false,
                  "Join Type": "Inner",
                  "Startup Cost": 33006.75,
                  "Total Cost": 191381.43,
                  "Plan Rows": 290432,
                  "Plan Width": 0,
                  "Actual Startup Time": 108.971,
                  "Actual Total Time": 892.551,
                  "Actual Rows": 1179605,
                  "Actual Loops": 5,
                  "Inner Unique": false,
                  "Plans": [
                    {
                      "Node Type": "Hash Join",
                      "Parent Relationship": "Outer",
                      "Parallel Aware": true,
                      "Join Type": "Inner",
                      "Startup Cost": 33006.32,
                      "Total Cost": 78656.3,
                      "Plan Rows": 49670,
                      "Plan Width": 8,
                      "Actual Startup Time": 108.887,
                      "Actual Total Time": 273.246,
                      "Actual Rows": 45525,
                      "Actual Loops": 5,
                      "Inner Unique": false,
                      "Hash Cond": "(t.id = mc.movie_id)",
                      "Plans": [
                        {
                          "Node Type": "Seq Scan",
                          "Parent Relationship": "Outer",
                          "Parallel Aware": true,
                          "Relation Name": "title",
                          "Alias": "t",
                          "Startup Cost": 0.0,
                          "Total Cost": 43898.92,
                          "Plan Rows": 318169,
                          "Plan Width": 4,
                          "Actual Startup Time": 0.012,
                          "Actual Total Time": 72.415,
                          "Actual Rows": 252059,
                          "Actual Loops": 5,
                          "Filter": "(production_year > 2002)",
                          "Rows Removed by Filter": 253603
                        },
                        {
                          "Node Type": "Hash",
                          "Parent Relationship": "Inner",
                          "Parallel Aware": true,
                          "Startup Cost": 31414.82,
                          "Total Cost": 31414.82,
                          "Plan Rows": 127320,
                          "Plan Width": 4,
                          "Actual Startup Time": 106.087,
                          "Actual Total Time": 106.087,
                          "Actual Rows": 112688,
                          "Actual Loops": 5,
                          "Hash Buckets": 1048576,
                          "Original Hash Buckets": 524288,
                          "Hash Batches": 1,
                          "Original Hash Batches": 1,
                          "Peak Memory Usage": 34368,
                          "Plans": [
                            {
                              "Node Type": "Seq Scan",
                              "Parent Relationship": "Outer",
                              "Parallel Aware": true,
                              "Relation Name": "movie_companies",
                              "Alias": "mc",
                              "Startup Cost": 0.0,
                              "Total Cost": 31414.82,
                              "Plan Rows": 127320,
                              "Plan Width": 4,
                              "Actual Startup Time": 0.047,
                              "Actual Total Time": 61.053,
                              "Actual Rows": 112688,
                              "Actual Loops": 5,
                              "Filter": "((company_id < 1716) AND (company_type_id < 2))",
                              "Rows Removed by Filter": 409137
                            }
                          ]
                        }
                      ]
                    },
                    {
                      "Node Type": "Index Only Scan",
                      "Parent Relationship": "Inner",
                      "Parallel Aware": false,
                      "Scan Direction": "Forward",
                      "Index Name": "movie_id_movie_info",
                      "Relation Name": "movie_info",
                      "Alias": "mi",
                      "Startup Cost": 0.43,
                      "Total Cost": 1.85,
                      "Plan Rows": 42,
                      "Plan Width": 4,
                      "Actual Startup Time": 0.004,
                      "Actual Total Time": 0.012,
                      "Actual Rows": 26,
                      "Actual Loops": 227626,
                      "Index Cond": "(movie_id = t.id)",
                      "Rows Removed by Index Recheck": 0,
                      "Heap Fetches": 5898027
                    }
                  ]
                }
              ]
            }
          ]
        }
      ]
    },
    "Planning Time": 1.502,
    "Triggers": [],
    "Execution Time": 1008.637
  }
]