[
  {
    "Plan": {
      "Node Type": "Aggregate",
      "Strategy": "Plain",
      "Partial Mode": "Finalize",
      "Parallel Aware": false,
      "Startup Cost": 248923.4,
      "Total Cost": 248923.41,
      "Plan Rows": 1,
      "Plan Width": 8,
      "Actual Startup Time": 651.227,
      "Actual Total Time": 702.522,
      "Actual Rows": 1,
      "Actual Loops": 1,
      "Plans": [
        {
          "Node Type": "Gather",
          "Parent Relationship": "Outer",
          "Parallel Aware": false,
          "Startup Cost": 248922.87,
          "Total Cost": 248923.38,
          "Plan Rows": 5,
          "Plan Width": 8,
          "Actual Startup Time": 650.536,
          "Actual Total Time": 702.503,
          "Actual Rows": 6,
          "Actual Loops": 1,
          "Workers Planned": 5,
          "Workers Launched": 5,
          "Single Copy": false,
          "Plans": [
            {
              "Node Type": "Aggregate",
              "Strategy": "Plain",
              "Partial Mode": "Partial",
              "Parent Relationship": "Outer",
              "Parallel Aware": false,
              "Startup Cost": 247922.87,
              "Total Cost": 247922.88,
              "Plan Rows": 1,
              "Plan Width": 8,
              "Actual Startup Time": 644.057,
              "Actual Total Time": 644.063,
              "Actual Rows": 1,
              "Actual Loops": 6,
              "Plans": [
                {
                  "Node Type": "Hash Join",
                  "Parent Relationship": "Outer",
                  "Parallel Aware": true,
                  "Join Type": "Inner",
                  "Startup Cost": 45605.92,
                  "Total Cost": 247874.74,
                  "Plan Rows": 19251,
                  "Plan Width": 0,
                  "Actual Startup Time": 119.021,
                  "Actual Total Time": 643.443,
                  "Actual Rows": 7967,
                  "Actual Loops": 6,
                  "Inner Unique": true,
                  "Hash Cond": "(mi.movie_id = t.id)",
                  "Plans": [
                    {
                      "Node Type": "Seq Scan",
                      "Parent Relationship": "Outer",
                      "Parallel Aware": true,
                      "Relation Name": "movie_info",
                      "Alias": "mi",
                      "Startup Cost": 0.0,
                      "Total Cost": 199108.24,
                      "Plan Rows": 1204030,
                      "Plan Width": 4,
                      "Actual Startup Time": 21.28,
                      "Actual Total Time": 421.984,
                      "Actual Rows": 1013905,
                      "Actual Loops": 6,
                      "Filter": "(info_type_id > 9)",
                      "Rows Removed by Filter": 1458715
                    },
                    {
                      "Node Type": "Hash",
                      "Parent Relationship": "Inner",
                      "Parallel Aware": true,
                      "Startup Cost": 45479.59,
                      "Total Cost": 45479.59,
                      "Plan Rows": 10107,
                      "Plan Width": 4,
                      "Actual Startup Time": 96.286,
                      "Actual Total Time": 96.288,
                      "Actual Rows": 6711,
                      "Actual Loops": 6,
                      "Hash Buckets": 65536,
                      "Original Hash Buckets": 65536,
                      "Hash Batches": 1,
                      "Original Hash Batches": 1,
                      "Peak Memory Usage": 2208,
                      "Plans": [
                        {
                          "Node Type": "Seq Scan",
                          "Parent Relationship": "Outer",
                          "Parallel Aware": true,
                          "Relation Name": "title",
                          "Alias": "t",
                          "Startup Cost": 0.0,
                          "Total Cost": 45479.59,
                          "Plan Rows": 10107,
                          "Plan Width": 4,
                          "Actual Startup Time": 0.053,
                          "Actual Total Time": 92.191,
                          "Actual Rows": 6711,
                          "Actual Loops": 6,
                          "Filter": "((kind_id > 4) AND (production_year = 2013))",
                          "Rows Removed by Filter": 414675
                        }
                      ]
                    }
                  ]
                }
              ]
            }
          ]
        }
      ]
    },
    "Planning Time": 0.576,
    "Triggers": [],
    "Execution Time": 702.597
  }
]