{
    "Plan": {
        "Node Type": "Aggregate",
        "Strategy": "Plain",
        "Partial Mode": "Finalize",
        "Parallel Aware": false,
        "Startup Cost": 250906.53,
        "Total Cost": 250906.54,
        "Plan Rows": 1,
        "Plan Width": 8,
        "Actual Startup Time": 727.382,
        "Actual Total Time": 769.857,
        "Actual Rows": 1,
        "Actual Loops": 1,
        "Output": [
            "count(*)"
        ],
        "Plans": [
            {
                "Node Type": "Gather",
                "Parent Relationship": "Outer",
                "Parallel Aware": false,
                "Startup Cost": 250906.01,
                "Total Cost": 250906.52,
                "Plan Rows": 5,
                "Plan Width": 8,
                "Actual Startup Time": 721.621,
                "Actual Total Time": 769.846,
                "Actual Rows": 6,
                "Actual Loops": 1,
                "Output": [
                    "(PARTIAL count(*))"
                ],
                "Workers Planned": 5,
                "Workers Launched": 5,
                "Single Copy": false,
                "Plans": [
                    {
                        "Node Type": "Aggregate",
                        "Strategy": "Plain",
                        "Partial Mode": "Partial",
                        "Parent Relationship": "Outer",
                        "Parallel Aware": false,
                        "Startup Cost": 249906.01,
                        "Total Cost": 249906.02,
                        "Plan Rows": 1,
                        "Plan Width": 8,
                        "Actual Startup Time": 710.788,
                        "Actual Total Time": 710.791,
                        "Actual Rows": 1,
                        "Actual Loops": 6,
                        "Output": [
                            "PARTIAL count(*)"
                        ],
                        "Workers": [
                            {
                                "Worker Number": 0,
                                "Actual Startup Time": 708.543,
                                "Actual Total Time": 708.546,
                                "Actual Rows": 1,
                                "Actual Loops": 1
                            },
                            {
                                "Worker Number": 1,
                                "Actual Startup Time": 708.774,
                                "Actual Total Time": 708.778,
                                "Actual Rows": 1,
                                "Actual Loops": 1
                            },
                            {
                                "Worker Number": 2,
                                "Actual Startup Time": 709.112,
                                "Actual Total Time": 709.114,
                                "Actual Rows": 1,
                                "Actual Loops": 1
                            },
                            {
                                "Worker Number": 3,
                                "Actual Startup Time": 708.644,
                                "Actual Total Time": 708.647,
                                "Actual Rows": 1,
                                "Actual Loops": 1
                            },
                            {
                                "Worker Number": 4,
                                "Actual Startup Time": 708.879,
                                "Actual Total Time": 708.882,
                                "Actual Rows": 1,
                                "Actual Loops": 1
                            }
                        ],
                        "Plans": [
                            {
                                "Node Type": "Hash Join",
                                "Parent Relationship": "Outer",
                                "Parallel Aware": true,
                                "Join Type": "Inner",
                                "Startup Cost": 47137.56,
                                "Total Cost": 249258.34,
                                "Plan Rows": 259068,
                                "Plan Width": 0,
                                "Actual Startup Time": 154.14,
                                "Actual Total Time": 691.36,
                                "Actual Rows": 413222,
                                "Actual Loops": 6,
                                "Inner Unique": true,
                                "Hash Cond": "(mi.movie_id = t.id)",
                                "Workers": [
                                    {
                                        "Worker Number": 0,
                                        "Actual Startup Time": 151.958,
                                        "Actual Total Time": 688.213,
                                        "Actual Rows": 304534,
                                        "Actual Loops": 1
                                    },
                                    {
                                        "Worker Number": 1,
                                        "Actual Startup Time": 152.312,
                                        "Actual Total Time": 689.465,
                                        "Actual Rows": 288503,
                                        "Actual Loops": 1
                                    },
                                    {
                                        "Worker Number": 2,
                                        "Actual Startup Time": 152.051,
                                        "Actual Total Time": 690.638,
                                        "Actual Rows": 454139,
                                        "Actual Loops": 1
                                    },
                                    {
                                        "Worker Number": 3,
                                        "Actual Startup Time": 152.063,
                                        "Actual Total Time": 690.149,
                                        "Actual Rows": 451589,
                                        "Actual Loops": 1
                                    },
                                    {
                                        "Worker Number": 4,
                                        "Actual Startup Time": 152.28,
                                        "Actual Total Time": 691.485,
                                        "Actual Rows": 423404,
                                        "Actual Loops": 1
                                    }
                                ],
                                "Plans": [
                                    {
                                        "Node Type": "Seq Scan",
                                        "Parent Relationship": "Outer",
                                        "Parallel Aware": true,
                                        "Relation Name": "movie_info",
                                        "Schema": "public",
                                        "Alias": "mi",
                                        "Startup Cost": 0.0,
                                        "Total Cost": 198880.74,
                                        "Plan Rows": 1234303,
                                        "Plan Width": 4,
                                        "Actual Startup Time": 16.277,
                                        "Actual Total Time": 329.634,
                                        "Actual Rows": 1037249,
                                        "Actual Loops": 6,
                                        "Output": [
                                            "mi.id",
                                            "mi.movie_id",
                                            "mi.info_type_id",
                                            "mi.info",
                                            "mi.note"
                                        ],
                                        "Filter": "(mi.info_type_id > 8)",
                                        "Rows Removed by Filter": 1435371,
                                        "Workers": [
                                            {
                                                "Worker Number": 0,
                                                "Actual Startup Time": 16.286,
                                                "Actual Total Time": 343.785,
                                                "Actual Rows": 781364,
                                                "Actual Loops": 1
                                            },
                                            {
                                                "Worker Number": 1,
                                                "Actual Startup Time": 16.275,
                                                "Actual Total Time": 342.171,
                                                "Actual Rows": 731772,
                                                "Actual Loops": 1
                                            },
                                            {
                                                "Worker Number": 2,
                                                "Actual Startup Time": 16.292,
                                                "Actual Total Time": 332.262,
                                                "Actual Rows": 1137225,
                                                "Actual Loops": 1
                                            },
                                            {
                                                "Worker Number": 3,
                                                "Actual Startup Time": 16.286,
                                                "Actual Total Time": 332.038,
                                                "Actual Rows": 1130205,
                                                "Actual Loops": 1
                                            },
                                            {
                                                "Worker Number": 4,
                                                "Actual Startup Time": 16.26,
                                                "Actual Total Time": 330.732,
                                                "Actual Rows": 1045553,
                                                "Actual Loops": 1
                                            }
                                        ]
                                    },
                                    {
                                        "Node Type": "Hash",
                                        "Parent Relationship": "Inner",
                                        "Parallel Aware": true,
                                        "Startup Cost": 45479.21,
                                        "Total Cost": 45479.21,
                                        "Plan Rows": 132668,
                                        "Plan Width": 4,
                                        "Actual Startup Time": 133.857,
                                        "Actual Total Time": 133.858,
                                        "Actual Rows": 101589,
                                        "Actual Loops": 6,
                                        "Output": [
                                            "t.id"
                                        ],
                                        "Hash Buckets": 1048576,
                                        "Original Hash Buckets": 1048576,
                                        "Hash Batches": 1,
                                        "Original Hash Batches": 1,
                                        "Peak Memory Usage": 32096,
                                        "Workers": [
                                            {
                                                "Worker Number": 0,
                                                "Actual Startup Time": 135.04,
                                                "Actual Total Time": 135.041,
                                                "Actual Rows": 78862,
                                                "Actual Loops": 1
                                            },
                                            {
                                                "Worker Number": 1,
                                                "Actual Startup Time": 135.249,
                                                "Actual Total Time": 135.251,
                                                "Actual Rows": 74191,
                                                "Actual Loops": 1
                                            },
                                            {
                                                "Worker Number": 2,
                                                "Actual Startup Time": 135.045,
                                                "Actual Total Time": 135.046,
                                                "Actual Rows": 110044,
                                                "Actual Loops": 1
                                            },
                                            {
                                                "Worker Number": 3,
                                                "Actual Startup Time": 135.05,
                                                "Actual Total Time": 135.051,
                                                "Actual Rows": 108495,
                                                "Actual Loops": 1
                                            },
                                            {
                                                "Worker Number": 4,
                                                "Actual Startup Time": 135.41,
                                                "Actual Total Time": 135.411,
                                                "Actual Rows": 102248,
                                                "Actual Loops": 1
                                            }
                                        ],
                                        "Plans": [
                                            {
                                                "Node Type": "Seq Scan",
                                                "Parent Relationship": "Outer",
                                                "Parallel Aware": true,
                                                "Relation Name": "title",
                                                "Schema": "public",
                                                "Alias": "t",
                                                "Startup Cost": 0.0,
                                                "Total Cost": 45479.21,
                                                "Plan Rows": 132668,
                                                "Plan Width": 4,
                                                "Actual Startup Time": 0.069,
                                                "Actual Total Time": 85.333,
                                                "Actual Rows": 101589,
                                                "Actual Loops": 6,
                                                "Output": [
                                                    "t.id"
                                                ],
                                                "Filter": "((t.kind_id < 7) AND (t.production_year < 2005))",
                                                "Rows Removed by Filter": 319797,
                                                "Workers": [
                                                    {
                                                        "Worker Number": 0,
                                                        "Actual Startup Time": 0.073,
                                                        "Actual Total Time": 86.923,
                                                        "Actual Rows": 78862,
                                                        "Actual Loops": 1
                                                    },
                                                    {
                                                        "Worker Number": 1,
                                                        "Actual Startup Time": 0.087,
                                                        "Actual Total Time": 86.253,
                                                        "Actual Rows": 74191,
                                                        "Actual Loops": 1
                                                    },
                                                    {
                                                        "Worker Number": 2,
                                                        "Actual Startup Time": 0.069,
                                                        "Actual Total Time": 86.035,
                                                        "Actual Rows": 110044,
                                                        "Actual Loops": 1
                                                    },
                                                    {
                                                        "Worker Number": 3,
                                                        "Actual Startup Time": 0.072,
                                                        "Actual Total Time": 85.02,
                                                        "Actual Rows": 108495,
                                                        "Actual Loops": 1
                                                    },
                                                    {
                                                        "Worker Number": 4,
                                                        "Actual Startup Time": 0.09,
                                                        "Actual Total Time": 84.348,
                                                        "Actual Rows": 102248,
                                                        "Actual Loops": 1
                                                    }
                                                ]
                                            }
                                        ]
                                    }
                                ]
                            }
                        ]
                    }
                ]
            }
        ]
    },
    "Planning Time": 0.843,
    "Triggers": [],
    "Execution Time": 769.938
}