{
  "Plan": {
    "Node Type": "Aggregate",
    "Strategy": "Plain",
    "Partial Mode": "Finalize",
    "Parallel Aware": false,
    "Startup Cost": 70435.31,
    "Total Cost": 70435.32,
    "Plan Rows": 1,
    "Plan Width": 8,
    "Actual Startup Time": 52.431,
    "Actual Total Time": 58.327,
    "Actual Rows": 1,
    "Actual Loops": 1,
    "Plans": [
      {
        "Node Type": "Gather",
        "Parent Relationship": "Outer",
        "Parallel Aware": false,
        "Startup Cost": 70435.2,
        "Total Cost": 70435.31,
        "Plan Rows": 1,
        "Plan Width": 8,
        "Actual Startup Time": 52.335,
        "Actual Total Time": 58.32,
        "Actual Rows": 2,
        "Actual Loops": 1,
        "Workers Planned": 1,
        "Workers Launched": 1,
        "Single Copy": false,
        "Plans": [
          {
            "Node Type": "Aggregate",
            "Strategy": "Plain",
            "Partial Mode": "Partial",
            "Parent Relationship": "Outer",
            "Parallel Aware": false,
            "Startup Cost": 69435.2,
            "Total Cost": 69435.21,
            "Plan Rows": 1,
            "Plan Width": 8,
            "Actual Startup Time": 46.229,
            "Actual Total Time": 46.23,
            "Actual Rows": 1,
            "Actual Loops": 2,
            "Plans": [
              {
                "Node Type": "Nested Loop",
                "Parent Relationship": "Outer",
                "Parallel Aware": false,
                "Join Type": "Inner",
                "Startup Cost": 311.83,
                "Total Cost": 69435.18,
                "Plan Rows": 6,
                "Plan Width": 0,
                "Actual Startup Time": 19.925,
                "Actual Total Time": 46.214,
                "Actual Rows": 46,
                "Actual Loops": 2,
                "Inner Unique": false,
                "Join Filter": "(t.id = mi_idx.movie_id)",
                "Rows Removed by Join Filter": 0,
                "Plans": [
                  {
                    "Node Type": "Nested Loop",
                    "Parent Relationship": "Outer",
                    "Parallel Aware": false,
                    "Join Type": "Inner",
                    "Startup Cost": 311.4,
                    "Total Cost": 69278.34,
                    "Plan Rows": 36,
                    "Plan Width": 8,
                    "Actual Startup Time": 19.857,
                    "Actual Total Time": 45.763,
                    "Actual Rows": 62,
                    "Actual Loops": 2,
                    "Inner Unique": true,
                    "Plans": [
                      {
                        "Node Type": "Bitmap Heap Scan",
                        "Parent Relationship": "Outer",
                        "Parallel Aware": true,
                        "Relation Name": "movie_companies",
                        "Alias": "mc",
                        "Startup Cost": 310.97,
                        "Total Cost": 18764.01,
                        "Plan Rows": 8390,
                        "Plan Width": 4,
                        "Actual Startup Time": 3.604,
                        "Actual Total Time": 10.503,
                        "Actual Rows": 6447,
                        "Actual Loops": 2,
                        "Recheck Cond": "(company_id = 34)",
                        "Rows Removed by Index Recheck": 0,
                        "Exact Heap Blocks": 3161,
                        "Lossy Heap Blocks": 0,
                        "Plans": [
                          {
                            "Node Type": "Bitmap Index Scan",
                            "Parent Relationship": "Outer",
                            "Parallel Aware": false,
                            "Index Name": "company_id_movie_companies",
                            "Startup Cost": 0.0,
                            "Total Cost": 307.4,
                            "Plan Rows": 14263,
                            "Plan Width": 0,
                            "Actual Startup Time": 5.03,
                            "Actual Total Time": 5.031,
                            "Actual Rows": 12894,
                            "Actual Loops": 1,
                            "Index Cond": "(company_id = 34)"
                          }
                        ]
                      },
                      {
                        "Node Type": "Index Scan",
                        "Parent Relationship": "Inner",
                        "Parallel Aware": false,
                        "Scan Direction": "Forward",
                        "Index Name": "title_pkey",
                        "Relation Name": "title",
                        "Alias": "t",
                        "Startup Cost": 0.43,
                        "Total Cost": 6.02,
                        "Plan Rows": 1,
                        "Plan Width": 4,
                        "Actual Startup Time": 0.005,
                        "Actual Total Time": 0.005,
                        "Actual Rows": 0,
                        "Actual Loops": 12894,
                        "Index Cond": "(id = mc.movie_id)",
                        "Rows Removed by Index Recheck": 0,
                        "Filter": "(production_year = 1964)",
                        "Rows Removed by Filter": 1
                      }
                    ]
                  },
                  {
                    "Node Type": "Index Scan",
                    "Parent Relationship": "Inner",
                    "Parallel Aware": false,
                    "Scan Direction": "Forward",
                    "Index Name": "movie_id_movie_info_idx",
                    "Relation Name": "movie_info_idx",
                    "Alias": "mi_idx",
                    "Startup Cost": 0.43,
                    "Total Cost": 4.34,
                    "Plan Rows": 1,
                    "Plan Width": 4,
                    "Actual Startup Time": 0.007,
                    "Actual Total Time": 0.007,
                    "Actual Rows": 1,
                    "Actual Loops": 123,
                    "Index Cond": "(movie_id = mc.movie_id)",
                    "Rows Removed by Index Recheck": 0,
                    "Filter": "(info_type_id = 101)",
                    "Rows Removed by Filter": 2
                  }
                ]
              }
            ]
          }
        ]
      }
    ]
  },
  "Planning Time": 0.913,
  "Triggers": [],
  "Execution Time": 58.42
}