[
  {
    "Plan": {
      "Node Type": "Aggregate",
      "Strategy": "Plain",
      "Partial Mode": "Simple",
      "Parallel Aware": false,
      "Startup Cost": 9782.56,
      "Total Cost": 9782.57,
      "Plan Rows": 1,
      "Plan Width": 8,
      "Actual Startup Time": 2.399,
      "Actual Total Time": 2.399,
      "Actual Rows": 1,
      "Actual Loops": 1,
      "Plans": [
        {
          "Node Type": "Index Scan",
          "Parent Relationship": "Outer",
          "Parallel Aware": false,
          "Scan Direction": "Forward",
          "Index Name": "company_id_movie_companies",
          "Relation Name": "movie_companies",
          "Alias": "mc",
          "Startup Cost": 0.43,
          "Total Cost": 9777.35,
          "Plan Rows": 2084,
          "Plan Width": 0,
          "Actual Startup Time": 1.274,
          "Actual Total Time": 2.299,
          "Actual Rows": 1248,
          "Actual Loops": 1,
          "Index Cond": "(company_id = 133)",
          "Rows Removed by Index Recheck": 0,
          "Filter": "(company_type_id = 2)",
          "Rows Removed by Filter": 1697
        }
      ]
    },
    "Planning Time": 0.055,
    "Triggers": [],
    "Execution Time": 2.414
  }
]