[
  {
    "Plan": {
      "Node Type": "Aggregate",
      "Strategy": "Plain",
      "Partial Mode": "Finalize",
      "Parallel Aware": false,
      "Startup Cost": 127486.93,
      "Total Cost": 127486.94,
      "Plan Rows": 1,
      "Plan Width": 8,
      "Actual Startup Time": 1292.129,
      "Actual Total Time": 1311.451,
      "Actual Rows": 1,
      "Actual Loops": 1,
      "Plans": [
        {
          "Node Type": "Gather",
          "Parent Relationship": "Outer",
          "Parallel Aware": false,
          "Startup Cost": 127486.61,
          "Total Cost": 127486.92,
          "Plan Rows": 3,
          "Plan Width": 8,
          "Actual Startup Time": 1278.67,
          "Actual Total Time": 1311.441,
          "Actual Rows": 4,
          "Actual Loops": 1,
          "Workers Planned": 3,
          "Workers Launched": 3,
          "Single Copy": false,
          "Plans": [
            {
              "Node Type": "Aggregate",
              "Strategy": "Plain",
              "Partial Mode": "Partial",
              "Parent Relationship": "Outer",
              "Parallel Aware": false,
              "Startup Cost": 126486.61,
              "Total Cost": 126486.62,
              "Plan Rows": 1,
              "Plan Width": 8,
              "Actual Startup Time": 1270.918,
              "Actual Total Time": 1271.075,
              "Actual Rows": 1,
              "Actual Loops": 4,
              "Plans": [
                {
                  "Node Type": "Hash Join",
                  "Parent Relationship": "Outer",
                  "Parallel Aware": true,
                  "Join Type": "Inner",
                  "Startup Cost": 78554.2,
                  "Total Cost": 125941.64,
                  "Plan Rows": 217987,
                  "Plan Width": 0,
                  "Actual Startup Time": 534.95,
                  "Actual Total Time": 1057.026,
                  "Actual Rows": 4941762,
                  "Actual Loops": 4,
                  "Inner Unique": false,
                  "Hash Cond": "(mk.movie_id = t.id)",
                  "Plans": [
                    {
                      "Node Type": "Seq Scan",
                      "Parent Relationship": "Outer",
                      "Parallel Aware": true,
                      "Relation Name": "movie_keyword",
                      "Alias": "mk",
                      "Startup Cost": 0.0,
                      "Total Cost": 42695.65,
                      "Plan Rows": 1063629,
                      "Plan Width": 4,
                      "Actual Startup Time": 0.053,
                      "Actual Total Time": 114.022,
                      "Actual Rows": 823593,
                      "Actual Loops": 4,
                      "Filter": "(keyword_id < 14756)",
                      "Rows Removed by Filter": 307390
                    },
                    {
                      "Node Type": "Hash",
                      "Parent Relationship": "Inner",
                      "Parallel Aware": true,
                      "Startup Cost": 76464.73,
                      "Total Cost": 76464.73,
                      "Plan Rows": 167158,
                      "Plan Width": 8,
                      "Actual Startup Time": 494.546,
                      "Actual Total Time": 494.701,
                      "Actual Rows": 280481,
                      "Actual Loops": 4,
                      "Hash Buckets": 2097152,
                      "Original Hash Buckets": 524288,
                      "Hash Batches": 1,
                      "Original Hash Batches": 1,
                      "Peak Memory Usage": 72640,
                      "Plans": [
                        {
                          "Node Type": "Hash Join",
                          "Parent Relationship": "Outer",
                          "Parallel Aware": true,
                          "Join Type": "Inner",
                          "Startup Cost": 47048.84,
                          "Total Cost": 76464.73,
                          "Plan Rows": 167158,
                          "Plan Width": 8,
                          "Actual Startup Time": 189.819,
                          "Actual Total Time": 371.832,
                          "Actual Rows": 280481,
                          "Actual Loops": 4,
                          "Inner Unique": true,
                          "Hash Cond": "(mc.movie_id = t.id)",
                          "Plans": [
                            {
                              "Node Type": "Seq Scan",
                              "Parent Relationship": "Outer",
                              "Parallel Aware": true,
                              "Relation Name": "movie_companies",
                              "Alias": "mc",
                              "Startup Cost": 0.0,
                              "Total Cost": 27206.55,
                              "Plan Rows": 841655,
                              "Plan Width": 4,
                              "Actual Startup Time": 0.011,
                              "Actual Total Time": 62.861,
                              "Actual Rows": 652282,
                              "Actual Loops": 4
                            },
                            {
                              "Node Type": "Hash",
                              "Parent Relationship": "Inner",
                              "Parallel Aware": true,
                              "Startup Cost": 45479.59,
                              "Total Cost": 45479.59,
                              "Plan Rows": 125540,
                              "Plan Width": 4,
                              "Actual Startup Time": 154.57,
                              "Actual Total Time": 154.571,
                              "Actual Rows": 131032,
                              "Actual Loops": 4,
                              "Hash Buckets": 524288,
                              "Original Hash Buckets": 524288,
                              "Hash Batches": 1,
                              "Original Hash Batches": 1,
                              "Peak Memory Usage": 24672,
                              "Plans": [
                                {
                                  "Node Type": "Seq Scan",
                                  "Parent Relationship": "Outer",
                                  "Parallel Aware": true,
                                  "Relation Name": "title",
                                  "Alias": "t",
                                  "Startup Cost": 0.0,
                                  "Total Cost": 45479.59,
                                  "Plan Rows": 125540,
                                  "Plan Width": 4,
                                  "Actual Startup Time": 60.227,
                                  "Actual Total Time": 105.628,
                                  "Actual Rows": 131032,
                                  "Actual Loops": 4,
                                  "Filter": "((kind_id < 2) AND (production_year < 2010))",
                                  "Rows Removed by Filter": 501046
                                }
                              ]
                            }
                          ]
                        }
                      ]
                    }
                  ]
                }
              ]
            }
          ]
        }
      ]
    },
    "Planning Time": 1.335,
    "Triggers": [],
    "Execution Time": 1311.53
  }
]