{
  "Plan": {
    "Node Type": "Aggregate",
    "Strategy": "Plain",
    "Partial Mode": "Finalize",
    "Parallel Aware": false,
    "Startup Cost": 118280.59,
    "Total Cost": 118280.6,
    "Plan Rows": 1,
    "Plan Width": 8,
    "Actual Startup Time": 672.356,
    "Actual Total Time": 691.036,
    "Actual Rows": 1,
    "Actual Loops": 1,
    "Plans": [
      {
        "Node Type": "Gather",
        "Parent Relationship": "Outer",
        "Parallel Aware": false,
        "Startup Cost": 118280.48,
        "Total Cost": 118280.59,
        "Plan Rows": 1,
        "Plan Width": 8,
        "Actual Startup Time": 668.362,
        "Actual Total Time": 691.029,
        "Actual Rows": 2,
        "Actual Loops": 1,
        "Workers Planned": 1,
        "Workers Launched": 1,
        "Single Copy": false,
        "Plans": [
          {
            "Node Type": "Aggregate",
            "Strategy": "Plain",
            "Partial Mode": "Partial",
            "Parent Relationship": "Outer",
            "Parallel Aware": false,
            "Startup Cost": 117280.48,
            "Total Cost": 117280.49,
            "Plan Rows": 1,
            "Plan Width": 8,
            "Actual Startup Time": 654.64,
            "Actual Total Time": 654.645,
            "Actual Rows": 1,
            "Actual Loops": 2,
            "Plans": [
              {
                "Node Type": "Hash Join",
                "Parent Relationship": "Outer",
                "Parallel Aware": false,
                "Join Type": "Inner",
                "Startup Cost": 78674.86,
                "Total Cost": 117280.37,
                "Plan Rows": 45,
                "Plan Width": 0,
                "Actual Startup Time": 549.838,
                "Actual Total Time": 654.618,
                "Actual Rows": 306,
                "Actual Loops": 2,
                "Inner Unique": false,
                "Hash Cond": "(t.id = ci.movie_id)",
                "Plans": [
                  {
                    "Node Type": "Hash Join",
                    "Parent Relationship": "Outer",
                    "Parallel Aware": true,
                    "Join Type": "Inner",
                    "Startup Cost": 77610.22,
                    "Total Cost": 105481.95,
                    "Plan Rows": 225965,
                    "Plan Width": 8,
                    "Actual Startup Time": 531.305,
                    "Actual Total Time": 637.762,
                    "Actual Rows": 185526,
                    "Actual Loops": 2,
                    "Inner Unique": true,
                    "Hash Cond": "(mk.movie_id = t.id)",
                    "Plans": [
                      {
                        "Node Type": "Bitmap Heap Scan",
                        "Parent Relationship": "Outer",
                        "Parallel Aware": true,
                        "Relation Name": "movie_keyword",
                        "Alias": "mk",
                        "Startup Cost": 8149.53,
                        "Total Cost": 35428.09,
                        "Plan Rows": 225965,
                        "Plan Width": 4,
                        "Actual Startup Time": 21.739,
                        "Actual Total Time": 76.861,
                        "Actual Rows": 185526,
                        "Actual Loops": 2,
                        "Recheck Cond": "(keyword_id > 45581)",
                        "Rows Removed by Index Recheck": 0,
                        "Exact Heap Blocks": 12865,
                        "Lossy Heap Blocks": 0,
                        "Plans": [
                          {
                            "Node Type": "Bitmap Index Scan",
                            "Parent Relationship": "Outer",
                            "Parallel Aware": false,
                            "Index Name": "keyword_id_movie_keyword",
                            "Startup Cost": 0.0,
                            "Total Cost": 8053.49,
                            "Plan Rows": 384141,
                            "Plan Width": 0,
                            "Actual Startup Time": 18.445,
                            "Actual Total Time": 18.445,
                            "Actual Rows": 371053,
                            "Actual Loops": 1,
                            "Index Cond": "(keyword_id > 45581)"
                          }
                        ]
                      },
                      {
                        "Node Type": "Hash",
                        "Parent Relationship": "Inner",
                        "Parallel Aware": true,
                        "Startup Cost": 50870.31,
                        "Total Cost": 50870.31,
                        "Plan Rows": 1487231,
                        "Plan Width": 4,
                        "Actual Startup Time": 489.076,
                        "Actual Total Time": 489.077,
                        "Actual Rows": 1264156,
                        "Actual Loops": 2,
                        "Hash Buckets": 4194304,
                        "Original Hash Buckets": 4194304,
                        "Hash Batches": 1,
                        "Original Hash Batches": 1,
                        "Peak Memory Usage": 131712,
                        "Plans": [
                          {
                            "Node Type": "Seq Scan",
                            "Parent Relationship": "Outer",
                            "Parallel Aware": true,
                            "Relation Name": "title",
                            "Alias": "t",
                            "Startup Cost": 0.0,
                            "Total Cost": 50870.31,
                            "Plan Rows": 1487231,
                            "Plan Width": 4,
                            "Actual Startup Time": 0.034,
                            "Actual Total Time": 150.812,
                            "Actual Rows": 1264156,
                            "Actual Loops": 2
                          }
                        ]
                      }
                    ]
                  },
                  {
                    "Node Type": "Hash",
                    "Parent Relationship": "Inner",
                    "Parallel Aware": false,
                    "Startup Cost": 1058.43,
                    "Total Cost": 1058.43,
                    "Plan Rows": 497,
                    "Plan Width": 4,
                    "Actual Startup Time": 3.554,
                    "Actual Total Time": 3.555,
                    "Actual Rows": 2570,
                    "Actual Loops": 2,
                    "Hash Buckets": 4096,
                    "Original Hash Buckets": 1024,
                    "Hash Batches": 1,
                    "Original Hash Batches": 1,
                    "Peak Memory Usage": 123,
                    "Plans": [
                      {
                        "Node Type": "Index Scan",
                        "Parent Relationship": "Outer",
                        "Parallel Aware": false,
                        "Scan Direction": "Forward",
                        "Index Name": "person_id_cast_info",
                        "Relation Name": "cast_info",
                        "Alias": "ci",
                        "Startup Cost": 0.56,
                        "Total Cost": 1058.43,
                        "Plan Rows": 497,
                        "Plan Width": 4,
                        "Actual Startup Time": 0.264,
                        "Actual Total Time": 2.351,
                        "Actual Rows": 2570,
                        "Actual Loops": 2,
                        "Index Cond": "(person_id = 1751350)",
                        "Rows Removed by Index Recheck": 0
                      }
                    ]
                  }
                ]
              }
            ]
          }
        ]
      }
    ]
  },
  "Planning Time": 0.873,
  "Triggers": [],
  "Execution Time": 691.143
}