{
  "Plan": {
    "Node Type": "Aggregate",
    "Strategy": "Plain",
    "Partial Mode": "Finalize",
    "Parallel Aware": false,
    "Startup Cost": 74465.68,
    "Total Cost": 74465.69,
    "Plan Rows": 1,
    "Plan Width": 8,
    "Actual Startup Time": 209.061,
    "Actual Total Time": 221.965,
    "Actual Rows": 1,
    "Actual Loops": 1,
    "Plans": [
      {
        "Node Type": "Gather",
        "Parent Relationship": "Outer",
        "Parallel Aware": false,
        "Startup Cost": 74465.57,
        "Total Cost": 74465.68,
        "Plan Rows": 1,
        "Plan Width": 8,
        "Actual Startup Time": 208.826,
        "Actual Total Time": 221.95,
        "Actual Rows": 2,
        "Actual Loops": 1,
        "Workers Planned": 1,
        "Workers Launched": 1,
        "Single Copy": false,
        "Plans": [
          {
            "Node Type": "Aggregate",
            "Strategy": "Plain",
            "Partial Mode": "Partial",
            "Parent Relationship": "Outer",
            "Parallel Aware": false,
            "Startup Cost": 73465.57,
            "Total Cost": 73465.58,
            "Plan Rows": 1,
            "Plan Width": 8,
            "Actual Startup Time": 203.312,
            "Actual Total Time": 203.315,
            "Actual Rows": 1,
            "Actual Loops": 2,
            "Plans": [
              {
                "Node Type": "Hash Join",
                "Parent Relationship": "Outer",
                "Parallel Aware": true,
                "Join Type": "Inner",
                "Startup Cost": 54663.36,
                "Total Cost": 73462.81,
                "Plan Rows": 1102,
                "Plan Width": 0,
                "Actual Startup Time": 136.704,
                "Actual Total Time": 203.233,
                "Actual Rows": 1028,
                "Actual Loops": 2,
                "Inner Unique": true,
                "Hash Cond": "(mi_idx.movie_id = t.id)",
                "Plans": [
                  {
                    "Node Type": "Seq Scan",
                    "Parent Relationship": "Outer",
                    "Parallel Aware": true,
                    "Relation Name": "movie_info_idx",
                    "Alias": "mi_idx",
                    "Startup Cost": 0.0,
                    "Total Cost": 18082.32,
                    "Plan Rows": 273193,
                    "Plan Width": 4,
                    "Actual Startup Time": 0.019,
                    "Actual Total Time": 49.332,
                    "Actual Rows": 229962,
                    "Actual Loops": 2,
                    "Filter": "(info_type_id = 100)",
                    "Rows Removed by Filter": 460055
                  },
                  {
                    "Node Type": "Hash",
                    "Parent Relationship": "Inner",
                    "Parallel Aware": true,
                    "Startup Cost": 54588.39,
                    "Total Cost": 54588.39,
                    "Plan Rows": 5998,
                    "Plan Width": 4,
                    "Actual Startup Time": 135.163,
                    "Actual Total Time": 135.164,
                    "Actual Rows": 4884,
                    "Actual Loops": 2,
                    "Hash Buckets": 16384,
                    "Original Hash Buckets": 16384,
                    "Hash Batches": 1,
                    "Original Hash Batches": 1,
                    "Peak Memory Usage": 544,
                    "Plans": [
                      {
                        "Node Type": "Seq Scan",
                        "Parent Relationship": "Outer",
                        "Parallel Aware": true,
                        "Relation Name": "title",
                        "Alias": "t",
                        "Startup Cost": 0.0,
                        "Total Cost": 54588.39,
                        "Plan Rows": 5998,
                        "Plan Width": 4,
                        "Actual Startup Time": 0.179,
                        "Actual Total Time": 133.242,
                        "Actual Rows": 4884,
                        "Actual Loops": 2,
                        "Filter": "(production_year = 1958)",
                        "Rows Removed by Filter": 1259272
                      }
                    ]
                  }
                ]
              }
            ]
          }
        ]
      }
    ]
  },
  "Planning Time": 0.478,
  "Triggers": [],
  "Execution Time": 222.033
}