[
  {
    "Bao": {
      "Bao prediction": 603.971,
      "Bao recommended hint": "SET enable_nestloop TO off; SET enable_hashjoin TO off; "
    }
  },
  {
    "Plan": {
      "Node Type": "Aggregate",
      "Strategy": "Plain",
      "Partial Mode": "Simple",
      "Parallel Aware": false,
      "Startup Cost": 1452630.46,
      "Total Cost": 1452630.47,
      "Plan Rows": 1,
      "Plan Width": 96,
      "Actual Startup Time": 5386.96,
      "Actual Total Time": 5387.163,
      "Actual Rows": 1,
      "Actual Loops": 1,
      "Plans": [
        {
          "Node Type": "Merge Join",
          "Parent Relationship": "Outer",
          "Parallel Aware": false,
          "Join Type": "Inner",
          "Startup Cost": 1332675.7,
          "Total Cost": 1452630.45,
          "Plan Rows": 1,
          "Plan Width": 48,
          "Actual Startup Time": 5142.878,
          "Actual Total Time": 5387.142,
          "Actual Rows": 6,
          "Actual Loops": 1,
          "Inner Unique": false,
          "Merge Cond": "(t.id = mk.movie_id)",
          "Plans": [
            {
              "Node Type": "Merge Join",
              "Parent Relationship": "Outer",
              "Parallel Aware": false,
              "Join Type": "Inner",
              "Startup Cost": 1133288.39,
              "Total Cost": 1253358.42,
              "Plan Rows": 1994,
              "Plan Width": 40,
              "Actual Startup Time": 3588.406,
              "Actual Total Time": 4748.877,
              "Actual Rows": 304,
              "Actual Loops": 1,
              "Inner Unique": false,
              "Merge Cond": "(t.id = ci.movie_id)",
              "Plans": [
                {
                  "Node Type": "Index Scan",
                  "Parent Relationship": "Outer",
                  "Parallel Aware": false,
                  "Scan Direction": "Forward",
                  "Index Name": "title_pkey",
                  "Relation Name": "title",
                  "Alias": "t",
                  "Startup Cost": 0.43,
                  "Total Cost": 116680.33,
                  "Plan Rows": 1389987,
                  "Plan Width": 21,
                  "Actual Startup Time": 0.047,
                  "Actual Total Time": 1134.935,
                  "Actual Rows": 1367713,
                  "Actual Loops": 1,
                  "Filter": "(production_year > 2000)",
                  "Rows Removed by Filter": 1127391
                },
                {
                  "Node Type": "Sort",
                  "Parent Relationship": "Inner",
                  "Parallel Aware": false,
                  "Startup Cost": 1133285.11,
                  "Total Cost": 1133294.18,
                  "Plan Rows": 3628,
                  "Plan Width": 19,
                  "Actual Startup Time": 3545.591,
                  "Actual Total Time": 3545.878,
                  "Actual Rows": 480,
                  "Actual Loops": 1,
                  "Sort Key": [
                    "ci.movie_id"
                  ],
                  "Sort Method": "quicksort",
                  "Sort Space Used": 62,
                  "Sort Space Type": "Memory",
                  "Plans": [
                    {
                      "Node Type": "Gather",
                      "Parent Relationship": "Outer",
                      "Parallel Aware": false,
                      "Startup Cost": 1102485.46,
                      "Total Cost": 1133070.6,
                      "Plan Rows": 3628,
                      "Plan Width": 19,
                      "Actual Startup Time": 3255.408,
                      "Actual Total Time": 3545.447,
                      "Actual Rows": 486,
                      "Actual Loops": 1,
                      "Workers Planned": 6,
                      "Workers Launched": 6,
                      "Single Copy": false,
                      "Plans": [
                        {
                          "Node Type": "Merge Join",
                          "Parent Relationship": "Outer",
                          "Parallel Aware": false,
                          "Join Type": "Inner",
                          "Startup Cost": 1101485.46,
                          "Total Cost": 1131707.8,
                          "Plan Rows": 605,
                          "Plan Width": 19,
                          "Actual Startup Time": 3250.118,
                          "Actual Total Time": 3250.133,
                          "Actual Rows": 69,
                          "Actual Loops": 7,
                          "Inner Unique": true,
                          "Merge Cond": "(ci.person_id = n.id)",
                          "Plans": [
                            {
                              "Node Type": "Sort",
                              "Parent Relationship": "Outer",
                              "Parallel Aware": false,
                              "Startup Cost": 993761.51,
                              "Total Cost": 1008868.93,
                              "Plan Rows": 6042971,
                              "Plan Width": 8,
                              "Actual Startup Time": 2655.341,
                              "Actual Total Time": 2678.889,
                              "Actual Rows": 614802,
                              "Actual Loops": 7,
                              "Sort Key": [
                                "ci.person_id"
                              ],
                              "Sort Method": "quicksort",
                              "Sort Space Used": 440493,
                              "Sort Space Type": "Memory",
                              "Workers": [
                                {
                                  "Worker Number": 0,
                                  "Sort Method": "quicksort",
                                  "Sort Space Used": 420592,
                                  "Sort Space Type": "Memory"
                                },
                                {
                                  "Worker Number": 1,
                                  "Sort Method": "quicksort",
                                  "Sort Space Used": 418590,
                                  "Sort Space Type": "Memory"
                                },
                                {
                                  "Worker Number": 2,
                                  "Sort Method": "quicksort",
                                  "Sort Space Used": 411944,
                                  "Sort Space Type": "Memory"
                                },
                                {
                                  "Worker Number": 3,
                                  "Sort Method": "quicksort",
                                  "Sort Space Used": 421485,
                                  "Sort Space Type": "Memory"
                                },
                                {
                                  "Worker Number": 4,
                                  "Sort Method": "quicksort",
                                  "Sort Space Used": 418161,
                                  "Sort Space Type": "Memory"
                                },
                                {
                                  "Worker Number": 5,
                                  "Sort Method": "quicksort",
                                  "Sort Space Used": 543949,
                                  "Sort Space Type": "Memory"
                                }
                              ],
                              "Plans": [
                                {
                                  "Node Type": "Seq Scan",
                                  "Parent Relationship": "Outer",
                                  "Parallel Aware": true,
                                  "Relation Name": "cast_info",
                                  "Alias": "ci",
                                  "Startup Cost": 0.0,
                                  "Total Cost": 313116.71,
                                  "Plan Rows": 6042971,
                                  "Plan Width": 8,
                                  "Actual Startup Time": 0.072,
                                  "Actual Total Time": 878.888,
                                  "Actual Rows": 5177763,
                                  "Actual Loops": 7
                                }
                              ]
                            },
                            {
                              "Node Type": "Sort",
                              "Parent Relationship": "Inner",
                              "Parallel Aware": false,
                              "Startup Cost": 107723.36,
                              "Total Cost": 107724.4,
                              "Plan Rows": 417,
                              "Plan Width": 19,
                              "Actual Startup Time": 541.192,
                              "Actual Total Time": 541.193,
                              "Actual Rows": 2,
                              "Actual Loops": 7,
                              "Sort Key": [
                                "n.id"
                              ],
                              "Sort Method": "quicksort",
                              "Sort Space Used": 25,
                              "Sort Space Type": "Memory",
                              "Workers": [
                                {
                                  "Worker Number": 0,
                                  "Sort Method": "quicksort",
                                  "Sort Space Used": 25,
                                  "Sort Space Type": "Memory"
                                },
                                {
                                  "Worker Number": 1,
                                  "Sort Method": "quicksort",
                                  "Sort Space Used": 25,
                                  "Sort Space Type": "Memory"
                                },
                                {
                                  "Worker Number": 2,
                                  "Sort Method": "quicksort",
                                  "Sort Space Used": 25,
                                  "Sort Space Type": "Memory"
                                },
                                {
                                  "Worker Number": 3,
                                  "Sort Method": "quicksort",
                                  "Sort Space Used": 25,
                                  "Sort Space Type": "Memory"
                                },
                                {
                                  "Worker Number": 4,
                                  "Sort Method": "quicksort",
                                  "Sort Space Used": 25,
                                  "Sort Space Type": "Memory"
                                },
                                {
                                  "Worker Number": 5,
                                  "Sort Method": "quicksort",
                                  "Sort Space Used": 25,
                                  "Sort Space Type": "Memory"
                                }
                              ],
                              "Plans": [
                                {
                                  "Node Type": "Seq Scan",
                                  "Parent Relationship": "Outer",
                                  "Parallel Aware": false,
                                  "Relation Name": "name",
                                  "Alias": "n",
                                  "Startup Cost": 0.0,
                                  "Total Cost": 107705.21,
                                  "Plan Rows": 417,
                                  "Plan Width": 19,
                                  "Actual Startup Time": 65.853,
                                  "Actual Total Time": 541.162,
                                  "Actual Rows": 2,
                                  "Actual Loops": 7,
                                  "Filter": "(name ~~ '%Downey%Robert%'::text)",
                                  "Rows Removed by Filter": 4167489
                                }
                              ]
                            }
                          ]
                        }
                      ]
                    }
                  ]
                }
              ]
            },
            {
              "Node Type": "Sort",
              "Parent Relationship": "Inner",
              "Parallel Aware": false,
              "Startup Cost": 199387.31,
              "Total Cost": 199387.39,
              "Plan Rows": 34,
              "Plan Width": 20,
              "Actual Startup Time": 638.158,
              "Actual Total Time": 638.216,
              "Actual Rows": 16,
              "Actual Loops": 1,
              "Sort Key": [
                "mk.movie_id"
              ],
              "Sort Method": "quicksort",
              "Sort Space Used": 26,
              "Sort Space Type": "Memory",
              "Plans": [
                {
                  "Node Type": "Gather",
                  "Parent Relationship": "Outer",
                  "Parallel Aware": false,
                  "Startup Cost": 192112.09,
                  "Total Cost": 199386.44,
                  "Plan Rows": 34,
                  "Plan Width": 20,
                  "Actual Startup Time": 638.13,
                  "Actual Total Time": 638.19,
                  "Actual Rows": 14,
                  "Actual Loops": 1,
                  "Workers Planned": 3,
                  "Workers Launched": 3,
                  "Single Copy": false,
                  "Plans": [
                    {
                      "Node Type": "Merge Join",
                      "Parent Relationship": "Outer",
                      "Parallel Aware": false,
                      "Join Type": "Inner",
                      "Startup Cost": 191112.09,
                      "Total Cost": 198383.04,
                      "Plan Rows": 11,
                      "Plan Width": 20,
                      "Actual Startup Time": 590.384,
                      "Actual Total Time": 590.388,
                      "Actual Rows": 4,
                      "Actual Loops": 4,
                      "Inner Unique": true,
                      "Merge Cond": "(mk.keyword_id = k.id)",
                      "Plans": [
                        {
                          "Node Type": "Sort",
                          "Parent Relationship": "Outer",
                          "Parallel Aware": false,
                          "Startup Cost": 188460.13,
                          "Total Cost": 192108.46,
                          "Plan Rows": 1459332,
                          "Plan Width": 8,
                          "Actual Startup Time": 410.325,
                          "Actual Total Time": 526.107,
                          "Actual Rows": 699172,
                          "Actual Loops": 4,
                          "Sort Key": [
                            "mk.keyword_id"
                          ],
                          "Sort Method": "quicksort",
                          "Sort Space Used": 113099,
                          "Sort Space Type": "Memory",
                          "Workers": [
                            {
                              "Worker Number": 0,
                              "Sort Method": "quicksort",
                              "Sort Space Used": 104953,
                              "Sort Space Type": "Memory"
                            },
                            {
                              "Worker Number": 1,
                              "Sort Method": "quicksort",
                              "Sort Space Used": 60782,
                              "Sort Space Type": "Memory"
                            },
                            {
                              "Worker Number": 2,
                              "Sort Method": "quicksort",
                              "Sort Space Used": 105260,
                              "Sort Space Type": "Memory"
                            }
                          ],
                          "Plans": [
                            {
                              "Node Type": "Seq Scan",
                              "Parent Relationship": "Outer",
                              "Parallel Aware": true,
                              "Relation Name": "movie_keyword",
                              "Alias": "mk",
                              "Startup Cost": 0.0,
                              "Total Cost": 39047.32,
                              "Plan Rows": 1459332,
                              "Plan Width": 8,
                              "Actual Startup Time": 0.05,
                              "Actual Total Time": 134.069,
                              "Actual Rows": 1130982,
                              "Actual Loops": 4
                            }
                          ]
                        },
                        {
                          "Node Type": "Sort",
                          "Parent Relationship": "Inner",
                          "Parallel Aware": false,
                          "Startup Cost": 2626.14,
                          "Total Cost": 2626.14,
                          "Plan Rows": 1,
                          "Plan Width": 20,
                          "Actual Startup Time": 10.59,
                          "Actual Total Time": 10.591,
                          "Actual Rows": 1,
                          "Actual Loops": 4,
                          "Sort Key": [
                            "k.id"
                          ],
                          "Sort Method": "quicksort",
                          "Sort Space Used": 25,
                          "Sort Space Type": "Memory",
                          "Workers": [
                            {
                              "Worker Number": 0,
                              "Sort Method": "quicksort",
                              "Sort Space Used": 25,
                              "Sort Space Type": "Memory"
                            },
                            {
                              "Worker Number": 1,
                              "Sort Method": "quicksort",
                              "Sort Space Used": 25,
                              "Sort Space Type": "Memory"
                            },
                            {
                              "Worker Number": 2,
                              "Sort Method": "quicksort",
                              "Sort Space Used": 25,
                              "Sort Space Type": "Memory"
                            }
                          ],
                          "Plans": [
                            {
                              "Node Type": "Seq Scan",
                              "Parent Relationship": "Outer",
                              "Parallel Aware": false,
                              "Relation Name": "keyword",
                              "Alias": "k",
                              "Startup Cost": 0.0,
                              "Total Cost": 2626.12,
                              "Plan Rows": 1,
                              "Plan Width": 20,
                              "Actual Startup Time": 0.322,
                              "Actual Total Time": 10.577,
                              "Actual Rows": 1,
                              "Actual Loops": 4,
                              "Filter": "(keyword = 'marvel-cinematic-universe'::text)",
                              "Rows Removed by Filter": 134169
                            }
                          ]
                        }
                      ]
                    }
                  ]
                }
              ]
            }
          ]
        }
      ]
    },
    "Planning Time": 432.218,
    "Triggers": [],
    "Execution Time": 5414.998
  }
]