[
  {
    "Plan": {
      "Node Type": "Aggregate",
      "Strategy": "Plain",
      "Partial Mode": "Finalize",
      "Parallel Aware": false,
      "Startup Cost": 353861.33,
      "Total Cost": 353861.34,
      "Plan Rows": 1,
      "Plan Width": 8,
      "Actual Startup Time": 967.516,
      "Actual Total Time": 1031.473,
      "Actual Rows": 1,
      "Actual Loops": 1,
      "Plans": [
        {
          "Node Type": "Gather",
          "Parent Relationship": "Outer",
          "Parallel Aware": false,
          "Startup Cost": 353860.7,
          "Total Cost": 353861.31,
          "Plan Rows": 6,
          "Plan Width": 8,
          "Actual Startup Time": 967.276,
          "Actual Total Time": 1031.457,
          "Actual Rows": 7,
          "Actual Loops": 1,
          "Workers Planned": 6,
          "Workers Launched": 6,
          "Single Copy": false,
          "Plans": [
            {
              "Node Type": "Aggregate",
              "Strategy": "Plain",
              "Partial Mode": "Partial",
              "Parent Relationship": "Outer",
              "Parallel Aware": false,
              "Startup Cost": 352860.7,
              "Total Cost": 352860.71,
              "Plan Rows": 1,
              "Plan Width": 8,
              "Actual Startup Time": 956.458,
              "Actual Total Time": 956.459,
              "Actual Rows": 1,
              "Actual Loops": 7,
              "Plans": [
                {
                  "Node Type": "Seq Scan",
                  "Parent Relationship": "Outer",
                  "Parallel Aware": true,
                  "Relation Name": "cast_info",
                  "Alias": "ci",
                  "Startup Cost": 0.0,
                  "Total Cost": 343316.27,
                  "Plan Rows": 3817773,
                  "Plan Width": 0,
                  "Actual Startup Time": 244.313,
                  "Actual Total Time": 791.961,
                  "Actual Rows": 3327893,
                  "Actual Loops": 7,
                  "Filter": "((person_id > 105405) AND (role_id > 1))",
                  "Rows Removed by Filter": 1849870
                }
              ]
            }
          ]
        }
      ]
    },
    "Planning Time": 0.208,
    "Triggers": [],
    "Execution Time": 1031.551
  }
]