[
  {
    "Plan": {
      "Node Type": "Aggregate",
      "Strategy": "Plain",
      "Partial Mode": "Finalize",
      "Parallel Aware": false,
      "Startup Cost": 337796.2,
      "Total Cost": 337796.21,
      "Plan Rows": 1,
      "Plan Width": 8,
      "Actual Startup Time": 735.777,
      "Actual Total Time": 792.522,
      "Actual Rows": 1,
      "Actual Loops": 1,
      "Plans": [
        {
          "Node Type": "Gather",
          "Parent Relationship": "Outer",
          "Parallel Aware": false,
          "Startup Cost": 337795.57,
          "Total Cost": 337796.18,
          "Plan Rows": 6,
          "Plan Width": 8,
          "Actual Startup Time": 735.674,
          "Actual Total Time": 792.512,
          "Actual Rows": 7,
          "Actual Loops": 1,
          "Workers Planned": 6,
          "Workers Launched": 6,
          "Single Copy": false,
          "Plans": [
            {
              "Node Type": "Aggregate",
              "Strategy": "Plain",
              "Partial Mode": "Partial",
              "Parent Relationship": "Outer",
              "Parallel Aware": false,
              "Startup Cost": 336795.57,
              "Total Cost": 336795.58,
              "Plan Rows": 1,
              "Plan Width": 8,
              "Actual Startup Time": 726.414,
              "Actual Total Time": 726.415,
              "Actual Rows": 1,
              "Actual Loops": 7,
              "Plans": [
                {
                  "Node Type": "Seq Scan",
                  "Parent Relationship": "Outer",
                  "Parallel Aware": true,
                  "Relation Name": "cast_info",
                  "Alias": "ci",
                  "Startup Cost": 0.0,
                  "Total Cost": 328162.03,
                  "Plan Rows": 3453418,
                  "Plan Width": 0,
                  "Actual Startup Time": 0.051,
                  "Actual Total Time": 596.545,
                  "Actual Rows": 2964918,
                  "Actual Loops": 7,
                  "Filter": "(person_id < 2090549)",
                  "Rows Removed by Filter": 2212845
                }
              ]
            }
          ]
        }
      ]
    },
    "Planning Time": 0.195,
    "Triggers": [],
    "Execution Time": 792.596
  }
]