[
  {
    "Plan": {
      "Node Type": "Aggregate",
      "Strategy": "Plain",
      "Partial Mode": "Finalize",
      "Parallel Aware": false,
      "Startup Cost": 44457.45,
      "Total Cost": 44457.46,
      "Plan Rows": 1,
      "Plan Width": 8,
      "Actual Startup Time": 126.535,
      "Actual Total Time": 136.005,
      "Actual Rows": 1,
      "Actual Loops": 1,
      "Plans": [
        {
          "Node Type": "Gather",
          "Parent Relationship": "Outer",
          "Parallel Aware": false,
          "Startup Cost": 44457.13,
          "Total Cost": 44457.44,
          "Plan Rows": 3,
          "Plan Width": 8,
          "Actual Startup Time": 126.413,
          "Actual Total Time": 135.997,
          "Actual Rows": 4,
          "Actual Loops": 1,
          "Workers Planned": 3,
          "Workers Launched": 3,
          "Single Copy": false,
          "Plans": [
            {
              "Node Type": "Aggregate",
              "Strategy": "Plain",
              "Partial Mode": "Partial",
              "Parent Relationship": "Outer",
              "Parallel Aware": false,
              "Startup Cost": 43457.13,
              "Total Cost": 43457.14,
              "Plan Rows": 1,
              "Plan Width": 8,
              "Actual Startup Time": 120.743,
              "Actual Total Time": 120.744,
              "Actual Rows": 1,
              "Actual Loops": 4,
              "Plans": [
                {
                  "Node Type": "Seq Scan",
                  "Parent Relationship": "Outer",
                  "Parallel Aware": true,
                  "Relation Name": "movie_keyword",
                  "Alias": "mk",
                  "Startup Cost": 0.0,
                  "Total Cost": 42695.65,
                  "Plan Rows": 304590,
                  "Plan Width": 0,
                  "Actual Startup Time": 3.97,
                  "Actual Total Time": 108.241,
                  "Actual Rows": 236474,
                  "Actual Loops": 4,
                  "Filter": "(keyword_id > 20071)",
                  "Rows Removed by Filter": 894509
                }
              ]
            }
          ]
        }
      ]
    },
    "Planning Time": 0.139,
    "Triggers": [],
    "Execution Time": 136.05
  }
]