[
  {
    "Plan": {
      "Node Type": "Aggregate",
      "Strategy": "Plain",
      "Partial Mode": "Finalize",
      "Parallel Aware": false,
      "Startup Cost": 60160.0,
      "Total Cost": 60160.01,
      "Plan Rows": 1,
      "Plan Width": 8,
      "Actual Startup Time": 198.418,
      "Actual Total Time": 211.833,
      "Actual Rows": 1,
      "Actual Loops": 1,
      "Plans": [
        {
          "Node Type": "Gather",
          "Parent Relationship": "Outer",
          "Parallel Aware": false,
          "Startup Cost": 60159.78,
          "Total Cost": 60159.99,
          "Plan Rows": 2,
          "Plan Width": 8,
          "Actual Startup Time": 198.165,
          "Actual Total Time": 211.826,
          "Actual Rows": 3,
          "Actual Loops": 1,
          "Workers Planned": 2,
          "Workers Launched": 2,
          "Single Copy": false,
          "Plans": [
            {
              "Node Type": "Aggregate",
              "Strategy": "Plain",
              "Partial Mode": "Partial",
              "Parent Relationship": "Outer",
              "Parallel Aware": false,
              "Startup Cost": 59159.78,
              "Total Cost": 59159.79,
              "Plan Rows": 1,
              "Plan Width": 8,
              "Actual Startup Time": 190.667,
              "Actual Total Time": 190.671,
              "Actual Rows": 1,
              "Actual Loops": 3,
              "Plans": [
                {
                  "Node Type": "Hash Join",
                  "Parent Relationship": "Outer",
                  "Parallel Aware": true,
                  "Join Type": "Inner",
                  "Startup Cost": 43955.02,
                  "Total Cost": 59149.58,
                  "Plan Rows": 4082,
                  "Plan Width": 0,
                  "Actual Startup Time": 115.299,
                  "Actual Total Time": 190.434,
                  "Actual Rows": 4128,
                  "Actual Loops": 3,
                  "Inner Unique": true,
                  "Hash Cond": "(mi_idx.movie_id = t.id)",
                  "Plans": [
                    {
                      "Node Type": "Seq Scan",
                      "Parent Relationship": "Outer",
                      "Parallel Aware": true,
                      "Relation Name": "movie_info_idx",
                      "Alias": "mi_idx",
                      "Startup Cost": 0.0,
                      "Total Cost": 13685.15,
                      "Plan Rows": 575015,
                      "Plan Width": 4,
                      "Actual Startup Time": 0.024,
                      "Actual Total Time": 38.535,
                      "Actual Rows": 460012,
                      "Actual Loops": 3
                    },
                    {
                      "Node Type": "Hash",
                      "Parent Relationship": "Inner",
                      "Parallel Aware": true,
                      "Startup Cost": 43898.92,
                      "Total Cost": 43898.92,
                      "Plan Rows": 4488,
                      "Plan Width": 4,
                      "Actual Startup Time": 114.051,
                      "Actual Total Time": 114.052,
                      "Actual Rows": 5524,
                      "Actual Loops": 3,
                      "Hash Buckets": 32768,
                      "Original Hash Buckets": 32768,
                      "Hash Batches": 1,
                      "Original Hash Batches": 1,
                      "Peak Memory Usage": 960,
                      "Plans": [
                        {
                          "Node Type": "Seq Scan",
                          "Parent Relationship": "Outer",
                          "Parallel Aware": true,
                          "Relation Name": "title",
                          "Alias": "t",
                          "Startup Cost": 0.0,
                          "Total Cost": 43898.92,
                          "Plan Rows": 4488,
                          "Plan Width": 4,
                          "Actual Startup Time": 0.137,
                          "Actual Total Time": 111.035,
                          "Actual Rows": 5524,
                          "Actual Loops": 3,
                          "Filter": "(production_year = 1984)",
                          "Rows Removed by Filter": 837247
                        }
                      ]
                    }
                  ]
                }
              ]
            }
          ]
        }
      ]
    },
    "Planning Time": 0.656,
    "Triggers": [],
    "Execution Time": 211.904
  }
]