[
  {
    "Plan": {
      "Node Type": "Aggregate",
      "Strategy": "Plain",
      "Partial Mode": "Finalize",
      "Parallel Aware": false,
      "Startup Cost": 204190.38,
      "Total Cost": 204190.39,
      "Plan Rows": 1,
      "Plan Width": 8,
      "Actual Startup Time": 237.323,
      "Actual Total Time": 261.633,
      "Actual Rows": 1,
      "Actual Loops": 1,
      "Plans": [
        {
          "Node Type": "Gather",
          "Parent Relationship": "Outer",
          "Parallel Aware": false,
          "Startup Cost": 204189.75,
          "Total Cost": 204190.36,
          "Plan Rows": 6,
          "Plan Width": 8,
          "Actual Startup Time": 237.165,
          "Actual Total Time": 261.611,
          "Actual Rows": 7,
          "Actual Loops": 1,
          "Workers Planned": 6,
          "Workers Launched": 6,
          "Single Copy": false,
          "Plans": [
            {
              "Node Type": "Aggregate",
              "Strategy": "Plain",
              "Partial Mode": "Partial",
              "Parent Relationship": "Outer",
              "Parallel Aware": false,
              "Startup Cost": 203189.75,
              "Total Cost": 203189.76,
              "Plan Rows": 1,
              "Plan Width": 8,
              "Actual Startup Time": 230.169,
              "Actual Total Time": 230.17,
              "Actual Rows": 1,
              "Actual Loops": 7,
              "Plans": [
                {
                  "Node Type": "Index Scan",
                  "Parent Relationship": "Outer",
                  "Parallel Aware": true,
                  "Scan Direction": "Forward",
                  "Index Name": "role_id_cast_info",
                  "Relation Name": "cast_info",
                  "Alias": "ci",
                  "Startup Cost": 0.56,
                  "Total Cost": 201884.69,
                  "Plan Rows": 522025,
                  "Plan Width": 0,
                  "Actual Startup Time": 6.158,
                  "Actual Total Time": 230.124,
                  "Actual Rows": 383,
                  "Actual Loops": 7,
                  "Index Cond": "(role_id = 2)",
                  "Rows Removed by Index Recheck": 0,
                  "Filter": "(person_id < 1501732)",
                  "Rows Removed by Filter": 1064184
                }
              ]
            }
          ]
        }
      ]
    },
    "Planning Time": 0.248,
    "Triggers": [],
    "Execution Time": 261.703
  }
]