{
    "Plan": {
        "Node Type": "Aggregate",
        "Strategy": "Plain",
        "Partial Mode": "Simple",
        "Parallel Aware": false,
        "Startup Cost": 30000563359.25,
        "Total Cost": 30000563359.26,
        "Plan Rows": 1,
        "Plan Width": 32,
        "Actual Startup Time": 3849.768,
        "Actual Total Time": 3849.888,
        "Actual Rows": 1,
        "Actual Loops": 1,
        "Output": [
            "min(t.title)"
        ],
        "Plans": [
            {
                "Node Type": "Nested Loop",
                "Parent Relationship": "Outer",
                "Parallel Aware": false,
                "Join Type": "Inner",
                "Startup Cost": 30000550308.69,
                "Total Cost": 30000563359.25,
                "Plan Rows": 1,
                "Plan Width": 17,
                "Actual Startup Time": 3785.231,
                "Actual Total Time": 3849.866,
                "Actual Rows": 1,
                "Actual Loops": 1,
                "Output": [
                    "t.title"
                ],
                "Inner Unique": true,
                "Join Filter": "(mc.movie_id = t.id)",
                "Rows Removed by Join Filter": 0,
                "Plans": [
                    {
                        "Node Type": "Hash Join",
                        "Parent Relationship": "Outer",
                        "Parallel Aware": false,
                        "Join Type": "Inner",
                        "Startup Cost": 20000550308.25,
                        "Total Cost": 20000563354.78,
                        "Plan Rows": 1,
                        "Plan Width": 8,
                        "Actual Startup Time": 3785.172,
                        "Actual Total Time": 3849.804,
                        "Actual Rows": 1,
                        "Actual Loops": 1,
                        "Output": [
                            "mc.movie_id",
                            "mk.movie_id"
                        ],
                        "Inner Unique": true,
                        "Hash Cond": "(mc.company_id = cn.id)",
                        "Plans": [
                            {
                                "Node Type": "Merge Join",
                                "Parent Relationship": "Outer",
                                "Parallel Aware": false,
                                "Join Type": "Inner",
                                "Startup Cost": 20000538053.59,
                                "Total Cost": 20000551099.64,
                                "Plan Rows": 183,
                                "Plan Width": 12,
                                "Actual Startup Time": 3224.353,
                                "Actual Total Time": 3710.725,
                                "Actual Rows": 148552,
                                "Actual Loops": 1,
                                "Output": [
                                    "mk.movie_id",
                                    "mc.company_id",
                                    "mc.movie_id"
                                ],
                                "Inner Unique": false,
                                "Merge Cond": "(mk.movie_id = mc.movie_id)",
                                "Plans": [
                                    {
                                        "Node Type": "Sort",
                                        "Parent Relationship": "Outer",
                                        "Parallel Aware": false,
                                        "Startup Cost": 10000128966.08,
                                        "Total Cost": 10000128966.16,
                                        "Plan Rows": 34,
                                        "Plan Width": 4,
                                        "Actual Startup Time": 1106.168,
                                        "Actual Total Time": 1111.793,
                                        "Actual Rows": 41839,
                                        "Actual Loops": 1,
                                        "Output": [
                                            "mk.movie_id"
                                        ],
                                        "Sort Key": [
                                            "mk.movie_id"
                                        ],
                                        "Sort Method": "quicksort",
                                        "Sort Space Used": 3498,
                                        "Sort Space Type": "Memory",
                                        "Plans": [
                                            {
                                                "Node Type": "Hash Join",
                                                "Parent Relationship": "Outer",
                                                "Parallel Aware": false,
                                                "Join Type": "Inner",
                                                "Startup Cost": 10000126242.42,
                                                "Total Cost": 10000128965.22,
                                                "Plan Rows": 34,
                                                "Plan Width": 4,
                                                "Actual Startup Time": 1081.359,
                                                "Actual Total Time": 1100.342,
                                                "Actual Rows": 41840,
                                                "Actual Loops": 1,
                                                "Output": [
                                                    "mk.movie_id"
                                                ],
                                                "Inner Unique": false,
                                                "Hash Cond": "(k.id = mk.keyword_id)",
                                                "Plans": [
                                                    {
                                                        "Node Type": "Seq Scan",
                                                        "Parent Relationship": "Outer",
                                                        "Parallel Aware": false,
                                                        "Relation Name": "keyword",
                                                        "Schema": "public",
                                                        "Alias": "k",
                                                        "Startup Cost": 10000000000.0,
                                                        "Total Cost": 10000002626.12,
                                                        "Plan Rows": 1,
                                                        "Plan Width": 4,
                                                        "Actual Startup Time": 0.436,
                                                        "Actual Total Time": 8.997,
                                                        "Actual Rows": 1,
                                                        "Actual Loops": 1,
                                                        "Output": [
                                                            "k.id",
                                                            "k.keyword",
                                                            "k.phonetic_code"
                                                        ],
                                                        "Filter": "(k.keyword = 'character-name-in-title'::text)",
                                                        "Rows Removed by Filter": 134169
                                                    },
                                                    {
                                                        "Node Type": "Hash",
                                                        "Parent Relationship": "Inner",
                                                        "Parallel Aware": false,
                                                        "Startup Cost": 69693.3,
                                                        "Total Cost": 69693.3,
                                                        "Plan Rows": 4523930,
                                                        "Plan Width": 8,
                                                        "Actual Startup Time": 1065.922,
                                                        "Actual Total Time": 1065.923,
                                                        "Actual Rows": 4523930,
                                                        "Actual Loops": 1,
                                                        "Output": [
                                                            "mk.movie_id",
                                                            "mk.keyword_id"
                                                        ],
                                                        "Hash Buckets": 8388608,
                                                        "Original Hash Buckets": 8388608,
                                                        "Hash Batches": 1,
                                                        "Original Hash Batches": 1,
                                                        "Peak Memory Usage": 242253,
                                                        "Plans": [
                                                            {
                                                                "Node Type": "Seq Scan",
                                                                "Parent Relationship": "Outer",
                                                                "Parallel Aware": false,
                                                                "Relation Name": "movie_keyword",
                                                                "Schema": "public",
                                                                "Alias": "mk",
                                                                "Startup Cost": 0.0,
                                                                "Total Cost": 69693.3,
                                                                "Plan Rows": 4523930,
                                                                "Plan Width": 8,
                                                                "Actual Startup Time": 0.03,
                                                                "Actual Total Time": 453.604,
                                                                "Actual Rows": 4523930,
                                                                "Actual Loops": 1,
                                                                "Output": [
                                                                    "mk.movie_id",
                                                                    "mk.keyword_id"
                                                                ]
                                                            }
                                                        ]
                                                    }
                                                ]
                                            }
                                        ]
                                    },
                                    {
                                        "Node Type": "Sort",
                                        "Parent Relationship": "Inner",
                                        "Parallel Aware": false,
                                        "Startup Cost": 10000409085.91,
                                        "Total Cost": 10000415608.74,
                                        "Plan Rows": 2609129,
                                        "Plan Width": 8,
                                        "Actual Startup Time": 2118.037,
                                        "Actual Total Time": 2390.943,
                                        "Actual Rows": 2609194,
                                        "Actual Loops": 1,
                                        "Output": [
                                            "mc.company_id",
                                            "mc.movie_id"
                                        ],
                                        "Sort Key": [
                                            "mc.movie_id"
                                        ],
                                        "Sort Method": "quicksort",
                                        "Sort Space Used": 220607,
                                        "Sort Space Type": "Memory",
                                        "Plans": [
                                            {
                                                "Node Type": "Index Scan",
                                                "Parent Relationship": "Outer",
                                                "Parallel Aware": false,
                                                "Scan Direction": "Forward",
                                                "Index Name": "company_id_movie_companies",
                                                "Relation Name": "movie_companies",
                                                "Schema": "public",
                                                "Alias": "mc",
                                                "Startup Cost": 10000000000.43,
                                                "Total Cost": 10000131016.21,
                                                "Plan Rows": 2609129,
                                                "Plan Width": 8,
                                                "Actual Startup Time": 0.027,
                                                "Actual Total Time": 1551.465,
                                                "Actual Rows": 2609129,
                                                "Actual Loops": 1,
                                                "Output": [
                                                    "mc.company_id",
                                                    "mc.movie_id"
                                                ]
                                            }
                                        ]
                                    }
                                ]
                            },
                            {
                                "Node Type": "Hash",
                                "Parent Relationship": "Inner",
                                "Parallel Aware": false,
                                "Startup Cost": 12253.68,
                                "Total Cost": 12253.68,
                                "Plan Rows": 78,
                                "Plan Width": 4,
                                "Actual Startup Time": 131.17,
                                "Actual Total Time": 131.281,
                                "Actual Rows": 46,
                                "Actual Loops": 1,
                                "Output": [
                                    "cn.id"
                                ],
                                "Hash Buckets": 1024,
                                "Original Hash Buckets": 1024,
                                "Hash Batches": 1,
                                "Original Hash Batches": 1,
                                "Peak Memory Usage": 10,
                                "Plans": [
                                    {
                                        "Node Type": "Gather Merge",
                                        "Parent Relationship": "Outer",
                                        "Parallel Aware": false,
                                        "Startup Cost": 1000.43,
                                        "Total Cost": 12253.68,
                                        "Plan Rows": 78,
                                        "Plan Width": 4,
                                        "Actual Startup Time": 19.967,
                                        "Actual Total Time": 131.214,
                                        "Actual Rows": 46,
                                        "Actual Loops": 1,
                                        "Output": [
                                            "cn.id"
                                        ],
                                        "Workers Planned": 1,
                                        "Workers Launched": 1,
                                        "Plans": [
                                            {
                                                "Node Type": "Index Scan",
                                                "Parent Relationship": "Outer",
                                                "Parallel Aware": true,
                                                "Scan Direction": "Forward",
                                                "Index Name": "company_name_pkey",
                                                "Relation Name": "company_name",
                                                "Schema": "public",
                                                "Alias": "cn",
                                                "Startup Cost": 0.42,
                                                "Total Cost": 11244.9,
                                                "Plan Rows": 46,
                                                "Plan Width": 4,
                                                "Actual Startup Time": 5.28,
                                                "Actual Total Time": 94.657,
                                                "Actual Rows": 23,
                                                "Actual Loops": 2,
                                                "Output": [
                                                    "cn.id"
                                                ],
                                                "Filter": "((cn.country_code)::text = '[lk]'::text)",
                                                "Rows Removed by Filter": 117476,
                                                "Workers": [
                                                    {
                                                        "Worker Number": 0,
                                                        "Actual Startup Time": 9.031,
                                                        "Actual Total Time": 119.5,
                                                        "Actual Rows": 31,
                                                        "Actual Loops": 1
                                                    }
                                                ]
                                            }
                                        ]
                                    }
                                ]
                            }
                        ]
                    },
                    {
                        "Node Type": "Bitmap Heap Scan",
                        "Parent Relationship": "Inner",
                        "Parallel Aware": false,
                        "Relation Name": "title",
                        "Schema": "public",
                        "Alias": "t",
                        "Startup Cost": 0.45,
                        "Total Cost": 4.46,
                        "Plan Rows": 1,
                        "Plan Width": 21,
                        "Actual Startup Time": 0.038,
                        "Actual Total Time": 0.04,
                        "Actual Rows": 1,
                        "Actual Loops": 1,
                        "Output": [
                            "t.id",
                            "t.title",
                            "t.imdb_index",
                            "t.kind_id",
                            "t.production_year",
                            "t.imdb_id",
                            "t.phonetic_code",
                            "t.episode_of_id",
                            "t.season_nr",
                            "t.episode_nr",
                            "t.series_years",
                            "t.md5sum"
                        ],
                        "Recheck Cond": "(t.id = mk.movie_id)",
                        "Rows Removed by Index Recheck": 0,
                        "Exact Heap Blocks": 1,
                        "Lossy Heap Blocks": 0,
                        "Plans": [
                            {
                                "Node Type": "Bitmap Index Scan",
                                "Parent Relationship": "Outer",
                                "Parallel Aware": false,
                                "Index Name": "title_pkey",
                                "Startup Cost": 0.0,
                                "Total Cost": 0.45,
                                "Plan Rows": 1,
                                "Plan Width": 0,
                                "Actual Startup Time": 0.027,
                                "Actual Total Time": 0.028,
                                "Actual Rows": 1,
                                "Actual Loops": 1,
                                "Index Cond": "(t.id = mk.movie_id)"
                            }
                        ]
                    }
                ]
            }
        ]
    },
    "Planning Time": 1.974,
    "Triggers": [],
    "Execution Time": 3852.056
}