[
  {
    "Plan": {
      "Node Type": "Aggregate",
      "Strategy": "Plain",
      "Partial Mode": "Simple",
      "Parallel Aware": false,
      "Startup Cost": 3187.36,
      "Total Cost": 3187.37,
      "Plan Rows": 1,
      "Plan Width": 8,
      "Actual Startup Time": 26.956,
      "Actual Total Time": 26.958,
      "Actual Rows": 1,
      "Actual Loops": 1,
      "Plans": [
        {
          "Node Type": "Nested Loop",
          "Parent Relationship": "Outer",
          "Parallel Aware": false,
          "Join Type": "Inner",
          "Startup Cost": 7.35,
          "Total Cost": 3187.35,
          "Plan Rows": 2,
          "Plan Width": 0,
          "Actual Startup Time": 5.79,
          "Actual Total Time": 26.937,
          "Actual Rows": 43,
          "Actual Loops": 1,
          "Inner Unique": false,
          "Plans": [
            {
              "Node Type": "Nested Loop",
              "Parent Relationship": "Outer",
              "Parallel Aware": false,
              "Join Type": "Inner",
              "Startup Cost": 6.78,
              "Total Cost": 3007.2,
              "Plan Rows": 23,
              "Plan Width": 8,
              "Actual Startup Time": 4.304,
              "Actual Total Time": 13.492,
              "Actual Rows": 206,
              "Actual Loops": 1,
              "Inner Unique": true,
              "Plans": [
                {
                  "Node Type": "Bitmap Heap Scan",
                  "Parent Relationship": "Outer",
                  "Parallel Aware": false,
                  "Relation Name": "movie_keyword",
                  "Alias": "mk",
                  "Startup Cost": 6.35,
                  "Total Cost": 922.98,
                  "Plan Rows": 248,
                  "Plan Width": 4,
                  "Actual Startup Time": 1.554,
                  "Actual Total Time": 4.307,
                  "Actual Rows": 1134,
                  "Actual Loops": 1,
                  "Recheck Cond": "(keyword_id = 10648)",
                  "Rows Removed by Index Recheck": 0,
                  "Exact Heap Blocks": 1008,
                  "Lossy Heap Blocks": 0,
                  "Plans": [
                    {
                      "Node Type": "Bitmap Index Scan",
                      "Parent Relationship": "Outer",
                      "Parallel Aware": false,
                      "Index Name": "keyword_id_movie_keyword",
                      "Startup Cost": 0.0,
                      "Total Cost": 6.29,
                      "Plan Rows": 248,
                      "Plan Width": 0,
                      "Actual Startup Time": 1.224,
                      "Actual Total Time": 1.224,
                      "Actual Rows": 1134,
                      "Actual Loops": 1,
                      "Index Cond": "(keyword_id = 10648)"
                    }
                  ]
                },
                {
                  "Node Type": "Index Scan",
                  "Parent Relationship": "Inner",
                  "Parallel Aware": false,
                  "Scan Direction": "Forward",
                  "Index Name": "title_pkey",
                  "Relation Name": "title",
                  "Alias": "t",
                  "Startup Cost": 0.43,
                  "Total Cost": 8.4,
                  "Plan Rows": 1,
                  "Plan Width": 4,
                  "Actual Startup Time": 0.008,
                  "Actual Total Time": 0.008,
                  "Actual Rows": 0,
                  "Actual Loops": 1134,
                  "Index Cond": "(id = mk.movie_id)",
                  "Rows Removed by Index Recheck": 0,
                  "Filter": "((kind_id < 7) AND (production_year < 1986))",
                  "Rows Removed by Filter": 1
                }
              ]
            },
            {
              "Node Type": "Index Scan",
              "Parent Relationship": "Inner",
              "Parallel Aware": false,
              "Scan Direction": "Forward",
              "Index Name": "movie_id_cast_info",
              "Relation Name": "cast_info",
              "Alias": "ci",
              "Startup Cost": 0.56,
              "Total Cost": 7.82,
              "Plan Rows": 1,
              "Plan Width": 4,
              "Actual Startup Time": 0.062,
              "Actual Total Time": 0.065,
              "Actual Rows": 0,
              "Actual Loops": 206,
              "Index Cond": "(movie_id = t.id)",
              "Rows Removed by Index Recheck": 0,
              "Filter": "((person_id > 2666579) AND (role_id = 6))",
              "Rows Removed by Filter": 24
            }
          ]
        }
      ]
    },
    "Planning Time": 1.151,
    "Triggers": [],
    "Execution Time": 27.035
  }
]