{
  "Plan": {
    "Node Type": "Aggregate",
    "Strategy": "Plain",
    "Partial Mode": "Finalize",
    "Parallel Aware": false,
    "Startup Cost": 33159.39,
    "Total Cost": 33159.4,
    "Plan Rows": 1,
    "Plan Width": 8,
    "Actual Startup Time": 41.375,
    "Actual Total Time": 45.753,
    "Actual Rows": 1,
    "Actual Loops": 1,
    "Plans": [
      {
        "Node Type": "Gather",
        "Parent Relationship": "Outer",
        "Parallel Aware": false,
        "Startup Cost": 33159.27,
        "Total Cost": 33159.38,
        "Plan Rows": 1,
        "Plan Width": 8,
        "Actual Startup Time": 41.254,
        "Actual Total Time": 45.747,
        "Actual Rows": 2,
        "Actual Loops": 1,
        "Workers Planned": 1,
        "Workers Launched": 1,
        "Single Copy": false,
        "Plans": [
          {
            "Node Type": "Aggregate",
            "Strategy": "Plain",
            "Partial Mode": "Partial",
            "Parent Relationship": "Outer",
            "Parallel Aware": false,
            "Startup Cost": 32159.27,
            "Total Cost": 32159.28,
            "Plan Rows": 1,
            "Plan Width": 8,
            "Actual Startup Time": 35.784,
            "Actual Total Time": 35.786,
            "Actual Rows": 1,
            "Actual Loops": 2,
            "Plans": [
              {
                "Node Type": "Nested Loop",
                "Parent Relationship": "Outer",
                "Parallel Aware": false,
                "Join Type": "Inner",
                "Startup Cost": 101.09,
                "Total Cost": 32158.94,
                "Plan Rows": 133,
                "Plan Width": 0,
                "Actual Startup Time": 22.708,
                "Actual Total Time": 35.762,
                "Actual Rows": 94,
                "Actual Loops": 2,
                "Inner Unique": true,
                "Plans": [
                  {
                    "Node Type": "Bitmap Heap Scan",
                    "Parent Relationship": "Outer",
                    "Parallel Aware": true,
                    "Relation Name": "movie_keyword",
                    "Alias": "mk",
                    "Startup Cost": 100.66,
                    "Total Cost": 11857.91,
                    "Plan Rows": 2750,
                    "Plan Width": 4,
                    "Actual Startup Time": 2.278,
                    "Actual Total Time": 9.756,
                    "Actual Rows": 2028,
                    "Actual Loops": 2,
                    "Recheck Cond": "(keyword_id = 2862)",
                    "Rows Removed by Index Recheck": 0,
                    "Exact Heap Blocks": 1714,
                    "Lossy Heap Blocks": 0,
                    "Plans": [
                      {
                        "Node Type": "Bitmap Index Scan",
                        "Parent Relationship": "Outer",
                        "Parallel Aware": false,
                        "Index Name": "keyword_id_movie_keyword",
                        "Startup Cost": 0.0,
                        "Total Cost": 99.5,
                        "Plan Rows": 4675,
                        "Plan Width": 0,
                        "Actual Startup Time": 3.338,
                        "Actual Total Time": 3.339,
                        "Actual Rows": 4057,
                        "Actual Loops": 1,
                        "Index Cond": "(keyword_id = 2862)"
                      }
                    ]
                  },
                  {
                    "Node Type": "Index Scan",
                    "Parent Relationship": "Inner",
                    "Parallel Aware": false,
                    "Scan Direction": "Forward",
                    "Index Name": "title_pkey",
                    "Relation Name": "title",
                    "Alias": "t",
                    "Startup Cost": 0.43,
                    "Total Cost": 7.38,
                    "Plan Rows": 1,
                    "Plan Width": 4,
                    "Actual Startup Time": 0.012,
                    "Actual Total Time": 0.012,
                    "Actual Rows": 0,
                    "Actual Loops": 4057,
                    "Index Cond": "(id = mk.movie_id)",
                    "Rows Removed by Index Recheck": 0,
                    "Filter": "(kind_id = 4)",
                    "Rows Removed by Filter": 1
                  }
                ]
              }
            ]
          }
        ]
      }
    ]
  },
  "Planning Time": 0.494,
  "Triggers": [],
  "Execution Time": 45.884
}