[
  {
    "Plan": {
      "Node Type": "Aggregate",
      "Strategy": "Plain",
      "Partial Mode": "Simple",
      "Parallel Aware": false,
      "Startup Cost": 26309.36,
      "Total Cost": 26309.37,
      "Plan Rows": 1,
      "Plan Width": 8,
      "Actual Startup Time": 29.124,
      "Actual Total Time": 29.125,
      "Actual Rows": 1,
      "Actual Loops": 1,
      "Plans": [
        {
          "Node Type": "Bitmap Heap Scan",
          "Parent Relationship": "Outer",
          "Parallel Aware": false,
          "Relation Name": "title",
          "Alias": "t",
          "Startup Cost": 237.58,
          "Total Cost": 26277.61,
          "Plan Rows": 12701,
          "Plan Width": 0,
          "Actual Startup Time": 8.231,
          "Actual Total Time": 27.552,
          "Actual Rows": 12434,
          "Actual Loops": 1,
          "Recheck Cond": "(kind_id = 6)",
          "Rows Removed by Index Recheck": 0,
          "Filter": "(production_year > 0)",
          "Rows Removed by Filter": 166,
          "Exact Heap Blocks": 7903,
          "Lossy Heap Blocks": 0,
          "Plans": [
            {
              "Node Type": "Bitmap Index Scan",
              "Parent Relationship": "Outer",
              "Parallel Aware": false,
              "Index Name": "kind_id_title",
              "Startup Cost": 0.0,
              "Total Cost": 234.4,
              "Plan Rows": 13063,
              "Plan Width": 0,
              "Actual Startup Time": 4.349,
              "Actual Total Time": 4.349,
              "Actual Rows": 12600,
              "Actual Loops": 1,
              "Index Cond": "(kind_id = 6)"
            }
          ]
        }
      ]
    },
    "Planning Time": 0.217,
    "Triggers": [],
    "Execution Time": 29.188
  }
]