[
  {
    "Plan": {
      "Node Type": "Aggregate",
      "Strategy": "Plain",
      "Partial Mode": "Finalize",
      "Parallel Aware": false,
      "Startup Cost": 26439.14,
      "Total Cost": 26439.15,
      "Plan Rows": 1,
      "Plan Width": 8,
      "Actual Startup Time": 67.871,
      "Actual Total Time": 76.385,
      "Actual Rows": 1,
      "Actual Loops": 1,
      "Plans": [
        {
          "Node Type": "Gather",
          "Parent Relationship": "Outer",
          "Parallel Aware": false,
          "Startup Cost": 26438.82,
          "Total Cost": 26439.13,
          "Plan Rows": 3,
          "Plan Width": 8,
          "Actual Startup Time": 67.404,
          "Actual Total Time": 76.378,
          "Actual Rows": 4,
          "Actual Loops": 1,
          "Workers Planned": 3,
          "Workers Launched": 3,
          "Single Copy": false,
          "Plans": [
            {
              "Node Type": "Aggregate",
              "Strategy": "Plain",
              "Partial Mode": "Partial",
              "Parent Relationship": "Outer",
              "Parallel Aware": false,
              "Startup Cost": 25438.82,
              "Total Cost": 25438.83,
              "Plan Rows": 1,
              "Plan Width": 8,
              "Actual Startup Time": 58.702,
              "Actual Total Time": 58.704,
              "Actual Rows": 1,
              "Actual Loops": 4,
              "Plans": [
                {
                  "Node Type": "Bitmap Heap Scan",
                  "Parent Relationship": "Outer",
                  "Parallel Aware": true,
                  "Relation Name": "movie_companies",
                  "Alias": "mc",
                  "Startup Cost": 5349.29,
                  "Total Cost": 25340.91,
                  "Plan Rows": 39167,
                  "Plan Width": 0,
                  "Actual Startup Time": 7.999,
                  "Actual Total Time": 54.97,
                  "Actual Rows": 46394,
                  "Actual Loops": 4,
                  "Recheck Cond": "(company_id < 108)",
                  "Rows Removed by Index Recheck": 0,
                  "Filter": "(company_type_id < 2)",
                  "Rows Removed by Filter": 13844,
                  "Exact Heap Blocks": 9788,
                  "Lossy Heap Blocks": 0,
                  "Plans": [
                    {
                      "Node Type": "Bitmap Index Scan",
                      "Parent Relationship": "Outer",
                      "Parallel Aware": false,
                      "Index Name": "company_id_movie_companies",
                      "Startup Cost": 0.0,
                      "Total Cost": 5318.94,
                      "Plan Rows": 248334,
                      "Plan Width": 0,
                      "Actual Startup Time": 13.442,
                      "Actual Total Time": 13.442,
                      "Actual Rows": 240950,
                      "Actual Loops": 1,
                      "Index Cond": "(company_id < 108)"
                    }
                  ]
                }
              ]
            }
          ]
        }
      ]
    },
    "Planning Time": 0.11,
    "Triggers": [],
    "Execution Time": 76.423
  }
]