{
  "Plan": {
    "Node Type": "Aggregate",
    "Strategy": "Plain",
    "Partial Mode": "Finalize",
    "Parallel Aware": false,
    "Startup Cost": 153465.67,
    "Total Cost": 153465.68,
    "Plan Rows": 1,
    "Plan Width": 8,
    "Actual Startup Time": 1355.662,
    "Actual Total Time": 1390.975,
    "Actual Rows": 1,
    "Actual Loops": 1,
    "Plans": [
      {
        "Node Type": "Gather",
        "Parent Relationship": "Outer",
        "Parallel Aware": false,
        "Startup Cost": 153465.56,
        "Total Cost": 153465.67,
        "Plan Rows": 1,
        "Plan Width": 8,
        "Actual Startup Time": 1345.08,
        "Actual Total Time": 1390.966,
        "Actual Rows": 2,
        "Actual Loops": 1,
        "Workers Planned": 1,
        "Workers Launched": 1,
        "Single Copy": false,
        "Plans": [
          {
            "Node Type": "Aggregate",
            "Strategy": "Plain",
            "Partial Mode": "Partial",
            "Parent Relationship": "Outer",
            "Parallel Aware": false,
            "Startup Cost": 152465.56,
            "Total Cost": 152465.57,
            "Plan Rows": 1,
            "Plan Width": 8,
            "Actual Startup Time": 1338.934,
            "Actual Total Time": 1341.302,
            "Actual Rows": 1,
            "Actual Loops": 2,
            "Plans": [
              {
                "Node Type": "Hash Join",
                "Parent Relationship": "Outer",
                "Parallel Aware": true,
                "Join Type": "Inner",
                "Startup Cost": 142469.71,
                "Total Cost": 152392.61,
                "Plan Rows": 29179,
                "Plan Width": 0,
                "Actual Startup Time": 1249.543,
                "Actual Total Time": 1332.883,
                "Actual Rows": 171570,
                "Actual Loops": 2,
                "Inner Unique": false,
                "Hash Cond": "(ci.movie_id = t.id)",
                "Plans": [
                  {
                    "Node Type": "Index Scan",
                    "Parent Relationship": "Outer",
                    "Parallel Aware": true,
                    "Scan Direction": "Forward",
                    "Index Name": "role_id_cast_info",
                    "Relation Name": "cast_info",
                    "Alias": "ci",
                    "Startup Cost": 0.56,
                    "Total Cost": 9590.86,
                    "Plan Rows": 42926,
                    "Plan Width": 4,
                    "Actual Startup Time": 0.06,
                    "Actual Total Time": 28.705,
                    "Actual Rows": 112816,
                    "Actual Loops": 2,
                    "Index Cond": "(role_id > 10)",
                    "Rows Removed by Index Recheck": 0,
                    "Filter": "(person_id > 2812579)",
                    "Rows Removed by Filter": 45242
                  },
                  {
                    "Node Type": "Hash",
                    "Parent Relationship": "Inner",
                    "Parallel Aware": true,
                    "Startup Cost": 129832.57,
                    "Total Cost": 129832.57,
                    "Plan Rows": 1010926,
                    "Plan Width": 8,
                    "Actual Startup Time": 1237.142,
                    "Actual Total Time": 1239.508,
                    "Actual Rows": 862269,
                    "Actual Loops": 2,
                    "Hash Buckets": 2097152,
                    "Original Hash Buckets": 2097152,
                    "Hash Batches": 1,
                    "Original Hash Batches": 1,
                    "Peak Memory Usage": 83872,
                    "Plans": [
                      {
                        "Node Type": "Hash Join",
                        "Parent Relationship": "Outer",
                        "Parallel Aware": true,
                        "Join Type": "Inner",
                        "Startup Cost": 69460.7,
                        "Total Cost": 129832.57,
                        "Plan Rows": 1010926,
                        "Plan Width": 8,
                        "Actual Startup Time": 623.466,
                        "Actual Total Time": 1048.123,
                        "Actual Rows": 862269,
                        "Actual Loops": 2,
                        "Inner Unique": true,
                        "Hash Cond": "(mk.movie_id = t.id)",
                        "Plans": [
                          {
                            "Node Type": "Seq Scan",
                            "Parent Relationship": "Outer",
                            "Parallel Aware": true,
                            "Relation Name": "movie_keyword",
                            "Alias": "mk",
                            "Startup Cost": 0.0,
                            "Total Cost": 57718.19,
                            "Plan Rows": 1010926,
                            "Plan Width": 4,
                            "Actual Startup Time": 0.834,
                            "Actual Total Time": 220.601,
                            "Actual Rows": 862269,
                            "Actual Loops": 2,
                            "Filter": "(keyword_id > 8221)",
                            "Rows Removed by Filter": 1399696
                          },
                          {
                            "Node Type": "Hash",
                            "Parent Relationship": "Inner",
                            "Parallel Aware": true,
                            "Startup Cost": 50870.31,
                            "Total Cost": 50870.31,
                            "Plan Rows": 1487231,
                            "Plan Width": 4,
                            "Actual Startup Time": 609.741,
                            "Actual Total Time": 609.743,
                            "Actual Rows": 1264156,
                            "Actual Loops": 2,
                            "Hash Buckets": 4194304,
                            "Original Hash Buckets": 4194304,
                            "Hash Batches": 1,
                            "Original Hash Batches": 1,
                            "Peak Memory Usage": 131680,
                            "Plans": [
                              {
                                "Node Type": "Seq Scan",
                                "Parent Relationship": "Outer",
                                "Parallel Aware": true,
                                "Relation Name": "title",
                                "Alias": "t",
                                "Startup Cost": 0.0,
                                "Total Cost": 50870.31,
                                "Plan Rows": 1487231,
                                "Plan Width": 4,
                                "Actual Startup Time": 0.028,
                                "Actual Total Time": 189.426,
                                "Actual Rows": 1264156,
                                "Actual Loops": 2
                              }
                            ]
                          }
                        ]
                      }
                    ]
                  }
                ]
              }
            ]
          }
        ]
      }
    ]
  },
  "Planning Time": 0.652,
  "Triggers": [],
  "Execution Time": 1391.041
}