{
    "Plan": {
        "Node Type": "Aggregate",
        "Strategy": "Plain",
        "Partial Mode": "Finalize",
        "Parallel Aware": false,
        "Startup Cost": 77723.27,
        "Total Cost": 77723.28,
        "Plan Rows": 1,
        "Plan Width": 8,
        "Actual Startup Time": 299.049,
        "Actual Total Time": 318.607,
        "Actual Rows": 1,
        "Actual Loops": 1,
        "Output": [
            "count(*)"
        ],
        "Plans": [
            {
                "Node Type": "Gather",
                "Parent Relationship": "Outer",
                "Parallel Aware": false,
                "Startup Cost": 77722.95,
                "Total Cost": 77723.26,
                "Plan Rows": 3,
                "Plan Width": 8,
                "Actual Startup Time": 298.288,
                "Actual Total Time": 318.595,
                "Actual Rows": 4,
                "Actual Loops": 1,
                "Output": [
                    "(PARTIAL count(*))"
                ],
                "Workers Planned": 3,
                "Workers Launched": 3,
                "Single Copy": false,
                "Plans": [
                    {
                        "Node Type": "Aggregate",
                        "Strategy": "Plain",
                        "Partial Mode": "Partial",
                        "Parent Relationship": "Outer",
                        "Parallel Aware": false,
                        "Startup Cost": 76722.95,
                        "Total Cost": 76722.96,
                        "Plan Rows": 1,
                        "Plan Width": 8,
                        "Actual Startup Time": 289.33,
                        "Actual Total Time": 289.334,
                        "Actual Rows": 1,
                        "Actual Loops": 4,
                        "Output": [
                            "PARTIAL count(*)"
                        ],
                        "Workers": [
                            {
                                "Worker Number": 0,
                                "Actual Startup Time": 286.226,
                                "Actual Total Time": 286.23,
                                "Actual Rows": 1,
                                "Actual Loops": 1
                            },
                            {
                                "Worker Number": 1,
                                "Actual Startup Time": 286.648,
                                "Actual Total Time": 286.651,
                                "Actual Rows": 1,
                                "Actual Loops": 1
                            },
                            {
                                "Worker Number": 2,
                                "Actual Startup Time": 286.938,
                                "Actual Total Time": 286.941,
                                "Actual Rows": 1,
                                "Actual Loops": 1
                            }
                        ],
                        "Plans": [
                            {
                                "Node Type": "Hash Join",
                                "Parent Relationship": "Outer",
                                "Parallel Aware": true,
                                "Join Type": "Inner",
                                "Startup Cost": 45783.61,
                                "Total Cost": 76665.31,
                                "Plan Rows": 23058,
                                "Plan Width": 0,
                                "Actual Startup Time": 143.958,
                                "Actual Total Time": 287.11,
                                "Actual Rows": 36716,
                                "Actual Loops": 4,
                                "Inner Unique": true,
                                "Hash Cond": "(mc.movie_id = t.id)",
                                "Workers": [
                                    {
                                        "Worker Number": 0,
                                        "Actual Startup Time": 140.898,
                                        "Actual Total Time": 284.024,
                                        "Actual Rows": 31116,
                                        "Actual Loops": 1
                                    },
                                    {
                                        "Worker Number": 1,
                                        "Actual Startup Time": 141.29,
                                        "Actual Total Time": 284.617,
                                        "Actual Rows": 48433,
                                        "Actual Loops": 1
                                    },
                                    {
                                        "Worker Number": 2,
                                        "Actual Startup Time": 141.475,
                                        "Actual Total Time": 284.785,
                                        "Actual Rows": 29922,
                                        "Actual Loops": 1
                                    }
                                ],
                                "Plans": [
                                    {
                                        "Node Type": "Seq Scan",
                                        "Parent Relationship": "Outer",
                                        "Parallel Aware": true,
                                        "Relation Name": "movie_companies",
                                        "Schema": "public",
                                        "Alias": "mc",
                                        "Startup Cost": 0.0,
                                        "Total Cost": 29310.68,
                                        "Plan Rows": 598483,
                                        "Plan Width": 4,
                                        "Actual Startup Time": 0.53,
                                        "Actual Total Time": 87.282,
                                        "Actual Rows": 463992,
                                        "Actual Loops": 4,
                                        "Output": [
                                            "mc.id",
                                            "mc.movie_id",
                                            "mc.company_id",
                                            "mc.company_type_id",
                                            "mc.note"
                                        ],
                                        "Filter": "(mc.company_id > 1475)",
                                        "Rows Removed by Filter": 188290,
                                        "Workers": [
                                            {
                                                "Worker Number": 0,
                                                "Actual Startup Time": 0.443,
                                                "Actual Total Time": 88.969,
                                                "Actual Rows": 388634,
                                                "Actual Loops": 1
                                            },
                                            {
                                                "Worker Number": 1,
                                                "Actual Startup Time": 0.591,
                                                "Actual Total Time": 85.208,
                                                "Actual Rows": 608267,
                                                "Actual Loops": 1
                                            },
                                            {
                                                "Worker Number": 2,
                                                "Actual Startup Time": 0.476,
                                                "Actual Total Time": 88.656,
                                                "Actual Rows": 386954,
                                                "Actual Loops": 1
                                            }
                                        ]
                                    },
                                    {
                                        "Node Type": "Hash",
                                        "Parent Relationship": "Inner",
                                        "Parallel Aware": true,
                                        "Startup Cost": 45479.21,
                                        "Total Cost": 45479.21,
                                        "Plan Rows": 24352,
                                        "Plan Width": 4,
                                        "Actual Startup Time": 125.241,
                                        "Actual Total Time": 125.242,
                                        "Actual Rows": 29478,
                                        "Actual Loops": 4,
                                        "Output": [
                                            "t.id"
                                        ],
                                        "Hash Buckets": 131072,
                                        "Original Hash Buckets": 131072,
                                        "Hash Batches": 1,
                                        "Original Hash Batches": 1,
                                        "Peak Memory Usage": 5696,
                                        "Workers": [
                                            {
                                                "Worker Number": 0,
                                                "Actual Startup Time": 123.436,
                                                "Actual Total Time": 123.437,
                                                "Actual Rows": 24016,
                                                "Actual Loops": 1
                                            },
                                            {
                                                "Worker Number": 1,
                                                "Actual Startup Time": 123.82,
                                                "Actual Total Time": 123.821,
                                                "Actual Rows": 37616,
                                                "Actual Loops": 1
                                            },
                                            {
                                                "Worker Number": 2,
                                                "Actual Startup Time": 124.029,
                                                "Actual Total Time": 124.031,
                                                "Actual Rows": 24114,
                                                "Actual Loops": 1
                                            }
                                        ],
                                        "Plans": [
                                            {
                                                "Node Type": "Seq Scan",
                                                "Parent Relationship": "Outer",
                                                "Parallel Aware": true,
                                                "Relation Name": "title",
                                                "Schema": "public",
                                                "Alias": "t",
                                                "Startup Cost": 0.0,
                                                "Total Cost": 45479.21,
                                                "Plan Rows": 24352,
                                                "Plan Width": 4,
                                                "Actual Startup Time": 68.914,
                                                "Actual Total Time": 113.652,
                                                "Actual Rows": 29478,
                                                "Actual Loops": 4,
                                                "Output": [
                                                    "t.id"
                                                ],
                                                "Filter": "((t.production_year > 1969) AND (t.kind_id = 4))",
                                                "Rows Removed by Filter": 602600,
                                                "Workers": [
                                                    {
                                                        "Worker Number": 0,
                                                        "Actual Startup Time": 67.069,
                                                        "Actual Total Time": 112.529,
                                                        "Actual Rows": 24016,
                                                        "Actual Loops": 1
                                                    },
                                                    {
                                                        "Worker Number": 1,
                                                        "Actual Startup Time": 68.457,
                                                        "Actual Total Time": 112.494,
                                                        "Actual Rows": 37616,
                                                        "Actual Loops": 1
                                                    },
                                                    {
                                                        "Worker Number": 2,
                                                        "Actual Startup Time": 67.264,
                                                        "Actual Total Time": 112.468,
                                                        "Actual Rows": 24114,
                                                        "Actual Loops": 1
                                                    }
                                                ]
                                            }
                                        ]
                                    }
                                ]
                            }
                        ]
                    }
                ]
            }
        ]
    },
    "Planning Time": 0.741,
    "Triggers": [],
    "Execution Time": 318.682
}