[
  {
    "Plan": {
      "Node Type": "Aggregate",
      "Strategy": "Plain",
      "Partial Mode": "Finalize",
      "Parallel Aware": false,
      "Startup Cost": 32673.85,
      "Total Cost": 32673.86,
      "Plan Rows": 1,
      "Plan Width": 8,
      "Actual Startup Time": 103.284,
      "Actual Total Time": 112.904,
      "Actual Rows": 1,
      "Actual Loops": 1,
      "Plans": [
        {
          "Node Type": "Gather",
          "Parent Relationship": "Outer",
          "Parallel Aware": false,
          "Startup Cost": 32673.53,
          "Total Cost": 32673.84,
          "Plan Rows": 3,
          "Plan Width": 8,
          "Actual Startup Time": 103.163,
          "Actual Total Time": 112.897,
          "Actual Rows": 4,
          "Actual Loops": 1,
          "Workers Planned": 3,
          "Workers Launched": 3,
          "Single Copy": false,
          "Plans": [
            {
              "Node Type": "Aggregate",
              "Strategy": "Plain",
              "Partial Mode": "Partial",
              "Parent Relationship": "Outer",
              "Parallel Aware": false,
              "Startup Cost": 31673.53,
              "Total Cost": 31673.54,
              "Plan Rows": 1,
              "Plan Width": 8,
              "Actual Startup Time": 96.298,
              "Actual Total Time": 96.299,
              "Actual Rows": 1,
              "Actual Loops": 4,
              "Plans": [
                {
                  "Node Type": "Seq Scan",
                  "Parent Relationship": "Outer",
                  "Parallel Aware": true,
                  "Relation Name": "movie_companies",
                  "Alias": "mc",
                  "Startup Cost": 0.0,
                  "Total Cost": 31414.82,
                  "Plan Rows": 103484,
                  "Plan Width": 0,
                  "Actual Startup Time": 45.099,
                  "Actual Total Time": 87.555,
                  "Actual Rows": 153115,
                  "Actual Loops": 4,
                  "Filter": "((company_id > 61549) AND (company_type_id = 2))",
                  "Rows Removed by Filter": 499167
                }
              ]
            }
          ]
        }
      ]
    },
    "Planning Time": 0.122,
    "Triggers": [],
    "Execution Time": 112.944
  }
]