{
  "Plan": {
    "Node Type": "Aggregate",
    "Strategy": "Plain",
    "Partial Mode": "Finalize",
    "Parallel Aware": false,
    "Startup Cost": 120007.91,
    "Total Cost": 120007.92,
    "Plan Rows": 1,
    "Plan Width": 8,
    "Actual Startup Time": 424.94,
    "Actual Total Time": 443.906,
    "Actual Rows": 1,
    "Actual Loops": 1,
    "Plans": [
      {
        "Node Type": "Gather",
        "Parent Relationship": "Outer",
        "Parallel Aware": false,
        "Startup Cost": 120007.79,
        "Total Cost": 120007.9,
        "Plan Rows": 1,
        "Plan Width": 8,
        "Actual Startup Time": 424.648,
        "Actual Total Time": 443.898,
        "Actual Rows": 2,
        "Actual Loops": 1,
        "Workers Planned": 1,
        "Workers Launched": 1,
        "Single Copy": false,
        "Plans": [
          {
            "Node Type": "Aggregate",
            "Strategy": "Plain",
            "Partial Mode": "Partial",
            "Parent Relationship": "Outer",
            "Parallel Aware": false,
            "Startup Cost": 119007.79,
            "Total Cost": 119007.8,
            "Plan Rows": 1,
            "Plan Width": 8,
            "Actual Startup Time": 421.357,
            "Actual Total Time": 421.362,
            "Actual Rows": 1,
            "Actual Loops": 2,
            "Plans": [
              {
                "Node Type": "Hash Join",
                "Parent Relationship": "Outer",
                "Parallel Aware": true,
                "Join Type": "Inner",
                "Startup Cost": 58434.54,
                "Total Cost": 118989.18,
                "Plan Rows": 7444,
                "Plan Width": 0,
                "Actual Startup Time": 148.182,
                "Actual Total Time": 421.23,
                "Actual Rows": 2239,
                "Actual Loops": 2,
                "Inner Unique": true,
                "Hash Cond": "(mk.movie_id = t.id)",
                "Plans": [
                  {
                    "Node Type": "Seq Scan",
                    "Parent Relationship": "Outer",
                    "Parallel Aware": true,
                    "Relation Name": "movie_keyword",
                    "Alias": "mk",
                    "Startup Cost": 0.0,
                    "Total Cost": 57718.19,
                    "Plan Rows": 1080552,
                    "Plan Width": 4,
                    "Actual Startup Time": 0.773,
                    "Actual Total Time": 204.23,
                    "Actual Rows": 921308,
                    "Actual Loops": 2,
                    "Filter": "(keyword_id > 7539)",
                    "Rows Removed by Filter": 1340656
                  },
                  {
                    "Node Type": "Hash",
                    "Parent Relationship": "Inner",
                    "Parallel Aware": true,
                    "Startup Cost": 58306.47,
                    "Total Cost": 58306.47,
                    "Plan Rows": 10246,
                    "Plan Width": 4,
                    "Actual Startup Time": 146.627,
                    "Actual Total Time": 146.628,
                    "Actual Rows": 9443,
                    "Actual Loops": 2,
                    "Hash Buckets": 32768,
                    "Original Hash Buckets": 32768,
                    "Hash Batches": 1,
                    "Original Hash Batches": 1,
                    "Peak Memory Usage": 1024,
                    "Plans": [
                      {
                        "Node Type": "Seq Scan",
                        "Parent Relationship": "Outer",
                        "Parallel Aware": true,
                        "Relation Name": "title",
                        "Alias": "t",
                        "Startup Cost": 0.0,
                        "Total Cost": 58306.47,
                        "Plan Rows": 10246,
                        "Plan Width": 4,
                        "Actual Startup Time": 0.032,
                        "Actual Total Time": 143.177,
                        "Actual Rows": 9443,
                        "Actual Loops": 2,
                        "Filter": "((kind_id = 7) AND (production_year = 1994))",
                        "Rows Removed by Filter": 1254713
                      }
                    ]
                  }
                ]
              }
            ]
          }
        ]
      }
    ]
  },
  "Planning Time": 0.21,
  "Triggers": [],
  "Execution Time": 443.945
}