[
    {
        "Bao": {
            "Bao prediction": 1192.834,
            "Bao recommended hint": "(no hint)"
        }
    },
    {
        "Plan": {
            "Node Type": "Aggregate",
            "Strategy": "Plain",
            "Partial Mode": "Finalize",
            "Parallel Aware": false,
            "Startup Cost": 289614.23,
            "Total Cost": 289614.24,
            "Plan Rows": 1,
            "Plan Width": 8,
            "Actual Startup Time": 1821.277,
            "Actual Total Time": 1853.491,
            "Actual Rows": 1,
            "Actual Loops": 1,
            "Output": [
                "count(*)"
            ],
            "Plans": [
                {
                    "Node Type": "Gather",
                    "Parent Relationship": "Outer",
                    "Parallel Aware": false,
                    "Startup Cost": 289613.71,
                    "Total Cost": 289614.22,
                    "Plan Rows": 5,
                    "Plan Width": 8,
                    "Actual Startup Time": 1804.613,
                    "Actual Total Time": 1853.48,
                    "Actual Rows": 6,
                    "Actual Loops": 1,
                    "Output": [
                        "(PARTIAL count(*))"
                    ],
                    "Workers Planned": 5,
                    "Workers Launched": 5,
                    "Single Copy": false,
                    "Plans": [
                        {
                            "Node Type": "Aggregate",
                            "Strategy": "Plain",
                            "Partial Mode": "Partial",
                            "Parent Relationship": "Outer",
                            "Parallel Aware": false,
                            "Startup Cost": 288613.71,
                            "Total Cost": 288613.72,
                            "Plan Rows": 1,
                            "Plan Width": 8,
                            "Actual Startup Time": 1793.572,
                            "Actual Total Time": 1793.578,
                            "Actual Rows": 1,
                            "Actual Loops": 6,
                            "Output": [
                                "PARTIAL count(*)"
                            ],
                            "Workers": [
                                {
                                    "Worker Number": 0,
                                    "Actual Startup Time": 1791.441,
                                    "Actual Total Time": 1791.446,
                                    "Actual Rows": 1,
                                    "Actual Loops": 1
                                },
                                {
                                    "Worker Number": 1,
                                    "Actual Startup Time": 1791.546,
                                    "Actual Total Time": 1791.551,
                                    "Actual Rows": 1,
                                    "Actual Loops": 1
                                },
                                {
                                    "Worker Number": 2,
                                    "Actual Startup Time": 1791.547,
                                    "Actual Total Time": 1791.553,
                                    "Actual Rows": 1,
                                    "Actual Loops": 1
                                },
                                {
                                    "Worker Number": 3,
                                    "Actual Startup Time": 1791.552,
                                    "Actual Total Time": 1791.558,
                                    "Actual Rows": 1,
                                    "Actual Loops": 1
                                },
                                {
                                    "Worker Number": 4,
                                    "Actual Startup Time": 1791.658,
                                    "Actual Total Time": 1791.663,
                                    "Actual Rows": 1,
                                    "Actual Loops": 1
                                }
                            ],
                            "Plans": [
                                {
                                    "Node Type": "Hash Join",
                                    "Parent Relationship": "Outer",
                                    "Parallel Aware": true,
                                    "Join Type": "Inner",
                                    "Startup Cost": 81284.7,
                                    "Total Cost": 286233.96,
                                    "Plan Rows": 951898,
                                    "Plan Width": 0,
                                    "Actual Startup Time": 439.622,
                                    "Actual Total Time": 1654.176,
                                    "Actual Rows": 2181256,
                                    "Actual Loops": 6,
                                    "Inner Unique": false,
                                    "Hash Cond": "(mi.movie_id = t.id)",
                                    "Workers": [
                                        {
                                            "Worker Number": 0,
                                            "Actual Startup Time": 437.547,
                                            "Actual Total Time": 1654.515,
                                            "Actual Rows": 2125671,
                                            "Actual Loops": 1
                                        },
                                        {
                                            "Worker Number": 1,
                                            "Actual Startup Time": 437.752,
                                            "Actual Total Time": 1652.978,
                                            "Actual Rows": 2152557,
                                            "Actual Loops": 1
                                        },
                                        {
                                            "Worker Number": 2,
                                            "Actual Startup Time": 437.767,
                                            "Actual Total Time": 1653.362,
                                            "Actual Rows": 2149600,
                                            "Actual Loops": 1
                                        },
                                        {
                                            "Worker Number": 3,
                                            "Actual Startup Time": 437.801,
                                            "Actual Total Time": 1653.742,
                                            "Actual Rows": 2138739,
                                            "Actual Loops": 1
                                        },
                                        {
                                            "Worker Number": 4,
                                            "Actual Startup Time": 437.917,
                                            "Actual Total Time": 1654.439,
                                            "Actual Rows": 2134879,
                                            "Actual Loops": 1
                                        }
                                    ],
                                    "Plans": [
                                        {
                                            "Node Type": "Seq Scan",
                                            "Parent Relationship": "Outer",
                                            "Parallel Aware": true,
                                            "Relation Name": "movie_info",
                                            "Schema": "public",
                                            "Alias": "mi",
                                            "Startup Cost": 0.0,
                                            "Total Cost": 191503.19,
                                            "Plan Rows": 2951019,
                                            "Plan Width": 4,
                                            "Actual Startup Time": 0.017,
                                            "Actual Total Time": 374.474,
                                            "Actual Rows": 2472620,
                                            "Actual Loops": 6,
                                            "Output": [
                                                "mi.id",
                                                "mi.movie_id",
                                                "mi.info_type_id",
                                                "mi.info",
                                                "mi.note"
                                            ],
                                            "Workers": [
                                                {
                                                    "Worker Number": 0,
                                                    "Actual Startup Time": 0.019,
                                                    "Actual Total Time": 380.019,
                                                    "Actual Rows": 2399149,
                                                    "Actual Loops": 1
                                                },
                                                {
                                                    "Worker Number": 1,
                                                    "Actual Startup Time": 0.018,
                                                    "Actual Total Time": 391.953,
                                                    "Actual Rows": 2441518,
                                                    "Actual Loops": 1
                                                },
                                                {
                                                    "Worker Number": 2,
                                                    "Actual Startup Time": 0.018,
                                                    "Actual Total Time": 389.46,
                                                    "Actual Rows": 2435927,
                                                    "Actual Loops": 1
                                                },
                                                {
                                                    "Worker Number": 3,
                                                    "Actual Startup Time": 0.021,
                                                    "Actual Total Time": 390.462,
                                                    "Actual Rows": 2433930,
                                                    "Actual Loops": 1
                                                },
                                                {
                                                    "Worker Number": 4,
                                                    "Actual Startup Time": 0.017,
                                                    "Actual Total Time": 379.764,
                                                    "Actual Rows": 2401001,
                                                    "Actual Loops": 1
                                                }
                                            ]
                                        },
                                        {
                                            "Node Type": "Hash",
                                            "Parent Relationship": "Inner",
                                            "Parallel Aware": true,
                                            "Startup Cost": 78736.1,
                                            "Total Cost": 78736.1,
                                            "Plan Rows": 203888,
                                            "Plan Width": 8,
                                            "Actual Startup Time": 433.782,
                                            "Actual Total Time": 433.786,
                                            "Actual Rows": 136423,
                                            "Actual Loops": 6,
                                            "Output": [
                                                "t.id",
                                                "mc.movie_id"
                                            ],
                                            "Hash Buckets": 1048576,
                                            "Original Hash Buckets": 1048576,
                                            "Hash Batches": 1,
                                            "Original Hash Batches": 1,
                                            "Peak Memory Usage": 40288,
                                            "Workers": [
                                                {
                                                    "Worker Number": 0,
                                                    "Actual Startup Time": 435.04,
                                                    "Actual Total Time": 435.043,
                                                    "Actual Rows": 131917,
                                                    "Actual Loops": 1
                                                },
                                                {
                                                    "Worker Number": 1,
                                                    "Actual Startup Time": 435.035,
                                                    "Actual Total Time": 435.038,
                                                    "Actual Rows": 135664,
                                                    "Actual Loops": 1
                                                },
                                                {
                                                    "Worker Number": 2,
                                                    "Actual Startup Time": 435.008,
                                                    "Actual Total Time": 435.011,
                                                    "Actual Rows": 135512,
                                                    "Actual Loops": 1
                                                },
                                                {
                                                    "Worker Number": 3,
                                                    "Actual Startup Time": 435.029,
                                                    "Actual Total Time": 435.033,
                                                    "Actual Rows": 134828,
                                                    "Actual Loops": 1
                                                },
                                                {
                                                    "Worker Number": 4,
                                                    "Actual Startup Time": 435.263,
                                                    "Actual Total Time": 435.266,
                                                    "Actual Rows": 132299,
                                                    "Actual Loops": 1
                                                }
                                            ],
                                            "Plans": [
                                                {
                                                    "Node Type": "Hash Join",
                                                    "Parent Relationship": "Outer",
                                                    "Parallel Aware": true,
                                                    "Join Type": "Inner",
                                                    "Startup Cost": 32599.19,
                                                    "Total Cost": 78736.1,
                                                    "Plan Rows": 203888,
                                                    "Plan Width": 8,
                                                    "Actual Startup Time": 143.607,
                                                    "Actual Total Time": 368.355,
                                                    "Actual Rows": 136423,
                                                    "Actual Loops": 6,
                                                    "Output": [
                                                        "t.id",
                                                        "mc.movie_id"
                                                    ],
                                                    "Inner Unique": false,
                                                    "Hash Cond": "(t.id = mc.movie_id)",
                                                    "Workers": [
                                                        {
                                                            "Worker Number": 0,
                                                            "Actual Startup Time": 143.551,
                                                            "Actual Total Time": 367.715,
                                                            "Actual Rows": 131917,
                                                            "Actual Loops": 1
                                                        },
                                                        {
                                                            "Worker Number": 1,
                                                            "Actual Startup Time": 143.57,
                                                            "Actual Total Time": 369.093,
                                                            "Actual Rows": 135664,
                                                            "Actual Loops": 1
                                                        },
                                                        {
                                                            "Worker Number": 2,
                                                            "Actual Startup Time": 143.672,
                                                            "Actual Total Time": 370.117,
                                                            "Actual Rows": 135512,
                                                            "Actual Loops": 1
                                                        },
                                                        {
                                                            "Worker Number": 3,
                                                            "Actual Startup Time": 143.583,
                                                            "Actual Total Time": 369.827,
                                                            "Actual Rows": 134828,
                                                            "Actual Loops": 1
                                                        },
                                                        {
                                                            "Worker Number": 4,
                                                            "Actual Startup Time": 143.542,
                                                            "Actual Total Time": 367.482,
                                                            "Actual Rows": 132299,
                                                            "Actual Loops": 1
                                                        }
                                                    ],
                                                    "Plans": [
                                                        {
                                                            "Node Type": "Seq Scan",
                                                            "Parent Relationship": "Outer",
                                                            "Parallel Aware": true,
                                                            "Relation Name": "title",
                                                            "Schema": "public",
                                                            "Alias": "t",
                                                            "Startup Cost": 0.0,
                                                            "Total Cost": 42318.81,
                                                            "Plan Rows": 632080,
                                                            "Plan Width": 4,
                                                            "Actual Startup Time": 0.028,
                                                            "Actual Total Time": 71.209,
                                                            "Actual Rows": 421385,
                                                            "Actual Loops": 6,
                                                            "Output": [
                                                                "t.id",
                                                                "t.title",
                                                                "t.imdb_index",
                                                                "t.kind_id",
                                                                "t.production_year",
                                                                "t.imdb_id",
                                                                "t.phonetic_code",
                                                                "t.episode_of_id",
                                                                "t.season_nr",
                                                                "t.episode_nr",
                                                                "t.series_years",
                                                                "t.md5sum"
                                                            ],
                                                            "Workers": [
                                                                {
                                                                    "Worker Number": 0,
                                                                    "Actual Startup Time": 0.03,
                                                                    "Actual Total Time": 73.393,
                                                                    "Actual Rows": 402281,
                                                                    "Actual Loops": 1
                                                                },
                                                                {
                                                                    "Worker Number": 1,
                                                                    "Actual Startup Time": 0.047,
                                                                    "Actual Total Time": 74.87,
                                                                    "Actual Rows": 418013,
                                                                    "Actual Loops": 1
                                                                },
                                                                {
                                                                    "Worker Number": 2,
                                                                    "Actual Startup Time": 0.022,
                                                                    "Actual Total Time": 74.624,
                                                                    "Actual Rows": 416432,
                                                                    "Actual Loops": 1
                                                                },
                                                                {
                                                                    "Worker Number": 3,
                                                                    "Actual Startup Time": 0.036,
                                                                    "Actual Total Time": 74.712,
                                                                    "Actual Rows": 417760,
                                                                    "Actual Loops": 1
                                                                },
                                                                {
                                                                    "Worker Number": 4,
                                                                    "Actual Startup Time": 0.021,
                                                                    "Actual Total Time": 73.049,
                                                                    "Actual Rows": 403728,
                                                                    "Actual Loops": 1
                                                                }
                                                            ]
                                                        },
                                                        {
                                                            "Node Type": "Hash",
                                                            "Parent Relationship": "Inner",
                                                            "Parallel Aware": true,
                                                            "Startup Cost": 29310.68,
                                                            "Total Cost": 29310.68,
                                                            "Plan Rows": 263081,
                                                            "Plan Width": 4,
                                                            "Actual Startup Time": 141.554,
                                                            "Actual Total Time": 141.555,
                                                            "Actual Rows": 136423,
                                                            "Actual Loops": 6,
                                                            "Output": [
                                                                "mc.movie_id"
                                                            ],
                                                            "Hash Buckets": 1048576,
                                                            "Original Hash Buckets": 1048576,
                                                            "Hash Batches": 1,
                                                            "Original Hash Batches": 1,
                                                            "Peak Memory Usage": 40288,
                                                            "Workers": [
                                                                {
                                                                    "Worker Number": 0,
                                                                    "Actual Startup Time": 143.389,
                                                                    "Actual Total Time": 143.39,
                                                                    "Actual Rows": 130723,
                                                                    "Actual Loops": 1
                                                                },
                                                                {
                                                                    "Worker Number": 1,
                                                                    "Actual Startup Time": 143.449,
                                                                    "Actual Total Time": 143.451,
                                                                    "Actual Rows": 134662,
                                                                    "Actual Loops": 1
                                                                },
                                                                {
                                                                    "Worker Number": 2,
                                                                    "Actual Startup Time": 143.236,
                                                                    "Actual Total Time": 143.238,
                                                                    "Actual Rows": 135717,
                                                                    "Actual Loops": 1
                                                                },
                                                                {
                                                                    "Worker Number": 3,
                                                                    "Actual Startup Time": 143.395,
                                                                    "Actual Total Time": 143.397,
                                                                    "Actual Rows": 133508,
                                                                    "Actual Loops": 1
                                                                },
                                                                {
                                                                    "Worker Number": 4,
                                                                    "Actual Startup Time": 143.405,
                                                                    "Actual Total Time": 143.406,
                                                                    "Actual Rows": 127964,
                                                                    "Actual Loops": 1
                                                                }
                                                            ],
                                                            "Plans": [
                                                                {
                                                                    "Node Type": "Seq Scan",
                                                                    "Parent Relationship": "Outer",
                                                                    "Parallel Aware": true,
                                                                    "Relation Name": "movie_companies",
                                                                    "Schema": "public",
                                                                    "Alias": "mc",
                                                                    "Startup Cost": 0.0,
                                                                    "Total Cost": 29310.68,
                                                                    "Plan Rows": 263081,
                                                                    "Plan Width": 4,
                                                                    "Actual Startup Time": 22.106,
                                                                    "Actual Total Time": 79.27,
                                                                    "Actual Rows": 136423,
                                                                    "Actual Loops": 6,
                                                                    "Output": [
                                                                        "mc.movie_id"
                                                                    ],
                                                                    "Filter": "(mc.company_id > 28339)",
                                                                    "Rows Removed by Filter": 298432,
                                                                    "Workers": [
                                                                        {
                                                                            "Worker Number": 0,
                                                                            "Actual Startup Time": 22.103,
                                                                            "Actual Total Time": 79.483,
                                                                            "Actual Rows": 130723,
                                                                            "Actual Loops": 1
                                                                        },
                                                                        {
                                                                            "Worker Number": 1,
                                                                            "Actual Startup Time": 22.11,
                                                                            "Actual Total Time": 80.443,
                                                                            "Actual Rows": 134662,
                                                                            "Actual Loops": 1
                                                                        },
                                                                        {
                                                                            "Worker Number": 2,
                                                                            "Actual Startup Time": 22.099,
                                                                            "Actual Total Time": 80.956,
                                                                            "Actual Rows": 135717,
                                                                            "Actual Loops": 1
                                                                        },
                                                                        {
                                                                            "Worker Number": 3,
                                                                            "Actual Startup Time": 22.107,
                                                                            "Actual Total Time": 80.374,
                                                                            "Actual Rows": 133508,
                                                                            "Actual Loops": 1
                                                                        },
                                                                        {
                                                                            "Worker Number": 4,
                                                                            "Actual Startup Time": 22.084,
                                                                            "Actual Total Time": 77.773,
                                                                            "Actual Rows": 127964,
                                                                            "Actual Loops": 1
                                                                        }
                                                                    ]
                                                                }
                                                            ]
                                                        }
                                                    ]
                                                }
                                            ]
                                        }
                                    ]
                                }
                            ]
                        }
                    ]
                }
            ]
        },
        "Planning Time": 1462.762,
        "Triggers": [],
        "Execution Time": 1853.668
    }
]