[
  {
    "Plan": {
      "Node Type": "Aggregate",
      "Strategy": "Plain",
      "Partial Mode": "Finalize",
      "Parallel Aware": false,
      "Startup Cost": 82622.97,
      "Total Cost": 82622.98,
      "Plan Rows": 1,
      "Plan Width": 8,
      "Actual Startup Time": 271.311,
      "Actual Total Time": 278.87,
      "Actual Rows": 1,
      "Actual Loops": 1,
      "Plans": [
        {
          "Node Type": "Gather",
          "Parent Relationship": "Outer",
          "Parallel Aware": false,
          "Startup Cost": 82622.55,
          "Total Cost": 82622.96,
          "Plan Rows": 4,
          "Plan Width": 8,
          "Actual Startup Time": 269.231,
          "Actual Total Time": 278.862,
          "Actual Rows": 5,
          "Actual Loops": 1,
          "Workers Planned": 4,
          "Workers Launched": 4,
          "Single Copy": false,
          "Plans": [
            {
              "Node Type": "Aggregate",
              "Strategy": "Plain",
              "Partial Mode": "Partial",
              "Parent Relationship": "Outer",
              "Parallel Aware": false,
              "Startup Cost": 81622.55,
              "Total Cost": 81622.56,
              "Plan Rows": 1,
              "Plan Width": 8,
              "Actual Startup Time": 265.042,
              "Actual Total Time": 265.045,
              "Actual Rows": 1,
              "Actual Loops": 5,
              "Plans": [
                {
                  "Node Type": "Hash Join",
                  "Parent Relationship": "Outer",
                  "Parallel Aware": true,
                  "Join Type": "Inner",
                  "Startup Cost": 34904.51,
                  "Total Cost": 81081.65,
                  "Plan Rows": 216360,
                  "Plan Width": 0,
                  "Actual Startup Time": 98.441,
                  "Actual Total Time": 259.974,
                  "Actual Rows": 109704,
                  "Actual Loops": 5,
                  "Inner Unique": false,
                  "Hash Cond": "(t.id = mc.movie_id)",
                  "Plans": [
                    {
                      "Node Type": "Seq Scan",
                      "Parent Relationship": "Outer",
                      "Parallel Aware": true,
                      "Relation Name": "title",
                      "Alias": "t",
                      "Startup Cost": 0.0,
                      "Total Cost": 42318.81,
                      "Plan Rows": 632080,
                      "Plan Width": 4,
                      "Actual Startup Time": 0.012,
                      "Actual Total Time": 55.858,
                      "Actual Rows": 505662,
                      "Actual Loops": 5
                    },
                    {
                      "Node Type": "Hash",
                      "Parent Relationship": "Inner",
                      "Parallel Aware": true,
                      "Startup Cost": 31414.82,
                      "Total Cost": 31414.82,
                      "Plan Rows": 279175,
                      "Plan Width": 4,
                      "Actual Startup Time": 96.453,
                      "Actual Total Time": 96.454,
                      "Actual Rows": 109704,
                      "Actual Loops": 5,
                      "Hash Buckets": 1048576,
                      "Original Hash Buckets": 1048576,
                      "Hash Batches": 1,
                      "Original Hash Batches": 1,
                      "Peak Memory Usage": 29728,
                      "Plans": [
                        {
                          "Node Type": "Seq Scan",
                          "Parent Relationship": "Outer",
                          "Parallel Aware": true,
                          "Relation Name": "movie_companies",
                          "Alias": "mc",
                          "Startup Cost": 0.0,
                          "Total Cost": 31414.82,
                          "Plan Rows": 279175,
                          "Plan Width": 4,
                          "Actual Startup Time": 34.694,
                          "Actual Total Time": 62.778,
                          "Actual Rows": 109704,
                          "Actual Loops": 5,
                          "Filter": "((company_id < 20448) AND (company_type_id = 2))",
                          "Rows Removed by Filter": 412122
                        }
                      ]
                    }
                  ]
                }
              ]
            }
          ]
        }
      ]
    },
    "Planning Time": 0.237,
    "Triggers": [],
    "Execution Time": 278.902
  }
]