[
  {
    "Plan": {
      "Node Type": "Aggregate",
      "Strategy": "Plain",
      "Partial Mode": "Finalize",
      "Parallel Aware": false,
      "Startup Cost": 82625.86,
      "Total Cost": 82625.87,
      "Plan Rows": 1,
      "Plan Width": 8,
      "Actual Startup Time": 326.269,
      "Actual Total Time": 342.113,
      "Actual Rows": 1,
      "Actual Loops": 1,
      "Plans": [
        {
          "Node Type": "Gather",
          "Parent Relationship": "Outer",
          "Parallel Aware": false,
          "Startup Cost": 82625.44,
          "Total Cost": 82625.85,
          "Plan Rows": 4,
          "Plan Width": 8,
          "Actual Startup Time": 321.38,
          "Actual Total Time": 342.093,
          "Actual Rows": 5,
          "Actual Loops": 1,
          "Workers Planned": 4,
          "Workers Launched": 4,
          "Single Copy": false,
          "Plans": [
            {
              "Node Type": "Aggregate",
              "Strategy": "Plain",
              "Partial Mode": "Partial",
              "Parent Relationship": "Outer",
              "Parallel Aware": false,
              "Startup Cost": 81625.44,
              "Total Cost": 81625.45,
              "Plan Rows": 1,
              "Plan Width": 8,
              "Actual Startup Time": 311.761,
              "Actual Total Time": 311.764,
              "Actual Rows": 1,
              "Actual Loops": 5,
              "Plans": [
                {
                  "Node Type": "Hash Join",
                  "Parent Relationship": "Outer",
                  "Parallel Aware": true,
                  "Join Type": "Inner",
                  "Startup Cost": 34906.72,
                  "Total Cost": 81084.2,
                  "Plan Rows": 216498,
                  "Plan Width": 0,
                  "Actual Startup Time": 122.475,
                  "Actual Total Time": 306.859,
                  "Actual Rows": 109704,
                  "Actual Loops": 5,
                  "Inner Unique": false,
                  "Hash Cond": "(t.id = mc.movie_id)",
                  "Plans": [
                    {
                      "Node Type": "Seq Scan",
                      "Parent Relationship": "Outer",
                      "Parallel Aware": true,
                      "Relation Name": "title",
                      "Alias": "t",
                      "Startup Cost": 0.0,
                      "Total Cost": 42318.73,
                      "Plan Rows": 632073,
                      "Plan Width": 4,
                      "Actual Startup Time": 0.013,
                      "Actual Total Time": 64.19,
                      "Actual Rows": 505662,
                      "Actual Loops": 5
                    },
                    {
                      "Node Type": "Hash",
                      "Parent Relationship": "Inner",
                      "Parallel Aware": true,
                      "Startup Cost": 31414.82,
                      "Total Cost": 31414.82,
                      "Plan Rows": 279352,
                      "Plan Width": 4,
                      "Actual Startup Time": 117.972,
                      "Actual Total Time": 117.973,
                      "Actual Rows": 109704,
                      "Actual Loops": 5,
                      "Hash Buckets": 1048576,
                      "Original Hash Buckets": 1048576,
                      "Hash Batches": 1,
                      "Original Hash Batches": 1,
                      "Peak Memory Usage": 29728,
                      "Plans": [
                        {
                          "Node Type": "Seq Scan",
                          "Parent Relationship": "Outer",
                          "Parallel Aware": true,
                          "Relation Name": "movie_companies",
                          "Alias": "mc",
                          "Startup Cost": 0.0,
                          "Total Cost": 31414.82,
                          "Plan Rows": 279352,
                          "Plan Width": 4,
                          "Actual Startup Time": 48.101,
                          "Actual Total Time": 77.175,
                          "Actual Rows": 109704,
                          "Actual Loops": 5,
                          "Filter": "((company_id < 20448) AND (company_type_id = 2))",
                          "Rows Removed by Filter": 412122
                        }
                      ]
                    }
                  ]
                }
              ]
            }
          ]
        }
      ]
    },
    "Planning Time": 0.64,
    "Triggers": [],
    "Execution Time": 342.193
  }
]