[
  {
    "Plan": {
      "Node Type": "Aggregate",
      "Strategy": "Plain",
      "Partial Mode": "Finalize",
      "Parallel Aware": false,
      "Startup Cost": 393567.83,
      "Total Cost": 393567.84,
      "Plan Rows": 1,
      "Plan Width": 8,
      "Actual Startup Time": 840.905,
      "Actual Total Time": 885.95,
      "Actual Rows": 1,
      "Actual Loops": 1,
      "Plans": [
        {
          "Node Type": "Gather",
          "Parent Relationship": "Outer",
          "Parallel Aware": false,
          "Startup Cost": 393567.31,
          "Total Cost": 393567.82,
          "Plan Rows": 5,
          "Plan Width": 8,
          "Actual Startup Time": 836.404,
          "Actual Total Time": 885.94,
          "Actual Rows": 6,
          "Actual Loops": 1,
          "Workers Planned": 5,
          "Workers Launched": 5,
          "Single Copy": false,
          "Plans": [
            {
              "Node Type": "Aggregate",
              "Strategy": "Plain",
              "Partial Mode": "Partial",
              "Parent Relationship": "Outer",
              "Parallel Aware": false,
              "Startup Cost": 392567.31,
              "Total Cost": 392567.32,
              "Plan Rows": 1,
              "Plan Width": 8,
              "Actual Startup Time": 829.072,
              "Actual Total Time": 829.076,
              "Actual Rows": 1,
              "Actual Loops": 6,
              "Plans": [
                {
                  "Node Type": "Nested Loop",
                  "Parent Relationship": "Outer",
                  "Parallel Aware": false,
                  "Join Type": "Inner",
                  "Startup Cost": 56672.03,
                  "Total Cost": 392523.49,
                  "Plan Rows": 17526,
                  "Plan Width": 0,
                  "Actual Startup Time": 148.083,
                  "Actual Total Time": 826.098,
                  "Actual Rows": 30012,
                  "Actual Loops": 6,
                  "Inner Unique": false,
                  "Plans": [
                    {
                      "Node Type": "Hash Join",
                      "Parent Relationship": "Outer",
                      "Parallel Aware": true,
                      "Join Type": "Inner",
                      "Startup Cost": 56671.59,
                      "Total Cost": 318161.78,
                      "Plan Rows": 34243,
                      "Plan Width": 8,
                      "Actual Startup Time": 147.959,
                      "Actual Total Time": 206.912,
                      "Actual Rows": 24764,
                      "Actual Loops": 6,
                      "Inner Unique": true,
                      "Hash Cond": "(ci.movie_id = t.id)",
                      "Plans": [
                        {
                          "Node Type": "Bitmap Heap Scan",
                          "Parent Relationship": "Outer",
                          "Parallel Aware": true,
                          "Relation Name": "cast_info",
                          "Alias": "ci",
                          "Startup Cost": 9689.44,
                          "Total Cost": 270949.25,
                          "Plan Rows": 87765,
                          "Plan Width": 4,
                          "Actual Startup Time": 12.059,
                          "Actual Total Time": 26.896,
                          "Actual Rows": 66168,
                          "Actual Loops": 6,
                          "Recheck Cond": "(person_id > 3987544)",
                          "Rows Removed by Index Recheck": 0,
                          "Exact Heap Blocks": 1116,
                          "Lossy Heap Blocks": 0,
                          "Plans": [
                            {
                              "Node Type": "Bitmap Index Scan",
                              "Parent Relationship": "Outer",
                              "Parallel Aware": false,
                              "Index Name": "person_id_cast_info",
                              "Startup Cost": 0.0,
                              "Total Cost": 9579.74,
                              "Plan Rows": 438823,
                              "Plan Width": 0,
                              "Actual Startup Time": 11.305,
                              "Actual Total Time": 11.306,
                              "Actual Rows": 397009,
                              "Actual Loops": 1,
                              "Index Cond": "(person_id > 3987544)"
                            }
                          ]
                        },
                        {
                          "Node Type": "Hash",
                          "Parent Relationship": "Inner",
                          "Parallel Aware": true,
                          "Startup Cost": 43899.32,
                          "Total Cost": 43899.32,
                          "Plan Rows": 246626,
                          "Plan Width": 4,
                          "Actual Startup Time": 134.002,
                          "Actual Total Time": 134.003,
                          "Actual Rows": 164175,
                          "Actual Loops": 6,
                          "Hash Buckets": 1048576,
                          "Original Hash Buckets": 1048576,
                          "Hash Batches": 1,
                          "Original Hash Batches": 1,
                          "Peak Memory Usage": 46848,
                          "Plans": [
                            {
                              "Node Type": "Seq Scan",
                              "Parent Relationship": "Outer",
                              "Parallel Aware": true,
                              "Relation Name": "title",
                              "Alias": "t",
                              "Startup Cost": 0.0,
                              "Total Cost": 43899.32,
                              "Plan Rows": 246626,
                              "Plan Width": 4,
                              "Actual Startup Time": 0.041,
                              "Actual Total Time": 73.551,
                              "Actual Rows": 164175,
                              "Actual Loops": 6,
                              "Filter": "(kind_id < 7)",
                              "Rows Removed by Filter": 257211
                            }
                          ]
                        }
                      ]
                    },
                    {
                      "Node Type": "Index Scan",
                      "Parent Relationship": "Inner",
                      "Parallel Aware": false,
                      "Scan Direction": "Forward",
                      "Index Name": "movie_id_movie_info",
                      "Relation Name": "movie_info",
                      "Alias": "mi",
                      "Startup Cost": 0.43,
                      "Total Cost": 2.13,
                      "Plan Rows": 4,
                      "Plan Width": 4,
                      "Actual Startup Time": 0.007,
                      "Actual Total Time": 0.025,
                      "Actual Rows": 1,
                      "Actual Loops": 148583,
                      "Index Cond": "(movie_id = t.id)",
                      "Rows Removed by Index Recheck": 0,
                      "Filter": "(info_type_id = 4)",
                      "Rows Removed by Filter": 43
                    }
                  ]
                }
              ]
            }
          ]
        }
      ]
    },
    "Planning Time": 0.411,
    "Triggers": [],
    "Execution Time": 886.014
  }
]