[
  {
    "Plan": {
      "Node Type": "Aggregate",
      "Strategy": "Plain",
      "Partial Mode": "Finalize",
      "Parallel Aware": false,
      "Startup Cost": 77607.62,
      "Total Cost": 77607.63,
      "Plan Rows": 1,
      "Plan Width": 8,
      "Actual Startup Time": 306.076,
      "Actual Total Time": 321.537,
      "Actual Rows": 1,
      "Actual Loops": 1,
      "Plans": [
        {
          "Node Type": "Gather",
          "Parent Relationship": "Outer",
          "Parallel Aware": false,
          "Startup Cost": 77607.3,
          "Total Cost": 77607.61,
          "Plan Rows": 3,
          "Plan Width": 8,
          "Actual Startup Time": 304.32,
          "Actual Total Time": 321.528,
          "Actual Rows": 4,
          "Actual Loops": 1,
          "Workers Planned": 3,
          "Workers Launched": 3,
          "Single Copy": false,
          "Plans": [
            {
              "Node Type": "Aggregate",
              "Strategy": "Plain",
              "Partial Mode": "Partial",
              "Parent Relationship": "Outer",
              "Parallel Aware": false,
              "Startup Cost": 76607.3,
              "Total Cost": 76607.31,
              "Plan Rows": 1,
              "Plan Width": 8,
              "Actual Startup Time": 295.192,
              "Actual Total Time": 295.195,
              "Actual Rows": 1,
              "Actual Loops": 4,
              "Plans": [
                {
                  "Node Type": "Hash Join",
                  "Parent Relationship": "Outer",
                  "Parallel Aware": true,
                  "Join Type": "Inner",
                  "Startup Cost": 46831.3,
                  "Total Cost": 76247.19,
                  "Plan Rows": 144045,
                  "Plan Width": 0,
                  "Actual Startup Time": 161.04,
                  "Actual Total Time": 289.347,
                  "Actual Rows": 145254,
                  "Actual Loops": 4,
                  "Inner Unique": true,
                  "Hash Cond": "(mc.movie_id = t.id)",
                  "Plans": [
                    {
                      "Node Type": "Seq Scan",
                      "Parent Relationship": "Outer",
                      "Parallel Aware": true,
                      "Relation Name": "movie_companies",
                      "Alias": "mc",
                      "Startup Cost": 0.0,
                      "Total Cost": 27206.55,
                      "Plan Rows": 841655,
                      "Plan Width": 4,
                      "Actual Startup Time": 0.021,
                      "Actual Total Time": 56.518,
                      "Actual Rows": 652282,
                      "Actual Loops": 4
                    },
                    {
                      "Node Type": "Hash",
                      "Parent Relationship": "Inner",
                      "Parallel Aware": true,
                      "Startup Cost": 45479.1,
                      "Total Cost": 45479.1,
                      "Plan Rows": 108176,
                      "Plan Width": 4,
                      "Actual Startup Time": 128.683,
                      "Actual Total Time": 128.684,
                      "Actual Rows": 78671,
                      "Actual Loops": 4,
                      "Hash Buckets": 524288,
                      "Original Hash Buckets": 524288,
                      "Hash Batches": 1,
                      "Original Hash Batches": 1,
                      "Peak Memory Usage": 16480,
                      "Plans": [
                        {
                          "Node Type": "Seq Scan",
                          "Parent Relationship": "Outer",
                          "Parallel Aware": true,
                          "Relation Name": "title",
                          "Alias": "t",
                          "Startup Cost": 0.0,
                          "Total Cost": 45479.1,
                          "Plan Rows": 108176,
                          "Plan Width": 4,
                          "Actual Startup Time": 49.307,
                          "Actual Total Time": 103.106,
                          "Actual Rows": 78671,
                          "Actual Loops": 4,
                          "Filter": "((production_year > 1994) AND (kind_id = 1))",
                          "Rows Removed by Filter": 553407
                        }
                      ]
                    }
                  ]
                }
              ]
            }
          ]
        }
      ]
    },
    "Planning Time": 0.726,
    "Triggers": [],
    "Execution Time": 321.606
  }
]