[
  {
    "Plan": {
      "Node Type": "Aggregate",
      "Strategy": "Plain",
      "Partial Mode": "Finalize",
      "Parallel Aware": false,
      "Startup Cost": 560805.06,
      "Total Cost": 560805.07,
      "Plan Rows": 1,
      "Plan Width": 8,
      "Actual Startup Time": 2597.989,
      "Actual Total Time": 2646.525,
      "Actual Rows": 1,
      "Actual Loops": 1,
      "Plans": [
        {
          "Node Type": "Gather",
          "Parent Relationship": "Outer",
          "Parallel Aware": false,
          "Startup Cost": 560804.54,
          "Total Cost": 560805.05,
          "Plan Rows": 5,
          "Plan Width": 8,
          "Actual Startup Time": 2578.785,
          "Actual Total Time": 2646.507,
          "Actual Rows": 6,
          "Actual Loops": 1,
          "Workers Planned": 5,
          "Workers Launched": 5,
          "Single Copy": false,
          "Plans": [
            {
              "Node Type": "Aggregate",
              "Strategy": "Plain",
              "Partial Mode": "Partial",
              "Parent Relationship": "Outer",
              "Parallel Aware": false,
              "Startup Cost": 559804.54,
              "Total Cost": 559804.55,
              "Plan Rows": 1,
              "Plan Width": 8,
              "Actual Startup Time": 2568.757,
              "Actual Total Time": 2569.37,
              "Actual Rows": 1,
              "Actual Loops": 6,
              "Plans": [
                {
                  "Node Type": "Hash Join",
                  "Parent Relationship": "Outer",
                  "Parallel Aware": true,
                  "Join Type": "Inner",
                  "Startup Cost": 347068.95,
                  "Total Cost": 557870.98,
                  "Plan Rows": 773422,
                  "Plan Width": 0,
                  "Actual Startup Time": 833.469,
                  "Actual Total Time": 2285.398,
                  "Actual Rows": 4852565,
                  "Actual Loops": 6,
                  "Inner Unique": false,
                  "Hash Cond": "(mi.movie_id = t.id)",
                  "Plans": [
                    {
                      "Node Type": "Seq Scan",
                      "Parent Relationship": "Outer",
                      "Parallel Aware": true,
                      "Relation Name": "movie_info",
                      "Alias": "mi",
                      "Startup Cost": 0.0,
                      "Total Cost": 199108.24,
                      "Plan Rows": 2602732,
                      "Plan Width": 4,
                      "Actual Startup Time": 0.031,
                      "Actual Total Time": 441.272,
                      "Actual Rows": 2161681,
                      "Actual Loops": 6,
                      "Filter": "(info_type_id < 18)",
                      "Rows Removed by Filter": 310939
                    },
                    {
                      "Node Type": "Hash",
                      "Parent Relationship": "Inner",
                      "Parallel Aware": true,
                      "Startup Cost": 344721.01,
                      "Total Cost": 344721.01,
                      "Plan Rows": 187835,
                      "Plan Width": 8,
                      "Actual Startup Time": 829.333,
                      "Actual Total Time": 829.944,
                      "Actual Rows": 269173,
                      "Actual Loops": 6,
                      "Hash Buckets": 2097152,
                      "Original Hash Buckets": 1048576,
                      "Hash Batches": 1,
                      "Original Hash Batches": 1,
                      "Peak Memory Usage": 87840,
                      "Plans": [
                        {
                          "Node Type": "Hash Join",
                          "Parent Relationship": "Outer",
                          "Parallel Aware": true,
                          "Join Type": "Inner",
                          "Startup Cost": 295767.83,
                          "Total Cost": 344721.01,
                          "Plan Rows": 187835,
                          "Plan Width": 8,
                          "Actual Startup Time": 362.143,
                          "Actual Total Time": 692.226,
                          "Actual Rows": 269173,
                          "Actual Loops": 6,
                          "Inner Unique": false,
                          "Hash Cond": "(t.id = ci.movie_id)",
                          "Plans": [
                            {
                              "Node Type": "Seq Scan",
                              "Parent Relationship": "Outer",
                              "Parallel Aware": true,
                              "Relation Name": "title",
                              "Alias": "t",
                              "Startup Cost": 0.0,
                              "Total Cost": 42319.06,
                              "Plan Rows": 632106,
                              "Plan Width": 4,
                              "Actual Startup Time": 0.023,
                              "Actual Total Time": 78.281,
                              "Actual Rows": 421385,
                              "Actual Loops": 6
                            },
                            {
                              "Node Type": "Hash",
                              "Parent Relationship": "Inner",
                              "Parallel Aware": true,
                              "Startup Cost": 294202.53,
                              "Total Cost": 294202.53,
                              "Plan Rows": 125224,
                              "Plan Width": 4,
                              "Actual Startup Time": 360.285,
                              "Actual Total Time": 360.288,
                              "Actual Rows": 269173,
                              "Actual Loops": 6,
                              "Hash Buckets": 2097152,
                              "Original Hash Buckets": 1048576,
                              "Hash Batches": 1,
                              "Original Hash Batches": 1,
                              "Peak Memory Usage": 87840,
                              "Plans": [
                                {
                                  "Node Type": "Bitmap Heap Scan",
                                  "Parent Relationship": "Outer",
                                  "Parallel Aware": true,
                                  "Relation Name": "cast_info",
                                  "Alias": "ci",
                                  "Startup Cost": 37268.75,
                                  "Total Cost": 294202.53,
                                  "Plan Rows": 125224,
                                  "Plan Width": 4,
                                  "Actual Startup Time": 73.115,
                                  "Actual Total Time": 185.311,
                                  "Actual Rows": 269173,
                                  "Actual Loops": 6,
                                  "Recheck Cond": "(person_id > 3742182)",
                                  "Rows Removed by Index Recheck": 0,
                                  "Filter": "(role_id > 2)",
                                  "Rows Removed by Filter": 0,
                                  "Exact Heap Blocks": 5309,
                                  "Lossy Heap Blocks": 0,
                                  "Plans": [
                                    {
                                      "Node Type": "Bitmap Index Scan",
                                      "Parent Relationship": "Outer",
                                      "Parallel Aware": false,
                                      "Index Name": "person_id_cast_info",
                                      "Startup Cost": 0.0,
                                      "Total Cost": 37080.91,
                                      "Plan Rows": 1698713,
                                      "Plan Width": 0,
                                      "Actual Startup Time": 68.909,
                                      "Actual Total Time": 68.909,
                                      "Actual Rows": 1615037,
                                      "Actual Loops": 1,
                                      "Index Cond": "(person_id > 3742182)"
                                    }
                                  ]
                                }
                              ]
                            }
                          ]
                        }
                      ]
                    }
                  ]
                }
              ]
            }
          ]
        }
      ]
    },
    "Planning Time": 0.794,
    "Triggers": [],
    "Execution Time": 2646.604
  }
]