{
  "Plan": {
    "Node Type": "Aggregate",
    "Strategy": "Plain",
    "Partial Mode": "Finalize",
    "Parallel Aware": false,
    "Startup Cost": 221176.91,
    "Total Cost": 221176.92,
    "Plan Rows": 1,
    "Plan Width": 64,
    "Actual Startup Time": 4639.308,
    "Actual Total Time": 4758.499,
    "Actual Rows": 1,
    "Actual Loops": 1,
    "Plans": [
      {
        "Node Type": "Gather",
        "Parent Relationship": "Outer",
        "Parallel Aware": false,
        "Startup Cost": 221176.8,
        "Total Cost": 221176.91,
        "Plan Rows": 1,
        "Plan Width": 64,
        "Actual Startup Time": 4635.187,
        "Actual Total Time": 4758.49,
        "Actual Rows": 2,
        "Actual Loops": 1,
        "Workers Planned": 1,
        "Workers Launched": 1,
        "Single Copy": false,
        "Plans": [
          {
            "Node Type": "Aggregate",
            "Strategy": "Plain",
            "Partial Mode": "Partial",
            "Parent Relationship": "Outer",
            "Parallel Aware": false,
            "Startup Cost": 220176.8,
            "Total Cost": 220176.81,
            "Plan Rows": 1,
            "Plan Width": 64,
            "Actual Startup Time": 4627.86,
            "Actual Total Time": 4627.874,
            "Actual Rows": 1,
            "Actual Loops": 2,
            "Plans": [
              {
                "Node Type": "Hash Join",
                "Parent Relationship": "Outer",
                "Parallel Aware": false,
                "Join Type": "Inner",
                "Startup Cost": 32379.69,
                "Total Cost": 220176.45,
                "Plan Rows": 70,
                "Plan Width": 32,
                "Actual Startup Time": 1640.318,
                "Actual Total Time": 4620.132,
                "Actual Rows": 42817,
                "Actual Loops": 2,
                "Inner Unique": true,
                "Hash Cond": "(pi.info_type_id = it2.id)",
                "Plans": [
                  {
                    "Node Type": "Nested Loop",
                    "Parent Relationship": "Outer",
                    "Parallel Aware": false,
                    "Join Type": "Inner",
                    "Startup Cost": 32377.25,
                    "Total Cost": 220163.24,
                    "Plan Rows": 3955,
                    "Plan Width": 36,
                    "Actual Startup Time": 1639.811,
                    "Actual Total Time": 4582.813,
                    "Actual Rows": 434885,
                    "Actual Loops": 2,
                    "Inner Unique": false,
                    "Plans": [
                      {
                        "Node Type": "Hash Join",
                        "Parent Relationship": "Outer",
                        "Parallel Aware": false,
                        "Join Type": "Inner",
                        "Startup Cost": 32376.82,
                        "Total Cost": 186394.99,
                        "Plan Rows": 35277,
                        "Plan Width": 40,
                        "Actual Startup Time": 1639.549,
                        "Actual Total Time": 2554.075,
                        "Actual Rows": 282278,
                        "Actual Loops": 2,
                        "Inner Unique": false,
                        "Hash Cond": "(n.id = ci.person_id)",
                        "Plans": [
                          {
                            "Node Type": "Seq Scan",
                            "Parent Relationship": "Outer",
                            "Parallel Aware": true,
                            "Relation Name": "name",
                            "Alias": "n",
                            "Startup Cost": 0.0,
                            "Total Cost": 80126.1,
                            "Plan Rows": 2451310,
                            "Plan Width": 19,
                            "Actual Startup Time": 0.038,
                            "Actual Total Time": 228.381,
                            "Actual Rows": 2083746,
                            "Actual Loops": 2
                          },
                          {
                            "Node Type": "Hash",
                            "Parent Relationship": "Inner",
                            "Parallel Aware": false,
                            "Startup Cost": 31627.19,
                            "Total Cost": 31627.19,
                            "Plan Rows": 59971,
                            "Plan Width": 21,
                            "Actual Startup Time": 1638.977,
                            "Actual Total Time": 1638.988,
                            "Actual Rows": 564555,
                            "Actual Loops": 2,
                            "Hash Buckets": 1048576,
                            "Original Hash Buckets": 65536,
                            "Hash Batches": 1,
                            "Original Hash Batches": 1,
                            "Peak Memory Usage": 39310,
                            "Plans": [
                              {
                                "Node Type": "Nested Loop",
                                "Parent Relationship": "Outer",
                                "Parallel Aware": false,
                                "Join Type": "Inner",
                                "Startup Cost": 4947.12,
                                "Total Cost": 31627.19,
                                "Plan Rows": 59971,
                                "Plan Width": 21,
                                "Actual Startup Time": 33.27,
                                "Actual Total Time": 1444.012,
                                "Actual Rows": 564555,
                                "Actual Loops": 2,
                                "Inner Unique": false,
                                "Plans": [
                                  {
                                    "Node Type": "Nested Loop",
                                    "Parent Relationship": "Outer",
                                    "Parallel Aware": false,
                                    "Join Type": "Inner",
                                    "Startup Cost": 4946.56,
                                    "Total Cost": 22815.17,
                                    "Plan Rows": 4185,
                                    "Plan Width": 25,
                                    "Actual Startup Time": 33.214,
                                    "Actual Total Time": 408.352,
                                    "Actual Rows": 25591,
                                    "Actual Loops": 2,
                                    "Inner Unique": true,
                                    "Plans": [
                                      {
                                        "Node Type": "Nested Loop",
                                        "Parent Relationship": "Outer",
                                        "Parallel Aware": false,
                                        "Join Type": "Inner",
                                        "Startup Cost": 4946.13,
                                        "Total Cost": 19349.59,
                                        "Plan Rows": 4185,
                                        "Plan Width": 4,
                                        "Actual Startup Time": 33.173,
                                        "Actual Total Time": 290.514,
                                        "Actual Rows": 25591,
                                        "Actual Loops": 2,
                                        "Inner Unique": false,
                                        "Plans": [
                                          {
                                            "Node Type": "Seq Scan",
                                            "Parent Relationship": "Outer",
                                            "Parallel Aware": false,
                                            "Relation Name": "info_type",
                                            "Alias": "it1",
                                            "Startup Cost": 0.0,
                                            "Total Cost": 2.41,
                                            "Plan Rows": 1,
                                            "Plan Width": 4,
                                            "Actual Startup Time": 0.102,
                                            "Actual Total Time": 0.109,
                                            "Actual Rows": 1,
                                            "Actual Loops": 2,
                                            "Filter": "((info)::text ~~* 'rating'::text)",
                                            "Rows Removed by Filter": 112
                                          },
                                          {
                                            "Node Type": "Bitmap Heap Scan",
                                            "Parent Relationship": "Inner",
                                            "Parallel Aware": false,
                                            "Relation Name": "movie_info_idx",
                                            "Alias": "mii",
                                            "Startup Cost": 4946.13,
                                            "Total Cost": 18401.27,
                                            "Plan Rows": 94591,
                                            "Plan Width": 8,
                                            "Actual Startup Time": 33.059,
                                            "Actual Total Time": 287.105,
                                            "Actual Rows": 25591,
                                            "Actual Loops": 2,
                                            "Recheck Cond": "(info_type_id = it1.id)",
                                            "Rows Removed by Index Recheck": 0,
                                            "Filter": "((info ~~* '0%'::text) OR (info ~~* '1%'::text) OR (info ~~* '2%'::text))",
                                            "Rows Removed by Filter": 434334,
                                            "Exact Heap Blocks": 7934,
                                            "Lossy Heap Blocks": 0,
                                            "Plans": [
                                              {
                                                "Node Type": "Bitmap Index Scan",
                                                "Parent Relationship": "Outer",
                                                "Parallel Aware": false,
                                                "Index Name": "info_type_id_movie_info_idx",
                                                "Startup Cost": 0.0,
                                                "Total Cost": 4922.48,
                                                "Plan Rows": 276007,
                                                "Plan Width": 0,
                                                "Actual Startup Time": 31.602,
                                                "Actual Total Time": 31.603,
                                                "Actual Rows": 459925,
                                                "Actual Loops": 2,
                                                "Index Cond": "(info_type_id = it1.id)"
                                              }
                                            ]
                                          }
                                        ]
                                      },
                                      {
                                        "Node Type": "Index Scan",
                                        "Parent Relationship": "Inner",
                                        "Parallel Aware": false,
                                        "Scan Direction": "Forward",
                                        "Index Name": "title_pkey",
                                        "Relation Name": "title",
                                        "Alias": "t",
                                        "Startup Cost": 0.43,
                                        "Total Cost": 0.83,
                                        "Plan Rows": 1,
                                        "Plan Width": 21,
                                        "Actual Startup Time": 0.004,
                                        "Actual Total Time": 0.004,
                                        "Actual Rows": 1,
                                        "Actual Loops": 51182,
                                        "Index Cond": "(id = mii.movie_id)",
                                        "Rows Removed by Index Recheck": 0
                                      }
                                    ]
                                  },
                                  {
                                    "Node Type": "Index Scan",
                                    "Parent Relationship": "Inner",
                                    "Parallel Aware": false,
                                    "Scan Direction": "Forward",
                                    "Index Name": "movie_id_cast_info",
                                    "Relation Name": "cast_info",
                                    "Alias": "ci",
                                    "Startup Cost": 0.56,
                                    "Total Cost": 1.77,
                                    "Plan Rows": 34,
                                    "Plan Width": 8,
                                    "Actual Startup Time": 0.006,
                                    "Actual Total Time": 0.037,
                                    "Actual Rows": 22,
                                    "Actual Loops": 51182,
                                    "Index Cond": "(movie_id = t.id)",
                                    "Rows Removed by Index Recheck": 0
                                  }
                                ]
                              }
                            ]
                          }
                        ]
                      },
                      {
                        "Node Type": "Index Scan",
                        "Parent Relationship": "Inner",
                        "Parallel Aware": false,
                        "Scan Direction": "Forward",
                        "Index Name": "person_id_person_info",
                        "Relation Name": "person_info",
                        "Alias": "pi",
                        "Startup Cost": 0.43,
                        "Total Cost": 0.92,
                        "Plan Rows": 4,
                        "Plan Width": 8,
                        "Actual Startup Time": 0.003,
                        "Actual Total Time": 0.007,
                        "Actual Rows": 2,
                        "Actual Loops": 564555,
                        "Index Cond": "(person_id = ci.person_id)",
                        "Rows Removed by Index Recheck": 0,
                        "Filter": "(info ~~* '%USA%'::text)",
                        "Rows Removed by Filter": 6
                      }
                    ]
                  },
                  {
                    "Node Type": "Hash",
                    "Parent Relationship": "Inner",
                    "Parallel Aware": false,
                    "Startup Cost": 2.41,
                    "Total Cost": 2.41,
                    "Plan Rows": 2,
                    "Plan Width": 4,
                    "Actual Startup Time": 0.181,
                    "Actual Total Time": 0.181,
                    "Actual Rows": 3,
                    "Actual Loops": 2,
                    "Hash Buckets": 1024,
                    "Original Hash Buckets": 1024,
                    "Hash Batches": 1,
                    "Original Hash Batches": 1,
                    "Peak Memory Usage": 9,
                    "Plans": [
                      {
                        "Node Type": "Seq Scan",
                        "Parent Relationship": "Outer",
                        "Parallel Aware": false,
                        "Relation Name": "info_type",
                        "Alias": "it2",
                        "Startup Cost": 0.0,
                        "Total Cost": 2.41,
                        "Plan Rows": 2,
                        "Plan Width": 4,
                        "Actual Startup Time": 0.079,
                        "Actual Total Time": 0.165,
                        "Actual Rows": 3,
                        "Actual Loops": 2,
                        "Filter": "((info)::text ~~* '%birth%'::text)",
                        "Rows Removed by Filter": 110
                      }
                    ]
                  }
                ]
              }
            ]
          }
        ]
      }
    ]
  },
  "Planning Time": 2.82,
  "Triggers": [],
  "Execution Time": 4763.614
}