{
    "Plan": {
        "Node Type": "Aggregate",
        "Strategy": "Plain",
        "Partial Mode": "Simple",
        "Parallel Aware": false,
        "Startup Cost": 40005781494.98,
        "Total Cost": 40005781494.99,
        "Plan Rows": 1,
        "Plan Width": 64,
        "Actual Startup Time": 8809.384,
        "Actual Total Time": 8822.414,
        "Actual Rows": 1,
        "Actual Loops": 1,
        "Output": [
            "min(chn.name)",
            "min(t.title)"
        ],
        "Plans": [
            {
                "Node Type": "Hash Join",
                "Parent Relationship": "Outer",
                "Parallel Aware": false,
                "Join Type": "Inner",
                "Startup Cost": 40005764461.91,
                "Total Cost": 40005778658.17,
                "Plan Rows": 567362,
                "Plan Width": 33,
                "Actual Startup Time": 8794.793,
                "Actual Total Time": 8815.89,
                "Actual Rows": 91748,
                "Actual Loops": 1,
                "Output": [
                    "chn.name",
                    "t.title"
                ],
                "Inner Unique": false,
                "Hash Cond": "(rt.id = ci.role_id)",
                "Plans": [
                    {
                        "Node Type": "Index Scan",
                        "Parent Relationship": "Outer",
                        "Parallel Aware": false,
                        "Scan Direction": "Forward",
                        "Index Name": "role_type_pkey",
                        "Relation Name": "role_type",
                        "Schema": "public",
                        "Alias": "rt",
                        "Startup Cost": 10000000000.14,
                        "Total Cost": 10000000012.32,
                        "Plan Rows": 12,
                        "Plan Width": 4,
                        "Actual Startup Time": 0.015,
                        "Actual Total Time": 0.028,
                        "Actual Rows": 12,
                        "Actual Loops": 1,
                        "Output": [
                            "rt.id",
                            "rt.role"
                        ]
                    },
                    {
                        "Node Type": "Hash",
                        "Parent Relationship": "Inner",
                        "Parallel Aware": false,
                        "Startup Cost": 30005757369.75,
                        "Total Cost": 30005757369.75,
                        "Plan Rows": 567362,
                        "Plan Width": 37,
                        "Actual Startup Time": 8792.875,
                        "Actual Total Time": 8805.904,
                        "Actual Rows": 91748,
                        "Actual Loops": 1,
                        "Output": [
                            "chn.name",
                            "ci.role_id",
                            "t.title"
                        ],
                        "Hash Buckets": 1048576,
                        "Original Hash Buckets": 1048576,
                        "Hash Batches": 1,
                        "Original Hash Batches": 1,
                        "Peak Memory Usage": 14451,
                        "Plans": [
                            {
                                "Node Type": "Merge Join",
                                "Parent Relationship": "Outer",
                                "Parallel Aware": false,
                                "Join Type": "Inner",
                                "Startup Cost": 30005616799.51,
                                "Total Cost": 30005757369.75,
                                "Plan Rows": 567362,
                                "Plan Width": 37,
                                "Actual Startup Time": 7303.908,
                                "Actual Total Time": 8788.223,
                                "Actual Rows": 91748,
                                "Actual Loops": 1,
                                "Output": [
                                    "chn.name",
                                    "ci.role_id",
                                    "t.title"
                                ],
                                "Inner Unique": false,
                                "Merge Cond": "(chn.id = ci.person_role_id)",
                                "Plans": [
                                    {
                                        "Node Type": "Index Scan",
                                        "Parent Relationship": "Outer",
                                        "Parallel Aware": false,
                                        "Scan Direction": "Forward",
                                        "Index Name": "char_name_pkey",
                                        "Relation Name": "char_name",
                                        "Schema": "public",
                                        "Alias": "chn",
                                        "Startup Cost": 10000000000.43,
                                        "Total Cost": 10000128715.63,
                                        "Plan Rows": 3140227,
                                        "Plan Width": 20,
                                        "Actual Startup Time": 0.029,
                                        "Actual Total Time": 1226.364,
                                        "Actual Rows": 3139011,
                                        "Actual Loops": 1,
                                        "Output": [
                                            "chn.id",
                                            "chn.name",
                                            "chn.imdb_index",
                                            "chn.imdb_id",
                                            "chn.name_pcode_nf",
                                            "chn.surname_pcode",
                                            "chn.md5sum"
                                        ]
                                    },
                                    {
                                        "Node Type": "Sort",
                                        "Parent Relationship": "Inner",
                                        "Parallel Aware": false,
                                        "Startup Cost": 20005616655.58,
                                        "Total Cost": 20005618073.98,
                                        "Plan Rows": 567362,
                                        "Plan Width": 25,
                                        "Actual Startup Time": 7303.866,
                                        "Actual Total Time": 7346.631,
                                        "Actual Rows": 91749,
                                        "Actual Loops": 1,
                                        "Output": [
                                            "ci.person_role_id",
                                            "ci.role_id",
                                            "t.title"
                                        ],
                                        "Sort Key": [
                                            "ci.person_role_id"
                                        ],
                                        "Sort Method": "quicksort",
                                        "Sort Space Used": 46157,
                                        "Sort Space Type": "Memory",
                                        "Plans": [
                                            {
                                                "Node Type": "Gather",
                                                "Parent Relationship": "Outer",
                                                "Parallel Aware": false,
                                                "Startup Cost": 20000889745.01,
                                                "Total Cost": 20005562433.05,
                                                "Plan Rows": 567362,
                                                "Plan Width": 25,
                                                "Actual Startup Time": 2649.911,
                                                "Actual Total Time": 7256.317,
                                                "Actual Rows": 481760,
                                                "Actual Loops": 1,
                                                "Output": [
                                                    "ci.person_role_id",
                                                    "ci.role_id",
                                                    "t.title"
                                                ],
                                                "Workers Planned": 3,
                                                "Workers Launched": 3,
                                                "Single Copy": false,
                                                "Plans": [
                                                    {
                                                        "Node Type": "Hash Join",
                                                        "Parent Relationship": "Outer",
                                                        "Parallel Aware": false,
                                                        "Join Type": "Inner",
                                                        "Startup Cost": 20000888745.01,
                                                        "Total Cost": 20005504696.85,
                                                        "Plan Rows": 183020,
                                                        "Plan Width": 25,
                                                        "Actual Startup Time": 2616.021,
                                                        "Actual Total Time": 7188.178,
                                                        "Actual Rows": 120440,
                                                        "Actual Loops": 4,
                                                        "Output": [
                                                            "ci.person_role_id",
                                                            "ci.role_id",
                                                            "t.title"
                                                        ],
                                                        "Inner Unique": true,
                                                        "Hash Cond": "(mc.company_type_id = ct.id)",
                                                        "Workers": [
                                                            {
                                                                "Worker Number": 0,
                                                                "Actual Startup Time": 2604.695,
                                                                "Actual Total Time": 7194.534,
                                                                "Actual Rows": 109824,
                                                                "Actual Loops": 1
                                                            },
                                                            {
                                                                "Worker Number": 1,
                                                                "Actual Startup Time": 2605.407,
                                                                "Actual Total Time": 7187.199,
                                                                "Actual Rows": 97982,
                                                                "Actual Loops": 1
                                                            },
                                                            {
                                                                "Worker Number": 2,
                                                                "Actual Startup Time": 2605.093,
                                                                "Actual Total Time": 7194.485,
                                                                "Actual Rows": 134750,
                                                                "Actual Loops": 1
                                                            }
                                                        ],
                                                        "Plans": [
                                                            {
                                                                "Node Type": "Hash Join",
                                                                "Parent Relationship": "Outer",
                                                                "Parallel Aware": true,
                                                                "Join Type": "Inner",
                                                                "Startup Cost": 20000888732.77,
                                                                "Total Cost": 20005503695.16,
                                                                "Plan Rows": 183020,
                                                                "Plan Width": 29,
                                                                "Actual Startup Time": 2615.512,
                                                                "Actual Total Time": 7165.478,
                                                                "Actual Rows": 120440,
                                                                "Actual Loops": 4,
                                                                "Output": [
                                                                    "ci.person_role_id",
                                                                    "ci.role_id",
                                                                    "mc.company_type_id",
                                                                    "t.title"
                                                                ],
                                                                "Inner Unique": false,
                                                                "Hash Cond": "(t.id = ci.movie_id)",
                                                                "Workers": [
                                                                    {
                                                                        "Worker Number": 0,
                                                                        "Actual Startup Time": 2604.233,
                                                                        "Actual Total Time": 7173.122,
                                                                        "Actual Rows": 109824,
                                                                        "Actual Loops": 1
                                                                    },
                                                                    {
                                                                        "Worker Number": 1,
                                                                        "Actual Startup Time": 2604.758,
                                                                        "Actual Total Time": 7163.721,
                                                                        "Actual Rows": 97982,
                                                                        "Actual Loops": 1
                                                                    },
                                                                    {
                                                                        "Worker Number": 2,
                                                                        "Actual Startup Time": 2604.212,
                                                                        "Actual Total Time": 7172.543,
                                                                        "Actual Rows": 134750,
                                                                        "Actual Loops": 1
                                                                    }
                                                                ],
                                                                "Plans": [
                                                                    {
                                                                        "Node Type": "Nested Loop",
                                                                        "Parent Relationship": "Outer",
                                                                        "Parallel Aware": false,
                                                                        "Join Type": "Inner",
                                                                        "Startup Cost": 20000000001.31,
                                                                        "Total Cost": 20004614213.95,
                                                                        "Plan Rows": 63589,
                                                                        "Plan Width": 29,
                                                                        "Actual Startup Time": 1.069,
                                                                        "Actual Total Time": 4486.143,
                                                                        "Actual Rows": 43383,
                                                                        "Actual Loops": 4,
                                                                        "Output": [
                                                                            "mc.movie_id",
                                                                            "mc.company_type_id",
                                                                            "t.title",
                                                                            "t.id"
                                                                        ],
                                                                        "Inner Unique": true,
                                                                        "Workers": [
                                                                            {
                                                                                "Worker Number": 0,
                                                                                "Actual Startup Time": 0.349,
                                                                                "Actual Total Time": 4507.354,
                                                                                "Actual Rows": 41682,
                                                                                "Actual Loops": 1
                                                                            },
                                                                            {
                                                                                "Worker Number": 1,
                                                                                "Actual Startup Time": 1.277,
                                                                                "Actual Total Time": 4495.089,
                                                                                "Actual Rows": 35473,
                                                                                "Actual Loops": 1
                                                                            },
                                                                            {
                                                                                "Worker Number": 2,
                                                                                "Actual Startup Time": 2.114,
                                                                                "Actual Total Time": 4506.384,
                                                                                "Actual Rows": 48403,
                                                                                "Actual Loops": 1
                                                                            }
                                                                        ],
                                                                        "Plans": [
                                                                            {
                                                                                "Node Type": "Nested Loop",
                                                                                "Parent Relationship": "Outer",
                                                                                "Parallel Aware": false,
                                                                                "Join Type": "Inner",
                                                                                "Startup Cost": 10000000000.88,
                                                                                "Total Cost": 10003826451.7,
                                                                                "Plan Rows": 177261,
                                                                                "Plan Width": 33,
                                                                                "Actual Startup Time": 0.541,
                                                                                "Actual Total Time": 3872.681,
                                                                                "Actual Rows": 102313,
                                                                                "Actual Loops": 4,
                                                                                "Output": [
                                                                                    "mc.movie_id",
                                                                                    "mc.company_id",
                                                                                    "mc.company_type_id",
                                                                                    "t.title",
                                                                                    "t.id"
                                                                                ],
                                                                                "Inner Unique": true,
                                                                                "Workers": [
                                                                                    {
                                                                                        "Worker Number": 0,
                                                                                        "Actual Startup Time": 0.229,
                                                                                        "Actual Total Time": 3887.88,
                                                                                        "Actual Rows": 97763,
                                                                                        "Actual Loops": 1
                                                                                    },
                                                                                    {
                                                                                        "Worker Number": 1,
                                                                                        "Actual Startup Time": 1.089,
                                                                                        "Actual Total Time": 3878.67,
                                                                                        "Actual Rows": 82521,
                                                                                        "Actual Loops": 1
                                                                                    },
                                                                                    {
                                                                                        "Worker Number": 2,
                                                                                        "Actual Startup Time": 0.337,
                                                                                        "Actual Total Time": 3898.195,
                                                                                        "Actual Rows": 115727,
                                                                                        "Actual Loops": 1
                                                                                    }
                                                                                ],
                                                                                "Plans": [
                                                                                    {
                                                                                        "Node Type": "Index Scan",
                                                                                        "Parent Relationship": "Outer",
                                                                                        "Parallel Aware": true,
                                                                                        "Scan Direction": "Forward",
                                                                                        "Index Name": "company_type_id_movie_companies",
                                                                                        "Relation Name": "movie_companies",
                                                                                        "Schema": "public",
                                                                                        "Alias": "mc",
                                                                                        "Startup Cost": 0.43,
                                                                                        "Total Cost": 67155.62,
                                                                                        "Plan Rows": 841655,
                                                                                        "Plan Width": 12,
                                                                                        "Actual Startup Time": 0.263,
                                                                                        "Actual Total Time": 236.507,
                                                                                        "Actual Rows": 652282,
                                                                                        "Actual Loops": 4,
                                                                                        "Output": [
                                                                                            "mc.id",
                                                                                            "mc.movie_id",
                                                                                            "mc.company_id",
                                                                                            "mc.company_type_id",
                                                                                            "mc.note"
                                                                                        ],
                                                                                        "Workers": [
                                                                                            {
                                                                                                "Worker Number": 0,
                                                                                                "Actual Startup Time": 0.132,
                                                                                                "Actual Total Time": 243.22,
                                                                                                "Actual Rows": 612006,
                                                                                                "Actual Loops": 1
                                                                                            },
                                                                                            {
                                                                                                "Worker Number": 1,
                                                                                                "Actual Startup Time": 0.35,
                                                                                                "Actual Total Time": 244.157,
                                                                                                "Actual Rows": 516314,
                                                                                                "Actual Loops": 1
                                                                                            },
                                                                                            {
                                                                                                "Worker Number": 2,
                                                                                                "Actual Startup Time": 0.102,
                                                                                                "Actual Total Time": 248.066,
                                                                                                "Actual Rows": 758271,
                                                                                                "Actual Loops": 1
                                                                                            }
                                                                                        ]
                                                                                    },
                                                                                    {
                                                                                        "Node Type": "Bitmap Heap Scan",
                                                                                        "Parent Relationship": "Inner",
                                                                                        "Parallel Aware": false,
                                                                                        "Relation Name": "title",
                                                                                        "Schema": "public",
                                                                                        "Alias": "t",
                                                                                        "Startup Cost": 0.45,
                                                                                        "Total Cost": 4.47,
                                                                                        "Plan Rows": 1,
                                                                                        "Plan Width": 21,
                                                                                        "Actual Startup Time": 0.004,
                                                                                        "Actual Total Time": 0.004,
                                                                                        "Actual Rows": 0,
                                                                                        "Actual Loops": 2609129,
                                                                                        "Output": [
                                                                                            "t.id",
                                                                                            "t.title",
                                                                                            "t.imdb_index",
                                                                                            "t.kind_id",
                                                                                            "t.production_year",
                                                                                            "t.imdb_id",
                                                                                            "t.phonetic_code",
                                                                                            "t.episode_of_id",
                                                                                            "t.season_nr",
                                                                                            "t.episode_nr",
                                                                                            "t.series_years",
                                                                                            "t.md5sum"
                                                                                        ],
                                                                                        "Recheck Cond": "(t.id = mc.movie_id)",
                                                                                        "Rows Removed by Index Recheck": 0,
                                                                                        "Filter": "(t.production_year > 2009)",
                                                                                        "Rows Removed by Filter": 1,
                                                                                        "Exact Heap Blocks": 722538,
                                                                                        "Lossy Heap Blocks": 0,
                                                                                        "Workers": [
                                                                                            {
                                                                                                "Worker Number": 0,
                                                                                                "Actual Startup Time": 0.004,
                                                                                                "Actual Total Time": 0.004,
                                                                                                "Actual Rows": 0,
                                                                                                "Actual Loops": 612006
                                                                                            },
                                                                                            {
                                                                                                "Worker Number": 1,
                                                                                                "Actual Startup Time": 0.005,
                                                                                                "Actual Total Time": 0.005,
                                                                                                "Actual Rows": 0,
                                                                                                "Actual Loops": 516314
                                                                                            },
                                                                                            {
                                                                                                "Worker Number": 2,
                                                                                                "Actual Startup Time": 0.003,
                                                                                                "Actual Total Time": 0.003,
                                                                                                "Actual Rows": 0,
                                                                                                "Actual Loops": 758271
                                                                                            }
                                                                                        ],
                                                                                        "Plans": [
                                                                                            {
                                                                                                "Node Type": "Bitmap Index Scan",
                                                                                                "Parent Relationship": "Outer",
                                                                                                "Parallel Aware": false,
                                                                                                "Index Name": "title_pkey",
                                                                                                "Startup Cost": 0.0,
                                                                                                "Total Cost": 0.45,
                                                                                                "Plan Rows": 1,
                                                                                                "Plan Width": 0,
                                                                                                "Actual Startup Time": 0.002,
                                                                                                "Actual Total Time": 0.002,
                                                                                                "Actual Rows": 1,
                                                                                                "Actual Loops": 2609129,
                                                                                                "Index Cond": "(t.id = mc.movie_id)",
                                                                                                "Workers": [
                                                                                                    {
                                                                                                        "Worker Number": 0,
                                                                                                        "Actual Startup Time": 0.003,
                                                                                                        "Actual Total Time": 0.003,
                                                                                                        "Actual Rows": 1,
                                                                                                        "Actual Loops": 612006
                                                                                                    },
                                                                                                    {
                                                                                                        "Worker Number": 1,
                                                                                                        "Actual Startup Time": 0.003,
                                                                                                        "Actual Total Time": 0.003,
                                                                                                        "Actual Rows": 1,
                                                                                                        "Actual Loops": 516314
                                                                                                    },
                                                                                                    {
                                                                                                        "Worker Number": 2,
                                                                                                        "Actual Startup Time": 0.002,
                                                                                                        "Actual Total Time": 0.002,
                                                                                                        "Actual Rows": 1,
                                                                                                        "Actual Loops": 758271
                                                                                                    }
                                                                                                ]
                                                                                            }
                                                                                        ]
                                                                                    }
                                                                                ]
                                                                            },
                                                                            {
                                                                                "Node Type": "Bitmap Heap Scan",
                                                                                "Parent Relationship": "Inner",
                                                                                "Parallel Aware": false,
                                                                                "Relation Name": "company_name",
                                                                                "Schema": "public",
                                                                                "Alias": "cn",
                                                                                "Startup Cost": 0.43,
                                                                                "Total Cost": 4.44,
                                                                                "Plan Rows": 1,
                                                                                "Plan Width": 4,
                                                                                "Actual Startup Time": 0.004,
                                                                                "Actual Total Time": 0.004,
                                                                                "Actual Rows": 0,
                                                                                "Actual Loops": 409251,
                                                                                "Output": [
                                                                                    "cn.id",
                                                                                    "cn.name",
                                                                                    "cn.country_code",
                                                                                    "cn.imdb_id",
                                                                                    "cn.name_pcode_nf",
                                                                                    "cn.name_pcode_sf",
                                                                                    "cn.md5sum"
                                                                                ],
                                                                                "Recheck Cond": "(cn.id = mc.company_id)",
                                                                                "Rows Removed by Index Recheck": 0,
                                                                                "Filter": "((cn.country_code)::text = '[us]'::text)",
                                                                                "Rows Removed by Filter": 1,
                                                                                "Exact Heap Blocks": 113240,
                                                                                "Lossy Heap Blocks": 0,
                                                                                "Workers": [
                                                                                    {
                                                                                        "Worker Number": 0,
                                                                                        "Actual Startup Time": 0.004,
                                                                                        "Actual Total Time": 0.004,
                                                                                        "Actual Rows": 0,
                                                                                        "Actual Loops": 97763
                                                                                    },
                                                                                    {
                                                                                        "Worker Number": 1,
                                                                                        "Actual Startup Time": 0.005,
                                                                                        "Actual Total Time": 0.005,
                                                                                        "Actual Rows": 0,
                                                                                        "Actual Loops": 82521
                                                                                    },
                                                                                    {
                                                                                        "Worker Number": 2,
                                                                                        "Actual Startup Time": 0.004,
                                                                                        "Actual Total Time": 0.004,
                                                                                        "Actual Rows": 0,
                                                                                        "Actual Loops": 115727
                                                                                    }
                                                                                ],
                                                                                "Plans": [
                                                                                    {
                                                                                        "Node Type": "Bitmap Index Scan",
                                                                                        "Parent Relationship": "Outer",
                                                                                        "Parallel Aware": false,
                                                                                        "Index Name": "company_name_pkey",
                                                                                        "Startup Cost": 0.0,
                                                                                        "Total Cost": 0.43,
                                                                                        "Plan Rows": 1,
                                                                                        "Plan Width": 0,
                                                                                        "Actual Startup Time": 0.002,
                                                                                        "Actual Total Time": 0.002,
                                                                                        "Actual Rows": 1,
                                                                                        "Actual Loops": 409251,
                                                                                        "Index Cond": "(cn.id = mc.company_id)",
                                                                                        "Workers": [
                                                                                            {
                                                                                                "Worker Number": 0,
                                                                                                "Actual Startup Time": 0.003,
                                                                                                "Actual Total Time": 0.003,
                                                                                                "Actual Rows": 1,
                                                                                                "Actual Loops": 97763
                                                                                            },
                                                                                            {
                                                                                                "Worker Number": 1,
                                                                                                "Actual Startup Time": 0.003,
                                                                                                "Actual Total Time": 0.003,
                                                                                                "Actual Rows": 1,
                                                                                                "Actual Loops": 82521
                                                                                            },
                                                                                            {
                                                                                                "Worker Number": 2,
                                                                                                "Actual Startup Time": 0.002,
                                                                                                "Actual Total Time": 0.002,
                                                                                                "Actual Rows": 1,
                                                                                                "Actual Loops": 115727
                                                                                            }
                                                                                        ]
                                                                                    }
                                                                                ]
                                                                            }
                                                                        ]
                                                                    },
                                                                    {
                                                                        "Node Type": "Hash",
                                                                        "Parent Relationship": "Inner",
                                                                        "Parallel Aware": true,
                                                                        "Startup Cost": 883073.06,
                                                                        "Total Cost": 883073.06,
                                                                        "Plan Rows": 452672,
                                                                        "Plan Width": 12,
                                                                        "Actual Startup Time": 2599.853,
                                                                        "Actual Total Time": 2599.854,
                                                                        "Actual Rows": 624364,
                                                                        "Actual Loops": 4,
                                                                        "Output": [
                                                                            "ci.movie_id",
                                                                            "ci.person_role_id",
                                                                            "ci.role_id"
                                                                        ],
                                                                        "Hash Buckets": 4194304,
                                                                        "Original Hash Buckets": 4194304,
                                                                        "Hash Batches": 1,
                                                                        "Original Hash Batches": 1,
                                                                        "Peak Memory Usage": 136800,
                                                                        "Workers": [
                                                                            {
                                                                                "Worker Number": 0,
                                                                                "Actual Startup Time": 2603.68,
                                                                                "Actual Total Time": 2603.681,
                                                                                "Actual Rows": 540975,
                                                                                "Actual Loops": 1
                                                                            },
                                                                            {
                                                                                "Worker Number": 1,
                                                                                "Actual Startup Time": 2602.449,
                                                                                "Actual Total Time": 2602.45,
                                                                                "Actual Rows": 503392,
                                                                                "Actual Loops": 1
                                                                            },
                                                                            {
                                                                                "Worker Number": 2,
                                                                                "Actual Startup Time": 2601.418,
                                                                                "Actual Total Time": 2601.418,
                                                                                "Actual Rows": 597306,
                                                                                "Actual Loops": 1
                                                                            }
                                                                        ],
                                                                        "Plans": [
                                                                            {
                                                                                "Node Type": "Index Scan",
                                                                                "Parent Relationship": "Outer",
                                                                                "Parallel Aware": true,
                                                                                "Scan Direction": "Forward",
                                                                                "Index Name": "role_id_cast_info",
                                                                                "Relation Name": "cast_info",
                                                                                "Schema": "public",
                                                                                "Alias": "ci",
                                                                                "Startup Cost": 0.56,
                                                                                "Total Cost": 883073.06,
                                                                                "Plan Rows": 452672,
                                                                                "Plan Width": 12,
                                                                                "Actual Startup Time": 0.189,
                                                                                "Actual Total Time": 2237.735,
                                                                                "Actual Rows": 624364,
                                                                                "Actual Loops": 4,
                                                                                "Output": [
                                                                                    "ci.movie_id",
                                                                                    "ci.person_role_id",
                                                                                    "ci.role_id"
                                                                                ],
                                                                                "Filter": "(ci.note ~~ '%(as%'::text)",
                                                                                "Rows Removed by Filter": 8436722,
                                                                                "Workers": [
                                                                                    {
                                                                                        "Worker Number": 0,
                                                                                        "Actual Startup Time": 0.142,
                                                                                        "Actual Total Time": 2245.003,
                                                                                        "Actual Rows": 540975,
                                                                                        "Actual Loops": 1
                                                                                    },
                                                                                    {
                                                                                        "Worker Number": 1,
                                                                                        "Actual Startup Time": 0.242,
                                                                                        "Actual Total Time": 2247.375,
                                                                                        "Actual Rows": 503392,
                                                                                        "Actual Loops": 1
                                                                                    },
                                                                                    {
                                                                                        "Worker Number": 2,
                                                                                        "Actual Startup Time": 0.315,
                                                                                        "Actual Total Time": 2242.391,
                                                                                        "Actual Rows": 597306,
                                                                                        "Actual Loops": 1
                                                                                    }
                                                                                ]
                                                                            }
                                                                        ]
                                                                    }
                                                                ]
                                                            },
                                                            {
                                                                "Node Type": "Hash",
                                                                "Parent Relationship": "Inner",
                                                                "Parallel Aware": false,
                                                                "Startup Cost": 12.19,
                                                                "Total Cost": 12.19,
                                                                "Plan Rows": 4,
                                                                "Plan Width": 4,
                                                                "Actual Startup Time": 0.146,
                                                                "Actual Total Time": 0.147,
                                                                "Actual Rows": 4,
                                                                "Actual Loops": 4,
                                                                "Output": [
                                                                    "ct.id"
                                                                ],
                                                                "Hash Buckets": 1024,
                                                                "Original Hash Buckets": 1024,
                                                                "Hash Batches": 1,
                                                                "Original Hash Batches": 1,
                                                                "Peak Memory Usage": 9,
                                                                "Workers": [
                                                                    {
                                                                        "Worker Number": 0,
                                                                        "Actual Startup Time": 0.153,
                                                                        "Actual Total Time": 0.154,
                                                                        "Actual Rows": 4,
                                                                        "Actual Loops": 1
                                                                    },
                                                                    {
                                                                        "Worker Number": 1,
                                                                        "Actual Startup Time": 0.173,
                                                                        "Actual Total Time": 0.174,
                                                                        "Actual Rows": 4,
                                                                        "Actual Loops": 1
                                                                    },
                                                                    {
                                                                        "Worker Number": 2,
                                                                        "Actual Startup Time": 0.227,
                                                                        "Actual Total Time": 0.228,
                                                                        "Actual Rows": 4,
                                                                        "Actual Loops": 1
                                                                    }
                                                                ],
                                                                "Plans": [
                                                                    {
                                                                        "Node Type": "Index Scan",
                                                                        "Parent Relationship": "Outer",
                                                                        "Parallel Aware": false,
                                                                        "Scan Direction": "Forward",
                                                                        "Index Name": "company_type_pkey",
                                                                        "Relation Name": "company_type",
                                                                        "Schema": "public",
                                                                        "Alias": "ct",
                                                                        "Startup Cost": 0.13,
                                                                        "Total Cost": 12.19,
                                                                        "Plan Rows": 4,
                                                                        "Plan Width": 4,
                                                                        "Actual Startup Time": 0.118,
                                                                        "Actual Total Time": 0.123,
                                                                        "Actual Rows": 4,
                                                                        "Actual Loops": 4,
                                                                        "Output": [
                                                                            "ct.id"
                                                                        ],
                                                                        "Workers": [
                                                                            {
                                                                                "Worker Number": 0,
                                                                                "Actual Startup Time": 0.132,
                                                                                "Actual Total Time": 0.136,
                                                                                "Actual Rows": 4,
                                                                                "Actual Loops": 1
                                                                            },
                                                                            {
                                                                                "Worker Number": 1,
                                                                                "Actual Startup Time": 0.141,
                                                                                "Actual Total Time": 0.147,
                                                                                "Actual Rows": 4,
                                                                                "Actual Loops": 1
                                                                            },
                                                                            {
                                                                                "Worker Number": 2,
                                                                                "Actual Startup Time": 0.179,
                                                                                "Actual Total Time": 0.185,
                                                                                "Actual Rows": 4,
                                                                                "Actual Loops": 1
                                                                            }
                                                                        ]
                                                                    }
                                                                ]
                                                            }
                                                        ]
                                                    }
                                                ]
                                            }
                                        ]
                                    }
                                ]
                            }
                        ]
                    }
                ]
            }
        ]
    },
    "Planning Time": 4.679,
    "Triggers": [],
    "Execution Time": 8822.693
}