[
  {
    "Plan": {
      "Node Type": "Aggregate",
      "Strategy": "Plain",
      "Partial Mode": "Finalize",
      "Parallel Aware": false,
      "Startup Cost": 44466.57,
      "Total Cost": 44466.58,
      "Plan Rows": 1,
      "Plan Width": 8,
      "Actual Startup Time": 103.99,
      "Actual Total Time": 110.487,
      "Actual Rows": 1,
      "Actual Loops": 1,
      "Plans": [
        {
          "Node Type": "Gather",
          "Parent Relationship": "Outer",
          "Parallel Aware": false,
          "Startup Cost": 44466.25,
          "Total Cost": 44466.56,
          "Plan Rows": 3,
          "Plan Width": 8,
          "Actual Startup Time": 103.859,
          "Actual Total Time": 110.479,
          "Actual Rows": 4,
          "Actual Loops": 1,
          "Workers Planned": 3,
          "Workers Launched": 3,
          "Single Copy": false,
          "Plans": [
            {
              "Node Type": "Aggregate",
              "Strategy": "Plain",
              "Partial Mode": "Partial",
              "Parent Relationship": "Outer",
              "Parallel Aware": false,
              "Startup Cost": 43466.25,
              "Total Cost": 43466.26,
              "Plan Rows": 1,
              "Plan Width": 8,
              "Actual Startup Time": 98.959,
              "Actual Total Time": 98.96,
              "Actual Rows": 1,
              "Actual Loops": 4,
              "Plans": [
                {
                  "Node Type": "Seq Scan",
                  "Parent Relationship": "Outer",
                  "Parallel Aware": true,
                  "Relation Name": "movie_keyword",
                  "Alias": "mk",
                  "Startup Cost": 0.0,
                  "Total Cost": 42695.65,
                  "Plan Rows": 308240,
                  "Plan Width": 0,
                  "Actual Startup Time": 1.368,
                  "Actual Total Time": 88.13,
                  "Actual Rows": 238472,
                  "Actual Loops": 4,
                  "Filter": "(keyword_id > 19889)",
                  "Rows Removed by Filter": 892511
                }
              ]
            }
          ]
        }
      ]
    },
    "Planning Time": 0.054,
    "Triggers": [],
    "Execution Time": 110.51
  }
]