[
  {
    "Plan": {
      "Node Type": "Aggregate",
      "Strategy": "Plain",
      "Partial Mode": "Finalize",
      "Parallel Aware": false,
      "Startup Cost": 31959.09,
      "Total Cost": 31959.1,
      "Plan Rows": 1,
      "Plan Width": 8,
      "Actual Startup Time": 114.76,
      "Actual Total Time": 122.427,
      "Actual Rows": 1,
      "Actual Loops": 1,
      "Plans": [
        {
          "Node Type": "Gather",
          "Parent Relationship": "Outer",
          "Parallel Aware": false,
          "Startup Cost": 31958.77,
          "Total Cost": 31959.08,
          "Plan Rows": 3,
          "Plan Width": 8,
          "Actual Startup Time": 114.63,
          "Actual Total Time": 122.417,
          "Actual Rows": 4,
          "Actual Loops": 1,
          "Workers Planned": 3,
          "Workers Launched": 3,
          "Single Copy": false,
          "Plans": [
            {
              "Node Type": "Aggregate",
              "Strategy": "Plain",
              "Partial Mode": "Partial",
              "Parent Relationship": "Outer",
              "Parallel Aware": false,
              "Startup Cost": 30958.77,
              "Total Cost": 30958.78,
              "Plan Rows": 1,
              "Plan Width": 8,
              "Actual Startup Time": 109.164,
              "Actual Total Time": 109.165,
              "Actual Rows": 1,
              "Actual Loops": 4,
              "Plans": [
                {
                  "Node Type": "Seq Scan",
                  "Parent Relationship": "Outer",
                  "Parallel Aware": true,
                  "Relation Name": "movie_companies",
                  "Alias": "mc",
                  "Startup Cost": 0.0,
                  "Total Cost": 29310.68,
                  "Plan Rows": 659235,
                  "Plan Width": 0,
                  "Actual Startup Time": 0.019,
                  "Actual Total Time": 83.528,
                  "Actual Rows": 512162,
                  "Actual Loops": 4,
                  "Filter": "(company_id < 71613)",
                  "Rows Removed by Filter": 140120
                }
              ]
            }
          ]
        }
      ]
    },
    "Planning Time": 0.103,
    "Triggers": [],
    "Execution Time": 122.47
  }
]