[
  {
    "Plan": {
      "Node Type": "Aggregate",
      "Strategy": "Plain",
      "Partial Mode": "Finalize",
      "Parallel Aware": false,
      "Startup Cost": 31973.77,
      "Total Cost": 31973.78,
      "Plan Rows": 1,
      "Plan Width": 8,
      "Actual Startup Time": 102.54,
      "Actual Total Time": 108.715,
      "Actual Rows": 1,
      "Actual Loops": 1,
      "Plans": [
        {
          "Node Type": "Gather",
          "Parent Relationship": "Outer",
          "Parallel Aware": false,
          "Startup Cost": 31973.46,
          "Total Cost": 31973.77,
          "Plan Rows": 3,
          "Plan Width": 8,
          "Actual Startup Time": 102.409,
          "Actual Total Time": 108.707,
          "Actual Rows": 4,
          "Actual Loops": 1,
          "Workers Planned": 3,
          "Workers Launched": 3,
          "Single Copy": false,
          "Plans": [
            {
              "Node Type": "Aggregate",
              "Strategy": "Plain",
              "Partial Mode": "Partial",
              "Parent Relationship": "Outer",
              "Parallel Aware": false,
              "Startup Cost": 30973.46,
              "Total Cost": 30973.47,
              "Plan Rows": 1,
              "Plan Width": 8,
              "Actual Startup Time": 97.529,
              "Actual Total Time": 97.53,
              "Actual Rows": 1,
              "Actual Loops": 4,
              "Plans": [
                {
                  "Node Type": "Seq Scan",
                  "Parent Relationship": "Outer",
                  "Parallel Aware": true,
                  "Relation Name": "movie_companies",
                  "Alias": "mc",
                  "Startup Cost": 0.0,
                  "Total Cost": 29310.68,
                  "Plan Rows": 665110,
                  "Plan Width": 0,
                  "Actual Startup Time": 0.032,
                  "Actual Total Time": 74.587,
                  "Actual Rows": 512162,
                  "Actual Loops": 4,
                  "Filter": "(company_id < 71613)",
                  "Rows Removed by Filter": 140120
                }
              ]
            }
          ]
        }
      ]
    },
    "Planning Time": 0.101,
    "Triggers": [],
    "Execution Time": 108.763
  }
]