{
  "Plan": {
    "Node Type": "Aggregate",
    "Strategy": "Plain",
    "Partial Mode": "Finalize",
    "Parallel Aware": false,
    "Startup Cost": 113654.17,
    "Total Cost": 113654.18,
    "Plan Rows": 1,
    "Plan Width": 8,
    "Actual Startup Time": 289.429,
    "Actual Total Time": 305.093,
    "Actual Rows": 1,
    "Actual Loops": 1,
    "Plans": [
      {
        "Node Type": "Gather",
        "Parent Relationship": "Outer",
        "Parallel Aware": false,
        "Startup Cost": 113654.06,
        "Total Cost": 113654.17,
        "Plan Rows": 1,
        "Plan Width": 8,
        "Actual Startup Time": 289.132,
        "Actual Total Time": 305.084,
        "Actual Rows": 2,
        "Actual Loops": 1,
        "Workers Planned": 1,
        "Workers Launched": 1,
        "Single Copy": false,
        "Plans": [
          {
            "Node Type": "Aggregate",
            "Strategy": "Plain",
            "Partial Mode": "Partial",
            "Parent Relationship": "Outer",
            "Parallel Aware": false,
            "Startup Cost": 112654.06,
            "Total Cost": 112654.07,
            "Plan Rows": 1,
            "Plan Width": 8,
            "Actual Startup Time": 282.815,
            "Actual Total Time": 282.821,
            "Actual Rows": 1,
            "Actual Loops": 2,
            "Plans": [
              {
                "Node Type": "Nested Loop",
                "Parent Relationship": "Outer",
                "Parallel Aware": false,
                "Join Type": "Inner",
                "Startup Cost": 20917.48,
                "Total Cost": 112611.41,
                "Plan Rows": 17061,
                "Plan Width": 0,
                "Actual Startup Time": 29.652,
                "Actual Total Time": 282.421,
                "Actual Rows": 5704,
                "Actual Loops": 2,
                "Inner Unique": false,
                "Plans": [
                  {
                    "Node Type": "Hash Join",
                    "Parent Relationship": "Outer",
                    "Parallel Aware": true,
                    "Join Type": "Inner",
                    "Startup Cost": 20917.05,
                    "Total Cost": 81192.1,
                    "Plan Rows": 18624,
                    "Plan Width": 8,
                    "Actual Startup Time": 29.012,
                    "Actual Total Time": 243.538,
                    "Actual Rows": 3289,
                    "Actual Loops": 2,
                    "Inner Unique": false,
                    "Hash Cond": "(t.id = mc.movie_id)",
                    "Plans": [
                      {
                        "Node Type": "Seq Scan",
                        "Parent Relationship": "Outer",
                        "Parallel Aware": true,
                        "Relation Name": "title",
                        "Alias": "t",
                        "Startup Cost": 0.0,
                        "Total Cost": 50870.31,
                        "Plan Rows": 1487231,
                        "Plan Width": 4,
                        "Actual Startup Time": 0.013,
                        "Actual Total Time": 120.661,
                        "Actual Rows": 1264156,
                        "Actual Loops": 2
                      },
                      {
                        "Node Type": "Hash",
                        "Parent Relationship": "Inner",
                        "Parallel Aware": true,
                        "Startup Cost": 20684.25,
                        "Total Cost": 20684.25,
                        "Plan Rows": 18624,
                        "Plan Width": 4,
                        "Actual Startup Time": 26.994,
                        "Actual Total Time": 26.996,
                        "Actual Rows": 3289,
                        "Actual Loops": 2,
                        "Hash Buckets": 32768,
                        "Original Hash Buckets": 32768,
                        "Hash Batches": 1,
                        "Original Hash Batches": 1,
                        "Peak Memory Usage": 544,
                        "Plans": [
                          {
                            "Node Type": "Bitmap Heap Scan",
                            "Parent Relationship": "Outer",
                            "Parallel Aware": true,
                            "Relation Name": "movie_companies",
                            "Alias": "mc",
                            "Startup Cost": 1344.03,
                            "Total Cost": 20684.25,
                            "Plan Rows": 18624,
                            "Plan Width": 4,
                            "Actual Startup Time": 23.757,
                            "Actual Total Time": 25.917,
                            "Actual Rows": 3289,
                            "Actual Loops": 2,
                            "Recheck Cond": "(company_id = 6)",
                            "Rows Removed by Index Recheck": 0,
                            "Filter": "(company_type_id > 1)",
                            "Rows Removed by Filter": 27748,
                            "Exact Heap Blocks": 4469,
                            "Lossy Heap Blocks": 0,
                            "Plans": [
                              {
                                "Node Type": "Bitmap Index Scan",
                                "Parent Relationship": "Outer",
                                "Parallel Aware": false,
                                "Index Name": "company_id_movie_companies",
                                "Startup Cost": 0.0,
                                "Total Cost": 1336.12,
                                "Plan Rows": 62358,
                                "Plan Width": 0,
                                "Actual Startup Time": 9.515,
                                "Actual Total Time": 9.515,
                                "Actual Rows": 62075,
                                "Actual Loops": 1,
                                "Index Cond": "(company_id = 6)"
                              }
                            ]
                          }
                        ]
                      }
                    ]
                  },
                  {
                    "Node Type": "Index Scan",
                    "Parent Relationship": "Inner",
                    "Parallel Aware": false,
                    "Scan Direction": "Forward",
                    "Index Name": "movie_id_movie_info",
                    "Relation Name": "movie_info",
                    "Alias": "mi",
                    "Startup Cost": 0.43,
                    "Total Cost": 1.62,
                    "Plan Rows": 7,
                    "Plan Width": 4,
                    "Actual Startup Time": 0.006,
                    "Actual Total Time": 0.011,
                    "Actual Rows": 2,
                    "Actual Loops": 6578,
                    "Index Cond": "(movie_id = t.id)",
                    "Rows Removed by Index Recheck": 0,
                    "Filter": "(info_type_id > 16)",
                    "Rows Removed by Filter": 9
                  }
                ]
              }
            ]
          }
        ]
      }
    ]
  },
  "Planning Time": 0.958,
  "Triggers": [],
  "Execution Time": 305.202
}