[
  {
    "Plan": {
      "Node Type": "Aggregate",
      "Strategy": "Plain",
      "Partial Mode": "Finalize",
      "Parallel Aware": false,
      "Startup Cost": 46939.43,
      "Total Cost": 46939.44,
      "Plan Rows": 1,
      "Plan Width": 8,
      "Actual Startup Time": 100.759,
      "Actual Total Time": 110.267,
      "Actual Rows": 1,
      "Actual Loops": 1,
      "Plans": [
        {
          "Node Type": "Gather",
          "Parent Relationship": "Outer",
          "Parallel Aware": false,
          "Startup Cost": 46939.01,
          "Total Cost": 46939.42,
          "Plan Rows": 4,
          "Plan Width": 8,
          "Actual Startup Time": 100.605,
          "Actual Total Time": 110.257,
          "Actual Rows": 5,
          "Actual Loops": 1,
          "Workers Planned": 4,
          "Workers Launched": 4,
          "Single Copy": false,
          "Plans": [
            {
              "Node Type": "Aggregate",
              "Strategy": "Plain",
              "Partial Mode": "Partial",
              "Parent Relationship": "Outer",
              "Parallel Aware": false,
              "Startup Cost": 45939.01,
              "Total Cost": 45939.02,
              "Plan Rows": 1,
              "Plan Width": 8,
              "Actual Startup Time": 92.132,
              "Actual Total Time": 92.133,
              "Actual Rows": 1,
              "Actual Loops": 5,
              "Plans": [
                {
                  "Node Type": "Seq Scan",
                  "Parent Relationship": "Outer",
                  "Parallel Aware": true,
                  "Relation Name": "title",
                  "Alias": "t",
                  "Startup Cost": 0.0,
                  "Total Cost": 45479.1,
                  "Plan Rows": 183965,
                  "Plan Width": 0,
                  "Actual Startup Time": 0.037,
                  "Actual Total Time": 85.719,
                  "Actual Rows": 126010,
                  "Actual Loops": 5,
                  "Filter": "((kind_id < 4) AND (production_year > 1964))",
                  "Rows Removed by Filter": 379652
                }
              ]
            }
          ]
        }
      ]
    },
    "Planning Time": 0.192,
    "Triggers": [],
    "Execution Time": 110.338
  }
]