[
    {
        "Bao": {
            "Bao prediction": "NaN",
            "Bao recommended hint": "(no hint)"
        }
    },
    {
        "Plan": {
            "Node Type": "Aggregate",
            "Strategy": "Plain",
            "Partial Mode": "Finalize",
            "Parallel Aware": false,
            "Startup Cost": 23369.64,
            "Total Cost": 23369.65,
            "Plan Rows": 1,
            "Plan Width": 8,
            "Actual Startup Time": 33.288,
            "Actual Total Time": 36.532,
            "Actual Rows": 1,
            "Actual Loops": 1,
            "Output": [
                "count(*)"
            ],
            "Plans": [
                {
                    "Node Type": "Gather",
                    "Parent Relationship": "Outer",
                    "Parallel Aware": false,
                    "Startup Cost": 23369.32,
                    "Total Cost": 23369.63,
                    "Plan Rows": 3,
                    "Plan Width": 8,
                    "Actual Startup Time": 33.11,
                    "Actual Total Time": 36.525,
                    "Actual Rows": 4,
                    "Actual Loops": 1,
                    "Output": [
                        "(PARTIAL count(*))"
                    ],
                    "Workers Planned": 3,
                    "Workers Launched": 3,
                    "Single Copy": false,
                    "Plans": [
                        {
                            "Node Type": "Aggregate",
                            "Strategy": "Plain",
                            "Partial Mode": "Partial",
                            "Parent Relationship": "Outer",
                            "Parallel Aware": false,
                            "Startup Cost": 22369.32,
                            "Total Cost": 22369.33,
                            "Plan Rows": 1,
                            "Plan Width": 8,
                            "Actual Startup Time": 24.394,
                            "Actual Total Time": 24.395,
                            "Actual Rows": 1,
                            "Actual Loops": 4,
                            "Output": [
                                "PARTIAL count(*)"
                            ],
                            "Workers": [
                                {
                                    "Worker Number": 0,
                                    "Actual Startup Time": 21.558,
                                    "Actual Total Time": 21.559,
                                    "Actual Rows": 1,
                                    "Actual Loops": 1
                                },
                                {
                                    "Worker Number": 1,
                                    "Actual Startup Time": 21.437,
                                    "Actual Total Time": 21.438,
                                    "Actual Rows": 1,
                                    "Actual Loops": 1
                                },
                                {
                                    "Worker Number": 2,
                                    "Actual Startup Time": 21.946,
                                    "Actual Total Time": 21.947,
                                    "Actual Rows": 1,
                                    "Actual Loops": 1
                                }
                            ],
                            "Plans": [
                                {
                                    "Node Type": "Bitmap Heap Scan",
                                    "Parent Relationship": "Outer",
                                    "Parallel Aware": true,
                                    "Relation Name": "movie_companies",
                                    "Schema": "public",
                                    "Alias": "mc",
                                    "Startup Cost": 2878.56,
                                    "Total Cost": 22314.44,
                                    "Plan Rows": 21953,
                                    "Plan Width": 0,
                                    "Actual Startup Time": 1.92,
                                    "Actual Total Time": 22.08,
                                    "Actual Rows": 33979,
                                    "Actual Loops": 4,
                                    "Recheck Cond": "(mc.company_id > 138320)",
                                    "Rows Removed by Index Recheck": 0,
                                    "Filter": "(mc.company_type_id = 2)",
                                    "Rows Removed by Filter": 0,
                                    "Exact Heap Blocks": 2635,
                                    "Lossy Heap Blocks": 0,
                                    "Workers": [
                                        {
                                            "Worker Number": 0,
                                            "Actual Startup Time": 0.152,
                                            "Actual Total Time": 19.808,
                                            "Actual Rows": 12347,
                                            "Actual Loops": 1
                                        },
                                        {
                                            "Worker Number": 1,
                                            "Actual Startup Time": 0.156,
                                            "Actual Total Time": 19.611,
                                            "Actual Rows": 14368,
                                            "Actual Loops": 1
                                        },
                                        {
                                            "Worker Number": 2,
                                            "Actual Startup Time": 0.125,
                                            "Actual Total Time": 20.108,
                                            "Actual Rows": 13288,
                                            "Actual Loops": 1
                                        }
                                    ],
                                    "Plans": [
                                        {
                                            "Node Type": "Bitmap Index Scan",
                                            "Parent Relationship": "Outer",
                                            "Parallel Aware": false,
                                            "Index Name": "company_id_movie_companies",
                                            "Startup Cost": 0.0,
                                            "Total Cost": 2861.54,
                                            "Plan Rows": 133482,
                                            "Plan Width": 0,
                                            "Actual Startup Time": 6.592,
                                            "Actual Total Time": 6.592,
                                            "Actual Rows": 135915,
                                            "Actual Loops": 1,
                                            "Index Cond": "(mc.company_id > 138320)"
                                        }
                                    ]
                                }
                            ]
                        }
                    ]
                }
            ]
        },
        "Planning Time": 187.151,
        "Triggers": [],
        "Execution Time": 36.625
    }
]