[
  {
    "Plan": {
      "Node Type": "Aggregate",
      "Strategy": "Plain",
      "Partial Mode": "Finalize",
      "Parallel Aware": false,
      "Startup Cost": 44405.11,
      "Total Cost": 44405.12,
      "Plan Rows": 1,
      "Plan Width": 8,
      "Actual Startup Time": 137.174,
      "Actual Total Time": 145.026,
      "Actual Rows": 1,
      "Actual Loops": 1,
      "Plans": [
        {
          "Node Type": "Gather",
          "Parent Relationship": "Outer",
          "Parallel Aware": false,
          "Startup Cost": 44404.8,
          "Total Cost": 44405.11,
          "Plan Rows": 3,
          "Plan Width": 8,
          "Actual Startup Time": 137.062,
          "Actual Total Time": 145.017,
          "Actual Rows": 4,
          "Actual Loops": 1,
          "Workers Planned": 3,
          "Workers Launched": 3,
          "Single Copy": false,
          "Plans": [
            {
              "Node Type": "Aggregate",
              "Strategy": "Plain",
              "Partial Mode": "Partial",
              "Parent Relationship": "Outer",
              "Parallel Aware": false,
              "Startup Cost": 43404.8,
              "Total Cost": 43404.81,
              "Plan Rows": 1,
              "Plan Width": 8,
              "Actual Startup Time": 128.701,
              "Actual Total Time": 128.702,
              "Actual Rows": 1,
              "Actual Loops": 4,
              "Plans": [
                {
                  "Node Type": "Seq Scan",
                  "Parent Relationship": "Outer",
                  "Parallel Aware": true,
                  "Relation Name": "movie_keyword",
                  "Alias": "mk",
                  "Startup Cost": 0.0,
                  "Total Cost": 42695.65,
                  "Plan Rows": 283657,
                  "Plan Width": 0,
                  "Actual Startup Time": 4.873,
                  "Actual Total Time": 115.534,
                  "Actual Rows": 219182,
                  "Actual Loops": 4,
                  "Filter": "(keyword_id > 21041)",
                  "Rows Removed by Filter": 911801
                }
              ]
            }
          ]
        }
      ]
    },
    "Planning Time": 0.156,
    "Triggers": [],
    "Execution Time": 145.079
  }
]