[
  {
    "Plan": {
      "Node Type": "Aggregate",
      "Strategy": "Plain",
      "Partial Mode": "Finalize",
      "Parallel Aware": false,
      "Startup Cost": 513649.36,
      "Total Cost": 513649.37,
      "Plan Rows": 1,
      "Plan Width": 8,
      "Actual Startup Time": 5680.534,
      "Actual Total Time": 5762.476,
      "Actual Rows": 1,
      "Actual Loops": 1,
      "Plans": [
        {
          "Node Type": "Gather",
          "Parent Relationship": "Outer",
          "Parallel Aware": false,
          "Startup Cost": 513648.73,
          "Total Cost": 513649.34,
          "Plan Rows": 6,
          "Plan Width": 8,
          "Actual Startup Time": 5626.244,
          "Actual Total Time": 5762.461,
          "Actual Rows": 7,
          "Actual Loops": 1,
          "Workers Planned": 6,
          "Workers Launched": 6,
          "Single Copy": false,
          "Plans": [
            {
              "Node Type": "Aggregate",
              "Strategy": "Plain",
              "Partial Mode": "Partial",
              "Parent Relationship": "Outer",
              "Parallel Aware": false,
              "Startup Cost": 512648.73,
              "Total Cost": 512648.74,
              "Plan Rows": 1,
              "Plan Width": 8,
              "Actual Startup Time": 5605.387,
              "Actual Total Time": 5606.763,
              "Actual Rows": 1,
              "Actual Loops": 7,
              "Plans": [
                {
                  "Node Type": "Hash Join",
                  "Parent Relationship": "Outer",
                  "Parallel Aware": true,
                  "Join Type": "Inner",
                  "Startup Cost": 112571.06,
                  "Total Cost": 490395.53,
                  "Plan Rows": 8901282,
                  "Plan Width": 0,
                  "Actual Startup Time": 616.439,
                  "Actual Total Time": 4540.193,
                  "Actual Rows": 25865990,
                  "Actual Loops": 7,
                  "Inner Unique": false,
                  "Hash Cond": "(ci.movie_id = t.id)",
                  "Plans": [
                    {
                      "Node Type": "Seq Scan",
                      "Parent Relationship": "Outer",
                      "Parallel Aware": true,
                      "Relation Name": "cast_info",
                      "Alias": "ci",
                      "Startup Cost": 0.0,
                      "Total Cost": 328162.03,
                      "Plan Rows": 5586298,
                      "Plan Width": 4,
                      "Actual Startup Time": 28.722,
                      "Actual Total Time": 613.477,
                      "Actual Rows": 4780847,
                      "Actual Loops": 7,
                      "Filter": "(person_id > 266989)",
                      "Rows Removed by Filter": 396917
                    },
                    {
                      "Node Type": "Hash",
                      "Parent Relationship": "Inner",
                      "Parallel Aware": true,
                      "Startup Cost": 96326.64,
                      "Total Cost": 96326.64,
                      "Plan Rows": 1299554,
                      "Plan Width": 8,
                      "Actual Startup Time": 580.749,
                      "Actual Total Time": 582.123,
                      "Actual Rows": 573969,
                      "Actual Loops": 7,
                      "Hash Buckets": 4194304,
                      "Original Hash Buckets": 4194304,
                      "Hash Batches": 1,
                      "Original Hash Batches": 1,
                      "Peak Memory Usage": 190080,
                      "Plans": [
                        {
                          "Node Type": "Hash Join",
                          "Parent Relationship": "Outer",
                          "Parallel Aware": true,
                          "Join Type": "Inner",
                          "Startup Cost": 50219.64,
                          "Total Cost": 96326.64,
                          "Plan Rows": 1299554,
                          "Plan Width": 8,
                          "Actual Startup Time": 231.114,
                          "Actual Total Time": 418.049,
                          "Actual Rows": 573969,
                          "Actual Loops": 7,
                          "Inner Unique": true,
                          "Hash Cond": "(mk.movie_id = t.id)",
                          "Plans": [
                            {
                              "Node Type": "Seq Scan",
                              "Parent Relationship": "Outer",
                              "Parallel Aware": true,
                              "Relation Name": "movie_keyword",
                              "Alias": "mk",
                              "Startup Cost": 0.0,
                              "Total Cost": 42695.65,
                              "Plan Rows": 1299554,
                              "Plan Width": 4,
                              "Actual Startup Time": 0.041,
                              "Actual Total Time": 77.521,
                              "Actual Rows": 573969,
                              "Actual Loops": 7,
                              "Filter": "(keyword_id > 365)",
                              "Rows Removed by Filter": 72306
                            },
                            {
                              "Node Type": "Hash",
                              "Parent Relationship": "Inner",
                              "Parallel Aware": true,
                              "Startup Cost": 42318.73,
                              "Total Cost": 42318.73,
                              "Plan Rows": 632073,
                              "Plan Width": 4,
                              "Actual Startup Time": 227.597,
                              "Actual Total Time": 227.598,
                              "Actual Rows": 361187,
                              "Actual Loops": 7,
                              "Hash Buckets": 4194304,
                              "Original Hash Buckets": 4194304,
                              "Hash Batches": 1,
                              "Original Hash Batches": 1,
                              "Peak Memory Usage": 131776,
                              "Plans": [
                                {
                                  "Node Type": "Seq Scan",
                                  "Parent Relationship": "Outer",
                                  "Parallel Aware": true,
                                  "Relation Name": "title",
                                  "Alias": "t",
                                  "Startup Cost": 0.0,
                                  "Total Cost": 42318.73,
                                  "Plan Rows": 632073,
                                  "Plan Width": 4,
                                  "Actual Startup Time": 0.041,
                                  "Actual Total Time": 65.931,
                                  "Actual Rows": 361187,
                                  "Actual Loops": 7
                                }
                              ]
                            }
                          ]
                        }
                      ]
                    }
                  ]
                }
              ]
            }
          ]
        }
      ]
    },
    "Planning Time": 1.248,
    "Triggers": [],
    "Execution Time": 5762.569
  }
]