[
    {
        "Bao": {
            "Bao prediction": "NaN",
            "Bao recommended hint": "(no hint)"
        }
    },
    {
        "Plan": {
            "Node Type": "Aggregate",
            "Strategy": "Plain",
            "Partial Mode": "Finalize",
            "Parallel Aware": false,
            "Startup Cost": 214100.42,
            "Total Cost": 214100.43,
            "Plan Rows": 1,
            "Plan Width": 8,
            "Actual Startup Time": 2092.469,
            "Actual Total Time": 2148.089,
            "Actual Rows": 1,
            "Actual Loops": 1,
            "Output": [
                "count(*)"
            ],
            "Plans": [
                {
                    "Node Type": "Gather",
                    "Parent Relationship": "Outer",
                    "Parallel Aware": false,
                    "Startup Cost": 214099.9,
                    "Total Cost": 214100.41,
                    "Plan Rows": 5,
                    "Plan Width": 8,
                    "Actual Startup Time": 2091.867,
                    "Actual Total Time": 2148.073,
                    "Actual Rows": 6,
                    "Actual Loops": 1,
                    "Output": [
                        "(PARTIAL count(*))"
                    ],
                    "Workers Planned": 5,
                    "Workers Launched": 5,
                    "Single Copy": false,
                    "Plans": [
                        {
                            "Node Type": "Aggregate",
                            "Strategy": "Plain",
                            "Partial Mode": "Partial",
                            "Parent Relationship": "Outer",
                            "Parallel Aware": false,
                            "Startup Cost": 213099.9,
                            "Total Cost": 213099.91,
                            "Plan Rows": 1,
                            "Plan Width": 8,
                            "Actual Startup Time": 2078.383,
                            "Actual Total Time": 2078.386,
                            "Actual Rows": 1,
                            "Actual Loops": 6,
                            "Output": [
                                "PARTIAL count(*)"
                            ],
                            "Workers": [
                                {
                                    "Worker Number": 0,
                                    "Actual Startup Time": 2075.065,
                                    "Actual Total Time": 2075.069,
                                    "Actual Rows": 1,
                                    "Actual Loops": 1
                                },
                                {
                                    "Worker Number": 1,
                                    "Actual Startup Time": 2075.469,
                                    "Actual Total Time": 2075.472,
                                    "Actual Rows": 1,
                                    "Actual Loops": 1
                                },
                                {
                                    "Worker Number": 2,
                                    "Actual Startup Time": 2075.842,
                                    "Actual Total Time": 2075.844,
                                    "Actual Rows": 1,
                                    "Actual Loops": 1
                                },
                                {
                                    "Worker Number": 3,
                                    "Actual Startup Time": 2075.975,
                                    "Actual Total Time": 2075.977,
                                    "Actual Rows": 1,
                                    "Actual Loops": 1
                                },
                                {
                                    "Worker Number": 4,
                                    "Actual Startup Time": 2076.483,
                                    "Actual Total Time": 2076.486,
                                    "Actual Rows": 1,
                                    "Actual Loops": 1
                                }
                            ],
                            "Plans": [
                                {
                                    "Node Type": "Nested Loop",
                                    "Parent Relationship": "Outer",
                                    "Parallel Aware": false,
                                    "Join Type": "Inner",
                                    "Startup Cost": 82581.22,
                                    "Total Cost": 212171.59,
                                    "Plan Rows": 371324,
                                    "Plan Width": 0,
                                    "Actual Startup Time": 300.787,
                                    "Actual Total Time": 1996.32,
                                    "Actual Rows": 1511921,
                                    "Actual Loops": 6,
                                    "Inner Unique": false,
                                    "Join Filter": "(t.id = ci.movie_id)",
                                    "Rows Removed by Join Filter": 0,
                                    "Workers": [
                                        {
                                            "Worker Number": 0,
                                            "Actual Startup Time": 351.63,
                                            "Actual Total Time": 1993.72,
                                            "Actual Rows": 1205670,
                                            "Actual Loops": 1
                                        },
                                        {
                                            "Worker Number": 1,
                                            "Actual Startup Time": 271.591,
                                            "Actual Total Time": 1990.595,
                                            "Actual Rows": 1432580,
                                            "Actual Loops": 1
                                        },
                                        {
                                            "Worker Number": 2,
                                            "Actual Startup Time": 271.871,
                                            "Actual Total Time": 1997.467,
                                            "Actual Rows": 1706360,
                                            "Actual Loops": 1
                                        },
                                        {
                                            "Worker Number": 3,
                                            "Actual Startup Time": 352.692,
                                            "Actual Total Time": 1991.88,
                                            "Actual Rows": 1128593,
                                            "Actual Loops": 1
                                        },
                                        {
                                            "Worker Number": 4,
                                            "Actual Startup Time": 272.514,
                                            "Actual Total Time": 1997.342,
                                            "Actual Rows": 1654671,
                                            "Actual Loops": 1
                                        }
                                    ],
                                    "Plans": [
                                        {
                                            "Node Type": "Merge Join",
                                            "Parent Relationship": "Outer",
                                            "Parallel Aware": false,
                                            "Join Type": "Inner",
                                            "Startup Cost": 82580.66,
                                            "Total Cost": 127510.9,
                                            "Plan Rows": 29607,
                                            "Plan Width": 8,
                                            "Actual Startup Time": 300.686,
                                            "Actual Total Time": 466.963,
                                            "Actual Rows": 59584,
                                            "Actual Loops": 6,
                                            "Output": [
                                                "t.id",
                                                "mi_idx.movie_id"
                                            ],
                                            "Inner Unique": true,
                                            "Merge Cond": "(mi_idx.movie_id = t.id)",
                                            "Workers": [
                                                {
                                                    "Worker Number": 0,
                                                    "Actual Startup Time": 351.508,
                                                    "Actual Total Time": 522.529,
                                                    "Actual Rows": 47101,
                                                    "Actual Loops": 1
                                                },
                                                {
                                                    "Worker Number": 1,
                                                    "Actual Startup Time": 271.488,
                                                    "Actual Total Time": 444.778,
                                                    "Actual Rows": 56843,
                                                    "Actual Loops": 1
                                                },
                                                {
                                                    "Worker Number": 2,
                                                    "Actual Startup Time": 271.758,
                                                    "Actual Total Time": 434.21,
                                                    "Actual Rows": 67487,
                                                    "Actual Loops": 1
                                                },
                                                {
                                                    "Worker Number": 3,
                                                    "Actual Startup Time": 352.568,
                                                    "Actual Total Time": 523.524,
                                                    "Actual Rows": 44330,
                                                    "Actual Loops": 1
                                                },
                                                {
                                                    "Worker Number": 4,
                                                    "Actual Startup Time": 272.399,
                                                    "Actual Total Time": 434.387,
                                                    "Actual Rows": 65035,
                                                    "Actual Loops": 1
                                                }
                                            ],
                                            "Plans": [
                                                {
                                                    "Node Type": "Index Only Scan",
                                                    "Parent Relationship": "Outer",
                                                    "Parallel Aware": true,
                                                    "Scan Direction": "Forward",
                                                    "Index Name": "movie_id_movie_info_idx",
                                                    "Relation Name": "movie_info_idx",
                                                    "Schema": "public",
                                                    "Alias": "mi_idx",
                                                    "Startup Cost": 0.43,
                                                    "Total Cost": 42590.53,
                                                    "Plan Rows": 276007,
                                                    "Plan Width": 4,
                                                    "Actual Startup Time": 0.121,
                                                    "Actual Total Time": 64.969,
                                                    "Actual Rows": 230006,
                                                    "Actual Loops": 6,
                                                    "Output": [
                                                        "mi_idx.movie_id"
                                                    ],
                                                    "Heap Fetches": 1380035,
                                                    "Workers": [
                                                        {
                                                            "Worker Number": 0,
                                                            "Actual Startup Time": 0.147,
                                                            "Actual Total Time": 43.912,
                                                            "Actual Rows": 110974,
                                                            "Actual Loops": 1
                                                        },
                                                        {
                                                            "Worker Number": 1,
                                                            "Actual Startup Time": 0.138,
                                                            "Actual Total Time": 68.143,
                                                            "Actual Rows": 211906,
                                                            "Actual Loops": 1
                                                        },
                                                        {
                                                            "Worker Number": 2,
                                                            "Actual Startup Time": 0.141,
                                                            "Actual Total Time": 69.21,
                                                            "Actual Rows": 240408,
                                                            "Actual Loops": 1
                                                        },
                                                        {
                                                            "Worker Number": 3,
                                                            "Actual Startup Time": 0.144,
                                                            "Actual Total Time": 43.434,
                                                            "Actual Rows": 102646,
                                                            "Actual Loops": 1
                                                        },
                                                        {
                                                            "Worker Number": 4,
                                                            "Actual Startup Time": 0.134,
                                                            "Actual Total Time": 66.873,
                                                            "Actual Rows": 228687,
                                                            "Actual Loops": 1
                                                        }
                                                    ]
                                                },
                                                {
                                                    "Node Type": "Sort",
                                                    "Parent Relationship": "Inner",
                                                    "Parallel Aware": false,
                                                    "Startup Cost": 82579.6,
                                                    "Total Cost": 83257.64,
                                                    "Plan Rows": 271215,
                                                    "Plan Width": 4,
                                                    "Actual Startup Time": 275.962,
                                                    "Actual Total Time": 348.639,
                                                    "Actual Rows": 373168,
                                                    "Actual Loops": 6,
                                                    "Output": [
                                                        "t.id"
                                                    ],
                                                    "Sort Key": [
                                                        "t.id"
                                                    ],
                                                    "Sort Method": "quicksort",
                                                    "Sort Space Used": 29829,
                                                    "Sort Space Type": "Memory",
                                                    "Workers": [
                                                        {
                                                            "Worker Number": 0,
                                                            "Actual Startup Time": 348.266,
                                                            "Actual Total Time": 425.026,
                                                            "Actual Rows": 373155,
                                                            "Actual Loops": 1
                                                        },
                                                        {
                                                            "Worker Number": 1,
                                                            "Actual Startup Time": 247.496,
                                                            "Actual Total Time": 321.615,
                                                            "Actual Rows": 372620,
                                                            "Actual Loops": 1
                                                        },
                                                        {
                                                            "Worker Number": 2,
                                                            "Actual Startup Time": 246.525,
                                                            "Actual Total Time": 316.653,
                                                            "Actual Rows": 373315,
                                                            "Actual Loops": 1
                                                        },
                                                        {
                                                            "Worker Number": 3,
                                                            "Actual Startup Time": 349.352,
                                                            "Actual Total Time": 424.778,
                                                            "Actual Rows": 372864,
                                                            "Actual Loops": 1
                                                        },
                                                        {
                                                            "Worker Number": 4,
                                                            "Actual Startup Time": 248.449,
                                                            "Actual Total Time": 318.706,
                                                            "Actual Rows": 373533,
                                                            "Actual Loops": 1
                                                        }
                                                    ],
                                                    "Plans": [
                                                        {
                                                            "Node Type": "Bitmap Heap Scan",
                                                            "Parent Relationship": "Outer",
                                                            "Parallel Aware": false,
                                                            "Relation Name": "title",
                                                            "Schema": "public",
                                                            "Alias": "t",
                                                            "Startup Cost": 12035.39,
                                                            "Total Cost": 58103.7,
                                                            "Plan Rows": 271215,
                                                            "Plan Width": 4,
                                                            "Actual Startup Time": 46.63,
                                                            "Actual Total Time": 165.277,
                                                            "Actual Rows": 374196,
                                                            "Actual Loops": 6,
                                                            "Output": [
                                                                "t.id"
                                                            ],
                                                            "Recheck Cond": "(t.kind_id = 1)",
                                                            "Rows Removed by Index Recheck": 0,
                                                            "Filter": "(t.production_year < 2000)",
                                                            "Rows Removed by Filter": 288629,
                                                            "Exact Heap Blocks": 12863,
                                                            "Lossy Heap Blocks": 0,
                                                            "Workers": [
                                                                {
                                                                    "Worker Number": 0,
                                                                    "Actual Startup Time": 54.044,
                                                                    "Actual Total Time": 203.181,
                                                                    "Actual Rows": 374196,
                                                                    "Actual Loops": 1
                                                                },
                                                                {
                                                                    "Worker Number": 1,
                                                                    "Actual Startup Time": 47.578,
                                                                    "Actual Total Time": 153.07,
                                                                    "Actual Rows": 374196,
                                                                    "Actual Loops": 1
                                                                },
                                                                {
                                                                    "Worker Number": 2,
                                                                    "Actual Startup Time": 48.071,
                                                                    "Actual Total Time": 153.68,
                                                                    "Actual Rows": 374196,
                                                                    "Actual Loops": 1
                                                                },
                                                                {
                                                                    "Worker Number": 3,
                                                                    "Actual Startup Time": 53.524,
                                                                    "Actual Total Time": 203.855,
                                                                    "Actual Rows": 374196,
                                                                    "Actual Loops": 1
                                                                },
                                                                {
                                                                    "Worker Number": 4,
                                                                    "Actual Startup Time": 48.443,
                                                                    "Actual Total Time": 154.077,
                                                                    "Actual Rows": 374196,
                                                                    "Actual Loops": 1
                                                                }
                                                            ],
                                                            "Plans": [
                                                                {
                                                                    "Node Type": "Bitmap Index Scan",
                                                                    "Parent Relationship": "Outer",
                                                                    "Parallel Aware": false,
                                                                    "Index Name": "kind_id_title",
                                                                    "Startup Cost": 0.0,
                                                                    "Total Cost": 11967.58,
                                                                    "Plan Rows": 671354,
                                                                    "Plan Width": 0,
                                                                    "Actual Startup Time": 44.758,
                                                                    "Actual Total Time": 44.758,
                                                                    "Actual Rows": 662825,
                                                                    "Actual Loops": 6,
                                                                    "Index Cond": "(t.kind_id = 1)",
                                                                    "Workers": [
                                                                        {
                                                                            "Worker Number": 0,
                                                                            "Actual Startup Time": 51.667,
                                                                            "Actual Total Time": 51.667,
                                                                            "Actual Rows": 662825,
                                                                            "Actual Loops": 1
                                                                        },
                                                                        {
                                                                            "Worker Number": 1,
                                                                            "Actual Startup Time": 45.993,
                                                                            "Actual Total Time": 45.993,
                                                                            "Actual Rows": 662825,
                                                                            "Actual Loops": 1
                                                                        },
                                                                        {
                                                                            "Worker Number": 2,
                                                                            "Actual Startup Time": 46.267,
                                                                            "Actual Total Time": 46.267,
                                                                            "Actual Rows": 662825,
                                                                            "Actual Loops": 1
                                                                        },
                                                                        {
                                                                            "Worker Number": 3,
                                                                            "Actual Startup Time": 51.135,
                                                                            "Actual Total Time": 51.136,
                                                                            "Actual Rows": 662825,
                                                                            "Actual Loops": 1
                                                                        },
                                                                        {
                                                                            "Worker Number": 4,
                                                                            "Actual Startup Time": 46.858,
                                                                            "Actual Total Time": 46.859,
                                                                            "Actual Rows": 662825,
                                                                            "Actual Loops": 1
                                                                        }
                                                                    ]
                                                                }
                                                            ]
                                                        }
                                                    ]
                                                }
                                            ]
                                        },
                                        {
                                            "Node Type": "Index Scan",
                                            "Parent Relationship": "Inner",
                                            "Parallel Aware": false,
                                            "Scan Direction": "Forward",
                                            "Index Name": "movie_id_cast_info",
                                            "Relation Name": "cast_info",
                                            "Schema": "public",
                                            "Alias": "ci",
                                            "Startup Cost": 0.56,
                                            "Total Cost": 2.43,
                                            "Plan Rows": 34,
                                            "Plan Width": 4,
                                            "Actual Startup Time": 0.004,
                                            "Actual Total Time": 0.023,
                                            "Actual Rows": 25,
                                            "Actual Loops": 357502,
                                            "Output": [
                                                "ci.id",
                                                "ci.person_id",
                                                "ci.movie_id",
                                                "ci.person_role_id",
                                                "ci.note",
                                                "ci.nr_order",
                                                "ci.role_id"
                                            ],
                                            "Index Cond": "(ci.movie_id = mi_idx.movie_id)",
                                            "Rows Removed by Index Recheck": 0,
                                            "Filter": "(ci.role_id < 10)",
                                            "Rows Removed by Filter": 3,
                                            "Workers": [
                                                {
                                                    "Worker Number": 0,
                                                    "Actual Startup Time": 0.005,
                                                    "Actual Total Time": 0.028,
                                                    "Actual Rows": 26,
                                                    "Actual Loops": 47101
                                                },
                                                {
                                                    "Worker Number": 1,
                                                    "Actual Startup Time": 0.004,
                                                    "Actual Total Time": 0.024,
                                                    "Actual Rows": 25,
                                                    "Actual Loops": 56843
                                                },
                                                {
                                                    "Worker Number": 2,
                                                    "Actual Startup Time": 0.004,
                                                    "Actual Total Time": 0.021,
                                                    "Actual Rows": 25,
                                                    "Actual Loops": 67487
                                                },
                                                {
                                                    "Worker Number": 3,
                                                    "Actual Startup Time": 0.005,
                                                    "Actual Total Time": 0.029,
                                                    "Actual Rows": 25,
                                                    "Actual Loops": 44330
                                                },
                                                {
                                                    "Worker Number": 4,
                                                    "Actual Startup Time": 0.004,
                                                    "Actual Total Time": 0.022,
                                                    "Actual Rows": 25,
                                                    "Actual Loops": 65035
                                                }
                                            ]
                                        }
                                    ]
                                }
                            ]
                        }
                    ]
                }
            ]
        },
        "Planning Time": 197.947,
        "Triggers": [],
        "Execution Time": 2153.766
    }
]