{
  "Plan": {
    "Node Type": "Aggregate",
    "Strategy": "Plain",
    "Partial Mode": "Finalize",
    "Parallel Aware": false,
    "Startup Cost": 517743.63,
    "Total Cost": 517743.64,
    "Plan Rows": 1,
    "Plan Width": 8,
    "Actual Startup Time": 2367.236,
    "Actual Total Time": 2391.569,
    "Actual Rows": 1,
    "Actual Loops": 1,
    "Plans": [
      {
        "Node Type": "Gather",
        "Parent Relationship": "Outer",
        "Parallel Aware": false,
        "Startup Cost": 517743.52,
        "Total Cost": 517743.63,
        "Plan Rows": 1,
        "Plan Width": 8,
        "Actual Startup Time": 2361.886,
        "Actual Total Time": 2391.559,
        "Actual Rows": 2,
        "Actual Loops": 1,
        "Workers Planned": 1,
        "Workers Launched": 1,
        "Single Copy": false,
        "Plans": [
          {
            "Node Type": "Aggregate",
            "Strategy": "Plain",
            "Partial Mode": "Partial",
            "Parent Relationship": "Outer",
            "Parallel Aware": false,
            "Startup Cost": 516743.52,
            "Total Cost": 516743.53,
            "Plan Rows": 1,
            "Plan Width": 8,
            "Actual Startup Time": 2354.397,
            "Actual Total Time": 2354.403,
            "Actual Rows": 1,
            "Actual Loops": 2,
            "Plans": [
              {
                "Node Type": "Hash Join",
                "Parent Relationship": "Outer",
                "Parallel Aware": true,
                "Join Type": "Inner",
                "Startup Cost": 199314.46,
                "Total Cost": 511678.17,
                "Plan Rows": 2026139,
                "Plan Width": 0,
                "Actual Startup Time": 672.518,
                "Actual Total Time": 2253.361,
                "Actual Rows": 1932960,
                "Actual Loops": 2,
                "Inner Unique": true,
                "Hash Cond": "(ci.movie_id = t.id)",
                "Plans": [
                  {
                    "Node Type": "Bitmap Heap Scan",
                    "Parent Relationship": "Outer",
                    "Parallel Aware": true,
                    "Relation Name": "cast_info",
                    "Alias": "ci",
                    "Startup Cost": 131012.56,
                    "Total Cost": 436166.2,
                    "Plan Rows": 2746688,
                    "Plan Width": 4,
                    "Actual Startup Time": 204.956,
                    "Actual Total Time": 697.764,
                    "Actual Rows": 2742784,
                    "Actual Loops": 2,
                    "Recheck Cond": "(person_id < 590978)",
                    "Rows Removed by Index Recheck": 0,
                    "Filter": "(role_id < 7)",
                    "Rows Removed by Filter": 317826,
                    "Exact Heap Blocks": 40450,
                    "Lossy Heap Blocks": 0,
                    "Plans": [
                      {
                        "Node Type": "Bitmap Index Scan",
                        "Parent Relationship": "Outer",
                        "Parallel Aware": false,
                        "Index Name": "person_id_cast_info",
                        "Startup Cost": 0.0,
                        "Total Cost": 129845.21,
                        "Plan Rows": 5946220,
                        "Plan Width": 0,
                        "Actual Startup Time": 193.473,
                        "Actual Total Time": 193.474,
                        "Actual Rows": 6121219,
                        "Actual Loops": 1,
                        "Index Cond": "(person_id < 590978)"
                      }
                    ]
                  },
                  {
                    "Node Type": "Hash",
                    "Parent Relationship": "Inner",
                    "Parallel Aware": true,
                    "Startup Cost": 54588.39,
                    "Total Cost": 54588.39,
                    "Plan Rows": 1097081,
                    "Plan Width": 4,
                    "Actual Startup Time": 453.104,
                    "Actual Total Time": 453.105,
                    "Actual Rows": 932744,
                    "Actual Loops": 2,
                    "Hash Buckets": 2097152,
                    "Original Hash Buckets": 2097152,
                    "Hash Batches": 1,
                    "Original Hash Batches": 1,
                    "Peak Memory Usage": 89376,
                    "Plans": [
                      {
                        "Node Type": "Seq Scan",
                        "Parent Relationship": "Outer",
                        "Parallel Aware": true,
                        "Relation Name": "title",
                        "Alias": "t",
                        "Startup Cost": 0.0,
                        "Total Cost": 54588.39,
                        "Plan Rows": 1097081,
                        "Plan Width": 4,
                        "Actual Startup Time": 0.027,
                        "Actual Total Time": 192.083,
                        "Actual Rows": 932744,
                        "Actual Loops": 2,
                        "Filter": "(kind_id > 1)",
                        "Rows Removed by Filter": 331412
                      }
                    ]
                  }
                ]
              }
            ]
          }
        ]
      }
    ]
  },
  "Planning Time": 0.737,
  "Triggers": [],
  "Execution Time": 2391.672
}