[
  {
    "Plan": {
      "Node Type": "Aggregate",
      "Strategy": "Plain",
      "Partial Mode": "Finalize",
      "Parallel Aware": false,
      "Startup Cost": 33166.91,
      "Total Cost": 33166.92,
      "Plan Rows": 1,
      "Plan Width": 8,
      "Actual Startup Time": 103.99,
      "Actual Total Time": 111.627,
      "Actual Rows": 1,
      "Actual Loops": 1,
      "Plans": [
        {
          "Node Type": "Gather",
          "Parent Relationship": "Outer",
          "Parallel Aware": false,
          "Startup Cost": 33166.59,
          "Total Cost": 33166.9,
          "Plan Rows": 3,
          "Plan Width": 8,
          "Actual Startup Time": 103.894,
          "Actual Total Time": 111.619,
          "Actual Rows": 4,
          "Actual Loops": 1,
          "Workers Planned": 3,
          "Workers Launched": 3,
          "Single Copy": false,
          "Plans": [
            {
              "Node Type": "Aggregate",
              "Strategy": "Plain",
              "Partial Mode": "Partial",
              "Parent Relationship": "Outer",
              "Parallel Aware": false,
              "Startup Cost": 32166.59,
              "Total Cost": 32166.6,
              "Plan Rows": 1,
              "Plan Width": 8,
              "Actual Startup Time": 97.079,
              "Actual Total Time": 97.08,
              "Actual Rows": 1,
              "Actual Loops": 4,
              "Plans": [
                {
                  "Node Type": "Seq Scan",
                  "Parent Relationship": "Outer",
                  "Parallel Aware": true,
                  "Relation Name": "movie_companies",
                  "Alias": "mc",
                  "Startup Cost": 0.0,
                  "Total Cost": 31414.82,
                  "Plan Rows": 300710,
                  "Plan Width": 0,
                  "Actual Startup Time": 0.691,
                  "Actual Total Time": 86.41,
                  "Actual Rows": 192684,
                  "Actual Loops": 4,
                  "Filter": "((company_id > 1370) AND (company_type_id < 2))",
                  "Rows Removed by Filter": 459598
                }
              ]
            }
          ]
        }
      ]
    },
    "Planning Time": 0.177,
    "Triggers": [],
    "Execution Time": 111.674
  }
]