[
  {
    "Plan": {
      "Node Type": "Aggregate",
      "Strategy": "Plain",
      "Partial Mode": "Finalize",
      "Parallel Aware": false,
      "Startup Cost": 304531.13,
      "Total Cost": 304531.14,
      "Plan Rows": 1,
      "Plan Width": 8,
      "Actual Startup Time": 1247.536,
      "Actual Total Time": 1290.198,
      "Actual Rows": 1,
      "Actual Loops": 1,
      "Plans": [
        {
          "Node Type": "Gather",
          "Parent Relationship": "Outer",
          "Parallel Aware": false,
          "Startup Cost": 304530.61,
          "Total Cost": 304531.12,
          "Plan Rows": 5,
          "Plan Width": 8,
          "Actual Startup Time": 1242.43,
          "Actual Total Time": 1290.183,
          "Actual Rows": 6,
          "Actual Loops": 1,
          "Workers Planned": 5,
          "Workers Launched": 5,
          "Single Copy": false,
          "Plans": [
            {
              "Node Type": "Aggregate",
              "Strategy": "Plain",
              "Partial Mode": "Partial",
              "Parent Relationship": "Outer",
              "Parallel Aware": false,
              "Startup Cost": 303530.61,
              "Total Cost": 303530.62,
              "Plan Rows": 1,
              "Plan Width": 8,
              "Actual Startup Time": 1235.177,
              "Actual Total Time": 1235.737,
              "Actual Rows": 1,
              "Actual Loops": 6,
              "Plans": [
                {
                  "Node Type": "Hash Join",
                  "Parent Relationship": "Outer",
                  "Parallel Aware": true,
                  "Join Type": "Inner",
                  "Startup Cost": 92310.29,
                  "Total Cost": 302503.76,
                  "Plan Rows": 410741,
                  "Plan Width": 0,
                  "Actual Startup Time": 283.921,
                  "Actual Total Time": 1097.794,
                  "Actual Rows": 3195456,
                  "Actual Loops": 6,
                  "Inner Unique": false,
                  "Hash Cond": "(mi.movie_id = t.id)",
                  "Plans": [
                    {
                      "Node Type": "Seq Scan",
                      "Parent Relationship": "Outer",
                      "Parallel Aware": true,
                      "Relation Name": "movie_info",
                      "Alias": "mi",
                      "Startup Cost": 0.0,
                      "Total Cost": 199108.24,
                      "Plan Rows": 2602732,
                      "Plan Width": 4,
                      "Actual Startup Time": 0.034,
                      "Actual Total Time": 343.576,
                      "Actual Rows": 2161681,
                      "Actual Loops": 6,
                      "Filter": "(info_type_id < 18)",
                      "Rows Removed by Filter": 310939
                    },
                    {
                      "Node Type": "Hash",
                      "Parent Relationship": "Inner",
                      "Parallel Aware": true,
                      "Startup Cost": 90701.35,
                      "Total Cost": 90701.35,
                      "Plan Rows": 128715,
                      "Plan Width": 8,
                      "Actual Startup Time": 281.566,
                      "Actual Total Time": 282.124,
                      "Actual Rows": 112473,
                      "Actual Loops": 6,
                      "Hash Buckets": 1048576,
                      "Original Hash Buckets": 524288,
                      "Hash Batches": 1,
                      "Original Hash Batches": 1,
                      "Peak Memory Usage": 38784,
                      "Plans": [
                        {
                          "Node Type": "Hash Join",
                          "Parent Relationship": "Outer",
                          "Parallel Aware": true,
                          "Join Type": "Inner",
                          "Startup Cost": 44709.16,
                          "Total Cost": 90701.35,
                          "Plan Rows": 128715,
                          "Plan Width": 8,
                          "Actual Startup Time": 100.843,
                          "Actual Total Time": 239.353,
                          "Actual Rows": 112473,
                          "Actual Loops": 6,
                          "Inner Unique": true,
                          "Hash Cond": "(mk.movie_id = t.id)",
                          "Plans": [
                            {
                              "Node Type": "Seq Scan",
                              "Parent Relationship": "Outer",
                              "Parallel Aware": true,
                              "Relation Name": "movie_keyword",
                              "Alias": "mk",
                              "Startup Cost": 0.0,
                              "Total Cost": 42695.65,
                              "Plan Rows": 1255825,
                              "Plan Width": 4,
                              "Actual Startup Time": 0.041,
                              "Actual Total Time": 79.271,
                              "Actual Rows": 647382,
                              "Actual Loops": 6,
                              "Filter": "(keyword_id > 495)",
                              "Rows Removed by Filter": 106606
                            },
                            {
                              "Node Type": "Hash",
                              "Parent Relationship": "Inner",
                              "Parallel Aware": true,
                              "Startup Cost": 43899.32,
                              "Total Cost": 43899.32,
                              "Plan Rows": 64787,
                              "Plan Width": 4,
                              "Actual Startup Time": 100.205,
                              "Actual Total Time": 100.209,
                              "Actual Rows": 45650,
                              "Actual Loops": 6,
                              "Hash Buckets": 524288,
                              "Original Hash Buckets": 262144,
                              "Hash Batches": 1,
                              "Original Hash Batches": 1,
                              "Peak Memory Usage": 16960,
                              "Plans": [
                                {
                                  "Node Type": "Seq Scan",
                                  "Parent Relationship": "Outer",
                                  "Parallel Aware": true,
                                  "Relation Name": "title",
                                  "Alias": "t",
                                  "Startup Cost": 0.0,
                                  "Total Cost": 43899.32,
                                  "Plan Rows": 64787,
                                  "Plan Width": 4,
                                  "Actual Startup Time": 0.035,
                                  "Actual Total Time": 74.062,
                                  "Actual Rows": 45650,
                                  "Actual Loops": 6,
                                  "Filter": "(production_year < 1963)",
                                  "Rows Removed by Filter": 375735
                                }
                              ]
                            }
                          ]
                        }
                      ]
                    }
                  ]
                }
              ]
            }
          ]
        }
      ]
    },
    "Planning Time": 0.758,
    "Triggers": [],
    "Execution Time": 1290.28
  }
]