{
  "Plan": {
    "Node Type": "Aggregate",
    "Strategy": "Plain",
    "Partial Mode": "Finalize",
    "Parallel Aware": false,
    "Startup Cost": 108505.04,
    "Total Cost": 108505.05,
    "Plan Rows": 1,
    "Plan Width": 8,
    "Actual Startup Time": 625.845,
    "Actual Total Time": 640.858,
    "Actual Rows": 1,
    "Actual Loops": 1,
    "Plans": [
      {
        "Node Type": "Gather",
        "Parent Relationship": "Outer",
        "Parallel Aware": false,
        "Startup Cost": 108504.93,
        "Total Cost": 108505.04,
        "Plan Rows": 1,
        "Plan Width": 8,
        "Actual Startup Time": 623.815,
        "Actual Total Time": 640.851,
        "Actual Rows": 2,
        "Actual Loops": 1,
        "Workers Planned": 1,
        "Workers Launched": 1,
        "Single Copy": false,
        "Plans": [
          {
            "Node Type": "Aggregate",
            "Strategy": "Plain",
            "Partial Mode": "Partial",
            "Parent Relationship": "Outer",
            "Parallel Aware": false,
            "Startup Cost": 107504.93,
            "Total Cost": 107504.94,
            "Plan Rows": 1,
            "Plan Width": 8,
            "Actual Startup Time": 617.76,
            "Actual Total Time": 617.764,
            "Actual Rows": 1,
            "Actual Loops": 2,
            "Plans": [
              {
                "Node Type": "Hash Join",
                "Parent Relationship": "Outer",
                "Parallel Aware": true,
                "Join Type": "Inner",
                "Startup Cost": 45025.28,
                "Total Cost": 106814.75,
                "Plan Rows": 276074,
                "Plan Width": 0,
                "Actual Startup Time": 207.855,
                "Actual Total Time": 603.762,
                "Actual Rows": 335831,
                "Actual Loops": 2,
                "Inner Unique": false,
                "Hash Cond": "(t.id = mc.movie_id)",
                "Plans": [
                  {
                    "Node Type": "Seq Scan",
                    "Parent Relationship": "Outer",
                    "Parallel Aware": true,
                    "Relation Name": "title",
                    "Alias": "t",
                    "Startup Cost": 0.0,
                    "Total Cost": 50870.31,
                    "Plan Rows": 1487231,
                    "Plan Width": 4,
                    "Actual Startup Time": 0.01,
                    "Actual Total Time": 115.445,
                    "Actual Rows": 1264156,
                    "Actual Loops": 2
                  },
                  {
                    "Node Type": "Hash",
                    "Parent Relationship": "Inner",
                    "Parallel Aware": true,
                    "Startup Cost": 41574.35,
                    "Total Cost": 41574.35,
                    "Plan Rows": 276074,
                    "Plan Width": 4,
                    "Actual Startup Time": 202.238,
                    "Actual Total Time": 202.239,
                    "Actual Rows": 335831,
                    "Actual Loops": 2,
                    "Hash Buckets": 1048576,
                    "Original Hash Buckets": 524288,
                    "Hash Batches": 1,
                    "Original Hash Batches": 1,
                    "Peak Memory Usage": 38592,
                    "Plans": [
                      {
                        "Node Type": "Index Scan",
                        "Parent Relationship": "Outer",
                        "Parallel Aware": true,
                        "Scan Direction": "Forward",
                        "Index Name": "company_type_id_movie_companies",
                        "Relation Name": "movie_companies",
                        "Alias": "mc",
                        "Startup Cost": 0.43,
                        "Total Cost": 41574.35,
                        "Plan Rows": 276074,
                        "Plan Width": 4,
                        "Actual Startup Time": 0.109,
                        "Actual Total Time": 119.371,
                        "Actual Rows": 335831,
                        "Actual Loops": 2,
                        "Index Cond": "(company_type_id = 1)",
                        "Rows Removed by Index Recheck": 0,
                        "Filter": "(company_id < 3768)",
                        "Rows Removed by Filter": 301292
                      }
                    ]
                  }
                ]
              }
            ]
          }
        ]
      }
    ]
  },
  "Planning Time": 0.707,
  "Triggers": [],
  "Execution Time": 640.931
}