[
    {
        "Bao": {
            "Bao prediction": "NaN",
            "Bao recommended hint": "(no hint)"
        }
    },
    {
        "Plan": {
            "Node Type": "Aggregate",
            "Strategy": "Plain",
            "Partial Mode": "Finalize",
            "Parallel Aware": false,
            "Startup Cost": 290329.81,
            "Total Cost": 290329.82,
            "Plan Rows": 1,
            "Plan Width": 8,
            "Actual Startup Time": 611.165,
            "Actual Total Time": 621.663,
            "Actual Rows": 1,
            "Actual Loops": 1,
            "Output": [
                "count(*)"
            ],
            "Plans": [
                {
                    "Node Type": "Gather",
                    "Parent Relationship": "Outer",
                    "Parallel Aware": false,
                    "Startup Cost": 290329.49,
                    "Total Cost": 290329.8,
                    "Plan Rows": 3,
                    "Plan Width": 8,
                    "Actual Startup Time": 602.624,
                    "Actual Total Time": 621.645,
                    "Actual Rows": 4,
                    "Actual Loops": 1,
                    "Output": [
                        "(PARTIAL count(*))"
                    ],
                    "Workers Planned": 3,
                    "Workers Launched": 3,
                    "Single Copy": false,
                    "Plans": [
                        {
                            "Node Type": "Aggregate",
                            "Strategy": "Plain",
                            "Partial Mode": "Partial",
                            "Parent Relationship": "Outer",
                            "Parallel Aware": false,
                            "Startup Cost": 289329.49,
                            "Total Cost": 289329.5,
                            "Plan Rows": 1,
                            "Plan Width": 8,
                            "Actual Startup Time": 593.486,
                            "Actual Total Time": 593.492,
                            "Actual Rows": 1,
                            "Actual Loops": 4,
                            "Output": [
                                "PARTIAL count(*)"
                            ],
                            "Workers": [
                                {
                                    "Worker Number": 0,
                                    "Actual Startup Time": 590.551,
                                    "Actual Total Time": 590.557,
                                    "Actual Rows": 1,
                                    "Actual Loops": 1
                                },
                                {
                                    "Worker Number": 1,
                                    "Actual Startup Time": 590.569,
                                    "Actual Total Time": 590.574,
                                    "Actual Rows": 1,
                                    "Actual Loops": 1
                                },
                                {
                                    "Worker Number": 2,
                                    "Actual Startup Time": 590.6,
                                    "Actual Total Time": 590.605,
                                    "Actual Rows": 1,
                                    "Actual Loops": 1
                                }
                            ],
                            "Plans": [
                                {
                                    "Node Type": "Hash Join",
                                    "Parent Relationship": "Outer",
                                    "Parallel Aware": true,
                                    "Join Type": "Inner",
                                    "Startup Cost": 243174.96,
                                    "Total Cost": 288421.32,
                                    "Plan Rows": 363268,
                                    "Plan Width": 0,
                                    "Actual Startup Time": 423.158,
                                    "Actual Total Time": 591.514,
                                    "Actual Rows": 48149,
                                    "Actual Loops": 4,
                                    "Inner Unique": false,
                                    "Hash Cond": "(mk.movie_id = t.id)",
                                    "Workers": [
                                        {
                                            "Worker Number": 0,
                                            "Actual Startup Time": 420.3,
                                            "Actual Total Time": 588.531,
                                            "Actual Rows": 48731,
                                            "Actual Loops": 1
                                        },
                                        {
                                            "Worker Number": 1,
                                            "Actual Startup Time": 420.202,
                                            "Actual Total Time": 588.528,
                                            "Actual Rows": 49008,
                                            "Actual Loops": 1
                                        },
                                        {
                                            "Worker Number": 2,
                                            "Actual Startup Time": 420.299,
                                            "Actual Total Time": 588.686,
                                            "Actual Rows": 45975,
                                            "Actual Loops": 1
                                        }
                                    ],
                                    "Plans": [
                                        {
                                            "Node Type": "Seq Scan",
                                            "Parent Relationship": "Outer",
                                            "Parallel Aware": true,
                                            "Relation Name": "movie_keyword",
                                            "Schema": "public",
                                            "Alias": "mk",
                                            "Startup Cost": 0.0,
                                            "Total Cost": 39047.32,
                                            "Plan Rows": 1459332,
                                            "Plan Width": 4,
                                            "Actual Startup Time": 0.015,
                                            "Actual Total Time": 82.586,
                                            "Actual Rows": 1130982,
                                            "Actual Loops": 4,
                                            "Output": [
                                                "mk.id",
                                                "mk.movie_id",
                                                "mk.keyword_id"
                                            ],
                                            "Workers": [
                                                {
                                                    "Worker Number": 0,
                                                    "Actual Startup Time": 0.017,
                                                    "Actual Total Time": 84.329,
                                                    "Actual Rows": 1104080,
                                                    "Actual Loops": 1
                                                },
                                                {
                                                    "Worker Number": 1,
                                                    "Actual Startup Time": 0.019,
                                                    "Actual Total Time": 84.25,
                                                    "Actual Rows": 1107780,
                                                    "Actual Loops": 1
                                                },
                                                {
                                                    "Worker Number": 2,
                                                    "Actual Startup Time": 0.013,
                                                    "Actual Total Time": 84.399,
                                                    "Actual Rows": 1061715,
                                                    "Actual Loops": 1
                                                }
                                            ]
                                        },
                                        {
                                            "Node Type": "Hash",
                                            "Parent Relationship": "Inner",
                                            "Parallel Aware": true,
                                            "Startup Cost": 241601.54,
                                            "Total Cost": 241601.54,
                                            "Plan Rows": 125874,
                                            "Plan Width": 8,
                                            "Actual Startup Time": 420.107,
                                            "Actual Total Time": 420.111,
                                            "Actual Rows": 16505,
                                            "Actual Loops": 4,
                                            "Output": [
                                                "t.id",
                                                "mi.movie_id"
                                            ],
                                            "Hash Buckets": 1048576,
                                            "Original Hash Buckets": 1048576,
                                            "Hash Batches": 1,
                                            "Original Hash Batches": 1,
                                            "Peak Memory Usage": 10848,
                                            "Workers": [
                                                {
                                                    "Worker Number": 0,
                                                    "Actual Startup Time": 419.808,
                                                    "Actual Total Time": 419.813,
                                                    "Actual Rows": 25784,
                                                    "Actual Loops": 1
                                                },
                                                {
                                                    "Worker Number": 1,
                                                    "Actual Startup Time": 419.78,
                                                    "Actual Total Time": 419.784,
                                                    "Actual Rows": 12684,
                                                    "Actual Loops": 1
                                                },
                                                {
                                                    "Worker Number": 2,
                                                    "Actual Startup Time": 419.696,
                                                    "Actual Total Time": 419.7,
                                                    "Actual Rows": 12384,
                                                    "Actual Loops": 1
                                                }
                                            ],
                                            "Plans": [
                                                {
                                                    "Node Type": "Hash Join",
                                                    "Parent Relationship": "Outer",
                                                    "Parallel Aware": true,
                                                    "Join Type": "Inner",
                                                    "Startup Cost": 75219.51,
                                                    "Total Cost": 241601.54,
                                                    "Plan Rows": 125874,
                                                    "Plan Width": 8,
                                                    "Actual Startup Time": 301.685,
                                                    "Actual Total Time": 409.588,
                                                    "Actual Rows": 16505,
                                                    "Actual Loops": 4,
                                                    "Output": [
                                                        "t.id",
                                                        "mi.movie_id"
                                                    ],
                                                    "Inner Unique": true,
                                                    "Hash Cond": "(mi.movie_id = t.id)",
                                                    "Workers": [
                                                        {
                                                            "Worker Number": 0,
                                                            "Actual Startup Time": 300.992,
                                                            "Actual Total Time": 409.535,
                                                            "Actual Rows": 25784,
                                                            "Actual Loops": 1
                                                        },
                                                        {
                                                            "Worker Number": 1,
                                                            "Actual Startup Time": 301.709,
                                                            "Actual Total Time": 408.238,
                                                            "Actual Rows": 12684,
                                                            "Actual Loops": 1
                                                        },
                                                        {
                                                            "Worker Number": 2,
                                                            "Actual Startup Time": 301.349,
                                                            "Actual Total Time": 409.28,
                                                            "Actual Rows": 12384,
                                                            "Actual Loops": 1
                                                        }
                                                    ],
                                                    "Plans": [
                                                        {
                                                            "Node Type": "Bitmap Heap Scan",
                                                            "Parent Relationship": "Outer",
                                                            "Parallel Aware": true,
                                                            "Relation Name": "movie_info",
                                                            "Schema": "public",
                                                            "Alias": "mi",
                                                            "Startup Cost": 26313.05,
                                                            "Total Cost": 191933.34,
                                                            "Plan Rows": 290184,
                                                            "Plan Width": 4,
                                                            "Actual Startup Time": 92.179,
                                                            "Actual Total Time": 134.209,
                                                            "Actual Rows": 350476,
                                                            "Actual Loops": 4,
                                                            "Output": [
                                                                "mi.id",
                                                                "mi.movie_id",
                                                                "mi.info_type_id",
                                                                "mi.info",
                                                                "mi.note"
                                                            ],
                                                            "Recheck Cond": "(mi.info_type_id = 7)",
                                                            "Rows Removed by Index Recheck": 0,
                                                            "Exact Heap Blocks": 2621,
                                                            "Lossy Heap Blocks": 0,
                                                            "Workers": [
                                                                {
                                                                    "Worker Number": 0,
                                                                    "Actual Startup Time": 91.899,
                                                                    "Actual Total Time": 134.84,
                                                                    "Actual Rows": 392675,
                                                                    "Actual Loops": 1
                                                                },
                                                                {
                                                                    "Worker Number": 1,
                                                                    "Actual Startup Time": 92.387,
                                                                    "Actual Total Time": 135.441,
                                                                    "Actual Rows": 331829,
                                                                    "Actual Loops": 1
                                                                },
                                                                {
                                                                    "Worker Number": 2,
                                                                    "Actual Startup Time": 92.226,
                                                                    "Actual Total Time": 134.434,
                                                                    "Actual Rows": 311766,
                                                                    "Actual Loops": 1
                                                                }
                                                            ],
                                                            "Plans": [
                                                                {
                                                                    "Node Type": "Bitmap Index Scan",
                                                                    "Parent Relationship": "Outer",
                                                                    "Parallel Aware": false,
                                                                    "Index Name": "info_type_id_movie_info",
                                                                    "Startup Cost": 0.0,
                                                                    "Total Cost": 25950.32,
                                                                    "Plan Rows": 1450918,
                                                                    "Plan Width": 0,
                                                                    "Actual Startup Time": 90.47,
                                                                    "Actual Total Time": 90.471,
                                                                    "Actual Rows": 1401902,
                                                                    "Actual Loops": 1,
                                                                    "Index Cond": "(mi.info_type_id = 7)",
                                                                    "Workers": [
                                                                        {
                                                                            "Worker Number": 0,
                                                                            "Actual Startup Time": 90.47,
                                                                            "Actual Total Time": 90.471,
                                                                            "Actual Rows": 1401902,
                                                                            "Actual Loops": 1
                                                                        }
                                                                    ]
                                                                }
                                                            ]
                                                        },
                                                        {
                                                            "Node Type": "Hash",
                                                            "Parent Relationship": "Inner",
                                                            "Parallel Aware": true,
                                                            "Startup Cost": 45479.21,
                                                            "Total Cost": 45479.21,
                                                            "Plan Rows": 274180,
                                                            "Plan Width": 4,
                                                            "Actual Startup Time": 205.927,
                                                            "Actual Total Time": 205.928,
                                                            "Actual Rows": 300272,
                                                            "Actual Loops": 4,
                                                            "Output": [
                                                                "t.id"
                                                            ],
                                                            "Hash Buckets": 2097152,
                                                            "Original Hash Buckets": 2097152,
                                                            "Hash Batches": 1,
                                                            "Original Hash Batches": 1,
                                                            "Peak Memory Usage": 63424,
                                                            "Workers": [
                                                                {
                                                                    "Worker Number": 0,
                                                                    "Actual Startup Time": 209.034,
                                                                    "Actual Total Time": 209.036,
                                                                    "Actual Rows": 277548,
                                                                    "Actual Loops": 1
                                                                },
                                                                {
                                                                    "Worker Number": 1,
                                                                    "Actual Startup Time": 208.97,
                                                                    "Actual Total Time": 208.971,
                                                                    "Actual Rows": 280044,
                                                                    "Actual Loops": 1
                                                                },
                                                                {
                                                                    "Worker Number": 2,
                                                                    "Actual Startup Time": 208.963,
                                                                    "Actual Total Time": 208.964,
                                                                    "Actual Rows": 254398,
                                                                    "Actual Loops": 1
                                                                }
                                                            ],
                                                            "Plans": [
                                                                {
                                                                    "Node Type": "Seq Scan",
                                                                    "Parent Relationship": "Outer",
                                                                    "Parallel Aware": true,
                                                                    "Relation Name": "title",
                                                                    "Schema": "public",
                                                                    "Alias": "t",
                                                                    "Startup Cost": 0.0,
                                                                    "Total Cost": 45479.21,
                                                                    "Plan Rows": 274180,
                                                                    "Plan Width": 4,
                                                                    "Actual Startup Time": 0.047,
                                                                    "Actual Total Time": 98.314,
                                                                    "Actual Rows": 300272,
                                                                    "Actual Loops": 4,
                                                                    "Output": [
                                                                        "t.id"
                                                                    ],
                                                                    "Filter": "((t.production_year > 1987) AND (t.kind_id = 7))",
                                                                    "Rows Removed by Filter": 331806,
                                                                    "Workers": [
                                                                        {
                                                                            "Worker Number": 0,
                                                                            "Actual Startup Time": 0.045,
                                                                            "Actual Total Time": 101.103,
                                                                            "Actual Rows": 277548,
                                                                            "Actual Loops": 1
                                                                        },
                                                                        {
                                                                            "Worker Number": 1,
                                                                            "Actual Startup Time": 0.068,
                                                                            "Actual Total Time": 101.177,
                                                                            "Actual Rows": 280044,
                                                                            "Actual Loops": 1
                                                                        },
                                                                        {
                                                                            "Worker Number": 2,
                                                                            "Actual Startup Time": 0.065,
                                                                            "Actual Total Time": 97.326,
                                                                            "Actual Rows": 254398,
                                                                            "Actual Loops": 1
                                                                        }
                                                                    ]
                                                                }
                                                            ]
                                                        }
                                                    ]
                                                }
                                            ]
                                        }
                                    ]
                                }
                            ]
                        }
                    ]
                }
            ]
        },
        "Planning Time": 227.833,
        "Triggers": [],
        "Execution Time": 621.771
    }
]