[
  {
    "Plan": {
      "Node Type": "Aggregate",
      "Strategy": "Plain",
      "Partial Mode": "Finalize",
      "Parallel Aware": false,
      "Startup Cost": 349149.62,
      "Total Cost": 349149.63,
      "Plan Rows": 1,
      "Plan Width": 8,
      "Actual Startup Time": 762.51,
      "Actual Total Time": 820.726,
      "Actual Rows": 1,
      "Actual Loops": 1,
      "Plans": [
        {
          "Node Type": "Gather",
          "Parent Relationship": "Outer",
          "Parallel Aware": false,
          "Startup Cost": 349149.0,
          "Total Cost": 349149.61,
          "Plan Rows": 6,
          "Plan Width": 8,
          "Actual Startup Time": 762.367,
          "Actual Total Time": 820.714,
          "Actual Rows": 7,
          "Actual Loops": 1,
          "Workers Planned": 6,
          "Workers Launched": 6,
          "Single Copy": false,
          "Plans": [
            {
              "Node Type": "Aggregate",
              "Strategy": "Plain",
              "Partial Mode": "Partial",
              "Parent Relationship": "Outer",
              "Parallel Aware": false,
              "Startup Cost": 348149.0,
              "Total Cost": 348149.01,
              "Plan Rows": 1,
              "Plan Width": 8,
              "Actual Startup Time": 752.802,
              "Actual Total Time": 752.803,
              "Actual Rows": 1,
              "Actual Loops": 7,
              "Plans": [
                {
                  "Node Type": "Seq Scan",
                  "Parent Relationship": "Outer",
                  "Parallel Aware": true,
                  "Relation Name": "cast_info",
                  "Alias": "ci",
                  "Startup Cost": 0.0,
                  "Total Cost": 343257.03,
                  "Plan Rows": 1956788,
                  "Plan Width": 0,
                  "Actual Startup Time": 221.187,
                  "Actual Total Time": 649.362,
                  "Actual Rows": 2560088,
                  "Actual Loops": 7,
                  "Filter": "((person_id > 1822103) AND (role_id > 1))",
                  "Rows Removed by Filter": 2617676
                }
              ]
            }
          ]
        }
      ]
    },
    "Planning Time": 0.217,
    "Triggers": [],
    "Execution Time": 820.797
  }
]