{
    "Plan": {
        "Node Type": "Aggregate",
        "Strategy": "Plain",
        "Partial Mode": "Finalize",
        "Parallel Aware": false,
        "Startup Cost": 251035.5,
        "Total Cost": 251035.51,
        "Plan Rows": 1,
        "Plan Width": 8,
        "Actual Startup Time": 783.721,
        "Actual Total Time": 823.406,
        "Actual Rows": 1,
        "Actual Loops": 1,
        "Output": [
            "count(*)"
        ],
        "Plans": [
            {
                "Node Type": "Gather",
                "Parent Relationship": "Outer",
                "Parallel Aware": false,
                "Startup Cost": 251034.98,
                "Total Cost": 251035.49,
                "Plan Rows": 5,
                "Plan Width": 8,
                "Actual Startup Time": 779.207,
                "Actual Total Time": 823.398,
                "Actual Rows": 6,
                "Actual Loops": 1,
                "Output": [
                    "(PARTIAL count(*))"
                ],
                "Workers Planned": 5,
                "Workers Launched": 5,
                "Single Copy": false,
                "Plans": [
                    {
                        "Node Type": "Aggregate",
                        "Strategy": "Plain",
                        "Partial Mode": "Partial",
                        "Parent Relationship": "Outer",
                        "Parallel Aware": false,
                        "Startup Cost": 250034.98,
                        "Total Cost": 250034.99,
                        "Plan Rows": 1,
                        "Plan Width": 8,
                        "Actual Startup Time": 768.334,
                        "Actual Total Time": 768.337,
                        "Actual Rows": 1,
                        "Actual Loops": 6,
                        "Output": [
                            "PARTIAL count(*)"
                        ],
                        "Workers": [
                            {
                                "Worker Number": 0,
                                "Actual Startup Time": 765.739,
                                "Actual Total Time": 765.742,
                                "Actual Rows": 1,
                                "Actual Loops": 1
                            },
                            {
                                "Worker Number": 1,
                                "Actual Startup Time": 765.766,
                                "Actual Total Time": 765.768,
                                "Actual Rows": 1,
                                "Actual Loops": 1
                            },
                            {
                                "Worker Number": 2,
                                "Actual Startup Time": 765.764,
                                "Actual Total Time": 765.767,
                                "Actual Rows": 1,
                                "Actual Loops": 1
                            },
                            {
                                "Worker Number": 3,
                                "Actual Startup Time": 767.07,
                                "Actual Total Time": 767.072,
                                "Actual Rows": 1,
                                "Actual Loops": 1
                            },
                            {
                                "Worker Number": 4,
                                "Actual Startup Time": 767.2,
                                "Actual Total Time": 767.203,
                                "Actual Rows": 1,
                                "Actual Loops": 1
                            }
                        ],
                        "Plans": [
                            {
                                "Node Type": "Hash Join",
                                "Parent Relationship": "Outer",
                                "Parallel Aware": true,
                                "Join Type": "Inner",
                                "Startup Cost": 46786.48,
                                "Total Cost": 248907.26,
                                "Plan Rows": 451085,
                                "Plan Width": 0,
                                "Actual Startup Time": 177.192,
                                "Actual Total Time": 748.453,
                                "Actual Rows": 415252,
                                "Actual Loops": 6,
                                "Inner Unique": true,
                                "Hash Cond": "(mi.movie_id = t.id)",
                                "Workers": [
                                    {
                                        "Worker Number": 0,
                                        "Actual Startup Time": 174.651,
                                        "Actual Total Time": 745.62,
                                        "Actual Rows": 299240,
                                        "Actual Loops": 1
                                    },
                                    {
                                        "Worker Number": 1,
                                        "Actual Startup Time": 174.882,
                                        "Actual Total Time": 745.564,
                                        "Actual Rows": 299966,
                                        "Actual Loops": 1
                                    },
                                    {
                                        "Worker Number": 2,
                                        "Actual Startup Time": 174.657,
                                        "Actual Total Time": 747.822,
                                        "Actual Rows": 420105,
                                        "Actual Loops": 1
                                    },
                                    {
                                        "Worker Number": 3,
                                        "Actual Startup Time": 176.199,
                                        "Actual Total Time": 748.246,
                                        "Actual Rows": 460831,
                                        "Actual Loops": 1
                                    },
                                    {
                                        "Worker Number": 4,
                                        "Actual Startup Time": 176.076,
                                        "Actual Total Time": 748.495,
                                        "Actual Rows": 456934,
                                        "Actual Loops": 1
                                    }
                                ],
                                "Plans": [
                                    {
                                        "Node Type": "Seq Scan",
                                        "Parent Relationship": "Outer",
                                        "Parallel Aware": true,
                                        "Relation Name": "movie_info",
                                        "Schema": "public",
                                        "Alias": "mi",
                                        "Startup Cost": 0.0,
                                        "Total Cost": 198880.74,
                                        "Plan Rows": 1234303,
                                        "Plan Width": 4,
                                        "Actual Startup Time": 16.273,
                                        "Actual Total Time": 330.858,
                                        "Actual Rows": 1037249,
                                        "Actual Loops": 6,
                                        "Output": [
                                            "mi.id",
                                            "mi.movie_id",
                                            "mi.info_type_id",
                                            "mi.info",
                                            "mi.note"
                                        ],
                                        "Filter": "(mi.info_type_id > 8)",
                                        "Rows Removed by Filter": 1435371,
                                        "Workers": [
                                            {
                                                "Worker Number": 0,
                                                "Actual Startup Time": 16.261,
                                                "Actual Total Time": 345.518,
                                                "Actual Rows": 749390,
                                                "Actual Loops": 1
                                            },
                                            {
                                                "Worker Number": 1,
                                                "Actual Startup Time": 16.277,
                                                "Actual Total Time": 345.008,
                                                "Actual Rows": 744482,
                                                "Actual Loops": 1
                                            },
                                            {
                                                "Worker Number": 2,
                                                "Actual Startup Time": 16.287,
                                                "Actual Total Time": 333.772,
                                                "Actual Rows": 1037460,
                                                "Actual Loops": 1
                                            },
                                            {
                                                "Worker Number": 3,
                                                "Actual Startup Time": 16.271,
                                                "Actual Total Time": 333.787,
                                                "Actual Rows": 1155000,
                                                "Actual Loops": 1
                                            },
                                            {
                                                "Worker Number": 4,
                                                "Actual Startup Time": 16.276,
                                                "Actual Total Time": 333.473,
                                                "Actual Rows": 1141227,
                                                "Actual Loops": 1
                                            }
                                        ]
                                    },
                                    {
                                        "Node Type": "Hash",
                                        "Parent Relationship": "Inner",
                                        "Parallel Aware": true,
                                        "Startup Cost": 43899.01,
                                        "Total Cost": 43899.01,
                                        "Plan Rows": 230998,
                                        "Plan Width": 4,
                                        "Actual Startup Time": 157.36,
                                        "Actual Total Time": 157.361,
                                        "Actual Rows": 154101,
                                        "Actual Loops": 6,
                                        "Output": [
                                            "t.id"
                                        ],
                                        "Hash Buckets": 1048576,
                                        "Original Hash Buckets": 1048576,
                                        "Hash Batches": 1,
                                        "Original Hash Batches": 1,
                                        "Peak Memory Usage": 44448,
                                        "Workers": [
                                            {
                                                "Worker Number": 0,
                                                "Actual Startup Time": 157.703,
                                                "Actual Total Time": 157.704,
                                                "Actual Rows": 114009,
                                                "Actual Loops": 1
                                            },
                                            {
                                                "Worker Number": 1,
                                                "Actual Startup Time": 157.724,
                                                "Actual Total Time": 157.725,
                                                "Actual Rows": 114295,
                                                "Actual Loops": 1
                                            },
                                            {
                                                "Worker Number": 2,
                                                "Actual Startup Time": 157.716,
                                                "Actual Total Time": 157.718,
                                                "Actual Rows": 147905,
                                                "Actual Loops": 1
                                            },
                                            {
                                                "Worker Number": 3,
                                                "Actual Startup Time": 159.055,
                                                "Actual Total Time": 159.055,
                                                "Actual Rows": 161711,
                                                "Actual Loops": 1
                                            },
                                            {
                                                "Worker Number": 4,
                                                "Actual Startup Time": 159.166,
                                                "Actual Total Time": 159.167,
                                                "Actual Rows": 158259,
                                                "Actual Loops": 1
                                            }
                                        ],
                                        "Plans": [
                                            {
                                                "Node Type": "Seq Scan",
                                                "Parent Relationship": "Outer",
                                                "Parallel Aware": true,
                                                "Relation Name": "title",
                                                "Schema": "public",
                                                "Alias": "t",
                                                "Startup Cost": 0.0,
                                                "Total Cost": 43899.01,
                                                "Plan Rows": 230998,
                                                "Plan Width": 4,
                                                "Actual Startup Time": 0.071,
                                                "Actual Total Time": 84.872,
                                                "Actual Rows": 154101,
                                                "Actual Loops": 6,
                                                "Output": [
                                                    "t.id"
                                                ],
                                                "Filter": "(t.production_year < 1998)",
                                                "Rows Removed by Filter": 267284,
                                                "Workers": [
                                                    {
                                                        "Worker Number": 0,
                                                        "Actual Startup Time": 0.076,
                                                        "Actual Total Time": 88.098,
                                                        "Actual Rows": 114009,
                                                        "Actual Loops": 1
                                                    },
                                                    {
                                                        "Worker Number": 1,
                                                        "Actual Startup Time": 0.08,
                                                        "Actual Total Time": 88.366,
                                                        "Actual Rows": 114295,
                                                        "Actual Loops": 1
                                                    },
                                                    {
                                                        "Worker Number": 2,
                                                        "Actual Startup Time": 0.086,
                                                        "Actual Total Time": 86.083,
                                                        "Actual Rows": 147905,
                                                        "Actual Loops": 1
                                                    },
                                                    {
                                                        "Worker Number": 3,
                                                        "Actual Startup Time": 0.083,
                                                        "Actual Total Time": 86.105,
                                                        "Actual Rows": 161711,
                                                        "Actual Loops": 1
                                                    },
                                                    {
                                                        "Worker Number": 4,
                                                        "Actual Startup Time": 0.085,
                                                        "Actual Total Time": 85.178,
                                                        "Actual Rows": 158259,
                                                        "Actual Loops": 1
                                                    }
                                                ]
                                            }
                                        ]
                                    }
                                ]
                            }
                        ]
                    }
                ]
            }
        ]
    },
    "Planning Time": 0.588,
    "Triggers": [],
    "Execution Time": 823.47
}