[
  {
    "Plan": {
      "Node Type": "Aggregate",
      "Strategy": "Plain",
      "Partial Mode": "Finalize",
      "Parallel Aware": false,
      "Startup Cost": 44837.84,
      "Total Cost": 44837.85,
      "Plan Rows": 1,
      "Plan Width": 8,
      "Actual Startup Time": 128.489,
      "Actual Total Time": 139.956,
      "Actual Rows": 1,
      "Actual Loops": 1,
      "Plans": [
        {
          "Node Type": "Gather",
          "Parent Relationship": "Outer",
          "Parallel Aware": false,
          "Startup Cost": 44837.52,
          "Total Cost": 44837.83,
          "Plan Rows": 3,
          "Plan Width": 8,
          "Actual Startup Time": 128.363,
          "Actual Total Time": 139.946,
          "Actual Rows": 4,
          "Actual Loops": 1,
          "Workers Planned": 3,
          "Workers Launched": 3,
          "Single Copy": false,
          "Plans": [
            {
              "Node Type": "Aggregate",
              "Strategy": "Plain",
              "Partial Mode": "Partial",
              "Parent Relationship": "Outer",
              "Parallel Aware": false,
              "Startup Cost": 43837.52,
              "Total Cost": 43837.53,
              "Plan Rows": 1,
              "Plan Width": 8,
              "Actual Startup Time": 124.495,
              "Actual Total Time": 124.496,
              "Actual Rows": 1,
              "Actual Loops": 4,
              "Plans": [
                {
                  "Node Type": "Seq Scan",
                  "Parent Relationship": "Outer",
                  "Parallel Aware": true,
                  "Relation Name": "movie_keyword",
                  "Alias": "mk",
                  "Startup Cost": 0.0,
                  "Total Cost": 42695.65,
                  "Plan Rows": 456747,
                  "Plan Width": 0,
                  "Actual Startup Time": 1.471,
                  "Actual Total Time": 106.973,
                  "Actual Rows": 352864,
                  "Actual Loops": 4,
                  "Filter": "(keyword_id > 11845)",
                  "Rows Removed by Filter": 778118
                }
              ]
            }
          ]
        }
      ]
    },
    "Planning Time": 0.157,
    "Triggers": [],
    "Execution Time": 140.0
  }
]