[
    {
        "Bao": {
            "Bao prediction": 641.908,
            "Bao recommended hint": "(no hint)"
        }
    },
    {
        "Plan": {
            "Node Type": "Aggregate",
            "Strategy": "Plain",
            "Partial Mode": "Finalize",
            "Parallel Aware": false,
            "Startup Cost": 30816.95,
            "Total Cost": 30816.96,
            "Plan Rows": 1,
            "Plan Width": 8,
            "Actual Startup Time": 95.635,
            "Actual Total Time": 102.281,
            "Actual Rows": 1,
            "Actual Loops": 1,
            "Output": [
                "count(*)"
            ],
            "Plans": [
                {
                    "Node Type": "Gather",
                    "Parent Relationship": "Outer",
                    "Parallel Aware": false,
                    "Startup Cost": 30816.64,
                    "Total Cost": 30816.95,
                    "Plan Rows": 3,
                    "Plan Width": 8,
                    "Actual Startup Time": 95.3,
                    "Actual Total Time": 102.273,
                    "Actual Rows": 4,
                    "Actual Loops": 1,
                    "Output": [
                        "(PARTIAL count(*))"
                    ],
                    "Workers Planned": 3,
                    "Workers Launched": 3,
                    "Single Copy": false,
                    "Plans": [
                        {
                            "Node Type": "Aggregate",
                            "Strategy": "Plain",
                            "Partial Mode": "Partial",
                            "Parent Relationship": "Outer",
                            "Parallel Aware": false,
                            "Startup Cost": 29816.64,
                            "Total Cost": 29816.65,
                            "Plan Rows": 1,
                            "Plan Width": 8,
                            "Actual Startup Time": 87.21,
                            "Actual Total Time": 87.213,
                            "Actual Rows": 1,
                            "Actual Loops": 4,
                            "Output": [
                                "PARTIAL count(*)"
                            ],
                            "Workers": [
                                {
                                    "Worker Number": 0,
                                    "Actual Startup Time": 84.422,
                                    "Actual Total Time": 84.423,
                                    "Actual Rows": 1,
                                    "Actual Loops": 1
                                },
                                {
                                    "Worker Number": 1,
                                    "Actual Startup Time": 84.833,
                                    "Actual Total Time": 84.834,
                                    "Actual Rows": 1,
                                    "Actual Loops": 1
                                },
                                {
                                    "Worker Number": 2,
                                    "Actual Startup Time": 84.849,
                                    "Actual Total Time": 84.857,
                                    "Actual Rows": 1,
                                    "Actual Loops": 1
                                }
                            ],
                            "Plans": [
                                {
                                    "Node Type": "Bitmap Heap Scan",
                                    "Parent Relationship": "Outer",
                                    "Parallel Aware": true,
                                    "Relation Name": "movie_keyword",
                                    "Schema": "public",
                                    "Alias": "mk",
                                    "Startup Cost": 4367.04,
                                    "Total Cost": 29650.7,
                                    "Plan Rows": 66373,
                                    "Plan Width": 0,
                                    "Actual Startup Time": 30.159,
                                    "Actual Total Time": 83.597,
                                    "Actual Rows": 51029,
                                    "Actual Loops": 4,
                                    "Recheck Cond": "(mk.keyword_id > 67772)",
                                    "Rows Removed by Index Recheck": 0,
                                    "Exact Heap Blocks": 12154,
                                    "Lossy Heap Blocks": 0,
                                    "Workers": [
                                        {
                                            "Worker Number": 0,
                                            "Actual Startup Time": 27.655,
                                            "Actual Total Time": 81.496,
                                            "Actual Rows": 26152,
                                            "Actual Loops": 1
                                        },
                                        {
                                            "Worker Number": 1,
                                            "Actual Startup Time": 27.874,
                                            "Actual Total Time": 81.614,
                                            "Actual Rows": 28443,
                                            "Actual Loops": 1
                                        },
                                        {
                                            "Worker Number": 2,
                                            "Actual Startup Time": 27.738,
                                            "Actual Total Time": 81.644,
                                            "Actual Rows": 28544,
                                            "Actual Loops": 1
                                        }
                                    ],
                                    "Plans": [
                                        {
                                            "Node Type": "Bitmap Index Scan",
                                            "Parent Relationship": "Outer",
                                            "Parallel Aware": false,
                                            "Index Name": "keyword_id_movie_keyword",
                                            "Startup Cost": 0.0,
                                            "Total Cost": 4315.6,
                                            "Plan Rows": 205756,
                                            "Plan Width": 0,
                                            "Actual Startup Time": 32.408,
                                            "Actual Total Time": 32.408,
                                            "Actual Rows": 204117,
                                            "Actual Loops": 1,
                                            "Index Cond": "(mk.keyword_id > 67772)"
                                        }
                                    ]
                                }
                            ]
                        }
                    ]
                }
            ]
        },
        "Planning Time": 431.119,
        "Triggers": [],
        "Execution Time": 102.374
    }
]