[
    {
        "Bao": {
            "Bao prediction": "NaN",
            "Bao recommended hint": "(no hint)"
        }
    },
    {
        "Plan": {
            "Node Type": "Aggregate",
            "Strategy": "Plain",
            "Partial Mode": "Finalize",
            "Parallel Aware": false,
            "Startup Cost": 33056.19,
            "Total Cost": 33056.2,
            "Plan Rows": 1,
            "Plan Width": 8,
            "Actual Startup Time": 97.101,
            "Actual Total Time": 103.596,
            "Actual Rows": 1,
            "Actual Loops": 1,
            "Output": [
                "count(*)"
            ],
            "Plans": [
                {
                    "Node Type": "Gather",
                    "Parent Relationship": "Outer",
                    "Parallel Aware": false,
                    "Startup Cost": 33055.87,
                    "Total Cost": 33056.18,
                    "Plan Rows": 3,
                    "Plan Width": 8,
                    "Actual Startup Time": 96.975,
                    "Actual Total Time": 103.588,
                    "Actual Rows": 4,
                    "Actual Loops": 1,
                    "Output": [
                        "(PARTIAL count(*))"
                    ],
                    "Workers Planned": 3,
                    "Workers Launched": 3,
                    "Single Copy": false,
                    "Plans": [
                        {
                            "Node Type": "Aggregate",
                            "Strategy": "Plain",
                            "Partial Mode": "Partial",
                            "Parent Relationship": "Outer",
                            "Parallel Aware": false,
                            "Startup Cost": 32055.87,
                            "Total Cost": 32055.88,
                            "Plan Rows": 1,
                            "Plan Width": 8,
                            "Actual Startup Time": 88.601,
                            "Actual Total Time": 88.603,
                            "Actual Rows": 1,
                            "Actual Loops": 4,
                            "Output": [
                                "PARTIAL count(*)"
                            ],
                            "Workers": [
                                {
                                    "Worker Number": 0,
                                    "Actual Startup Time": 85.615,
                                    "Actual Total Time": 85.616,
                                    "Actual Rows": 1,
                                    "Actual Loops": 1
                                },
                                {
                                    "Worker Number": 1,
                                    "Actual Startup Time": 85.881,
                                    "Actual Total Time": 85.883,
                                    "Actual Rows": 1,
                                    "Actual Loops": 1
                                },
                                {
                                    "Worker Number": 2,
                                    "Actual Startup Time": 86.363,
                                    "Actual Total Time": 86.364,
                                    "Actual Rows": 1,
                                    "Actual Loops": 1
                                }
                            ],
                            "Plans": [
                                {
                                    "Node Type": "Seq Scan",
                                    "Parent Relationship": "Outer",
                                    "Parallel Aware": true,
                                    "Relation Name": "movie_companies",
                                    "Schema": "public",
                                    "Alias": "mc",
                                    "Startup Cost": 0.0,
                                    "Total Cost": 31414.82,
                                    "Plan Rows": 256420,
                                    "Plan Width": 0,
                                    "Actual Startup Time": 4.653,
                                    "Actual Total Time": 80.87,
                                    "Actual Rows": 145669,
                                    "Actual Loops": 4,
                                    "Output": [
                                        "id",
                                        "movie_id",
                                        "company_id",
                                        "company_type_id",
                                        "note"
                                    ],
                                    "Filter": "((mc.company_id > 4518) AND (mc.company_type_id < 2))",
                                    "Rows Removed by Filter": 506613,
                                    "Workers": [
                                        {
                                            "Worker Number": 0,
                                            "Actual Startup Time": 1.661,
                                            "Actual Total Time": 78.232,
                                            "Actual Rows": 145553,
                                            "Actual Loops": 1
                                        },
                                        {
                                            "Worker Number": 1,
                                            "Actual Startup Time": 2.016,
                                            "Actual Total Time": 78.616,
                                            "Actual Rows": 128995,
                                            "Actual Loops": 1
                                        },
                                        {
                                            "Worker Number": 2,
                                            "Actual Startup Time": 2.377,
                                            "Actual Total Time": 78.827,
                                            "Actual Rows": 105414,
                                            "Actual Loops": 1
                                        }
                                    ]
                                }
                            ]
                        }
                    ]
                }
            ]
        },
        "Planning Time": 282.494,
        "Triggers": [],
        "Execution Time": 103.652
    }
]