{
    "Plan": {
        "Node Type": "Aggregate",
        "Strategy": "Plain",
        "Partial Mode": "Simple",
        "Parallel Aware": false,
        "Startup Cost": 40000904829.8,
        "Total Cost": 40000904829.81,
        "Plan Rows": 1,
        "Plan Width": 64,
        "Actual Startup Time": 5047.186,
        "Actual Total Time": 5078.646,
        "Actual Rows": 1,
        "Actual Loops": 1,
        "Output": [
            "min(chn.name)",
            "min(t.title)"
        ],
        "Plans": [
            {
                "Node Type": "Hash Join",
                "Parent Relationship": "Outer",
                "Parallel Aware": false,
                "Join Type": "Inner",
                "Startup Cost": 40000898851.73,
                "Total Cost": 40000903835.49,
                "Plan Rows": 198862,
                "Plan Width": 33,
                "Actual Startup Time": 5027.026,
                "Actual Total Time": 5069.645,
                "Actual Rows": 128526,
                "Actual Loops": 1,
                "Output": [
                    "chn.name",
                    "t.title"
                ],
                "Inner Unique": false,
                "Hash Cond": "(rt.id = ci.role_id)",
                "Plans": [
                    {
                        "Node Type": "Index Scan",
                        "Parent Relationship": "Outer",
                        "Parallel Aware": false,
                        "Scan Direction": "Forward",
                        "Index Name": "role_type_pkey",
                        "Relation Name": "role_type",
                        "Schema": "public",
                        "Alias": "rt",
                        "Startup Cost": 10000000000.14,
                        "Total Cost": 10000000012.32,
                        "Plan Rows": 12,
                        "Plan Width": 4,
                        "Actual Startup Time": 0.013,
                        "Actual Total Time": 0.021,
                        "Actual Rows": 12,
                        "Actual Loops": 1,
                        "Output": [
                            "rt.id",
                            "rt.role"
                        ]
                    },
                    {
                        "Node Type": "Hash",
                        "Parent Relationship": "Inner",
                        "Parallel Aware": false,
                        "Startup Cost": 30000896365.82,
                        "Total Cost": 30000896365.82,
                        "Plan Rows": 198862,
                        "Plan Width": 37,
                        "Actual Startup Time": 5026.621,
                        "Actual Total Time": 5058.079,
                        "Actual Rows": 128526,
                        "Actual Loops": 1,
                        "Output": [
                            "chn.name",
                            "ci.role_id",
                            "t.title"
                        ],
                        "Hash Buckets": 262144,
                        "Original Hash Buckets": 262144,
                        "Hash Batches": 1,
                        "Original Hash Batches": 1,
                        "Peak Memory Usage": 11064,
                        "Plans": [
                            {
                                "Node Type": "Merge Join",
                                "Parent Relationship": "Outer",
                                "Parallel Aware": false,
                                "Join Type": "Inner",
                                "Startup Cost": 30000758396.42,
                                "Total Cost": 30000896365.82,
                                "Plan Rows": 198862,
                                "Plan Width": 37,
                                "Actual Startup Time": 3632.281,
                                "Actual Total Time": 5032.741,
                                "Actual Rows": 128526,
                                "Actual Loops": 1,
                                "Output": [
                                    "chn.name",
                                    "ci.role_id",
                                    "t.title"
                                ],
                                "Inner Unique": false,
                                "Merge Cond": "(chn.id = ci.person_role_id)",
                                "Plans": [
                                    {
                                        "Node Type": "Index Scan",
                                        "Parent Relationship": "Outer",
                                        "Parallel Aware": false,
                                        "Scan Direction": "Forward",
                                        "Index Name": "char_name_pkey",
                                        "Relation Name": "char_name",
                                        "Schema": "public",
                                        "Alias": "chn",
                                        "Startup Cost": 10000000000.43,
                                        "Total Cost": 10000128715.63,
                                        "Plan Rows": 3140227,
                                        "Plan Width": 20,
                                        "Actual Startup Time": 0.015,
                                        "Actual Total Time": 1128.541,
                                        "Actual Rows": 3138725,
                                        "Actual Loops": 1,
                                        "Output": [
                                            "chn.id",
                                            "chn.name",
                                            "chn.imdb_index",
                                            "chn.imdb_id",
                                            "chn.name_pcode_nf",
                                            "chn.surname_pcode",
                                            "chn.md5sum"
                                        ]
                                    },
                                    {
                                        "Node Type": "Sort",
                                        "Parent Relationship": "Inner",
                                        "Parallel Aware": false,
                                        "Startup Cost": 20000758345.78,
                                        "Total Cost": 20000758842.93,
                                        "Plan Rows": 198862,
                                        "Plan Width": 25,
                                        "Actual Startup Time": 3632.255,
                                        "Actual Total Time": 3689.359,
                                        "Actual Rows": 128527,
                                        "Actual Loops": 1,
                                        "Output": [
                                            "ci.person_role_id",
                                            "ci.role_id",
                                            "t.title"
                                        ],
                                        "Sort Key": [
                                            "ci.person_role_id"
                                        ],
                                        "Sort Method": "quicksort",
                                        "Sort Space Used": 17173,
                                        "Sort Space Type": "Memory",
                                        "Plans": [
                                            {
                                                "Node Type": "Gather",
                                                "Parent Relationship": "Outer",
                                                "Parallel Aware": false,
                                                "Startup Cost": 20000512814.01,
                                                "Total Cost": 20000740844.52,
                                                "Plan Rows": 198862,
                                                "Plan Width": 25,
                                                "Actual Startup Time": 3528.781,
                                                "Actual Total Time": 3634.458,
                                                "Actual Rows": 137432,
                                                "Actual Loops": 1,
                                                "Output": [
                                                    "ci.person_role_id",
                                                    "ci.role_id",
                                                    "t.title"
                                                ],
                                                "Workers Planned": 1,
                                                "Workers Launched": 1,
                                                "Single Copy": false,
                                                "Plans": [
                                                    {
                                                        "Node Type": "Hash Join",
                                                        "Parent Relationship": "Outer",
                                                        "Parallel Aware": true,
                                                        "Join Type": "Inner",
                                                        "Startup Cost": 20000511814.01,
                                                        "Total Cost": 20000719958.32,
                                                        "Plan Rows": 116978,
                                                        "Plan Width": 25,
                                                        "Actual Startup Time": 3521.854,
                                                        "Actual Total Time": 3555.443,
                                                        "Actual Rows": 68716,
                                                        "Actual Loops": 2,
                                                        "Output": [
                                                            "ci.person_role_id",
                                                            "ci.role_id",
                                                            "t.title"
                                                        ],
                                                        "Inner Unique": false,
                                                        "Hash Cond": "(cn.id = mc.company_id)",
                                                        "Workers": [
                                                            {
                                                                "Worker Number": 0,
                                                                "Actual Startup Time": 3515.873,
                                                                "Actual Total Time": 3551.613,
                                                                "Actual Rows": 76695,
                                                                "Actual Loops": 1
                                                            }
                                                        ],
                                                        "Plans": [
                                                            {
                                                                "Node Type": "Seq Scan",
                                                                "Parent Relationship": "Outer",
                                                                "Parallel Aware": true,
                                                                "Relation Name": "company_name",
                                                                "Schema": "public",
                                                                "Alias": "cn",
                                                                "Startup Cost": 10000000000.0,
                                                                "Total Cost": 10000004722.92,
                                                                "Plan Rows": 49589,
                                                                "Plan Width": 4,
                                                                "Actual Startup Time": 0.038,
                                                                "Actual Total Time": 14.369,
                                                                "Actual Rows": 42422,
                                                                "Actual Loops": 2,
                                                                "Output": [
                                                                    "cn.id",
                                                                    "cn.name",
                                                                    "cn.country_code",
                                                                    "cn.imdb_id",
                                                                    "cn.name_pcode_nf",
                                                                    "cn.name_pcode_sf",
                                                                    "cn.md5sum"
                                                                ],
                                                                "Filter": "((cn.country_code)::text = '[us]'::text)",
                                                                "Rows Removed by Filter": 75077,
                                                                "Workers": [
                                                                    {
                                                                        "Worker Number": 0,
                                                                        "Actual Startup Time": 0.057,
                                                                        "Actual Total Time": 15.469,
                                                                        "Actual Rows": 40154,
                                                                        "Actual Loops": 1
                                                                    }
                                                                ]
                                                            },
                                                            {
                                                                "Node Type": "Hash",
                                                                "Parent Relationship": "Inner",
                                                                "Parallel Aware": true,
                                                                "Startup Cost": 10000510081.67,
                                                                "Total Cost": 10000510081.67,
                                                                "Plan Rows": 138587,
                                                                "Plan Width": 29,
                                                                "Actual Startup Time": 3512.912,
                                                                "Actual Total Time": 3512.921,
                                                                "Actual Rows": 161328,
                                                                "Actual Loops": 2,
                                                                "Output": [
                                                                    "ci.person_role_id",
                                                                    "ci.role_id",
                                                                    "mc.company_id",
                                                                    "t.title"
                                                                ],
                                                                "Hash Buckets": 1048576,
                                                                "Original Hash Buckets": 1048576,
                                                                "Hash Batches": 1,
                                                                "Original Hash Batches": 1,
                                                                "Peak Memory Usage": 29760,
                                                                "Workers": [
                                                                    {
                                                                        "Worker Number": 0,
                                                                        "Actual Startup Time": 3515.328,
                                                                        "Actual Total Time": 3515.336,
                                                                        "Actual Rows": 151566,
                                                                        "Actual Loops": 1
                                                                    }
                                                                ],
                                                                "Plans": [
                                                                    {
                                                                        "Node Type": "Hash Join",
                                                                        "Parent Relationship": "Outer",
                                                                        "Parallel Aware": true,
                                                                        "Join Type": "Inner",
                                                                        "Startup Cost": 10000462997.68,
                                                                        "Total Cost": 10000510081.67,
                                                                        "Plan Rows": 138587,
                                                                        "Plan Width": 29,
                                                                        "Actual Startup Time": 3066.255,
                                                                        "Actual Total Time": 3465.974,
                                                                        "Actual Rows": 161328,
                                                                        "Actual Loops": 2,
                                                                        "Output": [
                                                                            "ci.person_role_id",
                                                                            "ci.role_id",
                                                                            "mc.company_id",
                                                                            "t.title"
                                                                        ],
                                                                        "Inner Unique": false,
                                                                        "Hash Cond": "(t.id = ci.movie_id)",
                                                                        "Workers": [
                                                                            {
                                                                                "Worker Number": 0,
                                                                                "Actual Startup Time": 3066.323,
                                                                                "Actual Total Time": 3465.255,
                                                                                "Actual Rows": 151566,
                                                                                "Actual Loops": 1
                                                                            }
                                                                        ],
                                                                        "Plans": [
                                                                            {
                                                                                "Node Type": "Hash Join",
                                                                                "Parent Relationship": "Outer",
                                                                                "Parallel Aware": true,
                                                                                "Join Type": "Inner",
                                                                                "Startup Cost": 133195.19,
                                                                                "Total Cost": 178478.19,
                                                                                "Plan Rows": 171478,
                                                                                "Plan Width": 29,
                                                                                "Actual Startup Time": 926.281,
                                                                                "Actual Total Time": 1251.372,
                                                                                "Actual Rows": 262288,
                                                                                "Actual Loops": 2,
                                                                                "Output": [
                                                                                    "mc.movie_id",
                                                                                    "mc.company_id",
                                                                                    "t.title",
                                                                                    "t.id"
                                                                                ],
                                                                                "Inner Unique": false,
                                                                                "Hash Cond": "(t.id = mc.movie_id)",
                                                                                "Workers": [
                                                                                    {
                                                                                        "Worker Number": 0,
                                                                                        "Actual Startup Time": 926.371,
                                                                                        "Actual Total Time": 1252.452,
                                                                                        "Actual Rows": 229500,
                                                                                        "Actual Loops": 1
                                                                                    }
                                                                                ],
                                                                                "Plans": [
                                                                                    {
                                                                                        "Node Type": "Seq Scan",
                                                                                        "Parent Relationship": "Outer",
                                                                                        "Parallel Aware": true,
                                                                                        "Relation Name": "title",
                                                                                        "Schema": "public",
                                                                                        "Alias": "t",
                                                                                        "Startup Cost": 0.0,
                                                                                        "Total Cost": 43899.01,
                                                                                        "Plan Rows": 166168,
                                                                                        "Plan Width": 21,
                                                                                        "Actual Startup Time": 0.095,
                                                                                        "Actual Total Time": 147.264,
                                                                                        "Actual Rows": 331032,
                                                                                        "Actual Loops": 2,
                                                                                        "Output": [
                                                                                            "t.id",
                                                                                            "t.title",
                                                                                            "t.imdb_index",
                                                                                            "t.kind_id",
                                                                                            "t.production_year",
                                                                                            "t.imdb_id",
                                                                                            "t.phonetic_code",
                                                                                            "t.episode_of_id",
                                                                                            "t.season_nr",
                                                                                            "t.episode_nr",
                                                                                            "t.series_years",
                                                                                            "t.md5sum"
                                                                                        ],
                                                                                        "Filter": "(t.production_year > 2008)",
                                                                                        "Rows Removed by Filter": 933124,
                                                                                        "Workers": [
                                                                                            {
                                                                                                "Worker Number": 0,
                                                                                                "Actual Startup Time": 0.17,
                                                                                                "Actual Total Time": 152.768,
                                                                                                "Actual Rows": 284597,
                                                                                                "Actual Loops": 1
                                                                                            }
                                                                                        ]
                                                                                    },
                                                                                    {
                                                                                        "Node Type": "Hash",
                                                                                        "Parent Relationship": "Inner",
                                                                                        "Parallel Aware": true,
                                                                                        "Startup Cost": 122674.5,
                                                                                        "Total Cost": 122674.5,
                                                                                        "Plan Rows": 841655,
                                                                                        "Plan Width": 8,
                                                                                        "Actual Startup Time": 914.618,
                                                                                        "Actual Total Time": 914.621,
                                                                                        "Actual Rows": 1304564,
                                                                                        "Actual Loops": 2,
                                                                                        "Output": [
                                                                                            "mc.movie_id",
                                                                                            "mc.company_id"
                                                                                        ],
                                                                                        "Hash Buckets": 4194304,
                                                                                        "Original Hash Buckets": 4194304,
                                                                                        "Hash Batches": 1,
                                                                                        "Original Hash Batches": 1,
                                                                                        "Peak Memory Usage": 134848,
                                                                                        "Workers": [
                                                                                            {
                                                                                                "Worker Number": 0,
                                                                                                "Actual Startup Time": 925.949,
                                                                                                "Actual Total Time": 925.953,
                                                                                                "Actual Rows": 1015103,
                                                                                                "Actual Loops": 1
                                                                                            }
                                                                                        ],
                                                                                        "Plans": [
                                                                                            {
                                                                                                "Node Type": "Merge Join",
                                                                                                "Parent Relationship": "Outer",
                                                                                                "Parallel Aware": false,
                                                                                                "Join Type": "Inner",
                                                                                                "Startup Cost": 110037.6,
                                                                                                "Total Cost": 122674.5,
                                                                                                "Plan Rows": 841655,
                                                                                                "Plan Width": 8,
                                                                                                "Actual Startup Time": 294.117,
                                                                                                "Actual Total Time": 475.601,
                                                                                                "Actual Rows": 1304564,
                                                                                                "Actual Loops": 2,
                                                                                                "Output": [
                                                                                                    "mc.movie_id",
                                                                                                    "mc.company_id"
                                                                                                ],
                                                                                                "Inner Unique": true,
                                                                                                "Merge Cond": "(mc.company_type_id = ct.id)",
                                                                                                "Workers": [
                                                                                                    {
                                                                                                        "Worker Number": 0,
                                                                                                        "Actual Startup Time": 293.317,
                                                                                                        "Actual Total Time": 434.391,
                                                                                                        "Actual Rows": 1015103,
                                                                                                        "Actual Loops": 1
                                                                                                    }
                                                                                                ],
                                                                                                "Plans": [
                                                                                                    {
                                                                                                        "Node Type": "Sort",
                                                                                                        "Parent Relationship": "Outer",
                                                                                                        "Parallel Aware": false,
                                                                                                        "Startup Cost": 110037.47,
                                                                                                        "Total Cost": 112141.61,
                                                                                                        "Plan Rows": 841655,
                                                                                                        "Plan Width": 12,
                                                                                                        "Actual Startup Time": 294.034,
                                                                                                        "Actual Total Time": 339.641,
                                                                                                        "Actual Rows": 1304564,
                                                                                                        "Actual Loops": 2,
                                                                                                        "Output": [
                                                                                                            "mc.movie_id",
                                                                                                            "mc.company_id",
                                                                                                            "mc.company_type_id"
                                                                                                        ],
                                                                                                        "Sort Key": [
                                                                                                            "mc.company_type_id"
                                                                                                        ],
                                                                                                        "Sort Method": "quicksort",
                                                                                                        "Sort Space Used": 123872,
                                                                                                        "Sort Space Type": "Memory",
                                                                                                        "Workers": [
                                                                                                            {
                                                                                                                "Worker Number": 0,
                                                                                                                "Actual Startup Time": 293.173,
                                                                                                                "Actual Total Time": 329.07,
                                                                                                                "Actual Rows": 1015103,
                                                                                                                "Actual Loops": 1
                                                                                                            }
                                                                                                        ],
                                                                                                        "Plans": [
                                                                                                            {
                                                                                                                "Node Type": "Seq Scan",
                                                                                                                "Parent Relationship": "Outer",
                                                                                                                "Parallel Aware": true,
                                                                                                                "Relation Name": "movie_companies",
                                                                                                                "Schema": "public",
                                                                                                                "Alias": "mc",
                                                                                                                "Startup Cost": 0.0,
                                                                                                                "Total Cost": 27206.55,
                                                                                                                "Plan Rows": 841655,
                                                                                                                "Plan Width": 12,
                                                                                                                "Actual Startup Time": 0.038,
                                                                                                                "Actual Total Time": 156.079,
                                                                                                                "Actual Rows": 1304564,
                                                                                                                "Actual Loops": 2,
                                                                                                                "Output": [
                                                                                                                    "mc.movie_id",
                                                                                                                    "mc.company_id",
                                                                                                                    "mc.company_type_id"
                                                                                                                ],
                                                                                                                "Workers": [
                                                                                                                    {
                                                                                                                        "Worker Number": 0,
                                                                                                                        "Actual Startup Time": 0.066,
                                                                                                                        "Actual Total Time": 154.78,
                                                                                                                        "Actual Rows": 1015103,
                                                                                                                        "Actual Loops": 1
                                                                                                                    }
                                                                                                                ]
                                                                                                            }
                                                                                                        ]
                                                                                                    },
                                                                                                    {
                                                                                                        "Node Type": "Index Scan",
                                                                                                        "Parent Relationship": "Inner",
                                                                                                        "Parallel Aware": false,
                                                                                                        "Scan Direction": "Forward",
                                                                                                        "Index Name": "company_type_pkey",
                                                                                                        "Relation Name": "company_type",
                                                                                                        "Schema": "public",
                                                                                                        "Alias": "ct",
                                                                                                        "Startup Cost": 0.13,
                                                                                                        "Total Cost": 12.19,
                                                                                                        "Plan Rows": 4,
                                                                                                        "Plan Width": 4,
                                                                                                        "Actual Startup Time": 0.075,
                                                                                                        "Actual Total Time": 0.084,
                                                                                                        "Actual Rows": 2,
                                                                                                        "Actual Loops": 2,
                                                                                                        "Output": [
                                                                                                            "ct.id",
                                                                                                            "ct.kind"
                                                                                                        ],
                                                                                                        "Workers": [
                                                                                                            {
                                                                                                                "Worker Number": 0,
                                                                                                                "Actual Startup Time": 0.133,
                                                                                                                "Actual Total Time": 0.143,
                                                                                                                "Actual Rows": 2,
                                                                                                                "Actual Loops": 1
                                                                                                            }
                                                                                                        ]
                                                                                                    }
                                                                                                ]
                                                                                            }
                                                                                        ]
                                                                                    }
                                                                                ]
                                                                            },
                                                                            {
                                                                                "Node Type": "Hash",
                                                                                "Parent Relationship": "Inner",
                                                                                "Parallel Aware": true,
                                                                                "Startup Cost": 10000328213.62,
                                                                                "Total Cost": 10000328213.62,
                                                                                "Plan Rows": 127110,
                                                                                "Plan Width": 12,
                                                                                "Actual Startup Time": 2134.76,
                                                                                "Actual Total Time": 2134.761,
                                                                                "Actual Rows": 395170,
                                                                                "Actual Loops": 2,
                                                                                "Output": [
                                                                                    "ci.movie_id",
                                                                                    "ci.person_role_id",
                                                                                    "ci.role_id"
                                                                                ],
                                                                                "Hash Buckets": 1048576,
                                                                                "Original Hash Buckets": 1048576,
                                                                                "Hash Batches": 1,
                                                                                "Original Hash Batches": 1,
                                                                                "Peak Memory Usage": 44768,
                                                                                "Workers": [
                                                                                    {
                                                                                        "Worker Number": 0,
                                                                                        "Actual Startup Time": 2139.676,
                                                                                        "Actual Total Time": 2139.677,
                                                                                        "Actual Rows": 300431,
                                                                                        "Actual Loops": 1
                                                                                    }
                                                                                ],
                                                                                "Plans": [
                                                                                    {
                                                                                        "Node Type": "Seq Scan",
                                                                                        "Parent Relationship": "Outer",
                                                                                        "Parallel Aware": true,
                                                                                        "Relation Name": "cast_info",
                                                                                        "Schema": "public",
                                                                                        "Alias": "ci",
                                                                                        "Startup Cost": 10000000000.0,
                                                                                        "Total Cost": 10000328213.62,
                                                                                        "Plan Rows": 127110,
                                                                                        "Plan Width": 12,
                                                                                        "Actual Startup Time": 0.087,
                                                                                        "Actual Total Time": 1985.823,
                                                                                        "Actual Rows": 395170,
                                                                                        "Actual Loops": 2,
                                                                                        "Output": [
                                                                                            "ci.movie_id",
                                                                                            "ci.person_role_id",
                                                                                            "ci.role_id"
                                                                                        ],
                                                                                        "Filter": "(ci.note ~~ '%(voice)%'::text)",
                                                                                        "Rows Removed by Filter": 17727002,
                                                                                        "Workers": [
                                                                                            {
                                                                                                "Worker Number": 0,
                                                                                                "Actual Startup Time": 0.151,
                                                                                                "Actual Total Time": 1985.992,
                                                                                                "Actual Rows": 300431,
                                                                                                "Actual Loops": 1
                                                                                            }
                                                                                        ]
                                                                                    }
                                                                                ]
                                                                            }
                                                                        ]
                                                                    }
                                                                ]
                                                            }
                                                        ]
                                                    }
                                                ]
                                            }
                                        ]
                                    }
                                ]
                            }
                        ]
                    }
                ]
            }
        ]
    },
    "Planning Time": 3.161,
    "Triggers": [],
    "Execution Time": 5078.864
}