[
  {
    "Plan": {
      "Node Type": "Aggregate",
      "Strategy": "Plain",
      "Partial Mode": "Finalize",
      "Parallel Aware": false,
      "Startup Cost": 339729.44,
      "Total Cost": 339729.45,
      "Plan Rows": 1,
      "Plan Width": 8,
      "Actual Startup Time": 805.094,
      "Actual Total Time": 847.959,
      "Actual Rows": 1,
      "Actual Loops": 1,
      "Plans": [
        {
          "Node Type": "Gather",
          "Parent Relationship": "Outer",
          "Parallel Aware": false,
          "Startup Cost": 339728.82,
          "Total Cost": 339729.43,
          "Plan Rows": 6,
          "Plan Width": 8,
          "Actual Startup Time": 804.9,
          "Actual Total Time": 847.945,
          "Actual Rows": 7,
          "Actual Loops": 1,
          "Workers Planned": 6,
          "Workers Launched": 6,
          "Single Copy": false,
          "Plans": [
            {
              "Node Type": "Aggregate",
              "Strategy": "Plain",
              "Partial Mode": "Partial",
              "Parent Relationship": "Outer",
              "Parallel Aware": false,
              "Startup Cost": 338728.82,
              "Total Cost": 338728.83,
              "Plan Rows": 1,
              "Plan Width": 8,
              "Actual Startup Time": 797.404,
              "Actual Total Time": 797.405,
              "Actual Rows": 1,
              "Actual Loops": 7,
              "Plans": [
                {
                  "Node Type": "Seq Scan",
                  "Parent Relationship": "Outer",
                  "Parallel Aware": true,
                  "Relation Name": "cast_info",
                  "Alias": "ci",
                  "Startup Cost": 0.0,
                  "Total Cost": 328211.39,
                  "Plan Rows": 4206971,
                  "Plan Width": 0,
                  "Actual Startup Time": 0.049,
                  "Actual Total Time": 620.868,
                  "Actual Rows": 3620296,
                  "Actual Loops": 7,
                  "Filter": "(person_id < 2616334)",
                  "Rows Removed by Filter": 1557467
                }
              ]
            }
          ]
        }
      ]
    },
    "Planning Time": 0.207,
    "Triggers": [],
    "Execution Time": 848.032
  }
]