[
  {
    "Plan": {
      "Node Type": "Aggregate",
      "Strategy": "Plain",
      "Partial Mode": "Finalize",
      "Parallel Aware": false,
      "Startup Cost": 33218.31,
      "Total Cost": 33218.32,
      "Plan Rows": 1,
      "Plan Width": 8,
      "Actual Startup Time": 123.579,
      "Actual Total Time": 133.856,
      "Actual Rows": 1,
      "Actual Loops": 1,
      "Plans": [
        {
          "Node Type": "Gather",
          "Parent Relationship": "Outer",
          "Parallel Aware": false,
          "Startup Cost": 33217.99,
          "Total Cost": 33218.3,
          "Plan Rows": 3,
          "Plan Width": 8,
          "Actual Startup Time": 123.45,
          "Actual Total Time": 133.846,
          "Actual Rows": 4,
          "Actual Loops": 1,
          "Workers Planned": 3,
          "Workers Launched": 3,
          "Single Copy": false,
          "Plans": [
            {
              "Node Type": "Aggregate",
              "Strategy": "Plain",
              "Partial Mode": "Partial",
              "Parent Relationship": "Outer",
              "Parallel Aware": false,
              "Startup Cost": 32217.99,
              "Total Cost": 32218.0,
              "Plan Rows": 1,
              "Plan Width": 8,
              "Actual Startup Time": 116.745,
              "Actual Total Time": 116.746,
              "Actual Rows": 1,
              "Actual Loops": 4,
              "Plans": [
                {
                  "Node Type": "Seq Scan",
                  "Parent Relationship": "Outer",
                  "Parallel Aware": true,
                  "Relation Name": "movie_companies",
                  "Alias": "mc",
                  "Startup Cost": 0.0,
                  "Total Cost": 31414.82,
                  "Plan Rows": 321270,
                  "Plan Width": 0,
                  "Actual Startup Time": 52.039,
                  "Actual Total Time": 100.331,
                  "Actual Rows": 287579,
                  "Actual Loops": 4,
                  "Filter": "((company_id > 909) AND (company_type_id > 1))",
                  "Rows Removed by Filter": 364704
                }
              ]
            }
          ]
        }
      ]
    },
    "Planning Time": 0.216,
    "Triggers": [],
    "Execution Time": 133.912
  }
]