[
  {
    "Plan": {
      "Node Type": "Aggregate",
      "Strategy": "Plain",
      "Partial Mode": "Finalize",
      "Parallel Aware": false,
      "Startup Cost": 30632.4,
      "Total Cost": 30632.41,
      "Plan Rows": 1,
      "Plan Width": 8,
      "Actual Startup Time": 66.584,
      "Actual Total Time": 71.73,
      "Actual Rows": 1,
      "Actual Loops": 1,
      "Plans": [
        {
          "Node Type": "Gather",
          "Parent Relationship": "Outer",
          "Parallel Aware": false,
          "Startup Cost": 30631.98,
          "Total Cost": 30632.39,
          "Plan Rows": 4,
          "Plan Width": 8,
          "Actual Startup Time": 66.432,
          "Actual Total Time": 71.722,
          "Actual Rows": 5,
          "Actual Loops": 1,
          "Workers Planned": 4,
          "Workers Launched": 4,
          "Single Copy": false,
          "Plans": [
            {
              "Node Type": "Aggregate",
              "Strategy": "Plain",
              "Partial Mode": "Partial",
              "Parent Relationship": "Outer",
              "Parallel Aware": false,
              "Startup Cost": 29631.98,
              "Total Cost": 29631.99,
              "Plan Rows": 1,
              "Plan Width": 8,
              "Actual Startup Time": 56.96,
              "Actual Total Time": 56.961,
              "Actual Rows": 1,
              "Actual Loops": 5,
              "Plans": [
                {
                  "Node Type": "Index Scan",
                  "Parent Relationship": "Outer",
                  "Parallel Aware": true,
                  "Scan Direction": "Forward",
                  "Index Name": "role_id_cast_info",
                  "Relation Name": "cast_info",
                  "Alias": "ci",
                  "Startup Cost": 0.56,
                  "Total Cost": 29567.14,
                  "Plan Rows": 25934,
                  "Plan Width": 0,
                  "Actual Startup Time": 0.2,
                  "Actual Total Time": 55.76,
                  "Actual Rows": 9598,
                  "Actual Loops": 5,
                  "Index Cond": "(role_id = 9)",
                  "Rows Removed by Index Recheck": 0,
                  "Filter": "(person_id < 351489)",
                  "Rows Removed by Filter": 209113
                }
              ]
            }
          ]
        }
      ]
    },
    "Planning Time": 0.248,
    "Triggers": [],
    "Execution Time": 71.788
  }
]