[
  {
    "Plan": {
      "Node Type": "Aggregate",
      "Strategy": "Plain",
      "Partial Mode": "Finalize",
      "Parallel Aware": false,
      "Startup Cost": 157886.98,
      "Total Cost": 157886.99,
      "Plan Rows": 1,
      "Plan Width": 8,
      "Actual Startup Time": 311.794,
      "Actual Total Time": 329.43,
      "Actual Rows": 1,
      "Actual Loops": 1,
      "Plans": [
        {
          "Node Type": "Gather",
          "Parent Relationship": "Outer",
          "Parallel Aware": false,
          "Startup Cost": 157886.46,
          "Total Cost": 157886.97,
          "Plan Rows": 5,
          "Plan Width": 8,
          "Actual Startup Time": 307.143,
          "Actual Total Time": 329.421,
          "Actual Rows": 6,
          "Actual Loops": 1,
          "Workers Planned": 5,
          "Workers Launched": 5,
          "Single Copy": false,
          "Plans": [
            {
              "Node Type": "Aggregate",
              "Strategy": "Plain",
              "Partial Mode": "Partial",
              "Parent Relationship": "Outer",
              "Parallel Aware": false,
              "Startup Cost": 156886.46,
              "Total Cost": 156886.47,
              "Plan Rows": 1,
              "Plan Width": 8,
              "Actual Startup Time": 296.858,
              "Actual Total Time": 296.861,
              "Actual Rows": 1,
              "Actual Loops": 6,
              "Plans": [
                {
                  "Node Type": "Hash Join",
                  "Parent Relationship": "Outer",
                  "Parallel Aware": true,
                  "Join Type": "Inner",
                  "Startup Cost": 45975.66,
                  "Total Cost": 156789.76,
                  "Plan Rows": 38682,
                  "Plan Width": 0,
                  "Actual Startup Time": 257.106,
                  "Actual Total Time": 295.876,
                  "Actual Rows": 21701,
                  "Actual Loops": 6,
                  "Inner Unique": true,
                  "Hash Cond": "(ci.movie_id = t.id)",
                  "Plans": [
                    {
                      "Node Type": "Index Scan",
                      "Parent Relationship": "Outer",
                      "Parallel Aware": true,
                      "Scan Direction": "Forward",
                      "Index Name": "role_id_cast_info",
                      "Relation Name": "cast_info",
                      "Alias": "ci",
                      "Startup Cost": 0.56,
                      "Total Cost": 110428.26,
                      "Plan Rows": 147204,
                      "Plan Width": 4,
                      "Actual Startup Time": 123.287,
                      "Actual Total Time": 142.651,
                      "Actual Rows": 55228,
                      "Actual Loops": 6,
                      "Index Cond": "(role_id = 3)",
                      "Rows Removed by Index Recheck": 0,
                      "Filter": "(person_id > 3012909)",
                      "Rows Removed by Filter": 612778
                    },
                    {
                      "Node Type": "Hash",
                      "Parent Relationship": "Inner",
                      "Parallel Aware": true,
                      "Startup Cost": 43898.92,
                      "Total Cost": 43898.92,
                      "Plan Rows": 166094,
                      "Plan Width": 4,
                      "Actual Startup Time": 130.02,
                      "Actual Total Time": 130.021,
                      "Actual Rows": 110344,
                      "Actual Loops": 6,
                      "Hash Buckets": 1048576,
                      "Original Hash Buckets": 1048576,
                      "Hash Batches": 1,
                      "Original Hash Batches": 1,
                      "Peak Memory Usage": 34176,
                      "Plans": [
                        {
                          "Node Type": "Seq Scan",
                          "Parent Relationship": "Outer",
                          "Parallel Aware": true,
                          "Relation Name": "title",
                          "Alias": "t",
                          "Startup Cost": 0.0,
                          "Total Cost": 43898.92,
                          "Plan Rows": 166094,
                          "Plan Width": 4,
                          "Actual Startup Time": 0.039,
                          "Actual Total Time": 81.315,
                          "Actual Rows": 110344,
                          "Actual Loops": 6,
                          "Filter": "(production_year > 2008)",
                          "Rows Removed by Filter": 311041
                        }
                      ]
                    }
                  ]
                }
              ]
            }
          ]
        }
      ]
    },
    "Planning Time": 0.623,
    "Triggers": [],
    "Execution Time": 329.511
  }
]