{
  "Plan": {
    "Node Type": "Aggregate",
    "Strategy": "Plain",
    "Partial Mode": "Finalize",
    "Parallel Aware": false,
    "Startup Cost": 630041.06,
    "Total Cost": 630041.07,
    "Plan Rows": 1,
    "Plan Width": 8,
    "Actual Startup Time": 3246.434,
    "Actual Total Time": 3282.823,
    "Actual Rows": 1,
    "Actual Loops": 1,
    "Plans": [
      {
        "Node Type": "Gather",
        "Parent Relationship": "Outer",
        "Parallel Aware": false,
        "Startup Cost": 630040.95,
        "Total Cost": 630041.06,
        "Plan Rows": 1,
        "Plan Width": 8,
        "Actual Startup Time": 3242.316,
        "Actual Total Time": 3282.815,
        "Actual Rows": 2,
        "Actual Loops": 1,
        "Workers Planned": 1,
        "Workers Launched": 1,
        "Single Copy": false,
        "Plans": [
          {
            "Node Type": "Aggregate",
            "Strategy": "Plain",
            "Partial Mode": "Partial",
            "Parent Relationship": "Outer",
            "Parallel Aware": false,
            "Startup Cost": 629040.95,
            "Total Cost": 629040.96,
            "Plan Rows": 1,
            "Plan Width": 8,
            "Actual Startup Time": 3230.832,
            "Actual Total Time": 3230.837,
            "Actual Rows": 1,
            "Actual Loops": 2,
            "Plans": [
              {
                "Node Type": "Hash Join",
                "Parent Relationship": "Outer",
                "Parallel Aware": true,
                "Join Type": "Inner",
                "Startup Cost": 277286.78,
                "Total Cost": 621424.05,
                "Plan Rows": 3046759,
                "Plan Width": 0,
                "Actual Startup Time": 1035.626,
                "Actual Total Time": 3090.877,
                "Actual Rows": 3430600,
                "Actual Loops": 2,
                "Inner Unique": true,
                "Hash Cond": "(ci.movie_id = t.id)",
                "Plans": [
                  {
                    "Node Type": "Bitmap Heap Scan",
                    "Parent Relationship": "Outer",
                    "Parallel Aware": true,
                    "Relation Name": "cast_info",
                    "Alias": "ci",
                    "Startup Cost": 207826.08,
                    "Total Cost": 543965.6,
                    "Plan Rows": 3046759,
                    "Plan Width": 4,
                    "Actual Startup Time": 509.536,
                    "Actual Total Time": 1148.661,
                    "Actual Rows": 3430600,
                    "Actual Loops": 2,
                    "Recheck Cond": "(person_id < 938662)",
                    "Rows Removed by Index Recheck": 0,
                    "Filter": "(role_id < 3)",
                    "Rows Removed by Filter": 1342256,
                    "Exact Heap Blocks": 55383,
                    "Lossy Heap Blocks": 0,
                    "Plans": [
                      {
                        "Node Type": "Bitmap Index Scan",
                        "Parent Relationship": "Outer",
                        "Parallel Aware": false,
                        "Index Name": "person_id_cast_info",
                        "Startup Cost": 0.0,
                        "Total Cost": 206531.21,
                        "Plan Rows": 9457952,
                        "Plan Width": 0,
                        "Actual Startup Time": 492.181,
                        "Actual Total Time": 492.182,
                        "Actual Rows": 9545712,
                        "Actual Loops": 1,
                        "Index Cond": "(person_id < 938662)"
                      }
                    ]
                  },
                  {
                    "Node Type": "Hash",
                    "Parent Relationship": "Inner",
                    "Parallel Aware": true,
                    "Startup Cost": 50870.31,
                    "Total Cost": 50870.31,
                    "Plan Rows": 1487231,
                    "Plan Width": 4,
                    "Actual Startup Time": 506.582,
                    "Actual Total Time": 506.583,
                    "Actual Rows": 1264156,
                    "Actual Loops": 2,
                    "Hash Buckets": 4194304,
                    "Original Hash Buckets": 4194304,
                    "Hash Batches": 1,
                    "Original Hash Batches": 1,
                    "Peak Memory Usage": 131712,
                    "Plans": [
                      {
                        "Node Type": "Seq Scan",
                        "Parent Relationship": "Outer",
                        "Parallel Aware": true,
                        "Relation Name": "title",
                        "Alias": "t",
                        "Startup Cost": 0.0,
                        "Total Cost": 50870.31,
                        "Plan Rows": 1487231,
                        "Plan Width": 4,
                        "Actual Startup Time": 0.025,
                        "Actual Total Time": 149.729,
                        "Actual Rows": 1264156,
                        "Actual Loops": 2
                      }
                    ]
                  }
                ]
              }
            ]
          }
        ]
      }
    ]
  },
  "Planning Time": 0.431,
  "Triggers": [],
  "Execution Time": 3282.888
}