{
  "Plan": {
    "Node Type": "Aggregate",
    "Strategy": "Plain",
    "Partial Mode": "Finalize",
    "Parallel Aware": false,
    "Startup Cost": 114371.65,
    "Total Cost": 114371.66,
    "Plan Rows": 1,
    "Plan Width": 8,
    "Actual Startup Time": 259.889,
    "Actual Total Time": 274.857,
    "Actual Rows": 1,
    "Actual Loops": 1,
    "Plans": [
      {
        "Node Type": "Gather",
        "Parent Relationship": "Outer",
        "Parallel Aware": false,
        "Startup Cost": 114371.54,
        "Total Cost": 114371.65,
        "Plan Rows": 1,
        "Plan Width": 8,
        "Actual Startup Time": 259.69,
        "Actual Total Time": 274.849,
        "Actual Rows": 2,
        "Actual Loops": 1,
        "Workers Planned": 1,
        "Workers Launched": 1,
        "Single Copy": false,
        "Plans": [
          {
            "Node Type": "Aggregate",
            "Strategy": "Plain",
            "Partial Mode": "Partial",
            "Parent Relationship": "Outer",
            "Parallel Aware": false,
            "Startup Cost": 113371.54,
            "Total Cost": 113371.55,
            "Plan Rows": 1,
            "Plan Width": 8,
            "Actual Startup Time": 253.21,
            "Actual Total Time": 253.214,
            "Actual Rows": 1,
            "Actual Loops": 2,
            "Plans": [
              {
                "Node Type": "Nested Loop",
                "Parent Relationship": "Outer",
                "Parallel Aware": false,
                "Join Type": "Inner",
                "Startup Cost": 20917.48,
                "Total Cost": 113313.43,
                "Plan Rows": 23244,
                "Plan Width": 0,
                "Actual Startup Time": 27.666,
                "Actual Total Time": 252.969,
                "Actual Rows": 3842,
                "Actual Loops": 2,
                "Inner Unique": false,
                "Plans": [
                  {
                    "Node Type": "Hash Join",
                    "Parent Relationship": "Outer",
                    "Parallel Aware": true,
                    "Join Type": "Inner",
                    "Startup Cost": 20917.05,
                    "Total Cost": 81192.1,
                    "Plan Rows": 18624,
                    "Plan Width": 8,
                    "Actual Startup Time": 27.074,
                    "Actual Total Time": 242.41,
                    "Actual Rows": 3289,
                    "Actual Loops": 2,
                    "Inner Unique": false,
                    "Hash Cond": "(t.id = mc.movie_id)",
                    "Plans": [
                      {
                        "Node Type": "Seq Scan",
                        "Parent Relationship": "Outer",
                        "Parallel Aware": true,
                        "Relation Name": "title",
                        "Alias": "t",
                        "Startup Cost": 0.0,
                        "Total Cost": 50870.31,
                        "Plan Rows": 1487231,
                        "Plan Width": 4,
                        "Actual Startup Time": 0.011,
                        "Actual Total Time": 118.417,
                        "Actual Rows": 1264156,
                        "Actual Loops": 2
                      },
                      {
                        "Node Type": "Hash",
                        "Parent Relationship": "Inner",
                        "Parallel Aware": true,
                        "Startup Cost": 20684.25,
                        "Total Cost": 20684.25,
                        "Plan Rows": 18624,
                        "Plan Width": 4,
                        "Actual Startup Time": 25.302,
                        "Actual Total Time": 25.304,
                        "Actual Rows": 3289,
                        "Actual Loops": 2,
                        "Hash Buckets": 32768,
                        "Original Hash Buckets": 32768,
                        "Hash Batches": 1,
                        "Original Hash Batches": 1,
                        "Peak Memory Usage": 544,
                        "Plans": [
                          {
                            "Node Type": "Bitmap Heap Scan",
                            "Parent Relationship": "Outer",
                            "Parallel Aware": true,
                            "Relation Name": "movie_companies",
                            "Alias": "mc",
                            "Startup Cost": 1344.03,
                            "Total Cost": 20684.25,
                            "Plan Rows": 18624,
                            "Plan Width": 4,
                            "Actual Startup Time": 22.455,
                            "Actual Total Time": 24.445,
                            "Actual Rows": 3289,
                            "Actual Loops": 2,
                            "Recheck Cond": "(company_id = 6)",
                            "Rows Removed by Index Recheck": 0,
                            "Filter": "(company_type_id > 1)",
                            "Rows Removed by Filter": 27748,
                            "Exact Heap Blocks": 4427,
                            "Lossy Heap Blocks": 0,
                            "Plans": [
                              {
                                "Node Type": "Bitmap Index Scan",
                                "Parent Relationship": "Outer",
                                "Parallel Aware": false,
                                "Index Name": "company_id_movie_companies",
                                "Startup Cost": 0.0,
                                "Total Cost": 1336.12,
                                "Plan Rows": 62358,
                                "Plan Width": 0,
                                "Actual Startup Time": 8.705,
                                "Actual Total Time": 8.706,
                                "Actual Rows": 62075,
                                "Actual Loops": 1,
                                "Index Cond": "(company_id = 6)"
                              }
                            ]
                          }
                        ]
                      }
                    ]
                  },
                  {
                    "Node Type": "Index Scan",
                    "Parent Relationship": "Inner",
                    "Parallel Aware": false,
                    "Scan Direction": "Forward",
                    "Index Name": "movie_id_movie_keyword",
                    "Relation Name": "movie_keyword",
                    "Alias": "mk",
                    "Startup Cost": 0.43,
                    "Total Cost": 1.4,
                    "Plan Rows": 32,
                    "Plan Width": 4,
                    "Actual Startup Time": 0.003,
                    "Actual Total Time": 0.003,
                    "Actual Rows": 1,
                    "Actual Loops": 6578,
                    "Index Cond": "(movie_id = t.id)",
                    "Rows Removed by Index Recheck": 0,
                    "Filter": "(keyword_id < 12152)",
                    "Rows Removed by Filter": 0
                  }
                ]
              }
            ]
          }
        ]
      }
    ]
  },
  "Planning Time": 0.926,
  "Triggers": [],
  "Execution Time": 274.965
}