[
    {
        "Bao": {
            "Bao prediction": "NaN",
            "Bao recommended hint": "(no hint)"
        }
    },
    {
        "Plan": {
            "Node Type": "Aggregate",
            "Strategy": "Plain",
            "Partial Mode": "Finalize",
            "Parallel Aware": false,
            "Startup Cost": 32923.8,
            "Total Cost": 32923.81,
            "Plan Rows": 1,
            "Plan Width": 8,
            "Actual Startup Time": 103.194,
            "Actual Total Time": 108.348,
            "Actual Rows": 1,
            "Actual Loops": 1,
            "Output": [
                "count(*)"
            ],
            "Plans": [
                {
                    "Node Type": "Gather",
                    "Parent Relationship": "Outer",
                    "Parallel Aware": false,
                    "Startup Cost": 32923.48,
                    "Total Cost": 32923.79,
                    "Plan Rows": 3,
                    "Plan Width": 8,
                    "Actual Startup Time": 103.052,
                    "Actual Total Time": 108.341,
                    "Actual Rows": 4,
                    "Actual Loops": 1,
                    "Output": [
                        "(PARTIAL count(*))"
                    ],
                    "Workers Planned": 3,
                    "Workers Launched": 3,
                    "Single Copy": false,
                    "Plans": [
                        {
                            "Node Type": "Aggregate",
                            "Strategy": "Plain",
                            "Partial Mode": "Partial",
                            "Parent Relationship": "Outer",
                            "Parallel Aware": false,
                            "Startup Cost": 31923.48,
                            "Total Cost": 31923.49,
                            "Plan Rows": 1,
                            "Plan Width": 8,
                            "Actual Startup Time": 94.684,
                            "Actual Total Time": 94.686,
                            "Actual Rows": 1,
                            "Actual Loops": 4,
                            "Output": [
                                "PARTIAL count(*)"
                            ],
                            "Workers": [
                                {
                                    "Worker Number": 0,
                                    "Actual Startup Time": 91.823,
                                    "Actual Total Time": 91.824,
                                    "Actual Rows": 1,
                                    "Actual Loops": 1
                                },
                                {
                                    "Worker Number": 1,
                                    "Actual Startup Time": 92.195,
                                    "Actual Total Time": 92.196,
                                    "Actual Rows": 1,
                                    "Actual Loops": 1
                                },
                                {
                                    "Worker Number": 2,
                                    "Actual Startup Time": 92.289,
                                    "Actual Total Time": 92.29,
                                    "Actual Rows": 1,
                                    "Actual Loops": 1
                                }
                            ],
                            "Plans": [
                                {
                                    "Node Type": "Seq Scan",
                                    "Parent Relationship": "Outer",
                                    "Parallel Aware": true,
                                    "Relation Name": "movie_companies",
                                    "Schema": "public",
                                    "Alias": "mc",
                                    "Startup Cost": 0.0,
                                    "Total Cost": 31414.82,
                                    "Plan Rows": 203464,
                                    "Plan Width": 0,
                                    "Actual Startup Time": 51.465,
                                    "Actual Total Time": 88.944,
                                    "Actual Rows": 99838,
                                    "Actual Loops": 4,
                                    "Output": [
                                        "id",
                                        "movie_id",
                                        "company_id",
                                        "company_type_id",
                                        "note"
                                    ],
                                    "Filter": "((mc.company_id < 11141) AND (mc.company_type_id = 2))",
                                    "Rows Removed by Filter": 552444,
                                    "Workers": [
                                        {
                                            "Worker Number": 0,
                                            "Actual Startup Time": 48.616,
                                            "Actual Total Time": 86.144,
                                            "Actual Rows": 84330,
                                            "Actual Loops": 1
                                        },
                                        {
                                            "Worker Number": 1,
                                            "Actual Startup Time": 48.973,
                                            "Actual Total Time": 86.54,
                                            "Actual Rows": 83841,
                                            "Actual Loops": 1
                                        },
                                        {
                                            "Worker Number": 2,
                                            "Actual Startup Time": 49.066,
                                            "Actual Total Time": 86.641,
                                            "Actual Rows": 83279,
                                            "Actual Loops": 1
                                        }
                                    ]
                                }
                            ]
                        }
                    ]
                }
            ]
        },
        "Planning Time": 191.43,
        "Triggers": [],
        "Execution Time": 108.439
    }
]