[
  {
    "Plan": {
      "Node Type": "Aggregate",
      "Strategy": "Plain",
      "Partial Mode": "Finalize",
      "Parallel Aware": false,
      "Startup Cost": 87762.23,
      "Total Cost": 87762.24,
      "Plan Rows": 1,
      "Plan Width": 8,
      "Actual Startup Time": 384.774,
      "Actual Total Time": 416.354,
      "Actual Rows": 1,
      "Actual Loops": 1,
      "Plans": [
        {
          "Node Type": "Gather",
          "Parent Relationship": "Outer",
          "Parallel Aware": false,
          "Startup Cost": 87761.91,
          "Total Cost": 87762.22,
          "Plan Rows": 3,
          "Plan Width": 8,
          "Actual Startup Time": 384.409,
          "Actual Total Time": 416.345,
          "Actual Rows": 4,
          "Actual Loops": 1,
          "Workers Planned": 3,
          "Workers Launched": 3,
          "Single Copy": false,
          "Plans": [
            {
              "Node Type": "Aggregate",
              "Strategy": "Plain",
              "Partial Mode": "Partial",
              "Parent Relationship": "Outer",
              "Parallel Aware": false,
              "Startup Cost": 86761.91,
              "Total Cost": 86761.92,
              "Plan Rows": 1,
              "Plan Width": 8,
              "Actual Startup Time": 372.414,
              "Actual Total Time": 372.418,
              "Actual Rows": 1,
              "Actual Loops": 4,
              "Plans": [
                {
                  "Node Type": "Nested Loop",
                  "Parent Relationship": "Outer",
                  "Parallel Aware": false,
                  "Join Type": "Inner",
                  "Startup Cost": 38204.97,
                  "Total Cost": 86736.91,
                  "Plan Rows": 9999,
                  "Plan Width": 0,
                  "Actual Startup Time": 76.601,
                  "Actual Total Time": 370.604,
                  "Actual Rows": 20730,
                  "Actual Loops": 4,
                  "Inner Unique": false,
                  "Join Filter": "(t.id = mi.movie_id)",
                  "Rows Removed by Join Filter": 0,
                  "Plans": [
                    {
                      "Node Type": "Hash Join",
                      "Parent Relationship": "Outer",
                      "Parallel Aware": true,
                      "Join Type": "Inner",
                      "Startup Cost": 38204.54,
                      "Total Cost": 67620.42,
                      "Plan Rows": 11506,
                      "Plan Width": 8,
                      "Actual Startup Time": 76.358,
                      "Actual Total Time": 195.085,
                      "Actual Rows": 12849,
                      "Actual Loops": 4,
                      "Inner Unique": true,
                      "Hash Cond": "(mc.movie_id = t.id)",
                      "Plans": [
                        {
                          "Node Type": "Seq Scan",
                          "Parent Relationship": "Outer",
                          "Parallel Aware": true,
                          "Relation Name": "movie_companies",
                          "Alias": "mc",
                          "Startup Cost": 0.0,
                          "Total Cost": 27206.55,
                          "Plan Rows": 841655,
                          "Plan Width": 4,
                          "Actual Startup Time": 0.019,
                          "Actual Total Time": 68.85,
                          "Actual Rows": 652282,
                          "Actual Loops": 4
                        },
                        {
                          "Node Type": "Hash",
                          "Parent Relationship": "Inner",
                          "Parallel Aware": true,
                          "Startup Cost": 38096.51,
                          "Total Cost": 38096.51,
                          "Plan Rows": 8642,
                          "Plan Width": 4,
                          "Actual Startup Time": 51.711,
                          "Actual Total Time": 51.712,
                          "Actual Rows": 5740,
                          "Actual Loops": 4,
                          "Hash Buckets": 65536,
                          "Original Hash Buckets": 65536,
                          "Hash Batches": 1,
                          "Original Hash Batches": 1,
                          "Peak Memory Usage": 1504,
                          "Plans": [
                            {
                              "Node Type": "Bitmap Heap Scan",
                              "Parent Relationship": "Outer",
                              "Parallel Aware": true,
                              "Relation Name": "title",
                              "Alias": "t",
                              "Startup Cost": 1735.36,
                              "Total Cost": 38096.51,
                              "Plan Rows": 8642,
                              "Plan Width": 4,
                              "Actual Startup Time": 9.17,
                              "Actual Total Time": 48.254,
                              "Actual Rows": 5740,
                              "Actual Loops": 4,
                              "Recheck Cond": "(kind_id = 3)",
                              "Rows Removed by Index Recheck": 0,
                              "Filter": "(production_year > 2006)",
                              "Rows Removed by Filter": 19394,
                              "Exact Heap Blocks": 6653,
                              "Lossy Heap Blocks": 0,
                              "Plans": [
                                {
                                  "Node Type": "Bitmap Index Scan",
                                  "Parent Relationship": "Outer",
                                  "Parallel Aware": false,
                                  "Index Name": "kind_id_title",
                                  "Startup Cost": 0.0,
                                  "Total Cost": 1726.72,
                                  "Plan Rows": 96839,
                                  "Plan Width": 0,
                                  "Actual Startup Time": 15.785,
                                  "Actual Total Time": 15.785,
                                  "Actual Rows": 100537,
                                  "Actual Loops": 1,
                                  "Index Cond": "(kind_id = 3)"
                                }
                              ]
                            }
                          ]
                        }
                      ]
                    },
                    {
                      "Node Type": "Index Scan",
                      "Parent Relationship": "Inner",
                      "Parallel Aware": false,
                      "Scan Direction": "Forward",
                      "Index Name": "movie_id_movie_info",
                      "Relation Name": "movie_info",
                      "Alias": "mi",
                      "Startup Cost": 0.43,
                      "Total Cost": 1.59,
                      "Plan Rows": 6,
                      "Plan Width": 4,
                      "Actual Startup Time": 0.008,
                      "Actual Total Time": 0.013,
                      "Actual Rows": 2,
                      "Actual Loops": 51396,
                      "Index Cond": "(movie_id = mc.movie_id)",
                      "Rows Removed by Index Recheck": 0,
                      "Filter": "(info_type_id > 16)",
                      "Rows Removed by Filter": 8
                    }
                  ]
                }
              ]
            }
          ]
        }
      ]
    },
    "Planning Time": 0.963,
    "Triggers": [],
    "Execution Time": 416.444
  }
]