[
  {
    "Plan": {
      "Node Type": "Aggregate",
      "Strategy": "Plain",
      "Partial Mode": "Finalize",
      "Parallel Aware": false,
      "Startup Cost": 32705.07,
      "Total Cost": 32705.08,
      "Plan Rows": 1,
      "Plan Width": 8,
      "Actual Startup Time": 66.175,
      "Actual Total Time": 74.425,
      "Actual Rows": 1,
      "Actual Loops": 1,
      "Plans": [
        {
          "Node Type": "Gather",
          "Parent Relationship": "Outer",
          "Parallel Aware": false,
          "Startup Cost": 32704.76,
          "Total Cost": 32705.07,
          "Plan Rows": 3,
          "Plan Width": 8,
          "Actual Startup Time": 66.109,
          "Actual Total Time": 74.417,
          "Actual Rows": 4,
          "Actual Loops": 1,
          "Workers Planned": 3,
          "Workers Launched": 3,
          "Single Copy": false,
          "Plans": [
            {
              "Node Type": "Aggregate",
              "Strategy": "Plain",
              "Partial Mode": "Partial",
              "Parent Relationship": "Outer",
              "Parallel Aware": false,
              "Startup Cost": 31704.76,
              "Total Cost": 31704.77,
              "Plan Rows": 1,
              "Plan Width": 8,
              "Actual Startup Time": 62.628,
              "Actual Total Time": 62.629,
              "Actual Rows": 1,
              "Actual Loops": 4,
              "Plans": [
                {
                  "Node Type": "Seq Scan",
                  "Parent Relationship": "Outer",
                  "Parallel Aware": true,
                  "Relation Name": "movie_companies",
                  "Alias": "mc",
                  "Startup Cost": 0.0,
                  "Total Cost": 31414.82,
                  "Plan Rows": 115975,
                  "Plan Width": 0,
                  "Actual Startup Time": 19.958,
                  "Actual Total Time": 62.087,
                  "Actual Rows": 10888,
                  "Actual Loops": 4,
                  "Filter": "((company_id > 40688) AND (company_type_id = 1))",
                  "Rows Removed by Filter": 641394
                }
              ]
            }
          ]
        }
      ]
    },
    "Planning Time": 0.1,
    "Triggers": [],
    "Execution Time": 74.454
  }
]