[
  {
    "Plan": {
      "Node Type": "Aggregate",
      "Strategy": "Plain",
      "Partial Mode": "Finalize",
      "Parallel Aware": false,
      "Startup Cost": 32307.78,
      "Total Cost": 32307.79,
      "Plan Rows": 1,
      "Plan Width": 8,
      "Actual Startup Time": 121.59,
      "Actual Total Time": 129.789,
      "Actual Rows": 1,
      "Actual Loops": 1,
      "Plans": [
        {
          "Node Type": "Gather",
          "Parent Relationship": "Outer",
          "Parallel Aware": false,
          "Startup Cost": 32307.46,
          "Total Cost": 32307.77,
          "Plan Rows": 3,
          "Plan Width": 8,
          "Actual Startup Time": 121.472,
          "Actual Total Time": 129.779,
          "Actual Rows": 4,
          "Actual Loops": 1,
          "Workers Planned": 3,
          "Workers Launched": 3,
          "Single Copy": false,
          "Plans": [
            {
              "Node Type": "Aggregate",
              "Strategy": "Plain",
              "Partial Mode": "Partial",
              "Parent Relationship": "Outer",
              "Parallel Aware": false,
              "Startup Cost": 31307.46,
              "Total Cost": 31307.47,
              "Plan Rows": 1,
              "Plan Width": 8,
              "Actual Startup Time": 114.661,
              "Actual Total Time": 114.663,
              "Actual Rows": 1,
              "Actual Loops": 4,
              "Plans": [
                {
                  "Node Type": "Seq Scan",
                  "Parent Relationship": "Outer",
                  "Parallel Aware": true,
                  "Relation Name": "movie_companies",
                  "Alias": "mc",
                  "Startup Cost": 0.0,
                  "Total Cost": 29310.68,
                  "Plan Rows": 798713,
                  "Plan Width": 0,
                  "Actual Startup Time": 0.049,
                  "Actual Total Time": 84.121,
                  "Actual Rows": 619738,
                  "Actual Loops": 4,
                  "Filter": "(company_id < 141160)",
                  "Rows Removed by Filter": 32544
                }
              ]
            }
          ]
        }
      ]
    },
    "Planning Time": 0.107,
    "Triggers": [],
    "Execution Time": 129.823
  }
]