[
  {
    "Plan": {
      "Node Type": "Aggregate",
      "Strategy": "Plain",
      "Partial Mode": "Finalize",
      "Parallel Aware": false,
      "Startup Cost": 32307.06,
      "Total Cost": 32307.07,
      "Plan Rows": 1,
      "Plan Width": 8,
      "Actual Startup Time": 123.147,
      "Actual Total Time": 131.461,
      "Actual Rows": 1,
      "Actual Loops": 1,
      "Plans": [
        {
          "Node Type": "Gather",
          "Parent Relationship": "Outer",
          "Parallel Aware": false,
          "Startup Cost": 32306.75,
          "Total Cost": 32307.06,
          "Plan Rows": 3,
          "Plan Width": 8,
          "Actual Startup Time": 123.019,
          "Actual Total Time": 131.454,
          "Actual Rows": 4,
          "Actual Loops": 1,
          "Workers Planned": 3,
          "Workers Launched": 3,
          "Single Copy": false,
          "Plans": [
            {
              "Node Type": "Aggregate",
              "Strategy": "Plain",
              "Partial Mode": "Partial",
              "Parent Relationship": "Outer",
              "Parallel Aware": false,
              "Startup Cost": 31306.75,
              "Total Cost": 31306.76,
              "Plan Rows": 1,
              "Plan Width": 8,
              "Actual Startup Time": 116.716,
              "Actual Total Time": 116.717,
              "Actual Rows": 1,
              "Actual Loops": 4,
              "Plans": [
                {
                  "Node Type": "Seq Scan",
                  "Parent Relationship": "Outer",
                  "Parallel Aware": true,
                  "Relation Name": "movie_companies",
                  "Alias": "mc",
                  "Startup Cost": 0.0,
                  "Total Cost": 29310.68,
                  "Plan Rows": 798426,
                  "Plan Width": 0,
                  "Actual Startup Time": 0.035,
                  "Actual Total Time": 86.876,
                  "Actual Rows": 619738,
                  "Actual Loops": 4,
                  "Filter": "(company_id < 141160)",
                  "Rows Removed by Filter": 32544
                }
              ]
            }
          ]
        }
      ]
    },
    "Planning Time": 0.161,
    "Triggers": [],
    "Execution Time": 131.51
  }
]