[
  {
    "Plan": {
      "Node Type": "Aggregate",
      "Strategy": "Plain",
      "Partial Mode": "Finalize",
      "Parallel Aware": false,
      "Startup Cost": 122297.26,
      "Total Cost": 122297.27,
      "Plan Rows": 1,
      "Plan Width": 8,
      "Actual Startup Time": 821.208,
      "Actual Total Time": 844.015,
      "Actual Rows": 1,
      "Actual Loops": 1,
      "Plans": [
        {
          "Node Type": "Gather",
          "Parent Relationship": "Outer",
          "Parallel Aware": false,
          "Startup Cost": 122296.94,
          "Total Cost": 122297.25,
          "Plan Rows": 3,
          "Plan Width": 8,
          "Actual Startup Time": 811.0,
          "Actual Total Time": 844.001,
          "Actual Rows": 4,
          "Actual Loops": 1,
          "Workers Planned": 3,
          "Workers Launched": 3,
          "Single Copy": false,
          "Plans": [
            {
              "Node Type": "Aggregate",
              "Strategy": "Plain",
              "Partial Mode": "Partial",
              "Parent Relationship": "Outer",
              "Parallel Aware": false,
              "Startup Cost": 121296.94,
              "Total Cost": 121296.95,
              "Plan Rows": 1,
              "Plan Width": 8,
              "Actual Startup Time": 800.78,
              "Actual Total Time": 800.949,
              "Actual Rows": 1,
              "Actual Loops": 4,
              "Plans": [
                {
                  "Node Type": "Hash Join",
                  "Parent Relationship": "Outer",
                  "Parallel Aware": true,
                  "Join Type": "Inner",
                  "Startup Cost": 90533.0,
                  "Total Cost": 121121.77,
                  "Plan Rows": 70067,
                  "Plan Width": 0,
                  "Actual Startup Time": 467.88,
                  "Actual Total Time": 750.021,
                  "Actual Rows": 908894,
                  "Actual Loops": 4,
                  "Inner Unique": false,
                  "Hash Cond": "(mc.movie_id = t.id)",
                  "Plans": [
                    {
                      "Node Type": "Seq Scan",
                      "Parent Relationship": "Outer",
                      "Parallel Aware": true,
                      "Relation Name": "movie_companies",
                      "Alias": "mc",
                      "Startup Cost": 0.0,
                      "Total Cost": 27206.55,
                      "Plan Rows": 841655,
                      "Plan Width": 4,
                      "Actual Startup Time": 0.013,
                      "Actual Total Time": 73.747,
                      "Actual Rows": 652282,
                      "Actual Loops": 4
                    },
                    {
                      "Node Type": "Hash",
                      "Parent Relationship": "Inner",
                      "Parallel Aware": true,
                      "Startup Cost": 89684.25,
                      "Total Cost": 89684.25,
                      "Plan Rows": 67900,
                      "Plan Width": 8,
                      "Actual Startup Time": 465.922,
                      "Actual Total Time": 466.089,
                      "Actual Rows": 139705,
                      "Actual Loops": 4,
                      "Hash Buckets": 1048576,
                      "Original Hash Buckets": 262144,
                      "Hash Batches": 1,
                      "Original Hash Batches": 1,
                      "Peak Memory Usage": 36288,
                      "Plans": [
                        {
                          "Node Type": "Hash Join",
                          "Parent Relationship": "Outer",
                          "Parallel Aware": true,
                          "Join Type": "Inner",
                          "Startup Cost": 62008.35,
                          "Total Cost": 89684.25,
                          "Plan Rows": 67900,
                          "Plan Width": 8,
                          "Actual Startup Time": 256.927,
                          "Actual Total Time": 396.136,
                          "Actual Rows": 139705,
                          "Actual Loops": 4,
                          "Inner Unique": true,
                          "Hash Cond": "(mk.movie_id = t.id)",
                          "Plans": [
                            {
                              "Node Type": "Bitmap Heap Scan",
                              "Parent Relationship": "Outer",
                              "Parallel Aware": true,
                              "Relation Name": "movie_keyword",
                              "Alias": "mk",
                              "Startup Cost": 14010.2,
                              "Total Cost": 41126.93,
                              "Plan Rows": 213018,
                              "Plan Width": 4,
                              "Actual Startup Time": 42.444,
                              "Actual Total Time": 113.496,
                              "Actual Rows": 166810,
                              "Actual Loops": 4,
                              "Recheck Cond": "(keyword_id < 521)",
                              "Rows Removed by Index Recheck": 0,
                              "Exact Heap Blocks": 6066,
                              "Lossy Heap Blocks": 0,
                              "Plans": [
                                {
                                  "Node Type": "Bitmap Index Scan",
                                  "Parent Relationship": "Outer",
                                  "Parallel Aware": false,
                                  "Index Name": "keyword_id_movie_keyword",
                                  "Startup Cost": 0.0,
                                  "Total Cost": 13845.11,
                                  "Plan Rows": 660357,
                                  "Plan Width": 0,
                                  "Actual Startup Time": 38.615,
                                  "Actual Total Time": 38.615,
                                  "Actual Rows": 667241,
                                  "Actual Loops": 1,
                                  "Index Cond": "(keyword_id < 521)"
                                }
                              ]
                            },
                            {
                              "Node Type": "Hash",
                              "Parent Relationship": "Inner",
                              "Parallel Aware": true,
                              "Startup Cost": 45479.59,
                              "Total Cost": 45479.59,
                              "Plan Rows": 201485,
                              "Plan Width": 4,
                              "Actual Startup Time": 211.614,
                              "Actual Total Time": 211.615,
                              "Actual Rows": 210754,
                              "Actual Loops": 4,
                              "Hash Buckets": 1048576,
                              "Original Hash Buckets": 1048576,
                              "Hash Batches": 1,
                              "Original Hash Batches": 1,
                              "Peak Memory Usage": 41248,
                              "Plans": [
                                {
                                  "Node Type": "Seq Scan",
                                  "Parent Relationship": "Outer",
                                  "Parallel Aware": true,
                                  "Relation Name": "title",
                                  "Alias": "t",
                                  "Startup Cost": 0.0,
                                  "Total Cost": 45479.59,
                                  "Plan Rows": 201485,
                                  "Plan Width": 4,
                                  "Actual Startup Time": 0.051,
                                  "Actual Total Time": 126.728,
                                  "Actual Rows": 210754,
                                  "Actual Loops": 4,
                                  "Filter": "((kind_id < 7) AND (production_year < 2011))",
                                  "Rows Removed by Filter": 421324
                                }
                              ]
                            }
                          ]
                        }
                      ]
                    }
                  ]
                }
              ]
            }
          ]
        }
      ]
    },
    "Planning Time": 0.858,
    "Triggers": [],
    "Execution Time": 844.085
  }
]