{
  "Plan": {
    "Node Type": "Aggregate",
    "Strategy": "Plain",
    "Partial Mode": "Finalize",
    "Parallel Aware": false,
    "Startup Cost": 114631.61,
    "Total Cost": 114631.62,
    "Plan Rows": 1,
    "Plan Width": 8,
    "Actual Startup Time": 505.84,
    "Actual Total Time": 520.027,
    "Actual Rows": 1,
    "Actual Loops": 1,
    "Plans": [
      {
        "Node Type": "Gather",
        "Parent Relationship": "Outer",
        "Parallel Aware": false,
        "Startup Cost": 114631.5,
        "Total Cost": 114631.61,
        "Plan Rows": 1,
        "Plan Width": 8,
        "Actual Startup Time": 504.644,
        "Actual Total Time": 520.02,
        "Actual Rows": 2,
        "Actual Loops": 1,
        "Workers Planned": 1,
        "Workers Launched": 1,
        "Single Copy": false,
        "Plans": [
          {
            "Node Type": "Aggregate",
            "Strategy": "Plain",
            "Partial Mode": "Partial",
            "Parent Relationship": "Outer",
            "Parallel Aware": false,
            "Startup Cost": 113631.5,
            "Total Cost": 113631.51,
            "Plan Rows": 1,
            "Plan Width": 8,
            "Actual Startup Time": 498.138,
            "Actual Total Time": 498.142,
            "Actual Rows": 1,
            "Actual Loops": 2,
            "Plans": [
              {
                "Node Type": "Hash Join",
                "Parent Relationship": "Outer",
                "Parallel Aware": true,
                "Join Type": "Inner",
                "Startup Cost": 80494.83,
                "Total Cost": 113310.14,
                "Plan Rows": 128544,
                "Plan Width": 0,
                "Actual Startup Time": 306.601,
                "Actual Total Time": 488.549,
                "Actual Rows": 198366,
                "Actual Loops": 2,
                "Inner Unique": true,
                "Hash Cond": "(mk.movie_id = t.id)",
                "Plans": [
                  {
                    "Node Type": "Bitmap Heap Scan",
                    "Parent Relationship": "Outer",
                    "Parallel Aware": true,
                    "Relation Name": "movie_keyword",
                    "Alias": "mk",
                    "Startup Cost": 19935.75,
                    "Total Cost": 51299.92,
                    "Plan Rows": 552814,
                    "Plan Width": 4,
                    "Actual Startup Time": 66.119,
                    "Actual Total Time": 168.104,
                    "Actual Rows": 470857,
                    "Actual Loops": 2,
                    "Recheck Cond": "(keyword_id > 20142)",
                    "Rows Removed by Index Recheck": 0,
                    "Exact Heap Blocks": 12460,
                    "Lossy Heap Blocks": 0,
                    "Plans": [
                      {
                        "Node Type": "Bitmap Index Scan",
                        "Parent Relationship": "Outer",
                        "Parallel Aware": false,
                        "Index Name": "keyword_id_movie_keyword",
                        "Startup Cost": 0.0,
                        "Total Cost": 19700.8,
                        "Plan Rows": 939783,
                        "Plan Width": 0,
                        "Actual Startup Time": 62.444,
                        "Actual Total Time": 62.445,
                        "Actual Rows": 941714,
                        "Actual Loops": 1,
                        "Index Cond": "(keyword_id > 20142)"
                      }
                    ]
                  },
                  {
                    "Node Type": "Hash",
                    "Parent Relationship": "Inner",
                    "Parallel Aware": true,
                    "Startup Cost": 56236.32,
                    "Total Cost": 56236.32,
                    "Plan Rows": 345821,
                    "Plan Width": 4,
                    "Actual Startup Time": 231.002,
                    "Actual Total Time": 231.003,
                    "Actual Rows": 234016,
                    "Actual Loops": 2,
                    "Hash Buckets": 1048576,
                    "Original Hash Buckets": 1048576,
                    "Hash Batches": 1,
                    "Original Hash Batches": 1,
                    "Peak Memory Usage": 26528,
                    "Plans": [
                      {
                        "Node Type": "Bitmap Heap Scan",
                        "Parent Relationship": "Outer",
                        "Parallel Aware": true,
                        "Relation Name": "title",
                        "Alias": "t",
                        "Startup Cost": 13585.93,
                        "Total Cost": 56236.32,
                        "Plan Rows": 345821,
                        "Plan Width": 4,
                        "Actual Startup Time": 44.141,
                        "Actual Total Time": 158.114,
                        "Actual Rows": 234016,
                        "Actual Loops": 2,
                        "Recheck Cond": "(kind_id < 3)",
                        "Rows Removed by Index Recheck": 0,
                        "Filter": "(production_year > 1978)",
                        "Rows Removed by Filter": 142823,
                        "Exact Heap Blocks": 24600,
                        "Lossy Heap Blocks": 0,
                        "Plans": [
                          {
                            "Node Type": "Bitmap Index Scan",
                            "Parent Relationship": "Outer",
                            "Parallel Aware": false,
                            "Index Name": "kind_id_title",
                            "Startup Cost": 0.0,
                            "Total Cost": 13438.96,
                            "Plan Rows": 753937,
                            "Plan Width": 0,
                            "Actual Startup Time": 38.265,
                            "Actual Total Time": 38.265,
                            "Actual Rows": 753677,
                            "Actual Loops": 1,
                            "Index Cond": "(kind_id < 3)"
                          }
                        ]
                      }
                    ]
                  }
                ]
              }
            ]
          }
        ]
      }
    ]
  },
  "Planning Time": 0.555,
  "Triggers": [],
  "Execution Time": 520.145
}