{
  "Plan": {
    "Node Type": "Aggregate",
    "Strategy": "Plain",
    "Partial Mode": "Finalize",
    "Parallel Aware": false,
    "Startup Cost": 432195.65,
    "Total Cost": 432195.66,
    "Plan Rows": 1,
    "Plan Width": 8,
    "Actual Startup Time": 2129.164,
    "Actual Total Time": 2164.68,
    "Actual Rows": 1,
    "Actual Loops": 1,
    "Plans": [
      {
        "Node Type": "Gather",
        "Parent Relationship": "Outer",
        "Parallel Aware": false,
        "Startup Cost": 432195.54,
        "Total Cost": 432195.65,
        "Plan Rows": 1,
        "Plan Width": 8,
        "Actual Startup Time": 2127.945,
        "Actual Total Time": 2164.673,
        "Actual Rows": 2,
        "Actual Loops": 1,
        "Workers Planned": 1,
        "Workers Launched": 1,
        "Single Copy": false,
        "Plans": [
          {
            "Node Type": "Aggregate",
            "Strategy": "Plain",
            "Partial Mode": "Partial",
            "Parent Relationship": "Outer",
            "Parallel Aware": false,
            "Startup Cost": 431195.54,
            "Total Cost": 431195.55,
            "Plan Rows": 1,
            "Plan Width": 8,
            "Actual Startup Time": 2121.709,
            "Actual Total Time": 2121.715,
            "Actual Rows": 1,
            "Actual Loops": 2,
            "Plans": [
              {
                "Node Type": "Hash Join",
                "Parent Relationship": "Outer",
                "Parallel Aware": true,
                "Join Type": "Inner",
                "Startup Cost": 369441.19,
                "Total Cost": 430983.86,
                "Plan Rows": 84671,
                "Plan Width": 0,
                "Actual Startup Time": 1561.828,
                "Actual Total Time": 2065.23,
                "Actual Rows": 1157208,
                "Actual Loops": 2,
                "Inner Unique": false,
                "Hash Cond": "(mk.movie_id = t.id)",
                "Plans": [
                  {
                    "Node Type": "Seq Scan",
                    "Parent Relationship": "Outer",
                    "Parallel Aware": true,
                    "Relation Name": "movie_keyword",
                    "Alias": "mk",
                    "Startup Cost": 0.0,
                    "Total Cost": 51065.35,
                    "Plan Rows": 2661135,
                    "Plan Width": 4,
                    "Actual Startup Time": 0.02,
                    "Actual Total Time": 184.867,
                    "Actual Rows": 2261965,
                    "Actual Loops": 2
                  },
                  {
                    "Node Type": "Hash",
                    "Parent Relationship": "Inner",
                    "Parallel Aware": true,
                    "Startup Cost": 368849.69,
                    "Total Cost": 368849.69,
                    "Plan Rows": 47320,
                    "Plan Width": 8,
                    "Actual Startup Time": 1559.021,
                    "Actual Total Time": 1559.026,
                    "Actual Rows": 93980,
                    "Actual Loops": 2,
                    "Hash Buckets": 262144,
                    "Original Hash Buckets": 131072,
                    "Hash Batches": 1,
                    "Original Hash Batches": 1,
                    "Peak Memory Usage": 10432,
                    "Plans": [
                      {
                        "Node Type": "Hash Join",
                        "Parent Relationship": "Outer",
                        "Parallel Aware": true,
                        "Join Type": "Inner",
                        "Startup Cost": 58771.88,
                        "Total Cost": 368849.69,
                        "Plan Rows": 47320,
                        "Plan Width": 8,
                        "Actual Startup Time": 168.287,
                        "Actual Total Time": 1513.76,
                        "Actual Rows": 93980,
                        "Actual Loops": 2,
                        "Inner Unique": true,
                        "Hash Cond": "(ci.movie_id = t.id)",
                        "Plans": [
                          {
                            "Node Type": "Index Scan",
                            "Parent Relationship": "Outer",
                            "Parallel Aware": true,
                            "Scan Direction": "Forward",
                            "Index Name": "role_id_cast_info",
                            "Relation Name": "cast_info",
                            "Alias": "ci",
                            "Startup Cost": 0.56,
                            "Total Cost": 305110.75,
                            "Plan Rows": 1892425,
                            "Plan Width": 4,
                            "Actual Startup Time": 0.225,
                            "Actual Total Time": 864.55,
                            "Actual Rows": 3329234,
                            "Actual Loops": 2,
                            "Index Cond": "(role_id > 4)",
                            "Rows Removed by Index Recheck": 0,
                            "Filter": "(person_id > 2461173)",
                            "Rows Removed by Filter": 1363118
                          },
                          {
                            "Node Type": "Hash",
                            "Parent Relationship": "Inner",
                            "Parallel Aware": true,
                            "Startup Cost": 58306.47,
                            "Total Cost": 58306.47,
                            "Plan Rows": 37188,
                            "Plan Width": 4,
                            "Actual Startup Time": 167.583,
                            "Actual Total Time": 167.584,
                            "Actual Rows": 26885,
                            "Actual Loops": 2,
                            "Hash Buckets": 65536,
                            "Original Hash Buckets": 65536,
                            "Hash Batches": 1,
                            "Original Hash Batches": 1,
                            "Peak Memory Usage": 2656,
                            "Plans": [
                              {
                                "Node Type": "Seq Scan",
                                "Parent Relationship": "Outer",
                                "Parallel Aware": true,
                                "Relation Name": "title",
                                "Alias": "t",
                                "Startup Cost": 0.0,
                                "Total Cost": 58306.47,
                                "Plan Rows": 37188,
                                "Plan Width": 4,
                                "Actual Startup Time": 0.194,
                                "Actual Total Time": 158.119,
                                "Actual Rows": 26885,
                                "Actual Loops": 2,
                                "Filter": "((kind_id < 7) AND (production_year = 2011))",
                                "Rows Removed by Filter": 1237271
                              }
                            ]
                          }
                        ]
                      }
                    ]
                  }
                ]
              }
            ]
          }
        ]
      }
    ]
  },
  "Planning Time": 0.953,
  "Triggers": [],
  "Execution Time": 2164.773
}