[
  {
    "Plan": {
      "Node Type": "Aggregate",
      "Strategy": "Plain",
      "Partial Mode": "Finalize",
      "Parallel Aware": false,
      "Startup Cost": 32718.55,
      "Total Cost": 32718.56,
      "Plan Rows": 1,
      "Plan Width": 8,
      "Actual Startup Time": 84.431,
      "Actual Total Time": 91.922,
      "Actual Rows": 1,
      "Actual Loops": 1,
      "Plans": [
        {
          "Node Type": "Gather",
          "Parent Relationship": "Outer",
          "Parallel Aware": false,
          "Startup Cost": 32718.23,
          "Total Cost": 32718.54,
          "Plan Rows": 3,
          "Plan Width": 8,
          "Actual Startup Time": 84.291,
          "Actual Total Time": 91.913,
          "Actual Rows": 4,
          "Actual Loops": 1,
          "Workers Planned": 3,
          "Workers Launched": 3,
          "Single Copy": false,
          "Plans": [
            {
              "Node Type": "Aggregate",
              "Strategy": "Plain",
              "Partial Mode": "Partial",
              "Parent Relationship": "Outer",
              "Parallel Aware": false,
              "Startup Cost": 31718.23,
              "Total Cost": 31718.24,
              "Plan Rows": 1,
              "Plan Width": 8,
              "Actual Startup Time": 76.915,
              "Actual Total Time": 76.916,
              "Actual Rows": 1,
              "Actual Loops": 4,
              "Plans": [
                {
                  "Node Type": "Seq Scan",
                  "Parent Relationship": "Outer",
                  "Parallel Aware": true,
                  "Relation Name": "movie_companies",
                  "Alias": "mc",
                  "Startup Cost": 0.0,
                  "Total Cost": 31414.82,
                  "Plan Rows": 121365,
                  "Plan Width": 0,
                  "Actual Startup Time": 30.299,
                  "Actual Total Time": 76.077,
                  "Actual Rows": 15955,
                  "Actual Loops": 4,
                  "Filter": "((company_id > 32794) AND (company_type_id < 2))",
                  "Rows Removed by Filter": 636327
                }
              ]
            }
          ]
        }
      ]
    },
    "Planning Time": 0.249,
    "Triggers": [],
    "Execution Time": 91.978
  }
]