[
  {
    "Plan": {
      "Node Type": "Aggregate",
      "Strategy": "Plain",
      "Partial Mode": "Finalize",
      "Parallel Aware": false,
      "Startup Cost": 339733.91,
      "Total Cost": 339733.92,
      "Plan Rows": 1,
      "Plan Width": 8,
      "Actual Startup Time": 777.583,
      "Actual Total Time": 838.371,
      "Actual Rows": 1,
      "Actual Loops": 1,
      "Plans": [
        {
          "Node Type": "Gather",
          "Parent Relationship": "Outer",
          "Parallel Aware": false,
          "Startup Cost": 339733.29,
          "Total Cost": 339733.9,
          "Plan Rows": 6,
          "Plan Width": 8,
          "Actual Startup Time": 777.278,
          "Actual Total Time": 838.354,
          "Actual Rows": 7,
          "Actual Loops": 1,
          "Workers Planned": 6,
          "Workers Launched": 6,
          "Single Copy": false,
          "Plans": [
            {
              "Node Type": "Aggregate",
              "Strategy": "Plain",
              "Partial Mode": "Partial",
              "Parent Relationship": "Outer",
              "Parallel Aware": false,
              "Startup Cost": 338733.29,
              "Total Cost": 338733.3,
              "Plan Rows": 1,
              "Plan Width": 8,
              "Actual Startup Time": 770.562,
              "Actual Total Time": 770.564,
              "Actual Rows": 1,
              "Actual Loops": 7,
              "Plans": [
                {
                  "Node Type": "Seq Scan",
                  "Parent Relationship": "Outer",
                  "Parallel Aware": true,
                  "Relation Name": "cast_info",
                  "Alias": "ci",
                  "Startup Cost": 0.0,
                  "Total Cost": 328211.39,
                  "Plan Rows": 4208759,
                  "Plan Width": 0,
                  "Actual Startup Time": 0.041,
                  "Actual Total Time": 612.341,
                  "Actual Rows": 3622100,
                  "Actual Loops": 7,
                  "Filter": "(person_id < 2617511)",
                  "Rows Removed by Filter": 1555663
                }
              ]
            }
          ]
        }
      ]
    },
    "Planning Time": 0.095,
    "Triggers": [],
    "Execution Time": 838.414
  }
]