[
  {
    "Plan": {
      "Node Type": "Aggregate",
      "Strategy": "Plain",
      "Partial Mode": "Finalize",
      "Parallel Aware": false,
      "Startup Cost": 339679.31,
      "Total Cost": 339679.32,
      "Plan Rows": 1,
      "Plan Width": 8,
      "Actual Startup Time": 796.325,
      "Actual Total Time": 851.096,
      "Actual Rows": 1,
      "Actual Loops": 1,
      "Plans": [
        {
          "Node Type": "Gather",
          "Parent Relationship": "Outer",
          "Parallel Aware": false,
          "Startup Cost": 339678.68,
          "Total Cost": 339679.29,
          "Plan Rows": 6,
          "Plan Width": 8,
          "Actual Startup Time": 796.176,
          "Actual Total Time": 851.082,
          "Actual Rows": 7,
          "Actual Loops": 1,
          "Workers Planned": 6,
          "Workers Launched": 6,
          "Single Copy": false,
          "Plans": [
            {
              "Node Type": "Aggregate",
              "Strategy": "Plain",
              "Partial Mode": "Partial",
              "Parent Relationship": "Outer",
              "Parallel Aware": false,
              "Startup Cost": 338678.68,
              "Total Cost": 338678.7,
              "Plan Rows": 1,
              "Plan Width": 8,
              "Actual Startup Time": 787.701,
              "Actual Total Time": 787.702,
              "Actual Rows": 1,
              "Actual Loops": 7,
              "Plans": [
                {
                  "Node Type": "Seq Scan",
                  "Parent Relationship": "Outer",
                  "Parallel Aware": true,
                  "Relation Name": "cast_info",
                  "Alias": "ci",
                  "Startup Cost": 0.0,
                  "Total Cost": 328162.03,
                  "Plan Rows": 4206664,
                  "Plan Width": 0,
                  "Actual Startup Time": 0.043,
                  "Actual Total Time": 623.282,
                  "Actual Rows": 3622100,
                  "Actual Loops": 7,
                  "Filter": "(person_id < 2617511)",
                  "Rows Removed by Filter": 1555663
                }
              ]
            }
          ]
        }
      ]
    },
    "Planning Time": 0.205,
    "Triggers": [],
    "Execution Time": 851.168
  }
]