[
  {
    "Plan": {
      "Node Type": "Aggregate",
      "Strategy": "Plain",
      "Partial Mode": "Finalize",
      "Parallel Aware": false,
      "Startup Cost": 410863.61,
      "Total Cost": 410863.62,
      "Plan Rows": 1,
      "Plan Width": 8,
      "Actual Startup Time": 2268.677,
      "Actual Total Time": 2329.875,
      "Actual Rows": 1,
      "Actual Loops": 1,
      "Plans": [
        {
          "Node Type": "Gather",
          "Parent Relationship": "Outer",
          "Parallel Aware": false,
          "Startup Cost": 410862.98,
          "Total Cost": 410863.59,
          "Plan Rows": 6,
          "Plan Width": 8,
          "Actual Startup Time": 2252.592,
          "Actual Total Time": 2329.852,
          "Actual Rows": 7,
          "Actual Loops": 1,
          "Workers Planned": 6,
          "Workers Launched": 6,
          "Single Copy": false,
          "Plans": [
            {
              "Node Type": "Aggregate",
              "Strategy": "Plain",
              "Partial Mode": "Partial",
              "Parent Relationship": "Outer",
              "Parallel Aware": false,
              "Startup Cost": 409862.98,
              "Total Cost": 409862.99,
              "Plan Rows": 1,
              "Plan Width": 8,
              "Actual Startup Time": 2242.541,
              "Actual Total Time": 2242.546,
              "Actual Rows": 1,
              "Actual Loops": 7,
              "Plans": [
                {
                  "Node Type": "Hash Join",
                  "Parent Relationship": "Outer",
                  "Parallel Aware": true,
                  "Join Type": "Inner",
                  "Startup Cost": 49254.65,
                  "Total Cost": 403079.62,
                  "Plan Rows": 2713344,
                  "Plan Width": 0,
                  "Actual Startup Time": 198.173,
                  "Actual Total Time": 2135.779,
                  "Actual Rows": 2416608,
                  "Actual Loops": 7,
                  "Inner Unique": true,
                  "Hash Cond": "(ci.movie_id = t.id)",
                  "Plans": [
                    {
                      "Node Type": "Seq Scan",
                      "Parent Relationship": "Outer",
                      "Parallel Aware": true,
                      "Relation Name": "cast_info",
                      "Alias": "ci",
                      "Startup Cost": 0.0,
                      "Total Cost": 343316.27,
                      "Plan Rows": 4003307,
                      "Plan Width": 4,
                      "Actual Startup Time": 3.318,
                      "Actual Total Time": 730.589,
                      "Actual Rows": 3424505,
                      "Actual Loops": 7,
                      "Filter": "((person_id > 23072) AND (role_id < 4))",
                      "Rows Removed by Filter": 1753258
                    },
                    {
                      "Node Type": "Hash",
                      "Parent Relationship": "Inner",
                      "Parallel Aware": true,
                      "Startup Cost": 43899.32,
                      "Total Cost": 43899.32,
                      "Plan Rows": 428426,
                      "Plan Width": 4,
                      "Actual Startup Time": 191.563,
                      "Actual Total Time": 191.564,
                      "Actual Rows": 242902,
                      "Actual Loops": 7,
                      "Hash Buckets": 2097152,
                      "Original Hash Buckets": 2097152,
                      "Hash Batches": 1,
                      "Original Hash Batches": 1,
                      "Peak Memory Usage": 83040,
                      "Plans": [
                        {
                          "Node Type": "Seq Scan",
                          "Parent Relationship": "Outer",
                          "Parallel Aware": true,
                          "Relation Name": "title",
                          "Alias": "t",
                          "Startup Cost": 0.0,
                          "Total Cost": 43899.32,
                          "Plan Rows": 428426,
                          "Plan Width": 4,
                          "Actual Startup Time": 0.051,
                          "Actual Total Time": 79.956,
                          "Actual Rows": 242902,
                          "Actual Loops": 7,
                          "Filter": "(production_year > 1992)",
                          "Rows Removed by Filter": 118285
                        }
                      ]
                    }
                  ]
                }
              ]
            }
          ]
        }
      ]
    },
    "Planning Time": 0.624,
    "Triggers": [],
    "Execution Time": 2329.943
  }
]