[
  {
    "Plan": {
      "Node Type": "Aggregate",
      "Strategy": "Plain",
      "Partial Mode": "Finalize",
      "Parallel Aware": false,
      "Startup Cost": 80386.37,
      "Total Cost": 80386.38,
      "Plan Rows": 1,
      "Plan Width": 8,
      "Actual Startup Time": 470.248,
      "Actual Total Time": 486.065,
      "Actual Rows": 1,
      "Actual Loops": 1,
      "Plans": [
        {
          "Node Type": "Gather",
          "Parent Relationship": "Outer",
          "Parallel Aware": false,
          "Startup Cost": 80386.05,
          "Total Cost": 80386.36,
          "Plan Rows": 3,
          "Plan Width": 8,
          "Actual Startup Time": 459.039,
          "Actual Total Time": 486.055,
          "Actual Rows": 4,
          "Actual Loops": 1,
          "Workers Planned": 3,
          "Workers Launched": 3,
          "Single Copy": false,
          "Plans": [
            {
              "Node Type": "Aggregate",
              "Strategy": "Plain",
              "Partial Mode": "Partial",
              "Parent Relationship": "Outer",
              "Parallel Aware": false,
              "Startup Cost": 79386.05,
              "Total Cost": 79386.06,
              "Plan Rows": 1,
              "Plan Width": 8,
              "Actual Startup Time": 439.267,
              "Actual Total Time": 439.27,
              "Actual Rows": 1,
              "Actual Loops": 4,
              "Plans": [
                {
                  "Node Type": "Hash Join",
                  "Parent Relationship": "Outer",
                  "Parallel Aware": true,
                  "Join Type": "Inner",
                  "Startup Cost": 53936.77,
                  "Total Cost": 79244.88,
                  "Plan Rows": 56470,
                  "Plan Width": 0,
                  "Actual Startup Time": 369.136,
                  "Actual Total Time": 436.725,
                  "Actual Rows": 47194,
                  "Actual Loops": 4,
                  "Inner Unique": true,
                  "Hash Cond": "(mk.movie_id = t.id)",
                  "Plans": [
                    {
                      "Node Type": "Bitmap Heap Scan",
                      "Parent Relationship": "Outer",
                      "Parallel Aware": true,
                      "Relation Name": "movie_keyword",
                      "Alias": "mk",
                      "Startup Cost": 3717.12,
                      "Total Cost": 28877.0,
                      "Plan Rows": 56470,
                      "Plan Width": 4,
                      "Actual Startup Time": 13.09,
                      "Actual Total Time": 52.858,
                      "Actual Rows": 47194,
                      "Actual Loops": 4,
                      "Recheck Cond": "(keyword_id < 137)",
                      "Rows Removed by Index Recheck": 0,
                      "Exact Heap Blocks": 9160,
                      "Lossy Heap Blocks": 0,
                      "Plans": [
                        {
                          "Node Type": "Bitmap Index Scan",
                          "Parent Relationship": "Outer",
                          "Parallel Aware": false,
                          "Index Name": "keyword_id_movie_keyword",
                          "Startup Cost": 0.0,
                          "Total Cost": 3673.36,
                          "Plan Rows": 175057,
                          "Plan Width": 0,
                          "Actual Startup Time": 9.546,
                          "Actual Total Time": 9.547,
                          "Actual Rows": 188777,
                          "Actual Loops": 1,
                          "Index Cond": "(keyword_id < 137)"
                        }
                      ]
                    },
                    {
                      "Node Type": "Hash",
                      "Parent Relationship": "Inner",
                      "Parallel Aware": true,
                      "Startup Cost": 42318.73,
                      "Total Cost": 42318.73,
                      "Plan Rows": 632073,
                      "Plan Width": 4,
                      "Actual Startup Time": 344.51,
                      "Actual Total Time": 344.511,
                      "Actual Rows": 632078,
                      "Actual Loops": 4,
                      "Hash Buckets": 4194304,
                      "Original Hash Buckets": 4194304,
                      "Hash Batches": 1,
                      "Original Hash Batches": 1,
                      "Peak Memory Usage": 131776,
                      "Plans": [
                        {
                          "Node Type": "Seq Scan",
                          "Parent Relationship": "Outer",
                          "Parallel Aware": true,
                          "Relation Name": "title",
                          "Alias": "t",
                          "Startup Cost": 0.0,
                          "Total Cost": 42318.73,
                          "Plan Rows": 632073,
                          "Plan Width": 4,
                          "Actual Startup Time": 0.035,
                          "Actual Total Time": 101.405,
                          "Actual Rows": 632078,
                          "Actual Loops": 4
                        }
                      ]
                    }
                  ]
                }
              ]
            }
          ]
        }
      ]
    },
    "Planning Time": 0.584,
    "Triggers": [],
    "Execution Time": 486.199
  }
]