[
  {
    "Plan": {
      "Node Type": "Aggregate",
      "Strategy": "Plain",
      "Partial Mode": "Finalize",
      "Parallel Aware": false,
      "Startup Cost": 47194.59,
      "Total Cost": 47194.6,
      "Plan Rows": 1,
      "Plan Width": 8,
      "Actual Startup Time": 182.769,
      "Actual Total Time": 192.538,
      "Actual Rows": 1,
      "Actual Loops": 1,
      "Plans": [
        {
          "Node Type": "Gather",
          "Parent Relationship": "Outer",
          "Parallel Aware": false,
          "Startup Cost": 47194.27,
          "Total Cost": 47194.58,
          "Plan Rows": 3,
          "Plan Width": 8,
          "Actual Startup Time": 182.622,
          "Actual Total Time": 192.53,
          "Actual Rows": 4,
          "Actual Loops": 1,
          "Workers Planned": 3,
          "Workers Launched": 3,
          "Single Copy": false,
          "Plans": [
            {
              "Node Type": "Aggregate",
              "Strategy": "Plain",
              "Partial Mode": "Partial",
              "Parent Relationship": "Outer",
              "Parallel Aware": false,
              "Startup Cost": 46194.27,
              "Total Cost": 46194.28,
              "Plan Rows": 1,
              "Plan Width": 8,
              "Actual Startup Time": 174.944,
              "Actual Total Time": 174.945,
              "Actual Rows": 1,
              "Actual Loops": 4,
              "Plans": [
                {
                  "Node Type": "Seq Scan",
                  "Parent Relationship": "Outer",
                  "Parallel Aware": true,
                  "Relation Name": "movie_keyword",
                  "Alias": "mk",
                  "Startup Cost": 0.0,
                  "Total Cost": 42695.65,
                  "Plan Rows": 1399447,
                  "Plan Width": 0,
                  "Actual Startup Time": 0.065,
                  "Actual Total Time": 124.28,
                  "Actual Rows": 1083280,
                  "Actual Loops": 4,
                  "Filter": "(keyword_id < 70827)",
                  "Rows Removed by Filter": 47703
                }
              ]
            }
          ]
        }
      ]
    },
    "Planning Time": 0.188,
    "Triggers": [],
    "Execution Time": 192.594
  }
]