{
  "Plan": {
    "Node Type": "Aggregate",
    "Strategy": "Plain",
    "Partial Mode": "Finalize",
    "Parallel Aware": false,
    "Startup Cost": 33642.33,
    "Total Cost": 33642.34,
    "Plan Rows": 1,
    "Plan Width": 8,
    "Actual Startup Time": 77.692,
    "Actual Total Time": 92.88,
    "Actual Rows": 1,
    "Actual Loops": 1,
    "Plans": [
      {
        "Node Type": "Gather",
        "Parent Relationship": "Outer",
        "Parallel Aware": false,
        "Startup Cost": 33642.21,
        "Total Cost": 33642.32,
        "Plan Rows": 1,
        "Plan Width": 8,
        "Actual Startup Time": 77.474,
        "Actual Total Time": 92.872,
        "Actual Rows": 2,
        "Actual Loops": 1,
        "Workers Planned": 1,
        "Workers Launched": 1,
        "Single Copy": false,
        "Plans": [
          {
            "Node Type": "Aggregate",
            "Strategy": "Plain",
            "Partial Mode": "Partial",
            "Parent Relationship": "Outer",
            "Parallel Aware": false,
            "Startup Cost": 32642.21,
            "Total Cost": 32642.22,
            "Plan Rows": 1,
            "Plan Width": 8,
            "Actual Startup Time": 71.395,
            "Actual Total Time": 71.397,
            "Actual Rows": 1,
            "Actual Loops": 2,
            "Plans": [
              {
                "Node Type": "Nested Loop",
                "Parent Relationship": "Outer",
                "Parallel Aware": false,
                "Join Type": "Inner",
                "Startup Cost": 95.19,
                "Total Cost": 32639.97,
                "Plan Rows": 898,
                "Plan Width": 0,
                "Actual Startup Time": 3.655,
                "Actual Total Time": 70.722,
                "Actual Rows": 8939,
                "Actual Loops": 2,
                "Inner Unique": false,
                "Plans": [
                  {
                    "Node Type": "Nested Loop",
                    "Parent Relationship": "Outer",
                    "Parallel Aware": false,
                    "Join Type": "Inner",
                    "Startup Cost": 94.75,
                    "Total Cost": 30441.97,
                    "Plan Rows": 980,
                    "Plan Width": 8,
                    "Actual Startup Time": 3.433,
                    "Actual Total Time": 28.076,
                    "Actual Rows": 876,
                    "Actual Loops": 2,
                    "Inner Unique": true,
                    "Plans": [
                      {
                        "Node Type": "Bitmap Heap Scan",
                        "Parent Relationship": "Outer",
                        "Parallel Aware": true,
                        "Relation Name": "movie_keyword",
                        "Alias": "mk",
                        "Startup Cost": 94.32,
                        "Total Cost": 11305.86,
                        "Plan Rows": 2572,
                        "Plan Width": 4,
                        "Actual Startup Time": 3.184,
                        "Actual Total Time": 9.977,
                        "Actual Rows": 2626,
                        "Actual Loops": 2,
                        "Recheck Cond": "(keyword_id = 3311)",
                        "Rows Removed by Index Recheck": 0,
                        "Exact Heap Blocks": 3097,
                        "Lossy Heap Blocks": 0,
                        "Plans": [
                          {
                            "Node Type": "Bitmap Index Scan",
                            "Parent Relationship": "Outer",
                            "Parallel Aware": false,
                            "Index Name": "keyword_id_movie_keyword",
                            "Startup Cost": 0.0,
                            "Total Cost": 93.23,
                            "Plan Rows": 4373,
                            "Plan Width": 0,
                            "Actual Startup Time": 4.233,
                            "Actual Total Time": 4.233,
                            "Actual Rows": 5252,
                            "Actual Loops": 1,
                            "Index Cond": "(keyword_id = 3311)"
                          }
                        ]
                      },
                      {
                        "Node Type": "Index Scan",
                        "Parent Relationship": "Inner",
                        "Parallel Aware": false,
                        "Scan Direction": "Forward",
                        "Index Name": "title_pkey",
                        "Relation Name": "title",
                        "Alias": "t",
                        "Startup Cost": 0.43,
                        "Total Cost": 7.44,
                        "Plan Rows": 1,
                        "Plan Width": 4,
                        "Actual Startup Time": 0.006,
                        "Actual Total Time": 0.006,
                        "Actual Rows": 0,
                        "Actual Loops": 5252,
                        "Index Cond": "(id = mk.movie_id)",
                        "Rows Removed by Index Recheck": 0,
                        "Filter": "(production_year < 1999)",
                        "Rows Removed by Filter": 1
                      }
                    ]
                  },
                  {
                    "Node Type": "Index Scan",
                    "Parent Relationship": "Inner",
                    "Parallel Aware": false,
                    "Scan Direction": "Forward",
                    "Index Name": "movie_id_movie_info",
                    "Relation Name": "movie_info",
                    "Alias": "mi",
                    "Startup Cost": 0.43,
                    "Total Cost": 2.17,
                    "Plan Rows": 7,
                    "Plan Width": 4,
                    "Actual Startup Time": 0.02,
                    "Actual Total Time": 0.047,
                    "Actual Rows": 10,
                    "Actual Loops": 1753,
                    "Index Cond": "(movie_id = t.id)",
                    "Rows Removed by Index Recheck": 0,
                    "Filter": "(info_type_id > 16)",
                    "Rows Removed by Filter": 21
                  }
                ]
              }
            ]
          }
        ]
      }
    ]
  },
  "Planning Time": 0.944,
  "Triggers": [],
  "Execution Time": 92.98
}