[
    {
        "Bao": {
            "Bao prediction": "NaN",
            "Bao recommended hint": "(no hint)"
        }
    },
    {
        "Plan": {
            "Node Type": "Aggregate",
            "Strategy": "Plain",
            "Partial Mode": "Finalize",
            "Parallel Aware": false,
            "Startup Cost": 33347.11,
            "Total Cost": 33347.12,
            "Plan Rows": 1,
            "Plan Width": 8,
            "Actual Startup Time": 130.504,
            "Actual Total Time": 136.13,
            "Actual Rows": 1,
            "Actual Loops": 1,
            "Output": [
                "count(*)"
            ],
            "Plans": [
                {
                    "Node Type": "Gather",
                    "Parent Relationship": "Outer",
                    "Parallel Aware": false,
                    "Startup Cost": 33346.79,
                    "Total Cost": 33347.1,
                    "Plan Rows": 3,
                    "Plan Width": 8,
                    "Actual Startup Time": 130.374,
                    "Actual Total Time": 136.121,
                    "Actual Rows": 4,
                    "Actual Loops": 1,
                    "Output": [
                        "(PARTIAL count(*))"
                    ],
                    "Workers Planned": 3,
                    "Workers Launched": 3,
                    "Single Copy": false,
                    "Plans": [
                        {
                            "Node Type": "Aggregate",
                            "Strategy": "Plain",
                            "Partial Mode": "Partial",
                            "Parent Relationship": "Outer",
                            "Parallel Aware": false,
                            "Startup Cost": 32346.79,
                            "Total Cost": 32346.8,
                            "Plan Rows": 1,
                            "Plan Width": 8,
                            "Actual Startup Time": 121.375,
                            "Actual Total Time": 121.376,
                            "Actual Rows": 1,
                            "Actual Loops": 4,
                            "Output": [
                                "PARTIAL count(*)"
                            ],
                            "Workers": [
                                {
                                    "Worker Number": 0,
                                    "Actual Startup Time": 117.97,
                                    "Actual Total Time": 117.972,
                                    "Actual Rows": 1,
                                    "Actual Loops": 1
                                },
                                {
                                    "Worker Number": 1,
                                    "Actual Startup Time": 118.56,
                                    "Actual Total Time": 118.562,
                                    "Actual Rows": 1,
                                    "Actual Loops": 1
                                },
                                {
                                    "Worker Number": 2,
                                    "Actual Startup Time": 118.985,
                                    "Actual Total Time": 118.986,
                                    "Actual Rows": 1,
                                    "Actual Loops": 1
                                }
                            ],
                            "Plans": [
                                {
                                    "Node Type": "Seq Scan",
                                    "Parent Relationship": "Outer",
                                    "Parallel Aware": true,
                                    "Relation Name": "movie_companies",
                                    "Schema": "public",
                                    "Alias": "mc",
                                    "Startup Cost": 0.0,
                                    "Total Cost": 31414.82,
                                    "Plan Rows": 372790,
                                    "Plan Width": 0,
                                    "Actual Startup Time": 54.423,
                                    "Actual Total Time": 103.528,
                                    "Actual Rows": 316383,
                                    "Actual Loops": 4,
                                    "Output": [
                                        "id",
                                        "movie_id",
                                        "company_id",
                                        "company_type_id",
                                        "note"
                                    ],
                                    "Filter": "((mc.company_id > 165) AND (mc.company_type_id > 1))",
                                    "Rows Removed by Filter": 335900,
                                    "Workers": [
                                        {
                                            "Worker Number": 0,
                                            "Actual Startup Time": 51.02,
                                            "Actual Total Time": 100.82,
                                            "Actual Rows": 426478,
                                            "Actual Loops": 1
                                        },
                                        {
                                            "Worker Number": 1,
                                            "Actual Startup Time": 51.598,
                                            "Actual Total Time": 101.221,
                                            "Actual Rows": 263984,
                                            "Actual Loops": 1
                                        },
                                        {
                                            "Worker Number": 2,
                                            "Actual Startup Time": 52.04,
                                            "Actual Total Time": 101.496,
                                            "Actual Rows": 267048,
                                            "Actual Loops": 1
                                        }
                                    ]
                                }
                            ]
                        }
                    ]
                }
            ]
        },
        "Planning Time": 283.972,
        "Triggers": [],
        "Execution Time": 136.199
    }
]