[
  {
    "Plan": {
      "Node Type": "Aggregate",
      "Strategy": "Plain",
      "Partial Mode": "Finalize",
      "Parallel Aware": false,
      "Startup Cost": 102586.27,
      "Total Cost": 102586.28,
      "Plan Rows": 1,
      "Plan Width": 8,
      "Actual Startup Time": 833.417,
      "Actual Total Time": 851.953,
      "Actual Rows": 1,
      "Actual Loops": 1,
      "Plans": [
        {
          "Node Type": "Gather",
          "Parent Relationship": "Outer",
          "Parallel Aware": false,
          "Startup Cost": 102586.06,
          "Total Cost": 102586.27,
          "Plan Rows": 2,
          "Plan Width": 8,
          "Actual Startup Time": 825.324,
          "Actual Total Time": 851.943,
          "Actual Rows": 3,
          "Actual Loops": 1,
          "Workers Planned": 2,
          "Workers Launched": 2,
          "Single Copy": false,
          "Plans": [
            {
              "Node Type": "Aggregate",
              "Strategy": "Plain",
              "Partial Mode": "Partial",
              "Parent Relationship": "Outer",
              "Parallel Aware": false,
              "Startup Cost": 101586.06,
              "Total Cost": 101586.07,
              "Plan Rows": 1,
              "Plan Width": 8,
              "Actual Startup Time": 817.872,
              "Actual Total Time": 818.706,
              "Actual Rows": 1,
              "Actual Loops": 3,
              "Plans": [
                {
                  "Node Type": "Hash Join",
                  "Parent Relationship": "Outer",
                  "Parallel Aware": true,
                  "Join Type": "Inner",
                  "Startup Cost": 84482.34,
                  "Total Cost": 101034.93,
                  "Plan Rows": 220452,
                  "Plan Width": 0,
                  "Actual Startup Time": 664.601,
                  "Actual Total Time": 801.118,
                  "Actual Rows": 459932,
                  "Actual Loops": 3,
                  "Inner Unique": false,
                  "Hash Cond": "(mi_idx.movie_id = t.id)",
                  "Plans": [
                    {
                      "Node Type": "Seq Scan",
                      "Parent Relationship": "Outer",
                      "Parallel Aware": true,
                      "Relation Name": "movie_info_idx",
                      "Alias": "mi_idx",
                      "Startup Cost": 0.0,
                      "Total Cost": 13685.15,
                      "Plan Rows": 575015,
                      "Plan Width": 4,
                      "Actual Startup Time": 0.028,
                      "Actual Total Time": 34.601,
                      "Actual Rows": 460012,
                      "Actual Loops": 3
                    },
                    {
                      "Node Type": "Hash",
                      "Parent Relationship": "Inner",
                      "Parallel Aware": true,
                      "Startup Cost": 80573.82,
                      "Total Cost": 80573.82,
                      "Plan Rows": 312681,
                      "Plan Width": 8,
                      "Actual Startup Time": 658.036,
                      "Actual Total Time": 658.869,
                      "Actual Rows": 287722,
                      "Actual Loops": 3,
                      "Hash Buckets": 1048576,
                      "Original Hash Buckets": 1048576,
                      "Hash Batches": 1,
                      "Original Hash Batches": 1,
                      "Peak Memory Usage": 42016,
                      "Plans": [
                        {
                          "Node Type": "Hash Join",
                          "Parent Relationship": "Outer",
                          "Parallel Aware": true,
                          "Join Type": "Inner",
                          "Startup Cost": 50240.54,
                          "Total Cost": 80573.82,
                          "Plan Rows": 312681,
                          "Plan Width": 8,
                          "Actual Startup Time": 364.405,
                          "Actual Total Time": 578.146,
                          "Actual Rows": 287722,
                          "Actual Loops": 3,
                          "Inner Unique": true,
                          "Hash Cond": "(mc.movie_id = t.id)",
                          "Plans": [
                            {
                              "Node Type": "Seq Scan",
                              "Parent Relationship": "Outer",
                              "Parallel Aware": true,
                              "Relation Name": "movie_companies",
                              "Alias": "mc",
                              "Startup Cost": 0.0,
                              "Total Cost": 29310.68,
                              "Plan Rows": 389563,
                              "Plan Width": 4,
                              "Actual Startup Time": 10.887,
                              "Actual Total Time": 82.921,
                              "Actual Rows": 403456,
                              "Actual Loops": 3,
                              "Filter": "(company_id > 12173)",
                              "Rows Removed by Filter": 466254
                            },
                            {
                              "Node Type": "Hash",
                              "Parent Relationship": "Inner",
                              "Parallel Aware": true,
                              "Startup Cost": 43898.92,
                              "Total Cost": 43898.92,
                              "Plan Rows": 507330,
                              "Plan Width": 4,
                              "Actual Startup Time": 346.935,
                              "Actual Total Time": 346.936,
                              "Actual Rows": 672901,
                              "Actual Loops": 3,
                              "Hash Buckets": 2097152,
                              "Original Hash Buckets": 2097152,
                              "Hash Batches": 1,
                              "Original Hash Batches": 1,
                              "Peak Memory Usage": 95392,
                              "Plans": [
                                {
                                  "Node Type": "Seq Scan",
                                  "Parent Relationship": "Outer",
                                  "Parallel Aware": true,
                                  "Relation Name": "title",
                                  "Alias": "t",
                                  "Startup Cost": 0.0,
                                  "Total Cost": 43898.92,
                                  "Plan Rows": 507330,
                                  "Plan Width": 4,
                                  "Actual Startup Time": 0.04,
                                  "Actual Total Time": 131.172,
                                  "Actual Rows": 672901,
                                  "Actual Loops": 3,
                                  "Filter": "(production_year > 1974)",
                                  "Rows Removed by Filter": 169870
                                }
                              ]
                            }
                          ]
                        }
                      ]
                    }
                  ]
                }
              ]
            }
          ]
        }
      ]
    },
    "Planning Time": 1.358,
    "Triggers": [],
    "Execution Time": 852.038
  }
]