{
  "Plan": {
    "Node Type": "Aggregate",
    "Strategy": "Plain",
    "Partial Mode": "Finalize",
    "Parallel Aware": false,
    "Startup Cost": 637810.53,
    "Total Cost": 637810.54,
    "Plan Rows": 1,
    "Plan Width": 8,
    "Actual Startup Time": 4744.85,
    "Actual Total Time": 4811.86,
    "Actual Rows": 1,
    "Actual Loops": 1,
    "Plans": [
      {
        "Node Type": "Gather",
        "Parent Relationship": "Outer",
        "Parallel Aware": false,
        "Startup Cost": 637810.42,
        "Total Cost": 637810.53,
        "Plan Rows": 1,
        "Plan Width": 8,
        "Actual Startup Time": 4743.864,
        "Actual Total Time": 4811.852,
        "Actual Rows": 2,
        "Actual Loops": 1,
        "Workers Planned": 1,
        "Workers Launched": 1,
        "Single Copy": false,
        "Plans": [
          {
            "Node Type": "Aggregate",
            "Strategy": "Plain",
            "Partial Mode": "Partial",
            "Parent Relationship": "Outer",
            "Parallel Aware": false,
            "Startup Cost": 636810.42,
            "Total Cost": 636810.43,
            "Plan Rows": 1,
            "Plan Width": 8,
            "Actual Startup Time": 4738.003,
            "Actual Total Time": 4738.006,
            "Actual Rows": 1,
            "Actual Loops": 2,
            "Plans": [
              {
                "Node Type": "Hash Join",
                "Parent Relationship": "Outer",
                "Parallel Aware": true,
                "Join Type": "Inner",
                "Startup Cost": 60315.94,
                "Total Cost": 631450.57,
                "Plan Rows": 2143938,
                "Plan Width": 0,
                "Actual Startup Time": 253.155,
                "Actual Total Time": 4628.169,
                "Actual Rows": 2591793,
                "Actual Loops": 2,
                "Inner Unique": true,
                "Hash Cond": "(ci.movie_id = t.id)",
                "Plans": [
                  {
                    "Node Type": "Seq Scan",
                    "Parent Relationship": "Outer",
                    "Parallel Aware": true,
                    "Relation Name": "cast_info",
                    "Alias": "ci",
                    "Startup Cost": 0.0,
                    "Total Cost": 519069.44,
                    "Plan Rows": 19834324,
                    "Plan Width": 4,
                    "Actual Startup Time": 54.777,
                    "Actual Total Time": 1631.031,
                    "Actual Rows": 16853430,
                    "Actual Loops": 2,
                    "Filter": "(person_id > 245050)",
                    "Rows Removed by Filter": 1268742
                  },
                  {
                    "Node Type": "Hash",
                    "Parent Relationship": "Inner",
                    "Parallel Aware": true,
                    "Startup Cost": 58306.47,
                    "Total Cost": 58306.47,
                    "Plan Rows": 160758,
                    "Plan Width": 4,
                    "Actual Startup Time": 192.673,
                    "Actual Total Time": 192.675,
                    "Actual Rows": 207194,
                    "Actual Loops": 2,
                    "Hash Buckets": 524288,
                    "Original Hash Buckets": 524288,
                    "Hash Batches": 1,
                    "Original Hash Batches": 1,
                    "Peak Memory Usage": 20352,
                    "Plans": [
                      {
                        "Node Type": "Seq Scan",
                        "Parent Relationship": "Outer",
                        "Parallel Aware": true,
                        "Relation Name": "title",
                        "Alias": "t",
                        "Startup Cost": 0.0,
                        "Total Cost": 58306.47,
                        "Plan Rows": 160758,
                        "Plan Width": 4,
                        "Actual Startup Time": 0.075,
                        "Actual Total Time": 146.543,
                        "Actual Rows": 207194,
                        "Actual Loops": 2,
                        "Filter": "((kind_id < 4) AND (production_year < 1995))",
                        "Rows Removed by Filter": 1056962
                      }
                    ]
                  }
                ]
              }
            ]
          }
        ]
      }
    ]
  },
  "Planning Time": 0.621,
  "Triggers": [],
  "Execution Time": 4811.947
}