[
  {
    "Plan": {
      "Node Type": "Aggregate",
      "Strategy": "Plain",
      "Partial Mode": "Finalize",
      "Parallel Aware": false,
      "Startup Cost": 135165.23,
      "Total Cost": 135165.24,
      "Plan Rows": 1,
      "Plan Width": 64,
      "Actual Startup Time": 771.19,
      "Actual Total Time": 825.052,
      "Actual Rows": 1,
      "Actual Loops": 1,
      "Plans": [
        {
          "Node Type": "Gather",
          "Parent Relationship": "Outer",
          "Parallel Aware": false,
          "Startup Cost": 135164.91,
          "Total Cost": 135165.22,
          "Plan Rows": 3,
          "Plan Width": 64,
          "Actual Startup Time": 765.734,
          "Actual Total Time": 825.011,
          "Actual Rows": 4,
          "Actual Loops": 1,
          "Workers Planned": 3,
          "Workers Launched": 3,
          "Single Copy": false,
          "Plans": [
            {
              "Node Type": "Aggregate",
              "Strategy": "Plain",
              "Partial Mode": "Partial",
              "Parent Relationship": "Outer",
              "Parallel Aware": false,
              "Startup Cost": 134164.91,
              "Total Cost": 134164.92,
              "Plan Rows": 1,
              "Plan Width": 64,
              "Actual Startup Time": 752.454,
              "Actual Total Time": 752.473,
              "Actual Rows": 1,
              "Actual Loops": 4,
              "Plans": [
                {
                  "Node Type": "Nested Loop",
                  "Parent Relationship": "Outer",
                  "Parallel Aware": false,
                  "Join Type": "Inner",
                  "Startup Cost": 71397.12,
                  "Total Cost": 134164.89,
                  "Plan Rows": 3,
                  "Plan Width": 32,
                  "Actual Startup Time": 463.266,
                  "Actual Total Time": 752.271,
                  "Actual Rows": 615,
                  "Actual Loops": 4,
                  "Inner Unique": true,
                  "Plans": [
                    {
                      "Node Type": "Nested Loop",
                      "Parent Relationship": "Outer",
                      "Parallel Aware": false,
                      "Join Type": "Inner",
                      "Startup Cost": 71396.7,
                      "Total Cost": 134161.77,
                      "Plan Rows": 7,
                      "Plan Width": 36,
                      "Actual Startup Time": 463.052,
                      "Actual Total Time": 741.913,
                      "Actual Rows": 1967,
                      "Actual Loops": 4,
                      "Inner Unique": false,
                      "Plans": [
                        {
                          "Node Type": "Nested Loop",
                          "Parent Relationship": "Outer",
                          "Parallel Aware": false,
                          "Join Type": "Inner",
                          "Startup Cost": 71396.27,
                          "Total Cost": 134161.13,
                          "Plan Rows": 1,
                          "Plan Width": 44,
                          "Actual Startup Time": 462.567,
                          "Actual Total Time": 735.869,
                          "Actual Rows": 644,
                          "Actual Loops": 4,
                          "Inner Unique": true,
                          "Plans": [
                            {
                              "Node Type": "Hash Join",
                              "Parent Relationship": "Outer",
                              "Parallel Aware": false,
                              "Join Type": "Inner",
                              "Startup Cost": 71395.84,
                              "Total Cost": 134160.46,
                              "Plan Rows": 1,
                              "Plan Width": 48,
                              "Actual Startup Time": 462.287,
                              "Actual Total Time": 730.644,
                              "Actual Rows": 657,
                              "Actual Loops": 4,
                              "Inner Unique": true,
                              "Hash Cond": "(mi.info_type_id = it.id)",
                              "Plans": [
                                {
                                  "Node Type": "Nested Loop",
                                  "Parent Relationship": "Outer",
                                  "Parallel Aware": false,
                                  "Join Type": "Inner",
                                  "Startup Cost": 71393.41,
                                  "Total Cost": 134157.63,
                                  "Plan Rows": 151,
                                  "Plan Width": 52,
                                  "Actual Startup Time": 461.753,
                                  "Actual Total Time": 729.795,
                                  "Actual Rows": 657,
                                  "Actual Loops": 4,
                                  "Inner Unique": false,
                                  "Plans": [
                                    {
                                      "Node Type": "Nested Loop",
                                      "Parent Relationship": "Outer",
                                      "Parallel Aware": false,
                                      "Join Type": "Inner",
                                      "Startup Cost": 71392.98,
                                      "Total Cost": 133424.99,
                                      "Plan Rows": 378,
                                      "Plan Width": 44,
                                      "Actual Startup Time": 454.639,
                                      "Actual Total Time": 684.472,
                                      "Actual Rows": 1348,
                                      "Actual Loops": 4,
                                      "Inner Unique": true,
                                      "Plans": [
                                        {
                                          "Node Type": "Hash Join",
                                          "Parent Relationship": "Outer",
                                          "Parallel Aware": false,
                                          "Join Type": "Inner",
                                          "Startup Cost": 71392.55,
                                          "Total Cost": 132996.33,
                                          "Plan Rows": 656,
                                          "Plan Width": 23,
                                          "Actual Startup Time": 453.003,
                                          "Actual Total Time": 658.062,
                                          "Actual Rows": 2051,
                                          "Actual Loops": 4,
                                          "Inner Unique": true,
                                          "Hash Cond": "(ci.role_id = rt.id)",
                                          "Plans": [
                                            {
                                              "Node Type": "Nested Loop",
                                              "Parent Relationship": "Outer",
                                              "Parallel Aware": false,
                                              "Join Type": "Inner",
                                              "Startup Cost": 71391.39,
                                              "Total Cost": 132967.2,
                                              "Plan Rows": 7874,
                                              "Plan Width": 27,
                                              "Actual Startup Time": 452.85,
                                              "Actual Total Time": 657.211,
                                              "Actual Rows": 2051,
                                              "Actual Loops": 4,
                                              "Inner Unique": false,
                                              "Join Filter": "(n.id = ci.person_id)",
                                              "Rows Removed by Join Filter": 0,
                                              "Plans": [
                                                {
                                                  "Node Type": "Hash Join",
                                                  "Parent Relationship": "Outer",
                                                  "Parallel Aware": true,
                                                  "Join Type": "Inner",
                                                  "Startup Cost": 71390.82,
                                                  "Total Cost": 86457.61,
                                                  "Plan Rows": 3349,
                                                  "Plan Width": 23,
                                                  "Actual Startup Time": 449.726,
                                                  "Actual Total Time": 579.322,
                                                  "Actual Rows": 2631,
                                                  "Actual Loops": 4,
                                                  "Inner Unique": true,
                                                  "Hash Cond": "(an.person_id = n.id)",
                                                  "Plans": [
                                                    {
                                                      "Node Type": "Seq Scan",
                                                      "Parent Relationship": "Outer",
                                                      "Parallel Aware": true,
                                                      "Relation Name": "aka_name",
                                                      "Alias": "an",
                                                      "Startup Cost": 0.0,
                                                      "Total Cost": 14303.56,
                                                      "Plan Rows": 290756,
                                                      "Plan Width": 4,
                                                      "Actual Startup Time": 0.032,
                                                      "Actual Total Time": 78.163,
                                                      "Actual Rows": 225336,
                                                      "Actual Loops": 4
                                                    },
                                                    {
                                                      "Node Type": "Hash",
                                                      "Parent Relationship": "Inner",
                                                      "Parallel Aware": true,
                                                      "Startup Cost": 71240.82,
                                                      "Total Cost": 71240.82,
                                                      "Plan Rows": 12000,
                                                      "Plan Width": 19,
                                                      "Actual Startup Time": 448.391,
                                                      "Actual Total Time": 448.393,
                                                      "Actual Rows": 12503,
                                                      "Actual Loops": 4,
                                                      "Hash Buckets": 65536,
                                                      "Original Hash Buckets": 65536,
                                                      "Hash Batches": 1,
                                                      "Original Hash Batches": 1,
                                                      "Peak Memory Usage": 3296,
                                                      "Plans": [
                                                        {
                                                          "Node Type": "Seq Scan",
                                                          "Parent Relationship": "Outer",
                                                          "Parallel Aware": true,
                                                          "Relation Name": "name",
                                                          "Alias": "n",
                                                          "Startup Cost": 0.0,
                                                          "Total Cost": 71240.82,
                                                          "Plan Rows": 12000,
                                                          "Plan Width": 19,
                                                          "Actual Startup Time": 201.911,
                                                          "Actual Total Time": 438.153,
                                                          "Actual Rows": 12503,
                                                          "Actual Loops": 4,
                                                          "Filter": "((name ~~ '%An%'::text) AND ((gender)::text = 'f'::text))",
                                                          "Rows Removed by Filter": 1029370
                                                        }
                                                      ]
                                                    }
                                                  ]
                                                },
                                                {
                                                  "Node Type": "Index Scan",
                                                  "Parent Relationship": "Inner",
                                                  "Parallel Aware": false,
                                                  "Scan Direction": "Forward",
                                                  "Index Name": "person_id_cast_info",
                                                  "Relation Name": "cast_info",
                                                  "Alias": "ci",
                                                  "Startup Cost": 0.56,
                                                  "Total Cost": 13.74,
                                                  "Plan Rows": 12,
                                                  "Plan Width": 16,
                                                  "Actual Startup Time": 0.026,
                                                  "Actual Total Time": 0.029,
                                                  "Actual Rows": 1,
                                                  "Actual Loops": 10525,
                                                  "Index Cond": "(person_id = an.person_id)",
                                                  "Rows Removed by Index Recheck": 0,
                                                  "Filter": "(note = ANY ('{(voice),\"(voice: Japanese version)\",\"(voice) (uncredited)\",\"(voice: English version)\"}'::text[]))",
                                                  "Rows Removed by Filter": 44
                                                }
                                              ]
                                            },
                                            {
                                              "Node Type": "Hash",
                                              "Parent Relationship": "Inner",
                                              "Parallel Aware": false,
                                              "Startup Cost": 1.15,
                                              "Total Cost": 1.15,
                                              "Plan Rows": 1,
                                              "Plan Width": 4,
                                              "Actual Startup Time": 0.08,
                                              "Actual Total Time": 0.081,
                                              "Actual Rows": 1,
                                              "Actual Loops": 4,
                                              "Hash Buckets": 1024,
                                              "Original Hash Buckets": 1024,
                                              "Hash Batches": 1,
                                              "Original Hash Batches": 1,
                                              "Peak Memory Usage": 9,
                                              "Plans": [
                                                {
                                                  "Node Type": "Seq Scan",
                                                  "Parent Relationship": "Outer",
                                                  "Parallel Aware": false,
                                                  "Relation Name": "role_type",
                                                  "Alias": "rt",
                                                  "Startup Cost": 0.0,
                                                  "Total Cost": 1.15,
                                                  "Plan Rows": 1,
                                                  "Plan Width": 4,
                                                  "Actual Startup Time": 0.048,
                                                  "Actual Total Time": 0.051,
                                                  "Actual Rows": 1,
                                                  "Actual Loops": 4,
                                                  "Filter": "((role)::text = 'actress'::text)",
                                                  "Rows Removed by Filter": 11
                                                }
                                              ]
                                            }
                                          ]
                                        },
                                        {
                                          "Node Type": "Index Scan",
                                          "Parent Relationship": "Inner",
                                          "Parallel Aware": false,
                                          "Scan Direction": "Forward",
                                          "Index Name": "title_pkey",
                                          "Relation Name": "title",
                                          "Alias": "t",
                                          "Startup Cost": 0.43,
                                          "Total Cost": 0.65,
                                          "Plan Rows": 1,
                                          "Plan Width": 21,
                                          "Actual Startup Time": 0.012,
                                          "Actual Total Time": 0.012,
                                          "Actual Rows": 1,
                                          "Actual Loops": 8204,
                                          "Index Cond": "(id = ci.movie_id)",
                                          "Rows Removed by Index Recheck": 0,
                                          "Filter": "(production_year < 2006)",
                                          "Rows Removed by Filter": 0
                                        }
                                      ]
                                    },
                                    {
                                      "Node Type": "Index Scan",
                                      "Parent Relationship": "Inner",
                                      "Parallel Aware": false,
                                      "Scan Direction": "Forward",
                                      "Index Name": "movie_id_movie_info",
                                      "Relation Name": "movie_info",
                                      "Alias": "mi",
                                      "Startup Cost": 0.43,
                                      "Total Cost": 1.93,
                                      "Plan Rows": 1,
                                      "Plan Width": 8,
                                      "Actual Startup Time": 0.027,
                                      "Actual Total Time": 0.033,
                                      "Actual Rows": 0,
                                      "Actual Loops": 5392,
                                      "Index Cond": "(movie_id = t.id)",
                                      "Rows Removed by Index Recheck": 0,
                                      "Filter": "((info IS NOT NULL) AND ((info ~~ 'Japan:%200%'::text) OR (info ~~ 'USA:%200%'::text)))",
                                      "Rows Removed by Filter": 13
                                    }
                                  ]
                                },
                                {
                                  "Node Type": "Hash",
                                  "Parent Relationship": "Inner",
                                  "Parallel Aware": false,
                                  "Startup Cost": 2.41,
                                  "Total Cost": 2.41,
                                  "Plan Rows": 1,
                                  "Plan Width": 4,
                                  "Actual Startup Time": 0.145,
                                  "Actual Total Time": 0.147,
                                  "Actual Rows": 1,
                                  "Actual Loops": 4,
                                  "Hash Buckets": 1024,
                                  "Original Hash Buckets": 1024,
                                  "Hash Batches": 1,
                                  "Original Hash Batches": 1,
                                  "Peak Memory Usage": 9,
                                  "Plans": [
                                    {
                                      "Node Type": "Seq Scan",
                                      "Parent Relationship": "Outer",
                                      "Parallel Aware": false,
                                      "Relation Name": "info_type",
                                      "Alias": "it",
                                      "Startup Cost": 0.0,
                                      "Total Cost": 2.41,
                                      "Plan Rows": 1,
                                      "Plan Width": 4,
                                      "Actual Startup Time": 0.108,
                                      "Actual Total Time": 0.12,
                                      "Actual Rows": 1,
                                      "Actual Loops": 4,
                                      "Filter": "((info)::text = 'release dates'::text)",
                                      "Rows Removed by Filter": 112
                                    }
                                  ]
                                }
                              ]
                            },
                            {
                              "Node Type": "Index Only Scan",
                              "Parent Relationship": "Inner",
                              "Parallel Aware": false,
                              "Scan Direction": "Forward",
                              "Index Name": "char_name_pkey",
                              "Relation Name": "char_name",
                              "Alias": "chn",
                              "Startup Cost": 0.43,
                              "Total Cost": 0.66,
                              "Plan Rows": 1,
                              "Plan Width": 4,
                              "Actual Startup Time": 0.007,
                              "Actual Total Time": 0.007,
                              "Actual Rows": 1,
                              "Actual Loops": 2628,
                              "Index Cond": "(id = ci.person_role_id)",
                              "Rows Removed by Index Recheck": 0,
                              "Heap Fetches": 2578
                            }
                          ]
                        },
                        {
                          "Node Type": "Index Scan",
                          "Parent Relationship": "Inner",
                          "Parallel Aware": false,
                          "Scan Direction": "Forward",
                          "Index Name": "movie_id_movie_companies",
                          "Relation Name": "movie_companies",
                          "Alias": "mc",
                          "Startup Cost": 0.43,
                          "Total Cost": 0.6,
                          "Plan Rows": 5,
                          "Plan Width": 8,
                          "Actual Startup Time": 0.007,
                          "Actual Total Time": 0.008,
                          "Actual Rows": 3,
                          "Actual Loops": 2578,
                          "Index Cond": "(movie_id = t.id)",
                          "Rows Removed by Index Recheck": 0
                        }
                      ]
                    },
                    {
                      "Node Type": "Index Scan",
                      "Parent Relationship": "Inner",
                      "Parallel Aware": false,
                      "Scan Direction": "Forward",
                      "Index Name": "company_name_pkey",
                      "Relation Name": "company_name",
                      "Alias": "cn",
                      "Startup Cost": 0.42,
                      "Total Cost": 0.45,
                      "Plan Rows": 1,
                      "Plan Width": 4,
                      "Actual Startup Time": 0.005,
                      "Actual Total Time": 0.005,
                      "Actual Rows": 0,
                      "Actual Loops": 7868,
                      "Index Cond": "(id = mc.company_id)",
                      "Rows Removed by Index Recheck": 0,
                      "Filter": "((country_code)::text = '[us]'::text)",
                      "Rows Removed by Filter": 1
                    }
                  ]
                }
              ]
            }
          ]
        }
      ]
    },
    "Planning Time": 36.621,
    "Triggers": [],
    "Execution Time": 826.168
  }
]