[
  {
    "Plan": {
      "Node Type": "Aggregate",
      "Strategy": "Plain",
      "Partial Mode": "Finalize",
      "Parallel Aware": false,
      "Startup Cost": 38388.75,
      "Total Cost": 38388.76,
      "Plan Rows": 1,
      "Plan Width": 8,
      "Actual Startup Time": 390.118,
      "Actual Total Time": 452.13,
      "Actual Rows": 1,
      "Actual Loops": 1,
      "Plans": [
        {
          "Node Type": "Gather",
          "Parent Relationship": "Outer",
          "Parallel Aware": false,
          "Startup Cost": 38388.54,
          "Total Cost": 38388.75,
          "Plan Rows": 2,
          "Plan Width": 8,
          "Actual Startup Time": 389.953,
          "Actual Total Time": 452.121,
          "Actual Rows": 3,
          "Actual Loops": 1,
          "Workers Planned": 2,
          "Workers Launched": 2,
          "Single Copy": false,
          "Plans": [
            {
              "Node Type": "Aggregate",
              "Strategy": "Plain",
              "Partial Mode": "Partial",
              "Parent Relationship": "Outer",
              "Parallel Aware": false,
              "Startup Cost": 37388.54,
              "Total Cost": 37388.55,
              "Plan Rows": 1,
              "Plan Width": 8,
              "Actual Startup Time": 381.706,
              "Actual Total Time": 381.708,
              "Actual Rows": 1,
              "Actual Loops": 3,
              "Plans": [
                {
                  "Node Type": "Nested Loop",
                  "Parent Relationship": "Outer",
                  "Parallel Aware": false,
                  "Join Type": "Inner",
                  "Startup Cost": 132.18,
                  "Total Cost": 37359.29,
                  "Plan Rows": 11698,
                  "Plan Width": 0,
                  "Actual Startup Time": 3.335,
                  "Actual Total Time": 377.087,
                  "Actual Rows": 55447,
                  "Actual Loops": 3,
                  "Inner Unique": false,
                  "Plans": [
                    {
                      "Node Type": "Nested Loop",
                      "Parent Relationship": "Outer",
                      "Parallel Aware": false,
                      "Join Type": "Inner",
                      "Startup Cost": 131.61,
                      "Total Cost": 32023.95,
                      "Plan Rows": 2513,
                      "Plan Width": 8,
                      "Actual Startup Time": 3.03,
                      "Actual Total Time": 38.521,
                      "Actual Rows": 2556,
                      "Actual Loops": 3,
                      "Inner Unique": true,
                      "Plans": [
                        {
                          "Node Type": "Bitmap Heap Scan",
                          "Parent Relationship": "Outer",
                          "Parallel Aware": true,
                          "Relation Name": "movie_keyword",
                          "Alias": "mk",
                          "Startup Cost": 131.18,
                          "Total Cost": 14093.28,
                          "Plan Rows": 2513,
                          "Plan Width": 4,
                          "Actual Startup Time": 2.863,
                          "Actual Total Time": 13.803,
                          "Actual Rows": 2556,
                          "Actual Loops": 3,
                          "Recheck Cond": "(keyword_id = 231)",
                          "Rows Removed by Index Recheck": 0,
                          "Exact Heap Blocks": 3399,
                          "Lossy Heap Blocks": 0,
                          "Plans": [
                            {
                              "Node Type": "Bitmap Index Scan",
                              "Parent Relationship": "Outer",
                              "Parallel Aware": false,
                              "Index Name": "keyword_id_movie_keyword",
                              "Startup Cost": 0.0,
                              "Total Cost": 129.67,
                              "Plan Rows": 6032,
                              "Plan Width": 0,
                              "Actual Startup Time": 4.945,
                              "Actual Total Time": 4.945,
                              "Actual Rows": 7668,
                              "Actual Loops": 1,
                              "Index Cond": "(keyword_id = 231)"
                            }
                          ]
                        },
                        {
                          "Node Type": "Index Only Scan",
                          "Parent Relationship": "Inner",
                          "Parallel Aware": false,
                          "Scan Direction": "Forward",
                          "Index Name": "title_pkey",
                          "Relation Name": "title",
                          "Alias": "t",
                          "Startup Cost": 0.43,
                          "Total Cost": 7.14,
                          "Plan Rows": 1,
                          "Plan Width": 4,
                          "Actual Startup Time": 0.009,
                          "Actual Total Time": 0.009,
                          "Actual Rows": 1,
                          "Actual Loops": 7668,
                          "Index Cond": "(id = mk.movie_id)",
                          "Rows Removed by Index Recheck": 0,
                          "Heap Fetches": 7668
                        }
                      ]
                    },
                    {
                      "Node Type": "Index Scan",
                      "Parent Relationship": "Inner",
                      "Parallel Aware": false,
                      "Scan Direction": "Forward",
                      "Index Name": "movie_id_cast_info",
                      "Relation Name": "cast_info",
                      "Alias": "ci",
                      "Startup Cost": 0.56,
                      "Total Cost": 2.0,
                      "Plan Rows": 12,
                      "Plan Width": 4,
                      "Actual Startup Time": 0.087,
                      "Actual Total Time": 0.13,
                      "Actual Rows": 22,
                      "Actual Loops": 7668,
                      "Index Cond": "(movie_id = t.id)",
                      "Rows Removed by Index Recheck": 0,
                      "Filter": "((person_id > 170513) AND (role_id > 3))",
                      "Rows Removed by Filter": 33
                    }
                  ]
                }
              ]
            }
          ]
        }
      ]
    },
    "Planning Time": 1.368,
    "Triggers": [],
    "Execution Time": 452.252
  }
]