{
  "Plan": {
    "Node Type": "Aggregate",
    "Strategy": "Plain",
    "Partial Mode": "Finalize",
    "Parallel Aware": false,
    "Startup Cost": 105339.22,
    "Total Cost": 105339.23,
    "Plan Rows": 1,
    "Plan Width": 8,
    "Actual Startup Time": 418.182,
    "Actual Total Time": 435.34,
    "Actual Rows": 1,
    "Actual Loops": 1,
    "Plans": [
      {
        "Node Type": "Gather",
        "Parent Relationship": "Outer",
        "Parallel Aware": false,
        "Startup Cost": 105339.1,
        "Total Cost": 105339.21,
        "Plan Rows": 1,
        "Plan Width": 8,
        "Actual Startup Time": 417.209,
        "Actual Total Time": 435.335,
        "Actual Rows": 2,
        "Actual Loops": 1,
        "Workers Planned": 1,
        "Workers Launched": 1,
        "Single Copy": false,
        "Plans": [
          {
            "Node Type": "Aggregate",
            "Strategy": "Plain",
            "Partial Mode": "Partial",
            "Parent Relationship": "Outer",
            "Parallel Aware": false,
            "Startup Cost": 104339.1,
            "Total Cost": 104339.11,
            "Plan Rows": 1,
            "Plan Width": 8,
            "Actual Startup Time": 411.664,
            "Actual Total Time": 411.668,
            "Actual Rows": 1,
            "Actual Loops": 2,
            "Plans": [
              {
                "Node Type": "Hash Join",
                "Parent Relationship": "Outer",
                "Parallel Aware": true,
                "Join Type": "Inner",
                "Startup Cost": 60911.79,
                "Total Cost": 104120.89,
                "Plan Rows": 87285,
                "Plan Width": 0,
                "Actual Startup Time": 210.399,
                "Actual Total Time": 410.481,
                "Actual Rows": 19790,
                "Actual Loops": 2,
                "Inner Unique": true,
                "Hash Cond": "(mc.movie_id = t.id)",
                "Plans": [
                  {
                    "Node Type": "Index Scan",
                    "Parent Relationship": "Outer",
                    "Parallel Aware": true,
                    "Scan Direction": "Forward",
                    "Index Name": "company_type_id_movie_companies",
                    "Relation Name": "movie_companies",
                    "Alias": "mc",
                    "Startup Cost": 0.43,
                    "Total Cost": 41574.35,
                    "Plan Rows": 622926,
                    "Plan Width": 4,
                    "Actual Startup Time": 0.333,
                    "Actual Total Time": 124.25,
                    "Actual Rows": 466282,
                    "Actual Loops": 2,
                    "Index Cond": "(company_type_id < 2)",
                    "Rows Removed by Index Recheck": 0,
                    "Filter": "(company_id > 374)",
                    "Rows Removed by Filter": 170842
                  },
                  {
                    "Node Type": "Hash",
                    "Parent Relationship": "Inner",
                    "Parallel Aware": true,
                    "Startup Cost": 58306.47,
                    "Total Cost": 58306.47,
                    "Plan Rows": 208391,
                    "Plan Width": 4,
                    "Actual Startup Time": 207.561,
                    "Actual Total Time": 207.562,
                    "Actual Rows": 186000,
                    "Actual Loops": 2,
                    "Hash Buckets": 524288,
                    "Original Hash Buckets": 524288,
                    "Hash Batches": 1,
                    "Original Hash Batches": 1,
                    "Peak Memory Usage": 18688,
                    "Plans": [
                      {
                        "Node Type": "Seq Scan",
                        "Parent Relationship": "Outer",
                        "Parallel Aware": true,
                        "Relation Name": "title",
                        "Alias": "t",
                        "Startup Cost": 0.0,
                        "Total Cost": 58306.47,
                        "Plan Rows": 208391,
                        "Plan Width": 4,
                        "Actual Startup Time": 0.03,
                        "Actual Total Time": 160.996,
                        "Actual Rows": 186000,
                        "Actual Loops": 2,
                        "Filter": "((kind_id > 3) AND (production_year > 2009))",
                        "Rows Removed by Filter": 1078156
                      }
                    ]
                  }
                ]
              }
            ]
          }
        ]
      }
    ]
  },
  "Planning Time": 0.274,
  "Triggers": [],
  "Execution Time": 435.38
}