[
  {
    "Bao": {
      "Bao prediction": 1414.512,
      "Bao recommended hint": "(no hint)"
    }
  },
  {
    "Plan": {
      "Node Type": "Aggregate",
      "Strategy": "Plain",
      "Partial Mode": "Finalize",
      "Parallel Aware": false,
      "Startup Cost": 392386.15,
      "Total Cost": 392386.16,
      "Plan Rows": 1,
      "Plan Width": 64,
      "Actual Startup Time": 3876.298,
      "Actual Total Time": 3942.602,
      "Actual Rows": 1,
      "Actual Loops": 1,
      "Plans": [
        {
          "Node Type": "Gather",
          "Parent Relationship": "Outer",
          "Parallel Aware": false,
          "Startup Cost": 392385.82,
          "Total Cost": 392386.13,
          "Plan Rows": 3,
          "Plan Width": 64,
          "Actual Startup Time": 3798.041,
          "Actual Total Time": 3942.585,
          "Actual Rows": 4,
          "Actual Loops": 1,
          "Workers Planned": 3,
          "Workers Launched": 3,
          "Single Copy": false,
          "Plans": [
            {
              "Node Type": "Aggregate",
              "Strategy": "Plain",
              "Partial Mode": "Partial",
              "Parent Relationship": "Outer",
              "Parallel Aware": false,
              "Startup Cost": 391385.82,
              "Total Cost": 391385.83,
              "Plan Rows": 1,
              "Plan Width": 64,
              "Actual Startup Time": 3783.345,
              "Actual Total Time": 3786.322,
              "Actual Rows": 1,
              "Actual Loops": 4,
              "Plans": [
                {
                  "Node Type": "Hash Join",
                  "Parent Relationship": "Outer",
                  "Parallel Aware": true,
                  "Join Type": "Inner",
                  "Startup Cost": 364065.74,
                  "Total Cost": 379978.1,
                  "Plan Rows": 2281545,
                  "Plan Width": 33,
                  "Actual Startup Time": 3564.705,
                  "Actual Total Time": 3741.746,
                  "Actual Rows": 621903,
                  "Actual Loops": 4,
                  "Inner Unique": false,
                  "Hash Cond": "(a1.person_id = n1.id)",
                  "Plans": [
                    {
                      "Node Type": "Seq Scan",
                      "Parent Relationship": "Outer",
                      "Parallel Aware": true,
                      "Relation Name": "aka_name",
                      "Alias": "a1",
                      "Startup Cost": 0.0,
                      "Total Cost": 14303.56,
                      "Plan Rows": 290756,
                      "Plan Width": 20,
                      "Actual Startup Time": 0.013,
                      "Actual Total Time": 25.137,
                      "Actual Rows": 225336,
                      "Actual Loops": 4
                    },
                    {
                      "Node Type": "Hash",
                      "Parent Relationship": "Inner",
                      "Parallel Aware": true,
                      "Startup Cost": 354776.89,
                      "Total Cost": 354776.89,
                      "Plan Rows": 743108,
                      "Plan Width": 25,
                      "Actual Startup Time": 3555.827,
                      "Actual Total Time": 3558.801,
                      "Actual Rows": 492664,
                      "Actual Loops": 4,
                      "Hash Buckets": 4194304,
                      "Original Hash Buckets": 4194304,
                      "Hash Batches": 1,
                      "Original Hash Batches": 1,
                      "Peak Memory Usage": 152544,
                      "Plans": [
                        {
                          "Node Type": "Hash Join",
                          "Parent Relationship": "Outer",
                          "Parallel Aware": true,
                          "Join Type": "Inner",
                          "Startup Cost": 303026.11,
                          "Total Cost": 354776.89,
                          "Plan Rows": 743108,
                          "Plan Width": 25,
                          "Actual Startup Time": 2776.9,
                          "Actual Total Time": 3384.119,
                          "Actual Rows": 492664,
                          "Actual Loops": 4,
                          "Inner Unique": true,
                          "Hash Cond": "(ci.person_id = n1.id)",
                          "Plans": [
                            {
                              "Node Type": "Hash Join",
                              "Parent Relationship": "Outer",
                              "Parallel Aware": false,
                              "Join Type": "Inner",
                              "Startup Cost": 223971.62,
                              "Total Cost": 273771.74,
                              "Plan Rows": 743108,
                              "Plan Width": 21,
                              "Actual Startup Time": 2113.067,
                              "Actual Total Time": 2573.896,
                              "Actual Rows": 492664,
                              "Actual Loops": 4,
                              "Inner Unique": false,
                              "Hash Cond": "(t.id = ci.movie_id)",
                              "Plans": [
                                {
                                  "Node Type": "Hash Join",
                                  "Parent Relationship": "Outer",
                                  "Parallel Aware": true,
                                  "Join Type": "Inner",
                                  "Startup Cost": 38617.78,
                                  "Total Cost": 84076.94,
                                  "Plan Rows": 238519,
                                  "Plan Width": 25,
                                  "Actual Startup Time": 374.309,
                                  "Actual Total Time": 693.521,
                                  "Actual Rows": 288450,
                                  "Actual Loops": 4,
                                  "Inner Unique": false,
                                  "Hash Cond": "(t.id = mc.movie_id)",
                                  "Plans": [
                                    {
                                      "Node Type": "Seq Scan",
                                      "Parent Relationship": "Outer",
                                      "Parallel Aware": true,
                                      "Relation Name": "title",
                                      "Alias": "t",
                                      "Startup Cost": 0.0,
                                      "Total Cost": 42319.27,
                                      "Plan Rows": 632127,
                                      "Plan Width": 21,
                                      "Actual Startup Time": 0.017,
                                      "Actual Total Time": 77.428,
                                      "Actual Rows": 632078,
                                      "Actual Loops": 4
                                    },
                                    {
                                      "Node Type": "Hash",
                                      "Parent Relationship": "Inner",
                                      "Parallel Aware": true,
                                      "Startup Cost": 34770.7,
                                      "Total Cost": 34770.7,
                                      "Plan Rows": 307766,
                                      "Plan Width": 4,
                                      "Actual Startup Time": 373.239,
                                      "Actual Total Time": 376.203,
                                      "Actual Rows": 288450,
                                      "Actual Loops": 4,
                                      "Hash Buckets": 2097152,
                                      "Original Hash Buckets": 1048576,
                                      "Hash Batches": 1,
                                      "Original Hash Batches": 1,
                                      "Peak Memory Usage": 69792,
                                      "Plans": [
                                        {
                                          "Node Type": "Hash Join",
                                          "Parent Relationship": "Outer",
                                          "Parallel Aware": true,
                                          "Join Type": "Inner",
                                          "Startup Cost": 5354.77,
                                          "Total Cost": 34770.7,
                                          "Plan Rows": 307766,
                                          "Plan Width": 4,
                                          "Actual Startup Time": 20.731,
                                          "Actual Total Time": 235.927,
                                          "Actual Rows": 288450,
                                          "Actual Loops": 4,
                                          "Inner Unique": true,
                                          "Hash Cond": "(mc.company_id = cn.id)",
                                          "Plans": [
                                            {
                                              "Node Type": "Seq Scan",
                                              "Parent Relationship": "Outer",
                                              "Parallel Aware": true,
                                              "Relation Name": "movie_companies",
                                              "Alias": "mc",
                                              "Startup Cost": 0.0,
                                              "Total Cost": 27206.55,
                                              "Plan Rows": 841655,
                                              "Plan Width": 8,
                                              "Actual Startup Time": 0.029,
                                              "Actual Total Time": 79.719,
                                              "Actual Rows": 652282,
                                              "Actual Loops": 4
                                            },
                                            {
                                              "Node Type": "Hash",
                                              "Parent Relationship": "Inner",
                                              "Parallel Aware": true,
                                              "Startup Cost": 4722.92,
                                              "Total Cost": 4722.92,
                                              "Plan Rows": 50548,
                                              "Plan Width": 4,
                                              "Actual Startup Time": 20.482,
                                              "Actual Total Time": 20.484,
                                              "Actual Rows": 21211,
                                              "Actual Loops": 4,
                                              "Hash Buckets": 131072,
                                              "Original Hash Buckets": 131072,
                                              "Hash Batches": 1,
                                              "Original Hash Batches": 1,
                                              "Peak Memory Usage": 4384,
                                              "Plans": [
                                                {
                                                  "Node Type": "Seq Scan",
                                                  "Parent Relationship": "Outer",
                                                  "Parallel Aware": true,
                                                  "Relation Name": "company_name",
                                                  "Alias": "cn",
                                                  "Startup Cost": 0.0,
                                                  "Total Cost": 4722.92,
                                                  "Plan Rows": 50548,
                                                  "Plan Width": 4,
                                                  "Actual Startup Time": 0.062,
                                                  "Actual Total Time": 13.446,
                                                  "Actual Rows": 21211,
                                                  "Actual Loops": 4,
                                                  "Filter": "((country_code)::text = '[us]'::text)",
                                                  "Rows Removed by Filter": 37538
                                                }
                                              ]
                                            }
                                          ]
                                        }
                                      ]
                                    }
                                  ]
                                },
                                {
                                  "Node Type": "Hash",
                                  "Parent Relationship": "Inner",
                                  "Parallel Aware": false,
                                  "Startup Cost": 147585.28,
                                  "Total Cost": 147585.28,
                                  "Plan Rows": 3021485,
                                  "Plan Width": 8,
                                  "Actual Startup Time": 1696.116,
                                  "Actual Total Time": 1696.119,
                                  "Actual Rows": 2728943,
                                  "Actual Loops": 4,
                                  "Hash Buckets": 4194304,
                                  "Original Hash Buckets": 4194304,
                                  "Hash Batches": 1,
                                  "Original Hash Batches": 1,
                                  "Peak Memory Usage": 139368,
                                  "Plans": [
                                    {
                                      "Node Type": "Nested Loop",
                                      "Parent Relationship": "Outer",
                                      "Parallel Aware": false,
                                      "Join Type": "Inner",
                                      "Startup Cost": 0.56,
                                      "Total Cost": 147585.28,
                                      "Plan Rows": 3021485,
                                      "Plan Width": 8,
                                      "Actual Startup Time": 0.204,
                                      "Actual Total Time": 881.799,
                                      "Actual Rows": 2728943,
                                      "Actual Loops": 4,
                                      "Inner Unique": false,
                                      "Plans": [
                                        {
                                          "Node Type": "Seq Scan",
                                          "Parent Relationship": "Outer",
                                          "Parallel Aware": false,
                                          "Relation Name": "role_type",
                                          "Alias": "rt",
                                          "Startup Cost": 0.0,
                                          "Total Cost": 1.15,
                                          "Plan Rows": 1,
                                          "Plan Width": 4,
                                          "Actual Startup Time": 0.06,
                                          "Actual Total Time": 0.067,
                                          "Actual Rows": 1,
                                          "Actual Loops": 4,
                                          "Filter": "((role)::text = 'writer'::text)",
                                          "Rows Removed by Filter": 11
                                        },
                                        {
                                          "Node Type": "Index Scan",
                                          "Parent Relationship": "Inner",
                                          "Parallel Aware": false,
                                          "Scan Direction": "Forward",
                                          "Index Name": "role_id_cast_info",
                                          "Relation Name": "cast_info",
                                          "Alias": "ci",
                                          "Startup Cost": 0.56,
                                          "Total Cost": 114622.47,
                                          "Plan Rows": 3296166,
                                          "Plan Width": 12,
                                          "Actual Startup Time": 0.133,
                                          "Actual Total Time": 551.269,
                                          "Actual Rows": 2728943,
                                          "Actual Loops": 4,
                                          "Index Cond": "(role_id = rt.id)",
                                          "Rows Removed by Index Recheck": 0
                                        }
                                      ]
                                    }
                                  ]
                                }
                              ]
                            },
                            {
                              "Node Type": "Hash",
                              "Parent Relationship": "Inner",
                              "Parallel Aware": true,
                              "Startup Cost": 66031.44,
                              "Total Cost": 66031.44,
                              "Plan Rows": 1041844,
                              "Plan Width": 4,
                              "Actual Startup Time": 657.548,
                              "Actual Total Time": 657.549,
                              "Actual Rows": 1041873,
                              "Actual Loops": 4,
                              "Hash Buckets": 4194304,
                              "Original Hash Buckets": 4194304,
                              "Hash Batches": 1,
                              "Original Hash Batches": 1,
                              "Peak Memory Usage": 195904,
                              "Plans": [
                                {
                                  "Node Type": "Seq Scan",
                                  "Parent Relationship": "Outer",
                                  "Parallel Aware": true,
                                  "Relation Name": "name",
                                  "Alias": "n1",
                                  "Startup Cost": 0.0,
                                  "Total Cost": 66031.44,
                                  "Plan Rows": 1041844,
                                  "Plan Width": 4,
                                  "Actual Startup Time": 0.076,
                                  "Actual Total Time": 207.82,
                                  "Actual Rows": 1041873,
                                  "Actual Loops": 4
                                }
                              ]
                            }
                          ]
                        }
                      ]
                    }
                  ]
                }
              ]
            }
          ]
        }
      ]
    },
    "Planning Time": 267.827,
    "Triggers": [],
    "Execution Time": 3945.562
  }
]