{
  "Plan": {
    "Node Type": "Aggregate",
    "Strategy": "Plain",
    "Partial Mode": "Finalize",
    "Parallel Aware": false,
    "Startup Cost": 413801.34,
    "Total Cost": 413801.35,
    "Plan Rows": 1,
    "Plan Width": 8,
    "Actual Startup Time": 5576.029,
    "Actual Total Time": 5618.625,
    "Actual Rows": 1,
    "Actual Loops": 1,
    "Plans": [
      {
        "Node Type": "Gather",
        "Parent Relationship": "Outer",
        "Parallel Aware": false,
        "Startup Cost": 413801.23,
        "Total Cost": 413801.34,
        "Plan Rows": 1,
        "Plan Width": 8,
        "Actual Startup Time": 5572.832,
        "Actual Total Time": 5618.614,
        "Actual Rows": 2,
        "Actual Loops": 1,
        "Workers Planned": 1,
        "Workers Launched": 1,
        "Single Copy": false,
        "Plans": [
          {
            "Node Type": "Aggregate",
            "Strategy": "Plain",
            "Partial Mode": "Partial",
            "Parent Relationship": "Outer",
            "Parallel Aware": false,
            "Startup Cost": 412801.23,
            "Total Cost": 412801.24,
            "Plan Rows": 1,
            "Plan Width": 8,
            "Actual Startup Time": 5568.358,
            "Actual Total Time": 5568.384,
            "Actual Rows": 1,
            "Actual Loops": 2,
            "Plans": [
              {
                "Node Type": "Hash Join",
                "Parent Relationship": "Outer",
                "Parallel Aware": true,
                "Join Type": "Inner",
                "Startup Cost": 120589.35,
                "Total Cost": 409626.37,
                "Plan Rows": 1269942,
                "Plan Width": 0,
                "Actual Startup Time": 757.161,
                "Actual Total Time": 4415.047,
                "Actual Rows": 26922746,
                "Actual Loops": 2,
                "Inner Unique": false,
                "Hash Cond": "(mi.movie_id = t.id)",
                "Plans": [
                  {
                    "Node Type": "Seq Scan",
                    "Parent Relationship": "Outer",
                    "Parallel Aware": true,
                    "Relation Name": "movie_info",
                    "Alias": "mi",
                    "Startup Cost": 0.0,
                    "Total Cost": 248955.74,
                    "Plan Rows": 8696274,
                    "Plan Width": 4,
                    "Actual Startup Time": 0.015,
                    "Actual Total Time": 648.926,
                    "Actual Rows": 7417860,
                    "Actual Loops": 2
                  },
                  {
                    "Node Type": "Hash",
                    "Parent Relationship": "Inner",
                    "Parallel Aware": true,
                    "Startup Cost": 117874.54,
                    "Total Cost": 117874.54,
                    "Plan Rows": 217185,
                    "Plan Width": 8,
                    "Actual Startup Time": 750.949,
                    "Actual Total Time": 750.972,
                    "Actual Rows": 615582,
                    "Actual Loops": 2,
                    "Hash Buckets": 2097152,
                    "Original Hash Buckets": 524288,
                    "Hash Batches": 1,
                    "Original Hash Batches": 1,
                    "Peak Memory Usage": 76864,
                    "Plans": [
                      {
                        "Node Type": "Hash Join",
                        "Parent Relationship": "Outer",
                        "Parallel Aware": true,
                        "Join Type": "Inner",
                        "Startup Cost": 59823.69,
                        "Total Cost": 117874.54,
                        "Plan Rows": 217185,
                        "Plan Width": 8,
                        "Actual Startup Time": 202.613,
                        "Actual Total Time": 606.9,
                        "Actual Rows": 615582,
                        "Actual Loops": 2,
                        "Inner Unique": true,
                        "Hash Cond": "(mk.movie_id = t.id)",
                        "Plans": [
                          {
                            "Node Type": "Seq Scan",
                            "Parent Relationship": "Outer",
                            "Parallel Aware": true,
                            "Relation Name": "movie_keyword",
                            "Alias": "mk",
                            "Startup Cost": 0.0,
                            "Total Cost": 51065.35,
                            "Plan Rows": 2661135,
                            "Plan Width": 4,
                            "Actual Startup Time": 0.012,
                            "Actual Total Time": 156.924,
                            "Actual Rows": 2261965,
                            "Actual Loops": 2
                          },
                          {
                            "Node Type": "Hash",
                            "Parent Relationship": "Inner",
                            "Parallel Aware": true,
                            "Startup Cost": 58306.47,
                            "Total Cost": 58306.47,
                            "Plan Rows": 121378,
                            "Plan Width": 4,
                            "Actual Startup Time": 200.542,
                            "Actual Total Time": 200.543,
                            "Actual Rows": 160290,
                            "Actual Loops": 2,
                            "Hash Buckets": 524288,
                            "Original Hash Buckets": 262144,
                            "Hash Batches": 1,
                            "Original Hash Batches": 1,
                            "Peak Memory Usage": 18720,
                            "Plans": [
                              {
                                "Node Type": "Seq Scan",
                                "Parent Relationship": "Outer",
                                "Parallel Aware": true,
                                "Relation Name": "title",
                                "Alias": "t",
                                "Startup Cost": 0.0,
                                "Total Cost": 58306.47,
                                "Plan Rows": 121378,
                                "Plan Width": 4,
                                "Actual Startup Time": 0.091,
                                "Actual Total Time": 147.419,
                                "Actual Rows": 160290,
                                "Actual Loops": 2,
                                "Filter": "((kind_id < 7) AND (production_year < 1982))",
                                "Rows Removed by Filter": 1103866
                              }
                            ]
                          }
                        ]
                      }
                    ]
                  }
                ]
              }
            ]
          }
        ]
      }
    ]
  },
  "Planning Time": 0.993,
  "Triggers": [],
  "Execution Time": 5618.705
}