[
  {
    "Plan": {
      "Node Type": "Aggregate",
      "Strategy": "Plain",
      "Partial Mode": "Finalize",
      "Parallel Aware": false,
      "Startup Cost": 247250.56,
      "Total Cost": 247250.57,
      "Plan Rows": 1,
      "Plan Width": 8,
      "Actual Startup Time": 369.153,
      "Actual Total Time": 388.336,
      "Actual Rows": 1,
      "Actual Loops": 1,
      "Plans": [
        {
          "Node Type": "Gather",
          "Parent Relationship": "Outer",
          "Parallel Aware": false,
          "Startup Cost": 247249.93,
          "Total Cost": 247250.54,
          "Plan Rows": 6,
          "Plan Width": 8,
          "Actual Startup Time": 364.505,
          "Actual Total Time": 388.323,
          "Actual Rows": 7,
          "Actual Loops": 1,
          "Workers Planned": 6,
          "Workers Launched": 6,
          "Single Copy": false,
          "Plans": [
            {
              "Node Type": "Aggregate",
              "Strategy": "Plain",
              "Partial Mode": "Partial",
              "Parent Relationship": "Outer",
              "Parallel Aware": false,
              "Startup Cost": 246249.93,
              "Total Cost": 246249.94,
              "Plan Rows": 1,
              "Plan Width": 8,
              "Actual Startup Time": 352.819,
              "Actual Total Time": 352.822,
              "Actual Rows": 1,
              "Actual Loops": 7,
              "Plans": [
                {
                  "Node Type": "Hash Join",
                  "Parent Relationship": "Outer",
                  "Parallel Aware": true,
                  "Join Type": "Inner",
                  "Startup Cost": 48110.14,
                  "Total Cost": 246186.7,
                  "Plan Rows": 25291,
                  "Plan Width": 0,
                  "Actual Startup Time": 143.692,
                  "Actual Total Time": 352.811,
                  "Actual Rows": 17,
                  "Actual Loops": 7,
                  "Inner Unique": true,
                  "Hash Cond": "(ci.movie_id = t.id)",
                  "Plans": [
                    {
                      "Node Type": "Index Scan",
                      "Parent Relationship": "Outer",
                      "Parallel Aware": true,
                      "Scan Direction": "Forward",
                      "Index Name": "role_id_cast_info",
                      "Relation Name": "cast_info",
                      "Alias": "ci",
                      "Startup Cost": 0.56,
                      "Total Cost": 197877.72,
                      "Plan Rows": 75964,
                      "Plan Width": 4,
                      "Actual Startup Time": 7.865,
                      "Actual Total Time": 217.742,
                      "Actual Rows": 39,
                      "Actual Loops": 7,
                      "Index Cond": "(role_id = 2)",
                      "Rows Removed by Index Recheck": 0,
                      "Filter": "(person_id < 218921)",
                      "Rows Removed by Filter": 1064528
                    },
                    {
                      "Node Type": "Hash",
                      "Parent Relationship": "Inner",
                      "Parallel Aware": true,
                      "Startup Cost": 45479.1,
                      "Total Cost": 45479.1,
                      "Plan Rows": 210438,
                      "Plan Width": 4,
                      "Actual Startup Time": 131.337,
                      "Actual Total Time": 131.339,
                      "Actual Rows": 107124,
                      "Actual Loops": 7,
                      "Hash Buckets": 1048576,
                      "Original Hash Buckets": 1048576,
                      "Hash Batches": 1,
                      "Original Hash Batches": 1,
                      "Peak Memory Usage": 37664,
                      "Plans": [
                        {
                          "Node Type": "Seq Scan",
                          "Parent Relationship": "Outer",
                          "Parallel Aware": true,
                          "Relation Name": "title",
                          "Alias": "t",
                          "Startup Cost": 0.0,
                          "Total Cost": 45479.1,
                          "Plan Rows": 210438,
                          "Plan Width": 4,
                          "Actual Startup Time": 0.044,
                          "Actual Total Time": 81.228,
                          "Actual Rows": 107124,
                          "Actual Loops": 7,
                          "Filter": "((kind_id < 7) AND (production_year > 1966))",
                          "Rows Removed by Filter": 254063
                        }
                      ]
                    }
                  ]
                }
              ]
            }
          ]
        }
      ]
    },
    "Planning Time": 0.608,
    "Triggers": [],
    "Execution Time": 388.411
  }
]