{
  "Plan": {
    "Node Type": "Aggregate",
    "Strategy": "Plain",
    "Partial Mode": "Finalize",
    "Parallel Aware": false,
    "Startup Cost": 118266.55,
    "Total Cost": 118266.56,
    "Plan Rows": 1,
    "Plan Width": 8,
    "Actual Startup Time": 404.496,
    "Actual Total Time": 415.911,
    "Actual Rows": 1,
    "Actual Loops": 1,
    "Plans": [
      {
        "Node Type": "Gather",
        "Parent Relationship": "Outer",
        "Parallel Aware": false,
        "Startup Cost": 118266.44,
        "Total Cost": 118266.55,
        "Plan Rows": 1,
        "Plan Width": 8,
        "Actual Startup Time": 403.829,
        "Actual Total Time": 415.904,
        "Actual Rows": 2,
        "Actual Loops": 1,
        "Workers Planned": 1,
        "Workers Launched": 1,
        "Single Copy": false,
        "Plans": [
          {
            "Node Type": "Aggregate",
            "Strategy": "Plain",
            "Partial Mode": "Partial",
            "Parent Relationship": "Outer",
            "Parallel Aware": false,
            "Startup Cost": 117266.44,
            "Total Cost": 117266.45,
            "Plan Rows": 1,
            "Plan Width": 8,
            "Actual Startup Time": 398.026,
            "Actual Total Time": 398.029,
            "Actual Rows": 1,
            "Actual Loops": 2,
            "Plans": [
              {
                "Node Type": "Hash Join",
                "Parent Relationship": "Outer",
                "Parallel Aware": true,
                "Join Type": "Inner",
                "Startup Cost": 56740.39,
                "Total Cost": 116896.02,
                "Plan Rows": 148166,
                "Plan Width": 0,
                "Actual Startup Time": 181.756,
                "Actual Total Time": 389.34,
                "Actual Rows": 210397,
                "Actual Loops": 2,
                "Inner Unique": true,
                "Hash Cond": "(mk.movie_id = t.id)",
                "Plans": [
                  {
                    "Node Type": "Seq Scan",
                    "Parent Relationship": "Outer",
                    "Parallel Aware": true,
                    "Relation Name": "movie_keyword",
                    "Alias": "mk",
                    "Startup Cost": 0.0,
                    "Total Cost": 57718.19,
                    "Plan Rows": 928548,
                    "Plan Width": 4,
                    "Actual Startup Time": 0.895,
                    "Actual Total Time": 165.763,
                    "Actual Rows": 793724,
                    "Actual Loops": 2,
                    "Filter": "(keyword_id > 9786)",
                    "Rows Removed by Filter": 1468241
                  },
                  {
                    "Node Type": "Hash",
                    "Parent Relationship": "Inner",
                    "Parallel Aware": true,
                    "Startup Cost": 53773.97,
                    "Total Cost": 53773.97,
                    "Plan Rows": 237314,
                    "Plan Width": 4,
                    "Actual Startup Time": 133.012,
                    "Actual Total Time": 133.013,
                    "Actual Rows": 148384,
                    "Actual Loops": 2,
                    "Hash Buckets": 524288,
                    "Original Hash Buckets": 524288,
                    "Hash Batches": 1,
                    "Original Hash Batches": 1,
                    "Peak Memory Usage": 15744,
                    "Plans": [
                      {
                        "Node Type": "Bitmap Heap Scan",
                        "Parent Relationship": "Outer",
                        "Parallel Aware": true,
                        "Relation Name": "title",
                        "Alias": "t",
                        "Startup Cost": 11923.71,
                        "Total Cost": 53773.97,
                        "Plan Rows": 237314,
                        "Plan Width": 4,
                        "Actual Startup Time": 35.77,
                        "Actual Total Time": 100.131,
                        "Actual Rows": 148384,
                        "Actual Loops": 2,
                        "Recheck Cond": "(kind_id = 1)",
                        "Rows Removed by Index Recheck": 0,
                        "Filter": "(production_year > 1997)",
                        "Rows Removed by Filter": 183028,
                        "Exact Heap Blocks": 8334,
                        "Lossy Heap Blocks": 0,
                        "Plans": [
                          {
                            "Node Type": "Bitmap Index Scan",
                            "Parent Relationship": "Outer",
                            "Parallel Aware": false,
                            "Index Name": "kind_id_title",
                            "Startup Cost": 0.0,
                            "Total Cost": 11822.85,
                            "Plan Rows": 663256,
                            "Plan Width": 0,
                            "Actual Startup Time": 34.214,
                            "Actual Total Time": 34.214,
                            "Actual Rows": 662825,
                            "Actual Loops": 1,
                            "Index Cond": "(kind_id = 1)"
                          }
                        ]
                      }
                    ]
                  }
                ]
              }
            ]
          }
        ]
      }
    ]
  },
  "Planning Time": 0.683,
  "Triggers": [],
  "Execution Time": 415.999
}