{
  "Plan": {
    "Node Type": "Aggregate",
    "Strategy": "Plain",
    "Partial Mode": "Finalize",
    "Parallel Aware": false,
    "Startup Cost": 155054.81,
    "Total Cost": 155054.82,
    "Plan Rows": 1,
    "Plan Width": 8,
    "Actual Startup Time": 671.215,
    "Actual Total Time": 699.122,
    "Actual Rows": 1,
    "Actual Loops": 1,
    "Plans": [
      {
        "Node Type": "Gather",
        "Parent Relationship": "Outer",
        "Parallel Aware": false,
        "Startup Cost": 155054.7,
        "Total Cost": 155054.81,
        "Plan Rows": 1,
        "Plan Width": 8,
        "Actual Startup Time": 670.831,
        "Actual Total Time": 699.112,
        "Actual Rows": 2,
        "Actual Loops": 1,
        "Workers Planned": 1,
        "Workers Launched": 1,
        "Single Copy": false,
        "Plans": [
          {
            "Node Type": "Aggregate",
            "Strategy": "Plain",
            "Partial Mode": "Partial",
            "Parent Relationship": "Outer",
            "Parallel Aware": false,
            "Startup Cost": 154054.7,
            "Total Cost": 154054.71,
            "Plan Rows": 1,
            "Plan Width": 8,
            "Actual Startup Time": 665.053,
            "Actual Total Time": 665.058,
            "Actual Rows": 1,
            "Actual Loops": 2,
            "Plans": [
              {
                "Node Type": "Nested Loop",
                "Parent Relationship": "Outer",
                "Parallel Aware": false,
                "Join Type": "Inner",
                "Startup Cost": 58435.11,
                "Total Cost": 153397.96,
                "Plan Rows": 262694,
                "Plan Width": 0,
                "Actual Startup Time": 165.58,
                "Actual Total Time": 656.607,
                "Actual Rows": 137712,
                "Actual Loops": 2,
                "Inner Unique": false,
                "Join Filter": "(t.id = ci.movie_id)",
                "Rows Removed by Join Filter": 0,
                "Plans": [
                  {
                    "Node Type": "Hash Join",
                    "Parent Relationship": "Outer",
                    "Parallel Aware": true,
                    "Join Type": "Inner",
                    "Startup Cost": 58434.54,
                    "Total Cost": 116485.39,
                    "Plan Rows": 18333,
                    "Plan Width": 8,
                    "Actual Startup Time": 165.467,
                    "Actual Total Time": 538.21,
                    "Actual Rows": 4699,
                    "Actual Loops": 2,
                    "Inner Unique": true,
                    "Hash Cond": "(mk.movie_id = t.id)",
                    "Plans": [
                      {
                        "Node Type": "Seq Scan",
                        "Parent Relationship": "Outer",
                        "Parallel Aware": true,
                        "Relation Name": "movie_keyword",
                        "Alias": "mk",
                        "Startup Cost": 0.0,
                        "Total Cost": 51065.35,
                        "Plan Rows": 2661135,
                        "Plan Width": 4,
                        "Actual Startup Time": 0.013,
                        "Actual Total Time": 191.16,
                        "Actual Rows": 2261965,
                        "Actual Loops": 2
                      },
                      {
                        "Node Type": "Hash",
                        "Parent Relationship": "Inner",
                        "Parallel Aware": true,
                        "Startup Cost": 58306.47,
                        "Total Cost": 58306.47,
                        "Plan Rows": 10246,
                        "Plan Width": 4,
                        "Actual Startup Time": 163.121,
                        "Actual Total Time": 163.122,
                        "Actual Rows": 9443,
                        "Actual Loops": 2,
                        "Hash Buckets": 32768,
                        "Original Hash Buckets": 32768,
                        "Hash Batches": 1,
                        "Original Hash Batches": 1,
                        "Peak Memory Usage": 1024,
                        "Plans": [
                          {
                            "Node Type": "Seq Scan",
                            "Parent Relationship": "Outer",
                            "Parallel Aware": true,
                            "Relation Name": "title",
                            "Alias": "t",
                            "Startup Cost": 0.0,
                            "Total Cost": 58306.47,
                            "Plan Rows": 10246,
                            "Plan Width": 4,
                            "Actual Startup Time": 0.037,
                            "Actual Total Time": 158.812,
                            "Actual Rows": 9443,
                            "Actual Loops": 2,
                            "Filter": "((kind_id = 7) AND (production_year = 1994))",
                            "Rows Removed by Filter": 1254713
                          }
                        ]
                      }
                    ]
                  },
                  {
                    "Node Type": "Index Only Scan",
                    "Parent Relationship": "Inner",
                    "Parallel Aware": false,
                    "Scan Direction": "Forward",
                    "Index Name": "movie_id_cast_info",
                    "Relation Name": "cast_info",
                    "Alias": "ci",
                    "Startup Cost": 0.56,
                    "Total Cost": 1.55,
                    "Plan Rows": 37,
                    "Plan Width": 4,
                    "Actual Startup Time": 0.005,
                    "Actual Total Time": 0.022,
                    "Actual Rows": 29,
                    "Actual Loops": 9398,
                    "Index Cond": "(movie_id = mk.movie_id)",
                    "Rows Removed by Index Recheck": 0,
                    "Heap Fetches": 275423
                  }
                ]
              }
            ]
          }
        ]
      }
    ]
  },
  "Planning Time": 0.875,
  "Triggers": [],
  "Execution Time": 699.21
}