[
  {
    "Plan": {
      "Node Type": "Aggregate",
      "Strategy": "Plain",
      "Partial Mode": "Finalize",
      "Parallel Aware": false,
      "Startup Cost": 260424.45,
      "Total Cost": 260424.46,
      "Plan Rows": 1,
      "Plan Width": 8,
      "Actual Startup Time": 864.62,
      "Actual Total Time": 882.721,
      "Actual Rows": 1,
      "Actual Loops": 1,
      "Plans": [
        {
          "Node Type": "Gather",
          "Parent Relationship": "Outer",
          "Parallel Aware": false,
          "Startup Cost": 260424.24,
          "Total Cost": 260424.45,
          "Plan Rows": 2,
          "Plan Width": 8,
          "Actual Startup Time": 855.894,
          "Actual Total Time": 882.714,
          "Actual Rows": 3,
          "Actual Loops": 1,
          "Workers Planned": 2,
          "Workers Launched": 2,
          "Single Copy": false,
          "Plans": [
            {
              "Node Type": "Aggregate",
              "Strategy": "Plain",
              "Partial Mode": "Partial",
              "Parent Relationship": "Outer",
              "Parallel Aware": false,
              "Startup Cost": 259424.24,
              "Total Cost": 259424.25,
              "Plan Rows": 1,
              "Plan Width": 8,
              "Actual Startup Time": 846.893,
              "Actual Total Time": 846.899,
              "Actual Rows": 1,
              "Actual Loops": 3,
              "Plans": [
                {
                  "Node Type": "Hash Join",
                  "Parent Relationship": "Outer",
                  "Parallel Aware": true,
                  "Join Type": "Inner",
                  "Startup Cost": 242168.44,
                  "Total Cost": 259041.79,
                  "Plan Rows": 152977,
                  "Plan Width": 0,
                  "Actual Startup Time": 720.722,
                  "Actual Total Time": 839.068,
                  "Actual Rows": 195099,
                  "Actual Loops": 3,
                  "Inner Unique": false,
                  "Hash Cond": "(mi_idx.movie_id = t.id)",
                  "Plans": [
                    {
                      "Node Type": "Seq Scan",
                      "Parent Relationship": "Outer",
                      "Parallel Aware": true,
                      "Relation Name": "movie_info_idx",
                      "Alias": "mi_idx",
                      "Startup Cost": 0.0,
                      "Total Cost": 15122.68,
                      "Plan Rows": 385260,
                      "Plan Width": 4,
                      "Actual Startup Time": 0.024,
                      "Actual Total Time": 46.802,
                      "Actual Rows": 306703,
                      "Actual Loops": 3,
                      "Filter": "(info_type_id > 99)",
                      "Rows Removed by Filter": 153308
                    },
                    {
                      "Node Type": "Hash",
                      "Parent Relationship": "Inner",
                      "Parallel Aware": true,
                      "Startup Cost": 239658.5,
                      "Total Cost": 239658.5,
                      "Plan Rows": 200795,
                      "Plan Width": 8,
                      "Actual Startup Time": 716.525,
                      "Actual Total Time": 716.529,
                      "Actual Rows": 298019,
                      "Actual Loops": 3,
                      "Hash Buckets": 1048576,
                      "Original Hash Buckets": 1048576,
                      "Hash Batches": 1,
                      "Original Hash Batches": 1,
                      "Peak Memory Usage": 43232,
                      "Plans": [
                        {
                          "Node Type": "Hash Join",
                          "Parent Relationship": "Outer",
                          "Parallel Aware": true,
                          "Join Type": "Inner",
                          "Startup Cost": 73689.52,
                          "Total Cost": 239658.5,
                          "Plan Rows": 200795,
                          "Plan Width": 8,
                          "Actual Startup Time": 393.069,
                          "Actual Total Time": 622.925,
                          "Actual Rows": 298019,
                          "Actual Loops": 3,
                          "Inner Unique": true,
                          "Hash Cond": "(mi.movie_id = t.id)",
                          "Plans": [
                            {
                              "Node Type": "Bitmap Heap Scan",
                              "Parent Relationship": "Outer",
                              "Parallel Aware": true,
                              "Relation Name": "movie_info",
                              "Alias": "mi",
                              "Startup Cost": 23754.83,
                              "Total Cost": 189033.77,
                              "Plan Rows": 262875,
                              "Plan Width": 4,
                              "Actual Startup Time": 40.452,
                              "Actual Total Time": 85.746,
                              "Actual Rows": 429643,
                              "Actual Loops": 3,
                              "Recheck Cond": "(info_type_id = 2)",
                              "Rows Removed by Index Recheck": 0,
                              "Exact Heap Blocks": 2622,
                              "Lossy Heap Blocks": 0,
                              "Plans": [
                                {
                                  "Node Type": "Bitmap Index Scan",
                                  "Parent Relationship": "Outer",
                                  "Parallel Aware": false,
                                  "Index Name": "info_type_id_movie_info",
                                  "Startup Cost": 0.0,
                                  "Total Cost": 23426.24,
                                  "Plan Rows": 1314374,
                                  "Plan Width": 0,
                                  "Actual Startup Time": 39.089,
                                  "Actual Total Time": 39.089,
                                  "Actual Rows": 1288928,
                                  "Actual Loops": 1,
                                  "Index Cond": "(info_type_id = 2)"
                                }
                              ]
                            },
                            {
                              "Node Type": "Hash",
                              "Parent Relationship": "Inner",
                              "Parallel Aware": true,
                              "Startup Cost": 43899.32,
                              "Total Cost": 43899.32,
                              "Plan Rows": 482829,
                              "Plan Width": 4,
                              "Actual Startup Time": 347.587,
                              "Actual Total Time": 347.588,
                              "Actual Rows": 639343,
                              "Actual Loops": 3,
                              "Hash Buckets": 2097152,
                              "Original Hash Buckets": 2097152,
                              "Hash Batches": 1,
                              "Original Hash Batches": 1,
                              "Peak Memory Usage": 91488,
                              "Plans": [
                                {
                                  "Node Type": "Seq Scan",
                                  "Parent Relationship": "Outer",
                                  "Parallel Aware": true,
                                  "Relation Name": "title",
                                  "Alias": "t",
                                  "Startup Cost": 0.0,
                                  "Total Cost": 43899.32,
                                  "Plan Rows": 482829,
                                  "Plan Width": 4,
                                  "Actual Startup Time": 0.053,
                                  "Actual Total Time": 131.83,
                                  "Actual Rows": 639343,
                                  "Actual Loops": 3,
                                  "Filter": "(production_year > 1981)",
                                  "Rows Removed by Filter": 203428
                                }
                              ]
                            }
                          ]
                        }
                      ]
                    }
                  ]
                }
              ]
            }
          ]
        }
      ]
    },
    "Planning Time": 0.641,
    "Triggers": [],
    "Execution Time": 882.791
  }
]