[
  {
    "Plan": {
      "Node Type": "Aggregate",
      "Strategy": "Plain",
      "Partial Mode": "Finalize",
      "Parallel Aware": false,
      "Startup Cost": 352622.84,
      "Total Cost": 352622.85,
      "Plan Rows": 1,
      "Plan Width": 8,
      "Actual Startup Time": 303.047,
      "Actual Total Time": 320.0,
      "Actual Rows": 1,
      "Actual Loops": 1,
      "Plans": [
        {
          "Node Type": "Gather",
          "Parent Relationship": "Outer",
          "Parallel Aware": false,
          "Startup Cost": 352622.21,
          "Total Cost": 352622.82,
          "Plan Rows": 6,
          "Plan Width": 8,
          "Actual Startup Time": 300.965,
          "Actual Total Time": 319.991,
          "Actual Rows": 7,
          "Actual Loops": 1,
          "Workers Planned": 6,
          "Workers Launched": 6,
          "Single Copy": false,
          "Plans": [
            {
              "Node Type": "Aggregate",
              "Strategy": "Plain",
              "Partial Mode": "Partial",
              "Parent Relationship": "Outer",
              "Parallel Aware": false,
              "Startup Cost": 351622.21,
              "Total Cost": 351622.22,
              "Plan Rows": 1,
              "Plan Width": 8,
              "Actual Startup Time": 290.187,
              "Actual Total Time": 290.191,
              "Actual Rows": 1,
              "Actual Loops": 7,
              "Plans": [
                {
                  "Node Type": "Hash Join",
                  "Parent Relationship": "Outer",
                  "Parallel Aware": true,
                  "Join Type": "Inner",
                  "Startup Cost": 93296.48,
                  "Total Cost": 351569.43,
                  "Plan Rows": 21113,
                  "Plan Width": 0,
                  "Actual Startup Time": 152.446,
                  "Actual Total Time": 288.547,
                  "Actual Rows": 23927,
                  "Actual Loops": 7,
                  "Inner Unique": true,
                  "Hash Cond": "(ci.movie_id = t.id)",
                  "Plans": [
                    {
                      "Node Type": "Bitmap Heap Scan",
                      "Parent Relationship": "Outer",
                      "Parallel Aware": true,
                      "Relation Name": "cast_info",
                      "Alias": "ci",
                      "Startup Cost": 48945.89,
                      "Total Cost": 306249.38,
                      "Plan Rows": 369319,
                      "Plan Width": 4,
                      "Actual Startup Time": 69.996,
                      "Actual Total Time": 150.116,
                      "Actual Rows": 304083,
                      "Actual Loops": 7,
                      "Recheck Cond": "(person_id > 3646678)",
                      "Rows Removed by Index Recheck": 0,
                      "Exact Heap Blocks": 6437,
                      "Lossy Heap Blocks": 0,
                      "Plans": [
                        {
                          "Node Type": "Bitmap Index Scan",
                          "Parent Relationship": "Outer",
                          "Parallel Aware": false,
                          "Index Name": "person_id_cast_info",
                          "Startup Cost": 0.0,
                          "Total Cost": 48391.91,
                          "Plan Rows": 2215913,
                          "Plan Width": 0,
                          "Actual Startup Time": 64.742,
                          "Actual Total Time": 64.742,
                          "Actual Rows": 2128581,
                          "Actual Loops": 1,
                          "Index Cond": "(person_id > 3646678)"
                        }
                      ]
                    },
                    {
                      "Node Type": "Hash",
                      "Parent Relationship": "Inner",
                      "Parallel Aware": true,
                      "Startup Cost": 43898.92,
                      "Total Cost": 43898.92,
                      "Plan Rows": 36134,
                      "Plan Width": 4,
                      "Actual Startup Time": 80.506,
                      "Actual Total Time": 80.507,
                      "Actual Rows": 20243,
                      "Actual Loops": 7,
                      "Hash Buckets": 262144,
                      "Original Hash Buckets": 262144,
                      "Hash Batches": 1,
                      "Original Hash Batches": 1,
                      "Peak Memory Usage": 7712,
                      "Plans": [
                        {
                          "Node Type": "Seq Scan",
                          "Parent Relationship": "Outer",
                          "Parallel Aware": true,
                          "Relation Name": "title",
                          "Alias": "t",
                          "Startup Cost": 0.0,
                          "Total Cost": 43898.92,
                          "Plan Rows": 36134,
                          "Plan Width": 4,
                          "Actual Startup Time": 0.04,
                          "Actual Total Time": 70.58,
                          "Actual Rows": 20243,
                          "Actual Loops": 7,
                          "Filter": "(production_year = 2010)",
                          "Rows Removed by Filter": 340944
                        }
                      ]
                    }
                  ]
                }
              ]
            }
          ]
        }
      ]
    },
    "Planning Time": 0.593,
    "Triggers": [],
    "Execution Time": 320.089
  }
]