{
  "Plan": {
    "Node Type": "Aggregate",
    "Strategy": "Plain",
    "Partial Mode": "Finalize",
    "Parallel Aware": false,
    "Startup Cost": 268099.44,
    "Total Cost": 268099.45,
    "Plan Rows": 1,
    "Plan Width": 8,
    "Actual Startup Time": 1081.532,
    "Actual Total Time": 1109.043,
    "Actual Rows": 1,
    "Actual Loops": 1,
    "Plans": [
      {
        "Node Type": "Gather",
        "Parent Relationship": "Outer",
        "Parallel Aware": false,
        "Startup Cost": 268099.32,
        "Total Cost": 268099.43,
        "Plan Rows": 1,
        "Plan Width": 8,
        "Actual Startup Time": 1078.153,
        "Actual Total Time": 1109.033,
        "Actual Rows": 2,
        "Actual Loops": 1,
        "Workers Planned": 1,
        "Workers Launched": 1,
        "Single Copy": false,
        "Plans": [
          {
            "Node Type": "Aggregate",
            "Strategy": "Plain",
            "Partial Mode": "Partial",
            "Parent Relationship": "Outer",
            "Parallel Aware": false,
            "Startup Cost": 267099.32,
            "Total Cost": 267099.33,
            "Plan Rows": 1,
            "Plan Width": 8,
            "Actual Startup Time": 1072.093,
            "Actual Total Time": 1072.407,
            "Actual Rows": 1,
            "Actual Loops": 2,
            "Plans": [
              {
                "Node Type": "Hash Join",
                "Parent Relationship": "Outer",
                "Parallel Aware": true,
                "Join Type": "Inner",
                "Startup Cost": 123333.14,
                "Total Cost": 266881.41,
                "Plan Rows": 87165,
                "Plan Width": 0,
                "Actual Startup Time": 563.467,
                "Actual Total Time": 1062.162,
                "Actual Rows": 240364,
                "Actual Loops": 2,
                "Inner Unique": false,
                "Hash Cond": "(ci.movie_id = t.id)",
                "Plans": [
                  {
                    "Node Type": "Index Scan",
                    "Parent Relationship": "Outer",
                    "Parallel Aware": true,
                    "Scan Direction": "Forward",
                    "Index Name": "role_id_cast_info",
                    "Relation Name": "cast_info",
                    "Alias": "ci",
                    "Startup Cost": 0.56,
                    "Total Cost": 140896.75,
                    "Plan Rows": 570494,
                    "Plan Width": 4,
                    "Actual Startup Time": 0.106,
                    "Actual Total Time": 321.987,
                    "Actual Rows": 1480534,
                    "Actual Loops": 2,
                    "Index Cond": "(role_id = 10)",
                    "Rows Removed by Index Recheck": 0,
                    "Filter": "(person_id > 2885281)",
                    "Rows Removed by Filter": 680976
                  },
                  {
                    "Node Type": "Hash",
                    "Parent Relationship": "Inner",
                    "Parallel Aware": true,
                    "Startup Cost": 120492.19,
                    "Total Cost": 120492.19,
                    "Plan Rows": 227231,
                    "Plan Width": 8,
                    "Actual Startup Time": 557.632,
                    "Actual Total Time": 557.944,
                    "Actual Rows": 42472,
                    "Actual Loops": 2,
                    "Hash Buckets": 524288,
                    "Original Hash Buckets": 524288,
                    "Hash Batches": 1,
                    "Original Hash Batches": 1,
                    "Peak Memory Usage": 7456,
                    "Plans": [
                      {
                        "Node Type": "Hash Join",
                        "Parent Relationship": "Outer",
                        "Parallel Aware": true,
                        "Join Type": "Inner",
                        "Startup Cost": 86971.61,
                        "Total Cost": 120492.19,
                        "Plan Rows": 227231,
                        "Plan Width": 8,
                        "Actual Startup Time": 370.722,
                        "Actual Total Time": 547.559,
                        "Actual Rows": 42472,
                        "Actual Loops": 2,
                        "Inner Unique": true,
                        "Hash Cond": "(mk.movie_id = t.id)",
                        "Plans": [
                          {
                            "Node Type": "Bitmap Heap Scan",
                            "Parent Relationship": "Outer",
                            "Parallel Aware": true,
                            "Relation Name": "movie_keyword",
                            "Alias": "mk",
                            "Startup Cost": 21618.09,
                            "Total Cost": 53565.13,
                            "Plan Rows": 599443,
                            "Plan Width": 4,
                            "Actual Startup Time": 52.118,
                            "Actual Total Time": 145.083,
                            "Actual Rows": 512078,
                            "Actual Loops": 2,
                            "Recheck Cond": "(keyword_id < 1002)",
                            "Rows Removed by Index Recheck": 0,
                            "Exact Heap Blocks": 13646,
                            "Lossy Heap Blocks": 0,
                            "Plans": [
                              {
                                "Node Type": "Bitmap Index Scan",
                                "Parent Relationship": "Outer",
                                "Parallel Aware": false,
                                "Index Name": "keyword_id_movie_keyword",
                                "Startup Cost": 0.0,
                                "Total Cost": 21363.33,
                                "Plan Rows": 1019053,
                                "Plan Width": 0,
                                "Actual Startup Time": 48.431,
                                "Actual Total Time": 48.432,
                                "Actual Rows": 1024156,
                                "Actual Loops": 1,
                                "Index Cond": "(keyword_id < 1002)"
                              }
                            ]
                          },
                          {
                            "Node Type": "Hash",
                            "Parent Relationship": "Inner",
                            "Parallel Aware": true,
                            "Startup Cost": 58306.47,
                            "Total Cost": 58306.47,
                            "Plan Rows": 563764,
                            "Plan Width": 4,
                            "Actual Startup Time": 311.853,
                            "Actual Total Time": 311.855,
                            "Actual Rows": 525096,
                            "Actual Loops": 2,
                            "Hash Buckets": 2097152,
                            "Original Hash Buckets": 1048576,
                            "Hash Batches": 1,
                            "Original Hash Batches": 1,
                            "Peak Memory Usage": 65696,
                            "Plans": [
                              {
                                "Node Type": "Seq Scan",
                                "Parent Relationship": "Outer",
                                "Parallel Aware": true,
                                "Relation Name": "title",
                                "Alias": "t",
                                "Startup Cost": 0.0,
                                "Total Cost": 58306.47,
                                "Plan Rows": 563764,
                                "Plan Width": 4,
                                "Actual Startup Time": 0.04,
                                "Actual Total Time": 163.332,
                                "Actual Rows": 525096,
                                "Actual Loops": 2,
                                "Filter": "((production_year > 1996) AND (kind_id = 7))",
                                "Rows Removed by Filter": 739060
                              }
                            ]
                          }
                        ]
                      }
                    ]
                  }
                ]
              }
            ]
          }
        ]
      }
    ]
  },
  "Planning Time": 1.083,
  "Triggers": [],
  "Execution Time": 1109.153
}