{
  "Plan": {
    "Node Type": "Aggregate",
    "Strategy": "Plain",
    "Partial Mode": "Simple",
    "Parallel Aware": false,
    "Startup Cost": 23191.21,
    "Total Cost": 23191.22,
    "Plan Rows": 1,
    "Plan Width": 192,
    "Actual Startup Time": 24.939,
    "Actual Total Time": 24.949,
    "Actual Rows": 1,
    "Actual Loops": 1,
    "Plans": [
      {
        "Node Type": "Nested Loop",
        "Parent Relationship": "Outer",
        "Parallel Aware": false,
        "Join Type": "Inner",
        "Startup Cost": 5.8,
        "Total Cost": 23191.2,
        "Plan Rows": 1,
        "Plan Width": 84,
        "Actual Startup Time": 5.678,
        "Actual Total Time": 24.917,
        "Actual Rows": 8,
        "Actual Loops": 1,
        "Inner Unique": true,
        "Plans": [
          {
            "Node Type": "Nested Loop",
            "Parent Relationship": "Outer",
            "Parallel Aware": false,
            "Join Type": "Inner",
            "Startup Cost": 5.38,
            "Total Cost": 23190.75,
            "Plan Rows": 1,
            "Plan Width": 69,
            "Actual Startup Time": 5.668,
            "Actual Total Time": 24.856,
            "Actual Rows": 8,
            "Actual Loops": 1,
            "Inner Unique": false,
            "Join Filter": "(t2.id = mc2.movie_id)",
            "Rows Removed by Join Filter": 0,
            "Plans": [
              {
                "Node Type": "Nested Loop",
                "Parent Relationship": "Outer",
                "Parallel Aware": false,
                "Join Type": "Inner",
                "Startup Cost": 4.95,
                "Total Cost": 23190.01,
                "Plan Rows": 1,
                "Plan Width": 77,
                "Actual Startup Time": 5.653,
                "Actual Total Time": 24.817,
                "Actual Rows": 2,
                "Actual Loops": 1,
                "Inner Unique": true,
                "Plans": [
                  {
                    "Node Type": "Nested Loop",
                    "Parent Relationship": "Outer",
                    "Parallel Aware": false,
                    "Join Type": "Inner",
                    "Startup Cost": 4.53,
                    "Total Cost": 23189.56,
                    "Plan Rows": 1,
                    "Plan Width": 62,
                    "Actual Startup Time": 5.62,
                    "Actual Total Time": 24.674,
                    "Actual Rows": 14,
                    "Actual Loops": 1,
                    "Inner Unique": false,
                    "Plans": [
                      {
                        "Node Type": "Nested Loop",
                        "Parent Relationship": "Outer",
                        "Parallel Aware": false,
                        "Join Type": "Inner",
                        "Startup Cost": 4.1,
                        "Total Cost": 23188.95,
                        "Plan Rows": 1,
                        "Plan Width": 70,
                        "Actual Startup Time": 5.596,
                        "Actual Total Time": 24.568,
                        "Actual Rows": 5,
                        "Actual Loops": 1,
                        "Inner Unique": true,
                        "Join Filter": "(mi_idx1.info_type_id = it1.id)",
                        "Rows Removed by Join Filter": 10,
                        "Plans": [
                          {
                            "Node Type": "Nested Loop",
                            "Parent Relationship": "Outer",
                            "Parallel Aware": false,
                            "Join Type": "Inner",
                            "Startup Cost": 4.1,
                            "Total Cost": 23186.52,
                            "Plan Rows": 1,
                            "Plan Width": 74,
                            "Actual Startup Time": 5.486,
                            "Actual Total Time": 24.166,
                            "Actual Rows": 15,
                            "Actual Loops": 1,
                            "Inner Unique": false,
                            "Plans": [
                              {
                                "Node Type": "Nested Loop",
                                "Parent Relationship": "Outer",
                                "Parallel Aware": false,
                                "Join Type": "Inner",
                                "Startup Cost": 3.67,
                                "Total Cost": 23185.99,
                                "Plan Rows": 1,
                                "Plan Width": 60,
                                "Actual Startup Time": 5.466,
                                "Actual Total Time": 24.076,
                                "Actual Rows": 6,
                                "Actual Loops": 1,
                                "Inner Unique": true,
                                "Join Filter": "(t1.kind_id = kt1.id)",
                                "Rows Removed by Join Filter": 0,
                                "Plans": [
                                  {
                                    "Node Type": "Nested Loop",
                                    "Parent Relationship": "Outer",
                                    "Parallel Aware": false,
                                    "Join Type": "Inner",
                                    "Startup Cost": 3.67,
                                    "Total Cost": 23184.89,
                                    "Plan Rows": 1,
                                    "Plan Width": 64,
                                    "Actual Startup Time": 5.448,
                                    "Actual Total Time": 24.002,
                                    "Actual Rows": 6,
                                    "Actual Loops": 1,
                                    "Inner Unique": false,
                                    "Join Filter": "(mi_idx2.info_type_id = it2.id)",
                                    "Rows Removed by Join Filter": 109,
                                    "Plans": [
                                      {
                                        "Node Type": "Seq Scan",
                                        "Parent Relationship": "Outer",
                                        "Parallel Aware": false,
                                        "Relation Name": "info_type",
                                        "Alias": "it2",
                                        "Startup Cost": 0.0,
                                        "Total Cost": 2.41,
                                        "Plan Rows": 1,
                                        "Plan Width": 4,
                                        "Actual Startup Time": 0.048,
                                        "Actual Total Time": 0.052,
                                        "Actual Rows": 1,
                                        "Actual Loops": 1,
                                        "Filter": "((info)::text = 'rating'::text COLLATE \"C\")",
                                        "Rows Removed by Filter": 112
                                      },
                                      {
                                        "Node Type": "Nested Loop",
                                        "Parent Relationship": "Inner",
                                        "Parallel Aware": false,
                                        "Join Type": "Inner",
                                        "Startup Cost": 3.67,
                                        "Total Cost": 23182.05,
                                        "Plan Rows": 34,
                                        "Plan Width": 68,
                                        "Actual Startup Time": 0.356,
                                        "Actual Total Time": 23.919,
                                        "Actual Rows": 115,
                                        "Actual Loops": 1,
                                        "Inner Unique": true,
                                        "Plans": [
                                          {
                                            "Node Type": "Nested Loop",
                                            "Parent Relationship": "Outer",
                                            "Parallel Aware": false,
                                            "Join Type": "Inner",
                                            "Startup Cost": 3.24,
                                            "Total Cost": 23030.02,
                                            "Plan Rows": 34,
                                            "Plan Width": 43,
                                            "Actual Startup Time": 0.347,
                                            "Actual Total Time": 23.34,
                                            "Actual Rows": 115,
                                            "Actual Loops": 1,
                                            "Inner Unique": false,
                                            "Plans": [
                                              {
                                                "Node Type": "Hash Join",
                                                "Parent Relationship": "Outer",
                                                "Parallel Aware": false,
                                                "Join Type": "Inner",
                                                "Startup Cost": 2.82,
                                                "Total Cost": 22949.56,
                                                "Plan Rows": 127,
                                                "Plan Width": 29,
                                                "Actual Startup Time": 0.327,
                                                "Actual Total Time": 22.437,
                                                "Actual Rows": 100,
                                                "Actual Loops": 1,
                                                "Inner Unique": true,
                                                "Hash Cond": "(t2.kind_id = kt2.id)",
                                                "Plans": [
                                                  {
                                                    "Node Type": "Nested Loop",
                                                    "Parent Relationship": "Outer",
                                                    "Parallel Aware": false,
                                                    "Join Type": "Inner",
                                                    "Startup Cost": 1.72,
                                                    "Total Cost": 22944.71,
                                                    "Plan Rows": 889,
                                                    "Plan Width": 33,
                                                    "Actual Startup Time": 0.121,
                                                    "Actual Total Time": 22.313,
                                                    "Actual Rows": 245,
                                                    "Actual Loops": 1,
                                                    "Inner Unique": true,
                                                    "Plans": [
                                                      {
                                                        "Node Type": "Hash Join",
                                                        "Parent Relationship": "Outer",
                                                        "Parallel Aware": false,
                                                        "Join Type": "Inner",
                                                        "Startup Cost": 1.29,
                                                        "Total Cost": 561.53,
                                                        "Plan Rows": 5000,
                                                        "Plan Width": 8,
                                                        "Actual Startup Time": 0.074,
                                                        "Actual Total Time": 10.947,
                                                        "Actual Rows": 2315,
                                                        "Actual Loops": 1,
                                                        "Inner Unique": true,
                                                        "Hash Cond": "(ml.link_type_id = lt.id)",
                                                        "Plans": [
                                                          {
                                                            "Node Type": "Seq Scan",
                                                            "Parent Relationship": "Outer",
                                                            "Parallel Aware": false,
                                                            "Relation Name": "movie_link",
                                                            "Alias": "ml",
                                                            "Startup Cost": 0.0,
                                                            "Total Cost": 462.97,
                                                            "Plan Rows": 29997,
                                                            "Plan Width": 12,
                                                            "Actual Startup Time": 0.017,
                                                            "Actual Total Time": 4.953,
                                                            "Actual Rows": 29997,
                                                            "Actual Loops": 1
                                                          },
                                                          {
                                                            "Node Type": "Hash",
                                                            "Parent Relationship": "Inner",
                                                            "Parallel Aware": false,
                                                            "Startup Cost": 1.25,
                                                            "Total Cost": 1.25,
                                                            "Plan Rows": 3,
                                                            "Plan Width": 4,
                                                            "Actual Startup Time": 0.027,
                                                            "Actual Total Time": 0.028,
                                                            "Actual Rows": 2,
                                                            "Actual Loops": 1,
                                                            "Hash Buckets": 1024,
                                                            "Original Hash Buckets": 1024,
                                                            "Hash Batches": 1,
                                                            "Original Hash Batches": 1,
                                                            "Peak Memory Usage": 9,
                                                            "Plans": [
                                                              {
                                                                "Node Type": "Seq Scan",
                                                                "Parent Relationship": "Outer",
                                                                "Parallel Aware": false,
                                                                "Relation Name": "link_type",
                                                                "Alias": "lt",
                                                                "Startup Cost": 0.0,
                                                                "Total Cost": 1.25,
                                                                "Plan Rows": 3,
                                                                "Plan Width": 4,
                                                                "Actual Startup Time": 0.014,
                                                                "Actual Total Time": 0.022,
                                                                "Actual Rows": 2,
                                                                "Actual Loops": 1,
                                                                "Filter": "((link)::text = ANY ('{sequel,follows,\"followed by\"}'::text[]))",
                                                                "Rows Removed by Filter": 16
                                                              }
                                                            ]
                                                          }
                                                        ]
                                                      },
                                                      {
                                                        "Node Type": "Index Scan",
                                                        "Parent Relationship": "Inner",
                                                        "Parallel Aware": false,
                                                        "Scan Direction": "Forward",
                                                        "Index Name": "title_pkey",
                                                        "Relation Name": "title",
                                                        "Alias": "t2",
                                                        "Startup Cost": 0.43,
                                                        "Total Cost": 4.48,
                                                        "Plan Rows": 1,
                                                        "Plan Width": 25,
                                                        "Actual Startup Time": 0.004,
                                                        "Actual Total Time": 0.004,
                                                        "Actual Rows": 0,
                                                        "Actual Loops": 2315,
                                                        "Index Cond": "(id = ml.linked_movie_id)",
                                                        "Rows Removed by Index Recheck": 0,
                                                        "Filter": "((production_year >= 2005) AND (production_year <= 2008))",
                                                        "Rows Removed by Filter": 1
                                                      }
                                                    ]
                                                  },
                                                  {
                                                    "Node Type": "Hash",
                                                    "Parent Relationship": "Inner",
                                                    "Parallel Aware": false,
                                                    "Startup Cost": 1.09,
                                                    "Total Cost": 1.09,
                                                    "Plan Rows": 1,
                                                    "Plan Width": 4,
                                                    "Actual Startup Time": 0.022,
                                                    "Actual Total Time": 0.023,
                                                    "Actual Rows": 1,
                                                    "Actual Loops": 1,
                                                    "Hash Buckets": 1024,
                                                    "Original Hash Buckets": 1024,
                                                    "Hash Batches": 1,
                                                    "Original Hash Batches": 1,
                                                    "Peak Memory Usage": 9,
                                                    "Plans": [
                                                      {
                                                        "Node Type": "Seq Scan",
                                                        "Parent Relationship": "Outer",
                                                        "Parallel Aware": false,
                                                        "Relation Name": "kind_type",
                                                        "Alias": "kt2",
                                                        "Startup Cost": 0.0,
                                                        "Total Cost": 1.09,
                                                        "Plan Rows": 1,
                                                        "Plan Width": 4,
                                                        "Actual Startup Time": 0.013,
                                                        "Actual Total Time": 0.016,
                                                        "Actual Rows": 1,
                                                        "Actual Loops": 1,
                                                        "Filter": "((kind)::text = 'tv series'::text COLLATE \"C\")",
                                                        "Rows Removed by Filter": 6
                                                      }
                                                    ]
                                                  }
                                                ]
                                              },
                                              {
                                                "Node Type": "Index Scan",
                                                "Parent Relationship": "Inner",
                                                "Parallel Aware": false,
                                                "Scan Direction": "Forward",
                                                "Index Name": "movie_id_movie_info_idx",
                                                "Relation Name": "movie_info_idx",
                                                "Alias": "mi_idx2",
                                                "Startup Cost": 0.43,
                                                "Total Cost": 0.61,
                                                "Plan Rows": 2,
                                                "Plan Width": 14,
                                                "Actual Startup Time": 0.007,
                                                "Actual Total Time": 0.008,
                                                "Actual Rows": 1,
                                                "Actual Loops": 100,
                                                "Index Cond": "(movie_id = t2.id)",
                                                "Rows Removed by Index Recheck": 0,
                                                "Filter": "(info < '3.0'::text)",
                                                "Rows Removed by Filter": 1
                                              }
                                            ]
                                          },
                                          {
                                            "Node Type": "Index Scan",
                                            "Parent Relationship": "Inner",
                                            "Parallel Aware": false,
                                            "Scan Direction": "Forward",
                                            "Index Name": "title_pkey",
                                            "Relation Name": "title",
                                            "Alias": "t1",
                                            "Startup Cost": 0.43,
                                            "Total Cost": 4.47,
                                            "Plan Rows": 1,
                                            "Plan Width": 25,
                                            "Actual Startup Time": 0.004,
                                            "Actual Total Time": 0.004,
                                            "Actual Rows": 1,
                                            "Actual Loops": 115,
                                            "Index Cond": "(id = ml.movie_id)",
                                            "Rows Removed by Index Recheck": 0
                                          }
                                        ]
                                      }
                                    ]
                                  },
                                  {
                                    "Node Type": "Seq Scan",
                                    "Parent Relationship": "Inner",
                                    "Parallel Aware": false,
                                    "Relation Name": "kind_type",
                                    "Alias": "kt1",
                                    "Startup Cost": 0.0,
                                    "Total Cost": 1.09,
                                    "Plan Rows": 1,
                                    "Plan Width": 4,
                                    "Actual Startup Time": 0.006,
                                    "Actual Total Time": 0.006,
                                    "Actual Rows": 1,
                                    "Actual Loops": 6,
                                    "Filter": "((kind)::text = 'tv series'::text COLLATE \"C\")",
                                    "Rows Removed by Filter": 1
                                  }
                                ]
                              },
                              {
                                "Node Type": "Index Scan",
                                "Parent Relationship": "Inner",
                                "Parallel Aware": false,
                                "Scan Direction": "Forward",
                                "Index Name": "movie_id_movie_info_idx",
                                "Relation Name": "movie_info_idx",
                                "Alias": "mi_idx1",
                                "Startup Cost": 0.43,
                                "Total Cost": 0.5,
                                "Plan Rows": 3,
                                "Plan Width": 14,
                                "Actual Startup Time": 0.009,
                                "Actual Total Time": 0.012,
                                "Actual Rows": 2,
                                "Actual Loops": 6,
                                "Index Cond": "(movie_id = t1.id)",
                                "Rows Removed by Index Recheck": 0
                              }
                            ]
                          },
                          {
                            "Node Type": "Seq Scan",
                            "Parent Relationship": "Inner",
                            "Parallel Aware": false,
                            "Relation Name": "info_type",
                            "Alias": "it1",
                            "Startup Cost": 0.0,
                            "Total Cost": 2.41,
                            "Plan Rows": 1,
                            "Plan Width": 4,
                            "Actual Startup Time": 0.021,
                            "Actual Total Time": 0.022,
                            "Actual Rows": 1,
                            "Actual Loops": 15,
                            "Filter": "((info)::text = 'rating'::text COLLATE \"C\")",
                            "Rows Removed by Filter": 108
                          }
                        ]
                      },
                      {
                        "Node Type": "Index Scan",
                        "Parent Relationship": "Inner",
                        "Parallel Aware": false,
                        "Scan Direction": "Forward",
                        "Index Name": "movie_id_movie_companies",
                        "Relation Name": "movie_companies",
                        "Alias": "mc1",
                        "Startup Cost": 0.43,
                        "Total Cost": 0.56,
                        "Plan Rows": 5,
                        "Plan Width": 8,
                        "Actual Startup Time": 0.014,
                        "Actual Total Time": 0.018,
                        "Actual Rows": 3,
                        "Actual Loops": 5,
                        "Index Cond": "(movie_id = t1.id)",
                        "Rows Removed by Index Recheck": 0
                      }
                    ]
                  },
                  {
                    "Node Type": "Index Scan",
                    "Parent Relationship": "Inner",
                    "Parallel Aware": false,
                    "Scan Direction": "Forward",
                    "Index Name": "company_name_pkey",
                    "Relation Name": "company_name",
                    "Alias": "cn1",
                    "Startup Cost": 0.42,
                    "Total Cost": 0.45,
                    "Plan Rows": 1,
                    "Plan Width": 23,
                    "Actual Startup Time": 0.009,
                    "Actual Total Time": 0.009,
                    "Actual Rows": 0,
                    "Actual Loops": 14,
                    "Index Cond": "(id = mc1.company_id)",
                    "Rows Removed by Index Recheck": 0,
                    "Filter": "((country_code)::text = '[us]'::text)",
                    "Rows Removed by Filter": 1
                  }
                ]
              },
              {
                "Node Type": "Index Scan",
                "Parent Relationship": "Inner",
                "Parallel Aware": false,
                "Scan Direction": "Forward",
                "Index Name": "movie_id_movie_companies",
                "Relation Name": "movie_companies",
                "Alias": "mc2",
                "Startup Cost": 0.43,
                "Total Cost": 0.68,
                "Plan Rows": 5,
                "Plan Width": 8,
                "Actual Startup Time": 0.009,
                "Actual Total Time": 0.014,
                "Actual Rows": 4,
                "Actual Loops": 2,
                "Index Cond": "(movie_id = mi_idx2.movie_id)",
                "Rows Removed by Index Recheck": 0
              }
            ]
          },
          {
            "Node Type": "Index Scan",
            "Parent Relationship": "Inner",
            "Parallel Aware": false,
            "Scan Direction": "Forward",
            "Index Name": "company_name_pkey",
            "Relation Name": "company_name",
            "Alias": "cn2",
            "Startup Cost": 0.42,
            "Total Cost": 0.44,
            "Plan Rows": 1,
            "Plan Width": 23,
            "Actual Startup Time": 0.006,
            "Actual Total Time": 0.006,
            "Actual Rows": 1,
            "Actual Loops": 8,
            "Index Cond": "(id = mc2.company_id)",
            "Rows Removed by Index Recheck": 0
          }
        ]
      }
    ]
  },
  "Planning Time": 3.844,
  "Triggers": [],
  "Execution Time": 25.167
}