{
  "Plan": {
    "Node Type": "Aggregate",
    "Strategy": "Plain",
    "Partial Mode": "Finalize",
    "Parallel Aware": false,
    "Startup Cost": 103828.23,
    "Total Cost": 103828.24,
    "Plan Rows": 1,
    "Plan Width": 8,
    "Actual Startup Time": 727.427,
    "Actual Total Time": 744.505,
    "Actual Rows": 1,
    "Actual Loops": 1,
    "Plans": [
      {
        "Node Type": "Gather",
        "Parent Relationship": "Outer",
        "Parallel Aware": false,
        "Startup Cost": 103828.11,
        "Total Cost": 103828.22,
        "Plan Rows": 1,
        "Plan Width": 8,
        "Actual Startup Time": 720.112,
        "Actual Total Time": 744.497,
        "Actual Rows": 2,
        "Actual Loops": 1,
        "Workers Planned": 1,
        "Workers Launched": 1,
        "Single Copy": false,
        "Plans": [
          {
            "Node Type": "Aggregate",
            "Strategy": "Plain",
            "Partial Mode": "Partial",
            "Parent Relationship": "Outer",
            "Parallel Aware": false,
            "Startup Cost": 102828.11,
            "Total Cost": 102828.12,
            "Plan Rows": 1,
            "Plan Width": 8,
            "Actual Startup Time": 709.69,
            "Actual Total Time": 709.695,
            "Actual Rows": 1,
            "Actual Loops": 2,
            "Plans": [
              {
                "Node Type": "Hash Join",
                "Parent Relationship": "Outer",
                "Parallel Aware": true,
                "Join Type": "Inner",
                "Startup Cost": 75448.26,
                "Total Cost": 102413.1,
                "Plan Rows": 166006,
                "Plan Width": 0,
                "Actual Startup Time": 605.152,
                "Actual Total Time": 702.163,
                "Actual Rows": 139352,
                "Actual Loops": 2,
                "Inner Unique": true,
                "Hash Cond": "(mk.movie_id = t.id)",
                "Plans": [
                  {
                    "Node Type": "Bitmap Heap Scan",
                    "Parent Relationship": "Outer",
                    "Parallel Aware": true,
                    "Relation Name": "movie_keyword",
                    "Alias": "mk",
                    "Startup Cost": 5987.56,
                    "Total Cost": 32516.63,
                    "Plan Rows": 166006,
                    "Plan Width": 4,
                    "Actual Startup Time": 17.76,
                    "Actual Total Time": 70.307,
                    "Actual Rows": 139352,
                    "Actual Loops": 2,
                    "Recheck Cond": "(keyword_id > 57065)",
                    "Rows Removed by Index Recheck": 0,
                    "Exact Heap Blocks": 14396,
                    "Lossy Heap Blocks": 0,
                    "Plans": [
                      {
                        "Node Type": "Bitmap Index Scan",
                        "Parent Relationship": "Outer",
                        "Parallel Aware": false,
                        "Index Name": "keyword_id_movie_keyword",
                        "Startup Cost": 0.0,
                        "Total Cost": 5917.01,
                        "Plan Rows": 282210,
                        "Plan Width": 0,
                        "Actual Startup Time": 14.592,
                        "Actual Total Time": 14.593,
                        "Actual Rows": 278705,
                        "Actual Loops": 1,
                        "Index Cond": "(keyword_id > 57065)"
                      }
                    ]
                  },
                  {
                    "Node Type": "Hash",
                    "Parent Relationship": "Inner",
                    "Parallel Aware": true,
                    "Startup Cost": 50870.31,
                    "Total Cost": 50870.31,
                    "Plan Rows": 1487231,
                    "Plan Width": 4,
                    "Actual Startup Time": 567.213,
                    "Actual Total Time": 567.214,
                    "Actual Rows": 1264156,
                    "Actual Loops": 2,
                    "Hash Buckets": 4194304,
                    "Original Hash Buckets": 4194304,
                    "Hash Batches": 1,
                    "Original Hash Batches": 1,
                    "Peak Memory Usage": 131712,
                    "Plans": [
                      {
                        "Node Type": "Seq Scan",
                        "Parent Relationship": "Outer",
                        "Parallel Aware": true,
                        "Relation Name": "title",
                        "Alias": "t",
                        "Startup Cost": 0.0,
                        "Total Cost": 50870.31,
                        "Plan Rows": 1487231,
                        "Plan Width": 4,
                        "Actual Startup Time": 0.024,
                        "Actual Total Time": 173.46,
                        "Actual Rows": 1264156,
                        "Actual Loops": 2
                      }
                    ]
                  }
                ]
              }
            ]
          }
        ]
      }
    ]
  },
  "Planning Time": 0.457,
  "Triggers": [],
  "Execution Time": 744.569
}