{
  "Plan": {
    "Node Type": "Aggregate",
    "Strategy": "Plain",
    "Partial Mode": "Finalize",
    "Parallel Aware": false,
    "Startup Cost": 429622.64,
    "Total Cost": 429622.65,
    "Plan Rows": 1,
    "Plan Width": 8,
    "Actual Startup Time": 1775.053,
    "Actual Total Time": 1796.613,
    "Actual Rows": 1,
    "Actual Loops": 1,
    "Plans": [
      {
        "Node Type": "Gather",
        "Parent Relationship": "Outer",
        "Parallel Aware": false,
        "Startup Cost": 429622.52,
        "Total Cost": 429622.63,
        "Plan Rows": 1,
        "Plan Width": 8,
        "Actual Startup Time": 1771.71,
        "Actual Total Time": 1796.604,
        "Actual Rows": 2,
        "Actual Loops": 1,
        "Workers Planned": 1,
        "Workers Launched": 1,
        "Single Copy": false,
        "Plans": [
          {
            "Node Type": "Aggregate",
            "Strategy": "Plain",
            "Partial Mode": "Partial",
            "Parent Relationship": "Outer",
            "Parallel Aware": false,
            "Startup Cost": 428622.52,
            "Total Cost": 428622.53,
            "Plan Rows": 1,
            "Plan Width": 8,
            "Actual Startup Time": 1763.505,
            "Actual Total Time": 1763.509,
            "Actual Rows": 1,
            "Actual Loops": 2,
            "Plans": [
              {
                "Node Type": "Hash Join",
                "Parent Relationship": "Outer",
                "Parallel Aware": true,
                "Join Type": "Inner",
                "Startup Cost": 142433.61,
                "Total Cost": 424981.62,
                "Plan Rows": 1456361,
                "Plan Width": 0,
                "Actual Startup Time": 737.586,
                "Actual Total Time": 1699.181,
                "Actual Rows": 1212414,
                "Actual Loops": 2,
                "Inner Unique": true,
                "Hash Cond": "(ci.movie_id = t.id)",
                "Plans": [
                  {
                    "Node Type": "Bitmap Heap Scan",
                    "Parent Relationship": "Outer",
                    "Parallel Aware": true,
                    "Relation Name": "cast_info",
                    "Alias": "ci",
                    "Startup Cost": 74131.71,
                    "Total Cost": 351497.22,
                    "Plan Rows": 1974281,
                    "Plan Width": 4,
                    "Actual Startup Time": 253.001,
                    "Actual Total Time": 462.069,
                    "Actual Rows": 1730759,
                    "Actual Loops": 2,
                    "Recheck Cond": "(person_id < 332586)",
                    "Rows Removed by Index Recheck": 0,
                    "Exact Heap Blocks": 15723,
                    "Lossy Heap Blocks": 0,
                    "Plans": [
                      {
                        "Node Type": "Bitmap Index Scan",
                        "Parent Relationship": "Outer",
                        "Parallel Aware": false,
                        "Index Name": "person_id_cast_info",
                        "Startup Cost": 0.0,
                        "Total Cost": 73292.64,
                        "Plan Rows": 3356277,
                        "Plan Width": 0,
                        "Actual Startup Time": 243.589,
                        "Actual Total Time": 243.59,
                        "Actual Rows": 3461518,
                        "Actual Loops": 1,
                        "Index Cond": "(person_id < 332586)"
                      }
                    ]
                  },
                  {
                    "Node Type": "Hash",
                    "Parent Relationship": "Inner",
                    "Parallel Aware": true,
                    "Startup Cost": 54588.39,
                    "Total Cost": 54588.39,
                    "Plan Rows": 1097081,
                    "Plan Width": 4,
                    "Actual Startup Time": 470.014,
                    "Actual Total Time": 470.015,
                    "Actual Rows": 932744,
                    "Actual Loops": 2,
                    "Hash Buckets": 2097152,
                    "Original Hash Buckets": 2097152,
                    "Hash Batches": 1,
                    "Original Hash Batches": 1,
                    "Peak Memory Usage": 89376,
                    "Plans": [
                      {
                        "Node Type": "Seq Scan",
                        "Parent Relationship": "Outer",
                        "Parallel Aware": true,
                        "Relation Name": "title",
                        "Alias": "t",
                        "Startup Cost": 0.0,
                        "Total Cost": 54588.39,
                        "Plan Rows": 1097081,
                        "Plan Width": 4,
                        "Actual Startup Time": 0.027,
                        "Actual Total Time": 196.133,
                        "Actual Rows": 932744,
                        "Actual Loops": 2,
                        "Filter": "(kind_id > 1)",
                        "Rows Removed by Filter": 331412
                      }
                    ]
                  }
                ]
              }
            ]
          }
        ]
      }
    ]
  },
  "Planning Time": 0.671,
  "Triggers": [],
  "Execution Time": 1796.704
}