[
  {
    "Plan": {
      "Node Type": "Aggregate",
      "Strategy": "Plain",
      "Partial Mode": "Finalize",
      "Parallel Aware": false,
      "Startup Cost": 208367.43,
      "Total Cost": 208367.44,
      "Plan Rows": 1,
      "Plan Width": 8,
      "Actual Startup Time": 951.428,
      "Actual Total Time": 997.597,
      "Actual Rows": 1,
      "Actual Loops": 1,
      "Plans": [
        {
          "Node Type": "Gather",
          "Parent Relationship": "Outer",
          "Parallel Aware": false,
          "Startup Cost": 208367.11,
          "Total Cost": 208367.42,
          "Plan Rows": 3,
          "Plan Width": 8,
          "Actual Startup Time": 947.765,
          "Actual Total Time": 997.587,
          "Actual Rows": 4,
          "Actual Loops": 1,
          "Workers Planned": 3,
          "Workers Launched": 3,
          "Single Copy": false,
          "Plans": [
            {
              "Node Type": "Aggregate",
              "Strategy": "Plain",
              "Partial Mode": "Partial",
              "Parent Relationship": "Outer",
              "Parallel Aware": false,
              "Startup Cost": 207367.11,
              "Total Cost": 207367.12,
              "Plan Rows": 1,
              "Plan Width": 8,
              "Actual Startup Time": 938.039,
              "Actual Total Time": 938.046,
              "Actual Rows": 1,
              "Actual Loops": 4,
              "Plans": [
                {
                  "Node Type": "Nested Loop",
                  "Parent Relationship": "Outer",
                  "Parallel Aware": false,
                  "Join Type": "Inner",
                  "Startup Cost": 45972.03,
                  "Total Cost": 206809.97,
                  "Plan Rows": 222855,
                  "Plan Width": 0,
                  "Actual Startup Time": 171.606,
                  "Actual Total Time": 890.645,
                  "Actual Rows": 1129249,
                  "Actual Loops": 4,
                  "Inner Unique": false,
                  "Plans": [
                    {
                      "Node Type": "Hash Join",
                      "Parent Relationship": "Outer",
                      "Parallel Aware": true,
                      "Join Type": "Inner",
                      "Startup Cost": 45971.59,
                      "Total Cost": 77825.59,
                      "Plan Rows": 43890,
                      "Plan Width": 8,
                      "Actual Startup Time": 171.532,
                      "Actual Total Time": 250.516,
                      "Actual Rows": 44294,
                      "Actual Loops": 4,
                      "Inner Unique": true,
                      "Hash Cond": "(mc.movie_id = t.id)",
                      "Plans": [
                        {
                          "Node Type": "Seq Scan",
                          "Parent Relationship": "Outer",
                          "Parallel Aware": true,
                          "Relation Name": "movie_companies",
                          "Alias": "mc",
                          "Startup Cost": 0.0,
                          "Total Cost": 31414.82,
                          "Plan Rows": 167306,
                          "Plan Width": 4,
                          "Actual Startup Time": 9.423,
                          "Actual Total Time": 59.67,
                          "Actual Rows": 56176,
                          "Actual Loops": 4,
                          "Filter": "((company_id > 14664) AND (company_type_id < 2))",
                          "Rows Removed by Filter": 596106
                        },
                        {
                          "Node Type": "Hash",
                          "Parent Relationship": "Inner",
                          "Parallel Aware": true,
                          "Startup Cost": 43898.92,
                          "Total Cost": 43898.92,
                          "Plan Rows": 165814,
                          "Plan Width": 4,
                          "Actual Startup Time": 156.882,
                          "Actual Total Time": 156.883,
                          "Actual Rows": 165706,
                          "Actual Loops": 4,
                          "Hash Buckets": 1048576,
                          "Original Hash Buckets": 1048576,
                          "Hash Batches": 1,
                          "Original Hash Batches": 1,
                          "Peak Memory Usage": 34176,
                          "Plans": [
                            {
                              "Node Type": "Seq Scan",
                              "Parent Relationship": "Outer",
                              "Parallel Aware": true,
                              "Relation Name": "title",
                              "Alias": "t",
                              "Startup Cost": 0.0,
                              "Total Cost": 43898.92,
                              "Plan Rows": 165814,
                              "Plan Width": 4,
                              "Actual Startup Time": 45.87,
                              "Actual Total Time": 99.451,
                              "Actual Rows": 165706,
                              "Actual Loops": 4,
                              "Filter": "(kind_id = 1)",
                              "Rows Removed by Filter": 466372
                            }
                          ]
                        }
                      ]
                    },
                    {
                      "Node Type": "Index Scan",
                      "Parent Relationship": "Inner",
                      "Parallel Aware": false,
                      "Scan Direction": "Forward",
                      "Index Name": "movie_id_movie_info",
                      "Relation Name": "movie_info",
                      "Alias": "mi",
                      "Startup Cost": 0.43,
                      "Total Cost": 2.58,
                      "Plan Rows": 36,
                      "Plan Width": 4,
                      "Actual Startup Time": 0.003,
                      "Actual Total Time": 0.013,
                      "Actual Rows": 25,
                      "Actual Loops": 177175,
                      "Index Cond": "(movie_id = t.id)",
                      "Rows Removed by Index Recheck": 0,
                      "Filter": "(info_type_id < 18)",
                      "Rows Removed by Filter": 9
                    }
                  ]
                }
              ]
            }
          ]
        }
      ]
    },
    "Planning Time": 1.462,
    "Triggers": [],
    "Execution Time": 997.698
  }
]