[
  {
    "Plan": {
      "Node Type": "Aggregate",
      "Strategy": "Plain",
      "Partial Mode": "Finalize",
      "Parallel Aware": false,
      "Startup Cost": 348892.32,
      "Total Cost": 348892.33,
      "Plan Rows": 1,
      "Plan Width": 8,
      "Actual Startup Time": 607.75,
      "Actual Total Time": 652.178,
      "Actual Rows": 1,
      "Actual Loops": 1,
      "Plans": [
        {
          "Node Type": "Gather",
          "Parent Relationship": "Outer",
          "Parallel Aware": false,
          "Startup Cost": 348891.7,
          "Total Cost": 348892.31,
          "Plan Rows": 6,
          "Plan Width": 8,
          "Actual Startup Time": 607.465,
          "Actual Total Time": 652.167,
          "Actual Rows": 7,
          "Actual Loops": 1,
          "Workers Planned": 6,
          "Workers Launched": 6,
          "Single Copy": false,
          "Plans": [
            {
              "Node Type": "Aggregate",
              "Strategy": "Plain",
              "Partial Mode": "Partial",
              "Parent Relationship": "Outer",
              "Parallel Aware": false,
              "Startup Cost": 347891.7,
              "Total Cost": 347891.71,
              "Plan Rows": 1,
              "Plan Width": 8,
              "Actual Startup Time": 600.317,
              "Actual Total Time": 600.318,
              "Actual Rows": 1,
              "Actual Loops": 7,
              "Plans": [
                {
                  "Node Type": "Seq Scan",
                  "Parent Relationship": "Outer",
                  "Parallel Aware": true,
                  "Relation Name": "cast_info",
                  "Alias": "ci",
                  "Startup Cost": 0.0,
                  "Total Cost": 343316.27,
                  "Plan Rows": 1830171,
                  "Plan Width": 0,
                  "Actual Startup Time": 212.861,
                  "Actual Total Time": 570.315,
                  "Actual Rows": 681278,
                  "Actual Loops": 7,
                  "Filter": "((person_id < 1687770) AND (role_id > 1))",
                  "Rows Removed by Filter": 4496485
                }
              ]
            }
          ]
        }
      ]
    },
    "Planning Time": 0.09,
    "Triggers": [],
    "Execution Time": 652.214
  }
]