{
  "Plan": {
    "Node Type": "Aggregate",
    "Strategy": "Plain",
    "Partial Mode": "Finalize",
    "Parallel Aware": false,
    "Startup Cost": 127588.76,
    "Total Cost": 127588.77,
    "Plan Rows": 1,
    "Plan Width": 8,
    "Actual Startup Time": 802.166,
    "Actual Total Time": 819.348,
    "Actual Rows": 1,
    "Actual Loops": 1,
    "Plans": [
      {
        "Node Type": "Gather",
        "Parent Relationship": "Outer",
        "Parallel Aware": false,
        "Startup Cost": 127588.65,
        "Total Cost": 127588.76,
        "Plan Rows": 1,
        "Plan Width": 8,
        "Actual Startup Time": 796.747,
        "Actual Total Time": 819.338,
        "Actual Rows": 2,
        "Actual Loops": 1,
        "Workers Planned": 1,
        "Workers Launched": 1,
        "Single Copy": false,
        "Plans": [
          {
            "Node Type": "Aggregate",
            "Strategy": "Plain",
            "Partial Mode": "Partial",
            "Parent Relationship": "Outer",
            "Parallel Aware": false,
            "Startup Cost": 126588.65,
            "Total Cost": 126588.66,
            "Plan Rows": 1,
            "Plan Width": 8,
            "Actual Startup Time": 789.19,
            "Actual Total Time": 789.196,
            "Actual Rows": 1,
            "Actual Loops": 2,
            "Plans": [
              {
                "Node Type": "Hash Join",
                "Parent Relationship": "Outer",
                "Parallel Aware": true,
                "Join Type": "Inner",
                "Startup Cost": 91308.13,
                "Total Cost": 125412.05,
                "Plan Rows": 470639,
                "Plan Width": 0,
                "Actual Startup Time": 542.727,
                "Actual Total Time": 777.998,
                "Actual Rows": 210544,
                "Actual Loops": 2,
                "Inner Unique": true,
                "Hash Cond": "(mk.movie_id = t.id)",
                "Plans": [
                  {
                    "Node Type": "Bitmap Heap Scan",
                    "Parent Relationship": "Outer",
                    "Parallel Aware": true,
                    "Relation Name": "movie_keyword",
                    "Alias": "mk",
                    "Startup Cost": 23006.23,
                    "Total Cost": 55435.37,
                    "Plan Rows": 638011,
                    "Plan Width": 4,
                    "Actual Startup Time": 68.325,
                    "Actual Total Time": 173.448,
                    "Actual Rows": 549393,
                    "Actual Loops": 2,
                    "Recheck Cond": "(keyword_id < 1128)",
                    "Rows Removed by Index Recheck": 0,
                    "Exact Heap Blocks": 15522,
                    "Lossy Heap Blocks": 0,
                    "Plans": [
                      {
                        "Node Type": "Bitmap Index Scan",
                        "Parent Relationship": "Outer",
                        "Parallel Aware": false,
                        "Index Name": "keyword_id_movie_keyword",
                        "Startup Cost": 0.0,
                        "Total Cost": 22735.08,
                        "Plan Rows": 1084619,
                        "Plan Width": 0,
                        "Actual Startup Time": 64.619,
                        "Actual Total Time": 64.62,
                        "Actual Rows": 1098786,
                        "Actual Loops": 1,
                        "Index Cond": "(keyword_id < 1128)"
                      }
                    ]
                  },
                  {
                    "Node Type": "Hash",
                    "Parent Relationship": "Inner",
                    "Parallel Aware": true,
                    "Startup Cost": 54588.39,
                    "Total Cost": 54588.39,
                    "Plan Rows": 1097081,
                    "Plan Width": 4,
                    "Actual Startup Time": 459.724,
                    "Actual Total Time": 459.725,
                    "Actual Rows": 932744,
                    "Actual Loops": 2,
                    "Hash Buckets": 2097152,
                    "Original Hash Buckets": 2097152,
                    "Hash Batches": 1,
                    "Original Hash Batches": 1,
                    "Peak Memory Usage": 89408,
                    "Plans": [
                      {
                        "Node Type": "Seq Scan",
                        "Parent Relationship": "Outer",
                        "Parallel Aware": true,
                        "Relation Name": "title",
                        "Alias": "t",
                        "Startup Cost": 0.0,
                        "Total Cost": 54588.39,
                        "Plan Rows": 1097081,
                        "Plan Width": 4,
                        "Actual Startup Time": 0.033,
                        "Actual Total Time": 189.966,
                        "Actual Rows": 932744,
                        "Actual Loops": 2,
                        "Filter": "(kind_id > 1)",
                        "Rows Removed by Filter": 331412
                      }
                    ]
                  }
                ]
              }
            ]
          }
        ]
      }
    ]
  },
  "Planning Time": 0.696,
  "Triggers": [],
  "Execution Time": 819.444
}