[
  {
    "Plan": {
      "Node Type": "Aggregate",
      "Strategy": "Plain",
      "Partial Mode": "Finalize",
      "Parallel Aware": false,
      "Startup Cost": 46902.15,
      "Total Cost": 46902.16,
      "Plan Rows": 1,
      "Plan Width": 8,
      "Actual Startup Time": 161.652,
      "Actual Total Time": 168.821,
      "Actual Rows": 1,
      "Actual Loops": 1,
      "Plans": [
        {
          "Node Type": "Gather",
          "Parent Relationship": "Outer",
          "Parallel Aware": false,
          "Startup Cost": 46901.83,
          "Total Cost": 46902.14,
          "Plan Rows": 3,
          "Plan Width": 8,
          "Actual Startup Time": 161.519,
          "Actual Total Time": 168.812,
          "Actual Rows": 4,
          "Actual Loops": 1,
          "Workers Planned": 3,
          "Workers Launched": 3,
          "Single Copy": false,
          "Plans": [
            {
              "Node Type": "Aggregate",
              "Strategy": "Plain",
              "Partial Mode": "Partial",
              "Parent Relationship": "Outer",
              "Parallel Aware": false,
              "Startup Cost": 45901.83,
              "Total Cost": 45901.84,
              "Plan Rows": 1,
              "Plan Width": 8,
              "Actual Startup Time": 156.385,
              "Actual Total Time": 156.386,
              "Actual Rows": 1,
              "Actual Loops": 4,
              "Plans": [
                {
                  "Node Type": "Seq Scan",
                  "Parent Relationship": "Outer",
                  "Parallel Aware": true,
                  "Relation Name": "movie_keyword",
                  "Alias": "mk",
                  "Startup Cost": 0.0,
                  "Total Cost": 42695.65,
                  "Plan Rows": 1282471,
                  "Plan Width": 0,
                  "Actual Startup Time": 0.081,
                  "Actual Total Time": 113.304,
                  "Actual Rows": 993052,
                  "Actual Loops": 4,
                  "Filter": "(keyword_id > 394)",
                  "Rows Removed by Filter": 137931
                }
              ]
            }
          ]
        }
      ]
    },
    "Planning Time": 0.148,
    "Triggers": [],
    "Execution Time": 168.871
  }
]