[
    {
        "Bao": {
            "Bao prediction": "NaN",
            "Bao recommended hint": "(no hint)"
        }
    },
    {
        "Plan": {
            "Node Type": "Aggregate",
            "Strategy": "Plain",
            "Partial Mode": "Simple",
            "Parallel Aware": false,
            "Startup Cost": 13438.38,
            "Total Cost": 13438.39,
            "Plan Rows": 1,
            "Plan Width": 8,
            "Actual Startup Time": 5.357,
            "Actual Total Time": 5.359,
            "Actual Rows": 1,
            "Actual Loops": 1,
            "Output": [
                "count(*)"
            ],
            "Plans": [
                {
                    "Node Type": "Bitmap Heap Scan",
                    "Parent Relationship": "Outer",
                    "Parallel Aware": false,
                    "Relation Name": "movie_keyword",
                    "Schema": "public",
                    "Alias": "mk",
                    "Startup Cost": 119.68,
                    "Total Cost": 13424.43,
                    "Plan Rows": 5580,
                    "Plan Width": 0,
                    "Actual Startup Time": 0.825,
                    "Actual Total Time": 5.107,
                    "Actual Rows": 4958,
                    "Actual Loops": 1,
                    "Recheck Cond": "(mk.keyword_id = 2632)",
                    "Rows Removed by Index Recheck": 0,
                    "Exact Heap Blocks": 2770,
                    "Lossy Heap Blocks": 0,
                    "Plans": [
                        {
                            "Node Type": "Bitmap Index Scan",
                            "Parent Relationship": "Outer",
                            "Parallel Aware": false,
                            "Index Name": "keyword_id_movie_keyword",
                            "Startup Cost": 0.0,
                            "Total Cost": 118.28,
                            "Plan Rows": 5580,
                            "Plan Width": 0,
                            "Actual Startup Time": 0.542,
                            "Actual Total Time": 0.542,
                            "Actual Rows": 4958,
                            "Actual Loops": 1,
                            "Index Cond": "(mk.keyword_id = 2632)"
                        }
                    ]
                }
            ]
        },
        "Planning Time": 181.631,
        "Triggers": [],
        "Execution Time": 5.398
    }
]