[
  {
    "Plan": {
      "Node Type": "Aggregate",
      "Strategy": "Plain",
      "Partial Mode": "Finalize",
      "Parallel Aware": false,
      "Startup Cost": 19627.55,
      "Total Cost": 19627.56,
      "Plan Rows": 1,
      "Plan Width": 8,
      "Actual Startup Time": 15.323,
      "Actual Total Time": 18.421,
      "Actual Rows": 1,
      "Actual Loops": 1,
      "Plans": [
        {
          "Node Type": "Gather",
          "Parent Relationship": "Outer",
          "Parallel Aware": false,
          "Startup Cost": 19627.44,
          "Total Cost": 19627.55,
          "Plan Rows": 1,
          "Plan Width": 8,
          "Actual Startup Time": 15.233,
          "Actual Total Time": 18.415,
          "Actual Rows": 2,
          "Actual Loops": 1,
          "Workers Planned": 1,
          "Workers Launched": 1,
          "Single Copy": false,
          "Plans": [
            {
              "Node Type": "Aggregate",
              "Strategy": "Plain",
              "Partial Mode": "Partial",
              "Parent Relationship": "Outer",
              "Parallel Aware": false,
              "Startup Cost": 18627.44,
              "Total Cost": 18627.45,
              "Plan Rows": 1,
              "Plan Width": 8,
              "Actual Startup Time": 12.64,
              "Actual Total Time": 12.641,
              "Actual Rows": 1,
              "Actual Loops": 2,
              "Plans": [
                {
                  "Node Type": "Nested Loop",
                  "Parent Relationship": "Outer",
                  "Parallel Aware": false,
                  "Join Type": "Inner",
                  "Startup Cost": 56.41,
                  "Total Cost": 18623.73,
                  "Plan Rows": 1484,
                  "Plan Width": 0,
                  "Actual Startup Time": 0.842,
                  "Actual Total Time": 12.484,
                  "Actual Rows": 1218,
                  "Actual Loops": 2,
                  "Inner Unique": true,
                  "Plans": [
                    {
                      "Node Type": "Bitmap Heap Scan",
                      "Parent Relationship": "Outer",
                      "Parallel Aware": true,
                      "Relation Name": "movie_companies",
                      "Alias": "mc",
                      "Startup Cost": 55.98,
                      "Total Cost": 7014.99,
                      "Plan Rows": 1484,
                      "Plan Width": 4,
                      "Actual Startup Time": 0.752,
                      "Actual Total Time": 3.872,
                      "Actual Rows": 1218,
                      "Actual Loops": 2,
                      "Recheck Cond": "(company_id = 3139)",
                      "Rows Removed by Index Recheck": 0,
                      "Exact Heap Blocks": 1193,
                      "Lossy Heap Blocks": 0,
                      "Plans": [
                        {
                          "Node Type": "Bitmap Index Scan",
                          "Parent Relationship": "Outer",
                          "Parallel Aware": false,
                          "Index Name": "company_id_movie_companies",
                          "Startup Cost": 0.0,
                          "Total Cost": 55.34,
                          "Plan Rows": 2522,
                          "Plan Width": 0,
                          "Actual Startup Time": 1.045,
                          "Actual Total Time": 1.045,
                          "Actual Rows": 2437,
                          "Actual Loops": 1,
                          "Index Cond": "(company_id = 3139)"
                        }
                      ]
                    },
                    {
                      "Node Type": "Index Only Scan",
                      "Parent Relationship": "Inner",
                      "Parallel Aware": false,
                      "Scan Direction": "Forward",
                      "Index Name": "title_pkey",
                      "Relation Name": "title",
                      "Alias": "t",
                      "Startup Cost": 0.43,
                      "Total Cost": 7.82,
                      "Plan Rows": 1,
                      "Plan Width": 4,
                      "Actual Startup Time": 0.006,
                      "Actual Total Time": 0.006,
                      "Actual Rows": 1,
                      "Actual Loops": 2437,
                      "Index Cond": "(id = mc.movie_id)",
                      "Rows Removed by Index Recheck": 0,
                      "Heap Fetches": 2437
                    }
                  ]
                }
              ]
            }
          ]
        }
      ]
    },
    "Planning Time": 0.476,
    "Triggers": [],
    "Execution Time": 18.47
  }
]