[
  {
    "Plan": {
      "Node Type": "Aggregate",
      "Strategy": "Plain",
      "Partial Mode": "Finalize",
      "Parallel Aware": false,
      "Startup Cost": 330826.15,
      "Total Cost": 330826.16,
      "Plan Rows": 1,
      "Plan Width": 8,
      "Actual Startup Time": 499.567,
      "Actual Total Time": 528.484,
      "Actual Rows": 1,
      "Actual Loops": 1,
      "Plans": [
        {
          "Node Type": "Gather",
          "Parent Relationship": "Outer",
          "Parallel Aware": false,
          "Startup Cost": 330825.52,
          "Total Cost": 330826.13,
          "Plan Rows": 6,
          "Plan Width": 8,
          "Actual Startup Time": 499.402,
          "Actual Total Time": 528.475,
          "Actual Rows": 7,
          "Actual Loops": 1,
          "Workers Planned": 6,
          "Workers Launched": 6,
          "Single Copy": false,
          "Plans": [
            {
              "Node Type": "Aggregate",
              "Strategy": "Plain",
              "Partial Mode": "Partial",
              "Parent Relationship": "Outer",
              "Parallel Aware": false,
              "Startup Cost": 329825.52,
              "Total Cost": 329825.53,
              "Plan Rows": 1,
              "Plan Width": 8,
              "Actual Startup Time": 493.902,
              "Actual Total Time": 493.903,
              "Actual Rows": 1,
              "Actual Loops": 7,
              "Plans": [
                {
                  "Node Type": "Index Scan",
                  "Parent Relationship": "Outer",
                  "Parallel Aware": true,
                  "Scan Direction": "Forward",
                  "Index Name": "role_id_cast_info",
                  "Relation Name": "cast_info",
                  "Alias": "ci",
                  "Startup Cost": 0.56,
                  "Total Cost": 325153.08,
                  "Plan Rows": 1868976,
                  "Plan Width": 0,
                  "Actual Startup Time": 0.082,
                  "Actual Total Time": 409.423,
                  "Actual Rows": 1649701,
                  "Actual Loops": 7,
                  "Index Cond": "(role_id > 3)",
                  "Rows Removed by Index Recheck": 0,
                  "Filter": "(person_id > 266393)",
                  "Rows Removed by Filter": 80820
                }
              ]
            }
          ]
        }
      ]
    },
    "Planning Time": 0.236,
    "Triggers": [],
    "Execution Time": 528.561
  }
]