[
    {
        "Bao": {
            "Bao prediction": "NaN",
            "Bao recommended hint": "(no hint)"
        }
    },
    {
        "Plan": {
            "Node Type": "Aggregate",
            "Strategy": "Plain",
            "Partial Mode": "Finalize",
            "Parallel Aware": false,
            "Startup Cost": 32836.78,
            "Total Cost": 32836.79,
            "Plan Rows": 1,
            "Plan Width": 8,
            "Actual Startup Time": 89.076,
            "Actual Total Time": 95.094,
            "Actual Rows": 1,
            "Actual Loops": 1,
            "Output": [
                "count(*)"
            ],
            "Plans": [
                {
                    "Node Type": "Gather",
                    "Parent Relationship": "Outer",
                    "Parallel Aware": false,
                    "Startup Cost": 32836.46,
                    "Total Cost": 32836.77,
                    "Plan Rows": 3,
                    "Plan Width": 8,
                    "Actual Startup Time": 89.001,
                    "Actual Total Time": 95.087,
                    "Actual Rows": 4,
                    "Actual Loops": 1,
                    "Output": [
                        "(PARTIAL count(*))"
                    ],
                    "Workers Planned": 3,
                    "Workers Launched": 3,
                    "Single Copy": false,
                    "Plans": [
                        {
                            "Node Type": "Aggregate",
                            "Strategy": "Plain",
                            "Partial Mode": "Partial",
                            "Parent Relationship": "Outer",
                            "Parallel Aware": false,
                            "Startup Cost": 31836.46,
                            "Total Cost": 31836.47,
                            "Plan Rows": 1,
                            "Plan Width": 8,
                            "Actual Startup Time": 80.974,
                            "Actual Total Time": 80.975,
                            "Actual Rows": 1,
                            "Actual Loops": 4,
                            "Output": [
                                "PARTIAL count(*)"
                            ],
                            "Workers": [
                                {
                                    "Worker Number": 0,
                                    "Actual Startup Time": 78.107,
                                    "Actual Total Time": 78.109,
                                    "Actual Rows": 1,
                                    "Actual Loops": 1
                                },
                                {
                                    "Worker Number": 1,
                                    "Actual Startup Time": 78.421,
                                    "Actual Total Time": 78.422,
                                    "Actual Rows": 1,
                                    "Actual Loops": 1
                                },
                                {
                                    "Worker Number": 2,
                                    "Actual Startup Time": 78.69,
                                    "Actual Total Time": 78.691,
                                    "Actual Rows": 1,
                                    "Actual Loops": 1
                                }
                            ],
                            "Plans": [
                                {
                                    "Node Type": "Seq Scan",
                                    "Parent Relationship": "Outer",
                                    "Parallel Aware": true,
                                    "Relation Name": "movie_companies",
                                    "Schema": "public",
                                    "Alias": "mc",
                                    "Startup Cost": 0.0,
                                    "Total Cost": 31414.82,
                                    "Plan Rows": 168658,
                                    "Plan Width": 0,
                                    "Actual Startup Time": 46.742,
                                    "Actual Total Time": 77.271,
                                    "Actual Rows": 78236,
                                    "Actual Loops": 4,
                                    "Output": [
                                        "id",
                                        "movie_id",
                                        "company_id",
                                        "company_type_id",
                                        "note"
                                    ],
                                    "Filter": "((mc.company_id < 5584) AND (mc.company_type_id = 2))",
                                    "Rows Removed by Filter": 574047,
                                    "Workers": [
                                        {
                                            "Worker Number": 0,
                                            "Actual Startup Time": 43.872,
                                            "Actual Total Time": 74.558,
                                            "Actual Rows": 83796,
                                            "Actual Loops": 1
                                        },
                                        {
                                            "Worker Number": 1,
                                            "Actual Startup Time": 44.188,
                                            "Actual Total Time": 74.932,
                                            "Actual Rows": 83099,
                                            "Actual Loops": 1
                                        },
                                        {
                                            "Worker Number": 2,
                                            "Actual Startup Time": 44.462,
                                            "Actual Total Time": 75.227,
                                            "Actual Rows": 79646,
                                            "Actual Loops": 1
                                        }
                                    ]
                                }
                            ]
                        }
                    ]
                }
            ]
        },
        "Planning Time": 188.882,
        "Triggers": [],
        "Execution Time": 95.148
    }
]