[
  {
    "Plan": {
      "Node Type": "Aggregate",
      "Strategy": "Plain",
      "Partial Mode": "Finalize",
      "Parallel Aware": false,
      "Startup Cost": 84507.84,
      "Total Cost": 84507.85,
      "Plan Rows": 1,
      "Plan Width": 8,
      "Actual Startup Time": 1021.51,
      "Actual Total Time": 1051.979,
      "Actual Rows": 1,
      "Actual Loops": 1,
      "Plans": [
        {
          "Node Type": "Gather",
          "Parent Relationship": "Outer",
          "Parallel Aware": false,
          "Startup Cost": 84507.52,
          "Total Cost": 84507.83,
          "Plan Rows": 3,
          "Plan Width": 8,
          "Actual Startup Time": 1016.32,
          "Actual Total Time": 1051.964,
          "Actual Rows": 4,
          "Actual Loops": 1,
          "Workers Planned": 3,
          "Workers Launched": 3,
          "Single Copy": false,
          "Plans": [
            {
              "Node Type": "Aggregate",
              "Strategy": "Plain",
              "Partial Mode": "Partial",
              "Parent Relationship": "Outer",
              "Parallel Aware": false,
              "Startup Cost": 83507.52,
              "Total Cost": 83507.53,
              "Plan Rows": 1,
              "Plan Width": 8,
              "Actual Startup Time": 1007.721,
              "Actual Total Time": 1007.726,
              "Actual Rows": 1,
              "Actual Loops": 4,
              "Plans": [
                {
                  "Node Type": "Nested Loop",
                  "Parent Relationship": "Outer",
                  "Parallel Aware": false,
                  "Join Type": "Inner",
                  "Startup Cost": 47193.41,
                  "Total Cost": 83463.42,
                  "Plan Rows": 17641,
                  "Plan Width": 0,
                  "Actual Startup Time": 805.77,
                  "Actual Total Time": 1005.179,
                  "Actual Rows": 21016,
                  "Actual Loops": 4,
                  "Inner Unique": false,
                  "Plans": [
                    {
                      "Node Type": "Hash Join",
                      "Parent Relationship": "Outer",
                      "Parallel Aware": true,
                      "Join Type": "Inner",
                      "Startup Cost": 47192.97,
                      "Total Cost": 72777.55,
                      "Plan Rows": 4000,
                      "Plan Width": 8,
                      "Actual Startup Time": 805.566,
                      "Actual Total Time": 839.949,
                      "Actual Rows": 662,
                      "Actual Loops": 4,
                      "Inner Unique": true,
                      "Hash Cond": "(mk.movie_id = t.id)",
                      "Plans": [
                        {
                          "Node Type": "Bitmap Heap Scan",
                          "Parent Relationship": "Outer",
                          "Parallel Aware": true,
                          "Relation Name": "movie_keyword",
                          "Alias": "mk",
                          "Startup Cost": 851.3,
                          "Total Cost": 26401.92,
                          "Plan Rows": 12939,
                          "Plan Width": 4,
                          "Actual Startup Time": 544.272,
                          "Actual Total Time": 566.604,
                          "Actual Rows": 10460,
                          "Actual Loops": 4,
                          "Recheck Cond": "(keyword_id = 117)",
                          "Rows Removed by Index Recheck": 0,
                          "Exact Heap Blocks": 3059,
                          "Lossy Heap Blocks": 0,
                          "Plans": [
                            {
                              "Node Type": "Bitmap Index Scan",
                              "Parent Relationship": "Outer",
                              "Parallel Aware": false,
                              "Index Name": "keyword_id_movie_keyword",
                              "Startup Cost": 0.0,
                              "Total Cost": 841.27,
                              "Plan Rows": 40112,
                              "Plan Width": 0,
                              "Actual Startup Time": 537.489,
                              "Actual Total Time": 537.49,
                              "Actual Rows": 41840,
                              "Actual Loops": 1,
                              "Index Cond": "(keyword_id = 117)"
                            }
                          ]
                        },
                        {
                          "Node Type": "Hash",
                          "Parent Relationship": "Inner",
                          "Parallel Aware": true,
                          "Startup Cost": 43899.32,
                          "Total Cost": 43899.32,
                          "Plan Rows": 195388,
                          "Plan Width": 4,
                          "Actual Startup Time": 255.102,
                          "Actual Total Time": 255.103,
                          "Actual Rows": 196232,
                          "Actual Loops": 4,
                          "Hash Buckets": 1048576,
                          "Original Hash Buckets": 1048576,
                          "Hash Batches": 1,
                          "Original Hash Batches": 1,
                          "Peak Memory Usage": 38944,
                          "Plans": [
                            {
                              "Node Type": "Seq Scan",
                              "Parent Relationship": "Outer",
                              "Parallel Aware": true,
                              "Relation Name": "title",
                              "Alias": "t",
                              "Startup Cost": 0.0,
                              "Total Cost": 43899.32,
                              "Plan Rows": 195388,
                              "Plan Width": 4,
                              "Actual Startup Time": 0.031,
                              "Actual Total Time": 152.017,
                              "Actual Rows": 196232,
                              "Actual Loops": 4,
                              "Filter": "(production_year > 2007)",
                              "Rows Removed by Filter": 435846
                            }
                          ]
                        }
                      ]
                    },
                    {
                      "Node Type": "Index Scan",
                      "Parent Relationship": "Inner",
                      "Parallel Aware": false,
                      "Scan Direction": "Forward",
                      "Index Name": "movie_id_movie_info",
                      "Relation Name": "movie_info",
                      "Alias": "mi",
                      "Startup Cost": 0.43,
                      "Total Cost": 2.36,
                      "Plan Rows": 31,
                      "Plan Width": 4,
                      "Actual Startup Time": 0.174,
                      "Actual Total Time": 0.243,
                      "Actual Rows": 32,
                      "Actual Loops": 2649,
                      "Index Cond": "(movie_id = t.id)",
                      "Rows Removed by Index Recheck": 0,
                      "Filter": "(info_type_id > 3)",
                      "Rows Removed by Filter": 4
                    }
                  ]
                }
              ]
            }
          ]
        }
      ]
    },
    "Planning Time": 1.562,
    "Triggers": [],
    "Execution Time": 1052.1
  }
]