{
  "Plan": {
    "Node Type": "Aggregate",
    "Strategy": "Plain",
    "Partial Mode": "Finalize",
    "Parallel Aware": false,
    "Startup Cost": 310198.89,
    "Total Cost": 310198.9,
    "Plan Rows": 1,
    "Plan Width": 8,
    "Actual Startup Time": 2870.694,
    "Actual Total Time": 2932.884,
    "Actual Rows": 1,
    "Actual Loops": 1,
    "Plans": [
      {
        "Node Type": "Gather",
        "Parent Relationship": "Outer",
        "Parallel Aware": false,
        "Startup Cost": 310198.78,
        "Total Cost": 310198.89,
        "Plan Rows": 1,
        "Plan Width": 8,
        "Actual Startup Time": 2869.806,
        "Actual Total Time": 2932.876,
        "Actual Rows": 2,
        "Actual Loops": 1,
        "Workers Planned": 1,
        "Workers Launched": 1,
        "Single Copy": false,
        "Plans": [
          {
            "Node Type": "Aggregate",
            "Strategy": "Plain",
            "Partial Mode": "Partial",
            "Parent Relationship": "Outer",
            "Parallel Aware": false,
            "Startup Cost": 309198.78,
            "Total Cost": 309198.79,
            "Plan Rows": 1,
            "Plan Width": 8,
            "Actual Startup Time": 2863.361,
            "Actual Total Time": 2863.365,
            "Actual Rows": 1,
            "Actual Loops": 2,
            "Plans": [
              {
                "Node Type": "Nested Loop",
                "Parent Relationship": "Outer",
                "Parallel Aware": false,
                "Join Type": "Inner",
                "Startup Cost": 58774.24,
                "Total Cost": 307477.71,
                "Plan Rows": 688426,
                "Plan Width": 0,
                "Actual Startup Time": 258.116,
                "Actual Total Time": 2746.774,
                "Actual Rows": 2568078,
                "Actual Loops": 2,
                "Inner Unique": false,
                "Join Filter": "(t.id = ci.movie_id)",
                "Rows Removed by Join Filter": 0,
                "Plans": [
                  {
                    "Node Type": "Hash Join",
                    "Parent Relationship": "Outer",
                    "Parallel Aware": true,
                    "Join Type": "Inner",
                    "Startup Cost": 58773.68,
                    "Total Cost": 101250.86,
                    "Plan Rows": 48044,
                    "Plan Width": 8,
                    "Actual Startup Time": 258.041,
                    "Actual Total Time": 411.362,
                    "Actual Rows": 81260,
                    "Actual Loops": 2,
                    "Inner Unique": true,
                    "Hash Cond": "(mc.movie_id = t.id)",
                    "Plans": [
                      {
                        "Node Type": "Index Scan",
                        "Parent Relationship": "Outer",
                        "Parallel Aware": true,
                        "Scan Direction": "Forward",
                        "Index Name": "company_type_id_movie_companies",
                        "Relation Name": "movie_companies",
                        "Alias": "mc",
                        "Startup Cost": 0.43,
                        "Total Cost": 41574.35,
                        "Plan Rows": 344098,
                        "Plan Width": 4,
                        "Actual Startup Time": 28.266,
                        "Actual Total Time": 109.589,
                        "Actual Rows": 155700,
                        "Actual Loops": 2,
                        "Index Cond": "(company_type_id = 1)",
                        "Rows Removed by Index Recheck": 0,
                        "Filter": "(company_id > 12476)",
                        "Rows Removed by Filter": 481423
                      },
                      {
                        "Node Type": "Hash",
                        "Parent Relationship": "Inner",
                        "Parallel Aware": true,
                        "Startup Cost": 56177.6,
                        "Total Cost": 56177.6,
                        "Plan Rows": 207652,
                        "Plan Width": 4,
                        "Actual Startup Time": 223.928,
                        "Actual Total Time": 223.93,
                        "Actual Rows": 223762,
                        "Actual Loops": 2,
                        "Hash Buckets": 524288,
                        "Original Hash Buckets": 524288,
                        "Hash Batches": 1,
                        "Original Hash Batches": 1,
                        "Peak Memory Usage": 21632,
                        "Plans": [
                          {
                            "Node Type": "Bitmap Heap Scan",
                            "Parent Relationship": "Outer",
                            "Parallel Aware": true,
                            "Relation Name": "title",
                            "Alias": "t",
                            "Startup Cost": 13527.21,
                            "Total Cost": 56177.6,
                            "Plan Rows": 207652,
                            "Plan Width": 4,
                            "Actual Startup Time": 47.993,
                            "Actual Total Time": 160.69,
                            "Actual Rows": 223762,
                            "Actual Loops": 2,
                            "Recheck Cond": "(kind_id < 3)",
                            "Rows Removed by Index Recheck": 0,
                            "Filter": "(production_year < 2003)",
                            "Rows Removed by Filter": 153076,
                            "Exact Heap Blocks": 25970,
                            "Lossy Heap Blocks": 0,
                            "Plans": [
                              {
                                "Node Type": "Bitmap Index Scan",
                                "Parent Relationship": "Outer",
                                "Parallel Aware": false,
                                "Index Name": "kind_id_title",
                                "Startup Cost": 0.0,
                                "Total Cost": 13438.96,
                                "Plan Rows": 753937,
                                "Plan Width": 0,
                                "Actual Startup Time": 42.483,
                                "Actual Total Time": 42.484,
                                "Actual Rows": 753677,
                                "Actual Loops": 1,
                                "Index Cond": "(kind_id < 3)"
                              }
                            ]
                          }
                        ]
                      }
                    ]
                  },
                  {
                    "Node Type": "Index Only Scan",
                    "Parent Relationship": "Inner",
                    "Parallel Aware": false,
                    "Scan Direction": "Forward",
                    "Index Name": "movie_id_cast_info",
                    "Relation Name": "cast_info",
                    "Alias": "ci",
                    "Startup Cost": 0.56,
                    "Total Cost": 3.83,
                    "Plan Rows": 37,
                    "Plan Width": 4,
                    "Actual Startup Time": 0.004,
                    "Actual Total Time": 0.026,
                    "Actual Rows": 32,
                    "Actual Loops": 162520,
                    "Index Cond": "(movie_id = mc.movie_id)",
                    "Rows Removed by Index Recheck": 0,
                    "Heap Fetches": 5136156
                  }
                ]
              }
            ]
          }
        ]
      }
    ]
  },
  "Planning Time": 1.03,
  "Triggers": [],
  "Execution Time": 2933.011
}