[
  {
    "Plan": {
      "Node Type": "Aggregate",
      "Strategy": "Plain",
      "Partial Mode": "Finalize",
      "Parallel Aware": false,
      "Startup Cost": 337522.58,
      "Total Cost": 337522.59,
      "Plan Rows": 1,
      "Plan Width": 8,
      "Actual Startup Time": 737.508,
      "Actual Total Time": 766.556,
      "Actual Rows": 1,
      "Actual Loops": 1,
      "Plans": [
        {
          "Node Type": "Gather",
          "Parent Relationship": "Outer",
          "Parallel Aware": false,
          "Startup Cost": 337521.96,
          "Total Cost": 337522.57,
          "Plan Rows": 6,
          "Plan Width": 8,
          "Actual Startup Time": 737.414,
          "Actual Total Time": 766.549,
          "Actual Rows": 7,
          "Actual Loops": 1,
          "Workers Planned": 6,
          "Workers Launched": 6,
          "Single Copy": false,
          "Plans": [
            {
              "Node Type": "Aggregate",
              "Strategy": "Plain",
              "Partial Mode": "Partial",
              "Parent Relationship": "Outer",
              "Parallel Aware": false,
              "Startup Cost": 336521.96,
              "Total Cost": 336521.97,
              "Plan Rows": 1,
              "Plan Width": 8,
              "Actual Startup Time": 728.685,
              "Actual Total Time": 728.686,
              "Actual Rows": 1,
              "Actual Loops": 7,
              "Plans": [
                {
                  "Node Type": "Seq Scan",
                  "Parent Relationship": "Outer",
                  "Parallel Aware": true,
                  "Relation Name": "cast_info",
                  "Alias": "ci",
                  "Startup Cost": 0.0,
                  "Total Cost": 328213.62,
                  "Plan Rows": 3323337,
                  "Plan Width": 0,
                  "Actual Startup Time": 169.355,
                  "Actual Total Time": 588.878,
                  "Actual Rows": 2857732,
                  "Actual Loops": 7,
                  "Filter": "(person_id > 1607390)",
                  "Rows Removed by Filter": 2320032
                }
              ]
            }
          ]
        }
      ]
    },
    "Planning Time": 0.062,
    "Triggers": [],
    "Execution Time": 766.582
  }
]