[
  {
    "Plan": {
      "Node Type": "Aggregate",
      "Strategy": "Plain",
      "Partial Mode": "Finalize",
      "Parallel Aware": false,
      "Startup Cost": 44572.41,
      "Total Cost": 44572.42,
      "Plan Rows": 1,
      "Plan Width": 8,
      "Actual Startup Time": 126.819,
      "Actual Total Time": 136.04,
      "Actual Rows": 1,
      "Actual Loops": 1,
      "Plans": [
        {
          "Node Type": "Gather",
          "Parent Relationship": "Outer",
          "Parallel Aware": false,
          "Startup Cost": 44572.09,
          "Total Cost": 44572.4,
          "Plan Rows": 3,
          "Plan Width": 8,
          "Actual Startup Time": 126.701,
          "Actual Total Time": 136.032,
          "Actual Rows": 4,
          "Actual Loops": 1,
          "Workers Planned": 3,
          "Workers Launched": 3,
          "Single Copy": false,
          "Plans": [
            {
              "Node Type": "Aggregate",
              "Strategy": "Plain",
              "Partial Mode": "Partial",
              "Parent Relationship": "Outer",
              "Parallel Aware": false,
              "Startup Cost": 43572.09,
              "Total Cost": 43572.1,
              "Plan Rows": 1,
              "Plan Width": 8,
              "Actual Startup Time": 118.989,
              "Actual Total Time": 118.99,
              "Actual Rows": 1,
              "Actual Loops": 4,
              "Plans": [
                {
                  "Node Type": "Seq Scan",
                  "Parent Relationship": "Outer",
                  "Parallel Aware": true,
                  "Relation Name": "movie_keyword",
                  "Alias": "mk",
                  "Startup Cost": 0.0,
                  "Total Cost": 42695.65,
                  "Plan Rows": 350576,
                  "Plan Width": 0,
                  "Actual Startup Time": 0.053,
                  "Actual Total Time": 105.244,
                  "Actual Rows": 275672,
                  "Actual Loops": 4,
                  "Filter": "(keyword_id < 1135)",
                  "Rows Removed by Filter": 855311
                }
              ]
            }
          ]
        }
      ]
    },
    "Planning Time": 0.183,
    "Triggers": [],
    "Execution Time": 136.091
  }
]