[
  {
    "Plan": {
      "Node Type": "Aggregate",
      "Strategy": "Plain",
      "Partial Mode": "Finalize",
      "Parallel Aware": false,
      "Startup Cost": 243221.85,
      "Total Cost": 243221.86,
      "Plan Rows": 1,
      "Plan Width": 8,
      "Actual Startup Time": 186.429,
      "Actual Total Time": 218.041,
      "Actual Rows": 1,
      "Actual Loops": 1,
      "Plans": [
        {
          "Node Type": "Gather",
          "Parent Relationship": "Outer",
          "Parallel Aware": false,
          "Startup Cost": 243221.43,
          "Total Cost": 243221.84,
          "Plan Rows": 4,
          "Plan Width": 8,
          "Actual Startup Time": 186.258,
          "Actual Total Time": 218.029,
          "Actual Rows": 5,
          "Actual Loops": 1,
          "Workers Planned": 4,
          "Workers Launched": 4,
          "Single Copy": false,
          "Plans": [
            {
              "Node Type": "Aggregate",
              "Strategy": "Plain",
              "Partial Mode": "Partial",
              "Parent Relationship": "Outer",
              "Parallel Aware": false,
              "Startup Cost": 242221.43,
              "Total Cost": 242221.44,
              "Plan Rows": 1,
              "Plan Width": 8,
              "Actual Startup Time": 176.311,
              "Actual Total Time": 176.313,
              "Actual Rows": 1,
              "Actual Loops": 5,
              "Plans": [
                {
                  "Node Type": "Nested Loop",
                  "Parent Relationship": "Outer",
                  "Parallel Aware": false,
                  "Join Type": "Inner",
                  "Startup Cost": 0.43,
                  "Total Cost": 242152.22,
                  "Plan Rows": 27686,
                  "Plan Width": 0,
                  "Actual Startup Time": 53.468,
                  "Actual Total Time": 174.396,
                  "Actual Rows": 33503,
                  "Actual Loops": 5,
                  "Inner Unique": false,
                  "Plans": [
                    {
                      "Node Type": "Seq Scan",
                      "Parent Relationship": "Outer",
                      "Parallel Aware": true,
                      "Relation Name": "title",
                      "Alias": "t",
                      "Startup Cost": 0.0,
                      "Total Cost": 45479.59,
                      "Plan Rows": 7894,
                      "Plan Width": 4,
                      "Actual Startup Time": 53.331,
                      "Actual Total Time": 80.657,
                      "Actual Rows": 3554,
                      "Actual Loops": 5,
                      "Filter": "((kind_id = 1) AND (production_year = 2007))",
                      "Rows Removed by Filter": 502108
                    },
                    {
                      "Node Type": "Index Scan",
                      "Parent Relationship": "Inner",
                      "Parallel Aware": false,
                      "Scan Direction": "Forward",
                      "Index Name": "movie_id_movie_info",
                      "Relation Name": "movie_info",
                      "Alias": "mi",
                      "Startup Cost": 0.43,
                      "Total Cost": 24.66,
                      "Plan Rows": 25,
                      "Plan Width": 4,
                      "Actual Startup Time": 0.011,
                      "Actual Total Time": 0.025,
                      "Actual Rows": 9,
                      "Actual Loops": 17772,
                      "Index Cond": "(movie_id = t.id)",
                      "Rows Removed by Index Recheck": 0,
                      "Filter": "(info_type_id > 6)",
                      "Rows Removed by Filter": 6
                    }
                  ]
                }
              ]
            }
          ]
        }
      ]
    },
    "Planning Time": 0.295,
    "Triggers": [],
    "Execution Time": 218.088
  }
]