[
  {
    "Plan": {
      "Node Type": "Aggregate",
      "Strategy": "Plain",
      "Partial Mode": "Finalize",
      "Parallel Aware": false,
      "Startup Cost": 387767.53,
      "Total Cost": 387767.54,
      "Plan Rows": 1,
      "Plan Width": 8,
      "Actual Startup Time": 1446.096,
      "Actual Total Time": 1496.441,
      "Actual Rows": 1,
      "Actual Loops": 1,
      "Plans": [
        {
          "Node Type": "Gather",
          "Parent Relationship": "Outer",
          "Parallel Aware": false,
          "Startup Cost": 387766.91,
          "Total Cost": 387767.52,
          "Plan Rows": 6,
          "Plan Width": 8,
          "Actual Startup Time": 1441.277,
          "Actual Total Time": 1496.427,
          "Actual Rows": 7,
          "Actual Loops": 1,
          "Workers Planned": 6,
          "Workers Launched": 6,
          "Single Copy": false,
          "Plans": [
            {
              "Node Type": "Aggregate",
              "Strategy": "Plain",
              "Partial Mode": "Partial",
              "Parent Relationship": "Outer",
              "Parallel Aware": false,
              "Startup Cost": 386766.91,
              "Total Cost": 386766.92,
              "Plan Rows": 1,
              "Plan Width": 8,
              "Actual Startup Time": 1432.597,
              "Actual Total Time": 1432.601,
              "Actual Rows": 1,
              "Actual Loops": 7,
              "Plans": [
                {
                  "Node Type": "Hash Join",
                  "Parent Relationship": "Outer",
                  "Parallel Aware": true,
                  "Join Type": "Inner",
                  "Startup Cost": 48041.3,
                  "Total Cost": 384286.33,
                  "Plan Rows": 992232,
                  "Plan Width": 0,
                  "Actual Startup Time": 323.13,
                  "Actual Total Time": 1400.222,
                  "Actual Rows": 634859,
                  "Actual Loops": 7,
                  "Inner Unique": true,
                  "Hash Cond": "(ci.movie_id = t.id)",
                  "Plans": [
                    {
                      "Node Type": "Seq Scan",
                      "Parent Relationship": "Outer",
                      "Parallel Aware": true,
                      "Relation Name": "cast_info",
                      "Alias": "ci",
                      "Startup Cost": 0.0,
                      "Total Cost": 328211.39,
                      "Plan Rows": 3060429,
                      "Plan Width": 4,
                      "Actual Startup Time": 196.77,
                      "Actual Total Time": 629.693,
                      "Actual Rows": 2599991,
                      "Actual Loops": 7,
                      "Filter": "(person_id > 1790950)",
                      "Rows Removed by Filter": 2577773
                    },
                    {
                      "Node Type": "Hash",
                      "Parent Relationship": "Inner",
                      "Parallel Aware": true,
                      "Startup Cost": 45479.59,
                      "Total Cost": 45479.59,
                      "Plan Rows": 204937,
                      "Plan Width": 4,
                      "Actual Startup Time": 124.294,
                      "Actual Total Time": 124.295,
                      "Actual Rows": 105537,
                      "Actual Loops": 7,
                      "Hash Buckets": 1048576,
                      "Original Hash Buckets": 1048576,
                      "Hash Batches": 1,
                      "Original Hash Batches": 1,
                      "Peak Memory Usage": 37184,
                      "Plans": [
                        {
                          "Node Type": "Seq Scan",
                          "Parent Relationship": "Outer",
                          "Parallel Aware": true,
                          "Relation Name": "title",
                          "Alias": "t",
                          "Startup Cost": 0.0,
                          "Total Cost": 45479.59,
                          "Plan Rows": 204937,
                          "Plan Width": 4,
                          "Actual Startup Time": 0.045,
                          "Actual Total Time": 79.571,
                          "Actual Rows": 105537,
                          "Actual Loops": 7,
                          "Filter": "((production_year < 2005) AND (kind_id = 7))",
                          "Rows Removed by Filter": 255650
                        }
                      ]
                    }
                  ]
                }
              ]
            }
          ]
        }
      ]
    },
    "Planning Time": 0.203,
    "Triggers": [],
    "Execution Time": 1496.481
  }
]