[
  {
    "Plan": {
      "Node Type": "Aggregate",
      "Strategy": "Plain",
      "Partial Mode": "Finalize",
      "Parallel Aware": false,
      "Startup Cost": 79395.85,
      "Total Cost": 79395.86,
      "Plan Rows": 1,
      "Plan Width": 8,
      "Actual Startup Time": 175.84,
      "Actual Total Time": 189.734,
      "Actual Rows": 1,
      "Actual Loops": 1,
      "Plans": [
        {
          "Node Type": "Gather",
          "Parent Relationship": "Outer",
          "Parallel Aware": false,
          "Startup Cost": 79395.53,
          "Total Cost": 79395.84,
          "Plan Rows": 3,
          "Plan Width": 8,
          "Actual Startup Time": 175.421,
          "Actual Total Time": 189.717,
          "Actual Rows": 4,
          "Actual Loops": 1,
          "Workers Planned": 3,
          "Workers Launched": 3,
          "Single Copy": false,
          "Plans": [
            {
              "Node Type": "Aggregate",
              "Strategy": "Plain",
              "Partial Mode": "Partial",
              "Parent Relationship": "Outer",
              "Parallel Aware": false,
              "Startup Cost": 78395.53,
              "Total Cost": 78395.54,
              "Plan Rows": 1,
              "Plan Width": 8,
              "Actual Startup Time": 166.096,
              "Actual Total Time": 166.1,
              "Actual Rows": 1,
              "Actual Loops": 4,
              "Plans": [
                {
                  "Node Type": "Nested Loop",
                  "Parent Relationship": "Outer",
                  "Parallel Aware": false,
                  "Join Type": "Inner",
                  "Startup Cost": 51174.05,
                  "Total Cost": 78392.13,
                  "Plan Rows": 1359,
                  "Plan Width": 0,
                  "Actual Startup Time": 112.744,
                  "Actual Total Time": 165.56,
                  "Actual Rows": 10361,
                  "Actual Loops": 4,
                  "Inner Unique": false,
                  "Join Filter": "(t.id = mk.movie_id)",
                  "Rows Removed by Join Filter": 0,
                  "Plans": [
                    {
                      "Node Type": "Hash Join",
                      "Parent Relationship": "Outer",
                      "Parallel Aware": true,
                      "Join Type": "Inner",
                      "Startup Cost": 51173.62,
                      "Total Cost": 71647.65,
                      "Plan Rows": 2574,
                      "Plan Width": 8,
                      "Actual Startup Time": 112.625,
                      "Actual Total Time": 141.256,
                      "Actual Rows": 3214,
                      "Actual Loops": 4,
                      "Inner Unique": true,
                      "Hash Cond": "(mc.movie_id = t.id)",
                      "Plans": [
                        {
                          "Node Type": "Bitmap Heap Scan",
                          "Parent Relationship": "Outer",
                          "Parallel Aware": true,
                          "Relation Name": "movie_companies",
                          "Alias": "mc",
                          "Startup Cost": 6886.24,
                          "Total Cost": 27222.85,
                          "Plan Rows": 52351,
                          "Plan Width": 4,
                          "Actual Startup Time": 13.721,
                          "Actual Total Time": 29.469,
                          "Actual Rows": 79627,
                          "Actual Loops": 4,
                          "Recheck Cond": "(company_id > 91652)",
                          "Rows Removed by Index Recheck": 0,
                          "Filter": "(company_type_id = 2)",
                          "Rows Removed by Filter": 0,
                          "Exact Heap Blocks": 1641,
                          "Lossy Heap Blocks": 0,
                          "Plans": [
                            {
                              "Node Type": "Bitmap Index Scan",
                              "Parent Relationship": "Outer",
                              "Parallel Aware": false,
                              "Index Name": "company_id_movie_companies",
                              "Startup Cost": 0.0,
                              "Total Cost": 6845.67,
                              "Plan Rows": 319632,
                              "Plan Width": 0,
                              "Actual Startup Time": 12.959,
                              "Actual Total Time": 12.96,
                              "Actual Rows": 318508,
                              "Actual Loops": 1,
                              "Index Cond": "(company_id > 91652)"
                            }
                          ]
                        },
                        {
                          "Node Type": "Hash",
                          "Parent Relationship": "Inner",
                          "Parallel Aware": true,
                          "Startup Cost": 43898.92,
                          "Total Cost": 43898.92,
                          "Plan Rows": 31077,
                          "Plan Width": 4,
                          "Actual Startup Time": 97.103,
                          "Actual Total Time": 97.103,
                          "Actual Rows": 29891,
                          "Actual Loops": 4,
                          "Hash Buckets": 131072,
                          "Original Hash Buckets": 131072,
                          "Hash Batches": 1,
                          "Original Hash Batches": 1,
                          "Peak Memory Usage": 5792,
                          "Plans": [
                            {
                              "Node Type": "Seq Scan",
                              "Parent Relationship": "Outer",
                              "Parallel Aware": true,
                              "Relation Name": "title",
                              "Alias": "t",
                              "Startup Cost": 0.0,
                              "Total Cost": 43898.92,
                              "Plan Rows": 31077,
                              "Plan Width": 4,
                              "Actual Startup Time": 0.049,
                              "Actual Total Time": 87.406,
                              "Actual Rows": 29891,
                              "Actual Loops": 4,
                              "Filter": "(production_year = 2007)",
                              "Rows Removed by Filter": 602187
                            }
                          ]
                        }
                      ]
                    },
                    {
                      "Node Type": "Index Scan",
                      "Parent Relationship": "Inner",
                      "Parallel Aware": false,
                      "Scan Direction": "Forward",
                      "Index Name": "movie_id_movie_keyword",
                      "Relation Name": "movie_keyword",
                      "Alias": "mk",
                      "Startup Cost": 0.43,
                      "Total Cost": 2.46,
                      "Plan Rows": 13,
                      "Plan Width": 4,
                      "Actual Startup Time": 0.006,
                      "Actual Total Time": 0.007,
                      "Actual Rows": 3,
                      "Actual Loops": 12856,
                      "Index Cond": "(movie_id = mc.movie_id)",
                      "Rows Removed by Index Recheck": 0,
                      "Filter": "(keyword_id < 1760)",
                      "Rows Removed by Filter": 8
                    }
                  ]
                }
              ]
            }
          ]
        }
      ]
    },
    "Planning Time": 1.478,
    "Triggers": [],
    "Execution Time": 189.858
  }
]