[
  {
    "Plan": {
      "Node Type": "Aggregate",
      "Strategy": "Plain",
      "Partial Mode": "Finalize",
      "Parallel Aware": false,
      "Startup Cost": 52115.93,
      "Total Cost": 52115.94,
      "Plan Rows": 1,
      "Plan Width": 8,
      "Actual Startup Time": 2359.461,
      "Actual Total Time": 2375.032,
      "Actual Rows": 1,
      "Actual Loops": 1,
      "Plans": [
        {
          "Node Type": "Gather",
          "Parent Relationship": "Outer",
          "Parallel Aware": false,
          "Startup Cost": 52115.51,
          "Total Cost": 52115.92,
          "Plan Rows": 4,
          "Plan Width": 8,
          "Actual Startup Time": 2344.938,
          "Actual Total Time": 2375.009,
          "Actual Rows": 5,
          "Actual Loops": 1,
          "Workers Planned": 4,
          "Workers Launched": 4,
          "Single Copy": false,
          "Plans": [
            {
              "Node Type": "Aggregate",
              "Strategy": "Plain",
              "Partial Mode": "Partial",
              "Parent Relationship": "Outer",
              "Parallel Aware": false,
              "Startup Cost": 51115.51,
              "Total Cost": 51115.52,
              "Plan Rows": 1,
              "Plan Width": 8,
              "Actual Startup Time": 2343.799,
              "Actual Total Time": 2343.803,
              "Actual Rows": 1,
              "Actual Loops": 5,
              "Plans": [
                {
                  "Node Type": "Nested Loop",
                  "Parent Relationship": "Outer",
                  "Parallel Aware": false,
                  "Join Type": "Inner",
                  "Startup Cost": 0.43,
                  "Total Cost": 51112.81,
                  "Plan Rows": 1080,
                  "Plan Width": 0,
                  "Actual Startup Time": 6.277,
                  "Actual Total Time": 2342.625,
                  "Actual Rows": 4106,
                  "Actual Loops": 5,
                  "Inner Unique": false,
                  "Plans": [
                    {
                      "Node Type": "Seq Scan",
                      "Parent Relationship": "Outer",
                      "Parallel Aware": true,
                      "Relation Name": "title",
                      "Alias": "t",
                      "Startup Cost": 0.0,
                      "Total Cost": 45479.59,
                      "Plan Rows": 604,
                      "Plan Width": 4,
                      "Actual Startup Time": 2.92,
                      "Actual Total Time": 171.471,
                      "Actual Rows": 634,
                      "Actual Loops": 5,
                      "Filter": "((kind_id < 4) AND (production_year = 1953))",
                      "Rows Removed by Filter": 505028
                    },
                    {
                      "Node Type": "Index Only Scan",
                      "Parent Relationship": "Inner",
                      "Parallel Aware": false,
                      "Scan Direction": "Forward",
                      "Index Name": "movie_id_movie_keyword",
                      "Relation Name": "movie_keyword",
                      "Alias": "mk",
                      "Startup Cost": 0.43,
                      "Total Cost": 8.87,
                      "Plan Rows": 46,
                      "Plan Width": 4,
                      "Actual Startup Time": 3.411,
                      "Actual Total Time": 3.416,
                      "Actual Rows": 6,
                      "Actual Loops": 3172,
                      "Index Cond": "(movie_id = t.id)",
                      "Rows Removed by Index Recheck": 0,
                      "Heap Fetches": 20528
                    }
                  ]
                }
              ]
            }
          ]
        }
      ]
    },
    "Planning Time": 0.307,
    "Triggers": [],
    "Execution Time": 2375.087
  }
]