[
  {
    "Plan": {
      "Node Type": "Aggregate",
      "Strategy": "Plain",
      "Partial Mode": "Finalize",
      "Parallel Aware": false,
      "Startup Cost": 341687.66,
      "Total Cost": 341687.67,
      "Plan Rows": 1,
      "Plan Width": 8,
      "Actual Startup Time": 800.481,
      "Actual Total Time": 855.692,
      "Actual Rows": 1,
      "Actual Loops": 1,
      "Plans": [
        {
          "Node Type": "Gather",
          "Parent Relationship": "Outer",
          "Parallel Aware": false,
          "Startup Cost": 341687.03,
          "Total Cost": 341687.64,
          "Plan Rows": 6,
          "Plan Width": 8,
          "Actual Startup Time": 800.328,
          "Actual Total Time": 855.68,
          "Actual Rows": 7,
          "Actual Loops": 1,
          "Workers Planned": 6,
          "Workers Launched": 6,
          "Single Copy": false,
          "Plans": [
            {
              "Node Type": "Aggregate",
              "Strategy": "Plain",
              "Partial Mode": "Partial",
              "Parent Relationship": "Outer",
              "Parallel Aware": false,
              "Startup Cost": 340687.03,
              "Total Cost": 340687.04,
              "Plan Rows": 1,
              "Plan Width": 8,
              "Actual Startup Time": 792.783,
              "Actual Total Time": 792.784,
              "Actual Rows": 1,
              "Actual Loops": 7,
              "Plans": [
                {
                  "Node Type": "Seq Scan",
                  "Parent Relationship": "Outer",
                  "Parallel Aware": true,
                  "Relation Name": "cast_info",
                  "Alias": "ci",
                  "Startup Cost": 0.0,
                  "Total Cost": 328162.03,
                  "Plan Rows": 5010003,
                  "Plan Width": 0,
                  "Actual Startup Time": 0.044,
                  "Actual Total Time": 612.731,
                  "Actual Rows": 4320025,
                  "Actual Loops": 7,
                  "Filter": "(person_id < 3046664)",
                  "Rows Removed by Filter": 857738
                }
              ]
            }
          ]
        }
      ]
    },
    "Planning Time": 0.232,
    "Triggers": [],
    "Execution Time": 855.788
  }
]