[
  {
    "Plan": {
      "Node Type": "Aggregate",
      "Strategy": "Plain",
      "Partial Mode": "Finalize",
      "Parallel Aware": false,
      "Startup Cost": 81260.93,
      "Total Cost": 81260.94,
      "Plan Rows": 1,
      "Plan Width": 8,
      "Actual Startup Time": 270.317,
      "Actual Total Time": 286.554,
      "Actual Rows": 1,
      "Actual Loops": 1,
      "Plans": [
        {
          "Node Type": "Gather",
          "Parent Relationship": "Outer",
          "Parallel Aware": false,
          "Startup Cost": 81260.51,
          "Total Cost": 81260.92,
          "Plan Rows": 4,
          "Plan Width": 8,
          "Actual Startup Time": 265.796,
          "Actual Total Time": 286.545,
          "Actual Rows": 5,
          "Actual Loops": 1,
          "Workers Planned": 4,
          "Workers Launched": 4,
          "Single Copy": false,
          "Plans": [
            {
              "Node Type": "Aggregate",
              "Strategy": "Plain",
              "Partial Mode": "Partial",
              "Parent Relationship": "Outer",
              "Parallel Aware": false,
              "Startup Cost": 80260.51,
              "Total Cost": 80260.52,
              "Plan Rows": 1,
              "Plan Width": 8,
              "Actual Startup Time": 256.043,
              "Actual Total Time": 256.049,
              "Actual Rows": 1,
              "Actual Loops": 5,
              "Plans": [
                {
                  "Node Type": "Hash Join",
                  "Parent Relationship": "Outer",
                  "Parallel Aware": true,
                  "Join Type": "Inner",
                  "Startup Cost": 33903.48,
                  "Total Cost": 80026.03,
                  "Plan Rows": 93792,
                  "Plan Width": 0,
                  "Actual Startup Time": 112.147,
                  "Actual Total Time": 254.051,
                  "Actual Rows": 40287,
                  "Actual Loops": 5,
                  "Inner Unique": false,
                  "Hash Cond": "(t.id = mc.movie_id)",
                  "Plans": [
                    {
                      "Node Type": "Seq Scan",
                      "Parent Relationship": "Outer",
                      "Parallel Aware": true,
                      "Relation Name": "title",
                      "Alias": "t",
                      "Startup Cost": 0.0,
                      "Total Cost": 43898.92,
                      "Plan Rows": 384216,
                      "Plan Width": 4,
                      "Actual Startup Time": 0.012,
                      "Actual Total Time": 75.932,
                      "Actual Rows": 308653,
                      "Actual Loops": 5,
                      "Filter": "(kind_id = 7)",
                      "Rows Removed by Filter": 197010
                    },
                    {
                      "Node Type": "Hash",
                      "Parent Relationship": "Inner",
                      "Parallel Aware": true,
                      "Startup Cost": 31414.82,
                      "Total Cost": 31414.82,
                      "Plan Rows": 199093,
                      "Plan Width": 4,
                      "Actual Startup Time": 107.879,
                      "Actual Total Time": 107.88,
                      "Actual Rows": 79859,
                      "Actual Loops": 5,
                      "Hash Buckets": 1048576,
                      "Original Hash Buckets": 1048576,
                      "Hash Batches": 1,
                      "Original Hash Batches": 1,
                      "Peak Memory Usage": 23904,
                      "Plans": [
                        {
                          "Node Type": "Seq Scan",
                          "Parent Relationship": "Outer",
                          "Parallel Aware": true,
                          "Relation Name": "movie_companies",
                          "Alias": "mc",
                          "Startup Cost": 0.0,
                          "Total Cost": 31414.82,
                          "Plan Rows": 199093,
                          "Plan Width": 4,
                          "Actual Startup Time": 47.107,
                          "Actual Total Time": 76.116,
                          "Actual Rows": 79859,
                          "Actual Loops": 5,
                          "Filter": "((company_id < 11137) AND (company_type_id > 1))",
                          "Rows Removed by Filter": 441967
                        }
                      ]
                    }
                  ]
                }
              ]
            }
          ]
        }
      ]
    },
    "Planning Time": 0.627,
    "Triggers": [],
    "Execution Time": 286.622
  }
]