{
  "Plan": {
    "Node Type": "Aggregate",
    "Strategy": "Plain",
    "Partial Mode": "Finalize",
    "Parallel Aware": false,
    "Startup Cost": 145289.09,
    "Total Cost": 145289.1,
    "Plan Rows": 1,
    "Plan Width": 8,
    "Actual Startup Time": 1006.577,
    "Actual Total Time": 1026.933,
    "Actual Rows": 1,
    "Actual Loops": 1,
    "Plans": [
      {
        "Node Type": "Gather",
        "Parent Relationship": "Outer",
        "Parallel Aware": false,
        "Startup Cost": 145288.98,
        "Total Cost": 145289.09,
        "Plan Rows": 1,
        "Plan Width": 8,
        "Actual Startup Time": 1001.082,
        "Actual Total Time": 1026.924,
        "Actual Rows": 2,
        "Actual Loops": 1,
        "Workers Planned": 1,
        "Workers Launched": 1,
        "Single Copy": false,
        "Plans": [
          {
            "Node Type": "Aggregate",
            "Strategy": "Plain",
            "Partial Mode": "Partial",
            "Parent Relationship": "Outer",
            "Parallel Aware": false,
            "Startup Cost": 144288.98,
            "Total Cost": 144288.99,
            "Plan Rows": 1,
            "Plan Width": 8,
            "Actual Startup Time": 987.082,
            "Actual Total Time": 987.089,
            "Actual Rows": 1,
            "Actual Loops": 2,
            "Plans": [
              {
                "Node Type": "Hash Join",
                "Parent Relationship": "Outer",
                "Parallel Aware": true,
                "Join Type": "Inner",
                "Startup Cost": 102780.78,
                "Total Cost": 144106.69,
                "Plan Rows": 72914,
                "Plan Width": 0,
                "Actual Startup Time": 844.945,
                "Actual Total Time": 975.085,
                "Actual Rows": 236130,
                "Actual Loops": 2,
                "Inner Unique": false,
                "Hash Cond": "(mc.movie_id = t.id)",
                "Plans": [
                  {
                    "Node Type": "Seq Scan",
                    "Parent Relationship": "Outer",
                    "Parallel Aware": true,
                    "Relation Name": "movie_companies",
                    "Alias": "mc",
                    "Startup Cost": 0.0,
                    "Total Cost": 37974.77,
                    "Plan Rows": 779260,
                    "Plan Width": 4,
                    "Actual Startup Time": 52.08,
                    "Actual Total Time": 127.304,
                    "Actual Rows": 667442,
                    "Actual Loops": 2,
                    "Filter": "(company_type_id = 2)",
                    "Rows Removed by Filter": 637123
                  },
                  {
                    "Node Type": "Hash",
                    "Parent Relationship": "Inner",
                    "Parallel Aware": true,
                    "Startup Cost": 101041.31,
                    "Total Cost": 101041.31,
                    "Plan Rows": 139158,
                    "Plan Width": 8,
                    "Actual Startup Time": 741.132,
                    "Actual Total Time": 741.137,
                    "Actual Rows": 113469,
                    "Actual Loops": 2,
                    "Hash Buckets": 262144,
                    "Original Hash Buckets": 262144,
                    "Hash Batches": 1,
                    "Original Hash Batches": 1,
                    "Peak Memory Usage": 10976,
                    "Plans": [
                      {
                        "Node Type": "Hash Join",
                        "Parent Relationship": "Outer",
                        "Parallel Aware": true,
                        "Join Type": "Inner",
                        "Startup Cost": 74482.54,
                        "Total Cost": 101041.31,
                        "Plan Rows": 139158,
                        "Plan Width": 8,
                        "Actual Startup Time": 618.799,
                        "Actual Total Time": 712.216,
                        "Actual Rows": 113469,
                        "Actual Loops": 2,
                        "Inner Unique": true,
                        "Hash Cond": "(mk.movie_id = t.id)",
                        "Plans": [
                          {
                            "Node Type": "Bitmap Heap Scan",
                            "Parent Relationship": "Outer",
                            "Parallel Aware": true,
                            "Relation Name": "movie_keyword",
                            "Alias": "mk",
                            "Startup Cost": 5021.84,
                            "Total Cost": 31215.32,
                            "Plan Rows": 139158,
                            "Plan Width": 4,
                            "Actual Startup Time": 24.867,
                            "Actual Total Time": 75.855,
                            "Actual Rows": 113469,
                            "Actual Loops": 2,
                            "Recheck Cond": "(keyword_id > 63855)",
                            "Rows Removed by Index Recheck": 0,
                            "Exact Heap Blocks": 13048,
                            "Lossy Heap Blocks": 0,
                            "Plans": [
                              {
                                "Node Type": "Bitmap Index Scan",
                                "Parent Relationship": "Outer",
                                "Parallel Aware": false,
                                "Index Name": "keyword_id_movie_keyword",
                                "Startup Cost": 0.0,
                                "Total Cost": 4962.7,
                                "Plan Rows": 236569,
                                "Plan Width": 0,
                                "Actual Startup Time": 19.952,
                                "Actual Total Time": 19.952,
                                "Actual Rows": 226938,
                                "Actual Loops": 1,
                                "Index Cond": "(keyword_id > 63855)"
                              }
                            ]
                          },
                          {
                            "Node Type": "Hash",
                            "Parent Relationship": "Inner",
                            "Parallel Aware": true,
                            "Startup Cost": 50870.31,
                            "Total Cost": 50870.31,
                            "Plan Rows": 1487231,
                            "Plan Width": 4,
                            "Actual Startup Time": 574.733,
                            "Actual Total Time": 574.734,
                            "Actual Rows": 1264156,
                            "Actual Loops": 2,
                            "Hash Buckets": 4194304,
                            "Original Hash Buckets": 4194304,
                            "Hash Batches": 1,
                            "Original Hash Batches": 1,
                            "Peak Memory Usage": 131712,
                            "Plans": [
                              {
                                "Node Type": "Seq Scan",
                                "Parent Relationship": "Outer",
                                "Parallel Aware": true,
                                "Relation Name": "title",
                                "Alias": "t",
                                "Startup Cost": 0.0,
                                "Total Cost": 50870.31,
                                "Plan Rows": 1487231,
                                "Plan Width": 4,
                                "Actual Startup Time": 0.025,
                                "Actual Total Time": 176.025,
                                "Actual Rows": 1264156,
                                "Actual Loops": 2
                              }
                            ]
                          }
                        ]
                      }
                    ]
                  }
                ]
              }
            ]
          }
        ]
      }
    ]
  },
  "Planning Time": 0.93,
  "Triggers": [],
  "Execution Time": 1027.039
}