{
  "Plan": {
    "Node Type": "Aggregate",
    "Strategy": "Plain",
    "Partial Mode": "Finalize",
    "Parallel Aware": false,
    "Startup Cost": 308590.72,
    "Total Cost": 308590.73,
    "Plan Rows": 1,
    "Plan Width": 8,
    "Actual Startup Time": 1266.595,
    "Actual Total Time": 1291.211,
    "Actual Rows": 1,
    "Actual Loops": 1,
    "Plans": [
      {
        "Node Type": "Gather",
        "Parent Relationship": "Outer",
        "Parallel Aware": false,
        "Startup Cost": 308590.61,
        "Total Cost": 308590.72,
        "Plan Rows": 1,
        "Plan Width": 8,
        "Actual Startup Time": 1260.434,
        "Actual Total Time": 1291.205,
        "Actual Rows": 2,
        "Actual Loops": 1,
        "Workers Planned": 1,
        "Workers Launched": 1,
        "Single Copy": false,
        "Plans": [
          {
            "Node Type": "Aggregate",
            "Strategy": "Plain",
            "Partial Mode": "Partial",
            "Parent Relationship": "Outer",
            "Parallel Aware": false,
            "Startup Cost": 307590.61,
            "Total Cost": 307590.62,
            "Plan Rows": 1,
            "Plan Width": 8,
            "Actual Startup Time": 1254.111,
            "Actual Total Time": 1254.118,
            "Actual Rows": 1,
            "Actual Loops": 2,
            "Plans": [
              {
                "Node Type": "Hash Join",
                "Parent Relationship": "Outer",
                "Parallel Aware": true,
                "Join Type": "Inner",
                "Startup Cost": 243463.43,
                "Total Cost": 306671.25,
                "Plan Rows": 367745,
                "Plan Width": 0,
                "Actual Startup Time": 705.875,
                "Actual Total Time": 1173.055,
                "Actual Rows": 1984636,
                "Actual Loops": 2,
                "Inner Unique": false,
                "Hash Cond": "(mk.movie_id = t.id)",
                "Plans": [
                  {
                    "Node Type": "Seq Scan",
                    "Parent Relationship": "Outer",
                    "Parallel Aware": true,
                    "Relation Name": "movie_keyword",
                    "Alias": "mk",
                    "Startup Cost": 0.0,
                    "Total Cost": 51065.35,
                    "Plan Rows": 2661135,
                    "Plan Width": 4,
                    "Actual Startup Time": 0.016,
                    "Actual Total Time": 152.538,
                    "Actual Rows": 2261965,
                    "Actual Loops": 2
                  },
                  {
                    "Node Type": "Hash",
                    "Parent Relationship": "Inner",
                    "Parallel Aware": true,
                    "Startup Cost": 240894.4,
                    "Total Cost": 240894.4,
                    "Plan Rows": 205522,
                    "Plan Width": 8,
                    "Actual Startup Time": 700.529,
                    "Actual Total Time": 700.534,
                    "Actual Rows": 164428,
                    "Actual Loops": 2,
                    "Hash Buckets": 524288,
                    "Original Hash Buckets": 524288,
                    "Hash Batches": 1,
                    "Original Hash Batches": 1,
                    "Peak Memory Usage": 16992,
                    "Plans": [
                      {
                        "Node Type": "Hash Join",
                        "Parent Relationship": "Outer",
                        "Parallel Aware": true,
                        "Join Type": "Inner",
                        "Startup Cost": 75792.88,
                        "Total Cost": 240894.4,
                        "Plan Rows": 205522,
                        "Plan Width": 8,
                        "Actual Startup Time": 539.335,
                        "Actual Total Time": 662.315,
                        "Actual Rows": 164428,
                        "Actual Loops": 2,
                        "Inner Unique": true,
                        "Hash Cond": "(mi.movie_id = t.id)",
                        "Plans": [
                          {
                            "Node Type": "Bitmap Heap Scan",
                            "Parent Relationship": "Outer",
                            "Parallel Aware": true,
                            "Relation Name": "movie_info",
                            "Alias": "mi",
                            "Startup Cost": 6332.18,
                            "Total Cost": 170894.21,
                            "Plan Rows": 205522,
                            "Plan Width": 4,
                            "Actual Startup Time": 16.55,
                            "Actual Total Time": 64.746,
                            "Actual Rows": 164428,
                            "Actual Loops": 2,
                            "Recheck Cond": "(info_type_id = 98)",
                            "Rows Removed by Index Recheck": 0,
                            "Exact Heap Blocks": 13449,
                            "Lossy Heap Blocks": 0,
                            "Plans": [
                              {
                                "Node Type": "Bitmap Index Scan",
                                "Parent Relationship": "Outer",
                                "Parallel Aware": false,
                                "Index Name": "info_type_id_movie_info",
                                "Startup Cost": 0.0,
                                "Total Cost": 6244.84,
                                "Plan Rows": 349387,
                                "Plan Width": 0,
                                "Actual Startup Time": 12.933,
                                "Actual Total Time": 12.934,
                                "Actual Rows": 328857,
                                "Actual Loops": 1,
                                "Index Cond": "(info_type_id = 98)"
                              }
                            ]
                          },
                          {
                            "Node Type": "Hash",
                            "Parent Relationship": "Inner",
                            "Parallel Aware": true,
                            "Startup Cost": 50870.31,
                            "Total Cost": 50870.31,
                            "Plan Rows": 1487231,
                            "Plan Width": 4,
                            "Actual Startup Time": 504.981,
                            "Actual Total Time": 504.982,
                            "Actual Rows": 1264156,
                            "Actual Loops": 2,
                            "Hash Buckets": 4194304,
                            "Original Hash Buckets": 4194304,
                            "Hash Batches": 1,
                            "Original Hash Batches": 1,
                            "Peak Memory Usage": 131712,
                            "Plans": [
                              {
                                "Node Type": "Seq Scan",
                                "Parent Relationship": "Outer",
                                "Parallel Aware": true,
                                "Relation Name": "title",
                                "Alias": "t",
                                "Startup Cost": 0.0,
                                "Total Cost": 50870.31,
                                "Plan Rows": 1487231,
                                "Plan Width": 4,
                                "Actual Startup Time": 0.039,
                                "Actual Total Time": 152.711,
                                "Actual Rows": 1264156,
                                "Actual Loops": 2
                              }
                            ]
                          }
                        ]
                      }
                    ]
                  }
                ]
              }
            ]
          }
        ]
      }
    ]
  },
  "Planning Time": 1.066,
  "Triggers": [],
  "Execution Time": 1291.31
}