[
  {
    "Plan": {
      "Node Type": "Aggregate",
      "Strategy": "Plain",
      "Partial Mode": "Finalize",
      "Parallel Aware": false,
      "Startup Cost": 58136.57,
      "Total Cost": 58136.58,
      "Plan Rows": 1,
      "Plan Width": 8,
      "Actual Startup Time": 28.164,
      "Actual Total Time": 33.34,
      "Actual Rows": 1,
      "Actual Loops": 1,
      "Plans": [
        {
          "Node Type": "Gather",
          "Parent Relationship": "Outer",
          "Parallel Aware": false,
          "Startup Cost": 58136.26,
          "Total Cost": 58136.57,
          "Plan Rows": 3,
          "Plan Width": 8,
          "Actual Startup Time": 27.954,
          "Actual Total Time": 33.33,
          "Actual Rows": 4,
          "Actual Loops": 1,
          "Workers Planned": 3,
          "Workers Launched": 3,
          "Single Copy": false,
          "Plans": [
            {
              "Node Type": "Aggregate",
              "Strategy": "Plain",
              "Partial Mode": "Partial",
              "Parent Relationship": "Outer",
              "Parallel Aware": false,
              "Startup Cost": 57136.26,
              "Total Cost": 57136.27,
              "Plan Rows": 1,
              "Plan Width": 8,
              "Actual Startup Time": 21.739,
              "Actual Total Time": 21.741,
              "Actual Rows": 1,
              "Actual Loops": 4,
              "Plans": [
                {
                  "Node Type": "Nested Loop",
                  "Parent Relationship": "Outer",
                  "Parallel Aware": false,
                  "Join Type": "Inner",
                  "Startup Cost": 761.3,
                  "Total Cost": 57114.05,
                  "Plan Rows": 8881,
                  "Plan Width": 0,
                  "Actual Startup Time": 19.412,
                  "Actual Total Time": 21.694,
                  "Actual Rows": 371,
                  "Actual Loops": 4,
                  "Inner Unique": false,
                  "Plans": [
                    {
                      "Node Type": "Nested Loop",
                      "Parent Relationship": "Outer",
                      "Parallel Aware": false,
                      "Join Type": "Inner",
                      "Startup Cost": 760.87,
                      "Total Cost": 52768.11,
                      "Plan Rows": 1513,
                      "Plan Width": 8,
                      "Actual Startup Time": 19.292,
                      "Actual Total Time": 20.307,
                      "Actual Rows": 7,
                      "Actual Loops": 4,
                      "Inner Unique": true,
                      "Plans": [
                        {
                          "Node Type": "Bitmap Heap Scan",
                          "Parent Relationship": "Outer",
                          "Parallel Aware": true,
                          "Relation Name": "movie_companies",
                          "Alias": "mc",
                          "Startup Cost": 760.44,
                          "Total Cost": 20011.98,
                          "Plan Rows": 5793,
                          "Plan Width": 4,
                          "Actual Startup Time": 16.854,
                          "Actual Total Time": 17.582,
                          "Actual Rows": 155,
                          "Actual Loops": 4,
                          "Recheck Cond": "(company_id = 160)",
                          "Rows Removed by Index Recheck": 0,
                          "Filter": "(company_type_id = 2)",
                          "Rows Removed by Filter": 8879,
                          "Exact Heap Blocks": 2658,
                          "Lossy Heap Blocks": 0,
                          "Plans": [
                            {
                              "Node Type": "Bitmap Index Scan",
                              "Parent Relationship": "Outer",
                              "Parallel Aware": false,
                              "Index Name": "company_id_movie_companies",
                              "Startup Cost": 0.0,
                              "Total Cost": 755.95,
                              "Plan Rows": 35136,
                              "Plan Width": 0,
                              "Actual Startup Time": 8.614,
                              "Actual Total Time": 8.615,
                              "Actual Rows": 36136,
                              "Actual Loops": 1,
                              "Index Cond": "(company_id = 160)"
                            }
                          ]
                        },
                        {
                          "Node Type": "Index Scan",
                          "Parent Relationship": "Inner",
                          "Parallel Aware": false,
                          "Scan Direction": "Forward",
                          "Index Name": "title_pkey",
                          "Relation Name": "title",
                          "Alias": "t",
                          "Startup Cost": 0.43,
                          "Total Cost": 5.65,
                          "Plan Rows": 1,
                          "Plan Width": 4,
                          "Actual Startup Time": 0.017,
                          "Actual Total Time": 0.017,
                          "Actual Rows": 0,
                          "Actual Loops": 619,
                          "Index Cond": "(id = mc.movie_id)",
                          "Rows Removed by Index Recheck": 0,
                          "Filter": "(kind_id = 1)",
                          "Rows Removed by Filter": 1
                        }
                      ]
                    },
                    {
                      "Node Type": "Index Only Scan",
                      "Parent Relationship": "Inner",
                      "Parallel Aware": false,
                      "Scan Direction": "Forward",
                      "Index Name": "movie_id_movie_info",
                      "Relation Name": "movie_info",
                      "Alias": "mi",
                      "Startup Cost": 0.43,
                      "Total Cost": 2.46,
                      "Plan Rows": 41,
                      "Plan Width": 4,
                      "Actual Startup Time": 0.04,
                      "Actual Total Time": 0.183,
                      "Actual Rows": 51,
                      "Actual Loops": 29,
                      "Index Cond": "(movie_id = t.id)",
                      "Rows Removed by Index Recheck": 0,
                      "Heap Fetches": 1483
                    }
                  ]
                }
              ]
            }
          ]
        }
      ]
    },
    "Planning Time": 1.604,
    "Triggers": [],
    "Execution Time": 33.446
  }
]