[
  {
    "Plan": {
      "Node Type": "Aggregate",
      "Strategy": "Plain",
      "Partial Mode": "Finalize",
      "Parallel Aware": false,
      "Startup Cost": 167686.13,
      "Total Cost": 167686.14,
      "Plan Rows": 1,
      "Plan Width": 8,
      "Actual Startup Time": 282.48,
      "Actual Total Time": 302.164,
      "Actual Rows": 1,
      "Actual Loops": 1,
      "Plans": [
        {
          "Node Type": "Gather",
          "Parent Relationship": "Outer",
          "Parallel Aware": false,
          "Startup Cost": 167685.6,
          "Total Cost": 167686.11,
          "Plan Rows": 5,
          "Plan Width": 8,
          "Actual Startup Time": 282.332,
          "Actual Total Time": 302.158,
          "Actual Rows": 6,
          "Actual Loops": 1,
          "Workers Planned": 5,
          "Workers Launched": 5,
          "Single Copy": false,
          "Plans": [
            {
              "Node Type": "Aggregate",
              "Strategy": "Plain",
              "Partial Mode": "Partial",
              "Parent Relationship": "Outer",
              "Parallel Aware": false,
              "Startup Cost": 166685.6,
              "Total Cost": 166685.61,
              "Plan Rows": 1,
              "Plan Width": 8,
              "Actual Startup Time": 271.833,
              "Actual Total Time": 271.836,
              "Actual Rows": 1,
              "Actual Loops": 6,
              "Plans": [
                {
                  "Node Type": "Hash Join",
                  "Parent Relationship": "Outer",
                  "Parallel Aware": true,
                  "Join Type": "Inner",
                  "Startup Cost": 45506.56,
                  "Total Cost": 166680.58,
                  "Plan Rows": 2011,
                  "Plan Width": 0,
                  "Actual Startup Time": 81.483,
                  "Actual Total Time": 271.735,
                  "Actual Rows": 1368,
                  "Actual Loops": 6,
                  "Inner Unique": true,
                  "Hash Cond": "(ci.movie_id = t.id)",
                  "Plans": [
                    {
                      "Node Type": "Index Scan",
                      "Parent Relationship": "Outer",
                      "Parallel Aware": true,
                      "Scan Direction": "Forward",
                      "Index Name": "role_id_cast_info",
                      "Relation Name": "cast_info",
                      "Alias": "ci",
                      "Startup Cost": 0.56,
                      "Total Cost": 119623.46,
                      "Plan Rows": 590904,
                      "Plan Width": 4,
                      "Actual Startup Time": 0.233,
                      "Actual Total Time": 137.668,
                      "Actual Rows": 644126,
                      "Actual Loops": 6,
                      "Index Cond": "(role_id = 10)",
                      "Rows Removed by Index Recheck": 0,
                      "Filter": "(person_id > 1161156)",
                      "Rows Removed by Filter": 76377
                    },
                    {
                      "Node Type": "Hash",
                      "Parent Relationship": "Inner",
                      "Parallel Aware": true,
                      "Startup Cost": 45479.1,
                      "Total Cost": 45479.1,
                      "Plan Rows": 2152,
                      "Plan Width": 4,
                      "Actual Startup Time": 78.286,
                      "Actual Total Time": 78.287,
                      "Actual Rows": 1396,
                      "Actual Loops": 6,
                      "Hash Buckets": 16384,
                      "Original Hash Buckets": 16384,
                      "Hash Batches": 1,
                      "Original Hash Batches": 1,
                      "Peak Memory Usage": 576,
                      "Plans": [
                        {
                          "Node Type": "Seq Scan",
                          "Parent Relationship": "Outer",
                          "Parallel Aware": true,
                          "Relation Name": "title",
                          "Alias": "t",
                          "Startup Cost": 0.0,
                          "Total Cost": 45479.1,
                          "Plan Rows": 2152,
                          "Plan Width": 4,
                          "Actual Startup Time": 0.17,
                          "Actual Total Time": 77.204,
                          "Actual Rows": 1396,
                          "Actual Loops": 6,
                          "Filter": "((kind_id = 7) AND (production_year = 1979))",
                          "Rows Removed by Filter": 419989
                        }
                      ]
                    }
                  ]
                }
              ]
            }
          ]
        }
      ]
    },
    "Planning Time": 0.646,
    "Triggers": [],
    "Execution Time": 302.243
  }
]