[
  {
    "Plan": {
      "Node Type": "Aggregate",
      "Strategy": "Plain",
      "Partial Mode": "Finalize",
      "Parallel Aware": false,
      "Startup Cost": 78395.42,
      "Total Cost": 78395.43,
      "Plan Rows": 1,
      "Plan Width": 8,
      "Actual Startup Time": 210.057,
      "Actual Total Time": 221.804,
      "Actual Rows": 1,
      "Actual Loops": 1,
      "Plans": [
        {
          "Node Type": "Gather",
          "Parent Relationship": "Outer",
          "Parallel Aware": false,
          "Startup Cost": 78395.1,
          "Total Cost": 78395.41,
          "Plan Rows": 3,
          "Plan Width": 8,
          "Actual Startup Time": 208.764,
          "Actual Total Time": 221.794,
          "Actual Rows": 4,
          "Actual Loops": 1,
          "Workers Planned": 3,
          "Workers Launched": 3,
          "Single Copy": false,
          "Plans": [
            {
              "Node Type": "Aggregate",
              "Strategy": "Plain",
              "Partial Mode": "Partial",
              "Parent Relationship": "Outer",
              "Parallel Aware": false,
              "Startup Cost": 77395.1,
              "Total Cost": 77395.11,
              "Plan Rows": 1,
              "Plan Width": 8,
              "Actual Startup Time": 199.056,
              "Actual Total Time": 199.059,
              "Actual Rows": 1,
              "Actual Loops": 4,
              "Plans": [
                {
                  "Node Type": "Hash Join",
                  "Parent Relationship": "Outer",
                  "Parallel Aware": true,
                  "Join Type": "Inner",
                  "Startup Cost": 56206.66,
                  "Total Cost": 77371.34,
                  "Plan Rows": 9507,
                  "Plan Width": 0,
                  "Actual Startup Time": 150.743,
                  "Actual Total Time": 198.78,
                  "Actual Rows": 4315,
                  "Actual Loops": 4,
                  "Inner Unique": true,
                  "Hash Cond": "(mc.movie_id = t.id)",
                  "Plans": [
                    {
                      "Node Type": "Bitmap Heap Scan",
                      "Parent Relationship": "Outer",
                      "Parallel Aware": true,
                      "Relation Name": "movie_companies",
                      "Alias": "mc",
                      "Startup Cost": 9710.03,
                      "Total Cost": 30680.93,
                      "Plan Rows": 73821,
                      "Plan Width": 4,
                      "Actual Startup Time": 22.268,
                      "Actual Total Time": 47.348,
                      "Actual Rows": 114391,
                      "Actual Loops": 4,
                      "Recheck Cond": "(company_id > 76734)",
                      "Rows Removed by Index Recheck": 0,
                      "Filter": "(company_type_id = 2)",
                      "Rows Removed by Filter": 0,
                      "Exact Heap Blocks": 2206,
                      "Lossy Heap Blocks": 0,
                      "Plans": [
                        {
                          "Node Type": "Bitmap Index Scan",
                          "Parent Relationship": "Outer",
                          "Parallel Aware": false,
                          "Index Name": "company_id_movie_companies",
                          "Startup Cost": 0.0,
                          "Total Cost": 9652.82,
                          "Plan Rows": 450719,
                          "Plan Width": 0,
                          "Actual Startup Time": 21.258,
                          "Actual Total Time": 21.258,
                          "Actual Rows": 457563,
                          "Actual Loops": 1,
                          "Index Cond": "(company_id > 76734)"
                        }
                      ]
                    },
                    {
                      "Node Type": "Hash",
                      "Parent Relationship": "Inner",
                      "Parallel Aware": true,
                      "Startup Cost": 45479.1,
                      "Total Cost": 45479.1,
                      "Plan Rows": 81402,
                      "Plan Width": 4,
                      "Actual Startup Time": 124.856,
                      "Actual Total Time": 124.857,
                      "Actual Rows": 87384,
                      "Actual Loops": 4,
                      "Hash Buckets": 524288,
                      "Original Hash Buckets": 524288,
                      "Hash Batches": 1,
                      "Original Hash Batches": 1,
                      "Peak Memory Usage": 17856,
                      "Plans": [
                        {
                          "Node Type": "Seq Scan",
                          "Parent Relationship": "Outer",
                          "Parallel Aware": true,
                          "Relation Name": "title",
                          "Alias": "t",
                          "Startup Cost": 0.0,
                          "Total Cost": 45479.1,
                          "Plan Rows": 81402,
                          "Plan Width": 4,
                          "Actual Startup Time": 0.032,
                          "Actual Total Time": 95.573,
                          "Actual Rows": 87384,
                          "Actual Loops": 4,
                          "Filter": "((production_year > 2009) AND (kind_id = 7))",
                          "Rows Removed by Filter": 544694
                        }
                      ]
                    }
                  ]
                }
              ]
            }
          ]
        }
      ]
    },
    "Planning Time": 0.683,
    "Triggers": [],
    "Execution Time": 221.91
  }
]