[
    {
        "Bao": {
            "Bao prediction": "NaN",
            "Bao recommended hint": "(no hint)"
        }
    },
    {
        "Plan": {
            "Node Type": "Aggregate",
            "Strategy": "Plain",
            "Partial Mode": "Finalize",
            "Parallel Aware": false,
            "Startup Cost": 90872.51,
            "Total Cost": 90872.52,
            "Plan Rows": 1,
            "Plan Width": 8,
            "Actual Startup Time": 221.749,
            "Actual Total Time": 230.989,
            "Actual Rows": 1,
            "Actual Loops": 1,
            "Output": [
                "count(*)"
            ],
            "Plans": [
                {
                    "Node Type": "Gather",
                    "Parent Relationship": "Outer",
                    "Parallel Aware": false,
                    "Startup Cost": 90872.19,
                    "Total Cost": 90872.5,
                    "Plan Rows": 3,
                    "Plan Width": 8,
                    "Actual Startup Time": 221.446,
                    "Actual Total Time": 230.971,
                    "Actual Rows": 4,
                    "Actual Loops": 1,
                    "Output": [
                        "(PARTIAL count(*))"
                    ],
                    "Workers Planned": 3,
                    "Workers Launched": 3,
                    "Single Copy": false,
                    "Plans": [
                        {
                            "Node Type": "Aggregate",
                            "Strategy": "Plain",
                            "Partial Mode": "Partial",
                            "Parent Relationship": "Outer",
                            "Parallel Aware": false,
                            "Startup Cost": 89872.19,
                            "Total Cost": 89872.2,
                            "Plan Rows": 1,
                            "Plan Width": 8,
                            "Actual Startup Time": 213.154,
                            "Actual Total Time": 213.157,
                            "Actual Rows": 1,
                            "Actual Loops": 4,
                            "Output": [
                                "PARTIAL count(*)"
                            ],
                            "Workers": [
                                {
                                    "Worker Number": 0,
                                    "Actual Startup Time": 210.084,
                                    "Actual Total Time": 210.086,
                                    "Actual Rows": 1,
                                    "Actual Loops": 1
                                },
                                {
                                    "Worker Number": 1,
                                    "Actual Startup Time": 210.566,
                                    "Actual Total Time": 210.568,
                                    "Actual Rows": 1,
                                    "Actual Loops": 1
                                },
                                {
                                    "Worker Number": 2,
                                    "Actual Startup Time": 210.818,
                                    "Actual Total Time": 210.822,
                                    "Actual Rows": 1,
                                    "Actual Loops": 1
                                }
                            ],
                            "Plans": [
                                {
                                    "Node Type": "Hash Join",
                                    "Parent Relationship": "Outer",
                                    "Parallel Aware": true,
                                    "Join Type": "Inner",
                                    "Startup Cost": 45682.56,
                                    "Total Cost": 89836.45,
                                    "Plan Rows": 14297,
                                    "Plan Width": 0,
                                    "Actual Startup Time": 90.658,
                                    "Actual Total Time": 212.725,
                                    "Actual Rows": 7983,
                                    "Actual Loops": 4,
                                    "Inner Unique": true,
                                    "Hash Cond": "(mk.movie_id = t.id)",
                                    "Workers": [
                                        {
                                            "Worker Number": 0,
                                            "Actual Startup Time": 87.553,
                                            "Actual Total Time": 209.622,
                                            "Actual Rows": 8050,
                                            "Actual Loops": 1
                                        },
                                        {
                                            "Worker Number": 1,
                                            "Actual Startup Time": 88.334,
                                            "Actual Total Time": 210.132,
                                            "Actual Rows": 7547,
                                            "Actual Loops": 1
                                        },
                                        {
                                            "Worker Number": 2,
                                            "Actual Startup Time": 88.323,
                                            "Actual Total Time": 210.389,
                                            "Actual Rows": 7105,
                                            "Actual Loops": 1
                                        }
                                    ],
                                    "Plans": [
                                        {
                                            "Node Type": "Seq Scan",
                                            "Parent Relationship": "Outer",
                                            "Parallel Aware": true,
                                            "Relation Name": "movie_keyword",
                                            "Schema": "public",
                                            "Alias": "mk",
                                            "Startup Cost": 0.0,
                                            "Total Cost": 42695.65,
                                            "Plan Rows": 555519,
                                            "Plan Width": 4,
                                            "Actual Startup Time": 0.416,
                                            "Actual Total Time": 91.026,
                                            "Actual Rows": 426226,
                                            "Actual Loops": 4,
                                            "Output": [
                                                "mk.id",
                                                "mk.movie_id",
                                                "mk.keyword_id"
                                            ],
                                            "Filter": "(mk.keyword_id > 8444)",
                                            "Rows Removed by Filter": 704757,
                                            "Workers": [
                                                {
                                                    "Worker Number": 0,
                                                    "Actual Startup Time": 0.407,
                                                    "Actual Total Time": 91.568,
                                                    "Actual Rows": 407400,
                                                    "Actual Loops": 1
                                                },
                                                {
                                                    "Worker Number": 1,
                                                    "Actual Startup Time": 0.44,
                                                    "Actual Total Time": 91.693,
                                                    "Actual Rows": 412901,
                                                    "Actual Loops": 1
                                                },
                                                {
                                                    "Worker Number": 2,
                                                    "Actual Startup Time": 0.411,
                                                    "Actual Total Time": 91.558,
                                                    "Actual Rows": 406691,
                                                    "Actual Loops": 1
                                                }
                                            ]
                                        },
                                        {
                                            "Node Type": "Hash",
                                            "Parent Relationship": "Inner",
                                            "Parallel Aware": true,
                                            "Startup Cost": 45479.21,
                                            "Total Cost": 45479.21,
                                            "Plan Rows": 16268,
                                            "Plan Width": 4,
                                            "Actual Startup Time": 89.236,
                                            "Actual Total Time": 89.237,
                                            "Actual Rows": 13476,
                                            "Actual Loops": 4,
                                            "Output": [
                                                "t.id"
                                            ],
                                            "Hash Buckets": 65536,
                                            "Original Hash Buckets": 65536,
                                            "Hash Batches": 1,
                                            "Original Hash Batches": 1,
                                            "Peak Memory Usage": 2656,
                                            "Workers": [
                                                {
                                                    "Worker Number": 0,
                                                    "Actual Startup Time": 86.217,
                                                    "Actual Total Time": 86.218,
                                                    "Actual Rows": 12026,
                                                    "Actual Loops": 1
                                                },
                                                {
                                                    "Worker Number": 1,
                                                    "Actual Startup Time": 86.576,
                                                    "Actual Total Time": 86.577,
                                                    "Actual Rows": 11829,
                                                    "Actual Loops": 1
                                                },
                                                {
                                                    "Worker Number": 2,
                                                    "Actual Startup Time": 86.918,
                                                    "Actual Total Time": 86.919,
                                                    "Actual Rows": 12155,
                                                    "Actual Loops": 1
                                                }
                                            ],
                                            "Plans": [
                                                {
                                                    "Node Type": "Seq Scan",
                                                    "Parent Relationship": "Outer",
                                                    "Parallel Aware": true,
                                                    "Relation Name": "title",
                                                    "Schema": "public",
                                                    "Alias": "t",
                                                    "Startup Cost": 0.0,
                                                    "Total Cost": 45479.21,
                                                    "Plan Rows": 16268,
                                                    "Plan Width": 4,
                                                    "Actual Startup Time": 0.132,
                                                    "Actual Total Time": 84.37,
                                                    "Actual Rows": 13476,
                                                    "Actual Loops": 4,
                                                    "Output": [
                                                        "t.id"
                                                    ],
                                                    "Filter": "((t.kind_id < 7) AND (t.production_year = 2012))",
                                                    "Rows Removed by Filter": 618602,
                                                    "Workers": [
                                                        {
                                                            "Worker Number": 0,
                                                            "Actual Startup Time": 0.24,
                                                            "Actual Total Time": 81.32,
                                                            "Actual Rows": 12026,
                                                            "Actual Loops": 1
                                                        },
                                                        {
                                                            "Worker Number": 1,
                                                            "Actual Startup Time": 0.157,
                                                            "Actual Total Time": 82.037,
                                                            "Actual Rows": 11829,
                                                            "Actual Loops": 1
                                                        },
                                                        {
                                                            "Worker Number": 2,
                                                            "Actual Startup Time": 0.101,
                                                            "Actual Total Time": 82.192,
                                                            "Actual Rows": 12155,
                                                            "Actual Loops": 1
                                                        }
                                                    ]
                                                }
                                            ]
                                        }
                                    ]
                                }
                            ]
                        }
                    ]
                }
            ]
        },
        "Planning Time": 211.564,
        "Triggers": [],
        "Execution Time": 231.042
    }
]