[
  {
    "Plan": {
      "Node Type": "Aggregate",
      "Strategy": "Plain",
      "Partial Mode": "Finalize",
      "Parallel Aware": false,
      "Startup Cost": 137153.46,
      "Total Cost": 137153.47,
      "Plan Rows": 1,
      "Plan Width": 8,
      "Actual Startup Time": 1278.204,
      "Actual Total Time": 1305.616,
      "Actual Rows": 1,
      "Actual Loops": 1,
      "Plans": [
        {
          "Node Type": "Gather",
          "Parent Relationship": "Outer",
          "Parallel Aware": false,
          "Startup Cost": 137153.14,
          "Total Cost": 137153.45,
          "Plan Rows": 3,
          "Plan Width": 8,
          "Actual Startup Time": 1258.687,
          "Actual Total Time": 1305.607,
          "Actual Rows": 4,
          "Actual Loops": 1,
          "Workers Planned": 3,
          "Workers Launched": 3,
          "Single Copy": false,
          "Plans": [
            {
              "Node Type": "Aggregate",
              "Strategy": "Plain",
              "Partial Mode": "Partial",
              "Parent Relationship": "Outer",
              "Parallel Aware": false,
              "Startup Cost": 136153.14,
              "Total Cost": 136153.15,
              "Plan Rows": 1,
              "Plan Width": 8,
              "Actual Startup Time": 1246.717,
              "Actual Total Time": 1247.344,
              "Actual Rows": 1,
              "Actual Loops": 4,
              "Plans": [
                {
                  "Node Type": "Hash Join",
                  "Parent Relationship": "Outer",
                  "Parallel Aware": true,
                  "Join Type": "Inner",
                  "Startup Cost": 87298.74,
                  "Total Cost": 134834.98,
                  "Plan Rows": 527267,
                  "Plan Width": 0,
                  "Actual Startup Time": 710.843,
                  "Actual Total Time": 1118.223,
                  "Actual Rows": 3015412,
                  "Actual Loops": 4,
                  "Inner Unique": false,
                  "Hash Cond": "(mk.movie_id = t.id)",
                  "Plans": [
                    {
                      "Node Type": "Seq Scan",
                      "Parent Relationship": "Outer",
                      "Parallel Aware": true,
                      "Relation Name": "movie_keyword",
                      "Alias": "mk",
                      "Startup Cost": 0.0,
                      "Total Cost": 42695.65,
                      "Plan Rows": 837260,
                      "Plan Width": 4,
                      "Actual Startup Time": 0.228,
                      "Actual Total Time": 111.762,
                      "Actual Rows": 647790,
                      "Actual Loops": 4,
                      "Filter": "(keyword_id > 3319)",
                      "Rows Removed by Filter": 483192
                    },
                    {
                      "Node Type": "Hash",
                      "Parent Relationship": "Inner",
                      "Parallel Aware": true,
                      "Startup Cost": 80878.56,
                      "Total Cost": 80878.56,
                      "Plan Rows": 513614,
                      "Plan Width": 8,
                      "Actual Startup Time": 702.914,
                      "Actual Total Time": 703.539,
                      "Actual Rows": 398514,
                      "Actual Loops": 4,
                      "Hash Buckets": 2097152,
                      "Original Hash Buckets": 2097152,
                      "Hash Batches": 1,
                      "Original Hash Batches": 1,
                      "Peak Memory Usage": 78784,
                      "Plans": [
                        {
                          "Node Type": "Hash Join",
                          "Parent Relationship": "Outer",
                          "Parallel Aware": true,
                          "Join Type": "Inner",
                          "Startup Cost": 50219.64,
                          "Total Cost": 80878.56,
                          "Plan Rows": 513614,
                          "Plan Width": 8,
                          "Actual Startup Time": 340.833,
                          "Actual Total Time": 573.262,
                          "Actual Rows": 398514,
                          "Actual Loops": 4,
                          "Inner Unique": true,
                          "Hash Cond": "(mc.movie_id = t.id)",
                          "Plans": [
                            {
                              "Node Type": "Seq Scan",
                              "Parent Relationship": "Outer",
                              "Parallel Aware": true,
                              "Relation Name": "movie_companies",
                              "Alias": "mc",
                              "Startup Cost": 0.0,
                              "Total Cost": 29310.68,
                              "Plan Rows": 513614,
                              "Plan Width": 4,
                              "Actual Startup Time": 2.68,
                              "Actual Total Time": 77.354,
                              "Actual Rows": 398514,
                              "Actual Loops": 4,
                              "Filter": "(company_id > 5197)",
                              "Rows Removed by Filter": 253768
                            },
                            {
                              "Node Type": "Hash",
                              "Parent Relationship": "Inner",
                              "Parallel Aware": true,
                              "Startup Cost": 42318.73,
                              "Total Cost": 42318.73,
                              "Plan Rows": 632073,
                              "Plan Width": 4,
                              "Actual Startup Time": 331.76,
                              "Actual Total Time": 331.761,
                              "Actual Rows": 632078,
                              "Actual Loops": 4,
                              "Hash Buckets": 4194304,
                              "Original Hash Buckets": 4194304,
                              "Hash Batches": 1,
                              "Original Hash Batches": 1,
                              "Peak Memory Usage": 131744,
                              "Plans": [
                                {
                                  "Node Type": "Seq Scan",
                                  "Parent Relationship": "Outer",
                                  "Parallel Aware": true,
                                  "Relation Name": "title",
                                  "Alias": "t",
                                  "Startup Cost": 0.0,
                                  "Total Cost": 42318.73,
                                  "Plan Rows": 632073,
                                  "Plan Width": 4,
                                  "Actual Startup Time": 0.039,
                                  "Actual Total Time": 101.815,
                                  "Actual Rows": 632078,
                                  "Actual Loops": 4
                                }
                              ]
                            }
                          ]
                        }
                      ]
                    }
                  ]
                }
              ]
            }
          ]
        }
      ]
    },
    "Planning Time": 1.433,
    "Triggers": [],
    "Execution Time": 1305.696
  }
]