[
  {
    "Plan": {
      "Node Type": "Aggregate",
      "Strategy": "Plain",
      "Partial Mode": "Finalize",
      "Parallel Aware": false,
      "Startup Cost": 247833.16,
      "Total Cost": 247833.17,
      "Plan Rows": 1,
      "Plan Width": 8,
      "Actual Startup Time": 569.527,
      "Actual Total Time": 619.322,
      "Actual Rows": 1,
      "Actual Loops": 1,
      "Plans": [
        {
          "Node Type": "Gather",
          "Parent Relationship": "Outer",
          "Parallel Aware": false,
          "Startup Cost": 247832.64,
          "Total Cost": 247833.15,
          "Plan Rows": 5,
          "Plan Width": 8,
          "Actual Startup Time": 567.888,
          "Actual Total Time": 619.312,
          "Actual Rows": 6,
          "Actual Loops": 1,
          "Workers Planned": 5,
          "Workers Launched": 5,
          "Single Copy": false,
          "Plans": [
            {
              "Node Type": "Aggregate",
              "Strategy": "Plain",
              "Partial Mode": "Partial",
              "Parent Relationship": "Outer",
              "Parallel Aware": false,
              "Startup Cost": 246832.64,
              "Total Cost": 246832.65,
              "Plan Rows": 1,
              "Plan Width": 8,
              "Actual Startup Time": 560.536,
              "Actual Total Time": 560.539,
              "Actual Rows": 1,
              "Actual Loops": 6,
              "Plans": [
                {
                  "Node Type": "Hash Join",
                  "Parent Relationship": "Outer",
                  "Parallel Aware": true,
                  "Join Type": "Inner",
                  "Startup Cost": 44399.47,
                  "Total Cost": 246643.59,
                  "Plan Rows": 75619,
                  "Plan Width": 0,
                  "Actual Startup Time": 92.022,
                  "Actual Total Time": 557.944,
                  "Actual Rows": 50447,
                  "Actual Loops": 6,
                  "Inner Unique": true,
                  "Hash Cond": "(mi.movie_id = t.id)",
                  "Plans": [
                    {
                      "Node Type": "Seq Scan",
                      "Parent Relationship": "Outer",
                      "Parallel Aware": true,
                      "Relation Name": "movie_info",
                      "Alias": "mi",
                      "Startup Cost": 0.0,
                      "Total Cost": 199108.24,
                      "Plan Rows": 1194621,
                      "Plan Width": 4,
                      "Actual Startup Time": 0.033,
                      "Actual Total Time": 345.874,
                      "Actual Rows": 980827,
                      "Actual Loops": 6,
                      "Filter": "(info_type_id < 7)",
                      "Rows Removed by Filter": 1491793
                    },
                    {
                      "Node Type": "Hash",
                      "Parent Relationship": "Inner",
                      "Parallel Aware": true,
                      "Startup Cost": 43899.32,
                      "Total Cost": 43899.32,
                      "Plan Rows": 40012,
                      "Plan Width": 4,
                      "Actual Startup Time": 89.398,
                      "Actual Total Time": 89.399,
                      "Actual Rows": 27384,
                      "Actual Loops": 6,
                      "Hash Buckets": 262144,
                      "Original Hash Buckets": 262144,
                      "Hash Batches": 1,
                      "Original Hash Batches": 1,
                      "Peak Memory Usage": 8544,
                      "Plans": [
                        {
                          "Node Type": "Seq Scan",
                          "Parent Relationship": "Outer",
                          "Parallel Aware": true,
                          "Relation Name": "title",
                          "Alias": "t",
                          "Startup Cost": 0.0,
                          "Total Cost": 43899.32,
                          "Plan Rows": 40012,
                          "Plan Width": 4,
                          "Actual Startup Time": 0.037,
                          "Actual Total Time": 76.656,
                          "Actual Rows": 27384,
                          "Actual Loops": 6,
                          "Filter": "(production_year = 2012)",
                          "Rows Removed by Filter": 394001
                        }
                      ]
                    }
                  ]
                }
              ]
            }
          ]
        }
      ]
    },
    "Planning Time": 0.515,
    "Triggers": [],
    "Execution Time": 619.38
  }
]