[
  {
    "Plan": {
      "Node Type": "Aggregate",
      "Strategy": "Plain",
      "Partial Mode": "Finalize",
      "Parallel Aware": false,
      "Startup Cost": 283325.35,
      "Total Cost": 283325.36,
      "Plan Rows": 1,
      "Plan Width": 8,
      "Actual Startup Time": 546.647,
      "Actual Total Time": 557.289,
      "Actual Rows": 1,
      "Actual Loops": 1,
      "Plans": [
        {
          "Node Type": "Gather",
          "Parent Relationship": "Outer",
          "Parallel Aware": false,
          "Startup Cost": 283325.03,
          "Total Cost": 283325.34,
          "Plan Rows": 3,
          "Plan Width": 8,
          "Actual Startup Time": 540.206,
          "Actual Total Time": 557.281,
          "Actual Rows": 4,
          "Actual Loops": 1,
          "Workers Planned": 3,
          "Workers Launched": 3,
          "Single Copy": false,
          "Plans": [
            {
              "Node Type": "Aggregate",
              "Strategy": "Plain",
              "Partial Mode": "Partial",
              "Parent Relationship": "Outer",
              "Parallel Aware": false,
              "Startup Cost": 282325.03,
              "Total Cost": 282325.04,
              "Plan Rows": 1,
              "Plan Width": 8,
              "Actual Startup Time": 531.954,
              "Actual Total Time": 531.961,
              "Actual Rows": 1,
              "Actual Loops": 4,
              "Plans": [
                {
                  "Node Type": "Hash Join",
                  "Parent Relationship": "Outer",
                  "Parallel Aware": true,
                  "Join Type": "Inner",
                  "Startup Cost": 236692.67,
                  "Total Cost": 281706.95,
                  "Plan Rows": 247231,
                  "Plan Width": 0,
                  "Actual Startup Time": 359.738,
                  "Actual Total Time": 528.043,
                  "Actual Rows": 94706,
                  "Actual Loops": 4,
                  "Inner Unique": false,
                  "Hash Cond": "(mk.movie_id = t.id)",
                  "Plans": [
                    {
                      "Node Type": "Seq Scan",
                      "Parent Relationship": "Outer",
                      "Parallel Aware": true,
                      "Relation Name": "movie_keyword",
                      "Alias": "mk",
                      "Startup Cost": 0.0,
                      "Total Cost": 39047.32,
                      "Plan Rows": 1459332,
                      "Plan Width": 4,
                      "Actual Startup Time": 0.013,
                      "Actual Total Time": 81.867,
                      "Actual Rows": 1130982,
                      "Actual Loops": 4
                    },
                    {
                      "Node Type": "Hash",
                      "Parent Relationship": "Inner",
                      "Parallel Aware": true,
                      "Startup Cost": 235621.85,
                      "Total Cost": 235621.85,
                      "Plan Rows": 85666,
                      "Plan Width": 8,
                      "Actual Startup Time": 357.996,
                      "Actual Total Time": 358.0,
                      "Actual Rows": 22553,
                      "Actual Loops": 4,
                      "Hash Buckets": 524288,
                      "Original Hash Buckets": 524288,
                      "Hash Batches": 1,
                      "Original Hash Batches": 1,
                      "Peak Memory Usage": 7680,
                      "Plans": [
                        {
                          "Node Type": "Hash Join",
                          "Parent Relationship": "Outer",
                          "Parallel Aware": true,
                          "Join Type": "Inner",
                          "Startup Cost": 70009.27,
                          "Total Cost": 235621.85,
                          "Plan Rows": 85666,
                          "Plan Width": 8,
                          "Actual Startup Time": 237.511,
                          "Actual Total Time": 350.817,
                          "Actual Rows": 22553,
                          "Actual Loops": 4,
                          "Inner Unique": true,
                          "Hash Cond": "(mi.movie_id = t.id)",
                          "Plans": [
                            {
                              "Node Type": "Bitmap Heap Scan",
                              "Parent Relationship": "Outer",
                              "Parallel Aware": true,
                              "Relation Name": "movie_info",
                              "Alias": "mi",
                              "Startup Cost": 21701.74,
                              "Total Cost": 186686.12,
                              "Plan Rows": 239311,
                              "Plan Width": 4,
                              "Actual Startup Time": 46.688,
                              "Actual Total Time": 115.225,
                              "Actual Rows": 301177,
                              "Actual Loops": 4,
                              "Recheck Cond": "(info_type_id > 18)",
                              "Rows Removed by Index Recheck": 0,
                              "Exact Heap Blocks": 10819,
                              "Lossy Heap Blocks": 0,
                              "Plans": [
                                {
                                  "Node Type": "Bitmap Index Scan",
                                  "Parent Relationship": "Outer",
                                  "Parallel Aware": false,
                                  "Index Name": "info_type_id_movie_info",
                                  "Startup Cost": 0.0,
                                  "Total Cost": 21402.6,
                                  "Plan Rows": 1196555,
                                  "Plan Width": 0,
                                  "Actual Startup Time": 41.063,
                                  "Actual Total Time": 41.063,
                                  "Actual Rows": 1204709,
                                  "Actual Loops": 1,
                                  "Index Cond": "(info_type_id > 18)"
                                }
                              ]
                            },
                            {
                              "Node Type": "Hash",
                              "Parent Relationship": "Inner",
                              "Parallel Aware": true,
                              "Startup Cost": 45479.21,
                              "Total Cost": 45479.21,
                              "Plan Rows": 226266,
                              "Plan Width": 4,
                              "Actual Startup Time": 165.406,
                              "Actual Total Time": 165.407,
                              "Actual Rows": 249553,
                              "Actual Loops": 4,
                              "Hash Buckets": 1048576,
                              "Original Hash Buckets": 1048576,
                              "Hash Batches": 1,
                              "Original Hash Batches": 1,
                              "Peak Memory Usage": 47264,
                              "Plans": [
                                {
                                  "Node Type": "Seq Scan",
                                  "Parent Relationship": "Outer",
                                  "Parallel Aware": true,
                                  "Relation Name": "title",
                                  "Alias": "t",
                                  "Startup Cost": 0.0,
                                  "Total Cost": 45479.21,
                                  "Plan Rows": 226266,
                                  "Plan Width": 4,
                                  "Actual Startup Time": 0.038,
                                  "Actual Total Time": 92.981,
                                  "Actual Rows": 249553,
                                  "Actual Loops": 4,
                                  "Filter": "((kind_id > 4) AND (production_year > 1998))",
                                  "Rows Removed by Filter": 382525
                                }
                              ]
                            }
                          ]
                        }
                      ]
                    }
                  ]
                }
              ]
            }
          ]
        }
      ]
    },
    "Planning Time": 0.532,
    "Triggers": [],
    "Execution Time": 557.337
  }
]