[
  {
    "Plan": {
      "Node Type": "Aggregate",
      "Strategy": "Plain",
      "Partial Mode": "Finalize",
      "Parallel Aware": false,
      "Startup Cost": 81709.84,
      "Total Cost": 81709.85,
      "Plan Rows": 1,
      "Plan Width": 8,
      "Actual Startup Time": 240.801,
      "Actual Total Time": 258.491,
      "Actual Rows": 1,
      "Actual Loops": 1,
      "Plans": [
        {
          "Node Type": "Gather",
          "Parent Relationship": "Outer",
          "Parallel Aware": false,
          "Startup Cost": 81709.42,
          "Total Cost": 81709.83,
          "Plan Rows": 4,
          "Plan Width": 8,
          "Actual Startup Time": 239.187,
          "Actual Total Time": 258.482,
          "Actual Rows": 5,
          "Actual Loops": 1,
          "Workers Planned": 4,
          "Workers Launched": 4,
          "Single Copy": false,
          "Plans": [
            {
              "Node Type": "Aggregate",
              "Strategy": "Plain",
              "Partial Mode": "Partial",
              "Parent Relationship": "Outer",
              "Parallel Aware": false,
              "Startup Cost": 80709.42,
              "Total Cost": 80709.43,
              "Plan Rows": 1,
              "Plan Width": 8,
              "Actual Startup Time": 228.952,
              "Actual Total Time": 228.955,
              "Actual Rows": 1,
              "Actual Loops": 5,
              "Plans": [
                {
                  "Node Type": "Nested Loop",
                  "Parent Relationship": "Outer",
                  "Parallel Aware": false,
                  "Join Type": "Inner",
                  "Startup Cost": 24231.14,
                  "Total Cost": 80700.12,
                  "Plan Rows": 3722,
                  "Plan Width": 0,
                  "Actual Startup Time": 73.997,
                  "Actual Total Time": 228.402,
                  "Actual Rows": 4895,
                  "Actual Loops": 5,
                  "Inner Unique": false,
                  "Plans": [
                    {
                      "Node Type": "Hash Join",
                      "Parent Relationship": "Outer",
                      "Parallel Aware": true,
                      "Join Type": "Inner",
                      "Startup Cost": 24230.71,
                      "Total Cost": 69595.41,
                      "Plan Rows": 20260,
                      "Plan Width": 8,
                      "Actual Startup Time": 73.6,
                      "Actual Total Time": 196.937,
                      "Actual Rows": 7924,
                      "Actual Loops": 5,
                      "Inner Unique": false,
                      "Hash Cond": "(t.id = mc.movie_id)",
                      "Plans": [
                        {
                          "Node Type": "Seq Scan",
                          "Parent Relationship": "Outer",
                          "Parallel Aware": true,
                          "Relation Name": "title",
                          "Alias": "t",
                          "Startup Cost": 0.0,
                          "Total Cost": 43898.92,
                          "Plan Rows": 280084,
                          "Plan Width": 4,
                          "Actual Startup Time": 0.015,
                          "Actual Total Time": 81.779,
                          "Actual Rows": 221585,
                          "Actual Loops": 5,
                          "Filter": "(production_year > 2004)",
                          "Rows Removed by Filter": 284077
                        },
                        {
                          "Node Type": "Hash",
                          "Parent Relationship": "Inner",
                          "Parallel Aware": true,
                          "Startup Cost": 23493.26,
                          "Total Cost": 23493.26,
                          "Plan Rows": 58996,
                          "Plan Width": 4,
                          "Actual Startup Time": 71.714,
                          "Actual Total Time": 71.715,
                          "Actual Rows": 36484,
                          "Actual Loops": 5,
                          "Hash Buckets": 262144,
                          "Original Hash Buckets": 262144,
                          "Hash Batches": 1,
                          "Original Hash Batches": 1,
                          "Peak Memory Usage": 9280,
                          "Plans": [
                            {
                              "Node Type": "Bitmap Heap Scan",
                              "Parent Relationship": "Outer",
                              "Parallel Aware": true,
                              "Relation Name": "movie_companies",
                              "Alias": "mc",
                              "Startup Cost": 3965.81,
                              "Total Cost": 23493.26,
                              "Plan Rows": 58996,
                              "Plan Width": 4,
                              "Actual Startup Time": 20.524,
                              "Actual Total Time": 55.547,
                              "Actual Rows": 36484,
                              "Actual Loops": 5,
                              "Recheck Cond": "(company_id < 46)",
                              "Rows Removed by Index Recheck": 0,
                              "Exact Heap Blocks": 7405,
                              "Lossy Heap Blocks": 0,
                              "Plans": [
                                {
                                  "Node Type": "Bitmap Index Scan",
                                  "Parent Relationship": "Outer",
                                  "Parallel Aware": false,
                                  "Index Name": "company_id_movie_companies",
                                  "Startup Cost": 0.0,
                                  "Total Cost": 3920.09,
                                  "Plan Rows": 182888,
                                  "Plan Width": 0,
                                  "Actual Startup Time": 19.881,
                                  "Actual Total Time": 19.881,
                                  "Actual Rows": 182418,
                                  "Actual Loops": 1,
                                  "Index Cond": "(company_id < 46)"
                                }
                              ]
                            }
                          ]
                        }
                      ]
                    },
                    {
                      "Node Type": "Index Scan",
                      "Parent Relationship": "Inner",
                      "Parallel Aware": false,
                      "Scan Direction": "Forward",
                      "Index Name": "movie_id_movie_info_idx",
                      "Relation Name": "movie_info_idx",
                      "Alias": "mi_idx",
                      "Startup Cost": 0.43,
                      "Total Cost": 0.54,
                      "Plan Rows": 1,
                      "Plan Width": 4,
                      "Actual Startup Time": 0.003,
                      "Actual Total Time": 0.004,
                      "Actual Rows": 1,
                      "Actual Loops": 39619,
                      "Index Cond": "(movie_id = t.id)",
                      "Rows Removed by Index Recheck": 0,
                      "Filter": "(info_type_id = 100)",
                      "Rows Removed by Filter": 1
                    }
                  ]
                }
              ]
            }
          ]
        }
      ]
    },
    "Planning Time": 1.511,
    "Triggers": [],
    "Execution Time": 258.6
  }
]