[
  {
    "Plan": {
      "Node Type": "Aggregate",
      "Strategy": "Plain",
      "Partial Mode": "Finalize",
      "Parallel Aware": false,
      "Startup Cost": 44440.75,
      "Total Cost": 44440.76,
      "Plan Rows": 1,
      "Plan Width": 8,
      "Actual Startup Time": 131.999,
      "Actual Total Time": 143.64,
      "Actual Rows": 1,
      "Actual Loops": 1,
      "Plans": [
        {
          "Node Type": "Gather",
          "Parent Relationship": "Outer",
          "Parallel Aware": false,
          "Startup Cost": 44440.43,
          "Total Cost": 44440.74,
          "Plan Rows": 3,
          "Plan Width": 8,
          "Actual Startup Time": 131.846,
          "Actual Total Time": 143.632,
          "Actual Rows": 4,
          "Actual Loops": 1,
          "Workers Planned": 3,
          "Workers Launched": 3,
          "Single Copy": false,
          "Plans": [
            {
              "Node Type": "Aggregate",
              "Strategy": "Plain",
              "Partial Mode": "Partial",
              "Parent Relationship": "Outer",
              "Parallel Aware": false,
              "Startup Cost": 43440.43,
              "Total Cost": 43440.44,
              "Plan Rows": 1,
              "Plan Width": 8,
              "Actual Startup Time": 125.438,
              "Actual Total Time": 125.439,
              "Actual Rows": 1,
              "Actual Loops": 4,
              "Plans": [
                {
                  "Node Type": "Seq Scan",
                  "Parent Relationship": "Outer",
                  "Parallel Aware": true,
                  "Relation Name": "movie_keyword",
                  "Alias": "mk",
                  "Startup Cost": 0.0,
                  "Total Cost": 42695.65,
                  "Plan Rows": 297910,
                  "Plan Width": 0,
                  "Actual Startup Time": 0.051,
                  "Actual Total Time": 112.745,
                  "Actual Rows": 232677,
                  "Actual Loops": 4,
                  "Filter": "(keyword_id < 872)",
                  "Rows Removed by Filter": 898306
                }
              ]
            }
          ]
        }
      ]
    },
    "Planning Time": 0.121,
    "Triggers": [],
    "Execution Time": 143.679
  }
]