[
  {
    "Plan": {
      "Node Type": "Aggregate",
      "Strategy": "Plain",
      "Partial Mode": "Finalize",
      "Parallel Aware": false,
      "Startup Cost": 44439.76,
      "Total Cost": 44439.77,
      "Plan Rows": 1,
      "Plan Width": 8,
      "Actual Startup Time": 116.071,
      "Actual Total Time": 125.859,
      "Actual Rows": 1,
      "Actual Loops": 1,
      "Plans": [
        {
          "Node Type": "Gather",
          "Parent Relationship": "Outer",
          "Parallel Aware": false,
          "Startup Cost": 44439.44,
          "Total Cost": 44439.75,
          "Plan Rows": 3,
          "Plan Width": 8,
          "Actual Startup Time": 115.955,
          "Actual Total Time": 125.85,
          "Actual Rows": 4,
          "Actual Loops": 1,
          "Workers Planned": 3,
          "Workers Launched": 3,
          "Single Copy": false,
          "Plans": [
            {
              "Node Type": "Aggregate",
              "Strategy": "Plain",
              "Partial Mode": "Partial",
              "Parent Relationship": "Outer",
              "Parallel Aware": false,
              "Startup Cost": 43439.44,
              "Total Cost": 43439.45,
              "Plan Rows": 1,
              "Plan Width": 8,
              "Actual Startup Time": 110.679,
              "Actual Total Time": 110.68,
              "Actual Rows": 1,
              "Actual Loops": 4,
              "Plans": [
                {
                  "Node Type": "Seq Scan",
                  "Parent Relationship": "Outer",
                  "Parallel Aware": true,
                  "Relation Name": "movie_keyword",
                  "Alias": "mk",
                  "Startup Cost": 0.0,
                  "Total Cost": 42695.65,
                  "Plan Rows": 297516,
                  "Plan Width": 0,
                  "Actual Startup Time": 0.04,
                  "Actual Total Time": 99.583,
                  "Actual Rows": 232677,
                  "Actual Loops": 4,
                  "Filter": "(keyword_id < 872)",
                  "Rows Removed by Filter": 898306
                }
              ]
            }
          ]
        }
      ]
    },
    "Planning Time": 0.184,
    "Triggers": [],
    "Execution Time": 125.913
  }
]