[
  {
    "Plan": {
      "Node Type": "Aggregate",
      "Strategy": "Plain",
      "Partial Mode": "Finalize",
      "Parallel Aware": false,
      "Startup Cost": 130010.13,
      "Total Cost": 130010.14,
      "Plan Rows": 1,
      "Plan Width": 8,
      "Actual Startup Time": 214.656,
      "Actual Total Time": 225.875,
      "Actual Rows": 1,
      "Actual Loops": 1,
      "Plans": [
        {
          "Node Type": "Gather",
          "Parent Relationship": "Outer",
          "Parallel Aware": false,
          "Startup Cost": 130009.61,
          "Total Cost": 130010.12,
          "Plan Rows": 5,
          "Plan Width": 8,
          "Actual Startup Time": 214.457,
          "Actual Total Time": 225.867,
          "Actual Rows": 6,
          "Actual Loops": 1,
          "Workers Planned": 5,
          "Workers Launched": 5,
          "Single Copy": false,
          "Plans": [
            {
              "Node Type": "Aggregate",
              "Strategy": "Plain",
              "Partial Mode": "Partial",
              "Parent Relationship": "Outer",
              "Parallel Aware": false,
              "Startup Cost": 129009.61,
              "Total Cost": 129009.62,
              "Plan Rows": 1,
              "Plan Width": 8,
              "Actual Startup Time": 206.362,
              "Actual Total Time": 206.363,
              "Actual Rows": 1,
              "Actual Loops": 6,
              "Plans": [
                {
                  "Node Type": "Index Scan",
                  "Parent Relationship": "Outer",
                  "Parallel Aware": true,
                  "Scan Direction": "Forward",
                  "Index Name": "role_id_cast_info",
                  "Relation Name": "cast_info",
                  "Alias": "ci",
                  "Startup Cost": 0.56,
                  "Total Cost": 127762.24,
                  "Plan Rows": 498951,
                  "Plan Width": 0,
                  "Actual Startup Time": 0.179,
                  "Actual Total Time": 174.111,
                  "Actual Rows": 652286,
                  "Actual Loops": 6,
                  "Index Cond": "(role_id > 9)",
                  "Rows Removed by Index Recheck": 0,
                  "Filter": "(person_id > 1677387)",
                  "Rows Removed by Filter": 120903
                }
              ]
            }
          ]
        }
      ]
    },
    "Planning Time": 0.129,
    "Triggers": [],
    "Execution Time": 225.914
  }
]