{
  "Plan": {
    "Node Type": "Aggregate",
    "Strategy": "Plain",
    "Partial Mode": "Finalize",
    "Parallel Aware": false,
    "Startup Cost": 895914.23,
    "Total Cost": 895914.24,
    "Plan Rows": 1,
    "Plan Width": 8,
    "Actual Startup Time": 10059.806,
    "Actual Total Time": 10140.266,
    "Actual Rows": 1,
    "Actual Loops": 1,
    "Plans": [
      {
        "Node Type": "Gather",
        "Parent Relationship": "Outer",
        "Parallel Aware": false,
        "Startup Cost": 895914.11,
        "Total Cost": 895914.22,
        "Plan Rows": 1,
        "Plan Width": 8,
        "Actual Startup Time": 10038.146,
        "Actual Total Time": 10140.258,
        "Actual Rows": 2,
        "Actual Loops": 1,
        "Workers Planned": 1,
        "Workers Launched": 1,
        "Single Copy": false,
        "Plans": [
          {
            "Node Type": "Aggregate",
            "Strategy": "Plain",
            "Partial Mode": "Partial",
            "Parent Relationship": "Outer",
            "Parallel Aware": false,
            "Startup Cost": 894914.11,
            "Total Cost": 894914.12,
            "Plan Rows": 1,
            "Plan Width": 8,
            "Actual Startup Time": 10015.589,
            "Actual Total Time": 10015.596,
            "Actual Rows": 1,
            "Actual Loops": 2,
            "Plans": [
              {
                "Node Type": "Hash Join",
                "Parent Relationship": "Outer",
                "Parallel Aware": true,
                "Join Type": "Inner",
                "Startup Cost": 376957.86,
                "Total Cost": 868045.89,
                "Plan Rows": 10747291,
                "Plan Width": 0,
                "Actual Startup Time": 4356.541,
                "Actual Total Time": 9008.689,
                "Actual Rows": 25874889,
                "Actual Loops": 2,
                "Inner Unique": false,
                "Hash Cond": "(ci.movie_id = t.id)",
                "Plans": [
                  {
                    "Node Type": "Index Scan",
                    "Parent Relationship": "Outer",
                    "Parallel Aware": true,
                    "Scan Direction": "Forward",
                    "Index Name": "role_id_cast_info",
                    "Relation Name": "cast_info",
                    "Alias": "ci",
                    "Startup Cost": 0.56,
                    "Total Cost": 396668.75,
                    "Plan Rows": 4992077,
                    "Plan Width": 4,
                    "Actual Startup Time": 0.062,
                    "Actual Total Time": 838.663,
                    "Actual Rows": 2102638,
                    "Actual Loops": 2,
                    "Index Cond": "(role_id > 3)",
                    "Rows Removed by Index Recheck": 0,
                    "Filter": "(person_id < 2577739)",
                    "Rows Removed by Filter": 3954186
                  },
                  {
                    "Node Type": "Hash",
                    "Parent Relationship": "Inner",
                    "Parallel Aware": true,
                    "Startup Cost": 336934.61,
                    "Total Cost": 336934.61,
                    "Plan Rows": 3201815,
                    "Plan Width": 8,
                    "Actual Startup Time": 4322.486,
                    "Actual Total Time": 4322.491,
                    "Actual Rows": 4955726,
                    "Actual Loops": 2,
                    "Hash Buckets": 16777216,
                    "Original Hash Buckets": 8388608,
                    "Hash Batches": 1,
                    "Original Hash Batches": 1,
                    "Peak Memory Usage": 584384,
                    "Plans": [
                      {
                        "Node Type": "Hash Join",
                        "Parent Relationship": "Outer",
                        "Parallel Aware": true,
                        "Join Type": "Inner",
                        "Startup Cost": 65151.12,
                        "Total Cost": 336934.61,
                        "Plan Rows": 3201815,
                        "Plan Width": 8,
                        "Actual Startup Time": 254.058,
                        "Actual Total Time": 2821.871,
                        "Actual Rows": 4955726,
                        "Actual Loops": 2,
                        "Inner Unique": true,
                        "Hash Cond": "(mi.movie_id = t.id)",
                        "Plans": [
                          {
                            "Node Type": "Seq Scan",
                            "Parent Relationship": "Outer",
                            "Parallel Aware": true,
                            "Relation Name": "movie_info",
                            "Alias": "mi",
                            "Startup Cost": 0.0,
                            "Total Cost": 248955.74,
                            "Plan Rows": 8696274,
                            "Plan Width": 4,
                            "Actual Startup Time": 0.009,
                            "Actual Total Time": 659.889,
                            "Actual Rows": 7417860,
                            "Actual Loops": 2
                          },
                          {
                            "Node Type": "Hash",
                            "Parent Relationship": "Inner",
                            "Parallel Aware": true,
                            "Startup Cost": 58306.47,
                            "Total Cost": 58306.47,
                            "Plan Rows": 547572,
                            "Plan Width": 4,
                            "Actual Startup Time": 249.163,
                            "Actual Total Time": 249.164,
                            "Actual Rows": 446260,
                            "Actual Loops": 2,
                            "Hash Buckets": 1048576,
                            "Original Hash Buckets": 1048576,
                            "Hash Batches": 1,
                            "Original Hash Batches": 1,
                            "Peak Memory Usage": 43136,
                            "Plans": [
                              {
                                "Node Type": "Seq Scan",
                                "Parent Relationship": "Outer",
                                "Parallel Aware": true,
                                "Relation Name": "title",
                                "Alias": "t",
                                "Startup Cost": 0.0,
                                "Total Cost": 58306.47,
                                "Plan Rows": 547572,
                                "Plan Width": 4,
                                "Actual Startup Time": 0.039,
                                "Actual Total Time": 151.848,
                                "Actual Rows": 446260,
                                "Actual Loops": 2,
                                "Filter": "((kind_id < 7) AND (production_year > 1919))",
                                "Rows Removed by Filter": 817896
                              }
                            ]
                          }
                        ]
                      }
                    ]
                  }
                ]
              }
            ]
          }
        ]
      }
    ]
  },
  "Planning Time": 1.125,
  "Triggers": [],
  "Execution Time": 10140.398
}