{
  "Plan": {
    "Node Type": "Aggregate",
    "Strategy": "Plain",
    "Partial Mode": "Finalize",
    "Parallel Aware": false,
    "Startup Cost": 15378.83,
    "Total Cost": 15378.84,
    "Plan Rows": 1,
    "Plan Width": 8,
    "Actual Startup Time": 30.725,
    "Actual Total Time": 34.513,
    "Actual Rows": 1,
    "Actual Loops": 1,
    "Plans": [
      {
        "Node Type": "Gather",
        "Parent Relationship": "Outer",
        "Parallel Aware": false,
        "Startup Cost": 15378.72,
        "Total Cost": 15378.83,
        "Plan Rows": 1,
        "Plan Width": 8,
        "Actual Startup Time": 30.602,
        "Actual Total Time": 34.507,
        "Actual Rows": 2,
        "Actual Loops": 1,
        "Workers Planned": 1,
        "Workers Launched": 1,
        "Single Copy": false,
        "Plans": [
          {
            "Node Type": "Aggregate",
            "Strategy": "Plain",
            "Partial Mode": "Partial",
            "Parent Relationship": "Outer",
            "Parallel Aware": false,
            "Startup Cost": 14378.72,
            "Total Cost": 14378.73,
            "Plan Rows": 1,
            "Plan Width": 8,
            "Actual Startup Time": 24.334,
            "Actual Total Time": 24.336,
            "Actual Rows": 1,
            "Actual Loops": 2,
            "Plans": [
              {
                "Node Type": "Nested Loop",
                "Parent Relationship": "Outer",
                "Parallel Aware": false,
                "Join Type": "Inner",
                "Startup Cost": 56.52,
                "Total Cost": 14368.04,
                "Plan Rows": 4272,
                "Plan Width": 0,
                "Actual Startup Time": 1.761,
                "Actual Total Time": 23.666,
                "Actual Rows": 4597,
                "Actual Loops": 2,
                "Inner Unique": false,
                "Plans": [
                  {
                    "Node Type": "Nested Loop",
                    "Parent Relationship": "Outer",
                    "Parallel Aware": false,
                    "Join Type": "Inner",
                    "Startup Cost": 56.09,
                    "Total Cost": 12955.72,
                    "Plan Rows": 731,
                    "Plan Width": 8,
                    "Actual Startup Time": 1.634,
                    "Actual Total Time": 9.453,
                    "Actual Rows": 697,
                    "Actual Loops": 2,
                    "Inner Unique": true,
                    "Plans": [
                      {
                        "Node Type": "Bitmap Heap Scan",
                        "Parent Relationship": "Outer",
                        "Parallel Aware": true,
                        "Relation Name": "movie_companies",
                        "Alias": "mc",
                        "Startup Cost": 55.66,
                        "Total Cost": 7018.38,
                        "Plan Rows": 731,
                        "Plan Width": 4,
                        "Actual Startup Time": 1.501,
                        "Actual Total Time": 3.945,
                        "Actual Rows": 697,
                        "Actual Loops": 2,
                        "Recheck Cond": "(company_id = 13114)",
                        "Rows Removed by Index Recheck": 0,
                        "Filter": "(company_type_id < 2)",
                        "Rows Removed by Filter": 520,
                        "Exact Heap Blocks": 851,
                        "Lossy Heap Blocks": 0,
                        "Plans": [
                          {
                            "Node Type": "Bitmap Index Scan",
                            "Parent Relationship": "Outer",
                            "Parallel Aware": false,
                            "Index Name": "company_id_movie_companies",
                            "Startup Cost": 0.0,
                            "Total Cost": 55.34,
                            "Plan Rows": 2522,
                            "Plan Width": 0,
                            "Actual Startup Time": 2.408,
                            "Actual Total Time": 2.408,
                            "Actual Rows": 2434,
                            "Actual Loops": 1,
                            "Index Cond": "(company_id = 13114)"
                          }
                        ]
                      },
                      {
                        "Node Type": "Index Only Scan",
                        "Parent Relationship": "Inner",
                        "Parallel Aware": false,
                        "Scan Direction": "Forward",
                        "Index Name": "title_pkey",
                        "Relation Name": "title",
                        "Alias": "t",
                        "Startup Cost": 0.43,
                        "Total Cost": 8.12,
                        "Plan Rows": 1,
                        "Plan Width": 4,
                        "Actual Startup Time": 0.007,
                        "Actual Total Time": 0.007,
                        "Actual Rows": 1,
                        "Actual Loops": 1394,
                        "Index Cond": "(id = mc.movie_id)",
                        "Rows Removed by Index Recheck": 0,
                        "Heap Fetches": 1394
                      }
                    ]
                  },
                  {
                    "Node Type": "Index Only Scan",
                    "Parent Relationship": "Inner",
                    "Parallel Aware": false,
                    "Scan Direction": "Forward",
                    "Index Name": "movie_id_movie_info",
                    "Relation Name": "movie_info",
                    "Alias": "mi",
                    "Startup Cost": 0.43,
                    "Total Cost": 1.51,
                    "Plan Rows": 42,
                    "Plan Width": 4,
                    "Actual Startup Time": 0.008,
                    "Actual Total Time": 0.019,
                    "Actual Rows": 7,
                    "Actual Loops": 1394,
                    "Index Cond": "(movie_id = t.id)",
                    "Rows Removed by Index Recheck": 0,
                    "Heap Fetches": 9194
                  }
                ]
              }
            ]
          }
        ]
      }
    ]
  },
  "Planning Time": 0.936,
  "Triggers": [],
  "Execution Time": 34.6
}