{
  "Plan": {
    "Node Type": "Aggregate",
    "Strategy": "Plain",
    "Partial Mode": "Finalize",
    "Parallel Aware": false,
    "Startup Cost": 153058.82,
    "Total Cost": 153058.83,
    "Plan Rows": 1,
    "Plan Width": 8,
    "Actual Startup Time": 864.628,
    "Actual Total Time": 882.869,
    "Actual Rows": 1,
    "Actual Loops": 1,
    "Plans": [
      {
        "Node Type": "Gather",
        "Parent Relationship": "Outer",
        "Parallel Aware": false,
        "Startup Cost": 153058.71,
        "Total Cost": 153058.82,
        "Plan Rows": 1,
        "Plan Width": 8,
        "Actual Startup Time": 858.649,
        "Actual Total Time": 882.861,
        "Actual Rows": 2,
        "Actual Loops": 1,
        "Workers Planned": 1,
        "Workers Launched": 1,
        "Single Copy": false,
        "Plans": [
          {
            "Node Type": "Aggregate",
            "Strategy": "Plain",
            "Partial Mode": "Partial",
            "Parent Relationship": "Outer",
            "Parallel Aware": false,
            "Startup Cost": 152058.71,
            "Total Cost": 152058.72,
            "Plan Rows": 1,
            "Plan Width": 8,
            "Actual Startup Time": 845.499,
            "Actual Total Time": 845.505,
            "Actual Rows": 1,
            "Actual Loops": 2,
            "Plans": [
              {
                "Node Type": "Hash Join",
                "Parent Relationship": "Outer",
                "Parallel Aware": true,
                "Join Type": "Inner",
                "Startup Cost": 140759.81,
                "Total Cost": 151725.93,
                "Plan Rows": 133111,
                "Plan Width": 0,
                "Actual Startup Time": 802.302,
                "Actual Total Time": 843.415,
                "Actual Rows": 51971,
                "Actual Loops": 2,
                "Inner Unique": false,
                "Hash Cond": "(ci.movie_id = t.id)",
                "Plans": [
                  {
                    "Node Type": "Index Scan",
                    "Parent Relationship": "Outer",
                    "Parallel Aware": true,
                    "Scan Direction": "Forward",
                    "Index Name": "role_id_cast_info",
                    "Relation Name": "cast_info",
                    "Alias": "ci",
                    "Startup Cost": 0.56,
                    "Total Cost": 9590.86,
                    "Plan Rows": 158084,
                    "Plan Width": 4,
                    "Actual Startup Time": 0.131,
                    "Actual Total Time": 21.821,
                    "Actual Rows": 64376,
                    "Actual Loops": 2,
                    "Index Cond": "(role_id > 10)",
                    "Rows Removed by Index Recheck": 0,
                    "Filter": "(person_id < 3434586)",
                    "Rows Removed by Filter": 93682
                  },
                  {
                    "Node Type": "Hash",
                    "Parent Relationship": "Inner",
                    "Parallel Aware": true,
                    "Startup Cost": 125105.65,
                    "Total Cost": 125105.65,
                    "Plan Rows": 1252288,
                    "Plan Width": 8,
                    "Actual Startup Time": 780.441,
                    "Actual Total Time": 780.445,
                    "Actual Rows": 264176,
                    "Actual Loops": 2,
                    "Hash Buckets": 4194304,
                    "Original Hash Buckets": 4194304,
                    "Hash Batches": 1,
                    "Original Hash Batches": 1,
                    "Peak Memory Usage": 53472,
                    "Plans": [
                      {
                        "Node Type": "Hash Join",
                        "Parent Relationship": "Outer",
                        "Parallel Aware": true,
                        "Join Type": "Inner",
                        "Startup Cost": 67054.81,
                        "Total Cost": 125105.65,
                        "Plan Rows": 1252288,
                        "Plan Width": 8,
                        "Actual Startup Time": 344.705,
                        "Actual Total Time": 724.262,
                        "Actual Rows": 264176,
                        "Actual Loops": 2,
                        "Inner Unique": true,
                        "Hash Cond": "(mk.movie_id = t.id)",
                        "Plans": [
                          {
                            "Node Type": "Seq Scan",
                            "Parent Relationship": "Outer",
                            "Parallel Aware": true,
                            "Relation Name": "movie_keyword",
                            "Alias": "mk",
                            "Startup Cost": 0.0,
                            "Total Cost": 51065.35,
                            "Plan Rows": 2661135,
                            "Plan Width": 4,
                            "Actual Startup Time": 0.013,
                            "Actual Total Time": 151.804,
                            "Actual Rows": 2261965,
                            "Actual Loops": 2
                          },
                          {
                            "Node Type": "Hash",
                            "Parent Relationship": "Inner",
                            "Parallel Aware": true,
                            "Startup Cost": 58306.47,
                            "Total Cost": 58306.47,
                            "Plan Rows": 699867,
                            "Plan Width": 4,
                            "Actual Startup Time": 338.657,
                            "Actual Total Time": 338.658,
                            "Actual Rows": 638340,
                            "Actual Loops": 2,
                            "Hash Buckets": 2097152,
                            "Original Hash Buckets": 2097152,
                            "Hash Batches": 1,
                            "Original Hash Batches": 1,
                            "Peak Memory Usage": 66368,
                            "Plans": [
                              {
                                "Node Type": "Seq Scan",
                                "Parent Relationship": "Outer",
                                "Parallel Aware": true,
                                "Relation Name": "title",
                                "Alias": "t",
                                "Startup Cost": 0.0,
                                "Total Cost": 58306.47,
                                "Plan Rows": 699867,
                                "Plan Width": 4,
                                "Actual Startup Time": 0.03,
                                "Actual Total Time": 166.63,
                                "Actual Rows": 638340,
                                "Actual Loops": 2,
                                "Filter": "((production_year > 1979) AND (kind_id = 7))",
                                "Rows Removed by Filter": 625816
                              }
                            ]
                          }
                        ]
                      }
                    ]
                  }
                ]
              }
            ]
          }
        ]
      }
    ]
  },
  "Planning Time": 0.984,
  "Triggers": [],
  "Execution Time": 882.96
}