[
    {
        "Bao": {
            "Bao prediction": "NaN",
            "Bao recommended hint": "(no hint)"
        }
    },
    {
        "Plan": {
            "Node Type": "Aggregate",
            "Strategy": "Plain",
            "Partial Mode": "Simple",
            "Parallel Aware": false,
            "Startup Cost": 18375.89,
            "Total Cost": 18375.9,
            "Plan Rows": 1,
            "Plan Width": 8,
            "Actual Startup Time": 9.167,
            "Actual Total Time": 9.168,
            "Actual Rows": 1,
            "Actual Loops": 1,
            "Output": [
                "count(*)"
            ],
            "Plans": [
                {
                    "Node Type": "Bitmap Heap Scan",
                    "Parent Relationship": "Outer",
                    "Parallel Aware": false,
                    "Relation Name": "movie_companies",
                    "Schema": "public",
                    "Alias": "mc",
                    "Startup Cost": 283.87,
                    "Total Cost": 18359.9,
                    "Plan Rows": 6395,
                    "Plan Width": 0,
                    "Actual Startup Time": 1.482,
                    "Actual Total Time": 8.479,
                    "Actual Rows": 12787,
                    "Actual Loops": 1,
                    "Recheck Cond": "(mc.company_id = 34)",
                    "Rows Removed by Index Recheck": 0,
                    "Filter": "(mc.company_type_id < 2)",
                    "Rows Removed by Filter": 107,
                    "Exact Heap Blocks": 3822,
                    "Lossy Heap Blocks": 0,
                    "Plans": [
                        {
                            "Node Type": "Bitmap Index Scan",
                            "Parent Relationship": "Outer",
                            "Parallel Aware": false,
                            "Index Name": "company_id_movie_companies",
                            "Startup Cost": 0.0,
                            "Total Cost": 282.28,
                            "Plan Rows": 13046,
                            "Plan Width": 0,
                            "Actual Startup Time": 0.907,
                            "Actual Total Time": 0.907,
                            "Actual Rows": 12894,
                            "Actual Loops": 1,
                            "Index Cond": "(mc.company_id = 34)"
                        }
                    ]
                }
            ]
        },
        "Planning Time": 178.388,
        "Triggers": [],
        "Execution Time": 9.21
    }
]