[
  {
    "Plan": {
      "Node Type": "Aggregate",
      "Strategy": "Plain",
      "Partial Mode": "Finalize",
      "Parallel Aware": false,
      "Startup Cost": 33087.59,
      "Total Cost": 33087.6,
      "Plan Rows": 1,
      "Plan Width": 8,
      "Actual Startup Time": 118.352,
      "Actual Total Time": 128.55,
      "Actual Rows": 1,
      "Actual Loops": 1,
      "Plans": [
        {
          "Node Type": "Gather",
          "Parent Relationship": "Outer",
          "Parallel Aware": false,
          "Startup Cost": 33087.28,
          "Total Cost": 33087.59,
          "Plan Rows": 3,
          "Plan Width": 8,
          "Actual Startup Time": 118.235,
          "Actual Total Time": 128.54,
          "Actual Rows": 4,
          "Actual Loops": 1,
          "Workers Planned": 3,
          "Workers Launched": 3,
          "Single Copy": false,
          "Plans": [
            {
              "Node Type": "Aggregate",
              "Strategy": "Plain",
              "Partial Mode": "Partial",
              "Parent Relationship": "Outer",
              "Parallel Aware": false,
              "Startup Cost": 32087.28,
              "Total Cost": 32087.29,
              "Plan Rows": 1,
              "Plan Width": 8,
              "Actual Startup Time": 112.431,
              "Actual Total Time": 112.432,
              "Actual Rows": 1,
              "Actual Loops": 4,
              "Plans": [
                {
                  "Node Type": "Seq Scan",
                  "Parent Relationship": "Outer",
                  "Parallel Aware": true,
                  "Relation Name": "movie_companies",
                  "Alias": "mc",
                  "Startup Cost": 0.0,
                  "Total Cost": 31414.82,
                  "Plan Rows": 268983,
                  "Plan Width": 0,
                  "Actual Startup Time": 0.025,
                  "Actual Total Time": 94.179,
                  "Actual Rows": 289072,
                  "Actual Loops": 4,
                  "Filter": "((company_id < 21725) AND (company_type_id < 2))",
                  "Rows Removed by Filter": 363210
                }
              ]
            }
          ]
        }
      ]
    },
    "Planning Time": 0.117,
    "Triggers": [],
    "Execution Time": 128.588
  }
]