[
  {
    "Plan": {
      "Node Type": "Aggregate",
      "Strategy": "Plain",
      "Partial Mode": "Finalize",
      "Parallel Aware": false,
      "Startup Cost": 30845.95,
      "Total Cost": 30845.96,
      "Plan Rows": 1,
      "Plan Width": 8,
      "Actual Startup Time": 89.51,
      "Actual Total Time": 95.274,
      "Actual Rows": 1,
      "Actual Loops": 1,
      "Plans": [
        {
          "Node Type": "Gather",
          "Parent Relationship": "Outer",
          "Parallel Aware": false,
          "Startup Cost": 30845.63,
          "Total Cost": 30845.94,
          "Plan Rows": 3,
          "Plan Width": 8,
          "Actual Startup Time": 89.402,
          "Actual Total Time": 95.266,
          "Actual Rows": 4,
          "Actual Loops": 1,
          "Workers Planned": 3,
          "Workers Launched": 3,
          "Single Copy": false,
          "Plans": [
            {
              "Node Type": "Aggregate",
              "Strategy": "Plain",
              "Partial Mode": "Partial",
              "Parent Relationship": "Outer",
              "Parallel Aware": false,
              "Startup Cost": 29845.63,
              "Total Cost": 29845.64,
              "Plan Rows": 1,
              "Plan Width": 8,
              "Actual Startup Time": 83.981,
              "Actual Total Time": 83.984,
              "Actual Rows": 1,
              "Actual Loops": 4,
              "Plans": [
                {
                  "Node Type": "Seq Scan",
                  "Parent Relationship": "Outer",
                  "Parallel Aware": true,
                  "Relation Name": "movie_companies",
                  "Alias": "mc",
                  "Startup Cost": 0.0,
                  "Total Cost": 29310.68,
                  "Plan Rows": 213980,
                  "Plan Width": 0,
                  "Actual Startup Time": 28.083,
                  "Actual Total Time": 75.567,
                  "Actual Rows": 164236,
                  "Actual Loops": 4,
                  "Filter": "(company_id > 53233)",
                  "Rows Removed by Filter": 488046
                }
              ]
            }
          ]
        }
      ]
    },
    "Planning Time": 0.198,
    "Triggers": [],
    "Execution Time": 95.327
  }
]