[
  {
    "Plan": {
      "Node Type": "Aggregate",
      "Strategy": "Plain",
      "Partial Mode": "Finalize",
      "Parallel Aware": false,
      "Startup Cost": 45369.25,
      "Total Cost": 45369.26,
      "Plan Rows": 1,
      "Plan Width": 8,
      "Actual Startup Time": 153.634,
      "Actual Total Time": 162.691,
      "Actual Rows": 1,
      "Actual Loops": 1,
      "Plans": [
        {
          "Node Type": "Gather",
          "Parent Relationship": "Outer",
          "Parallel Aware": false,
          "Startup Cost": 45368.93,
          "Total Cost": 45369.24,
          "Plan Rows": 3,
          "Plan Width": 8,
          "Actual Startup Time": 153.525,
          "Actual Total Time": 162.681,
          "Actual Rows": 4,
          "Actual Loops": 1,
          "Workers Planned": 3,
          "Workers Launched": 3,
          "Single Copy": false,
          "Plans": [
            {
              "Node Type": "Aggregate",
              "Strategy": "Plain",
              "Partial Mode": "Partial",
              "Parent Relationship": "Outer",
              "Parallel Aware": false,
              "Startup Cost": 44368.93,
              "Total Cost": 44368.94,
              "Plan Rows": 1,
              "Plan Width": 8,
              "Actual Startup Time": 146.264,
              "Actual Total Time": 146.265,
              "Actual Rows": 1,
              "Actual Loops": 4,
              "Plans": [
                {
                  "Node Type": "Seq Scan",
                  "Parent Relationship": "Outer",
                  "Parallel Aware": true,
                  "Relation Name": "movie_keyword",
                  "Alias": "mk",
                  "Startup Cost": 0.0,
                  "Total Cost": 42695.65,
                  "Plan Rows": 669312,
                  "Plan Width": 0,
                  "Actual Startup Time": 0.065,
                  "Actual Total Time": 119.578,
                  "Actual Rows": 520086,
                  "Actual Loops": 4,
                  "Filter": "(keyword_id < 3681)",
                  "Rows Removed by Filter": 610896
                }
              ]
            }
          ]
        }
      ]
    },
    "Planning Time": 0.142,
    "Triggers": [],
    "Execution Time": 162.729
  }
]