[
  {
    "Plan": {
      "Node Type": "Aggregate",
      "Strategy": "Plain",
      "Partial Mode": "Finalize",
      "Parallel Aware": false,
      "Startup Cost": 30806.59,
      "Total Cost": 30806.6,
      "Plan Rows": 1,
      "Plan Width": 8,
      "Actual Startup Time": 73.826,
      "Actual Total Time": 78.504,
      "Actual Rows": 1,
      "Actual Loops": 1,
      "Plans": [
        {
          "Node Type": "Gather",
          "Parent Relationship": "Outer",
          "Parallel Aware": false,
          "Startup Cost": 30806.17,
          "Total Cost": 30806.58,
          "Plan Rows": 4,
          "Plan Width": 8,
          "Actual Startup Time": 73.784,
          "Actual Total Time": 78.498,
          "Actual Rows": 5,
          "Actual Loops": 1,
          "Workers Planned": 4,
          "Workers Launched": 4,
          "Single Copy": false,
          "Plans": [
            {
              "Node Type": "Aggregate",
              "Strategy": "Plain",
              "Partial Mode": "Partial",
              "Parent Relationship": "Outer",
              "Parallel Aware": false,
              "Startup Cost": 29806.17,
              "Total Cost": 29806.18,
              "Plan Rows": 1,
              "Plan Width": 8,
              "Actual Startup Time": 64.457,
              "Actual Total Time": 64.458,
              "Actual Rows": 1,
              "Actual Loops": 5,
              "Plans": [
                {
                  "Node Type": "Index Scan",
                  "Parent Relationship": "Outer",
                  "Parallel Aware": true,
                  "Scan Direction": "Forward",
                  "Index Name": "role_id_cast_info",
                  "Relation Name": "cast_info",
                  "Alias": "ci",
                  "Startup Cost": 0.56,
                  "Total Cost": 29567.14,
                  "Plan Rows": 95610,
                  "Plan Width": 0,
                  "Actual Startup Time": 0.231,
                  "Actual Total Time": 54.853,
                  "Actual Rows": 169300,
                  "Actual Loops": 5,
                  "Index Cond": "(role_id = 9)",
                  "Rows Removed by Index Recheck": 0,
                  "Filter": "(person_id > 2372643)",
                  "Rows Removed by Filter": 49412
                }
              ]
            }
          ]
        }
      ]
    },
    "Planning Time": 0.167,
    "Triggers": [],
    "Execution Time": 78.548
  }
]