{
  "Plan": {
    "Node Type": "Aggregate",
    "Strategy": "Plain",
    "Partial Mode": "Finalize",
    "Parallel Aware": false,
    "Startup Cost": 175522.58,
    "Total Cost": 175522.59,
    "Plan Rows": 1,
    "Plan Width": 8,
    "Actual Startup Time": 783.203,
    "Actual Total Time": 815.089,
    "Actual Rows": 1,
    "Actual Loops": 1,
    "Plans": [
      {
        "Node Type": "Gather",
        "Parent Relationship": "Outer",
        "Parallel Aware": false,
        "Startup Cost": 175522.47,
        "Total Cost": 175522.58,
        "Plan Rows": 1,
        "Plan Width": 8,
        "Actual Startup Time": 782.727,
        "Actual Total Time": 815.082,
        "Actual Rows": 2,
        "Actual Loops": 1,
        "Workers Planned": 1,
        "Workers Launched": 1,
        "Single Copy": false,
        "Plans": [
          {
            "Node Type": "Aggregate",
            "Strategy": "Plain",
            "Partial Mode": "Partial",
            "Parent Relationship": "Outer",
            "Parallel Aware": false,
            "Startup Cost": 174522.47,
            "Total Cost": 174522.48,
            "Plan Rows": 1,
            "Plan Width": 8,
            "Actual Startup Time": 777.913,
            "Actual Total Time": 777.918,
            "Actual Rows": 1,
            "Actual Loops": 2,
            "Plans": [
              {
                "Node Type": "Nested Loop",
                "Parent Relationship": "Outer",
                "Parallel Aware": false,
                "Join Type": "Inner",
                "Startup Cost": 56610.89,
                "Total Cost": 174146.95,
                "Plan Rows": 150206,
                "Plan Width": 0,
                "Actual Startup Time": 145.534,
                "Actual Total Time": 734.622,
                "Actual Rows": 1030591,
                "Actual Loops": 2,
                "Inner Unique": false,
                "Join Filter": "(t.id = mi.movie_id)",
                "Rows Removed by Join Filter": 0,
                "Plans": [
                  {
                    "Node Type": "Hash Join",
                    "Parent Relationship": "Outer",
                    "Parallel Aware": true,
                    "Join Type": "Inner",
                    "Startup Cost": 56610.45,
                    "Total Cost": 116816.07,
                    "Plan Rows": 25688,
                    "Plan Width": 8,
                    "Actual Startup Time": 145.465,
                    "Actual Total Time": 372.609,
                    "Actual Rows": 17688,
                    "Actual Loops": 2,
                    "Inner Unique": true,
                    "Hash Cond": "(mk.movie_id = t.id)",
                    "Plans": [
                      {
                        "Node Type": "Seq Scan",
                        "Parent Relationship": "Outer",
                        "Parallel Aware": true,
                        "Relation Name": "movie_keyword",
                        "Alias": "mk",
                        "Startup Cost": 0.0,
                        "Total Cost": 57718.19,
                        "Plan Rows": 947592,
                        "Plan Width": 4,
                        "Actual Startup Time": 0.798,
                        "Actual Total Time": 160.43,
                        "Actual Rows": 807874,
                        "Actual Loops": 2,
                        "Filter": "(keyword_id > 9347)",
                        "Rows Removed by Filter": 1454091
                      },
                      {
                        "Node Type": "Hash",
                        "Parent Relationship": "Inner",
                        "Parallel Aware": true,
                        "Startup Cost": 56106.48,
                        "Total Cost": 56106.48,
                        "Plan Rows": 40318,
                        "Plan Width": 4,
                        "Actual Startup Time": 142.531,
                        "Actual Total Time": 142.533,
                        "Actual Rows": 34716,
                        "Actual Loops": 2,
                        "Hash Buckets": 131072,
                        "Original Hash Buckets": 131072,
                        "Hash Batches": 1,
                        "Original Hash Batches": 1,
                        "Peak Memory Usage": 3776,
                        "Plans": [
                          {
                            "Node Type": "Bitmap Heap Scan",
                            "Parent Relationship": "Outer",
                            "Parallel Aware": true,
                            "Relation Name": "title",
                            "Alias": "t",
                            "Startup Cost": 13456.09,
                            "Total Cost": 56106.48,
                            "Plan Rows": 40318,
                            "Plan Width": 4,
                            "Actual Startup Time": 49.83,
                            "Actual Total Time": 134.356,
                            "Actual Rows": 34716,
                            "Actual Loops": 2,
                            "Recheck Cond": "(kind_id < 3)",
                            "Rows Removed by Index Recheck": 0,
                            "Filter": "(production_year > 2011)",
                            "Rows Removed by Filter": 342123,
                            "Exact Heap Blocks": 27690,
                            "Lossy Heap Blocks": 0,
                            "Plans": [
                              {
                                "Node Type": "Bitmap Index Scan",
                                "Parent Relationship": "Outer",
                                "Parallel Aware": false,
                                "Index Name": "kind_id_title",
                                "Startup Cost": 0.0,
                                "Total Cost": 13438.96,
                                "Plan Rows": 753937,
                                "Plan Width": 0,
                                "Actual Startup Time": 46.44,
                                "Actual Total Time": 46.44,
                                "Actual Rows": 753677,
                                "Actual Loops": 1,
                                "Index Cond": "(kind_id < 3)"
                              }
                            ]
                          }
                        ]
                      }
                    ]
                  },
                  {
                    "Node Type": "Index Only Scan",
                    "Parent Relationship": "Inner",
                    "Parallel Aware": false,
                    "Scan Direction": "Forward",
                    "Index Name": "movie_id_movie_info",
                    "Relation Name": "movie_info",
                    "Alias": "mi",
                    "Startup Cost": 0.43,
                    "Total Cost": 1.71,
                    "Plan Rows": 42,
                    "Plan Width": 4,
                    "Actual Startup Time": 0.004,
                    "Actual Total Time": 0.016,
                    "Actual Rows": 58,
                    "Actual Loops": 35376,
                    "Index Cond": "(movie_id = mk.movie_id)",
                    "Rows Removed by Index Recheck": 0,
                    "Heap Fetches": 2061182
                  }
                ]
              }
            ]
          }
        ]
      }
    ]
  },
  "Planning Time": 0.771,
  "Triggers": [],
  "Execution Time": 815.177
}