{
  "Plan": {
    "Node Type": "Aggregate",
    "Strategy": "Plain",
    "Partial Mode": "Finalize",
    "Parallel Aware": false,
    "Startup Cost": 644257.73,
    "Total Cost": 644257.74,
    "Plan Rows": 1,
    "Plan Width": 8,
    "Actual Startup Time": 2094.188,
    "Actual Total Time": 2162.813,
    "Actual Rows": 1,
    "Actual Loops": 1,
    "Plans": [
      {
        "Node Type": "Gather",
        "Parent Relationship": "Outer",
        "Parallel Aware": false,
        "Startup Cost": 644257.61,
        "Total Cost": 644257.72,
        "Plan Rows": 1,
        "Plan Width": 8,
        "Actual Startup Time": 2092.979,
        "Actual Total Time": 2162.802,
        "Actual Rows": 2,
        "Actual Loops": 1,
        "Workers Planned": 1,
        "Workers Launched": 1,
        "Single Copy": false,
        "Plans": [
          {
            "Node Type": "Aggregate",
            "Strategy": "Plain",
            "Partial Mode": "Partial",
            "Parent Relationship": "Outer",
            "Parallel Aware": false,
            "Startup Cost": 643257.61,
            "Total Cost": 643257.62,
            "Plan Rows": 1,
            "Plan Width": 8,
            "Actual Startup Time": 2087.234,
            "Actual Total Time": 2087.238,
            "Actual Rows": 1,
            "Actual Loops": 2,
            "Plans": [
              {
                "Node Type": "Hash Join",
                "Parent Relationship": "Outer",
                "Parallel Aware": true,
                "Join Type": "Inner",
                "Startup Cost": 57729.25,
                "Total Cost": 641430.48,
                "Plan Rows": 730852,
                "Plan Width": 0,
                "Actual Startup Time": 796.31,
                "Actual Total Time": 2077.576,
                "Actual Rows": 225786,
                "Actual Loops": 2,
                "Inner Unique": true,
                "Hash Cond": "(ci.movie_id = t.id)",
                "Plans": [
                  {
                    "Node Type": "Seq Scan",
                    "Parent Relationship": "Outer",
                    "Parallel Aware": true,
                    "Relation Name": "cast_info",
                    "Alias": "ci",
                    "Startup Cost": 0.0,
                    "Total Cost": 572345.93,
                    "Plan Rows": 4325821,
                    "Plan Width": 4,
                    "Actual Startup Time": 534.688,
                    "Actual Total Time": 1511.896,
                    "Actual Rows": 1569406,
                    "Actual Loops": 2,
                    "Filter": "((person_id < 1101996) AND (role_id > 1))",
                    "Rows Removed by Filter": 16552766
                  },
                  {
                    "Node Type": "Hash",
                    "Parent Relationship": "Inner",
                    "Parallel Aware": true,
                    "Startup Cost": 54588.39,
                    "Total Cost": 54588.39,
                    "Plan Rows": 251269,
                    "Plan Width": 4,
                    "Actual Startup Time": 203.656,
                    "Actual Total Time": 203.657,
                    "Actual Rows": 218758,
                    "Actual Loops": 2,
                    "Hash Buckets": 524288,
                    "Original Hash Buckets": 524288,
                    "Hash Batches": 1,
                    "Original Hash Batches": 1,
                    "Peak Memory Usage": 21248,
                    "Plans": [
                      {
                        "Node Type": "Seq Scan",
                        "Parent Relationship": "Outer",
                        "Parallel Aware": true,
                        "Relation Name": "title",
                        "Alias": "t",
                        "Startup Cost": 0.0,
                        "Total Cost": 54588.39,
                        "Plan Rows": 251269,
                        "Plan Width": 4,
                        "Actual Startup Time": 0.042,
                        "Actual Total Time": 152.082,
                        "Actual Rows": 218758,
                        "Actual Loops": 2,
                        "Filter": "(production_year < 1975)",
                        "Rows Removed by Filter": 1045398
                      }
                    ]
                  }
                ]
              }
            ]
          }
        ]
      }
    ]
  },
  "Planning Time": 0.639,
  "Triggers": [],
  "Execution Time": 2162.903
}