{
    "Plan": {
        "Node Type": "Aggregate",
        "Strategy": "Plain",
        "Partial Mode": "Finalize",
        "Parallel Aware": false,
        "Startup Cost": 92640.42,
        "Total Cost": 92640.43,
        "Plan Rows": 1,
        "Plan Width": 8,
        "Actual Startup Time": 381.862,
        "Actual Total Time": 406.398,
        "Actual Rows": 1,
        "Actual Loops": 1,
        "Output": [
            "count(*)"
        ],
        "Plans": [
            {
                "Node Type": "Gather",
                "Parent Relationship": "Outer",
                "Parallel Aware": false,
                "Startup Cost": 92640.1,
                "Total Cost": 92640.41,
                "Plan Rows": 3,
                "Plan Width": 8,
                "Actual Startup Time": 379.597,
                "Actual Total Time": 406.389,
                "Actual Rows": 4,
                "Actual Loops": 1,
                "Output": [
                    "(PARTIAL count(*))"
                ],
                "Workers Planned": 3,
                "Workers Launched": 3,
                "Single Copy": false,
                "Plans": [
                    {
                        "Node Type": "Aggregate",
                        "Strategy": "Plain",
                        "Partial Mode": "Partial",
                        "Parent Relationship": "Outer",
                        "Parallel Aware": false,
                        "Startup Cost": 91640.1,
                        "Total Cost": 91640.11,
                        "Plan Rows": 1,
                        "Plan Width": 8,
                        "Actual Startup Time": 370.78,
                        "Actual Total Time": 370.784,
                        "Actual Rows": 1,
                        "Actual Loops": 4,
                        "Output": [
                            "PARTIAL count(*)"
                        ],
                        "Workers": [
                            {
                                "Worker Number": 0,
                                "Actual Startup Time": 368.242,
                                "Actual Total Time": 368.244,
                                "Actual Rows": 1,
                                "Actual Loops": 1
                            },
                            {
                                "Worker Number": 1,
                                "Actual Startup Time": 367.727,
                                "Actual Total Time": 367.731,
                                "Actual Rows": 1,
                                "Actual Loops": 1
                            },
                            {
                                "Worker Number": 2,
                                "Actual Startup Time": 368.253,
                                "Actual Total Time": 368.257,
                                "Actual Rows": 1,
                                "Actual Loops": 1
                            }
                        ],
                        "Plans": [
                            {
                                "Node Type": "Hash Join",
                                "Parent Relationship": "Outer",
                                "Parallel Aware": true,
                                "Join Type": "Inner",
                                "Startup Cost": 46675.11,
                                "Total Cost": 91354.19,
                                "Plan Rows": 114366,
                                "Plan Width": 0,
                                "Actual Startup Time": 176.242,
                                "Actual Total Time": 356.935,
                                "Actual Rows": 285774,
                                "Actual Loops": 4,
                                "Inner Unique": true,
                                "Hash Cond": "(mk.movie_id = t.id)",
                                "Workers": [
                                    {
                                        "Worker Number": 0,
                                        "Actual Startup Time": 173.488,
                                        "Actual Total Time": 354.362,
                                        "Actual Rows": 212562,
                                        "Actual Loops": 1
                                    },
                                    {
                                        "Worker Number": 1,
                                        "Actual Startup Time": 173.272,
                                        "Actual Total Time": 355.359,
                                        "Actual Rows": 306813,
                                        "Actual Loops": 1
                                    },
                                    {
                                        "Worker Number": 2,
                                        "Actual Startup Time": 173.785,
                                        "Actual Total Time": 354.946,
                                        "Actual Rows": 243618,
                                        "Actual Loops": 1
                                    }
                                ],
                                "Plans": [
                                    {
                                        "Node Type": "Seq Scan",
                                        "Parent Relationship": "Outer",
                                        "Parallel Aware": true,
                                        "Relation Name": "movie_keyword",
                                        "Schema": "public",
                                        "Alias": "mk",
                                        "Startup Cost": 0.0,
                                        "Total Cost": 42695.65,
                                        "Plan Rows": 755592,
                                        "Plan Width": 4,
                                        "Actual Startup Time": 0.212,
                                        "Actual Total Time": 130.216,
                                        "Actual Rows": 585569,
                                        "Actual Loops": 4,
                                        "Output": [
                                            "mk.id",
                                            "mk.movie_id",
                                            "mk.keyword_id"
                                        ],
                                        "Filter": "(mk.keyword_id > 4310)",
                                        "Rows Removed by Filter": 545414,
                                        "Workers": [
                                            {
                                                "Worker Number": 0,
                                                "Actual Startup Time": 0.219,
                                                "Actual Total Time": 134.727,
                                                "Actual Rows": 428776,
                                                "Actual Loops": 1
                                            },
                                            {
                                                "Worker Number": 1,
                                                "Actual Startup Time": 0.196,
                                                "Actual Total Time": 133.632,
                                                "Actual Rows": 609887,
                                                "Actual Loops": 1
                                            },
                                            {
                                                "Worker Number": 2,
                                                "Actual Startup Time": 0.198,
                                                "Actual Total Time": 132.675,
                                                "Actual Rows": 518672,
                                                "Actual Loops": 1
                                            }
                                        ]
                                    },
                                    {
                                        "Node Type": "Hash",
                                        "Parent Relationship": "Inner",
                                        "Parallel Aware": true,
                                        "Startup Cost": 45479.21,
                                        "Total Cost": 45479.21,
                                        "Plan Rows": 95672,
                                        "Plan Width": 4,
                                        "Actual Startup Time": 137.794,
                                        "Actual Total Time": 137.795,
                                        "Actual Rows": 110007,
                                        "Actual Loops": 4,
                                        "Output": [
                                            "t.id"
                                        ],
                                        "Hash Buckets": 524288,
                                        "Original Hash Buckets": 524288,
                                        "Hash Batches": 1,
                                        "Original Hash Batches": 1,
                                        "Peak Memory Usage": 21408,
                                        "Workers": [
                                            {
                                                "Worker Number": 0,
                                                "Actual Startup Time": 137.57,
                                                "Actual Total Time": 137.571,
                                                "Actual Rows": 81882,
                                                "Actual Loops": 1
                                            },
                                            {
                                                "Worker Number": 1,
                                                "Actual Startup Time": 137.362,
                                                "Actual Total Time": 137.363,
                                                "Actual Rows": 103208,
                                                "Actual Loops": 1
                                            },
                                            {
                                                "Worker Number": 2,
                                                "Actual Startup Time": 137.943,
                                                "Actual Total Time": 137.944,
                                                "Actual Rows": 119031,
                                                "Actual Loops": 1
                                            }
                                        ],
                                        "Plans": [
                                            {
                                                "Node Type": "Seq Scan",
                                                "Parent Relationship": "Outer",
                                                "Parallel Aware": true,
                                                "Relation Name": "title",
                                                "Schema": "public",
                                                "Alias": "t",
                                                "Startup Cost": 0.0,
                                                "Total Cost": 45479.21,
                                                "Plan Rows": 95672,
                                                "Plan Width": 4,
                                                "Actual Startup Time": 63.123,
                                                "Actual Total Time": 106.195,
                                                "Actual Rows": 110007,
                                                "Actual Loops": 4,
                                                "Output": [
                                                    "t.id"
                                                ],
                                                "Filter": "((t.production_year < 2006) AND (t.kind_id = 1))",
                                                "Rows Removed by Filter": 522071,
                                                "Workers": [
                                                    {
                                                        "Worker Number": 0,
                                                        "Actual Startup Time": 62.815,
                                                        "Actual Total Time": 108.282,
                                                        "Actual Rows": 81882,
                                                        "Actual Loops": 1
                                                    },
                                                    {
                                                        "Worker Number": 1,
                                                        "Actual Startup Time": 62.808,
                                                        "Actual Total Time": 104.849,
                                                        "Actual Rows": 103208,
                                                        "Actual Loops": 1
                                                    },
                                                    {
                                                        "Worker Number": 2,
                                                        "Actual Startup Time": 63.245,
                                                        "Actual Total Time": 107.079,
                                                        "Actual Rows": 119031,
                                                        "Actual Loops": 1
                                                    }
                                                ]
                                            }
                                        ]
                                    }
                                ]
                            }
                        ]
                    }
                ]
            }
        ]
    },
    "Planning Time": 0.697,
    "Triggers": [],
    "Execution Time": 406.468
}