[
  {
    "Plan": {
      "Node Type": "Aggregate",
      "Strategy": "Plain",
      "Partial Mode": "Finalize",
      "Parallel Aware": false,
      "Startup Cost": 46351.82,
      "Total Cost": 46351.83,
      "Plan Rows": 1,
      "Plan Width": 8,
      "Actual Startup Time": 172.584,
      "Actual Total Time": 182.566,
      "Actual Rows": 1,
      "Actual Loops": 1,
      "Plans": [
        {
          "Node Type": "Gather",
          "Parent Relationship": "Outer",
          "Parallel Aware": false,
          "Startup Cost": 46351.5,
          "Total Cost": 46351.81,
          "Plan Rows": 3,
          "Plan Width": 8,
          "Actual Startup Time": 172.411,
          "Actual Total Time": 182.558,
          "Actual Rows": 4,
          "Actual Loops": 1,
          "Workers Planned": 3,
          "Workers Launched": 3,
          "Single Copy": false,
          "Plans": [
            {
              "Node Type": "Aggregate",
              "Strategy": "Plain",
              "Partial Mode": "Partial",
              "Parent Relationship": "Outer",
              "Parallel Aware": false,
              "Startup Cost": 45351.5,
              "Total Cost": 45351.51,
              "Plan Rows": 1,
              "Plan Width": 8,
              "Actual Startup Time": 165.883,
              "Actual Total Time": 165.884,
              "Actual Rows": 1,
              "Actual Loops": 4,
              "Plans": [
                {
                  "Node Type": "Seq Scan",
                  "Parent Relationship": "Outer",
                  "Parallel Aware": true,
                  "Relation Name": "movie_keyword",
                  "Alias": "mk",
                  "Startup Cost": 0.0,
                  "Total Cost": 42695.65,
                  "Plan Rows": 1062340,
                  "Plan Width": 0,
                  "Actual Startup Time": 0.114,
                  "Actual Total Time": 126.312,
                  "Actual Rows": 822401,
                  "Actual Loops": 4,
                  "Filter": "(keyword_id > 1559)",
                  "Rows Removed by Filter": 308581
                }
              ]
            }
          ]
        }
      ]
    },
    "Planning Time": 0.071,
    "Triggers": [],
    "Execution Time": 182.595
  }
]