[
  {
    "Plan": {
      "Node Type": "Aggregate",
      "Strategy": "Plain",
      "Partial Mode": "Finalize",
      "Parallel Aware": false,
      "Startup Cost": 87082.95,
      "Total Cost": 87082.96,
      "Plan Rows": 1,
      "Plan Width": 8,
      "Actual Startup Time": 141.128,
      "Actual Total Time": 164.898,
      "Actual Rows": 1,
      "Actual Loops": 1,
      "Plans": [
        {
          "Node Type": "Gather",
          "Parent Relationship": "Outer",
          "Parallel Aware": false,
          "Startup Cost": 87082.53,
          "Total Cost": 87082.94,
          "Plan Rows": 4,
          "Plan Width": 8,
          "Actual Startup Time": 141.04,
          "Actual Total Time": 164.887,
          "Actual Rows": 5,
          "Actual Loops": 1,
          "Workers Planned": 4,
          "Workers Launched": 4,
          "Single Copy": false,
          "Plans": [
            {
              "Node Type": "Aggregate",
              "Strategy": "Plain",
              "Partial Mode": "Partial",
              "Parent Relationship": "Outer",
              "Parallel Aware": false,
              "Startup Cost": 86082.53,
              "Total Cost": 86082.54,
              "Plan Rows": 1,
              "Plan Width": 8,
              "Actual Startup Time": 131.263,
              "Actual Total Time": 131.264,
              "Actual Rows": 1,
              "Actual Loops": 5,
              "Plans": [
                {
                  "Node Type": "Nested Loop",
                  "Parent Relationship": "Outer",
                  "Parallel Aware": false,
                  "Join Type": "Inner",
                  "Startup Cost": 0.56,
                  "Total Cost": 86079.24,
                  "Plan Rows": 1317,
                  "Plan Width": 0,
                  "Actual Startup Time": 11.347,
                  "Actual Total Time": 130.944,
                  "Actual Rows": 2676,
                  "Actual Loops": 5,
                  "Inner Unique": false,
                  "Plans": [
                    {
                      "Node Type": "Seq Scan",
                      "Parent Relationship": "Outer",
                      "Parallel Aware": true,
                      "Relation Name": "title",
                      "Alias": "t",
                      "Startup Cost": 0.0,
                      "Total Cost": 45479.1,
                      "Plan Rows": 286,
                      "Plan Width": 4,
                      "Actual Startup Time": 6.318,
                      "Actual Total Time": 83.553,
                      "Actual Rows": 676,
                      "Actual Loops": 5,
                      "Filter": "((kind_id < 7) AND (production_year > 2013))",
                      "Rows Removed by Filter": 504987
                    },
                    {
                      "Node Type": "Index Scan",
                      "Parent Relationship": "Inner",
                      "Parallel Aware": false,
                      "Scan Direction": "Forward",
                      "Index Name": "movie_id_cast_info",
                      "Relation Name": "cast_info",
                      "Alias": "ci",
                      "Startup Cost": 0.56,
                      "Total Cost": 141.84,
                      "Plan Rows": 12,
                      "Plan Width": 4,
                      "Actual Startup Time": 0.021,
                      "Actual Total Time": 0.069,
                      "Actual Rows": 4,
                      "Actual Loops": 3378,
                      "Index Cond": "(movie_id = t.id)",
                      "Rows Removed by Index Recheck": 0,
                      "Filter": "(person_id < 1144275)",
                      "Rows Removed by Filter": 8
                    }
                  ]
                }
              ]
            }
          ]
        }
      ]
    },
    "Planning Time": 0.697,
    "Triggers": [],
    "Execution Time": 164.988
  }
]