[
  {
    "Plan": {
      "Node Type": "Aggregate",
      "Strategy": "Plain",
      "Partial Mode": "Finalize",
      "Parallel Aware": false,
      "Startup Cost": 267201.12,
      "Total Cost": 267201.13,
      "Plan Rows": 1,
      "Plan Width": 8,
      "Actual Startup Time": 93.312,
      "Actual Total Time": 99.248,
      "Actual Rows": 1,
      "Actual Loops": 1,
      "Plans": [
        {
          "Node Type": "Gather",
          "Parent Relationship": "Outer",
          "Parallel Aware": false,
          "Startup Cost": 267200.49,
          "Total Cost": 267201.1,
          "Plan Rows": 6,
          "Plan Width": 8,
          "Actual Startup Time": 92.97,
          "Actual Total Time": 99.233,
          "Actual Rows": 7,
          "Actual Loops": 1,
          "Workers Planned": 6,
          "Workers Launched": 6,
          "Single Copy": false,
          "Plans": [
            {
              "Node Type": "Aggregate",
              "Strategy": "Plain",
              "Partial Mode": "Partial",
              "Parent Relationship": "Outer",
              "Parallel Aware": false,
              "Startup Cost": 266200.49,
              "Total Cost": 266200.5,
              "Plan Rows": 1,
              "Plan Width": 8,
              "Actual Startup Time": 81.946,
              "Actual Total Time": 81.948,
              "Actual Rows": 1,
              "Actual Loops": 7,
              "Plans": [
                {
                  "Node Type": "Bitmap Heap Scan",
                  "Parent Relationship": "Outer",
                  "Parallel Aware": true,
                  "Relation Name": "cast_info",
                  "Alias": "ci",
                  "Startup Cost": 10915.52,
                  "Total Cost": 265994.53,
                  "Plan Rows": 82386,
                  "Plan Width": 0,
                  "Actual Startup Time": 39.945,
                  "Actual Total Time": 74.286,
                  "Actual Rows": 73639,
                  "Actual Loops": 7,
                  "Recheck Cond": "(person_id < 57115)",
                  "Rows Removed by Index Recheck": 0,
                  "Exact Heap Blocks": 1685,
                  "Lossy Heap Blocks": 0,
                  "Plans": [
                    {
                      "Node Type": "Bitmap Index Scan",
                      "Parent Relationship": "Outer",
                      "Parallel Aware": false,
                      "Index Name": "person_id_cast_info",
                      "Startup Cost": 0.0,
                      "Total Cost": 10791.94,
                      "Plan Rows": 494317,
                      "Plan Width": 0,
                      "Actual Startup Time": 48.397,
                      "Actual Total Time": 48.398,
                      "Actual Rows": 515474,
                      "Actual Loops": 1,
                      "Index Cond": "(person_id < 57115)"
                    }
                  ]
                }
              ]
            }
          ]
        }
      ]
    },
    "Planning Time": 0.21,
    "Triggers": [],
    "Execution Time": 99.338
  }
]