{
  "Plan": {
    "Node Type": "Aggregate",
    "Strategy": "Plain",
    "Partial Mode": "Finalize",
    "Parallel Aware": false,
    "Startup Cost": 129058.89,
    "Total Cost": 129058.9,
    "Plan Rows": 1,
    "Plan Width": 8,
    "Actual Startup Time": 612.188,
    "Actual Total Time": 627.394,
    "Actual Rows": 1,
    "Actual Loops": 1,
    "Plans": [
      {
        "Node Type": "Gather",
        "Parent Relationship": "Outer",
        "Parallel Aware": false,
        "Startup Cost": 129058.78,
        "Total Cost": 129058.89,
        "Plan Rows": 1,
        "Plan Width": 8,
        "Actual Startup Time": 609.175,
        "Actual Total Time": 627.387,
        "Actual Rows": 2,
        "Actual Loops": 1,
        "Workers Planned": 1,
        "Workers Launched": 1,
        "Single Copy": false,
        "Plans": [
          {
            "Node Type": "Aggregate",
            "Strategy": "Plain",
            "Partial Mode": "Partial",
            "Parent Relationship": "Outer",
            "Parallel Aware": false,
            "Startup Cost": 128058.78,
            "Total Cost": 128058.79,
            "Plan Rows": 1,
            "Plan Width": 8,
            "Actual Startup Time": 600.364,
            "Actual Total Time": 600.37,
            "Actual Rows": 1,
            "Actual Loops": 2,
            "Plans": [
              {
                "Node Type": "Hash Join",
                "Parent Relationship": "Outer",
                "Parallel Aware": true,
                "Join Type": "Inner",
                "Startup Cost": 107394.26,
                "Total Cost": 127897.47,
                "Plan Rows": 64525,
                "Plan Width": 0,
                "Actual Startup Time": 517.475,
                "Actual Total Time": 598.746,
                "Actual Rows": 38095,
                "Actual Loops": 2,
                "Inner Unique": false,
                "Hash Cond": "(mi_idx.movie_id = t.id)",
                "Plans": [
                  {
                    "Node Type": "Seq Scan",
                    "Parent Relationship": "Outer",
                    "Parallel Aware": true,
                    "Relation Name": "movie_info_idx",
                    "Alias": "mi_idx",
                    "Startup Cost": 0.0,
                    "Total Cost": 18082.32,
                    "Plan Rows": 544356,
                    "Plan Width": 4,
                    "Actual Startup Time": 0.024,
                    "Actual Total Time": 54.315,
                    "Actual Rows": 460055,
                    "Actual Loops": 2,
                    "Filter": "(info_type_id > 99)",
                    "Rows Removed by Filter": 229962
                  },
                  {
                    "Node Type": "Hash",
                    "Parent Relationship": "Inner",
                    "Parallel Aware": true,
                    "Startup Cost": 105190.65,
                    "Total Cost": 105190.65,
                    "Plan Rows": 176289,
                    "Plan Width": 8,
                    "Actual Startup Time": 502.044,
                    "Actual Total Time": 502.049,
                    "Actual Rows": 29104,
                    "Actual Loops": 2,
                    "Hash Buckets": 524288,
                    "Original Hash Buckets": 524288,
                    "Hash Batches": 1,
                    "Original Hash Batches": 1,
                    "Peak Memory Usage": 6400,
                    "Plans": [
                      {
                        "Node Type": "Hash Join",
                        "Parent Relationship": "Outer",
                        "Parallel Aware": true,
                        "Join Type": "Inner",
                        "Startup Cost": 76350.21,
                        "Total Cost": 105190.65,
                        "Plan Rows": 176289,
                        "Plan Width": 8,
                        "Actual Startup Time": 386.713,
                        "Actual Total Time": 495.137,
                        "Actual Rows": 29104,
                        "Actual Loops": 2,
                        "Inner Unique": true,
                        "Hash Cond": "(mk.movie_id = t.id)",
                        "Plans": [
                          {
                            "Node Type": "Bitmap Heap Scan",
                            "Parent Relationship": "Outer",
                            "Parallel Aware": true,
                            "Relation Name": "movie_keyword",
                            "Alias": "mk",
                            "Startup Cost": 10461.35,
                            "Total Cost": 38540.5,
                            "Plan Rows": 290012,
                            "Plan Width": 4,
                            "Actual Startup Time": 31.91,
                            "Actual Total Time": 92.099,
                            "Actual Rows": 239960,
                            "Actual Loops": 2,
                            "Recheck Cond": "(keyword_id > 37279)",
                            "Rows Removed by Index Recheck": 0,
                            "Exact Heap Blocks": 12040,
                            "Lossy Heap Blocks": 0,
                            "Plans": [
                              {
                                "Node Type": "Bitmap Index Scan",
                                "Parent Relationship": "Outer",
                                "Parallel Aware": false,
                                "Index Name": "keyword_id_movie_keyword",
                                "Startup Cost": 0.0,
                                "Total Cost": 10338.09,
                                "Plan Rows": 493021,
                                "Plan Width": 0,
                                "Actual Startup Time": 28.533,
                                "Actual Total Time": 28.534,
                                "Actual Rows": 479920,
                                "Actual Loops": 1,
                                "Index Cond": "(keyword_id > 37279)"
                              }
                            ]
                          },
                          {
                            "Node Type": "Hash",
                            "Parent Relationship": "Inner",
                            "Parallel Aware": true,
                            "Startup Cost": 54588.39,
                            "Total Cost": 54588.39,
                            "Plan Rows": 904038,
                            "Plan Width": 4,
                            "Actual Startup Time": 346.263,
                            "Actual Total Time": 346.264,
                            "Actual Rows": 771632,
                            "Actual Loops": 2,
                            "Hash Buckets": 2097152,
                            "Original Hash Buckets": 2097152,
                            "Hash Batches": 1,
                            "Original Hash Batches": 1,
                            "Peak Memory Usage": 76800,
                            "Plans": [
                              {
                                "Node Type": "Seq Scan",
                                "Parent Relationship": "Outer",
                                "Parallel Aware": true,
                                "Relation Name": "title",
                                "Alias": "t",
                                "Startup Cost": 0.0,
                                "Total Cost": 54588.39,
                                "Plan Rows": 904038,
                                "Plan Width": 4,
                                "Actual Startup Time": 0.027,
                                "Actual Total Time": 152.968,
                                "Actual Rows": 771632,
                                "Actual Loops": 2,
                                "Filter": "(kind_id = 7)",
                                "Rows Removed by Filter": 492524
                              }
                            ]
                          }
                        ]
                      }
                    ]
                  }
                ]
              }
            ]
          }
        ]
      }
    ]
  },
  "Planning Time": 0.561,
  "Triggers": [],
  "Execution Time": 627.463
}