[
  {
    "Plan": {
      "Node Type": "Aggregate",
      "Strategy": "Plain",
      "Partial Mode": "Finalize",
      "Parallel Aware": false,
      "Startup Cost": 186308.91,
      "Total Cost": 186308.92,
      "Plan Rows": 1,
      "Plan Width": 8,
      "Actual Startup Time": 936.481,
      "Actual Total Time": 979.123,
      "Actual Rows": 1,
      "Actual Loops": 1,
      "Plans": [
        {
          "Node Type": "Gather",
          "Parent Relationship": "Outer",
          "Parallel Aware": false,
          "Startup Cost": 186308.59,
          "Total Cost": 186308.9,
          "Plan Rows": 3,
          "Plan Width": 8,
          "Actual Startup Time": 935.927,
          "Actual Total Time": 979.111,
          "Actual Rows": 4,
          "Actual Loops": 1,
          "Workers Planned": 3,
          "Workers Launched": 3,
          "Single Copy": false,
          "Plans": [
            {
              "Node Type": "Aggregate",
              "Strategy": "Plain",
              "Partial Mode": "Partial",
              "Parent Relationship": "Outer",
              "Parallel Aware": false,
              "Startup Cost": 185308.59,
              "Total Cost": 185308.6,
              "Plan Rows": 1,
              "Plan Width": 8,
              "Actual Startup Time": 927.162,
              "Actual Total Time": 927.166,
              "Actual Rows": 1,
              "Actual Loops": 4,
              "Plans": [
                {
                  "Node Type": "Nested Loop",
                  "Parent Relationship": "Outer",
                  "Parallel Aware": false,
                  "Join Type": "Inner",
                  "Startup Cost": 45843.98,
                  "Total Cost": 185136.16,
                  "Plan Rows": 68975,
                  "Plan Width": 0,
                  "Actual Startup Time": 111.171,
                  "Actual Total Time": 902.632,
                  "Actual Rows": 520874,
                  "Actual Loops": 4,
                  "Inner Unique": false,
                  "Join Filter": "(t.id = mi.movie_id)",
                  "Rows Removed by Join Filter": 0,
                  "Plans": [
                    {
                      "Node Type": "Hash Join",
                      "Parent Relationship": "Outer",
                      "Parallel Aware": true,
                      "Join Type": "Inner",
                      "Startup Cost": 45843.55,
                      "Total Cost": 91866.79,
                      "Plan Rows": 58474,
                      "Plan Width": 8,
                      "Actual Startup Time": 111.055,
                      "Actual Total Time": 307.106,
                      "Actual Rows": 37080,
                      "Actual Loops": 4,
                      "Inner Unique": true,
                      "Hash Cond": "(mk.movie_id = t.id)",
                      "Plans": [
                        {
                          "Node Type": "Seq Scan",
                          "Parent Relationship": "Outer",
                          "Parallel Aware": true,
                          "Relation Name": "movie_keyword",
                          "Alias": "mk",
                          "Startup Cost": 0.0,
                          "Total Cost": 42695.65,
                          "Plan Rows": 1267647,
                          "Plan Width": 4,
                          "Actual Startup Time": 0.026,
                          "Actual Total Time": 113.055,
                          "Actual Rows": 985560,
                          "Actual Loops": 4,
                          "Filter": "(keyword_id < 31523)",
                          "Rows Removed by Filter": 145422
                        },
                        {
                          "Node Type": "Hash",
                          "Parent Relationship": "Inner",
                          "Parallel Aware": true,
                          "Startup Cost": 45479.1,
                          "Total Cost": 45479.1,
                          "Plan Rows": 29156,
                          "Plan Width": 4,
                          "Actual Startup Time": 109.572,
                          "Actual Total Time": 109.573,
                          "Actual Rows": 28049,
                          "Actual Loops": 4,
                          "Hash Buckets": 131072,
                          "Original Hash Buckets": 131072,
                          "Hash Batches": 1,
                          "Original Hash Batches": 1,
                          "Peak Memory Usage": 5472,
                          "Plans": [
                            {
                              "Node Type": "Seq Scan",
                              "Parent Relationship": "Outer",
                              "Parallel Aware": true,
                              "Relation Name": "title",
                              "Alias": "t",
                              "Startup Cost": 0.0,
                              "Total Cost": 45479.1,
                              "Plan Rows": 29156,
                              "Plan Width": 4,
                              "Actual Startup Time": 0.086,
                              "Actual Total Time": 99.176,
                              "Actual Rows": 28049,
                              "Actual Loops": 4,
                              "Filter": "((kind_id < 3) AND (production_year > 2010))",
                              "Rows Removed by Filter": 604029
                            }
                          ]
                        }
                      ]
                    },
                    {
                      "Node Type": "Index Scan",
                      "Parent Relationship": "Inner",
                      "Parallel Aware": false,
                      "Scan Direction": "Forward",
                      "Index Name": "movie_id_movie_info",
                      "Relation Name": "movie_info",
                      "Alias": "mi",
                      "Startup Cost": 0.43,
                      "Total Cost": 1.5,
                      "Plan Rows": 8,
                      "Plan Width": 4,
                      "Actual Startup Time": 0.006,
                      "Actual Total Time": 0.015,
                      "Actual Rows": 14,
                      "Actual Loops": 148321,
                      "Index Cond": "(movie_id = mk.movie_id)",
                      "Rows Removed by Index Recheck": 0,
                      "Filter": "(info_type_id = 16)",
                      "Rows Removed by Filter": 48
                    }
                  ]
                }
              ]
            }
          ]
        }
      ]
    },
    "Planning Time": 1.487,
    "Triggers": [],
    "Execution Time": 979.231
  }
]