[
  {
    "Plan": {
      "Node Type": "Aggregate",
      "Strategy": "Plain",
      "Partial Mode": "Finalize",
      "Parallel Aware": false,
      "Startup Cost": 43883.5,
      "Total Cost": 43883.51,
      "Plan Rows": 1,
      "Plan Width": 8,
      "Actual Startup Time": 135.917,
      "Actual Total Time": 145.434,
      "Actual Rows": 1,
      "Actual Loops": 1,
      "Plans": [
        {
          "Node Type": "Gather",
          "Parent Relationship": "Outer",
          "Parallel Aware": false,
          "Startup Cost": 43883.18,
          "Total Cost": 43883.49,
          "Plan Rows": 3,
          "Plan Width": 8,
          "Actual Startup Time": 135.597,
          "Actual Total Time": 145.425,
          "Actual Rows": 4,
          "Actual Loops": 1,
          "Workers Planned": 3,
          "Workers Launched": 3,
          "Single Copy": false,
          "Plans": [
            {
              "Node Type": "Aggregate",
              "Strategy": "Plain",
              "Partial Mode": "Partial",
              "Parent Relationship": "Outer",
              "Parallel Aware": false,
              "Startup Cost": 42883.18,
              "Total Cost": 42883.19,
              "Plan Rows": 1,
              "Plan Width": 8,
              "Actual Startup Time": 129.834,
              "Actual Total Time": 129.835,
              "Actual Rows": 1,
              "Actual Loops": 4,
              "Plans": [
                {
                  "Node Type": "Bitmap Heap Scan",
                  "Parent Relationship": "Outer",
                  "Parallel Aware": true,
                  "Relation Name": "movie_keyword",
                  "Alias": "mk",
                  "Startup Cost": 15006.47,
                  "Total Cost": 42312.73,
                  "Plan Rows": 228181,
                  "Plan Width": 0,
                  "Actual Startup Time": 43.171,
                  "Actual Total Time": 120.394,
                  "Actual Rows": 174524,
                  "Actual Loops": 4,
                  "Recheck Cond": "(keyword_id > 27017)",
                  "Rows Removed by Index Recheck": 0,
                  "Exact Heap Blocks": 10055,
                  "Lossy Heap Blocks": 0,
                  "Plans": [
                    {
                      "Node Type": "Bitmap Index Scan",
                      "Parent Relationship": "Outer",
                      "Parallel Aware": false,
                      "Index Name": "keyword_id_movie_keyword",
                      "Startup Cost": 0.0,
                      "Total Cost": 14829.63,
                      "Plan Rows": 707360,
                      "Plan Width": 0,
                      "Actual Startup Time": 44.906,
                      "Actual Total Time": 44.906,
                      "Actual Rows": 698097,
                      "Actual Loops": 1,
                      "Index Cond": "(keyword_id > 27017)"
                    }
                  ]
                }
              ]
            }
          ]
        }
      ]
    },
    "Planning Time": 0.116,
    "Triggers": [],
    "Execution Time": 145.492
  }
]