{
  "Plan": {
    "Node Type": "Aggregate",
    "Strategy": "Plain",
    "Partial Mode": "Finalize",
    "Parallel Aware": false,
    "Startup Cost": 369846.83,
    "Total Cost": 369846.84,
    "Plan Rows": 1,
    "Plan Width": 8,
    "Actual Startup Time": 1176.344,
    "Actual Total Time": 1193.027,
    "Actual Rows": 1,
    "Actual Loops": 1,
    "Plans": [
      {
        "Node Type": "Gather",
        "Parent Relationship": "Outer",
        "Parallel Aware": false,
        "Startup Cost": 369846.72,
        "Total Cost": 369846.83,
        "Plan Rows": 1,
        "Plan Width": 8,
        "Actual Startup Time": 1176.336,
        "Actual Total Time": 1193.021,
        "Actual Rows": 2,
        "Actual Loops": 1,
        "Workers Planned": 1,
        "Workers Launched": 1,
        "Single Copy": false,
        "Plans": [
          {
            "Node Type": "Aggregate",
            "Strategy": "Plain",
            "Partial Mode": "Partial",
            "Parent Relationship": "Outer",
            "Parallel Aware": false,
            "Startup Cost": 368846.72,
            "Total Cost": 368846.73,
            "Plan Rows": 1,
            "Plan Width": 8,
            "Actual Startup Time": 1161.024,
            "Actual Total Time": 1161.03,
            "Actual Rows": 1,
            "Actual Loops": 2,
            "Plans": [
              {
                "Node Type": "Merge Join",
                "Parent Relationship": "Outer",
                "Parallel Aware": false,
                "Join Type": "Inner",
                "Startup Cost": 356712.73,
                "Total Cost": 368192.18,
                "Plan Rows": 261817,
                "Plan Width": 0,
                "Actual Startup Time": 1121.257,
                "Actual Total Time": 1158.399,
                "Actual Rows": 65906,
                "Actual Loops": 2,
                "Inner Unique": false,
                "Merge Cond": "(t.id = mc.movie_id)",
                "Plans": [
                  {
                    "Node Type": "Sort",
                    "Parent Relationship": "Outer",
                    "Parallel Aware": false,
                    "Startup Cost": 180003.99,
                    "Total Cost": 181340.51,
                    "Plan Rows": 534608,
                    "Plan Width": 8,
                    "Actual Startup Time": 646.612,
                    "Actual Total Time": 650.767,
                    "Actual Rows": 120552,
                    "Actual Loops": 2,
                    "Sort Key": [
                      "mk.movie_id"
                    ],
                    "Sort Method": "quicksort",
                    "Sort Space Used": 8775,
                    "Sort Space Type": "Memory",
                    "Workers": [
                      {
                        "Worker Number": 0,
                        "Sort Method": "quicksort",
                        "Sort Space Used": 8672,
                        "Sort Space Type": "Memory"
                      }
                    ],
                    "Plans": [
                      {
                        "Node Type": "Hash Join",
                        "Parent Relationship": "Outer",
                        "Parallel Aware": true,
                        "Join Type": "Inner",
                        "Startup Cost": 68978.22,
                        "Total Cost": 129141.06,
                        "Plan Rows": 534608,
                        "Plan Width": 8,
                        "Actual Startup Time": 358.652,
                        "Actual Total Time": 623.311,
                        "Actual Rows": 120552,
                        "Actual Loops": 2,
                        "Inner Unique": true,
                        "Hash Cond": "(mk.movie_id = t.id)",
                        "Plans": [
                          {
                            "Node Type": "Seq Scan",
                            "Parent Relationship": "Outer",
                            "Parallel Aware": true,
                            "Relation Name": "movie_keyword",
                            "Alias": "mk",
                            "Startup Cost": 0.0,
                            "Total Cost": 57718.19,
                            "Plan Rows": 931296,
                            "Plan Width": 4,
                            "Actual Startup Time": 0.868,
                            "Actual Total Time": 164.602,
                            "Actual Rows": 795189,
                            "Actual Loops": 2,
                            "Filter": "(keyword_id > 9732)",
                            "Rows Removed by Filter": 1466776
                          },
                          {
                            "Node Type": "Hash",
                            "Parent Relationship": "Inner",
                            "Parallel Aware": true,
                            "Startup Cost": 58306.47,
                            "Total Cost": 58306.47,
                            "Plan Rows": 853740,
                            "Plan Width": 4,
                            "Actual Startup Time": 343.207,
                            "Actual Total Time": 343.209,
                            "Actual Rows": 719092,
                            "Actual Loops": 2,
                            "Hash Buckets": 2097152,
                            "Original Hash Buckets": 2097152,
                            "Hash Batches": 1,
                            "Original Hash Batches": 1,
                            "Peak Memory Usage": 72672,
                            "Plans": [
                              {
                                "Node Type": "Seq Scan",
                                "Parent Relationship": "Outer",
                                "Parallel Aware": true,
                                "Relation Name": "title",
                                "Alias": "t",
                                "Startup Cost": 0.0,
                                "Total Cost": 58306.47,
                                "Plan Rows": 853740,
                                "Plan Width": 4,
                                "Actual Startup Time": 0.029,
                                "Actual Total Time": 165.799,
                                "Actual Rows": 719092,
                                "Actual Loops": 2,
                                "Filter": "((production_year < 2013) AND (kind_id = 7))",
                                "Rows Removed by Filter": 545064
                              }
                            ]
                          }
                        ]
                      }
                    ]
                  },
                  {
                    "Node Type": "Sort",
                    "Parent Relationship": "Inner",
                    "Parallel Aware": false,
                    "Startup Cost": 176708.69,
                    "Total Cost": 179804.18,
                    "Plan Rows": 1238199,
                    "Plan Width": 4,
                    "Actual Startup Time": 474.088,
                    "Actual Total Time": 483.9,
                    "Actual Rows": 294081,
                    "Actual Loops": 2,
                    "Sort Key": [
                      "mc.movie_id"
                    ],
                    "Sort Method": "quicksort",
                    "Sort Space Used": 107395,
                    "Sort Space Type": "Memory",
                    "Workers": [
                      {
                        "Worker Number": 0,
                        "Sort Method": "quicksort",
                        "Sort Space Used": 107395,
                        "Sort Space Type": "Memory"
                      }
                    ],
                    "Plans": [
                      {
                        "Node Type": "Seq Scan",
                        "Parent Relationship": "Outer",
                        "Parallel Aware": false,
                        "Relation Name": "movie_companies",
                        "Alias": "mc",
                        "Startup Cost": 0.0,
                        "Total Cost": 51404.11,
                        "Plan Rows": 1238199,
                        "Plan Width": 4,
                        "Actual Startup Time": 24.368,
                        "Actual Total Time": 215.792,
                        "Actual Rows": 1242511,
                        "Actual Loops": 2,
                        "Filter": "(company_id > 11757)",
                        "Rows Removed by Filter": 1366618
                      }
                    ]
                  }
                ]
              }
            ]
          }
        ]
      }
    ]
  },
  "Planning Time": 0.911,
  "Triggers": [],
  "Execution Time": 1200.097
}