[
  {
    "Plan": {
      "Node Type": "Aggregate",
      "Strategy": "Plain",
      "Partial Mode": "Finalize",
      "Parallel Aware": false,
      "Startup Cost": 119512.23,
      "Total Cost": 119512.24,
      "Plan Rows": 1,
      "Plan Width": 8,
      "Actual Startup Time": 214.249,
      "Actual Total Time": 236.781,
      "Actual Rows": 1,
      "Actual Loops": 1,
      "Plans": [
        {
          "Node Type": "Gather",
          "Parent Relationship": "Outer",
          "Parallel Aware": false,
          "Startup Cost": 119511.71,
          "Total Cost": 119512.22,
          "Plan Rows": 5,
          "Plan Width": 8,
          "Actual Startup Time": 214.061,
          "Actual Total Time": 236.773,
          "Actual Rows": 6,
          "Actual Loops": 1,
          "Workers Planned": 5,
          "Workers Launched": 5,
          "Single Copy": false,
          "Plans": [
            {
              "Node Type": "Aggregate",
              "Strategy": "Plain",
              "Partial Mode": "Partial",
              "Parent Relationship": "Outer",
              "Parallel Aware": false,
              "Startup Cost": 118511.71,
              "Total Cost": 118511.72,
              "Plan Rows": 1,
              "Plan Width": 8,
              "Actual Startup Time": 208.966,
              "Actual Total Time": 208.969,
              "Actual Rows": 1,
              "Actual Loops": 6,
              "Plans": [
                {
                  "Node Type": "Hash Join",
                  "Parent Relationship": "Outer",
                  "Parallel Aware": true,
                  "Join Type": "Inner",
                  "Startup Cost": 45524.75,
                  "Total Cost": 118504.17,
                  "Plan Rows": 3017,
                  "Plan Width": 0,
                  "Actual Startup Time": 76.625,
                  "Actual Total Time": 208.787,
                  "Actual Rows": 1908,
                  "Actual Loops": 6,
                  "Inner Unique": true,
                  "Hash Cond": "(ci.movie_id = t.id)",
                  "Plans": [
                    {
                      "Node Type": "Index Scan",
                      "Parent Relationship": "Outer",
                      "Parallel Aware": true,
                      "Scan Direction": "Forward",
                      "Index Name": "role_id_cast_info",
                      "Relation Name": "cast_info",
                      "Alias": "ci",
                      "Startup Cost": 0.56,
                      "Total Cost": 71576.68,
                      "Plan Rows": 534592,
                      "Plan Width": 4,
                      "Actual Startup Time": 0.202,
                      "Actual Total Time": 86.458,
                      "Actual Rows": 454824,
                      "Actual Loops": 6,
                      "Index Cond": "(role_id = 4)",
                      "Rows Removed by Index Recheck": 0
                    },
                    {
                      "Node Type": "Hash",
                      "Parent Relationship": "Inner",
                      "Parallel Aware": true,
                      "Startup Cost": 45479.59,
                      "Total Cost": 45479.59,
                      "Plan Rows": 3568,
                      "Plan Width": 4,
                      "Actual Startup Time": 75.432,
                      "Actual Total Time": 75.433,
                      "Actual Rows": 1972,
                      "Actual Loops": 6,
                      "Hash Buckets": 16384,
                      "Original Hash Buckets": 16384,
                      "Hash Batches": 1,
                      "Original Hash Batches": 1,
                      "Peak Memory Usage": 736,
                      "Plans": [
                        {
                          "Node Type": "Seq Scan",
                          "Parent Relationship": "Outer",
                          "Parallel Aware": true,
                          "Relation Name": "title",
                          "Alias": "t",
                          "Startup Cost": 0.0,
                          "Total Cost": 45479.59,
                          "Plan Rows": 3568,
                          "Plan Width": 4,
                          "Actual Startup Time": 0.269,
                          "Actual Total Time": 74.409,
                          "Actual Rows": 1972,
                          "Actual Loops": 6,
                          "Filter": "((kind_id < 7) AND (production_year = 1995))",
                          "Rows Removed by Filter": 419413
                        }
                      ]
                    }
                  ]
                }
              ]
            }
          ]
        }
      ]
    },
    "Planning Time": 0.644,
    "Triggers": [],
    "Execution Time": 236.859
  }
]