[
  {
    "Plan": {
      "Node Type": "Aggregate",
      "Strategy": "Plain",
      "Partial Mode": "Finalize",
      "Parallel Aware": false,
      "Startup Cost": 612375.95,
      "Total Cost": 612375.96,
      "Plan Rows": 1,
      "Plan Width": 8,
      "Actual Startup Time": 3178.928,
      "Actual Total Time": 3257.603,
      "Actual Rows": 1,
      "Actual Loops": 1,
      "Plans": [
        {
          "Node Type": "Gather",
          "Parent Relationship": "Outer",
          "Parallel Aware": false,
          "Startup Cost": 612375.42,
          "Total Cost": 612375.93,
          "Plan Rows": 5,
          "Plan Width": 8,
          "Actual Startup Time": 3169.977,
          "Actual Total Time": 3257.592,
          "Actual Rows": 6,
          "Actual Loops": 1,
          "Workers Planned": 5,
          "Workers Launched": 5,
          "Single Copy": false,
          "Plans": [
            {
              "Node Type": "Aggregate",
              "Strategy": "Plain",
              "Partial Mode": "Partial",
              "Parent Relationship": "Outer",
              "Parallel Aware": false,
              "Startup Cost": 611375.42,
              "Total Cost": 611375.43,
              "Plan Rows": 1,
              "Plan Width": 8,
              "Actual Startup Time": 3160.468,
              "Actual Total Time": 3160.512,
              "Actual Rows": 1,
              "Actual Loops": 6,
              "Plans": [
                {
                  "Node Type": "Hash Join",
                  "Parent Relationship": "Outer",
                  "Parallel Aware": true,
                  "Join Type": "Inner",
                  "Startup Cost": 400964.04,
                  "Total Cost": 606820.45,
                  "Plan Rows": 1821988,
                  "Plan Width": 0,
                  "Actual Startup Time": 1545.955,
                  "Actual Total Time": 2977.353,
                  "Actual Rows": 4371798,
                  "Actual Loops": 6,
                  "Inner Unique": false,
                  "Hash Cond": "(mi.movie_id = t.id)",
                  "Plans": [
                    {
                      "Node Type": "Seq Scan",
                      "Parent Relationship": "Outer",
                      "Parallel Aware": true,
                      "Relation Name": "movie_info",
                      "Alias": "mi",
                      "Startup Cost": 0.0,
                      "Total Cost": 191685.19,
                      "Plan Rows": 2969219,
                      "Plan Width": 4,
                      "Actual Startup Time": 0.021,
                      "Actual Total Time": 293.128,
                      "Actual Rows": 2472620,
                      "Actual Loops": 6
                    },
                    {
                      "Node Type": "Hash",
                      "Parent Relationship": "Inner",
                      "Parallel Aware": true,
                      "Startup Cost": 397731.74,
                      "Total Cost": 397731.74,
                      "Plan Rows": 258584,
                      "Plan Width": 8,
                      "Actual Startup Time": 1539.844,
                      "Actual Total Time": 1539.887,
                      "Actual Rows": 258184,
                      "Actual Loops": 6,
                      "Hash Buckets": 2097152,
                      "Original Hash Buckets": 2097152,
                      "Hash Batches": 1,
                      "Original Hash Batches": 1,
                      "Peak Memory Usage": 77088,
                      "Plans": [
                        {
                          "Node Type": "Hash Join",
                          "Parent Relationship": "Outer",
                          "Parallel Aware": true,
                          "Join Type": "Inner",
                          "Startup Cost": 46126.64,
                          "Total Cost": 397731.74,
                          "Plan Rows": 258584,
                          "Plan Width": 8,
                          "Actual Startup Time": 94.583,
                          "Actual Total Time": 1428.508,
                          "Actual Rows": 258184,
                          "Actual Loops": 6,
                          "Inner Unique": true,
                          "Hash Cond": "(ci.movie_id = t.id)",
                          "Plans": [
                            {
                              "Node Type": "Seq Scan",
                              "Parent Relationship": "Outer",
                              "Parallel Aware": true,
                              "Relation Name": "cast_info",
                              "Alias": "ci",
                              "Startup Cost": 0.0,
                              "Total Cost": 343316.27,
                              "Plan Rows": 3157646,
                              "Plan Width": 4,
                              "Actual Startup Time": 0.031,
                              "Actual Total Time": 805.647,
                              "Actual Rows": 3511080,
                              "Actual Loops": 6,
                              "Filter": "((person_id < 2238885) AND (role_id < 10))",
                              "Rows Removed by Filter": 2529644
                            },
                            {
                              "Node Type": "Hash",
                              "Parent Relationship": "Inner",
                              "Parallel Aware": true,
                              "Startup Cost": 45479.59,
                              "Total Cost": 45479.59,
                              "Plan Rows": 51764,
                              "Plan Width": 4,
                              "Actual Startup Time": 94.119,
                              "Actual Total Time": 94.12,
                              "Actual Rows": 30639,
                              "Actual Loops": 6,
                              "Hash Buckets": 262144,
                              "Original Hash Buckets": 262144,
                              "Hash Batches": 1,
                              "Original Hash Batches": 1,
                              "Peak Memory Usage": 9312,
                              "Plans": [
                                {
                                  "Node Type": "Seq Scan",
                                  "Parent Relationship": "Outer",
                                  "Parallel Aware": true,
                                  "Relation Name": "title",
                                  "Alias": "t",
                                  "Startup Cost": 0.0,
                                  "Total Cost": 45479.59,
                                  "Plan Rows": 51764,
                                  "Plan Width": 4,
                                  "Actual Startup Time": 0.075,
                                  "Actual Total Time": 79.26,
                                  "Actual Rows": 30639,
                                  "Actual Loops": 6,
                                  "Filter": "((kind_id < 7) AND (production_year > 2009))",
                                  "Rows Removed by Filter": 390746
                                }
                              ]
                            }
                          ]
                        }
                      ]
                    }
                  ]
                }
              ]
            }
          ]
        }
      ]
    },
    "Planning Time": 0.46,
    "Triggers": [],
    "Execution Time": 3257.665
  }
]